<?xml version="1.0" encoding="UTF-8"?>
<testsuite xmlns:xsi="http://www.w3.org/2001/XMLSchema-instance" xsi:noNamespaceSchemaLocation="https://maven.apache.org/surefire/maven-surefire-plugin/xsd/surefire-test-report.xsd" name="org.apache.hadoop.ozone.client.rpc.TestDeleteWithSlowFollower" time="152.792" tests="1" errors="0" skipped="0" failures="1">
  <properties>
    <property name="awt.toolkit" value="sun.awt.X11.XToolkit"/>
    <property name="file.encoding.pkg" value="sun.io"/>
    <property name="java.specification.version" value="1.8"/>
    <property name="sun.cpu.isalist" value=""/>
    <property name="sun.jnu.encoding" value="ANSI_X3.4-1968"/>
    <property name="java.class.path" value="/workdir/hadoop-ozone/integration-test/target/test-classes:/workdir/hadoop-ozone/integration-test/target/classes:/home/user/.m2/repository/org/apache/hadoop/hadoop-ozone-common/0.5.0-SNAPSHOT/hadoop-ozone-common-0.5.0-SNAPSHOT.jar:/home/user/.m2/repository/org/apache/commons/commons-compress/1.4.1/commons-compress-1.4.1.jar:/home/user/.m2/repository/org/tukaani/xz/1.0/xz-1.0.jar:/home/user/.m2/repository/org/apache/hadoop/hadoop-common/3.2.0/hadoop-common-3.2.0.jar:/home/user/.m2/repository/org/apache/hadoop/hadoop-hdfs/3.2.0/hadoop-hdfs-3.2.0.jar:/home/user/.m2/repository/org/apache/hadoop/hadoop-hdfs-client/3.2.0/hadoop-hdfs-client-3.2.0.jar:/home/user/.m2/repository/com/fasterxml/jackson/core/jackson-annotations/2.9.9/jackson-annotations-2.9.9.jar:/home/user/.m2/repository/org/apache/hadoop/hadoop-hdds-common/0.5.0-SNAPSHOT/hadoop-hdds-common-0.5.0-SNAPSHOT.jar:/home/user/.m2/repository/javax/annotation/javax.annotation-api/1.2/javax.annotation-api-1.2.jar:/home/user/.m2/repository/org/apache/ratis/ratis-server/0.5.0-3f446aa-SNAPSHOT/ratis-server-0.5.0-3f446aa-SNAPSHOT.jar:/home/user/.m2/repository/org/apache/ratis/ratis-thirdparty-misc/0.2.0/ratis-thirdparty-misc-0.2.0.jar:/home/user/.m2/repository/org/apache/ratis/ratis-proto/0.5.0-3f446aa-SNAPSHOT/ratis-proto-0.5.0-3f446aa-SNAPSHOT.jar:/home/user/.m2/repository/org/apache/ratis/ratis-common/0.5.0-3f446aa-SNAPSHOT/ratis-common-0.5.0-3f446aa-SNAPSHOT.jar:/home/user/.m2/repository/org/apache/ratis/ratis-client/0.5.0-3f446aa-SNAPSHOT/ratis-client-0.5.0-3f446aa-SNAPSHOT.jar:/home/user/.m2/repository/org/apache/ratis/ratis-metrics/0.5.0-3f446aa-SNAPSHOT/ratis-metrics-0.5.0-3f446aa-SNAPSHOT.jar:/home/user/.m2/repository/com/github/joshelser/dropwizard-metrics-hadoop-metrics2-reporter/0.1.2/dropwizard-metrics-hadoop-metrics2-reporter-0.1.2.jar:/home/user/.m2/repository/io/dropwizard/metrics/metrics-jvm/3.2.5/metrics-jvm-3.2.5.jar:/home/user/.m2/repository/io/dropwizard/metrics/metrics-ganglia/3.2.5/metrics-ganglia-3.2.5.jar:/home/user/.m2/repository/info/ganglia/gmetric4j/gmetric4j/1.0.7/gmetric4j-1.0.7.jar:/home/user/.m2/repository/org/apache/ratis/ratis-netty/0.5.0-3f446aa-SNAPSHOT/ratis-netty-0.5.0-3f446aa-SNAPSHOT.jar:/home/user/.m2/repository/org/apache/ratis/ratis-grpc/0.5.0-3f446aa-SNAPSHOT/ratis-grpc-0.5.0-3f446aa-SNAPSHOT.jar:/home/user/.m2/repository/org/rocksdb/rocksdbjni/6.0.1/rocksdbjni-6.0.1.jar:/home/user/.m2/repository/org/apache/logging/log4j/log4j-api/2.11.0/log4j-api-2.11.0.jar:/home/user/.m2/repository/org/apache/logging/log4j/log4j-core/2.11.0/log4j-core-2.11.0.jar:/home/user/.m2/repository/com/lmax/disruptor/3.4.2/disruptor-3.4.2.jar:/home/user/.m2/repository/org/apache/commons/commons-pool2/2.6.0/commons-pool2-2.6.0.jar:/home/user/.m2/repository/org/bouncycastle/bcpkix-jdk15on/1.60/bcpkix-jdk15on-1.60.jar:/home/user/.m2/repository/commons-validator/commons-validator/1.6/commons-validator-1.6.jar:/home/user/.m2/repository/commons-digester/commons-digester/1.8.1/commons-digester-1.8.1.jar:/home/user/.m2/repository/io/jaegertracing/jaeger-client/0.34.0/jaeger-client-0.34.0.jar:/home/user/.m2/repository/io/jaegertracing/jaeger-thrift/0.34.0/jaeger-thrift-0.34.0.jar:/home/user/.m2/repository/org/apache/thrift/libthrift/0.12.0/libthrift-0.12.0.jar:/home/user/.m2/repository/com/squareup/okhttp3/okhttp/3.9.0/okhttp-3.9.0.jar:/home/user/.m2/repository/com/squareup/okio/okio/1.13.0/okio-1.13.0.jar:/home/user/.m2/repository/io/jaegertracing/jaeger-core/0.34.0/jaeger-core-0.34.0.jar:/home/user/.m2/repository/io/jaegertracing/jaeger-tracerresolver/0.34.0/jaeger-tracerresolver-0.34.0.jar:/home/user/.m2/repository/io/opentracing/contrib/opentracing-tracerresolver/0.1.5/opentracing-tracerresolver-0.1.5.jar:/home/user/.m2/repository/io/opentracing/opentracing-util/0.31.0/opentracing-util-0.31.0.jar:/home/user/.m2/repository/io/opentracing/opentracing-api/0.31.0/opentracing-api-0.31.0.jar:/home/user/.m2/repository/io/opentracing/opentracing-noop/0.31.0/opentracing-noop-0.31.0.jar:/home/user/.m2/repository/org/apache/hadoop/hadoop-hdds-server-framework/0.5.0-SNAPSHOT/hadoop-hdds-server-framework-0.5.0-SNAPSHOT.jar:/home/user/.m2/repository/org/apache/hadoop/hadoop-hdds-container-service/0.5.0-SNAPSHOT/hadoop-hdds-container-service-0.5.0-SNAPSHOT.jar:/home/user/.m2/repository/org/apache/hadoop/hadoop-hdds-client/0.5.0-SNAPSHOT/hadoop-hdds-client-0.5.0-SNAPSHOT.jar:/home/user/.m2/repository/org/apache/hadoop/hadoop-hdds-tools/0.5.0-SNAPSHOT/hadoop-hdds-tools-0.5.0-SNAPSHOT.jar:/home/user/.m2/repository/org/apache/hadoop/hadoop-hdds-server-scm/0.5.0-SNAPSHOT/hadoop-hdds-server-scm-0.5.0-SNAPSHOT.jar:/home/user/.m2/repository/org/apache/hadoop/hadoop-hdds-docs/0.5.0-SNAPSHOT/hadoop-hdds-docs-0.5.0-SNAPSHOT.jar:/home/user/.m2/repository/io/dropwizard/metrics/metrics-core/3.2.4/metrics-core-3.2.4.jar:/home/user/.m2/repository/org/hamcrest/hamcrest-all/1.3/hamcrest-all-1.3.jar:/home/user/.m2/repository/org/bouncycastle/bcprov-jdk15on/1.60/bcprov-jdk15on-1.60.jar:/home/user/.m2/repository/info/picocli/picocli/3.9.6/picocli-3.9.6.jar:/home/user/.m2/repository/com/google/protobuf/protobuf-java/2.5.0/protobuf-java-2.5.0.jar:/home/user/.m2/repository/com/google/guava/guava/11.0.2/guava-11.0.2.jar:/home/user/.m2/repository/org/apache/hadoop/hadoop-ozone-ozone-manager/0.5.0-SNAPSHOT/hadoop-ozone-ozone-manager-0.5.0-SNAPSHOT.jar:/home/user/.m2/repository/org/apache/hadoop/hadoop-minikdc/3.2.0/hadoop-minikdc-3.2.0.jar:/home/user/.m2/repository/commons-io/commons-io/2.5/commons-io-2.5.jar:/home/user/.m2/repository/org/apache/kerby/kerb-simplekdc/1.0.1/kerb-simplekdc-1.0.1.jar:/home/user/.m2/repository/org/apache/kerby/kerb-client/1.0.1/kerb-client-1.0.1.jar:/home/user/.m2/repository/org/apache/kerby/kerby-config/1.0.1/kerby-config-1.0.1.jar:/home/user/.m2/repository/org/apache/kerby/kerb-core/1.0.1/kerb-core-1.0.1.jar:/home/user/.m2/repository/org/apache/kerby/kerby-pkix/1.0.1/kerby-pkix-1.0.1.jar:/home/user/.m2/repository/org/apache/kerby/kerby-asn1/1.0.1/kerby-asn1-1.0.1.jar:/home/user/.m2/repository/org/apache/kerby/kerby-util/1.0.1/kerby-util-1.0.1.jar:/home/user/.m2/repository/org/apache/kerby/kerb-common/1.0.1/kerb-common-1.0.1.jar:/home/user/.m2/repository/org/apache/kerby/kerb-crypto/1.0.1/kerb-crypto-1.0.1.jar:/home/user/.m2/repository/org/apache/kerby/kerb-util/1.0.1/kerb-util-1.0.1.jar:/home/user/.m2/repository/org/apache/kerby/token-provider/1.0.1/token-provider-1.0.1.jar:/home/user/.m2/repository/org/apache/kerby/kerb-admin/1.0.1/kerb-admin-1.0.1.jar:/home/user/.m2/repository/org/apache/kerby/kerb-server/1.0.1/kerb-server-1.0.1.jar:/home/user/.m2/repository/org/apache/kerby/kerb-identity/1.0.1/kerb-identity-1.0.1.jar:/home/user/.m2/repository/org/apache/kerby/kerby-xdr/1.0.1/kerby-xdr-1.0.1.jar:/home/user/.m2/repository/org/slf4j/slf4j-log4j12/1.7.25/slf4j-log4j12-1.7.25.jar:/home/user/.m2/repository/org/apache/hadoop/hadoop-ozone-s3gateway/0.5.0-SNAPSHOT/hadoop-ozone-s3gateway-0.5.0-SNAPSHOT.jar:/home/user/.m2/repository/org/jboss/weld/servlet/weld-servlet/2.4.7.Final/weld-servlet-2.4.7.Final.jar:/home/user/.m2/repository/org/glassfish/jersey/containers/jersey-container-servlet-core/2.27/jersey-container-servlet-core-2.27.jar:/home/user/.m2/repository/org/glassfish/hk2/external/javax.inject/2.5.0-b42/javax.inject-2.5.0-b42.jar:/home/user/.m2/repository/org/glassfish/jersey/core/jersey-common/2.27/jersey-common-2.27.jar:/home/user/.m2/repository/org/glassfish/hk2/osgi-resource-locator/1.0.1/osgi-resource-locator-1.0.1.jar:/home/user/.m2/repository/javax/ws/rs/javax.ws.rs-api/2.1/javax.ws.rs-api-2.1.jar:/home/user/.m2/repository/org/glassfish/jersey/ext/cdi/jersey-cdi1x/2.27/jersey-cdi1x-2.27.jar:/home/user/.m2/repository/org/glassfish/jersey/inject/jersey-hk2/2.27/jersey-hk2-2.27.jar:/home/user/.m2/repository/org/glassfish/hk2/hk2-locator/2.5.0-b42/hk2-locator-2.5.0-b42.jar:/home/user/.m2/repository/org/javassist/javassist/3.22.0-CR2/javassist-3.22.0-CR2.jar:/home/user/.m2/repository/org/glassfish/hk2/hk2-api/2.5.0/hk2-api-2.5.0.jar:/home/user/.m2/repository/org/glassfish/hk2/external/jakarta.inject/2.5.0/jakarta.inject-2.5.0.jar:/home/user/.m2/repository/org/glassfish/hk2/hk2-utils/2.5.0/hk2-utils-2.5.0.jar:/home/user/.m2/repository/jakarta/annotation/jakarta.annotation-api/1.3.4/jakarta.annotation-api-1.3.4.jar:/home/user/.m2/repository/org/glassfish/hk2/external/aopalliance-repackaged/2.5.0/aopalliance-repackaged-2.5.0.jar:/home/user/.m2/repository/com/fasterxml/jackson/dataformat/jackson-dataformat-xml/2.9.0/jackson-dataformat-xml-2.9.0.jar:/home/user/.m2/repository/com/fasterxml/jackson/core/jackson-core/2.9.9/jackson-core-2.9.9.jar:/home/user/.m2/repository/com/fasterxml/jackson/module/jackson-module-jaxb-annotations/2.9.9/jackson-module-jaxb-annotations-2.9.9.jar:/home/user/.m2/repository/javax/enterprise/cdi-api/1.2/cdi-api-1.2.jar:/home/user/.m2/repository/javax/el/javax.el-api/3.0.0/javax.el-api-3.0.0.jar:/home/user/.m2/repository/javax/interceptor/javax.interceptor-api/1.2/javax.interceptor-api-1.2.jar:/home/user/.m2/repository/javax/inject/javax.inject/1/javax.inject-1.jar:/home/user/.m2/repository/com/sun/xml/bind/jaxb-impl/2.3.0.1/jaxb-impl-2.3.0.1.jar:/home/user/.m2/repository/com/sun/xml/bind/jaxb-core/2.3.0.1/jaxb-core-2.3.0.1.jar:/home/user/.m2/repository/javax/xml/bind/jaxb-api/2.3.0/jaxb-api-2.3.0.jar:/home/user/.m2/repository/javax/activation/activation/1.1.1/activation-1.1.1.jar:/home/user/.m2/repository/org/apache/hadoop/hadoop-ozone-csi/0.5.0-SNAPSHOT/hadoop-ozone-csi-0.5.0-SNAPSHOT.jar:/home/user/.m2/repository/com/google/protobuf/protobuf-java-util/3.5.1/protobuf-java-util-3.5.1.jar:/home/user/.m2/repository/org/apache/hadoop/hadoop-hdds-config/0.5.0-SNAPSHOT/hadoop-hdds-config-0.5.0-SNAPSHOT.jar:/home/user/.m2/repository/io/grpc/grpc-netty/1.17.1/grpc-netty-1.17.1.jar:/home/user/.m2/repository/io/grpc/grpc-core/1.17.1/grpc-core-1.17.1.jar:/home/user/.m2/repository/io/grpc/grpc-context/1.17.1/grpc-context-1.17.1.jar:/home/user/.m2/repository/com/google/errorprone/error_prone_annotations/2.2.0/error_prone_annotations-2.2.0.jar:/home/user/.m2/repository/org/codehaus/mojo/animal-sniffer-annotations/1.17/animal-sniffer-annotations-1.17.jar:/home/user/.m2/repository/io/opencensus/opencensus-api/0.17.0/opencensus-api-0.17.0.jar:/home/user/.m2/repository/io/opencensus/opencensus-contrib-grpc-metrics/0.17.0/opencensus-contrib-grpc-metrics-0.17.0.jar:/home/user/.m2/repository/io/netty/netty-codec-http2/4.1.30.Final/netty-codec-http2-4.1.30.Final.jar:/home/user/.m2/repository/io/netty/netty-codec-http/4.1.30.Final/netty-codec-http-4.1.30.Final.jar:/home/user/.m2/repository/io/netty/netty-codec/4.1.30.Final/netty-codec-4.1.30.Final.jar:/home/user/.m2/repository/io/netty/netty-handler/4.1.30.Final/netty-handler-4.1.30.Final.jar:/home/user/.m2/repository/io/netty/netty-handler-proxy/4.1.30.Final/netty-handler-proxy-4.1.30.Final.jar:/home/user/.m2/repository/io/netty/netty-codec-socks/4.1.30.Final/netty-codec-socks-4.1.30.Final.jar:/home/user/.m2/repository/io/netty/netty-transport-native-epoll/4.1.30.Final/netty-transport-native-epoll-4.1.30.Final.jar:/home/user/.m2/repository/io/netty/netty-common/4.1.30.Final/netty-common-4.1.30.Final.jar:/home/user/.m2/repository/io/netty/netty-buffer/4.1.30.Final/netty-buffer-4.1.30.Final.jar:/home/user/.m2/repository/io/netty/netty-transport/4.1.30.Final/netty-transport-4.1.30.Final.jar:/home/user/.m2/repository/io/netty/netty-resolver/4.1.30.Final/netty-resolver-4.1.30.Final.jar:/home/user/.m2/repository/io/netty/netty-transport-native-unix-common/4.1.30.Final/netty-transport-native-unix-common-4.1.30.Final.jar:/home/user/.m2/repository/io/grpc/grpc-protobuf/1.17.1/grpc-protobuf-1.17.1.jar:/home/user/.m2/repository/com/google/api/grpc/proto-google-common-protos/1.0.0/proto-google-common-protos-1.0.0.jar:/home/user/.m2/repository/io/grpc/grpc-protobuf-lite/1.17.1/grpc-protobuf-lite-1.17.1.jar:/home/user/.m2/repository/io/grpc/grpc-stub/1.17.1/grpc-stub-1.17.1.jar:/home/user/.m2/repository/org/apache/hadoop/hadoop-ozone-recon/0.5.0-SNAPSHOT/hadoop-ozone-recon-0.5.0-SNAPSHOT.jar:/home/user/.m2/repository/org/apache/hadoop/hadoop-ozone-reconcodegen/0.5.0-SNAPSHOT/hadoop-ozone-reconcodegen-0.5.0-SNAPSHOT.jar:/home/user/.m2/repository/com/google/inject/extensions/guice-multibindings/4.0/guice-multibindings-4.0.jar:/home/user/.m2/repository/com/google/inject/guice/4.0/guice-4.0.jar:/home/user/.m2/repository/aopalliance/aopalliance/1.0/aopalliance-1.0.jar:/home/user/.m2/repository/com/google/inject/extensions/guice-servlet/4.0/guice-servlet-4.0.jar:/home/user/.m2/repository/org/glassfish/jersey/containers/jersey-container-servlet/2.27/jersey-container-servlet-2.27.jar:/home/user/.m2/repository/org/glassfish/hk2/guice-bridge/2.5.0/guice-bridge-2.5.0.jar:/home/user/.m2/repository/org/glassfish/jersey/core/jersey-server/2.27/jersey-server-2.27.jar:/home/user/.m2/repository/org/glassfish/jersey/core/jersey-client/2.27/jersey-client-2.27.jar:/home/user/.m2/repository/org/glassfish/jersey/media/jersey-media-jaxb/2.27/jersey-media-jaxb-2.27.jar:/home/user/.m2/repository/javax/validation/validation-api/1.1.0.Final/validation-api-1.1.0.Final.jar:/home/user/.m2/repository/org/glassfish/jersey/media/jersey-media-json-jackson/2.27/jersey-media-json-jackson-2.27.jar:/home/user/.m2/repository/org/glassfish/jersey/ext/jersey-entity-filtering/2.27/jersey-entity-filtering-2.27.jar:/home/user/.m2/repository/com/google/inject/extensions/guice-assistedinject/4.0/guice-assistedinject-4.0.jar:/home/user/.m2/repository/org/jooq/jooq/3.11.10/jooq-3.11.10.jar:/home/user/.m2/repository/org/jooq/jooq-meta/3.11.10/jooq-meta-3.11.10.jar:/home/user/.m2/repository/org/jooq/jooq-codegen/3.11.10/jooq-codegen-3.11.10.jar:/home/user/.m2/repository/com/jolbox/bonecp/0.8.0.RELEASE/bonecp-0.8.0.RELEASE.jar:/home/user/.m2/repository/org/xerial/sqlite-jdbc/3.25.2/sqlite-jdbc-3.25.2.jar:/home/user/.m2/repository/org/springframework/spring-jdbc/5.1.3.RELEASE/spring-jdbc-5.1.3.RELEASE.jar:/home/user/.m2/repository/org/springframework/spring-beans/5.1.3.RELEASE/spring-beans-5.1.3.RELEASE.jar:/home/user/.m2/repository/org/springframework/spring-core/5.1.3.RELEASE/spring-core-5.1.3.RELEASE.jar:/home/user/.m2/repository/org/springframework/spring-jcl/5.1.3.RELEASE/spring-jcl-5.1.3.RELEASE.jar:/home/user/.m2/repository/org/springframework/spring-tx/5.1.3.RELEASE/spring-tx-5.1.3.RELEASE.jar:/home/user/.m2/repository/org/apache/hadoop/hadoop-ozone-client/0.5.0-SNAPSHOT/hadoop-ozone-client-0.5.0-SNAPSHOT.jar:/home/user/.m2/repository/commons-lang/commons-lang/2.6/commons-lang-2.6.jar:/home/user/.m2/repository/org/apache/hadoop/hadoop-ozone-ozone-manager/0.5.0-SNAPSHOT/hadoop-ozone-ozone-manager-0.5.0-SNAPSHOT-tests.jar:/home/user/.m2/repository/junit/junit/4.11/junit-4.11.jar:/home/user/.m2/repository/org/hamcrest/hamcrest-core/1.3/hamcrest-core-1.3.jar:/home/user/.m2/repository/org/openjdk/jmh/jmh-core/1.19/jmh-core-1.19.jar:/home/user/.m2/repository/net/sf/jopt-simple/jopt-simple/4.6/jopt-simple-4.6.jar:/home/user/.m2/repository/org/apache/commons/commons-math3/3.1.1/commons-math3-3.1.1.jar:/home/user/.m2/repository/org/openjdk/jmh/jmh-generator-annprocess/1.19/jmh-generator-annprocess-1.19.jar:/home/user/.m2/repository/org/mockito/mockito-all/1.8.5/mockito-all-1.8.5.jar:/home/user/.m2/repository/org/apache/hadoop/hadoop-kms/3.2.0/hadoop-kms-3.2.0.jar:/home/user/.m2/repository/org/apache/hadoop/hadoop-auth/3.2.0/hadoop-auth-3.2.0.jar:/home/user/.m2/repository/com/nimbusds/nimbus-jose-jwt/4.41.1/nimbus-jose-jwt-4.41.1.jar:/home/user/.m2/repository/com/github/stephenc/jcip/jcip-annotations/1.0-1/jcip-annotations-1.0-1.jar:/home/user/.m2/repository/net/minidev/json-smart/2.3/json-smart-2.3.jar:/home/user/.m2/repository/net/minidev/accessors-smart/1.2/accessors-smart-1.2.jar:/home/user/.m2/repository/org/ow2/asm/asm/5.0.4/asm-5.0.4.jar:/home/user/.m2/repository/org/apache/curator/curator-framework/2.12.0/curator-framework-2.12.0.jar:/home/user/.m2/repository/com/sun/jersey/jersey-core/1.19/jersey-core-1.19.jar:/home/user/.m2/repository/javax/ws/rs/jsr311-api/1.1.1/jsr311-api-1.1.1.jar:/home/user/.m2/repository/com/sun/jersey/jersey-server/1.19/jersey-server-1.19.jar:/home/user/.m2/repository/javax/servlet/javax.servlet-api/3.1.0/javax.servlet-api-3.1.0.jar:/home/user/.m2/repository/org/eclipse/jetty/jetty-server/9.3.25.v20180904/jetty-server-9.3.25.v20180904.jar:/home/user/.m2/repository/org/eclipse/jetty/jetty-http/9.3.25.v20180904/jetty-http-9.3.25.v20180904.jar:/home/user/.m2/repository/org/eclipse/jetty/jetty-io/9.3.25.v20180904/jetty-io-9.3.25.v20180904.jar:/home/user/.m2/repository/org/eclipse/jetty/jetty-webapp/9.3.25.v20180904/jetty-webapp-9.3.25.v20180904.jar:/home/user/.m2/repository/org/eclipse/jetty/jetty-xml/9.3.25.v20180904/jetty-xml-9.3.25.v20180904.jar:/home/user/.m2/repository/log4j/log4j/1.2.17/log4j-1.2.17.jar:/home/user/.m2/repository/org/slf4j/slf4j-api/1.7.25/slf4j-api-1.7.25.jar:/home/user/.m2/repository/org/slf4j/jul-to-slf4j/1.7.25/jul-to-slf4j-1.7.25.jar:/home/user/.m2/repository/org/eclipse/jetty/jetty-util/9.3.25.v20180904/jetty-util-9.3.25.v20180904.jar:/home/user/.m2/repository/com/fasterxml/jackson/core/jackson-databind/2.9.9/jackson-databind-2.9.9.jar:/home/user/.m2/repository/org/apache/hadoop/hadoop-kms/3.2.0/hadoop-kms-3.2.0-tests.jar:/home/user/.m2/repository/org/apache/hadoop/hadoop-hdds-server-scm/0.5.0-SNAPSHOT/hadoop-hdds-server-scm-0.5.0-SNAPSHOT-tests.jar:/home/user/.m2/repository/org/apache/hadoop/hadoop-hdds-container-service/0.5.0-SNAPSHOT/hadoop-hdds-container-service-0.5.0-SNAPSHOT-tests.jar:/home/user/.m2/repository/org/yaml/snakeyaml/1.16/snakeyaml-1.16.jar:/home/user/.m2/repository/org/apache/hadoop/hadoop-common/3.2.0/hadoop-common-3.2.0-tests.jar:/home/user/.m2/repository/org/apache/hadoop/hadoop-annotations/3.2.0/hadoop-annotations-3.2.0.jar:/usr/lib/jvm/java-1.8.0-openjdk-1.8.0.222.b10-1.el7_7.x86_64/jre/../lib/tools.jar:/home/user/.m2/repository/commons-cli/commons-cli/1.2/commons-cli-1.2.jar:/home/user/.m2/repository/org/apache/httpcomponents/httpclient/4.5.2/httpclient-4.5.2.jar:/home/user/.m2/repository/org/apache/httpcomponents/httpcore/4.4.4/httpcore-4.4.4.jar:/home/user/.m2/repository/commons-codec/commons-codec/1.11/commons-codec-1.11.jar:/home/user/.m2/repository/commons-net/commons-net/3.6/commons-net-3.6.jar:/home/user/.m2/repository/commons-collections/commons-collections/3.2.2/commons-collections-3.2.2.jar:/home/user/.m2/repository/org/eclipse/jetty/jetty-servlet/9.3.25.v20180904/jetty-servlet-9.3.25.v20180904.jar:/home/user/.m2/repository/org/eclipse/jetty/jetty-security/9.3.25.v20180904/jetty-security-9.3.25.v20180904.jar:/home/user/.m2/repository/javax/servlet/jsp/jsp-api/2.1/jsp-api-2.1.jar:/home/user/.m2/repository/com/sun/jersey/jersey-servlet/1.19/jersey-servlet-1.19.jar:/home/user/.m2/repository/com/sun/jersey/jersey-json/1.19/jersey-json-1.19.jar:/home/user/.m2/repository/org/codehaus/jettison/jettison/1.1/jettison-1.1.jar:/home/user/.m2/repository/org/codehaus/jackson/jackson-core-asl/1.9.13/jackson-core-asl-1.9.13.jar:/home/user/.m2/repository/org/codehaus/jackson/jackson-mapper-asl/1.9.13/jackson-mapper-asl-1.9.13.jar:/home/user/.m2/repository/org/codehaus/jackson/jackson-jaxrs/1.9.13/jackson-jaxrs-1.9.13.jar:/home/user/.m2/repository/org/codehaus/jackson/jackson-xc/1.9.13/jackson-xc-1.9.13.jar:/home/user/.m2/repository/commons-logging/commons-logging/1.1.3/commons-logging-1.1.3.jar:/home/user/.m2/repository/commons-beanutils/commons-beanutils/1.9.4/commons-beanutils-1.9.4.jar:/home/user/.m2/repository/org/apache/commons/commons-configuration2/2.1.1/commons-configuration2-2.1.1.jar:/home/user/.m2/repository/org/apache/commons/commons-lang3/3.7/commons-lang3-3.7.jar:/home/user/.m2/repository/org/apache/commons/commons-text/1.4/commons-text-1.4.jar:/home/user/.m2/repository/org/apache/avro/avro/1.7.7/avro-1.7.7.jar:/home/user/.m2/repository/com/thoughtworks/paranamer/paranamer/2.3/paranamer-2.3.jar:/home/user/.m2/repository/org/xerial/snappy/snappy-java/1.0.5/snappy-java-1.0.5.jar:/home/user/.m2/repository/com/google/re2j/re2j/1.1/re2j-1.1.jar:/home/user/.m2/repository/com/google/code/gson/gson/2.2.4/gson-2.2.4.jar:/home/user/.m2/repository/com/jcraft/jsch/0.1.54/jsch-0.1.54.jar:/home/user/.m2/repository/org/apache/curator/curator-client/2.12.0/curator-client-2.12.0.jar:/home/user/.m2/repository/org/apache/curator/curator-recipes/2.12.0/curator-recipes-2.12.0.jar:/home/user/.m2/repository/com/google/code/findbugs/jsr305/3.0.0/jsr305-3.0.0.jar:/home/user/.m2/repository/org/apache/htrace/htrace-core4/4.1.0-incubating/htrace-core4-4.1.0-incubating.jar:/home/user/.m2/repository/org/apache/zookeeper/zookeeper/3.4.13/zookeeper-3.4.13.jar:/home/user/.m2/repository/jline/jline/0.9.94/jline-0.9.94.jar:/home/user/.m2/repository/org/apache/yetus/audience-annotations/0.5.0/audience-annotations-0.5.0.jar:/home/user/.m2/repository/org/codehaus/woodstox/stax2-api/3.1.4/stax2-api-3.1.4.jar:/home/user/.m2/repository/com/fasterxml/woodstox/woodstox-core/5.0.3/woodstox-core-5.0.3.jar:/home/user/.m2/repository/dnsjava/dnsjava/2.1.7/dnsjava-2.1.7.jar:/home/user/.m2/repository/org/apache/hadoop/hadoop-hdfs/3.2.0/hadoop-hdfs-3.2.0-tests.jar:/home/user/.m2/repository/org/eclipse/jetty/jetty-util-ajax/9.3.25.v20180904/jetty-util-ajax-9.3.25.v20180904.jar:/home/user/.m2/repository/commons-daemon/commons-daemon/1.0.13/commons-daemon-1.0.13.jar:/home/user/.m2/repository/io/netty/netty/3.10.5.Final/netty-3.10.5.Final.jar:/home/user/.m2/repository/io/netty/netty-all/4.0.52.Final/netty-all-4.0.52.Final.jar:/home/user/.m2/repository/org/fusesource/leveldbjni/leveldbjni-all/1.8/leveldbjni-all-1.8.jar:"/>
    <property name="java.vm.vendor" value="Oracle Corporation"/>
    <property name="sun.arch.data.model" value="64"/>
    <property name="test.build.dir" value="/workdir/hadoop-ozone/integration-test/target/test-dir"/>
    <property name="test.cache.data" value=""/>
    <property name="java.vendor.url" value="http://java.oracle.com/"/>
    <property name="user.timezone" value=""/>
    <property name="java.vm.specification.version" value="1.8"/>
    <property name="os.name" value="Linux"/>
    <property name="test.build.data" value="/workdir/hadoop-ozone/integration-test/target/test-dir"/>
    <property name="user.country" value="US"/>
    <property name="sun.java.launcher" value="SUN_STANDARD"/>
    <property name="sun.boot.library.path" value="/usr/lib/jvm/java-1.8.0-openjdk-1.8.0.222.b10-1.el7_7.x86_64/jre/lib/amd64"/>
    <property name="sun.java.command" value="/workdir/hadoop-ozone/integration-test/target/surefire/surefirebooter4023513465017405661.jar /workdir/hadoop-ozone/integration-test/target/surefire 2019-10-18T12-01-21_854-jvmRun1 surefire7921023124729095448tmp surefire_423456910023167791259tmp"/>
    <property name="surefire.test.class.path" value="/workdir/hadoop-ozone/integration-test/target/test-classes:/workdir/hadoop-ozone/integration-test/target/classes:/home/user/.m2/repository/org/apache/hadoop/hadoop-ozone-common/0.5.0-SNAPSHOT/hadoop-ozone-common-0.5.0-SNAPSHOT.jar:/home/user/.m2/repository/org/apache/commons/commons-compress/1.4.1/commons-compress-1.4.1.jar:/home/user/.m2/repository/org/tukaani/xz/1.0/xz-1.0.jar:/home/user/.m2/repository/org/apache/hadoop/hadoop-common/3.2.0/hadoop-common-3.2.0.jar:/home/user/.m2/repository/org/apache/hadoop/hadoop-hdfs/3.2.0/hadoop-hdfs-3.2.0.jar:/home/user/.m2/repository/org/apache/hadoop/hadoop-hdfs-client/3.2.0/hadoop-hdfs-client-3.2.0.jar:/home/user/.m2/repository/com/fasterxml/jackson/core/jackson-annotations/2.9.9/jackson-annotations-2.9.9.jar:/home/user/.m2/repository/org/apache/hadoop/hadoop-hdds-common/0.5.0-SNAPSHOT/hadoop-hdds-common-0.5.0-SNAPSHOT.jar:/home/user/.m2/repository/javax/annotation/javax.annotation-api/1.2/javax.annotation-api-1.2.jar:/home/user/.m2/repository/org/apache/ratis/ratis-server/0.5.0-3f446aa-SNAPSHOT/ratis-server-0.5.0-3f446aa-SNAPSHOT.jar:/home/user/.m2/repository/org/apache/ratis/ratis-thirdparty-misc/0.2.0/ratis-thirdparty-misc-0.2.0.jar:/home/user/.m2/repository/org/apache/ratis/ratis-proto/0.5.0-3f446aa-SNAPSHOT/ratis-proto-0.5.0-3f446aa-SNAPSHOT.jar:/home/user/.m2/repository/org/apache/ratis/ratis-common/0.5.0-3f446aa-SNAPSHOT/ratis-common-0.5.0-3f446aa-SNAPSHOT.jar:/home/user/.m2/repository/org/apache/ratis/ratis-client/0.5.0-3f446aa-SNAPSHOT/ratis-client-0.5.0-3f446aa-SNAPSHOT.jar:/home/user/.m2/repository/org/apache/ratis/ratis-metrics/0.5.0-3f446aa-SNAPSHOT/ratis-metrics-0.5.0-3f446aa-SNAPSHOT.jar:/home/user/.m2/repository/com/github/joshelser/dropwizard-metrics-hadoop-metrics2-reporter/0.1.2/dropwizard-metrics-hadoop-metrics2-reporter-0.1.2.jar:/home/user/.m2/repository/io/dropwizard/metrics/metrics-jvm/3.2.5/metrics-jvm-3.2.5.jar:/home/user/.m2/repository/io/dropwizard/metrics/metrics-ganglia/3.2.5/metrics-ganglia-3.2.5.jar:/home/user/.m2/repository/info/ganglia/gmetric4j/gmetric4j/1.0.7/gmetric4j-1.0.7.jar:/home/user/.m2/repository/org/apache/ratis/ratis-netty/0.5.0-3f446aa-SNAPSHOT/ratis-netty-0.5.0-3f446aa-SNAPSHOT.jar:/home/user/.m2/repository/org/apache/ratis/ratis-grpc/0.5.0-3f446aa-SNAPSHOT/ratis-grpc-0.5.0-3f446aa-SNAPSHOT.jar:/home/user/.m2/repository/org/rocksdb/rocksdbjni/6.0.1/rocksdbjni-6.0.1.jar:/home/user/.m2/repository/org/apache/logging/log4j/log4j-api/2.11.0/log4j-api-2.11.0.jar:/home/user/.m2/repository/org/apache/logging/log4j/log4j-core/2.11.0/log4j-core-2.11.0.jar:/home/user/.m2/repository/com/lmax/disruptor/3.4.2/disruptor-3.4.2.jar:/home/user/.m2/repository/org/apache/commons/commons-pool2/2.6.0/commons-pool2-2.6.0.jar:/home/user/.m2/repository/org/bouncycastle/bcpkix-jdk15on/1.60/bcpkix-jdk15on-1.60.jar:/home/user/.m2/repository/commons-validator/commons-validator/1.6/commons-validator-1.6.jar:/home/user/.m2/repository/commons-digester/commons-digester/1.8.1/commons-digester-1.8.1.jar:/home/user/.m2/repository/io/jaegertracing/jaeger-client/0.34.0/jaeger-client-0.34.0.jar:/home/user/.m2/repository/io/jaegertracing/jaeger-thrift/0.34.0/jaeger-thrift-0.34.0.jar:/home/user/.m2/repository/org/apache/thrift/libthrift/0.12.0/libthrift-0.12.0.jar:/home/user/.m2/repository/com/squareup/okhttp3/okhttp/3.9.0/okhttp-3.9.0.jar:/home/user/.m2/repository/com/squareup/okio/okio/1.13.0/okio-1.13.0.jar:/home/user/.m2/repository/io/jaegertracing/jaeger-core/0.34.0/jaeger-core-0.34.0.jar:/home/user/.m2/repository/io/jaegertracing/jaeger-tracerresolver/0.34.0/jaeger-tracerresolver-0.34.0.jar:/home/user/.m2/repository/io/opentracing/contrib/opentracing-tracerresolver/0.1.5/opentracing-tracerresolver-0.1.5.jar:/home/user/.m2/repository/io/opentracing/opentracing-util/0.31.0/opentracing-util-0.31.0.jar:/home/user/.m2/repository/io/opentracing/opentracing-api/0.31.0/opentracing-api-0.31.0.jar:/home/user/.m2/repository/io/opentracing/opentracing-noop/0.31.0/opentracing-noop-0.31.0.jar:/home/user/.m2/repository/org/apache/hadoop/hadoop-hdds-server-framework/0.5.0-SNAPSHOT/hadoop-hdds-server-framework-0.5.0-SNAPSHOT.jar:/home/user/.m2/repository/org/apache/hadoop/hadoop-hdds-container-service/0.5.0-SNAPSHOT/hadoop-hdds-container-service-0.5.0-SNAPSHOT.jar:/home/user/.m2/repository/org/apache/hadoop/hadoop-hdds-client/0.5.0-SNAPSHOT/hadoop-hdds-client-0.5.0-SNAPSHOT.jar:/home/user/.m2/repository/org/apache/hadoop/hadoop-hdds-tools/0.5.0-SNAPSHOT/hadoop-hdds-tools-0.5.0-SNAPSHOT.jar:/home/user/.m2/repository/org/apache/hadoop/hadoop-hdds-server-scm/0.5.0-SNAPSHOT/hadoop-hdds-server-scm-0.5.0-SNAPSHOT.jar:/home/user/.m2/repository/org/apache/hadoop/hadoop-hdds-docs/0.5.0-SNAPSHOT/hadoop-hdds-docs-0.5.0-SNAPSHOT.jar:/home/user/.m2/repository/io/dropwizard/metrics/metrics-core/3.2.4/metrics-core-3.2.4.jar:/home/user/.m2/repository/org/hamcrest/hamcrest-all/1.3/hamcrest-all-1.3.jar:/home/user/.m2/repository/org/bouncycastle/bcprov-jdk15on/1.60/bcprov-jdk15on-1.60.jar:/home/user/.m2/repository/info/picocli/picocli/3.9.6/picocli-3.9.6.jar:/home/user/.m2/repository/com/google/protobuf/protobuf-java/2.5.0/protobuf-java-2.5.0.jar:/home/user/.m2/repository/com/google/guava/guava/11.0.2/guava-11.0.2.jar:/home/user/.m2/repository/org/apache/hadoop/hadoop-ozone-ozone-manager/0.5.0-SNAPSHOT/hadoop-ozone-ozone-manager-0.5.0-SNAPSHOT.jar:/home/user/.m2/repository/org/apache/hadoop/hadoop-minikdc/3.2.0/hadoop-minikdc-3.2.0.jar:/home/user/.m2/repository/commons-io/commons-io/2.5/commons-io-2.5.jar:/home/user/.m2/repository/org/apache/kerby/kerb-simplekdc/1.0.1/kerb-simplekdc-1.0.1.jar:/home/user/.m2/repository/org/apache/kerby/kerb-client/1.0.1/kerb-client-1.0.1.jar:/home/user/.m2/repository/org/apache/kerby/kerby-config/1.0.1/kerby-config-1.0.1.jar:/home/user/.m2/repository/org/apache/kerby/kerb-core/1.0.1/kerb-core-1.0.1.jar:/home/user/.m2/repository/org/apache/kerby/kerby-pkix/1.0.1/kerby-pkix-1.0.1.jar:/home/user/.m2/repository/org/apache/kerby/kerby-asn1/1.0.1/kerby-asn1-1.0.1.jar:/home/user/.m2/repository/org/apache/kerby/kerby-util/1.0.1/kerby-util-1.0.1.jar:/home/user/.m2/repository/org/apache/kerby/kerb-common/1.0.1/kerb-common-1.0.1.jar:/home/user/.m2/repository/org/apache/kerby/kerb-crypto/1.0.1/kerb-crypto-1.0.1.jar:/home/user/.m2/repository/org/apache/kerby/kerb-util/1.0.1/kerb-util-1.0.1.jar:/home/user/.m2/repository/org/apache/kerby/token-provider/1.0.1/token-provider-1.0.1.jar:/home/user/.m2/repository/org/apache/kerby/kerb-admin/1.0.1/kerb-admin-1.0.1.jar:/home/user/.m2/repository/org/apache/kerby/kerb-server/1.0.1/kerb-server-1.0.1.jar:/home/user/.m2/repository/org/apache/kerby/kerb-identity/1.0.1/kerb-identity-1.0.1.jar:/home/user/.m2/repository/org/apache/kerby/kerby-xdr/1.0.1/kerby-xdr-1.0.1.jar:/home/user/.m2/repository/org/slf4j/slf4j-log4j12/1.7.25/slf4j-log4j12-1.7.25.jar:/home/user/.m2/repository/org/apache/hadoop/hadoop-ozone-s3gateway/0.5.0-SNAPSHOT/hadoop-ozone-s3gateway-0.5.0-SNAPSHOT.jar:/home/user/.m2/repository/org/jboss/weld/servlet/weld-servlet/2.4.7.Final/weld-servlet-2.4.7.Final.jar:/home/user/.m2/repository/org/glassfish/jersey/containers/jersey-container-servlet-core/2.27/jersey-container-servlet-core-2.27.jar:/home/user/.m2/repository/org/glassfish/hk2/external/javax.inject/2.5.0-b42/javax.inject-2.5.0-b42.jar:/home/user/.m2/repository/org/glassfish/jersey/core/jersey-common/2.27/jersey-common-2.27.jar:/home/user/.m2/repository/org/glassfish/hk2/osgi-resource-locator/1.0.1/osgi-resource-locator-1.0.1.jar:/home/user/.m2/repository/javax/ws/rs/javax.ws.rs-api/2.1/javax.ws.rs-api-2.1.jar:/home/user/.m2/repository/org/glassfish/jersey/ext/cdi/jersey-cdi1x/2.27/jersey-cdi1x-2.27.jar:/home/user/.m2/repository/org/glassfish/jersey/inject/jersey-hk2/2.27/jersey-hk2-2.27.jar:/home/user/.m2/repository/org/glassfish/hk2/hk2-locator/2.5.0-b42/hk2-locator-2.5.0-b42.jar:/home/user/.m2/repository/org/javassist/javassist/3.22.0-CR2/javassist-3.22.0-CR2.jar:/home/user/.m2/repository/org/glassfish/hk2/hk2-api/2.5.0/hk2-api-2.5.0.jar:/home/user/.m2/repository/org/glassfish/hk2/external/jakarta.inject/2.5.0/jakarta.inject-2.5.0.jar:/home/user/.m2/repository/org/glassfish/hk2/hk2-utils/2.5.0/hk2-utils-2.5.0.jar:/home/user/.m2/repository/jakarta/annotation/jakarta.annotation-api/1.3.4/jakarta.annotation-api-1.3.4.jar:/home/user/.m2/repository/org/glassfish/hk2/external/aopalliance-repackaged/2.5.0/aopalliance-repackaged-2.5.0.jar:/home/user/.m2/repository/com/fasterxml/jackson/dataformat/jackson-dataformat-xml/2.9.0/jackson-dataformat-xml-2.9.0.jar:/home/user/.m2/repository/com/fasterxml/jackson/core/jackson-core/2.9.9/jackson-core-2.9.9.jar:/home/user/.m2/repository/com/fasterxml/jackson/module/jackson-module-jaxb-annotations/2.9.9/jackson-module-jaxb-annotations-2.9.9.jar:/home/user/.m2/repository/javax/enterprise/cdi-api/1.2/cdi-api-1.2.jar:/home/user/.m2/repository/javax/el/javax.el-api/3.0.0/javax.el-api-3.0.0.jar:/home/user/.m2/repository/javax/interceptor/javax.interceptor-api/1.2/javax.interceptor-api-1.2.jar:/home/user/.m2/repository/javax/inject/javax.inject/1/javax.inject-1.jar:/home/user/.m2/repository/com/sun/xml/bind/jaxb-impl/2.3.0.1/jaxb-impl-2.3.0.1.jar:/home/user/.m2/repository/com/sun/xml/bind/jaxb-core/2.3.0.1/jaxb-core-2.3.0.1.jar:/home/user/.m2/repository/javax/xml/bind/jaxb-api/2.3.0/jaxb-api-2.3.0.jar:/home/user/.m2/repository/javax/activation/activation/1.1.1/activation-1.1.1.jar:/home/user/.m2/repository/org/apache/hadoop/hadoop-ozone-csi/0.5.0-SNAPSHOT/hadoop-ozone-csi-0.5.0-SNAPSHOT.jar:/home/user/.m2/repository/com/google/protobuf/protobuf-java-util/3.5.1/protobuf-java-util-3.5.1.jar:/home/user/.m2/repository/org/apache/hadoop/hadoop-hdds-config/0.5.0-SNAPSHOT/hadoop-hdds-config-0.5.0-SNAPSHOT.jar:/home/user/.m2/repository/io/grpc/grpc-netty/1.17.1/grpc-netty-1.17.1.jar:/home/user/.m2/repository/io/grpc/grpc-core/1.17.1/grpc-core-1.17.1.jar:/home/user/.m2/repository/io/grpc/grpc-context/1.17.1/grpc-context-1.17.1.jar:/home/user/.m2/repository/com/google/errorprone/error_prone_annotations/2.2.0/error_prone_annotations-2.2.0.jar:/home/user/.m2/repository/org/codehaus/mojo/animal-sniffer-annotations/1.17/animal-sniffer-annotations-1.17.jar:/home/user/.m2/repository/io/opencensus/opencensus-api/0.17.0/opencensus-api-0.17.0.jar:/home/user/.m2/repository/io/opencensus/opencensus-contrib-grpc-metrics/0.17.0/opencensus-contrib-grpc-metrics-0.17.0.jar:/home/user/.m2/repository/io/netty/netty-codec-http2/4.1.30.Final/netty-codec-http2-4.1.30.Final.jar:/home/user/.m2/repository/io/netty/netty-codec-http/4.1.30.Final/netty-codec-http-4.1.30.Final.jar:/home/user/.m2/repository/io/netty/netty-codec/4.1.30.Final/netty-codec-4.1.30.Final.jar:/home/user/.m2/repository/io/netty/netty-handler/4.1.30.Final/netty-handler-4.1.30.Final.jar:/home/user/.m2/repository/io/netty/netty-handler-proxy/4.1.30.Final/netty-handler-proxy-4.1.30.Final.jar:/home/user/.m2/repository/io/netty/netty-codec-socks/4.1.30.Final/netty-codec-socks-4.1.30.Final.jar:/home/user/.m2/repository/io/netty/netty-transport-native-epoll/4.1.30.Final/netty-transport-native-epoll-4.1.30.Final.jar:/home/user/.m2/repository/io/netty/netty-common/4.1.30.Final/netty-common-4.1.30.Final.jar:/home/user/.m2/repository/io/netty/netty-buffer/4.1.30.Final/netty-buffer-4.1.30.Final.jar:/home/user/.m2/repository/io/netty/netty-transport/4.1.30.Final/netty-transport-4.1.30.Final.jar:/home/user/.m2/repository/io/netty/netty-resolver/4.1.30.Final/netty-resolver-4.1.30.Final.jar:/home/user/.m2/repository/io/netty/netty-transport-native-unix-common/4.1.30.Final/netty-transport-native-unix-common-4.1.30.Final.jar:/home/user/.m2/repository/io/grpc/grpc-protobuf/1.17.1/grpc-protobuf-1.17.1.jar:/home/user/.m2/repository/com/google/api/grpc/proto-google-common-protos/1.0.0/proto-google-common-protos-1.0.0.jar:/home/user/.m2/repository/io/grpc/grpc-protobuf-lite/1.17.1/grpc-protobuf-lite-1.17.1.jar:/home/user/.m2/repository/io/grpc/grpc-stub/1.17.1/grpc-stub-1.17.1.jar:/home/user/.m2/repository/org/apache/hadoop/hadoop-ozone-recon/0.5.0-SNAPSHOT/hadoop-ozone-recon-0.5.0-SNAPSHOT.jar:/home/user/.m2/repository/org/apache/hadoop/hadoop-ozone-reconcodegen/0.5.0-SNAPSHOT/hadoop-ozone-reconcodegen-0.5.0-SNAPSHOT.jar:/home/user/.m2/repository/com/google/inject/extensions/guice-multibindings/4.0/guice-multibindings-4.0.jar:/home/user/.m2/repository/com/google/inject/guice/4.0/guice-4.0.jar:/home/user/.m2/repository/aopalliance/aopalliance/1.0/aopalliance-1.0.jar:/home/user/.m2/repository/com/google/inject/extensions/guice-servlet/4.0/guice-servlet-4.0.jar:/home/user/.m2/repository/org/glassfish/jersey/containers/jersey-container-servlet/2.27/jersey-container-servlet-2.27.jar:/home/user/.m2/repository/org/glassfish/hk2/guice-bridge/2.5.0/guice-bridge-2.5.0.jar:/home/user/.m2/repository/org/glassfish/jersey/core/jersey-server/2.27/jersey-server-2.27.jar:/home/user/.m2/repository/org/glassfish/jersey/core/jersey-client/2.27/jersey-client-2.27.jar:/home/user/.m2/repository/org/glassfish/jersey/media/jersey-media-jaxb/2.27/jersey-media-jaxb-2.27.jar:/home/user/.m2/repository/javax/validation/validation-api/1.1.0.Final/validation-api-1.1.0.Final.jar:/home/user/.m2/repository/org/glassfish/jersey/media/jersey-media-json-jackson/2.27/jersey-media-json-jackson-2.27.jar:/home/user/.m2/repository/org/glassfish/jersey/ext/jersey-entity-filtering/2.27/jersey-entity-filtering-2.27.jar:/home/user/.m2/repository/com/google/inject/extensions/guice-assistedinject/4.0/guice-assistedinject-4.0.jar:/home/user/.m2/repository/org/jooq/jooq/3.11.10/jooq-3.11.10.jar:/home/user/.m2/repository/org/jooq/jooq-meta/3.11.10/jooq-meta-3.11.10.jar:/home/user/.m2/repository/org/jooq/jooq-codegen/3.11.10/jooq-codegen-3.11.10.jar:/home/user/.m2/repository/com/jolbox/bonecp/0.8.0.RELEASE/bonecp-0.8.0.RELEASE.jar:/home/user/.m2/repository/org/xerial/sqlite-jdbc/3.25.2/sqlite-jdbc-3.25.2.jar:/home/user/.m2/repository/org/springframework/spring-jdbc/5.1.3.RELEASE/spring-jdbc-5.1.3.RELEASE.jar:/home/user/.m2/repository/org/springframework/spring-beans/5.1.3.RELEASE/spring-beans-5.1.3.RELEASE.jar:/home/user/.m2/repository/org/springframework/spring-core/5.1.3.RELEASE/spring-core-5.1.3.RELEASE.jar:/home/user/.m2/repository/org/springframework/spring-jcl/5.1.3.RELEASE/spring-jcl-5.1.3.RELEASE.jar:/home/user/.m2/repository/org/springframework/spring-tx/5.1.3.RELEASE/spring-tx-5.1.3.RELEASE.jar:/home/user/.m2/repository/org/apache/hadoop/hadoop-ozone-client/0.5.0-SNAPSHOT/hadoop-ozone-client-0.5.0-SNAPSHOT.jar:/home/user/.m2/repository/commons-lang/commons-lang/2.6/commons-lang-2.6.jar:/home/user/.m2/repository/org/apache/hadoop/hadoop-ozone-ozone-manager/0.5.0-SNAPSHOT/hadoop-ozone-ozone-manager-0.5.0-SNAPSHOT-tests.jar:/home/user/.m2/repository/junit/junit/4.11/junit-4.11.jar:/home/user/.m2/repository/org/hamcrest/hamcrest-core/1.3/hamcrest-core-1.3.jar:/home/user/.m2/repository/org/openjdk/jmh/jmh-core/1.19/jmh-core-1.19.jar:/home/user/.m2/repository/net/sf/jopt-simple/jopt-simple/4.6/jopt-simple-4.6.jar:/home/user/.m2/repository/org/apache/commons/commons-math3/3.1.1/commons-math3-3.1.1.jar:/home/user/.m2/repository/org/openjdk/jmh/jmh-generator-annprocess/1.19/jmh-generator-annprocess-1.19.jar:/home/user/.m2/repository/org/mockito/mockito-all/1.8.5/mockito-all-1.8.5.jar:/home/user/.m2/repository/org/apache/hadoop/hadoop-kms/3.2.0/hadoop-kms-3.2.0.jar:/home/user/.m2/repository/org/apache/hadoop/hadoop-auth/3.2.0/hadoop-auth-3.2.0.jar:/home/user/.m2/repository/com/nimbusds/nimbus-jose-jwt/4.41.1/nimbus-jose-jwt-4.41.1.jar:/home/user/.m2/repository/com/github/stephenc/jcip/jcip-annotations/1.0-1/jcip-annotations-1.0-1.jar:/home/user/.m2/repository/net/minidev/json-smart/2.3/json-smart-2.3.jar:/home/user/.m2/repository/net/minidev/accessors-smart/1.2/accessors-smart-1.2.jar:/home/user/.m2/repository/org/ow2/asm/asm/5.0.4/asm-5.0.4.jar:/home/user/.m2/repository/org/apache/curator/curator-framework/2.12.0/curator-framework-2.12.0.jar:/home/user/.m2/repository/com/sun/jersey/jersey-core/1.19/jersey-core-1.19.jar:/home/user/.m2/repository/javax/ws/rs/jsr311-api/1.1.1/jsr311-api-1.1.1.jar:/home/user/.m2/repository/com/sun/jersey/jersey-server/1.19/jersey-server-1.19.jar:/home/user/.m2/repository/javax/servlet/javax.servlet-api/3.1.0/javax.servlet-api-3.1.0.jar:/home/user/.m2/repository/org/eclipse/jetty/jetty-server/9.3.25.v20180904/jetty-server-9.3.25.v20180904.jar:/home/user/.m2/repository/org/eclipse/jetty/jetty-http/9.3.25.v20180904/jetty-http-9.3.25.v20180904.jar:/home/user/.m2/repository/org/eclipse/jetty/jetty-io/9.3.25.v20180904/jetty-io-9.3.25.v20180904.jar:/home/user/.m2/repository/org/eclipse/jetty/jetty-webapp/9.3.25.v20180904/jetty-webapp-9.3.25.v20180904.jar:/home/user/.m2/repository/org/eclipse/jetty/jetty-xml/9.3.25.v20180904/jetty-xml-9.3.25.v20180904.jar:/home/user/.m2/repository/log4j/log4j/1.2.17/log4j-1.2.17.jar:/home/user/.m2/repository/org/slf4j/slf4j-api/1.7.25/slf4j-api-1.7.25.jar:/home/user/.m2/repository/org/slf4j/jul-to-slf4j/1.7.25/jul-to-slf4j-1.7.25.jar:/home/user/.m2/repository/org/eclipse/jetty/jetty-util/9.3.25.v20180904/jetty-util-9.3.25.v20180904.jar:/home/user/.m2/repository/com/fasterxml/jackson/core/jackson-databind/2.9.9/jackson-databind-2.9.9.jar:/home/user/.m2/repository/org/apache/hadoop/hadoop-kms/3.2.0/hadoop-kms-3.2.0-tests.jar:/home/user/.m2/repository/org/apache/hadoop/hadoop-hdds-server-scm/0.5.0-SNAPSHOT/hadoop-hdds-server-scm-0.5.0-SNAPSHOT-tests.jar:/home/user/.m2/repository/org/apache/hadoop/hadoop-hdds-container-service/0.5.0-SNAPSHOT/hadoop-hdds-container-service-0.5.0-SNAPSHOT-tests.jar:/home/user/.m2/repository/org/yaml/snakeyaml/1.16/snakeyaml-1.16.jar:/home/user/.m2/repository/org/apache/hadoop/hadoop-common/3.2.0/hadoop-common-3.2.0-tests.jar:/home/user/.m2/repository/org/apache/hadoop/hadoop-annotations/3.2.0/hadoop-annotations-3.2.0.jar:/usr/lib/jvm/java-1.8.0-openjdk-1.8.0.222.b10-1.el7_7.x86_64/jre/../lib/tools.jar:/home/user/.m2/repository/commons-cli/commons-cli/1.2/commons-cli-1.2.jar:/home/user/.m2/repository/org/apache/httpcomponents/httpclient/4.5.2/httpclient-4.5.2.jar:/home/user/.m2/repository/org/apache/httpcomponents/httpcore/4.4.4/httpcore-4.4.4.jar:/home/user/.m2/repository/commons-codec/commons-codec/1.11/commons-codec-1.11.jar:/home/user/.m2/repository/commons-net/commons-net/3.6/commons-net-3.6.jar:/home/user/.m2/repository/commons-collections/commons-collections/3.2.2/commons-collections-3.2.2.jar:/home/user/.m2/repository/org/eclipse/jetty/jetty-servlet/9.3.25.v20180904/jetty-servlet-9.3.25.v20180904.jar:/home/user/.m2/repository/org/eclipse/jetty/jetty-security/9.3.25.v20180904/jetty-security-9.3.25.v20180904.jar:/home/user/.m2/repository/javax/servlet/jsp/jsp-api/2.1/jsp-api-2.1.jar:/home/user/.m2/repository/com/sun/jersey/jersey-servlet/1.19/jersey-servlet-1.19.jar:/home/user/.m2/repository/com/sun/jersey/jersey-json/1.19/jersey-json-1.19.jar:/home/user/.m2/repository/org/codehaus/jettison/jettison/1.1/jettison-1.1.jar:/home/user/.m2/repository/org/codehaus/jackson/jackson-core-asl/1.9.13/jackson-core-asl-1.9.13.jar:/home/user/.m2/repository/org/codehaus/jackson/jackson-mapper-asl/1.9.13/jackson-mapper-asl-1.9.13.jar:/home/user/.m2/repository/org/codehaus/jackson/jackson-jaxrs/1.9.13/jackson-jaxrs-1.9.13.jar:/home/user/.m2/repository/org/codehaus/jackson/jackson-xc/1.9.13/jackson-xc-1.9.13.jar:/home/user/.m2/repository/commons-logging/commons-logging/1.1.3/commons-logging-1.1.3.jar:/home/user/.m2/repository/commons-beanutils/commons-beanutils/1.9.4/commons-beanutils-1.9.4.jar:/home/user/.m2/repository/org/apache/commons/commons-configuration2/2.1.1/commons-configuration2-2.1.1.jar:/home/user/.m2/repository/org/apache/commons/commons-lang3/3.7/commons-lang3-3.7.jar:/home/user/.m2/repository/org/apache/commons/commons-text/1.4/commons-text-1.4.jar:/home/user/.m2/repository/org/apache/avro/avro/1.7.7/avro-1.7.7.jar:/home/user/.m2/repository/com/thoughtworks/paranamer/paranamer/2.3/paranamer-2.3.jar:/home/user/.m2/repository/org/xerial/snappy/snappy-java/1.0.5/snappy-java-1.0.5.jar:/home/user/.m2/repository/com/google/re2j/re2j/1.1/re2j-1.1.jar:/home/user/.m2/repository/com/google/code/gson/gson/2.2.4/gson-2.2.4.jar:/home/user/.m2/repository/com/jcraft/jsch/0.1.54/jsch-0.1.54.jar:/home/user/.m2/repository/org/apache/curator/curator-client/2.12.0/curator-client-2.12.0.jar:/home/user/.m2/repository/org/apache/curator/curator-recipes/2.12.0/curator-recipes-2.12.0.jar:/home/user/.m2/repository/com/google/code/findbugs/jsr305/3.0.0/jsr305-3.0.0.jar:/home/user/.m2/repository/org/apache/htrace/htrace-core4/4.1.0-incubating/htrace-core4-4.1.0-incubating.jar:/home/user/.m2/repository/org/apache/zookeeper/zookeeper/3.4.13/zookeeper-3.4.13.jar:/home/user/.m2/repository/jline/jline/0.9.94/jline-0.9.94.jar:/home/user/.m2/repository/org/apache/yetus/audience-annotations/0.5.0/audience-annotations-0.5.0.jar:/home/user/.m2/repository/org/codehaus/woodstox/stax2-api/3.1.4/stax2-api-3.1.4.jar:/home/user/.m2/repository/com/fasterxml/woodstox/woodstox-core/5.0.3/woodstox-core-5.0.3.jar:/home/user/.m2/repository/dnsjava/dnsjava/2.1.7/dnsjava-2.1.7.jar:/home/user/.m2/repository/org/apache/hadoop/hadoop-hdfs/3.2.0/hadoop-hdfs-3.2.0-tests.jar:/home/user/.m2/repository/org/eclipse/jetty/jetty-util-ajax/9.3.25.v20180904/jetty-util-ajax-9.3.25.v20180904.jar:/home/user/.m2/repository/commons-daemon/commons-daemon/1.0.13/commons-daemon-1.0.13.jar:/home/user/.m2/repository/io/netty/netty/3.10.5.Final/netty-3.10.5.Final.jar:/home/user/.m2/repository/io/netty/netty-all/4.0.52.Final/netty-all-4.0.52.Final.jar:/home/user/.m2/repository/org/fusesource/leveldbjni/leveldbjni-all/1.8/leveldbjni-all-1.8.jar:"/>
    <property name="sun.cpu.endian" value="little"/>
    <property name="user.home" value="/home/user"/>
    <property name="user.language" value="en"/>
    <property name="java.specification.vendor" value="Oracle Corporation"/>
    <property name="java.home" value="/usr/lib/jvm/java-1.8.0-openjdk-1.8.0.222.b10-1.el7_7.x86_64/jre"/>
    <property name="surefire.excludesFile" value="/tools/ozone-bad-unit-tests"/>
    <property name="java.security.krb5.conf" value="/workdir/hadoop-ozone/integration-test/target/test-classes/krb5.conf"/>
    <property name="basedir" value="/workdir/hadoop-ozone/integration-test"/>
    <property name="file.separator" value="/"/>
    <property name="line.separator" value="&#10;"/>
    <property name="java.vm.specification.vendor" value="Oracle Corporation"/>
    <property name="java.specification.name" value="Java Platform API Specification"/>
    <property name="java.awt.graphicsenv" value="sun.awt.X11GraphicsEnvironment"/>
    <property name="surefire.real.class.path" value="/workdir/hadoop-ozone/integration-test/target/surefire/surefirebooter4023513465017405661.jar"/>
    <property name="hadoop.log.dir" value="/workdir/hadoop-ozone/integration-test/target/log"/>
    <property name="sun.boot.class.path" value="/usr/lib/jvm/java-1.8.0-openjdk-1.8.0.222.b10-1.el7_7.x86_64/jre/lib/resources.jar:/usr/lib/jvm/java-1.8.0-openjdk-1.8.0.222.b10-1.el7_7.x86_64/jre/lib/rt.jar:/usr/lib/jvm/java-1.8.0-openjdk-1.8.0.222.b10-1.el7_7.x86_64/jre/lib/sunrsasign.jar:/usr/lib/jvm/java-1.8.0-openjdk-1.8.0.222.b10-1.el7_7.x86_64/jre/lib/jsse.jar:/usr/lib/jvm/java-1.8.0-openjdk-1.8.0.222.b10-1.el7_7.x86_64/jre/lib/jce.jar:/usr/lib/jvm/java-1.8.0-openjdk-1.8.0.222.b10-1.el7_7.x86_64/jre/lib/charsets.jar:/usr/lib/jvm/java-1.8.0-openjdk-1.8.0.222.b10-1.el7_7.x86_64/jre/lib/jfr.jar:/usr/lib/jvm/java-1.8.0-openjdk-1.8.0.222.b10-1.el7_7.x86_64/jre/classes"/>
    <property name="sun.management.compiler" value="HotSpot 64-Bit Tiered Compilers"/>
    <property name="java.runtime.version" value="1.8.0_222-b10"/>
    <property name="java.net.preferIPv4Stack" value="true"/>
    <property name="user.name" value="jenkins1000"/>
    <property name="path.separator" value=":"/>
    <property name="java.security.egd" value="file:///dev/urandom"/>
    <property name="os.version" value="3.10.0-957.12.2.el7.x86_64"/>
    <property name="java.endorsed.dirs" value="/usr/lib/jvm/java-1.8.0-openjdk-1.8.0.222.b10-1.el7_7.x86_64/jre/lib/endorsed"/>
    <property name="java.runtime.name" value="OpenJDK Runtime Environment"/>
    <property name="file.encoding" value="ANSI_X3.4-1968"/>
    <property name="java.vm.name" value="OpenJDK 64-Bit Server VM"/>
    <property name="test.build.webapps" value=""/>
    <property name="localRepository" value="/home/user/.m2/repository"/>
    <property name="java.vendor.url.bug" value="http://bugreport.sun.com/bugreport/"/>
    <property name="java.io.tmpdir" value="/tmp"/>
    <property name="require.test.libhadoop" value=""/>
    <property name="java.version" value="1.8.0_222"/>
    <property name="user.dir" value="/workdir/hadoop-ozone/integration-test"/>
    <property name="os.arch" value="amd64"/>
    <property name="java.vm.specification.name" value="Java Virtual Machine Specification"/>
    <property name="test.build.classes" value="/workdir/hadoop-ozone/integration-test/target/test-classes"/>
    <property name="java.awt.printerjob" value="sun.print.PSPrinterJob"/>
    <property name="sun.os.patch.level" value="unknown"/>
    <property name="hadoop.tmp.dir" value="/workdir/hadoop-ozone/integration-test/target/tmp"/>
    <property name="java.library.path" value="/usr/lib:/workdir/hadoop-ozone/integration-test/target/native/target/usr/local/lib:/workdir/hadoop-ozone/integration-test/../../hadoop-common-project/hadoop-common/target/native/target/usr/local/lib:/usr/java/packages/lib/amd64:/usr/lib64:/lib64:/lib:/usr/lib"/>
    <property name="java.vm.info" value="mixed mode"/>
    <property name="java.vendor" value="Oracle Corporation"/>
    <property name="java.vm.version" value="25.222-b10"/>
    <property name="java.ext.dirs" value="/usr/lib/jvm/java-1.8.0-openjdk-1.8.0.222.b10-1.el7_7.x86_64/jre/lib/ext:/usr/java/packages/lib/ext"/>
    <property name="sun.io.unicode.encoding" value="UnicodeLittle"/>
    <property name="java.class.version" value="52.0"/>
  </properties>
  <testcase name="testDeleteKeyWithSlowFollower" classname="org.apache.hadoop.ozone.client.rpc.TestDeleteWithSlowFollower" time="120.358">
    <failure type="java.lang.AssertionError">java.lang.AssertionError
	at org.junit.Assert.fail(Assert.java:86)
	at org.junit.Assert.assertTrue(Assert.java:41)
	at org.junit.Assert.assertTrue(Assert.java:52)
	at org.apache.hadoop.ozone.client.rpc.TestDeleteWithSlowFollower.testDeleteKeyWithSlowFollower(TestDeleteWithSlowFollower.java:265)
	at sun.reflect.NativeMethodAccessorImpl.invoke0(Native Method)
	at sun.reflect.NativeMethodAccessorImpl.invoke(NativeMethodAccessorImpl.java:62)
	at sun.reflect.DelegatingMethodAccessorImpl.invoke(DelegatingMethodAccessorImpl.java:43)
	at java.lang.reflect.Method.invoke(Method.java:498)
	at org.junit.runners.model.FrameworkMethod$1.runReflectiveCall(FrameworkMethod.java:47)
	at org.junit.internal.runners.model.ReflectiveCallable.run(ReflectiveCallable.java:12)
	at org.junit.runners.model.FrameworkMethod.invokeExplosively(FrameworkMethod.java:44)
	at org.junit.internal.runners.statements.InvokeMethod.evaluate(InvokeMethod.java:17)
	at org.junit.runners.ParentRunner.runLeaf(ParentRunner.java:271)
	at org.junit.runners.BlockJUnit4ClassRunner.runChild(BlockJUnit4ClassRunner.java:70)
	at org.junit.runners.BlockJUnit4ClassRunner.runChild(BlockJUnit4ClassRunner.java:50)
	at org.junit.runners.ParentRunner$3.run(ParentRunner.java:238)
	at org.junit.runners.ParentRunner$1.schedule(ParentRunner.java:63)
	at org.junit.runners.ParentRunner.runChildren(ParentRunner.java:236)
	at org.junit.runners.ParentRunner.access$000(ParentRunner.java:53)
	at org.junit.runners.ParentRunner$2.evaluate(ParentRunner.java:229)
	at org.junit.internal.runners.statements.RunBefores.evaluate(RunBefores.java:26)
	at org.junit.internal.runners.statements.RunAfters.evaluate(RunAfters.java:27)
	at org.junit.runners.ParentRunner.run(ParentRunner.java:309)
	at org.apache.maven.surefire.junit4.JUnit4Provider.execute(JUnit4Provider.java:365)
	at org.apache.maven.surefire.junit4.JUnit4Provider.executeWithRerun(JUnit4Provider.java:273)
	at org.apache.maven.surefire.junit4.JUnit4Provider.executeTestSet(JUnit4Provider.java:238)
	at org.apache.maven.surefire.junit4.JUnit4Provider.invoke(JUnit4Provider.java:159)
	at org.apache.maven.surefire.booter.ForkedBooter.invokeProviderInSameClassLoader(ForkedBooter.java:384)
	at org.apache.maven.surefire.booter.ForkedBooter.runSuitesInProcess(ForkedBooter.java:345)
	at org.apache.maven.surefire.booter.ForkedBooter.execute(ForkedBooter.java:126)
	at org.apache.maven.surefire.booter.ForkedBooter.main(ForkedBooter.java:418)
</failure>
    <system-out><![CDATA[2019-10-18 12:49:35,010 [main] WARN  server.ServerUtils (ServerUtils.java:getScmDbDir(145)) - ozone.scm.db.dirs is not configured. We recommend adding this setting. Falling back to ozone.metadata.dirs instead.
2019-10-18 12:49:35,190 [main] WARN  server.ServerUtils (ServerUtils.java:getScmDbDir(145)) - ozone.scm.db.dirs is not configured. We recommend adding this setting. Falling back to ozone.metadata.dirs instead.
2019-10-18 12:49:35,193 [main] WARN  server.ServerUtils (ServerUtils.java:getScmDbDir(145)) - ozone.scm.db.dirs is not configured. We recommend adding this setting. Falling back to ozone.metadata.dirs instead.
2019-10-18 12:49:35,218 [main] INFO  util.log (Log.java:initialized(192)) - Logging initialized @1009ms
2019-10-18 12:49:35,304 [main] INFO  db.DBStoreBuilder (DBStoreBuilder.java:addTable(117)) - using custom profile for table: deletedBlocks
2019-10-18 12:49:35,304 [main] INFO  db.DBStoreBuilder (DBStoreBuilder.java:processTables(168)) - Using default column profile:DBProfile.DISK for Table:deletedBlocks
2019-10-18 12:49:35,305 [main] INFO  db.DBStoreBuilder (DBStoreBuilder.java:addTable(117)) - using custom profile for table: validCerts
2019-10-18 12:49:35,305 [main] INFO  db.DBStoreBuilder (DBStoreBuilder.java:processTables(168)) - Using default column profile:DBProfile.DISK for Table:validCerts
2019-10-18 12:49:35,305 [main] INFO  db.DBStoreBuilder (DBStoreBuilder.java:addTable(117)) - using custom profile for table: revokedCerts
2019-10-18 12:49:35,306 [main] INFO  db.DBStoreBuilder (DBStoreBuilder.java:processTables(168)) - Using default column profile:DBProfile.DISK for Table:revokedCerts
2019-10-18 12:49:35,320 [main] INFO  db.DBStoreBuilder (DBStoreBuilder.java:addTable(117)) - using custom profile for table: default
2019-10-18 12:49:35,321 [main] INFO  db.DBStoreBuilder (DBStoreBuilder.java:processTables(174)) - Using default column profile:DBProfile.DISK for Table:default
2019-10-18 12:49:35,322 [main] INFO  db.DBStoreBuilder (DBStoreBuilder.java:getDbProfile(205)) - Using default options. DBProfile.DISK
2019-10-18 12:49:35,763 [main] INFO  net.NodeSchemaLoader (NodeSchemaLoader.java:loadSchemaFromFile(125)) - Loading file from sun.misc.CompoundEnumeration@74235045
2019-10-18 12:49:35,766 [main] INFO  net.NodeSchemaLoader (NodeSchemaLoader.java:loadSchema(171)) - Loading network topology layer schema file
2019-10-18 12:49:35,830 [main] WARN  server.ServerUtils (ServerUtils.java:sanitizeUserArgs(70)) - ozone.scm.stale.node.interval value = 1000000 is larger than max = 100000 based on the key value of ozone.scm.heartbeat.thread.interval, reset to the max value 100000.
2019-10-18 12:49:35,832 [main] WARN  server.ServerUtils (ServerUtils.java:sanitizeUserArgs(70)) - ozone.scm.stale.node.interval value = 1000000 is larger than max = 100000 based on the key value of ozone.scm.heartbeat.thread.interval, reset to the max value 100000.
2019-10-18 12:49:35,835 [main] INFO  node.SCMNodeManager (SCMNodeManager.java:<init>(116)) - Entering startup safe mode.
2019-10-18 12:49:35,897 [main] INFO  algorithms.ContainerPlacementPolicyFactory (ContainerPlacementPolicyFactory.java:getPolicy(57)) - Create container placement policy of type org.apache.hadoop.hdds.scm.container.placement.algorithms.SCMContainerPlacementRandom
2019-10-18 12:49:35,910 [main] WARN  server.ServerUtils (ServerUtils.java:getScmDbDir(145)) - ozone.scm.db.dirs is not configured. We recommend adding this setting. Falling back to ozone.metadata.dirs instead.
2019-10-18 12:49:36,054 [main] INFO  pipeline.SCMPipelineManager (SCMPipelineManager.java:initializePipelineState(132)) - No pipeline exists in current db
2019-10-18 12:49:36,056 [main] WARN  server.ServerUtils (ServerUtils.java:getScmDbDir(145)) - ozone.scm.db.dirs is not configured. We recommend adding this setting. Falling back to ozone.metadata.dirs instead.
2019-10-18 12:49:36,231 [main] WARN  events.EventQueue (EventQueue.java:fireEvent(183)) - No event handler registered for event TypedEvent{payloadType=SafeModeStatus, name='SafeModeStatus'}
2019-10-18 12:49:36,574 [main] INFO  ipc.CallQueueManager (CallQueueManager.java:<init>(84)) - Using callQueue: class java.util.concurrent.LinkedBlockingQueue, queueCapacity: 2000, scheduler: class org.apache.hadoop.ipc.DefaultRpcScheduler, ipcBackoff: false.
2019-10-18 12:49:36,681 [Socket Reader #1 for port 32844] INFO  ipc.Server (Server.java:run(1074)) - Starting Socket Reader #1 for port 32844
2019-10-18 12:49:36,709 [main] INFO  ipc.CallQueueManager (CallQueueManager.java:<init>(84)) - Using callQueue: class java.util.concurrent.LinkedBlockingQueue, queueCapacity: 2000, scheduler: class org.apache.hadoop.ipc.DefaultRpcScheduler, ipcBackoff: false.
2019-10-18 12:49:36,710 [Socket Reader #1 for port 35070] INFO  ipc.Server (Server.java:run(1074)) - Starting Socket Reader #1 for port 35070
2019-10-18 12:49:36,718 [main] INFO  ipc.CallQueueManager (CallQueueManager.java:<init>(84)) - Using callQueue: class java.util.concurrent.LinkedBlockingQueue, queueCapacity: 2000, scheduler: class org.apache.hadoop.ipc.DefaultRpcScheduler, ipcBackoff: false.
2019-10-18 12:49:36,719 [Socket Reader #1 for port 43091] INFO  ipc.Server (Server.java:run(1074)) - Starting Socket Reader #1 for port 43091
2019-10-18 12:49:36,741 [main] INFO  hdfs.DFSUtil (DFSUtil.java:httpServerTemplateForNNAndJN(1641)) - Starting Web-server for scm at: http://0.0.0.0:0
2019-10-18 12:49:36,882 [main] INFO  server.AuthenticationFilter (AuthenticationFilter.java:constructSecretProvider(240)) - Unable to initialize FileSignerSecretProvider, falling back to use random secrets.
2019-10-18 12:49:36,890 [main] WARN  http.HttpRequestLog (HttpRequestLog.java:getRequestLog(97)) - Jetty request log can only be enabled using Log4j
2019-10-18 12:49:36,898 [main] INFO  http.HttpServer2 (HttpServer2.java:addGlobalFilter(975)) - Added global filter 'safety' (class=org.apache.hadoop.http.HttpServer2$QuotingInputFilter)
2019-10-18 12:49:36,901 [main] INFO  http.HttpServer2 (HttpServer2.java:addFilter(948)) - Added filter static_user_filter (class=org.apache.hadoop.http.lib.StaticUserWebFilter$StaticUserFilter) to context scm
2019-10-18 12:49:36,901 [main] INFO  http.HttpServer2 (HttpServer2.java:addFilter(958)) - Added filter static_user_filter (class=org.apache.hadoop.http.lib.StaticUserWebFilter$StaticUserFilter) to context logs
2019-10-18 12:49:36,901 [main] INFO  http.HttpServer2 (HttpServer2.java:addFilter(958)) - Added filter static_user_filter (class=org.apache.hadoop.http.lib.StaticUserWebFilter$StaticUserFilter) to context static
2019-10-18 12:49:36,931 [main] INFO  server.StorageContainerManager (StorageContainerManager.java:start(772)) - StorageContainerLocationProtocol RPC server is listening at /0.0.0.0:43091
2019-10-18 12:49:36,997 [main] WARN  impl.MetricsConfig (MetricsConfig.java:loadFirst(134)) - Cannot locate configuration: tried hadoop-metrics2-storagecontainermanager.properties,hadoop-metrics2.properties
2019-10-18 12:49:37,009 [main] INFO  impl.MetricsSystemImpl (MetricsSystemImpl.java:startTimer(374)) - Scheduled Metric snapshot period at 10 second(s).
2019-10-18 12:49:37,009 [main] INFO  impl.MetricsSystemImpl (MetricsSystemImpl.java:start(191)) - StorageContainerManager metrics system started
2019-10-18 12:49:37,230 [main] INFO  server.SCMClientProtocolServer (SCMClientProtocolServer.java:start(159)) - RPC server for Client  is listening at /0.0.0.0:43091
2019-10-18 12:49:37,230 [IPC Server Responder] INFO  ipc.Server (Server.java:run(1314)) - IPC Server Responder: starting
2019-10-18 12:49:37,230 [IPC Server listener on 43091] INFO  ipc.Server (Server.java:run(1153)) - IPC Server listener on 43091: starting
2019-10-18 12:49:37,232 [main] INFO  server.StorageContainerManager (StorageContainerManager.java:start(782)) - ScmBlockLocationProtocol RPC server is listening at /0.0.0.0:35070
2019-10-18 12:49:37,233 [main] INFO  server.SCMBlockProtocolServer (SCMBlockProtocolServer.java:start(146)) - RPC server for Block Protocol is listening at /0.0.0.0:35070
2019-10-18 12:49:37,233 [IPC Server Responder] INFO  ipc.Server (Server.java:run(1314)) - IPC Server Responder: starting
2019-10-18 12:49:37,233 [IPC Server listener on 35070] INFO  ipc.Server (Server.java:run(1153)) - IPC Server listener on 35070: starting
2019-10-18 12:49:37,235 [main] INFO  server.StorageContainerManager (StorageContainerManager.java:start(786)) - ScmDatanodeProtocl RPC server is listening at /0.0.0.0:32844
2019-10-18 12:49:37,235 [main] INFO  server.SCMDatanodeProtocolServer (SCMDatanodeProtocolServer.java:start(169)) - RPC server for DataNodes is listening at /0.0.0.0:32844
2019-10-18 12:49:37,236 [IPC Server Responder] INFO  ipc.Server (Server.java:run(1314)) - IPC Server Responder: starting
2019-10-18 12:49:37,236 [IPC Server listener on 32844] INFO  ipc.Server (Server.java:run(1153)) - IPC Server listener on 32844: starting
2019-10-18 12:49:37,239 [main] INFO  http.HttpServer2 (HttpServer2.java:bindListener(1191)) - Jetty bound to port 42235
2019-10-18 12:49:37,241 [main] INFO  server.Server (Server.java:doStart(351)) - jetty-9.3.25.v20180904, build timestamp: 2018-09-04T21:11:46Z, git hash: 3ce520221d0240229c862b122d2b06c12a625732
2019-10-18 12:49:37,277 [main] INFO  handler.ContextHandler (ContextHandler.java:doStart(781)) - Started o.e.j.s.ServletContextHandler@42f8285e{/logs,file:///workdir/hadoop-ozone/integration-test/target/log,AVAILABLE}
2019-10-18 12:49:37,278 [main] INFO  handler.ContextHandler (ContextHandler.java:doStart(781)) - Started o.e.j.s.ServletContextHandler@3724af13{/static,file:///workdir/hadoop-ozone/integration-test/target/test-classes/webapps/static,AVAILABLE}
2019-10-18 12:49:37,307 [main] INFO  handler.ContextHandler (ContextHandler.java:doStart(781)) - Started o.e.j.w.WebAppContext@24a1c17f{/,file:///workdir/hadoop-ozone/integration-test/target/test-classes/webapps/scm/,AVAILABLE}{/scm}
2019-10-18 12:49:37,313 [main] INFO  server.AbstractConnector (AbstractConnector.java:doStart(278)) - Started ServerConnector@4d63b624{HTTP/1.1,[http/1.1]}{0.0.0.0:42235}
2019-10-18 12:49:37,313 [main] INFO  server.Server (Server.java:doStart(419)) - Started @3105ms
2019-10-18 12:49:37,315 [main] INFO  impl.MetricsSinkAdapter (MetricsSinkAdapter.java:start(204)) - Sink prometheus started
2019-10-18 12:49:37,315 [main] INFO  impl.MetricsSystemImpl (MetricsSystemImpl.java:registerSink(301)) - Registered sink prometheus
2019-10-18 12:49:37,316 [main] INFO  server.BaseHttpServer (BaseHttpServer.java:updateConnectorAddress(215)) - HTTP server of SCM is listening at http://0.0.0.0:42235
2019-10-18 12:49:37,321 [org.apache.hadoop.util.JvmPauseMonitor$Monitor@4b629f13] INFO  util.JvmPauseMonitor (JvmPauseMonitor.java:run(188)) - Starting JVM pause monitor
2019-10-18 12:49:37,324 [main] WARN  server.ServerUtils (ServerUtils.java:getDBPath(222)) - ozone.om.db.dirs is not configured. We recommend adding this setting. Falling back to ozone.metadata.dirs instead.
2019-10-18 12:49:37,473 [main] INFO  ha.OMHANodeDetails (OMHANodeDetails.java:loadOMHAConfig(190)) - Configuration either no ozone.om.address set. Falling back to the default OM address /127.0.0.1:0
2019-10-18 12:49:37,474 [main] INFO  ha.OMHANodeDetails (OMHANodeDetails.java:getOMNodeDetails(220)) - OM Service ID is not set. Setting it to the default ID: omServiceIdDefault
2019-10-18 12:49:37,476 [main] WARN  server.ServerUtils (ServerUtils.java:getDBPath(222)) - ozone.om.db.dirs is not configured. We recommend adding this setting. Falling back to ozone.metadata.dirs instead.
2019-10-18 12:49:37,477 [main] WARN  server.ServerUtils (ServerUtils.java:getDBPath(222)) - ozone.om.db.dirs is not configured. We recommend adding this setting. Falling back to ozone.metadata.dirs instead.
2019-10-18 12:49:38,057 [main] WARN  server.ServerUtils (ServerUtils.java:getDBPath(222)) - ozone.om.db.dirs is not configured. We recommend adding this setting. Falling back to ozone.metadata.dirs instead.
2019-10-18 12:49:38,065 [main] INFO  db.DBStoreBuilder (DBStoreBuilder.java:addTable(117)) - using custom profile for table: userTable
2019-10-18 12:49:38,066 [main] INFO  db.DBStoreBuilder (DBStoreBuilder.java:processTables(168)) - Using default column profile:DBProfile.DISK for Table:userTable
2019-10-18 12:49:38,066 [main] INFO  db.DBStoreBuilder (DBStoreBuilder.java:addTable(117)) - using custom profile for table: volumeTable
2019-10-18 12:49:38,066 [main] INFO  db.DBStoreBuilder (DBStoreBuilder.java:processTables(168)) - Using default column profile:DBProfile.DISK for Table:volumeTable
2019-10-18 12:49:38,066 [main] INFO  db.DBStoreBuilder (DBStoreBuilder.java:addTable(117)) - using custom profile for table: bucketTable
2019-10-18 12:49:38,066 [main] INFO  db.DBStoreBuilder (DBStoreBuilder.java:processTables(168)) - Using default column profile:DBProfile.DISK for Table:bucketTable
2019-10-18 12:49:38,067 [main] INFO  db.DBStoreBuilder (DBStoreBuilder.java:addTable(117)) - using custom profile for table: keyTable
2019-10-18 12:49:38,067 [main] INFO  db.DBStoreBuilder (DBStoreBuilder.java:processTables(168)) - Using default column profile:DBProfile.DISK for Table:keyTable
2019-10-18 12:49:38,067 [main] INFO  db.DBStoreBuilder (DBStoreBuilder.java:addTable(117)) - using custom profile for table: deletedTable
2019-10-18 12:49:38,067 [main] INFO  db.DBStoreBuilder (DBStoreBuilder.java:processTables(168)) - Using default column profile:DBProfile.DISK for Table:deletedTable
2019-10-18 12:49:38,068 [main] INFO  db.DBStoreBuilder (DBStoreBuilder.java:addTable(117)) - using custom profile for table: openKeyTable
2019-10-18 12:49:38,068 [main] INFO  db.DBStoreBuilder (DBStoreBuilder.java:processTables(168)) - Using default column profile:DBProfile.DISK for Table:openKeyTable
2019-10-18 12:49:38,068 [main] INFO  db.DBStoreBuilder (DBStoreBuilder.java:addTable(117)) - using custom profile for table: s3Table
2019-10-18 12:49:38,068 [main] INFO  db.DBStoreBuilder (DBStoreBuilder.java:processTables(168)) - Using default column profile:DBProfile.DISK for Table:s3Table
2019-10-18 12:49:38,069 [main] INFO  db.DBStoreBuilder (DBStoreBuilder.java:addTable(117)) - using custom profile for table: multipartInfoTable
2019-10-18 12:49:38,069 [main] INFO  db.DBStoreBuilder (DBStoreBuilder.java:processTables(168)) - Using default column profile:DBProfile.DISK for Table:multipartInfoTable
2019-10-18 12:49:38,069 [main] INFO  db.DBStoreBuilder (DBStoreBuilder.java:addTable(117)) - using custom profile for table: dTokenTable
2019-10-18 12:49:38,069 [main] INFO  db.DBStoreBuilder (DBStoreBuilder.java:processTables(168)) - Using default column profile:DBProfile.DISK for Table:dTokenTable
2019-10-18 12:49:38,069 [main] INFO  db.DBStoreBuilder (DBStoreBuilder.java:addTable(117)) - using custom profile for table: s3SecretTable
2019-10-18 12:49:38,070 [main] INFO  db.DBStoreBuilder (DBStoreBuilder.java:processTables(168)) - Using default column profile:DBProfile.DISK for Table:s3SecretTable
2019-10-18 12:49:38,070 [main] INFO  db.DBStoreBuilder (DBStoreBuilder.java:addTable(117)) - using custom profile for table: prefixTable
2019-10-18 12:49:38,070 [main] INFO  db.DBStoreBuilder (DBStoreBuilder.java:processTables(168)) - Using default column profile:DBProfile.DISK for Table:prefixTable
2019-10-18 12:49:38,070 [main] INFO  db.DBStoreBuilder (DBStoreBuilder.java:addTable(117)) - using custom profile for table: default
2019-10-18 12:49:38,071 [main] INFO  db.DBStoreBuilder (DBStoreBuilder.java:processTables(174)) - Using default column profile:DBProfile.DISK for Table:default
2019-10-18 12:49:38,071 [main] INFO  db.DBStoreBuilder (DBStoreBuilder.java:getDbProfile(205)) - Using default options. DBProfile.DISK
2019-10-18 12:49:39,459 [main] INFO  ipc.CallQueueManager (CallQueueManager.java:<init>(84)) - Using callQueue: class java.util.concurrent.LinkedBlockingQueue, queueCapacity: 2000, scheduler: class org.apache.hadoop.ipc.DefaultRpcScheduler, ipcBackoff: false.
2019-10-18 12:49:39,461 [Socket Reader #1 for port 34155] INFO  ipc.Server (Server.java:run(1074)) - Starting Socket Reader #1 for port 34155
2019-10-18 12:49:39,484 [main] INFO  om.OzoneManager (OzoneManager.java:start(1074)) - OzoneManager RPC server is listening at localhost/127.0.0.1:34155
2019-10-18 12:49:39,485 [main] INFO  impl.MetricsSystemImpl (MetricsSystemImpl.java:init(158)) - OzoneManager metrics system started (again)
2019-10-18 12:49:39,493 [IPC Server Responder] INFO  ipc.Server (Server.java:run(1314)) - IPC Server Responder: starting
2019-10-18 12:49:39,493 [IPC Server listener on 34155] INFO  ipc.Server (Server.java:run(1153)) - IPC Server listener on 34155: starting
2019-10-18 12:49:39,500 [main] INFO  hdfs.DFSUtil (DFSUtil.java:httpServerTemplateForNNAndJN(1641)) - Starting Web-server for ozoneManager at: http://0.0.0.0:0
2019-10-18 12:49:39,503 [main] INFO  server.AuthenticationFilter (AuthenticationFilter.java:constructSecretProvider(240)) - Unable to initialize FileSignerSecretProvider, falling back to use random secrets.
2019-10-18 12:49:39,503 [main] WARN  http.HttpRequestLog (HttpRequestLog.java:getRequestLog(97)) - Jetty request log can only be enabled using Log4j
2019-10-18 12:49:39,506 [main] INFO  http.HttpServer2 (HttpServer2.java:addGlobalFilter(975)) - Added global filter 'safety' (class=org.apache.hadoop.http.HttpServer2$QuotingInputFilter)
2019-10-18 12:49:39,506 [main] INFO  http.HttpServer2 (HttpServer2.java:addFilter(948)) - Added filter static_user_filter (class=org.apache.hadoop.http.lib.StaticUserWebFilter$StaticUserFilter) to context ozoneManager
2019-10-18 12:49:39,507 [main] INFO  http.HttpServer2 (HttpServer2.java:addFilter(958)) - Added filter static_user_filter (class=org.apache.hadoop.http.lib.StaticUserWebFilter$StaticUserFilter) to context static
2019-10-18 12:49:39,507 [main] INFO  http.HttpServer2 (HttpServer2.java:addFilter(958)) - Added filter static_user_filter (class=org.apache.hadoop.http.lib.StaticUserWebFilter$StaticUserFilter) to context logs
2019-10-18 12:49:39,509 [main] INFO  http.HttpServer2 (HttpServer2.java:bindListener(1191)) - Jetty bound to port 37021
2019-10-18 12:49:39,509 [main] INFO  server.Server (Server.java:doStart(351)) - jetty-9.3.25.v20180904, build timestamp: 2018-09-04T21:11:46Z, git hash: 3ce520221d0240229c862b122d2b06c12a625732
2019-10-18 12:49:39,511 [main] INFO  handler.ContextHandler (ContextHandler.java:doStart(781)) - Started o.e.j.s.ServletContextHandler@aa10649{/logs,file:///workdir/hadoop-ozone/integration-test/target/log,AVAILABLE}
2019-10-18 12:49:39,512 [main] INFO  handler.ContextHandler (ContextHandler.java:doStart(781)) - Started o.e.j.s.ServletContextHandler@37095ded{/static,file:///workdir/hadoop-ozone/integration-test/target/test-classes/webapps/static,AVAILABLE}
2019-10-18 12:49:39,517 [main] INFO  handler.ContextHandler (ContextHandler.java:doStart(781)) - Started o.e.j.w.WebAppContext@75b3673{/,file:///workdir/hadoop-ozone/integration-test/target/test-classes/webapps/ozoneManager/,AVAILABLE}{/ozoneManager}
2019-10-18 12:49:39,518 [main] INFO  server.AbstractConnector (AbstractConnector.java:doStart(278)) - Started ServerConnector@1bcb79c2{HTTP/1.1,[http/1.1]}{0.0.0.0:37021}
2019-10-18 12:49:39,518 [main] INFO  server.Server (Server.java:doStart(419)) - Started @5310ms
2019-10-18 12:49:39,518 [main] WARN  impl.MetricsSystemImpl (MetricsSystemImpl.java:register(276)) - Sink prometheus already exists!
2019-10-18 12:49:39,519 [main] INFO  server.BaseHttpServer (BaseHttpServer.java:updateConnectorAddress(215)) - HTTP server of OZONEMANAGER is listening at http://0.0.0.0:37021
2019-10-18 12:49:39,772 [main] INFO  impl.MetricsSystemImpl (MetricsSystemImpl.java:init(158)) - HddsDatanode metrics system started (again)
2019-10-18 12:49:39,818 [main] INFO  ozone.HddsDatanodeService (HddsDatanodeService.java:start(184)) - HddsDatanodeService host:pr-hdds-2330-xmbvw-1183399999 ip:192.168.34.56
2019-10-18 12:49:39,847 [main] INFO  volume.HddsVolume (HddsVolume.java:<init>(176)) - Creating Volume: /workdir/hadoop-ozone/integration-test/target/test-dir/MiniOzoneClusterImpl-3be10f8d-1302-4718-9a55-95b8fc69e0de/datanode-0/data/containers/hdds of  storage type : DISK and capacity : 1482555576320
2019-10-18 12:49:39,848 [main] INFO  volume.VolumeSet (VolumeSet.java:initializeVolumeSet(170)) - Added Volume : /workdir/hadoop-ozone/integration-test/target/test-dir/MiniOzoneClusterImpl-3be10f8d-1302-4718-9a55-95b8fc69e0de/datanode-0/data/containers/hdds to VolumeSet
2019-10-18 12:49:39,851 [main] INFO  volume.ThrottledAsyncChecker (ThrottledAsyncChecker.java:schedule(141)) - Scheduling a check for /workdir/hadoop-ozone/integration-test/target/test-dir/MiniOzoneClusterImpl-3be10f8d-1302-4718-9a55-95b8fc69e0de/datanode-0/data/containers/hdds
2019-10-18 12:49:39,867 [main] INFO  volume.HddsVolumeChecker (HddsVolumeChecker.java:checkAllVolumes(204)) - Scheduled health check for volume /workdir/hadoop-ozone/integration-test/target/test-dir/MiniOzoneClusterImpl-3be10f8d-1302-4718-9a55-95b8fc69e0de/datanode-0/data/containers/hdds
2019-10-18 12:49:39,976 [main] INFO  impl.RaftServerProxy (ConfUtils.java:logGet(43)) - raft.rpc.type = GRPC (default)
2019-10-18 12:49:40,035 [main] INFO  grpc.GrpcFactory (GrpcFactory.java:checkPooledByteBufAllocatorUseCacheForAllThreads(45)) - PERFORMANCE WARNING: useCacheForAllThreads is true that may cause Netty to create a lot garbage objects and, as a result, trigger GC.
	It is recommended to disable useCacheForAllThreads by setting -Dorg.apache.ratis.thirdparty.io.netty.allocator.useCacheForAllThreads=false in command line.
2019-10-18 12:49:40,041 [main] INFO  grpc.GrpcConfigKeys$Server (ConfUtils.java:logGet(43)) - raft.grpc.server.port = 0 (default)
2019-10-18 12:49:40,042 [main] INFO  server.GrpcService (ConfUtils.java:logGet(43)) - raft.grpc.message.size.max = 33570816 (custom)
2019-10-18 12:49:40,043 [main] INFO  server.RaftServerConfigKeys (ConfUtils.java:logGet(43)) - raft.server.log.appender.buffer.byte-limit = 33554432 (custom)
2019-10-18 12:49:40,044 [main] INFO  server.GrpcService (ConfUtils.java:logGet(43)) - raft.grpc.flow.control.window = 1MB (=1048576) (default)
2019-10-18 12:49:40,045 [main] INFO  server.RaftServerConfigKeys (ConfUtils.java:logGet(43)) - raft.server.rpc.request.timeout = 3000ms (default)
2019-10-18 12:49:40,207 [main] INFO  server.RaftServerConfigKeys (ConfUtils.java:logGet(43)) - raft.server.storage.dir = [/workdir/hadoop-ozone/integration-test/target/test-dir/MiniOzoneClusterImpl-3be10f8d-1302-4718-9a55-95b8fc69e0de/datanode-0/data/ratis] (custom)
2019-10-18 12:49:40,253 [main] INFO  hdfs.DFSUtil (DFSUtil.java:httpServerTemplateForNNAndJN(1641)) - Starting Web-server for hddsDatanode at: http://0.0.0.0:0
2019-10-18 12:49:40,255 [main] INFO  server.AuthenticationFilter (AuthenticationFilter.java:constructSecretProvider(240)) - Unable to initialize FileSignerSecretProvider, falling back to use random secrets.
2019-10-18 12:49:40,256 [main] WARN  http.HttpRequestLog (HttpRequestLog.java:getRequestLog(97)) - Jetty request log can only be enabled using Log4j
2019-10-18 12:49:40,258 [main] INFO  http.HttpServer2 (HttpServer2.java:addGlobalFilter(975)) - Added global filter 'safety' (class=org.apache.hadoop.http.HttpServer2$QuotingInputFilter)
2019-10-18 12:49:40,258 [main] INFO  http.HttpServer2 (HttpServer2.java:addFilter(948)) - Added filter static_user_filter (class=org.apache.hadoop.http.lib.StaticUserWebFilter$StaticUserFilter) to context hddsDatanode
2019-10-18 12:49:40,258 [main] INFO  http.HttpServer2 (HttpServer2.java:addFilter(958)) - Added filter static_user_filter (class=org.apache.hadoop.http.lib.StaticUserWebFilter$StaticUserFilter) to context logs
2019-10-18 12:49:40,259 [main] INFO  http.HttpServer2 (HttpServer2.java:addFilter(958)) - Added filter static_user_filter (class=org.apache.hadoop.http.lib.StaticUserWebFilter$StaticUserFilter) to context static
2019-10-18 12:49:40,260 [main] INFO  http.HttpServer2 (HttpServer2.java:bindListener(1191)) - Jetty bound to port 42449
2019-10-18 12:49:40,260 [main] INFO  server.Server (Server.java:doStart(351)) - jetty-9.3.25.v20180904, build timestamp: 2018-09-04T21:11:46Z, git hash: 3ce520221d0240229c862b122d2b06c12a625732
2019-10-18 12:49:40,262 [main] INFO  handler.ContextHandler (ContextHandler.java:doStart(781)) - Started o.e.j.s.ServletContextHandler@60cf62ad{/logs,file:///workdir/hadoop-ozone/integration-test/target/log,AVAILABLE}
2019-10-18 12:49:40,263 [main] INFO  handler.ContextHandler (ContextHandler.java:doStart(781)) - Started o.e.j.s.ServletContextHandler@1ac4ccad{/static,jar:file:/home/user/.m2/repository/org/apache/hadoop/hadoop-hdds-container-service/0.5.0-SNAPSHOT/hadoop-hdds-container-service-0.5.0-SNAPSHOT.jar!/webapps/static,AVAILABLE}
2019-10-18 12:49:40,304 [main] INFO  handler.ContextHandler (ContextHandler.java:doStart(781)) - Started o.e.j.w.WebAppContext@de8039f{/,file:///tmp/jetty-0.0.0.0-42449-hddsDatanode-_-any-2458633513173576775.dir/webapp/,AVAILABLE}{/hddsDatanode}
2019-10-18 12:49:40,306 [main] INFO  server.AbstractConnector (AbstractConnector.java:doStart(278)) - Started ServerConnector@1deceb67{HTTP/1.1,[http/1.1]}{0.0.0.0:42449}
2019-10-18 12:49:40,307 [main] INFO  server.Server (Server.java:doStart(419)) - Started @6098ms
2019-10-18 12:49:40,307 [main] WARN  impl.MetricsSystemImpl (MetricsSystemImpl.java:register(276)) - Sink prometheus already exists!
2019-10-18 12:49:40,308 [main] INFO  server.BaseHttpServer (BaseHttpServer.java:updateConnectorAddress(215)) - HTTP server of HDDSDATANODE is listening at http://0.0.0.0:42449
2019-10-18 12:49:40,310 [main] INFO  impl.MetricsSystemImpl (MetricsSystemImpl.java:init(158)) - HddsDatanode metrics system started (again)
2019-10-18 12:49:40,313 [main] INFO  ozone.HddsDatanodeService (HddsDatanodeService.java:start(184)) - HddsDatanodeService host:pr-hdds-2330-xmbvw-1183399999 ip:192.168.34.56
2019-10-18 12:49:40,315 [org.apache.hadoop.util.JvmPauseMonitor$Monitor@1bd766a2] INFO  util.JvmPauseMonitor (JvmPauseMonitor.java:run(188)) - Starting JVM pause monitor
2019-10-18 12:49:40,324 [main] INFO  volume.HddsVolume (HddsVolume.java:<init>(176)) - Creating Volume: /workdir/hadoop-ozone/integration-test/target/test-dir/MiniOzoneClusterImpl-3be10f8d-1302-4718-9a55-95b8fc69e0de/datanode-1/data/containers/hdds of  storage type : DISK and capacity : 1482555576320
2019-10-18 12:49:40,325 [main] INFO  volume.VolumeSet (VolumeSet.java:initializeVolumeSet(170)) - Added Volume : /workdir/hadoop-ozone/integration-test/target/test-dir/MiniOzoneClusterImpl-3be10f8d-1302-4718-9a55-95b8fc69e0de/datanode-1/data/containers/hdds to VolumeSet
2019-10-18 12:49:40,325 [main] INFO  volume.ThrottledAsyncChecker (ThrottledAsyncChecker.java:schedule(141)) - Scheduling a check for /workdir/hadoop-ozone/integration-test/target/test-dir/MiniOzoneClusterImpl-3be10f8d-1302-4718-9a55-95b8fc69e0de/datanode-1/data/containers/hdds
2019-10-18 12:49:40,327 [main] INFO  volume.HddsVolumeChecker (HddsVolumeChecker.java:checkAllVolumes(204)) - Scheduled health check for volume /workdir/hadoop-ozone/integration-test/target/test-dir/MiniOzoneClusterImpl-3be10f8d-1302-4718-9a55-95b8fc69e0de/datanode-1/data/containers/hdds
2019-10-18 12:49:40,348 [main] INFO  impl.RaftServerProxy (ConfUtils.java:logGet(43)) - raft.rpc.type = GRPC (default)
2019-10-18 12:49:40,348 [main] INFO  grpc.GrpcFactory (GrpcFactory.java:checkPooledByteBufAllocatorUseCacheForAllThreads(45)) - PERFORMANCE WARNING: useCacheForAllThreads is true that may cause Netty to create a lot garbage objects and, as a result, trigger GC.
	It is recommended to disable useCacheForAllThreads by setting -Dorg.apache.ratis.thirdparty.io.netty.allocator.useCacheForAllThreads=false in command line.
2019-10-18 12:49:40,349 [main] INFO  grpc.GrpcConfigKeys$Server (ConfUtils.java:logGet(43)) - raft.grpc.server.port = 0 (default)
2019-10-18 12:49:40,349 [main] INFO  server.GrpcService (ConfUtils.java:logGet(43)) - raft.grpc.message.size.max = 33570816 (custom)
2019-10-18 12:49:40,349 [main] INFO  server.RaftServerConfigKeys (ConfUtils.java:logGet(43)) - raft.server.log.appender.buffer.byte-limit = 33554432 (custom)
2019-10-18 12:49:40,350 [main] INFO  server.GrpcService (ConfUtils.java:logGet(43)) - raft.grpc.flow.control.window = 1MB (=1048576) (default)
2019-10-18 12:49:40,350 [main] INFO  server.RaftServerConfigKeys (ConfUtils.java:logGet(43)) - raft.server.rpc.request.timeout = 3000ms (default)
2019-10-18 12:49:40,353 [main] INFO  server.RaftServerConfigKeys (ConfUtils.java:logGet(43)) - raft.server.storage.dir = [/workdir/hadoop-ozone/integration-test/target/test-dir/MiniOzoneClusterImpl-3be10f8d-1302-4718-9a55-95b8fc69e0de/datanode-1/data/ratis] (custom)
2019-10-18 12:49:40,356 [main] INFO  hdfs.DFSUtil (DFSUtil.java:httpServerTemplateForNNAndJN(1641)) - Starting Web-server for hddsDatanode at: http://0.0.0.0:0
2019-10-18 12:49:40,358 [main] INFO  server.AuthenticationFilter (AuthenticationFilter.java:constructSecretProvider(240)) - Unable to initialize FileSignerSecretProvider, falling back to use random secrets.
2019-10-18 12:49:40,359 [main] WARN  http.HttpRequestLog (HttpRequestLog.java:getRequestLog(97)) - Jetty request log can only be enabled using Log4j
2019-10-18 12:49:40,362 [main] INFO  http.HttpServer2 (HttpServer2.java:addGlobalFilter(975)) - Added global filter 'safety' (class=org.apache.hadoop.http.HttpServer2$QuotingInputFilter)
2019-10-18 12:49:40,362 [main] INFO  http.HttpServer2 (HttpServer2.java:addFilter(948)) - Added filter static_user_filter (class=org.apache.hadoop.http.lib.StaticUserWebFilter$StaticUserFilter) to context hddsDatanode
2019-10-18 12:49:40,363 [main] INFO  http.HttpServer2 (HttpServer2.java:addFilter(958)) - Added filter static_user_filter (class=org.apache.hadoop.http.lib.StaticUserWebFilter$StaticUserFilter) to context logs
2019-10-18 12:49:40,363 [main] INFO  http.HttpServer2 (HttpServer2.java:addFilter(958)) - Added filter static_user_filter (class=org.apache.hadoop.http.lib.StaticUserWebFilter$StaticUserFilter) to context static
2019-10-18 12:49:40,364 [main] INFO  http.HttpServer2 (HttpServer2.java:bindListener(1191)) - Jetty bound to port 36513
2019-10-18 12:49:40,364 [main] INFO  server.Server (Server.java:doStart(351)) - jetty-9.3.25.v20180904, build timestamp: 2018-09-04T21:11:46Z, git hash: 3ce520221d0240229c862b122d2b06c12a625732
2019-10-18 12:49:40,368 [main] INFO  handler.ContextHandler (ContextHandler.java:doStart(781)) - Started o.e.j.s.ServletContextHandler@5e65afb6{/logs,file:///workdir/hadoop-ozone/integration-test/target/log,AVAILABLE}
2019-10-18 12:49:40,369 [main] INFO  handler.ContextHandler (ContextHandler.java:doStart(781)) - Started o.e.j.s.ServletContextHandler@8851ce1{/static,jar:file:/home/user/.m2/repository/org/apache/hadoop/hadoop-hdds-container-service/0.5.0-SNAPSHOT/hadoop-hdds-container-service-0.5.0-SNAPSHOT.jar!/webapps/static,AVAILABLE}
2019-10-18 12:49:40,408 [main] INFO  handler.ContextHandler (ContextHandler.java:doStart(781)) - Started o.e.j.w.WebAppContext@7a0ef219{/,file:///tmp/jetty-0.0.0.0-36513-hddsDatanode-_-any-919774311984567257.dir/webapp/,AVAILABLE}{/hddsDatanode}
2019-10-18 12:49:40,408 [main] INFO  server.AbstractConnector (AbstractConnector.java:doStart(278)) - Started ServerConnector@1b1f5012{HTTP/1.1,[http/1.1]}{0.0.0.0:36513}
2019-10-18 12:49:40,410 [main] INFO  server.Server (Server.java:doStart(419)) - Started @6201ms
2019-10-18 12:49:40,410 [main] WARN  impl.MetricsSystemImpl (MetricsSystemImpl.java:register(276)) - Sink prometheus already exists!
2019-10-18 12:49:40,411 [main] INFO  server.BaseHttpServer (BaseHttpServer.java:updateConnectorAddress(215)) - HTTP server of HDDSDATANODE is listening at http://0.0.0.0:36513
2019-10-18 12:49:40,411 [main] INFO  impl.MetricsSystemImpl (MetricsSystemImpl.java:init(158)) - HddsDatanode metrics system started (again)
2019-10-18 12:49:40,414 [org.apache.hadoop.util.JvmPauseMonitor$Monitor@7c437fae] INFO  util.JvmPauseMonitor (JvmPauseMonitor.java:run(188)) - Starting JVM pause monitor
2019-10-18 12:49:40,414 [main] INFO  ozone.HddsDatanodeService (HddsDatanodeService.java:start(184)) - HddsDatanodeService host:pr-hdds-2330-xmbvw-1183399999 ip:192.168.34.56
2019-10-18 12:49:40,421 [main] INFO  volume.HddsVolume (HddsVolume.java:<init>(176)) - Creating Volume: /workdir/hadoop-ozone/integration-test/target/test-dir/MiniOzoneClusterImpl-3be10f8d-1302-4718-9a55-95b8fc69e0de/datanode-2/data/containers/hdds of  storage type : DISK and capacity : 1482555576320
2019-10-18 12:49:40,421 [main] INFO  volume.VolumeSet (VolumeSet.java:initializeVolumeSet(170)) - Added Volume : /workdir/hadoop-ozone/integration-test/target/test-dir/MiniOzoneClusterImpl-3be10f8d-1302-4718-9a55-95b8fc69e0de/datanode-2/data/containers/hdds to VolumeSet
2019-10-18 12:49:40,421 [main] INFO  volume.ThrottledAsyncChecker (ThrottledAsyncChecker.java:schedule(141)) - Scheduling a check for /workdir/hadoop-ozone/integration-test/target/test-dir/MiniOzoneClusterImpl-3be10f8d-1302-4718-9a55-95b8fc69e0de/datanode-2/data/containers/hdds
2019-10-18 12:49:40,422 [main] INFO  volume.HddsVolumeChecker (HddsVolumeChecker.java:checkAllVolumes(204)) - Scheduled health check for volume /workdir/hadoop-ozone/integration-test/target/test-dir/MiniOzoneClusterImpl-3be10f8d-1302-4718-9a55-95b8fc69e0de/datanode-2/data/containers/hdds
2019-10-18 12:49:40,435 [main] INFO  impl.RaftServerProxy (ConfUtils.java:logGet(43)) - raft.rpc.type = GRPC (default)
2019-10-18 12:49:40,436 [main] INFO  grpc.GrpcFactory (GrpcFactory.java:checkPooledByteBufAllocatorUseCacheForAllThreads(45)) - PERFORMANCE WARNING: useCacheForAllThreads is true that may cause Netty to create a lot garbage objects and, as a result, trigger GC.
	It is recommended to disable useCacheForAllThreads by setting -Dorg.apache.ratis.thirdparty.io.netty.allocator.useCacheForAllThreads=false in command line.
2019-10-18 12:49:40,436 [main] INFO  grpc.GrpcConfigKeys$Server (ConfUtils.java:logGet(43)) - raft.grpc.server.port = 0 (default)
2019-10-18 12:49:40,436 [main] INFO  server.GrpcService (ConfUtils.java:logGet(43)) - raft.grpc.message.size.max = 33570816 (custom)
2019-10-18 12:49:40,436 [main] INFO  server.RaftServerConfigKeys (ConfUtils.java:logGet(43)) - raft.server.log.appender.buffer.byte-limit = 33554432 (custom)
2019-10-18 12:49:40,436 [main] INFO  server.GrpcService (ConfUtils.java:logGet(43)) - raft.grpc.flow.control.window = 1MB (=1048576) (default)
2019-10-18 12:49:40,437 [main] INFO  server.RaftServerConfigKeys (ConfUtils.java:logGet(43)) - raft.server.rpc.request.timeout = 3000ms (default)
2019-10-18 12:49:40,437 [main] INFO  server.RaftServerConfigKeys (ConfUtils.java:logGet(43)) - raft.server.storage.dir = [/workdir/hadoop-ozone/integration-test/target/test-dir/MiniOzoneClusterImpl-3be10f8d-1302-4718-9a55-95b8fc69e0de/datanode-2/data/ratis] (custom)
2019-10-18 12:49:40,440 [main] INFO  hdfs.DFSUtil (DFSUtil.java:httpServerTemplateForNNAndJN(1641)) - Starting Web-server for hddsDatanode at: http://0.0.0.0:0
2019-10-18 12:49:40,440 [Datanode State Machine Thread - 0] INFO  datanode.InitDatanodeState (InitDatanodeState.java:persistContainerDatanodeDetails(140)) - DatanodeDetails is persisted to /workdir/hadoop-ozone/integration-test/target/test-dir/MiniOzoneClusterImpl-3be10f8d-1302-4718-9a55-95b8fc69e0de/datanode-0/meta/datanode.id
2019-10-18 12:49:40,442 [main] INFO  server.AuthenticationFilter (AuthenticationFilter.java:constructSecretProvider(240)) - Unable to initialize FileSignerSecretProvider, falling back to use random secrets.
2019-10-18 12:49:40,443 [main] WARN  http.HttpRequestLog (HttpRequestLog.java:getRequestLog(97)) - Jetty request log can only be enabled using Log4j
2019-10-18 12:49:40,443 [Datanode State Machine Thread - 0] INFO  datanode.InitDatanodeState (InitDatanodeState.java:persistContainerDatanodeDetails(140)) - DatanodeDetails is persisted to /workdir/hadoop-ozone/integration-test/target/test-dir/MiniOzoneClusterImpl-3be10f8d-1302-4718-9a55-95b8fc69e0de/datanode-1/meta/datanode.id
2019-10-18 12:49:40,444 [main] INFO  http.HttpServer2 (HttpServer2.java:addGlobalFilter(975)) - Added global filter 'safety' (class=org.apache.hadoop.http.HttpServer2$QuotingInputFilter)
2019-10-18 12:49:40,445 [main] INFO  http.HttpServer2 (HttpServer2.java:addFilter(948)) - Added filter static_user_filter (class=org.apache.hadoop.http.lib.StaticUserWebFilter$StaticUserFilter) to context hddsDatanode
2019-10-18 12:49:40,445 [main] INFO  http.HttpServer2 (HttpServer2.java:addFilter(958)) - Added filter static_user_filter (class=org.apache.hadoop.http.lib.StaticUserWebFilter$StaticUserFilter) to context logs
2019-10-18 12:49:40,445 [main] INFO  http.HttpServer2 (HttpServer2.java:addFilter(958)) - Added filter static_user_filter (class=org.apache.hadoop.http.lib.StaticUserWebFilter$StaticUserFilter) to context static
2019-10-18 12:49:40,446 [main] INFO  http.HttpServer2 (HttpServer2.java:bindListener(1191)) - Jetty bound to port 36584
2019-10-18 12:49:40,446 [main] INFO  server.Server (Server.java:doStart(351)) - jetty-9.3.25.v20180904, build timestamp: 2018-09-04T21:11:46Z, git hash: 3ce520221d0240229c862b122d2b06c12a625732
2019-10-18 12:49:40,448 [main] INFO  handler.ContextHandler (ContextHandler.java:doStart(781)) - Started o.e.j.s.ServletContextHandler@5fa23c{/logs,file:///workdir/hadoop-ozone/integration-test/target/log,AVAILABLE}
2019-10-18 12:49:40,449 [main] INFO  handler.ContextHandler (ContextHandler.java:doStart(781)) - Started o.e.j.s.ServletContextHandler@433348bc{/static,jar:file:/home/user/.m2/repository/org/apache/hadoop/hadoop-hdds-container-service/0.5.0-SNAPSHOT/hadoop-hdds-container-service-0.5.0-SNAPSHOT.jar!/webapps/static,AVAILABLE}
2019-10-18 12:49:40,480 [main] INFO  handler.ContextHandler (ContextHandler.java:doStart(781)) - Started o.e.j.w.WebAppContext@43e9089{/,file:///tmp/jetty-0.0.0.0-36584-hddsDatanode-_-any-8077279760216165381.dir/webapp/,AVAILABLE}{/hddsDatanode}
2019-10-18 12:49:40,481 [main] INFO  server.AbstractConnector (AbstractConnector.java:doStart(278)) - Started ServerConnector@3c5dbdf8{HTTP/1.1,[http/1.1]}{0.0.0.0:36584}
2019-10-18 12:49:40,481 [main] INFO  server.Server (Server.java:doStart(419)) - Started @6273ms
2019-10-18 12:49:40,481 [main] WARN  impl.MetricsSystemImpl (MetricsSystemImpl.java:register(276)) - Sink prometheus already exists!
2019-10-18 12:49:40,483 [main] INFO  server.BaseHttpServer (BaseHttpServer.java:updateConnectorAddress(215)) - HTTP server of HDDSDATANODE is listening at http://0.0.0.0:36584
2019-10-18 12:49:40,484 [main] INFO  ozone.MiniOzoneClusterImpl (MiniOzoneClusterImpl.java:lambda$waitForClusterToBeReady$0(147)) - Waiting for cluster to be ready. Got 0 of 3 DN Heartbeats.
2019-10-18 12:49:40,485 [org.apache.hadoop.util.JvmPauseMonitor$Monitor@4e13bc4c] INFO  util.JvmPauseMonitor (JvmPauseMonitor.java:run(188)) - Starting JVM pause monitor
2019-10-18 12:49:40,487 [Datanode State Machine Thread - 0] INFO  datanode.InitDatanodeState (InitDatanodeState.java:persistContainerDatanodeDetails(140)) - DatanodeDetails is persisted to /workdir/hadoop-ozone/integration-test/target/test-dir/MiniOzoneClusterImpl-3be10f8d-1302-4718-9a55-95b8fc69e0de/datanode-2/meta/datanode.id
2019-10-18 12:49:41,485 [main] INFO  ozone.MiniOzoneClusterImpl (MiniOzoneClusterImpl.java:lambda$waitForClusterToBeReady$0(147)) - Waiting for cluster to be ready. Got 0 of 3 DN Heartbeats.
2019-10-18 12:49:42,485 [main] INFO  ozone.MiniOzoneClusterImpl (MiniOzoneClusterImpl.java:lambda$waitForClusterToBeReady$0(147)) - Waiting for cluster to be ready. Got 0 of 3 DN Heartbeats.
2019-10-18 12:49:42,540 [Datanode State Machine Thread - 0] INFO  ozoneimpl.OzoneContainer (OzoneContainer.java:start(213)) - Attempting to start container services.
2019-10-18 12:49:42,543 [Datanode State Machine Thread - 0] INFO  ozoneimpl.OzoneContainer (OzoneContainer.java:startContainerScrub(177)) - Background container scanner has been disabled.
2019-10-18 12:49:42,543 [Datanode State Machine Thread - 0] INFO  ratis.XceiverServerRatis (XceiverServerRatis.java:start(418)) - Starting XceiverServerRatis 7efb2e96-f9c3-4063-84ab-0234e1cfa3ef at port 0
2019-10-18 12:49:42,547 [Datanode State Machine Thread - 0] INFO  ozoneimpl.OzoneContainer (OzoneContainer.java:start(213)) - Attempting to start container services.
2019-10-18 12:49:42,547 [Datanode State Machine Thread - 0] INFO  ozoneimpl.OzoneContainer (OzoneContainer.java:start(213)) - Attempting to start container services.
2019-10-18 12:49:42,551 [Datanode State Machine Thread - 0] INFO  ozoneimpl.OzoneContainer (OzoneContainer.java:startContainerScrub(177)) - Background container scanner has been disabled.
2019-10-18 12:49:42,551 [Datanode State Machine Thread - 0] INFO  ozoneimpl.OzoneContainer (OzoneContainer.java:startContainerScrub(177)) - Background container scanner has been disabled.
2019-10-18 12:49:42,551 [Datanode State Machine Thread - 0] INFO  ratis.XceiverServerRatis (XceiverServerRatis.java:start(418)) - Starting XceiverServerRatis 1573a222-9ada-47a6-bc12-21286aa75403 at port 0
2019-10-18 12:49:42,551 [Datanode State Machine Thread - 0] INFO  ratis.XceiverServerRatis (XceiverServerRatis.java:start(418)) - Starting XceiverServerRatis 791861f8-afde-4d35-9346-06d148d36ddc at port 0
2019-10-18 12:49:42,571 [Datanode State Machine Thread - 0] INFO  impl.RaftServerProxy (RaftServerProxy.java:lambda$start$3(299)) - 7efb2e96-f9c3-4063-84ab-0234e1cfa3ef: start RPC server
2019-10-18 12:49:42,572 [Datanode State Machine Thread - 0] INFO  impl.RaftServerProxy (RaftServerProxy.java:lambda$start$3(299)) - 791861f8-afde-4d35-9346-06d148d36ddc: start RPC server
2019-10-18 12:49:42,571 [Datanode State Machine Thread - 0] INFO  impl.RaftServerProxy (RaftServerProxy.java:lambda$start$3(299)) - 1573a222-9ada-47a6-bc12-21286aa75403: start RPC server
2019-10-18 12:49:42,689 [Datanode State Machine Thread - 0] INFO  server.GrpcService (GrpcService.java:startImpl(158)) - 1573a222-9ada-47a6-bc12-21286aa75403: GrpcService started, listening on 0.0.0.0/0.0.0.0:40119
2019-10-18 12:49:42,689 [Datanode State Machine Thread - 0] INFO  server.GrpcService (GrpcService.java:startImpl(158)) - 7efb2e96-f9c3-4063-84ab-0234e1cfa3ef: GrpcService started, listening on 0.0.0.0/0.0.0.0:36868
2019-10-18 12:49:42,689 [Datanode State Machine Thread - 0] INFO  server.GrpcService (GrpcService.java:startImpl(158)) - 791861f8-afde-4d35-9346-06d148d36ddc: GrpcService started, listening on 0.0.0.0/0.0.0.0:35814
2019-10-18 12:49:42,690 [Datanode State Machine Thread - 0] INFO  ratis.XceiverServerRatis (XceiverServerRatis.java:start(428)) - XceiverServerRatis 7efb2e96-f9c3-4063-84ab-0234e1cfa3ef is started using port 36868
2019-10-18 12:49:42,690 [Datanode State Machine Thread - 0] INFO  ratis.XceiverServerRatis (XceiverServerRatis.java:start(428)) - XceiverServerRatis 1573a222-9ada-47a6-bc12-21286aa75403 is started using port 40119
2019-10-18 12:49:42,690 [Datanode State Machine Thread - 0] INFO  ratis.XceiverServerRatis (XceiverServerRatis.java:start(428)) - XceiverServerRatis 791861f8-afde-4d35-9346-06d148d36ddc is started using port 35814
2019-10-18 12:49:42,694 [Datanode State Machine Thread - 0] INFO  server.XceiverServerGrpc (XceiverServerGrpc.java:start(149)) - XceiverServerGrpc 1573a222-9ada-47a6-bc12-21286aa75403 is started using port 41636
2019-10-18 12:49:42,694 [Datanode State Machine Thread - 0] INFO  server.XceiverServerGrpc (XceiverServerGrpc.java:start(149)) - XceiverServerGrpc 791861f8-afde-4d35-9346-06d148d36ddc is started using port 35639
2019-10-18 12:49:42,694 [Datanode State Machine Thread - 0] INFO  server.XceiverServerGrpc (XceiverServerGrpc.java:start(149)) - XceiverServerGrpc 7efb2e96-f9c3-4063-84ab-0234e1cfa3ef is started using port 34428
2019-10-18 12:49:43,486 [main] INFO  ozone.MiniOzoneClusterImpl (MiniOzoneClusterImpl.java:lambda$waitForClusterToBeReady$0(147)) - Waiting for cluster to be ready. Got 0 of 3 DN Heartbeats.
2019-10-18 12:49:44,340 [IPC Server handler 0 on 32844] INFO  net.NetworkTopology (NetworkTopologyImpl.java:add(111)) - Added a new node: /default-rack/7efb2e96-f9c3-4063-84ab-0234e1cfa3ef
2019-10-18 12:49:44,340 [IPC Server handler 0 on 32844] INFO  node.SCMNodeManager (SCMNodeManager.java:register(268)) - Registered Data node : 7efb2e96-f9c3-4063-84ab-0234e1cfa3ef{ip: 192.168.34.56, host: pr-hdds-2330-xmbvw-1183399999, networkLocation: /default-rack, certSerialId: null}
2019-10-18 12:49:44,342 [EventQueue-NodeRegistrationContainerReportForDataNodeSafeModeRule] INFO  safemode.SCMSafeModeManager (DataNodeSafeModeRule.java:process(71)) - SCM in safe mode. 1 DataNodes registered, 1 required.
2019-10-18 12:49:44,342 [EventQueue-NodeRegistrationContainerReportForDataNodeSafeModeRule] INFO  safemode.SCMSafeModeManager (SCMSafeModeManager.java:validateSafeModeExitRules(177)) - ScmSafeModeManager, all rules are successfully validated
2019-10-18 12:49:44,342 [EventQueue-NodeRegistrationContainerReportForDataNodeSafeModeRule] INFO  safemode.SCMSafeModeManager (SCMSafeModeManager.java:exitSafeMode(193)) - SCM exiting safe mode.
2019-10-18 12:49:44,416 [IPC Server handler 1 on 32844] INFO  net.NetworkTopology (NetworkTopologyImpl.java:add(111)) - Added a new node: /default-rack/791861f8-afde-4d35-9346-06d148d36ddc
2019-10-18 12:49:44,417 [IPC Server handler 1 on 32844] INFO  node.SCMNodeManager (SCMNodeManager.java:register(268)) - Registered Data node : 791861f8-afde-4d35-9346-06d148d36ddc{ip: 192.168.34.56, host: pr-hdds-2330-xmbvw-1183399999, networkLocation: /default-rack, certSerialId: null}
2019-10-18 12:49:44,487 [main] INFO  ozone.MiniOzoneClusterImpl (MiniOzoneClusterImpl.java:lambda$waitForClusterToBeReady$0(147)) - Waiting for cluster to be ready. Got 2 of 3 DN Heartbeats.
2019-10-18 12:49:44,488 [IPC Server handler 2 on 32844] INFO  net.NetworkTopology (NetworkTopologyImpl.java:add(111)) - Added a new node: /default-rack/1573a222-9ada-47a6-bc12-21286aa75403
2019-10-18 12:49:44,488 [IPC Server handler 2 on 32844] INFO  node.SCMNodeManager (SCMNodeManager.java:register(268)) - Registered Data node : 1573a222-9ada-47a6-bc12-21286aa75403{ip: 192.168.34.56, host: pr-hdds-2330-xmbvw-1183399999, networkLocation: /default-rack, certSerialId: null}
2019-10-18 12:49:44,740 [grpc-default-executor-0] INFO  impl.RaftServerProxy (RaftServerProxy.java:addNew(89)) - 7efb2e96-f9c3-4063-84ab-0234e1cfa3ef: addNew group-05349457AAA0:[7efb2e96-f9c3-4063-84ab-0234e1cfa3ef:192.168.34.56:36868] returns group-05349457AAA0:java.util.concurrent.CompletableFuture@513692e8[Not completed]
2019-10-18 12:49:44,756 [pool-27-thread-1] INFO  impl.RaftServerImpl (RaftServerImpl.java:<init>(104)) - 7efb2e96-f9c3-4063-84ab-0234e1cfa3ef: new RaftServerImpl for group-05349457AAA0:[7efb2e96-f9c3-4063-84ab-0234e1cfa3ef:192.168.34.56:36868] with ContainerStateMachine:uninitialized
2019-10-18 12:49:44,759 [pool-27-thread-1] INFO  server.RaftServerConfigKeys (ConfUtils.java:logGet(43)) - raft.server.rpc.timeout.min = 5s (custom)
2019-10-18 12:49:44,760 [pool-27-thread-1] INFO  server.RaftServerConfigKeys (ConfUtils.java:logGet(43)) - raft.server.rpc.timeout.max = 5200ms (custom)
2019-10-18 12:49:44,760 [pool-27-thread-1] INFO  server.RaftServerConfigKeys (ConfUtils.java:logGet(43)) - raft.server.rpcslowness.timeout = 1000s (custom)
2019-10-18 12:49:44,761 [pool-27-thread-1] INFO  server.RaftServerConfigKeys (ConfUtils.java:logGet(43)) - raft.server.sleep.deviation.threshold = 300 (default)
2019-10-18 12:49:44,762 [pool-27-thread-1] INFO  server.RaftServerConfigKeys (ConfUtils.java:logGet(43)) - raft.server.log.appender.install.snapshot.enabled = false (custom)
2019-10-18 12:49:44,772 [pool-27-thread-1] INFO  impl.RaftServerImpl (ServerState.java:<init>(103)) - 7efb2e96-f9c3-4063-84ab-0234e1cfa3ef@group-05349457AAA0: ConfigurationManager, init=-1: [7efb2e96-f9c3-4063-84ab-0234e1cfa3ef:192.168.34.56:36868], old=null, confs=<EMPTY_MAP>
2019-10-18 12:49:44,773 [pool-27-thread-1] INFO  server.RaftServerConfigKeys (ConfUtils.java:logGet(43)) - raft.server.storage.dir = [/workdir/hadoop-ozone/integration-test/target/test-dir/MiniOzoneClusterImpl-3be10f8d-1302-4718-9a55-95b8fc69e0de/datanode-0/data/ratis] (custom)
2019-10-18 12:49:44,781 [pool-27-thread-1] INFO  server.RaftServerConfigKeys (ConfUtils.java:logGet(43)) - raft.server.log.corruption.policy = EXCEPTION (default)
2019-10-18 12:49:44,783 [pool-27-thread-1] INFO  storage.RaftStorageDirectory (RaftStorageDirectory.java:analyzeStorage(246)) - The storage directory /workdir/hadoop-ozone/integration-test/target/test-dir/MiniOzoneClusterImpl-3be10f8d-1302-4718-9a55-95b8fc69e0de/datanode-0/data/ratis/db6137d0-d8bf-4807-b050-05349457aaa0 does not exist. Creating ...
2019-10-18 12:49:44,806 [pool-27-thread-1] INFO  storage.RaftStorageDirectory (RaftStorageDirectory.java:tryLock(328)) - Lock on /workdir/hadoop-ozone/integration-test/target/test-dir/MiniOzoneClusterImpl-3be10f8d-1302-4718-9a55-95b8fc69e0de/datanode-0/data/ratis/db6137d0-d8bf-4807-b050-05349457aaa0/in_use.lock acquired by nodename 2587@pr-hdds-2330-xmbvw-1183399999
2019-10-18 12:49:44,832 [pool-27-thread-1] INFO  storage.RaftStorage (RaftStorage.java:format(84)) - Storage directory /workdir/hadoop-ozone/integration-test/target/test-dir/MiniOzoneClusterImpl-3be10f8d-1302-4718-9a55-95b8fc69e0de/datanode-0/data/ratis/db6137d0-d8bf-4807-b050-05349457aaa0 has been successfully formatted.
2019-10-18 12:49:44,835 [pool-27-thread-1] INFO  ratis.ContainerStateMachine (ContainerStateMachine.java:loadSnapshot(231)) - group-05349457AAA0: The snapshot info is null. Setting the last applied indexto:(t:0, i:~)
2019-10-18 12:49:44,835 [pool-27-thread-1] INFO  server.RaftServerConfigKeys (ConfUtils.java:logGet(43)) - raft.server.notification.no-leader.timeout = 1000s (custom)
2019-10-18 12:49:44,837 [pool-27-thread-1] INFO  server.RaftServerConfigKeys (ConfUtils.java:logGet(43)) - raft.server.log.use.memory = false (default)
2019-10-18 12:49:44,842 [pool-27-thread-1] INFO  server.RaftServerConfigKeys (ConfUtils.java:logGet(43)) - raft.server.log.purge.gap = 1000000 (custom)
2019-10-18 12:49:44,843 [pool-27-thread-1] INFO  server.RaftServerConfigKeys (ConfUtils.java:logGet(43)) - raft.server.log.appender.buffer.byte-limit = 33554432 (custom)
2019-10-18 12:49:44,845 [pool-27-thread-1] INFO  server.RaftServerConfigKeys (ConfUtils.java:logGet(43)) - raft.server.log.segment.size.max = 1048576 (custom)
2019-10-18 12:49:44,846 [pool-27-thread-1] INFO  impl.MetricsSystemImpl (MetricsSystemImpl.java:init(158)) - ratis metrics system started (again)
2019-10-18 12:49:44,850 [pool-27-thread-1] INFO  metrics.MetricRegistries (MetricRegistriesLoader.java:load(64)) - Loaded MetricRegistries class org.apache.ratis.metrics.impl.MetricRegistriesImpl
2019-10-18 12:49:44,884 [pool-27-thread-1] INFO  server.RaftServerConfigKeys (ConfUtils.java:logGet(43)) - raft.server.log.segment.cache.num.max = 2 (custom)
2019-10-18 12:49:44,889 [pool-27-thread-1] INFO  segmented.SegmentedRaftLogWorker (SegmentedRaftLogWorker.java:<init>(173)) - new 7efb2e96-f9c3-4063-84ab-0234e1cfa3ef@group-05349457AAA0-SegmentedRaftLogWorker for RaftStorage:Storage Directory /workdir/hadoop-ozone/integration-test/target/test-dir/MiniOzoneClusterImpl-3be10f8d-1302-4718-9a55-95b8fc69e0de/datanode-0/data/ratis/db6137d0-d8bf-4807-b050-05349457aaa0
2019-10-18 12:49:44,889 [pool-27-thread-1] INFO  server.RaftServerConfigKeys (ConfUtils.java:logGet(43)) - raft.server.log.queue.byte-limit = 2147483647 (custom)
2019-10-18 12:49:44,890 [pool-27-thread-1] INFO  server.RaftServerConfigKeys (ConfUtils.java:logGet(43)) - raft.server.log.queue.element-limit = 1024 (custom)
2019-10-18 12:49:44,891 [pool-27-thread-1] INFO  server.RaftServerConfigKeys (ConfUtils.java:logGet(43)) - raft.server.log.segment.size.max = 1048576 (custom)
2019-10-18 12:49:44,891 [pool-27-thread-1] INFO  server.RaftServerConfigKeys (ConfUtils.java:logGet(43)) - raft.server.log.preallocated.size = 16384 (custom)
2019-10-18 12:49:44,891 [pool-27-thread-1] INFO  server.RaftServerConfigKeys (ConfUtils.java:logGet(43)) - raft.server.log.write.buffer.size = 33554432 (custom)
2019-10-18 12:49:44,892 [pool-27-thread-1] INFO  server.RaftServerConfigKeys (ConfUtils.java:logGet(43)) - raft.server.log.force.sync.num = 128 (default)
2019-10-18 12:49:44,892 [pool-27-thread-1] INFO  server.RaftServerConfigKeys (ConfUtils.java:logGet(43)) - raft.server.log.statemachine.data.sync = true (default)
2019-10-18 12:49:44,893 [pool-27-thread-1] INFO  server.RaftServerConfigKeys (ConfUtils.java:logGet(43)) - raft.server.log.statemachine.data.sync.timeout = 10s (default)
2019-10-18 12:49:44,893 [pool-27-thread-1] INFO  server.RaftServerConfigKeys (ConfUtils.java:logGet(43)) - raft.server.log.statemachine.data.sync.timeout.retry = -1 (default)
2019-10-18 12:49:44,902 [pool-27-thread-1] INFO  server.RaftServerConfigKeys (ConfUtils.java:logGet(43)) - raft.server.log.statemachine.data.caching.enabled = true (custom)
2019-10-18 12:49:44,907 [pool-27-thread-1] INFO  segmented.SegmentedRaftLogWorker (SegmentedRaftLogWorker.java:lambda$new$0(128)) - 7efb2e96-f9c3-4063-84ab-0234e1cfa3ef@group-05349457AAA0-SegmentedRaftLogWorker: flushIndex: setUnconditionally 0 -> -1
2019-10-18 12:49:44,910 [pool-27-thread-1] INFO  server.RaftServerConfigKeys (ConfUtils.java:logGet(43)) - raft.server.snapshot.auto.trigger.enabled = true (custom)
2019-10-18 12:49:44,911 [pool-27-thread-1] INFO  server.RaftServerConfigKeys (ConfUtils.java:logGet(43)) - raft.server.snapshot.auto.trigger.threshold = 10000 (custom)
2019-10-18 12:49:44,911 [pool-27-thread-1] INFO  server.RaftServerConfigKeys (ConfUtils.java:logGet(43)) - raft.server.snapshot.retention.file.num = 5 (custom)
2019-10-18 12:49:44,912 [pool-27-thread-1] INFO  server.RaftServerConfigKeys (ConfUtils.java:logGet(43)) - raft.server.retrycache.expirytime = 600000ms (custom)
2019-10-18 12:49:44,938 [pool-27-thread-1] INFO  impl.RaftServerImpl (RaftServerImpl.java:start(195)) - 7efb2e96-f9c3-4063-84ab-0234e1cfa3ef@group-05349457AAA0: start as a follower, conf=-1: [7efb2e96-f9c3-4063-84ab-0234e1cfa3ef:192.168.34.56:36868], old=null
2019-10-18 12:49:44,939 [pool-27-thread-1] INFO  impl.RaftServerImpl (RaftServerImpl.java:setRole(184)) - 7efb2e96-f9c3-4063-84ab-0234e1cfa3ef@group-05349457AAA0: changes role from      null to FOLLOWER at term 0 for startAsFollower
2019-10-18 12:49:44,940 [pool-27-thread-1] INFO  impl.RoleInfo (RoleInfo.java:updateAndGet(143)) - 7efb2e96-f9c3-4063-84ab-0234e1cfa3ef: start FollowerState
2019-10-18 12:49:44,942 [pool-27-thread-1] INFO  util.JmxRegister (JmxRegister.java:tryRegister(44)) - Successfully registered JMX Bean with object name Ratis:service=RaftServer,group=group-05349457AAA0,id=7efb2e96-f9c3-4063-84ab-0234e1cfa3ef
2019-10-18 12:49:45,011 [Thread-186] INFO  impl.FollowerState (FollowerState.java:run(108)) - 7efb2e96-f9c3-4063-84ab-0234e1cfa3ef@group-05349457AAA0-FollowerState: change to CANDIDATE, lastRpcTime:71ms, electionTimeout:70ms
2019-10-18 12:49:45,015 [Thread-186] INFO  impl.RoleInfo (RoleInfo.java:shutdownFollowerState(121)) - 7efb2e96-f9c3-4063-84ab-0234e1cfa3ef: shutdown FollowerState
2019-10-18 12:49:45,015 [Thread-186] INFO  impl.RaftServerImpl (RaftServerImpl.java:setRole(184)) - 7efb2e96-f9c3-4063-84ab-0234e1cfa3ef@group-05349457AAA0: changes role from  FOLLOWER to CANDIDATE at term 0 for changeToCandidate
2019-10-18 12:49:45,019 [RatisPipelineUtilsThread] INFO  pipeline.PipelineStateManager (PipelineStateManager.java:addPipeline(56)) - Created pipeline Pipeline[ Id: db6137d0-d8bf-4807-b050-05349457aaa0, Nodes: 7efb2e96-f9c3-4063-84ab-0234e1cfa3ef{ip: 192.168.34.56, host: pr-hdds-2330-xmbvw-1183399999, networkLocation: /default-rack, certSerialId: null}, Type:RATIS, Factor:ONE, State:OPEN]
2019-10-18 12:49:45,020 [Thread-186] INFO  impl.RoleInfo (RoleInfo.java:updateAndGet(143)) - 7efb2e96-f9c3-4063-84ab-0234e1cfa3ef: start LeaderElection
2019-10-18 12:49:45,037 [grpc-default-executor-0] INFO  impl.RaftServerProxy (RaftServerProxy.java:addNew(89)) - 791861f8-afde-4d35-9346-06d148d36ddc: addNew group-FFD2772B8C13:[791861f8-afde-4d35-9346-06d148d36ddc:192.168.34.56:35814] returns group-FFD2772B8C13:java.util.concurrent.CompletableFuture@4677f3f4[Not completed]
2019-10-18 12:49:45,052 [pool-37-thread-1] INFO  impl.RaftServerImpl (RaftServerImpl.java:<init>(104)) - 791861f8-afde-4d35-9346-06d148d36ddc: new RaftServerImpl for group-FFD2772B8C13:[791861f8-afde-4d35-9346-06d148d36ddc:192.168.34.56:35814] with ContainerStateMachine:uninitialized
2019-10-18 12:49:45,052 [pool-37-thread-1] INFO  server.RaftServerConfigKeys (ConfUtils.java:logGet(43)) - raft.server.rpc.timeout.min = 5s (custom)
2019-10-18 12:49:45,053 [pool-37-thread-1] INFO  server.RaftServerConfigKeys (ConfUtils.java:logGet(43)) - raft.server.rpc.timeout.max = 5200ms (custom)
2019-10-18 12:49:45,053 [pool-37-thread-1] INFO  server.RaftServerConfigKeys (ConfUtils.java:logGet(43)) - raft.server.rpcslowness.timeout = 1000s (custom)
2019-10-18 12:49:45,053 [pool-37-thread-1] INFO  server.RaftServerConfigKeys (ConfUtils.java:logGet(43)) - raft.server.sleep.deviation.threshold = 300 (default)
2019-10-18 12:49:45,053 [pool-37-thread-1] INFO  server.RaftServerConfigKeys (ConfUtils.java:logGet(43)) - raft.server.log.appender.install.snapshot.enabled = false (custom)
2019-10-18 12:49:45,053 [pool-37-thread-1] INFO  impl.RaftServerImpl (ServerState.java:<init>(103)) - 791861f8-afde-4d35-9346-06d148d36ddc@group-FFD2772B8C13: ConfigurationManager, init=-1: [791861f8-afde-4d35-9346-06d148d36ddc:192.168.34.56:35814], old=null, confs=<EMPTY_MAP>
2019-10-18 12:49:45,053 [7efb2e96-f9c3-4063-84ab-0234e1cfa3ef@group-05349457AAA0-LeaderElection1] INFO  impl.LeaderElection (LeaderElection.java:askForVotes(178)) - 7efb2e96-f9c3-4063-84ab-0234e1cfa3ef@group-05349457AAA0-LeaderElection1: begin an election at term 1 for -1: [7efb2e96-f9c3-4063-84ab-0234e1cfa3ef:192.168.34.56:36868], old=null
2019-10-18 12:49:45,053 [pool-37-thread-1] INFO  server.RaftServerConfigKeys (ConfUtils.java:logGet(43)) - raft.server.storage.dir = [/workdir/hadoop-ozone/integration-test/target/test-dir/MiniOzoneClusterImpl-3be10f8d-1302-4718-9a55-95b8fc69e0de/datanode-1/data/ratis] (custom)
2019-10-18 12:49:45,054 [pool-37-thread-1] INFO  server.RaftServerConfigKeys (ConfUtils.java:logGet(43)) - raft.server.log.corruption.policy = EXCEPTION (default)
2019-10-18 12:49:45,054 [pool-37-thread-1] INFO  storage.RaftStorageDirectory (RaftStorageDirectory.java:analyzeStorage(246)) - The storage directory /workdir/hadoop-ozone/integration-test/target/test-dir/MiniOzoneClusterImpl-3be10f8d-1302-4718-9a55-95b8fc69e0de/datanode-1/data/ratis/3baabd91-f871-4c1c-8754-ffd2772b8c13 does not exist. Creating ...
2019-10-18 12:49:45,055 [7efb2e96-f9c3-4063-84ab-0234e1cfa3ef@group-05349457AAA0-LeaderElection1] INFO  impl.RoleInfo (RoleInfo.java:shutdownLeaderElection(134)) - 7efb2e96-f9c3-4063-84ab-0234e1cfa3ef: shutdown LeaderElection
2019-10-18 12:49:45,056 [7efb2e96-f9c3-4063-84ab-0234e1cfa3ef@group-05349457AAA0-LeaderElection1] INFO  impl.RaftServerImpl (RaftServerImpl.java:setRole(184)) - 7efb2e96-f9c3-4063-84ab-0234e1cfa3ef@group-05349457AAA0: changes role from CANDIDATE to LEADER at term 1 for changeToLeader
2019-10-18 12:49:45,056 [7efb2e96-f9c3-4063-84ab-0234e1cfa3ef@group-05349457AAA0-LeaderElection1] INFO  impl.RaftServerImpl (ServerState.java:setLeader(256)) - 7efb2e96-f9c3-4063-84ab-0234e1cfa3ef@group-05349457AAA0: change Leader from null to 7efb2e96-f9c3-4063-84ab-0234e1cfa3ef at term 1 for becomeLeader, leader elected after 220ms
2019-10-18 12:49:45,060 [7efb2e96-f9c3-4063-84ab-0234e1cfa3ef@group-05349457AAA0-LeaderElection1] INFO  server.RaftServerConfigKeys (ConfUtils.java:logGet(43)) - raft.server.staging.catchup.gap = 1000 (default)
2019-10-18 12:49:45,060 [7efb2e96-f9c3-4063-84ab-0234e1cfa3ef@group-05349457AAA0-LeaderElection1] INFO  server.RaftServerConfigKeys (ConfUtils.java:logGet(43)) - raft.server.rpc.sleep.time = 25ms (default)
2019-10-18 12:49:45,064 [7efb2e96-f9c3-4063-84ab-0234e1cfa3ef@group-05349457AAA0-LeaderElection1] INFO  server.RaftServerConfigKeys (ConfUtils.java:logGet(43)) - raft.server.write.element-limit = 4096 (default)
2019-10-18 12:49:45,066 [7efb2e96-f9c3-4063-84ab-0234e1cfa3ef@group-05349457AAA0-LeaderElection1] INFO  server.RaftServerConfigKeys (ConfUtils.java:logGet(43)) - raft.server.watch.timeout = 10s (default)
2019-10-18 12:49:45,066 [7efb2e96-f9c3-4063-84ab-0234e1cfa3ef@group-05349457AAA0-LeaderElection1] INFO  server.RaftServerConfigKeys (ConfUtils.java:logGet(43)) - raft.server.watch.timeout.denomination = 1s (default)
2019-10-18 12:49:45,066 [7efb2e96-f9c3-4063-84ab-0234e1cfa3ef@group-05349457AAA0-LeaderElection1] INFO  server.RaftServerConfigKeys (ConfUtils.java:logGet(43)) - raft.server.watch.element-limit = 65536 (default)
2019-10-18 12:49:45,077 [7efb2e96-f9c3-4063-84ab-0234e1cfa3ef@group-05349457AAA0-LeaderElection1] INFO  impl.RoleInfo (RoleInfo.java:updateAndGet(143)) - 7efb2e96-f9c3-4063-84ab-0234e1cfa3ef: start LeaderState
2019-10-18 12:49:45,083 [pool-37-thread-1] INFO  storage.RaftStorageDirectory (RaftStorageDirectory.java:tryLock(328)) - Lock on /workdir/hadoop-ozone/integration-test/target/test-dir/MiniOzoneClusterImpl-3be10f8d-1302-4718-9a55-95b8fc69e0de/datanode-1/data/ratis/3baabd91-f871-4c1c-8754-ffd2772b8c13/in_use.lock acquired by nodename 2587@pr-hdds-2330-xmbvw-1183399999
2019-10-18 12:49:45,093 [7efb2e96-f9c3-4063-84ab-0234e1cfa3ef@group-05349457AAA0-LeaderElection1] INFO  segmented.SegmentedRaftLogWorker (SegmentedRaftLogWorker.java:startLogSegment(385)) - 7efb2e96-f9c3-4063-84ab-0234e1cfa3ef@group-05349457AAA0-SegmentedRaftLogWorker: Starting segment from index:0
2019-10-18 12:49:45,100 [pool-37-thread-1] INFO  storage.RaftStorage (RaftStorage.java:format(84)) - Storage directory /workdir/hadoop-ozone/integration-test/target/test-dir/MiniOzoneClusterImpl-3be10f8d-1302-4718-9a55-95b8fc69e0de/datanode-1/data/ratis/3baabd91-f871-4c1c-8754-ffd2772b8c13 has been successfully formatted.
2019-10-18 12:49:45,101 [pool-37-thread-1] INFO  ratis.ContainerStateMachine (ContainerStateMachine.java:loadSnapshot(231)) - group-FFD2772B8C13: The snapshot info is null. Setting the last applied indexto:(t:0, i:~)
2019-10-18 12:49:45,102 [pool-37-thread-1] INFO  server.RaftServerConfigKeys (ConfUtils.java:logGet(43)) - raft.server.notification.no-leader.timeout = 1000s (custom)
2019-10-18 12:49:45,102 [pool-37-thread-1] INFO  server.RaftServerConfigKeys (ConfUtils.java:logGet(43)) - raft.server.log.use.memory = false (default)
2019-10-18 12:49:45,102 [pool-37-thread-1] INFO  server.RaftServerConfigKeys (ConfUtils.java:logGet(43)) - raft.server.log.purge.gap = 1000000 (custom)
2019-10-18 12:49:45,102 [7efb2e96-f9c3-4063-84ab-0234e1cfa3ef@group-05349457AAA0-LeaderElection1] INFO  impl.RaftServerImpl (ServerState.java:setRaftConf(357)) - 7efb2e96-f9c3-4063-84ab-0234e1cfa3ef@group-05349457AAA0: set configuration 0: [7efb2e96-f9c3-4063-84ab-0234e1cfa3ef:192.168.34.56:36868], old=null at 0
2019-10-18 12:49:45,102 [pool-37-thread-1] INFO  server.RaftServerConfigKeys (ConfUtils.java:logGet(43)) - raft.server.log.appender.buffer.byte-limit = 33554432 (custom)
2019-10-18 12:49:45,103 [pool-37-thread-1] INFO  server.RaftServerConfigKeys (ConfUtils.java:logGet(43)) - raft.server.log.segment.size.max = 1048576 (custom)
2019-10-18 12:49:45,127 [pool-37-thread-1] INFO  server.RaftServerConfigKeys (ConfUtils.java:logGet(43)) - raft.server.log.segment.cache.num.max = 2 (custom)
2019-10-18 12:49:45,127 [pool-37-thread-1] INFO  segmented.SegmentedRaftLogWorker (SegmentedRaftLogWorker.java:<init>(173)) - new 791861f8-afde-4d35-9346-06d148d36ddc@group-FFD2772B8C13-SegmentedRaftLogWorker for RaftStorage:Storage Directory /workdir/hadoop-ozone/integration-test/target/test-dir/MiniOzoneClusterImpl-3be10f8d-1302-4718-9a55-95b8fc69e0de/datanode-1/data/ratis/3baabd91-f871-4c1c-8754-ffd2772b8c13
2019-10-18 12:49:45,127 [pool-37-thread-1] INFO  server.RaftServerConfigKeys (ConfUtils.java:logGet(43)) - raft.server.log.queue.byte-limit = 2147483647 (custom)
2019-10-18 12:49:45,127 [pool-37-thread-1] INFO  server.RaftServerConfigKeys (ConfUtils.java:logGet(43)) - raft.server.log.queue.element-limit = 1024 (custom)
2019-10-18 12:49:45,128 [pool-37-thread-1] INFO  server.RaftServerConfigKeys (ConfUtils.java:logGet(43)) - raft.server.log.segment.size.max = 1048576 (custom)
2019-10-18 12:49:45,128 [pool-37-thread-1] INFO  server.RaftServerConfigKeys (ConfUtils.java:logGet(43)) - raft.server.log.preallocated.size = 16384 (custom)
2019-10-18 12:49:45,128 [pool-37-thread-1] INFO  server.RaftServerConfigKeys (ConfUtils.java:logGet(43)) - raft.server.log.write.buffer.size = 33554432 (custom)
2019-10-18 12:49:45,128 [pool-37-thread-1] INFO  server.RaftServerConfigKeys (ConfUtils.java:logGet(43)) - raft.server.log.force.sync.num = 128 (default)
2019-10-18 12:49:45,128 [pool-37-thread-1] INFO  server.RaftServerConfigKeys (ConfUtils.java:logGet(43)) - raft.server.log.statemachine.data.sync = true (default)
2019-10-18 12:49:45,128 [pool-37-thread-1] INFO  server.RaftServerConfigKeys (ConfUtils.java:logGet(43)) - raft.server.log.statemachine.data.sync.timeout = 10s (default)
2019-10-18 12:49:45,129 [pool-37-thread-1] INFO  server.RaftServerConfigKeys (ConfUtils.java:logGet(43)) - raft.server.log.statemachine.data.sync.timeout.retry = -1 (default)
2019-10-18 12:49:45,130 [pool-37-thread-1] INFO  server.RaftServerConfigKeys (ConfUtils.java:logGet(43)) - raft.server.log.statemachine.data.caching.enabled = true (custom)
2019-10-18 12:49:45,134 [pool-37-thread-1] INFO  segmented.SegmentedRaftLogWorker (SegmentedRaftLogWorker.java:lambda$new$0(128)) - 791861f8-afde-4d35-9346-06d148d36ddc@group-FFD2772B8C13-SegmentedRaftLogWorker: flushIndex: setUnconditionally 0 -> -1
2019-10-18 12:49:45,134 [pool-37-thread-1] INFO  server.RaftServerConfigKeys (ConfUtils.java:logGet(43)) - raft.server.snapshot.auto.trigger.enabled = true (custom)
2019-10-18 12:49:45,134 [pool-37-thread-1] INFO  server.RaftServerConfigKeys (ConfUtils.java:logGet(43)) - raft.server.snapshot.auto.trigger.threshold = 10000 (custom)
2019-10-18 12:49:45,134 [pool-37-thread-1] INFO  server.RaftServerConfigKeys (ConfUtils.java:logGet(43)) - raft.server.snapshot.retention.file.num = 5 (custom)
2019-10-18 12:49:45,135 [pool-37-thread-1] INFO  server.RaftServerConfigKeys (ConfUtils.java:logGet(43)) - raft.server.retrycache.expirytime = 600000ms (custom)
2019-10-18 12:49:45,141 [pool-37-thread-1] INFO  impl.RaftServerImpl (RaftServerImpl.java:start(195)) - 791861f8-afde-4d35-9346-06d148d36ddc@group-FFD2772B8C13: start as a follower, conf=-1: [791861f8-afde-4d35-9346-06d148d36ddc:192.168.34.56:35814], old=null
2019-10-18 12:49:45,142 [pool-37-thread-1] INFO  impl.RaftServerImpl (RaftServerImpl.java:setRole(184)) - 791861f8-afde-4d35-9346-06d148d36ddc@group-FFD2772B8C13: changes role from      null to FOLLOWER at term 0 for startAsFollower
2019-10-18 12:49:45,142 [pool-37-thread-1] INFO  impl.RoleInfo (RoleInfo.java:updateAndGet(143)) - 791861f8-afde-4d35-9346-06d148d36ddc: start FollowerState
2019-10-18 12:49:45,142 [pool-37-thread-1] INFO  util.JmxRegister (JmxRegister.java:tryRegister(44)) - Successfully registered JMX Bean with object name Ratis:service=RaftServer,group=group-FFD2772B8C13,id=791861f8-afde-4d35-9346-06d148d36ddc
2019-10-18 12:49:45,155 [RatisPipelineUtilsThread] INFO  pipeline.PipelineStateManager (PipelineStateManager.java:addPipeline(56)) - Created pipeline Pipeline[ Id: 3baabd91-f871-4c1c-8754-ffd2772b8c13, Nodes: 791861f8-afde-4d35-9346-06d148d36ddc{ip: 192.168.34.56, host: pr-hdds-2330-xmbvw-1183399999, networkLocation: /default-rack, certSerialId: null}, Type:RATIS, Factor:ONE, State:OPEN]
2019-10-18 12:49:45,168 [grpc-default-executor-0] INFO  impl.RaftServerProxy (RaftServerProxy.java:addNew(89)) - 1573a222-9ada-47a6-bc12-21286aa75403: addNew group-F908724EB784:[1573a222-9ada-47a6-bc12-21286aa75403:192.168.34.56:40119] returns group-F908724EB784:java.util.concurrent.CompletableFuture@42732b14[Not completed]
2019-10-18 12:49:45,170 [pool-47-thread-1] INFO  impl.RaftServerImpl (RaftServerImpl.java:<init>(104)) - 1573a222-9ada-47a6-bc12-21286aa75403: new RaftServerImpl for group-F908724EB784:[1573a222-9ada-47a6-bc12-21286aa75403:192.168.34.56:40119] with ContainerStateMachine:uninitialized
2019-10-18 12:49:45,171 [pool-47-thread-1] INFO  server.RaftServerConfigKeys (ConfUtils.java:logGet(43)) - raft.server.rpc.timeout.min = 5s (custom)
2019-10-18 12:49:45,171 [pool-47-thread-1] INFO  server.RaftServerConfigKeys (ConfUtils.java:logGet(43)) - raft.server.rpc.timeout.max = 5200ms (custom)
2019-10-18 12:49:45,171 [pool-47-thread-1] INFO  server.RaftServerConfigKeys (ConfUtils.java:logGet(43)) - raft.server.rpcslowness.timeout = 1000s (custom)
2019-10-18 12:49:45,171 [pool-47-thread-1] INFO  server.RaftServerConfigKeys (ConfUtils.java:logGet(43)) - raft.server.sleep.deviation.threshold = 300 (default)
2019-10-18 12:49:45,171 [pool-47-thread-1] INFO  server.RaftServerConfigKeys (ConfUtils.java:logGet(43)) - raft.server.log.appender.install.snapshot.enabled = false (custom)
2019-10-18 12:49:45,171 [pool-47-thread-1] INFO  impl.RaftServerImpl (ServerState.java:<init>(103)) - 1573a222-9ada-47a6-bc12-21286aa75403@group-F908724EB784: ConfigurationManager, init=-1: [1573a222-9ada-47a6-bc12-21286aa75403:192.168.34.56:40119], old=null, confs=<EMPTY_MAP>
2019-10-18 12:49:45,171 [pool-47-thread-1] INFO  server.RaftServerConfigKeys (ConfUtils.java:logGet(43)) - raft.server.storage.dir = [/workdir/hadoop-ozone/integration-test/target/test-dir/MiniOzoneClusterImpl-3be10f8d-1302-4718-9a55-95b8fc69e0de/datanode-2/data/ratis] (custom)
2019-10-18 12:49:45,172 [pool-47-thread-1] INFO  server.RaftServerConfigKeys (ConfUtils.java:logGet(43)) - raft.server.log.corruption.policy = EXCEPTION (default)
2019-10-18 12:49:45,172 [pool-47-thread-1] INFO  storage.RaftStorageDirectory (RaftStorageDirectory.java:analyzeStorage(246)) - The storage directory /workdir/hadoop-ozone/integration-test/target/test-dir/MiniOzoneClusterImpl-3be10f8d-1302-4718-9a55-95b8fc69e0de/datanode-2/data/ratis/db263ee0-35b3-4ae5-a55b-f908724eb784 does not exist. Creating ...
2019-10-18 12:49:45,201 [pool-47-thread-1] INFO  storage.RaftStorageDirectory (RaftStorageDirectory.java:tryLock(328)) - Lock on /workdir/hadoop-ozone/integration-test/target/test-dir/MiniOzoneClusterImpl-3be10f8d-1302-4718-9a55-95b8fc69e0de/datanode-2/data/ratis/db263ee0-35b3-4ae5-a55b-f908724eb784/in_use.lock acquired by nodename 2587@pr-hdds-2330-xmbvw-1183399999
2019-10-18 12:49:45,211 [Thread-191] INFO  impl.FollowerState (FollowerState.java:run(108)) - 791861f8-afde-4d35-9346-06d148d36ddc@group-FFD2772B8C13-FollowerState: change to CANDIDATE, lastRpcTime:69ms, electionTimeout:69ms
2019-10-18 12:49:45,213 [Thread-191] INFO  impl.RoleInfo (RoleInfo.java:shutdownFollowerState(121)) - 791861f8-afde-4d35-9346-06d148d36ddc: shutdown FollowerState
2019-10-18 12:49:45,213 [Thread-191] INFO  impl.RaftServerImpl (RaftServerImpl.java:setRole(184)) - 791861f8-afde-4d35-9346-06d148d36ddc@group-FFD2772B8C13: changes role from  FOLLOWER to CANDIDATE at term 0 for changeToCandidate
2019-10-18 12:49:45,214 [Thread-191] INFO  impl.RoleInfo (RoleInfo.java:updateAndGet(143)) - 791861f8-afde-4d35-9346-06d148d36ddc: start LeaderElection
2019-10-18 12:49:45,224 [pool-47-thread-1] INFO  storage.RaftStorage (RaftStorage.java:format(84)) - Storage directory /workdir/hadoop-ozone/integration-test/target/test-dir/MiniOzoneClusterImpl-3be10f8d-1302-4718-9a55-95b8fc69e0de/datanode-2/data/ratis/db263ee0-35b3-4ae5-a55b-f908724eb784 has been successfully formatted.
2019-10-18 12:49:45,224 [pool-47-thread-1] INFO  ratis.ContainerStateMachine (ContainerStateMachine.java:loadSnapshot(231)) - group-F908724EB784: The snapshot info is null. Setting the last applied indexto:(t:0, i:~)
2019-10-18 12:49:45,224 [pool-47-thread-1] INFO  server.RaftServerConfigKeys (ConfUtils.java:logGet(43)) - raft.server.notification.no-leader.timeout = 1000s (custom)
2019-10-18 12:49:45,225 [pool-47-thread-1] INFO  server.RaftServerConfigKeys (ConfUtils.java:logGet(43)) - raft.server.log.use.memory = false (default)
2019-10-18 12:49:45,225 [pool-47-thread-1] INFO  server.RaftServerConfigKeys (ConfUtils.java:logGet(43)) - raft.server.log.purge.gap = 1000000 (custom)
2019-10-18 12:49:45,225 [pool-47-thread-1] INFO  server.RaftServerConfigKeys (ConfUtils.java:logGet(43)) - raft.server.log.appender.buffer.byte-limit = 33554432 (custom)
2019-10-18 12:49:45,225 [pool-47-thread-1] INFO  server.RaftServerConfigKeys (ConfUtils.java:logGet(43)) - raft.server.log.segment.size.max = 1048576 (custom)
2019-10-18 12:49:45,228 [pool-47-thread-1] INFO  server.RaftServerConfigKeys (ConfUtils.java:logGet(43)) - raft.server.log.segment.cache.num.max = 2 (custom)
2019-10-18 12:49:45,228 [pool-47-thread-1] INFO  segmented.SegmentedRaftLogWorker (SegmentedRaftLogWorker.java:<init>(173)) - new 1573a222-9ada-47a6-bc12-21286aa75403@group-F908724EB784-SegmentedRaftLogWorker for RaftStorage:Storage Directory /workdir/hadoop-ozone/integration-test/target/test-dir/MiniOzoneClusterImpl-3be10f8d-1302-4718-9a55-95b8fc69e0de/datanode-2/data/ratis/db263ee0-35b3-4ae5-a55b-f908724eb784
2019-10-18 12:49:45,228 [pool-47-thread-1] INFO  server.RaftServerConfigKeys (ConfUtils.java:logGet(43)) - raft.server.log.queue.byte-limit = 2147483647 (custom)
2019-10-18 12:49:45,228 [pool-47-thread-1] INFO  server.RaftServerConfigKeys (ConfUtils.java:logGet(43)) - raft.server.log.queue.element-limit = 1024 (custom)
2019-10-18 12:49:45,229 [pool-47-thread-1] INFO  server.RaftServerConfigKeys (ConfUtils.java:logGet(43)) - raft.server.log.segment.size.max = 1048576 (custom)
2019-10-18 12:49:45,229 [pool-47-thread-1] INFO  server.RaftServerConfigKeys (ConfUtils.java:logGet(43)) - raft.server.log.preallocated.size = 16384 (custom)
2019-10-18 12:49:45,229 [pool-47-thread-1] INFO  server.RaftServerConfigKeys (ConfUtils.java:logGet(43)) - raft.server.log.write.buffer.size = 33554432 (custom)
2019-10-18 12:49:45,229 [pool-47-thread-1] INFO  server.RaftServerConfigKeys (ConfUtils.java:logGet(43)) - raft.server.log.force.sync.num = 128 (default)
2019-10-18 12:49:45,229 [pool-47-thread-1] INFO  server.RaftServerConfigKeys (ConfUtils.java:logGet(43)) - raft.server.log.statemachine.data.sync = true (default)
2019-10-18 12:49:45,229 [pool-47-thread-1] INFO  server.RaftServerConfigKeys (ConfUtils.java:logGet(43)) - raft.server.log.statemachine.data.sync.timeout = 10s (default)
2019-10-18 12:49:45,230 [pool-47-thread-1] INFO  server.RaftServerConfigKeys (ConfUtils.java:logGet(43)) - raft.server.log.statemachine.data.sync.timeout.retry = -1 (default)
2019-10-18 12:49:45,230 [pool-47-thread-1] INFO  server.RaftServerConfigKeys (ConfUtils.java:logGet(43)) - raft.server.log.statemachine.data.caching.enabled = true (custom)
2019-10-18 12:49:45,231 [pool-47-thread-1] INFO  segmented.SegmentedRaftLogWorker (SegmentedRaftLogWorker.java:lambda$new$0(128)) - 1573a222-9ada-47a6-bc12-21286aa75403@group-F908724EB784-SegmentedRaftLogWorker: flushIndex: setUnconditionally 0 -> -1
2019-10-18 12:49:45,231 [pool-47-thread-1] INFO  server.RaftServerConfigKeys (ConfUtils.java:logGet(43)) - raft.server.snapshot.auto.trigger.enabled = true (custom)
2019-10-18 12:49:45,231 [pool-47-thread-1] INFO  server.RaftServerConfigKeys (ConfUtils.java:logGet(43)) - raft.server.snapshot.auto.trigger.threshold = 10000 (custom)
2019-10-18 12:49:45,231 [pool-47-thread-1] INFO  server.RaftServerConfigKeys (ConfUtils.java:logGet(43)) - raft.server.snapshot.retention.file.num = 5 (custom)
2019-10-18 12:49:45,231 [pool-47-thread-1] INFO  server.RaftServerConfigKeys (ConfUtils.java:logGet(43)) - raft.server.retrycache.expirytime = 600000ms (custom)
2019-10-18 12:49:45,235 [pool-47-thread-1] INFO  impl.RaftServerImpl (RaftServerImpl.java:start(195)) - 1573a222-9ada-47a6-bc12-21286aa75403@group-F908724EB784: start as a follower, conf=-1: [1573a222-9ada-47a6-bc12-21286aa75403:192.168.34.56:40119], old=null
2019-10-18 12:49:45,235 [pool-47-thread-1] INFO  impl.RaftServerImpl (RaftServerImpl.java:setRole(184)) - 1573a222-9ada-47a6-bc12-21286aa75403@group-F908724EB784: changes role from      null to FOLLOWER at term 0 for startAsFollower
2019-10-18 12:49:45,236 [pool-47-thread-1] INFO  impl.RoleInfo (RoleInfo.java:updateAndGet(143)) - 1573a222-9ada-47a6-bc12-21286aa75403: start FollowerState
2019-10-18 12:49:45,236 [pool-47-thread-1] INFO  util.JmxRegister (JmxRegister.java:tryRegister(44)) - Successfully registered JMX Bean with object name Ratis:service=RaftServer,group=group-F908724EB784,id=1573a222-9ada-47a6-bc12-21286aa75403
2019-10-18 12:49:45,248 [RatisPipelineUtilsThread] INFO  pipeline.PipelineStateManager (PipelineStateManager.java:addPipeline(56)) - Created pipeline Pipeline[ Id: db263ee0-35b3-4ae5-a55b-f908724eb784, Nodes: 1573a222-9ada-47a6-bc12-21286aa75403{ip: 192.168.34.56, host: pr-hdds-2330-xmbvw-1183399999, networkLocation: /default-rack, certSerialId: null}, Type:RATIS, Factor:ONE, State:OPEN]
2019-10-18 12:49:45,254 [791861f8-afde-4d35-9346-06d148d36ddc@group-FFD2772B8C13-LeaderElection2] INFO  impl.LeaderElection (LeaderElection.java:askForVotes(178)) - 791861f8-afde-4d35-9346-06d148d36ddc@group-FFD2772B8C13-LeaderElection2: begin an election at term 1 for -1: [791861f8-afde-4d35-9346-06d148d36ddc:192.168.34.56:35814], old=null
2019-10-18 12:49:45,262 [791861f8-afde-4d35-9346-06d148d36ddc@group-FFD2772B8C13-LeaderElection2] INFO  impl.RoleInfo (RoleInfo.java:shutdownLeaderElection(134)) - 791861f8-afde-4d35-9346-06d148d36ddc: shutdown LeaderElection
2019-10-18 12:49:45,262 [791861f8-afde-4d35-9346-06d148d36ddc@group-FFD2772B8C13-LeaderElection2] INFO  impl.RaftServerImpl (RaftServerImpl.java:setRole(184)) - 791861f8-afde-4d35-9346-06d148d36ddc@group-FFD2772B8C13: changes role from CANDIDATE to LEADER at term 1 for changeToLeader
2019-10-18 12:49:45,263 [791861f8-afde-4d35-9346-06d148d36ddc@group-FFD2772B8C13-LeaderElection2] INFO  impl.RaftServerImpl (ServerState.java:setLeader(256)) - 791861f8-afde-4d35-9346-06d148d36ddc@group-FFD2772B8C13: change Leader from null to 791861f8-afde-4d35-9346-06d148d36ddc at term 1 for becomeLeader, leader elected after 160ms
2019-10-18 12:49:45,263 [791861f8-afde-4d35-9346-06d148d36ddc@group-FFD2772B8C13-LeaderElection2] INFO  server.RaftServerConfigKeys (ConfUtils.java:logGet(43)) - raft.server.staging.catchup.gap = 1000 (default)
2019-10-18 12:49:45,263 [791861f8-afde-4d35-9346-06d148d36ddc@group-FFD2772B8C13-LeaderElection2] INFO  server.RaftServerConfigKeys (ConfUtils.java:logGet(43)) - raft.server.rpc.sleep.time = 25ms (default)
2019-10-18 12:49:45,264 [791861f8-afde-4d35-9346-06d148d36ddc@group-FFD2772B8C13-LeaderElection2] INFO  server.RaftServerConfigKeys (ConfUtils.java:logGet(43)) - raft.server.write.element-limit = 4096 (default)
2019-10-18 12:49:45,265 [791861f8-afde-4d35-9346-06d148d36ddc@group-FFD2772B8C13-LeaderElection2] INFO  server.RaftServerConfigKeys (ConfUtils.java:logGet(43)) - raft.server.watch.timeout = 10s (default)
2019-10-18 12:49:45,265 [791861f8-afde-4d35-9346-06d148d36ddc@group-FFD2772B8C13-LeaderElection2] INFO  server.RaftServerConfigKeys (ConfUtils.java:logGet(43)) - raft.server.watch.timeout.denomination = 1s (default)
2019-10-18 12:49:45,266 [791861f8-afde-4d35-9346-06d148d36ddc@group-FFD2772B8C13-LeaderElection2] INFO  server.RaftServerConfigKeys (ConfUtils.java:logGet(43)) - raft.server.watch.element-limit = 65536 (default)
2019-10-18 12:49:45,279 [791861f8-afde-4d35-9346-06d148d36ddc@group-FFD2772B8C13-LeaderElection2] INFO  impl.RoleInfo (RoleInfo.java:updateAndGet(143)) - 791861f8-afde-4d35-9346-06d148d36ddc: start LeaderState
2019-10-18 12:49:45,282 [791861f8-afde-4d35-9346-06d148d36ddc@group-FFD2772B8C13-LeaderElection2] INFO  segmented.SegmentedRaftLogWorker (SegmentedRaftLogWorker.java:startLogSegment(385)) - 791861f8-afde-4d35-9346-06d148d36ddc@group-FFD2772B8C13-SegmentedRaftLogWorker: Starting segment from index:0
2019-10-18 12:49:45,285 [791861f8-afde-4d35-9346-06d148d36ddc@group-FFD2772B8C13-LeaderElection2] INFO  impl.RaftServerImpl (ServerState.java:setRaftConf(357)) - 791861f8-afde-4d35-9346-06d148d36ddc@group-FFD2772B8C13: set configuration 0: [791861f8-afde-4d35-9346-06d148d36ddc:192.168.34.56:35814], old=null at 0
2019-10-18 12:49:45,285 [grpc-default-executor-1] INFO  impl.RaftServerProxy (RaftServerProxy.java:addNew(89)) - 7efb2e96-f9c3-4063-84ab-0234e1cfa3ef: addNew group-6A6B47B3B231:[7efb2e96-f9c3-4063-84ab-0234e1cfa3ef:192.168.34.56:36868, 1573a222-9ada-47a6-bc12-21286aa75403:192.168.34.56:40119, 791861f8-afde-4d35-9346-06d148d36ddc:192.168.34.56:35814] returns group-6A6B47B3B231:java.util.concurrent.CompletableFuture@3532646c[Not completed]
2019-10-18 12:49:45,289 [grpc-default-executor-1] INFO  impl.RaftServerProxy (RaftServerProxy.java:addNew(89)) - 1573a222-9ada-47a6-bc12-21286aa75403: addNew group-6A6B47B3B231:[7efb2e96-f9c3-4063-84ab-0234e1cfa3ef:192.168.34.56:36868, 1573a222-9ada-47a6-bc12-21286aa75403:192.168.34.56:40119, 791861f8-afde-4d35-9346-06d148d36ddc:192.168.34.56:35814] returns group-6A6B47B3B231:java.util.concurrent.CompletableFuture@7030ecae[Not completed]
2019-10-18 12:49:45,289 [grpc-default-executor-0] INFO  impl.RaftServerProxy (RaftServerProxy.java:addNew(89)) - 791861f8-afde-4d35-9346-06d148d36ddc: addNew group-6A6B47B3B231:[7efb2e96-f9c3-4063-84ab-0234e1cfa3ef:192.168.34.56:36868, 1573a222-9ada-47a6-bc12-21286aa75403:192.168.34.56:40119, 791861f8-afde-4d35-9346-06d148d36ddc:192.168.34.56:35814] returns group-6A6B47B3B231:java.util.concurrent.CompletableFuture@3f1eda05[Not completed]
2019-10-18 12:49:45,290 [pool-27-thread-1] INFO  impl.RaftServerImpl (RaftServerImpl.java:<init>(104)) - 7efb2e96-f9c3-4063-84ab-0234e1cfa3ef: new RaftServerImpl for group-6A6B47B3B231:[7efb2e96-f9c3-4063-84ab-0234e1cfa3ef:192.168.34.56:36868, 1573a222-9ada-47a6-bc12-21286aa75403:192.168.34.56:40119, 791861f8-afde-4d35-9346-06d148d36ddc:192.168.34.56:35814] with ContainerStateMachine:uninitialized
2019-10-18 12:49:45,290 [pool-27-thread-1] INFO  server.RaftServerConfigKeys (ConfUtils.java:logGet(43)) - raft.server.rpc.timeout.min = 5s (custom)
2019-10-18 12:49:45,291 [pool-27-thread-1] INFO  server.RaftServerConfigKeys (ConfUtils.java:logGet(43)) - raft.server.rpc.timeout.max = 5200ms (custom)
2019-10-18 12:49:45,291 [pool-47-thread-1] INFO  impl.RaftServerImpl (RaftServerImpl.java:<init>(104)) - 1573a222-9ada-47a6-bc12-21286aa75403: new RaftServerImpl for group-6A6B47B3B231:[7efb2e96-f9c3-4063-84ab-0234e1cfa3ef:192.168.34.56:36868, 1573a222-9ada-47a6-bc12-21286aa75403:192.168.34.56:40119, 791861f8-afde-4d35-9346-06d148d36ddc:192.168.34.56:35814] with ContainerStateMachine:uninitialized
2019-10-18 12:49:45,291 [pool-27-thread-1] INFO  server.RaftServerConfigKeys (ConfUtils.java:logGet(43)) - raft.server.rpcslowness.timeout = 1000s (custom)
2019-10-18 12:49:45,291 [pool-47-thread-1] INFO  server.RaftServerConfigKeys (ConfUtils.java:logGet(43)) - raft.server.rpc.timeout.min = 5s (custom)
2019-10-18 12:49:45,291 [pool-27-thread-1] INFO  server.RaftServerConfigKeys (ConfUtils.java:logGet(43)) - raft.server.sleep.deviation.threshold = 300 (default)
2019-10-18 12:49:45,291 [pool-47-thread-1] INFO  server.RaftServerConfigKeys (ConfUtils.java:logGet(43)) - raft.server.rpc.timeout.max = 5200ms (custom)
2019-10-18 12:49:45,291 [pool-27-thread-1] INFO  server.RaftServerConfigKeys (ConfUtils.java:logGet(43)) - raft.server.log.appender.install.snapshot.enabled = false (custom)
2019-10-18 12:49:45,291 [pool-47-thread-1] INFO  server.RaftServerConfigKeys (ConfUtils.java:logGet(43)) - raft.server.rpcslowness.timeout = 1000s (custom)
2019-10-18 12:49:45,292 [pool-27-thread-1] INFO  impl.RaftServerImpl (ServerState.java:<init>(103)) - 7efb2e96-f9c3-4063-84ab-0234e1cfa3ef@group-6A6B47B3B231: ConfigurationManager, init=-1: [7efb2e96-f9c3-4063-84ab-0234e1cfa3ef:192.168.34.56:36868, 1573a222-9ada-47a6-bc12-21286aa75403:192.168.34.56:40119, 791861f8-afde-4d35-9346-06d148d36ddc:192.168.34.56:35814], old=null, confs=<EMPTY_MAP>
2019-10-18 12:49:45,292 [pool-47-thread-1] INFO  server.RaftServerConfigKeys (ConfUtils.java:logGet(43)) - raft.server.sleep.deviation.threshold = 300 (default)
2019-10-18 12:49:45,292 [pool-47-thread-1] INFO  server.RaftServerConfigKeys (ConfUtils.java:logGet(43)) - raft.server.log.appender.install.snapshot.enabled = false (custom)
2019-10-18 12:49:45,292 [pool-27-thread-1] INFO  server.RaftServerConfigKeys (ConfUtils.java:logGet(43)) - raft.server.storage.dir = [/workdir/hadoop-ozone/integration-test/target/test-dir/MiniOzoneClusterImpl-3be10f8d-1302-4718-9a55-95b8fc69e0de/datanode-0/data/ratis] (custom)
2019-10-18 12:49:45,292 [pool-47-thread-1] INFO  impl.RaftServerImpl (ServerState.java:<init>(103)) - 1573a222-9ada-47a6-bc12-21286aa75403@group-6A6B47B3B231: ConfigurationManager, init=-1: [7efb2e96-f9c3-4063-84ab-0234e1cfa3ef:192.168.34.56:36868, 1573a222-9ada-47a6-bc12-21286aa75403:192.168.34.56:40119, 791861f8-afde-4d35-9346-06d148d36ddc:192.168.34.56:35814], old=null, confs=<EMPTY_MAP>
2019-10-18 12:49:45,292 [pool-37-thread-1] INFO  impl.RaftServerImpl (RaftServerImpl.java:<init>(104)) - 791861f8-afde-4d35-9346-06d148d36ddc: new RaftServerImpl for group-6A6B47B3B231:[7efb2e96-f9c3-4063-84ab-0234e1cfa3ef:192.168.34.56:36868, 1573a222-9ada-47a6-bc12-21286aa75403:192.168.34.56:40119, 791861f8-afde-4d35-9346-06d148d36ddc:192.168.34.56:35814] with ContainerStateMachine:uninitialized
2019-10-18 12:49:45,293 [pool-27-thread-1] INFO  server.RaftServerConfigKeys (ConfUtils.java:logGet(43)) - raft.server.log.corruption.policy = EXCEPTION (default)
2019-10-18 12:49:45,293 [pool-47-thread-1] INFO  server.RaftServerConfigKeys (ConfUtils.java:logGet(43)) - raft.server.storage.dir = [/workdir/hadoop-ozone/integration-test/target/test-dir/MiniOzoneClusterImpl-3be10f8d-1302-4718-9a55-95b8fc69e0de/datanode-2/data/ratis] (custom)
2019-10-18 12:49:45,293 [pool-37-thread-1] INFO  server.RaftServerConfigKeys (ConfUtils.java:logGet(43)) - raft.server.rpc.timeout.min = 5s (custom)
2019-10-18 12:49:45,293 [pool-27-thread-1] INFO  storage.RaftStorageDirectory (RaftStorageDirectory.java:analyzeStorage(246)) - The storage directory /workdir/hadoop-ozone/integration-test/target/test-dir/MiniOzoneClusterImpl-3be10f8d-1302-4718-9a55-95b8fc69e0de/datanode-0/data/ratis/18f6f15d-c63f-47db-b28d-6a6b47b3b231 does not exist. Creating ...
2019-10-18 12:49:45,293 [pool-37-thread-1] INFO  server.RaftServerConfigKeys (ConfUtils.java:logGet(43)) - raft.server.rpc.timeout.max = 5200ms (custom)
2019-10-18 12:49:45,293 [pool-47-thread-1] INFO  server.RaftServerConfigKeys (ConfUtils.java:logGet(43)) - raft.server.log.corruption.policy = EXCEPTION (default)
2019-10-18 12:49:45,294 [pool-37-thread-1] INFO  server.RaftServerConfigKeys (ConfUtils.java:logGet(43)) - raft.server.rpcslowness.timeout = 1000s (custom)
2019-10-18 12:49:45,294 [pool-47-thread-1] INFO  storage.RaftStorageDirectory (RaftStorageDirectory.java:analyzeStorage(246)) - The storage directory /workdir/hadoop-ozone/integration-test/target/test-dir/MiniOzoneClusterImpl-3be10f8d-1302-4718-9a55-95b8fc69e0de/datanode-2/data/ratis/18f6f15d-c63f-47db-b28d-6a6b47b3b231 does not exist. Creating ...
2019-10-18 12:49:45,294 [pool-37-thread-1] INFO  server.RaftServerConfigKeys (ConfUtils.java:logGet(43)) - raft.server.sleep.deviation.threshold = 300 (default)
2019-10-18 12:49:45,294 [pool-37-thread-1] INFO  server.RaftServerConfigKeys (ConfUtils.java:logGet(43)) - raft.server.log.appender.install.snapshot.enabled = false (custom)
2019-10-18 12:49:45,295 [pool-37-thread-1] INFO  impl.RaftServerImpl (ServerState.java:<init>(103)) - 791861f8-afde-4d35-9346-06d148d36ddc@group-6A6B47B3B231: ConfigurationManager, init=-1: [7efb2e96-f9c3-4063-84ab-0234e1cfa3ef:192.168.34.56:36868, 1573a222-9ada-47a6-bc12-21286aa75403:192.168.34.56:40119, 791861f8-afde-4d35-9346-06d148d36ddc:192.168.34.56:35814], old=null, confs=<EMPTY_MAP>
2019-10-18 12:49:45,295 [pool-37-thread-1] INFO  server.RaftServerConfigKeys (ConfUtils.java:logGet(43)) - raft.server.storage.dir = [/workdir/hadoop-ozone/integration-test/target/test-dir/MiniOzoneClusterImpl-3be10f8d-1302-4718-9a55-95b8fc69e0de/datanode-1/data/ratis] (custom)
2019-10-18 12:49:45,295 [pool-37-thread-1] INFO  server.RaftServerConfigKeys (ConfUtils.java:logGet(43)) - raft.server.log.corruption.policy = EXCEPTION (default)
2019-10-18 12:49:45,296 [pool-37-thread-1] INFO  storage.RaftStorageDirectory (RaftStorageDirectory.java:analyzeStorage(246)) - The storage directory /workdir/hadoop-ozone/integration-test/target/test-dir/MiniOzoneClusterImpl-3be10f8d-1302-4718-9a55-95b8fc69e0de/datanode-1/data/ratis/18f6f15d-c63f-47db-b28d-6a6b47b3b231 does not exist. Creating ...
2019-10-18 12:49:45,317 [pool-47-thread-1] INFO  storage.RaftStorageDirectory (RaftStorageDirectory.java:tryLock(328)) - Lock on /workdir/hadoop-ozone/integration-test/target/test-dir/MiniOzoneClusterImpl-3be10f8d-1302-4718-9a55-95b8fc69e0de/datanode-2/data/ratis/18f6f15d-c63f-47db-b28d-6a6b47b3b231/in_use.lock acquired by nodename 2587@pr-hdds-2330-xmbvw-1183399999
2019-10-18 12:49:45,317 [pool-37-thread-1] INFO  storage.RaftStorageDirectory (RaftStorageDirectory.java:tryLock(328)) - Lock on /workdir/hadoop-ozone/integration-test/target/test-dir/MiniOzoneClusterImpl-3be10f8d-1302-4718-9a55-95b8fc69e0de/datanode-1/data/ratis/18f6f15d-c63f-47db-b28d-6a6b47b3b231/in_use.lock acquired by nodename 2587@pr-hdds-2330-xmbvw-1183399999
2019-10-18 12:49:45,317 [pool-27-thread-1] INFO  storage.RaftStorageDirectory (RaftStorageDirectory.java:tryLock(328)) - Lock on /workdir/hadoop-ozone/integration-test/target/test-dir/MiniOzoneClusterImpl-3be10f8d-1302-4718-9a55-95b8fc69e0de/datanode-0/data/ratis/18f6f15d-c63f-47db-b28d-6a6b47b3b231/in_use.lock acquired by nodename 2587@pr-hdds-2330-xmbvw-1183399999
2019-10-18 12:49:45,341 [pool-37-thread-1] INFO  storage.RaftStorage (RaftStorage.java:format(84)) - Storage directory /workdir/hadoop-ozone/integration-test/target/test-dir/MiniOzoneClusterImpl-3be10f8d-1302-4718-9a55-95b8fc69e0de/datanode-1/data/ratis/18f6f15d-c63f-47db-b28d-6a6b47b3b231 has been successfully formatted.
2019-10-18 12:49:45,341 [791861f8-afde-4d35-9346-06d148d36ddc@group-FFD2772B8C13-SegmentedRaftLogWorker] INFO  segmented.SegmentedRaftLogWorker (SegmentedRaftLogWorker.java:execute(576)) - 791861f8-afde-4d35-9346-06d148d36ddc@group-FFD2772B8C13-SegmentedRaftLogWorker: created new log segment /workdir/hadoop-ozone/integration-test/target/test-dir/MiniOzoneClusterImpl-3be10f8d-1302-4718-9a55-95b8fc69e0de/datanode-1/data/ratis/3baabd91-f871-4c1c-8754-ffd2772b8c13/current/log_inprogress_0
2019-10-18 12:49:45,341 [7efb2e96-f9c3-4063-84ab-0234e1cfa3ef@group-05349457AAA0-SegmentedRaftLogWorker] INFO  segmented.SegmentedRaftLogWorker (SegmentedRaftLogWorker.java:execute(576)) - 7efb2e96-f9c3-4063-84ab-0234e1cfa3ef@group-05349457AAA0-SegmentedRaftLogWorker: created new log segment /workdir/hadoop-ozone/integration-test/target/test-dir/MiniOzoneClusterImpl-3be10f8d-1302-4718-9a55-95b8fc69e0de/datanode-0/data/ratis/db6137d0-d8bf-4807-b050-05349457aaa0/current/log_inprogress_0
2019-10-18 12:49:45,341 [pool-47-thread-1] INFO  storage.RaftStorage (RaftStorage.java:format(84)) - Storage directory /workdir/hadoop-ozone/integration-test/target/test-dir/MiniOzoneClusterImpl-3be10f8d-1302-4718-9a55-95b8fc69e0de/datanode-2/data/ratis/18f6f15d-c63f-47db-b28d-6a6b47b3b231 has been successfully formatted.
2019-10-18 12:49:45,341 [pool-27-thread-1] INFO  storage.RaftStorage (RaftStorage.java:format(84)) - Storage directory /workdir/hadoop-ozone/integration-test/target/test-dir/MiniOzoneClusterImpl-3be10f8d-1302-4718-9a55-95b8fc69e0de/datanode-0/data/ratis/18f6f15d-c63f-47db-b28d-6a6b47b3b231 has been successfully formatted.
2019-10-18 12:49:45,342 [pool-37-thread-1] INFO  ratis.ContainerStateMachine (ContainerStateMachine.java:loadSnapshot(231)) - group-6A6B47B3B231: The snapshot info is null. Setting the last applied indexto:(t:0, i:~)
2019-10-18 12:49:45,342 [pool-47-thread-1] INFO  ratis.ContainerStateMachine (ContainerStateMachine.java:loadSnapshot(231)) - group-6A6B47B3B231: The snapshot info is null. Setting the last applied indexto:(t:0, i:~)
2019-10-18 12:49:45,342 [pool-37-thread-1] INFO  server.RaftServerConfigKeys (ConfUtils.java:logGet(43)) - raft.server.notification.no-leader.timeout = 1000s (custom)
2019-10-18 12:49:45,342 [pool-47-thread-1] INFO  server.RaftServerConfigKeys (ConfUtils.java:logGet(43)) - raft.server.notification.no-leader.timeout = 1000s (custom)
2019-10-18 12:49:45,342 [pool-27-thread-1] INFO  ratis.ContainerStateMachine (ContainerStateMachine.java:loadSnapshot(231)) - group-6A6B47B3B231: The snapshot info is null. Setting the last applied indexto:(t:0, i:~)
2019-10-18 12:49:45,343 [pool-47-thread-1] INFO  server.RaftServerConfigKeys (ConfUtils.java:logGet(43)) - raft.server.log.use.memory = false (default)
2019-10-18 12:49:45,343 [pool-37-thread-1] INFO  server.RaftServerConfigKeys (ConfUtils.java:logGet(43)) - raft.server.log.use.memory = false (default)
2019-10-18 12:49:45,343 [pool-47-thread-1] INFO  server.RaftServerConfigKeys (ConfUtils.java:logGet(43)) - raft.server.log.purge.gap = 1000000 (custom)
2019-10-18 12:49:45,343 [pool-27-thread-1] INFO  server.RaftServerConfigKeys (ConfUtils.java:logGet(43)) - raft.server.notification.no-leader.timeout = 1000s (custom)
2019-10-18 12:49:45,343 [pool-47-thread-1] INFO  server.RaftServerConfigKeys (ConfUtils.java:logGet(43)) - raft.server.log.appender.buffer.byte-limit = 33554432 (custom)
2019-10-18 12:49:45,343 [pool-37-thread-1] INFO  server.RaftServerConfigKeys (ConfUtils.java:logGet(43)) - raft.server.log.purge.gap = 1000000 (custom)
2019-10-18 12:49:45,343 [pool-47-thread-1] INFO  server.RaftServerConfigKeys (ConfUtils.java:logGet(43)) - raft.server.log.segment.size.max = 1048576 (custom)
2019-10-18 12:49:45,343 [pool-27-thread-1] INFO  server.RaftServerConfigKeys (ConfUtils.java:logGet(43)) - raft.server.log.use.memory = false (default)
2019-10-18 12:49:45,344 [pool-47-thread-1] INFO  server.RaftServerConfigKeys (ConfUtils.java:logGet(43)) - raft.server.log.segment.cache.num.max = 2 (custom)
2019-10-18 12:49:45,343 [pool-37-thread-1] INFO  server.RaftServerConfigKeys (ConfUtils.java:logGet(43)) - raft.server.log.appender.buffer.byte-limit = 33554432 (custom)
2019-10-18 12:49:45,344 [pool-47-thread-1] INFO  segmented.SegmentedRaftLogWorker (SegmentedRaftLogWorker.java:<init>(173)) - new 1573a222-9ada-47a6-bc12-21286aa75403@group-6A6B47B3B231-SegmentedRaftLogWorker for RaftStorage:Storage Directory /workdir/hadoop-ozone/integration-test/target/test-dir/MiniOzoneClusterImpl-3be10f8d-1302-4718-9a55-95b8fc69e0de/datanode-2/data/ratis/18f6f15d-c63f-47db-b28d-6a6b47b3b231
2019-10-18 12:49:45,344 [pool-27-thread-1] INFO  server.RaftServerConfigKeys (ConfUtils.java:logGet(43)) - raft.server.log.purge.gap = 1000000 (custom)
2019-10-18 12:49:45,344 [pool-47-thread-1] INFO  server.RaftServerConfigKeys (ConfUtils.java:logGet(43)) - raft.server.log.queue.byte-limit = 2147483647 (custom)
2019-10-18 12:49:45,344 [pool-37-thread-1] INFO  server.RaftServerConfigKeys (ConfUtils.java:logGet(43)) - raft.server.log.segment.size.max = 1048576 (custom)
2019-10-18 12:49:45,344 [pool-47-thread-1] INFO  server.RaftServerConfigKeys (ConfUtils.java:logGet(43)) - raft.server.log.queue.element-limit = 1024 (custom)
2019-10-18 12:49:45,344 [pool-27-thread-1] INFO  server.RaftServerConfigKeys (ConfUtils.java:logGet(43)) - raft.server.log.appender.buffer.byte-limit = 33554432 (custom)
2019-10-18 12:49:45,345 [pool-47-thread-1] INFO  server.RaftServerConfigKeys (ConfUtils.java:logGet(43)) - raft.server.log.segment.size.max = 1048576 (custom)
2019-10-18 12:49:45,344 [pool-37-thread-1] INFO  server.RaftServerConfigKeys (ConfUtils.java:logGet(43)) - raft.server.log.segment.cache.num.max = 2 (custom)
2019-10-18 12:49:45,345 [pool-47-thread-1] INFO  server.RaftServerConfigKeys (ConfUtils.java:logGet(43)) - raft.server.log.preallocated.size = 16384 (custom)
2019-10-18 12:49:45,345 [pool-27-thread-1] INFO  server.RaftServerConfigKeys (ConfUtils.java:logGet(43)) - raft.server.log.segment.size.max = 1048576 (custom)
2019-10-18 12:49:45,345 [pool-47-thread-1] INFO  server.RaftServerConfigKeys (ConfUtils.java:logGet(43)) - raft.server.log.write.buffer.size = 33554432 (custom)
2019-10-18 12:49:45,345 [pool-37-thread-1] INFO  segmented.SegmentedRaftLogWorker (SegmentedRaftLogWorker.java:<init>(173)) - new 791861f8-afde-4d35-9346-06d148d36ddc@group-6A6B47B3B231-SegmentedRaftLogWorker for RaftStorage:Storage Directory /workdir/hadoop-ozone/integration-test/target/test-dir/MiniOzoneClusterImpl-3be10f8d-1302-4718-9a55-95b8fc69e0de/datanode-1/data/ratis/18f6f15d-c63f-47db-b28d-6a6b47b3b231
2019-10-18 12:49:45,345 [pool-47-thread-1] INFO  server.RaftServerConfigKeys (ConfUtils.java:logGet(43)) - raft.server.log.force.sync.num = 128 (default)
2019-10-18 12:49:45,345 [pool-27-thread-1] INFO  server.RaftServerConfigKeys (ConfUtils.java:logGet(43)) - raft.server.log.segment.cache.num.max = 2 (custom)
2019-10-18 12:49:45,346 [pool-47-thread-1] INFO  server.RaftServerConfigKeys (ConfUtils.java:logGet(43)) - raft.server.log.statemachine.data.sync = true (default)
2019-10-18 12:49:45,345 [pool-37-thread-1] INFO  server.RaftServerConfigKeys (ConfUtils.java:logGet(43)) - raft.server.log.queue.byte-limit = 2147483647 (custom)
2019-10-18 12:49:45,346 [pool-47-thread-1] INFO  server.RaftServerConfigKeys (ConfUtils.java:logGet(43)) - raft.server.log.statemachine.data.sync.timeout = 10s (default)
2019-10-18 12:49:45,346 [pool-27-thread-1] INFO  segmented.SegmentedRaftLogWorker (SegmentedRaftLogWorker.java:<init>(173)) - new 7efb2e96-f9c3-4063-84ab-0234e1cfa3ef@group-6A6B47B3B231-SegmentedRaftLogWorker for RaftStorage:Storage Directory /workdir/hadoop-ozone/integration-test/target/test-dir/MiniOzoneClusterImpl-3be10f8d-1302-4718-9a55-95b8fc69e0de/datanode-0/data/ratis/18f6f15d-c63f-47db-b28d-6a6b47b3b231
2019-10-18 12:49:45,346 [pool-47-thread-1] INFO  server.RaftServerConfigKeys (ConfUtils.java:logGet(43)) - raft.server.log.statemachine.data.sync.timeout.retry = -1 (default)
2019-10-18 12:49:45,346 [pool-37-thread-1] INFO  server.RaftServerConfigKeys (ConfUtils.java:logGet(43)) - raft.server.log.queue.element-limit = 1024 (custom)
2019-10-18 12:49:45,346 [pool-27-thread-1] INFO  server.RaftServerConfigKeys (ConfUtils.java:logGet(43)) - raft.server.log.queue.byte-limit = 2147483647 (custom)
2019-10-18 12:49:45,346 [pool-47-thread-1] INFO  server.RaftServerConfigKeys (ConfUtils.java:logGet(43)) - raft.server.log.statemachine.data.caching.enabled = true (custom)
2019-10-18 12:49:45,346 [pool-37-thread-1] INFO  server.RaftServerConfigKeys (ConfUtils.java:logGet(43)) - raft.server.log.segment.size.max = 1048576 (custom)
2019-10-18 12:49:45,346 [pool-27-thread-1] INFO  server.RaftServerConfigKeys (ConfUtils.java:logGet(43)) - raft.server.log.queue.element-limit = 1024 (custom)
2019-10-18 12:49:45,347 [pool-37-thread-1] INFO  server.RaftServerConfigKeys (ConfUtils.java:logGet(43)) - raft.server.log.preallocated.size = 16384 (custom)
2019-10-18 12:49:45,347 [pool-27-thread-1] INFO  server.RaftServerConfigKeys (ConfUtils.java:logGet(43)) - raft.server.log.segment.size.max = 1048576 (custom)
2019-10-18 12:49:45,347 [pool-47-thread-1] INFO  segmented.SegmentedRaftLogWorker (SegmentedRaftLogWorker.java:lambda$new$0(128)) - 1573a222-9ada-47a6-bc12-21286aa75403@group-6A6B47B3B231-SegmentedRaftLogWorker: flushIndex: setUnconditionally 0 -> -1
2019-10-18 12:49:45,347 [pool-27-thread-1] INFO  server.RaftServerConfigKeys (ConfUtils.java:logGet(43)) - raft.server.log.preallocated.size = 16384 (custom)
2019-10-18 12:49:45,347 [pool-37-thread-1] INFO  server.RaftServerConfigKeys (ConfUtils.java:logGet(43)) - raft.server.log.write.buffer.size = 33554432 (custom)
2019-10-18 12:49:45,347 [pool-47-thread-1] INFO  server.RaftServerConfigKeys (ConfUtils.java:logGet(43)) - raft.server.snapshot.auto.trigger.enabled = true (custom)
2019-10-18 12:49:45,347 [pool-27-thread-1] INFO  server.RaftServerConfigKeys (ConfUtils.java:logGet(43)) - raft.server.log.write.buffer.size = 33554432 (custom)
2019-10-18 12:49:45,347 [pool-47-thread-1] INFO  server.RaftServerConfigKeys (ConfUtils.java:logGet(43)) - raft.server.snapshot.auto.trigger.threshold = 10000 (custom)
2019-10-18 12:49:45,347 [pool-37-thread-1] INFO  server.RaftServerConfigKeys (ConfUtils.java:logGet(43)) - raft.server.log.force.sync.num = 128 (default)
2019-10-18 12:49:45,348 [pool-47-thread-1] INFO  server.RaftServerConfigKeys (ConfUtils.java:logGet(43)) - raft.server.snapshot.retention.file.num = 5 (custom)
2019-10-18 12:49:45,347 [pool-27-thread-1] INFO  server.RaftServerConfigKeys (ConfUtils.java:logGet(43)) - raft.server.log.force.sync.num = 128 (default)
2019-10-18 12:49:45,348 [pool-37-thread-1] INFO  server.RaftServerConfigKeys (ConfUtils.java:logGet(43)) - raft.server.log.statemachine.data.sync = true (default)
2019-10-18 12:49:45,348 [pool-27-thread-1] INFO  server.RaftServerConfigKeys (ConfUtils.java:logGet(43)) - raft.server.log.statemachine.data.sync = true (default)
2019-10-18 12:49:45,348 [pool-47-thread-1] INFO  server.RaftServerConfigKeys (ConfUtils.java:logGet(43)) - raft.server.retrycache.expirytime = 600000ms (custom)
2019-10-18 12:49:45,348 [pool-27-thread-1] INFO  server.RaftServerConfigKeys (ConfUtils.java:logGet(43)) - raft.server.log.statemachine.data.sync.timeout = 10s (default)
2019-10-18 12:49:45,348 [pool-37-thread-1] INFO  server.RaftServerConfigKeys (ConfUtils.java:logGet(43)) - raft.server.log.statemachine.data.sync.timeout = 10s (default)
2019-10-18 12:49:45,348 [pool-27-thread-1] INFO  server.RaftServerConfigKeys (ConfUtils.java:logGet(43)) - raft.server.log.statemachine.data.sync.timeout.retry = -1 (default)
2019-10-18 12:49:45,348 [pool-37-thread-1] INFO  server.RaftServerConfigKeys (ConfUtils.java:logGet(43)) - raft.server.log.statemachine.data.sync.timeout.retry = -1 (default)
2019-10-18 12:49:45,349 [pool-27-thread-1] INFO  server.RaftServerConfigKeys (ConfUtils.java:logGet(43)) - raft.server.log.statemachine.data.caching.enabled = true (custom)
2019-10-18 12:49:45,349 [pool-37-thread-1] INFO  server.RaftServerConfigKeys (ConfUtils.java:logGet(43)) - raft.server.log.statemachine.data.caching.enabled = true (custom)
2019-10-18 12:49:45,349 [pool-27-thread-1] INFO  segmented.SegmentedRaftLogWorker (SegmentedRaftLogWorker.java:lambda$new$0(128)) - 7efb2e96-f9c3-4063-84ab-0234e1cfa3ef@group-6A6B47B3B231-SegmentedRaftLogWorker: flushIndex: setUnconditionally 0 -> -1
2019-10-18 12:49:45,349 [pool-37-thread-1] INFO  segmented.SegmentedRaftLogWorker (SegmentedRaftLogWorker.java:lambda$new$0(128)) - 791861f8-afde-4d35-9346-06d148d36ddc@group-6A6B47B3B231-SegmentedRaftLogWorker: flushIndex: setUnconditionally 0 -> -1
2019-10-18 12:49:45,349 [pool-27-thread-1] INFO  server.RaftServerConfigKeys (ConfUtils.java:logGet(43)) - raft.server.snapshot.auto.trigger.enabled = true (custom)
2019-10-18 12:49:45,349 [pool-37-thread-1] INFO  server.RaftServerConfigKeys (ConfUtils.java:logGet(43)) - raft.server.snapshot.auto.trigger.enabled = true (custom)
2019-10-18 12:49:45,349 [pool-27-thread-1] INFO  server.RaftServerConfigKeys (ConfUtils.java:logGet(43)) - raft.server.snapshot.auto.trigger.threshold = 10000 (custom)
2019-10-18 12:49:45,350 [pool-37-thread-1] INFO  server.RaftServerConfigKeys (ConfUtils.java:logGet(43)) - raft.server.snapshot.auto.trigger.threshold = 10000 (custom)
2019-10-18 12:49:45,350 [pool-27-thread-1] INFO  server.RaftServerConfigKeys (ConfUtils.java:logGet(43)) - raft.server.snapshot.retention.file.num = 5 (custom)
2019-10-18 12:49:45,350 [pool-37-thread-1] INFO  server.RaftServerConfigKeys (ConfUtils.java:logGet(43)) - raft.server.snapshot.retention.file.num = 5 (custom)
2019-10-18 12:49:45,350 [pool-27-thread-1] INFO  server.RaftServerConfigKeys (ConfUtils.java:logGet(43)) - raft.server.retrycache.expirytime = 600000ms (custom)
2019-10-18 12:49:45,350 [pool-37-thread-1] INFO  server.RaftServerConfigKeys (ConfUtils.java:logGet(43)) - raft.server.retrycache.expirytime = 600000ms (custom)
2019-10-18 12:49:45,351 [pool-47-thread-1] INFO  impl.RaftServerImpl (RaftServerImpl.java:start(195)) - 1573a222-9ada-47a6-bc12-21286aa75403@group-6A6B47B3B231: start as a follower, conf=-1: [7efb2e96-f9c3-4063-84ab-0234e1cfa3ef:192.168.34.56:36868, 1573a222-9ada-47a6-bc12-21286aa75403:192.168.34.56:40119, 791861f8-afde-4d35-9346-06d148d36ddc:192.168.34.56:35814], old=null
2019-10-18 12:49:45,351 [pool-47-thread-1] INFO  impl.RaftServerImpl (RaftServerImpl.java:setRole(184)) - 1573a222-9ada-47a6-bc12-21286aa75403@group-6A6B47B3B231: changes role from      null to FOLLOWER at term 0 for startAsFollower
2019-10-18 12:49:45,351 [pool-47-thread-1] INFO  impl.RoleInfo (RoleInfo.java:updateAndGet(143)) - 1573a222-9ada-47a6-bc12-21286aa75403: start FollowerState
2019-10-18 12:49:45,351 [pool-47-thread-1] INFO  util.JmxRegister (JmxRegister.java:tryRegister(44)) - Successfully registered JMX Bean with object name Ratis:service=RaftServer,group=group-6A6B47B3B231,id=1573a222-9ada-47a6-bc12-21286aa75403
2019-10-18 12:49:45,352 [pool-27-thread-1] INFO  impl.RaftServerImpl (RaftServerImpl.java:start(195)) - 7efb2e96-f9c3-4063-84ab-0234e1cfa3ef@group-6A6B47B3B231: start as a follower, conf=-1: [7efb2e96-f9c3-4063-84ab-0234e1cfa3ef:192.168.34.56:36868, 1573a222-9ada-47a6-bc12-21286aa75403:192.168.34.56:40119, 791861f8-afde-4d35-9346-06d148d36ddc:192.168.34.56:35814], old=null
2019-10-18 12:49:45,352 [pool-27-thread-1] INFO  impl.RaftServerImpl (RaftServerImpl.java:setRole(184)) - 7efb2e96-f9c3-4063-84ab-0234e1cfa3ef@group-6A6B47B3B231: changes role from      null to FOLLOWER at term 0 for startAsFollower
2019-10-18 12:49:45,352 [pool-27-thread-1] INFO  impl.RoleInfo (RoleInfo.java:updateAndGet(143)) - 7efb2e96-f9c3-4063-84ab-0234e1cfa3ef: start FollowerState
2019-10-18 12:49:45,352 [pool-37-thread-1] INFO  impl.RaftServerImpl (RaftServerImpl.java:start(195)) - 791861f8-afde-4d35-9346-06d148d36ddc@group-6A6B47B3B231: start as a follower, conf=-1: [7efb2e96-f9c3-4063-84ab-0234e1cfa3ef:192.168.34.56:36868, 1573a222-9ada-47a6-bc12-21286aa75403:192.168.34.56:40119, 791861f8-afde-4d35-9346-06d148d36ddc:192.168.34.56:35814], old=null
2019-10-18 12:49:45,353 [pool-37-thread-1] INFO  impl.RaftServerImpl (RaftServerImpl.java:setRole(184)) - 791861f8-afde-4d35-9346-06d148d36ddc@group-6A6B47B3B231: changes role from      null to FOLLOWER at term 0 for startAsFollower
2019-10-18 12:49:45,353 [pool-27-thread-1] INFO  util.JmxRegister (JmxRegister.java:tryRegister(44)) - Successfully registered JMX Bean with object name Ratis:service=RaftServer,group=group-6A6B47B3B231,id=7efb2e96-f9c3-4063-84ab-0234e1cfa3ef
2019-10-18 12:49:45,353 [pool-37-thread-1] INFO  impl.RoleInfo (RoleInfo.java:updateAndGet(143)) - 791861f8-afde-4d35-9346-06d148d36ddc: start FollowerState
2019-10-18 12:49:45,353 [pool-37-thread-1] INFO  util.JmxRegister (JmxRegister.java:tryRegister(44)) - Successfully registered JMX Bean with object name Ratis:service=RaftServer,group=group-6A6B47B3B231,id=791861f8-afde-4d35-9346-06d148d36ddc
2019-10-18 12:49:45,361 [Thread-195] INFO  impl.FollowerState (FollowerState.java:run(108)) - 1573a222-9ada-47a6-bc12-21286aa75403@group-F908724EB784-FollowerState: change to CANDIDATE, lastRpcTime:125ms, electionTimeout:125ms
2019-10-18 12:49:45,361 [Thread-195] INFO  impl.RoleInfo (RoleInfo.java:shutdownFollowerState(121)) - 1573a222-9ada-47a6-bc12-21286aa75403: shutdown FollowerState
2019-10-18 12:49:45,363 [Thread-195] INFO  impl.RaftServerImpl (RaftServerImpl.java:setRole(184)) - 1573a222-9ada-47a6-bc12-21286aa75403@group-F908724EB784: changes role from  FOLLOWER to CANDIDATE at term 0 for changeToCandidate
2019-10-18 12:49:45,363 [Thread-195] INFO  impl.RoleInfo (RoleInfo.java:updateAndGet(143)) - 1573a222-9ada-47a6-bc12-21286aa75403: start LeaderElection
2019-10-18 12:49:45,373 [RatisPipelineUtilsThread] INFO  pipeline.PipelineStateManager (PipelineStateManager.java:addPipeline(56)) - Created pipeline Pipeline[ Id: 18f6f15d-c63f-47db-b28d-6a6b47b3b231, Nodes: 7efb2e96-f9c3-4063-84ab-0234e1cfa3ef{ip: 192.168.34.56, host: pr-hdds-2330-xmbvw-1183399999, networkLocation: /default-rack, certSerialId: null}791861f8-afde-4d35-9346-06d148d36ddc{ip: 192.168.34.56, host: pr-hdds-2330-xmbvw-1183399999, networkLocation: /default-rack, certSerialId: null}1573a222-9ada-47a6-bc12-21286aa75403{ip: 192.168.34.56, host: pr-hdds-2330-xmbvw-1183399999, networkLocation: /default-rack, certSerialId: null}, Type:RATIS, Factor:THREE, State:OPEN]
2019-10-18 12:49:45,389 [1573a222-9ada-47a6-bc12-21286aa75403@group-F908724EB784-LeaderElection3] INFO  impl.LeaderElection (LeaderElection.java:askForVotes(178)) - 1573a222-9ada-47a6-bc12-21286aa75403@group-F908724EB784-LeaderElection3: begin an election at term 1 for -1: [1573a222-9ada-47a6-bc12-21286aa75403:192.168.34.56:40119], old=null
2019-10-18 12:49:45,390 [1573a222-9ada-47a6-bc12-21286aa75403@group-F908724EB784-LeaderElection3] INFO  impl.RoleInfo (RoleInfo.java:shutdownLeaderElection(134)) - 1573a222-9ada-47a6-bc12-21286aa75403: shutdown LeaderElection
2019-10-18 12:49:45,391 [1573a222-9ada-47a6-bc12-21286aa75403@group-F908724EB784-LeaderElection3] INFO  impl.RaftServerImpl (RaftServerImpl.java:setRole(184)) - 1573a222-9ada-47a6-bc12-21286aa75403@group-F908724EB784: changes role from CANDIDATE to LEADER at term 1 for changeToLeader
2019-10-18 12:49:45,391 [1573a222-9ada-47a6-bc12-21286aa75403@group-F908724EB784-LeaderElection3] INFO  impl.RaftServerImpl (ServerState.java:setLeader(256)) - 1573a222-9ada-47a6-bc12-21286aa75403@group-F908724EB784: change Leader from null to 1573a222-9ada-47a6-bc12-21286aa75403 at term 1 for becomeLeader, leader elected after 166ms
2019-10-18 12:49:45,391 [1573a222-9ada-47a6-bc12-21286aa75403@group-F908724EB784-LeaderElection3] INFO  server.RaftServerConfigKeys (ConfUtils.java:logGet(43)) - raft.server.staging.catchup.gap = 1000 (default)
2019-10-18 12:49:45,391 [1573a222-9ada-47a6-bc12-21286aa75403@group-F908724EB784-LeaderElection3] INFO  server.RaftServerConfigKeys (ConfUtils.java:logGet(43)) - raft.server.rpc.sleep.time = 25ms (default)
2019-10-18 12:49:45,391 [1573a222-9ada-47a6-bc12-21286aa75403@group-F908724EB784-LeaderElection3] INFO  server.RaftServerConfigKeys (ConfUtils.java:logGet(43)) - raft.server.write.element-limit = 4096 (default)
2019-10-18 12:49:45,391 [1573a222-9ada-47a6-bc12-21286aa75403@group-F908724EB784-LeaderElection3] INFO  server.RaftServerConfigKeys (ConfUtils.java:logGet(43)) - raft.server.watch.timeout = 10s (default)
2019-10-18 12:49:45,391 [1573a222-9ada-47a6-bc12-21286aa75403@group-F908724EB784-LeaderElection3] INFO  server.RaftServerConfigKeys (ConfUtils.java:logGet(43)) - raft.server.watch.timeout.denomination = 1s (default)
2019-10-18 12:49:45,391 [1573a222-9ada-47a6-bc12-21286aa75403@group-F908724EB784-LeaderElection3] INFO  server.RaftServerConfigKeys (ConfUtils.java:logGet(43)) - raft.server.watch.element-limit = 65536 (default)
2019-10-18 12:49:45,394 [1573a222-9ada-47a6-bc12-21286aa75403@group-F908724EB784-LeaderElection3] INFO  impl.RoleInfo (RoleInfo.java:updateAndGet(143)) - 1573a222-9ada-47a6-bc12-21286aa75403: start LeaderState
2019-10-18 12:49:45,394 [1573a222-9ada-47a6-bc12-21286aa75403@group-F908724EB784-LeaderElection3] INFO  segmented.SegmentedRaftLogWorker (SegmentedRaftLogWorker.java:startLogSegment(385)) - 1573a222-9ada-47a6-bc12-21286aa75403@group-F908724EB784-SegmentedRaftLogWorker: Starting segment from index:0
2019-10-18 12:49:45,394 [1573a222-9ada-47a6-bc12-21286aa75403@group-F908724EB784-LeaderElection3] INFO  impl.RaftServerImpl (ServerState.java:setRaftConf(357)) - 1573a222-9ada-47a6-bc12-21286aa75403@group-F908724EB784: set configuration 0: [1573a222-9ada-47a6-bc12-21286aa75403:192.168.34.56:40119], old=null at 0
2019-10-18 12:49:45,433 [Thread-201] INFO  impl.FollowerState (FollowerState.java:run(108)) - 1573a222-9ada-47a6-bc12-21286aa75403@group-6A6B47B3B231-FollowerState: change to CANDIDATE, lastRpcTime:82ms, electionTimeout:82ms
2019-10-18 12:49:45,434 [Thread-203] INFO  impl.FollowerState (FollowerState.java:run(108)) - 791861f8-afde-4d35-9346-06d148d36ddc@group-6A6B47B3B231-FollowerState: change to CANDIDATE, lastRpcTime:81ms, electionTimeout:81ms
2019-10-18 12:49:45,434 [Thread-201] INFO  impl.RoleInfo (RoleInfo.java:shutdownFollowerState(121)) - 1573a222-9ada-47a6-bc12-21286aa75403: shutdown FollowerState
2019-10-18 12:49:45,435 [Thread-203] INFO  impl.RoleInfo (RoleInfo.java:shutdownFollowerState(121)) - 791861f8-afde-4d35-9346-06d148d36ddc: shutdown FollowerState
2019-10-18 12:49:45,435 [Thread-201] INFO  impl.RaftServerImpl (RaftServerImpl.java:setRole(184)) - 1573a222-9ada-47a6-bc12-21286aa75403@group-6A6B47B3B231: changes role from  FOLLOWER to CANDIDATE at term 0 for changeToCandidate
2019-10-18 12:49:45,435 [Thread-203] INFO  impl.RaftServerImpl (RaftServerImpl.java:setRole(184)) - 791861f8-afde-4d35-9346-06d148d36ddc@group-6A6B47B3B231: changes role from  FOLLOWER to CANDIDATE at term 0 for changeToCandidate
2019-10-18 12:49:45,435 [Thread-201] INFO  impl.RoleInfo (RoleInfo.java:updateAndGet(143)) - 1573a222-9ada-47a6-bc12-21286aa75403: start LeaderElection
2019-10-18 12:49:45,435 [Thread-203] INFO  impl.RoleInfo (RoleInfo.java:updateAndGet(143)) - 791861f8-afde-4d35-9346-06d148d36ddc: start LeaderElection
2019-10-18 12:49:45,441 [1573a222-9ada-47a6-bc12-21286aa75403@group-F908724EB784-SegmentedRaftLogWorker] INFO  segmented.SegmentedRaftLogWorker (SegmentedRaftLogWorker.java:execute(576)) - 1573a222-9ada-47a6-bc12-21286aa75403@group-F908724EB784-SegmentedRaftLogWorker: created new log segment /workdir/hadoop-ozone/integration-test/target/test-dir/MiniOzoneClusterImpl-3be10f8d-1302-4718-9a55-95b8fc69e0de/datanode-2/data/ratis/db263ee0-35b3-4ae5-a55b-f908724eb784/current/log_inprogress_0
2019-10-18 12:49:45,460 [1573a222-9ada-47a6-bc12-21286aa75403@group-6A6B47B3B231-LeaderElection4] INFO  impl.LeaderElection (LeaderElection.java:askForVotes(178)) - 1573a222-9ada-47a6-bc12-21286aa75403@group-6A6B47B3B231-LeaderElection4: begin an election at term 1 for -1: [7efb2e96-f9c3-4063-84ab-0234e1cfa3ef:192.168.34.56:36868, 1573a222-9ada-47a6-bc12-21286aa75403:192.168.34.56:40119, 791861f8-afde-4d35-9346-06d148d36ddc:192.168.34.56:35814], old=null
2019-10-18 12:49:45,460 [791861f8-afde-4d35-9346-06d148d36ddc@group-6A6B47B3B231-LeaderElection5] INFO  impl.LeaderElection (LeaderElection.java:askForVotes(178)) - 791861f8-afde-4d35-9346-06d148d36ddc@group-6A6B47B3B231-LeaderElection5: begin an election at term 1 for -1: [7efb2e96-f9c3-4063-84ab-0234e1cfa3ef:192.168.34.56:36868, 1573a222-9ada-47a6-bc12-21286aa75403:192.168.34.56:40119, 791861f8-afde-4d35-9346-06d148d36ddc:192.168.34.56:35814], old=null
2019-10-18 12:49:45,482 [Thread-202] INFO  impl.FollowerState (FollowerState.java:run(108)) - 7efb2e96-f9c3-4063-84ab-0234e1cfa3ef@group-6A6B47B3B231-FollowerState: change to CANDIDATE, lastRpcTime:129ms, electionTimeout:129ms
2019-10-18 12:49:45,482 [Thread-202] INFO  impl.RoleInfo (RoleInfo.java:shutdownFollowerState(121)) - 7efb2e96-f9c3-4063-84ab-0234e1cfa3ef: shutdown FollowerState
2019-10-18 12:49:45,482 [Thread-202] INFO  impl.RaftServerImpl (RaftServerImpl.java:setRole(184)) - 7efb2e96-f9c3-4063-84ab-0234e1cfa3ef@group-6A6B47B3B231: changes role from  FOLLOWER to CANDIDATE at term 0 for changeToCandidate
2019-10-18 12:49:45,483 [Thread-202] INFO  impl.RoleInfo (RoleInfo.java:updateAndGet(143)) - 7efb2e96-f9c3-4063-84ab-0234e1cfa3ef: start LeaderElection
2019-10-18 12:49:45,487 [main] INFO  ozone.MiniOzoneClusterImpl (MiniOzoneClusterImpl.java:lambda$waitForClusterToBeReady$0(147)) - Cluster is ready. Got 3 of 3 DN Heartbeats.
2019-10-18 12:49:45,524 [7efb2e96-f9c3-4063-84ab-0234e1cfa3ef@group-6A6B47B3B231-LeaderElection6] INFO  impl.LeaderElection (LeaderElection.java:askForVotes(178)) - 7efb2e96-f9c3-4063-84ab-0234e1cfa3ef@group-6A6B47B3B231-LeaderElection6: begin an election at term 1 for -1: [7efb2e96-f9c3-4063-84ab-0234e1cfa3ef:192.168.34.56:36868, 1573a222-9ada-47a6-bc12-21286aa75403:192.168.34.56:40119, 791861f8-afde-4d35-9346-06d148d36ddc:192.168.34.56:35814], old=null
2019-10-18 12:49:45,536 [1573a222-9ada-47a6-bc12-21286aa75403@group-6A6B47B3B231-LeaderElection4] INFO  impl.LeaderElection (LeaderElection.java:logAndReturn(56)) - 1573a222-9ada-47a6-bc12-21286aa75403@group-6A6B47B3B231-LeaderElection4: Election REJECTED; received 2 response(s) [1573a222-9ada-47a6-bc12-21286aa75403<-7efb2e96-f9c3-4063-84ab-0234e1cfa3ef#0:FAIL-t1, 1573a222-9ada-47a6-bc12-21286aa75403<-791861f8-afde-4d35-9346-06d148d36ddc#0:FAIL-t1] and 0 exception(s); 1573a222-9ada-47a6-bc12-21286aa75403@group-6A6B47B3B231:t1, leader=null, voted=1573a222-9ada-47a6-bc12-21286aa75403, raftlog=1573a222-9ada-47a6-bc12-21286aa75403@group-6A6B47B3B231-SegmentedRaftLog:OPENED:c-1,f-1,i0, conf=-1: [7efb2e96-f9c3-4063-84ab-0234e1cfa3ef:192.168.34.56:36868, 1573a222-9ada-47a6-bc12-21286aa75403:192.168.34.56:40119, 791861f8-afde-4d35-9346-06d148d36ddc:192.168.34.56:35814], old=null
2019-10-18 12:49:45,537 [791861f8-afde-4d35-9346-06d148d36ddc@group-6A6B47B3B231-LeaderElection5] INFO  impl.LeaderElection (LeaderElection.java:logAndReturn(56)) - 791861f8-afde-4d35-9346-06d148d36ddc@group-6A6B47B3B231-LeaderElection5: Election REJECTED; received 2 response(s) [791861f8-afde-4d35-9346-06d148d36ddc<-7efb2e96-f9c3-4063-84ab-0234e1cfa3ef#0:FAIL-t1, 791861f8-afde-4d35-9346-06d148d36ddc<-1573a222-9ada-47a6-bc12-21286aa75403#0:FAIL-t1] and 0 exception(s); 791861f8-afde-4d35-9346-06d148d36ddc@group-6A6B47B3B231:t1, leader=null, voted=791861f8-afde-4d35-9346-06d148d36ddc, raftlog=791861f8-afde-4d35-9346-06d148d36ddc@group-6A6B47B3B231-SegmentedRaftLog:OPENED:c-1,f-1,i0, conf=-1: [7efb2e96-f9c3-4063-84ab-0234e1cfa3ef:192.168.34.56:36868, 1573a222-9ada-47a6-bc12-21286aa75403:192.168.34.56:40119, 791861f8-afde-4d35-9346-06d148d36ddc:192.168.34.56:35814], old=null
2019-10-18 12:49:45,539 [1573a222-9ada-47a6-bc12-21286aa75403@group-6A6B47B3B231-LeaderElection4] INFO  impl.RaftServerImpl (RaftServerImpl.java:setRole(184)) - 1573a222-9ada-47a6-bc12-21286aa75403@group-6A6B47B3B231: changes role from CANDIDATE to FOLLOWER at term 1 for DISCOVERED_A_NEW_TERM
2019-10-18 12:49:45,540 [791861f8-afde-4d35-9346-06d148d36ddc@group-6A6B47B3B231-LeaderElection5] INFO  impl.RaftServerImpl (RaftServerImpl.java:setRole(184)) - 791861f8-afde-4d35-9346-06d148d36ddc@group-6A6B47B3B231: changes role from CANDIDATE to FOLLOWER at term 1 for DISCOVERED_A_NEW_TERM
2019-10-18 12:49:45,541 [1573a222-9ada-47a6-bc12-21286aa75403@group-6A6B47B3B231-LeaderElection4] INFO  impl.RoleInfo (RoleInfo.java:shutdownLeaderElection(134)) - 1573a222-9ada-47a6-bc12-21286aa75403: shutdown LeaderElection
2019-10-18 12:49:45,541 [791861f8-afde-4d35-9346-06d148d36ddc@group-6A6B47B3B231-LeaderElection5] INFO  impl.RoleInfo (RoleInfo.java:shutdownLeaderElection(134)) - 791861f8-afde-4d35-9346-06d148d36ddc: shutdown LeaderElection
2019-10-18 12:49:45,542 [1573a222-9ada-47a6-bc12-21286aa75403@group-6A6B47B3B231-LeaderElection4] INFO  impl.RoleInfo (RoleInfo.java:updateAndGet(143)) - 1573a222-9ada-47a6-bc12-21286aa75403: start FollowerState
2019-10-18 12:49:45,542 [791861f8-afde-4d35-9346-06d148d36ddc@group-6A6B47B3B231-LeaderElection5] INFO  impl.RoleInfo (RoleInfo.java:updateAndGet(143)) - 791861f8-afde-4d35-9346-06d148d36ddc: start FollowerState
2019-10-18 12:49:45,551 [7efb2e96-f9c3-4063-84ab-0234e1cfa3ef@group-6A6B47B3B231-LeaderElection6] INFO  impl.LeaderElection (LeaderElection.java:logAndReturn(56)) - 7efb2e96-f9c3-4063-84ab-0234e1cfa3ef@group-6A6B47B3B231-LeaderElection6: Election REJECTED; received 2 response(s) [7efb2e96-f9c3-4063-84ab-0234e1cfa3ef<-1573a222-9ada-47a6-bc12-21286aa75403#0:FAIL-t1, 7efb2e96-f9c3-4063-84ab-0234e1cfa3ef<-791861f8-afde-4d35-9346-06d148d36ddc#0:FAIL-t1] and 0 exception(s); 7efb2e96-f9c3-4063-84ab-0234e1cfa3ef@group-6A6B47B3B231:t1, leader=null, voted=7efb2e96-f9c3-4063-84ab-0234e1cfa3ef, raftlog=7efb2e96-f9c3-4063-84ab-0234e1cfa3ef@group-6A6B47B3B231-SegmentedRaftLog:OPENED:c-1,f-1,i0, conf=-1: [7efb2e96-f9c3-4063-84ab-0234e1cfa3ef:192.168.34.56:36868, 1573a222-9ada-47a6-bc12-21286aa75403:192.168.34.56:40119, 791861f8-afde-4d35-9346-06d148d36ddc:192.168.34.56:35814], old=null
2019-10-18 12:49:45,552 [7efb2e96-f9c3-4063-84ab-0234e1cfa3ef@group-6A6B47B3B231-LeaderElection6] INFO  impl.RaftServerImpl (RaftServerImpl.java:setRole(184)) - 7efb2e96-f9c3-4063-84ab-0234e1cfa3ef@group-6A6B47B3B231: changes role from CANDIDATE to FOLLOWER at term 1 for DISCOVERED_A_NEW_TERM
2019-10-18 12:49:45,552 [7efb2e96-f9c3-4063-84ab-0234e1cfa3ef@group-6A6B47B3B231-LeaderElection6] INFO  impl.RoleInfo (RoleInfo.java:shutdownLeaderElection(134)) - 7efb2e96-f9c3-4063-84ab-0234e1cfa3ef: shutdown LeaderElection
2019-10-18 12:49:45,553 [7efb2e96-f9c3-4063-84ab-0234e1cfa3ef@group-6A6B47B3B231-LeaderElection6] INFO  impl.RoleInfo (RoleInfo.java:updateAndGet(143)) - 7efb2e96-f9c3-4063-84ab-0234e1cfa3ef: start FollowerState
2019-10-18 12:49:45,635 [Thread-218] INFO  impl.FollowerState (FollowerState.java:run(108)) - 1573a222-9ada-47a6-bc12-21286aa75403@group-6A6B47B3B231-FollowerState: change to CANDIDATE, lastRpcTime:92ms, electionTimeout:92ms
2019-10-18 12:49:45,636 [Thread-218] INFO  impl.RoleInfo (RoleInfo.java:shutdownFollowerState(121)) - 1573a222-9ada-47a6-bc12-21286aa75403: shutdown FollowerState
2019-10-18 12:49:45,636 [Thread-218] INFO  impl.RaftServerImpl (RaftServerImpl.java:setRole(184)) - 1573a222-9ada-47a6-bc12-21286aa75403@group-6A6B47B3B231: changes role from  FOLLOWER to CANDIDATE at term 1 for changeToCandidate
2019-10-18 12:49:45,637 [Thread-218] INFO  impl.RoleInfo (RoleInfo.java:updateAndGet(143)) - 1573a222-9ada-47a6-bc12-21286aa75403: start LeaderElection
2019-10-18 12:49:45,656 [Thread-219] INFO  impl.FollowerState (FollowerState.java:run(108)) - 791861f8-afde-4d35-9346-06d148d36ddc@group-6A6B47B3B231-FollowerState: change to CANDIDATE, lastRpcTime:114ms, electionTimeout:113ms
2019-10-18 12:49:45,656 [Thread-219] INFO  impl.RoleInfo (RoleInfo.java:shutdownFollowerState(121)) - 791861f8-afde-4d35-9346-06d148d36ddc: shutdown FollowerState
2019-10-18 12:49:45,657 [Thread-219] INFO  impl.RaftServerImpl (RaftServerImpl.java:setRole(184)) - 791861f8-afde-4d35-9346-06d148d36ddc@group-6A6B47B3B231: changes role from  FOLLOWER to CANDIDATE at term 1 for changeToCandidate
2019-10-18 12:49:45,657 [Thread-219] INFO  impl.RoleInfo (RoleInfo.java:updateAndGet(143)) - 791861f8-afde-4d35-9346-06d148d36ddc: start LeaderElection
2019-10-18 12:49:45,666 [1573a222-9ada-47a6-bc12-21286aa75403@group-6A6B47B3B231-LeaderElection7] INFO  impl.LeaderElection (LeaderElection.java:askForVotes(178)) - 1573a222-9ada-47a6-bc12-21286aa75403@group-6A6B47B3B231-LeaderElection7: begin an election at term 2 for -1: [7efb2e96-f9c3-4063-84ab-0234e1cfa3ef:192.168.34.56:36868, 1573a222-9ada-47a6-bc12-21286aa75403:192.168.34.56:40119, 791861f8-afde-4d35-9346-06d148d36ddc:192.168.34.56:35814], old=null
2019-10-18 12:49:45,671 [grpc-default-executor-0] INFO  impl.RaftServerImpl (RaftServerImpl.java:setRole(184)) - 7efb2e96-f9c3-4063-84ab-0234e1cfa3ef@group-6A6B47B3B231: changes role from  FOLLOWER to FOLLOWER at term 2 for recognizeCandidate:1573a222-9ada-47a6-bc12-21286aa75403
2019-10-18 12:49:45,671 [grpc-default-executor-0] INFO  impl.RoleInfo (RoleInfo.java:shutdownFollowerState(121)) - 7efb2e96-f9c3-4063-84ab-0234e1cfa3ef: shutdown FollowerState
2019-10-18 12:49:45,672 [Thread-220] INFO  impl.FollowerState (FollowerState.java:run(117)) - 7efb2e96-f9c3-4063-84ab-0234e1cfa3ef@group-6A6B47B3B231-FollowerState was interrupted: java.lang.InterruptedException: sleep interrupted
2019-10-18 12:49:45,672 [grpc-default-executor-0] INFO  impl.RoleInfo (RoleInfo.java:updateAndGet(143)) - 7efb2e96-f9c3-4063-84ab-0234e1cfa3ef: start FollowerState
2019-10-18 12:49:45,683 [791861f8-afde-4d35-9346-06d148d36ddc@group-6A6B47B3B231-LeaderElection8] INFO  impl.LeaderElection (LeaderElection.java:askForVotes(178)) - 791861f8-afde-4d35-9346-06d148d36ddc@group-6A6B47B3B231-LeaderElection8: begin an election at term 2 for -1: [7efb2e96-f9c3-4063-84ab-0234e1cfa3ef:192.168.34.56:36868, 1573a222-9ada-47a6-bc12-21286aa75403:192.168.34.56:40119, 791861f8-afde-4d35-9346-06d148d36ddc:192.168.34.56:35814], old=null
2019-10-18 12:49:45,721 [1573a222-9ada-47a6-bc12-21286aa75403@group-6A6B47B3B231-LeaderElection7] INFO  impl.LeaderElection (LeaderElection.java:logAndReturn(56)) - 1573a222-9ada-47a6-bc12-21286aa75403@group-6A6B47B3B231-LeaderElection7: Election PASSED; received 2 response(s) [1573a222-9ada-47a6-bc12-21286aa75403<-7efb2e96-f9c3-4063-84ab-0234e1cfa3ef#0:OK-t2, 1573a222-9ada-47a6-bc12-21286aa75403<-791861f8-afde-4d35-9346-06d148d36ddc#0:FAIL-t2] and 0 exception(s); 1573a222-9ada-47a6-bc12-21286aa75403@group-6A6B47B3B231:t2, leader=null, voted=1573a222-9ada-47a6-bc12-21286aa75403, raftlog=1573a222-9ada-47a6-bc12-21286aa75403@group-6A6B47B3B231-SegmentedRaftLog:OPENED:c-1,f-1,i0, conf=-1: [7efb2e96-f9c3-4063-84ab-0234e1cfa3ef:192.168.34.56:36868, 1573a222-9ada-47a6-bc12-21286aa75403:192.168.34.56:40119, 791861f8-afde-4d35-9346-06d148d36ddc:192.168.34.56:35814], old=null
2019-10-18 12:49:45,721 [1573a222-9ada-47a6-bc12-21286aa75403@group-6A6B47B3B231-LeaderElection7] INFO  impl.RoleInfo (RoleInfo.java:shutdownLeaderElection(134)) - 1573a222-9ada-47a6-bc12-21286aa75403: shutdown LeaderElection
2019-10-18 12:49:45,722 [1573a222-9ada-47a6-bc12-21286aa75403@group-6A6B47B3B231-LeaderElection7] INFO  impl.RaftServerImpl (RaftServerImpl.java:setRole(184)) - 1573a222-9ada-47a6-bc12-21286aa75403@group-6A6B47B3B231: changes role from CANDIDATE to LEADER at term 2 for changeToLeader
2019-10-18 12:49:45,722 [1573a222-9ada-47a6-bc12-21286aa75403@group-6A6B47B3B231-LeaderElection7] INFO  impl.RaftServerImpl (ServerState.java:setLeader(256)) - 1573a222-9ada-47a6-bc12-21286aa75403@group-6A6B47B3B231: change Leader from null to 1573a222-9ada-47a6-bc12-21286aa75403 at term 2 for becomeLeader, leader elected after 379ms
2019-10-18 12:49:45,723 [1573a222-9ada-47a6-bc12-21286aa75403@group-6A6B47B3B231-LeaderElection7] INFO  server.RaftServerConfigKeys (ConfUtils.java:logGet(43)) - raft.server.staging.catchup.gap = 1000 (default)
2019-10-18 12:49:45,723 [791861f8-afde-4d35-9346-06d148d36ddc@group-6A6B47B3B231-LeaderElection8] INFO  impl.LeaderElection (LeaderElection.java:logAndReturn(56)) - 791861f8-afde-4d35-9346-06d148d36ddc@group-6A6B47B3B231-LeaderElection8: Election REJECTED; received 2 response(s) [791861f8-afde-4d35-9346-06d148d36ddc<-7efb2e96-f9c3-4063-84ab-0234e1cfa3ef#0:FAIL-t2, 791861f8-afde-4d35-9346-06d148d36ddc<-1573a222-9ada-47a6-bc12-21286aa75403#0:FAIL-t2] and 0 exception(s); 791861f8-afde-4d35-9346-06d148d36ddc@group-6A6B47B3B231:t2, leader=null, voted=791861f8-afde-4d35-9346-06d148d36ddc, raftlog=791861f8-afde-4d35-9346-06d148d36ddc@group-6A6B47B3B231-SegmentedRaftLog:OPENED:c-1,f-1,i0, conf=-1: [7efb2e96-f9c3-4063-84ab-0234e1cfa3ef:192.168.34.56:36868, 1573a222-9ada-47a6-bc12-21286aa75403:192.168.34.56:40119, 791861f8-afde-4d35-9346-06d148d36ddc:192.168.34.56:35814], old=null
2019-10-18 12:49:45,723 [1573a222-9ada-47a6-bc12-21286aa75403@group-6A6B47B3B231-LeaderElection7] INFO  server.RaftServerConfigKeys (ConfUtils.java:logGet(43)) - raft.server.rpc.sleep.time = 25ms (default)
2019-10-18 12:49:45,724 [791861f8-afde-4d35-9346-06d148d36ddc@group-6A6B47B3B231-LeaderElection8] INFO  impl.RaftServerImpl (RaftServerImpl.java:setRole(184)) - 791861f8-afde-4d35-9346-06d148d36ddc@group-6A6B47B3B231: changes role from CANDIDATE to FOLLOWER at term 2 for DISCOVERED_A_NEW_TERM
2019-10-18 12:49:45,725 [791861f8-afde-4d35-9346-06d148d36ddc@group-6A6B47B3B231-LeaderElection8] INFO  impl.RoleInfo (RoleInfo.java:shutdownLeaderElection(134)) - 791861f8-afde-4d35-9346-06d148d36ddc: shutdown LeaderElection
2019-10-18 12:49:45,725 [1573a222-9ada-47a6-bc12-21286aa75403@group-6A6B47B3B231-LeaderElection7] INFO  server.RaftServerConfigKeys (ConfUtils.java:logGet(43)) - raft.server.write.element-limit = 4096 (default)
2019-10-18 12:49:45,725 [791861f8-afde-4d35-9346-06d148d36ddc@group-6A6B47B3B231-LeaderElection8] INFO  impl.RoleInfo (RoleInfo.java:updateAndGet(143)) - 791861f8-afde-4d35-9346-06d148d36ddc: start FollowerState
2019-10-18 12:49:45,725 [1573a222-9ada-47a6-bc12-21286aa75403@group-6A6B47B3B231-LeaderElection7] INFO  server.RaftServerConfigKeys (ConfUtils.java:logGet(43)) - raft.server.watch.timeout = 10s (default)
2019-10-18 12:49:45,725 [1573a222-9ada-47a6-bc12-21286aa75403@group-6A6B47B3B231-LeaderElection7] INFO  server.RaftServerConfigKeys (ConfUtils.java:logGet(43)) - raft.server.watch.timeout.denomination = 1s (default)
2019-10-18 12:49:45,726 [1573a222-9ada-47a6-bc12-21286aa75403@group-6A6B47B3B231-LeaderElection7] INFO  server.RaftServerConfigKeys (ConfUtils.java:logGet(43)) - raft.server.watch.element-limit = 65536 (default)
2019-10-18 12:49:45,731 [1573a222-9ada-47a6-bc12-21286aa75403@group-6A6B47B3B231-LeaderElection7] INFO  server.RaftServerConfigKeys (ConfUtils.java:logGet(43)) - raft.server.log.appender.snapshot.chunk.size.max = 16MB (=16777216) (default)
2019-10-18 12:49:45,731 [1573a222-9ada-47a6-bc12-21286aa75403@group-6A6B47B3B231-LeaderElection7] INFO  server.RaftServerConfigKeys (ConfUtils.java:logGet(43)) - raft.server.log.appender.buffer.byte-limit = 33554432 (custom)
2019-10-18 12:49:45,731 [1573a222-9ada-47a6-bc12-21286aa75403@group-6A6B47B3B231-LeaderElection7] INFO  server.RaftServerConfigKeys (ConfUtils.java:logGet(43)) - raft.server.log.appender.buffer.element-limit = 1 (custom)
2019-10-18 12:49:45,737 [1573a222-9ada-47a6-bc12-21286aa75403@group-6A6B47B3B231-LeaderElection7] INFO  grpc.GrpcConfigKeys$Server (ConfUtils.java:logGet(43)) - raft.grpc.server.leader.outstanding.appends.max = 128 (default)
2019-10-18 12:49:45,738 [1573a222-9ada-47a6-bc12-21286aa75403@group-6A6B47B3B231-LeaderElection7] INFO  server.RaftServerConfigKeys (ConfUtils.java:logGet(43)) - raft.server.rpc.request.timeout = 3000ms (default)
2019-10-18 12:49:45,738 [1573a222-9ada-47a6-bc12-21286aa75403@group-6A6B47B3B231-LeaderElection7] INFO  server.RaftServerConfigKeys (ConfUtils.java:logGet(43)) - raft.server.log.appender.install.snapshot.enabled = false (custom)
2019-10-18 12:49:45,741 [1573a222-9ada-47a6-bc12-21286aa75403@group-6A6B47B3B231-LeaderElection7] INFO  server.RaftServerConfigKeys (ConfUtils.java:logGet(43)) - raft.server.log.appender.snapshot.chunk.size.max = 16MB (=16777216) (default)
2019-10-18 12:49:45,742 [1573a222-9ada-47a6-bc12-21286aa75403@group-6A6B47B3B231-LeaderElection7] INFO  server.RaftServerConfigKeys (ConfUtils.java:logGet(43)) - raft.server.log.appender.buffer.byte-limit = 33554432 (custom)
2019-10-18 12:49:45,742 [1573a222-9ada-47a6-bc12-21286aa75403@group-6A6B47B3B231-LeaderElection7] INFO  server.RaftServerConfigKeys (ConfUtils.java:logGet(43)) - raft.server.log.appender.buffer.element-limit = 1 (custom)
2019-10-18 12:49:45,742 [1573a222-9ada-47a6-bc12-21286aa75403@group-6A6B47B3B231-LeaderElection7] INFO  grpc.GrpcConfigKeys$Server (ConfUtils.java:logGet(43)) - raft.grpc.server.leader.outstanding.appends.max = 128 (default)
2019-10-18 12:49:45,742 [1573a222-9ada-47a6-bc12-21286aa75403@group-6A6B47B3B231-LeaderElection7] INFO  server.RaftServerConfigKeys (ConfUtils.java:logGet(43)) - raft.server.rpc.request.timeout = 3000ms (default)
2019-10-18 12:49:45,742 [1573a222-9ada-47a6-bc12-21286aa75403@group-6A6B47B3B231-LeaderElection7] INFO  server.RaftServerConfigKeys (ConfUtils.java:logGet(43)) - raft.server.log.appender.install.snapshot.enabled = false (custom)
2019-10-18 12:49:45,746 [1573a222-9ada-47a6-bc12-21286aa75403@group-6A6B47B3B231-LeaderElection7] INFO  impl.RoleInfo (RoleInfo.java:updateAndGet(143)) - 1573a222-9ada-47a6-bc12-21286aa75403: start LeaderState
2019-10-18 12:49:45,746 [1573a222-9ada-47a6-bc12-21286aa75403@group-6A6B47B3B231-LeaderElection7] INFO  segmented.SegmentedRaftLogWorker (SegmentedRaftLogWorker.java:startLogSegment(385)) - 1573a222-9ada-47a6-bc12-21286aa75403@group-6A6B47B3B231-SegmentedRaftLogWorker: Starting segment from index:0
2019-10-18 12:49:45,747 [1573a222-9ada-47a6-bc12-21286aa75403@group-6A6B47B3B231-LeaderElection7] INFO  impl.RaftServerImpl (ServerState.java:setRaftConf(357)) - 1573a222-9ada-47a6-bc12-21286aa75403@group-6A6B47B3B231: set configuration 0: [7efb2e96-f9c3-4063-84ab-0234e1cfa3ef:192.168.34.56:36868, 1573a222-9ada-47a6-bc12-21286aa75403:192.168.34.56:40119, 791861f8-afde-4d35-9346-06d148d36ddc:192.168.34.56:35814], old=null at 0
2019-10-18 12:49:45,789 [grpc-default-executor-3] INFO  impl.RaftServerImpl (ServerState.java:setLeader(256)) - 791861f8-afde-4d35-9346-06d148d36ddc@group-6A6B47B3B231: change Leader from null to 1573a222-9ada-47a6-bc12-21286aa75403 at term 2 for appendEntries, leader elected after 447ms
2019-10-18 12:49:45,789 [grpc-default-executor-0] INFO  impl.RaftServerImpl (ServerState.java:setLeader(256)) - 7efb2e96-f9c3-4063-84ab-0234e1cfa3ef@group-6A6B47B3B231: change Leader from null to 1573a222-9ada-47a6-bc12-21286aa75403 at term 2 for appendEntries, leader elected after 446ms
2019-10-18 12:49:45,801 [1573a222-9ada-47a6-bc12-21286aa75403@group-6A6B47B3B231-SegmentedRaftLogWorker] INFO  segmented.SegmentedRaftLogWorker (SegmentedRaftLogWorker.java:execute(576)) - 1573a222-9ada-47a6-bc12-21286aa75403@group-6A6B47B3B231-SegmentedRaftLogWorker: created new log segment /workdir/hadoop-ozone/integration-test/target/test-dir/MiniOzoneClusterImpl-3be10f8d-1302-4718-9a55-95b8fc69e0de/datanode-2/data/ratis/18f6f15d-c63f-47db-b28d-6a6b47b3b231/current/log_inprogress_0
2019-10-18 12:49:45,816 [grpc-default-executor-3] INFO  impl.RaftServerImpl (ServerState.java:setRaftConf(357)) - 791861f8-afde-4d35-9346-06d148d36ddc@group-6A6B47B3B231: set configuration 0: [7efb2e96-f9c3-4063-84ab-0234e1cfa3ef:192.168.34.56:36868, 1573a222-9ada-47a6-bc12-21286aa75403:192.168.34.56:40119, 791861f8-afde-4d35-9346-06d148d36ddc:192.168.34.56:35814], old=null at 0
2019-10-18 12:49:45,816 [grpc-default-executor-0] INFO  impl.RaftServerImpl (ServerState.java:setRaftConf(357)) - 7efb2e96-f9c3-4063-84ab-0234e1cfa3ef@group-6A6B47B3B231: set configuration 0: [7efb2e96-f9c3-4063-84ab-0234e1cfa3ef:192.168.34.56:36868, 1573a222-9ada-47a6-bc12-21286aa75403:192.168.34.56:40119, 791861f8-afde-4d35-9346-06d148d36ddc:192.168.34.56:35814], old=null at 0
2019-10-18 12:49:45,816 [grpc-default-executor-3] INFO  segmented.SegmentedRaftLogWorker (SegmentedRaftLogWorker.java:startLogSegment(385)) - 791861f8-afde-4d35-9346-06d148d36ddc@group-6A6B47B3B231-SegmentedRaftLogWorker: Starting segment from index:0
2019-10-18 12:49:45,816 [grpc-default-executor-0] INFO  segmented.SegmentedRaftLogWorker (SegmentedRaftLogWorker.java:startLogSegment(385)) - 7efb2e96-f9c3-4063-84ab-0234e1cfa3ef@group-6A6B47B3B231-SegmentedRaftLogWorker: Starting segment from index:0
2019-10-18 12:49:45,867 [7efb2e96-f9c3-4063-84ab-0234e1cfa3ef@group-6A6B47B3B231-SegmentedRaftLogWorker] INFO  segmented.SegmentedRaftLogWorker (SegmentedRaftLogWorker.java:execute(576)) - 7efb2e96-f9c3-4063-84ab-0234e1cfa3ef@group-6A6B47B3B231-SegmentedRaftLogWorker: created new log segment /workdir/hadoop-ozone/integration-test/target/test-dir/MiniOzoneClusterImpl-3be10f8d-1302-4718-9a55-95b8fc69e0de/datanode-0/data/ratis/18f6f15d-c63f-47db-b28d-6a6b47b3b231/current/log_inprogress_0
2019-10-18 12:49:45,867 [791861f8-afde-4d35-9346-06d148d36ddc@group-6A6B47B3B231-SegmentedRaftLogWorker] INFO  segmented.SegmentedRaftLogWorker (SegmentedRaftLogWorker.java:execute(576)) - 791861f8-afde-4d35-9346-06d148d36ddc@group-6A6B47B3B231-SegmentedRaftLogWorker: created new log segment /workdir/hadoop-ozone/integration-test/target/test-dir/MiniOzoneClusterImpl-3be10f8d-1302-4718-9a55-95b8fc69e0de/datanode-1/data/ratis/18f6f15d-c63f-47db-b28d-6a6b47b3b231/current/log_inprogress_0
2019-10-18 12:49:46,285 [main] INFO  rpc.RpcClient (RpcClient.java:createVolume(272)) - Creating Volume: testcontainerstatemachinefailures, with jenkins1000 as owner.
2019-10-18 12:49:46,360 [IPC Server handler 1 on 34155] INFO  volume.OMVolumeCreateRequest (OMVolumeCreateRequest.java:validateAndUpdateCache(193)) - created volume:testcontainerstatemachinefailures for user:jenkins1000
2019-10-18 12:49:46,380 [main] INFO  rpc.RpcClient (RpcClient.java:createBucket(411)) - Creating Bucket: testcontainerstatemachinefailures/testcontainerstatemachinefailures, with Versioning false and Storage Type set to DISK and Encryption set to false 
2019-10-18 12:49:46,497 [main] INFO  impl.MetricsSystemImpl (MetricsSystemImpl.java:init(158)) - XceiverClientMetrics metrics system started (again)
2019-10-18 12:49:47,141 [Datanode State Machine Thread - 0] INFO  statemachine.DatanodeStateMachine (DatanodeStateMachine.java:lambda$startDaemon$0(350)) - Ozone container server started.
2019-10-18 12:49:47,346 [Thread-181] INFO  container.ReplicationManager (ReplicationManager.java:start(162)) - Starting Replication Monitor Thread.
2019-10-18 12:49:47,348 [ReplicationMonitor] INFO  container.ReplicationManager (ReplicationManager.java:run(225)) - Replication Monitor Thread took 1 milliseconds for processing 1 containers.
2019-10-18 12:49:52,084 [main] INFO  ozoneimpl.OzoneContainer (OzoneContainer.java:stop(227)) - Attempting to stop container services.
2019-10-18 12:49:52,085 [main] INFO  impl.RaftServerProxy (RaftServerProxy.java:lambda$close$4(314)) - 791861f8-afde-4d35-9346-06d148d36ddc: close
2019-10-18 12:49:52,086 [main] INFO  impl.RaftServerImpl (RaftServerImpl.java:lambda$shutdown$3(261)) - 791861f8-afde-4d35-9346-06d148d36ddc@group-FFD2772B8C13: shutdown
2019-10-18 12:49:52,087 [main] INFO  util.JmxRegister (JmxRegister.java:unregister(73)) - Successfully un-registered JMX Bean with object name Ratis:service=RaftServer,group=group-FFD2772B8C13,id=791861f8-afde-4d35-9346-06d148d36ddc
2019-10-18 12:49:52,087 [main] INFO  impl.RoleInfo (RoleInfo.java:shutdownLeaderState(104)) - 791861f8-afde-4d35-9346-06d148d36ddc: shutdown LeaderState
2019-10-18 12:49:52,087 [main] INFO  impl.PendingRequests (PendingRequests.java:sendNotLeaderResponses(202)) - 791861f8-afde-4d35-9346-06d148d36ddc@group-FFD2772B8C13-PendingRequests: sendNotLeaderResponses
2019-10-18 12:49:52,089 [main] INFO  impl.StateMachineUpdater (StateMachineUpdater.java:stopAndJoin(136)) - 791861f8-afde-4d35-9346-06d148d36ddc@group-FFD2772B8C13-StateMachineUpdater: set stopIndex = 0
2019-10-18 12:49:52,093 [main] INFO  impl.RaftServerImpl (ServerState.java:close(388)) - 791861f8-afde-4d35-9346-06d148d36ddc@group-FFD2772B8C13: closes. applyIndex: 0
2019-10-18 12:49:52,095 [791861f8-afde-4d35-9346-06d148d36ddc@group-FFD2772B8C13-SegmentedRaftLogWorker] INFO  segmented.SegmentedRaftLogWorker (SegmentedRaftLogWorker.java:run(316)) - 791861f8-afde-4d35-9346-06d148d36ddc@group-FFD2772B8C13-SegmentedRaftLogWorker was interrupted, exiting. There are 0 tasks remaining in the queue.
2019-10-18 12:49:52,096 [main] INFO  segmented.SegmentedRaftLogWorker (SegmentedRaftLogWorker.java:close(224)) - 791861f8-afde-4d35-9346-06d148d36ddc@group-FFD2772B8C13-SegmentedRaftLogWorker close()
2019-10-18 12:49:52,097 [main] INFO  impl.RaftServerImpl (RaftServerImpl.java:lambda$shutdown$3(261)) - 791861f8-afde-4d35-9346-06d148d36ddc@group-6A6B47B3B231: shutdown
2019-10-18 12:49:52,097 [main] INFO  util.JmxRegister (JmxRegister.java:unregister(73)) - Successfully un-registered JMX Bean with object name Ratis:service=RaftServer,group=group-6A6B47B3B231,id=791861f8-afde-4d35-9346-06d148d36ddc
2019-10-18 12:49:52,098 [main] INFO  impl.RoleInfo (RoleInfo.java:shutdownFollowerState(121)) - 791861f8-afde-4d35-9346-06d148d36ddc: shutdown FollowerState
2019-10-18 12:49:52,098 [main] INFO  impl.StateMachineUpdater (StateMachineUpdater.java:stopAndJoin(136)) - 791861f8-afde-4d35-9346-06d148d36ddc@group-6A6B47B3B231-StateMachineUpdater: set stopIndex = 4
2019-10-18 12:49:52,098 [791861f8-afde-4d35-9346-06d148d36ddc@group-6A6B47B3B231-StateMachineUpdater] INFO  ratis.ContainerStateMachine (ContainerStateMachine.java:takeSnapshot(294)) - group-6A6B47B3B231: Taking a snapshot at:(t:2, i:3) file /workdir/hadoop-ozone/integration-test/target/test-dir/MiniOzoneClusterImpl-3be10f8d-1302-4718-9a55-95b8fc69e0de/datanode-1/data/ratis/18f6f15d-c63f-47db-b28d-6a6b47b3b231/sm/snapshot.2_3
2019-10-18 12:49:52,098 [Thread-233] INFO  impl.FollowerState (FollowerState.java:run(117)) - 791861f8-afde-4d35-9346-06d148d36ddc@group-6A6B47B3B231-FollowerState was interrupted: java.lang.InterruptedException: sleep interrupted
2019-10-18 12:49:52,204 [791861f8-afde-4d35-9346-06d148d36ddc@group-6A6B47B3B231-StateMachineUpdater] INFO  ratis.ContainerStateMachine (ContainerStateMachine.java:takeSnapshot(305)) - group-6A6B47B3B231: Finished taking a snapshot at:(t:2, i:3) file:/workdir/hadoop-ozone/integration-test/target/test-dir/MiniOzoneClusterImpl-3be10f8d-1302-4718-9a55-95b8fc69e0de/datanode-1/data/ratis/18f6f15d-c63f-47db-b28d-6a6b47b3b231/sm/snapshot.2_3 time:106
2019-10-18 12:49:52,205 [791861f8-afde-4d35-9346-06d148d36ddc@group-6A6B47B3B231-StateMachineUpdater] INFO  impl.StateMachineUpdater (StateMachineUpdater.java:takeSnapshot(269)) - 791861f8-afde-4d35-9346-06d148d36ddc@group-6A6B47B3B231-StateMachineUpdater: Took a snapshot at index 3
2019-10-18 12:49:52,206 [791861f8-afde-4d35-9346-06d148d36ddc@group-6A6B47B3B231-StateMachineUpdater] INFO  impl.StateMachineUpdater (StateMachineUpdater.java:lambda$new$0(84)) - 791861f8-afde-4d35-9346-06d148d36ddc@group-6A6B47B3B231-StateMachineUpdater: snapshotIndex: updateIncreasingly -1 -> 3
2019-10-18 12:49:52,210 [791861f8-afde-4d35-9346-06d148d36ddc@group-6A6B47B3B231-StateMachineUpdater] INFO  ratis.ContainerStateMachine (ContainerStateMachine.java:takeSnapshot(294)) - group-6A6B47B3B231: Taking a snapshot at:(t:2, i:3) file /workdir/hadoop-ozone/integration-test/target/test-dir/MiniOzoneClusterImpl-3be10f8d-1302-4718-9a55-95b8fc69e0de/datanode-1/data/ratis/18f6f15d-c63f-47db-b28d-6a6b47b3b231/sm/snapshot.2_3
2019-10-18 12:49:52,237 [791861f8-afde-4d35-9346-06d148d36ddc@group-6A6B47B3B231-StateMachineUpdater] INFO  ratis.ContainerStateMachine (ContainerStateMachine.java:takeSnapshot(305)) - group-6A6B47B3B231: Finished taking a snapshot at:(t:2, i:3) file:/workdir/hadoop-ozone/integration-test/target/test-dir/MiniOzoneClusterImpl-3be10f8d-1302-4718-9a55-95b8fc69e0de/datanode-1/data/ratis/18f6f15d-c63f-47db-b28d-6a6b47b3b231/sm/snapshot.2_3 time:26
2019-10-18 12:49:52,237 [791861f8-afde-4d35-9346-06d148d36ddc@group-6A6B47B3B231-StateMachineUpdater] INFO  impl.StateMachineUpdater (StateMachineUpdater.java:takeSnapshot(269)) - 791861f8-afde-4d35-9346-06d148d36ddc@group-6A6B47B3B231-StateMachineUpdater: Took a snapshot at index 3
2019-10-18 12:49:52,237 [791861f8-afde-4d35-9346-06d148d36ddc@group-6A6B47B3B231-StateMachineUpdater] INFO  impl.StateMachineUpdater (StateMachineUpdater.java:lambda$new$0(84)) - 791861f8-afde-4d35-9346-06d148d36ddc@group-6A6B47B3B231-StateMachineUpdater: snapshotIndex: updateIncreasingly 3 -> 3
2019-10-18 12:49:52,238 [main] INFO  impl.RaftServerImpl (ServerState.java:close(388)) - 791861f8-afde-4d35-9346-06d148d36ddc@group-6A6B47B3B231: closes. applyIndex: 4
2019-10-18 12:49:52,238 [791861f8-afde-4d35-9346-06d148d36ddc@group-6A6B47B3B231-SegmentedRaftLogWorker] INFO  segmented.SegmentedRaftLogWorker (SegmentedRaftLogWorker.java:run(316)) - 791861f8-afde-4d35-9346-06d148d36ddc@group-6A6B47B3B231-SegmentedRaftLogWorker was interrupted, exiting. There are 0 tasks remaining in the queue.
2019-10-18 12:49:52,240 [main] INFO  segmented.SegmentedRaftLogWorker (SegmentedRaftLogWorker.java:close(224)) - 791861f8-afde-4d35-9346-06d148d36ddc@group-6A6B47B3B231-SegmentedRaftLogWorker close()
2019-10-18 12:49:52,241 [main] INFO  server.GrpcService (GrpcService.java:closeImpl(164)) - 791861f8-afde-4d35-9346-06d148d36ddc: shutdown server with port 35814 now
2019-10-18 12:49:52,252 [grpc-default-executor-0] WARN  server.GrpcServerProtocolService (LogUtils.java:warn(134)) - 791861f8-afde-4d35-9346-06d148d36ddc: installSnapshot onError, lastRequest: 1573a222-9ada-47a6-bc12-21286aa75403->791861f8-afde-4d35-9346-06d148d36ddc#7-t2, previous=(t:2, i:4), leaderCommit=4, initializing? false, entries: <empty>: org.apache.ratis.thirdparty.io.grpc.StatusRuntimeException: CANCELLED: cancelled before receiving half close
2019-10-18 12:49:52,252 [main] INFO  server.GrpcService (GrpcService.java:closeImpl(172)) - 791861f8-afde-4d35-9346-06d148d36ddc: shutdown server with port 35814 successfully
2019-10-18 12:49:52,253 [grpc-default-executor-1] WARN  server.GrpcLogAppender (LogUtils.java:warn(134)) - 1573a222-9ada-47a6-bc12-21286aa75403@group-6A6B47B3B231->791861f8-afde-4d35-9346-06d148d36ddc-AppendLogResponseHandler: Failed appendEntries: org.apache.ratis.thirdparty.io.grpc.StatusRuntimeException: CANCELLED: HTTP/2 error code: CANCEL
Received Rst Stream
2019-10-18 12:49:52,255 [refreshUsed-/workdir/hadoop-ozone/integration-test/target/test-dir/MiniOzoneClusterImpl-3be10f8d-1302-4718-9a55-95b8fc69e0de/datanode-1/data/containers] WARN  fs.CachingGetSpaceUsed (CachingGetSpaceUsed.java:run(183)) - Thread Interrupted waiting to refresh disk information: sleep interrupted
2019-10-18 12:49:52,269 [main] INFO  utils.BackgroundService (BackgroundService.java:shutdown(151)) - Shutting down service BlockDeletingService
2019-10-18 12:49:52,271 [main] INFO  statemachine.DatanodeStateMachine (DatanodeStateMachine.java:stopDaemon(395)) - Ozone container server stopped.
2019-10-18 12:49:52,275 [main] INFO  handler.ContextHandler (ContextHandler.java:doStop(910)) - Stopped o.e.j.w.WebAppContext@7a0ef219{/,null,UNAVAILABLE}{/hddsDatanode}
2019-10-18 12:49:52,279 [main] INFO  server.AbstractConnector (AbstractConnector.java:doStop(318)) - Stopped ServerConnector@1b1f5012{HTTP/1.1,[http/1.1]}{0.0.0.0:0}
2019-10-18 12:49:52,279 [main] INFO  handler.ContextHandler (ContextHandler.java:doStop(910)) - Stopped o.e.j.s.ServletContextHandler@8851ce1{/static,jar:file:/home/user/.m2/repository/org/apache/hadoop/hadoop-hdds-container-service/0.5.0-SNAPSHOT/hadoop-hdds-container-service-0.5.0-SNAPSHOT.jar!/webapps/static,UNAVAILABLE}
2019-10-18 12:49:52,279 [main] INFO  handler.ContextHandler (ContextHandler.java:doStop(910)) - Stopped o.e.j.s.ServletContextHandler@5e65afb6{/logs,file:///workdir/hadoop-ozone/integration-test/target/log,UNAVAILABLE}
2019-10-18 12:49:55,286 [java.util.concurrent.ThreadPoolExecutor$Worker@2fa800c4[State = -1, empty queue]] WARN  server.GrpcLogAppender (GrpcLogAppender.java:timeoutAppendRequest(209)) - 1573a222-9ada-47a6-bc12-21286aa75403@group-6A6B47B3B231->791861f8-afde-4d35-9346-06d148d36ddc-GrpcLogAppender: appendEntries Timeout, request=1573a222-9ada-47a6-bc12-21286aa75403->791861f8-afde-4d35-9346-06d148d36ddc#8-t2, previous=(t:2, i:4), leaderCommit=4, initializing? false, entries: size=1, first=(t:2, i:5), STATEMACHINELOGENTRY, client-89547DF785DD, cid=8
2019-10-18 12:49:55,288 [java.util.concurrent.ThreadPoolExecutor$Worker@2fa800c4[State = -1, empty queue]] WARN  server.GrpcLogAppender (GrpcLogAppender.java:timeoutAppendRequest(209)) - 1573a222-9ada-47a6-bc12-21286aa75403@group-6A6B47B3B231->791861f8-afde-4d35-9346-06d148d36ddc-GrpcLogAppender: appendEntries Timeout, request=1573a222-9ada-47a6-bc12-21286aa75403->791861f8-afde-4d35-9346-06d148d36ddc#9-t2, previous=(t:2, i:5), leaderCommit=4, initializing? false, entries: size=1, first=(t:2, i:6), STATEMACHINELOGENTRY, client-89547DF785DD, cid=9
2019-10-18 12:49:55,321 [java.util.concurrent.ThreadPoolExecutor$Worker@2fa800c4[State = -1, empty queue]] WARN  server.GrpcLogAppender (GrpcLogAppender.java:timeoutAppendRequest(209)) - 1573a222-9ada-47a6-bc12-21286aa75403@group-6A6B47B3B231->791861f8-afde-4d35-9346-06d148d36ddc-GrpcLogAppender: appendEntries Timeout, request=1573a222-9ada-47a6-bc12-21286aa75403->791861f8-afde-4d35-9346-06d148d36ddc#10-t2, previous=(t:2, i:6), leaderCommit=6, initializing? false, entries: size=1, first=(t:2, i:7), METADATAENTRY(c5)
2019-10-18 12:49:55,322 [java.util.concurrent.ThreadPoolExecutor$Worker@2fa800c4[State = -1, empty queue]] WARN  server.GrpcLogAppender (GrpcLogAppender.java:timeoutAppendRequest(209)) - 1573a222-9ada-47a6-bc12-21286aa75403@group-6A6B47B3B231->791861f8-afde-4d35-9346-06d148d36ddc-GrpcLogAppender: appendEntries Timeout, request=1573a222-9ada-47a6-bc12-21286aa75403->791861f8-afde-4d35-9346-06d148d36ddc#11-t2, previous=(t:2, i:7), leaderCommit=6, initializing? false, entries: size=1, first=(t:2, i:8), METADATAENTRY(c6)
2019-10-18 12:49:57,823 [java.util.concurrent.ThreadPoolExecutor$Worker@2fa800c4[State = -1, empty queue]] WARN  server.GrpcLogAppender (GrpcLogAppender.java:timeoutAppendRequest(209)) - 1573a222-9ada-47a6-bc12-21286aa75403@group-6A6B47B3B231->791861f8-afde-4d35-9346-06d148d36ddc-GrpcLogAppender: appendEntries Timeout, request=1573a222-9ada-47a6-bc12-21286aa75403->791861f8-afde-4d35-9346-06d148d36ddc#12-t2, previous=(t:2, i:8), leaderCommit=8, initializing? false, entries: <empty>
2019-10-18 12:50:00,324 [java.util.concurrent.ThreadPoolExecutor$Worker@2fa800c4[State = -1, empty queue]] WARN  server.GrpcLogAppender (GrpcLogAppender.java:timeoutAppendRequest(209)) - 1573a222-9ada-47a6-bc12-21286aa75403@group-6A6B47B3B231->791861f8-afde-4d35-9346-06d148d36ddc-GrpcLogAppender: appendEntries Timeout, request=1573a222-9ada-47a6-bc12-21286aa75403->791861f8-afde-4d35-9346-06d148d36ddc#13-t2, previous=(t:2, i:8), leaderCommit=8, initializing? false, entries: <empty>
2019-10-18 12:50:01,348 [Thread-294] INFO  client.GrpcClientProtocolService (GrpcClientProtocolService.java:lambda$processClientRequest$0(278)) - Failed RaftClientRequest:client-89547DF785DD->7efb2e96-f9c3-4063-84ab-0234e1cfa3ef@group-6A6B47B3B231, cid=10, seq=0, Watch-ALL_COMMITTED(6), Message:<EMPTY>, reply=RaftClientReply:client-89547DF785DD->7efb2e96-f9c3-4063-84ab-0234e1cfa3ef@group-6A6B47B3B231, cid=10, FAILED org.apache.ratis.protocol.NotLeaderException: Server 7efb2e96-f9c3-4063-84ab-0234e1cfa3ef@group-6A6B47B3B231 is not the leader 1573a222-9ada-47a6-bc12-21286aa75403:192.168.34.56:40119, logIndex=0, commits[7efb2e96-f9c3-4063-84ab-0234e1cfa3ef:c8, 1573a222-9ada-47a6-bc12-21286aa75403:c8, 791861f8-afde-4d35-9346-06d148d36ddc:c4]
2019-10-18 12:50:02,759 [Thread-298] INFO  client.GrpcClientProtocolService (GrpcClientProtocolService.java:lambda$processClientRequest$0(278)) - Failed RaftClientRequest:client-89547DF785DD->1573a222-9ada-47a6-bc12-21286aa75403@group-6A6B47B3B231, cid=10, seq=0, Watch-ALL_COMMITTED(6), Message:<EMPTY>, reply=RaftClientReply:client-89547DF785DD->1573a222-9ada-47a6-bc12-21286aa75403@group-6A6B47B3B231, cid=10, FAILED org.apache.ratis.protocol.NotReplicatedException: Request with call Id 10 and log index 6 is not yet replicated to ALL_COMMITTED, logIndex=6, commits[1573a222-9ada-47a6-bc12-21286aa75403:c8, 7efb2e96-f9c3-4063-84ab-0234e1cfa3ef:c8, 791861f8-afde-4d35-9346-06d148d36ddc:c4]
2019-10-18 12:50:02,825 [java.util.concurrent.ThreadPoolExecutor$Worker@2fa800c4[State = -1, empty queue]] WARN  server.GrpcLogAppender (GrpcLogAppender.java:timeoutAppendRequest(209)) - 1573a222-9ada-47a6-bc12-21286aa75403@group-6A6B47B3B231->791861f8-afde-4d35-9346-06d148d36ddc-GrpcLogAppender: appendEntries Timeout, request=1573a222-9ada-47a6-bc12-21286aa75403->791861f8-afde-4d35-9346-06d148d36ddc#14-t2, previous=(t:2, i:8), leaderCommit=8, initializing? false, entries: <empty>
2019-10-18 12:50:05,326 [java.util.concurrent.ThreadPoolExecutor$Worker@2fa800c4[State = -1, empty queue]] WARN  server.GrpcLogAppender (GrpcLogAppender.java:timeoutAppendRequest(209)) - 1573a222-9ada-47a6-bc12-21286aa75403@group-6A6B47B3B231->791861f8-afde-4d35-9346-06d148d36ddc-GrpcLogAppender: appendEntries Timeout, request=1573a222-9ada-47a6-bc12-21286aa75403->791861f8-afde-4d35-9346-06d148d36ddc#15-t2, previous=(t:2, i:8), leaderCommit=8, initializing? false, entries: <empty>
2019-10-18 12:50:07,828 [java.util.concurrent.ThreadPoolExecutor$Worker@2fa800c4[State = -1, empty queue]] WARN  server.GrpcLogAppender (GrpcLogAppender.java:timeoutAppendRequest(209)) - 1573a222-9ada-47a6-bc12-21286aa75403@group-6A6B47B3B231->791861f8-afde-4d35-9346-06d148d36ddc-GrpcLogAppender: appendEntries Timeout, request=1573a222-9ada-47a6-bc12-21286aa75403->791861f8-afde-4d35-9346-06d148d36ddc#16-t2, previous=(t:2, i:8), leaderCommit=8, initializing? false, entries: <empty>
2019-10-18 12:50:10,329 [java.util.concurrent.ThreadPoolExecutor$Worker@2fa800c4[State = -1, empty queue]] WARN  server.GrpcLogAppender (GrpcLogAppender.java:timeoutAppendRequest(209)) - 1573a222-9ada-47a6-bc12-21286aa75403@group-6A6B47B3B231->791861f8-afde-4d35-9346-06d148d36ddc-GrpcLogAppender: appendEntries Timeout, request=1573a222-9ada-47a6-bc12-21286aa75403->791861f8-afde-4d35-9346-06d148d36ddc#17-t2, previous=(t:2, i:8), leaderCommit=8, initializing? false, entries: <empty>
2019-10-18 12:50:10,381 [Thread-304] INFO  client.GrpcClientProtocolService (GrpcClientProtocolService.java:lambda$processClientRequest$0(278)) - Failed RaftClientRequest:client-89547DF785DD->7efb2e96-f9c3-4063-84ab-0234e1cfa3ef@group-6A6B47B3B231, cid=10, seq=0, Watch-ALL_COMMITTED(6), Message:<EMPTY>, reply=RaftClientReply:client-89547DF785DD->7efb2e96-f9c3-4063-84ab-0234e1cfa3ef@group-6A6B47B3B231, cid=10, FAILED org.apache.ratis.protocol.NotLeaderException: Server 7efb2e96-f9c3-4063-84ab-0234e1cfa3ef@group-6A6B47B3B231 is not the leader 1573a222-9ada-47a6-bc12-21286aa75403:192.168.34.56:40119, logIndex=0, commits[7efb2e96-f9c3-4063-84ab-0234e1cfa3ef:c8, 1573a222-9ada-47a6-bc12-21286aa75403:c8, 791861f8-afde-4d35-9346-06d148d36ddc:c4]
2019-10-18 12:50:11,756 [Thread-307] INFO  client.GrpcClientProtocolService (GrpcClientProtocolService.java:lambda$processClientRequest$0(278)) - Failed RaftClientRequest:client-89547DF785DD->1573a222-9ada-47a6-bc12-21286aa75403@group-6A6B47B3B231, cid=10, seq=0, Watch-ALL_COMMITTED(6), Message:<EMPTY>, reply=RaftClientReply:client-89547DF785DD->1573a222-9ada-47a6-bc12-21286aa75403@group-6A6B47B3B231, cid=10, FAILED org.apache.ratis.protocol.NotReplicatedException: Request with call Id 10 and log index 6 is not yet replicated to ALL_COMMITTED, logIndex=6, commits[1573a222-9ada-47a6-bc12-21286aa75403:c8, 7efb2e96-f9c3-4063-84ab-0234e1cfa3ef:c8, 791861f8-afde-4d35-9346-06d148d36ddc:c4]
2019-10-18 12:50:12,829 [java.util.concurrent.ThreadPoolExecutor$Worker@2fa800c4[State = -1, empty queue]] WARN  server.GrpcLogAppender (GrpcLogAppender.java:timeoutAppendRequest(209)) - 1573a222-9ada-47a6-bc12-21286aa75403@group-6A6B47B3B231->791861f8-afde-4d35-9346-06d148d36ddc-GrpcLogAppender: appendEntries Timeout, request=1573a222-9ada-47a6-bc12-21286aa75403->791861f8-afde-4d35-9346-06d148d36ddc#18-t2, previous=(t:2, i:8), leaderCommit=8, initializing? false, entries: <empty>
2019-10-18 12:50:15,330 [java.util.concurrent.ThreadPoolExecutor$Worker@2fa800c4[State = -1, empty queue]] WARN  server.GrpcLogAppender (GrpcLogAppender.java:timeoutAppendRequest(209)) - 1573a222-9ada-47a6-bc12-21286aa75403@group-6A6B47B3B231->791861f8-afde-4d35-9346-06d148d36ddc-GrpcLogAppender: appendEntries Timeout, request=1573a222-9ada-47a6-bc12-21286aa75403->791861f8-afde-4d35-9346-06d148d36ddc#19-t2, previous=(t:2, i:8), leaderCommit=8, initializing? false, entries: <empty>
2019-10-18 12:50:17,833 [java.util.concurrent.ThreadPoolExecutor$Worker@2fa800c4[State = -1, empty queue]] WARN  server.GrpcLogAppender (GrpcLogAppender.java:timeoutAppendRequest(209)) - 1573a222-9ada-47a6-bc12-21286aa75403@group-6A6B47B3B231->791861f8-afde-4d35-9346-06d148d36ddc-GrpcLogAppender: appendEntries Timeout, request=1573a222-9ada-47a6-bc12-21286aa75403->791861f8-afde-4d35-9346-06d148d36ddc#20-t2, previous=(t:2, i:8), leaderCommit=8, initializing? false, entries: <empty>
2019-10-18 12:50:19,415 [Thread-313] INFO  client.GrpcClientProtocolService (GrpcClientProtocolService.java:lambda$processClientRequest$0(278)) - Failed RaftClientRequest:client-89547DF785DD->7efb2e96-f9c3-4063-84ab-0234e1cfa3ef@group-6A6B47B3B231, cid=10, seq=0, Watch-ALL_COMMITTED(6), Message:<EMPTY>, reply=RaftClientReply:client-89547DF785DD->7efb2e96-f9c3-4063-84ab-0234e1cfa3ef@group-6A6B47B3B231, cid=10, FAILED org.apache.ratis.protocol.NotLeaderException: Server 7efb2e96-f9c3-4063-84ab-0234e1cfa3ef@group-6A6B47B3B231 is not the leader 1573a222-9ada-47a6-bc12-21286aa75403:192.168.34.56:40119, logIndex=0, commits[7efb2e96-f9c3-4063-84ab-0234e1cfa3ef:c8, 1573a222-9ada-47a6-bc12-21286aa75403:c8, 791861f8-afde-4d35-9346-06d148d36ddc:c4]
2019-10-18 12:50:20,335 [java.util.concurrent.ThreadPoolExecutor$Worker@2fa800c4[State = -1, empty queue]] WARN  server.GrpcLogAppender (GrpcLogAppender.java:timeoutAppendRequest(209)) - 1573a222-9ada-47a6-bc12-21286aa75403@group-6A6B47B3B231->791861f8-afde-4d35-9346-06d148d36ddc-GrpcLogAppender: appendEntries Timeout, request=1573a222-9ada-47a6-bc12-21286aa75403->791861f8-afde-4d35-9346-06d148d36ddc#21-t2, previous=(t:2, i:8), leaderCommit=8, initializing? false, entries: <empty>
2019-10-18 12:50:20,756 [Thread-317] INFO  client.GrpcClientProtocolService (GrpcClientProtocolService.java:lambda$processClientRequest$0(278)) - Failed RaftClientRequest:client-89547DF785DD->1573a222-9ada-47a6-bc12-21286aa75403@group-6A6B47B3B231, cid=10, seq=0, Watch-ALL_COMMITTED(6), Message:<EMPTY>, reply=RaftClientReply:client-89547DF785DD->1573a222-9ada-47a6-bc12-21286aa75403@group-6A6B47B3B231, cid=10, FAILED org.apache.ratis.protocol.NotReplicatedException: Request with call Id 10 and log index 6 is not yet replicated to ALL_COMMITTED, logIndex=6, commits[1573a222-9ada-47a6-bc12-21286aa75403:c8, 7efb2e96-f9c3-4063-84ab-0234e1cfa3ef:c8, 791861f8-afde-4d35-9346-06d148d36ddc:c4]
2019-10-18 12:50:22,335 [main] WARN  scm.XceiverClientRatis (XceiverClientRatis.java:watchForCommit(277)) - 3 way commit failed on pipeline Pipeline[ Id: 18f6f15d-c63f-47db-b28d-6a6b47b3b231, Nodes: 7efb2e96-f9c3-4063-84ab-0234e1cfa3ef{ip: 192.168.34.56, host: pr-hdds-2330-xmbvw-1183399999, networkLocation: /default-rack, certSerialId: null}791861f8-afde-4d35-9346-06d148d36ddc{ip: 192.168.34.56, host: pr-hdds-2330-xmbvw-1183399999, networkLocation: /default-rack, certSerialId: null}1573a222-9ada-47a6-bc12-21286aa75403{ip: 192.168.34.56, host: pr-hdds-2330-xmbvw-1183399999, networkLocation: /default-rack, certSerialId: null}, Type:RATIS, Factor:THREE, State:OPEN]
java.util.concurrent.TimeoutException
	at java.util.concurrent.CompletableFuture.timedGet(CompletableFuture.java:1771)
	at java.util.concurrent.CompletableFuture.get(CompletableFuture.java:1915)
	at org.apache.hadoop.hdds.scm.XceiverClientRatis.watchForCommit(XceiverClientRatis.java:274)
	at org.apache.hadoop.hdds.scm.storage.CommitWatcher.watchForCommit(CommitWatcher.java:198)
	at org.apache.hadoop.hdds.scm.storage.CommitWatcher.watchOnLastIndex(CommitWatcher.java:161)
	at org.apache.hadoop.hdds.scm.storage.BlockOutputStream.watchForCommit(BlockOutputStream.java:346)
	at org.apache.hadoop.hdds.scm.storage.BlockOutputStream.handleFlush(BlockOutputStream.java:482)
	at org.apache.hadoop.hdds.scm.storage.BlockOutputStream.close(BlockOutputStream.java:496)
	at org.apache.hadoop.ozone.client.io.BlockOutputStreamEntry.close(BlockOutputStreamEntry.java:143)
	at org.apache.hadoop.ozone.client.io.KeyOutputStream.handleFlushOrClose(KeyOutputStream.java:435)
	at org.apache.hadoop.ozone.client.io.KeyOutputStream.close(KeyOutputStream.java:473)
	at org.apache.hadoop.ozone.client.io.OzoneOutputStream.close(OzoneOutputStream.java:60)
	at org.apache.hadoop.ozone.client.rpc.TestDeleteWithSlowFollower.testDeleteKeyWithSlowFollower(TestDeleteWithSlowFollower.java:193)
	at sun.reflect.NativeMethodAccessorImpl.invoke0(Native Method)
	at sun.reflect.NativeMethodAccessorImpl.invoke(NativeMethodAccessorImpl.java:62)
	at sun.reflect.DelegatingMethodAccessorImpl.invoke(DelegatingMethodAccessorImpl.java:43)
	at java.lang.reflect.Method.invoke(Method.java:498)
	at org.junit.runners.model.FrameworkMethod$1.runReflectiveCall(FrameworkMethod.java:47)
	at org.junit.internal.runners.model.ReflectiveCallable.run(ReflectiveCallable.java:12)
	at org.junit.runners.model.FrameworkMethod.invokeExplosively(FrameworkMethod.java:44)
	at org.junit.internal.runners.statements.InvokeMethod.evaluate(InvokeMethod.java:17)
	at org.junit.runners.ParentRunner.runLeaf(ParentRunner.java:271)
	at org.junit.runners.BlockJUnit4ClassRunner.runChild(BlockJUnit4ClassRunner.java:70)
	at org.junit.runners.BlockJUnit4ClassRunner.runChild(BlockJUnit4ClassRunner.java:50)
	at org.junit.runners.ParentRunner$3.run(ParentRunner.java:238)
	at org.junit.runners.ParentRunner$1.schedule(ParentRunner.java:63)
	at org.junit.runners.ParentRunner.runChildren(ParentRunner.java:236)
	at org.junit.runners.ParentRunner.access$000(ParentRunner.java:53)
	at org.junit.runners.ParentRunner$2.evaluate(ParentRunner.java:229)
	at org.junit.internal.runners.statements.RunBefores.evaluate(RunBefores.java:26)
	at org.junit.internal.runners.statements.RunAfters.evaluate(RunAfters.java:27)
	at org.junit.runners.ParentRunner.run(ParentRunner.java:309)
	at org.apache.maven.surefire.junit4.JUnit4Provider.execute(JUnit4Provider.java:365)
	at org.apache.maven.surefire.junit4.JUnit4Provider.executeWithRerun(JUnit4Provider.java:273)
	at org.apache.maven.surefire.junit4.JUnit4Provider.executeTestSet(JUnit4Provider.java:238)
	at org.apache.maven.surefire.junit4.JUnit4Provider.invoke(JUnit4Provider.java:159)
	at org.apache.maven.surefire.booter.ForkedBooter.invokeProviderInSameClassLoader(ForkedBooter.java:384)
	at org.apache.maven.surefire.booter.ForkedBooter.runSuitesInProcess(ForkedBooter.java:345)
	at org.apache.maven.surefire.booter.ForkedBooter.execute(ForkedBooter.java:126)
	at org.apache.maven.surefire.booter.ForkedBooter.main(ForkedBooter.java:418)
2019-10-18 12:50:22,354 [main] INFO  scm.XceiverClientRatis (XceiverClientRatis.java:lambda$watchForCommit$5(295)) - Could not commit index 6 on pipeline Pipeline[ Id: 18f6f15d-c63f-47db-b28d-6a6b47b3b231, Nodes: 7efb2e96-f9c3-4063-84ab-0234e1cfa3ef{ip: 192.168.34.56, host: pr-hdds-2330-xmbvw-1183399999, networkLocation: /default-rack, certSerialId: null}791861f8-afde-4d35-9346-06d148d36ddc{ip: 192.168.34.56, host: pr-hdds-2330-xmbvw-1183399999, networkLocation: /default-rack, certSerialId: null}1573a222-9ada-47a6-bc12-21286aa75403{ip: 192.168.34.56, host: pr-hdds-2330-xmbvw-1183399999, networkLocation: /default-rack, certSerialId: null}, Type:RATIS, Factor:THREE, State:OPEN] to all the nodes. Server 791861f8-afde-4d35-9346-06d148d36ddc has failed. Committed by majority.
2019-10-18 12:50:22,355 [main] WARN  storage.BlockOutputStream (BlockOutputStream.java:watchForCommit(352)) - Failed to commit BlockId conID: 1 locID: 102983466119004160 bcsId: 6 on Pipeline[ Id: 18f6f15d-c63f-47db-b28d-6a6b47b3b231, Nodes: 7efb2e96-f9c3-4063-84ab-0234e1cfa3ef{ip: 192.168.34.56, host: pr-hdds-2330-xmbvw-1183399999, networkLocation: /default-rack, certSerialId: null}791861f8-afde-4d35-9346-06d148d36ddc{ip: 192.168.34.56, host: pr-hdds-2330-xmbvw-1183399999, networkLocation: /default-rack, certSerialId: null}1573a222-9ada-47a6-bc12-21286aa75403{ip: 192.168.34.56, host: pr-hdds-2330-xmbvw-1183399999, networkLocation: /default-rack, certSerialId: null}, Type:RATIS, Factor:THREE, State:OPEN]. Failed nodes: [791861f8-afde-4d35-9346-06d148d36ddc{ip: null, host: null, networkLocation: /default-rack, certSerialId: null}]
2019-10-18 12:50:22,589 [EventQueue-ContainerReportForContainerReportHandler] WARN  container.ContainerReportHandler (AbstractContainerReportHandler.java:updateContainerState(145)) - Container #1 is in OPEN state, but the datanode 1573a222-9ada-47a6-bc12-21286aa75403{ip: 192.168.34.56, host: pr-hdds-2330-xmbvw-1183399999, networkLocation: /default-rack, certSerialId: null} reports an CLOSING replica.
2019-10-18 12:50:22,689 [EventQueue-ContainerReportForContainerReportHandler] WARN  container.ContainerReportHandler (AbstractContainerReportHandler.java:updateContainerState(145)) - Container #1 is in OPEN state, but the datanode 7efb2e96-f9c3-4063-84ab-0234e1cfa3ef{ip: 192.168.34.56, host: pr-hdds-2330-xmbvw-1183399999, networkLocation: /default-rack, certSerialId: null} reports an CLOSING replica.
2019-10-18 12:50:22,836 [java.util.concurrent.ThreadPoolExecutor$Worker@2fa800c4[State = -1, empty queue]] WARN  server.GrpcLogAppender (GrpcLogAppender.java:timeoutAppendRequest(209)) - 1573a222-9ada-47a6-bc12-21286aa75403@group-6A6B47B3B231->791861f8-afde-4d35-9346-06d148d36ddc-GrpcLogAppender: appendEntries Timeout, request=1573a222-9ada-47a6-bc12-21286aa75403->791861f8-afde-4d35-9346-06d148d36ddc#22-t2, previous=(t:2, i:8), leaderCommit=8, initializing? false, entries: <empty>
2019-10-18 12:50:22,889 [EventQueue-ContainerReportForContainerReportHandler] WARN  container.ContainerReportHandler (AbstractContainerReportHandler.java:updateContainerState(145)) - Container #1 is in OPEN state, but the datanode 1573a222-9ada-47a6-bc12-21286aa75403{ip: 192.168.34.56, host: pr-hdds-2330-xmbvw-1183399999, networkLocation: /default-rack, certSerialId: null} reports an CLOSING replica.
2019-10-18 12:50:22,889 [EventQueue-ContainerReportForContainerReportHandler] WARN  container.ContainerReportHandler (AbstractContainerReportHandler.java:updateContainerState(145)) - Container #1 is in OPEN state, but the datanode 7efb2e96-f9c3-4063-84ab-0234e1cfa3ef{ip: 192.168.34.56, host: pr-hdds-2330-xmbvw-1183399999, networkLocation: /default-rack, certSerialId: null} reports an CLOSING replica.
2019-10-18 12:50:23,189 [EventQueue-ContainerReportForContainerReportHandler] WARN  container.ContainerReportHandler (AbstractContainerReportHandler.java:updateContainerState(145)) - Container #1 is in OPEN state, but the datanode 1573a222-9ada-47a6-bc12-21286aa75403{ip: 192.168.34.56, host: pr-hdds-2330-xmbvw-1183399999, networkLocation: /default-rack, certSerialId: null} reports an CLOSING replica.
2019-10-18 12:50:23,293 [EventQueue-ContainerReportForContainerReportHandler] WARN  container.ContainerReportHandler (AbstractContainerReportHandler.java:updateContainerState(145)) - Container #1 is in OPEN state, but the datanode 7efb2e96-f9c3-4063-84ab-0234e1cfa3ef{ip: 192.168.34.56, host: pr-hdds-2330-xmbvw-1183399999, networkLocation: /default-rack, certSerialId: null} reports an CLOSING replica.
2019-10-18 12:50:23,493 [EventQueue-ContainerReportForContainerReportHandler] WARN  container.ContainerReportHandler (AbstractContainerReportHandler.java:updateContainerState(145)) - Container #1 is in OPEN state, but the datanode 7efb2e96-f9c3-4063-84ab-0234e1cfa3ef{ip: 192.168.34.56, host: pr-hdds-2330-xmbvw-1183399999, networkLocation: /default-rack, certSerialId: null} reports an CLOSING replica.
2019-10-18 12:50:23,495 [EventQueue-ContainerReportForContainerReportHandler] WARN  container.ContainerReportHandler (AbstractContainerReportHandler.java:updateContainerState(145)) - Container #1 is in OPEN state, but the datanode 1573a222-9ada-47a6-bc12-21286aa75403{ip: 192.168.34.56, host: pr-hdds-2330-xmbvw-1183399999, networkLocation: /default-rack, certSerialId: null} reports an CLOSING replica.
2019-10-18 12:50:23,794 [EventQueue-ContainerReportForContainerReportHandler] WARN  container.ContainerReportHandler (AbstractContainerReportHandler.java:updateContainerState(145)) - Container #1 is in OPEN state, but the datanode 7efb2e96-f9c3-4063-84ab-0234e1cfa3ef{ip: 192.168.34.56, host: pr-hdds-2330-xmbvw-1183399999, networkLocation: /default-rack, certSerialId: null} reports an CLOSING replica.
2019-10-18 12:50:23,895 [EventQueue-ContainerReportForContainerReportHandler] WARN  container.ContainerReportHandler (AbstractContainerReportHandler.java:updateContainerState(145)) - Container #1 is in OPEN state, but the datanode 1573a222-9ada-47a6-bc12-21286aa75403{ip: 192.168.34.56, host: pr-hdds-2330-xmbvw-1183399999, networkLocation: /default-rack, certSerialId: null} reports an CLOSING replica.
2019-10-18 12:50:24,195 [EventQueue-ContainerReportForContainerReportHandler] WARN  container.ContainerReportHandler (AbstractContainerReportHandler.java:updateContainerState(145)) - Container #1 is in OPEN state, but the datanode 7efb2e96-f9c3-4063-84ab-0234e1cfa3ef{ip: 192.168.34.56, host: pr-hdds-2330-xmbvw-1183399999, networkLocation: /default-rack, certSerialId: null} reports an CLOSING replica.
2019-10-18 12:50:24,197 [EventQueue-ContainerReportForContainerReportHandler] WARN  container.ContainerReportHandler (AbstractContainerReportHandler.java:updateContainerState(145)) - Container #1 is in OPEN state, but the datanode 1573a222-9ada-47a6-bc12-21286aa75403{ip: 192.168.34.56, host: pr-hdds-2330-xmbvw-1183399999, networkLocation: /default-rack, certSerialId: null} reports an CLOSING replica.
2019-10-18 12:50:24,496 [EventQueue-ContainerReportForContainerReportHandler] WARN  container.ContainerReportHandler (AbstractContainerReportHandler.java:updateContainerState(145)) - Container #1 is in OPEN state, but the datanode 7efb2e96-f9c3-4063-84ab-0234e1cfa3ef{ip: 192.168.34.56, host: pr-hdds-2330-xmbvw-1183399999, networkLocation: /default-rack, certSerialId: null} reports an CLOSING replica.
2019-10-18 12:50:24,497 [EventQueue-ContainerReportForContainerReportHandler] WARN  container.ContainerReportHandler (AbstractContainerReportHandler.java:updateContainerState(145)) - Container #1 is in OPEN state, but the datanode 1573a222-9ada-47a6-bc12-21286aa75403{ip: 192.168.34.56, host: pr-hdds-2330-xmbvw-1183399999, networkLocation: /default-rack, certSerialId: null} reports an CLOSING replica.
2019-10-18 12:50:24,796 [EventQueue-ContainerReportForContainerReportHandler] WARN  container.ContainerReportHandler (AbstractContainerReportHandler.java:updateContainerState(145)) - Container #1 is in OPEN state, but the datanode 7efb2e96-f9c3-4063-84ab-0234e1cfa3ef{ip: 192.168.34.56, host: pr-hdds-2330-xmbvw-1183399999, networkLocation: /default-rack, certSerialId: null} reports an CLOSING replica.
2019-10-18 12:50:24,897 [EventQueue-ContainerReportForContainerReportHandler] WARN  container.ContainerReportHandler (AbstractContainerReportHandler.java:updateContainerState(145)) - Container #1 is in OPEN state, but the datanode 1573a222-9ada-47a6-bc12-21286aa75403{ip: 192.168.34.56, host: pr-hdds-2330-xmbvw-1183399999, networkLocation: /default-rack, certSerialId: null} reports an CLOSING replica.
2019-10-18 12:50:24,997 [EventQueue-ContainerReportForContainerReportHandler] WARN  container.ContainerReportHandler (AbstractContainerReportHandler.java:updateContainerState(145)) - Container #1 is in OPEN state, but the datanode 7efb2e96-f9c3-4063-84ab-0234e1cfa3ef{ip: 192.168.34.56, host: pr-hdds-2330-xmbvw-1183399999, networkLocation: /default-rack, certSerialId: null} reports an CLOSING replica.
2019-10-18 12:50:25,198 [EventQueue-ContainerReportForContainerReportHandler] WARN  container.ContainerReportHandler (AbstractContainerReportHandler.java:updateContainerState(145)) - Container #1 is in OPEN state, but the datanode 1573a222-9ada-47a6-bc12-21286aa75403{ip: 192.168.34.56, host: pr-hdds-2330-xmbvw-1183399999, networkLocation: /default-rack, certSerialId: null} reports an CLOSING replica.
2019-10-18 12:50:25,284 [EventQueue-ContainerReportForContainerReportHandler] WARN  container.ContainerReportHandler (AbstractContainerReportHandler.java:updateContainerState(145)) - Container #1 is in OPEN state, but the datanode 7efb2e96-f9c3-4063-84ab-0234e1cfa3ef{ip: 192.168.34.56, host: pr-hdds-2330-xmbvw-1183399999, networkLocation: /default-rack, certSerialId: null} reports an CLOSING replica.
2019-10-18 12:50:25,285 [EventQueue-IncrementalContainerReportForIncrementalContainerReportHandler] WARN  container.IncrementalContainerReportHandler (AbstractContainerReportHandler.java:updateContainerState(145)) - Container #1 is in OPEN state, but the datanode 7efb2e96-f9c3-4063-84ab-0234e1cfa3ef{ip: 192.168.34.56, host: pr-hdds-2330-xmbvw-1183399999, networkLocation: /default-rack, certSerialId: null} reports an CLOSING replica.
2019-10-18 12:50:25,285 [EventQueue-IncrementalContainerReportForIncrementalContainerReportHandler] WARN  container.IncrementalContainerReportHandler (AbstractContainerReportHandler.java:updateContainerState(145)) - Container #1 is in OPEN state, but the datanode 1573a222-9ada-47a6-bc12-21286aa75403{ip: 192.168.34.56, host: pr-hdds-2330-xmbvw-1183399999, networkLocation: /default-rack, certSerialId: null} reports an CLOSING replica.
2019-10-18 12:50:25,337 [java.util.concurrent.ThreadPoolExecutor$Worker@2fa800c4[State = -1, empty queue]] WARN  server.GrpcLogAppender (GrpcLogAppender.java:timeoutAppendRequest(209)) - 1573a222-9ada-47a6-bc12-21286aa75403@group-6A6B47B3B231->791861f8-afde-4d35-9346-06d148d36ddc-GrpcLogAppender: appendEntries Timeout, request=1573a222-9ada-47a6-bc12-21286aa75403->791861f8-afde-4d35-9346-06d148d36ddc#23-t2, previous=(t:2, i:8), leaderCommit=8, initializing? false, entries: <empty>
2019-10-18 12:50:25,384 [EventQueue-ContainerReportForContainerReportHandler] WARN  container.ContainerReportHandler (AbstractContainerReportHandler.java:updateContainerState(145)) - Container #1 is in OPEN state, but the datanode 1573a222-9ada-47a6-bc12-21286aa75403{ip: 192.168.34.56, host: pr-hdds-2330-xmbvw-1183399999, networkLocation: /default-rack, certSerialId: null} reports an CLOSING replica.
2019-10-18 12:50:25,412 [java.util.concurrent.ThreadPoolExecutor$Worker@2fa800c4[State = -1, empty queue]] WARN  server.GrpcLogAppender (GrpcLogAppender.java:timeoutAppendRequest(209)) - 1573a222-9ada-47a6-bc12-21286aa75403@group-6A6B47B3B231->791861f8-afde-4d35-9346-06d148d36ddc-GrpcLogAppender: appendEntries Timeout, request=1573a222-9ada-47a6-bc12-21286aa75403->791861f8-afde-4d35-9346-06d148d36ddc#24-t2, previous=(t:2, i:8), leaderCommit=8, initializing? false, entries: size=1, first=(t:2, i:9), STATEMACHINELOGENTRY, client-5ADF6D1AC721, cid=12
2019-10-18 12:50:25,426 [java.util.concurrent.ThreadPoolExecutor$Worker@2fa800c4[State = -1, empty queue]] WARN  server.GrpcLogAppender (GrpcLogAppender.java:timeoutAppendRequest(209)) - 1573a222-9ada-47a6-bc12-21286aa75403@group-6A6B47B3B231->791861f8-afde-4d35-9346-06d148d36ddc-GrpcLogAppender: appendEntries Timeout, request=1573a222-9ada-47a6-bc12-21286aa75403->791861f8-afde-4d35-9346-06d148d36ddc#25-t2, previous=(t:2, i:9), leaderCommit=9, initializing? false, entries: size=1, first=(t:2, i:10), METADATAENTRY(c9)
2019-10-18 12:50:25,484 [EventQueue-ContainerReportForContainerReportHandler] WARN  container.ContainerReportHandler (AbstractContainerReportHandler.java:updateContainerState(145)) - Container #1 is in OPEN state, but the datanode 7efb2e96-f9c3-4063-84ab-0234e1cfa3ef{ip: 192.168.34.56, host: pr-hdds-2330-xmbvw-1183399999, networkLocation: /default-rack, certSerialId: null} reports an CLOSING replica.
2019-10-18 12:50:25,684 [EventQueue-ContainerReportForContainerReportHandler] WARN  container.ContainerReportHandler (AbstractContainerReportHandler.java:updateContainerState(145)) - Container #1 is in OPEN state, but the datanode 1573a222-9ada-47a6-bc12-21286aa75403{ip: 192.168.34.56, host: pr-hdds-2330-xmbvw-1183399999, networkLocation: /default-rack, certSerialId: null} reports an CLOSING replica.
2019-10-18 12:50:25,885 [EventQueue-ContainerReportForContainerReportHandler] WARN  container.ContainerReportHandler (AbstractContainerReportHandler.java:updateContainerState(145)) - Container #1 is in OPEN state, but the datanode 7efb2e96-f9c3-4063-84ab-0234e1cfa3ef{ip: 192.168.34.56, host: pr-hdds-2330-xmbvw-1183399999, networkLocation: /default-rack, certSerialId: null} reports an CLOSING replica.
2019-10-18 12:50:26,087 [EventQueue-ContainerReportForContainerReportHandler] WARN  container.ContainerReportHandler (AbstractContainerReportHandler.java:updateContainerState(145)) - Container #1 is in OPEN state, but the datanode 1573a222-9ada-47a6-bc12-21286aa75403{ip: 192.168.34.56, host: pr-hdds-2330-xmbvw-1183399999, networkLocation: /default-rack, certSerialId: null} reports an CLOSING replica.
2019-10-18 12:50:26,184 [EventQueue-ContainerReportForContainerReportHandler] WARN  container.ContainerReportHandler (AbstractContainerReportHandler.java:updateContainerState(145)) - Container #1 is in OPEN state, but the datanode 7efb2e96-f9c3-4063-84ab-0234e1cfa3ef{ip: 192.168.34.56, host: pr-hdds-2330-xmbvw-1183399999, networkLocation: /default-rack, certSerialId: null} reports an CLOSING replica.
2019-10-18 12:50:26,385 [EventQueue-ContainerReportForContainerReportHandler] WARN  container.ContainerReportHandler (AbstractContainerReportHandler.java:updateContainerState(145)) - Container #1 is in OPEN state, but the datanode 1573a222-9ada-47a6-bc12-21286aa75403{ip: 192.168.34.56, host: pr-hdds-2330-xmbvw-1183399999, networkLocation: /default-rack, certSerialId: null} reports an CLOSING replica.
2019-10-18 12:50:26,484 [EventQueue-ContainerReportForContainerReportHandler] WARN  container.ContainerReportHandler (AbstractContainerReportHandler.java:updateContainerState(145)) - Container #1 is in OPEN state, but the datanode 7efb2e96-f9c3-4063-84ab-0234e1cfa3ef{ip: 192.168.34.56, host: pr-hdds-2330-xmbvw-1183399999, networkLocation: /default-rack, certSerialId: null} reports an CLOSING replica.
2019-10-18 12:50:26,686 [EventQueue-ContainerReportForContainerReportHandler] WARN  container.ContainerReportHandler (AbstractContainerReportHandler.java:updateContainerState(145)) - Container #1 is in OPEN state, but the datanode 1573a222-9ada-47a6-bc12-21286aa75403{ip: 192.168.34.56, host: pr-hdds-2330-xmbvw-1183399999, networkLocation: /default-rack, certSerialId: null} reports an CLOSING replica.
2019-10-18 12:50:26,884 [EventQueue-ContainerReportForContainerReportHandler] WARN  container.ContainerReportHandler (AbstractContainerReportHandler.java:updateContainerState(145)) - Container #1 is in OPEN state, but the datanode 7efb2e96-f9c3-4063-84ab-0234e1cfa3ef{ip: 192.168.34.56, host: pr-hdds-2330-xmbvw-1183399999, networkLocation: /default-rack, certSerialId: null} reports an CLOSING replica.
2019-10-18 12:50:27,084 [EventQueue-ContainerReportForContainerReportHandler] WARN  container.ContainerReportHandler (AbstractContainerReportHandler.java:updateContainerState(145)) - Container #1 is in OPEN state, but the datanode 7efb2e96-f9c3-4063-84ab-0234e1cfa3ef{ip: 192.168.34.56, host: pr-hdds-2330-xmbvw-1183399999, networkLocation: /default-rack, certSerialId: null} reports an CLOSING replica.
2019-10-18 12:50:27,088 [EventQueue-ContainerReportForContainerReportHandler] WARN  container.ContainerReportHandler (AbstractContainerReportHandler.java:updateContainerState(145)) - Container #1 is in OPEN state, but the datanode 1573a222-9ada-47a6-bc12-21286aa75403{ip: 192.168.34.56, host: pr-hdds-2330-xmbvw-1183399999, networkLocation: /default-rack, certSerialId: null} reports an CLOSING replica.
2019-10-18 12:50:27,366 [RatisApplyTransactionExecutor 1] INFO  interfaces.Container (KeyValueContainer.java:flushAndSyncDB(386)) - Container 1 is synced with bcsId 6.
2019-10-18 12:50:27,366 [RatisApplyTransactionExecutor 1] INFO  interfaces.Container (KeyValueContainer.java:flushAndSyncDB(386)) - Container 1 is synced with bcsId 6.
2019-10-18 12:50:27,368 [RatisApplyTransactionExecutor 1] INFO  interfaces.Container (KeyValueContainer.java:flushAndSyncDB(386)) - Container 1 is synced with bcsId 6.
2019-10-18 12:50:27,368 [RatisApplyTransactionExecutor 1] INFO  interfaces.Container (KeyValueContainer.java:flushAndSyncDB(386)) - Container 1 is synced with bcsId 6.
2019-10-18 12:50:27,385 [EventQueue-ContainerReportForContainerReportHandler] WARN  container.ContainerReportHandler (AbstractContainerReportHandler.java:updateContainerState(145)) - Container #1 is in OPEN state, but the datanode 7efb2e96-f9c3-4063-84ab-0234e1cfa3ef{ip: 192.168.34.56, host: pr-hdds-2330-xmbvw-1183399999, networkLocation: /default-rack, certSerialId: null} reports an CLOSING replica.
2019-10-18 12:50:27,490 [EventQueue-ContainerReportForContainerReportHandler] WARN  container.ContainerReportHandler (AbstractContainerReportHandler.java:updateContainerState(145)) - Container #1 is in OPEN state, but the datanode 1573a222-9ada-47a6-bc12-21286aa75403{ip: 192.168.34.56, host: pr-hdds-2330-xmbvw-1183399999, networkLocation: /default-rack, certSerialId: null} reports an CLOSED replica.
2019-10-18 12:50:27,685 [EventQueue-ContainerReportForContainerReportHandler] WARN  container.ContainerReportHandler (AbstractContainerReportHandler.java:updateContainerState(145)) - Container #1 is in OPEN state, but the datanode 7efb2e96-f9c3-4063-84ab-0234e1cfa3ef{ip: 192.168.34.56, host: pr-hdds-2330-xmbvw-1183399999, networkLocation: /default-rack, certSerialId: null} reports an CLOSED replica.
2019-10-18 12:50:27,689 [EventQueue-ContainerReportForContainerReportHandler] WARN  container.ContainerReportHandler (AbstractContainerReportHandler.java:updateContainerState(145)) - Container #1 is in OPEN state, but the datanode 1573a222-9ada-47a6-bc12-21286aa75403{ip: 192.168.34.56, host: pr-hdds-2330-xmbvw-1183399999, networkLocation: /default-rack, certSerialId: null} reports an CLOSED replica.
2019-10-18 12:50:27,739 [BlockDeletingService#2] WARN  background.BlockDeletingService (BlockDeletingService.java:isDeletionAllowed(187)) - Close Container log Index 6 is not replicated across allthe servers in the pipeline 18f6f15d-c63f-47db-b28d-6a6b47b3b231 as the min replicated index is 4. Deletion is not allowed in this container yet.
2019-10-18 12:50:27,740 [BlockDeletingService#2] WARN  background.BlockDeletingService (BlockDeletingService.java:isDeletionAllowed(187)) - Close Container log Index 6 is not replicated across allthe servers in the pipeline 18f6f15d-c63f-47db-b28d-6a6b47b3b231 as the min replicated index is 4. Deletion is not allowed in this container yet.
2019-10-18 12:50:27,890 [EventQueue-ContainerReportForContainerReportHandler] WARN  container.ContainerReportHandler (AbstractContainerReportHandler.java:updateContainerState(145)) - Container #1 is in OPEN state, but the datanode 1573a222-9ada-47a6-bc12-21286aa75403{ip: 192.168.34.56, host: pr-hdds-2330-xmbvw-1183399999, networkLocation: /default-rack, certSerialId: null} reports an CLOSED replica.
2019-10-18 12:50:27,928 [java.util.concurrent.ThreadPoolExecutor$Worker@2fa800c4[State = -1, empty queue]] WARN  server.GrpcLogAppender (GrpcLogAppender.java:timeoutAppendRequest(209)) - 1573a222-9ada-47a6-bc12-21286aa75403@group-6A6B47B3B231->791861f8-afde-4d35-9346-06d148d36ddc-GrpcLogAppender: appendEntries Timeout, request=1573a222-9ada-47a6-bc12-21286aa75403->791861f8-afde-4d35-9346-06d148d36ddc#26-t2, previous=(t:2, i:10), leaderCommit=10, initializing? false, entries: <empty>
2019-10-18 12:50:27,985 [EventQueue-ContainerReportForContainerReportHandler] WARN  container.ContainerReportHandler (AbstractContainerReportHandler.java:updateContainerState(145)) - Container #1 is in OPEN state, but the datanode 7efb2e96-f9c3-4063-84ab-0234e1cfa3ef{ip: 192.168.34.56, host: pr-hdds-2330-xmbvw-1183399999, networkLocation: /default-rack, certSerialId: null} reports an CLOSED replica.
2019-10-18 12:50:28,190 [EventQueue-ContainerReportForContainerReportHandler] WARN  container.ContainerReportHandler (AbstractContainerReportHandler.java:updateContainerState(145)) - Container #1 is in OPEN state, but the datanode 1573a222-9ada-47a6-bc12-21286aa75403{ip: 192.168.34.56, host: pr-hdds-2330-xmbvw-1183399999, networkLocation: /default-rack, certSerialId: null} reports an CLOSED replica.
2019-10-18 12:50:28,288 [EventQueue-ContainerReportForContainerReportHandler] WARN  container.ContainerReportHandler (AbstractContainerReportHandler.java:updateContainerState(145)) - Container #1 is in OPEN state, but the datanode 7efb2e96-f9c3-4063-84ab-0234e1cfa3ef{ip: 192.168.34.56, host: pr-hdds-2330-xmbvw-1183399999, networkLocation: /default-rack, certSerialId: null} reports an CLOSED replica.
2019-10-18 12:50:28,490 [EventQueue-ContainerReportForContainerReportHandler] WARN  container.ContainerReportHandler (AbstractContainerReportHandler.java:updateContainerState(145)) - Container #1 is in OPEN state, but the datanode 1573a222-9ada-47a6-bc12-21286aa75403{ip: 192.168.34.56, host: pr-hdds-2330-xmbvw-1183399999, networkLocation: /default-rack, certSerialId: null} reports an CLOSED replica.
2019-10-18 12:50:28,586 [EventQueue-ContainerReportForContainerReportHandler] WARN  container.ContainerReportHandler (AbstractContainerReportHandler.java:updateContainerState(145)) - Container #1 is in OPEN state, but the datanode 7efb2e96-f9c3-4063-84ab-0234e1cfa3ef{ip: 192.168.34.56, host: pr-hdds-2330-xmbvw-1183399999, networkLocation: /default-rack, certSerialId: null} reports an CLOSED replica.
2019-10-18 12:50:28,691 [EventQueue-ContainerReportForContainerReportHandler] WARN  container.ContainerReportHandler (AbstractContainerReportHandler.java:updateContainerState(145)) - Container #1 is in OPEN state, but the datanode 1573a222-9ada-47a6-bc12-21286aa75403{ip: 192.168.34.56, host: pr-hdds-2330-xmbvw-1183399999, networkLocation: /default-rack, certSerialId: null} reports an CLOSED replica.
2019-10-18 12:50:28,742 [BlockDeletingService#2] WARN  background.BlockDeletingService (BlockDeletingService.java:isDeletionAllowed(187)) - Close Container log Index 6 is not replicated across allthe servers in the pipeline 18f6f15d-c63f-47db-b28d-6a6b47b3b231 as the min replicated index is 4. Deletion is not allowed in this container yet.
2019-10-18 12:50:28,744 [BlockDeletingService#2] WARN  background.BlockDeletingService (BlockDeletingService.java:isDeletionAllowed(187)) - Close Container log Index 6 is not replicated across allthe servers in the pipeline 18f6f15d-c63f-47db-b28d-6a6b47b3b231 as the min replicated index is 4. Deletion is not allowed in this container yet.
2019-10-18 12:50:28,887 [EventQueue-ContainerReportForContainerReportHandler] WARN  container.ContainerReportHandler (AbstractContainerReportHandler.java:updateContainerState(145)) - Container #1 is in OPEN state, but the datanode 7efb2e96-f9c3-4063-84ab-0234e1cfa3ef{ip: 192.168.34.56, host: pr-hdds-2330-xmbvw-1183399999, networkLocation: /default-rack, certSerialId: null} reports an CLOSED replica.
2019-10-18 12:50:28,991 [EventQueue-ContainerReportForContainerReportHandler] WARN  container.ContainerReportHandler (AbstractContainerReportHandler.java:updateContainerState(145)) - Container #1 is in OPEN state, but the datanode 1573a222-9ada-47a6-bc12-21286aa75403{ip: 192.168.34.56, host: pr-hdds-2330-xmbvw-1183399999, networkLocation: /default-rack, certSerialId: null} reports an CLOSED replica.
2019-10-18 12:50:29,087 [EventQueue-ContainerReportForContainerReportHandler] WARN  container.ContainerReportHandler (AbstractContainerReportHandler.java:updateContainerState(145)) - Container #1 is in OPEN state, but the datanode 7efb2e96-f9c3-4063-84ab-0234e1cfa3ef{ip: 192.168.34.56, host: pr-hdds-2330-xmbvw-1183399999, networkLocation: /default-rack, certSerialId: null} reports an CLOSED replica.
2019-10-18 12:50:29,287 [EventQueue-ContainerReportForContainerReportHandler] WARN  container.ContainerReportHandler (AbstractContainerReportHandler.java:updateContainerState(145)) - Container #1 is in OPEN state, but the datanode 7efb2e96-f9c3-4063-84ab-0234e1cfa3ef{ip: 192.168.34.56, host: pr-hdds-2330-xmbvw-1183399999, networkLocation: /default-rack, certSerialId: null} reports an CLOSED replica.
2019-10-18 12:50:29,391 [EventQueue-ContainerReportForContainerReportHandler] WARN  container.ContainerReportHandler (AbstractContainerReportHandler.java:updateContainerState(145)) - Container #1 is in OPEN state, but the datanode 1573a222-9ada-47a6-bc12-21286aa75403{ip: 192.168.34.56, host: pr-hdds-2330-xmbvw-1183399999, networkLocation: /default-rack, certSerialId: null} reports an CLOSED replica.
2019-10-18 12:50:29,496 [RatisApplyTransactionExecutor 1] INFO  interfaces.Container (KeyValueContainer.java:close(335)) - Container 1 is closed with bcsId 6.
2019-10-18 12:50:29,496 [RatisApplyTransactionExecutor 1] INFO  interfaces.Container (KeyValueContainer.java:close(335)) - Container 1 is closed with bcsId 6.
2019-10-18 12:50:29,501 [EventQueue-IncrementalContainerReportForIncrementalContainerReportHandler] WARN  container.IncrementalContainerReportHandler (AbstractContainerReportHandler.java:updateContainerState(145)) - Container #1 is in OPEN state, but the datanode 7efb2e96-f9c3-4063-84ab-0234e1cfa3ef{ip: 192.168.34.56, host: pr-hdds-2330-xmbvw-1183399999, networkLocation: /default-rack, certSerialId: null} reports an CLOSED replica.
2019-10-18 12:50:29,502 [EventQueue-IncrementalContainerReportForIncrementalContainerReportHandler] WARN  container.IncrementalContainerReportHandler (AbstractContainerReportHandler.java:updateContainerState(145)) - Container #1 is in OPEN state, but the datanode 1573a222-9ada-47a6-bc12-21286aa75403{ip: 192.168.34.56, host: pr-hdds-2330-xmbvw-1183399999, networkLocation: /default-rack, certSerialId: null} reports an CLOSED replica.
2019-10-18 12:50:29,698 [EventQueue-ContainerReportForContainerReportHandler] WARN  container.ContainerReportHandler (AbstractContainerReportHandler.java:updateContainerState(145)) - Container #1 is in OPEN state, but the datanode 7efb2e96-f9c3-4063-84ab-0234e1cfa3ef{ip: 192.168.34.56, host: pr-hdds-2330-xmbvw-1183399999, networkLocation: /default-rack, certSerialId: null} reports an CLOSED replica.
2019-10-18 12:50:29,699 [EventQueue-ContainerReportForContainerReportHandler] WARN  container.ContainerReportHandler (AbstractContainerReportHandler.java:updateContainerState(145)) - Container #1 is in OPEN state, but the datanode 1573a222-9ada-47a6-bc12-21286aa75403{ip: 192.168.34.56, host: pr-hdds-2330-xmbvw-1183399999, networkLocation: /default-rack, certSerialId: null} reports an CLOSED replica.
2019-10-18 12:50:29,745 [BlockDeletingService#2] WARN  background.BlockDeletingService (BlockDeletingService.java:isDeletionAllowed(187)) - Close Container log Index 6 is not replicated across allthe servers in the pipeline 18f6f15d-c63f-47db-b28d-6a6b47b3b231 as the min replicated index is 4. Deletion is not allowed in this container yet.
2019-10-18 12:50:29,745 [BlockDeletingService#2] WARN  background.BlockDeletingService (BlockDeletingService.java:isDeletionAllowed(187)) - Close Container log Index 6 is not replicated across allthe servers in the pipeline 18f6f15d-c63f-47db-b28d-6a6b47b3b231 as the min replicated index is 4. Deletion is not allowed in this container yet.
2019-10-18 12:50:29,755 [Thread-341] INFO  client.GrpcClientProtocolService (GrpcClientProtocolService.java:lambda$processClientRequest$0(278)) - Failed RaftClientRequest:client-89547DF785DD->1573a222-9ada-47a6-bc12-21286aa75403@group-6A6B47B3B231, cid=10, seq=0, Watch-ALL_COMMITTED(6), Message:<EMPTY>, reply=RaftClientReply:client-89547DF785DD->1573a222-9ada-47a6-bc12-21286aa75403@group-6A6B47B3B231, cid=10, FAILED org.apache.ratis.protocol.NotReplicatedException: Request with call Id 10 and log index 6 is not yet replicated to ALL_COMMITTED, logIndex=6, commits[1573a222-9ada-47a6-bc12-21286aa75403:c10, 7efb2e96-f9c3-4063-84ab-0234e1cfa3ef:c10, 791861f8-afde-4d35-9346-06d148d36ddc:c4]
2019-10-18 12:50:29,898 [EventQueue-ContainerReportForContainerReportHandler] WARN  container.ContainerReportHandler (AbstractContainerReportHandler.java:updateContainerState(145)) - Container #1 is in OPEN state, but the datanode 1573a222-9ada-47a6-bc12-21286aa75403{ip: 192.168.34.56, host: pr-hdds-2330-xmbvw-1183399999, networkLocation: /default-rack, certSerialId: null} reports an CLOSED replica.
2019-10-18 12:50:29,898 [EventQueue-ContainerReportForContainerReportHandler] WARN  container.ContainerReportHandler (AbstractContainerReportHandler.java:updateContainerState(145)) - Container #1 is in OPEN state, but the datanode 7efb2e96-f9c3-4063-84ab-0234e1cfa3ef{ip: 192.168.34.56, host: pr-hdds-2330-xmbvw-1183399999, networkLocation: /default-rack, certSerialId: null} reports an CLOSED replica.
2019-10-18 12:50:30,199 [EventQueue-ContainerReportForContainerReportHandler] WARN  container.ContainerReportHandler (AbstractContainerReportHandler.java:updateContainerState(145)) - Container #1 is in OPEN state, but the datanode 7efb2e96-f9c3-4063-84ab-0234e1cfa3ef{ip: 192.168.34.56, host: pr-hdds-2330-xmbvw-1183399999, networkLocation: /default-rack, certSerialId: null} reports an CLOSED replica.
2019-10-18 12:50:30,199 [EventQueue-ContainerReportForContainerReportHandler] WARN  container.ContainerReportHandler (AbstractContainerReportHandler.java:updateContainerState(145)) - Container #1 is in OPEN state, but the datanode 1573a222-9ada-47a6-bc12-21286aa75403{ip: 192.168.34.56, host: pr-hdds-2330-xmbvw-1183399999, networkLocation: /default-rack, certSerialId: null} reports an CLOSED replica.
2019-10-18 12:50:30,430 [java.util.concurrent.ThreadPoolExecutor$Worker@2fa800c4[State = -1, empty queue]] WARN  server.GrpcLogAppender (GrpcLogAppender.java:timeoutAppendRequest(209)) - 1573a222-9ada-47a6-bc12-21286aa75403@group-6A6B47B3B231->791861f8-afde-4d35-9346-06d148d36ddc-GrpcLogAppender: appendEntries Timeout, request=1573a222-9ada-47a6-bc12-21286aa75403->791861f8-afde-4d35-9346-06d148d36ddc#27-t2, previous=(t:2, i:10), leaderCommit=10, initializing? false, entries: <empty>
2019-10-18 12:50:30,499 [EventQueue-ContainerReportForContainerReportHandler] WARN  container.ContainerReportHandler (AbstractContainerReportHandler.java:updateContainerState(145)) - Container #1 is in OPEN state, but the datanode 1573a222-9ada-47a6-bc12-21286aa75403{ip: 192.168.34.56, host: pr-hdds-2330-xmbvw-1183399999, networkLocation: /default-rack, certSerialId: null} reports an CLOSED replica.
2019-10-18 12:50:30,599 [EventQueue-ContainerReportForContainerReportHandler] WARN  container.ContainerReportHandler (AbstractContainerReportHandler.java:updateContainerState(145)) - Container #1 is in OPEN state, but the datanode 7efb2e96-f9c3-4063-84ab-0234e1cfa3ef{ip: 192.168.34.56, host: pr-hdds-2330-xmbvw-1183399999, networkLocation: /default-rack, certSerialId: null} reports an CLOSED replica.
2019-10-18 12:50:30,746 [BlockDeletingService#2] WARN  background.BlockDeletingService (BlockDeletingService.java:isDeletionAllowed(187)) - Close Container log Index 6 is not replicated across allthe servers in the pipeline 18f6f15d-c63f-47db-b28d-6a6b47b3b231 as the min replicated index is 4. Deletion is not allowed in this container yet.
2019-10-18 12:50:30,747 [BlockDeletingService#2] WARN  background.BlockDeletingService (BlockDeletingService.java:isDeletionAllowed(187)) - Close Container log Index 6 is not replicated across allthe servers in the pipeline 18f6f15d-c63f-47db-b28d-6a6b47b3b231 as the min replicated index is 4. Deletion is not allowed in this container yet.
2019-10-18 12:50:30,799 [EventQueue-ContainerReportForContainerReportHandler] WARN  container.ContainerReportHandler (AbstractContainerReportHandler.java:updateContainerState(145)) - Container #1 is in OPEN state, but the datanode 1573a222-9ada-47a6-bc12-21286aa75403{ip: 192.168.34.56, host: pr-hdds-2330-xmbvw-1183399999, networkLocation: /default-rack, certSerialId: null} reports an CLOSED replica.
2019-10-18 12:50:31,000 [EventQueue-ContainerReportForContainerReportHandler] WARN  container.ContainerReportHandler (AbstractContainerReportHandler.java:updateContainerState(145)) - Container #1 is in OPEN state, but the datanode 7efb2e96-f9c3-4063-84ab-0234e1cfa3ef{ip: 192.168.34.56, host: pr-hdds-2330-xmbvw-1183399999, networkLocation: /default-rack, certSerialId: null} reports an CLOSED replica.
2019-10-18 12:50:31,000 [EventQueue-ContainerReportForContainerReportHandler] WARN  container.ContainerReportHandler (AbstractContainerReportHandler.java:updateContainerState(145)) - Container #1 is in OPEN state, but the datanode 1573a222-9ada-47a6-bc12-21286aa75403{ip: 192.168.34.56, host: pr-hdds-2330-xmbvw-1183399999, networkLocation: /default-rack, certSerialId: null} reports an CLOSED replica.
2019-10-18 12:50:31,200 [EventQueue-ContainerReportForContainerReportHandler] WARN  container.ContainerReportHandler (AbstractContainerReportHandler.java:updateContainerState(145)) - Container #1 is in OPEN state, but the datanode 7efb2e96-f9c3-4063-84ab-0234e1cfa3ef{ip: 192.168.34.56, host: pr-hdds-2330-xmbvw-1183399999, networkLocation: /default-rack, certSerialId: null} reports an CLOSED replica.
2019-10-18 12:50:31,300 [EventQueue-ContainerReportForContainerReportHandler] WARN  container.ContainerReportHandler (AbstractContainerReportHandler.java:updateContainerState(145)) - Container #1 is in OPEN state, but the datanode 1573a222-9ada-47a6-bc12-21286aa75403{ip: 192.168.34.56, host: pr-hdds-2330-xmbvw-1183399999, networkLocation: /default-rack, certSerialId: null} reports an CLOSED replica.
2019-10-18 12:50:31,500 [EventQueue-ContainerReportForContainerReportHandler] WARN  container.ContainerReportHandler (AbstractContainerReportHandler.java:updateContainerState(145)) - Container #1 is in OPEN state, but the datanode 7efb2e96-f9c3-4063-84ab-0234e1cfa3ef{ip: 192.168.34.56, host: pr-hdds-2330-xmbvw-1183399999, networkLocation: /default-rack, certSerialId: null} reports an CLOSED replica.
2019-10-18 12:50:31,541 [IPC Server handler 4 on 35070] INFO  server.SCMBlockProtocolServer (SCMBlockProtocolServer.java:deleteKeyBlocks(212)) - SCM is informed by OM to delete 1 blocks
2019-10-18 12:50:31,541 [IPC Server handler 4 on 35070] INFO  block.BlockManagerImpl (BlockManagerImpl.java:deleteBlocks(285)) - Deleting blocks conID: 1 locID: 102983466119004160 bcsId: 0
2019-10-18 12:50:31,700 [EventQueue-ContainerReportForContainerReportHandler] WARN  container.ContainerReportHandler (AbstractContainerReportHandler.java:updateContainerState(145)) - Container #1 is in OPEN state, but the datanode 7efb2e96-f9c3-4063-84ab-0234e1cfa3ef{ip: 192.168.34.56, host: pr-hdds-2330-xmbvw-1183399999, networkLocation: /default-rack, certSerialId: null} reports an CLOSED replica.
2019-10-18 12:50:31,702 [EventQueue-ContainerReportForContainerReportHandler] WARN  container.ContainerReportHandler (AbstractContainerReportHandler.java:updateContainerState(145)) - Container #1 is in OPEN state, but the datanode 1573a222-9ada-47a6-bc12-21286aa75403{ip: 192.168.34.56, host: pr-hdds-2330-xmbvw-1183399999, networkLocation: /default-rack, certSerialId: null} reports an CLOSED replica.
2019-10-18 12:50:31,748 [BlockDeletingService#2] WARN  background.BlockDeletingService (BlockDeletingService.java:isDeletionAllowed(187)) - Close Container log Index 6 is not replicated across allthe servers in the pipeline 18f6f15d-c63f-47db-b28d-6a6b47b3b231 as the min replicated index is 4. Deletion is not allowed in this container yet.
2019-10-18 12:50:31,748 [BlockDeletingService#2] WARN  background.BlockDeletingService (BlockDeletingService.java:isDeletionAllowed(187)) - Close Container log Index 6 is not replicated across allthe servers in the pipeline 18f6f15d-c63f-47db-b28d-6a6b47b3b231 as the min replicated index is 4. Deletion is not allowed in this container yet.
2019-10-18 12:50:32,001 [EventQueue-ContainerReportForContainerReportHandler] WARN  container.ContainerReportHandler (AbstractContainerReportHandler.java:updateContainerState(145)) - Container #1 is in OPEN state, but the datanode 1573a222-9ada-47a6-bc12-21286aa75403{ip: 192.168.34.56, host: pr-hdds-2330-xmbvw-1183399999, networkLocation: /default-rack, certSerialId: null} reports an CLOSED replica.
2019-10-18 12:50:32,101 [EventQueue-ContainerReportForContainerReportHandler] WARN  container.ContainerReportHandler (AbstractContainerReportHandler.java:updateContainerState(145)) - Container #1 is in OPEN state, but the datanode 7efb2e96-f9c3-4063-84ab-0234e1cfa3ef{ip: 192.168.34.56, host: pr-hdds-2330-xmbvw-1183399999, networkLocation: /default-rack, certSerialId: null} reports an CLOSED replica.
2019-10-18 12:50:32,202 [EventQueue-ContainerReportForContainerReportHandler] WARN  container.ContainerReportHandler (AbstractContainerReportHandler.java:updateContainerState(145)) - Container #1 is in OPEN state, but the datanode 1573a222-9ada-47a6-bc12-21286aa75403{ip: 192.168.34.56, host: pr-hdds-2330-xmbvw-1183399999, networkLocation: /default-rack, certSerialId: null} reports an CLOSED replica.
2019-10-18 12:50:32,401 [EventQueue-ContainerReportForContainerReportHandler] WARN  container.ContainerReportHandler (AbstractContainerReportHandler.java:updateContainerState(145)) - Container #1 is in OPEN state, but the datanode 7efb2e96-f9c3-4063-84ab-0234e1cfa3ef{ip: 192.168.34.56, host: pr-hdds-2330-xmbvw-1183399999, networkLocation: /default-rack, certSerialId: null} reports an CLOSED replica.
2019-10-18 12:50:32,602 [EventQueue-ContainerReportForContainerReportHandler] WARN  container.ContainerReportHandler (AbstractContainerReportHandler.java:updateContainerState(145)) - Container #1 is in OPEN state, but the datanode 1573a222-9ada-47a6-bc12-21286aa75403{ip: 192.168.34.56, host: pr-hdds-2330-xmbvw-1183399999, networkLocation: /default-rack, certSerialId: null} reports an CLOSED replica.
2019-10-18 12:50:32,702 [EventQueue-ContainerReportForContainerReportHandler] WARN  container.ContainerReportHandler (AbstractContainerReportHandler.java:updateContainerState(145)) - Container #1 is in OPEN state, but the datanode 7efb2e96-f9c3-4063-84ab-0234e1cfa3ef{ip: 192.168.34.56, host: pr-hdds-2330-xmbvw-1183399999, networkLocation: /default-rack, certSerialId: null} reports an CLOSED replica.
2019-10-18 12:50:32,750 [BlockDeletingService#2] WARN  background.BlockDeletingService (BlockDeletingService.java:isDeletionAllowed(187)) - Close Container log Index 6 is not replicated across allthe servers in the pipeline 18f6f15d-c63f-47db-b28d-6a6b47b3b231 as the min replicated index is 4. Deletion is not allowed in this container yet.
2019-10-18 12:50:32,751 [BlockDeletingService#2] WARN  background.BlockDeletingService (BlockDeletingService.java:isDeletionAllowed(187)) - Close Container log Index 6 is not replicated across allthe servers in the pipeline 18f6f15d-c63f-47db-b28d-6a6b47b3b231 as the min replicated index is 4. Deletion is not allowed in this container yet.
2019-10-18 12:50:32,903 [EventQueue-ContainerReportForContainerReportHandler] WARN  container.ContainerReportHandler (AbstractContainerReportHandler.java:updateContainerState(145)) - Container #1 is in OPEN state, but the datanode 1573a222-9ada-47a6-bc12-21286aa75403{ip: 192.168.34.56, host: pr-hdds-2330-xmbvw-1183399999, networkLocation: /default-rack, certSerialId: null} reports an CLOSED replica.
2019-10-18 12:50:32,903 [EventQueue-ContainerReportForContainerReportHandler] WARN  container.ContainerReportHandler (AbstractContainerReportHandler.java:updateContainerState(145)) - Container #1 is in OPEN state, but the datanode 7efb2e96-f9c3-4063-84ab-0234e1cfa3ef{ip: 192.168.34.56, host: pr-hdds-2330-xmbvw-1183399999, networkLocation: /default-rack, certSerialId: null} reports an CLOSED replica.
2019-10-18 12:50:32,931 [java.util.concurrent.ThreadPoolExecutor$Worker@2fa800c4[State = -1, empty queue]] WARN  server.GrpcLogAppender (GrpcLogAppender.java:timeoutAppendRequest(209)) - 1573a222-9ada-47a6-bc12-21286aa75403@group-6A6B47B3B231->791861f8-afde-4d35-9346-06d148d36ddc-GrpcLogAppender: appendEntries Timeout, request=1573a222-9ada-47a6-bc12-21286aa75403->791861f8-afde-4d35-9346-06d148d36ddc#28-t2, previous=(t:2, i:10), leaderCommit=10, initializing? false, entries: <empty>
2019-10-18 12:50:33,103 [EventQueue-ContainerReportForContainerReportHandler] WARN  container.ContainerReportHandler (AbstractContainerReportHandler.java:updateContainerState(145)) - Container #1 is in OPEN state, but the datanode 1573a222-9ada-47a6-bc12-21286aa75403{ip: 192.168.34.56, host: pr-hdds-2330-xmbvw-1183399999, networkLocation: /default-rack, certSerialId: null} reports an CLOSED replica.
2019-10-18 12:50:33,202 [EventQueue-ContainerReportForContainerReportHandler] WARN  container.ContainerReportHandler (AbstractContainerReportHandler.java:updateContainerState(145)) - Container #1 is in OPEN state, but the datanode 7efb2e96-f9c3-4063-84ab-0234e1cfa3ef{ip: 192.168.34.56, host: pr-hdds-2330-xmbvw-1183399999, networkLocation: /default-rack, certSerialId: null} reports an CLOSED replica.
2019-10-18 12:50:33,303 [EventQueue-ContainerReportForContainerReportHandler] WARN  container.ContainerReportHandler (AbstractContainerReportHandler.java:updateContainerState(145)) - Container #1 is in OPEN state, but the datanode 1573a222-9ada-47a6-bc12-21286aa75403{ip: 192.168.34.56, host: pr-hdds-2330-xmbvw-1183399999, networkLocation: /default-rack, certSerialId: null} reports an CLOSED replica.
2019-10-18 12:50:33,503 [EventQueue-ContainerReportForContainerReportHandler] WARN  container.ContainerReportHandler (AbstractContainerReportHandler.java:updateContainerState(145)) - Container #1 is in OPEN state, but the datanode 1573a222-9ada-47a6-bc12-21286aa75403{ip: 192.168.34.56, host: pr-hdds-2330-xmbvw-1183399999, networkLocation: /default-rack, certSerialId: null} reports an CLOSED replica.
2019-10-18 12:50:33,603 [EventQueue-ContainerReportForContainerReportHandler] WARN  container.ContainerReportHandler (AbstractContainerReportHandler.java:updateContainerState(145)) - Container #1 is in OPEN state, but the datanode 7efb2e96-f9c3-4063-84ab-0234e1cfa3ef{ip: 192.168.34.56, host: pr-hdds-2330-xmbvw-1183399999, networkLocation: /default-rack, certSerialId: null} reports an CLOSED replica.
2019-10-18 12:50:33,751 [BlockDeletingService#2] WARN  background.BlockDeletingService (BlockDeletingService.java:isDeletionAllowed(187)) - Close Container log Index 6 is not replicated across allthe servers in the pipeline 18f6f15d-c63f-47db-b28d-6a6b47b3b231 as the min replicated index is 4. Deletion is not allowed in this container yet.
2019-10-18 12:50:33,752 [BlockDeletingService#2] WARN  background.BlockDeletingService (BlockDeletingService.java:isDeletionAllowed(187)) - Close Container log Index 6 is not replicated across allthe servers in the pipeline 18f6f15d-c63f-47db-b28d-6a6b47b3b231 as the min replicated index is 4. Deletion is not allowed in this container yet.
2019-10-18 12:50:33,903 [EventQueue-ContainerReportForContainerReportHandler] WARN  container.ContainerReportHandler (AbstractContainerReportHandler.java:updateContainerState(145)) - Container #1 is in OPEN state, but the datanode 7efb2e96-f9c3-4063-84ab-0234e1cfa3ef{ip: 192.168.34.56, host: pr-hdds-2330-xmbvw-1183399999, networkLocation: /default-rack, certSerialId: null} reports an CLOSED replica.
2019-10-18 12:50:33,903 [EventQueue-ContainerReportForContainerReportHandler] WARN  container.ContainerReportHandler (AbstractContainerReportHandler.java:updateContainerState(145)) - Container #1 is in OPEN state, but the datanode 1573a222-9ada-47a6-bc12-21286aa75403{ip: 192.168.34.56, host: pr-hdds-2330-xmbvw-1183399999, networkLocation: /default-rack, certSerialId: null} reports an CLOSED replica.
2019-10-18 12:50:34,203 [EventQueue-ContainerReportForContainerReportHandler] WARN  container.ContainerReportHandler (AbstractContainerReportHandler.java:updateContainerState(145)) - Container #1 is in OPEN state, but the datanode 1573a222-9ada-47a6-bc12-21286aa75403{ip: 192.168.34.56, host: pr-hdds-2330-xmbvw-1183399999, networkLocation: /default-rack, certSerialId: null} reports an CLOSED replica.
2019-10-18 12:50:34,203 [EventQueue-ContainerReportForContainerReportHandler] WARN  container.ContainerReportHandler (AbstractContainerReportHandler.java:updateContainerState(145)) - Container #1 is in OPEN state, but the datanode 7efb2e96-f9c3-4063-84ab-0234e1cfa3ef{ip: 192.168.34.56, host: pr-hdds-2330-xmbvw-1183399999, networkLocation: /default-rack, certSerialId: null} reports an CLOSED replica.
2019-10-18 12:50:34,504 [EventQueue-ContainerReportForContainerReportHandler] WARN  container.ContainerReportHandler (AbstractContainerReportHandler.java:updateContainerState(145)) - Container #1 is in OPEN state, but the datanode 7efb2e96-f9c3-4063-84ab-0234e1cfa3ef{ip: 192.168.34.56, host: pr-hdds-2330-xmbvw-1183399999, networkLocation: /default-rack, certSerialId: null} reports an CLOSED replica.
2019-10-18 12:50:34,504 [EventQueue-ContainerReportForContainerReportHandler] WARN  container.ContainerReportHandler (AbstractContainerReportHandler.java:updateContainerState(145)) - Container #1 is in OPEN state, but the datanode 1573a222-9ada-47a6-bc12-21286aa75403{ip: 192.168.34.56, host: pr-hdds-2330-xmbvw-1183399999, networkLocation: /default-rack, certSerialId: null} reports an CLOSED replica.
2019-10-18 12:50:34,754 [BlockDeletingService#2] WARN  background.BlockDeletingService (BlockDeletingService.java:isDeletionAllowed(187)) - Close Container log Index 6 is not replicated across allthe servers in the pipeline 18f6f15d-c63f-47db-b28d-6a6b47b3b231 as the min replicated index is 4. Deletion is not allowed in this container yet.
2019-10-18 12:50:34,754 [BlockDeletingService#2] WARN  background.BlockDeletingService (BlockDeletingService.java:isDeletionAllowed(187)) - Close Container log Index 6 is not replicated across allthe servers in the pipeline 18f6f15d-c63f-47db-b28d-6a6b47b3b231 as the min replicated index is 4. Deletion is not allowed in this container yet.
2019-10-18 12:50:34,803 [EventQueue-ContainerReportForContainerReportHandler] WARN  container.ContainerReportHandler (AbstractContainerReportHandler.java:updateContainerState(145)) - Container #1 is in OPEN state, but the datanode 7efb2e96-f9c3-4063-84ab-0234e1cfa3ef{ip: 192.168.34.56, host: pr-hdds-2330-xmbvw-1183399999, networkLocation: /default-rack, certSerialId: null} reports an CLOSED replica.
2019-10-18 12:50:34,906 [EventQueue-ContainerReportForContainerReportHandler] WARN  container.ContainerReportHandler (AbstractContainerReportHandler.java:updateContainerState(145)) - Container #1 is in OPEN state, but the datanode 1573a222-9ada-47a6-bc12-21286aa75403{ip: 192.168.34.56, host: pr-hdds-2330-xmbvw-1183399999, networkLocation: /default-rack, certSerialId: null} reports an CLOSED replica.
2019-10-18 12:50:35,203 [EventQueue-ContainerReportForContainerReportHandler] WARN  container.ContainerReportHandler (AbstractContainerReportHandler.java:updateContainerState(145)) - Container #1 is in OPEN state, but the datanode 7efb2e96-f9c3-4063-84ab-0234e1cfa3ef{ip: 192.168.34.56, host: pr-hdds-2330-xmbvw-1183399999, networkLocation: /default-rack, certSerialId: null} reports an CLOSED replica.
2019-10-18 12:50:35,207 [EventQueue-ContainerReportForContainerReportHandler] WARN  container.ContainerReportHandler (AbstractContainerReportHandler.java:updateContainerState(145)) - Container #1 is in OPEN state, but the datanode 1573a222-9ada-47a6-bc12-21286aa75403{ip: 192.168.34.56, host: pr-hdds-2330-xmbvw-1183399999, networkLocation: /default-rack, certSerialId: null} reports an CLOSED replica.
2019-10-18 12:50:35,403 [EventQueue-ContainerReportForContainerReportHandler] WARN  container.ContainerReportHandler (AbstractContainerReportHandler.java:updateContainerState(145)) - Container #1 is in OPEN state, but the datanode 7efb2e96-f9c3-4063-84ab-0234e1cfa3ef{ip: 192.168.34.56, host: pr-hdds-2330-xmbvw-1183399999, networkLocation: /default-rack, certSerialId: null} reports an CLOSED replica.
2019-10-18 12:50:35,408 [EventQueue-ContainerReportForContainerReportHandler] WARN  container.ContainerReportHandler (AbstractContainerReportHandler.java:updateContainerState(145)) - Container #1 is in OPEN state, but the datanode 1573a222-9ada-47a6-bc12-21286aa75403{ip: 192.168.34.56, host: pr-hdds-2330-xmbvw-1183399999, networkLocation: /default-rack, certSerialId: null} reports an CLOSED replica.
2019-10-18 12:50:35,432 [java.util.concurrent.ThreadPoolExecutor$Worker@2fa800c4[State = -1, empty queue]] WARN  server.GrpcLogAppender (GrpcLogAppender.java:timeoutAppendRequest(209)) - 1573a222-9ada-47a6-bc12-21286aa75403@group-6A6B47B3B231->791861f8-afde-4d35-9346-06d148d36ddc-GrpcLogAppender: appendEntries Timeout, request=1573a222-9ada-47a6-bc12-21286aa75403->791861f8-afde-4d35-9346-06d148d36ddc#29-t2, previous=(t:2, i:10), leaderCommit=10, initializing? false, entries: <empty>
2019-10-18 12:50:35,704 [EventQueue-ContainerReportForContainerReportHandler] WARN  container.ContainerReportHandler (AbstractContainerReportHandler.java:updateContainerState(145)) - Container #1 is in OPEN state, but the datanode 7efb2e96-f9c3-4063-84ab-0234e1cfa3ef{ip: 192.168.34.56, host: pr-hdds-2330-xmbvw-1183399999, networkLocation: /default-rack, certSerialId: null} reports an CLOSED replica.
2019-10-18 12:50:35,710 [EventQueue-ContainerReportForContainerReportHandler] WARN  container.ContainerReportHandler (AbstractContainerReportHandler.java:updateContainerState(145)) - Container #1 is in OPEN state, but the datanode 1573a222-9ada-47a6-bc12-21286aa75403{ip: 192.168.34.56, host: pr-hdds-2330-xmbvw-1183399999, networkLocation: /default-rack, certSerialId: null} reports an CLOSED replica.
2019-10-18 12:50:35,758 [BlockDeletingService#2] WARN  background.BlockDeletingService (BlockDeletingService.java:isDeletionAllowed(187)) - Close Container log Index 6 is not replicated across allthe servers in the pipeline 18f6f15d-c63f-47db-b28d-6a6b47b3b231 as the min replicated index is 4. Deletion is not allowed in this container yet.
2019-10-18 12:50:35,758 [BlockDeletingService#2] WARN  background.BlockDeletingService (BlockDeletingService.java:isDeletionAllowed(187)) - Close Container log Index 6 is not replicated across allthe servers in the pipeline 18f6f15d-c63f-47db-b28d-6a6b47b3b231 as the min replicated index is 4. Deletion is not allowed in this container yet.
2019-10-18 12:50:35,910 [EventQueue-ContainerReportForContainerReportHandler] WARN  container.ContainerReportHandler (AbstractContainerReportHandler.java:updateContainerState(145)) - Container #1 is in OPEN state, but the datanode 1573a222-9ada-47a6-bc12-21286aa75403{ip: 192.168.34.56, host: pr-hdds-2330-xmbvw-1183399999, networkLocation: /default-rack, certSerialId: null} reports an CLOSED replica.
2019-10-18 12:50:36,005 [EventQueue-ContainerReportForContainerReportHandler] WARN  container.ContainerReportHandler (AbstractContainerReportHandler.java:updateContainerState(145)) - Container #1 is in OPEN state, but the datanode 7efb2e96-f9c3-4063-84ab-0234e1cfa3ef{ip: 192.168.34.56, host: pr-hdds-2330-xmbvw-1183399999, networkLocation: /default-rack, certSerialId: null} reports an CLOSED replica.
2019-10-18 12:50:36,211 [EventQueue-ContainerReportForContainerReportHandler] WARN  container.ContainerReportHandler (AbstractContainerReportHandler.java:updateContainerState(145)) - Container #1 is in OPEN state, but the datanode 1573a222-9ada-47a6-bc12-21286aa75403{ip: 192.168.34.56, host: pr-hdds-2330-xmbvw-1183399999, networkLocation: /default-rack, certSerialId: null} reports an CLOSED replica.
2019-10-18 12:50:36,404 [EventQueue-ContainerReportForContainerReportHandler] WARN  container.ContainerReportHandler (AbstractContainerReportHandler.java:updateContainerState(145)) - Container #1 is in OPEN state, but the datanode 7efb2e96-f9c3-4063-84ab-0234e1cfa3ef{ip: 192.168.34.56, host: pr-hdds-2330-xmbvw-1183399999, networkLocation: /default-rack, certSerialId: null} reports an CLOSED replica.
2019-10-18 12:50:36,511 [EventQueue-ContainerReportForContainerReportHandler] WARN  container.ContainerReportHandler (AbstractContainerReportHandler.java:updateContainerState(145)) - Container #1 is in OPEN state, but the datanode 1573a222-9ada-47a6-bc12-21286aa75403{ip: 192.168.34.56, host: pr-hdds-2330-xmbvw-1183399999, networkLocation: /default-rack, certSerialId: null} reports an CLOSED replica.
2019-10-18 12:50:36,705 [EventQueue-ContainerReportForContainerReportHandler] WARN  container.ContainerReportHandler (AbstractContainerReportHandler.java:updateContainerState(145)) - Container #1 is in OPEN state, but the datanode 7efb2e96-f9c3-4063-84ab-0234e1cfa3ef{ip: 192.168.34.56, host: pr-hdds-2330-xmbvw-1183399999, networkLocation: /default-rack, certSerialId: null} reports an CLOSED replica.
2019-10-18 12:50:36,712 [EventQueue-ContainerReportForContainerReportHandler] WARN  container.ContainerReportHandler (AbstractContainerReportHandler.java:updateContainerState(145)) - Container #1 is in OPEN state, but the datanode 1573a222-9ada-47a6-bc12-21286aa75403{ip: 192.168.34.56, host: pr-hdds-2330-xmbvw-1183399999, networkLocation: /default-rack, certSerialId: null} reports an CLOSED replica.
2019-10-18 12:50:36,760 [BlockDeletingService#2] WARN  background.BlockDeletingService (BlockDeletingService.java:isDeletionAllowed(187)) - Close Container log Index 6 is not replicated across allthe servers in the pipeline 18f6f15d-c63f-47db-b28d-6a6b47b3b231 as the min replicated index is 4. Deletion is not allowed in this container yet.
2019-10-18 12:50:36,760 [BlockDeletingService#2] WARN  background.BlockDeletingService (BlockDeletingService.java:isDeletionAllowed(187)) - Close Container log Index 6 is not replicated across allthe servers in the pipeline 18f6f15d-c63f-47db-b28d-6a6b47b3b231 as the min replicated index is 4. Deletion is not allowed in this container yet.
2019-10-18 12:50:36,905 [EventQueue-ContainerReportForContainerReportHandler] WARN  container.ContainerReportHandler (AbstractContainerReportHandler.java:updateContainerState(145)) - Container #1 is in OPEN state, but the datanode 7efb2e96-f9c3-4063-84ab-0234e1cfa3ef{ip: 192.168.34.56, host: pr-hdds-2330-xmbvw-1183399999, networkLocation: /default-rack, certSerialId: null} reports an CLOSED replica.
2019-10-18 12:50:37,012 [EventQueue-ContainerReportForContainerReportHandler] WARN  container.ContainerReportHandler (AbstractContainerReportHandler.java:updateContainerState(145)) - Container #1 is in OPEN state, but the datanode 1573a222-9ada-47a6-bc12-21286aa75403{ip: 192.168.34.56, host: pr-hdds-2330-xmbvw-1183399999, networkLocation: /default-rack, certSerialId: null} reports an CLOSED replica.
2019-10-18 12:50:37,204 [EventQueue-ContainerReportForContainerReportHandler] WARN  container.ContainerReportHandler (AbstractContainerReportHandler.java:updateContainerState(145)) - Container #1 is in OPEN state, but the datanode 7efb2e96-f9c3-4063-84ab-0234e1cfa3ef{ip: 192.168.34.56, host: pr-hdds-2330-xmbvw-1183399999, networkLocation: /default-rack, certSerialId: null} reports an CLOSED replica.
2019-10-18 12:50:37,412 [EventQueue-ContainerReportForContainerReportHandler] WARN  container.ContainerReportHandler (AbstractContainerReportHandler.java:updateContainerState(145)) - Container #1 is in OPEN state, but the datanode 1573a222-9ada-47a6-bc12-21286aa75403{ip: 192.168.34.56, host: pr-hdds-2330-xmbvw-1183399999, networkLocation: /default-rack, certSerialId: null} reports an CLOSED replica.
2019-10-18 12:50:37,606 [EventQueue-ContainerReportForContainerReportHandler] WARN  container.ContainerReportHandler (AbstractContainerReportHandler.java:updateContainerState(145)) - Container #1 is in OPEN state, but the datanode 7efb2e96-f9c3-4063-84ab-0234e1cfa3ef{ip: 192.168.34.56, host: pr-hdds-2330-xmbvw-1183399999, networkLocation: /default-rack, certSerialId: null} reports an CLOSED replica.
2019-10-18 12:50:37,712 [EventQueue-ContainerReportForContainerReportHandler] WARN  container.ContainerReportHandler (AbstractContainerReportHandler.java:updateContainerState(145)) - Container #1 is in OPEN state, but the datanode 1573a222-9ada-47a6-bc12-21286aa75403{ip: 192.168.34.56, host: pr-hdds-2330-xmbvw-1183399999, networkLocation: /default-rack, certSerialId: null} reports an CLOSED replica.
2019-10-18 12:50:37,762 [BlockDeletingService#2] WARN  background.BlockDeletingService (BlockDeletingService.java:isDeletionAllowed(187)) - Close Container log Index 6 is not replicated across allthe servers in the pipeline 18f6f15d-c63f-47db-b28d-6a6b47b3b231 as the min replicated index is 4. Deletion is not allowed in this container yet.
2019-10-18 12:50:37,762 [BlockDeletingService#2] WARN  background.BlockDeletingService (BlockDeletingService.java:isDeletionAllowed(187)) - Close Container log Index 6 is not replicated across allthe servers in the pipeline 18f6f15d-c63f-47db-b28d-6a6b47b3b231 as the min replicated index is 4. Deletion is not allowed in this container yet.
2019-10-18 12:50:37,933 [java.util.concurrent.ThreadPoolExecutor$Worker@2fa800c4[State = -1, empty queue]] WARN  server.GrpcLogAppender (GrpcLogAppender.java:timeoutAppendRequest(209)) - 1573a222-9ada-47a6-bc12-21286aa75403@group-6A6B47B3B231->791861f8-afde-4d35-9346-06d148d36ddc-GrpcLogAppender: appendEntries Timeout, request=1573a222-9ada-47a6-bc12-21286aa75403->791861f8-afde-4d35-9346-06d148d36ddc#30-t2, previous=(t:2, i:10), leaderCommit=10, initializing? false, entries: <empty>
2019-10-18 12:50:38,006 [EventQueue-ContainerReportForContainerReportHandler] WARN  container.ContainerReportHandler (AbstractContainerReportHandler.java:updateContainerState(145)) - Container #1 is in OPEN state, but the datanode 7efb2e96-f9c3-4063-84ab-0234e1cfa3ef{ip: 192.168.34.56, host: pr-hdds-2330-xmbvw-1183399999, networkLocation: /default-rack, certSerialId: null} reports an CLOSED replica.
2019-10-18 12:50:38,012 [EventQueue-ContainerReportForContainerReportHandler] WARN  container.ContainerReportHandler (AbstractContainerReportHandler.java:updateContainerState(145)) - Container #1 is in OPEN state, but the datanode 1573a222-9ada-47a6-bc12-21286aa75403{ip: 192.168.34.56, host: pr-hdds-2330-xmbvw-1183399999, networkLocation: /default-rack, certSerialId: null} reports an CLOSED replica.
2019-10-18 12:50:38,206 [EventQueue-ContainerReportForContainerReportHandler] WARN  container.ContainerReportHandler (AbstractContainerReportHandler.java:updateContainerState(145)) - Container #1 is in OPEN state, but the datanode 7efb2e96-f9c3-4063-84ab-0234e1cfa3ef{ip: 192.168.34.56, host: pr-hdds-2330-xmbvw-1183399999, networkLocation: /default-rack, certSerialId: null} reports an CLOSED replica.
2019-10-18 12:50:38,212 [EventQueue-ContainerReportForContainerReportHandler] WARN  container.ContainerReportHandler (AbstractContainerReportHandler.java:updateContainerState(145)) - Container #1 is in OPEN state, but the datanode 1573a222-9ada-47a6-bc12-21286aa75403{ip: 192.168.34.56, host: pr-hdds-2330-xmbvw-1183399999, networkLocation: /default-rack, certSerialId: null} reports an CLOSED replica.
2019-10-18 12:50:38,407 [EventQueue-ContainerReportForContainerReportHandler] WARN  container.ContainerReportHandler (AbstractContainerReportHandler.java:updateContainerState(145)) - Container #1 is in OPEN state, but the datanode 7efb2e96-f9c3-4063-84ab-0234e1cfa3ef{ip: 192.168.34.56, host: pr-hdds-2330-xmbvw-1183399999, networkLocation: /default-rack, certSerialId: null} reports an CLOSED replica.
2019-10-18 12:50:38,511 [EventQueue-ContainerReportForContainerReportHandler] WARN  container.ContainerReportHandler (AbstractContainerReportHandler.java:updateContainerState(145)) - Container #1 is in OPEN state, but the datanode 1573a222-9ada-47a6-bc12-21286aa75403{ip: 192.168.34.56, host: pr-hdds-2330-xmbvw-1183399999, networkLocation: /default-rack, certSerialId: null} reports an CLOSED replica.
2019-10-18 12:50:38,707 [EventQueue-ContainerReportForContainerReportHandler] WARN  container.ContainerReportHandler (AbstractContainerReportHandler.java:updateContainerState(145)) - Container #1 is in OPEN state, but the datanode 7efb2e96-f9c3-4063-84ab-0234e1cfa3ef{ip: 192.168.34.56, host: pr-hdds-2330-xmbvw-1183399999, networkLocation: /default-rack, certSerialId: null} reports an CLOSED replica.
2019-10-18 12:50:38,711 [EventQueue-ContainerReportForContainerReportHandler] WARN  container.ContainerReportHandler (AbstractContainerReportHandler.java:updateContainerState(145)) - Container #1 is in OPEN state, but the datanode 1573a222-9ada-47a6-bc12-21286aa75403{ip: 192.168.34.56, host: pr-hdds-2330-xmbvw-1183399999, networkLocation: /default-rack, certSerialId: null} reports an CLOSED replica.
2019-10-18 12:50:38,763 [BlockDeletingService#2] WARN  background.BlockDeletingService (BlockDeletingService.java:isDeletionAllowed(187)) - Close Container log Index 6 is not replicated across allthe servers in the pipeline 18f6f15d-c63f-47db-b28d-6a6b47b3b231 as the min replicated index is 4. Deletion is not allowed in this container yet.
2019-10-18 12:50:38,763 [BlockDeletingService#2] WARN  background.BlockDeletingService (BlockDeletingService.java:isDeletionAllowed(187)) - Close Container log Index 6 is not replicated across allthe servers in the pipeline 18f6f15d-c63f-47db-b28d-6a6b47b3b231 as the min replicated index is 4. Deletion is not allowed in this container yet.
2019-10-18 12:50:39,008 [EventQueue-ContainerReportForContainerReportHandler] WARN  container.ContainerReportHandler (AbstractContainerReportHandler.java:updateContainerState(145)) - Container #1 is in OPEN state, but the datanode 7efb2e96-f9c3-4063-84ab-0234e1cfa3ef{ip: 192.168.34.56, host: pr-hdds-2330-xmbvw-1183399999, networkLocation: /default-rack, certSerialId: null} reports an CLOSED replica.
2019-10-18 12:50:39,111 [EventQueue-ContainerReportForContainerReportHandler] WARN  container.ContainerReportHandler (AbstractContainerReportHandler.java:updateContainerState(145)) - Container #1 is in OPEN state, but the datanode 1573a222-9ada-47a6-bc12-21286aa75403{ip: 192.168.34.56, host: pr-hdds-2330-xmbvw-1183399999, networkLocation: /default-rack, certSerialId: null} reports an CLOSED replica.
2019-10-18 12:50:39,308 [EventQueue-ContainerReportForContainerReportHandler] WARN  container.ContainerReportHandler (AbstractContainerReportHandler.java:updateContainerState(145)) - Container #1 is in OPEN state, but the datanode 7efb2e96-f9c3-4063-84ab-0234e1cfa3ef{ip: 192.168.34.56, host: pr-hdds-2330-xmbvw-1183399999, networkLocation: /default-rack, certSerialId: null} reports an CLOSED replica.
2019-10-18 12:50:39,411 [EventQueue-ContainerReportForContainerReportHandler] WARN  container.ContainerReportHandler (AbstractContainerReportHandler.java:updateContainerState(145)) - Container #1 is in OPEN state, but the datanode 1573a222-9ada-47a6-bc12-21286aa75403{ip: 192.168.34.56, host: pr-hdds-2330-xmbvw-1183399999, networkLocation: /default-rack, certSerialId: null} reports an CLOSED replica.
2019-10-18 12:50:39,500 [Thread-373] INFO  client.GrpcClientProtocolService (GrpcClientProtocolService.java:lambda$processClientRequest$0(278)) - Failed RaftClientRequest:client-89547DF785DD->7efb2e96-f9c3-4063-84ab-0234e1cfa3ef@group-6A6B47B3B231, cid=10, seq=0, Watch-ALL_COMMITTED(6), Message:<EMPTY>, reply=RaftClientReply:client-89547DF785DD->7efb2e96-f9c3-4063-84ab-0234e1cfa3ef@group-6A6B47B3B231, cid=10, FAILED org.apache.ratis.protocol.NotLeaderException: Server 7efb2e96-f9c3-4063-84ab-0234e1cfa3ef@group-6A6B47B3B231 is not the leader 1573a222-9ada-47a6-bc12-21286aa75403:192.168.34.56:40119, logIndex=0, commits[7efb2e96-f9c3-4063-84ab-0234e1cfa3ef:c10, 1573a222-9ada-47a6-bc12-21286aa75403:c10, 791861f8-afde-4d35-9346-06d148d36ddc:c4]
2019-10-18 12:50:39,609 [EventQueue-ContainerReportForContainerReportHandler] WARN  container.ContainerReportHandler (AbstractContainerReportHandler.java:updateContainerState(145)) - Container #1 is in OPEN state, but the datanode 7efb2e96-f9c3-4063-84ab-0234e1cfa3ef{ip: 192.168.34.56, host: pr-hdds-2330-xmbvw-1183399999, networkLocation: /default-rack, certSerialId: null} reports an CLOSED replica.
2019-10-18 12:50:39,755 [Thread-376] INFO  client.GrpcClientProtocolService (GrpcClientProtocolService.java:lambda$processClientRequest$0(278)) - Failed RaftClientRequest:client-89547DF785DD->1573a222-9ada-47a6-bc12-21286aa75403@group-6A6B47B3B231, cid=10, seq=0, Watch-ALL_COMMITTED(6), Message:<EMPTY>, reply=RaftClientReply:client-89547DF785DD->1573a222-9ada-47a6-bc12-21286aa75403@group-6A6B47B3B231, cid=10, FAILED org.apache.ratis.protocol.NotReplicatedException: Request with call Id 10 and log index 6 is not yet replicated to ALL_COMMITTED, logIndex=6, commits[1573a222-9ada-47a6-bc12-21286aa75403:c10, 7efb2e96-f9c3-4063-84ab-0234e1cfa3ef:c10, 791861f8-afde-4d35-9346-06d148d36ddc:c4]
2019-10-18 12:50:39,764 [BlockDeletingService#2] WARN  background.BlockDeletingService (BlockDeletingService.java:isDeletionAllowed(187)) - Close Container log Index 6 is not replicated across allthe servers in the pipeline 18f6f15d-c63f-47db-b28d-6a6b47b3b231 as the min replicated index is 4. Deletion is not allowed in this container yet.
2019-10-18 12:50:39,765 [BlockDeletingService#2] WARN  background.BlockDeletingService (BlockDeletingService.java:isDeletionAllowed(187)) - Close Container log Index 6 is not replicated across allthe servers in the pipeline 18f6f15d-c63f-47db-b28d-6a6b47b3b231 as the min replicated index is 4. Deletion is not allowed in this container yet.
2019-10-18 12:50:39,808 [EventQueue-ContainerReportForContainerReportHandler] WARN  container.ContainerReportHandler (AbstractContainerReportHandler.java:updateContainerState(145)) - Container #1 is in OPEN state, but the datanode 7efb2e96-f9c3-4063-84ab-0234e1cfa3ef{ip: 192.168.34.56, host: pr-hdds-2330-xmbvw-1183399999, networkLocation: /default-rack, certSerialId: null} reports an CLOSED replica.
2019-10-18 12:50:39,811 [EventQueue-ContainerReportForContainerReportHandler] WARN  container.ContainerReportHandler (AbstractContainerReportHandler.java:updateContainerState(145)) - Container #1 is in OPEN state, but the datanode 1573a222-9ada-47a6-bc12-21286aa75403{ip: 192.168.34.56, host: pr-hdds-2330-xmbvw-1183399999, networkLocation: /default-rack, certSerialId: null} reports an CLOSED replica.
2019-10-18 12:50:40,112 [EventQueue-ContainerReportForContainerReportHandler] WARN  container.ContainerReportHandler (AbstractContainerReportHandler.java:updateContainerState(145)) - Container #1 is in OPEN state, but the datanode 1573a222-9ada-47a6-bc12-21286aa75403{ip: 192.168.34.56, host: pr-hdds-2330-xmbvw-1183399999, networkLocation: /default-rack, certSerialId: null} reports an CLOSED replica.
2019-10-18 12:50:40,208 [EventQueue-ContainerReportForContainerReportHandler] WARN  container.ContainerReportHandler (AbstractContainerReportHandler.java:updateContainerState(145)) - Container #1 is in OPEN state, but the datanode 7efb2e96-f9c3-4063-84ab-0234e1cfa3ef{ip: 192.168.34.56, host: pr-hdds-2330-xmbvw-1183399999, networkLocation: /default-rack, certSerialId: null} reports an CLOSED replica.
2019-10-18 12:50:40,411 [EventQueue-ContainerReportForContainerReportHandler] WARN  container.ContainerReportHandler (AbstractContainerReportHandler.java:updateContainerState(145)) - Container #1 is in OPEN state, but the datanode 1573a222-9ada-47a6-bc12-21286aa75403{ip: 192.168.34.56, host: pr-hdds-2330-xmbvw-1183399999, networkLocation: /default-rack, certSerialId: null} reports an CLOSED replica.
2019-10-18 12:50:40,435 [java.util.concurrent.ThreadPoolExecutor$Worker@2fa800c4[State = -1, empty queue]] WARN  server.GrpcLogAppender (GrpcLogAppender.java:timeoutAppendRequest(209)) - 1573a222-9ada-47a6-bc12-21286aa75403@group-6A6B47B3B231->791861f8-afde-4d35-9346-06d148d36ddc-GrpcLogAppender: appendEntries Timeout, request=1573a222-9ada-47a6-bc12-21286aa75403->791861f8-afde-4d35-9346-06d148d36ddc#31-t2, previous=(t:2, i:10), leaderCommit=10, initializing? false, entries: <empty>
2019-10-18 12:50:40,509 [EventQueue-ContainerReportForContainerReportHandler] WARN  container.ContainerReportHandler (AbstractContainerReportHandler.java:updateContainerState(145)) - Container #1 is in OPEN state, but the datanode 7efb2e96-f9c3-4063-84ab-0234e1cfa3ef{ip: 192.168.34.56, host: pr-hdds-2330-xmbvw-1183399999, networkLocation: /default-rack, certSerialId: null} reports an CLOSED replica.
2019-10-18 12:50:40,611 [EventQueue-ContainerReportForContainerReportHandler] WARN  container.ContainerReportHandler (AbstractContainerReportHandler.java:updateContainerState(145)) - Container #1 is in OPEN state, but the datanode 1573a222-9ada-47a6-bc12-21286aa75403{ip: 192.168.34.56, host: pr-hdds-2330-xmbvw-1183399999, networkLocation: /default-rack, certSerialId: null} reports an CLOSED replica.
2019-10-18 12:50:40,767 [BlockDeletingService#2] WARN  background.BlockDeletingService (BlockDeletingService.java:isDeletionAllowed(187)) - Close Container log Index 6 is not replicated across allthe servers in the pipeline 18f6f15d-c63f-47db-b28d-6a6b47b3b231 as the min replicated index is 4. Deletion is not allowed in this container yet.
2019-10-18 12:50:40,768 [BlockDeletingService#2] WARN  background.BlockDeletingService (BlockDeletingService.java:isDeletionAllowed(187)) - Close Container log Index 6 is not replicated across allthe servers in the pipeline 18f6f15d-c63f-47db-b28d-6a6b47b3b231 as the min replicated index is 4. Deletion is not allowed in this container yet.
2019-10-18 12:50:40,809 [EventQueue-ContainerReportForContainerReportHandler] WARN  container.ContainerReportHandler (AbstractContainerReportHandler.java:updateContainerState(145)) - Container #1 is in OPEN state, but the datanode 7efb2e96-f9c3-4063-84ab-0234e1cfa3ef{ip: 192.168.34.56, host: pr-hdds-2330-xmbvw-1183399999, networkLocation: /default-rack, certSerialId: null} reports an CLOSED replica.
2019-10-18 12:50:40,911 [EventQueue-ContainerReportForContainerReportHandler] WARN  container.ContainerReportHandler (AbstractContainerReportHandler.java:updateContainerState(145)) - Container #1 is in OPEN state, but the datanode 1573a222-9ada-47a6-bc12-21286aa75403{ip: 192.168.34.56, host: pr-hdds-2330-xmbvw-1183399999, networkLocation: /default-rack, certSerialId: null} reports an CLOSED replica.
2019-10-18 12:50:41,112 [EventQueue-ContainerReportForContainerReportHandler] WARN  container.ContainerReportHandler (AbstractContainerReportHandler.java:updateContainerState(145)) - Container #1 is in OPEN state, but the datanode 1573a222-9ada-47a6-bc12-21286aa75403{ip: 192.168.34.56, host: pr-hdds-2330-xmbvw-1183399999, networkLocation: /default-rack, certSerialId: null} reports an CLOSED replica.
2019-10-18 12:50:41,210 [EventQueue-ContainerReportForContainerReportHandler] WARN  container.ContainerReportHandler (AbstractContainerReportHandler.java:updateContainerState(145)) - Container #1 is in OPEN state, but the datanode 7efb2e96-f9c3-4063-84ab-0234e1cfa3ef{ip: 192.168.34.56, host: pr-hdds-2330-xmbvw-1183399999, networkLocation: /default-rack, certSerialId: null} reports an CLOSED replica.
2019-10-18 12:50:41,409 [EventQueue-ContainerReportForContainerReportHandler] WARN  container.ContainerReportHandler (AbstractContainerReportHandler.java:updateContainerState(145)) - Container #1 is in OPEN state, but the datanode 7efb2e96-f9c3-4063-84ab-0234e1cfa3ef{ip: 192.168.34.56, host: pr-hdds-2330-xmbvw-1183399999, networkLocation: /default-rack, certSerialId: null} reports an CLOSED replica.
2019-10-18 12:50:41,412 [EventQueue-ContainerReportForContainerReportHandler] WARN  container.ContainerReportHandler (AbstractContainerReportHandler.java:updateContainerState(145)) - Container #1 is in OPEN state, but the datanode 1573a222-9ada-47a6-bc12-21286aa75403{ip: 192.168.34.56, host: pr-hdds-2330-xmbvw-1183399999, networkLocation: /default-rack, certSerialId: null} reports an CLOSED replica.
2019-10-18 12:50:41,712 [EventQueue-ContainerReportForContainerReportHandler] WARN  container.ContainerReportHandler (AbstractContainerReportHandler.java:updateContainerState(145)) - Container #1 is in OPEN state, but the datanode 1573a222-9ada-47a6-bc12-21286aa75403{ip: 192.168.34.56, host: pr-hdds-2330-xmbvw-1183399999, networkLocation: /default-rack, certSerialId: null} reports an CLOSED replica.
2019-10-18 12:50:41,768 [BlockDeletingService#2] WARN  background.BlockDeletingService (BlockDeletingService.java:isDeletionAllowed(187)) - Close Container log Index 6 is not replicated across allthe servers in the pipeline 18f6f15d-c63f-47db-b28d-6a6b47b3b231 as the min replicated index is 4. Deletion is not allowed in this container yet.
2019-10-18 12:50:41,769 [BlockDeletingService#2] WARN  background.BlockDeletingService (BlockDeletingService.java:isDeletionAllowed(187)) - Close Container log Index 6 is not replicated across allthe servers in the pipeline 18f6f15d-c63f-47db-b28d-6a6b47b3b231 as the min replicated index is 4. Deletion is not allowed in this container yet.
2019-10-18 12:50:41,810 [EventQueue-ContainerReportForContainerReportHandler] WARN  container.ContainerReportHandler (AbstractContainerReportHandler.java:updateContainerState(145)) - Container #1 is in OPEN state, but the datanode 7efb2e96-f9c3-4063-84ab-0234e1cfa3ef{ip: 192.168.34.56, host: pr-hdds-2330-xmbvw-1183399999, networkLocation: /default-rack, certSerialId: null} reports an CLOSED replica.
2019-10-18 12:50:42,009 [EventQueue-ContainerReportForContainerReportHandler] WARN  container.ContainerReportHandler (AbstractContainerReportHandler.java:updateContainerState(145)) - Container #1 is in OPEN state, but the datanode 7efb2e96-f9c3-4063-84ab-0234e1cfa3ef{ip: 192.168.34.56, host: pr-hdds-2330-xmbvw-1183399999, networkLocation: /default-rack, certSerialId: null} reports an CLOSED replica.
2019-10-18 12:50:42,012 [EventQueue-ContainerReportForContainerReportHandler] WARN  container.ContainerReportHandler (AbstractContainerReportHandler.java:updateContainerState(145)) - Container #1 is in OPEN state, but the datanode 1573a222-9ada-47a6-bc12-21286aa75403{ip: 192.168.34.56, host: pr-hdds-2330-xmbvw-1183399999, networkLocation: /default-rack, certSerialId: null} reports an CLOSED replica.
2019-10-18 12:50:42,310 [EventQueue-ContainerReportForContainerReportHandler] WARN  container.ContainerReportHandler (AbstractContainerReportHandler.java:updateContainerState(145)) - Container #1 is in OPEN state, but the datanode 7efb2e96-f9c3-4063-84ab-0234e1cfa3ef{ip: 192.168.34.56, host: pr-hdds-2330-xmbvw-1183399999, networkLocation: /default-rack, certSerialId: null} reports an CLOSED replica.
2019-10-18 12:50:42,314 [EventQueue-ContainerReportForContainerReportHandler] WARN  container.ContainerReportHandler (AbstractContainerReportHandler.java:updateContainerState(145)) - Container #1 is in OPEN state, but the datanode 1573a222-9ada-47a6-bc12-21286aa75403{ip: 192.168.34.56, host: pr-hdds-2330-xmbvw-1183399999, networkLocation: /default-rack, certSerialId: null} reports an CLOSED replica.
2019-10-18 12:50:42,510 [EventQueue-ContainerReportForContainerReportHandler] WARN  container.ContainerReportHandler (AbstractContainerReportHandler.java:updateContainerState(145)) - Container #1 is in OPEN state, but the datanode 7efb2e96-f9c3-4063-84ab-0234e1cfa3ef{ip: 192.168.34.56, host: pr-hdds-2330-xmbvw-1183399999, networkLocation: /default-rack, certSerialId: null} reports an CLOSED replica.
2019-10-18 12:50:42,614 [EventQueue-ContainerReportForContainerReportHandler] WARN  container.ContainerReportHandler (AbstractContainerReportHandler.java:updateContainerState(145)) - Container #1 is in OPEN state, but the datanode 1573a222-9ada-47a6-bc12-21286aa75403{ip: 192.168.34.56, host: pr-hdds-2330-xmbvw-1183399999, networkLocation: /default-rack, certSerialId: null} reports an CLOSED replica.
2019-10-18 12:50:42,711 [EventQueue-ContainerReportForContainerReportHandler] WARN  container.ContainerReportHandler (AbstractContainerReportHandler.java:updateContainerState(145)) - Container #1 is in OPEN state, but the datanode 7efb2e96-f9c3-4063-84ab-0234e1cfa3ef{ip: 192.168.34.56, host: pr-hdds-2330-xmbvw-1183399999, networkLocation: /default-rack, certSerialId: null} reports an CLOSED replica.
2019-10-18 12:50:42,770 [BlockDeletingService#2] WARN  background.BlockDeletingService (BlockDeletingService.java:isDeletionAllowed(187)) - Close Container log Index 6 is not replicated across allthe servers in the pipeline 18f6f15d-c63f-47db-b28d-6a6b47b3b231 as the min replicated index is 4. Deletion is not allowed in this container yet.
2019-10-18 12:50:42,771 [BlockDeletingService#2] WARN  background.BlockDeletingService (BlockDeletingService.java:isDeletionAllowed(187)) - Close Container log Index 6 is not replicated across allthe servers in the pipeline 18f6f15d-c63f-47db-b28d-6a6b47b3b231 as the min replicated index is 4. Deletion is not allowed in this container yet.
2019-10-18 12:50:42,911 [EventQueue-ContainerReportForContainerReportHandler] WARN  container.ContainerReportHandler (AbstractContainerReportHandler.java:updateContainerState(145)) - Container #1 is in OPEN state, but the datanode 7efb2e96-f9c3-4063-84ab-0234e1cfa3ef{ip: 192.168.34.56, host: pr-hdds-2330-xmbvw-1183399999, networkLocation: /default-rack, certSerialId: null} reports an CLOSED replica.
2019-10-18 12:50:42,913 [EventQueue-ContainerReportForContainerReportHandler] WARN  container.ContainerReportHandler (AbstractContainerReportHandler.java:updateContainerState(145)) - Container #1 is in OPEN state, but the datanode 1573a222-9ada-47a6-bc12-21286aa75403{ip: 192.168.34.56, host: pr-hdds-2330-xmbvw-1183399999, networkLocation: /default-rack, certSerialId: null} reports an CLOSED replica.
2019-10-18 12:50:42,936 [java.util.concurrent.ThreadPoolExecutor$Worker@2fa800c4[State = -1, empty queue]] WARN  server.GrpcLogAppender (GrpcLogAppender.java:timeoutAppendRequest(209)) - 1573a222-9ada-47a6-bc12-21286aa75403@group-6A6B47B3B231->791861f8-afde-4d35-9346-06d148d36ddc-GrpcLogAppender: appendEntries Timeout, request=1573a222-9ada-47a6-bc12-21286aa75403->791861f8-afde-4d35-9346-06d148d36ddc#32-t2, previous=(t:2, i:10), leaderCommit=10, initializing? false, entries: <empty>
2019-10-18 12:50:43,211 [EventQueue-ContainerReportForContainerReportHandler] WARN  container.ContainerReportHandler (AbstractContainerReportHandler.java:updateContainerState(145)) - Container #1 is in OPEN state, but the datanode 7efb2e96-f9c3-4063-84ab-0234e1cfa3ef{ip: 192.168.34.56, host: pr-hdds-2330-xmbvw-1183399999, networkLocation: /default-rack, certSerialId: null} reports an CLOSED replica.
2019-10-18 12:50:43,213 [EventQueue-ContainerReportForContainerReportHandler] WARN  container.ContainerReportHandler (AbstractContainerReportHandler.java:updateContainerState(145)) - Container #1 is in OPEN state, but the datanode 1573a222-9ada-47a6-bc12-21286aa75403{ip: 192.168.34.56, host: pr-hdds-2330-xmbvw-1183399999, networkLocation: /default-rack, certSerialId: null} reports an CLOSED replica.
2019-10-18 12:50:43,511 [EventQueue-ContainerReportForContainerReportHandler] WARN  container.ContainerReportHandler (AbstractContainerReportHandler.java:updateContainerState(145)) - Container #1 is in OPEN state, but the datanode 7efb2e96-f9c3-4063-84ab-0234e1cfa3ef{ip: 192.168.34.56, host: pr-hdds-2330-xmbvw-1183399999, networkLocation: /default-rack, certSerialId: null} reports an CLOSED replica.
2019-10-18 12:50:43,614 [EventQueue-ContainerReportForContainerReportHandler] WARN  container.ContainerReportHandler (AbstractContainerReportHandler.java:updateContainerState(145)) - Container #1 is in OPEN state, but the datanode 1573a222-9ada-47a6-bc12-21286aa75403{ip: 192.168.34.56, host: pr-hdds-2330-xmbvw-1183399999, networkLocation: /default-rack, certSerialId: null} reports an CLOSED replica.
2019-10-18 12:50:43,772 [BlockDeletingService#2] WARN  background.BlockDeletingService (BlockDeletingService.java:isDeletionAllowed(187)) - Close Container log Index 6 is not replicated across allthe servers in the pipeline 18f6f15d-c63f-47db-b28d-6a6b47b3b231 as the min replicated index is 4. Deletion is not allowed in this container yet.
2019-10-18 12:50:43,772 [BlockDeletingService#2] WARN  background.BlockDeletingService (BlockDeletingService.java:isDeletionAllowed(187)) - Close Container log Index 6 is not replicated across allthe servers in the pipeline 18f6f15d-c63f-47db-b28d-6a6b47b3b231 as the min replicated index is 4. Deletion is not allowed in this container yet.
2019-10-18 12:50:43,910 [EventQueue-ContainerReportForContainerReportHandler] WARN  container.ContainerReportHandler (AbstractContainerReportHandler.java:updateContainerState(145)) - Container #1 is in OPEN state, but the datanode 7efb2e96-f9c3-4063-84ab-0234e1cfa3ef{ip: 192.168.34.56, host: pr-hdds-2330-xmbvw-1183399999, networkLocation: /default-rack, certSerialId: null} reports an CLOSED replica.
2019-10-18 12:50:44,016 [EventQueue-ContainerReportForContainerReportHandler] WARN  container.ContainerReportHandler (AbstractContainerReportHandler.java:updateContainerState(145)) - Container #1 is in OPEN state, but the datanode 1573a222-9ada-47a6-bc12-21286aa75403{ip: 192.168.34.56, host: pr-hdds-2330-xmbvw-1183399999, networkLocation: /default-rack, certSerialId: null} reports an CLOSED replica.
2019-10-18 12:50:44,210 [EventQueue-ContainerReportForContainerReportHandler] WARN  container.ContainerReportHandler (AbstractContainerReportHandler.java:updateContainerState(145)) - Container #1 is in OPEN state, but the datanode 7efb2e96-f9c3-4063-84ab-0234e1cfa3ef{ip: 192.168.34.56, host: pr-hdds-2330-xmbvw-1183399999, networkLocation: /default-rack, certSerialId: null} reports an CLOSED replica.
2019-10-18 12:50:44,316 [EventQueue-ContainerReportForContainerReportHandler] WARN  container.ContainerReportHandler (AbstractContainerReportHandler.java:updateContainerState(145)) - Container #1 is in OPEN state, but the datanode 1573a222-9ada-47a6-bc12-21286aa75403{ip: 192.168.34.56, host: pr-hdds-2330-xmbvw-1183399999, networkLocation: /default-rack, certSerialId: null} reports an CLOSED replica.
2019-10-18 12:50:44,515 [EventQueue-ContainerReportForContainerReportHandler] WARN  container.ContainerReportHandler (AbstractContainerReportHandler.java:updateContainerState(145)) - Container #1 is in OPEN state, but the datanode 1573a222-9ada-47a6-bc12-21286aa75403{ip: 192.168.34.56, host: pr-hdds-2330-xmbvw-1183399999, networkLocation: /default-rack, certSerialId: null} reports an CLOSED replica.
2019-10-18 12:50:44,611 [EventQueue-ContainerReportForContainerReportHandler] WARN  container.ContainerReportHandler (AbstractContainerReportHandler.java:updateContainerState(145)) - Container #1 is in OPEN state, but the datanode 7efb2e96-f9c3-4063-84ab-0234e1cfa3ef{ip: 192.168.34.56, host: pr-hdds-2330-xmbvw-1183399999, networkLocation: /default-rack, certSerialId: null} reports an CLOSED replica.
2019-10-18 12:50:44,775 [BlockDeletingService#2] WARN  background.BlockDeletingService (BlockDeletingService.java:isDeletionAllowed(187)) - Close Container log Index 6 is not replicated across allthe servers in the pipeline 18f6f15d-c63f-47db-b28d-6a6b47b3b231 as the min replicated index is 4. Deletion is not allowed in this container yet.
2019-10-18 12:50:44,775 [BlockDeletingService#2] WARN  background.BlockDeletingService (BlockDeletingService.java:isDeletionAllowed(187)) - Close Container log Index 6 is not replicated across allthe servers in the pipeline 18f6f15d-c63f-47db-b28d-6a6b47b3b231 as the min replicated index is 4. Deletion is not allowed in this container yet.
2019-10-18 12:50:44,815 [EventQueue-ContainerReportForContainerReportHandler] WARN  container.ContainerReportHandler (AbstractContainerReportHandler.java:updateContainerState(145)) - Container #1 is in OPEN state, but the datanode 1573a222-9ada-47a6-bc12-21286aa75403{ip: 192.168.34.56, host: pr-hdds-2330-xmbvw-1183399999, networkLocation: /default-rack, certSerialId: null} reports an CLOSED replica.
2019-10-18 12:50:44,911 [EventQueue-ContainerReportForContainerReportHandler] WARN  container.ContainerReportHandler (AbstractContainerReportHandler.java:updateContainerState(145)) - Container #1 is in OPEN state, but the datanode 7efb2e96-f9c3-4063-84ab-0234e1cfa3ef{ip: 192.168.34.56, host: pr-hdds-2330-xmbvw-1183399999, networkLocation: /default-rack, certSerialId: null} reports an CLOSED replica.
2019-10-18 12:50:45,116 [EventQueue-ContainerReportForContainerReportHandler] WARN  container.ContainerReportHandler (AbstractContainerReportHandler.java:updateContainerState(145)) - Container #1 is in OPEN state, but the datanode 1573a222-9ada-47a6-bc12-21286aa75403{ip: 192.168.34.56, host: pr-hdds-2330-xmbvw-1183399999, networkLocation: /default-rack, certSerialId: null} reports an CLOSED replica.
2019-10-18 12:50:45,212 [EventQueue-ContainerReportForContainerReportHandler] WARN  container.ContainerReportHandler (AbstractContainerReportHandler.java:updateContainerState(145)) - Container #1 is in OPEN state, but the datanode 7efb2e96-f9c3-4063-84ab-0234e1cfa3ef{ip: 192.168.34.56, host: pr-hdds-2330-xmbvw-1183399999, networkLocation: /default-rack, certSerialId: null} reports an CLOSED replica.
2019-10-18 12:50:45,317 [EventQueue-ContainerReportForContainerReportHandler] WARN  container.ContainerReportHandler (AbstractContainerReportHandler.java:updateContainerState(145)) - Container #1 is in OPEN state, but the datanode 1573a222-9ada-47a6-bc12-21286aa75403{ip: 192.168.34.56, host: pr-hdds-2330-xmbvw-1183399999, networkLocation: /default-rack, certSerialId: null} reports an CLOSED replica.
2019-10-18 12:50:45,436 [java.util.concurrent.ThreadPoolExecutor$Worker@2fa800c4[State = -1, empty queue]] WARN  server.GrpcLogAppender (GrpcLogAppender.java:timeoutAppendRequest(209)) - 1573a222-9ada-47a6-bc12-21286aa75403@group-6A6B47B3B231->791861f8-afde-4d35-9346-06d148d36ddc-GrpcLogAppender: appendEntries Timeout, request=1573a222-9ada-47a6-bc12-21286aa75403->791861f8-afde-4d35-9346-06d148d36ddc#33-t2, previous=(t:2, i:10), leaderCommit=10, initializing? false, entries: <empty>
2019-10-18 12:50:45,512 [EventQueue-ContainerReportForContainerReportHandler] WARN  container.ContainerReportHandler (AbstractContainerReportHandler.java:updateContainerState(145)) - Container #1 is in OPEN state, but the datanode 7efb2e96-f9c3-4063-84ab-0234e1cfa3ef{ip: 192.168.34.56, host: pr-hdds-2330-xmbvw-1183399999, networkLocation: /default-rack, certSerialId: null} reports an CLOSED replica.
2019-10-18 12:50:45,719 [EventQueue-ContainerReportForContainerReportHandler] WARN  container.ContainerReportHandler (AbstractContainerReportHandler.java:updateContainerState(145)) - Container #1 is in OPEN state, but the datanode 1573a222-9ada-47a6-bc12-21286aa75403{ip: 192.168.34.56, host: pr-hdds-2330-xmbvw-1183399999, networkLocation: /default-rack, certSerialId: null} reports an CLOSED replica.
2019-10-18 12:50:45,777 [BlockDeletingService#2] WARN  background.BlockDeletingService (BlockDeletingService.java:isDeletionAllowed(187)) - Close Container log Index 6 is not replicated across allthe servers in the pipeline 18f6f15d-c63f-47db-b28d-6a6b47b3b231 as the min replicated index is 4. Deletion is not allowed in this container yet.
2019-10-18 12:50:45,777 [BlockDeletingService#2] WARN  background.BlockDeletingService (BlockDeletingService.java:isDeletionAllowed(187)) - Close Container log Index 6 is not replicated across allthe servers in the pipeline 18f6f15d-c63f-47db-b28d-6a6b47b3b231 as the min replicated index is 4. Deletion is not allowed in this container yet.
2019-10-18 12:50:45,812 [EventQueue-ContainerReportForContainerReportHandler] WARN  container.ContainerReportHandler (AbstractContainerReportHandler.java:updateContainerState(145)) - Container #1 is in OPEN state, but the datanode 7efb2e96-f9c3-4063-84ab-0234e1cfa3ef{ip: 192.168.34.56, host: pr-hdds-2330-xmbvw-1183399999, networkLocation: /default-rack, certSerialId: null} reports an CLOSED replica.
2019-10-18 12:50:46,114 [EventQueue-ContainerReportForContainerReportHandler] WARN  container.ContainerReportHandler (AbstractContainerReportHandler.java:updateContainerState(145)) - Container #1 is in OPEN state, but the datanode 7efb2e96-f9c3-4063-84ab-0234e1cfa3ef{ip: 192.168.34.56, host: pr-hdds-2330-xmbvw-1183399999, networkLocation: /default-rack, certSerialId: null} reports an CLOSED replica.
2019-10-18 12:50:46,119 [EventQueue-ContainerReportForContainerReportHandler] WARN  container.ContainerReportHandler (AbstractContainerReportHandler.java:updateContainerState(145)) - Container #1 is in OPEN state, but the datanode 1573a222-9ada-47a6-bc12-21286aa75403{ip: 192.168.34.56, host: pr-hdds-2330-xmbvw-1183399999, networkLocation: /default-rack, certSerialId: null} reports an CLOSED replica.
2019-10-18 12:50:46,413 [EventQueue-ContainerReportForContainerReportHandler] WARN  container.ContainerReportHandler (AbstractContainerReportHandler.java:updateContainerState(145)) - Container #1 is in OPEN state, but the datanode 7efb2e96-f9c3-4063-84ab-0234e1cfa3ef{ip: 192.168.34.56, host: pr-hdds-2330-xmbvw-1183399999, networkLocation: /default-rack, certSerialId: null} reports an CLOSED replica.
2019-10-18 12:50:46,518 [EventQueue-ContainerReportForContainerReportHandler] WARN  container.ContainerReportHandler (AbstractContainerReportHandler.java:updateContainerState(145)) - Container #1 is in OPEN state, but the datanode 1573a222-9ada-47a6-bc12-21286aa75403{ip: 192.168.34.56, host: pr-hdds-2330-xmbvw-1183399999, networkLocation: /default-rack, certSerialId: null} reports an CLOSED replica.
2019-10-18 12:50:46,713 [EventQueue-ContainerReportForContainerReportHandler] WARN  container.ContainerReportHandler (AbstractContainerReportHandler.java:updateContainerState(145)) - Container #1 is in OPEN state, but the datanode 7efb2e96-f9c3-4063-84ab-0234e1cfa3ef{ip: 192.168.34.56, host: pr-hdds-2330-xmbvw-1183399999, networkLocation: /default-rack, certSerialId: null} reports an CLOSED replica.
2019-10-18 12:50:46,718 [EventQueue-ContainerReportForContainerReportHandler] WARN  container.ContainerReportHandler (AbstractContainerReportHandler.java:updateContainerState(145)) - Container #1 is in OPEN state, but the datanode 1573a222-9ada-47a6-bc12-21286aa75403{ip: 192.168.34.56, host: pr-hdds-2330-xmbvw-1183399999, networkLocation: /default-rack, certSerialId: null} reports an CLOSED replica.
2019-10-18 12:50:46,781 [BlockDeletingService#2] WARN  background.BlockDeletingService (BlockDeletingService.java:isDeletionAllowed(187)) - Close Container log Index 6 is not replicated across allthe servers in the pipeline 18f6f15d-c63f-47db-b28d-6a6b47b3b231 as the min replicated index is 4. Deletion is not allowed in this container yet.
2019-10-18 12:50:46,781 [BlockDeletingService#2] WARN  background.BlockDeletingService (BlockDeletingService.java:isDeletionAllowed(187)) - Close Container log Index 6 is not replicated across allthe servers in the pipeline 18f6f15d-c63f-47db-b28d-6a6b47b3b231 as the min replicated index is 4. Deletion is not allowed in this container yet.
2019-10-18 12:50:46,918 [EventQueue-ContainerReportForContainerReportHandler] WARN  container.ContainerReportHandler (AbstractContainerReportHandler.java:updateContainerState(145)) - Container #1 is in OPEN state, but the datanode 1573a222-9ada-47a6-bc12-21286aa75403{ip: 192.168.34.56, host: pr-hdds-2330-xmbvw-1183399999, networkLocation: /default-rack, certSerialId: null} reports an CLOSED replica.
2019-10-18 12:50:47,115 [EventQueue-ContainerReportForContainerReportHandler] WARN  container.ContainerReportHandler (AbstractContainerReportHandler.java:updateContainerState(145)) - Container #1 is in OPEN state, but the datanode 7efb2e96-f9c3-4063-84ab-0234e1cfa3ef{ip: 192.168.34.56, host: pr-hdds-2330-xmbvw-1183399999, networkLocation: /default-rack, certSerialId: null} reports an CLOSED replica.
2019-10-18 12:50:47,219 [EventQueue-ContainerReportForContainerReportHandler] WARN  container.ContainerReportHandler (AbstractContainerReportHandler.java:updateContainerState(145)) - Container #1 is in OPEN state, but the datanode 1573a222-9ada-47a6-bc12-21286aa75403{ip: 192.168.34.56, host: pr-hdds-2330-xmbvw-1183399999, networkLocation: /default-rack, certSerialId: null} reports an CLOSED replica.
2019-10-18 12:50:47,515 [EventQueue-ContainerReportForContainerReportHandler] WARN  container.ContainerReportHandler (AbstractContainerReportHandler.java:updateContainerState(145)) - Container #1 is in OPEN state, but the datanode 7efb2e96-f9c3-4063-84ab-0234e1cfa3ef{ip: 192.168.34.56, host: pr-hdds-2330-xmbvw-1183399999, networkLocation: /default-rack, certSerialId: null} reports an CLOSED replica.
2019-10-18 12:50:47,619 [EventQueue-ContainerReportForContainerReportHandler] WARN  container.ContainerReportHandler (AbstractContainerReportHandler.java:updateContainerState(145)) - Container #1 is in OPEN state, but the datanode 1573a222-9ada-47a6-bc12-21286aa75403{ip: 192.168.34.56, host: pr-hdds-2330-xmbvw-1183399999, networkLocation: /default-rack, certSerialId: null} reports an CLOSED replica.
2019-10-18 12:50:47,715 [EventQueue-ContainerReportForContainerReportHandler] WARN  container.ContainerReportHandler (AbstractContainerReportHandler.java:updateContainerState(145)) - Container #1 is in OPEN state, but the datanode 7efb2e96-f9c3-4063-84ab-0234e1cfa3ef{ip: 192.168.34.56, host: pr-hdds-2330-xmbvw-1183399999, networkLocation: /default-rack, certSerialId: null} reports an CLOSED replica.
2019-10-18 12:50:47,782 [BlockDeletingService#2] WARN  background.BlockDeletingService (BlockDeletingService.java:isDeletionAllowed(187)) - Close Container log Index 6 is not replicated across allthe servers in the pipeline 18f6f15d-c63f-47db-b28d-6a6b47b3b231 as the min replicated index is 4. Deletion is not allowed in this container yet.
2019-10-18 12:50:47,782 [BlockDeletingService#2] WARN  background.BlockDeletingService (BlockDeletingService.java:isDeletionAllowed(187)) - Close Container log Index 6 is not replicated across allthe servers in the pipeline 18f6f15d-c63f-47db-b28d-6a6b47b3b231 as the min replicated index is 4. Deletion is not allowed in this container yet.
2019-10-18 12:50:47,939 [java.util.concurrent.ThreadPoolExecutor$Worker@2fa800c4[State = -1, empty queue]] WARN  server.GrpcLogAppender (GrpcLogAppender.java:timeoutAppendRequest(209)) - 1573a222-9ada-47a6-bc12-21286aa75403@group-6A6B47B3B231->791861f8-afde-4d35-9346-06d148d36ddc-GrpcLogAppender: appendEntries Timeout, request=1573a222-9ada-47a6-bc12-21286aa75403->791861f8-afde-4d35-9346-06d148d36ddc#34-t2, previous=(t:2, i:10), leaderCommit=10, initializing? false, entries: <empty>
2019-10-18 12:50:48,018 [EventQueue-ContainerReportForContainerReportHandler] WARN  container.ContainerReportHandler (AbstractContainerReportHandler.java:updateContainerState(145)) - Container #1 is in OPEN state, but the datanode 1573a222-9ada-47a6-bc12-21286aa75403{ip: 192.168.34.56, host: pr-hdds-2330-xmbvw-1183399999, networkLocation: /default-rack, certSerialId: null} reports an CLOSED replica.
2019-10-18 12:50:48,115 [EventQueue-ContainerReportForContainerReportHandler] WARN  container.ContainerReportHandler (AbstractContainerReportHandler.java:updateContainerState(145)) - Container #1 is in OPEN state, but the datanode 7efb2e96-f9c3-4063-84ab-0234e1cfa3ef{ip: 192.168.34.56, host: pr-hdds-2330-xmbvw-1183399999, networkLocation: /default-rack, certSerialId: null} reports an CLOSED replica.
2019-10-18 12:50:48,315 [EventQueue-ContainerReportForContainerReportHandler] WARN  container.ContainerReportHandler (AbstractContainerReportHandler.java:updateContainerState(145)) - Container #1 is in OPEN state, but the datanode 7efb2e96-f9c3-4063-84ab-0234e1cfa3ef{ip: 192.168.34.56, host: pr-hdds-2330-xmbvw-1183399999, networkLocation: /default-rack, certSerialId: null} reports an CLOSED replica.
2019-10-18 12:50:48,419 [EventQueue-ContainerReportForContainerReportHandler] WARN  container.ContainerReportHandler (AbstractContainerReportHandler.java:updateContainerState(145)) - Container #1 is in OPEN state, but the datanode 1573a222-9ada-47a6-bc12-21286aa75403{ip: 192.168.34.56, host: pr-hdds-2330-xmbvw-1183399999, networkLocation: /default-rack, certSerialId: null} reports an CLOSED replica.
2019-10-18 12:50:48,615 [EventQueue-ContainerReportForContainerReportHandler] WARN  container.ContainerReportHandler (AbstractContainerReportHandler.java:updateContainerState(145)) - Container #1 is in OPEN state, but the datanode 7efb2e96-f9c3-4063-84ab-0234e1cfa3ef{ip: 192.168.34.56, host: pr-hdds-2330-xmbvw-1183399999, networkLocation: /default-rack, certSerialId: null} reports an CLOSED replica.
2019-10-18 12:50:48,718 [EventQueue-ContainerReportForContainerReportHandler] WARN  container.ContainerReportHandler (AbstractContainerReportHandler.java:updateContainerState(145)) - Container #1 is in OPEN state, but the datanode 1573a222-9ada-47a6-bc12-21286aa75403{ip: 192.168.34.56, host: pr-hdds-2330-xmbvw-1183399999, networkLocation: /default-rack, certSerialId: null} reports an CLOSED replica.
2019-10-18 12:50:48,783 [BlockDeletingService#2] WARN  background.BlockDeletingService (BlockDeletingService.java:isDeletionAllowed(187)) - Close Container log Index 6 is not replicated across allthe servers in the pipeline 18f6f15d-c63f-47db-b28d-6a6b47b3b231 as the min replicated index is 4. Deletion is not allowed in this container yet.
2019-10-18 12:50:48,783 [BlockDeletingService#2] WARN  background.BlockDeletingService (BlockDeletingService.java:isDeletionAllowed(187)) - Close Container log Index 6 is not replicated across allthe servers in the pipeline 18f6f15d-c63f-47db-b28d-6a6b47b3b231 as the min replicated index is 4. Deletion is not allowed in this container yet.
2019-10-18 12:50:48,815 [EventQueue-ContainerReportForContainerReportHandler] WARN  container.ContainerReportHandler (AbstractContainerReportHandler.java:updateContainerState(145)) - Container #1 is in OPEN state, but the datanode 7efb2e96-f9c3-4063-84ab-0234e1cfa3ef{ip: 192.168.34.56, host: pr-hdds-2330-xmbvw-1183399999, networkLocation: /default-rack, certSerialId: null} reports an CLOSED replica.
2019-10-18 12:50:49,020 [EventQueue-ContainerReportForContainerReportHandler] WARN  container.ContainerReportHandler (AbstractContainerReportHandler.java:updateContainerState(145)) - Container #1 is in OPEN state, but the datanode 1573a222-9ada-47a6-bc12-21286aa75403{ip: 192.168.34.56, host: pr-hdds-2330-xmbvw-1183399999, networkLocation: /default-rack, certSerialId: null} reports an CLOSED replica.
2019-10-18 12:50:49,115 [EventQueue-ContainerReportForContainerReportHandler] WARN  container.ContainerReportHandler (AbstractContainerReportHandler.java:updateContainerState(145)) - Container #1 is in OPEN state, but the datanode 7efb2e96-f9c3-4063-84ab-0234e1cfa3ef{ip: 192.168.34.56, host: pr-hdds-2330-xmbvw-1183399999, networkLocation: /default-rack, certSerialId: null} reports an CLOSED replica.
2019-10-18 12:50:49,219 [EventQueue-ContainerReportForContainerReportHandler] WARN  container.ContainerReportHandler (AbstractContainerReportHandler.java:updateContainerState(145)) - Container #1 is in OPEN state, but the datanode 1573a222-9ada-47a6-bc12-21286aa75403{ip: 192.168.34.56, host: pr-hdds-2330-xmbvw-1183399999, networkLocation: /default-rack, certSerialId: null} reports an CLOSED replica.
2019-10-18 12:50:49,516 [EventQueue-ContainerReportForContainerReportHandler] WARN  container.ContainerReportHandler (AbstractContainerReportHandler.java:updateContainerState(145)) - Container #1 is in OPEN state, but the datanode 7efb2e96-f9c3-4063-84ab-0234e1cfa3ef{ip: 192.168.34.56, host: pr-hdds-2330-xmbvw-1183399999, networkLocation: /default-rack, certSerialId: null} reports an CLOSED replica.
2019-10-18 12:50:49,520 [EventQueue-ContainerReportForContainerReportHandler] WARN  container.ContainerReportHandler (AbstractContainerReportHandler.java:updateContainerState(145)) - Container #1 is in OPEN state, but the datanode 1573a222-9ada-47a6-bc12-21286aa75403{ip: 192.168.34.56, host: pr-hdds-2330-xmbvw-1183399999, networkLocation: /default-rack, certSerialId: null} reports an CLOSED replica.
2019-10-18 12:50:49,717 [EventQueue-ContainerReportForContainerReportHandler] WARN  container.ContainerReportHandler (AbstractContainerReportHandler.java:updateContainerState(145)) - Container #1 is in OPEN state, but the datanode 7efb2e96-f9c3-4063-84ab-0234e1cfa3ef{ip: 192.168.34.56, host: pr-hdds-2330-xmbvw-1183399999, networkLocation: /default-rack, certSerialId: null} reports an CLOSED replica.
2019-10-18 12:50:49,720 [EventQueue-ContainerReportForContainerReportHandler] WARN  container.ContainerReportHandler (AbstractContainerReportHandler.java:updateContainerState(145)) - Container #1 is in OPEN state, but the datanode 1573a222-9ada-47a6-bc12-21286aa75403{ip: 192.168.34.56, host: pr-hdds-2330-xmbvw-1183399999, networkLocation: /default-rack, certSerialId: null} reports an CLOSED replica.
2019-10-18 12:50:49,755 [Thread-406] INFO  client.GrpcClientProtocolService (GrpcClientProtocolService.java:lambda$processClientRequest$0(278)) - Failed RaftClientRequest:client-89547DF785DD->1573a222-9ada-47a6-bc12-21286aa75403@group-6A6B47B3B231, cid=10, seq=0, Watch-ALL_COMMITTED(6), Message:<EMPTY>, reply=RaftClientReply:client-89547DF785DD->1573a222-9ada-47a6-bc12-21286aa75403@group-6A6B47B3B231, cid=10, FAILED org.apache.ratis.protocol.NotReplicatedException: Request with call Id 10 and log index 6 is not yet replicated to ALL_COMMITTED, logIndex=6, commits[1573a222-9ada-47a6-bc12-21286aa75403:c10, 7efb2e96-f9c3-4063-84ab-0234e1cfa3ef:c10, 791861f8-afde-4d35-9346-06d148d36ddc:c4]
2019-10-18 12:50:49,785 [BlockDeletingService#2] WARN  background.BlockDeletingService (BlockDeletingService.java:isDeletionAllowed(187)) - Close Container log Index 6 is not replicated across allthe servers in the pipeline 18f6f15d-c63f-47db-b28d-6a6b47b3b231 as the min replicated index is 4. Deletion is not allowed in this container yet.
2019-10-18 12:50:49,785 [BlockDeletingService#2] WARN  background.BlockDeletingService (BlockDeletingService.java:isDeletionAllowed(187)) - Close Container log Index 6 is not replicated across allthe servers in the pipeline 18f6f15d-c63f-47db-b28d-6a6b47b3b231 as the min replicated index is 4. Deletion is not allowed in this container yet.
2019-10-18 12:50:50,020 [EventQueue-ContainerReportForContainerReportHandler] WARN  container.ContainerReportHandler (AbstractContainerReportHandler.java:updateContainerState(145)) - Container #1 is in OPEN state, but the datanode 7efb2e96-f9c3-4063-84ab-0234e1cfa3ef{ip: 192.168.34.56, host: pr-hdds-2330-xmbvw-1183399999, networkLocation: /default-rack, certSerialId: null} reports an CLOSED replica.
2019-10-18 12:50:50,120 [EventQueue-ContainerReportForContainerReportHandler] WARN  container.ContainerReportHandler (AbstractContainerReportHandler.java:updateContainerState(145)) - Container #1 is in OPEN state, but the datanode 1573a222-9ada-47a6-bc12-21286aa75403{ip: 192.168.34.56, host: pr-hdds-2330-xmbvw-1183399999, networkLocation: /default-rack, certSerialId: null} reports an CLOSED replica.
2019-10-18 12:50:50,320 [EventQueue-ContainerReportForContainerReportHandler] WARN  container.ContainerReportHandler (AbstractContainerReportHandler.java:updateContainerState(145)) - Container #1 is in OPEN state, but the datanode 7efb2e96-f9c3-4063-84ab-0234e1cfa3ef{ip: 192.168.34.56, host: pr-hdds-2330-xmbvw-1183399999, networkLocation: /default-rack, certSerialId: null} reports an CLOSED replica.
2019-10-18 12:50:50,421 [EventQueue-ContainerReportForContainerReportHandler] WARN  container.ContainerReportHandler (AbstractContainerReportHandler.java:updateContainerState(145)) - Container #1 is in OPEN state, but the datanode 1573a222-9ada-47a6-bc12-21286aa75403{ip: 192.168.34.56, host: pr-hdds-2330-xmbvw-1183399999, networkLocation: /default-rack, certSerialId: null} reports an CLOSED replica.
2019-10-18 12:50:50,440 [java.util.concurrent.ThreadPoolExecutor$Worker@2fa800c4[State = -1, empty queue]] WARN  server.GrpcLogAppender (GrpcLogAppender.java:timeoutAppendRequest(209)) - 1573a222-9ada-47a6-bc12-21286aa75403@group-6A6B47B3B231->791861f8-afde-4d35-9346-06d148d36ddc-GrpcLogAppender: appendEntries Timeout, request=1573a222-9ada-47a6-bc12-21286aa75403->791861f8-afde-4d35-9346-06d148d36ddc#35-t2, previous=(t:2, i:10), leaderCommit=10, initializing? false, entries: <empty>
2019-10-18 12:50:50,621 [EventQueue-ContainerReportForContainerReportHandler] WARN  container.ContainerReportHandler (AbstractContainerReportHandler.java:updateContainerState(145)) - Container #1 is in OPEN state, but the datanode 7efb2e96-f9c3-4063-84ab-0234e1cfa3ef{ip: 192.168.34.56, host: pr-hdds-2330-xmbvw-1183399999, networkLocation: /default-rack, certSerialId: null} reports an CLOSED replica.
2019-10-18 12:50:50,721 [EventQueue-ContainerReportForContainerReportHandler] WARN  container.ContainerReportHandler (AbstractContainerReportHandler.java:updateContainerState(145)) - Container #1 is in OPEN state, but the datanode 1573a222-9ada-47a6-bc12-21286aa75403{ip: 192.168.34.56, host: pr-hdds-2330-xmbvw-1183399999, networkLocation: /default-rack, certSerialId: null} reports an CLOSED replica.
2019-10-18 12:50:50,786 [BlockDeletingService#2] WARN  background.BlockDeletingService (BlockDeletingService.java:isDeletionAllowed(187)) - Close Container log Index 6 is not replicated across allthe servers in the pipeline 18f6f15d-c63f-47db-b28d-6a6b47b3b231 as the min replicated index is 4. Deletion is not allowed in this container yet.
2019-10-18 12:50:50,790 [BlockDeletingService#2] WARN  background.BlockDeletingService (BlockDeletingService.java:isDeletionAllowed(187)) - Close Container log Index 6 is not replicated across allthe servers in the pipeline 18f6f15d-c63f-47db-b28d-6a6b47b3b231 as the min replicated index is 4. Deletion is not allowed in this container yet.
2019-10-18 12:50:50,821 [EventQueue-ContainerReportForContainerReportHandler] WARN  container.ContainerReportHandler (AbstractContainerReportHandler.java:updateContainerState(145)) - Container #1 is in OPEN state, but the datanode 7efb2e96-f9c3-4063-84ab-0234e1cfa3ef{ip: 192.168.34.56, host: pr-hdds-2330-xmbvw-1183399999, networkLocation: /default-rack, certSerialId: null} reports an CLOSED replica.
2019-10-18 12:50:51,022 [EventQueue-ContainerReportForContainerReportHandler] WARN  container.ContainerReportHandler (AbstractContainerReportHandler.java:updateContainerState(145)) - Container #1 is in OPEN state, but the datanode 1573a222-9ada-47a6-bc12-21286aa75403{ip: 192.168.34.56, host: pr-hdds-2330-xmbvw-1183399999, networkLocation: /default-rack, certSerialId: null} reports an CLOSED replica.
2019-10-18 12:50:51,222 [EventQueue-ContainerReportForContainerReportHandler] WARN  container.ContainerReportHandler (AbstractContainerReportHandler.java:updateContainerState(145)) - Container #1 is in OPEN state, but the datanode 7efb2e96-f9c3-4063-84ab-0234e1cfa3ef{ip: 192.168.34.56, host: pr-hdds-2330-xmbvw-1183399999, networkLocation: /default-rack, certSerialId: null} reports an CLOSED replica.
2019-10-18 12:50:51,421 [EventQueue-ContainerReportForContainerReportHandler] WARN  container.ContainerReportHandler (AbstractContainerReportHandler.java:updateContainerState(145)) - Container #1 is in OPEN state, but the datanode 7efb2e96-f9c3-4063-84ab-0234e1cfa3ef{ip: 192.168.34.56, host: pr-hdds-2330-xmbvw-1183399999, networkLocation: /default-rack, certSerialId: null} reports an CLOSED replica.
2019-10-18 12:50:51,422 [EventQueue-ContainerReportForContainerReportHandler] WARN  container.ContainerReportHandler (AbstractContainerReportHandler.java:updateContainerState(145)) - Container #1 is in OPEN state, but the datanode 1573a222-9ada-47a6-bc12-21286aa75403{ip: 192.168.34.56, host: pr-hdds-2330-xmbvw-1183399999, networkLocation: /default-rack, certSerialId: null} reports an CLOSED replica.
2019-10-18 12:50:51,787 [BlockDeletingService#2] WARN  background.BlockDeletingService (BlockDeletingService.java:isDeletionAllowed(187)) - Close Container log Index 6 is not replicated across allthe servers in the pipeline 18f6f15d-c63f-47db-b28d-6a6b47b3b231 as the min replicated index is 4. Deletion is not allowed in this container yet.
2019-10-18 12:50:51,791 [BlockDeletingService#2] WARN  background.BlockDeletingService (BlockDeletingService.java:isDeletionAllowed(187)) - Close Container log Index 6 is not replicated across allthe servers in the pipeline 18f6f15d-c63f-47db-b28d-6a6b47b3b231 as the min replicated index is 4. Deletion is not allowed in this container yet.
2019-10-18 12:50:51,822 [EventQueue-ContainerReportForContainerReportHandler] WARN  container.ContainerReportHandler (AbstractContainerReportHandler.java:updateContainerState(145)) - Container #1 is in OPEN state, but the datanode 7efb2e96-f9c3-4063-84ab-0234e1cfa3ef{ip: 192.168.34.56, host: pr-hdds-2330-xmbvw-1183399999, networkLocation: /default-rack, certSerialId: null} reports an CLOSED replica.
2019-10-18 12:50:51,822 [EventQueue-ContainerReportForContainerReportHandler] WARN  container.ContainerReportHandler (AbstractContainerReportHandler.java:updateContainerState(145)) - Container #1 is in OPEN state, but the datanode 1573a222-9ada-47a6-bc12-21286aa75403{ip: 192.168.34.56, host: pr-hdds-2330-xmbvw-1183399999, networkLocation: /default-rack, certSerialId: null} reports an CLOSED replica.
2019-10-18 12:50:52,022 [EventQueue-ContainerReportForContainerReportHandler] WARN  container.ContainerReportHandler (AbstractContainerReportHandler.java:updateContainerState(145)) - Container #1 is in OPEN state, but the datanode 7efb2e96-f9c3-4063-84ab-0234e1cfa3ef{ip: 192.168.34.56, host: pr-hdds-2330-xmbvw-1183399999, networkLocation: /default-rack, certSerialId: null} reports an CLOSED replica.
2019-10-18 12:50:52,022 [EventQueue-ContainerReportForContainerReportHandler] WARN  container.ContainerReportHandler (AbstractContainerReportHandler.java:updateContainerState(145)) - Container #1 is in OPEN state, but the datanode 1573a222-9ada-47a6-bc12-21286aa75403{ip: 192.168.34.56, host: pr-hdds-2330-xmbvw-1183399999, networkLocation: /default-rack, certSerialId: null} reports an CLOSED replica.
2019-10-18 12:50:52,323 [EventQueue-ContainerReportForContainerReportHandler] WARN  container.ContainerReportHandler (AbstractContainerReportHandler.java:updateContainerState(145)) - Container #1 is in OPEN state, but the datanode 7efb2e96-f9c3-4063-84ab-0234e1cfa3ef{ip: 192.168.34.56, host: pr-hdds-2330-xmbvw-1183399999, networkLocation: /default-rack, certSerialId: null} reports an CLOSED replica.
2019-10-18 12:50:52,424 [EventQueue-ContainerReportForContainerReportHandler] WARN  container.ContainerReportHandler (AbstractContainerReportHandler.java:updateContainerState(145)) - Container #1 is in OPEN state, but the datanode 1573a222-9ada-47a6-bc12-21286aa75403{ip: 192.168.34.56, host: pr-hdds-2330-xmbvw-1183399999, networkLocation: /default-rack, certSerialId: null} reports an CLOSED replica.
2019-10-18 12:50:52,623 [EventQueue-ContainerReportForContainerReportHandler] WARN  container.ContainerReportHandler (AbstractContainerReportHandler.java:updateContainerState(145)) - Container #1 is in OPEN state, but the datanode 1573a222-9ada-47a6-bc12-21286aa75403{ip: 192.168.34.56, host: pr-hdds-2330-xmbvw-1183399999, networkLocation: /default-rack, certSerialId: null} reports an CLOSED replica.
2019-10-18 12:50:52,724 [EventQueue-ContainerReportForContainerReportHandler] WARN  container.ContainerReportHandler (AbstractContainerReportHandler.java:updateContainerState(145)) - Container #1 is in OPEN state, but the datanode 7efb2e96-f9c3-4063-84ab-0234e1cfa3ef{ip: 192.168.34.56, host: pr-hdds-2330-xmbvw-1183399999, networkLocation: /default-rack, certSerialId: null} reports an CLOSED replica.
2019-10-18 12:50:52,789 [BlockDeletingService#2] WARN  background.BlockDeletingService (BlockDeletingService.java:isDeletionAllowed(187)) - Close Container log Index 6 is not replicated across allthe servers in the pipeline 18f6f15d-c63f-47db-b28d-6a6b47b3b231 as the min replicated index is 4. Deletion is not allowed in this container yet.
2019-10-18 12:50:52,792 [BlockDeletingService#2] WARN  background.BlockDeletingService (BlockDeletingService.java:isDeletionAllowed(187)) - Close Container log Index 6 is not replicated across allthe servers in the pipeline 18f6f15d-c63f-47db-b28d-6a6b47b3b231 as the min replicated index is 4. Deletion is not allowed in this container yet.
2019-10-18 12:50:52,941 [java.util.concurrent.ThreadPoolExecutor$Worker@2fa800c4[State = -1, empty queue]] WARN  server.GrpcLogAppender (GrpcLogAppender.java:timeoutAppendRequest(209)) - 1573a222-9ada-47a6-bc12-21286aa75403@group-6A6B47B3B231->791861f8-afde-4d35-9346-06d148d36ddc-GrpcLogAppender: appendEntries Timeout, request=1573a222-9ada-47a6-bc12-21286aa75403->791861f8-afde-4d35-9346-06d148d36ddc#36-t2, previous=(t:2, i:10), leaderCommit=10, initializing? false, entries: <empty>
2019-10-18 12:50:53,024 [EventQueue-ContainerReportForContainerReportHandler] WARN  container.ContainerReportHandler (AbstractContainerReportHandler.java:updateContainerState(145)) - Container #1 is in OPEN state, but the datanode 1573a222-9ada-47a6-bc12-21286aa75403{ip: 192.168.34.56, host: pr-hdds-2330-xmbvw-1183399999, networkLocation: /default-rack, certSerialId: null} reports an CLOSED replica.
2019-10-18 12:50:53,024 [EventQueue-ContainerReportForContainerReportHandler] WARN  container.ContainerReportHandler (AbstractContainerReportHandler.java:updateContainerState(145)) - Container #1 is in OPEN state, but the datanode 7efb2e96-f9c3-4063-84ab-0234e1cfa3ef{ip: 192.168.34.56, host: pr-hdds-2330-xmbvw-1183399999, networkLocation: /default-rack, certSerialId: null} reports an CLOSED replica.
2019-10-18 12:50:53,224 [EventQueue-ContainerReportForContainerReportHandler] WARN  container.ContainerReportHandler (AbstractContainerReportHandler.java:updateContainerState(145)) - Container #1 is in OPEN state, but the datanode 1573a222-9ada-47a6-bc12-21286aa75403{ip: 192.168.34.56, host: pr-hdds-2330-xmbvw-1183399999, networkLocation: /default-rack, certSerialId: null} reports an CLOSED replica.
2019-10-18 12:50:53,324 [EventQueue-ContainerReportForContainerReportHandler] WARN  container.ContainerReportHandler (AbstractContainerReportHandler.java:updateContainerState(145)) - Container #1 is in OPEN state, but the datanode 7efb2e96-f9c3-4063-84ab-0234e1cfa3ef{ip: 192.168.34.56, host: pr-hdds-2330-xmbvw-1183399999, networkLocation: /default-rack, certSerialId: null} reports an CLOSED replica.
2019-10-18 12:50:53,526 [EventQueue-ContainerReportForContainerReportHandler] WARN  container.ContainerReportHandler (AbstractContainerReportHandler.java:updateContainerState(145)) - Container #1 is in OPEN state, but the datanode 7efb2e96-f9c3-4063-84ab-0234e1cfa3ef{ip: 192.168.34.56, host: pr-hdds-2330-xmbvw-1183399999, networkLocation: /default-rack, certSerialId: null} reports an CLOSED replica.
2019-10-18 12:50:53,624 [EventQueue-ContainerReportForContainerReportHandler] WARN  container.ContainerReportHandler (AbstractContainerReportHandler.java:updateContainerState(145)) - Container #1 is in OPEN state, but the datanode 1573a222-9ada-47a6-bc12-21286aa75403{ip: 192.168.34.56, host: pr-hdds-2330-xmbvw-1183399999, networkLocation: /default-rack, certSerialId: null} reports an CLOSED replica.
2019-10-18 12:50:53,791 [BlockDeletingService#2] WARN  background.BlockDeletingService (BlockDeletingService.java:isDeletionAllowed(187)) - Close Container log Index 6 is not replicated across allthe servers in the pipeline 18f6f15d-c63f-47db-b28d-6a6b47b3b231 as the min replicated index is 4. Deletion is not allowed in this container yet.
2019-10-18 12:50:53,793 [BlockDeletingService#2] WARN  background.BlockDeletingService (BlockDeletingService.java:isDeletionAllowed(187)) - Close Container log Index 6 is not replicated across allthe servers in the pipeline 18f6f15d-c63f-47db-b28d-6a6b47b3b231 as the min replicated index is 4. Deletion is not allowed in this container yet.
2019-10-18 12:50:53,824 [EventQueue-ContainerReportForContainerReportHandler] WARN  container.ContainerReportHandler (AbstractContainerReportHandler.java:updateContainerState(145)) - Container #1 is in OPEN state, but the datanode 1573a222-9ada-47a6-bc12-21286aa75403{ip: 192.168.34.56, host: pr-hdds-2330-xmbvw-1183399999, networkLocation: /default-rack, certSerialId: null} reports an CLOSED replica.
2019-10-18 12:50:53,825 [EventQueue-ContainerReportForContainerReportHandler] WARN  container.ContainerReportHandler (AbstractContainerReportHandler.java:updateContainerState(145)) - Container #1 is in OPEN state, but the datanode 7efb2e96-f9c3-4063-84ab-0234e1cfa3ef{ip: 192.168.34.56, host: pr-hdds-2330-xmbvw-1183399999, networkLocation: /default-rack, certSerialId: null} reports an CLOSED replica.
2019-10-18 12:50:54,023 [EventQueue-ContainerReportForContainerReportHandler] WARN  container.ContainerReportHandler (AbstractContainerReportHandler.java:updateContainerState(145)) - Container #1 is in OPEN state, but the datanode 1573a222-9ada-47a6-bc12-21286aa75403{ip: 192.168.34.56, host: pr-hdds-2330-xmbvw-1183399999, networkLocation: /default-rack, certSerialId: null} reports an CLOSED replica.
2019-10-18 12:50:54,226 [EventQueue-ContainerReportForContainerReportHandler] WARN  container.ContainerReportHandler (AbstractContainerReportHandler.java:updateContainerState(145)) - Container #1 is in OPEN state, but the datanode 7efb2e96-f9c3-4063-84ab-0234e1cfa3ef{ip: 192.168.34.56, host: pr-hdds-2330-xmbvw-1183399999, networkLocation: /default-rack, certSerialId: null} reports an CLOSED replica.
2019-10-18 12:50:54,325 [EventQueue-ContainerReportForContainerReportHandler] WARN  container.ContainerReportHandler (AbstractContainerReportHandler.java:updateContainerState(145)) - Container #1 is in OPEN state, but the datanode 1573a222-9ada-47a6-bc12-21286aa75403{ip: 192.168.34.56, host: pr-hdds-2330-xmbvw-1183399999, networkLocation: /default-rack, certSerialId: null} reports an CLOSED replica.
2019-10-18 12:50:54,526 [EventQueue-ContainerReportForContainerReportHandler] WARN  container.ContainerReportHandler (AbstractContainerReportHandler.java:updateContainerState(145)) - Container #1 is in OPEN state, but the datanode 7efb2e96-f9c3-4063-84ab-0234e1cfa3ef{ip: 192.168.34.56, host: pr-hdds-2330-xmbvw-1183399999, networkLocation: /default-rack, certSerialId: null} reports an CLOSED replica.
2019-10-18 12:50:54,624 [EventQueue-ContainerReportForContainerReportHandler] WARN  container.ContainerReportHandler (AbstractContainerReportHandler.java:updateContainerState(145)) - Container #1 is in OPEN state, but the datanode 1573a222-9ada-47a6-bc12-21286aa75403{ip: 192.168.34.56, host: pr-hdds-2330-xmbvw-1183399999, networkLocation: /default-rack, certSerialId: null} reports an CLOSED replica.
2019-10-18 12:50:54,726 [EventQueue-ContainerReportForContainerReportHandler] WARN  container.ContainerReportHandler (AbstractContainerReportHandler.java:updateContainerState(145)) - Container #1 is in OPEN state, but the datanode 7efb2e96-f9c3-4063-84ab-0234e1cfa3ef{ip: 192.168.34.56, host: pr-hdds-2330-xmbvw-1183399999, networkLocation: /default-rack, certSerialId: null} reports an CLOSED replica.
2019-10-18 12:50:54,795 [BlockDeletingService#2] WARN  background.BlockDeletingService (BlockDeletingService.java:isDeletionAllowed(187)) - Close Container log Index 6 is not replicated across allthe servers in the pipeline 18f6f15d-c63f-47db-b28d-6a6b47b3b231 as the min replicated index is 4. Deletion is not allowed in this container yet.
2019-10-18 12:50:54,795 [BlockDeletingService#2] WARN  background.BlockDeletingService (BlockDeletingService.java:isDeletionAllowed(187)) - Close Container log Index 6 is not replicated across allthe servers in the pipeline 18f6f15d-c63f-47db-b28d-6a6b47b3b231 as the min replicated index is 4. Deletion is not allowed in this container yet.
2019-10-18 12:50:54,823 [EventQueue-ContainerReportForContainerReportHandler] WARN  container.ContainerReportHandler (AbstractContainerReportHandler.java:updateContainerState(145)) - Container #1 is in OPEN state, but the datanode 1573a222-9ada-47a6-bc12-21286aa75403{ip: 192.168.34.56, host: pr-hdds-2330-xmbvw-1183399999, networkLocation: /default-rack, certSerialId: null} reports an CLOSED replica.
2019-10-18 12:50:55,127 [EventQueue-ContainerReportForContainerReportHandler] WARN  container.ContainerReportHandler (AbstractContainerReportHandler.java:updateContainerState(145)) - Container #1 is in OPEN state, but the datanode 7efb2e96-f9c3-4063-84ab-0234e1cfa3ef{ip: 192.168.34.56, host: pr-hdds-2330-xmbvw-1183399999, networkLocation: /default-rack, certSerialId: null} reports an CLOSED replica.
2019-10-18 12:50:55,224 [EventQueue-ContainerReportForContainerReportHandler] WARN  container.ContainerReportHandler (AbstractContainerReportHandler.java:updateContainerState(145)) - Container #1 is in OPEN state, but the datanode 1573a222-9ada-47a6-bc12-21286aa75403{ip: 192.168.34.56, host: pr-hdds-2330-xmbvw-1183399999, networkLocation: /default-rack, certSerialId: null} reports an CLOSED replica.
2019-10-18 12:50:55,326 [EventQueue-ContainerReportForContainerReportHandler] WARN  container.ContainerReportHandler (AbstractContainerReportHandler.java:updateContainerState(145)) - Container #1 is in OPEN state, but the datanode 7efb2e96-f9c3-4063-84ab-0234e1cfa3ef{ip: 192.168.34.56, host: pr-hdds-2330-xmbvw-1183399999, networkLocation: /default-rack, certSerialId: null} reports an CLOSED replica.
2019-10-18 12:50:55,425 [EventQueue-ContainerReportForContainerReportHandler] WARN  container.ContainerReportHandler (AbstractContainerReportHandler.java:updateContainerState(145)) - Container #1 is in OPEN state, but the datanode 1573a222-9ada-47a6-bc12-21286aa75403{ip: 192.168.34.56, host: pr-hdds-2330-xmbvw-1183399999, networkLocation: /default-rack, certSerialId: null} reports an CLOSED replica.
2019-10-18 12:50:55,444 [java.util.concurrent.ThreadPoolExecutor$Worker@2fa800c4[State = -1, empty queue]] WARN  server.GrpcLogAppender (GrpcLogAppender.java:timeoutAppendRequest(209)) - 1573a222-9ada-47a6-bc12-21286aa75403@group-6A6B47B3B231->791861f8-afde-4d35-9346-06d148d36ddc-GrpcLogAppender: appendEntries Timeout, request=1573a222-9ada-47a6-bc12-21286aa75403->791861f8-afde-4d35-9346-06d148d36ddc#37-t2, previous=(t:2, i:10), leaderCommit=10, initializing? false, entries: <empty>
2019-10-18 12:50:55,726 [EventQueue-ContainerReportForContainerReportHandler] WARN  container.ContainerReportHandler (AbstractContainerReportHandler.java:updateContainerState(145)) - Container #1 is in OPEN state, but the datanode 7efb2e96-f9c3-4063-84ab-0234e1cfa3ef{ip: 192.168.34.56, host: pr-hdds-2330-xmbvw-1183399999, networkLocation: /default-rack, certSerialId: null} reports an CLOSED replica.
2019-10-18 12:50:55,796 [BlockDeletingService#2] WARN  background.BlockDeletingService (BlockDeletingService.java:isDeletionAllowed(187)) - Close Container log Index 6 is not replicated across allthe servers in the pipeline 18f6f15d-c63f-47db-b28d-6a6b47b3b231 as the min replicated index is 4. Deletion is not allowed in this container yet.
2019-10-18 12:50:55,796 [BlockDeletingService#2] WARN  background.BlockDeletingService (BlockDeletingService.java:isDeletionAllowed(187)) - Close Container log Index 6 is not replicated across allthe servers in the pipeline 18f6f15d-c63f-47db-b28d-6a6b47b3b231 as the min replicated index is 4. Deletion is not allowed in this container yet.
2019-10-18 12:50:55,826 [EventQueue-ContainerReportForContainerReportHandler] WARN  container.ContainerReportHandler (AbstractContainerReportHandler.java:updateContainerState(145)) - Container #1 is in OPEN state, but the datanode 1573a222-9ada-47a6-bc12-21286aa75403{ip: 192.168.34.56, host: pr-hdds-2330-xmbvw-1183399999, networkLocation: /default-rack, certSerialId: null} reports an CLOSED replica.
2019-10-18 12:50:56,026 [EventQueue-ContainerReportForContainerReportHandler] WARN  container.ContainerReportHandler (AbstractContainerReportHandler.java:updateContainerState(145)) - Container #1 is in OPEN state, but the datanode 1573a222-9ada-47a6-bc12-21286aa75403{ip: 192.168.34.56, host: pr-hdds-2330-xmbvw-1183399999, networkLocation: /default-rack, certSerialId: null} reports an CLOSED replica.
2019-10-18 12:50:56,126 [EventQueue-ContainerReportForContainerReportHandler] WARN  container.ContainerReportHandler (AbstractContainerReportHandler.java:updateContainerState(145)) - Container #1 is in OPEN state, but the datanode 7efb2e96-f9c3-4063-84ab-0234e1cfa3ef{ip: 192.168.34.56, host: pr-hdds-2330-xmbvw-1183399999, networkLocation: /default-rack, certSerialId: null} reports an CLOSED replica.
2019-10-18 12:50:56,325 [EventQueue-ContainerReportForContainerReportHandler] WARN  container.ContainerReportHandler (AbstractContainerReportHandler.java:updateContainerState(145)) - Container #1 is in OPEN state, but the datanode 1573a222-9ada-47a6-bc12-21286aa75403{ip: 192.168.34.56, host: pr-hdds-2330-xmbvw-1183399999, networkLocation: /default-rack, certSerialId: null} reports an CLOSED replica.
2019-10-18 12:50:56,326 [EventQueue-ContainerReportForContainerReportHandler] WARN  container.ContainerReportHandler (AbstractContainerReportHandler.java:updateContainerState(145)) - Container #1 is in OPEN state, but the datanode 7efb2e96-f9c3-4063-84ab-0234e1cfa3ef{ip: 192.168.34.56, host: pr-hdds-2330-xmbvw-1183399999, networkLocation: /default-rack, certSerialId: null} reports an CLOSED replica.
2019-10-18 12:50:56,526 [EventQueue-ContainerReportForContainerReportHandler] WARN  container.ContainerReportHandler (AbstractContainerReportHandler.java:updateContainerState(145)) - Container #1 is in OPEN state, but the datanode 1573a222-9ada-47a6-bc12-21286aa75403{ip: 192.168.34.56, host: pr-hdds-2330-xmbvw-1183399999, networkLocation: /default-rack, certSerialId: null} reports an CLOSED replica.
2019-10-18 12:50:56,627 [EventQueue-ContainerReportForContainerReportHandler] WARN  container.ContainerReportHandler (AbstractContainerReportHandler.java:updateContainerState(145)) - Container #1 is in OPEN state, but the datanode 7efb2e96-f9c3-4063-84ab-0234e1cfa3ef{ip: 192.168.34.56, host: pr-hdds-2330-xmbvw-1183399999, networkLocation: /default-rack, certSerialId: null} reports an CLOSED replica.
2019-10-18 12:50:56,798 [BlockDeletingService#2] WARN  background.BlockDeletingService (BlockDeletingService.java:isDeletionAllowed(187)) - Close Container log Index 6 is not replicated across allthe servers in the pipeline 18f6f15d-c63f-47db-b28d-6a6b47b3b231 as the min replicated index is 4. Deletion is not allowed in this container yet.
2019-10-18 12:50:56,798 [BlockDeletingService#2] WARN  background.BlockDeletingService (BlockDeletingService.java:isDeletionAllowed(187)) - Close Container log Index 6 is not replicated across allthe servers in the pipeline 18f6f15d-c63f-47db-b28d-6a6b47b3b231 as the min replicated index is 4. Deletion is not allowed in this container yet.
2019-10-18 12:50:56,826 [EventQueue-ContainerReportForContainerReportHandler] WARN  container.ContainerReportHandler (AbstractContainerReportHandler.java:updateContainerState(145)) - Container #1 is in OPEN state, but the datanode 1573a222-9ada-47a6-bc12-21286aa75403{ip: 192.168.34.56, host: pr-hdds-2330-xmbvw-1183399999, networkLocation: /default-rack, certSerialId: null} reports an CLOSED replica.
2019-10-18 12:50:57,026 [EventQueue-ContainerReportForContainerReportHandler] WARN  container.ContainerReportHandler (AbstractContainerReportHandler.java:updateContainerState(145)) - Container #1 is in OPEN state, but the datanode 1573a222-9ada-47a6-bc12-21286aa75403{ip: 192.168.34.56, host: pr-hdds-2330-xmbvw-1183399999, networkLocation: /default-rack, certSerialId: null} reports an CLOSED replica.
2019-10-18 12:50:57,027 [EventQueue-ContainerReportForContainerReportHandler] WARN  container.ContainerReportHandler (AbstractContainerReportHandler.java:updateContainerState(145)) - Container #1 is in OPEN state, but the datanode 7efb2e96-f9c3-4063-84ab-0234e1cfa3ef{ip: 192.168.34.56, host: pr-hdds-2330-xmbvw-1183399999, networkLocation: /default-rack, certSerialId: null} reports an CLOSED replica.
2019-10-18 12:50:57,327 [EventQueue-ContainerReportForContainerReportHandler] WARN  container.ContainerReportHandler (AbstractContainerReportHandler.java:updateContainerState(145)) - Container #1 is in OPEN state, but the datanode 1573a222-9ada-47a6-bc12-21286aa75403{ip: 192.168.34.56, host: pr-hdds-2330-xmbvw-1183399999, networkLocation: /default-rack, certSerialId: null} reports an CLOSED replica.
2019-10-18 12:50:57,328 [EventQueue-ContainerReportForContainerReportHandler] WARN  container.ContainerReportHandler (AbstractContainerReportHandler.java:updateContainerState(145)) - Container #1 is in OPEN state, but the datanode 7efb2e96-f9c3-4063-84ab-0234e1cfa3ef{ip: 192.168.34.56, host: pr-hdds-2330-xmbvw-1183399999, networkLocation: /default-rack, certSerialId: null} reports an CLOSED replica.
2019-10-18 12:50:57,726 [EventQueue-ContainerReportForContainerReportHandler] WARN  container.ContainerReportHandler (AbstractContainerReportHandler.java:updateContainerState(145)) - Container #1 is in OPEN state, but the datanode 1573a222-9ada-47a6-bc12-21286aa75403{ip: 192.168.34.56, host: pr-hdds-2330-xmbvw-1183399999, networkLocation: /default-rack, certSerialId: null} reports an CLOSED replica.
2019-10-18 12:50:57,727 [EventQueue-ContainerReportForContainerReportHandler] WARN  container.ContainerReportHandler (AbstractContainerReportHandler.java:updateContainerState(145)) - Container #1 is in OPEN state, but the datanode 7efb2e96-f9c3-4063-84ab-0234e1cfa3ef{ip: 192.168.34.56, host: pr-hdds-2330-xmbvw-1183399999, networkLocation: /default-rack, certSerialId: null} reports an CLOSED replica.
2019-10-18 12:50:57,801 [BlockDeletingService#2] WARN  background.BlockDeletingService (BlockDeletingService.java:isDeletionAllowed(187)) - Close Container log Index 6 is not replicated across allthe servers in the pipeline 18f6f15d-c63f-47db-b28d-6a6b47b3b231 as the min replicated index is 4. Deletion is not allowed in this container yet.
2019-10-18 12:50:57,801 [BlockDeletingService#2] WARN  background.BlockDeletingService (BlockDeletingService.java:isDeletionAllowed(187)) - Close Container log Index 6 is not replicated across allthe servers in the pipeline 18f6f15d-c63f-47db-b28d-6a6b47b3b231 as the min replicated index is 4. Deletion is not allowed in this container yet.
2019-10-18 12:50:57,927 [EventQueue-ContainerReportForContainerReportHandler] WARN  container.ContainerReportHandler (AbstractContainerReportHandler.java:updateContainerState(145)) - Container #1 is in OPEN state, but the datanode 7efb2e96-f9c3-4063-84ab-0234e1cfa3ef{ip: 192.168.34.56, host: pr-hdds-2330-xmbvw-1183399999, networkLocation: /default-rack, certSerialId: null} reports an CLOSED replica.
2019-10-18 12:50:57,946 [java.util.concurrent.ThreadPoolExecutor$Worker@2fa800c4[State = -1, empty queue]] WARN  server.GrpcLogAppender (GrpcLogAppender.java:timeoutAppendRequest(209)) - 1573a222-9ada-47a6-bc12-21286aa75403@group-6A6B47B3B231->791861f8-afde-4d35-9346-06d148d36ddc-GrpcLogAppender: appendEntries Timeout, request=1573a222-9ada-47a6-bc12-21286aa75403->791861f8-afde-4d35-9346-06d148d36ddc#38-t2, previous=(t:2, i:10), leaderCommit=10, initializing? false, entries: <empty>
2019-10-18 12:50:58,027 [EventQueue-ContainerReportForContainerReportHandler] WARN  container.ContainerReportHandler (AbstractContainerReportHandler.java:updateContainerState(145)) - Container #1 is in OPEN state, but the datanode 1573a222-9ada-47a6-bc12-21286aa75403{ip: 192.168.34.56, host: pr-hdds-2330-xmbvw-1183399999, networkLocation: /default-rack, certSerialId: null} reports an CLOSED replica.
2019-10-18 12:50:58,228 [EventQueue-ContainerReportForContainerReportHandler] WARN  container.ContainerReportHandler (AbstractContainerReportHandler.java:updateContainerState(145)) - Container #1 is in OPEN state, but the datanode 7efb2e96-f9c3-4063-84ab-0234e1cfa3ef{ip: 192.168.34.56, host: pr-hdds-2330-xmbvw-1183399999, networkLocation: /default-rack, certSerialId: null} reports an CLOSED replica.
2019-10-18 12:50:58,327 [EventQueue-ContainerReportForContainerReportHandler] WARN  container.ContainerReportHandler (AbstractContainerReportHandler.java:updateContainerState(145)) - Container #1 is in OPEN state, but the datanode 1573a222-9ada-47a6-bc12-21286aa75403{ip: 192.168.34.56, host: pr-hdds-2330-xmbvw-1183399999, networkLocation: /default-rack, certSerialId: null} reports an CLOSED replica.
2019-10-18 12:50:58,553 [Thread-431] INFO  client.GrpcClientProtocolService (GrpcClientProtocolService.java:lambda$processClientRequest$0(278)) - Failed RaftClientRequest:client-89547DF785DD->7efb2e96-f9c3-4063-84ab-0234e1cfa3ef@group-6A6B47B3B231, cid=10, seq=0, Watch-ALL_COMMITTED(6), Message:<EMPTY>, reply=RaftClientReply:client-89547DF785DD->7efb2e96-f9c3-4063-84ab-0234e1cfa3ef@group-6A6B47B3B231, cid=10, FAILED org.apache.ratis.protocol.NotLeaderException: Server 7efb2e96-f9c3-4063-84ab-0234e1cfa3ef@group-6A6B47B3B231 is not the leader 1573a222-9ada-47a6-bc12-21286aa75403:192.168.34.56:40119, logIndex=0, commits[7efb2e96-f9c3-4063-84ab-0234e1cfa3ef:c10, 1573a222-9ada-47a6-bc12-21286aa75403:c10, 791861f8-afde-4d35-9346-06d148d36ddc:c4]
2019-10-18 12:50:58,627 [EventQueue-ContainerReportForContainerReportHandler] WARN  container.ContainerReportHandler (AbstractContainerReportHandler.java:updateContainerState(145)) - Container #1 is in OPEN state, but the datanode 1573a222-9ada-47a6-bc12-21286aa75403{ip: 192.168.34.56, host: pr-hdds-2330-xmbvw-1183399999, networkLocation: /default-rack, certSerialId: null} reports an CLOSED replica.
2019-10-18 12:50:58,629 [EventQueue-ContainerReportForContainerReportHandler] WARN  container.ContainerReportHandler (AbstractContainerReportHandler.java:updateContainerState(145)) - Container #1 is in OPEN state, but the datanode 7efb2e96-f9c3-4063-84ab-0234e1cfa3ef{ip: 192.168.34.56, host: pr-hdds-2330-xmbvw-1183399999, networkLocation: /default-rack, certSerialId: null} reports an CLOSED replica.
2019-10-18 12:50:58,802 [BlockDeletingService#2] WARN  background.BlockDeletingService (BlockDeletingService.java:isDeletionAllowed(187)) - Close Container log Index 6 is not replicated across allthe servers in the pipeline 18f6f15d-c63f-47db-b28d-6a6b47b3b231 as the min replicated index is 4. Deletion is not allowed in this container yet.
2019-10-18 12:50:58,803 [BlockDeletingService#2] WARN  background.BlockDeletingService (BlockDeletingService.java:isDeletionAllowed(187)) - Close Container log Index 6 is not replicated across allthe servers in the pipeline 18f6f15d-c63f-47db-b28d-6a6b47b3b231 as the min replicated index is 4. Deletion is not allowed in this container yet.
2019-10-18 12:50:58,927 [EventQueue-ContainerReportForContainerReportHandler] WARN  container.ContainerReportHandler (AbstractContainerReportHandler.java:updateContainerState(145)) - Container #1 is in OPEN state, but the datanode 1573a222-9ada-47a6-bc12-21286aa75403{ip: 192.168.34.56, host: pr-hdds-2330-xmbvw-1183399999, networkLocation: /default-rack, certSerialId: null} reports an CLOSED replica.
2019-10-18 12:50:58,929 [EventQueue-ContainerReportForContainerReportHandler] WARN  container.ContainerReportHandler (AbstractContainerReportHandler.java:updateContainerState(145)) - Container #1 is in OPEN state, but the datanode 7efb2e96-f9c3-4063-84ab-0234e1cfa3ef{ip: 192.168.34.56, host: pr-hdds-2330-xmbvw-1183399999, networkLocation: /default-rack, certSerialId: null} reports an CLOSED replica.
2019-10-18 12:50:59,129 [EventQueue-ContainerReportForContainerReportHandler] WARN  container.ContainerReportHandler (AbstractContainerReportHandler.java:updateContainerState(145)) - Container #1 is in OPEN state, but the datanode 7efb2e96-f9c3-4063-84ab-0234e1cfa3ef{ip: 192.168.34.56, host: pr-hdds-2330-xmbvw-1183399999, networkLocation: /default-rack, certSerialId: null} reports an CLOSED replica.
2019-10-18 12:50:59,226 [EventQueue-ContainerReportForContainerReportHandler] WARN  container.ContainerReportHandler (AbstractContainerReportHandler.java:updateContainerState(145)) - Container #1 is in OPEN state, but the datanode 1573a222-9ada-47a6-bc12-21286aa75403{ip: 192.168.34.56, host: pr-hdds-2330-xmbvw-1183399999, networkLocation: /default-rack, certSerialId: null} reports an CLOSED replica.
2019-10-18 12:50:59,330 [EventQueue-ContainerReportForContainerReportHandler] WARN  container.ContainerReportHandler (AbstractContainerReportHandler.java:updateContainerState(145)) - Container #1 is in OPEN state, but the datanode 7efb2e96-f9c3-4063-84ab-0234e1cfa3ef{ip: 192.168.34.56, host: pr-hdds-2330-xmbvw-1183399999, networkLocation: /default-rack, certSerialId: null} reports an CLOSED replica.
2019-10-18 12:50:59,527 [EventQueue-ContainerReportForContainerReportHandler] WARN  container.ContainerReportHandler (AbstractContainerReportHandler.java:updateContainerState(145)) - Container #1 is in OPEN state, but the datanode 1573a222-9ada-47a6-bc12-21286aa75403{ip: 192.168.34.56, host: pr-hdds-2330-xmbvw-1183399999, networkLocation: /default-rack, certSerialId: null} reports an CLOSED replica.
2019-10-18 12:50:59,730 [EventQueue-ContainerReportForContainerReportHandler] WARN  container.ContainerReportHandler (AbstractContainerReportHandler.java:updateContainerState(145)) - Container #1 is in OPEN state, but the datanode 7efb2e96-f9c3-4063-84ab-0234e1cfa3ef{ip: 192.168.34.56, host: pr-hdds-2330-xmbvw-1183399999, networkLocation: /default-rack, certSerialId: null} reports an CLOSED replica.
2019-10-18 12:50:59,755 [Thread-436] INFO  client.GrpcClientProtocolService (GrpcClientProtocolService.java:lambda$processClientRequest$0(278)) - Failed RaftClientRequest:client-89547DF785DD->1573a222-9ada-47a6-bc12-21286aa75403@group-6A6B47B3B231, cid=10, seq=0, Watch-ALL_COMMITTED(6), Message:<EMPTY>, reply=RaftClientReply:client-89547DF785DD->1573a222-9ada-47a6-bc12-21286aa75403@group-6A6B47B3B231, cid=10, FAILED org.apache.ratis.protocol.NotReplicatedException: Request with call Id 10 and log index 6 is not yet replicated to ALL_COMMITTED, logIndex=6, commits[1573a222-9ada-47a6-bc12-21286aa75403:c10, 7efb2e96-f9c3-4063-84ab-0234e1cfa3ef:c10, 791861f8-afde-4d35-9346-06d148d36ddc:c4]
2019-10-18 12:50:59,805 [BlockDeletingService#2] WARN  background.BlockDeletingService (BlockDeletingService.java:isDeletionAllowed(187)) - Close Container log Index 6 is not replicated across allthe servers in the pipeline 18f6f15d-c63f-47db-b28d-6a6b47b3b231 as the min replicated index is 4. Deletion is not allowed in this container yet.
2019-10-18 12:50:59,805 [BlockDeletingService#2] WARN  background.BlockDeletingService (BlockDeletingService.java:isDeletionAllowed(187)) - Close Container log Index 6 is not replicated across allthe servers in the pipeline 18f6f15d-c63f-47db-b28d-6a6b47b3b231 as the min replicated index is 4. Deletion is not allowed in this container yet.
2019-10-18 12:50:59,828 [EventQueue-ContainerReportForContainerReportHandler] WARN  container.ContainerReportHandler (AbstractContainerReportHandler.java:updateContainerState(145)) - Container #1 is in OPEN state, but the datanode 1573a222-9ada-47a6-bc12-21286aa75403{ip: 192.168.34.56, host: pr-hdds-2330-xmbvw-1183399999, networkLocation: /default-rack, certSerialId: null} reports an CLOSED replica.
2019-10-18 12:51:00,029 [EventQueue-ContainerReportForContainerReportHandler] WARN  container.ContainerReportHandler (AbstractContainerReportHandler.java:updateContainerState(145)) - Container #1 is in OPEN state, but the datanode 7efb2e96-f9c3-4063-84ab-0234e1cfa3ef{ip: 192.168.34.56, host: pr-hdds-2330-xmbvw-1183399999, networkLocation: /default-rack, certSerialId: null} reports an CLOSED replica.
2019-10-18 12:51:00,128 [EventQueue-ContainerReportForContainerReportHandler] WARN  container.ContainerReportHandler (AbstractContainerReportHandler.java:updateContainerState(145)) - Container #1 is in OPEN state, but the datanode 1573a222-9ada-47a6-bc12-21286aa75403{ip: 192.168.34.56, host: pr-hdds-2330-xmbvw-1183399999, networkLocation: /default-rack, certSerialId: null} reports an CLOSED replica.
2019-10-18 12:51:00,328 [EventQueue-ContainerReportForContainerReportHandler] WARN  container.ContainerReportHandler (AbstractContainerReportHandler.java:updateContainerState(145)) - Container #1 is in OPEN state, but the datanode 1573a222-9ada-47a6-bc12-21286aa75403{ip: 192.168.34.56, host: pr-hdds-2330-xmbvw-1183399999, networkLocation: /default-rack, certSerialId: null} reports an CLOSED replica.
2019-10-18 12:51:00,329 [EventQueue-ContainerReportForContainerReportHandler] WARN  container.ContainerReportHandler (AbstractContainerReportHandler.java:updateContainerState(145)) - Container #1 is in OPEN state, but the datanode 7efb2e96-f9c3-4063-84ab-0234e1cfa3ef{ip: 192.168.34.56, host: pr-hdds-2330-xmbvw-1183399999, networkLocation: /default-rack, certSerialId: null} reports an CLOSED replica.
2019-10-18 12:51:00,448 [java.util.concurrent.ThreadPoolExecutor$Worker@2fa800c4[State = -1, empty queue]] WARN  server.GrpcLogAppender (GrpcLogAppender.java:timeoutAppendRequest(209)) - 1573a222-9ada-47a6-bc12-21286aa75403@group-6A6B47B3B231->791861f8-afde-4d35-9346-06d148d36ddc-GrpcLogAppender: appendEntries Timeout, request=1573a222-9ada-47a6-bc12-21286aa75403->791861f8-afde-4d35-9346-06d148d36ddc#39-t2, previous=(t:2, i:10), leaderCommit=10, initializing? false, entries: <empty>
2019-10-18 12:51:00,629 [EventQueue-ContainerReportForContainerReportHandler] WARN  container.ContainerReportHandler (AbstractContainerReportHandler.java:updateContainerState(145)) - Container #1 is in OPEN state, but the datanode 1573a222-9ada-47a6-bc12-21286aa75403{ip: 192.168.34.56, host: pr-hdds-2330-xmbvw-1183399999, networkLocation: /default-rack, certSerialId: null} reports an CLOSED replica.
2019-10-18 12:51:00,729 [EventQueue-ContainerReportForContainerReportHandler] WARN  container.ContainerReportHandler (AbstractContainerReportHandler.java:updateContainerState(145)) - Container #1 is in OPEN state, but the datanode 7efb2e96-f9c3-4063-84ab-0234e1cfa3ef{ip: 192.168.34.56, host: pr-hdds-2330-xmbvw-1183399999, networkLocation: /default-rack, certSerialId: null} reports an CLOSED replica.
2019-10-18 12:51:00,808 [BlockDeletingService#2] WARN  background.BlockDeletingService (BlockDeletingService.java:isDeletionAllowed(187)) - Close Container log Index 6 is not replicated across allthe servers in the pipeline 18f6f15d-c63f-47db-b28d-6a6b47b3b231 as the min replicated index is 4. Deletion is not allowed in this container yet.
2019-10-18 12:51:00,808 [BlockDeletingService#2] WARN  background.BlockDeletingService (BlockDeletingService.java:isDeletionAllowed(187)) - Close Container log Index 6 is not replicated across allthe servers in the pipeline 18f6f15d-c63f-47db-b28d-6a6b47b3b231 as the min replicated index is 4. Deletion is not allowed in this container yet.
2019-10-18 12:51:00,930 [EventQueue-ContainerReportForContainerReportHandler] WARN  container.ContainerReportHandler (AbstractContainerReportHandler.java:updateContainerState(145)) - Container #1 is in OPEN state, but the datanode 7efb2e96-f9c3-4063-84ab-0234e1cfa3ef{ip: 192.168.34.56, host: pr-hdds-2330-xmbvw-1183399999, networkLocation: /default-rack, certSerialId: null} reports an CLOSED replica.
2019-10-18 12:51:01,030 [EventQueue-ContainerReportForContainerReportHandler] WARN  container.ContainerReportHandler (AbstractContainerReportHandler.java:updateContainerState(145)) - Container #1 is in OPEN state, but the datanode 1573a222-9ada-47a6-bc12-21286aa75403{ip: 192.168.34.56, host: pr-hdds-2330-xmbvw-1183399999, networkLocation: /default-rack, certSerialId: null} reports an CLOSED replica.
2019-10-18 12:51:01,130 [EventQueue-ContainerReportForContainerReportHandler] WARN  container.ContainerReportHandler (AbstractContainerReportHandler.java:updateContainerState(145)) - Container #1 is in OPEN state, but the datanode 7efb2e96-f9c3-4063-84ab-0234e1cfa3ef{ip: 192.168.34.56, host: pr-hdds-2330-xmbvw-1183399999, networkLocation: /default-rack, certSerialId: null} reports an CLOSED replica.
2019-10-18 12:51:01,231 [EventQueue-ContainerReportForContainerReportHandler] WARN  container.ContainerReportHandler (AbstractContainerReportHandler.java:updateContainerState(145)) - Container #1 is in OPEN state, but the datanode 1573a222-9ada-47a6-bc12-21286aa75403{ip: 192.168.34.56, host: pr-hdds-2330-xmbvw-1183399999, networkLocation: /default-rack, certSerialId: null} reports an CLOSED replica.
2019-10-18 12:51:01,532 [EventQueue-ContainerReportForContainerReportHandler] WARN  container.ContainerReportHandler (AbstractContainerReportHandler.java:updateContainerState(145)) - Container #1 is in OPEN state, but the datanode 7efb2e96-f9c3-4063-84ab-0234e1cfa3ef{ip: 192.168.34.56, host: pr-hdds-2330-xmbvw-1183399999, networkLocation: /default-rack, certSerialId: null} reports an CLOSED replica.
2019-10-18 12:51:01,532 [EventQueue-ContainerReportForContainerReportHandler] WARN  container.ContainerReportHandler (AbstractContainerReportHandler.java:updateContainerState(145)) - Container #1 is in OPEN state, but the datanode 1573a222-9ada-47a6-bc12-21286aa75403{ip: 192.168.34.56, host: pr-hdds-2330-xmbvw-1183399999, networkLocation: /default-rack, certSerialId: null} reports an CLOSED replica.
2019-10-18 12:51:01,810 [BlockDeletingService#2] WARN  background.BlockDeletingService (BlockDeletingService.java:isDeletionAllowed(187)) - Close Container log Index 6 is not replicated across allthe servers in the pipeline 18f6f15d-c63f-47db-b28d-6a6b47b3b231 as the min replicated index is 4. Deletion is not allowed in this container yet.
2019-10-18 12:51:01,810 [BlockDeletingService#2] WARN  background.BlockDeletingService (BlockDeletingService.java:isDeletionAllowed(187)) - Close Container log Index 6 is not replicated across allthe servers in the pipeline 18f6f15d-c63f-47db-b28d-6a6b47b3b231 as the min replicated index is 4. Deletion is not allowed in this container yet.
2019-10-18 12:51:01,834 [EventQueue-ContainerReportForContainerReportHandler] WARN  container.ContainerReportHandler (AbstractContainerReportHandler.java:updateContainerState(145)) - Container #1 is in OPEN state, but the datanode 1573a222-9ada-47a6-bc12-21286aa75403{ip: 192.168.34.56, host: pr-hdds-2330-xmbvw-1183399999, networkLocation: /default-rack, certSerialId: null} reports an CLOSED replica.
2019-10-18 12:51:01,932 [EventQueue-ContainerReportForContainerReportHandler] WARN  container.ContainerReportHandler (AbstractContainerReportHandler.java:updateContainerState(145)) - Container #1 is in OPEN state, but the datanode 7efb2e96-f9c3-4063-84ab-0234e1cfa3ef{ip: 192.168.34.56, host: pr-hdds-2330-xmbvw-1183399999, networkLocation: /default-rack, certSerialId: null} reports an CLOSED replica.
2019-10-18 12:51:02,232 [EventQueue-ContainerReportForContainerReportHandler] WARN  container.ContainerReportHandler (AbstractContainerReportHandler.java:updateContainerState(145)) - Container #1 is in OPEN state, but the datanode 7efb2e96-f9c3-4063-84ab-0234e1cfa3ef{ip: 192.168.34.56, host: pr-hdds-2330-xmbvw-1183399999, networkLocation: /default-rack, certSerialId: null} reports an CLOSED replica.
2019-10-18 12:51:02,234 [EventQueue-ContainerReportForContainerReportHandler] WARN  container.ContainerReportHandler (AbstractContainerReportHandler.java:updateContainerState(145)) - Container #1 is in OPEN state, but the datanode 1573a222-9ada-47a6-bc12-21286aa75403{ip: 192.168.34.56, host: pr-hdds-2330-xmbvw-1183399999, networkLocation: /default-rack, certSerialId: null} reports an CLOSED replica.
2019-10-18 12:51:02,434 [EventQueue-ContainerReportForContainerReportHandler] WARN  container.ContainerReportHandler (AbstractContainerReportHandler.java:updateContainerState(145)) - Container #1 is in OPEN state, but the datanode 1573a222-9ada-47a6-bc12-21286aa75403{ip: 192.168.34.56, host: pr-hdds-2330-xmbvw-1183399999, networkLocation: /default-rack, certSerialId: null} reports an CLOSED replica.
2019-10-18 12:51:02,532 [EventQueue-ContainerReportForContainerReportHandler] WARN  container.ContainerReportHandler (AbstractContainerReportHandler.java:updateContainerState(145)) - Container #1 is in OPEN state, but the datanode 7efb2e96-f9c3-4063-84ab-0234e1cfa3ef{ip: 192.168.34.56, host: pr-hdds-2330-xmbvw-1183399999, networkLocation: /default-rack, certSerialId: null} reports an CLOSED replica.
2019-10-18 12:51:02,734 [EventQueue-ContainerReportForContainerReportHandler] WARN  container.ContainerReportHandler (AbstractContainerReportHandler.java:updateContainerState(145)) - Container #1 is in OPEN state, but the datanode 1573a222-9ada-47a6-bc12-21286aa75403{ip: 192.168.34.56, host: pr-hdds-2330-xmbvw-1183399999, networkLocation: /default-rack, certSerialId: null} reports an CLOSED replica.
2019-10-18 12:51:02,812 [BlockDeletingService#2] WARN  background.BlockDeletingService (BlockDeletingService.java:isDeletionAllowed(187)) - Close Container log Index 6 is not replicated across allthe servers in the pipeline 18f6f15d-c63f-47db-b28d-6a6b47b3b231 as the min replicated index is 4. Deletion is not allowed in this container yet.
2019-10-18 12:51:02,812 [BlockDeletingService#2] WARN  background.BlockDeletingService (BlockDeletingService.java:isDeletionAllowed(187)) - Close Container log Index 6 is not replicated across allthe servers in the pipeline 18f6f15d-c63f-47db-b28d-6a6b47b3b231 as the min replicated index is 4. Deletion is not allowed in this container yet.
2019-10-18 12:51:02,932 [EventQueue-ContainerReportForContainerReportHandler] WARN  container.ContainerReportHandler (AbstractContainerReportHandler.java:updateContainerState(145)) - Container #1 is in OPEN state, but the datanode 7efb2e96-f9c3-4063-84ab-0234e1cfa3ef{ip: 192.168.34.56, host: pr-hdds-2330-xmbvw-1183399999, networkLocation: /default-rack, certSerialId: null} reports an CLOSED replica.
2019-10-18 12:51:02,949 [java.util.concurrent.ThreadPoolExecutor$Worker@2fa800c4[State = -1, empty queue]] WARN  server.GrpcLogAppender (GrpcLogAppender.java:timeoutAppendRequest(209)) - 1573a222-9ada-47a6-bc12-21286aa75403@group-6A6B47B3B231->791861f8-afde-4d35-9346-06d148d36ddc-GrpcLogAppender: appendEntries Timeout, request=1573a222-9ada-47a6-bc12-21286aa75403->791861f8-afde-4d35-9346-06d148d36ddc#40-t2, previous=(t:2, i:10), leaderCommit=10, initializing? false, entries: <empty>
2019-10-18 12:51:03,135 [EventQueue-ContainerReportForContainerReportHandler] WARN  container.ContainerReportHandler (AbstractContainerReportHandler.java:updateContainerState(145)) - Container #1 is in OPEN state, but the datanode 1573a222-9ada-47a6-bc12-21286aa75403{ip: 192.168.34.56, host: pr-hdds-2330-xmbvw-1183399999, networkLocation: /default-rack, certSerialId: null} reports an CLOSED replica.
2019-10-18 12:51:03,232 [EventQueue-ContainerReportForContainerReportHandler] WARN  container.ContainerReportHandler (AbstractContainerReportHandler.java:updateContainerState(145)) - Container #1 is in OPEN state, but the datanode 7efb2e96-f9c3-4063-84ab-0234e1cfa3ef{ip: 192.168.34.56, host: pr-hdds-2330-xmbvw-1183399999, networkLocation: /default-rack, certSerialId: null} reports an CLOSED replica.
2019-10-18 12:51:03,436 [EventQueue-ContainerReportForContainerReportHandler] WARN  container.ContainerReportHandler (AbstractContainerReportHandler.java:updateContainerState(145)) - Container #1 is in OPEN state, but the datanode 1573a222-9ada-47a6-bc12-21286aa75403{ip: 192.168.34.56, host: pr-hdds-2330-xmbvw-1183399999, networkLocation: /default-rack, certSerialId: null} reports an CLOSED replica.
2019-10-18 12:51:03,533 [EventQueue-ContainerReportForContainerReportHandler] WARN  container.ContainerReportHandler (AbstractContainerReportHandler.java:updateContainerState(145)) - Container #1 is in OPEN state, but the datanode 7efb2e96-f9c3-4063-84ab-0234e1cfa3ef{ip: 192.168.34.56, host: pr-hdds-2330-xmbvw-1183399999, networkLocation: /default-rack, certSerialId: null} reports an CLOSED replica.
2019-10-18 12:51:03,733 [EventQueue-ContainerReportForContainerReportHandler] WARN  container.ContainerReportHandler (AbstractContainerReportHandler.java:updateContainerState(145)) - Container #1 is in OPEN state, but the datanode 7efb2e96-f9c3-4063-84ab-0234e1cfa3ef{ip: 192.168.34.56, host: pr-hdds-2330-xmbvw-1183399999, networkLocation: /default-rack, certSerialId: null} reports an CLOSED replica.
2019-10-18 12:51:03,813 [BlockDeletingService#2] WARN  background.BlockDeletingService (BlockDeletingService.java:isDeletionAllowed(187)) - Close Container log Index 6 is not replicated across allthe servers in the pipeline 18f6f15d-c63f-47db-b28d-6a6b47b3b231 as the min replicated index is 4. Deletion is not allowed in this container yet.
2019-10-18 12:51:03,813 [BlockDeletingService#2] WARN  background.BlockDeletingService (BlockDeletingService.java:isDeletionAllowed(187)) - Close Container log Index 6 is not replicated across allthe servers in the pipeline 18f6f15d-c63f-47db-b28d-6a6b47b3b231 as the min replicated index is 4. Deletion is not allowed in this container yet.
2019-10-18 12:51:03,836 [EventQueue-ContainerReportForContainerReportHandler] WARN  container.ContainerReportHandler (AbstractContainerReportHandler.java:updateContainerState(145)) - Container #1 is in OPEN state, but the datanode 1573a222-9ada-47a6-bc12-21286aa75403{ip: 192.168.34.56, host: pr-hdds-2330-xmbvw-1183399999, networkLocation: /default-rack, certSerialId: null} reports an CLOSED replica.
2019-10-18 12:51:04,032 [EventQueue-ContainerReportForContainerReportHandler] WARN  container.ContainerReportHandler (AbstractContainerReportHandler.java:updateContainerState(145)) - Container #1 is in OPEN state, but the datanode 7efb2e96-f9c3-4063-84ab-0234e1cfa3ef{ip: 192.168.34.56, host: pr-hdds-2330-xmbvw-1183399999, networkLocation: /default-rack, certSerialId: null} reports an CLOSED replica.
2019-10-18 12:51:04,137 [EventQueue-ContainerReportForContainerReportHandler] WARN  container.ContainerReportHandler (AbstractContainerReportHandler.java:updateContainerState(145)) - Container #1 is in OPEN state, but the datanode 1573a222-9ada-47a6-bc12-21286aa75403{ip: 192.168.34.56, host: pr-hdds-2330-xmbvw-1183399999, networkLocation: /default-rack, certSerialId: null} reports an CLOSED replica.
2019-10-18 12:51:04,232 [EventQueue-ContainerReportForContainerReportHandler] WARN  container.ContainerReportHandler (AbstractContainerReportHandler.java:updateContainerState(145)) - Container #1 is in OPEN state, but the datanode 7efb2e96-f9c3-4063-84ab-0234e1cfa3ef{ip: 192.168.34.56, host: pr-hdds-2330-xmbvw-1183399999, networkLocation: /default-rack, certSerialId: null} reports an CLOSED replica.
2019-10-18 12:51:04,337 [EventQueue-ContainerReportForContainerReportHandler] WARN  container.ContainerReportHandler (AbstractContainerReportHandler.java:updateContainerState(145)) - Container #1 is in OPEN state, but the datanode 1573a222-9ada-47a6-bc12-21286aa75403{ip: 192.168.34.56, host: pr-hdds-2330-xmbvw-1183399999, networkLocation: /default-rack, certSerialId: null} reports an CLOSED replica.
2019-10-18 12:51:04,633 [EventQueue-ContainerReportForContainerReportHandler] WARN  container.ContainerReportHandler (AbstractContainerReportHandler.java:updateContainerState(145)) - Container #1 is in OPEN state, but the datanode 7efb2e96-f9c3-4063-84ab-0234e1cfa3ef{ip: 192.168.34.56, host: pr-hdds-2330-xmbvw-1183399999, networkLocation: /default-rack, certSerialId: null} reports an CLOSED replica.
2019-10-18 12:51:04,738 [EventQueue-ContainerReportForContainerReportHandler] WARN  container.ContainerReportHandler (AbstractContainerReportHandler.java:updateContainerState(145)) - Container #1 is in OPEN state, but the datanode 1573a222-9ada-47a6-bc12-21286aa75403{ip: 192.168.34.56, host: pr-hdds-2330-xmbvw-1183399999, networkLocation: /default-rack, certSerialId: null} reports an CLOSED replica.
2019-10-18 12:51:04,815 [BlockDeletingService#2] WARN  background.BlockDeletingService (BlockDeletingService.java:isDeletionAllowed(187)) - Close Container log Index 6 is not replicated across allthe servers in the pipeline 18f6f15d-c63f-47db-b28d-6a6b47b3b231 as the min replicated index is 4. Deletion is not allowed in this container yet.
2019-10-18 12:51:04,815 [BlockDeletingService#2] WARN  background.BlockDeletingService (BlockDeletingService.java:isDeletionAllowed(187)) - Close Container log Index 6 is not replicated across allthe servers in the pipeline 18f6f15d-c63f-47db-b28d-6a6b47b3b231 as the min replicated index is 4. Deletion is not allowed in this container yet.
2019-10-18 12:51:04,934 [EventQueue-ContainerReportForContainerReportHandler] WARN  container.ContainerReportHandler (AbstractContainerReportHandler.java:updateContainerState(145)) - Container #1 is in OPEN state, but the datanode 7efb2e96-f9c3-4063-84ab-0234e1cfa3ef{ip: 192.168.34.56, host: pr-hdds-2330-xmbvw-1183399999, networkLocation: /default-rack, certSerialId: null} reports an CLOSED replica.
2019-10-18 12:51:05,039 [EventQueue-ContainerReportForContainerReportHandler] WARN  container.ContainerReportHandler (AbstractContainerReportHandler.java:updateContainerState(145)) - Container #1 is in OPEN state, but the datanode 1573a222-9ada-47a6-bc12-21286aa75403{ip: 192.168.34.56, host: pr-hdds-2330-xmbvw-1183399999, networkLocation: /default-rack, certSerialId: null} reports an CLOSED replica.
2019-10-18 12:51:05,134 [EventQueue-ContainerReportForContainerReportHandler] WARN  container.ContainerReportHandler (AbstractContainerReportHandler.java:updateContainerState(145)) - Container #1 is in OPEN state, but the datanode 7efb2e96-f9c3-4063-84ab-0234e1cfa3ef{ip: 192.168.34.56, host: pr-hdds-2330-xmbvw-1183399999, networkLocation: /default-rack, certSerialId: null} reports an CLOSED replica.
2019-10-18 12:51:05,334 [EventQueue-ContainerReportForContainerReportHandler] WARN  container.ContainerReportHandler (AbstractContainerReportHandler.java:updateContainerState(145)) - Container #1 is in OPEN state, but the datanode 7efb2e96-f9c3-4063-84ab-0234e1cfa3ef{ip: 192.168.34.56, host: pr-hdds-2330-xmbvw-1183399999, networkLocation: /default-rack, certSerialId: null} reports an CLOSED replica.
2019-10-18 12:51:05,439 [EventQueue-ContainerReportForContainerReportHandler] WARN  container.ContainerReportHandler (AbstractContainerReportHandler.java:updateContainerState(145)) - Container #1 is in OPEN state, but the datanode 1573a222-9ada-47a6-bc12-21286aa75403{ip: 192.168.34.56, host: pr-hdds-2330-xmbvw-1183399999, networkLocation: /default-rack, certSerialId: null} reports an CLOSED replica.
2019-10-18 12:51:05,450 [java.util.concurrent.ThreadPoolExecutor$Worker@2fa800c4[State = -1, empty queue]] WARN  server.GrpcLogAppender (GrpcLogAppender.java:timeoutAppendRequest(209)) - 1573a222-9ada-47a6-bc12-21286aa75403@group-6A6B47B3B231->791861f8-afde-4d35-9346-06d148d36ddc-GrpcLogAppender: appendEntries Timeout, request=1573a222-9ada-47a6-bc12-21286aa75403->791861f8-afde-4d35-9346-06d148d36ddc#41-t2, previous=(t:2, i:10), leaderCommit=10, initializing? false, entries: <empty>
2019-10-18 12:51:05,635 [EventQueue-ContainerReportForContainerReportHandler] WARN  container.ContainerReportHandler (AbstractContainerReportHandler.java:updateContainerState(145)) - Container #1 is in OPEN state, but the datanode 7efb2e96-f9c3-4063-84ab-0234e1cfa3ef{ip: 192.168.34.56, host: pr-hdds-2330-xmbvw-1183399999, networkLocation: /default-rack, certSerialId: null} reports an CLOSED replica.
2019-10-18 12:51:05,739 [EventQueue-ContainerReportForContainerReportHandler] WARN  container.ContainerReportHandler (AbstractContainerReportHandler.java:updateContainerState(145)) - Container #1 is in OPEN state, but the datanode 1573a222-9ada-47a6-bc12-21286aa75403{ip: 192.168.34.56, host: pr-hdds-2330-xmbvw-1183399999, networkLocation: /default-rack, certSerialId: null} reports an CLOSED replica.
2019-10-18 12:51:05,816 [BlockDeletingService#2] WARN  background.BlockDeletingService (BlockDeletingService.java:isDeletionAllowed(187)) - Close Container log Index 6 is not replicated across allthe servers in the pipeline 18f6f15d-c63f-47db-b28d-6a6b47b3b231 as the min replicated index is 4. Deletion is not allowed in this container yet.
2019-10-18 12:51:05,816 [BlockDeletingService#2] WARN  background.BlockDeletingService (BlockDeletingService.java:isDeletionAllowed(187)) - Close Container log Index 6 is not replicated across allthe servers in the pipeline 18f6f15d-c63f-47db-b28d-6a6b47b3b231 as the min replicated index is 4. Deletion is not allowed in this container yet.
2019-10-18 12:51:06,035 [EventQueue-ContainerReportForContainerReportHandler] WARN  container.ContainerReportHandler (AbstractContainerReportHandler.java:updateContainerState(145)) - Container #1 is in OPEN state, but the datanode 7efb2e96-f9c3-4063-84ab-0234e1cfa3ef{ip: 192.168.34.56, host: pr-hdds-2330-xmbvw-1183399999, networkLocation: /default-rack, certSerialId: null} reports an CLOSED replica.
2019-10-18 12:51:06,138 [EventQueue-ContainerReportForContainerReportHandler] WARN  container.ContainerReportHandler (AbstractContainerReportHandler.java:updateContainerState(145)) - Container #1 is in OPEN state, but the datanode 1573a222-9ada-47a6-bc12-21286aa75403{ip: 192.168.34.56, host: pr-hdds-2330-xmbvw-1183399999, networkLocation: /default-rack, certSerialId: null} reports an CLOSED replica.
2019-10-18 12:51:06,335 [EventQueue-ContainerReportForContainerReportHandler] WARN  container.ContainerReportHandler (AbstractContainerReportHandler.java:updateContainerState(145)) - Container #1 is in OPEN state, but the datanode 7efb2e96-f9c3-4063-84ab-0234e1cfa3ef{ip: 192.168.34.56, host: pr-hdds-2330-xmbvw-1183399999, networkLocation: /default-rack, certSerialId: null} reports an CLOSED replica.
2019-10-18 12:51:06,439 [EventQueue-ContainerReportForContainerReportHandler] WARN  container.ContainerReportHandler (AbstractContainerReportHandler.java:updateContainerState(145)) - Container #1 is in OPEN state, but the datanode 1573a222-9ada-47a6-bc12-21286aa75403{ip: 192.168.34.56, host: pr-hdds-2330-xmbvw-1183399999, networkLocation: /default-rack, certSerialId: null} reports an CLOSED replica.
2019-10-18 12:51:06,635 [EventQueue-ContainerReportForContainerReportHandler] WARN  container.ContainerReportHandler (AbstractContainerReportHandler.java:updateContainerState(145)) - Container #1 is in OPEN state, but the datanode 7efb2e96-f9c3-4063-84ab-0234e1cfa3ef{ip: 192.168.34.56, host: pr-hdds-2330-xmbvw-1183399999, networkLocation: /default-rack, certSerialId: null} reports an CLOSED replica.
2019-10-18 12:51:06,739 [EventQueue-ContainerReportForContainerReportHandler] WARN  container.ContainerReportHandler (AbstractContainerReportHandler.java:updateContainerState(145)) - Container #1 is in OPEN state, but the datanode 1573a222-9ada-47a6-bc12-21286aa75403{ip: 192.168.34.56, host: pr-hdds-2330-xmbvw-1183399999, networkLocation: /default-rack, certSerialId: null} reports an CLOSED replica.
2019-10-18 12:51:06,817 [BlockDeletingService#2] WARN  background.BlockDeletingService (BlockDeletingService.java:isDeletionAllowed(187)) - Close Container log Index 6 is not replicated across allthe servers in the pipeline 18f6f15d-c63f-47db-b28d-6a6b47b3b231 as the min replicated index is 4. Deletion is not allowed in this container yet.
2019-10-18 12:51:06,818 [BlockDeletingService#2] WARN  background.BlockDeletingService (BlockDeletingService.java:isDeletionAllowed(187)) - Close Container log Index 6 is not replicated across allthe servers in the pipeline 18f6f15d-c63f-47db-b28d-6a6b47b3b231 as the min replicated index is 4. Deletion is not allowed in this container yet.
2019-10-18 12:51:06,936 [EventQueue-ContainerReportForContainerReportHandler] WARN  container.ContainerReportHandler (AbstractContainerReportHandler.java:updateContainerState(145)) - Container #1 is in OPEN state, but the datanode 7efb2e96-f9c3-4063-84ab-0234e1cfa3ef{ip: 192.168.34.56, host: pr-hdds-2330-xmbvw-1183399999, networkLocation: /default-rack, certSerialId: null} reports an CLOSED replica.
2019-10-18 12:51:07,140 [EventQueue-ContainerReportForContainerReportHandler] WARN  container.ContainerReportHandler (AbstractContainerReportHandler.java:updateContainerState(145)) - Container #1 is in OPEN state, but the datanode 1573a222-9ada-47a6-bc12-21286aa75403{ip: 192.168.34.56, host: pr-hdds-2330-xmbvw-1183399999, networkLocation: /default-rack, certSerialId: null} reports an CLOSED replica.
2019-10-18 12:51:07,236 [EventQueue-ContainerReportForContainerReportHandler] WARN  container.ContainerReportHandler (AbstractContainerReportHandler.java:updateContainerState(145)) - Container #1 is in OPEN state, but the datanode 7efb2e96-f9c3-4063-84ab-0234e1cfa3ef{ip: 192.168.34.56, host: pr-hdds-2330-xmbvw-1183399999, networkLocation: /default-rack, certSerialId: null} reports an CLOSED replica.
2019-10-18 12:51:07,441 [EventQueue-ContainerReportForContainerReportHandler] WARN  container.ContainerReportHandler (AbstractContainerReportHandler.java:updateContainerState(145)) - Container #1 is in OPEN state, but the datanode 1573a222-9ada-47a6-bc12-21286aa75403{ip: 192.168.34.56, host: pr-hdds-2330-xmbvw-1183399999, networkLocation: /default-rack, certSerialId: null} reports an CLOSED replica.
2019-10-18 12:51:07,584 [Thread-459] INFO  client.GrpcClientProtocolService (GrpcClientProtocolService.java:lambda$processClientRequest$0(278)) - Failed RaftClientRequest:client-89547DF785DD->7efb2e96-f9c3-4063-84ab-0234e1cfa3ef@group-6A6B47B3B231, cid=10, seq=0, Watch-ALL_COMMITTED(6), Message:<EMPTY>, reply=RaftClientReply:client-89547DF785DD->7efb2e96-f9c3-4063-84ab-0234e1cfa3ef@group-6A6B47B3B231, cid=10, FAILED org.apache.ratis.protocol.NotLeaderException: Server 7efb2e96-f9c3-4063-84ab-0234e1cfa3ef@group-6A6B47B3B231 is not the leader 1573a222-9ada-47a6-bc12-21286aa75403:192.168.34.56:40119, logIndex=0, commits[7efb2e96-f9c3-4063-84ab-0234e1cfa3ef:c10, 1573a222-9ada-47a6-bc12-21286aa75403:c10, 791861f8-afde-4d35-9346-06d148d36ddc:c4]
2019-10-18 12:51:07,636 [EventQueue-ContainerReportForContainerReportHandler] WARN  container.ContainerReportHandler (AbstractContainerReportHandler.java:updateContainerState(145)) - Container #1 is in OPEN state, but the datanode 7efb2e96-f9c3-4063-84ab-0234e1cfa3ef{ip: 192.168.34.56, host: pr-hdds-2330-xmbvw-1183399999, networkLocation: /default-rack, certSerialId: null} reports an CLOSED replica.
2019-10-18 12:51:07,742 [EventQueue-ContainerReportForContainerReportHandler] WARN  container.ContainerReportHandler (AbstractContainerReportHandler.java:updateContainerState(145)) - Container #1 is in OPEN state, but the datanode 1573a222-9ada-47a6-bc12-21286aa75403{ip: 192.168.34.56, host: pr-hdds-2330-xmbvw-1183399999, networkLocation: /default-rack, certSerialId: null} reports an CLOSED replica.
2019-10-18 12:51:07,819 [BlockDeletingService#2] WARN  background.BlockDeletingService (BlockDeletingService.java:isDeletionAllowed(187)) - Close Container log Index 6 is not replicated across allthe servers in the pipeline 18f6f15d-c63f-47db-b28d-6a6b47b3b231 as the min replicated index is 4. Deletion is not allowed in this container yet.
2019-10-18 12:51:07,819 [BlockDeletingService#2] WARN  background.BlockDeletingService (BlockDeletingService.java:isDeletionAllowed(187)) - Close Container log Index 6 is not replicated across allthe servers in the pipeline 18f6f15d-c63f-47db-b28d-6a6b47b3b231 as the min replicated index is 4. Deletion is not allowed in this container yet.
2019-10-18 12:51:07,837 [EventQueue-ContainerReportForContainerReportHandler] WARN  container.ContainerReportHandler (AbstractContainerReportHandler.java:updateContainerState(145)) - Container #1 is in OPEN state, but the datanode 7efb2e96-f9c3-4063-84ab-0234e1cfa3ef{ip: 192.168.34.56, host: pr-hdds-2330-xmbvw-1183399999, networkLocation: /default-rack, certSerialId: null} reports an CLOSED replica.
2019-10-18 12:51:07,951 [java.util.concurrent.ThreadPoolExecutor$Worker@2fa800c4[State = -1, empty queue]] WARN  server.GrpcLogAppender (GrpcLogAppender.java:timeoutAppendRequest(209)) - 1573a222-9ada-47a6-bc12-21286aa75403@group-6A6B47B3B231->791861f8-afde-4d35-9346-06d148d36ddc-GrpcLogAppender: appendEntries Timeout, request=1573a222-9ada-47a6-bc12-21286aa75403->791861f8-afde-4d35-9346-06d148d36ddc#42-t2, previous=(t:2, i:10), leaderCommit=10, initializing? false, entries: <empty>
2019-10-18 12:51:08,042 [EventQueue-ContainerReportForContainerReportHandler] WARN  container.ContainerReportHandler (AbstractContainerReportHandler.java:updateContainerState(145)) - Container #1 is in OPEN state, but the datanode 1573a222-9ada-47a6-bc12-21286aa75403{ip: 192.168.34.56, host: pr-hdds-2330-xmbvw-1183399999, networkLocation: /default-rack, certSerialId: null} reports an CLOSED replica.
2019-10-18 12:51:08,238 [EventQueue-ContainerReportForContainerReportHandler] WARN  container.ContainerReportHandler (AbstractContainerReportHandler.java:updateContainerState(145)) - Container #1 is in OPEN state, but the datanode 7efb2e96-f9c3-4063-84ab-0234e1cfa3ef{ip: 192.168.34.56, host: pr-hdds-2330-xmbvw-1183399999, networkLocation: /default-rack, certSerialId: null} reports an CLOSED replica.
2019-10-18 12:51:08,442 [EventQueue-ContainerReportForContainerReportHandler] WARN  container.ContainerReportHandler (AbstractContainerReportHandler.java:updateContainerState(145)) - Container #1 is in OPEN state, but the datanode 1573a222-9ada-47a6-bc12-21286aa75403{ip: 192.168.34.56, host: pr-hdds-2330-xmbvw-1183399999, networkLocation: /default-rack, certSerialId: null} reports an CLOSED replica.
2019-10-18 12:51:08,537 [EventQueue-ContainerReportForContainerReportHandler] WARN  container.ContainerReportHandler (AbstractContainerReportHandler.java:updateContainerState(145)) - Container #1 is in OPEN state, but the datanode 7efb2e96-f9c3-4063-84ab-0234e1cfa3ef{ip: 192.168.34.56, host: pr-hdds-2330-xmbvw-1183399999, networkLocation: /default-rack, certSerialId: null} reports an CLOSED replica.
2019-10-18 12:51:08,744 [EventQueue-ContainerReportForContainerReportHandler] WARN  container.ContainerReportHandler (AbstractContainerReportHandler.java:updateContainerState(145)) - Container #1 is in OPEN state, but the datanode 1573a222-9ada-47a6-bc12-21286aa75403{ip: 192.168.34.56, host: pr-hdds-2330-xmbvw-1183399999, networkLocation: /default-rack, certSerialId: null} reports an CLOSED replica.
2019-10-18 12:51:08,755 [Thread-464] INFO  client.GrpcClientProtocolService (GrpcClientProtocolService.java:lambda$processClientRequest$0(278)) - Failed RaftClientRequest:client-89547DF785DD->1573a222-9ada-47a6-bc12-21286aa75403@group-6A6B47B3B231, cid=10, seq=0, Watch-ALL_COMMITTED(6), Message:<EMPTY>, reply=RaftClientReply:client-89547DF785DD->1573a222-9ada-47a6-bc12-21286aa75403@group-6A6B47B3B231, cid=10, FAILED org.apache.ratis.protocol.NotReplicatedException: Request with call Id 10 and log index 6 is not yet replicated to ALL_COMMITTED, logIndex=6, commits[1573a222-9ada-47a6-bc12-21286aa75403:c10, 7efb2e96-f9c3-4063-84ab-0234e1cfa3ef:c10, 791861f8-afde-4d35-9346-06d148d36ddc:c4]
2019-10-18 12:51:08,821 [BlockDeletingService#2] WARN  background.BlockDeletingService (BlockDeletingService.java:isDeletionAllowed(187)) - Close Container log Index 6 is not replicated across allthe servers in the pipeline 18f6f15d-c63f-47db-b28d-6a6b47b3b231 as the min replicated index is 4. Deletion is not allowed in this container yet.
2019-10-18 12:51:08,821 [BlockDeletingService#2] WARN  background.BlockDeletingService (BlockDeletingService.java:isDeletionAllowed(187)) - Close Container log Index 6 is not replicated across allthe servers in the pipeline 18f6f15d-c63f-47db-b28d-6a6b47b3b231 as the min replicated index is 4. Deletion is not allowed in this container yet.
2019-10-18 12:51:08,838 [EventQueue-ContainerReportForContainerReportHandler] WARN  container.ContainerReportHandler (AbstractContainerReportHandler.java:updateContainerState(145)) - Container #1 is in OPEN state, but the datanode 7efb2e96-f9c3-4063-84ab-0234e1cfa3ef{ip: 192.168.34.56, host: pr-hdds-2330-xmbvw-1183399999, networkLocation: /default-rack, certSerialId: null} reports an CLOSED replica.
2019-10-18 12:51:08,943 [EventQueue-ContainerReportForContainerReportHandler] WARN  container.ContainerReportHandler (AbstractContainerReportHandler.java:updateContainerState(145)) - Container #1 is in OPEN state, but the datanode 1573a222-9ada-47a6-bc12-21286aa75403{ip: 192.168.34.56, host: pr-hdds-2330-xmbvw-1183399999, networkLocation: /default-rack, certSerialId: null} reports an CLOSED replica.
2019-10-18 12:51:09,037 [EventQueue-ContainerReportForContainerReportHandler] WARN  container.ContainerReportHandler (AbstractContainerReportHandler.java:updateContainerState(145)) - Container #1 is in OPEN state, but the datanode 7efb2e96-f9c3-4063-84ab-0234e1cfa3ef{ip: 192.168.34.56, host: pr-hdds-2330-xmbvw-1183399999, networkLocation: /default-rack, certSerialId: null} reports an CLOSED replica.
2019-10-18 12:51:09,143 [EventQueue-ContainerReportForContainerReportHandler] WARN  container.ContainerReportHandler (AbstractContainerReportHandler.java:updateContainerState(145)) - Container #1 is in OPEN state, but the datanode 1573a222-9ada-47a6-bc12-21286aa75403{ip: 192.168.34.56, host: pr-hdds-2330-xmbvw-1183399999, networkLocation: /default-rack, certSerialId: null} reports an CLOSED replica.
2019-10-18 12:51:09,338 [EventQueue-ContainerReportForContainerReportHandler] WARN  container.ContainerReportHandler (AbstractContainerReportHandler.java:updateContainerState(145)) - Container #1 is in OPEN state, but the datanode 7efb2e96-f9c3-4063-84ab-0234e1cfa3ef{ip: 192.168.34.56, host: pr-hdds-2330-xmbvw-1183399999, networkLocation: /default-rack, certSerialId: null} reports an CLOSED replica.
2019-10-18 12:51:09,538 [EventQueue-ContainerReportForContainerReportHandler] WARN  container.ContainerReportHandler (AbstractContainerReportHandler.java:updateContainerState(145)) - Container #1 is in OPEN state, but the datanode 7efb2e96-f9c3-4063-84ab-0234e1cfa3ef{ip: 192.168.34.56, host: pr-hdds-2330-xmbvw-1183399999, networkLocation: /default-rack, certSerialId: null} reports an CLOSED replica.
2019-10-18 12:51:09,543 [EventQueue-ContainerReportForContainerReportHandler] WARN  container.ContainerReportHandler (AbstractContainerReportHandler.java:updateContainerState(145)) - Container #1 is in OPEN state, but the datanode 1573a222-9ada-47a6-bc12-21286aa75403{ip: 192.168.34.56, host: pr-hdds-2330-xmbvw-1183399999, networkLocation: /default-rack, certSerialId: null} reports an CLOSED replica.
2019-10-18 12:51:09,743 [EventQueue-ContainerReportForContainerReportHandler] WARN  container.ContainerReportHandler (AbstractContainerReportHandler.java:updateContainerState(145)) - Container #1 is in OPEN state, but the datanode 1573a222-9ada-47a6-bc12-21286aa75403{ip: 192.168.34.56, host: pr-hdds-2330-xmbvw-1183399999, networkLocation: /default-rack, certSerialId: null} reports an CLOSED replica.
2019-10-18 12:51:09,825 [BlockDeletingService#2] WARN  background.BlockDeletingService (BlockDeletingService.java:isDeletionAllowed(187)) - Close Container log Index 6 is not replicated across allthe servers in the pipeline 18f6f15d-c63f-47db-b28d-6a6b47b3b231 as the min replicated index is 4. Deletion is not allowed in this container yet.
2019-10-18 12:51:09,825 [BlockDeletingService#2] WARN  background.BlockDeletingService (BlockDeletingService.java:isDeletionAllowed(187)) - Close Container log Index 6 is not replicated across allthe servers in the pipeline 18f6f15d-c63f-47db-b28d-6a6b47b3b231 as the min replicated index is 4. Deletion is not allowed in this container yet.
2019-10-18 12:51:09,938 [EventQueue-ContainerReportForContainerReportHandler] WARN  container.ContainerReportHandler (AbstractContainerReportHandler.java:updateContainerState(145)) - Container #1 is in OPEN state, but the datanode 7efb2e96-f9c3-4063-84ab-0234e1cfa3ef{ip: 192.168.34.56, host: pr-hdds-2330-xmbvw-1183399999, networkLocation: /default-rack, certSerialId: null} reports an CLOSED replica.
2019-10-18 12:51:10,143 [EventQueue-ContainerReportForContainerReportHandler] WARN  container.ContainerReportHandler (AbstractContainerReportHandler.java:updateContainerState(145)) - Container #1 is in OPEN state, but the datanode 1573a222-9ada-47a6-bc12-21286aa75403{ip: 192.168.34.56, host: pr-hdds-2330-xmbvw-1183399999, networkLocation: /default-rack, certSerialId: null} reports an CLOSED replica.
2019-10-18 12:51:10,338 [EventQueue-ContainerReportForContainerReportHandler] WARN  container.ContainerReportHandler (AbstractContainerReportHandler.java:updateContainerState(145)) - Container #1 is in OPEN state, but the datanode 7efb2e96-f9c3-4063-84ab-0234e1cfa3ef{ip: 192.168.34.56, host: pr-hdds-2330-xmbvw-1183399999, networkLocation: /default-rack, certSerialId: null} reports an CLOSED replica.
2019-10-18 12:51:10,343 [EventQueue-ContainerReportForContainerReportHandler] WARN  container.ContainerReportHandler (AbstractContainerReportHandler.java:updateContainerState(145)) - Container #1 is in OPEN state, but the datanode 1573a222-9ada-47a6-bc12-21286aa75403{ip: 192.168.34.56, host: pr-hdds-2330-xmbvw-1183399999, networkLocation: /default-rack, certSerialId: null} reports an CLOSED replica.
2019-10-18 12:51:10,451 [java.util.concurrent.ThreadPoolExecutor$Worker@2fa800c4[State = -1, empty queue]] WARN  server.GrpcLogAppender (GrpcLogAppender.java:timeoutAppendRequest(209)) - 1573a222-9ada-47a6-bc12-21286aa75403@group-6A6B47B3B231->791861f8-afde-4d35-9346-06d148d36ddc-GrpcLogAppender: appendEntries Timeout, request=1573a222-9ada-47a6-bc12-21286aa75403->791861f8-afde-4d35-9346-06d148d36ddc#43-t2, previous=(t:2, i:10), leaderCommit=10, initializing? false, entries: <empty>
2019-10-18 12:51:10,788 [EventQueue-ContainerReportForContainerReportHandler] WARN  container.ContainerReportHandler (AbstractContainerReportHandler.java:updateContainerState(145)) - Container #1 is in OPEN state, but the datanode 7efb2e96-f9c3-4063-84ab-0234e1cfa3ef{ip: 192.168.34.56, host: pr-hdds-2330-xmbvw-1183399999, networkLocation: /default-rack, certSerialId: null} reports an CLOSED replica.
2019-10-18 12:51:10,789 [EventQueue-ContainerReportForContainerReportHandler] WARN  container.ContainerReportHandler (AbstractContainerReportHandler.java:updateContainerState(145)) - Container #1 is in OPEN state, but the datanode 1573a222-9ada-47a6-bc12-21286aa75403{ip: 192.168.34.56, host: pr-hdds-2330-xmbvw-1183399999, networkLocation: /default-rack, certSerialId: null} reports an CLOSED replica.
2019-10-18 12:51:10,826 [BlockDeletingService#2] WARN  background.BlockDeletingService (BlockDeletingService.java:isDeletionAllowed(187)) - Close Container log Index 6 is not replicated across allthe servers in the pipeline 18f6f15d-c63f-47db-b28d-6a6b47b3b231 as the min replicated index is 4. Deletion is not allowed in this container yet.
2019-10-18 12:51:10,826 [BlockDeletingService#2] WARN  background.BlockDeletingService (BlockDeletingService.java:isDeletionAllowed(187)) - Close Container log Index 6 is not replicated across allthe servers in the pipeline 18f6f15d-c63f-47db-b28d-6a6b47b3b231 as the min replicated index is 4. Deletion is not allowed in this container yet.
2019-10-18 12:51:10,889 [EventQueue-ContainerReportForContainerReportHandler] WARN  container.ContainerReportHandler (AbstractContainerReportHandler.java:updateContainerState(145)) - Container #1 is in OPEN state, but the datanode 7efb2e96-f9c3-4063-84ab-0234e1cfa3ef{ip: 192.168.34.56, host: pr-hdds-2330-xmbvw-1183399999, networkLocation: /default-rack, certSerialId: null} reports an CLOSED replica.
2019-10-18 12:51:11,089 [EventQueue-ContainerReportForContainerReportHandler] WARN  container.ContainerReportHandler (AbstractContainerReportHandler.java:updateContainerState(145)) - Container #1 is in OPEN state, but the datanode 7efb2e96-f9c3-4063-84ab-0234e1cfa3ef{ip: 192.168.34.56, host: pr-hdds-2330-xmbvw-1183399999, networkLocation: /default-rack, certSerialId: null} reports an CLOSED replica.
2019-10-18 12:51:11,090 [EventQueue-ContainerReportForContainerReportHandler] WARN  container.ContainerReportHandler (AbstractContainerReportHandler.java:updateContainerState(145)) - Container #1 is in OPEN state, but the datanode 1573a222-9ada-47a6-bc12-21286aa75403{ip: 192.168.34.56, host: pr-hdds-2330-xmbvw-1183399999, networkLocation: /default-rack, certSerialId: null} reports an CLOSED replica.
2019-10-18 12:51:11,391 [EventQueue-ContainerReportForContainerReportHandler] WARN  container.ContainerReportHandler (AbstractContainerReportHandler.java:updateContainerState(145)) - Container #1 is in OPEN state, but the datanode 1573a222-9ada-47a6-bc12-21286aa75403{ip: 192.168.34.56, host: pr-hdds-2330-xmbvw-1183399999, networkLocation: /default-rack, certSerialId: null} reports an CLOSED replica.
2019-10-18 12:51:11,489 [EventQueue-ContainerReportForContainerReportHandler] WARN  container.ContainerReportHandler (AbstractContainerReportHandler.java:updateContainerState(145)) - Container #1 is in OPEN state, but the datanode 7efb2e96-f9c3-4063-84ab-0234e1cfa3ef{ip: 192.168.34.56, host: pr-hdds-2330-xmbvw-1183399999, networkLocation: /default-rack, certSerialId: null} reports an CLOSED replica.
2019-10-18 12:51:11,590 [EventQueue-ContainerReportForContainerReportHandler] WARN  container.ContainerReportHandler (AbstractContainerReportHandler.java:updateContainerState(145)) - Container #1 is in OPEN state, but the datanode 1573a222-9ada-47a6-bc12-21286aa75403{ip: 192.168.34.56, host: pr-hdds-2330-xmbvw-1183399999, networkLocation: /default-rack, certSerialId: null} reports an CLOSED replica.
2019-10-18 12:51:11,829 [BlockDeletingService#2] WARN  background.BlockDeletingService (BlockDeletingService.java:isDeletionAllowed(187)) - Close Container log Index 6 is not replicated across allthe servers in the pipeline 18f6f15d-c63f-47db-b28d-6a6b47b3b231 as the min replicated index is 4. Deletion is not allowed in this container yet.
2019-10-18 12:51:11,829 [BlockDeletingService#2] WARN  background.BlockDeletingService (BlockDeletingService.java:isDeletionAllowed(187)) - Close Container log Index 6 is not replicated across allthe servers in the pipeline 18f6f15d-c63f-47db-b28d-6a6b47b3b231 as the min replicated index is 4. Deletion is not allowed in this container yet.
2019-10-18 12:51:11,890 [EventQueue-ContainerReportForContainerReportHandler] WARN  container.ContainerReportHandler (AbstractContainerReportHandler.java:updateContainerState(145)) - Container #1 is in OPEN state, but the datanode 7efb2e96-f9c3-4063-84ab-0234e1cfa3ef{ip: 192.168.34.56, host: pr-hdds-2330-xmbvw-1183399999, networkLocation: /default-rack, certSerialId: null} reports an CLOSED replica.
2019-10-18 12:51:11,992 [EventQueue-ContainerReportForContainerReportHandler] WARN  container.ContainerReportHandler (AbstractContainerReportHandler.java:updateContainerState(145)) - Container #1 is in OPEN state, but the datanode 1573a222-9ada-47a6-bc12-21286aa75403{ip: 192.168.34.56, host: pr-hdds-2330-xmbvw-1183399999, networkLocation: /default-rack, certSerialId: null} reports an CLOSED replica.
2019-10-18 12:51:12,089 [EventQueue-ContainerReportForContainerReportHandler] WARN  container.ContainerReportHandler (AbstractContainerReportHandler.java:updateContainerState(145)) - Container #1 is in OPEN state, but the datanode 7efb2e96-f9c3-4063-84ab-0234e1cfa3ef{ip: 192.168.34.56, host: pr-hdds-2330-xmbvw-1183399999, networkLocation: /default-rack, certSerialId: null} reports an CLOSED replica.
2019-10-18 12:51:12,292 [EventQueue-ContainerReportForContainerReportHandler] WARN  container.ContainerReportHandler (AbstractContainerReportHandler.java:updateContainerState(145)) - Container #1 is in OPEN state, but the datanode 1573a222-9ada-47a6-bc12-21286aa75403{ip: 192.168.34.56, host: pr-hdds-2330-xmbvw-1183399999, networkLocation: /default-rack, certSerialId: null} reports an CLOSED replica.
2019-10-18 12:51:12,389 [EventQueue-ContainerReportForContainerReportHandler] WARN  container.ContainerReportHandler (AbstractContainerReportHandler.java:updateContainerState(145)) - Container #1 is in OPEN state, but the datanode 7efb2e96-f9c3-4063-84ab-0234e1cfa3ef{ip: 192.168.34.56, host: pr-hdds-2330-xmbvw-1183399999, networkLocation: /default-rack, certSerialId: null} reports an CLOSED replica.
2019-10-18 12:51:12,592 [EventQueue-ContainerReportForContainerReportHandler] WARN  container.ContainerReportHandler (AbstractContainerReportHandler.java:updateContainerState(145)) - Container #1 is in OPEN state, but the datanode 1573a222-9ada-47a6-bc12-21286aa75403{ip: 192.168.34.56, host: pr-hdds-2330-xmbvw-1183399999, networkLocation: /default-rack, certSerialId: null} reports an CLOSED replica.
2019-10-18 12:51:12,689 [EventQueue-ContainerReportForContainerReportHandler] WARN  container.ContainerReportHandler (AbstractContainerReportHandler.java:updateContainerState(145)) - Container #1 is in OPEN state, but the datanode 7efb2e96-f9c3-4063-84ab-0234e1cfa3ef{ip: 192.168.34.56, host: pr-hdds-2330-xmbvw-1183399999, networkLocation: /default-rack, certSerialId: null} reports an CLOSED replica.
2019-10-18 12:51:12,831 [BlockDeletingService#2] WARN  background.BlockDeletingService (BlockDeletingService.java:isDeletionAllowed(187)) - Close Container log Index 6 is not replicated across allthe servers in the pipeline 18f6f15d-c63f-47db-b28d-6a6b47b3b231 as the min replicated index is 4. Deletion is not allowed in this container yet.
2019-10-18 12:51:12,831 [BlockDeletingService#2] WARN  background.BlockDeletingService (BlockDeletingService.java:isDeletionAllowed(187)) - Close Container log Index 6 is not replicated across allthe servers in the pipeline 18f6f15d-c63f-47db-b28d-6a6b47b3b231 as the min replicated index is 4. Deletion is not allowed in this container yet.
2019-10-18 12:51:12,892 [EventQueue-ContainerReportForContainerReportHandler] WARN  container.ContainerReportHandler (AbstractContainerReportHandler.java:updateContainerState(145)) - Container #1 is in OPEN state, but the datanode 1573a222-9ada-47a6-bc12-21286aa75403{ip: 192.168.34.56, host: pr-hdds-2330-xmbvw-1183399999, networkLocation: /default-rack, certSerialId: null} reports an CLOSED replica.
2019-10-18 12:51:12,952 [java.util.concurrent.ThreadPoolExecutor$Worker@2fa800c4[State = -1, empty queue]] WARN  server.GrpcLogAppender (GrpcLogAppender.java:timeoutAppendRequest(209)) - 1573a222-9ada-47a6-bc12-21286aa75403@group-6A6B47B3B231->791861f8-afde-4d35-9346-06d148d36ddc-GrpcLogAppender: appendEntries Timeout, request=1573a222-9ada-47a6-bc12-21286aa75403->791861f8-afde-4d35-9346-06d148d36ddc#44-t2, previous=(t:2, i:10), leaderCommit=10, initializing? false, entries: <empty>
2019-10-18 12:51:12,990 [EventQueue-ContainerReportForContainerReportHandler] WARN  container.ContainerReportHandler (AbstractContainerReportHandler.java:updateContainerState(145)) - Container #1 is in OPEN state, but the datanode 7efb2e96-f9c3-4063-84ab-0234e1cfa3ef{ip: 192.168.34.56, host: pr-hdds-2330-xmbvw-1183399999, networkLocation: /default-rack, certSerialId: null} reports an CLOSED replica.
2019-10-18 12:51:13,093 [EventQueue-ContainerReportForContainerReportHandler] WARN  container.ContainerReportHandler (AbstractContainerReportHandler.java:updateContainerState(145)) - Container #1 is in OPEN state, but the datanode 1573a222-9ada-47a6-bc12-21286aa75403{ip: 192.168.34.56, host: pr-hdds-2330-xmbvw-1183399999, networkLocation: /default-rack, certSerialId: null} reports an CLOSED replica.
2019-10-18 12:51:13,190 [EventQueue-ContainerReportForContainerReportHandler] WARN  container.ContainerReportHandler (AbstractContainerReportHandler.java:updateContainerState(145)) - Container #1 is in OPEN state, but the datanode 7efb2e96-f9c3-4063-84ab-0234e1cfa3ef{ip: 192.168.34.56, host: pr-hdds-2330-xmbvw-1183399999, networkLocation: /default-rack, certSerialId: null} reports an CLOSED replica.
2019-10-18 12:51:13,393 [EventQueue-ContainerReportForContainerReportHandler] WARN  container.ContainerReportHandler (AbstractContainerReportHandler.java:updateContainerState(145)) - Container #1 is in OPEN state, but the datanode 1573a222-9ada-47a6-bc12-21286aa75403{ip: 192.168.34.56, host: pr-hdds-2330-xmbvw-1183399999, networkLocation: /default-rack, certSerialId: null} reports an CLOSED replica.
2019-10-18 12:51:13,491 [EventQueue-ContainerReportForContainerReportHandler] WARN  container.ContainerReportHandler (AbstractContainerReportHandler.java:updateContainerState(145)) - Container #1 is in OPEN state, but the datanode 7efb2e96-f9c3-4063-84ab-0234e1cfa3ef{ip: 192.168.34.56, host: pr-hdds-2330-xmbvw-1183399999, networkLocation: /default-rack, certSerialId: null} reports an CLOSED replica.
2019-10-18 12:51:13,593 [EventQueue-ContainerReportForContainerReportHandler] WARN  container.ContainerReportHandler (AbstractContainerReportHandler.java:updateContainerState(145)) - Container #1 is in OPEN state, but the datanode 1573a222-9ada-47a6-bc12-21286aa75403{ip: 192.168.34.56, host: pr-hdds-2330-xmbvw-1183399999, networkLocation: /default-rack, certSerialId: null} reports an CLOSED replica.
2019-10-18 12:51:13,791 [EventQueue-ContainerReportForContainerReportHandler] WARN  container.ContainerReportHandler (AbstractContainerReportHandler.java:updateContainerState(145)) - Container #1 is in OPEN state, but the datanode 7efb2e96-f9c3-4063-84ab-0234e1cfa3ef{ip: 192.168.34.56, host: pr-hdds-2330-xmbvw-1183399999, networkLocation: /default-rack, certSerialId: null} reports an CLOSED replica.
2019-10-18 12:51:13,833 [BlockDeletingService#2] WARN  background.BlockDeletingService (BlockDeletingService.java:isDeletionAllowed(187)) - Close Container log Index 6 is not replicated across allthe servers in the pipeline 18f6f15d-c63f-47db-b28d-6a6b47b3b231 as the min replicated index is 4. Deletion is not allowed in this container yet.
2019-10-18 12:51:13,833 [BlockDeletingService#2] WARN  background.BlockDeletingService (BlockDeletingService.java:isDeletionAllowed(187)) - Close Container log Index 6 is not replicated across allthe servers in the pipeline 18f6f15d-c63f-47db-b28d-6a6b47b3b231 as the min replicated index is 4. Deletion is not allowed in this container yet.
2019-10-18 12:51:13,893 [EventQueue-ContainerReportForContainerReportHandler] WARN  container.ContainerReportHandler (AbstractContainerReportHandler.java:updateContainerState(145)) - Container #1 is in OPEN state, but the datanode 1573a222-9ada-47a6-bc12-21286aa75403{ip: 192.168.34.56, host: pr-hdds-2330-xmbvw-1183399999, networkLocation: /default-rack, certSerialId: null} reports an CLOSED replica.
2019-10-18 12:51:13,993 [EventQueue-ContainerReportForContainerReportHandler] WARN  container.ContainerReportHandler (AbstractContainerReportHandler.java:updateContainerState(145)) - Container #1 is in OPEN state, but the datanode 7efb2e96-f9c3-4063-84ab-0234e1cfa3ef{ip: 192.168.34.56, host: pr-hdds-2330-xmbvw-1183399999, networkLocation: /default-rack, certSerialId: null} reports an CLOSED replica.
2019-10-18 12:51:14,193 [EventQueue-ContainerReportForContainerReportHandler] WARN  container.ContainerReportHandler (AbstractContainerReportHandler.java:updateContainerState(145)) - Container #1 is in OPEN state, but the datanode 7efb2e96-f9c3-4063-84ab-0234e1cfa3ef{ip: 192.168.34.56, host: pr-hdds-2330-xmbvw-1183399999, networkLocation: /default-rack, certSerialId: null} reports an CLOSED replica.
2019-10-18 12:51:14,194 [EventQueue-ContainerReportForContainerReportHandler] WARN  container.ContainerReportHandler (AbstractContainerReportHandler.java:updateContainerState(145)) - Container #1 is in OPEN state, but the datanode 1573a222-9ada-47a6-bc12-21286aa75403{ip: 192.168.34.56, host: pr-hdds-2330-xmbvw-1183399999, networkLocation: /default-rack, certSerialId: null} reports an CLOSED replica.
2019-10-18 12:51:14,494 [EventQueue-ContainerReportForContainerReportHandler] WARN  container.ContainerReportHandler (AbstractContainerReportHandler.java:updateContainerState(145)) - Container #1 is in OPEN state, but the datanode 7efb2e96-f9c3-4063-84ab-0234e1cfa3ef{ip: 192.168.34.56, host: pr-hdds-2330-xmbvw-1183399999, networkLocation: /default-rack, certSerialId: null} reports an CLOSED replica.
2019-10-18 12:51:14,595 [EventQueue-ContainerReportForContainerReportHandler] WARN  container.ContainerReportHandler (AbstractContainerReportHandler.java:updateContainerState(145)) - Container #1 is in OPEN state, but the datanode 1573a222-9ada-47a6-bc12-21286aa75403{ip: 192.168.34.56, host: pr-hdds-2330-xmbvw-1183399999, networkLocation: /default-rack, certSerialId: null} reports an CLOSED replica.
2019-10-18 12:51:14,797 [EventQueue-ContainerReportForContainerReportHandler] WARN  container.ContainerReportHandler (AbstractContainerReportHandler.java:updateContainerState(145)) - Container #1 is in OPEN state, but the datanode 7efb2e96-f9c3-4063-84ab-0234e1cfa3ef{ip: 192.168.34.56, host: pr-hdds-2330-xmbvw-1183399999, networkLocation: /default-rack, certSerialId: null} reports an CLOSED replica.
2019-10-18 12:51:14,835 [BlockDeletingService#2] WARN  background.BlockDeletingService (BlockDeletingService.java:isDeletionAllowed(187)) - Close Container log Index 6 is not replicated across allthe servers in the pipeline 18f6f15d-c63f-47db-b28d-6a6b47b3b231 as the min replicated index is 4. Deletion is not allowed in this container yet.
2019-10-18 12:51:14,835 [BlockDeletingService#2] WARN  background.BlockDeletingService (BlockDeletingService.java:isDeletionAllowed(187)) - Close Container log Index 6 is not replicated across allthe servers in the pipeline 18f6f15d-c63f-47db-b28d-6a6b47b3b231 as the min replicated index is 4. Deletion is not allowed in this container yet.
2019-10-18 12:51:14,897 [EventQueue-ContainerReportForContainerReportHandler] WARN  container.ContainerReportHandler (AbstractContainerReportHandler.java:updateContainerState(145)) - Container #1 is in OPEN state, but the datanode 1573a222-9ada-47a6-bc12-21286aa75403{ip: 192.168.34.56, host: pr-hdds-2330-xmbvw-1183399999, networkLocation: /default-rack, certSerialId: null} reports an CLOSED replica.
2019-10-18 12:51:15,098 [EventQueue-ContainerReportForContainerReportHandler] WARN  container.ContainerReportHandler (AbstractContainerReportHandler.java:updateContainerState(145)) - Container #1 is in OPEN state, but the datanode 7efb2e96-f9c3-4063-84ab-0234e1cfa3ef{ip: 192.168.34.56, host: pr-hdds-2330-xmbvw-1183399999, networkLocation: /default-rack, certSerialId: null} reports an CLOSED replica.
2019-10-18 12:51:15,199 [EventQueue-ContainerReportForContainerReportHandler] WARN  container.ContainerReportHandler (AbstractContainerReportHandler.java:updateContainerState(145)) - Container #1 is in OPEN state, but the datanode 1573a222-9ada-47a6-bc12-21286aa75403{ip: 192.168.34.56, host: pr-hdds-2330-xmbvw-1183399999, networkLocation: /default-rack, certSerialId: null} reports an CLOSED replica.
2019-10-18 12:51:15,397 [EventQueue-ContainerReportForContainerReportHandler] WARN  container.ContainerReportHandler (AbstractContainerReportHandler.java:updateContainerState(145)) - Container #1 is in OPEN state, but the datanode 7efb2e96-f9c3-4063-84ab-0234e1cfa3ef{ip: 192.168.34.56, host: pr-hdds-2330-xmbvw-1183399999, networkLocation: /default-rack, certSerialId: null} reports an CLOSED replica.
2019-10-18 12:51:15,453 [java.util.concurrent.ThreadPoolExecutor$Worker@2fa800c4[State = -1, empty queue]] WARN  server.GrpcLogAppender (GrpcLogAppender.java:timeoutAppendRequest(209)) - 1573a222-9ada-47a6-bc12-21286aa75403@group-6A6B47B3B231->791861f8-afde-4d35-9346-06d148d36ddc-GrpcLogAppender: appendEntries Timeout, request=1573a222-9ada-47a6-bc12-21286aa75403->791861f8-afde-4d35-9346-06d148d36ddc#45-t2, previous=(t:2, i:10), leaderCommit=10, initializing? false, entries: <empty>
2019-10-18 12:51:15,498 [EventQueue-ContainerReportForContainerReportHandler] WARN  container.ContainerReportHandler (AbstractContainerReportHandler.java:updateContainerState(145)) - Container #1 is in OPEN state, but the datanode 1573a222-9ada-47a6-bc12-21286aa75403{ip: 192.168.34.56, host: pr-hdds-2330-xmbvw-1183399999, networkLocation: /default-rack, certSerialId: null} reports an CLOSED replica.
2019-10-18 12:51:15,797 [EventQueue-ContainerReportForContainerReportHandler] WARN  container.ContainerReportHandler (AbstractContainerReportHandler.java:updateContainerState(145)) - Container #1 is in OPEN state, but the datanode 7efb2e96-f9c3-4063-84ab-0234e1cfa3ef{ip: 192.168.34.56, host: pr-hdds-2330-xmbvw-1183399999, networkLocation: /default-rack, certSerialId: null} reports an CLOSED replica.
2019-10-18 12:51:15,837 [BlockDeletingService#2] WARN  background.BlockDeletingService (BlockDeletingService.java:isDeletionAllowed(187)) - Close Container log Index 6 is not replicated across allthe servers in the pipeline 18f6f15d-c63f-47db-b28d-6a6b47b3b231 as the min replicated index is 4. Deletion is not allowed in this container yet.
2019-10-18 12:51:15,837 [BlockDeletingService#2] WARN  background.BlockDeletingService (BlockDeletingService.java:isDeletionAllowed(187)) - Close Container log Index 6 is not replicated across allthe servers in the pipeline 18f6f15d-c63f-47db-b28d-6a6b47b3b231 as the min replicated index is 4. Deletion is not allowed in this container yet.
2019-10-18 12:51:15,899 [EventQueue-ContainerReportForContainerReportHandler] WARN  container.ContainerReportHandler (AbstractContainerReportHandler.java:updateContainerState(145)) - Container #1 is in OPEN state, but the datanode 1573a222-9ada-47a6-bc12-21286aa75403{ip: 192.168.34.56, host: pr-hdds-2330-xmbvw-1183399999, networkLocation: /default-rack, certSerialId: null} reports an CLOSED replica.
2019-10-18 12:51:15,997 [EventQueue-ContainerReportForContainerReportHandler] WARN  container.ContainerReportHandler (AbstractContainerReportHandler.java:updateContainerState(145)) - Container #1 is in OPEN state, but the datanode 7efb2e96-f9c3-4063-84ab-0234e1cfa3ef{ip: 192.168.34.56, host: pr-hdds-2330-xmbvw-1183399999, networkLocation: /default-rack, certSerialId: null} reports an CLOSED replica.
2019-10-18 12:51:16,201 [EventQueue-ContainerReportForContainerReportHandler] WARN  container.ContainerReportHandler (AbstractContainerReportHandler.java:updateContainerState(145)) - Container #1 is in OPEN state, but the datanode 1573a222-9ada-47a6-bc12-21286aa75403{ip: 192.168.34.56, host: pr-hdds-2330-xmbvw-1183399999, networkLocation: /default-rack, certSerialId: null} reports an CLOSED replica.
2019-10-18 12:51:16,297 [EventQueue-ContainerReportForContainerReportHandler] WARN  container.ContainerReportHandler (AbstractContainerReportHandler.java:updateContainerState(145)) - Container #1 is in OPEN state, but the datanode 7efb2e96-f9c3-4063-84ab-0234e1cfa3ef{ip: 192.168.34.56, host: pr-hdds-2330-xmbvw-1183399999, networkLocation: /default-rack, certSerialId: null} reports an CLOSED replica.
2019-10-18 12:51:16,497 [EventQueue-ContainerReportForContainerReportHandler] WARN  container.ContainerReportHandler (AbstractContainerReportHandler.java:updateContainerState(145)) - Container #1 is in OPEN state, but the datanode 7efb2e96-f9c3-4063-84ab-0234e1cfa3ef{ip: 192.168.34.56, host: pr-hdds-2330-xmbvw-1183399999, networkLocation: /default-rack, certSerialId: null} reports an CLOSED replica.
2019-10-18 12:51:16,500 [EventQueue-ContainerReportForContainerReportHandler] WARN  container.ContainerReportHandler (AbstractContainerReportHandler.java:updateContainerState(145)) - Container #1 is in OPEN state, but the datanode 1573a222-9ada-47a6-bc12-21286aa75403{ip: 192.168.34.56, host: pr-hdds-2330-xmbvw-1183399999, networkLocation: /default-rack, certSerialId: null} reports an CLOSED replica.
2019-10-18 12:51:16,839 [BlockDeletingService#2] WARN  background.BlockDeletingService (BlockDeletingService.java:isDeletionAllowed(187)) - Close Container log Index 6 is not replicated across allthe servers in the pipeline 18f6f15d-c63f-47db-b28d-6a6b47b3b231 as the min replicated index is 4. Deletion is not allowed in this container yet.
2019-10-18 12:51:16,839 [BlockDeletingService#2] WARN  background.BlockDeletingService (BlockDeletingService.java:isDeletionAllowed(187)) - Close Container log Index 6 is not replicated across allthe servers in the pipeline 18f6f15d-c63f-47db-b28d-6a6b47b3b231 as the min replicated index is 4. Deletion is not allowed in this container yet.
2019-10-18 12:51:17,273 [EventQueue-ContainerReportForContainerReportHandler] WARN  container.ContainerReportHandler (AbstractContainerReportHandler.java:updateContainerState(145)) - Container #1 is in OPEN state, but the datanode 1573a222-9ada-47a6-bc12-21286aa75403{ip: 192.168.34.56, host: pr-hdds-2330-xmbvw-1183399999, networkLocation: /default-rack, certSerialId: null} reports an CLOSED replica.
2019-10-18 12:51:17,282 [EventQueue-ContainerReportForContainerReportHandler] WARN  container.ContainerReportHandler (AbstractContainerReportHandler.java:updateContainerState(145)) - Container #1 is in OPEN state, but the datanode 7efb2e96-f9c3-4063-84ab-0234e1cfa3ef{ip: 192.168.34.56, host: pr-hdds-2330-xmbvw-1183399999, networkLocation: /default-rack, certSerialId: null} reports an CLOSED replica.
2019-10-18 12:51:17,286 [EventQueue-ContainerReportForContainerReportHandler] WARN  container.ContainerReportHandler (AbstractContainerReportHandler.java:updateContainerState(145)) - Container #1 is in OPEN state, but the datanode 1573a222-9ada-47a6-bc12-21286aa75403{ip: 192.168.34.56, host: pr-hdds-2330-xmbvw-1183399999, networkLocation: /default-rack, certSerialId: null} reports an CLOSED replica.
2019-10-18 12:51:17,484 [EventQueue-ContainerReportForContainerReportHandler] WARN  container.ContainerReportHandler (AbstractContainerReportHandler.java:updateContainerState(145)) - Container #1 is in OPEN state, but the datanode 7efb2e96-f9c3-4063-84ab-0234e1cfa3ef{ip: 192.168.34.56, host: pr-hdds-2330-xmbvw-1183399999, networkLocation: /default-rack, certSerialId: null} reports an CLOSED replica.
2019-10-18 12:51:17,486 [EventQueue-ContainerReportForContainerReportHandler] WARN  container.ContainerReportHandler (AbstractContainerReportHandler.java:updateContainerState(145)) - Container #1 is in OPEN state, but the datanode 1573a222-9ada-47a6-bc12-21286aa75403{ip: 192.168.34.56, host: pr-hdds-2330-xmbvw-1183399999, networkLocation: /default-rack, certSerialId: null} reports an CLOSED replica.
2019-10-18 12:51:17,623 [Thread-491] INFO  client.GrpcClientProtocolService (GrpcClientProtocolService.java:lambda$processClientRequest$0(278)) - Failed RaftClientRequest:client-89547DF785DD->7efb2e96-f9c3-4063-84ab-0234e1cfa3ef@group-6A6B47B3B231, cid=10, seq=0, Watch-ALL_COMMITTED(6), Message:<EMPTY>, reply=RaftClientReply:client-89547DF785DD->7efb2e96-f9c3-4063-84ab-0234e1cfa3ef@group-6A6B47B3B231, cid=10, FAILED org.apache.ratis.protocol.NotLeaderException: Server 7efb2e96-f9c3-4063-84ab-0234e1cfa3ef@group-6A6B47B3B231 is not the leader 1573a222-9ada-47a6-bc12-21286aa75403:192.168.34.56:40119, logIndex=0, commits[7efb2e96-f9c3-4063-84ab-0234e1cfa3ef:c10, 1573a222-9ada-47a6-bc12-21286aa75403:c10, 791861f8-afde-4d35-9346-06d148d36ddc:c4]
2019-10-18 12:51:17,687 [EventQueue-ContainerReportForContainerReportHandler] WARN  container.ContainerReportHandler (AbstractContainerReportHandler.java:updateContainerState(145)) - Container #1 is in OPEN state, but the datanode 1573a222-9ada-47a6-bc12-21286aa75403{ip: 192.168.34.56, host: pr-hdds-2330-xmbvw-1183399999, networkLocation: /default-rack, certSerialId: null} reports an CLOSED replica.
2019-10-18 12:51:17,755 [Thread-494] INFO  client.GrpcClientProtocolService (GrpcClientProtocolService.java:lambda$processClientRequest$0(278)) - Failed RaftClientRequest:client-89547DF785DD->1573a222-9ada-47a6-bc12-21286aa75403@group-6A6B47B3B231, cid=10, seq=0, Watch-ALL_COMMITTED(6), Message:<EMPTY>, reply=RaftClientReply:client-89547DF785DD->1573a222-9ada-47a6-bc12-21286aa75403@group-6A6B47B3B231, cid=10, FAILED org.apache.ratis.protocol.NotReplicatedException: Request with call Id 10 and log index 6 is not yet replicated to ALL_COMMITTED, logIndex=6, commits[1573a222-9ada-47a6-bc12-21286aa75403:c10, 7efb2e96-f9c3-4063-84ab-0234e1cfa3ef:c10, 791861f8-afde-4d35-9346-06d148d36ddc:c4]
2019-10-18 12:51:17,784 [EventQueue-ContainerReportForContainerReportHandler] WARN  container.ContainerReportHandler (AbstractContainerReportHandler.java:updateContainerState(145)) - Container #1 is in OPEN state, but the datanode 7efb2e96-f9c3-4063-84ab-0234e1cfa3ef{ip: 192.168.34.56, host: pr-hdds-2330-xmbvw-1183399999, networkLocation: /default-rack, certSerialId: null} reports an CLOSED replica.
2019-10-18 12:51:17,841 [BlockDeletingService#2] WARN  background.BlockDeletingService (BlockDeletingService.java:isDeletionAllowed(187)) - Close Container log Index 6 is not replicated across allthe servers in the pipeline 18f6f15d-c63f-47db-b28d-6a6b47b3b231 as the min replicated index is 4. Deletion is not allowed in this container yet.
2019-10-18 12:51:17,841 [BlockDeletingService#2] WARN  background.BlockDeletingService (BlockDeletingService.java:isDeletionAllowed(187)) - Close Container log Index 6 is not replicated across allthe servers in the pipeline 18f6f15d-c63f-47db-b28d-6a6b47b3b231 as the min replicated index is 4. Deletion is not allowed in this container yet.
2019-10-18 12:51:17,955 [java.util.concurrent.ThreadPoolExecutor$Worker@2fa800c4[State = -1, empty queue]] WARN  server.GrpcLogAppender (GrpcLogAppender.java:timeoutAppendRequest(209)) - 1573a222-9ada-47a6-bc12-21286aa75403@group-6A6B47B3B231->791861f8-afde-4d35-9346-06d148d36ddc-GrpcLogAppender: appendEntries Timeout, request=1573a222-9ada-47a6-bc12-21286aa75403->791861f8-afde-4d35-9346-06d148d36ddc#46-t2, previous=(t:2, i:10), leaderCommit=10, initializing? false, entries: <empty>
2019-10-18 12:51:17,984 [EventQueue-ContainerReportForContainerReportHandler] WARN  container.ContainerReportHandler (AbstractContainerReportHandler.java:updateContainerState(145)) - Container #1 is in OPEN state, but the datanode 7efb2e96-f9c3-4063-84ab-0234e1cfa3ef{ip: 192.168.34.56, host: pr-hdds-2330-xmbvw-1183399999, networkLocation: /default-rack, certSerialId: null} reports an CLOSED replica.
2019-10-18 12:51:17,989 [EventQueue-ContainerReportForContainerReportHandler] WARN  container.ContainerReportHandler (AbstractContainerReportHandler.java:updateContainerState(145)) - Container #1 is in OPEN state, but the datanode 1573a222-9ada-47a6-bc12-21286aa75403{ip: 192.168.34.56, host: pr-hdds-2330-xmbvw-1183399999, networkLocation: /default-rack, certSerialId: null} reports an CLOSED replica.
2019-10-18 12:51:18,185 [EventQueue-ContainerReportForContainerReportHandler] WARN  container.ContainerReportHandler (AbstractContainerReportHandler.java:updateContainerState(145)) - Container #1 is in OPEN state, but the datanode 7efb2e96-f9c3-4063-84ab-0234e1cfa3ef{ip: 192.168.34.56, host: pr-hdds-2330-xmbvw-1183399999, networkLocation: /default-rack, certSerialId: null} reports an CLOSED replica.
2019-10-18 12:51:18,289 [EventQueue-ContainerReportForContainerReportHandler] WARN  container.ContainerReportHandler (AbstractContainerReportHandler.java:updateContainerState(145)) - Container #1 is in OPEN state, but the datanode 1573a222-9ada-47a6-bc12-21286aa75403{ip: 192.168.34.56, host: pr-hdds-2330-xmbvw-1183399999, networkLocation: /default-rack, certSerialId: null} reports an CLOSED replica.
2019-10-18 12:51:18,486 [EventQueue-ContainerReportForContainerReportHandler] WARN  container.ContainerReportHandler (AbstractContainerReportHandler.java:updateContainerState(145)) - Container #1 is in OPEN state, but the datanode 7efb2e96-f9c3-4063-84ab-0234e1cfa3ef{ip: 192.168.34.56, host: pr-hdds-2330-xmbvw-1183399999, networkLocation: /default-rack, certSerialId: null} reports an CLOSED replica.
2019-10-18 12:51:18,488 [EventQueue-ContainerReportForContainerReportHandler] WARN  container.ContainerReportHandler (AbstractContainerReportHandler.java:updateContainerState(145)) - Container #1 is in OPEN state, but the datanode 1573a222-9ada-47a6-bc12-21286aa75403{ip: 192.168.34.56, host: pr-hdds-2330-xmbvw-1183399999, networkLocation: /default-rack, certSerialId: null} reports an CLOSED replica.
2019-10-18 12:51:18,788 [EventQueue-ContainerReportForContainerReportHandler] WARN  container.ContainerReportHandler (AbstractContainerReportHandler.java:updateContainerState(145)) - Container #1 is in OPEN state, but the datanode 1573a222-9ada-47a6-bc12-21286aa75403{ip: 192.168.34.56, host: pr-hdds-2330-xmbvw-1183399999, networkLocation: /default-rack, certSerialId: null} reports an CLOSED replica.
2019-10-18 12:51:18,846 [BlockDeletingService#2] WARN  background.BlockDeletingService (BlockDeletingService.java:isDeletionAllowed(187)) - Close Container log Index 6 is not replicated across allthe servers in the pipeline 18f6f15d-c63f-47db-b28d-6a6b47b3b231 as the min replicated index is 4. Deletion is not allowed in this container yet.
2019-10-18 12:51:18,846 [BlockDeletingService#2] WARN  background.BlockDeletingService (BlockDeletingService.java:isDeletionAllowed(187)) - Close Container log Index 6 is not replicated across allthe servers in the pipeline 18f6f15d-c63f-47db-b28d-6a6b47b3b231 as the min replicated index is 4. Deletion is not allowed in this container yet.
2019-10-18 12:51:18,886 [EventQueue-ContainerReportForContainerReportHandler] WARN  container.ContainerReportHandler (AbstractContainerReportHandler.java:updateContainerState(145)) - Container #1 is in OPEN state, but the datanode 7efb2e96-f9c3-4063-84ab-0234e1cfa3ef{ip: 192.168.34.56, host: pr-hdds-2330-xmbvw-1183399999, networkLocation: /default-rack, certSerialId: null} reports an CLOSED replica.
2019-10-18 12:51:19,089 [EventQueue-ContainerReportForContainerReportHandler] WARN  container.ContainerReportHandler (AbstractContainerReportHandler.java:updateContainerState(145)) - Container #1 is in OPEN state, but the datanode 1573a222-9ada-47a6-bc12-21286aa75403{ip: 192.168.34.56, host: pr-hdds-2330-xmbvw-1183399999, networkLocation: /default-rack, certSerialId: null} reports an CLOSED replica.
2019-10-18 12:51:19,186 [EventQueue-ContainerReportForContainerReportHandler] WARN  container.ContainerReportHandler (AbstractContainerReportHandler.java:updateContainerState(145)) - Container #1 is in OPEN state, but the datanode 7efb2e96-f9c3-4063-84ab-0234e1cfa3ef{ip: 192.168.34.56, host: pr-hdds-2330-xmbvw-1183399999, networkLocation: /default-rack, certSerialId: null} reports an CLOSED replica.
2019-10-18 12:51:19,486 [EventQueue-ContainerReportForContainerReportHandler] WARN  container.ContainerReportHandler (AbstractContainerReportHandler.java:updateContainerState(145)) - Container #1 is in OPEN state, but the datanode 7efb2e96-f9c3-4063-84ab-0234e1cfa3ef{ip: 192.168.34.56, host: pr-hdds-2330-xmbvw-1183399999, networkLocation: /default-rack, certSerialId: null} reports an CLOSED replica.
2019-10-18 12:51:19,489 [EventQueue-ContainerReportForContainerReportHandler] WARN  container.ContainerReportHandler (AbstractContainerReportHandler.java:updateContainerState(145)) - Container #1 is in OPEN state, but the datanode 1573a222-9ada-47a6-bc12-21286aa75403{ip: 192.168.34.56, host: pr-hdds-2330-xmbvw-1183399999, networkLocation: /default-rack, certSerialId: null} reports an CLOSED replica.
2019-10-18 12:51:19,847 [BlockDeletingService#2] WARN  background.BlockDeletingService (BlockDeletingService.java:isDeletionAllowed(187)) - Close Container log Index 6 is not replicated across allthe servers in the pipeline 18f6f15d-c63f-47db-b28d-6a6b47b3b231 as the min replicated index is 4. Deletion is not allowed in this container yet.
2019-10-18 12:51:19,847 [BlockDeletingService#2] WARN  background.BlockDeletingService (BlockDeletingService.java:isDeletionAllowed(187)) - Close Container log Index 6 is not replicated across allthe servers in the pipeline 18f6f15d-c63f-47db-b28d-6a6b47b3b231 as the min replicated index is 4. Deletion is not allowed in this container yet.
2019-10-18 12:51:19,886 [EventQueue-ContainerReportForContainerReportHandler] WARN  container.ContainerReportHandler (AbstractContainerReportHandler.java:updateContainerState(145)) - Container #1 is in OPEN state, but the datanode 7efb2e96-f9c3-4063-84ab-0234e1cfa3ef{ip: 192.168.34.56, host: pr-hdds-2330-xmbvw-1183399999, networkLocation: /default-rack, certSerialId: null} reports an CLOSED replica.
2019-10-18 12:51:19,888 [EventQueue-ContainerReportForContainerReportHandler] WARN  container.ContainerReportHandler (AbstractContainerReportHandler.java:updateContainerState(145)) - Container #1 is in OPEN state, but the datanode 1573a222-9ada-47a6-bc12-21286aa75403{ip: 192.168.34.56, host: pr-hdds-2330-xmbvw-1183399999, networkLocation: /default-rack, certSerialId: null} reports an CLOSED replica.
2019-10-18 12:51:20,086 [EventQueue-ContainerReportForContainerReportHandler] WARN  container.ContainerReportHandler (AbstractContainerReportHandler.java:updateContainerState(145)) - Container #1 is in OPEN state, but the datanode 7efb2e96-f9c3-4063-84ab-0234e1cfa3ef{ip: 192.168.34.56, host: pr-hdds-2330-xmbvw-1183399999, networkLocation: /default-rack, certSerialId: null} reports an CLOSED replica.
2019-10-18 12:51:20,088 [EventQueue-ContainerReportForContainerReportHandler] WARN  container.ContainerReportHandler (AbstractContainerReportHandler.java:updateContainerState(145)) - Container #1 is in OPEN state, but the datanode 1573a222-9ada-47a6-bc12-21286aa75403{ip: 192.168.34.56, host: pr-hdds-2330-xmbvw-1183399999, networkLocation: /default-rack, certSerialId: null} reports an CLOSED replica.
2019-10-18 12:51:20,456 [java.util.concurrent.ThreadPoolExecutor$Worker@2fa800c4[State = -1, empty queue]] WARN  server.GrpcLogAppender (GrpcLogAppender.java:timeoutAppendRequest(209)) - 1573a222-9ada-47a6-bc12-21286aa75403@group-6A6B47B3B231->791861f8-afde-4d35-9346-06d148d36ddc-GrpcLogAppender: appendEntries Timeout, request=1573a222-9ada-47a6-bc12-21286aa75403->791861f8-afde-4d35-9346-06d148d36ddc#47-t2, previous=(t:2, i:10), leaderCommit=10, initializing? false, entries: <empty>
2019-10-18 12:51:20,487 [EventQueue-ContainerReportForContainerReportHandler] WARN  container.ContainerReportHandler (AbstractContainerReportHandler.java:updateContainerState(145)) - Container #1 is in OPEN state, but the datanode 7efb2e96-f9c3-4063-84ab-0234e1cfa3ef{ip: 192.168.34.56, host: pr-hdds-2330-xmbvw-1183399999, networkLocation: /default-rack, certSerialId: null} reports an CLOSED replica.
2019-10-18 12:51:20,488 [EventQueue-ContainerReportForContainerReportHandler] WARN  container.ContainerReportHandler (AbstractContainerReportHandler.java:updateContainerState(145)) - Container #1 is in OPEN state, but the datanode 1573a222-9ada-47a6-bc12-21286aa75403{ip: 192.168.34.56, host: pr-hdds-2330-xmbvw-1183399999, networkLocation: /default-rack, certSerialId: null} reports an CLOSED replica.
2019-10-18 12:51:20,688 [EventQueue-ContainerReportForContainerReportHandler] WARN  container.ContainerReportHandler (AbstractContainerReportHandler.java:updateContainerState(145)) - Container #1 is in OPEN state, but the datanode 1573a222-9ada-47a6-bc12-21286aa75403{ip: 192.168.34.56, host: pr-hdds-2330-xmbvw-1183399999, networkLocation: /default-rack, certSerialId: null} reports an CLOSED replica.
2019-10-18 12:51:20,788 [EventQueue-ContainerReportForContainerReportHandler] WARN  container.ContainerReportHandler (AbstractContainerReportHandler.java:updateContainerState(145)) - Container #1 is in OPEN state, but the datanode 7efb2e96-f9c3-4063-84ab-0234e1cfa3ef{ip: 192.168.34.56, host: pr-hdds-2330-xmbvw-1183399999, networkLocation: /default-rack, certSerialId: null} reports an CLOSED replica.
2019-10-18 12:51:20,849 [BlockDeletingService#2] WARN  background.BlockDeletingService (BlockDeletingService.java:isDeletionAllowed(187)) - Close Container log Index 6 is not replicated across allthe servers in the pipeline 18f6f15d-c63f-47db-b28d-6a6b47b3b231 as the min replicated index is 4. Deletion is not allowed in this container yet.
2019-10-18 12:51:20,849 [BlockDeletingService#2] WARN  background.BlockDeletingService (BlockDeletingService.java:isDeletionAllowed(187)) - Close Container log Index 6 is not replicated across allthe servers in the pipeline 18f6f15d-c63f-47db-b28d-6a6b47b3b231 as the min replicated index is 4. Deletion is not allowed in this container yet.
2019-10-18 12:51:21,088 [EventQueue-ContainerReportForContainerReportHandler] WARN  container.ContainerReportHandler (AbstractContainerReportHandler.java:updateContainerState(145)) - Container #1 is in OPEN state, but the datanode 7efb2e96-f9c3-4063-84ab-0234e1cfa3ef{ip: 192.168.34.56, host: pr-hdds-2330-xmbvw-1183399999, networkLocation: /default-rack, certSerialId: null} reports an CLOSED replica.
2019-10-18 12:51:21,088 [EventQueue-ContainerReportForContainerReportHandler] WARN  container.ContainerReportHandler (AbstractContainerReportHandler.java:updateContainerState(145)) - Container #1 is in OPEN state, but the datanode 1573a222-9ada-47a6-bc12-21286aa75403{ip: 192.168.34.56, host: pr-hdds-2330-xmbvw-1183399999, networkLocation: /default-rack, certSerialId: null} reports an CLOSED replica.
2019-10-18 12:51:21,289 [EventQueue-ContainerReportForContainerReportHandler] WARN  container.ContainerReportHandler (AbstractContainerReportHandler.java:updateContainerState(145)) - Container #1 is in OPEN state, but the datanode 1573a222-9ada-47a6-bc12-21286aa75403{ip: 192.168.34.56, host: pr-hdds-2330-xmbvw-1183399999, networkLocation: /default-rack, certSerialId: null} reports an CLOSED replica.
2019-10-18 12:51:21,489 [EventQueue-ContainerReportForContainerReportHandler] WARN  container.ContainerReportHandler (AbstractContainerReportHandler.java:updateContainerState(145)) - Container #1 is in OPEN state, but the datanode 7efb2e96-f9c3-4063-84ab-0234e1cfa3ef{ip: 192.168.34.56, host: pr-hdds-2330-xmbvw-1183399999, networkLocation: /default-rack, certSerialId: null} reports an CLOSED replica.
2019-10-18 12:51:21,489 [EventQueue-ContainerReportForContainerReportHandler] WARN  container.ContainerReportHandler (AbstractContainerReportHandler.java:updateContainerState(145)) - Container #1 is in OPEN state, but the datanode 1573a222-9ada-47a6-bc12-21286aa75403{ip: 192.168.34.56, host: pr-hdds-2330-xmbvw-1183399999, networkLocation: /default-rack, certSerialId: null} reports an CLOSED replica.
2019-10-18 12:51:21,689 [EventQueue-ContainerReportForContainerReportHandler] WARN  container.ContainerReportHandler (AbstractContainerReportHandler.java:updateContainerState(145)) - Container #1 is in OPEN state, but the datanode 1573a222-9ada-47a6-bc12-21286aa75403{ip: 192.168.34.56, host: pr-hdds-2330-xmbvw-1183399999, networkLocation: /default-rack, certSerialId: null} reports an CLOSED replica.
2019-10-18 12:51:21,689 [EventQueue-ContainerReportForContainerReportHandler] WARN  container.ContainerReportHandler (AbstractContainerReportHandler.java:updateContainerState(145)) - Container #1 is in OPEN state, but the datanode 7efb2e96-f9c3-4063-84ab-0234e1cfa3ef{ip: 192.168.34.56, host: pr-hdds-2330-xmbvw-1183399999, networkLocation: /default-rack, certSerialId: null} reports an CLOSED replica.
2019-10-18 12:51:21,852 [BlockDeletingService#2] WARN  background.BlockDeletingService (BlockDeletingService.java:isDeletionAllowed(187)) - Close Container log Index 6 is not replicated across allthe servers in the pipeline 18f6f15d-c63f-47db-b28d-6a6b47b3b231 as the min replicated index is 4. Deletion is not allowed in this container yet.
2019-10-18 12:51:21,852 [BlockDeletingService#2] WARN  background.BlockDeletingService (BlockDeletingService.java:isDeletionAllowed(187)) - Close Container log Index 6 is not replicated across allthe servers in the pipeline 18f6f15d-c63f-47db-b28d-6a6b47b3b231 as the min replicated index is 4. Deletion is not allowed in this container yet.
2019-10-18 12:51:21,989 [EventQueue-ContainerReportForContainerReportHandler] WARN  container.ContainerReportHandler (AbstractContainerReportHandler.java:updateContainerState(145)) - Container #1 is in OPEN state, but the datanode 1573a222-9ada-47a6-bc12-21286aa75403{ip: 192.168.34.56, host: pr-hdds-2330-xmbvw-1183399999, networkLocation: /default-rack, certSerialId: null} reports an CLOSED replica.
2019-10-18 12:51:21,989 [EventQueue-ContainerReportForContainerReportHandler] WARN  container.ContainerReportHandler (AbstractContainerReportHandler.java:updateContainerState(145)) - Container #1 is in OPEN state, but the datanode 7efb2e96-f9c3-4063-84ab-0234e1cfa3ef{ip: 192.168.34.56, host: pr-hdds-2330-xmbvw-1183399999, networkLocation: /default-rack, certSerialId: null} reports an CLOSED replica.
2019-10-18 12:51:22,191 [EventQueue-ContainerReportForContainerReportHandler] WARN  container.ContainerReportHandler (AbstractContainerReportHandler.java:updateContainerState(145)) - Container #1 is in OPEN state, but the datanode 7efb2e96-f9c3-4063-84ab-0234e1cfa3ef{ip: 192.168.34.56, host: pr-hdds-2330-xmbvw-1183399999, networkLocation: /default-rack, certSerialId: null} reports an CLOSED replica.
2019-10-18 12:51:22,389 [EventQueue-ContainerReportForContainerReportHandler] WARN  container.ContainerReportHandler (AbstractContainerReportHandler.java:updateContainerState(145)) - Container #1 is in OPEN state, but the datanode 1573a222-9ada-47a6-bc12-21286aa75403{ip: 192.168.34.56, host: pr-hdds-2330-xmbvw-1183399999, networkLocation: /default-rack, certSerialId: null} reports an CLOSED replica.
2019-10-18 12:51:22,590 [EventQueue-ContainerReportForContainerReportHandler] WARN  container.ContainerReportHandler (AbstractContainerReportHandler.java:updateContainerState(145)) - Container #1 is in OPEN state, but the datanode 7efb2e96-f9c3-4063-84ab-0234e1cfa3ef{ip: 192.168.34.56, host: pr-hdds-2330-xmbvw-1183399999, networkLocation: /default-rack, certSerialId: null} reports an CLOSED replica.
2019-10-18 12:51:22,690 [EventQueue-ContainerReportForContainerReportHandler] WARN  container.ContainerReportHandler (AbstractContainerReportHandler.java:updateContainerState(145)) - Container #1 is in OPEN state, but the datanode 1573a222-9ada-47a6-bc12-21286aa75403{ip: 192.168.34.56, host: pr-hdds-2330-xmbvw-1183399999, networkLocation: /default-rack, certSerialId: null} reports an CLOSED replica.
2019-10-18 12:51:22,791 [EventQueue-ContainerReportForContainerReportHandler] WARN  container.ContainerReportHandler (AbstractContainerReportHandler.java:updateContainerState(145)) - Container #1 is in OPEN state, but the datanode 7efb2e96-f9c3-4063-84ab-0234e1cfa3ef{ip: 192.168.34.56, host: pr-hdds-2330-xmbvw-1183399999, networkLocation: /default-rack, certSerialId: null} reports an CLOSED replica.
2019-10-18 12:51:22,854 [BlockDeletingService#2] WARN  background.BlockDeletingService (BlockDeletingService.java:isDeletionAllowed(187)) - Close Container log Index 6 is not replicated across allthe servers in the pipeline 18f6f15d-c63f-47db-b28d-6a6b47b3b231 as the min replicated index is 4. Deletion is not allowed in this container yet.
2019-10-18 12:51:22,854 [BlockDeletingService#2] WARN  background.BlockDeletingService (BlockDeletingService.java:isDeletionAllowed(187)) - Close Container log Index 6 is not replicated across allthe servers in the pipeline 18f6f15d-c63f-47db-b28d-6a6b47b3b231 as the min replicated index is 4. Deletion is not allowed in this container yet.
2019-10-18 12:51:22,957 [java.util.concurrent.ThreadPoolExecutor$Worker@2fa800c4[State = -1, empty queue]] WARN  server.GrpcLogAppender (GrpcLogAppender.java:timeoutAppendRequest(209)) - 1573a222-9ada-47a6-bc12-21286aa75403@group-6A6B47B3B231->791861f8-afde-4d35-9346-06d148d36ddc-GrpcLogAppender: appendEntries Timeout, request=1573a222-9ada-47a6-bc12-21286aa75403->791861f8-afde-4d35-9346-06d148d36ddc#48-t2, previous=(t:2, i:10), leaderCommit=10, initializing? false, entries: <empty>
2019-10-18 12:51:22,990 [EventQueue-ContainerReportForContainerReportHandler] WARN  container.ContainerReportHandler (AbstractContainerReportHandler.java:updateContainerState(145)) - Container #1 is in OPEN state, but the datanode 1573a222-9ada-47a6-bc12-21286aa75403{ip: 192.168.34.56, host: pr-hdds-2330-xmbvw-1183399999, networkLocation: /default-rack, certSerialId: null} reports an CLOSED replica.
2019-10-18 12:51:23,191 [EventQueue-ContainerReportForContainerReportHandler] WARN  container.ContainerReportHandler (AbstractContainerReportHandler.java:updateContainerState(145)) - Container #1 is in OPEN state, but the datanode 1573a222-9ada-47a6-bc12-21286aa75403{ip: 192.168.34.56, host: pr-hdds-2330-xmbvw-1183399999, networkLocation: /default-rack, certSerialId: null} reports an CLOSED replica.
2019-10-18 12:51:23,191 [EventQueue-ContainerReportForContainerReportHandler] WARN  container.ContainerReportHandler (AbstractContainerReportHandler.java:updateContainerState(145)) - Container #1 is in OPEN state, but the datanode 7efb2e96-f9c3-4063-84ab-0234e1cfa3ef{ip: 192.168.34.56, host: pr-hdds-2330-xmbvw-1183399999, networkLocation: /default-rack, certSerialId: null} reports an CLOSED replica.
2019-10-18 12:51:23,391 [EventQueue-ContainerReportForContainerReportHandler] WARN  container.ContainerReportHandler (AbstractContainerReportHandler.java:updateContainerState(145)) - Container #1 is in OPEN state, but the datanode 7efb2e96-f9c3-4063-84ab-0234e1cfa3ef{ip: 192.168.34.56, host: pr-hdds-2330-xmbvw-1183399999, networkLocation: /default-rack, certSerialId: null} reports an CLOSED replica.
2019-10-18 12:51:23,491 [EventQueue-ContainerReportForContainerReportHandler] WARN  container.ContainerReportHandler (AbstractContainerReportHandler.java:updateContainerState(145)) - Container #1 is in OPEN state, but the datanode 1573a222-9ada-47a6-bc12-21286aa75403{ip: 192.168.34.56, host: pr-hdds-2330-xmbvw-1183399999, networkLocation: /default-rack, certSerialId: null} reports an CLOSED replica.
2019-10-18 12:51:23,791 [EventQueue-ContainerReportForContainerReportHandler] WARN  container.ContainerReportHandler (AbstractContainerReportHandler.java:updateContainerState(145)) - Container #1 is in OPEN state, but the datanode 7efb2e96-f9c3-4063-84ab-0234e1cfa3ef{ip: 192.168.34.56, host: pr-hdds-2330-xmbvw-1183399999, networkLocation: /default-rack, certSerialId: null} reports an CLOSED replica.
2019-10-18 12:51:23,792 [EventQueue-ContainerReportForContainerReportHandler] WARN  container.ContainerReportHandler (AbstractContainerReportHandler.java:updateContainerState(145)) - Container #1 is in OPEN state, but the datanode 1573a222-9ada-47a6-bc12-21286aa75403{ip: 192.168.34.56, host: pr-hdds-2330-xmbvw-1183399999, networkLocation: /default-rack, certSerialId: null} reports an CLOSED replica.
2019-10-18 12:51:23,856 [BlockDeletingService#2] WARN  background.BlockDeletingService (BlockDeletingService.java:isDeletionAllowed(187)) - Close Container log Index 6 is not replicated across allthe servers in the pipeline 18f6f15d-c63f-47db-b28d-6a6b47b3b231 as the min replicated index is 4. Deletion is not allowed in this container yet.
2019-10-18 12:51:23,856 [BlockDeletingService#2] WARN  background.BlockDeletingService (BlockDeletingService.java:isDeletionAllowed(187)) - Close Container log Index 6 is not replicated across allthe servers in the pipeline 18f6f15d-c63f-47db-b28d-6a6b47b3b231 as the min replicated index is 4. Deletion is not allowed in this container yet.
2019-10-18 12:51:24,091 [EventQueue-ContainerReportForContainerReportHandler] WARN  container.ContainerReportHandler (AbstractContainerReportHandler.java:updateContainerState(145)) - Container #1 is in OPEN state, but the datanode 7efb2e96-f9c3-4063-84ab-0234e1cfa3ef{ip: 192.168.34.56, host: pr-hdds-2330-xmbvw-1183399999, networkLocation: /default-rack, certSerialId: null} reports an CLOSED replica.
2019-10-18 12:51:24,191 [EventQueue-ContainerReportForContainerReportHandler] WARN  container.ContainerReportHandler (AbstractContainerReportHandler.java:updateContainerState(145)) - Container #1 is in OPEN state, but the datanode 1573a222-9ada-47a6-bc12-21286aa75403{ip: 192.168.34.56, host: pr-hdds-2330-xmbvw-1183399999, networkLocation: /default-rack, certSerialId: null} reports an CLOSED replica.
2019-10-18 12:51:24,391 [EventQueue-ContainerReportForContainerReportHandler] WARN  container.ContainerReportHandler (AbstractContainerReportHandler.java:updateContainerState(145)) - Container #1 is in OPEN state, but the datanode 7efb2e96-f9c3-4063-84ab-0234e1cfa3ef{ip: 192.168.34.56, host: pr-hdds-2330-xmbvw-1183399999, networkLocation: /default-rack, certSerialId: null} reports an CLOSED replica.
2019-10-18 12:51:24,491 [EventQueue-ContainerReportForContainerReportHandler] WARN  container.ContainerReportHandler (AbstractContainerReportHandler.java:updateContainerState(145)) - Container #1 is in OPEN state, but the datanode 1573a222-9ada-47a6-bc12-21286aa75403{ip: 192.168.34.56, host: pr-hdds-2330-xmbvw-1183399999, networkLocation: /default-rack, certSerialId: null} reports an CLOSED replica.
2019-10-18 12:51:24,692 [EventQueue-ContainerReportForContainerReportHandler] WARN  container.ContainerReportHandler (AbstractContainerReportHandler.java:updateContainerState(145)) - Container #1 is in OPEN state, but the datanode 7efb2e96-f9c3-4063-84ab-0234e1cfa3ef{ip: 192.168.34.56, host: pr-hdds-2330-xmbvw-1183399999, networkLocation: /default-rack, certSerialId: null} reports an CLOSED replica.
2019-10-18 12:51:24,792 [EventQueue-ContainerReportForContainerReportHandler] WARN  container.ContainerReportHandler (AbstractContainerReportHandler.java:updateContainerState(145)) - Container #1 is in OPEN state, but the datanode 1573a222-9ada-47a6-bc12-21286aa75403{ip: 192.168.34.56, host: pr-hdds-2330-xmbvw-1183399999, networkLocation: /default-rack, certSerialId: null} reports an CLOSED replica.
2019-10-18 12:51:24,861 [BlockDeletingService#2] WARN  background.BlockDeletingService (BlockDeletingService.java:isDeletionAllowed(187)) - Close Container log Index 6 is not replicated across allthe servers in the pipeline 18f6f15d-c63f-47db-b28d-6a6b47b3b231 as the min replicated index is 4. Deletion is not allowed in this container yet.
2019-10-18 12:51:24,861 [BlockDeletingService#2] WARN  background.BlockDeletingService (BlockDeletingService.java:isDeletionAllowed(187)) - Close Container log Index 6 is not replicated across allthe servers in the pipeline 18f6f15d-c63f-47db-b28d-6a6b47b3b231 as the min replicated index is 4. Deletion is not allowed in this container yet.
2019-10-18 12:51:24,893 [EventQueue-ContainerReportForContainerReportHandler] WARN  container.ContainerReportHandler (AbstractContainerReportHandler.java:updateContainerState(145)) - Container #1 is in OPEN state, but the datanode 7efb2e96-f9c3-4063-84ab-0234e1cfa3ef{ip: 192.168.34.56, host: pr-hdds-2330-xmbvw-1183399999, networkLocation: /default-rack, certSerialId: null} reports an CLOSED replica.
2019-10-18 12:51:25,091 [EventQueue-ContainerReportForContainerReportHandler] WARN  container.ContainerReportHandler (AbstractContainerReportHandler.java:updateContainerState(145)) - Container #1 is in OPEN state, but the datanode 1573a222-9ada-47a6-bc12-21286aa75403{ip: 192.168.34.56, host: pr-hdds-2330-xmbvw-1183399999, networkLocation: /default-rack, certSerialId: null} reports an CLOSED replica.
2019-10-18 12:51:25,192 [EventQueue-ContainerReportForContainerReportHandler] WARN  container.ContainerReportHandler (AbstractContainerReportHandler.java:updateContainerState(145)) - Container #1 is in OPEN state, but the datanode 7efb2e96-f9c3-4063-84ab-0234e1cfa3ef{ip: 192.168.34.56, host: pr-hdds-2330-xmbvw-1183399999, networkLocation: /default-rack, certSerialId: null} reports an CLOSED replica.
2019-10-18 12:51:25,391 [EventQueue-ContainerReportForContainerReportHandler] WARN  container.ContainerReportHandler (AbstractContainerReportHandler.java:updateContainerState(145)) - Container #1 is in OPEN state, but the datanode 7efb2e96-f9c3-4063-84ab-0234e1cfa3ef{ip: 192.168.34.56, host: pr-hdds-2330-xmbvw-1183399999, networkLocation: /default-rack, certSerialId: null} reports an CLOSED replica.
2019-10-18 12:51:25,392 [EventQueue-ContainerReportForContainerReportHandler] WARN  container.ContainerReportHandler (AbstractContainerReportHandler.java:updateContainerState(145)) - Container #1 is in OPEN state, but the datanode 1573a222-9ada-47a6-bc12-21286aa75403{ip: 192.168.34.56, host: pr-hdds-2330-xmbvw-1183399999, networkLocation: /default-rack, certSerialId: null} reports an CLOSED replica.
2019-10-18 12:51:25,459 [java.util.concurrent.ThreadPoolExecutor$Worker@2fa800c4[State = -1, empty queue]] WARN  server.GrpcLogAppender (GrpcLogAppender.java:timeoutAppendRequest(209)) - 1573a222-9ada-47a6-bc12-21286aa75403@group-6A6B47B3B231->791861f8-afde-4d35-9346-06d148d36ddc-GrpcLogAppender: appendEntries Timeout, request=1573a222-9ada-47a6-bc12-21286aa75403->791861f8-afde-4d35-9346-06d148d36ddc#49-t2, previous=(t:2, i:10), leaderCommit=10, initializing? false, entries: <empty>
2019-10-18 12:51:25,791 [EventQueue-ContainerReportForContainerReportHandler] WARN  container.ContainerReportHandler (AbstractContainerReportHandler.java:updateContainerState(145)) - Container #1 is in OPEN state, but the datanode 7efb2e96-f9c3-4063-84ab-0234e1cfa3ef{ip: 192.168.34.56, host: pr-hdds-2330-xmbvw-1183399999, networkLocation: /default-rack, certSerialId: null} reports an CLOSED replica.
2019-10-18 12:51:25,792 [EventQueue-ContainerReportForContainerReportHandler] WARN  container.ContainerReportHandler (AbstractContainerReportHandler.java:updateContainerState(145)) - Container #1 is in OPEN state, but the datanode 1573a222-9ada-47a6-bc12-21286aa75403{ip: 192.168.34.56, host: pr-hdds-2330-xmbvw-1183399999, networkLocation: /default-rack, certSerialId: null} reports an CLOSED replica.
2019-10-18 12:51:25,863 [BlockDeletingService#2] WARN  background.BlockDeletingService (BlockDeletingService.java:isDeletionAllowed(187)) - Close Container log Index 6 is not replicated across allthe servers in the pipeline 18f6f15d-c63f-47db-b28d-6a6b47b3b231 as the min replicated index is 4. Deletion is not allowed in this container yet.
2019-10-18 12:51:25,863 [BlockDeletingService#2] WARN  background.BlockDeletingService (BlockDeletingService.java:isDeletionAllowed(187)) - Close Container log Index 6 is not replicated across allthe servers in the pipeline 18f6f15d-c63f-47db-b28d-6a6b47b3b231 as the min replicated index is 4. Deletion is not allowed in this container yet.
2019-10-18 12:51:25,993 [EventQueue-ContainerReportForContainerReportHandler] WARN  container.ContainerReportHandler (AbstractContainerReportHandler.java:updateContainerState(145)) - Container #1 is in OPEN state, but the datanode 1573a222-9ada-47a6-bc12-21286aa75403{ip: 192.168.34.56, host: pr-hdds-2330-xmbvw-1183399999, networkLocation: /default-rack, certSerialId: null} reports an CLOSED replica.
2019-10-18 12:51:26,192 [EventQueue-ContainerReportForContainerReportHandler] WARN  container.ContainerReportHandler (AbstractContainerReportHandler.java:updateContainerState(145)) - Container #1 is in OPEN state, but the datanode 7efb2e96-f9c3-4063-84ab-0234e1cfa3ef{ip: 192.168.34.56, host: pr-hdds-2330-xmbvw-1183399999, networkLocation: /default-rack, certSerialId: null} reports an CLOSED replica.
2019-10-18 12:51:26,292 [EventQueue-ContainerReportForContainerReportHandler] WARN  container.ContainerReportHandler (AbstractContainerReportHandler.java:updateContainerState(145)) - Container #1 is in OPEN state, but the datanode 1573a222-9ada-47a6-bc12-21286aa75403{ip: 192.168.34.56, host: pr-hdds-2330-xmbvw-1183399999, networkLocation: /default-rack, certSerialId: null} reports an CLOSED replica.
2019-10-18 12:51:26,392 [EventQueue-ContainerReportForContainerReportHandler] WARN  container.ContainerReportHandler (AbstractContainerReportHandler.java:updateContainerState(145)) - Container #1 is in OPEN state, but the datanode 7efb2e96-f9c3-4063-84ab-0234e1cfa3ef{ip: 192.168.34.56, host: pr-hdds-2330-xmbvw-1183399999, networkLocation: /default-rack, certSerialId: null} reports an CLOSED replica.
2019-10-18 12:51:26,592 [EventQueue-ContainerReportForContainerReportHandler] WARN  container.ContainerReportHandler (AbstractContainerReportHandler.java:updateContainerState(145)) - Container #1 is in OPEN state, but the datanode 7efb2e96-f9c3-4063-84ab-0234e1cfa3ef{ip: 192.168.34.56, host: pr-hdds-2330-xmbvw-1183399999, networkLocation: /default-rack, certSerialId: null} reports an CLOSED replica.
2019-10-18 12:51:26,693 [EventQueue-ContainerReportForContainerReportHandler] WARN  container.ContainerReportHandler (AbstractContainerReportHandler.java:updateContainerState(145)) - Container #1 is in OPEN state, but the datanode 1573a222-9ada-47a6-bc12-21286aa75403{ip: 192.168.34.56, host: pr-hdds-2330-xmbvw-1183399999, networkLocation: /default-rack, certSerialId: null} reports an CLOSED replica.
2019-10-18 12:51:26,993 [EventQueue-ContainerReportForContainerReportHandler] WARN  container.ContainerReportHandler (AbstractContainerReportHandler.java:updateContainerState(145)) - Container #1 is in OPEN state, but the datanode 1573a222-9ada-47a6-bc12-21286aa75403{ip: 192.168.34.56, host: pr-hdds-2330-xmbvw-1183399999, networkLocation: /default-rack, certSerialId: null} reports an CLOSED replica.
2019-10-18 12:51:26,993 [EventQueue-ContainerReportForContainerReportHandler] WARN  container.ContainerReportHandler (AbstractContainerReportHandler.java:updateContainerState(145)) - Container #1 is in OPEN state, but the datanode 7efb2e96-f9c3-4063-84ab-0234e1cfa3ef{ip: 192.168.34.56, host: pr-hdds-2330-xmbvw-1183399999, networkLocation: /default-rack, certSerialId: null} reports an CLOSED replica.
2019-10-18 12:51:27,193 [EventQueue-ContainerReportForContainerReportHandler] WARN  container.ContainerReportHandler (AbstractContainerReportHandler.java:updateContainerState(145)) - Container #1 is in OPEN state, but the datanode 1573a222-9ada-47a6-bc12-21286aa75403{ip: 192.168.34.56, host: pr-hdds-2330-xmbvw-1183399999, networkLocation: /default-rack, certSerialId: null} reports an CLOSED replica.
2019-10-18 12:51:27,393 [EventQueue-ContainerReportForContainerReportHandler] WARN  container.ContainerReportHandler (AbstractContainerReportHandler.java:updateContainerState(145)) - Container #1 is in OPEN state, but the datanode 7efb2e96-f9c3-4063-84ab-0234e1cfa3ef{ip: 192.168.34.56, host: pr-hdds-2330-xmbvw-1183399999, networkLocation: /default-rack, certSerialId: null} reports an CLOSED replica.
2019-10-18 12:51:27,493 [EventQueue-ContainerReportForContainerReportHandler] WARN  container.ContainerReportHandler (AbstractContainerReportHandler.java:updateContainerState(145)) - Container #1 is in OPEN state, but the datanode 1573a222-9ada-47a6-bc12-21286aa75403{ip: 192.168.34.56, host: pr-hdds-2330-xmbvw-1183399999, networkLocation: /default-rack, certSerialId: null} reports an CLOSED replica.
2019-10-18 12:51:27,694 [EventQueue-ContainerReportForContainerReportHandler] WARN  container.ContainerReportHandler (AbstractContainerReportHandler.java:updateContainerState(145)) - Container #1 is in OPEN state, but the datanode 7efb2e96-f9c3-4063-84ab-0234e1cfa3ef{ip: 192.168.34.56, host: pr-hdds-2330-xmbvw-1183399999, networkLocation: /default-rack, certSerialId: null} reports an CLOSED replica.
2019-10-18 12:51:27,893 [EventQueue-ContainerReportForContainerReportHandler] WARN  container.ContainerReportHandler (AbstractContainerReportHandler.java:updateContainerState(145)) - Container #1 is in OPEN state, but the datanode 1573a222-9ada-47a6-bc12-21286aa75403{ip: 192.168.34.56, host: pr-hdds-2330-xmbvw-1183399999, networkLocation: /default-rack, certSerialId: null} reports an CLOSED replica.
2019-10-18 12:51:27,894 [EventQueue-ContainerReportForContainerReportHandler] WARN  container.ContainerReportHandler (AbstractContainerReportHandler.java:updateContainerState(145)) - Container #1 is in OPEN state, but the datanode 7efb2e96-f9c3-4063-84ab-0234e1cfa3ef{ip: 192.168.34.56, host: pr-hdds-2330-xmbvw-1183399999, networkLocation: /default-rack, certSerialId: null} reports an CLOSED replica.
2019-10-18 12:51:27,961 [java.util.concurrent.ThreadPoolExecutor$Worker@2fa800c4[State = -1, empty queue]] WARN  server.GrpcLogAppender (GrpcLogAppender.java:timeoutAppendRequest(209)) - 1573a222-9ada-47a6-bc12-21286aa75403@group-6A6B47B3B231->791861f8-afde-4d35-9346-06d148d36ddc-GrpcLogAppender: appendEntries Timeout, request=1573a222-9ada-47a6-bc12-21286aa75403->791861f8-afde-4d35-9346-06d148d36ddc#50-t2, previous=(t:2, i:10), leaderCommit=10, initializing? false, entries: <empty>
2019-10-18 12:51:28,093 [EventQueue-ContainerReportForContainerReportHandler] WARN  container.ContainerReportHandler (AbstractContainerReportHandler.java:updateContainerState(145)) - Container #1 is in OPEN state, but the datanode 1573a222-9ada-47a6-bc12-21286aa75403{ip: 192.168.34.56, host: pr-hdds-2330-xmbvw-1183399999, networkLocation: /default-rack, certSerialId: null} reports an CLOSED replica.
2019-10-18 12:51:28,195 [EventQueue-ContainerReportForContainerReportHandler] WARN  container.ContainerReportHandler (AbstractContainerReportHandler.java:updateContainerState(145)) - Container #1 is in OPEN state, but the datanode 7efb2e96-f9c3-4063-84ab-0234e1cfa3ef{ip: 192.168.34.56, host: pr-hdds-2330-xmbvw-1183399999, networkLocation: /default-rack, certSerialId: null} reports an CLOSED replica.
2019-10-18 12:51:28,293 [EventQueue-ContainerReportForContainerReportHandler] WARN  container.ContainerReportHandler (AbstractContainerReportHandler.java:updateContainerState(145)) - Container #1 is in OPEN state, but the datanode 1573a222-9ada-47a6-bc12-21286aa75403{ip: 192.168.34.56, host: pr-hdds-2330-xmbvw-1183399999, networkLocation: /default-rack, certSerialId: null} reports an CLOSED replica.
2019-10-18 12:51:28,395 [EventQueue-ContainerReportForContainerReportHandler] WARN  container.ContainerReportHandler (AbstractContainerReportHandler.java:updateContainerState(145)) - Container #1 is in OPEN state, but the datanode 7efb2e96-f9c3-4063-84ab-0234e1cfa3ef{ip: 192.168.34.56, host: pr-hdds-2330-xmbvw-1183399999, networkLocation: /default-rack, certSerialId: null} reports an CLOSED replica.
2019-10-18 12:51:28,494 [EventQueue-ContainerReportForContainerReportHandler] WARN  container.ContainerReportHandler (AbstractContainerReportHandler.java:updateContainerState(145)) - Container #1 is in OPEN state, but the datanode 1573a222-9ada-47a6-bc12-21286aa75403{ip: 192.168.34.56, host: pr-hdds-2330-xmbvw-1183399999, networkLocation: /default-rack, certSerialId: null} reports an CLOSED replica.
2019-10-18 12:51:28,565 [SCM Heartbeat Processing Thread - 0] ERROR node.NodeStateManager (NodeStateManager.java:checkNodesHealth(626)) - Total time spend processing datanode HB's is greater than configured values for datanode heartbeats. Please adjust the heartbeat configs. Time Spend on HB processing: 1 seconds Datanode heartbeat Interval: 100 seconds.
2019-10-18 12:51:28,566 [EventQueue-StaleNodeForStaleNodeHandler] INFO  node.StaleNodeHandler (StaleNodeHandler.java:onMessage(58)) - Datanode 791861f8-afde-4d35-9346-06d148d36ddc{ip: 192.168.34.56, host: pr-hdds-2330-xmbvw-1183399999, networkLocation: /default-rack, certSerialId: null} moved to stale state. Finalizing its pipelines [PipelineID=3baabd91-f871-4c1c-8754-ffd2772b8c13, PipelineID=18f6f15d-c63f-47db-b28d-6a6b47b3b231]
2019-10-18 12:51:28,566 [EventQueue-StaleNodeForStaleNodeHandler] INFO  pipeline.SCMPipelineManager (SCMPipelineManager.java:finalizeAndDestroyPipeline(315)) - destroying pipeline:Pipeline[ Id: 3baabd91-f871-4c1c-8754-ffd2772b8c13, Nodes: 791861f8-afde-4d35-9346-06d148d36ddc{ip: 192.168.34.56, host: pr-hdds-2330-xmbvw-1183399999, networkLocation: /default-rack, certSerialId: null}, Type:RATIS, Factor:ONE, State:OPEN]
2019-10-18 12:51:28,571 [EventQueue-StaleNodeForStaleNodeHandler] INFO  pipeline.PipelineStateManager (PipelineStateManager.java:finalizePipeline(123)) - Pipeline Pipeline[ Id: 3baabd91-f871-4c1c-8754-ffd2772b8c13, Nodes: 791861f8-afde-4d35-9346-06d148d36ddc{ip: 192.168.34.56, host: pr-hdds-2330-xmbvw-1183399999, networkLocation: /default-rack, certSerialId: null}, Type:RATIS, Factor:ONE, State:CLOSED] moved to CLOSED state
2019-10-18 12:51:28,571 [Thread-521] INFO  client.GrpcClientProtocolService (GrpcClientProtocolService.java:lambda$processClientRequest$0(278)) - Failed RaftClientRequest:client-89547DF785DD->1573a222-9ada-47a6-bc12-21286aa75403@group-6A6B47B3B231, cid=10, seq=0, Watch-ALL_COMMITTED(6), Message:<EMPTY>, reply=RaftClientReply:client-89547DF785DD->1573a222-9ada-47a6-bc12-21286aa75403@group-6A6B47B3B231, cid=10, FAILED org.apache.ratis.protocol.NotReplicatedException: Request with call Id 10 and log index 6 is not yet replicated to ALL_COMMITTED, logIndex=6, commits[1573a222-9ada-47a6-bc12-21286aa75403:c10, 7efb2e96-f9c3-4063-84ab-0234e1cfa3ef:c10, 791861f8-afde-4d35-9346-06d148d36ddc:c4]
2019-10-18 12:51:28,573 [BlockDeletingService#2] WARN  background.BlockDeletingService (BlockDeletingService.java:isDeletionAllowed(187)) - Close Container log Index 6 is not replicated across allthe servers in the pipeline 18f6f15d-c63f-47db-b28d-6a6b47b3b231 as the min replicated index is 4. Deletion is not allowed in this container yet.
2019-10-18 12:51:28,573 [BlockDeletingService#2] WARN  background.BlockDeletingService (BlockDeletingService.java:isDeletionAllowed(187)) - Close Container log Index 6 is not replicated across allthe servers in the pipeline 18f6f15d-c63f-47db-b28d-6a6b47b3b231 as the min replicated index is 4. Deletion is not allowed in this container yet.
2019-10-18 12:51:28,576 [EventQueue-StaleNodeForStaleNodeHandler] INFO  pipeline.SCMPipelineManager (SCMPipelineManager.java:finalizeAndDestroyPipeline(315)) - destroying pipeline:Pipeline[ Id: 18f6f15d-c63f-47db-b28d-6a6b47b3b231, Nodes: 7efb2e96-f9c3-4063-84ab-0234e1cfa3ef{ip: 192.168.34.56, host: pr-hdds-2330-xmbvw-1183399999, networkLocation: /default-rack, certSerialId: null}791861f8-afde-4d35-9346-06d148d36ddc{ip: 192.168.34.56, host: pr-hdds-2330-xmbvw-1183399999, networkLocation: /default-rack, certSerialId: null}1573a222-9ada-47a6-bc12-21286aa75403{ip: 192.168.34.56, host: pr-hdds-2330-xmbvw-1183399999, networkLocation: /default-rack, certSerialId: null}, Type:RATIS, Factor:THREE, State:OPEN]
2019-10-18 12:51:28,577 [EventQueue-StaleNodeForStaleNodeHandler] INFO  pipeline.PipelineStateManager (PipelineStateManager.java:finalizePipeline(123)) - Pipeline Pipeline[ Id: 18f6f15d-c63f-47db-b28d-6a6b47b3b231, Nodes: 7efb2e96-f9c3-4063-84ab-0234e1cfa3ef{ip: 192.168.34.56, host: pr-hdds-2330-xmbvw-1183399999, networkLocation: /default-rack, certSerialId: null}791861f8-afde-4d35-9346-06d148d36ddc{ip: 192.168.34.56, host: pr-hdds-2330-xmbvw-1183399999, networkLocation: /default-rack, certSerialId: null}1573a222-9ada-47a6-bc12-21286aa75403{ip: 192.168.34.56, host: pr-hdds-2330-xmbvw-1183399999, networkLocation: /default-rack, certSerialId: null}, Type:RATIS, Factor:THREE, State:CLOSED] moved to CLOSED state
2019-10-18 12:51:28,580 [EventQueue-CloseContainerForCloseContainerEventHandler] INFO  container.CloseContainerEventHandler (CloseContainerEventHandler.java:onMessage(61)) - Close container Event triggered for container : #1
2019-10-18 12:51:28,796 [EventQueue-ContainerReportForContainerReportHandler] INFO  container.ContainerReportHandler (AbstractContainerReportHandler.java:updateContainerState(178)) - Moving container #1 to CLOSED state, datanode 7efb2e96-f9c3-4063-84ab-0234e1cfa3ef{ip: 192.168.34.56, host: pr-hdds-2330-xmbvw-1183399999, networkLocation: /default-rack, certSerialId: null} reported CLOSED replica.
2019-10-18 12:51:29,395 [SCMBlockDeletingService#0] INFO  block.SCMBlockDeletingService (SCMBlockDeletingService.java:call(184)) - Totally added 3 delete blocks command for 3 datanodes, task elapsed time: 4ms
2019-10-18 12:51:29,503 [EventQueue-PendingDeleteStatusForPendingDeleteHandler] INFO  block.SCMBlockDeletingService (SCMBlockDeletingService.java:handlePendingDeletes(115)) - Block deletion txnID mismatch in datanode 7efb2e96-f9c3-4063-84ab-0234e1cfa3ef for containerID 1. Datanode delete txnID: 0, SCM txnID: 1
2019-10-18 12:51:29,576 [BlockDeletingService#2] WARN  background.BlockDeletingService (BlockDeletingService.java:isDeletionAllowed(187)) - Close Container log Index 6 is not replicated across allthe servers in the pipeline 18f6f15d-c63f-47db-b28d-6a6b47b3b231 as the min replicated index is 4. Deletion is not allowed in this container yet.
2019-10-18 12:51:29,576 [BlockDeletingService#2] WARN  background.BlockDeletingService (BlockDeletingService.java:isDeletionAllowed(187)) - Close Container log Index 6 is not replicated across allthe servers in the pipeline 18f6f15d-c63f-47db-b28d-6a6b47b3b231 as the min replicated index is 4. Deletion is not allowed in this container yet.
2019-10-18 12:51:29,704 [EventQueue-PendingDeleteStatusForPendingDeleteHandler] INFO  block.SCMBlockDeletingService (SCMBlockDeletingService.java:handlePendingDeletes(115)) - Block deletion txnID mismatch in datanode 7efb2e96-f9c3-4063-84ab-0234e1cfa3ef for containerID 1. Datanode delete txnID: 0, SCM txnID: 1
2019-10-18 12:51:29,793 [EventQueue-PendingDeleteStatusForPendingDeleteHandler] INFO  block.SCMBlockDeletingService (SCMBlockDeletingService.java:handlePendingDeletes(115)) - Block deletion txnID mismatch in datanode 1573a222-9ada-47a6-bc12-21286aa75403 for containerID 1. Datanode delete txnID: 0, SCM txnID: 1
2019-10-18 12:51:29,993 [EventQueue-PendingDeleteStatusForPendingDeleteHandler] INFO  block.SCMBlockDeletingService (SCMBlockDeletingService.java:handlePendingDeletes(115)) - Block deletion txnID mismatch in datanode 1573a222-9ada-47a6-bc12-21286aa75403 for containerID 1. Datanode delete txnID: 0, SCM txnID: 1
2019-10-18 12:51:30,003 [EventQueue-PendingDeleteStatusForPendingDeleteHandler] INFO  block.SCMBlockDeletingService (SCMBlockDeletingService.java:handlePendingDeletes(115)) - Block deletion txnID mismatch in datanode 7efb2e96-f9c3-4063-84ab-0234e1cfa3ef for containerID 1. Datanode delete txnID: 0, SCM txnID: 1
2019-10-18 12:51:30,103 [Command processor thread] INFO  commandhandler.DeleteBlocksCommandHandler (DeleteBlocksCommandHandler.java:handle(106)) - Start to delete container blocks, TXIDs=[1(0)], numOfContainers=1, numOfBlocks=1
2019-10-18 12:51:30,293 [EventQueue-PendingDeleteStatusForPendingDeleteHandler] INFO  block.SCMBlockDeletingService (SCMBlockDeletingService.java:handlePendingDeletes(115)) - Block deletion txnID mismatch in datanode 1573a222-9ada-47a6-bc12-21286aa75403 for containerID 1. Datanode delete txnID: 0, SCM txnID: 1
2019-10-18 12:51:30,393 [Command processor thread] INFO  commandhandler.DeleteBlocksCommandHandler (DeleteBlocksCommandHandler.java:handle(106)) - Start to delete container blocks, TXIDs=[1(0)], numOfContainers=1, numOfBlocks=1
2019-10-18 12:51:30,395 [SCMBlockDeletingService#0] INFO  block.SCMBlockDeletingService (SCMBlockDeletingService.java:call(184)) - Totally added 2 delete blocks command for 2 datanodes, task elapsed time: 1ms
2019-10-18 12:51:30,462 [java.util.concurrent.ThreadPoolExecutor$Worker@2fa800c4[State = -1, empty queue]] WARN  server.GrpcLogAppender (GrpcLogAppender.java:timeoutAppendRequest(209)) - 1573a222-9ada-47a6-bc12-21286aa75403@group-6A6B47B3B231->791861f8-afde-4d35-9346-06d148d36ddc-GrpcLogAppender: appendEntries Timeout, request=1573a222-9ada-47a6-bc12-21286aa75403->791861f8-afde-4d35-9346-06d148d36ddc#51-t2, previous=(t:2, i:10), leaderCommit=10, initializing? false, entries: <empty>
2019-10-18 12:51:30,573 [main] INFO  impl.MetricsSystemImpl (MetricsSystemImpl.java:init(158)) - HddsDatanode metrics system started (again)
2019-10-18 12:51:31,098 [pool-7-thread-1] INFO  commands.RetriableDatanodeEventWatcher (RetriableDatanodeEventWatcher.java:onTimeout(47)) - RetriableDatanodeCommand type=deleteBlocksCommand with id=1571403089395 timed out. Retrying.
2019-10-18 12:51:31,098 [pool-7-thread-2] INFO  commands.RetriableDatanodeEventWatcher (RetriableDatanodeEventWatcher.java:onTimeout(47)) - RetriableDatanodeCommand type=deleteBlocksCommand with id=1571403089396 timed out. Retrying.
2019-10-18 12:51:31,396 [SCMBlockDeletingService#0] INFO  block.SCMBlockDeletingService (SCMBlockDeletingService.java:call(184)) - Totally added 2 delete blocks command for 2 datanodes, task elapsed time: 1ms
2019-10-18 12:51:31,493 [Command processor thread] INFO  commandhandler.DeleteBlocksCommandHandler (DeleteBlocksCommandHandler.java:handle(106)) - Start to delete container blocks, TXIDs=[1(2)], numOfContainers=1, numOfBlocks=1
2019-10-18 12:51:31,494 [Command processor thread] INFO  commandhandler.DeleteBlocksCommandHandler (DeleteBlocksCommandHandler.java:handle(106)) - Start to delete container blocks, TXIDs=[1(0)], numOfContainers=1, numOfBlocks=1
2019-10-18 12:51:32,398 [SCMBlockDeletingService#0] INFO  block.SCMBlockDeletingService (SCMBlockDeletingService.java:call(184)) - Totally added 2 delete blocks command for 2 datanodes, task elapsed time: 1ms
2019-10-18 12:51:32,963 [java.util.concurrent.ThreadPoolExecutor$Worker@2fa800c4[State = -1, empty queue]] WARN  server.GrpcLogAppender (GrpcLogAppender.java:timeoutAppendRequest(209)) - 1573a222-9ada-47a6-bc12-21286aa75403@group-6A6B47B3B231->791861f8-afde-4d35-9346-06d148d36ddc-GrpcLogAppender: appendEntries Timeout, request=1573a222-9ada-47a6-bc12-21286aa75403->791861f8-afde-4d35-9346-06d148d36ddc#52-t2, previous=(t:2, i:10), leaderCommit=10, initializing? false, entries: <empty>
2019-10-18 12:51:33,399 [SCMBlockDeletingService#0] INFO  block.SCMBlockDeletingService (SCMBlockDeletingService.java:call(184)) - Totally added 2 delete blocks command for 2 datanodes, task elapsed time: 1ms
2019-10-18 12:51:34,067 [java.util.concurrent.ThreadPoolExecutor$Worker@59b13808[State = -1, empty queue]] WARN  server.GrpcLogAppender (GrpcLogAppender.java:timeoutAppendRequest(209)) - 1573a222-9ada-47a6-bc12-21286aa75403@group-6A6B47B3B231->7efb2e96-f9c3-4063-84ab-0234e1cfa3ef-GrpcLogAppender: appendEntries Timeout, request=1573a222-9ada-47a6-bc12-21286aa75403->7efb2e96-f9c3-4063-84ab-0234e1cfa3ef#52-t2, previous=(t:2, i:10), leaderCommit=10, initializing? false, entries: <empty>
2019-10-18 12:51:35,396 [SCMBlockDeletingService#0] INFO  block.SCMBlockDeletingService (SCMBlockDeletingService.java:call(184)) - Totally added 2 delete blocks command for 2 datanodes, task elapsed time: 996ms
2019-10-18 12:51:35,465 [java.util.concurrent.ThreadPoolExecutor$Worker@2fa800c4[State = -1, empty queue]] WARN  server.GrpcLogAppender (GrpcLogAppender.java:timeoutAppendRequest(209)) - 1573a222-9ada-47a6-bc12-21286aa75403@group-6A6B47B3B231->791861f8-afde-4d35-9346-06d148d36ddc-GrpcLogAppender: appendEntries Timeout, request=1573a222-9ada-47a6-bc12-21286aa75403->791861f8-afde-4d35-9346-06d148d36ddc#53-t2, previous=(t:2, i:10), leaderCommit=10, initializing? false, entries: <empty>
2019-10-18 12:51:36,398 [SCMBlockDeletingService#0] INFO  block.SCMBlockDeletingService (SCMBlockDeletingService.java:call(184)) - Totally added 2 delete blocks command for 2 datanodes, task elapsed time: 1ms
2019-10-18 12:51:36,472 [BlockDeletingService#2] WARN  background.BlockDeletingService (BlockDeletingService.java:isDeletionAllowed(187)) - Close Container log Index 6 is not replicated across allthe servers in the pipeline 18f6f15d-c63f-47db-b28d-6a6b47b3b231 as the min replicated index is 4. Deletion is not allowed in this container yet.
2019-10-18 12:51:36,476 [BlockDeletingService#2] WARN  background.BlockDeletingService (BlockDeletingService.java:isDeletionAllowed(187)) - Close Container log Index 6 is not replicated across allthe servers in the pipeline 18f6f15d-c63f-47db-b28d-6a6b47b3b231 as the min replicated index is 4. Deletion is not allowed in this container yet.
2019-10-18 12:51:36,478 [grpc-default-executor-1] WARN  server.GrpcLogAppender (LogUtils.java:warn(134)) - 1573a222-9ada-47a6-bc12-21286aa75403@group-6A6B47B3B231->7efb2e96-f9c3-4063-84ab-0234e1cfa3ef-AppendLogResponseHandler: Failed appendEntries: org.apache.ratis.thirdparty.io.grpc.StatusRuntimeException: CANCELLED: Failed to read message.
2019-10-18 12:51:36,481 [pool-7-thread-2] INFO  commands.RetriableDatanodeEventWatcher (RetriableDatanodeEventWatcher.java:onTimeout(47)) - RetriableDatanodeCommand type=deleteBlocksCommand with id=1571403089397 timed out. Retrying.
2019-10-18 12:51:36,481 [grpc-default-executor-0] WARN  server.GrpcServerProtocolService (LogUtils.java:warn(134)) - 7efb2e96-f9c3-4063-84ab-0234e1cfa3ef: installSnapshot onError, lastRequest: 1573a222-9ada-47a6-bc12-21286aa75403->7efb2e96-f9c3-4063-84ab-0234e1cfa3ef#53-t2, previous=(t:2, i:10), leaderCommit=10, initializing? false, entries: <empty>: org.apache.ratis.thirdparty.io.grpc.StatusRuntimeException: CANCELLED: cancelled before receiving half close
2019-10-18 12:51:36,482 [EventQueue-DeleteBlockStatusForEventWatcher$$Lambda$30/637241618] WARN  events.EventWatcher (EventWatcher.java:lambda$start$0(110)) - Completion event without active lease. Id=1571403089395
2019-10-18 12:51:36,482 [pool-7-thread-3] INFO  commands.RetriableDatanodeEventWatcher (RetriableDatanodeEventWatcher.java:onTimeout(47)) - RetriableDatanodeCommand type=deleteBlocksCommand with id=1571403089395 timed out. Retrying.
2019-10-18 12:51:36,482 [Command processor thread] INFO  commandhandler.DeleteBlocksCommandHandler (DeleteBlocksCommandHandler.java:handle(106)) - Start to delete container blocks, TXIDs=[1(4)], numOfContainers=1, numOfBlocks=1
2019-10-18 12:51:36,483 [pool-7-thread-1] INFO  commands.RetriableDatanodeEventWatcher (RetriableDatanodeEventWatcher.java:onTimeout(47)) - RetriableDatanodeCommand type=deleteBlocksCommand with id=1571403089398 timed out. Retrying.
2019-10-18 12:51:36,483 [EventQueue-DeleteBlockStatusForEventWatcher$$Lambda$30/637241618] WARN  events.EventWatcher (EventWatcher.java:lambda$start$0(110)) - Completion event without active lease. Id=1571403089395
2019-10-18 12:51:36,483 [Command processor thread] INFO  commandhandler.DeleteBlocksCommandHandler (DeleteBlocksCommandHandler.java:handle(106)) - Start to delete container blocks, TXIDs=[1(4)], numOfContainers=1, numOfBlocks=1
2019-10-18 12:51:36,483 [EventQueue-DeleteBlockStatusForEventWatcher$$Lambda$30/637241618] WARN  events.EventWatcher (EventWatcher.java:lambda$start$0(110)) - Completion event without active lease. Id=1571403089397
2019-10-18 12:51:36,483 [Command processor thread] INFO  commandhandler.DeleteBlocksCommandHandler (DeleteBlocksCommandHandler.java:handle(106)) - Start to delete container blocks, TXIDs=[1(4)], numOfContainers=1, numOfBlocks=1
2019-10-18 12:51:36,483 [Command processor thread] INFO  commandhandler.DeleteBlocksCommandHandler (DeleteBlocksCommandHandler.java:handle(106)) - Start to delete container blocks, TXIDs=[1(4)], numOfContainers=1, numOfBlocks=1
2019-10-18 12:51:36,484 [Command processor thread] INFO  commandhandler.DeleteBlocksCommandHandler (DeleteBlocksCommandHandler.java:handle(106)) - Start to delete container blocks, TXIDs=[1(4)], numOfContainers=1, numOfBlocks=1
2019-10-18 12:51:36,524 [main] INFO  ozone.HddsDatanodeService (HddsDatanodeService.java:start(184)) - HddsDatanodeService host:pr-hdds-2330-xmbvw-1183399999 ip:192.168.34.56
2019-10-18 12:51:36,530 [main] INFO  volume.VolumeUsage (VolumeUsage.java:loadScmUsed(144)) - Cached ScmUsed found for /workdir/hadoop-ozone/integration-test/target/test-dir/MiniOzoneClusterImpl-3be10f8d-1302-4718-9a55-95b8fc69e0de/datanode-1/data/containers : 4096 
2019-10-18 12:51:36,531 [main] INFO  volume.HddsVolume (HddsVolume.java:<init>(176)) - Creating Volume: /workdir/hadoop-ozone/integration-test/target/test-dir/MiniOzoneClusterImpl-3be10f8d-1302-4718-9a55-95b8fc69e0de/datanode-1/data/containers/hdds of  storage type : DISK and capacity : 1482555576320
2019-10-18 12:51:36,532 [main] INFO  volume.VolumeSet (VolumeSet.java:initializeVolumeSet(170)) - Added Volume : /workdir/hadoop-ozone/integration-test/target/test-dir/MiniOzoneClusterImpl-3be10f8d-1302-4718-9a55-95b8fc69e0de/datanode-1/data/containers/hdds to VolumeSet
2019-10-18 12:51:36,532 [main] INFO  volume.ThrottledAsyncChecker (ThrottledAsyncChecker.java:schedule(141)) - Scheduling a check for /workdir/hadoop-ozone/integration-test/target/test-dir/MiniOzoneClusterImpl-3be10f8d-1302-4718-9a55-95b8fc69e0de/datanode-1/data/containers/hdds
2019-10-18 12:51:36,533 [main] INFO  volume.HddsVolumeChecker (HddsVolumeChecker.java:checkAllVolumes(204)) - Scheduled health check for volume /workdir/hadoop-ozone/integration-test/target/test-dir/MiniOzoneClusterImpl-3be10f8d-1302-4718-9a55-95b8fc69e0de/datanode-1/data/containers/hdds
2019-10-18 12:51:36,580 [main] INFO  impl.RaftServerProxy (ConfUtils.java:logGet(43)) - raft.rpc.type = GRPC (default)
2019-10-18 12:51:36,581 [main] INFO  grpc.GrpcFactory (GrpcFactory.java:checkPooledByteBufAllocatorUseCacheForAllThreads(45)) - PERFORMANCE WARNING: useCacheForAllThreads is true that may cause Netty to create a lot garbage objects and, as a result, trigger GC.
	It is recommended to disable useCacheForAllThreads by setting -Dorg.apache.ratis.thirdparty.io.netty.allocator.useCacheForAllThreads=false in command line.
2019-10-18 12:51:36,581 [main] INFO  grpc.GrpcConfigKeys$Server (ConfUtils.java:logGet(43)) - raft.grpc.server.port = 35814 (custom)
2019-10-18 12:51:36,582 [main] INFO  server.GrpcService (ConfUtils.java:logGet(43)) - raft.grpc.message.size.max = 33570816 (custom)
2019-10-18 12:51:36,582 [main] INFO  server.RaftServerConfigKeys (ConfUtils.java:logGet(43)) - raft.server.log.appender.buffer.byte-limit = 33554432 (custom)
2019-10-18 12:51:36,582 [main] INFO  server.GrpcService (ConfUtils.java:logGet(43)) - raft.grpc.flow.control.window = 1MB (=1048576) (default)
2019-10-18 12:51:36,583 [main] INFO  server.RaftServerConfigKeys (ConfUtils.java:logGet(43)) - raft.server.rpc.request.timeout = 3000ms (default)
2019-10-18 12:51:36,583 [main] INFO  server.RaftServerConfigKeys (ConfUtils.java:logGet(43)) - raft.server.storage.dir = [/workdir/hadoop-ozone/integration-test/target/test-dir/MiniOzoneClusterImpl-3be10f8d-1302-4718-9a55-95b8fc69e0de/datanode-1/data/ratis] (custom)
2019-10-18 12:51:36,584 [main] INFO  impl.RaftServerProxy (RaftServerProxy.java:lambda$null$0(191)) - 791861f8-afde-4d35-9346-06d148d36ddc: found a subdirectory /workdir/hadoop-ozone/integration-test/target/test-dir/MiniOzoneClusterImpl-3be10f8d-1302-4718-9a55-95b8fc69e0de/datanode-1/data/ratis/3baabd91-f871-4c1c-8754-ffd2772b8c13
2019-10-18 12:51:36,585 [main] INFO  impl.RaftServerProxy (RaftServerProxy.java:addNew(89)) - 791861f8-afde-4d35-9346-06d148d36ddc: addNew group-FFD2772B8C13:[] returns group-FFD2772B8C13:java.util.concurrent.CompletableFuture@51c8f62c[Not completed]
2019-10-18 12:51:36,585 [main] INFO  impl.RaftServerProxy (RaftServerProxy.java:lambda$null$0(191)) - 791861f8-afde-4d35-9346-06d148d36ddc: found a subdirectory /workdir/hadoop-ozone/integration-test/target/test-dir/MiniOzoneClusterImpl-3be10f8d-1302-4718-9a55-95b8fc69e0de/datanode-1/data/ratis/18f6f15d-c63f-47db-b28d-6a6b47b3b231
2019-10-18 12:51:36,585 [main] INFO  impl.RaftServerProxy (RaftServerProxy.java:addNew(89)) - 791861f8-afde-4d35-9346-06d148d36ddc: addNew group-6A6B47B3B231:[] returns group-6A6B47B3B231:java.util.concurrent.CompletableFuture@41a374be[Not completed]
2019-10-18 12:51:36,590 [main] INFO  hdfs.DFSUtil (DFSUtil.java:httpServerTemplateForNNAndJN(1641)) - Starting Web-server for hddsDatanode at: http://0.0.0.0:36513
2019-10-18 12:51:36,590 [pool-59-thread-1] INFO  impl.RaftServerImpl (RaftServerImpl.java:<init>(104)) - 791861f8-afde-4d35-9346-06d148d36ddc: new RaftServerImpl for group-FFD2772B8C13:[] with ContainerStateMachine:uninitialized
2019-10-18 12:51:36,590 [pool-59-thread-1] INFO  server.RaftServerConfigKeys (ConfUtils.java:logGet(43)) - raft.server.rpc.timeout.min = 5s (custom)
2019-10-18 12:51:36,590 [pool-59-thread-1] INFO  server.RaftServerConfigKeys (ConfUtils.java:logGet(43)) - raft.server.rpc.timeout.max = 5200ms (custom)
2019-10-18 12:51:36,590 [pool-59-thread-1] INFO  server.RaftServerConfigKeys (ConfUtils.java:logGet(43)) - raft.server.rpcslowness.timeout = 1000s (custom)
2019-10-18 12:51:36,590 [pool-59-thread-1] INFO  server.RaftServerConfigKeys (ConfUtils.java:logGet(43)) - raft.server.sleep.deviation.threshold = 300 (default)
2019-10-18 12:51:36,590 [pool-59-thread-1] INFO  server.RaftServerConfigKeys (ConfUtils.java:logGet(43)) - raft.server.log.appender.install.snapshot.enabled = false (custom)
2019-10-18 12:51:36,590 [pool-59-thread-1] INFO  impl.RaftServerImpl (ServerState.java:<init>(103)) - 791861f8-afde-4d35-9346-06d148d36ddc@group-FFD2772B8C13: ConfigurationManager, init=-1: [], old=null, confs=<EMPTY_MAP>
2019-10-18 12:51:36,591 [pool-59-thread-1] INFO  server.RaftServerConfigKeys (ConfUtils.java:logGet(43)) - raft.server.storage.dir = [/workdir/hadoop-ozone/integration-test/target/test-dir/MiniOzoneClusterImpl-3be10f8d-1302-4718-9a55-95b8fc69e0de/datanode-1/data/ratis] (custom)
2019-10-18 12:51:36,591 [pool-59-thread-1] INFO  server.RaftServerConfigKeys (ConfUtils.java:logGet(43)) - raft.server.log.corruption.policy = EXCEPTION (default)
2019-10-18 12:51:36,592 [main] INFO  server.AuthenticationFilter (AuthenticationFilter.java:constructSecretProvider(240)) - Unable to initialize FileSignerSecretProvider, falling back to use random secrets.
2019-10-18 12:51:36,592 [main] WARN  http.HttpRequestLog (HttpRequestLog.java:getRequestLog(97)) - Jetty request log can only be enabled using Log4j
2019-10-18 12:51:36,594 [main] INFO  http.HttpServer2 (HttpServer2.java:addGlobalFilter(975)) - Added global filter 'safety' (class=org.apache.hadoop.http.HttpServer2$QuotingInputFilter)
2019-10-18 12:51:36,595 [main] INFO  http.HttpServer2 (HttpServer2.java:addFilter(948)) - Added filter static_user_filter (class=org.apache.hadoop.http.lib.StaticUserWebFilter$StaticUserFilter) to context hddsDatanode
2019-10-18 12:51:36,595 [main] INFO  http.HttpServer2 (HttpServer2.java:addFilter(958)) - Added filter static_user_filter (class=org.apache.hadoop.http.lib.StaticUserWebFilter$StaticUserFilter) to context static
2019-10-18 12:51:36,595 [main] INFO  http.HttpServer2 (HttpServer2.java:addFilter(958)) - Added filter static_user_filter (class=org.apache.hadoop.http.lib.StaticUserWebFilter$StaticUserFilter) to context logs
2019-10-18 12:51:36,596 [main] INFO  http.HttpServer2 (HttpServer2.java:bindListener(1191)) - Jetty bound to port 36513
2019-10-18 12:51:36,596 [main] INFO  server.Server (Server.java:doStart(351)) - jetty-9.3.25.v20180904, build timestamp: 2018-09-04T21:11:46Z, git hash: 3ce520221d0240229c862b122d2b06c12a625732
2019-10-18 12:51:36,598 [main] INFO  handler.ContextHandler (ContextHandler.java:doStart(781)) - Started o.e.j.s.ServletContextHandler@7301eebe{/logs,file:///workdir/hadoop-ozone/integration-test/target/log,AVAILABLE}
2019-10-18 12:51:36,598 [main] INFO  handler.ContextHandler (ContextHandler.java:doStart(781)) - Started o.e.j.s.ServletContextHandler@4d6ccc97{/static,jar:file:/home/user/.m2/repository/org/apache/hadoop/hadoop-hdds-container-service/0.5.0-SNAPSHOT/hadoop-hdds-container-service-0.5.0-SNAPSHOT.jar!/webapps/static,AVAILABLE}
2019-10-18 12:51:36,599 [java.util.concurrent.ThreadPoolExecutor$Worker@59b13808[State = -1, empty queue]] WARN  server.GrpcLogAppender (GrpcLogAppender.java:timeoutAppendRequest(209)) - 1573a222-9ada-47a6-bc12-21286aa75403@group-6A6B47B3B231->7efb2e96-f9c3-4063-84ab-0234e1cfa3ef-GrpcLogAppender: appendEntries Timeout, request=1573a222-9ada-47a6-bc12-21286aa75403->7efb2e96-f9c3-4063-84ab-0234e1cfa3ef#53-t2, previous=(t:2, i:10), leaderCommit=10, initializing? false, entries: <empty>
2019-10-18 12:51:36,636 [pool-59-thread-1] INFO  storage.RaftStorageDirectory (RaftStorageDirectory.java:tryLock(328)) - Lock on /workdir/hadoop-ozone/integration-test/target/test-dir/MiniOzoneClusterImpl-3be10f8d-1302-4718-9a55-95b8fc69e0de/datanode-1/data/ratis/3baabd91-f871-4c1c-8754-ffd2772b8c13/in_use.lock acquired by nodename 2587@pr-hdds-2330-xmbvw-1183399999
2019-10-18 12:51:36,638 [pool-59-thread-1] INFO  ratis.ContainerStateMachine (ContainerStateMachine.java:loadSnapshot(231)) - group-FFD2772B8C13: The snapshot info is null. Setting the last applied indexto:(t:0, i:~)
2019-10-18 12:51:36,638 [pool-59-thread-1] INFO  server.RaftServerConfigKeys (ConfUtils.java:logGet(43)) - raft.server.notification.no-leader.timeout = 1000s (custom)
2019-10-18 12:51:36,638 [pool-59-thread-1] INFO  server.RaftServerConfigKeys (ConfUtils.java:logGet(43)) - raft.server.log.use.memory = false (default)
2019-10-18 12:51:36,638 [pool-59-thread-1] INFO  server.RaftServerConfigKeys (ConfUtils.java:logGet(43)) - raft.server.log.purge.gap = 1000000 (custom)
2019-10-18 12:51:36,638 [pool-59-thread-1] INFO  server.RaftServerConfigKeys (ConfUtils.java:logGet(43)) - raft.server.log.appender.buffer.byte-limit = 33554432 (custom)
2019-10-18 12:51:36,638 [pool-59-thread-1] INFO  server.RaftServerConfigKeys (ConfUtils.java:logGet(43)) - raft.server.log.segment.size.max = 1048576 (custom)
2019-10-18 12:51:36,638 [pool-59-thread-1] INFO  server.RaftServerConfigKeys (ConfUtils.java:logGet(43)) - raft.server.log.segment.cache.num.max = 2 (custom)
2019-10-18 12:51:36,639 [pool-59-thread-1] INFO  segmented.SegmentedRaftLogWorker (SegmentedRaftLogWorker.java:<init>(173)) - new 791861f8-afde-4d35-9346-06d148d36ddc@group-FFD2772B8C13-SegmentedRaftLogWorker for RaftStorage:Storage Directory /workdir/hadoop-ozone/integration-test/target/test-dir/MiniOzoneClusterImpl-3be10f8d-1302-4718-9a55-95b8fc69e0de/datanode-1/data/ratis/3baabd91-f871-4c1c-8754-ffd2772b8c13
2019-10-18 12:51:36,639 [pool-59-thread-1] INFO  server.RaftServerConfigKeys (ConfUtils.java:logGet(43)) - raft.server.log.queue.byte-limit = 2147483647 (custom)
2019-10-18 12:51:36,639 [pool-59-thread-1] INFO  server.RaftServerConfigKeys (ConfUtils.java:logGet(43)) - raft.server.log.queue.element-limit = 1024 (custom)
2019-10-18 12:51:36,639 [pool-59-thread-1] INFO  server.RaftServerConfigKeys (ConfUtils.java:logGet(43)) - raft.server.log.segment.size.max = 1048576 (custom)
2019-10-18 12:51:36,639 [pool-59-thread-1] INFO  server.RaftServerConfigKeys (ConfUtils.java:logGet(43)) - raft.server.log.preallocated.size = 16384 (custom)
2019-10-18 12:51:36,639 [pool-59-thread-1] INFO  server.RaftServerConfigKeys (ConfUtils.java:logGet(43)) - raft.server.log.write.buffer.size = 33554432 (custom)
2019-10-18 12:51:36,639 [pool-59-thread-1] INFO  server.RaftServerConfigKeys (ConfUtils.java:logGet(43)) - raft.server.log.force.sync.num = 128 (default)
2019-10-18 12:51:36,639 [pool-59-thread-1] INFO  server.RaftServerConfigKeys (ConfUtils.java:logGet(43)) - raft.server.log.statemachine.data.sync = true (default)
2019-10-18 12:51:36,639 [pool-59-thread-1] INFO  server.RaftServerConfigKeys (ConfUtils.java:logGet(43)) - raft.server.log.statemachine.data.sync.timeout = 10s (default)
2019-10-18 12:51:36,639 [pool-59-thread-1] INFO  server.RaftServerConfigKeys (ConfUtils.java:logGet(43)) - raft.server.log.statemachine.data.sync.timeout.retry = -1 (default)
2019-10-18 12:51:36,640 [pool-59-thread-1] INFO  server.RaftServerConfigKeys (ConfUtils.java:logGet(43)) - raft.server.log.statemachine.data.caching.enabled = true (custom)
2019-10-18 12:51:36,647 [pool-59-thread-1] INFO  impl.RaftServerImpl (ServerState.java:setRaftConf(357)) - 791861f8-afde-4d35-9346-06d148d36ddc@group-FFD2772B8C13: set configuration 0: [791861f8-afde-4d35-9346-06d148d36ddc:192.168.34.56:35814], old=null at 0
2019-10-18 12:51:36,648 [pool-59-thread-1] INFO  segmented.LogSegment (LogSegment.java:loadSegment(140)) - Successfully read 1 entries from segment file /workdir/hadoop-ozone/integration-test/target/test-dir/MiniOzoneClusterImpl-3be10f8d-1302-4718-9a55-95b8fc69e0de/datanode-1/data/ratis/3baabd91-f871-4c1c-8754-ffd2772b8c13/current/log_inprogress_0
2019-10-18 12:51:36,648 [pool-59-thread-1] INFO  segmented.SegmentedRaftLogWorker (SegmentedRaftLogWorker.java:lambda$new$0(128)) - 791861f8-afde-4d35-9346-06d148d36ddc@group-FFD2772B8C13-SegmentedRaftLogWorker: flushIndex: setUnconditionally 0 -> 0
2019-10-18 12:51:36,671 [pool-59-thread-1] INFO  server.RaftServerConfigKeys (ConfUtils.java:logGet(43)) - raft.server.snapshot.auto.trigger.enabled = true (custom)
2019-10-18 12:51:36,671 [pool-59-thread-1] INFO  server.RaftServerConfigKeys (ConfUtils.java:logGet(43)) - raft.server.snapshot.auto.trigger.threshold = 10000 (custom)
2019-10-18 12:51:36,671 [pool-59-thread-1] INFO  server.RaftServerConfigKeys (ConfUtils.java:logGet(43)) - raft.server.snapshot.retention.file.num = 5 (custom)
2019-10-18 12:51:36,671 [pool-59-thread-1] INFO  server.RaftServerConfigKeys (ConfUtils.java:logGet(43)) - raft.server.retrycache.expirytime = 600000ms (custom)
2019-10-18 12:51:36,673 [pool-59-thread-1] INFO  impl.RaftServerImpl (RaftServerImpl.java:<init>(104)) - 791861f8-afde-4d35-9346-06d148d36ddc: new RaftServerImpl for group-6A6B47B3B231:[] with ContainerStateMachine:uninitialized
2019-10-18 12:51:36,673 [pool-59-thread-1] INFO  server.RaftServerConfigKeys (ConfUtils.java:logGet(43)) - raft.server.rpc.timeout.min = 5s (custom)
2019-10-18 12:51:36,673 [pool-59-thread-1] INFO  server.RaftServerConfigKeys (ConfUtils.java:logGet(43)) - raft.server.rpc.timeout.max = 5200ms (custom)
2019-10-18 12:51:36,673 [pool-59-thread-1] INFO  server.RaftServerConfigKeys (ConfUtils.java:logGet(43)) - raft.server.rpcslowness.timeout = 1000s (custom)
2019-10-18 12:51:36,673 [pool-59-thread-1] INFO  server.RaftServerConfigKeys (ConfUtils.java:logGet(43)) - raft.server.sleep.deviation.threshold = 300 (default)
2019-10-18 12:51:36,673 [pool-59-thread-1] INFO  server.RaftServerConfigKeys (ConfUtils.java:logGet(43)) - raft.server.log.appender.install.snapshot.enabled = false (custom)
2019-10-18 12:51:36,674 [pool-59-thread-1] INFO  impl.RaftServerImpl (ServerState.java:<init>(103)) - 791861f8-afde-4d35-9346-06d148d36ddc@group-6A6B47B3B231: ConfigurationManager, init=-1: [], old=null, confs=<EMPTY_MAP>
2019-10-18 12:51:36,674 [pool-59-thread-1] INFO  server.RaftServerConfigKeys (ConfUtils.java:logGet(43)) - raft.server.storage.dir = [/workdir/hadoop-ozone/integration-test/target/test-dir/MiniOzoneClusterImpl-3be10f8d-1302-4718-9a55-95b8fc69e0de/datanode-1/data/ratis] (custom)
2019-10-18 12:51:36,674 [pool-59-thread-1] INFO  server.RaftServerConfigKeys (ConfUtils.java:logGet(43)) - raft.server.log.corruption.policy = EXCEPTION (default)
2019-10-18 12:51:36,733 [main] INFO  handler.ContextHandler (ContextHandler.java:doStart(781)) - Started o.e.j.w.WebAppContext@67507df{/,file:///tmp/jetty-0.0.0.0-36513-hddsDatanode-_-any-3088845896576305256.dir/webapp/,AVAILABLE}{/hddsDatanode}
2019-10-18 12:51:36,733 [main] INFO  server.AbstractConnector (AbstractConnector.java:doStart(278)) - Started ServerConnector@341b13a8{HTTP/1.1,[http/1.1]}{0.0.0.0:36513}
2019-10-18 12:51:36,735 [main] INFO  server.Server (Server.java:doStart(419)) - Started @122527ms
2019-10-18 12:51:36,736 [main] WARN  impl.MetricsSystemImpl (MetricsSystemImpl.java:register(276)) - Sink prometheus already exists!
2019-10-18 12:51:36,737 [main] INFO  server.BaseHttpServer (BaseHttpServer.java:updateConnectorAddress(215)) - HTTP server of HDDSDATANODE is listening at http://0.0.0.0:36513
2019-10-18 12:51:36,738 [org.apache.hadoop.util.JvmPauseMonitor$Monitor@4bcdf392] INFO  util.JvmPauseMonitor (JvmPauseMonitor.java:run(188)) - Starting JVM pause monitor
2019-10-18 12:51:37,400 [SCMBlockDeletingService#0] INFO  block.SCMBlockDeletingService (SCMBlockDeletingService.java:call(184)) - Totally added 1 delete blocks command for 1 datanodes, task elapsed time: 1ms
2019-10-18 12:51:37,474 [BlockDeletingService#2] WARN  background.BlockDeletingService (BlockDeletingService.java:isDeletionAllowed(187)) - Close Container log Index 6 is not replicated across allthe servers in the pipeline 18f6f15d-c63f-47db-b28d-6a6b47b3b231 as the min replicated index is 4. Deletion is not allowed in this container yet.
2019-10-18 12:51:37,475 [pool-7-thread-1] INFO  commands.RetriableDatanodeEventWatcher (RetriableDatanodeEventWatcher.java:onTimeout(47)) - RetriableDatanodeCommand type=deleteBlocksCommand with id=1571403089396 timed out. Retrying.
2019-10-18 12:51:37,477 [BlockDeletingService#2] WARN  background.BlockDeletingService (BlockDeletingService.java:isDeletionAllowed(187)) - Close Container log Index 6 is not replicated across allthe servers in the pipeline 18f6f15d-c63f-47db-b28d-6a6b47b3b231 as the min replicated index is 4. Deletion is not allowed in this container yet.
2019-10-18 12:51:37,480 [pool-7-thread-1] INFO  commands.RetriableDatanodeEventWatcher (RetriableDatanodeEventWatcher.java:onTimeout(47)) - RetriableDatanodeCommand type=deleteBlocksCommand with id=1571403089400 timed out. Retrying.
2019-10-18 12:51:37,483 [pool-7-thread-1] INFO  commands.RetriableDatanodeEventWatcher (RetriableDatanodeEventWatcher.java:onTimeout(47)) - RetriableDatanodeCommand type=deleteBlocksCommand with id=1571403089408 timed out. Retrying.
2019-10-18 12:51:37,483 [pool-7-thread-1] INFO  commands.RetriableDatanodeEventWatcher (RetriableDatanodeEventWatcher.java:onTimeout(47)) - RetriableDatanodeCommand type=deleteBlocksCommand with id=1571403089402 timed out. Retrying.
2019-10-18 12:51:37,484 [pool-7-thread-4] INFO  commands.RetriableDatanodeEventWatcher (RetriableDatanodeEventWatcher.java:onTimeout(47)) - RetriableDatanodeCommand type=deleteBlocksCommand with id=1571403089398 timed out. Retrying.
2019-10-18 12:51:37,484 [pool-7-thread-6] INFO  commands.RetriableDatanodeEventWatcher (RetriableDatanodeEventWatcher.java:onTimeout(47)) - RetriableDatanodeCommand type=deleteBlocksCommand with id=1571403089406 timed out. Retrying.
2019-10-18 12:51:37,484 [pool-7-thread-5] INFO  commands.RetriableDatanodeEventWatcher (RetriableDatanodeEventWatcher.java:onTimeout(47)) - RetriableDatanodeCommand type=deleteBlocksCommand with id=1571403089404 timed out. Retrying.
2019-10-18 12:51:37,484 [pool-7-thread-2] INFO  commands.RetriableDatanodeEventWatcher (RetriableDatanodeEventWatcher.java:onTimeout(47)) - RetriableDatanodeCommand type=deleteBlocksCommand with id=1571403089397 timed out. Retrying.
2019-10-18 12:51:37,484 [pool-7-thread-3] INFO  commands.RetriableDatanodeEventWatcher (RetriableDatanodeEventWatcher.java:onTimeout(47)) - RetriableDatanodeCommand type=deleteBlocksCommand with id=1571403089395 timed out. Retrying.
2019-10-18 12:51:37,532 [pool-59-thread-1] INFO  storage.RaftStorageDirectory (RaftStorageDirectory.java:tryLock(328)) - Lock on /workdir/hadoop-ozone/integration-test/target/test-dir/MiniOzoneClusterImpl-3be10f8d-1302-4718-9a55-95b8fc69e0de/datanode-1/data/ratis/18f6f15d-c63f-47db-b28d-6a6b47b3b231/in_use.lock acquired by nodename 2587@pr-hdds-2330-xmbvw-1183399999
2019-10-18 12:51:37,537 [pool-59-thread-1] INFO  ratis.ContainerStateMachine (ContainerStateMachine.java:loadSnapshot(240)) - group-6A6B47B3B231: Setting the last applied index to (t:2, i:3)
2019-10-18 12:51:37,599 [Command processor thread] INFO  commandhandler.DeleteBlocksCommandHandler (DeleteBlocksCommandHandler.java:handle(106)) - Start to delete container blocks, TXIDs=[1(2)], numOfContainers=1, numOfBlocks=1
2019-10-18 12:51:37,599 [Command processor thread] INFO  commandhandler.DeleteBlocksCommandHandler (DeleteBlocksCommandHandler.java:handle(106)) - Start to delete container blocks, TXIDs=[1(0)], numOfContainers=1, numOfBlocks=1
2019-10-18 12:51:37,600 [Command processor thread] INFO  commandhandler.DeleteBlocksCommandHandler (DeleteBlocksCommandHandler.java:handle(106)) - Start to delete container blocks, TXIDs=[1(2)], numOfContainers=1, numOfBlocks=1
2019-10-18 12:51:37,600 [Command processor thread] INFO  commandhandler.DeleteBlocksCommandHandler (DeleteBlocksCommandHandler.java:handle(106)) - Start to delete container blocks, TXIDs=[1(0)], numOfContainers=1, numOfBlocks=1
2019-10-18 12:51:37,609 [pool-59-thread-1] INFO  impl.RaftServerImpl (ServerState.java:setRaftConf(357)) - 791861f8-afde-4d35-9346-06d148d36ddc@group-6A6B47B3B231: set configuration 0: [7efb2e96-f9c3-4063-84ab-0234e1cfa3ef:192.168.34.56:36868, 1573a222-9ada-47a6-bc12-21286aa75403:192.168.34.56:40119, 791861f8-afde-4d35-9346-06d148d36ddc:192.168.34.56:35814], old=null at 0
2019-10-18 12:51:37,610 [pool-59-thread-1] INFO  server.RaftServerConfigKeys (ConfUtils.java:logGet(43)) - raft.server.notification.no-leader.timeout = 1000s (custom)
2019-10-18 12:51:37,610 [pool-59-thread-1] INFO  server.RaftServerConfigKeys (ConfUtils.java:logGet(43)) - raft.server.log.use.memory = false (default)
2019-10-18 12:51:37,610 [pool-59-thread-1] INFO  server.RaftServerConfigKeys (ConfUtils.java:logGet(43)) - raft.server.log.purge.gap = 1000000 (custom)
2019-10-18 12:51:37,610 [pool-59-thread-1] INFO  server.RaftServerConfigKeys (ConfUtils.java:logGet(43)) - raft.server.log.appender.buffer.byte-limit = 33554432 (custom)
2019-10-18 12:51:37,610 [pool-59-thread-1] INFO  server.RaftServerConfigKeys (ConfUtils.java:logGet(43)) - raft.server.log.segment.size.max = 1048576 (custom)
2019-10-18 12:51:37,610 [pool-59-thread-1] INFO  server.RaftServerConfigKeys (ConfUtils.java:logGet(43)) - raft.server.log.segment.cache.num.max = 2 (custom)
2019-10-18 12:51:37,610 [pool-59-thread-1] INFO  segmented.SegmentedRaftLogWorker (SegmentedRaftLogWorker.java:<init>(173)) - new 791861f8-afde-4d35-9346-06d148d36ddc@group-6A6B47B3B231-SegmentedRaftLogWorker for RaftStorage:Storage Directory /workdir/hadoop-ozone/integration-test/target/test-dir/MiniOzoneClusterImpl-3be10f8d-1302-4718-9a55-95b8fc69e0de/datanode-1/data/ratis/18f6f15d-c63f-47db-b28d-6a6b47b3b231
2019-10-18 12:51:37,610 [pool-59-thread-1] INFO  server.RaftServerConfigKeys (ConfUtils.java:logGet(43)) - raft.server.log.queue.byte-limit = 2147483647 (custom)
2019-10-18 12:51:37,611 [pool-59-thread-1] INFO  server.RaftServerConfigKeys (ConfUtils.java:logGet(43)) - raft.server.log.queue.element-limit = 1024 (custom)
2019-10-18 12:51:37,611 [pool-59-thread-1] INFO  server.RaftServerConfigKeys (ConfUtils.java:logGet(43)) - raft.server.log.segment.size.max = 1048576 (custom)
2019-10-18 12:51:37,611 [pool-59-thread-1] INFO  server.RaftServerConfigKeys (ConfUtils.java:logGet(43)) - raft.server.log.preallocated.size = 16384 (custom)
2019-10-18 12:51:37,611 [pool-59-thread-1] INFO  server.RaftServerConfigKeys (ConfUtils.java:logGet(43)) - raft.server.log.write.buffer.size = 33554432 (custom)
2019-10-18 12:51:37,611 [pool-59-thread-1] INFO  server.RaftServerConfigKeys (ConfUtils.java:logGet(43)) - raft.server.log.force.sync.num = 128 (default)
2019-10-18 12:51:37,611 [pool-59-thread-1] INFO  server.RaftServerConfigKeys (ConfUtils.java:logGet(43)) - raft.server.log.statemachine.data.sync = true (default)
2019-10-18 12:51:37,611 [pool-59-thread-1] INFO  server.RaftServerConfigKeys (ConfUtils.java:logGet(43)) - raft.server.log.statemachine.data.sync.timeout = 10s (default)
2019-10-18 12:51:37,611 [pool-59-thread-1] INFO  server.RaftServerConfigKeys (ConfUtils.java:logGet(43)) - raft.server.log.statemachine.data.sync.timeout.retry = -1 (default)
2019-10-18 12:51:37,611 [pool-59-thread-1] INFO  server.RaftServerConfigKeys (ConfUtils.java:logGet(43)) - raft.server.log.statemachine.data.caching.enabled = true (custom)
2019-10-18 12:51:37,612 [pool-59-thread-1] INFO  impl.RaftServerImpl (ServerState.java:setRaftConf(357)) - 791861f8-afde-4d35-9346-06d148d36ddc@group-6A6B47B3B231: set configuration 0: [7efb2e96-f9c3-4063-84ab-0234e1cfa3ef:192.168.34.56:36868, 1573a222-9ada-47a6-bc12-21286aa75403:192.168.34.56:40119, 791861f8-afde-4d35-9346-06d148d36ddc:192.168.34.56:35814], old=null at 0
2019-10-18 12:51:37,613 [pool-59-thread-1] INFO  segmented.LogSegment (LogSegment.java:loadSegment(140)) - Successfully read 5 entries from segment file /workdir/hadoop-ozone/integration-test/target/test-dir/MiniOzoneClusterImpl-3be10f8d-1302-4718-9a55-95b8fc69e0de/datanode-1/data/ratis/18f6f15d-c63f-47db-b28d-6a6b47b3b231/current/log_inprogress_0
2019-10-18 12:51:37,613 [pool-59-thread-1] INFO  segmented.SegmentedRaftLogWorker (SegmentedRaftLogWorker.java:lambda$new$0(128)) - 791861f8-afde-4d35-9346-06d148d36ddc@group-6A6B47B3B231-SegmentedRaftLogWorker: flushIndex: setUnconditionally 0 -> 4
2019-10-18 12:51:37,639 [pool-59-thread-1] INFO  raftlog.RaftLog (RaftLog.java:lambda$new$0(61)) - 791861f8-afde-4d35-9346-06d148d36ddc@group-6A6B47B3B231-SegmentedRaftLog: commitIndex: updateToMax old=3, new=3, updated? false
2019-10-18 12:51:37,640 [pool-59-thread-1] INFO  server.RaftServerConfigKeys (ConfUtils.java:logGet(43)) - raft.server.snapshot.auto.trigger.enabled = true (custom)
2019-10-18 12:51:37,640 [pool-59-thread-1] INFO  server.RaftServerConfigKeys (ConfUtils.java:logGet(43)) - raft.server.snapshot.auto.trigger.threshold = 10000 (custom)
2019-10-18 12:51:37,640 [pool-59-thread-1] INFO  server.RaftServerConfigKeys (ConfUtils.java:logGet(43)) - raft.server.snapshot.retention.file.num = 5 (custom)
2019-10-18 12:51:37,640 [pool-59-thread-1] INFO  server.RaftServerConfigKeys (ConfUtils.java:logGet(43)) - raft.server.retrycache.expirytime = 600000ms (custom)
2019-10-18 12:51:37,966 [java.util.concurrent.ThreadPoolExecutor$Worker@2fa800c4[State = -1, empty queue]] WARN  server.GrpcLogAppender (GrpcLogAppender.java:timeoutAppendRequest(209)) - 1573a222-9ada-47a6-bc12-21286aa75403@group-6A6B47B3B231->791861f8-afde-4d35-9346-06d148d36ddc-GrpcLogAppender: appendEntries Timeout, request=1573a222-9ada-47a6-bc12-21286aa75403->791861f8-afde-4d35-9346-06d148d36ddc#54-t2, previous=(t:2, i:10), leaderCommit=10, initializing? false, entries: <empty>
2019-10-18 12:51:38,400 [pool-7-thread-3] INFO  commands.RetriableDatanodeEventWatcher (RetriableDatanodeEventWatcher.java:onTimeout(47)) - RetriableDatanodeCommand type=deleteBlocksCommand with id=1571403089409 timed out. Retrying.
2019-10-18 12:51:38,401 [SCMBlockDeletingService#0] INFO  block.SCMBlockDeletingService (SCMBlockDeletingService.java:call(184)) - Totally added 1 delete blocks command for 1 datanodes, task elapsed time: 0ms
2019-10-18 12:51:38,475 [pool-7-thread-3] INFO  commands.RetriableDatanodeEventWatcher (RetriableDatanodeEventWatcher.java:onTimeout(47)) - RetriableDatanodeCommand type=deleteBlocksCommand with id=1571403089396 timed out. Retrying.
2019-10-18 12:51:38,475 [BlockDeletingService#2] WARN  background.BlockDeletingService (BlockDeletingService.java:isDeletionAllowed(187)) - Close Container log Index 6 is not replicated across allthe servers in the pipeline 18f6f15d-c63f-47db-b28d-6a6b47b3b231 as the min replicated index is 4. Deletion is not allowed in this container yet.
2019-10-18 12:51:38,478 [BlockDeletingService#2] WARN  background.BlockDeletingService (BlockDeletingService.java:isDeletionAllowed(187)) - Close Container log Index 6 is not replicated across allthe servers in the pipeline 18f6f15d-c63f-47db-b28d-6a6b47b3b231 as the min replicated index is 4. Deletion is not allowed in this container yet.
2019-10-18 12:51:38,481 [pool-7-thread-3] INFO  commands.RetriableDatanodeEventWatcher (RetriableDatanodeEventWatcher.java:onTimeout(47)) - RetriableDatanodeCommand type=deleteBlocksCommand with id=1571403089400 timed out. Retrying.
2019-10-18 12:51:38,483 [pool-7-thread-3] INFO  commands.RetriableDatanodeEventWatcher (RetriableDatanodeEventWatcher.java:onTimeout(47)) - RetriableDatanodeCommand type=deleteBlocksCommand with id=1571403089408 timed out. Retrying.
2019-10-18 12:51:38,484 [pool-7-thread-3] INFO  commands.RetriableDatanodeEventWatcher (RetriableDatanodeEventWatcher.java:onTimeout(47)) - RetriableDatanodeCommand type=deleteBlocksCommand with id=1571403089398 timed out. Retrying.
2019-10-18 12:51:38,485 [pool-7-thread-6] INFO  commands.RetriableDatanodeEventWatcher (RetriableDatanodeEventWatcher.java:onTimeout(47)) - RetriableDatanodeCommand type=deleteBlocksCommand with id=1571403089406 timed out. Retrying.
2019-10-18 12:51:38,485 [pool-7-thread-5] INFO  commands.RetriableDatanodeEventWatcher (RetriableDatanodeEventWatcher.java:onTimeout(47)) - RetriableDatanodeCommand type=deleteBlocksCommand with id=1571403089404 timed out. Retrying.
2019-10-18 12:51:38,485 [pool-7-thread-2] INFO  commands.RetriableDatanodeEventWatcher (RetriableDatanodeEventWatcher.java:onTimeout(47)) - RetriableDatanodeCommand type=deleteBlocksCommand with id=1571403089402 timed out. Retrying.
2019-10-18 12:51:38,740 [Datanode State Machine Thread - 0] INFO  ozoneimpl.OzoneContainer (OzoneContainer.java:start(213)) - Attempting to start container services.
2019-10-18 12:51:38,742 [Datanode State Machine Thread - 0] INFO  ozoneimpl.OzoneContainer (OzoneContainer.java:startContainerScrub(177)) - Background container scanner has been disabled.
2019-10-18 12:51:38,742 [Datanode State Machine Thread - 0] INFO  ratis.XceiverServerRatis (XceiverServerRatis.java:start(418)) - Starting XceiverServerRatis 791861f8-afde-4d35-9346-06d148d36ddc at port 35814
2019-10-18 12:51:38,750 [Datanode State Machine Thread - 0] INFO  impl.RaftServerImpl (RaftServerImpl.java:start(195)) - 791861f8-afde-4d35-9346-06d148d36ddc@group-6A6B47B3B231: start as a follower, conf=0: [7efb2e96-f9c3-4063-84ab-0234e1cfa3ef:192.168.34.56:36868, 1573a222-9ada-47a6-bc12-21286aa75403:192.168.34.56:40119, 791861f8-afde-4d35-9346-06d148d36ddc:192.168.34.56:35814], old=null
2019-10-18 12:51:38,751 [ForkJoinPool.commonPool-worker-0] INFO  impl.RaftServerImpl (RaftServerImpl.java:start(195)) - 791861f8-afde-4d35-9346-06d148d36ddc@group-FFD2772B8C13: start as a follower, conf=0: [791861f8-afde-4d35-9346-06d148d36ddc:192.168.34.56:35814], old=null
2019-10-18 12:51:38,751 [Datanode State Machine Thread - 0] INFO  impl.RaftServerImpl (RaftServerImpl.java:setRole(184)) - 791861f8-afde-4d35-9346-06d148d36ddc@group-6A6B47B3B231: changes role from      null to FOLLOWER at term 2 for startAsFollower
2019-10-18 12:51:38,751 [ForkJoinPool.commonPool-worker-0] INFO  impl.RaftServerImpl (RaftServerImpl.java:setRole(184)) - 791861f8-afde-4d35-9346-06d148d36ddc@group-FFD2772B8C13: changes role from      null to FOLLOWER at term 1 for startAsFollower
2019-10-18 12:51:38,752 [Datanode State Machine Thread - 0] INFO  impl.RoleInfo (RoleInfo.java:updateAndGet(143)) - 791861f8-afde-4d35-9346-06d148d36ddc: start FollowerState
2019-10-18 12:51:38,752 [ForkJoinPool.commonPool-worker-0] INFO  impl.RoleInfo (RoleInfo.java:updateAndGet(143)) - 791861f8-afde-4d35-9346-06d148d36ddc: start FollowerState
2019-10-18 12:51:38,753 [Datanode State Machine Thread - 0] INFO  util.JmxRegister (JmxRegister.java:tryRegister(44)) - Successfully registered JMX Bean with object name Ratis:service=RaftServer,group=group-6A6B47B3B231,id=791861f8-afde-4d35-9346-06d148d36ddc
2019-10-18 12:51:38,753 [ForkJoinPool.commonPool-worker-0] INFO  util.JmxRegister (JmxRegister.java:tryRegister(44)) - Successfully registered JMX Bean with object name Ratis:service=RaftServer,group=group-FFD2772B8C13,id=791861f8-afde-4d35-9346-06d148d36ddc
2019-10-18 12:51:38,754 [Datanode State Machine Thread - 0] INFO  impl.RaftServerProxy (RaftServerProxy.java:lambda$start$3(299)) - 791861f8-afde-4d35-9346-06d148d36ddc: start RPC server
2019-10-18 12:51:38,757 [Datanode State Machine Thread - 0] INFO  server.GrpcService (GrpcService.java:startImpl(158)) - 791861f8-afde-4d35-9346-06d148d36ddc: GrpcService started, listening on 0.0.0.0/0.0.0.0:35814
2019-10-18 12:51:38,859 [Thread-558] INFO  impl.FollowerState (FollowerState.java:run(108)) - 791861f8-afde-4d35-9346-06d148d36ddc@group-6A6B47B3B231-FollowerState: change to CANDIDATE, lastRpcTime:107ms, electionTimeout:107ms
2019-10-18 12:51:38,859 [Thread-558] INFO  impl.RoleInfo (RoleInfo.java:shutdownFollowerState(121)) - 791861f8-afde-4d35-9346-06d148d36ddc: shutdown FollowerState
2019-10-18 12:51:38,859 [Thread-558] INFO  impl.RaftServerImpl (RaftServerImpl.java:setRole(184)) - 791861f8-afde-4d35-9346-06d148d36ddc@group-6A6B47B3B231: changes role from  FOLLOWER to CANDIDATE at term 2 for changeToCandidate
2019-10-18 12:51:38,860 [Thread-558] INFO  impl.RoleInfo (RoleInfo.java:updateAndGet(143)) - 791861f8-afde-4d35-9346-06d148d36ddc: start LeaderElection
2019-10-18 12:51:38,912 [Thread-559] INFO  impl.FollowerState (FollowerState.java:run(108)) - 791861f8-afde-4d35-9346-06d148d36ddc@group-FFD2772B8C13-FollowerState: change to CANDIDATE, lastRpcTime:160ms, electionTimeout:160ms
2019-10-18 12:51:38,913 [Thread-559] INFO  impl.RoleInfo (RoleInfo.java:shutdownFollowerState(121)) - 791861f8-afde-4d35-9346-06d148d36ddc: shutdown FollowerState
2019-10-18 12:51:38,913 [Thread-559] INFO  impl.RaftServerImpl (RaftServerImpl.java:setRole(184)) - 791861f8-afde-4d35-9346-06d148d36ddc@group-FFD2772B8C13: changes role from  FOLLOWER to CANDIDATE at term 1 for changeToCandidate
2019-10-18 12:51:38,913 [Thread-559] INFO  impl.RoleInfo (RoleInfo.java:updateAndGet(143)) - 791861f8-afde-4d35-9346-06d148d36ddc: start LeaderElection
2019-10-18 12:51:39,099 [java.util.concurrent.ThreadPoolExecutor$Worker@59b13808[State = -1, empty queue]] WARN  server.GrpcLogAppender (GrpcLogAppender.java:timeoutAppendRequest(209)) - 1573a222-9ada-47a6-bc12-21286aa75403@group-6A6B47B3B231->7efb2e96-f9c3-4063-84ab-0234e1cfa3ef-GrpcLogAppender: appendEntries Timeout, request=1573a222-9ada-47a6-bc12-21286aa75403->7efb2e96-f9c3-4063-84ab-0234e1cfa3ef#54-t2, previous=(t:2, i:10), leaderCommit=10, initializing? false, entries: <empty>
2019-10-18 12:51:39,401 [pool-7-thread-2] INFO  commands.RetriableDatanodeEventWatcher (RetriableDatanodeEventWatcher.java:onTimeout(47)) - RetriableDatanodeCommand type=deleteBlocksCommand with id=1571403089409 timed out. Retrying.
2019-10-18 12:51:39,401 [pool-7-thread-5] INFO  commands.RetriableDatanodeEventWatcher (RetriableDatanodeEventWatcher.java:onTimeout(47)) - RetriableDatanodeCommand type=deleteBlocksCommand with id=1571403089410 timed out. Retrying.
2019-10-18 12:51:39,476 [pool-7-thread-5] INFO  commands.RetriableDatanodeEventWatcher (RetriableDatanodeEventWatcher.java:onTimeout(47)) - RetriableDatanodeCommand type=deleteBlocksCommand with id=1571403089396 timed out. Retrying.
2019-10-18 12:51:39,477 [BlockDeletingService#2] WARN  background.BlockDeletingService (BlockDeletingService.java:isDeletionAllowed(187)) - Close Container log Index 6 is not replicated across allthe servers in the pipeline 18f6f15d-c63f-47db-b28d-6a6b47b3b231 as the min replicated index is 4. Deletion is not allowed in this container yet.
2019-10-18 12:51:39,479 [BlockDeletingService#2] WARN  background.BlockDeletingService (BlockDeletingService.java:isDeletionAllowed(187)) - Close Container log Index 6 is not replicated across allthe servers in the pipeline 18f6f15d-c63f-47db-b28d-6a6b47b3b231 as the min replicated index is 4. Deletion is not allowed in this container yet.
2019-10-18 12:51:39,481 [pool-7-thread-5] INFO  commands.RetriableDatanodeEventWatcher (RetriableDatanodeEventWatcher.java:onTimeout(47)) - RetriableDatanodeCommand type=deleteBlocksCommand with id=1571403089400 timed out. Retrying.
2019-10-18 12:51:39,484 [pool-7-thread-5] INFO  commands.RetriableDatanodeEventWatcher (RetriableDatanodeEventWatcher.java:onTimeout(47)) - RetriableDatanodeCommand type=deleteBlocksCommand with id=1571403089408 timed out. Retrying.
2019-10-18 12:51:39,484 [pool-7-thread-5] INFO  commands.RetriableDatanodeEventWatcher (RetriableDatanodeEventWatcher.java:onTimeout(47)) - RetriableDatanodeCommand type=deleteBlocksCommand with id=1571403089398 timed out. Retrying.
2019-10-18 12:51:39,485 [pool-7-thread-3] INFO  commands.RetriableDatanodeEventWatcher (RetriableDatanodeEventWatcher.java:onTimeout(47)) - RetriableDatanodeCommand type=deleteBlocksCommand with id=1571403089406 timed out. Retrying.
2019-10-18 12:51:39,485 [pool-7-thread-6] INFO  commands.RetriableDatanodeEventWatcher (RetriableDatanodeEventWatcher.java:onTimeout(47)) - RetriableDatanodeCommand type=deleteBlocksCommand with id=1571403089404 timed out. Retrying.
2019-10-18 12:51:39,485 [pool-7-thread-2] INFO  commands.RetriableDatanodeEventWatcher (RetriableDatanodeEventWatcher.java:onTimeout(47)) - RetriableDatanodeCommand type=deleteBlocksCommand with id=1571403089402 timed out. Retrying.
2019-10-18 12:51:39,755 [Thread-566] INFO  client.GrpcClientProtocolService (GrpcClientProtocolService.java:lambda$processClientRequest$0(278)) - Failed RaftClientRequest:client-89547DF785DD->1573a222-9ada-47a6-bc12-21286aa75403@group-6A6B47B3B231, cid=10, seq=0, Watch-ALL_COMMITTED(6), Message:<EMPTY>, reply=RaftClientReply:client-89547DF785DD->1573a222-9ada-47a6-bc12-21286aa75403@group-6A6B47B3B231, cid=10, FAILED org.apache.ratis.protocol.NotReplicatedException: Request with call Id 10 and log index 6 is not yet replicated to ALL_COMMITTED, logIndex=6, commits[1573a222-9ada-47a6-bc12-21286aa75403:c10, 7efb2e96-f9c3-4063-84ab-0234e1cfa3ef:c10, 791861f8-afde-4d35-9346-06d148d36ddc:c4]
2019-10-18 12:51:39,869 [SCMBlockDeletingService#0] INFO  block.SCMBlockDeletingService (SCMBlockDeletingService.java:call(184)) - Totally added 1 delete blocks command for 1 datanodes, task elapsed time: 468ms
2019-10-18 12:51:40,402 [pool-7-thread-2] INFO  commands.RetriableDatanodeEventWatcher (RetriableDatanodeEventWatcher.java:onTimeout(47)) - RetriableDatanodeCommand type=deleteBlocksCommand with id=1571403089409 timed out. Retrying.
2019-10-18 12:51:40,403 [pool-7-thread-3] INFO  commands.RetriableDatanodeEventWatcher (RetriableDatanodeEventWatcher.java:onTimeout(47)) - RetriableDatanodeCommand type=deleteBlocksCommand with id=1571403089410 timed out. Retrying.
2019-10-18 12:51:40,403 [pool-7-thread-6] INFO  commands.RetriableDatanodeEventWatcher (RetriableDatanodeEventWatcher.java:onTimeout(47)) - RetriableDatanodeCommand type=deleteBlocksCommand with id=1571403089411 timed out. Retrying.
2019-10-18 12:51:40,467 [java.util.concurrent.ThreadPoolExecutor$Worker@2fa800c4[State = -1, empty queue]] WARN  server.GrpcLogAppender (GrpcLogAppender.java:timeoutAppendRequest(209)) - 1573a222-9ada-47a6-bc12-21286aa75403@group-6A6B47B3B231->791861f8-afde-4d35-9346-06d148d36ddc-GrpcLogAppender: appendEntries Timeout, request=1573a222-9ada-47a6-bc12-21286aa75403->791861f8-afde-4d35-9346-06d148d36ddc#55-t2, previous=(t:2, i:10), leaderCommit=10, initializing? false, entries: <empty>
2019-10-18 12:51:40,477 [pool-7-thread-6] INFO  commands.RetriableDatanodeEventWatcher (RetriableDatanodeEventWatcher.java:onTimeout(47)) - RetriableDatanodeCommand type=deleteBlocksCommand with id=1571403089396 timed out. Retrying.
2019-10-18 12:51:40,478 [BlockDeletingService#2] WARN  background.BlockDeletingService (BlockDeletingService.java:isDeletionAllowed(187)) - Close Container log Index 6 is not replicated across allthe servers in the pipeline 18f6f15d-c63f-47db-b28d-6a6b47b3b231 as the min replicated index is 4. Deletion is not allowed in this container yet.
2019-10-18 12:51:40,480 [BlockDeletingService#2] WARN  background.BlockDeletingService (BlockDeletingService.java:isDeletionAllowed(187)) - Close Container log Index 6 is not replicated across allthe servers in the pipeline 18f6f15d-c63f-47db-b28d-6a6b47b3b231 as the min replicated index is 4. Deletion is not allowed in this container yet.
2019-10-18 12:51:40,481 [pool-7-thread-6] INFO  commands.RetriableDatanodeEventWatcher (RetriableDatanodeEventWatcher.java:onTimeout(47)) - RetriableDatanodeCommand type=deleteBlocksCommand with id=1571403089400 timed out. Retrying.
2019-10-18 12:51:40,485 [pool-7-thread-6] INFO  commands.RetriableDatanodeEventWatcher (RetriableDatanodeEventWatcher.java:onTimeout(47)) - RetriableDatanodeCommand type=deleteBlocksCommand with id=1571403089408 timed out. Retrying.
2019-10-18 12:51:40,485 [pool-7-thread-5] INFO  commands.RetriableDatanodeEventWatcher (RetriableDatanodeEventWatcher.java:onTimeout(47)) - RetriableDatanodeCommand type=deleteBlocksCommand with id=1571403089406 timed out. Retrying.
2019-10-18 12:51:40,485 [pool-7-thread-2] INFO  commands.RetriableDatanodeEventWatcher (RetriableDatanodeEventWatcher.java:onTimeout(47)) - RetriableDatanodeCommand type=deleteBlocksCommand with id=1571403089404 timed out. Retrying.
2019-10-18 12:51:40,485 [pool-7-thread-3] INFO  commands.RetriableDatanodeEventWatcher (RetriableDatanodeEventWatcher.java:onTimeout(47)) - RetriableDatanodeCommand type=deleteBlocksCommand with id=1571403089398 timed out. Retrying.
2019-10-18 12:51:40,486 [pool-7-thread-3] INFO  commands.RetriableDatanodeEventWatcher (RetriableDatanodeEventWatcher.java:onTimeout(47)) - RetriableDatanodeCommand type=deleteBlocksCommand with id=1571403089402 timed out. Retrying.
2019-10-18 12:51:40,722 [791861f8-afde-4d35-9346-06d148d36ddc@group-6A6B47B3B231-LeaderElection9] INFO  impl.LeaderElection (LeaderElection.java:askForVotes(178)) - 791861f8-afde-4d35-9346-06d148d36ddc@group-6A6B47B3B231-LeaderElection9: begin an election at term 3 for 0: [7efb2e96-f9c3-4063-84ab-0234e1cfa3ef:192.168.34.56:36868, 1573a222-9ada-47a6-bc12-21286aa75403:192.168.34.56:40119, 791861f8-afde-4d35-9346-06d148d36ddc:192.168.34.56:35814], old=null
2019-10-18 12:51:40,735 [grpc-default-executor-1] INFO  impl.RaftServerImpl (ServerState.java:setLeader(256)) - 7efb2e96-f9c3-4063-84ab-0234e1cfa3ef@group-6A6B47B3B231: change Leader from 1573a222-9ada-47a6-bc12-21286aa75403 to null at term 3 for updateCurrentTerm
2019-10-18 12:51:40,735 [grpc-default-executor-1] INFO  impl.RaftServerImpl (RaftServerImpl.java:setRole(184)) - 7efb2e96-f9c3-4063-84ab-0234e1cfa3ef@group-6A6B47B3B231: changes role from  FOLLOWER to FOLLOWER at term 3 for recognizeCandidate:791861f8-afde-4d35-9346-06d148d36ddc
2019-10-18 12:51:40,735 [grpc-default-executor-0] INFO  impl.RaftServerImpl (ServerState.java:setLeader(256)) - 1573a222-9ada-47a6-bc12-21286aa75403@group-6A6B47B3B231: change Leader from 1573a222-9ada-47a6-bc12-21286aa75403 to null at term 3 for updateCurrentTerm
2019-10-18 12:51:40,735 [grpc-default-executor-1] INFO  impl.RoleInfo (RoleInfo.java:shutdownFollowerState(121)) - 7efb2e96-f9c3-4063-84ab-0234e1cfa3ef: shutdown FollowerState
2019-10-18 12:51:40,735 [grpc-default-executor-0] INFO  impl.RaftServerImpl (RaftServerImpl.java:setRole(184)) - 1573a222-9ada-47a6-bc12-21286aa75403@group-6A6B47B3B231: changes role from    LEADER to FOLLOWER at term 3 for recognizeCandidate:791861f8-afde-4d35-9346-06d148d36ddc
2019-10-18 12:51:40,736 [Thread-225] INFO  impl.FollowerState (FollowerState.java:run(117)) - 7efb2e96-f9c3-4063-84ab-0234e1cfa3ef@group-6A6B47B3B231-FollowerState was interrupted: java.lang.InterruptedException: sleep interrupted
2019-10-18 12:51:40,736 [grpc-default-executor-1] INFO  impl.RoleInfo (RoleInfo.java:updateAndGet(143)) - 7efb2e96-f9c3-4063-84ab-0234e1cfa3ef: start FollowerState
2019-10-18 12:51:40,736 [grpc-default-executor-0] INFO  impl.RoleInfo (RoleInfo.java:shutdownLeaderState(104)) - 1573a222-9ada-47a6-bc12-21286aa75403: shutdown LeaderState
2019-10-18 12:51:40,740 [org.apache.ratis.server.impl.LogAppender$AppenderDaemon$$Lambda$423/1927802753@41940cc3] WARN  server.GrpcLogAppender (GrpcLogAppender.java:mayWait(149)) - 1573a222-9ada-47a6-bc12-21286aa75403@group-6A6B47B3B231->7efb2e96-f9c3-4063-84ab-0234e1cfa3ef-GrpcLogAppender: Wait interrupted by java.lang.InterruptedException
2019-10-18 12:51:40,740 [grpc-default-executor-0] INFO  impl.PendingRequests (PendingRequests.java:sendNotLeaderResponses(202)) - 1573a222-9ada-47a6-bc12-21286aa75403@group-6A6B47B3B231-PendingRequests: sendNotLeaderResponses
2019-10-18 12:51:40,740 [org.apache.ratis.server.impl.LogAppender$AppenderDaemon$$Lambda$423/1927802753@409e3513] WARN  server.GrpcLogAppender (GrpcLogAppender.java:mayWait(149)) - 1573a222-9ada-47a6-bc12-21286aa75403@group-6A6B47B3B231->791861f8-afde-4d35-9346-06d148d36ddc-GrpcLogAppender: Wait interrupted by java.lang.InterruptedException
2019-10-18 12:51:40,745 [grpc-default-executor-0] INFO  impl.RoleInfo (RoleInfo.java:updateAndGet(143)) - 1573a222-9ada-47a6-bc12-21286aa75403: start FollowerState
2019-10-18 12:51:40,746 [EventQueue-PendingDeleteStatusForPendingDeleteHandler] INFO  block.SCMBlockDeletingService (SCMBlockDeletingService.java:handlePendingDeletes(115)) - Block deletion txnID mismatch in datanode 791861f8-afde-4d35-9346-06d148d36ddc for containerID 1. Datanode delete txnID: 0, SCM txnID: 1
2019-10-18 12:51:40,770 [Thread-576] INFO  client.GrpcClientProtocolService (GrpcClientProtocolService.java:lambda$processClientRequest$0(278)) - Failed RaftClientRequest:client-89547DF785DD->791861f8-afde-4d35-9346-06d148d36ddc@group-6A6B47B3B231, cid=10, seq=0, Watch-ALL_COMMITTED(6), Message:<EMPTY>, reply=RaftClientReply:client-89547DF785DD->791861f8-afde-4d35-9346-06d148d36ddc@group-6A6B47B3B231, cid=10, FAILED org.apache.ratis.protocol.NotLeaderException: Server 791861f8-afde-4d35-9346-06d148d36ddc@group-6A6B47B3B231 is not the leader, logIndex=0, commits[791861f8-afde-4d35-9346-06d148d36ddc:c3]
2019-10-18 12:51:40,854 [791861f8-afde-4d35-9346-06d148d36ddc@group-6A6B47B3B231-LeaderElection9] INFO  impl.LeaderElection (LeaderElection.java:logAndReturn(56)) - 791861f8-afde-4d35-9346-06d148d36ddc@group-6A6B47B3B231-LeaderElection9: Election TIMEOUT; received 0 response(s) [] and 0 exception(s); 791861f8-afde-4d35-9346-06d148d36ddc@group-6A6B47B3B231:t3, leader=null, voted=791861f8-afde-4d35-9346-06d148d36ddc, raftlog=791861f8-afde-4d35-9346-06d148d36ddc@group-6A6B47B3B231-SegmentedRaftLog:OPENED:c3,f4,i4, conf=0: [7efb2e96-f9c3-4063-84ab-0234e1cfa3ef:192.168.34.56:36868, 1573a222-9ada-47a6-bc12-21286aa75403:192.168.34.56:40119, 791861f8-afde-4d35-9346-06d148d36ddc:192.168.34.56:35814], old=null
2019-10-18 12:51:40,871 [SCMBlockDeletingService#0] INFO  block.SCMBlockDeletingService (SCMBlockDeletingService.java:call(184)) - Totally added 1 delete blocks command for 1 datanodes, task elapsed time: 1ms
2019-10-18 12:51:41,404 [pool-7-thread-3] INFO  commands.RetriableDatanodeEventWatcher (RetriableDatanodeEventWatcher.java:onTimeout(47)) - RetriableDatanodeCommand type=deleteBlocksCommand with id=1571403089409 timed out. Retrying.
2019-10-18 12:51:41,405 [pool-7-thread-2] INFO  commands.RetriableDatanodeEventWatcher (RetriableDatanodeEventWatcher.java:onTimeout(47)) - RetriableDatanodeCommand type=deleteBlocksCommand with id=1571403089411 timed out. Retrying.
2019-10-18 12:51:41,406 [pool-7-thread-5] INFO  commands.RetriableDatanodeEventWatcher (RetriableDatanodeEventWatcher.java:onTimeout(47)) - RetriableDatanodeCommand type=deleteBlocksCommand with id=1571403089410 timed out. Retrying.
2019-10-18 12:51:41,478 [pool-7-thread-5] INFO  commands.RetriableDatanodeEventWatcher (RetriableDatanodeEventWatcher.java:onTimeout(47)) - RetriableDatanodeCommand type=deleteBlocksCommand with id=1571403089396 timed out. Retrying.
2019-10-18 12:51:41,479 [BlockDeletingService#2] WARN  background.BlockDeletingService (BlockDeletingService.java:isDeletionAllowed(187)) - Close Container log Index 6 is not replicated across allthe servers in the pipeline 18f6f15d-c63f-47db-b28d-6a6b47b3b231 as the min replicated index is 4. Deletion is not allowed in this container yet.
2019-10-18 12:51:41,481 [BlockDeletingService#2] WARN  background.BlockDeletingService (BlockDeletingService.java:isDeletionAllowed(187)) - Close Container log Index 6 is not replicated across allthe servers in the pipeline 18f6f15d-c63f-47db-b28d-6a6b47b3b231 as the min replicated index is 4. Deletion is not allowed in this container yet.
2019-10-18 12:51:41,481 [pool-7-thread-5] INFO  commands.RetriableDatanodeEventWatcher (RetriableDatanodeEventWatcher.java:onTimeout(47)) - RetriableDatanodeCommand type=deleteBlocksCommand with id=1571403089400 timed out. Retrying.
2019-10-18 12:51:41,486 [pool-7-thread-3] INFO  commands.RetriableDatanodeEventWatcher (RetriableDatanodeEventWatcher.java:onTimeout(47)) - RetriableDatanodeCommand type=deleteBlocksCommand with id=1571403089402 timed out. Retrying.
2019-10-18 12:51:41,486 [pool-7-thread-4] INFO  commands.RetriableDatanodeEventWatcher (RetriableDatanodeEventWatcher.java:onTimeout(47)) - RetriableDatanodeCommand type=deleteBlocksCommand with id=1571403089406 timed out. Retrying.
2019-10-18 12:51:41,487 [pool-7-thread-5] INFO  commands.RetriableDatanodeEventWatcher (RetriableDatanodeEventWatcher.java:onTimeout(47)) - RetriableDatanodeCommand type=deleteBlocksCommand with id=1571403089408 timed out. Retrying.
2019-10-18 12:51:41,487 [pool-7-thread-2] INFO  commands.RetriableDatanodeEventWatcher (RetriableDatanodeEventWatcher.java:onTimeout(47)) - RetriableDatanodeCommand type=deleteBlocksCommand with id=1571403089398 timed out. Retrying.
2019-10-18 12:51:41,487 [pool-7-thread-6] INFO  commands.RetriableDatanodeEventWatcher (RetriableDatanodeEventWatcher.java:onTimeout(47)) - RetriableDatanodeCommand type=deleteBlocksCommand with id=1571403089404 timed out. Retrying.
2019-10-18 12:51:41,600 [java.util.concurrent.ThreadPoolExecutor$Worker@59b13808[State = -1, empty queue]] WARN  server.GrpcLogAppender (GrpcLogAppender.java:timeoutAppendRequest(209)) - 1573a222-9ada-47a6-bc12-21286aa75403@group-6A6B47B3B231->7efb2e96-f9c3-4063-84ab-0234e1cfa3ef-GrpcLogAppender: appendEntries Timeout, request=1573a222-9ada-47a6-bc12-21286aa75403->7efb2e96-f9c3-4063-84ab-0234e1cfa3ef#55-t2, previous=(t:2, i:10), leaderCommit=10, initializing? false, entries: <empty>
2019-10-18 12:51:41,786 [Thread-582] INFO  client.GrpcClientProtocolService (GrpcClientProtocolService.java:lambda$processClientRequest$0(278)) - Failed RaftClientRequest:client-89547DF785DD->1573a222-9ada-47a6-bc12-21286aa75403@group-6A6B47B3B231, cid=10, seq=0, Watch-ALL_COMMITTED(6), Message:<EMPTY>, reply=RaftClientReply:client-89547DF785DD->1573a222-9ada-47a6-bc12-21286aa75403@group-6A6B47B3B231, cid=10, FAILED org.apache.ratis.protocol.NotLeaderException: Server 1573a222-9ada-47a6-bc12-21286aa75403@group-6A6B47B3B231 is not the leader, logIndex=0, commits[1573a222-9ada-47a6-bc12-21286aa75403:c10, 7efb2e96-f9c3-4063-84ab-0234e1cfa3ef:c10, 791861f8-afde-4d35-9346-06d148d36ddc:c4]
2019-10-18 12:51:41,819 [791861f8-afde-4d35-9346-06d148d36ddc@group-FFD2772B8C13-LeaderElection10] INFO  impl.LeaderElection (LeaderElection.java:askForVotes(178)) - 791861f8-afde-4d35-9346-06d148d36ddc@group-FFD2772B8C13-LeaderElection10: begin an election at term 2 for 0: [791861f8-afde-4d35-9346-06d148d36ddc:192.168.34.56:35814], old=null
2019-10-18 12:51:41,819 [791861f8-afde-4d35-9346-06d148d36ddc@group-FFD2772B8C13-LeaderElection10] INFO  impl.RoleInfo (RoleInfo.java:shutdownLeaderElection(134)) - 791861f8-afde-4d35-9346-06d148d36ddc: shutdown LeaderElection
2019-10-18 12:51:41,819 [791861f8-afde-4d35-9346-06d148d36ddc@group-FFD2772B8C13-LeaderElection10] INFO  impl.RaftServerImpl (RaftServerImpl.java:setRole(184)) - 791861f8-afde-4d35-9346-06d148d36ddc@group-FFD2772B8C13: changes role from CANDIDATE to LEADER at term 2 for changeToLeader
2019-10-18 12:51:41,819 [791861f8-afde-4d35-9346-06d148d36ddc@group-FFD2772B8C13-LeaderElection10] INFO  impl.RaftServerImpl (ServerState.java:setLeader(256)) - 791861f8-afde-4d35-9346-06d148d36ddc@group-FFD2772B8C13: change Leader from null to 791861f8-afde-4d35-9346-06d148d36ddc at term 2 for becomeLeader, leader elected after 5181ms
2019-10-18 12:51:41,821 [791861f8-afde-4d35-9346-06d148d36ddc@group-FFD2772B8C13-LeaderElection10] INFO  server.RaftServerConfigKeys (ConfUtils.java:logGet(43)) - raft.server.staging.catchup.gap = 1000 (default)
2019-10-18 12:51:41,821 [791861f8-afde-4d35-9346-06d148d36ddc@group-FFD2772B8C13-LeaderElection10] INFO  server.RaftServerConfigKeys (ConfUtils.java:logGet(43)) - raft.server.rpc.sleep.time = 25ms (default)
2019-10-18 12:51:41,822 [791861f8-afde-4d35-9346-06d148d36ddc@group-FFD2772B8C13-LeaderElection10] INFO  server.RaftServerConfigKeys (ConfUtils.java:logGet(43)) - raft.server.write.element-limit = 4096 (default)
2019-10-18 12:51:41,822 [791861f8-afde-4d35-9346-06d148d36ddc@group-FFD2772B8C13-LeaderElection10] INFO  server.RaftServerConfigKeys (ConfUtils.java:logGet(43)) - raft.server.watch.timeout = 10s (default)
2019-10-18 12:51:41,822 [791861f8-afde-4d35-9346-06d148d36ddc@group-FFD2772B8C13-LeaderElection10] INFO  server.RaftServerConfigKeys (ConfUtils.java:logGet(43)) - raft.server.watch.timeout.denomination = 1s (default)
2019-10-18 12:51:41,822 [791861f8-afde-4d35-9346-06d148d36ddc@group-FFD2772B8C13-LeaderElection10] INFO  server.RaftServerConfigKeys (ConfUtils.java:logGet(43)) - raft.server.watch.element-limit = 65536 (default)
2019-10-18 12:51:41,822 [791861f8-afde-4d35-9346-06d148d36ddc@group-FFD2772B8C13-LeaderElection10] INFO  impl.RoleInfo (RoleInfo.java:updateAndGet(143)) - 791861f8-afde-4d35-9346-06d148d36ddc: start LeaderState
2019-10-18 12:51:41,823 [791861f8-afde-4d35-9346-06d148d36ddc@group-FFD2772B8C13-LeaderElection10] INFO  segmented.SegmentedRaftLogWorker (SegmentedRaftLogWorker.java:rollLogSegment(390)) - 791861f8-afde-4d35-9346-06d148d36ddc@group-FFD2772B8C13-SegmentedRaftLogWorker: Rolling segment log-0_0 to index:0
2019-10-18 12:51:41,826 [791861f8-afde-4d35-9346-06d148d36ddc@group-FFD2772B8C13-LeaderElection10] INFO  impl.RaftServerImpl (ServerState.java:setRaftConf(357)) - 791861f8-afde-4d35-9346-06d148d36ddc@group-FFD2772B8C13: set configuration 1: [791861f8-afde-4d35-9346-06d148d36ddc:192.168.34.56:35814], old=null at 1
2019-10-18 12:51:41,828 [791861f8-afde-4d35-9346-06d148d36ddc@group-FFD2772B8C13-SegmentedRaftLogWorker] INFO  segmented.SegmentedRaftLogWorker (SegmentedRaftLogWorker.java:execute(533)) - 791861f8-afde-4d35-9346-06d148d36ddc@group-FFD2772B8C13-SegmentedRaftLogWorker: Rolled log segment from /workdir/hadoop-ozone/integration-test/target/test-dir/MiniOzoneClusterImpl-3be10f8d-1302-4718-9a55-95b8fc69e0de/datanode-1/data/ratis/3baabd91-f871-4c1c-8754-ffd2772b8c13/current/log_inprogress_0 to /workdir/hadoop-ozone/integration-test/target/test-dir/MiniOzoneClusterImpl-3be10f8d-1302-4718-9a55-95b8fc69e0de/datanode-1/data/ratis/3baabd91-f871-4c1c-8754-ffd2772b8c13/current/log_0-0
2019-10-18 12:51:41,871 [pool-7-thread-6] INFO  commands.RetriableDatanodeEventWatcher (RetriableDatanodeEventWatcher.java:onTimeout(47)) - RetriableDatanodeCommand type=deleteBlocksCommand with id=1571403089412 timed out. Retrying.
2019-10-18 12:51:41,873 [SCMBlockDeletingService#0] INFO  block.SCMBlockDeletingService (SCMBlockDeletingService.java:call(184)) - Totally added 1 delete blocks command for 1 datanodes, task elapsed time: 1ms
2019-10-18 12:51:42,406 [pool-7-thread-6] INFO  commands.RetriableDatanodeEventWatcher (RetriableDatanodeEventWatcher.java:onTimeout(47)) - RetriableDatanodeCommand type=deleteBlocksCommand with id=1571403089409 timed out. Retrying.
2019-10-18 12:51:42,406 [pool-7-thread-6] INFO  commands.RetriableDatanodeEventWatcher (RetriableDatanodeEventWatcher.java:onTimeout(47)) - RetriableDatanodeCommand type=deleteBlocksCommand with id=1571403089411 timed out. Retrying.
2019-10-18 12:51:42,407 [pool-7-thread-2] INFO  commands.RetriableDatanodeEventWatcher (RetriableDatanodeEventWatcher.java:onTimeout(47)) - RetriableDatanodeCommand type=deleteBlocksCommand with id=1571403089410 timed out. Retrying.
2019-10-18 12:51:42,478 [pool-7-thread-2] INFO  commands.RetriableDatanodeEventWatcher (RetriableDatanodeEventWatcher.java:onTimeout(47)) - RetriableDatanodeCommand type=deleteBlocksCommand with id=1571403089396 timed out. Retrying.
2019-10-18 12:51:42,481 [BlockDeletingService#2] WARN  background.BlockDeletingService (BlockDeletingService.java:isDeletionAllowed(187)) - Close Container log Index 6 is not replicated across allthe servers in the pipeline 18f6f15d-c63f-47db-b28d-6a6b47b3b231 as the min replicated index is 4. Deletion is not allowed in this container yet.
2019-10-18 12:51:42,482 [pool-7-thread-2] INFO  commands.RetriableDatanodeEventWatcher (RetriableDatanodeEventWatcher.java:onTimeout(47)) - RetriableDatanodeCommand type=deleteBlocksCommand with id=1571403089400 timed out. Retrying.
2019-10-18 12:51:42,482 [BlockDeletingService#2] WARN  background.BlockDeletingService (BlockDeletingService.java:isDeletionAllowed(187)) - Close Container log Index 6 is not replicated across allthe servers in the pipeline 18f6f15d-c63f-47db-b28d-6a6b47b3b231 as the min replicated index is 4. Deletion is not allowed in this container yet.
2019-10-18 12:51:42,486 [pool-7-thread-6] INFO  commands.RetriableDatanodeEventWatcher (RetriableDatanodeEventWatcher.java:onTimeout(47)) - RetriableDatanodeCommand type=deleteBlocksCommand with id=1571403089406 timed out. Retrying.
2019-10-18 12:51:42,487 [pool-7-thread-2] INFO  commands.RetriableDatanodeEventWatcher (RetriableDatanodeEventWatcher.java:onTimeout(47)) - RetriableDatanodeCommand type=deleteBlocksCommand with id=1571403089402 timed out. Retrying.
2019-10-18 12:51:42,488 [pool-7-thread-2] INFO  commands.RetriableDatanodeEventWatcher (RetriableDatanodeEventWatcher.java:onTimeout(47)) - RetriableDatanodeCommand type=deleteBlocksCommand with id=1571403089408 timed out. Retrying.
2019-10-18 12:51:42,488 [pool-7-thread-5] INFO  commands.RetriableDatanodeEventWatcher (RetriableDatanodeEventWatcher.java:onTimeout(47)) - RetriableDatanodeCommand type=deleteBlocksCommand with id=1571403089404 timed out. Retrying.
2019-10-18 12:51:42,489 [pool-7-thread-6] INFO  commands.RetriableDatanodeEventWatcher (RetriableDatanodeEventWatcher.java:onTimeout(47)) - RetriableDatanodeCommand type=deleteBlocksCommand with id=1571403089398 timed out. Retrying.
2019-10-18 12:51:42,740 [EventQueue-PendingDeleteStatusForPendingDeleteHandler] INFO  block.SCMBlockDeletingService (SCMBlockDeletingService.java:handlePendingDeletes(115)) - Block deletion txnID mismatch in datanode 791861f8-afde-4d35-9346-06d148d36ddc for containerID 1. Datanode delete txnID: 0, SCM txnID: 1
2019-10-18 12:51:42,808 [Thread-590] INFO  client.GrpcClientProtocolService (GrpcClientProtocolService.java:lambda$processClientRequest$0(278)) - Failed RaftClientRequest:client-89547DF785DD->7efb2e96-f9c3-4063-84ab-0234e1cfa3ef@group-6A6B47B3B231, cid=10, seq=0, Watch-ALL_COMMITTED(6), Message:<EMPTY>, reply=RaftClientReply:client-89547DF785DD->7efb2e96-f9c3-4063-84ab-0234e1cfa3ef@group-6A6B47B3B231, cid=10, FAILED org.apache.ratis.protocol.NotLeaderException: Server 7efb2e96-f9c3-4063-84ab-0234e1cfa3ef@group-6A6B47B3B231 is not the leader, logIndex=0, commits[7efb2e96-f9c3-4063-84ab-0234e1cfa3ef:c10, 1573a222-9ada-47a6-bc12-21286aa75403:c10, 791861f8-afde-4d35-9346-06d148d36ddc:c4]
2019-10-18 12:51:42,821 [grpc-default-executor-4] INFO  impl.RaftServerProxy (RaftServerProxy.java:addNew(89)) - 791861f8-afde-4d35-9346-06d148d36ddc: addNew group-3CDE76AD2C48:[791861f8-afde-4d35-9346-06d148d36ddc:192.168.34.56:35814] returns group-3CDE76AD2C48:java.util.concurrent.CompletableFuture@2f4ddb27[Not completed]
2019-10-18 12:51:42,823 [pool-59-thread-1] INFO  impl.RaftServerImpl (RaftServerImpl.java:<init>(104)) - 791861f8-afde-4d35-9346-06d148d36ddc: new RaftServerImpl for group-3CDE76AD2C48:[791861f8-afde-4d35-9346-06d148d36ddc:192.168.34.56:35814] with ContainerStateMachine:uninitialized
2019-10-18 12:51:42,824 [pool-59-thread-1] INFO  server.RaftServerConfigKeys (ConfUtils.java:logGet(43)) - raft.server.rpc.timeout.min = 5s (custom)
2019-10-18 12:51:42,824 [pool-59-thread-1] INFO  server.RaftServerConfigKeys (ConfUtils.java:logGet(43)) - raft.server.rpc.timeout.max = 5200ms (custom)
2019-10-18 12:51:42,824 [pool-59-thread-1] INFO  server.RaftServerConfigKeys (ConfUtils.java:logGet(43)) - raft.server.rpcslowness.timeout = 1000s (custom)
2019-10-18 12:51:42,824 [pool-59-thread-1] INFO  server.RaftServerConfigKeys (ConfUtils.java:logGet(43)) - raft.server.sleep.deviation.threshold = 300 (default)
2019-10-18 12:51:42,824 [pool-59-thread-1] INFO  server.RaftServerConfigKeys (ConfUtils.java:logGet(43)) - raft.server.log.appender.install.snapshot.enabled = false (custom)
2019-10-18 12:51:42,824 [pool-59-thread-1] INFO  impl.RaftServerImpl (ServerState.java:<init>(103)) - 791861f8-afde-4d35-9346-06d148d36ddc@group-3CDE76AD2C48: ConfigurationManager, init=-1: [791861f8-afde-4d35-9346-06d148d36ddc:192.168.34.56:35814], old=null, confs=<EMPTY_MAP>
2019-10-18 12:51:42,824 [pool-59-thread-1] INFO  server.RaftServerConfigKeys (ConfUtils.java:logGet(43)) - raft.server.storage.dir = [/workdir/hadoop-ozone/integration-test/target/test-dir/MiniOzoneClusterImpl-3be10f8d-1302-4718-9a55-95b8fc69e0de/datanode-1/data/ratis] (custom)
2019-10-18 12:51:42,825 [pool-59-thread-1] INFO  server.RaftServerConfigKeys (ConfUtils.java:logGet(43)) - raft.server.log.corruption.policy = EXCEPTION (default)
2019-10-18 12:51:42,825 [pool-59-thread-1] INFO  storage.RaftStorageDirectory (RaftStorageDirectory.java:analyzeStorage(246)) - The storage directory /workdir/hadoop-ozone/integration-test/target/test-dir/MiniOzoneClusterImpl-3be10f8d-1302-4718-9a55-95b8fc69e0de/datanode-1/data/ratis/1ad356d1-5053-410b-97e2-3cde76ad2c48 does not exist. Creating ...
2019-10-18 12:51:42,839 [EventQueue-PendingDeleteStatusForPendingDeleteHandler] INFO  block.SCMBlockDeletingService (SCMBlockDeletingService.java:handlePendingDeletes(115)) - Block deletion txnID mismatch in datanode 791861f8-afde-4d35-9346-06d148d36ddc for containerID 1. Datanode delete txnID: 0, SCM txnID: 1
2019-10-18 12:51:42,871 [pool-7-thread-6] INFO  commands.RetriableDatanodeEventWatcher (RetriableDatanodeEventWatcher.java:onTimeout(47)) - RetriableDatanodeCommand type=deleteBlocksCommand with id=1571403089412 timed out. Retrying.
2019-10-18 12:51:42,873 [pool-7-thread-6] INFO  commands.RetriableDatanodeEventWatcher (RetriableDatanodeEventWatcher.java:onTimeout(47)) - RetriableDatanodeCommand type=deleteBlocksCommand with id=1571403089413 timed out. Retrying.
2019-10-18 12:51:42,968 [java.util.concurrent.ThreadPoolExecutor$Worker@2fa800c4[State = -1, empty queue]] WARN  server.GrpcLogAppender (GrpcLogAppender.java:timeoutAppendRequest(209)) - 1573a222-9ada-47a6-bc12-21286aa75403@group-6A6B47B3B231->791861f8-afde-4d35-9346-06d148d36ddc-GrpcLogAppender: appendEntries Timeout, request=1573a222-9ada-47a6-bc12-21286aa75403->791861f8-afde-4d35-9346-06d148d36ddc#56-t2, previous=(t:2, i:10), leaderCommit=10, initializing? false, entries: <empty>
2019-10-18 12:51:43,140 [EventQueue-PendingDeleteStatusForPendingDeleteHandler] INFO  block.SCMBlockDeletingService (SCMBlockDeletingService.java:handlePendingDeletes(115)) - Block deletion txnID mismatch in datanode 791861f8-afde-4d35-9346-06d148d36ddc for containerID 1. Datanode delete txnID: 0, SCM txnID: 1
2019-10-18 12:51:43,340 [EventQueue-PendingDeleteStatusForPendingDeleteHandler] INFO  block.SCMBlockDeletingService (SCMBlockDeletingService.java:handlePendingDeletes(115)) - Block deletion txnID mismatch in datanode 791861f8-afde-4d35-9346-06d148d36ddc for containerID 1. Datanode delete txnID: 0, SCM txnID: 1
2019-10-18 12:51:43,406 [pool-7-thread-6] INFO  commands.RetriableDatanodeEventWatcher (RetriableDatanodeEventWatcher.java:onTimeout(47)) - RetriableDatanodeCommand type=deleteBlocksCommand with id=1571403089409 timed out. Retrying.
2019-10-18 12:51:43,407 [pool-7-thread-2] INFO  commands.RetriableDatanodeEventWatcher (RetriableDatanodeEventWatcher.java:onTimeout(47)) - RetriableDatanodeCommand type=deleteBlocksCommand with id=1571403089410 timed out. Retrying.
2019-10-18 12:51:43,407 [pool-7-thread-5] INFO  commands.RetriableDatanodeEventWatcher (RetriableDatanodeEventWatcher.java:onTimeout(47)) - RetriableDatanodeCommand type=deleteBlocksCommand with id=1571403089411 timed out. Retrying.
2019-10-18 12:51:43,479 [pool-7-thread-5] INFO  commands.RetriableDatanodeEventWatcher (RetriableDatanodeEventWatcher.java:onTimeout(47)) - RetriableDatanodeCommand type=deleteBlocksCommand with id=1571403089396 timed out. Retrying.
2019-10-18 12:51:43,482 [BlockDeletingService#2] WARN  background.BlockDeletingService (BlockDeletingService.java:isDeletionAllowed(187)) - Close Container log Index 6 is not replicated across allthe servers in the pipeline 18f6f15d-c63f-47db-b28d-6a6b47b3b231 as the min replicated index is 4. Deletion is not allowed in this container yet.
2019-10-18 12:51:43,483 [pool-7-thread-5] INFO  commands.RetriableDatanodeEventWatcher (RetriableDatanodeEventWatcher.java:onTimeout(47)) - RetriableDatanodeCommand type=deleteBlocksCommand with id=1571403089400 timed out. Retrying.
2019-10-18 12:51:43,484 [BlockDeletingService#2] WARN  background.BlockDeletingService (BlockDeletingService.java:isDeletionAllowed(187)) - Close Container log Index 6 is not replicated across allthe servers in the pipeline 18f6f15d-c63f-47db-b28d-6a6b47b3b231 as the min replicated index is 4. Deletion is not allowed in this container yet.
2019-10-18 12:51:43,486 [pool-7-thread-2] INFO  commands.RetriableDatanodeEventWatcher (RetriableDatanodeEventWatcher.java:onTimeout(47)) - RetriableDatanodeCommand type=deleteBlocksCommand with id=1571403089406 timed out. Retrying.
2019-10-18 12:51:43,487 [pool-7-thread-5] INFO  commands.RetriableDatanodeEventWatcher (RetriableDatanodeEventWatcher.java:onTimeout(47)) - RetriableDatanodeCommand type=deleteBlocksCommand with id=1571403089402 timed out. Retrying.
2019-10-18 12:51:43,489 [pool-7-thread-5] INFO  commands.RetriableDatanodeEventWatcher (RetriableDatanodeEventWatcher.java:onTimeout(47)) - RetriableDatanodeCommand type=deleteBlocksCommand with id=1571403089408 timed out. Retrying.
2019-10-18 12:51:43,489 [pool-7-thread-6] INFO  commands.RetriableDatanodeEventWatcher (RetriableDatanodeEventWatcher.java:onTimeout(47)) - RetriableDatanodeCommand type=deleteBlocksCommand with id=1571403089404 timed out. Retrying.
2019-10-18 12:51:43,490 [pool-7-thread-2] INFO  commands.RetriableDatanodeEventWatcher (RetriableDatanodeEventWatcher.java:onTimeout(47)) - RetriableDatanodeCommand type=deleteBlocksCommand with id=1571403089398 timed out. Retrying.
2019-10-18 12:51:43,639 [EventQueue-PendingDeleteStatusForPendingDeleteHandler] INFO  block.SCMBlockDeletingService (SCMBlockDeletingService.java:handlePendingDeletes(115)) - Block deletion txnID mismatch in datanode 791861f8-afde-4d35-9346-06d148d36ddc for containerID 1. Datanode delete txnID: 0, SCM txnID: 1
2019-10-18 12:51:43,761 [SCMBlockDeletingService#0] INFO  block.SCMBlockDeletingService (SCMBlockDeletingService.java:call(184)) - Totally added 1 delete blocks command for 1 datanodes, task elapsed time: 887ms
2019-10-18 12:51:43,761 [791861f8-afde-4d35-9346-06d148d36ddc@group-6A6B47B3B231-LeaderElection9] INFO  impl.LeaderElection (LeaderElection.java:askForVotes(178)) - 791861f8-afde-4d35-9346-06d148d36ddc@group-6A6B47B3B231-LeaderElection9: begin an election at term 4 for 0: [7efb2e96-f9c3-4063-84ab-0234e1cfa3ef:192.168.34.56:36868, 1573a222-9ada-47a6-bc12-21286aa75403:192.168.34.56:40119, 791861f8-afde-4d35-9346-06d148d36ddc:192.168.34.56:35814], old=null
2019-10-18 12:51:43,766 [grpc-default-executor-1] INFO  impl.RaftServerImpl (RaftServerImpl.java:setRole(184)) - 7efb2e96-f9c3-4063-84ab-0234e1cfa3ef@group-6A6B47B3B231: changes role from  FOLLOWER to FOLLOWER at term 4 for recognizeCandidate:791861f8-afde-4d35-9346-06d148d36ddc
2019-10-18 12:51:43,767 [791861f8-afde-4d35-9346-06d148d36ddc@group-6A6B47B3B231-LeaderElection9] INFO  impl.LeaderElection (LeaderElection.java:logAndReturn(56)) - 791861f8-afde-4d35-9346-06d148d36ddc@group-6A6B47B3B231-LeaderElection9: Election TIMEOUT; received 0 response(s) [] and 0 exception(s); 791861f8-afde-4d35-9346-06d148d36ddc@group-6A6B47B3B231:t4, leader=null, voted=791861f8-afde-4d35-9346-06d148d36ddc, raftlog=791861f8-afde-4d35-9346-06d148d36ddc@group-6A6B47B3B231-SegmentedRaftLog:OPENED:c3,f4,i4, conf=0: [7efb2e96-f9c3-4063-84ab-0234e1cfa3ef:192.168.34.56:36868, 1573a222-9ada-47a6-bc12-21286aa75403:192.168.34.56:40119, 791861f8-afde-4d35-9346-06d148d36ddc:192.168.34.56:35814], old=null
2019-10-18 12:51:43,767 [grpc-default-executor-0] INFO  impl.RaftServerImpl (RaftServerImpl.java:setRole(184)) - 1573a222-9ada-47a6-bc12-21286aa75403@group-6A6B47B3B231: changes role from  FOLLOWER to FOLLOWER at term 4 for recognizeCandidate:791861f8-afde-4d35-9346-06d148d36ddc
2019-10-18 12:51:43,767 [grpc-default-executor-1] INFO  impl.RoleInfo (RoleInfo.java:shutdownFollowerState(121)) - 7efb2e96-f9c3-4063-84ab-0234e1cfa3ef: shutdown FollowerState
2019-10-18 12:51:43,767 [grpc-default-executor-0] INFO  impl.RoleInfo (RoleInfo.java:shutdownFollowerState(121)) - 1573a222-9ada-47a6-bc12-21286aa75403: shutdown FollowerState
2019-10-18 12:51:43,768 [Thread-572] INFO  impl.FollowerState (FollowerState.java:run(117)) - 7efb2e96-f9c3-4063-84ab-0234e1cfa3ef@group-6A6B47B3B231-FollowerState was interrupted: java.lang.InterruptedException: sleep interrupted
2019-10-18 12:51:43,768 [grpc-default-executor-1] INFO  impl.RoleInfo (RoleInfo.java:updateAndGet(143)) - 7efb2e96-f9c3-4063-84ab-0234e1cfa3ef: start FollowerState
2019-10-18 12:51:43,769 [grpc-default-executor-0] INFO  impl.RoleInfo (RoleInfo.java:updateAndGet(143)) - 1573a222-9ada-47a6-bc12-21286aa75403: start FollowerState
2019-10-18 12:51:43,769 [Thread-573] INFO  impl.FollowerState (FollowerState.java:run(117)) - 1573a222-9ada-47a6-bc12-21286aa75403@group-6A6B47B3B231-FollowerState was interrupted: java.lang.InterruptedException: sleep interrupted
2019-10-18 12:51:43,825 [Thread-600] INFO  client.GrpcClientProtocolService (GrpcClientProtocolService.java:lambda$processClientRequest$0(278)) - Failed RaftClientRequest:client-89547DF785DD->1573a222-9ada-47a6-bc12-21286aa75403@group-6A6B47B3B231, cid=10, seq=0, Watch-ALL_COMMITTED(6), Message:<EMPTY>, reply=RaftClientReply:client-89547DF785DD->1573a222-9ada-47a6-bc12-21286aa75403@group-6A6B47B3B231, cid=10, FAILED org.apache.ratis.protocol.NotLeaderException: Server 1573a222-9ada-47a6-bc12-21286aa75403@group-6A6B47B3B231 is not the leader, logIndex=0, commits[1573a222-9ada-47a6-bc12-21286aa75403:c10, 7efb2e96-f9c3-4063-84ab-0234e1cfa3ef:c10, 791861f8-afde-4d35-9346-06d148d36ddc:c4]
2019-10-18 12:51:43,839 [EventQueue-PendingDeleteStatusForPendingDeleteHandler] INFO  block.SCMBlockDeletingService (SCMBlockDeletingService.java:handlePendingDeletes(115)) - Block deletion txnID mismatch in datanode 791861f8-afde-4d35-9346-06d148d36ddc for containerID 1. Datanode delete txnID: 0, SCM txnID: 1
2019-10-18 12:51:43,871 [pool-7-thread-2] INFO  commands.RetriableDatanodeEventWatcher (RetriableDatanodeEventWatcher.java:onTimeout(47)) - RetriableDatanodeCommand type=deleteBlocksCommand with id=1571403089412 timed out. Retrying.
2019-10-18 12:51:43,873 [pool-7-thread-6] INFO  commands.RetriableDatanodeEventWatcher (RetriableDatanodeEventWatcher.java:onTimeout(47)) - RetriableDatanodeCommand type=deleteBlocksCommand with id=1571403089413 timed out. Retrying.
2019-10-18 12:51:43,875 [pool-7-thread-6] INFO  commands.RetriableDatanodeEventWatcher (RetriableDatanodeEventWatcher.java:onTimeout(47)) - RetriableDatanodeCommand type=deleteBlocksCommand with id=1571403089414 timed out. Retrying.
2019-10-18 12:51:44,139 [EventQueue-PendingDeleteStatusForPendingDeleteHandler] INFO  block.SCMBlockDeletingService (SCMBlockDeletingService.java:handlePendingDeletes(115)) - Block deletion txnID mismatch in datanode 791861f8-afde-4d35-9346-06d148d36ddc for containerID 1. Datanode delete txnID: 0, SCM txnID: 1
2019-10-18 12:51:44,183 [791861f8-afde-4d35-9346-06d148d36ddc@group-FFD2772B8C13-SegmentedRaftLogWorker] INFO  segmented.SegmentedRaftLogWorker (SegmentedRaftLogWorker.java:execute(576)) - 791861f8-afde-4d35-9346-06d148d36ddc@group-FFD2772B8C13-SegmentedRaftLogWorker: created new log segment /workdir/hadoop-ozone/integration-test/target/test-dir/MiniOzoneClusterImpl-3be10f8d-1302-4718-9a55-95b8fc69e0de/datanode-1/data/ratis/3baabd91-f871-4c1c-8754-ffd2772b8c13/current/log_inprogress_1
2019-10-18 12:51:44,340 [EventQueue-PendingDeleteStatusForPendingDeleteHandler] INFO  block.SCMBlockDeletingService (SCMBlockDeletingService.java:handlePendingDeletes(115)) - Block deletion txnID mismatch in datanode 791861f8-afde-4d35-9346-06d148d36ddc for containerID 1. Datanode delete txnID: 0, SCM txnID: 1
2019-10-18 12:51:44,408 [pool-7-thread-5] INFO  commands.RetriableDatanodeEventWatcher (RetriableDatanodeEventWatcher.java:onTimeout(47)) - RetriableDatanodeCommand type=deleteBlocksCommand with id=1571403089410 timed out. Retrying.
2019-10-18 12:51:44,408 [pool-7-thread-2] INFO  commands.RetriableDatanodeEventWatcher (RetriableDatanodeEventWatcher.java:onTimeout(47)) - RetriableDatanodeCommand type=deleteBlocksCommand with id=1571403089411 timed out. Retrying.
2019-10-18 12:51:44,409 [pool-7-thread-6] INFO  commands.RetriableDatanodeEventWatcher (RetriableDatanodeEventWatcher.java:onTimeout(47)) - RetriableDatanodeCommand type=deleteBlocksCommand with id=1571403089409 timed out. Retrying.
2019-10-18 12:51:44,480 [pool-7-thread-6] INFO  commands.RetriableDatanodeEventWatcher (RetriableDatanodeEventWatcher.java:onTimeout(47)) - RetriableDatanodeCommand type=deleteBlocksCommand with id=1571403089396 timed out. Retrying.
2019-10-18 12:51:44,483 [pool-7-thread-6] INFO  commands.RetriableDatanodeEventWatcher (RetriableDatanodeEventWatcher.java:onTimeout(47)) - RetriableDatanodeCommand type=deleteBlocksCommand with id=1571403089400 timed out. Retrying.
2019-10-18 12:51:44,484 [BlockDeletingService#2] WARN  background.BlockDeletingService (BlockDeletingService.java:isDeletionAllowed(187)) - Close Container log Index 6 is not replicated across allthe servers in the pipeline 18f6f15d-c63f-47db-b28d-6a6b47b3b231 as the min replicated index is 4. Deletion is not allowed in this container yet.
2019-10-18 12:51:44,485 [BlockDeletingService#2] WARN  background.BlockDeletingService (BlockDeletingService.java:isDeletionAllowed(187)) - Close Container log Index 6 is not replicated across allthe servers in the pipeline 18f6f15d-c63f-47db-b28d-6a6b47b3b231 as the min replicated index is 4. Deletion is not allowed in this container yet.
2019-10-18 12:51:44,487 [pool-7-thread-2] INFO  commands.RetriableDatanodeEventWatcher (RetriableDatanodeEventWatcher.java:onTimeout(47)) - RetriableDatanodeCommand type=deleteBlocksCommand with id=1571403089406 timed out. Retrying.
2019-10-18 12:51:44,487 [pool-7-thread-6] INFO  commands.RetriableDatanodeEventWatcher (RetriableDatanodeEventWatcher.java:onTimeout(47)) - RetriableDatanodeCommand type=deleteBlocksCommand with id=1571403089402 timed out. Retrying.
2019-10-18 12:51:44,490 [pool-7-thread-6] INFO  commands.RetriableDatanodeEventWatcher (RetriableDatanodeEventWatcher.java:onTimeout(47)) - RetriableDatanodeCommand type=deleteBlocksCommand with id=1571403089408 timed out. Retrying.
2019-10-18 12:51:44,490 [pool-7-thread-2] INFO  commands.RetriableDatanodeEventWatcher (RetriableDatanodeEventWatcher.java:onTimeout(47)) - RetriableDatanodeCommand type=deleteBlocksCommand with id=1571403089404 timed out. Retrying.
2019-10-18 12:51:44,490 [pool-7-thread-2] INFO  commands.RetriableDatanodeEventWatcher (RetriableDatanodeEventWatcher.java:onTimeout(47)) - RetriableDatanodeCommand type=deleteBlocksCommand with id=1571403089398 timed out. Retrying.
2019-10-18 12:51:44,841 [Thread-606] INFO  client.GrpcClientProtocolService (GrpcClientProtocolService.java:lambda$processClientRequest$0(278)) - Failed RaftClientRequest:client-89547DF785DD->7efb2e96-f9c3-4063-84ab-0234e1cfa3ef@group-6A6B47B3B231, cid=10, seq=0, Watch-ALL_COMMITTED(6), Message:<EMPTY>, reply=RaftClientReply:client-89547DF785DD->7efb2e96-f9c3-4063-84ab-0234e1cfa3ef@group-6A6B47B3B231, cid=10, FAILED org.apache.ratis.protocol.NotLeaderException: Server 7efb2e96-f9c3-4063-84ab-0234e1cfa3ef@group-6A6B47B3B231 is not the leader, logIndex=0, commits[7efb2e96-f9c3-4063-84ab-0234e1cfa3ef:c10, 1573a222-9ada-47a6-bc12-21286aa75403:c10, 791861f8-afde-4d35-9346-06d148d36ddc:c4]
2019-10-18 12:51:44,874 [pool-7-thread-2] INFO  commands.RetriableDatanodeEventWatcher (RetriableDatanodeEventWatcher.java:onTimeout(47)) - RetriableDatanodeCommand type=deleteBlocksCommand with id=1571403089413 timed out. Retrying.
2019-10-18 12:51:44,874 [pool-7-thread-6] INFO  commands.RetriableDatanodeEventWatcher (RetriableDatanodeEventWatcher.java:onTimeout(47)) - RetriableDatanodeCommand type=deleteBlocksCommand with id=1571403089412 timed out. Retrying.
2019-10-18 12:51:44,876 [pool-7-thread-2] INFO  commands.RetriableDatanodeEventWatcher (RetriableDatanodeEventWatcher.java:onTimeout(47)) - RetriableDatanodeCommand type=deleteBlocksCommand with id=1571403089414 timed out. Retrying.
2019-10-18 12:51:45,409 [pool-7-thread-2] INFO  commands.RetriableDatanodeEventWatcher (RetriableDatanodeEventWatcher.java:onTimeout(47)) - RetriableDatanodeCommand type=deleteBlocksCommand with id=1571403089410 timed out. Retrying.
2019-10-18 12:51:45,410 [pool-7-thread-2] INFO  commands.RetriableDatanodeEventWatcher (RetriableDatanodeEventWatcher.java:onTimeout(47)) - RetriableDatanodeCommand type=deleteBlocksCommand with id=1571403089409 timed out. Retrying.
2019-10-18 12:51:45,410 [pool-7-thread-6] INFO  commands.RetriableDatanodeEventWatcher (RetriableDatanodeEventWatcher.java:onTimeout(47)) - RetriableDatanodeCommand type=deleteBlocksCommand with id=1571403089411 timed out. Retrying.
2019-10-18 12:51:45,467 [SCMBlockDeletingService#0] INFO  block.SCMBlockDeletingService (SCMBlockDeletingService.java:call(184)) - Totally added 1 delete blocks command for 1 datanodes, task elapsed time: 705ms
2019-10-18 12:51:45,471 [EventQueue-PendingDeleteStatusForPendingDeleteHandler] INFO  block.SCMBlockDeletingService (SCMBlockDeletingService.java:handlePendingDeletes(115)) - Block deletion txnID mismatch in datanode 791861f8-afde-4d35-9346-06d148d36ddc for containerID 1. Datanode delete txnID: 0, SCM txnID: 1
2019-10-18 12:51:45,481 [pool-7-thread-6] INFO  commands.RetriableDatanodeEventWatcher (RetriableDatanodeEventWatcher.java:onTimeout(47)) - RetriableDatanodeCommand type=deleteBlocksCommand with id=1571403089396 timed out. Retrying.
2019-10-18 12:51:45,483 [pool-7-thread-6] INFO  commands.RetriableDatanodeEventWatcher (RetriableDatanodeEventWatcher.java:onTimeout(47)) - RetriableDatanodeCommand type=deleteBlocksCommand with id=1571403089400 timed out. Retrying.
2019-10-18 12:51:45,485 [BlockDeletingService#2] WARN  background.BlockDeletingService (BlockDeletingService.java:isDeletionAllowed(187)) - Close Container log Index 6 is not replicated across allthe servers in the pipeline 18f6f15d-c63f-47db-b28d-6a6b47b3b231 as the min replicated index is 4. Deletion is not allowed in this container yet.
2019-10-18 12:51:45,486 [BlockDeletingService#2] WARN  background.BlockDeletingService (BlockDeletingService.java:isDeletionAllowed(187)) - Close Container log Index 6 is not replicated across allthe servers in the pipeline 18f6f15d-c63f-47db-b28d-6a6b47b3b231 as the min replicated index is 4. Deletion is not allowed in this container yet.
2019-10-18 12:51:45,488 [pool-7-thread-6] INFO  commands.RetriableDatanodeEventWatcher (RetriableDatanodeEventWatcher.java:onTimeout(47)) - RetriableDatanodeCommand type=deleteBlocksCommand with id=1571403089402 timed out. Retrying.
2019-10-18 12:51:45,488 [pool-7-thread-2] INFO  commands.RetriableDatanodeEventWatcher (RetriableDatanodeEventWatcher.java:onTimeout(47)) - RetriableDatanodeCommand type=deleteBlocksCommand with id=1571403089406 timed out. Retrying.
2019-10-18 12:51:45,491 [pool-7-thread-2] INFO  commands.RetriableDatanodeEventWatcher (RetriableDatanodeEventWatcher.java:onTimeout(47)) - RetriableDatanodeCommand type=deleteBlocksCommand with id=1571403089408 timed out. Retrying.
2019-10-18 12:51:45,491 [pool-7-thread-5] INFO  commands.RetriableDatanodeEventWatcher (RetriableDatanodeEventWatcher.java:onTimeout(47)) - RetriableDatanodeCommand type=deleteBlocksCommand with id=1571403089404 timed out. Retrying.
2019-10-18 12:51:45,491 [pool-7-thread-6] INFO  commands.RetriableDatanodeEventWatcher (RetriableDatanodeEventWatcher.java:onTimeout(47)) - RetriableDatanodeCommand type=deleteBlocksCommand with id=1571403089398 timed out. Retrying.
2019-10-18 12:51:45,545 [EventQueue-PendingDeleteStatusForPendingDeleteHandler] INFO  block.SCMBlockDeletingService (SCMBlockDeletingService.java:handlePendingDeletes(115)) - Block deletion txnID mismatch in datanode 791861f8-afde-4d35-9346-06d148d36ddc for containerID 1. Datanode delete txnID: 0, SCM txnID: 1
2019-10-18 12:51:45,745 [EventQueue-PendingDeleteStatusForPendingDeleteHandler] INFO  block.SCMBlockDeletingService (SCMBlockDeletingService.java:handlePendingDeletes(115)) - Block deletion txnID mismatch in datanode 791861f8-afde-4d35-9346-06d148d36ddc for containerID 1. Datanode delete txnID: 0, SCM txnID: 1
2019-10-18 12:51:45,820 [RATISCREATEPIPELINE0] ERROR pipeline.RatisPipelineProvider (RatisPipelineProvider.java:lambda$null$5(237)) - Failed invoke Ratis rpc org.apache.hadoop.hdds.scm.pipeline.RatisPipelineProvider$$Lambda$193/1554106106@63750c84 for 791861f8-afde-4d35-9346-06d148d36ddc
org.apache.ratis.protocol.TimeoutIOException: deadline exceeded after 2999799610ns
	at org.apache.ratis.grpc.GrpcUtil.tryUnwrapException(GrpcUtil.java:82)
	at org.apache.ratis.grpc.GrpcUtil.unwrapException(GrpcUtil.java:75)
	at org.apache.ratis.grpc.client.GrpcClientProtocolClient.blockingCall(GrpcClientProtocolClient.java:184)
	at org.apache.ratis.grpc.client.GrpcClientProtocolClient.groupAdd(GrpcClientProtocolClient.java:153)
	at org.apache.ratis.grpc.client.GrpcClientRpc.sendRequest(GrpcClientRpc.java:94)
	at org.apache.ratis.client.impl.RaftClientImpl.sendRequest(RaftClientImpl.java:278)
	at org.apache.ratis.client.impl.RaftClientImpl.groupAdd(RaftClientImpl.java:205)
	at org.apache.hadoop.hdds.scm.pipeline.RatisPipelineProvider.lambda$initializePipeline$4(RatisPipelineProvider.java:198)
	at org.apache.hadoop.hdds.scm.pipeline.RatisPipelineProvider.lambda$null$5(RatisPipelineProvider.java:233)
	at java.util.stream.ForEachOps$ForEachOp$OfRef.accept(ForEachOps.java:183)
	at java.util.ArrayList$ArrayListSpliterator.forEachRemaining(ArrayList.java:1382)
	at java.util.stream.AbstractPipeline.copyInto(AbstractPipeline.java:482)
	at java.util.stream.ForEachOps$ForEachTask.compute(ForEachOps.java:290)
	at java.util.concurrent.CountedCompleter.exec(CountedCompleter.java:731)
	at java.util.concurrent.ForkJoinTask.doExec(ForkJoinTask.java:289)
	at java.util.concurrent.ForkJoinTask.doInvoke(ForkJoinTask.java:401)
	at java.util.concurrent.ForkJoinTask.invoke(ForkJoinTask.java:734)
	at java.util.stream.ForEachOps$ForEachOp.evaluateParallel(ForEachOps.java:159)
	at java.util.stream.ForEachOps$ForEachOp$OfRef.evaluateParallel(ForEachOps.java:173)
	at java.util.stream.AbstractPipeline.evaluate(AbstractPipeline.java:233)
	at java.util.stream.ReferencePipeline.forEach(ReferencePipeline.java:485)
	at java.util.stream.ReferencePipeline$Head.forEach(ReferencePipeline.java:650)
	at org.apache.hadoop.hdds.scm.pipeline.RatisPipelineProvider.lambda$callRatisRpc$6(RatisPipelineProvider.java:227)
	at java.util.concurrent.ForkJoinTask$AdaptedRunnableAction.exec(ForkJoinTask.java:1386)
	at java.util.concurrent.ForkJoinTask.doExec(ForkJoinTask.java:289)
	at java.util.concurrent.ForkJoinPool$WorkQueue.runTask(ForkJoinPool.java:1056)
	at java.util.concurrent.ForkJoinPool.runWorker(ForkJoinPool.java:1692)
	at java.util.concurrent.ForkJoinWorkerThread.run(ForkJoinWorkerThread.java:157)
Caused by: org.apache.ratis.thirdparty.io.grpc.StatusRuntimeException: DEADLINE_EXCEEDED: deadline exceeded after 2999799610ns
	at org.apache.ratis.thirdparty.io.grpc.stub.ClientCalls.toStatusRuntimeException(ClientCalls.java:233)
	at org.apache.ratis.thirdparty.io.grpc.stub.ClientCalls.getUnchecked(ClientCalls.java:214)
	at org.apache.ratis.thirdparty.io.grpc.stub.ClientCalls.blockingUnaryCall(ClientCalls.java:139)
	at org.apache.ratis.proto.grpc.AdminProtocolServiceGrpc$AdminProtocolServiceBlockingStub.groupManagement(AdminProtocolServiceGrpc.java:274)
	at org.apache.ratis.grpc.client.GrpcClientProtocolClient.lambda$groupAdd$3(GrpcClientProtocolClient.java:155)
	at org.apache.ratis.grpc.client.GrpcClientProtocolClient.blockingCall(GrpcClientProtocolClient.java:182)
	... 25 more
2019-10-18 12:51:45,838 [grpc-default-executor-3] INFO  impl.RaftServerProxy (RaftServerProxy.java:addNew(89)) - 791861f8-afde-4d35-9346-06d148d36ddc: addNew group-17DDED39B69A:[7efb2e96-f9c3-4063-84ab-0234e1cfa3ef:192.168.34.56:36868, 1573a222-9ada-47a6-bc12-21286aa75403:192.168.34.56:40119, 791861f8-afde-4d35-9346-06d148d36ddc:192.168.34.56:35814] returns group-17DDED39B69A:java.util.concurrent.CompletableFuture@5df80126[Not completed]
2019-10-18 12:51:45,838 [grpc-default-executor-5] INFO  impl.RaftServerProxy (RaftServerProxy.java:addNew(89)) - 1573a222-9ada-47a6-bc12-21286aa75403: addNew group-17DDED39B69A:[7efb2e96-f9c3-4063-84ab-0234e1cfa3ef:192.168.34.56:36868, 1573a222-9ada-47a6-bc12-21286aa75403:192.168.34.56:40119, 791861f8-afde-4d35-9346-06d148d36ddc:192.168.34.56:35814] returns group-17DDED39B69A:java.util.concurrent.CompletableFuture@3f0ffa8c[Not completed]
2019-10-18 12:51:45,838 [grpc-default-executor-4] INFO  impl.RaftServerProxy (RaftServerProxy.java:addNew(89)) - 7efb2e96-f9c3-4063-84ab-0234e1cfa3ef: addNew group-17DDED39B69A:[7efb2e96-f9c3-4063-84ab-0234e1cfa3ef:192.168.34.56:36868, 1573a222-9ada-47a6-bc12-21286aa75403:192.168.34.56:40119, 791861f8-afde-4d35-9346-06d148d36ddc:192.168.34.56:35814] returns group-17DDED39B69A:java.util.concurrent.CompletableFuture@21e24157[Not completed]
2019-10-18 12:51:45,840 [pool-47-thread-1] INFO  impl.RaftServerImpl (RaftServerImpl.java:<init>(104)) - 1573a222-9ada-47a6-bc12-21286aa75403: new RaftServerImpl for group-17DDED39B69A:[7efb2e96-f9c3-4063-84ab-0234e1cfa3ef:192.168.34.56:36868, 1573a222-9ada-47a6-bc12-21286aa75403:192.168.34.56:40119, 791861f8-afde-4d35-9346-06d148d36ddc:192.168.34.56:35814] with ContainerStateMachine:uninitialized
2019-10-18 12:51:45,840 [pool-47-thread-1] INFO  server.RaftServerConfigKeys (ConfUtils.java:logGet(43)) - raft.server.rpc.timeout.min = 5s (custom)
2019-10-18 12:51:45,840 [pool-47-thread-1] INFO  server.RaftServerConfigKeys (ConfUtils.java:logGet(43)) - raft.server.rpc.timeout.max = 5200ms (custom)
2019-10-18 12:51:45,840 [pool-47-thread-1] INFO  server.RaftServerConfigKeys (ConfUtils.java:logGet(43)) - raft.server.rpcslowness.timeout = 1000s (custom)
2019-10-18 12:51:45,840 [pool-47-thread-1] INFO  server.RaftServerConfigKeys (ConfUtils.java:logGet(43)) - raft.server.sleep.deviation.threshold = 300 (default)
2019-10-18 12:51:45,840 [pool-47-thread-1] INFO  server.RaftServerConfigKeys (ConfUtils.java:logGet(43)) - raft.server.log.appender.install.snapshot.enabled = false (custom)
2019-10-18 12:51:45,841 [pool-47-thread-1] INFO  impl.RaftServerImpl (ServerState.java:<init>(103)) - 1573a222-9ada-47a6-bc12-21286aa75403@group-17DDED39B69A: ConfigurationManager, init=-1: [7efb2e96-f9c3-4063-84ab-0234e1cfa3ef:192.168.34.56:36868, 1573a222-9ada-47a6-bc12-21286aa75403:192.168.34.56:40119, 791861f8-afde-4d35-9346-06d148d36ddc:192.168.34.56:35814], old=null, confs=<EMPTY_MAP>
2019-10-18 12:51:45,841 [pool-47-thread-1] INFO  server.RaftServerConfigKeys (ConfUtils.java:logGet(43)) - raft.server.storage.dir = [/workdir/hadoop-ozone/integration-test/target/test-dir/MiniOzoneClusterImpl-3be10f8d-1302-4718-9a55-95b8fc69e0de/datanode-2/data/ratis] (custom)
2019-10-18 12:51:45,841 [pool-27-thread-1] INFO  impl.RaftServerImpl (RaftServerImpl.java:<init>(104)) - 7efb2e96-f9c3-4063-84ab-0234e1cfa3ef: new RaftServerImpl for group-17DDED39B69A:[7efb2e96-f9c3-4063-84ab-0234e1cfa3ef:192.168.34.56:36868, 1573a222-9ada-47a6-bc12-21286aa75403:192.168.34.56:40119, 791861f8-afde-4d35-9346-06d148d36ddc:192.168.34.56:35814] with ContainerStateMachine:uninitialized
2019-10-18 12:51:45,841 [pool-27-thread-1] INFO  server.RaftServerConfigKeys (ConfUtils.java:logGet(43)) - raft.server.rpc.timeout.min = 5s (custom)
2019-10-18 12:51:45,841 [pool-47-thread-1] INFO  server.RaftServerConfigKeys (ConfUtils.java:logGet(43)) - raft.server.log.corruption.policy = EXCEPTION (default)
2019-10-18 12:51:45,841 [pool-27-thread-1] INFO  server.RaftServerConfigKeys (ConfUtils.java:logGet(43)) - raft.server.rpc.timeout.max = 5200ms (custom)
2019-10-18 12:51:45,841 [pool-47-thread-1] INFO  storage.RaftStorageDirectory (RaftStorageDirectory.java:analyzeStorage(246)) - The storage directory /workdir/hadoop-ozone/integration-test/target/test-dir/MiniOzoneClusterImpl-3be10f8d-1302-4718-9a55-95b8fc69e0de/datanode-2/data/ratis/75529fae-ea15-4c43-9a77-17dded39b69a does not exist. Creating ...
2019-10-18 12:51:45,841 [pool-27-thread-1] INFO  server.RaftServerConfigKeys (ConfUtils.java:logGet(43)) - raft.server.rpcslowness.timeout = 1000s (custom)
2019-10-18 12:51:45,842 [pool-27-thread-1] INFO  server.RaftServerConfigKeys (ConfUtils.java:logGet(43)) - raft.server.sleep.deviation.threshold = 300 (default)
2019-10-18 12:51:45,842 [pool-27-thread-1] INFO  server.RaftServerConfigKeys (ConfUtils.java:logGet(43)) - raft.server.log.appender.install.snapshot.enabled = false (custom)
2019-10-18 12:51:45,842 [pool-27-thread-1] INFO  impl.RaftServerImpl (ServerState.java:<init>(103)) - 7efb2e96-f9c3-4063-84ab-0234e1cfa3ef@group-17DDED39B69A: ConfigurationManager, init=-1: [7efb2e96-f9c3-4063-84ab-0234e1cfa3ef:192.168.34.56:36868, 1573a222-9ada-47a6-bc12-21286aa75403:192.168.34.56:40119, 791861f8-afde-4d35-9346-06d148d36ddc:192.168.34.56:35814], old=null, confs=<EMPTY_MAP>
2019-10-18 12:51:45,842 [pool-27-thread-1] INFO  server.RaftServerConfigKeys (ConfUtils.java:logGet(43)) - raft.server.storage.dir = [/workdir/hadoop-ozone/integration-test/target/test-dir/MiniOzoneClusterImpl-3be10f8d-1302-4718-9a55-95b8fc69e0de/datanode-0/data/ratis] (custom)
2019-10-18 12:51:45,842 [pool-27-thread-1] INFO  server.RaftServerConfigKeys (ConfUtils.java:logGet(43)) - raft.server.log.corruption.policy = EXCEPTION (default)
2019-10-18 12:51:45,842 [pool-27-thread-1] INFO  storage.RaftStorageDirectory (RaftStorageDirectory.java:analyzeStorage(246)) - The storage directory /workdir/hadoop-ozone/integration-test/target/test-dir/MiniOzoneClusterImpl-3be10f8d-1302-4718-9a55-95b8fc69e0de/datanode-0/data/ratis/75529fae-ea15-4c43-9a77-17dded39b69a does not exist. Creating ...
2019-10-18 12:51:45,857 [Thread-612] INFO  client.GrpcClientProtocolService (GrpcClientProtocolService.java:lambda$processClientRequest$0(278)) - Failed RaftClientRequest:client-89547DF785DD->1573a222-9ada-47a6-bc12-21286aa75403@group-6A6B47B3B231, cid=10, seq=0, Watch-ALL_COMMITTED(6), Message:<EMPTY>, reply=RaftClientReply:client-89547DF785DD->1573a222-9ada-47a6-bc12-21286aa75403@group-6A6B47B3B231, cid=10, FAILED org.apache.ratis.protocol.NotLeaderException: Server 1573a222-9ada-47a6-bc12-21286aa75403@group-6A6B47B3B231 is not the leader, logIndex=0, commits[1573a222-9ada-47a6-bc12-21286aa75403:c10, 7efb2e96-f9c3-4063-84ab-0234e1cfa3ef:c10, 791861f8-afde-4d35-9346-06d148d36ddc:c4]
2019-10-18 12:51:45,877 [pool-7-thread-6] INFO  commands.RetriableDatanodeEventWatcher (RetriableDatanodeEventWatcher.java:onTimeout(47)) - RetriableDatanodeCommand type=deleteBlocksCommand with id=1571403089413 timed out. Retrying.
2019-10-18 12:51:45,877 [pool-7-thread-5] INFO  commands.RetriableDatanodeEventWatcher (RetriableDatanodeEventWatcher.java:onTimeout(47)) - RetriableDatanodeCommand type=deleteBlocksCommand with id=1571403089412 timed out. Retrying.
2019-10-18 12:51:45,878 [pool-7-thread-2] INFO  commands.RetriableDatanodeEventWatcher (RetriableDatanodeEventWatcher.java:onTimeout(47)) - RetriableDatanodeCommand type=deleteBlocksCommand with id=1571403089414 timed out. Retrying.
2019-10-18 12:51:46,045 [EventQueue-PendingDeleteStatusForPendingDeleteHandler] INFO  block.SCMBlockDeletingService (SCMBlockDeletingService.java:handlePendingDeletes(115)) - Block deletion txnID mismatch in datanode 791861f8-afde-4d35-9346-06d148d36ddc for containerID 1. Datanode delete txnID: 0, SCM txnID: 1
2019-10-18 12:51:46,410 [pool-7-thread-2] INFO  commands.RetriableDatanodeEventWatcher (RetriableDatanodeEventWatcher.java:onTimeout(47)) - RetriableDatanodeCommand type=deleteBlocksCommand with id=1571403089410 timed out. Retrying.
2019-10-18 12:51:46,411 [pool-7-thread-2] INFO  commands.RetriableDatanodeEventWatcher (RetriableDatanodeEventWatcher.java:onTimeout(47)) - RetriableDatanodeCommand type=deleteBlocksCommand with id=1571403089409 timed out. Retrying.
2019-10-18 12:51:46,411 [pool-7-thread-5] INFO  commands.RetriableDatanodeEventWatcher (RetriableDatanodeEventWatcher.java:onTimeout(47)) - RetriableDatanodeCommand type=deleteBlocksCommand with id=1571403089411 timed out. Retrying.
2019-10-18 12:51:46,446 [EventQueue-PendingDeleteStatusForPendingDeleteHandler] INFO  block.SCMBlockDeletingService (SCMBlockDeletingService.java:handlePendingDeletes(115)) - Block deletion txnID mismatch in datanode 791861f8-afde-4d35-9346-06d148d36ddc for containerID 1. Datanode delete txnID: 0, SCM txnID: 1
2019-10-18 12:51:46,467 [pool-7-thread-5] INFO  commands.RetriableDatanodeEventWatcher (RetriableDatanodeEventWatcher.java:onTimeout(47)) - RetriableDatanodeCommand type=deleteBlocksCommand with id=1571403089415 timed out. Retrying.
2019-10-18 12:51:46,468 [SCMBlockDeletingService#0] INFO  block.SCMBlockDeletingService (SCMBlockDeletingService.java:call(184)) - Totally added 1 delete blocks command for 1 datanodes, task elapsed time: 1ms
2019-10-18 12:51:46,481 [pool-7-thread-5] INFO  commands.RetriableDatanodeEventWatcher (RetriableDatanodeEventWatcher.java:onTimeout(47)) - RetriableDatanodeCommand type=deleteBlocksCommand with id=1571403089396 timed out. Retrying.
2019-10-18 12:51:46,483 [pool-7-thread-5] INFO  commands.RetriableDatanodeEventWatcher (RetriableDatanodeEventWatcher.java:onTimeout(47)) - RetriableDatanodeCommand type=deleteBlocksCommand with id=1571403089400 timed out. Retrying.
2019-10-18 12:51:46,487 [BlockDeletingService#2] WARN  background.BlockDeletingService (BlockDeletingService.java:isDeletionAllowed(187)) - Close Container log Index 6 is not replicated across allthe servers in the pipeline 18f6f15d-c63f-47db-b28d-6a6b47b3b231 as the min replicated index is 4. Deletion is not allowed in this container yet.
2019-10-18 12:51:46,487 [BlockDeletingService#2] WARN  background.BlockDeletingService (BlockDeletingService.java:isDeletionAllowed(187)) - Close Container log Index 6 is not replicated across allthe servers in the pipeline 18f6f15d-c63f-47db-b28d-6a6b47b3b231 as the min replicated index is 4. Deletion is not allowed in this container yet.
2019-10-18 12:51:46,488 [pool-7-thread-5] INFO  commands.RetriableDatanodeEventWatcher (RetriableDatanodeEventWatcher.java:onTimeout(47)) - RetriableDatanodeCommand type=deleteBlocksCommand with id=1571403089402 timed out. Retrying.
2019-10-18 12:51:46,488 [pool-7-thread-2] INFO  commands.RetriableDatanodeEventWatcher (RetriableDatanodeEventWatcher.java:onTimeout(47)) - RetriableDatanodeCommand type=deleteBlocksCommand with id=1571403089406 timed out. Retrying.
2019-10-18 12:51:46,490 [pool-59-thread-1] INFO  storage.RaftStorageDirectory (RaftStorageDirectory.java:tryLock(328)) - Lock on /workdir/hadoop-ozone/integration-test/target/test-dir/MiniOzoneClusterImpl-3be10f8d-1302-4718-9a55-95b8fc69e0de/datanode-1/data/ratis/1ad356d1-5053-410b-97e2-3cde76ad2c48/in_use.lock acquired by nodename 2587@pr-hdds-2330-xmbvw-1183399999
2019-10-18 12:51:46,492 [pool-7-thread-2] INFO  commands.RetriableDatanodeEventWatcher (RetriableDatanodeEventWatcher.java:onTimeout(47)) - RetriableDatanodeCommand type=deleteBlocksCommand with id=1571403089408 timed out. Retrying.
2019-10-18 12:51:46,492 [pool-7-thread-6] INFO  commands.RetriableDatanodeEventWatcher (RetriableDatanodeEventWatcher.java:onTimeout(47)) - RetriableDatanodeCommand type=deleteBlocksCommand with id=1571403089404 timed out. Retrying.
2019-10-18 12:51:46,492 [pool-7-thread-5] INFO  commands.RetriableDatanodeEventWatcher (RetriableDatanodeEventWatcher.java:onTimeout(47)) - RetriableDatanodeCommand type=deleteBlocksCommand with id=1571403089398 timed out. Retrying.
]]></system-out>
    <system-err><![CDATA[ERROR StatusLogger No Log4j 2 configuration file found. Using default configuration (logging only errors to the console), or user programmatically provided configurations. Set system property 'log4j2.debug' to show Log4j 2 internal initialization logging. See https://logging.apache.org/log4j/2.x/manual/configuration.html for instructions on how to configure Log4j 2
Oct 18, 2019 12:49:52 PM org.apache.ratis.thirdparty.io.grpc.internal.SerializingExecutor run
SEVERE: Exception while executing runnable org.apache.ratis.thirdparty.io.grpc.internal.ServerImpl$JumpToApplicationThreadServerStreamListener$1Closed@40e5105
org.apache.ratis.thirdparty.io.grpc.StatusRuntimeException: CANCELLED: call already cancelled
	at org.apache.ratis.thirdparty.io.grpc.Status.asRuntimeException(Status.java:517)
	at org.apache.ratis.thirdparty.io.grpc.stub.ServerCalls$ServerCallStreamObserverImpl.onCompleted(ServerCalls.java:356)
	at org.apache.ratis.grpc.server.GrpcServerProtocolService$ServerRequestStreamObserver.onError(GrpcServerProtocolService.java:121)
	at org.apache.ratis.thirdparty.io.grpc.stub.ServerCalls$StreamingServerCallHandler$StreamingServerCallListener.onCancel(ServerCalls.java:269)
	at org.apache.ratis.thirdparty.io.grpc.internal.ServerCallImpl$ServerStreamListenerImpl.closed(ServerCallImpl.java:293)
	at org.apache.ratis.thirdparty.io.grpc.internal.ServerImpl$JumpToApplicationThreadServerStreamListener$1Closed.runInContext(ServerImpl.java:741)
	at org.apache.ratis.thirdparty.io.grpc.internal.ContextRunnable.run(ContextRunnable.java:37)
	at org.apache.ratis.thirdparty.io.grpc.internal.SerializingExecutor.run(SerializingExecutor.java:123)
	at java.util.concurrent.ThreadPoolExecutor.runWorker(ThreadPoolExecutor.java:1149)
	at java.util.concurrent.ThreadPoolExecutor$Worker.run(ThreadPoolExecutor.java:624)
	at java.lang.Thread.run(Thread.java:748)

Oct 18, 2019 12:49:52 PM org.apache.ratis.thirdparty.io.grpc.internal.SerializingExecutor run
SEVERE: Exception while executing runnable org.apache.ratis.thirdparty.io.grpc.internal.ClientCallImpl$ClientStreamListenerImpl$1StreamClosed@21101802
java.lang.NullPointerException
	at org.apache.ratis.grpc.server.GrpcLogAppender$AppendLogResponseHandler.onError(GrpcLogAppender.java:303)
	at org.apache.ratis.thirdparty.io.grpc.stub.ClientCalls$StreamObserverToCallListenerAdapter.onClose(ClientCalls.java:434)
	at org.apache.ratis.thirdparty.io.grpc.PartialForwardingClientCallListener.onClose(PartialForwardingClientCallListener.java:39)
	at org.apache.ratis.thirdparty.io.grpc.ForwardingClientCallListener.onClose(ForwardingClientCallListener.java:23)
	at org.apache.ratis.thirdparty.io.grpc.ForwardingClientCallListener$SimpleForwardingClientCallListener.onClose(ForwardingClientCallListener.java:40)
	at org.apache.ratis.thirdparty.io.grpc.internal.CensusStatsModule$StatsClientInterceptor$1$1.onClose(CensusStatsModule.java:678)
	at org.apache.ratis.thirdparty.io.grpc.PartialForwardingClientCallListener.onClose(PartialForwardingClientCallListener.java:39)
	at org.apache.ratis.thirdparty.io.grpc.ForwardingClientCallListener.onClose(ForwardingClientCallListener.java:23)
	at org.apache.ratis.thirdparty.io.grpc.ForwardingClientCallListener$SimpleForwardingClientCallListener.onClose(ForwardingClientCallListener.java:40)
	at org.apache.ratis.thirdparty.io.grpc.internal.CensusTracingModule$TracingClientInterceptor$1$1.onClose(CensusTracingModule.java:397)
	at org.apache.ratis.thirdparty.io.grpc.internal.ClientCallImpl.closeObserver(ClientCallImpl.java:459)
	at org.apache.ratis.thirdparty.io.grpc.internal.ClientCallImpl.access$300(ClientCallImpl.java:63)
	at org.apache.ratis.thirdparty.io.grpc.internal.ClientCallImpl$ClientStreamListenerImpl.close(ClientCallImpl.java:546)
	at org.apache.ratis.thirdparty.io.grpc.internal.ClientCallImpl$ClientStreamListenerImpl.access$600(ClientCallImpl.java:467)
	at org.apache.ratis.thirdparty.io.grpc.internal.ClientCallImpl$ClientStreamListenerImpl$1StreamClosed.runInContext(ClientCallImpl.java:584)
	at org.apache.ratis.thirdparty.io.grpc.internal.ContextRunnable.run(ContextRunnable.java:37)
	at org.apache.ratis.thirdparty.io.grpc.internal.SerializingExecutor.run(SerializingExecutor.java:123)
	at java.util.concurrent.ThreadPoolExecutor.runWorker(ThreadPoolExecutor.java:1149)
	at java.util.concurrent.ThreadPoolExecutor$Worker.run(ThreadPoolExecutor.java:624)
	at java.lang.Thread.run(Thread.java:748)

Oct 18, 2019 12:51:36 PM org.apache.ratis.thirdparty.io.grpc.internal.SerializingExecutor run
SEVERE: Exception while executing runnable org.apache.ratis.thirdparty.io.grpc.internal.ClientCallImpl$ClientStreamListenerImpl$1MessagesAvailable@ee2fdb0
java.lang.NullPointerException
	at org.apache.ratis.grpc.server.GrpcLogAppender$AppendLogResponseHandler.onError(GrpcLogAppender.java:303)
	at org.apache.ratis.thirdparty.io.grpc.stub.ClientCalls$StreamObserverToCallListenerAdapter.onClose(ClientCalls.java:434)
	at org.apache.ratis.thirdparty.io.grpc.PartialForwardingClientCallListener.onClose(PartialForwardingClientCallListener.java:39)
	at org.apache.ratis.thirdparty.io.grpc.ForwardingClientCallListener.onClose(ForwardingClientCallListener.java:23)
	at org.apache.ratis.thirdparty.io.grpc.ForwardingClientCallListener$SimpleForwardingClientCallListener.onClose(ForwardingClientCallListener.java:40)
	at org.apache.ratis.thirdparty.io.grpc.internal.CensusStatsModule$StatsClientInterceptor$1$1.onClose(CensusStatsModule.java:678)
	at org.apache.ratis.thirdparty.io.grpc.PartialForwardingClientCallListener.onClose(PartialForwardingClientCallListener.java:39)
	at org.apache.ratis.thirdparty.io.grpc.ForwardingClientCallListener.onClose(ForwardingClientCallListener.java:23)
	at org.apache.ratis.thirdparty.io.grpc.ForwardingClientCallListener$SimpleForwardingClientCallListener.onClose(ForwardingClientCallListener.java:40)
	at org.apache.ratis.thirdparty.io.grpc.internal.CensusTracingModule$TracingClientInterceptor$1$1.onClose(CensusTracingModule.java:397)
	at org.apache.ratis.thirdparty.io.grpc.internal.ClientCallImpl.closeObserver(ClientCallImpl.java:459)
	at org.apache.ratis.thirdparty.io.grpc.internal.ClientCallImpl.access$300(ClientCallImpl.java:63)
	at org.apache.ratis.thirdparty.io.grpc.internal.ClientCallImpl$ClientStreamListenerImpl.close(ClientCallImpl.java:546)
	at org.apache.ratis.thirdparty.io.grpc.internal.ClientCallImpl$ClientStreamListenerImpl.access$600(ClientCallImpl.java:467)
	at org.apache.ratis.thirdparty.io.grpc.internal.ClientCallImpl$ClientStreamListenerImpl$1MessagesAvailable.runInContext(ClientCallImpl.java:531)
	at org.apache.ratis.thirdparty.io.grpc.internal.ContextRunnable.run(ContextRunnable.java:37)
	at org.apache.ratis.thirdparty.io.grpc.internal.SerializingExecutor.run(SerializingExecutor.java:123)
	at java.util.concurrent.ThreadPoolExecutor.runWorker(ThreadPoolExecutor.java:1149)
	at java.util.concurrent.ThreadPoolExecutor$Worker.run(ThreadPoolExecutor.java:624)
	at java.lang.Thread.run(Thread.java:748)

Oct 18, 2019 12:51:36 PM org.apache.ratis.thirdparty.io.grpc.internal.SerializingExecutor run
SEVERE: Exception while executing runnable org.apache.ratis.thirdparty.io.grpc.internal.ServerImpl$JumpToApplicationThreadServerStreamListener$1Closed@8d6d5d5
org.apache.ratis.thirdparty.io.grpc.StatusRuntimeException: CANCELLED: call already cancelled
	at org.apache.ratis.thirdparty.io.grpc.Status.asRuntimeException(Status.java:517)
	at org.apache.ratis.thirdparty.io.grpc.stub.ServerCalls$ServerCallStreamObserverImpl.onCompleted(ServerCalls.java:356)
	at org.apache.ratis.grpc.server.GrpcServerProtocolService$ServerRequestStreamObserver.onError(GrpcServerProtocolService.java:121)
	at org.apache.ratis.thirdparty.io.grpc.stub.ServerCalls$StreamingServerCallHandler$StreamingServerCallListener.onCancel(ServerCalls.java:269)
	at org.apache.ratis.thirdparty.io.grpc.internal.ServerCallImpl$ServerStreamListenerImpl.closed(ServerCallImpl.java:293)
	at org.apache.ratis.thirdparty.io.grpc.internal.ServerImpl$JumpToApplicationThreadServerStreamListener$1Closed.runInContext(ServerImpl.java:741)
	at org.apache.ratis.thirdparty.io.grpc.internal.ContextRunnable.run(ContextRunnable.java:37)
	at org.apache.ratis.thirdparty.io.grpc.internal.SerializingExecutor.run(SerializingExecutor.java:123)
	at java.util.concurrent.ThreadPoolExecutor.runWorker(ThreadPoolExecutor.java:1149)
	at java.util.concurrent.ThreadPoolExecutor$Worker.run(ThreadPoolExecutor.java:624)
	at java.lang.Thread.run(Thread.java:748)

]]></system-err>
  </testcase>
</testsuite>