<?xml version="1.0" encoding="UTF-8"?>
<testsuite xmlns:xsi="http://www.w3.org/2001/XMLSchema-instance" xsi:noNamespaceSchemaLocation="https://maven.apache.org/surefire/maven-surefire-plugin/xsd/surefire-test-report.xsd" name="org.apache.hadoop.ozone.client.rpc.TestMultiBlockWritesWithDnFailures" time="107.796" tests="2" errors="0" skipped="0" failures="1">
  <properties>
    <property name="awt.toolkit" value="sun.awt.X11.XToolkit"/>
    <property name="file.encoding.pkg" value="sun.io"/>
    <property name="java.specification.version" value="1.8"/>
    <property name="sun.cpu.isalist" value=""/>
    <property name="sun.jnu.encoding" value="ANSI_X3.4-1968"/>
    <property name="java.class.path" value="/workdir/hadoop-ozone/integration-test/target/test-classes:/workdir/hadoop-ozone/integration-test/target/classes:/home/user/.m2/repository/org/apache/hadoop/hadoop-ozone-common/0.5.0-SNAPSHOT/hadoop-ozone-common-0.5.0-SNAPSHOT.jar:/home/user/.m2/repository/org/apache/commons/commons-compress/1.4.1/commons-compress-1.4.1.jar:/home/user/.m2/repository/org/tukaani/xz/1.0/xz-1.0.jar:/home/user/.m2/repository/org/apache/hadoop/hadoop-common/3.2.0/hadoop-common-3.2.0.jar:/home/user/.m2/repository/org/apache/hadoop/hadoop-hdfs/3.2.0/hadoop-hdfs-3.2.0.jar:/home/user/.m2/repository/org/apache/hadoop/hadoop-hdfs-client/3.2.0/hadoop-hdfs-client-3.2.0.jar:/home/user/.m2/repository/com/fasterxml/jackson/core/jackson-annotations/2.9.9/jackson-annotations-2.9.9.jar:/home/user/.m2/repository/org/apache/hadoop/hadoop-hdds-common/0.5.0-SNAPSHOT/hadoop-hdds-common-0.5.0-SNAPSHOT.jar:/home/user/.m2/repository/javax/annotation/javax.annotation-api/1.2/javax.annotation-api-1.2.jar:/home/user/.m2/repository/org/apache/ratis/ratis-server/0.5.0-3f446aa-SNAPSHOT/ratis-server-0.5.0-3f446aa-SNAPSHOT.jar:/home/user/.m2/repository/org/apache/ratis/ratis-thirdparty-misc/0.2.0/ratis-thirdparty-misc-0.2.0.jar:/home/user/.m2/repository/org/apache/ratis/ratis-proto/0.5.0-3f446aa-SNAPSHOT/ratis-proto-0.5.0-3f446aa-SNAPSHOT.jar:/home/user/.m2/repository/org/apache/ratis/ratis-common/0.5.0-3f446aa-SNAPSHOT/ratis-common-0.5.0-3f446aa-SNAPSHOT.jar:/home/user/.m2/repository/org/apache/ratis/ratis-client/0.5.0-3f446aa-SNAPSHOT/ratis-client-0.5.0-3f446aa-SNAPSHOT.jar:/home/user/.m2/repository/org/apache/ratis/ratis-metrics/0.5.0-3f446aa-SNAPSHOT/ratis-metrics-0.5.0-3f446aa-SNAPSHOT.jar:/home/user/.m2/repository/com/github/joshelser/dropwizard-metrics-hadoop-metrics2-reporter/0.1.2/dropwizard-metrics-hadoop-metrics2-reporter-0.1.2.jar:/home/user/.m2/repository/io/dropwizard/metrics/metrics-jvm/3.2.5/metrics-jvm-3.2.5.jar:/home/user/.m2/repository/io/dropwizard/metrics/metrics-ganglia/3.2.5/metrics-ganglia-3.2.5.jar:/home/user/.m2/repository/info/ganglia/gmetric4j/gmetric4j/1.0.7/gmetric4j-1.0.7.jar:/home/user/.m2/repository/org/apache/ratis/ratis-netty/0.5.0-3f446aa-SNAPSHOT/ratis-netty-0.5.0-3f446aa-SNAPSHOT.jar:/home/user/.m2/repository/org/apache/ratis/ratis-grpc/0.5.0-3f446aa-SNAPSHOT/ratis-grpc-0.5.0-3f446aa-SNAPSHOT.jar:/home/user/.m2/repository/org/rocksdb/rocksdbjni/6.0.1/rocksdbjni-6.0.1.jar:/home/user/.m2/repository/org/apache/logging/log4j/log4j-api/2.11.0/log4j-api-2.11.0.jar:/home/user/.m2/repository/org/apache/logging/log4j/log4j-core/2.11.0/log4j-core-2.11.0.jar:/home/user/.m2/repository/com/lmax/disruptor/3.4.2/disruptor-3.4.2.jar:/home/user/.m2/repository/org/apache/commons/commons-pool2/2.6.0/commons-pool2-2.6.0.jar:/home/user/.m2/repository/org/bouncycastle/bcpkix-jdk15on/1.60/bcpkix-jdk15on-1.60.jar:/home/user/.m2/repository/commons-validator/commons-validator/1.6/commons-validator-1.6.jar:/home/user/.m2/repository/commons-digester/commons-digester/1.8.1/commons-digester-1.8.1.jar:/home/user/.m2/repository/io/jaegertracing/jaeger-client/0.34.0/jaeger-client-0.34.0.jar:/home/user/.m2/repository/io/jaegertracing/jaeger-thrift/0.34.0/jaeger-thrift-0.34.0.jar:/home/user/.m2/repository/org/apache/thrift/libthrift/0.12.0/libthrift-0.12.0.jar:/home/user/.m2/repository/com/squareup/okhttp3/okhttp/3.9.0/okhttp-3.9.0.jar:/home/user/.m2/repository/com/squareup/okio/okio/1.13.0/okio-1.13.0.jar:/home/user/.m2/repository/io/jaegertracing/jaeger-core/0.34.0/jaeger-core-0.34.0.jar:/home/user/.m2/repository/io/jaegertracing/jaeger-tracerresolver/0.34.0/jaeger-tracerresolver-0.34.0.jar:/home/user/.m2/repository/io/opentracing/contrib/opentracing-tracerresolver/0.1.5/opentracing-tracerresolver-0.1.5.jar:/home/user/.m2/repository/io/opentracing/opentracing-util/0.31.0/opentracing-util-0.31.0.jar:/home/user/.m2/repository/io/opentracing/opentracing-api/0.31.0/opentracing-api-0.31.0.jar:/home/user/.m2/repository/io/opentracing/opentracing-noop/0.31.0/opentracing-noop-0.31.0.jar:/home/user/.m2/repository/org/apache/hadoop/hadoop-hdds-server-framework/0.5.0-SNAPSHOT/hadoop-hdds-server-framework-0.5.0-SNAPSHOT.jar:/home/user/.m2/repository/org/apache/hadoop/hadoop-hdds-container-service/0.5.0-SNAPSHOT/hadoop-hdds-container-service-0.5.0-SNAPSHOT.jar:/home/user/.m2/repository/org/apache/hadoop/hadoop-hdds-client/0.5.0-SNAPSHOT/hadoop-hdds-client-0.5.0-SNAPSHOT.jar:/home/user/.m2/repository/org/apache/hadoop/hadoop-hdds-tools/0.5.0-SNAPSHOT/hadoop-hdds-tools-0.5.0-SNAPSHOT.jar:/home/user/.m2/repository/org/apache/hadoop/hadoop-hdds-server-scm/0.5.0-SNAPSHOT/hadoop-hdds-server-scm-0.5.0-SNAPSHOT.jar:/home/user/.m2/repository/org/apache/hadoop/hadoop-hdds-docs/0.5.0-SNAPSHOT/hadoop-hdds-docs-0.5.0-SNAPSHOT.jar:/home/user/.m2/repository/io/dropwizard/metrics/metrics-core/3.2.4/metrics-core-3.2.4.jar:/home/user/.m2/repository/org/hamcrest/hamcrest-all/1.3/hamcrest-all-1.3.jar:/home/user/.m2/repository/org/bouncycastle/bcprov-jdk15on/1.60/bcprov-jdk15on-1.60.jar:/home/user/.m2/repository/info/picocli/picocli/3.9.6/picocli-3.9.6.jar:/home/user/.m2/repository/com/google/protobuf/protobuf-java/2.5.0/protobuf-java-2.5.0.jar:/home/user/.m2/repository/com/google/guava/guava/11.0.2/guava-11.0.2.jar:/home/user/.m2/repository/org/apache/hadoop/hadoop-ozone-ozone-manager/0.5.0-SNAPSHOT/hadoop-ozone-ozone-manager-0.5.0-SNAPSHOT.jar:/home/user/.m2/repository/org/apache/hadoop/hadoop-minikdc/3.2.0/hadoop-minikdc-3.2.0.jar:/home/user/.m2/repository/commons-io/commons-io/2.5/commons-io-2.5.jar:/home/user/.m2/repository/org/apache/kerby/kerb-simplekdc/1.0.1/kerb-simplekdc-1.0.1.jar:/home/user/.m2/repository/org/apache/kerby/kerb-client/1.0.1/kerb-client-1.0.1.jar:/home/user/.m2/repository/org/apache/kerby/kerby-config/1.0.1/kerby-config-1.0.1.jar:/home/user/.m2/repository/org/apache/kerby/kerb-core/1.0.1/kerb-core-1.0.1.jar:/home/user/.m2/repository/org/apache/kerby/kerby-pkix/1.0.1/kerby-pkix-1.0.1.jar:/home/user/.m2/repository/org/apache/kerby/kerby-asn1/1.0.1/kerby-asn1-1.0.1.jar:/home/user/.m2/repository/org/apache/kerby/kerby-util/1.0.1/kerby-util-1.0.1.jar:/home/user/.m2/repository/org/apache/kerby/kerb-common/1.0.1/kerb-common-1.0.1.jar:/home/user/.m2/repository/org/apache/kerby/kerb-crypto/1.0.1/kerb-crypto-1.0.1.jar:/home/user/.m2/repository/org/apache/kerby/kerb-util/1.0.1/kerb-util-1.0.1.jar:/home/user/.m2/repository/org/apache/kerby/token-provider/1.0.1/token-provider-1.0.1.jar:/home/user/.m2/repository/org/apache/kerby/kerb-admin/1.0.1/kerb-admin-1.0.1.jar:/home/user/.m2/repository/org/apache/kerby/kerb-server/1.0.1/kerb-server-1.0.1.jar:/home/user/.m2/repository/org/apache/kerby/kerb-identity/1.0.1/kerb-identity-1.0.1.jar:/home/user/.m2/repository/org/apache/kerby/kerby-xdr/1.0.1/kerby-xdr-1.0.1.jar:/home/user/.m2/repository/org/slf4j/slf4j-log4j12/1.7.25/slf4j-log4j12-1.7.25.jar:/home/user/.m2/repository/org/apache/hadoop/hadoop-ozone-s3gateway/0.5.0-SNAPSHOT/hadoop-ozone-s3gateway-0.5.0-SNAPSHOT.jar:/home/user/.m2/repository/org/jboss/weld/servlet/weld-servlet/2.4.7.Final/weld-servlet-2.4.7.Final.jar:/home/user/.m2/repository/org/glassfish/jersey/containers/jersey-container-servlet-core/2.27/jersey-container-servlet-core-2.27.jar:/home/user/.m2/repository/org/glassfish/hk2/external/javax.inject/2.5.0-b42/javax.inject-2.5.0-b42.jar:/home/user/.m2/repository/org/glassfish/jersey/core/jersey-common/2.27/jersey-common-2.27.jar:/home/user/.m2/repository/org/glassfish/hk2/osgi-resource-locator/1.0.1/osgi-resource-locator-1.0.1.jar:/home/user/.m2/repository/javax/ws/rs/javax.ws.rs-api/2.1/javax.ws.rs-api-2.1.jar:/home/user/.m2/repository/org/glassfish/jersey/ext/cdi/jersey-cdi1x/2.27/jersey-cdi1x-2.27.jar:/home/user/.m2/repository/org/glassfish/jersey/inject/jersey-hk2/2.27/jersey-hk2-2.27.jar:/home/user/.m2/repository/org/glassfish/hk2/hk2-locator/2.5.0-b42/hk2-locator-2.5.0-b42.jar:/home/user/.m2/repository/org/javassist/javassist/3.22.0-CR2/javassist-3.22.0-CR2.jar:/home/user/.m2/repository/org/glassfish/hk2/hk2-api/2.5.0/hk2-api-2.5.0.jar:/home/user/.m2/repository/org/glassfish/hk2/external/jakarta.inject/2.5.0/jakarta.inject-2.5.0.jar:/home/user/.m2/repository/org/glassfish/hk2/hk2-utils/2.5.0/hk2-utils-2.5.0.jar:/home/user/.m2/repository/jakarta/annotation/jakarta.annotation-api/1.3.4/jakarta.annotation-api-1.3.4.jar:/home/user/.m2/repository/org/glassfish/hk2/external/aopalliance-repackaged/2.5.0/aopalliance-repackaged-2.5.0.jar:/home/user/.m2/repository/com/fasterxml/jackson/dataformat/jackson-dataformat-xml/2.9.0/jackson-dataformat-xml-2.9.0.jar:/home/user/.m2/repository/com/fasterxml/jackson/core/jackson-core/2.9.9/jackson-core-2.9.9.jar:/home/user/.m2/repository/com/fasterxml/jackson/module/jackson-module-jaxb-annotations/2.9.9/jackson-module-jaxb-annotations-2.9.9.jar:/home/user/.m2/repository/javax/enterprise/cdi-api/1.2/cdi-api-1.2.jar:/home/user/.m2/repository/javax/el/javax.el-api/3.0.0/javax.el-api-3.0.0.jar:/home/user/.m2/repository/javax/interceptor/javax.interceptor-api/1.2/javax.interceptor-api-1.2.jar:/home/user/.m2/repository/javax/inject/javax.inject/1/javax.inject-1.jar:/home/user/.m2/repository/com/sun/xml/bind/jaxb-impl/2.3.0.1/jaxb-impl-2.3.0.1.jar:/home/user/.m2/repository/com/sun/xml/bind/jaxb-core/2.3.0.1/jaxb-core-2.3.0.1.jar:/home/user/.m2/repository/javax/xml/bind/jaxb-api/2.3.0/jaxb-api-2.3.0.jar:/home/user/.m2/repository/javax/activation/activation/1.1.1/activation-1.1.1.jar:/home/user/.m2/repository/org/apache/hadoop/hadoop-ozone-csi/0.5.0-SNAPSHOT/hadoop-ozone-csi-0.5.0-SNAPSHOT.jar:/home/user/.m2/repository/com/google/protobuf/protobuf-java-util/3.5.1/protobuf-java-util-3.5.1.jar:/home/user/.m2/repository/org/apache/hadoop/hadoop-hdds-config/0.5.0-SNAPSHOT/hadoop-hdds-config-0.5.0-SNAPSHOT.jar:/home/user/.m2/repository/io/grpc/grpc-netty/1.17.1/grpc-netty-1.17.1.jar:/home/user/.m2/repository/io/grpc/grpc-core/1.17.1/grpc-core-1.17.1.jar:/home/user/.m2/repository/io/grpc/grpc-context/1.17.1/grpc-context-1.17.1.jar:/home/user/.m2/repository/com/google/errorprone/error_prone_annotations/2.2.0/error_prone_annotations-2.2.0.jar:/home/user/.m2/repository/org/codehaus/mojo/animal-sniffer-annotations/1.17/animal-sniffer-annotations-1.17.jar:/home/user/.m2/repository/io/opencensus/opencensus-api/0.17.0/opencensus-api-0.17.0.jar:/home/user/.m2/repository/io/opencensus/opencensus-contrib-grpc-metrics/0.17.0/opencensus-contrib-grpc-metrics-0.17.0.jar:/home/user/.m2/repository/io/netty/netty-codec-http2/4.1.30.Final/netty-codec-http2-4.1.30.Final.jar:/home/user/.m2/repository/io/netty/netty-codec-http/4.1.30.Final/netty-codec-http-4.1.30.Final.jar:/home/user/.m2/repository/io/netty/netty-codec/4.1.30.Final/netty-codec-4.1.30.Final.jar:/home/user/.m2/repository/io/netty/netty-handler/4.1.30.Final/netty-handler-4.1.30.Final.jar:/home/user/.m2/repository/io/netty/netty-handler-proxy/4.1.30.Final/netty-handler-proxy-4.1.30.Final.jar:/home/user/.m2/repository/io/netty/netty-codec-socks/4.1.30.Final/netty-codec-socks-4.1.30.Final.jar:/home/user/.m2/repository/io/netty/netty-transport-native-epoll/4.1.30.Final/netty-transport-native-epoll-4.1.30.Final.jar:/home/user/.m2/repository/io/netty/netty-common/4.1.30.Final/netty-common-4.1.30.Final.jar:/home/user/.m2/repository/io/netty/netty-buffer/4.1.30.Final/netty-buffer-4.1.30.Final.jar:/home/user/.m2/repository/io/netty/netty-transport/4.1.30.Final/netty-transport-4.1.30.Final.jar:/home/user/.m2/repository/io/netty/netty-resolver/4.1.30.Final/netty-resolver-4.1.30.Final.jar:/home/user/.m2/repository/io/netty/netty-transport-native-unix-common/4.1.30.Final/netty-transport-native-unix-common-4.1.30.Final.jar:/home/user/.m2/repository/io/grpc/grpc-protobuf/1.17.1/grpc-protobuf-1.17.1.jar:/home/user/.m2/repository/com/google/api/grpc/proto-google-common-protos/1.0.0/proto-google-common-protos-1.0.0.jar:/home/user/.m2/repository/io/grpc/grpc-protobuf-lite/1.17.1/grpc-protobuf-lite-1.17.1.jar:/home/user/.m2/repository/io/grpc/grpc-stub/1.17.1/grpc-stub-1.17.1.jar:/home/user/.m2/repository/org/apache/hadoop/hadoop-ozone-recon/0.5.0-SNAPSHOT/hadoop-ozone-recon-0.5.0-SNAPSHOT.jar:/home/user/.m2/repository/org/apache/hadoop/hadoop-ozone-reconcodegen/0.5.0-SNAPSHOT/hadoop-ozone-reconcodegen-0.5.0-SNAPSHOT.jar:/home/user/.m2/repository/com/google/inject/extensions/guice-multibindings/4.0/guice-multibindings-4.0.jar:/home/user/.m2/repository/com/google/inject/guice/4.0/guice-4.0.jar:/home/user/.m2/repository/aopalliance/aopalliance/1.0/aopalliance-1.0.jar:/home/user/.m2/repository/com/google/inject/extensions/guice-servlet/4.0/guice-servlet-4.0.jar:/home/user/.m2/repository/org/glassfish/jersey/containers/jersey-container-servlet/2.27/jersey-container-servlet-2.27.jar:/home/user/.m2/repository/org/glassfish/hk2/guice-bridge/2.5.0/guice-bridge-2.5.0.jar:/home/user/.m2/repository/org/glassfish/jersey/core/jersey-server/2.27/jersey-server-2.27.jar:/home/user/.m2/repository/org/glassfish/jersey/core/jersey-client/2.27/jersey-client-2.27.jar:/home/user/.m2/repository/org/glassfish/jersey/media/jersey-media-jaxb/2.27/jersey-media-jaxb-2.27.jar:/home/user/.m2/repository/javax/validation/validation-api/1.1.0.Final/validation-api-1.1.0.Final.jar:/home/user/.m2/repository/org/glassfish/jersey/media/jersey-media-json-jackson/2.27/jersey-media-json-jackson-2.27.jar:/home/user/.m2/repository/org/glassfish/jersey/ext/jersey-entity-filtering/2.27/jersey-entity-filtering-2.27.jar:/home/user/.m2/repository/com/google/inject/extensions/guice-assistedinject/4.0/guice-assistedinject-4.0.jar:/home/user/.m2/repository/org/jooq/jooq/3.11.10/jooq-3.11.10.jar:/home/user/.m2/repository/org/jooq/jooq-meta/3.11.10/jooq-meta-3.11.10.jar:/home/user/.m2/repository/org/jooq/jooq-codegen/3.11.10/jooq-codegen-3.11.10.jar:/home/user/.m2/repository/com/jolbox/bonecp/0.8.0.RELEASE/bonecp-0.8.0.RELEASE.jar:/home/user/.m2/repository/org/xerial/sqlite-jdbc/3.25.2/sqlite-jdbc-3.25.2.jar:/home/user/.m2/repository/org/springframework/spring-jdbc/5.1.3.RELEASE/spring-jdbc-5.1.3.RELEASE.jar:/home/user/.m2/repository/org/springframework/spring-beans/5.1.3.RELEASE/spring-beans-5.1.3.RELEASE.jar:/home/user/.m2/repository/org/springframework/spring-core/5.1.3.RELEASE/spring-core-5.1.3.RELEASE.jar:/home/user/.m2/repository/org/springframework/spring-jcl/5.1.3.RELEASE/spring-jcl-5.1.3.RELEASE.jar:/home/user/.m2/repository/org/springframework/spring-tx/5.1.3.RELEASE/spring-tx-5.1.3.RELEASE.jar:/home/user/.m2/repository/org/apache/hadoop/hadoop-ozone-client/0.5.0-SNAPSHOT/hadoop-ozone-client-0.5.0-SNAPSHOT.jar:/home/user/.m2/repository/commons-lang/commons-lang/2.6/commons-lang-2.6.jar:/home/user/.m2/repository/org/apache/hadoop/hadoop-ozone-ozone-manager/0.5.0-SNAPSHOT/hadoop-ozone-ozone-manager-0.5.0-SNAPSHOT-tests.jar:/home/user/.m2/repository/junit/junit/4.11/junit-4.11.jar:/home/user/.m2/repository/org/hamcrest/hamcrest-core/1.3/hamcrest-core-1.3.jar:/home/user/.m2/repository/org/openjdk/jmh/jmh-core/1.19/jmh-core-1.19.jar:/home/user/.m2/repository/net/sf/jopt-simple/jopt-simple/4.6/jopt-simple-4.6.jar:/home/user/.m2/repository/org/apache/commons/commons-math3/3.1.1/commons-math3-3.1.1.jar:/home/user/.m2/repository/org/openjdk/jmh/jmh-generator-annprocess/1.19/jmh-generator-annprocess-1.19.jar:/home/user/.m2/repository/org/mockito/mockito-all/1.8.5/mockito-all-1.8.5.jar:/home/user/.m2/repository/org/apache/hadoop/hadoop-kms/3.2.0/hadoop-kms-3.2.0.jar:/home/user/.m2/repository/org/apache/hadoop/hadoop-auth/3.2.0/hadoop-auth-3.2.0.jar:/home/user/.m2/repository/com/nimbusds/nimbus-jose-jwt/4.41.1/nimbus-jose-jwt-4.41.1.jar:/home/user/.m2/repository/com/github/stephenc/jcip/jcip-annotations/1.0-1/jcip-annotations-1.0-1.jar:/home/user/.m2/repository/net/minidev/json-smart/2.3/json-smart-2.3.jar:/home/user/.m2/repository/net/minidev/accessors-smart/1.2/accessors-smart-1.2.jar:/home/user/.m2/repository/org/ow2/asm/asm/5.0.4/asm-5.0.4.jar:/home/user/.m2/repository/org/apache/curator/curator-framework/2.12.0/curator-framework-2.12.0.jar:/home/user/.m2/repository/com/sun/jersey/jersey-core/1.19/jersey-core-1.19.jar:/home/user/.m2/repository/javax/ws/rs/jsr311-api/1.1.1/jsr311-api-1.1.1.jar:/home/user/.m2/repository/com/sun/jersey/jersey-server/1.19/jersey-server-1.19.jar:/home/user/.m2/repository/javax/servlet/javax.servlet-api/3.1.0/javax.servlet-api-3.1.0.jar:/home/user/.m2/repository/org/eclipse/jetty/jetty-server/9.3.25.v20180904/jetty-server-9.3.25.v20180904.jar:/home/user/.m2/repository/org/eclipse/jetty/jetty-http/9.3.25.v20180904/jetty-http-9.3.25.v20180904.jar:/home/user/.m2/repository/org/eclipse/jetty/jetty-io/9.3.25.v20180904/jetty-io-9.3.25.v20180904.jar:/home/user/.m2/repository/org/eclipse/jetty/jetty-webapp/9.3.25.v20180904/jetty-webapp-9.3.25.v20180904.jar:/home/user/.m2/repository/org/eclipse/jetty/jetty-xml/9.3.25.v20180904/jetty-xml-9.3.25.v20180904.jar:/home/user/.m2/repository/log4j/log4j/1.2.17/log4j-1.2.17.jar:/home/user/.m2/repository/org/slf4j/slf4j-api/1.7.25/slf4j-api-1.7.25.jar:/home/user/.m2/repository/org/slf4j/jul-to-slf4j/1.7.25/jul-to-slf4j-1.7.25.jar:/home/user/.m2/repository/org/eclipse/jetty/jetty-util/9.3.25.v20180904/jetty-util-9.3.25.v20180904.jar:/home/user/.m2/repository/com/fasterxml/jackson/core/jackson-databind/2.9.9/jackson-databind-2.9.9.jar:/home/user/.m2/repository/org/apache/hadoop/hadoop-kms/3.2.0/hadoop-kms-3.2.0-tests.jar:/home/user/.m2/repository/org/apache/hadoop/hadoop-hdds-server-scm/0.5.0-SNAPSHOT/hadoop-hdds-server-scm-0.5.0-SNAPSHOT-tests.jar:/home/user/.m2/repository/org/apache/hadoop/hadoop-hdds-container-service/0.5.0-SNAPSHOT/hadoop-hdds-container-service-0.5.0-SNAPSHOT-tests.jar:/home/user/.m2/repository/org/yaml/snakeyaml/1.16/snakeyaml-1.16.jar:/home/user/.m2/repository/org/apache/hadoop/hadoop-common/3.2.0/hadoop-common-3.2.0-tests.jar:/home/user/.m2/repository/org/apache/hadoop/hadoop-annotations/3.2.0/hadoop-annotations-3.2.0.jar:/usr/lib/jvm/java-1.8.0-openjdk-1.8.0.222.b10-1.el7_7.x86_64/jre/../lib/tools.jar:/home/user/.m2/repository/commons-cli/commons-cli/1.2/commons-cli-1.2.jar:/home/user/.m2/repository/org/apache/httpcomponents/httpclient/4.5.2/httpclient-4.5.2.jar:/home/user/.m2/repository/org/apache/httpcomponents/httpcore/4.4.4/httpcore-4.4.4.jar:/home/user/.m2/repository/commons-codec/commons-codec/1.11/commons-codec-1.11.jar:/home/user/.m2/repository/commons-net/commons-net/3.6/commons-net-3.6.jar:/home/user/.m2/repository/commons-collections/commons-collections/3.2.2/commons-collections-3.2.2.jar:/home/user/.m2/repository/org/eclipse/jetty/jetty-servlet/9.3.25.v20180904/jetty-servlet-9.3.25.v20180904.jar:/home/user/.m2/repository/org/eclipse/jetty/jetty-security/9.3.25.v20180904/jetty-security-9.3.25.v20180904.jar:/home/user/.m2/repository/javax/servlet/jsp/jsp-api/2.1/jsp-api-2.1.jar:/home/user/.m2/repository/com/sun/jersey/jersey-servlet/1.19/jersey-servlet-1.19.jar:/home/user/.m2/repository/com/sun/jersey/jersey-json/1.19/jersey-json-1.19.jar:/home/user/.m2/repository/org/codehaus/jettison/jettison/1.1/jettison-1.1.jar:/home/user/.m2/repository/org/codehaus/jackson/jackson-core-asl/1.9.13/jackson-core-asl-1.9.13.jar:/home/user/.m2/repository/org/codehaus/jackson/jackson-mapper-asl/1.9.13/jackson-mapper-asl-1.9.13.jar:/home/user/.m2/repository/org/codehaus/jackson/jackson-jaxrs/1.9.13/jackson-jaxrs-1.9.13.jar:/home/user/.m2/repository/org/codehaus/jackson/jackson-xc/1.9.13/jackson-xc-1.9.13.jar:/home/user/.m2/repository/commons-logging/commons-logging/1.1.3/commons-logging-1.1.3.jar:/home/user/.m2/repository/commons-beanutils/commons-beanutils/1.9.4/commons-beanutils-1.9.4.jar:/home/user/.m2/repository/org/apache/commons/commons-configuration2/2.1.1/commons-configuration2-2.1.1.jar:/home/user/.m2/repository/org/apache/commons/commons-lang3/3.7/commons-lang3-3.7.jar:/home/user/.m2/repository/org/apache/commons/commons-text/1.4/commons-text-1.4.jar:/home/user/.m2/repository/org/apache/avro/avro/1.7.7/avro-1.7.7.jar:/home/user/.m2/repository/com/thoughtworks/paranamer/paranamer/2.3/paranamer-2.3.jar:/home/user/.m2/repository/org/xerial/snappy/snappy-java/1.0.5/snappy-java-1.0.5.jar:/home/user/.m2/repository/com/google/re2j/re2j/1.1/re2j-1.1.jar:/home/user/.m2/repository/com/google/code/gson/gson/2.2.4/gson-2.2.4.jar:/home/user/.m2/repository/com/jcraft/jsch/0.1.54/jsch-0.1.54.jar:/home/user/.m2/repository/org/apache/curator/curator-client/2.12.0/curator-client-2.12.0.jar:/home/user/.m2/repository/org/apache/curator/curator-recipes/2.12.0/curator-recipes-2.12.0.jar:/home/user/.m2/repository/com/google/code/findbugs/jsr305/3.0.0/jsr305-3.0.0.jar:/home/user/.m2/repository/org/apache/htrace/htrace-core4/4.1.0-incubating/htrace-core4-4.1.0-incubating.jar:/home/user/.m2/repository/org/apache/zookeeper/zookeeper/3.4.13/zookeeper-3.4.13.jar:/home/user/.m2/repository/jline/jline/0.9.94/jline-0.9.94.jar:/home/user/.m2/repository/org/apache/yetus/audience-annotations/0.5.0/audience-annotations-0.5.0.jar:/home/user/.m2/repository/org/codehaus/woodstox/stax2-api/3.1.4/stax2-api-3.1.4.jar:/home/user/.m2/repository/com/fasterxml/woodstox/woodstox-core/5.0.3/woodstox-core-5.0.3.jar:/home/user/.m2/repository/dnsjava/dnsjava/2.1.7/dnsjava-2.1.7.jar:/home/user/.m2/repository/org/apache/hadoop/hadoop-hdfs/3.2.0/hadoop-hdfs-3.2.0-tests.jar:/home/user/.m2/repository/org/eclipse/jetty/jetty-util-ajax/9.3.25.v20180904/jetty-util-ajax-9.3.25.v20180904.jar:/home/user/.m2/repository/commons-daemon/commons-daemon/1.0.13/commons-daemon-1.0.13.jar:/home/user/.m2/repository/io/netty/netty/3.10.5.Final/netty-3.10.5.Final.jar:/home/user/.m2/repository/io/netty/netty-all/4.0.52.Final/netty-all-4.0.52.Final.jar:/home/user/.m2/repository/org/fusesource/leveldbjni/leveldbjni-all/1.8/leveldbjni-all-1.8.jar:"/>
    <property name="java.vm.vendor" value="Oracle Corporation"/>
    <property name="sun.arch.data.model" value="64"/>
    <property name="test.build.dir" value="/workdir/hadoop-ozone/integration-test/target/test-dir"/>
    <property name="test.cache.data" value=""/>
    <property name="java.vendor.url" value="http://java.oracle.com/"/>
    <property name="user.timezone" value=""/>
    <property name="java.vm.specification.version" value="1.8"/>
    <property name="os.name" value="Linux"/>
    <property name="test.build.data" value="/workdir/hadoop-ozone/integration-test/target/test-dir"/>
    <property name="user.country" value="US"/>
    <property name="sun.java.launcher" value="SUN_STANDARD"/>
    <property name="sun.boot.library.path" value="/usr/lib/jvm/java-1.8.0-openjdk-1.8.0.222.b10-1.el7_7.x86_64/jre/lib/amd64"/>
    <property name="sun.java.command" value="/workdir/hadoop-ozone/integration-test/target/surefire/surefirebooter3620493811588735020.jar /workdir/hadoop-ozone/integration-test/target/surefire 2019-10-18T12-01-21_854-jvmRun1 surefire4833909634646251170tmp surefire_475373933853202658217tmp"/>
    <property name="surefire.test.class.path" value="/workdir/hadoop-ozone/integration-test/target/test-classes:/workdir/hadoop-ozone/integration-test/target/classes:/home/user/.m2/repository/org/apache/hadoop/hadoop-ozone-common/0.5.0-SNAPSHOT/hadoop-ozone-common-0.5.0-SNAPSHOT.jar:/home/user/.m2/repository/org/apache/commons/commons-compress/1.4.1/commons-compress-1.4.1.jar:/home/user/.m2/repository/org/tukaani/xz/1.0/xz-1.0.jar:/home/user/.m2/repository/org/apache/hadoop/hadoop-common/3.2.0/hadoop-common-3.2.0.jar:/home/user/.m2/repository/org/apache/hadoop/hadoop-hdfs/3.2.0/hadoop-hdfs-3.2.0.jar:/home/user/.m2/repository/org/apache/hadoop/hadoop-hdfs-client/3.2.0/hadoop-hdfs-client-3.2.0.jar:/home/user/.m2/repository/com/fasterxml/jackson/core/jackson-annotations/2.9.9/jackson-annotations-2.9.9.jar:/home/user/.m2/repository/org/apache/hadoop/hadoop-hdds-common/0.5.0-SNAPSHOT/hadoop-hdds-common-0.5.0-SNAPSHOT.jar:/home/user/.m2/repository/javax/annotation/javax.annotation-api/1.2/javax.annotation-api-1.2.jar:/home/user/.m2/repository/org/apache/ratis/ratis-server/0.5.0-3f446aa-SNAPSHOT/ratis-server-0.5.0-3f446aa-SNAPSHOT.jar:/home/user/.m2/repository/org/apache/ratis/ratis-thirdparty-misc/0.2.0/ratis-thirdparty-misc-0.2.0.jar:/home/user/.m2/repository/org/apache/ratis/ratis-proto/0.5.0-3f446aa-SNAPSHOT/ratis-proto-0.5.0-3f446aa-SNAPSHOT.jar:/home/user/.m2/repository/org/apache/ratis/ratis-common/0.5.0-3f446aa-SNAPSHOT/ratis-common-0.5.0-3f446aa-SNAPSHOT.jar:/home/user/.m2/repository/org/apache/ratis/ratis-client/0.5.0-3f446aa-SNAPSHOT/ratis-client-0.5.0-3f446aa-SNAPSHOT.jar:/home/user/.m2/repository/org/apache/ratis/ratis-metrics/0.5.0-3f446aa-SNAPSHOT/ratis-metrics-0.5.0-3f446aa-SNAPSHOT.jar:/home/user/.m2/repository/com/github/joshelser/dropwizard-metrics-hadoop-metrics2-reporter/0.1.2/dropwizard-metrics-hadoop-metrics2-reporter-0.1.2.jar:/home/user/.m2/repository/io/dropwizard/metrics/metrics-jvm/3.2.5/metrics-jvm-3.2.5.jar:/home/user/.m2/repository/io/dropwizard/metrics/metrics-ganglia/3.2.5/metrics-ganglia-3.2.5.jar:/home/user/.m2/repository/info/ganglia/gmetric4j/gmetric4j/1.0.7/gmetric4j-1.0.7.jar:/home/user/.m2/repository/org/apache/ratis/ratis-netty/0.5.0-3f446aa-SNAPSHOT/ratis-netty-0.5.0-3f446aa-SNAPSHOT.jar:/home/user/.m2/repository/org/apache/ratis/ratis-grpc/0.5.0-3f446aa-SNAPSHOT/ratis-grpc-0.5.0-3f446aa-SNAPSHOT.jar:/home/user/.m2/repository/org/rocksdb/rocksdbjni/6.0.1/rocksdbjni-6.0.1.jar:/home/user/.m2/repository/org/apache/logging/log4j/log4j-api/2.11.0/log4j-api-2.11.0.jar:/home/user/.m2/repository/org/apache/logging/log4j/log4j-core/2.11.0/log4j-core-2.11.0.jar:/home/user/.m2/repository/com/lmax/disruptor/3.4.2/disruptor-3.4.2.jar:/home/user/.m2/repository/org/apache/commons/commons-pool2/2.6.0/commons-pool2-2.6.0.jar:/home/user/.m2/repository/org/bouncycastle/bcpkix-jdk15on/1.60/bcpkix-jdk15on-1.60.jar:/home/user/.m2/repository/commons-validator/commons-validator/1.6/commons-validator-1.6.jar:/home/user/.m2/repository/commons-digester/commons-digester/1.8.1/commons-digester-1.8.1.jar:/home/user/.m2/repository/io/jaegertracing/jaeger-client/0.34.0/jaeger-client-0.34.0.jar:/home/user/.m2/repository/io/jaegertracing/jaeger-thrift/0.34.0/jaeger-thrift-0.34.0.jar:/home/user/.m2/repository/org/apache/thrift/libthrift/0.12.0/libthrift-0.12.0.jar:/home/user/.m2/repository/com/squareup/okhttp3/okhttp/3.9.0/okhttp-3.9.0.jar:/home/user/.m2/repository/com/squareup/okio/okio/1.13.0/okio-1.13.0.jar:/home/user/.m2/repository/io/jaegertracing/jaeger-core/0.34.0/jaeger-core-0.34.0.jar:/home/user/.m2/repository/io/jaegertracing/jaeger-tracerresolver/0.34.0/jaeger-tracerresolver-0.34.0.jar:/home/user/.m2/repository/io/opentracing/contrib/opentracing-tracerresolver/0.1.5/opentracing-tracerresolver-0.1.5.jar:/home/user/.m2/repository/io/opentracing/opentracing-util/0.31.0/opentracing-util-0.31.0.jar:/home/user/.m2/repository/io/opentracing/opentracing-api/0.31.0/opentracing-api-0.31.0.jar:/home/user/.m2/repository/io/opentracing/opentracing-noop/0.31.0/opentracing-noop-0.31.0.jar:/home/user/.m2/repository/org/apache/hadoop/hadoop-hdds-server-framework/0.5.0-SNAPSHOT/hadoop-hdds-server-framework-0.5.0-SNAPSHOT.jar:/home/user/.m2/repository/org/apache/hadoop/hadoop-hdds-container-service/0.5.0-SNAPSHOT/hadoop-hdds-container-service-0.5.0-SNAPSHOT.jar:/home/user/.m2/repository/org/apache/hadoop/hadoop-hdds-client/0.5.0-SNAPSHOT/hadoop-hdds-client-0.5.0-SNAPSHOT.jar:/home/user/.m2/repository/org/apache/hadoop/hadoop-hdds-tools/0.5.0-SNAPSHOT/hadoop-hdds-tools-0.5.0-SNAPSHOT.jar:/home/user/.m2/repository/org/apache/hadoop/hadoop-hdds-server-scm/0.5.0-SNAPSHOT/hadoop-hdds-server-scm-0.5.0-SNAPSHOT.jar:/home/user/.m2/repository/org/apache/hadoop/hadoop-hdds-docs/0.5.0-SNAPSHOT/hadoop-hdds-docs-0.5.0-SNAPSHOT.jar:/home/user/.m2/repository/io/dropwizard/metrics/metrics-core/3.2.4/metrics-core-3.2.4.jar:/home/user/.m2/repository/org/hamcrest/hamcrest-all/1.3/hamcrest-all-1.3.jar:/home/user/.m2/repository/org/bouncycastle/bcprov-jdk15on/1.60/bcprov-jdk15on-1.60.jar:/home/user/.m2/repository/info/picocli/picocli/3.9.6/picocli-3.9.6.jar:/home/user/.m2/repository/com/google/protobuf/protobuf-java/2.5.0/protobuf-java-2.5.0.jar:/home/user/.m2/repository/com/google/guava/guava/11.0.2/guava-11.0.2.jar:/home/user/.m2/repository/org/apache/hadoop/hadoop-ozone-ozone-manager/0.5.0-SNAPSHOT/hadoop-ozone-ozone-manager-0.5.0-SNAPSHOT.jar:/home/user/.m2/repository/org/apache/hadoop/hadoop-minikdc/3.2.0/hadoop-minikdc-3.2.0.jar:/home/user/.m2/repository/commons-io/commons-io/2.5/commons-io-2.5.jar:/home/user/.m2/repository/org/apache/kerby/kerb-simplekdc/1.0.1/kerb-simplekdc-1.0.1.jar:/home/user/.m2/repository/org/apache/kerby/kerb-client/1.0.1/kerb-client-1.0.1.jar:/home/user/.m2/repository/org/apache/kerby/kerby-config/1.0.1/kerby-config-1.0.1.jar:/home/user/.m2/repository/org/apache/kerby/kerb-core/1.0.1/kerb-core-1.0.1.jar:/home/user/.m2/repository/org/apache/kerby/kerby-pkix/1.0.1/kerby-pkix-1.0.1.jar:/home/user/.m2/repository/org/apache/kerby/kerby-asn1/1.0.1/kerby-asn1-1.0.1.jar:/home/user/.m2/repository/org/apache/kerby/kerby-util/1.0.1/kerby-util-1.0.1.jar:/home/user/.m2/repository/org/apache/kerby/kerb-common/1.0.1/kerb-common-1.0.1.jar:/home/user/.m2/repository/org/apache/kerby/kerb-crypto/1.0.1/kerb-crypto-1.0.1.jar:/home/user/.m2/repository/org/apache/kerby/kerb-util/1.0.1/kerb-util-1.0.1.jar:/home/user/.m2/repository/org/apache/kerby/token-provider/1.0.1/token-provider-1.0.1.jar:/home/user/.m2/repository/org/apache/kerby/kerb-admin/1.0.1/kerb-admin-1.0.1.jar:/home/user/.m2/repository/org/apache/kerby/kerb-server/1.0.1/kerb-server-1.0.1.jar:/home/user/.m2/repository/org/apache/kerby/kerb-identity/1.0.1/kerb-identity-1.0.1.jar:/home/user/.m2/repository/org/apache/kerby/kerby-xdr/1.0.1/kerby-xdr-1.0.1.jar:/home/user/.m2/repository/org/slf4j/slf4j-log4j12/1.7.25/slf4j-log4j12-1.7.25.jar:/home/user/.m2/repository/org/apache/hadoop/hadoop-ozone-s3gateway/0.5.0-SNAPSHOT/hadoop-ozone-s3gateway-0.5.0-SNAPSHOT.jar:/home/user/.m2/repository/org/jboss/weld/servlet/weld-servlet/2.4.7.Final/weld-servlet-2.4.7.Final.jar:/home/user/.m2/repository/org/glassfish/jersey/containers/jersey-container-servlet-core/2.27/jersey-container-servlet-core-2.27.jar:/home/user/.m2/repository/org/glassfish/hk2/external/javax.inject/2.5.0-b42/javax.inject-2.5.0-b42.jar:/home/user/.m2/repository/org/glassfish/jersey/core/jersey-common/2.27/jersey-common-2.27.jar:/home/user/.m2/repository/org/glassfish/hk2/osgi-resource-locator/1.0.1/osgi-resource-locator-1.0.1.jar:/home/user/.m2/repository/javax/ws/rs/javax.ws.rs-api/2.1/javax.ws.rs-api-2.1.jar:/home/user/.m2/repository/org/glassfish/jersey/ext/cdi/jersey-cdi1x/2.27/jersey-cdi1x-2.27.jar:/home/user/.m2/repository/org/glassfish/jersey/inject/jersey-hk2/2.27/jersey-hk2-2.27.jar:/home/user/.m2/repository/org/glassfish/hk2/hk2-locator/2.5.0-b42/hk2-locator-2.5.0-b42.jar:/home/user/.m2/repository/org/javassist/javassist/3.22.0-CR2/javassist-3.22.0-CR2.jar:/home/user/.m2/repository/org/glassfish/hk2/hk2-api/2.5.0/hk2-api-2.5.0.jar:/home/user/.m2/repository/org/glassfish/hk2/external/jakarta.inject/2.5.0/jakarta.inject-2.5.0.jar:/home/user/.m2/repository/org/glassfish/hk2/hk2-utils/2.5.0/hk2-utils-2.5.0.jar:/home/user/.m2/repository/jakarta/annotation/jakarta.annotation-api/1.3.4/jakarta.annotation-api-1.3.4.jar:/home/user/.m2/repository/org/glassfish/hk2/external/aopalliance-repackaged/2.5.0/aopalliance-repackaged-2.5.0.jar:/home/user/.m2/repository/com/fasterxml/jackson/dataformat/jackson-dataformat-xml/2.9.0/jackson-dataformat-xml-2.9.0.jar:/home/user/.m2/repository/com/fasterxml/jackson/core/jackson-core/2.9.9/jackson-core-2.9.9.jar:/home/user/.m2/repository/com/fasterxml/jackson/module/jackson-module-jaxb-annotations/2.9.9/jackson-module-jaxb-annotations-2.9.9.jar:/home/user/.m2/repository/javax/enterprise/cdi-api/1.2/cdi-api-1.2.jar:/home/user/.m2/repository/javax/el/javax.el-api/3.0.0/javax.el-api-3.0.0.jar:/home/user/.m2/repository/javax/interceptor/javax.interceptor-api/1.2/javax.interceptor-api-1.2.jar:/home/user/.m2/repository/javax/inject/javax.inject/1/javax.inject-1.jar:/home/user/.m2/repository/com/sun/xml/bind/jaxb-impl/2.3.0.1/jaxb-impl-2.3.0.1.jar:/home/user/.m2/repository/com/sun/xml/bind/jaxb-core/2.3.0.1/jaxb-core-2.3.0.1.jar:/home/user/.m2/repository/javax/xml/bind/jaxb-api/2.3.0/jaxb-api-2.3.0.jar:/home/user/.m2/repository/javax/activation/activation/1.1.1/activation-1.1.1.jar:/home/user/.m2/repository/org/apache/hadoop/hadoop-ozone-csi/0.5.0-SNAPSHOT/hadoop-ozone-csi-0.5.0-SNAPSHOT.jar:/home/user/.m2/repository/com/google/protobuf/protobuf-java-util/3.5.1/protobuf-java-util-3.5.1.jar:/home/user/.m2/repository/org/apache/hadoop/hadoop-hdds-config/0.5.0-SNAPSHOT/hadoop-hdds-config-0.5.0-SNAPSHOT.jar:/home/user/.m2/repository/io/grpc/grpc-netty/1.17.1/grpc-netty-1.17.1.jar:/home/user/.m2/repository/io/grpc/grpc-core/1.17.1/grpc-core-1.17.1.jar:/home/user/.m2/repository/io/grpc/grpc-context/1.17.1/grpc-context-1.17.1.jar:/home/user/.m2/repository/com/google/errorprone/error_prone_annotations/2.2.0/error_prone_annotations-2.2.0.jar:/home/user/.m2/repository/org/codehaus/mojo/animal-sniffer-annotations/1.17/animal-sniffer-annotations-1.17.jar:/home/user/.m2/repository/io/opencensus/opencensus-api/0.17.0/opencensus-api-0.17.0.jar:/home/user/.m2/repository/io/opencensus/opencensus-contrib-grpc-metrics/0.17.0/opencensus-contrib-grpc-metrics-0.17.0.jar:/home/user/.m2/repository/io/netty/netty-codec-http2/4.1.30.Final/netty-codec-http2-4.1.30.Final.jar:/home/user/.m2/repository/io/netty/netty-codec-http/4.1.30.Final/netty-codec-http-4.1.30.Final.jar:/home/user/.m2/repository/io/netty/netty-codec/4.1.30.Final/netty-codec-4.1.30.Final.jar:/home/user/.m2/repository/io/netty/netty-handler/4.1.30.Final/netty-handler-4.1.30.Final.jar:/home/user/.m2/repository/io/netty/netty-handler-proxy/4.1.30.Final/netty-handler-proxy-4.1.30.Final.jar:/home/user/.m2/repository/io/netty/netty-codec-socks/4.1.30.Final/netty-codec-socks-4.1.30.Final.jar:/home/user/.m2/repository/io/netty/netty-transport-native-epoll/4.1.30.Final/netty-transport-native-epoll-4.1.30.Final.jar:/home/user/.m2/repository/io/netty/netty-common/4.1.30.Final/netty-common-4.1.30.Final.jar:/home/user/.m2/repository/io/netty/netty-buffer/4.1.30.Final/netty-buffer-4.1.30.Final.jar:/home/user/.m2/repository/io/netty/netty-transport/4.1.30.Final/netty-transport-4.1.30.Final.jar:/home/user/.m2/repository/io/netty/netty-resolver/4.1.30.Final/netty-resolver-4.1.30.Final.jar:/home/user/.m2/repository/io/netty/netty-transport-native-unix-common/4.1.30.Final/netty-transport-native-unix-common-4.1.30.Final.jar:/home/user/.m2/repository/io/grpc/grpc-protobuf/1.17.1/grpc-protobuf-1.17.1.jar:/home/user/.m2/repository/com/google/api/grpc/proto-google-common-protos/1.0.0/proto-google-common-protos-1.0.0.jar:/home/user/.m2/repository/io/grpc/grpc-protobuf-lite/1.17.1/grpc-protobuf-lite-1.17.1.jar:/home/user/.m2/repository/io/grpc/grpc-stub/1.17.1/grpc-stub-1.17.1.jar:/home/user/.m2/repository/org/apache/hadoop/hadoop-ozone-recon/0.5.0-SNAPSHOT/hadoop-ozone-recon-0.5.0-SNAPSHOT.jar:/home/user/.m2/repository/org/apache/hadoop/hadoop-ozone-reconcodegen/0.5.0-SNAPSHOT/hadoop-ozone-reconcodegen-0.5.0-SNAPSHOT.jar:/home/user/.m2/repository/com/google/inject/extensions/guice-multibindings/4.0/guice-multibindings-4.0.jar:/home/user/.m2/repository/com/google/inject/guice/4.0/guice-4.0.jar:/home/user/.m2/repository/aopalliance/aopalliance/1.0/aopalliance-1.0.jar:/home/user/.m2/repository/com/google/inject/extensions/guice-servlet/4.0/guice-servlet-4.0.jar:/home/user/.m2/repository/org/glassfish/jersey/containers/jersey-container-servlet/2.27/jersey-container-servlet-2.27.jar:/home/user/.m2/repository/org/glassfish/hk2/guice-bridge/2.5.0/guice-bridge-2.5.0.jar:/home/user/.m2/repository/org/glassfish/jersey/core/jersey-server/2.27/jersey-server-2.27.jar:/home/user/.m2/repository/org/glassfish/jersey/core/jersey-client/2.27/jersey-client-2.27.jar:/home/user/.m2/repository/org/glassfish/jersey/media/jersey-media-jaxb/2.27/jersey-media-jaxb-2.27.jar:/home/user/.m2/repository/javax/validation/validation-api/1.1.0.Final/validation-api-1.1.0.Final.jar:/home/user/.m2/repository/org/glassfish/jersey/media/jersey-media-json-jackson/2.27/jersey-media-json-jackson-2.27.jar:/home/user/.m2/repository/org/glassfish/jersey/ext/jersey-entity-filtering/2.27/jersey-entity-filtering-2.27.jar:/home/user/.m2/repository/com/google/inject/extensions/guice-assistedinject/4.0/guice-assistedinject-4.0.jar:/home/user/.m2/repository/org/jooq/jooq/3.11.10/jooq-3.11.10.jar:/home/user/.m2/repository/org/jooq/jooq-meta/3.11.10/jooq-meta-3.11.10.jar:/home/user/.m2/repository/org/jooq/jooq-codegen/3.11.10/jooq-codegen-3.11.10.jar:/home/user/.m2/repository/com/jolbox/bonecp/0.8.0.RELEASE/bonecp-0.8.0.RELEASE.jar:/home/user/.m2/repository/org/xerial/sqlite-jdbc/3.25.2/sqlite-jdbc-3.25.2.jar:/home/user/.m2/repository/org/springframework/spring-jdbc/5.1.3.RELEASE/spring-jdbc-5.1.3.RELEASE.jar:/home/user/.m2/repository/org/springframework/spring-beans/5.1.3.RELEASE/spring-beans-5.1.3.RELEASE.jar:/home/user/.m2/repository/org/springframework/spring-core/5.1.3.RELEASE/spring-core-5.1.3.RELEASE.jar:/home/user/.m2/repository/org/springframework/spring-jcl/5.1.3.RELEASE/spring-jcl-5.1.3.RELEASE.jar:/home/user/.m2/repository/org/springframework/spring-tx/5.1.3.RELEASE/spring-tx-5.1.3.RELEASE.jar:/home/user/.m2/repository/org/apache/hadoop/hadoop-ozone-client/0.5.0-SNAPSHOT/hadoop-ozone-client-0.5.0-SNAPSHOT.jar:/home/user/.m2/repository/commons-lang/commons-lang/2.6/commons-lang-2.6.jar:/home/user/.m2/repository/org/apache/hadoop/hadoop-ozone-ozone-manager/0.5.0-SNAPSHOT/hadoop-ozone-ozone-manager-0.5.0-SNAPSHOT-tests.jar:/home/user/.m2/repository/junit/junit/4.11/junit-4.11.jar:/home/user/.m2/repository/org/hamcrest/hamcrest-core/1.3/hamcrest-core-1.3.jar:/home/user/.m2/repository/org/openjdk/jmh/jmh-core/1.19/jmh-core-1.19.jar:/home/user/.m2/repository/net/sf/jopt-simple/jopt-simple/4.6/jopt-simple-4.6.jar:/home/user/.m2/repository/org/apache/commons/commons-math3/3.1.1/commons-math3-3.1.1.jar:/home/user/.m2/repository/org/openjdk/jmh/jmh-generator-annprocess/1.19/jmh-generator-annprocess-1.19.jar:/home/user/.m2/repository/org/mockito/mockito-all/1.8.5/mockito-all-1.8.5.jar:/home/user/.m2/repository/org/apache/hadoop/hadoop-kms/3.2.0/hadoop-kms-3.2.0.jar:/home/user/.m2/repository/org/apache/hadoop/hadoop-auth/3.2.0/hadoop-auth-3.2.0.jar:/home/user/.m2/repository/com/nimbusds/nimbus-jose-jwt/4.41.1/nimbus-jose-jwt-4.41.1.jar:/home/user/.m2/repository/com/github/stephenc/jcip/jcip-annotations/1.0-1/jcip-annotations-1.0-1.jar:/home/user/.m2/repository/net/minidev/json-smart/2.3/json-smart-2.3.jar:/home/user/.m2/repository/net/minidev/accessors-smart/1.2/accessors-smart-1.2.jar:/home/user/.m2/repository/org/ow2/asm/asm/5.0.4/asm-5.0.4.jar:/home/user/.m2/repository/org/apache/curator/curator-framework/2.12.0/curator-framework-2.12.0.jar:/home/user/.m2/repository/com/sun/jersey/jersey-core/1.19/jersey-core-1.19.jar:/home/user/.m2/repository/javax/ws/rs/jsr311-api/1.1.1/jsr311-api-1.1.1.jar:/home/user/.m2/repository/com/sun/jersey/jersey-server/1.19/jersey-server-1.19.jar:/home/user/.m2/repository/javax/servlet/javax.servlet-api/3.1.0/javax.servlet-api-3.1.0.jar:/home/user/.m2/repository/org/eclipse/jetty/jetty-server/9.3.25.v20180904/jetty-server-9.3.25.v20180904.jar:/home/user/.m2/repository/org/eclipse/jetty/jetty-http/9.3.25.v20180904/jetty-http-9.3.25.v20180904.jar:/home/user/.m2/repository/org/eclipse/jetty/jetty-io/9.3.25.v20180904/jetty-io-9.3.25.v20180904.jar:/home/user/.m2/repository/org/eclipse/jetty/jetty-webapp/9.3.25.v20180904/jetty-webapp-9.3.25.v20180904.jar:/home/user/.m2/repository/org/eclipse/jetty/jetty-xml/9.3.25.v20180904/jetty-xml-9.3.25.v20180904.jar:/home/user/.m2/repository/log4j/log4j/1.2.17/log4j-1.2.17.jar:/home/user/.m2/repository/org/slf4j/slf4j-api/1.7.25/slf4j-api-1.7.25.jar:/home/user/.m2/repository/org/slf4j/jul-to-slf4j/1.7.25/jul-to-slf4j-1.7.25.jar:/home/user/.m2/repository/org/eclipse/jetty/jetty-util/9.3.25.v20180904/jetty-util-9.3.25.v20180904.jar:/home/user/.m2/repository/com/fasterxml/jackson/core/jackson-databind/2.9.9/jackson-databind-2.9.9.jar:/home/user/.m2/repository/org/apache/hadoop/hadoop-kms/3.2.0/hadoop-kms-3.2.0-tests.jar:/home/user/.m2/repository/org/apache/hadoop/hadoop-hdds-server-scm/0.5.0-SNAPSHOT/hadoop-hdds-server-scm-0.5.0-SNAPSHOT-tests.jar:/home/user/.m2/repository/org/apache/hadoop/hadoop-hdds-container-service/0.5.0-SNAPSHOT/hadoop-hdds-container-service-0.5.0-SNAPSHOT-tests.jar:/home/user/.m2/repository/org/yaml/snakeyaml/1.16/snakeyaml-1.16.jar:/home/user/.m2/repository/org/apache/hadoop/hadoop-common/3.2.0/hadoop-common-3.2.0-tests.jar:/home/user/.m2/repository/org/apache/hadoop/hadoop-annotations/3.2.0/hadoop-annotations-3.2.0.jar:/usr/lib/jvm/java-1.8.0-openjdk-1.8.0.222.b10-1.el7_7.x86_64/jre/../lib/tools.jar:/home/user/.m2/repository/commons-cli/commons-cli/1.2/commons-cli-1.2.jar:/home/user/.m2/repository/org/apache/httpcomponents/httpclient/4.5.2/httpclient-4.5.2.jar:/home/user/.m2/repository/org/apache/httpcomponents/httpcore/4.4.4/httpcore-4.4.4.jar:/home/user/.m2/repository/commons-codec/commons-codec/1.11/commons-codec-1.11.jar:/home/user/.m2/repository/commons-net/commons-net/3.6/commons-net-3.6.jar:/home/user/.m2/repository/commons-collections/commons-collections/3.2.2/commons-collections-3.2.2.jar:/home/user/.m2/repository/org/eclipse/jetty/jetty-servlet/9.3.25.v20180904/jetty-servlet-9.3.25.v20180904.jar:/home/user/.m2/repository/org/eclipse/jetty/jetty-security/9.3.25.v20180904/jetty-security-9.3.25.v20180904.jar:/home/user/.m2/repository/javax/servlet/jsp/jsp-api/2.1/jsp-api-2.1.jar:/home/user/.m2/repository/com/sun/jersey/jersey-servlet/1.19/jersey-servlet-1.19.jar:/home/user/.m2/repository/com/sun/jersey/jersey-json/1.19/jersey-json-1.19.jar:/home/user/.m2/repository/org/codehaus/jettison/jettison/1.1/jettison-1.1.jar:/home/user/.m2/repository/org/codehaus/jackson/jackson-core-asl/1.9.13/jackson-core-asl-1.9.13.jar:/home/user/.m2/repository/org/codehaus/jackson/jackson-mapper-asl/1.9.13/jackson-mapper-asl-1.9.13.jar:/home/user/.m2/repository/org/codehaus/jackson/jackson-jaxrs/1.9.13/jackson-jaxrs-1.9.13.jar:/home/user/.m2/repository/org/codehaus/jackson/jackson-xc/1.9.13/jackson-xc-1.9.13.jar:/home/user/.m2/repository/commons-logging/commons-logging/1.1.3/commons-logging-1.1.3.jar:/home/user/.m2/repository/commons-beanutils/commons-beanutils/1.9.4/commons-beanutils-1.9.4.jar:/home/user/.m2/repository/org/apache/commons/commons-configuration2/2.1.1/commons-configuration2-2.1.1.jar:/home/user/.m2/repository/org/apache/commons/commons-lang3/3.7/commons-lang3-3.7.jar:/home/user/.m2/repository/org/apache/commons/commons-text/1.4/commons-text-1.4.jar:/home/user/.m2/repository/org/apache/avro/avro/1.7.7/avro-1.7.7.jar:/home/user/.m2/repository/com/thoughtworks/paranamer/paranamer/2.3/paranamer-2.3.jar:/home/user/.m2/repository/org/xerial/snappy/snappy-java/1.0.5/snappy-java-1.0.5.jar:/home/user/.m2/repository/com/google/re2j/re2j/1.1/re2j-1.1.jar:/home/user/.m2/repository/com/google/code/gson/gson/2.2.4/gson-2.2.4.jar:/home/user/.m2/repository/com/jcraft/jsch/0.1.54/jsch-0.1.54.jar:/home/user/.m2/repository/org/apache/curator/curator-client/2.12.0/curator-client-2.12.0.jar:/home/user/.m2/repository/org/apache/curator/curator-recipes/2.12.0/curator-recipes-2.12.0.jar:/home/user/.m2/repository/com/google/code/findbugs/jsr305/3.0.0/jsr305-3.0.0.jar:/home/user/.m2/repository/org/apache/htrace/htrace-core4/4.1.0-incubating/htrace-core4-4.1.0-incubating.jar:/home/user/.m2/repository/org/apache/zookeeper/zookeeper/3.4.13/zookeeper-3.4.13.jar:/home/user/.m2/repository/jline/jline/0.9.94/jline-0.9.94.jar:/home/user/.m2/repository/org/apache/yetus/audience-annotations/0.5.0/audience-annotations-0.5.0.jar:/home/user/.m2/repository/org/codehaus/woodstox/stax2-api/3.1.4/stax2-api-3.1.4.jar:/home/user/.m2/repository/com/fasterxml/woodstox/woodstox-core/5.0.3/woodstox-core-5.0.3.jar:/home/user/.m2/repository/dnsjava/dnsjava/2.1.7/dnsjava-2.1.7.jar:/home/user/.m2/repository/org/apache/hadoop/hadoop-hdfs/3.2.0/hadoop-hdfs-3.2.0-tests.jar:/home/user/.m2/repository/org/eclipse/jetty/jetty-util-ajax/9.3.25.v20180904/jetty-util-ajax-9.3.25.v20180904.jar:/home/user/.m2/repository/commons-daemon/commons-daemon/1.0.13/commons-daemon-1.0.13.jar:/home/user/.m2/repository/io/netty/netty/3.10.5.Final/netty-3.10.5.Final.jar:/home/user/.m2/repository/io/netty/netty-all/4.0.52.Final/netty-all-4.0.52.Final.jar:/home/user/.m2/repository/org/fusesource/leveldbjni/leveldbjni-all/1.8/leveldbjni-all-1.8.jar:"/>
    <property name="sun.cpu.endian" value="little"/>
    <property name="user.home" value="/home/user"/>
    <property name="user.language" value="en"/>
    <property name="java.specification.vendor" value="Oracle Corporation"/>
    <property name="java.home" value="/usr/lib/jvm/java-1.8.0-openjdk-1.8.0.222.b10-1.el7_7.x86_64/jre"/>
    <property name="surefire.excludesFile" value="/tools/ozone-bad-unit-tests"/>
    <property name="java.security.krb5.conf" value="/workdir/hadoop-ozone/integration-test/target/test-classes/krb5.conf"/>
    <property name="basedir" value="/workdir/hadoop-ozone/integration-test"/>
    <property name="file.separator" value="/"/>
    <property name="line.separator" value="&#10;"/>
    <property name="java.vm.specification.vendor" value="Oracle Corporation"/>
    <property name="java.specification.name" value="Java Platform API Specification"/>
    <property name="java.awt.graphicsenv" value="sun.awt.X11GraphicsEnvironment"/>
    <property name="surefire.real.class.path" value="/workdir/hadoop-ozone/integration-test/target/surefire/surefirebooter3620493811588735020.jar"/>
    <property name="hadoop.log.dir" value="/workdir/hadoop-ozone/integration-test/target/log"/>
    <property name="sun.boot.class.path" value="/usr/lib/jvm/java-1.8.0-openjdk-1.8.0.222.b10-1.el7_7.x86_64/jre/lib/resources.jar:/usr/lib/jvm/java-1.8.0-openjdk-1.8.0.222.b10-1.el7_7.x86_64/jre/lib/rt.jar:/usr/lib/jvm/java-1.8.0-openjdk-1.8.0.222.b10-1.el7_7.x86_64/jre/lib/sunrsasign.jar:/usr/lib/jvm/java-1.8.0-openjdk-1.8.0.222.b10-1.el7_7.x86_64/jre/lib/jsse.jar:/usr/lib/jvm/java-1.8.0-openjdk-1.8.0.222.b10-1.el7_7.x86_64/jre/lib/jce.jar:/usr/lib/jvm/java-1.8.0-openjdk-1.8.0.222.b10-1.el7_7.x86_64/jre/lib/charsets.jar:/usr/lib/jvm/java-1.8.0-openjdk-1.8.0.222.b10-1.el7_7.x86_64/jre/lib/jfr.jar:/usr/lib/jvm/java-1.8.0-openjdk-1.8.0.222.b10-1.el7_7.x86_64/jre/classes"/>
    <property name="sun.management.compiler" value="HotSpot 64-Bit Tiered Compilers"/>
    <property name="java.runtime.version" value="1.8.0_222-b10"/>
    <property name="java.net.preferIPv4Stack" value="true"/>
    <property name="user.name" value="jenkins1000"/>
    <property name="path.separator" value=":"/>
    <property name="java.security.egd" value="file:///dev/urandom"/>
    <property name="os.version" value="3.10.0-957.12.2.el7.x86_64"/>
    <property name="java.endorsed.dirs" value="/usr/lib/jvm/java-1.8.0-openjdk-1.8.0.222.b10-1.el7_7.x86_64/jre/lib/endorsed"/>
    <property name="java.runtime.name" value="OpenJDK Runtime Environment"/>
    <property name="file.encoding" value="ANSI_X3.4-1968"/>
    <property name="java.vm.name" value="OpenJDK 64-Bit Server VM"/>
    <property name="test.build.webapps" value=""/>
    <property name="localRepository" value="/home/user/.m2/repository"/>
    <property name="java.vendor.url.bug" value="http://bugreport.sun.com/bugreport/"/>
    <property name="java.io.tmpdir" value="/tmp"/>
    <property name="require.test.libhadoop" value=""/>
    <property name="java.version" value="1.8.0_222"/>
    <property name="user.dir" value="/workdir/hadoop-ozone/integration-test"/>
    <property name="os.arch" value="amd64"/>
    <property name="java.vm.specification.name" value="Java Virtual Machine Specification"/>
    <property name="test.build.classes" value="/workdir/hadoop-ozone/integration-test/target/test-classes"/>
    <property name="java.awt.printerjob" value="sun.print.PSPrinterJob"/>
    <property name="sun.os.patch.level" value="unknown"/>
    <property name="hadoop.tmp.dir" value="/workdir/hadoop-ozone/integration-test/target/tmp"/>
    <property name="java.library.path" value="/usr/lib:/workdir/hadoop-ozone/integration-test/target/native/target/usr/local/lib:/workdir/hadoop-ozone/integration-test/../../hadoop-common-project/hadoop-common/target/native/target/usr/local/lib:/usr/java/packages/lib/amd64:/usr/lib64:/lib64:/lib:/usr/lib"/>
    <property name="java.vm.info" value="mixed mode"/>
    <property name="java.vendor" value="Oracle Corporation"/>
    <property name="java.vm.version" value="25.222-b10"/>
    <property name="java.ext.dirs" value="/usr/lib/jvm/java-1.8.0-openjdk-1.8.0.222.b10-1.el7_7.x86_64/jre/lib/ext:/usr/java/packages/lib/ext"/>
    <property name="sun.io.unicode.encoding" value="UnicodeLittle"/>
    <property name="java.class.version" value="52.0"/>
  </properties>
  <testcase name="testMultiBlockWritesWithIntermittentDnFailures" classname="org.apache.hadoop.ozone.client.rpc.TestMultiBlockWritesWithDnFailures" time="63.021">
    <failure message="expected:&lt;6&gt; but was:&lt;4&gt;" type="java.lang.AssertionError"><![CDATA[java.lang.AssertionError: expected:<6> but was:<4>
	at org.junit.Assert.fail(Assert.java:88)
	at org.junit.Assert.failNotEquals(Assert.java:743)
	at org.junit.Assert.assertEquals(Assert.java:118)
	at org.junit.Assert.assertEquals(Assert.java:555)
	at org.junit.Assert.assertEquals(Assert.java:542)
	at org.apache.hadoop.ozone.client.rpc.TestMultiBlockWritesWithDnFailures.testMultiBlockWritesWithIntermittentDnFailures(TestMultiBlockWritesWithDnFailures.java:176)
	at sun.reflect.NativeMethodAccessorImpl.invoke0(Native Method)
	at sun.reflect.NativeMethodAccessorImpl.invoke(NativeMethodAccessorImpl.java:62)
	at sun.reflect.DelegatingMethodAccessorImpl.invoke(DelegatingMethodAccessorImpl.java:43)
	at java.lang.reflect.Method.invoke(Method.java:498)
	at org.junit.runners.model.FrameworkMethod$1.runReflectiveCall(FrameworkMethod.java:47)
	at org.junit.internal.runners.model.ReflectiveCallable.run(ReflectiveCallable.java:12)
	at org.junit.runners.model.FrameworkMethod.invokeExplosively(FrameworkMethod.java:44)
	at org.junit.internal.runners.statements.InvokeMethod.evaluate(InvokeMethod.java:17)
	at org.junit.internal.runners.statements.RunAfters.evaluate(RunAfters.java:27)
	at org.junit.runners.ParentRunner.runLeaf(ParentRunner.java:271)
	at org.junit.runners.BlockJUnit4ClassRunner.runChild(BlockJUnit4ClassRunner.java:70)
	at org.junit.runners.BlockJUnit4ClassRunner.runChild(BlockJUnit4ClassRunner.java:50)
	at org.junit.runners.ParentRunner$3.run(ParentRunner.java:238)
	at org.junit.runners.ParentRunner$1.schedule(ParentRunner.java:63)
	at org.junit.runners.ParentRunner.runChildren(ParentRunner.java:236)
	at org.junit.runners.ParentRunner.access$000(ParentRunner.java:53)
	at org.junit.runners.ParentRunner$2.evaluate(ParentRunner.java:229)
	at org.junit.runners.ParentRunner.run(ParentRunner.java:309)
	at org.apache.maven.surefire.junit4.JUnit4Provider.execute(JUnit4Provider.java:365)
	at org.apache.maven.surefire.junit4.JUnit4Provider.executeWithRerun(JUnit4Provider.java:273)
	at org.apache.maven.surefire.junit4.JUnit4Provider.executeTestSet(JUnit4Provider.java:238)
	at org.apache.maven.surefire.junit4.JUnit4Provider.invoke(JUnit4Provider.java:159)
	at org.apache.maven.surefire.booter.ForkedBooter.invokeProviderInSameClassLoader(ForkedBooter.java:384)
	at org.apache.maven.surefire.booter.ForkedBooter.runSuitesInProcess(ForkedBooter.java:345)
	at org.apache.maven.surefire.booter.ForkedBooter.execute(ForkedBooter.java:126)
	at org.apache.maven.surefire.booter.ForkedBooter.main(ForkedBooter.java:418)
]]></failure>
    <system-out><![CDATA[2019-10-18 13:01:04,826 [main] WARN  server.ServerUtils (ServerUtils.java:getScmDbDir(145)) - ozone.scm.db.dirs is not configured. We recommend adding this setting. Falling back to ozone.metadata.dirs instead.
2019-10-18 13:01:05,201 [main] WARN  server.ServerUtils (ServerUtils.java:getScmDbDir(145)) - ozone.scm.db.dirs is not configured. We recommend adding this setting. Falling back to ozone.metadata.dirs instead.
2019-10-18 13:01:05,205 [main] WARN  server.ServerUtils (ServerUtils.java:getScmDbDir(145)) - ozone.scm.db.dirs is not configured. We recommend adding this setting. Falling back to ozone.metadata.dirs instead.
2019-10-18 13:01:05,234 [main] INFO  util.log (Log.java:initialized(192)) - Logging initialized @1088ms
2019-10-18 13:01:05,345 [main] INFO  db.DBStoreBuilder (DBStoreBuilder.java:addTable(117)) - using custom profile for table: deletedBlocks
2019-10-18 13:01:05,346 [main] INFO  db.DBStoreBuilder (DBStoreBuilder.java:processTables(168)) - Using default column profile:DBProfile.DISK for Table:deletedBlocks
2019-10-18 13:01:05,346 [main] INFO  db.DBStoreBuilder (DBStoreBuilder.java:addTable(117)) - using custom profile for table: validCerts
2019-10-18 13:01:05,346 [main] INFO  db.DBStoreBuilder (DBStoreBuilder.java:processTables(168)) - Using default column profile:DBProfile.DISK for Table:validCerts
2019-10-18 13:01:05,347 [main] INFO  db.DBStoreBuilder (DBStoreBuilder.java:addTable(117)) - using custom profile for table: revokedCerts
2019-10-18 13:01:05,347 [main] INFO  db.DBStoreBuilder (DBStoreBuilder.java:processTables(168)) - Using default column profile:DBProfile.DISK for Table:revokedCerts
2019-10-18 13:01:05,360 [main] INFO  db.DBStoreBuilder (DBStoreBuilder.java:addTable(117)) - using custom profile for table: default
2019-10-18 13:01:05,360 [main] INFO  db.DBStoreBuilder (DBStoreBuilder.java:processTables(174)) - Using default column profile:DBProfile.DISK for Table:default
2019-10-18 13:01:05,362 [main] INFO  db.DBStoreBuilder (DBStoreBuilder.java:getDbProfile(205)) - Using default options. DBProfile.DISK
2019-10-18 13:01:06,183 [main] INFO  net.NodeSchemaLoader (NodeSchemaLoader.java:loadSchemaFromFile(125)) - Loading file from sun.misc.CompoundEnumeration@6b2ea799
2019-10-18 13:01:06,185 [main] INFO  net.NodeSchemaLoader (NodeSchemaLoader.java:loadSchema(171)) - Loading network topology layer schema file
2019-10-18 13:01:06,252 [main] INFO  node.SCMNodeManager (SCMNodeManager.java:<init>(116)) - Entering startup safe mode.
2019-10-18 13:01:06,323 [main] INFO  algorithms.ContainerPlacementPolicyFactory (ContainerPlacementPolicyFactory.java:getPolicy(57)) - Create container placement policy of type org.apache.hadoop.hdds.scm.container.placement.algorithms.SCMContainerPlacementRandom
2019-10-18 13:01:06,336 [main] WARN  server.ServerUtils (ServerUtils.java:getScmDbDir(145)) - ozone.scm.db.dirs is not configured. We recommend adding this setting. Falling back to ozone.metadata.dirs instead.
2019-10-18 13:01:06,672 [main] INFO  pipeline.SCMPipelineManager (SCMPipelineManager.java:initializePipelineState(132)) - No pipeline exists in current db
2019-10-18 13:01:06,675 [main] WARN  server.ServerUtils (ServerUtils.java:getScmDbDir(145)) - ozone.scm.db.dirs is not configured. We recommend adding this setting. Falling back to ozone.metadata.dirs instead.
2019-10-18 13:01:07,238 [main] WARN  events.EventQueue (EventQueue.java:fireEvent(183)) - No event handler registered for event TypedEvent{payloadType=SafeModeStatus, name='SafeModeStatus'}
2019-10-18 13:01:07,565 [main] INFO  ipc.CallQueueManager (CallQueueManager.java:<init>(84)) - Using callQueue: class java.util.concurrent.LinkedBlockingQueue, queueCapacity: 2000, scheduler: class org.apache.hadoop.ipc.DefaultRpcScheduler, ipcBackoff: false.
2019-10-18 13:01:07,588 [Socket Reader #1 for port 35124] INFO  ipc.Server (Server.java:run(1074)) - Starting Socket Reader #1 for port 35124
2019-10-18 13:01:07,695 [main] INFO  ipc.CallQueueManager (CallQueueManager.java:<init>(84)) - Using callQueue: class java.util.concurrent.LinkedBlockingQueue, queueCapacity: 2000, scheduler: class org.apache.hadoop.ipc.DefaultRpcScheduler, ipcBackoff: false.
2019-10-18 13:01:07,696 [Socket Reader #1 for port 37165] INFO  ipc.Server (Server.java:run(1074)) - Starting Socket Reader #1 for port 37165
2019-10-18 13:01:07,703 [main] INFO  ipc.CallQueueManager (CallQueueManager.java:<init>(84)) - Using callQueue: class java.util.concurrent.LinkedBlockingQueue, queueCapacity: 2000, scheduler: class org.apache.hadoop.ipc.DefaultRpcScheduler, ipcBackoff: false.
2019-10-18 13:01:07,704 [Socket Reader #1 for port 34850] INFO  ipc.Server (Server.java:run(1074)) - Starting Socket Reader #1 for port 34850
2019-10-18 13:01:07,725 [main] INFO  hdfs.DFSUtil (DFSUtil.java:httpServerTemplateForNNAndJN(1641)) - Starting Web-server for scm at: http://0.0.0.0:0
2019-10-18 13:01:07,874 [main] INFO  server.AuthenticationFilter (AuthenticationFilter.java:constructSecretProvider(240)) - Unable to initialize FileSignerSecretProvider, falling back to use random secrets.
2019-10-18 13:01:07,882 [main] WARN  http.HttpRequestLog (HttpRequestLog.java:getRequestLog(97)) - Jetty request log can only be enabled using Log4j
2019-10-18 13:01:07,890 [main] INFO  http.HttpServer2 (HttpServer2.java:addGlobalFilter(975)) - Added global filter 'safety' (class=org.apache.hadoop.http.HttpServer2$QuotingInputFilter)
2019-10-18 13:01:07,893 [main] INFO  http.HttpServer2 (HttpServer2.java:addFilter(948)) - Added filter static_user_filter (class=org.apache.hadoop.http.lib.StaticUserWebFilter$StaticUserFilter) to context scm
2019-10-18 13:01:07,893 [main] INFO  http.HttpServer2 (HttpServer2.java:addFilter(958)) - Added filter static_user_filter (class=org.apache.hadoop.http.lib.StaticUserWebFilter$StaticUserFilter) to context logs
2019-10-18 13:01:07,894 [main] INFO  http.HttpServer2 (HttpServer2.java:addFilter(958)) - Added filter static_user_filter (class=org.apache.hadoop.http.lib.StaticUserWebFilter$StaticUserFilter) to context static
2019-10-18 13:01:07,924 [main] INFO  server.StorageContainerManager (StorageContainerManager.java:start(772)) - StorageContainerLocationProtocol RPC server is listening at /0.0.0.0:34850
2019-10-18 13:01:07,987 [main] WARN  impl.MetricsConfig (MetricsConfig.java:loadFirst(134)) - Cannot locate configuration: tried hadoop-metrics2-storagecontainermanager.properties,hadoop-metrics2.properties
2019-10-18 13:01:07,999 [main] INFO  impl.MetricsSystemImpl (MetricsSystemImpl.java:startTimer(374)) - Scheduled Metric snapshot period at 10 second(s).
2019-10-18 13:01:07,999 [main] INFO  impl.MetricsSystemImpl (MetricsSystemImpl.java:start(191)) - StorageContainerManager metrics system started
2019-10-18 13:01:08,258 [main] INFO  server.SCMClientProtocolServer (SCMClientProtocolServer.java:start(159)) - RPC server for Client  is listening at /0.0.0.0:34850
2019-10-18 13:01:08,258 [IPC Server Responder] INFO  ipc.Server (Server.java:run(1314)) - IPC Server Responder: starting
2019-10-18 13:01:08,258 [IPC Server listener on 34850] INFO  ipc.Server (Server.java:run(1153)) - IPC Server listener on 34850: starting
2019-10-18 13:01:08,261 [main] INFO  server.StorageContainerManager (StorageContainerManager.java:start(782)) - ScmBlockLocationProtocol RPC server is listening at /0.0.0.0:37165
2019-10-18 13:01:08,262 [main] INFO  server.SCMBlockProtocolServer (SCMBlockProtocolServer.java:start(146)) - RPC server for Block Protocol is listening at /0.0.0.0:37165
2019-10-18 13:01:08,263 [IPC Server Responder] INFO  ipc.Server (Server.java:run(1314)) - IPC Server Responder: starting
2019-10-18 13:01:08,263 [IPC Server listener on 37165] INFO  ipc.Server (Server.java:run(1153)) - IPC Server listener on 37165: starting
2019-10-18 13:01:08,265 [main] INFO  server.StorageContainerManager (StorageContainerManager.java:start(786)) - ScmDatanodeProtocl RPC server is listening at /0.0.0.0:35124
2019-10-18 13:01:08,266 [main] INFO  server.SCMDatanodeProtocolServer (SCMDatanodeProtocolServer.java:start(169)) - RPC server for DataNodes is listening at /0.0.0.0:35124
2019-10-18 13:01:08,267 [IPC Server Responder] INFO  ipc.Server (Server.java:run(1314)) - IPC Server Responder: starting
2019-10-18 13:01:08,268 [IPC Server listener on 35124] INFO  ipc.Server (Server.java:run(1153)) - IPC Server listener on 35124: starting
2019-10-18 13:01:08,274 [main] INFO  http.HttpServer2 (HttpServer2.java:bindListener(1191)) - Jetty bound to port 43815
2019-10-18 13:01:08,278 [main] INFO  server.Server (Server.java:doStart(351)) - jetty-9.3.25.v20180904, build timestamp: 2018-09-04T21:11:46Z, git hash: 3ce520221d0240229c862b122d2b06c12a625732
2019-10-18 13:01:08,333 [main] INFO  handler.ContextHandler (ContextHandler.java:doStart(781)) - Started o.e.j.s.ServletContextHandler@340da44c{/logs,file:///workdir/hadoop-ozone/integration-test/target/log,AVAILABLE}
2019-10-18 13:01:08,334 [main] INFO  handler.ContextHandler (ContextHandler.java:doStart(781)) - Started o.e.j.s.ServletContextHandler@37052337{/static,file:///workdir/hadoop-ozone/integration-test/target/test-classes/webapps/static,AVAILABLE}
2019-10-18 13:01:08,372 [main] INFO  handler.ContextHandler (ContextHandler.java:doStart(781)) - Started o.e.j.w.WebAppContext@3b366632{/,file:///workdir/hadoop-ozone/integration-test/target/test-classes/webapps/scm/,AVAILABLE}{/scm}
2019-10-18 13:01:08,378 [main] INFO  server.AbstractConnector (AbstractConnector.java:doStart(278)) - Started ServerConnector@6815c5f2{HTTP/1.1,[http/1.1]}{0.0.0.0:43815}
2019-10-18 13:01:08,379 [main] INFO  server.Server (Server.java:doStart(419)) - Started @4233ms
2019-10-18 13:01:08,382 [main] INFO  impl.MetricsSinkAdapter (MetricsSinkAdapter.java:start(204)) - Sink prometheus started
2019-10-18 13:01:08,382 [main] INFO  impl.MetricsSystemImpl (MetricsSystemImpl.java:registerSink(301)) - Registered sink prometheus
2019-10-18 13:01:08,384 [main] INFO  server.BaseHttpServer (BaseHttpServer.java:updateConnectorAddress(215)) - HTTP server of SCM is listening at http://0.0.0.0:43815
2019-10-18 13:01:08,391 [org.apache.hadoop.util.JvmPauseMonitor$Monitor@4263b080] INFO  util.JvmPauseMonitor (JvmPauseMonitor.java:run(188)) - Starting JVM pause monitor
2019-10-18 13:01:08,395 [main] WARN  server.ServerUtils (ServerUtils.java:getDBPath(222)) - ozone.om.db.dirs is not configured. We recommend adding this setting. Falling back to ozone.metadata.dirs instead.
2019-10-18 13:01:09,083 [main] INFO  ha.OMHANodeDetails (OMHANodeDetails.java:loadOMHAConfig(190)) - Configuration either no ozone.om.address set. Falling back to the default OM address /127.0.0.1:0
2019-10-18 13:01:09,083 [main] INFO  ha.OMHANodeDetails (OMHANodeDetails.java:getOMNodeDetails(220)) - OM Service ID is not set. Setting it to the default ID: omServiceIdDefault
2019-10-18 13:01:09,085 [main] WARN  server.ServerUtils (ServerUtils.java:getDBPath(222)) - ozone.om.db.dirs is not configured. We recommend adding this setting. Falling back to ozone.metadata.dirs instead.
2019-10-18 13:01:09,086 [main] WARN  server.ServerUtils (ServerUtils.java:getDBPath(222)) - ozone.om.db.dirs is not configured. We recommend adding this setting. Falling back to ozone.metadata.dirs instead.
2019-10-18 13:01:09,717 [main] WARN  server.ServerUtils (ServerUtils.java:getDBPath(222)) - ozone.om.db.dirs is not configured. We recommend adding this setting. Falling back to ozone.metadata.dirs instead.
2019-10-18 13:01:09,725 [main] INFO  db.DBStoreBuilder (DBStoreBuilder.java:addTable(117)) - using custom profile for table: userTable
2019-10-18 13:01:09,726 [main] INFO  db.DBStoreBuilder (DBStoreBuilder.java:processTables(168)) - Using default column profile:DBProfile.DISK for Table:userTable
2019-10-18 13:01:09,726 [main] INFO  db.DBStoreBuilder (DBStoreBuilder.java:addTable(117)) - using custom profile for table: volumeTable
2019-10-18 13:01:09,726 [main] INFO  db.DBStoreBuilder (DBStoreBuilder.java:processTables(168)) - Using default column profile:DBProfile.DISK for Table:volumeTable
2019-10-18 13:01:09,726 [main] INFO  db.DBStoreBuilder (DBStoreBuilder.java:addTable(117)) - using custom profile for table: bucketTable
2019-10-18 13:01:09,727 [main] INFO  db.DBStoreBuilder (DBStoreBuilder.java:processTables(168)) - Using default column profile:DBProfile.DISK for Table:bucketTable
2019-10-18 13:01:09,727 [main] INFO  db.DBStoreBuilder (DBStoreBuilder.java:addTable(117)) - using custom profile for table: keyTable
2019-10-18 13:01:09,727 [main] INFO  db.DBStoreBuilder (DBStoreBuilder.java:processTables(168)) - Using default column profile:DBProfile.DISK for Table:keyTable
2019-10-18 13:01:09,727 [main] INFO  db.DBStoreBuilder (DBStoreBuilder.java:addTable(117)) - using custom profile for table: deletedTable
2019-10-18 13:01:09,728 [main] INFO  db.DBStoreBuilder (DBStoreBuilder.java:processTables(168)) - Using default column profile:DBProfile.DISK for Table:deletedTable
2019-10-18 13:01:09,728 [main] INFO  db.DBStoreBuilder (DBStoreBuilder.java:addTable(117)) - using custom profile for table: openKeyTable
2019-10-18 13:01:09,728 [main] INFO  db.DBStoreBuilder (DBStoreBuilder.java:processTables(168)) - Using default column profile:DBProfile.DISK for Table:openKeyTable
2019-10-18 13:01:09,728 [main] INFO  db.DBStoreBuilder (DBStoreBuilder.java:addTable(117)) - using custom profile for table: s3Table
2019-10-18 13:01:09,728 [main] INFO  db.DBStoreBuilder (DBStoreBuilder.java:processTables(168)) - Using default column profile:DBProfile.DISK for Table:s3Table
2019-10-18 13:01:09,729 [main] INFO  db.DBStoreBuilder (DBStoreBuilder.java:addTable(117)) - using custom profile for table: multipartInfoTable
2019-10-18 13:01:09,729 [main] INFO  db.DBStoreBuilder (DBStoreBuilder.java:processTables(168)) - Using default column profile:DBProfile.DISK for Table:multipartInfoTable
2019-10-18 13:01:09,729 [main] INFO  db.DBStoreBuilder (DBStoreBuilder.java:addTable(117)) - using custom profile for table: dTokenTable
2019-10-18 13:01:09,729 [main] INFO  db.DBStoreBuilder (DBStoreBuilder.java:processTables(168)) - Using default column profile:DBProfile.DISK for Table:dTokenTable
2019-10-18 13:01:09,730 [main] INFO  db.DBStoreBuilder (DBStoreBuilder.java:addTable(117)) - using custom profile for table: s3SecretTable
2019-10-18 13:01:09,730 [main] INFO  db.DBStoreBuilder (DBStoreBuilder.java:processTables(168)) - Using default column profile:DBProfile.DISK for Table:s3SecretTable
2019-10-18 13:01:09,730 [main] INFO  db.DBStoreBuilder (DBStoreBuilder.java:addTable(117)) - using custom profile for table: prefixTable
2019-10-18 13:01:09,730 [main] INFO  db.DBStoreBuilder (DBStoreBuilder.java:processTables(168)) - Using default column profile:DBProfile.DISK for Table:prefixTable
2019-10-18 13:01:09,731 [main] INFO  db.DBStoreBuilder (DBStoreBuilder.java:addTable(117)) - using custom profile for table: default
2019-10-18 13:01:09,731 [main] INFO  db.DBStoreBuilder (DBStoreBuilder.java:processTables(174)) - Using default column profile:DBProfile.DISK for Table:default
2019-10-18 13:01:09,731 [main] INFO  db.DBStoreBuilder (DBStoreBuilder.java:getDbProfile(205)) - Using default options. DBProfile.DISK
2019-10-18 13:01:12,541 [main] INFO  ipc.CallQueueManager (CallQueueManager.java:<init>(84)) - Using callQueue: class java.util.concurrent.LinkedBlockingQueue, queueCapacity: 2000, scheduler: class org.apache.hadoop.ipc.DefaultRpcScheduler, ipcBackoff: false.
2019-10-18 13:01:12,543 [Socket Reader #1 for port 37881] INFO  ipc.Server (Server.java:run(1074)) - Starting Socket Reader #1 for port 37881
2019-10-18 13:01:12,567 [main] INFO  om.OzoneManager (OzoneManager.java:start(1074)) - OzoneManager RPC server is listening at localhost/127.0.0.1:37881
2019-10-18 13:01:12,567 [main] INFO  impl.MetricsSystemImpl (MetricsSystemImpl.java:init(158)) - OzoneManager metrics system started (again)
2019-10-18 13:01:12,577 [IPC Server Responder] INFO  ipc.Server (Server.java:run(1314)) - IPC Server Responder: starting
2019-10-18 13:01:12,577 [IPC Server listener on 37881] INFO  ipc.Server (Server.java:run(1153)) - IPC Server listener on 37881: starting
2019-10-18 13:01:12,583 [main] INFO  hdfs.DFSUtil (DFSUtil.java:httpServerTemplateForNNAndJN(1641)) - Starting Web-server for ozoneManager at: http://0.0.0.0:0
2019-10-18 13:01:12,585 [main] INFO  server.AuthenticationFilter (AuthenticationFilter.java:constructSecretProvider(240)) - Unable to initialize FileSignerSecretProvider, falling back to use random secrets.
2019-10-18 13:01:12,586 [main] WARN  http.HttpRequestLog (HttpRequestLog.java:getRequestLog(97)) - Jetty request log can only be enabled using Log4j
2019-10-18 13:01:12,588 [main] INFO  http.HttpServer2 (HttpServer2.java:addGlobalFilter(975)) - Added global filter 'safety' (class=org.apache.hadoop.http.HttpServer2$QuotingInputFilter)
2019-10-18 13:01:12,589 [main] INFO  http.HttpServer2 (HttpServer2.java:addFilter(948)) - Added filter static_user_filter (class=org.apache.hadoop.http.lib.StaticUserWebFilter$StaticUserFilter) to context ozoneManager
2019-10-18 13:01:12,589 [main] INFO  http.HttpServer2 (HttpServer2.java:addFilter(958)) - Added filter static_user_filter (class=org.apache.hadoop.http.lib.StaticUserWebFilter$StaticUserFilter) to context logs
2019-10-18 13:01:12,590 [main] INFO  http.HttpServer2 (HttpServer2.java:addFilter(958)) - Added filter static_user_filter (class=org.apache.hadoop.http.lib.StaticUserWebFilter$StaticUserFilter) to context static
2019-10-18 13:01:12,592 [main] INFO  http.HttpServer2 (HttpServer2.java:bindListener(1191)) - Jetty bound to port 38043
2019-10-18 13:01:12,592 [main] INFO  server.Server (Server.java:doStart(351)) - jetty-9.3.25.v20180904, build timestamp: 2018-09-04T21:11:46Z, git hash: 3ce520221d0240229c862b122d2b06c12a625732
2019-10-18 13:01:12,594 [main] INFO  handler.ContextHandler (ContextHandler.java:doStart(781)) - Started o.e.j.s.ServletContextHandler@6b63d445{/logs,file:///workdir/hadoop-ozone/integration-test/target/log,AVAILABLE}
2019-10-18 13:01:12,594 [main] INFO  handler.ContextHandler (ContextHandler.java:doStart(781)) - Started o.e.j.s.ServletContextHandler@30b2b76f{/static,file:///workdir/hadoop-ozone/integration-test/target/test-classes/webapps/static,AVAILABLE}
2019-10-18 13:01:12,599 [main] INFO  handler.ContextHandler (ContextHandler.java:doStart(781)) - Started o.e.j.w.WebAppContext@12db3386{/,file:///workdir/hadoop-ozone/integration-test/target/test-classes/webapps/ozoneManager/,AVAILABLE}{/ozoneManager}
2019-10-18 13:01:12,600 [main] INFO  server.AbstractConnector (AbstractConnector.java:doStart(278)) - Started ServerConnector@4078695f{HTTP/1.1,[http/1.1]}{0.0.0.0:38043}
2019-10-18 13:01:12,600 [main] INFO  server.Server (Server.java:doStart(419)) - Started @8454ms
2019-10-18 13:01:12,600 [main] WARN  impl.MetricsSystemImpl (MetricsSystemImpl.java:register(276)) - Sink prometheus already exists!
2019-10-18 13:01:12,602 [main] INFO  server.BaseHttpServer (BaseHttpServer.java:updateConnectorAddress(215)) - HTTP server of OZONEMANAGER is listening at http://0.0.0.0:38043
2019-10-18 13:01:12,906 [main] INFO  impl.MetricsSystemImpl (MetricsSystemImpl.java:init(158)) - HddsDatanode metrics system started (again)
2019-10-18 13:01:12,972 [main] INFO  ozone.HddsDatanodeService (HddsDatanodeService.java:start(184)) - HddsDatanodeService host:pr-hdds-2330-xmbvw-1183399999 ip:192.168.34.56
2019-10-18 13:01:13,008 [main] INFO  volume.HddsVolume (HddsVolume.java:<init>(176)) - Creating Volume: /workdir/hadoop-ozone/integration-test/target/test-dir/MiniOzoneClusterImpl-206d85c3-6704-4dbf-80de-7c3e9cc4f072/datanode-0/data/containers/hdds of  storage type : DISK and capacity : 1482555576320
2019-10-18 13:01:13,010 [main] INFO  volume.VolumeSet (VolumeSet.java:initializeVolumeSet(170)) - Added Volume : /workdir/hadoop-ozone/integration-test/target/test-dir/MiniOzoneClusterImpl-206d85c3-6704-4dbf-80de-7c3e9cc4f072/datanode-0/data/containers/hdds to VolumeSet
2019-10-18 13:01:13,013 [main] INFO  volume.ThrottledAsyncChecker (ThrottledAsyncChecker.java:schedule(141)) - Scheduling a check for /workdir/hadoop-ozone/integration-test/target/test-dir/MiniOzoneClusterImpl-206d85c3-6704-4dbf-80de-7c3e9cc4f072/datanode-0/data/containers/hdds
2019-10-18 13:01:13,031 [main] INFO  volume.HddsVolumeChecker (HddsVolumeChecker.java:checkAllVolumes(204)) - Scheduled health check for volume /workdir/hadoop-ozone/integration-test/target/test-dir/MiniOzoneClusterImpl-206d85c3-6704-4dbf-80de-7c3e9cc4f072/datanode-0/data/containers/hdds
2019-10-18 13:01:13,137 [main] INFO  impl.RaftServerProxy (ConfUtils.java:logGet(43)) - raft.rpc.type = GRPC (default)
2019-10-18 13:01:13,199 [main] INFO  grpc.GrpcFactory (GrpcFactory.java:checkPooledByteBufAllocatorUseCacheForAllThreads(45)) - PERFORMANCE WARNING: useCacheForAllThreads is true that may cause Netty to create a lot garbage objects and, as a result, trigger GC.
	It is recommended to disable useCacheForAllThreads by setting -Dorg.apache.ratis.thirdparty.io.netty.allocator.useCacheForAllThreads=false in command line.
2019-10-18 13:01:13,205 [main] INFO  grpc.GrpcConfigKeys$Server (ConfUtils.java:logGet(43)) - raft.grpc.server.port = 0 (default)
2019-10-18 13:01:13,206 [main] INFO  server.GrpcService (ConfUtils.java:logGet(43)) - raft.grpc.message.size.max = 33570816 (custom)
2019-10-18 13:01:13,207 [main] INFO  server.RaftServerConfigKeys (ConfUtils.java:logGet(43)) - raft.server.log.appender.buffer.byte-limit = 33554432 (custom)
2019-10-18 13:01:13,208 [main] INFO  server.GrpcService (ConfUtils.java:logGet(43)) - raft.grpc.flow.control.window = 1MB (=1048576) (default)
2019-10-18 13:01:13,208 [main] INFO  server.RaftServerConfigKeys (ConfUtils.java:logGet(43)) - raft.server.rpc.request.timeout = 3000ms (default)
2019-10-18 13:01:13,366 [main] INFO  server.RaftServerConfigKeys (ConfUtils.java:logGet(43)) - raft.server.storage.dir = [/workdir/hadoop-ozone/integration-test/target/test-dir/MiniOzoneClusterImpl-206d85c3-6704-4dbf-80de-7c3e9cc4f072/datanode-0/data/ratis] (custom)
2019-10-18 13:01:13,433 [main] INFO  hdfs.DFSUtil (DFSUtil.java:httpServerTemplateForNNAndJN(1641)) - Starting Web-server for hddsDatanode at: http://0.0.0.0:0
2019-10-18 13:01:13,437 [main] INFO  server.AuthenticationFilter (AuthenticationFilter.java:constructSecretProvider(240)) - Unable to initialize FileSignerSecretProvider, falling back to use random secrets.
2019-10-18 13:01:13,439 [main] WARN  http.HttpRequestLog (HttpRequestLog.java:getRequestLog(97)) - Jetty request log can only be enabled using Log4j
2019-10-18 13:01:13,442 [main] INFO  http.HttpServer2 (HttpServer2.java:addGlobalFilter(975)) - Added global filter 'safety' (class=org.apache.hadoop.http.HttpServer2$QuotingInputFilter)
2019-10-18 13:01:13,443 [main] INFO  http.HttpServer2 (HttpServer2.java:addFilter(948)) - Added filter static_user_filter (class=org.apache.hadoop.http.lib.StaticUserWebFilter$StaticUserFilter) to context hddsDatanode
2019-10-18 13:01:13,443 [main] INFO  http.HttpServer2 (HttpServer2.java:addFilter(958)) - Added filter static_user_filter (class=org.apache.hadoop.http.lib.StaticUserWebFilter$StaticUserFilter) to context static
2019-10-18 13:01:13,443 [main] INFO  http.HttpServer2 (HttpServer2.java:addFilter(958)) - Added filter static_user_filter (class=org.apache.hadoop.http.lib.StaticUserWebFilter$StaticUserFilter) to context logs
2019-10-18 13:01:13,445 [main] INFO  http.HttpServer2 (HttpServer2.java:bindListener(1191)) - Jetty bound to port 38894
2019-10-18 13:01:13,445 [main] INFO  server.Server (Server.java:doStart(351)) - jetty-9.3.25.v20180904, build timestamp: 2018-09-04T21:11:46Z, git hash: 3ce520221d0240229c862b122d2b06c12a625732
2019-10-18 13:01:13,451 [main] INFO  handler.ContextHandler (ContextHandler.java:doStart(781)) - Started o.e.j.s.ServletContextHandler@644ded04{/logs,file:///workdir/hadoop-ozone/integration-test/target/log,AVAILABLE}
2019-10-18 13:01:13,451 [main] INFO  handler.ContextHandler (ContextHandler.java:doStart(781)) - Started o.e.j.s.ServletContextHandler@13d9261f{/static,jar:file:/home/user/.m2/repository/org/apache/hadoop/hadoop-hdds-container-service/0.5.0-SNAPSHOT/hadoop-hdds-container-service-0.5.0-SNAPSHOT.jar!/webapps/static,AVAILABLE}
2019-10-18 13:01:13,489 [main] INFO  handler.ContextHandler (ContextHandler.java:doStart(781)) - Started o.e.j.w.WebAppContext@61cd1c71{/,file:///tmp/jetty-0.0.0.0-38894-hddsDatanode-_-any-1955047162573435808.dir/webapp/,AVAILABLE}{/hddsDatanode}
2019-10-18 13:01:13,490 [main] INFO  server.AbstractConnector (AbstractConnector.java:doStart(278)) - Started ServerConnector@6724cdec{HTTP/1.1,[http/1.1]}{0.0.0.0:38894}
2019-10-18 13:01:13,490 [main] INFO  server.Server (Server.java:doStart(419)) - Started @9344ms
2019-10-18 13:01:13,490 [main] WARN  impl.MetricsSystemImpl (MetricsSystemImpl.java:register(276)) - Sink prometheus already exists!
2019-10-18 13:01:13,491 [main] INFO  server.BaseHttpServer (BaseHttpServer.java:updateConnectorAddress(215)) - HTTP server of HDDSDATANODE is listening at http://0.0.0.0:38894
2019-10-18 13:01:13,493 [main] INFO  impl.MetricsSystemImpl (MetricsSystemImpl.java:init(158)) - HddsDatanode metrics system started (again)
2019-10-18 13:01:13,496 [main] INFO  ozone.HddsDatanodeService (HddsDatanodeService.java:start(184)) - HddsDatanodeService host:pr-hdds-2330-xmbvw-1183399999 ip:192.168.34.56
2019-10-18 13:01:13,499 [org.apache.hadoop.util.JvmPauseMonitor$Monitor@456dce1] INFO  util.JvmPauseMonitor (JvmPauseMonitor.java:run(188)) - Starting JVM pause monitor
2019-10-18 13:01:13,505 [main] INFO  volume.HddsVolume (HddsVolume.java:<init>(176)) - Creating Volume: /workdir/hadoop-ozone/integration-test/target/test-dir/MiniOzoneClusterImpl-206d85c3-6704-4dbf-80de-7c3e9cc4f072/datanode-1/data/containers/hdds of  storage type : DISK and capacity : 1482555576320
2019-10-18 13:01:13,505 [main] INFO  volume.VolumeSet (VolumeSet.java:initializeVolumeSet(170)) - Added Volume : /workdir/hadoop-ozone/integration-test/target/test-dir/MiniOzoneClusterImpl-206d85c3-6704-4dbf-80de-7c3e9cc4f072/datanode-1/data/containers/hdds to VolumeSet
2019-10-18 13:01:13,506 [main] INFO  volume.ThrottledAsyncChecker (ThrottledAsyncChecker.java:schedule(141)) - Scheduling a check for /workdir/hadoop-ozone/integration-test/target/test-dir/MiniOzoneClusterImpl-206d85c3-6704-4dbf-80de-7c3e9cc4f072/datanode-1/data/containers/hdds
2019-10-18 13:01:13,507 [main] INFO  volume.HddsVolumeChecker (HddsVolumeChecker.java:checkAllVolumes(204)) - Scheduled health check for volume /workdir/hadoop-ozone/integration-test/target/test-dir/MiniOzoneClusterImpl-206d85c3-6704-4dbf-80de-7c3e9cc4f072/datanode-1/data/containers/hdds
2019-10-18 13:01:13,525 [main] INFO  impl.RaftServerProxy (ConfUtils.java:logGet(43)) - raft.rpc.type = GRPC (default)
2019-10-18 13:01:13,525 [main] INFO  grpc.GrpcFactory (GrpcFactory.java:checkPooledByteBufAllocatorUseCacheForAllThreads(45)) - PERFORMANCE WARNING: useCacheForAllThreads is true that may cause Netty to create a lot garbage objects and, as a result, trigger GC.
	It is recommended to disable useCacheForAllThreads by setting -Dorg.apache.ratis.thirdparty.io.netty.allocator.useCacheForAllThreads=false in command line.
2019-10-18 13:01:13,525 [main] INFO  grpc.GrpcConfigKeys$Server (ConfUtils.java:logGet(43)) - raft.grpc.server.port = 0 (default)
2019-10-18 13:01:13,526 [main] INFO  server.GrpcService (ConfUtils.java:logGet(43)) - raft.grpc.message.size.max = 33570816 (custom)
2019-10-18 13:01:13,526 [main] INFO  server.RaftServerConfigKeys (ConfUtils.java:logGet(43)) - raft.server.log.appender.buffer.byte-limit = 33554432 (custom)
2019-10-18 13:01:13,526 [main] INFO  server.GrpcService (ConfUtils.java:logGet(43)) - raft.grpc.flow.control.window = 1MB (=1048576) (default)
2019-10-18 13:01:13,526 [main] INFO  server.RaftServerConfigKeys (ConfUtils.java:logGet(43)) - raft.server.rpc.request.timeout = 3000ms (default)
2019-10-18 13:01:13,528 [main] INFO  server.RaftServerConfigKeys (ConfUtils.java:logGet(43)) - raft.server.storage.dir = [/workdir/hadoop-ozone/integration-test/target/test-dir/MiniOzoneClusterImpl-206d85c3-6704-4dbf-80de-7c3e9cc4f072/datanode-1/data/ratis] (custom)
2019-10-18 13:01:13,530 [main] INFO  hdfs.DFSUtil (DFSUtil.java:httpServerTemplateForNNAndJN(1641)) - Starting Web-server for hddsDatanode at: http://0.0.0.0:0
2019-10-18 13:01:13,532 [main] INFO  server.AuthenticationFilter (AuthenticationFilter.java:constructSecretProvider(240)) - Unable to initialize FileSignerSecretProvider, falling back to use random secrets.
2019-10-18 13:01:13,532 [main] WARN  http.HttpRequestLog (HttpRequestLog.java:getRequestLog(97)) - Jetty request log can only be enabled using Log4j
2019-10-18 13:01:13,534 [main] INFO  http.HttpServer2 (HttpServer2.java:addGlobalFilter(975)) - Added global filter 'safety' (class=org.apache.hadoop.http.HttpServer2$QuotingInputFilter)
2019-10-18 13:01:13,534 [main] INFO  http.HttpServer2 (HttpServer2.java:addFilter(948)) - Added filter static_user_filter (class=org.apache.hadoop.http.lib.StaticUserWebFilter$StaticUserFilter) to context hddsDatanode
2019-10-18 13:01:13,535 [main] INFO  http.HttpServer2 (HttpServer2.java:addFilter(958)) - Added filter static_user_filter (class=org.apache.hadoop.http.lib.StaticUserWebFilter$StaticUserFilter) to context logs
2019-10-18 13:01:13,535 [main] INFO  http.HttpServer2 (HttpServer2.java:addFilter(958)) - Added filter static_user_filter (class=org.apache.hadoop.http.lib.StaticUserWebFilter$StaticUserFilter) to context static
2019-10-18 13:01:13,536 [main] INFO  http.HttpServer2 (HttpServer2.java:bindListener(1191)) - Jetty bound to port 35115
2019-10-18 13:01:13,536 [main] INFO  server.Server (Server.java:doStart(351)) - jetty-9.3.25.v20180904, build timestamp: 2018-09-04T21:11:46Z, git hash: 3ce520221d0240229c862b122d2b06c12a625732
2019-10-18 13:01:13,538 [main] INFO  handler.ContextHandler (ContextHandler.java:doStart(781)) - Started o.e.j.s.ServletContextHandler@6a094db2{/logs,file:///workdir/hadoop-ozone/integration-test/target/log,AVAILABLE}
2019-10-18 13:01:13,538 [main] INFO  handler.ContextHandler (ContextHandler.java:doStart(781)) - Started o.e.j.s.ServletContextHandler@1dba4e06{/static,jar:file:/home/user/.m2/repository/org/apache/hadoop/hadoop-hdds-container-service/0.5.0-SNAPSHOT/hadoop-hdds-container-service-0.5.0-SNAPSHOT.jar!/webapps/static,AVAILABLE}
2019-10-18 13:01:13,579 [main] INFO  handler.ContextHandler (ContextHandler.java:doStart(781)) - Started o.e.j.w.WebAppContext@1e58512c{/,file:///tmp/jetty-0.0.0.0-35115-hddsDatanode-_-any-8842945612352325379.dir/webapp/,AVAILABLE}{/hddsDatanode}
2019-10-18 13:01:13,581 [main] INFO  server.AbstractConnector (AbstractConnector.java:doStart(278)) - Started ServerConnector@210308d5{HTTP/1.1,[http/1.1]}{0.0.0.0:35115}
2019-10-18 13:01:13,581 [main] INFO  server.Server (Server.java:doStart(419)) - Started @9435ms
2019-10-18 13:01:13,581 [main] WARN  impl.MetricsSystemImpl (MetricsSystemImpl.java:register(276)) - Sink prometheus already exists!
2019-10-18 13:01:13,583 [main] INFO  server.BaseHttpServer (BaseHttpServer.java:updateConnectorAddress(215)) - HTTP server of HDDSDATANODE is listening at http://0.0.0.0:35115
2019-10-18 13:01:13,584 [main] INFO  impl.MetricsSystemImpl (MetricsSystemImpl.java:init(158)) - HddsDatanode metrics system started (again)
2019-10-18 13:01:13,586 [org.apache.hadoop.util.JvmPauseMonitor$Monitor@647c29bf] INFO  util.JvmPauseMonitor (JvmPauseMonitor.java:run(188)) - Starting JVM pause monitor
2019-10-18 13:01:13,588 [main] INFO  ozone.HddsDatanodeService (HddsDatanodeService.java:start(184)) - HddsDatanodeService host:pr-hdds-2330-xmbvw-1183399999 ip:192.168.34.56
2019-10-18 13:01:13,596 [main] INFO  volume.HddsVolume (HddsVolume.java:<init>(176)) - Creating Volume: /workdir/hadoop-ozone/integration-test/target/test-dir/MiniOzoneClusterImpl-206d85c3-6704-4dbf-80de-7c3e9cc4f072/datanode-2/data/containers/hdds of  storage type : DISK and capacity : 1482555576320
2019-10-18 13:01:13,596 [main] INFO  volume.VolumeSet (VolumeSet.java:initializeVolumeSet(170)) - Added Volume : /workdir/hadoop-ozone/integration-test/target/test-dir/MiniOzoneClusterImpl-206d85c3-6704-4dbf-80de-7c3e9cc4f072/datanode-2/data/containers/hdds to VolumeSet
2019-10-18 13:01:13,597 [main] INFO  volume.ThrottledAsyncChecker (ThrottledAsyncChecker.java:schedule(141)) - Scheduling a check for /workdir/hadoop-ozone/integration-test/target/test-dir/MiniOzoneClusterImpl-206d85c3-6704-4dbf-80de-7c3e9cc4f072/datanode-2/data/containers/hdds
2019-10-18 13:01:13,598 [main] INFO  volume.HddsVolumeChecker (HddsVolumeChecker.java:checkAllVolumes(204)) - Scheduled health check for volume /workdir/hadoop-ozone/integration-test/target/test-dir/MiniOzoneClusterImpl-206d85c3-6704-4dbf-80de-7c3e9cc4f072/datanode-2/data/containers/hdds
2019-10-18 13:01:13,619 [Datanode State Machine Thread - 0] INFO  datanode.InitDatanodeState (InitDatanodeState.java:persistContainerDatanodeDetails(140)) - DatanodeDetails is persisted to /workdir/hadoop-ozone/integration-test/target/test-dir/MiniOzoneClusterImpl-206d85c3-6704-4dbf-80de-7c3e9cc4f072/datanode-0/meta/datanode.id
2019-10-18 13:01:13,619 [main] INFO  impl.RaftServerProxy (ConfUtils.java:logGet(43)) - raft.rpc.type = GRPC (default)
2019-10-18 13:01:13,620 [main] INFO  grpc.GrpcFactory (GrpcFactory.java:checkPooledByteBufAllocatorUseCacheForAllThreads(45)) - PERFORMANCE WARNING: useCacheForAllThreads is true that may cause Netty to create a lot garbage objects and, as a result, trigger GC.
	It is recommended to disable useCacheForAllThreads by setting -Dorg.apache.ratis.thirdparty.io.netty.allocator.useCacheForAllThreads=false in command line.
2019-10-18 13:01:13,621 [main] INFO  grpc.GrpcConfigKeys$Server (ConfUtils.java:logGet(43)) - raft.grpc.server.port = 0 (default)
2019-10-18 13:01:13,621 [main] INFO  server.GrpcService (ConfUtils.java:logGet(43)) - raft.grpc.message.size.max = 33570816 (custom)
2019-10-18 13:01:13,621 [main] INFO  server.RaftServerConfigKeys (ConfUtils.java:logGet(43)) - raft.server.log.appender.buffer.byte-limit = 33554432 (custom)
2019-10-18 13:01:13,621 [Datanode State Machine Thread - 0] INFO  datanode.InitDatanodeState (InitDatanodeState.java:persistContainerDatanodeDetails(140)) - DatanodeDetails is persisted to /workdir/hadoop-ozone/integration-test/target/test-dir/MiniOzoneClusterImpl-206d85c3-6704-4dbf-80de-7c3e9cc4f072/datanode-1/meta/datanode.id
2019-10-18 13:01:13,622 [main] INFO  server.GrpcService (ConfUtils.java:logGet(43)) - raft.grpc.flow.control.window = 1MB (=1048576) (default)
2019-10-18 13:01:13,622 [main] INFO  server.RaftServerConfigKeys (ConfUtils.java:logGet(43)) - raft.server.rpc.request.timeout = 3000ms (default)
2019-10-18 13:01:13,623 [main] INFO  server.RaftServerConfigKeys (ConfUtils.java:logGet(43)) - raft.server.storage.dir = [/workdir/hadoop-ozone/integration-test/target/test-dir/MiniOzoneClusterImpl-206d85c3-6704-4dbf-80de-7c3e9cc4f072/datanode-2/data/ratis] (custom)
2019-10-18 13:01:13,626 [main] INFO  hdfs.DFSUtil (DFSUtil.java:httpServerTemplateForNNAndJN(1641)) - Starting Web-server for hddsDatanode at: http://0.0.0.0:0
2019-10-18 13:01:13,627 [main] INFO  server.AuthenticationFilter (AuthenticationFilter.java:constructSecretProvider(240)) - Unable to initialize FileSignerSecretProvider, falling back to use random secrets.
2019-10-18 13:01:13,628 [main] WARN  http.HttpRequestLog (HttpRequestLog.java:getRequestLog(97)) - Jetty request log can only be enabled using Log4j
2019-10-18 13:01:13,630 [main] INFO  http.HttpServer2 (HttpServer2.java:addGlobalFilter(975)) - Added global filter 'safety' (class=org.apache.hadoop.http.HttpServer2$QuotingInputFilter)
2019-10-18 13:01:13,631 [main] INFO  http.HttpServer2 (HttpServer2.java:addFilter(948)) - Added filter static_user_filter (class=org.apache.hadoop.http.lib.StaticUserWebFilter$StaticUserFilter) to context hddsDatanode
2019-10-18 13:01:13,631 [main] INFO  http.HttpServer2 (HttpServer2.java:addFilter(958)) - Added filter static_user_filter (class=org.apache.hadoop.http.lib.StaticUserWebFilter$StaticUserFilter) to context static
2019-10-18 13:01:13,631 [main] INFO  http.HttpServer2 (HttpServer2.java:addFilter(958)) - Added filter static_user_filter (class=org.apache.hadoop.http.lib.StaticUserWebFilter$StaticUserFilter) to context logs
2019-10-18 13:01:13,632 [main] INFO  http.HttpServer2 (HttpServer2.java:bindListener(1191)) - Jetty bound to port 36833
2019-10-18 13:01:13,633 [main] INFO  server.Server (Server.java:doStart(351)) - jetty-9.3.25.v20180904, build timestamp: 2018-09-04T21:11:46Z, git hash: 3ce520221d0240229c862b122d2b06c12a625732
2019-10-18 13:01:13,636 [main] INFO  handler.ContextHandler (ContextHandler.java:doStart(781)) - Started o.e.j.s.ServletContextHandler@d109c4f{/logs,file:///workdir/hadoop-ozone/integration-test/target/log,AVAILABLE}
2019-10-18 13:01:13,636 [main] INFO  handler.ContextHandler (ContextHandler.java:doStart(781)) - Started o.e.j.s.ServletContextHandler@26f46fa6{/static,jar:file:/home/user/.m2/repository/org/apache/hadoop/hadoop-hdds-container-service/0.5.0-SNAPSHOT/hadoop-hdds-container-service-0.5.0-SNAPSHOT.jar!/webapps/static,AVAILABLE}
2019-10-18 13:01:13,672 [main] INFO  handler.ContextHandler (ContextHandler.java:doStart(781)) - Started o.e.j.w.WebAppContext@4c6007fb{/,file:///tmp/jetty-0.0.0.0-36833-hddsDatanode-_-any-2840553693362502703.dir/webapp/,AVAILABLE}{/hddsDatanode}
2019-10-18 13:01:13,673 [main] INFO  server.AbstractConnector (AbstractConnector.java:doStart(278)) - Started ServerConnector@3e33d73e{HTTP/1.1,[http/1.1]}{0.0.0.0:36833}
2019-10-18 13:01:13,674 [main] INFO  server.Server (Server.java:doStart(419)) - Started @9528ms
2019-10-18 13:01:13,674 [main] WARN  impl.MetricsSystemImpl (MetricsSystemImpl.java:register(276)) - Sink prometheus already exists!
2019-10-18 13:01:13,675 [main] INFO  server.BaseHttpServer (BaseHttpServer.java:updateConnectorAddress(215)) - HTTP server of HDDSDATANODE is listening at http://0.0.0.0:36833
2019-10-18 13:01:13,675 [main] INFO  impl.MetricsSystemImpl (MetricsSystemImpl.java:init(158)) - HddsDatanode metrics system started (again)
2019-10-18 13:01:13,678 [main] INFO  ozone.HddsDatanodeService (HddsDatanodeService.java:start(184)) - HddsDatanodeService host:pr-hdds-2330-xmbvw-1183399999 ip:192.168.34.56
2019-10-18 13:01:13,678 [org.apache.hadoop.util.JvmPauseMonitor$Monitor@12705cf0] INFO  util.JvmPauseMonitor (JvmPauseMonitor.java:run(188)) - Starting JVM pause monitor
2019-10-18 13:01:13,681 [Datanode State Machine Thread - 0] INFO  datanode.InitDatanodeState (InitDatanodeState.java:persistContainerDatanodeDetails(140)) - DatanodeDetails is persisted to /workdir/hadoop-ozone/integration-test/target/test-dir/MiniOzoneClusterImpl-206d85c3-6704-4dbf-80de-7c3e9cc4f072/datanode-2/meta/datanode.id
2019-10-18 13:01:13,688 [main] INFO  volume.HddsVolume (HddsVolume.java:<init>(176)) - Creating Volume: /workdir/hadoop-ozone/integration-test/target/test-dir/MiniOzoneClusterImpl-206d85c3-6704-4dbf-80de-7c3e9cc4f072/datanode-3/data/containers/hdds of  storage type : DISK and capacity : 1482555576320
2019-10-18 13:01:13,688 [main] INFO  volume.VolumeSet (VolumeSet.java:initializeVolumeSet(170)) - Added Volume : /workdir/hadoop-ozone/integration-test/target/test-dir/MiniOzoneClusterImpl-206d85c3-6704-4dbf-80de-7c3e9cc4f072/datanode-3/data/containers/hdds to VolumeSet
2019-10-18 13:01:13,688 [main] INFO  volume.ThrottledAsyncChecker (ThrottledAsyncChecker.java:schedule(141)) - Scheduling a check for /workdir/hadoop-ozone/integration-test/target/test-dir/MiniOzoneClusterImpl-206d85c3-6704-4dbf-80de-7c3e9cc4f072/datanode-3/data/containers/hdds
2019-10-18 13:01:13,689 [main] INFO  volume.HddsVolumeChecker (HddsVolumeChecker.java:checkAllVolumes(204)) - Scheduled health check for volume /workdir/hadoop-ozone/integration-test/target/test-dir/MiniOzoneClusterImpl-206d85c3-6704-4dbf-80de-7c3e9cc4f072/datanode-3/data/containers/hdds
2019-10-18 13:01:13,703 [main] INFO  impl.RaftServerProxy (ConfUtils.java:logGet(43)) - raft.rpc.type = GRPC (default)
2019-10-18 13:01:13,703 [main] INFO  grpc.GrpcFactory (GrpcFactory.java:checkPooledByteBufAllocatorUseCacheForAllThreads(45)) - PERFORMANCE WARNING: useCacheForAllThreads is true that may cause Netty to create a lot garbage objects and, as a result, trigger GC.
	It is recommended to disable useCacheForAllThreads by setting -Dorg.apache.ratis.thirdparty.io.netty.allocator.useCacheForAllThreads=false in command line.
2019-10-18 13:01:13,703 [main] INFO  grpc.GrpcConfigKeys$Server (ConfUtils.java:logGet(43)) - raft.grpc.server.port = 0 (default)
2019-10-18 13:01:13,703 [main] INFO  server.GrpcService (ConfUtils.java:logGet(43)) - raft.grpc.message.size.max = 33570816 (custom)
2019-10-18 13:01:13,704 [main] INFO  server.RaftServerConfigKeys (ConfUtils.java:logGet(43)) - raft.server.log.appender.buffer.byte-limit = 33554432 (custom)
2019-10-18 13:01:13,704 [main] INFO  server.GrpcService (ConfUtils.java:logGet(43)) - raft.grpc.flow.control.window = 1MB (=1048576) (default)
2019-10-18 13:01:13,704 [main] INFO  server.RaftServerConfigKeys (ConfUtils.java:logGet(43)) - raft.server.rpc.request.timeout = 3000ms (default)
2019-10-18 13:01:13,705 [main] INFO  server.RaftServerConfigKeys (ConfUtils.java:logGet(43)) - raft.server.storage.dir = [/workdir/hadoop-ozone/integration-test/target/test-dir/MiniOzoneClusterImpl-206d85c3-6704-4dbf-80de-7c3e9cc4f072/datanode-3/data/ratis] (custom)
2019-10-18 13:01:13,707 [main] INFO  hdfs.DFSUtil (DFSUtil.java:httpServerTemplateForNNAndJN(1641)) - Starting Web-server for hddsDatanode at: http://0.0.0.0:0
2019-10-18 13:01:13,708 [main] INFO  server.AuthenticationFilter (AuthenticationFilter.java:constructSecretProvider(240)) - Unable to initialize FileSignerSecretProvider, falling back to use random secrets.
2019-10-18 13:01:13,709 [main] WARN  http.HttpRequestLog (HttpRequestLog.java:getRequestLog(97)) - Jetty request log can only be enabled using Log4j
2019-10-18 13:01:13,710 [main] INFO  http.HttpServer2 (HttpServer2.java:addGlobalFilter(975)) - Added global filter 'safety' (class=org.apache.hadoop.http.HttpServer2$QuotingInputFilter)
2019-10-18 13:01:13,711 [main] INFO  http.HttpServer2 (HttpServer2.java:addFilter(948)) - Added filter static_user_filter (class=org.apache.hadoop.http.lib.StaticUserWebFilter$StaticUserFilter) to context hddsDatanode
2019-10-18 13:01:13,711 [main] INFO  http.HttpServer2 (HttpServer2.java:addFilter(958)) - Added filter static_user_filter (class=org.apache.hadoop.http.lib.StaticUserWebFilter$StaticUserFilter) to context logs
2019-10-18 13:01:13,711 [main] INFO  http.HttpServer2 (HttpServer2.java:addFilter(958)) - Added filter static_user_filter (class=org.apache.hadoop.http.lib.StaticUserWebFilter$StaticUserFilter) to context static
2019-10-18 13:01:13,712 [main] INFO  http.HttpServer2 (HttpServer2.java:bindListener(1191)) - Jetty bound to port 35488
2019-10-18 13:01:13,712 [main] INFO  server.Server (Server.java:doStart(351)) - jetty-9.3.25.v20180904, build timestamp: 2018-09-04T21:11:46Z, git hash: 3ce520221d0240229c862b122d2b06c12a625732
2019-10-18 13:01:13,714 [main] INFO  handler.ContextHandler (ContextHandler.java:doStart(781)) - Started o.e.j.s.ServletContextHandler@4b200971{/logs,file:///workdir/hadoop-ozone/integration-test/target/log,AVAILABLE}
2019-10-18 13:01:13,714 [main] INFO  handler.ContextHandler (ContextHandler.java:doStart(781)) - Started o.e.j.s.ServletContextHandler@68d7a2df{/static,jar:file:/home/user/.m2/repository/org/apache/hadoop/hadoop-hdds-container-service/0.5.0-SNAPSHOT/hadoop-hdds-container-service-0.5.0-SNAPSHOT.jar!/webapps/static,AVAILABLE}
2019-10-18 13:01:13,746 [main] INFO  handler.ContextHandler (ContextHandler.java:doStart(781)) - Started o.e.j.w.WebAppContext@4da6d664{/,file:///tmp/jetty-0.0.0.0-35488-hddsDatanode-_-any-5650902946093364605.dir/webapp/,AVAILABLE}{/hddsDatanode}
2019-10-18 13:01:13,747 [main] INFO  server.AbstractConnector (AbstractConnector.java:doStart(278)) - Started ServerConnector@5e5af8e1{HTTP/1.1,[http/1.1]}{0.0.0.0:35488}
2019-10-18 13:01:13,747 [main] INFO  server.Server (Server.java:doStart(419)) - Started @9601ms
2019-10-18 13:01:13,747 [main] WARN  impl.MetricsSystemImpl (MetricsSystemImpl.java:register(276)) - Sink prometheus already exists!
2019-10-18 13:01:13,748 [main] INFO  server.BaseHttpServer (BaseHttpServer.java:updateConnectorAddress(215)) - HTTP server of HDDSDATANODE is listening at http://0.0.0.0:35488
2019-10-18 13:01:13,749 [main] INFO  impl.MetricsSystemImpl (MetricsSystemImpl.java:init(158)) - HddsDatanode metrics system started (again)
2019-10-18 13:01:13,752 [org.apache.hadoop.util.JvmPauseMonitor$Monitor@689da83f] INFO  util.JvmPauseMonitor (JvmPauseMonitor.java:run(188)) - Starting JVM pause monitor
2019-10-18 13:01:13,752 [main] INFO  ozone.HddsDatanodeService (HddsDatanodeService.java:start(184)) - HddsDatanodeService host:pr-hdds-2330-xmbvw-1183399999 ip:192.168.34.56
2019-10-18 13:01:13,754 [Datanode State Machine Thread - 0] INFO  datanode.InitDatanodeState (InitDatanodeState.java:persistContainerDatanodeDetails(140)) - DatanodeDetails is persisted to /workdir/hadoop-ozone/integration-test/target/test-dir/MiniOzoneClusterImpl-206d85c3-6704-4dbf-80de-7c3e9cc4f072/datanode-3/meta/datanode.id
2019-10-18 13:01:13,759 [main] INFO  volume.HddsVolume (HddsVolume.java:<init>(176)) - Creating Volume: /workdir/hadoop-ozone/integration-test/target/test-dir/MiniOzoneClusterImpl-206d85c3-6704-4dbf-80de-7c3e9cc4f072/datanode-4/data/containers/hdds of  storage type : DISK and capacity : 1482555576320
2019-10-18 13:01:13,760 [main] INFO  volume.VolumeSet (VolumeSet.java:initializeVolumeSet(170)) - Added Volume : /workdir/hadoop-ozone/integration-test/target/test-dir/MiniOzoneClusterImpl-206d85c3-6704-4dbf-80de-7c3e9cc4f072/datanode-4/data/containers/hdds to VolumeSet
2019-10-18 13:01:13,760 [main] INFO  volume.ThrottledAsyncChecker (ThrottledAsyncChecker.java:schedule(141)) - Scheduling a check for /workdir/hadoop-ozone/integration-test/target/test-dir/MiniOzoneClusterImpl-206d85c3-6704-4dbf-80de-7c3e9cc4f072/datanode-4/data/containers/hdds
2019-10-18 13:01:13,760 [main] INFO  volume.HddsVolumeChecker (HddsVolumeChecker.java:checkAllVolumes(204)) - Scheduled health check for volume /workdir/hadoop-ozone/integration-test/target/test-dir/MiniOzoneClusterImpl-206d85c3-6704-4dbf-80de-7c3e9cc4f072/datanode-4/data/containers/hdds
2019-10-18 13:01:13,775 [main] INFO  impl.RaftServerProxy (ConfUtils.java:logGet(43)) - raft.rpc.type = GRPC (default)
2019-10-18 13:01:13,776 [main] INFO  grpc.GrpcFactory (GrpcFactory.java:checkPooledByteBufAllocatorUseCacheForAllThreads(45)) - PERFORMANCE WARNING: useCacheForAllThreads is true that may cause Netty to create a lot garbage objects and, as a result, trigger GC.
	It is recommended to disable useCacheForAllThreads by setting -Dorg.apache.ratis.thirdparty.io.netty.allocator.useCacheForAllThreads=false in command line.
2019-10-18 13:01:13,776 [main] INFO  grpc.GrpcConfigKeys$Server (ConfUtils.java:logGet(43)) - raft.grpc.server.port = 0 (default)
2019-10-18 13:01:13,776 [main] INFO  server.GrpcService (ConfUtils.java:logGet(43)) - raft.grpc.message.size.max = 33570816 (custom)
2019-10-18 13:01:13,776 [main] INFO  server.RaftServerConfigKeys (ConfUtils.java:logGet(43)) - raft.server.log.appender.buffer.byte-limit = 33554432 (custom)
2019-10-18 13:01:13,777 [main] INFO  server.GrpcService (ConfUtils.java:logGet(43)) - raft.grpc.flow.control.window = 1MB (=1048576) (default)
2019-10-18 13:01:13,777 [main] INFO  server.RaftServerConfigKeys (ConfUtils.java:logGet(43)) - raft.server.rpc.request.timeout = 3000ms (default)
2019-10-18 13:01:13,777 [main] INFO  server.RaftServerConfigKeys (ConfUtils.java:logGet(43)) - raft.server.storage.dir = [/workdir/hadoop-ozone/integration-test/target/test-dir/MiniOzoneClusterImpl-206d85c3-6704-4dbf-80de-7c3e9cc4f072/datanode-4/data/ratis] (custom)
2019-10-18 13:01:13,780 [main] INFO  hdfs.DFSUtil (DFSUtil.java:httpServerTemplateForNNAndJN(1641)) - Starting Web-server for hddsDatanode at: http://0.0.0.0:0
2019-10-18 13:01:13,781 [main] INFO  server.AuthenticationFilter (AuthenticationFilter.java:constructSecretProvider(240)) - Unable to initialize FileSignerSecretProvider, falling back to use random secrets.
2019-10-18 13:01:13,782 [main] WARN  http.HttpRequestLog (HttpRequestLog.java:getRequestLog(97)) - Jetty request log can only be enabled using Log4j
2019-10-18 13:01:13,784 [main] INFO  http.HttpServer2 (HttpServer2.java:addGlobalFilter(975)) - Added global filter 'safety' (class=org.apache.hadoop.http.HttpServer2$QuotingInputFilter)
2019-10-18 13:01:13,785 [main] INFO  http.HttpServer2 (HttpServer2.java:addFilter(948)) - Added filter static_user_filter (class=org.apache.hadoop.http.lib.StaticUserWebFilter$StaticUserFilter) to context hddsDatanode
2019-10-18 13:01:13,785 [main] INFO  http.HttpServer2 (HttpServer2.java:addFilter(958)) - Added filter static_user_filter (class=org.apache.hadoop.http.lib.StaticUserWebFilter$StaticUserFilter) to context static
2019-10-18 13:01:13,785 [main] INFO  http.HttpServer2 (HttpServer2.java:addFilter(958)) - Added filter static_user_filter (class=org.apache.hadoop.http.lib.StaticUserWebFilter$StaticUserFilter) to context logs
2019-10-18 13:01:13,786 [main] INFO  http.HttpServer2 (HttpServer2.java:bindListener(1191)) - Jetty bound to port 35469
2019-10-18 13:01:13,786 [main] INFO  server.Server (Server.java:doStart(351)) - jetty-9.3.25.v20180904, build timestamp: 2018-09-04T21:11:46Z, git hash: 3ce520221d0240229c862b122d2b06c12a625732
2019-10-18 13:01:13,788 [main] INFO  handler.ContextHandler (ContextHandler.java:doStart(781)) - Started o.e.j.s.ServletContextHandler@712cfb63{/logs,file:///workdir/hadoop-ozone/integration-test/target/log,AVAILABLE}
2019-10-18 13:01:13,789 [main] INFO  handler.ContextHandler (ContextHandler.java:doStart(781)) - Started o.e.j.s.ServletContextHandler@15639440{/static,jar:file:/home/user/.m2/repository/org/apache/hadoop/hadoop-hdds-container-service/0.5.0-SNAPSHOT/hadoop-hdds-container-service-0.5.0-SNAPSHOT.jar!/webapps/static,AVAILABLE}
2019-10-18 13:01:13,828 [main] INFO  handler.ContextHandler (ContextHandler.java:doStart(781)) - Started o.e.j.w.WebAppContext@5a6fa56e{/,file:///tmp/jetty-0.0.0.0-35469-hddsDatanode-_-any-5653574524536428343.dir/webapp/,AVAILABLE}{/hddsDatanode}
2019-10-18 13:01:13,830 [main] INFO  server.AbstractConnector (AbstractConnector.java:doStart(278)) - Started ServerConnector@1981d861{HTTP/1.1,[http/1.1]}{0.0.0.0:35469}
2019-10-18 13:01:13,830 [main] INFO  server.Server (Server.java:doStart(419)) - Started @9684ms
2019-10-18 13:01:13,830 [main] WARN  impl.MetricsSystemImpl (MetricsSystemImpl.java:register(276)) - Sink prometheus already exists!
2019-10-18 13:01:13,831 [main] INFO  server.BaseHttpServer (BaseHttpServer.java:updateConnectorAddress(215)) - HTTP server of HDDSDATANODE is listening at http://0.0.0.0:35469
2019-10-18 13:01:13,832 [main] INFO  impl.MetricsSystemImpl (MetricsSystemImpl.java:init(158)) - HddsDatanode metrics system started (again)
2019-10-18 13:01:13,835 [org.apache.hadoop.util.JvmPauseMonitor$Monitor@7f5c3467] INFO  util.JvmPauseMonitor (JvmPauseMonitor.java:run(188)) - Starting JVM pause monitor
2019-10-18 13:01:13,835 [main] INFO  ozone.HddsDatanodeService (HddsDatanodeService.java:start(184)) - HddsDatanodeService host:pr-hdds-2330-xmbvw-1183399999 ip:192.168.34.56
2019-10-18 13:01:13,837 [Datanode State Machine Thread - 0] INFO  datanode.InitDatanodeState (InitDatanodeState.java:persistContainerDatanodeDetails(140)) - DatanodeDetails is persisted to /workdir/hadoop-ozone/integration-test/target/test-dir/MiniOzoneClusterImpl-206d85c3-6704-4dbf-80de-7c3e9cc4f072/datanode-4/meta/datanode.id
2019-10-18 13:01:13,842 [main] INFO  volume.HddsVolume (HddsVolume.java:<init>(176)) - Creating Volume: /workdir/hadoop-ozone/integration-test/target/test-dir/MiniOzoneClusterImpl-206d85c3-6704-4dbf-80de-7c3e9cc4f072/datanode-5/data/containers/hdds of  storage type : DISK and capacity : 1482555576320
2019-10-18 13:01:13,842 [main] INFO  volume.VolumeSet (VolumeSet.java:initializeVolumeSet(170)) - Added Volume : /workdir/hadoop-ozone/integration-test/target/test-dir/MiniOzoneClusterImpl-206d85c3-6704-4dbf-80de-7c3e9cc4f072/datanode-5/data/containers/hdds to VolumeSet
2019-10-18 13:01:13,842 [main] INFO  volume.ThrottledAsyncChecker (ThrottledAsyncChecker.java:schedule(141)) - Scheduling a check for /workdir/hadoop-ozone/integration-test/target/test-dir/MiniOzoneClusterImpl-206d85c3-6704-4dbf-80de-7c3e9cc4f072/datanode-5/data/containers/hdds
2019-10-18 13:01:13,843 [main] INFO  volume.HddsVolumeChecker (HddsVolumeChecker.java:checkAllVolumes(204)) - Scheduled health check for volume /workdir/hadoop-ozone/integration-test/target/test-dir/MiniOzoneClusterImpl-206d85c3-6704-4dbf-80de-7c3e9cc4f072/datanode-5/data/containers/hdds
2019-10-18 13:01:13,861 [main] INFO  impl.RaftServerProxy (ConfUtils.java:logGet(43)) - raft.rpc.type = GRPC (default)
2019-10-18 13:01:13,862 [main] INFO  grpc.GrpcFactory (GrpcFactory.java:checkPooledByteBufAllocatorUseCacheForAllThreads(45)) - PERFORMANCE WARNING: useCacheForAllThreads is true that may cause Netty to create a lot garbage objects and, as a result, trigger GC.
	It is recommended to disable useCacheForAllThreads by setting -Dorg.apache.ratis.thirdparty.io.netty.allocator.useCacheForAllThreads=false in command line.
2019-10-18 13:01:13,862 [main] INFO  grpc.GrpcConfigKeys$Server (ConfUtils.java:logGet(43)) - raft.grpc.server.port = 0 (default)
2019-10-18 13:01:13,862 [main] INFO  server.GrpcService (ConfUtils.java:logGet(43)) - raft.grpc.message.size.max = 33570816 (custom)
2019-10-18 13:01:13,862 [main] INFO  server.RaftServerConfigKeys (ConfUtils.java:logGet(43)) - raft.server.log.appender.buffer.byte-limit = 33554432 (custom)
2019-10-18 13:01:13,862 [main] INFO  server.GrpcService (ConfUtils.java:logGet(43)) - raft.grpc.flow.control.window = 1MB (=1048576) (default)
2019-10-18 13:01:13,863 [main] INFO  server.RaftServerConfigKeys (ConfUtils.java:logGet(43)) - raft.server.rpc.request.timeout = 3000ms (default)
2019-10-18 13:01:13,863 [main] INFO  server.RaftServerConfigKeys (ConfUtils.java:logGet(43)) - raft.server.storage.dir = [/workdir/hadoop-ozone/integration-test/target/test-dir/MiniOzoneClusterImpl-206d85c3-6704-4dbf-80de-7c3e9cc4f072/datanode-5/data/ratis] (custom)
2019-10-18 13:01:13,865 [main] INFO  hdfs.DFSUtil (DFSUtil.java:httpServerTemplateForNNAndJN(1641)) - Starting Web-server for hddsDatanode at: http://0.0.0.0:0
2019-10-18 13:01:13,867 [main] INFO  server.AuthenticationFilter (AuthenticationFilter.java:constructSecretProvider(240)) - Unable to initialize FileSignerSecretProvider, falling back to use random secrets.
2019-10-18 13:01:13,867 [main] WARN  http.HttpRequestLog (HttpRequestLog.java:getRequestLog(97)) - Jetty request log can only be enabled using Log4j
2019-10-18 13:01:13,869 [main] INFO  http.HttpServer2 (HttpServer2.java:addGlobalFilter(975)) - Added global filter 'safety' (class=org.apache.hadoop.http.HttpServer2$QuotingInputFilter)
2019-10-18 13:01:13,869 [main] INFO  http.HttpServer2 (HttpServer2.java:addFilter(948)) - Added filter static_user_filter (class=org.apache.hadoop.http.lib.StaticUserWebFilter$StaticUserFilter) to context hddsDatanode
2019-10-18 13:01:13,870 [main] INFO  http.HttpServer2 (HttpServer2.java:addFilter(958)) - Added filter static_user_filter (class=org.apache.hadoop.http.lib.StaticUserWebFilter$StaticUserFilter) to context logs
2019-10-18 13:01:13,870 [main] INFO  http.HttpServer2 (HttpServer2.java:addFilter(958)) - Added filter static_user_filter (class=org.apache.hadoop.http.lib.StaticUserWebFilter$StaticUserFilter) to context static
2019-10-18 13:01:13,871 [main] INFO  http.HttpServer2 (HttpServer2.java:bindListener(1191)) - Jetty bound to port 36681
2019-10-18 13:01:13,871 [main] INFO  server.Server (Server.java:doStart(351)) - jetty-9.3.25.v20180904, build timestamp: 2018-09-04T21:11:46Z, git hash: 3ce520221d0240229c862b122d2b06c12a625732
2019-10-18 13:01:13,873 [main] INFO  handler.ContextHandler (ContextHandler.java:doStart(781)) - Started o.e.j.s.ServletContextHandler@72f9f27c{/logs,file:///workdir/hadoop-ozone/integration-test/target/log,AVAILABLE}
2019-10-18 13:01:13,873 [main] INFO  handler.ContextHandler (ContextHandler.java:doStart(781)) - Started o.e.j.s.ServletContextHandler@762637be{/static,jar:file:/home/user/.m2/repository/org/apache/hadoop/hadoop-hdds-container-service/0.5.0-SNAPSHOT/hadoop-hdds-container-service-0.5.0-SNAPSHOT.jar!/webapps/static,AVAILABLE}
2019-10-18 13:01:13,907 [main] INFO  handler.ContextHandler (ContextHandler.java:doStart(781)) - Started o.e.j.w.WebAppContext@7fb29ca9{/,file:///tmp/jetty-0.0.0.0-36681-hddsDatanode-_-any-118758148974981473.dir/webapp/,AVAILABLE}{/hddsDatanode}
2019-10-18 13:01:13,909 [main] INFO  server.AbstractConnector (AbstractConnector.java:doStart(278)) - Started ServerConnector@1e253c9d{HTTP/1.1,[http/1.1]}{0.0.0.0:36681}
2019-10-18 13:01:13,909 [main] INFO  server.Server (Server.java:doStart(419)) - Started @9763ms
2019-10-18 13:01:13,909 [main] WARN  impl.MetricsSystemImpl (MetricsSystemImpl.java:register(276)) - Sink prometheus already exists!
2019-10-18 13:01:13,911 [main] INFO  server.BaseHttpServer (BaseHttpServer.java:updateConnectorAddress(215)) - HTTP server of HDDSDATANODE is listening at http://0.0.0.0:36681
2019-10-18 13:01:13,911 [main] INFO  impl.MetricsSystemImpl (MetricsSystemImpl.java:init(158)) - HddsDatanode metrics system started (again)
2019-10-18 13:01:13,914 [org.apache.hadoop.util.JvmPauseMonitor$Monitor@46f2a12c] INFO  util.JvmPauseMonitor (JvmPauseMonitor.java:run(188)) - Starting JVM pause monitor
2019-10-18 13:01:13,915 [main] INFO  ozone.HddsDatanodeService (HddsDatanodeService.java:start(184)) - HddsDatanodeService host:pr-hdds-2330-xmbvw-1183399999 ip:192.168.34.56
2019-10-18 13:01:13,916 [Datanode State Machine Thread - 0] INFO  datanode.InitDatanodeState (InitDatanodeState.java:persistContainerDatanodeDetails(140)) - DatanodeDetails is persisted to /workdir/hadoop-ozone/integration-test/target/test-dir/MiniOzoneClusterImpl-206d85c3-6704-4dbf-80de-7c3e9cc4f072/datanode-5/meta/datanode.id
2019-10-18 13:01:13,925 [main] INFO  volume.HddsVolume (HddsVolume.java:<init>(176)) - Creating Volume: /workdir/hadoop-ozone/integration-test/target/test-dir/MiniOzoneClusterImpl-206d85c3-6704-4dbf-80de-7c3e9cc4f072/datanode-6/data/containers/hdds of  storage type : DISK and capacity : 1482555576320
2019-10-18 13:01:13,925 [main] INFO  volume.VolumeSet (VolumeSet.java:initializeVolumeSet(170)) - Added Volume : /workdir/hadoop-ozone/integration-test/target/test-dir/MiniOzoneClusterImpl-206d85c3-6704-4dbf-80de-7c3e9cc4f072/datanode-6/data/containers/hdds to VolumeSet
2019-10-18 13:01:13,925 [main] INFO  volume.ThrottledAsyncChecker (ThrottledAsyncChecker.java:schedule(141)) - Scheduling a check for /workdir/hadoop-ozone/integration-test/target/test-dir/MiniOzoneClusterImpl-206d85c3-6704-4dbf-80de-7c3e9cc4f072/datanode-6/data/containers/hdds
2019-10-18 13:01:13,926 [main] INFO  volume.HddsVolumeChecker (HddsVolumeChecker.java:checkAllVolumes(204)) - Scheduled health check for volume /workdir/hadoop-ozone/integration-test/target/test-dir/MiniOzoneClusterImpl-206d85c3-6704-4dbf-80de-7c3e9cc4f072/datanode-6/data/containers/hdds
2019-10-18 13:01:13,948 [main] INFO  impl.RaftServerProxy (ConfUtils.java:logGet(43)) - raft.rpc.type = GRPC (default)
2019-10-18 13:01:13,948 [main] INFO  grpc.GrpcFactory (GrpcFactory.java:checkPooledByteBufAllocatorUseCacheForAllThreads(45)) - PERFORMANCE WARNING: useCacheForAllThreads is true that may cause Netty to create a lot garbage objects and, as a result, trigger GC.
	It is recommended to disable useCacheForAllThreads by setting -Dorg.apache.ratis.thirdparty.io.netty.allocator.useCacheForAllThreads=false in command line.
2019-10-18 13:01:13,948 [main] INFO  grpc.GrpcConfigKeys$Server (ConfUtils.java:logGet(43)) - raft.grpc.server.port = 0 (default)
2019-10-18 13:01:13,949 [main] INFO  server.GrpcService (ConfUtils.java:logGet(43)) - raft.grpc.message.size.max = 33570816 (custom)
2019-10-18 13:01:13,949 [main] INFO  server.RaftServerConfigKeys (ConfUtils.java:logGet(43)) - raft.server.log.appender.buffer.byte-limit = 33554432 (custom)
2019-10-18 13:01:13,949 [main] INFO  server.GrpcService (ConfUtils.java:logGet(43)) - raft.grpc.flow.control.window = 1MB (=1048576) (default)
2019-10-18 13:01:13,950 [main] INFO  server.RaftServerConfigKeys (ConfUtils.java:logGet(43)) - raft.server.rpc.request.timeout = 3000ms (default)
2019-10-18 13:01:13,951 [main] INFO  server.RaftServerConfigKeys (ConfUtils.java:logGet(43)) - raft.server.storage.dir = [/workdir/hadoop-ozone/integration-test/target/test-dir/MiniOzoneClusterImpl-206d85c3-6704-4dbf-80de-7c3e9cc4f072/datanode-6/data/ratis] (custom)
2019-10-18 13:01:13,953 [main] INFO  hdfs.DFSUtil (DFSUtil.java:httpServerTemplateForNNAndJN(1641)) - Starting Web-server for hddsDatanode at: http://0.0.0.0:0
2019-10-18 13:01:13,955 [main] INFO  server.AuthenticationFilter (AuthenticationFilter.java:constructSecretProvider(240)) - Unable to initialize FileSignerSecretProvider, falling back to use random secrets.
2019-10-18 13:01:13,956 [main] WARN  http.HttpRequestLog (HttpRequestLog.java:getRequestLog(97)) - Jetty request log can only be enabled using Log4j
2019-10-18 13:01:13,957 [main] INFO  http.HttpServer2 (HttpServer2.java:addGlobalFilter(975)) - Added global filter 'safety' (class=org.apache.hadoop.http.HttpServer2$QuotingInputFilter)
2019-10-18 13:01:13,958 [main] INFO  http.HttpServer2 (HttpServer2.java:addFilter(948)) - Added filter static_user_filter (class=org.apache.hadoop.http.lib.StaticUserWebFilter$StaticUserFilter) to context hddsDatanode
2019-10-18 13:01:13,958 [main] INFO  http.HttpServer2 (HttpServer2.java:addFilter(958)) - Added filter static_user_filter (class=org.apache.hadoop.http.lib.StaticUserWebFilter$StaticUserFilter) to context static
2019-10-18 13:01:13,958 [main] INFO  http.HttpServer2 (HttpServer2.java:addFilter(958)) - Added filter static_user_filter (class=org.apache.hadoop.http.lib.StaticUserWebFilter$StaticUserFilter) to context logs
2019-10-18 13:01:13,959 [main] INFO  http.HttpServer2 (HttpServer2.java:bindListener(1191)) - Jetty bound to port 33159
2019-10-18 13:01:13,959 [main] INFO  server.Server (Server.java:doStart(351)) - jetty-9.3.25.v20180904, build timestamp: 2018-09-04T21:11:46Z, git hash: 3ce520221d0240229c862b122d2b06c12a625732
2019-10-18 13:01:13,961 [main] INFO  handler.ContextHandler (ContextHandler.java:doStart(781)) - Started o.e.j.s.ServletContextHandler@17fa1336{/logs,file:///workdir/hadoop-ozone/integration-test/target/log,AVAILABLE}
2019-10-18 13:01:13,961 [main] INFO  handler.ContextHandler (ContextHandler.java:doStart(781)) - Started o.e.j.s.ServletContextHandler@68b9834c{/static,jar:file:/home/user/.m2/repository/org/apache/hadoop/hadoop-hdds-container-service/0.5.0-SNAPSHOT/hadoop-hdds-container-service-0.5.0-SNAPSHOT.jar!/webapps/static,AVAILABLE}
2019-10-18 13:01:13,999 [main] INFO  handler.ContextHandler (ContextHandler.java:doStart(781)) - Started o.e.j.w.WebAppContext@2630dbc4{/,file:///tmp/jetty-0.0.0.0-33159-hddsDatanode-_-any-1504591854693494941.dir/webapp/,AVAILABLE}{/hddsDatanode}
2019-10-18 13:01:14,001 [main] INFO  server.AbstractConnector (AbstractConnector.java:doStart(278)) - Started ServerConnector@5ea4300e{HTTP/1.1,[http/1.1]}{0.0.0.0:33159}
2019-10-18 13:01:14,001 [main] INFO  server.Server (Server.java:doStart(419)) - Started @9855ms
2019-10-18 13:01:14,001 [main] WARN  impl.MetricsSystemImpl (MetricsSystemImpl.java:register(276)) - Sink prometheus already exists!
2019-10-18 13:01:14,002 [main] INFO  server.BaseHttpServer (BaseHttpServer.java:updateConnectorAddress(215)) - HTTP server of HDDSDATANODE is listening at http://0.0.0.0:33159
2019-10-18 13:01:14,003 [main] INFO  impl.MetricsSystemImpl (MetricsSystemImpl.java:init(158)) - HddsDatanode metrics system started (again)
2019-10-18 13:01:14,008 [org.apache.hadoop.util.JvmPauseMonitor$Monitor@a5e32a2] INFO  util.JvmPauseMonitor (JvmPauseMonitor.java:run(188)) - Starting JVM pause monitor
2019-10-18 13:01:14,009 [main] INFO  ozone.HddsDatanodeService (HddsDatanodeService.java:start(184)) - HddsDatanodeService host:pr-hdds-2330-xmbvw-1183399999 ip:192.168.34.56
2019-10-18 13:01:14,011 [Datanode State Machine Thread - 0] INFO  datanode.InitDatanodeState (InitDatanodeState.java:persistContainerDatanodeDetails(140)) - DatanodeDetails is persisted to /workdir/hadoop-ozone/integration-test/target/test-dir/MiniOzoneClusterImpl-206d85c3-6704-4dbf-80de-7c3e9cc4f072/datanode-6/meta/datanode.id
2019-10-18 13:01:14,018 [main] INFO  volume.HddsVolume (HddsVolume.java:<init>(176)) - Creating Volume: /workdir/hadoop-ozone/integration-test/target/test-dir/MiniOzoneClusterImpl-206d85c3-6704-4dbf-80de-7c3e9cc4f072/datanode-7/data/containers/hdds of  storage type : DISK and capacity : 1482555576320
2019-10-18 13:01:14,018 [main] INFO  volume.VolumeSet (VolumeSet.java:initializeVolumeSet(170)) - Added Volume : /workdir/hadoop-ozone/integration-test/target/test-dir/MiniOzoneClusterImpl-206d85c3-6704-4dbf-80de-7c3e9cc4f072/datanode-7/data/containers/hdds to VolumeSet
2019-10-18 13:01:14,019 [main] INFO  volume.ThrottledAsyncChecker (ThrottledAsyncChecker.java:schedule(141)) - Scheduling a check for /workdir/hadoop-ozone/integration-test/target/test-dir/MiniOzoneClusterImpl-206d85c3-6704-4dbf-80de-7c3e9cc4f072/datanode-7/data/containers/hdds
2019-10-18 13:01:14,019 [main] INFO  volume.HddsVolumeChecker (HddsVolumeChecker.java:checkAllVolumes(204)) - Scheduled health check for volume /workdir/hadoop-ozone/integration-test/target/test-dir/MiniOzoneClusterImpl-206d85c3-6704-4dbf-80de-7c3e9cc4f072/datanode-7/data/containers/hdds
2019-10-18 13:01:14,043 [main] INFO  impl.RaftServerProxy (ConfUtils.java:logGet(43)) - raft.rpc.type = GRPC (default)
2019-10-18 13:01:14,043 [main] INFO  grpc.GrpcFactory (GrpcFactory.java:checkPooledByteBufAllocatorUseCacheForAllThreads(45)) - PERFORMANCE WARNING: useCacheForAllThreads is true that may cause Netty to create a lot garbage objects and, as a result, trigger GC.
	It is recommended to disable useCacheForAllThreads by setting -Dorg.apache.ratis.thirdparty.io.netty.allocator.useCacheForAllThreads=false in command line.
2019-10-18 13:01:14,043 [main] INFO  grpc.GrpcConfigKeys$Server (ConfUtils.java:logGet(43)) - raft.grpc.server.port = 0 (default)
2019-10-18 13:01:14,044 [main] INFO  server.GrpcService (ConfUtils.java:logGet(43)) - raft.grpc.message.size.max = 33570816 (custom)
2019-10-18 13:01:14,044 [main] INFO  server.RaftServerConfigKeys (ConfUtils.java:logGet(43)) - raft.server.log.appender.buffer.byte-limit = 33554432 (custom)
2019-10-18 13:01:14,044 [main] INFO  server.GrpcService (ConfUtils.java:logGet(43)) - raft.grpc.flow.control.window = 1MB (=1048576) (default)
2019-10-18 13:01:14,044 [main] INFO  server.RaftServerConfigKeys (ConfUtils.java:logGet(43)) - raft.server.rpc.request.timeout = 3000ms (default)
2019-10-18 13:01:14,045 [main] INFO  server.RaftServerConfigKeys (ConfUtils.java:logGet(43)) - raft.server.storage.dir = [/workdir/hadoop-ozone/integration-test/target/test-dir/MiniOzoneClusterImpl-206d85c3-6704-4dbf-80de-7c3e9cc4f072/datanode-7/data/ratis] (custom)
2019-10-18 13:01:14,047 [main] INFO  hdfs.DFSUtil (DFSUtil.java:httpServerTemplateForNNAndJN(1641)) - Starting Web-server for hddsDatanode at: http://0.0.0.0:0
2019-10-18 13:01:14,049 [main] INFO  server.AuthenticationFilter (AuthenticationFilter.java:constructSecretProvider(240)) - Unable to initialize FileSignerSecretProvider, falling back to use random secrets.
2019-10-18 13:01:14,049 [main] WARN  http.HttpRequestLog (HttpRequestLog.java:getRequestLog(97)) - Jetty request log can only be enabled using Log4j
2019-10-18 13:01:14,051 [main] INFO  http.HttpServer2 (HttpServer2.java:addGlobalFilter(975)) - Added global filter 'safety' (class=org.apache.hadoop.http.HttpServer2$QuotingInputFilter)
2019-10-18 13:01:14,052 [main] INFO  http.HttpServer2 (HttpServer2.java:addFilter(948)) - Added filter static_user_filter (class=org.apache.hadoop.http.lib.StaticUserWebFilter$StaticUserFilter) to context hddsDatanode
2019-10-18 13:01:14,052 [main] INFO  http.HttpServer2 (HttpServer2.java:addFilter(958)) - Added filter static_user_filter (class=org.apache.hadoop.http.lib.StaticUserWebFilter$StaticUserFilter) to context logs
2019-10-18 13:01:14,052 [main] INFO  http.HttpServer2 (HttpServer2.java:addFilter(958)) - Added filter static_user_filter (class=org.apache.hadoop.http.lib.StaticUserWebFilter$StaticUserFilter) to context static
2019-10-18 13:01:14,053 [main] INFO  http.HttpServer2 (HttpServer2.java:bindListener(1191)) - Jetty bound to port 34971
2019-10-18 13:01:14,053 [main] INFO  server.Server (Server.java:doStart(351)) - jetty-9.3.25.v20180904, build timestamp: 2018-09-04T21:11:46Z, git hash: 3ce520221d0240229c862b122d2b06c12a625732
2019-10-18 13:01:14,055 [main] INFO  handler.ContextHandler (ContextHandler.java:doStart(781)) - Started o.e.j.s.ServletContextHandler@12eedfee{/logs,file:///workdir/hadoop-ozone/integration-test/target/log,AVAILABLE}
2019-10-18 13:01:14,055 [main] INFO  handler.ContextHandler (ContextHandler.java:doStart(781)) - Started o.e.j.s.ServletContextHandler@1352434e{/static,jar:file:/home/user/.m2/repository/org/apache/hadoop/hadoop-hdds-container-service/0.5.0-SNAPSHOT/hadoop-hdds-container-service-0.5.0-SNAPSHOT.jar!/webapps/static,AVAILABLE}
2019-10-18 13:01:14,086 [main] INFO  handler.ContextHandler (ContextHandler.java:doStart(781)) - Started o.e.j.w.WebAppContext@10f7918f{/,file:///tmp/jetty-0.0.0.0-34971-hddsDatanode-_-any-5942154825540604629.dir/webapp/,AVAILABLE}{/hddsDatanode}
2019-10-18 13:01:14,086 [main] INFO  server.AbstractConnector (AbstractConnector.java:doStart(278)) - Started ServerConnector@64d4f7c7{HTTP/1.1,[http/1.1]}{0.0.0.0:34971}
2019-10-18 13:01:14,087 [main] INFO  server.Server (Server.java:doStart(419)) - Started @9941ms
2019-10-18 13:01:14,087 [main] WARN  impl.MetricsSystemImpl (MetricsSystemImpl.java:register(276)) - Sink prometheus already exists!
2019-10-18 13:01:14,088 [main] INFO  server.BaseHttpServer (BaseHttpServer.java:updateConnectorAddress(215)) - HTTP server of HDDSDATANODE is listening at http://0.0.0.0:34971
2019-10-18 13:01:14,089 [main] INFO  impl.MetricsSystemImpl (MetricsSystemImpl.java:init(158)) - HddsDatanode metrics system started (again)
2019-10-18 13:01:14,092 [org.apache.hadoop.util.JvmPauseMonitor$Monitor@5f1b35b0] INFO  util.JvmPauseMonitor (JvmPauseMonitor.java:run(188)) - Starting JVM pause monitor
2019-10-18 13:01:14,093 [main] INFO  ozone.HddsDatanodeService (HddsDatanodeService.java:start(184)) - HddsDatanodeService host:pr-hdds-2330-xmbvw-1183399999 ip:192.168.34.56
2019-10-18 13:01:14,094 [Datanode State Machine Thread - 0] INFO  datanode.InitDatanodeState (InitDatanodeState.java:persistContainerDatanodeDetails(140)) - DatanodeDetails is persisted to /workdir/hadoop-ozone/integration-test/target/test-dir/MiniOzoneClusterImpl-206d85c3-6704-4dbf-80de-7c3e9cc4f072/datanode-7/meta/datanode.id
2019-10-18 13:01:14,100 [main] INFO  volume.HddsVolume (HddsVolume.java:<init>(176)) - Creating Volume: /workdir/hadoop-ozone/integration-test/target/test-dir/MiniOzoneClusterImpl-206d85c3-6704-4dbf-80de-7c3e9cc4f072/datanode-8/data/containers/hdds of  storage type : DISK and capacity : 1482555576320
2019-10-18 13:01:14,100 [main] INFO  volume.VolumeSet (VolumeSet.java:initializeVolumeSet(170)) - Added Volume : /workdir/hadoop-ozone/integration-test/target/test-dir/MiniOzoneClusterImpl-206d85c3-6704-4dbf-80de-7c3e9cc4f072/datanode-8/data/containers/hdds to VolumeSet
2019-10-18 13:01:14,100 [main] INFO  volume.ThrottledAsyncChecker (ThrottledAsyncChecker.java:schedule(141)) - Scheduling a check for /workdir/hadoop-ozone/integration-test/target/test-dir/MiniOzoneClusterImpl-206d85c3-6704-4dbf-80de-7c3e9cc4f072/datanode-8/data/containers/hdds
2019-10-18 13:01:14,101 [main] INFO  volume.HddsVolumeChecker (HddsVolumeChecker.java:checkAllVolumes(204)) - Scheduled health check for volume /workdir/hadoop-ozone/integration-test/target/test-dir/MiniOzoneClusterImpl-206d85c3-6704-4dbf-80de-7c3e9cc4f072/datanode-8/data/containers/hdds
2019-10-18 13:01:14,115 [main] INFO  impl.RaftServerProxy (ConfUtils.java:logGet(43)) - raft.rpc.type = GRPC (default)
2019-10-18 13:01:14,115 [main] INFO  grpc.GrpcFactory (GrpcFactory.java:checkPooledByteBufAllocatorUseCacheForAllThreads(45)) - PERFORMANCE WARNING: useCacheForAllThreads is true that may cause Netty to create a lot garbage objects and, as a result, trigger GC.
	It is recommended to disable useCacheForAllThreads by setting -Dorg.apache.ratis.thirdparty.io.netty.allocator.useCacheForAllThreads=false in command line.
2019-10-18 13:01:14,116 [main] INFO  grpc.GrpcConfigKeys$Server (ConfUtils.java:logGet(43)) - raft.grpc.server.port = 0 (default)
2019-10-18 13:01:14,116 [main] INFO  server.GrpcService (ConfUtils.java:logGet(43)) - raft.grpc.message.size.max = 33570816 (custom)
2019-10-18 13:01:14,116 [main] INFO  server.RaftServerConfigKeys (ConfUtils.java:logGet(43)) - raft.server.log.appender.buffer.byte-limit = 33554432 (custom)
2019-10-18 13:01:14,116 [main] INFO  server.GrpcService (ConfUtils.java:logGet(43)) - raft.grpc.flow.control.window = 1MB (=1048576) (default)
2019-10-18 13:01:14,116 [main] INFO  server.RaftServerConfigKeys (ConfUtils.java:logGet(43)) - raft.server.rpc.request.timeout = 3000ms (default)
2019-10-18 13:01:14,117 [main] INFO  server.RaftServerConfigKeys (ConfUtils.java:logGet(43)) - raft.server.storage.dir = [/workdir/hadoop-ozone/integration-test/target/test-dir/MiniOzoneClusterImpl-206d85c3-6704-4dbf-80de-7c3e9cc4f072/datanode-8/data/ratis] (custom)
2019-10-18 13:01:14,119 [main] INFO  hdfs.DFSUtil (DFSUtil.java:httpServerTemplateForNNAndJN(1641)) - Starting Web-server for hddsDatanode at: http://0.0.0.0:0
2019-10-18 13:01:14,120 [main] INFO  server.AuthenticationFilter (AuthenticationFilter.java:constructSecretProvider(240)) - Unable to initialize FileSignerSecretProvider, falling back to use random secrets.
2019-10-18 13:01:14,121 [main] WARN  http.HttpRequestLog (HttpRequestLog.java:getRequestLog(97)) - Jetty request log can only be enabled using Log4j
2019-10-18 13:01:14,122 [main] INFO  http.HttpServer2 (HttpServer2.java:addGlobalFilter(975)) - Added global filter 'safety' (class=org.apache.hadoop.http.HttpServer2$QuotingInputFilter)
2019-10-18 13:01:14,123 [main] INFO  http.HttpServer2 (HttpServer2.java:addFilter(948)) - Added filter static_user_filter (class=org.apache.hadoop.http.lib.StaticUserWebFilter$StaticUserFilter) to context hddsDatanode
2019-10-18 13:01:14,123 [main] INFO  http.HttpServer2 (HttpServer2.java:addFilter(958)) - Added filter static_user_filter (class=org.apache.hadoop.http.lib.StaticUserWebFilter$StaticUserFilter) to context static
2019-10-18 13:01:14,123 [main] INFO  http.HttpServer2 (HttpServer2.java:addFilter(958)) - Added filter static_user_filter (class=org.apache.hadoop.http.lib.StaticUserWebFilter$StaticUserFilter) to context logs
2019-10-18 13:01:14,124 [main] INFO  http.HttpServer2 (HttpServer2.java:bindListener(1191)) - Jetty bound to port 46851
2019-10-18 13:01:14,125 [main] INFO  server.Server (Server.java:doStart(351)) - jetty-9.3.25.v20180904, build timestamp: 2018-09-04T21:11:46Z, git hash: 3ce520221d0240229c862b122d2b06c12a625732
2019-10-18 13:01:14,126 [main] INFO  handler.ContextHandler (ContextHandler.java:doStart(781)) - Started o.e.j.s.ServletContextHandler@6edf29c1{/logs,file:///workdir/hadoop-ozone/integration-test/target/log,AVAILABLE}
2019-10-18 13:01:14,127 [main] INFO  handler.ContextHandler (ContextHandler.java:doStart(781)) - Started o.e.j.s.ServletContextHandler@66b59b7d{/static,jar:file:/home/user/.m2/repository/org/apache/hadoop/hadoop-hdds-container-service/0.5.0-SNAPSHOT/hadoop-hdds-container-service-0.5.0-SNAPSHOT.jar!/webapps/static,AVAILABLE}
2019-10-18 13:01:14,157 [main] INFO  handler.ContextHandler (ContextHandler.java:doStart(781)) - Started o.e.j.w.WebAppContext@57272109{/,file:///tmp/jetty-0.0.0.0-46851-hddsDatanode-_-any-6317442166258715121.dir/webapp/,AVAILABLE}{/hddsDatanode}
2019-10-18 13:01:14,158 [main] INFO  server.AbstractConnector (AbstractConnector.java:doStart(278)) - Started ServerConnector@59696551{HTTP/1.1,[http/1.1]}{0.0.0.0:46851}
2019-10-18 13:01:14,159 [main] INFO  server.Server (Server.java:doStart(419)) - Started @10012ms
2019-10-18 13:01:14,159 [main] WARN  impl.MetricsSystemImpl (MetricsSystemImpl.java:register(276)) - Sink prometheus already exists!
2019-10-18 13:01:14,160 [main] INFO  server.BaseHttpServer (BaseHttpServer.java:updateConnectorAddress(215)) - HTTP server of HDDSDATANODE is listening at http://0.0.0.0:46851
2019-10-18 13:01:14,160 [main] INFO  impl.MetricsSystemImpl (MetricsSystemImpl.java:init(158)) - HddsDatanode metrics system started (again)
2019-10-18 13:01:14,164 [org.apache.hadoop.util.JvmPauseMonitor$Monitor@5d5e45f5] INFO  util.JvmPauseMonitor (JvmPauseMonitor.java:run(188)) - Starting JVM pause monitor
2019-10-18 13:01:14,164 [main] INFO  ozone.HddsDatanodeService (HddsDatanodeService.java:start(184)) - HddsDatanodeService host:pr-hdds-2330-xmbvw-1183399999 ip:192.168.34.56
2019-10-18 13:01:14,165 [Datanode State Machine Thread - 0] INFO  datanode.InitDatanodeState (InitDatanodeState.java:persistContainerDatanodeDetails(140)) - DatanodeDetails is persisted to /workdir/hadoop-ozone/integration-test/target/test-dir/MiniOzoneClusterImpl-206d85c3-6704-4dbf-80de-7c3e9cc4f072/datanode-8/meta/datanode.id
2019-10-18 13:01:14,171 [main] INFO  volume.HddsVolume (HddsVolume.java:<init>(176)) - Creating Volume: /workdir/hadoop-ozone/integration-test/target/test-dir/MiniOzoneClusterImpl-206d85c3-6704-4dbf-80de-7c3e9cc4f072/datanode-9/data/containers/hdds of  storage type : DISK and capacity : 1482555576320
2019-10-18 13:01:14,171 [main] INFO  volume.VolumeSet (VolumeSet.java:initializeVolumeSet(170)) - Added Volume : /workdir/hadoop-ozone/integration-test/target/test-dir/MiniOzoneClusterImpl-206d85c3-6704-4dbf-80de-7c3e9cc4f072/datanode-9/data/containers/hdds to VolumeSet
2019-10-18 13:01:14,171 [main] INFO  volume.ThrottledAsyncChecker (ThrottledAsyncChecker.java:schedule(141)) - Scheduling a check for /workdir/hadoop-ozone/integration-test/target/test-dir/MiniOzoneClusterImpl-206d85c3-6704-4dbf-80de-7c3e9cc4f072/datanode-9/data/containers/hdds
2019-10-18 13:01:14,172 [main] INFO  volume.HddsVolumeChecker (HddsVolumeChecker.java:checkAllVolumes(204)) - Scheduled health check for volume /workdir/hadoop-ozone/integration-test/target/test-dir/MiniOzoneClusterImpl-206d85c3-6704-4dbf-80de-7c3e9cc4f072/datanode-9/data/containers/hdds
2019-10-18 13:01:14,186 [main] INFO  impl.RaftServerProxy (ConfUtils.java:logGet(43)) - raft.rpc.type = GRPC (default)
2019-10-18 13:01:14,186 [main] INFO  grpc.GrpcFactory (GrpcFactory.java:checkPooledByteBufAllocatorUseCacheForAllThreads(45)) - PERFORMANCE WARNING: useCacheForAllThreads is true that may cause Netty to create a lot garbage objects and, as a result, trigger GC.
	It is recommended to disable useCacheForAllThreads by setting -Dorg.apache.ratis.thirdparty.io.netty.allocator.useCacheForAllThreads=false in command line.
2019-10-18 13:01:14,186 [main] INFO  grpc.GrpcConfigKeys$Server (ConfUtils.java:logGet(43)) - raft.grpc.server.port = 0 (default)
2019-10-18 13:01:14,187 [main] INFO  server.GrpcService (ConfUtils.java:logGet(43)) - raft.grpc.message.size.max = 33570816 (custom)
2019-10-18 13:01:14,187 [main] INFO  server.RaftServerConfigKeys (ConfUtils.java:logGet(43)) - raft.server.log.appender.buffer.byte-limit = 33554432 (custom)
2019-10-18 13:01:14,187 [main] INFO  server.GrpcService (ConfUtils.java:logGet(43)) - raft.grpc.flow.control.window = 1MB (=1048576) (default)
2019-10-18 13:01:14,187 [main] INFO  server.RaftServerConfigKeys (ConfUtils.java:logGet(43)) - raft.server.rpc.request.timeout = 3000ms (default)
2019-10-18 13:01:14,188 [main] INFO  server.RaftServerConfigKeys (ConfUtils.java:logGet(43)) - raft.server.storage.dir = [/workdir/hadoop-ozone/integration-test/target/test-dir/MiniOzoneClusterImpl-206d85c3-6704-4dbf-80de-7c3e9cc4f072/datanode-9/data/ratis] (custom)
2019-10-18 13:01:14,189 [main] INFO  hdfs.DFSUtil (DFSUtil.java:httpServerTemplateForNNAndJN(1641)) - Starting Web-server for hddsDatanode at: http://0.0.0.0:0
2019-10-18 13:01:14,191 [main] INFO  server.AuthenticationFilter (AuthenticationFilter.java:constructSecretProvider(240)) - Unable to initialize FileSignerSecretProvider, falling back to use random secrets.
2019-10-18 13:01:14,191 [main] WARN  http.HttpRequestLog (HttpRequestLog.java:getRequestLog(97)) - Jetty request log can only be enabled using Log4j
2019-10-18 13:01:14,193 [main] INFO  http.HttpServer2 (HttpServer2.java:addGlobalFilter(975)) - Added global filter 'safety' (class=org.apache.hadoop.http.HttpServer2$QuotingInputFilter)
2019-10-18 13:01:14,193 [main] INFO  http.HttpServer2 (HttpServer2.java:addFilter(948)) - Added filter static_user_filter (class=org.apache.hadoop.http.lib.StaticUserWebFilter$StaticUserFilter) to context hddsDatanode
2019-10-18 13:01:14,193 [main] INFO  http.HttpServer2 (HttpServer2.java:addFilter(958)) - Added filter static_user_filter (class=org.apache.hadoop.http.lib.StaticUserWebFilter$StaticUserFilter) to context static
2019-10-18 13:01:14,194 [main] INFO  http.HttpServer2 (HttpServer2.java:addFilter(958)) - Added filter static_user_filter (class=org.apache.hadoop.http.lib.StaticUserWebFilter$StaticUserFilter) to context logs
2019-10-18 13:01:14,194 [main] INFO  http.HttpServer2 (HttpServer2.java:bindListener(1191)) - Jetty bound to port 36402
2019-10-18 13:01:14,195 [main] INFO  server.Server (Server.java:doStart(351)) - jetty-9.3.25.v20180904, build timestamp: 2018-09-04T21:11:46Z, git hash: 3ce520221d0240229c862b122d2b06c12a625732
2019-10-18 13:01:14,196 [main] INFO  handler.ContextHandler (ContextHandler.java:doStart(781)) - Started o.e.j.s.ServletContextHandler@6cbd0674{/logs,file:///workdir/hadoop-ozone/integration-test/target/log,AVAILABLE}
2019-10-18 13:01:14,197 [main] INFO  handler.ContextHandler (ContextHandler.java:doStart(781)) - Started o.e.j.s.ServletContextHandler@19a64eae{/static,jar:file:/home/user/.m2/repository/org/apache/hadoop/hadoop-hdds-container-service/0.5.0-SNAPSHOT/hadoop-hdds-container-service-0.5.0-SNAPSHOT.jar!/webapps/static,AVAILABLE}
2019-10-18 13:01:14,230 [main] INFO  handler.ContextHandler (ContextHandler.java:doStart(781)) - Started o.e.j.w.WebAppContext@10c72a6f{/,file:///tmp/jetty-0.0.0.0-36402-hddsDatanode-_-any-4926999724148185583.dir/webapp/,AVAILABLE}{/hddsDatanode}
2019-10-18 13:01:14,231 [main] INFO  server.AbstractConnector (AbstractConnector.java:doStart(278)) - Started ServerConnector@70e94ecb{HTTP/1.1,[http/1.1]}{0.0.0.0:36402}
2019-10-18 13:01:14,231 [main] INFO  server.Server (Server.java:doStart(419)) - Started @10085ms
2019-10-18 13:01:14,231 [main] WARN  impl.MetricsSystemImpl (MetricsSystemImpl.java:register(276)) - Sink prometheus already exists!
2019-10-18 13:01:14,233 [main] INFO  server.BaseHttpServer (BaseHttpServer.java:updateConnectorAddress(215)) - HTTP server of HDDSDATANODE is listening at http://0.0.0.0:36402
2019-10-18 13:01:14,238 [main] INFO  ozone.MiniOzoneClusterImpl (MiniOzoneClusterImpl.java:lambda$waitForClusterToBeReady$0(147)) - Waiting for cluster to be ready. Got 0 of 10 DN Heartbeats.
2019-10-18 13:01:14,238 [org.apache.hadoop.util.JvmPauseMonitor$Monitor@f195c81] INFO  util.JvmPauseMonitor (JvmPauseMonitor.java:run(188)) - Starting JVM pause monitor
2019-10-18 13:01:14,240 [Datanode State Machine Thread - 0] INFO  datanode.InitDatanodeState (InitDatanodeState.java:persistContainerDatanodeDetails(140)) - DatanodeDetails is persisted to /workdir/hadoop-ozone/integration-test/target/test-dir/MiniOzoneClusterImpl-206d85c3-6704-4dbf-80de-7c3e9cc4f072/datanode-9/meta/datanode.id
2019-10-18 13:01:15,238 [main] INFO  ozone.MiniOzoneClusterImpl (MiniOzoneClusterImpl.java:lambda$waitForClusterToBeReady$0(147)) - Waiting for cluster to be ready. Got 0 of 10 DN Heartbeats.
2019-10-18 13:01:15,600 [Datanode State Machine Thread - 0] INFO  ozoneimpl.OzoneContainer (OzoneContainer.java:start(213)) - Attempting to start container services.
2019-10-18 13:01:15,601 [Datanode State Machine Thread - 0] INFO  ozoneimpl.OzoneContainer (OzoneContainer.java:startContainerScrub(177)) - Background container scanner has been disabled.
2019-10-18 13:01:15,602 [Datanode State Machine Thread - 0] INFO  ratis.XceiverServerRatis (XceiverServerRatis.java:start(418)) - Starting XceiverServerRatis 893cf03e-f2cf-478a-892a-a746717e50e3 at port 0
2019-10-18 13:01:15,621 [Datanode State Machine Thread - 0] INFO  impl.RaftServerProxy (RaftServerProxy.java:lambda$start$3(299)) - 893cf03e-f2cf-478a-892a-a746717e50e3: start RPC server
2019-10-18 13:01:15,722 [Datanode State Machine Thread - 0] INFO  ozoneimpl.OzoneContainer (OzoneContainer.java:start(213)) - Attempting to start container services.
2019-10-18 13:01:15,727 [Datanode State Machine Thread - 0] INFO  ozoneimpl.OzoneContainer (OzoneContainer.java:startContainerScrub(177)) - Background container scanner has been disabled.
2019-10-18 13:01:15,727 [Datanode State Machine Thread - 0] INFO  ratis.XceiverServerRatis (XceiverServerRatis.java:start(418)) - Starting XceiverServerRatis 17618ccc-f51c-4f14-92cf-842ef2c05e35 at port 0
2019-10-18 13:01:15,732 [Datanode State Machine Thread - 0] INFO  server.GrpcService (GrpcService.java:startImpl(158)) - 893cf03e-f2cf-478a-892a-a746717e50e3: GrpcService started, listening on 0.0.0.0/0.0.0.0:40750
2019-10-18 13:01:15,733 [Datanode State Machine Thread - 0] INFO  ratis.XceiverServerRatis (XceiverServerRatis.java:start(428)) - XceiverServerRatis 893cf03e-f2cf-478a-892a-a746717e50e3 is started using port 40750
2019-10-18 13:01:15,736 [Datanode State Machine Thread - 0] INFO  server.XceiverServerGrpc (XceiverServerGrpc.java:start(149)) - XceiverServerGrpc 893cf03e-f2cf-478a-892a-a746717e50e3 is started using port 46138
2019-10-18 13:01:15,739 [Datanode State Machine Thread - 0] INFO  impl.RaftServerProxy (RaftServerProxy.java:lambda$start$3(299)) - 17618ccc-f51c-4f14-92cf-842ef2c05e35: start RPC server
2019-10-18 13:01:15,742 [Datanode State Machine Thread - 0] INFO  server.GrpcService (GrpcService.java:startImpl(158)) - 17618ccc-f51c-4f14-92cf-842ef2c05e35: GrpcService started, listening on 0.0.0.0/0.0.0.0:38851
2019-10-18 13:01:15,742 [Datanode State Machine Thread - 0] INFO  ratis.XceiverServerRatis (XceiverServerRatis.java:start(428)) - XceiverServerRatis 17618ccc-f51c-4f14-92cf-842ef2c05e35 is started using port 38851
2019-10-18 13:01:15,744 [Datanode State Machine Thread - 0] INFO  server.XceiverServerGrpc (XceiverServerGrpc.java:start(149)) - XceiverServerGrpc 17618ccc-f51c-4f14-92cf-842ef2c05e35 is started using port 38664
2019-10-18 13:01:15,778 [Datanode State Machine Thread - 0] INFO  ozoneimpl.OzoneContainer (OzoneContainer.java:start(213)) - Attempting to start container services.
2019-10-18 13:01:15,778 [Datanode State Machine Thread - 0] INFO  ozoneimpl.OzoneContainer (OzoneContainer.java:startContainerScrub(177)) - Background container scanner has been disabled.
2019-10-18 13:01:15,778 [Datanode State Machine Thread - 0] INFO  ratis.XceiverServerRatis (XceiverServerRatis.java:start(418)) - Starting XceiverServerRatis 999343e7-0330-4874-a345-91eca72585e0 at port 0
2019-10-18 13:01:15,784 [Datanode State Machine Thread - 0] INFO  impl.RaftServerProxy (RaftServerProxy.java:lambda$start$3(299)) - 999343e7-0330-4874-a345-91eca72585e0: start RPC server
2019-10-18 13:01:15,788 [Datanode State Machine Thread - 0] INFO  server.GrpcService (GrpcService.java:startImpl(158)) - 999343e7-0330-4874-a345-91eca72585e0: GrpcService started, listening on 0.0.0.0/0.0.0.0:44872
2019-10-18 13:01:15,788 [Datanode State Machine Thread - 0] INFO  ratis.XceiverServerRatis (XceiverServerRatis.java:start(428)) - XceiverServerRatis 999343e7-0330-4874-a345-91eca72585e0 is started using port 44872
2019-10-18 13:01:15,790 [Datanode State Machine Thread - 0] INFO  server.XceiverServerGrpc (XceiverServerGrpc.java:start(149)) - XceiverServerGrpc 999343e7-0330-4874-a345-91eca72585e0 is started using port 46772
2019-10-18 13:01:15,811 [Datanode State Machine Thread - 0] INFO  ozoneimpl.OzoneContainer (OzoneContainer.java:start(213)) - Attempting to start container services.
2019-10-18 13:01:15,812 [Datanode State Machine Thread - 0] INFO  ozoneimpl.OzoneContainer (OzoneContainer.java:startContainerScrub(177)) - Background container scanner has been disabled.
2019-10-18 13:01:15,812 [Datanode State Machine Thread - 0] INFO  ratis.XceiverServerRatis (XceiverServerRatis.java:start(418)) - Starting XceiverServerRatis 32d97539-eb73-46c6-a759-05f11ff00f4c at port 0
2019-10-18 13:01:15,819 [Datanode State Machine Thread - 0] INFO  impl.RaftServerProxy (RaftServerProxy.java:lambda$start$3(299)) - 32d97539-eb73-46c6-a759-05f11ff00f4c: start RPC server
2019-10-18 13:01:15,821 [Datanode State Machine Thread - 0] INFO  server.GrpcService (GrpcService.java:startImpl(158)) - 32d97539-eb73-46c6-a759-05f11ff00f4c: GrpcService started, listening on 0.0.0.0/0.0.0.0:35929
2019-10-18 13:01:15,821 [Datanode State Machine Thread - 0] INFO  ratis.XceiverServerRatis (XceiverServerRatis.java:start(428)) - XceiverServerRatis 32d97539-eb73-46c6-a759-05f11ff00f4c is started using port 35929
2019-10-18 13:01:15,823 [Datanode State Machine Thread - 0] INFO  server.XceiverServerGrpc (XceiverServerGrpc.java:start(149)) - XceiverServerGrpc 32d97539-eb73-46c6-a759-05f11ff00f4c is started using port 37299
2019-10-18 13:01:15,898 [Datanode State Machine Thread - 0] INFO  ozoneimpl.OzoneContainer (OzoneContainer.java:start(213)) - Attempting to start container services.
2019-10-18 13:01:15,898 [Datanode State Machine Thread - 0] INFO  ozoneimpl.OzoneContainer (OzoneContainer.java:startContainerScrub(177)) - Background container scanner has been disabled.
2019-10-18 13:01:15,898 [Datanode State Machine Thread - 0] INFO  ratis.XceiverServerRatis (XceiverServerRatis.java:start(418)) - Starting XceiverServerRatis 854811ee-a3a8-4b6b-9252-e41564569ef8 at port 0
2019-10-18 13:01:15,904 [Datanode State Machine Thread - 0] INFO  impl.RaftServerProxy (RaftServerProxy.java:lambda$start$3(299)) - 854811ee-a3a8-4b6b-9252-e41564569ef8: start RPC server
2019-10-18 13:01:15,907 [Datanode State Machine Thread - 0] INFO  server.GrpcService (GrpcService.java:startImpl(158)) - 854811ee-a3a8-4b6b-9252-e41564569ef8: GrpcService started, listening on 0.0.0.0/0.0.0.0:42500
2019-10-18 13:01:15,907 [Datanode State Machine Thread - 0] INFO  ratis.XceiverServerRatis (XceiverServerRatis.java:start(428)) - XceiverServerRatis 854811ee-a3a8-4b6b-9252-e41564569ef8 is started using port 42500
2019-10-18 13:01:15,909 [Datanode State Machine Thread - 0] INFO  server.XceiverServerGrpc (XceiverServerGrpc.java:start(149)) - XceiverServerGrpc 854811ee-a3a8-4b6b-9252-e41564569ef8 is started using port 40999
2019-10-18 13:01:15,957 [Datanode State Machine Thread - 0] INFO  ozoneimpl.OzoneContainer (OzoneContainer.java:start(213)) - Attempting to start container services.
2019-10-18 13:01:15,957 [Datanode State Machine Thread - 0] INFO  ozoneimpl.OzoneContainer (OzoneContainer.java:startContainerScrub(177)) - Background container scanner has been disabled.
2019-10-18 13:01:15,957 [Datanode State Machine Thread - 0] INFO  ratis.XceiverServerRatis (XceiverServerRatis.java:start(418)) - Starting XceiverServerRatis e5bb327f-cdd7-4e49-919e-13a4c895fddf at port 0
2019-10-18 13:01:15,964 [Datanode State Machine Thread - 0] INFO  impl.RaftServerProxy (RaftServerProxy.java:lambda$start$3(299)) - e5bb327f-cdd7-4e49-919e-13a4c895fddf: start RPC server
2019-10-18 13:01:15,967 [Datanode State Machine Thread - 0] INFO  server.GrpcService (GrpcService.java:startImpl(158)) - e5bb327f-cdd7-4e49-919e-13a4c895fddf: GrpcService started, listening on 0.0.0.0/0.0.0.0:36658
2019-10-18 13:01:15,967 [Datanode State Machine Thread - 0] INFO  ratis.XceiverServerRatis (XceiverServerRatis.java:start(428)) - XceiverServerRatis e5bb327f-cdd7-4e49-919e-13a4c895fddf is started using port 36658
2019-10-18 13:01:15,969 [Datanode State Machine Thread - 0] INFO  server.XceiverServerGrpc (XceiverServerGrpc.java:start(149)) - XceiverServerGrpc e5bb327f-cdd7-4e49-919e-13a4c895fddf is started using port 44041
2019-10-18 13:01:16,076 [Datanode State Machine Thread - 0] INFO  ozoneimpl.OzoneContainer (OzoneContainer.java:start(213)) - Attempting to start container services.
2019-10-18 13:01:16,077 [Datanode State Machine Thread - 0] INFO  ozoneimpl.OzoneContainer (OzoneContainer.java:startContainerScrub(177)) - Background container scanner has been disabled.
2019-10-18 13:01:16,077 [Datanode State Machine Thread - 0] INFO  ratis.XceiverServerRatis (XceiverServerRatis.java:start(418)) - Starting XceiverServerRatis 896cef04-248b-470f-8c5c-c9acb81bb157 at port 0
2019-10-18 13:01:16,083 [Datanode State Machine Thread - 0] INFO  impl.RaftServerProxy (RaftServerProxy.java:lambda$start$3(299)) - 896cef04-248b-470f-8c5c-c9acb81bb157: start RPC server
2019-10-18 13:01:16,087 [Datanode State Machine Thread - 0] INFO  server.GrpcService (GrpcService.java:startImpl(158)) - 896cef04-248b-470f-8c5c-c9acb81bb157: GrpcService started, listening on 0.0.0.0/0.0.0.0:37940
2019-10-18 13:01:16,087 [Datanode State Machine Thread - 0] INFO  ratis.XceiverServerRatis (XceiverServerRatis.java:start(428)) - XceiverServerRatis 896cef04-248b-470f-8c5c-c9acb81bb157 is started using port 37940
2019-10-18 13:01:16,090 [Datanode State Machine Thread - 0] INFO  server.XceiverServerGrpc (XceiverServerGrpc.java:start(149)) - XceiverServerGrpc 896cef04-248b-470f-8c5c-c9acb81bb157 is started using port 41525
2019-10-18 13:01:16,130 [Datanode State Machine Thread - 0] INFO  ozoneimpl.OzoneContainer (OzoneContainer.java:start(213)) - Attempting to start container services.
2019-10-18 13:01:16,131 [Datanode State Machine Thread - 0] INFO  ozoneimpl.OzoneContainer (OzoneContainer.java:startContainerScrub(177)) - Background container scanner has been disabled.
2019-10-18 13:01:16,131 [Datanode State Machine Thread - 0] INFO  ratis.XceiverServerRatis (XceiverServerRatis.java:start(418)) - Starting XceiverServerRatis c124d131-afb9-4343-ad4e-aaebde613043 at port 0
2019-10-18 13:01:16,138 [Datanode State Machine Thread - 0] INFO  impl.RaftServerProxy (RaftServerProxy.java:lambda$start$3(299)) - c124d131-afb9-4343-ad4e-aaebde613043: start RPC server
2019-10-18 13:01:16,142 [Datanode State Machine Thread - 0] INFO  server.GrpcService (GrpcService.java:startImpl(158)) - c124d131-afb9-4343-ad4e-aaebde613043: GrpcService started, listening on 0.0.0.0/0.0.0.0:42116
2019-10-18 13:01:16,142 [Datanode State Machine Thread - 0] INFO  ratis.XceiverServerRatis (XceiverServerRatis.java:start(428)) - XceiverServerRatis c124d131-afb9-4343-ad4e-aaebde613043 is started using port 42116
2019-10-18 13:01:16,145 [Datanode State Machine Thread - 0] INFO  server.XceiverServerGrpc (XceiverServerGrpc.java:start(149)) - XceiverServerGrpc c124d131-afb9-4343-ad4e-aaebde613043 is started using port 37680
2019-10-18 13:01:16,192 [Datanode State Machine Thread - 0] INFO  ozoneimpl.OzoneContainer (OzoneContainer.java:start(213)) - Attempting to start container services.
2019-10-18 13:01:16,192 [Datanode State Machine Thread - 0] INFO  ozoneimpl.OzoneContainer (OzoneContainer.java:startContainerScrub(177)) - Background container scanner has been disabled.
2019-10-18 13:01:16,192 [Datanode State Machine Thread - 0] INFO  ratis.XceiverServerRatis (XceiverServerRatis.java:start(418)) - Starting XceiverServerRatis 8697df36-98d2-41b1-bdc7-60597b3b5526 at port 0
2019-10-18 13:01:16,197 [Datanode State Machine Thread - 0] INFO  impl.RaftServerProxy (RaftServerProxy.java:lambda$start$3(299)) - 8697df36-98d2-41b1-bdc7-60597b3b5526: start RPC server
2019-10-18 13:01:16,201 [Datanode State Machine Thread - 0] INFO  server.GrpcService (GrpcService.java:startImpl(158)) - 8697df36-98d2-41b1-bdc7-60597b3b5526: GrpcService started, listening on 0.0.0.0/0.0.0.0:46415
2019-10-18 13:01:16,201 [Datanode State Machine Thread - 0] INFO  ratis.XceiverServerRatis (XceiverServerRatis.java:start(428)) - XceiverServerRatis 8697df36-98d2-41b1-bdc7-60597b3b5526 is started using port 46415
2019-10-18 13:01:16,203 [Datanode State Machine Thread - 0] INFO  server.XceiverServerGrpc (XceiverServerGrpc.java:start(149)) - XceiverServerGrpc 8697df36-98d2-41b1-bdc7-60597b3b5526 is started using port 46293
2019-10-18 13:01:16,240 [main] INFO  ozone.MiniOzoneClusterImpl (MiniOzoneClusterImpl.java:lambda$waitForClusterToBeReady$0(147)) - Waiting for cluster to be ready. Got 0 of 10 DN Heartbeats.
2019-10-18 13:01:16,271 [Datanode State Machine Thread - 0] INFO  ozoneimpl.OzoneContainer (OzoneContainer.java:start(213)) - Attempting to start container services.
2019-10-18 13:01:16,271 [Datanode State Machine Thread - 0] INFO  ozoneimpl.OzoneContainer (OzoneContainer.java:startContainerScrub(177)) - Background container scanner has been disabled.
2019-10-18 13:01:16,271 [Datanode State Machine Thread - 0] INFO  ratis.XceiverServerRatis (XceiverServerRatis.java:start(418)) - Starting XceiverServerRatis 018b3f78-d19f-4e26-a796-cb8ddc4f97cf at port 0
2019-10-18 13:01:16,280 [Datanode State Machine Thread - 0] INFO  impl.RaftServerProxy (RaftServerProxy.java:lambda$start$3(299)) - 018b3f78-d19f-4e26-a796-cb8ddc4f97cf: start RPC server
2019-10-18 13:01:16,284 [Datanode State Machine Thread - 0] INFO  server.GrpcService (GrpcService.java:startImpl(158)) - 018b3f78-d19f-4e26-a796-cb8ddc4f97cf: GrpcService started, listening on 0.0.0.0/0.0.0.0:35845
2019-10-18 13:01:16,284 [Datanode State Machine Thread - 0] INFO  ratis.XceiverServerRatis (XceiverServerRatis.java:start(428)) - XceiverServerRatis 018b3f78-d19f-4e26-a796-cb8ddc4f97cf is started using port 35845
2019-10-18 13:01:16,304 [Datanode State Machine Thread - 0] INFO  server.XceiverServerGrpc (XceiverServerGrpc.java:start(149)) - XceiverServerGrpc 018b3f78-d19f-4e26-a796-cb8ddc4f97cf is started using port 33689
2019-10-18 13:01:17,240 [main] INFO  ozone.MiniOzoneClusterImpl (MiniOzoneClusterImpl.java:lambda$waitForClusterToBeReady$0(147)) - Waiting for cluster to be ready. Got 0 of 10 DN Heartbeats.
2019-10-18 13:01:17,528 [IPC Server handler 0 on 35124] INFO  net.NetworkTopology (NetworkTopologyImpl.java:add(111)) - Added a new node: /default-rack/893cf03e-f2cf-478a-892a-a746717e50e3
2019-10-18 13:01:17,530 [IPC Server handler 0 on 35124] INFO  node.SCMNodeManager (SCMNodeManager.java:register(268)) - Registered Data node : 893cf03e-f2cf-478a-892a-a746717e50e3{ip: 192.168.34.56, host: pr-hdds-2330-xmbvw-1183399999, networkLocation: /default-rack, certSerialId: null}
2019-10-18 13:01:17,533 [EventQueue-NodeRegistrationContainerReportForDataNodeSafeModeRule] INFO  safemode.SCMSafeModeManager (DataNodeSafeModeRule.java:process(71)) - SCM in safe mode. 1 DataNodes registered, 1 required.
2019-10-18 13:01:17,533 [EventQueue-NodeRegistrationContainerReportForDataNodeSafeModeRule] INFO  safemode.SCMSafeModeManager (SCMSafeModeManager.java:validateSafeModeExitRules(177)) - ScmSafeModeManager, all rules are successfully validated
2019-10-18 13:01:17,533 [EventQueue-NodeRegistrationContainerReportForDataNodeSafeModeRule] INFO  safemode.SCMSafeModeManager (SCMSafeModeManager.java:exitSafeMode(193)) - SCM exiting safe mode.
2019-10-18 13:01:17,591 [IPC Server handler 2 on 35124] INFO  net.NetworkTopology (NetworkTopologyImpl.java:add(111)) - Added a new node: /default-rack/17618ccc-f51c-4f14-92cf-842ef2c05e35
2019-10-18 13:01:17,591 [IPC Server handler 2 on 35124] INFO  node.SCMNodeManager (SCMNodeManager.java:register(268)) - Registered Data node : 17618ccc-f51c-4f14-92cf-842ef2c05e35{ip: 192.168.34.56, host: pr-hdds-2330-xmbvw-1183399999, networkLocation: /default-rack, certSerialId: null}
2019-10-18 13:01:17,692 [IPC Server handler 4 on 35124] INFO  net.NetworkTopology (NetworkTopologyImpl.java:add(111)) - Added a new node: /default-rack/999343e7-0330-4874-a345-91eca72585e0
2019-10-18 13:01:17,692 [IPC Server handler 4 on 35124] INFO  node.SCMNodeManager (SCMNodeManager.java:register(268)) - Registered Data node : 999343e7-0330-4874-a345-91eca72585e0{ip: 192.168.34.56, host: pr-hdds-2330-xmbvw-1183399999, networkLocation: /default-rack, certSerialId: null}
2019-10-18 13:01:17,756 [IPC Server handler 3 on 35124] INFO  net.NetworkTopology (NetworkTopologyImpl.java:add(111)) - Added a new node: /default-rack/32d97539-eb73-46c6-a759-05f11ff00f4c
2019-10-18 13:01:17,756 [IPC Server handler 3 on 35124] INFO  node.SCMNodeManager (SCMNodeManager.java:register(268)) - Registered Data node : 32d97539-eb73-46c6-a759-05f11ff00f4c{ip: 192.168.34.56, host: pr-hdds-2330-xmbvw-1183399999, networkLocation: /default-rack, certSerialId: null}
2019-10-18 13:01:17,840 [IPC Server handler 5 on 35124] INFO  net.NetworkTopology (NetworkTopologyImpl.java:add(111)) - Added a new node: /default-rack/854811ee-a3a8-4b6b-9252-e41564569ef8
2019-10-18 13:01:17,840 [IPC Server handler 5 on 35124] INFO  node.SCMNodeManager (SCMNodeManager.java:register(268)) - Registered Data node : 854811ee-a3a8-4b6b-9252-e41564569ef8{ip: 192.168.34.56, host: pr-hdds-2330-xmbvw-1183399999, networkLocation: /default-rack, certSerialId: null}
2019-10-18 13:01:17,919 [IPC Server handler 7 on 35124] INFO  net.NetworkTopology (NetworkTopologyImpl.java:add(111)) - Added a new node: /default-rack/e5bb327f-cdd7-4e49-919e-13a4c895fddf
2019-10-18 13:01:17,921 [IPC Server handler 7 on 35124] INFO  node.SCMNodeManager (SCMNodeManager.java:register(268)) - Registered Data node : e5bb327f-cdd7-4e49-919e-13a4c895fddf{ip: 192.168.34.56, host: pr-hdds-2330-xmbvw-1183399999, networkLocation: /default-rack, certSerialId: null}
2019-10-18 13:01:18,019 [IPC Server handler 6 on 35124] INFO  net.NetworkTopology (NetworkTopologyImpl.java:add(111)) - Added a new node: /default-rack/896cef04-248b-470f-8c5c-c9acb81bb157
2019-10-18 13:01:18,020 [IPC Server handler 6 on 35124] INFO  node.SCMNodeManager (SCMNodeManager.java:register(268)) - Registered Data node : 896cef04-248b-470f-8c5c-c9acb81bb157{ip: 192.168.34.56, host: pr-hdds-2330-xmbvw-1183399999, networkLocation: /default-rack, certSerialId: null}
2019-10-18 13:01:18,110 [IPC Server handler 9 on 35124] INFO  net.NetworkTopology (NetworkTopologyImpl.java:add(111)) - Added a new node: /default-rack/c124d131-afb9-4343-ad4e-aaebde613043
2019-10-18 13:01:18,110 [IPC Server handler 9 on 35124] INFO  node.SCMNodeManager (SCMNodeManager.java:register(268)) - Registered Data node : c124d131-afb9-4343-ad4e-aaebde613043{ip: 192.168.34.56, host: pr-hdds-2330-xmbvw-1183399999, networkLocation: /default-rack, certSerialId: null}
2019-10-18 13:01:18,182 [IPC Server handler 8 on 35124] INFO  net.NetworkTopology (NetworkTopologyImpl.java:add(111)) - Added a new node: /default-rack/8697df36-98d2-41b1-bdc7-60597b3b5526
2019-10-18 13:01:18,183 [IPC Server handler 8 on 35124] INFO  node.SCMNodeManager (SCMNodeManager.java:register(268)) - Registered Data node : 8697df36-98d2-41b1-bdc7-60597b3b5526{ip: 192.168.34.56, host: pr-hdds-2330-xmbvw-1183399999, networkLocation: /default-rack, certSerialId: null}
2019-10-18 13:01:18,241 [main] INFO  ozone.MiniOzoneClusterImpl (MiniOzoneClusterImpl.java:lambda$waitForClusterToBeReady$0(147)) - Waiting for cluster to be ready. Got 9 of 10 DN Heartbeats.
2019-10-18 13:01:18,246 [IPC Server handler 11 on 35124] INFO  net.NetworkTopology (NetworkTopologyImpl.java:add(111)) - Added a new node: /default-rack/018b3f78-d19f-4e26-a796-cb8ddc4f97cf
2019-10-18 13:01:18,246 [IPC Server handler 11 on 35124] INFO  node.SCMNodeManager (SCMNodeManager.java:register(268)) - Registered Data node : 018b3f78-d19f-4e26-a796-cb8ddc4f97cf{ip: 192.168.34.56, host: pr-hdds-2330-xmbvw-1183399999, networkLocation: /default-rack, certSerialId: null}
2019-10-18 13:01:18,250 [grpc-default-executor-0] INFO  impl.RaftServerProxy (RaftServerProxy.java:addNew(89)) - 893cf03e-f2cf-478a-892a-a746717e50e3: addNew group-BC2C93E61854:[893cf03e-f2cf-478a-892a-a746717e50e3:192.168.34.56:40750] returns group-BC2C93E61854:java.util.concurrent.CompletableFuture@1c4eaa47[Not completed]
2019-10-18 13:01:18,299 [pool-27-thread-1] INFO  impl.RaftServerImpl (RaftServerImpl.java:<init>(104)) - 893cf03e-f2cf-478a-892a-a746717e50e3: new RaftServerImpl for group-BC2C93E61854:[893cf03e-f2cf-478a-892a-a746717e50e3:192.168.34.56:40750] with ContainerStateMachine:uninitialized
2019-10-18 13:01:18,301 [pool-27-thread-1] INFO  server.RaftServerConfigKeys (ConfUtils.java:logGet(43)) - raft.server.rpc.timeout.min = 1s (custom)
2019-10-18 13:01:18,303 [pool-27-thread-1] INFO  server.RaftServerConfigKeys (ConfUtils.java:logGet(43)) - raft.server.rpc.timeout.max = 1200ms (custom)
2019-10-18 13:01:18,304 [pool-27-thread-1] INFO  server.RaftServerConfigKeys (ConfUtils.java:logGet(43)) - raft.server.rpcslowness.timeout = 120s (custom)
2019-10-18 13:01:18,304 [pool-27-thread-1] INFO  server.RaftServerConfigKeys (ConfUtils.java:logGet(43)) - raft.server.sleep.deviation.threshold = 300 (default)
2019-10-18 13:01:18,305 [pool-27-thread-1] INFO  server.RaftServerConfigKeys (ConfUtils.java:logGet(43)) - raft.server.log.appender.install.snapshot.enabled = false (custom)
2019-10-18 13:01:18,313 [pool-27-thread-1] INFO  impl.RaftServerImpl (ServerState.java:<init>(103)) - 893cf03e-f2cf-478a-892a-a746717e50e3@group-BC2C93E61854: ConfigurationManager, init=-1: [893cf03e-f2cf-478a-892a-a746717e50e3:192.168.34.56:40750], old=null, confs=<EMPTY_MAP>
2019-10-18 13:01:18,313 [pool-27-thread-1] INFO  server.RaftServerConfigKeys (ConfUtils.java:logGet(43)) - raft.server.storage.dir = [/workdir/hadoop-ozone/integration-test/target/test-dir/MiniOzoneClusterImpl-206d85c3-6704-4dbf-80de-7c3e9cc4f072/datanode-0/data/ratis] (custom)
2019-10-18 13:01:18,319 [pool-27-thread-1] INFO  server.RaftServerConfigKeys (ConfUtils.java:logGet(43)) - raft.server.log.corruption.policy = EXCEPTION (default)
2019-10-18 13:01:18,321 [pool-27-thread-1] INFO  storage.RaftStorageDirectory (RaftStorageDirectory.java:analyzeStorage(246)) - The storage directory /workdir/hadoop-ozone/integration-test/target/test-dir/MiniOzoneClusterImpl-206d85c3-6704-4dbf-80de-7c3e9cc4f072/datanode-0/data/ratis/5f545a6e-ff84-431a-b63e-bc2c93e61854 does not exist. Creating ...
2019-10-18 13:01:18,374 [pool-27-thread-1] INFO  storage.RaftStorageDirectory (RaftStorageDirectory.java:tryLock(328)) - Lock on /workdir/hadoop-ozone/integration-test/target/test-dir/MiniOzoneClusterImpl-206d85c3-6704-4dbf-80de-7c3e9cc4f072/datanode-0/data/ratis/5f545a6e-ff84-431a-b63e-bc2c93e61854/in_use.lock acquired by nodename 11498@pr-hdds-2330-xmbvw-1183399999
2019-10-18 13:01:18,398 [pool-27-thread-1] INFO  storage.RaftStorage (RaftStorage.java:format(84)) - Storage directory /workdir/hadoop-ozone/integration-test/target/test-dir/MiniOzoneClusterImpl-206d85c3-6704-4dbf-80de-7c3e9cc4f072/datanode-0/data/ratis/5f545a6e-ff84-431a-b63e-bc2c93e61854 has been successfully formatted.
2019-10-18 13:01:18,401 [pool-27-thread-1] INFO  ratis.ContainerStateMachine (ContainerStateMachine.java:loadSnapshot(231)) - group-BC2C93E61854: The snapshot info is null. Setting the last applied indexto:(t:0, i:~)
2019-10-18 13:01:18,401 [pool-27-thread-1] INFO  server.RaftServerConfigKeys (ConfUtils.java:logGet(43)) - raft.server.notification.no-leader.timeout = 120s (custom)
2019-10-18 13:01:18,404 [pool-27-thread-1] INFO  server.RaftServerConfigKeys (ConfUtils.java:logGet(43)) - raft.server.log.use.memory = false (default)
2019-10-18 13:01:18,412 [pool-27-thread-1] INFO  server.RaftServerConfigKeys (ConfUtils.java:logGet(43)) - raft.server.log.purge.gap = 1000000 (custom)
2019-10-18 13:01:18,412 [pool-27-thread-1] INFO  server.RaftServerConfigKeys (ConfUtils.java:logGet(43)) - raft.server.log.appender.buffer.byte-limit = 33554432 (custom)
2019-10-18 13:01:18,415 [pool-27-thread-1] INFO  server.RaftServerConfigKeys (ConfUtils.java:logGet(43)) - raft.server.log.segment.size.max = 1048576 (custom)
2019-10-18 13:01:18,417 [pool-27-thread-1] INFO  impl.MetricsSystemImpl (MetricsSystemImpl.java:init(158)) - ratis metrics system started (again)
2019-10-18 13:01:18,423 [pool-27-thread-1] INFO  metrics.MetricRegistries (MetricRegistriesLoader.java:load(64)) - Loaded MetricRegistries class org.apache.ratis.metrics.impl.MetricRegistriesImpl
2019-10-18 13:01:18,466 [pool-27-thread-1] INFO  server.RaftServerConfigKeys (ConfUtils.java:logGet(43)) - raft.server.log.segment.cache.num.max = 2 (custom)
2019-10-18 13:01:18,472 [pool-27-thread-1] INFO  segmented.SegmentedRaftLogWorker (SegmentedRaftLogWorker.java:<init>(173)) - new 893cf03e-f2cf-478a-892a-a746717e50e3@group-BC2C93E61854-SegmentedRaftLogWorker for RaftStorage:Storage Directory /workdir/hadoop-ozone/integration-test/target/test-dir/MiniOzoneClusterImpl-206d85c3-6704-4dbf-80de-7c3e9cc4f072/datanode-0/data/ratis/5f545a6e-ff84-431a-b63e-bc2c93e61854
2019-10-18 13:01:18,473 [pool-27-thread-1] INFO  server.RaftServerConfigKeys (ConfUtils.java:logGet(43)) - raft.server.log.queue.byte-limit = 2147483647 (custom)
2019-10-18 13:01:18,473 [pool-27-thread-1] INFO  server.RaftServerConfigKeys (ConfUtils.java:logGet(43)) - raft.server.log.queue.element-limit = 1024 (custom)
2019-10-18 13:01:18,474 [pool-27-thread-1] INFO  server.RaftServerConfigKeys (ConfUtils.java:logGet(43)) - raft.server.log.segment.size.max = 1048576 (custom)
2019-10-18 13:01:18,475 [pool-27-thread-1] INFO  server.RaftServerConfigKeys (ConfUtils.java:logGet(43)) - raft.server.log.preallocated.size = 16384 (custom)
2019-10-18 13:01:18,475 [pool-27-thread-1] INFO  server.RaftServerConfigKeys (ConfUtils.java:logGet(43)) - raft.server.log.write.buffer.size = 33554432 (custom)
2019-10-18 13:01:18,475 [pool-27-thread-1] INFO  server.RaftServerConfigKeys (ConfUtils.java:logGet(43)) - raft.server.log.force.sync.num = 128 (default)
2019-10-18 13:01:18,476 [pool-27-thread-1] INFO  server.RaftServerConfigKeys (ConfUtils.java:logGet(43)) - raft.server.log.statemachine.data.sync = true (default)
2019-10-18 13:01:18,476 [pool-27-thread-1] INFO  server.RaftServerConfigKeys (ConfUtils.java:logGet(43)) - raft.server.log.statemachine.data.sync.timeout = 10s (default)
2019-10-18 13:01:18,477 [pool-27-thread-1] INFO  server.RaftServerConfigKeys (ConfUtils.java:logGet(43)) - raft.server.log.statemachine.data.sync.timeout.retry = -1 (default)
2019-10-18 13:01:18,488 [pool-27-thread-1] INFO  server.RaftServerConfigKeys (ConfUtils.java:logGet(43)) - raft.server.log.statemachine.data.caching.enabled = true (custom)
2019-10-18 13:01:18,493 [pool-27-thread-1] INFO  segmented.SegmentedRaftLogWorker (SegmentedRaftLogWorker.java:lambda$new$0(128)) - 893cf03e-f2cf-478a-892a-a746717e50e3@group-BC2C93E61854-SegmentedRaftLogWorker: flushIndex: setUnconditionally 0 -> -1
2019-10-18 13:01:18,497 [pool-27-thread-1] INFO  server.RaftServerConfigKeys (ConfUtils.java:logGet(43)) - raft.server.snapshot.auto.trigger.enabled = true (custom)
2019-10-18 13:01:18,498 [pool-27-thread-1] INFO  server.RaftServerConfigKeys (ConfUtils.java:logGet(43)) - raft.server.snapshot.auto.trigger.threshold = 10000 (custom)
2019-10-18 13:01:18,498 [pool-27-thread-1] INFO  server.RaftServerConfigKeys (ConfUtils.java:logGet(43)) - raft.server.snapshot.retention.file.num = 5 (custom)
2019-10-18 13:01:18,498 [pool-27-thread-1] INFO  server.RaftServerConfigKeys (ConfUtils.java:logGet(43)) - raft.server.retrycache.expirytime = 600000ms (custom)
2019-10-18 13:01:18,526 [pool-27-thread-1] INFO  impl.RaftServerImpl (RaftServerImpl.java:start(195)) - 893cf03e-f2cf-478a-892a-a746717e50e3@group-BC2C93E61854: start as a follower, conf=-1: [893cf03e-f2cf-478a-892a-a746717e50e3:192.168.34.56:40750], old=null
2019-10-18 13:01:18,527 [pool-27-thread-1] INFO  impl.RaftServerImpl (RaftServerImpl.java:setRole(184)) - 893cf03e-f2cf-478a-892a-a746717e50e3@group-BC2C93E61854: changes role from      null to FOLLOWER at term 0 for startAsFollower
2019-10-18 13:01:18,528 [pool-27-thread-1] INFO  impl.RoleInfo (RoleInfo.java:updateAndGet(143)) - 893cf03e-f2cf-478a-892a-a746717e50e3: start FollowerState
2019-10-18 13:01:18,530 [pool-27-thread-1] INFO  util.JmxRegister (JmxRegister.java:tryRegister(44)) - Successfully registered JMX Bean with object name Ratis:service=RaftServer,group=group-BC2C93E61854,id=893cf03e-f2cf-478a-892a-a746717e50e3
2019-10-18 13:01:18,534 [Thread-285] INFO  impl.FollowerState (FollowerState.java:run(108)) - 893cf03e-f2cf-478a-892a-a746717e50e3@group-BC2C93E61854-FollowerState: change to CANDIDATE, lastRpcTime:5ms, electionTimeout:5ms
2019-10-18 13:01:18,538 [Thread-285] INFO  impl.RoleInfo (RoleInfo.java:shutdownFollowerState(121)) - 893cf03e-f2cf-478a-892a-a746717e50e3: shutdown FollowerState
2019-10-18 13:01:18,539 [Thread-285] INFO  impl.RaftServerImpl (RaftServerImpl.java:setRole(184)) - 893cf03e-f2cf-478a-892a-a746717e50e3@group-BC2C93E61854: changes role from  FOLLOWER to CANDIDATE at term 0 for changeToCandidate
2019-10-18 13:01:18,544 [Thread-285] INFO  impl.RoleInfo (RoleInfo.java:updateAndGet(143)) - 893cf03e-f2cf-478a-892a-a746717e50e3: start LeaderElection
2019-10-18 13:01:18,598 [893cf03e-f2cf-478a-892a-a746717e50e3@group-BC2C93E61854-LeaderElection1] INFO  impl.LeaderElection (LeaderElection.java:askForVotes(178)) - 893cf03e-f2cf-478a-892a-a746717e50e3@group-BC2C93E61854-LeaderElection1: begin an election at term 1 for -1: [893cf03e-f2cf-478a-892a-a746717e50e3:192.168.34.56:40750], old=null
2019-10-18 13:01:18,600 [893cf03e-f2cf-478a-892a-a746717e50e3@group-BC2C93E61854-LeaderElection1] INFO  impl.RoleInfo (RoleInfo.java:shutdownLeaderElection(134)) - 893cf03e-f2cf-478a-892a-a746717e50e3: shutdown LeaderElection
2019-10-18 13:01:18,601 [893cf03e-f2cf-478a-892a-a746717e50e3@group-BC2C93E61854-LeaderElection1] INFO  impl.RaftServerImpl (RaftServerImpl.java:setRole(184)) - 893cf03e-f2cf-478a-892a-a746717e50e3@group-BC2C93E61854: changes role from CANDIDATE to LEADER at term 1 for changeToLeader
2019-10-18 13:01:18,601 [893cf03e-f2cf-478a-892a-a746717e50e3@group-BC2C93E61854-LeaderElection1] INFO  impl.RaftServerImpl (ServerState.java:setLeader(256)) - 893cf03e-f2cf-478a-892a-a746717e50e3@group-BC2C93E61854: change Leader from null to 893cf03e-f2cf-478a-892a-a746717e50e3 at term 1 for becomeLeader, leader elected after 199ms
2019-10-18 13:01:18,603 [RatisPipelineUtilsThread] INFO  pipeline.PipelineStateManager (PipelineStateManager.java:addPipeline(56)) - Created pipeline Pipeline[ Id: 5f545a6e-ff84-431a-b63e-bc2c93e61854, Nodes: 893cf03e-f2cf-478a-892a-a746717e50e3{ip: 192.168.34.56, host: pr-hdds-2330-xmbvw-1183399999, networkLocation: /default-rack, certSerialId: null}, Type:RATIS, Factor:ONE, State:OPEN]
2019-10-18 13:01:18,609 [893cf03e-f2cf-478a-892a-a746717e50e3@group-BC2C93E61854-LeaderElection1] INFO  server.RaftServerConfigKeys (ConfUtils.java:logGet(43)) - raft.server.staging.catchup.gap = 1000 (default)
2019-10-18 13:01:18,610 [893cf03e-f2cf-478a-892a-a746717e50e3@group-BC2C93E61854-LeaderElection1] INFO  server.RaftServerConfigKeys (ConfUtils.java:logGet(43)) - raft.server.rpc.sleep.time = 25ms (default)
2019-10-18 13:01:18,622 [893cf03e-f2cf-478a-892a-a746717e50e3@group-BC2C93E61854-LeaderElection1] INFO  server.RaftServerConfigKeys (ConfUtils.java:logGet(43)) - raft.server.write.element-limit = 4096 (default)
2019-10-18 13:01:18,625 [grpc-default-executor-0] INFO  impl.RaftServerProxy (RaftServerProxy.java:addNew(89)) - 896cef04-248b-470f-8c5c-c9acb81bb157: addNew group-98127B677255:[896cef04-248b-470f-8c5c-c9acb81bb157:192.168.34.56:37940] returns group-98127B677255:java.util.concurrent.CompletableFuture@6b00b5a4[Not completed]
2019-10-18 13:01:18,668 [893cf03e-f2cf-478a-892a-a746717e50e3@group-BC2C93E61854-LeaderElection1] INFO  server.RaftServerConfigKeys (ConfUtils.java:logGet(43)) - raft.server.watch.timeout = 10s (default)
2019-10-18 13:01:18,668 [893cf03e-f2cf-478a-892a-a746717e50e3@group-BC2C93E61854-LeaderElection1] INFO  server.RaftServerConfigKeys (ConfUtils.java:logGet(43)) - raft.server.watch.timeout.denomination = 1s (default)
2019-10-18 13:01:18,671 [pool-87-thread-1] INFO  impl.RaftServerImpl (RaftServerImpl.java:<init>(104)) - 896cef04-248b-470f-8c5c-c9acb81bb157: new RaftServerImpl for group-98127B677255:[896cef04-248b-470f-8c5c-c9acb81bb157:192.168.34.56:37940] with ContainerStateMachine:uninitialized
2019-10-18 13:01:18,672 [pool-87-thread-1] INFO  server.RaftServerConfigKeys (ConfUtils.java:logGet(43)) - raft.server.rpc.timeout.min = 1s (custom)
2019-10-18 13:01:18,672 [pool-87-thread-1] INFO  server.RaftServerConfigKeys (ConfUtils.java:logGet(43)) - raft.server.rpc.timeout.max = 1200ms (custom)
2019-10-18 13:01:18,672 [pool-87-thread-1] INFO  server.RaftServerConfigKeys (ConfUtils.java:logGet(43)) - raft.server.rpcslowness.timeout = 120s (custom)
2019-10-18 13:01:18,672 [pool-87-thread-1] INFO  server.RaftServerConfigKeys (ConfUtils.java:logGet(43)) - raft.server.sleep.deviation.threshold = 300 (default)
2019-10-18 13:01:18,672 [893cf03e-f2cf-478a-892a-a746717e50e3@group-BC2C93E61854-LeaderElection1] INFO  server.RaftServerConfigKeys (ConfUtils.java:logGet(43)) - raft.server.watch.element-limit = 65536 (default)
2019-10-18 13:01:18,672 [pool-87-thread-1] INFO  server.RaftServerConfigKeys (ConfUtils.java:logGet(43)) - raft.server.log.appender.install.snapshot.enabled = false (custom)
2019-10-18 13:01:18,672 [pool-87-thread-1] INFO  impl.RaftServerImpl (ServerState.java:<init>(103)) - 896cef04-248b-470f-8c5c-c9acb81bb157@group-98127B677255: ConfigurationManager, init=-1: [896cef04-248b-470f-8c5c-c9acb81bb157:192.168.34.56:37940], old=null, confs=<EMPTY_MAP>
2019-10-18 13:01:18,673 [pool-87-thread-1] INFO  server.RaftServerConfigKeys (ConfUtils.java:logGet(43)) - raft.server.storage.dir = [/workdir/hadoop-ozone/integration-test/target/test-dir/MiniOzoneClusterImpl-206d85c3-6704-4dbf-80de-7c3e9cc4f072/datanode-6/data/ratis] (custom)
2019-10-18 13:01:18,673 [pool-87-thread-1] INFO  server.RaftServerConfigKeys (ConfUtils.java:logGet(43)) - raft.server.log.corruption.policy = EXCEPTION (default)
2019-10-18 13:01:18,673 [pool-87-thread-1] INFO  storage.RaftStorageDirectory (RaftStorageDirectory.java:analyzeStorage(246)) - The storage directory /workdir/hadoop-ozone/integration-test/target/test-dir/MiniOzoneClusterImpl-206d85c3-6704-4dbf-80de-7c3e9cc4f072/datanode-6/data/ratis/98649185-437b-4d5f-9a61-98127b677255 does not exist. Creating ...
2019-10-18 13:01:18,687 [893cf03e-f2cf-478a-892a-a746717e50e3@group-BC2C93E61854-LeaderElection1] INFO  impl.RoleInfo (RoleInfo.java:updateAndGet(143)) - 893cf03e-f2cf-478a-892a-a746717e50e3: start LeaderState
2019-10-18 13:01:18,711 [893cf03e-f2cf-478a-892a-a746717e50e3@group-BC2C93E61854-LeaderElection1] INFO  segmented.SegmentedRaftLogWorker (SegmentedRaftLogWorker.java:startLogSegment(385)) - 893cf03e-f2cf-478a-892a-a746717e50e3@group-BC2C93E61854-SegmentedRaftLogWorker: Starting segment from index:0
2019-10-18 13:01:18,722 [893cf03e-f2cf-478a-892a-a746717e50e3@group-BC2C93E61854-LeaderElection1] INFO  impl.RaftServerImpl (ServerState.java:setRaftConf(357)) - 893cf03e-f2cf-478a-892a-a746717e50e3@group-BC2C93E61854: set configuration 0: [893cf03e-f2cf-478a-892a-a746717e50e3:192.168.34.56:40750], old=null at 0
2019-10-18 13:01:18,771 [pool-87-thread-1] INFO  storage.RaftStorageDirectory (RaftStorageDirectory.java:tryLock(328)) - Lock on /workdir/hadoop-ozone/integration-test/target/test-dir/MiniOzoneClusterImpl-206d85c3-6704-4dbf-80de-7c3e9cc4f072/datanode-6/data/ratis/98649185-437b-4d5f-9a61-98127b677255/in_use.lock acquired by nodename 11498@pr-hdds-2330-xmbvw-1183399999
2019-10-18 13:01:18,816 [pool-87-thread-1] INFO  storage.RaftStorage (RaftStorage.java:format(84)) - Storage directory /workdir/hadoop-ozone/integration-test/target/test-dir/MiniOzoneClusterImpl-206d85c3-6704-4dbf-80de-7c3e9cc4f072/datanode-6/data/ratis/98649185-437b-4d5f-9a61-98127b677255 has been successfully formatted.
2019-10-18 13:01:18,818 [pool-87-thread-1] INFO  ratis.ContainerStateMachine (ContainerStateMachine.java:loadSnapshot(231)) - group-98127B677255: The snapshot info is null. Setting the last applied indexto:(t:0, i:~)
2019-10-18 13:01:18,820 [pool-87-thread-1] INFO  server.RaftServerConfigKeys (ConfUtils.java:logGet(43)) - raft.server.notification.no-leader.timeout = 120s (custom)
2019-10-18 13:01:18,820 [pool-87-thread-1] INFO  server.RaftServerConfigKeys (ConfUtils.java:logGet(43)) - raft.server.log.use.memory = false (default)
2019-10-18 13:01:18,821 [pool-87-thread-1] INFO  server.RaftServerConfigKeys (ConfUtils.java:logGet(43)) - raft.server.log.purge.gap = 1000000 (custom)
2019-10-18 13:01:18,821 [pool-87-thread-1] INFO  server.RaftServerConfigKeys (ConfUtils.java:logGet(43)) - raft.server.log.appender.buffer.byte-limit = 33554432 (custom)
2019-10-18 13:01:18,821 [pool-87-thread-1] INFO  server.RaftServerConfigKeys (ConfUtils.java:logGet(43)) - raft.server.log.segment.size.max = 1048576 (custom)
2019-10-18 13:01:18,897 [pool-87-thread-1] INFO  server.RaftServerConfigKeys (ConfUtils.java:logGet(43)) - raft.server.log.segment.cache.num.max = 2 (custom)
2019-10-18 13:01:18,897 [pool-87-thread-1] INFO  segmented.SegmentedRaftLogWorker (SegmentedRaftLogWorker.java:<init>(173)) - new 896cef04-248b-470f-8c5c-c9acb81bb157@group-98127B677255-SegmentedRaftLogWorker for RaftStorage:Storage Directory /workdir/hadoop-ozone/integration-test/target/test-dir/MiniOzoneClusterImpl-206d85c3-6704-4dbf-80de-7c3e9cc4f072/datanode-6/data/ratis/98649185-437b-4d5f-9a61-98127b677255
2019-10-18 13:01:18,897 [pool-87-thread-1] INFO  server.RaftServerConfigKeys (ConfUtils.java:logGet(43)) - raft.server.log.queue.byte-limit = 2147483647 (custom)
2019-10-18 13:01:18,897 [pool-87-thread-1] INFO  server.RaftServerConfigKeys (ConfUtils.java:logGet(43)) - raft.server.log.queue.element-limit = 1024 (custom)
2019-10-18 13:01:18,898 [pool-87-thread-1] INFO  server.RaftServerConfigKeys (ConfUtils.java:logGet(43)) - raft.server.log.segment.size.max = 1048576 (custom)
2019-10-18 13:01:18,898 [pool-87-thread-1] INFO  server.RaftServerConfigKeys (ConfUtils.java:logGet(43)) - raft.server.log.preallocated.size = 16384 (custom)
2019-10-18 13:01:18,898 [pool-87-thread-1] INFO  server.RaftServerConfigKeys (ConfUtils.java:logGet(43)) - raft.server.log.write.buffer.size = 33554432 (custom)
2019-10-18 13:01:18,898 [pool-87-thread-1] INFO  server.RaftServerConfigKeys (ConfUtils.java:logGet(43)) - raft.server.log.force.sync.num = 128 (default)
2019-10-18 13:01:18,898 [pool-87-thread-1] INFO  server.RaftServerConfigKeys (ConfUtils.java:logGet(43)) - raft.server.log.statemachine.data.sync = true (default)
2019-10-18 13:01:18,898 [pool-87-thread-1] INFO  server.RaftServerConfigKeys (ConfUtils.java:logGet(43)) - raft.server.log.statemachine.data.sync.timeout = 10s (default)
2019-10-18 13:01:18,899 [pool-87-thread-1] INFO  server.RaftServerConfigKeys (ConfUtils.java:logGet(43)) - raft.server.log.statemachine.data.sync.timeout.retry = -1 (default)
2019-10-18 13:01:18,899 [pool-87-thread-1] INFO  server.RaftServerConfigKeys (ConfUtils.java:logGet(43)) - raft.server.log.statemachine.data.caching.enabled = true (custom)
2019-10-18 13:01:18,900 [pool-87-thread-1] INFO  segmented.SegmentedRaftLogWorker (SegmentedRaftLogWorker.java:lambda$new$0(128)) - 896cef04-248b-470f-8c5c-c9acb81bb157@group-98127B677255-SegmentedRaftLogWorker: flushIndex: setUnconditionally 0 -> -1
2019-10-18 13:01:18,900 [pool-87-thread-1] INFO  server.RaftServerConfigKeys (ConfUtils.java:logGet(43)) - raft.server.snapshot.auto.trigger.enabled = true (custom)
2019-10-18 13:01:18,900 [pool-87-thread-1] INFO  server.RaftServerConfigKeys (ConfUtils.java:logGet(43)) - raft.server.snapshot.auto.trigger.threshold = 10000 (custom)
2019-10-18 13:01:18,900 [pool-87-thread-1] INFO  server.RaftServerConfigKeys (ConfUtils.java:logGet(43)) - raft.server.snapshot.retention.file.num = 5 (custom)
2019-10-18 13:01:18,901 [pool-87-thread-1] INFO  server.RaftServerConfigKeys (ConfUtils.java:logGet(43)) - raft.server.retrycache.expirytime = 600000ms (custom)
2019-10-18 13:01:18,910 [pool-87-thread-1] INFO  impl.RaftServerImpl (RaftServerImpl.java:start(195)) - 896cef04-248b-470f-8c5c-c9acb81bb157@group-98127B677255: start as a follower, conf=-1: [896cef04-248b-470f-8c5c-c9acb81bb157:192.168.34.56:37940], old=null
2019-10-18 13:01:18,911 [pool-87-thread-1] INFO  impl.RaftServerImpl (RaftServerImpl.java:setRole(184)) - 896cef04-248b-470f-8c5c-c9acb81bb157@group-98127B677255: changes role from      null to FOLLOWER at term 0 for startAsFollower
2019-10-18 13:01:18,911 [pool-87-thread-1] INFO  impl.RoleInfo (RoleInfo.java:updateAndGet(143)) - 896cef04-248b-470f-8c5c-c9acb81bb157: start FollowerState
2019-10-18 13:01:18,911 [pool-87-thread-1] INFO  util.JmxRegister (JmxRegister.java:tryRegister(44)) - Successfully registered JMX Bean with object name Ratis:service=RaftServer,group=group-98127B677255,id=896cef04-248b-470f-8c5c-c9acb81bb157
2019-10-18 13:01:18,929 [RatisPipelineUtilsThread] INFO  pipeline.PipelineStateManager (PipelineStateManager.java:addPipeline(56)) - Created pipeline Pipeline[ Id: 98649185-437b-4d5f-9a61-98127b677255, Nodes: 896cef04-248b-470f-8c5c-c9acb81bb157{ip: 192.168.34.56, host: pr-hdds-2330-xmbvw-1183399999, networkLocation: /default-rack, certSerialId: null}, Type:RATIS, Factor:ONE, State:OPEN]
2019-10-18 13:01:18,938 [893cf03e-f2cf-478a-892a-a746717e50e3@group-BC2C93E61854-SegmentedRaftLogWorker] INFO  segmented.SegmentedRaftLogWorker (SegmentedRaftLogWorker.java:execute(576)) - 893cf03e-f2cf-478a-892a-a746717e50e3@group-BC2C93E61854-SegmentedRaftLogWorker: created new log segment /workdir/hadoop-ozone/integration-test/target/test-dir/MiniOzoneClusterImpl-206d85c3-6704-4dbf-80de-7c3e9cc4f072/datanode-0/data/ratis/5f545a6e-ff84-431a-b63e-bc2c93e61854/current/log_inprogress_0
2019-10-18 13:01:18,949 [grpc-default-executor-0] INFO  impl.RaftServerProxy (RaftServerProxy.java:addNew(89)) - 17618ccc-f51c-4f14-92cf-842ef2c05e35: addNew group-000569FFD44D:[17618ccc-f51c-4f14-92cf-842ef2c05e35:192.168.34.56:38851] returns group-000569FFD44D:java.util.concurrent.CompletableFuture@47ce82cb[Not completed]
2019-10-18 13:01:18,953 [pool-37-thread-1] INFO  impl.RaftServerImpl (RaftServerImpl.java:<init>(104)) - 17618ccc-f51c-4f14-92cf-842ef2c05e35: new RaftServerImpl for group-000569FFD44D:[17618ccc-f51c-4f14-92cf-842ef2c05e35:192.168.34.56:38851] with ContainerStateMachine:uninitialized
2019-10-18 13:01:18,954 [pool-37-thread-1] INFO  server.RaftServerConfigKeys (ConfUtils.java:logGet(43)) - raft.server.rpc.timeout.min = 1s (custom)
2019-10-18 13:01:18,954 [pool-37-thread-1] INFO  server.RaftServerConfigKeys (ConfUtils.java:logGet(43)) - raft.server.rpc.timeout.max = 1200ms (custom)
2019-10-18 13:01:18,954 [pool-37-thread-1] INFO  server.RaftServerConfigKeys (ConfUtils.java:logGet(43)) - raft.server.rpcslowness.timeout = 120s (custom)
2019-10-18 13:01:18,954 [pool-37-thread-1] INFO  server.RaftServerConfigKeys (ConfUtils.java:logGet(43)) - raft.server.sleep.deviation.threshold = 300 (default)
2019-10-18 13:01:18,954 [pool-37-thread-1] INFO  server.RaftServerConfigKeys (ConfUtils.java:logGet(43)) - raft.server.log.appender.install.snapshot.enabled = false (custom)
2019-10-18 13:01:18,954 [pool-37-thread-1] INFO  impl.RaftServerImpl (ServerState.java:<init>(103)) - 17618ccc-f51c-4f14-92cf-842ef2c05e35@group-000569FFD44D: ConfigurationManager, init=-1: [17618ccc-f51c-4f14-92cf-842ef2c05e35:192.168.34.56:38851], old=null, confs=<EMPTY_MAP>
2019-10-18 13:01:18,955 [pool-37-thread-1] INFO  server.RaftServerConfigKeys (ConfUtils.java:logGet(43)) - raft.server.storage.dir = [/workdir/hadoop-ozone/integration-test/target/test-dir/MiniOzoneClusterImpl-206d85c3-6704-4dbf-80de-7c3e9cc4f072/datanode-1/data/ratis] (custom)
2019-10-18 13:01:18,955 [pool-37-thread-1] INFO  server.RaftServerConfigKeys (ConfUtils.java:logGet(43)) - raft.server.log.corruption.policy = EXCEPTION (default)
2019-10-18 13:01:18,955 [pool-37-thread-1] INFO  storage.RaftStorageDirectory (RaftStorageDirectory.java:analyzeStorage(246)) - The storage directory /workdir/hadoop-ozone/integration-test/target/test-dir/MiniOzoneClusterImpl-206d85c3-6704-4dbf-80de-7c3e9cc4f072/datanode-1/data/ratis/03abb326-b938-4091-b31e-000569ffd44d does not exist. Creating ...
2019-10-18 13:01:19,006 [pool-37-thread-1] INFO  storage.RaftStorageDirectory (RaftStorageDirectory.java:tryLock(328)) - Lock on /workdir/hadoop-ozone/integration-test/target/test-dir/MiniOzoneClusterImpl-206d85c3-6704-4dbf-80de-7c3e9cc4f072/datanode-1/data/ratis/03abb326-b938-4091-b31e-000569ffd44d/in_use.lock acquired by nodename 11498@pr-hdds-2330-xmbvw-1183399999
2019-10-18 13:01:19,053 [Thread-290] INFO  impl.FollowerState (FollowerState.java:run(108)) - 896cef04-248b-470f-8c5c-c9acb81bb157@group-98127B677255-FollowerState: change to CANDIDATE, lastRpcTime:142ms, electionTimeout:142ms
2019-10-18 13:01:19,055 [Thread-290] INFO  impl.RoleInfo (RoleInfo.java:shutdownFollowerState(121)) - 896cef04-248b-470f-8c5c-c9acb81bb157: shutdown FollowerState
2019-10-18 13:01:19,056 [Thread-290] INFO  impl.RaftServerImpl (RaftServerImpl.java:setRole(184)) - 896cef04-248b-470f-8c5c-c9acb81bb157@group-98127B677255: changes role from  FOLLOWER to CANDIDATE at term 0 for changeToCandidate
2019-10-18 13:01:19,056 [Thread-290] INFO  impl.RoleInfo (RoleInfo.java:updateAndGet(143)) - 896cef04-248b-470f-8c5c-c9acb81bb157: start LeaderElection
2019-10-18 13:01:19,077 [pool-37-thread-1] INFO  storage.RaftStorage (RaftStorage.java:format(84)) - Storage directory /workdir/hadoop-ozone/integration-test/target/test-dir/MiniOzoneClusterImpl-206d85c3-6704-4dbf-80de-7c3e9cc4f072/datanode-1/data/ratis/03abb326-b938-4091-b31e-000569ffd44d has been successfully formatted.
2019-10-18 13:01:19,077 [pool-37-thread-1] INFO  ratis.ContainerStateMachine (ContainerStateMachine.java:loadSnapshot(231)) - group-000569FFD44D: The snapshot info is null. Setting the last applied indexto:(t:0, i:~)
2019-10-18 13:01:19,077 [pool-37-thread-1] INFO  server.RaftServerConfigKeys (ConfUtils.java:logGet(43)) - raft.server.notification.no-leader.timeout = 120s (custom)
2019-10-18 13:01:19,077 [pool-37-thread-1] INFO  server.RaftServerConfigKeys (ConfUtils.java:logGet(43)) - raft.server.log.use.memory = false (default)
2019-10-18 13:01:19,078 [pool-37-thread-1] INFO  server.RaftServerConfigKeys (ConfUtils.java:logGet(43)) - raft.server.log.purge.gap = 1000000 (custom)
2019-10-18 13:01:19,078 [pool-37-thread-1] INFO  server.RaftServerConfigKeys (ConfUtils.java:logGet(43)) - raft.server.log.appender.buffer.byte-limit = 33554432 (custom)
2019-10-18 13:01:19,078 [pool-37-thread-1] INFO  server.RaftServerConfigKeys (ConfUtils.java:logGet(43)) - raft.server.log.segment.size.max = 1048576 (custom)
2019-10-18 13:01:19,081 [pool-37-thread-1] INFO  server.RaftServerConfigKeys (ConfUtils.java:logGet(43)) - raft.server.log.segment.cache.num.max = 2 (custom)
2019-10-18 13:01:19,082 [pool-37-thread-1] INFO  segmented.SegmentedRaftLogWorker (SegmentedRaftLogWorker.java:<init>(173)) - new 17618ccc-f51c-4f14-92cf-842ef2c05e35@group-000569FFD44D-SegmentedRaftLogWorker for RaftStorage:Storage Directory /workdir/hadoop-ozone/integration-test/target/test-dir/MiniOzoneClusterImpl-206d85c3-6704-4dbf-80de-7c3e9cc4f072/datanode-1/data/ratis/03abb326-b938-4091-b31e-000569ffd44d
2019-10-18 13:01:19,082 [pool-37-thread-1] INFO  server.RaftServerConfigKeys (ConfUtils.java:logGet(43)) - raft.server.log.queue.byte-limit = 2147483647 (custom)
2019-10-18 13:01:19,082 [pool-37-thread-1] INFO  server.RaftServerConfigKeys (ConfUtils.java:logGet(43)) - raft.server.log.queue.element-limit = 1024 (custom)
2019-10-18 13:01:19,082 [pool-37-thread-1] INFO  server.RaftServerConfigKeys (ConfUtils.java:logGet(43)) - raft.server.log.segment.size.max = 1048576 (custom)
2019-10-18 13:01:19,082 [pool-37-thread-1] INFO  server.RaftServerConfigKeys (ConfUtils.java:logGet(43)) - raft.server.log.preallocated.size = 16384 (custom)
2019-10-18 13:01:19,082 [pool-37-thread-1] INFO  server.RaftServerConfigKeys (ConfUtils.java:logGet(43)) - raft.server.log.write.buffer.size = 33554432 (custom)
2019-10-18 13:01:19,082 [pool-37-thread-1] INFO  server.RaftServerConfigKeys (ConfUtils.java:logGet(43)) - raft.server.log.force.sync.num = 128 (default)
2019-10-18 13:01:19,082 [pool-37-thread-1] INFO  server.RaftServerConfigKeys (ConfUtils.java:logGet(43)) - raft.server.log.statemachine.data.sync = true (default)
2019-10-18 13:01:19,083 [pool-37-thread-1] INFO  server.RaftServerConfigKeys (ConfUtils.java:logGet(43)) - raft.server.log.statemachine.data.sync.timeout = 10s (default)
2019-10-18 13:01:19,083 [pool-37-thread-1] INFO  server.RaftServerConfigKeys (ConfUtils.java:logGet(43)) - raft.server.log.statemachine.data.sync.timeout.retry = -1 (default)
2019-10-18 13:01:19,083 [pool-37-thread-1] INFO  server.RaftServerConfigKeys (ConfUtils.java:logGet(43)) - raft.server.log.statemachine.data.caching.enabled = true (custom)
2019-10-18 13:01:19,083 [pool-37-thread-1] INFO  segmented.SegmentedRaftLogWorker (SegmentedRaftLogWorker.java:lambda$new$0(128)) - 17618ccc-f51c-4f14-92cf-842ef2c05e35@group-000569FFD44D-SegmentedRaftLogWorker: flushIndex: setUnconditionally 0 -> -1
2019-10-18 13:01:19,084 [pool-37-thread-1] INFO  server.RaftServerConfigKeys (ConfUtils.java:logGet(43)) - raft.server.snapshot.auto.trigger.enabled = true (custom)
2019-10-18 13:01:19,084 [pool-37-thread-1] INFO  server.RaftServerConfigKeys (ConfUtils.java:logGet(43)) - raft.server.snapshot.auto.trigger.threshold = 10000 (custom)
2019-10-18 13:01:19,084 [pool-37-thread-1] INFO  server.RaftServerConfigKeys (ConfUtils.java:logGet(43)) - raft.server.snapshot.retention.file.num = 5 (custom)
2019-10-18 13:01:19,084 [pool-37-thread-1] INFO  server.RaftServerConfigKeys (ConfUtils.java:logGet(43)) - raft.server.retrycache.expirytime = 600000ms (custom)
2019-10-18 13:01:19,143 [896cef04-248b-470f-8c5c-c9acb81bb157@group-98127B677255-LeaderElection2] INFO  impl.LeaderElection (LeaderElection.java:askForVotes(178)) - 896cef04-248b-470f-8c5c-c9acb81bb157@group-98127B677255-LeaderElection2: begin an election at term 1 for -1: [896cef04-248b-470f-8c5c-c9acb81bb157:192.168.34.56:37940], old=null
2019-10-18 13:01:19,144 [896cef04-248b-470f-8c5c-c9acb81bb157@group-98127B677255-LeaderElection2] INFO  impl.RoleInfo (RoleInfo.java:shutdownLeaderElection(134)) - 896cef04-248b-470f-8c5c-c9acb81bb157: shutdown LeaderElection
2019-10-18 13:01:19,144 [896cef04-248b-470f-8c5c-c9acb81bb157@group-98127B677255-LeaderElection2] INFO  impl.RaftServerImpl (RaftServerImpl.java:setRole(184)) - 896cef04-248b-470f-8c5c-c9acb81bb157@group-98127B677255: changes role from CANDIDATE to LEADER at term 1 for changeToLeader
2019-10-18 13:01:19,144 [896cef04-248b-470f-8c5c-c9acb81bb157@group-98127B677255-LeaderElection2] INFO  impl.RaftServerImpl (ServerState.java:setLeader(256)) - 896cef04-248b-470f-8c5c-c9acb81bb157@group-98127B677255: change Leader from null to 896cef04-248b-470f-8c5c-c9acb81bb157 at term 1 for becomeLeader, leader elected after 323ms
2019-10-18 13:01:19,145 [896cef04-248b-470f-8c5c-c9acb81bb157@group-98127B677255-LeaderElection2] INFO  server.RaftServerConfigKeys (ConfUtils.java:logGet(43)) - raft.server.staging.catchup.gap = 1000 (default)
2019-10-18 13:01:19,145 [896cef04-248b-470f-8c5c-c9acb81bb157@group-98127B677255-LeaderElection2] INFO  server.RaftServerConfigKeys (ConfUtils.java:logGet(43)) - raft.server.rpc.sleep.time = 25ms (default)
2019-10-18 13:01:19,146 [896cef04-248b-470f-8c5c-c9acb81bb157@group-98127B677255-LeaderElection2] INFO  server.RaftServerConfigKeys (ConfUtils.java:logGet(43)) - raft.server.write.element-limit = 4096 (default)
2019-10-18 13:01:19,146 [896cef04-248b-470f-8c5c-c9acb81bb157@group-98127B677255-LeaderElection2] INFO  server.RaftServerConfigKeys (ConfUtils.java:logGet(43)) - raft.server.watch.timeout = 10s (default)
2019-10-18 13:01:19,146 [896cef04-248b-470f-8c5c-c9acb81bb157@group-98127B677255-LeaderElection2] INFO  server.RaftServerConfigKeys (ConfUtils.java:logGet(43)) - raft.server.watch.timeout.denomination = 1s (default)
2019-10-18 13:01:19,147 [896cef04-248b-470f-8c5c-c9acb81bb157@group-98127B677255-LeaderElection2] INFO  server.RaftServerConfigKeys (ConfUtils.java:logGet(43)) - raft.server.watch.element-limit = 65536 (default)
2019-10-18 13:01:19,150 [pool-37-thread-1] INFO  impl.RaftServerImpl (RaftServerImpl.java:start(195)) - 17618ccc-f51c-4f14-92cf-842ef2c05e35@group-000569FFD44D: start as a follower, conf=-1: [17618ccc-f51c-4f14-92cf-842ef2c05e35:192.168.34.56:38851], old=null
2019-10-18 13:01:19,150 [pool-37-thread-1] INFO  impl.RaftServerImpl (RaftServerImpl.java:setRole(184)) - 17618ccc-f51c-4f14-92cf-842ef2c05e35@group-000569FFD44D: changes role from      null to FOLLOWER at term 0 for startAsFollower
2019-10-18 13:01:19,150 [pool-37-thread-1] INFO  impl.RoleInfo (RoleInfo.java:updateAndGet(143)) - 17618ccc-f51c-4f14-92cf-842ef2c05e35: start FollowerState
2019-10-18 13:01:19,150 [pool-37-thread-1] INFO  util.JmxRegister (JmxRegister.java:tryRegister(44)) - Successfully registered JMX Bean with object name Ratis:service=RaftServer,group=group-000569FFD44D,id=17618ccc-f51c-4f14-92cf-842ef2c05e35
2019-10-18 13:01:19,152 [896cef04-248b-470f-8c5c-c9acb81bb157@group-98127B677255-LeaderElection2] INFO  impl.RoleInfo (RoleInfo.java:updateAndGet(143)) - 896cef04-248b-470f-8c5c-c9acb81bb157: start LeaderState
2019-10-18 13:01:19,152 [896cef04-248b-470f-8c5c-c9acb81bb157@group-98127B677255-LeaderElection2] INFO  segmented.SegmentedRaftLogWorker (SegmentedRaftLogWorker.java:startLogSegment(385)) - 896cef04-248b-470f-8c5c-c9acb81bb157@group-98127B677255-SegmentedRaftLogWorker: Starting segment from index:0
2019-10-18 13:01:19,153 [896cef04-248b-470f-8c5c-c9acb81bb157@group-98127B677255-LeaderElection2] INFO  impl.RaftServerImpl (ServerState.java:setRaftConf(357)) - 896cef04-248b-470f-8c5c-c9acb81bb157@group-98127B677255: set configuration 0: [896cef04-248b-470f-8c5c-c9acb81bb157:192.168.34.56:37940], old=null at 0
2019-10-18 13:01:19,213 [RatisPipelineUtilsThread] INFO  pipeline.PipelineStateManager (PipelineStateManager.java:addPipeline(56)) - Created pipeline Pipeline[ Id: 03abb326-b938-4091-b31e-000569ffd44d, Nodes: 17618ccc-f51c-4f14-92cf-842ef2c05e35{ip: 192.168.34.56, host: pr-hdds-2330-xmbvw-1183399999, networkLocation: /default-rack, certSerialId: null}, Type:RATIS, Factor:ONE, State:OPEN]
2019-10-18 13:01:19,216 [Thread-295] INFO  impl.FollowerState (FollowerState.java:run(108)) - 17618ccc-f51c-4f14-92cf-842ef2c05e35@group-000569FFD44D-FollowerState: change to CANDIDATE, lastRpcTime:66ms, electionTimeout:66ms
2019-10-18 13:01:19,217 [Thread-295] INFO  impl.RoleInfo (RoleInfo.java:shutdownFollowerState(121)) - 17618ccc-f51c-4f14-92cf-842ef2c05e35: shutdown FollowerState
2019-10-18 13:01:19,217 [Thread-295] INFO  impl.RaftServerImpl (RaftServerImpl.java:setRole(184)) - 17618ccc-f51c-4f14-92cf-842ef2c05e35@group-000569FFD44D: changes role from  FOLLOWER to CANDIDATE at term 0 for changeToCandidate
2019-10-18 13:01:19,217 [Thread-295] INFO  impl.RoleInfo (RoleInfo.java:updateAndGet(143)) - 17618ccc-f51c-4f14-92cf-842ef2c05e35: start LeaderElection
2019-10-18 13:01:19,227 [896cef04-248b-470f-8c5c-c9acb81bb157@group-98127B677255-SegmentedRaftLogWorker] INFO  segmented.SegmentedRaftLogWorker (SegmentedRaftLogWorker.java:execute(576)) - 896cef04-248b-470f-8c5c-c9acb81bb157@group-98127B677255-SegmentedRaftLogWorker: created new log segment /workdir/hadoop-ozone/integration-test/target/test-dir/MiniOzoneClusterImpl-206d85c3-6704-4dbf-80de-7c3e9cc4f072/datanode-6/data/ratis/98649185-437b-4d5f-9a61-98127b677255/current/log_inprogress_0
2019-10-18 13:01:19,231 [grpc-default-executor-0] INFO  impl.RaftServerProxy (RaftServerProxy.java:addNew(89)) - 32d97539-eb73-46c6-a759-05f11ff00f4c: addNew group-315A7157CD34:[32d97539-eb73-46c6-a759-05f11ff00f4c:192.168.34.56:35929] returns group-315A7157CD34:java.util.concurrent.CompletableFuture@20abb88[Not completed]
2019-10-18 13:01:19,234 [pool-57-thread-1] INFO  impl.RaftServerImpl (RaftServerImpl.java:<init>(104)) - 32d97539-eb73-46c6-a759-05f11ff00f4c: new RaftServerImpl for group-315A7157CD34:[32d97539-eb73-46c6-a759-05f11ff00f4c:192.168.34.56:35929] with ContainerStateMachine:uninitialized
2019-10-18 13:01:19,235 [pool-57-thread-1] INFO  server.RaftServerConfigKeys (ConfUtils.java:logGet(43)) - raft.server.rpc.timeout.min = 1s (custom)
2019-10-18 13:01:19,235 [pool-57-thread-1] INFO  server.RaftServerConfigKeys (ConfUtils.java:logGet(43)) - raft.server.rpc.timeout.max = 1200ms (custom)
2019-10-18 13:01:19,235 [pool-57-thread-1] INFO  server.RaftServerConfigKeys (ConfUtils.java:logGet(43)) - raft.server.rpcslowness.timeout = 120s (custom)
2019-10-18 13:01:19,235 [pool-57-thread-1] INFO  server.RaftServerConfigKeys (ConfUtils.java:logGet(43)) - raft.server.sleep.deviation.threshold = 300 (default)
2019-10-18 13:01:19,235 [pool-57-thread-1] INFO  server.RaftServerConfigKeys (ConfUtils.java:logGet(43)) - raft.server.log.appender.install.snapshot.enabled = false (custom)
2019-10-18 13:01:19,235 [pool-57-thread-1] INFO  impl.RaftServerImpl (ServerState.java:<init>(103)) - 32d97539-eb73-46c6-a759-05f11ff00f4c@group-315A7157CD34: ConfigurationManager, init=-1: [32d97539-eb73-46c6-a759-05f11ff00f4c:192.168.34.56:35929], old=null, confs=<EMPTY_MAP>
2019-10-18 13:01:19,235 [pool-57-thread-1] INFO  server.RaftServerConfigKeys (ConfUtils.java:logGet(43)) - raft.server.storage.dir = [/workdir/hadoop-ozone/integration-test/target/test-dir/MiniOzoneClusterImpl-206d85c3-6704-4dbf-80de-7c3e9cc4f072/datanode-3/data/ratis] (custom)
2019-10-18 13:01:19,235 [pool-57-thread-1] INFO  server.RaftServerConfigKeys (ConfUtils.java:logGet(43)) - raft.server.log.corruption.policy = EXCEPTION (default)
2019-10-18 13:01:19,235 [pool-57-thread-1] INFO  storage.RaftStorageDirectory (RaftStorageDirectory.java:analyzeStorage(246)) - The storage directory /workdir/hadoop-ozone/integration-test/target/test-dir/MiniOzoneClusterImpl-206d85c3-6704-4dbf-80de-7c3e9cc4f072/datanode-3/data/ratis/180b8a94-82ee-4181-b7bd-315a7157cd34 does not exist. Creating ...
2019-10-18 13:01:19,241 [main] INFO  ozone.MiniOzoneClusterImpl (MiniOzoneClusterImpl.java:lambda$waitForClusterToBeReady$0(147)) - Cluster is ready. Got 10 of 10 DN Heartbeats.
2019-10-18 13:01:19,258 [pool-57-thread-1] INFO  storage.RaftStorageDirectory (RaftStorageDirectory.java:tryLock(328)) - Lock on /workdir/hadoop-ozone/integration-test/target/test-dir/MiniOzoneClusterImpl-206d85c3-6704-4dbf-80de-7c3e9cc4f072/datanode-3/data/ratis/180b8a94-82ee-4181-b7bd-315a7157cd34/in_use.lock acquired by nodename 11498@pr-hdds-2330-xmbvw-1183399999
2019-10-18 13:01:19,258 [17618ccc-f51c-4f14-92cf-842ef2c05e35@group-000569FFD44D-LeaderElection3] INFO  impl.LeaderElection (LeaderElection.java:askForVotes(178)) - 17618ccc-f51c-4f14-92cf-842ef2c05e35@group-000569FFD44D-LeaderElection3: begin an election at term 1 for -1: [17618ccc-f51c-4f14-92cf-842ef2c05e35:192.168.34.56:38851], old=null
2019-10-18 13:01:19,259 [17618ccc-f51c-4f14-92cf-842ef2c05e35@group-000569FFD44D-LeaderElection3] INFO  impl.RoleInfo (RoleInfo.java:shutdownLeaderElection(134)) - 17618ccc-f51c-4f14-92cf-842ef2c05e35: shutdown LeaderElection
2019-10-18 13:01:19,259 [17618ccc-f51c-4f14-92cf-842ef2c05e35@group-000569FFD44D-LeaderElection3] INFO  impl.RaftServerImpl (RaftServerImpl.java:setRole(184)) - 17618ccc-f51c-4f14-92cf-842ef2c05e35@group-000569FFD44D: changes role from CANDIDATE to LEADER at term 1 for changeToLeader
2019-10-18 13:01:19,259 [17618ccc-f51c-4f14-92cf-842ef2c05e35@group-000569FFD44D-LeaderElection3] INFO  impl.RaftServerImpl (ServerState.java:setLeader(256)) - 17618ccc-f51c-4f14-92cf-842ef2c05e35@group-000569FFD44D: change Leader from null to 17618ccc-f51c-4f14-92cf-842ef2c05e35 at term 1 for becomeLeader, leader elected after 181ms
2019-10-18 13:01:19,261 [17618ccc-f51c-4f14-92cf-842ef2c05e35@group-000569FFD44D-LeaderElection3] INFO  server.RaftServerConfigKeys (ConfUtils.java:logGet(43)) - raft.server.staging.catchup.gap = 1000 (default)
2019-10-18 13:01:19,261 [17618ccc-f51c-4f14-92cf-842ef2c05e35@group-000569FFD44D-LeaderElection3] INFO  server.RaftServerConfigKeys (ConfUtils.java:logGet(43)) - raft.server.rpc.sleep.time = 25ms (default)
2019-10-18 13:01:19,261 [17618ccc-f51c-4f14-92cf-842ef2c05e35@group-000569FFD44D-LeaderElection3] INFO  server.RaftServerConfigKeys (ConfUtils.java:logGet(43)) - raft.server.write.element-limit = 4096 (default)
2019-10-18 13:01:19,261 [17618ccc-f51c-4f14-92cf-842ef2c05e35@group-000569FFD44D-LeaderElection3] INFO  server.RaftServerConfigKeys (ConfUtils.java:logGet(43)) - raft.server.watch.timeout = 10s (default)
2019-10-18 13:01:19,261 [17618ccc-f51c-4f14-92cf-842ef2c05e35@group-000569FFD44D-LeaderElection3] INFO  server.RaftServerConfigKeys (ConfUtils.java:logGet(43)) - raft.server.watch.timeout.denomination = 1s (default)
2019-10-18 13:01:19,262 [17618ccc-f51c-4f14-92cf-842ef2c05e35@group-000569FFD44D-LeaderElection3] INFO  server.RaftServerConfigKeys (ConfUtils.java:logGet(43)) - raft.server.watch.element-limit = 65536 (default)
2019-10-18 13:01:19,264 [17618ccc-f51c-4f14-92cf-842ef2c05e35@group-000569FFD44D-LeaderElection3] INFO  impl.RoleInfo (RoleInfo.java:updateAndGet(143)) - 17618ccc-f51c-4f14-92cf-842ef2c05e35: start LeaderState
2019-10-18 13:01:19,264 [17618ccc-f51c-4f14-92cf-842ef2c05e35@group-000569FFD44D-LeaderElection3] INFO  segmented.SegmentedRaftLogWorker (SegmentedRaftLogWorker.java:startLogSegment(385)) - 17618ccc-f51c-4f14-92cf-842ef2c05e35@group-000569FFD44D-SegmentedRaftLogWorker: Starting segment from index:0
2019-10-18 13:01:19,264 [17618ccc-f51c-4f14-92cf-842ef2c05e35@group-000569FFD44D-LeaderElection3] INFO  impl.RaftServerImpl (ServerState.java:setRaftConf(357)) - 17618ccc-f51c-4f14-92cf-842ef2c05e35@group-000569FFD44D: set configuration 0: [17618ccc-f51c-4f14-92cf-842ef2c05e35:192.168.34.56:38851], old=null at 0
2019-10-18 13:01:19,306 [pool-57-thread-1] INFO  storage.RaftStorage (RaftStorage.java:format(84)) - Storage directory /workdir/hadoop-ozone/integration-test/target/test-dir/MiniOzoneClusterImpl-206d85c3-6704-4dbf-80de-7c3e9cc4f072/datanode-3/data/ratis/180b8a94-82ee-4181-b7bd-315a7157cd34 has been successfully formatted.
2019-10-18 13:01:19,306 [pool-57-thread-1] INFO  ratis.ContainerStateMachine (ContainerStateMachine.java:loadSnapshot(231)) - group-315A7157CD34: The snapshot info is null. Setting the last applied indexto:(t:0, i:~)
2019-10-18 13:01:19,307 [pool-57-thread-1] INFO  server.RaftServerConfigKeys (ConfUtils.java:logGet(43)) - raft.server.notification.no-leader.timeout = 120s (custom)
2019-10-18 13:01:19,307 [pool-57-thread-1] INFO  server.RaftServerConfigKeys (ConfUtils.java:logGet(43)) - raft.server.log.use.memory = false (default)
2019-10-18 13:01:19,307 [pool-57-thread-1] INFO  server.RaftServerConfigKeys (ConfUtils.java:logGet(43)) - raft.server.log.purge.gap = 1000000 (custom)
2019-10-18 13:01:19,307 [pool-57-thread-1] INFO  server.RaftServerConfigKeys (ConfUtils.java:logGet(43)) - raft.server.log.appender.buffer.byte-limit = 33554432 (custom)
2019-10-18 13:01:19,307 [pool-57-thread-1] INFO  server.RaftServerConfigKeys (ConfUtils.java:logGet(43)) - raft.server.log.segment.size.max = 1048576 (custom)
2019-10-18 13:01:19,309 [pool-57-thread-1] INFO  server.RaftServerConfigKeys (ConfUtils.java:logGet(43)) - raft.server.log.segment.cache.num.max = 2 (custom)
2019-10-18 13:01:19,309 [pool-57-thread-1] INFO  segmented.SegmentedRaftLogWorker (SegmentedRaftLogWorker.java:<init>(173)) - new 32d97539-eb73-46c6-a759-05f11ff00f4c@group-315A7157CD34-SegmentedRaftLogWorker for RaftStorage:Storage Directory /workdir/hadoop-ozone/integration-test/target/test-dir/MiniOzoneClusterImpl-206d85c3-6704-4dbf-80de-7c3e9cc4f072/datanode-3/data/ratis/180b8a94-82ee-4181-b7bd-315a7157cd34
2019-10-18 13:01:19,309 [pool-57-thread-1] INFO  server.RaftServerConfigKeys (ConfUtils.java:logGet(43)) - raft.server.log.queue.byte-limit = 2147483647 (custom)
2019-10-18 13:01:19,309 [pool-57-thread-1] INFO  server.RaftServerConfigKeys (ConfUtils.java:logGet(43)) - raft.server.log.queue.element-limit = 1024 (custom)
2019-10-18 13:01:19,309 [pool-57-thread-1] INFO  server.RaftServerConfigKeys (ConfUtils.java:logGet(43)) - raft.server.log.segment.size.max = 1048576 (custom)
2019-10-18 13:01:19,309 [pool-57-thread-1] INFO  server.RaftServerConfigKeys (ConfUtils.java:logGet(43)) - raft.server.log.preallocated.size = 16384 (custom)
2019-10-18 13:01:19,309 [pool-57-thread-1] INFO  server.RaftServerConfigKeys (ConfUtils.java:logGet(43)) - raft.server.log.write.buffer.size = 33554432 (custom)
2019-10-18 13:01:19,310 [pool-57-thread-1] INFO  server.RaftServerConfigKeys (ConfUtils.java:logGet(43)) - raft.server.log.force.sync.num = 128 (default)
2019-10-18 13:01:19,310 [pool-57-thread-1] INFO  server.RaftServerConfigKeys (ConfUtils.java:logGet(43)) - raft.server.log.statemachine.data.sync = true (default)
2019-10-18 13:01:19,310 [pool-57-thread-1] INFO  server.RaftServerConfigKeys (ConfUtils.java:logGet(43)) - raft.server.log.statemachine.data.sync.timeout = 10s (default)
2019-10-18 13:01:19,310 [pool-57-thread-1] INFO  server.RaftServerConfigKeys (ConfUtils.java:logGet(43)) - raft.server.log.statemachine.data.sync.timeout.retry = -1 (default)
2019-10-18 13:01:19,310 [pool-57-thread-1] INFO  server.RaftServerConfigKeys (ConfUtils.java:logGet(43)) - raft.server.log.statemachine.data.caching.enabled = true (custom)
2019-10-18 13:01:19,311 [pool-57-thread-1] INFO  segmented.SegmentedRaftLogWorker (SegmentedRaftLogWorker.java:lambda$new$0(128)) - 32d97539-eb73-46c6-a759-05f11ff00f4c@group-315A7157CD34-SegmentedRaftLogWorker: flushIndex: setUnconditionally 0 -> -1
2019-10-18 13:01:19,311 [pool-57-thread-1] INFO  server.RaftServerConfigKeys (ConfUtils.java:logGet(43)) - raft.server.snapshot.auto.trigger.enabled = true (custom)
2019-10-18 13:01:19,311 [pool-57-thread-1] INFO  server.RaftServerConfigKeys (ConfUtils.java:logGet(43)) - raft.server.snapshot.auto.trigger.threshold = 10000 (custom)
2019-10-18 13:01:19,311 [pool-57-thread-1] INFO  server.RaftServerConfigKeys (ConfUtils.java:logGet(43)) - raft.server.snapshot.retention.file.num = 5 (custom)
2019-10-18 13:01:19,311 [pool-57-thread-1] INFO  server.RaftServerConfigKeys (ConfUtils.java:logGet(43)) - raft.server.retrycache.expirytime = 600000ms (custom)
2019-10-18 13:01:19,314 [pool-57-thread-1] INFO  impl.RaftServerImpl (RaftServerImpl.java:start(195)) - 32d97539-eb73-46c6-a759-05f11ff00f4c@group-315A7157CD34: start as a follower, conf=-1: [32d97539-eb73-46c6-a759-05f11ff00f4c:192.168.34.56:35929], old=null
2019-10-18 13:01:19,314 [pool-57-thread-1] INFO  impl.RaftServerImpl (RaftServerImpl.java:setRole(184)) - 32d97539-eb73-46c6-a759-05f11ff00f4c@group-315A7157CD34: changes role from      null to FOLLOWER at term 0 for startAsFollower
2019-10-18 13:01:19,315 [pool-57-thread-1] INFO  impl.RoleInfo (RoleInfo.java:updateAndGet(143)) - 32d97539-eb73-46c6-a759-05f11ff00f4c: start FollowerState
2019-10-18 13:01:19,315 [pool-57-thread-1] INFO  util.JmxRegister (JmxRegister.java:tryRegister(44)) - Successfully registered JMX Bean with object name Ratis:service=RaftServer,group=group-315A7157CD34,id=32d97539-eb73-46c6-a759-05f11ff00f4c
2019-10-18 13:01:19,330 [17618ccc-f51c-4f14-92cf-842ef2c05e35@group-000569FFD44D-SegmentedRaftLogWorker] INFO  segmented.SegmentedRaftLogWorker (SegmentedRaftLogWorker.java:execute(576)) - 17618ccc-f51c-4f14-92cf-842ef2c05e35@group-000569FFD44D-SegmentedRaftLogWorker: created new log segment /workdir/hadoop-ozone/integration-test/target/test-dir/MiniOzoneClusterImpl-206d85c3-6704-4dbf-80de-7c3e9cc4f072/datanode-1/data/ratis/03abb326-b938-4091-b31e-000569ffd44d/current/log_inprogress_0
2019-10-18 13:01:19,336 [RatisPipelineUtilsThread] INFO  pipeline.PipelineStateManager (PipelineStateManager.java:addPipeline(56)) - Created pipeline Pipeline[ Id: 180b8a94-82ee-4181-b7bd-315a7157cd34, Nodes: 32d97539-eb73-46c6-a759-05f11ff00f4c{ip: 192.168.34.56, host: pr-hdds-2330-xmbvw-1183399999, networkLocation: /default-rack, certSerialId: null}, Type:RATIS, Factor:ONE, State:OPEN]
2019-10-18 13:01:19,348 [grpc-default-executor-0] INFO  impl.RaftServerProxy (RaftServerProxy.java:addNew(89)) - 8697df36-98d2-41b1-bdc7-60597b3b5526: addNew group-6B75CA392A58:[8697df36-98d2-41b1-bdc7-60597b3b5526:192.168.34.56:46415] returns group-6B75CA392A58:java.util.concurrent.CompletableFuture@3ec7f60e[Not completed]
2019-10-18 13:01:19,351 [pool-107-thread-1] INFO  impl.RaftServerImpl (RaftServerImpl.java:<init>(104)) - 8697df36-98d2-41b1-bdc7-60597b3b5526: new RaftServerImpl for group-6B75CA392A58:[8697df36-98d2-41b1-bdc7-60597b3b5526:192.168.34.56:46415] with ContainerStateMachine:uninitialized
2019-10-18 13:01:19,351 [pool-107-thread-1] INFO  server.RaftServerConfigKeys (ConfUtils.java:logGet(43)) - raft.server.rpc.timeout.min = 1s (custom)
2019-10-18 13:01:19,351 [pool-107-thread-1] INFO  server.RaftServerConfigKeys (ConfUtils.java:logGet(43)) - raft.server.rpc.timeout.max = 1200ms (custom)
2019-10-18 13:01:19,352 [pool-107-thread-1] INFO  server.RaftServerConfigKeys (ConfUtils.java:logGet(43)) - raft.server.rpcslowness.timeout = 120s (custom)
2019-10-18 13:01:19,352 [pool-107-thread-1] INFO  server.RaftServerConfigKeys (ConfUtils.java:logGet(43)) - raft.server.sleep.deviation.threshold = 300 (default)
2019-10-18 13:01:19,352 [pool-107-thread-1] INFO  server.RaftServerConfigKeys (ConfUtils.java:logGet(43)) - raft.server.log.appender.install.snapshot.enabled = false (custom)
2019-10-18 13:01:19,352 [pool-107-thread-1] INFO  impl.RaftServerImpl (ServerState.java:<init>(103)) - 8697df36-98d2-41b1-bdc7-60597b3b5526@group-6B75CA392A58: ConfigurationManager, init=-1: [8697df36-98d2-41b1-bdc7-60597b3b5526:192.168.34.56:46415], old=null, confs=<EMPTY_MAP>
2019-10-18 13:01:19,352 [pool-107-thread-1] INFO  server.RaftServerConfigKeys (ConfUtils.java:logGet(43)) - raft.server.storage.dir = [/workdir/hadoop-ozone/integration-test/target/test-dir/MiniOzoneClusterImpl-206d85c3-6704-4dbf-80de-7c3e9cc4f072/datanode-8/data/ratis] (custom)
2019-10-18 13:01:19,352 [pool-107-thread-1] INFO  server.RaftServerConfigKeys (ConfUtils.java:logGet(43)) - raft.server.log.corruption.policy = EXCEPTION (default)
2019-10-18 13:01:19,352 [pool-107-thread-1] INFO  storage.RaftStorageDirectory (RaftStorageDirectory.java:analyzeStorage(246)) - The storage directory /workdir/hadoop-ozone/integration-test/target/test-dir/MiniOzoneClusterImpl-206d85c3-6704-4dbf-80de-7c3e9cc4f072/datanode-8/data/ratis/f24e7e90-8e76-4c9a-9812-6b75ca392a58 does not exist. Creating ...
2019-10-18 13:01:19,435 [pool-107-thread-1] INFO  storage.RaftStorageDirectory (RaftStorageDirectory.java:tryLock(328)) - Lock on /workdir/hadoop-ozone/integration-test/target/test-dir/MiniOzoneClusterImpl-206d85c3-6704-4dbf-80de-7c3e9cc4f072/datanode-8/data/ratis/f24e7e90-8e76-4c9a-9812-6b75ca392a58/in_use.lock acquired by nodename 11498@pr-hdds-2330-xmbvw-1183399999
2019-10-18 13:01:19,455 [Thread-300] INFO  impl.FollowerState (FollowerState.java:run(108)) - 32d97539-eb73-46c6-a759-05f11ff00f4c@group-315A7157CD34-FollowerState: change to CANDIDATE, lastRpcTime:140ms, electionTimeout:140ms
2019-10-18 13:01:19,455 [Thread-300] INFO  impl.RoleInfo (RoleInfo.java:shutdownFollowerState(121)) - 32d97539-eb73-46c6-a759-05f11ff00f4c: shutdown FollowerState
2019-10-18 13:01:19,456 [Thread-300] INFO  impl.RaftServerImpl (RaftServerImpl.java:setRole(184)) - 32d97539-eb73-46c6-a759-05f11ff00f4c@group-315A7157CD34: changes role from  FOLLOWER to CANDIDATE at term 0 for changeToCandidate
2019-10-18 13:01:19,456 [Thread-300] INFO  impl.RoleInfo (RoleInfo.java:updateAndGet(143)) - 32d97539-eb73-46c6-a759-05f11ff00f4c: start LeaderElection
2019-10-18 13:01:19,473 [pool-107-thread-1] INFO  storage.RaftStorage (RaftStorage.java:format(84)) - Storage directory /workdir/hadoop-ozone/integration-test/target/test-dir/MiniOzoneClusterImpl-206d85c3-6704-4dbf-80de-7c3e9cc4f072/datanode-8/data/ratis/f24e7e90-8e76-4c9a-9812-6b75ca392a58 has been successfully formatted.
2019-10-18 13:01:19,473 [pool-107-thread-1] INFO  ratis.ContainerStateMachine (ContainerStateMachine.java:loadSnapshot(231)) - group-6B75CA392A58: The snapshot info is null. Setting the last applied indexto:(t:0, i:~)
2019-10-18 13:01:19,473 [pool-107-thread-1] INFO  server.RaftServerConfigKeys (ConfUtils.java:logGet(43)) - raft.server.notification.no-leader.timeout = 120s (custom)
2019-10-18 13:01:19,473 [pool-107-thread-1] INFO  server.RaftServerConfigKeys (ConfUtils.java:logGet(43)) - raft.server.log.use.memory = false (default)
2019-10-18 13:01:19,474 [pool-107-thread-1] INFO  server.RaftServerConfigKeys (ConfUtils.java:logGet(43)) - raft.server.log.purge.gap = 1000000 (custom)
2019-10-18 13:01:19,474 [pool-107-thread-1] INFO  server.RaftServerConfigKeys (ConfUtils.java:logGet(43)) - raft.server.log.appender.buffer.byte-limit = 33554432 (custom)
2019-10-18 13:01:19,474 [pool-107-thread-1] INFO  server.RaftServerConfigKeys (ConfUtils.java:logGet(43)) - raft.server.log.segment.size.max = 1048576 (custom)
2019-10-18 13:01:19,476 [pool-107-thread-1] INFO  server.RaftServerConfigKeys (ConfUtils.java:logGet(43)) - raft.server.log.segment.cache.num.max = 2 (custom)
2019-10-18 13:01:19,476 [pool-107-thread-1] INFO  segmented.SegmentedRaftLogWorker (SegmentedRaftLogWorker.java:<init>(173)) - new 8697df36-98d2-41b1-bdc7-60597b3b5526@group-6B75CA392A58-SegmentedRaftLogWorker for RaftStorage:Storage Directory /workdir/hadoop-ozone/integration-test/target/test-dir/MiniOzoneClusterImpl-206d85c3-6704-4dbf-80de-7c3e9cc4f072/datanode-8/data/ratis/f24e7e90-8e76-4c9a-9812-6b75ca392a58
2019-10-18 13:01:19,476 [pool-107-thread-1] INFO  server.RaftServerConfigKeys (ConfUtils.java:logGet(43)) - raft.server.log.queue.byte-limit = 2147483647 (custom)
2019-10-18 13:01:19,476 [pool-107-thread-1] INFO  server.RaftServerConfigKeys (ConfUtils.java:logGet(43)) - raft.server.log.queue.element-limit = 1024 (custom)
2019-10-18 13:01:19,476 [pool-107-thread-1] INFO  server.RaftServerConfigKeys (ConfUtils.java:logGet(43)) - raft.server.log.segment.size.max = 1048576 (custom)
2019-10-18 13:01:19,476 [pool-107-thread-1] INFO  server.RaftServerConfigKeys (ConfUtils.java:logGet(43)) - raft.server.log.preallocated.size = 16384 (custom)
2019-10-18 13:01:19,476 [pool-107-thread-1] INFO  server.RaftServerConfigKeys (ConfUtils.java:logGet(43)) - raft.server.log.write.buffer.size = 33554432 (custom)
2019-10-18 13:01:19,476 [pool-107-thread-1] INFO  server.RaftServerConfigKeys (ConfUtils.java:logGet(43)) - raft.server.log.force.sync.num = 128 (default)
2019-10-18 13:01:19,477 [pool-107-thread-1] INFO  server.RaftServerConfigKeys (ConfUtils.java:logGet(43)) - raft.server.log.statemachine.data.sync = true (default)
2019-10-18 13:01:19,477 [pool-107-thread-1] INFO  server.RaftServerConfigKeys (ConfUtils.java:logGet(43)) - raft.server.log.statemachine.data.sync.timeout = 10s (default)
2019-10-18 13:01:19,477 [pool-107-thread-1] INFO  server.RaftServerConfigKeys (ConfUtils.java:logGet(43)) - raft.server.log.statemachine.data.sync.timeout.retry = -1 (default)
2019-10-18 13:01:19,477 [pool-107-thread-1] INFO  server.RaftServerConfigKeys (ConfUtils.java:logGet(43)) - raft.server.log.statemachine.data.caching.enabled = true (custom)
2019-10-18 13:01:19,485 [pool-107-thread-1] INFO  segmented.SegmentedRaftLogWorker (SegmentedRaftLogWorker.java:lambda$new$0(128)) - 8697df36-98d2-41b1-bdc7-60597b3b5526@group-6B75CA392A58-SegmentedRaftLogWorker: flushIndex: setUnconditionally 0 -> -1
2019-10-18 13:01:19,485 [pool-107-thread-1] INFO  server.RaftServerConfigKeys (ConfUtils.java:logGet(43)) - raft.server.snapshot.auto.trigger.enabled = true (custom)
2019-10-18 13:01:19,485 [pool-107-thread-1] INFO  server.RaftServerConfigKeys (ConfUtils.java:logGet(43)) - raft.server.snapshot.auto.trigger.threshold = 10000 (custom)
2019-10-18 13:01:19,486 [pool-107-thread-1] INFO  server.RaftServerConfigKeys (ConfUtils.java:logGet(43)) - raft.server.snapshot.retention.file.num = 5 (custom)
2019-10-18 13:01:19,486 [pool-107-thread-1] INFO  server.RaftServerConfigKeys (ConfUtils.java:logGet(43)) - raft.server.retrycache.expirytime = 600000ms (custom)
2019-10-18 13:01:19,491 [pool-107-thread-1] INFO  impl.RaftServerImpl (RaftServerImpl.java:start(195)) - 8697df36-98d2-41b1-bdc7-60597b3b5526@group-6B75CA392A58: start as a follower, conf=-1: [8697df36-98d2-41b1-bdc7-60597b3b5526:192.168.34.56:46415], old=null
2019-10-18 13:01:19,491 [pool-107-thread-1] INFO  impl.RaftServerImpl (RaftServerImpl.java:setRole(184)) - 8697df36-98d2-41b1-bdc7-60597b3b5526@group-6B75CA392A58: changes role from      null to FOLLOWER at term 0 for startAsFollower
2019-10-18 13:01:19,491 [pool-107-thread-1] INFO  impl.RoleInfo (RoleInfo.java:updateAndGet(143)) - 8697df36-98d2-41b1-bdc7-60597b3b5526: start FollowerState
2019-10-18 13:01:19,492 [pool-107-thread-1] INFO  util.JmxRegister (JmxRegister.java:tryRegister(44)) - Successfully registered JMX Bean with object name Ratis:service=RaftServer,group=group-6B75CA392A58,id=8697df36-98d2-41b1-bdc7-60597b3b5526
2019-10-18 13:01:19,494 [32d97539-eb73-46c6-a759-05f11ff00f4c@group-315A7157CD34-LeaderElection4] INFO  impl.LeaderElection (LeaderElection.java:askForVotes(178)) - 32d97539-eb73-46c6-a759-05f11ff00f4c@group-315A7157CD34-LeaderElection4: begin an election at term 1 for -1: [32d97539-eb73-46c6-a759-05f11ff00f4c:192.168.34.56:35929], old=null
2019-10-18 13:01:19,494 [32d97539-eb73-46c6-a759-05f11ff00f4c@group-315A7157CD34-LeaderElection4] INFO  impl.RoleInfo (RoleInfo.java:shutdownLeaderElection(134)) - 32d97539-eb73-46c6-a759-05f11ff00f4c: shutdown LeaderElection
2019-10-18 13:01:19,495 [32d97539-eb73-46c6-a759-05f11ff00f4c@group-315A7157CD34-LeaderElection4] INFO  impl.RaftServerImpl (RaftServerImpl.java:setRole(184)) - 32d97539-eb73-46c6-a759-05f11ff00f4c@group-315A7157CD34: changes role from CANDIDATE to LEADER at term 1 for changeToLeader
2019-10-18 13:01:19,495 [32d97539-eb73-46c6-a759-05f11ff00f4c@group-315A7157CD34-LeaderElection4] INFO  impl.RaftServerImpl (ServerState.java:setLeader(256)) - 32d97539-eb73-46c6-a759-05f11ff00f4c@group-315A7157CD34: change Leader from null to 32d97539-eb73-46c6-a759-05f11ff00f4c at term 1 for becomeLeader, leader elected after 188ms
2019-10-18 13:01:19,497 [32d97539-eb73-46c6-a759-05f11ff00f4c@group-315A7157CD34-LeaderElection4] INFO  server.RaftServerConfigKeys (ConfUtils.java:logGet(43)) - raft.server.staging.catchup.gap = 1000 (default)
2019-10-18 13:01:19,497 [32d97539-eb73-46c6-a759-05f11ff00f4c@group-315A7157CD34-LeaderElection4] INFO  server.RaftServerConfigKeys (ConfUtils.java:logGet(43)) - raft.server.rpc.sleep.time = 25ms (default)
2019-10-18 13:01:19,498 [32d97539-eb73-46c6-a759-05f11ff00f4c@group-315A7157CD34-LeaderElection4] INFO  server.RaftServerConfigKeys (ConfUtils.java:logGet(43)) - raft.server.write.element-limit = 4096 (default)
2019-10-18 13:01:19,498 [32d97539-eb73-46c6-a759-05f11ff00f4c@group-315A7157CD34-LeaderElection4] INFO  server.RaftServerConfigKeys (ConfUtils.java:logGet(43)) - raft.server.watch.timeout = 10s (default)
2019-10-18 13:01:19,498 [32d97539-eb73-46c6-a759-05f11ff00f4c@group-315A7157CD34-LeaderElection4] INFO  server.RaftServerConfigKeys (ConfUtils.java:logGet(43)) - raft.server.watch.timeout.denomination = 1s (default)
2019-10-18 13:01:19,500 [32d97539-eb73-46c6-a759-05f11ff00f4c@group-315A7157CD34-LeaderElection4] INFO  server.RaftServerConfigKeys (ConfUtils.java:logGet(43)) - raft.server.watch.element-limit = 65536 (default)
2019-10-18 13:01:19,501 [Thread-305] INFO  impl.FollowerState (FollowerState.java:run(108)) - 8697df36-98d2-41b1-bdc7-60597b3b5526@group-6B75CA392A58-FollowerState: change to CANDIDATE, lastRpcTime:9ms, electionTimeout:9ms
2019-10-18 13:01:19,501 [Thread-305] INFO  impl.RoleInfo (RoleInfo.java:shutdownFollowerState(121)) - 8697df36-98d2-41b1-bdc7-60597b3b5526: shutdown FollowerState
2019-10-18 13:01:19,501 [Thread-305] INFO  impl.RaftServerImpl (RaftServerImpl.java:setRole(184)) - 8697df36-98d2-41b1-bdc7-60597b3b5526@group-6B75CA392A58: changes role from  FOLLOWER to CANDIDATE at term 0 for changeToCandidate
2019-10-18 13:01:19,501 [Thread-305] INFO  impl.RoleInfo (RoleInfo.java:updateAndGet(143)) - 8697df36-98d2-41b1-bdc7-60597b3b5526: start LeaderElection
2019-10-18 13:01:19,511 [32d97539-eb73-46c6-a759-05f11ff00f4c@group-315A7157CD34-LeaderElection4] INFO  impl.RoleInfo (RoleInfo.java:updateAndGet(143)) - 32d97539-eb73-46c6-a759-05f11ff00f4c: start LeaderState
2019-10-18 13:01:19,511 [32d97539-eb73-46c6-a759-05f11ff00f4c@group-315A7157CD34-LeaderElection4] INFO  segmented.SegmentedRaftLogWorker (SegmentedRaftLogWorker.java:startLogSegment(385)) - 32d97539-eb73-46c6-a759-05f11ff00f4c@group-315A7157CD34-SegmentedRaftLogWorker: Starting segment from index:0
2019-10-18 13:01:19,511 [RatisPipelineUtilsThread] INFO  pipeline.PipelineStateManager (PipelineStateManager.java:addPipeline(56)) - Created pipeline Pipeline[ Id: f24e7e90-8e76-4c9a-9812-6b75ca392a58, Nodes: 8697df36-98d2-41b1-bdc7-60597b3b5526{ip: 192.168.34.56, host: pr-hdds-2330-xmbvw-1183399999, networkLocation: /default-rack, certSerialId: null}, Type:RATIS, Factor:ONE, State:OPEN]
2019-10-18 13:01:19,512 [32d97539-eb73-46c6-a759-05f11ff00f4c@group-315A7157CD34-LeaderElection4] INFO  impl.RaftServerImpl (ServerState.java:setRaftConf(357)) - 32d97539-eb73-46c6-a759-05f11ff00f4c@group-315A7157CD34: set configuration 0: [32d97539-eb73-46c6-a759-05f11ff00f4c:192.168.34.56:35929], old=null at 0
2019-10-18 13:01:19,540 [8697df36-98d2-41b1-bdc7-60597b3b5526@group-6B75CA392A58-LeaderElection5] INFO  impl.LeaderElection (LeaderElection.java:askForVotes(178)) - 8697df36-98d2-41b1-bdc7-60597b3b5526@group-6B75CA392A58-LeaderElection5: begin an election at term 1 for -1: [8697df36-98d2-41b1-bdc7-60597b3b5526:192.168.34.56:46415], old=null
2019-10-18 13:01:19,540 [8697df36-98d2-41b1-bdc7-60597b3b5526@group-6B75CA392A58-LeaderElection5] INFO  impl.RoleInfo (RoleInfo.java:shutdownLeaderElection(134)) - 8697df36-98d2-41b1-bdc7-60597b3b5526: shutdown LeaderElection
2019-10-18 13:01:19,540 [8697df36-98d2-41b1-bdc7-60597b3b5526@group-6B75CA392A58-LeaderElection5] INFO  impl.RaftServerImpl (RaftServerImpl.java:setRole(184)) - 8697df36-98d2-41b1-bdc7-60597b3b5526@group-6B75CA392A58: changes role from CANDIDATE to LEADER at term 1 for changeToLeader
2019-10-18 13:01:19,540 [8697df36-98d2-41b1-bdc7-60597b3b5526@group-6B75CA392A58-LeaderElection5] INFO  impl.RaftServerImpl (ServerState.java:setLeader(256)) - 8697df36-98d2-41b1-bdc7-60597b3b5526@group-6B75CA392A58: change Leader from null to 8697df36-98d2-41b1-bdc7-60597b3b5526 at term 1 for becomeLeader, leader elected after 67ms
2019-10-18 13:01:19,542 [8697df36-98d2-41b1-bdc7-60597b3b5526@group-6B75CA392A58-LeaderElection5] INFO  server.RaftServerConfigKeys (ConfUtils.java:logGet(43)) - raft.server.staging.catchup.gap = 1000 (default)
2019-10-18 13:01:19,542 [8697df36-98d2-41b1-bdc7-60597b3b5526@group-6B75CA392A58-LeaderElection5] INFO  server.RaftServerConfigKeys (ConfUtils.java:logGet(43)) - raft.server.rpc.sleep.time = 25ms (default)
2019-10-18 13:01:19,543 [8697df36-98d2-41b1-bdc7-60597b3b5526@group-6B75CA392A58-LeaderElection5] INFO  server.RaftServerConfigKeys (ConfUtils.java:logGet(43)) - raft.server.write.element-limit = 4096 (default)
2019-10-18 13:01:19,543 [8697df36-98d2-41b1-bdc7-60597b3b5526@group-6B75CA392A58-LeaderElection5] INFO  server.RaftServerConfigKeys (ConfUtils.java:logGet(43)) - raft.server.watch.timeout = 10s (default)
2019-10-18 13:01:19,543 [8697df36-98d2-41b1-bdc7-60597b3b5526@group-6B75CA392A58-LeaderElection5] INFO  server.RaftServerConfigKeys (ConfUtils.java:logGet(43)) - raft.server.watch.timeout.denomination = 1s (default)
2019-10-18 13:01:19,543 [8697df36-98d2-41b1-bdc7-60597b3b5526@group-6B75CA392A58-LeaderElection5] INFO  server.RaftServerConfigKeys (ConfUtils.java:logGet(43)) - raft.server.watch.element-limit = 65536 (default)
2019-10-18 13:01:19,549 [8697df36-98d2-41b1-bdc7-60597b3b5526@group-6B75CA392A58-LeaderElection5] INFO  impl.RoleInfo (RoleInfo.java:updateAndGet(143)) - 8697df36-98d2-41b1-bdc7-60597b3b5526: start LeaderState
2019-10-18 13:01:19,550 [8697df36-98d2-41b1-bdc7-60597b3b5526@group-6B75CA392A58-LeaderElection5] INFO  segmented.SegmentedRaftLogWorker (SegmentedRaftLogWorker.java:startLogSegment(385)) - 8697df36-98d2-41b1-bdc7-60597b3b5526@group-6B75CA392A58-SegmentedRaftLogWorker: Starting segment from index:0
2019-10-18 13:01:19,551 [8697df36-98d2-41b1-bdc7-60597b3b5526@group-6B75CA392A58-LeaderElection5] INFO  impl.RaftServerImpl (ServerState.java:setRaftConf(357)) - 8697df36-98d2-41b1-bdc7-60597b3b5526@group-6B75CA392A58: set configuration 0: [8697df36-98d2-41b1-bdc7-60597b3b5526:192.168.34.56:46415], old=null at 0
2019-10-18 13:01:19,588 [grpc-default-executor-0] INFO  impl.RaftServerProxy (RaftServerProxy.java:addNew(89)) - 018b3f78-d19f-4e26-a796-cb8ddc4f97cf: addNew group-BC4BE0D760EF:[018b3f78-d19f-4e26-a796-cb8ddc4f97cf:192.168.34.56:35845] returns group-BC4BE0D760EF:java.util.concurrent.CompletableFuture@601a87ab[Not completed]
2019-10-18 13:01:19,594 [pool-117-thread-1] INFO  impl.RaftServerImpl (RaftServerImpl.java:<init>(104)) - 018b3f78-d19f-4e26-a796-cb8ddc4f97cf: new RaftServerImpl for group-BC4BE0D760EF:[018b3f78-d19f-4e26-a796-cb8ddc4f97cf:192.168.34.56:35845] with ContainerStateMachine:uninitialized
2019-10-18 13:01:19,595 [pool-117-thread-1] INFO  server.RaftServerConfigKeys (ConfUtils.java:logGet(43)) - raft.server.rpc.timeout.min = 1s (custom)
2019-10-18 13:01:19,595 [pool-117-thread-1] INFO  server.RaftServerConfigKeys (ConfUtils.java:logGet(43)) - raft.server.rpc.timeout.max = 1200ms (custom)
2019-10-18 13:01:19,595 [pool-117-thread-1] INFO  server.RaftServerConfigKeys (ConfUtils.java:logGet(43)) - raft.server.rpcslowness.timeout = 120s (custom)
2019-10-18 13:01:19,595 [pool-117-thread-1] INFO  server.RaftServerConfigKeys (ConfUtils.java:logGet(43)) - raft.server.sleep.deviation.threshold = 300 (default)
2019-10-18 13:01:19,595 [pool-117-thread-1] INFO  server.RaftServerConfigKeys (ConfUtils.java:logGet(43)) - raft.server.log.appender.install.snapshot.enabled = false (custom)
2019-10-18 13:01:19,595 [pool-117-thread-1] INFO  impl.RaftServerImpl (ServerState.java:<init>(103)) - 018b3f78-d19f-4e26-a796-cb8ddc4f97cf@group-BC4BE0D760EF: ConfigurationManager, init=-1: [018b3f78-d19f-4e26-a796-cb8ddc4f97cf:192.168.34.56:35845], old=null, confs=<EMPTY_MAP>
2019-10-18 13:01:19,595 [pool-117-thread-1] INFO  server.RaftServerConfigKeys (ConfUtils.java:logGet(43)) - raft.server.storage.dir = [/workdir/hadoop-ozone/integration-test/target/test-dir/MiniOzoneClusterImpl-206d85c3-6704-4dbf-80de-7c3e9cc4f072/datanode-9/data/ratis] (custom)
2019-10-18 13:01:19,595 [pool-117-thread-1] INFO  server.RaftServerConfigKeys (ConfUtils.java:logGet(43)) - raft.server.log.corruption.policy = EXCEPTION (default)
2019-10-18 13:01:19,596 [pool-117-thread-1] INFO  storage.RaftStorageDirectory (RaftStorageDirectory.java:analyzeStorage(246)) - The storage directory /workdir/hadoop-ozone/integration-test/target/test-dir/MiniOzoneClusterImpl-206d85c3-6704-4dbf-80de-7c3e9cc4f072/datanode-9/data/ratis/8534d30e-edc0-46af-b5cc-bc4be0d760ef does not exist. Creating ...
2019-10-18 13:01:19,690 [8697df36-98d2-41b1-bdc7-60597b3b5526@group-6B75CA392A58-SegmentedRaftLogWorker] INFO  segmented.SegmentedRaftLogWorker (SegmentedRaftLogWorker.java:execute(576)) - 8697df36-98d2-41b1-bdc7-60597b3b5526@group-6B75CA392A58-SegmentedRaftLogWorker: created new log segment /workdir/hadoop-ozone/integration-test/target/test-dir/MiniOzoneClusterImpl-206d85c3-6704-4dbf-80de-7c3e9cc4f072/datanode-8/data/ratis/f24e7e90-8e76-4c9a-9812-6b75ca392a58/current/log_inprogress_0
2019-10-18 13:01:19,692 [32d97539-eb73-46c6-a759-05f11ff00f4c@group-315A7157CD34-SegmentedRaftLogWorker] INFO  segmented.SegmentedRaftLogWorker (SegmentedRaftLogWorker.java:execute(576)) - 32d97539-eb73-46c6-a759-05f11ff00f4c@group-315A7157CD34-SegmentedRaftLogWorker: created new log segment /workdir/hadoop-ozone/integration-test/target/test-dir/MiniOzoneClusterImpl-206d85c3-6704-4dbf-80de-7c3e9cc4f072/datanode-3/data/ratis/180b8a94-82ee-4181-b7bd-315a7157cd34/current/log_inprogress_0
2019-10-18 13:01:19,802 [pool-117-thread-1] INFO  storage.RaftStorageDirectory (RaftStorageDirectory.java:tryLock(328)) - Lock on /workdir/hadoop-ozone/integration-test/target/test-dir/MiniOzoneClusterImpl-206d85c3-6704-4dbf-80de-7c3e9cc4f072/datanode-9/data/ratis/8534d30e-edc0-46af-b5cc-bc4be0d760ef/in_use.lock acquired by nodename 11498@pr-hdds-2330-xmbvw-1183399999
2019-10-18 13:01:19,807 [main] INFO  rpc.RpcClient (RpcClient.java:createVolume(272)) - Creating Volume: datanodefailurehandlingtest, with jenkins1000 as owner.
2019-10-18 13:01:20,066 [pool-117-thread-1] INFO  storage.RaftStorage (RaftStorage.java:format(84)) - Storage directory /workdir/hadoop-ozone/integration-test/target/test-dir/MiniOzoneClusterImpl-206d85c3-6704-4dbf-80de-7c3e9cc4f072/datanode-9/data/ratis/8534d30e-edc0-46af-b5cc-bc4be0d760ef has been successfully formatted.
2019-10-18 13:01:20,066 [SCM Heartbeat Processing Thread - 0] ERROR node.NodeStateManager (NodeStateManager.java:checkNodesHealth(626)) - Total time spend processing datanode HB's is greater than configured values for datanode heartbeats. Please adjust the heartbeat configs. Time Spend on HB processing: 0 seconds Datanode heartbeat Interval: 100 seconds.
2019-10-18 13:01:20,070 [pool-117-thread-1] INFO  ratis.ContainerStateMachine (ContainerStateMachine.java:loadSnapshot(231)) - group-BC4BE0D760EF: The snapshot info is null. Setting the last applied indexto:(t:0, i:~)
2019-10-18 13:01:20,070 [pool-117-thread-1] INFO  server.RaftServerConfigKeys (ConfUtils.java:logGet(43)) - raft.server.notification.no-leader.timeout = 120s (custom)
2019-10-18 13:01:20,071 [pool-117-thread-1] INFO  server.RaftServerConfigKeys (ConfUtils.java:logGet(43)) - raft.server.log.use.memory = false (default)
2019-10-18 13:01:20,072 [pool-117-thread-1] INFO  server.RaftServerConfigKeys (ConfUtils.java:logGet(43)) - raft.server.log.purge.gap = 1000000 (custom)
2019-10-18 13:01:20,074 [pool-117-thread-1] INFO  server.RaftServerConfigKeys (ConfUtils.java:logGet(43)) - raft.server.log.appender.buffer.byte-limit = 33554432 (custom)
2019-10-18 13:01:20,074 [pool-117-thread-1] INFO  server.RaftServerConfigKeys (ConfUtils.java:logGet(43)) - raft.server.log.segment.size.max = 1048576 (custom)
2019-10-18 13:01:20,078 [pool-117-thread-1] INFO  server.RaftServerConfigKeys (ConfUtils.java:logGet(43)) - raft.server.log.segment.cache.num.max = 2 (custom)
2019-10-18 13:01:20,078 [pool-117-thread-1] INFO  segmented.SegmentedRaftLogWorker (SegmentedRaftLogWorker.java:<init>(173)) - new 018b3f78-d19f-4e26-a796-cb8ddc4f97cf@group-BC4BE0D760EF-SegmentedRaftLogWorker for RaftStorage:Storage Directory /workdir/hadoop-ozone/integration-test/target/test-dir/MiniOzoneClusterImpl-206d85c3-6704-4dbf-80de-7c3e9cc4f072/datanode-9/data/ratis/8534d30e-edc0-46af-b5cc-bc4be0d760ef
2019-10-18 13:01:20,078 [pool-117-thread-1] INFO  server.RaftServerConfigKeys (ConfUtils.java:logGet(43)) - raft.server.log.queue.byte-limit = 2147483647 (custom)
2019-10-18 13:01:20,078 [pool-117-thread-1] INFO  server.RaftServerConfigKeys (ConfUtils.java:logGet(43)) - raft.server.log.queue.element-limit = 1024 (custom)
2019-10-18 13:01:20,078 [pool-117-thread-1] INFO  server.RaftServerConfigKeys (ConfUtils.java:logGet(43)) - raft.server.log.segment.size.max = 1048576 (custom)
2019-10-18 13:01:20,078 [pool-117-thread-1] INFO  server.RaftServerConfigKeys (ConfUtils.java:logGet(43)) - raft.server.log.preallocated.size = 16384 (custom)
2019-10-18 13:01:20,078 [pool-117-thread-1] INFO  server.RaftServerConfigKeys (ConfUtils.java:logGet(43)) - raft.server.log.write.buffer.size = 33554432 (custom)
2019-10-18 13:01:20,079 [pool-117-thread-1] INFO  server.RaftServerConfigKeys (ConfUtils.java:logGet(43)) - raft.server.log.force.sync.num = 128 (default)
2019-10-18 13:01:20,079 [pool-117-thread-1] INFO  server.RaftServerConfigKeys (ConfUtils.java:logGet(43)) - raft.server.log.statemachine.data.sync = true (default)
2019-10-18 13:01:20,079 [pool-117-thread-1] INFO  server.RaftServerConfigKeys (ConfUtils.java:logGet(43)) - raft.server.log.statemachine.data.sync.timeout = 10s (default)
2019-10-18 13:01:20,079 [pool-117-thread-1] INFO  server.RaftServerConfigKeys (ConfUtils.java:logGet(43)) - raft.server.log.statemachine.data.sync.timeout.retry = -1 (default)
2019-10-18 13:01:20,080 [pool-117-thread-1] INFO  server.RaftServerConfigKeys (ConfUtils.java:logGet(43)) - raft.server.log.statemachine.data.caching.enabled = true (custom)
2019-10-18 13:01:20,080 [pool-117-thread-1] INFO  segmented.SegmentedRaftLogWorker (SegmentedRaftLogWorker.java:lambda$new$0(128)) - 018b3f78-d19f-4e26-a796-cb8ddc4f97cf@group-BC4BE0D760EF-SegmentedRaftLogWorker: flushIndex: setUnconditionally 0 -> -1
2019-10-18 13:01:20,080 [pool-117-thread-1] INFO  server.RaftServerConfigKeys (ConfUtils.java:logGet(43)) - raft.server.snapshot.auto.trigger.enabled = true (custom)
2019-10-18 13:01:20,081 [pool-117-thread-1] INFO  server.RaftServerConfigKeys (ConfUtils.java:logGet(43)) - raft.server.snapshot.auto.trigger.threshold = 10000 (custom)
2019-10-18 13:01:20,081 [pool-117-thread-1] INFO  server.RaftServerConfigKeys (ConfUtils.java:logGet(43)) - raft.server.snapshot.retention.file.num = 5 (custom)
2019-10-18 13:01:20,081 [pool-117-thread-1] INFO  server.RaftServerConfigKeys (ConfUtils.java:logGet(43)) - raft.server.retrycache.expirytime = 600000ms (custom)
2019-10-18 13:01:20,086 [pool-117-thread-1] INFO  impl.RaftServerImpl (RaftServerImpl.java:start(195)) - 018b3f78-d19f-4e26-a796-cb8ddc4f97cf@group-BC4BE0D760EF: start as a follower, conf=-1: [018b3f78-d19f-4e26-a796-cb8ddc4f97cf:192.168.34.56:35845], old=null
2019-10-18 13:01:20,086 [pool-117-thread-1] INFO  impl.RaftServerImpl (RaftServerImpl.java:setRole(184)) - 018b3f78-d19f-4e26-a796-cb8ddc4f97cf@group-BC4BE0D760EF: changes role from      null to FOLLOWER at term 0 for startAsFollower
2019-10-18 13:01:20,087 [pool-117-thread-1] INFO  impl.RoleInfo (RoleInfo.java:updateAndGet(143)) - 018b3f78-d19f-4e26-a796-cb8ddc4f97cf: start FollowerState
2019-10-18 13:01:20,087 [pool-117-thread-1] INFO  util.JmxRegister (JmxRegister.java:tryRegister(44)) - Successfully registered JMX Bean with object name Ratis:service=RaftServer,group=group-BC4BE0D760EF,id=018b3f78-d19f-4e26-a796-cb8ddc4f97cf
2019-10-18 13:01:20,101 [RatisPipelineUtilsThread] INFO  pipeline.PipelineStateManager (PipelineStateManager.java:addPipeline(56)) - Created pipeline Pipeline[ Id: 8534d30e-edc0-46af-b5cc-bc4be0d760ef, Nodes: 018b3f78-d19f-4e26-a796-cb8ddc4f97cf{ip: 192.168.34.56, host: pr-hdds-2330-xmbvw-1183399999, networkLocation: /default-rack, certSerialId: null}, Type:RATIS, Factor:ONE, State:OPEN]
2019-10-18 13:01:20,114 [grpc-default-executor-0] INFO  impl.RaftServerProxy (RaftServerProxy.java:addNew(89)) - c124d131-afb9-4343-ad4e-aaebde613043: addNew group-5A4D2CC4D3DF:[c124d131-afb9-4343-ad4e-aaebde613043:192.168.34.56:42116] returns group-5A4D2CC4D3DF:java.util.concurrent.CompletableFuture@43812dc5[Not completed]
2019-10-18 13:01:20,122 [pool-97-thread-1] INFO  impl.RaftServerImpl (RaftServerImpl.java:<init>(104)) - c124d131-afb9-4343-ad4e-aaebde613043: new RaftServerImpl for group-5A4D2CC4D3DF:[c124d131-afb9-4343-ad4e-aaebde613043:192.168.34.56:42116] with ContainerStateMachine:uninitialized
2019-10-18 13:01:20,122 [pool-97-thread-1] INFO  server.RaftServerConfigKeys (ConfUtils.java:logGet(43)) - raft.server.rpc.timeout.min = 1s (custom)
2019-10-18 13:01:20,122 [pool-97-thread-1] INFO  server.RaftServerConfigKeys (ConfUtils.java:logGet(43)) - raft.server.rpc.timeout.max = 1200ms (custom)
2019-10-18 13:01:20,122 [pool-97-thread-1] INFO  server.RaftServerConfigKeys (ConfUtils.java:logGet(43)) - raft.server.rpcslowness.timeout = 120s (custom)
2019-10-18 13:01:20,122 [pool-97-thread-1] INFO  server.RaftServerConfigKeys (ConfUtils.java:logGet(43)) - raft.server.sleep.deviation.threshold = 300 (default)
2019-10-18 13:01:20,122 [pool-97-thread-1] INFO  server.RaftServerConfigKeys (ConfUtils.java:logGet(43)) - raft.server.log.appender.install.snapshot.enabled = false (custom)
2019-10-18 13:01:20,122 [pool-97-thread-1] INFO  impl.RaftServerImpl (ServerState.java:<init>(103)) - c124d131-afb9-4343-ad4e-aaebde613043@group-5A4D2CC4D3DF: ConfigurationManager, init=-1: [c124d131-afb9-4343-ad4e-aaebde613043:192.168.34.56:42116], old=null, confs=<EMPTY_MAP>
2019-10-18 13:01:20,123 [pool-97-thread-1] INFO  server.RaftServerConfigKeys (ConfUtils.java:logGet(43)) - raft.server.storage.dir = [/workdir/hadoop-ozone/integration-test/target/test-dir/MiniOzoneClusterImpl-206d85c3-6704-4dbf-80de-7c3e9cc4f072/datanode-7/data/ratis] (custom)
2019-10-18 13:01:20,123 [pool-97-thread-1] INFO  server.RaftServerConfigKeys (ConfUtils.java:logGet(43)) - raft.server.log.corruption.policy = EXCEPTION (default)
2019-10-18 13:01:20,123 [pool-97-thread-1] INFO  storage.RaftStorageDirectory (RaftStorageDirectory.java:analyzeStorage(246)) - The storage directory /workdir/hadoop-ozone/integration-test/target/test-dir/MiniOzoneClusterImpl-206d85c3-6704-4dbf-80de-7c3e9cc4f072/datanode-7/data/ratis/6953fa4c-c488-4e30-9790-5a4d2cc4d3df does not exist. Creating ...
2019-10-18 13:01:20,142 [IPC Server handler 2 on 37881] INFO  volume.OMVolumeCreateRequest (OMVolumeCreateRequest.java:validateAndUpdateCache(193)) - created volume:datanodefailurehandlingtest for user:jenkins1000
2019-10-18 13:01:20,153 [Thread-313] INFO  impl.FollowerState (FollowerState.java:run(108)) - 018b3f78-d19f-4e26-a796-cb8ddc4f97cf@group-BC4BE0D760EF-FollowerState: change to CANDIDATE, lastRpcTime:66ms, electionTimeout:66ms
2019-10-18 13:01:20,153 [Thread-313] INFO  impl.RoleInfo (RoleInfo.java:shutdownFollowerState(121)) - 018b3f78-d19f-4e26-a796-cb8ddc4f97cf: shutdown FollowerState
2019-10-18 13:01:20,154 [Thread-313] INFO  impl.RaftServerImpl (RaftServerImpl.java:setRole(184)) - 018b3f78-d19f-4e26-a796-cb8ddc4f97cf@group-BC4BE0D760EF: changes role from  FOLLOWER to CANDIDATE at term 0 for changeToCandidate
2019-10-18 13:01:20,154 [Thread-313] INFO  impl.RoleInfo (RoleInfo.java:updateAndGet(143)) - 018b3f78-d19f-4e26-a796-cb8ddc4f97cf: start LeaderElection
2019-10-18 13:01:20,166 [main] INFO  rpc.RpcClient (RpcClient.java:createBucket(411)) - Creating Bucket: datanodefailurehandlingtest/datanodefailurehandlingtest, with Versioning false and Storage Type set to DISK and Encryption set to false 
2019-10-18 13:01:20,198 [pool-97-thread-1] INFO  storage.RaftStorageDirectory (RaftStorageDirectory.java:tryLock(328)) - Lock on /workdir/hadoop-ozone/integration-test/target/test-dir/MiniOzoneClusterImpl-206d85c3-6704-4dbf-80de-7c3e9cc4f072/datanode-7/data/ratis/6953fa4c-c488-4e30-9790-5a4d2cc4d3df/in_use.lock acquired by nodename 11498@pr-hdds-2330-xmbvw-1183399999
2019-10-18 13:01:20,300 [018b3f78-d19f-4e26-a796-cb8ddc4f97cf@group-BC4BE0D760EF-LeaderElection6] INFO  impl.LeaderElection (LeaderElection.java:askForVotes(178)) - 018b3f78-d19f-4e26-a796-cb8ddc4f97cf@group-BC4BE0D760EF-LeaderElection6: begin an election at term 1 for -1: [018b3f78-d19f-4e26-a796-cb8ddc4f97cf:192.168.34.56:35845], old=null
2019-10-18 13:01:20,301 [018b3f78-d19f-4e26-a796-cb8ddc4f97cf@group-BC4BE0D760EF-LeaderElection6] INFO  impl.RoleInfo (RoleInfo.java:shutdownLeaderElection(134)) - 018b3f78-d19f-4e26-a796-cb8ddc4f97cf: shutdown LeaderElection
2019-10-18 13:01:20,301 [018b3f78-d19f-4e26-a796-cb8ddc4f97cf@group-BC4BE0D760EF-LeaderElection6] INFO  impl.RaftServerImpl (RaftServerImpl.java:setRole(184)) - 018b3f78-d19f-4e26-a796-cb8ddc4f97cf@group-BC4BE0D760EF: changes role from CANDIDATE to LEADER at term 1 for changeToLeader
2019-10-18 13:01:20,301 [018b3f78-d19f-4e26-a796-cb8ddc4f97cf@group-BC4BE0D760EF-LeaderElection6] INFO  impl.RaftServerImpl (ServerState.java:setLeader(256)) - 018b3f78-d19f-4e26-a796-cb8ddc4f97cf@group-BC4BE0D760EF: change Leader from null to 018b3f78-d19f-4e26-a796-cb8ddc4f97cf at term 1 for becomeLeader, leader elected after 230ms
2019-10-18 13:01:20,301 [018b3f78-d19f-4e26-a796-cb8ddc4f97cf@group-BC4BE0D760EF-LeaderElection6] INFO  server.RaftServerConfigKeys (ConfUtils.java:logGet(43)) - raft.server.staging.catchup.gap = 1000 (default)
2019-10-18 13:01:20,301 [018b3f78-d19f-4e26-a796-cb8ddc4f97cf@group-BC4BE0D760EF-LeaderElection6] INFO  server.RaftServerConfigKeys (ConfUtils.java:logGet(43)) - raft.server.rpc.sleep.time = 25ms (default)
2019-10-18 13:01:20,302 [018b3f78-d19f-4e26-a796-cb8ddc4f97cf@group-BC4BE0D760EF-LeaderElection6] INFO  server.RaftServerConfigKeys (ConfUtils.java:logGet(43)) - raft.server.write.element-limit = 4096 (default)
2019-10-18 13:01:20,302 [018b3f78-d19f-4e26-a796-cb8ddc4f97cf@group-BC4BE0D760EF-LeaderElection6] INFO  server.RaftServerConfigKeys (ConfUtils.java:logGet(43)) - raft.server.watch.timeout = 10s (default)
2019-10-18 13:01:20,302 [018b3f78-d19f-4e26-a796-cb8ddc4f97cf@group-BC4BE0D760EF-LeaderElection6] INFO  server.RaftServerConfigKeys (ConfUtils.java:logGet(43)) - raft.server.watch.timeout.denomination = 1s (default)
2019-10-18 13:01:20,302 [018b3f78-d19f-4e26-a796-cb8ddc4f97cf@group-BC4BE0D760EF-LeaderElection6] INFO  server.RaftServerConfigKeys (ConfUtils.java:logGet(43)) - raft.server.watch.element-limit = 65536 (default)
2019-10-18 13:01:20,306 [018b3f78-d19f-4e26-a796-cb8ddc4f97cf@group-BC4BE0D760EF-LeaderElection6] INFO  impl.RoleInfo (RoleInfo.java:updateAndGet(143)) - 018b3f78-d19f-4e26-a796-cb8ddc4f97cf: start LeaderState
2019-10-18 13:01:20,306 [018b3f78-d19f-4e26-a796-cb8ddc4f97cf@group-BC4BE0D760EF-LeaderElection6] INFO  segmented.SegmentedRaftLogWorker (SegmentedRaftLogWorker.java:startLogSegment(385)) - 018b3f78-d19f-4e26-a796-cb8ddc4f97cf@group-BC4BE0D760EF-SegmentedRaftLogWorker: Starting segment from index:0
2019-10-18 13:01:20,307 [018b3f78-d19f-4e26-a796-cb8ddc4f97cf@group-BC4BE0D760EF-LeaderElection6] INFO  impl.RaftServerImpl (ServerState.java:setRaftConf(357)) - 018b3f78-d19f-4e26-a796-cb8ddc4f97cf@group-BC4BE0D760EF: set configuration 0: [018b3f78-d19f-4e26-a796-cb8ddc4f97cf:192.168.34.56:35845], old=null at 0
2019-10-18 13:01:20,332 [pool-97-thread-1] INFO  storage.RaftStorage (RaftStorage.java:format(84)) - Storage directory /workdir/hadoop-ozone/integration-test/target/test-dir/MiniOzoneClusterImpl-206d85c3-6704-4dbf-80de-7c3e9cc4f072/datanode-7/data/ratis/6953fa4c-c488-4e30-9790-5a4d2cc4d3df has been successfully formatted.
2019-10-18 13:01:20,332 [pool-97-thread-1] INFO  ratis.ContainerStateMachine (ContainerStateMachine.java:loadSnapshot(231)) - group-5A4D2CC4D3DF: The snapshot info is null. Setting the last applied indexto:(t:0, i:~)
2019-10-18 13:01:20,333 [pool-97-thread-1] INFO  server.RaftServerConfigKeys (ConfUtils.java:logGet(43)) - raft.server.notification.no-leader.timeout = 120s (custom)
2019-10-18 13:01:20,333 [pool-97-thread-1] INFO  server.RaftServerConfigKeys (ConfUtils.java:logGet(43)) - raft.server.log.use.memory = false (default)
2019-10-18 13:01:20,333 [pool-97-thread-1] INFO  server.RaftServerConfigKeys (ConfUtils.java:logGet(43)) - raft.server.log.purge.gap = 1000000 (custom)
2019-10-18 13:01:20,333 [pool-97-thread-1] INFO  server.RaftServerConfigKeys (ConfUtils.java:logGet(43)) - raft.server.log.appender.buffer.byte-limit = 33554432 (custom)
2019-10-18 13:01:20,333 [pool-97-thread-1] INFO  server.RaftServerConfigKeys (ConfUtils.java:logGet(43)) - raft.server.log.segment.size.max = 1048576 (custom)
2019-10-18 13:01:20,335 [pool-97-thread-1] INFO  server.RaftServerConfigKeys (ConfUtils.java:logGet(43)) - raft.server.log.segment.cache.num.max = 2 (custom)
2019-10-18 13:01:20,335 [pool-97-thread-1] INFO  segmented.SegmentedRaftLogWorker (SegmentedRaftLogWorker.java:<init>(173)) - new c124d131-afb9-4343-ad4e-aaebde613043@group-5A4D2CC4D3DF-SegmentedRaftLogWorker for RaftStorage:Storage Directory /workdir/hadoop-ozone/integration-test/target/test-dir/MiniOzoneClusterImpl-206d85c3-6704-4dbf-80de-7c3e9cc4f072/datanode-7/data/ratis/6953fa4c-c488-4e30-9790-5a4d2cc4d3df
2019-10-18 13:01:20,335 [pool-97-thread-1] INFO  server.RaftServerConfigKeys (ConfUtils.java:logGet(43)) - raft.server.log.queue.byte-limit = 2147483647 (custom)
2019-10-18 13:01:20,335 [pool-97-thread-1] INFO  server.RaftServerConfigKeys (ConfUtils.java:logGet(43)) - raft.server.log.queue.element-limit = 1024 (custom)
2019-10-18 13:01:20,335 [pool-97-thread-1] INFO  server.RaftServerConfigKeys (ConfUtils.java:logGet(43)) - raft.server.log.segment.size.max = 1048576 (custom)
2019-10-18 13:01:20,335 [pool-97-thread-1] INFO  server.RaftServerConfigKeys (ConfUtils.java:logGet(43)) - raft.server.log.preallocated.size = 16384 (custom)
2019-10-18 13:01:20,335 [pool-97-thread-1] INFO  server.RaftServerConfigKeys (ConfUtils.java:logGet(43)) - raft.server.log.write.buffer.size = 33554432 (custom)
2019-10-18 13:01:20,335 [pool-97-thread-1] INFO  server.RaftServerConfigKeys (ConfUtils.java:logGet(43)) - raft.server.log.force.sync.num = 128 (default)
2019-10-18 13:01:20,335 [pool-97-thread-1] INFO  server.RaftServerConfigKeys (ConfUtils.java:logGet(43)) - raft.server.log.statemachine.data.sync = true (default)
2019-10-18 13:01:20,336 [pool-97-thread-1] INFO  server.RaftServerConfigKeys (ConfUtils.java:logGet(43)) - raft.server.log.statemachine.data.sync.timeout = 10s (default)
2019-10-18 13:01:20,336 [pool-97-thread-1] INFO  server.RaftServerConfigKeys (ConfUtils.java:logGet(43)) - raft.server.log.statemachine.data.sync.timeout.retry = -1 (default)
2019-10-18 13:01:20,336 [pool-97-thread-1] INFO  server.RaftServerConfigKeys (ConfUtils.java:logGet(43)) - raft.server.log.statemachine.data.caching.enabled = true (custom)
2019-10-18 13:01:20,336 [pool-97-thread-1] INFO  segmented.SegmentedRaftLogWorker (SegmentedRaftLogWorker.java:lambda$new$0(128)) - c124d131-afb9-4343-ad4e-aaebde613043@group-5A4D2CC4D3DF-SegmentedRaftLogWorker: flushIndex: setUnconditionally 0 -> -1
2019-10-18 13:01:20,336 [pool-97-thread-1] INFO  server.RaftServerConfigKeys (ConfUtils.java:logGet(43)) - raft.server.snapshot.auto.trigger.enabled = true (custom)
2019-10-18 13:01:20,337 [pool-97-thread-1] INFO  server.RaftServerConfigKeys (ConfUtils.java:logGet(43)) - raft.server.snapshot.auto.trigger.threshold = 10000 (custom)
2019-10-18 13:01:20,337 [pool-97-thread-1] INFO  server.RaftServerConfigKeys (ConfUtils.java:logGet(43)) - raft.server.snapshot.retention.file.num = 5 (custom)
2019-10-18 13:01:20,337 [pool-97-thread-1] INFO  server.RaftServerConfigKeys (ConfUtils.java:logGet(43)) - raft.server.retrycache.expirytime = 600000ms (custom)
2019-10-18 13:01:20,340 [pool-97-thread-1] INFO  impl.RaftServerImpl (RaftServerImpl.java:start(195)) - c124d131-afb9-4343-ad4e-aaebde613043@group-5A4D2CC4D3DF: start as a follower, conf=-1: [c124d131-afb9-4343-ad4e-aaebde613043:192.168.34.56:42116], old=null
2019-10-18 13:01:20,340 [pool-97-thread-1] INFO  impl.RaftServerImpl (RaftServerImpl.java:setRole(184)) - c124d131-afb9-4343-ad4e-aaebde613043@group-5A4D2CC4D3DF: changes role from      null to FOLLOWER at term 0 for startAsFollower
2019-10-18 13:01:20,340 [pool-97-thread-1] INFO  impl.RoleInfo (RoleInfo.java:updateAndGet(143)) - c124d131-afb9-4343-ad4e-aaebde613043: start FollowerState
2019-10-18 13:01:20,340 [pool-97-thread-1] INFO  util.JmxRegister (JmxRegister.java:tryRegister(44)) - Successfully registered JMX Bean with object name Ratis:service=RaftServer,group=group-5A4D2CC4D3DF,id=c124d131-afb9-4343-ad4e-aaebde613043
2019-10-18 13:01:20,354 [RatisPipelineUtilsThread] INFO  pipeline.PipelineStateManager (PipelineStateManager.java:addPipeline(56)) - Created pipeline Pipeline[ Id: 6953fa4c-c488-4e30-9790-5a4d2cc4d3df, Nodes: c124d131-afb9-4343-ad4e-aaebde613043{ip: 192.168.34.56, host: pr-hdds-2330-xmbvw-1183399999, networkLocation: /default-rack, certSerialId: null}, Type:RATIS, Factor:ONE, State:OPEN]
2019-10-18 13:01:20,361 [018b3f78-d19f-4e26-a796-cb8ddc4f97cf@group-BC4BE0D760EF-SegmentedRaftLogWorker] INFO  segmented.SegmentedRaftLogWorker (SegmentedRaftLogWorker.java:execute(576)) - 018b3f78-d19f-4e26-a796-cb8ddc4f97cf@group-BC4BE0D760EF-SegmentedRaftLogWorker: created new log segment /workdir/hadoop-ozone/integration-test/target/test-dir/MiniOzoneClusterImpl-206d85c3-6704-4dbf-80de-7c3e9cc4f072/datanode-9/data/ratis/8534d30e-edc0-46af-b5cc-bc4be0d760ef/current/log_inprogress_0
2019-10-18 13:01:20,365 [grpc-default-executor-0] INFO  impl.RaftServerProxy (RaftServerProxy.java:addNew(89)) - e5bb327f-cdd7-4e49-919e-13a4c895fddf: addNew group-86C591FDC953:[e5bb327f-cdd7-4e49-919e-13a4c895fddf:192.168.34.56:36658] returns group-86C591FDC953:java.util.concurrent.CompletableFuture@4a884151[Not completed]
2019-10-18 13:01:20,367 [pool-77-thread-1] INFO  impl.RaftServerImpl (RaftServerImpl.java:<init>(104)) - e5bb327f-cdd7-4e49-919e-13a4c895fddf: new RaftServerImpl for group-86C591FDC953:[e5bb327f-cdd7-4e49-919e-13a4c895fddf:192.168.34.56:36658] with ContainerStateMachine:uninitialized
2019-10-18 13:01:20,367 [pool-77-thread-1] INFO  server.RaftServerConfigKeys (ConfUtils.java:logGet(43)) - raft.server.rpc.timeout.min = 1s (custom)
2019-10-18 13:01:20,367 [pool-77-thread-1] INFO  server.RaftServerConfigKeys (ConfUtils.java:logGet(43)) - raft.server.rpc.timeout.max = 1200ms (custom)
2019-10-18 13:01:20,367 [pool-77-thread-1] INFO  server.RaftServerConfigKeys (ConfUtils.java:logGet(43)) - raft.server.rpcslowness.timeout = 120s (custom)
2019-10-18 13:01:20,367 [pool-77-thread-1] INFO  server.RaftServerConfigKeys (ConfUtils.java:logGet(43)) - raft.server.sleep.deviation.threshold = 300 (default)
2019-10-18 13:01:20,367 [pool-77-thread-1] INFO  server.RaftServerConfigKeys (ConfUtils.java:logGet(43)) - raft.server.log.appender.install.snapshot.enabled = false (custom)
2019-10-18 13:01:20,367 [pool-77-thread-1] INFO  impl.RaftServerImpl (ServerState.java:<init>(103)) - e5bb327f-cdd7-4e49-919e-13a4c895fddf@group-86C591FDC953: ConfigurationManager, init=-1: [e5bb327f-cdd7-4e49-919e-13a4c895fddf:192.168.34.56:36658], old=null, confs=<EMPTY_MAP>
2019-10-18 13:01:20,367 [pool-77-thread-1] INFO  server.RaftServerConfigKeys (ConfUtils.java:logGet(43)) - raft.server.storage.dir = [/workdir/hadoop-ozone/integration-test/target/test-dir/MiniOzoneClusterImpl-206d85c3-6704-4dbf-80de-7c3e9cc4f072/datanode-5/data/ratis] (custom)
2019-10-18 13:01:20,368 [pool-77-thread-1] INFO  server.RaftServerConfigKeys (ConfUtils.java:logGet(43)) - raft.server.log.corruption.policy = EXCEPTION (default)
2019-10-18 13:01:20,368 [pool-77-thread-1] INFO  storage.RaftStorageDirectory (RaftStorageDirectory.java:analyzeStorage(246)) - The storage directory /workdir/hadoop-ozone/integration-test/target/test-dir/MiniOzoneClusterImpl-206d85c3-6704-4dbf-80de-7c3e9cc4f072/datanode-5/data/ratis/49dc55b8-f4b0-450f-a046-86c591fdc953 does not exist. Creating ...
2019-10-18 13:01:20,425 [pool-77-thread-1] INFO  storage.RaftStorageDirectory (RaftStorageDirectory.java:tryLock(328)) - Lock on /workdir/hadoop-ozone/integration-test/target/test-dir/MiniOzoneClusterImpl-206d85c3-6704-4dbf-80de-7c3e9cc4f072/datanode-5/data/ratis/49dc55b8-f4b0-450f-a046-86c591fdc953/in_use.lock acquired by nodename 11498@pr-hdds-2330-xmbvw-1183399999
2019-10-18 13:01:20,477 [Thread-319] INFO  impl.FollowerState (FollowerState.java:run(108)) - c124d131-afb9-4343-ad4e-aaebde613043@group-5A4D2CC4D3DF-FollowerState: change to CANDIDATE, lastRpcTime:137ms, electionTimeout:137ms
2019-10-18 13:01:20,478 [Thread-319] INFO  impl.RoleInfo (RoleInfo.java:shutdownFollowerState(121)) - c124d131-afb9-4343-ad4e-aaebde613043: shutdown FollowerState
2019-10-18 13:01:20,478 [Thread-319] INFO  impl.RaftServerImpl (RaftServerImpl.java:setRole(184)) - c124d131-afb9-4343-ad4e-aaebde613043@group-5A4D2CC4D3DF: changes role from  FOLLOWER to CANDIDATE at term 0 for changeToCandidate
2019-10-18 13:01:20,478 [Thread-319] INFO  impl.RoleInfo (RoleInfo.java:updateAndGet(143)) - c124d131-afb9-4343-ad4e-aaebde613043: start LeaderElection
2019-10-18 13:01:20,490 [pool-77-thread-1] INFO  storage.RaftStorage (RaftStorage.java:format(84)) - Storage directory /workdir/hadoop-ozone/integration-test/target/test-dir/MiniOzoneClusterImpl-206d85c3-6704-4dbf-80de-7c3e9cc4f072/datanode-5/data/ratis/49dc55b8-f4b0-450f-a046-86c591fdc953 has been successfully formatted.
2019-10-18 13:01:20,490 [pool-77-thread-1] INFO  ratis.ContainerStateMachine (ContainerStateMachine.java:loadSnapshot(231)) - group-86C591FDC953: The snapshot info is null. Setting the last applied indexto:(t:0, i:~)
2019-10-18 13:01:20,491 [pool-77-thread-1] INFO  server.RaftServerConfigKeys (ConfUtils.java:logGet(43)) - raft.server.notification.no-leader.timeout = 120s (custom)
2019-10-18 13:01:20,491 [pool-77-thread-1] INFO  server.RaftServerConfigKeys (ConfUtils.java:logGet(43)) - raft.server.log.use.memory = false (default)
2019-10-18 13:01:20,491 [pool-77-thread-1] INFO  server.RaftServerConfigKeys (ConfUtils.java:logGet(43)) - raft.server.log.purge.gap = 1000000 (custom)
2019-10-18 13:01:20,491 [pool-77-thread-1] INFO  server.RaftServerConfigKeys (ConfUtils.java:logGet(43)) - raft.server.log.appender.buffer.byte-limit = 33554432 (custom)
2019-10-18 13:01:20,491 [pool-77-thread-1] INFO  server.RaftServerConfigKeys (ConfUtils.java:logGet(43)) - raft.server.log.segment.size.max = 1048576 (custom)
2019-10-18 13:01:20,494 [pool-77-thread-1] INFO  server.RaftServerConfigKeys (ConfUtils.java:logGet(43)) - raft.server.log.segment.cache.num.max = 2 (custom)
2019-10-18 13:01:20,494 [pool-77-thread-1] INFO  segmented.SegmentedRaftLogWorker (SegmentedRaftLogWorker.java:<init>(173)) - new e5bb327f-cdd7-4e49-919e-13a4c895fddf@group-86C591FDC953-SegmentedRaftLogWorker for RaftStorage:Storage Directory /workdir/hadoop-ozone/integration-test/target/test-dir/MiniOzoneClusterImpl-206d85c3-6704-4dbf-80de-7c3e9cc4f072/datanode-5/data/ratis/49dc55b8-f4b0-450f-a046-86c591fdc953
2019-10-18 13:01:20,494 [pool-77-thread-1] INFO  server.RaftServerConfigKeys (ConfUtils.java:logGet(43)) - raft.server.log.queue.byte-limit = 2147483647 (custom)
2019-10-18 13:01:20,494 [pool-77-thread-1] INFO  server.RaftServerConfigKeys (ConfUtils.java:logGet(43)) - raft.server.log.queue.element-limit = 1024 (custom)
2019-10-18 13:01:20,494 [pool-77-thread-1] INFO  server.RaftServerConfigKeys (ConfUtils.java:logGet(43)) - raft.server.log.segment.size.max = 1048576 (custom)
2019-10-18 13:01:20,494 [pool-77-thread-1] INFO  server.RaftServerConfigKeys (ConfUtils.java:logGet(43)) - raft.server.log.preallocated.size = 16384 (custom)
2019-10-18 13:01:20,495 [pool-77-thread-1] INFO  server.RaftServerConfigKeys (ConfUtils.java:logGet(43)) - raft.server.log.write.buffer.size = 33554432 (custom)
2019-10-18 13:01:20,495 [pool-77-thread-1] INFO  server.RaftServerConfigKeys (ConfUtils.java:logGet(43)) - raft.server.log.force.sync.num = 128 (default)
2019-10-18 13:01:20,495 [pool-77-thread-1] INFO  server.RaftServerConfigKeys (ConfUtils.java:logGet(43)) - raft.server.log.statemachine.data.sync = true (default)
2019-10-18 13:01:20,495 [pool-77-thread-1] INFO  server.RaftServerConfigKeys (ConfUtils.java:logGet(43)) - raft.server.log.statemachine.data.sync.timeout = 10s (default)
2019-10-18 13:01:20,495 [pool-77-thread-1] INFO  server.RaftServerConfigKeys (ConfUtils.java:logGet(43)) - raft.server.log.statemachine.data.sync.timeout.retry = -1 (default)
2019-10-18 13:01:20,495 [pool-77-thread-1] INFO  server.RaftServerConfigKeys (ConfUtils.java:logGet(43)) - raft.server.log.statemachine.data.caching.enabled = true (custom)
2019-10-18 13:01:20,505 [pool-77-thread-1] INFO  segmented.SegmentedRaftLogWorker (SegmentedRaftLogWorker.java:lambda$new$0(128)) - e5bb327f-cdd7-4e49-919e-13a4c895fddf@group-86C591FDC953-SegmentedRaftLogWorker: flushIndex: setUnconditionally 0 -> -1
2019-10-18 13:01:20,505 [pool-77-thread-1] INFO  server.RaftServerConfigKeys (ConfUtils.java:logGet(43)) - raft.server.snapshot.auto.trigger.enabled = true (custom)
2019-10-18 13:01:20,505 [pool-77-thread-1] INFO  server.RaftServerConfigKeys (ConfUtils.java:logGet(43)) - raft.server.snapshot.auto.trigger.threshold = 10000 (custom)
2019-10-18 13:01:20,506 [pool-77-thread-1] INFO  server.RaftServerConfigKeys (ConfUtils.java:logGet(43)) - raft.server.snapshot.retention.file.num = 5 (custom)
2019-10-18 13:01:20,506 [c124d131-afb9-4343-ad4e-aaebde613043@group-5A4D2CC4D3DF-LeaderElection7] INFO  impl.LeaderElection (LeaderElection.java:askForVotes(178)) - c124d131-afb9-4343-ad4e-aaebde613043@group-5A4D2CC4D3DF-LeaderElection7: begin an election at term 1 for -1: [c124d131-afb9-4343-ad4e-aaebde613043:192.168.34.56:42116], old=null
2019-10-18 13:01:20,506 [pool-77-thread-1] INFO  server.RaftServerConfigKeys (ConfUtils.java:logGet(43)) - raft.server.retrycache.expirytime = 600000ms (custom)
2019-10-18 13:01:20,506 [c124d131-afb9-4343-ad4e-aaebde613043@group-5A4D2CC4D3DF-LeaderElection7] INFO  impl.RoleInfo (RoleInfo.java:shutdownLeaderElection(134)) - c124d131-afb9-4343-ad4e-aaebde613043: shutdown LeaderElection
2019-10-18 13:01:20,506 [c124d131-afb9-4343-ad4e-aaebde613043@group-5A4D2CC4D3DF-LeaderElection7] INFO  impl.RaftServerImpl (RaftServerImpl.java:setRole(184)) - c124d131-afb9-4343-ad4e-aaebde613043@group-5A4D2CC4D3DF: changes role from CANDIDATE to LEADER at term 1 for changeToLeader
2019-10-18 13:01:20,506 [c124d131-afb9-4343-ad4e-aaebde613043@group-5A4D2CC4D3DF-LeaderElection7] INFO  impl.RaftServerImpl (ServerState.java:setLeader(256)) - c124d131-afb9-4343-ad4e-aaebde613043@group-5A4D2CC4D3DF: change Leader from null to c124d131-afb9-4343-ad4e-aaebde613043 at term 1 for becomeLeader, leader elected after 173ms
2019-10-18 13:01:20,506 [c124d131-afb9-4343-ad4e-aaebde613043@group-5A4D2CC4D3DF-LeaderElection7] INFO  server.RaftServerConfigKeys (ConfUtils.java:logGet(43)) - raft.server.staging.catchup.gap = 1000 (default)
2019-10-18 13:01:20,506 [c124d131-afb9-4343-ad4e-aaebde613043@group-5A4D2CC4D3DF-LeaderElection7] INFO  server.RaftServerConfigKeys (ConfUtils.java:logGet(43)) - raft.server.rpc.sleep.time = 25ms (default)
2019-10-18 13:01:20,506 [c124d131-afb9-4343-ad4e-aaebde613043@group-5A4D2CC4D3DF-LeaderElection7] INFO  server.RaftServerConfigKeys (ConfUtils.java:logGet(43)) - raft.server.write.element-limit = 4096 (default)
2019-10-18 13:01:20,507 [c124d131-afb9-4343-ad4e-aaebde613043@group-5A4D2CC4D3DF-LeaderElection7] INFO  server.RaftServerConfigKeys (ConfUtils.java:logGet(43)) - raft.server.watch.timeout = 10s (default)
2019-10-18 13:01:20,507 [c124d131-afb9-4343-ad4e-aaebde613043@group-5A4D2CC4D3DF-LeaderElection7] INFO  server.RaftServerConfigKeys (ConfUtils.java:logGet(43)) - raft.server.watch.timeout.denomination = 1s (default)
2019-10-18 13:01:20,507 [c124d131-afb9-4343-ad4e-aaebde613043@group-5A4D2CC4D3DF-LeaderElection7] INFO  server.RaftServerConfigKeys (ConfUtils.java:logGet(43)) - raft.server.watch.element-limit = 65536 (default)
2019-10-18 13:01:20,509 [c124d131-afb9-4343-ad4e-aaebde613043@group-5A4D2CC4D3DF-LeaderElection7] INFO  impl.RoleInfo (RoleInfo.java:updateAndGet(143)) - c124d131-afb9-4343-ad4e-aaebde613043: start LeaderState
2019-10-18 13:01:20,509 [c124d131-afb9-4343-ad4e-aaebde613043@group-5A4D2CC4D3DF-LeaderElection7] INFO  segmented.SegmentedRaftLogWorker (SegmentedRaftLogWorker.java:startLogSegment(385)) - c124d131-afb9-4343-ad4e-aaebde613043@group-5A4D2CC4D3DF-SegmentedRaftLogWorker: Starting segment from index:0
2019-10-18 13:01:20,510 [c124d131-afb9-4343-ad4e-aaebde613043@group-5A4D2CC4D3DF-LeaderElection7] INFO  impl.RaftServerImpl (ServerState.java:setRaftConf(357)) - c124d131-afb9-4343-ad4e-aaebde613043@group-5A4D2CC4D3DF: set configuration 0: [c124d131-afb9-4343-ad4e-aaebde613043:192.168.34.56:42116], old=null at 0
2019-10-18 13:01:20,535 [pool-77-thread-1] INFO  impl.RaftServerImpl (RaftServerImpl.java:start(195)) - e5bb327f-cdd7-4e49-919e-13a4c895fddf@group-86C591FDC953: start as a follower, conf=-1: [e5bb327f-cdd7-4e49-919e-13a4c895fddf:192.168.34.56:36658], old=null
2019-10-18 13:01:20,535 [pool-77-thread-1] INFO  impl.RaftServerImpl (RaftServerImpl.java:setRole(184)) - e5bb327f-cdd7-4e49-919e-13a4c895fddf@group-86C591FDC953: changes role from      null to FOLLOWER at term 0 for startAsFollower
2019-10-18 13:01:20,535 [pool-77-thread-1] INFO  impl.RoleInfo (RoleInfo.java:updateAndGet(143)) - e5bb327f-cdd7-4e49-919e-13a4c895fddf: start FollowerState
2019-10-18 13:01:20,536 [pool-77-thread-1] INFO  util.JmxRegister (JmxRegister.java:tryRegister(44)) - Successfully registered JMX Bean with object name Ratis:service=RaftServer,group=group-86C591FDC953,id=e5bb327f-cdd7-4e49-919e-13a4c895fddf
2019-10-18 13:01:20,539 [Thread-283] INFO  container.ReplicationManager (ReplicationManager.java:start(162)) - Starting Replication Monitor Thread.
2019-10-18 13:01:20,540 [ReplicationMonitor] INFO  container.ReplicationManager (ReplicationManager.java:run(225)) - Replication Monitor Thread took 1 milliseconds for processing 0 containers.
2019-10-18 13:01:20,548 [c124d131-afb9-4343-ad4e-aaebde613043@group-5A4D2CC4D3DF-SegmentedRaftLogWorker] INFO  segmented.SegmentedRaftLogWorker (SegmentedRaftLogWorker.java:execute(576)) - c124d131-afb9-4343-ad4e-aaebde613043@group-5A4D2CC4D3DF-SegmentedRaftLogWorker: created new log segment /workdir/hadoop-ozone/integration-test/target/test-dir/MiniOzoneClusterImpl-206d85c3-6704-4dbf-80de-7c3e9cc4f072/datanode-7/data/ratis/6953fa4c-c488-4e30-9790-5a4d2cc4d3df/current/log_inprogress_0
2019-10-18 13:01:20,548 [RatisPipelineUtilsThread] INFO  pipeline.PipelineStateManager (PipelineStateManager.java:addPipeline(56)) - Created pipeline Pipeline[ Id: 49dc55b8-f4b0-450f-a046-86c591fdc953, Nodes: e5bb327f-cdd7-4e49-919e-13a4c895fddf{ip: 192.168.34.56, host: pr-hdds-2330-xmbvw-1183399999, networkLocation: /default-rack, certSerialId: null}, Type:RATIS, Factor:ONE, State:OPEN]
2019-10-18 13:01:20,567 [grpc-default-executor-0] INFO  impl.RaftServerProxy (RaftServerProxy.java:addNew(89)) - 999343e7-0330-4874-a345-91eca72585e0: addNew group-7717242EC5BC:[999343e7-0330-4874-a345-91eca72585e0:192.168.34.56:44872] returns group-7717242EC5BC:java.util.concurrent.CompletableFuture@7ca3c552[Not completed]
2019-10-18 13:01:20,570 [pool-47-thread-1] INFO  impl.RaftServerImpl (RaftServerImpl.java:<init>(104)) - 999343e7-0330-4874-a345-91eca72585e0: new RaftServerImpl for group-7717242EC5BC:[999343e7-0330-4874-a345-91eca72585e0:192.168.34.56:44872] with ContainerStateMachine:uninitialized
2019-10-18 13:01:20,570 [pool-47-thread-1] INFO  server.RaftServerConfigKeys (ConfUtils.java:logGet(43)) - raft.server.rpc.timeout.min = 1s (custom)
2019-10-18 13:01:20,570 [pool-47-thread-1] INFO  server.RaftServerConfigKeys (ConfUtils.java:logGet(43)) - raft.server.rpc.timeout.max = 1200ms (custom)
2019-10-18 13:01:20,571 [pool-47-thread-1] INFO  server.RaftServerConfigKeys (ConfUtils.java:logGet(43)) - raft.server.rpcslowness.timeout = 120s (custom)
2019-10-18 13:01:20,571 [pool-47-thread-1] INFO  server.RaftServerConfigKeys (ConfUtils.java:logGet(43)) - raft.server.sleep.deviation.threshold = 300 (default)
2019-10-18 13:01:20,571 [pool-47-thread-1] INFO  server.RaftServerConfigKeys (ConfUtils.java:logGet(43)) - raft.server.log.appender.install.snapshot.enabled = false (custom)
2019-10-18 13:01:20,571 [pool-47-thread-1] INFO  impl.RaftServerImpl (ServerState.java:<init>(103)) - 999343e7-0330-4874-a345-91eca72585e0@group-7717242EC5BC: ConfigurationManager, init=-1: [999343e7-0330-4874-a345-91eca72585e0:192.168.34.56:44872], old=null, confs=<EMPTY_MAP>
2019-10-18 13:01:20,571 [pool-47-thread-1] INFO  server.RaftServerConfigKeys (ConfUtils.java:logGet(43)) - raft.server.storage.dir = [/workdir/hadoop-ozone/integration-test/target/test-dir/MiniOzoneClusterImpl-206d85c3-6704-4dbf-80de-7c3e9cc4f072/datanode-2/data/ratis] (custom)
2019-10-18 13:01:20,572 [pool-47-thread-1] INFO  server.RaftServerConfigKeys (ConfUtils.java:logGet(43)) - raft.server.log.corruption.policy = EXCEPTION (default)
2019-10-18 13:01:20,572 [pool-47-thread-1] INFO  storage.RaftStorageDirectory (RaftStorageDirectory.java:analyzeStorage(246)) - The storage directory /workdir/hadoop-ozone/integration-test/target/test-dir/MiniOzoneClusterImpl-206d85c3-6704-4dbf-80de-7c3e9cc4f072/datanode-2/data/ratis/dbcbfc85-b9ae-4e5a-a3d0-7717242ec5bc does not exist. Creating ...
2019-10-18 13:01:20,574 [Thread-324] INFO  impl.FollowerState (FollowerState.java:run(108)) - e5bb327f-cdd7-4e49-919e-13a4c895fddf@group-86C591FDC953-FollowerState: change to CANDIDATE, lastRpcTime:38ms, electionTimeout:38ms
2019-10-18 13:01:20,574 [Thread-324] INFO  impl.RoleInfo (RoleInfo.java:shutdownFollowerState(121)) - e5bb327f-cdd7-4e49-919e-13a4c895fddf: shutdown FollowerState
2019-10-18 13:01:20,574 [Thread-324] INFO  impl.RaftServerImpl (RaftServerImpl.java:setRole(184)) - e5bb327f-cdd7-4e49-919e-13a4c895fddf@group-86C591FDC953: changes role from  FOLLOWER to CANDIDATE at term 0 for changeToCandidate
2019-10-18 13:01:20,574 [Thread-324] INFO  impl.RoleInfo (RoleInfo.java:updateAndGet(143)) - e5bb327f-cdd7-4e49-919e-13a4c895fddf: start LeaderElection
2019-10-18 13:01:20,605 [pool-47-thread-1] INFO  storage.RaftStorageDirectory (RaftStorageDirectory.java:tryLock(328)) - Lock on /workdir/hadoop-ozone/integration-test/target/test-dir/MiniOzoneClusterImpl-206d85c3-6704-4dbf-80de-7c3e9cc4f072/datanode-2/data/ratis/dbcbfc85-b9ae-4e5a-a3d0-7717242ec5bc/in_use.lock acquired by nodename 11498@pr-hdds-2330-xmbvw-1183399999
2019-10-18 13:01:20,605 [e5bb327f-cdd7-4e49-919e-13a4c895fddf@group-86C591FDC953-LeaderElection8] INFO  impl.LeaderElection (LeaderElection.java:askForVotes(178)) - e5bb327f-cdd7-4e49-919e-13a4c895fddf@group-86C591FDC953-LeaderElection8: begin an election at term 1 for -1: [e5bb327f-cdd7-4e49-919e-13a4c895fddf:192.168.34.56:36658], old=null
2019-10-18 13:01:20,605 [e5bb327f-cdd7-4e49-919e-13a4c895fddf@group-86C591FDC953-LeaderElection8] INFO  impl.RoleInfo (RoleInfo.java:shutdownLeaderElection(134)) - e5bb327f-cdd7-4e49-919e-13a4c895fddf: shutdown LeaderElection
2019-10-18 13:01:20,605 [e5bb327f-cdd7-4e49-919e-13a4c895fddf@group-86C591FDC953-LeaderElection8] INFO  impl.RaftServerImpl (RaftServerImpl.java:setRole(184)) - e5bb327f-cdd7-4e49-919e-13a4c895fddf@group-86C591FDC953: changes role from CANDIDATE to LEADER at term 1 for changeToLeader
2019-10-18 13:01:20,605 [e5bb327f-cdd7-4e49-919e-13a4c895fddf@group-86C591FDC953-LeaderElection8] INFO  impl.RaftServerImpl (ServerState.java:setLeader(256)) - e5bb327f-cdd7-4e49-919e-13a4c895fddf@group-86C591FDC953: change Leader from null to e5bb327f-cdd7-4e49-919e-13a4c895fddf at term 1 for becomeLeader, leader elected after 114ms
2019-10-18 13:01:20,606 [e5bb327f-cdd7-4e49-919e-13a4c895fddf@group-86C591FDC953-LeaderElection8] INFO  server.RaftServerConfigKeys (ConfUtils.java:logGet(43)) - raft.server.staging.catchup.gap = 1000 (default)
2019-10-18 13:01:20,606 [e5bb327f-cdd7-4e49-919e-13a4c895fddf@group-86C591FDC953-LeaderElection8] INFO  server.RaftServerConfigKeys (ConfUtils.java:logGet(43)) - raft.server.rpc.sleep.time = 25ms (default)
2019-10-18 13:01:20,606 [e5bb327f-cdd7-4e49-919e-13a4c895fddf@group-86C591FDC953-LeaderElection8] INFO  server.RaftServerConfigKeys (ConfUtils.java:logGet(43)) - raft.server.write.element-limit = 4096 (default)
2019-10-18 13:01:20,606 [e5bb327f-cdd7-4e49-919e-13a4c895fddf@group-86C591FDC953-LeaderElection8] INFO  server.RaftServerConfigKeys (ConfUtils.java:logGet(43)) - raft.server.watch.timeout = 10s (default)
2019-10-18 13:01:20,606 [e5bb327f-cdd7-4e49-919e-13a4c895fddf@group-86C591FDC953-LeaderElection8] INFO  server.RaftServerConfigKeys (ConfUtils.java:logGet(43)) - raft.server.watch.timeout.denomination = 1s (default)
2019-10-18 13:01:20,606 [e5bb327f-cdd7-4e49-919e-13a4c895fddf@group-86C591FDC953-LeaderElection8] INFO  server.RaftServerConfigKeys (ConfUtils.java:logGet(43)) - raft.server.watch.element-limit = 65536 (default)
2019-10-18 13:01:20,608 [e5bb327f-cdd7-4e49-919e-13a4c895fddf@group-86C591FDC953-LeaderElection8] INFO  impl.RoleInfo (RoleInfo.java:updateAndGet(143)) - e5bb327f-cdd7-4e49-919e-13a4c895fddf: start LeaderState
2019-10-18 13:01:20,608 [e5bb327f-cdd7-4e49-919e-13a4c895fddf@group-86C591FDC953-LeaderElection8] INFO  segmented.SegmentedRaftLogWorker (SegmentedRaftLogWorker.java:startLogSegment(385)) - e5bb327f-cdd7-4e49-919e-13a4c895fddf@group-86C591FDC953-SegmentedRaftLogWorker: Starting segment from index:0
2019-10-18 13:01:20,609 [e5bb327f-cdd7-4e49-919e-13a4c895fddf@group-86C591FDC953-LeaderElection8] INFO  impl.RaftServerImpl (ServerState.java:setRaftConf(357)) - e5bb327f-cdd7-4e49-919e-13a4c895fddf@group-86C591FDC953: set configuration 0: [e5bb327f-cdd7-4e49-919e-13a4c895fddf:192.168.34.56:36658], old=null at 0
2019-10-18 13:01:20,647 [pool-47-thread-1] INFO  storage.RaftStorage (RaftStorage.java:format(84)) - Storage directory /workdir/hadoop-ozone/integration-test/target/test-dir/MiniOzoneClusterImpl-206d85c3-6704-4dbf-80de-7c3e9cc4f072/datanode-2/data/ratis/dbcbfc85-b9ae-4e5a-a3d0-7717242ec5bc has been successfully formatted.
2019-10-18 13:01:20,648 [pool-47-thread-1] INFO  ratis.ContainerStateMachine (ContainerStateMachine.java:loadSnapshot(231)) - group-7717242EC5BC: The snapshot info is null. Setting the last applied indexto:(t:0, i:~)
2019-10-18 13:01:20,648 [pool-47-thread-1] INFO  server.RaftServerConfigKeys (ConfUtils.java:logGet(43)) - raft.server.notification.no-leader.timeout = 120s (custom)
2019-10-18 13:01:20,648 [pool-47-thread-1] INFO  server.RaftServerConfigKeys (ConfUtils.java:logGet(43)) - raft.server.log.use.memory = false (default)
2019-10-18 13:01:20,648 [pool-47-thread-1] INFO  server.RaftServerConfigKeys (ConfUtils.java:logGet(43)) - raft.server.log.purge.gap = 1000000 (custom)
2019-10-18 13:01:20,648 [pool-47-thread-1] INFO  server.RaftServerConfigKeys (ConfUtils.java:logGet(43)) - raft.server.log.appender.buffer.byte-limit = 33554432 (custom)
2019-10-18 13:01:20,648 [pool-47-thread-1] INFO  server.RaftServerConfigKeys (ConfUtils.java:logGet(43)) - raft.server.log.segment.size.max = 1048576 (custom)
2019-10-18 13:01:20,651 [pool-47-thread-1] INFO  server.RaftServerConfigKeys (ConfUtils.java:logGet(43)) - raft.server.log.segment.cache.num.max = 2 (custom)
2019-10-18 13:01:20,651 [pool-47-thread-1] INFO  segmented.SegmentedRaftLogWorker (SegmentedRaftLogWorker.java:<init>(173)) - new 999343e7-0330-4874-a345-91eca72585e0@group-7717242EC5BC-SegmentedRaftLogWorker for RaftStorage:Storage Directory /workdir/hadoop-ozone/integration-test/target/test-dir/MiniOzoneClusterImpl-206d85c3-6704-4dbf-80de-7c3e9cc4f072/datanode-2/data/ratis/dbcbfc85-b9ae-4e5a-a3d0-7717242ec5bc
2019-10-18 13:01:20,651 [pool-47-thread-1] INFO  server.RaftServerConfigKeys (ConfUtils.java:logGet(43)) - raft.server.log.queue.byte-limit = 2147483647 (custom)
2019-10-18 13:01:20,651 [pool-47-thread-1] INFO  server.RaftServerConfigKeys (ConfUtils.java:logGet(43)) - raft.server.log.queue.element-limit = 1024 (custom)
2019-10-18 13:01:20,651 [pool-47-thread-1] INFO  server.RaftServerConfigKeys (ConfUtils.java:logGet(43)) - raft.server.log.segment.size.max = 1048576 (custom)
2019-10-18 13:01:20,651 [pool-47-thread-1] INFO  server.RaftServerConfigKeys (ConfUtils.java:logGet(43)) - raft.server.log.preallocated.size = 16384 (custom)
2019-10-18 13:01:20,651 [pool-47-thread-1] INFO  server.RaftServerConfigKeys (ConfUtils.java:logGet(43)) - raft.server.log.write.buffer.size = 33554432 (custom)
2019-10-18 13:01:20,652 [pool-47-thread-1] INFO  server.RaftServerConfigKeys (ConfUtils.java:logGet(43)) - raft.server.log.force.sync.num = 128 (default)
2019-10-18 13:01:20,652 [pool-47-thread-1] INFO  server.RaftServerConfigKeys (ConfUtils.java:logGet(43)) - raft.server.log.statemachine.data.sync = true (default)
2019-10-18 13:01:20,652 [pool-47-thread-1] INFO  server.RaftServerConfigKeys (ConfUtils.java:logGet(43)) - raft.server.log.statemachine.data.sync.timeout = 10s (default)
2019-10-18 13:01:20,652 [pool-47-thread-1] INFO  server.RaftServerConfigKeys (ConfUtils.java:logGet(43)) - raft.server.log.statemachine.data.sync.timeout.retry = -1 (default)
2019-10-18 13:01:20,652 [pool-47-thread-1] INFO  server.RaftServerConfigKeys (ConfUtils.java:logGet(43)) - raft.server.log.statemachine.data.caching.enabled = true (custom)
2019-10-18 13:01:20,653 [pool-47-thread-1] INFO  segmented.SegmentedRaftLogWorker (SegmentedRaftLogWorker.java:lambda$new$0(128)) - 999343e7-0330-4874-a345-91eca72585e0@group-7717242EC5BC-SegmentedRaftLogWorker: flushIndex: setUnconditionally 0 -> -1
2019-10-18 13:01:20,653 [pool-47-thread-1] INFO  server.RaftServerConfigKeys (ConfUtils.java:logGet(43)) - raft.server.snapshot.auto.trigger.enabled = true (custom)
2019-10-18 13:01:20,653 [pool-47-thread-1] INFO  server.RaftServerConfigKeys (ConfUtils.java:logGet(43)) - raft.server.snapshot.auto.trigger.threshold = 10000 (custom)
2019-10-18 13:01:20,653 [pool-47-thread-1] INFO  server.RaftServerConfigKeys (ConfUtils.java:logGet(43)) - raft.server.snapshot.retention.file.num = 5 (custom)
2019-10-18 13:01:20,653 [pool-47-thread-1] INFO  server.RaftServerConfigKeys (ConfUtils.java:logGet(43)) - raft.server.retrycache.expirytime = 600000ms (custom)
2019-10-18 13:01:20,657 [pool-47-thread-1] INFO  impl.RaftServerImpl (RaftServerImpl.java:start(195)) - 999343e7-0330-4874-a345-91eca72585e0@group-7717242EC5BC: start as a follower, conf=-1: [999343e7-0330-4874-a345-91eca72585e0:192.168.34.56:44872], old=null
2019-10-18 13:01:20,657 [pool-47-thread-1] INFO  impl.RaftServerImpl (RaftServerImpl.java:setRole(184)) - 999343e7-0330-4874-a345-91eca72585e0@group-7717242EC5BC: changes role from      null to FOLLOWER at term 0 for startAsFollower
2019-10-18 13:01:20,657 [pool-47-thread-1] INFO  impl.RoleInfo (RoleInfo.java:updateAndGet(143)) - 999343e7-0330-4874-a345-91eca72585e0: start FollowerState
2019-10-18 13:01:20,657 [pool-47-thread-1] INFO  util.JmxRegister (JmxRegister.java:tryRegister(44)) - Successfully registered JMX Bean with object name Ratis:service=RaftServer,group=group-7717242EC5BC,id=999343e7-0330-4874-a345-91eca72585e0
2019-10-18 13:01:20,659 [Thread-330] INFO  impl.FollowerState (FollowerState.java:run(108)) - 999343e7-0330-4874-a345-91eca72585e0@group-7717242EC5BC-FollowerState: change to CANDIDATE, lastRpcTime:2ms, electionTimeout:2ms
2019-10-18 13:01:20,660 [Thread-330] INFO  impl.RoleInfo (RoleInfo.java:shutdownFollowerState(121)) - 999343e7-0330-4874-a345-91eca72585e0: shutdown FollowerState
2019-10-18 13:01:20,660 [Thread-330] INFO  impl.RaftServerImpl (RaftServerImpl.java:setRole(184)) - 999343e7-0330-4874-a345-91eca72585e0@group-7717242EC5BC: changes role from  FOLLOWER to CANDIDATE at term 0 for changeToCandidate
2019-10-18 13:01:20,662 [Thread-330] INFO  impl.RoleInfo (RoleInfo.java:updateAndGet(143)) - 999343e7-0330-4874-a345-91eca72585e0: start LeaderElection
2019-10-18 13:01:20,673 [RatisPipelineUtilsThread] INFO  pipeline.PipelineStateManager (PipelineStateManager.java:addPipeline(56)) - Created pipeline Pipeline[ Id: dbcbfc85-b9ae-4e5a-a3d0-7717242ec5bc, Nodes: 999343e7-0330-4874-a345-91eca72585e0{ip: 192.168.34.56, host: pr-hdds-2330-xmbvw-1183399999, networkLocation: /default-rack, certSerialId: null}, Type:RATIS, Factor:ONE, State:OPEN]
2019-10-18 13:01:20,691 [grpc-default-executor-0] INFO  impl.RaftServerProxy (RaftServerProxy.java:addNew(89)) - 854811ee-a3a8-4b6b-9252-e41564569ef8: addNew group-B9E977692206:[854811ee-a3a8-4b6b-9252-e41564569ef8:192.168.34.56:42500] returns group-B9E977692206:java.util.concurrent.CompletableFuture@7c74e844[Not completed]
2019-10-18 13:01:20,693 [pool-67-thread-1] INFO  impl.RaftServerImpl (RaftServerImpl.java:<init>(104)) - 854811ee-a3a8-4b6b-9252-e41564569ef8: new RaftServerImpl for group-B9E977692206:[854811ee-a3a8-4b6b-9252-e41564569ef8:192.168.34.56:42500] with ContainerStateMachine:uninitialized
2019-10-18 13:01:20,693 [pool-67-thread-1] INFO  server.RaftServerConfigKeys (ConfUtils.java:logGet(43)) - raft.server.rpc.timeout.min = 1s (custom)
2019-10-18 13:01:20,693 [pool-67-thread-1] INFO  server.RaftServerConfigKeys (ConfUtils.java:logGet(43)) - raft.server.rpc.timeout.max = 1200ms (custom)
2019-10-18 13:01:20,693 [pool-67-thread-1] INFO  server.RaftServerConfigKeys (ConfUtils.java:logGet(43)) - raft.server.rpcslowness.timeout = 120s (custom)
2019-10-18 13:01:20,693 [pool-67-thread-1] INFO  server.RaftServerConfigKeys (ConfUtils.java:logGet(43)) - raft.server.sleep.deviation.threshold = 300 (default)
2019-10-18 13:01:20,693 [pool-67-thread-1] INFO  server.RaftServerConfigKeys (ConfUtils.java:logGet(43)) - raft.server.log.appender.install.snapshot.enabled = false (custom)
2019-10-18 13:01:20,693 [pool-67-thread-1] INFO  impl.RaftServerImpl (ServerState.java:<init>(103)) - 854811ee-a3a8-4b6b-9252-e41564569ef8@group-B9E977692206: ConfigurationManager, init=-1: [854811ee-a3a8-4b6b-9252-e41564569ef8:192.168.34.56:42500], old=null, confs=<EMPTY_MAP>
2019-10-18 13:01:20,693 [pool-67-thread-1] INFO  server.RaftServerConfigKeys (ConfUtils.java:logGet(43)) - raft.server.storage.dir = [/workdir/hadoop-ozone/integration-test/target/test-dir/MiniOzoneClusterImpl-206d85c3-6704-4dbf-80de-7c3e9cc4f072/datanode-4/data/ratis] (custom)
2019-10-18 13:01:20,694 [pool-67-thread-1] INFO  server.RaftServerConfigKeys (ConfUtils.java:logGet(43)) - raft.server.log.corruption.policy = EXCEPTION (default)
2019-10-18 13:01:20,694 [pool-67-thread-1] INFO  storage.RaftStorageDirectory (RaftStorageDirectory.java:analyzeStorage(246)) - The storage directory /workdir/hadoop-ozone/integration-test/target/test-dir/MiniOzoneClusterImpl-206d85c3-6704-4dbf-80de-7c3e9cc4f072/datanode-4/data/ratis/361efbeb-a30c-44c7-9333-b9e977692206 does not exist. Creating ...
2019-10-18 13:01:20,699 [e5bb327f-cdd7-4e49-919e-13a4c895fddf@group-86C591FDC953-SegmentedRaftLogWorker] INFO  segmented.SegmentedRaftLogWorker (SegmentedRaftLogWorker.java:execute(576)) - e5bb327f-cdd7-4e49-919e-13a4c895fddf@group-86C591FDC953-SegmentedRaftLogWorker: created new log segment /workdir/hadoop-ozone/integration-test/target/test-dir/MiniOzoneClusterImpl-206d85c3-6704-4dbf-80de-7c3e9cc4f072/datanode-5/data/ratis/49dc55b8-f4b0-450f-a046-86c591fdc953/current/log_inprogress_0
2019-10-18 13:01:20,714 [pool-67-thread-1] INFO  storage.RaftStorageDirectory (RaftStorageDirectory.java:tryLock(328)) - Lock on /workdir/hadoop-ozone/integration-test/target/test-dir/MiniOzoneClusterImpl-206d85c3-6704-4dbf-80de-7c3e9cc4f072/datanode-4/data/ratis/361efbeb-a30c-44c7-9333-b9e977692206/in_use.lock acquired by nodename 11498@pr-hdds-2330-xmbvw-1183399999
2019-10-18 13:01:20,714 [999343e7-0330-4874-a345-91eca72585e0@group-7717242EC5BC-LeaderElection9] INFO  impl.LeaderElection (LeaderElection.java:askForVotes(178)) - 999343e7-0330-4874-a345-91eca72585e0@group-7717242EC5BC-LeaderElection9: begin an election at term 1 for -1: [999343e7-0330-4874-a345-91eca72585e0:192.168.34.56:44872], old=null
2019-10-18 13:01:20,715 [999343e7-0330-4874-a345-91eca72585e0@group-7717242EC5BC-LeaderElection9] INFO  impl.RoleInfo (RoleInfo.java:shutdownLeaderElection(134)) - 999343e7-0330-4874-a345-91eca72585e0: shutdown LeaderElection
2019-10-18 13:01:20,715 [999343e7-0330-4874-a345-91eca72585e0@group-7717242EC5BC-LeaderElection9] INFO  impl.RaftServerImpl (RaftServerImpl.java:setRole(184)) - 999343e7-0330-4874-a345-91eca72585e0@group-7717242EC5BC: changes role from CANDIDATE to LEADER at term 1 for changeToLeader
2019-10-18 13:01:20,715 [999343e7-0330-4874-a345-91eca72585e0@group-7717242EC5BC-LeaderElection9] INFO  impl.RaftServerImpl (ServerState.java:setLeader(256)) - 999343e7-0330-4874-a345-91eca72585e0@group-7717242EC5BC: change Leader from null to 999343e7-0330-4874-a345-91eca72585e0 at term 1 for becomeLeader, leader elected after 67ms
2019-10-18 13:01:20,715 [999343e7-0330-4874-a345-91eca72585e0@group-7717242EC5BC-LeaderElection9] INFO  server.RaftServerConfigKeys (ConfUtils.java:logGet(43)) - raft.server.staging.catchup.gap = 1000 (default)
2019-10-18 13:01:20,715 [999343e7-0330-4874-a345-91eca72585e0@group-7717242EC5BC-LeaderElection9] INFO  server.RaftServerConfigKeys (ConfUtils.java:logGet(43)) - raft.server.rpc.sleep.time = 25ms (default)
2019-10-18 13:01:20,715 [999343e7-0330-4874-a345-91eca72585e0@group-7717242EC5BC-LeaderElection9] INFO  server.RaftServerConfigKeys (ConfUtils.java:logGet(43)) - raft.server.write.element-limit = 4096 (default)
2019-10-18 13:01:20,715 [999343e7-0330-4874-a345-91eca72585e0@group-7717242EC5BC-LeaderElection9] INFO  server.RaftServerConfigKeys (ConfUtils.java:logGet(43)) - raft.server.watch.timeout = 10s (default)
2019-10-18 13:01:20,716 [999343e7-0330-4874-a345-91eca72585e0@group-7717242EC5BC-LeaderElection9] INFO  server.RaftServerConfigKeys (ConfUtils.java:logGet(43)) - raft.server.watch.timeout.denomination = 1s (default)
2019-10-18 13:01:20,716 [999343e7-0330-4874-a345-91eca72585e0@group-7717242EC5BC-LeaderElection9] INFO  server.RaftServerConfigKeys (ConfUtils.java:logGet(43)) - raft.server.watch.element-limit = 65536 (default)
2019-10-18 13:01:20,717 [999343e7-0330-4874-a345-91eca72585e0@group-7717242EC5BC-LeaderElection9] INFO  impl.RoleInfo (RoleInfo.java:updateAndGet(143)) - 999343e7-0330-4874-a345-91eca72585e0: start LeaderState
2019-10-18 13:01:20,718 [999343e7-0330-4874-a345-91eca72585e0@group-7717242EC5BC-LeaderElection9] INFO  segmented.SegmentedRaftLogWorker (SegmentedRaftLogWorker.java:startLogSegment(385)) - 999343e7-0330-4874-a345-91eca72585e0@group-7717242EC5BC-SegmentedRaftLogWorker: Starting segment from index:0
2019-10-18 13:01:20,718 [999343e7-0330-4874-a345-91eca72585e0@group-7717242EC5BC-LeaderElection9] INFO  impl.RaftServerImpl (ServerState.java:setRaftConf(357)) - 999343e7-0330-4874-a345-91eca72585e0@group-7717242EC5BC: set configuration 0: [999343e7-0330-4874-a345-91eca72585e0:192.168.34.56:44872], old=null at 0
2019-10-18 13:01:20,774 [pool-67-thread-1] INFO  storage.RaftStorage (RaftStorage.java:format(84)) - Storage directory /workdir/hadoop-ozone/integration-test/target/test-dir/MiniOzoneClusterImpl-206d85c3-6704-4dbf-80de-7c3e9cc4f072/datanode-4/data/ratis/361efbeb-a30c-44c7-9333-b9e977692206 has been successfully formatted.
2019-10-18 13:01:20,774 [pool-67-thread-1] INFO  ratis.ContainerStateMachine (ContainerStateMachine.java:loadSnapshot(231)) - group-B9E977692206: The snapshot info is null. Setting the last applied indexto:(t:0, i:~)
2019-10-18 13:01:20,774 [pool-67-thread-1] INFO  server.RaftServerConfigKeys (ConfUtils.java:logGet(43)) - raft.server.notification.no-leader.timeout = 120s (custom)
2019-10-18 13:01:20,774 [pool-67-thread-1] INFO  server.RaftServerConfigKeys (ConfUtils.java:logGet(43)) - raft.server.log.use.memory = false (default)
2019-10-18 13:01:20,775 [pool-67-thread-1] INFO  server.RaftServerConfigKeys (ConfUtils.java:logGet(43)) - raft.server.log.purge.gap = 1000000 (custom)
2019-10-18 13:01:20,775 [pool-67-thread-1] INFO  server.RaftServerConfigKeys (ConfUtils.java:logGet(43)) - raft.server.log.appender.buffer.byte-limit = 33554432 (custom)
2019-10-18 13:01:20,775 [pool-67-thread-1] INFO  server.RaftServerConfigKeys (ConfUtils.java:logGet(43)) - raft.server.log.segment.size.max = 1048576 (custom)
2019-10-18 13:01:20,776 [pool-67-thread-1] INFO  server.RaftServerConfigKeys (ConfUtils.java:logGet(43)) - raft.server.log.segment.cache.num.max = 2 (custom)
2019-10-18 13:01:20,776 [pool-67-thread-1] INFO  segmented.SegmentedRaftLogWorker (SegmentedRaftLogWorker.java:<init>(173)) - new 854811ee-a3a8-4b6b-9252-e41564569ef8@group-B9E977692206-SegmentedRaftLogWorker for RaftStorage:Storage Directory /workdir/hadoop-ozone/integration-test/target/test-dir/MiniOzoneClusterImpl-206d85c3-6704-4dbf-80de-7c3e9cc4f072/datanode-4/data/ratis/361efbeb-a30c-44c7-9333-b9e977692206
2019-10-18 13:01:20,776 [pool-67-thread-1] INFO  server.RaftServerConfigKeys (ConfUtils.java:logGet(43)) - raft.server.log.queue.byte-limit = 2147483647 (custom)
2019-10-18 13:01:20,776 [pool-67-thread-1] INFO  server.RaftServerConfigKeys (ConfUtils.java:logGet(43)) - raft.server.log.queue.element-limit = 1024 (custom)
2019-10-18 13:01:20,777 [pool-67-thread-1] INFO  server.RaftServerConfigKeys (ConfUtils.java:logGet(43)) - raft.server.log.segment.size.max = 1048576 (custom)
2019-10-18 13:01:20,777 [pool-67-thread-1] INFO  server.RaftServerConfigKeys (ConfUtils.java:logGet(43)) - raft.server.log.preallocated.size = 16384 (custom)
2019-10-18 13:01:20,777 [pool-67-thread-1] INFO  server.RaftServerConfigKeys (ConfUtils.java:logGet(43)) - raft.server.log.write.buffer.size = 33554432 (custom)
2019-10-18 13:01:20,777 [pool-67-thread-1] INFO  server.RaftServerConfigKeys (ConfUtils.java:logGet(43)) - raft.server.log.force.sync.num = 128 (default)
2019-10-18 13:01:20,777 [pool-67-thread-1] INFO  server.RaftServerConfigKeys (ConfUtils.java:logGet(43)) - raft.server.log.statemachine.data.sync = true (default)
2019-10-18 13:01:20,777 [pool-67-thread-1] INFO  server.RaftServerConfigKeys (ConfUtils.java:logGet(43)) - raft.server.log.statemachine.data.sync.timeout = 10s (default)
2019-10-18 13:01:20,777 [pool-67-thread-1] INFO  server.RaftServerConfigKeys (ConfUtils.java:logGet(43)) - raft.server.log.statemachine.data.sync.timeout.retry = -1 (default)
2019-10-18 13:01:20,777 [pool-67-thread-1] INFO  server.RaftServerConfigKeys (ConfUtils.java:logGet(43)) - raft.server.log.statemachine.data.caching.enabled = true (custom)
2019-10-18 13:01:20,778 [pool-67-thread-1] INFO  segmented.SegmentedRaftLogWorker (SegmentedRaftLogWorker.java:lambda$new$0(128)) - 854811ee-a3a8-4b6b-9252-e41564569ef8@group-B9E977692206-SegmentedRaftLogWorker: flushIndex: setUnconditionally 0 -> -1
2019-10-18 13:01:20,778 [pool-67-thread-1] INFO  server.RaftServerConfigKeys (ConfUtils.java:logGet(43)) - raft.server.snapshot.auto.trigger.enabled = true (custom)
2019-10-18 13:01:20,778 [pool-67-thread-1] INFO  server.RaftServerConfigKeys (ConfUtils.java:logGet(43)) - raft.server.snapshot.auto.trigger.threshold = 10000 (custom)
2019-10-18 13:01:20,778 [pool-67-thread-1] INFO  server.RaftServerConfigKeys (ConfUtils.java:logGet(43)) - raft.server.snapshot.retention.file.num = 5 (custom)
2019-10-18 13:01:20,778 [pool-67-thread-1] INFO  server.RaftServerConfigKeys (ConfUtils.java:logGet(43)) - raft.server.retrycache.expirytime = 600000ms (custom)
2019-10-18 13:01:20,781 [pool-67-thread-1] INFO  impl.RaftServerImpl (RaftServerImpl.java:start(195)) - 854811ee-a3a8-4b6b-9252-e41564569ef8@group-B9E977692206: start as a follower, conf=-1: [854811ee-a3a8-4b6b-9252-e41564569ef8:192.168.34.56:42500], old=null
2019-10-18 13:01:20,781 [pool-67-thread-1] INFO  impl.RaftServerImpl (RaftServerImpl.java:setRole(184)) - 854811ee-a3a8-4b6b-9252-e41564569ef8@group-B9E977692206: changes role from      null to FOLLOWER at term 0 for startAsFollower
2019-10-18 13:01:20,781 [pool-67-thread-1] INFO  impl.RoleInfo (RoleInfo.java:updateAndGet(143)) - 854811ee-a3a8-4b6b-9252-e41564569ef8: start FollowerState
2019-10-18 13:01:20,781 [pool-67-thread-1] INFO  util.JmxRegister (JmxRegister.java:tryRegister(44)) - Successfully registered JMX Bean with object name Ratis:service=RaftServer,group=group-B9E977692206,id=854811ee-a3a8-4b6b-9252-e41564569ef8
2019-10-18 13:01:20,794 [RatisPipelineUtilsThread] INFO  pipeline.PipelineStateManager (PipelineStateManager.java:addPipeline(56)) - Created pipeline Pipeline[ Id: 361efbeb-a30c-44c7-9333-b9e977692206, Nodes: 854811ee-a3a8-4b6b-9252-e41564569ef8{ip: 192.168.34.56, host: pr-hdds-2330-xmbvw-1183399999, networkLocation: /default-rack, certSerialId: null}, Type:RATIS, Factor:ONE, State:OPEN]
2019-10-18 13:01:20,821 [grpc-default-executor-2] INFO  impl.RaftServerProxy (RaftServerProxy.java:addNew(89)) - 17618ccc-f51c-4f14-92cf-842ef2c05e35: addNew group-08BD6F798C58:[17618ccc-f51c-4f14-92cf-842ef2c05e35:192.168.34.56:38851, 896cef04-248b-470f-8c5c-c9acb81bb157:192.168.34.56:37940, 32d97539-eb73-46c6-a759-05f11ff00f4c:192.168.34.56:35929] returns group-08BD6F798C58:java.util.concurrent.CompletableFuture@73f6f5cb[Not completed]
2019-10-18 13:01:20,822 [grpc-default-executor-0] INFO  impl.RaftServerProxy (RaftServerProxy.java:addNew(89)) - 896cef04-248b-470f-8c5c-c9acb81bb157: addNew group-08BD6F798C58:[17618ccc-f51c-4f14-92cf-842ef2c05e35:192.168.34.56:38851, 896cef04-248b-470f-8c5c-c9acb81bb157:192.168.34.56:37940, 32d97539-eb73-46c6-a759-05f11ff00f4c:192.168.34.56:35929] returns group-08BD6F798C58:java.util.concurrent.CompletableFuture@47affa96[Not completed]
2019-10-18 13:01:20,823 [grpc-default-executor-1] INFO  impl.RaftServerProxy (RaftServerProxy.java:addNew(89)) - 32d97539-eb73-46c6-a759-05f11ff00f4c: addNew group-08BD6F798C58:[17618ccc-f51c-4f14-92cf-842ef2c05e35:192.168.34.56:38851, 896cef04-248b-470f-8c5c-c9acb81bb157:192.168.34.56:37940, 32d97539-eb73-46c6-a759-05f11ff00f4c:192.168.34.56:35929] returns group-08BD6F798C58:java.util.concurrent.CompletableFuture@5742779d[Not completed]
2019-10-18 13:01:20,824 [pool-87-thread-1] INFO  impl.RaftServerImpl (RaftServerImpl.java:<init>(104)) - 896cef04-248b-470f-8c5c-c9acb81bb157: new RaftServerImpl for group-08BD6F798C58:[17618ccc-f51c-4f14-92cf-842ef2c05e35:192.168.34.56:38851, 896cef04-248b-470f-8c5c-c9acb81bb157:192.168.34.56:37940, 32d97539-eb73-46c6-a759-05f11ff00f4c:192.168.34.56:35929] with ContainerStateMachine:uninitialized
2019-10-18 13:01:20,824 [pool-87-thread-1] INFO  server.RaftServerConfigKeys (ConfUtils.java:logGet(43)) - raft.server.rpc.timeout.min = 1s (custom)
2019-10-18 13:01:20,824 [pool-87-thread-1] INFO  server.RaftServerConfigKeys (ConfUtils.java:logGet(43)) - raft.server.rpc.timeout.max = 1200ms (custom)
2019-10-18 13:01:20,824 [pool-87-thread-1] INFO  server.RaftServerConfigKeys (ConfUtils.java:logGet(43)) - raft.server.rpcslowness.timeout = 120s (custom)
2019-10-18 13:01:20,824 [pool-87-thread-1] INFO  server.RaftServerConfigKeys (ConfUtils.java:logGet(43)) - raft.server.sleep.deviation.threshold = 300 (default)
2019-10-18 13:01:20,824 [pool-87-thread-1] INFO  server.RaftServerConfigKeys (ConfUtils.java:logGet(43)) - raft.server.log.appender.install.snapshot.enabled = false (custom)
2019-10-18 13:01:20,824 [pool-87-thread-1] INFO  impl.RaftServerImpl (ServerState.java:<init>(103)) - 896cef04-248b-470f-8c5c-c9acb81bb157@group-08BD6F798C58: ConfigurationManager, init=-1: [17618ccc-f51c-4f14-92cf-842ef2c05e35:192.168.34.56:38851, 896cef04-248b-470f-8c5c-c9acb81bb157:192.168.34.56:37940, 32d97539-eb73-46c6-a759-05f11ff00f4c:192.168.34.56:35929], old=null, confs=<EMPTY_MAP>
2019-10-18 13:01:20,825 [pool-87-thread-1] INFO  server.RaftServerConfigKeys (ConfUtils.java:logGet(43)) - raft.server.storage.dir = [/workdir/hadoop-ozone/integration-test/target/test-dir/MiniOzoneClusterImpl-206d85c3-6704-4dbf-80de-7c3e9cc4f072/datanode-6/data/ratis] (custom)
2019-10-18 13:01:20,825 [pool-57-thread-1] INFO  impl.RaftServerImpl (RaftServerImpl.java:<init>(104)) - 32d97539-eb73-46c6-a759-05f11ff00f4c: new RaftServerImpl for group-08BD6F798C58:[17618ccc-f51c-4f14-92cf-842ef2c05e35:192.168.34.56:38851, 896cef04-248b-470f-8c5c-c9acb81bb157:192.168.34.56:37940, 32d97539-eb73-46c6-a759-05f11ff00f4c:192.168.34.56:35929] with ContainerStateMachine:uninitialized
2019-10-18 13:01:20,825 [pool-87-thread-1] INFO  server.RaftServerConfigKeys (ConfUtils.java:logGet(43)) - raft.server.log.corruption.policy = EXCEPTION (default)
2019-10-18 13:01:20,825 [pool-57-thread-1] INFO  server.RaftServerConfigKeys (ConfUtils.java:logGet(43)) - raft.server.rpc.timeout.min = 1s (custom)
2019-10-18 13:01:20,825 [pool-87-thread-1] INFO  storage.RaftStorageDirectory (RaftStorageDirectory.java:analyzeStorage(246)) - The storage directory /workdir/hadoop-ozone/integration-test/target/test-dir/MiniOzoneClusterImpl-206d85c3-6704-4dbf-80de-7c3e9cc4f072/datanode-6/data/ratis/8d0501bc-c773-46c0-9e33-08bd6f798c58 does not exist. Creating ...
2019-10-18 13:01:20,825 [pool-57-thread-1] INFO  server.RaftServerConfigKeys (ConfUtils.java:logGet(43)) - raft.server.rpc.timeout.max = 1200ms (custom)
2019-10-18 13:01:20,826 [pool-57-thread-1] INFO  server.RaftServerConfigKeys (ConfUtils.java:logGet(43)) - raft.server.rpcslowness.timeout = 120s (custom)
2019-10-18 13:01:20,826 [pool-57-thread-1] INFO  server.RaftServerConfigKeys (ConfUtils.java:logGet(43)) - raft.server.sleep.deviation.threshold = 300 (default)
2019-10-18 13:01:20,826 [pool-37-thread-1] INFO  impl.RaftServerImpl (RaftServerImpl.java:<init>(104)) - 17618ccc-f51c-4f14-92cf-842ef2c05e35: new RaftServerImpl for group-08BD6F798C58:[17618ccc-f51c-4f14-92cf-842ef2c05e35:192.168.34.56:38851, 896cef04-248b-470f-8c5c-c9acb81bb157:192.168.34.56:37940, 32d97539-eb73-46c6-a759-05f11ff00f4c:192.168.34.56:35929] with ContainerStateMachine:uninitialized
2019-10-18 13:01:20,826 [pool-57-thread-1] INFO  server.RaftServerConfigKeys (ConfUtils.java:logGet(43)) - raft.server.log.appender.install.snapshot.enabled = false (custom)
2019-10-18 13:01:20,826 [pool-37-thread-1] INFO  server.RaftServerConfigKeys (ConfUtils.java:logGet(43)) - raft.server.rpc.timeout.min = 1s (custom)
2019-10-18 13:01:20,826 [pool-57-thread-1] INFO  impl.RaftServerImpl (ServerState.java:<init>(103)) - 32d97539-eb73-46c6-a759-05f11ff00f4c@group-08BD6F798C58: ConfigurationManager, init=-1: [17618ccc-f51c-4f14-92cf-842ef2c05e35:192.168.34.56:38851, 896cef04-248b-470f-8c5c-c9acb81bb157:192.168.34.56:37940, 32d97539-eb73-46c6-a759-05f11ff00f4c:192.168.34.56:35929], old=null, confs=<EMPTY_MAP>
2019-10-18 13:01:20,826 [pool-37-thread-1] INFO  server.RaftServerConfigKeys (ConfUtils.java:logGet(43)) - raft.server.rpc.timeout.max = 1200ms (custom)
2019-10-18 13:01:20,826 [pool-57-thread-1] INFO  server.RaftServerConfigKeys (ConfUtils.java:logGet(43)) - raft.server.storage.dir = [/workdir/hadoop-ozone/integration-test/target/test-dir/MiniOzoneClusterImpl-206d85c3-6704-4dbf-80de-7c3e9cc4f072/datanode-3/data/ratis] (custom)
2019-10-18 13:01:20,827 [pool-37-thread-1] INFO  server.RaftServerConfigKeys (ConfUtils.java:logGet(43)) - raft.server.rpcslowness.timeout = 120s (custom)
2019-10-18 13:01:20,827 [pool-37-thread-1] INFO  server.RaftServerConfigKeys (ConfUtils.java:logGet(43)) - raft.server.sleep.deviation.threshold = 300 (default)
2019-10-18 13:01:20,827 [pool-57-thread-1] INFO  server.RaftServerConfigKeys (ConfUtils.java:logGet(43)) - raft.server.log.corruption.policy = EXCEPTION (default)
2019-10-18 13:01:20,827 [pool-37-thread-1] INFO  server.RaftServerConfigKeys (ConfUtils.java:logGet(43)) - raft.server.log.appender.install.snapshot.enabled = false (custom)
2019-10-18 13:01:20,827 [pool-57-thread-1] INFO  storage.RaftStorageDirectory (RaftStorageDirectory.java:analyzeStorage(246)) - The storage directory /workdir/hadoop-ozone/integration-test/target/test-dir/MiniOzoneClusterImpl-206d85c3-6704-4dbf-80de-7c3e9cc4f072/datanode-3/data/ratis/8d0501bc-c773-46c0-9e33-08bd6f798c58 does not exist. Creating ...
2019-10-18 13:01:20,827 [pool-37-thread-1] INFO  impl.RaftServerImpl (ServerState.java:<init>(103)) - 17618ccc-f51c-4f14-92cf-842ef2c05e35@group-08BD6F798C58: ConfigurationManager, init=-1: [17618ccc-f51c-4f14-92cf-842ef2c05e35:192.168.34.56:38851, 896cef04-248b-470f-8c5c-c9acb81bb157:192.168.34.56:37940, 32d97539-eb73-46c6-a759-05f11ff00f4c:192.168.34.56:35929], old=null, confs=<EMPTY_MAP>
2019-10-18 13:01:20,827 [pool-37-thread-1] INFO  server.RaftServerConfigKeys (ConfUtils.java:logGet(43)) - raft.server.storage.dir = [/workdir/hadoop-ozone/integration-test/target/test-dir/MiniOzoneClusterImpl-206d85c3-6704-4dbf-80de-7c3e9cc4f072/datanode-1/data/ratis] (custom)
2019-10-18 13:01:20,828 [pool-37-thread-1] INFO  server.RaftServerConfigKeys (ConfUtils.java:logGet(43)) - raft.server.log.corruption.policy = EXCEPTION (default)
2019-10-18 13:01:20,828 [pool-37-thread-1] INFO  storage.RaftStorageDirectory (RaftStorageDirectory.java:analyzeStorage(246)) - The storage directory /workdir/hadoop-ozone/integration-test/target/test-dir/MiniOzoneClusterImpl-206d85c3-6704-4dbf-80de-7c3e9cc4f072/datanode-1/data/ratis/8d0501bc-c773-46c0-9e33-08bd6f798c58 does not exist. Creating ...
2019-10-18 13:01:20,880 [Thread-335] INFO  impl.FollowerState (FollowerState.java:run(108)) - 854811ee-a3a8-4b6b-9252-e41564569ef8@group-B9E977692206-FollowerState: change to CANDIDATE, lastRpcTime:98ms, electionTimeout:98ms
2019-10-18 13:01:20,880 [Thread-335] INFO  impl.RoleInfo (RoleInfo.java:shutdownFollowerState(121)) - 854811ee-a3a8-4b6b-9252-e41564569ef8: shutdown FollowerState
2019-10-18 13:01:20,880 [Thread-335] INFO  impl.RaftServerImpl (RaftServerImpl.java:setRole(184)) - 854811ee-a3a8-4b6b-9252-e41564569ef8@group-B9E977692206: changes role from  FOLLOWER to CANDIDATE at term 0 for changeToCandidate
2019-10-18 13:01:20,880 [Thread-335] INFO  impl.RoleInfo (RoleInfo.java:updateAndGet(143)) - 854811ee-a3a8-4b6b-9252-e41564569ef8: start LeaderElection
2019-10-18 13:01:20,985 [999343e7-0330-4874-a345-91eca72585e0@group-7717242EC5BC-SegmentedRaftLogWorker] INFO  segmented.SegmentedRaftLogWorker (SegmentedRaftLogWorker.java:execute(576)) - 999343e7-0330-4874-a345-91eca72585e0@group-7717242EC5BC-SegmentedRaftLogWorker: created new log segment /workdir/hadoop-ozone/integration-test/target/test-dir/MiniOzoneClusterImpl-206d85c3-6704-4dbf-80de-7c3e9cc4f072/datanode-2/data/ratis/dbcbfc85-b9ae-4e5a-a3d0-7717242ec5bc/current/log_inprogress_0
2019-10-18 13:01:21,060 [pool-87-thread-1] INFO  storage.RaftStorageDirectory (RaftStorageDirectory.java:tryLock(328)) - Lock on /workdir/hadoop-ozone/integration-test/target/test-dir/MiniOzoneClusterImpl-206d85c3-6704-4dbf-80de-7c3e9cc4f072/datanode-6/data/ratis/8d0501bc-c773-46c0-9e33-08bd6f798c58/in_use.lock acquired by nodename 11498@pr-hdds-2330-xmbvw-1183399999
2019-10-18 13:01:21,060 [854811ee-a3a8-4b6b-9252-e41564569ef8@group-B9E977692206-LeaderElection10] INFO  impl.LeaderElection (LeaderElection.java:askForVotes(178)) - 854811ee-a3a8-4b6b-9252-e41564569ef8@group-B9E977692206-LeaderElection10: begin an election at term 1 for -1: [854811ee-a3a8-4b6b-9252-e41564569ef8:192.168.34.56:42500], old=null
2019-10-18 13:01:21,060 [pool-57-thread-1] INFO  storage.RaftStorageDirectory (RaftStorageDirectory.java:tryLock(328)) - Lock on /workdir/hadoop-ozone/integration-test/target/test-dir/MiniOzoneClusterImpl-206d85c3-6704-4dbf-80de-7c3e9cc4f072/datanode-3/data/ratis/8d0501bc-c773-46c0-9e33-08bd6f798c58/in_use.lock acquired by nodename 11498@pr-hdds-2330-xmbvw-1183399999
2019-10-18 13:01:21,060 [pool-37-thread-1] INFO  storage.RaftStorageDirectory (RaftStorageDirectory.java:tryLock(328)) - Lock on /workdir/hadoop-ozone/integration-test/target/test-dir/MiniOzoneClusterImpl-206d85c3-6704-4dbf-80de-7c3e9cc4f072/datanode-1/data/ratis/8d0501bc-c773-46c0-9e33-08bd6f798c58/in_use.lock acquired by nodename 11498@pr-hdds-2330-xmbvw-1183399999
2019-10-18 13:01:21,060 [854811ee-a3a8-4b6b-9252-e41564569ef8@group-B9E977692206-LeaderElection10] INFO  impl.RoleInfo (RoleInfo.java:shutdownLeaderElection(134)) - 854811ee-a3a8-4b6b-9252-e41564569ef8: shutdown LeaderElection
2019-10-18 13:01:21,061 [854811ee-a3a8-4b6b-9252-e41564569ef8@group-B9E977692206-LeaderElection10] INFO  impl.RaftServerImpl (RaftServerImpl.java:setRole(184)) - 854811ee-a3a8-4b6b-9252-e41564569ef8@group-B9E977692206: changes role from CANDIDATE to LEADER at term 1 for changeToLeader
2019-10-18 13:01:21,061 [854811ee-a3a8-4b6b-9252-e41564569ef8@group-B9E977692206-LeaderElection10] INFO  impl.RaftServerImpl (ServerState.java:setLeader(256)) - 854811ee-a3a8-4b6b-9252-e41564569ef8@group-B9E977692206: change Leader from null to 854811ee-a3a8-4b6b-9252-e41564569ef8 at term 1 for becomeLeader, leader elected after 286ms
2019-10-18 13:01:21,061 [854811ee-a3a8-4b6b-9252-e41564569ef8@group-B9E977692206-LeaderElection10] INFO  server.RaftServerConfigKeys (ConfUtils.java:logGet(43)) - raft.server.staging.catchup.gap = 1000 (default)
2019-10-18 13:01:21,061 [854811ee-a3a8-4b6b-9252-e41564569ef8@group-B9E977692206-LeaderElection10] INFO  server.RaftServerConfigKeys (ConfUtils.java:logGet(43)) - raft.server.rpc.sleep.time = 25ms (default)
2019-10-18 13:01:21,061 [854811ee-a3a8-4b6b-9252-e41564569ef8@group-B9E977692206-LeaderElection10] INFO  server.RaftServerConfigKeys (ConfUtils.java:logGet(43)) - raft.server.write.element-limit = 4096 (default)
2019-10-18 13:01:21,061 [854811ee-a3a8-4b6b-9252-e41564569ef8@group-B9E977692206-LeaderElection10] INFO  server.RaftServerConfigKeys (ConfUtils.java:logGet(43)) - raft.server.watch.timeout = 10s (default)
2019-10-18 13:01:21,061 [854811ee-a3a8-4b6b-9252-e41564569ef8@group-B9E977692206-LeaderElection10] INFO  server.RaftServerConfigKeys (ConfUtils.java:logGet(43)) - raft.server.watch.timeout.denomination = 1s (default)
2019-10-18 13:01:21,061 [854811ee-a3a8-4b6b-9252-e41564569ef8@group-B9E977692206-LeaderElection10] INFO  server.RaftServerConfigKeys (ConfUtils.java:logGet(43)) - raft.server.watch.element-limit = 65536 (default)
2019-10-18 13:01:21,064 [854811ee-a3a8-4b6b-9252-e41564569ef8@group-B9E977692206-LeaderElection10] INFO  impl.RoleInfo (RoleInfo.java:updateAndGet(143)) - 854811ee-a3a8-4b6b-9252-e41564569ef8: start LeaderState
2019-10-18 13:01:21,064 [854811ee-a3a8-4b6b-9252-e41564569ef8@group-B9E977692206-LeaderElection10] INFO  segmented.SegmentedRaftLogWorker (SegmentedRaftLogWorker.java:startLogSegment(385)) - 854811ee-a3a8-4b6b-9252-e41564569ef8@group-B9E977692206-SegmentedRaftLogWorker: Starting segment from index:0
2019-10-18 13:01:21,065 [854811ee-a3a8-4b6b-9252-e41564569ef8@group-B9E977692206-LeaderElection10] INFO  impl.RaftServerImpl (ServerState.java:setRaftConf(357)) - 854811ee-a3a8-4b6b-9252-e41564569ef8@group-B9E977692206: set configuration 0: [854811ee-a3a8-4b6b-9252-e41564569ef8:192.168.34.56:42500], old=null at 0
2019-10-18 13:01:21,097 [pool-37-thread-1] INFO  storage.RaftStorage (RaftStorage.java:format(84)) - Storage directory /workdir/hadoop-ozone/integration-test/target/test-dir/MiniOzoneClusterImpl-206d85c3-6704-4dbf-80de-7c3e9cc4f072/datanode-1/data/ratis/8d0501bc-c773-46c0-9e33-08bd6f798c58 has been successfully formatted.
2019-10-18 13:01:21,097 [pool-57-thread-1] INFO  storage.RaftStorage (RaftStorage.java:format(84)) - Storage directory /workdir/hadoop-ozone/integration-test/target/test-dir/MiniOzoneClusterImpl-206d85c3-6704-4dbf-80de-7c3e9cc4f072/datanode-3/data/ratis/8d0501bc-c773-46c0-9e33-08bd6f798c58 has been successfully formatted.
2019-10-18 13:01:21,097 [pool-87-thread-1] INFO  storage.RaftStorage (RaftStorage.java:format(84)) - Storage directory /workdir/hadoop-ozone/integration-test/target/test-dir/MiniOzoneClusterImpl-206d85c3-6704-4dbf-80de-7c3e9cc4f072/datanode-6/data/ratis/8d0501bc-c773-46c0-9e33-08bd6f798c58 has been successfully formatted.
2019-10-18 13:01:21,097 [pool-37-thread-1] INFO  ratis.ContainerStateMachine (ContainerStateMachine.java:loadSnapshot(231)) - group-08BD6F798C58: The snapshot info is null. Setting the last applied indexto:(t:0, i:~)
2019-10-18 13:01:21,098 [pool-87-thread-1] INFO  ratis.ContainerStateMachine (ContainerStateMachine.java:loadSnapshot(231)) - group-08BD6F798C58: The snapshot info is null. Setting the last applied indexto:(t:0, i:~)
2019-10-18 13:01:21,098 [pool-37-thread-1] INFO  server.RaftServerConfigKeys (ConfUtils.java:logGet(43)) - raft.server.notification.no-leader.timeout = 120s (custom)
2019-10-18 13:01:21,098 [pool-57-thread-1] INFO  ratis.ContainerStateMachine (ContainerStateMachine.java:loadSnapshot(231)) - group-08BD6F798C58: The snapshot info is null. Setting the last applied indexto:(t:0, i:~)
2019-10-18 13:01:21,098 [pool-37-thread-1] INFO  server.RaftServerConfigKeys (ConfUtils.java:logGet(43)) - raft.server.log.use.memory = false (default)
2019-10-18 13:01:21,098 [pool-87-thread-1] INFO  server.RaftServerConfigKeys (ConfUtils.java:logGet(43)) - raft.server.notification.no-leader.timeout = 120s (custom)
2019-10-18 13:01:21,098 [pool-37-thread-1] INFO  server.RaftServerConfigKeys (ConfUtils.java:logGet(43)) - raft.server.log.purge.gap = 1000000 (custom)
2019-10-18 13:01:21,098 [pool-57-thread-1] INFO  server.RaftServerConfigKeys (ConfUtils.java:logGet(43)) - raft.server.notification.no-leader.timeout = 120s (custom)
2019-10-18 13:01:21,098 [pool-37-thread-1] INFO  server.RaftServerConfigKeys (ConfUtils.java:logGet(43)) - raft.server.log.appender.buffer.byte-limit = 33554432 (custom)
2019-10-18 13:01:21,098 [pool-87-thread-1] INFO  server.RaftServerConfigKeys (ConfUtils.java:logGet(43)) - raft.server.log.use.memory = false (default)
2019-10-18 13:01:21,099 [pool-57-thread-1] INFO  server.RaftServerConfigKeys (ConfUtils.java:logGet(43)) - raft.server.log.use.memory = false (default)
2019-10-18 13:01:21,099 [pool-87-thread-1] INFO  server.RaftServerConfigKeys (ConfUtils.java:logGet(43)) - raft.server.log.purge.gap = 1000000 (custom)
2019-10-18 13:01:21,099 [pool-37-thread-1] INFO  server.RaftServerConfigKeys (ConfUtils.java:logGet(43)) - raft.server.log.segment.size.max = 1048576 (custom)
2019-10-18 13:01:21,099 [pool-87-thread-1] INFO  server.RaftServerConfigKeys (ConfUtils.java:logGet(43)) - raft.server.log.appender.buffer.byte-limit = 33554432 (custom)
2019-10-18 13:01:21,099 [pool-57-thread-1] INFO  server.RaftServerConfigKeys (ConfUtils.java:logGet(43)) - raft.server.log.purge.gap = 1000000 (custom)
2019-10-18 13:01:21,099 [pool-37-thread-1] INFO  server.RaftServerConfigKeys (ConfUtils.java:logGet(43)) - raft.server.log.segment.cache.num.max = 2 (custom)
2019-10-18 13:01:21,099 [pool-87-thread-1] INFO  server.RaftServerConfigKeys (ConfUtils.java:logGet(43)) - raft.server.log.segment.size.max = 1048576 (custom)
2019-10-18 13:01:21,100 [pool-37-thread-1] INFO  segmented.SegmentedRaftLogWorker (SegmentedRaftLogWorker.java:<init>(173)) - new 17618ccc-f51c-4f14-92cf-842ef2c05e35@group-08BD6F798C58-SegmentedRaftLogWorker for RaftStorage:Storage Directory /workdir/hadoop-ozone/integration-test/target/test-dir/MiniOzoneClusterImpl-206d85c3-6704-4dbf-80de-7c3e9cc4f072/datanode-1/data/ratis/8d0501bc-c773-46c0-9e33-08bd6f798c58
2019-10-18 13:01:21,099 [pool-57-thread-1] INFO  server.RaftServerConfigKeys (ConfUtils.java:logGet(43)) - raft.server.log.appender.buffer.byte-limit = 33554432 (custom)
2019-10-18 13:01:21,100 [pool-37-thread-1] INFO  server.RaftServerConfigKeys (ConfUtils.java:logGet(43)) - raft.server.log.queue.byte-limit = 2147483647 (custom)
2019-10-18 13:01:21,100 [pool-87-thread-1] INFO  server.RaftServerConfigKeys (ConfUtils.java:logGet(43)) - raft.server.log.segment.cache.num.max = 2 (custom)
2019-10-18 13:01:21,100 [pool-37-thread-1] INFO  server.RaftServerConfigKeys (ConfUtils.java:logGet(43)) - raft.server.log.queue.element-limit = 1024 (custom)
2019-10-18 13:01:21,100 [pool-57-thread-1] INFO  server.RaftServerConfigKeys (ConfUtils.java:logGet(43)) - raft.server.log.segment.size.max = 1048576 (custom)
2019-10-18 13:01:21,100 [pool-37-thread-1] INFO  server.RaftServerConfigKeys (ConfUtils.java:logGet(43)) - raft.server.log.segment.size.max = 1048576 (custom)
2019-10-18 13:01:21,100 [pool-87-thread-1] INFO  segmented.SegmentedRaftLogWorker (SegmentedRaftLogWorker.java:<init>(173)) - new 896cef04-248b-470f-8c5c-c9acb81bb157@group-08BD6F798C58-SegmentedRaftLogWorker for RaftStorage:Storage Directory /workdir/hadoop-ozone/integration-test/target/test-dir/MiniOzoneClusterImpl-206d85c3-6704-4dbf-80de-7c3e9cc4f072/datanode-6/data/ratis/8d0501bc-c773-46c0-9e33-08bd6f798c58
2019-10-18 13:01:21,100 [pool-57-thread-1] INFO  server.RaftServerConfigKeys (ConfUtils.java:logGet(43)) - raft.server.log.segment.cache.num.max = 2 (custom)
2019-10-18 13:01:21,101 [pool-37-thread-1] INFO  server.RaftServerConfigKeys (ConfUtils.java:logGet(43)) - raft.server.log.preallocated.size = 16384 (custom)
2019-10-18 13:01:21,101 [pool-57-thread-1] INFO  segmented.SegmentedRaftLogWorker (SegmentedRaftLogWorker.java:<init>(173)) - new 32d97539-eb73-46c6-a759-05f11ff00f4c@group-08BD6F798C58-SegmentedRaftLogWorker for RaftStorage:Storage Directory /workdir/hadoop-ozone/integration-test/target/test-dir/MiniOzoneClusterImpl-206d85c3-6704-4dbf-80de-7c3e9cc4f072/datanode-3/data/ratis/8d0501bc-c773-46c0-9e33-08bd6f798c58
2019-10-18 13:01:21,101 [pool-87-thread-1] INFO  server.RaftServerConfigKeys (ConfUtils.java:logGet(43)) - raft.server.log.queue.byte-limit = 2147483647 (custom)
2019-10-18 13:01:21,101 [pool-57-thread-1] INFO  server.RaftServerConfigKeys (ConfUtils.java:logGet(43)) - raft.server.log.queue.byte-limit = 2147483647 (custom)
2019-10-18 13:01:21,101 [pool-37-thread-1] INFO  server.RaftServerConfigKeys (ConfUtils.java:logGet(43)) - raft.server.log.write.buffer.size = 33554432 (custom)
2019-10-18 13:01:21,101 [pool-57-thread-1] INFO  server.RaftServerConfigKeys (ConfUtils.java:logGet(43)) - raft.server.log.queue.element-limit = 1024 (custom)
2019-10-18 13:01:21,101 [pool-87-thread-1] INFO  server.RaftServerConfigKeys (ConfUtils.java:logGet(43)) - raft.server.log.queue.element-limit = 1024 (custom)
2019-10-18 13:01:21,102 [pool-57-thread-1] INFO  server.RaftServerConfigKeys (ConfUtils.java:logGet(43)) - raft.server.log.segment.size.max = 1048576 (custom)
2019-10-18 13:01:21,101 [pool-37-thread-1] INFO  server.RaftServerConfigKeys (ConfUtils.java:logGet(43)) - raft.server.log.force.sync.num = 128 (default)
2019-10-18 13:01:21,102 [pool-57-thread-1] INFO  server.RaftServerConfigKeys (ConfUtils.java:logGet(43)) - raft.server.log.preallocated.size = 16384 (custom)
2019-10-18 13:01:21,102 [pool-87-thread-1] INFO  server.RaftServerConfigKeys (ConfUtils.java:logGet(43)) - raft.server.log.segment.size.max = 1048576 (custom)
2019-10-18 13:01:21,102 [pool-57-thread-1] INFO  server.RaftServerConfigKeys (ConfUtils.java:logGet(43)) - raft.server.log.write.buffer.size = 33554432 (custom)
2019-10-18 13:01:21,102 [pool-37-thread-1] INFO  server.RaftServerConfigKeys (ConfUtils.java:logGet(43)) - raft.server.log.statemachine.data.sync = true (default)
2019-10-18 13:01:21,102 [pool-57-thread-1] INFO  server.RaftServerConfigKeys (ConfUtils.java:logGet(43)) - raft.server.log.force.sync.num = 128 (default)
2019-10-18 13:01:21,102 [pool-87-thread-1] INFO  server.RaftServerConfigKeys (ConfUtils.java:logGet(43)) - raft.server.log.preallocated.size = 16384 (custom)
2019-10-18 13:01:21,103 [pool-57-thread-1] INFO  server.RaftServerConfigKeys (ConfUtils.java:logGet(43)) - raft.server.log.statemachine.data.sync = true (default)
2019-10-18 13:01:21,103 [pool-37-thread-1] INFO  server.RaftServerConfigKeys (ConfUtils.java:logGet(43)) - raft.server.log.statemachine.data.sync.timeout = 10s (default)
2019-10-18 13:01:21,103 [pool-57-thread-1] INFO  server.RaftServerConfigKeys (ConfUtils.java:logGet(43)) - raft.server.log.statemachine.data.sync.timeout = 10s (default)
2019-10-18 13:01:21,103 [pool-87-thread-1] INFO  server.RaftServerConfigKeys (ConfUtils.java:logGet(43)) - raft.server.log.write.buffer.size = 33554432 (custom)
2019-10-18 13:01:21,103 [pool-57-thread-1] INFO  server.RaftServerConfigKeys (ConfUtils.java:logGet(43)) - raft.server.log.statemachine.data.sync.timeout.retry = -1 (default)
2019-10-18 13:01:21,103 [pool-37-thread-1] INFO  server.RaftServerConfigKeys (ConfUtils.java:logGet(43)) - raft.server.log.statemachine.data.sync.timeout.retry = -1 (default)
2019-10-18 13:01:21,104 [pool-57-thread-1] INFO  server.RaftServerConfigKeys (ConfUtils.java:logGet(43)) - raft.server.log.statemachine.data.caching.enabled = true (custom)
2019-10-18 13:01:21,103 [pool-87-thread-1] INFO  server.RaftServerConfigKeys (ConfUtils.java:logGet(43)) - raft.server.log.force.sync.num = 128 (default)
2019-10-18 13:01:21,104 [pool-37-thread-1] INFO  server.RaftServerConfigKeys (ConfUtils.java:logGet(43)) - raft.server.log.statemachine.data.caching.enabled = true (custom)
2019-10-18 13:01:21,104 [pool-87-thread-1] INFO  server.RaftServerConfigKeys (ConfUtils.java:logGet(43)) - raft.server.log.statemachine.data.sync = true (default)
2019-10-18 13:01:21,104 [pool-57-thread-1] INFO  segmented.SegmentedRaftLogWorker (SegmentedRaftLogWorker.java:lambda$new$0(128)) - 32d97539-eb73-46c6-a759-05f11ff00f4c@group-08BD6F798C58-SegmentedRaftLogWorker: flushIndex: setUnconditionally 0 -> -1
2019-10-18 13:01:21,104 [pool-87-thread-1] INFO  server.RaftServerConfigKeys (ConfUtils.java:logGet(43)) - raft.server.log.statemachine.data.sync.timeout = 10s (default)
2019-10-18 13:01:21,104 [pool-37-thread-1] INFO  segmented.SegmentedRaftLogWorker (SegmentedRaftLogWorker.java:lambda$new$0(128)) - 17618ccc-f51c-4f14-92cf-842ef2c05e35@group-08BD6F798C58-SegmentedRaftLogWorker: flushIndex: setUnconditionally 0 -> -1
2019-10-18 13:01:21,105 [pool-57-thread-1] INFO  server.RaftServerConfigKeys (ConfUtils.java:logGet(43)) - raft.server.snapshot.auto.trigger.enabled = true (custom)
2019-10-18 13:01:21,104 [pool-87-thread-1] INFO  server.RaftServerConfigKeys (ConfUtils.java:logGet(43)) - raft.server.log.statemachine.data.sync.timeout.retry = -1 (default)
2019-10-18 13:01:21,105 [pool-37-thread-1] INFO  server.RaftServerConfigKeys (ConfUtils.java:logGet(43)) - raft.server.snapshot.auto.trigger.enabled = true (custom)
2019-10-18 13:01:21,105 [pool-57-thread-1] INFO  server.RaftServerConfigKeys (ConfUtils.java:logGet(43)) - raft.server.snapshot.auto.trigger.threshold = 10000 (custom)
2019-10-18 13:01:21,105 [pool-37-thread-1] INFO  server.RaftServerConfigKeys (ConfUtils.java:logGet(43)) - raft.server.snapshot.auto.trigger.threshold = 10000 (custom)
2019-10-18 13:01:21,105 [pool-87-thread-1] INFO  server.RaftServerConfigKeys (ConfUtils.java:logGet(43)) - raft.server.log.statemachine.data.caching.enabled = true (custom)
2019-10-18 13:01:21,105 [pool-37-thread-1] INFO  server.RaftServerConfigKeys (ConfUtils.java:logGet(43)) - raft.server.snapshot.retention.file.num = 5 (custom)
2019-10-18 13:01:21,105 [pool-57-thread-1] INFO  server.RaftServerConfigKeys (ConfUtils.java:logGet(43)) - raft.server.snapshot.retention.file.num = 5 (custom)
2019-10-18 13:01:21,106 [pool-37-thread-1] INFO  server.RaftServerConfigKeys (ConfUtils.java:logGet(43)) - raft.server.retrycache.expirytime = 600000ms (custom)
2019-10-18 13:01:21,106 [pool-87-thread-1] INFO  segmented.SegmentedRaftLogWorker (SegmentedRaftLogWorker.java:lambda$new$0(128)) - 896cef04-248b-470f-8c5c-c9acb81bb157@group-08BD6F798C58-SegmentedRaftLogWorker: flushIndex: setUnconditionally 0 -> -1
2019-10-18 13:01:21,106 [pool-57-thread-1] INFO  server.RaftServerConfigKeys (ConfUtils.java:logGet(43)) - raft.server.retrycache.expirytime = 600000ms (custom)
2019-10-18 13:01:21,106 [pool-87-thread-1] INFO  server.RaftServerConfigKeys (ConfUtils.java:logGet(43)) - raft.server.snapshot.auto.trigger.enabled = true (custom)
2019-10-18 13:01:21,106 [pool-87-thread-1] INFO  server.RaftServerConfigKeys (ConfUtils.java:logGet(43)) - raft.server.snapshot.auto.trigger.threshold = 10000 (custom)
2019-10-18 13:01:21,106 [pool-87-thread-1] INFO  server.RaftServerConfigKeys (ConfUtils.java:logGet(43)) - raft.server.snapshot.retention.file.num = 5 (custom)
2019-10-18 13:01:21,106 [pool-87-thread-1] INFO  server.RaftServerConfigKeys (ConfUtils.java:logGet(43)) - raft.server.retrycache.expirytime = 600000ms (custom)
2019-10-18 13:01:21,113 [pool-37-thread-1] INFO  impl.RaftServerImpl (RaftServerImpl.java:start(195)) - 17618ccc-f51c-4f14-92cf-842ef2c05e35@group-08BD6F798C58: start as a follower, conf=-1: [17618ccc-f51c-4f14-92cf-842ef2c05e35:192.168.34.56:38851, 896cef04-248b-470f-8c5c-c9acb81bb157:192.168.34.56:37940, 32d97539-eb73-46c6-a759-05f11ff00f4c:192.168.34.56:35929], old=null
2019-10-18 13:01:21,113 [pool-37-thread-1] INFO  impl.RaftServerImpl (RaftServerImpl.java:setRole(184)) - 17618ccc-f51c-4f14-92cf-842ef2c05e35@group-08BD6F798C58: changes role from      null to FOLLOWER at term 0 for startAsFollower
2019-10-18 13:01:21,114 [pool-87-thread-1] INFO  impl.RaftServerImpl (RaftServerImpl.java:start(195)) - 896cef04-248b-470f-8c5c-c9acb81bb157@group-08BD6F798C58: start as a follower, conf=-1: [17618ccc-f51c-4f14-92cf-842ef2c05e35:192.168.34.56:38851, 896cef04-248b-470f-8c5c-c9acb81bb157:192.168.34.56:37940, 32d97539-eb73-46c6-a759-05f11ff00f4c:192.168.34.56:35929], old=null
2019-10-18 13:01:21,114 [pool-37-thread-1] INFO  impl.RoleInfo (RoleInfo.java:updateAndGet(143)) - 17618ccc-f51c-4f14-92cf-842ef2c05e35: start FollowerState
2019-10-18 13:01:21,114 [pool-87-thread-1] INFO  impl.RaftServerImpl (RaftServerImpl.java:setRole(184)) - 896cef04-248b-470f-8c5c-c9acb81bb157@group-08BD6F798C58: changes role from      null to FOLLOWER at term 0 for startAsFollower
2019-10-18 13:01:21,114 [pool-57-thread-1] INFO  impl.RaftServerImpl (RaftServerImpl.java:start(195)) - 32d97539-eb73-46c6-a759-05f11ff00f4c@group-08BD6F798C58: start as a follower, conf=-1: [17618ccc-f51c-4f14-92cf-842ef2c05e35:192.168.34.56:38851, 896cef04-248b-470f-8c5c-c9acb81bb157:192.168.34.56:37940, 32d97539-eb73-46c6-a759-05f11ff00f4c:192.168.34.56:35929], old=null
2019-10-18 13:01:21,114 [pool-87-thread-1] INFO  impl.RoleInfo (RoleInfo.java:updateAndGet(143)) - 896cef04-248b-470f-8c5c-c9acb81bb157: start FollowerState
2019-10-18 13:01:21,114 [pool-37-thread-1] INFO  util.JmxRegister (JmxRegister.java:tryRegister(44)) - Successfully registered JMX Bean with object name Ratis:service=RaftServer,group=group-08BD6F798C58,id=17618ccc-f51c-4f14-92cf-842ef2c05e35
2019-10-18 13:01:21,114 [pool-57-thread-1] INFO  impl.RaftServerImpl (RaftServerImpl.java:setRole(184)) - 32d97539-eb73-46c6-a759-05f11ff00f4c@group-08BD6F798C58: changes role from      null to FOLLOWER at term 0 for startAsFollower
2019-10-18 13:01:21,114 [pool-87-thread-1] INFO  util.JmxRegister (JmxRegister.java:tryRegister(44)) - Successfully registered JMX Bean with object name Ratis:service=RaftServer,group=group-08BD6F798C58,id=896cef04-248b-470f-8c5c-c9acb81bb157
2019-10-18 13:01:21,114 [pool-57-thread-1] INFO  impl.RoleInfo (RoleInfo.java:updateAndGet(143)) - 32d97539-eb73-46c6-a759-05f11ff00f4c: start FollowerState
2019-10-18 13:01:21,115 [pool-57-thread-1] INFO  util.JmxRegister (JmxRegister.java:tryRegister(44)) - Successfully registered JMX Bean with object name Ratis:service=RaftServer,group=group-08BD6F798C58,id=32d97539-eb73-46c6-a759-05f11ff00f4c
2019-10-18 13:01:21,143 [RatisPipelineUtilsThread] INFO  pipeline.PipelineStateManager (PipelineStateManager.java:addPipeline(56)) - Created pipeline Pipeline[ Id: 8d0501bc-c773-46c0-9e33-08bd6f798c58, Nodes: 896cef04-248b-470f-8c5c-c9acb81bb157{ip: 192.168.34.56, host: pr-hdds-2330-xmbvw-1183399999, networkLocation: /default-rack, certSerialId: null}17618ccc-f51c-4f14-92cf-842ef2c05e35{ip: 192.168.34.56, host: pr-hdds-2330-xmbvw-1183399999, networkLocation: /default-rack, certSerialId: null}32d97539-eb73-46c6-a759-05f11ff00f4c{ip: 192.168.34.56, host: pr-hdds-2330-xmbvw-1183399999, networkLocation: /default-rack, certSerialId: null}, Type:RATIS, Factor:THREE, State:OPEN]
2019-10-18 13:01:21,157 [854811ee-a3a8-4b6b-9252-e41564569ef8@group-B9E977692206-SegmentedRaftLogWorker] INFO  segmented.SegmentedRaftLogWorker (SegmentedRaftLogWorker.java:execute(576)) - 854811ee-a3a8-4b6b-9252-e41564569ef8@group-B9E977692206-SegmentedRaftLogWorker: created new log segment /workdir/hadoop-ozone/integration-test/target/test-dir/MiniOzoneClusterImpl-206d85c3-6704-4dbf-80de-7c3e9cc4f072/datanode-4/data/ratis/361efbeb-a30c-44c7-9333-b9e977692206/current/log_inprogress_0
2019-10-18 13:01:21,158 [Thread-342] INFO  impl.FollowerState (FollowerState.java:run(108)) - 17618ccc-f51c-4f14-92cf-842ef2c05e35@group-08BD6F798C58-FollowerState: change to CANDIDATE, lastRpcTime:44ms, electionTimeout:44ms
2019-10-18 13:01:21,161 [Thread-342] INFO  impl.RoleInfo (RoleInfo.java:shutdownFollowerState(121)) - 17618ccc-f51c-4f14-92cf-842ef2c05e35: shutdown FollowerState
2019-10-18 13:01:21,163 [Thread-342] INFO  impl.RaftServerImpl (RaftServerImpl.java:setRole(184)) - 17618ccc-f51c-4f14-92cf-842ef2c05e35@group-08BD6F798C58: changes role from  FOLLOWER to CANDIDATE at term 0 for changeToCandidate
2019-10-18 13:01:21,163 [Thread-342] INFO  impl.RoleInfo (RoleInfo.java:updateAndGet(143)) - 17618ccc-f51c-4f14-92cf-842ef2c05e35: start LeaderElection
2019-10-18 13:01:21,163 [grpc-default-executor-1] INFO  impl.RaftServerProxy (RaftServerProxy.java:addNew(89)) - 8697df36-98d2-41b1-bdc7-60597b3b5526: addNew group-187684C21557:[893cf03e-f2cf-478a-892a-a746717e50e3:192.168.34.56:40750, 8697df36-98d2-41b1-bdc7-60597b3b5526:192.168.34.56:46415, 018b3f78-d19f-4e26-a796-cb8ddc4f97cf:192.168.34.56:35845] returns group-187684C21557:java.util.concurrent.CompletableFuture@167f7da6[Not completed]
2019-10-18 13:01:21,166 [grpc-default-executor-2] INFO  impl.RaftServerProxy (RaftServerProxy.java:addNew(89)) - 018b3f78-d19f-4e26-a796-cb8ddc4f97cf: addNew group-187684C21557:[893cf03e-f2cf-478a-892a-a746717e50e3:192.168.34.56:40750, 8697df36-98d2-41b1-bdc7-60597b3b5526:192.168.34.56:46415, 018b3f78-d19f-4e26-a796-cb8ddc4f97cf:192.168.34.56:35845] returns group-187684C21557:java.util.concurrent.CompletableFuture@4314a5c0[Not completed]
2019-10-18 13:01:21,167 [pool-107-thread-1] INFO  impl.RaftServerImpl (RaftServerImpl.java:<init>(104)) - 8697df36-98d2-41b1-bdc7-60597b3b5526: new RaftServerImpl for group-187684C21557:[893cf03e-f2cf-478a-892a-a746717e50e3:192.168.34.56:40750, 8697df36-98d2-41b1-bdc7-60597b3b5526:192.168.34.56:46415, 018b3f78-d19f-4e26-a796-cb8ddc4f97cf:192.168.34.56:35845] with ContainerStateMachine:uninitialized
2019-10-18 13:01:21,167 [pool-107-thread-1] INFO  server.RaftServerConfigKeys (ConfUtils.java:logGet(43)) - raft.server.rpc.timeout.min = 1s (custom)
2019-10-18 13:01:21,167 [pool-107-thread-1] INFO  server.RaftServerConfigKeys (ConfUtils.java:logGet(43)) - raft.server.rpc.timeout.max = 1200ms (custom)
2019-10-18 13:01:21,167 [pool-107-thread-1] INFO  server.RaftServerConfigKeys (ConfUtils.java:logGet(43)) - raft.server.rpcslowness.timeout = 120s (custom)
2019-10-18 13:01:21,167 [pool-117-thread-1] INFO  impl.RaftServerImpl (RaftServerImpl.java:<init>(104)) - 018b3f78-d19f-4e26-a796-cb8ddc4f97cf: new RaftServerImpl for group-187684C21557:[893cf03e-f2cf-478a-892a-a746717e50e3:192.168.34.56:40750, 8697df36-98d2-41b1-bdc7-60597b3b5526:192.168.34.56:46415, 018b3f78-d19f-4e26-a796-cb8ddc4f97cf:192.168.34.56:35845] with ContainerStateMachine:uninitialized
2019-10-18 13:01:21,167 [pool-107-thread-1] INFO  server.RaftServerConfigKeys (ConfUtils.java:logGet(43)) - raft.server.sleep.deviation.threshold = 300 (default)
2019-10-18 13:01:21,167 [pool-117-thread-1] INFO  server.RaftServerConfigKeys (ConfUtils.java:logGet(43)) - raft.server.rpc.timeout.min = 1s (custom)
2019-10-18 13:01:21,167 [pool-107-thread-1] INFO  server.RaftServerConfigKeys (ConfUtils.java:logGet(43)) - raft.server.log.appender.install.snapshot.enabled = false (custom)
2019-10-18 13:01:21,168 [pool-117-thread-1] INFO  server.RaftServerConfigKeys (ConfUtils.java:logGet(43)) - raft.server.rpc.timeout.max = 1200ms (custom)
2019-10-18 13:01:21,168 [pool-107-thread-1] INFO  impl.RaftServerImpl (ServerState.java:<init>(103)) - 8697df36-98d2-41b1-bdc7-60597b3b5526@group-187684C21557: ConfigurationManager, init=-1: [893cf03e-f2cf-478a-892a-a746717e50e3:192.168.34.56:40750, 8697df36-98d2-41b1-bdc7-60597b3b5526:192.168.34.56:46415, 018b3f78-d19f-4e26-a796-cb8ddc4f97cf:192.168.34.56:35845], old=null, confs=<EMPTY_MAP>
2019-10-18 13:01:21,168 [pool-117-thread-1] INFO  server.RaftServerConfigKeys (ConfUtils.java:logGet(43)) - raft.server.rpcslowness.timeout = 120s (custom)
2019-10-18 13:01:21,168 [pool-107-thread-1] INFO  server.RaftServerConfigKeys (ConfUtils.java:logGet(43)) - raft.server.storage.dir = [/workdir/hadoop-ozone/integration-test/target/test-dir/MiniOzoneClusterImpl-206d85c3-6704-4dbf-80de-7c3e9cc4f072/datanode-8/data/ratis] (custom)
2019-10-18 13:01:21,168 [pool-117-thread-1] INFO  server.RaftServerConfigKeys (ConfUtils.java:logGet(43)) - raft.server.sleep.deviation.threshold = 300 (default)
2019-10-18 13:01:21,169 [pool-117-thread-1] INFO  server.RaftServerConfigKeys (ConfUtils.java:logGet(43)) - raft.server.log.appender.install.snapshot.enabled = false (custom)
2019-10-18 13:01:21,169 [pool-117-thread-1] INFO  impl.RaftServerImpl (ServerState.java:<init>(103)) - 018b3f78-d19f-4e26-a796-cb8ddc4f97cf@group-187684C21557: ConfigurationManager, init=-1: [893cf03e-f2cf-478a-892a-a746717e50e3:192.168.34.56:40750, 8697df36-98d2-41b1-bdc7-60597b3b5526:192.168.34.56:46415, 018b3f78-d19f-4e26-a796-cb8ddc4f97cf:192.168.34.56:35845], old=null, confs=<EMPTY_MAP>
2019-10-18 13:01:21,170 [pool-107-thread-1] INFO  server.RaftServerConfigKeys (ConfUtils.java:logGet(43)) - raft.server.log.corruption.policy = EXCEPTION (default)
2019-10-18 13:01:21,170 [pool-117-thread-1] INFO  server.RaftServerConfigKeys (ConfUtils.java:logGet(43)) - raft.server.storage.dir = [/workdir/hadoop-ozone/integration-test/target/test-dir/MiniOzoneClusterImpl-206d85c3-6704-4dbf-80de-7c3e9cc4f072/datanode-9/data/ratis] (custom)
2019-10-18 13:01:21,170 [pool-107-thread-1] INFO  storage.RaftStorageDirectory (RaftStorageDirectory.java:analyzeStorage(246)) - The storage directory /workdir/hadoop-ozone/integration-test/target/test-dir/MiniOzoneClusterImpl-206d85c3-6704-4dbf-80de-7c3e9cc4f072/datanode-8/data/ratis/29141776-7baf-4f3d-8bae-187684c21557 does not exist. Creating ...
2019-10-18 13:01:21,170 [pool-117-thread-1] INFO  server.RaftServerConfigKeys (ConfUtils.java:logGet(43)) - raft.server.log.corruption.policy = EXCEPTION (default)
2019-10-18 13:01:21,170 [grpc-default-executor-2] INFO  impl.RaftServerProxy (RaftServerProxy.java:addNew(89)) - 893cf03e-f2cf-478a-892a-a746717e50e3: addNew group-187684C21557:[893cf03e-f2cf-478a-892a-a746717e50e3:192.168.34.56:40750, 8697df36-98d2-41b1-bdc7-60597b3b5526:192.168.34.56:46415, 018b3f78-d19f-4e26-a796-cb8ddc4f97cf:192.168.34.56:35845] returns group-187684C21557:java.util.concurrent.CompletableFuture@56db9a9e[Not completed]
2019-10-18 13:01:21,170 [pool-117-thread-1] INFO  storage.RaftStorageDirectory (RaftStorageDirectory.java:analyzeStorage(246)) - The storage directory /workdir/hadoop-ozone/integration-test/target/test-dir/MiniOzoneClusterImpl-206d85c3-6704-4dbf-80de-7c3e9cc4f072/datanode-9/data/ratis/29141776-7baf-4f3d-8bae-187684c21557 does not exist. Creating ...
2019-10-18 13:01:21,171 [pool-27-thread-1] INFO  impl.RaftServerImpl (RaftServerImpl.java:<init>(104)) - 893cf03e-f2cf-478a-892a-a746717e50e3: new RaftServerImpl for group-187684C21557:[893cf03e-f2cf-478a-892a-a746717e50e3:192.168.34.56:40750, 8697df36-98d2-41b1-bdc7-60597b3b5526:192.168.34.56:46415, 018b3f78-d19f-4e26-a796-cb8ddc4f97cf:192.168.34.56:35845] with ContainerStateMachine:uninitialized
2019-10-18 13:01:21,172 [pool-27-thread-1] INFO  server.RaftServerConfigKeys (ConfUtils.java:logGet(43)) - raft.server.rpc.timeout.min = 1s (custom)
2019-10-18 13:01:21,172 [pool-27-thread-1] INFO  server.RaftServerConfigKeys (ConfUtils.java:logGet(43)) - raft.server.rpc.timeout.max = 1200ms (custom)
2019-10-18 13:01:21,172 [pool-27-thread-1] INFO  server.RaftServerConfigKeys (ConfUtils.java:logGet(43)) - raft.server.rpcslowness.timeout = 120s (custom)
2019-10-18 13:01:21,172 [pool-27-thread-1] INFO  server.RaftServerConfigKeys (ConfUtils.java:logGet(43)) - raft.server.sleep.deviation.threshold = 300 (default)
2019-10-18 13:01:21,172 [pool-27-thread-1] INFO  server.RaftServerConfigKeys (ConfUtils.java:logGet(43)) - raft.server.log.appender.install.snapshot.enabled = false (custom)
2019-10-18 13:01:21,172 [pool-27-thread-1] INFO  impl.RaftServerImpl (ServerState.java:<init>(103)) - 893cf03e-f2cf-478a-892a-a746717e50e3@group-187684C21557: ConfigurationManager, init=-1: [893cf03e-f2cf-478a-892a-a746717e50e3:192.168.34.56:40750, 8697df36-98d2-41b1-bdc7-60597b3b5526:192.168.34.56:46415, 018b3f78-d19f-4e26-a796-cb8ddc4f97cf:192.168.34.56:35845], old=null, confs=<EMPTY_MAP>
2019-10-18 13:01:21,173 [pool-27-thread-1] INFO  server.RaftServerConfigKeys (ConfUtils.java:logGet(43)) - raft.server.storage.dir = [/workdir/hadoop-ozone/integration-test/target/test-dir/MiniOzoneClusterImpl-206d85c3-6704-4dbf-80de-7c3e9cc4f072/datanode-0/data/ratis] (custom)
2019-10-18 13:01:21,173 [pool-27-thread-1] INFO  server.RaftServerConfigKeys (ConfUtils.java:logGet(43)) - raft.server.log.corruption.policy = EXCEPTION (default)
2019-10-18 13:01:21,173 [pool-27-thread-1] INFO  storage.RaftStorageDirectory (RaftStorageDirectory.java:analyzeStorage(246)) - The storage directory /workdir/hadoop-ozone/integration-test/target/test-dir/MiniOzoneClusterImpl-206d85c3-6704-4dbf-80de-7c3e9cc4f072/datanode-0/data/ratis/29141776-7baf-4f3d-8bae-187684c21557 does not exist. Creating ...
2019-10-18 13:01:21,260 [Thread-344] INFO  impl.FollowerState (FollowerState.java:run(108)) - 32d97539-eb73-46c6-a759-05f11ff00f4c@group-08BD6F798C58-FollowerState: change to CANDIDATE, lastRpcTime:145ms, electionTimeout:145ms
2019-10-18 13:01:21,260 [Thread-344] INFO  impl.RoleInfo (RoleInfo.java:shutdownFollowerState(121)) - 32d97539-eb73-46c6-a759-05f11ff00f4c: shutdown FollowerState
2019-10-18 13:01:21,260 [Thread-344] INFO  impl.RaftServerImpl (RaftServerImpl.java:setRole(184)) - 32d97539-eb73-46c6-a759-05f11ff00f4c@group-08BD6F798C58: changes role from  FOLLOWER to CANDIDATE at term 0 for changeToCandidate
2019-10-18 13:01:21,261 [Thread-344] INFO  impl.RoleInfo (RoleInfo.java:updateAndGet(143)) - 32d97539-eb73-46c6-a759-05f11ff00f4c: start LeaderElection
2019-10-18 13:01:21,279 [Thread-343] INFO  impl.FollowerState (FollowerState.java:run(108)) - 896cef04-248b-470f-8c5c-c9acb81bb157@group-08BD6F798C58-FollowerState: change to CANDIDATE, lastRpcTime:164ms, electionTimeout:164ms
2019-10-18 13:01:21,279 [Thread-343] INFO  impl.RoleInfo (RoleInfo.java:shutdownFollowerState(121)) - 896cef04-248b-470f-8c5c-c9acb81bb157: shutdown FollowerState
2019-10-18 13:01:21,279 [Thread-343] INFO  impl.RaftServerImpl (RaftServerImpl.java:setRole(184)) - 896cef04-248b-470f-8c5c-c9acb81bb157@group-08BD6F798C58: changes role from  FOLLOWER to CANDIDATE at term 0 for changeToCandidate
2019-10-18 13:01:21,279 [Thread-343] INFO  impl.RoleInfo (RoleInfo.java:updateAndGet(143)) - 896cef04-248b-470f-8c5c-c9acb81bb157: start LeaderElection
2019-10-18 13:01:21,319 [17618ccc-f51c-4f14-92cf-842ef2c05e35@group-08BD6F798C58-LeaderElection11] INFO  impl.LeaderElection (LeaderElection.java:askForVotes(178)) - 17618ccc-f51c-4f14-92cf-842ef2c05e35@group-08BD6F798C58-LeaderElection11: begin an election at term 1 for -1: [17618ccc-f51c-4f14-92cf-842ef2c05e35:192.168.34.56:38851, 896cef04-248b-470f-8c5c-c9acb81bb157:192.168.34.56:37940, 32d97539-eb73-46c6-a759-05f11ff00f4c:192.168.34.56:35929], old=null
2019-10-18 13:01:21,360 [pool-117-thread-1] INFO  storage.RaftStorageDirectory (RaftStorageDirectory.java:tryLock(328)) - Lock on /workdir/hadoop-ozone/integration-test/target/test-dir/MiniOzoneClusterImpl-206d85c3-6704-4dbf-80de-7c3e9cc4f072/datanode-9/data/ratis/29141776-7baf-4f3d-8bae-187684c21557/in_use.lock acquired by nodename 11498@pr-hdds-2330-xmbvw-1183399999
2019-10-18 13:01:21,360 [pool-27-thread-1] INFO  storage.RaftStorageDirectory (RaftStorageDirectory.java:tryLock(328)) - Lock on /workdir/hadoop-ozone/integration-test/target/test-dir/MiniOzoneClusterImpl-206d85c3-6704-4dbf-80de-7c3e9cc4f072/datanode-0/data/ratis/29141776-7baf-4f3d-8bae-187684c21557/in_use.lock acquired by nodename 11498@pr-hdds-2330-xmbvw-1183399999
2019-10-18 13:01:21,360 [pool-107-thread-1] INFO  storage.RaftStorageDirectory (RaftStorageDirectory.java:tryLock(328)) - Lock on /workdir/hadoop-ozone/integration-test/target/test-dir/MiniOzoneClusterImpl-206d85c3-6704-4dbf-80de-7c3e9cc4f072/datanode-8/data/ratis/29141776-7baf-4f3d-8bae-187684c21557/in_use.lock acquired by nodename 11498@pr-hdds-2330-xmbvw-1183399999
2019-10-18 13:01:21,360 [32d97539-eb73-46c6-a759-05f11ff00f4c@group-08BD6F798C58-LeaderElection12] INFO  impl.LeaderElection (LeaderElection.java:askForVotes(178)) - 32d97539-eb73-46c6-a759-05f11ff00f4c@group-08BD6F798C58-LeaderElection12: begin an election at term 1 for -1: [17618ccc-f51c-4f14-92cf-842ef2c05e35:192.168.34.56:38851, 896cef04-248b-470f-8c5c-c9acb81bb157:192.168.34.56:37940, 32d97539-eb73-46c6-a759-05f11ff00f4c:192.168.34.56:35929], old=null
2019-10-18 13:01:21,360 [896cef04-248b-470f-8c5c-c9acb81bb157@group-08BD6F798C58-LeaderElection13] INFO  impl.LeaderElection (LeaderElection.java:askForVotes(178)) - 896cef04-248b-470f-8c5c-c9acb81bb157@group-08BD6F798C58-LeaderElection13: begin an election at term 1 for -1: [17618ccc-f51c-4f14-92cf-842ef2c05e35:192.168.34.56:38851, 896cef04-248b-470f-8c5c-c9acb81bb157:192.168.34.56:37940, 32d97539-eb73-46c6-a759-05f11ff00f4c:192.168.34.56:35929], old=null
2019-10-18 13:01:21,393 [17618ccc-f51c-4f14-92cf-842ef2c05e35@group-08BD6F798C58-LeaderElection11] INFO  impl.LeaderElection (LeaderElection.java:logAndReturn(56)) - 17618ccc-f51c-4f14-92cf-842ef2c05e35@group-08BD6F798C58-LeaderElection11: Election REJECTED; received 2 response(s) [17618ccc-f51c-4f14-92cf-842ef2c05e35<-896cef04-248b-470f-8c5c-c9acb81bb157#0:FAIL-t1, 17618ccc-f51c-4f14-92cf-842ef2c05e35<-32d97539-eb73-46c6-a759-05f11ff00f4c#0:FAIL-t1] and 0 exception(s); 17618ccc-f51c-4f14-92cf-842ef2c05e35@group-08BD6F798C58:t1, leader=null, voted=17618ccc-f51c-4f14-92cf-842ef2c05e35, raftlog=17618ccc-f51c-4f14-92cf-842ef2c05e35@group-08BD6F798C58-SegmentedRaftLog:OPENED:c-1,f-1,i0, conf=-1: [17618ccc-f51c-4f14-92cf-842ef2c05e35:192.168.34.56:38851, 896cef04-248b-470f-8c5c-c9acb81bb157:192.168.34.56:37940, 32d97539-eb73-46c6-a759-05f11ff00f4c:192.168.34.56:35929], old=null
2019-10-18 13:01:21,400 [17618ccc-f51c-4f14-92cf-842ef2c05e35@group-08BD6F798C58-LeaderElection11] INFO  impl.RaftServerImpl (RaftServerImpl.java:setRole(184)) - 17618ccc-f51c-4f14-92cf-842ef2c05e35@group-08BD6F798C58: changes role from CANDIDATE to FOLLOWER at term 1 for DISCOVERED_A_NEW_TERM
2019-10-18 13:01:21,409 [32d97539-eb73-46c6-a759-05f11ff00f4c@group-08BD6F798C58-LeaderElection12] INFO  impl.LeaderElection (LeaderElection.java:logAndReturn(56)) - 32d97539-eb73-46c6-a759-05f11ff00f4c@group-08BD6F798C58-LeaderElection12: Election TIMEOUT; received 0 response(s) [] and 0 exception(s); 32d97539-eb73-46c6-a759-05f11ff00f4c@group-08BD6F798C58:t1, leader=null, voted=32d97539-eb73-46c6-a759-05f11ff00f4c, raftlog=32d97539-eb73-46c6-a759-05f11ff00f4c@group-08BD6F798C58-SegmentedRaftLog:OPENED:c-1,f-1,i0, conf=-1: [17618ccc-f51c-4f14-92cf-842ef2c05e35:192.168.34.56:38851, 896cef04-248b-470f-8c5c-c9acb81bb157:192.168.34.56:37940, 32d97539-eb73-46c6-a759-05f11ff00f4c:192.168.34.56:35929], old=null
2019-10-18 13:01:21,411 [17618ccc-f51c-4f14-92cf-842ef2c05e35@group-08BD6F798C58-LeaderElection11] INFO  impl.RoleInfo (RoleInfo.java:shutdownLeaderElection(134)) - 17618ccc-f51c-4f14-92cf-842ef2c05e35: shutdown LeaderElection
2019-10-18 13:01:21,412 [17618ccc-f51c-4f14-92cf-842ef2c05e35@group-08BD6F798C58-LeaderElection11] INFO  impl.RoleInfo (RoleInfo.java:updateAndGet(143)) - 17618ccc-f51c-4f14-92cf-842ef2c05e35: start FollowerState
2019-10-18 13:01:21,412 [pool-107-thread-1] INFO  storage.RaftStorage (RaftStorage.java:format(84)) - Storage directory /workdir/hadoop-ozone/integration-test/target/test-dir/MiniOzoneClusterImpl-206d85c3-6704-4dbf-80de-7c3e9cc4f072/datanode-8/data/ratis/29141776-7baf-4f3d-8bae-187684c21557 has been successfully formatted.
2019-10-18 13:01:21,412 [pool-27-thread-1] INFO  storage.RaftStorage (RaftStorage.java:format(84)) - Storage directory /workdir/hadoop-ozone/integration-test/target/test-dir/MiniOzoneClusterImpl-206d85c3-6704-4dbf-80de-7c3e9cc4f072/datanode-0/data/ratis/29141776-7baf-4f3d-8bae-187684c21557 has been successfully formatted.
2019-10-18 13:01:21,412 [pool-117-thread-1] INFO  storage.RaftStorage (RaftStorage.java:format(84)) - Storage directory /workdir/hadoop-ozone/integration-test/target/test-dir/MiniOzoneClusterImpl-206d85c3-6704-4dbf-80de-7c3e9cc4f072/datanode-9/data/ratis/29141776-7baf-4f3d-8bae-187684c21557 has been successfully formatted.
2019-10-18 13:01:21,416 [pool-107-thread-1] INFO  ratis.ContainerStateMachine (ContainerStateMachine.java:loadSnapshot(231)) - group-187684C21557: The snapshot info is null. Setting the last applied indexto:(t:0, i:~)
2019-10-18 13:01:21,416 [pool-27-thread-1] INFO  ratis.ContainerStateMachine (ContainerStateMachine.java:loadSnapshot(231)) - group-187684C21557: The snapshot info is null. Setting the last applied indexto:(t:0, i:~)
2019-10-18 13:01:21,416 [pool-107-thread-1] INFO  server.RaftServerConfigKeys (ConfUtils.java:logGet(43)) - raft.server.notification.no-leader.timeout = 120s (custom)
2019-10-18 13:01:21,416 [pool-27-thread-1] INFO  server.RaftServerConfigKeys (ConfUtils.java:logGet(43)) - raft.server.notification.no-leader.timeout = 120s (custom)
2019-10-18 13:01:21,416 [pool-117-thread-1] INFO  ratis.ContainerStateMachine (ContainerStateMachine.java:loadSnapshot(231)) - group-187684C21557: The snapshot info is null. Setting the last applied indexto:(t:0, i:~)
2019-10-18 13:01:21,416 [pool-27-thread-1] INFO  server.RaftServerConfigKeys (ConfUtils.java:logGet(43)) - raft.server.log.use.memory = false (default)
2019-10-18 13:01:21,416 [pool-107-thread-1] INFO  server.RaftServerConfigKeys (ConfUtils.java:logGet(43)) - raft.server.log.use.memory = false (default)
2019-10-18 13:01:21,417 [pool-27-thread-1] INFO  server.RaftServerConfigKeys (ConfUtils.java:logGet(43)) - raft.server.log.purge.gap = 1000000 (custom)
2019-10-18 13:01:21,417 [pool-107-thread-1] INFO  server.RaftServerConfigKeys (ConfUtils.java:logGet(43)) - raft.server.log.purge.gap = 1000000 (custom)
2019-10-18 13:01:21,416 [pool-117-thread-1] INFO  server.RaftServerConfigKeys (ConfUtils.java:logGet(43)) - raft.server.notification.no-leader.timeout = 120s (custom)
2019-10-18 13:01:21,419 [pool-107-thread-1] INFO  server.RaftServerConfigKeys (ConfUtils.java:logGet(43)) - raft.server.log.appender.buffer.byte-limit = 33554432 (custom)
2019-10-18 13:01:21,419 [pool-27-thread-1] INFO  server.RaftServerConfigKeys (ConfUtils.java:logGet(43)) - raft.server.log.appender.buffer.byte-limit = 33554432 (custom)
2019-10-18 13:01:21,423 [pool-107-thread-1] INFO  server.RaftServerConfigKeys (ConfUtils.java:logGet(43)) - raft.server.log.segment.size.max = 1048576 (custom)
2019-10-18 13:01:21,421 [pool-117-thread-1] INFO  server.RaftServerConfigKeys (ConfUtils.java:logGet(43)) - raft.server.log.use.memory = false (default)
2019-10-18 13:01:21,424 [pool-27-thread-1] INFO  server.RaftServerConfigKeys (ConfUtils.java:logGet(43)) - raft.server.log.segment.size.max = 1048576 (custom)
2019-10-18 13:01:21,427 [pool-117-thread-1] INFO  server.RaftServerConfigKeys (ConfUtils.java:logGet(43)) - raft.server.log.purge.gap = 1000000 (custom)
2019-10-18 13:01:21,427 [pool-27-thread-1] INFO  server.RaftServerConfigKeys (ConfUtils.java:logGet(43)) - raft.server.log.segment.cache.num.max = 2 (custom)
2019-10-18 13:01:21,425 [pool-107-thread-1] INFO  server.RaftServerConfigKeys (ConfUtils.java:logGet(43)) - raft.server.log.segment.cache.num.max = 2 (custom)
2019-10-18 13:01:21,427 [pool-27-thread-1] INFO  segmented.SegmentedRaftLogWorker (SegmentedRaftLogWorker.java:<init>(173)) - new 893cf03e-f2cf-478a-892a-a746717e50e3@group-187684C21557-SegmentedRaftLogWorker for RaftStorage:Storage Directory /workdir/hadoop-ozone/integration-test/target/test-dir/MiniOzoneClusterImpl-206d85c3-6704-4dbf-80de-7c3e9cc4f072/datanode-0/data/ratis/29141776-7baf-4f3d-8bae-187684c21557
2019-10-18 13:01:21,427 [pool-117-thread-1] INFO  server.RaftServerConfigKeys (ConfUtils.java:logGet(43)) - raft.server.log.appender.buffer.byte-limit = 33554432 (custom)
2019-10-18 13:01:21,427 [pool-27-thread-1] INFO  server.RaftServerConfigKeys (ConfUtils.java:logGet(43)) - raft.server.log.queue.byte-limit = 2147483647 (custom)
2019-10-18 13:01:21,427 [pool-107-thread-1] INFO  segmented.SegmentedRaftLogWorker (SegmentedRaftLogWorker.java:<init>(173)) - new 8697df36-98d2-41b1-bdc7-60597b3b5526@group-187684C21557-SegmentedRaftLogWorker for RaftStorage:Storage Directory /workdir/hadoop-ozone/integration-test/target/test-dir/MiniOzoneClusterImpl-206d85c3-6704-4dbf-80de-7c3e9cc4f072/datanode-8/data/ratis/29141776-7baf-4f3d-8bae-187684c21557
2019-10-18 13:01:21,427 [pool-27-thread-1] INFO  server.RaftServerConfigKeys (ConfUtils.java:logGet(43)) - raft.server.log.queue.element-limit = 1024 (custom)
2019-10-18 13:01:21,427 [pool-117-thread-1] INFO  server.RaftServerConfigKeys (ConfUtils.java:logGet(43)) - raft.server.log.segment.size.max = 1048576 (custom)
2019-10-18 13:01:21,429 [pool-27-thread-1] INFO  server.RaftServerConfigKeys (ConfUtils.java:logGet(43)) - raft.server.log.segment.size.max = 1048576 (custom)
2019-10-18 13:01:21,428 [pool-107-thread-1] INFO  server.RaftServerConfigKeys (ConfUtils.java:logGet(43)) - raft.server.log.queue.byte-limit = 2147483647 (custom)
2019-10-18 13:01:21,429 [pool-27-thread-1] INFO  server.RaftServerConfigKeys (ConfUtils.java:logGet(43)) - raft.server.log.preallocated.size = 16384 (custom)
2019-10-18 13:01:21,429 [pool-117-thread-1] INFO  server.RaftServerConfigKeys (ConfUtils.java:logGet(43)) - raft.server.log.segment.cache.num.max = 2 (custom)
2019-10-18 13:01:21,429 [pool-27-thread-1] INFO  server.RaftServerConfigKeys (ConfUtils.java:logGet(43)) - raft.server.log.write.buffer.size = 33554432 (custom)
2019-10-18 13:01:21,429 [pool-107-thread-1] INFO  server.RaftServerConfigKeys (ConfUtils.java:logGet(43)) - raft.server.log.queue.element-limit = 1024 (custom)
2019-10-18 13:01:21,430 [pool-27-thread-1] INFO  server.RaftServerConfigKeys (ConfUtils.java:logGet(43)) - raft.server.log.force.sync.num = 128 (default)
2019-10-18 13:01:21,429 [pool-117-thread-1] INFO  segmented.SegmentedRaftLogWorker (SegmentedRaftLogWorker.java:<init>(173)) - new 018b3f78-d19f-4e26-a796-cb8ddc4f97cf@group-187684C21557-SegmentedRaftLogWorker for RaftStorage:Storage Directory /workdir/hadoop-ozone/integration-test/target/test-dir/MiniOzoneClusterImpl-206d85c3-6704-4dbf-80de-7c3e9cc4f072/datanode-9/data/ratis/29141776-7baf-4f3d-8bae-187684c21557
2019-10-18 13:01:21,430 [pool-27-thread-1] INFO  server.RaftServerConfigKeys (ConfUtils.java:logGet(43)) - raft.server.log.statemachine.data.sync = true (default)
2019-10-18 13:01:21,430 [pool-107-thread-1] INFO  server.RaftServerConfigKeys (ConfUtils.java:logGet(43)) - raft.server.log.segment.size.max = 1048576 (custom)
2019-10-18 13:01:21,430 [pool-27-thread-1] INFO  server.RaftServerConfigKeys (ConfUtils.java:logGet(43)) - raft.server.log.statemachine.data.sync.timeout = 10s (default)
2019-10-18 13:01:21,430 [pool-117-thread-1] INFO  server.RaftServerConfigKeys (ConfUtils.java:logGet(43)) - raft.server.log.queue.byte-limit = 2147483647 (custom)
2019-10-18 13:01:21,430 [pool-27-thread-1] INFO  server.RaftServerConfigKeys (ConfUtils.java:logGet(43)) - raft.server.log.statemachine.data.sync.timeout.retry = -1 (default)
2019-10-18 13:01:21,430 [pool-107-thread-1] INFO  server.RaftServerConfigKeys (ConfUtils.java:logGet(43)) - raft.server.log.preallocated.size = 16384 (custom)
2019-10-18 13:01:21,432 [pool-27-thread-1] INFO  server.RaftServerConfigKeys (ConfUtils.java:logGet(43)) - raft.server.log.statemachine.data.caching.enabled = true (custom)
2019-10-18 13:01:21,432 [pool-117-thread-1] INFO  server.RaftServerConfigKeys (ConfUtils.java:logGet(43)) - raft.server.log.queue.element-limit = 1024 (custom)
2019-10-18 13:01:21,432 [pool-107-thread-1] INFO  server.RaftServerConfigKeys (ConfUtils.java:logGet(43)) - raft.server.log.write.buffer.size = 33554432 (custom)
2019-10-18 13:01:21,433 [pool-117-thread-1] INFO  server.RaftServerConfigKeys (ConfUtils.java:logGet(43)) - raft.server.log.segment.size.max = 1048576 (custom)
2019-10-18 13:01:21,433 [pool-107-thread-1] INFO  server.RaftServerConfigKeys (ConfUtils.java:logGet(43)) - raft.server.log.force.sync.num = 128 (default)
2019-10-18 13:01:21,434 [pool-117-thread-1] INFO  server.RaftServerConfigKeys (ConfUtils.java:logGet(43)) - raft.server.log.preallocated.size = 16384 (custom)
2019-10-18 13:01:21,434 [pool-107-thread-1] INFO  server.RaftServerConfigKeys (ConfUtils.java:logGet(43)) - raft.server.log.statemachine.data.sync = true (default)
2019-10-18 13:01:21,434 [pool-117-thread-1] INFO  server.RaftServerConfigKeys (ConfUtils.java:logGet(43)) - raft.server.log.write.buffer.size = 33554432 (custom)
2019-10-18 13:01:21,434 [pool-107-thread-1] INFO  server.RaftServerConfigKeys (ConfUtils.java:logGet(43)) - raft.server.log.statemachine.data.sync.timeout = 10s (default)
2019-10-18 13:01:21,434 [pool-117-thread-1] INFO  server.RaftServerConfigKeys (ConfUtils.java:logGet(43)) - raft.server.log.force.sync.num = 128 (default)
2019-10-18 13:01:21,434 [pool-107-thread-1] INFO  server.RaftServerConfigKeys (ConfUtils.java:logGet(43)) - raft.server.log.statemachine.data.sync.timeout.retry = -1 (default)
2019-10-18 13:01:21,434 [pool-117-thread-1] INFO  server.RaftServerConfigKeys (ConfUtils.java:logGet(43)) - raft.server.log.statemachine.data.sync = true (default)
2019-10-18 13:01:21,435 [pool-107-thread-1] INFO  server.RaftServerConfigKeys (ConfUtils.java:logGet(43)) - raft.server.log.statemachine.data.caching.enabled = true (custom)
2019-10-18 13:01:21,435 [pool-117-thread-1] INFO  server.RaftServerConfigKeys (ConfUtils.java:logGet(43)) - raft.server.log.statemachine.data.sync.timeout = 10s (default)
2019-10-18 13:01:21,435 [pool-117-thread-1] INFO  server.RaftServerConfigKeys (ConfUtils.java:logGet(43)) - raft.server.log.statemachine.data.sync.timeout.retry = -1 (default)
2019-10-18 13:01:21,435 [pool-117-thread-1] INFO  server.RaftServerConfigKeys (ConfUtils.java:logGet(43)) - raft.server.log.statemachine.data.caching.enabled = true (custom)
2019-10-18 13:01:21,438 [pool-27-thread-1] INFO  segmented.SegmentedRaftLogWorker (SegmentedRaftLogWorker.java:lambda$new$0(128)) - 893cf03e-f2cf-478a-892a-a746717e50e3@group-187684C21557-SegmentedRaftLogWorker: flushIndex: setUnconditionally 0 -> -1
2019-10-18 13:01:21,438 [pool-107-thread-1] INFO  segmented.SegmentedRaftLogWorker (SegmentedRaftLogWorker.java:lambda$new$0(128)) - 8697df36-98d2-41b1-bdc7-60597b3b5526@group-187684C21557-SegmentedRaftLogWorker: flushIndex: setUnconditionally 0 -> -1
2019-10-18 13:01:21,438 [pool-117-thread-1] INFO  segmented.SegmentedRaftLogWorker (SegmentedRaftLogWorker.java:lambda$new$0(128)) - 018b3f78-d19f-4e26-a796-cb8ddc4f97cf@group-187684C21557-SegmentedRaftLogWorker: flushIndex: setUnconditionally 0 -> -1
2019-10-18 13:01:21,438 [pool-27-thread-1] INFO  server.RaftServerConfigKeys (ConfUtils.java:logGet(43)) - raft.server.snapshot.auto.trigger.enabled = true (custom)
2019-10-18 13:01:21,438 [pool-107-thread-1] INFO  server.RaftServerConfigKeys (ConfUtils.java:logGet(43)) - raft.server.snapshot.auto.trigger.enabled = true (custom)
2019-10-18 13:01:21,439 [pool-117-thread-1] INFO  server.RaftServerConfigKeys (ConfUtils.java:logGet(43)) - raft.server.snapshot.auto.trigger.enabled = true (custom)
2019-10-18 13:01:21,439 [pool-27-thread-1] INFO  server.RaftServerConfigKeys (ConfUtils.java:logGet(43)) - raft.server.snapshot.auto.trigger.threshold = 10000 (custom)
2019-10-18 13:01:21,439 [pool-117-thread-1] INFO  server.RaftServerConfigKeys (ConfUtils.java:logGet(43)) - raft.server.snapshot.auto.trigger.threshold = 10000 (custom)
2019-10-18 13:01:21,439 [32d97539-eb73-46c6-a759-05f11ff00f4c@group-08BD6F798C58-LeaderElection12] INFO  impl.LeaderElection (LeaderElection.java:askForVotes(178)) - 32d97539-eb73-46c6-a759-05f11ff00f4c@group-08BD6F798C58-LeaderElection12: begin an election at term 2 for -1: [17618ccc-f51c-4f14-92cf-842ef2c05e35:192.168.34.56:38851, 896cef04-248b-470f-8c5c-c9acb81bb157:192.168.34.56:37940, 32d97539-eb73-46c6-a759-05f11ff00f4c:192.168.34.56:35929], old=null
2019-10-18 13:01:21,439 [pool-107-thread-1] INFO  server.RaftServerConfigKeys (ConfUtils.java:logGet(43)) - raft.server.snapshot.auto.trigger.threshold = 10000 (custom)
2019-10-18 13:01:21,439 [pool-117-thread-1] INFO  server.RaftServerConfigKeys (ConfUtils.java:logGet(43)) - raft.server.snapshot.retention.file.num = 5 (custom)
2019-10-18 13:01:21,439 [pool-27-thread-1] INFO  server.RaftServerConfigKeys (ConfUtils.java:logGet(43)) - raft.server.snapshot.retention.file.num = 5 (custom)
2019-10-18 13:01:21,440 [pool-117-thread-1] INFO  server.RaftServerConfigKeys (ConfUtils.java:logGet(43)) - raft.server.retrycache.expirytime = 600000ms (custom)
2019-10-18 13:01:21,439 [pool-107-thread-1] INFO  server.RaftServerConfigKeys (ConfUtils.java:logGet(43)) - raft.server.snapshot.retention.file.num = 5 (custom)
2019-10-18 13:01:21,440 [pool-27-thread-1] INFO  server.RaftServerConfigKeys (ConfUtils.java:logGet(43)) - raft.server.retrycache.expirytime = 600000ms (custom)
2019-10-18 13:01:21,440 [pool-107-thread-1] INFO  server.RaftServerConfigKeys (ConfUtils.java:logGet(43)) - raft.server.retrycache.expirytime = 600000ms (custom)
2019-10-18 13:01:21,442 [896cef04-248b-470f-8c5c-c9acb81bb157@group-08BD6F798C58-LeaderElection13] INFO  impl.LeaderElection (LeaderElection.java:logAndReturn(56)) - 896cef04-248b-470f-8c5c-c9acb81bb157@group-08BD6F798C58-LeaderElection13: Election DISCOVERED_A_NEW_TERM; received 2 response(s) [896cef04-248b-470f-8c5c-c9acb81bb157<-17618ccc-f51c-4f14-92cf-842ef2c05e35#0:FAIL-t1, 896cef04-248b-470f-8c5c-c9acb81bb157<-32d97539-eb73-46c6-a759-05f11ff00f4c#0:FAIL-t2] and 0 exception(s); 896cef04-248b-470f-8c5c-c9acb81bb157@group-08BD6F798C58:t1, leader=null, voted=896cef04-248b-470f-8c5c-c9acb81bb157, raftlog=896cef04-248b-470f-8c5c-c9acb81bb157@group-08BD6F798C58-SegmentedRaftLog:OPENED:c-1,f-1,i0, conf=-1: [17618ccc-f51c-4f14-92cf-842ef2c05e35:192.168.34.56:38851, 896cef04-248b-470f-8c5c-c9acb81bb157:192.168.34.56:37940, 32d97539-eb73-46c6-a759-05f11ff00f4c:192.168.34.56:35929], old=null
2019-10-18 13:01:21,443 [896cef04-248b-470f-8c5c-c9acb81bb157@group-08BD6F798C58-LeaderElection13] INFO  impl.RaftServerImpl (RaftServerImpl.java:setRole(184)) - 896cef04-248b-470f-8c5c-c9acb81bb157@group-08BD6F798C58: changes role from CANDIDATE to FOLLOWER at term 2 for DISCOVERED_A_NEW_TERM
2019-10-18 13:01:21,444 [896cef04-248b-470f-8c5c-c9acb81bb157@group-08BD6F798C58-LeaderElection13] INFO  impl.RoleInfo (RoleInfo.java:shutdownLeaderElection(134)) - 896cef04-248b-470f-8c5c-c9acb81bb157: shutdown LeaderElection
2019-10-18 13:01:21,444 [896cef04-248b-470f-8c5c-c9acb81bb157@group-08BD6F798C58-LeaderElection13] INFO  impl.RoleInfo (RoleInfo.java:updateAndGet(143)) - 896cef04-248b-470f-8c5c-c9acb81bb157: start FollowerState
2019-10-18 13:01:21,446 [grpc-default-executor-4] INFO  impl.RaftServerImpl (RaftServerImpl.java:setRole(184)) - 17618ccc-f51c-4f14-92cf-842ef2c05e35@group-08BD6F798C58: changes role from  FOLLOWER to FOLLOWER at term 2 for recognizeCandidate:32d97539-eb73-46c6-a759-05f11ff00f4c
2019-10-18 13:01:21,447 [grpc-default-executor-4] INFO  impl.RoleInfo (RoleInfo.java:shutdownFollowerState(121)) - 17618ccc-f51c-4f14-92cf-842ef2c05e35: shutdown FollowerState
2019-10-18 13:01:21,449 [grpc-default-executor-4] INFO  impl.RoleInfo (RoleInfo.java:updateAndGet(143)) - 17618ccc-f51c-4f14-92cf-842ef2c05e35: start FollowerState
2019-10-18 13:01:21,449 [Thread-357] INFO  impl.FollowerState (FollowerState.java:run(117)) - 17618ccc-f51c-4f14-92cf-842ef2c05e35@group-08BD6F798C58-FollowerState was interrupted: java.lang.InterruptedException: sleep interrupted
2019-10-18 13:01:21,451 [pool-117-thread-1] INFO  impl.RaftServerImpl (RaftServerImpl.java:start(195)) - 018b3f78-d19f-4e26-a796-cb8ddc4f97cf@group-187684C21557: start as a follower, conf=-1: [893cf03e-f2cf-478a-892a-a746717e50e3:192.168.34.56:40750, 8697df36-98d2-41b1-bdc7-60597b3b5526:192.168.34.56:46415, 018b3f78-d19f-4e26-a796-cb8ddc4f97cf:192.168.34.56:35845], old=null
2019-10-18 13:01:21,451 [pool-117-thread-1] INFO  impl.RaftServerImpl (RaftServerImpl.java:setRole(184)) - 018b3f78-d19f-4e26-a796-cb8ddc4f97cf@group-187684C21557: changes role from      null to FOLLOWER at term 0 for startAsFollower
2019-10-18 13:01:21,451 [pool-117-thread-1] INFO  impl.RoleInfo (RoleInfo.java:updateAndGet(143)) - 018b3f78-d19f-4e26-a796-cb8ddc4f97cf: start FollowerState
2019-10-18 13:01:21,452 [pool-117-thread-1] INFO  util.JmxRegister (JmxRegister.java:tryRegister(44)) - Successfully registered JMX Bean with object name Ratis:service=RaftServer,group=group-187684C21557,id=018b3f78-d19f-4e26-a796-cb8ddc4f97cf
2019-10-18 13:01:21,452 [pool-107-thread-1] INFO  impl.RaftServerImpl (RaftServerImpl.java:start(195)) - 8697df36-98d2-41b1-bdc7-60597b3b5526@group-187684C21557: start as a follower, conf=-1: [893cf03e-f2cf-478a-892a-a746717e50e3:192.168.34.56:40750, 8697df36-98d2-41b1-bdc7-60597b3b5526:192.168.34.56:46415, 018b3f78-d19f-4e26-a796-cb8ddc4f97cf:192.168.34.56:35845], old=null
2019-10-18 13:01:21,452 [pool-27-thread-1] INFO  impl.RaftServerImpl (RaftServerImpl.java:start(195)) - 893cf03e-f2cf-478a-892a-a746717e50e3@group-187684C21557: start as a follower, conf=-1: [893cf03e-f2cf-478a-892a-a746717e50e3:192.168.34.56:40750, 8697df36-98d2-41b1-bdc7-60597b3b5526:192.168.34.56:46415, 018b3f78-d19f-4e26-a796-cb8ddc4f97cf:192.168.34.56:35845], old=null
2019-10-18 13:01:21,452 [pool-107-thread-1] INFO  impl.RaftServerImpl (RaftServerImpl.java:setRole(184)) - 8697df36-98d2-41b1-bdc7-60597b3b5526@group-187684C21557: changes role from      null to FOLLOWER at term 0 for startAsFollower
2019-10-18 13:01:21,452 [pool-27-thread-1] INFO  impl.RaftServerImpl (RaftServerImpl.java:setRole(184)) - 893cf03e-f2cf-478a-892a-a746717e50e3@group-187684C21557: changes role from      null to FOLLOWER at term 0 for startAsFollower
2019-10-18 13:01:21,452 [pool-107-thread-1] INFO  impl.RoleInfo (RoleInfo.java:updateAndGet(143)) - 8697df36-98d2-41b1-bdc7-60597b3b5526: start FollowerState
2019-10-18 13:01:21,452 [pool-27-thread-1] INFO  impl.RoleInfo (RoleInfo.java:updateAndGet(143)) - 893cf03e-f2cf-478a-892a-a746717e50e3: start FollowerState
2019-10-18 13:01:21,453 [pool-107-thread-1] INFO  util.JmxRegister (JmxRegister.java:tryRegister(44)) - Successfully registered JMX Bean with object name Ratis:service=RaftServer,group=group-187684C21557,id=8697df36-98d2-41b1-bdc7-60597b3b5526
2019-10-18 13:01:21,453 [pool-27-thread-1] INFO  util.JmxRegister (JmxRegister.java:tryRegister(44)) - Successfully registered JMX Bean with object name Ratis:service=RaftServer,group=group-187684C21557,id=893cf03e-f2cf-478a-892a-a746717e50e3
2019-10-18 13:01:21,466 [RatisPipelineUtilsThread] INFO  pipeline.PipelineStateManager (PipelineStateManager.java:addPipeline(56)) - Created pipeline Pipeline[ Id: 29141776-7baf-4f3d-8bae-187684c21557, Nodes: 8697df36-98d2-41b1-bdc7-60597b3b5526{ip: 192.168.34.56, host: pr-hdds-2330-xmbvw-1183399999, networkLocation: /default-rack, certSerialId: null}018b3f78-d19f-4e26-a796-cb8ddc4f97cf{ip: 192.168.34.56, host: pr-hdds-2330-xmbvw-1183399999, networkLocation: /default-rack, certSerialId: null}893cf03e-f2cf-478a-892a-a746717e50e3{ip: 192.168.34.56, host: pr-hdds-2330-xmbvw-1183399999, networkLocation: /default-rack, certSerialId: null}, Type:RATIS, Factor:THREE, State:OPEN]
2019-10-18 13:01:21,481 [grpc-default-executor-0] INFO  impl.RaftServerProxy (RaftServerProxy.java:addNew(89)) - 999343e7-0330-4874-a345-91eca72585e0: addNew group-FF4202234884:[999343e7-0330-4874-a345-91eca72585e0:192.168.34.56:44872, c124d131-afb9-4343-ad4e-aaebde613043:192.168.34.56:42116, e5bb327f-cdd7-4e49-919e-13a4c895fddf:192.168.34.56:36658] returns group-FF4202234884:java.util.concurrent.CompletableFuture@4e5ac299[Not completed]
2019-10-18 13:01:21,481 [grpc-default-executor-3] INFO  impl.RaftServerProxy (RaftServerProxy.java:addNew(89)) - e5bb327f-cdd7-4e49-919e-13a4c895fddf: addNew group-FF4202234884:[999343e7-0330-4874-a345-91eca72585e0:192.168.34.56:44872, c124d131-afb9-4343-ad4e-aaebde613043:192.168.34.56:42116, e5bb327f-cdd7-4e49-919e-13a4c895fddf:192.168.34.56:36658] returns group-FF4202234884:java.util.concurrent.CompletableFuture@70f53de6[Not completed]
2019-10-18 13:01:21,483 [grpc-default-executor-1] INFO  impl.RaftServerProxy (RaftServerProxy.java:addNew(89)) - c124d131-afb9-4343-ad4e-aaebde613043: addNew group-FF4202234884:[999343e7-0330-4874-a345-91eca72585e0:192.168.34.56:44872, c124d131-afb9-4343-ad4e-aaebde613043:192.168.34.56:42116, e5bb327f-cdd7-4e49-919e-13a4c895fddf:192.168.34.56:36658] returns group-FF4202234884:java.util.concurrent.CompletableFuture@6196230d[Not completed]
2019-10-18 13:01:21,484 [pool-47-thread-1] INFO  impl.RaftServerImpl (RaftServerImpl.java:<init>(104)) - 999343e7-0330-4874-a345-91eca72585e0: new RaftServerImpl for group-FF4202234884:[999343e7-0330-4874-a345-91eca72585e0:192.168.34.56:44872, c124d131-afb9-4343-ad4e-aaebde613043:192.168.34.56:42116, e5bb327f-cdd7-4e49-919e-13a4c895fddf:192.168.34.56:36658] with ContainerStateMachine:uninitialized
2019-10-18 13:01:21,484 [pool-47-thread-1] INFO  server.RaftServerConfigKeys (ConfUtils.java:logGet(43)) - raft.server.rpc.timeout.min = 1s (custom)
2019-10-18 13:01:21,484 [pool-47-thread-1] INFO  server.RaftServerConfigKeys (ConfUtils.java:logGet(43)) - raft.server.rpc.timeout.max = 1200ms (custom)
2019-10-18 13:01:21,484 [pool-47-thread-1] INFO  server.RaftServerConfigKeys (ConfUtils.java:logGet(43)) - raft.server.rpcslowness.timeout = 120s (custom)
2019-10-18 13:01:21,484 [pool-97-thread-1] INFO  impl.RaftServerImpl (RaftServerImpl.java:<init>(104)) - c124d131-afb9-4343-ad4e-aaebde613043: new RaftServerImpl for group-FF4202234884:[999343e7-0330-4874-a345-91eca72585e0:192.168.34.56:44872, c124d131-afb9-4343-ad4e-aaebde613043:192.168.34.56:42116, e5bb327f-cdd7-4e49-919e-13a4c895fddf:192.168.34.56:36658] with ContainerStateMachine:uninitialized
2019-10-18 13:01:21,484 [pool-47-thread-1] INFO  server.RaftServerConfigKeys (ConfUtils.java:logGet(43)) - raft.server.sleep.deviation.threshold = 300 (default)
2019-10-18 13:01:21,484 [pool-97-thread-1] INFO  server.RaftServerConfigKeys (ConfUtils.java:logGet(43)) - raft.server.rpc.timeout.min = 1s (custom)
2019-10-18 13:01:21,484 [pool-47-thread-1] INFO  server.RaftServerConfigKeys (ConfUtils.java:logGet(43)) - raft.server.log.appender.install.snapshot.enabled = false (custom)
2019-10-18 13:01:21,484 [pool-97-thread-1] INFO  server.RaftServerConfigKeys (ConfUtils.java:logGet(43)) - raft.server.rpc.timeout.max = 1200ms (custom)
2019-10-18 13:01:21,485 [pool-47-thread-1] INFO  impl.RaftServerImpl (ServerState.java:<init>(103)) - 999343e7-0330-4874-a345-91eca72585e0@group-FF4202234884: ConfigurationManager, init=-1: [999343e7-0330-4874-a345-91eca72585e0:192.168.34.56:44872, c124d131-afb9-4343-ad4e-aaebde613043:192.168.34.56:42116, e5bb327f-cdd7-4e49-919e-13a4c895fddf:192.168.34.56:36658], old=null, confs=<EMPTY_MAP>
2019-10-18 13:01:21,485 [pool-97-thread-1] INFO  server.RaftServerConfigKeys (ConfUtils.java:logGet(43)) - raft.server.rpcslowness.timeout = 120s (custom)
2019-10-18 13:01:21,485 [pool-77-thread-1] INFO  impl.RaftServerImpl (RaftServerImpl.java:<init>(104)) - e5bb327f-cdd7-4e49-919e-13a4c895fddf: new RaftServerImpl for group-FF4202234884:[999343e7-0330-4874-a345-91eca72585e0:192.168.34.56:44872, c124d131-afb9-4343-ad4e-aaebde613043:192.168.34.56:42116, e5bb327f-cdd7-4e49-919e-13a4c895fddf:192.168.34.56:36658] with ContainerStateMachine:uninitialized
2019-10-18 13:01:21,485 [pool-47-thread-1] INFO  server.RaftServerConfigKeys (ConfUtils.java:logGet(43)) - raft.server.storage.dir = [/workdir/hadoop-ozone/integration-test/target/test-dir/MiniOzoneClusterImpl-206d85c3-6704-4dbf-80de-7c3e9cc4f072/datanode-2/data/ratis] (custom)
2019-10-18 13:01:21,485 [pool-97-thread-1] INFO  server.RaftServerConfigKeys (ConfUtils.java:logGet(43)) - raft.server.sleep.deviation.threshold = 300 (default)
2019-10-18 13:01:21,485 [pool-77-thread-1] INFO  server.RaftServerConfigKeys (ConfUtils.java:logGet(43)) - raft.server.rpc.timeout.min = 1s (custom)
2019-10-18 13:01:21,485 [pool-97-thread-1] INFO  server.RaftServerConfigKeys (ConfUtils.java:logGet(43)) - raft.server.log.appender.install.snapshot.enabled = false (custom)
2019-10-18 13:01:21,485 [pool-77-thread-1] INFO  server.RaftServerConfigKeys (ConfUtils.java:logGet(43)) - raft.server.rpc.timeout.max = 1200ms (custom)
2019-10-18 13:01:21,485 [pool-47-thread-1] INFO  server.RaftServerConfigKeys (ConfUtils.java:logGet(43)) - raft.server.log.corruption.policy = EXCEPTION (default)
2019-10-18 13:01:21,485 [pool-77-thread-1] INFO  server.RaftServerConfigKeys (ConfUtils.java:logGet(43)) - raft.server.rpcslowness.timeout = 120s (custom)
2019-10-18 13:01:21,485 [pool-97-thread-1] INFO  impl.RaftServerImpl (ServerState.java:<init>(103)) - c124d131-afb9-4343-ad4e-aaebde613043@group-FF4202234884: ConfigurationManager, init=-1: [999343e7-0330-4874-a345-91eca72585e0:192.168.34.56:44872, c124d131-afb9-4343-ad4e-aaebde613043:192.168.34.56:42116, e5bb327f-cdd7-4e49-919e-13a4c895fddf:192.168.34.56:36658], old=null, confs=<EMPTY_MAP>
2019-10-18 13:01:21,485 [pool-47-thread-1] INFO  storage.RaftStorageDirectory (RaftStorageDirectory.java:analyzeStorage(246)) - The storage directory /workdir/hadoop-ozone/integration-test/target/test-dir/MiniOzoneClusterImpl-206d85c3-6704-4dbf-80de-7c3e9cc4f072/datanode-2/data/ratis/a42bae93-4c5d-4627-9bb4-ff4202234884 does not exist. Creating ...
2019-10-18 13:01:21,485 [pool-77-thread-1] INFO  server.RaftServerConfigKeys (ConfUtils.java:logGet(43)) - raft.server.sleep.deviation.threshold = 300 (default)
2019-10-18 13:01:21,486 [pool-97-thread-1] INFO  server.RaftServerConfigKeys (ConfUtils.java:logGet(43)) - raft.server.storage.dir = [/workdir/hadoop-ozone/integration-test/target/test-dir/MiniOzoneClusterImpl-206d85c3-6704-4dbf-80de-7c3e9cc4f072/datanode-7/data/ratis] (custom)
2019-10-18 13:01:21,486 [pool-77-thread-1] INFO  server.RaftServerConfigKeys (ConfUtils.java:logGet(43)) - raft.server.log.appender.install.snapshot.enabled = false (custom)
2019-10-18 13:01:21,486 [pool-77-thread-1] INFO  impl.RaftServerImpl (ServerState.java:<init>(103)) - e5bb327f-cdd7-4e49-919e-13a4c895fddf@group-FF4202234884: ConfigurationManager, init=-1: [999343e7-0330-4874-a345-91eca72585e0:192.168.34.56:44872, c124d131-afb9-4343-ad4e-aaebde613043:192.168.34.56:42116, e5bb327f-cdd7-4e49-919e-13a4c895fddf:192.168.34.56:36658], old=null, confs=<EMPTY_MAP>
2019-10-18 13:01:21,486 [pool-97-thread-1] INFO  server.RaftServerConfigKeys (ConfUtils.java:logGet(43)) - raft.server.log.corruption.policy = EXCEPTION (default)
2019-10-18 13:01:21,486 [pool-77-thread-1] INFO  server.RaftServerConfigKeys (ConfUtils.java:logGet(43)) - raft.server.storage.dir = [/workdir/hadoop-ozone/integration-test/target/test-dir/MiniOzoneClusterImpl-206d85c3-6704-4dbf-80de-7c3e9cc4f072/datanode-5/data/ratis] (custom)
2019-10-18 13:01:21,486 [pool-97-thread-1] INFO  storage.RaftStorageDirectory (RaftStorageDirectory.java:analyzeStorage(246)) - The storage directory /workdir/hadoop-ozone/integration-test/target/test-dir/MiniOzoneClusterImpl-206d85c3-6704-4dbf-80de-7c3e9cc4f072/datanode-7/data/ratis/a42bae93-4c5d-4627-9bb4-ff4202234884 does not exist. Creating ...
2019-10-18 13:01:21,486 [pool-77-thread-1] INFO  server.RaftServerConfigKeys (ConfUtils.java:logGet(43)) - raft.server.log.corruption.policy = EXCEPTION (default)
2019-10-18 13:01:21,486 [pool-77-thread-1] INFO  storage.RaftStorageDirectory (RaftStorageDirectory.java:analyzeStorage(246)) - The storage directory /workdir/hadoop-ozone/integration-test/target/test-dir/MiniOzoneClusterImpl-206d85c3-6704-4dbf-80de-7c3e9cc4f072/datanode-5/data/ratis/a42bae93-4c5d-4627-9bb4-ff4202234884 does not exist. Creating ...
2019-10-18 13:01:21,514 [Thread-366] INFO  impl.FollowerState (FollowerState.java:run(108)) - 8697df36-98d2-41b1-bdc7-60597b3b5526@group-187684C21557-FollowerState: change to CANDIDATE, lastRpcTime:61ms, electionTimeout:61ms
2019-10-18 13:01:21,514 [Thread-366] INFO  impl.RoleInfo (RoleInfo.java:shutdownFollowerState(121)) - 8697df36-98d2-41b1-bdc7-60597b3b5526: shutdown FollowerState
2019-10-18 13:01:21,514 [Thread-366] INFO  impl.RaftServerImpl (RaftServerImpl.java:setRole(184)) - 8697df36-98d2-41b1-bdc7-60597b3b5526@group-187684C21557: changes role from  FOLLOWER to CANDIDATE at term 0 for changeToCandidate
2019-10-18 13:01:21,514 [Thread-366] INFO  impl.RoleInfo (RoleInfo.java:updateAndGet(143)) - 8697df36-98d2-41b1-bdc7-60597b3b5526: start LeaderElection
2019-10-18 13:01:21,538 [Thread-365] INFO  impl.FollowerState (FollowerState.java:run(108)) - 018b3f78-d19f-4e26-a796-cb8ddc4f97cf@group-187684C21557-FollowerState: change to CANDIDATE, lastRpcTime:86ms, electionTimeout:86ms
2019-10-18 13:01:21,538 [Thread-365] INFO  impl.RoleInfo (RoleInfo.java:shutdownFollowerState(121)) - 018b3f78-d19f-4e26-a796-cb8ddc4f97cf: shutdown FollowerState
2019-10-18 13:01:21,538 [Thread-365] INFO  impl.RaftServerImpl (RaftServerImpl.java:setRole(184)) - 018b3f78-d19f-4e26-a796-cb8ddc4f97cf@group-187684C21557: changes role from  FOLLOWER to CANDIDATE at term 0 for changeToCandidate
2019-10-18 13:01:21,538 [Thread-365] INFO  impl.RoleInfo (RoleInfo.java:updateAndGet(143)) - 018b3f78-d19f-4e26-a796-cb8ddc4f97cf: start LeaderElection
2019-10-18 13:01:21,542 [Thread-364] INFO  impl.FollowerState (FollowerState.java:run(108)) - 17618ccc-f51c-4f14-92cf-842ef2c05e35@group-08BD6F798C58-FollowerState: change to CANDIDATE, lastRpcTime:93ms, electionTimeout:4ms
2019-10-18 13:01:21,542 [grpc-default-executor-2] INFO  impl.RaftServerImpl (RaftServerImpl.java:setRole(184)) - 896cef04-248b-470f-8c5c-c9acb81bb157@group-08BD6F798C58: changes role from  FOLLOWER to FOLLOWER at term 2 for recognizeCandidate:32d97539-eb73-46c6-a759-05f11ff00f4c
2019-10-18 13:01:21,542 [32d97539-eb73-46c6-a759-05f11ff00f4c@group-08BD6F798C58-LeaderElection12] INFO  impl.LeaderElection (LeaderElection.java:logAndReturn(56)) - 32d97539-eb73-46c6-a759-05f11ff00f4c@group-08BD6F798C58-LeaderElection12: Election TIMEOUT; received 0 response(s) [] and 0 exception(s); 32d97539-eb73-46c6-a759-05f11ff00f4c@group-08BD6F798C58:t2, leader=null, voted=32d97539-eb73-46c6-a759-05f11ff00f4c, raftlog=32d97539-eb73-46c6-a759-05f11ff00f4c@group-08BD6F798C58-SegmentedRaftLog:OPENED:c-1,f-1,i0, conf=-1: [17618ccc-f51c-4f14-92cf-842ef2c05e35:192.168.34.56:38851, 896cef04-248b-470f-8c5c-c9acb81bb157:192.168.34.56:37940, 32d97539-eb73-46c6-a759-05f11ff00f4c:192.168.34.56:35929], old=null
2019-10-18 13:01:21,542 [Thread-364] INFO  impl.RoleInfo (RoleInfo.java:shutdownFollowerState(121)) - 17618ccc-f51c-4f14-92cf-842ef2c05e35: shutdown FollowerState
2019-10-18 13:01:21,542 [grpc-default-executor-2] INFO  impl.RoleInfo (RoleInfo.java:shutdownFollowerState(121)) - 896cef04-248b-470f-8c5c-c9acb81bb157: shutdown FollowerState
2019-10-18 13:01:21,544 [Thread-364] INFO  impl.RaftServerImpl (RaftServerImpl.java:setRole(184)) - 17618ccc-f51c-4f14-92cf-842ef2c05e35@group-08BD6F798C58: changes role from  FOLLOWER to CANDIDATE at term 2 for changeToCandidate
2019-10-18 13:01:21,544 [Thread-363] INFO  impl.FollowerState (FollowerState.java:run(117)) - 896cef04-248b-470f-8c5c-c9acb81bb157@group-08BD6F798C58-FollowerState was interrupted: java.lang.InterruptedException: sleep interrupted
2019-10-18 13:01:21,544 [grpc-default-executor-2] INFO  impl.RoleInfo (RoleInfo.java:updateAndGet(143)) - 896cef04-248b-470f-8c5c-c9acb81bb157: start FollowerState
2019-10-18 13:01:21,544 [Thread-364] INFO  impl.RoleInfo (RoleInfo.java:updateAndGet(143)) - 17618ccc-f51c-4f14-92cf-842ef2c05e35: start LeaderElection
2019-10-18 13:01:21,560 [pool-77-thread-1] INFO  storage.RaftStorageDirectory (RaftStorageDirectory.java:tryLock(328)) - Lock on /workdir/hadoop-ozone/integration-test/target/test-dir/MiniOzoneClusterImpl-206d85c3-6704-4dbf-80de-7c3e9cc4f072/datanode-5/data/ratis/a42bae93-4c5d-4627-9bb4-ff4202234884/in_use.lock acquired by nodename 11498@pr-hdds-2330-xmbvw-1183399999
2019-10-18 13:01:21,560 [pool-97-thread-1] INFO  storage.RaftStorageDirectory (RaftStorageDirectory.java:tryLock(328)) - Lock on /workdir/hadoop-ozone/integration-test/target/test-dir/MiniOzoneClusterImpl-206d85c3-6704-4dbf-80de-7c3e9cc4f072/datanode-7/data/ratis/a42bae93-4c5d-4627-9bb4-ff4202234884/in_use.lock acquired by nodename 11498@pr-hdds-2330-xmbvw-1183399999
2019-10-18 13:01:21,560 [pool-47-thread-1] INFO  storage.RaftStorageDirectory (RaftStorageDirectory.java:tryLock(328)) - Lock on /workdir/hadoop-ozone/integration-test/target/test-dir/MiniOzoneClusterImpl-206d85c3-6704-4dbf-80de-7c3e9cc4f072/datanode-2/data/ratis/a42bae93-4c5d-4627-9bb4-ff4202234884/in_use.lock acquired by nodename 11498@pr-hdds-2330-xmbvw-1183399999
2019-10-18 13:01:21,618 [Thread-367] INFO  impl.FollowerState (FollowerState.java:run(108)) - 893cf03e-f2cf-478a-892a-a746717e50e3@group-187684C21557-FollowerState: change to CANDIDATE, lastRpcTime:165ms, electionTimeout:165ms
2019-10-18 13:01:21,618 [Thread-367] INFO  impl.RoleInfo (RoleInfo.java:shutdownFollowerState(121)) - 893cf03e-f2cf-478a-892a-a746717e50e3: shutdown FollowerState
2019-10-18 13:01:21,618 [Thread-367] INFO  impl.RaftServerImpl (RaftServerImpl.java:setRole(184)) - 893cf03e-f2cf-478a-892a-a746717e50e3@group-187684C21557: changes role from  FOLLOWER to CANDIDATE at term 0 for changeToCandidate
2019-10-18 13:01:21,618 [Thread-367] INFO  impl.RoleInfo (RoleInfo.java:updateAndGet(143)) - 893cf03e-f2cf-478a-892a-a746717e50e3: start LeaderElection
2019-10-18 13:01:21,654 [018b3f78-d19f-4e26-a796-cb8ddc4f97cf@group-187684C21557-LeaderElection15] INFO  impl.LeaderElection (LeaderElection.java:askForVotes(178)) - 018b3f78-d19f-4e26-a796-cb8ddc4f97cf@group-187684C21557-LeaderElection15: begin an election at term 1 for -1: [893cf03e-f2cf-478a-892a-a746717e50e3:192.168.34.56:40750, 8697df36-98d2-41b1-bdc7-60597b3b5526:192.168.34.56:46415, 018b3f78-d19f-4e26-a796-cb8ddc4f97cf:192.168.34.56:35845], old=null
2019-10-18 13:01:21,654 [Thread-373] INFO  impl.FollowerState (FollowerState.java:run(108)) - 896cef04-248b-470f-8c5c-c9acb81bb157@group-08BD6F798C58-FollowerState: change to CANDIDATE, lastRpcTime:110ms, electionTimeout:50ms
2019-10-18 13:01:21,654 [17618ccc-f51c-4f14-92cf-842ef2c05e35@group-08BD6F798C58-LeaderElection16] INFO  impl.LeaderElection (LeaderElection.java:askForVotes(178)) - 17618ccc-f51c-4f14-92cf-842ef2c05e35@group-08BD6F798C58-LeaderElection16: begin an election at term 3 for -1: [17618ccc-f51c-4f14-92cf-842ef2c05e35:192.168.34.56:38851, 896cef04-248b-470f-8c5c-c9acb81bb157:192.168.34.56:37940, 32d97539-eb73-46c6-a759-05f11ff00f4c:192.168.34.56:35929], old=null
2019-10-18 13:01:21,654 [32d97539-eb73-46c6-a759-05f11ff00f4c@group-08BD6F798C58-LeaderElection12] INFO  impl.LeaderElection (LeaderElection.java:askForVotes(178)) - 32d97539-eb73-46c6-a759-05f11ff00f4c@group-08BD6F798C58-LeaderElection12: begin an election at term 3 for -1: [17618ccc-f51c-4f14-92cf-842ef2c05e35:192.168.34.56:38851, 896cef04-248b-470f-8c5c-c9acb81bb157:192.168.34.56:37940, 32d97539-eb73-46c6-a759-05f11ff00f4c:192.168.34.56:35929], old=null
2019-10-18 13:01:21,654 [8697df36-98d2-41b1-bdc7-60597b3b5526@group-187684C21557-LeaderElection14] INFO  impl.LeaderElection (LeaderElection.java:askForVotes(178)) - 8697df36-98d2-41b1-bdc7-60597b3b5526@group-187684C21557-LeaderElection14: begin an election at term 1 for -1: [893cf03e-f2cf-478a-892a-a746717e50e3:192.168.34.56:40750, 8697df36-98d2-41b1-bdc7-60597b3b5526:192.168.34.56:46415, 018b3f78-d19f-4e26-a796-cb8ddc4f97cf:192.168.34.56:35845], old=null
2019-10-18 13:01:21,654 [Thread-373] INFO  impl.RoleInfo (RoleInfo.java:shutdownFollowerState(121)) - 896cef04-248b-470f-8c5c-c9acb81bb157: shutdown FollowerState
2019-10-18 13:01:21,655 [Thread-373] INFO  impl.RaftServerImpl (RaftServerImpl.java:setRole(184)) - 896cef04-248b-470f-8c5c-c9acb81bb157@group-08BD6F798C58: changes role from  FOLLOWER to CANDIDATE at term 2 for changeToCandidate
2019-10-18 13:01:21,655 [Thread-373] INFO  impl.RoleInfo (RoleInfo.java:updateAndGet(143)) - 896cef04-248b-470f-8c5c-c9acb81bb157: start LeaderElection
2019-10-18 13:01:21,678 [pool-47-thread-1] INFO  storage.RaftStorage (RaftStorage.java:format(84)) - Storage directory /workdir/hadoop-ozone/integration-test/target/test-dir/MiniOzoneClusterImpl-206d85c3-6704-4dbf-80de-7c3e9cc4f072/datanode-2/data/ratis/a42bae93-4c5d-4627-9bb4-ff4202234884 has been successfully formatted.
2019-10-18 13:01:21,680 [pool-47-thread-1] INFO  ratis.ContainerStateMachine (ContainerStateMachine.java:loadSnapshot(231)) - group-FF4202234884: The snapshot info is null. Setting the last applied indexto:(t:0, i:~)
2019-10-18 13:01:21,680 [pool-47-thread-1] INFO  server.RaftServerConfigKeys (ConfUtils.java:logGet(43)) - raft.server.notification.no-leader.timeout = 120s (custom)
2019-10-18 13:01:21,680 [pool-47-thread-1] INFO  server.RaftServerConfigKeys (ConfUtils.java:logGet(43)) - raft.server.log.use.memory = false (default)
2019-10-18 13:01:21,680 [pool-47-thread-1] INFO  server.RaftServerConfigKeys (ConfUtils.java:logGet(43)) - raft.server.log.purge.gap = 1000000 (custom)
2019-10-18 13:01:21,680 [pool-47-thread-1] INFO  server.RaftServerConfigKeys (ConfUtils.java:logGet(43)) - raft.server.log.appender.buffer.byte-limit = 33554432 (custom)
2019-10-18 13:01:21,680 [pool-47-thread-1] INFO  server.RaftServerConfigKeys (ConfUtils.java:logGet(43)) - raft.server.log.segment.size.max = 1048576 (custom)
2019-10-18 13:01:21,688 [pool-47-thread-1] INFO  server.RaftServerConfigKeys (ConfUtils.java:logGet(43)) - raft.server.log.segment.cache.num.max = 2 (custom)
2019-10-18 13:01:21,688 [pool-47-thread-1] INFO  segmented.SegmentedRaftLogWorker (SegmentedRaftLogWorker.java:<init>(173)) - new 999343e7-0330-4874-a345-91eca72585e0@group-FF4202234884-SegmentedRaftLogWorker for RaftStorage:Storage Directory /workdir/hadoop-ozone/integration-test/target/test-dir/MiniOzoneClusterImpl-206d85c3-6704-4dbf-80de-7c3e9cc4f072/datanode-2/data/ratis/a42bae93-4c5d-4627-9bb4-ff4202234884
2019-10-18 13:01:21,689 [pool-47-thread-1] INFO  server.RaftServerConfigKeys (ConfUtils.java:logGet(43)) - raft.server.log.queue.byte-limit = 2147483647 (custom)
2019-10-18 13:01:21,689 [pool-47-thread-1] INFO  server.RaftServerConfigKeys (ConfUtils.java:logGet(43)) - raft.server.log.queue.element-limit = 1024 (custom)
2019-10-18 13:01:21,689 [pool-47-thread-1] INFO  server.RaftServerConfigKeys (ConfUtils.java:logGet(43)) - raft.server.log.segment.size.max = 1048576 (custom)
2019-10-18 13:01:21,689 [pool-47-thread-1] INFO  server.RaftServerConfigKeys (ConfUtils.java:logGet(43)) - raft.server.log.preallocated.size = 16384 (custom)
2019-10-18 13:01:21,689 [pool-47-thread-1] INFO  server.RaftServerConfigKeys (ConfUtils.java:logGet(43)) - raft.server.log.write.buffer.size = 33554432 (custom)
2019-10-18 13:01:21,689 [pool-47-thread-1] INFO  server.RaftServerConfigKeys (ConfUtils.java:logGet(43)) - raft.server.log.force.sync.num = 128 (default)
2019-10-18 13:01:21,691 [pool-47-thread-1] INFO  server.RaftServerConfigKeys (ConfUtils.java:logGet(43)) - raft.server.log.statemachine.data.sync = true (default)
2019-10-18 13:01:21,691 [pool-47-thread-1] INFO  server.RaftServerConfigKeys (ConfUtils.java:logGet(43)) - raft.server.log.statemachine.data.sync.timeout = 10s (default)
2019-10-18 13:01:21,691 [pool-47-thread-1] INFO  server.RaftServerConfigKeys (ConfUtils.java:logGet(43)) - raft.server.log.statemachine.data.sync.timeout.retry = -1 (default)
2019-10-18 13:01:21,691 [pool-47-thread-1] INFO  server.RaftServerConfigKeys (ConfUtils.java:logGet(43)) - raft.server.log.statemachine.data.caching.enabled = true (custom)
2019-10-18 13:01:21,691 [pool-47-thread-1] INFO  segmented.SegmentedRaftLogWorker (SegmentedRaftLogWorker.java:lambda$new$0(128)) - 999343e7-0330-4874-a345-91eca72585e0@group-FF4202234884-SegmentedRaftLogWorker: flushIndex: setUnconditionally 0 -> -1
2019-10-18 13:01:21,692 [pool-47-thread-1] INFO  server.RaftServerConfigKeys (ConfUtils.java:logGet(43)) - raft.server.snapshot.auto.trigger.enabled = true (custom)
2019-10-18 13:01:21,692 [pool-47-thread-1] INFO  server.RaftServerConfigKeys (ConfUtils.java:logGet(43)) - raft.server.snapshot.auto.trigger.threshold = 10000 (custom)
2019-10-18 13:01:21,692 [pool-47-thread-1] INFO  server.RaftServerConfigKeys (ConfUtils.java:logGet(43)) - raft.server.snapshot.retention.file.num = 5 (custom)
2019-10-18 13:01:21,692 [pool-47-thread-1] INFO  server.RaftServerConfigKeys (ConfUtils.java:logGet(43)) - raft.server.retrycache.expirytime = 600000ms (custom)
2019-10-18 13:01:21,696 [pool-47-thread-1] INFO  impl.RaftServerImpl (RaftServerImpl.java:start(195)) - 999343e7-0330-4874-a345-91eca72585e0@group-FF4202234884: start as a follower, conf=-1: [999343e7-0330-4874-a345-91eca72585e0:192.168.34.56:44872, c124d131-afb9-4343-ad4e-aaebde613043:192.168.34.56:42116, e5bb327f-cdd7-4e49-919e-13a4c895fddf:192.168.34.56:36658], old=null
2019-10-18 13:01:21,696 [pool-47-thread-1] INFO  impl.RaftServerImpl (RaftServerImpl.java:setRole(184)) - 999343e7-0330-4874-a345-91eca72585e0@group-FF4202234884: changes role from      null to FOLLOWER at term 0 for startAsFollower
2019-10-18 13:01:21,697 [pool-47-thread-1] INFO  impl.RoleInfo (RoleInfo.java:updateAndGet(143)) - 999343e7-0330-4874-a345-91eca72585e0: start FollowerState
2019-10-18 13:01:21,697 [pool-47-thread-1] INFO  util.JmxRegister (JmxRegister.java:tryRegister(44)) - Successfully registered JMX Bean with object name Ratis:service=RaftServer,group=group-FF4202234884,id=999343e7-0330-4874-a345-91eca72585e0
2019-10-18 13:01:21,698 [17618ccc-f51c-4f14-92cf-842ef2c05e35@group-08BD6F798C58-LeaderElection16] INFO  impl.LeaderElection (LeaderElection.java:logAndReturn(56)) - 17618ccc-f51c-4f14-92cf-842ef2c05e35@group-08BD6F798C58-LeaderElection16: Election TIMEOUT; received 1 response(s) [17618ccc-f51c-4f14-92cf-842ef2c05e35<-32d97539-eb73-46c6-a759-05f11ff00f4c#0:FAIL-t3] and 0 exception(s); 17618ccc-f51c-4f14-92cf-842ef2c05e35@group-08BD6F798C58:t3, leader=null, voted=17618ccc-f51c-4f14-92cf-842ef2c05e35, raftlog=17618ccc-f51c-4f14-92cf-842ef2c05e35@group-08BD6F798C58-SegmentedRaftLog:OPENED:c-1,f-1,i0, conf=-1: [17618ccc-f51c-4f14-92cf-842ef2c05e35:192.168.34.56:38851, 896cef04-248b-470f-8c5c-c9acb81bb157:192.168.34.56:37940, 32d97539-eb73-46c6-a759-05f11ff00f4c:192.168.34.56:35929], old=null
2019-10-18 13:01:21,702 [8697df36-98d2-41b1-bdc7-60597b3b5526@group-187684C21557-LeaderElection14] INFO  impl.LeaderElection (LeaderElection.java:logAndReturn(56)) - 8697df36-98d2-41b1-bdc7-60597b3b5526@group-187684C21557-LeaderElection14: Election TIMEOUT; received 1 response(s) [8697df36-98d2-41b1-bdc7-60597b3b5526<-018b3f78-d19f-4e26-a796-cb8ddc4f97cf#0:FAIL-t1] and 0 exception(s); 8697df36-98d2-41b1-bdc7-60597b3b5526@group-187684C21557:t1, leader=null, voted=8697df36-98d2-41b1-bdc7-60597b3b5526, raftlog=8697df36-98d2-41b1-bdc7-60597b3b5526@group-187684C21557-SegmentedRaftLog:OPENED:c-1,f-1,i0, conf=-1: [893cf03e-f2cf-478a-892a-a746717e50e3:192.168.34.56:40750, 8697df36-98d2-41b1-bdc7-60597b3b5526:192.168.34.56:46415, 018b3f78-d19f-4e26-a796-cb8ddc4f97cf:192.168.34.56:35845], old=null
2019-10-18 13:01:21,707 [pool-77-thread-1] INFO  storage.RaftStorage (RaftStorage.java:format(84)) - Storage directory /workdir/hadoop-ozone/integration-test/target/test-dir/MiniOzoneClusterImpl-206d85c3-6704-4dbf-80de-7c3e9cc4f072/datanode-5/data/ratis/a42bae93-4c5d-4627-9bb4-ff4202234884 has been successfully formatted.
2019-10-18 13:01:21,707 [pool-97-thread-1] INFO  storage.RaftStorage (RaftStorage.java:format(84)) - Storage directory /workdir/hadoop-ozone/integration-test/target/test-dir/MiniOzoneClusterImpl-206d85c3-6704-4dbf-80de-7c3e9cc4f072/datanode-7/data/ratis/a42bae93-4c5d-4627-9bb4-ff4202234884 has been successfully formatted.
2019-10-18 13:01:21,709 [pool-77-thread-1] INFO  ratis.ContainerStateMachine (ContainerStateMachine.java:loadSnapshot(231)) - group-FF4202234884: The snapshot info is null. Setting the last applied indexto:(t:0, i:~)
2019-10-18 13:01:21,709 [pool-97-thread-1] INFO  ratis.ContainerStateMachine (ContainerStateMachine.java:loadSnapshot(231)) - group-FF4202234884: The snapshot info is null. Setting the last applied indexto:(t:0, i:~)
2019-10-18 13:01:21,709 [pool-77-thread-1] INFO  server.RaftServerConfigKeys (ConfUtils.java:logGet(43)) - raft.server.notification.no-leader.timeout = 120s (custom)
2019-10-18 13:01:21,709 [pool-97-thread-1] INFO  server.RaftServerConfigKeys (ConfUtils.java:logGet(43)) - raft.server.notification.no-leader.timeout = 120s (custom)
2019-10-18 13:01:21,709 [pool-77-thread-1] INFO  server.RaftServerConfigKeys (ConfUtils.java:logGet(43)) - raft.server.log.use.memory = false (default)
2019-10-18 13:01:21,709 [pool-97-thread-1] INFO  server.RaftServerConfigKeys (ConfUtils.java:logGet(43)) - raft.server.log.use.memory = false (default)
2019-10-18 13:01:21,709 [pool-77-thread-1] INFO  server.RaftServerConfigKeys (ConfUtils.java:logGet(43)) - raft.server.log.purge.gap = 1000000 (custom)
2019-10-18 13:01:21,709 [pool-97-thread-1] INFO  server.RaftServerConfigKeys (ConfUtils.java:logGet(43)) - raft.server.log.purge.gap = 1000000 (custom)
2019-10-18 13:01:21,710 [pool-77-thread-1] INFO  server.RaftServerConfigKeys (ConfUtils.java:logGet(43)) - raft.server.log.appender.buffer.byte-limit = 33554432 (custom)
2019-10-18 13:01:21,710 [pool-97-thread-1] INFO  server.RaftServerConfigKeys (ConfUtils.java:logGet(43)) - raft.server.log.appender.buffer.byte-limit = 33554432 (custom)
2019-10-18 13:01:21,710 [pool-77-thread-1] INFO  server.RaftServerConfigKeys (ConfUtils.java:logGet(43)) - raft.server.log.segment.size.max = 1048576 (custom)
2019-10-18 13:01:21,710 [pool-97-thread-1] INFO  server.RaftServerConfigKeys (ConfUtils.java:logGet(43)) - raft.server.log.segment.size.max = 1048576 (custom)
2019-10-18 13:01:21,710 [pool-77-thread-1] INFO  server.RaftServerConfigKeys (ConfUtils.java:logGet(43)) - raft.server.log.segment.cache.num.max = 2 (custom)
2019-10-18 13:01:21,710 [pool-97-thread-1] INFO  server.RaftServerConfigKeys (ConfUtils.java:logGet(43)) - raft.server.log.segment.cache.num.max = 2 (custom)
2019-10-18 13:01:21,710 [pool-77-thread-1] INFO  segmented.SegmentedRaftLogWorker (SegmentedRaftLogWorker.java:<init>(173)) - new e5bb327f-cdd7-4e49-919e-13a4c895fddf@group-FF4202234884-SegmentedRaftLogWorker for RaftStorage:Storage Directory /workdir/hadoop-ozone/integration-test/target/test-dir/MiniOzoneClusterImpl-206d85c3-6704-4dbf-80de-7c3e9cc4f072/datanode-5/data/ratis/a42bae93-4c5d-4627-9bb4-ff4202234884
2019-10-18 13:01:21,710 [pool-97-thread-1] INFO  segmented.SegmentedRaftLogWorker (SegmentedRaftLogWorker.java:<init>(173)) - new c124d131-afb9-4343-ad4e-aaebde613043@group-FF4202234884-SegmentedRaftLogWorker for RaftStorage:Storage Directory /workdir/hadoop-ozone/integration-test/target/test-dir/MiniOzoneClusterImpl-206d85c3-6704-4dbf-80de-7c3e9cc4f072/datanode-7/data/ratis/a42bae93-4c5d-4627-9bb4-ff4202234884
2019-10-18 13:01:21,710 [pool-77-thread-1] INFO  server.RaftServerConfigKeys (ConfUtils.java:logGet(43)) - raft.server.log.queue.byte-limit = 2147483647 (custom)
2019-10-18 13:01:21,710 [pool-97-thread-1] INFO  server.RaftServerConfigKeys (ConfUtils.java:logGet(43)) - raft.server.log.queue.byte-limit = 2147483647 (custom)
2019-10-18 13:01:21,710 [pool-77-thread-1] INFO  server.RaftServerConfigKeys (ConfUtils.java:logGet(43)) - raft.server.log.queue.element-limit = 1024 (custom)
2019-10-18 13:01:21,710 [pool-97-thread-1] INFO  server.RaftServerConfigKeys (ConfUtils.java:logGet(43)) - raft.server.log.queue.element-limit = 1024 (custom)
2019-10-18 13:01:21,710 [pool-77-thread-1] INFO  server.RaftServerConfigKeys (ConfUtils.java:logGet(43)) - raft.server.log.segment.size.max = 1048576 (custom)
2019-10-18 13:01:21,711 [pool-97-thread-1] INFO  server.RaftServerConfigKeys (ConfUtils.java:logGet(43)) - raft.server.log.segment.size.max = 1048576 (custom)
2019-10-18 13:01:21,711 [pool-77-thread-1] INFO  server.RaftServerConfigKeys (ConfUtils.java:logGet(43)) - raft.server.log.preallocated.size = 16384 (custom)
2019-10-18 13:01:21,711 [pool-97-thread-1] INFO  server.RaftServerConfigKeys (ConfUtils.java:logGet(43)) - raft.server.log.preallocated.size = 16384 (custom)
2019-10-18 13:01:21,711 [pool-77-thread-1] INFO  server.RaftServerConfigKeys (ConfUtils.java:logGet(43)) - raft.server.log.write.buffer.size = 33554432 (custom)
2019-10-18 13:01:21,711 [pool-97-thread-1] INFO  server.RaftServerConfigKeys (ConfUtils.java:logGet(43)) - raft.server.log.write.buffer.size = 33554432 (custom)
2019-10-18 13:01:21,711 [pool-77-thread-1] INFO  server.RaftServerConfigKeys (ConfUtils.java:logGet(43)) - raft.server.log.force.sync.num = 128 (default)
2019-10-18 13:01:21,711 [pool-97-thread-1] INFO  server.RaftServerConfigKeys (ConfUtils.java:logGet(43)) - raft.server.log.force.sync.num = 128 (default)
2019-10-18 13:01:21,711 [pool-77-thread-1] INFO  server.RaftServerConfigKeys (ConfUtils.java:logGet(43)) - raft.server.log.statemachine.data.sync = true (default)
2019-10-18 13:01:21,711 [pool-97-thread-1] INFO  server.RaftServerConfigKeys (ConfUtils.java:logGet(43)) - raft.server.log.statemachine.data.sync = true (default)
2019-10-18 13:01:21,711 [pool-77-thread-1] INFO  server.RaftServerConfigKeys (ConfUtils.java:logGet(43)) - raft.server.log.statemachine.data.sync.timeout = 10s (default)
2019-10-18 13:01:21,711 [pool-97-thread-1] INFO  server.RaftServerConfigKeys (ConfUtils.java:logGet(43)) - raft.server.log.statemachine.data.sync.timeout = 10s (default)
2019-10-18 13:01:21,711 [pool-77-thread-1] INFO  server.RaftServerConfigKeys (ConfUtils.java:logGet(43)) - raft.server.log.statemachine.data.sync.timeout.retry = -1 (default)
2019-10-18 13:01:21,712 [pool-97-thread-1] INFO  server.RaftServerConfigKeys (ConfUtils.java:logGet(43)) - raft.server.log.statemachine.data.sync.timeout.retry = -1 (default)
2019-10-18 13:01:21,712 [pool-77-thread-1] INFO  server.RaftServerConfigKeys (ConfUtils.java:logGet(43)) - raft.server.log.statemachine.data.caching.enabled = true (custom)
2019-10-18 13:01:21,712 [pool-97-thread-1] INFO  server.RaftServerConfigKeys (ConfUtils.java:logGet(43)) - raft.server.log.statemachine.data.caching.enabled = true (custom)
2019-10-18 13:01:21,712 [pool-77-thread-1] INFO  segmented.SegmentedRaftLogWorker (SegmentedRaftLogWorker.java:lambda$new$0(128)) - e5bb327f-cdd7-4e49-919e-13a4c895fddf@group-FF4202234884-SegmentedRaftLogWorker: flushIndex: setUnconditionally 0 -> -1
2019-10-18 13:01:21,712 [pool-97-thread-1] INFO  segmented.SegmentedRaftLogWorker (SegmentedRaftLogWorker.java:lambda$new$0(128)) - c124d131-afb9-4343-ad4e-aaebde613043@group-FF4202234884-SegmentedRaftLogWorker: flushIndex: setUnconditionally 0 -> -1
2019-10-18 13:01:21,712 [pool-77-thread-1] INFO  server.RaftServerConfigKeys (ConfUtils.java:logGet(43)) - raft.server.snapshot.auto.trigger.enabled = true (custom)
2019-10-18 13:01:21,712 [pool-77-thread-1] INFO  server.RaftServerConfigKeys (ConfUtils.java:logGet(43)) - raft.server.snapshot.auto.trigger.threshold = 10000 (custom)
2019-10-18 13:01:21,712 [pool-97-thread-1] INFO  server.RaftServerConfigKeys (ConfUtils.java:logGet(43)) - raft.server.snapshot.auto.trigger.enabled = true (custom)
2019-10-18 13:01:21,712 [pool-77-thread-1] INFO  server.RaftServerConfigKeys (ConfUtils.java:logGet(43)) - raft.server.snapshot.retention.file.num = 5 (custom)
2019-10-18 13:01:21,712 [pool-97-thread-1] INFO  server.RaftServerConfigKeys (ConfUtils.java:logGet(43)) - raft.server.snapshot.auto.trigger.threshold = 10000 (custom)
2019-10-18 13:01:21,713 [pool-77-thread-1] INFO  server.RaftServerConfigKeys (ConfUtils.java:logGet(43)) - raft.server.retrycache.expirytime = 600000ms (custom)
2019-10-18 13:01:21,713 [pool-97-thread-1] INFO  server.RaftServerConfigKeys (ConfUtils.java:logGet(43)) - raft.server.snapshot.retention.file.num = 5 (custom)
2019-10-18 13:01:21,713 [pool-97-thread-1] INFO  server.RaftServerConfigKeys (ConfUtils.java:logGet(43)) - raft.server.retrycache.expirytime = 600000ms (custom)
2019-10-18 13:01:21,715 [pool-77-thread-1] INFO  impl.RaftServerImpl (RaftServerImpl.java:start(195)) - e5bb327f-cdd7-4e49-919e-13a4c895fddf@group-FF4202234884: start as a follower, conf=-1: [999343e7-0330-4874-a345-91eca72585e0:192.168.34.56:44872, c124d131-afb9-4343-ad4e-aaebde613043:192.168.34.56:42116, e5bb327f-cdd7-4e49-919e-13a4c895fddf:192.168.34.56:36658], old=null
2019-10-18 13:01:21,715 [pool-77-thread-1] INFO  impl.RaftServerImpl (RaftServerImpl.java:setRole(184)) - e5bb327f-cdd7-4e49-919e-13a4c895fddf@group-FF4202234884: changes role from      null to FOLLOWER at term 0 for startAsFollower
2019-10-18 13:01:21,715 [pool-77-thread-1] INFO  impl.RoleInfo (RoleInfo.java:updateAndGet(143)) - e5bb327f-cdd7-4e49-919e-13a4c895fddf: start FollowerState
2019-10-18 13:01:21,715 [pool-97-thread-1] INFO  impl.RaftServerImpl (RaftServerImpl.java:start(195)) - c124d131-afb9-4343-ad4e-aaebde613043@group-FF4202234884: start as a follower, conf=-1: [999343e7-0330-4874-a345-91eca72585e0:192.168.34.56:44872, c124d131-afb9-4343-ad4e-aaebde613043:192.168.34.56:42116, e5bb327f-cdd7-4e49-919e-13a4c895fddf:192.168.34.56:36658], old=null
2019-10-18 13:01:21,715 [pool-97-thread-1] INFO  impl.RaftServerImpl (RaftServerImpl.java:setRole(184)) - c124d131-afb9-4343-ad4e-aaebde613043@group-FF4202234884: changes role from      null to FOLLOWER at term 0 for startAsFollower
2019-10-18 13:01:21,715 [pool-97-thread-1] INFO  impl.RoleInfo (RoleInfo.java:updateAndGet(143)) - c124d131-afb9-4343-ad4e-aaebde613043: start FollowerState
2019-10-18 13:01:21,715 [pool-77-thread-1] INFO  util.JmxRegister (JmxRegister.java:tryRegister(44)) - Successfully registered JMX Bean with object name Ratis:service=RaftServer,group=group-FF4202234884,id=e5bb327f-cdd7-4e49-919e-13a4c895fddf
2019-10-18 13:01:21,715 [pool-97-thread-1] INFO  util.JmxRegister (JmxRegister.java:tryRegister(44)) - Successfully registered JMX Bean with object name Ratis:service=RaftServer,group=group-FF4202234884,id=c124d131-afb9-4343-ad4e-aaebde613043
2019-10-18 13:01:21,723 [Thread-386] INFO  impl.FollowerState (FollowerState.java:run(108)) - 999343e7-0330-4874-a345-91eca72585e0@group-FF4202234884-FollowerState: change to CANDIDATE, lastRpcTime:26ms, electionTimeout:26ms
2019-10-18 13:01:21,723 [Thread-386] INFO  impl.RoleInfo (RoleInfo.java:shutdownFollowerState(121)) - 999343e7-0330-4874-a345-91eca72585e0: shutdown FollowerState
2019-10-18 13:01:21,723 [Thread-386] INFO  impl.RaftServerImpl (RaftServerImpl.java:setRole(184)) - 999343e7-0330-4874-a345-91eca72585e0@group-FF4202234884: changes role from  FOLLOWER to CANDIDATE at term 0 for changeToCandidate
2019-10-18 13:01:21,723 [Thread-386] INFO  impl.RoleInfo (RoleInfo.java:updateAndGet(143)) - 999343e7-0330-4874-a345-91eca72585e0: start LeaderElection
2019-10-18 13:01:21,727 [RatisPipelineUtilsThread] INFO  pipeline.PipelineStateManager (PipelineStateManager.java:addPipeline(56)) - Created pipeline Pipeline[ Id: a42bae93-4c5d-4627-9bb4-ff4202234884, Nodes: c124d131-afb9-4343-ad4e-aaebde613043{ip: 192.168.34.56, host: pr-hdds-2330-xmbvw-1183399999, networkLocation: /default-rack, certSerialId: null}e5bb327f-cdd7-4e49-919e-13a4c895fddf{ip: 192.168.34.56, host: pr-hdds-2330-xmbvw-1183399999, networkLocation: /default-rack, certSerialId: null}999343e7-0330-4874-a345-91eca72585e0{ip: 192.168.34.56, host: pr-hdds-2330-xmbvw-1183399999, networkLocation: /default-rack, certSerialId: null}, Type:RATIS, Factor:THREE, State:OPEN]
2019-10-18 13:01:21,734 [018b3f78-d19f-4e26-a796-cb8ddc4f97cf@group-187684C21557-LeaderElection15] INFO  impl.LeaderElection (LeaderElection.java:logAndReturn(56)) - 018b3f78-d19f-4e26-a796-cb8ddc4f97cf@group-187684C21557-LeaderElection15: Election TIMEOUT; received 1 response(s) [018b3f78-d19f-4e26-a796-cb8ddc4f97cf<-8697df36-98d2-41b1-bdc7-60597b3b5526#0:FAIL-t1] and 0 exception(s); 018b3f78-d19f-4e26-a796-cb8ddc4f97cf@group-187684C21557:t1, leader=null, voted=018b3f78-d19f-4e26-a796-cb8ddc4f97cf, raftlog=018b3f78-d19f-4e26-a796-cb8ddc4f97cf@group-187684C21557-SegmentedRaftLog:OPENED:c-1,f-1,i0, conf=-1: [893cf03e-f2cf-478a-892a-a746717e50e3:192.168.34.56:40750, 8697df36-98d2-41b1-bdc7-60597b3b5526:192.168.34.56:46415, 018b3f78-d19f-4e26-a796-cb8ddc4f97cf:192.168.34.56:35845], old=null
2019-10-18 13:01:21,771 [893cf03e-f2cf-478a-892a-a746717e50e3@group-187684C21557-LeaderElection17] INFO  impl.LeaderElection (LeaderElection.java:askForVotes(178)) - 893cf03e-f2cf-478a-892a-a746717e50e3@group-187684C21557-LeaderElection17: begin an election at term 1 for -1: [893cf03e-f2cf-478a-892a-a746717e50e3:192.168.34.56:40750, 8697df36-98d2-41b1-bdc7-60597b3b5526:192.168.34.56:46415, 018b3f78-d19f-4e26-a796-cb8ddc4f97cf:192.168.34.56:35845], old=null
2019-10-18 13:01:21,771 [896cef04-248b-470f-8c5c-c9acb81bb157@group-08BD6F798C58-LeaderElection18] INFO  impl.LeaderElection (LeaderElection.java:askForVotes(178)) - 896cef04-248b-470f-8c5c-c9acb81bb157@group-08BD6F798C58-LeaderElection18: begin an election at term 3 for -1: [17618ccc-f51c-4f14-92cf-842ef2c05e35:192.168.34.56:38851, 896cef04-248b-470f-8c5c-c9acb81bb157:192.168.34.56:37940, 32d97539-eb73-46c6-a759-05f11ff00f4c:192.168.34.56:35929], old=null
2019-10-18 13:01:21,783 [Thread-391] INFO  impl.FollowerState (FollowerState.java:run(108)) - c124d131-afb9-4343-ad4e-aaebde613043@group-FF4202234884-FollowerState: change to CANDIDATE, lastRpcTime:68ms, electionTimeout:65ms
2019-10-18 13:01:21,785 [Thread-391] INFO  impl.RoleInfo (RoleInfo.java:shutdownFollowerState(121)) - c124d131-afb9-4343-ad4e-aaebde613043: shutdown FollowerState
2019-10-18 13:01:21,786 [Thread-391] INFO  impl.RaftServerImpl (RaftServerImpl.java:setRole(184)) - c124d131-afb9-4343-ad4e-aaebde613043@group-FF4202234884: changes role from  FOLLOWER to CANDIDATE at term 0 for changeToCandidate
2019-10-18 13:01:21,787 [Thread-391] INFO  impl.RoleInfo (RoleInfo.java:updateAndGet(143)) - c124d131-afb9-4343-ad4e-aaebde613043: start LeaderElection
2019-10-18 13:01:21,788 [896cef04-248b-470f-8c5c-c9acb81bb157@group-08BD6F798C58-LeaderElection18] INFO  impl.LeaderElection (LeaderElection.java:logAndReturn(56)) - 896cef04-248b-470f-8c5c-c9acb81bb157@group-08BD6F798C58-LeaderElection18: Election TIMEOUT; received 0 response(s) [] and 0 exception(s); 896cef04-248b-470f-8c5c-c9acb81bb157@group-08BD6F798C58:t3, leader=null, voted=896cef04-248b-470f-8c5c-c9acb81bb157, raftlog=896cef04-248b-470f-8c5c-c9acb81bb157@group-08BD6F798C58-SegmentedRaftLog:OPENED:c-1,f-1,i0, conf=-1: [17618ccc-f51c-4f14-92cf-842ef2c05e35:192.168.34.56:38851, 896cef04-248b-470f-8c5c-c9acb81bb157:192.168.34.56:37940, 32d97539-eb73-46c6-a759-05f11ff00f4c:192.168.34.56:35929], old=null
2019-10-18 13:01:21,798 [32d97539-eb73-46c6-a759-05f11ff00f4c@group-08BD6F798C58-LeaderElection12] INFO  impl.LeaderElection (LeaderElection.java:logAndReturn(56)) - 32d97539-eb73-46c6-a759-05f11ff00f4c@group-08BD6F798C58-LeaderElection12: Election REJECTED; received 2 response(s) [32d97539-eb73-46c6-a759-05f11ff00f4c<-17618ccc-f51c-4f14-92cf-842ef2c05e35#0:FAIL-t3, 32d97539-eb73-46c6-a759-05f11ff00f4c<-896cef04-248b-470f-8c5c-c9acb81bb157#0:FAIL-t3] and 0 exception(s); 32d97539-eb73-46c6-a759-05f11ff00f4c@group-08BD6F798C58:t3, leader=null, voted=32d97539-eb73-46c6-a759-05f11ff00f4c, raftlog=32d97539-eb73-46c6-a759-05f11ff00f4c@group-08BD6F798C58-SegmentedRaftLog:OPENED:c-1,f-1,i0, conf=-1: [17618ccc-f51c-4f14-92cf-842ef2c05e35:192.168.34.56:38851, 896cef04-248b-470f-8c5c-c9acb81bb157:192.168.34.56:37940, 32d97539-eb73-46c6-a759-05f11ff00f4c:192.168.34.56:35929], old=null
2019-10-18 13:01:21,798 [32d97539-eb73-46c6-a759-05f11ff00f4c@group-08BD6F798C58-LeaderElection12] INFO  impl.RaftServerImpl (RaftServerImpl.java:setRole(184)) - 32d97539-eb73-46c6-a759-05f11ff00f4c@group-08BD6F798C58: changes role from CANDIDATE to FOLLOWER at term 3 for DISCOVERED_A_NEW_TERM
2019-10-18 13:01:21,798 [32d97539-eb73-46c6-a759-05f11ff00f4c@group-08BD6F798C58-LeaderElection12] INFO  impl.RoleInfo (RoleInfo.java:shutdownLeaderElection(134)) - 32d97539-eb73-46c6-a759-05f11ff00f4c: shutdown LeaderElection
2019-10-18 13:01:21,798 [32d97539-eb73-46c6-a759-05f11ff00f4c@group-08BD6F798C58-LeaderElection12] INFO  impl.RoleInfo (RoleInfo.java:updateAndGet(143)) - 32d97539-eb73-46c6-a759-05f11ff00f4c: start FollowerState
2019-10-18 13:01:21,863 [Thread-390] INFO  impl.FollowerState (FollowerState.java:run(108)) - e5bb327f-cdd7-4e49-919e-13a4c895fddf@group-FF4202234884-FollowerState: change to CANDIDATE, lastRpcTime:148ms, electionTimeout:148ms
2019-10-18 13:01:21,871 [8697df36-98d2-41b1-bdc7-60597b3b5526@group-187684C21557-LeaderElection14] INFO  impl.LeaderElection (LeaderElection.java:askForVotes(178)) - 8697df36-98d2-41b1-bdc7-60597b3b5526@group-187684C21557-LeaderElection14: begin an election at term 2 for -1: [893cf03e-f2cf-478a-892a-a746717e50e3:192.168.34.56:40750, 8697df36-98d2-41b1-bdc7-60597b3b5526:192.168.34.56:46415, 018b3f78-d19f-4e26-a796-cb8ddc4f97cf:192.168.34.56:35845], old=null
2019-10-18 13:01:21,871 [Thread-390] INFO  impl.RoleInfo (RoleInfo.java:shutdownFollowerState(121)) - e5bb327f-cdd7-4e49-919e-13a4c895fddf: shutdown FollowerState
2019-10-18 13:01:21,871 [999343e7-0330-4874-a345-91eca72585e0@group-FF4202234884-LeaderElection19] INFO  impl.LeaderElection (LeaderElection.java:askForVotes(178)) - 999343e7-0330-4874-a345-91eca72585e0@group-FF4202234884-LeaderElection19: begin an election at term 1 for -1: [999343e7-0330-4874-a345-91eca72585e0:192.168.34.56:44872, c124d131-afb9-4343-ad4e-aaebde613043:192.168.34.56:42116, e5bb327f-cdd7-4e49-919e-13a4c895fddf:192.168.34.56:36658], old=null
2019-10-18 13:01:21,871 [17618ccc-f51c-4f14-92cf-842ef2c05e35@group-08BD6F798C58-LeaderElection16] INFO  impl.LeaderElection (LeaderElection.java:askForVotes(178)) - 17618ccc-f51c-4f14-92cf-842ef2c05e35@group-08BD6F798C58-LeaderElection16: begin an election at term 4 for -1: [17618ccc-f51c-4f14-92cf-842ef2c05e35:192.168.34.56:38851, 896cef04-248b-470f-8c5c-c9acb81bb157:192.168.34.56:37940, 32d97539-eb73-46c6-a759-05f11ff00f4c:192.168.34.56:35929], old=null
2019-10-18 13:01:21,871 [Thread-390] INFO  impl.RaftServerImpl (RaftServerImpl.java:setRole(184)) - e5bb327f-cdd7-4e49-919e-13a4c895fddf@group-FF4202234884: changes role from  FOLLOWER to CANDIDATE at term 0 for changeToCandidate
2019-10-18 13:01:21,872 [Thread-390] INFO  impl.RoleInfo (RoleInfo.java:updateAndGet(143)) - e5bb327f-cdd7-4e49-919e-13a4c895fddf: start LeaderElection
2019-10-18 13:01:21,897 [Thread-400] INFO  impl.FollowerState (FollowerState.java:run(108)) - 32d97539-eb73-46c6-a759-05f11ff00f4c@group-08BD6F798C58-FollowerState: change to CANDIDATE, lastRpcTime:98ms, electionTimeout:88ms
2019-10-18 13:01:21,897 [Thread-400] INFO  impl.RoleInfo (RoleInfo.java:shutdownFollowerState(121)) - 32d97539-eb73-46c6-a759-05f11ff00f4c: shutdown FollowerState
2019-10-18 13:01:21,897 [Thread-400] INFO  impl.RaftServerImpl (RaftServerImpl.java:setRole(184)) - 32d97539-eb73-46c6-a759-05f11ff00f4c@group-08BD6F798C58: changes role from  FOLLOWER to CANDIDATE at term 3 for changeToCandidate
2019-10-18 13:01:21,897 [Thread-400] INFO  impl.RoleInfo (RoleInfo.java:updateAndGet(143)) - 32d97539-eb73-46c6-a759-05f11ff00f4c: start LeaderElection
2019-10-18 13:01:21,910 [893cf03e-f2cf-478a-892a-a746717e50e3@group-187684C21557-LeaderElection17] INFO  impl.LeaderElection (LeaderElection.java:logAndReturn(56)) - 893cf03e-f2cf-478a-892a-a746717e50e3@group-187684C21557-LeaderElection17: Election DISCOVERED_A_NEW_TERM; received 1 response(s) [893cf03e-f2cf-478a-892a-a746717e50e3<-8697df36-98d2-41b1-bdc7-60597b3b5526#0:FAIL-t2] and 0 exception(s); 893cf03e-f2cf-478a-892a-a746717e50e3@group-187684C21557:t1, leader=null, voted=893cf03e-f2cf-478a-892a-a746717e50e3, raftlog=893cf03e-f2cf-478a-892a-a746717e50e3@group-187684C21557-SegmentedRaftLog:OPENED:c-1,f-1,i0, conf=-1: [893cf03e-f2cf-478a-892a-a746717e50e3:192.168.34.56:40750, 8697df36-98d2-41b1-bdc7-60597b3b5526:192.168.34.56:46415, 018b3f78-d19f-4e26-a796-cb8ddc4f97cf:192.168.34.56:35845], old=null
2019-10-18 13:01:21,910 [893cf03e-f2cf-478a-892a-a746717e50e3@group-187684C21557-LeaderElection17] INFO  impl.RaftServerImpl (RaftServerImpl.java:setRole(184)) - 893cf03e-f2cf-478a-892a-a746717e50e3@group-187684C21557: changes role from CANDIDATE to FOLLOWER at term 2 for DISCOVERED_A_NEW_TERM
2019-10-18 13:01:21,925 [893cf03e-f2cf-478a-892a-a746717e50e3@group-187684C21557-LeaderElection17] INFO  impl.RoleInfo (RoleInfo.java:shutdownLeaderElection(134)) - 893cf03e-f2cf-478a-892a-a746717e50e3: shutdown LeaderElection
2019-10-18 13:01:21,925 [893cf03e-f2cf-478a-892a-a746717e50e3@group-187684C21557-LeaderElection17] INFO  impl.RoleInfo (RoleInfo.java:updateAndGet(143)) - 893cf03e-f2cf-478a-892a-a746717e50e3: start FollowerState
2019-10-18 13:01:21,930 [17618ccc-f51c-4f14-92cf-842ef2c05e35@group-08BD6F798C58-LeaderElection16] INFO  impl.LeaderElection (LeaderElection.java:logAndReturn(56)) - 17618ccc-f51c-4f14-92cf-842ef2c05e35@group-08BD6F798C58-LeaderElection16: Election TIMEOUT; received 0 response(s) [] and 0 exception(s); 17618ccc-f51c-4f14-92cf-842ef2c05e35@group-08BD6F798C58:t4, leader=null, voted=17618ccc-f51c-4f14-92cf-842ef2c05e35, raftlog=17618ccc-f51c-4f14-92cf-842ef2c05e35@group-08BD6F798C58-SegmentedRaftLog:OPENED:c-1,f-1,i0, conf=-1: [17618ccc-f51c-4f14-92cf-842ef2c05e35:192.168.34.56:38851, 896cef04-248b-470f-8c5c-c9acb81bb157:192.168.34.56:37940, 32d97539-eb73-46c6-a759-05f11ff00f4c:192.168.34.56:35929], old=null
2019-10-18 13:01:21,938 [999343e7-0330-4874-a345-91eca72585e0@group-FF4202234884-LeaderElection19] INFO  impl.LeaderElection (LeaderElection.java:logAndReturn(56)) - 999343e7-0330-4874-a345-91eca72585e0@group-FF4202234884-LeaderElection19: Election TIMEOUT; received 0 response(s) [] and 0 exception(s); 999343e7-0330-4874-a345-91eca72585e0@group-FF4202234884:t1, leader=null, voted=999343e7-0330-4874-a345-91eca72585e0, raftlog=999343e7-0330-4874-a345-91eca72585e0@group-FF4202234884-SegmentedRaftLog:OPENED:c-1,f-1,i0, conf=-1: [999343e7-0330-4874-a345-91eca72585e0:192.168.34.56:44872, c124d131-afb9-4343-ad4e-aaebde613043:192.168.34.56:42116, e5bb327f-cdd7-4e49-919e-13a4c895fddf:192.168.34.56:36658], old=null
2019-10-18 13:01:21,947 [main] INFO  impl.MetricsSystemImpl (MetricsSystemImpl.java:init(158)) - XceiverClientMetrics metrics system started (again)
2019-10-18 13:01:21,983 [018b3f78-d19f-4e26-a796-cb8ddc4f97cf@group-187684C21557-LeaderElection15] INFO  impl.LeaderElection (LeaderElection.java:askForVotes(178)) - 018b3f78-d19f-4e26-a796-cb8ddc4f97cf@group-187684C21557-LeaderElection15: begin an election at term 2 for -1: [893cf03e-f2cf-478a-892a-a746717e50e3:192.168.34.56:40750, 8697df36-98d2-41b1-bdc7-60597b3b5526:192.168.34.56:46415, 018b3f78-d19f-4e26-a796-cb8ddc4f97cf:192.168.34.56:35845], old=null
2019-10-18 13:01:21,983 [896cef04-248b-470f-8c5c-c9acb81bb157@group-08BD6F798C58-LeaderElection18] INFO  impl.LeaderElection (LeaderElection.java:askForVotes(178)) - 896cef04-248b-470f-8c5c-c9acb81bb157@group-08BD6F798C58-LeaderElection18: begin an election at term 4 for -1: [17618ccc-f51c-4f14-92cf-842ef2c05e35:192.168.34.56:38851, 896cef04-248b-470f-8c5c-c9acb81bb157:192.168.34.56:37940, 32d97539-eb73-46c6-a759-05f11ff00f4c:192.168.34.56:35929], old=null
2019-10-18 13:01:21,983 [c124d131-afb9-4343-ad4e-aaebde613043@group-FF4202234884-LeaderElection20] INFO  impl.LeaderElection (LeaderElection.java:askForVotes(178)) - c124d131-afb9-4343-ad4e-aaebde613043@group-FF4202234884-LeaderElection20: begin an election at term 1 for -1: [999343e7-0330-4874-a345-91eca72585e0:192.168.34.56:44872, c124d131-afb9-4343-ad4e-aaebde613043:192.168.34.56:42116, e5bb327f-cdd7-4e49-919e-13a4c895fddf:192.168.34.56:36658], old=null
2019-10-18 13:01:22,002 [c124d131-afb9-4343-ad4e-aaebde613043@group-FF4202234884-LeaderElection20] INFO  impl.LeaderElection (LeaderElection.java:logAndReturn(56)) - c124d131-afb9-4343-ad4e-aaebde613043@group-FF4202234884-LeaderElection20: Election TIMEOUT; received 0 response(s) [] and 0 exception(s); c124d131-afb9-4343-ad4e-aaebde613043@group-FF4202234884:t1, leader=null, voted=c124d131-afb9-4343-ad4e-aaebde613043, raftlog=c124d131-afb9-4343-ad4e-aaebde613043@group-FF4202234884-SegmentedRaftLog:OPENED:c-1,f-1,i0, conf=-1: [999343e7-0330-4874-a345-91eca72585e0:192.168.34.56:44872, c124d131-afb9-4343-ad4e-aaebde613043:192.168.34.56:42116, e5bb327f-cdd7-4e49-919e-13a4c895fddf:192.168.34.56:36658], old=null
2019-10-18 13:01:22,060 [8697df36-98d2-41b1-bdc7-60597b3b5526@group-187684C21557-LeaderElection14] INFO  impl.LeaderElection (LeaderElection.java:logAndReturn(56)) - 8697df36-98d2-41b1-bdc7-60597b3b5526@group-187684C21557-LeaderElection14: Election TIMEOUT; received 1 response(s) [8697df36-98d2-41b1-bdc7-60597b3b5526<-018b3f78-d19f-4e26-a796-cb8ddc4f97cf#0:FAIL-t2] and 0 exception(s); 8697df36-98d2-41b1-bdc7-60597b3b5526@group-187684C21557:t2, leader=null, voted=8697df36-98d2-41b1-bdc7-60597b3b5526, raftlog=8697df36-98d2-41b1-bdc7-60597b3b5526@group-187684C21557-SegmentedRaftLog:OPENED:c-1,f-1,i0, conf=-1: [893cf03e-f2cf-478a-892a-a746717e50e3:192.168.34.56:40750, 8697df36-98d2-41b1-bdc7-60597b3b5526:192.168.34.56:46415, 018b3f78-d19f-4e26-a796-cb8ddc4f97cf:192.168.34.56:35845], old=null
2019-10-18 13:01:22,085 [999343e7-0330-4874-a345-91eca72585e0@group-FF4202234884-LeaderElection19] INFO  impl.LeaderElection (LeaderElection.java:askForVotes(178)) - 999343e7-0330-4874-a345-91eca72585e0@group-FF4202234884-LeaderElection19: begin an election at term 2 for -1: [999343e7-0330-4874-a345-91eca72585e0:192.168.34.56:44872, c124d131-afb9-4343-ad4e-aaebde613043:192.168.34.56:42116, e5bb327f-cdd7-4e49-919e-13a4c895fddf:192.168.34.56:36658], old=null
2019-10-18 13:01:22,085 [Thread-409] INFO  impl.FollowerState (FollowerState.java:run(108)) - 893cf03e-f2cf-478a-892a-a746717e50e3@group-187684C21557-FollowerState: change to CANDIDATE, lastRpcTime:160ms, electionTimeout:151ms
2019-10-18 13:01:22,085 [17618ccc-f51c-4f14-92cf-842ef2c05e35@group-08BD6F798C58-LeaderElection16] INFO  impl.LeaderElection (LeaderElection.java:askForVotes(178)) - 17618ccc-f51c-4f14-92cf-842ef2c05e35@group-08BD6F798C58-LeaderElection16: begin an election at term 5 for -1: [17618ccc-f51c-4f14-92cf-842ef2c05e35:192.168.34.56:38851, 896cef04-248b-470f-8c5c-c9acb81bb157:192.168.34.56:37940, 32d97539-eb73-46c6-a759-05f11ff00f4c:192.168.34.56:35929], old=null
2019-10-18 13:01:22,089 [Thread-409] INFO  impl.RoleInfo (RoleInfo.java:shutdownFollowerState(121)) - 893cf03e-f2cf-478a-892a-a746717e50e3: shutdown FollowerState
2019-10-18 13:01:22,085 [32d97539-eb73-46c6-a759-05f11ff00f4c@group-08BD6F798C58-LeaderElection22] INFO  impl.LeaderElection (LeaderElection.java:askForVotes(178)) - 32d97539-eb73-46c6-a759-05f11ff00f4c@group-08BD6F798C58-LeaderElection22: begin an election at term 4 for -1: [17618ccc-f51c-4f14-92cf-842ef2c05e35:192.168.34.56:38851, 896cef04-248b-470f-8c5c-c9acb81bb157:192.168.34.56:37940, 32d97539-eb73-46c6-a759-05f11ff00f4c:192.168.34.56:35929], old=null
2019-10-18 13:01:22,085 [e5bb327f-cdd7-4e49-919e-13a4c895fddf@group-FF4202234884-LeaderElection21] INFO  impl.LeaderElection (LeaderElection.java:askForVotes(178)) - e5bb327f-cdd7-4e49-919e-13a4c895fddf@group-FF4202234884-LeaderElection21: begin an election at term 1 for -1: [999343e7-0330-4874-a345-91eca72585e0:192.168.34.56:44872, c124d131-afb9-4343-ad4e-aaebde613043:192.168.34.56:42116, e5bb327f-cdd7-4e49-919e-13a4c895fddf:192.168.34.56:36658], old=null
2019-10-18 13:01:22,090 [Thread-409] INFO  impl.RaftServerImpl (RaftServerImpl.java:setRole(184)) - 893cf03e-f2cf-478a-892a-a746717e50e3@group-187684C21557: changes role from  FOLLOWER to CANDIDATE at term 2 for changeToCandidate
2019-10-18 13:01:22,092 [Thread-409] INFO  impl.RoleInfo (RoleInfo.java:updateAndGet(143)) - 893cf03e-f2cf-478a-892a-a746717e50e3: start LeaderElection
2019-10-18 13:01:22,094 [grpc-default-executor-5] INFO  impl.RaftServerImpl (RaftServerImpl.java:setRole(184)) - 893cf03e-f2cf-478a-892a-a746717e50e3@group-187684C21557: changes role from CANDIDATE to FOLLOWER at term 2 for recognizeCandidate:018b3f78-d19f-4e26-a796-cb8ddc4f97cf
2019-10-18 13:01:22,095 [grpc-default-executor-5] INFO  impl.RoleInfo (RoleInfo.java:shutdownLeaderElection(134)) - 893cf03e-f2cf-478a-892a-a746717e50e3: shutdown LeaderElection
2019-10-18 13:01:22,097 [grpc-default-executor-5] INFO  impl.RoleInfo (RoleInfo.java:updateAndGet(143)) - 893cf03e-f2cf-478a-892a-a746717e50e3: start FollowerState
2019-10-18 13:01:22,099 [grpc-default-executor-0] INFO  impl.RaftServerImpl (RaftServerImpl.java:setRole(184)) - 893cf03e-f2cf-478a-892a-a746717e50e3@group-187684C21557: changes role from  FOLLOWER to FOLLOWER at term 2 for recognizeCandidate:8697df36-98d2-41b1-bdc7-60597b3b5526
2019-10-18 13:01:22,099 [grpc-default-executor-0] INFO  impl.RoleInfo (RoleInfo.java:shutdownFollowerState(121)) - 893cf03e-f2cf-478a-892a-a746717e50e3: shutdown FollowerState
2019-10-18 13:01:22,101 [grpc-default-executor-0] INFO  impl.RoleInfo (RoleInfo.java:updateAndGet(143)) - 893cf03e-f2cf-478a-892a-a746717e50e3: start FollowerState
2019-10-18 13:01:22,104 [896cef04-248b-470f-8c5c-c9acb81bb157@group-08BD6F798C58-LeaderElection18] INFO  impl.LeaderElection (LeaderElection.java:logAndReturn(56)) - 896cef04-248b-470f-8c5c-c9acb81bb157@group-08BD6F798C58-LeaderElection18: Election DISCOVERED_A_NEW_TERM; received 2 response(s) [896cef04-248b-470f-8c5c-c9acb81bb157<-17618ccc-f51c-4f14-92cf-842ef2c05e35#0:FAIL-t5, 896cef04-248b-470f-8c5c-c9acb81bb157<-32d97539-eb73-46c6-a759-05f11ff00f4c#0:FAIL-t4] and 0 exception(s); 896cef04-248b-470f-8c5c-c9acb81bb157@group-08BD6F798C58:t4, leader=null, voted=896cef04-248b-470f-8c5c-c9acb81bb157, raftlog=896cef04-248b-470f-8c5c-c9acb81bb157@group-08BD6F798C58-SegmentedRaftLog:OPENED:c-1,f-1,i0, conf=-1: [17618ccc-f51c-4f14-92cf-842ef2c05e35:192.168.34.56:38851, 896cef04-248b-470f-8c5c-c9acb81bb157:192.168.34.56:37940, 32d97539-eb73-46c6-a759-05f11ff00f4c:192.168.34.56:35929], old=null
2019-10-18 13:01:22,104 [896cef04-248b-470f-8c5c-c9acb81bb157@group-08BD6F798C58-LeaderElection18] INFO  impl.RaftServerImpl (RaftServerImpl.java:setRole(184)) - 896cef04-248b-470f-8c5c-c9acb81bb157@group-08BD6F798C58: changes role from CANDIDATE to FOLLOWER at term 5 for DISCOVERED_A_NEW_TERM
2019-10-18 13:01:22,105 [896cef04-248b-470f-8c5c-c9acb81bb157@group-08BD6F798C58-LeaderElection18] INFO  impl.RoleInfo (RoleInfo.java:shutdownLeaderElection(134)) - 896cef04-248b-470f-8c5c-c9acb81bb157: shutdown LeaderElection
2019-10-18 13:01:22,108 [896cef04-248b-470f-8c5c-c9acb81bb157@group-08BD6F798C58-LeaderElection18] INFO  impl.RoleInfo (RoleInfo.java:updateAndGet(143)) - 896cef04-248b-470f-8c5c-c9acb81bb157: start FollowerState
2019-10-18 13:01:22,112 [grpc-default-executor-5] INFO  impl.RaftServerImpl (RaftServerImpl.java:setRole(184)) - 32d97539-eb73-46c6-a759-05f11ff00f4c@group-08BD6F798C58: changes role from CANDIDATE to FOLLOWER at term 5 for recognizeCandidate:17618ccc-f51c-4f14-92cf-842ef2c05e35
2019-10-18 13:01:22,114 [grpc-default-executor-5] INFO  impl.RoleInfo (RoleInfo.java:shutdownLeaderElection(134)) - 32d97539-eb73-46c6-a759-05f11ff00f4c: shutdown LeaderElection
2019-10-18 13:01:22,115 [grpc-default-executor-5] INFO  impl.RoleInfo (RoleInfo.java:updateAndGet(143)) - 32d97539-eb73-46c6-a759-05f11ff00f4c: start FollowerState
2019-10-18 13:01:22,119 [grpc-default-executor-7] INFO  impl.RaftServerImpl (RaftServerImpl.java:setRole(184)) - e5bb327f-cdd7-4e49-919e-13a4c895fddf@group-FF4202234884: changes role from CANDIDATE to FOLLOWER at term 2 for recognizeCandidate:999343e7-0330-4874-a345-91eca72585e0
2019-10-18 13:01:22,120 [grpc-default-executor-7] INFO  impl.RoleInfo (RoleInfo.java:shutdownLeaderElection(134)) - e5bb327f-cdd7-4e49-919e-13a4c895fddf: shutdown LeaderElection
2019-10-18 13:01:22,120 [grpc-default-executor-7] INFO  impl.RoleInfo (RoleInfo.java:updateAndGet(143)) - e5bb327f-cdd7-4e49-919e-13a4c895fddf: start FollowerState
2019-10-18 13:01:22,126 [018b3f78-d19f-4e26-a796-cb8ddc4f97cf@group-187684C21557-LeaderElection15] INFO  impl.LeaderElection (LeaderElection.java:logAndReturn(56)) - 018b3f78-d19f-4e26-a796-cb8ddc4f97cf@group-187684C21557-LeaderElection15: Election REJECTED; received 2 response(s) [018b3f78-d19f-4e26-a796-cb8ddc4f97cf<-893cf03e-f2cf-478a-892a-a746717e50e3#0:FAIL-t2, 018b3f78-d19f-4e26-a796-cb8ddc4f97cf<-8697df36-98d2-41b1-bdc7-60597b3b5526#0:FAIL-t2] and 0 exception(s); 018b3f78-d19f-4e26-a796-cb8ddc4f97cf@group-187684C21557:t2, leader=null, voted=018b3f78-d19f-4e26-a796-cb8ddc4f97cf, raftlog=018b3f78-d19f-4e26-a796-cb8ddc4f97cf@group-187684C21557-SegmentedRaftLog:OPENED:c-1,f-1,i0, conf=-1: [893cf03e-f2cf-478a-892a-a746717e50e3:192.168.34.56:40750, 8697df36-98d2-41b1-bdc7-60597b3b5526:192.168.34.56:46415, 018b3f78-d19f-4e26-a796-cb8ddc4f97cf:192.168.34.56:35845], old=null
2019-10-18 13:01:22,126 [018b3f78-d19f-4e26-a796-cb8ddc4f97cf@group-187684C21557-LeaderElection15] INFO  impl.RaftServerImpl (RaftServerImpl.java:setRole(184)) - 018b3f78-d19f-4e26-a796-cb8ddc4f97cf@group-187684C21557: changes role from CANDIDATE to FOLLOWER at term 2 for DISCOVERED_A_NEW_TERM
2019-10-18 13:01:22,127 [018b3f78-d19f-4e26-a796-cb8ddc4f97cf@group-187684C21557-LeaderElection15] INFO  impl.RoleInfo (RoleInfo.java:shutdownLeaderElection(134)) - 018b3f78-d19f-4e26-a796-cb8ddc4f97cf: shutdown LeaderElection
2019-10-18 13:01:22,127 [018b3f78-d19f-4e26-a796-cb8ddc4f97cf@group-187684C21557-LeaderElection15] INFO  impl.RoleInfo (RoleInfo.java:updateAndGet(143)) - 018b3f78-d19f-4e26-a796-cb8ddc4f97cf: start FollowerState
2019-10-18 13:01:22,130 [999343e7-0330-4874-a345-91eca72585e0@group-FF4202234884-LeaderElection19] INFO  impl.LeaderElection (LeaderElection.java:logAndReturn(56)) - 999343e7-0330-4874-a345-91eca72585e0@group-FF4202234884-LeaderElection19: Election TIMEOUT; received 0 response(s) [] and 0 exception(s); 999343e7-0330-4874-a345-91eca72585e0@group-FF4202234884:t2, leader=null, voted=999343e7-0330-4874-a345-91eca72585e0, raftlog=999343e7-0330-4874-a345-91eca72585e0@group-FF4202234884-SegmentedRaftLog:OPENED:c-1,f-1,i0, conf=-1: [999343e7-0330-4874-a345-91eca72585e0:192.168.34.56:44872, c124d131-afb9-4343-ad4e-aaebde613043:192.168.34.56:42116, e5bb327f-cdd7-4e49-919e-13a4c895fddf:192.168.34.56:36658], old=null
2019-10-18 13:01:22,135 [32d97539-eb73-46c6-a759-05f11ff00f4c@group-08BD6F798C58-LeaderElection22] INFO  impl.LeaderElection (LeaderElection.java:logAndReturn(56)) - 32d97539-eb73-46c6-a759-05f11ff00f4c@group-08BD6F798C58-LeaderElection22: Election DISCOVERED_A_NEW_TERM; received 1 response(s) [32d97539-eb73-46c6-a759-05f11ff00f4c<-17618ccc-f51c-4f14-92cf-842ef2c05e35#0:FAIL-t5] and 0 exception(s); 32d97539-eb73-46c6-a759-05f11ff00f4c@group-08BD6F798C58:t5, leader=null, voted=null, raftlog=32d97539-eb73-46c6-a759-05f11ff00f4c@group-08BD6F798C58-SegmentedRaftLog:OPENED:c-1,f-1,i0, conf=-1: [17618ccc-f51c-4f14-92cf-842ef2c05e35:192.168.34.56:38851, 896cef04-248b-470f-8c5c-c9acb81bb157:192.168.34.56:37940, 32d97539-eb73-46c6-a759-05f11ff00f4c:192.168.34.56:35929], old=null
2019-10-18 13:01:22,141 [Thread-431] INFO  impl.FollowerState (FollowerState.java:run(108)) - 018b3f78-d19f-4e26-a796-cb8ddc4f97cf@group-187684C21557-FollowerState: change to CANDIDATE, lastRpcTime:13ms, electionTimeout:12ms
2019-10-18 13:01:22,142 [Thread-431] INFO  impl.RoleInfo (RoleInfo.java:shutdownFollowerState(121)) - 018b3f78-d19f-4e26-a796-cb8ddc4f97cf: shutdown FollowerState
2019-10-18 13:01:22,142 [Thread-431] INFO  impl.RaftServerImpl (RaftServerImpl.java:setRole(184)) - 018b3f78-d19f-4e26-a796-cb8ddc4f97cf@group-187684C21557: changes role from  FOLLOWER to CANDIDATE at term 2 for changeToCandidate
2019-10-18 13:01:22,142 [Thread-431] INFO  impl.RoleInfo (RoleInfo.java:updateAndGet(143)) - 018b3f78-d19f-4e26-a796-cb8ddc4f97cf: start LeaderElection
2019-10-18 13:01:22,172 [e5bb327f-cdd7-4e49-919e-13a4c895fddf@group-FF4202234884-LeaderElection21] INFO  impl.LeaderElection (LeaderElection.java:logAndReturn(56)) - e5bb327f-cdd7-4e49-919e-13a4c895fddf@group-FF4202234884-LeaderElection21: Election REJECTED; received 0 response(s) [] and 0 exception(s); e5bb327f-cdd7-4e49-919e-13a4c895fddf@group-FF4202234884:t2, leader=null, voted=null, raftlog=e5bb327f-cdd7-4e49-919e-13a4c895fddf@group-FF4202234884-SegmentedRaftLog:OPENED:c-1,f-1,i0, conf=-1: [999343e7-0330-4874-a345-91eca72585e0:192.168.34.56:44872, c124d131-afb9-4343-ad4e-aaebde613043:192.168.34.56:42116, e5bb327f-cdd7-4e49-919e-13a4c895fddf:192.168.34.56:36658], old=null
2019-10-18 13:01:22,182 [c124d131-afb9-4343-ad4e-aaebde613043@group-FF4202234884-LeaderElection20] INFO  impl.LeaderElection (LeaderElection.java:askForVotes(178)) - c124d131-afb9-4343-ad4e-aaebde613043@group-FF4202234884-LeaderElection20: begin an election at term 2 for -1: [999343e7-0330-4874-a345-91eca72585e0:192.168.34.56:44872, c124d131-afb9-4343-ad4e-aaebde613043:192.168.34.56:42116, e5bb327f-cdd7-4e49-919e-13a4c895fddf:192.168.34.56:36658], old=null
2019-10-18 13:01:22,187 [17618ccc-f51c-4f14-92cf-842ef2c05e35@group-08BD6F798C58-LeaderElection16] INFO  impl.LeaderElection (LeaderElection.java:logAndReturn(56)) - 17618ccc-f51c-4f14-92cf-842ef2c05e35@group-08BD6F798C58-LeaderElection16: Election TIMEOUT; received 0 response(s) [] and 0 exception(s); 17618ccc-f51c-4f14-92cf-842ef2c05e35@group-08BD6F798C58:t5, leader=null, voted=17618ccc-f51c-4f14-92cf-842ef2c05e35, raftlog=17618ccc-f51c-4f14-92cf-842ef2c05e35@group-08BD6F798C58-SegmentedRaftLog:OPENED:c-1,f-1,i0, conf=-1: [17618ccc-f51c-4f14-92cf-842ef2c05e35:192.168.34.56:38851, 896cef04-248b-470f-8c5c-c9acb81bb157:192.168.34.56:37940, 32d97539-eb73-46c6-a759-05f11ff00f4c:192.168.34.56:35929], old=null
2019-10-18 13:01:22,248 [c124d131-afb9-4343-ad4e-aaebde613043@group-FF4202234884-LeaderElection20] INFO  impl.LeaderElection (LeaderElection.java:logAndReturn(56)) - c124d131-afb9-4343-ad4e-aaebde613043@group-FF4202234884-LeaderElection20: Election TIMEOUT; received 0 response(s) [] and 0 exception(s); c124d131-afb9-4343-ad4e-aaebde613043@group-FF4202234884:t2, leader=null, voted=c124d131-afb9-4343-ad4e-aaebde613043, raftlog=c124d131-afb9-4343-ad4e-aaebde613043@group-FF4202234884-SegmentedRaftLog:OPENED:c-1,f-1,i0, conf=-1: [999343e7-0330-4874-a345-91eca72585e0:192.168.34.56:44872, c124d131-afb9-4343-ad4e-aaebde613043:192.168.34.56:42116, e5bb327f-cdd7-4e49-919e-13a4c895fddf:192.168.34.56:36658], old=null
2019-10-18 13:01:22,360 [8697df36-98d2-41b1-bdc7-60597b3b5526@group-187684C21557-LeaderElection14] INFO  impl.LeaderElection (LeaderElection.java:askForVotes(178)) - 8697df36-98d2-41b1-bdc7-60597b3b5526@group-187684C21557-LeaderElection14: begin an election at term 3 for -1: [893cf03e-f2cf-478a-892a-a746717e50e3:192.168.34.56:40750, 8697df36-98d2-41b1-bdc7-60597b3b5526:192.168.34.56:46415, 018b3f78-d19f-4e26-a796-cb8ddc4f97cf:192.168.34.56:35845], old=null
2019-10-18 13:01:22,360 [Thread-427] INFO  impl.FollowerState (FollowerState.java:run(108)) - 896cef04-248b-470f-8c5c-c9acb81bb157@group-08BD6F798C58-FollowerState: change to CANDIDATE, lastRpcTime:251ms, electionTimeout:66ms
2019-10-18 13:01:22,365 [Thread-426] INFO  impl.FollowerState (FollowerState.java:run(108)) - 893cf03e-f2cf-478a-892a-a746717e50e3@group-187684C21557-FollowerState: change to CANDIDATE, lastRpcTime:263ms, electionTimeout:158ms
2019-10-18 13:01:22,365 [Thread-430] INFO  impl.FollowerState (FollowerState.java:run(108)) - e5bb327f-cdd7-4e49-919e-13a4c895fddf@group-FF4202234884-FollowerState: change to CANDIDATE, lastRpcTime:244ms, electionTimeout:154ms
2019-10-18 13:01:22,372 [Thread-426] INFO  impl.RoleInfo (RoleInfo.java:shutdownFollowerState(121)) - 893cf03e-f2cf-478a-892a-a746717e50e3: shutdown FollowerState
2019-10-18 13:01:22,372 [Thread-429] INFO  impl.FollowerState (FollowerState.java:run(108)) - 32d97539-eb73-46c6-a759-05f11ff00f4c@group-08BD6F798C58-FollowerState: change to CANDIDATE, lastRpcTime:257ms, electionTimeout:10ms
2019-10-18 13:01:22,365 [Thread-427] INFO  impl.RoleInfo (RoleInfo.java:shutdownFollowerState(121)) - 896cef04-248b-470f-8c5c-c9acb81bb157: shutdown FollowerState
2019-10-18 13:01:22,373 [Thread-429] INFO  impl.RoleInfo (RoleInfo.java:shutdownFollowerState(121)) - 32d97539-eb73-46c6-a759-05f11ff00f4c: shutdown FollowerState
2019-10-18 13:01:22,372 [Thread-426] INFO  impl.RaftServerImpl (RaftServerImpl.java:setRole(184)) - 893cf03e-f2cf-478a-892a-a746717e50e3@group-187684C21557: changes role from  FOLLOWER to CANDIDATE at term 2 for changeToCandidate
2019-10-18 13:01:22,372 [Thread-430] INFO  impl.RoleInfo (RoleInfo.java:shutdownFollowerState(121)) - e5bb327f-cdd7-4e49-919e-13a4c895fddf: shutdown FollowerState
2019-10-18 13:01:22,373 [Thread-426] INFO  impl.RoleInfo (RoleInfo.java:updateAndGet(143)) - 893cf03e-f2cf-478a-892a-a746717e50e3: start LeaderElection
2019-10-18 13:01:22,373 [Thread-429] INFO  impl.RaftServerImpl (RaftServerImpl.java:setRole(184)) - 32d97539-eb73-46c6-a759-05f11ff00f4c@group-08BD6F798C58: changes role from  FOLLOWER to CANDIDATE at term 5 for changeToCandidate
2019-10-18 13:01:22,373 [Thread-427] INFO  impl.RaftServerImpl (RaftServerImpl.java:setRole(184)) - 896cef04-248b-470f-8c5c-c9acb81bb157@group-08BD6F798C58: changes role from  FOLLOWER to CANDIDATE at term 5 for changeToCandidate
2019-10-18 13:01:22,373 [Thread-430] INFO  impl.RaftServerImpl (RaftServerImpl.java:setRole(184)) - e5bb327f-cdd7-4e49-919e-13a4c895fddf@group-FF4202234884: changes role from  FOLLOWER to CANDIDATE at term 2 for changeToCandidate
2019-10-18 13:01:22,376 [Thread-427] INFO  impl.RoleInfo (RoleInfo.java:updateAndGet(143)) - 896cef04-248b-470f-8c5c-c9acb81bb157: start LeaderElection
2019-10-18 13:01:22,376 [Thread-429] INFO  impl.RoleInfo (RoleInfo.java:updateAndGet(143)) - 32d97539-eb73-46c6-a759-05f11ff00f4c: start LeaderElection
2019-10-18 13:01:22,376 [Thread-430] INFO  impl.RoleInfo (RoleInfo.java:updateAndGet(143)) - e5bb327f-cdd7-4e49-919e-13a4c895fddf: start LeaderElection
2019-10-18 13:01:22,379 [grpc-default-executor-8] INFO  impl.RaftServerImpl (RaftServerImpl.java:setRole(184)) - 896cef04-248b-470f-8c5c-c9acb81bb157@group-08BD6F798C58: changes role from CANDIDATE to FOLLOWER at term 5 for recognizeCandidate:17618ccc-f51c-4f14-92cf-842ef2c05e35
2019-10-18 13:01:22,379 [grpc-default-executor-8] INFO  impl.RoleInfo (RoleInfo.java:shutdownLeaderElection(134)) - 896cef04-248b-470f-8c5c-c9acb81bb157: shutdown LeaderElection
2019-10-18 13:01:22,381 [grpc-default-executor-1] INFO  impl.RaftServerImpl (RaftServerImpl.java:setRole(184)) - e5bb327f-cdd7-4e49-919e-13a4c895fddf@group-FF4202234884: changes role from CANDIDATE to FOLLOWER at term 2 for recognizeCandidate:c124d131-afb9-4343-ad4e-aaebde613043
2019-10-18 13:01:22,381 [grpc-default-executor-8] INFO  impl.RoleInfo (RoleInfo.java:updateAndGet(143)) - 896cef04-248b-470f-8c5c-c9acb81bb157: start FollowerState
2019-10-18 13:01:22,381 [grpc-default-executor-1] INFO  impl.RoleInfo (RoleInfo.java:shutdownLeaderElection(134)) - e5bb327f-cdd7-4e49-919e-13a4c895fddf: shutdown LeaderElection
2019-10-18 13:01:22,381 [grpc-default-executor-1] INFO  impl.RoleInfo (RoleInfo.java:updateAndGet(143)) - e5bb327f-cdd7-4e49-919e-13a4c895fddf: start FollowerState
2019-10-18 13:01:22,387 [17618ccc-f51c-4f14-92cf-842ef2c05e35@group-08BD6F798C58-LeaderElection16] INFO  impl.LeaderElection (LeaderElection.java:askForVotes(178)) - 17618ccc-f51c-4f14-92cf-842ef2c05e35@group-08BD6F798C58-LeaderElection16: begin an election at term 6 for -1: [17618ccc-f51c-4f14-92cf-842ef2c05e35:192.168.34.56:38851, 896cef04-248b-470f-8c5c-c9acb81bb157:192.168.34.56:37940, 32d97539-eb73-46c6-a759-05f11ff00f4c:192.168.34.56:35929], old=null
2019-10-18 13:01:22,387 [018b3f78-d19f-4e26-a796-cb8ddc4f97cf@group-187684C21557-LeaderElection24] INFO  impl.LeaderElection (LeaderElection.java:askForVotes(178)) - 018b3f78-d19f-4e26-a796-cb8ddc4f97cf@group-187684C21557-LeaderElection24: begin an election at term 3 for -1: [893cf03e-f2cf-478a-892a-a746717e50e3:192.168.34.56:40750, 8697df36-98d2-41b1-bdc7-60597b3b5526:192.168.34.56:46415, 018b3f78-d19f-4e26-a796-cb8ddc4f97cf:192.168.34.56:35845], old=null
2019-10-18 13:01:22,387 [999343e7-0330-4874-a345-91eca72585e0@group-FF4202234884-LeaderElection19] INFO  impl.LeaderElection (LeaderElection.java:askForVotes(178)) - 999343e7-0330-4874-a345-91eca72585e0@group-FF4202234884-LeaderElection19: begin an election at term 3 for -1: [999343e7-0330-4874-a345-91eca72585e0:192.168.34.56:44872, c124d131-afb9-4343-ad4e-aaebde613043:192.168.34.56:42116, e5bb327f-cdd7-4e49-919e-13a4c895fddf:192.168.34.56:36658], old=null
2019-10-18 13:01:22,387 [c124d131-afb9-4343-ad4e-aaebde613043@group-FF4202234884-LeaderElection20] INFO  impl.LeaderElection (LeaderElection.java:askForVotes(178)) - c124d131-afb9-4343-ad4e-aaebde613043@group-FF4202234884-LeaderElection20: begin an election at term 3 for -1: [999343e7-0330-4874-a345-91eca72585e0:192.168.34.56:44872, c124d131-afb9-4343-ad4e-aaebde613043:192.168.34.56:42116, e5bb327f-cdd7-4e49-919e-13a4c895fddf:192.168.34.56:36658], old=null
2019-10-18 13:01:22,414 [896cef04-248b-470f-8c5c-c9acb81bb157@group-08BD6F798C58-LeaderElection27] INFO  impl.LeaderElection (LeaderElection.java:askForVotes(178)) - 896cef04-248b-470f-8c5c-c9acb81bb157@group-08BD6F798C58-LeaderElection27: begin an election at term 6 for -1: [17618ccc-f51c-4f14-92cf-842ef2c05e35:192.168.34.56:38851, 896cef04-248b-470f-8c5c-c9acb81bb157:192.168.34.56:37940, 32d97539-eb73-46c6-a759-05f11ff00f4c:192.168.34.56:35929], old=null
2019-10-18 13:01:22,414 [32d97539-eb73-46c6-a759-05f11ff00f4c@group-08BD6F798C58-LeaderElection26] INFO  impl.LeaderElection (LeaderElection.java:askForVotes(178)) - 32d97539-eb73-46c6-a759-05f11ff00f4c@group-08BD6F798C58-LeaderElection26: begin an election at term 6 for -1: [17618ccc-f51c-4f14-92cf-842ef2c05e35:192.168.34.56:38851, 896cef04-248b-470f-8c5c-c9acb81bb157:192.168.34.56:37940, 32d97539-eb73-46c6-a759-05f11ff00f4c:192.168.34.56:35929], old=null
2019-10-18 13:01:22,414 [e5bb327f-cdd7-4e49-919e-13a4c895fddf@group-FF4202234884-LeaderElection28] INFO  impl.LeaderElection (LeaderElection.java:askForVotes(178)) - e5bb327f-cdd7-4e49-919e-13a4c895fddf@group-FF4202234884-LeaderElection28: begin an election at term 3 for -1: [999343e7-0330-4874-a345-91eca72585e0:192.168.34.56:44872, c124d131-afb9-4343-ad4e-aaebde613043:192.168.34.56:42116, e5bb327f-cdd7-4e49-919e-13a4c895fddf:192.168.34.56:36658], old=null
2019-10-18 13:01:22,415 [896cef04-248b-470f-8c5c-c9acb81bb157@group-08BD6F798C58-LeaderElection27] INFO  impl.LeaderElection (LeaderElection.java:logAndReturn(56)) - 896cef04-248b-470f-8c5c-c9acb81bb157@group-08BD6F798C58-LeaderElection27: Election REJECTED; received 0 response(s) [] and 0 exception(s); 896cef04-248b-470f-8c5c-c9acb81bb157@group-08BD6F798C58:t6, leader=null, voted=896cef04-248b-470f-8c5c-c9acb81bb157, raftlog=896cef04-248b-470f-8c5c-c9acb81bb157@group-08BD6F798C58-SegmentedRaftLog:OPENED:c-1,f-1,i0, conf=-1: [17618ccc-f51c-4f14-92cf-842ef2c05e35:192.168.34.56:38851, 896cef04-248b-470f-8c5c-c9acb81bb157:192.168.34.56:37940, 32d97539-eb73-46c6-a759-05f11ff00f4c:192.168.34.56:35929], old=null
2019-10-18 13:01:22,414 [893cf03e-f2cf-478a-892a-a746717e50e3@group-187684C21557-LeaderElection23] INFO  impl.LeaderElection (LeaderElection.java:askForVotes(178)) - 893cf03e-f2cf-478a-892a-a746717e50e3@group-187684C21557-LeaderElection23: begin an election at term 3 for -1: [893cf03e-f2cf-478a-892a-a746717e50e3:192.168.34.56:40750, 8697df36-98d2-41b1-bdc7-60597b3b5526:192.168.34.56:46415, 018b3f78-d19f-4e26-a796-cb8ddc4f97cf:192.168.34.56:35845], old=null
2019-10-18 13:01:22,416 [e5bb327f-cdd7-4e49-919e-13a4c895fddf@group-FF4202234884-LeaderElection28] INFO  impl.LeaderElection (LeaderElection.java:logAndReturn(56)) - e5bb327f-cdd7-4e49-919e-13a4c895fddf@group-FF4202234884-LeaderElection28: Election REJECTED; received 0 response(s) [] and 0 exception(s); e5bb327f-cdd7-4e49-919e-13a4c895fddf@group-FF4202234884:t3, leader=null, voted=e5bb327f-cdd7-4e49-919e-13a4c895fddf, raftlog=e5bb327f-cdd7-4e49-919e-13a4c895fddf@group-FF4202234884-SegmentedRaftLog:OPENED:c-1,f-1,i0, conf=-1: [999343e7-0330-4874-a345-91eca72585e0:192.168.34.56:44872, c124d131-afb9-4343-ad4e-aaebde613043:192.168.34.56:42116, e5bb327f-cdd7-4e49-919e-13a4c895fddf:192.168.34.56:36658], old=null
2019-10-18 13:01:22,416 [018b3f78-d19f-4e26-a796-cb8ddc4f97cf@group-187684C21557-LeaderElection24] INFO  impl.LeaderElection (LeaderElection.java:logAndReturn(56)) - 018b3f78-d19f-4e26-a796-cb8ddc4f97cf@group-187684C21557-LeaderElection24: Election REJECTED; received 2 response(s) [018b3f78-d19f-4e26-a796-cb8ddc4f97cf<-893cf03e-f2cf-478a-892a-a746717e50e3#0:FAIL-t3, 018b3f78-d19f-4e26-a796-cb8ddc4f97cf<-8697df36-98d2-41b1-bdc7-60597b3b5526#0:FAIL-t3] and 0 exception(s); 018b3f78-d19f-4e26-a796-cb8ddc4f97cf@group-187684C21557:t3, leader=null, voted=018b3f78-d19f-4e26-a796-cb8ddc4f97cf, raftlog=018b3f78-d19f-4e26-a796-cb8ddc4f97cf@group-187684C21557-SegmentedRaftLog:OPENED:c-1,f-1,i0, conf=-1: [893cf03e-f2cf-478a-892a-a746717e50e3:192.168.34.56:40750, 8697df36-98d2-41b1-bdc7-60597b3b5526:192.168.34.56:46415, 018b3f78-d19f-4e26-a796-cb8ddc4f97cf:192.168.34.56:35845], old=null
2019-10-18 13:01:22,418 [018b3f78-d19f-4e26-a796-cb8ddc4f97cf@group-187684C21557-LeaderElection24] INFO  impl.RaftServerImpl (RaftServerImpl.java:setRole(184)) - 018b3f78-d19f-4e26-a796-cb8ddc4f97cf@group-187684C21557: changes role from CANDIDATE to FOLLOWER at term 3 for DISCOVERED_A_NEW_TERM
2019-10-18 13:01:22,418 [018b3f78-d19f-4e26-a796-cb8ddc4f97cf@group-187684C21557-LeaderElection24] INFO  impl.RoleInfo (RoleInfo.java:shutdownLeaderElection(134)) - 018b3f78-d19f-4e26-a796-cb8ddc4f97cf: shutdown LeaderElection
2019-10-18 13:01:22,418 [c124d131-afb9-4343-ad4e-aaebde613043@group-FF4202234884-LeaderElection20] INFO  impl.LeaderElection (LeaderElection.java:logAndReturn(56)) - c124d131-afb9-4343-ad4e-aaebde613043@group-FF4202234884-LeaderElection20: Election REJECTED; received 2 response(s) [c124d131-afb9-4343-ad4e-aaebde613043<-999343e7-0330-4874-a345-91eca72585e0#0:FAIL-t3, c124d131-afb9-4343-ad4e-aaebde613043<-e5bb327f-cdd7-4e49-919e-13a4c895fddf#0:FAIL-t3] and 0 exception(s); c124d131-afb9-4343-ad4e-aaebde613043@group-FF4202234884:t3, leader=null, voted=c124d131-afb9-4343-ad4e-aaebde613043, raftlog=c124d131-afb9-4343-ad4e-aaebde613043@group-FF4202234884-SegmentedRaftLog:OPENED:c-1,f-1,i0, conf=-1: [999343e7-0330-4874-a345-91eca72585e0:192.168.34.56:44872, c124d131-afb9-4343-ad4e-aaebde613043:192.168.34.56:42116, e5bb327f-cdd7-4e49-919e-13a4c895fddf:192.168.34.56:36658], old=null
2019-10-18 13:01:22,420 [018b3f78-d19f-4e26-a796-cb8ddc4f97cf@group-187684C21557-LeaderElection24] INFO  impl.RoleInfo (RoleInfo.java:updateAndGet(143)) - 018b3f78-d19f-4e26-a796-cb8ddc4f97cf: start FollowerState
2019-10-18 13:01:22,420 [c124d131-afb9-4343-ad4e-aaebde613043@group-FF4202234884-LeaderElection20] INFO  impl.RaftServerImpl (RaftServerImpl.java:setRole(184)) - c124d131-afb9-4343-ad4e-aaebde613043@group-FF4202234884: changes role from CANDIDATE to FOLLOWER at term 3 for DISCOVERED_A_NEW_TERM
2019-10-18 13:01:22,421 [c124d131-afb9-4343-ad4e-aaebde613043@group-FF4202234884-LeaderElection20] INFO  impl.RoleInfo (RoleInfo.java:shutdownLeaderElection(134)) - c124d131-afb9-4343-ad4e-aaebde613043: shutdown LeaderElection
2019-10-18 13:01:22,421 [Thread-443] INFO  impl.FollowerState (FollowerState.java:run(108)) - 896cef04-248b-470f-8c5c-c9acb81bb157@group-08BD6F798C58-FollowerState: change to CANDIDATE, lastRpcTime:40ms, electionTimeout:40ms
2019-10-18 13:01:22,422 [c124d131-afb9-4343-ad4e-aaebde613043@group-FF4202234884-LeaderElection20] INFO  impl.RoleInfo (RoleInfo.java:updateAndGet(143)) - c124d131-afb9-4343-ad4e-aaebde613043: start FollowerState
2019-10-18 13:01:22,422 [8697df36-98d2-41b1-bdc7-60597b3b5526@group-187684C21557-LeaderElection14] INFO  impl.LeaderElection (LeaderElection.java:logAndReturn(56)) - 8697df36-98d2-41b1-bdc7-60597b3b5526@group-187684C21557-LeaderElection14: Election REJECTED; received 2 response(s) [8697df36-98d2-41b1-bdc7-60597b3b5526<-893cf03e-f2cf-478a-892a-a746717e50e3#0:FAIL-t3, 8697df36-98d2-41b1-bdc7-60597b3b5526<-018b3f78-d19f-4e26-a796-cb8ddc4f97cf#0:FAIL-t3] and 0 exception(s); 8697df36-98d2-41b1-bdc7-60597b3b5526@group-187684C21557:t3, leader=null, voted=8697df36-98d2-41b1-bdc7-60597b3b5526, raftlog=8697df36-98d2-41b1-bdc7-60597b3b5526@group-187684C21557-SegmentedRaftLog:OPENED:c-1,f-1,i0, conf=-1: [893cf03e-f2cf-478a-892a-a746717e50e3:192.168.34.56:40750, 8697df36-98d2-41b1-bdc7-60597b3b5526:192.168.34.56:46415, 018b3f78-d19f-4e26-a796-cb8ddc4f97cf:192.168.34.56:35845], old=null
2019-10-18 13:01:22,422 [Thread-443] INFO  impl.RoleInfo (RoleInfo.java:shutdownFollowerState(121)) - 896cef04-248b-470f-8c5c-c9acb81bb157: shutdown FollowerState
2019-10-18 13:01:22,422 [8697df36-98d2-41b1-bdc7-60597b3b5526@group-187684C21557-LeaderElection14] INFO  impl.RaftServerImpl (RaftServerImpl.java:setRole(184)) - 8697df36-98d2-41b1-bdc7-60597b3b5526@group-187684C21557: changes role from CANDIDATE to FOLLOWER at term 3 for DISCOVERED_A_NEW_TERM
2019-10-18 13:01:22,422 [17618ccc-f51c-4f14-92cf-842ef2c05e35@group-08BD6F798C58-LeaderElection16] INFO  impl.LeaderElection (LeaderElection.java:logAndReturn(56)) - 17618ccc-f51c-4f14-92cf-842ef2c05e35@group-08BD6F798C58-LeaderElection16: Election REJECTED; received 2 response(s) [17618ccc-f51c-4f14-92cf-842ef2c05e35<-896cef04-248b-470f-8c5c-c9acb81bb157#0:FAIL-t6, 17618ccc-f51c-4f14-92cf-842ef2c05e35<-32d97539-eb73-46c6-a759-05f11ff00f4c#0:FAIL-t6] and 0 exception(s); 17618ccc-f51c-4f14-92cf-842ef2c05e35@group-08BD6F798C58:t6, leader=null, voted=17618ccc-f51c-4f14-92cf-842ef2c05e35, raftlog=17618ccc-f51c-4f14-92cf-842ef2c05e35@group-08BD6F798C58-SegmentedRaftLog:OPENED:c-1,f-1,i0, conf=-1: [17618ccc-f51c-4f14-92cf-842ef2c05e35:192.168.34.56:38851, 896cef04-248b-470f-8c5c-c9acb81bb157:192.168.34.56:37940, 32d97539-eb73-46c6-a759-05f11ff00f4c:192.168.34.56:35929], old=null
2019-10-18 13:01:22,423 [Thread-443] INFO  impl.RaftServerImpl (RaftServerImpl.java:setRole(184)) - 896cef04-248b-470f-8c5c-c9acb81bb157@group-08BD6F798C58: changes role from  FOLLOWER to CANDIDATE at term 6 for changeToCandidate
2019-10-18 13:01:22,423 [8697df36-98d2-41b1-bdc7-60597b3b5526@group-187684C21557-LeaderElection14] INFO  impl.RoleInfo (RoleInfo.java:shutdownLeaderElection(134)) - 8697df36-98d2-41b1-bdc7-60597b3b5526: shutdown LeaderElection
2019-10-18 13:01:22,425 [Thread-443] INFO  impl.RoleInfo (RoleInfo.java:updateAndGet(143)) - 896cef04-248b-470f-8c5c-c9acb81bb157: start LeaderElection
2019-10-18 13:01:22,423 [17618ccc-f51c-4f14-92cf-842ef2c05e35@group-08BD6F798C58-LeaderElection16] INFO  impl.RaftServerImpl (RaftServerImpl.java:setRole(184)) - 17618ccc-f51c-4f14-92cf-842ef2c05e35@group-08BD6F798C58: changes role from CANDIDATE to FOLLOWER at term 6 for DISCOVERED_A_NEW_TERM
2019-10-18 13:01:22,425 [8697df36-98d2-41b1-bdc7-60597b3b5526@group-187684C21557-LeaderElection14] INFO  impl.RoleInfo (RoleInfo.java:updateAndGet(143)) - 8697df36-98d2-41b1-bdc7-60597b3b5526: start FollowerState
2019-10-18 13:01:22,426 [32d97539-eb73-46c6-a759-05f11ff00f4c@group-08BD6F798C58-LeaderElection26] INFO  impl.LeaderElection (LeaderElection.java:logAndReturn(56)) - 32d97539-eb73-46c6-a759-05f11ff00f4c@group-08BD6F798C58-LeaderElection26: Election TIMEOUT; received 0 response(s) [] and 0 exception(s); 32d97539-eb73-46c6-a759-05f11ff00f4c@group-08BD6F798C58:t6, leader=null, voted=32d97539-eb73-46c6-a759-05f11ff00f4c, raftlog=32d97539-eb73-46c6-a759-05f11ff00f4c@group-08BD6F798C58-SegmentedRaftLog:OPENED:c-1,f-1,i0, conf=-1: [17618ccc-f51c-4f14-92cf-842ef2c05e35:192.168.34.56:38851, 896cef04-248b-470f-8c5c-c9acb81bb157:192.168.34.56:37940, 32d97539-eb73-46c6-a759-05f11ff00f4c:192.168.34.56:35929], old=null
2019-10-18 13:01:22,425 [17618ccc-f51c-4f14-92cf-842ef2c05e35@group-08BD6F798C58-LeaderElection16] INFO  impl.RoleInfo (RoleInfo.java:shutdownLeaderElection(134)) - 17618ccc-f51c-4f14-92cf-842ef2c05e35: shutdown LeaderElection
2019-10-18 13:01:22,427 [17618ccc-f51c-4f14-92cf-842ef2c05e35@group-08BD6F798C58-LeaderElection16] INFO  impl.RoleInfo (RoleInfo.java:updateAndGet(143)) - 17618ccc-f51c-4f14-92cf-842ef2c05e35: start FollowerState
2019-10-18 13:01:22,428 [999343e7-0330-4874-a345-91eca72585e0@group-FF4202234884-LeaderElection19] INFO  impl.LeaderElection (LeaderElection.java:logAndReturn(56)) - 999343e7-0330-4874-a345-91eca72585e0@group-FF4202234884-LeaderElection19: Election REJECTED; received 2 response(s) [999343e7-0330-4874-a345-91eca72585e0<-c124d131-afb9-4343-ad4e-aaebde613043#0:FAIL-t3, 999343e7-0330-4874-a345-91eca72585e0<-e5bb327f-cdd7-4e49-919e-13a4c895fddf#0:FAIL-t3] and 0 exception(s); 999343e7-0330-4874-a345-91eca72585e0@group-FF4202234884:t3, leader=null, voted=999343e7-0330-4874-a345-91eca72585e0, raftlog=999343e7-0330-4874-a345-91eca72585e0@group-FF4202234884-SegmentedRaftLog:OPENED:c-1,f-1,i0, conf=-1: [999343e7-0330-4874-a345-91eca72585e0:192.168.34.56:44872, c124d131-afb9-4343-ad4e-aaebde613043:192.168.34.56:42116, e5bb327f-cdd7-4e49-919e-13a4c895fddf:192.168.34.56:36658], old=null
2019-10-18 13:01:22,429 [999343e7-0330-4874-a345-91eca72585e0@group-FF4202234884-LeaderElection19] INFO  impl.RaftServerImpl (RaftServerImpl.java:setRole(184)) - 999343e7-0330-4874-a345-91eca72585e0@group-FF4202234884: changes role from CANDIDATE to FOLLOWER at term 3 for DISCOVERED_A_NEW_TERM
2019-10-18 13:01:22,429 [999343e7-0330-4874-a345-91eca72585e0@group-FF4202234884-LeaderElection19] INFO  impl.RoleInfo (RoleInfo.java:shutdownLeaderElection(134)) - 999343e7-0330-4874-a345-91eca72585e0: shutdown LeaderElection
2019-10-18 13:01:22,429 [999343e7-0330-4874-a345-91eca72585e0@group-FF4202234884-LeaderElection19] INFO  impl.RoleInfo (RoleInfo.java:updateAndGet(143)) - 999343e7-0330-4874-a345-91eca72585e0: start FollowerState
2019-10-18 13:01:22,451 [Thread-459] INFO  impl.FollowerState (FollowerState.java:run(108)) - 018b3f78-d19f-4e26-a796-cb8ddc4f97cf@group-187684C21557-FollowerState: change to CANDIDATE, lastRpcTime:30ms, electionTimeout:29ms
2019-10-18 13:01:22,452 [Thread-459] INFO  impl.RoleInfo (RoleInfo.java:shutdownFollowerState(121)) - 018b3f78-d19f-4e26-a796-cb8ddc4f97cf: shutdown FollowerState
2019-10-18 13:01:22,453 [Thread-459] INFO  impl.RaftServerImpl (RaftServerImpl.java:setRole(184)) - 018b3f78-d19f-4e26-a796-cb8ddc4f97cf@group-187684C21557: changes role from  FOLLOWER to CANDIDATE at term 3 for changeToCandidate
2019-10-18 13:01:22,453 [Thread-459] INFO  impl.RoleInfo (RoleInfo.java:updateAndGet(143)) - 018b3f78-d19f-4e26-a796-cb8ddc4f97cf: start LeaderElection
2019-10-18 13:01:22,461 [Thread-462] INFO  impl.FollowerState (FollowerState.java:run(108)) - 8697df36-98d2-41b1-bdc7-60597b3b5526@group-187684C21557-FollowerState: change to CANDIDATE, lastRpcTime:35ms, electionTimeout:34ms
2019-10-18 13:01:22,461 [Thread-462] INFO  impl.RoleInfo (RoleInfo.java:shutdownFollowerState(121)) - 8697df36-98d2-41b1-bdc7-60597b3b5526: shutdown FollowerState
2019-10-18 13:01:22,461 [Thread-462] INFO  impl.RaftServerImpl (RaftServerImpl.java:setRole(184)) - 8697df36-98d2-41b1-bdc7-60597b3b5526@group-187684C21557: changes role from  FOLLOWER to CANDIDATE at term 3 for changeToCandidate
2019-10-18 13:01:22,461 [Thread-462] INFO  impl.RoleInfo (RoleInfo.java:updateAndGet(143)) - 8697df36-98d2-41b1-bdc7-60597b3b5526: start LeaderElection
2019-10-18 13:01:22,476 [Thread-460] INFO  impl.FollowerState (FollowerState.java:run(108)) - c124d131-afb9-4343-ad4e-aaebde613043@group-FF4202234884-FollowerState: change to CANDIDATE, lastRpcTime:54ms, electionTimeout:54ms
2019-10-18 13:01:22,476 [Thread-460] INFO  impl.RoleInfo (RoleInfo.java:shutdownFollowerState(121)) - c124d131-afb9-4343-ad4e-aaebde613043: shutdown FollowerState
2019-10-18 13:01:22,476 [Thread-460] INFO  impl.RaftServerImpl (RaftServerImpl.java:setRole(184)) - c124d131-afb9-4343-ad4e-aaebde613043@group-FF4202234884: changes role from  FOLLOWER to CANDIDATE at term 3 for changeToCandidate
2019-10-18 13:01:22,476 [Thread-460] INFO  impl.RoleInfo (RoleInfo.java:updateAndGet(143)) - c124d131-afb9-4343-ad4e-aaebde613043: start LeaderElection
2019-10-18 13:01:22,503 [Thread-444] INFO  impl.FollowerState (FollowerState.java:run(108)) - e5bb327f-cdd7-4e49-919e-13a4c895fddf@group-FF4202234884-FollowerState: change to CANDIDATE, lastRpcTime:121ms, electionTimeout:121ms
2019-10-18 13:01:22,503 [Thread-444] INFO  impl.RoleInfo (RoleInfo.java:shutdownFollowerState(121)) - e5bb327f-cdd7-4e49-919e-13a4c895fddf: shutdown FollowerState
2019-10-18 13:01:22,503 [Thread-444] INFO  impl.RaftServerImpl (RaftServerImpl.java:setRole(184)) - e5bb327f-cdd7-4e49-919e-13a4c895fddf@group-FF4202234884: changes role from  FOLLOWER to CANDIDATE at term 3 for changeToCandidate
2019-10-18 13:01:22,503 [Thread-444] INFO  impl.RoleInfo (RoleInfo.java:updateAndGet(143)) - e5bb327f-cdd7-4e49-919e-13a4c895fddf: start LeaderElection
2019-10-18 13:01:22,517 [Thread-464] INFO  impl.FollowerState (FollowerState.java:run(108)) - 999343e7-0330-4874-a345-91eca72585e0@group-FF4202234884-FollowerState: change to CANDIDATE, lastRpcTime:87ms, electionTimeout:87ms
2019-10-18 13:01:22,517 [Thread-464] INFO  impl.RoleInfo (RoleInfo.java:shutdownFollowerState(121)) - 999343e7-0330-4874-a345-91eca72585e0: shutdown FollowerState
2019-10-18 13:01:22,517 [Thread-464] INFO  impl.RaftServerImpl (RaftServerImpl.java:setRole(184)) - 999343e7-0330-4874-a345-91eca72585e0@group-FF4202234884: changes role from  FOLLOWER to CANDIDATE at term 3 for changeToCandidate
2019-10-18 13:01:22,517 [Thread-464] INFO  impl.RoleInfo (RoleInfo.java:updateAndGet(143)) - 999343e7-0330-4874-a345-91eca72585e0: start LeaderElection
2019-10-18 13:01:22,569 [Thread-463] INFO  impl.FollowerState (FollowerState.java:run(108)) - 17618ccc-f51c-4f14-92cf-842ef2c05e35@group-08BD6F798C58-FollowerState: change to CANDIDATE, lastRpcTime:142ms, electionTimeout:142ms
2019-10-18 13:01:22,569 [Thread-463] INFO  impl.RoleInfo (RoleInfo.java:shutdownFollowerState(121)) - 17618ccc-f51c-4f14-92cf-842ef2c05e35: shutdown FollowerState
2019-10-18 13:01:22,569 [Thread-463] INFO  impl.RaftServerImpl (RaftServerImpl.java:setRole(184)) - 17618ccc-f51c-4f14-92cf-842ef2c05e35@group-08BD6F798C58: changes role from  FOLLOWER to CANDIDATE at term 6 for changeToCandidate
2019-10-18 13:01:22,570 [Thread-463] INFO  impl.RoleInfo (RoleInfo.java:updateAndGet(143)) - 17618ccc-f51c-4f14-92cf-842ef2c05e35: start LeaderElection
2019-10-18 13:01:22,573 [893cf03e-f2cf-478a-892a-a746717e50e3@group-187684C21557-LeaderElection25] INFO  impl.LeaderElection (LeaderElection.java:askForVotes(178)) - 893cf03e-f2cf-478a-892a-a746717e50e3@group-187684C21557-LeaderElection25: begin an election at term 4 for -1: [893cf03e-f2cf-478a-892a-a746717e50e3:192.168.34.56:40750, 8697df36-98d2-41b1-bdc7-60597b3b5526:192.168.34.56:46415, 018b3f78-d19f-4e26-a796-cb8ddc4f97cf:192.168.34.56:35845], old=null
2019-10-18 13:01:22,574 [893cf03e-f2cf-478a-892a-a746717e50e3@group-187684C21557-LeaderElection23] INFO  impl.LeaderElection (LeaderElection.java:logAndReturn(56)) - 893cf03e-f2cf-478a-892a-a746717e50e3@group-187684C21557-LeaderElection23: Election REJECTED; received 0 response(s) [] and 0 exception(s); 893cf03e-f2cf-478a-892a-a746717e50e3@group-187684C21557:t4, leader=null, voted=893cf03e-f2cf-478a-892a-a746717e50e3, raftlog=893cf03e-f2cf-478a-892a-a746717e50e3@group-187684C21557-SegmentedRaftLog:OPENED:c-1,f-1,i0, conf=-1: [893cf03e-f2cf-478a-892a-a746717e50e3:192.168.34.56:40750, 8697df36-98d2-41b1-bdc7-60597b3b5526:192.168.34.56:46415, 018b3f78-d19f-4e26-a796-cb8ddc4f97cf:192.168.34.56:35845], old=null
2019-10-18 13:01:22,598 [018b3f78-d19f-4e26-a796-cb8ddc4f97cf@group-187684C21557-LeaderElection30] INFO  impl.LeaderElection (LeaderElection.java:askForVotes(178)) - 018b3f78-d19f-4e26-a796-cb8ddc4f97cf@group-187684C21557-LeaderElection30: begin an election at term 4 for -1: [893cf03e-f2cf-478a-892a-a746717e50e3:192.168.34.56:40750, 8697df36-98d2-41b1-bdc7-60597b3b5526:192.168.34.56:46415, 018b3f78-d19f-4e26-a796-cb8ddc4f97cf:192.168.34.56:35845], old=null
2019-10-18 13:01:22,598 [896cef04-248b-470f-8c5c-c9acb81bb157@group-08BD6F798C58-LeaderElection29] INFO  impl.LeaderElection (LeaderElection.java:askForVotes(178)) - 896cef04-248b-470f-8c5c-c9acb81bb157@group-08BD6F798C58-LeaderElection29: begin an election at term 7 for -1: [17618ccc-f51c-4f14-92cf-842ef2c05e35:192.168.34.56:38851, 896cef04-248b-470f-8c5c-c9acb81bb157:192.168.34.56:37940, 32d97539-eb73-46c6-a759-05f11ff00f4c:192.168.34.56:35929], old=null
2019-10-18 13:01:22,598 [c124d131-afb9-4343-ad4e-aaebde613043@group-FF4202234884-LeaderElection32] INFO  impl.LeaderElection (LeaderElection.java:askForVotes(178)) - c124d131-afb9-4343-ad4e-aaebde613043@group-FF4202234884-LeaderElection32: begin an election at term 4 for -1: [999343e7-0330-4874-a345-91eca72585e0:192.168.34.56:44872, c124d131-afb9-4343-ad4e-aaebde613043:192.168.34.56:42116, e5bb327f-cdd7-4e49-919e-13a4c895fddf:192.168.34.56:36658], old=null
2019-10-18 13:01:22,598 [999343e7-0330-4874-a345-91eca72585e0@group-FF4202234884-LeaderElection34] INFO  impl.LeaderElection (LeaderElection.java:askForVotes(178)) - 999343e7-0330-4874-a345-91eca72585e0@group-FF4202234884-LeaderElection34: begin an election at term 4 for -1: [999343e7-0330-4874-a345-91eca72585e0:192.168.34.56:44872, c124d131-afb9-4343-ad4e-aaebde613043:192.168.34.56:42116, e5bb327f-cdd7-4e49-919e-13a4c895fddf:192.168.34.56:36658], old=null
2019-10-18 13:01:22,598 [32d97539-eb73-46c6-a759-05f11ff00f4c@group-08BD6F798C58-LeaderElection26] INFO  impl.LeaderElection (LeaderElection.java:askForVotes(178)) - 32d97539-eb73-46c6-a759-05f11ff00f4c@group-08BD6F798C58-LeaderElection26: begin an election at term 7 for -1: [17618ccc-f51c-4f14-92cf-842ef2c05e35:192.168.34.56:38851, 896cef04-248b-470f-8c5c-c9acb81bb157:192.168.34.56:37940, 32d97539-eb73-46c6-a759-05f11ff00f4c:192.168.34.56:35929], old=null
2019-10-18 13:01:22,598 [8697df36-98d2-41b1-bdc7-60597b3b5526@group-187684C21557-LeaderElection31] INFO  impl.LeaderElection (LeaderElection.java:askForVotes(178)) - 8697df36-98d2-41b1-bdc7-60597b3b5526@group-187684C21557-LeaderElection31: begin an election at term 4 for -1: [893cf03e-f2cf-478a-892a-a746717e50e3:192.168.34.56:40750, 8697df36-98d2-41b1-bdc7-60597b3b5526:192.168.34.56:46415, 018b3f78-d19f-4e26-a796-cb8ddc4f97cf:192.168.34.56:35845], old=null
2019-10-18 13:01:22,598 [e5bb327f-cdd7-4e49-919e-13a4c895fddf@group-FF4202234884-LeaderElection33] INFO  impl.LeaderElection (LeaderElection.java:askForVotes(178)) - e5bb327f-cdd7-4e49-919e-13a4c895fddf@group-FF4202234884-LeaderElection33: begin an election at term 4 for -1: [999343e7-0330-4874-a345-91eca72585e0:192.168.34.56:44872, c124d131-afb9-4343-ad4e-aaebde613043:192.168.34.56:42116, e5bb327f-cdd7-4e49-919e-13a4c895fddf:192.168.34.56:36658], old=null
2019-10-18 13:01:22,609 [e5bb327f-cdd7-4e49-919e-13a4c895fddf@group-FF4202234884-LeaderElection33] INFO  impl.LeaderElection (LeaderElection.java:logAndReturn(56)) - e5bb327f-cdd7-4e49-919e-13a4c895fddf@group-FF4202234884-LeaderElection33: Election REJECTED; received 2 response(s) [e5bb327f-cdd7-4e49-919e-13a4c895fddf<-999343e7-0330-4874-a345-91eca72585e0#0:FAIL-t4, e5bb327f-cdd7-4e49-919e-13a4c895fddf<-c124d131-afb9-4343-ad4e-aaebde613043#0:FAIL-t4] and 0 exception(s); e5bb327f-cdd7-4e49-919e-13a4c895fddf@group-FF4202234884:t4, leader=null, voted=e5bb327f-cdd7-4e49-919e-13a4c895fddf, raftlog=e5bb327f-cdd7-4e49-919e-13a4c895fddf@group-FF4202234884-SegmentedRaftLog:OPENED:c-1,f-1,i0, conf=-1: [999343e7-0330-4874-a345-91eca72585e0:192.168.34.56:44872, c124d131-afb9-4343-ad4e-aaebde613043:192.168.34.56:42116, e5bb327f-cdd7-4e49-919e-13a4c895fddf:192.168.34.56:36658], old=null
2019-10-18 13:01:22,609 [e5bb327f-cdd7-4e49-919e-13a4c895fddf@group-FF4202234884-LeaderElection33] INFO  impl.RaftServerImpl (RaftServerImpl.java:setRole(184)) - e5bb327f-cdd7-4e49-919e-13a4c895fddf@group-FF4202234884: changes role from CANDIDATE to FOLLOWER at term 4 for DISCOVERED_A_NEW_TERM
2019-10-18 13:01:22,610 [e5bb327f-cdd7-4e49-919e-13a4c895fddf@group-FF4202234884-LeaderElection33] INFO  impl.RoleInfo (RoleInfo.java:shutdownLeaderElection(134)) - e5bb327f-cdd7-4e49-919e-13a4c895fddf: shutdown LeaderElection
2019-10-18 13:01:22,610 [e5bb327f-cdd7-4e49-919e-13a4c895fddf@group-FF4202234884-LeaderElection33] INFO  impl.RoleInfo (RoleInfo.java:updateAndGet(143)) - e5bb327f-cdd7-4e49-919e-13a4c895fddf: start FollowerState
2019-10-18 13:01:22,610 [893cf03e-f2cf-478a-892a-a746717e50e3@group-187684C21557-LeaderElection25] INFO  impl.LeaderElection (LeaderElection.java:logAndReturn(56)) - 893cf03e-f2cf-478a-892a-a746717e50e3@group-187684C21557-LeaderElection25: Election REJECTED; received 2 response(s) [893cf03e-f2cf-478a-892a-a746717e50e3<-8697df36-98d2-41b1-bdc7-60597b3b5526#0:FAIL-t4, 893cf03e-f2cf-478a-892a-a746717e50e3<-018b3f78-d19f-4e26-a796-cb8ddc4f97cf#0:FAIL-t4] and 0 exception(s); 893cf03e-f2cf-478a-892a-a746717e50e3@group-187684C21557:t4, leader=null, voted=893cf03e-f2cf-478a-892a-a746717e50e3, raftlog=893cf03e-f2cf-478a-892a-a746717e50e3@group-187684C21557-SegmentedRaftLog:OPENED:c-1,f-1,i0, conf=-1: [893cf03e-f2cf-478a-892a-a746717e50e3:192.168.34.56:40750, 8697df36-98d2-41b1-bdc7-60597b3b5526:192.168.34.56:46415, 018b3f78-d19f-4e26-a796-cb8ddc4f97cf:192.168.34.56:35845], old=null
2019-10-18 13:01:22,613 [893cf03e-f2cf-478a-892a-a746717e50e3@group-187684C21557-LeaderElection25] INFO  impl.RaftServerImpl (RaftServerImpl.java:setRole(184)) - 893cf03e-f2cf-478a-892a-a746717e50e3@group-187684C21557: changes role from CANDIDATE to FOLLOWER at term 4 for DISCOVERED_A_NEW_TERM
2019-10-18 13:01:22,613 [893cf03e-f2cf-478a-892a-a746717e50e3@group-187684C21557-LeaderElection25] INFO  impl.RoleInfo (RoleInfo.java:shutdownLeaderElection(134)) - 893cf03e-f2cf-478a-892a-a746717e50e3: shutdown LeaderElection
2019-10-18 13:01:22,613 [893cf03e-f2cf-478a-892a-a746717e50e3@group-187684C21557-LeaderElection25] INFO  impl.RoleInfo (RoleInfo.java:updateAndGet(143)) - 893cf03e-f2cf-478a-892a-a746717e50e3: start FollowerState
2019-10-18 13:01:22,615 [018b3f78-d19f-4e26-a796-cb8ddc4f97cf@group-187684C21557-LeaderElection30] INFO  impl.LeaderElection (LeaderElection.java:logAndReturn(56)) - 018b3f78-d19f-4e26-a796-cb8ddc4f97cf@group-187684C21557-LeaderElection30: Election REJECTED; received 2 response(s) [018b3f78-d19f-4e26-a796-cb8ddc4f97cf<-893cf03e-f2cf-478a-892a-a746717e50e3#0:FAIL-t4, 018b3f78-d19f-4e26-a796-cb8ddc4f97cf<-8697df36-98d2-41b1-bdc7-60597b3b5526#0:FAIL-t4] and 0 exception(s); 018b3f78-d19f-4e26-a796-cb8ddc4f97cf@group-187684C21557:t4, leader=null, voted=018b3f78-d19f-4e26-a796-cb8ddc4f97cf, raftlog=018b3f78-d19f-4e26-a796-cb8ddc4f97cf@group-187684C21557-SegmentedRaftLog:OPENED:c-1,f-1,i0, conf=-1: [893cf03e-f2cf-478a-892a-a746717e50e3:192.168.34.56:40750, 8697df36-98d2-41b1-bdc7-60597b3b5526:192.168.34.56:46415, 018b3f78-d19f-4e26-a796-cb8ddc4f97cf:192.168.34.56:35845], old=null
2019-10-18 13:01:22,617 [018b3f78-d19f-4e26-a796-cb8ddc4f97cf@group-187684C21557-LeaderElection30] INFO  impl.RaftServerImpl (RaftServerImpl.java:setRole(184)) - 018b3f78-d19f-4e26-a796-cb8ddc4f97cf@group-187684C21557: changes role from CANDIDATE to FOLLOWER at term 4 for DISCOVERED_A_NEW_TERM
2019-10-18 13:01:22,617 [018b3f78-d19f-4e26-a796-cb8ddc4f97cf@group-187684C21557-LeaderElection30] INFO  impl.RoleInfo (RoleInfo.java:shutdownLeaderElection(134)) - 018b3f78-d19f-4e26-a796-cb8ddc4f97cf: shutdown LeaderElection
2019-10-18 13:01:22,617 [018b3f78-d19f-4e26-a796-cb8ddc4f97cf@group-187684C21557-LeaderElection30] INFO  impl.RoleInfo (RoleInfo.java:updateAndGet(143)) - 018b3f78-d19f-4e26-a796-cb8ddc4f97cf: start FollowerState
2019-10-18 13:01:22,618 [c124d131-afb9-4343-ad4e-aaebde613043@group-FF4202234884-LeaderElection32] INFO  impl.LeaderElection (LeaderElection.java:logAndReturn(56)) - c124d131-afb9-4343-ad4e-aaebde613043@group-FF4202234884-LeaderElection32: Election REJECTED; received 2 response(s) [c124d131-afb9-4343-ad4e-aaebde613043<-999343e7-0330-4874-a345-91eca72585e0#0:FAIL-t4, c124d131-afb9-4343-ad4e-aaebde613043<-e5bb327f-cdd7-4e49-919e-13a4c895fddf#0:FAIL-t4] and 0 exception(s); c124d131-afb9-4343-ad4e-aaebde613043@group-FF4202234884:t4, leader=null, voted=c124d131-afb9-4343-ad4e-aaebde613043, raftlog=c124d131-afb9-4343-ad4e-aaebde613043@group-FF4202234884-SegmentedRaftLog:OPENED:c-1,f-1,i0, conf=-1: [999343e7-0330-4874-a345-91eca72585e0:192.168.34.56:44872, c124d131-afb9-4343-ad4e-aaebde613043:192.168.34.56:42116, e5bb327f-cdd7-4e49-919e-13a4c895fddf:192.168.34.56:36658], old=null
2019-10-18 13:01:22,620 [c124d131-afb9-4343-ad4e-aaebde613043@group-FF4202234884-LeaderElection32] INFO  impl.RaftServerImpl (RaftServerImpl.java:setRole(184)) - c124d131-afb9-4343-ad4e-aaebde613043@group-FF4202234884: changes role from CANDIDATE to FOLLOWER at term 4 for DISCOVERED_A_NEW_TERM
2019-10-18 13:01:22,620 [999343e7-0330-4874-a345-91eca72585e0@group-FF4202234884-LeaderElection34] INFO  impl.LeaderElection (LeaderElection.java:logAndReturn(56)) - 999343e7-0330-4874-a345-91eca72585e0@group-FF4202234884-LeaderElection34: Election REJECTED; received 2 response(s) [999343e7-0330-4874-a345-91eca72585e0<-c124d131-afb9-4343-ad4e-aaebde613043#0:FAIL-t4, 999343e7-0330-4874-a345-91eca72585e0<-e5bb327f-cdd7-4e49-919e-13a4c895fddf#0:FAIL-t4] and 0 exception(s); 999343e7-0330-4874-a345-91eca72585e0@group-FF4202234884:t4, leader=null, voted=999343e7-0330-4874-a345-91eca72585e0, raftlog=999343e7-0330-4874-a345-91eca72585e0@group-FF4202234884-SegmentedRaftLog:OPENED:c-1,f-1,i0, conf=-1: [999343e7-0330-4874-a345-91eca72585e0:192.168.34.56:44872, c124d131-afb9-4343-ad4e-aaebde613043:192.168.34.56:42116, e5bb327f-cdd7-4e49-919e-13a4c895fddf:192.168.34.56:36658], old=null
2019-10-18 13:01:22,620 [c124d131-afb9-4343-ad4e-aaebde613043@group-FF4202234884-LeaderElection32] INFO  impl.RoleInfo (RoleInfo.java:shutdownLeaderElection(134)) - c124d131-afb9-4343-ad4e-aaebde613043: shutdown LeaderElection
2019-10-18 13:01:22,622 [999343e7-0330-4874-a345-91eca72585e0@group-FF4202234884-LeaderElection34] INFO  impl.RaftServerImpl (RaftServerImpl.java:setRole(184)) - 999343e7-0330-4874-a345-91eca72585e0@group-FF4202234884: changes role from CANDIDATE to FOLLOWER at term 4 for DISCOVERED_A_NEW_TERM
2019-10-18 13:01:22,623 [c124d131-afb9-4343-ad4e-aaebde613043@group-FF4202234884-LeaderElection32] INFO  impl.RoleInfo (RoleInfo.java:updateAndGet(143)) - c124d131-afb9-4343-ad4e-aaebde613043: start FollowerState
2019-10-18 13:01:22,624 [999343e7-0330-4874-a345-91eca72585e0@group-FF4202234884-LeaderElection34] INFO  impl.RoleInfo (RoleInfo.java:shutdownLeaderElection(134)) - 999343e7-0330-4874-a345-91eca72585e0: shutdown LeaderElection
2019-10-18 13:01:22,624 [17618ccc-f51c-4f14-92cf-842ef2c05e35@group-08BD6F798C58-LeaderElection35] INFO  impl.LeaderElection (LeaderElection.java:askForVotes(178)) - 17618ccc-f51c-4f14-92cf-842ef2c05e35@group-08BD6F798C58-LeaderElection35: begin an election at term 7 for -1: [17618ccc-f51c-4f14-92cf-842ef2c05e35:192.168.34.56:38851, 896cef04-248b-470f-8c5c-c9acb81bb157:192.168.34.56:37940, 32d97539-eb73-46c6-a759-05f11ff00f4c:192.168.34.56:35929], old=null
2019-10-18 13:01:22,624 [999343e7-0330-4874-a345-91eca72585e0@group-FF4202234884-LeaderElection34] INFO  impl.RoleInfo (RoleInfo.java:updateAndGet(143)) - 999343e7-0330-4874-a345-91eca72585e0: start FollowerState
2019-10-18 13:01:22,625 [896cef04-248b-470f-8c5c-c9acb81bb157@group-08BD6F798C58-LeaderElection29] INFO  impl.LeaderElection (LeaderElection.java:logAndReturn(56)) - 896cef04-248b-470f-8c5c-c9acb81bb157@group-08BD6F798C58-LeaderElection29: Election REJECTED; received 2 response(s) [896cef04-248b-470f-8c5c-c9acb81bb157<-17618ccc-f51c-4f14-92cf-842ef2c05e35#0:FAIL-t7, 896cef04-248b-470f-8c5c-c9acb81bb157<-32d97539-eb73-46c6-a759-05f11ff00f4c#0:FAIL-t7] and 0 exception(s); 896cef04-248b-470f-8c5c-c9acb81bb157@group-08BD6F798C58:t7, leader=null, voted=896cef04-248b-470f-8c5c-c9acb81bb157, raftlog=896cef04-248b-470f-8c5c-c9acb81bb157@group-08BD6F798C58-SegmentedRaftLog:OPENED:c-1,f-1,i0, conf=-1: [17618ccc-f51c-4f14-92cf-842ef2c05e35:192.168.34.56:38851, 896cef04-248b-470f-8c5c-c9acb81bb157:192.168.34.56:37940, 32d97539-eb73-46c6-a759-05f11ff00f4c:192.168.34.56:35929], old=null
2019-10-18 13:01:22,626 [896cef04-248b-470f-8c5c-c9acb81bb157@group-08BD6F798C58-LeaderElection29] INFO  impl.RaftServerImpl (RaftServerImpl.java:setRole(184)) - 896cef04-248b-470f-8c5c-c9acb81bb157@group-08BD6F798C58: changes role from CANDIDATE to FOLLOWER at term 7 for DISCOVERED_A_NEW_TERM
2019-10-18 13:01:22,626 [896cef04-248b-470f-8c5c-c9acb81bb157@group-08BD6F798C58-LeaderElection29] INFO  impl.RoleInfo (RoleInfo.java:shutdownLeaderElection(134)) - 896cef04-248b-470f-8c5c-c9acb81bb157: shutdown LeaderElection
2019-10-18 13:01:22,626 [32d97539-eb73-46c6-a759-05f11ff00f4c@group-08BD6F798C58-LeaderElection26] INFO  impl.LeaderElection (LeaderElection.java:logAndReturn(56)) - 32d97539-eb73-46c6-a759-05f11ff00f4c@group-08BD6F798C58-LeaderElection26: Election REJECTED; received 2 response(s) [32d97539-eb73-46c6-a759-05f11ff00f4c<-17618ccc-f51c-4f14-92cf-842ef2c05e35#0:FAIL-t7, 32d97539-eb73-46c6-a759-05f11ff00f4c<-896cef04-248b-470f-8c5c-c9acb81bb157#0:FAIL-t7] and 0 exception(s); 32d97539-eb73-46c6-a759-05f11ff00f4c@group-08BD6F798C58:t7, leader=null, voted=32d97539-eb73-46c6-a759-05f11ff00f4c, raftlog=32d97539-eb73-46c6-a759-05f11ff00f4c@group-08BD6F798C58-SegmentedRaftLog:OPENED:c-1,f-1,i0, conf=-1: [17618ccc-f51c-4f14-92cf-842ef2c05e35:192.168.34.56:38851, 896cef04-248b-470f-8c5c-c9acb81bb157:192.168.34.56:37940, 32d97539-eb73-46c6-a759-05f11ff00f4c:192.168.34.56:35929], old=null
2019-10-18 13:01:22,627 [896cef04-248b-470f-8c5c-c9acb81bb157@group-08BD6F798C58-LeaderElection29] INFO  impl.RoleInfo (RoleInfo.java:updateAndGet(143)) - 896cef04-248b-470f-8c5c-c9acb81bb157: start FollowerState
2019-10-18 13:01:22,628 [32d97539-eb73-46c6-a759-05f11ff00f4c@group-08BD6F798C58-LeaderElection26] INFO  impl.RaftServerImpl (RaftServerImpl.java:setRole(184)) - 32d97539-eb73-46c6-a759-05f11ff00f4c@group-08BD6F798C58: changes role from CANDIDATE to FOLLOWER at term 7 for DISCOVERED_A_NEW_TERM
2019-10-18 13:01:22,629 [32d97539-eb73-46c6-a759-05f11ff00f4c@group-08BD6F798C58-LeaderElection26] INFO  impl.RoleInfo (RoleInfo.java:shutdownLeaderElection(134)) - 32d97539-eb73-46c6-a759-05f11ff00f4c: shutdown LeaderElection
2019-10-18 13:01:22,629 [32d97539-eb73-46c6-a759-05f11ff00f4c@group-08BD6F798C58-LeaderElection26] INFO  impl.RoleInfo (RoleInfo.java:updateAndGet(143)) - 32d97539-eb73-46c6-a759-05f11ff00f4c: start FollowerState
2019-10-18 13:01:22,630 [8697df36-98d2-41b1-bdc7-60597b3b5526@group-187684C21557-LeaderElection31] INFO  impl.LeaderElection (LeaderElection.java:logAndReturn(56)) - 8697df36-98d2-41b1-bdc7-60597b3b5526@group-187684C21557-LeaderElection31: Election REJECTED; received 2 response(s) [8697df36-98d2-41b1-bdc7-60597b3b5526<-893cf03e-f2cf-478a-892a-a746717e50e3#0:FAIL-t4, 8697df36-98d2-41b1-bdc7-60597b3b5526<-018b3f78-d19f-4e26-a796-cb8ddc4f97cf#0:FAIL-t4] and 0 exception(s); 8697df36-98d2-41b1-bdc7-60597b3b5526@group-187684C21557:t4, leader=null, voted=8697df36-98d2-41b1-bdc7-60597b3b5526, raftlog=8697df36-98d2-41b1-bdc7-60597b3b5526@group-187684C21557-SegmentedRaftLog:OPENED:c-1,f-1,i0, conf=-1: [893cf03e-f2cf-478a-892a-a746717e50e3:192.168.34.56:40750, 8697df36-98d2-41b1-bdc7-60597b3b5526:192.168.34.56:46415, 018b3f78-d19f-4e26-a796-cb8ddc4f97cf:192.168.34.56:35845], old=null
2019-10-18 13:01:22,630 [8697df36-98d2-41b1-bdc7-60597b3b5526@group-187684C21557-LeaderElection31] INFO  impl.RaftServerImpl (RaftServerImpl.java:setRole(184)) - 8697df36-98d2-41b1-bdc7-60597b3b5526@group-187684C21557: changes role from CANDIDATE to FOLLOWER at term 4 for DISCOVERED_A_NEW_TERM
2019-10-18 13:01:22,630 [8697df36-98d2-41b1-bdc7-60597b3b5526@group-187684C21557-LeaderElection31] INFO  impl.RoleInfo (RoleInfo.java:shutdownLeaderElection(134)) - 8697df36-98d2-41b1-bdc7-60597b3b5526: shutdown LeaderElection
2019-10-18 13:01:22,630 [8697df36-98d2-41b1-bdc7-60597b3b5526@group-187684C21557-LeaderElection31] INFO  impl.RoleInfo (RoleInfo.java:updateAndGet(143)) - 8697df36-98d2-41b1-bdc7-60597b3b5526: start FollowerState
2019-10-18 13:01:22,632 [17618ccc-f51c-4f14-92cf-842ef2c05e35@group-08BD6F798C58-LeaderElection35] INFO  impl.LeaderElection (LeaderElection.java:logAndReturn(56)) - 17618ccc-f51c-4f14-92cf-842ef2c05e35@group-08BD6F798C58-LeaderElection35: Election REJECTED; received 2 response(s) [17618ccc-f51c-4f14-92cf-842ef2c05e35<-896cef04-248b-470f-8c5c-c9acb81bb157#0:FAIL-t7, 17618ccc-f51c-4f14-92cf-842ef2c05e35<-32d97539-eb73-46c6-a759-05f11ff00f4c#0:FAIL-t7] and 0 exception(s); 17618ccc-f51c-4f14-92cf-842ef2c05e35@group-08BD6F798C58:t7, leader=null, voted=17618ccc-f51c-4f14-92cf-842ef2c05e35, raftlog=17618ccc-f51c-4f14-92cf-842ef2c05e35@group-08BD6F798C58-SegmentedRaftLog:OPENED:c-1,f-1,i0, conf=-1: [17618ccc-f51c-4f14-92cf-842ef2c05e35:192.168.34.56:38851, 896cef04-248b-470f-8c5c-c9acb81bb157:192.168.34.56:37940, 32d97539-eb73-46c6-a759-05f11ff00f4c:192.168.34.56:35929], old=null
2019-10-18 13:01:22,638 [17618ccc-f51c-4f14-92cf-842ef2c05e35@group-08BD6F798C58-LeaderElection35] INFO  impl.RaftServerImpl (RaftServerImpl.java:setRole(184)) - 17618ccc-f51c-4f14-92cf-842ef2c05e35@group-08BD6F798C58: changes role from CANDIDATE to FOLLOWER at term 7 for DISCOVERED_A_NEW_TERM
2019-10-18 13:01:22,638 [17618ccc-f51c-4f14-92cf-842ef2c05e35@group-08BD6F798C58-LeaderElection35] INFO  impl.RoleInfo (RoleInfo.java:shutdownLeaderElection(134)) - 17618ccc-f51c-4f14-92cf-842ef2c05e35: shutdown LeaderElection
2019-10-18 13:01:22,639 [17618ccc-f51c-4f14-92cf-842ef2c05e35@group-08BD6F798C58-LeaderElection35] INFO  impl.RoleInfo (RoleInfo.java:updateAndGet(143)) - 17618ccc-f51c-4f14-92cf-842ef2c05e35: start FollowerState
2019-10-18 13:01:22,656 [Thread-497] INFO  impl.FollowerState (FollowerState.java:run(108)) - 32d97539-eb73-46c6-a759-05f11ff00f4c@group-08BD6F798C58-FollowerState: change to CANDIDATE, lastRpcTime:26ms, electionTimeout:26ms
2019-10-18 13:01:22,656 [Thread-497] INFO  impl.RoleInfo (RoleInfo.java:shutdownFollowerState(121)) - 32d97539-eb73-46c6-a759-05f11ff00f4c: shutdown FollowerState
2019-10-18 13:01:22,656 [Thread-497] INFO  impl.RaftServerImpl (RaftServerImpl.java:setRole(184)) - 32d97539-eb73-46c6-a759-05f11ff00f4c@group-08BD6F798C58: changes role from  FOLLOWER to CANDIDATE at term 7 for changeToCandidate
2019-10-18 13:01:22,656 [Thread-497] INFO  impl.RoleInfo (RoleInfo.java:updateAndGet(143)) - 32d97539-eb73-46c6-a759-05f11ff00f4c: start LeaderElection
2019-10-18 13:01:22,684 [Thread-489] INFO  impl.FollowerState (FollowerState.java:run(108)) - e5bb327f-cdd7-4e49-919e-13a4c895fddf@group-FF4202234884-FollowerState: change to CANDIDATE, lastRpcTime:74ms, electionTimeout:74ms
2019-10-18 13:01:22,684 [Thread-489] INFO  impl.RoleInfo (RoleInfo.java:shutdownFollowerState(121)) - e5bb327f-cdd7-4e49-919e-13a4c895fddf: shutdown FollowerState
2019-10-18 13:01:22,684 [Thread-489] INFO  impl.RaftServerImpl (RaftServerImpl.java:setRole(184)) - e5bb327f-cdd7-4e49-919e-13a4c895fddf@group-FF4202234884: changes role from  FOLLOWER to CANDIDATE at term 4 for changeToCandidate
2019-10-18 13:01:22,684 [Thread-489] INFO  impl.RoleInfo (RoleInfo.java:updateAndGet(143)) - e5bb327f-cdd7-4e49-919e-13a4c895fddf: start LeaderElection
2019-10-18 13:01:22,701 [Thread-491] INFO  impl.FollowerState (FollowerState.java:run(108)) - 018b3f78-d19f-4e26-a796-cb8ddc4f97cf@group-187684C21557-FollowerState: change to CANDIDATE, lastRpcTime:84ms, electionTimeout:84ms
2019-10-18 13:01:22,702 [Thread-491] INFO  impl.RoleInfo (RoleInfo.java:shutdownFollowerState(121)) - 018b3f78-d19f-4e26-a796-cb8ddc4f97cf: shutdown FollowerState
2019-10-18 13:01:22,702 [Thread-491] INFO  impl.RaftServerImpl (RaftServerImpl.java:setRole(184)) - 018b3f78-d19f-4e26-a796-cb8ddc4f97cf@group-187684C21557: changes role from  FOLLOWER to CANDIDATE at term 4 for changeToCandidate
2019-10-18 13:01:22,702 [Thread-491] INFO  impl.RoleInfo (RoleInfo.java:updateAndGet(143)) - 018b3f78-d19f-4e26-a796-cb8ddc4f97cf: start LeaderElection
2019-10-18 13:01:22,704 [Thread-496] INFO  impl.FollowerState (FollowerState.java:run(108)) - 896cef04-248b-470f-8c5c-c9acb81bb157@group-08BD6F798C58-FollowerState: change to CANDIDATE, lastRpcTime:76ms, electionTimeout:74ms
2019-10-18 13:01:22,704 [Thread-496] INFO  impl.RoleInfo (RoleInfo.java:shutdownFollowerState(121)) - 896cef04-248b-470f-8c5c-c9acb81bb157: shutdown FollowerState
2019-10-18 13:01:22,704 [Thread-496] INFO  impl.RaftServerImpl (RaftServerImpl.java:setRole(184)) - 896cef04-248b-470f-8c5c-c9acb81bb157@group-08BD6F798C58: changes role from  FOLLOWER to CANDIDATE at term 7 for changeToCandidate
2019-10-18 13:01:22,704 [Thread-496] INFO  impl.RoleInfo (RoleInfo.java:updateAndGet(143)) - 896cef04-248b-470f-8c5c-c9acb81bb157: start LeaderElection
2019-10-18 13:01:22,712 [32d97539-eb73-46c6-a759-05f11ff00f4c@group-08BD6F798C58-LeaderElection36] INFO  impl.LeaderElection (LeaderElection.java:askForVotes(178)) - 32d97539-eb73-46c6-a759-05f11ff00f4c@group-08BD6F798C58-LeaderElection36: begin an election at term 8 for -1: [17618ccc-f51c-4f14-92cf-842ef2c05e35:192.168.34.56:38851, 896cef04-248b-470f-8c5c-c9acb81bb157:192.168.34.56:37940, 32d97539-eb73-46c6-a759-05f11ff00f4c:192.168.34.56:35929], old=null
2019-10-18 13:01:22,713 [Thread-498] INFO  impl.FollowerState (FollowerState.java:run(108)) - 8697df36-98d2-41b1-bdc7-60597b3b5526@group-187684C21557-FollowerState: change to CANDIDATE, lastRpcTime:82ms, electionTimeout:82ms
2019-10-18 13:01:22,713 [Thread-498] INFO  impl.RoleInfo (RoleInfo.java:shutdownFollowerState(121)) - 8697df36-98d2-41b1-bdc7-60597b3b5526: shutdown FollowerState
2019-10-18 13:01:22,713 [Thread-498] INFO  impl.RaftServerImpl (RaftServerImpl.java:setRole(184)) - 8697df36-98d2-41b1-bdc7-60597b3b5526@group-187684C21557: changes role from  FOLLOWER to CANDIDATE at term 4 for changeToCandidate
2019-10-18 13:01:22,713 [Thread-498] INFO  impl.RoleInfo (RoleInfo.java:updateAndGet(143)) - 8697df36-98d2-41b1-bdc7-60597b3b5526: start LeaderElection
2019-10-18 13:01:22,715 [Thread-499] INFO  impl.FollowerState (FollowerState.java:run(108)) - 17618ccc-f51c-4f14-92cf-842ef2c05e35@group-08BD6F798C58-FollowerState: change to CANDIDATE, lastRpcTime:76ms, electionTimeout:76ms
2019-10-18 13:01:22,715 [Thread-499] INFO  impl.RoleInfo (RoleInfo.java:shutdownFollowerState(121)) - 17618ccc-f51c-4f14-92cf-842ef2c05e35: shutdown FollowerState
2019-10-18 13:01:22,715 [Thread-499] INFO  impl.RaftServerImpl (RaftServerImpl.java:setRole(184)) - 17618ccc-f51c-4f14-92cf-842ef2c05e35@group-08BD6F798C58: changes role from  FOLLOWER to CANDIDATE at term 7 for changeToCandidate
2019-10-18 13:01:22,715 [Thread-499] INFO  impl.RoleInfo (RoleInfo.java:updateAndGet(143)) - 17618ccc-f51c-4f14-92cf-842ef2c05e35: start LeaderElection
2019-10-18 13:01:22,715 [grpc-default-executor-6] INFO  impl.RaftServerImpl (RaftServerImpl.java:setRole(184)) - 17618ccc-f51c-4f14-92cf-842ef2c05e35@group-08BD6F798C58: changes role from CANDIDATE to FOLLOWER at term 8 for recognizeCandidate:32d97539-eb73-46c6-a759-05f11ff00f4c
2019-10-18 13:01:22,716 [grpc-default-executor-6] INFO  impl.RoleInfo (RoleInfo.java:shutdownLeaderElection(134)) - 17618ccc-f51c-4f14-92cf-842ef2c05e35: shutdown LeaderElection
2019-10-18 13:01:22,716 [grpc-default-executor-6] INFO  impl.RoleInfo (RoleInfo.java:updateAndGet(143)) - 17618ccc-f51c-4f14-92cf-842ef2c05e35: start FollowerState
2019-10-18 13:01:22,722 [Thread-490] INFO  impl.FollowerState (FollowerState.java:run(108)) - 893cf03e-f2cf-478a-892a-a746717e50e3@group-187684C21557-FollowerState: change to CANDIDATE, lastRpcTime:108ms, electionTimeout:108ms
2019-10-18 13:01:22,722 [Thread-490] INFO  impl.RoleInfo (RoleInfo.java:shutdownFollowerState(121)) - 893cf03e-f2cf-478a-892a-a746717e50e3: shutdown FollowerState
2019-10-18 13:01:22,722 [Thread-490] INFO  impl.RaftServerImpl (RaftServerImpl.java:setRole(184)) - 893cf03e-f2cf-478a-892a-a746717e50e3@group-187684C21557: changes role from  FOLLOWER to CANDIDATE at term 4 for changeToCandidate
2019-10-18 13:01:22,722 [Thread-490] INFO  impl.RoleInfo (RoleInfo.java:updateAndGet(143)) - 893cf03e-f2cf-478a-892a-a746717e50e3: start LeaderElection
2019-10-18 13:01:22,728 [32d97539-eb73-46c6-a759-05f11ff00f4c@group-08BD6F798C58-LeaderElection36] INFO  impl.LeaderElection (LeaderElection.java:logAndReturn(56)) - 32d97539-eb73-46c6-a759-05f11ff00f4c@group-08BD6F798C58-LeaderElection36: Election TIMEOUT; received 0 response(s) [] and 0 exception(s); 32d97539-eb73-46c6-a759-05f11ff00f4c@group-08BD6F798C58:t8, leader=null, voted=32d97539-eb73-46c6-a759-05f11ff00f4c, raftlog=32d97539-eb73-46c6-a759-05f11ff00f4c@group-08BD6F798C58-SegmentedRaftLog:OPENED:c-1,f-1,i0, conf=-1: [17618ccc-f51c-4f14-92cf-842ef2c05e35:192.168.34.56:38851, 896cef04-248b-470f-8c5c-c9acb81bb157:192.168.34.56:37940, 32d97539-eb73-46c6-a759-05f11ff00f4c:192.168.34.56:35929], old=null
2019-10-18 13:01:22,761 [Thread-493] INFO  impl.FollowerState (FollowerState.java:run(108)) - 999343e7-0330-4874-a345-91eca72585e0@group-FF4202234884-FollowerState: change to CANDIDATE, lastRpcTime:137ms, electionTimeout:137ms
2019-10-18 13:01:22,761 [Thread-493] INFO  impl.RoleInfo (RoleInfo.java:shutdownFollowerState(121)) - 999343e7-0330-4874-a345-91eca72585e0: shutdown FollowerState
2019-10-18 13:01:22,761 [Thread-493] INFO  impl.RaftServerImpl (RaftServerImpl.java:setRole(184)) - 999343e7-0330-4874-a345-91eca72585e0@group-FF4202234884: changes role from  FOLLOWER to CANDIDATE at term 4 for changeToCandidate
2019-10-18 13:01:22,762 [Thread-493] INFO  impl.RoleInfo (RoleInfo.java:updateAndGet(143)) - 999343e7-0330-4874-a345-91eca72585e0: start LeaderElection
2019-10-18 13:01:22,782 [Thread-492] INFO  impl.FollowerState (FollowerState.java:run(108)) - c124d131-afb9-4343-ad4e-aaebde613043@group-FF4202234884-FollowerState: change to CANDIDATE, lastRpcTime:158ms, electionTimeout:158ms
2019-10-18 13:01:22,782 [Thread-492] INFO  impl.RoleInfo (RoleInfo.java:shutdownFollowerState(121)) - c124d131-afb9-4343-ad4e-aaebde613043: shutdown FollowerState
2019-10-18 13:01:22,782 [Thread-492] INFO  impl.RaftServerImpl (RaftServerImpl.java:setRole(184)) - c124d131-afb9-4343-ad4e-aaebde613043@group-FF4202234884: changes role from  FOLLOWER to CANDIDATE at term 4 for changeToCandidate
2019-10-18 13:01:22,783 [Thread-492] INFO  impl.RoleInfo (RoleInfo.java:updateAndGet(143)) - c124d131-afb9-4343-ad4e-aaebde613043: start LeaderElection
2019-10-18 13:01:22,789 [018b3f78-d19f-4e26-a796-cb8ddc4f97cf@group-187684C21557-LeaderElection38] INFO  impl.LeaderElection (LeaderElection.java:askForVotes(178)) - 018b3f78-d19f-4e26-a796-cb8ddc4f97cf@group-187684C21557-LeaderElection38: begin an election at term 5 for -1: [893cf03e-f2cf-478a-892a-a746717e50e3:192.168.34.56:40750, 8697df36-98d2-41b1-bdc7-60597b3b5526:192.168.34.56:46415, 018b3f78-d19f-4e26-a796-cb8ddc4f97cf:192.168.34.56:35845], old=null
2019-10-18 13:01:22,789 [896cef04-248b-470f-8c5c-c9acb81bb157@group-08BD6F798C58-LeaderElection39] INFO  impl.LeaderElection (LeaderElection.java:askForVotes(178)) - 896cef04-248b-470f-8c5c-c9acb81bb157@group-08BD6F798C58-LeaderElection39: begin an election at term 8 for -1: [17618ccc-f51c-4f14-92cf-842ef2c05e35:192.168.34.56:38851, 896cef04-248b-470f-8c5c-c9acb81bb157:192.168.34.56:37940, 32d97539-eb73-46c6-a759-05f11ff00f4c:192.168.34.56:35929], old=null
2019-10-18 13:01:22,789 [e5bb327f-cdd7-4e49-919e-13a4c895fddf@group-FF4202234884-LeaderElection37] INFO  impl.LeaderElection (LeaderElection.java:askForVotes(178)) - e5bb327f-cdd7-4e49-919e-13a4c895fddf@group-FF4202234884-LeaderElection37: begin an election at term 5 for -1: [999343e7-0330-4874-a345-91eca72585e0:192.168.34.56:44872, c124d131-afb9-4343-ad4e-aaebde613043:192.168.34.56:42116, e5bb327f-cdd7-4e49-919e-13a4c895fddf:192.168.34.56:36658], old=null
2019-10-18 13:01:22,790 [893cf03e-f2cf-478a-892a-a746717e50e3@group-187684C21557-LeaderElection42] INFO  impl.LeaderElection (LeaderElection.java:askForVotes(178)) - 893cf03e-f2cf-478a-892a-a746717e50e3@group-187684C21557-LeaderElection42: begin an election at term 5 for -1: [893cf03e-f2cf-478a-892a-a746717e50e3:192.168.34.56:40750, 8697df36-98d2-41b1-bdc7-60597b3b5526:192.168.34.56:46415, 018b3f78-d19f-4e26-a796-cb8ddc4f97cf:192.168.34.56:35845], old=null
2019-10-18 13:01:22,790 [8697df36-98d2-41b1-bdc7-60597b3b5526@group-187684C21557-LeaderElection40] INFO  impl.LeaderElection (LeaderElection.java:askForVotes(178)) - 8697df36-98d2-41b1-bdc7-60597b3b5526@group-187684C21557-LeaderElection40: begin an election at term 5 for -1: [893cf03e-f2cf-478a-892a-a746717e50e3:192.168.34.56:40750, 8697df36-98d2-41b1-bdc7-60597b3b5526:192.168.34.56:46415, 018b3f78-d19f-4e26-a796-cb8ddc4f97cf:192.168.34.56:35845], old=null
2019-10-18 13:01:22,790 [32d97539-eb73-46c6-a759-05f11ff00f4c@group-08BD6F798C58-LeaderElection36] INFO  impl.LeaderElection (LeaderElection.java:askForVotes(178)) - 32d97539-eb73-46c6-a759-05f11ff00f4c@group-08BD6F798C58-LeaderElection36: begin an election at term 9 for -1: [17618ccc-f51c-4f14-92cf-842ef2c05e35:192.168.34.56:38851, 896cef04-248b-470f-8c5c-c9acb81bb157:192.168.34.56:37940, 32d97539-eb73-46c6-a759-05f11ff00f4c:192.168.34.56:35929], old=null
2019-10-18 13:01:22,795 [896cef04-248b-470f-8c5c-c9acb81bb157@group-08BD6F798C58-LeaderElection39] INFO  impl.LeaderElection (LeaderElection.java:logAndReturn(56)) - 896cef04-248b-470f-8c5c-c9acb81bb157@group-08BD6F798C58-LeaderElection39: Election DISCOVERED_A_NEW_TERM; received 1 response(s) [896cef04-248b-470f-8c5c-c9acb81bb157<-32d97539-eb73-46c6-a759-05f11ff00f4c#0:FAIL-t9] and 0 exception(s); 896cef04-248b-470f-8c5c-c9acb81bb157@group-08BD6F798C58:t8, leader=null, voted=896cef04-248b-470f-8c5c-c9acb81bb157, raftlog=896cef04-248b-470f-8c5c-c9acb81bb157@group-08BD6F798C58-SegmentedRaftLog:OPENED:c-1,f-1,i0, conf=-1: [17618ccc-f51c-4f14-92cf-842ef2c05e35:192.168.34.56:38851, 896cef04-248b-470f-8c5c-c9acb81bb157:192.168.34.56:37940, 32d97539-eb73-46c6-a759-05f11ff00f4c:192.168.34.56:35929], old=null
2019-10-18 13:01:22,795 [896cef04-248b-470f-8c5c-c9acb81bb157@group-08BD6F798C58-LeaderElection39] INFO  impl.RaftServerImpl (RaftServerImpl.java:setRole(184)) - 896cef04-248b-470f-8c5c-c9acb81bb157@group-08BD6F798C58: changes role from CANDIDATE to FOLLOWER at term 9 for DISCOVERED_A_NEW_TERM
2019-10-18 13:01:22,795 [896cef04-248b-470f-8c5c-c9acb81bb157@group-08BD6F798C58-LeaderElection39] INFO  impl.RoleInfo (RoleInfo.java:shutdownLeaderElection(134)) - 896cef04-248b-470f-8c5c-c9acb81bb157: shutdown LeaderElection
2019-10-18 13:01:22,796 [896cef04-248b-470f-8c5c-c9acb81bb157@group-08BD6F798C58-LeaderElection39] INFO  impl.RoleInfo (RoleInfo.java:updateAndGet(143)) - 896cef04-248b-470f-8c5c-c9acb81bb157: start FollowerState
2019-10-18 13:01:22,796 [018b3f78-d19f-4e26-a796-cb8ddc4f97cf@group-187684C21557-LeaderElection38] INFO  impl.LeaderElection (LeaderElection.java:logAndReturn(56)) - 018b3f78-d19f-4e26-a796-cb8ddc4f97cf@group-187684C21557-LeaderElection38: Election REJECTED; received 2 response(s) [018b3f78-d19f-4e26-a796-cb8ddc4f97cf<-893cf03e-f2cf-478a-892a-a746717e50e3#0:FAIL-t5, 018b3f78-d19f-4e26-a796-cb8ddc4f97cf<-8697df36-98d2-41b1-bdc7-60597b3b5526#0:FAIL-t5] and 0 exception(s); 018b3f78-d19f-4e26-a796-cb8ddc4f97cf@group-187684C21557:t5, leader=null, voted=018b3f78-d19f-4e26-a796-cb8ddc4f97cf, raftlog=018b3f78-d19f-4e26-a796-cb8ddc4f97cf@group-187684C21557-SegmentedRaftLog:OPENED:c-1,f-1,i0, conf=-1: [893cf03e-f2cf-478a-892a-a746717e50e3:192.168.34.56:40750, 8697df36-98d2-41b1-bdc7-60597b3b5526:192.168.34.56:46415, 018b3f78-d19f-4e26-a796-cb8ddc4f97cf:192.168.34.56:35845], old=null
2019-10-18 13:01:22,796 [018b3f78-d19f-4e26-a796-cb8ddc4f97cf@group-187684C21557-LeaderElection38] INFO  impl.RaftServerImpl (RaftServerImpl.java:setRole(184)) - 018b3f78-d19f-4e26-a796-cb8ddc4f97cf@group-187684C21557: changes role from CANDIDATE to FOLLOWER at term 5 for DISCOVERED_A_NEW_TERM
2019-10-18 13:01:22,796 [018b3f78-d19f-4e26-a796-cb8ddc4f97cf@group-187684C21557-LeaderElection38] INFO  impl.RoleInfo (RoleInfo.java:shutdownLeaderElection(134)) - 018b3f78-d19f-4e26-a796-cb8ddc4f97cf: shutdown LeaderElection
2019-10-18 13:01:22,796 [018b3f78-d19f-4e26-a796-cb8ddc4f97cf@group-187684C21557-LeaderElection38] INFO  impl.RoleInfo (RoleInfo.java:updateAndGet(143)) - 018b3f78-d19f-4e26-a796-cb8ddc4f97cf: start FollowerState
2019-10-18 13:01:22,802 [893cf03e-f2cf-478a-892a-a746717e50e3@group-187684C21557-LeaderElection42] INFO  impl.LeaderElection (LeaderElection.java:logAndReturn(56)) - 893cf03e-f2cf-478a-892a-a746717e50e3@group-187684C21557-LeaderElection42: Election REJECTED; received 2 response(s) [893cf03e-f2cf-478a-892a-a746717e50e3<-8697df36-98d2-41b1-bdc7-60597b3b5526#0:FAIL-t5, 893cf03e-f2cf-478a-892a-a746717e50e3<-018b3f78-d19f-4e26-a796-cb8ddc4f97cf#0:FAIL-t5] and 0 exception(s); 893cf03e-f2cf-478a-892a-a746717e50e3@group-187684C21557:t5, leader=null, voted=893cf03e-f2cf-478a-892a-a746717e50e3, raftlog=893cf03e-f2cf-478a-892a-a746717e50e3@group-187684C21557-SegmentedRaftLog:OPENED:c-1,f-1,i0, conf=-1: [893cf03e-f2cf-478a-892a-a746717e50e3:192.168.34.56:40750, 8697df36-98d2-41b1-bdc7-60597b3b5526:192.168.34.56:46415, 018b3f78-d19f-4e26-a796-cb8ddc4f97cf:192.168.34.56:35845], old=null
2019-10-18 13:01:22,802 [893cf03e-f2cf-478a-892a-a746717e50e3@group-187684C21557-LeaderElection42] INFO  impl.RaftServerImpl (RaftServerImpl.java:setRole(184)) - 893cf03e-f2cf-478a-892a-a746717e50e3@group-187684C21557: changes role from CANDIDATE to FOLLOWER at term 5 for DISCOVERED_A_NEW_TERM
2019-10-18 13:01:22,802 [893cf03e-f2cf-478a-892a-a746717e50e3@group-187684C21557-LeaderElection42] INFO  impl.RoleInfo (RoleInfo.java:shutdownLeaderElection(134)) - 893cf03e-f2cf-478a-892a-a746717e50e3: shutdown LeaderElection
2019-10-18 13:01:22,802 [893cf03e-f2cf-478a-892a-a746717e50e3@group-187684C21557-LeaderElection42] INFO  impl.RoleInfo (RoleInfo.java:updateAndGet(143)) - 893cf03e-f2cf-478a-892a-a746717e50e3: start FollowerState
2019-10-18 13:01:22,803 [8697df36-98d2-41b1-bdc7-60597b3b5526@group-187684C21557-LeaderElection40] INFO  impl.LeaderElection (LeaderElection.java:logAndReturn(56)) - 8697df36-98d2-41b1-bdc7-60597b3b5526@group-187684C21557-LeaderElection40: Election REJECTED; received 2 response(s) [8697df36-98d2-41b1-bdc7-60597b3b5526<-893cf03e-f2cf-478a-892a-a746717e50e3#0:FAIL-t5, 8697df36-98d2-41b1-bdc7-60597b3b5526<-018b3f78-d19f-4e26-a796-cb8ddc4f97cf#0:FAIL-t5] and 0 exception(s); 8697df36-98d2-41b1-bdc7-60597b3b5526@group-187684C21557:t5, leader=null, voted=8697df36-98d2-41b1-bdc7-60597b3b5526, raftlog=8697df36-98d2-41b1-bdc7-60597b3b5526@group-187684C21557-SegmentedRaftLog:OPENED:c-1,f-1,i0, conf=-1: [893cf03e-f2cf-478a-892a-a746717e50e3:192.168.34.56:40750, 8697df36-98d2-41b1-bdc7-60597b3b5526:192.168.34.56:46415, 018b3f78-d19f-4e26-a796-cb8ddc4f97cf:192.168.34.56:35845], old=null
2019-10-18 13:01:22,803 [8697df36-98d2-41b1-bdc7-60597b3b5526@group-187684C21557-LeaderElection40] INFO  impl.RaftServerImpl (RaftServerImpl.java:setRole(184)) - 8697df36-98d2-41b1-bdc7-60597b3b5526@group-187684C21557: changes role from CANDIDATE to FOLLOWER at term 5 for DISCOVERED_A_NEW_TERM
2019-10-18 13:01:22,804 [8697df36-98d2-41b1-bdc7-60597b3b5526@group-187684C21557-LeaderElection40] INFO  impl.RoleInfo (RoleInfo.java:shutdownLeaderElection(134)) - 8697df36-98d2-41b1-bdc7-60597b3b5526: shutdown LeaderElection
2019-10-18 13:01:22,804 [8697df36-98d2-41b1-bdc7-60597b3b5526@group-187684C21557-LeaderElection40] INFO  impl.RoleInfo (RoleInfo.java:updateAndGet(143)) - 8697df36-98d2-41b1-bdc7-60597b3b5526: start FollowerState
2019-10-18 13:01:22,814 [Thread-527] INFO  impl.FollowerState (FollowerState.java:run(108)) - 8697df36-98d2-41b1-bdc7-60597b3b5526@group-187684C21557-FollowerState: change to CANDIDATE, lastRpcTime:10ms, electionTimeout:10ms
2019-10-18 13:01:22,814 [Thread-527] INFO  impl.RoleInfo (RoleInfo.java:shutdownFollowerState(121)) - 8697df36-98d2-41b1-bdc7-60597b3b5526: shutdown FollowerState
2019-10-18 13:01:22,814 [Thread-527] INFO  impl.RaftServerImpl (RaftServerImpl.java:setRole(184)) - 8697df36-98d2-41b1-bdc7-60597b3b5526@group-187684C21557: changes role from  FOLLOWER to CANDIDATE at term 5 for changeToCandidate
2019-10-18 13:01:22,814 [Thread-527] INFO  impl.RoleInfo (RoleInfo.java:updateAndGet(143)) - 8697df36-98d2-41b1-bdc7-60597b3b5526: start LeaderElection
2019-10-18 13:01:22,823 [Thread-525] INFO  impl.FollowerState (FollowerState.java:run(108)) - 018b3f78-d19f-4e26-a796-cb8ddc4f97cf@group-187684C21557-FollowerState: change to CANDIDATE, lastRpcTime:27ms, electionTimeout:27ms
2019-10-18 13:01:22,823 [Thread-525] INFO  impl.RoleInfo (RoleInfo.java:shutdownFollowerState(121)) - 018b3f78-d19f-4e26-a796-cb8ddc4f97cf: shutdown FollowerState
2019-10-18 13:01:22,823 [Thread-525] INFO  impl.RaftServerImpl (RaftServerImpl.java:setRole(184)) - 018b3f78-d19f-4e26-a796-cb8ddc4f97cf@group-187684C21557: changes role from  FOLLOWER to CANDIDATE at term 5 for changeToCandidate
2019-10-18 13:01:22,823 [Thread-525] INFO  impl.RoleInfo (RoleInfo.java:updateAndGet(143)) - 018b3f78-d19f-4e26-a796-cb8ddc4f97cf: start LeaderElection
2019-10-18 13:01:22,879 [999343e7-0330-4874-a345-91eca72585e0@group-FF4202234884-LeaderElection43] INFO  impl.LeaderElection (LeaderElection.java:askForVotes(178)) - 999343e7-0330-4874-a345-91eca72585e0@group-FF4202234884-LeaderElection43: begin an election at term 5 for -1: [999343e7-0330-4874-a345-91eca72585e0:192.168.34.56:44872, c124d131-afb9-4343-ad4e-aaebde613043:192.168.34.56:42116, e5bb327f-cdd7-4e49-919e-13a4c895fddf:192.168.34.56:36658], old=null
2019-10-18 13:01:22,879 [grpc-default-executor-2] INFO  impl.RaftServerImpl (RaftServerImpl.java:setRole(184)) - 896cef04-248b-470f-8c5c-c9acb81bb157@group-08BD6F798C58: changes role from  FOLLOWER to FOLLOWER at term 9 for recognizeCandidate:32d97539-eb73-46c6-a759-05f11ff00f4c
2019-10-18 13:01:22,879 [grpc-default-executor-2] INFO  impl.RoleInfo (RoleInfo.java:shutdownFollowerState(121)) - 896cef04-248b-470f-8c5c-c9acb81bb157: shutdown FollowerState
2019-10-18 13:01:22,879 [c124d131-afb9-4343-ad4e-aaebde613043@group-FF4202234884-LeaderElection44] INFO  impl.LeaderElection (LeaderElection.java:askForVotes(178)) - c124d131-afb9-4343-ad4e-aaebde613043@group-FF4202234884-LeaderElection44: begin an election at term 5 for -1: [999343e7-0330-4874-a345-91eca72585e0:192.168.34.56:44872, c124d131-afb9-4343-ad4e-aaebde613043:192.168.34.56:42116, e5bb327f-cdd7-4e49-919e-13a4c895fddf:192.168.34.56:36658], old=null
2019-10-18 13:01:22,879 [17618ccc-f51c-4f14-92cf-842ef2c05e35@group-08BD6F798C58-LeaderElection41] INFO  impl.LeaderElection (LeaderElection.java:askForVotes(178)) - 17618ccc-f51c-4f14-92cf-842ef2c05e35@group-08BD6F798C58-LeaderElection41: begin an election at term 9 for -1: [17618ccc-f51c-4f14-92cf-842ef2c05e35:192.168.34.56:38851, 896cef04-248b-470f-8c5c-c9acb81bb157:192.168.34.56:37940, 32d97539-eb73-46c6-a759-05f11ff00f4c:192.168.34.56:35929], old=null
2019-10-18 13:01:22,880 [grpc-default-executor-2] INFO  impl.RoleInfo (RoleInfo.java:updateAndGet(143)) - 896cef04-248b-470f-8c5c-c9acb81bb157: start FollowerState
2019-10-18 13:01:22,880 [Thread-524] INFO  impl.FollowerState (FollowerState.java:run(117)) - 896cef04-248b-470f-8c5c-c9acb81bb157@group-08BD6F798C58-FollowerState was interrupted: java.lang.InterruptedException: sleep interrupted
2019-10-18 13:01:22,880 [17618ccc-f51c-4f14-92cf-842ef2c05e35@group-08BD6F798C58-LeaderElection41] INFO  impl.LeaderElection (LeaderElection.java:logAndReturn(56)) - 17618ccc-f51c-4f14-92cf-842ef2c05e35@group-08BD6F798C58-LeaderElection41: Election REJECTED; received 0 response(s) [] and 0 exception(s); 17618ccc-f51c-4f14-92cf-842ef2c05e35@group-08BD6F798C58:t9, leader=null, voted=17618ccc-f51c-4f14-92cf-842ef2c05e35, raftlog=17618ccc-f51c-4f14-92cf-842ef2c05e35@group-08BD6F798C58-SegmentedRaftLog:OPENED:c-1,f-1,i0, conf=-1: [17618ccc-f51c-4f14-92cf-842ef2c05e35:192.168.34.56:38851, 896cef04-248b-470f-8c5c-c9acb81bb157:192.168.34.56:37940, 32d97539-eb73-46c6-a759-05f11ff00f4c:192.168.34.56:35929], old=null
2019-10-18 13:01:22,885 [e5bb327f-cdd7-4e49-919e-13a4c895fddf@group-FF4202234884-LeaderElection37] INFO  impl.LeaderElection (LeaderElection.java:logAndReturn(56)) - e5bb327f-cdd7-4e49-919e-13a4c895fddf@group-FF4202234884-LeaderElection37: Election REJECTED; received 2 response(s) [e5bb327f-cdd7-4e49-919e-13a4c895fddf<-999343e7-0330-4874-a345-91eca72585e0#0:FAIL-t5, e5bb327f-cdd7-4e49-919e-13a4c895fddf<-c124d131-afb9-4343-ad4e-aaebde613043#0:FAIL-t5] and 0 exception(s); e5bb327f-cdd7-4e49-919e-13a4c895fddf@group-FF4202234884:t5, leader=null, voted=e5bb327f-cdd7-4e49-919e-13a4c895fddf, raftlog=e5bb327f-cdd7-4e49-919e-13a4c895fddf@group-FF4202234884-SegmentedRaftLog:OPENED:c-1,f-1,i0, conf=-1: [999343e7-0330-4874-a345-91eca72585e0:192.168.34.56:44872, c124d131-afb9-4343-ad4e-aaebde613043:192.168.34.56:42116, e5bb327f-cdd7-4e49-919e-13a4c895fddf:192.168.34.56:36658], old=null
2019-10-18 13:01:22,885 [e5bb327f-cdd7-4e49-919e-13a4c895fddf@group-FF4202234884-LeaderElection37] INFO  impl.RaftServerImpl (RaftServerImpl.java:setRole(184)) - e5bb327f-cdd7-4e49-919e-13a4c895fddf@group-FF4202234884: changes role from CANDIDATE to FOLLOWER at term 5 for DISCOVERED_A_NEW_TERM
2019-10-18 13:01:22,885 [e5bb327f-cdd7-4e49-919e-13a4c895fddf@group-FF4202234884-LeaderElection37] INFO  impl.RoleInfo (RoleInfo.java:shutdownLeaderElection(134)) - e5bb327f-cdd7-4e49-919e-13a4c895fddf: shutdown LeaderElection
2019-10-18 13:01:22,885 [e5bb327f-cdd7-4e49-919e-13a4c895fddf@group-FF4202234884-LeaderElection37] INFO  impl.RoleInfo (RoleInfo.java:updateAndGet(143)) - e5bb327f-cdd7-4e49-919e-13a4c895fddf: start FollowerState
2019-10-18 13:01:22,890 [Thread-526] INFO  impl.FollowerState (FollowerState.java:run(108)) - 893cf03e-f2cf-478a-892a-a746717e50e3@group-187684C21557-FollowerState: change to CANDIDATE, lastRpcTime:87ms, electionTimeout:87ms
2019-10-18 13:01:22,890 [999343e7-0330-4874-a345-91eca72585e0@group-FF4202234884-LeaderElection43] INFO  impl.LeaderElection (LeaderElection.java:logAndReturn(56)) - 999343e7-0330-4874-a345-91eca72585e0@group-FF4202234884-LeaderElection43: Election REJECTED; received 2 response(s) [999343e7-0330-4874-a345-91eca72585e0<-c124d131-afb9-4343-ad4e-aaebde613043#0:FAIL-t5, 999343e7-0330-4874-a345-91eca72585e0<-e5bb327f-cdd7-4e49-919e-13a4c895fddf#0:FAIL-t5] and 0 exception(s); 999343e7-0330-4874-a345-91eca72585e0@group-FF4202234884:t5, leader=null, voted=999343e7-0330-4874-a345-91eca72585e0, raftlog=999343e7-0330-4874-a345-91eca72585e0@group-FF4202234884-SegmentedRaftLog:OPENED:c-1,f-1,i0, conf=-1: [999343e7-0330-4874-a345-91eca72585e0:192.168.34.56:44872, c124d131-afb9-4343-ad4e-aaebde613043:192.168.34.56:42116, e5bb327f-cdd7-4e49-919e-13a4c895fddf:192.168.34.56:36658], old=null
2019-10-18 13:01:22,890 [Thread-526] INFO  impl.RoleInfo (RoleInfo.java:shutdownFollowerState(121)) - 893cf03e-f2cf-478a-892a-a746717e50e3: shutdown FollowerState
2019-10-18 13:01:22,890 [999343e7-0330-4874-a345-91eca72585e0@group-FF4202234884-LeaderElection43] INFO  impl.RaftServerImpl (RaftServerImpl.java:setRole(184)) - 999343e7-0330-4874-a345-91eca72585e0@group-FF4202234884: changes role from CANDIDATE to FOLLOWER at term 5 for DISCOVERED_A_NEW_TERM
2019-10-18 13:01:22,890 [Thread-526] INFO  impl.RaftServerImpl (RaftServerImpl.java:setRole(184)) - 893cf03e-f2cf-478a-892a-a746717e50e3@group-187684C21557: changes role from  FOLLOWER to CANDIDATE at term 5 for changeToCandidate
2019-10-18 13:01:22,890 [999343e7-0330-4874-a345-91eca72585e0@group-FF4202234884-LeaderElection43] INFO  impl.RoleInfo (RoleInfo.java:shutdownLeaderElection(134)) - 999343e7-0330-4874-a345-91eca72585e0: shutdown LeaderElection
2019-10-18 13:01:22,890 [Thread-526] INFO  impl.RoleInfo (RoleInfo.java:updateAndGet(143)) - 893cf03e-f2cf-478a-892a-a746717e50e3: start LeaderElection
2019-10-18 13:01:22,891 [999343e7-0330-4874-a345-91eca72585e0@group-FF4202234884-LeaderElection43] INFO  impl.RoleInfo (RoleInfo.java:updateAndGet(143)) - 999343e7-0330-4874-a345-91eca72585e0: start FollowerState
2019-10-18 13:01:22,891 [c124d131-afb9-4343-ad4e-aaebde613043@group-FF4202234884-LeaderElection44] INFO  impl.LeaderElection (LeaderElection.java:logAndReturn(56)) - c124d131-afb9-4343-ad4e-aaebde613043@group-FF4202234884-LeaderElection44: Election REJECTED; received 2 response(s) [c124d131-afb9-4343-ad4e-aaebde613043<-999343e7-0330-4874-a345-91eca72585e0#0:FAIL-t5, c124d131-afb9-4343-ad4e-aaebde613043<-e5bb327f-cdd7-4e49-919e-13a4c895fddf#0:FAIL-t5] and 0 exception(s); c124d131-afb9-4343-ad4e-aaebde613043@group-FF4202234884:t5, leader=null, voted=c124d131-afb9-4343-ad4e-aaebde613043, raftlog=c124d131-afb9-4343-ad4e-aaebde613043@group-FF4202234884-SegmentedRaftLog:OPENED:c-1,f-1,i0, conf=-1: [999343e7-0330-4874-a345-91eca72585e0:192.168.34.56:44872, c124d131-afb9-4343-ad4e-aaebde613043:192.168.34.56:42116, e5bb327f-cdd7-4e49-919e-13a4c895fddf:192.168.34.56:36658], old=null
2019-10-18 13:01:22,891 [c124d131-afb9-4343-ad4e-aaebde613043@group-FF4202234884-LeaderElection44] INFO  impl.RaftServerImpl (RaftServerImpl.java:setRole(184)) - c124d131-afb9-4343-ad4e-aaebde613043@group-FF4202234884: changes role from CANDIDATE to FOLLOWER at term 5 for DISCOVERED_A_NEW_TERM
2019-10-18 13:01:22,891 [c124d131-afb9-4343-ad4e-aaebde613043@group-FF4202234884-LeaderElection44] INFO  impl.RoleInfo (RoleInfo.java:shutdownLeaderElection(134)) - c124d131-afb9-4343-ad4e-aaebde613043: shutdown LeaderElection
2019-10-18 13:01:22,891 [c124d131-afb9-4343-ad4e-aaebde613043@group-FF4202234884-LeaderElection44] INFO  impl.RoleInfo (RoleInfo.java:updateAndGet(143)) - c124d131-afb9-4343-ad4e-aaebde613043: start FollowerState
2019-10-18 13:01:22,904 [Thread-508] INFO  impl.FollowerState (FollowerState.java:run(108)) - 17618ccc-f51c-4f14-92cf-842ef2c05e35@group-08BD6F798C58-FollowerState: change to CANDIDATE, lastRpcTime:188ms, electionTimeout:188ms
2019-10-18 13:01:22,904 [Thread-508] INFO  impl.RoleInfo (RoleInfo.java:shutdownFollowerState(121)) - 17618ccc-f51c-4f14-92cf-842ef2c05e35: shutdown FollowerState
2019-10-18 13:01:22,904 [Thread-508] INFO  impl.RaftServerImpl (RaftServerImpl.java:setRole(184)) - 17618ccc-f51c-4f14-92cf-842ef2c05e35@group-08BD6F798C58: changes role from  FOLLOWER to CANDIDATE at term 9 for changeToCandidate
2019-10-18 13:01:22,904 [Thread-508] INFO  impl.RoleInfo (RoleInfo.java:updateAndGet(143)) - 17618ccc-f51c-4f14-92cf-842ef2c05e35: start LeaderElection
2019-10-18 13:01:22,944 [8697df36-98d2-41b1-bdc7-60597b3b5526@group-187684C21557-LeaderElection45] INFO  impl.LeaderElection (LeaderElection.java:askForVotes(178)) - 8697df36-98d2-41b1-bdc7-60597b3b5526@group-187684C21557-LeaderElection45: begin an election at term 6 for -1: [893cf03e-f2cf-478a-892a-a746717e50e3:192.168.34.56:40750, 8697df36-98d2-41b1-bdc7-60597b3b5526:192.168.34.56:46415, 018b3f78-d19f-4e26-a796-cb8ddc4f97cf:192.168.34.56:35845], old=null
2019-10-18 13:01:22,944 [018b3f78-d19f-4e26-a796-cb8ddc4f97cf@group-187684C21557-LeaderElection46] INFO  impl.LeaderElection (LeaderElection.java:askForVotes(178)) - 018b3f78-d19f-4e26-a796-cb8ddc4f97cf@group-187684C21557-LeaderElection46: begin an election at term 6 for -1: [893cf03e-f2cf-478a-892a-a746717e50e3:192.168.34.56:40750, 8697df36-98d2-41b1-bdc7-60597b3b5526:192.168.34.56:46415, 018b3f78-d19f-4e26-a796-cb8ddc4f97cf:192.168.34.56:35845], old=null
2019-10-18 13:01:22,945 [17618ccc-f51c-4f14-92cf-842ef2c05e35@group-08BD6F798C58-LeaderElection48] INFO  impl.LeaderElection (LeaderElection.java:askForVotes(178)) - 17618ccc-f51c-4f14-92cf-842ef2c05e35@group-08BD6F798C58-LeaderElection48: begin an election at term 10 for -1: [17618ccc-f51c-4f14-92cf-842ef2c05e35:192.168.34.56:38851, 896cef04-248b-470f-8c5c-c9acb81bb157:192.168.34.56:37940, 32d97539-eb73-46c6-a759-05f11ff00f4c:192.168.34.56:35929], old=null
2019-10-18 13:01:22,946 [893cf03e-f2cf-478a-892a-a746717e50e3@group-187684C21557-LeaderElection47] INFO  impl.LeaderElection (LeaderElection.java:askForVotes(178)) - 893cf03e-f2cf-478a-892a-a746717e50e3@group-187684C21557-LeaderElection47: begin an election at term 6 for -1: [893cf03e-f2cf-478a-892a-a746717e50e3:192.168.34.56:40750, 8697df36-98d2-41b1-bdc7-60597b3b5526:192.168.34.56:46415, 018b3f78-d19f-4e26-a796-cb8ddc4f97cf:192.168.34.56:35845], old=null
2019-10-18 13:01:22,948 [grpc-default-executor-2] INFO  impl.RaftServerImpl (RaftServerImpl.java:setRole(184)) - 896cef04-248b-470f-8c5c-c9acb81bb157@group-08BD6F798C58: changes role from  FOLLOWER to FOLLOWER at term 10 for recognizeCandidate:17618ccc-f51c-4f14-92cf-842ef2c05e35
2019-10-18 13:01:22,948 [grpc-default-executor-2] INFO  impl.RoleInfo (RoleInfo.java:shutdownFollowerState(121)) - 896cef04-248b-470f-8c5c-c9acb81bb157: shutdown FollowerState
2019-10-18 13:01:22,948 [grpc-default-executor-2] INFO  impl.RoleInfo (RoleInfo.java:updateAndGet(143)) - 896cef04-248b-470f-8c5c-c9acb81bb157: start FollowerState
2019-10-18 13:01:22,948 [Thread-531] INFO  impl.FollowerState (FollowerState.java:run(117)) - 896cef04-248b-470f-8c5c-c9acb81bb157@group-08BD6F798C58-FollowerState was interrupted: java.lang.InterruptedException: sleep interrupted
2019-10-18 13:01:22,950 [32d97539-eb73-46c6-a759-05f11ff00f4c@group-08BD6F798C58-LeaderElection36] INFO  impl.LeaderElection (LeaderElection.java:logAndReturn(56)) - 32d97539-eb73-46c6-a759-05f11ff00f4c@group-08BD6F798C58-LeaderElection36: Election PASSED; received 2 response(s) [32d97539-eb73-46c6-a759-05f11ff00f4c<-17618ccc-f51c-4f14-92cf-842ef2c05e35#0:FAIL-t9, 32d97539-eb73-46c6-a759-05f11ff00f4c<-896cef04-248b-470f-8c5c-c9acb81bb157#0:OK-t9] and 0 exception(s); 32d97539-eb73-46c6-a759-05f11ff00f4c@group-08BD6F798C58:t9, leader=null, voted=32d97539-eb73-46c6-a759-05f11ff00f4c, raftlog=32d97539-eb73-46c6-a759-05f11ff00f4c@group-08BD6F798C58-SegmentedRaftLog:OPENED:c-1,f-1,i0, conf=-1: [17618ccc-f51c-4f14-92cf-842ef2c05e35:192.168.34.56:38851, 896cef04-248b-470f-8c5c-c9acb81bb157:192.168.34.56:37940, 32d97539-eb73-46c6-a759-05f11ff00f4c:192.168.34.56:35929], old=null
2019-10-18 13:01:22,950 [32d97539-eb73-46c6-a759-05f11ff00f4c@group-08BD6F798C58-LeaderElection36] INFO  impl.RoleInfo (RoleInfo.java:shutdownLeaderElection(134)) - 32d97539-eb73-46c6-a759-05f11ff00f4c: shutdown LeaderElection
2019-10-18 13:01:22,950 [32d97539-eb73-46c6-a759-05f11ff00f4c@group-08BD6F798C58-LeaderElection36] INFO  impl.RaftServerImpl (RaftServerImpl.java:setRole(184)) - 32d97539-eb73-46c6-a759-05f11ff00f4c@group-08BD6F798C58: changes role from CANDIDATE to LEADER at term 9 for changeToLeader
2019-10-18 13:01:22,950 [32d97539-eb73-46c6-a759-05f11ff00f4c@group-08BD6F798C58-LeaderElection36] INFO  impl.RaftServerImpl (ServerState.java:setLeader(256)) - 32d97539-eb73-46c6-a759-05f11ff00f4c@group-08BD6F798C58: change Leader from null to 32d97539-eb73-46c6-a759-05f11ff00f4c at term 9 for becomeLeader, leader elected after 1852ms
2019-10-18 13:01:22,950 [32d97539-eb73-46c6-a759-05f11ff00f4c@group-08BD6F798C58-LeaderElection36] INFO  server.RaftServerConfigKeys (ConfUtils.java:logGet(43)) - raft.server.staging.catchup.gap = 1000 (default)
2019-10-18 13:01:22,950 [32d97539-eb73-46c6-a759-05f11ff00f4c@group-08BD6F798C58-LeaderElection36] INFO  server.RaftServerConfigKeys (ConfUtils.java:logGet(43)) - raft.server.rpc.sleep.time = 25ms (default)
2019-10-18 13:01:22,950 [018b3f78-d19f-4e26-a796-cb8ddc4f97cf@group-187684C21557-LeaderElection46] INFO  impl.LeaderElection (LeaderElection.java:logAndReturn(56)) - 018b3f78-d19f-4e26-a796-cb8ddc4f97cf@group-187684C21557-LeaderElection46: Election REJECTED; received 2 response(s) [018b3f78-d19f-4e26-a796-cb8ddc4f97cf<-893cf03e-f2cf-478a-892a-a746717e50e3#0:FAIL-t6, 018b3f78-d19f-4e26-a796-cb8ddc4f97cf<-8697df36-98d2-41b1-bdc7-60597b3b5526#0:FAIL-t6] and 0 exception(s); 018b3f78-d19f-4e26-a796-cb8ddc4f97cf@group-187684C21557:t6, leader=null, voted=018b3f78-d19f-4e26-a796-cb8ddc4f97cf, raftlog=018b3f78-d19f-4e26-a796-cb8ddc4f97cf@group-187684C21557-SegmentedRaftLog:OPENED:c-1,f-1,i0, conf=-1: [893cf03e-f2cf-478a-892a-a746717e50e3:192.168.34.56:40750, 8697df36-98d2-41b1-bdc7-60597b3b5526:192.168.34.56:46415, 018b3f78-d19f-4e26-a796-cb8ddc4f97cf:192.168.34.56:35845], old=null
2019-10-18 13:01:22,951 [32d97539-eb73-46c6-a759-05f11ff00f4c@group-08BD6F798C58-LeaderElection36] INFO  server.RaftServerConfigKeys (ConfUtils.java:logGet(43)) - raft.server.write.element-limit = 4096 (default)
2019-10-18 13:01:22,951 [018b3f78-d19f-4e26-a796-cb8ddc4f97cf@group-187684C21557-LeaderElection46] INFO  impl.RaftServerImpl (RaftServerImpl.java:setRole(184)) - 018b3f78-d19f-4e26-a796-cb8ddc4f97cf@group-187684C21557: changes role from CANDIDATE to FOLLOWER at term 6 for DISCOVERED_A_NEW_TERM
2019-10-18 13:01:22,951 [32d97539-eb73-46c6-a759-05f11ff00f4c@group-08BD6F798C58-LeaderElection36] INFO  server.RaftServerConfigKeys (ConfUtils.java:logGet(43)) - raft.server.watch.timeout = 10s (default)
2019-10-18 13:01:22,951 [018b3f78-d19f-4e26-a796-cb8ddc4f97cf@group-187684C21557-LeaderElection46] INFO  impl.RoleInfo (RoleInfo.java:shutdownLeaderElection(134)) - 018b3f78-d19f-4e26-a796-cb8ddc4f97cf: shutdown LeaderElection
2019-10-18 13:01:22,951 [32d97539-eb73-46c6-a759-05f11ff00f4c@group-08BD6F798C58-LeaderElection36] INFO  server.RaftServerConfigKeys (ConfUtils.java:logGet(43)) - raft.server.watch.timeout.denomination = 1s (default)
2019-10-18 13:01:22,951 [018b3f78-d19f-4e26-a796-cb8ddc4f97cf@group-187684C21557-LeaderElection46] INFO  impl.RoleInfo (RoleInfo.java:updateAndGet(143)) - 018b3f78-d19f-4e26-a796-cb8ddc4f97cf: start FollowerState
2019-10-18 13:01:22,951 [32d97539-eb73-46c6-a759-05f11ff00f4c@group-08BD6F798C58-LeaderElection36] INFO  server.RaftServerConfigKeys (ConfUtils.java:logGet(43)) - raft.server.watch.element-limit = 65536 (default)
2019-10-18 13:01:22,952 [893cf03e-f2cf-478a-892a-a746717e50e3@group-187684C21557-LeaderElection47] INFO  impl.LeaderElection (LeaderElection.java:logAndReturn(56)) - 893cf03e-f2cf-478a-892a-a746717e50e3@group-187684C21557-LeaderElection47: Election REJECTED; received 2 response(s) [893cf03e-f2cf-478a-892a-a746717e50e3<-8697df36-98d2-41b1-bdc7-60597b3b5526#0:FAIL-t6, 893cf03e-f2cf-478a-892a-a746717e50e3<-018b3f78-d19f-4e26-a796-cb8ddc4f97cf#0:FAIL-t6] and 0 exception(s); 893cf03e-f2cf-478a-892a-a746717e50e3@group-187684C21557:t6, leader=null, voted=893cf03e-f2cf-478a-892a-a746717e50e3, raftlog=893cf03e-f2cf-478a-892a-a746717e50e3@group-187684C21557-SegmentedRaftLog:OPENED:c-1,f-1,i0, conf=-1: [893cf03e-f2cf-478a-892a-a746717e50e3:192.168.34.56:40750, 8697df36-98d2-41b1-bdc7-60597b3b5526:192.168.34.56:46415, 018b3f78-d19f-4e26-a796-cb8ddc4f97cf:192.168.34.56:35845], old=null
2019-10-18 13:01:22,952 [893cf03e-f2cf-478a-892a-a746717e50e3@group-187684C21557-LeaderElection47] INFO  impl.RaftServerImpl (RaftServerImpl.java:setRole(184)) - 893cf03e-f2cf-478a-892a-a746717e50e3@group-187684C21557: changes role from CANDIDATE to FOLLOWER at term 6 for DISCOVERED_A_NEW_TERM
2019-10-18 13:01:22,952 [893cf03e-f2cf-478a-892a-a746717e50e3@group-187684C21557-LeaderElection47] INFO  impl.RoleInfo (RoleInfo.java:shutdownLeaderElection(134)) - 893cf03e-f2cf-478a-892a-a746717e50e3: shutdown LeaderElection
2019-10-18 13:01:22,952 [8697df36-98d2-41b1-bdc7-60597b3b5526@group-187684C21557-LeaderElection45] INFO  impl.LeaderElection (LeaderElection.java:logAndReturn(56)) - 8697df36-98d2-41b1-bdc7-60597b3b5526@group-187684C21557-LeaderElection45: Election REJECTED; received 2 response(s) [8697df36-98d2-41b1-bdc7-60597b3b5526<-893cf03e-f2cf-478a-892a-a746717e50e3#0:FAIL-t6, 8697df36-98d2-41b1-bdc7-60597b3b5526<-018b3f78-d19f-4e26-a796-cb8ddc4f97cf#0:FAIL-t6] and 0 exception(s); 8697df36-98d2-41b1-bdc7-60597b3b5526@group-187684C21557:t6, leader=null, voted=8697df36-98d2-41b1-bdc7-60597b3b5526, raftlog=8697df36-98d2-41b1-bdc7-60597b3b5526@group-187684C21557-SegmentedRaftLog:OPENED:c-1,f-1,i0, conf=-1: [893cf03e-f2cf-478a-892a-a746717e50e3:192.168.34.56:40750, 8697df36-98d2-41b1-bdc7-60597b3b5526:192.168.34.56:46415, 018b3f78-d19f-4e26-a796-cb8ddc4f97cf:192.168.34.56:35845], old=null
2019-10-18 13:01:22,952 [893cf03e-f2cf-478a-892a-a746717e50e3@group-187684C21557-LeaderElection47] INFO  impl.RoleInfo (RoleInfo.java:updateAndGet(143)) - 893cf03e-f2cf-478a-892a-a746717e50e3: start FollowerState
2019-10-18 13:01:22,953 [8697df36-98d2-41b1-bdc7-60597b3b5526@group-187684C21557-LeaderElection45] INFO  impl.RaftServerImpl (RaftServerImpl.java:setRole(184)) - 8697df36-98d2-41b1-bdc7-60597b3b5526@group-187684C21557: changes role from CANDIDATE to FOLLOWER at term 6 for DISCOVERED_A_NEW_TERM
2019-10-18 13:01:22,953 [8697df36-98d2-41b1-bdc7-60597b3b5526@group-187684C21557-LeaderElection45] INFO  impl.RoleInfo (RoleInfo.java:shutdownLeaderElection(134)) - 8697df36-98d2-41b1-bdc7-60597b3b5526: shutdown LeaderElection
2019-10-18 13:01:22,953 [8697df36-98d2-41b1-bdc7-60597b3b5526@group-187684C21557-LeaderElection45] INFO  impl.RoleInfo (RoleInfo.java:updateAndGet(143)) - 8697df36-98d2-41b1-bdc7-60597b3b5526: start FollowerState
2019-10-18 13:01:22,960 [32d97539-eb73-46c6-a759-05f11ff00f4c@group-08BD6F798C58-LeaderElection36] INFO  server.RaftServerConfigKeys (ConfUtils.java:logGet(43)) - raft.server.log.appender.snapshot.chunk.size.max = 16MB (=16777216) (default)
2019-10-18 13:01:22,960 [32d97539-eb73-46c6-a759-05f11ff00f4c@group-08BD6F798C58-LeaderElection36] INFO  server.RaftServerConfigKeys (ConfUtils.java:logGet(43)) - raft.server.log.appender.buffer.byte-limit = 33554432 (custom)
2019-10-18 13:01:22,961 [32d97539-eb73-46c6-a759-05f11ff00f4c@group-08BD6F798C58-LeaderElection36] INFO  server.RaftServerConfigKeys (ConfUtils.java:logGet(43)) - raft.server.log.appender.buffer.element-limit = 1 (custom)
2019-10-18 13:01:22,964 [32d97539-eb73-46c6-a759-05f11ff00f4c@group-08BD6F798C58-LeaderElection36] INFO  grpc.GrpcConfigKeys$Server (ConfUtils.java:logGet(43)) - raft.grpc.server.leader.outstanding.appends.max = 128 (default)
2019-10-18 13:01:22,967 [32d97539-eb73-46c6-a759-05f11ff00f4c@group-08BD6F798C58-LeaderElection36] INFO  server.RaftServerConfigKeys (ConfUtils.java:logGet(43)) - raft.server.rpc.request.timeout = 3000ms (default)
2019-10-18 13:01:22,967 [32d97539-eb73-46c6-a759-05f11ff00f4c@group-08BD6F798C58-LeaderElection36] INFO  server.RaftServerConfigKeys (ConfUtils.java:logGet(43)) - raft.server.log.appender.install.snapshot.enabled = false (custom)
2019-10-18 13:01:22,968 [Thread-554] INFO  impl.FollowerState (FollowerState.java:run(108)) - 8697df36-98d2-41b1-bdc7-60597b3b5526@group-187684C21557-FollowerState: change to CANDIDATE, lastRpcTime:15ms, electionTimeout:15ms
2019-10-18 13:01:22,968 [Thread-554] INFO  impl.RoleInfo (RoleInfo.java:shutdownFollowerState(121)) - 8697df36-98d2-41b1-bdc7-60597b3b5526: shutdown FollowerState
2019-10-18 13:01:22,968 [Thread-554] INFO  impl.RaftServerImpl (RaftServerImpl.java:setRole(184)) - 8697df36-98d2-41b1-bdc7-60597b3b5526@group-187684C21557: changes role from  FOLLOWER to CANDIDATE at term 6 for changeToCandidate
2019-10-18 13:01:22,968 [Thread-554] INFO  impl.RoleInfo (RoleInfo.java:updateAndGet(143)) - 8697df36-98d2-41b1-bdc7-60597b3b5526: start LeaderElection
2019-10-18 13:01:22,971 [32d97539-eb73-46c6-a759-05f11ff00f4c@group-08BD6F798C58-LeaderElection36] INFO  server.RaftServerConfigKeys (ConfUtils.java:logGet(43)) - raft.server.log.appender.snapshot.chunk.size.max = 16MB (=16777216) (default)
2019-10-18 13:01:22,971 [32d97539-eb73-46c6-a759-05f11ff00f4c@group-08BD6F798C58-LeaderElection36] INFO  server.RaftServerConfigKeys (ConfUtils.java:logGet(43)) - raft.server.log.appender.buffer.byte-limit = 33554432 (custom)
2019-10-18 13:01:22,971 [32d97539-eb73-46c6-a759-05f11ff00f4c@group-08BD6F798C58-LeaderElection36] INFO  server.RaftServerConfigKeys (ConfUtils.java:logGet(43)) - raft.server.log.appender.buffer.element-limit = 1 (custom)
2019-10-18 13:01:22,971 [32d97539-eb73-46c6-a759-05f11ff00f4c@group-08BD6F798C58-LeaderElection36] INFO  grpc.GrpcConfigKeys$Server (ConfUtils.java:logGet(43)) - raft.grpc.server.leader.outstanding.appends.max = 128 (default)
2019-10-18 13:01:22,971 [32d97539-eb73-46c6-a759-05f11ff00f4c@group-08BD6F798C58-LeaderElection36] INFO  server.RaftServerConfigKeys (ConfUtils.java:logGet(43)) - raft.server.rpc.request.timeout = 3000ms (default)
2019-10-18 13:01:22,971 [32d97539-eb73-46c6-a759-05f11ff00f4c@group-08BD6F798C58-LeaderElection36] INFO  server.RaftServerConfigKeys (ConfUtils.java:logGet(43)) - raft.server.log.appender.install.snapshot.enabled = false (custom)
2019-10-18 13:01:22,974 [32d97539-eb73-46c6-a759-05f11ff00f4c@group-08BD6F798C58-LeaderElection36] INFO  impl.RoleInfo (RoleInfo.java:updateAndGet(143)) - 32d97539-eb73-46c6-a759-05f11ff00f4c: start LeaderState
2019-10-18 13:01:22,974 [32d97539-eb73-46c6-a759-05f11ff00f4c@group-08BD6F798C58-LeaderElection36] INFO  segmented.SegmentedRaftLogWorker (SegmentedRaftLogWorker.java:startLogSegment(385)) - 32d97539-eb73-46c6-a759-05f11ff00f4c@group-08BD6F798C58-SegmentedRaftLogWorker: Starting segment from index:0
2019-10-18 13:01:22,975 [32d97539-eb73-46c6-a759-05f11ff00f4c@group-08BD6F798C58-LeaderElection36] INFO  impl.RaftServerImpl (ServerState.java:setRaftConf(357)) - 32d97539-eb73-46c6-a759-05f11ff00f4c@group-08BD6F798C58: set configuration 0: [17618ccc-f51c-4f14-92cf-842ef2c05e35:192.168.34.56:38851, 896cef04-248b-470f-8c5c-c9acb81bb157:192.168.34.56:37940, 32d97539-eb73-46c6-a759-05f11ff00f4c:192.168.34.56:35929], old=null at 0
2019-10-18 13:01:22,975 [grpc-default-executor-6] INFO  impl.RaftServerImpl (ServerState.java:setLeader(256)) - 32d97539-eb73-46c6-a759-05f11ff00f4c@group-08BD6F798C58: change Leader from 32d97539-eb73-46c6-a759-05f11ff00f4c to null at term 10 for updateCurrentTerm
2019-10-18 13:01:22,975 [grpc-default-executor-6] INFO  impl.RaftServerImpl (RaftServerImpl.java:setRole(184)) - 32d97539-eb73-46c6-a759-05f11ff00f4c@group-08BD6F798C58: changes role from    LEADER to FOLLOWER at term 10 for recognizeCandidate:17618ccc-f51c-4f14-92cf-842ef2c05e35
2019-10-18 13:01:22,976 [grpc-default-executor-6] INFO  impl.RoleInfo (RoleInfo.java:shutdownLeaderState(104)) - 32d97539-eb73-46c6-a759-05f11ff00f4c: shutdown LeaderState
2019-10-18 13:01:23,007 [grpc-default-executor-6] INFO  impl.PendingRequests (PendingRequests.java:sendNotLeaderResponses(202)) - 32d97539-eb73-46c6-a759-05f11ff00f4c@group-08BD6F798C58-PendingRequests: sendNotLeaderResponses
2019-10-18 13:01:23,008 [Thread-537] INFO  impl.FollowerState (FollowerState.java:run(108)) - e5bb327f-cdd7-4e49-919e-13a4c895fddf@group-FF4202234884-FollowerState: change to CANDIDATE, lastRpcTime:122ms, electionTimeout:105ms
2019-10-18 13:01:23,008 [Thread-537] INFO  impl.RoleInfo (RoleInfo.java:shutdownFollowerState(121)) - e5bb327f-cdd7-4e49-919e-13a4c895fddf: shutdown FollowerState
2019-10-18 13:01:23,010 [Thread-537] INFO  impl.RaftServerImpl (RaftServerImpl.java:setRole(184)) - e5bb327f-cdd7-4e49-919e-13a4c895fddf@group-FF4202234884: changes role from  FOLLOWER to CANDIDATE at term 5 for changeToCandidate
2019-10-18 13:01:23,010 [Thread-537] INFO  impl.RoleInfo (RoleInfo.java:updateAndGet(143)) - e5bb327f-cdd7-4e49-919e-13a4c895fddf: start LeaderElection
2019-10-18 13:01:23,010 [17618ccc-f51c-4f14-92cf-842ef2c05e35@group-08BD6F798C58-LeaderElection48] INFO  impl.LeaderElection (LeaderElection.java:logAndReturn(56)) - 17618ccc-f51c-4f14-92cf-842ef2c05e35@group-08BD6F798C58-LeaderElection48: Election PASSED; received 1 response(s) [17618ccc-f51c-4f14-92cf-842ef2c05e35<-896cef04-248b-470f-8c5c-c9acb81bb157#0:OK-t10] and 0 exception(s); 17618ccc-f51c-4f14-92cf-842ef2c05e35@group-08BD6F798C58:t10, leader=null, voted=17618ccc-f51c-4f14-92cf-842ef2c05e35, raftlog=17618ccc-f51c-4f14-92cf-842ef2c05e35@group-08BD6F798C58-SegmentedRaftLog:OPENED:c-1,f-1,i0, conf=-1: [17618ccc-f51c-4f14-92cf-842ef2c05e35:192.168.34.56:38851, 896cef04-248b-470f-8c5c-c9acb81bb157:192.168.34.56:37940, 32d97539-eb73-46c6-a759-05f11ff00f4c:192.168.34.56:35929], old=null
2019-10-18 13:01:23,010 [17618ccc-f51c-4f14-92cf-842ef2c05e35@group-08BD6F798C58-LeaderElection48] INFO  impl.RoleInfo (RoleInfo.java:shutdownLeaderElection(134)) - 17618ccc-f51c-4f14-92cf-842ef2c05e35: shutdown LeaderElection
2019-10-18 13:01:23,011 [17618ccc-f51c-4f14-92cf-842ef2c05e35@group-08BD6F798C58-LeaderElection48] INFO  impl.RaftServerImpl (RaftServerImpl.java:setRole(184)) - 17618ccc-f51c-4f14-92cf-842ef2c05e35@group-08BD6F798C58: changes role from CANDIDATE to LEADER at term 10 for changeToLeader
2019-10-18 13:01:23,011 [17618ccc-f51c-4f14-92cf-842ef2c05e35@group-08BD6F798C58-LeaderElection48] INFO  impl.RaftServerImpl (ServerState.java:setLeader(256)) - 17618ccc-f51c-4f14-92cf-842ef2c05e35@group-08BD6F798C58: change Leader from null to 17618ccc-f51c-4f14-92cf-842ef2c05e35 at term 10 for becomeLeader, leader elected after 1912ms
2019-10-18 13:01:23,011 [17618ccc-f51c-4f14-92cf-842ef2c05e35@group-08BD6F798C58-LeaderElection48] INFO  server.RaftServerConfigKeys (ConfUtils.java:logGet(43)) - raft.server.staging.catchup.gap = 1000 (default)
2019-10-18 13:01:23,011 [17618ccc-f51c-4f14-92cf-842ef2c05e35@group-08BD6F798C58-LeaderElection48] INFO  server.RaftServerConfigKeys (ConfUtils.java:logGet(43)) - raft.server.rpc.sleep.time = 25ms (default)
2019-10-18 13:01:23,011 [17618ccc-f51c-4f14-92cf-842ef2c05e35@group-08BD6F798C58-LeaderElection48] INFO  server.RaftServerConfigKeys (ConfUtils.java:logGet(43)) - raft.server.write.element-limit = 4096 (default)
2019-10-18 13:01:23,011 [17618ccc-f51c-4f14-92cf-842ef2c05e35@group-08BD6F798C58-LeaderElection48] INFO  server.RaftServerConfigKeys (ConfUtils.java:logGet(43)) - raft.server.watch.timeout = 10s (default)
2019-10-18 13:01:23,011 [17618ccc-f51c-4f14-92cf-842ef2c05e35@group-08BD6F798C58-LeaderElection48] INFO  server.RaftServerConfigKeys (ConfUtils.java:logGet(43)) - raft.server.watch.timeout.denomination = 1s (default)
2019-10-18 13:01:23,011 [17618ccc-f51c-4f14-92cf-842ef2c05e35@group-08BD6F798C58-LeaderElection48] INFO  server.RaftServerConfigKeys (ConfUtils.java:logGet(43)) - raft.server.watch.element-limit = 65536 (default)
2019-10-18 13:01:23,011 [grpc-default-executor-6] INFO  impl.RoleInfo (RoleInfo.java:updateAndGet(143)) - 32d97539-eb73-46c6-a759-05f11ff00f4c: start FollowerState
2019-10-18 13:01:23,013 [17618ccc-f51c-4f14-92cf-842ef2c05e35@group-08BD6F798C58-LeaderElection48] INFO  server.RaftServerConfigKeys (ConfUtils.java:logGet(43)) - raft.server.log.appender.snapshot.chunk.size.max = 16MB (=16777216) (default)
2019-10-18 13:01:23,013 [17618ccc-f51c-4f14-92cf-842ef2c05e35@group-08BD6F798C58-LeaderElection48] INFO  server.RaftServerConfigKeys (ConfUtils.java:logGet(43)) - raft.server.log.appender.buffer.byte-limit = 33554432 (custom)
2019-10-18 13:01:23,013 [17618ccc-f51c-4f14-92cf-842ef2c05e35@group-08BD6F798C58-LeaderElection48] INFO  server.RaftServerConfigKeys (ConfUtils.java:logGet(43)) - raft.server.log.appender.buffer.element-limit = 1 (custom)
2019-10-18 13:01:23,013 [17618ccc-f51c-4f14-92cf-842ef2c05e35@group-08BD6F798C58-LeaderElection48] INFO  grpc.GrpcConfigKeys$Server (ConfUtils.java:logGet(43)) - raft.grpc.server.leader.outstanding.appends.max = 128 (default)
2019-10-18 13:01:23,013 [17618ccc-f51c-4f14-92cf-842ef2c05e35@group-08BD6F798C58-LeaderElection48] INFO  server.RaftServerConfigKeys (ConfUtils.java:logGet(43)) - raft.server.rpc.request.timeout = 3000ms (default)
2019-10-18 13:01:23,014 [17618ccc-f51c-4f14-92cf-842ef2c05e35@group-08BD6F798C58-LeaderElection48] INFO  server.RaftServerConfigKeys (ConfUtils.java:logGet(43)) - raft.server.log.appender.install.snapshot.enabled = false (custom)
2019-10-18 13:01:23,015 [17618ccc-f51c-4f14-92cf-842ef2c05e35@group-08BD6F798C58-LeaderElection48] INFO  server.RaftServerConfigKeys (ConfUtils.java:logGet(43)) - raft.server.log.appender.snapshot.chunk.size.max = 16MB (=16777216) (default)
2019-10-18 13:01:23,015 [17618ccc-f51c-4f14-92cf-842ef2c05e35@group-08BD6F798C58-LeaderElection48] INFO  server.RaftServerConfigKeys (ConfUtils.java:logGet(43)) - raft.server.log.appender.buffer.byte-limit = 33554432 (custom)
2019-10-18 13:01:23,015 [17618ccc-f51c-4f14-92cf-842ef2c05e35@group-08BD6F798C58-LeaderElection48] INFO  server.RaftServerConfigKeys (ConfUtils.java:logGet(43)) - raft.server.log.appender.buffer.element-limit = 1 (custom)
2019-10-18 13:01:23,015 [17618ccc-f51c-4f14-92cf-842ef2c05e35@group-08BD6F798C58-LeaderElection48] INFO  grpc.GrpcConfigKeys$Server (ConfUtils.java:logGet(43)) - raft.grpc.server.leader.outstanding.appends.max = 128 (default)
2019-10-18 13:01:23,016 [17618ccc-f51c-4f14-92cf-842ef2c05e35@group-08BD6F798C58-LeaderElection48] INFO  server.RaftServerConfigKeys (ConfUtils.java:logGet(43)) - raft.server.rpc.request.timeout = 3000ms (default)
2019-10-18 13:01:23,016 [17618ccc-f51c-4f14-92cf-842ef2c05e35@group-08BD6F798C58-LeaderElection48] INFO  server.RaftServerConfigKeys (ConfUtils.java:logGet(43)) - raft.server.log.appender.install.snapshot.enabled = false (custom)
2019-10-18 13:01:23,016 [org.apache.ratis.server.impl.LogAppender$AppenderDaemon$$Lambda$514/312296333@45835945] WARN  server.GrpcLogAppender (GrpcLogAppender.java:mayWait(149)) - 32d97539-eb73-46c6-a759-05f11ff00f4c@group-08BD6F798C58->896cef04-248b-470f-8c5c-c9acb81bb157-GrpcLogAppender: Wait interrupted by java.lang.InterruptedException
2019-10-18 13:01:23,016 [org.apache.ratis.server.impl.LogAppender$AppenderDaemon$$Lambda$514/312296333@4eea093e] WARN  server.GrpcLogAppender (GrpcLogAppender.java:mayWait(149)) - 32d97539-eb73-46c6-a759-05f11ff00f4c@group-08BD6F798C58->17618ccc-f51c-4f14-92cf-842ef2c05e35-GrpcLogAppender: Wait interrupted by java.lang.InterruptedException
2019-10-18 13:01:23,020 [17618ccc-f51c-4f14-92cf-842ef2c05e35@group-08BD6F798C58-LeaderElection48] INFO  impl.RoleInfo (RoleInfo.java:updateAndGet(143)) - 17618ccc-f51c-4f14-92cf-842ef2c05e35: start LeaderState
2019-10-18 13:01:23,020 [17618ccc-f51c-4f14-92cf-842ef2c05e35@group-08BD6F798C58-LeaderElection48] INFO  segmented.SegmentedRaftLogWorker (SegmentedRaftLogWorker.java:startLogSegment(385)) - 17618ccc-f51c-4f14-92cf-842ef2c05e35@group-08BD6F798C58-SegmentedRaftLogWorker: Starting segment from index:0
2019-10-18 13:01:23,021 [17618ccc-f51c-4f14-92cf-842ef2c05e35@group-08BD6F798C58-LeaderElection48] INFO  impl.RaftServerImpl (ServerState.java:setRaftConf(357)) - 17618ccc-f51c-4f14-92cf-842ef2c05e35@group-08BD6F798C58: set configuration 0: [17618ccc-f51c-4f14-92cf-842ef2c05e35:192.168.34.56:38851, 896cef04-248b-470f-8c5c-c9acb81bb157:192.168.34.56:37940, 32d97539-eb73-46c6-a759-05f11ff00f4c:192.168.34.56:35929], old=null at 0
2019-10-18 13:01:23,027 [grpc-default-executor-8] INFO  server.GrpcServerProtocolService (GrpcServerProtocolService.java:onCompleted(113)) - 896cef04-248b-470f-8c5c-c9acb81bb157: Completed APPEND_ENTRIES, lastRequest: null
2019-10-18 13:01:23,027 [grpc-default-executor-2] INFO  server.GrpcServerProtocolService (GrpcServerProtocolService.java:onCompleted(113)) - 17618ccc-f51c-4f14-92cf-842ef2c05e35: Completed APPEND_ENTRIES, lastRequest: null
2019-10-18 13:01:23,037 [grpc-default-executor-2] INFO  server.GrpcLogAppender (GrpcLogAppender.java:onCompleted(308)) - 32d97539-eb73-46c6-a759-05f11ff00f4c@group-08BD6F798C58->896cef04-248b-470f-8c5c-c9acb81bb157-AppendLogResponseHandler: follower responses appendEntries COMPLETED
2019-10-18 13:01:23,037 [Thread-540] INFO  impl.FollowerState (FollowerState.java:run(108)) - c124d131-afb9-4343-ad4e-aaebde613043@group-FF4202234884-FollowerState: change to CANDIDATE, lastRpcTime:145ms, electionTimeout:145ms
2019-10-18 13:01:23,038 [grpc-default-executor-8] INFO  server.GrpcLogAppender (GrpcLogAppender.java:onCompleted(308)) - 32d97539-eb73-46c6-a759-05f11ff00f4c@group-08BD6F798C58->17618ccc-f51c-4f14-92cf-842ef2c05e35-AppendLogResponseHandler: follower responses appendEntries COMPLETED
2019-10-18 13:01:23,038 [Thread-540] INFO  impl.RoleInfo (RoleInfo.java:shutdownFollowerState(121)) - c124d131-afb9-4343-ad4e-aaebde613043: shutdown FollowerState
2019-10-18 13:01:23,039 [Thread-540] INFO  impl.RaftServerImpl (RaftServerImpl.java:setRole(184)) - c124d131-afb9-4343-ad4e-aaebde613043@group-FF4202234884: changes role from  FOLLOWER to CANDIDATE at term 5 for changeToCandidate
2019-10-18 13:01:23,041 [Thread-540] INFO  impl.RoleInfo (RoleInfo.java:updateAndGet(143)) - c124d131-afb9-4343-ad4e-aaebde613043: start LeaderElection
2019-10-18 13:01:23,044 [8697df36-98d2-41b1-bdc7-60597b3b5526@group-187684C21557-LeaderElection49] INFO  impl.LeaderElection (LeaderElection.java:askForVotes(178)) - 8697df36-98d2-41b1-bdc7-60597b3b5526@group-187684C21557-LeaderElection49: begin an election at term 7 for -1: [893cf03e-f2cf-478a-892a-a746717e50e3:192.168.34.56:40750, 8697df36-98d2-41b1-bdc7-60597b3b5526:192.168.34.56:46415, 018b3f78-d19f-4e26-a796-cb8ddc4f97cf:192.168.34.56:35845], old=null
2019-10-18 13:01:23,044 [grpc-default-executor-0] INFO  impl.RaftServerImpl (ServerState.java:setLeader(256)) - 896cef04-248b-470f-8c5c-c9acb81bb157@group-08BD6F798C58: change Leader from null to 17618ccc-f51c-4f14-92cf-842ef2c05e35 at term 10 for appendEntries, leader elected after 1946ms
2019-10-18 13:01:23,044 [grpc-default-executor-8] INFO  impl.FollowerInfo (FollowerInfo.java:lambda$new$0(51)) - 32d97539-eb73-46c6-a759-05f11ff00f4c@group-08BD6F798C58->17618ccc-f51c-4f14-92cf-842ef2c05e35: nextIndex: updateUnconditionally 0 -> 0
2019-10-18 13:01:23,069 [Thread-539] INFO  impl.FollowerState (FollowerState.java:run(108)) - 999343e7-0330-4874-a345-91eca72585e0@group-FF4202234884-FollowerState: change to CANDIDATE, lastRpcTime:178ms, electionTimeout:154ms
2019-10-18 13:01:23,044 [grpc-default-executor-2] INFO  impl.FollowerInfo (FollowerInfo.java:lambda$new$0(51)) - 32d97539-eb73-46c6-a759-05f11ff00f4c@group-08BD6F798C58->896cef04-248b-470f-8c5c-c9acb81bb157: nextIndex: updateUnconditionally 0 -> 0
2019-10-18 13:01:23,069 [Thread-539] INFO  impl.RoleInfo (RoleInfo.java:shutdownFollowerState(121)) - 999343e7-0330-4874-a345-91eca72585e0: shutdown FollowerState
2019-10-18 13:01:23,070 [Thread-539] INFO  impl.RaftServerImpl (RaftServerImpl.java:setRole(184)) - 999343e7-0330-4874-a345-91eca72585e0@group-FF4202234884: changes role from  FOLLOWER to CANDIDATE at term 5 for changeToCandidate
2019-10-18 13:01:23,070 [Thread-539] INFO  impl.RoleInfo (RoleInfo.java:updateAndGet(143)) - 999343e7-0330-4874-a345-91eca72585e0: start LeaderElection
2019-10-18 13:01:23,072 [grpc-default-executor-8] INFO  impl.RaftServerImpl (RaftServerImpl.java:setRole(184)) - 018b3f78-d19f-4e26-a796-cb8ddc4f97cf@group-187684C21557: changes role from  FOLLOWER to FOLLOWER at term 7 for recognizeCandidate:8697df36-98d2-41b1-bdc7-60597b3b5526
2019-10-18 13:01:23,072 [grpc-default-executor-2] INFO  impl.RaftServerImpl (RaftServerImpl.java:setRole(184)) - 893cf03e-f2cf-478a-892a-a746717e50e3@group-187684C21557: changes role from  FOLLOWER to FOLLOWER at term 7 for recognizeCandidate:8697df36-98d2-41b1-bdc7-60597b3b5526
2019-10-18 13:01:23,072 [grpc-default-executor-8] INFO  impl.RoleInfo (RoleInfo.java:shutdownFollowerState(121)) - 018b3f78-d19f-4e26-a796-cb8ddc4f97cf: shutdown FollowerState
2019-10-18 13:01:23,072 [grpc-default-executor-2] INFO  impl.RoleInfo (RoleInfo.java:shutdownFollowerState(121)) - 893cf03e-f2cf-478a-892a-a746717e50e3: shutdown FollowerState
2019-10-18 13:01:23,072 [grpc-default-executor-8] INFO  impl.RoleInfo (RoleInfo.java:updateAndGet(143)) - 018b3f78-d19f-4e26-a796-cb8ddc4f97cf: start FollowerState
2019-10-18 13:01:23,072 [Thread-553] INFO  impl.FollowerState (FollowerState.java:run(117)) - 893cf03e-f2cf-478a-892a-a746717e50e3@group-187684C21557-FollowerState was interrupted: java.lang.InterruptedException: sleep interrupted
2019-10-18 13:01:23,072 [grpc-default-executor-2] INFO  impl.RoleInfo (RoleInfo.java:updateAndGet(143)) - 893cf03e-f2cf-478a-892a-a746717e50e3: start FollowerState
2019-10-18 13:01:23,072 [Thread-552] INFO  impl.FollowerState (FollowerState.java:run(117)) - 018b3f78-d19f-4e26-a796-cb8ddc4f97cf@group-187684C21557-FollowerState was interrupted: java.lang.InterruptedException: sleep interrupted
2019-10-18 13:01:23,076 [32d97539-eb73-46c6-a759-05f11ff00f4c@group-08BD6F798C58-SegmentedRaftLogWorker] INFO  segmented.SegmentedRaftLogWorker (SegmentedRaftLogWorker.java:execute(576)) - 32d97539-eb73-46c6-a759-05f11ff00f4c@group-08BD6F798C58-SegmentedRaftLogWorker: created new log segment /workdir/hadoop-ozone/integration-test/target/test-dir/MiniOzoneClusterImpl-206d85c3-6704-4dbf-80de-7c3e9cc4f072/datanode-3/data/ratis/8d0501bc-c773-46c0-9e33-08bd6f798c58/current/log_inprogress_0
2019-10-18 13:01:23,078 [8697df36-98d2-41b1-bdc7-60597b3b5526@group-187684C21557-LeaderElection49] INFO  impl.LeaderElection (LeaderElection.java:logAndReturn(56)) - 8697df36-98d2-41b1-bdc7-60597b3b5526@group-187684C21557-LeaderElection49: Election TIMEOUT; received 0 response(s) [] and 0 exception(s); 8697df36-98d2-41b1-bdc7-60597b3b5526@group-187684C21557:t7, leader=null, voted=8697df36-98d2-41b1-bdc7-60597b3b5526, raftlog=8697df36-98d2-41b1-bdc7-60597b3b5526@group-187684C21557-SegmentedRaftLog:OPENED:c-1,f-1,i0, conf=-1: [893cf03e-f2cf-478a-892a-a746717e50e3:192.168.34.56:40750, 8697df36-98d2-41b1-bdc7-60597b3b5526:192.168.34.56:46415, 018b3f78-d19f-4e26-a796-cb8ddc4f97cf:192.168.34.56:35845], old=null
2019-10-18 13:01:23,092 [grpc-default-executor-0] INFO  impl.RaftServerImpl (ServerState.java:setRaftConf(357)) - 896cef04-248b-470f-8c5c-c9acb81bb157@group-08BD6F798C58: set configuration 0: [17618ccc-f51c-4f14-92cf-842ef2c05e35:192.168.34.56:38851, 896cef04-248b-470f-8c5c-c9acb81bb157:192.168.34.56:37940, 32d97539-eb73-46c6-a759-05f11ff00f4c:192.168.34.56:35929], old=null at 0
2019-10-18 13:01:23,092 [grpc-default-executor-0] INFO  segmented.SegmentedRaftLogWorker (SegmentedRaftLogWorker.java:startLogSegment(385)) - 896cef04-248b-470f-8c5c-c9acb81bb157@group-08BD6F798C58-SegmentedRaftLogWorker: Starting segment from index:0
2019-10-18 13:01:23,107 [e5bb327f-cdd7-4e49-919e-13a4c895fddf@group-FF4202234884-LeaderElection50] INFO  impl.LeaderElection (LeaderElection.java:askForVotes(178)) - e5bb327f-cdd7-4e49-919e-13a4c895fddf@group-FF4202234884-LeaderElection50: begin an election at term 6 for -1: [999343e7-0330-4874-a345-91eca72585e0:192.168.34.56:44872, c124d131-afb9-4343-ad4e-aaebde613043:192.168.34.56:42116, e5bb327f-cdd7-4e49-919e-13a4c895fddf:192.168.34.56:36658], old=null
2019-10-18 13:01:23,107 [grpc-default-executor-1] INFO  impl.RaftServerImpl (ServerState.java:setLeader(256)) - 32d97539-eb73-46c6-a759-05f11ff00f4c@group-08BD6F798C58: change Leader from null to 17618ccc-f51c-4f14-92cf-842ef2c05e35 at term 10 for appendEntries, leader elected after 131ms
2019-10-18 13:01:23,108 [17618ccc-f51c-4f14-92cf-842ef2c05e35@group-08BD6F798C58-SegmentedRaftLogWorker] INFO  segmented.SegmentedRaftLogWorker (SegmentedRaftLogWorker.java:execute(576)) - 17618ccc-f51c-4f14-92cf-842ef2c05e35@group-08BD6F798C58-SegmentedRaftLogWorker: created new log segment /workdir/hadoop-ozone/integration-test/target/test-dir/MiniOzoneClusterImpl-206d85c3-6704-4dbf-80de-7c3e9cc4f072/datanode-1/data/ratis/8d0501bc-c773-46c0-9e33-08bd6f798c58/current/log_inprogress_0
2019-10-18 13:01:23,108 [c124d131-afb9-4343-ad4e-aaebde613043@group-FF4202234884-LeaderElection51] INFO  impl.LeaderElection (LeaderElection.java:askForVotes(178)) - c124d131-afb9-4343-ad4e-aaebde613043@group-FF4202234884-LeaderElection51: begin an election at term 6 for -1: [999343e7-0330-4874-a345-91eca72585e0:192.168.34.56:44872, c124d131-afb9-4343-ad4e-aaebde613043:192.168.34.56:42116, e5bb327f-cdd7-4e49-919e-13a4c895fddf:192.168.34.56:36658], old=null
2019-10-18 13:01:23,108 [999343e7-0330-4874-a345-91eca72585e0@group-FF4202234884-LeaderElection52] INFO  impl.LeaderElection (LeaderElection.java:askForVotes(178)) - 999343e7-0330-4874-a345-91eca72585e0@group-FF4202234884-LeaderElection52: begin an election at term 6 for -1: [999343e7-0330-4874-a345-91eca72585e0:192.168.34.56:44872, c124d131-afb9-4343-ad4e-aaebde613043:192.168.34.56:42116, e5bb327f-cdd7-4e49-919e-13a4c895fddf:192.168.34.56:36658], old=null
2019-10-18 13:01:23,111 [e5bb327f-cdd7-4e49-919e-13a4c895fddf@group-FF4202234884-LeaderElection50] INFO  impl.LeaderElection (LeaderElection.java:logAndReturn(56)) - e5bb327f-cdd7-4e49-919e-13a4c895fddf@group-FF4202234884-LeaderElection50: Election REJECTED; received 2 response(s) [e5bb327f-cdd7-4e49-919e-13a4c895fddf<-999343e7-0330-4874-a345-91eca72585e0#0:FAIL-t6, e5bb327f-cdd7-4e49-919e-13a4c895fddf<-c124d131-afb9-4343-ad4e-aaebde613043#0:FAIL-t6] and 0 exception(s); e5bb327f-cdd7-4e49-919e-13a4c895fddf@group-FF4202234884:t6, leader=null, voted=e5bb327f-cdd7-4e49-919e-13a4c895fddf, raftlog=e5bb327f-cdd7-4e49-919e-13a4c895fddf@group-FF4202234884-SegmentedRaftLog:OPENED:c-1,f-1,i0, conf=-1: [999343e7-0330-4874-a345-91eca72585e0:192.168.34.56:44872, c124d131-afb9-4343-ad4e-aaebde613043:192.168.34.56:42116, e5bb327f-cdd7-4e49-919e-13a4c895fddf:192.168.34.56:36658], old=null
2019-10-18 13:01:23,112 [e5bb327f-cdd7-4e49-919e-13a4c895fddf@group-FF4202234884-LeaderElection50] INFO  impl.RaftServerImpl (RaftServerImpl.java:setRole(184)) - e5bb327f-cdd7-4e49-919e-13a4c895fddf@group-FF4202234884: changes role from CANDIDATE to FOLLOWER at term 6 for DISCOVERED_A_NEW_TERM
2019-10-18 13:01:23,140 [e5bb327f-cdd7-4e49-919e-13a4c895fddf@group-FF4202234884-LeaderElection50] INFO  impl.RoleInfo (RoleInfo.java:shutdownLeaderElection(134)) - e5bb327f-cdd7-4e49-919e-13a4c895fddf: shutdown LeaderElection
2019-10-18 13:01:23,140 [e5bb327f-cdd7-4e49-919e-13a4c895fddf@group-FF4202234884-LeaderElection50] INFO  impl.RoleInfo (RoleInfo.java:updateAndGet(143)) - e5bb327f-cdd7-4e49-919e-13a4c895fddf: start FollowerState
2019-10-18 13:01:23,140 [grpc-default-executor-8] INFO  impl.RaftServerImpl (ServerState.java:setRaftConf(357)) - 32d97539-eb73-46c6-a759-05f11ff00f4c@group-08BD6F798C58: set configuration 0: [17618ccc-f51c-4f14-92cf-842ef2c05e35:192.168.34.56:38851, 896cef04-248b-470f-8c5c-c9acb81bb157:192.168.34.56:37940, 32d97539-eb73-46c6-a759-05f11ff00f4c:192.168.34.56:35929], old=null at 0
2019-10-18 13:01:23,140 [c124d131-afb9-4343-ad4e-aaebde613043@group-FF4202234884-LeaderElection51] INFO  impl.LeaderElection (LeaderElection.java:logAndReturn(56)) - c124d131-afb9-4343-ad4e-aaebde613043@group-FF4202234884-LeaderElection51: Election REJECTED; received 2 response(s) [c124d131-afb9-4343-ad4e-aaebde613043<-999343e7-0330-4874-a345-91eca72585e0#0:FAIL-t6, c124d131-afb9-4343-ad4e-aaebde613043<-e5bb327f-cdd7-4e49-919e-13a4c895fddf#0:FAIL-t6] and 0 exception(s); c124d131-afb9-4343-ad4e-aaebde613043@group-FF4202234884:t6, leader=null, voted=c124d131-afb9-4343-ad4e-aaebde613043, raftlog=c124d131-afb9-4343-ad4e-aaebde613043@group-FF4202234884-SegmentedRaftLog:OPENED:c-1,f-1,i0, conf=-1: [999343e7-0330-4874-a345-91eca72585e0:192.168.34.56:44872, c124d131-afb9-4343-ad4e-aaebde613043:192.168.34.56:42116, e5bb327f-cdd7-4e49-919e-13a4c895fddf:192.168.34.56:36658], old=null
2019-10-18 13:01:23,140 [999343e7-0330-4874-a345-91eca72585e0@group-FF4202234884-LeaderElection52] INFO  impl.LeaderElection (LeaderElection.java:logAndReturn(56)) - 999343e7-0330-4874-a345-91eca72585e0@group-FF4202234884-LeaderElection52: Election REJECTED; received 2 response(s) [999343e7-0330-4874-a345-91eca72585e0<-c124d131-afb9-4343-ad4e-aaebde613043#0:FAIL-t6, 999343e7-0330-4874-a345-91eca72585e0<-e5bb327f-cdd7-4e49-919e-13a4c895fddf#0:FAIL-t6] and 0 exception(s); 999343e7-0330-4874-a345-91eca72585e0@group-FF4202234884:t6, leader=null, voted=999343e7-0330-4874-a345-91eca72585e0, raftlog=999343e7-0330-4874-a345-91eca72585e0@group-FF4202234884-SegmentedRaftLog:OPENED:c-1,f-1,i0, conf=-1: [999343e7-0330-4874-a345-91eca72585e0:192.168.34.56:44872, c124d131-afb9-4343-ad4e-aaebde613043:192.168.34.56:42116, e5bb327f-cdd7-4e49-919e-13a4c895fddf:192.168.34.56:36658], old=null
2019-10-18 13:01:23,141 [c124d131-afb9-4343-ad4e-aaebde613043@group-FF4202234884-LeaderElection51] INFO  impl.RaftServerImpl (RaftServerImpl.java:setRole(184)) - c124d131-afb9-4343-ad4e-aaebde613043@group-FF4202234884: changes role from CANDIDATE to FOLLOWER at term 6 for DISCOVERED_A_NEW_TERM
2019-10-18 13:01:23,141 [999343e7-0330-4874-a345-91eca72585e0@group-FF4202234884-LeaderElection52] INFO  impl.RaftServerImpl (RaftServerImpl.java:setRole(184)) - 999343e7-0330-4874-a345-91eca72585e0@group-FF4202234884: changes role from CANDIDATE to FOLLOWER at term 6 for DISCOVERED_A_NEW_TERM
2019-10-18 13:01:23,141 [c124d131-afb9-4343-ad4e-aaebde613043@group-FF4202234884-LeaderElection51] INFO  impl.RoleInfo (RoleInfo.java:shutdownLeaderElection(134)) - c124d131-afb9-4343-ad4e-aaebde613043: shutdown LeaderElection
2019-10-18 13:01:23,141 [999343e7-0330-4874-a345-91eca72585e0@group-FF4202234884-LeaderElection52] INFO  impl.RoleInfo (RoleInfo.java:shutdownLeaderElection(134)) - 999343e7-0330-4874-a345-91eca72585e0: shutdown LeaderElection
2019-10-18 13:01:23,141 [c124d131-afb9-4343-ad4e-aaebde613043@group-FF4202234884-LeaderElection51] INFO  impl.RoleInfo (RoleInfo.java:updateAndGet(143)) - c124d131-afb9-4343-ad4e-aaebde613043: start FollowerState
2019-10-18 13:01:23,141 [999343e7-0330-4874-a345-91eca72585e0@group-FF4202234884-LeaderElection52] INFO  impl.RoleInfo (RoleInfo.java:updateAndGet(143)) - 999343e7-0330-4874-a345-91eca72585e0: start FollowerState
2019-10-18 13:01:23,144 [grpc-default-executor-8] INFO  segmented.SegmentedRaftLogWorker (SegmentedRaftLogWorker.java:truncate(401)) - 32d97539-eb73-46c6-a759-05f11ff00f4c@group-08BD6F798C58-SegmentedRaftLogWorker: Truncating segments toTruncate: null
  toDelete: [(0, 0) isOpen? true, length=0, newEndIndex=-1], start index 0
2019-10-18 13:01:23,144 [grpc-default-executor-8] INFO  segmented.SegmentedRaftLogWorker (SegmentedRaftLogWorker.java:startLogSegment(385)) - 32d97539-eb73-46c6-a759-05f11ff00f4c@group-08BD6F798C58-SegmentedRaftLogWorker: Starting segment from index:0
2019-10-18 13:01:23,146 [32d97539-eb73-46c6-a759-05f11ff00f4c@group-08BD6F798C58-SegmentedRaftLogWorker] INFO  segmented.SegmentedRaftLogWorker (SegmentedRaftLogWorker.java:execute(640)) - 32d97539-eb73-46c6-a759-05f11ff00f4c@group-08BD6F798C58-SegmentedRaftLogWorker: Deleted log file /workdir/hadoop-ozone/integration-test/target/test-dir/MiniOzoneClusterImpl-206d85c3-6704-4dbf-80de-7c3e9cc4f072/datanode-3/data/ratis/8d0501bc-c773-46c0-9e33-08bd6f798c58/current/log_inprogress_0
2019-10-18 13:01:23,147 [32d97539-eb73-46c6-a759-05f11ff00f4c@group-08BD6F798C58-SegmentedRaftLogWorker] INFO  segmented.SegmentedRaftLogWorker (SegmentedRaftLogWorker.java:lambda$new$0(128)) - 32d97539-eb73-46c6-a759-05f11ff00f4c@group-08BD6F798C58-SegmentedRaftLogWorker: flushIndex: setUnconditionally 0 -> -1
2019-10-18 13:01:23,154 [8697df36-98d2-41b1-bdc7-60597b3b5526@group-187684C21557-LeaderElection49] INFO  impl.LeaderElection (LeaderElection.java:askForVotes(178)) - 8697df36-98d2-41b1-bdc7-60597b3b5526@group-187684C21557-LeaderElection49: begin an election at term 8 for -1: [893cf03e-f2cf-478a-892a-a746717e50e3:192.168.34.56:40750, 8697df36-98d2-41b1-bdc7-60597b3b5526:192.168.34.56:46415, 018b3f78-d19f-4e26-a796-cb8ddc4f97cf:192.168.34.56:35845], old=null
2019-10-18 13:01:23,154 [896cef04-248b-470f-8c5c-c9acb81bb157@group-08BD6F798C58-SegmentedRaftLogWorker] INFO  segmented.SegmentedRaftLogWorker (SegmentedRaftLogWorker.java:execute(576)) - 896cef04-248b-470f-8c5c-c9acb81bb157@group-08BD6F798C58-SegmentedRaftLogWorker: created new log segment /workdir/hadoop-ozone/integration-test/target/test-dir/MiniOzoneClusterImpl-206d85c3-6704-4dbf-80de-7c3e9cc4f072/datanode-6/data/ratis/8d0501bc-c773-46c0-9e33-08bd6f798c58/current/log_inprogress_0
2019-10-18 13:01:23,157 [grpc-default-executor-2] INFO  impl.RaftServerImpl (RaftServerImpl.java:setRole(184)) - 893cf03e-f2cf-478a-892a-a746717e50e3@group-187684C21557: changes role from  FOLLOWER to FOLLOWER at term 8 for recognizeCandidate:8697df36-98d2-41b1-bdc7-60597b3b5526
2019-10-18 13:01:23,157 [grpc-default-executor-8] INFO  impl.RaftServerImpl (RaftServerImpl.java:setRole(184)) - 018b3f78-d19f-4e26-a796-cb8ddc4f97cf@group-187684C21557: changes role from  FOLLOWER to FOLLOWER at term 8 for recognizeCandidate:8697df36-98d2-41b1-bdc7-60597b3b5526
2019-10-18 13:01:23,157 [grpc-default-executor-2] INFO  impl.RoleInfo (RoleInfo.java:shutdownFollowerState(121)) - 893cf03e-f2cf-478a-892a-a746717e50e3: shutdown FollowerState
2019-10-18 13:01:23,157 [grpc-default-executor-8] INFO  impl.RoleInfo (RoleInfo.java:shutdownFollowerState(121)) - 018b3f78-d19f-4e26-a796-cb8ddc4f97cf: shutdown FollowerState
2019-10-18 13:01:23,158 [Thread-571] INFO  impl.FollowerState (FollowerState.java:run(117)) - 893cf03e-f2cf-478a-892a-a746717e50e3@group-187684C21557-FollowerState was interrupted: java.lang.InterruptedException: sleep interrupted
2019-10-18 13:01:23,158 [Thread-570] INFO  impl.FollowerState (FollowerState.java:run(117)) - 018b3f78-d19f-4e26-a796-cb8ddc4f97cf@group-187684C21557-FollowerState was interrupted: java.lang.InterruptedException: sleep interrupted
2019-10-18 13:01:23,158 [grpc-default-executor-8] INFO  impl.RoleInfo (RoleInfo.java:updateAndGet(143)) - 018b3f78-d19f-4e26-a796-cb8ddc4f97cf: start FollowerState
2019-10-18 13:01:23,158 [grpc-default-executor-2] INFO  impl.RoleInfo (RoleInfo.java:updateAndGet(143)) - 893cf03e-f2cf-478a-892a-a746717e50e3: start FollowerState
2019-10-18 13:01:23,194 [Thread-579] INFO  impl.FollowerState (FollowerState.java:run(108)) - e5bb327f-cdd7-4e49-919e-13a4c895fddf@group-FF4202234884-FollowerState: change to CANDIDATE, lastRpcTime:53ms, electionTimeout:51ms
2019-10-18 13:01:23,194 [Thread-579] INFO  impl.RoleInfo (RoleInfo.java:shutdownFollowerState(121)) - e5bb327f-cdd7-4e49-919e-13a4c895fddf: shutdown FollowerState
2019-10-18 13:01:23,194 [Thread-579] INFO  impl.RaftServerImpl (RaftServerImpl.java:setRole(184)) - e5bb327f-cdd7-4e49-919e-13a4c895fddf@group-FF4202234884: changes role from  FOLLOWER to CANDIDATE at term 6 for changeToCandidate
2019-10-18 13:01:23,194 [Thread-579] INFO  impl.RoleInfo (RoleInfo.java:updateAndGet(143)) - e5bb327f-cdd7-4e49-919e-13a4c895fddf: start LeaderElection
2019-10-18 13:01:23,234 [Thread-580] INFO  impl.FollowerState (FollowerState.java:run(108)) - c124d131-afb9-4343-ad4e-aaebde613043@group-FF4202234884-FollowerState: change to CANDIDATE, lastRpcTime:92ms, electionTimeout:92ms
2019-10-18 13:01:23,234 [Thread-580] INFO  impl.RoleInfo (RoleInfo.java:shutdownFollowerState(121)) - c124d131-afb9-4343-ad4e-aaebde613043: shutdown FollowerState
2019-10-18 13:01:23,234 [Thread-585] INFO  impl.FollowerState (FollowerState.java:run(108)) - 018b3f78-d19f-4e26-a796-cb8ddc4f97cf@group-187684C21557-FollowerState: change to CANDIDATE, lastRpcTime:76ms, electionTimeout:44ms
2019-10-18 13:01:23,234 [Thread-580] INFO  impl.RaftServerImpl (RaftServerImpl.java:setRole(184)) - c124d131-afb9-4343-ad4e-aaebde613043@group-FF4202234884: changes role from  FOLLOWER to CANDIDATE at term 6 for changeToCandidate
2019-10-18 13:01:23,234 [Thread-585] INFO  impl.RoleInfo (RoleInfo.java:shutdownFollowerState(121)) - 018b3f78-d19f-4e26-a796-cb8ddc4f97cf: shutdown FollowerState
2019-10-18 13:01:23,235 [Thread-585] INFO  impl.RaftServerImpl (RaftServerImpl.java:setRole(184)) - 018b3f78-d19f-4e26-a796-cb8ddc4f97cf@group-187684C21557: changes role from  FOLLOWER to CANDIDATE at term 8 for changeToCandidate
2019-10-18 13:01:23,235 [Thread-580] INFO  impl.RoleInfo (RoleInfo.java:updateAndGet(143)) - c124d131-afb9-4343-ad4e-aaebde613043: start LeaderElection
2019-10-18 13:01:23,235 [Thread-585] INFO  impl.RoleInfo (RoleInfo.java:updateAndGet(143)) - 018b3f78-d19f-4e26-a796-cb8ddc4f97cf: start LeaderElection
2019-10-18 13:01:23,235 [8697df36-98d2-41b1-bdc7-60597b3b5526@group-187684C21557-LeaderElection49] INFO  impl.LeaderElection (LeaderElection.java:logAndReturn(56)) - 8697df36-98d2-41b1-bdc7-60597b3b5526@group-187684C21557-LeaderElection49: Election PASSED; received 1 response(s) [8697df36-98d2-41b1-bdc7-60597b3b5526<-018b3f78-d19f-4e26-a796-cb8ddc4f97cf#0:OK-t8] and 0 exception(s); 8697df36-98d2-41b1-bdc7-60597b3b5526@group-187684C21557:t8, leader=null, voted=8697df36-98d2-41b1-bdc7-60597b3b5526, raftlog=8697df36-98d2-41b1-bdc7-60597b3b5526@group-187684C21557-SegmentedRaftLog:OPENED:c-1,f-1,i0, conf=-1: [893cf03e-f2cf-478a-892a-a746717e50e3:192.168.34.56:40750, 8697df36-98d2-41b1-bdc7-60597b3b5526:192.168.34.56:46415, 018b3f78-d19f-4e26-a796-cb8ddc4f97cf:192.168.34.56:35845], old=null
2019-10-18 13:01:23,236 [8697df36-98d2-41b1-bdc7-60597b3b5526@group-187684C21557-LeaderElection49] INFO  impl.RoleInfo (RoleInfo.java:shutdownLeaderElection(134)) - 8697df36-98d2-41b1-bdc7-60597b3b5526: shutdown LeaderElection
2019-10-18 13:01:23,236 [8697df36-98d2-41b1-bdc7-60597b3b5526@group-187684C21557-LeaderElection49] INFO  impl.RaftServerImpl (RaftServerImpl.java:setRole(184)) - 8697df36-98d2-41b1-bdc7-60597b3b5526@group-187684C21557: changes role from CANDIDATE to LEADER at term 8 for changeToLeader
2019-10-18 13:01:23,236 [8697df36-98d2-41b1-bdc7-60597b3b5526@group-187684C21557-LeaderElection49] INFO  impl.RaftServerImpl (ServerState.java:setLeader(256)) - 8697df36-98d2-41b1-bdc7-60597b3b5526@group-187684C21557: change Leader from null to 8697df36-98d2-41b1-bdc7-60597b3b5526 at term 8 for becomeLeader, leader elected after 1819ms
2019-10-18 13:01:23,236 [8697df36-98d2-41b1-bdc7-60597b3b5526@group-187684C21557-LeaderElection49] INFO  server.RaftServerConfigKeys (ConfUtils.java:logGet(43)) - raft.server.staging.catchup.gap = 1000 (default)
2019-10-18 13:01:23,236 [8697df36-98d2-41b1-bdc7-60597b3b5526@group-187684C21557-LeaderElection49] INFO  server.RaftServerConfigKeys (ConfUtils.java:logGet(43)) - raft.server.rpc.sleep.time = 25ms (default)
2019-10-18 13:01:23,236 [8697df36-98d2-41b1-bdc7-60597b3b5526@group-187684C21557-LeaderElection49] INFO  server.RaftServerConfigKeys (ConfUtils.java:logGet(43)) - raft.server.write.element-limit = 4096 (default)
2019-10-18 13:01:23,236 [8697df36-98d2-41b1-bdc7-60597b3b5526@group-187684C21557-LeaderElection49] INFO  server.RaftServerConfigKeys (ConfUtils.java:logGet(43)) - raft.server.watch.timeout = 10s (default)
2019-10-18 13:01:23,236 [8697df36-98d2-41b1-bdc7-60597b3b5526@group-187684C21557-LeaderElection49] INFO  server.RaftServerConfigKeys (ConfUtils.java:logGet(43)) - raft.server.watch.timeout.denomination = 1s (default)
2019-10-18 13:01:23,237 [8697df36-98d2-41b1-bdc7-60597b3b5526@group-187684C21557-LeaderElection49] INFO  server.RaftServerConfigKeys (ConfUtils.java:logGet(43)) - raft.server.watch.element-limit = 65536 (default)
2019-10-18 13:01:23,239 [8697df36-98d2-41b1-bdc7-60597b3b5526@group-187684C21557-LeaderElection49] INFO  server.RaftServerConfigKeys (ConfUtils.java:logGet(43)) - raft.server.log.appender.snapshot.chunk.size.max = 16MB (=16777216) (default)
2019-10-18 13:01:23,239 [8697df36-98d2-41b1-bdc7-60597b3b5526@group-187684C21557-LeaderElection49] INFO  server.RaftServerConfigKeys (ConfUtils.java:logGet(43)) - raft.server.log.appender.buffer.byte-limit = 33554432 (custom)
2019-10-18 13:01:23,239 [8697df36-98d2-41b1-bdc7-60597b3b5526@group-187684C21557-LeaderElection49] INFO  server.RaftServerConfigKeys (ConfUtils.java:logGet(43)) - raft.server.log.appender.buffer.element-limit = 1 (custom)
2019-10-18 13:01:23,239 [8697df36-98d2-41b1-bdc7-60597b3b5526@group-187684C21557-LeaderElection49] INFO  grpc.GrpcConfigKeys$Server (ConfUtils.java:logGet(43)) - raft.grpc.server.leader.outstanding.appends.max = 128 (default)
2019-10-18 13:01:23,239 [8697df36-98d2-41b1-bdc7-60597b3b5526@group-187684C21557-LeaderElection49] INFO  server.RaftServerConfigKeys (ConfUtils.java:logGet(43)) - raft.server.rpc.request.timeout = 3000ms (default)
2019-10-18 13:01:23,239 [8697df36-98d2-41b1-bdc7-60597b3b5526@group-187684C21557-LeaderElection49] INFO  server.RaftServerConfigKeys (ConfUtils.java:logGet(43)) - raft.server.log.appender.install.snapshot.enabled = false (custom)
2019-10-18 13:01:23,241 [8697df36-98d2-41b1-bdc7-60597b3b5526@group-187684C21557-LeaderElection49] INFO  server.RaftServerConfigKeys (ConfUtils.java:logGet(43)) - raft.server.log.appender.snapshot.chunk.size.max = 16MB (=16777216) (default)
2019-10-18 13:01:23,241 [8697df36-98d2-41b1-bdc7-60597b3b5526@group-187684C21557-LeaderElection49] INFO  server.RaftServerConfigKeys (ConfUtils.java:logGet(43)) - raft.server.log.appender.buffer.byte-limit = 33554432 (custom)
2019-10-18 13:01:23,241 [8697df36-98d2-41b1-bdc7-60597b3b5526@group-187684C21557-LeaderElection49] INFO  server.RaftServerConfigKeys (ConfUtils.java:logGet(43)) - raft.server.log.appender.buffer.element-limit = 1 (custom)
2019-10-18 13:01:23,242 [8697df36-98d2-41b1-bdc7-60597b3b5526@group-187684C21557-LeaderElection49] INFO  grpc.GrpcConfigKeys$Server (ConfUtils.java:logGet(43)) - raft.grpc.server.leader.outstanding.appends.max = 128 (default)
2019-10-18 13:01:23,242 [8697df36-98d2-41b1-bdc7-60597b3b5526@group-187684C21557-LeaderElection49] INFO  server.RaftServerConfigKeys (ConfUtils.java:logGet(43)) - raft.server.rpc.request.timeout = 3000ms (default)
2019-10-18 13:01:23,242 [8697df36-98d2-41b1-bdc7-60597b3b5526@group-187684C21557-LeaderElection49] INFO  server.RaftServerConfigKeys (ConfUtils.java:logGet(43)) - raft.server.log.appender.install.snapshot.enabled = false (custom)
2019-10-18 13:01:23,244 [8697df36-98d2-41b1-bdc7-60597b3b5526@group-187684C21557-LeaderElection49] INFO  impl.RoleInfo (RoleInfo.java:updateAndGet(143)) - 8697df36-98d2-41b1-bdc7-60597b3b5526: start LeaderState
2019-10-18 13:01:23,244 [8697df36-98d2-41b1-bdc7-60597b3b5526@group-187684C21557-LeaderElection49] INFO  segmented.SegmentedRaftLogWorker (SegmentedRaftLogWorker.java:startLogSegment(385)) - 8697df36-98d2-41b1-bdc7-60597b3b5526@group-187684C21557-SegmentedRaftLogWorker: Starting segment from index:0
2019-10-18 13:01:23,245 [8697df36-98d2-41b1-bdc7-60597b3b5526@group-187684C21557-LeaderElection49] INFO  impl.RaftServerImpl (ServerState.java:setRaftConf(357)) - 8697df36-98d2-41b1-bdc7-60597b3b5526@group-187684C21557: set configuration 0: [893cf03e-f2cf-478a-892a-a746717e50e3:192.168.34.56:40750, 8697df36-98d2-41b1-bdc7-60597b3b5526:192.168.34.56:46415, 018b3f78-d19f-4e26-a796-cb8ddc4f97cf:192.168.34.56:35845], old=null at 0
2019-10-18 13:01:23,247 [grpc-default-executor-8] INFO  impl.RaftServerImpl (ServerState.java:setLeader(256)) - 893cf03e-f2cf-478a-892a-a746717e50e3@group-187684C21557: change Leader from null to 8697df36-98d2-41b1-bdc7-60597b3b5526 at term 8 for appendEntries, leader elected after 1830ms
2019-10-18 13:01:23,250 [grpc-default-executor-8] INFO  impl.RaftServerImpl (ServerState.java:setRaftConf(357)) - 893cf03e-f2cf-478a-892a-a746717e50e3@group-187684C21557: set configuration 0: [893cf03e-f2cf-478a-892a-a746717e50e3:192.168.34.56:40750, 8697df36-98d2-41b1-bdc7-60597b3b5526:192.168.34.56:46415, 018b3f78-d19f-4e26-a796-cb8ddc4f97cf:192.168.34.56:35845], old=null at 0
2019-10-18 13:01:23,251 [grpc-default-executor-8] INFO  segmented.SegmentedRaftLogWorker (SegmentedRaftLogWorker.java:startLogSegment(385)) - 893cf03e-f2cf-478a-892a-a746717e50e3@group-187684C21557-SegmentedRaftLogWorker: Starting segment from index:0
2019-10-18 13:01:23,278 [32d97539-eb73-46c6-a759-05f11ff00f4c@group-08BD6F798C58-SegmentedRaftLogWorker] INFO  segmented.SegmentedRaftLogWorker (SegmentedRaftLogWorker.java:execute(576)) - 32d97539-eb73-46c6-a759-05f11ff00f4c@group-08BD6F798C58-SegmentedRaftLogWorker: created new log segment /workdir/hadoop-ozone/integration-test/target/test-dir/MiniOzoneClusterImpl-206d85c3-6704-4dbf-80de-7c3e9cc4f072/datanode-3/data/ratis/8d0501bc-c773-46c0-9e33-08bd6f798c58/current/log_inprogress_0
2019-10-18 13:01:23,295 [Thread-581] INFO  impl.FollowerState (FollowerState.java:run(108)) - 999343e7-0330-4874-a345-91eca72585e0@group-FF4202234884-FollowerState: change to CANDIDATE, lastRpcTime:153ms, electionTimeout:153ms
2019-10-18 13:01:23,295 [Thread-581] INFO  impl.RoleInfo (RoleInfo.java:shutdownFollowerState(121)) - 999343e7-0330-4874-a345-91eca72585e0: shutdown FollowerState
2019-10-18 13:01:23,295 [Thread-581] INFO  impl.RaftServerImpl (RaftServerImpl.java:setRole(184)) - 999343e7-0330-4874-a345-91eca72585e0@group-FF4202234884: changes role from  FOLLOWER to CANDIDATE at term 6 for changeToCandidate
2019-10-18 13:01:23,295 [Thread-581] INFO  impl.RoleInfo (RoleInfo.java:updateAndGet(143)) - 999343e7-0330-4874-a345-91eca72585e0: start LeaderElection
2019-10-18 13:01:23,308 [e5bb327f-cdd7-4e49-919e-13a4c895fddf@group-FF4202234884-LeaderElection53] INFO  impl.LeaderElection (LeaderElection.java:askForVotes(178)) - e5bb327f-cdd7-4e49-919e-13a4c895fddf@group-FF4202234884-LeaderElection53: begin an election at term 7 for -1: [999343e7-0330-4874-a345-91eca72585e0:192.168.34.56:44872, c124d131-afb9-4343-ad4e-aaebde613043:192.168.34.56:42116, e5bb327f-cdd7-4e49-919e-13a4c895fddf:192.168.34.56:36658], old=null
2019-10-18 13:01:23,376 [e5bb327f-cdd7-4e49-919e-13a4c895fddf@group-FF4202234884-LeaderElection53] INFO  impl.LeaderElection (LeaderElection.java:logAndReturn(56)) - e5bb327f-cdd7-4e49-919e-13a4c895fddf@group-FF4202234884-LeaderElection53: Election TIMEOUT; received 0 response(s) [] and 0 exception(s); e5bb327f-cdd7-4e49-919e-13a4c895fddf@group-FF4202234884:t7, leader=null, voted=e5bb327f-cdd7-4e49-919e-13a4c895fddf, raftlog=e5bb327f-cdd7-4e49-919e-13a4c895fddf@group-FF4202234884-SegmentedRaftLog:OPENED:c-1,f-1,i0, conf=-1: [999343e7-0330-4874-a345-91eca72585e0:192.168.34.56:44872, c124d131-afb9-4343-ad4e-aaebde613043:192.168.34.56:42116, e5bb327f-cdd7-4e49-919e-13a4c895fddf:192.168.34.56:36658], old=null
2019-10-18 13:01:23,378 [8697df36-98d2-41b1-bdc7-60597b3b5526@group-187684C21557-SegmentedRaftLogWorker] INFO  segmented.SegmentedRaftLogWorker (SegmentedRaftLogWorker.java:execute(576)) - 8697df36-98d2-41b1-bdc7-60597b3b5526@group-187684C21557-SegmentedRaftLogWorker: created new log segment /workdir/hadoop-ozone/integration-test/target/test-dir/MiniOzoneClusterImpl-206d85c3-6704-4dbf-80de-7c3e9cc4f072/datanode-8/data/ratis/29141776-7baf-4f3d-8bae-187684c21557/current/log_inprogress_0
2019-10-18 13:01:23,434 [c124d131-afb9-4343-ad4e-aaebde613043@group-FF4202234884-LeaderElection54] INFO  impl.LeaderElection (LeaderElection.java:askForVotes(178)) - c124d131-afb9-4343-ad4e-aaebde613043@group-FF4202234884-LeaderElection54: begin an election at term 7 for -1: [999343e7-0330-4874-a345-91eca72585e0:192.168.34.56:44872, c124d131-afb9-4343-ad4e-aaebde613043:192.168.34.56:42116, e5bb327f-cdd7-4e49-919e-13a4c895fddf:192.168.34.56:36658], old=null
2019-10-18 13:01:23,434 [018b3f78-d19f-4e26-a796-cb8ddc4f97cf@group-187684C21557-LeaderElection55] INFO  impl.LeaderElection (LeaderElection.java:askForVotes(178)) - 018b3f78-d19f-4e26-a796-cb8ddc4f97cf@group-187684C21557-LeaderElection55: begin an election at term 9 for -1: [893cf03e-f2cf-478a-892a-a746717e50e3:192.168.34.56:40750, 8697df36-98d2-41b1-bdc7-60597b3b5526:192.168.34.56:46415, 018b3f78-d19f-4e26-a796-cb8ddc4f97cf:192.168.34.56:35845], old=null
2019-10-18 13:01:23,437 [Thread-592] INFO  impl.RaftServerImpl (ServerState.java:setLeader(256)) - 8697df36-98d2-41b1-bdc7-60597b3b5526@group-187684C21557: change Leader from 8697df36-98d2-41b1-bdc7-60597b3b5526 to null at term 9 for updateCurrentTerm
2019-10-18 13:01:23,437 [Thread-592] INFO  impl.RaftServerImpl (RaftServerImpl.java:setRole(184)) - 8697df36-98d2-41b1-bdc7-60597b3b5526@group-187684C21557: changes role from    LEADER to FOLLOWER at term 9 for stepDown
2019-10-18 13:01:23,437 [Thread-592] INFO  impl.RoleInfo (RoleInfo.java:shutdownLeaderState(104)) - 8697df36-98d2-41b1-bdc7-60597b3b5526: shutdown LeaderState
2019-10-18 13:01:23,442 [org.apache.ratis.server.impl.LogAppender$AppenderDaemon$$Lambda$514/312296333@2b58b2f1] WARN  server.GrpcLogAppender (GrpcLogAppender.java:mayWait(149)) - 8697df36-98d2-41b1-bdc7-60597b3b5526@group-187684C21557->018b3f78-d19f-4e26-a796-cb8ddc4f97cf-GrpcLogAppender: Wait interrupted by java.lang.InterruptedException
2019-10-18 13:01:23,442 [Thread-592] INFO  impl.PendingRequests (PendingRequests.java:sendNotLeaderResponses(202)) - 8697df36-98d2-41b1-bdc7-60597b3b5526@group-187684C21557-PendingRequests: sendNotLeaderResponses
2019-10-18 13:01:23,442 [org.apache.ratis.server.impl.LogAppender$AppenderDaemon$$Lambda$514/312296333@7a76069c] WARN  server.GrpcLogAppender (GrpcLogAppender.java:mayWait(149)) - 8697df36-98d2-41b1-bdc7-60597b3b5526@group-187684C21557->893cf03e-f2cf-478a-892a-a746717e50e3-GrpcLogAppender: Wait interrupted by java.lang.InterruptedException
2019-10-18 13:01:23,442 [grpc-default-executor-6] INFO  impl.RaftServerImpl (ServerState.java:setLeader(256)) - 893cf03e-f2cf-478a-892a-a746717e50e3@group-187684C21557: change Leader from 8697df36-98d2-41b1-bdc7-60597b3b5526 to null at term 9 for updateCurrentTerm
2019-10-18 13:01:23,443 [Thread-592] INFO  impl.RoleInfo (RoleInfo.java:updateAndGet(143)) - 8697df36-98d2-41b1-bdc7-60597b3b5526: start FollowerState
2019-10-18 13:01:23,443 [grpc-default-executor-6] INFO  impl.RaftServerImpl (RaftServerImpl.java:setRole(184)) - 893cf03e-f2cf-478a-892a-a746717e50e3@group-187684C21557: changes role from  FOLLOWER to FOLLOWER at term 9 for recognizeCandidate:018b3f78-d19f-4e26-a796-cb8ddc4f97cf
2019-10-18 13:01:23,443 [grpc-default-executor-6] INFO  impl.RoleInfo (RoleInfo.java:shutdownFollowerState(121)) - 893cf03e-f2cf-478a-892a-a746717e50e3: shutdown FollowerState
2019-10-18 13:01:23,443 [grpc-default-executor-1] INFO  server.GrpcServerProtocolService (GrpcServerProtocolService.java:onCompleted(113)) - 018b3f78-d19f-4e26-a796-cb8ddc4f97cf: Completed APPEND_ENTRIES, lastRequest: 8697df36-98d2-41b1-bdc7-60597b3b5526->018b3f78-d19f-4e26-a796-cb8ddc4f97cf#0-t8, previous=(t:0, i:0), leaderCommit=-1, initializing? false, entries: <empty>
2019-10-18 13:01:23,445 [Thread-584] INFO  impl.FollowerState (FollowerState.java:run(117)) - 893cf03e-f2cf-478a-892a-a746717e50e3@group-187684C21557-FollowerState was interrupted: java.lang.InterruptedException: sleep interrupted
2019-10-18 13:01:23,445 [grpc-default-executor-6] INFO  impl.RoleInfo (RoleInfo.java:updateAndGet(143)) - 893cf03e-f2cf-478a-892a-a746717e50e3: start FollowerState
2019-10-18 13:01:23,445 [grpc-default-executor-3] INFO  server.GrpcLogAppender (GrpcLogAppender.java:onCompleted(308)) - 8697df36-98d2-41b1-bdc7-60597b3b5526@group-187684C21557->018b3f78-d19f-4e26-a796-cb8ddc4f97cf-AppendLogResponseHandler: follower responses appendEntries COMPLETED
2019-10-18 13:01:23,447 [grpc-default-executor-7] INFO  server.GrpcServerProtocolService (GrpcServerProtocolService.java:onCompleted(113)) - 893cf03e-f2cf-478a-892a-a746717e50e3: Completed APPEND_ENTRIES, lastRequest: 8697df36-98d2-41b1-bdc7-60597b3b5526->893cf03e-f2cf-478a-892a-a746717e50e3#1-t8, previous=(t:0, i:0), leaderCommit=-1, initializing? false, entries: size=1, first=(t:8, i:0), CONFIGURATIONENTRY
2019-10-18 13:01:23,448 [grpc-default-executor-3] INFO  impl.FollowerInfo (FollowerInfo.java:lambda$new$0(51)) - 8697df36-98d2-41b1-bdc7-60597b3b5526@group-187684C21557->018b3f78-d19f-4e26-a796-cb8ddc4f97cf: nextIndex: updateUnconditionally 0 -> 0
2019-10-18 13:01:23,448 [grpc-default-executor-7] INFO  server.GrpcLogAppender (GrpcLogAppender.java:onCompleted(308)) - 8697df36-98d2-41b1-bdc7-60597b3b5526@group-187684C21557->893cf03e-f2cf-478a-892a-a746717e50e3-AppendLogResponseHandler: follower responses appendEntries COMPLETED
2019-10-18 13:01:23,451 [grpc-default-executor-7] INFO  impl.FollowerInfo (FollowerInfo.java:lambda$new$0(51)) - 8697df36-98d2-41b1-bdc7-60597b3b5526@group-187684C21557->893cf03e-f2cf-478a-892a-a746717e50e3: nextIndex: updateUnconditionally 1 -> 0
2019-10-18 13:01:23,492 [893cf03e-f2cf-478a-892a-a746717e50e3@group-187684C21557-SegmentedRaftLogWorker] INFO  segmented.SegmentedRaftLogWorker (SegmentedRaftLogWorker.java:execute(576)) - 893cf03e-f2cf-478a-892a-a746717e50e3@group-187684C21557-SegmentedRaftLogWorker: created new log segment /workdir/hadoop-ozone/integration-test/target/test-dir/MiniOzoneClusterImpl-206d85c3-6704-4dbf-80de-7c3e9cc4f072/datanode-0/data/ratis/29141776-7baf-4f3d-8bae-187684c21557/current/log_inprogress_0
2019-10-18 13:01:23,527 [e5bb327f-cdd7-4e49-919e-13a4c895fddf@group-FF4202234884-LeaderElection53] INFO  impl.LeaderElection (LeaderElection.java:askForVotes(178)) - e5bb327f-cdd7-4e49-919e-13a4c895fddf@group-FF4202234884-LeaderElection53: begin an election at term 8 for -1: [999343e7-0330-4874-a345-91eca72585e0:192.168.34.56:44872, c124d131-afb9-4343-ad4e-aaebde613043:192.168.34.56:42116, e5bb327f-cdd7-4e49-919e-13a4c895fddf:192.168.34.56:36658], old=null
2019-10-18 13:01:23,527 [999343e7-0330-4874-a345-91eca72585e0@group-FF4202234884-LeaderElection56] INFO  impl.LeaderElection (LeaderElection.java:askForVotes(178)) - 999343e7-0330-4874-a345-91eca72585e0@group-FF4202234884-LeaderElection56: begin an election at term 7 for -1: [999343e7-0330-4874-a345-91eca72585e0:192.168.34.56:44872, c124d131-afb9-4343-ad4e-aaebde613043:192.168.34.56:42116, e5bb327f-cdd7-4e49-919e-13a4c895fddf:192.168.34.56:36658], old=null
2019-10-18 13:01:23,528 [c124d131-afb9-4343-ad4e-aaebde613043@group-FF4202234884-LeaderElection54] INFO  impl.LeaderElection (LeaderElection.java:logAndReturn(56)) - c124d131-afb9-4343-ad4e-aaebde613043@group-FF4202234884-LeaderElection54: Election DISCOVERED_A_NEW_TERM; received 1 response(s) [c124d131-afb9-4343-ad4e-aaebde613043<-e5bb327f-cdd7-4e49-919e-13a4c895fddf#0:FAIL-t8] and 0 exception(s); c124d131-afb9-4343-ad4e-aaebde613043@group-FF4202234884:t7, leader=null, voted=c124d131-afb9-4343-ad4e-aaebde613043, raftlog=c124d131-afb9-4343-ad4e-aaebde613043@group-FF4202234884-SegmentedRaftLog:OPENED:c-1,f-1,i0, conf=-1: [999343e7-0330-4874-a345-91eca72585e0:192.168.34.56:44872, c124d131-afb9-4343-ad4e-aaebde613043:192.168.34.56:42116, e5bb327f-cdd7-4e49-919e-13a4c895fddf:192.168.34.56:36658], old=null
2019-10-18 13:01:23,529 [c124d131-afb9-4343-ad4e-aaebde613043@group-FF4202234884-LeaderElection54] INFO  impl.RaftServerImpl (RaftServerImpl.java:setRole(184)) - c124d131-afb9-4343-ad4e-aaebde613043@group-FF4202234884: changes role from CANDIDATE to FOLLOWER at term 8 for DISCOVERED_A_NEW_TERM
2019-10-18 13:01:23,529 [c124d131-afb9-4343-ad4e-aaebde613043@group-FF4202234884-LeaderElection54] INFO  impl.RoleInfo (RoleInfo.java:shutdownLeaderElection(134)) - c124d131-afb9-4343-ad4e-aaebde613043: shutdown LeaderElection
2019-10-18 13:01:23,529 [c124d131-afb9-4343-ad4e-aaebde613043@group-FF4202234884-LeaderElection54] INFO  impl.RoleInfo (RoleInfo.java:updateAndGet(143)) - c124d131-afb9-4343-ad4e-aaebde613043: start FollowerState
2019-10-18 13:01:23,530 [grpc-default-executor-2] INFO  impl.RaftServerImpl (RaftServerImpl.java:setRole(184)) - 999343e7-0330-4874-a345-91eca72585e0@group-FF4202234884: changes role from CANDIDATE to FOLLOWER at term 8 for recognizeCandidate:e5bb327f-cdd7-4e49-919e-13a4c895fddf
2019-10-18 13:01:23,530 [grpc-default-executor-2] INFO  impl.RoleInfo (RoleInfo.java:shutdownLeaderElection(134)) - 999343e7-0330-4874-a345-91eca72585e0: shutdown LeaderElection
2019-10-18 13:01:23,530 [grpc-default-executor-2] INFO  impl.RoleInfo (RoleInfo.java:updateAndGet(143)) - 999343e7-0330-4874-a345-91eca72585e0: start FollowerState
2019-10-18 13:01:23,531 [999343e7-0330-4874-a345-91eca72585e0@group-FF4202234884-LeaderElection56] INFO  impl.LeaderElection (LeaderElection.java:logAndReturn(56)) - 999343e7-0330-4874-a345-91eca72585e0@group-FF4202234884-LeaderElection56: Election DISCOVERED_A_NEW_TERM; received 1 response(s) [999343e7-0330-4874-a345-91eca72585e0<-e5bb327f-cdd7-4e49-919e-13a4c895fddf#0:FAIL-t8] and 0 exception(s); 999343e7-0330-4874-a345-91eca72585e0@group-FF4202234884:t8, leader=null, voted=null, raftlog=999343e7-0330-4874-a345-91eca72585e0@group-FF4202234884-SegmentedRaftLog:OPENED:c-1,f-1,i0, conf=-1: [999343e7-0330-4874-a345-91eca72585e0:192.168.34.56:44872, c124d131-afb9-4343-ad4e-aaebde613043:192.168.34.56:42116, e5bb327f-cdd7-4e49-919e-13a4c895fddf:192.168.34.56:36658], old=null
2019-10-18 13:01:23,553 [e5bb327f-cdd7-4e49-919e-13a4c895fddf@group-FF4202234884-LeaderElection53] INFO  impl.LeaderElection (LeaderElection.java:logAndReturn(56)) - e5bb327f-cdd7-4e49-919e-13a4c895fddf@group-FF4202234884-LeaderElection53: Election TIMEOUT; received 0 response(s) [] and 0 exception(s); e5bb327f-cdd7-4e49-919e-13a4c895fddf@group-FF4202234884:t8, leader=null, voted=e5bb327f-cdd7-4e49-919e-13a4c895fddf, raftlog=e5bb327f-cdd7-4e49-919e-13a4c895fddf@group-FF4202234884-SegmentedRaftLog:OPENED:c-1,f-1,i0, conf=-1: [999343e7-0330-4874-a345-91eca72585e0:192.168.34.56:44872, c124d131-afb9-4343-ad4e-aaebde613043:192.168.34.56:42116, e5bb327f-cdd7-4e49-919e-13a4c895fddf:192.168.34.56:36658], old=null
2019-10-18 13:01:23,581 [grpc-default-executor-5] INFO  impl.RaftServerImpl (RaftServerImpl.java:setRole(184)) - 8697df36-98d2-41b1-bdc7-60597b3b5526@group-187684C21557: changes role from  FOLLOWER to FOLLOWER at term 9 for recognizeCandidate:018b3f78-d19f-4e26-a796-cb8ddc4f97cf
2019-10-18 13:01:23,581 [grpc-default-executor-5] INFO  impl.RoleInfo (RoleInfo.java:shutdownFollowerState(121)) - 8697df36-98d2-41b1-bdc7-60597b3b5526: shutdown FollowerState
2019-10-18 13:01:23,581 [Thread-606] INFO  impl.FollowerState (FollowerState.java:run(117)) - 8697df36-98d2-41b1-bdc7-60597b3b5526@group-187684C21557-FollowerState was interrupted: java.lang.InterruptedException: sleep interrupted
2019-10-18 13:01:23,581 [grpc-default-executor-5] INFO  impl.RoleInfo (RoleInfo.java:updateAndGet(143)) - 8697df36-98d2-41b1-bdc7-60597b3b5526: start FollowerState
2019-10-18 13:01:23,583 [018b3f78-d19f-4e26-a796-cb8ddc4f97cf@group-187684C21557-LeaderElection55] INFO  impl.LeaderElection (LeaderElection.java:logAndReturn(56)) - 018b3f78-d19f-4e26-a796-cb8ddc4f97cf@group-187684C21557-LeaderElection55: Election REJECTED; received 2 response(s) [018b3f78-d19f-4e26-a796-cb8ddc4f97cf<-893cf03e-f2cf-478a-892a-a746717e50e3#0:FAIL-t9, 018b3f78-d19f-4e26-a796-cb8ddc4f97cf<-8697df36-98d2-41b1-bdc7-60597b3b5526#0:FAIL-t9] and 0 exception(s); 018b3f78-d19f-4e26-a796-cb8ddc4f97cf@group-187684C21557:t9, leader=null, voted=018b3f78-d19f-4e26-a796-cb8ddc4f97cf, raftlog=018b3f78-d19f-4e26-a796-cb8ddc4f97cf@group-187684C21557-SegmentedRaftLog:OPENED:c-1,f-1,i0, conf=-1: [893cf03e-f2cf-478a-892a-a746717e50e3:192.168.34.56:40750, 8697df36-98d2-41b1-bdc7-60597b3b5526:192.168.34.56:46415, 018b3f78-d19f-4e26-a796-cb8ddc4f97cf:192.168.34.56:35845], old=null
2019-10-18 13:01:23,583 [018b3f78-d19f-4e26-a796-cb8ddc4f97cf@group-187684C21557-LeaderElection55] INFO  impl.RaftServerImpl (RaftServerImpl.java:setRole(184)) - 018b3f78-d19f-4e26-a796-cb8ddc4f97cf@group-187684C21557: changes role from CANDIDATE to FOLLOWER at term 9 for DISCOVERED_A_NEW_TERM
2019-10-18 13:01:23,583 [018b3f78-d19f-4e26-a796-cb8ddc4f97cf@group-187684C21557-LeaderElection55] INFO  impl.RoleInfo (RoleInfo.java:shutdownLeaderElection(134)) - 018b3f78-d19f-4e26-a796-cb8ddc4f97cf: shutdown LeaderElection
2019-10-18 13:01:23,583 [018b3f78-d19f-4e26-a796-cb8ddc4f97cf@group-187684C21557-LeaderElection55] INFO  impl.RoleInfo (RoleInfo.java:updateAndGet(143)) - 018b3f78-d19f-4e26-a796-cb8ddc4f97cf: start FollowerState
2019-10-18 13:01:23,613 [grpc-default-executor-0] INFO  impl.RaftServerImpl (RaftServerImpl.java:setRole(184)) - c124d131-afb9-4343-ad4e-aaebde613043@group-FF4202234884: changes role from  FOLLOWER to FOLLOWER at term 8 for recognizeCandidate:e5bb327f-cdd7-4e49-919e-13a4c895fddf
2019-10-18 13:01:23,613 [grpc-default-executor-0] INFO  impl.RoleInfo (RoleInfo.java:shutdownFollowerState(121)) - c124d131-afb9-4343-ad4e-aaebde613043: shutdown FollowerState
2019-10-18 13:01:23,613 [grpc-default-executor-0] INFO  impl.RoleInfo (RoleInfo.java:updateAndGet(143)) - c124d131-afb9-4343-ad4e-aaebde613043: start FollowerState
2019-10-18 13:01:23,613 [Thread-612] INFO  impl.FollowerState (FollowerState.java:run(117)) - c124d131-afb9-4343-ad4e-aaebde613043@group-FF4202234884-FollowerState was interrupted: java.lang.InterruptedException: sleep interrupted
2019-10-18 13:01:23,655 [Thread-616] INFO  impl.FollowerState (FollowerState.java:run(108)) - 018b3f78-d19f-4e26-a796-cb8ddc4f97cf@group-187684C21557-FollowerState: change to CANDIDATE, lastRpcTime:71ms, electionTimeout:71ms
2019-10-18 13:01:23,655 [Thread-616] INFO  impl.RoleInfo (RoleInfo.java:shutdownFollowerState(121)) - 018b3f78-d19f-4e26-a796-cb8ddc4f97cf: shutdown FollowerState
2019-10-18 13:01:23,655 [Thread-616] INFO  impl.RaftServerImpl (RaftServerImpl.java:setRole(184)) - 018b3f78-d19f-4e26-a796-cb8ddc4f97cf@group-187684C21557: changes role from  FOLLOWER to CANDIDATE at term 9 for changeToCandidate
2019-10-18 13:01:23,656 [Thread-616] INFO  impl.RoleInfo (RoleInfo.java:updateAndGet(143)) - 018b3f78-d19f-4e26-a796-cb8ddc4f97cf: start LeaderElection
2019-10-18 13:01:23,704 [e5bb327f-cdd7-4e49-919e-13a4c895fddf@group-FF4202234884-LeaderElection53] INFO  impl.LeaderElection (LeaderElection.java:askForVotes(178)) - e5bb327f-cdd7-4e49-919e-13a4c895fddf@group-FF4202234884-LeaderElection53: begin an election at term 9 for -1: [999343e7-0330-4874-a345-91eca72585e0:192.168.34.56:44872, c124d131-afb9-4343-ad4e-aaebde613043:192.168.34.56:42116, e5bb327f-cdd7-4e49-919e-13a4c895fddf:192.168.34.56:36658], old=null
2019-10-18 13:01:23,707 [grpc-default-executor-2] INFO  impl.RaftServerImpl (RaftServerImpl.java:setRole(184)) - 999343e7-0330-4874-a345-91eca72585e0@group-FF4202234884: changes role from  FOLLOWER to FOLLOWER at term 9 for recognizeCandidate:e5bb327f-cdd7-4e49-919e-13a4c895fddf
2019-10-18 13:01:23,707 [grpc-default-executor-2] INFO  impl.RoleInfo (RoleInfo.java:shutdownFollowerState(121)) - 999343e7-0330-4874-a345-91eca72585e0: shutdown FollowerState
2019-10-18 13:01:23,707 [Thread-613] INFO  impl.FollowerState (FollowerState.java:run(117)) - 999343e7-0330-4874-a345-91eca72585e0@group-FF4202234884-FollowerState was interrupted: java.lang.InterruptedException: sleep interrupted
2019-10-18 13:01:23,707 [grpc-default-executor-2] INFO  impl.RoleInfo (RoleInfo.java:updateAndGet(143)) - 999343e7-0330-4874-a345-91eca72585e0: start FollowerState
2019-10-18 13:01:23,762 [grpc-default-executor-8] INFO  impl.RaftServerImpl (RaftServerImpl.java:setRole(184)) - c124d131-afb9-4343-ad4e-aaebde613043@group-FF4202234884: changes role from  FOLLOWER to FOLLOWER at term 9 for recognizeCandidate:e5bb327f-cdd7-4e49-919e-13a4c895fddf
2019-10-18 13:01:23,762 [grpc-default-executor-8] INFO  impl.RoleInfo (RoleInfo.java:shutdownFollowerState(121)) - c124d131-afb9-4343-ad4e-aaebde613043: shutdown FollowerState
2019-10-18 13:01:23,762 [grpc-default-executor-8] INFO  impl.RoleInfo (RoleInfo.java:updateAndGet(143)) - c124d131-afb9-4343-ad4e-aaebde613043: start FollowerState
2019-10-18 13:01:23,762 [Thread-617] INFO  impl.FollowerState (FollowerState.java:run(117)) - c124d131-afb9-4343-ad4e-aaebde613043@group-FF4202234884-FollowerState was interrupted: java.lang.InterruptedException: sleep interrupted
2019-10-18 13:01:23,783 [e5bb327f-cdd7-4e49-919e-13a4c895fddf@group-FF4202234884-LeaderElection53] INFO  impl.LeaderElection (LeaderElection.java:logAndReturn(56)) - e5bb327f-cdd7-4e49-919e-13a4c895fddf@group-FF4202234884-LeaderElection53: Election TIMEOUT; received 0 response(s) [] and 0 exception(s); e5bb327f-cdd7-4e49-919e-13a4c895fddf@group-FF4202234884:t9, leader=null, voted=e5bb327f-cdd7-4e49-919e-13a4c895fddf, raftlog=e5bb327f-cdd7-4e49-919e-13a4c895fddf@group-FF4202234884-SegmentedRaftLog:OPENED:c-1,f-1,i0, conf=-1: [999343e7-0330-4874-a345-91eca72585e0:192.168.34.56:44872, c124d131-afb9-4343-ad4e-aaebde613043:192.168.34.56:42116, e5bb327f-cdd7-4e49-919e-13a4c895fddf:192.168.34.56:36658], old=null
2019-10-18 13:01:23,819 [018b3f78-d19f-4e26-a796-cb8ddc4f97cf@group-187684C21557-LeaderElection57] INFO  impl.LeaderElection (LeaderElection.java:askForVotes(178)) - 018b3f78-d19f-4e26-a796-cb8ddc4f97cf@group-187684C21557-LeaderElection57: begin an election at term 10 for -1: [893cf03e-f2cf-478a-892a-a746717e50e3:192.168.34.56:40750, 8697df36-98d2-41b1-bdc7-60597b3b5526:192.168.34.56:46415, 018b3f78-d19f-4e26-a796-cb8ddc4f97cf:192.168.34.56:35845], old=null
2019-10-18 13:01:23,819 [Thread-622] INFO  impl.FollowerState (FollowerState.java:run(108)) - 999343e7-0330-4874-a345-91eca72585e0@group-FF4202234884-FollowerState: change to CANDIDATE, lastRpcTime:112ms, electionTimeout:93ms
2019-10-18 13:01:23,820 [Thread-622] INFO  impl.RoleInfo (RoleInfo.java:shutdownFollowerState(121)) - 999343e7-0330-4874-a345-91eca72585e0: shutdown FollowerState
2019-10-18 13:01:23,820 [Thread-622] INFO  impl.RaftServerImpl (RaftServerImpl.java:setRole(184)) - 999343e7-0330-4874-a345-91eca72585e0@group-FF4202234884: changes role from  FOLLOWER to CANDIDATE at term 9 for changeToCandidate
2019-10-18 13:01:23,820 [Thread-622] INFO  impl.RoleInfo (RoleInfo.java:updateAndGet(143)) - 999343e7-0330-4874-a345-91eca72585e0: start LeaderElection
2019-10-18 13:01:23,821 [e5bb327f-cdd7-4e49-919e-13a4c895fddf@group-FF4202234884-LeaderElection53] INFO  impl.LeaderElection (LeaderElection.java:askForVotes(178)) - e5bb327f-cdd7-4e49-919e-13a4c895fddf@group-FF4202234884-LeaderElection53: begin an election at term 10 for -1: [999343e7-0330-4874-a345-91eca72585e0:192.168.34.56:44872, c124d131-afb9-4343-ad4e-aaebde613043:192.168.34.56:42116, e5bb327f-cdd7-4e49-919e-13a4c895fddf:192.168.34.56:36658], old=null
2019-10-18 13:01:23,822 [grpc-default-executor-8] INFO  impl.RaftServerImpl (RaftServerImpl.java:setRole(184)) - 893cf03e-f2cf-478a-892a-a746717e50e3@group-187684C21557: changes role from  FOLLOWER to FOLLOWER at term 10 for recognizeCandidate:018b3f78-d19f-4e26-a796-cb8ddc4f97cf
2019-10-18 13:01:23,822 [grpc-default-executor-8] INFO  impl.RoleInfo (RoleInfo.java:shutdownFollowerState(121)) - 893cf03e-f2cf-478a-892a-a746717e50e3: shutdown FollowerState
2019-10-18 13:01:23,822 [grpc-default-executor-8] INFO  impl.RoleInfo (RoleInfo.java:updateAndGet(143)) - 893cf03e-f2cf-478a-892a-a746717e50e3: start FollowerState
2019-10-18 13:01:23,822 [Thread-607] INFO  impl.FollowerState (FollowerState.java:run(117)) - 893cf03e-f2cf-478a-892a-a746717e50e3@group-187684C21557-FollowerState was interrupted: java.lang.InterruptedException: sleep interrupted
2019-10-18 13:01:23,822 [grpc-default-executor-2] INFO  impl.RaftServerImpl (RaftServerImpl.java:setRole(184)) - 8697df36-98d2-41b1-bdc7-60597b3b5526@group-187684C21557: changes role from  FOLLOWER to FOLLOWER at term 10 for recognizeCandidate:018b3f78-d19f-4e26-a796-cb8ddc4f97cf
2019-10-18 13:01:23,822 [grpc-default-executor-2] INFO  impl.RoleInfo (RoleInfo.java:shutdownFollowerState(121)) - 8697df36-98d2-41b1-bdc7-60597b3b5526: shutdown FollowerState
2019-10-18 13:01:23,823 [grpc-default-executor-5] INFO  impl.RaftServerImpl (RaftServerImpl.java:setRole(184)) - c124d131-afb9-4343-ad4e-aaebde613043@group-FF4202234884: changes role from  FOLLOWER to FOLLOWER at term 10 for recognizeCandidate:e5bb327f-cdd7-4e49-919e-13a4c895fddf
2019-10-18 13:01:23,823 [Thread-615] INFO  impl.FollowerState (FollowerState.java:run(117)) - 8697df36-98d2-41b1-bdc7-60597b3b5526@group-187684C21557-FollowerState was interrupted: java.lang.InterruptedException: sleep interrupted
2019-10-18 13:01:23,823 [grpc-default-executor-2] INFO  impl.RoleInfo (RoleInfo.java:updateAndGet(143)) - 8697df36-98d2-41b1-bdc7-60597b3b5526: start FollowerState
2019-10-18 13:01:23,823 [grpc-default-executor-5] INFO  impl.RoleInfo (RoleInfo.java:shutdownFollowerState(121)) - c124d131-afb9-4343-ad4e-aaebde613043: shutdown FollowerState
2019-10-18 13:01:23,823 [grpc-default-executor-5] INFO  impl.RoleInfo (RoleInfo.java:updateAndGet(143)) - c124d131-afb9-4343-ad4e-aaebde613043: start FollowerState
2019-10-18 13:01:23,823 [Thread-623] INFO  impl.FollowerState (FollowerState.java:run(117)) - c124d131-afb9-4343-ad4e-aaebde613043@group-FF4202234884-FollowerState was interrupted: java.lang.InterruptedException: sleep interrupted
2019-10-18 13:01:23,878 [018b3f78-d19f-4e26-a796-cb8ddc4f97cf@group-187684C21557-LeaderElection57] INFO  impl.LeaderElection (LeaderElection.java:logAndReturn(56)) - 018b3f78-d19f-4e26-a796-cb8ddc4f97cf@group-187684C21557-LeaderElection57: Election TIMEOUT; received 0 response(s) [] and 0 exception(s); 018b3f78-d19f-4e26-a796-cb8ddc4f97cf@group-187684C21557:t10, leader=null, voted=018b3f78-d19f-4e26-a796-cb8ddc4f97cf, raftlog=018b3f78-d19f-4e26-a796-cb8ddc4f97cf@group-187684C21557-SegmentedRaftLog:OPENED:c-1,f-1,i0, conf=-1: [893cf03e-f2cf-478a-892a-a746717e50e3:192.168.34.56:40750, 8697df36-98d2-41b1-bdc7-60597b3b5526:192.168.34.56:46415, 018b3f78-d19f-4e26-a796-cb8ddc4f97cf:192.168.34.56:35845], old=null
2019-10-18 13:01:23,965 [999343e7-0330-4874-a345-91eca72585e0@group-FF4202234884-LeaderElection58] INFO  impl.LeaderElection (LeaderElection.java:askForVotes(178)) - 999343e7-0330-4874-a345-91eca72585e0@group-FF4202234884-LeaderElection58: begin an election at term 10 for -1: [999343e7-0330-4874-a345-91eca72585e0:192.168.34.56:44872, c124d131-afb9-4343-ad4e-aaebde613043:192.168.34.56:42116, e5bb327f-cdd7-4e49-919e-13a4c895fddf:192.168.34.56:36658], old=null
2019-10-18 13:01:23,965 [Thread-632] INFO  impl.FollowerState (FollowerState.java:run(108)) - c124d131-afb9-4343-ad4e-aaebde613043@group-FF4202234884-FollowerState: change to CANDIDATE, lastRpcTime:142ms, electionTimeout:96ms
2019-10-18 13:01:23,965 [Thread-632] INFO  impl.RoleInfo (RoleInfo.java:shutdownFollowerState(121)) - c124d131-afb9-4343-ad4e-aaebde613043: shutdown FollowerState
2019-10-18 13:01:23,966 [Thread-632] INFO  impl.RaftServerImpl (RaftServerImpl.java:setRole(184)) - c124d131-afb9-4343-ad4e-aaebde613043@group-FF4202234884: changes role from  FOLLOWER to CANDIDATE at term 10 for changeToCandidate
2019-10-18 13:01:23,966 [Thread-632] INFO  impl.RoleInfo (RoleInfo.java:updateAndGet(143)) - c124d131-afb9-4343-ad4e-aaebde613043: start LeaderElection
2019-10-18 13:01:23,967 [e5bb327f-cdd7-4e49-919e-13a4c895fddf@group-FF4202234884-LeaderElection53] INFO  impl.LeaderElection (LeaderElection.java:logAndReturn(56)) - e5bb327f-cdd7-4e49-919e-13a4c895fddf@group-FF4202234884-LeaderElection53: Election PASSED; received 2 response(s) [e5bb327f-cdd7-4e49-919e-13a4c895fddf<-999343e7-0330-4874-a345-91eca72585e0#0:FAIL-t10, e5bb327f-cdd7-4e49-919e-13a4c895fddf<-c124d131-afb9-4343-ad4e-aaebde613043#0:OK-t10] and 0 exception(s); e5bb327f-cdd7-4e49-919e-13a4c895fddf@group-FF4202234884:t10, leader=null, voted=e5bb327f-cdd7-4e49-919e-13a4c895fddf, raftlog=e5bb327f-cdd7-4e49-919e-13a4c895fddf@group-FF4202234884-SegmentedRaftLog:OPENED:c-1,f-1,i0, conf=-1: [999343e7-0330-4874-a345-91eca72585e0:192.168.34.56:44872, c124d131-afb9-4343-ad4e-aaebde613043:192.168.34.56:42116, e5bb327f-cdd7-4e49-919e-13a4c895fddf:192.168.34.56:36658], old=null
2019-10-18 13:01:23,967 [e5bb327f-cdd7-4e49-919e-13a4c895fddf@group-FF4202234884-LeaderElection53] INFO  impl.RoleInfo (RoleInfo.java:shutdownLeaderElection(134)) - e5bb327f-cdd7-4e49-919e-13a4c895fddf: shutdown LeaderElection
2019-10-18 13:01:23,967 [e5bb327f-cdd7-4e49-919e-13a4c895fddf@group-FF4202234884-LeaderElection53] INFO  impl.RaftServerImpl (RaftServerImpl.java:setRole(184)) - e5bb327f-cdd7-4e49-919e-13a4c895fddf@group-FF4202234884: changes role from CANDIDATE to LEADER at term 10 for changeToLeader
2019-10-18 13:01:23,967 [e5bb327f-cdd7-4e49-919e-13a4c895fddf@group-FF4202234884-LeaderElection53] INFO  impl.RaftServerImpl (ServerState.java:setLeader(256)) - e5bb327f-cdd7-4e49-919e-13a4c895fddf@group-FF4202234884: change Leader from null to e5bb327f-cdd7-4e49-919e-13a4c895fddf at term 10 for becomeLeader, leader elected after 2258ms
2019-10-18 13:01:23,967 [e5bb327f-cdd7-4e49-919e-13a4c895fddf@group-FF4202234884-LeaderElection53] INFO  server.RaftServerConfigKeys (ConfUtils.java:logGet(43)) - raft.server.staging.catchup.gap = 1000 (default)
2019-10-18 13:01:23,968 [e5bb327f-cdd7-4e49-919e-13a4c895fddf@group-FF4202234884-LeaderElection53] INFO  server.RaftServerConfigKeys (ConfUtils.java:logGet(43)) - raft.server.rpc.sleep.time = 25ms (default)
2019-10-18 13:01:23,968 [e5bb327f-cdd7-4e49-919e-13a4c895fddf@group-FF4202234884-LeaderElection53] INFO  server.RaftServerConfigKeys (ConfUtils.java:logGet(43)) - raft.server.write.element-limit = 4096 (default)
2019-10-18 13:01:23,968 [e5bb327f-cdd7-4e49-919e-13a4c895fddf@group-FF4202234884-LeaderElection53] INFO  server.RaftServerConfigKeys (ConfUtils.java:logGet(43)) - raft.server.watch.timeout = 10s (default)
2019-10-18 13:01:23,968 [e5bb327f-cdd7-4e49-919e-13a4c895fddf@group-FF4202234884-LeaderElection53] INFO  server.RaftServerConfigKeys (ConfUtils.java:logGet(43)) - raft.server.watch.timeout.denomination = 1s (default)
2019-10-18 13:01:23,968 [e5bb327f-cdd7-4e49-919e-13a4c895fddf@group-FF4202234884-LeaderElection53] INFO  server.RaftServerConfigKeys (ConfUtils.java:logGet(43)) - raft.server.watch.element-limit = 65536 (default)
2019-10-18 13:01:23,971 [e5bb327f-cdd7-4e49-919e-13a4c895fddf@group-FF4202234884-LeaderElection53] INFO  server.RaftServerConfigKeys (ConfUtils.java:logGet(43)) - raft.server.log.appender.snapshot.chunk.size.max = 16MB (=16777216) (default)
2019-10-18 13:01:23,971 [e5bb327f-cdd7-4e49-919e-13a4c895fddf@group-FF4202234884-LeaderElection53] INFO  server.RaftServerConfigKeys (ConfUtils.java:logGet(43)) - raft.server.log.appender.buffer.byte-limit = 33554432 (custom)
2019-10-18 13:01:23,971 [e5bb327f-cdd7-4e49-919e-13a4c895fddf@group-FF4202234884-LeaderElection53] INFO  server.RaftServerConfigKeys (ConfUtils.java:logGet(43)) - raft.server.log.appender.buffer.element-limit = 1 (custom)
2019-10-18 13:01:23,971 [e5bb327f-cdd7-4e49-919e-13a4c895fddf@group-FF4202234884-LeaderElection53] INFO  grpc.GrpcConfigKeys$Server (ConfUtils.java:logGet(43)) - raft.grpc.server.leader.outstanding.appends.max = 128 (default)
2019-10-18 13:01:23,971 [e5bb327f-cdd7-4e49-919e-13a4c895fddf@group-FF4202234884-LeaderElection53] INFO  server.RaftServerConfigKeys (ConfUtils.java:logGet(43)) - raft.server.rpc.request.timeout = 3000ms (default)
2019-10-18 13:01:23,972 [e5bb327f-cdd7-4e49-919e-13a4c895fddf@group-FF4202234884-LeaderElection53] INFO  server.RaftServerConfigKeys (ConfUtils.java:logGet(43)) - raft.server.log.appender.install.snapshot.enabled = false (custom)
2019-10-18 13:01:23,974 [e5bb327f-cdd7-4e49-919e-13a4c895fddf@group-FF4202234884-LeaderElection53] INFO  server.RaftServerConfigKeys (ConfUtils.java:logGet(43)) - raft.server.log.appender.snapshot.chunk.size.max = 16MB (=16777216) (default)
2019-10-18 13:01:23,974 [e5bb327f-cdd7-4e49-919e-13a4c895fddf@group-FF4202234884-LeaderElection53] INFO  server.RaftServerConfigKeys (ConfUtils.java:logGet(43)) - raft.server.log.appender.buffer.byte-limit = 33554432 (custom)
2019-10-18 13:01:23,974 [e5bb327f-cdd7-4e49-919e-13a4c895fddf@group-FF4202234884-LeaderElection53] INFO  server.RaftServerConfigKeys (ConfUtils.java:logGet(43)) - raft.server.log.appender.buffer.element-limit = 1 (custom)
2019-10-18 13:01:23,974 [e5bb327f-cdd7-4e49-919e-13a4c895fddf@group-FF4202234884-LeaderElection53] INFO  grpc.GrpcConfigKeys$Server (ConfUtils.java:logGet(43)) - raft.grpc.server.leader.outstanding.appends.max = 128 (default)
2019-10-18 13:01:23,974 [e5bb327f-cdd7-4e49-919e-13a4c895fddf@group-FF4202234884-LeaderElection53] INFO  server.RaftServerConfigKeys (ConfUtils.java:logGet(43)) - raft.server.rpc.request.timeout = 3000ms (default)
2019-10-18 13:01:23,975 [e5bb327f-cdd7-4e49-919e-13a4c895fddf@group-FF4202234884-LeaderElection53] INFO  server.RaftServerConfigKeys (ConfUtils.java:logGet(43)) - raft.server.log.appender.install.snapshot.enabled = false (custom)
2019-10-18 13:01:23,977 [e5bb327f-cdd7-4e49-919e-13a4c895fddf@group-FF4202234884-LeaderElection53] INFO  impl.RoleInfo (RoleInfo.java:updateAndGet(143)) - e5bb327f-cdd7-4e49-919e-13a4c895fddf: start LeaderState
2019-10-18 13:01:23,977 [e5bb327f-cdd7-4e49-919e-13a4c895fddf@group-FF4202234884-LeaderElection53] INFO  segmented.SegmentedRaftLogWorker (SegmentedRaftLogWorker.java:startLogSegment(385)) - e5bb327f-cdd7-4e49-919e-13a4c895fddf@group-FF4202234884-SegmentedRaftLogWorker: Starting segment from index:0
2019-10-18 13:01:23,978 [e5bb327f-cdd7-4e49-919e-13a4c895fddf@group-FF4202234884-LeaderElection53] INFO  impl.RaftServerImpl (ServerState.java:setRaftConf(357)) - e5bb327f-cdd7-4e49-919e-13a4c895fddf@group-FF4202234884: set configuration 0: [999343e7-0330-4874-a345-91eca72585e0:192.168.34.56:44872, c124d131-afb9-4343-ad4e-aaebde613043:192.168.34.56:42116, e5bb327f-cdd7-4e49-919e-13a4c895fddf:192.168.34.56:36658], old=null at 0
2019-10-18 13:01:24,002 [grpc-default-executor-0] INFO  impl.RaftServerImpl (RaftServerImpl.java:requestVote(776)) - e5bb327f-cdd7-4e49-919e-13a4c895fddf@group-FF4202234884-   LEADER: Withhold vote from candidate 999343e7-0330-4874-a345-91eca72585e0 with term 10. State: leader=e5bb327f-cdd7-4e49-919e-13a4c895fddf, term=10, lastRpcElapsed=null
2019-10-18 13:01:24,004 [grpc-default-executor-8] INFO  impl.RaftServerImpl (RaftServerImpl.java:setRole(184)) - 999343e7-0330-4874-a345-91eca72585e0@group-FF4202234884: changes role from CANDIDATE to FOLLOWER at term 10 for appendEntries
2019-10-18 13:01:24,004 [grpc-default-executor-8] INFO  impl.RoleInfo (RoleInfo.java:shutdownLeaderElection(134)) - 999343e7-0330-4874-a345-91eca72585e0: shutdown LeaderElection
2019-10-18 13:01:24,004 [grpc-default-executor-8] INFO  impl.RoleInfo (RoleInfo.java:updateAndGet(143)) - 999343e7-0330-4874-a345-91eca72585e0: start FollowerState
2019-10-18 13:01:24,004 [grpc-default-executor-8] INFO  impl.RaftServerImpl (ServerState.java:setLeader(256)) - 999343e7-0330-4874-a345-91eca72585e0@group-FF4202234884: change Leader from null to e5bb327f-cdd7-4e49-919e-13a4c895fddf at term 10 for appendEntries, leader elected after 2324ms
2019-10-18 13:01:24,007 [grpc-default-executor-8] INFO  impl.RaftServerImpl (ServerState.java:setRaftConf(357)) - 999343e7-0330-4874-a345-91eca72585e0@group-FF4202234884: set configuration 0: [999343e7-0330-4874-a345-91eca72585e0:192.168.34.56:44872, c124d131-afb9-4343-ad4e-aaebde613043:192.168.34.56:42116, e5bb327f-cdd7-4e49-919e-13a4c895fddf:192.168.34.56:36658], old=null at 0
2019-10-18 13:01:24,007 [grpc-default-executor-8] INFO  segmented.SegmentedRaftLogWorker (SegmentedRaftLogWorker.java:startLogSegment(385)) - 999343e7-0330-4874-a345-91eca72585e0@group-FF4202234884-SegmentedRaftLogWorker: Starting segment from index:0
2019-10-18 13:01:24,030 [999343e7-0330-4874-a345-91eca72585e0@group-FF4202234884-LeaderElection58] INFO  impl.LeaderElection (LeaderElection.java:logAndReturn(56)) - 999343e7-0330-4874-a345-91eca72585e0@group-FF4202234884-LeaderElection58: Election REJECTED; received 1 response(s) [999343e7-0330-4874-a345-91eca72585e0<-e5bb327f-cdd7-4e49-919e-13a4c895fddf#0:FAIL-t10] and 0 exception(s); 999343e7-0330-4874-a345-91eca72585e0@group-FF4202234884:t10, leader=e5bb327f-cdd7-4e49-919e-13a4c895fddf, voted=999343e7-0330-4874-a345-91eca72585e0, raftlog=999343e7-0330-4874-a345-91eca72585e0@group-FF4202234884-SegmentedRaftLog:OPENED:c-1,f-1,i0, conf=0: [999343e7-0330-4874-a345-91eca72585e0:192.168.34.56:44872, c124d131-afb9-4343-ad4e-aaebde613043:192.168.34.56:42116, e5bb327f-cdd7-4e49-919e-13a4c895fddf:192.168.34.56:36658], old=null
2019-10-18 13:01:24,062 [018b3f78-d19f-4e26-a796-cb8ddc4f97cf@group-187684C21557-LeaderElection57] INFO  impl.LeaderElection (LeaderElection.java:askForVotes(178)) - 018b3f78-d19f-4e26-a796-cb8ddc4f97cf@group-187684C21557-LeaderElection57: begin an election at term 11 for -1: [893cf03e-f2cf-478a-892a-a746717e50e3:192.168.34.56:40750, 8697df36-98d2-41b1-bdc7-60597b3b5526:192.168.34.56:46415, 018b3f78-d19f-4e26-a796-cb8ddc4f97cf:192.168.34.56:35845], old=null
2019-10-18 13:01:24,063 [e5bb327f-cdd7-4e49-919e-13a4c895fddf@group-FF4202234884-SegmentedRaftLogWorker] INFO  segmented.SegmentedRaftLogWorker (SegmentedRaftLogWorker.java:execute(576)) - e5bb327f-cdd7-4e49-919e-13a4c895fddf@group-FF4202234884-SegmentedRaftLogWorker: created new log segment /workdir/hadoop-ozone/integration-test/target/test-dir/MiniOzoneClusterImpl-206d85c3-6704-4dbf-80de-7c3e9cc4f072/datanode-5/data/ratis/a42bae93-4c5d-4627-9bb4-ff4202234884/current/log_inprogress_0
2019-10-18 13:01:24,063 [c124d131-afb9-4343-ad4e-aaebde613043@group-FF4202234884-LeaderElection59] INFO  impl.LeaderElection (LeaderElection.java:askForVotes(178)) - c124d131-afb9-4343-ad4e-aaebde613043@group-FF4202234884-LeaderElection59: begin an election at term 11 for -1: [999343e7-0330-4874-a345-91eca72585e0:192.168.34.56:44872, c124d131-afb9-4343-ad4e-aaebde613043:192.168.34.56:42116, e5bb327f-cdd7-4e49-919e-13a4c895fddf:192.168.34.56:36658], old=null
2019-10-18 13:01:24,064 [grpc-default-executor-0] INFO  impl.RaftServerImpl (RaftServerImpl.java:setRole(184)) - 893cf03e-f2cf-478a-892a-a746717e50e3@group-187684C21557: changes role from  FOLLOWER to FOLLOWER at term 11 for recognizeCandidate:018b3f78-d19f-4e26-a796-cb8ddc4f97cf
2019-10-18 13:01:24,064 [grpc-default-executor-0] INFO  impl.RoleInfo (RoleInfo.java:shutdownFollowerState(121)) - 893cf03e-f2cf-478a-892a-a746717e50e3: shutdown FollowerState
2019-10-18 13:01:24,064 [grpc-default-executor-0] INFO  impl.RoleInfo (RoleInfo.java:updateAndGet(143)) - 893cf03e-f2cf-478a-892a-a746717e50e3: start FollowerState
2019-10-18 13:01:24,064 [Thread-630] INFO  impl.FollowerState (FollowerState.java:run(117)) - 893cf03e-f2cf-478a-892a-a746717e50e3@group-187684C21557-FollowerState was interrupted: java.lang.InterruptedException: sleep interrupted
2019-10-18 13:01:24,064 [Thread-636] INFO  impl.RaftServerImpl (ServerState.java:setLeader(256)) - e5bb327f-cdd7-4e49-919e-13a4c895fddf@group-FF4202234884: change Leader from e5bb327f-cdd7-4e49-919e-13a4c895fddf to null at term 11 for updateCurrentTerm
2019-10-18 13:01:24,065 [grpc-default-executor-2] INFO  impl.RaftServerImpl (RaftServerImpl.java:setRole(184)) - 8697df36-98d2-41b1-bdc7-60597b3b5526@group-187684C21557: changes role from  FOLLOWER to FOLLOWER at term 11 for recognizeCandidate:018b3f78-d19f-4e26-a796-cb8ddc4f97cf
2019-10-18 13:01:24,065 [Thread-636] INFO  impl.RaftServerImpl (RaftServerImpl.java:setRole(184)) - e5bb327f-cdd7-4e49-919e-13a4c895fddf@group-FF4202234884: changes role from    LEADER to FOLLOWER at term 11 for stepDown
2019-10-18 13:01:24,065 [grpc-default-executor-2] INFO  impl.RoleInfo (RoleInfo.java:shutdownFollowerState(121)) - 8697df36-98d2-41b1-bdc7-60597b3b5526: shutdown FollowerState
2019-10-18 13:01:24,065 [Thread-636] INFO  impl.RoleInfo (RoleInfo.java:shutdownLeaderState(104)) - e5bb327f-cdd7-4e49-919e-13a4c895fddf: shutdown LeaderState
2019-10-18 13:01:24,065 [Thread-631] INFO  impl.FollowerState (FollowerState.java:run(117)) - 8697df36-98d2-41b1-bdc7-60597b3b5526@group-187684C21557-FollowerState was interrupted: java.lang.InterruptedException: sleep interrupted
2019-10-18 13:01:24,065 [grpc-default-executor-2] INFO  impl.RoleInfo (RoleInfo.java:updateAndGet(143)) - 8697df36-98d2-41b1-bdc7-60597b3b5526: start FollowerState
2019-10-18 13:01:24,065 [grpc-default-executor-8] INFO  impl.RaftServerImpl (ServerState.java:setLeader(256)) - 999343e7-0330-4874-a345-91eca72585e0@group-FF4202234884: change Leader from e5bb327f-cdd7-4e49-919e-13a4c895fddf to null at term 11 for updateCurrentTerm
2019-10-18 13:01:24,108 [org.apache.ratis.server.impl.LogAppender$AppenderDaemon$$Lambda$514/312296333@4335fdf9] WARN  server.GrpcLogAppender (GrpcLogAppender.java:mayWait(149)) - e5bb327f-cdd7-4e49-919e-13a4c895fddf@group-FF4202234884->999343e7-0330-4874-a345-91eca72585e0-GrpcLogAppender: Wait interrupted by java.lang.InterruptedException
2019-10-18 13:01:24,108 [c124d131-afb9-4343-ad4e-aaebde613043@group-FF4202234884-LeaderElection59] INFO  impl.LeaderElection (LeaderElection.java:logAndReturn(56)) - c124d131-afb9-4343-ad4e-aaebde613043@group-FF4202234884-LeaderElection59: Election TIMEOUT; received 0 response(s) [] and 0 exception(s); c124d131-afb9-4343-ad4e-aaebde613043@group-FF4202234884:t11, leader=null, voted=c124d131-afb9-4343-ad4e-aaebde613043, raftlog=c124d131-afb9-4343-ad4e-aaebde613043@group-FF4202234884-SegmentedRaftLog:OPENED:c-1,f-1,i0, conf=-1: [999343e7-0330-4874-a345-91eca72585e0:192.168.34.56:44872, c124d131-afb9-4343-ad4e-aaebde613043:192.168.34.56:42116, e5bb327f-cdd7-4e49-919e-13a4c895fddf:192.168.34.56:36658], old=null
2019-10-18 13:01:24,106 [Thread-636] INFO  impl.PendingRequests (PendingRequests.java:sendNotLeaderResponses(202)) - e5bb327f-cdd7-4e49-919e-13a4c895fddf@group-FF4202234884-PendingRequests: sendNotLeaderResponses
2019-10-18 13:01:24,106 [org.apache.ratis.server.impl.LogAppender$AppenderDaemon$$Lambda$514/312296333@6fe5c78e] WARN  server.GrpcLogAppender (GrpcLogAppender.java:mayWait(149)) - e5bb327f-cdd7-4e49-919e-13a4c895fddf@group-FF4202234884->c124d131-afb9-4343-ad4e-aaebde613043-GrpcLogAppender: Wait interrupted by java.lang.InterruptedException
2019-10-18 13:01:24,108 [grpc-default-executor-8] INFO  impl.RaftServerImpl (RaftServerImpl.java:setRole(184)) - 999343e7-0330-4874-a345-91eca72585e0@group-FF4202234884: changes role from  FOLLOWER to FOLLOWER at term 11 for recognizeCandidate:c124d131-afb9-4343-ad4e-aaebde613043
2019-10-18 13:01:24,109 [grpc-default-executor-8] INFO  impl.RoleInfo (RoleInfo.java:shutdownFollowerState(121)) - 999343e7-0330-4874-a345-91eca72585e0: shutdown FollowerState
2019-10-18 13:01:24,109 [Thread-636] INFO  impl.RoleInfo (RoleInfo.java:updateAndGet(143)) - e5bb327f-cdd7-4e49-919e-13a4c895fddf: start FollowerState
2019-10-18 13:01:24,109 [Thread-641] INFO  impl.FollowerState (FollowerState.java:run(117)) - 999343e7-0330-4874-a345-91eca72585e0@group-FF4202234884-FollowerState was interrupted: java.lang.InterruptedException: sleep interrupted
2019-10-18 13:01:24,109 [grpc-default-executor-8] INFO  impl.RoleInfo (RoleInfo.java:updateAndGet(143)) - 999343e7-0330-4874-a345-91eca72585e0: start FollowerState
2019-10-18 13:01:24,109 [grpc-default-executor-6] INFO  server.GrpcServerProtocolService (GrpcServerProtocolService.java:onCompleted(113)) - 999343e7-0330-4874-a345-91eca72585e0: Completed APPEND_ENTRIES, lastRequest: e5bb327f-cdd7-4e49-919e-13a4c895fddf->999343e7-0330-4874-a345-91eca72585e0#1-t10, previous=(t:0, i:0), leaderCommit=-1, initializing? false, entries: size=1, first=(t:10, i:0), CONFIGURATIONENTRY
2019-10-18 13:01:24,109 [grpc-default-executor-7] INFO  server.GrpcServerProtocolService (GrpcServerProtocolService.java:onCompleted(113)) - c124d131-afb9-4343-ad4e-aaebde613043: Completed APPEND_ENTRIES, lastRequest: e5bb327f-cdd7-4e49-919e-13a4c895fddf->c124d131-afb9-4343-ad4e-aaebde613043#0-t10, previous=(t:0, i:0), leaderCommit=-1, initializing? false, entries: <empty>
2019-10-18 13:01:24,110 [grpc-default-executor-6] INFO  server.GrpcLogAppender (GrpcLogAppender.java:onCompleted(308)) - e5bb327f-cdd7-4e49-919e-13a4c895fddf@group-FF4202234884->999343e7-0330-4874-a345-91eca72585e0-AppendLogResponseHandler: follower responses appendEntries COMPLETED
2019-10-18 13:01:24,110 [grpc-default-executor-7] INFO  server.GrpcLogAppender (GrpcLogAppender.java:onCompleted(308)) - e5bb327f-cdd7-4e49-919e-13a4c895fddf@group-FF4202234884->c124d131-afb9-4343-ad4e-aaebde613043-AppendLogResponseHandler: follower responses appendEntries COMPLETED
2019-10-18 13:01:24,113 [grpc-default-executor-6] INFO  impl.FollowerInfo (FollowerInfo.java:lambda$new$0(51)) - e5bb327f-cdd7-4e49-919e-13a4c895fddf@group-FF4202234884->999343e7-0330-4874-a345-91eca72585e0: nextIndex: updateUnconditionally 1 -> 0
2019-10-18 13:01:24,114 [grpc-default-executor-7] INFO  impl.FollowerInfo (FollowerInfo.java:lambda$new$0(51)) - e5bb327f-cdd7-4e49-919e-13a4c895fddf@group-FF4202234884->c124d131-afb9-4343-ad4e-aaebde613043: nextIndex: updateUnconditionally 0 -> 0
2019-10-18 13:01:24,218 [018b3f78-d19f-4e26-a796-cb8ddc4f97cf@group-187684C21557-LeaderElection57] INFO  impl.LeaderElection (LeaderElection.java:logAndReturn(56)) - 018b3f78-d19f-4e26-a796-cb8ddc4f97cf@group-187684C21557-LeaderElection57: Election TIMEOUT; received 1 response(s) [018b3f78-d19f-4e26-a796-cb8ddc4f97cf<-893cf03e-f2cf-478a-892a-a746717e50e3#0:FAIL-t11] and 0 exception(s); 018b3f78-d19f-4e26-a796-cb8ddc4f97cf@group-187684C21557:t11, leader=null, voted=018b3f78-d19f-4e26-a796-cb8ddc4f97cf, raftlog=018b3f78-d19f-4e26-a796-cb8ddc4f97cf@group-187684C21557-SegmentedRaftLog:OPENED:c-1,f-1,i0, conf=-1: [893cf03e-f2cf-478a-892a-a746717e50e3:192.168.34.56:40750, 8697df36-98d2-41b1-bdc7-60597b3b5526:192.168.34.56:46415, 018b3f78-d19f-4e26-a796-cb8ddc4f97cf:192.168.34.56:35845], old=null
2019-10-18 13:01:24,239 [999343e7-0330-4874-a345-91eca72585e0@group-FF4202234884-SegmentedRaftLogWorker] INFO  segmented.SegmentedRaftLogWorker (SegmentedRaftLogWorker.java:execute(576)) - 999343e7-0330-4874-a345-91eca72585e0@group-FF4202234884-SegmentedRaftLogWorker: created new log segment /workdir/hadoop-ozone/integration-test/target/test-dir/MiniOzoneClusterImpl-206d85c3-6704-4dbf-80de-7c3e9cc4f072/datanode-2/data/ratis/a42bae93-4c5d-4627-9bb4-ff4202234884/current/log_inprogress_0
2019-10-18 13:01:24,244 [c124d131-afb9-4343-ad4e-aaebde613043@group-FF4202234884-LeaderElection59] INFO  impl.LeaderElection (LeaderElection.java:askForVotes(178)) - c124d131-afb9-4343-ad4e-aaebde613043@group-FF4202234884-LeaderElection59: begin an election at term 12 for -1: [999343e7-0330-4874-a345-91eca72585e0:192.168.34.56:44872, c124d131-afb9-4343-ad4e-aaebde613043:192.168.34.56:42116, e5bb327f-cdd7-4e49-919e-13a4c895fddf:192.168.34.56:36658], old=null
2019-10-18 13:01:24,244 [grpc-default-executor-5] INFO  impl.RaftServerImpl (RaftServerImpl.java:setRole(184)) - e5bb327f-cdd7-4e49-919e-13a4c895fddf@group-FF4202234884: changes role from  FOLLOWER to FOLLOWER at term 11 for recognizeCandidate:c124d131-afb9-4343-ad4e-aaebde613043
2019-10-18 13:01:24,244 [grpc-default-executor-5] INFO  impl.RoleInfo (RoleInfo.java:shutdownFollowerState(121)) - e5bb327f-cdd7-4e49-919e-13a4c895fddf: shutdown FollowerState
2019-10-18 13:01:24,244 [Thread-649] INFO  impl.FollowerState (FollowerState.java:run(117)) - e5bb327f-cdd7-4e49-919e-13a4c895fddf@group-FF4202234884-FollowerState was interrupted: java.lang.InterruptedException: sleep interrupted
2019-10-18 13:01:24,244 [grpc-default-executor-5] INFO  impl.RoleInfo (RoleInfo.java:updateAndGet(143)) - e5bb327f-cdd7-4e49-919e-13a4c895fddf: start FollowerState
2019-10-18 13:01:24,248 [grpc-default-executor-8] INFO  impl.RaftServerImpl (RaftServerImpl.java:setRole(184)) - e5bb327f-cdd7-4e49-919e-13a4c895fddf@group-FF4202234884: changes role from  FOLLOWER to FOLLOWER at term 12 for recognizeCandidate:c124d131-afb9-4343-ad4e-aaebde613043
2019-10-18 13:01:24,248 [grpc-default-executor-8] INFO  impl.RoleInfo (RoleInfo.java:shutdownFollowerState(121)) - e5bb327f-cdd7-4e49-919e-13a4c895fddf: shutdown FollowerState
2019-10-18 13:01:24,248 [grpc-default-executor-8] INFO  impl.RoleInfo (RoleInfo.java:updateAndGet(143)) - e5bb327f-cdd7-4e49-919e-13a4c895fddf: start FollowerState
2019-10-18 13:01:24,248 [Thread-655] INFO  impl.FollowerState (FollowerState.java:run(117)) - e5bb327f-cdd7-4e49-919e-13a4c895fddf@group-FF4202234884-FollowerState was interrupted: java.lang.InterruptedException: sleep interrupted
2019-10-18 13:01:24,251 [grpc-default-executor-5] INFO  impl.RaftServerImpl (RaftServerImpl.java:setRole(184)) - 999343e7-0330-4874-a345-91eca72585e0@group-FF4202234884: changes role from  FOLLOWER to FOLLOWER at term 12 for recognizeCandidate:c124d131-afb9-4343-ad4e-aaebde613043
2019-10-18 13:01:24,251 [grpc-default-executor-5] INFO  impl.RoleInfo (RoleInfo.java:shutdownFollowerState(121)) - 999343e7-0330-4874-a345-91eca72585e0: shutdown FollowerState
2019-10-18 13:01:24,251 [grpc-default-executor-5] INFO  impl.RoleInfo (RoleInfo.java:updateAndGet(143)) - 999343e7-0330-4874-a345-91eca72585e0: start FollowerState
2019-10-18 13:01:24,251 [Thread-650] INFO  impl.FollowerState (FollowerState.java:run(117)) - 999343e7-0330-4874-a345-91eca72585e0@group-FF4202234884-FollowerState was interrupted: java.lang.InterruptedException: sleep interrupted
2019-10-18 13:01:24,260 [c124d131-afb9-4343-ad4e-aaebde613043@group-FF4202234884-LeaderElection59] INFO  impl.LeaderElection (LeaderElection.java:logAndReturn(56)) - c124d131-afb9-4343-ad4e-aaebde613043@group-FF4202234884-LeaderElection59: Election TIMEOUT; received 0 response(s) [] and 0 exception(s); c124d131-afb9-4343-ad4e-aaebde613043@group-FF4202234884:t12, leader=null, voted=c124d131-afb9-4343-ad4e-aaebde613043, raftlog=c124d131-afb9-4343-ad4e-aaebde613043@group-FF4202234884-SegmentedRaftLog:OPENED:c-1,f-1,i0, conf=-1: [999343e7-0330-4874-a345-91eca72585e0:192.168.34.56:44872, c124d131-afb9-4343-ad4e-aaebde613043:192.168.34.56:42116, e5bb327f-cdd7-4e49-919e-13a4c895fddf:192.168.34.56:36658], old=null
2019-10-18 13:01:24,315 [018b3f78-d19f-4e26-a796-cb8ddc4f97cf@group-187684C21557-LeaderElection57] INFO  impl.LeaderElection (LeaderElection.java:askForVotes(178)) - 018b3f78-d19f-4e26-a796-cb8ddc4f97cf@group-187684C21557-LeaderElection57: begin an election at term 12 for -1: [893cf03e-f2cf-478a-892a-a746717e50e3:192.168.34.56:40750, 8697df36-98d2-41b1-bdc7-60597b3b5526:192.168.34.56:46415, 018b3f78-d19f-4e26-a796-cb8ddc4f97cf:192.168.34.56:35845], old=null
2019-10-18 13:01:24,318 [grpc-default-executor-7] INFO  impl.RaftServerImpl (RaftServerImpl.java:setRole(184)) - 893cf03e-f2cf-478a-892a-a746717e50e3@group-187684C21557: changes role from  FOLLOWER to FOLLOWER at term 12 for recognizeCandidate:018b3f78-d19f-4e26-a796-cb8ddc4f97cf
2019-10-18 13:01:24,318 [grpc-default-executor-2] INFO  impl.RaftServerImpl (RaftServerImpl.java:setRole(184)) - 8697df36-98d2-41b1-bdc7-60597b3b5526@group-187684C21557: changes role from  FOLLOWER to FOLLOWER at term 12 for recognizeCandidate:018b3f78-d19f-4e26-a796-cb8ddc4f97cf
2019-10-18 13:01:24,318 [grpc-default-executor-7] INFO  impl.RoleInfo (RoleInfo.java:shutdownFollowerState(121)) - 893cf03e-f2cf-478a-892a-a746717e50e3: shutdown FollowerState
2019-10-18 13:01:24,318 [grpc-default-executor-2] INFO  impl.RoleInfo (RoleInfo.java:shutdownFollowerState(121)) - 8697df36-98d2-41b1-bdc7-60597b3b5526: shutdown FollowerState
2019-10-18 13:01:24,318 [Thread-647] INFO  impl.FollowerState (FollowerState.java:run(117)) - 893cf03e-f2cf-478a-892a-a746717e50e3@group-187684C21557-FollowerState was interrupted: java.lang.InterruptedException: sleep interrupted
2019-10-18 13:01:24,318 [grpc-default-executor-7] INFO  impl.RoleInfo (RoleInfo.java:updateAndGet(143)) - 893cf03e-f2cf-478a-892a-a746717e50e3: start FollowerState
2019-10-18 13:01:24,319 [Thread-648] INFO  impl.FollowerState (FollowerState.java:run(117)) - 8697df36-98d2-41b1-bdc7-60597b3b5526@group-187684C21557-FollowerState was interrupted: java.lang.InterruptedException: sleep interrupted
2019-10-18 13:01:24,319 [grpc-default-executor-2] INFO  impl.RoleInfo (RoleInfo.java:updateAndGet(143)) - 8697df36-98d2-41b1-bdc7-60597b3b5526: start FollowerState
2019-10-18 13:01:24,359 [018b3f78-d19f-4e26-a796-cb8ddc4f97cf@group-187684C21557-LeaderElection57] INFO  impl.LeaderElection (LeaderElection.java:logAndReturn(56)) - 018b3f78-d19f-4e26-a796-cb8ddc4f97cf@group-187684C21557-LeaderElection57: Election TIMEOUT; received 0 response(s) [] and 0 exception(s); 018b3f78-d19f-4e26-a796-cb8ddc4f97cf@group-187684C21557:t12, leader=null, voted=018b3f78-d19f-4e26-a796-cb8ddc4f97cf, raftlog=018b3f78-d19f-4e26-a796-cb8ddc4f97cf@group-187684C21557-SegmentedRaftLog:OPENED:c-1,f-1,i0, conf=-1: [893cf03e-f2cf-478a-892a-a746717e50e3:192.168.34.56:40750, 8697df36-98d2-41b1-bdc7-60597b3b5526:192.168.34.56:46415, 018b3f78-d19f-4e26-a796-cb8ddc4f97cf:192.168.34.56:35845], old=null
2019-10-18 13:01:24,418 [c124d131-afb9-4343-ad4e-aaebde613043@group-FF4202234884-LeaderElection59] INFO  impl.LeaderElection (LeaderElection.java:askForVotes(178)) - c124d131-afb9-4343-ad4e-aaebde613043@group-FF4202234884-LeaderElection59: begin an election at term 13 for -1: [999343e7-0330-4874-a345-91eca72585e0:192.168.34.56:44872, c124d131-afb9-4343-ad4e-aaebde613043:192.168.34.56:42116, e5bb327f-cdd7-4e49-919e-13a4c895fddf:192.168.34.56:36658], old=null
2019-10-18 13:01:24,420 [018b3f78-d19f-4e26-a796-cb8ddc4f97cf@group-187684C21557-LeaderElection57] INFO  impl.LeaderElection (LeaderElection.java:askForVotes(178)) - 018b3f78-d19f-4e26-a796-cb8ddc4f97cf@group-187684C21557-LeaderElection57: begin an election at term 13 for -1: [893cf03e-f2cf-478a-892a-a746717e50e3:192.168.34.56:40750, 8697df36-98d2-41b1-bdc7-60597b3b5526:192.168.34.56:46415, 018b3f78-d19f-4e26-a796-cb8ddc4f97cf:192.168.34.56:35845], old=null
2019-10-18 13:01:24,421 [grpc-default-executor-2] INFO  impl.RaftServerImpl (RaftServerImpl.java:setRole(184)) - 999343e7-0330-4874-a345-91eca72585e0@group-FF4202234884: changes role from  FOLLOWER to FOLLOWER at term 13 for recognizeCandidate:c124d131-afb9-4343-ad4e-aaebde613043
2019-10-18 13:01:24,421 [grpc-default-executor-2] INFO  impl.RoleInfo (RoleInfo.java:shutdownFollowerState(121)) - 999343e7-0330-4874-a345-91eca72585e0: shutdown FollowerState
2019-10-18 13:01:24,421 [grpc-default-executor-7] INFO  impl.RaftServerImpl (RaftServerImpl.java:setRole(184)) - e5bb327f-cdd7-4e49-919e-13a4c895fddf@group-FF4202234884: changes role from  FOLLOWER to FOLLOWER at term 13 for recognizeCandidate:c124d131-afb9-4343-ad4e-aaebde613043
2019-10-18 13:01:24,421 [Thread-659] INFO  impl.FollowerState (FollowerState.java:run(117)) - 999343e7-0330-4874-a345-91eca72585e0@group-FF4202234884-FollowerState was interrupted: java.lang.InterruptedException: sleep interrupted
2019-10-18 13:01:24,421 [grpc-default-executor-2] INFO  impl.RoleInfo (RoleInfo.java:updateAndGet(143)) - 999343e7-0330-4874-a345-91eca72585e0: start FollowerState
2019-10-18 13:01:24,421 [grpc-default-executor-7] INFO  impl.RoleInfo (RoleInfo.java:shutdownFollowerState(121)) - e5bb327f-cdd7-4e49-919e-13a4c895fddf: shutdown FollowerState
2019-10-18 13:01:24,422 [grpc-default-executor-7] INFO  impl.RoleInfo (RoleInfo.java:updateAndGet(143)) - e5bb327f-cdd7-4e49-919e-13a4c895fddf: start FollowerState
2019-10-18 13:01:24,422 [Thread-657] INFO  impl.FollowerState (FollowerState.java:run(117)) - e5bb327f-cdd7-4e49-919e-13a4c895fddf@group-FF4202234884-FollowerState was interrupted: java.lang.InterruptedException: sleep interrupted
2019-10-18 13:01:24,422 [grpc-default-executor-5] INFO  impl.RaftServerImpl (RaftServerImpl.java:setRole(184)) - 893cf03e-f2cf-478a-892a-a746717e50e3@group-187684C21557: changes role from  FOLLOWER to FOLLOWER at term 13 for recognizeCandidate:018b3f78-d19f-4e26-a796-cb8ddc4f97cf
2019-10-18 13:01:24,423 [grpc-default-executor-8] INFO  impl.RaftServerImpl (RaftServerImpl.java:setRole(184)) - 8697df36-98d2-41b1-bdc7-60597b3b5526@group-187684C21557: changes role from  FOLLOWER to FOLLOWER at term 13 for recognizeCandidate:018b3f78-d19f-4e26-a796-cb8ddc4f97cf
2019-10-18 13:01:24,423 [grpc-default-executor-5] INFO  impl.RoleInfo (RoleInfo.java:shutdownFollowerState(121)) - 893cf03e-f2cf-478a-892a-a746717e50e3: shutdown FollowerState
2019-10-18 13:01:24,423 [grpc-default-executor-8] INFO  impl.RoleInfo (RoleInfo.java:shutdownFollowerState(121)) - 8697df36-98d2-41b1-bdc7-60597b3b5526: shutdown FollowerState
2019-10-18 13:01:24,423 [grpc-default-executor-5] INFO  impl.RoleInfo (RoleInfo.java:updateAndGet(143)) - 893cf03e-f2cf-478a-892a-a746717e50e3: start FollowerState
2019-10-18 13:01:24,423 [Thread-664] INFO  impl.FollowerState (FollowerState.java:run(117)) - 8697df36-98d2-41b1-bdc7-60597b3b5526@group-187684C21557-FollowerState was interrupted: java.lang.InterruptedException: sleep interrupted
2019-10-18 13:01:24,423 [grpc-default-executor-8] INFO  impl.RoleInfo (RoleInfo.java:updateAndGet(143)) - 8697df36-98d2-41b1-bdc7-60597b3b5526: start FollowerState
2019-10-18 13:01:24,423 [Thread-663] INFO  impl.FollowerState (FollowerState.java:run(117)) - 893cf03e-f2cf-478a-892a-a746717e50e3@group-187684C21557-FollowerState was interrupted: java.lang.InterruptedException: sleep interrupted
2019-10-18 13:01:24,446 [c124d131-afb9-4343-ad4e-aaebde613043@group-FF4202234884-LeaderElection59] INFO  impl.LeaderElection (LeaderElection.java:logAndReturn(56)) - c124d131-afb9-4343-ad4e-aaebde613043@group-FF4202234884-LeaderElection59: Election TIMEOUT; received 0 response(s) [] and 0 exception(s); c124d131-afb9-4343-ad4e-aaebde613043@group-FF4202234884:t13, leader=null, voted=c124d131-afb9-4343-ad4e-aaebde613043, raftlog=c124d131-afb9-4343-ad4e-aaebde613043@group-FF4202234884-SegmentedRaftLog:OPENED:c-1,f-1,i0, conf=-1: [999343e7-0330-4874-a345-91eca72585e0:192.168.34.56:44872, c124d131-afb9-4343-ad4e-aaebde613043:192.168.34.56:42116, e5bb327f-cdd7-4e49-919e-13a4c895fddf:192.168.34.56:36658], old=null
2019-10-18 13:01:24,498 [018b3f78-d19f-4e26-a796-cb8ddc4f97cf@group-187684C21557-LeaderElection57] INFO  impl.LeaderElection (LeaderElection.java:logAndReturn(56)) - 018b3f78-d19f-4e26-a796-cb8ddc4f97cf@group-187684C21557-LeaderElection57: Election REJECTED; received 2 response(s) [018b3f78-d19f-4e26-a796-cb8ddc4f97cf<-893cf03e-f2cf-478a-892a-a746717e50e3#0:FAIL-t13, 018b3f78-d19f-4e26-a796-cb8ddc4f97cf<-8697df36-98d2-41b1-bdc7-60597b3b5526#0:FAIL-t13] and 0 exception(s); 018b3f78-d19f-4e26-a796-cb8ddc4f97cf@group-187684C21557:t13, leader=null, voted=018b3f78-d19f-4e26-a796-cb8ddc4f97cf, raftlog=018b3f78-d19f-4e26-a796-cb8ddc4f97cf@group-187684C21557-SegmentedRaftLog:OPENED:c-1,f-1,i0, conf=-1: [893cf03e-f2cf-478a-892a-a746717e50e3:192.168.34.56:40750, 8697df36-98d2-41b1-bdc7-60597b3b5526:192.168.34.56:46415, 018b3f78-d19f-4e26-a796-cb8ddc4f97cf:192.168.34.56:35845], old=null
2019-10-18 13:01:24,498 [018b3f78-d19f-4e26-a796-cb8ddc4f97cf@group-187684C21557-LeaderElection57] INFO  impl.RaftServerImpl (RaftServerImpl.java:setRole(184)) - 018b3f78-d19f-4e26-a796-cb8ddc4f97cf@group-187684C21557: changes role from CANDIDATE to FOLLOWER at term 13 for DISCOVERED_A_NEW_TERM
2019-10-18 13:01:24,498 [018b3f78-d19f-4e26-a796-cb8ddc4f97cf@group-187684C21557-LeaderElection57] INFO  impl.RoleInfo (RoleInfo.java:shutdownLeaderElection(134)) - 018b3f78-d19f-4e26-a796-cb8ddc4f97cf: shutdown LeaderElection
2019-10-18 13:01:24,498 [018b3f78-d19f-4e26-a796-cb8ddc4f97cf@group-187684C21557-LeaderElection57] INFO  impl.RoleInfo (RoleInfo.java:updateAndGet(143)) - 018b3f78-d19f-4e26-a796-cb8ddc4f97cf: start FollowerState
2019-10-18 13:01:24,514 [c124d131-afb9-4343-ad4e-aaebde613043@group-FF4202234884-LeaderElection59] INFO  impl.LeaderElection (LeaderElection.java:askForVotes(178)) - c124d131-afb9-4343-ad4e-aaebde613043@group-FF4202234884-LeaderElection59: begin an election at term 14 for -1: [999343e7-0330-4874-a345-91eca72585e0:192.168.34.56:44872, c124d131-afb9-4343-ad4e-aaebde613043:192.168.34.56:42116, e5bb327f-cdd7-4e49-919e-13a4c895fddf:192.168.34.56:36658], old=null
2019-10-18 13:01:24,517 [grpc-default-executor-8] INFO  impl.RaftServerImpl (RaftServerImpl.java:setRole(184)) - e5bb327f-cdd7-4e49-919e-13a4c895fddf@group-FF4202234884: changes role from  FOLLOWER to FOLLOWER at term 14 for recognizeCandidate:c124d131-afb9-4343-ad4e-aaebde613043
2019-10-18 13:01:24,517 [grpc-default-executor-2] INFO  impl.RaftServerImpl (RaftServerImpl.java:setRole(184)) - 999343e7-0330-4874-a345-91eca72585e0@group-FF4202234884: changes role from  FOLLOWER to FOLLOWER at term 14 for recognizeCandidate:c124d131-afb9-4343-ad4e-aaebde613043
2019-10-18 13:01:24,517 [grpc-default-executor-8] INFO  impl.RoleInfo (RoleInfo.java:shutdownFollowerState(121)) - e5bb327f-cdd7-4e49-919e-13a4c895fddf: shutdown FollowerState
2019-10-18 13:01:24,517 [grpc-default-executor-2] INFO  impl.RoleInfo (RoleInfo.java:shutdownFollowerState(121)) - 999343e7-0330-4874-a345-91eca72585e0: shutdown FollowerState
2019-10-18 13:01:24,517 [Thread-670] INFO  impl.FollowerState (FollowerState.java:run(117)) - e5bb327f-cdd7-4e49-919e-13a4c895fddf@group-FF4202234884-FollowerState was interrupted: java.lang.InterruptedException: sleep interrupted
2019-10-18 13:01:24,517 [grpc-default-executor-8] INFO  impl.RoleInfo (RoleInfo.java:updateAndGet(143)) - e5bb327f-cdd7-4e49-919e-13a4c895fddf: start FollowerState
2019-10-18 13:01:24,517 [Thread-669] INFO  impl.FollowerState (FollowerState.java:run(117)) - 999343e7-0330-4874-a345-91eca72585e0@group-FF4202234884-FollowerState was interrupted: java.lang.InterruptedException: sleep interrupted
2019-10-18 13:01:24,517 [grpc-default-executor-2] INFO  impl.RoleInfo (RoleInfo.java:updateAndGet(143)) - 999343e7-0330-4874-a345-91eca72585e0: start FollowerState
2019-10-18 13:01:24,525 [c124d131-afb9-4343-ad4e-aaebde613043@group-FF4202234884-LeaderElection59] INFO  impl.LeaderElection (LeaderElection.java:logAndReturn(56)) - c124d131-afb9-4343-ad4e-aaebde613043@group-FF4202234884-LeaderElection59: Election TIMEOUT; received 0 response(s) [] and 0 exception(s); c124d131-afb9-4343-ad4e-aaebde613043@group-FF4202234884:t14, leader=null, voted=c124d131-afb9-4343-ad4e-aaebde613043, raftlog=c124d131-afb9-4343-ad4e-aaebde613043@group-FF4202234884-SegmentedRaftLog:OPENED:c-1,f-1,i0, conf=-1: [999343e7-0330-4874-a345-91eca72585e0:192.168.34.56:44872, c124d131-afb9-4343-ad4e-aaebde613043:192.168.34.56:42116, e5bb327f-cdd7-4e49-919e-13a4c895fddf:192.168.34.56:36658], old=null
2019-10-18 13:01:24,567 [c124d131-afb9-4343-ad4e-aaebde613043@group-FF4202234884-LeaderElection59] INFO  impl.LeaderElection (LeaderElection.java:askForVotes(178)) - c124d131-afb9-4343-ad4e-aaebde613043@group-FF4202234884-LeaderElection59: begin an election at term 15 for -1: [999343e7-0330-4874-a345-91eca72585e0:192.168.34.56:44872, c124d131-afb9-4343-ad4e-aaebde613043:192.168.34.56:42116, e5bb327f-cdd7-4e49-919e-13a4c895fddf:192.168.34.56:36658], old=null
2019-10-18 13:01:24,570 [grpc-default-executor-8] INFO  impl.RaftServerImpl (RaftServerImpl.java:setRole(184)) - e5bb327f-cdd7-4e49-919e-13a4c895fddf@group-FF4202234884: changes role from  FOLLOWER to FOLLOWER at term 15 for recognizeCandidate:c124d131-afb9-4343-ad4e-aaebde613043
2019-10-18 13:01:24,570 [grpc-default-executor-8] INFO  impl.RoleInfo (RoleInfo.java:shutdownFollowerState(121)) - e5bb327f-cdd7-4e49-919e-13a4c895fddf: shutdown FollowerState
2019-10-18 13:01:24,570 [grpc-default-executor-2] INFO  impl.RaftServerImpl (RaftServerImpl.java:setRole(184)) - 999343e7-0330-4874-a345-91eca72585e0@group-FF4202234884: changes role from  FOLLOWER to FOLLOWER at term 15 for recognizeCandidate:c124d131-afb9-4343-ad4e-aaebde613043
2019-10-18 13:01:24,570 [Thread-676] INFO  impl.FollowerState (FollowerState.java:run(117)) - e5bb327f-cdd7-4e49-919e-13a4c895fddf@group-FF4202234884-FollowerState was interrupted: java.lang.InterruptedException: sleep interrupted
2019-10-18 13:01:24,570 [grpc-default-executor-8] INFO  impl.RoleInfo (RoleInfo.java:updateAndGet(143)) - e5bb327f-cdd7-4e49-919e-13a4c895fddf: start FollowerState
2019-10-18 13:01:24,570 [grpc-default-executor-2] INFO  impl.RoleInfo (RoleInfo.java:shutdownFollowerState(121)) - 999343e7-0330-4874-a345-91eca72585e0: shutdown FollowerState
2019-10-18 13:01:24,570 [grpc-default-executor-2] INFO  impl.RoleInfo (RoleInfo.java:updateAndGet(143)) - 999343e7-0330-4874-a345-91eca72585e0: start FollowerState
2019-10-18 13:01:24,570 [Thread-677] INFO  impl.FollowerState (FollowerState.java:run(117)) - 999343e7-0330-4874-a345-91eca72585e0@group-FF4202234884-FollowerState was interrupted: java.lang.InterruptedException: sleep interrupted
2019-10-18 13:01:24,589 [c124d131-afb9-4343-ad4e-aaebde613043@group-FF4202234884-LeaderElection59] INFO  impl.LeaderElection (LeaderElection.java:logAndReturn(56)) - c124d131-afb9-4343-ad4e-aaebde613043@group-FF4202234884-LeaderElection59: Election TIMEOUT; received 0 response(s) [] and 0 exception(s); c124d131-afb9-4343-ad4e-aaebde613043@group-FF4202234884:t15, leader=null, voted=c124d131-afb9-4343-ad4e-aaebde613043, raftlog=c124d131-afb9-4343-ad4e-aaebde613043@group-FF4202234884-SegmentedRaftLog:OPENED:c-1,f-1,i0, conf=-1: [999343e7-0330-4874-a345-91eca72585e0:192.168.34.56:44872, c124d131-afb9-4343-ad4e-aaebde613043:192.168.34.56:42116, e5bb327f-cdd7-4e49-919e-13a4c895fddf:192.168.34.56:36658], old=null
2019-10-18 13:01:24,668 [c124d131-afb9-4343-ad4e-aaebde613043@group-FF4202234884-LeaderElection59] INFO  impl.LeaderElection (LeaderElection.java:askForVotes(178)) - c124d131-afb9-4343-ad4e-aaebde613043@group-FF4202234884-LeaderElection59: begin an election at term 16 for -1: [999343e7-0330-4874-a345-91eca72585e0:192.168.34.56:44872, c124d131-afb9-4343-ad4e-aaebde613043:192.168.34.56:42116, e5bb327f-cdd7-4e49-919e-13a4c895fddf:192.168.34.56:36658], old=null
2019-10-18 13:01:24,673 [grpc-default-executor-2] INFO  impl.RaftServerImpl (RaftServerImpl.java:setRole(184)) - e5bb327f-cdd7-4e49-919e-13a4c895fddf@group-FF4202234884: changes role from  FOLLOWER to FOLLOWER at term 16 for recognizeCandidate:c124d131-afb9-4343-ad4e-aaebde613043
2019-10-18 13:01:24,673 [grpc-default-executor-8] INFO  impl.RaftServerImpl (RaftServerImpl.java:setRole(184)) - 999343e7-0330-4874-a345-91eca72585e0@group-FF4202234884: changes role from  FOLLOWER to FOLLOWER at term 16 for recognizeCandidate:c124d131-afb9-4343-ad4e-aaebde613043
2019-10-18 13:01:24,673 [grpc-default-executor-2] INFO  impl.RoleInfo (RoleInfo.java:shutdownFollowerState(121)) - e5bb327f-cdd7-4e49-919e-13a4c895fddf: shutdown FollowerState
2019-10-18 13:01:24,673 [grpc-default-executor-8] INFO  impl.RoleInfo (RoleInfo.java:shutdownFollowerState(121)) - 999343e7-0330-4874-a345-91eca72585e0: shutdown FollowerState
2019-10-18 13:01:24,674 [Thread-680] INFO  impl.FollowerState (FollowerState.java:run(117)) - e5bb327f-cdd7-4e49-919e-13a4c895fddf@group-FF4202234884-FollowerState was interrupted: java.lang.InterruptedException: sleep interrupted
2019-10-18 13:01:24,674 [grpc-default-executor-2] INFO  impl.RoleInfo (RoleInfo.java:updateAndGet(143)) - e5bb327f-cdd7-4e49-919e-13a4c895fddf: start FollowerState
2019-10-18 13:01:24,674 [Thread-681] INFO  impl.FollowerState (FollowerState.java:run(117)) - 999343e7-0330-4874-a345-91eca72585e0@group-FF4202234884-FollowerState was interrupted: java.lang.InterruptedException: sleep interrupted
2019-10-18 13:01:24,674 [grpc-default-executor-8] INFO  impl.RoleInfo (RoleInfo.java:updateAndGet(143)) - 999343e7-0330-4874-a345-91eca72585e0: start FollowerState
2019-10-18 13:01:24,697 [Thread-673] INFO  impl.FollowerState (FollowerState.java:run(108)) - 018b3f78-d19f-4e26-a796-cb8ddc4f97cf@group-187684C21557-FollowerState: change to CANDIDATE, lastRpcTime:198ms, electionTimeout:198ms
2019-10-18 13:01:24,697 [Thread-673] INFO  impl.RoleInfo (RoleInfo.java:shutdownFollowerState(121)) - 018b3f78-d19f-4e26-a796-cb8ddc4f97cf: shutdown FollowerState
2019-10-18 13:01:24,697 [Thread-673] INFO  impl.RaftServerImpl (RaftServerImpl.java:setRole(184)) - 018b3f78-d19f-4e26-a796-cb8ddc4f97cf@group-187684C21557: changes role from  FOLLOWER to CANDIDATE at term 13 for changeToCandidate
2019-10-18 13:01:24,697 [Thread-673] INFO  impl.RoleInfo (RoleInfo.java:updateAndGet(143)) - 018b3f78-d19f-4e26-a796-cb8ddc4f97cf: start LeaderElection
2019-10-18 13:01:24,719 [c124d131-afb9-4343-ad4e-aaebde613043@group-FF4202234884-LeaderElection59] INFO  impl.LeaderElection (LeaderElection.java:logAndReturn(56)) - c124d131-afb9-4343-ad4e-aaebde613043@group-FF4202234884-LeaderElection59: Election TIMEOUT; received 0 response(s) [] and 0 exception(s); c124d131-afb9-4343-ad4e-aaebde613043@group-FF4202234884:t16, leader=null, voted=c124d131-afb9-4343-ad4e-aaebde613043, raftlog=c124d131-afb9-4343-ad4e-aaebde613043@group-FF4202234884-SegmentedRaftLog:OPENED:c-1,f-1,i0, conf=-1: [999343e7-0330-4874-a345-91eca72585e0:192.168.34.56:44872, c124d131-afb9-4343-ad4e-aaebde613043:192.168.34.56:42116, e5bb327f-cdd7-4e49-919e-13a4c895fddf:192.168.34.56:36658], old=null
2019-10-18 13:01:24,774 [c124d131-afb9-4343-ad4e-aaebde613043@group-FF4202234884-LeaderElection59] INFO  impl.LeaderElection (LeaderElection.java:askForVotes(178)) - c124d131-afb9-4343-ad4e-aaebde613043@group-FF4202234884-LeaderElection59: begin an election at term 17 for -1: [999343e7-0330-4874-a345-91eca72585e0:192.168.34.56:44872, c124d131-afb9-4343-ad4e-aaebde613043:192.168.34.56:42116, e5bb327f-cdd7-4e49-919e-13a4c895fddf:192.168.34.56:36658], old=null
2019-10-18 13:01:24,774 [018b3f78-d19f-4e26-a796-cb8ddc4f97cf@group-187684C21557-LeaderElection60] INFO  impl.LeaderElection (LeaderElection.java:askForVotes(178)) - 018b3f78-d19f-4e26-a796-cb8ddc4f97cf@group-187684C21557-LeaderElection60: begin an election at term 14 for -1: [893cf03e-f2cf-478a-892a-a746717e50e3:192.168.34.56:40750, 8697df36-98d2-41b1-bdc7-60597b3b5526:192.168.34.56:46415, 018b3f78-d19f-4e26-a796-cb8ddc4f97cf:192.168.34.56:35845], old=null
2019-10-18 13:01:24,778 [grpc-default-executor-5] INFO  impl.RaftServerImpl (RaftServerImpl.java:setRole(184)) - 999343e7-0330-4874-a345-91eca72585e0@group-FF4202234884: changes role from  FOLLOWER to FOLLOWER at term 17 for recognizeCandidate:c124d131-afb9-4343-ad4e-aaebde613043
2019-10-18 13:01:24,778 [grpc-default-executor-2] INFO  impl.RaftServerImpl (RaftServerImpl.java:setRole(184)) - 8697df36-98d2-41b1-bdc7-60597b3b5526@group-187684C21557: changes role from  FOLLOWER to FOLLOWER at term 14 for recognizeCandidate:018b3f78-d19f-4e26-a796-cb8ddc4f97cf
2019-10-18 13:01:24,778 [grpc-default-executor-7] INFO  impl.RaftServerImpl (RaftServerImpl.java:setRole(184)) - 893cf03e-f2cf-478a-892a-a746717e50e3@group-187684C21557: changes role from  FOLLOWER to FOLLOWER at term 14 for recognizeCandidate:018b3f78-d19f-4e26-a796-cb8ddc4f97cf
2019-10-18 13:01:24,778 [grpc-default-executor-8] INFO  impl.RaftServerImpl (RaftServerImpl.java:setRole(184)) - e5bb327f-cdd7-4e49-919e-13a4c895fddf@group-FF4202234884: changes role from  FOLLOWER to FOLLOWER at term 17 for recognizeCandidate:c124d131-afb9-4343-ad4e-aaebde613043
2019-10-18 13:01:24,778 [grpc-default-executor-7] INFO  impl.RoleInfo (RoleInfo.java:shutdownFollowerState(121)) - 893cf03e-f2cf-478a-892a-a746717e50e3: shutdown FollowerState
2019-10-18 13:01:24,778 [grpc-default-executor-2] INFO  impl.RoleInfo (RoleInfo.java:shutdownFollowerState(121)) - 8697df36-98d2-41b1-bdc7-60597b3b5526: shutdown FollowerState
2019-10-18 13:01:24,778 [grpc-default-executor-5] INFO  impl.RoleInfo (RoleInfo.java:shutdownFollowerState(121)) - 999343e7-0330-4874-a345-91eca72585e0: shutdown FollowerState
2019-10-18 13:01:24,779 [Thread-672] INFO  impl.FollowerState (FollowerState.java:run(117)) - 8697df36-98d2-41b1-bdc7-60597b3b5526@group-187684C21557-FollowerState was interrupted: java.lang.InterruptedException: sleep interrupted
2019-10-18 13:01:24,779 [grpc-default-executor-2] INFO  impl.RoleInfo (RoleInfo.java:updateAndGet(143)) - 8697df36-98d2-41b1-bdc7-60597b3b5526: start FollowerState
2019-10-18 13:01:24,779 [grpc-default-executor-7] INFO  impl.RoleInfo (RoleInfo.java:updateAndGet(143)) - 893cf03e-f2cf-478a-892a-a746717e50e3: start FollowerState
2019-10-18 13:01:24,779 [Thread-671] INFO  impl.FollowerState (FollowerState.java:run(117)) - 893cf03e-f2cf-478a-892a-a746717e50e3@group-187684C21557-FollowerState was interrupted: java.lang.InterruptedException: sleep interrupted
2019-10-18 13:01:24,779 [grpc-default-executor-8] INFO  impl.RoleInfo (RoleInfo.java:shutdownFollowerState(121)) - e5bb327f-cdd7-4e49-919e-13a4c895fddf: shutdown FollowerState
2019-10-18 13:01:24,779 [Thread-685] INFO  impl.FollowerState (FollowerState.java:run(117)) - 999343e7-0330-4874-a345-91eca72585e0@group-FF4202234884-FollowerState was interrupted: java.lang.InterruptedException: sleep interrupted
2019-10-18 13:01:24,779 [grpc-default-executor-5] INFO  impl.RoleInfo (RoleInfo.java:updateAndGet(143)) - 999343e7-0330-4874-a345-91eca72585e0: start FollowerState
2019-10-18 13:01:24,780 [Thread-684] INFO  impl.FollowerState (FollowerState.java:run(117)) - e5bb327f-cdd7-4e49-919e-13a4c895fddf@group-FF4202234884-FollowerState was interrupted: java.lang.InterruptedException: sleep interrupted
2019-10-18 13:01:24,780 [grpc-default-executor-8] INFO  impl.RoleInfo (RoleInfo.java:updateAndGet(143)) - e5bb327f-cdd7-4e49-919e-13a4c895fddf: start FollowerState
2019-10-18 13:01:24,820 [018b3f78-d19f-4e26-a796-cb8ddc4f97cf@group-187684C21557-LeaderElection60] INFO  impl.LeaderElection (LeaderElection.java:logAndReturn(56)) - 018b3f78-d19f-4e26-a796-cb8ddc4f97cf@group-187684C21557-LeaderElection60: Election REJECTED; received 2 response(s) [018b3f78-d19f-4e26-a796-cb8ddc4f97cf<-893cf03e-f2cf-478a-892a-a746717e50e3#0:FAIL-t14, 018b3f78-d19f-4e26-a796-cb8ddc4f97cf<-8697df36-98d2-41b1-bdc7-60597b3b5526#0:FAIL-t14] and 0 exception(s); 018b3f78-d19f-4e26-a796-cb8ddc4f97cf@group-187684C21557:t14, leader=null, voted=018b3f78-d19f-4e26-a796-cb8ddc4f97cf, raftlog=018b3f78-d19f-4e26-a796-cb8ddc4f97cf@group-187684C21557-SegmentedRaftLog:OPENED:c-1,f-1,i0, conf=-1: [893cf03e-f2cf-478a-892a-a746717e50e3:192.168.34.56:40750, 8697df36-98d2-41b1-bdc7-60597b3b5526:192.168.34.56:46415, 018b3f78-d19f-4e26-a796-cb8ddc4f97cf:192.168.34.56:35845], old=null
2019-10-18 13:01:24,820 [018b3f78-d19f-4e26-a796-cb8ddc4f97cf@group-187684C21557-LeaderElection60] INFO  impl.RaftServerImpl (RaftServerImpl.java:setRole(184)) - 018b3f78-d19f-4e26-a796-cb8ddc4f97cf@group-187684C21557: changes role from CANDIDATE to FOLLOWER at term 14 for DISCOVERED_A_NEW_TERM
2019-10-18 13:01:24,820 [018b3f78-d19f-4e26-a796-cb8ddc4f97cf@group-187684C21557-LeaderElection60] INFO  impl.RoleInfo (RoleInfo.java:shutdownLeaderElection(134)) - 018b3f78-d19f-4e26-a796-cb8ddc4f97cf: shutdown LeaderElection
2019-10-18 13:01:24,821 [018b3f78-d19f-4e26-a796-cb8ddc4f97cf@group-187684C21557-LeaderElection60] INFO  impl.RoleInfo (RoleInfo.java:updateAndGet(143)) - 018b3f78-d19f-4e26-a796-cb8ddc4f97cf: start FollowerState
2019-10-18 13:01:24,821 [c124d131-afb9-4343-ad4e-aaebde613043@group-FF4202234884-LeaderElection59] INFO  impl.LeaderElection (LeaderElection.java:logAndReturn(56)) - c124d131-afb9-4343-ad4e-aaebde613043@group-FF4202234884-LeaderElection59: Election REJECTED; received 2 response(s) [c124d131-afb9-4343-ad4e-aaebde613043<-999343e7-0330-4874-a345-91eca72585e0#0:FAIL-t17, c124d131-afb9-4343-ad4e-aaebde613043<-e5bb327f-cdd7-4e49-919e-13a4c895fddf#0:FAIL-t17] and 0 exception(s); c124d131-afb9-4343-ad4e-aaebde613043@group-FF4202234884:t17, leader=null, voted=c124d131-afb9-4343-ad4e-aaebde613043, raftlog=c124d131-afb9-4343-ad4e-aaebde613043@group-FF4202234884-SegmentedRaftLog:OPENED:c-1,f-1,i0, conf=-1: [999343e7-0330-4874-a345-91eca72585e0:192.168.34.56:44872, c124d131-afb9-4343-ad4e-aaebde613043:192.168.34.56:42116, e5bb327f-cdd7-4e49-919e-13a4c895fddf:192.168.34.56:36658], old=null
2019-10-18 13:01:24,821 [c124d131-afb9-4343-ad4e-aaebde613043@group-FF4202234884-LeaderElection59] INFO  impl.RaftServerImpl (RaftServerImpl.java:setRole(184)) - c124d131-afb9-4343-ad4e-aaebde613043@group-FF4202234884: changes role from CANDIDATE to FOLLOWER at term 17 for DISCOVERED_A_NEW_TERM
2019-10-18 13:01:24,821 [c124d131-afb9-4343-ad4e-aaebde613043@group-FF4202234884-LeaderElection59] INFO  impl.RoleInfo (RoleInfo.java:shutdownLeaderElection(134)) - c124d131-afb9-4343-ad4e-aaebde613043: shutdown LeaderElection
2019-10-18 13:01:24,821 [c124d131-afb9-4343-ad4e-aaebde613043@group-FF4202234884-LeaderElection59] INFO  impl.RoleInfo (RoleInfo.java:updateAndGet(143)) - c124d131-afb9-4343-ad4e-aaebde613043: start FollowerState
2019-10-18 13:01:24,940 [Thread-698] INFO  impl.FollowerState (FollowerState.java:run(108)) - c124d131-afb9-4343-ad4e-aaebde613043@group-FF4202234884-FollowerState: change to CANDIDATE, lastRpcTime:118ms, electionTimeout:118ms
2019-10-18 13:01:24,940 [Thread-698] INFO  impl.RoleInfo (RoleInfo.java:shutdownFollowerState(121)) - c124d131-afb9-4343-ad4e-aaebde613043: shutdown FollowerState
2019-10-18 13:01:24,940 [Thread-698] INFO  impl.RaftServerImpl (RaftServerImpl.java:setRole(184)) - c124d131-afb9-4343-ad4e-aaebde613043@group-FF4202234884: changes role from  FOLLOWER to CANDIDATE at term 17 for changeToCandidate
2019-10-18 13:01:24,940 [Thread-698] INFO  impl.RoleInfo (RoleInfo.java:updateAndGet(143)) - c124d131-afb9-4343-ad4e-aaebde613043: start LeaderElection
2019-10-18 13:01:24,968 [Thread-697] INFO  impl.FollowerState (FollowerState.java:run(108)) - 018b3f78-d19f-4e26-a796-cb8ddc4f97cf@group-187684C21557-FollowerState: change to CANDIDATE, lastRpcTime:147ms, electionTimeout:147ms
2019-10-18 13:01:24,968 [Thread-697] INFO  impl.RoleInfo (RoleInfo.java:shutdownFollowerState(121)) - 018b3f78-d19f-4e26-a796-cb8ddc4f97cf: shutdown FollowerState
2019-10-18 13:01:24,968 [Thread-697] INFO  impl.RaftServerImpl (RaftServerImpl.java:setRole(184)) - 018b3f78-d19f-4e26-a796-cb8ddc4f97cf@group-187684C21557: changes role from  FOLLOWER to CANDIDATE at term 14 for changeToCandidate
2019-10-18 13:01:24,969 [Thread-697] INFO  impl.RoleInfo (RoleInfo.java:updateAndGet(143)) - 018b3f78-d19f-4e26-a796-cb8ddc4f97cf: start LeaderElection
2019-10-18 13:01:25,093 [c124d131-afb9-4343-ad4e-aaebde613043@group-FF4202234884-LeaderElection61] INFO  impl.LeaderElection (LeaderElection.java:askForVotes(178)) - c124d131-afb9-4343-ad4e-aaebde613043@group-FF4202234884-LeaderElection61: begin an election at term 18 for -1: [999343e7-0330-4874-a345-91eca72585e0:192.168.34.56:44872, c124d131-afb9-4343-ad4e-aaebde613043:192.168.34.56:42116, e5bb327f-cdd7-4e49-919e-13a4c895fddf:192.168.34.56:36658], old=null
2019-10-18 13:01:25,101 [grpc-default-executor-2] INFO  impl.RaftServerImpl (RaftServerImpl.java:setRole(184)) - 999343e7-0330-4874-a345-91eca72585e0@group-FF4202234884: changes role from  FOLLOWER to FOLLOWER at term 18 for recognizeCandidate:c124d131-afb9-4343-ad4e-aaebde613043
2019-10-18 13:01:25,101 [grpc-default-executor-7] INFO  impl.RaftServerImpl (RaftServerImpl.java:setRole(184)) - e5bb327f-cdd7-4e49-919e-13a4c895fddf@group-FF4202234884: changes role from  FOLLOWER to FOLLOWER at term 18 for recognizeCandidate:c124d131-afb9-4343-ad4e-aaebde613043
2019-10-18 13:01:25,101 [grpc-default-executor-2] INFO  impl.RoleInfo (RoleInfo.java:shutdownFollowerState(121)) - 999343e7-0330-4874-a345-91eca72585e0: shutdown FollowerState
2019-10-18 13:01:25,101 [grpc-default-executor-7] INFO  impl.RoleInfo (RoleInfo.java:shutdownFollowerState(121)) - e5bb327f-cdd7-4e49-919e-13a4c895fddf: shutdown FollowerState
2019-10-18 13:01:25,101 [Thread-694] INFO  impl.FollowerState (FollowerState.java:run(117)) - 999343e7-0330-4874-a345-91eca72585e0@group-FF4202234884-FollowerState was interrupted: java.lang.InterruptedException: sleep interrupted
2019-10-18 13:01:25,101 [grpc-default-executor-2] INFO  impl.RoleInfo (RoleInfo.java:updateAndGet(143)) - 999343e7-0330-4874-a345-91eca72585e0: start FollowerState
2019-10-18 13:01:25,102 [Thread-695] INFO  impl.FollowerState (FollowerState.java:run(117)) - e5bb327f-cdd7-4e49-919e-13a4c895fddf@group-FF4202234884-FollowerState was interrupted: java.lang.InterruptedException: sleep interrupted
2019-10-18 13:01:25,102 [grpc-default-executor-7] INFO  impl.RoleInfo (RoleInfo.java:updateAndGet(143)) - e5bb327f-cdd7-4e49-919e-13a4c895fddf: start FollowerState
2019-10-18 13:01:25,113 [018b3f78-d19f-4e26-a796-cb8ddc4f97cf@group-187684C21557-LeaderElection62] INFO  impl.LeaderElection (LeaderElection.java:askForVotes(178)) - 018b3f78-d19f-4e26-a796-cb8ddc4f97cf@group-187684C21557-LeaderElection62: begin an election at term 15 for -1: [893cf03e-f2cf-478a-892a-a746717e50e3:192.168.34.56:40750, 8697df36-98d2-41b1-bdc7-60597b3b5526:192.168.34.56:46415, 018b3f78-d19f-4e26-a796-cb8ddc4f97cf:192.168.34.56:35845], old=null
2019-10-18 13:01:25,116 [grpc-default-executor-8] INFO  impl.RaftServerImpl (RaftServerImpl.java:setRole(184)) - 8697df36-98d2-41b1-bdc7-60597b3b5526@group-187684C21557: changes role from  FOLLOWER to FOLLOWER at term 15 for recognizeCandidate:018b3f78-d19f-4e26-a796-cb8ddc4f97cf
2019-10-18 13:01:25,116 [grpc-default-executor-5] INFO  impl.RaftServerImpl (RaftServerImpl.java:setRole(184)) - 893cf03e-f2cf-478a-892a-a746717e50e3@group-187684C21557: changes role from  FOLLOWER to FOLLOWER at term 15 for recognizeCandidate:018b3f78-d19f-4e26-a796-cb8ddc4f97cf
2019-10-18 13:01:25,116 [grpc-default-executor-8] INFO  impl.RoleInfo (RoleInfo.java:shutdownFollowerState(121)) - 8697df36-98d2-41b1-bdc7-60597b3b5526: shutdown FollowerState
2019-10-18 13:01:25,116 [grpc-default-executor-5] INFO  impl.RoleInfo (RoleInfo.java:shutdownFollowerState(121)) - 893cf03e-f2cf-478a-892a-a746717e50e3: shutdown FollowerState
2019-10-18 13:01:25,116 [Thread-693] INFO  impl.FollowerState (FollowerState.java:run(117)) - 8697df36-98d2-41b1-bdc7-60597b3b5526@group-187684C21557-FollowerState was interrupted: java.lang.InterruptedException: sleep interrupted
2019-10-18 13:01:25,116 [grpc-default-executor-8] INFO  impl.RoleInfo (RoleInfo.java:updateAndGet(143)) - 8697df36-98d2-41b1-bdc7-60597b3b5526: start FollowerState
2019-10-18 13:01:25,116 [grpc-default-executor-5] INFO  impl.RoleInfo (RoleInfo.java:updateAndGet(143)) - 893cf03e-f2cf-478a-892a-a746717e50e3: start FollowerState
2019-10-18 13:01:25,116 [Thread-692] INFO  impl.FollowerState (FollowerState.java:run(117)) - 893cf03e-f2cf-478a-892a-a746717e50e3@group-187684C21557-FollowerState was interrupted: java.lang.InterruptedException: sleep interrupted
2019-10-18 13:01:25,144 [c124d131-afb9-4343-ad4e-aaebde613043@group-FF4202234884-LeaderElection61] INFO  impl.LeaderElection (LeaderElection.java:logAndReturn(56)) - c124d131-afb9-4343-ad4e-aaebde613043@group-FF4202234884-LeaderElection61: Election REJECTED; received 2 response(s) [c124d131-afb9-4343-ad4e-aaebde613043<-999343e7-0330-4874-a345-91eca72585e0#0:FAIL-t18, c124d131-afb9-4343-ad4e-aaebde613043<-e5bb327f-cdd7-4e49-919e-13a4c895fddf#0:FAIL-t18] and 0 exception(s); c124d131-afb9-4343-ad4e-aaebde613043@group-FF4202234884:t18, leader=null, voted=c124d131-afb9-4343-ad4e-aaebde613043, raftlog=c124d131-afb9-4343-ad4e-aaebde613043@group-FF4202234884-SegmentedRaftLog:OPENED:c-1,f-1,i0, conf=-1: [999343e7-0330-4874-a345-91eca72585e0:192.168.34.56:44872, c124d131-afb9-4343-ad4e-aaebde613043:192.168.34.56:42116, e5bb327f-cdd7-4e49-919e-13a4c895fddf:192.168.34.56:36658], old=null
2019-10-18 13:01:25,144 [c124d131-afb9-4343-ad4e-aaebde613043@group-FF4202234884-LeaderElection61] INFO  impl.RaftServerImpl (RaftServerImpl.java:setRole(184)) - c124d131-afb9-4343-ad4e-aaebde613043@group-FF4202234884: changes role from CANDIDATE to FOLLOWER at term 18 for DISCOVERED_A_NEW_TERM
2019-10-18 13:01:25,144 [c124d131-afb9-4343-ad4e-aaebde613043@group-FF4202234884-LeaderElection61] INFO  impl.RoleInfo (RoleInfo.java:shutdownLeaderElection(134)) - c124d131-afb9-4343-ad4e-aaebde613043: shutdown LeaderElection
2019-10-18 13:01:25,144 [c124d131-afb9-4343-ad4e-aaebde613043@group-FF4202234884-LeaderElection61] INFO  impl.RoleInfo (RoleInfo.java:updateAndGet(143)) - c124d131-afb9-4343-ad4e-aaebde613043: start FollowerState
2019-10-18 13:01:25,196 [018b3f78-d19f-4e26-a796-cb8ddc4f97cf@group-187684C21557-LeaderElection62] INFO  impl.LeaderElection (LeaderElection.java:logAndReturn(56)) - 018b3f78-d19f-4e26-a796-cb8ddc4f97cf@group-187684C21557-LeaderElection62: Election REJECTED; received 2 response(s) [018b3f78-d19f-4e26-a796-cb8ddc4f97cf<-893cf03e-f2cf-478a-892a-a746717e50e3#0:FAIL-t15, 018b3f78-d19f-4e26-a796-cb8ddc4f97cf<-8697df36-98d2-41b1-bdc7-60597b3b5526#0:FAIL-t15] and 0 exception(s); 018b3f78-d19f-4e26-a796-cb8ddc4f97cf@group-187684C21557:t15, leader=null, voted=018b3f78-d19f-4e26-a796-cb8ddc4f97cf, raftlog=018b3f78-d19f-4e26-a796-cb8ddc4f97cf@group-187684C21557-SegmentedRaftLog:OPENED:c-1,f-1,i0, conf=-1: [893cf03e-f2cf-478a-892a-a746717e50e3:192.168.34.56:40750, 8697df36-98d2-41b1-bdc7-60597b3b5526:192.168.34.56:46415, 018b3f78-d19f-4e26-a796-cb8ddc4f97cf:192.168.34.56:35845], old=null
2019-10-18 13:01:25,197 [018b3f78-d19f-4e26-a796-cb8ddc4f97cf@group-187684C21557-LeaderElection62] INFO  impl.RaftServerImpl (RaftServerImpl.java:setRole(184)) - 018b3f78-d19f-4e26-a796-cb8ddc4f97cf@group-187684C21557: changes role from CANDIDATE to FOLLOWER at term 15 for DISCOVERED_A_NEW_TERM
2019-10-18 13:01:25,197 [018b3f78-d19f-4e26-a796-cb8ddc4f97cf@group-187684C21557-LeaderElection62] INFO  impl.RoleInfo (RoleInfo.java:shutdownLeaderElection(134)) - 018b3f78-d19f-4e26-a796-cb8ddc4f97cf: shutdown LeaderElection
2019-10-18 13:01:25,197 [018b3f78-d19f-4e26-a796-cb8ddc4f97cf@group-187684C21557-LeaderElection62] INFO  impl.RoleInfo (RoleInfo.java:updateAndGet(143)) - 018b3f78-d19f-4e26-a796-cb8ddc4f97cf: start FollowerState
2019-10-18 13:01:25,202 [Thread-711] INFO  impl.FollowerState (FollowerState.java:run(108)) - 018b3f78-d19f-4e26-a796-cb8ddc4f97cf@group-187684C21557-FollowerState: change to CANDIDATE, lastRpcTime:5ms, electionTimeout:5ms
2019-10-18 13:01:25,202 [Thread-711] INFO  impl.RoleInfo (RoleInfo.java:shutdownFollowerState(121)) - 018b3f78-d19f-4e26-a796-cb8ddc4f97cf: shutdown FollowerState
2019-10-18 13:01:25,203 [Thread-711] INFO  impl.RaftServerImpl (RaftServerImpl.java:setRole(184)) - 018b3f78-d19f-4e26-a796-cb8ddc4f97cf@group-187684C21557: changes role from  FOLLOWER to CANDIDATE at term 15 for changeToCandidate
2019-10-18 13:01:25,203 [Thread-711] INFO  impl.RoleInfo (RoleInfo.java:updateAndGet(143)) - 018b3f78-d19f-4e26-a796-cb8ddc4f97cf: start LeaderElection
2019-10-18 13:01:25,232 [Thread-709] INFO  impl.FollowerState (FollowerState.java:run(108)) - c124d131-afb9-4343-ad4e-aaebde613043@group-FF4202234884-FollowerState: change to CANDIDATE, lastRpcTime:87ms, electionTimeout:87ms
2019-10-18 13:01:25,232 [Thread-709] INFO  impl.RoleInfo (RoleInfo.java:shutdownFollowerState(121)) - c124d131-afb9-4343-ad4e-aaebde613043: shutdown FollowerState
2019-10-18 13:01:25,232 [Thread-709] INFO  impl.RaftServerImpl (RaftServerImpl.java:setRole(184)) - c124d131-afb9-4343-ad4e-aaebde613043@group-FF4202234884: changes role from  FOLLOWER to CANDIDATE at term 18 for changeToCandidate
2019-10-18 13:01:25,232 [Thread-709] INFO  impl.RoleInfo (RoleInfo.java:updateAndGet(143)) - c124d131-afb9-4343-ad4e-aaebde613043: start LeaderElection
2019-10-18 13:01:25,281 [018b3f78-d19f-4e26-a796-cb8ddc4f97cf@group-187684C21557-LeaderElection63] INFO  impl.LeaderElection (LeaderElection.java:askForVotes(178)) - 018b3f78-d19f-4e26-a796-cb8ddc4f97cf@group-187684C21557-LeaderElection63: begin an election at term 16 for -1: [893cf03e-f2cf-478a-892a-a746717e50e3:192.168.34.56:40750, 8697df36-98d2-41b1-bdc7-60597b3b5526:192.168.34.56:46415, 018b3f78-d19f-4e26-a796-cb8ddc4f97cf:192.168.34.56:35845], old=null
2019-10-18 13:01:25,284 [grpc-default-executor-5] INFO  impl.RaftServerImpl (RaftServerImpl.java:setRole(184)) - 8697df36-98d2-41b1-bdc7-60597b3b5526@group-187684C21557: changes role from  FOLLOWER to FOLLOWER at term 16 for recognizeCandidate:018b3f78-d19f-4e26-a796-cb8ddc4f97cf
2019-10-18 13:01:25,284 [grpc-default-executor-8] INFO  impl.RaftServerImpl (RaftServerImpl.java:setRole(184)) - 893cf03e-f2cf-478a-892a-a746717e50e3@group-187684C21557: changes role from  FOLLOWER to FOLLOWER at term 16 for recognizeCandidate:018b3f78-d19f-4e26-a796-cb8ddc4f97cf
2019-10-18 13:01:25,285 [grpc-default-executor-5] INFO  impl.RoleInfo (RoleInfo.java:shutdownFollowerState(121)) - 8697df36-98d2-41b1-bdc7-60597b3b5526: shutdown FollowerState
2019-10-18 13:01:25,285 [grpc-default-executor-8] INFO  impl.RoleInfo (RoleInfo.java:shutdownFollowerState(121)) - 893cf03e-f2cf-478a-892a-a746717e50e3: shutdown FollowerState
2019-10-18 13:01:25,285 [grpc-default-executor-5] INFO  impl.RoleInfo (RoleInfo.java:updateAndGet(143)) - 8697df36-98d2-41b1-bdc7-60597b3b5526: start FollowerState
2019-10-18 13:01:25,285 [Thread-708] INFO  impl.FollowerState (FollowerState.java:run(117)) - 893cf03e-f2cf-478a-892a-a746717e50e3@group-187684C21557-FollowerState was interrupted: java.lang.InterruptedException: sleep interrupted
2019-10-18 13:01:25,285 [grpc-default-executor-8] INFO  impl.RoleInfo (RoleInfo.java:updateAndGet(143)) - 893cf03e-f2cf-478a-892a-a746717e50e3: start FollowerState
2019-10-18 13:01:25,285 [Thread-707] INFO  impl.FollowerState (FollowerState.java:run(117)) - 8697df36-98d2-41b1-bdc7-60597b3b5526@group-187684C21557-FollowerState was interrupted: java.lang.InterruptedException: sleep interrupted
2019-10-18 13:01:25,324 [c124d131-afb9-4343-ad4e-aaebde613043@group-FF4202234884-LeaderElection64] INFO  impl.LeaderElection (LeaderElection.java:askForVotes(178)) - c124d131-afb9-4343-ad4e-aaebde613043@group-FF4202234884-LeaderElection64: begin an election at term 19 for -1: [999343e7-0330-4874-a345-91eca72585e0:192.168.34.56:44872, c124d131-afb9-4343-ad4e-aaebde613043:192.168.34.56:42116, e5bb327f-cdd7-4e49-919e-13a4c895fddf:192.168.34.56:36658], old=null
2019-10-18 13:01:25,326 [018b3f78-d19f-4e26-a796-cb8ddc4f97cf@group-187684C21557-LeaderElection63] INFO  impl.LeaderElection (LeaderElection.java:logAndReturn(56)) - 018b3f78-d19f-4e26-a796-cb8ddc4f97cf@group-187684C21557-LeaderElection63: Election REJECTED; received 2 response(s) [018b3f78-d19f-4e26-a796-cb8ddc4f97cf<-893cf03e-f2cf-478a-892a-a746717e50e3#0:FAIL-t16, 018b3f78-d19f-4e26-a796-cb8ddc4f97cf<-8697df36-98d2-41b1-bdc7-60597b3b5526#0:FAIL-t16] and 0 exception(s); 018b3f78-d19f-4e26-a796-cb8ddc4f97cf@group-187684C21557:t16, leader=null, voted=018b3f78-d19f-4e26-a796-cb8ddc4f97cf, raftlog=018b3f78-d19f-4e26-a796-cb8ddc4f97cf@group-187684C21557-SegmentedRaftLog:OPENED:c-1,f-1,i0, conf=-1: [893cf03e-f2cf-478a-892a-a746717e50e3:192.168.34.56:40750, 8697df36-98d2-41b1-bdc7-60597b3b5526:192.168.34.56:46415, 018b3f78-d19f-4e26-a796-cb8ddc4f97cf:192.168.34.56:35845], old=null
2019-10-18 13:01:25,327 [grpc-default-executor-8] INFO  impl.RaftServerImpl (RaftServerImpl.java:setRole(184)) - e5bb327f-cdd7-4e49-919e-13a4c895fddf@group-FF4202234884: changes role from  FOLLOWER to FOLLOWER at term 19 for recognizeCandidate:c124d131-afb9-4343-ad4e-aaebde613043
2019-10-18 13:01:25,327 [018b3f78-d19f-4e26-a796-cb8ddc4f97cf@group-187684C21557-LeaderElection63] INFO  impl.RaftServerImpl (RaftServerImpl.java:setRole(184)) - 018b3f78-d19f-4e26-a796-cb8ddc4f97cf@group-187684C21557: changes role from CANDIDATE to FOLLOWER at term 16 for DISCOVERED_A_NEW_TERM
2019-10-18 13:01:25,327 [grpc-default-executor-8] INFO  impl.RoleInfo (RoleInfo.java:shutdownFollowerState(121)) - e5bb327f-cdd7-4e49-919e-13a4c895fddf: shutdown FollowerState
2019-10-18 13:01:25,327 [018b3f78-d19f-4e26-a796-cb8ddc4f97cf@group-187684C21557-LeaderElection63] INFO  impl.RoleInfo (RoleInfo.java:shutdownLeaderElection(134)) - 018b3f78-d19f-4e26-a796-cb8ddc4f97cf: shutdown LeaderElection
2019-10-18 13:01:25,327 [grpc-default-executor-8] INFO  impl.RoleInfo (RoleInfo.java:updateAndGet(143)) - e5bb327f-cdd7-4e49-919e-13a4c895fddf: start FollowerState
2019-10-18 13:01:25,327 [Thread-704] INFO  impl.FollowerState (FollowerState.java:run(117)) - e5bb327f-cdd7-4e49-919e-13a4c895fddf@group-FF4202234884-FollowerState was interrupted: java.lang.InterruptedException: sleep interrupted
2019-10-18 13:01:25,327 [018b3f78-d19f-4e26-a796-cb8ddc4f97cf@group-187684C21557-LeaderElection63] INFO  impl.RoleInfo (RoleInfo.java:updateAndGet(143)) - 018b3f78-d19f-4e26-a796-cb8ddc4f97cf: start FollowerState
2019-10-18 13:01:25,327 [grpc-default-executor-5] INFO  impl.RaftServerImpl (RaftServerImpl.java:setRole(184)) - 999343e7-0330-4874-a345-91eca72585e0@group-FF4202234884: changes role from  FOLLOWER to FOLLOWER at term 19 for recognizeCandidate:c124d131-afb9-4343-ad4e-aaebde613043
2019-10-18 13:01:25,327 [grpc-default-executor-5] INFO  impl.RoleInfo (RoleInfo.java:shutdownFollowerState(121)) - 999343e7-0330-4874-a345-91eca72585e0: shutdown FollowerState
2019-10-18 13:01:25,328 [grpc-default-executor-5] INFO  impl.RoleInfo (RoleInfo.java:updateAndGet(143)) - 999343e7-0330-4874-a345-91eca72585e0: start FollowerState
2019-10-18 13:01:25,328 [Thread-703] INFO  impl.FollowerState (FollowerState.java:run(117)) - 999343e7-0330-4874-a345-91eca72585e0@group-FF4202234884-FollowerState was interrupted: java.lang.InterruptedException: sleep interrupted
2019-10-18 13:01:25,408 [Thread-724] INFO  impl.FollowerState (FollowerState.java:run(108)) - 018b3f78-d19f-4e26-a796-cb8ddc4f97cf@group-187684C21557-FollowerState: change to CANDIDATE, lastRpcTime:80ms, electionTimeout:80ms
2019-10-18 13:01:25,408 [Thread-724] INFO  impl.RoleInfo (RoleInfo.java:shutdownFollowerState(121)) - 018b3f78-d19f-4e26-a796-cb8ddc4f97cf: shutdown FollowerState
2019-10-18 13:01:25,408 [Thread-724] INFO  impl.RaftServerImpl (RaftServerImpl.java:setRole(184)) - 018b3f78-d19f-4e26-a796-cb8ddc4f97cf@group-187684C21557: changes role from  FOLLOWER to CANDIDATE at term 16 for changeToCandidate
2019-10-18 13:01:25,408 [Thread-724] INFO  impl.RoleInfo (RoleInfo.java:updateAndGet(143)) - 018b3f78-d19f-4e26-a796-cb8ddc4f97cf: start LeaderElection
2019-10-18 13:01:25,413 [c124d131-afb9-4343-ad4e-aaebde613043@group-FF4202234884-LeaderElection64] INFO  impl.LeaderElection (LeaderElection.java:logAndReturn(56)) - c124d131-afb9-4343-ad4e-aaebde613043@group-FF4202234884-LeaderElection64: Election REJECTED; received 2 response(s) [c124d131-afb9-4343-ad4e-aaebde613043<-999343e7-0330-4874-a345-91eca72585e0#0:FAIL-t19, c124d131-afb9-4343-ad4e-aaebde613043<-e5bb327f-cdd7-4e49-919e-13a4c895fddf#0:FAIL-t19] and 0 exception(s); c124d131-afb9-4343-ad4e-aaebde613043@group-FF4202234884:t19, leader=null, voted=c124d131-afb9-4343-ad4e-aaebde613043, raftlog=c124d131-afb9-4343-ad4e-aaebde613043@group-FF4202234884-SegmentedRaftLog:OPENED:c-1,f-1,i0, conf=-1: [999343e7-0330-4874-a345-91eca72585e0:192.168.34.56:44872, c124d131-afb9-4343-ad4e-aaebde613043:192.168.34.56:42116, e5bb327f-cdd7-4e49-919e-13a4c895fddf:192.168.34.56:36658], old=null
2019-10-18 13:01:25,413 [c124d131-afb9-4343-ad4e-aaebde613043@group-FF4202234884-LeaderElection64] INFO  impl.RaftServerImpl (RaftServerImpl.java:setRole(184)) - c124d131-afb9-4343-ad4e-aaebde613043@group-FF4202234884: changes role from CANDIDATE to FOLLOWER at term 19 for DISCOVERED_A_NEW_TERM
2019-10-18 13:01:25,413 [c124d131-afb9-4343-ad4e-aaebde613043@group-FF4202234884-LeaderElection64] INFO  impl.RoleInfo (RoleInfo.java:shutdownLeaderElection(134)) - c124d131-afb9-4343-ad4e-aaebde613043: shutdown LeaderElection
2019-10-18 13:01:25,413 [c124d131-afb9-4343-ad4e-aaebde613043@group-FF4202234884-LeaderElection64] INFO  impl.RoleInfo (RoleInfo.java:updateAndGet(143)) - c124d131-afb9-4343-ad4e-aaebde613043: start FollowerState
2019-10-18 13:01:25,467 [Thread-727] INFO  impl.FollowerState (FollowerState.java:run(108)) - c124d131-afb9-4343-ad4e-aaebde613043@group-FF4202234884-FollowerState: change to CANDIDATE, lastRpcTime:53ms, electionTimeout:53ms
2019-10-18 13:01:25,467 [Thread-727] INFO  impl.RoleInfo (RoleInfo.java:shutdownFollowerState(121)) - c124d131-afb9-4343-ad4e-aaebde613043: shutdown FollowerState
2019-10-18 13:01:25,467 [Thread-727] INFO  impl.RaftServerImpl (RaftServerImpl.java:setRole(184)) - c124d131-afb9-4343-ad4e-aaebde613043@group-FF4202234884: changes role from  FOLLOWER to CANDIDATE at term 19 for changeToCandidate
2019-10-18 13:01:25,467 [Thread-727] INFO  impl.RoleInfo (RoleInfo.java:updateAndGet(143)) - c124d131-afb9-4343-ad4e-aaebde613043: start LeaderElection
2019-10-18 13:01:25,519 [018b3f78-d19f-4e26-a796-cb8ddc4f97cf@group-187684C21557-LeaderElection65] INFO  impl.LeaderElection (LeaderElection.java:askForVotes(178)) - 018b3f78-d19f-4e26-a796-cb8ddc4f97cf@group-187684C21557-LeaderElection65: begin an election at term 17 for -1: [893cf03e-f2cf-478a-892a-a746717e50e3:192.168.34.56:40750, 8697df36-98d2-41b1-bdc7-60597b3b5526:192.168.34.56:46415, 018b3f78-d19f-4e26-a796-cb8ddc4f97cf:192.168.34.56:35845], old=null
2019-10-18 13:01:25,521 [grpc-default-executor-5] INFO  impl.RaftServerImpl (RaftServerImpl.java:setRole(184)) - 893cf03e-f2cf-478a-892a-a746717e50e3@group-187684C21557: changes role from  FOLLOWER to FOLLOWER at term 17 for recognizeCandidate:018b3f78-d19f-4e26-a796-cb8ddc4f97cf
2019-10-18 13:01:25,521 [grpc-default-executor-8] INFO  impl.RaftServerImpl (RaftServerImpl.java:setRole(184)) - 8697df36-98d2-41b1-bdc7-60597b3b5526@group-187684C21557: changes role from  FOLLOWER to FOLLOWER at term 17 for recognizeCandidate:018b3f78-d19f-4e26-a796-cb8ddc4f97cf
2019-10-18 13:01:25,522 [grpc-default-executor-5] INFO  impl.RoleInfo (RoleInfo.java:shutdownFollowerState(121)) - 893cf03e-f2cf-478a-892a-a746717e50e3: shutdown FollowerState
2019-10-18 13:01:25,522 [grpc-default-executor-8] INFO  impl.RoleInfo (RoleInfo.java:shutdownFollowerState(121)) - 8697df36-98d2-41b1-bdc7-60597b3b5526: shutdown FollowerState
2019-10-18 13:01:25,522 [Thread-719] INFO  impl.FollowerState (FollowerState.java:run(117)) - 893cf03e-f2cf-478a-892a-a746717e50e3@group-187684C21557-FollowerState was interrupted: java.lang.InterruptedException: sleep interrupted
2019-10-18 13:01:25,522 [grpc-default-executor-5] INFO  impl.RoleInfo (RoleInfo.java:updateAndGet(143)) - 893cf03e-f2cf-478a-892a-a746717e50e3: start FollowerState
2019-10-18 13:01:25,522 [Thread-718] INFO  impl.FollowerState (FollowerState.java:run(117)) - 8697df36-98d2-41b1-bdc7-60597b3b5526@group-187684C21557-FollowerState was interrupted: java.lang.InterruptedException: sleep interrupted
2019-10-18 13:01:25,522 [grpc-default-executor-8] INFO  impl.RoleInfo (RoleInfo.java:updateAndGet(143)) - 8697df36-98d2-41b1-bdc7-60597b3b5526: start FollowerState
2019-10-18 13:01:25,588 [018b3f78-d19f-4e26-a796-cb8ddc4f97cf@group-187684C21557-LeaderElection65] INFO  impl.LeaderElection (LeaderElection.java:logAndReturn(56)) - 018b3f78-d19f-4e26-a796-cb8ddc4f97cf@group-187684C21557-LeaderElection65: Election TIMEOUT; received 0 response(s) [] and 0 exception(s); 018b3f78-d19f-4e26-a796-cb8ddc4f97cf@group-187684C21557:t17, leader=null, voted=018b3f78-d19f-4e26-a796-cb8ddc4f97cf, raftlog=018b3f78-d19f-4e26-a796-cb8ddc4f97cf@group-187684C21557-SegmentedRaftLog:OPENED:c-1,f-1,i0, conf=-1: [893cf03e-f2cf-478a-892a-a746717e50e3:192.168.34.56:40750, 8697df36-98d2-41b1-bdc7-60597b3b5526:192.168.34.56:46415, 018b3f78-d19f-4e26-a796-cb8ddc4f97cf:192.168.34.56:35845], old=null
2019-10-18 13:01:25,589 [c124d131-afb9-4343-ad4e-aaebde613043@group-FF4202234884-LeaderElection66] INFO  impl.LeaderElection (LeaderElection.java:askForVotes(178)) - c124d131-afb9-4343-ad4e-aaebde613043@group-FF4202234884-LeaderElection66: begin an election at term 20 for -1: [999343e7-0330-4874-a345-91eca72585e0:192.168.34.56:44872, c124d131-afb9-4343-ad4e-aaebde613043:192.168.34.56:42116, e5bb327f-cdd7-4e49-919e-13a4c895fddf:192.168.34.56:36658], old=null
2019-10-18 13:01:25,595 [grpc-default-executor-7] INFO  impl.RaftServerImpl (RaftServerImpl.java:setRole(184)) - 999343e7-0330-4874-a345-91eca72585e0@group-FF4202234884: changes role from  FOLLOWER to FOLLOWER at term 20 for recognizeCandidate:c124d131-afb9-4343-ad4e-aaebde613043
2019-10-18 13:01:25,595 [grpc-default-executor-2] INFO  impl.RaftServerImpl (RaftServerImpl.java:setRole(184)) - e5bb327f-cdd7-4e49-919e-13a4c895fddf@group-FF4202234884: changes role from  FOLLOWER to FOLLOWER at term 20 for recognizeCandidate:c124d131-afb9-4343-ad4e-aaebde613043
2019-10-18 13:01:25,595 [grpc-default-executor-7] INFO  impl.RoleInfo (RoleInfo.java:shutdownFollowerState(121)) - 999343e7-0330-4874-a345-91eca72585e0: shutdown FollowerState
2019-10-18 13:01:25,595 [grpc-default-executor-2] INFO  impl.RoleInfo (RoleInfo.java:shutdownFollowerState(121)) - e5bb327f-cdd7-4e49-919e-13a4c895fddf: shutdown FollowerState
2019-10-18 13:01:25,595 [Thread-725] INFO  impl.FollowerState (FollowerState.java:run(117)) - 999343e7-0330-4874-a345-91eca72585e0@group-FF4202234884-FollowerState was interrupted: java.lang.InterruptedException: sleep interrupted
2019-10-18 13:01:25,595 [grpc-default-executor-7] INFO  impl.RoleInfo (RoleInfo.java:updateAndGet(143)) - 999343e7-0330-4874-a345-91eca72585e0: start FollowerState
2019-10-18 13:01:25,595 [Thread-723] INFO  impl.FollowerState (FollowerState.java:run(117)) - e5bb327f-cdd7-4e49-919e-13a4c895fddf@group-FF4202234884-FollowerState was interrupted: java.lang.InterruptedException: sleep interrupted
2019-10-18 13:01:25,595 [grpc-default-executor-2] INFO  impl.RoleInfo (RoleInfo.java:updateAndGet(143)) - e5bb327f-cdd7-4e49-919e-13a4c895fddf: start FollowerState
2019-10-18 13:01:25,655 [c124d131-afb9-4343-ad4e-aaebde613043@group-FF4202234884-LeaderElection66] INFO  impl.LeaderElection (LeaderElection.java:logAndReturn(56)) - c124d131-afb9-4343-ad4e-aaebde613043@group-FF4202234884-LeaderElection66: Election TIMEOUT; received 0 response(s) [] and 0 exception(s); c124d131-afb9-4343-ad4e-aaebde613043@group-FF4202234884:t20, leader=null, voted=c124d131-afb9-4343-ad4e-aaebde613043, raftlog=c124d131-afb9-4343-ad4e-aaebde613043@group-FF4202234884-SegmentedRaftLog:OPENED:c-1,f-1,i0, conf=-1: [999343e7-0330-4874-a345-91eca72585e0:192.168.34.56:44872, c124d131-afb9-4343-ad4e-aaebde613043:192.168.34.56:42116, e5bb327f-cdd7-4e49-919e-13a4c895fddf:192.168.34.56:36658], old=null
2019-10-18 13:01:25,698 [018b3f78-d19f-4e26-a796-cb8ddc4f97cf@group-187684C21557-LeaderElection65] INFO  impl.LeaderElection (LeaderElection.java:askForVotes(178)) - 018b3f78-d19f-4e26-a796-cb8ddc4f97cf@group-187684C21557-LeaderElection65: begin an election at term 18 for -1: [893cf03e-f2cf-478a-892a-a746717e50e3:192.168.34.56:40750, 8697df36-98d2-41b1-bdc7-60597b3b5526:192.168.34.56:46415, 018b3f78-d19f-4e26-a796-cb8ddc4f97cf:192.168.34.56:35845], old=null
2019-10-18 13:01:25,700 [grpc-default-executor-7] INFO  impl.RaftServerImpl (RaftServerImpl.java:setRole(184)) - 8697df36-98d2-41b1-bdc7-60597b3b5526@group-187684C21557: changes role from  FOLLOWER to FOLLOWER at term 18 for recognizeCandidate:018b3f78-d19f-4e26-a796-cb8ddc4f97cf
2019-10-18 13:01:25,700 [grpc-default-executor-7] INFO  impl.RoleInfo (RoleInfo.java:shutdownFollowerState(121)) - 8697df36-98d2-41b1-bdc7-60597b3b5526: shutdown FollowerState
2019-10-18 13:01:25,700 [grpc-default-executor-7] INFO  impl.RoleInfo (RoleInfo.java:updateAndGet(143)) - 8697df36-98d2-41b1-bdc7-60597b3b5526: start FollowerState
2019-10-18 13:01:25,700 [grpc-default-executor-5] INFO  impl.RaftServerImpl (RaftServerImpl.java:setRole(184)) - 893cf03e-f2cf-478a-892a-a746717e50e3@group-187684C21557: changes role from  FOLLOWER to FOLLOWER at term 18 for recognizeCandidate:018b3f78-d19f-4e26-a796-cb8ddc4f97cf
2019-10-18 13:01:25,700 [Thread-732] INFO  impl.FollowerState (FollowerState.java:run(117)) - 8697df36-98d2-41b1-bdc7-60597b3b5526@group-187684C21557-FollowerState was interrupted: java.lang.InterruptedException: sleep interrupted
2019-10-18 13:01:25,701 [grpc-default-executor-5] INFO  impl.RoleInfo (RoleInfo.java:shutdownFollowerState(121)) - 893cf03e-f2cf-478a-892a-a746717e50e3: shutdown FollowerState
2019-10-18 13:01:25,701 [Thread-731] INFO  impl.FollowerState (FollowerState.java:run(117)) - 893cf03e-f2cf-478a-892a-a746717e50e3@group-187684C21557-FollowerState was interrupted: java.lang.InterruptedException: sleep interrupted
2019-10-18 13:01:25,701 [grpc-default-executor-5] INFO  impl.RoleInfo (RoleInfo.java:updateAndGet(143)) - 893cf03e-f2cf-478a-892a-a746717e50e3: start FollowerState
2019-10-18 13:01:25,709 [c124d131-afb9-4343-ad4e-aaebde613043@group-FF4202234884-LeaderElection66] INFO  impl.LeaderElection (LeaderElection.java:askForVotes(178)) - c124d131-afb9-4343-ad4e-aaebde613043@group-FF4202234884-LeaderElection66: begin an election at term 21 for -1: [999343e7-0330-4874-a345-91eca72585e0:192.168.34.56:44872, c124d131-afb9-4343-ad4e-aaebde613043:192.168.34.56:42116, e5bb327f-cdd7-4e49-919e-13a4c895fddf:192.168.34.56:36658], old=null
2019-10-18 13:01:25,711 [grpc-default-executor-2] INFO  impl.RaftServerImpl (RaftServerImpl.java:setRole(184)) - 999343e7-0330-4874-a345-91eca72585e0@group-FF4202234884: changes role from  FOLLOWER to FOLLOWER at term 21 for recognizeCandidate:c124d131-afb9-4343-ad4e-aaebde613043
2019-10-18 13:01:25,712 [grpc-default-executor-8] INFO  impl.RaftServerImpl (RaftServerImpl.java:setRole(184)) - e5bb327f-cdd7-4e49-919e-13a4c895fddf@group-FF4202234884: changes role from  FOLLOWER to FOLLOWER at term 21 for recognizeCandidate:c124d131-afb9-4343-ad4e-aaebde613043
2019-10-18 13:01:25,712 [grpc-default-executor-8] INFO  impl.RoleInfo (RoleInfo.java:shutdownFollowerState(121)) - e5bb327f-cdd7-4e49-919e-13a4c895fddf: shutdown FollowerState
2019-10-18 13:01:25,712 [grpc-default-executor-2] INFO  impl.RoleInfo (RoleInfo.java:shutdownFollowerState(121)) - 999343e7-0330-4874-a345-91eca72585e0: shutdown FollowerState
2019-10-18 13:01:25,712 [Thread-736] INFO  impl.FollowerState (FollowerState.java:run(117)) - e5bb327f-cdd7-4e49-919e-13a4c895fddf@group-FF4202234884-FollowerState was interrupted: java.lang.InterruptedException: sleep interrupted
2019-10-18 13:01:25,712 [grpc-default-executor-8] INFO  impl.RoleInfo (RoleInfo.java:updateAndGet(143)) - e5bb327f-cdd7-4e49-919e-13a4c895fddf: start FollowerState
2019-10-18 13:01:25,712 [grpc-default-executor-2] INFO  impl.RoleInfo (RoleInfo.java:updateAndGet(143)) - 999343e7-0330-4874-a345-91eca72585e0: start FollowerState
2019-10-18 13:01:25,712 [Thread-735] INFO  impl.FollowerState (FollowerState.java:run(117)) - 999343e7-0330-4874-a345-91eca72585e0@group-FF4202234884-FollowerState was interrupted: java.lang.InterruptedException: sleep interrupted
2019-10-18 13:01:25,740 [c124d131-afb9-4343-ad4e-aaebde613043@group-FF4202234884-LeaderElection66] INFO  impl.LeaderElection (LeaderElection.java:logAndReturn(56)) - c124d131-afb9-4343-ad4e-aaebde613043@group-FF4202234884-LeaderElection66: Election TIMEOUT; received 0 response(s) [] and 0 exception(s); c124d131-afb9-4343-ad4e-aaebde613043@group-FF4202234884:t21, leader=null, voted=c124d131-afb9-4343-ad4e-aaebde613043, raftlog=c124d131-afb9-4343-ad4e-aaebde613043@group-FF4202234884-SegmentedRaftLog:OPENED:c-1,f-1,i0, conf=-1: [999343e7-0330-4874-a345-91eca72585e0:192.168.34.56:44872, c124d131-afb9-4343-ad4e-aaebde613043:192.168.34.56:42116, e5bb327f-cdd7-4e49-919e-13a4c895fddf:192.168.34.56:36658], old=null
2019-10-18 13:01:25,778 [018b3f78-d19f-4e26-a796-cb8ddc4f97cf@group-187684C21557-LeaderElection65] INFO  impl.LeaderElection (LeaderElection.java:logAndReturn(56)) - 018b3f78-d19f-4e26-a796-cb8ddc4f97cf@group-187684C21557-LeaderElection65: Election REJECTED; received 2 response(s) [018b3f78-d19f-4e26-a796-cb8ddc4f97cf<-893cf03e-f2cf-478a-892a-a746717e50e3#0:FAIL-t18, 018b3f78-d19f-4e26-a796-cb8ddc4f97cf<-8697df36-98d2-41b1-bdc7-60597b3b5526#0:FAIL-t18] and 0 exception(s); 018b3f78-d19f-4e26-a796-cb8ddc4f97cf@group-187684C21557:t18, leader=null, voted=018b3f78-d19f-4e26-a796-cb8ddc4f97cf, raftlog=018b3f78-d19f-4e26-a796-cb8ddc4f97cf@group-187684C21557-SegmentedRaftLog:OPENED:c-1,f-1,i0, conf=-1: [893cf03e-f2cf-478a-892a-a746717e50e3:192.168.34.56:40750, 8697df36-98d2-41b1-bdc7-60597b3b5526:192.168.34.56:46415, 018b3f78-d19f-4e26-a796-cb8ddc4f97cf:192.168.34.56:35845], old=null
2019-10-18 13:01:25,779 [018b3f78-d19f-4e26-a796-cb8ddc4f97cf@group-187684C21557-LeaderElection65] INFO  impl.RaftServerImpl (RaftServerImpl.java:setRole(184)) - 018b3f78-d19f-4e26-a796-cb8ddc4f97cf@group-187684C21557: changes role from CANDIDATE to FOLLOWER at term 18 for DISCOVERED_A_NEW_TERM
2019-10-18 13:01:25,779 [018b3f78-d19f-4e26-a796-cb8ddc4f97cf@group-187684C21557-LeaderElection65] INFO  impl.RoleInfo (RoleInfo.java:shutdownLeaderElection(134)) - 018b3f78-d19f-4e26-a796-cb8ddc4f97cf: shutdown LeaderElection
2019-10-18 13:01:25,779 [018b3f78-d19f-4e26-a796-cb8ddc4f97cf@group-187684C21557-LeaderElection65] INFO  impl.RoleInfo (RoleInfo.java:updateAndGet(143)) - 018b3f78-d19f-4e26-a796-cb8ddc4f97cf: start FollowerState
2019-10-18 13:01:25,809 [c124d131-afb9-4343-ad4e-aaebde613043@group-FF4202234884-LeaderElection66] INFO  impl.LeaderElection (LeaderElection.java:askForVotes(178)) - c124d131-afb9-4343-ad4e-aaebde613043@group-FF4202234884-LeaderElection66: begin an election at term 22 for -1: [999343e7-0330-4874-a345-91eca72585e0:192.168.34.56:44872, c124d131-afb9-4343-ad4e-aaebde613043:192.168.34.56:42116, e5bb327f-cdd7-4e49-919e-13a4c895fddf:192.168.34.56:36658], old=null
2019-10-18 13:01:25,811 [grpc-default-executor-2] INFO  impl.RaftServerImpl (RaftServerImpl.java:setRole(184)) - 999343e7-0330-4874-a345-91eca72585e0@group-FF4202234884: changes role from  FOLLOWER to FOLLOWER at term 22 for recognizeCandidate:c124d131-afb9-4343-ad4e-aaebde613043
2019-10-18 13:01:25,811 [grpc-default-executor-2] INFO  impl.RoleInfo (RoleInfo.java:shutdownFollowerState(121)) - 999343e7-0330-4874-a345-91eca72585e0: shutdown FollowerState
2019-10-18 13:01:25,811 [grpc-default-executor-2] INFO  impl.RoleInfo (RoleInfo.java:updateAndGet(143)) - 999343e7-0330-4874-a345-91eca72585e0: start FollowerState
2019-10-18 13:01:25,812 [Thread-745] INFO  impl.FollowerState (FollowerState.java:run(117)) - 999343e7-0330-4874-a345-91eca72585e0@group-FF4202234884-FollowerState was interrupted: java.lang.InterruptedException: sleep interrupted
2019-10-18 13:01:25,812 [grpc-default-executor-8] INFO  impl.RaftServerImpl (RaftServerImpl.java:setRole(184)) - e5bb327f-cdd7-4e49-919e-13a4c895fddf@group-FF4202234884: changes role from  FOLLOWER to FOLLOWER at term 22 for recognizeCandidate:c124d131-afb9-4343-ad4e-aaebde613043
2019-10-18 13:01:25,812 [grpc-default-executor-8] INFO  impl.RoleInfo (RoleInfo.java:shutdownFollowerState(121)) - e5bb327f-cdd7-4e49-919e-13a4c895fddf: shutdown FollowerState
2019-10-18 13:01:25,812 [grpc-default-executor-8] INFO  impl.RoleInfo (RoleInfo.java:updateAndGet(143)) - e5bb327f-cdd7-4e49-919e-13a4c895fddf: start FollowerState
2019-10-18 13:01:25,812 [Thread-744] INFO  impl.FollowerState (FollowerState.java:run(117)) - e5bb327f-cdd7-4e49-919e-13a4c895fddf@group-FF4202234884-FollowerState was interrupted: java.lang.InterruptedException: sleep interrupted
2019-10-18 13:01:25,866 [c124d131-afb9-4343-ad4e-aaebde613043@group-FF4202234884-LeaderElection66] INFO  impl.LeaderElection (LeaderElection.java:logAndReturn(56)) - c124d131-afb9-4343-ad4e-aaebde613043@group-FF4202234884-LeaderElection66: Election REJECTED; received 2 response(s) [c124d131-afb9-4343-ad4e-aaebde613043<-999343e7-0330-4874-a345-91eca72585e0#0:FAIL-t22, c124d131-afb9-4343-ad4e-aaebde613043<-e5bb327f-cdd7-4e49-919e-13a4c895fddf#0:FAIL-t22] and 0 exception(s); c124d131-afb9-4343-ad4e-aaebde613043@group-FF4202234884:t22, leader=null, voted=c124d131-afb9-4343-ad4e-aaebde613043, raftlog=c124d131-afb9-4343-ad4e-aaebde613043@group-FF4202234884-SegmentedRaftLog:OPENED:c-1,f-1,i0, conf=-1: [999343e7-0330-4874-a345-91eca72585e0:192.168.34.56:44872, c124d131-afb9-4343-ad4e-aaebde613043:192.168.34.56:42116, e5bb327f-cdd7-4e49-919e-13a4c895fddf:192.168.34.56:36658], old=null
2019-10-18 13:01:25,867 [c124d131-afb9-4343-ad4e-aaebde613043@group-FF4202234884-LeaderElection66] INFO  impl.RaftServerImpl (RaftServerImpl.java:setRole(184)) - c124d131-afb9-4343-ad4e-aaebde613043@group-FF4202234884: changes role from CANDIDATE to FOLLOWER at term 22 for DISCOVERED_A_NEW_TERM
2019-10-18 13:01:25,867 [c124d131-afb9-4343-ad4e-aaebde613043@group-FF4202234884-LeaderElection66] INFO  impl.RoleInfo (RoleInfo.java:shutdownLeaderElection(134)) - c124d131-afb9-4343-ad4e-aaebde613043: shutdown LeaderElection
2019-10-18 13:01:25,867 [c124d131-afb9-4343-ad4e-aaebde613043@group-FF4202234884-LeaderElection66] INFO  impl.RoleInfo (RoleInfo.java:updateAndGet(143)) - c124d131-afb9-4343-ad4e-aaebde613043: start FollowerState
2019-10-18 13:01:25,896 [Thread-746] INFO  impl.FollowerState (FollowerState.java:run(108)) - 018b3f78-d19f-4e26-a796-cb8ddc4f97cf@group-187684C21557-FollowerState: change to CANDIDATE, lastRpcTime:117ms, electionTimeout:117ms
2019-10-18 13:01:25,896 [Thread-746] INFO  impl.RoleInfo (RoleInfo.java:shutdownFollowerState(121)) - 018b3f78-d19f-4e26-a796-cb8ddc4f97cf: shutdown FollowerState
2019-10-18 13:01:25,897 [Thread-746] INFO  impl.RaftServerImpl (RaftServerImpl.java:setRole(184)) - 018b3f78-d19f-4e26-a796-cb8ddc4f97cf@group-187684C21557: changes role from  FOLLOWER to CANDIDATE at term 18 for changeToCandidate
2019-10-18 13:01:25,897 [Thread-746] INFO  impl.RoleInfo (RoleInfo.java:updateAndGet(143)) - 018b3f78-d19f-4e26-a796-cb8ddc4f97cf: start LeaderElection
2019-10-18 13:01:25,933 [018b3f78-d19f-4e26-a796-cb8ddc4f97cf@group-187684C21557-LeaderElection67] INFO  impl.LeaderElection (LeaderElection.java:askForVotes(178)) - 018b3f78-d19f-4e26-a796-cb8ddc4f97cf@group-187684C21557-LeaderElection67: begin an election at term 19 for -1: [893cf03e-f2cf-478a-892a-a746717e50e3:192.168.34.56:40750, 8697df36-98d2-41b1-bdc7-60597b3b5526:192.168.34.56:46415, 018b3f78-d19f-4e26-a796-cb8ddc4f97cf:192.168.34.56:35845], old=null
2019-10-18 13:01:25,937 [grpc-default-executor-2] INFO  impl.RaftServerImpl (RaftServerImpl.java:setRole(184)) - 893cf03e-f2cf-478a-892a-a746717e50e3@group-187684C21557: changes role from  FOLLOWER to FOLLOWER at term 19 for recognizeCandidate:018b3f78-d19f-4e26-a796-cb8ddc4f97cf
2019-10-18 13:01:25,937 [grpc-default-executor-2] INFO  impl.RoleInfo (RoleInfo.java:shutdownFollowerState(121)) - 893cf03e-f2cf-478a-892a-a746717e50e3: shutdown FollowerState
2019-10-18 13:01:25,937 [grpc-default-executor-2] INFO  impl.RoleInfo (RoleInfo.java:updateAndGet(143)) - 893cf03e-f2cf-478a-892a-a746717e50e3: start FollowerState
2019-10-18 13:01:25,937 [Thread-741] INFO  impl.FollowerState (FollowerState.java:run(117)) - 893cf03e-f2cf-478a-892a-a746717e50e3@group-187684C21557-FollowerState was interrupted: java.lang.InterruptedException: sleep interrupted
2019-10-18 13:01:25,937 [grpc-default-executor-8] INFO  impl.RaftServerImpl (RaftServerImpl.java:setRole(184)) - 8697df36-98d2-41b1-bdc7-60597b3b5526@group-187684C21557: changes role from  FOLLOWER to FOLLOWER at term 19 for recognizeCandidate:018b3f78-d19f-4e26-a796-cb8ddc4f97cf
2019-10-18 13:01:25,937 [grpc-default-executor-8] INFO  impl.RoleInfo (RoleInfo.java:shutdownFollowerState(121)) - 8697df36-98d2-41b1-bdc7-60597b3b5526: shutdown FollowerState
2019-10-18 13:01:25,938 [grpc-default-executor-8] INFO  impl.RoleInfo (RoleInfo.java:updateAndGet(143)) - 8697df36-98d2-41b1-bdc7-60597b3b5526: start FollowerState
2019-10-18 13:01:25,938 [Thread-740] INFO  impl.FollowerState (FollowerState.java:run(117)) - 8697df36-98d2-41b1-bdc7-60597b3b5526@group-187684C21557-FollowerState was interrupted: java.lang.InterruptedException: sleep interrupted
2019-10-18 13:01:25,995 [018b3f78-d19f-4e26-a796-cb8ddc4f97cf@group-187684C21557-LeaderElection67] INFO  impl.LeaderElection (LeaderElection.java:logAndReturn(56)) - 018b3f78-d19f-4e26-a796-cb8ddc4f97cf@group-187684C21557-LeaderElection67: Election TIMEOUT; received 0 response(s) [] and 0 exception(s); 018b3f78-d19f-4e26-a796-cb8ddc4f97cf@group-187684C21557:t19, leader=null, voted=018b3f78-d19f-4e26-a796-cb8ddc4f97cf, raftlog=018b3f78-d19f-4e26-a796-cb8ddc4f97cf@group-187684C21557-SegmentedRaftLog:OPENED:c-1,f-1,i0, conf=-1: [893cf03e-f2cf-478a-892a-a746717e50e3:192.168.34.56:40750, 8697df36-98d2-41b1-bdc7-60597b3b5526:192.168.34.56:46415, 018b3f78-d19f-4e26-a796-cb8ddc4f97cf:192.168.34.56:35845], old=null
2019-10-18 13:01:26,029 [Thread-752] INFO  impl.FollowerState (FollowerState.java:run(108)) - c124d131-afb9-4343-ad4e-aaebde613043@group-FF4202234884-FollowerState: change to CANDIDATE, lastRpcTime:162ms, electionTimeout:161ms
2019-10-18 13:01:26,029 [Thread-752] INFO  impl.RoleInfo (RoleInfo.java:shutdownFollowerState(121)) - c124d131-afb9-4343-ad4e-aaebde613043: shutdown FollowerState
2019-10-18 13:01:26,029 [Thread-752] INFO  impl.RaftServerImpl (RaftServerImpl.java:setRole(184)) - c124d131-afb9-4343-ad4e-aaebde613043@group-FF4202234884: changes role from  FOLLOWER to CANDIDATE at term 22 for changeToCandidate
2019-10-18 13:01:26,029 [Thread-752] INFO  impl.RoleInfo (RoleInfo.java:updateAndGet(143)) - c124d131-afb9-4343-ad4e-aaebde613043: start LeaderElection
2019-10-18 13:01:26,990 [Thread-751] INFO  impl.FollowerState (FollowerState.java:run(108)) - e5bb327f-cdd7-4e49-919e-13a4c895fddf@group-FF4202234884-FollowerState: change to CANDIDATE, lastRpcTime:1178ms, electionTimeout:1178ms
2019-10-18 13:01:26,991 [Thread-751] INFO  impl.RoleInfo (RoleInfo.java:shutdownFollowerState(121)) - e5bb327f-cdd7-4e49-919e-13a4c895fddf: shutdown FollowerState
2019-10-18 13:01:26,991 [Thread-751] INFO  impl.RaftServerImpl (RaftServerImpl.java:setRole(184)) - e5bb327f-cdd7-4e49-919e-13a4c895fddf@group-FF4202234884: changes role from  FOLLOWER to CANDIDATE at term 22 for changeToCandidate
2019-10-18 13:01:26,991 [Thread-751] INFO  impl.RoleInfo (RoleInfo.java:updateAndGet(143)) - e5bb327f-cdd7-4e49-919e-13a4c895fddf: start LeaderElection
2019-10-18 13:01:27,000 [Thread-750] INFO  impl.FollowerState (FollowerState.java:run(108)) - 999343e7-0330-4874-a345-91eca72585e0@group-FF4202234884-FollowerState: change to CANDIDATE, lastRpcTime:1188ms, electionTimeout:1188ms
2019-10-18 13:01:27,000 [Thread-750] INFO  impl.RoleInfo (RoleInfo.java:shutdownFollowerState(121)) - 999343e7-0330-4874-a345-91eca72585e0: shutdown FollowerState
2019-10-18 13:01:27,001 [Thread-750] INFO  impl.RaftServerImpl (RaftServerImpl.java:setRole(184)) - 999343e7-0330-4874-a345-91eca72585e0@group-FF4202234884: changes role from  FOLLOWER to CANDIDATE at term 22 for changeToCandidate
2019-10-18 13:01:27,001 [Thread-750] INFO  impl.RoleInfo (RoleInfo.java:updateAndGet(143)) - 999343e7-0330-4874-a345-91eca72585e0: start LeaderElection
2019-10-18 13:01:27,044 [Thread-757] INFO  impl.FollowerState (FollowerState.java:run(108)) - 8697df36-98d2-41b1-bdc7-60597b3b5526@group-187684C21557-FollowerState: change to CANDIDATE, lastRpcTime:1106ms, electionTimeout:1062ms
2019-10-18 13:01:27,044 [Thread-756] INFO  impl.FollowerState (FollowerState.java:run(108)) - 893cf03e-f2cf-478a-892a-a746717e50e3@group-187684C21557-FollowerState: change to CANDIDATE, lastRpcTime:1107ms, electionTimeout:1086ms
2019-10-18 13:01:27,044 [Thread-757] INFO  impl.RoleInfo (RoleInfo.java:shutdownFollowerState(121)) - 8697df36-98d2-41b1-bdc7-60597b3b5526: shutdown FollowerState
2019-10-18 13:01:27,045 [Thread-756] INFO  impl.RoleInfo (RoleInfo.java:shutdownFollowerState(121)) - 893cf03e-f2cf-478a-892a-a746717e50e3: shutdown FollowerState
2019-10-18 13:01:27,045 [Thread-757] INFO  impl.RaftServerImpl (RaftServerImpl.java:setRole(184)) - 8697df36-98d2-41b1-bdc7-60597b3b5526@group-187684C21557: changes role from  FOLLOWER to CANDIDATE at term 19 for changeToCandidate
2019-10-18 13:01:27,045 [Thread-756] INFO  impl.RaftServerImpl (RaftServerImpl.java:setRole(184)) - 893cf03e-f2cf-478a-892a-a746717e50e3@group-187684C21557: changes role from  FOLLOWER to CANDIDATE at term 19 for changeToCandidate
2019-10-18 13:01:27,045 [Thread-757] INFO  impl.RoleInfo (RoleInfo.java:updateAndGet(143)) - 8697df36-98d2-41b1-bdc7-60597b3b5526: start LeaderElection
2019-10-18 13:01:27,045 [Thread-756] INFO  impl.RoleInfo (RoleInfo.java:updateAndGet(143)) - 893cf03e-f2cf-478a-892a-a746717e50e3: start LeaderElection
2019-10-18 13:01:27,410 [018b3f78-d19f-4e26-a796-cb8ddc4f97cf@group-187684C21557-LeaderElection67] INFO  impl.LeaderElection (LeaderElection.java:askForVotes(178)) - 018b3f78-d19f-4e26-a796-cb8ddc4f97cf@group-187684C21557-LeaderElection67: begin an election at term 20 for -1: [893cf03e-f2cf-478a-892a-a746717e50e3:192.168.34.56:40750, 8697df36-98d2-41b1-bdc7-60597b3b5526:192.168.34.56:46415, 018b3f78-d19f-4e26-a796-cb8ddc4f97cf:192.168.34.56:35845], old=null
2019-10-18 13:01:27,410 [c124d131-afb9-4343-ad4e-aaebde613043@group-FF4202234884-LeaderElection68] INFO  impl.LeaderElection (LeaderElection.java:askForVotes(178)) - c124d131-afb9-4343-ad4e-aaebde613043@group-FF4202234884-LeaderElection68: begin an election at term 23 for -1: [999343e7-0330-4874-a345-91eca72585e0:192.168.34.56:44872, c124d131-afb9-4343-ad4e-aaebde613043:192.168.34.56:42116, e5bb327f-cdd7-4e49-919e-13a4c895fddf:192.168.34.56:36658], old=null
2019-10-18 13:01:27,416 [018b3f78-d19f-4e26-a796-cb8ddc4f97cf@group-187684C21557-LeaderElection67] INFO  impl.LeaderElection (LeaderElection.java:logAndReturn(56)) - 018b3f78-d19f-4e26-a796-cb8ddc4f97cf@group-187684C21557-LeaderElection67: Election TIMEOUT; received 0 response(s) [] and 0 exception(s); 018b3f78-d19f-4e26-a796-cb8ddc4f97cf@group-187684C21557:t20, leader=null, voted=018b3f78-d19f-4e26-a796-cb8ddc4f97cf, raftlog=018b3f78-d19f-4e26-a796-cb8ddc4f97cf@group-187684C21557-SegmentedRaftLog:OPENED:c-1,f-1,i0, conf=-1: [893cf03e-f2cf-478a-892a-a746717e50e3:192.168.34.56:40750, 8697df36-98d2-41b1-bdc7-60597b3b5526:192.168.34.56:46415, 018b3f78-d19f-4e26-a796-cb8ddc4f97cf:192.168.34.56:35845], old=null
2019-10-18 13:01:27,454 [8697df36-98d2-41b1-bdc7-60597b3b5526@group-187684C21557-LeaderElection71] INFO  impl.LeaderElection (LeaderElection.java:askForVotes(178)) - 8697df36-98d2-41b1-bdc7-60597b3b5526@group-187684C21557-LeaderElection71: begin an election at term 20 for 0: [893cf03e-f2cf-478a-892a-a746717e50e3:192.168.34.56:40750, 8697df36-98d2-41b1-bdc7-60597b3b5526:192.168.34.56:46415, 018b3f78-d19f-4e26-a796-cb8ddc4f97cf:192.168.34.56:35845], old=null
2019-10-18 13:01:27,454 [e5bb327f-cdd7-4e49-919e-13a4c895fddf@group-FF4202234884-LeaderElection69] INFO  impl.LeaderElection (LeaderElection.java:askForVotes(178)) - e5bb327f-cdd7-4e49-919e-13a4c895fddf@group-FF4202234884-LeaderElection69: begin an election at term 23 for 0: [999343e7-0330-4874-a345-91eca72585e0:192.168.34.56:44872, c124d131-afb9-4343-ad4e-aaebde613043:192.168.34.56:42116, e5bb327f-cdd7-4e49-919e-13a4c895fddf:192.168.34.56:36658], old=null
2019-10-18 13:01:27,454 [999343e7-0330-4874-a345-91eca72585e0@group-FF4202234884-LeaderElection70] INFO  impl.LeaderElection (LeaderElection.java:askForVotes(178)) - 999343e7-0330-4874-a345-91eca72585e0@group-FF4202234884-LeaderElection70: begin an election at term 23 for 0: [999343e7-0330-4874-a345-91eca72585e0:192.168.34.56:44872, c124d131-afb9-4343-ad4e-aaebde613043:192.168.34.56:42116, e5bb327f-cdd7-4e49-919e-13a4c895fddf:192.168.34.56:36658], old=null
2019-10-18 13:01:27,454 [893cf03e-f2cf-478a-892a-a746717e50e3@group-187684C21557-LeaderElection72] INFO  impl.LeaderElection (LeaderElection.java:askForVotes(178)) - 893cf03e-f2cf-478a-892a-a746717e50e3@group-187684C21557-LeaderElection72: begin an election at term 20 for 0: [893cf03e-f2cf-478a-892a-a746717e50e3:192.168.34.56:40750, 8697df36-98d2-41b1-bdc7-60597b3b5526:192.168.34.56:46415, 018b3f78-d19f-4e26-a796-cb8ddc4f97cf:192.168.34.56:35845], old=null
2019-10-18 13:01:27,456 [c124d131-afb9-4343-ad4e-aaebde613043@group-FF4202234884-LeaderElection68] INFO  impl.LeaderElection (LeaderElection.java:logAndReturn(56)) - c124d131-afb9-4343-ad4e-aaebde613043@group-FF4202234884-LeaderElection68: Election REJECTED; received 2 response(s) [c124d131-afb9-4343-ad4e-aaebde613043<-999343e7-0330-4874-a345-91eca72585e0#0:FAIL-t23, c124d131-afb9-4343-ad4e-aaebde613043<-e5bb327f-cdd7-4e49-919e-13a4c895fddf#0:FAIL-t23] and 0 exception(s); c124d131-afb9-4343-ad4e-aaebde613043@group-FF4202234884:t23, leader=null, voted=c124d131-afb9-4343-ad4e-aaebde613043, raftlog=c124d131-afb9-4343-ad4e-aaebde613043@group-FF4202234884-SegmentedRaftLog:OPENED:c-1,f-1,i0, conf=-1: [999343e7-0330-4874-a345-91eca72585e0:192.168.34.56:44872, c124d131-afb9-4343-ad4e-aaebde613043:192.168.34.56:42116, e5bb327f-cdd7-4e49-919e-13a4c895fddf:192.168.34.56:36658], old=null
2019-10-18 13:01:27,456 [c124d131-afb9-4343-ad4e-aaebde613043@group-FF4202234884-LeaderElection68] INFO  impl.RaftServerImpl (RaftServerImpl.java:setRole(184)) - c124d131-afb9-4343-ad4e-aaebde613043@group-FF4202234884: changes role from CANDIDATE to FOLLOWER at term 23 for DISCOVERED_A_NEW_TERM
2019-10-18 13:01:27,457 [c124d131-afb9-4343-ad4e-aaebde613043@group-FF4202234884-LeaderElection68] INFO  impl.RoleInfo (RoleInfo.java:shutdownLeaderElection(134)) - c124d131-afb9-4343-ad4e-aaebde613043: shutdown LeaderElection
2019-10-18 13:01:27,457 [c124d131-afb9-4343-ad4e-aaebde613043@group-FF4202234884-LeaderElection68] INFO  impl.RoleInfo (RoleInfo.java:updateAndGet(143)) - c124d131-afb9-4343-ad4e-aaebde613043: start FollowerState
2019-10-18 13:01:27,462 [999343e7-0330-4874-a345-91eca72585e0@group-FF4202234884-LeaderElection70] INFO  impl.LeaderElection (LeaderElection.java:logAndReturn(56)) - 999343e7-0330-4874-a345-91eca72585e0@group-FF4202234884-LeaderElection70: Election REJECTED; received 2 response(s) [999343e7-0330-4874-a345-91eca72585e0<-c124d131-afb9-4343-ad4e-aaebde613043#0:FAIL-t23, 999343e7-0330-4874-a345-91eca72585e0<-e5bb327f-cdd7-4e49-919e-13a4c895fddf#0:FAIL-t23] and 0 exception(s); 999343e7-0330-4874-a345-91eca72585e0@group-FF4202234884:t23, leader=null, voted=999343e7-0330-4874-a345-91eca72585e0, raftlog=999343e7-0330-4874-a345-91eca72585e0@group-FF4202234884-SegmentedRaftLog:OPENED:c-1,f0,i0, conf=0: [999343e7-0330-4874-a345-91eca72585e0:192.168.34.56:44872, c124d131-afb9-4343-ad4e-aaebde613043:192.168.34.56:42116, e5bb327f-cdd7-4e49-919e-13a4c895fddf:192.168.34.56:36658], old=null
2019-10-18 13:01:27,462 [999343e7-0330-4874-a345-91eca72585e0@group-FF4202234884-LeaderElection70] INFO  impl.RaftServerImpl (RaftServerImpl.java:setRole(184)) - 999343e7-0330-4874-a345-91eca72585e0@group-FF4202234884: changes role from CANDIDATE to FOLLOWER at term 23 for DISCOVERED_A_NEW_TERM
2019-10-18 13:01:27,463 [999343e7-0330-4874-a345-91eca72585e0@group-FF4202234884-LeaderElection70] INFO  impl.RoleInfo (RoleInfo.java:shutdownLeaderElection(134)) - 999343e7-0330-4874-a345-91eca72585e0: shutdown LeaderElection
2019-10-18 13:01:27,463 [999343e7-0330-4874-a345-91eca72585e0@group-FF4202234884-LeaderElection70] INFO  impl.RoleInfo (RoleInfo.java:updateAndGet(143)) - 999343e7-0330-4874-a345-91eca72585e0: start FollowerState
2019-10-18 13:01:27,466 [e5bb327f-cdd7-4e49-919e-13a4c895fddf@group-FF4202234884-LeaderElection69] INFO  impl.LeaderElection (LeaderElection.java:logAndReturn(56)) - e5bb327f-cdd7-4e49-919e-13a4c895fddf@group-FF4202234884-LeaderElection69: Election REJECTED; received 2 response(s) [e5bb327f-cdd7-4e49-919e-13a4c895fddf<-999343e7-0330-4874-a345-91eca72585e0#0:FAIL-t23, e5bb327f-cdd7-4e49-919e-13a4c895fddf<-c124d131-afb9-4343-ad4e-aaebde613043#0:FAIL-t23] and 0 exception(s); e5bb327f-cdd7-4e49-919e-13a4c895fddf@group-FF4202234884:t23, leader=null, voted=e5bb327f-cdd7-4e49-919e-13a4c895fddf, raftlog=e5bb327f-cdd7-4e49-919e-13a4c895fddf@group-FF4202234884-SegmentedRaftLog:OPENED:c-1,f0,i0, conf=0: [999343e7-0330-4874-a345-91eca72585e0:192.168.34.56:44872, c124d131-afb9-4343-ad4e-aaebde613043:192.168.34.56:42116, e5bb327f-cdd7-4e49-919e-13a4c895fddf:192.168.34.56:36658], old=null
2019-10-18 13:01:27,466 [018b3f78-d19f-4e26-a796-cb8ddc4f97cf@group-187684C21557-LeaderElection67] INFO  impl.LeaderElection (LeaderElection.java:askForVotes(178)) - 018b3f78-d19f-4e26-a796-cb8ddc4f97cf@group-187684C21557-LeaderElection67: begin an election at term 21 for -1: [893cf03e-f2cf-478a-892a-a746717e50e3:192.168.34.56:40750, 8697df36-98d2-41b1-bdc7-60597b3b5526:192.168.34.56:46415, 018b3f78-d19f-4e26-a796-cb8ddc4f97cf:192.168.34.56:35845], old=null
2019-10-18 13:01:27,466 [e5bb327f-cdd7-4e49-919e-13a4c895fddf@group-FF4202234884-LeaderElection69] INFO  impl.RaftServerImpl (RaftServerImpl.java:setRole(184)) - e5bb327f-cdd7-4e49-919e-13a4c895fddf@group-FF4202234884: changes role from CANDIDATE to FOLLOWER at term 23 for DISCOVERED_A_NEW_TERM
2019-10-18 13:01:27,466 [e5bb327f-cdd7-4e49-919e-13a4c895fddf@group-FF4202234884-LeaderElection69] INFO  impl.RoleInfo (RoleInfo.java:shutdownLeaderElection(134)) - e5bb327f-cdd7-4e49-919e-13a4c895fddf: shutdown LeaderElection
2019-10-18 13:01:27,467 [e5bb327f-cdd7-4e49-919e-13a4c895fddf@group-FF4202234884-LeaderElection69] INFO  impl.RoleInfo (RoleInfo.java:updateAndGet(143)) - e5bb327f-cdd7-4e49-919e-13a4c895fddf: start FollowerState
2019-10-18 13:01:27,467 [893cf03e-f2cf-478a-892a-a746717e50e3@group-187684C21557-LeaderElection72] INFO  impl.LeaderElection (LeaderElection.java:logAndReturn(56)) - 893cf03e-f2cf-478a-892a-a746717e50e3@group-187684C21557-LeaderElection72: Election DISCOVERED_A_NEW_TERM; received 2 response(s) [893cf03e-f2cf-478a-892a-a746717e50e3<-8697df36-98d2-41b1-bdc7-60597b3b5526#0:FAIL-t20, 893cf03e-f2cf-478a-892a-a746717e50e3<-018b3f78-d19f-4e26-a796-cb8ddc4f97cf#0:FAIL-t21] and 0 exception(s); 893cf03e-f2cf-478a-892a-a746717e50e3@group-187684C21557:t20, leader=null, voted=893cf03e-f2cf-478a-892a-a746717e50e3, raftlog=893cf03e-f2cf-478a-892a-a746717e50e3@group-187684C21557-SegmentedRaftLog:OPENED:c-1,f0,i0, conf=0: [893cf03e-f2cf-478a-892a-a746717e50e3:192.168.34.56:40750, 8697df36-98d2-41b1-bdc7-60597b3b5526:192.168.34.56:46415, 018b3f78-d19f-4e26-a796-cb8ddc4f97cf:192.168.34.56:35845], old=null
2019-10-18 13:01:27,467 [8697df36-98d2-41b1-bdc7-60597b3b5526@group-187684C21557-LeaderElection71] INFO  impl.LeaderElection (LeaderElection.java:logAndReturn(56)) - 8697df36-98d2-41b1-bdc7-60597b3b5526@group-187684C21557-LeaderElection71: Election DISCOVERED_A_NEW_TERM; received 2 response(s) [8697df36-98d2-41b1-bdc7-60597b3b5526<-893cf03e-f2cf-478a-892a-a746717e50e3#0:FAIL-t20, 8697df36-98d2-41b1-bdc7-60597b3b5526<-018b3f78-d19f-4e26-a796-cb8ddc4f97cf#0:FAIL-t21] and 0 exception(s); 8697df36-98d2-41b1-bdc7-60597b3b5526@group-187684C21557:t20, leader=null, voted=8697df36-98d2-41b1-bdc7-60597b3b5526, raftlog=8697df36-98d2-41b1-bdc7-60597b3b5526@group-187684C21557-SegmentedRaftLog:OPENED:c-1,f0,i0, conf=0: [893cf03e-f2cf-478a-892a-a746717e50e3:192.168.34.56:40750, 8697df36-98d2-41b1-bdc7-60597b3b5526:192.168.34.56:46415, 018b3f78-d19f-4e26-a796-cb8ddc4f97cf:192.168.34.56:35845], old=null
2019-10-18 13:01:27,467 [893cf03e-f2cf-478a-892a-a746717e50e3@group-187684C21557-LeaderElection72] INFO  impl.RaftServerImpl (RaftServerImpl.java:setRole(184)) - 893cf03e-f2cf-478a-892a-a746717e50e3@group-187684C21557: changes role from CANDIDATE to FOLLOWER at term 21 for DISCOVERED_A_NEW_TERM
2019-10-18 13:01:27,468 [8697df36-98d2-41b1-bdc7-60597b3b5526@group-187684C21557-LeaderElection71] INFO  impl.RaftServerImpl (RaftServerImpl.java:setRole(184)) - 8697df36-98d2-41b1-bdc7-60597b3b5526@group-187684C21557: changes role from CANDIDATE to FOLLOWER at term 21 for DISCOVERED_A_NEW_TERM
2019-10-18 13:01:27,468 [893cf03e-f2cf-478a-892a-a746717e50e3@group-187684C21557-LeaderElection72] INFO  impl.RoleInfo (RoleInfo.java:shutdownLeaderElection(134)) - 893cf03e-f2cf-478a-892a-a746717e50e3: shutdown LeaderElection
2019-10-18 13:01:27,468 [8697df36-98d2-41b1-bdc7-60597b3b5526@group-187684C21557-LeaderElection71] INFO  impl.RoleInfo (RoleInfo.java:shutdownLeaderElection(134)) - 8697df36-98d2-41b1-bdc7-60597b3b5526: shutdown LeaderElection
2019-10-18 13:01:27,468 [893cf03e-f2cf-478a-892a-a746717e50e3@group-187684C21557-LeaderElection72] INFO  impl.RoleInfo (RoleInfo.java:updateAndGet(143)) - 893cf03e-f2cf-478a-892a-a746717e50e3: start FollowerState
2019-10-18 13:01:27,468 [8697df36-98d2-41b1-bdc7-60597b3b5526@group-187684C21557-LeaderElection71] INFO  impl.RoleInfo (RoleInfo.java:updateAndGet(143)) - 8697df36-98d2-41b1-bdc7-60597b3b5526: start FollowerState
2019-10-18 13:01:27,493 [grpc-default-executor-8] INFO  impl.RaftServerImpl (RaftServerImpl.java:setRole(184)) - 893cf03e-f2cf-478a-892a-a746717e50e3@group-187684C21557: changes role from  FOLLOWER to FOLLOWER at term 21 for recognizeCandidate:018b3f78-d19f-4e26-a796-cb8ddc4f97cf
2019-10-18 13:01:27,493 [grpc-default-executor-5] INFO  impl.RaftServerImpl (RaftServerImpl.java:setRole(184)) - 8697df36-98d2-41b1-bdc7-60597b3b5526@group-187684C21557: changes role from  FOLLOWER to FOLLOWER at term 21 for recognizeCandidate:018b3f78-d19f-4e26-a796-cb8ddc4f97cf
2019-10-18 13:01:27,493 [grpc-default-executor-8] INFO  impl.RoleInfo (RoleInfo.java:shutdownFollowerState(121)) - 893cf03e-f2cf-478a-892a-a746717e50e3: shutdown FollowerState
2019-10-18 13:01:27,493 [grpc-default-executor-5] INFO  impl.RoleInfo (RoleInfo.java:shutdownFollowerState(121)) - 8697df36-98d2-41b1-bdc7-60597b3b5526: shutdown FollowerState
2019-10-18 13:01:27,493 [Thread-790] INFO  impl.FollowerState (FollowerState.java:run(117)) - 893cf03e-f2cf-478a-892a-a746717e50e3@group-187684C21557-FollowerState was interrupted: java.lang.InterruptedException: sleep interrupted
2019-10-18 13:01:27,493 [grpc-default-executor-8] INFO  impl.RoleInfo (RoleInfo.java:updateAndGet(143)) - 893cf03e-f2cf-478a-892a-a746717e50e3: start FollowerState
2019-10-18 13:01:27,494 [Thread-791] INFO  impl.FollowerState (FollowerState.java:run(117)) - 8697df36-98d2-41b1-bdc7-60597b3b5526@group-187684C21557-FollowerState was interrupted: java.lang.InterruptedException: sleep interrupted
2019-10-18 13:01:27,494 [grpc-default-executor-5] INFO  impl.RoleInfo (RoleInfo.java:updateAndGet(143)) - 8697df36-98d2-41b1-bdc7-60597b3b5526: start FollowerState
2019-10-18 13:01:27,495 [018b3f78-d19f-4e26-a796-cb8ddc4f97cf@group-187684C21557-LeaderElection67] INFO  impl.LeaderElection (LeaderElection.java:logAndReturn(56)) - 018b3f78-d19f-4e26-a796-cb8ddc4f97cf@group-187684C21557-LeaderElection67: Election REJECTED; received 2 response(s) [018b3f78-d19f-4e26-a796-cb8ddc4f97cf<-893cf03e-f2cf-478a-892a-a746717e50e3#0:FAIL-t21, 018b3f78-d19f-4e26-a796-cb8ddc4f97cf<-8697df36-98d2-41b1-bdc7-60597b3b5526#0:FAIL-t21] and 0 exception(s); 018b3f78-d19f-4e26-a796-cb8ddc4f97cf@group-187684C21557:t21, leader=null, voted=018b3f78-d19f-4e26-a796-cb8ddc4f97cf, raftlog=018b3f78-d19f-4e26-a796-cb8ddc4f97cf@group-187684C21557-SegmentedRaftLog:OPENED:c-1,f-1,i0, conf=-1: [893cf03e-f2cf-478a-892a-a746717e50e3:192.168.34.56:40750, 8697df36-98d2-41b1-bdc7-60597b3b5526:192.168.34.56:46415, 018b3f78-d19f-4e26-a796-cb8ddc4f97cf:192.168.34.56:35845], old=null
2019-10-18 13:01:27,495 [018b3f78-d19f-4e26-a796-cb8ddc4f97cf@group-187684C21557-LeaderElection67] INFO  impl.RaftServerImpl (RaftServerImpl.java:setRole(184)) - 018b3f78-d19f-4e26-a796-cb8ddc4f97cf@group-187684C21557: changes role from CANDIDATE to FOLLOWER at term 21 for DISCOVERED_A_NEW_TERM
2019-10-18 13:01:27,495 [018b3f78-d19f-4e26-a796-cb8ddc4f97cf@group-187684C21557-LeaderElection67] INFO  impl.RoleInfo (RoleInfo.java:shutdownLeaderElection(134)) - 018b3f78-d19f-4e26-a796-cb8ddc4f97cf: shutdown LeaderElection
2019-10-18 13:01:27,496 [018b3f78-d19f-4e26-a796-cb8ddc4f97cf@group-187684C21557-LeaderElection67] INFO  impl.RoleInfo (RoleInfo.java:updateAndGet(143)) - 018b3f78-d19f-4e26-a796-cb8ddc4f97cf: start FollowerState
2019-10-18 13:01:27,535 [Thread-794] INFO  impl.FollowerState (FollowerState.java:run(108)) - 018b3f78-d19f-4e26-a796-cb8ddc4f97cf@group-187684C21557-FollowerState: change to CANDIDATE, lastRpcTime:39ms, electionTimeout:39ms
2019-10-18 13:01:27,535 [Thread-794] INFO  impl.RoleInfo (RoleInfo.java:shutdownFollowerState(121)) - 018b3f78-d19f-4e26-a796-cb8ddc4f97cf: shutdown FollowerState
2019-10-18 13:01:27,535 [Thread-794] INFO  impl.RaftServerImpl (RaftServerImpl.java:setRole(184)) - 018b3f78-d19f-4e26-a796-cb8ddc4f97cf@group-187684C21557: changes role from  FOLLOWER to CANDIDATE at term 21 for changeToCandidate
2019-10-18 13:01:27,536 [Thread-794] INFO  impl.RoleInfo (RoleInfo.java:updateAndGet(143)) - 018b3f78-d19f-4e26-a796-cb8ddc4f97cf: start LeaderElection
2019-10-18 13:01:27,569 [Thread-785] INFO  impl.FollowerState (FollowerState.java:run(108)) - c124d131-afb9-4343-ad4e-aaebde613043@group-FF4202234884-FollowerState: change to CANDIDATE, lastRpcTime:112ms, electionTimeout:112ms
2019-10-18 13:01:27,570 [Thread-785] INFO  impl.RoleInfo (RoleInfo.java:shutdownFollowerState(121)) - c124d131-afb9-4343-ad4e-aaebde613043: shutdown FollowerState
2019-10-18 13:01:27,570 [Thread-785] INFO  impl.RaftServerImpl (RaftServerImpl.java:setRole(184)) - c124d131-afb9-4343-ad4e-aaebde613043@group-FF4202234884: changes role from  FOLLOWER to CANDIDATE at term 23 for changeToCandidate
2019-10-18 13:01:27,570 [Thread-785] INFO  impl.RoleInfo (RoleInfo.java:updateAndGet(143)) - c124d131-afb9-4343-ad4e-aaebde613043: start LeaderElection
2019-10-18 13:01:27,606 [018b3f78-d19f-4e26-a796-cb8ddc4f97cf@group-187684C21557-LeaderElection73] INFO  impl.LeaderElection (LeaderElection.java:askForVotes(178)) - 018b3f78-d19f-4e26-a796-cb8ddc4f97cf@group-187684C21557-LeaderElection73: begin an election at term 22 for -1: [893cf03e-f2cf-478a-892a-a746717e50e3:192.168.34.56:40750, 8697df36-98d2-41b1-bdc7-60597b3b5526:192.168.34.56:46415, 018b3f78-d19f-4e26-a796-cb8ddc4f97cf:192.168.34.56:35845], old=null
2019-10-18 13:01:27,609 [grpc-default-executor-5] INFO  impl.RaftServerImpl (RaftServerImpl.java:setRole(184)) - 8697df36-98d2-41b1-bdc7-60597b3b5526@group-187684C21557: changes role from  FOLLOWER to FOLLOWER at term 22 for recognizeCandidate:018b3f78-d19f-4e26-a796-cb8ddc4f97cf
2019-10-18 13:01:27,609 [grpc-default-executor-5] INFO  impl.RoleInfo (RoleInfo.java:shutdownFollowerState(121)) - 8697df36-98d2-41b1-bdc7-60597b3b5526: shutdown FollowerState
2019-10-18 13:01:27,609 [grpc-default-executor-8] INFO  impl.RaftServerImpl (RaftServerImpl.java:setRole(184)) - 893cf03e-f2cf-478a-892a-a746717e50e3@group-187684C21557: changes role from  FOLLOWER to FOLLOWER at term 22 for recognizeCandidate:018b3f78-d19f-4e26-a796-cb8ddc4f97cf
2019-10-18 13:01:27,609 [grpc-default-executor-5] INFO  impl.RoleInfo (RoleInfo.java:updateAndGet(143)) - 8697df36-98d2-41b1-bdc7-60597b3b5526: start FollowerState
2019-10-18 13:01:27,609 [Thread-793] INFO  impl.FollowerState (FollowerState.java:run(117)) - 8697df36-98d2-41b1-bdc7-60597b3b5526@group-187684C21557-FollowerState was interrupted: java.lang.InterruptedException: sleep interrupted
2019-10-18 13:01:27,609 [grpc-default-executor-8] INFO  impl.RoleInfo (RoleInfo.java:shutdownFollowerState(121)) - 893cf03e-f2cf-478a-892a-a746717e50e3: shutdown FollowerState
2019-10-18 13:01:27,610 [grpc-default-executor-8] INFO  impl.RoleInfo (RoleInfo.java:updateAndGet(143)) - 893cf03e-f2cf-478a-892a-a746717e50e3: start FollowerState
2019-10-18 13:01:27,610 [Thread-792] INFO  impl.FollowerState (FollowerState.java:run(117)) - 893cf03e-f2cf-478a-892a-a746717e50e3@group-187684C21557-FollowerState was interrupted: java.lang.InterruptedException: sleep interrupted
2019-10-18 13:01:27,644 [c124d131-afb9-4343-ad4e-aaebde613043@group-FF4202234884-LeaderElection74] INFO  impl.LeaderElection (LeaderElection.java:askForVotes(178)) - c124d131-afb9-4343-ad4e-aaebde613043@group-FF4202234884-LeaderElection74: begin an election at term 24 for -1: [999343e7-0330-4874-a345-91eca72585e0:192.168.34.56:44872, c124d131-afb9-4343-ad4e-aaebde613043:192.168.34.56:42116, e5bb327f-cdd7-4e49-919e-13a4c895fddf:192.168.34.56:36658], old=null
2019-10-18 13:01:27,654 [grpc-default-executor-0] INFO  impl.RaftServerImpl (RaftServerImpl.java:setRole(184)) - e5bb327f-cdd7-4e49-919e-13a4c895fddf@group-FF4202234884: changes role from  FOLLOWER to FOLLOWER at term 24 for recognizeCandidate:c124d131-afb9-4343-ad4e-aaebde613043
2019-10-18 13:01:27,655 [grpc-default-executor-0] INFO  impl.RoleInfo (RoleInfo.java:shutdownFollowerState(121)) - e5bb327f-cdd7-4e49-919e-13a4c895fddf: shutdown FollowerState
2019-10-18 13:01:27,655 [grpc-default-executor-0] INFO  impl.RoleInfo (RoleInfo.java:updateAndGet(143)) - e5bb327f-cdd7-4e49-919e-13a4c895fddf: start FollowerState
2019-10-18 13:01:27,655 [Thread-789] INFO  impl.FollowerState (FollowerState.java:run(117)) - e5bb327f-cdd7-4e49-919e-13a4c895fddf@group-FF4202234884-FollowerState was interrupted: java.lang.InterruptedException: sleep interrupted
2019-10-18 13:01:27,655 [grpc-default-executor-2] INFO  impl.RaftServerImpl (RaftServerImpl.java:setRole(184)) - 999343e7-0330-4874-a345-91eca72585e0@group-FF4202234884: changes role from  FOLLOWER to FOLLOWER at term 24 for recognizeCandidate:c124d131-afb9-4343-ad4e-aaebde613043
2019-10-18 13:01:27,655 [grpc-default-executor-2] INFO  impl.RoleInfo (RoleInfo.java:shutdownFollowerState(121)) - 999343e7-0330-4874-a345-91eca72585e0: shutdown FollowerState
2019-10-18 13:01:27,655 [grpc-default-executor-2] INFO  impl.RoleInfo (RoleInfo.java:updateAndGet(143)) - 999343e7-0330-4874-a345-91eca72585e0: start FollowerState
2019-10-18 13:01:27,655 [Thread-786] INFO  impl.FollowerState (FollowerState.java:run(117)) - 999343e7-0330-4874-a345-91eca72585e0@group-FF4202234884-FollowerState was interrupted: java.lang.InterruptedException: sleep interrupted
2019-10-18 13:01:27,666 [018b3f78-d19f-4e26-a796-cb8ddc4f97cf@group-187684C21557-LeaderElection73] INFO  impl.LeaderElection (LeaderElection.java:logAndReturn(56)) - 018b3f78-d19f-4e26-a796-cb8ddc4f97cf@group-187684C21557-LeaderElection73: Election REJECTED; received 2 response(s) [018b3f78-d19f-4e26-a796-cb8ddc4f97cf<-893cf03e-f2cf-478a-892a-a746717e50e3#0:FAIL-t22, 018b3f78-d19f-4e26-a796-cb8ddc4f97cf<-8697df36-98d2-41b1-bdc7-60597b3b5526#0:FAIL-t22] and 0 exception(s); 018b3f78-d19f-4e26-a796-cb8ddc4f97cf@group-187684C21557:t22, leader=null, voted=018b3f78-d19f-4e26-a796-cb8ddc4f97cf, raftlog=018b3f78-d19f-4e26-a796-cb8ddc4f97cf@group-187684C21557-SegmentedRaftLog:OPENED:c-1,f-1,i0, conf=-1: [893cf03e-f2cf-478a-892a-a746717e50e3:192.168.34.56:40750, 8697df36-98d2-41b1-bdc7-60597b3b5526:192.168.34.56:46415, 018b3f78-d19f-4e26-a796-cb8ddc4f97cf:192.168.34.56:35845], old=null
2019-10-18 13:01:27,666 [018b3f78-d19f-4e26-a796-cb8ddc4f97cf@group-187684C21557-LeaderElection73] INFO  impl.RaftServerImpl (RaftServerImpl.java:setRole(184)) - 018b3f78-d19f-4e26-a796-cb8ddc4f97cf@group-187684C21557: changes role from CANDIDATE to FOLLOWER at term 22 for DISCOVERED_A_NEW_TERM
2019-10-18 13:01:27,667 [018b3f78-d19f-4e26-a796-cb8ddc4f97cf@group-187684C21557-LeaderElection73] INFO  impl.RoleInfo (RoleInfo.java:shutdownLeaderElection(134)) - 018b3f78-d19f-4e26-a796-cb8ddc4f97cf: shutdown LeaderElection
2019-10-18 13:01:27,667 [018b3f78-d19f-4e26-a796-cb8ddc4f97cf@group-187684C21557-LeaderElection73] INFO  impl.RoleInfo (RoleInfo.java:updateAndGet(143)) - 018b3f78-d19f-4e26-a796-cb8ddc4f97cf: start FollowerState
2019-10-18 13:01:27,718 [c124d131-afb9-4343-ad4e-aaebde613043@group-FF4202234884-LeaderElection74] INFO  impl.LeaderElection (LeaderElection.java:logAndReturn(56)) - c124d131-afb9-4343-ad4e-aaebde613043@group-FF4202234884-LeaderElection74: Election TIMEOUT; received 0 response(s) [] and 0 exception(s); c124d131-afb9-4343-ad4e-aaebde613043@group-FF4202234884:t24, leader=null, voted=c124d131-afb9-4343-ad4e-aaebde613043, raftlog=c124d131-afb9-4343-ad4e-aaebde613043@group-FF4202234884-SegmentedRaftLog:OPENED:c-1,f-1,i0, conf=-1: [999343e7-0330-4874-a345-91eca72585e0:192.168.34.56:44872, c124d131-afb9-4343-ad4e-aaebde613043:192.168.34.56:42116, e5bb327f-cdd7-4e49-919e-13a4c895fddf:192.168.34.56:36658], old=null
2019-10-18 13:01:27,758 [c124d131-afb9-4343-ad4e-aaebde613043@group-FF4202234884-LeaderElection74] INFO  impl.LeaderElection (LeaderElection.java:askForVotes(178)) - c124d131-afb9-4343-ad4e-aaebde613043@group-FF4202234884-LeaderElection74: begin an election at term 25 for -1: [999343e7-0330-4874-a345-91eca72585e0:192.168.34.56:44872, c124d131-afb9-4343-ad4e-aaebde613043:192.168.34.56:42116, e5bb327f-cdd7-4e49-919e-13a4c895fddf:192.168.34.56:36658], old=null
2019-10-18 13:01:27,761 [grpc-default-executor-2] INFO  impl.RaftServerImpl (RaftServerImpl.java:setRole(184)) - 999343e7-0330-4874-a345-91eca72585e0@group-FF4202234884: changes role from  FOLLOWER to FOLLOWER at term 25 for recognizeCandidate:c124d131-afb9-4343-ad4e-aaebde613043
2019-10-18 13:01:27,761 [grpc-default-executor-0] INFO  impl.RaftServerImpl (RaftServerImpl.java:setRole(184)) - e5bb327f-cdd7-4e49-919e-13a4c895fddf@group-FF4202234884: changes role from  FOLLOWER to FOLLOWER at term 25 for recognizeCandidate:c124d131-afb9-4343-ad4e-aaebde613043
2019-10-18 13:01:27,761 [grpc-default-executor-2] INFO  impl.RoleInfo (RoleInfo.java:shutdownFollowerState(121)) - 999343e7-0330-4874-a345-91eca72585e0: shutdown FollowerState
2019-10-18 13:01:27,762 [grpc-default-executor-0] INFO  impl.RoleInfo (RoleInfo.java:shutdownFollowerState(121)) - e5bb327f-cdd7-4e49-919e-13a4c895fddf: shutdown FollowerState
2019-10-18 13:01:27,762 [Thread-804] INFO  impl.FollowerState (FollowerState.java:run(117)) - 999343e7-0330-4874-a345-91eca72585e0@group-FF4202234884-FollowerState was interrupted: java.lang.InterruptedException: sleep interrupted
2019-10-18 13:01:27,762 [grpc-default-executor-2] INFO  impl.RoleInfo (RoleInfo.java:updateAndGet(143)) - 999343e7-0330-4874-a345-91eca72585e0: start FollowerState
2019-10-18 13:01:27,762 [Thread-803] INFO  impl.FollowerState (FollowerState.java:run(117)) - e5bb327f-cdd7-4e49-919e-13a4c895fddf@group-FF4202234884-FollowerState was interrupted: java.lang.InterruptedException: sleep interrupted
2019-10-18 13:01:27,762 [grpc-default-executor-0] INFO  impl.RoleInfo (RoleInfo.java:updateAndGet(143)) - e5bb327f-cdd7-4e49-919e-13a4c895fddf: start FollowerState
2019-10-18 13:01:27,767 [Thread-805] INFO  impl.FollowerState (FollowerState.java:run(108)) - 018b3f78-d19f-4e26-a796-cb8ddc4f97cf@group-187684C21557-FollowerState: change to CANDIDATE, lastRpcTime:100ms, electionTimeout:100ms
2019-10-18 13:01:27,767 [Thread-805] INFO  impl.RoleInfo (RoleInfo.java:shutdownFollowerState(121)) - 018b3f78-d19f-4e26-a796-cb8ddc4f97cf: shutdown FollowerState
2019-10-18 13:01:27,767 [Thread-805] INFO  impl.RaftServerImpl (RaftServerImpl.java:setRole(184)) - 018b3f78-d19f-4e26-a796-cb8ddc4f97cf@group-187684C21557: changes role from  FOLLOWER to CANDIDATE at term 22 for changeToCandidate
2019-10-18 13:01:27,767 [Thread-805] INFO  impl.RoleInfo (RoleInfo.java:updateAndGet(143)) - 018b3f78-d19f-4e26-a796-cb8ddc4f97cf: start LeaderElection
2019-10-18 13:01:27,786 [c124d131-afb9-4343-ad4e-aaebde613043@group-FF4202234884-LeaderElection74] INFO  impl.LeaderElection (LeaderElection.java:logAndReturn(56)) - c124d131-afb9-4343-ad4e-aaebde613043@group-FF4202234884-LeaderElection74: Election TIMEOUT; received 0 response(s) [] and 0 exception(s); c124d131-afb9-4343-ad4e-aaebde613043@group-FF4202234884:t25, leader=null, voted=c124d131-afb9-4343-ad4e-aaebde613043, raftlog=c124d131-afb9-4343-ad4e-aaebde613043@group-FF4202234884-SegmentedRaftLog:OPENED:c-1,f-1,i0, conf=-1: [999343e7-0330-4874-a345-91eca72585e0:192.168.34.56:44872, c124d131-afb9-4343-ad4e-aaebde613043:192.168.34.56:42116, e5bb327f-cdd7-4e49-919e-13a4c895fddf:192.168.34.56:36658], old=null
2019-10-18 13:01:27,808 [018b3f78-d19f-4e26-a796-cb8ddc4f97cf@group-187684C21557-LeaderElection75] INFO  impl.LeaderElection (LeaderElection.java:askForVotes(178)) - 018b3f78-d19f-4e26-a796-cb8ddc4f97cf@group-187684C21557-LeaderElection75: begin an election at term 23 for -1: [893cf03e-f2cf-478a-892a-a746717e50e3:192.168.34.56:40750, 8697df36-98d2-41b1-bdc7-60597b3b5526:192.168.34.56:46415, 018b3f78-d19f-4e26-a796-cb8ddc4f97cf:192.168.34.56:35845], old=null
2019-10-18 13:01:27,811 [grpc-default-executor-0] INFO  impl.RaftServerImpl (RaftServerImpl.java:setRole(184)) - 893cf03e-f2cf-478a-892a-a746717e50e3@group-187684C21557: changes role from  FOLLOWER to FOLLOWER at term 23 for recognizeCandidate:018b3f78-d19f-4e26-a796-cb8ddc4f97cf
2019-10-18 13:01:27,811 [grpc-default-executor-2] INFO  impl.RaftServerImpl (RaftServerImpl.java:setRole(184)) - 8697df36-98d2-41b1-bdc7-60597b3b5526@group-187684C21557: changes role from  FOLLOWER to FOLLOWER at term 23 for recognizeCandidate:018b3f78-d19f-4e26-a796-cb8ddc4f97cf
2019-10-18 13:01:27,811 [grpc-default-executor-0] INFO  impl.RoleInfo (RoleInfo.java:shutdownFollowerState(121)) - 893cf03e-f2cf-478a-892a-a746717e50e3: shutdown FollowerState
2019-10-18 13:01:27,811 [grpc-default-executor-2] INFO  impl.RoleInfo (RoleInfo.java:shutdownFollowerState(121)) - 8697df36-98d2-41b1-bdc7-60597b3b5526: shutdown FollowerState
2019-10-18 13:01:27,811 [grpc-default-executor-0] INFO  impl.RoleInfo (RoleInfo.java:updateAndGet(143)) - 893cf03e-f2cf-478a-892a-a746717e50e3: start FollowerState
2019-10-18 13:01:27,812 [Thread-799] INFO  impl.FollowerState (FollowerState.java:run(117)) - 8697df36-98d2-41b1-bdc7-60597b3b5526@group-187684C21557-FollowerState was interrupted: java.lang.InterruptedException: sleep interrupted
2019-10-18 13:01:27,812 [grpc-default-executor-2] INFO  impl.RoleInfo (RoleInfo.java:updateAndGet(143)) - 8697df36-98d2-41b1-bdc7-60597b3b5526: start FollowerState
2019-10-18 13:01:27,812 [Thread-800] INFO  impl.FollowerState (FollowerState.java:run(117)) - 893cf03e-f2cf-478a-892a-a746717e50e3@group-187684C21557-FollowerState was interrupted: java.lang.InterruptedException: sleep interrupted
2019-10-18 13:01:27,837 [c124d131-afb9-4343-ad4e-aaebde613043@group-FF4202234884-LeaderElection74] INFO  impl.LeaderElection (LeaderElection.java:askForVotes(178)) - c124d131-afb9-4343-ad4e-aaebde613043@group-FF4202234884-LeaderElection74: begin an election at term 26 for -1: [999343e7-0330-4874-a345-91eca72585e0:192.168.34.56:44872, c124d131-afb9-4343-ad4e-aaebde613043:192.168.34.56:42116, e5bb327f-cdd7-4e49-919e-13a4c895fddf:192.168.34.56:36658], old=null
2019-10-18 13:01:27,838 [018b3f78-d19f-4e26-a796-cb8ddc4f97cf@group-187684C21557-LeaderElection75] INFO  impl.LeaderElection (LeaderElection.java:logAndReturn(56)) - 018b3f78-d19f-4e26-a796-cb8ddc4f97cf@group-187684C21557-LeaderElection75: Election REJECTED; received 2 response(s) [018b3f78-d19f-4e26-a796-cb8ddc4f97cf<-893cf03e-f2cf-478a-892a-a746717e50e3#0:FAIL-t23, 018b3f78-d19f-4e26-a796-cb8ddc4f97cf<-8697df36-98d2-41b1-bdc7-60597b3b5526#0:FAIL-t23] and 0 exception(s); 018b3f78-d19f-4e26-a796-cb8ddc4f97cf@group-187684C21557:t23, leader=null, voted=018b3f78-d19f-4e26-a796-cb8ddc4f97cf, raftlog=018b3f78-d19f-4e26-a796-cb8ddc4f97cf@group-187684C21557-SegmentedRaftLog:OPENED:c-1,f-1,i0, conf=-1: [893cf03e-f2cf-478a-892a-a746717e50e3:192.168.34.56:40750, 8697df36-98d2-41b1-bdc7-60597b3b5526:192.168.34.56:46415, 018b3f78-d19f-4e26-a796-cb8ddc4f97cf:192.168.34.56:35845], old=null
2019-10-18 13:01:27,838 [018b3f78-d19f-4e26-a796-cb8ddc4f97cf@group-187684C21557-LeaderElection75] INFO  impl.RaftServerImpl (RaftServerImpl.java:setRole(184)) - 018b3f78-d19f-4e26-a796-cb8ddc4f97cf@group-187684C21557: changes role from CANDIDATE to FOLLOWER at term 23 for DISCOVERED_A_NEW_TERM
2019-10-18 13:01:27,838 [018b3f78-d19f-4e26-a796-cb8ddc4f97cf@group-187684C21557-LeaderElection75] INFO  impl.RoleInfo (RoleInfo.java:shutdownLeaderElection(134)) - 018b3f78-d19f-4e26-a796-cb8ddc4f97cf: shutdown LeaderElection
2019-10-18 13:01:27,838 [018b3f78-d19f-4e26-a796-cb8ddc4f97cf@group-187684C21557-LeaderElection75] INFO  impl.RoleInfo (RoleInfo.java:updateAndGet(143)) - 018b3f78-d19f-4e26-a796-cb8ddc4f97cf: start FollowerState
2019-10-18 13:01:27,839 [grpc-default-executor-2] INFO  impl.RaftServerImpl (RaftServerImpl.java:setRole(184)) - 999343e7-0330-4874-a345-91eca72585e0@group-FF4202234884: changes role from  FOLLOWER to FOLLOWER at term 26 for recognizeCandidate:c124d131-afb9-4343-ad4e-aaebde613043
2019-10-18 13:01:27,839 [grpc-default-executor-2] INFO  impl.RoleInfo (RoleInfo.java:shutdownFollowerState(121)) - 999343e7-0330-4874-a345-91eca72585e0: shutdown FollowerState
2019-10-18 13:01:27,839 [grpc-default-executor-0] INFO  impl.RaftServerImpl (RaftServerImpl.java:setRole(184)) - e5bb327f-cdd7-4e49-919e-13a4c895fddf@group-FF4202234884: changes role from  FOLLOWER to FOLLOWER at term 26 for recognizeCandidate:c124d131-afb9-4343-ad4e-aaebde613043
2019-10-18 13:01:27,839 [grpc-default-executor-2] INFO  impl.RoleInfo (RoleInfo.java:updateAndGet(143)) - 999343e7-0330-4874-a345-91eca72585e0: start FollowerState
2019-10-18 13:01:27,839 [Thread-809] INFO  impl.FollowerState (FollowerState.java:run(117)) - 999343e7-0330-4874-a345-91eca72585e0@group-FF4202234884-FollowerState was interrupted: java.lang.InterruptedException: sleep interrupted
2019-10-18 13:01:27,839 [grpc-default-executor-0] INFO  impl.RoleInfo (RoleInfo.java:shutdownFollowerState(121)) - e5bb327f-cdd7-4e49-919e-13a4c895fddf: shutdown FollowerState
2019-10-18 13:01:27,840 [grpc-default-executor-0] INFO  impl.RoleInfo (RoleInfo.java:updateAndGet(143)) - e5bb327f-cdd7-4e49-919e-13a4c895fddf: start FollowerState
2019-10-18 13:01:27,840 [Thread-810] INFO  impl.FollowerState (FollowerState.java:run(117)) - e5bb327f-cdd7-4e49-919e-13a4c895fddf@group-FF4202234884-FollowerState was interrupted: java.lang.InterruptedException: sleep interrupted
2019-10-18 13:01:27,884 [c124d131-afb9-4343-ad4e-aaebde613043@group-FF4202234884-LeaderElection74] INFO  impl.LeaderElection (LeaderElection.java:logAndReturn(56)) - c124d131-afb9-4343-ad4e-aaebde613043@group-FF4202234884-LeaderElection74: Election REJECTED; received 2 response(s) [c124d131-afb9-4343-ad4e-aaebde613043<-999343e7-0330-4874-a345-91eca72585e0#0:FAIL-t26, c124d131-afb9-4343-ad4e-aaebde613043<-e5bb327f-cdd7-4e49-919e-13a4c895fddf#0:FAIL-t26] and 0 exception(s); c124d131-afb9-4343-ad4e-aaebde613043@group-FF4202234884:t26, leader=null, voted=c124d131-afb9-4343-ad4e-aaebde613043, raftlog=c124d131-afb9-4343-ad4e-aaebde613043@group-FF4202234884-SegmentedRaftLog:OPENED:c-1,f-1,i0, conf=-1: [999343e7-0330-4874-a345-91eca72585e0:192.168.34.56:44872, c124d131-afb9-4343-ad4e-aaebde613043:192.168.34.56:42116, e5bb327f-cdd7-4e49-919e-13a4c895fddf:192.168.34.56:36658], old=null
2019-10-18 13:01:27,884 [c124d131-afb9-4343-ad4e-aaebde613043@group-FF4202234884-LeaderElection74] INFO  impl.RaftServerImpl (RaftServerImpl.java:setRole(184)) - c124d131-afb9-4343-ad4e-aaebde613043@group-FF4202234884: changes role from CANDIDATE to FOLLOWER at term 26 for DISCOVERED_A_NEW_TERM
2019-10-18 13:01:27,884 [c124d131-afb9-4343-ad4e-aaebde613043@group-FF4202234884-LeaderElection74] INFO  impl.RoleInfo (RoleInfo.java:shutdownLeaderElection(134)) - c124d131-afb9-4343-ad4e-aaebde613043: shutdown LeaderElection
2019-10-18 13:01:27,884 [c124d131-afb9-4343-ad4e-aaebde613043@group-FF4202234884-LeaderElection74] INFO  impl.RoleInfo (RoleInfo.java:updateAndGet(143)) - c124d131-afb9-4343-ad4e-aaebde613043: start FollowerState
2019-10-18 13:01:27,888 [Thread-822] INFO  impl.FollowerState (FollowerState.java:run(108)) - c124d131-afb9-4343-ad4e-aaebde613043@group-FF4202234884-FollowerState: change to CANDIDATE, lastRpcTime:3ms, electionTimeout:1ms
2019-10-18 13:01:27,888 [Thread-822] INFO  impl.RoleInfo (RoleInfo.java:shutdownFollowerState(121)) - c124d131-afb9-4343-ad4e-aaebde613043: shutdown FollowerState
2019-10-18 13:01:27,888 [Thread-822] INFO  impl.RaftServerImpl (RaftServerImpl.java:setRole(184)) - c124d131-afb9-4343-ad4e-aaebde613043@group-FF4202234884: changes role from  FOLLOWER to CANDIDATE at term 26 for changeToCandidate
2019-10-18 13:01:27,888 [Thread-822] INFO  impl.RoleInfo (RoleInfo.java:updateAndGet(143)) - c124d131-afb9-4343-ad4e-aaebde613043: start LeaderElection
2019-10-18 13:01:27,913 [c124d131-afb9-4343-ad4e-aaebde613043@group-FF4202234884-LeaderElection76] INFO  impl.LeaderElection (LeaderElection.java:askForVotes(178)) - c124d131-afb9-4343-ad4e-aaebde613043@group-FF4202234884-LeaderElection76: begin an election at term 27 for -1: [999343e7-0330-4874-a345-91eca72585e0:192.168.34.56:44872, c124d131-afb9-4343-ad4e-aaebde613043:192.168.34.56:42116, e5bb327f-cdd7-4e49-919e-13a4c895fddf:192.168.34.56:36658], old=null
2019-10-18 13:01:27,915 [grpc-default-executor-0] INFO  impl.RaftServerImpl (RaftServerImpl.java:setRole(184)) - 999343e7-0330-4874-a345-91eca72585e0@group-FF4202234884: changes role from  FOLLOWER to FOLLOWER at term 27 for recognizeCandidate:c124d131-afb9-4343-ad4e-aaebde613043
2019-10-18 13:01:27,915 [grpc-default-executor-0] INFO  impl.RoleInfo (RoleInfo.java:shutdownFollowerState(121)) - 999343e7-0330-4874-a345-91eca72585e0: shutdown FollowerState
2019-10-18 13:01:27,915 [grpc-default-executor-2] INFO  impl.RaftServerImpl (RaftServerImpl.java:setRole(184)) - e5bb327f-cdd7-4e49-919e-13a4c895fddf@group-FF4202234884: changes role from  FOLLOWER to FOLLOWER at term 27 for recognizeCandidate:c124d131-afb9-4343-ad4e-aaebde613043
2019-10-18 13:01:27,915 [Thread-820] INFO  impl.FollowerState (FollowerState.java:run(117)) - 999343e7-0330-4874-a345-91eca72585e0@group-FF4202234884-FollowerState was interrupted: java.lang.InterruptedException: sleep interrupted
2019-10-18 13:01:27,915 [grpc-default-executor-0] INFO  impl.RoleInfo (RoleInfo.java:updateAndGet(143)) - 999343e7-0330-4874-a345-91eca72585e0: start FollowerState
2019-10-18 13:01:27,915 [grpc-default-executor-2] INFO  impl.RoleInfo (RoleInfo.java:shutdownFollowerState(121)) - e5bb327f-cdd7-4e49-919e-13a4c895fddf: shutdown FollowerState
2019-10-18 13:01:27,916 [Thread-821] INFO  impl.FollowerState (FollowerState.java:run(117)) - e5bb327f-cdd7-4e49-919e-13a4c895fddf@group-FF4202234884-FollowerState was interrupted: java.lang.InterruptedException: sleep interrupted
2019-10-18 13:01:27,916 [grpc-default-executor-2] INFO  impl.RoleInfo (RoleInfo.java:updateAndGet(143)) - e5bb327f-cdd7-4e49-919e-13a4c895fddf: start FollowerState
2019-10-18 13:01:27,961 [c124d131-afb9-4343-ad4e-aaebde613043@group-FF4202234884-LeaderElection76] INFO  impl.LeaderElection (LeaderElection.java:logAndReturn(56)) - c124d131-afb9-4343-ad4e-aaebde613043@group-FF4202234884-LeaderElection76: Election REJECTED; received 2 response(s) [c124d131-afb9-4343-ad4e-aaebde613043<-999343e7-0330-4874-a345-91eca72585e0#0:FAIL-t27, c124d131-afb9-4343-ad4e-aaebde613043<-e5bb327f-cdd7-4e49-919e-13a4c895fddf#0:FAIL-t27] and 0 exception(s); c124d131-afb9-4343-ad4e-aaebde613043@group-FF4202234884:t27, leader=null, voted=c124d131-afb9-4343-ad4e-aaebde613043, raftlog=c124d131-afb9-4343-ad4e-aaebde613043@group-FF4202234884-SegmentedRaftLog:OPENED:c-1,f-1,i0, conf=-1: [999343e7-0330-4874-a345-91eca72585e0:192.168.34.56:44872, c124d131-afb9-4343-ad4e-aaebde613043:192.168.34.56:42116, e5bb327f-cdd7-4e49-919e-13a4c895fddf:192.168.34.56:36658], old=null
2019-10-18 13:01:27,962 [c124d131-afb9-4343-ad4e-aaebde613043@group-FF4202234884-LeaderElection76] INFO  impl.RaftServerImpl (RaftServerImpl.java:setRole(184)) - c124d131-afb9-4343-ad4e-aaebde613043@group-FF4202234884: changes role from CANDIDATE to FOLLOWER at term 27 for DISCOVERED_A_NEW_TERM
2019-10-18 13:01:27,962 [c124d131-afb9-4343-ad4e-aaebde613043@group-FF4202234884-LeaderElection76] INFO  impl.RoleInfo (RoleInfo.java:shutdownLeaderElection(134)) - c124d131-afb9-4343-ad4e-aaebde613043: shutdown LeaderElection
2019-10-18 13:01:27,962 [c124d131-afb9-4343-ad4e-aaebde613043@group-FF4202234884-LeaderElection76] INFO  impl.RoleInfo (RoleInfo.java:updateAndGet(143)) - c124d131-afb9-4343-ad4e-aaebde613043: start FollowerState
2019-10-18 13:01:27,989 [Thread-819] INFO  impl.FollowerState (FollowerState.java:run(108)) - 018b3f78-d19f-4e26-a796-cb8ddc4f97cf@group-187684C21557-FollowerState: change to CANDIDATE, lastRpcTime:150ms, electionTimeout:150ms
2019-10-18 13:01:27,989 [Thread-819] INFO  impl.RoleInfo (RoleInfo.java:shutdownFollowerState(121)) - 018b3f78-d19f-4e26-a796-cb8ddc4f97cf: shutdown FollowerState
2019-10-18 13:01:27,989 [Thread-819] INFO  impl.RaftServerImpl (RaftServerImpl.java:setRole(184)) - 018b3f78-d19f-4e26-a796-cb8ddc4f97cf@group-187684C21557: changes role from  FOLLOWER to CANDIDATE at term 23 for changeToCandidate
2019-10-18 13:01:27,989 [Thread-819] INFO  impl.RoleInfo (RoleInfo.java:updateAndGet(143)) - 018b3f78-d19f-4e26-a796-cb8ddc4f97cf: start LeaderElection
2019-10-18 13:01:28,016 [018b3f78-d19f-4e26-a796-cb8ddc4f97cf@group-187684C21557-LeaderElection77] INFO  impl.LeaderElection (LeaderElection.java:askForVotes(178)) - 018b3f78-d19f-4e26-a796-cb8ddc4f97cf@group-187684C21557-LeaderElection77: begin an election at term 24 for -1: [893cf03e-f2cf-478a-892a-a746717e50e3:192.168.34.56:40750, 8697df36-98d2-41b1-bdc7-60597b3b5526:192.168.34.56:46415, 018b3f78-d19f-4e26-a796-cb8ddc4f97cf:192.168.34.56:35845], old=null
2019-10-18 13:01:28,021 [grpc-default-executor-2] INFO  impl.RaftServerImpl (RaftServerImpl.java:setRole(184)) - 8697df36-98d2-41b1-bdc7-60597b3b5526@group-187684C21557: changes role from  FOLLOWER to FOLLOWER at term 24 for recognizeCandidate:018b3f78-d19f-4e26-a796-cb8ddc4f97cf
2019-10-18 13:01:28,021 [grpc-default-executor-2] INFO  impl.RoleInfo (RoleInfo.java:shutdownFollowerState(121)) - 8697df36-98d2-41b1-bdc7-60597b3b5526: shutdown FollowerState
2019-10-18 13:01:28,021 [grpc-default-executor-0] INFO  impl.RaftServerImpl (RaftServerImpl.java:setRole(184)) - 893cf03e-f2cf-478a-892a-a746717e50e3@group-187684C21557: changes role from  FOLLOWER to FOLLOWER at term 24 for recognizeCandidate:018b3f78-d19f-4e26-a796-cb8ddc4f97cf
2019-10-18 13:01:28,021 [Thread-815] INFO  impl.FollowerState (FollowerState.java:run(117)) - 8697df36-98d2-41b1-bdc7-60597b3b5526@group-187684C21557-FollowerState was interrupted: java.lang.InterruptedException: sleep interrupted
2019-10-18 13:01:28,021 [grpc-default-executor-2] INFO  impl.RoleInfo (RoleInfo.java:updateAndGet(143)) - 8697df36-98d2-41b1-bdc7-60597b3b5526: start FollowerState
2019-10-18 13:01:28,021 [grpc-default-executor-0] INFO  impl.RoleInfo (RoleInfo.java:shutdownFollowerState(121)) - 893cf03e-f2cf-478a-892a-a746717e50e3: shutdown FollowerState
2019-10-18 13:01:28,021 [grpc-default-executor-0] INFO  impl.RoleInfo (RoleInfo.java:updateAndGet(143)) - 893cf03e-f2cf-478a-892a-a746717e50e3: start FollowerState
2019-10-18 13:01:28,021 [Thread-814] INFO  impl.FollowerState (FollowerState.java:run(117)) - 893cf03e-f2cf-478a-892a-a746717e50e3@group-187684C21557-FollowerState was interrupted: java.lang.InterruptedException: sleep interrupted
2019-10-18 13:01:28,030 [018b3f78-d19f-4e26-a796-cb8ddc4f97cf@group-187684C21557-LeaderElection77] INFO  impl.LeaderElection (LeaderElection.java:logAndReturn(56)) - 018b3f78-d19f-4e26-a796-cb8ddc4f97cf@group-187684C21557-LeaderElection77: Election TIMEOUT; received 0 response(s) [] and 0 exception(s); 018b3f78-d19f-4e26-a796-cb8ddc4f97cf@group-187684C21557:t24, leader=null, voted=018b3f78-d19f-4e26-a796-cb8ddc4f97cf, raftlog=018b3f78-d19f-4e26-a796-cb8ddc4f97cf@group-187684C21557-SegmentedRaftLog:OPENED:c-1,f-1,i0, conf=-1: [893cf03e-f2cf-478a-892a-a746717e50e3:192.168.34.56:40750, 8697df36-98d2-41b1-bdc7-60597b3b5526:192.168.34.56:46415, 018b3f78-d19f-4e26-a796-cb8ddc4f97cf:192.168.34.56:35845], old=null
2019-10-18 13:01:28,108 [018b3f78-d19f-4e26-a796-cb8ddc4f97cf@group-187684C21557-LeaderElection77] INFO  impl.LeaderElection (LeaderElection.java:askForVotes(178)) - 018b3f78-d19f-4e26-a796-cb8ddc4f97cf@group-187684C21557-LeaderElection77: begin an election at term 25 for -1: [893cf03e-f2cf-478a-892a-a746717e50e3:192.168.34.56:40750, 8697df36-98d2-41b1-bdc7-60597b3b5526:192.168.34.56:46415, 018b3f78-d19f-4e26-a796-cb8ddc4f97cf:192.168.34.56:35845], old=null
2019-10-18 13:01:28,114 [Thread-828] INFO  impl.FollowerState (FollowerState.java:run(108)) - c124d131-afb9-4343-ad4e-aaebde613043@group-FF4202234884-FollowerState: change to CANDIDATE, lastRpcTime:152ms, electionTimeout:152ms
2019-10-18 13:01:28,115 [Thread-828] INFO  impl.RoleInfo (RoleInfo.java:shutdownFollowerState(121)) - c124d131-afb9-4343-ad4e-aaebde613043: shutdown FollowerState
2019-10-18 13:01:28,115 [Thread-828] INFO  impl.RaftServerImpl (RaftServerImpl.java:setRole(184)) - c124d131-afb9-4343-ad4e-aaebde613043@group-FF4202234884: changes role from  FOLLOWER to CANDIDATE at term 27 for changeToCandidate
2019-10-18 13:01:28,126 [Thread-828] INFO  impl.RoleInfo (RoleInfo.java:updateAndGet(143)) - c124d131-afb9-4343-ad4e-aaebde613043: start LeaderElection
2019-10-18 13:01:28,130 [grpc-default-executor-2] INFO  impl.RaftServerImpl (RaftServerImpl.java:setRole(184)) - 893cf03e-f2cf-478a-892a-a746717e50e3@group-187684C21557: changes role from  FOLLOWER to FOLLOWER at term 25 for recognizeCandidate:018b3f78-d19f-4e26-a796-cb8ddc4f97cf
2019-10-18 13:01:28,130 [grpc-default-executor-0] INFO  impl.RaftServerImpl (RaftServerImpl.java:setRole(184)) - 8697df36-98d2-41b1-bdc7-60597b3b5526@group-187684C21557: changes role from  FOLLOWER to FOLLOWER at term 25 for recognizeCandidate:018b3f78-d19f-4e26-a796-cb8ddc4f97cf
2019-10-18 13:01:28,131 [grpc-default-executor-2] INFO  impl.RoleInfo (RoleInfo.java:shutdownFollowerState(121)) - 893cf03e-f2cf-478a-892a-a746717e50e3: shutdown FollowerState
2019-10-18 13:01:28,131 [grpc-default-executor-0] INFO  impl.RoleInfo (RoleInfo.java:shutdownFollowerState(121)) - 8697df36-98d2-41b1-bdc7-60597b3b5526: shutdown FollowerState
2019-10-18 13:01:28,150 [grpc-default-executor-2] INFO  impl.RoleInfo (RoleInfo.java:updateAndGet(143)) - 893cf03e-f2cf-478a-892a-a746717e50e3: start FollowerState
2019-10-18 13:01:28,150 [Thread-832] INFO  impl.FollowerState (FollowerState.java:run(117)) - 8697df36-98d2-41b1-bdc7-60597b3b5526@group-187684C21557-FollowerState was interrupted: java.lang.InterruptedException: sleep interrupted
2019-10-18 13:01:28,150 [grpc-default-executor-0] INFO  impl.RoleInfo (RoleInfo.java:updateAndGet(143)) - 8697df36-98d2-41b1-bdc7-60597b3b5526: start FollowerState
2019-10-18 13:01:28,150 [Thread-833] INFO  impl.FollowerState (FollowerState.java:run(117)) - 893cf03e-f2cf-478a-892a-a746717e50e3@group-187684C21557-FollowerState was interrupted: java.lang.InterruptedException: sleep interrupted
2019-10-18 13:01:28,160 [c124d131-afb9-4343-ad4e-aaebde613043@group-FF4202234884-LeaderElection78] INFO  impl.LeaderElection (LeaderElection.java:askForVotes(178)) - c124d131-afb9-4343-ad4e-aaebde613043@group-FF4202234884-LeaderElection78: begin an election at term 28 for -1: [999343e7-0330-4874-a345-91eca72585e0:192.168.34.56:44872, c124d131-afb9-4343-ad4e-aaebde613043:192.168.34.56:42116, e5bb327f-cdd7-4e49-919e-13a4c895fddf:192.168.34.56:36658], old=null
2019-10-18 13:01:28,179 [grpc-default-executor-8] INFO  impl.RaftServerImpl (RaftServerImpl.java:setRole(184)) - e5bb327f-cdd7-4e49-919e-13a4c895fddf@group-FF4202234884: changes role from  FOLLOWER to FOLLOWER at term 28 for recognizeCandidate:c124d131-afb9-4343-ad4e-aaebde613043
2019-10-18 13:01:28,179 [grpc-default-executor-5] INFO  impl.RaftServerImpl (RaftServerImpl.java:setRole(184)) - 999343e7-0330-4874-a345-91eca72585e0@group-FF4202234884: changes role from  FOLLOWER to FOLLOWER at term 28 for recognizeCandidate:c124d131-afb9-4343-ad4e-aaebde613043
2019-10-18 13:01:28,179 [grpc-default-executor-8] INFO  impl.RoleInfo (RoleInfo.java:shutdownFollowerState(121)) - e5bb327f-cdd7-4e49-919e-13a4c895fddf: shutdown FollowerState
2019-10-18 13:01:28,179 [grpc-default-executor-5] INFO  impl.RoleInfo (RoleInfo.java:shutdownFollowerState(121)) - 999343e7-0330-4874-a345-91eca72585e0: shutdown FollowerState
2019-10-18 13:01:28,183 [c124d131-afb9-4343-ad4e-aaebde613043@group-FF4202234884-LeaderElection78] INFO  impl.LeaderElection (LeaderElection.java:logAndReturn(56)) - c124d131-afb9-4343-ad4e-aaebde613043@group-FF4202234884-LeaderElection78: Election TIMEOUT; received 0 response(s) [] and 0 exception(s); c124d131-afb9-4343-ad4e-aaebde613043@group-FF4202234884:t28, leader=null, voted=c124d131-afb9-4343-ad4e-aaebde613043, raftlog=c124d131-afb9-4343-ad4e-aaebde613043@group-FF4202234884-SegmentedRaftLog:OPENED:c-1,f-1,i0, conf=-1: [999343e7-0330-4874-a345-91eca72585e0:192.168.34.56:44872, c124d131-afb9-4343-ad4e-aaebde613043:192.168.34.56:42116, e5bb327f-cdd7-4e49-919e-13a4c895fddf:192.168.34.56:36658], old=null
2019-10-18 13:01:28,199 [grpc-default-executor-8] INFO  impl.RoleInfo (RoleInfo.java:updateAndGet(143)) - e5bb327f-cdd7-4e49-919e-13a4c895fddf: start FollowerState
2019-10-18 13:01:28,200 [018b3f78-d19f-4e26-a796-cb8ddc4f97cf@group-187684C21557-LeaderElection77] INFO  impl.LeaderElection (LeaderElection.java:logAndReturn(56)) - 018b3f78-d19f-4e26-a796-cb8ddc4f97cf@group-187684C21557-LeaderElection77: Election REJECTED; received 2 response(s) [018b3f78-d19f-4e26-a796-cb8ddc4f97cf<-893cf03e-f2cf-478a-892a-a746717e50e3#0:FAIL-t25, 018b3f78-d19f-4e26-a796-cb8ddc4f97cf<-8697df36-98d2-41b1-bdc7-60597b3b5526#0:FAIL-t25] and 0 exception(s); 018b3f78-d19f-4e26-a796-cb8ddc4f97cf@group-187684C21557:t25, leader=null, voted=018b3f78-d19f-4e26-a796-cb8ddc4f97cf, raftlog=018b3f78-d19f-4e26-a796-cb8ddc4f97cf@group-187684C21557-SegmentedRaftLog:OPENED:c-1,f-1,i0, conf=-1: [893cf03e-f2cf-478a-892a-a746717e50e3:192.168.34.56:40750, 8697df36-98d2-41b1-bdc7-60597b3b5526:192.168.34.56:46415, 018b3f78-d19f-4e26-a796-cb8ddc4f97cf:192.168.34.56:35845], old=null
2019-10-18 13:01:28,200 [Thread-826] INFO  impl.FollowerState (FollowerState.java:run(117)) - 999343e7-0330-4874-a345-91eca72585e0@group-FF4202234884-FollowerState was interrupted: java.lang.InterruptedException: sleep interrupted
2019-10-18 13:01:28,200 [grpc-default-executor-5] INFO  impl.RoleInfo (RoleInfo.java:updateAndGet(143)) - 999343e7-0330-4874-a345-91eca72585e0: start FollowerState
2019-10-18 13:01:28,200 [Thread-827] INFO  impl.FollowerState (FollowerState.java:run(117)) - e5bb327f-cdd7-4e49-919e-13a4c895fddf@group-FF4202234884-FollowerState was interrupted: java.lang.InterruptedException: sleep interrupted
2019-10-18 13:01:28,200 [018b3f78-d19f-4e26-a796-cb8ddc4f97cf@group-187684C21557-LeaderElection77] INFO  impl.RaftServerImpl (RaftServerImpl.java:setRole(184)) - 018b3f78-d19f-4e26-a796-cb8ddc4f97cf@group-187684C21557: changes role from CANDIDATE to FOLLOWER at term 25 for DISCOVERED_A_NEW_TERM
2019-10-18 13:01:28,201 [018b3f78-d19f-4e26-a796-cb8ddc4f97cf@group-187684C21557-LeaderElection77] INFO  impl.RoleInfo (RoleInfo.java:shutdownLeaderElection(134)) - 018b3f78-d19f-4e26-a796-cb8ddc4f97cf: shutdown LeaderElection
2019-10-18 13:01:28,201 [018b3f78-d19f-4e26-a796-cb8ddc4f97cf@group-187684C21557-LeaderElection77] INFO  impl.RoleInfo (RoleInfo.java:updateAndGet(143)) - 018b3f78-d19f-4e26-a796-cb8ddc4f97cf: start FollowerState
2019-10-18 13:01:28,215 [c124d131-afb9-4343-ad4e-aaebde613043@group-FF4202234884-LeaderElection78] INFO  impl.LeaderElection (LeaderElection.java:askForVotes(178)) - c124d131-afb9-4343-ad4e-aaebde613043@group-FF4202234884-LeaderElection78: begin an election at term 29 for -1: [999343e7-0330-4874-a345-91eca72585e0:192.168.34.56:44872, c124d131-afb9-4343-ad4e-aaebde613043:192.168.34.56:42116, e5bb327f-cdd7-4e49-919e-13a4c895fddf:192.168.34.56:36658], old=null
2019-10-18 13:01:28,224 [grpc-default-executor-8] INFO  impl.RaftServerImpl (RaftServerImpl.java:setRole(184)) - e5bb327f-cdd7-4e49-919e-13a4c895fddf@group-FF4202234884: changes role from  FOLLOWER to FOLLOWER at term 29 for recognizeCandidate:c124d131-afb9-4343-ad4e-aaebde613043
2019-10-18 13:01:28,225 [grpc-default-executor-8] INFO  impl.RoleInfo (RoleInfo.java:shutdownFollowerState(121)) - e5bb327f-cdd7-4e49-919e-13a4c895fddf: shutdown FollowerState
2019-10-18 13:01:28,225 [grpc-default-executor-0] INFO  impl.RaftServerImpl (RaftServerImpl.java:setRole(184)) - 999343e7-0330-4874-a345-91eca72585e0@group-FF4202234884: changes role from  FOLLOWER to FOLLOWER at term 29 for recognizeCandidate:c124d131-afb9-4343-ad4e-aaebde613043
2019-10-18 13:01:28,225 [grpc-default-executor-0] INFO  impl.RoleInfo (RoleInfo.java:shutdownFollowerState(121)) - 999343e7-0330-4874-a345-91eca72585e0: shutdown FollowerState
2019-10-18 13:01:28,245 [grpc-default-executor-0] INFO  impl.RoleInfo (RoleInfo.java:updateAndGet(143)) - 999343e7-0330-4874-a345-91eca72585e0: start FollowerState
2019-10-18 13:01:28,245 [grpc-default-executor-8] INFO  impl.RoleInfo (RoleInfo.java:updateAndGet(143)) - e5bb327f-cdd7-4e49-919e-13a4c895fddf: start FollowerState
2019-10-18 13:01:28,245 [Thread-842] INFO  impl.FollowerState (FollowerState.java:run(117)) - e5bb327f-cdd7-4e49-919e-13a4c895fddf@group-FF4202234884-FollowerState was interrupted: java.lang.InterruptedException: sleep interrupted
2019-10-18 13:01:28,245 [Thread-841] INFO  impl.FollowerState (FollowerState.java:run(117)) - 999343e7-0330-4874-a345-91eca72585e0@group-FF4202234884-FollowerState was interrupted: java.lang.InterruptedException: sleep interrupted
2019-10-18 13:01:28,293 [c124d131-afb9-4343-ad4e-aaebde613043@group-FF4202234884-LeaderElection78] INFO  impl.LeaderElection (LeaderElection.java:logAndReturn(56)) - c124d131-afb9-4343-ad4e-aaebde613043@group-FF4202234884-LeaderElection78: Election REJECTED; received 2 response(s) [c124d131-afb9-4343-ad4e-aaebde613043<-999343e7-0330-4874-a345-91eca72585e0#0:FAIL-t29, c124d131-afb9-4343-ad4e-aaebde613043<-e5bb327f-cdd7-4e49-919e-13a4c895fddf#0:FAIL-t29] and 0 exception(s); c124d131-afb9-4343-ad4e-aaebde613043@group-FF4202234884:t29, leader=null, voted=c124d131-afb9-4343-ad4e-aaebde613043, raftlog=c124d131-afb9-4343-ad4e-aaebde613043@group-FF4202234884-SegmentedRaftLog:OPENED:c-1,f-1,i0, conf=-1: [999343e7-0330-4874-a345-91eca72585e0:192.168.34.56:44872, c124d131-afb9-4343-ad4e-aaebde613043:192.168.34.56:42116, e5bb327f-cdd7-4e49-919e-13a4c895fddf:192.168.34.56:36658], old=null
2019-10-18 13:01:28,294 [c124d131-afb9-4343-ad4e-aaebde613043@group-FF4202234884-LeaderElection78] INFO  impl.RaftServerImpl (RaftServerImpl.java:setRole(184)) - c124d131-afb9-4343-ad4e-aaebde613043@group-FF4202234884: changes role from CANDIDATE to FOLLOWER at term 29 for DISCOVERED_A_NEW_TERM
2019-10-18 13:01:28,294 [c124d131-afb9-4343-ad4e-aaebde613043@group-FF4202234884-LeaderElection78] INFO  impl.RoleInfo (RoleInfo.java:shutdownLeaderElection(134)) - c124d131-afb9-4343-ad4e-aaebde613043: shutdown LeaderElection
2019-10-18 13:01:28,294 [c124d131-afb9-4343-ad4e-aaebde613043@group-FF4202234884-LeaderElection78] INFO  impl.RoleInfo (RoleInfo.java:updateAndGet(143)) - c124d131-afb9-4343-ad4e-aaebde613043: start FollowerState
2019-10-18 13:01:28,337 [Timer for 'StorageContainerManager' metrics system] INFO  lib.Interns (Interns.java:removeEldestEntry(50)) - Metrics intern cache overflow at 2011 for MetricsSystem={MetricsSystem=MetricsInfoImpl{name=MetricsSystem, description=MetricsSystem}, MetricsSystem record=MetricsInfoImpl{name=MetricsSystem, description=MetricsSystem record}}
2019-10-18 13:01:28,357 [Thread-843] INFO  impl.FollowerState (FollowerState.java:run(108)) - 018b3f78-d19f-4e26-a796-cb8ddc4f97cf@group-187684C21557-FollowerState: change to CANDIDATE, lastRpcTime:156ms, electionTimeout:156ms
2019-10-18 13:01:28,358 [Thread-843] INFO  impl.RoleInfo (RoleInfo.java:shutdownFollowerState(121)) - 018b3f78-d19f-4e26-a796-cb8ddc4f97cf: shutdown FollowerState
2019-10-18 13:01:28,358 [Thread-843] INFO  impl.RaftServerImpl (RaftServerImpl.java:setRole(184)) - 018b3f78-d19f-4e26-a796-cb8ddc4f97cf@group-187684C21557: changes role from  FOLLOWER to CANDIDATE at term 25 for changeToCandidate
2019-10-18 13:01:28,360 [Thread-843] INFO  impl.RoleInfo (RoleInfo.java:updateAndGet(143)) - 018b3f78-d19f-4e26-a796-cb8ddc4f97cf: start LeaderElection
2019-10-18 13:01:28,428 [018b3f78-d19f-4e26-a796-cb8ddc4f97cf@group-187684C21557-LeaderElection79] INFO  impl.LeaderElection (LeaderElection.java:askForVotes(178)) - 018b3f78-d19f-4e26-a796-cb8ddc4f97cf@group-187684C21557-LeaderElection79: begin an election at term 26 for -1: [893cf03e-f2cf-478a-892a-a746717e50e3:192.168.34.56:40750, 8697df36-98d2-41b1-bdc7-60597b3b5526:192.168.34.56:46415, 018b3f78-d19f-4e26-a796-cb8ddc4f97cf:192.168.34.56:35845], old=null
2019-10-18 13:01:28,434 [grpc-default-executor-8] INFO  impl.RaftServerImpl (RaftServerImpl.java:setRole(184)) - 893cf03e-f2cf-478a-892a-a746717e50e3@group-187684C21557: changes role from  FOLLOWER to FOLLOWER at term 26 for recognizeCandidate:018b3f78-d19f-4e26-a796-cb8ddc4f97cf
2019-10-18 13:01:28,434 [grpc-default-executor-0] INFO  impl.RaftServerImpl (RaftServerImpl.java:setRole(184)) - 8697df36-98d2-41b1-bdc7-60597b3b5526@group-187684C21557: changes role from  FOLLOWER to FOLLOWER at term 26 for recognizeCandidate:018b3f78-d19f-4e26-a796-cb8ddc4f97cf
2019-10-18 13:01:28,435 [grpc-default-executor-8] INFO  impl.RoleInfo (RoleInfo.java:shutdownFollowerState(121)) - 893cf03e-f2cf-478a-892a-a746717e50e3: shutdown FollowerState
2019-10-18 13:01:28,435 [grpc-default-executor-0] INFO  impl.RoleInfo (RoleInfo.java:shutdownFollowerState(121)) - 8697df36-98d2-41b1-bdc7-60597b3b5526: shutdown FollowerState
2019-10-18 13:01:28,435 [Thread-838] INFO  impl.FollowerState (FollowerState.java:run(117)) - 893cf03e-f2cf-478a-892a-a746717e50e3@group-187684C21557-FollowerState was interrupted: java.lang.InterruptedException: sleep interrupted
2019-10-18 13:01:28,435 [grpc-default-executor-8] INFO  impl.RoleInfo (RoleInfo.java:updateAndGet(143)) - 893cf03e-f2cf-478a-892a-a746717e50e3: start FollowerState
2019-10-18 13:01:28,435 [grpc-default-executor-0] INFO  impl.RoleInfo (RoleInfo.java:updateAndGet(143)) - 8697df36-98d2-41b1-bdc7-60597b3b5526: start FollowerState
2019-10-18 13:01:28,435 [Thread-837] INFO  impl.FollowerState (FollowerState.java:run(117)) - 8697df36-98d2-41b1-bdc7-60597b3b5526@group-187684C21557-FollowerState was interrupted: java.lang.InterruptedException: sleep interrupted
2019-10-18 13:01:28,448 [Thread-849] INFO  impl.FollowerState (FollowerState.java:run(108)) - c124d131-afb9-4343-ad4e-aaebde613043@group-FF4202234884-FollowerState: change to CANDIDATE, lastRpcTime:153ms, electionTimeout:153ms
2019-10-18 13:01:28,448 [Thread-849] INFO  impl.RoleInfo (RoleInfo.java:shutdownFollowerState(121)) - c124d131-afb9-4343-ad4e-aaebde613043: shutdown FollowerState
2019-10-18 13:01:28,448 [Thread-849] INFO  impl.RaftServerImpl (RaftServerImpl.java:setRole(184)) - c124d131-afb9-4343-ad4e-aaebde613043@group-FF4202234884: changes role from  FOLLOWER to CANDIDATE at term 29 for changeToCandidate
2019-10-18 13:01:28,448 [Thread-849] INFO  impl.RoleInfo (RoleInfo.java:updateAndGet(143)) - c124d131-afb9-4343-ad4e-aaebde613043: start LeaderElection
2019-10-18 13:01:28,502 [018b3f78-d19f-4e26-a796-cb8ddc4f97cf@group-187684C21557-LeaderElection79] INFO  impl.LeaderElection (LeaderElection.java:logAndReturn(56)) - 018b3f78-d19f-4e26-a796-cb8ddc4f97cf@group-187684C21557-LeaderElection79: Election REJECTED; received 2 response(s) [018b3f78-d19f-4e26-a796-cb8ddc4f97cf<-893cf03e-f2cf-478a-892a-a746717e50e3#0:FAIL-t26, 018b3f78-d19f-4e26-a796-cb8ddc4f97cf<-8697df36-98d2-41b1-bdc7-60597b3b5526#0:FAIL-t26] and 0 exception(s); 018b3f78-d19f-4e26-a796-cb8ddc4f97cf@group-187684C21557:t26, leader=null, voted=018b3f78-d19f-4e26-a796-cb8ddc4f97cf, raftlog=018b3f78-d19f-4e26-a796-cb8ddc4f97cf@group-187684C21557-SegmentedRaftLog:OPENED:c-1,f-1,i0, conf=-1: [893cf03e-f2cf-478a-892a-a746717e50e3:192.168.34.56:40750, 8697df36-98d2-41b1-bdc7-60597b3b5526:192.168.34.56:46415, 018b3f78-d19f-4e26-a796-cb8ddc4f97cf:192.168.34.56:35845], old=null
2019-10-18 13:01:28,502 [018b3f78-d19f-4e26-a796-cb8ddc4f97cf@group-187684C21557-LeaderElection79] INFO  impl.RaftServerImpl (RaftServerImpl.java:setRole(184)) - 018b3f78-d19f-4e26-a796-cb8ddc4f97cf@group-187684C21557: changes role from CANDIDATE to FOLLOWER at term 26 for DISCOVERED_A_NEW_TERM
2019-10-18 13:01:28,502 [018b3f78-d19f-4e26-a796-cb8ddc4f97cf@group-187684C21557-LeaderElection79] INFO  impl.RoleInfo (RoleInfo.java:shutdownLeaderElection(134)) - 018b3f78-d19f-4e26-a796-cb8ddc4f97cf: shutdown LeaderElection
2019-10-18 13:01:28,502 [018b3f78-d19f-4e26-a796-cb8ddc4f97cf@group-187684C21557-LeaderElection79] INFO  impl.RoleInfo (RoleInfo.java:updateAndGet(143)) - 018b3f78-d19f-4e26-a796-cb8ddc4f97cf: start FollowerState
2019-10-18 13:01:28,508 [Thread-859] INFO  impl.FollowerState (FollowerState.java:run(108)) - 018b3f78-d19f-4e26-a796-cb8ddc4f97cf@group-187684C21557-FollowerState: change to CANDIDATE, lastRpcTime:5ms, electionTimeout:5ms
2019-10-18 13:01:28,508 [Thread-859] INFO  impl.RoleInfo (RoleInfo.java:shutdownFollowerState(121)) - 018b3f78-d19f-4e26-a796-cb8ddc4f97cf: shutdown FollowerState
2019-10-18 13:01:28,508 [Thread-859] INFO  impl.RaftServerImpl (RaftServerImpl.java:setRole(184)) - 018b3f78-d19f-4e26-a796-cb8ddc4f97cf@group-187684C21557: changes role from  FOLLOWER to CANDIDATE at term 26 for changeToCandidate
2019-10-18 13:01:28,508 [Thread-859] INFO  impl.RoleInfo (RoleInfo.java:updateAndGet(143)) - 018b3f78-d19f-4e26-a796-cb8ddc4f97cf: start LeaderElection
2019-10-18 13:01:28,517 [c124d131-afb9-4343-ad4e-aaebde613043@group-FF4202234884-LeaderElection80] INFO  impl.LeaderElection (LeaderElection.java:askForVotes(178)) - c124d131-afb9-4343-ad4e-aaebde613043@group-FF4202234884-LeaderElection80: begin an election at term 30 for -1: [999343e7-0330-4874-a345-91eca72585e0:192.168.34.56:44872, c124d131-afb9-4343-ad4e-aaebde613043:192.168.34.56:42116, e5bb327f-cdd7-4e49-919e-13a4c895fddf:192.168.34.56:36658], old=null
2019-10-18 13:01:28,519 [grpc-default-executor-0] INFO  impl.RaftServerImpl (RaftServerImpl.java:setRole(184)) - e5bb327f-cdd7-4e49-919e-13a4c895fddf@group-FF4202234884: changes role from  FOLLOWER to FOLLOWER at term 30 for recognizeCandidate:c124d131-afb9-4343-ad4e-aaebde613043
2019-10-18 13:01:28,519 [grpc-default-executor-8] INFO  impl.RaftServerImpl (RaftServerImpl.java:setRole(184)) - 999343e7-0330-4874-a345-91eca72585e0@group-FF4202234884: changes role from  FOLLOWER to FOLLOWER at term 30 for recognizeCandidate:c124d131-afb9-4343-ad4e-aaebde613043
2019-10-18 13:01:28,519 [grpc-default-executor-0] INFO  impl.RoleInfo (RoleInfo.java:shutdownFollowerState(121)) - e5bb327f-cdd7-4e49-919e-13a4c895fddf: shutdown FollowerState
2019-10-18 13:01:28,519 [grpc-default-executor-8] INFO  impl.RoleInfo (RoleInfo.java:shutdownFollowerState(121)) - 999343e7-0330-4874-a345-91eca72585e0: shutdown FollowerState
2019-10-18 13:01:28,519 [Thread-848] INFO  impl.FollowerState (FollowerState.java:run(117)) - e5bb327f-cdd7-4e49-919e-13a4c895fddf@group-FF4202234884-FollowerState was interrupted: java.lang.InterruptedException: sleep interrupted
2019-10-18 13:01:28,519 [grpc-default-executor-0] INFO  impl.RoleInfo (RoleInfo.java:updateAndGet(143)) - e5bb327f-cdd7-4e49-919e-13a4c895fddf: start FollowerState
2019-10-18 13:01:28,519 [Thread-847] INFO  impl.FollowerState (FollowerState.java:run(117)) - 999343e7-0330-4874-a345-91eca72585e0@group-FF4202234884-FollowerState was interrupted: java.lang.InterruptedException: sleep interrupted
2019-10-18 13:01:28,519 [grpc-default-executor-8] INFO  impl.RoleInfo (RoleInfo.java:updateAndGet(143)) - 999343e7-0330-4874-a345-91eca72585e0: start FollowerState
2019-10-18 13:01:28,543 [018b3f78-d19f-4e26-a796-cb8ddc4f97cf@group-187684C21557-LeaderElection81] INFO  impl.LeaderElection (LeaderElection.java:askForVotes(178)) - 018b3f78-d19f-4e26-a796-cb8ddc4f97cf@group-187684C21557-LeaderElection81: begin an election at term 27 for -1: [893cf03e-f2cf-478a-892a-a746717e50e3:192.168.34.56:40750, 8697df36-98d2-41b1-bdc7-60597b3b5526:192.168.34.56:46415, 018b3f78-d19f-4e26-a796-cb8ddc4f97cf:192.168.34.56:35845], old=null
2019-10-18 13:01:28,545 [grpc-default-executor-0] INFO  impl.RaftServerImpl (RaftServerImpl.java:setRole(184)) - 8697df36-98d2-41b1-bdc7-60597b3b5526@group-187684C21557: changes role from  FOLLOWER to FOLLOWER at term 27 for recognizeCandidate:018b3f78-d19f-4e26-a796-cb8ddc4f97cf
2019-10-18 13:01:28,545 [c124d131-afb9-4343-ad4e-aaebde613043@group-FF4202234884-LeaderElection80] INFO  impl.LeaderElection (LeaderElection.java:logAndReturn(56)) - c124d131-afb9-4343-ad4e-aaebde613043@group-FF4202234884-LeaderElection80: Election REJECTED; received 2 response(s) [c124d131-afb9-4343-ad4e-aaebde613043<-999343e7-0330-4874-a345-91eca72585e0#0:FAIL-t30, c124d131-afb9-4343-ad4e-aaebde613043<-e5bb327f-cdd7-4e49-919e-13a4c895fddf#0:FAIL-t30] and 0 exception(s); c124d131-afb9-4343-ad4e-aaebde613043@group-FF4202234884:t30, leader=null, voted=c124d131-afb9-4343-ad4e-aaebde613043, raftlog=c124d131-afb9-4343-ad4e-aaebde613043@group-FF4202234884-SegmentedRaftLog:OPENED:c-1,f-1,i0, conf=-1: [999343e7-0330-4874-a345-91eca72585e0:192.168.34.56:44872, c124d131-afb9-4343-ad4e-aaebde613043:192.168.34.56:42116, e5bb327f-cdd7-4e49-919e-13a4c895fddf:192.168.34.56:36658], old=null
2019-10-18 13:01:28,545 [grpc-default-executor-8] INFO  impl.RaftServerImpl (RaftServerImpl.java:setRole(184)) - 893cf03e-f2cf-478a-892a-a746717e50e3@group-187684C21557: changes role from  FOLLOWER to FOLLOWER at term 27 for recognizeCandidate:018b3f78-d19f-4e26-a796-cb8ddc4f97cf
2019-10-18 13:01:28,546 [c124d131-afb9-4343-ad4e-aaebde613043@group-FF4202234884-LeaderElection80] INFO  impl.RaftServerImpl (RaftServerImpl.java:setRole(184)) - c124d131-afb9-4343-ad4e-aaebde613043@group-FF4202234884: changes role from CANDIDATE to FOLLOWER at term 30 for DISCOVERED_A_NEW_TERM
2019-10-18 13:01:28,545 [grpc-default-executor-0] INFO  impl.RoleInfo (RoleInfo.java:shutdownFollowerState(121)) - 8697df36-98d2-41b1-bdc7-60597b3b5526: shutdown FollowerState
2019-10-18 13:01:28,546 [c124d131-afb9-4343-ad4e-aaebde613043@group-FF4202234884-LeaderElection80] INFO  impl.RoleInfo (RoleInfo.java:shutdownLeaderElection(134)) - c124d131-afb9-4343-ad4e-aaebde613043: shutdown LeaderElection
2019-10-18 13:01:28,546 [grpc-default-executor-8] INFO  impl.RoleInfo (RoleInfo.java:shutdownFollowerState(121)) - 893cf03e-f2cf-478a-892a-a746717e50e3: shutdown FollowerState
2019-10-18 13:01:28,546 [c124d131-afb9-4343-ad4e-aaebde613043@group-FF4202234884-LeaderElection80] INFO  impl.RoleInfo (RoleInfo.java:updateAndGet(143)) - c124d131-afb9-4343-ad4e-aaebde613043: start FollowerState
2019-10-18 13:01:28,546 [grpc-default-executor-0] INFO  impl.RoleInfo (RoleInfo.java:updateAndGet(143)) - 8697df36-98d2-41b1-bdc7-60597b3b5526: start FollowerState
2019-10-18 13:01:28,546 [Thread-857] INFO  impl.FollowerState (FollowerState.java:run(117)) - 8697df36-98d2-41b1-bdc7-60597b3b5526@group-187684C21557-FollowerState was interrupted: java.lang.InterruptedException: sleep interrupted
2019-10-18 13:01:28,546 [Thread-856] INFO  impl.FollowerState (FollowerState.java:run(117)) - 893cf03e-f2cf-478a-892a-a746717e50e3@group-187684C21557-FollowerState was interrupted: java.lang.InterruptedException: sleep interrupted
2019-10-18 13:01:28,546 [grpc-default-executor-8] INFO  impl.RoleInfo (RoleInfo.java:updateAndGet(143)) - 893cf03e-f2cf-478a-892a-a746717e50e3: start FollowerState
2019-10-18 13:01:28,555 [018b3f78-d19f-4e26-a796-cb8ddc4f97cf@group-187684C21557-LeaderElection81] INFO  impl.LeaderElection (LeaderElection.java:logAndReturn(56)) - 018b3f78-d19f-4e26-a796-cb8ddc4f97cf@group-187684C21557-LeaderElection81: Election TIMEOUT; received 0 response(s) [] and 0 exception(s); 018b3f78-d19f-4e26-a796-cb8ddc4f97cf@group-187684C21557:t27, leader=null, voted=018b3f78-d19f-4e26-a796-cb8ddc4f97cf, raftlog=018b3f78-d19f-4e26-a796-cb8ddc4f97cf@group-187684C21557-SegmentedRaftLog:OPENED:c-1,f-1,i0, conf=-1: [893cf03e-f2cf-478a-892a-a746717e50e3:192.168.34.56:40750, 8697df36-98d2-41b1-bdc7-60597b3b5526:192.168.34.56:46415, 018b3f78-d19f-4e26-a796-cb8ddc4f97cf:192.168.34.56:35845], old=null
2019-10-18 13:01:28,567 [Thread-868] INFO  impl.FollowerState (FollowerState.java:run(108)) - c124d131-afb9-4343-ad4e-aaebde613043@group-FF4202234884-FollowerState: change to CANDIDATE, lastRpcTime:20ms, electionTimeout:20ms
2019-10-18 13:01:28,567 [Thread-868] INFO  impl.RoleInfo (RoleInfo.java:shutdownFollowerState(121)) - c124d131-afb9-4343-ad4e-aaebde613043: shutdown FollowerState
2019-10-18 13:01:28,567 [Thread-868] INFO  impl.RaftServerImpl (RaftServerImpl.java:setRole(184)) - c124d131-afb9-4343-ad4e-aaebde613043@group-FF4202234884: changes role from  FOLLOWER to CANDIDATE at term 30 for changeToCandidate
2019-10-18 13:01:28,567 [Thread-868] INFO  impl.RoleInfo (RoleInfo.java:updateAndGet(143)) - c124d131-afb9-4343-ad4e-aaebde613043: start LeaderElection
2019-10-18 13:01:28,661 [018b3f78-d19f-4e26-a796-cb8ddc4f97cf@group-187684C21557-LeaderElection81] INFO  impl.LeaderElection (LeaderElection.java:askForVotes(178)) - 018b3f78-d19f-4e26-a796-cb8ddc4f97cf@group-187684C21557-LeaderElection81: begin an election at term 28 for -1: [893cf03e-f2cf-478a-892a-a746717e50e3:192.168.34.56:40750, 8697df36-98d2-41b1-bdc7-60597b3b5526:192.168.34.56:46415, 018b3f78-d19f-4e26-a796-cb8ddc4f97cf:192.168.34.56:35845], old=null
2019-10-18 13:01:28,666 [grpc-default-executor-8] INFO  impl.RaftServerImpl (RaftServerImpl.java:setRole(184)) - 8697df36-98d2-41b1-bdc7-60597b3b5526@group-187684C21557: changes role from  FOLLOWER to FOLLOWER at term 28 for recognizeCandidate:018b3f78-d19f-4e26-a796-cb8ddc4f97cf
2019-10-18 13:01:28,666 [grpc-default-executor-0] INFO  impl.RaftServerImpl (RaftServerImpl.java:setRole(184)) - 893cf03e-f2cf-478a-892a-a746717e50e3@group-187684C21557: changes role from  FOLLOWER to FOLLOWER at term 28 for recognizeCandidate:018b3f78-d19f-4e26-a796-cb8ddc4f97cf
2019-10-18 13:01:28,666 [grpc-default-executor-8] INFO  impl.RoleInfo (RoleInfo.java:shutdownFollowerState(121)) - 8697df36-98d2-41b1-bdc7-60597b3b5526: shutdown FollowerState
2019-10-18 13:01:28,666 [grpc-default-executor-0] INFO  impl.RoleInfo (RoleInfo.java:shutdownFollowerState(121)) - 893cf03e-f2cf-478a-892a-a746717e50e3: shutdown FollowerState
2019-10-18 13:01:28,666 [Thread-867] INFO  impl.FollowerState (FollowerState.java:run(117)) - 8697df36-98d2-41b1-bdc7-60597b3b5526@group-187684C21557-FollowerState was interrupted: java.lang.InterruptedException: sleep interrupted
2019-10-18 13:01:28,666 [grpc-default-executor-8] INFO  impl.RoleInfo (RoleInfo.java:updateAndGet(143)) - 8697df36-98d2-41b1-bdc7-60597b3b5526: start FollowerState
2019-10-18 13:01:28,667 [grpc-default-executor-0] INFO  impl.RoleInfo (RoleInfo.java:updateAndGet(143)) - 893cf03e-f2cf-478a-892a-a746717e50e3: start FollowerState
2019-10-18 13:01:28,667 [Thread-869] INFO  impl.FollowerState (FollowerState.java:run(117)) - 893cf03e-f2cf-478a-892a-a746717e50e3@group-187684C21557-FollowerState was interrupted: java.lang.InterruptedException: sleep interrupted
2019-10-18 13:01:28,699 [c124d131-afb9-4343-ad4e-aaebde613043@group-FF4202234884-LeaderElection82] INFO  impl.LeaderElection (LeaderElection.java:askForVotes(178)) - c124d131-afb9-4343-ad4e-aaebde613043@group-FF4202234884-LeaderElection82: begin an election at term 31 for -1: [999343e7-0330-4874-a345-91eca72585e0:192.168.34.56:44872, c124d131-afb9-4343-ad4e-aaebde613043:192.168.34.56:42116, e5bb327f-cdd7-4e49-919e-13a4c895fddf:192.168.34.56:36658], old=null
2019-10-18 13:01:28,702 [grpc-default-executor-2] INFO  impl.RaftServerImpl (RaftServerImpl.java:setRole(184)) - e5bb327f-cdd7-4e49-919e-13a4c895fddf@group-FF4202234884: changes role from  FOLLOWER to FOLLOWER at term 31 for recognizeCandidate:c124d131-afb9-4343-ad4e-aaebde613043
2019-10-18 13:01:28,702 [grpc-default-executor-5] INFO  impl.RaftServerImpl (RaftServerImpl.java:setRole(184)) - 999343e7-0330-4874-a345-91eca72585e0@group-FF4202234884: changes role from  FOLLOWER to FOLLOWER at term 31 for recognizeCandidate:c124d131-afb9-4343-ad4e-aaebde613043
2019-10-18 13:01:28,702 [grpc-default-executor-5] INFO  impl.RoleInfo (RoleInfo.java:shutdownFollowerState(121)) - 999343e7-0330-4874-a345-91eca72585e0: shutdown FollowerState
2019-10-18 13:01:28,702 [grpc-default-executor-2] INFO  impl.RoleInfo (RoleInfo.java:shutdownFollowerState(121)) - e5bb327f-cdd7-4e49-919e-13a4c895fddf: shutdown FollowerState
2019-10-18 13:01:28,702 [Thread-864] INFO  impl.FollowerState (FollowerState.java:run(117)) - 999343e7-0330-4874-a345-91eca72585e0@group-FF4202234884-FollowerState was interrupted: java.lang.InterruptedException: sleep interrupted
2019-10-18 13:01:28,702 [grpc-default-executor-5] INFO  impl.RoleInfo (RoleInfo.java:updateAndGet(143)) - 999343e7-0330-4874-a345-91eca72585e0: start FollowerState
2019-10-18 13:01:28,702 [Thread-863] INFO  impl.FollowerState (FollowerState.java:run(117)) - e5bb327f-cdd7-4e49-919e-13a4c895fddf@group-FF4202234884-FollowerState was interrupted: java.lang.InterruptedException: sleep interrupted
2019-10-18 13:01:28,702 [grpc-default-executor-2] INFO  impl.RoleInfo (RoleInfo.java:updateAndGet(143)) - e5bb327f-cdd7-4e49-919e-13a4c895fddf: start FollowerState
2019-10-18 13:01:28,710 [018b3f78-d19f-4e26-a796-cb8ddc4f97cf@group-187684C21557-LeaderElection81] INFO  impl.LeaderElection (LeaderElection.java:logAndReturn(56)) - 018b3f78-d19f-4e26-a796-cb8ddc4f97cf@group-187684C21557-LeaderElection81: Election REJECTED; received 2 response(s) [018b3f78-d19f-4e26-a796-cb8ddc4f97cf<-893cf03e-f2cf-478a-892a-a746717e50e3#0:FAIL-t28, 018b3f78-d19f-4e26-a796-cb8ddc4f97cf<-8697df36-98d2-41b1-bdc7-60597b3b5526#0:FAIL-t28] and 0 exception(s); 018b3f78-d19f-4e26-a796-cb8ddc4f97cf@group-187684C21557:t28, leader=null, voted=018b3f78-d19f-4e26-a796-cb8ddc4f97cf, raftlog=018b3f78-d19f-4e26-a796-cb8ddc4f97cf@group-187684C21557-SegmentedRaftLog:OPENED:c-1,f-1,i0, conf=-1: [893cf03e-f2cf-478a-892a-a746717e50e3:192.168.34.56:40750, 8697df36-98d2-41b1-bdc7-60597b3b5526:192.168.34.56:46415, 018b3f78-d19f-4e26-a796-cb8ddc4f97cf:192.168.34.56:35845], old=null
2019-10-18 13:01:28,711 [018b3f78-d19f-4e26-a796-cb8ddc4f97cf@group-187684C21557-LeaderElection81] INFO  impl.RaftServerImpl (RaftServerImpl.java:setRole(184)) - 018b3f78-d19f-4e26-a796-cb8ddc4f97cf@group-187684C21557: changes role from CANDIDATE to FOLLOWER at term 28 for DISCOVERED_A_NEW_TERM
2019-10-18 13:01:28,711 [018b3f78-d19f-4e26-a796-cb8ddc4f97cf@group-187684C21557-LeaderElection81] INFO  impl.RoleInfo (RoleInfo.java:shutdownLeaderElection(134)) - 018b3f78-d19f-4e26-a796-cb8ddc4f97cf: shutdown LeaderElection
2019-10-18 13:01:28,711 [018b3f78-d19f-4e26-a796-cb8ddc4f97cf@group-187684C21557-LeaderElection81] INFO  impl.RoleInfo (RoleInfo.java:updateAndGet(143)) - 018b3f78-d19f-4e26-a796-cb8ddc4f97cf: start FollowerState
2019-10-18 13:01:28,727 [c124d131-afb9-4343-ad4e-aaebde613043@group-FF4202234884-LeaderElection82] INFO  impl.LeaderElection (LeaderElection.java:logAndReturn(56)) - c124d131-afb9-4343-ad4e-aaebde613043@group-FF4202234884-LeaderElection82: Election TIMEOUT; received 0 response(s) [] and 0 exception(s); c124d131-afb9-4343-ad4e-aaebde613043@group-FF4202234884:t31, leader=null, voted=c124d131-afb9-4343-ad4e-aaebde613043, raftlog=c124d131-afb9-4343-ad4e-aaebde613043@group-FF4202234884-SegmentedRaftLog:OPENED:c-1,f-1,i0, conf=-1: [999343e7-0330-4874-a345-91eca72585e0:192.168.34.56:44872, c124d131-afb9-4343-ad4e-aaebde613043:192.168.34.56:42116, e5bb327f-cdd7-4e49-919e-13a4c895fddf:192.168.34.56:36658], old=null
2019-10-18 13:01:28,807 [Thread-879] INFO  impl.FollowerState (FollowerState.java:run(108)) - 018b3f78-d19f-4e26-a796-cb8ddc4f97cf@group-187684C21557-FollowerState: change to CANDIDATE, lastRpcTime:95ms, electionTimeout:95ms
2019-10-18 13:01:28,807 [Thread-879] INFO  impl.RoleInfo (RoleInfo.java:shutdownFollowerState(121)) - 018b3f78-d19f-4e26-a796-cb8ddc4f97cf: shutdown FollowerState
2019-10-18 13:01:28,807 [Thread-879] INFO  impl.RaftServerImpl (RaftServerImpl.java:setRole(184)) - 018b3f78-d19f-4e26-a796-cb8ddc4f97cf@group-187684C21557: changes role from  FOLLOWER to CANDIDATE at term 28 for changeToCandidate
2019-10-18 13:01:28,808 [Thread-879] INFO  impl.RoleInfo (RoleInfo.java:updateAndGet(143)) - 018b3f78-d19f-4e26-a796-cb8ddc4f97cf: start LeaderElection
2019-10-18 13:01:28,816 [c124d131-afb9-4343-ad4e-aaebde613043@group-FF4202234884-LeaderElection82] INFO  impl.LeaderElection (LeaderElection.java:askForVotes(178)) - c124d131-afb9-4343-ad4e-aaebde613043@group-FF4202234884-LeaderElection82: begin an election at term 32 for -1: [999343e7-0330-4874-a345-91eca72585e0:192.168.34.56:44872, c124d131-afb9-4343-ad4e-aaebde613043:192.168.34.56:42116, e5bb327f-cdd7-4e49-919e-13a4c895fddf:192.168.34.56:36658], old=null
2019-10-18 13:01:28,821 [grpc-default-executor-2] INFO  impl.RaftServerImpl (RaftServerImpl.java:setRole(184)) - e5bb327f-cdd7-4e49-919e-13a4c895fddf@group-FF4202234884: changes role from  FOLLOWER to FOLLOWER at term 32 for recognizeCandidate:c124d131-afb9-4343-ad4e-aaebde613043
2019-10-18 13:01:28,821 [grpc-default-executor-5] INFO  impl.RaftServerImpl (RaftServerImpl.java:setRole(184)) - 999343e7-0330-4874-a345-91eca72585e0@group-FF4202234884: changes role from  FOLLOWER to FOLLOWER at term 32 for recognizeCandidate:c124d131-afb9-4343-ad4e-aaebde613043
2019-10-18 13:01:28,821 [grpc-default-executor-2] INFO  impl.RoleInfo (RoleInfo.java:shutdownFollowerState(121)) - e5bb327f-cdd7-4e49-919e-13a4c895fddf: shutdown FollowerState
2019-10-18 13:01:28,821 [grpc-default-executor-5] INFO  impl.RoleInfo (RoleInfo.java:shutdownFollowerState(121)) - 999343e7-0330-4874-a345-91eca72585e0: shutdown FollowerState
2019-10-18 13:01:28,821 [Thread-878] INFO  impl.FollowerState (FollowerState.java:run(117)) - e5bb327f-cdd7-4e49-919e-13a4c895fddf@group-FF4202234884-FollowerState was interrupted: java.lang.InterruptedException: sleep interrupted
2019-10-18 13:01:28,821 [Thread-877] INFO  impl.FollowerState (FollowerState.java:run(117)) - 999343e7-0330-4874-a345-91eca72585e0@group-FF4202234884-FollowerState was interrupted: java.lang.InterruptedException: sleep interrupted
2019-10-18 13:01:28,821 [grpc-default-executor-5] INFO  impl.RoleInfo (RoleInfo.java:updateAndGet(143)) - 999343e7-0330-4874-a345-91eca72585e0: start FollowerState
2019-10-18 13:01:28,821 [grpc-default-executor-2] INFO  impl.RoleInfo (RoleInfo.java:updateAndGet(143)) - e5bb327f-cdd7-4e49-919e-13a4c895fddf: start FollowerState
2019-10-18 13:01:28,945 [c124d131-afb9-4343-ad4e-aaebde613043@group-FF4202234884-LeaderElection82] INFO  impl.LeaderElection (LeaderElection.java:logAndReturn(56)) - c124d131-afb9-4343-ad4e-aaebde613043@group-FF4202234884-LeaderElection82: Election TIMEOUT; received 0 response(s) [] and 0 exception(s); c124d131-afb9-4343-ad4e-aaebde613043@group-FF4202234884:t32, leader=null, voted=c124d131-afb9-4343-ad4e-aaebde613043, raftlog=c124d131-afb9-4343-ad4e-aaebde613043@group-FF4202234884-SegmentedRaftLog:OPENED:c-1,f-1,i0, conf=-1: [999343e7-0330-4874-a345-91eca72585e0:192.168.34.56:44872, c124d131-afb9-4343-ad4e-aaebde613043:192.168.34.56:42116, e5bb327f-cdd7-4e49-919e-13a4c895fddf:192.168.34.56:36658], old=null
2019-10-18 13:01:28,981 [018b3f78-d19f-4e26-a796-cb8ddc4f97cf@group-187684C21557-LeaderElection83] INFO  impl.LeaderElection (LeaderElection.java:askForVotes(178)) - 018b3f78-d19f-4e26-a796-cb8ddc4f97cf@group-187684C21557-LeaderElection83: begin an election at term 29 for -1: [893cf03e-f2cf-478a-892a-a746717e50e3:192.168.34.56:40750, 8697df36-98d2-41b1-bdc7-60597b3b5526:192.168.34.56:46415, 018b3f78-d19f-4e26-a796-cb8ddc4f97cf:192.168.34.56:35845], old=null
2019-10-18 13:01:28,984 [grpc-default-executor-0] INFO  impl.RaftServerImpl (RaftServerImpl.java:setRole(184)) - 8697df36-98d2-41b1-bdc7-60597b3b5526@group-187684C21557: changes role from  FOLLOWER to FOLLOWER at term 29 for recognizeCandidate:018b3f78-d19f-4e26-a796-cb8ddc4f97cf
2019-10-18 13:01:28,984 [grpc-default-executor-8] INFO  impl.RaftServerImpl (RaftServerImpl.java:setRole(184)) - 893cf03e-f2cf-478a-892a-a746717e50e3@group-187684C21557: changes role from  FOLLOWER to FOLLOWER at term 29 for recognizeCandidate:018b3f78-d19f-4e26-a796-cb8ddc4f97cf
2019-10-18 13:01:28,984 [grpc-default-executor-0] INFO  impl.RoleInfo (RoleInfo.java:shutdownFollowerState(121)) - 8697df36-98d2-41b1-bdc7-60597b3b5526: shutdown FollowerState
2019-10-18 13:01:28,984 [grpc-default-executor-8] INFO  impl.RoleInfo (RoleInfo.java:shutdownFollowerState(121)) - 893cf03e-f2cf-478a-892a-a746717e50e3: shutdown FollowerState
2019-10-18 13:01:28,985 [grpc-default-executor-0] INFO  impl.RoleInfo (RoleInfo.java:updateAndGet(143)) - 8697df36-98d2-41b1-bdc7-60597b3b5526: start FollowerState
2019-10-18 13:01:28,985 [Thread-874] INFO  impl.FollowerState (FollowerState.java:run(117)) - 893cf03e-f2cf-478a-892a-a746717e50e3@group-187684C21557-FollowerState was interrupted: java.lang.InterruptedException: sleep interrupted
2019-10-18 13:01:28,985 [grpc-default-executor-8] INFO  impl.RoleInfo (RoleInfo.java:updateAndGet(143)) - 893cf03e-f2cf-478a-892a-a746717e50e3: start FollowerState
2019-10-18 13:01:28,985 [Thread-873] INFO  impl.FollowerState (FollowerState.java:run(117)) - 8697df36-98d2-41b1-bdc7-60597b3b5526@group-187684C21557-FollowerState was interrupted: java.lang.InterruptedException: sleep interrupted
2019-10-18 13:01:28,995 [018b3f78-d19f-4e26-a796-cb8ddc4f97cf@group-187684C21557-LeaderElection83] INFO  impl.LeaderElection (LeaderElection.java:logAndReturn(56)) - 018b3f78-d19f-4e26-a796-cb8ddc4f97cf@group-187684C21557-LeaderElection83: Election TIMEOUT; received 0 response(s) [] and 0 exception(s); 018b3f78-d19f-4e26-a796-cb8ddc4f97cf@group-187684C21557:t29, leader=null, voted=018b3f78-d19f-4e26-a796-cb8ddc4f97cf, raftlog=018b3f78-d19f-4e26-a796-cb8ddc4f97cf@group-187684C21557-SegmentedRaftLog:OPENED:c-1,f-1,i0, conf=-1: [893cf03e-f2cf-478a-892a-a746717e50e3:192.168.34.56:40750, 8697df36-98d2-41b1-bdc7-60597b3b5526:192.168.34.56:46415, 018b3f78-d19f-4e26-a796-cb8ddc4f97cf:192.168.34.56:35845], old=null
2019-10-18 13:01:29,114 [018b3f78-d19f-4e26-a796-cb8ddc4f97cf@group-187684C21557-LeaderElection83] INFO  impl.LeaderElection (LeaderElection.java:askForVotes(178)) - 018b3f78-d19f-4e26-a796-cb8ddc4f97cf@group-187684C21557-LeaderElection83: begin an election at term 30 for -1: [893cf03e-f2cf-478a-892a-a746717e50e3:192.168.34.56:40750, 8697df36-98d2-41b1-bdc7-60597b3b5526:192.168.34.56:46415, 018b3f78-d19f-4e26-a796-cb8ddc4f97cf:192.168.34.56:35845], old=null
2019-10-18 13:01:29,114 [c124d131-afb9-4343-ad4e-aaebde613043@group-FF4202234884-LeaderElection82] INFO  impl.LeaderElection (LeaderElection.java:askForVotes(178)) - c124d131-afb9-4343-ad4e-aaebde613043@group-FF4202234884-LeaderElection82: begin an election at term 33 for -1: [999343e7-0330-4874-a345-91eca72585e0:192.168.34.56:44872, c124d131-afb9-4343-ad4e-aaebde613043:192.168.34.56:42116, e5bb327f-cdd7-4e49-919e-13a4c895fddf:192.168.34.56:36658], old=null
2019-10-18 13:01:29,123 [grpc-default-executor-8] INFO  impl.RaftServerImpl (RaftServerImpl.java:setRole(184)) - 893cf03e-f2cf-478a-892a-a746717e50e3@group-187684C21557: changes role from  FOLLOWER to FOLLOWER at term 30 for recognizeCandidate:018b3f78-d19f-4e26-a796-cb8ddc4f97cf
2019-10-18 13:01:29,123 [grpc-default-executor-0] INFO  impl.RaftServerImpl (RaftServerImpl.java:setRole(184)) - e5bb327f-cdd7-4e49-919e-13a4c895fddf@group-FF4202234884: changes role from  FOLLOWER to FOLLOWER at term 33 for recognizeCandidate:c124d131-afb9-4343-ad4e-aaebde613043
2019-10-18 13:01:29,123 [grpc-default-executor-8] INFO  impl.RoleInfo (RoleInfo.java:shutdownFollowerState(121)) - 893cf03e-f2cf-478a-892a-a746717e50e3: shutdown FollowerState
2019-10-18 13:01:29,123 [grpc-default-executor-0] INFO  impl.RoleInfo (RoleInfo.java:shutdownFollowerState(121)) - e5bb327f-cdd7-4e49-919e-13a4c895fddf: shutdown FollowerState
2019-10-18 13:01:29,123 [Thread-890] INFO  impl.FollowerState (FollowerState.java:run(117)) - 893cf03e-f2cf-478a-892a-a746717e50e3@group-187684C21557-FollowerState was interrupted: java.lang.InterruptedException: sleep interrupted
2019-10-18 13:01:29,123 [grpc-default-executor-8] INFO  impl.RoleInfo (RoleInfo.java:updateAndGet(143)) - 893cf03e-f2cf-478a-892a-a746717e50e3: start FollowerState
2019-10-18 13:01:29,123 [grpc-default-executor-2] INFO  impl.RaftServerImpl (RaftServerImpl.java:setRole(184)) - 8697df36-98d2-41b1-bdc7-60597b3b5526@group-187684C21557: changes role from  FOLLOWER to FOLLOWER at term 30 for recognizeCandidate:018b3f78-d19f-4e26-a796-cb8ddc4f97cf
2019-10-18 13:01:29,123 [grpc-default-executor-5] INFO  impl.RaftServerImpl (RaftServerImpl.java:setRole(184)) - 999343e7-0330-4874-a345-91eca72585e0@group-FF4202234884: changes role from  FOLLOWER to FOLLOWER at term 33 for recognizeCandidate:c124d131-afb9-4343-ad4e-aaebde613043
2019-10-18 13:01:29,123 [Thread-884] INFO  impl.FollowerState (FollowerState.java:run(117)) - e5bb327f-cdd7-4e49-919e-13a4c895fddf@group-FF4202234884-FollowerState was interrupted: java.lang.InterruptedException: sleep interrupted
2019-10-18 13:01:29,123 [grpc-default-executor-0] INFO  impl.RoleInfo (RoleInfo.java:updateAndGet(143)) - e5bb327f-cdd7-4e49-919e-13a4c895fddf: start FollowerState
2019-10-18 13:01:29,124 [grpc-default-executor-5] INFO  impl.RoleInfo (RoleInfo.java:shutdownFollowerState(121)) - 999343e7-0330-4874-a345-91eca72585e0: shutdown FollowerState
2019-10-18 13:01:29,123 [grpc-default-executor-2] INFO  impl.RoleInfo (RoleInfo.java:shutdownFollowerState(121)) - 8697df36-98d2-41b1-bdc7-60597b3b5526: shutdown FollowerState
2019-10-18 13:01:29,124 [Thread-885] INFO  impl.FollowerState (FollowerState.java:run(117)) - 999343e7-0330-4874-a345-91eca72585e0@group-FF4202234884-FollowerState was interrupted: java.lang.InterruptedException: sleep interrupted
2019-10-18 13:01:29,124 [grpc-default-executor-5] INFO  impl.RoleInfo (RoleInfo.java:updateAndGet(143)) - 999343e7-0330-4874-a345-91eca72585e0: start FollowerState
2019-10-18 13:01:29,124 [Thread-889] INFO  impl.FollowerState (FollowerState.java:run(117)) - 8697df36-98d2-41b1-bdc7-60597b3b5526@group-187684C21557-FollowerState was interrupted: java.lang.InterruptedException: sleep interrupted
2019-10-18 13:01:29,124 [grpc-default-executor-2] INFO  impl.RoleInfo (RoleInfo.java:updateAndGet(143)) - 8697df36-98d2-41b1-bdc7-60597b3b5526: start FollowerState
2019-10-18 13:01:29,189 [018b3f78-d19f-4e26-a796-cb8ddc4f97cf@group-187684C21557-LeaderElection83] INFO  impl.LeaderElection (LeaderElection.java:logAndReturn(56)) - 018b3f78-d19f-4e26-a796-cb8ddc4f97cf@group-187684C21557-LeaderElection83: Election TIMEOUT; received 0 response(s) [] and 0 exception(s); 018b3f78-d19f-4e26-a796-cb8ddc4f97cf@group-187684C21557:t30, leader=null, voted=018b3f78-d19f-4e26-a796-cb8ddc4f97cf, raftlog=018b3f78-d19f-4e26-a796-cb8ddc4f97cf@group-187684C21557-SegmentedRaftLog:OPENED:c-1,f-1,i0, conf=-1: [893cf03e-f2cf-478a-892a-a746717e50e3:192.168.34.56:40750, 8697df36-98d2-41b1-bdc7-60597b3b5526:192.168.34.56:46415, 018b3f78-d19f-4e26-a796-cb8ddc4f97cf:192.168.34.56:35845], old=null
2019-10-18 13:01:29,202 [c124d131-afb9-4343-ad4e-aaebde613043@group-FF4202234884-LeaderElection82] INFO  impl.LeaderElection (LeaderElection.java:logAndReturn(56)) - c124d131-afb9-4343-ad4e-aaebde613043@group-FF4202234884-LeaderElection82: Election TIMEOUT; received 0 response(s) [] and 0 exception(s); c124d131-afb9-4343-ad4e-aaebde613043@group-FF4202234884:t33, leader=null, voted=c124d131-afb9-4343-ad4e-aaebde613043, raftlog=c124d131-afb9-4343-ad4e-aaebde613043@group-FF4202234884-SegmentedRaftLog:OPENED:c-1,f-1,i0, conf=-1: [999343e7-0330-4874-a345-91eca72585e0:192.168.34.56:44872, c124d131-afb9-4343-ad4e-aaebde613043:192.168.34.56:42116, e5bb327f-cdd7-4e49-919e-13a4c895fddf:192.168.34.56:36658], old=null
2019-10-18 13:01:29,269 [018b3f78-d19f-4e26-a796-cb8ddc4f97cf@group-187684C21557-LeaderElection83] INFO  impl.LeaderElection (LeaderElection.java:askForVotes(178)) - 018b3f78-d19f-4e26-a796-cb8ddc4f97cf@group-187684C21557-LeaderElection83: begin an election at term 31 for -1: [893cf03e-f2cf-478a-892a-a746717e50e3:192.168.34.56:40750, 8697df36-98d2-41b1-bdc7-60597b3b5526:192.168.34.56:46415, 018b3f78-d19f-4e26-a796-cb8ddc4f97cf:192.168.34.56:35845], old=null
2019-10-18 13:01:29,269 [c124d131-afb9-4343-ad4e-aaebde613043@group-FF4202234884-LeaderElection82] INFO  impl.LeaderElection (LeaderElection.java:askForVotes(178)) - c124d131-afb9-4343-ad4e-aaebde613043@group-FF4202234884-LeaderElection82: begin an election at term 34 for -1: [999343e7-0330-4874-a345-91eca72585e0:192.168.34.56:44872, c124d131-afb9-4343-ad4e-aaebde613043:192.168.34.56:42116, e5bb327f-cdd7-4e49-919e-13a4c895fddf:192.168.34.56:36658], old=null
2019-10-18 13:01:29,272 [grpc-default-executor-2] INFO  impl.RaftServerImpl (RaftServerImpl.java:setRole(184)) - 893cf03e-f2cf-478a-892a-a746717e50e3@group-187684C21557: changes role from  FOLLOWER to FOLLOWER at term 31 for recognizeCandidate:018b3f78-d19f-4e26-a796-cb8ddc4f97cf
2019-10-18 13:01:29,272 [grpc-default-executor-0] INFO  impl.RaftServerImpl (RaftServerImpl.java:setRole(184)) - e5bb327f-cdd7-4e49-919e-13a4c895fddf@group-FF4202234884: changes role from  FOLLOWER to FOLLOWER at term 34 for recognizeCandidate:c124d131-afb9-4343-ad4e-aaebde613043
2019-10-18 13:01:29,272 [grpc-default-executor-5] INFO  impl.RaftServerImpl (RaftServerImpl.java:setRole(184)) - 8697df36-98d2-41b1-bdc7-60597b3b5526@group-187684C21557: changes role from  FOLLOWER to FOLLOWER at term 31 for recognizeCandidate:018b3f78-d19f-4e26-a796-cb8ddc4f97cf
2019-10-18 13:01:29,272 [grpc-default-executor-0] INFO  impl.RoleInfo (RoleInfo.java:shutdownFollowerState(121)) - e5bb327f-cdd7-4e49-919e-13a4c895fddf: shutdown FollowerState
2019-10-18 13:01:29,272 [grpc-default-executor-8] INFO  impl.RaftServerImpl (RaftServerImpl.java:setRole(184)) - 999343e7-0330-4874-a345-91eca72585e0@group-FF4202234884: changes role from  FOLLOWER to FOLLOWER at term 34 for recognizeCandidate:c124d131-afb9-4343-ad4e-aaebde613043
2019-10-18 13:01:29,273 [grpc-default-executor-8] INFO  impl.RoleInfo (RoleInfo.java:shutdownFollowerState(121)) - 999343e7-0330-4874-a345-91eca72585e0: shutdown FollowerState
2019-10-18 13:01:29,272 [grpc-default-executor-2] INFO  impl.RoleInfo (RoleInfo.java:shutdownFollowerState(121)) - 893cf03e-f2cf-478a-892a-a746717e50e3: shutdown FollowerState
2019-10-18 13:01:29,273 [Thread-897] INFO  impl.FollowerState (FollowerState.java:run(117)) - 999343e7-0330-4874-a345-91eca72585e0@group-FF4202234884-FollowerState was interrupted: java.lang.InterruptedException: sleep interrupted
2019-10-18 13:01:29,273 [grpc-default-executor-8] INFO  impl.RoleInfo (RoleInfo.java:updateAndGet(143)) - 999343e7-0330-4874-a345-91eca72585e0: start FollowerState
2019-10-18 13:01:29,273 [Thread-896] INFO  impl.FollowerState (FollowerState.java:run(117)) - e5bb327f-cdd7-4e49-919e-13a4c895fddf@group-FF4202234884-FollowerState was interrupted: java.lang.InterruptedException: sleep interrupted
2019-10-18 13:01:29,272 [grpc-default-executor-0] INFO  impl.RoleInfo (RoleInfo.java:updateAndGet(143)) - e5bb327f-cdd7-4e49-919e-13a4c895fddf: start FollowerState
2019-10-18 13:01:29,272 [grpc-default-executor-5] INFO  impl.RoleInfo (RoleInfo.java:shutdownFollowerState(121)) - 8697df36-98d2-41b1-bdc7-60597b3b5526: shutdown FollowerState
2019-10-18 13:01:29,273 [grpc-default-executor-2] INFO  impl.RoleInfo (RoleInfo.java:updateAndGet(143)) - 893cf03e-f2cf-478a-892a-a746717e50e3: start FollowerState
2019-10-18 13:01:29,273 [Thread-895] INFO  impl.FollowerState (FollowerState.java:run(117)) - 893cf03e-f2cf-478a-892a-a746717e50e3@group-187684C21557-FollowerState was interrupted: java.lang.InterruptedException: sleep interrupted
2019-10-18 13:01:29,274 [Thread-898] INFO  impl.FollowerState (FollowerState.java:run(117)) - 8697df36-98d2-41b1-bdc7-60597b3b5526@group-187684C21557-FollowerState was interrupted: java.lang.InterruptedException: sleep interrupted
2019-10-18 13:01:29,273 [grpc-default-executor-5] INFO  impl.RoleInfo (RoleInfo.java:updateAndGet(143)) - 8697df36-98d2-41b1-bdc7-60597b3b5526: start FollowerState
2019-10-18 13:01:29,299 [c124d131-afb9-4343-ad4e-aaebde613043@group-FF4202234884-LeaderElection82] INFO  impl.LeaderElection (LeaderElection.java:logAndReturn(56)) - c124d131-afb9-4343-ad4e-aaebde613043@group-FF4202234884-LeaderElection82: Election REJECTED; received 2 response(s) [c124d131-afb9-4343-ad4e-aaebde613043<-999343e7-0330-4874-a345-91eca72585e0#0:FAIL-t34, c124d131-afb9-4343-ad4e-aaebde613043<-e5bb327f-cdd7-4e49-919e-13a4c895fddf#0:FAIL-t34] and 0 exception(s); c124d131-afb9-4343-ad4e-aaebde613043@group-FF4202234884:t34, leader=null, voted=c124d131-afb9-4343-ad4e-aaebde613043, raftlog=c124d131-afb9-4343-ad4e-aaebde613043@group-FF4202234884-SegmentedRaftLog:OPENED:c-1,f-1,i0, conf=-1: [999343e7-0330-4874-a345-91eca72585e0:192.168.34.56:44872, c124d131-afb9-4343-ad4e-aaebde613043:192.168.34.56:42116, e5bb327f-cdd7-4e49-919e-13a4c895fddf:192.168.34.56:36658], old=null
2019-10-18 13:01:29,299 [018b3f78-d19f-4e26-a796-cb8ddc4f97cf@group-187684C21557-LeaderElection83] INFO  impl.LeaderElection (LeaderElection.java:logAndReturn(56)) - 018b3f78-d19f-4e26-a796-cb8ddc4f97cf@group-187684C21557-LeaderElection83: Election REJECTED; received 2 response(s) [018b3f78-d19f-4e26-a796-cb8ddc4f97cf<-893cf03e-f2cf-478a-892a-a746717e50e3#0:FAIL-t31, 018b3f78-d19f-4e26-a796-cb8ddc4f97cf<-8697df36-98d2-41b1-bdc7-60597b3b5526#0:FAIL-t31] and 0 exception(s); 018b3f78-d19f-4e26-a796-cb8ddc4f97cf@group-187684C21557:t31, leader=null, voted=018b3f78-d19f-4e26-a796-cb8ddc4f97cf, raftlog=018b3f78-d19f-4e26-a796-cb8ddc4f97cf@group-187684C21557-SegmentedRaftLog:OPENED:c-1,f-1,i0, conf=-1: [893cf03e-f2cf-478a-892a-a746717e50e3:192.168.34.56:40750, 8697df36-98d2-41b1-bdc7-60597b3b5526:192.168.34.56:46415, 018b3f78-d19f-4e26-a796-cb8ddc4f97cf:192.168.34.56:35845], old=null
2019-10-18 13:01:29,299 [c124d131-afb9-4343-ad4e-aaebde613043@group-FF4202234884-LeaderElection82] INFO  impl.RaftServerImpl (RaftServerImpl.java:setRole(184)) - c124d131-afb9-4343-ad4e-aaebde613043@group-FF4202234884: changes role from CANDIDATE to FOLLOWER at term 34 for DISCOVERED_A_NEW_TERM
2019-10-18 13:01:29,299 [018b3f78-d19f-4e26-a796-cb8ddc4f97cf@group-187684C21557-LeaderElection83] INFO  impl.RaftServerImpl (RaftServerImpl.java:setRole(184)) - 018b3f78-d19f-4e26-a796-cb8ddc4f97cf@group-187684C21557: changes role from CANDIDATE to FOLLOWER at term 31 for DISCOVERED_A_NEW_TERM
2019-10-18 13:01:29,299 [c124d131-afb9-4343-ad4e-aaebde613043@group-FF4202234884-LeaderElection82] INFO  impl.RoleInfo (RoleInfo.java:shutdownLeaderElection(134)) - c124d131-afb9-4343-ad4e-aaebde613043: shutdown LeaderElection
2019-10-18 13:01:29,299 [018b3f78-d19f-4e26-a796-cb8ddc4f97cf@group-187684C21557-LeaderElection83] INFO  impl.RoleInfo (RoleInfo.java:shutdownLeaderElection(134)) - 018b3f78-d19f-4e26-a796-cb8ddc4f97cf: shutdown LeaderElection
2019-10-18 13:01:29,299 [c124d131-afb9-4343-ad4e-aaebde613043@group-FF4202234884-LeaderElection82] INFO  impl.RoleInfo (RoleInfo.java:updateAndGet(143)) - c124d131-afb9-4343-ad4e-aaebde613043: start FollowerState
2019-10-18 13:01:29,299 [018b3f78-d19f-4e26-a796-cb8ddc4f97cf@group-187684C21557-LeaderElection83] INFO  impl.RoleInfo (RoleInfo.java:updateAndGet(143)) - 018b3f78-d19f-4e26-a796-cb8ddc4f97cf: start FollowerState
2019-10-18 13:01:29,364 [Thread-909] INFO  impl.FollowerState (FollowerState.java:run(108)) - 018b3f78-d19f-4e26-a796-cb8ddc4f97cf@group-187684C21557-FollowerState: change to CANDIDATE, lastRpcTime:64ms, electionTimeout:64ms
2019-10-18 13:01:29,364 [Thread-909] INFO  impl.RoleInfo (RoleInfo.java:shutdownFollowerState(121)) - 018b3f78-d19f-4e26-a796-cb8ddc4f97cf: shutdown FollowerState
2019-10-18 13:01:29,364 [Thread-909] INFO  impl.RaftServerImpl (RaftServerImpl.java:setRole(184)) - 018b3f78-d19f-4e26-a796-cb8ddc4f97cf@group-187684C21557: changes role from  FOLLOWER to CANDIDATE at term 31 for changeToCandidate
2019-10-18 13:01:29,364 [Thread-909] INFO  impl.RoleInfo (RoleInfo.java:updateAndGet(143)) - 018b3f78-d19f-4e26-a796-cb8ddc4f97cf: start LeaderElection
2019-10-18 13:01:29,402 [Thread-908] INFO  impl.FollowerState (FollowerState.java:run(108)) - c124d131-afb9-4343-ad4e-aaebde613043@group-FF4202234884-FollowerState: change to CANDIDATE, lastRpcTime:102ms, electionTimeout:102ms
2019-10-18 13:01:29,402 [Thread-908] INFO  impl.RoleInfo (RoleInfo.java:shutdownFollowerState(121)) - c124d131-afb9-4343-ad4e-aaebde613043: shutdown FollowerState
2019-10-18 13:01:29,402 [Thread-908] INFO  impl.RaftServerImpl (RaftServerImpl.java:setRole(184)) - c124d131-afb9-4343-ad4e-aaebde613043@group-FF4202234884: changes role from  FOLLOWER to CANDIDATE at term 34 for changeToCandidate
2019-10-18 13:01:29,402 [Thread-908] INFO  impl.RoleInfo (RoleInfo.java:updateAndGet(143)) - c124d131-afb9-4343-ad4e-aaebde613043: start LeaderElection
2019-10-18 13:01:29,405 [018b3f78-d19f-4e26-a796-cb8ddc4f97cf@group-187684C21557-LeaderElection84] INFO  impl.LeaderElection (LeaderElection.java:askForVotes(178)) - 018b3f78-d19f-4e26-a796-cb8ddc4f97cf@group-187684C21557-LeaderElection84: begin an election at term 32 for -1: [893cf03e-f2cf-478a-892a-a746717e50e3:192.168.34.56:40750, 8697df36-98d2-41b1-bdc7-60597b3b5526:192.168.34.56:46415, 018b3f78-d19f-4e26-a796-cb8ddc4f97cf:192.168.34.56:35845], old=null
2019-10-18 13:01:29,409 [grpc-default-executor-8] INFO  impl.RaftServerImpl (RaftServerImpl.java:setRole(184)) - 893cf03e-f2cf-478a-892a-a746717e50e3@group-187684C21557: changes role from  FOLLOWER to FOLLOWER at term 32 for recognizeCandidate:018b3f78-d19f-4e26-a796-cb8ddc4f97cf
2019-10-18 13:01:29,409 [grpc-default-executor-0] INFO  impl.RaftServerImpl (RaftServerImpl.java:setRole(184)) - 8697df36-98d2-41b1-bdc7-60597b3b5526@group-187684C21557: changes role from  FOLLOWER to FOLLOWER at term 32 for recognizeCandidate:018b3f78-d19f-4e26-a796-cb8ddc4f97cf
2019-10-18 13:01:29,409 [grpc-default-executor-8] INFO  impl.RoleInfo (RoleInfo.java:shutdownFollowerState(121)) - 893cf03e-f2cf-478a-892a-a746717e50e3: shutdown FollowerState
2019-10-18 13:01:29,410 [grpc-default-executor-0] INFO  impl.RoleInfo (RoleInfo.java:shutdownFollowerState(121)) - 8697df36-98d2-41b1-bdc7-60597b3b5526: shutdown FollowerState
2019-10-18 13:01:29,410 [grpc-default-executor-8] INFO  impl.RoleInfo (RoleInfo.java:updateAndGet(143)) - 893cf03e-f2cf-478a-892a-a746717e50e3: start FollowerState
2019-10-18 13:01:29,410 [Thread-907] INFO  impl.FollowerState (FollowerState.java:run(117)) - 8697df36-98d2-41b1-bdc7-60597b3b5526@group-187684C21557-FollowerState was interrupted: java.lang.InterruptedException: sleep interrupted
2019-10-18 13:01:29,410 [grpc-default-executor-0] INFO  impl.RoleInfo (RoleInfo.java:updateAndGet(143)) - 8697df36-98d2-41b1-bdc7-60597b3b5526: start FollowerState
2019-10-18 13:01:29,410 [Thread-906] INFO  impl.FollowerState (FollowerState.java:run(117)) - 893cf03e-f2cf-478a-892a-a746717e50e3@group-187684C21557-FollowerState was interrupted: java.lang.InterruptedException: sleep interrupted
2019-10-18 13:01:29,423 [c124d131-afb9-4343-ad4e-aaebde613043@group-FF4202234884-LeaderElection85] INFO  impl.LeaderElection (LeaderElection.java:askForVotes(178)) - c124d131-afb9-4343-ad4e-aaebde613043@group-FF4202234884-LeaderElection85: begin an election at term 35 for -1: [999343e7-0330-4874-a345-91eca72585e0:192.168.34.56:44872, c124d131-afb9-4343-ad4e-aaebde613043:192.168.34.56:42116, e5bb327f-cdd7-4e49-919e-13a4c895fddf:192.168.34.56:36658], old=null
2019-10-18 13:01:29,425 [grpc-default-executor-5] INFO  impl.RaftServerImpl (RaftServerImpl.java:setRole(184)) - 999343e7-0330-4874-a345-91eca72585e0@group-FF4202234884: changes role from  FOLLOWER to FOLLOWER at term 35 for recognizeCandidate:c124d131-afb9-4343-ad4e-aaebde613043
2019-10-18 13:01:29,425 [grpc-default-executor-2] INFO  impl.RaftServerImpl (RaftServerImpl.java:setRole(184)) - e5bb327f-cdd7-4e49-919e-13a4c895fddf@group-FF4202234884: changes role from  FOLLOWER to FOLLOWER at term 35 for recognizeCandidate:c124d131-afb9-4343-ad4e-aaebde613043
2019-10-18 13:01:29,425 [grpc-default-executor-2] INFO  impl.RoleInfo (RoleInfo.java:shutdownFollowerState(121)) - e5bb327f-cdd7-4e49-919e-13a4c895fddf: shutdown FollowerState
2019-10-18 13:01:29,425 [grpc-default-executor-5] INFO  impl.RoleInfo (RoleInfo.java:shutdownFollowerState(121)) - 999343e7-0330-4874-a345-91eca72585e0: shutdown FollowerState
2019-10-18 13:01:29,425 [grpc-default-executor-2] INFO  impl.RoleInfo (RoleInfo.java:updateAndGet(143)) - e5bb327f-cdd7-4e49-919e-13a4c895fddf: start FollowerState
2019-10-18 13:01:29,425 [Thread-905] INFO  impl.FollowerState (FollowerState.java:run(117)) - 999343e7-0330-4874-a345-91eca72585e0@group-FF4202234884-FollowerState was interrupted: java.lang.InterruptedException: sleep interrupted
2019-10-18 13:01:29,425 [grpc-default-executor-5] INFO  impl.RoleInfo (RoleInfo.java:updateAndGet(143)) - 999343e7-0330-4874-a345-91eca72585e0: start FollowerState
2019-10-18 13:01:29,425 [Thread-904] INFO  impl.FollowerState (FollowerState.java:run(117)) - e5bb327f-cdd7-4e49-919e-13a4c895fddf@group-FF4202234884-FollowerState was interrupted: java.lang.InterruptedException: sleep interrupted
2019-10-18 13:01:29,434 [018b3f78-d19f-4e26-a796-cb8ddc4f97cf@group-187684C21557-LeaderElection84] INFO  impl.LeaderElection (LeaderElection.java:logAndReturn(56)) - 018b3f78-d19f-4e26-a796-cb8ddc4f97cf@group-187684C21557-LeaderElection84: Election REJECTED; received 2 response(s) [018b3f78-d19f-4e26-a796-cb8ddc4f97cf<-893cf03e-f2cf-478a-892a-a746717e50e3#0:FAIL-t32, 018b3f78-d19f-4e26-a796-cb8ddc4f97cf<-8697df36-98d2-41b1-bdc7-60597b3b5526#0:FAIL-t32] and 0 exception(s); 018b3f78-d19f-4e26-a796-cb8ddc4f97cf@group-187684C21557:t32, leader=null, voted=018b3f78-d19f-4e26-a796-cb8ddc4f97cf, raftlog=018b3f78-d19f-4e26-a796-cb8ddc4f97cf@group-187684C21557-SegmentedRaftLog:OPENED:c-1,f-1,i0, conf=-1: [893cf03e-f2cf-478a-892a-a746717e50e3:192.168.34.56:40750, 8697df36-98d2-41b1-bdc7-60597b3b5526:192.168.34.56:46415, 018b3f78-d19f-4e26-a796-cb8ddc4f97cf:192.168.34.56:35845], old=null
2019-10-18 13:01:29,435 [018b3f78-d19f-4e26-a796-cb8ddc4f97cf@group-187684C21557-LeaderElection84] INFO  impl.RaftServerImpl (RaftServerImpl.java:setRole(184)) - 018b3f78-d19f-4e26-a796-cb8ddc4f97cf@group-187684C21557: changes role from CANDIDATE to FOLLOWER at term 32 for DISCOVERED_A_NEW_TERM
2019-10-18 13:01:29,435 [018b3f78-d19f-4e26-a796-cb8ddc4f97cf@group-187684C21557-LeaderElection84] INFO  impl.RoleInfo (RoleInfo.java:shutdownLeaderElection(134)) - 018b3f78-d19f-4e26-a796-cb8ddc4f97cf: shutdown LeaderElection
2019-10-18 13:01:29,435 [018b3f78-d19f-4e26-a796-cb8ddc4f97cf@group-187684C21557-LeaderElection84] INFO  impl.RoleInfo (RoleInfo.java:updateAndGet(143)) - 018b3f78-d19f-4e26-a796-cb8ddc4f97cf: start FollowerState
2019-10-18 13:01:29,455 [c124d131-afb9-4343-ad4e-aaebde613043@group-FF4202234884-LeaderElection85] INFO  impl.LeaderElection (LeaderElection.java:logAndReturn(56)) - c124d131-afb9-4343-ad4e-aaebde613043@group-FF4202234884-LeaderElection85: Election REJECTED; received 2 response(s) [c124d131-afb9-4343-ad4e-aaebde613043<-999343e7-0330-4874-a345-91eca72585e0#0:FAIL-t35, c124d131-afb9-4343-ad4e-aaebde613043<-e5bb327f-cdd7-4e49-919e-13a4c895fddf#0:FAIL-t35] and 0 exception(s); c124d131-afb9-4343-ad4e-aaebde613043@group-FF4202234884:t35, leader=null, voted=c124d131-afb9-4343-ad4e-aaebde613043, raftlog=c124d131-afb9-4343-ad4e-aaebde613043@group-FF4202234884-SegmentedRaftLog:OPENED:c-1,f-1,i0, conf=-1: [999343e7-0330-4874-a345-91eca72585e0:192.168.34.56:44872, c124d131-afb9-4343-ad4e-aaebde613043:192.168.34.56:42116, e5bb327f-cdd7-4e49-919e-13a4c895fddf:192.168.34.56:36658], old=null
2019-10-18 13:01:29,455 [c124d131-afb9-4343-ad4e-aaebde613043@group-FF4202234884-LeaderElection85] INFO  impl.RaftServerImpl (RaftServerImpl.java:setRole(184)) - c124d131-afb9-4343-ad4e-aaebde613043@group-FF4202234884: changes role from CANDIDATE to FOLLOWER at term 35 for DISCOVERED_A_NEW_TERM
2019-10-18 13:01:29,455 [c124d131-afb9-4343-ad4e-aaebde613043@group-FF4202234884-LeaderElection85] INFO  impl.RoleInfo (RoleInfo.java:shutdownLeaderElection(134)) - c124d131-afb9-4343-ad4e-aaebde613043: shutdown LeaderElection
2019-10-18 13:01:29,455 [c124d131-afb9-4343-ad4e-aaebde613043@group-FF4202234884-LeaderElection85] INFO  impl.RoleInfo (RoleInfo.java:updateAndGet(143)) - c124d131-afb9-4343-ad4e-aaebde613043: start FollowerState
2019-10-18 13:01:29,574 [Thread-924] INFO  impl.FollowerState (FollowerState.java:run(108)) - c124d131-afb9-4343-ad4e-aaebde613043@group-FF4202234884-FollowerState: change to CANDIDATE, lastRpcTime:118ms, electionTimeout:118ms
2019-10-18 13:01:29,574 [Thread-924] INFO  impl.RoleInfo (RoleInfo.java:shutdownFollowerState(121)) - c124d131-afb9-4343-ad4e-aaebde613043: shutdown FollowerState
2019-10-18 13:01:29,574 [Thread-924] INFO  impl.RaftServerImpl (RaftServerImpl.java:setRole(184)) - c124d131-afb9-4343-ad4e-aaebde613043@group-FF4202234884: changes role from  FOLLOWER to CANDIDATE at term 35 for changeToCandidate
2019-10-18 13:01:29,574 [Thread-924] INFO  impl.RoleInfo (RoleInfo.java:updateAndGet(143)) - c124d131-afb9-4343-ad4e-aaebde613043: start LeaderElection
2019-10-18 13:01:29,596 [Thread-923] INFO  impl.FollowerState (FollowerState.java:run(108)) - 018b3f78-d19f-4e26-a796-cb8ddc4f97cf@group-187684C21557-FollowerState: change to CANDIDATE, lastRpcTime:161ms, electionTimeout:161ms
2019-10-18 13:01:29,597 [Thread-923] INFO  impl.RoleInfo (RoleInfo.java:shutdownFollowerState(121)) - 018b3f78-d19f-4e26-a796-cb8ddc4f97cf: shutdown FollowerState
2019-10-18 13:01:29,597 [Thread-923] INFO  impl.RaftServerImpl (RaftServerImpl.java:setRole(184)) - 018b3f78-d19f-4e26-a796-cb8ddc4f97cf@group-187684C21557: changes role from  FOLLOWER to CANDIDATE at term 32 for changeToCandidate
2019-10-18 13:01:29,597 [Thread-923] INFO  impl.RoleInfo (RoleInfo.java:updateAndGet(143)) - 018b3f78-d19f-4e26-a796-cb8ddc4f97cf: start LeaderElection
2019-10-18 13:01:29,629 [c124d131-afb9-4343-ad4e-aaebde613043@group-FF4202234884-LeaderElection86] INFO  impl.LeaderElection (LeaderElection.java:askForVotes(178)) - c124d131-afb9-4343-ad4e-aaebde613043@group-FF4202234884-LeaderElection86: begin an election at term 36 for -1: [999343e7-0330-4874-a345-91eca72585e0:192.168.34.56:44872, c124d131-afb9-4343-ad4e-aaebde613043:192.168.34.56:42116, e5bb327f-cdd7-4e49-919e-13a4c895fddf:192.168.34.56:36658], old=null
2019-10-18 13:01:29,632 [grpc-default-executor-5] INFO  impl.RaftServerImpl (RaftServerImpl.java:setRole(184)) - e5bb327f-cdd7-4e49-919e-13a4c895fddf@group-FF4202234884: changes role from  FOLLOWER to FOLLOWER at term 36 for recognizeCandidate:c124d131-afb9-4343-ad4e-aaebde613043
2019-10-18 13:01:29,632 [grpc-default-executor-2] INFO  impl.RaftServerImpl (RaftServerImpl.java:setRole(184)) - 999343e7-0330-4874-a345-91eca72585e0@group-FF4202234884: changes role from  FOLLOWER to FOLLOWER at term 36 for recognizeCandidate:c124d131-afb9-4343-ad4e-aaebde613043
2019-10-18 13:01:29,632 [grpc-default-executor-5] INFO  impl.RoleInfo (RoleInfo.java:shutdownFollowerState(121)) - e5bb327f-cdd7-4e49-919e-13a4c895fddf: shutdown FollowerState
2019-10-18 13:01:29,632 [grpc-default-executor-2] INFO  impl.RoleInfo (RoleInfo.java:shutdownFollowerState(121)) - 999343e7-0330-4874-a345-91eca72585e0: shutdown FollowerState
2019-10-18 13:01:29,633 [Thread-921] INFO  impl.FollowerState (FollowerState.java:run(117)) - e5bb327f-cdd7-4e49-919e-13a4c895fddf@group-FF4202234884-FollowerState was interrupted: java.lang.InterruptedException: sleep interrupted
2019-10-18 13:01:29,632 [grpc-default-executor-5] INFO  impl.RoleInfo (RoleInfo.java:updateAndGet(143)) - e5bb327f-cdd7-4e49-919e-13a4c895fddf: start FollowerState
2019-10-18 13:01:29,633 [Thread-922] INFO  impl.FollowerState (FollowerState.java:run(117)) - 999343e7-0330-4874-a345-91eca72585e0@group-FF4202234884-FollowerState was interrupted: java.lang.InterruptedException: sleep interrupted
2019-10-18 13:01:29,633 [grpc-default-executor-2] INFO  impl.RoleInfo (RoleInfo.java:updateAndGet(143)) - 999343e7-0330-4874-a345-91eca72585e0: start FollowerState
2019-10-18 13:01:29,728 [018b3f78-d19f-4e26-a796-cb8ddc4f97cf@group-187684C21557-LeaderElection87] INFO  impl.LeaderElection (LeaderElection.java:askForVotes(178)) - 018b3f78-d19f-4e26-a796-cb8ddc4f97cf@group-187684C21557-LeaderElection87: begin an election at term 33 for -1: [893cf03e-f2cf-478a-892a-a746717e50e3:192.168.34.56:40750, 8697df36-98d2-41b1-bdc7-60597b3b5526:192.168.34.56:46415, 018b3f78-d19f-4e26-a796-cb8ddc4f97cf:192.168.34.56:35845], old=null
2019-10-18 13:01:29,732 [grpc-default-executor-0] INFO  impl.RaftServerImpl (RaftServerImpl.java:setRole(184)) - 893cf03e-f2cf-478a-892a-a746717e50e3@group-187684C21557: changes role from  FOLLOWER to FOLLOWER at term 33 for recognizeCandidate:018b3f78-d19f-4e26-a796-cb8ddc4f97cf
2019-10-18 13:01:29,732 [grpc-default-executor-7] INFO  impl.RaftServerImpl (RaftServerImpl.java:setRole(184)) - 8697df36-98d2-41b1-bdc7-60597b3b5526@group-187684C21557: changes role from  FOLLOWER to FOLLOWER at term 33 for recognizeCandidate:018b3f78-d19f-4e26-a796-cb8ddc4f97cf
2019-10-18 13:01:29,732 [grpc-default-executor-0] INFO  impl.RoleInfo (RoleInfo.java:shutdownFollowerState(121)) - 893cf03e-f2cf-478a-892a-a746717e50e3: shutdown FollowerState
2019-10-18 13:01:29,732 [grpc-default-executor-7] INFO  impl.RoleInfo (RoleInfo.java:shutdownFollowerState(121)) - 8697df36-98d2-41b1-bdc7-60597b3b5526: shutdown FollowerState
2019-10-18 13:01:29,733 [Thread-917] INFO  impl.FollowerState (FollowerState.java:run(117)) - 893cf03e-f2cf-478a-892a-a746717e50e3@group-187684C21557-FollowerState was interrupted: java.lang.InterruptedException: sleep interrupted
2019-10-18 13:01:29,732 [grpc-default-executor-0] INFO  impl.RoleInfo (RoleInfo.java:updateAndGet(143)) - 893cf03e-f2cf-478a-892a-a746717e50e3: start FollowerState
2019-10-18 13:01:29,733 [grpc-default-executor-7] INFO  impl.RoleInfo (RoleInfo.java:updateAndGet(143)) - 8697df36-98d2-41b1-bdc7-60597b3b5526: start FollowerState
2019-10-18 13:01:29,733 [Thread-918] INFO  impl.FollowerState (FollowerState.java:run(117)) - 8697df36-98d2-41b1-bdc7-60597b3b5526@group-187684C21557-FollowerState was interrupted: java.lang.InterruptedException: sleep interrupted
2019-10-18 13:01:29,740 [c124d131-afb9-4343-ad4e-aaebde613043@group-FF4202234884-LeaderElection86] INFO  impl.LeaderElection (LeaderElection.java:logAndReturn(56)) - c124d131-afb9-4343-ad4e-aaebde613043@group-FF4202234884-LeaderElection86: Election REJECTED; received 2 response(s) [c124d131-afb9-4343-ad4e-aaebde613043<-999343e7-0330-4874-a345-91eca72585e0#0:FAIL-t36, c124d131-afb9-4343-ad4e-aaebde613043<-e5bb327f-cdd7-4e49-919e-13a4c895fddf#0:FAIL-t36] and 0 exception(s); c124d131-afb9-4343-ad4e-aaebde613043@group-FF4202234884:t36, leader=null, voted=c124d131-afb9-4343-ad4e-aaebde613043, raftlog=c124d131-afb9-4343-ad4e-aaebde613043@group-FF4202234884-SegmentedRaftLog:OPENED:c-1,f-1,i0, conf=-1: [999343e7-0330-4874-a345-91eca72585e0:192.168.34.56:44872, c124d131-afb9-4343-ad4e-aaebde613043:192.168.34.56:42116, e5bb327f-cdd7-4e49-919e-13a4c895fddf:192.168.34.56:36658], old=null
2019-10-18 13:01:29,740 [c124d131-afb9-4343-ad4e-aaebde613043@group-FF4202234884-LeaderElection86] INFO  impl.RaftServerImpl (RaftServerImpl.java:setRole(184)) - c124d131-afb9-4343-ad4e-aaebde613043@group-FF4202234884: changes role from CANDIDATE to FOLLOWER at term 36 for DISCOVERED_A_NEW_TERM
2019-10-18 13:01:29,740 [c124d131-afb9-4343-ad4e-aaebde613043@group-FF4202234884-LeaderElection86] INFO  impl.RoleInfo (RoleInfo.java:shutdownLeaderElection(134)) - c124d131-afb9-4343-ad4e-aaebde613043: shutdown LeaderElection
2019-10-18 13:01:29,741 [c124d131-afb9-4343-ad4e-aaebde613043@group-FF4202234884-LeaderElection86] INFO  impl.RoleInfo (RoleInfo.java:updateAndGet(143)) - c124d131-afb9-4343-ad4e-aaebde613043: start FollowerState
2019-10-18 13:01:29,752 [018b3f78-d19f-4e26-a796-cb8ddc4f97cf@group-187684C21557-LeaderElection87] INFO  impl.LeaderElection (LeaderElection.java:logAndReturn(56)) - 018b3f78-d19f-4e26-a796-cb8ddc4f97cf@group-187684C21557-LeaderElection87: Election REJECTED; received 2 response(s) [018b3f78-d19f-4e26-a796-cb8ddc4f97cf<-893cf03e-f2cf-478a-892a-a746717e50e3#0:FAIL-t33, 018b3f78-d19f-4e26-a796-cb8ddc4f97cf<-8697df36-98d2-41b1-bdc7-60597b3b5526#0:FAIL-t33] and 0 exception(s); 018b3f78-d19f-4e26-a796-cb8ddc4f97cf@group-187684C21557:t33, leader=null, voted=018b3f78-d19f-4e26-a796-cb8ddc4f97cf, raftlog=018b3f78-d19f-4e26-a796-cb8ddc4f97cf@group-187684C21557-SegmentedRaftLog:OPENED:c-1,f-1,i0, conf=-1: [893cf03e-f2cf-478a-892a-a746717e50e3:192.168.34.56:40750, 8697df36-98d2-41b1-bdc7-60597b3b5526:192.168.34.56:46415, 018b3f78-d19f-4e26-a796-cb8ddc4f97cf:192.168.34.56:35845], old=null
2019-10-18 13:01:29,752 [018b3f78-d19f-4e26-a796-cb8ddc4f97cf@group-187684C21557-LeaderElection87] INFO  impl.RaftServerImpl (RaftServerImpl.java:setRole(184)) - 018b3f78-d19f-4e26-a796-cb8ddc4f97cf@group-187684C21557: changes role from CANDIDATE to FOLLOWER at term 33 for DISCOVERED_A_NEW_TERM
2019-10-18 13:01:29,752 [018b3f78-d19f-4e26-a796-cb8ddc4f97cf@group-187684C21557-LeaderElection87] INFO  impl.RoleInfo (RoleInfo.java:shutdownLeaderElection(134)) - 018b3f78-d19f-4e26-a796-cb8ddc4f97cf: shutdown LeaderElection
2019-10-18 13:01:29,752 [018b3f78-d19f-4e26-a796-cb8ddc4f97cf@group-187684C21557-LeaderElection87] INFO  impl.RoleInfo (RoleInfo.java:updateAndGet(143)) - 018b3f78-d19f-4e26-a796-cb8ddc4f97cf: start FollowerState
2019-10-18 13:01:29,804 [Thread-936] INFO  impl.FollowerState (FollowerState.java:run(108)) - c124d131-afb9-4343-ad4e-aaebde613043@group-FF4202234884-FollowerState: change to CANDIDATE, lastRpcTime:63ms, electionTimeout:63ms
2019-10-18 13:01:29,804 [Thread-936] INFO  impl.RoleInfo (RoleInfo.java:shutdownFollowerState(121)) - c124d131-afb9-4343-ad4e-aaebde613043: shutdown FollowerState
2019-10-18 13:01:29,804 [Thread-936] INFO  impl.RaftServerImpl (RaftServerImpl.java:setRole(184)) - c124d131-afb9-4343-ad4e-aaebde613043@group-FF4202234884: changes role from  FOLLOWER to CANDIDATE at term 36 for changeToCandidate
2019-10-18 13:01:29,805 [Thread-936] INFO  impl.RoleInfo (RoleInfo.java:updateAndGet(143)) - c124d131-afb9-4343-ad4e-aaebde613043: start LeaderElection
2019-10-18 13:01:29,856 [c124d131-afb9-4343-ad4e-aaebde613043@group-FF4202234884-LeaderElection88] INFO  impl.LeaderElection (LeaderElection.java:askForVotes(178)) - c124d131-afb9-4343-ad4e-aaebde613043@group-FF4202234884-LeaderElection88: begin an election at term 37 for -1: [999343e7-0330-4874-a345-91eca72585e0:192.168.34.56:44872, c124d131-afb9-4343-ad4e-aaebde613043:192.168.34.56:42116, e5bb327f-cdd7-4e49-919e-13a4c895fddf:192.168.34.56:36658], old=null
2019-10-18 13:01:29,858 [grpc-default-executor-7] INFO  impl.RaftServerImpl (RaftServerImpl.java:setRole(184)) - e5bb327f-cdd7-4e49-919e-13a4c895fddf@group-FF4202234884: changes role from  FOLLOWER to FOLLOWER at term 37 for recognizeCandidate:c124d131-afb9-4343-ad4e-aaebde613043
2019-10-18 13:01:29,858 [grpc-default-executor-0] INFO  impl.RaftServerImpl (RaftServerImpl.java:setRole(184)) - 999343e7-0330-4874-a345-91eca72585e0@group-FF4202234884: changes role from  FOLLOWER to FOLLOWER at term 37 for recognizeCandidate:c124d131-afb9-4343-ad4e-aaebde613043
2019-10-18 13:01:29,858 [grpc-default-executor-7] INFO  impl.RoleInfo (RoleInfo.java:shutdownFollowerState(121)) - e5bb327f-cdd7-4e49-919e-13a4c895fddf: shutdown FollowerState
2019-10-18 13:01:29,858 [grpc-default-executor-0] INFO  impl.RoleInfo (RoleInfo.java:shutdownFollowerState(121)) - 999343e7-0330-4874-a345-91eca72585e0: shutdown FollowerState
2019-10-18 13:01:29,858 [Thread-929] INFO  impl.FollowerState (FollowerState.java:run(117)) - e5bb327f-cdd7-4e49-919e-13a4c895fddf@group-FF4202234884-FollowerState was interrupted: java.lang.InterruptedException: sleep interrupted
2019-10-18 13:01:29,858 [grpc-default-executor-7] INFO  impl.RoleInfo (RoleInfo.java:updateAndGet(143)) - e5bb327f-cdd7-4e49-919e-13a4c895fddf: start FollowerState
2019-10-18 13:01:29,859 [Thread-930] INFO  impl.FollowerState (FollowerState.java:run(117)) - 999343e7-0330-4874-a345-91eca72585e0@group-FF4202234884-FollowerState was interrupted: java.lang.InterruptedException: sleep interrupted
2019-10-18 13:01:29,859 [grpc-default-executor-0] INFO  impl.RoleInfo (RoleInfo.java:updateAndGet(143)) - 999343e7-0330-4874-a345-91eca72585e0: start FollowerState
2019-10-18 13:01:29,879 [c124d131-afb9-4343-ad4e-aaebde613043@group-FF4202234884-LeaderElection88] INFO  impl.LeaderElection (LeaderElection.java:logAndReturn(56)) - c124d131-afb9-4343-ad4e-aaebde613043@group-FF4202234884-LeaderElection88: Election TIMEOUT; received 0 response(s) [] and 0 exception(s); c124d131-afb9-4343-ad4e-aaebde613043@group-FF4202234884:t37, leader=null, voted=c124d131-afb9-4343-ad4e-aaebde613043, raftlog=c124d131-afb9-4343-ad4e-aaebde613043@group-FF4202234884-SegmentedRaftLog:OPENED:c-1,f-1,i0, conf=-1: [999343e7-0330-4874-a345-91eca72585e0:192.168.34.56:44872, c124d131-afb9-4343-ad4e-aaebde613043:192.168.34.56:42116, e5bb327f-cdd7-4e49-919e-13a4c895fddf:192.168.34.56:36658], old=null
2019-10-18 13:01:29,880 [Thread-937] INFO  impl.FollowerState (FollowerState.java:run(108)) - 018b3f78-d19f-4e26-a796-cb8ddc4f97cf@group-187684C21557-FollowerState: change to CANDIDATE, lastRpcTime:127ms, electionTimeout:127ms
2019-10-18 13:01:29,880 [Thread-937] INFO  impl.RoleInfo (RoleInfo.java:shutdownFollowerState(121)) - 018b3f78-d19f-4e26-a796-cb8ddc4f97cf: shutdown FollowerState
2019-10-18 13:01:29,880 [Thread-937] INFO  impl.RaftServerImpl (RaftServerImpl.java:setRole(184)) - 018b3f78-d19f-4e26-a796-cb8ddc4f97cf@group-187684C21557: changes role from  FOLLOWER to CANDIDATE at term 33 for changeToCandidate
2019-10-18 13:01:29,880 [Thread-937] INFO  impl.RoleInfo (RoleInfo.java:updateAndGet(143)) - 018b3f78-d19f-4e26-a796-cb8ddc4f97cf: start LeaderElection
2019-10-18 13:01:29,897 [c124d131-afb9-4343-ad4e-aaebde613043@group-FF4202234884-LeaderElection88] INFO  impl.LeaderElection (LeaderElection.java:askForVotes(178)) - c124d131-afb9-4343-ad4e-aaebde613043@group-FF4202234884-LeaderElection88: begin an election at term 38 for -1: [999343e7-0330-4874-a345-91eca72585e0:192.168.34.56:44872, c124d131-afb9-4343-ad4e-aaebde613043:192.168.34.56:42116, e5bb327f-cdd7-4e49-919e-13a4c895fddf:192.168.34.56:36658], old=null
2019-10-18 13:01:29,897 [018b3f78-d19f-4e26-a796-cb8ddc4f97cf@group-187684C21557-LeaderElection89] INFO  impl.LeaderElection (LeaderElection.java:askForVotes(178)) - 018b3f78-d19f-4e26-a796-cb8ddc4f97cf@group-187684C21557-LeaderElection89: begin an election at term 34 for -1: [893cf03e-f2cf-478a-892a-a746717e50e3:192.168.34.56:40750, 8697df36-98d2-41b1-bdc7-60597b3b5526:192.168.34.56:46415, 018b3f78-d19f-4e26-a796-cb8ddc4f97cf:192.168.34.56:35845], old=null
2019-10-18 13:01:29,899 [grpc-default-executor-7] INFO  impl.RaftServerImpl (RaftServerImpl.java:setRole(184)) - 8697df36-98d2-41b1-bdc7-60597b3b5526@group-187684C21557: changes role from  FOLLOWER to FOLLOWER at term 34 for recognizeCandidate:018b3f78-d19f-4e26-a796-cb8ddc4f97cf
2019-10-18 13:01:29,899 [grpc-default-executor-0] INFO  impl.RaftServerImpl (RaftServerImpl.java:setRole(184)) - 999343e7-0330-4874-a345-91eca72585e0@group-FF4202234884: changes role from  FOLLOWER to FOLLOWER at term 38 for recognizeCandidate:c124d131-afb9-4343-ad4e-aaebde613043
2019-10-18 13:01:29,899 [grpc-default-executor-7] INFO  impl.RoleInfo (RoleInfo.java:shutdownFollowerState(121)) - 8697df36-98d2-41b1-bdc7-60597b3b5526: shutdown FollowerState
2019-10-18 13:01:29,899 [grpc-default-executor-5] INFO  impl.RaftServerImpl (RaftServerImpl.java:setRole(184)) - 893cf03e-f2cf-478a-892a-a746717e50e3@group-187684C21557: changes role from  FOLLOWER to FOLLOWER at term 34 for recognizeCandidate:018b3f78-d19f-4e26-a796-cb8ddc4f97cf
2019-10-18 13:01:29,900 [Thread-935] INFO  impl.FollowerState (FollowerState.java:run(117)) - 8697df36-98d2-41b1-bdc7-60597b3b5526@group-187684C21557-FollowerState was interrupted: java.lang.InterruptedException: sleep interrupted
2019-10-18 13:01:29,899 [grpc-default-executor-2] INFO  impl.RaftServerImpl (RaftServerImpl.java:setRole(184)) - e5bb327f-cdd7-4e49-919e-13a4c895fddf@group-FF4202234884: changes role from  FOLLOWER to FOLLOWER at term 38 for recognizeCandidate:c124d131-afb9-4343-ad4e-aaebde613043
2019-10-18 13:01:29,899 [grpc-default-executor-0] INFO  impl.RoleInfo (RoleInfo.java:shutdownFollowerState(121)) - 999343e7-0330-4874-a345-91eca72585e0: shutdown FollowerState
2019-10-18 13:01:29,900 [grpc-default-executor-2] INFO  impl.RoleInfo (RoleInfo.java:shutdownFollowerState(121)) - e5bb327f-cdd7-4e49-919e-13a4c895fddf: shutdown FollowerState
2019-10-18 13:01:29,900 [grpc-default-executor-5] INFO  impl.RoleInfo (RoleInfo.java:shutdownFollowerState(121)) - 893cf03e-f2cf-478a-892a-a746717e50e3: shutdown FollowerState
2019-10-18 13:01:29,900 [grpc-default-executor-7] INFO  impl.RoleInfo (RoleInfo.java:updateAndGet(143)) - 8697df36-98d2-41b1-bdc7-60597b3b5526: start FollowerState
2019-10-18 13:01:29,901 [Thread-934] INFO  impl.FollowerState (FollowerState.java:run(117)) - 893cf03e-f2cf-478a-892a-a746717e50e3@group-187684C21557-FollowerState was interrupted: java.lang.InterruptedException: sleep interrupted
2019-10-18 13:01:29,901 [grpc-default-executor-5] INFO  impl.RoleInfo (RoleInfo.java:updateAndGet(143)) - 893cf03e-f2cf-478a-892a-a746717e50e3: start FollowerState
2019-10-18 13:01:29,900 [Thread-942] INFO  impl.FollowerState (FollowerState.java:run(117)) - e5bb327f-cdd7-4e49-919e-13a4c895fddf@group-FF4202234884-FollowerState was interrupted: java.lang.InterruptedException: sleep interrupted
2019-10-18 13:01:29,900 [grpc-default-executor-2] INFO  impl.RoleInfo (RoleInfo.java:updateAndGet(143)) - e5bb327f-cdd7-4e49-919e-13a4c895fddf: start FollowerState
2019-10-18 13:01:29,900 [Thread-943] INFO  impl.FollowerState (FollowerState.java:run(117)) - 999343e7-0330-4874-a345-91eca72585e0@group-FF4202234884-FollowerState was interrupted: java.lang.InterruptedException: sleep interrupted
2019-10-18 13:01:29,900 [grpc-default-executor-0] INFO  impl.RoleInfo (RoleInfo.java:updateAndGet(143)) - 999343e7-0330-4874-a345-91eca72585e0: start FollowerState
2019-10-18 13:01:29,912 [018b3f78-d19f-4e26-a796-cb8ddc4f97cf@group-187684C21557-LeaderElection89] INFO  impl.LeaderElection (LeaderElection.java:logAndReturn(56)) - 018b3f78-d19f-4e26-a796-cb8ddc4f97cf@group-187684C21557-LeaderElection89: Election TIMEOUT; received 0 response(s) [] and 0 exception(s); 018b3f78-d19f-4e26-a796-cb8ddc4f97cf@group-187684C21557:t34, leader=null, voted=018b3f78-d19f-4e26-a796-cb8ddc4f97cf, raftlog=018b3f78-d19f-4e26-a796-cb8ddc4f97cf@group-187684C21557-SegmentedRaftLog:OPENED:c-1,f-1,i0, conf=-1: [893cf03e-f2cf-478a-892a-a746717e50e3:192.168.34.56:40750, 8697df36-98d2-41b1-bdc7-60597b3b5526:192.168.34.56:46415, 018b3f78-d19f-4e26-a796-cb8ddc4f97cf:192.168.34.56:35845], old=null
2019-10-18 13:01:29,952 [018b3f78-d19f-4e26-a796-cb8ddc4f97cf@group-187684C21557-LeaderElection89] INFO  impl.LeaderElection (LeaderElection.java:askForVotes(178)) - 018b3f78-d19f-4e26-a796-cb8ddc4f97cf@group-187684C21557-LeaderElection89: begin an election at term 35 for -1: [893cf03e-f2cf-478a-892a-a746717e50e3:192.168.34.56:40750, 8697df36-98d2-41b1-bdc7-60597b3b5526:192.168.34.56:46415, 018b3f78-d19f-4e26-a796-cb8ddc4f97cf:192.168.34.56:35845], old=null
2019-10-18 13:01:29,955 [c124d131-afb9-4343-ad4e-aaebde613043@group-FF4202234884-LeaderElection88] INFO  impl.LeaderElection (LeaderElection.java:logAndReturn(56)) - c124d131-afb9-4343-ad4e-aaebde613043@group-FF4202234884-LeaderElection88: Election REJECTED; received 2 response(s) [c124d131-afb9-4343-ad4e-aaebde613043<-999343e7-0330-4874-a345-91eca72585e0#0:FAIL-t38, c124d131-afb9-4343-ad4e-aaebde613043<-e5bb327f-cdd7-4e49-919e-13a4c895fddf#0:FAIL-t38] and 0 exception(s); c124d131-afb9-4343-ad4e-aaebde613043@group-FF4202234884:t38, leader=null, voted=c124d131-afb9-4343-ad4e-aaebde613043, raftlog=c124d131-afb9-4343-ad4e-aaebde613043@group-FF4202234884-SegmentedRaftLog:OPENED:c-1,f-1,i0, conf=-1: [999343e7-0330-4874-a345-91eca72585e0:192.168.34.56:44872, c124d131-afb9-4343-ad4e-aaebde613043:192.168.34.56:42116, e5bb327f-cdd7-4e49-919e-13a4c895fddf:192.168.34.56:36658], old=null
2019-10-18 13:01:29,955 [c124d131-afb9-4343-ad4e-aaebde613043@group-FF4202234884-LeaderElection88] INFO  impl.RaftServerImpl (RaftServerImpl.java:setRole(184)) - c124d131-afb9-4343-ad4e-aaebde613043@group-FF4202234884: changes role from CANDIDATE to FOLLOWER at term 38 for DISCOVERED_A_NEW_TERM
2019-10-18 13:01:29,955 [grpc-default-executor-7] INFO  impl.RaftServerImpl (RaftServerImpl.java:setRole(184)) - 8697df36-98d2-41b1-bdc7-60597b3b5526@group-187684C21557: changes role from  FOLLOWER to FOLLOWER at term 35 for recognizeCandidate:018b3f78-d19f-4e26-a796-cb8ddc4f97cf
2019-10-18 13:01:29,955 [grpc-default-executor-5] INFO  impl.RaftServerImpl (RaftServerImpl.java:setRole(184)) - 893cf03e-f2cf-478a-892a-a746717e50e3@group-187684C21557: changes role from  FOLLOWER to FOLLOWER at term 35 for recognizeCandidate:018b3f78-d19f-4e26-a796-cb8ddc4f97cf
2019-10-18 13:01:29,955 [grpc-default-executor-7] INFO  impl.RoleInfo (RoleInfo.java:shutdownFollowerState(121)) - 8697df36-98d2-41b1-bdc7-60597b3b5526: shutdown FollowerState
2019-10-18 13:01:29,955 [c124d131-afb9-4343-ad4e-aaebde613043@group-FF4202234884-LeaderElection88] INFO  impl.RoleInfo (RoleInfo.java:shutdownLeaderElection(134)) - c124d131-afb9-4343-ad4e-aaebde613043: shutdown LeaderElection
2019-10-18 13:01:29,956 [grpc-default-executor-7] INFO  impl.RoleInfo (RoleInfo.java:updateAndGet(143)) - 8697df36-98d2-41b1-bdc7-60597b3b5526: start FollowerState
2019-10-18 13:01:29,956 [c124d131-afb9-4343-ad4e-aaebde613043@group-FF4202234884-LeaderElection88] INFO  impl.RoleInfo (RoleInfo.java:updateAndGet(143)) - c124d131-afb9-4343-ad4e-aaebde613043: start FollowerState
2019-10-18 13:01:29,956 [grpc-default-executor-5] INFO  impl.RoleInfo (RoleInfo.java:shutdownFollowerState(121)) - 893cf03e-f2cf-478a-892a-a746717e50e3: shutdown FollowerState
2019-10-18 13:01:29,956 [Thread-949] INFO  impl.FollowerState (FollowerState.java:run(117)) - 8697df36-98d2-41b1-bdc7-60597b3b5526@group-187684C21557-FollowerState was interrupted: java.lang.InterruptedException: sleep interrupted
2019-10-18 13:01:29,956 [Thread-952] INFO  impl.FollowerState (FollowerState.java:run(117)) - 893cf03e-f2cf-478a-892a-a746717e50e3@group-187684C21557-FollowerState was interrupted: java.lang.InterruptedException: sleep interrupted
2019-10-18 13:01:29,956 [grpc-default-executor-5] INFO  impl.RoleInfo (RoleInfo.java:updateAndGet(143)) - 893cf03e-f2cf-478a-892a-a746717e50e3: start FollowerState
2019-10-18 13:01:29,973 [018b3f78-d19f-4e26-a796-cb8ddc4f97cf@group-187684C21557-LeaderElection89] INFO  impl.LeaderElection (LeaderElection.java:logAndReturn(56)) - 018b3f78-d19f-4e26-a796-cb8ddc4f97cf@group-187684C21557-LeaderElection89: Election TIMEOUT; received 0 response(s) [] and 0 exception(s); 018b3f78-d19f-4e26-a796-cb8ddc4f97cf@group-187684C21557:t35, leader=null, voted=018b3f78-d19f-4e26-a796-cb8ddc4f97cf, raftlog=018b3f78-d19f-4e26-a796-cb8ddc4f97cf@group-187684C21557-SegmentedRaftLog:OPENED:c-1,f-1,i0, conf=-1: [893cf03e-f2cf-478a-892a-a746717e50e3:192.168.34.56:40750, 8697df36-98d2-41b1-bdc7-60597b3b5526:192.168.34.56:46415, 018b3f78-d19f-4e26-a796-cb8ddc4f97cf:192.168.34.56:35845], old=null
2019-10-18 13:01:30,066 [018b3f78-d19f-4e26-a796-cb8ddc4f97cf@group-187684C21557-LeaderElection89] INFO  impl.LeaderElection (LeaderElection.java:askForVotes(178)) - 018b3f78-d19f-4e26-a796-cb8ddc4f97cf@group-187684C21557-LeaderElection89: begin an election at term 36 for -1: [893cf03e-f2cf-478a-892a-a746717e50e3:192.168.34.56:40750, 8697df36-98d2-41b1-bdc7-60597b3b5526:192.168.34.56:46415, 018b3f78-d19f-4e26-a796-cb8ddc4f97cf:192.168.34.56:35845], old=null
2019-10-18 13:01:30,072 [grpc-default-executor-5] INFO  impl.RaftServerImpl (RaftServerImpl.java:setRole(184)) - 893cf03e-f2cf-478a-892a-a746717e50e3@group-187684C21557: changes role from  FOLLOWER to FOLLOWER at term 36 for recognizeCandidate:018b3f78-d19f-4e26-a796-cb8ddc4f97cf
2019-10-18 13:01:30,072 [grpc-default-executor-5] INFO  impl.RoleInfo (RoleInfo.java:shutdownFollowerState(121)) - 893cf03e-f2cf-478a-892a-a746717e50e3: shutdown FollowerState
2019-10-18 13:01:30,072 [grpc-default-executor-7] INFO  impl.RaftServerImpl (RaftServerImpl.java:setRole(184)) - 8697df36-98d2-41b1-bdc7-60597b3b5526@group-187684C21557: changes role from  FOLLOWER to FOLLOWER at term 36 for recognizeCandidate:018b3f78-d19f-4e26-a796-cb8ddc4f97cf
2019-10-18 13:01:30,072 [grpc-default-executor-7] INFO  impl.RoleInfo (RoleInfo.java:shutdownFollowerState(121)) - 8697df36-98d2-41b1-bdc7-60597b3b5526: shutdown FollowerState
2019-10-18 13:01:30,072 [Thread-957] INFO  impl.FollowerState (FollowerState.java:run(117)) - 893cf03e-f2cf-478a-892a-a746717e50e3@group-187684C21557-FollowerState was interrupted: java.lang.InterruptedException: sleep interrupted
2019-10-18 13:01:30,072 [grpc-default-executor-5] INFO  impl.RoleInfo (RoleInfo.java:updateAndGet(143)) - 893cf03e-f2cf-478a-892a-a746717e50e3: start FollowerState
2019-10-18 13:01:30,072 [Thread-955] INFO  impl.FollowerState (FollowerState.java:run(117)) - 8697df36-98d2-41b1-bdc7-60597b3b5526@group-187684C21557-FollowerState was interrupted: java.lang.InterruptedException: sleep interrupted
2019-10-18 13:01:30,072 [grpc-default-executor-7] INFO  impl.RoleInfo (RoleInfo.java:updateAndGet(143)) - 8697df36-98d2-41b1-bdc7-60597b3b5526: start FollowerState
2019-10-18 13:01:30,086 [Thread-956] INFO  impl.FollowerState (FollowerState.java:run(108)) - c124d131-afb9-4343-ad4e-aaebde613043@group-FF4202234884-FollowerState: change to CANDIDATE, lastRpcTime:130ms, electionTimeout:130ms
2019-10-18 13:01:30,087 [Thread-956] INFO  impl.RoleInfo (RoleInfo.java:shutdownFollowerState(121)) - c124d131-afb9-4343-ad4e-aaebde613043: shutdown FollowerState
2019-10-18 13:01:30,087 [Thread-956] INFO  impl.RaftServerImpl (RaftServerImpl.java:setRole(184)) - c124d131-afb9-4343-ad4e-aaebde613043@group-FF4202234884: changes role from  FOLLOWER to CANDIDATE at term 38 for changeToCandidate
2019-10-18 13:01:30,087 [Thread-956] INFO  impl.RoleInfo (RoleInfo.java:updateAndGet(143)) - c124d131-afb9-4343-ad4e-aaebde613043: start LeaderElection
2019-10-18 13:01:30,105 [018b3f78-d19f-4e26-a796-cb8ddc4f97cf@group-187684C21557-LeaderElection89] INFO  impl.LeaderElection (LeaderElection.java:logAndReturn(56)) - 018b3f78-d19f-4e26-a796-cb8ddc4f97cf@group-187684C21557-LeaderElection89: Election REJECTED; received 2 response(s) [018b3f78-d19f-4e26-a796-cb8ddc4f97cf<-893cf03e-f2cf-478a-892a-a746717e50e3#0:FAIL-t36, 018b3f78-d19f-4e26-a796-cb8ddc4f97cf<-8697df36-98d2-41b1-bdc7-60597b3b5526#0:FAIL-t36] and 0 exception(s); 018b3f78-d19f-4e26-a796-cb8ddc4f97cf@group-187684C21557:t36, leader=null, voted=018b3f78-d19f-4e26-a796-cb8ddc4f97cf, raftlog=018b3f78-d19f-4e26-a796-cb8ddc4f97cf@group-187684C21557-SegmentedRaftLog:OPENED:c-1,f-1,i0, conf=-1: [893cf03e-f2cf-478a-892a-a746717e50e3:192.168.34.56:40750, 8697df36-98d2-41b1-bdc7-60597b3b5526:192.168.34.56:46415, 018b3f78-d19f-4e26-a796-cb8ddc4f97cf:192.168.34.56:35845], old=null
2019-10-18 13:01:30,106 [018b3f78-d19f-4e26-a796-cb8ddc4f97cf@group-187684C21557-LeaderElection89] INFO  impl.RaftServerImpl (RaftServerImpl.java:setRole(184)) - 018b3f78-d19f-4e26-a796-cb8ddc4f97cf@group-187684C21557: changes role from CANDIDATE to FOLLOWER at term 36 for DISCOVERED_A_NEW_TERM
2019-10-18 13:01:30,106 [018b3f78-d19f-4e26-a796-cb8ddc4f97cf@group-187684C21557-LeaderElection89] INFO  impl.RoleInfo (RoleInfo.java:shutdownLeaderElection(134)) - 018b3f78-d19f-4e26-a796-cb8ddc4f97cf: shutdown LeaderElection
2019-10-18 13:01:30,106 [018b3f78-d19f-4e26-a796-cb8ddc4f97cf@group-187684C21557-LeaderElection89] INFO  impl.RoleInfo (RoleInfo.java:updateAndGet(143)) - 018b3f78-d19f-4e26-a796-cb8ddc4f97cf: start FollowerState
2019-10-18 13:01:30,166 [c124d131-afb9-4343-ad4e-aaebde613043@group-FF4202234884-LeaderElection90] INFO  impl.LeaderElection (LeaderElection.java:askForVotes(178)) - c124d131-afb9-4343-ad4e-aaebde613043@group-FF4202234884-LeaderElection90: begin an election at term 39 for -1: [999343e7-0330-4874-a345-91eca72585e0:192.168.34.56:44872, c124d131-afb9-4343-ad4e-aaebde613043:192.168.34.56:42116, e5bb327f-cdd7-4e49-919e-13a4c895fddf:192.168.34.56:36658], old=null
2019-10-18 13:01:30,169 [grpc-default-executor-7] INFO  impl.RaftServerImpl (RaftServerImpl.java:setRole(184)) - 999343e7-0330-4874-a345-91eca72585e0@group-FF4202234884: changes role from  FOLLOWER to FOLLOWER at term 39 for recognizeCandidate:c124d131-afb9-4343-ad4e-aaebde613043
2019-10-18 13:01:30,169 [grpc-default-executor-5] INFO  impl.RaftServerImpl (RaftServerImpl.java:setRole(184)) - e5bb327f-cdd7-4e49-919e-13a4c895fddf@group-FF4202234884: changes role from  FOLLOWER to FOLLOWER at term 39 for recognizeCandidate:c124d131-afb9-4343-ad4e-aaebde613043
2019-10-18 13:01:30,169 [grpc-default-executor-7] INFO  impl.RoleInfo (RoleInfo.java:shutdownFollowerState(121)) - 999343e7-0330-4874-a345-91eca72585e0: shutdown FollowerState
2019-10-18 13:01:30,169 [grpc-default-executor-5] INFO  impl.RoleInfo (RoleInfo.java:shutdownFollowerState(121)) - e5bb327f-cdd7-4e49-919e-13a4c895fddf: shutdown FollowerState
2019-10-18 13:01:30,169 [Thread-950] INFO  impl.FollowerState (FollowerState.java:run(117)) - 999343e7-0330-4874-a345-91eca72585e0@group-FF4202234884-FollowerState was interrupted: java.lang.InterruptedException: sleep interrupted
2019-10-18 13:01:30,169 [grpc-default-executor-7] INFO  impl.RoleInfo (RoleInfo.java:updateAndGet(143)) - 999343e7-0330-4874-a345-91eca72585e0: start FollowerState
2019-10-18 13:01:30,170 [Thread-951] INFO  impl.FollowerState (FollowerState.java:run(117)) - e5bb327f-cdd7-4e49-919e-13a4c895fddf@group-FF4202234884-FollowerState was interrupted: java.lang.InterruptedException: sleep interrupted
2019-10-18 13:01:30,169 [grpc-default-executor-5] INFO  impl.RoleInfo (RoleInfo.java:updateAndGet(143)) - e5bb327f-cdd7-4e49-919e-13a4c895fddf: start FollowerState
2019-10-18 13:01:30,235 [c124d131-afb9-4343-ad4e-aaebde613043@group-FF4202234884-LeaderElection90] INFO  impl.LeaderElection (LeaderElection.java:logAndReturn(56)) - c124d131-afb9-4343-ad4e-aaebde613043@group-FF4202234884-LeaderElection90: Election REJECTED; received 2 response(s) [c124d131-afb9-4343-ad4e-aaebde613043<-999343e7-0330-4874-a345-91eca72585e0#0:FAIL-t39, c124d131-afb9-4343-ad4e-aaebde613043<-e5bb327f-cdd7-4e49-919e-13a4c895fddf#0:FAIL-t39] and 0 exception(s); c124d131-afb9-4343-ad4e-aaebde613043@group-FF4202234884:t39, leader=null, voted=c124d131-afb9-4343-ad4e-aaebde613043, raftlog=c124d131-afb9-4343-ad4e-aaebde613043@group-FF4202234884-SegmentedRaftLog:OPENED:c-1,f-1,i0, conf=-1: [999343e7-0330-4874-a345-91eca72585e0:192.168.34.56:44872, c124d131-afb9-4343-ad4e-aaebde613043:192.168.34.56:42116, e5bb327f-cdd7-4e49-919e-13a4c895fddf:192.168.34.56:36658], old=null
2019-10-18 13:01:30,235 [c124d131-afb9-4343-ad4e-aaebde613043@group-FF4202234884-LeaderElection90] INFO  impl.RaftServerImpl (RaftServerImpl.java:setRole(184)) - c124d131-afb9-4343-ad4e-aaebde613043@group-FF4202234884: changes role from CANDIDATE to FOLLOWER at term 39 for DISCOVERED_A_NEW_TERM
2019-10-18 13:01:30,235 [c124d131-afb9-4343-ad4e-aaebde613043@group-FF4202234884-LeaderElection90] INFO  impl.RoleInfo (RoleInfo.java:shutdownLeaderElection(134)) - c124d131-afb9-4343-ad4e-aaebde613043: shutdown LeaderElection
2019-10-18 13:01:30,236 [c124d131-afb9-4343-ad4e-aaebde613043@group-FF4202234884-LeaderElection90] INFO  impl.RoleInfo (RoleInfo.java:updateAndGet(143)) - c124d131-afb9-4343-ad4e-aaebde613043: start FollowerState
2019-10-18 13:01:30,260 [Thread-963] INFO  impl.FollowerState (FollowerState.java:run(108)) - 018b3f78-d19f-4e26-a796-cb8ddc4f97cf@group-187684C21557-FollowerState: change to CANDIDATE, lastRpcTime:154ms, electionTimeout:154ms
2019-10-18 13:01:30,260 [Thread-963] INFO  impl.RoleInfo (RoleInfo.java:shutdownFollowerState(121)) - 018b3f78-d19f-4e26-a796-cb8ddc4f97cf: shutdown FollowerState
2019-10-18 13:01:30,261 [Thread-963] INFO  impl.RaftServerImpl (RaftServerImpl.java:setRole(184)) - 018b3f78-d19f-4e26-a796-cb8ddc4f97cf@group-187684C21557: changes role from  FOLLOWER to CANDIDATE at term 36 for changeToCandidate
2019-10-18 13:01:30,261 [Thread-963] INFO  impl.RoleInfo (RoleInfo.java:updateAndGet(143)) - 018b3f78-d19f-4e26-a796-cb8ddc4f97cf: start LeaderElection
2019-10-18 13:01:30,325 [018b3f78-d19f-4e26-a796-cb8ddc4f97cf@group-187684C21557-LeaderElection91] INFO  impl.LeaderElection (LeaderElection.java:askForVotes(178)) - 018b3f78-d19f-4e26-a796-cb8ddc4f97cf@group-187684C21557-LeaderElection91: begin an election at term 37 for -1: [893cf03e-f2cf-478a-892a-a746717e50e3:192.168.34.56:40750, 8697df36-98d2-41b1-bdc7-60597b3b5526:192.168.34.56:46415, 018b3f78-d19f-4e26-a796-cb8ddc4f97cf:192.168.34.56:35845], old=null
2019-10-18 13:01:30,327 [grpc-default-executor-5] INFO  impl.RaftServerImpl (RaftServerImpl.java:setRole(184)) - 8697df36-98d2-41b1-bdc7-60597b3b5526@group-187684C21557: changes role from  FOLLOWER to FOLLOWER at term 37 for recognizeCandidate:018b3f78-d19f-4e26-a796-cb8ddc4f97cf
2019-10-18 13:01:30,327 [grpc-default-executor-7] INFO  impl.RaftServerImpl (RaftServerImpl.java:setRole(184)) - 893cf03e-f2cf-478a-892a-a746717e50e3@group-187684C21557: changes role from  FOLLOWER to FOLLOWER at term 37 for recognizeCandidate:018b3f78-d19f-4e26-a796-cb8ddc4f97cf
2019-10-18 13:01:30,327 [grpc-default-executor-5] INFO  impl.RoleInfo (RoleInfo.java:shutdownFollowerState(121)) - 8697df36-98d2-41b1-bdc7-60597b3b5526: shutdown FollowerState
2019-10-18 13:01:30,327 [grpc-default-executor-7] INFO  impl.RoleInfo (RoleInfo.java:shutdownFollowerState(121)) - 893cf03e-f2cf-478a-892a-a746717e50e3: shutdown FollowerState
2019-10-18 13:01:30,328 [Thread-961] INFO  impl.FollowerState (FollowerState.java:run(117)) - 8697df36-98d2-41b1-bdc7-60597b3b5526@group-187684C21557-FollowerState was interrupted: java.lang.InterruptedException: sleep interrupted
2019-10-18 13:01:30,328 [grpc-default-executor-5] INFO  impl.RoleInfo (RoleInfo.java:updateAndGet(143)) - 8697df36-98d2-41b1-bdc7-60597b3b5526: start FollowerState
2019-10-18 13:01:30,328 [Thread-960] INFO  impl.FollowerState (FollowerState.java:run(117)) - 893cf03e-f2cf-478a-892a-a746717e50e3@group-187684C21557-FollowerState was interrupted: java.lang.InterruptedException: sleep interrupted
2019-10-18 13:01:30,328 [grpc-default-executor-7] INFO  impl.RoleInfo (RoleInfo.java:updateAndGet(143)) - 893cf03e-f2cf-478a-892a-a746717e50e3: start FollowerState
2019-10-18 13:01:30,335 [Thread-969] INFO  impl.FollowerState (FollowerState.java:run(108)) - c124d131-afb9-4343-ad4e-aaebde613043@group-FF4202234884-FollowerState: change to CANDIDATE, lastRpcTime:99ms, electionTimeout:99ms
2019-10-18 13:01:30,335 [Thread-969] INFO  impl.RoleInfo (RoleInfo.java:shutdownFollowerState(121)) - c124d131-afb9-4343-ad4e-aaebde613043: shutdown FollowerState
2019-10-18 13:01:30,336 [Thread-969] INFO  impl.RaftServerImpl (RaftServerImpl.java:setRole(184)) - c124d131-afb9-4343-ad4e-aaebde613043@group-FF4202234884: changes role from  FOLLOWER to CANDIDATE at term 39 for changeToCandidate
2019-10-18 13:01:30,336 [Thread-969] INFO  impl.RoleInfo (RoleInfo.java:updateAndGet(143)) - c124d131-afb9-4343-ad4e-aaebde613043: start LeaderElection
2019-10-18 13:01:30,386 [c124d131-afb9-4343-ad4e-aaebde613043@group-FF4202234884-LeaderElection92] INFO  impl.LeaderElection (LeaderElection.java:askForVotes(178)) - c124d131-afb9-4343-ad4e-aaebde613043@group-FF4202234884-LeaderElection92: begin an election at term 40 for -1: [999343e7-0330-4874-a345-91eca72585e0:192.168.34.56:44872, c124d131-afb9-4343-ad4e-aaebde613043:192.168.34.56:42116, e5bb327f-cdd7-4e49-919e-13a4c895fddf:192.168.34.56:36658], old=null
2019-10-18 13:01:30,387 [018b3f78-d19f-4e26-a796-cb8ddc4f97cf@group-187684C21557-LeaderElection91] INFO  impl.LeaderElection (LeaderElection.java:logAndReturn(56)) - 018b3f78-d19f-4e26-a796-cb8ddc4f97cf@group-187684C21557-LeaderElection91: Election REJECTED; received 2 response(s) [018b3f78-d19f-4e26-a796-cb8ddc4f97cf<-893cf03e-f2cf-478a-892a-a746717e50e3#0:FAIL-t37, 018b3f78-d19f-4e26-a796-cb8ddc4f97cf<-8697df36-98d2-41b1-bdc7-60597b3b5526#0:FAIL-t37] and 0 exception(s); 018b3f78-d19f-4e26-a796-cb8ddc4f97cf@group-187684C21557:t37, leader=null, voted=018b3f78-d19f-4e26-a796-cb8ddc4f97cf, raftlog=018b3f78-d19f-4e26-a796-cb8ddc4f97cf@group-187684C21557-SegmentedRaftLog:OPENED:c-1,f-1,i0, conf=-1: [893cf03e-f2cf-478a-892a-a746717e50e3:192.168.34.56:40750, 8697df36-98d2-41b1-bdc7-60597b3b5526:192.168.34.56:46415, 018b3f78-d19f-4e26-a796-cb8ddc4f97cf:192.168.34.56:35845], old=null
2019-10-18 13:01:30,387 [018b3f78-d19f-4e26-a796-cb8ddc4f97cf@group-187684C21557-LeaderElection91] INFO  impl.RaftServerImpl (RaftServerImpl.java:setRole(184)) - 018b3f78-d19f-4e26-a796-cb8ddc4f97cf@group-187684C21557: changes role from CANDIDATE to FOLLOWER at term 37 for DISCOVERED_A_NEW_TERM
2019-10-18 13:01:30,387 [018b3f78-d19f-4e26-a796-cb8ddc4f97cf@group-187684C21557-LeaderElection91] INFO  impl.RoleInfo (RoleInfo.java:shutdownLeaderElection(134)) - 018b3f78-d19f-4e26-a796-cb8ddc4f97cf: shutdown LeaderElection
2019-10-18 13:01:30,387 [018b3f78-d19f-4e26-a796-cb8ddc4f97cf@group-187684C21557-LeaderElection91] INFO  impl.RoleInfo (RoleInfo.java:updateAndGet(143)) - 018b3f78-d19f-4e26-a796-cb8ddc4f97cf: start FollowerState
2019-10-18 13:01:30,388 [grpc-default-executor-7] INFO  impl.RaftServerImpl (RaftServerImpl.java:setRole(184)) - 999343e7-0330-4874-a345-91eca72585e0@group-FF4202234884: changes role from  FOLLOWER to FOLLOWER at term 40 for recognizeCandidate:c124d131-afb9-4343-ad4e-aaebde613043
2019-10-18 13:01:30,388 [grpc-default-executor-7] INFO  impl.RoleInfo (RoleInfo.java:shutdownFollowerState(121)) - 999343e7-0330-4874-a345-91eca72585e0: shutdown FollowerState
2019-10-18 13:01:30,388 [grpc-default-executor-5] INFO  impl.RaftServerImpl (RaftServerImpl.java:setRole(184)) - e5bb327f-cdd7-4e49-919e-13a4c895fddf@group-FF4202234884: changes role from  FOLLOWER to FOLLOWER at term 40 for recognizeCandidate:c124d131-afb9-4343-ad4e-aaebde613043
2019-10-18 13:01:30,388 [Thread-966] INFO  impl.FollowerState (FollowerState.java:run(117)) - 999343e7-0330-4874-a345-91eca72585e0@group-FF4202234884-FollowerState was interrupted: java.lang.InterruptedException: sleep interrupted
2019-10-18 13:01:30,388 [grpc-default-executor-7] INFO  impl.RoleInfo (RoleInfo.java:updateAndGet(143)) - 999343e7-0330-4874-a345-91eca72585e0: start FollowerState
2019-10-18 13:01:30,389 [grpc-default-executor-5] INFO  impl.RoleInfo (RoleInfo.java:shutdownFollowerState(121)) - e5bb327f-cdd7-4e49-919e-13a4c895fddf: shutdown FollowerState
2019-10-18 13:01:30,389 [Thread-967] INFO  impl.FollowerState (FollowerState.java:run(117)) - e5bb327f-cdd7-4e49-919e-13a4c895fddf@group-FF4202234884-FollowerState was interrupted: java.lang.InterruptedException: sleep interrupted
2019-10-18 13:01:30,389 [grpc-default-executor-5] INFO  impl.RoleInfo (RoleInfo.java:updateAndGet(143)) - e5bb327f-cdd7-4e49-919e-13a4c895fddf: start FollowerState
2019-10-18 13:01:30,425 [Thread-979] INFO  impl.FollowerState (FollowerState.java:run(108)) - 018b3f78-d19f-4e26-a796-cb8ddc4f97cf@group-187684C21557-FollowerState: change to CANDIDATE, lastRpcTime:37ms, electionTimeout:37ms
2019-10-18 13:01:30,425 [Thread-979] INFO  impl.RoleInfo (RoleInfo.java:shutdownFollowerState(121)) - 018b3f78-d19f-4e26-a796-cb8ddc4f97cf: shutdown FollowerState
2019-10-18 13:01:30,425 [Thread-979] INFO  impl.RaftServerImpl (RaftServerImpl.java:setRole(184)) - 018b3f78-d19f-4e26-a796-cb8ddc4f97cf@group-187684C21557: changes role from  FOLLOWER to CANDIDATE at term 37 for changeToCandidate
2019-10-18 13:01:30,425 [Thread-979] INFO  impl.RoleInfo (RoleInfo.java:updateAndGet(143)) - 018b3f78-d19f-4e26-a796-cb8ddc4f97cf: start LeaderElection
2019-10-18 13:01:30,531 [c124d131-afb9-4343-ad4e-aaebde613043@group-FF4202234884-LeaderElection92] INFO  impl.LeaderElection (LeaderElection.java:logAndReturn(56)) - c124d131-afb9-4343-ad4e-aaebde613043@group-FF4202234884-LeaderElection92: Election REJECTED; received 2 response(s) [c124d131-afb9-4343-ad4e-aaebde613043<-999343e7-0330-4874-a345-91eca72585e0#0:FAIL-t40, c124d131-afb9-4343-ad4e-aaebde613043<-e5bb327f-cdd7-4e49-919e-13a4c895fddf#0:FAIL-t40] and 0 exception(s); c124d131-afb9-4343-ad4e-aaebde613043@group-FF4202234884:t40, leader=null, voted=c124d131-afb9-4343-ad4e-aaebde613043, raftlog=c124d131-afb9-4343-ad4e-aaebde613043@group-FF4202234884-SegmentedRaftLog:OPENED:c-1,f-1,i0, conf=-1: [999343e7-0330-4874-a345-91eca72585e0:192.168.34.56:44872, c124d131-afb9-4343-ad4e-aaebde613043:192.168.34.56:42116, e5bb327f-cdd7-4e49-919e-13a4c895fddf:192.168.34.56:36658], old=null
2019-10-18 13:01:30,531 [c124d131-afb9-4343-ad4e-aaebde613043@group-FF4202234884-LeaderElection92] INFO  impl.RaftServerImpl (RaftServerImpl.java:setRole(184)) - c124d131-afb9-4343-ad4e-aaebde613043@group-FF4202234884: changes role from CANDIDATE to FOLLOWER at term 40 for DISCOVERED_A_NEW_TERM
2019-10-18 13:01:30,531 [c124d131-afb9-4343-ad4e-aaebde613043@group-FF4202234884-LeaderElection92] INFO  impl.RoleInfo (RoleInfo.java:shutdownLeaderElection(134)) - c124d131-afb9-4343-ad4e-aaebde613043: shutdown LeaderElection
2019-10-18 13:01:30,531 [c124d131-afb9-4343-ad4e-aaebde613043@group-FF4202234884-LeaderElection92] INFO  impl.RoleInfo (RoleInfo.java:updateAndGet(143)) - c124d131-afb9-4343-ad4e-aaebde613043: start FollowerState
2019-10-18 13:01:30,555 [Thread-985] INFO  impl.FollowerState (FollowerState.java:run(108)) - c124d131-afb9-4343-ad4e-aaebde613043@group-FF4202234884-FollowerState: change to CANDIDATE, lastRpcTime:23ms, electionTimeout:23ms
2019-10-18 13:01:30,555 [Thread-985] INFO  impl.RoleInfo (RoleInfo.java:shutdownFollowerState(121)) - c124d131-afb9-4343-ad4e-aaebde613043: shutdown FollowerState
2019-10-18 13:01:30,555 [Thread-985] INFO  impl.RaftServerImpl (RaftServerImpl.java:setRole(184)) - c124d131-afb9-4343-ad4e-aaebde613043@group-FF4202234884: changes role from  FOLLOWER to CANDIDATE at term 40 for changeToCandidate
2019-10-18 13:01:30,556 [Thread-985] INFO  impl.RoleInfo (RoleInfo.java:updateAndGet(143)) - c124d131-afb9-4343-ad4e-aaebde613043: start LeaderElection
2019-10-18 13:01:30,557 [018b3f78-d19f-4e26-a796-cb8ddc4f97cf@group-187684C21557-LeaderElection93] INFO  impl.LeaderElection (LeaderElection.java:askForVotes(178)) - 018b3f78-d19f-4e26-a796-cb8ddc4f97cf@group-187684C21557-LeaderElection93: begin an election at term 38 for -1: [893cf03e-f2cf-478a-892a-a746717e50e3:192.168.34.56:40750, 8697df36-98d2-41b1-bdc7-60597b3b5526:192.168.34.56:46415, 018b3f78-d19f-4e26-a796-cb8ddc4f97cf:192.168.34.56:35845], old=null
2019-10-18 13:01:30,562 [grpc-default-executor-7] INFO  impl.RaftServerImpl (RaftServerImpl.java:setRole(184)) - 8697df36-98d2-41b1-bdc7-60597b3b5526@group-187684C21557: changes role from  FOLLOWER to FOLLOWER at term 38 for recognizeCandidate:018b3f78-d19f-4e26-a796-cb8ddc4f97cf
2019-10-18 13:01:30,563 [grpc-default-executor-7] INFO  impl.RoleInfo (RoleInfo.java:shutdownFollowerState(121)) - 8697df36-98d2-41b1-bdc7-60597b3b5526: shutdown FollowerState
2019-10-18 13:01:30,562 [grpc-default-executor-5] INFO  impl.RaftServerImpl (RaftServerImpl.java:setRole(184)) - 893cf03e-f2cf-478a-892a-a746717e50e3@group-187684C21557: changes role from  FOLLOWER to FOLLOWER at term 38 for recognizeCandidate:018b3f78-d19f-4e26-a796-cb8ddc4f97cf
2019-10-18 13:01:30,563 [Thread-973] INFO  impl.FollowerState (FollowerState.java:run(117)) - 8697df36-98d2-41b1-bdc7-60597b3b5526@group-187684C21557-FollowerState was interrupted: java.lang.InterruptedException: sleep interrupted
2019-10-18 13:01:30,563 [grpc-default-executor-7] INFO  impl.RoleInfo (RoleInfo.java:updateAndGet(143)) - 8697df36-98d2-41b1-bdc7-60597b3b5526: start FollowerState
2019-10-18 13:01:30,563 [grpc-default-executor-5] INFO  impl.RoleInfo (RoleInfo.java:shutdownFollowerState(121)) - 893cf03e-f2cf-478a-892a-a746717e50e3: shutdown FollowerState
2019-10-18 13:01:30,563 [grpc-default-executor-5] INFO  impl.RoleInfo (RoleInfo.java:updateAndGet(143)) - 893cf03e-f2cf-478a-892a-a746717e50e3: start FollowerState
2019-10-18 13:01:30,563 [Thread-974] INFO  impl.FollowerState (FollowerState.java:run(117)) - 893cf03e-f2cf-478a-892a-a746717e50e3@group-187684C21557-FollowerState was interrupted: java.lang.InterruptedException: sleep interrupted
2019-10-18 13:01:30,568 [018b3f78-d19f-4e26-a796-cb8ddc4f97cf@group-187684C21557-LeaderElection93] INFO  impl.LeaderElection (LeaderElection.java:logAndReturn(56)) - 018b3f78-d19f-4e26-a796-cb8ddc4f97cf@group-187684C21557-LeaderElection93: Election TIMEOUT; received 0 response(s) [] and 0 exception(s); 018b3f78-d19f-4e26-a796-cb8ddc4f97cf@group-187684C21557:t38, leader=null, voted=018b3f78-d19f-4e26-a796-cb8ddc4f97cf, raftlog=018b3f78-d19f-4e26-a796-cb8ddc4f97cf@group-187684C21557-SegmentedRaftLog:OPENED:c-1,f-1,i0, conf=-1: [893cf03e-f2cf-478a-892a-a746717e50e3:192.168.34.56:40750, 8697df36-98d2-41b1-bdc7-60597b3b5526:192.168.34.56:46415, 018b3f78-d19f-4e26-a796-cb8ddc4f97cf:192.168.34.56:35845], old=null
2019-10-18 13:01:30,622 [c124d131-afb9-4343-ad4e-aaebde613043@group-FF4202234884-LeaderElection94] INFO  impl.LeaderElection (LeaderElection.java:askForVotes(178)) - c124d131-afb9-4343-ad4e-aaebde613043@group-FF4202234884-LeaderElection94: begin an election at term 41 for -1: [999343e7-0330-4874-a345-91eca72585e0:192.168.34.56:44872, c124d131-afb9-4343-ad4e-aaebde613043:192.168.34.56:42116, e5bb327f-cdd7-4e49-919e-13a4c895fddf:192.168.34.56:36658], old=null
2019-10-18 13:01:30,622 [018b3f78-d19f-4e26-a796-cb8ddc4f97cf@group-187684C21557-LeaderElection93] INFO  impl.LeaderElection (LeaderElection.java:askForVotes(178)) - 018b3f78-d19f-4e26-a796-cb8ddc4f97cf@group-187684C21557-LeaderElection93: begin an election at term 39 for -1: [893cf03e-f2cf-478a-892a-a746717e50e3:192.168.34.56:40750, 8697df36-98d2-41b1-bdc7-60597b3b5526:192.168.34.56:46415, 018b3f78-d19f-4e26-a796-cb8ddc4f97cf:192.168.34.56:35845], old=null
2019-10-18 13:01:30,624 [grpc-default-executor-5] INFO  impl.RaftServerImpl (RaftServerImpl.java:setRole(184)) - 893cf03e-f2cf-478a-892a-a746717e50e3@group-187684C21557: changes role from  FOLLOWER to FOLLOWER at term 39 for recognizeCandidate:018b3f78-d19f-4e26-a796-cb8ddc4f97cf
2019-10-18 13:01:30,624 [grpc-default-executor-5] INFO  impl.RoleInfo (RoleInfo.java:shutdownFollowerState(121)) - 893cf03e-f2cf-478a-892a-a746717e50e3: shutdown FollowerState
2019-10-18 13:01:30,624 [grpc-default-executor-5] INFO  impl.RoleInfo (RoleInfo.java:updateAndGet(143)) - 893cf03e-f2cf-478a-892a-a746717e50e3: start FollowerState
2019-10-18 13:01:30,624 [Thread-990] INFO  impl.FollowerState (FollowerState.java:run(117)) - 893cf03e-f2cf-478a-892a-a746717e50e3@group-187684C21557-FollowerState was interrupted: java.lang.InterruptedException: sleep interrupted
2019-10-18 13:01:30,624 [grpc-default-executor-7] INFO  impl.RaftServerImpl (RaftServerImpl.java:setRole(184)) - e5bb327f-cdd7-4e49-919e-13a4c895fddf@group-FF4202234884: changes role from  FOLLOWER to FOLLOWER at term 41 for recognizeCandidate:c124d131-afb9-4343-ad4e-aaebde613043
2019-10-18 13:01:30,625 [grpc-default-executor-7] INFO  impl.RoleInfo (RoleInfo.java:shutdownFollowerState(121)) - e5bb327f-cdd7-4e49-919e-13a4c895fddf: shutdown FollowerState
2019-10-18 13:01:30,625 [grpc-default-executor-0] INFO  impl.RaftServerImpl (RaftServerImpl.java:setRole(184)) - 999343e7-0330-4874-a345-91eca72585e0@group-FF4202234884: changes role from  FOLLOWER to FOLLOWER at term 41 for recognizeCandidate:c124d131-afb9-4343-ad4e-aaebde613043
2019-10-18 13:01:30,625 [grpc-default-executor-0] INFO  impl.RoleInfo (RoleInfo.java:shutdownFollowerState(121)) - 999343e7-0330-4874-a345-91eca72585e0: shutdown FollowerState
2019-10-18 13:01:30,625 [Thread-981] INFO  impl.FollowerState (FollowerState.java:run(117)) - e5bb327f-cdd7-4e49-919e-13a4c895fddf@group-FF4202234884-FollowerState was interrupted: java.lang.InterruptedException: sleep interrupted
2019-10-18 13:01:30,625 [grpc-default-executor-7] INFO  impl.RoleInfo (RoleInfo.java:updateAndGet(143)) - e5bb327f-cdd7-4e49-919e-13a4c895fddf: start FollowerState
2019-10-18 13:01:30,625 [grpc-default-executor-2] INFO  impl.RaftServerImpl (RaftServerImpl.java:setRole(184)) - 8697df36-98d2-41b1-bdc7-60597b3b5526@group-187684C21557: changes role from  FOLLOWER to FOLLOWER at term 39 for recognizeCandidate:018b3f78-d19f-4e26-a796-cb8ddc4f97cf
2019-10-18 13:01:30,625 [Thread-980] INFO  impl.FollowerState (FollowerState.java:run(117)) - 999343e7-0330-4874-a345-91eca72585e0@group-FF4202234884-FollowerState was interrupted: java.lang.InterruptedException: sleep interrupted
2019-10-18 13:01:30,625 [grpc-default-executor-0] INFO  impl.RoleInfo (RoleInfo.java:updateAndGet(143)) - 999343e7-0330-4874-a345-91eca72585e0: start FollowerState
2019-10-18 13:01:30,625 [grpc-default-executor-2] INFO  impl.RoleInfo (RoleInfo.java:shutdownFollowerState(121)) - 8697df36-98d2-41b1-bdc7-60597b3b5526: shutdown FollowerState
2019-10-18 13:01:30,626 [grpc-default-executor-2] INFO  impl.RoleInfo (RoleInfo.java:updateAndGet(143)) - 8697df36-98d2-41b1-bdc7-60597b3b5526: start FollowerState
2019-10-18 13:01:30,626 [Thread-989] INFO  impl.FollowerState (FollowerState.java:run(117)) - 8697df36-98d2-41b1-bdc7-60597b3b5526@group-187684C21557-FollowerState was interrupted: java.lang.InterruptedException: sleep interrupted
2019-10-18 13:01:30,708 [018b3f78-d19f-4e26-a796-cb8ddc4f97cf@group-187684C21557-LeaderElection93] INFO  impl.LeaderElection (LeaderElection.java:logAndReturn(56)) - 018b3f78-d19f-4e26-a796-cb8ddc4f97cf@group-187684C21557-LeaderElection93: Election TIMEOUT; received 0 response(s) [] and 0 exception(s); 018b3f78-d19f-4e26-a796-cb8ddc4f97cf@group-187684C21557:t39, leader=null, voted=018b3f78-d19f-4e26-a796-cb8ddc4f97cf, raftlog=018b3f78-d19f-4e26-a796-cb8ddc4f97cf@group-187684C21557-SegmentedRaftLog:OPENED:c-1,f-1,i0, conf=-1: [893cf03e-f2cf-478a-892a-a746717e50e3:192.168.34.56:40750, 8697df36-98d2-41b1-bdc7-60597b3b5526:192.168.34.56:46415, 018b3f78-d19f-4e26-a796-cb8ddc4f97cf:192.168.34.56:35845], old=null
2019-10-18 13:01:30,713 [c124d131-afb9-4343-ad4e-aaebde613043@group-FF4202234884-LeaderElection94] INFO  impl.LeaderElection (LeaderElection.java:logAndReturn(56)) - c124d131-afb9-4343-ad4e-aaebde613043@group-FF4202234884-LeaderElection94: Election REJECTED; received 2 response(s) [c124d131-afb9-4343-ad4e-aaebde613043<-999343e7-0330-4874-a345-91eca72585e0#0:FAIL-t41, c124d131-afb9-4343-ad4e-aaebde613043<-e5bb327f-cdd7-4e49-919e-13a4c895fddf#0:FAIL-t41] and 0 exception(s); c124d131-afb9-4343-ad4e-aaebde613043@group-FF4202234884:t41, leader=null, voted=c124d131-afb9-4343-ad4e-aaebde613043, raftlog=c124d131-afb9-4343-ad4e-aaebde613043@group-FF4202234884-SegmentedRaftLog:OPENED:c-1,f-1,i0, conf=-1: [999343e7-0330-4874-a345-91eca72585e0:192.168.34.56:44872, c124d131-afb9-4343-ad4e-aaebde613043:192.168.34.56:42116, e5bb327f-cdd7-4e49-919e-13a4c895fddf:192.168.34.56:36658], old=null
2019-10-18 13:01:30,713 [c124d131-afb9-4343-ad4e-aaebde613043@group-FF4202234884-LeaderElection94] INFO  impl.RaftServerImpl (RaftServerImpl.java:setRole(184)) - c124d131-afb9-4343-ad4e-aaebde613043@group-FF4202234884: changes role from CANDIDATE to FOLLOWER at term 41 for DISCOVERED_A_NEW_TERM
2019-10-18 13:01:30,713 [c124d131-afb9-4343-ad4e-aaebde613043@group-FF4202234884-LeaderElection94] INFO  impl.RoleInfo (RoleInfo.java:shutdownLeaderElection(134)) - c124d131-afb9-4343-ad4e-aaebde613043: shutdown LeaderElection
2019-10-18 13:01:30,713 [c124d131-afb9-4343-ad4e-aaebde613043@group-FF4202234884-LeaderElection94] INFO  impl.RoleInfo (RoleInfo.java:updateAndGet(143)) - c124d131-afb9-4343-ad4e-aaebde613043: start FollowerState
2019-10-18 13:01:30,768 [018b3f78-d19f-4e26-a796-cb8ddc4f97cf@group-187684C21557-LeaderElection93] INFO  impl.LeaderElection (LeaderElection.java:askForVotes(178)) - 018b3f78-d19f-4e26-a796-cb8ddc4f97cf@group-187684C21557-LeaderElection93: begin an election at term 40 for -1: [893cf03e-f2cf-478a-892a-a746717e50e3:192.168.34.56:40750, 8697df36-98d2-41b1-bdc7-60597b3b5526:192.168.34.56:46415, 018b3f78-d19f-4e26-a796-cb8ddc4f97cf:192.168.34.56:35845], old=null
2019-10-18 13:01:30,773 [grpc-default-executor-2] INFO  impl.RaftServerImpl (RaftServerImpl.java:setRole(184)) - 893cf03e-f2cf-478a-892a-a746717e50e3@group-187684C21557: changes role from  FOLLOWER to FOLLOWER at term 40 for recognizeCandidate:018b3f78-d19f-4e26-a796-cb8ddc4f97cf
2019-10-18 13:01:30,773 [grpc-default-executor-0] INFO  impl.RaftServerImpl (RaftServerImpl.java:setRole(184)) - 8697df36-98d2-41b1-bdc7-60597b3b5526@group-187684C21557: changes role from  FOLLOWER to FOLLOWER at term 40 for recognizeCandidate:018b3f78-d19f-4e26-a796-cb8ddc4f97cf
2019-10-18 13:01:30,773 [grpc-default-executor-2] INFO  impl.RoleInfo (RoleInfo.java:shutdownFollowerState(121)) - 893cf03e-f2cf-478a-892a-a746717e50e3: shutdown FollowerState
2019-10-18 13:01:30,773 [grpc-default-executor-0] INFO  impl.RoleInfo (RoleInfo.java:shutdownFollowerState(121)) - 8697df36-98d2-41b1-bdc7-60597b3b5526: shutdown FollowerState
2019-10-18 13:01:30,773 [Thread-995] INFO  impl.FollowerState (FollowerState.java:run(117)) - 893cf03e-f2cf-478a-892a-a746717e50e3@group-187684C21557-FollowerState was interrupted: java.lang.InterruptedException: sleep interrupted
2019-10-18 13:01:30,773 [grpc-default-executor-2] INFO  impl.RoleInfo (RoleInfo.java:updateAndGet(143)) - 893cf03e-f2cf-478a-892a-a746717e50e3: start FollowerState
2019-10-18 13:01:30,773 [grpc-default-executor-0] INFO  impl.RoleInfo (RoleInfo.java:updateAndGet(143)) - 8697df36-98d2-41b1-bdc7-60597b3b5526: start FollowerState
2019-10-18 13:01:30,773 [Thread-998] INFO  impl.FollowerState (FollowerState.java:run(117)) - 8697df36-98d2-41b1-bdc7-60597b3b5526@group-187684C21557-FollowerState was interrupted: java.lang.InterruptedException: sleep interrupted
2019-10-18 13:01:30,835 [018b3f78-d19f-4e26-a796-cb8ddc4f97cf@group-187684C21557-LeaderElection93] INFO  impl.LeaderElection (LeaderElection.java:logAndReturn(56)) - 018b3f78-d19f-4e26-a796-cb8ddc4f97cf@group-187684C21557-LeaderElection93: Election REJECTED; received 2 response(s) [018b3f78-d19f-4e26-a796-cb8ddc4f97cf<-893cf03e-f2cf-478a-892a-a746717e50e3#0:FAIL-t40, 018b3f78-d19f-4e26-a796-cb8ddc4f97cf<-8697df36-98d2-41b1-bdc7-60597b3b5526#0:FAIL-t40] and 0 exception(s); 018b3f78-d19f-4e26-a796-cb8ddc4f97cf@group-187684C21557:t40, leader=null, voted=018b3f78-d19f-4e26-a796-cb8ddc4f97cf, raftlog=018b3f78-d19f-4e26-a796-cb8ddc4f97cf@group-187684C21557-SegmentedRaftLog:OPENED:c-1,f-1,i0, conf=-1: [893cf03e-f2cf-478a-892a-a746717e50e3:192.168.34.56:40750, 8697df36-98d2-41b1-bdc7-60597b3b5526:192.168.34.56:46415, 018b3f78-d19f-4e26-a796-cb8ddc4f97cf:192.168.34.56:35845], old=null
2019-10-18 13:01:30,836 [018b3f78-d19f-4e26-a796-cb8ddc4f97cf@group-187684C21557-LeaderElection93] INFO  impl.RaftServerImpl (RaftServerImpl.java:setRole(184)) - 018b3f78-d19f-4e26-a796-cb8ddc4f97cf@group-187684C21557: changes role from CANDIDATE to FOLLOWER at term 40 for DISCOVERED_A_NEW_TERM
2019-10-18 13:01:30,836 [018b3f78-d19f-4e26-a796-cb8ddc4f97cf@group-187684C21557-LeaderElection93] INFO  impl.RoleInfo (RoleInfo.java:shutdownLeaderElection(134)) - 018b3f78-d19f-4e26-a796-cb8ddc4f97cf: shutdown LeaderElection
2019-10-18 13:01:30,836 [018b3f78-d19f-4e26-a796-cb8ddc4f97cf@group-187684C21557-LeaderElection93] INFO  impl.RoleInfo (RoleInfo.java:updateAndGet(143)) - 018b3f78-d19f-4e26-a796-cb8ddc4f97cf: start FollowerState
2019-10-18 13:01:30,890 [Thread-1005] INFO  impl.FollowerState (FollowerState.java:run(108)) - 018b3f78-d19f-4e26-a796-cb8ddc4f97cf@group-187684C21557-FollowerState: change to CANDIDATE, lastRpcTime:53ms, electionTimeout:53ms
2019-10-18 13:01:30,890 [Thread-1005] INFO  impl.RoleInfo (RoleInfo.java:shutdownFollowerState(121)) - 018b3f78-d19f-4e26-a796-cb8ddc4f97cf: shutdown FollowerState
2019-10-18 13:01:30,890 [Thread-1005] INFO  impl.RaftServerImpl (RaftServerImpl.java:setRole(184)) - 018b3f78-d19f-4e26-a796-cb8ddc4f97cf@group-187684C21557: changes role from  FOLLOWER to CANDIDATE at term 40 for changeToCandidate
2019-10-18 13:01:30,890 [Thread-1005] INFO  impl.RoleInfo (RoleInfo.java:updateAndGet(143)) - 018b3f78-d19f-4e26-a796-cb8ddc4f97cf: start LeaderElection
2019-10-18 13:01:30,906 [Thread-999] INFO  impl.FollowerState (FollowerState.java:run(108)) - c124d131-afb9-4343-ad4e-aaebde613043@group-FF4202234884-FollowerState: change to CANDIDATE, lastRpcTime:192ms, electionTimeout:192ms
2019-10-18 13:01:30,906 [Thread-999] INFO  impl.RoleInfo (RoleInfo.java:shutdownFollowerState(121)) - c124d131-afb9-4343-ad4e-aaebde613043: shutdown FollowerState
2019-10-18 13:01:30,906 [Thread-999] INFO  impl.RaftServerImpl (RaftServerImpl.java:setRole(184)) - c124d131-afb9-4343-ad4e-aaebde613043@group-FF4202234884: changes role from  FOLLOWER to CANDIDATE at term 41 for changeToCandidate
2019-10-18 13:01:30,906 [Thread-999] INFO  impl.RoleInfo (RoleInfo.java:updateAndGet(143)) - c124d131-afb9-4343-ad4e-aaebde613043: start LeaderElection
2019-10-18 13:01:30,915 [018b3f78-d19f-4e26-a796-cb8ddc4f97cf@group-187684C21557-LeaderElection95] INFO  impl.LeaderElection (LeaderElection.java:askForVotes(178)) - 018b3f78-d19f-4e26-a796-cb8ddc4f97cf@group-187684C21557-LeaderElection95: begin an election at term 41 for -1: [893cf03e-f2cf-478a-892a-a746717e50e3:192.168.34.56:40750, 8697df36-98d2-41b1-bdc7-60597b3b5526:192.168.34.56:46415, 018b3f78-d19f-4e26-a796-cb8ddc4f97cf:192.168.34.56:35845], old=null
2019-10-18 13:01:30,917 [grpc-default-executor-2] INFO  impl.RaftServerImpl (RaftServerImpl.java:setRole(184)) - 893cf03e-f2cf-478a-892a-a746717e50e3@group-187684C21557: changes role from  FOLLOWER to FOLLOWER at term 41 for recognizeCandidate:018b3f78-d19f-4e26-a796-cb8ddc4f97cf
2019-10-18 13:01:30,917 [grpc-default-executor-2] INFO  impl.RoleInfo (RoleInfo.java:shutdownFollowerState(121)) - 893cf03e-f2cf-478a-892a-a746717e50e3: shutdown FollowerState
2019-10-18 13:01:30,917 [grpc-default-executor-0] INFO  impl.RaftServerImpl (RaftServerImpl.java:setRole(184)) - 8697df36-98d2-41b1-bdc7-60597b3b5526@group-187684C21557: changes role from  FOLLOWER to FOLLOWER at term 41 for recognizeCandidate:018b3f78-d19f-4e26-a796-cb8ddc4f97cf
2019-10-18 13:01:30,917 [Thread-1003] INFO  impl.FollowerState (FollowerState.java:run(117)) - 893cf03e-f2cf-478a-892a-a746717e50e3@group-187684C21557-FollowerState was interrupted: java.lang.InterruptedException: sleep interrupted
2019-10-18 13:01:30,917 [grpc-default-executor-2] INFO  impl.RoleInfo (RoleInfo.java:updateAndGet(143)) - 893cf03e-f2cf-478a-892a-a746717e50e3: start FollowerState
2019-10-18 13:01:30,917 [grpc-default-executor-0] INFO  impl.RoleInfo (RoleInfo.java:shutdownFollowerState(121)) - 8697df36-98d2-41b1-bdc7-60597b3b5526: shutdown FollowerState
2019-10-18 13:01:30,917 [grpc-default-executor-0] INFO  impl.RoleInfo (RoleInfo.java:updateAndGet(143)) - 8697df36-98d2-41b1-bdc7-60597b3b5526: start FollowerState
2019-10-18 13:01:30,918 [Thread-1004] INFO  impl.FollowerState (FollowerState.java:run(117)) - 8697df36-98d2-41b1-bdc7-60597b3b5526@group-187684C21557-FollowerState was interrupted: java.lang.InterruptedException: sleep interrupted
2019-10-18 13:01:30,933 [018b3f78-d19f-4e26-a796-cb8ddc4f97cf@group-187684C21557-LeaderElection95] INFO  impl.LeaderElection (LeaderElection.java:logAndReturn(56)) - 018b3f78-d19f-4e26-a796-cb8ddc4f97cf@group-187684C21557-LeaderElection95: Election TIMEOUT; received 0 response(s) [] and 0 exception(s); 018b3f78-d19f-4e26-a796-cb8ddc4f97cf@group-187684C21557:t41, leader=null, voted=018b3f78-d19f-4e26-a796-cb8ddc4f97cf, raftlog=018b3f78-d19f-4e26-a796-cb8ddc4f97cf@group-187684C21557-SegmentedRaftLog:OPENED:c-1,f-1,i0, conf=-1: [893cf03e-f2cf-478a-892a-a746717e50e3:192.168.34.56:40750, 8697df36-98d2-41b1-bdc7-60597b3b5526:192.168.34.56:46415, 018b3f78-d19f-4e26-a796-cb8ddc4f97cf:192.168.34.56:35845], old=null
2019-10-18 13:01:30,999 [c124d131-afb9-4343-ad4e-aaebde613043@group-FF4202234884-LeaderElection96] INFO  impl.LeaderElection (LeaderElection.java:askForVotes(178)) - c124d131-afb9-4343-ad4e-aaebde613043@group-FF4202234884-LeaderElection96: begin an election at term 42 for -1: [999343e7-0330-4874-a345-91eca72585e0:192.168.34.56:44872, c124d131-afb9-4343-ad4e-aaebde613043:192.168.34.56:42116, e5bb327f-cdd7-4e49-919e-13a4c895fddf:192.168.34.56:36658], old=null
2019-10-18 13:01:31,001 [grpc-default-executor-0] INFO  impl.RaftServerImpl (RaftServerImpl.java:setRole(184)) - 999343e7-0330-4874-a345-91eca72585e0@group-FF4202234884: changes role from  FOLLOWER to FOLLOWER at term 42 for recognizeCandidate:c124d131-afb9-4343-ad4e-aaebde613043
2019-10-18 13:01:31,001 [grpc-default-executor-2] INFO  impl.RaftServerImpl (RaftServerImpl.java:setRole(184)) - e5bb327f-cdd7-4e49-919e-13a4c895fddf@group-FF4202234884: changes role from  FOLLOWER to FOLLOWER at term 42 for recognizeCandidate:c124d131-afb9-4343-ad4e-aaebde613043
2019-10-18 13:01:31,001 [grpc-default-executor-0] INFO  impl.RoleInfo (RoleInfo.java:shutdownFollowerState(121)) - 999343e7-0330-4874-a345-91eca72585e0: shutdown FollowerState
2019-10-18 13:01:31,002 [grpc-default-executor-2] INFO  impl.RoleInfo (RoleInfo.java:shutdownFollowerState(121)) - e5bb327f-cdd7-4e49-919e-13a4c895fddf: shutdown FollowerState
2019-10-18 13:01:31,002 [Thread-996] INFO  impl.FollowerState (FollowerState.java:run(117)) - e5bb327f-cdd7-4e49-919e-13a4c895fddf@group-FF4202234884-FollowerState was interrupted: java.lang.InterruptedException: sleep interrupted
2019-10-18 13:01:31,002 [grpc-default-executor-0] INFO  impl.RoleInfo (RoleInfo.java:updateAndGet(143)) - 999343e7-0330-4874-a345-91eca72585e0: start FollowerState
2019-10-18 13:01:31,002 [Thread-997] INFO  impl.FollowerState (FollowerState.java:run(117)) - 999343e7-0330-4874-a345-91eca72585e0@group-FF4202234884-FollowerState was interrupted: java.lang.InterruptedException: sleep interrupted
2019-10-18 13:01:31,002 [grpc-default-executor-2] INFO  impl.RoleInfo (RoleInfo.java:updateAndGet(143)) - e5bb327f-cdd7-4e49-919e-13a4c895fddf: start FollowerState
2019-10-18 13:01:31,037 [c124d131-afb9-4343-ad4e-aaebde613043@group-FF4202234884-LeaderElection96] INFO  impl.LeaderElection (LeaderElection.java:logAndReturn(56)) - c124d131-afb9-4343-ad4e-aaebde613043@group-FF4202234884-LeaderElection96: Election TIMEOUT; received 0 response(s) [] and 0 exception(s); c124d131-afb9-4343-ad4e-aaebde613043@group-FF4202234884:t42, leader=null, voted=c124d131-afb9-4343-ad4e-aaebde613043, raftlog=c124d131-afb9-4343-ad4e-aaebde613043@group-FF4202234884-SegmentedRaftLog:OPENED:c-1,f-1,i0, conf=-1: [999343e7-0330-4874-a345-91eca72585e0:192.168.34.56:44872, c124d131-afb9-4343-ad4e-aaebde613043:192.168.34.56:42116, e5bb327f-cdd7-4e49-919e-13a4c895fddf:192.168.34.56:36658], old=null
2019-10-18 13:01:31,042 [018b3f78-d19f-4e26-a796-cb8ddc4f97cf@group-187684C21557-LeaderElection95] INFO  impl.LeaderElection (LeaderElection.java:askForVotes(178)) - 018b3f78-d19f-4e26-a796-cb8ddc4f97cf@group-187684C21557-LeaderElection95: begin an election at term 42 for -1: [893cf03e-f2cf-478a-892a-a746717e50e3:192.168.34.56:40750, 8697df36-98d2-41b1-bdc7-60597b3b5526:192.168.34.56:46415, 018b3f78-d19f-4e26-a796-cb8ddc4f97cf:192.168.34.56:35845], old=null
2019-10-18 13:01:31,047 [grpc-default-executor-5] INFO  impl.RaftServerImpl (RaftServerImpl.java:setRole(184)) - 8697df36-98d2-41b1-bdc7-60597b3b5526@group-187684C21557: changes role from  FOLLOWER to FOLLOWER at term 42 for recognizeCandidate:018b3f78-d19f-4e26-a796-cb8ddc4f97cf
2019-10-18 13:01:31,047 [grpc-default-executor-7] INFO  impl.RaftServerImpl (RaftServerImpl.java:setRole(184)) - 893cf03e-f2cf-478a-892a-a746717e50e3@group-187684C21557: changes role from  FOLLOWER to FOLLOWER at term 42 for recognizeCandidate:018b3f78-d19f-4e26-a796-cb8ddc4f97cf
2019-10-18 13:01:31,048 [grpc-default-executor-5] INFO  impl.RoleInfo (RoleInfo.java:shutdownFollowerState(121)) - 8697df36-98d2-41b1-bdc7-60597b3b5526: shutdown FollowerState
2019-10-18 13:01:31,048 [grpc-default-executor-7] INFO  impl.RoleInfo (RoleInfo.java:shutdownFollowerState(121)) - 893cf03e-f2cf-478a-892a-a746717e50e3: shutdown FollowerState
2019-10-18 13:01:31,048 [Thread-1012] INFO  impl.FollowerState (FollowerState.java:run(117)) - 8697df36-98d2-41b1-bdc7-60597b3b5526@group-187684C21557-FollowerState was interrupted: java.lang.InterruptedException: sleep interrupted
2019-10-18 13:01:31,048 [grpc-default-executor-5] INFO  impl.RoleInfo (RoleInfo.java:updateAndGet(143)) - 8697df36-98d2-41b1-bdc7-60597b3b5526: start FollowerState
2019-10-18 13:01:31,048 [Thread-1011] INFO  impl.FollowerState (FollowerState.java:run(117)) - 893cf03e-f2cf-478a-892a-a746717e50e3@group-187684C21557-FollowerState was interrupted: java.lang.InterruptedException: sleep interrupted
2019-10-18 13:01:31,048 [grpc-default-executor-7] INFO  impl.RoleInfo (RoleInfo.java:updateAndGet(143)) - 893cf03e-f2cf-478a-892a-a746717e50e3: start FollowerState
2019-10-18 13:01:31,103 [018b3f78-d19f-4e26-a796-cb8ddc4f97cf@group-187684C21557-LeaderElection95] INFO  impl.LeaderElection (LeaderElection.java:logAndReturn(56)) - 018b3f78-d19f-4e26-a796-cb8ddc4f97cf@group-187684C21557-LeaderElection95: Election TIMEOUT; received 0 response(s) [] and 0 exception(s); 018b3f78-d19f-4e26-a796-cb8ddc4f97cf@group-187684C21557:t42, leader=null, voted=018b3f78-d19f-4e26-a796-cb8ddc4f97cf, raftlog=018b3f78-d19f-4e26-a796-cb8ddc4f97cf@group-187684C21557-SegmentedRaftLog:OPENED:c-1,f-1,i0, conf=-1: [893cf03e-f2cf-478a-892a-a746717e50e3:192.168.34.56:40750, 8697df36-98d2-41b1-bdc7-60597b3b5526:192.168.34.56:46415, 018b3f78-d19f-4e26-a796-cb8ddc4f97cf:192.168.34.56:35845], old=null
2019-10-18 13:01:31,177 [c124d131-afb9-4343-ad4e-aaebde613043@group-FF4202234884-LeaderElection96] INFO  impl.LeaderElection (LeaderElection.java:askForVotes(178)) - c124d131-afb9-4343-ad4e-aaebde613043@group-FF4202234884-LeaderElection96: begin an election at term 43 for -1: [999343e7-0330-4874-a345-91eca72585e0:192.168.34.56:44872, c124d131-afb9-4343-ad4e-aaebde613043:192.168.34.56:42116, e5bb327f-cdd7-4e49-919e-13a4c895fddf:192.168.34.56:36658], old=null
2019-10-18 13:01:31,179 [grpc-default-executor-5] INFO  impl.RaftServerImpl (RaftServerImpl.java:setRole(184)) - e5bb327f-cdd7-4e49-919e-13a4c895fddf@group-FF4202234884: changes role from  FOLLOWER to FOLLOWER at term 43 for recognizeCandidate:c124d131-afb9-4343-ad4e-aaebde613043
2019-10-18 13:01:31,179 [grpc-default-executor-7] INFO  impl.RaftServerImpl (RaftServerImpl.java:setRole(184)) - 999343e7-0330-4874-a345-91eca72585e0@group-FF4202234884: changes role from  FOLLOWER to FOLLOWER at term 43 for recognizeCandidate:c124d131-afb9-4343-ad4e-aaebde613043
2019-10-18 13:01:31,180 [grpc-default-executor-5] INFO  impl.RoleInfo (RoleInfo.java:shutdownFollowerState(121)) - e5bb327f-cdd7-4e49-919e-13a4c895fddf: shutdown FollowerState
2019-10-18 13:01:31,180 [grpc-default-executor-7] INFO  impl.RoleInfo (RoleInfo.java:shutdownFollowerState(121)) - 999343e7-0330-4874-a345-91eca72585e0: shutdown FollowerState
2019-10-18 13:01:31,180 [Thread-1016] INFO  impl.FollowerState (FollowerState.java:run(117)) - e5bb327f-cdd7-4e49-919e-13a4c895fddf@group-FF4202234884-FollowerState was interrupted: java.lang.InterruptedException: sleep interrupted
2019-10-18 13:01:31,180 [grpc-default-executor-5] INFO  impl.RoleInfo (RoleInfo.java:updateAndGet(143)) - e5bb327f-cdd7-4e49-919e-13a4c895fddf: start FollowerState
2019-10-18 13:01:31,180 [Thread-1015] INFO  impl.FollowerState (FollowerState.java:run(117)) - 999343e7-0330-4874-a345-91eca72585e0@group-FF4202234884-FollowerState was interrupted: java.lang.InterruptedException: sleep interrupted
2019-10-18 13:01:31,180 [grpc-default-executor-7] INFO  impl.RoleInfo (RoleInfo.java:updateAndGet(143)) - 999343e7-0330-4874-a345-91eca72585e0: start FollowerState
2019-10-18 13:01:31,239 [018b3f78-d19f-4e26-a796-cb8ddc4f97cf@group-187684C21557-LeaderElection95] INFO  impl.LeaderElection (LeaderElection.java:askForVotes(178)) - 018b3f78-d19f-4e26-a796-cb8ddc4f97cf@group-187684C21557-LeaderElection95: begin an election at term 43 for -1: [893cf03e-f2cf-478a-892a-a746717e50e3:192.168.34.56:40750, 8697df36-98d2-41b1-bdc7-60597b3b5526:192.168.34.56:46415, 018b3f78-d19f-4e26-a796-cb8ddc4f97cf:192.168.34.56:35845], old=null
2019-10-18 13:01:31,241 [grpc-default-executor-2] INFO  impl.RaftServerImpl (RaftServerImpl.java:setRole(184)) - 8697df36-98d2-41b1-bdc7-60597b3b5526@group-187684C21557: changes role from  FOLLOWER to FOLLOWER at term 43 for recognizeCandidate:018b3f78-d19f-4e26-a796-cb8ddc4f97cf
2019-10-18 13:01:31,241 [grpc-default-executor-8] INFO  impl.RaftServerImpl (RaftServerImpl.java:setRole(184)) - 893cf03e-f2cf-478a-892a-a746717e50e3@group-187684C21557: changes role from  FOLLOWER to FOLLOWER at term 43 for recognizeCandidate:018b3f78-d19f-4e26-a796-cb8ddc4f97cf
2019-10-18 13:01:31,241 [grpc-default-executor-8] INFO  impl.RoleInfo (RoleInfo.java:shutdownFollowerState(121)) - 893cf03e-f2cf-478a-892a-a746717e50e3: shutdown FollowerState
2019-10-18 13:01:31,241 [grpc-default-executor-8] INFO  impl.RoleInfo (RoleInfo.java:updateAndGet(143)) - 893cf03e-f2cf-478a-892a-a746717e50e3: start FollowerState
2019-10-18 13:01:31,241 [Thread-1020] INFO  impl.FollowerState (FollowerState.java:run(117)) - 893cf03e-f2cf-478a-892a-a746717e50e3@group-187684C21557-FollowerState was interrupted: java.lang.InterruptedException: sleep interrupted
2019-10-18 13:01:31,241 [grpc-default-executor-2] INFO  impl.RoleInfo (RoleInfo.java:shutdownFollowerState(121)) - 8697df36-98d2-41b1-bdc7-60597b3b5526: shutdown FollowerState
2019-10-18 13:01:31,242 [grpc-default-executor-2] INFO  impl.RoleInfo (RoleInfo.java:updateAndGet(143)) - 8697df36-98d2-41b1-bdc7-60597b3b5526: start FollowerState
2019-10-18 13:01:31,242 [Thread-1019] INFO  impl.FollowerState (FollowerState.java:run(117)) - 8697df36-98d2-41b1-bdc7-60597b3b5526@group-187684C21557-FollowerState was interrupted: java.lang.InterruptedException: sleep interrupted
2019-10-18 13:01:31,270 [c124d131-afb9-4343-ad4e-aaebde613043@group-FF4202234884-LeaderElection96] INFO  impl.LeaderElection (LeaderElection.java:logAndReturn(56)) - c124d131-afb9-4343-ad4e-aaebde613043@group-FF4202234884-LeaderElection96: Election REJECTED; received 2 response(s) [c124d131-afb9-4343-ad4e-aaebde613043<-999343e7-0330-4874-a345-91eca72585e0#0:FAIL-t43, c124d131-afb9-4343-ad4e-aaebde613043<-e5bb327f-cdd7-4e49-919e-13a4c895fddf#0:FAIL-t43] and 0 exception(s); c124d131-afb9-4343-ad4e-aaebde613043@group-FF4202234884:t43, leader=null, voted=c124d131-afb9-4343-ad4e-aaebde613043, raftlog=c124d131-afb9-4343-ad4e-aaebde613043@group-FF4202234884-SegmentedRaftLog:OPENED:c-1,f-1,i0, conf=-1: [999343e7-0330-4874-a345-91eca72585e0:192.168.34.56:44872, c124d131-afb9-4343-ad4e-aaebde613043:192.168.34.56:42116, e5bb327f-cdd7-4e49-919e-13a4c895fddf:192.168.34.56:36658], old=null
2019-10-18 13:01:31,270 [c124d131-afb9-4343-ad4e-aaebde613043@group-FF4202234884-LeaderElection96] INFO  impl.RaftServerImpl (RaftServerImpl.java:setRole(184)) - c124d131-afb9-4343-ad4e-aaebde613043@group-FF4202234884: changes role from CANDIDATE to FOLLOWER at term 43 for DISCOVERED_A_NEW_TERM
2019-10-18 13:01:31,270 [c124d131-afb9-4343-ad4e-aaebde613043@group-FF4202234884-LeaderElection96] INFO  impl.RoleInfo (RoleInfo.java:shutdownLeaderElection(134)) - c124d131-afb9-4343-ad4e-aaebde613043: shutdown LeaderElection
2019-10-18 13:01:31,270 [c124d131-afb9-4343-ad4e-aaebde613043@group-FF4202234884-LeaderElection96] INFO  impl.RoleInfo (RoleInfo.java:updateAndGet(143)) - c124d131-afb9-4343-ad4e-aaebde613043: start FollowerState
2019-10-18 13:01:31,271 [018b3f78-d19f-4e26-a796-cb8ddc4f97cf@group-187684C21557-LeaderElection95] INFO  impl.LeaderElection (LeaderElection.java:logAndReturn(56)) - 018b3f78-d19f-4e26-a796-cb8ddc4f97cf@group-187684C21557-LeaderElection95: Election REJECTED; received 2 response(s) [018b3f78-d19f-4e26-a796-cb8ddc4f97cf<-893cf03e-f2cf-478a-892a-a746717e50e3#0:FAIL-t43, 018b3f78-d19f-4e26-a796-cb8ddc4f97cf<-8697df36-98d2-41b1-bdc7-60597b3b5526#0:FAIL-t43] and 0 exception(s); 018b3f78-d19f-4e26-a796-cb8ddc4f97cf@group-187684C21557:t43, leader=null, voted=018b3f78-d19f-4e26-a796-cb8ddc4f97cf, raftlog=018b3f78-d19f-4e26-a796-cb8ddc4f97cf@group-187684C21557-SegmentedRaftLog:OPENED:c-1,f-1,i0, conf=-1: [893cf03e-f2cf-478a-892a-a746717e50e3:192.168.34.56:40750, 8697df36-98d2-41b1-bdc7-60597b3b5526:192.168.34.56:46415, 018b3f78-d19f-4e26-a796-cb8ddc4f97cf:192.168.34.56:35845], old=null
2019-10-18 13:01:31,271 [018b3f78-d19f-4e26-a796-cb8ddc4f97cf@group-187684C21557-LeaderElection95] INFO  impl.RaftServerImpl (RaftServerImpl.java:setRole(184)) - 018b3f78-d19f-4e26-a796-cb8ddc4f97cf@group-187684C21557: changes role from CANDIDATE to FOLLOWER at term 43 for DISCOVERED_A_NEW_TERM
2019-10-18 13:01:31,271 [018b3f78-d19f-4e26-a796-cb8ddc4f97cf@group-187684C21557-LeaderElection95] INFO  impl.RoleInfo (RoleInfo.java:shutdownLeaderElection(134)) - 018b3f78-d19f-4e26-a796-cb8ddc4f97cf: shutdown LeaderElection
2019-10-18 13:01:31,271 [018b3f78-d19f-4e26-a796-cb8ddc4f97cf@group-187684C21557-LeaderElection95] INFO  impl.RoleInfo (RoleInfo.java:updateAndGet(143)) - 018b3f78-d19f-4e26-a796-cb8ddc4f97cf: start FollowerState
2019-10-18 13:01:31,366 [Thread-1030] INFO  impl.FollowerState (FollowerState.java:run(108)) - c124d131-afb9-4343-ad4e-aaebde613043@group-FF4202234884-FollowerState: change to CANDIDATE, lastRpcTime:95ms, electionTimeout:95ms
2019-10-18 13:01:31,366 [Thread-1030] INFO  impl.RoleInfo (RoleInfo.java:shutdownFollowerState(121)) - c124d131-afb9-4343-ad4e-aaebde613043: shutdown FollowerState
2019-10-18 13:01:31,366 [Thread-1030] INFO  impl.RaftServerImpl (RaftServerImpl.java:setRole(184)) - c124d131-afb9-4343-ad4e-aaebde613043@group-FF4202234884: changes role from  FOLLOWER to CANDIDATE at term 43 for changeToCandidate
2019-10-18 13:01:31,366 [Thread-1030] INFO  impl.RoleInfo (RoleInfo.java:updateAndGet(143)) - c124d131-afb9-4343-ad4e-aaebde613043: start LeaderElection
2019-10-18 13:01:31,395 [Thread-1031] INFO  impl.FollowerState (FollowerState.java:run(108)) - 018b3f78-d19f-4e26-a796-cb8ddc4f97cf@group-187684C21557-FollowerState: change to CANDIDATE, lastRpcTime:123ms, electionTimeout:123ms
2019-10-18 13:01:31,395 [Thread-1031] INFO  impl.RoleInfo (RoleInfo.java:shutdownFollowerState(121)) - 018b3f78-d19f-4e26-a796-cb8ddc4f97cf: shutdown FollowerState
2019-10-18 13:01:31,395 [Thread-1031] INFO  impl.RaftServerImpl (RaftServerImpl.java:setRole(184)) - 018b3f78-d19f-4e26-a796-cb8ddc4f97cf@group-187684C21557: changes role from  FOLLOWER to CANDIDATE at term 43 for changeToCandidate
2019-10-18 13:01:31,395 [Thread-1031] INFO  impl.RoleInfo (RoleInfo.java:updateAndGet(143)) - 018b3f78-d19f-4e26-a796-cb8ddc4f97cf: start LeaderElection
2019-10-18 13:01:31,465 [c124d131-afb9-4343-ad4e-aaebde613043@group-FF4202234884-LeaderElection97] INFO  impl.LeaderElection (LeaderElection.java:askForVotes(178)) - c124d131-afb9-4343-ad4e-aaebde613043@group-FF4202234884-LeaderElection97: begin an election at term 44 for -1: [999343e7-0330-4874-a345-91eca72585e0:192.168.34.56:44872, c124d131-afb9-4343-ad4e-aaebde613043:192.168.34.56:42116, e5bb327f-cdd7-4e49-919e-13a4c895fddf:192.168.34.56:36658], old=null
2019-10-18 13:01:31,467 [grpc-default-executor-2] INFO  impl.RaftServerImpl (RaftServerImpl.java:setRole(184)) - e5bb327f-cdd7-4e49-919e-13a4c895fddf@group-FF4202234884: changes role from  FOLLOWER to FOLLOWER at term 44 for recognizeCandidate:c124d131-afb9-4343-ad4e-aaebde613043
2019-10-18 13:01:31,467 [grpc-default-executor-7] INFO  impl.RaftServerImpl (RaftServerImpl.java:setRole(184)) - 999343e7-0330-4874-a345-91eca72585e0@group-FF4202234884: changes role from  FOLLOWER to FOLLOWER at term 44 for recognizeCandidate:c124d131-afb9-4343-ad4e-aaebde613043
2019-10-18 13:01:31,467 [grpc-default-executor-2] INFO  impl.RoleInfo (RoleInfo.java:shutdownFollowerState(121)) - e5bb327f-cdd7-4e49-919e-13a4c895fddf: shutdown FollowerState
2019-10-18 13:01:31,467 [grpc-default-executor-7] INFO  impl.RoleInfo (RoleInfo.java:shutdownFollowerState(121)) - 999343e7-0330-4874-a345-91eca72585e0: shutdown FollowerState
2019-10-18 13:01:31,467 [grpc-default-executor-2] INFO  impl.RoleInfo (RoleInfo.java:updateAndGet(143)) - e5bb327f-cdd7-4e49-919e-13a4c895fddf: start FollowerState
2019-10-18 13:01:31,467 [Thread-1023] INFO  impl.FollowerState (FollowerState.java:run(117)) - e5bb327f-cdd7-4e49-919e-13a4c895fddf@group-FF4202234884-FollowerState was interrupted: java.lang.InterruptedException: sleep interrupted
2019-10-18 13:01:31,467 [Thread-1024] INFO  impl.FollowerState (FollowerState.java:run(117)) - 999343e7-0330-4874-a345-91eca72585e0@group-FF4202234884-FollowerState was interrupted: java.lang.InterruptedException: sleep interrupted
2019-10-18 13:01:31,467 [grpc-default-executor-7] INFO  impl.RoleInfo (RoleInfo.java:updateAndGet(143)) - 999343e7-0330-4874-a345-91eca72585e0: start FollowerState
2019-10-18 13:01:31,474 [018b3f78-d19f-4e26-a796-cb8ddc4f97cf@group-187684C21557-LeaderElection98] INFO  impl.LeaderElection (LeaderElection.java:askForVotes(178)) - 018b3f78-d19f-4e26-a796-cb8ddc4f97cf@group-187684C21557-LeaderElection98: begin an election at term 44 for -1: [893cf03e-f2cf-478a-892a-a746717e50e3:192.168.34.56:40750, 8697df36-98d2-41b1-bdc7-60597b3b5526:192.168.34.56:46415, 018b3f78-d19f-4e26-a796-cb8ddc4f97cf:192.168.34.56:35845], old=null
2019-10-18 13:01:31,478 [grpc-default-executor-5] INFO  impl.RaftServerImpl (RaftServerImpl.java:setRole(184)) - 893cf03e-f2cf-478a-892a-a746717e50e3@group-187684C21557: changes role from  FOLLOWER to FOLLOWER at term 44 for recognizeCandidate:018b3f78-d19f-4e26-a796-cb8ddc4f97cf
2019-10-18 13:01:31,478 [grpc-default-executor-0] INFO  impl.RaftServerImpl (RaftServerImpl.java:setRole(184)) - 8697df36-98d2-41b1-bdc7-60597b3b5526@group-187684C21557: changes role from  FOLLOWER to FOLLOWER at term 44 for recognizeCandidate:018b3f78-d19f-4e26-a796-cb8ddc4f97cf
2019-10-18 13:01:31,478 [grpc-default-executor-5] INFO  impl.RoleInfo (RoleInfo.java:shutdownFollowerState(121)) - 893cf03e-f2cf-478a-892a-a746717e50e3: shutdown FollowerState
2019-10-18 13:01:31,478 [grpc-default-executor-0] INFO  impl.RoleInfo (RoleInfo.java:shutdownFollowerState(121)) - 8697df36-98d2-41b1-bdc7-60597b3b5526: shutdown FollowerState
2019-10-18 13:01:31,479 [Thread-1028] INFO  impl.FollowerState (FollowerState.java:run(117)) - 893cf03e-f2cf-478a-892a-a746717e50e3@group-187684C21557-FollowerState was interrupted: java.lang.InterruptedException: sleep interrupted
2019-10-18 13:01:31,479 [grpc-default-executor-5] INFO  impl.RoleInfo (RoleInfo.java:updateAndGet(143)) - 893cf03e-f2cf-478a-892a-a746717e50e3: start FollowerState
2019-10-18 13:01:31,479 [Thread-1029] INFO  impl.FollowerState (FollowerState.java:run(117)) - 8697df36-98d2-41b1-bdc7-60597b3b5526@group-187684C21557-FollowerState was interrupted: java.lang.InterruptedException: sleep interrupted
2019-10-18 13:01:31,479 [grpc-default-executor-0] INFO  impl.RoleInfo (RoleInfo.java:updateAndGet(143)) - 8697df36-98d2-41b1-bdc7-60597b3b5526: start FollowerState
2019-10-18 13:01:31,531 [main] WARN  io.KeyOutputStream (KeyOutputStream.java:handleException(274)) - Encountered exception java.io.IOException: Unexpected Storage Container Exception: java.util.concurrent.CompletionException: java.util.concurrent.CompletionException: org.apache.ratis.protocol.RaftRetryFailureException: Failed RaftClientRequest:client-F2C512E2B3EE->999343e7-0330-4874-a345-91eca72585e0@group-FF4202234884, cid=19, seq=1*, RW, cmdType: WriteChunk
traceID: "8eb9f5cd0b2cbc5f:8eb9f5cd0b2cbc5f:0:0"
containerID: 1
datanodeUuid: "c124d131-afb9-4343-ad4e-aaebde613043"
writeChunk {
  blockID {
    containerID: 1
    localID: 102983511686381568
    blockCommitSequenceId: 0
  }
  chunkData {
    chunkName: "102983511686381568_chunk_1"
    offset: 0
    len: 1048576
    checksumData {
      type: CRC32
      bytesPerChecksum: 1048576
      checksums: "\361\003\002\247"
    }
  }
}
, data.size=1048576 for 10 attempts with RetryLimited(maxAttempts=10, sleepTime=1000ms) on the pipeline Pipeline[ Id: a42bae93-4c5d-4627-9bb4-ff4202234884, Nodes: c124d131-afb9-4343-ad4e-aaebde613043{ip: 192.168.34.56, host: pr-hdds-2330-xmbvw-1183399999, networkLocation: /default-rack, certSerialId: null}e5bb327f-cdd7-4e49-919e-13a4c895fddf{ip: 192.168.34.56, host: pr-hdds-2330-xmbvw-1183399999, networkLocation: /default-rack, certSerialId: null}999343e7-0330-4874-a345-91eca72585e0{ip: 192.168.34.56, host: pr-hdds-2330-xmbvw-1183399999, networkLocation: /default-rack, certSerialId: null}, Type:RATIS, Factor:THREE, State:OPEN]. The last committed block length is 0, uncommitted data length is 2097152 retry count 0
2019-10-18 13:01:31,551 [c124d131-afb9-4343-ad4e-aaebde613043@group-FF4202234884-LeaderElection97] INFO  impl.LeaderElection (LeaderElection.java:logAndReturn(56)) - c124d131-afb9-4343-ad4e-aaebde613043@group-FF4202234884-LeaderElection97: Election REJECTED; received 2 response(s) [c124d131-afb9-4343-ad4e-aaebde613043<-999343e7-0330-4874-a345-91eca72585e0#0:FAIL-t44, c124d131-afb9-4343-ad4e-aaebde613043<-e5bb327f-cdd7-4e49-919e-13a4c895fddf#0:FAIL-t44] and 0 exception(s); c124d131-afb9-4343-ad4e-aaebde613043@group-FF4202234884:t44, leader=null, voted=c124d131-afb9-4343-ad4e-aaebde613043, raftlog=c124d131-afb9-4343-ad4e-aaebde613043@group-FF4202234884-SegmentedRaftLog:OPENED:c-1,f-1,i0, conf=-1: [999343e7-0330-4874-a345-91eca72585e0:192.168.34.56:44872, c124d131-afb9-4343-ad4e-aaebde613043:192.168.34.56:42116, e5bb327f-cdd7-4e49-919e-13a4c895fddf:192.168.34.56:36658], old=null
2019-10-18 13:01:31,551 [c124d131-afb9-4343-ad4e-aaebde613043@group-FF4202234884-LeaderElection97] INFO  impl.RaftServerImpl (RaftServerImpl.java:setRole(184)) - c124d131-afb9-4343-ad4e-aaebde613043@group-FF4202234884: changes role from CANDIDATE to FOLLOWER at term 44 for DISCOVERED_A_NEW_TERM
2019-10-18 13:01:31,551 [c124d131-afb9-4343-ad4e-aaebde613043@group-FF4202234884-LeaderElection97] INFO  impl.RoleInfo (RoleInfo.java:shutdownLeaderElection(134)) - c124d131-afb9-4343-ad4e-aaebde613043: shutdown LeaderElection
2019-10-18 13:01:31,551 [c124d131-afb9-4343-ad4e-aaebde613043@group-FF4202234884-LeaderElection97] INFO  impl.RoleInfo (RoleInfo.java:updateAndGet(143)) - c124d131-afb9-4343-ad4e-aaebde613043: start FollowerState
2019-10-18 13:01:31,573 [018b3f78-d19f-4e26-a796-cb8ddc4f97cf@group-187684C21557-LeaderElection98] INFO  impl.LeaderElection (LeaderElection.java:logAndReturn(56)) - 018b3f78-d19f-4e26-a796-cb8ddc4f97cf@group-187684C21557-LeaderElection98: Election TIMEOUT; received 0 response(s) [] and 0 exception(s); 018b3f78-d19f-4e26-a796-cb8ddc4f97cf@group-187684C21557:t44, leader=null, voted=018b3f78-d19f-4e26-a796-cb8ddc4f97cf, raftlog=018b3f78-d19f-4e26-a796-cb8ddc4f97cf@group-187684C21557-SegmentedRaftLog:OPENED:c-1,f-1,i0, conf=-1: [893cf03e-f2cf-478a-892a-a746717e50e3:192.168.34.56:40750, 8697df36-98d2-41b1-bdc7-60597b3b5526:192.168.34.56:46415, 018b3f78-d19f-4e26-a796-cb8ddc4f97cf:192.168.34.56:35845], old=null
2019-10-18 13:01:31,622 [018b3f78-d19f-4e26-a796-cb8ddc4f97cf@group-187684C21557-LeaderElection98] INFO  impl.LeaderElection (LeaderElection.java:askForVotes(178)) - 018b3f78-d19f-4e26-a796-cb8ddc4f97cf@group-187684C21557-LeaderElection98: begin an election at term 45 for -1: [893cf03e-f2cf-478a-892a-a746717e50e3:192.168.34.56:40750, 8697df36-98d2-41b1-bdc7-60597b3b5526:192.168.34.56:46415, 018b3f78-d19f-4e26-a796-cb8ddc4f97cf:192.168.34.56:35845], old=null
2019-10-18 13:01:31,624 [grpc-default-executor-0] INFO  impl.RaftServerImpl (RaftServerImpl.java:setRole(184)) - 8697df36-98d2-41b1-bdc7-60597b3b5526@group-187684C21557: changes role from  FOLLOWER to FOLLOWER at term 45 for recognizeCandidate:018b3f78-d19f-4e26-a796-cb8ddc4f97cf
2019-10-18 13:01:31,624 [grpc-default-executor-5] INFO  impl.RaftServerImpl (RaftServerImpl.java:setRole(184)) - 893cf03e-f2cf-478a-892a-a746717e50e3@group-187684C21557: changes role from  FOLLOWER to FOLLOWER at term 45 for recognizeCandidate:018b3f78-d19f-4e26-a796-cb8ddc4f97cf
2019-10-18 13:01:31,625 [grpc-default-executor-0] INFO  impl.RoleInfo (RoleInfo.java:shutdownFollowerState(121)) - 8697df36-98d2-41b1-bdc7-60597b3b5526: shutdown FollowerState
2019-10-18 13:01:31,625 [grpc-default-executor-5] INFO  impl.RoleInfo (RoleInfo.java:shutdownFollowerState(121)) - 893cf03e-f2cf-478a-892a-a746717e50e3: shutdown FollowerState
2019-10-18 13:01:31,625 [grpc-default-executor-0] INFO  impl.RoleInfo (RoleInfo.java:updateAndGet(143)) - 8697df36-98d2-41b1-bdc7-60597b3b5526: start FollowerState
2019-10-18 13:01:31,625 [Thread-1043] INFO  impl.FollowerState (FollowerState.java:run(117)) - 893cf03e-f2cf-478a-892a-a746717e50e3@group-187684C21557-FollowerState was interrupted: java.lang.InterruptedException: sleep interrupted
2019-10-18 13:01:31,625 [grpc-default-executor-5] INFO  impl.RoleInfo (RoleInfo.java:updateAndGet(143)) - 893cf03e-f2cf-478a-892a-a746717e50e3: start FollowerState
2019-10-18 13:01:31,625 [Thread-1044] INFO  impl.FollowerState (FollowerState.java:run(117)) - 8697df36-98d2-41b1-bdc7-60597b3b5526@group-187684C21557-FollowerState was interrupted: java.lang.InterruptedException: sleep interrupted
2019-10-18 13:01:31,650 [018b3f78-d19f-4e26-a796-cb8ddc4f97cf@group-187684C21557-LeaderElection98] INFO  impl.LeaderElection (LeaderElection.java:logAndReturn(56)) - 018b3f78-d19f-4e26-a796-cb8ddc4f97cf@group-187684C21557-LeaderElection98: Election REJECTED; received 2 response(s) [018b3f78-d19f-4e26-a796-cb8ddc4f97cf<-893cf03e-f2cf-478a-892a-a746717e50e3#0:FAIL-t45, 018b3f78-d19f-4e26-a796-cb8ddc4f97cf<-8697df36-98d2-41b1-bdc7-60597b3b5526#0:FAIL-t45] and 0 exception(s); 018b3f78-d19f-4e26-a796-cb8ddc4f97cf@group-187684C21557:t45, leader=null, voted=018b3f78-d19f-4e26-a796-cb8ddc4f97cf, raftlog=018b3f78-d19f-4e26-a796-cb8ddc4f97cf@group-187684C21557-SegmentedRaftLog:OPENED:c-1,f-1,i0, conf=-1: [893cf03e-f2cf-478a-892a-a746717e50e3:192.168.34.56:40750, 8697df36-98d2-41b1-bdc7-60597b3b5526:192.168.34.56:46415, 018b3f78-d19f-4e26-a796-cb8ddc4f97cf:192.168.34.56:35845], old=null
2019-10-18 13:01:31,650 [018b3f78-d19f-4e26-a796-cb8ddc4f97cf@group-187684C21557-LeaderElection98] INFO  impl.RaftServerImpl (RaftServerImpl.java:setRole(184)) - 018b3f78-d19f-4e26-a796-cb8ddc4f97cf@group-187684C21557: changes role from CANDIDATE to FOLLOWER at term 45 for DISCOVERED_A_NEW_TERM
2019-10-18 13:01:31,650 [018b3f78-d19f-4e26-a796-cb8ddc4f97cf@group-187684C21557-LeaderElection98] INFO  impl.RoleInfo (RoleInfo.java:shutdownLeaderElection(134)) - 018b3f78-d19f-4e26-a796-cb8ddc4f97cf: shutdown LeaderElection
2019-10-18 13:01:31,650 [018b3f78-d19f-4e26-a796-cb8ddc4f97cf@group-187684C21557-LeaderElection98] INFO  impl.RoleInfo (RoleInfo.java:updateAndGet(143)) - 018b3f78-d19f-4e26-a796-cb8ddc4f97cf: start FollowerState
2019-10-18 13:01:31,719 [Thread-1045] INFO  impl.FollowerState (FollowerState.java:run(108)) - c124d131-afb9-4343-ad4e-aaebde613043@group-FF4202234884-FollowerState: change to CANDIDATE, lastRpcTime:167ms, electionTimeout:167ms
2019-10-18 13:01:31,719 [Thread-1045] INFO  impl.RoleInfo (RoleInfo.java:shutdownFollowerState(121)) - c124d131-afb9-4343-ad4e-aaebde613043: shutdown FollowerState
2019-10-18 13:01:31,719 [Thread-1045] INFO  impl.RaftServerImpl (RaftServerImpl.java:setRole(184)) - c124d131-afb9-4343-ad4e-aaebde613043@group-FF4202234884: changes role from  FOLLOWER to CANDIDATE at term 44 for changeToCandidate
2019-10-18 13:01:31,719 [Thread-1045] INFO  impl.RoleInfo (RoleInfo.java:updateAndGet(143)) - c124d131-afb9-4343-ad4e-aaebde613043: start LeaderElection
2019-10-18 13:01:31,795 [c124d131-afb9-4343-ad4e-aaebde613043@group-FF4202234884-LeaderElection99] INFO  impl.LeaderElection (LeaderElection.java:askForVotes(178)) - c124d131-afb9-4343-ad4e-aaebde613043@group-FF4202234884-LeaderElection99: begin an election at term 45 for -1: [999343e7-0330-4874-a345-91eca72585e0:192.168.34.56:44872, c124d131-afb9-4343-ad4e-aaebde613043:192.168.34.56:42116, e5bb327f-cdd7-4e49-919e-13a4c895fddf:192.168.34.56:36658], old=null
2019-10-18 13:01:31,798 [grpc-default-executor-5] INFO  impl.RaftServerImpl (RaftServerImpl.java:setRole(184)) - 999343e7-0330-4874-a345-91eca72585e0@group-FF4202234884: changes role from  FOLLOWER to FOLLOWER at term 45 for recognizeCandidate:c124d131-afb9-4343-ad4e-aaebde613043
2019-10-18 13:01:31,798 [grpc-default-executor-5] INFO  impl.RoleInfo (RoleInfo.java:shutdownFollowerState(121)) - 999343e7-0330-4874-a345-91eca72585e0: shutdown FollowerState
2019-10-18 13:01:31,798 [grpc-default-executor-0] INFO  impl.RaftServerImpl (RaftServerImpl.java:setRole(184)) - e5bb327f-cdd7-4e49-919e-13a4c895fddf@group-FF4202234884: changes role from  FOLLOWER to FOLLOWER at term 45 for recognizeCandidate:c124d131-afb9-4343-ad4e-aaebde613043
2019-10-18 13:01:31,798 [Thread-1040] INFO  impl.FollowerState (FollowerState.java:run(117)) - 999343e7-0330-4874-a345-91eca72585e0@group-FF4202234884-FollowerState was interrupted: java.lang.InterruptedException: sleep interrupted
2019-10-18 13:01:31,798 [grpc-default-executor-5] INFO  impl.RoleInfo (RoleInfo.java:updateAndGet(143)) - 999343e7-0330-4874-a345-91eca72585e0: start FollowerState
2019-10-18 13:01:31,798 [grpc-default-executor-0] INFO  impl.RoleInfo (RoleInfo.java:shutdownFollowerState(121)) - e5bb327f-cdd7-4e49-919e-13a4c895fddf: shutdown FollowerState
2019-10-18 13:01:31,799 [Thread-1039] INFO  impl.FollowerState (FollowerState.java:run(117)) - e5bb327f-cdd7-4e49-919e-13a4c895fddf@group-FF4202234884-FollowerState was interrupted: java.lang.InterruptedException: sleep interrupted
2019-10-18 13:01:31,799 [grpc-default-executor-0] INFO  impl.RoleInfo (RoleInfo.java:updateAndGet(143)) - e5bb327f-cdd7-4e49-919e-13a4c895fddf: start FollowerState
2019-10-18 13:01:31,814 [Thread-1053] INFO  impl.FollowerState (FollowerState.java:run(108)) - 018b3f78-d19f-4e26-a796-cb8ddc4f97cf@group-187684C21557-FollowerState: change to CANDIDATE, lastRpcTime:163ms, electionTimeout:163ms
2019-10-18 13:01:31,814 [Thread-1053] INFO  impl.RoleInfo (RoleInfo.java:shutdownFollowerState(121)) - 018b3f78-d19f-4e26-a796-cb8ddc4f97cf: shutdown FollowerState
2019-10-18 13:01:31,814 [Thread-1053] INFO  impl.RaftServerImpl (RaftServerImpl.java:setRole(184)) - 018b3f78-d19f-4e26-a796-cb8ddc4f97cf@group-187684C21557: changes role from  FOLLOWER to CANDIDATE at term 45 for changeToCandidate
2019-10-18 13:01:31,814 [Thread-1053] INFO  impl.RoleInfo (RoleInfo.java:updateAndGet(143)) - 018b3f78-d19f-4e26-a796-cb8ddc4f97cf: start LeaderElection
2019-10-18 13:01:31,845 [c124d131-afb9-4343-ad4e-aaebde613043@group-FF4202234884-LeaderElection99] INFO  impl.LeaderElection (LeaderElection.java:logAndReturn(56)) - c124d131-afb9-4343-ad4e-aaebde613043@group-FF4202234884-LeaderElection99: Election TIMEOUT; received 0 response(s) [] and 0 exception(s); c124d131-afb9-4343-ad4e-aaebde613043@group-FF4202234884:t45, leader=null, voted=c124d131-afb9-4343-ad4e-aaebde613043, raftlog=c124d131-afb9-4343-ad4e-aaebde613043@group-FF4202234884-SegmentedRaftLog:OPENED:c-1,f-1,i0, conf=-1: [999343e7-0330-4874-a345-91eca72585e0:192.168.34.56:44872, c124d131-afb9-4343-ad4e-aaebde613043:192.168.34.56:42116, e5bb327f-cdd7-4e49-919e-13a4c895fddf:192.168.34.56:36658], old=null
2019-10-18 13:01:31,887 [018b3f78-d19f-4e26-a796-cb8ddc4f97cf@group-187684C21557-LeaderElection100] INFO  impl.LeaderElection (LeaderElection.java:askForVotes(178)) - 018b3f78-d19f-4e26-a796-cb8ddc4f97cf@group-187684C21557-LeaderElection100: begin an election at term 46 for -1: [893cf03e-f2cf-478a-892a-a746717e50e3:192.168.34.56:40750, 8697df36-98d2-41b1-bdc7-60597b3b5526:192.168.34.56:46415, 018b3f78-d19f-4e26-a796-cb8ddc4f97cf:192.168.34.56:35845], old=null
2019-10-18 13:01:31,888 [c124d131-afb9-4343-ad4e-aaebde613043@group-FF4202234884-LeaderElection99] INFO  impl.LeaderElection (LeaderElection.java:askForVotes(178)) - c124d131-afb9-4343-ad4e-aaebde613043@group-FF4202234884-LeaderElection99: begin an election at term 46 for -1: [999343e7-0330-4874-a345-91eca72585e0:192.168.34.56:44872, c124d131-afb9-4343-ad4e-aaebde613043:192.168.34.56:42116, e5bb327f-cdd7-4e49-919e-13a4c895fddf:192.168.34.56:36658], old=null
2019-10-18 13:01:31,890 [grpc-default-executor-5] INFO  impl.RaftServerImpl (RaftServerImpl.java:setRole(184)) - 893cf03e-f2cf-478a-892a-a746717e50e3@group-187684C21557: changes role from  FOLLOWER to FOLLOWER at term 46 for recognizeCandidate:018b3f78-d19f-4e26-a796-cb8ddc4f97cf
2019-10-18 13:01:31,890 [grpc-default-executor-0] INFO  impl.RaftServerImpl (RaftServerImpl.java:setRole(184)) - 8697df36-98d2-41b1-bdc7-60597b3b5526@group-187684C21557: changes role from  FOLLOWER to FOLLOWER at term 46 for recognizeCandidate:018b3f78-d19f-4e26-a796-cb8ddc4f97cf
2019-10-18 13:01:31,891 [grpc-default-executor-7] INFO  impl.RaftServerImpl (RaftServerImpl.java:setRole(184)) - e5bb327f-cdd7-4e49-919e-13a4c895fddf@group-FF4202234884: changes role from  FOLLOWER to FOLLOWER at term 46 for recognizeCandidate:c124d131-afb9-4343-ad4e-aaebde613043
2019-10-18 13:01:31,891 [grpc-default-executor-2] INFO  impl.RaftServerImpl (RaftServerImpl.java:setRole(184)) - 999343e7-0330-4874-a345-91eca72585e0@group-FF4202234884: changes role from  FOLLOWER to FOLLOWER at term 46 for recognizeCandidate:c124d131-afb9-4343-ad4e-aaebde613043
2019-10-18 13:01:31,890 [grpc-default-executor-5] INFO  impl.RoleInfo (RoleInfo.java:shutdownFollowerState(121)) - 893cf03e-f2cf-478a-892a-a746717e50e3: shutdown FollowerState
2019-10-18 13:01:31,891 [grpc-default-executor-2] INFO  impl.RoleInfo (RoleInfo.java:shutdownFollowerState(121)) - 999343e7-0330-4874-a345-91eca72585e0: shutdown FollowerState
2019-10-18 13:01:31,891 [grpc-default-executor-7] INFO  impl.RoleInfo (RoleInfo.java:shutdownFollowerState(121)) - e5bb327f-cdd7-4e49-919e-13a4c895fddf: shutdown FollowerState
2019-10-18 13:01:31,891 [grpc-default-executor-0] INFO  impl.RoleInfo (RoleInfo.java:shutdownFollowerState(121)) - 8697df36-98d2-41b1-bdc7-60597b3b5526: shutdown FollowerState
2019-10-18 13:01:31,892 [grpc-default-executor-7] INFO  impl.RoleInfo (RoleInfo.java:updateAndGet(143)) - e5bb327f-cdd7-4e49-919e-13a4c895fddf: start FollowerState
2019-10-18 13:01:31,892 [Thread-1059] INFO  impl.FollowerState (FollowerState.java:run(117)) - e5bb327f-cdd7-4e49-919e-13a4c895fddf@group-FF4202234884-FollowerState was interrupted: java.lang.InterruptedException: sleep interrupted
2019-10-18 13:01:31,892 [Thread-1058] INFO  impl.FollowerState (FollowerState.java:run(117)) - 999343e7-0330-4874-a345-91eca72585e0@group-FF4202234884-FollowerState was interrupted: java.lang.InterruptedException: sleep interrupted
2019-10-18 13:01:31,892 [grpc-default-executor-2] INFO  impl.RoleInfo (RoleInfo.java:updateAndGet(143)) - 999343e7-0330-4874-a345-91eca72585e0: start FollowerState
2019-10-18 13:01:31,891 [Thread-1052] INFO  impl.FollowerState (FollowerState.java:run(117)) - 893cf03e-f2cf-478a-892a-a746717e50e3@group-187684C21557-FollowerState was interrupted: java.lang.InterruptedException: sleep interrupted
2019-10-18 13:01:31,891 [grpc-default-executor-5] INFO  impl.RoleInfo (RoleInfo.java:updateAndGet(143)) - 893cf03e-f2cf-478a-892a-a746717e50e3: start FollowerState
2019-10-18 13:01:31,892 [Thread-1051] INFO  impl.FollowerState (FollowerState.java:run(117)) - 8697df36-98d2-41b1-bdc7-60597b3b5526@group-187684C21557-FollowerState was interrupted: java.lang.InterruptedException: sleep interrupted
2019-10-18 13:01:31,892 [grpc-default-executor-0] INFO  impl.RoleInfo (RoleInfo.java:updateAndGet(143)) - 8697df36-98d2-41b1-bdc7-60597b3b5526: start FollowerState
2019-10-18 13:01:31,922 [018b3f78-d19f-4e26-a796-cb8ddc4f97cf@group-187684C21557-LeaderElection100] INFO  impl.LeaderElection (LeaderElection.java:logAndReturn(56)) - 018b3f78-d19f-4e26-a796-cb8ddc4f97cf@group-187684C21557-LeaderElection100: Election REJECTED; received 2 response(s) [018b3f78-d19f-4e26-a796-cb8ddc4f97cf<-893cf03e-f2cf-478a-892a-a746717e50e3#0:FAIL-t46, 018b3f78-d19f-4e26-a796-cb8ddc4f97cf<-8697df36-98d2-41b1-bdc7-60597b3b5526#0:FAIL-t46] and 0 exception(s); 018b3f78-d19f-4e26-a796-cb8ddc4f97cf@group-187684C21557:t46, leader=null, voted=018b3f78-d19f-4e26-a796-cb8ddc4f97cf, raftlog=018b3f78-d19f-4e26-a796-cb8ddc4f97cf@group-187684C21557-SegmentedRaftLog:OPENED:c-1,f-1,i0, conf=-1: [893cf03e-f2cf-478a-892a-a746717e50e3:192.168.34.56:40750, 8697df36-98d2-41b1-bdc7-60597b3b5526:192.168.34.56:46415, 018b3f78-d19f-4e26-a796-cb8ddc4f97cf:192.168.34.56:35845], old=null
2019-10-18 13:01:31,922 [c124d131-afb9-4343-ad4e-aaebde613043@group-FF4202234884-LeaderElection99] INFO  impl.LeaderElection (LeaderElection.java:logAndReturn(56)) - c124d131-afb9-4343-ad4e-aaebde613043@group-FF4202234884-LeaderElection99: Election REJECTED; received 2 response(s) [c124d131-afb9-4343-ad4e-aaebde613043<-999343e7-0330-4874-a345-91eca72585e0#0:FAIL-t46, c124d131-afb9-4343-ad4e-aaebde613043<-e5bb327f-cdd7-4e49-919e-13a4c895fddf#0:FAIL-t46] and 0 exception(s); c124d131-afb9-4343-ad4e-aaebde613043@group-FF4202234884:t46, leader=null, voted=c124d131-afb9-4343-ad4e-aaebde613043, raftlog=c124d131-afb9-4343-ad4e-aaebde613043@group-FF4202234884-SegmentedRaftLog:OPENED:c-1,f-1,i0, conf=-1: [999343e7-0330-4874-a345-91eca72585e0:192.168.34.56:44872, c124d131-afb9-4343-ad4e-aaebde613043:192.168.34.56:42116, e5bb327f-cdd7-4e49-919e-13a4c895fddf:192.168.34.56:36658], old=null
2019-10-18 13:01:31,922 [018b3f78-d19f-4e26-a796-cb8ddc4f97cf@group-187684C21557-LeaderElection100] INFO  impl.RaftServerImpl (RaftServerImpl.java:setRole(184)) - 018b3f78-d19f-4e26-a796-cb8ddc4f97cf@group-187684C21557: changes role from CANDIDATE to FOLLOWER at term 46 for DISCOVERED_A_NEW_TERM
2019-10-18 13:01:31,922 [c124d131-afb9-4343-ad4e-aaebde613043@group-FF4202234884-LeaderElection99] INFO  impl.RaftServerImpl (RaftServerImpl.java:setRole(184)) - c124d131-afb9-4343-ad4e-aaebde613043@group-FF4202234884: changes role from CANDIDATE to FOLLOWER at term 46 for DISCOVERED_A_NEW_TERM
2019-10-18 13:01:31,922 [018b3f78-d19f-4e26-a796-cb8ddc4f97cf@group-187684C21557-LeaderElection100] INFO  impl.RoleInfo (RoleInfo.java:shutdownLeaderElection(134)) - 018b3f78-d19f-4e26-a796-cb8ddc4f97cf: shutdown LeaderElection
2019-10-18 13:01:31,922 [c124d131-afb9-4343-ad4e-aaebde613043@group-FF4202234884-LeaderElection99] INFO  impl.RoleInfo (RoleInfo.java:shutdownLeaderElection(134)) - c124d131-afb9-4343-ad4e-aaebde613043: shutdown LeaderElection
2019-10-18 13:01:31,923 [018b3f78-d19f-4e26-a796-cb8ddc4f97cf@group-187684C21557-LeaderElection100] INFO  impl.RoleInfo (RoleInfo.java:updateAndGet(143)) - 018b3f78-d19f-4e26-a796-cb8ddc4f97cf: start FollowerState
2019-10-18 13:01:31,923 [c124d131-afb9-4343-ad4e-aaebde613043@group-FF4202234884-LeaderElection99] INFO  impl.RoleInfo (RoleInfo.java:updateAndGet(143)) - c124d131-afb9-4343-ad4e-aaebde613043: start FollowerState
2019-10-18 13:01:31,957 [Thread-1070] INFO  impl.FollowerState (FollowerState.java:run(108)) - 018b3f78-d19f-4e26-a796-cb8ddc4f97cf@group-187684C21557-FollowerState: change to CANDIDATE, lastRpcTime:34ms, electionTimeout:34ms
2019-10-18 13:01:31,957 [Thread-1070] INFO  impl.RoleInfo (RoleInfo.java:shutdownFollowerState(121)) - 018b3f78-d19f-4e26-a796-cb8ddc4f97cf: shutdown FollowerState
2019-10-18 13:01:31,957 [Thread-1070] INFO  impl.RaftServerImpl (RaftServerImpl.java:setRole(184)) - 018b3f78-d19f-4e26-a796-cb8ddc4f97cf@group-187684C21557: changes role from  FOLLOWER to CANDIDATE at term 46 for changeToCandidate
2019-10-18 13:01:31,958 [Thread-1070] INFO  impl.RoleInfo (RoleInfo.java:updateAndGet(143)) - 018b3f78-d19f-4e26-a796-cb8ddc4f97cf: start LeaderElection
2019-10-18 13:01:32,012 [018b3f78-d19f-4e26-a796-cb8ddc4f97cf@group-187684C21557-LeaderElection101] INFO  impl.LeaderElection (LeaderElection.java:askForVotes(178)) - 018b3f78-d19f-4e26-a796-cb8ddc4f97cf@group-187684C21557-LeaderElection101: begin an election at term 47 for -1: [893cf03e-f2cf-478a-892a-a746717e50e3:192.168.34.56:40750, 8697df36-98d2-41b1-bdc7-60597b3b5526:192.168.34.56:46415, 018b3f78-d19f-4e26-a796-cb8ddc4f97cf:192.168.34.56:35845], old=null
2019-10-18 13:01:32,014 [grpc-default-executor-2] INFO  impl.RaftServerImpl (RaftServerImpl.java:setRole(184)) - 8697df36-98d2-41b1-bdc7-60597b3b5526@group-187684C21557: changes role from  FOLLOWER to FOLLOWER at term 47 for recognizeCandidate:018b3f78-d19f-4e26-a796-cb8ddc4f97cf
2019-10-18 13:01:32,014 [grpc-default-executor-0] INFO  impl.RaftServerImpl (RaftServerImpl.java:setRole(184)) - 893cf03e-f2cf-478a-892a-a746717e50e3@group-187684C21557: changes role from  FOLLOWER to FOLLOWER at term 47 for recognizeCandidate:018b3f78-d19f-4e26-a796-cb8ddc4f97cf
2019-10-18 13:01:32,014 [grpc-default-executor-2] INFO  impl.RoleInfo (RoleInfo.java:shutdownFollowerState(121)) - 8697df36-98d2-41b1-bdc7-60597b3b5526: shutdown FollowerState
2019-10-18 13:01:32,015 [grpc-default-executor-0] INFO  impl.RoleInfo (RoleInfo.java:shutdownFollowerState(121)) - 893cf03e-f2cf-478a-892a-a746717e50e3: shutdown FollowerState
2019-10-18 13:01:32,015 [Thread-1069] INFO  impl.FollowerState (FollowerState.java:run(117)) - 8697df36-98d2-41b1-bdc7-60597b3b5526@group-187684C21557-FollowerState was interrupted: java.lang.InterruptedException: sleep interrupted
2019-10-18 13:01:32,015 [grpc-default-executor-2] INFO  impl.RoleInfo (RoleInfo.java:updateAndGet(143)) - 8697df36-98d2-41b1-bdc7-60597b3b5526: start FollowerState
2019-10-18 13:01:32,015 [grpc-default-executor-0] INFO  impl.RoleInfo (RoleInfo.java:updateAndGet(143)) - 893cf03e-f2cf-478a-892a-a746717e50e3: start FollowerState
2019-10-18 13:01:32,015 [Thread-1066] INFO  impl.FollowerState (FollowerState.java:run(117)) - 893cf03e-f2cf-478a-892a-a746717e50e3@group-187684C21557-FollowerState was interrupted: java.lang.InterruptedException: sleep interrupted
2019-10-18 13:01:32,032 [Thread-1071] INFO  impl.FollowerState (FollowerState.java:run(108)) - c124d131-afb9-4343-ad4e-aaebde613043@group-FF4202234884-FollowerState: change to CANDIDATE, lastRpcTime:109ms, electionTimeout:109ms
2019-10-18 13:01:32,032 [Thread-1071] INFO  impl.RoleInfo (RoleInfo.java:shutdownFollowerState(121)) - c124d131-afb9-4343-ad4e-aaebde613043: shutdown FollowerState
2019-10-18 13:01:32,033 [Thread-1071] INFO  impl.RaftServerImpl (RaftServerImpl.java:setRole(184)) - c124d131-afb9-4343-ad4e-aaebde613043@group-FF4202234884: changes role from  FOLLOWER to CANDIDATE at term 46 for changeToCandidate
2019-10-18 13:01:32,033 [Thread-1071] INFO  impl.RoleInfo (RoleInfo.java:updateAndGet(143)) - c124d131-afb9-4343-ad4e-aaebde613043: start LeaderElection
2019-10-18 13:01:32,034 [018b3f78-d19f-4e26-a796-cb8ddc4f97cf@group-187684C21557-LeaderElection101] INFO  impl.LeaderElection (LeaderElection.java:logAndReturn(56)) - 018b3f78-d19f-4e26-a796-cb8ddc4f97cf@group-187684C21557-LeaderElection101: Election REJECTED; received 2 response(s) [018b3f78-d19f-4e26-a796-cb8ddc4f97cf<-893cf03e-f2cf-478a-892a-a746717e50e3#0:FAIL-t47, 018b3f78-d19f-4e26-a796-cb8ddc4f97cf<-8697df36-98d2-41b1-bdc7-60597b3b5526#0:FAIL-t47] and 0 exception(s); 018b3f78-d19f-4e26-a796-cb8ddc4f97cf@group-187684C21557:t47, leader=null, voted=018b3f78-d19f-4e26-a796-cb8ddc4f97cf, raftlog=018b3f78-d19f-4e26-a796-cb8ddc4f97cf@group-187684C21557-SegmentedRaftLog:OPENED:c-1,f-1,i0, conf=-1: [893cf03e-f2cf-478a-892a-a746717e50e3:192.168.34.56:40750, 8697df36-98d2-41b1-bdc7-60597b3b5526:192.168.34.56:46415, 018b3f78-d19f-4e26-a796-cb8ddc4f97cf:192.168.34.56:35845], old=null
2019-10-18 13:01:32,035 [018b3f78-d19f-4e26-a796-cb8ddc4f97cf@group-187684C21557-LeaderElection101] INFO  impl.RaftServerImpl (RaftServerImpl.java:setRole(184)) - 018b3f78-d19f-4e26-a796-cb8ddc4f97cf@group-187684C21557: changes role from CANDIDATE to FOLLOWER at term 47 for DISCOVERED_A_NEW_TERM
2019-10-18 13:01:32,035 [018b3f78-d19f-4e26-a796-cb8ddc4f97cf@group-187684C21557-LeaderElection101] INFO  impl.RoleInfo (RoleInfo.java:shutdownLeaderElection(134)) - 018b3f78-d19f-4e26-a796-cb8ddc4f97cf: shutdown LeaderElection
2019-10-18 13:01:32,035 [018b3f78-d19f-4e26-a796-cb8ddc4f97cf@group-187684C21557-LeaderElection101] INFO  impl.RoleInfo (RoleInfo.java:updateAndGet(143)) - 018b3f78-d19f-4e26-a796-cb8ddc4f97cf: start FollowerState
2019-10-18 13:01:32,153 [Thread-1078] INFO  impl.FollowerState (FollowerState.java:run(108)) - 018b3f78-d19f-4e26-a796-cb8ddc4f97cf@group-187684C21557-FollowerState: change to CANDIDATE, lastRpcTime:117ms, electionTimeout:117ms
2019-10-18 13:01:32,153 [Thread-1078] INFO  impl.RoleInfo (RoleInfo.java:shutdownFollowerState(121)) - 018b3f78-d19f-4e26-a796-cb8ddc4f97cf: shutdown FollowerState
2019-10-18 13:01:32,153 [Thread-1078] INFO  impl.RaftServerImpl (RaftServerImpl.java:setRole(184)) - 018b3f78-d19f-4e26-a796-cb8ddc4f97cf@group-187684C21557: changes role from  FOLLOWER to CANDIDATE at term 47 for changeToCandidate
2019-10-18 13:01:32,153 [Thread-1078] INFO  impl.RoleInfo (RoleInfo.java:updateAndGet(143)) - 018b3f78-d19f-4e26-a796-cb8ddc4f97cf: start LeaderElection
2019-10-18 13:01:32,583 [c124d131-afb9-4343-ad4e-aaebde613043@group-FF4202234884-LeaderElection102] INFO  impl.LeaderElection (LeaderElection.java:askForVotes(178)) - c124d131-afb9-4343-ad4e-aaebde613043@group-FF4202234884-LeaderElection102: begin an election at term 47 for -1: [999343e7-0330-4874-a345-91eca72585e0:192.168.34.56:44872, c124d131-afb9-4343-ad4e-aaebde613043:192.168.34.56:42116, e5bb327f-cdd7-4e49-919e-13a4c895fddf:192.168.34.56:36658], old=null
2019-10-18 13:01:32,585 [grpc-default-executor-2] INFO  impl.RaftServerImpl (RaftServerImpl.java:setRole(184)) - e5bb327f-cdd7-4e49-919e-13a4c895fddf@group-FF4202234884: changes role from  FOLLOWER to FOLLOWER at term 47 for recognizeCandidate:c124d131-afb9-4343-ad4e-aaebde613043
2019-10-18 13:01:32,585 [grpc-default-executor-5] INFO  impl.RaftServerImpl (RaftServerImpl.java:setRole(184)) - 999343e7-0330-4874-a345-91eca72585e0@group-FF4202234884: changes role from  FOLLOWER to FOLLOWER at term 47 for recognizeCandidate:c124d131-afb9-4343-ad4e-aaebde613043
2019-10-18 13:01:32,589 [grpc-default-executor-5] INFO  impl.RoleInfo (RoleInfo.java:shutdownFollowerState(121)) - 999343e7-0330-4874-a345-91eca72585e0: shutdown FollowerState
2019-10-18 13:01:32,586 [grpc-default-executor-2] INFO  impl.RoleInfo (RoleInfo.java:shutdownFollowerState(121)) - e5bb327f-cdd7-4e49-919e-13a4c895fddf: shutdown FollowerState
2019-10-18 13:01:32,589 [Thread-1067] INFO  impl.FollowerState (FollowerState.java:run(117)) - 999343e7-0330-4874-a345-91eca72585e0@group-FF4202234884-FollowerState was interrupted: java.lang.InterruptedException: sleep interrupted
2019-10-18 13:01:32,589 [grpc-default-executor-5] INFO  impl.RoleInfo (RoleInfo.java:updateAndGet(143)) - 999343e7-0330-4874-a345-91eca72585e0: start FollowerState
2019-10-18 13:01:32,589 [grpc-default-executor-2] INFO  impl.RoleInfo (RoleInfo.java:updateAndGet(143)) - e5bb327f-cdd7-4e49-919e-13a4c895fddf: start FollowerState
2019-10-18 13:01:32,589 [Thread-1068] INFO  impl.FollowerState (FollowerState.java:run(117)) - e5bb327f-cdd7-4e49-919e-13a4c895fddf@group-FF4202234884-FollowerState was interrupted: java.lang.InterruptedException: sleep interrupted
2019-10-18 13:01:32,598 [018b3f78-d19f-4e26-a796-cb8ddc4f97cf@group-187684C21557-LeaderElection103] INFO  impl.LeaderElection (LeaderElection.java:askForVotes(178)) - 018b3f78-d19f-4e26-a796-cb8ddc4f97cf@group-187684C21557-LeaderElection103: begin an election at term 48 for -1: [893cf03e-f2cf-478a-892a-a746717e50e3:192.168.34.56:40750, 8697df36-98d2-41b1-bdc7-60597b3b5526:192.168.34.56:46415, 018b3f78-d19f-4e26-a796-cb8ddc4f97cf:192.168.34.56:35845], old=null
2019-10-18 13:01:32,609 [grpc-default-executor-0] INFO  impl.RaftServerImpl (RaftServerImpl.java:setRole(184)) - 8697df36-98d2-41b1-bdc7-60597b3b5526@group-187684C21557: changes role from  FOLLOWER to FOLLOWER at term 48 for recognizeCandidate:018b3f78-d19f-4e26-a796-cb8ddc4f97cf
2019-10-18 13:01:32,609 [grpc-default-executor-7] INFO  impl.RaftServerImpl (RaftServerImpl.java:setRole(184)) - 893cf03e-f2cf-478a-892a-a746717e50e3@group-187684C21557: changes role from  FOLLOWER to FOLLOWER at term 48 for recognizeCandidate:018b3f78-d19f-4e26-a796-cb8ddc4f97cf
2019-10-18 13:01:32,609 [grpc-default-executor-0] INFO  impl.RoleInfo (RoleInfo.java:shutdownFollowerState(121)) - 8697df36-98d2-41b1-bdc7-60597b3b5526: shutdown FollowerState
2019-10-18 13:01:32,609 [grpc-default-executor-7] INFO  impl.RoleInfo (RoleInfo.java:shutdownFollowerState(121)) - 893cf03e-f2cf-478a-892a-a746717e50e3: shutdown FollowerState
2019-10-18 13:01:32,609 [grpc-default-executor-0] INFO  impl.RoleInfo (RoleInfo.java:updateAndGet(143)) - 8697df36-98d2-41b1-bdc7-60597b3b5526: start FollowerState
2019-10-18 13:01:32,609 [Thread-1075] INFO  impl.FollowerState (FollowerState.java:run(117)) - 8697df36-98d2-41b1-bdc7-60597b3b5526@group-187684C21557-FollowerState was interrupted: java.lang.InterruptedException: sleep interrupted
2019-10-18 13:01:32,609 [Thread-1076] INFO  impl.FollowerState (FollowerState.java:run(117)) - 893cf03e-f2cf-478a-892a-a746717e50e3@group-187684C21557-FollowerState was interrupted: java.lang.InterruptedException: sleep interrupted
2019-10-18 13:01:32,609 [grpc-default-executor-7] INFO  impl.RoleInfo (RoleInfo.java:updateAndGet(143)) - 893cf03e-f2cf-478a-892a-a746717e50e3: start FollowerState
2019-10-18 13:01:32,633 [c124d131-afb9-4343-ad4e-aaebde613043@group-FF4202234884-LeaderElection102] INFO  impl.LeaderElection (LeaderElection.java:logAndReturn(56)) - c124d131-afb9-4343-ad4e-aaebde613043@group-FF4202234884-LeaderElection102: Election REJECTED; received 2 response(s) [c124d131-afb9-4343-ad4e-aaebde613043<-999343e7-0330-4874-a345-91eca72585e0#0:FAIL-t47, c124d131-afb9-4343-ad4e-aaebde613043<-e5bb327f-cdd7-4e49-919e-13a4c895fddf#0:FAIL-t47] and 0 exception(s); c124d131-afb9-4343-ad4e-aaebde613043@group-FF4202234884:t47, leader=null, voted=c124d131-afb9-4343-ad4e-aaebde613043, raftlog=c124d131-afb9-4343-ad4e-aaebde613043@group-FF4202234884-SegmentedRaftLog:OPENED:c-1,f-1,i0, conf=-1: [999343e7-0330-4874-a345-91eca72585e0:192.168.34.56:44872, c124d131-afb9-4343-ad4e-aaebde613043:192.168.34.56:42116, e5bb327f-cdd7-4e49-919e-13a4c895fddf:192.168.34.56:36658], old=null
2019-10-18 13:01:32,633 [c124d131-afb9-4343-ad4e-aaebde613043@group-FF4202234884-LeaderElection102] INFO  impl.RaftServerImpl (RaftServerImpl.java:setRole(184)) - c124d131-afb9-4343-ad4e-aaebde613043@group-FF4202234884: changes role from CANDIDATE to FOLLOWER at term 47 for DISCOVERED_A_NEW_TERM
2019-10-18 13:01:32,634 [c124d131-afb9-4343-ad4e-aaebde613043@group-FF4202234884-LeaderElection102] INFO  impl.RoleInfo (RoleInfo.java:shutdownLeaderElection(134)) - c124d131-afb9-4343-ad4e-aaebde613043: shutdown LeaderElection
2019-10-18 13:01:32,634 [c124d131-afb9-4343-ad4e-aaebde613043@group-FF4202234884-LeaderElection102] INFO  impl.RoleInfo (RoleInfo.java:updateAndGet(143)) - c124d131-afb9-4343-ad4e-aaebde613043: start FollowerState
2019-10-18 13:01:32,675 [018b3f78-d19f-4e26-a796-cb8ddc4f97cf@group-187684C21557-LeaderElection103] INFO  impl.LeaderElection (LeaderElection.java:logAndReturn(56)) - 018b3f78-d19f-4e26-a796-cb8ddc4f97cf@group-187684C21557-LeaderElection103: Election REJECTED; received 2 response(s) [018b3f78-d19f-4e26-a796-cb8ddc4f97cf<-893cf03e-f2cf-478a-892a-a746717e50e3#0:FAIL-t48, 018b3f78-d19f-4e26-a796-cb8ddc4f97cf<-8697df36-98d2-41b1-bdc7-60597b3b5526#0:FAIL-t48] and 0 exception(s); 018b3f78-d19f-4e26-a796-cb8ddc4f97cf@group-187684C21557:t48, leader=null, voted=018b3f78-d19f-4e26-a796-cb8ddc4f97cf, raftlog=018b3f78-d19f-4e26-a796-cb8ddc4f97cf@group-187684C21557-SegmentedRaftLog:OPENED:c-1,f-1,i0, conf=-1: [893cf03e-f2cf-478a-892a-a746717e50e3:192.168.34.56:40750, 8697df36-98d2-41b1-bdc7-60597b3b5526:192.168.34.56:46415, 018b3f78-d19f-4e26-a796-cb8ddc4f97cf:192.168.34.56:35845], old=null
2019-10-18 13:01:32,676 [018b3f78-d19f-4e26-a796-cb8ddc4f97cf@group-187684C21557-LeaderElection103] INFO  impl.RaftServerImpl (RaftServerImpl.java:setRole(184)) - 018b3f78-d19f-4e26-a796-cb8ddc4f97cf@group-187684C21557: changes role from CANDIDATE to FOLLOWER at term 48 for DISCOVERED_A_NEW_TERM
2019-10-18 13:01:32,676 [018b3f78-d19f-4e26-a796-cb8ddc4f97cf@group-187684C21557-LeaderElection103] INFO  impl.RoleInfo (RoleInfo.java:shutdownLeaderElection(134)) - 018b3f78-d19f-4e26-a796-cb8ddc4f97cf: shutdown LeaderElection
2019-10-18 13:01:32,676 [018b3f78-d19f-4e26-a796-cb8ddc4f97cf@group-187684C21557-LeaderElection103] INFO  impl.RoleInfo (RoleInfo.java:updateAndGet(143)) - 018b3f78-d19f-4e26-a796-cb8ddc4f97cf: start FollowerState
2019-10-18 13:01:32,680 [Thread-1093] INFO  impl.FollowerState (FollowerState.java:run(108)) - 018b3f78-d19f-4e26-a796-cb8ddc4f97cf@group-187684C21557-FollowerState: change to CANDIDATE, lastRpcTime:3ms, electionTimeout:3ms
2019-10-18 13:01:32,680 [Thread-1093] INFO  impl.RoleInfo (RoleInfo.java:shutdownFollowerState(121)) - 018b3f78-d19f-4e26-a796-cb8ddc4f97cf: shutdown FollowerState
2019-10-18 13:01:32,680 [Thread-1093] INFO  impl.RaftServerImpl (RaftServerImpl.java:setRole(184)) - 018b3f78-d19f-4e26-a796-cb8ddc4f97cf@group-187684C21557: changes role from  FOLLOWER to CANDIDATE at term 48 for changeToCandidate
2019-10-18 13:01:32,680 [Thread-1093] INFO  impl.RoleInfo (RoleInfo.java:updateAndGet(143)) - 018b3f78-d19f-4e26-a796-cb8ddc4f97cf: start LeaderElection
2019-10-18 13:01:32,738 [018b3f78-d19f-4e26-a796-cb8ddc4f97cf@group-187684C21557-LeaderElection104] INFO  impl.LeaderElection (LeaderElection.java:askForVotes(178)) - 018b3f78-d19f-4e26-a796-cb8ddc4f97cf@group-187684C21557-LeaderElection104: begin an election at term 49 for -1: [893cf03e-f2cf-478a-892a-a746717e50e3:192.168.34.56:40750, 8697df36-98d2-41b1-bdc7-60597b3b5526:192.168.34.56:46415, 018b3f78-d19f-4e26-a796-cb8ddc4f97cf:192.168.34.56:35845], old=null
2019-10-18 13:01:32,740 [grpc-default-executor-7] INFO  impl.RaftServerImpl (RaftServerImpl.java:setRole(184)) - 893cf03e-f2cf-478a-892a-a746717e50e3@group-187684C21557: changes role from  FOLLOWER to FOLLOWER at term 49 for recognizeCandidate:018b3f78-d19f-4e26-a796-cb8ddc4f97cf
2019-10-18 13:01:32,741 [grpc-default-executor-7] INFO  impl.RoleInfo (RoleInfo.java:shutdownFollowerState(121)) - 893cf03e-f2cf-478a-892a-a746717e50e3: shutdown FollowerState
2019-10-18 13:01:32,741 [grpc-default-executor-0] INFO  impl.RaftServerImpl (RaftServerImpl.java:setRole(184)) - 8697df36-98d2-41b1-bdc7-60597b3b5526@group-187684C21557: changes role from  FOLLOWER to FOLLOWER at term 49 for recognizeCandidate:018b3f78-d19f-4e26-a796-cb8ddc4f97cf
2019-10-18 13:01:32,741 [Thread-1091] INFO  impl.FollowerState (FollowerState.java:run(117)) - 893cf03e-f2cf-478a-892a-a746717e50e3@group-187684C21557-FollowerState was interrupted: java.lang.InterruptedException: sleep interrupted
2019-10-18 13:01:32,741 [grpc-default-executor-7] INFO  impl.RoleInfo (RoleInfo.java:updateAndGet(143)) - 893cf03e-f2cf-478a-892a-a746717e50e3: start FollowerState
2019-10-18 13:01:32,741 [grpc-default-executor-0] INFO  impl.RoleInfo (RoleInfo.java:shutdownFollowerState(121)) - 8697df36-98d2-41b1-bdc7-60597b3b5526: shutdown FollowerState
2019-10-18 13:01:32,741 [grpc-default-executor-0] INFO  impl.RoleInfo (RoleInfo.java:updateAndGet(143)) - 8697df36-98d2-41b1-bdc7-60597b3b5526: start FollowerState
2019-10-18 13:01:32,741 [Thread-1090] INFO  impl.FollowerState (FollowerState.java:run(117)) - 8697df36-98d2-41b1-bdc7-60597b3b5526@group-187684C21557-FollowerState was interrupted: java.lang.InterruptedException: sleep interrupted
2019-10-18 13:01:32,768 [Thread-1092] INFO  impl.FollowerState (FollowerState.java:run(108)) - c124d131-afb9-4343-ad4e-aaebde613043@group-FF4202234884-FollowerState: change to CANDIDATE, lastRpcTime:134ms, electionTimeout:134ms
2019-10-18 13:01:32,768 [Thread-1092] INFO  impl.RoleInfo (RoleInfo.java:shutdownFollowerState(121)) - c124d131-afb9-4343-ad4e-aaebde613043: shutdown FollowerState
2019-10-18 13:01:32,768 [Thread-1092] INFO  impl.RaftServerImpl (RaftServerImpl.java:setRole(184)) - c124d131-afb9-4343-ad4e-aaebde613043@group-FF4202234884: changes role from  FOLLOWER to CANDIDATE at term 47 for changeToCandidate
2019-10-18 13:01:32,769 [Thread-1092] INFO  impl.RoleInfo (RoleInfo.java:updateAndGet(143)) - c124d131-afb9-4343-ad4e-aaebde613043: start LeaderElection
2019-10-18 13:01:32,770 [018b3f78-d19f-4e26-a796-cb8ddc4f97cf@group-187684C21557-LeaderElection104] INFO  impl.LeaderElection (LeaderElection.java:logAndReturn(56)) - 018b3f78-d19f-4e26-a796-cb8ddc4f97cf@group-187684C21557-LeaderElection104: Election REJECTED; received 2 response(s) [018b3f78-d19f-4e26-a796-cb8ddc4f97cf<-893cf03e-f2cf-478a-892a-a746717e50e3#0:FAIL-t49, 018b3f78-d19f-4e26-a796-cb8ddc4f97cf<-8697df36-98d2-41b1-bdc7-60597b3b5526#0:FAIL-t49] and 0 exception(s); 018b3f78-d19f-4e26-a796-cb8ddc4f97cf@group-187684C21557:t49, leader=null, voted=018b3f78-d19f-4e26-a796-cb8ddc4f97cf, raftlog=018b3f78-d19f-4e26-a796-cb8ddc4f97cf@group-187684C21557-SegmentedRaftLog:OPENED:c-1,f-1,i0, conf=-1: [893cf03e-f2cf-478a-892a-a746717e50e3:192.168.34.56:40750, 8697df36-98d2-41b1-bdc7-60597b3b5526:192.168.34.56:46415, 018b3f78-d19f-4e26-a796-cb8ddc4f97cf:192.168.34.56:35845], old=null
2019-10-18 13:01:32,770 [018b3f78-d19f-4e26-a796-cb8ddc4f97cf@group-187684C21557-LeaderElection104] INFO  impl.RaftServerImpl (RaftServerImpl.java:setRole(184)) - 018b3f78-d19f-4e26-a796-cb8ddc4f97cf@group-187684C21557: changes role from CANDIDATE to FOLLOWER at term 49 for DISCOVERED_A_NEW_TERM
2019-10-18 13:01:32,770 [018b3f78-d19f-4e26-a796-cb8ddc4f97cf@group-187684C21557-LeaderElection104] INFO  impl.RoleInfo (RoleInfo.java:shutdownLeaderElection(134)) - 018b3f78-d19f-4e26-a796-cb8ddc4f97cf: shutdown LeaderElection
2019-10-18 13:01:32,770 [018b3f78-d19f-4e26-a796-cb8ddc4f97cf@group-187684C21557-LeaderElection104] INFO  impl.RoleInfo (RoleInfo.java:updateAndGet(143)) - 018b3f78-d19f-4e26-a796-cb8ddc4f97cf: start FollowerState
2019-10-18 13:01:32,824 [Thread-1101] INFO  impl.FollowerState (FollowerState.java:run(108)) - 018b3f78-d19f-4e26-a796-cb8ddc4f97cf@group-187684C21557-FollowerState: change to CANDIDATE, lastRpcTime:53ms, electionTimeout:53ms
2019-10-18 13:01:32,824 [Thread-1101] INFO  impl.RoleInfo (RoleInfo.java:shutdownFollowerState(121)) - 018b3f78-d19f-4e26-a796-cb8ddc4f97cf: shutdown FollowerState
2019-10-18 13:01:32,824 [Thread-1101] INFO  impl.RaftServerImpl (RaftServerImpl.java:setRole(184)) - 018b3f78-d19f-4e26-a796-cb8ddc4f97cf@group-187684C21557: changes role from  FOLLOWER to CANDIDATE at term 49 for changeToCandidate
2019-10-18 13:01:32,824 [Thread-1101] INFO  impl.RoleInfo (RoleInfo.java:updateAndGet(143)) - 018b3f78-d19f-4e26-a796-cb8ddc4f97cf: start LeaderElection
2019-10-18 13:01:32,847 [c124d131-afb9-4343-ad4e-aaebde613043@group-FF4202234884-LeaderElection105] INFO  impl.LeaderElection (LeaderElection.java:askForVotes(178)) - c124d131-afb9-4343-ad4e-aaebde613043@group-FF4202234884-LeaderElection105: begin an election at term 48 for -1: [999343e7-0330-4874-a345-91eca72585e0:192.168.34.56:44872, c124d131-afb9-4343-ad4e-aaebde613043:192.168.34.56:42116, e5bb327f-cdd7-4e49-919e-13a4c895fddf:192.168.34.56:36658], old=null
2019-10-18 13:01:32,849 [grpc-default-executor-0] INFO  impl.RaftServerImpl (RaftServerImpl.java:setRole(184)) - e5bb327f-cdd7-4e49-919e-13a4c895fddf@group-FF4202234884: changes role from  FOLLOWER to FOLLOWER at term 48 for recognizeCandidate:c124d131-afb9-4343-ad4e-aaebde613043
2019-10-18 13:01:32,849 [grpc-default-executor-7] INFO  impl.RaftServerImpl (RaftServerImpl.java:setRole(184)) - 999343e7-0330-4874-a345-91eca72585e0@group-FF4202234884: changes role from  FOLLOWER to FOLLOWER at term 48 for recognizeCandidate:c124d131-afb9-4343-ad4e-aaebde613043
2019-10-18 13:01:32,849 [grpc-default-executor-0] INFO  impl.RoleInfo (RoleInfo.java:shutdownFollowerState(121)) - e5bb327f-cdd7-4e49-919e-13a4c895fddf: shutdown FollowerState
2019-10-18 13:01:32,849 [grpc-default-executor-7] INFO  impl.RoleInfo (RoleInfo.java:shutdownFollowerState(121)) - 999343e7-0330-4874-a345-91eca72585e0: shutdown FollowerState
2019-10-18 13:01:32,850 [Thread-1087] INFO  impl.FollowerState (FollowerState.java:run(117)) - e5bb327f-cdd7-4e49-919e-13a4c895fddf@group-FF4202234884-FollowerState was interrupted: java.lang.InterruptedException: sleep interrupted
2019-10-18 13:01:32,850 [grpc-default-executor-0] INFO  impl.RoleInfo (RoleInfo.java:updateAndGet(143)) - e5bb327f-cdd7-4e49-919e-13a4c895fddf: start FollowerState
2019-10-18 13:01:32,850 [Thread-1086] INFO  impl.FollowerState (FollowerState.java:run(117)) - 999343e7-0330-4874-a345-91eca72585e0@group-FF4202234884-FollowerState was interrupted: java.lang.InterruptedException: sleep interrupted
2019-10-18 13:01:32,850 [grpc-default-executor-7] INFO  impl.RoleInfo (RoleInfo.java:updateAndGet(143)) - 999343e7-0330-4874-a345-91eca72585e0: start FollowerState
2019-10-18 13:01:32,884 [018b3f78-d19f-4e26-a796-cb8ddc4f97cf@group-187684C21557-LeaderElection106] INFO  impl.LeaderElection (LeaderElection.java:askForVotes(178)) - 018b3f78-d19f-4e26-a796-cb8ddc4f97cf@group-187684C21557-LeaderElection106: begin an election at term 50 for -1: [893cf03e-f2cf-478a-892a-a746717e50e3:192.168.34.56:40750, 8697df36-98d2-41b1-bdc7-60597b3b5526:192.168.34.56:46415, 018b3f78-d19f-4e26-a796-cb8ddc4f97cf:192.168.34.56:35845], old=null
2019-10-18 13:01:32,885 [c124d131-afb9-4343-ad4e-aaebde613043@group-FF4202234884-LeaderElection105] INFO  impl.LeaderElection (LeaderElection.java:logAndReturn(56)) - c124d131-afb9-4343-ad4e-aaebde613043@group-FF4202234884-LeaderElection105: Election REJECTED; received 2 response(s) [c124d131-afb9-4343-ad4e-aaebde613043<-999343e7-0330-4874-a345-91eca72585e0#0:FAIL-t48, c124d131-afb9-4343-ad4e-aaebde613043<-e5bb327f-cdd7-4e49-919e-13a4c895fddf#0:FAIL-t48] and 0 exception(s); c124d131-afb9-4343-ad4e-aaebde613043@group-FF4202234884:t48, leader=null, voted=c124d131-afb9-4343-ad4e-aaebde613043, raftlog=c124d131-afb9-4343-ad4e-aaebde613043@group-FF4202234884-SegmentedRaftLog:OPENED:c-1,f-1,i0, conf=-1: [999343e7-0330-4874-a345-91eca72585e0:192.168.34.56:44872, c124d131-afb9-4343-ad4e-aaebde613043:192.168.34.56:42116, e5bb327f-cdd7-4e49-919e-13a4c895fddf:192.168.34.56:36658], old=null
2019-10-18 13:01:32,885 [c124d131-afb9-4343-ad4e-aaebde613043@group-FF4202234884-LeaderElection105] INFO  impl.RaftServerImpl (RaftServerImpl.java:setRole(184)) - c124d131-afb9-4343-ad4e-aaebde613043@group-FF4202234884: changes role from CANDIDATE to FOLLOWER at term 48 for DISCOVERED_A_NEW_TERM
2019-10-18 13:01:32,885 [c124d131-afb9-4343-ad4e-aaebde613043@group-FF4202234884-LeaderElection105] INFO  impl.RoleInfo (RoleInfo.java:shutdownLeaderElection(134)) - c124d131-afb9-4343-ad4e-aaebde613043: shutdown LeaderElection
2019-10-18 13:01:32,885 [c124d131-afb9-4343-ad4e-aaebde613043@group-FF4202234884-LeaderElection105] INFO  impl.RoleInfo (RoleInfo.java:updateAndGet(143)) - c124d131-afb9-4343-ad4e-aaebde613043: start FollowerState
2019-10-18 13:01:32,886 [grpc-default-executor-0] INFO  impl.RaftServerImpl (RaftServerImpl.java:setRole(184)) - 8697df36-98d2-41b1-bdc7-60597b3b5526@group-187684C21557: changes role from  FOLLOWER to FOLLOWER at term 50 for recognizeCandidate:018b3f78-d19f-4e26-a796-cb8ddc4f97cf
2019-10-18 13:01:32,886 [grpc-default-executor-0] INFO  impl.RoleInfo (RoleInfo.java:shutdownFollowerState(121)) - 8697df36-98d2-41b1-bdc7-60597b3b5526: shutdown FollowerState
2019-10-18 13:01:32,886 [grpc-default-executor-0] INFO  impl.RoleInfo (RoleInfo.java:updateAndGet(143)) - 8697df36-98d2-41b1-bdc7-60597b3b5526: start FollowerState
2019-10-18 13:01:32,886 [grpc-default-executor-7] INFO  impl.RaftServerImpl (RaftServerImpl.java:setRole(184)) - 893cf03e-f2cf-478a-892a-a746717e50e3@group-187684C21557: changes role from  FOLLOWER to FOLLOWER at term 50 for recognizeCandidate:018b3f78-d19f-4e26-a796-cb8ddc4f97cf
2019-10-18 13:01:32,886 [Thread-1098] INFO  impl.FollowerState (FollowerState.java:run(117)) - 8697df36-98d2-41b1-bdc7-60597b3b5526@group-187684C21557-FollowerState was interrupted: java.lang.InterruptedException: sleep interrupted
2019-10-18 13:01:32,886 [grpc-default-executor-7] INFO  impl.RoleInfo (RoleInfo.java:shutdownFollowerState(121)) - 893cf03e-f2cf-478a-892a-a746717e50e3: shutdown FollowerState
2019-10-18 13:01:32,887 [grpc-default-executor-7] INFO  impl.RoleInfo (RoleInfo.java:updateAndGet(143)) - 893cf03e-f2cf-478a-892a-a746717e50e3: start FollowerState
2019-10-18 13:01:32,887 [Thread-1097] INFO  impl.FollowerState (FollowerState.java:run(117)) - 893cf03e-f2cf-478a-892a-a746717e50e3@group-187684C21557-FollowerState was interrupted: java.lang.InterruptedException: sleep interrupted
2019-10-18 13:01:32,913 [Thread-1110] INFO  impl.FollowerState (FollowerState.java:run(108)) - c124d131-afb9-4343-ad4e-aaebde613043@group-FF4202234884-FollowerState: change to CANDIDATE, lastRpcTime:27ms, electionTimeout:27ms
2019-10-18 13:01:32,913 [Thread-1110] INFO  impl.RoleInfo (RoleInfo.java:shutdownFollowerState(121)) - c124d131-afb9-4343-ad4e-aaebde613043: shutdown FollowerState
2019-10-18 13:01:32,913 [Thread-1110] INFO  impl.RaftServerImpl (RaftServerImpl.java:setRole(184)) - c124d131-afb9-4343-ad4e-aaebde613043@group-FF4202234884: changes role from  FOLLOWER to CANDIDATE at term 48 for changeToCandidate
2019-10-18 13:01:32,913 [Thread-1110] INFO  impl.RoleInfo (RoleInfo.java:updateAndGet(143)) - c124d131-afb9-4343-ad4e-aaebde613043: start LeaderElection
2019-10-18 13:01:32,916 [018b3f78-d19f-4e26-a796-cb8ddc4f97cf@group-187684C21557-LeaderElection106] INFO  impl.LeaderElection (LeaderElection.java:logAndReturn(56)) - 018b3f78-d19f-4e26-a796-cb8ddc4f97cf@group-187684C21557-LeaderElection106: Election REJECTED; received 2 response(s) [018b3f78-d19f-4e26-a796-cb8ddc4f97cf<-893cf03e-f2cf-478a-892a-a746717e50e3#0:FAIL-t50, 018b3f78-d19f-4e26-a796-cb8ddc4f97cf<-8697df36-98d2-41b1-bdc7-60597b3b5526#0:FAIL-t50] and 0 exception(s); 018b3f78-d19f-4e26-a796-cb8ddc4f97cf@group-187684C21557:t50, leader=null, voted=018b3f78-d19f-4e26-a796-cb8ddc4f97cf, raftlog=018b3f78-d19f-4e26-a796-cb8ddc4f97cf@group-187684C21557-SegmentedRaftLog:OPENED:c-1,f-1,i0, conf=-1: [893cf03e-f2cf-478a-892a-a746717e50e3:192.168.34.56:40750, 8697df36-98d2-41b1-bdc7-60597b3b5526:192.168.34.56:46415, 018b3f78-d19f-4e26-a796-cb8ddc4f97cf:192.168.34.56:35845], old=null
2019-10-18 13:01:32,916 [018b3f78-d19f-4e26-a796-cb8ddc4f97cf@group-187684C21557-LeaderElection106] INFO  impl.RaftServerImpl (RaftServerImpl.java:setRole(184)) - 018b3f78-d19f-4e26-a796-cb8ddc4f97cf@group-187684C21557: changes role from CANDIDATE to FOLLOWER at term 50 for DISCOVERED_A_NEW_TERM
2019-10-18 13:01:32,916 [018b3f78-d19f-4e26-a796-cb8ddc4f97cf@group-187684C21557-LeaderElection106] INFO  impl.RoleInfo (RoleInfo.java:shutdownLeaderElection(134)) - 018b3f78-d19f-4e26-a796-cb8ddc4f97cf: shutdown LeaderElection
2019-10-18 13:01:32,916 [018b3f78-d19f-4e26-a796-cb8ddc4f97cf@group-187684C21557-LeaderElection106] INFO  impl.RoleInfo (RoleInfo.java:updateAndGet(143)) - 018b3f78-d19f-4e26-a796-cb8ddc4f97cf: start FollowerState
2019-10-18 13:01:32,976 [c124d131-afb9-4343-ad4e-aaebde613043@group-FF4202234884-LeaderElection107] INFO  impl.LeaderElection (LeaderElection.java:askForVotes(178)) - c124d131-afb9-4343-ad4e-aaebde613043@group-FF4202234884-LeaderElection107: begin an election at term 49 for -1: [999343e7-0330-4874-a345-91eca72585e0:192.168.34.56:44872, c124d131-afb9-4343-ad4e-aaebde613043:192.168.34.56:42116, e5bb327f-cdd7-4e49-919e-13a4c895fddf:192.168.34.56:36658], old=null
2019-10-18 13:01:32,978 [grpc-default-executor-7] INFO  impl.RaftServerImpl (RaftServerImpl.java:setRole(184)) - e5bb327f-cdd7-4e49-919e-13a4c895fddf@group-FF4202234884: changes role from  FOLLOWER to FOLLOWER at term 49 for recognizeCandidate:c124d131-afb9-4343-ad4e-aaebde613043
2019-10-18 13:01:32,978 [grpc-default-executor-0] INFO  impl.RaftServerImpl (RaftServerImpl.java:setRole(184)) - 999343e7-0330-4874-a345-91eca72585e0@group-FF4202234884: changes role from  FOLLOWER to FOLLOWER at term 49 for recognizeCandidate:c124d131-afb9-4343-ad4e-aaebde613043
2019-10-18 13:01:32,978 [grpc-default-executor-7] INFO  impl.RoleInfo (RoleInfo.java:shutdownFollowerState(121)) - e5bb327f-cdd7-4e49-919e-13a4c895fddf: shutdown FollowerState
2019-10-18 13:01:32,978 [grpc-default-executor-0] INFO  impl.RoleInfo (RoleInfo.java:shutdownFollowerState(121)) - 999343e7-0330-4874-a345-91eca72585e0: shutdown FollowerState
2019-10-18 13:01:32,978 [Thread-1105] INFO  impl.FollowerState (FollowerState.java:run(117)) - e5bb327f-cdd7-4e49-919e-13a4c895fddf@group-FF4202234884-FollowerState was interrupted: java.lang.InterruptedException: sleep interrupted
2019-10-18 13:01:32,978 [grpc-default-executor-7] INFO  impl.RoleInfo (RoleInfo.java:updateAndGet(143)) - e5bb327f-cdd7-4e49-919e-13a4c895fddf: start FollowerState
2019-10-18 13:01:32,979 [Thread-1106] INFO  impl.FollowerState (FollowerState.java:run(117)) - 999343e7-0330-4874-a345-91eca72585e0@group-FF4202234884-FollowerState was interrupted: java.lang.InterruptedException: sleep interrupted
2019-10-18 13:01:32,979 [grpc-default-executor-0] INFO  impl.RoleInfo (RoleInfo.java:updateAndGet(143)) - 999343e7-0330-4874-a345-91eca72585e0: start FollowerState
2019-10-18 13:01:33,038 [c124d131-afb9-4343-ad4e-aaebde613043@group-FF4202234884-LeaderElection107] INFO  impl.LeaderElection (LeaderElection.java:logAndReturn(56)) - c124d131-afb9-4343-ad4e-aaebde613043@group-FF4202234884-LeaderElection107: Election TIMEOUT; received 0 response(s) [] and 0 exception(s); c124d131-afb9-4343-ad4e-aaebde613043@group-FF4202234884:t49, leader=null, voted=c124d131-afb9-4343-ad4e-aaebde613043, raftlog=c124d131-afb9-4343-ad4e-aaebde613043@group-FF4202234884-SegmentedRaftLog:OPENED:c-1,f-1,i0, conf=-1: [999343e7-0330-4874-a345-91eca72585e0:192.168.34.56:44872, c124d131-afb9-4343-ad4e-aaebde613043:192.168.34.56:42116, e5bb327f-cdd7-4e49-919e-13a4c895fddf:192.168.34.56:36658], old=null
2019-10-18 13:01:33,063 [Thread-1114] INFO  impl.FollowerState (FollowerState.java:run(108)) - 018b3f78-d19f-4e26-a796-cb8ddc4f97cf@group-187684C21557-FollowerState: change to CANDIDATE, lastRpcTime:146ms, electionTimeout:146ms
2019-10-18 13:01:33,063 [Thread-1114] INFO  impl.RoleInfo (RoleInfo.java:shutdownFollowerState(121)) - 018b3f78-d19f-4e26-a796-cb8ddc4f97cf: shutdown FollowerState
2019-10-18 13:01:33,063 [Thread-1114] INFO  impl.RaftServerImpl (RaftServerImpl.java:setRole(184)) - 018b3f78-d19f-4e26-a796-cb8ddc4f97cf@group-187684C21557: changes role from  FOLLOWER to CANDIDATE at term 50 for changeToCandidate
2019-10-18 13:01:33,063 [Thread-1114] INFO  impl.RoleInfo (RoleInfo.java:updateAndGet(143)) - 018b3f78-d19f-4e26-a796-cb8ddc4f97cf: start LeaderElection
2019-10-18 13:01:33,102 [c124d131-afb9-4343-ad4e-aaebde613043@group-FF4202234884-LeaderElection107] INFO  impl.LeaderElection (LeaderElection.java:askForVotes(178)) - c124d131-afb9-4343-ad4e-aaebde613043@group-FF4202234884-LeaderElection107: begin an election at term 50 for -1: [999343e7-0330-4874-a345-91eca72585e0:192.168.34.56:44872, c124d131-afb9-4343-ad4e-aaebde613043:192.168.34.56:42116, e5bb327f-cdd7-4e49-919e-13a4c895fddf:192.168.34.56:36658], old=null
2019-10-18 13:01:33,104 [grpc-default-executor-0] INFO  impl.RaftServerImpl (RaftServerImpl.java:setRole(184)) - e5bb327f-cdd7-4e49-919e-13a4c895fddf@group-FF4202234884: changes role from  FOLLOWER to FOLLOWER at term 50 for recognizeCandidate:c124d131-afb9-4343-ad4e-aaebde613043
2019-10-18 13:01:33,104 [grpc-default-executor-7] INFO  impl.RaftServerImpl (RaftServerImpl.java:setRole(184)) - 999343e7-0330-4874-a345-91eca72585e0@group-FF4202234884: changes role from  FOLLOWER to FOLLOWER at term 50 for recognizeCandidate:c124d131-afb9-4343-ad4e-aaebde613043
2019-10-18 13:01:33,104 [grpc-default-executor-0] INFO  impl.RoleInfo (RoleInfo.java:shutdownFollowerState(121)) - e5bb327f-cdd7-4e49-919e-13a4c895fddf: shutdown FollowerState
2019-10-18 13:01:33,104 [grpc-default-executor-7] INFO  impl.RoleInfo (RoleInfo.java:shutdownFollowerState(121)) - 999343e7-0330-4874-a345-91eca72585e0: shutdown FollowerState
2019-10-18 13:01:33,105 [Thread-1117] INFO  impl.FollowerState (FollowerState.java:run(117)) - e5bb327f-cdd7-4e49-919e-13a4c895fddf@group-FF4202234884-FollowerState was interrupted: java.lang.InterruptedException: sleep interrupted
2019-10-18 13:01:33,105 [grpc-default-executor-0] INFO  impl.RoleInfo (RoleInfo.java:updateAndGet(143)) - e5bb327f-cdd7-4e49-919e-13a4c895fddf: start FollowerState
2019-10-18 13:01:33,105 [Thread-1118] INFO  impl.FollowerState (FollowerState.java:run(117)) - 999343e7-0330-4874-a345-91eca72585e0@group-FF4202234884-FollowerState was interrupted: java.lang.InterruptedException: sleep interrupted
2019-10-18 13:01:33,105 [grpc-default-executor-7] INFO  impl.RoleInfo (RoleInfo.java:updateAndGet(143)) - 999343e7-0330-4874-a345-91eca72585e0: start FollowerState
2019-10-18 13:01:33,121 [c124d131-afb9-4343-ad4e-aaebde613043@group-FF4202234884-LeaderElection107] INFO  impl.LeaderElection (LeaderElection.java:logAndReturn(56)) - c124d131-afb9-4343-ad4e-aaebde613043@group-FF4202234884-LeaderElection107: Election TIMEOUT; received 0 response(s) [] and 0 exception(s); c124d131-afb9-4343-ad4e-aaebde613043@group-FF4202234884:t50, leader=null, voted=c124d131-afb9-4343-ad4e-aaebde613043, raftlog=c124d131-afb9-4343-ad4e-aaebde613043@group-FF4202234884-SegmentedRaftLog:OPENED:c-1,f-1,i0, conf=-1: [999343e7-0330-4874-a345-91eca72585e0:192.168.34.56:44872, c124d131-afb9-4343-ad4e-aaebde613043:192.168.34.56:42116, e5bb327f-cdd7-4e49-919e-13a4c895fddf:192.168.34.56:36658], old=null
2019-10-18 13:01:33,138 [018b3f78-d19f-4e26-a796-cb8ddc4f97cf@group-187684C21557-LeaderElection108] INFO  impl.LeaderElection (LeaderElection.java:askForVotes(178)) - 018b3f78-d19f-4e26-a796-cb8ddc4f97cf@group-187684C21557-LeaderElection108: begin an election at term 51 for -1: [893cf03e-f2cf-478a-892a-a746717e50e3:192.168.34.56:40750, 8697df36-98d2-41b1-bdc7-60597b3b5526:192.168.34.56:46415, 018b3f78-d19f-4e26-a796-cb8ddc4f97cf:192.168.34.56:35845], old=null
2019-10-18 13:01:33,141 [grpc-default-executor-2] INFO  impl.RaftServerImpl (RaftServerImpl.java:setRole(184)) - 8697df36-98d2-41b1-bdc7-60597b3b5526@group-187684C21557: changes role from  FOLLOWER to FOLLOWER at term 51 for recognizeCandidate:018b3f78-d19f-4e26-a796-cb8ddc4f97cf
2019-10-18 13:01:33,141 [grpc-default-executor-2] INFO  impl.RoleInfo (RoleInfo.java:shutdownFollowerState(121)) - 8697df36-98d2-41b1-bdc7-60597b3b5526: shutdown FollowerState
2019-10-18 13:01:33,141 [grpc-default-executor-5] INFO  impl.RaftServerImpl (RaftServerImpl.java:setRole(184)) - 893cf03e-f2cf-478a-892a-a746717e50e3@group-187684C21557: changes role from  FOLLOWER to FOLLOWER at term 51 for recognizeCandidate:018b3f78-d19f-4e26-a796-cb8ddc4f97cf
2019-10-18 13:01:33,141 [Thread-1111] INFO  impl.FollowerState (FollowerState.java:run(117)) - 8697df36-98d2-41b1-bdc7-60597b3b5526@group-187684C21557-FollowerState was interrupted: java.lang.InterruptedException: sleep interrupted
2019-10-18 13:01:33,141 [grpc-default-executor-2] INFO  impl.RoleInfo (RoleInfo.java:updateAndGet(143)) - 8697df36-98d2-41b1-bdc7-60597b3b5526: start FollowerState
2019-10-18 13:01:33,141 [grpc-default-executor-5] INFO  impl.RoleInfo (RoleInfo.java:shutdownFollowerState(121)) - 893cf03e-f2cf-478a-892a-a746717e50e3: shutdown FollowerState
2019-10-18 13:01:33,142 [grpc-default-executor-5] INFO  impl.RoleInfo (RoleInfo.java:updateAndGet(143)) - 893cf03e-f2cf-478a-892a-a746717e50e3: start FollowerState
2019-10-18 13:01:33,142 [Thread-1112] INFO  impl.FollowerState (FollowerState.java:run(117)) - 893cf03e-f2cf-478a-892a-a746717e50e3@group-187684C21557-FollowerState was interrupted: java.lang.InterruptedException: sleep interrupted
2019-10-18 13:01:33,178 [018b3f78-d19f-4e26-a796-cb8ddc4f97cf@group-187684C21557-LeaderElection108] INFO  impl.LeaderElection (LeaderElection.java:logAndReturn(56)) - 018b3f78-d19f-4e26-a796-cb8ddc4f97cf@group-187684C21557-LeaderElection108: Election TIMEOUT; received 0 response(s) [] and 0 exception(s); 018b3f78-d19f-4e26-a796-cb8ddc4f97cf@group-187684C21557:t51, leader=null, voted=018b3f78-d19f-4e26-a796-cb8ddc4f97cf, raftlog=018b3f78-d19f-4e26-a796-cb8ddc4f97cf@group-187684C21557-SegmentedRaftLog:OPENED:c-1,f-1,i0, conf=-1: [893cf03e-f2cf-478a-892a-a746717e50e3:192.168.34.56:40750, 8697df36-98d2-41b1-bdc7-60597b3b5526:192.168.34.56:46415, 018b3f78-d19f-4e26-a796-cb8ddc4f97cf:192.168.34.56:35845], old=null
2019-10-18 13:01:33,229 [c124d131-afb9-4343-ad4e-aaebde613043@group-FF4202234884-LeaderElection107] INFO  impl.LeaderElection (LeaderElection.java:askForVotes(178)) - c124d131-afb9-4343-ad4e-aaebde613043@group-FF4202234884-LeaderElection107: begin an election at term 51 for -1: [999343e7-0330-4874-a345-91eca72585e0:192.168.34.56:44872, c124d131-afb9-4343-ad4e-aaebde613043:192.168.34.56:42116, e5bb327f-cdd7-4e49-919e-13a4c895fddf:192.168.34.56:36658], old=null
2019-10-18 13:01:33,231 [grpc-default-executor-5] INFO  impl.RaftServerImpl (RaftServerImpl.java:setRole(184)) - 999343e7-0330-4874-a345-91eca72585e0@group-FF4202234884: changes role from  FOLLOWER to FOLLOWER at term 51 for recognizeCandidate:c124d131-afb9-4343-ad4e-aaebde613043
2019-10-18 13:01:33,231 [grpc-default-executor-2] INFO  impl.RaftServerImpl (RaftServerImpl.java:setRole(184)) - e5bb327f-cdd7-4e49-919e-13a4c895fddf@group-FF4202234884: changes role from  FOLLOWER to FOLLOWER at term 51 for recognizeCandidate:c124d131-afb9-4343-ad4e-aaebde613043
2019-10-18 13:01:33,231 [grpc-default-executor-5] INFO  impl.RoleInfo (RoleInfo.java:shutdownFollowerState(121)) - 999343e7-0330-4874-a345-91eca72585e0: shutdown FollowerState
2019-10-18 13:01:33,232 [grpc-default-executor-2] INFO  impl.RoleInfo (RoleInfo.java:shutdownFollowerState(121)) - e5bb327f-cdd7-4e49-919e-13a4c895fddf: shutdown FollowerState
2019-10-18 13:01:33,232 [Thread-1123] INFO  impl.FollowerState (FollowerState.java:run(117)) - 999343e7-0330-4874-a345-91eca72585e0@group-FF4202234884-FollowerState was interrupted: java.lang.InterruptedException: sleep interrupted
2019-10-18 13:01:33,232 [grpc-default-executor-5] INFO  impl.RoleInfo (RoleInfo.java:updateAndGet(143)) - 999343e7-0330-4874-a345-91eca72585e0: start FollowerState
2019-10-18 13:01:33,232 [Thread-1122] INFO  impl.FollowerState (FollowerState.java:run(117)) - e5bb327f-cdd7-4e49-919e-13a4c895fddf@group-FF4202234884-FollowerState was interrupted: java.lang.InterruptedException: sleep interrupted
2019-10-18 13:01:33,232 [grpc-default-executor-2] INFO  impl.RoleInfo (RoleInfo.java:updateAndGet(143)) - e5bb327f-cdd7-4e49-919e-13a4c895fddf: start FollowerState
2019-10-18 13:01:33,279 [018b3f78-d19f-4e26-a796-cb8ddc4f97cf@group-187684C21557-LeaderElection108] INFO  impl.LeaderElection (LeaderElection.java:askForVotes(178)) - 018b3f78-d19f-4e26-a796-cb8ddc4f97cf@group-187684C21557-LeaderElection108: begin an election at term 52 for -1: [893cf03e-f2cf-478a-892a-a746717e50e3:192.168.34.56:40750, 8697df36-98d2-41b1-bdc7-60597b3b5526:192.168.34.56:46415, 018b3f78-d19f-4e26-a796-cb8ddc4f97cf:192.168.34.56:35845], old=null
2019-10-18 13:01:33,281 [grpc-default-executor-7] INFO  impl.RaftServerImpl (RaftServerImpl.java:setRole(184)) - 8697df36-98d2-41b1-bdc7-60597b3b5526@group-187684C21557: changes role from  FOLLOWER to FOLLOWER at term 52 for recognizeCandidate:018b3f78-d19f-4e26-a796-cb8ddc4f97cf
2019-10-18 13:01:33,281 [grpc-default-executor-0] INFO  impl.RaftServerImpl (RaftServerImpl.java:setRole(184)) - 893cf03e-f2cf-478a-892a-a746717e50e3@group-187684C21557: changes role from  FOLLOWER to FOLLOWER at term 52 for recognizeCandidate:018b3f78-d19f-4e26-a796-cb8ddc4f97cf
2019-10-18 13:01:33,282 [grpc-default-executor-0] INFO  impl.RoleInfo (RoleInfo.java:shutdownFollowerState(121)) - 893cf03e-f2cf-478a-892a-a746717e50e3: shutdown FollowerState
2019-10-18 13:01:33,282 [grpc-default-executor-7] INFO  impl.RoleInfo (RoleInfo.java:shutdownFollowerState(121)) - 8697df36-98d2-41b1-bdc7-60597b3b5526: shutdown FollowerState
2019-10-18 13:01:33,282 [Thread-1127] INFO  impl.FollowerState (FollowerState.java:run(117)) - 893cf03e-f2cf-478a-892a-a746717e50e3@group-187684C21557-FollowerState was interrupted: java.lang.InterruptedException: sleep interrupted
2019-10-18 13:01:33,282 [grpc-default-executor-0] INFO  impl.RoleInfo (RoleInfo.java:updateAndGet(143)) - 893cf03e-f2cf-478a-892a-a746717e50e3: start FollowerState
2019-10-18 13:01:33,282 [Thread-1126] INFO  impl.FollowerState (FollowerState.java:run(117)) - 8697df36-98d2-41b1-bdc7-60597b3b5526@group-187684C21557-FollowerState was interrupted: java.lang.InterruptedException: sleep interrupted
2019-10-18 13:01:33,282 [grpc-default-executor-7] INFO  impl.RoleInfo (RoleInfo.java:updateAndGet(143)) - 8697df36-98d2-41b1-bdc7-60597b3b5526: start FollowerState
2019-10-18 13:01:33,303 [c124d131-afb9-4343-ad4e-aaebde613043@group-FF4202234884-LeaderElection107] INFO  impl.LeaderElection (LeaderElection.java:logAndReturn(56)) - c124d131-afb9-4343-ad4e-aaebde613043@group-FF4202234884-LeaderElection107: Election REJECTED; received 2 response(s) [c124d131-afb9-4343-ad4e-aaebde613043<-999343e7-0330-4874-a345-91eca72585e0#0:FAIL-t51, c124d131-afb9-4343-ad4e-aaebde613043<-e5bb327f-cdd7-4e49-919e-13a4c895fddf#0:FAIL-t51] and 0 exception(s); c124d131-afb9-4343-ad4e-aaebde613043@group-FF4202234884:t51, leader=null, voted=c124d131-afb9-4343-ad4e-aaebde613043, raftlog=c124d131-afb9-4343-ad4e-aaebde613043@group-FF4202234884-SegmentedRaftLog:OPENED:c-1,f-1,i0, conf=-1: [999343e7-0330-4874-a345-91eca72585e0:192.168.34.56:44872, c124d131-afb9-4343-ad4e-aaebde613043:192.168.34.56:42116, e5bb327f-cdd7-4e49-919e-13a4c895fddf:192.168.34.56:36658], old=null
2019-10-18 13:01:33,304 [c124d131-afb9-4343-ad4e-aaebde613043@group-FF4202234884-LeaderElection107] INFO  impl.RaftServerImpl (RaftServerImpl.java:setRole(184)) - c124d131-afb9-4343-ad4e-aaebde613043@group-FF4202234884: changes role from CANDIDATE to FOLLOWER at term 51 for DISCOVERED_A_NEW_TERM
2019-10-18 13:01:33,304 [c124d131-afb9-4343-ad4e-aaebde613043@group-FF4202234884-LeaderElection107] INFO  impl.RoleInfo (RoleInfo.java:shutdownLeaderElection(134)) - c124d131-afb9-4343-ad4e-aaebde613043: shutdown LeaderElection
2019-10-18 13:01:33,304 [c124d131-afb9-4343-ad4e-aaebde613043@group-FF4202234884-LeaderElection107] INFO  impl.RoleInfo (RoleInfo.java:updateAndGet(143)) - c124d131-afb9-4343-ad4e-aaebde613043: start FollowerState
2019-10-18 13:01:33,305 [018b3f78-d19f-4e26-a796-cb8ddc4f97cf@group-187684C21557-LeaderElection108] INFO  impl.LeaderElection (LeaderElection.java:logAndReturn(56)) - 018b3f78-d19f-4e26-a796-cb8ddc4f97cf@group-187684C21557-LeaderElection108: Election REJECTED; received 2 response(s) [018b3f78-d19f-4e26-a796-cb8ddc4f97cf<-893cf03e-f2cf-478a-892a-a746717e50e3#0:FAIL-t52, 018b3f78-d19f-4e26-a796-cb8ddc4f97cf<-8697df36-98d2-41b1-bdc7-60597b3b5526#0:FAIL-t52] and 0 exception(s); 018b3f78-d19f-4e26-a796-cb8ddc4f97cf@group-187684C21557:t52, leader=null, voted=018b3f78-d19f-4e26-a796-cb8ddc4f97cf, raftlog=018b3f78-d19f-4e26-a796-cb8ddc4f97cf@group-187684C21557-SegmentedRaftLog:OPENED:c-1,f-1,i0, conf=-1: [893cf03e-f2cf-478a-892a-a746717e50e3:192.168.34.56:40750, 8697df36-98d2-41b1-bdc7-60597b3b5526:192.168.34.56:46415, 018b3f78-d19f-4e26-a796-cb8ddc4f97cf:192.168.34.56:35845], old=null
2019-10-18 13:01:33,305 [018b3f78-d19f-4e26-a796-cb8ddc4f97cf@group-187684C21557-LeaderElection108] INFO  impl.RaftServerImpl (RaftServerImpl.java:setRole(184)) - 018b3f78-d19f-4e26-a796-cb8ddc4f97cf@group-187684C21557: changes role from CANDIDATE to FOLLOWER at term 52 for DISCOVERED_A_NEW_TERM
2019-10-18 13:01:33,305 [018b3f78-d19f-4e26-a796-cb8ddc4f97cf@group-187684C21557-LeaderElection108] INFO  impl.RoleInfo (RoleInfo.java:shutdownLeaderElection(134)) - 018b3f78-d19f-4e26-a796-cb8ddc4f97cf: shutdown LeaderElection
2019-10-18 13:01:33,305 [018b3f78-d19f-4e26-a796-cb8ddc4f97cf@group-187684C21557-LeaderElection108] INFO  impl.RoleInfo (RoleInfo.java:updateAndGet(143)) - 018b3f78-d19f-4e26-a796-cb8ddc4f97cf: start FollowerState
2019-10-18 13:01:33,372 [Thread-1137] INFO  impl.FollowerState (FollowerState.java:run(108)) - c124d131-afb9-4343-ad4e-aaebde613043@group-FF4202234884-FollowerState: change to CANDIDATE, lastRpcTime:68ms, electionTimeout:68ms
2019-10-18 13:01:33,372 [Thread-1137] INFO  impl.RoleInfo (RoleInfo.java:shutdownFollowerState(121)) - c124d131-afb9-4343-ad4e-aaebde613043: shutdown FollowerState
2019-10-18 13:01:33,372 [Thread-1137] INFO  impl.RaftServerImpl (RaftServerImpl.java:setRole(184)) - c124d131-afb9-4343-ad4e-aaebde613043@group-FF4202234884: changes role from  FOLLOWER to CANDIDATE at term 51 for changeToCandidate
2019-10-18 13:01:33,373 [Thread-1137] INFO  impl.RoleInfo (RoleInfo.java:updateAndGet(143)) - c124d131-afb9-4343-ad4e-aaebde613043: start LeaderElection
2019-10-18 13:01:33,462 [c124d131-afb9-4343-ad4e-aaebde613043@group-FF4202234884-LeaderElection109] INFO  impl.LeaderElection (LeaderElection.java:askForVotes(178)) - c124d131-afb9-4343-ad4e-aaebde613043@group-FF4202234884-LeaderElection109: begin an election at term 52 for -1: [999343e7-0330-4874-a345-91eca72585e0:192.168.34.56:44872, c124d131-afb9-4343-ad4e-aaebde613043:192.168.34.56:42116, e5bb327f-cdd7-4e49-919e-13a4c895fddf:192.168.34.56:36658], old=null
2019-10-18 13:01:33,464 [grpc-default-executor-7] INFO  impl.RaftServerImpl (RaftServerImpl.java:setRole(184)) - 999343e7-0330-4874-a345-91eca72585e0@group-FF4202234884: changes role from  FOLLOWER to FOLLOWER at term 52 for recognizeCandidate:c124d131-afb9-4343-ad4e-aaebde613043
2019-10-18 13:01:33,464 [grpc-default-executor-0] INFO  impl.RaftServerImpl (RaftServerImpl.java:setRole(184)) - e5bb327f-cdd7-4e49-919e-13a4c895fddf@group-FF4202234884: changes role from  FOLLOWER to FOLLOWER at term 52 for recognizeCandidate:c124d131-afb9-4343-ad4e-aaebde613043
2019-10-18 13:01:33,464 [grpc-default-executor-7] INFO  impl.RoleInfo (RoleInfo.java:shutdownFollowerState(121)) - 999343e7-0330-4874-a345-91eca72585e0: shutdown FollowerState
2019-10-18 13:01:33,465 [grpc-default-executor-0] INFO  impl.RoleInfo (RoleInfo.java:shutdownFollowerState(121)) - e5bb327f-cdd7-4e49-919e-13a4c895fddf: shutdown FollowerState
2019-10-18 13:01:33,465 [Thread-1130] INFO  impl.FollowerState (FollowerState.java:run(117)) - 999343e7-0330-4874-a345-91eca72585e0@group-FF4202234884-FollowerState was interrupted: java.lang.InterruptedException: sleep interrupted
2019-10-18 13:01:33,465 [grpc-default-executor-7] INFO  impl.RoleInfo (RoleInfo.java:updateAndGet(143)) - 999343e7-0330-4874-a345-91eca72585e0: start FollowerState
2019-10-18 13:01:33,465 [Thread-1131] INFO  impl.FollowerState (FollowerState.java:run(117)) - e5bb327f-cdd7-4e49-919e-13a4c895fddf@group-FF4202234884-FollowerState was interrupted: java.lang.InterruptedException: sleep interrupted
2019-10-18 13:01:33,465 [grpc-default-executor-0] INFO  impl.RoleInfo (RoleInfo.java:updateAndGet(143)) - e5bb327f-cdd7-4e49-919e-13a4c895fddf: start FollowerState
2019-10-18 13:01:33,477 [Thread-1138] INFO  impl.FollowerState (FollowerState.java:run(108)) - 018b3f78-d19f-4e26-a796-cb8ddc4f97cf@group-187684C21557-FollowerState: change to CANDIDATE, lastRpcTime:171ms, electionTimeout:171ms
2019-10-18 13:01:33,477 [Thread-1138] INFO  impl.RoleInfo (RoleInfo.java:shutdownFollowerState(121)) - 018b3f78-d19f-4e26-a796-cb8ddc4f97cf: shutdown FollowerState
2019-10-18 13:01:33,477 [Thread-1138] INFO  impl.RaftServerImpl (RaftServerImpl.java:setRole(184)) - 018b3f78-d19f-4e26-a796-cb8ddc4f97cf@group-187684C21557: changes role from  FOLLOWER to CANDIDATE at term 52 for changeToCandidate
2019-10-18 13:01:33,477 [Thread-1138] INFO  impl.RoleInfo (RoleInfo.java:updateAndGet(143)) - 018b3f78-d19f-4e26-a796-cb8ddc4f97cf: start LeaderElection
2019-10-18 13:01:33,489 [c124d131-afb9-4343-ad4e-aaebde613043@group-FF4202234884-LeaderElection109] INFO  impl.LeaderElection (LeaderElection.java:logAndReturn(56)) - c124d131-afb9-4343-ad4e-aaebde613043@group-FF4202234884-LeaderElection109: Election TIMEOUT; received 0 response(s) [] and 0 exception(s); c124d131-afb9-4343-ad4e-aaebde613043@group-FF4202234884:t52, leader=null, voted=c124d131-afb9-4343-ad4e-aaebde613043, raftlog=c124d131-afb9-4343-ad4e-aaebde613043@group-FF4202234884-SegmentedRaftLog:OPENED:c-1,f-1,i0, conf=-1: [999343e7-0330-4874-a345-91eca72585e0:192.168.34.56:44872, c124d131-afb9-4343-ad4e-aaebde613043:192.168.34.56:42116, e5bb327f-cdd7-4e49-919e-13a4c895fddf:192.168.34.56:36658], old=null
2019-10-18 13:01:33,643 [c124d131-afb9-4343-ad4e-aaebde613043@group-FF4202234884-LeaderElection109] INFO  impl.LeaderElection (LeaderElection.java:askForVotes(178)) - c124d131-afb9-4343-ad4e-aaebde613043@group-FF4202234884-LeaderElection109: begin an election at term 53 for -1: [999343e7-0330-4874-a345-91eca72585e0:192.168.34.56:44872, c124d131-afb9-4343-ad4e-aaebde613043:192.168.34.56:42116, e5bb327f-cdd7-4e49-919e-13a4c895fddf:192.168.34.56:36658], old=null
2019-10-18 13:01:33,643 [018b3f78-d19f-4e26-a796-cb8ddc4f97cf@group-187684C21557-LeaderElection110] INFO  impl.LeaderElection (LeaderElection.java:askForVotes(178)) - 018b3f78-d19f-4e26-a796-cb8ddc4f97cf@group-187684C21557-LeaderElection110: begin an election at term 53 for -1: [893cf03e-f2cf-478a-892a-a746717e50e3:192.168.34.56:40750, 8697df36-98d2-41b1-bdc7-60597b3b5526:192.168.34.56:46415, 018b3f78-d19f-4e26-a796-cb8ddc4f97cf:192.168.34.56:35845], old=null
2019-10-18 13:01:33,646 [grpc-default-executor-0] INFO  impl.RaftServerImpl (RaftServerImpl.java:setRole(184)) - 893cf03e-f2cf-478a-892a-a746717e50e3@group-187684C21557: changes role from  FOLLOWER to FOLLOWER at term 53 for recognizeCandidate:018b3f78-d19f-4e26-a796-cb8ddc4f97cf
2019-10-18 13:01:33,646 [grpc-default-executor-0] INFO  impl.RoleInfo (RoleInfo.java:shutdownFollowerState(121)) - 893cf03e-f2cf-478a-892a-a746717e50e3: shutdown FollowerState
2019-10-18 13:01:33,646 [grpc-default-executor-0] INFO  impl.RoleInfo (RoleInfo.java:updateAndGet(143)) - 893cf03e-f2cf-478a-892a-a746717e50e3: start FollowerState
2019-10-18 13:01:33,646 [Thread-1135] INFO  impl.FollowerState (FollowerState.java:run(117)) - 893cf03e-f2cf-478a-892a-a746717e50e3@group-187684C21557-FollowerState was interrupted: java.lang.InterruptedException: sleep interrupted
2019-10-18 13:01:33,647 [grpc-default-executor-5] INFO  impl.RaftServerImpl (RaftServerImpl.java:setRole(184)) - e5bb327f-cdd7-4e49-919e-13a4c895fddf@group-FF4202234884: changes role from  FOLLOWER to FOLLOWER at term 53 for recognizeCandidate:c124d131-afb9-4343-ad4e-aaebde613043
2019-10-18 13:01:33,647 [grpc-default-executor-7] INFO  impl.RaftServerImpl (RaftServerImpl.java:setRole(184)) - 8697df36-98d2-41b1-bdc7-60597b3b5526@group-187684C21557: changes role from  FOLLOWER to FOLLOWER at term 53 for recognizeCandidate:018b3f78-d19f-4e26-a796-cb8ddc4f97cf
2019-10-18 13:01:33,647 [grpc-default-executor-5] INFO  impl.RoleInfo (RoleInfo.java:shutdownFollowerState(121)) - e5bb327f-cdd7-4e49-919e-13a4c895fddf: shutdown FollowerState
2019-10-18 13:01:33,647 [grpc-default-executor-7] INFO  impl.RoleInfo (RoleInfo.java:shutdownFollowerState(121)) - 8697df36-98d2-41b1-bdc7-60597b3b5526: shutdown FollowerState
2019-10-18 13:01:33,647 [Thread-1144] INFO  impl.FollowerState (FollowerState.java:run(117)) - e5bb327f-cdd7-4e49-919e-13a4c895fddf@group-FF4202234884-FollowerState was interrupted: java.lang.InterruptedException: sleep interrupted
2019-10-18 13:01:33,647 [grpc-default-executor-5] INFO  impl.RoleInfo (RoleInfo.java:updateAndGet(143)) - e5bb327f-cdd7-4e49-919e-13a4c895fddf: start FollowerState
2019-10-18 13:01:33,647 [grpc-default-executor-2] INFO  impl.RaftServerImpl (RaftServerImpl.java:setRole(184)) - 999343e7-0330-4874-a345-91eca72585e0@group-FF4202234884: changes role from  FOLLOWER to FOLLOWER at term 53 for recognizeCandidate:c124d131-afb9-4343-ad4e-aaebde613043
2019-10-18 13:01:33,647 [Thread-1136] INFO  impl.FollowerState (FollowerState.java:run(117)) - 8697df36-98d2-41b1-bdc7-60597b3b5526@group-187684C21557-FollowerState was interrupted: java.lang.InterruptedException: sleep interrupted
2019-10-18 13:01:33,647 [grpc-default-executor-7] INFO  impl.RoleInfo (RoleInfo.java:updateAndGet(143)) - 8697df36-98d2-41b1-bdc7-60597b3b5526: start FollowerState
2019-10-18 13:01:33,648 [grpc-default-executor-2] INFO  impl.RoleInfo (RoleInfo.java:shutdownFollowerState(121)) - 999343e7-0330-4874-a345-91eca72585e0: shutdown FollowerState
2019-10-18 13:01:33,648 [Thread-1143] INFO  impl.FollowerState (FollowerState.java:run(117)) - 999343e7-0330-4874-a345-91eca72585e0@group-FF4202234884-FollowerState was interrupted: java.lang.InterruptedException: sleep interrupted
2019-10-18 13:01:33,648 [grpc-default-executor-2] INFO  impl.RoleInfo (RoleInfo.java:updateAndGet(143)) - 999343e7-0330-4874-a345-91eca72585e0: start FollowerState
2019-10-18 13:01:33,681 [c124d131-afb9-4343-ad4e-aaebde613043@group-FF4202234884-LeaderElection109] INFO  impl.LeaderElection (LeaderElection.java:logAndReturn(56)) - c124d131-afb9-4343-ad4e-aaebde613043@group-FF4202234884-LeaderElection109: Election REJECTED; received 2 response(s) [c124d131-afb9-4343-ad4e-aaebde613043<-999343e7-0330-4874-a345-91eca72585e0#0:FAIL-t53, c124d131-afb9-4343-ad4e-aaebde613043<-e5bb327f-cdd7-4e49-919e-13a4c895fddf#0:FAIL-t53] and 0 exception(s); c124d131-afb9-4343-ad4e-aaebde613043@group-FF4202234884:t53, leader=null, voted=c124d131-afb9-4343-ad4e-aaebde613043, raftlog=c124d131-afb9-4343-ad4e-aaebde613043@group-FF4202234884-SegmentedRaftLog:OPENED:c-1,f-1,i0, conf=-1: [999343e7-0330-4874-a345-91eca72585e0:192.168.34.56:44872, c124d131-afb9-4343-ad4e-aaebde613043:192.168.34.56:42116, e5bb327f-cdd7-4e49-919e-13a4c895fddf:192.168.34.56:36658], old=null
2019-10-18 13:01:33,681 [018b3f78-d19f-4e26-a796-cb8ddc4f97cf@group-187684C21557-LeaderElection110] INFO  impl.LeaderElection (LeaderElection.java:logAndReturn(56)) - 018b3f78-d19f-4e26-a796-cb8ddc4f97cf@group-187684C21557-LeaderElection110: Election REJECTED; received 2 response(s) [018b3f78-d19f-4e26-a796-cb8ddc4f97cf<-893cf03e-f2cf-478a-892a-a746717e50e3#0:FAIL-t53, 018b3f78-d19f-4e26-a796-cb8ddc4f97cf<-8697df36-98d2-41b1-bdc7-60597b3b5526#0:FAIL-t53] and 0 exception(s); 018b3f78-d19f-4e26-a796-cb8ddc4f97cf@group-187684C21557:t53, leader=null, voted=018b3f78-d19f-4e26-a796-cb8ddc4f97cf, raftlog=018b3f78-d19f-4e26-a796-cb8ddc4f97cf@group-187684C21557-SegmentedRaftLog:OPENED:c-1,f-1,i0, conf=-1: [893cf03e-f2cf-478a-892a-a746717e50e3:192.168.34.56:40750, 8697df36-98d2-41b1-bdc7-60597b3b5526:192.168.34.56:46415, 018b3f78-d19f-4e26-a796-cb8ddc4f97cf:192.168.34.56:35845], old=null
2019-10-18 13:01:33,681 [c124d131-afb9-4343-ad4e-aaebde613043@group-FF4202234884-LeaderElection109] INFO  impl.RaftServerImpl (RaftServerImpl.java:setRole(184)) - c124d131-afb9-4343-ad4e-aaebde613043@group-FF4202234884: changes role from CANDIDATE to FOLLOWER at term 53 for DISCOVERED_A_NEW_TERM
2019-10-18 13:01:33,681 [018b3f78-d19f-4e26-a796-cb8ddc4f97cf@group-187684C21557-LeaderElection110] INFO  impl.RaftServerImpl (RaftServerImpl.java:setRole(184)) - 018b3f78-d19f-4e26-a796-cb8ddc4f97cf@group-187684C21557: changes role from CANDIDATE to FOLLOWER at term 53 for DISCOVERED_A_NEW_TERM
2019-10-18 13:01:33,682 [c124d131-afb9-4343-ad4e-aaebde613043@group-FF4202234884-LeaderElection109] INFO  impl.RoleInfo (RoleInfo.java:shutdownLeaderElection(134)) - c124d131-afb9-4343-ad4e-aaebde613043: shutdown LeaderElection
2019-10-18 13:01:33,682 [018b3f78-d19f-4e26-a796-cb8ddc4f97cf@group-187684C21557-LeaderElection110] INFO  impl.RoleInfo (RoleInfo.java:shutdownLeaderElection(134)) - 018b3f78-d19f-4e26-a796-cb8ddc4f97cf: shutdown LeaderElection
2019-10-18 13:01:33,682 [c124d131-afb9-4343-ad4e-aaebde613043@group-FF4202234884-LeaderElection109] INFO  impl.RoleInfo (RoleInfo.java:updateAndGet(143)) - c124d131-afb9-4343-ad4e-aaebde613043: start FollowerState
2019-10-18 13:01:33,682 [018b3f78-d19f-4e26-a796-cb8ddc4f97cf@group-187684C21557-LeaderElection110] INFO  impl.RoleInfo (RoleInfo.java:updateAndGet(143)) - 018b3f78-d19f-4e26-a796-cb8ddc4f97cf: start FollowerState
2019-10-18 13:01:33,801 [Thread-1157] INFO  impl.FollowerState (FollowerState.java:run(108)) - 018b3f78-d19f-4e26-a796-cb8ddc4f97cf@group-187684C21557-FollowerState: change to CANDIDATE, lastRpcTime:119ms, electionTimeout:119ms
2019-10-18 13:01:33,802 [Thread-1157] INFO  impl.RoleInfo (RoleInfo.java:shutdownFollowerState(121)) - 018b3f78-d19f-4e26-a796-cb8ddc4f97cf: shutdown FollowerState
2019-10-18 13:01:33,802 [Thread-1157] INFO  impl.RaftServerImpl (RaftServerImpl.java:setRole(184)) - 018b3f78-d19f-4e26-a796-cb8ddc4f97cf@group-187684C21557: changes role from  FOLLOWER to CANDIDATE at term 53 for changeToCandidate
2019-10-18 13:01:33,802 [Thread-1157] INFO  impl.RoleInfo (RoleInfo.java:updateAndGet(143)) - 018b3f78-d19f-4e26-a796-cb8ddc4f97cf: start LeaderElection
2019-10-18 13:01:33,813 [Thread-1156] INFO  impl.FollowerState (FollowerState.java:run(108)) - c124d131-afb9-4343-ad4e-aaebde613043@group-FF4202234884-FollowerState: change to CANDIDATE, lastRpcTime:131ms, electionTimeout:131ms
2019-10-18 13:01:33,813 [Thread-1156] INFO  impl.RoleInfo (RoleInfo.java:shutdownFollowerState(121)) - c124d131-afb9-4343-ad4e-aaebde613043: shutdown FollowerState
2019-10-18 13:01:33,813 [Thread-1156] INFO  impl.RaftServerImpl (RaftServerImpl.java:setRole(184)) - c124d131-afb9-4343-ad4e-aaebde613043@group-FF4202234884: changes role from  FOLLOWER to CANDIDATE at term 53 for changeToCandidate
2019-10-18 13:01:33,814 [Thread-1156] INFO  impl.RoleInfo (RoleInfo.java:updateAndGet(143)) - c124d131-afb9-4343-ad4e-aaebde613043: start LeaderElection
2019-10-18 13:01:33,820 [018b3f78-d19f-4e26-a796-cb8ddc4f97cf@group-187684C21557-LeaderElection111] INFO  impl.LeaderElection (LeaderElection.java:askForVotes(178)) - 018b3f78-d19f-4e26-a796-cb8ddc4f97cf@group-187684C21557-LeaderElection111: begin an election at term 54 for -1: [893cf03e-f2cf-478a-892a-a746717e50e3:192.168.34.56:40750, 8697df36-98d2-41b1-bdc7-60597b3b5526:192.168.34.56:46415, 018b3f78-d19f-4e26-a796-cb8ddc4f97cf:192.168.34.56:35845], old=null
2019-10-18 13:01:33,822 [grpc-default-executor-2] INFO  impl.RaftServerImpl (RaftServerImpl.java:setRole(184)) - 8697df36-98d2-41b1-bdc7-60597b3b5526@group-187684C21557: changes role from  FOLLOWER to FOLLOWER at term 54 for recognizeCandidate:018b3f78-d19f-4e26-a796-cb8ddc4f97cf
2019-10-18 13:01:33,822 [grpc-default-executor-5] INFO  impl.RaftServerImpl (RaftServerImpl.java:setRole(184)) - 893cf03e-f2cf-478a-892a-a746717e50e3@group-187684C21557: changes role from  FOLLOWER to FOLLOWER at term 54 for recognizeCandidate:018b3f78-d19f-4e26-a796-cb8ddc4f97cf
2019-10-18 13:01:33,822 [grpc-default-executor-2] INFO  impl.RoleInfo (RoleInfo.java:shutdownFollowerState(121)) - 8697df36-98d2-41b1-bdc7-60597b3b5526: shutdown FollowerState
2019-10-18 13:01:33,822 [grpc-default-executor-5] INFO  impl.RoleInfo (RoleInfo.java:shutdownFollowerState(121)) - 893cf03e-f2cf-478a-892a-a746717e50e3: shutdown FollowerState
2019-10-18 13:01:33,822 [grpc-default-executor-2] INFO  impl.RoleInfo (RoleInfo.java:updateAndGet(143)) - 8697df36-98d2-41b1-bdc7-60597b3b5526: start FollowerState
2019-10-18 13:01:33,822 [Thread-1154] INFO  impl.FollowerState (FollowerState.java:run(117)) - 8697df36-98d2-41b1-bdc7-60597b3b5526@group-187684C21557-FollowerState was interrupted: java.lang.InterruptedException: sleep interrupted
2019-10-18 13:01:33,822 [Thread-1152] INFO  impl.FollowerState (FollowerState.java:run(117)) - 893cf03e-f2cf-478a-892a-a746717e50e3@group-187684C21557-FollowerState was interrupted: java.lang.InterruptedException: sleep interrupted
2019-10-18 13:01:33,822 [grpc-default-executor-5] INFO  impl.RoleInfo (RoleInfo.java:updateAndGet(143)) - 893cf03e-f2cf-478a-892a-a746717e50e3: start FollowerState
2019-10-18 13:01:33,853 [c124d131-afb9-4343-ad4e-aaebde613043@group-FF4202234884-LeaderElection112] INFO  impl.LeaderElection (LeaderElection.java:askForVotes(178)) - c124d131-afb9-4343-ad4e-aaebde613043@group-FF4202234884-LeaderElection112: begin an election at term 54 for -1: [999343e7-0330-4874-a345-91eca72585e0:192.168.34.56:44872, c124d131-afb9-4343-ad4e-aaebde613043:192.168.34.56:42116, e5bb327f-cdd7-4e49-919e-13a4c895fddf:192.168.34.56:36658], old=null
2019-10-18 13:01:33,854 [018b3f78-d19f-4e26-a796-cb8ddc4f97cf@group-187684C21557-LeaderElection111] INFO  impl.LeaderElection (LeaderElection.java:logAndReturn(56)) - 018b3f78-d19f-4e26-a796-cb8ddc4f97cf@group-187684C21557-LeaderElection111: Election REJECTED; received 2 response(s) [018b3f78-d19f-4e26-a796-cb8ddc4f97cf<-893cf03e-f2cf-478a-892a-a746717e50e3#0:FAIL-t54, 018b3f78-d19f-4e26-a796-cb8ddc4f97cf<-8697df36-98d2-41b1-bdc7-60597b3b5526#0:FAIL-t54] and 0 exception(s); 018b3f78-d19f-4e26-a796-cb8ddc4f97cf@group-187684C21557:t54, leader=null, voted=018b3f78-d19f-4e26-a796-cb8ddc4f97cf, raftlog=018b3f78-d19f-4e26-a796-cb8ddc4f97cf@group-187684C21557-SegmentedRaftLog:OPENED:c-1,f-1,i0, conf=-1: [893cf03e-f2cf-478a-892a-a746717e50e3:192.168.34.56:40750, 8697df36-98d2-41b1-bdc7-60597b3b5526:192.168.34.56:46415, 018b3f78-d19f-4e26-a796-cb8ddc4f97cf:192.168.34.56:35845], old=null
2019-10-18 13:01:33,854 [018b3f78-d19f-4e26-a796-cb8ddc4f97cf@group-187684C21557-LeaderElection111] INFO  impl.RaftServerImpl (RaftServerImpl.java:setRole(184)) - 018b3f78-d19f-4e26-a796-cb8ddc4f97cf@group-187684C21557: changes role from CANDIDATE to FOLLOWER at term 54 for DISCOVERED_A_NEW_TERM
2019-10-18 13:01:33,855 [018b3f78-d19f-4e26-a796-cb8ddc4f97cf@group-187684C21557-LeaderElection111] INFO  impl.RoleInfo (RoleInfo.java:shutdownLeaderElection(134)) - 018b3f78-d19f-4e26-a796-cb8ddc4f97cf: shutdown LeaderElection
2019-10-18 13:01:33,855 [018b3f78-d19f-4e26-a796-cb8ddc4f97cf@group-187684C21557-LeaderElection111] INFO  impl.RoleInfo (RoleInfo.java:updateAndGet(143)) - 018b3f78-d19f-4e26-a796-cb8ddc4f97cf: start FollowerState
2019-10-18 13:01:33,855 [grpc-default-executor-5] INFO  impl.RaftServerImpl (RaftServerImpl.java:setRole(184)) - e5bb327f-cdd7-4e49-919e-13a4c895fddf@group-FF4202234884: changes role from  FOLLOWER to FOLLOWER at term 54 for recognizeCandidate:c124d131-afb9-4343-ad4e-aaebde613043
2019-10-18 13:01:33,855 [grpc-default-executor-2] INFO  impl.RaftServerImpl (RaftServerImpl.java:setRole(184)) - 999343e7-0330-4874-a345-91eca72585e0@group-FF4202234884: changes role from  FOLLOWER to FOLLOWER at term 54 for recognizeCandidate:c124d131-afb9-4343-ad4e-aaebde613043
2019-10-18 13:01:33,855 [grpc-default-executor-5] INFO  impl.RoleInfo (RoleInfo.java:shutdownFollowerState(121)) - e5bb327f-cdd7-4e49-919e-13a4c895fddf: shutdown FollowerState
2019-10-18 13:01:33,855 [grpc-default-executor-2] INFO  impl.RoleInfo (RoleInfo.java:shutdownFollowerState(121)) - 999343e7-0330-4874-a345-91eca72585e0: shutdown FollowerState
2019-10-18 13:01:33,855 [Thread-1153] INFO  impl.FollowerState (FollowerState.java:run(117)) - e5bb327f-cdd7-4e49-919e-13a4c895fddf@group-FF4202234884-FollowerState was interrupted: java.lang.InterruptedException: sleep interrupted
2019-10-18 13:01:33,855 [grpc-default-executor-5] INFO  impl.RoleInfo (RoleInfo.java:updateAndGet(143)) - e5bb327f-cdd7-4e49-919e-13a4c895fddf: start FollowerState
2019-10-18 13:01:33,855 [Thread-1155] INFO  impl.FollowerState (FollowerState.java:run(117)) - 999343e7-0330-4874-a345-91eca72585e0@group-FF4202234884-FollowerState was interrupted: java.lang.InterruptedException: sleep interrupted
2019-10-18 13:01:33,855 [grpc-default-executor-2] INFO  impl.RoleInfo (RoleInfo.java:updateAndGet(143)) - 999343e7-0330-4874-a345-91eca72585e0: start FollowerState
2019-10-18 13:01:33,859 [Thread-1167] INFO  impl.FollowerState (FollowerState.java:run(108)) - 018b3f78-d19f-4e26-a796-cb8ddc4f97cf@group-187684C21557-FollowerState: change to CANDIDATE, lastRpcTime:4ms, electionTimeout:4ms
2019-10-18 13:01:33,859 [Thread-1167] INFO  impl.RoleInfo (RoleInfo.java:shutdownFollowerState(121)) - 018b3f78-d19f-4e26-a796-cb8ddc4f97cf: shutdown FollowerState
2019-10-18 13:01:33,859 [Thread-1167] INFO  impl.RaftServerImpl (RaftServerImpl.java:setRole(184)) - 018b3f78-d19f-4e26-a796-cb8ddc4f97cf@group-187684C21557: changes role from  FOLLOWER to CANDIDATE at term 54 for changeToCandidate
2019-10-18 13:01:33,859 [Thread-1167] INFO  impl.RoleInfo (RoleInfo.java:updateAndGet(143)) - 018b3f78-d19f-4e26-a796-cb8ddc4f97cf: start LeaderElection
2019-10-18 13:01:33,899 [018b3f78-d19f-4e26-a796-cb8ddc4f97cf@group-187684C21557-LeaderElection113] INFO  impl.LeaderElection (LeaderElection.java:askForVotes(178)) - 018b3f78-d19f-4e26-a796-cb8ddc4f97cf@group-187684C21557-LeaderElection113: begin an election at term 55 for -1: [893cf03e-f2cf-478a-892a-a746717e50e3:192.168.34.56:40750, 8697df36-98d2-41b1-bdc7-60597b3b5526:192.168.34.56:46415, 018b3f78-d19f-4e26-a796-cb8ddc4f97cf:192.168.34.56:35845], old=null
2019-10-18 13:01:33,900 [c124d131-afb9-4343-ad4e-aaebde613043@group-FF4202234884-LeaderElection112] INFO  impl.LeaderElection (LeaderElection.java:logAndReturn(56)) - c124d131-afb9-4343-ad4e-aaebde613043@group-FF4202234884-LeaderElection112: Election REJECTED; received 2 response(s) [c124d131-afb9-4343-ad4e-aaebde613043<-999343e7-0330-4874-a345-91eca72585e0#0:FAIL-t54, c124d131-afb9-4343-ad4e-aaebde613043<-e5bb327f-cdd7-4e49-919e-13a4c895fddf#0:FAIL-t54] and 0 exception(s); c124d131-afb9-4343-ad4e-aaebde613043@group-FF4202234884:t54, leader=null, voted=c124d131-afb9-4343-ad4e-aaebde613043, raftlog=c124d131-afb9-4343-ad4e-aaebde613043@group-FF4202234884-SegmentedRaftLog:OPENED:c-1,f-1,i0, conf=-1: [999343e7-0330-4874-a345-91eca72585e0:192.168.34.56:44872, c124d131-afb9-4343-ad4e-aaebde613043:192.168.34.56:42116, e5bb327f-cdd7-4e49-919e-13a4c895fddf:192.168.34.56:36658], old=null
2019-10-18 13:01:33,900 [c124d131-afb9-4343-ad4e-aaebde613043@group-FF4202234884-LeaderElection112] INFO  impl.RaftServerImpl (RaftServerImpl.java:setRole(184)) - c124d131-afb9-4343-ad4e-aaebde613043@group-FF4202234884: changes role from CANDIDATE to FOLLOWER at term 54 for DISCOVERED_A_NEW_TERM
2019-10-18 13:01:33,900 [c124d131-afb9-4343-ad4e-aaebde613043@group-FF4202234884-LeaderElection112] INFO  impl.RoleInfo (RoleInfo.java:shutdownLeaderElection(134)) - c124d131-afb9-4343-ad4e-aaebde613043: shutdown LeaderElection
2019-10-18 13:01:33,900 [c124d131-afb9-4343-ad4e-aaebde613043@group-FF4202234884-LeaderElection112] INFO  impl.RoleInfo (RoleInfo.java:updateAndGet(143)) - c124d131-afb9-4343-ad4e-aaebde613043: start FollowerState
2019-10-18 13:01:33,901 [grpc-default-executor-5] INFO  impl.RaftServerImpl (RaftServerImpl.java:setRole(184)) - 893cf03e-f2cf-478a-892a-a746717e50e3@group-187684C21557: changes role from  FOLLOWER to FOLLOWER at term 55 for recognizeCandidate:018b3f78-d19f-4e26-a796-cb8ddc4f97cf
2019-10-18 13:01:33,901 [grpc-default-executor-5] INFO  impl.RoleInfo (RoleInfo.java:shutdownFollowerState(121)) - 893cf03e-f2cf-478a-892a-a746717e50e3: shutdown FollowerState
2019-10-18 13:01:33,901 [grpc-default-executor-5] INFO  impl.RoleInfo (RoleInfo.java:updateAndGet(143)) - 893cf03e-f2cf-478a-892a-a746717e50e3: start FollowerState
2019-10-18 13:01:33,901 [grpc-default-executor-2] INFO  impl.RaftServerImpl (RaftServerImpl.java:setRole(184)) - 8697df36-98d2-41b1-bdc7-60597b3b5526@group-187684C21557: changes role from  FOLLOWER to FOLLOWER at term 55 for recognizeCandidate:018b3f78-d19f-4e26-a796-cb8ddc4f97cf
2019-10-18 13:01:33,901 [grpc-default-executor-2] INFO  impl.RoleInfo (RoleInfo.java:shutdownFollowerState(121)) - 8697df36-98d2-41b1-bdc7-60597b3b5526: shutdown FollowerState
2019-10-18 13:01:33,901 [Thread-1164] INFO  impl.FollowerState (FollowerState.java:run(117)) - 893cf03e-f2cf-478a-892a-a746717e50e3@group-187684C21557-FollowerState was interrupted: java.lang.InterruptedException: sleep interrupted
2019-10-18 13:01:33,901 [grpc-default-executor-2] INFO  impl.RoleInfo (RoleInfo.java:updateAndGet(143)) - 8697df36-98d2-41b1-bdc7-60597b3b5526: start FollowerState
2019-10-18 13:01:33,901 [Thread-1163] INFO  impl.FollowerState (FollowerState.java:run(117)) - 8697df36-98d2-41b1-bdc7-60597b3b5526@group-187684C21557-FollowerState was interrupted: java.lang.InterruptedException: sleep interrupted
2019-10-18 13:01:33,947 [018b3f78-d19f-4e26-a796-cb8ddc4f97cf@group-187684C21557-LeaderElection113] INFO  impl.LeaderElection (LeaderElection.java:logAndReturn(56)) - 018b3f78-d19f-4e26-a796-cb8ddc4f97cf@group-187684C21557-LeaderElection113: Election REJECTED; received 2 response(s) [018b3f78-d19f-4e26-a796-cb8ddc4f97cf<-893cf03e-f2cf-478a-892a-a746717e50e3#0:FAIL-t55, 018b3f78-d19f-4e26-a796-cb8ddc4f97cf<-8697df36-98d2-41b1-bdc7-60597b3b5526#0:FAIL-t55] and 0 exception(s); 018b3f78-d19f-4e26-a796-cb8ddc4f97cf@group-187684C21557:t55, leader=null, voted=018b3f78-d19f-4e26-a796-cb8ddc4f97cf, raftlog=018b3f78-d19f-4e26-a796-cb8ddc4f97cf@group-187684C21557-SegmentedRaftLog:OPENED:c-1,f-1,i0, conf=-1: [893cf03e-f2cf-478a-892a-a746717e50e3:192.168.34.56:40750, 8697df36-98d2-41b1-bdc7-60597b3b5526:192.168.34.56:46415, 018b3f78-d19f-4e26-a796-cb8ddc4f97cf:192.168.34.56:35845], old=null
2019-10-18 13:01:33,947 [018b3f78-d19f-4e26-a796-cb8ddc4f97cf@group-187684C21557-LeaderElection113] INFO  impl.RaftServerImpl (RaftServerImpl.java:setRole(184)) - 018b3f78-d19f-4e26-a796-cb8ddc4f97cf@group-187684C21557: changes role from CANDIDATE to FOLLOWER at term 55 for DISCOVERED_A_NEW_TERM
2019-10-18 13:01:33,948 [018b3f78-d19f-4e26-a796-cb8ddc4f97cf@group-187684C21557-LeaderElection113] INFO  impl.RoleInfo (RoleInfo.java:shutdownLeaderElection(134)) - 018b3f78-d19f-4e26-a796-cb8ddc4f97cf: shutdown LeaderElection
2019-10-18 13:01:33,948 [018b3f78-d19f-4e26-a796-cb8ddc4f97cf@group-187684C21557-LeaderElection113] INFO  impl.RoleInfo (RoleInfo.java:updateAndGet(143)) - 018b3f78-d19f-4e26-a796-cb8ddc4f97cf: start FollowerState
2019-10-18 13:01:33,955 [Thread-1174] INFO  impl.FollowerState (FollowerState.java:run(108)) - c124d131-afb9-4343-ad4e-aaebde613043@group-FF4202234884-FollowerState: change to CANDIDATE, lastRpcTime:54ms, electionTimeout:54ms
2019-10-18 13:01:33,955 [Thread-1174] INFO  impl.RoleInfo (RoleInfo.java:shutdownFollowerState(121)) - c124d131-afb9-4343-ad4e-aaebde613043: shutdown FollowerState
2019-10-18 13:01:33,955 [Thread-1174] INFO  impl.RaftServerImpl (RaftServerImpl.java:setRole(184)) - c124d131-afb9-4343-ad4e-aaebde613043@group-FF4202234884: changes role from  FOLLOWER to CANDIDATE at term 54 for changeToCandidate
2019-10-18 13:01:33,955 [Thread-1174] INFO  impl.RoleInfo (RoleInfo.java:updateAndGet(143)) - c124d131-afb9-4343-ad4e-aaebde613043: start LeaderElection
2019-10-18 13:01:33,996 [c124d131-afb9-4343-ad4e-aaebde613043@group-FF4202234884-LeaderElection114] INFO  impl.LeaderElection (LeaderElection.java:askForVotes(178)) - c124d131-afb9-4343-ad4e-aaebde613043@group-FF4202234884-LeaderElection114: begin an election at term 55 for -1: [999343e7-0330-4874-a345-91eca72585e0:192.168.34.56:44872, c124d131-afb9-4343-ad4e-aaebde613043:192.168.34.56:42116, e5bb327f-cdd7-4e49-919e-13a4c895fddf:192.168.34.56:36658], old=null
2019-10-18 13:01:33,998 [grpc-default-executor-2] INFO  impl.RaftServerImpl (RaftServerImpl.java:setRole(184)) - e5bb327f-cdd7-4e49-919e-13a4c895fddf@group-FF4202234884: changes role from  FOLLOWER to FOLLOWER at term 55 for recognizeCandidate:c124d131-afb9-4343-ad4e-aaebde613043
2019-10-18 13:01:33,998 [grpc-default-executor-5] INFO  impl.RaftServerImpl (RaftServerImpl.java:setRole(184)) - 999343e7-0330-4874-a345-91eca72585e0@group-FF4202234884: changes role from  FOLLOWER to FOLLOWER at term 55 for recognizeCandidate:c124d131-afb9-4343-ad4e-aaebde613043
2019-10-18 13:01:33,998 [grpc-default-executor-2] INFO  impl.RoleInfo (RoleInfo.java:shutdownFollowerState(121)) - e5bb327f-cdd7-4e49-919e-13a4c895fddf: shutdown FollowerState
2019-10-18 13:01:33,998 [grpc-default-executor-5] INFO  impl.RoleInfo (RoleInfo.java:shutdownFollowerState(121)) - 999343e7-0330-4874-a345-91eca72585e0: shutdown FollowerState
2019-10-18 13:01:33,998 [Thread-1168] INFO  impl.FollowerState (FollowerState.java:run(117)) - e5bb327f-cdd7-4e49-919e-13a4c895fddf@group-FF4202234884-FollowerState was interrupted: java.lang.InterruptedException: sleep interrupted
2019-10-18 13:01:33,998 [grpc-default-executor-2] INFO  impl.RoleInfo (RoleInfo.java:updateAndGet(143)) - e5bb327f-cdd7-4e49-919e-13a4c895fddf: start FollowerState
2019-10-18 13:01:33,998 [grpc-default-executor-5] INFO  impl.RoleInfo (RoleInfo.java:updateAndGet(143)) - 999343e7-0330-4874-a345-91eca72585e0: start FollowerState
2019-10-18 13:01:33,998 [Thread-1169] INFO  impl.FollowerState (FollowerState.java:run(117)) - 999343e7-0330-4874-a345-91eca72585e0@group-FF4202234884-FollowerState was interrupted: java.lang.InterruptedException: sleep interrupted
2019-10-18 13:01:34,028 [c124d131-afb9-4343-ad4e-aaebde613043@group-FF4202234884-LeaderElection114] INFO  impl.LeaderElection (LeaderElection.java:logAndReturn(56)) - c124d131-afb9-4343-ad4e-aaebde613043@group-FF4202234884-LeaderElection114: Election REJECTED; received 2 response(s) [c124d131-afb9-4343-ad4e-aaebde613043<-999343e7-0330-4874-a345-91eca72585e0#0:FAIL-t55, c124d131-afb9-4343-ad4e-aaebde613043<-e5bb327f-cdd7-4e49-919e-13a4c895fddf#0:FAIL-t55] and 0 exception(s); c124d131-afb9-4343-ad4e-aaebde613043@group-FF4202234884:t55, leader=null, voted=c124d131-afb9-4343-ad4e-aaebde613043, raftlog=c124d131-afb9-4343-ad4e-aaebde613043@group-FF4202234884-SegmentedRaftLog:OPENED:c-1,f-1,i0, conf=-1: [999343e7-0330-4874-a345-91eca72585e0:192.168.34.56:44872, c124d131-afb9-4343-ad4e-aaebde613043:192.168.34.56:42116, e5bb327f-cdd7-4e49-919e-13a4c895fddf:192.168.34.56:36658], old=null
2019-10-18 13:01:34,028 [c124d131-afb9-4343-ad4e-aaebde613043@group-FF4202234884-LeaderElection114] INFO  impl.RaftServerImpl (RaftServerImpl.java:setRole(184)) - c124d131-afb9-4343-ad4e-aaebde613043@group-FF4202234884: changes role from CANDIDATE to FOLLOWER at term 55 for DISCOVERED_A_NEW_TERM
2019-10-18 13:01:34,028 [c124d131-afb9-4343-ad4e-aaebde613043@group-FF4202234884-LeaderElection114] INFO  impl.RoleInfo (RoleInfo.java:shutdownLeaderElection(134)) - c124d131-afb9-4343-ad4e-aaebde613043: shutdown LeaderElection
2019-10-18 13:01:34,028 [c124d131-afb9-4343-ad4e-aaebde613043@group-FF4202234884-LeaderElection114] INFO  impl.RoleInfo (RoleInfo.java:updateAndGet(143)) - c124d131-afb9-4343-ad4e-aaebde613043: start FollowerState
2019-10-18 13:01:34,053 [Thread-1183] INFO  impl.FollowerState (FollowerState.java:run(108)) - c124d131-afb9-4343-ad4e-aaebde613043@group-FF4202234884-FollowerState: change to CANDIDATE, lastRpcTime:25ms, electionTimeout:25ms
2019-10-18 13:01:34,054 [Thread-1183] INFO  impl.RoleInfo (RoleInfo.java:shutdownFollowerState(121)) - c124d131-afb9-4343-ad4e-aaebde613043: shutdown FollowerState
2019-10-18 13:01:34,054 [Thread-1183] INFO  impl.RaftServerImpl (RaftServerImpl.java:setRole(184)) - c124d131-afb9-4343-ad4e-aaebde613043@group-FF4202234884: changes role from  FOLLOWER to CANDIDATE at term 55 for changeToCandidate
2019-10-18 13:01:34,054 [Thread-1183] INFO  impl.RoleInfo (RoleInfo.java:updateAndGet(143)) - c124d131-afb9-4343-ad4e-aaebde613043: start LeaderElection
2019-10-18 13:01:34,056 [Thread-1177] INFO  impl.FollowerState (FollowerState.java:run(108)) - 018b3f78-d19f-4e26-a796-cb8ddc4f97cf@group-187684C21557-FollowerState: change to CANDIDATE, lastRpcTime:108ms, electionTimeout:108ms
2019-10-18 13:01:34,056 [Thread-1177] INFO  impl.RoleInfo (RoleInfo.java:shutdownFollowerState(121)) - 018b3f78-d19f-4e26-a796-cb8ddc4f97cf: shutdown FollowerState
2019-10-18 13:01:34,056 [Thread-1177] INFO  impl.RaftServerImpl (RaftServerImpl.java:setRole(184)) - 018b3f78-d19f-4e26-a796-cb8ddc4f97cf@group-187684C21557: changes role from  FOLLOWER to CANDIDATE at term 55 for changeToCandidate
2019-10-18 13:01:34,056 [Thread-1177] INFO  impl.RoleInfo (RoleInfo.java:updateAndGet(143)) - 018b3f78-d19f-4e26-a796-cb8ddc4f97cf: start LeaderElection
2019-10-18 13:01:34,082 [018b3f78-d19f-4e26-a796-cb8ddc4f97cf@group-187684C21557-LeaderElection116] INFO  impl.LeaderElection (LeaderElection.java:askForVotes(178)) - 018b3f78-d19f-4e26-a796-cb8ddc4f97cf@group-187684C21557-LeaderElection116: begin an election at term 56 for -1: [893cf03e-f2cf-478a-892a-a746717e50e3:192.168.34.56:40750, 8697df36-98d2-41b1-bdc7-60597b3b5526:192.168.34.56:46415, 018b3f78-d19f-4e26-a796-cb8ddc4f97cf:192.168.34.56:35845], old=null
2019-10-18 13:01:34,082 [c124d131-afb9-4343-ad4e-aaebde613043@group-FF4202234884-LeaderElection115] INFO  impl.LeaderElection (LeaderElection.java:askForVotes(178)) - c124d131-afb9-4343-ad4e-aaebde613043@group-FF4202234884-LeaderElection115: begin an election at term 56 for -1: [999343e7-0330-4874-a345-91eca72585e0:192.168.34.56:44872, c124d131-afb9-4343-ad4e-aaebde613043:192.168.34.56:42116, e5bb327f-cdd7-4e49-919e-13a4c895fddf:192.168.34.56:36658], old=null
2019-10-18 13:01:34,084 [grpc-default-executor-5] INFO  impl.RaftServerImpl (RaftServerImpl.java:setRole(184)) - 893cf03e-f2cf-478a-892a-a746717e50e3@group-187684C21557: changes role from  FOLLOWER to FOLLOWER at term 56 for recognizeCandidate:018b3f78-d19f-4e26-a796-cb8ddc4f97cf
2019-10-18 13:01:34,085 [grpc-default-executor-5] INFO  impl.RoleInfo (RoleInfo.java:shutdownFollowerState(121)) - 893cf03e-f2cf-478a-892a-a746717e50e3: shutdown FollowerState
2019-10-18 13:01:34,085 [grpc-default-executor-5] INFO  impl.RoleInfo (RoleInfo.java:updateAndGet(143)) - 893cf03e-f2cf-478a-892a-a746717e50e3: start FollowerState
2019-10-18 13:01:34,085 [grpc-default-executor-2] INFO  impl.RaftServerImpl (RaftServerImpl.java:setRole(184)) - 999343e7-0330-4874-a345-91eca72585e0@group-FF4202234884: changes role from  FOLLOWER to FOLLOWER at term 56 for recognizeCandidate:c124d131-afb9-4343-ad4e-aaebde613043
2019-10-18 13:01:34,085 [grpc-default-executor-2] INFO  impl.RoleInfo (RoleInfo.java:shutdownFollowerState(121)) - 999343e7-0330-4874-a345-91eca72585e0: shutdown FollowerState
2019-10-18 13:01:34,085 [grpc-default-executor-7] INFO  impl.RaftServerImpl (RaftServerImpl.java:setRole(184)) - e5bb327f-cdd7-4e49-919e-13a4c895fddf@group-FF4202234884: changes role from  FOLLOWER to FOLLOWER at term 56 for recognizeCandidate:c124d131-afb9-4343-ad4e-aaebde613043
2019-10-18 13:01:34,085 [grpc-default-executor-0] INFO  impl.RaftServerImpl (RaftServerImpl.java:setRole(184)) - 8697df36-98d2-41b1-bdc7-60597b3b5526@group-187684C21557: changes role from  FOLLOWER to FOLLOWER at term 56 for recognizeCandidate:018b3f78-d19f-4e26-a796-cb8ddc4f97cf
2019-10-18 13:01:34,085 [grpc-default-executor-7] INFO  impl.RoleInfo (RoleInfo.java:shutdownFollowerState(121)) - e5bb327f-cdd7-4e49-919e-13a4c895fddf: shutdown FollowerState
2019-10-18 13:01:34,085 [Thread-1182] INFO  impl.FollowerState (FollowerState.java:run(117)) - 999343e7-0330-4874-a345-91eca72585e0@group-FF4202234884-FollowerState was interrupted: java.lang.InterruptedException: sleep interrupted
2019-10-18 13:01:34,085 [grpc-default-executor-2] INFO  impl.RoleInfo (RoleInfo.java:updateAndGet(143)) - 999343e7-0330-4874-a345-91eca72585e0: start FollowerState
2019-10-18 13:01:34,085 [Thread-1175] INFO  impl.FollowerState (FollowerState.java:run(117)) - 893cf03e-f2cf-478a-892a-a746717e50e3@group-187684C21557-FollowerState was interrupted: java.lang.InterruptedException: sleep interrupted
2019-10-18 13:01:34,086 [Thread-1181] INFO  impl.FollowerState (FollowerState.java:run(117)) - e5bb327f-cdd7-4e49-919e-13a4c895fddf@group-FF4202234884-FollowerState was interrupted: java.lang.InterruptedException: sleep interrupted
2019-10-18 13:01:34,086 [grpc-default-executor-7] INFO  impl.RoleInfo (RoleInfo.java:updateAndGet(143)) - e5bb327f-cdd7-4e49-919e-13a4c895fddf: start FollowerState
2019-10-18 13:01:34,085 [grpc-default-executor-0] INFO  impl.RoleInfo (RoleInfo.java:shutdownFollowerState(121)) - 8697df36-98d2-41b1-bdc7-60597b3b5526: shutdown FollowerState
2019-10-18 13:01:34,086 [grpc-default-executor-0] INFO  impl.RoleInfo (RoleInfo.java:updateAndGet(143)) - 8697df36-98d2-41b1-bdc7-60597b3b5526: start FollowerState
2019-10-18 13:01:34,086 [Thread-1176] INFO  impl.FollowerState (FollowerState.java:run(117)) - 8697df36-98d2-41b1-bdc7-60597b3b5526@group-187684C21557-FollowerState was interrupted: java.lang.InterruptedException: sleep interrupted
2019-10-18 13:01:34,118 [c124d131-afb9-4343-ad4e-aaebde613043@group-FF4202234884-LeaderElection115] INFO  impl.LeaderElection (LeaderElection.java:logAndReturn(56)) - c124d131-afb9-4343-ad4e-aaebde613043@group-FF4202234884-LeaderElection115: Election REJECTED; received 2 response(s) [c124d131-afb9-4343-ad4e-aaebde613043<-999343e7-0330-4874-a345-91eca72585e0#0:FAIL-t56, c124d131-afb9-4343-ad4e-aaebde613043<-e5bb327f-cdd7-4e49-919e-13a4c895fddf#0:FAIL-t56] and 0 exception(s); c124d131-afb9-4343-ad4e-aaebde613043@group-FF4202234884:t56, leader=null, voted=c124d131-afb9-4343-ad4e-aaebde613043, raftlog=c124d131-afb9-4343-ad4e-aaebde613043@group-FF4202234884-SegmentedRaftLog:OPENED:c-1,f-1,i0, conf=-1: [999343e7-0330-4874-a345-91eca72585e0:192.168.34.56:44872, c124d131-afb9-4343-ad4e-aaebde613043:192.168.34.56:42116, e5bb327f-cdd7-4e49-919e-13a4c895fddf:192.168.34.56:36658], old=null
2019-10-18 13:01:34,118 [018b3f78-d19f-4e26-a796-cb8ddc4f97cf@group-187684C21557-LeaderElection116] INFO  impl.LeaderElection (LeaderElection.java:logAndReturn(56)) - 018b3f78-d19f-4e26-a796-cb8ddc4f97cf@group-187684C21557-LeaderElection116: Election REJECTED; received 2 response(s) [018b3f78-d19f-4e26-a796-cb8ddc4f97cf<-893cf03e-f2cf-478a-892a-a746717e50e3#0:FAIL-t56, 018b3f78-d19f-4e26-a796-cb8ddc4f97cf<-8697df36-98d2-41b1-bdc7-60597b3b5526#0:FAIL-t56] and 0 exception(s); 018b3f78-d19f-4e26-a796-cb8ddc4f97cf@group-187684C21557:t56, leader=null, voted=018b3f78-d19f-4e26-a796-cb8ddc4f97cf, raftlog=018b3f78-d19f-4e26-a796-cb8ddc4f97cf@group-187684C21557-SegmentedRaftLog:OPENED:c-1,f-1,i0, conf=-1: [893cf03e-f2cf-478a-892a-a746717e50e3:192.168.34.56:40750, 8697df36-98d2-41b1-bdc7-60597b3b5526:192.168.34.56:46415, 018b3f78-d19f-4e26-a796-cb8ddc4f97cf:192.168.34.56:35845], old=null
2019-10-18 13:01:34,118 [c124d131-afb9-4343-ad4e-aaebde613043@group-FF4202234884-LeaderElection115] INFO  impl.RaftServerImpl (RaftServerImpl.java:setRole(184)) - c124d131-afb9-4343-ad4e-aaebde613043@group-FF4202234884: changes role from CANDIDATE to FOLLOWER at term 56 for DISCOVERED_A_NEW_TERM
2019-10-18 13:01:34,118 [018b3f78-d19f-4e26-a796-cb8ddc4f97cf@group-187684C21557-LeaderElection116] INFO  impl.RaftServerImpl (RaftServerImpl.java:setRole(184)) - 018b3f78-d19f-4e26-a796-cb8ddc4f97cf@group-187684C21557: changes role from CANDIDATE to FOLLOWER at term 56 for DISCOVERED_A_NEW_TERM
2019-10-18 13:01:34,118 [c124d131-afb9-4343-ad4e-aaebde613043@group-FF4202234884-LeaderElection115] INFO  impl.RoleInfo (RoleInfo.java:shutdownLeaderElection(134)) - c124d131-afb9-4343-ad4e-aaebde613043: shutdown LeaderElection
2019-10-18 13:01:34,118 [018b3f78-d19f-4e26-a796-cb8ddc4f97cf@group-187684C21557-LeaderElection116] INFO  impl.RoleInfo (RoleInfo.java:shutdownLeaderElection(134)) - 018b3f78-d19f-4e26-a796-cb8ddc4f97cf: shutdown LeaderElection
2019-10-18 13:01:34,118 [c124d131-afb9-4343-ad4e-aaebde613043@group-FF4202234884-LeaderElection115] INFO  impl.RoleInfo (RoleInfo.java:updateAndGet(143)) - c124d131-afb9-4343-ad4e-aaebde613043: start FollowerState
2019-10-18 13:01:34,118 [018b3f78-d19f-4e26-a796-cb8ddc4f97cf@group-187684C21557-LeaderElection116] INFO  impl.RoleInfo (RoleInfo.java:updateAndGet(143)) - 018b3f78-d19f-4e26-a796-cb8ddc4f97cf: start FollowerState
2019-10-18 13:01:34,164 [Thread-1194] INFO  impl.FollowerState (FollowerState.java:run(108)) - c124d131-afb9-4343-ad4e-aaebde613043@group-FF4202234884-FollowerState: change to CANDIDATE, lastRpcTime:45ms, electionTimeout:45ms
2019-10-18 13:01:34,164 [Thread-1194] INFO  impl.RoleInfo (RoleInfo.java:shutdownFollowerState(121)) - c124d131-afb9-4343-ad4e-aaebde613043: shutdown FollowerState
2019-10-18 13:01:34,164 [Thread-1194] INFO  impl.RaftServerImpl (RaftServerImpl.java:setRole(184)) - c124d131-afb9-4343-ad4e-aaebde613043@group-FF4202234884: changes role from  FOLLOWER to CANDIDATE at term 56 for changeToCandidate
2019-10-18 13:01:34,164 [Thread-1194] INFO  impl.RoleInfo (RoleInfo.java:updateAndGet(143)) - c124d131-afb9-4343-ad4e-aaebde613043: start LeaderElection
2019-10-18 13:01:34,208 [Thread-1195] INFO  impl.FollowerState (FollowerState.java:run(108)) - 018b3f78-d19f-4e26-a796-cb8ddc4f97cf@group-187684C21557-FollowerState: change to CANDIDATE, lastRpcTime:89ms, electionTimeout:89ms
2019-10-18 13:01:34,208 [Thread-1195] INFO  impl.RoleInfo (RoleInfo.java:shutdownFollowerState(121)) - 018b3f78-d19f-4e26-a796-cb8ddc4f97cf: shutdown FollowerState
2019-10-18 13:01:34,208 [Thread-1195] INFO  impl.RaftServerImpl (RaftServerImpl.java:setRole(184)) - 018b3f78-d19f-4e26-a796-cb8ddc4f97cf@group-187684C21557: changes role from  FOLLOWER to CANDIDATE at term 56 for changeToCandidate
2019-10-18 13:01:34,208 [Thread-1195] INFO  impl.RoleInfo (RoleInfo.java:updateAndGet(143)) - 018b3f78-d19f-4e26-a796-cb8ddc4f97cf: start LeaderElection
2019-10-18 13:01:34,330 [c124d131-afb9-4343-ad4e-aaebde613043@group-FF4202234884-LeaderElection117] INFO  impl.LeaderElection (LeaderElection.java:askForVotes(178)) - c124d131-afb9-4343-ad4e-aaebde613043@group-FF4202234884-LeaderElection117: begin an election at term 57 for -1: [999343e7-0330-4874-a345-91eca72585e0:192.168.34.56:44872, c124d131-afb9-4343-ad4e-aaebde613043:192.168.34.56:42116, e5bb327f-cdd7-4e49-919e-13a4c895fddf:192.168.34.56:36658], old=null
2019-10-18 13:01:34,333 [grpc-default-executor-0] INFO  impl.RaftServerImpl (RaftServerImpl.java:setRole(184)) - e5bb327f-cdd7-4e49-919e-13a4c895fddf@group-FF4202234884: changes role from  FOLLOWER to FOLLOWER at term 57 for recognizeCandidate:c124d131-afb9-4343-ad4e-aaebde613043
2019-10-18 13:01:34,334 [grpc-default-executor-0] INFO  impl.RoleInfo (RoleInfo.java:shutdownFollowerState(121)) - e5bb327f-cdd7-4e49-919e-13a4c895fddf: shutdown FollowerState
2019-10-18 13:01:34,334 [grpc-default-executor-0] INFO  impl.RoleInfo (RoleInfo.java:updateAndGet(143)) - e5bb327f-cdd7-4e49-919e-13a4c895fddf: start FollowerState
2019-10-18 13:01:34,334 [grpc-default-executor-5] INFO  impl.RaftServerImpl (RaftServerImpl.java:setRole(184)) - 999343e7-0330-4874-a345-91eca72585e0@group-FF4202234884: changes role from  FOLLOWER to FOLLOWER at term 57 for recognizeCandidate:c124d131-afb9-4343-ad4e-aaebde613043
2019-10-18 13:01:34,334 [Thread-1192] INFO  impl.FollowerState (FollowerState.java:run(117)) - e5bb327f-cdd7-4e49-919e-13a4c895fddf@group-FF4202234884-FollowerState was interrupted: java.lang.InterruptedException: sleep interrupted
2019-10-18 13:01:34,334 [grpc-default-executor-5] INFO  impl.RoleInfo (RoleInfo.java:shutdownFollowerState(121)) - 999343e7-0330-4874-a345-91eca72585e0: shutdown FollowerState
2019-10-18 13:01:34,335 [Thread-1191] INFO  impl.FollowerState (FollowerState.java:run(117)) - 999343e7-0330-4874-a345-91eca72585e0@group-FF4202234884-FollowerState was interrupted: java.lang.InterruptedException: sleep interrupted
2019-10-18 13:01:34,335 [grpc-default-executor-5] INFO  impl.RoleInfo (RoleInfo.java:updateAndGet(143)) - 999343e7-0330-4874-a345-91eca72585e0: start FollowerState
2019-10-18 13:01:34,354 [018b3f78-d19f-4e26-a796-cb8ddc4f97cf@group-187684C21557-LeaderElection118] INFO  impl.LeaderElection (LeaderElection.java:askForVotes(178)) - 018b3f78-d19f-4e26-a796-cb8ddc4f97cf@group-187684C21557-LeaderElection118: begin an election at term 57 for -1: [893cf03e-f2cf-478a-892a-a746717e50e3:192.168.34.56:40750, 8697df36-98d2-41b1-bdc7-60597b3b5526:192.168.34.56:46415, 018b3f78-d19f-4e26-a796-cb8ddc4f97cf:192.168.34.56:35845], old=null
2019-10-18 13:01:34,356 [grpc-default-executor-2] INFO  impl.RaftServerImpl (RaftServerImpl.java:setRole(184)) - 8697df36-98d2-41b1-bdc7-60597b3b5526@group-187684C21557: changes role from  FOLLOWER to FOLLOWER at term 57 for recognizeCandidate:018b3f78-d19f-4e26-a796-cb8ddc4f97cf
2019-10-18 13:01:34,357 [grpc-default-executor-2] INFO  impl.RoleInfo (RoleInfo.java:shutdownFollowerState(121)) - 8697df36-98d2-41b1-bdc7-60597b3b5526: shutdown FollowerState
2019-10-18 13:01:34,357 [Thread-1193] INFO  impl.FollowerState (FollowerState.java:run(117)) - 8697df36-98d2-41b1-bdc7-60597b3b5526@group-187684C21557-FollowerState was interrupted: java.lang.InterruptedException: sleep interrupted
2019-10-18 13:01:34,357 [grpc-default-executor-2] INFO  impl.RoleInfo (RoleInfo.java:updateAndGet(143)) - 8697df36-98d2-41b1-bdc7-60597b3b5526: start FollowerState
2019-10-18 13:01:34,357 [grpc-default-executor-7] INFO  impl.RaftServerImpl (RaftServerImpl.java:setRole(184)) - 893cf03e-f2cf-478a-892a-a746717e50e3@group-187684C21557: changes role from  FOLLOWER to FOLLOWER at term 57 for recognizeCandidate:018b3f78-d19f-4e26-a796-cb8ddc4f97cf
2019-10-18 13:01:34,357 [grpc-default-executor-7] INFO  impl.RoleInfo (RoleInfo.java:shutdownFollowerState(121)) - 893cf03e-f2cf-478a-892a-a746717e50e3: shutdown FollowerState
2019-10-18 13:01:34,358 [grpc-default-executor-7] INFO  impl.RoleInfo (RoleInfo.java:updateAndGet(143)) - 893cf03e-f2cf-478a-892a-a746717e50e3: start FollowerState
2019-10-18 13:01:34,358 [Thread-1190] INFO  impl.FollowerState (FollowerState.java:run(117)) - 893cf03e-f2cf-478a-892a-a746717e50e3@group-187684C21557-FollowerState was interrupted: java.lang.InterruptedException: sleep interrupted
2019-10-18 13:01:34,377 [018b3f78-d19f-4e26-a796-cb8ddc4f97cf@group-187684C21557-LeaderElection118] INFO  impl.LeaderElection (LeaderElection.java:logAndReturn(56)) - 018b3f78-d19f-4e26-a796-cb8ddc4f97cf@group-187684C21557-LeaderElection118: Election REJECTED; received 2 response(s) [018b3f78-d19f-4e26-a796-cb8ddc4f97cf<-893cf03e-f2cf-478a-892a-a746717e50e3#0:FAIL-t57, 018b3f78-d19f-4e26-a796-cb8ddc4f97cf<-8697df36-98d2-41b1-bdc7-60597b3b5526#0:FAIL-t57] and 0 exception(s); 018b3f78-d19f-4e26-a796-cb8ddc4f97cf@group-187684C21557:t57, leader=null, voted=018b3f78-d19f-4e26-a796-cb8ddc4f97cf, raftlog=018b3f78-d19f-4e26-a796-cb8ddc4f97cf@group-187684C21557-SegmentedRaftLog:OPENED:c-1,f-1,i0, conf=-1: [893cf03e-f2cf-478a-892a-a746717e50e3:192.168.34.56:40750, 8697df36-98d2-41b1-bdc7-60597b3b5526:192.168.34.56:46415, 018b3f78-d19f-4e26-a796-cb8ddc4f97cf:192.168.34.56:35845], old=null
2019-10-18 13:01:34,377 [c124d131-afb9-4343-ad4e-aaebde613043@group-FF4202234884-LeaderElection117] INFO  impl.LeaderElection (LeaderElection.java:logAndReturn(56)) - c124d131-afb9-4343-ad4e-aaebde613043@group-FF4202234884-LeaderElection117: Election REJECTED; received 2 response(s) [c124d131-afb9-4343-ad4e-aaebde613043<-999343e7-0330-4874-a345-91eca72585e0#0:FAIL-t57, c124d131-afb9-4343-ad4e-aaebde613043<-e5bb327f-cdd7-4e49-919e-13a4c895fddf#0:FAIL-t57] and 0 exception(s); c124d131-afb9-4343-ad4e-aaebde613043@group-FF4202234884:t57, leader=null, voted=c124d131-afb9-4343-ad4e-aaebde613043, raftlog=c124d131-afb9-4343-ad4e-aaebde613043@group-FF4202234884-SegmentedRaftLog:OPENED:c-1,f-1,i0, conf=-1: [999343e7-0330-4874-a345-91eca72585e0:192.168.34.56:44872, c124d131-afb9-4343-ad4e-aaebde613043:192.168.34.56:42116, e5bb327f-cdd7-4e49-919e-13a4c895fddf:192.168.34.56:36658], old=null
2019-10-18 13:01:34,377 [018b3f78-d19f-4e26-a796-cb8ddc4f97cf@group-187684C21557-LeaderElection118] INFO  impl.RaftServerImpl (RaftServerImpl.java:setRole(184)) - 018b3f78-d19f-4e26-a796-cb8ddc4f97cf@group-187684C21557: changes role from CANDIDATE to FOLLOWER at term 57 for DISCOVERED_A_NEW_TERM
2019-10-18 13:01:34,377 [c124d131-afb9-4343-ad4e-aaebde613043@group-FF4202234884-LeaderElection117] INFO  impl.RaftServerImpl (RaftServerImpl.java:setRole(184)) - c124d131-afb9-4343-ad4e-aaebde613043@group-FF4202234884: changes role from CANDIDATE to FOLLOWER at term 57 for DISCOVERED_A_NEW_TERM
2019-10-18 13:01:34,377 [018b3f78-d19f-4e26-a796-cb8ddc4f97cf@group-187684C21557-LeaderElection118] INFO  impl.RoleInfo (RoleInfo.java:shutdownLeaderElection(134)) - 018b3f78-d19f-4e26-a796-cb8ddc4f97cf: shutdown LeaderElection
2019-10-18 13:01:34,377 [c124d131-afb9-4343-ad4e-aaebde613043@group-FF4202234884-LeaderElection117] INFO  impl.RoleInfo (RoleInfo.java:shutdownLeaderElection(134)) - c124d131-afb9-4343-ad4e-aaebde613043: shutdown LeaderElection
2019-10-18 13:01:34,378 [018b3f78-d19f-4e26-a796-cb8ddc4f97cf@group-187684C21557-LeaderElection118] INFO  impl.RoleInfo (RoleInfo.java:updateAndGet(143)) - 018b3f78-d19f-4e26-a796-cb8ddc4f97cf: start FollowerState
2019-10-18 13:01:34,378 [c124d131-afb9-4343-ad4e-aaebde613043@group-FF4202234884-LeaderElection117] INFO  impl.RoleInfo (RoleInfo.java:updateAndGet(143)) - c124d131-afb9-4343-ad4e-aaebde613043: start FollowerState
2019-10-18 13:01:34,462 [Thread-1209] INFO  impl.FollowerState (FollowerState.java:run(108)) - c124d131-afb9-4343-ad4e-aaebde613043@group-FF4202234884-FollowerState: change to CANDIDATE, lastRpcTime:84ms, electionTimeout:84ms
2019-10-18 13:01:34,462 [Thread-1209] INFO  impl.RoleInfo (RoleInfo.java:shutdownFollowerState(121)) - c124d131-afb9-4343-ad4e-aaebde613043: shutdown FollowerState
2019-10-18 13:01:34,463 [Thread-1209] INFO  impl.RaftServerImpl (RaftServerImpl.java:setRole(184)) - c124d131-afb9-4343-ad4e-aaebde613043@group-FF4202234884: changes role from  FOLLOWER to CANDIDATE at term 57 for changeToCandidate
2019-10-18 13:01:34,463 [Thread-1209] INFO  impl.RoleInfo (RoleInfo.java:updateAndGet(143)) - c124d131-afb9-4343-ad4e-aaebde613043: start LeaderElection
2019-10-18 13:01:34,512 [c124d131-afb9-4343-ad4e-aaebde613043@group-FF4202234884-LeaderElection119] INFO  impl.LeaderElection (LeaderElection.java:askForVotes(178)) - c124d131-afb9-4343-ad4e-aaebde613043@group-FF4202234884-LeaderElection119: begin an election at term 58 for -1: [999343e7-0330-4874-a345-91eca72585e0:192.168.34.56:44872, c124d131-afb9-4343-ad4e-aaebde613043:192.168.34.56:42116, e5bb327f-cdd7-4e49-919e-13a4c895fddf:192.168.34.56:36658], old=null
2019-10-18 13:01:34,514 [Thread-1208] INFO  impl.FollowerState (FollowerState.java:run(108)) - 018b3f78-d19f-4e26-a796-cb8ddc4f97cf@group-187684C21557-FollowerState: change to CANDIDATE, lastRpcTime:136ms, electionTimeout:136ms
2019-10-18 13:01:34,514 [Thread-1208] INFO  impl.RoleInfo (RoleInfo.java:shutdownFollowerState(121)) - 018b3f78-d19f-4e26-a796-cb8ddc4f97cf: shutdown FollowerState
2019-10-18 13:01:34,514 [Thread-1208] INFO  impl.RaftServerImpl (RaftServerImpl.java:setRole(184)) - 018b3f78-d19f-4e26-a796-cb8ddc4f97cf@group-187684C21557: changes role from  FOLLOWER to CANDIDATE at term 57 for changeToCandidate
2019-10-18 13:01:34,515 [Thread-1208] INFO  impl.RoleInfo (RoleInfo.java:updateAndGet(143)) - 018b3f78-d19f-4e26-a796-cb8ddc4f97cf: start LeaderElection
2019-10-18 13:01:34,515 [grpc-default-executor-5] INFO  impl.RaftServerImpl (RaftServerImpl.java:setRole(184)) - e5bb327f-cdd7-4e49-919e-13a4c895fddf@group-FF4202234884: changes role from  FOLLOWER to FOLLOWER at term 58 for recognizeCandidate:c124d131-afb9-4343-ad4e-aaebde613043
2019-10-18 13:01:34,515 [grpc-default-executor-2] INFO  impl.RaftServerImpl (RaftServerImpl.java:setRole(184)) - 999343e7-0330-4874-a345-91eca72585e0@group-FF4202234884: changes role from  FOLLOWER to FOLLOWER at term 58 for recognizeCandidate:c124d131-afb9-4343-ad4e-aaebde613043
2019-10-18 13:01:34,515 [grpc-default-executor-5] INFO  impl.RoleInfo (RoleInfo.java:shutdownFollowerState(121)) - e5bb327f-cdd7-4e49-919e-13a4c895fddf: shutdown FollowerState
2019-10-18 13:01:34,515 [grpc-default-executor-2] INFO  impl.RoleInfo (RoleInfo.java:shutdownFollowerState(121)) - 999343e7-0330-4874-a345-91eca72585e0: shutdown FollowerState
2019-10-18 13:01:34,516 [Thread-1201] INFO  impl.FollowerState (FollowerState.java:run(117)) - e5bb327f-cdd7-4e49-919e-13a4c895fddf@group-FF4202234884-FollowerState was interrupted: java.lang.InterruptedException: sleep interrupted
2019-10-18 13:01:34,516 [grpc-default-executor-5] INFO  impl.RoleInfo (RoleInfo.java:updateAndGet(143)) - e5bb327f-cdd7-4e49-919e-13a4c895fddf: start FollowerState
2019-10-18 13:01:34,516 [grpc-default-executor-2] INFO  impl.RoleInfo (RoleInfo.java:updateAndGet(143)) - 999343e7-0330-4874-a345-91eca72585e0: start FollowerState
2019-10-18 13:01:34,516 [Thread-1202] INFO  impl.FollowerState (FollowerState.java:run(117)) - 999343e7-0330-4874-a345-91eca72585e0@group-FF4202234884-FollowerState was interrupted: java.lang.InterruptedException: sleep interrupted
2019-10-18 13:01:34,581 [018b3f78-d19f-4e26-a796-cb8ddc4f97cf@group-187684C21557-LeaderElection120] INFO  impl.LeaderElection (LeaderElection.java:askForVotes(178)) - 018b3f78-d19f-4e26-a796-cb8ddc4f97cf@group-187684C21557-LeaderElection120: begin an election at term 58 for -1: [893cf03e-f2cf-478a-892a-a746717e50e3:192.168.34.56:40750, 8697df36-98d2-41b1-bdc7-60597b3b5526:192.168.34.56:46415, 018b3f78-d19f-4e26-a796-cb8ddc4f97cf:192.168.34.56:35845], old=null
2019-10-18 13:01:34,582 [c124d131-afb9-4343-ad4e-aaebde613043@group-FF4202234884-LeaderElection119] INFO  impl.LeaderElection (LeaderElection.java:logAndReturn(56)) - c124d131-afb9-4343-ad4e-aaebde613043@group-FF4202234884-LeaderElection119: Election REJECTED; received 2 response(s) [c124d131-afb9-4343-ad4e-aaebde613043<-999343e7-0330-4874-a345-91eca72585e0#0:FAIL-t58, c124d131-afb9-4343-ad4e-aaebde613043<-e5bb327f-cdd7-4e49-919e-13a4c895fddf#0:FAIL-t58] and 0 exception(s); c124d131-afb9-4343-ad4e-aaebde613043@group-FF4202234884:t58, leader=null, voted=c124d131-afb9-4343-ad4e-aaebde613043, raftlog=c124d131-afb9-4343-ad4e-aaebde613043@group-FF4202234884-SegmentedRaftLog:OPENED:c-1,f-1,i0, conf=-1: [999343e7-0330-4874-a345-91eca72585e0:192.168.34.56:44872, c124d131-afb9-4343-ad4e-aaebde613043:192.168.34.56:42116, e5bb327f-cdd7-4e49-919e-13a4c895fddf:192.168.34.56:36658], old=null
2019-10-18 13:01:34,583 [c124d131-afb9-4343-ad4e-aaebde613043@group-FF4202234884-LeaderElection119] INFO  impl.RaftServerImpl (RaftServerImpl.java:setRole(184)) - c124d131-afb9-4343-ad4e-aaebde613043@group-FF4202234884: changes role from CANDIDATE to FOLLOWER at term 58 for DISCOVERED_A_NEW_TERM
2019-10-18 13:01:34,583 [c124d131-afb9-4343-ad4e-aaebde613043@group-FF4202234884-LeaderElection119] INFO  impl.RoleInfo (RoleInfo.java:shutdownLeaderElection(134)) - c124d131-afb9-4343-ad4e-aaebde613043: shutdown LeaderElection
2019-10-18 13:01:34,583 [c124d131-afb9-4343-ad4e-aaebde613043@group-FF4202234884-LeaderElection119] INFO  impl.RoleInfo (RoleInfo.java:updateAndGet(143)) - c124d131-afb9-4343-ad4e-aaebde613043: start FollowerState
2019-10-18 13:01:34,584 [grpc-default-executor-2] INFO  impl.RaftServerImpl (RaftServerImpl.java:setRole(184)) - 893cf03e-f2cf-478a-892a-a746717e50e3@group-187684C21557: changes role from  FOLLOWER to FOLLOWER at term 58 for recognizeCandidate:018b3f78-d19f-4e26-a796-cb8ddc4f97cf
2019-10-18 13:01:34,584 [grpc-default-executor-2] INFO  impl.RoleInfo (RoleInfo.java:shutdownFollowerState(121)) - 893cf03e-f2cf-478a-892a-a746717e50e3: shutdown FollowerState
2019-10-18 13:01:34,584 [grpc-default-executor-5] INFO  impl.RaftServerImpl (RaftServerImpl.java:setRole(184)) - 8697df36-98d2-41b1-bdc7-60597b3b5526@group-187684C21557: changes role from  FOLLOWER to FOLLOWER at term 58 for recognizeCandidate:018b3f78-d19f-4e26-a796-cb8ddc4f97cf
2019-10-18 13:01:34,584 [Thread-1206] INFO  impl.FollowerState (FollowerState.java:run(117)) - 893cf03e-f2cf-478a-892a-a746717e50e3@group-187684C21557-FollowerState was interrupted: java.lang.InterruptedException: sleep interrupted
2019-10-18 13:01:34,584 [grpc-default-executor-2] INFO  impl.RoleInfo (RoleInfo.java:updateAndGet(143)) - 893cf03e-f2cf-478a-892a-a746717e50e3: start FollowerState
2019-10-18 13:01:34,584 [grpc-default-executor-5] INFO  impl.RoleInfo (RoleInfo.java:shutdownFollowerState(121)) - 8697df36-98d2-41b1-bdc7-60597b3b5526: shutdown FollowerState
2019-10-18 13:01:34,585 [grpc-default-executor-5] INFO  impl.RoleInfo (RoleInfo.java:updateAndGet(143)) - 8697df36-98d2-41b1-bdc7-60597b3b5526: start FollowerState
2019-10-18 13:01:34,585 [Thread-1205] INFO  impl.FollowerState (FollowerState.java:run(117)) - 8697df36-98d2-41b1-bdc7-60597b3b5526@group-187684C21557-FollowerState was interrupted: java.lang.InterruptedException: sleep interrupted
2019-10-18 13:01:34,642 [018b3f78-d19f-4e26-a796-cb8ddc4f97cf@group-187684C21557-LeaderElection120] INFO  impl.LeaderElection (LeaderElection.java:logAndReturn(56)) - 018b3f78-d19f-4e26-a796-cb8ddc4f97cf@group-187684C21557-LeaderElection120: Election TIMEOUT; received 0 response(s) [] and 0 exception(s); 018b3f78-d19f-4e26-a796-cb8ddc4f97cf@group-187684C21557:t58, leader=null, voted=018b3f78-d19f-4e26-a796-cb8ddc4f97cf, raftlog=018b3f78-d19f-4e26-a796-cb8ddc4f97cf@group-187684C21557-SegmentedRaftLog:OPENED:c-1,f-1,i0, conf=-1: [893cf03e-f2cf-478a-892a-a746717e50e3:192.168.34.56:40750, 8697df36-98d2-41b1-bdc7-60597b3b5526:192.168.34.56:46415, 018b3f78-d19f-4e26-a796-cb8ddc4f97cf:192.168.34.56:35845], old=null
2019-10-18 13:01:34,677 [018b3f78-d19f-4e26-a796-cb8ddc4f97cf@group-187684C21557-LeaderElection120] INFO  impl.LeaderElection (LeaderElection.java:askForVotes(178)) - 018b3f78-d19f-4e26-a796-cb8ddc4f97cf@group-187684C21557-LeaderElection120: begin an election at term 59 for -1: [893cf03e-f2cf-478a-892a-a746717e50e3:192.168.34.56:40750, 8697df36-98d2-41b1-bdc7-60597b3b5526:192.168.34.56:46415, 018b3f78-d19f-4e26-a796-cb8ddc4f97cf:192.168.34.56:35845], old=null
2019-10-18 13:01:34,680 [grpc-default-executor-5] INFO  impl.RaftServerImpl (RaftServerImpl.java:setRole(184)) - 893cf03e-f2cf-478a-892a-a746717e50e3@group-187684C21557: changes role from  FOLLOWER to FOLLOWER at term 59 for recognizeCandidate:018b3f78-d19f-4e26-a796-cb8ddc4f97cf
2019-10-18 13:01:34,680 [grpc-default-executor-2] INFO  impl.RaftServerImpl (RaftServerImpl.java:setRole(184)) - 8697df36-98d2-41b1-bdc7-60597b3b5526@group-187684C21557: changes role from  FOLLOWER to FOLLOWER at term 59 for recognizeCandidate:018b3f78-d19f-4e26-a796-cb8ddc4f97cf
2019-10-18 13:01:34,680 [grpc-default-executor-5] INFO  impl.RoleInfo (RoleInfo.java:shutdownFollowerState(121)) - 893cf03e-f2cf-478a-892a-a746717e50e3: shutdown FollowerState
2019-10-18 13:01:34,680 [grpc-default-executor-2] INFO  impl.RoleInfo (RoleInfo.java:shutdownFollowerState(121)) - 8697df36-98d2-41b1-bdc7-60597b3b5526: shutdown FollowerState
2019-10-18 13:01:34,680 [Thread-1219] INFO  impl.FollowerState (FollowerState.java:run(117)) - 893cf03e-f2cf-478a-892a-a746717e50e3@group-187684C21557-FollowerState was interrupted: java.lang.InterruptedException: sleep interrupted
2019-10-18 13:01:34,680 [grpc-default-executor-5] INFO  impl.RoleInfo (RoleInfo.java:updateAndGet(143)) - 893cf03e-f2cf-478a-892a-a746717e50e3: start FollowerState
2019-10-18 13:01:34,681 [Thread-1220] INFO  impl.FollowerState (FollowerState.java:run(117)) - 8697df36-98d2-41b1-bdc7-60597b3b5526@group-187684C21557-FollowerState was interrupted: java.lang.InterruptedException: sleep interrupted
2019-10-18 13:01:34,681 [grpc-default-executor-2] INFO  impl.RoleInfo (RoleInfo.java:updateAndGet(143)) - 8697df36-98d2-41b1-bdc7-60597b3b5526: start FollowerState
2019-10-18 13:01:34,730 [018b3f78-d19f-4e26-a796-cb8ddc4f97cf@group-187684C21557-LeaderElection120] INFO  impl.LeaderElection (LeaderElection.java:logAndReturn(56)) - 018b3f78-d19f-4e26-a796-cb8ddc4f97cf@group-187684C21557-LeaderElection120: Election REJECTED; received 2 response(s) [018b3f78-d19f-4e26-a796-cb8ddc4f97cf<-893cf03e-f2cf-478a-892a-a746717e50e3#0:FAIL-t59, 018b3f78-d19f-4e26-a796-cb8ddc4f97cf<-8697df36-98d2-41b1-bdc7-60597b3b5526#0:FAIL-t59] and 0 exception(s); 018b3f78-d19f-4e26-a796-cb8ddc4f97cf@group-187684C21557:t59, leader=null, voted=018b3f78-d19f-4e26-a796-cb8ddc4f97cf, raftlog=018b3f78-d19f-4e26-a796-cb8ddc4f97cf@group-187684C21557-SegmentedRaftLog:OPENED:c-1,f-1,i0, conf=-1: [893cf03e-f2cf-478a-892a-a746717e50e3:192.168.34.56:40750, 8697df36-98d2-41b1-bdc7-60597b3b5526:192.168.34.56:46415, 018b3f78-d19f-4e26-a796-cb8ddc4f97cf:192.168.34.56:35845], old=null
2019-10-18 13:01:34,731 [018b3f78-d19f-4e26-a796-cb8ddc4f97cf@group-187684C21557-LeaderElection120] INFO  impl.RaftServerImpl (RaftServerImpl.java:setRole(184)) - 018b3f78-d19f-4e26-a796-cb8ddc4f97cf@group-187684C21557: changes role from CANDIDATE to FOLLOWER at term 59 for DISCOVERED_A_NEW_TERM
2019-10-18 13:01:34,731 [018b3f78-d19f-4e26-a796-cb8ddc4f97cf@group-187684C21557-LeaderElection120] INFO  impl.RoleInfo (RoleInfo.java:shutdownLeaderElection(134)) - 018b3f78-d19f-4e26-a796-cb8ddc4f97cf: shutdown LeaderElection
2019-10-18 13:01:34,731 [018b3f78-d19f-4e26-a796-cb8ddc4f97cf@group-187684C21557-LeaderElection120] INFO  impl.RoleInfo (RoleInfo.java:updateAndGet(143)) - 018b3f78-d19f-4e26-a796-cb8ddc4f97cf: start FollowerState
2019-10-18 13:01:34,742 [Thread-1227] INFO  impl.FollowerState (FollowerState.java:run(108)) - 018b3f78-d19f-4e26-a796-cb8ddc4f97cf@group-187684C21557-FollowerState: change to CANDIDATE, lastRpcTime:10ms, electionTimeout:10ms
2019-10-18 13:01:34,742 [Thread-1227] INFO  impl.RoleInfo (RoleInfo.java:shutdownFollowerState(121)) - 018b3f78-d19f-4e26-a796-cb8ddc4f97cf: shutdown FollowerState
2019-10-18 13:01:34,742 [Thread-1227] INFO  impl.RaftServerImpl (RaftServerImpl.java:setRole(184)) - 018b3f78-d19f-4e26-a796-cb8ddc4f97cf@group-187684C21557: changes role from  FOLLOWER to CANDIDATE at term 59 for changeToCandidate
2019-10-18 13:01:34,742 [Thread-1227] INFO  impl.RoleInfo (RoleInfo.java:updateAndGet(143)) - 018b3f78-d19f-4e26-a796-cb8ddc4f97cf: start LeaderElection
2019-10-18 13:01:34,767 [018b3f78-d19f-4e26-a796-cb8ddc4f97cf@group-187684C21557-LeaderElection121] INFO  impl.LeaderElection (LeaderElection.java:askForVotes(178)) - 018b3f78-d19f-4e26-a796-cb8ddc4f97cf@group-187684C21557-LeaderElection121: begin an election at term 60 for -1: [893cf03e-f2cf-478a-892a-a746717e50e3:192.168.34.56:40750, 8697df36-98d2-41b1-bdc7-60597b3b5526:192.168.34.56:46415, 018b3f78-d19f-4e26-a796-cb8ddc4f97cf:192.168.34.56:35845], old=null
2019-10-18 13:01:34,768 [grpc-default-executor-2] INFO  impl.RaftServerImpl (RaftServerImpl.java:setRole(184)) - 893cf03e-f2cf-478a-892a-a746717e50e3@group-187684C21557: changes role from  FOLLOWER to FOLLOWER at term 60 for recognizeCandidate:018b3f78-d19f-4e26-a796-cb8ddc4f97cf
2019-10-18 13:01:34,769 [grpc-default-executor-2] INFO  impl.RoleInfo (RoleInfo.java:shutdownFollowerState(121)) - 893cf03e-f2cf-478a-892a-a746717e50e3: shutdown FollowerState
2019-10-18 13:01:34,769 [grpc-default-executor-2] INFO  impl.RoleInfo (RoleInfo.java:updateAndGet(143)) - 893cf03e-f2cf-478a-892a-a746717e50e3: start FollowerState
2019-10-18 13:01:34,769 [grpc-default-executor-5] INFO  impl.RaftServerImpl (RaftServerImpl.java:setRole(184)) - 8697df36-98d2-41b1-bdc7-60597b3b5526@group-187684C21557: changes role from  FOLLOWER to FOLLOWER at term 60 for recognizeCandidate:018b3f78-d19f-4e26-a796-cb8ddc4f97cf
2019-10-18 13:01:34,769 [Thread-1225] INFO  impl.FollowerState (FollowerState.java:run(117)) - 893cf03e-f2cf-478a-892a-a746717e50e3@group-187684C21557-FollowerState was interrupted: java.lang.InterruptedException: sleep interrupted
2019-10-18 13:01:34,769 [grpc-default-executor-5] INFO  impl.RoleInfo (RoleInfo.java:shutdownFollowerState(121)) - 8697df36-98d2-41b1-bdc7-60597b3b5526: shutdown FollowerState
2019-10-18 13:01:34,769 [grpc-default-executor-5] INFO  impl.RoleInfo (RoleInfo.java:updateAndGet(143)) - 8697df36-98d2-41b1-bdc7-60597b3b5526: start FollowerState
2019-10-18 13:01:34,769 [Thread-1226] INFO  impl.FollowerState (FollowerState.java:run(117)) - 8697df36-98d2-41b1-bdc7-60597b3b5526@group-187684C21557-FollowerState was interrupted: java.lang.InterruptedException: sleep interrupted
2019-10-18 13:01:34,780 [Thread-1218] INFO  impl.FollowerState (FollowerState.java:run(108)) - c124d131-afb9-4343-ad4e-aaebde613043@group-FF4202234884-FollowerState: change to CANDIDATE, lastRpcTime:196ms, electionTimeout:196ms
2019-10-18 13:01:34,780 [Thread-1218] INFO  impl.RoleInfo (RoleInfo.java:shutdownFollowerState(121)) - c124d131-afb9-4343-ad4e-aaebde613043: shutdown FollowerState
2019-10-18 13:01:34,780 [Thread-1218] INFO  impl.RaftServerImpl (RaftServerImpl.java:setRole(184)) - c124d131-afb9-4343-ad4e-aaebde613043@group-FF4202234884: changes role from  FOLLOWER to CANDIDATE at term 58 for changeToCandidate
2019-10-18 13:01:34,780 [Thread-1218] INFO  impl.RoleInfo (RoleInfo.java:updateAndGet(143)) - c124d131-afb9-4343-ad4e-aaebde613043: start LeaderElection
2019-10-18 13:01:34,810 [018b3f78-d19f-4e26-a796-cb8ddc4f97cf@group-187684C21557-LeaderElection121] INFO  impl.LeaderElection (LeaderElection.java:logAndReturn(56)) - 018b3f78-d19f-4e26-a796-cb8ddc4f97cf@group-187684C21557-LeaderElection121: Election REJECTED; received 2 response(s) [018b3f78-d19f-4e26-a796-cb8ddc4f97cf<-893cf03e-f2cf-478a-892a-a746717e50e3#0:FAIL-t60, 018b3f78-d19f-4e26-a796-cb8ddc4f97cf<-8697df36-98d2-41b1-bdc7-60597b3b5526#0:FAIL-t60] and 0 exception(s); 018b3f78-d19f-4e26-a796-cb8ddc4f97cf@group-187684C21557:t60, leader=null, voted=018b3f78-d19f-4e26-a796-cb8ddc4f97cf, raftlog=018b3f78-d19f-4e26-a796-cb8ddc4f97cf@group-187684C21557-SegmentedRaftLog:OPENED:c-1,f-1,i0, conf=-1: [893cf03e-f2cf-478a-892a-a746717e50e3:192.168.34.56:40750, 8697df36-98d2-41b1-bdc7-60597b3b5526:192.168.34.56:46415, 018b3f78-d19f-4e26-a796-cb8ddc4f97cf:192.168.34.56:35845], old=null
2019-10-18 13:01:34,810 [018b3f78-d19f-4e26-a796-cb8ddc4f97cf@group-187684C21557-LeaderElection121] INFO  impl.RaftServerImpl (RaftServerImpl.java:setRole(184)) - 018b3f78-d19f-4e26-a796-cb8ddc4f97cf@group-187684C21557: changes role from CANDIDATE to FOLLOWER at term 60 for DISCOVERED_A_NEW_TERM
2019-10-18 13:01:34,810 [018b3f78-d19f-4e26-a796-cb8ddc4f97cf@group-187684C21557-LeaderElection121] INFO  impl.RoleInfo (RoleInfo.java:shutdownLeaderElection(134)) - 018b3f78-d19f-4e26-a796-cb8ddc4f97cf: shutdown LeaderElection
2019-10-18 13:01:34,810 [018b3f78-d19f-4e26-a796-cb8ddc4f97cf@group-187684C21557-LeaderElection121] INFO  impl.RoleInfo (RoleInfo.java:updateAndGet(143)) - 018b3f78-d19f-4e26-a796-cb8ddc4f97cf: start FollowerState
2019-10-18 13:01:34,841 [c124d131-afb9-4343-ad4e-aaebde613043@group-FF4202234884-LeaderElection122] INFO  impl.LeaderElection (LeaderElection.java:askForVotes(178)) - c124d131-afb9-4343-ad4e-aaebde613043@group-FF4202234884-LeaderElection122: begin an election at term 59 for -1: [999343e7-0330-4874-a345-91eca72585e0:192.168.34.56:44872, c124d131-afb9-4343-ad4e-aaebde613043:192.168.34.56:42116, e5bb327f-cdd7-4e49-919e-13a4c895fddf:192.168.34.56:36658], old=null
2019-10-18 13:01:34,844 [grpc-default-executor-5] INFO  impl.RaftServerImpl (RaftServerImpl.java:setRole(184)) - 999343e7-0330-4874-a345-91eca72585e0@group-FF4202234884: changes role from  FOLLOWER to FOLLOWER at term 59 for recognizeCandidate:c124d131-afb9-4343-ad4e-aaebde613043
2019-10-18 13:01:34,844 [grpc-default-executor-5] INFO  impl.RoleInfo (RoleInfo.java:shutdownFollowerState(121)) - 999343e7-0330-4874-a345-91eca72585e0: shutdown FollowerState
2019-10-18 13:01:34,844 [grpc-default-executor-2] INFO  impl.RaftServerImpl (RaftServerImpl.java:setRole(184)) - e5bb327f-cdd7-4e49-919e-13a4c895fddf@group-FF4202234884: changes role from  FOLLOWER to FOLLOWER at term 59 for recognizeCandidate:c124d131-afb9-4343-ad4e-aaebde613043
2019-10-18 13:01:34,844 [Thread-1215] INFO  impl.FollowerState (FollowerState.java:run(117)) - 999343e7-0330-4874-a345-91eca72585e0@group-FF4202234884-FollowerState was interrupted: java.lang.InterruptedException: sleep interrupted
2019-10-18 13:01:34,844 [grpc-default-executor-5] INFO  impl.RoleInfo (RoleInfo.java:updateAndGet(143)) - 999343e7-0330-4874-a345-91eca72585e0: start FollowerState
2019-10-18 13:01:34,844 [grpc-default-executor-2] INFO  impl.RoleInfo (RoleInfo.java:shutdownFollowerState(121)) - e5bb327f-cdd7-4e49-919e-13a4c895fddf: shutdown FollowerState
2019-10-18 13:01:34,845 [grpc-default-executor-2] INFO  impl.RoleInfo (RoleInfo.java:updateAndGet(143)) - e5bb327f-cdd7-4e49-919e-13a4c895fddf: start FollowerState
2019-10-18 13:01:34,845 [Thread-1214] INFO  impl.FollowerState (FollowerState.java:run(117)) - e5bb327f-cdd7-4e49-919e-13a4c895fddf@group-FF4202234884-FollowerState was interrupted: java.lang.InterruptedException: sleep interrupted
2019-10-18 13:01:34,876 [c124d131-afb9-4343-ad4e-aaebde613043@group-FF4202234884-LeaderElection122] INFO  impl.LeaderElection (LeaderElection.java:logAndReturn(56)) - c124d131-afb9-4343-ad4e-aaebde613043@group-FF4202234884-LeaderElection122: Election REJECTED; received 2 response(s) [c124d131-afb9-4343-ad4e-aaebde613043<-999343e7-0330-4874-a345-91eca72585e0#0:FAIL-t59, c124d131-afb9-4343-ad4e-aaebde613043<-e5bb327f-cdd7-4e49-919e-13a4c895fddf#0:FAIL-t59] and 0 exception(s); c124d131-afb9-4343-ad4e-aaebde613043@group-FF4202234884:t59, leader=null, voted=c124d131-afb9-4343-ad4e-aaebde613043, raftlog=c124d131-afb9-4343-ad4e-aaebde613043@group-FF4202234884-SegmentedRaftLog:OPENED:c-1,f-1,i0, conf=-1: [999343e7-0330-4874-a345-91eca72585e0:192.168.34.56:44872, c124d131-afb9-4343-ad4e-aaebde613043:192.168.34.56:42116, e5bb327f-cdd7-4e49-919e-13a4c895fddf:192.168.34.56:36658], old=null
2019-10-18 13:01:34,877 [c124d131-afb9-4343-ad4e-aaebde613043@group-FF4202234884-LeaderElection122] INFO  impl.RaftServerImpl (RaftServerImpl.java:setRole(184)) - c124d131-afb9-4343-ad4e-aaebde613043@group-FF4202234884: changes role from CANDIDATE to FOLLOWER at term 59 for DISCOVERED_A_NEW_TERM
2019-10-18 13:01:34,877 [c124d131-afb9-4343-ad4e-aaebde613043@group-FF4202234884-LeaderElection122] INFO  impl.RoleInfo (RoleInfo.java:shutdownLeaderElection(134)) - c124d131-afb9-4343-ad4e-aaebde613043: shutdown LeaderElection
2019-10-18 13:01:34,877 [c124d131-afb9-4343-ad4e-aaebde613043@group-FF4202234884-LeaderElection122] INFO  impl.RoleInfo (RoleInfo.java:updateAndGet(143)) - c124d131-afb9-4343-ad4e-aaebde613043: start FollowerState
2019-10-18 13:01:34,894 [Thread-1235] INFO  impl.FollowerState (FollowerState.java:run(108)) - 018b3f78-d19f-4e26-a796-cb8ddc4f97cf@group-187684C21557-FollowerState: change to CANDIDATE, lastRpcTime:83ms, electionTimeout:83ms
2019-10-18 13:01:34,894 [Thread-1235] INFO  impl.RoleInfo (RoleInfo.java:shutdownFollowerState(121)) - 018b3f78-d19f-4e26-a796-cb8ddc4f97cf: shutdown FollowerState
2019-10-18 13:01:34,894 [Thread-1235] INFO  impl.RaftServerImpl (RaftServerImpl.java:setRole(184)) - 018b3f78-d19f-4e26-a796-cb8ddc4f97cf@group-187684C21557: changes role from  FOLLOWER to CANDIDATE at term 60 for changeToCandidate
2019-10-18 13:01:34,894 [Thread-1235] INFO  impl.RoleInfo (RoleInfo.java:updateAndGet(143)) - 018b3f78-d19f-4e26-a796-cb8ddc4f97cf: start LeaderElection
2019-10-18 13:01:34,914 [018b3f78-d19f-4e26-a796-cb8ddc4f97cf@group-187684C21557-LeaderElection123] INFO  impl.LeaderElection (LeaderElection.java:askForVotes(178)) - 018b3f78-d19f-4e26-a796-cb8ddc4f97cf@group-187684C21557-LeaderElection123: begin an election at term 61 for -1: [893cf03e-f2cf-478a-892a-a746717e50e3:192.168.34.56:40750, 8697df36-98d2-41b1-bdc7-60597b3b5526:192.168.34.56:46415, 018b3f78-d19f-4e26-a796-cb8ddc4f97cf:192.168.34.56:35845], old=null
2019-10-18 13:01:34,916 [grpc-default-executor-2] INFO  impl.RaftServerImpl (RaftServerImpl.java:setRole(184)) - 893cf03e-f2cf-478a-892a-a746717e50e3@group-187684C21557: changes role from  FOLLOWER to FOLLOWER at term 61 for recognizeCandidate:018b3f78-d19f-4e26-a796-cb8ddc4f97cf
2019-10-18 13:01:34,916 [grpc-default-executor-2] INFO  impl.RoleInfo (RoleInfo.java:shutdownFollowerState(121)) - 893cf03e-f2cf-478a-892a-a746717e50e3: shutdown FollowerState
2019-10-18 13:01:34,917 [grpc-default-executor-2] INFO  impl.RoleInfo (RoleInfo.java:updateAndGet(143)) - 893cf03e-f2cf-478a-892a-a746717e50e3: start FollowerState
2019-10-18 13:01:34,917 [Thread-1232] INFO  impl.FollowerState (FollowerState.java:run(117)) - 893cf03e-f2cf-478a-892a-a746717e50e3@group-187684C21557-FollowerState was interrupted: java.lang.InterruptedException: sleep interrupted
2019-10-18 13:01:34,917 [grpc-default-executor-5] INFO  impl.RaftServerImpl (RaftServerImpl.java:setRole(184)) - 8697df36-98d2-41b1-bdc7-60597b3b5526@group-187684C21557: changes role from  FOLLOWER to FOLLOWER at term 61 for recognizeCandidate:018b3f78-d19f-4e26-a796-cb8ddc4f97cf
2019-10-18 13:01:34,917 [grpc-default-executor-5] INFO  impl.RoleInfo (RoleInfo.java:shutdownFollowerState(121)) - 8697df36-98d2-41b1-bdc7-60597b3b5526: shutdown FollowerState
2019-10-18 13:01:34,917 [grpc-default-executor-5] INFO  impl.RoleInfo (RoleInfo.java:updateAndGet(143)) - 8697df36-98d2-41b1-bdc7-60597b3b5526: start FollowerState
2019-10-18 13:01:34,917 [Thread-1233] INFO  impl.FollowerState (FollowerState.java:run(117)) - 8697df36-98d2-41b1-bdc7-60597b3b5526@group-187684C21557-FollowerState was interrupted: java.lang.InterruptedException: sleep interrupted
2019-10-18 13:01:34,940 [018b3f78-d19f-4e26-a796-cb8ddc4f97cf@group-187684C21557-LeaderElection123] INFO  impl.LeaderElection (LeaderElection.java:logAndReturn(56)) - 018b3f78-d19f-4e26-a796-cb8ddc4f97cf@group-187684C21557-LeaderElection123: Election REJECTED; received 2 response(s) [018b3f78-d19f-4e26-a796-cb8ddc4f97cf<-893cf03e-f2cf-478a-892a-a746717e50e3#0:FAIL-t61, 018b3f78-d19f-4e26-a796-cb8ddc4f97cf<-8697df36-98d2-41b1-bdc7-60597b3b5526#0:FAIL-t61] and 0 exception(s); 018b3f78-d19f-4e26-a796-cb8ddc4f97cf@group-187684C21557:t61, leader=null, voted=018b3f78-d19f-4e26-a796-cb8ddc4f97cf, raftlog=018b3f78-d19f-4e26-a796-cb8ddc4f97cf@group-187684C21557-SegmentedRaftLog:OPENED:c-1,f-1,i0, conf=-1: [893cf03e-f2cf-478a-892a-a746717e50e3:192.168.34.56:40750, 8697df36-98d2-41b1-bdc7-60597b3b5526:192.168.34.56:46415, 018b3f78-d19f-4e26-a796-cb8ddc4f97cf:192.168.34.56:35845], old=null
2019-10-18 13:01:34,940 [018b3f78-d19f-4e26-a796-cb8ddc4f97cf@group-187684C21557-LeaderElection123] INFO  impl.RaftServerImpl (RaftServerImpl.java:setRole(184)) - 018b3f78-d19f-4e26-a796-cb8ddc4f97cf@group-187684C21557: changes role from CANDIDATE to FOLLOWER at term 61 for DISCOVERED_A_NEW_TERM
2019-10-18 13:01:34,940 [018b3f78-d19f-4e26-a796-cb8ddc4f97cf@group-187684C21557-LeaderElection123] INFO  impl.RoleInfo (RoleInfo.java:shutdownLeaderElection(134)) - 018b3f78-d19f-4e26-a796-cb8ddc4f97cf: shutdown LeaderElection
2019-10-18 13:01:34,940 [018b3f78-d19f-4e26-a796-cb8ddc4f97cf@group-187684C21557-LeaderElection123] INFO  impl.RoleInfo (RoleInfo.java:updateAndGet(143)) - 018b3f78-d19f-4e26-a796-cb8ddc4f97cf: start FollowerState
2019-10-18 13:01:34,946 [Thread-1241] INFO  impl.FollowerState (FollowerState.java:run(108)) - c124d131-afb9-4343-ad4e-aaebde613043@group-FF4202234884-FollowerState: change to CANDIDATE, lastRpcTime:69ms, electionTimeout:69ms
2019-10-18 13:01:34,947 [Thread-1241] INFO  impl.RoleInfo (RoleInfo.java:shutdownFollowerState(121)) - c124d131-afb9-4343-ad4e-aaebde613043: shutdown FollowerState
2019-10-18 13:01:34,947 [Thread-1241] INFO  impl.RaftServerImpl (RaftServerImpl.java:setRole(184)) - c124d131-afb9-4343-ad4e-aaebde613043@group-FF4202234884: changes role from  FOLLOWER to CANDIDATE at term 59 for changeToCandidate
2019-10-18 13:01:34,947 [Thread-1241] INFO  impl.RoleInfo (RoleInfo.java:updateAndGet(143)) - c124d131-afb9-4343-ad4e-aaebde613043: start LeaderElection
2019-10-18 13:01:34,962 [c124d131-afb9-4343-ad4e-aaebde613043@group-FF4202234884-LeaderElection124] INFO  impl.LeaderElection (LeaderElection.java:askForVotes(178)) - c124d131-afb9-4343-ad4e-aaebde613043@group-FF4202234884-LeaderElection124: begin an election at term 60 for -1: [999343e7-0330-4874-a345-91eca72585e0:192.168.34.56:44872, c124d131-afb9-4343-ad4e-aaebde613043:192.168.34.56:42116, e5bb327f-cdd7-4e49-919e-13a4c895fddf:192.168.34.56:36658], old=null
2019-10-18 13:01:34,964 [grpc-default-executor-5] INFO  impl.RaftServerImpl (RaftServerImpl.java:setRole(184)) - e5bb327f-cdd7-4e49-919e-13a4c895fddf@group-FF4202234884: changes role from  FOLLOWER to FOLLOWER at term 60 for recognizeCandidate:c124d131-afb9-4343-ad4e-aaebde613043
2019-10-18 13:01:34,964 [grpc-default-executor-2] INFO  impl.RaftServerImpl (RaftServerImpl.java:setRole(184)) - 999343e7-0330-4874-a345-91eca72585e0@group-FF4202234884: changes role from  FOLLOWER to FOLLOWER at term 60 for recognizeCandidate:c124d131-afb9-4343-ad4e-aaebde613043
2019-10-18 13:01:34,965 [grpc-default-executor-5] INFO  impl.RoleInfo (RoleInfo.java:shutdownFollowerState(121)) - e5bb327f-cdd7-4e49-919e-13a4c895fddf: shutdown FollowerState
2019-10-18 13:01:34,965 [grpc-default-executor-2] INFO  impl.RoleInfo (RoleInfo.java:shutdownFollowerState(121)) - 999343e7-0330-4874-a345-91eca72585e0: shutdown FollowerState
2019-10-18 13:01:34,965 [grpc-default-executor-5] INFO  impl.RoleInfo (RoleInfo.java:updateAndGet(143)) - e5bb327f-cdd7-4e49-919e-13a4c895fddf: start FollowerState
2019-10-18 13:01:34,965 [Thread-1238] INFO  impl.FollowerState (FollowerState.java:run(117)) - 999343e7-0330-4874-a345-91eca72585e0@group-FF4202234884-FollowerState was interrupted: java.lang.InterruptedException: sleep interrupted
2019-10-18 13:01:34,965 [Thread-1239] INFO  impl.FollowerState (FollowerState.java:run(117)) - e5bb327f-cdd7-4e49-919e-13a4c895fddf@group-FF4202234884-FollowerState was interrupted: java.lang.InterruptedException: sleep interrupted
2019-10-18 13:01:34,965 [grpc-default-executor-2] INFO  impl.RoleInfo (RoleInfo.java:updateAndGet(143)) - 999343e7-0330-4874-a345-91eca72585e0: start FollowerState
2019-10-18 13:01:34,994 [c124d131-afb9-4343-ad4e-aaebde613043@group-FF4202234884-LeaderElection124] INFO  impl.LeaderElection (LeaderElection.java:logAndReturn(56)) - c124d131-afb9-4343-ad4e-aaebde613043@group-FF4202234884-LeaderElection124: Election REJECTED; received 2 response(s) [c124d131-afb9-4343-ad4e-aaebde613043<-999343e7-0330-4874-a345-91eca72585e0#0:FAIL-t60, c124d131-afb9-4343-ad4e-aaebde613043<-e5bb327f-cdd7-4e49-919e-13a4c895fddf#0:FAIL-t60] and 0 exception(s); c124d131-afb9-4343-ad4e-aaebde613043@group-FF4202234884:t60, leader=null, voted=c124d131-afb9-4343-ad4e-aaebde613043, raftlog=c124d131-afb9-4343-ad4e-aaebde613043@group-FF4202234884-SegmentedRaftLog:OPENED:c-1,f-1,i0, conf=-1: [999343e7-0330-4874-a345-91eca72585e0:192.168.34.56:44872, c124d131-afb9-4343-ad4e-aaebde613043:192.168.34.56:42116, e5bb327f-cdd7-4e49-919e-13a4c895fddf:192.168.34.56:36658], old=null
2019-10-18 13:01:34,994 [c124d131-afb9-4343-ad4e-aaebde613043@group-FF4202234884-LeaderElection124] INFO  impl.RaftServerImpl (RaftServerImpl.java:setRole(184)) - c124d131-afb9-4343-ad4e-aaebde613043@group-FF4202234884: changes role from CANDIDATE to FOLLOWER at term 60 for DISCOVERED_A_NEW_TERM
2019-10-18 13:01:34,994 [c124d131-afb9-4343-ad4e-aaebde613043@group-FF4202234884-LeaderElection124] INFO  impl.RoleInfo (RoleInfo.java:shutdownLeaderElection(134)) - c124d131-afb9-4343-ad4e-aaebde613043: shutdown LeaderElection
2019-10-18 13:01:34,994 [c124d131-afb9-4343-ad4e-aaebde613043@group-FF4202234884-LeaderElection124] INFO  impl.RoleInfo (RoleInfo.java:updateAndGet(143)) - c124d131-afb9-4343-ad4e-aaebde613043: start FollowerState
2019-10-18 13:01:35,007 [Thread-1247] INFO  impl.FollowerState (FollowerState.java:run(108)) - 018b3f78-d19f-4e26-a796-cb8ddc4f97cf@group-187684C21557-FollowerState: change to CANDIDATE, lastRpcTime:66ms, electionTimeout:66ms
2019-10-18 13:01:35,007 [Thread-1247] INFO  impl.RoleInfo (RoleInfo.java:shutdownFollowerState(121)) - 018b3f78-d19f-4e26-a796-cb8ddc4f97cf: shutdown FollowerState
2019-10-18 13:01:35,007 [Thread-1247] INFO  impl.RaftServerImpl (RaftServerImpl.java:setRole(184)) - 018b3f78-d19f-4e26-a796-cb8ddc4f97cf@group-187684C21557: changes role from  FOLLOWER to CANDIDATE at term 61 for changeToCandidate
2019-10-18 13:01:35,007 [Thread-1247] INFO  impl.RoleInfo (RoleInfo.java:updateAndGet(143)) - 018b3f78-d19f-4e26-a796-cb8ddc4f97cf: start LeaderElection
2019-10-18 13:01:35,010 [Thread-1253] INFO  impl.FollowerState (FollowerState.java:run(108)) - c124d131-afb9-4343-ad4e-aaebde613043@group-FF4202234884-FollowerState: change to CANDIDATE, lastRpcTime:15ms, electionTimeout:15ms
2019-10-18 13:01:35,010 [Thread-1253] INFO  impl.RoleInfo (RoleInfo.java:shutdownFollowerState(121)) - c124d131-afb9-4343-ad4e-aaebde613043: shutdown FollowerState
2019-10-18 13:01:35,010 [Thread-1253] INFO  impl.RaftServerImpl (RaftServerImpl.java:setRole(184)) - c124d131-afb9-4343-ad4e-aaebde613043@group-FF4202234884: changes role from  FOLLOWER to CANDIDATE at term 60 for changeToCandidate
2019-10-18 13:01:35,010 [Thread-1253] INFO  impl.RoleInfo (RoleInfo.java:updateAndGet(143)) - c124d131-afb9-4343-ad4e-aaebde613043: start LeaderElection
2019-10-18 13:01:35,032 [018b3f78-d19f-4e26-a796-cb8ddc4f97cf@group-187684C21557-LeaderElection125] INFO  impl.LeaderElection (LeaderElection.java:askForVotes(178)) - 018b3f78-d19f-4e26-a796-cb8ddc4f97cf@group-187684C21557-LeaderElection125: begin an election at term 62 for -1: [893cf03e-f2cf-478a-892a-a746717e50e3:192.168.34.56:40750, 8697df36-98d2-41b1-bdc7-60597b3b5526:192.168.34.56:46415, 018b3f78-d19f-4e26-a796-cb8ddc4f97cf:192.168.34.56:35845], old=null
2019-10-18 13:01:35,032 [c124d131-afb9-4343-ad4e-aaebde613043@group-FF4202234884-LeaderElection126] INFO  impl.LeaderElection (LeaderElection.java:askForVotes(178)) - c124d131-afb9-4343-ad4e-aaebde613043@group-FF4202234884-LeaderElection126: begin an election at term 61 for -1: [999343e7-0330-4874-a345-91eca72585e0:192.168.34.56:44872, c124d131-afb9-4343-ad4e-aaebde613043:192.168.34.56:42116, e5bb327f-cdd7-4e49-919e-13a4c895fddf:192.168.34.56:36658], old=null
2019-10-18 13:01:35,034 [grpc-default-executor-2] INFO  impl.RaftServerImpl (RaftServerImpl.java:setRole(184)) - 8697df36-98d2-41b1-bdc7-60597b3b5526@group-187684C21557: changes role from  FOLLOWER to FOLLOWER at term 62 for recognizeCandidate:018b3f78-d19f-4e26-a796-cb8ddc4f97cf
2019-10-18 13:01:35,034 [grpc-default-executor-2] INFO  impl.RoleInfo (RoleInfo.java:shutdownFollowerState(121)) - 8697df36-98d2-41b1-bdc7-60597b3b5526: shutdown FollowerState
2019-10-18 13:01:35,034 [grpc-default-executor-2] INFO  impl.RoleInfo (RoleInfo.java:updateAndGet(143)) - 8697df36-98d2-41b1-bdc7-60597b3b5526: start FollowerState
2019-10-18 13:01:35,035 [grpc-default-executor-5] INFO  impl.RaftServerImpl (RaftServerImpl.java:setRole(184)) - e5bb327f-cdd7-4e49-919e-13a4c895fddf@group-FF4202234884: changes role from  FOLLOWER to FOLLOWER at term 61 for recognizeCandidate:c124d131-afb9-4343-ad4e-aaebde613043
2019-10-18 13:01:35,035 [Thread-1246] INFO  impl.FollowerState (FollowerState.java:run(117)) - 8697df36-98d2-41b1-bdc7-60597b3b5526@group-187684C21557-FollowerState was interrupted: java.lang.InterruptedException: sleep interrupted
2019-10-18 13:01:35,035 [grpc-default-executor-5] INFO  impl.RoleInfo (RoleInfo.java:shutdownFollowerState(121)) - e5bb327f-cdd7-4e49-919e-13a4c895fddf: shutdown FollowerState
2019-10-18 13:01:35,035 [grpc-default-executor-5] INFO  impl.RoleInfo (RoleInfo.java:updateAndGet(143)) - e5bb327f-cdd7-4e49-919e-13a4c895fddf: start FollowerState
2019-10-18 13:01:35,035 [Thread-1251] INFO  impl.FollowerState (FollowerState.java:run(117)) - e5bb327f-cdd7-4e49-919e-13a4c895fddf@group-FF4202234884-FollowerState was interrupted: java.lang.InterruptedException: sleep interrupted
2019-10-18 13:01:35,035 [grpc-default-executor-7] INFO  impl.RaftServerImpl (RaftServerImpl.java:setRole(184)) - 893cf03e-f2cf-478a-892a-a746717e50e3@group-187684C21557: changes role from  FOLLOWER to FOLLOWER at term 62 for recognizeCandidate:018b3f78-d19f-4e26-a796-cb8ddc4f97cf
2019-10-18 13:01:35,036 [grpc-default-executor-7] INFO  impl.RoleInfo (RoleInfo.java:shutdownFollowerState(121)) - 893cf03e-f2cf-478a-892a-a746717e50e3: shutdown FollowerState
2019-10-18 13:01:35,036 [grpc-default-executor-0] INFO  impl.RaftServerImpl (RaftServerImpl.java:setRole(184)) - 999343e7-0330-4874-a345-91eca72585e0@group-FF4202234884: changes role from  FOLLOWER to FOLLOWER at term 61 for recognizeCandidate:c124d131-afb9-4343-ad4e-aaebde613043
2019-10-18 13:01:35,036 [Thread-1245] INFO  impl.FollowerState (FollowerState.java:run(117)) - 893cf03e-f2cf-478a-892a-a746717e50e3@group-187684C21557-FollowerState was interrupted: java.lang.InterruptedException: sleep interrupted
2019-10-18 13:01:35,036 [grpc-default-executor-7] INFO  impl.RoleInfo (RoleInfo.java:updateAndGet(143)) - 893cf03e-f2cf-478a-892a-a746717e50e3: start FollowerState
2019-10-18 13:01:35,036 [grpc-default-executor-0] INFO  impl.RoleInfo (RoleInfo.java:shutdownFollowerState(121)) - 999343e7-0330-4874-a345-91eca72585e0: shutdown FollowerState
2019-10-18 13:01:35,036 [Thread-1252] INFO  impl.FollowerState (FollowerState.java:run(117)) - 999343e7-0330-4874-a345-91eca72585e0@group-FF4202234884-FollowerState was interrupted: java.lang.InterruptedException: sleep interrupted
2019-10-18 13:01:35,036 [grpc-default-executor-0] INFO  impl.RoleInfo (RoleInfo.java:updateAndGet(143)) - 999343e7-0330-4874-a345-91eca72585e0: start FollowerState
2019-10-18 13:01:35,059 [c124d131-afb9-4343-ad4e-aaebde613043@group-FF4202234884-LeaderElection126] INFO  impl.LeaderElection (LeaderElection.java:logAndReturn(56)) - c124d131-afb9-4343-ad4e-aaebde613043@group-FF4202234884-LeaderElection126: Election REJECTED; received 2 response(s) [c124d131-afb9-4343-ad4e-aaebde613043<-999343e7-0330-4874-a345-91eca72585e0#0:FAIL-t61, c124d131-afb9-4343-ad4e-aaebde613043<-e5bb327f-cdd7-4e49-919e-13a4c895fddf#0:FAIL-t61] and 0 exception(s); c124d131-afb9-4343-ad4e-aaebde613043@group-FF4202234884:t61, leader=null, voted=c124d131-afb9-4343-ad4e-aaebde613043, raftlog=c124d131-afb9-4343-ad4e-aaebde613043@group-FF4202234884-SegmentedRaftLog:OPENED:c-1,f-1,i0, conf=-1: [999343e7-0330-4874-a345-91eca72585e0:192.168.34.56:44872, c124d131-afb9-4343-ad4e-aaebde613043:192.168.34.56:42116, e5bb327f-cdd7-4e49-919e-13a4c895fddf:192.168.34.56:36658], old=null
2019-10-18 13:01:35,059 [018b3f78-d19f-4e26-a796-cb8ddc4f97cf@group-187684C21557-LeaderElection125] INFO  impl.LeaderElection (LeaderElection.java:logAndReturn(56)) - 018b3f78-d19f-4e26-a796-cb8ddc4f97cf@group-187684C21557-LeaderElection125: Election REJECTED; received 2 response(s) [018b3f78-d19f-4e26-a796-cb8ddc4f97cf<-893cf03e-f2cf-478a-892a-a746717e50e3#0:FAIL-t62, 018b3f78-d19f-4e26-a796-cb8ddc4f97cf<-8697df36-98d2-41b1-bdc7-60597b3b5526#0:FAIL-t62] and 0 exception(s); 018b3f78-d19f-4e26-a796-cb8ddc4f97cf@group-187684C21557:t62, leader=null, voted=018b3f78-d19f-4e26-a796-cb8ddc4f97cf, raftlog=018b3f78-d19f-4e26-a796-cb8ddc4f97cf@group-187684C21557-SegmentedRaftLog:OPENED:c-1,f-1,i0, conf=-1: [893cf03e-f2cf-478a-892a-a746717e50e3:192.168.34.56:40750, 8697df36-98d2-41b1-bdc7-60597b3b5526:192.168.34.56:46415, 018b3f78-d19f-4e26-a796-cb8ddc4f97cf:192.168.34.56:35845], old=null
2019-10-18 13:01:35,059 [c124d131-afb9-4343-ad4e-aaebde613043@group-FF4202234884-LeaderElection126] INFO  impl.RaftServerImpl (RaftServerImpl.java:setRole(184)) - c124d131-afb9-4343-ad4e-aaebde613043@group-FF4202234884: changes role from CANDIDATE to FOLLOWER at term 61 for DISCOVERED_A_NEW_TERM
2019-10-18 13:01:35,059 [018b3f78-d19f-4e26-a796-cb8ddc4f97cf@group-187684C21557-LeaderElection125] INFO  impl.RaftServerImpl (RaftServerImpl.java:setRole(184)) - 018b3f78-d19f-4e26-a796-cb8ddc4f97cf@group-187684C21557: changes role from CANDIDATE to FOLLOWER at term 62 for DISCOVERED_A_NEW_TERM
2019-10-18 13:01:35,059 [c124d131-afb9-4343-ad4e-aaebde613043@group-FF4202234884-LeaderElection126] INFO  impl.RoleInfo (RoleInfo.java:shutdownLeaderElection(134)) - c124d131-afb9-4343-ad4e-aaebde613043: shutdown LeaderElection
2019-10-18 13:01:35,059 [018b3f78-d19f-4e26-a796-cb8ddc4f97cf@group-187684C21557-LeaderElection125] INFO  impl.RoleInfo (RoleInfo.java:shutdownLeaderElection(134)) - 018b3f78-d19f-4e26-a796-cb8ddc4f97cf: shutdown LeaderElection
2019-10-18 13:01:35,059 [c124d131-afb9-4343-ad4e-aaebde613043@group-FF4202234884-LeaderElection126] INFO  impl.RoleInfo (RoleInfo.java:updateAndGet(143)) - c124d131-afb9-4343-ad4e-aaebde613043: start FollowerState
2019-10-18 13:01:35,059 [018b3f78-d19f-4e26-a796-cb8ddc4f97cf@group-187684C21557-LeaderElection125] INFO  impl.RoleInfo (RoleInfo.java:updateAndGet(143)) - 018b3f78-d19f-4e26-a796-cb8ddc4f97cf: start FollowerState
2019-10-18 13:01:35,091 [Thread-1265] INFO  impl.FollowerState (FollowerState.java:run(108)) - 018b3f78-d19f-4e26-a796-cb8ddc4f97cf@group-187684C21557-FollowerState: change to CANDIDATE, lastRpcTime:31ms, electionTimeout:31ms
2019-10-18 13:01:35,091 [Thread-1265] INFO  impl.RoleInfo (RoleInfo.java:shutdownFollowerState(121)) - 018b3f78-d19f-4e26-a796-cb8ddc4f97cf: shutdown FollowerState
2019-10-18 13:01:35,091 [Thread-1265] INFO  impl.RaftServerImpl (RaftServerImpl.java:setRole(184)) - 018b3f78-d19f-4e26-a796-cb8ddc4f97cf@group-187684C21557: changes role from  FOLLOWER to CANDIDATE at term 62 for changeToCandidate
2019-10-18 13:01:35,091 [Thread-1265] INFO  impl.RoleInfo (RoleInfo.java:updateAndGet(143)) - 018b3f78-d19f-4e26-a796-cb8ddc4f97cf: start LeaderElection
2019-10-18 13:01:35,115 [018b3f78-d19f-4e26-a796-cb8ddc4f97cf@group-187684C21557-LeaderElection127] INFO  impl.LeaderElection (LeaderElection.java:askForVotes(178)) - 018b3f78-d19f-4e26-a796-cb8ddc4f97cf@group-187684C21557-LeaderElection127: begin an election at term 63 for -1: [893cf03e-f2cf-478a-892a-a746717e50e3:192.168.34.56:40750, 8697df36-98d2-41b1-bdc7-60597b3b5526:192.168.34.56:46415, 018b3f78-d19f-4e26-a796-cb8ddc4f97cf:192.168.34.56:35845], old=null
2019-10-18 13:01:35,117 [grpc-default-executor-2] INFO  impl.RaftServerImpl (RaftServerImpl.java:setRole(184)) - 893cf03e-f2cf-478a-892a-a746717e50e3@group-187684C21557: changes role from  FOLLOWER to FOLLOWER at term 63 for recognizeCandidate:018b3f78-d19f-4e26-a796-cb8ddc4f97cf
2019-10-18 13:01:35,117 [grpc-default-executor-7] INFO  impl.RaftServerImpl (RaftServerImpl.java:setRole(184)) - 8697df36-98d2-41b1-bdc7-60597b3b5526@group-187684C21557: changes role from  FOLLOWER to FOLLOWER at term 63 for recognizeCandidate:018b3f78-d19f-4e26-a796-cb8ddc4f97cf
2019-10-18 13:01:35,117 [grpc-default-executor-2] INFO  impl.RoleInfo (RoleInfo.java:shutdownFollowerState(121)) - 893cf03e-f2cf-478a-892a-a746717e50e3: shutdown FollowerState
2019-10-18 13:01:35,118 [grpc-default-executor-7] INFO  impl.RoleInfo (RoleInfo.java:shutdownFollowerState(121)) - 8697df36-98d2-41b1-bdc7-60597b3b5526: shutdown FollowerState
2019-10-18 13:01:35,118 [grpc-default-executor-2] INFO  impl.RoleInfo (RoleInfo.java:updateAndGet(143)) - 893cf03e-f2cf-478a-892a-a746717e50e3: start FollowerState
2019-10-18 13:01:35,118 [Thread-1260] INFO  impl.FollowerState (FollowerState.java:run(117)) - 8697df36-98d2-41b1-bdc7-60597b3b5526@group-187684C21557-FollowerState was interrupted: java.lang.InterruptedException: sleep interrupted
2019-10-18 13:01:35,118 [grpc-default-executor-7] INFO  impl.RoleInfo (RoleInfo.java:updateAndGet(143)) - 8697df36-98d2-41b1-bdc7-60597b3b5526: start FollowerState
2019-10-18 13:01:35,118 [Thread-1262] INFO  impl.FollowerState (FollowerState.java:run(117)) - 893cf03e-f2cf-478a-892a-a746717e50e3@group-187684C21557-FollowerState was interrupted: java.lang.InterruptedException: sleep interrupted
2019-10-18 13:01:35,135 [018b3f78-d19f-4e26-a796-cb8ddc4f97cf@group-187684C21557-LeaderElection127] INFO  impl.LeaderElection (LeaderElection.java:logAndReturn(56)) - 018b3f78-d19f-4e26-a796-cb8ddc4f97cf@group-187684C21557-LeaderElection127: Election REJECTED; received 2 response(s) [018b3f78-d19f-4e26-a796-cb8ddc4f97cf<-893cf03e-f2cf-478a-892a-a746717e50e3#0:FAIL-t63, 018b3f78-d19f-4e26-a796-cb8ddc4f97cf<-8697df36-98d2-41b1-bdc7-60597b3b5526#0:FAIL-t63] and 0 exception(s); 018b3f78-d19f-4e26-a796-cb8ddc4f97cf@group-187684C21557:t63, leader=null, voted=018b3f78-d19f-4e26-a796-cb8ddc4f97cf, raftlog=018b3f78-d19f-4e26-a796-cb8ddc4f97cf@group-187684C21557-SegmentedRaftLog:OPENED:c-1,f-1,i0, conf=-1: [893cf03e-f2cf-478a-892a-a746717e50e3:192.168.34.56:40750, 8697df36-98d2-41b1-bdc7-60597b3b5526:192.168.34.56:46415, 018b3f78-d19f-4e26-a796-cb8ddc4f97cf:192.168.34.56:35845], old=null
2019-10-18 13:01:35,136 [018b3f78-d19f-4e26-a796-cb8ddc4f97cf@group-187684C21557-LeaderElection127] INFO  impl.RaftServerImpl (RaftServerImpl.java:setRole(184)) - 018b3f78-d19f-4e26-a796-cb8ddc4f97cf@group-187684C21557: changes role from CANDIDATE to FOLLOWER at term 63 for DISCOVERED_A_NEW_TERM
2019-10-18 13:01:35,136 [018b3f78-d19f-4e26-a796-cb8ddc4f97cf@group-187684C21557-LeaderElection127] INFO  impl.RoleInfo (RoleInfo.java:shutdownLeaderElection(134)) - 018b3f78-d19f-4e26-a796-cb8ddc4f97cf: shutdown LeaderElection
2019-10-18 13:01:35,136 [018b3f78-d19f-4e26-a796-cb8ddc4f97cf@group-187684C21557-LeaderElection127] INFO  impl.RoleInfo (RoleInfo.java:updateAndGet(143)) - 018b3f78-d19f-4e26-a796-cb8ddc4f97cf: start FollowerState
2019-10-18 13:01:35,188 [Thread-1264] INFO  impl.FollowerState (FollowerState.java:run(108)) - c124d131-afb9-4343-ad4e-aaebde613043@group-FF4202234884-FollowerState: change to CANDIDATE, lastRpcTime:128ms, electionTimeout:128ms
2019-10-18 13:01:35,188 [Thread-1264] INFO  impl.RoleInfo (RoleInfo.java:shutdownFollowerState(121)) - c124d131-afb9-4343-ad4e-aaebde613043: shutdown FollowerState
2019-10-18 13:01:35,188 [Thread-1264] INFO  impl.RaftServerImpl (RaftServerImpl.java:setRole(184)) - c124d131-afb9-4343-ad4e-aaebde613043@group-FF4202234884: changes role from  FOLLOWER to CANDIDATE at term 61 for changeToCandidate
2019-10-18 13:01:35,188 [Thread-1264] INFO  impl.RoleInfo (RoleInfo.java:updateAndGet(143)) - c124d131-afb9-4343-ad4e-aaebde613043: start LeaderElection
2019-10-18 13:01:35,212 [c124d131-afb9-4343-ad4e-aaebde613043@group-FF4202234884-LeaderElection128] INFO  impl.LeaderElection (LeaderElection.java:askForVotes(178)) - c124d131-afb9-4343-ad4e-aaebde613043@group-FF4202234884-LeaderElection128: begin an election at term 62 for -1: [999343e7-0330-4874-a345-91eca72585e0:192.168.34.56:44872, c124d131-afb9-4343-ad4e-aaebde613043:192.168.34.56:42116, e5bb327f-cdd7-4e49-919e-13a4c895fddf:192.168.34.56:36658], old=null
2019-10-18 13:01:35,214 [grpc-default-executor-7] INFO  impl.RaftServerImpl (RaftServerImpl.java:setRole(184)) - e5bb327f-cdd7-4e49-919e-13a4c895fddf@group-FF4202234884: changes role from  FOLLOWER to FOLLOWER at term 62 for recognizeCandidate:c124d131-afb9-4343-ad4e-aaebde613043
2019-10-18 13:01:35,215 [grpc-default-executor-7] INFO  impl.RoleInfo (RoleInfo.java:shutdownFollowerState(121)) - e5bb327f-cdd7-4e49-919e-13a4c895fddf: shutdown FollowerState
2019-10-18 13:01:35,215 [grpc-default-executor-2] INFO  impl.RaftServerImpl (RaftServerImpl.java:setRole(184)) - 999343e7-0330-4874-a345-91eca72585e0@group-FF4202234884: changes role from  FOLLOWER to FOLLOWER at term 62 for recognizeCandidate:c124d131-afb9-4343-ad4e-aaebde613043
2019-10-18 13:01:35,215 [Thread-1261] INFO  impl.FollowerState (FollowerState.java:run(117)) - e5bb327f-cdd7-4e49-919e-13a4c895fddf@group-FF4202234884-FollowerState was interrupted: java.lang.InterruptedException: sleep interrupted
2019-10-18 13:01:35,215 [grpc-default-executor-7] INFO  impl.RoleInfo (RoleInfo.java:updateAndGet(143)) - e5bb327f-cdd7-4e49-919e-13a4c895fddf: start FollowerState
2019-10-18 13:01:35,215 [grpc-default-executor-2] INFO  impl.RoleInfo (RoleInfo.java:shutdownFollowerState(121)) - 999343e7-0330-4874-a345-91eca72585e0: shutdown FollowerState
2019-10-18 13:01:35,215 [grpc-default-executor-2] INFO  impl.RoleInfo (RoleInfo.java:updateAndGet(143)) - 999343e7-0330-4874-a345-91eca72585e0: start FollowerState
2019-10-18 13:01:35,215 [Thread-1263] INFO  impl.FollowerState (FollowerState.java:run(117)) - 999343e7-0330-4874-a345-91eca72585e0@group-FF4202234884-FollowerState was interrupted: java.lang.InterruptedException: sleep interrupted
2019-10-18 13:01:35,239 [c124d131-afb9-4343-ad4e-aaebde613043@group-FF4202234884-LeaderElection128] INFO  impl.LeaderElection (LeaderElection.java:logAndReturn(56)) - c124d131-afb9-4343-ad4e-aaebde613043@group-FF4202234884-LeaderElection128: Election REJECTED; received 2 response(s) [c124d131-afb9-4343-ad4e-aaebde613043<-999343e7-0330-4874-a345-91eca72585e0#0:FAIL-t62, c124d131-afb9-4343-ad4e-aaebde613043<-e5bb327f-cdd7-4e49-919e-13a4c895fddf#0:FAIL-t62] and 0 exception(s); c124d131-afb9-4343-ad4e-aaebde613043@group-FF4202234884:t62, leader=null, voted=c124d131-afb9-4343-ad4e-aaebde613043, raftlog=c124d131-afb9-4343-ad4e-aaebde613043@group-FF4202234884-SegmentedRaftLog:OPENED:c-1,f-1,i0, conf=-1: [999343e7-0330-4874-a345-91eca72585e0:192.168.34.56:44872, c124d131-afb9-4343-ad4e-aaebde613043:192.168.34.56:42116, e5bb327f-cdd7-4e49-919e-13a4c895fddf:192.168.34.56:36658], old=null
2019-10-18 13:01:35,239 [c124d131-afb9-4343-ad4e-aaebde613043@group-FF4202234884-LeaderElection128] INFO  impl.RaftServerImpl (RaftServerImpl.java:setRole(184)) - c124d131-afb9-4343-ad4e-aaebde613043@group-FF4202234884: changes role from CANDIDATE to FOLLOWER at term 62 for DISCOVERED_A_NEW_TERM
2019-10-18 13:01:35,239 [c124d131-afb9-4343-ad4e-aaebde613043@group-FF4202234884-LeaderElection128] INFO  impl.RoleInfo (RoleInfo.java:shutdownLeaderElection(134)) - c124d131-afb9-4343-ad4e-aaebde613043: shutdown LeaderElection
2019-10-18 13:01:35,240 [c124d131-afb9-4343-ad4e-aaebde613043@group-FF4202234884-LeaderElection128] INFO  impl.RoleInfo (RoleInfo.java:updateAndGet(143)) - c124d131-afb9-4343-ad4e-aaebde613043: start FollowerState
2019-10-18 13:01:35,261 [Thread-1277] INFO  impl.FollowerState (FollowerState.java:run(108)) - c124d131-afb9-4343-ad4e-aaebde613043@group-FF4202234884-FollowerState: change to CANDIDATE, lastRpcTime:21ms, electionTimeout:21ms
2019-10-18 13:01:35,261 [Thread-1277] INFO  impl.RoleInfo (RoleInfo.java:shutdownFollowerState(121)) - c124d131-afb9-4343-ad4e-aaebde613043: shutdown FollowerState
2019-10-18 13:01:35,261 [Thread-1277] INFO  impl.RaftServerImpl (RaftServerImpl.java:setRole(184)) - c124d131-afb9-4343-ad4e-aaebde613043@group-FF4202234884: changes role from  FOLLOWER to CANDIDATE at term 62 for changeToCandidate
2019-10-18 13:01:35,261 [Thread-1277] INFO  impl.RoleInfo (RoleInfo.java:updateAndGet(143)) - c124d131-afb9-4343-ad4e-aaebde613043: start LeaderElection
2019-10-18 13:01:35,286 [c124d131-afb9-4343-ad4e-aaebde613043@group-FF4202234884-LeaderElection129] INFO  impl.LeaderElection (LeaderElection.java:askForVotes(178)) - c124d131-afb9-4343-ad4e-aaebde613043@group-FF4202234884-LeaderElection129: begin an election at term 63 for -1: [999343e7-0330-4874-a345-91eca72585e0:192.168.34.56:44872, c124d131-afb9-4343-ad4e-aaebde613043:192.168.34.56:42116, e5bb327f-cdd7-4e49-919e-13a4c895fddf:192.168.34.56:36658], old=null
2019-10-18 13:01:35,288 [grpc-default-executor-2] INFO  impl.RaftServerImpl (RaftServerImpl.java:setRole(184)) - 999343e7-0330-4874-a345-91eca72585e0@group-FF4202234884: changes role from  FOLLOWER to FOLLOWER at term 63 for recognizeCandidate:c124d131-afb9-4343-ad4e-aaebde613043
2019-10-18 13:01:35,288 [grpc-default-executor-2] INFO  impl.RoleInfo (RoleInfo.java:shutdownFollowerState(121)) - 999343e7-0330-4874-a345-91eca72585e0: shutdown FollowerState
2019-10-18 13:01:35,288 [grpc-default-executor-7] INFO  impl.RaftServerImpl (RaftServerImpl.java:setRole(184)) - e5bb327f-cdd7-4e49-919e-13a4c895fddf@group-FF4202234884: changes role from  FOLLOWER to FOLLOWER at term 63 for recognizeCandidate:c124d131-afb9-4343-ad4e-aaebde613043
2019-10-18 13:01:35,288 [Thread-1276] INFO  impl.FollowerState (FollowerState.java:run(117)) - 999343e7-0330-4874-a345-91eca72585e0@group-FF4202234884-FollowerState was interrupted: java.lang.InterruptedException: sleep interrupted
2019-10-18 13:01:35,288 [grpc-default-executor-2] INFO  impl.RoleInfo (RoleInfo.java:updateAndGet(143)) - 999343e7-0330-4874-a345-91eca72585e0: start FollowerState
2019-10-18 13:01:35,288 [grpc-default-executor-7] INFO  impl.RoleInfo (RoleInfo.java:shutdownFollowerState(121)) - e5bb327f-cdd7-4e49-919e-13a4c895fddf: shutdown FollowerState
2019-10-18 13:01:35,289 [grpc-default-executor-7] INFO  impl.RoleInfo (RoleInfo.java:updateAndGet(143)) - e5bb327f-cdd7-4e49-919e-13a4c895fddf: start FollowerState
2019-10-18 13:01:35,289 [Thread-1275] INFO  impl.FollowerState (FollowerState.java:run(117)) - e5bb327f-cdd7-4e49-919e-13a4c895fddf@group-FF4202234884-FollowerState was interrupted: java.lang.InterruptedException: sleep interrupted
2019-10-18 13:01:35,312 [c124d131-afb9-4343-ad4e-aaebde613043@group-FF4202234884-LeaderElection129] INFO  impl.LeaderElection (LeaderElection.java:logAndReturn(56)) - c124d131-afb9-4343-ad4e-aaebde613043@group-FF4202234884-LeaderElection129: Election REJECTED; received 2 response(s) [c124d131-afb9-4343-ad4e-aaebde613043<-999343e7-0330-4874-a345-91eca72585e0#0:FAIL-t63, c124d131-afb9-4343-ad4e-aaebde613043<-e5bb327f-cdd7-4e49-919e-13a4c895fddf#0:FAIL-t63] and 0 exception(s); c124d131-afb9-4343-ad4e-aaebde613043@group-FF4202234884:t63, leader=null, voted=c124d131-afb9-4343-ad4e-aaebde613043, raftlog=c124d131-afb9-4343-ad4e-aaebde613043@group-FF4202234884-SegmentedRaftLog:OPENED:c-1,f-1,i0, conf=-1: [999343e7-0330-4874-a345-91eca72585e0:192.168.34.56:44872, c124d131-afb9-4343-ad4e-aaebde613043:192.168.34.56:42116, e5bb327f-cdd7-4e49-919e-13a4c895fddf:192.168.34.56:36658], old=null
2019-10-18 13:01:35,313 [c124d131-afb9-4343-ad4e-aaebde613043@group-FF4202234884-LeaderElection129] INFO  impl.RaftServerImpl (RaftServerImpl.java:setRole(184)) - c124d131-afb9-4343-ad4e-aaebde613043@group-FF4202234884: changes role from CANDIDATE to FOLLOWER at term 63 for DISCOVERED_A_NEW_TERM
2019-10-18 13:01:35,313 [c124d131-afb9-4343-ad4e-aaebde613043@group-FF4202234884-LeaderElection129] INFO  impl.RoleInfo (RoleInfo.java:shutdownLeaderElection(134)) - c124d131-afb9-4343-ad4e-aaebde613043: shutdown LeaderElection
2019-10-18 13:01:35,313 [c124d131-afb9-4343-ad4e-aaebde613043@group-FF4202234884-LeaderElection129] INFO  impl.RoleInfo (RoleInfo.java:updateAndGet(143)) - c124d131-afb9-4343-ad4e-aaebde613043: start FollowerState
2019-10-18 13:01:35,335 [Thread-1271] INFO  impl.FollowerState (FollowerState.java:run(108)) - 018b3f78-d19f-4e26-a796-cb8ddc4f97cf@group-187684C21557-FollowerState: change to CANDIDATE, lastRpcTime:199ms, electionTimeout:199ms
2019-10-18 13:01:35,335 [Thread-1271] INFO  impl.RoleInfo (RoleInfo.java:shutdownFollowerState(121)) - 018b3f78-d19f-4e26-a796-cb8ddc4f97cf: shutdown FollowerState
2019-10-18 13:01:35,335 [Thread-1271] INFO  impl.RaftServerImpl (RaftServerImpl.java:setRole(184)) - 018b3f78-d19f-4e26-a796-cb8ddc4f97cf@group-187684C21557: changes role from  FOLLOWER to CANDIDATE at term 63 for changeToCandidate
2019-10-18 13:01:35,336 [Thread-1271] INFO  impl.RoleInfo (RoleInfo.java:updateAndGet(143)) - 018b3f78-d19f-4e26-a796-cb8ddc4f97cf: start LeaderElection
2019-10-18 13:01:35,359 [018b3f78-d19f-4e26-a796-cb8ddc4f97cf@group-187684C21557-LeaderElection130] INFO  impl.LeaderElection (LeaderElection.java:askForVotes(178)) - 018b3f78-d19f-4e26-a796-cb8ddc4f97cf@group-187684C21557-LeaderElection130: begin an election at term 64 for -1: [893cf03e-f2cf-478a-892a-a746717e50e3:192.168.34.56:40750, 8697df36-98d2-41b1-bdc7-60597b3b5526:192.168.34.56:46415, 018b3f78-d19f-4e26-a796-cb8ddc4f97cf:192.168.34.56:35845], old=null
2019-10-18 13:01:35,361 [grpc-default-executor-7] INFO  impl.RaftServerImpl (RaftServerImpl.java:setRole(184)) - 8697df36-98d2-41b1-bdc7-60597b3b5526@group-187684C21557: changes role from  FOLLOWER to FOLLOWER at term 64 for recognizeCandidate:018b3f78-d19f-4e26-a796-cb8ddc4f97cf
2019-10-18 13:01:35,361 [grpc-default-executor-2] INFO  impl.RaftServerImpl (RaftServerImpl.java:setRole(184)) - 893cf03e-f2cf-478a-892a-a746717e50e3@group-187684C21557: changes role from  FOLLOWER to FOLLOWER at term 64 for recognizeCandidate:018b3f78-d19f-4e26-a796-cb8ddc4f97cf
2019-10-18 13:01:35,362 [grpc-default-executor-7] INFO  impl.RoleInfo (RoleInfo.java:shutdownFollowerState(121)) - 8697df36-98d2-41b1-bdc7-60597b3b5526: shutdown FollowerState
2019-10-18 13:01:35,362 [grpc-default-executor-2] INFO  impl.RoleInfo (RoleInfo.java:shutdownFollowerState(121)) - 893cf03e-f2cf-478a-892a-a746717e50e3: shutdown FollowerState
2019-10-18 13:01:35,362 [grpc-default-executor-7] INFO  impl.RoleInfo (RoleInfo.java:updateAndGet(143)) - 8697df36-98d2-41b1-bdc7-60597b3b5526: start FollowerState
2019-10-18 13:01:35,362 [Thread-1269] INFO  impl.FollowerState (FollowerState.java:run(117)) - 893cf03e-f2cf-478a-892a-a746717e50e3@group-187684C21557-FollowerState was interrupted: java.lang.InterruptedException: sleep interrupted
2019-10-18 13:01:35,362 [grpc-default-executor-2] INFO  impl.RoleInfo (RoleInfo.java:updateAndGet(143)) - 893cf03e-f2cf-478a-892a-a746717e50e3: start FollowerState
2019-10-18 13:01:35,362 [Thread-1270] INFO  impl.FollowerState (FollowerState.java:run(117)) - 8697df36-98d2-41b1-bdc7-60597b3b5526@group-187684C21557-FollowerState was interrupted: java.lang.InterruptedException: sleep interrupted
2019-10-18 13:01:35,397 [018b3f78-d19f-4e26-a796-cb8ddc4f97cf@group-187684C21557-LeaderElection130] INFO  impl.LeaderElection (LeaderElection.java:logAndReturn(56)) - 018b3f78-d19f-4e26-a796-cb8ddc4f97cf@group-187684C21557-LeaderElection130: Election REJECTED; received 2 response(s) [018b3f78-d19f-4e26-a796-cb8ddc4f97cf<-893cf03e-f2cf-478a-892a-a746717e50e3#0:FAIL-t64, 018b3f78-d19f-4e26-a796-cb8ddc4f97cf<-8697df36-98d2-41b1-bdc7-60597b3b5526#0:FAIL-t64] and 0 exception(s); 018b3f78-d19f-4e26-a796-cb8ddc4f97cf@group-187684C21557:t64, leader=null, voted=018b3f78-d19f-4e26-a796-cb8ddc4f97cf, raftlog=018b3f78-d19f-4e26-a796-cb8ddc4f97cf@group-187684C21557-SegmentedRaftLog:OPENED:c-1,f-1,i0, conf=-1: [893cf03e-f2cf-478a-892a-a746717e50e3:192.168.34.56:40750, 8697df36-98d2-41b1-bdc7-60597b3b5526:192.168.34.56:46415, 018b3f78-d19f-4e26-a796-cb8ddc4f97cf:192.168.34.56:35845], old=null
2019-10-18 13:01:35,397 [018b3f78-d19f-4e26-a796-cb8ddc4f97cf@group-187684C21557-LeaderElection130] INFO  impl.RaftServerImpl (RaftServerImpl.java:setRole(184)) - 018b3f78-d19f-4e26-a796-cb8ddc4f97cf@group-187684C21557: changes role from CANDIDATE to FOLLOWER at term 64 for DISCOVERED_A_NEW_TERM
2019-10-18 13:01:35,397 [018b3f78-d19f-4e26-a796-cb8ddc4f97cf@group-187684C21557-LeaderElection130] INFO  impl.RoleInfo (RoleInfo.java:shutdownLeaderElection(134)) - 018b3f78-d19f-4e26-a796-cb8ddc4f97cf: shutdown LeaderElection
2019-10-18 13:01:35,397 [018b3f78-d19f-4e26-a796-cb8ddc4f97cf@group-187684C21557-LeaderElection130] INFO  impl.RoleInfo (RoleInfo.java:updateAndGet(143)) - 018b3f78-d19f-4e26-a796-cb8ddc4f97cf: start FollowerState
2019-10-18 13:01:35,400 [Thread-1291] INFO  impl.FollowerState (FollowerState.java:run(108)) - 018b3f78-d19f-4e26-a796-cb8ddc4f97cf@group-187684C21557-FollowerState: change to CANDIDATE, lastRpcTime:3ms, electionTimeout:3ms
2019-10-18 13:01:35,400 [Thread-1291] INFO  impl.RoleInfo (RoleInfo.java:shutdownFollowerState(121)) - 018b3f78-d19f-4e26-a796-cb8ddc4f97cf: shutdown FollowerState
2019-10-18 13:01:35,401 [Thread-1291] INFO  impl.RaftServerImpl (RaftServerImpl.java:setRole(184)) - 018b3f78-d19f-4e26-a796-cb8ddc4f97cf@group-187684C21557: changes role from  FOLLOWER to CANDIDATE at term 64 for changeToCandidate
2019-10-18 13:01:35,401 [Thread-1291] INFO  impl.RoleInfo (RoleInfo.java:updateAndGet(143)) - 018b3f78-d19f-4e26-a796-cb8ddc4f97cf: start LeaderElection
2019-10-18 13:01:35,430 [018b3f78-d19f-4e26-a796-cb8ddc4f97cf@group-187684C21557-LeaderElection131] INFO  impl.LeaderElection (LeaderElection.java:askForVotes(178)) - 018b3f78-d19f-4e26-a796-cb8ddc4f97cf@group-187684C21557-LeaderElection131: begin an election at term 65 for -1: [893cf03e-f2cf-478a-892a-a746717e50e3:192.168.34.56:40750, 8697df36-98d2-41b1-bdc7-60597b3b5526:192.168.34.56:46415, 018b3f78-d19f-4e26-a796-cb8ddc4f97cf:192.168.34.56:35845], old=null
2019-10-18 13:01:35,432 [grpc-default-executor-2] INFO  impl.RaftServerImpl (RaftServerImpl.java:setRole(184)) - 8697df36-98d2-41b1-bdc7-60597b3b5526@group-187684C21557: changes role from  FOLLOWER to FOLLOWER at term 65 for recognizeCandidate:018b3f78-d19f-4e26-a796-cb8ddc4f97cf
2019-10-18 13:01:35,432 [grpc-default-executor-7] INFO  impl.RaftServerImpl (RaftServerImpl.java:setRole(184)) - 893cf03e-f2cf-478a-892a-a746717e50e3@group-187684C21557: changes role from  FOLLOWER to FOLLOWER at term 65 for recognizeCandidate:018b3f78-d19f-4e26-a796-cb8ddc4f97cf
2019-10-18 13:01:35,432 [grpc-default-executor-2] INFO  impl.RoleInfo (RoleInfo.java:shutdownFollowerState(121)) - 8697df36-98d2-41b1-bdc7-60597b3b5526: shutdown FollowerState
2019-10-18 13:01:35,432 [grpc-default-executor-7] INFO  impl.RoleInfo (RoleInfo.java:shutdownFollowerState(121)) - 893cf03e-f2cf-478a-892a-a746717e50e3: shutdown FollowerState
2019-10-18 13:01:35,433 [grpc-default-executor-2] INFO  impl.RoleInfo (RoleInfo.java:updateAndGet(143)) - 8697df36-98d2-41b1-bdc7-60597b3b5526: start FollowerState
2019-10-18 13:01:35,433 [Thread-1289] INFO  impl.FollowerState (FollowerState.java:run(117)) - 893cf03e-f2cf-478a-892a-a746717e50e3@group-187684C21557-FollowerState was interrupted: java.lang.InterruptedException: sleep interrupted
2019-10-18 13:01:35,433 [grpc-default-executor-7] INFO  impl.RoleInfo (RoleInfo.java:updateAndGet(143)) - 893cf03e-f2cf-478a-892a-a746717e50e3: start FollowerState
2019-10-18 13:01:35,433 [Thread-1288] INFO  impl.FollowerState (FollowerState.java:run(117)) - 8697df36-98d2-41b1-bdc7-60597b3b5526@group-187684C21557-FollowerState was interrupted: java.lang.InterruptedException: sleep interrupted
2019-10-18 13:01:35,460 [018b3f78-d19f-4e26-a796-cb8ddc4f97cf@group-187684C21557-LeaderElection131] INFO  impl.LeaderElection (LeaderElection.java:logAndReturn(56)) - 018b3f78-d19f-4e26-a796-cb8ddc4f97cf@group-187684C21557-LeaderElection131: Election REJECTED; received 2 response(s) [018b3f78-d19f-4e26-a796-cb8ddc4f97cf<-893cf03e-f2cf-478a-892a-a746717e50e3#0:FAIL-t65, 018b3f78-d19f-4e26-a796-cb8ddc4f97cf<-8697df36-98d2-41b1-bdc7-60597b3b5526#0:FAIL-t65] and 0 exception(s); 018b3f78-d19f-4e26-a796-cb8ddc4f97cf@group-187684C21557:t65, leader=null, voted=018b3f78-d19f-4e26-a796-cb8ddc4f97cf, raftlog=018b3f78-d19f-4e26-a796-cb8ddc4f97cf@group-187684C21557-SegmentedRaftLog:OPENED:c-1,f-1,i0, conf=-1: [893cf03e-f2cf-478a-892a-a746717e50e3:192.168.34.56:40750, 8697df36-98d2-41b1-bdc7-60597b3b5526:192.168.34.56:46415, 018b3f78-d19f-4e26-a796-cb8ddc4f97cf:192.168.34.56:35845], old=null
2019-10-18 13:01:35,460 [018b3f78-d19f-4e26-a796-cb8ddc4f97cf@group-187684C21557-LeaderElection131] INFO  impl.RaftServerImpl (RaftServerImpl.java:setRole(184)) - 018b3f78-d19f-4e26-a796-cb8ddc4f97cf@group-187684C21557: changes role from CANDIDATE to FOLLOWER at term 65 for DISCOVERED_A_NEW_TERM
2019-10-18 13:01:35,460 [018b3f78-d19f-4e26-a796-cb8ddc4f97cf@group-187684C21557-LeaderElection131] INFO  impl.RoleInfo (RoleInfo.java:shutdownLeaderElection(134)) - 018b3f78-d19f-4e26-a796-cb8ddc4f97cf: shutdown LeaderElection
2019-10-18 13:01:35,460 [018b3f78-d19f-4e26-a796-cb8ddc4f97cf@group-187684C21557-LeaderElection131] INFO  impl.RoleInfo (RoleInfo.java:updateAndGet(143)) - 018b3f78-d19f-4e26-a796-cb8ddc4f97cf: start FollowerState
2019-10-18 13:01:35,495 [Thread-1284] INFO  impl.FollowerState (FollowerState.java:run(108)) - c124d131-afb9-4343-ad4e-aaebde613043@group-FF4202234884-FollowerState: change to CANDIDATE, lastRpcTime:182ms, electionTimeout:182ms
2019-10-18 13:01:35,495 [Thread-1284] INFO  impl.RoleInfo (RoleInfo.java:shutdownFollowerState(121)) - c124d131-afb9-4343-ad4e-aaebde613043: shutdown FollowerState
2019-10-18 13:01:35,495 [Thread-1284] INFO  impl.RaftServerImpl (RaftServerImpl.java:setRole(184)) - c124d131-afb9-4343-ad4e-aaebde613043@group-FF4202234884: changes role from  FOLLOWER to CANDIDATE at term 63 for changeToCandidate
2019-10-18 13:01:35,496 [Thread-1284] INFO  impl.RoleInfo (RoleInfo.java:updateAndGet(143)) - c124d131-afb9-4343-ad4e-aaebde613043: start LeaderElection
2019-10-18 13:01:35,520 [c124d131-afb9-4343-ad4e-aaebde613043@group-FF4202234884-LeaderElection132] INFO  impl.LeaderElection (LeaderElection.java:askForVotes(178)) - c124d131-afb9-4343-ad4e-aaebde613043@group-FF4202234884-LeaderElection132: begin an election at term 64 for -1: [999343e7-0330-4874-a345-91eca72585e0:192.168.34.56:44872, c124d131-afb9-4343-ad4e-aaebde613043:192.168.34.56:42116, e5bb327f-cdd7-4e49-919e-13a4c895fddf:192.168.34.56:36658], old=null
2019-10-18 13:01:35,522 [grpc-default-executor-7] INFO  impl.RaftServerImpl (RaftServerImpl.java:setRole(184)) - e5bb327f-cdd7-4e49-919e-13a4c895fddf@group-FF4202234884: changes role from  FOLLOWER to FOLLOWER at term 64 for recognizeCandidate:c124d131-afb9-4343-ad4e-aaebde613043
2019-10-18 13:01:35,522 [grpc-default-executor-7] INFO  impl.RoleInfo (RoleInfo.java:shutdownFollowerState(121)) - e5bb327f-cdd7-4e49-919e-13a4c895fddf: shutdown FollowerState
2019-10-18 13:01:35,522 [grpc-default-executor-2] INFO  impl.RaftServerImpl (RaftServerImpl.java:setRole(184)) - 999343e7-0330-4874-a345-91eca72585e0@group-FF4202234884: changes role from  FOLLOWER to FOLLOWER at term 64 for recognizeCandidate:c124d131-afb9-4343-ad4e-aaebde613043
2019-10-18 13:01:35,523 [Thread-1283] INFO  impl.FollowerState (FollowerState.java:run(117)) - e5bb327f-cdd7-4e49-919e-13a4c895fddf@group-FF4202234884-FollowerState was interrupted: java.lang.InterruptedException: sleep interrupted
2019-10-18 13:01:35,522 [grpc-default-executor-7] INFO  impl.RoleInfo (RoleInfo.java:updateAndGet(143)) - e5bb327f-cdd7-4e49-919e-13a4c895fddf: start FollowerState
2019-10-18 13:01:35,523 [grpc-default-executor-2] INFO  impl.RoleInfo (RoleInfo.java:shutdownFollowerState(121)) - 999343e7-0330-4874-a345-91eca72585e0: shutdown FollowerState
2019-10-18 13:01:35,523 [Thread-1282] INFO  impl.FollowerState (FollowerState.java:run(117)) - 999343e7-0330-4874-a345-91eca72585e0@group-FF4202234884-FollowerState was interrupted: java.lang.InterruptedException: sleep interrupted
2019-10-18 13:01:35,523 [grpc-default-executor-2] INFO  impl.RoleInfo (RoleInfo.java:updateAndGet(143)) - 999343e7-0330-4874-a345-91eca72585e0: start FollowerState
2019-10-18 13:01:35,550 [c124d131-afb9-4343-ad4e-aaebde613043@group-FF4202234884-LeaderElection132] INFO  impl.LeaderElection (LeaderElection.java:logAndReturn(56)) - c124d131-afb9-4343-ad4e-aaebde613043@group-FF4202234884-LeaderElection132: Election REJECTED; received 2 response(s) [c124d131-afb9-4343-ad4e-aaebde613043<-999343e7-0330-4874-a345-91eca72585e0#0:FAIL-t64, c124d131-afb9-4343-ad4e-aaebde613043<-e5bb327f-cdd7-4e49-919e-13a4c895fddf#0:FAIL-t64] and 0 exception(s); c124d131-afb9-4343-ad4e-aaebde613043@group-FF4202234884:t64, leader=null, voted=c124d131-afb9-4343-ad4e-aaebde613043, raftlog=c124d131-afb9-4343-ad4e-aaebde613043@group-FF4202234884-SegmentedRaftLog:OPENED:c-1,f-1,i0, conf=-1: [999343e7-0330-4874-a345-91eca72585e0:192.168.34.56:44872, c124d131-afb9-4343-ad4e-aaebde613043:192.168.34.56:42116, e5bb327f-cdd7-4e49-919e-13a4c895fddf:192.168.34.56:36658], old=null
2019-10-18 13:01:35,550 [c124d131-afb9-4343-ad4e-aaebde613043@group-FF4202234884-LeaderElection132] INFO  impl.RaftServerImpl (RaftServerImpl.java:setRole(184)) - c124d131-afb9-4343-ad4e-aaebde613043@group-FF4202234884: changes role from CANDIDATE to FOLLOWER at term 64 for DISCOVERED_A_NEW_TERM
2019-10-18 13:01:35,550 [c124d131-afb9-4343-ad4e-aaebde613043@group-FF4202234884-LeaderElection132] INFO  impl.RoleInfo (RoleInfo.java:shutdownLeaderElection(134)) - c124d131-afb9-4343-ad4e-aaebde613043: shutdown LeaderElection
2019-10-18 13:01:35,551 [c124d131-afb9-4343-ad4e-aaebde613043@group-FF4202234884-LeaderElection132] INFO  impl.RoleInfo (RoleInfo.java:updateAndGet(143)) - c124d131-afb9-4343-ad4e-aaebde613043: start FollowerState
2019-10-18 13:01:35,651 [Thread-1303] INFO  impl.FollowerState (FollowerState.java:run(108)) - c124d131-afb9-4343-ad4e-aaebde613043@group-FF4202234884-FollowerState: change to CANDIDATE, lastRpcTime:100ms, electionTimeout:100ms
2019-10-18 13:01:35,651 [Thread-1303] INFO  impl.RoleInfo (RoleInfo.java:shutdownFollowerState(121)) - c124d131-afb9-4343-ad4e-aaebde613043: shutdown FollowerState
2019-10-18 13:01:35,651 [Thread-1303] INFO  impl.RaftServerImpl (RaftServerImpl.java:setRole(184)) - c124d131-afb9-4343-ad4e-aaebde613043@group-FF4202234884: changes role from  FOLLOWER to CANDIDATE at term 64 for changeToCandidate
2019-10-18 13:01:35,652 [Thread-1303] INFO  impl.RoleInfo (RoleInfo.java:updateAndGet(143)) - c124d131-afb9-4343-ad4e-aaebde613043: start LeaderElection
2019-10-18 13:01:35,656 [Thread-1297] INFO  impl.FollowerState (FollowerState.java:run(108)) - 018b3f78-d19f-4e26-a796-cb8ddc4f97cf@group-187684C21557-FollowerState: change to CANDIDATE, lastRpcTime:195ms, electionTimeout:195ms
2019-10-18 13:01:35,656 [Thread-1297] INFO  impl.RoleInfo (RoleInfo.java:shutdownFollowerState(121)) - 018b3f78-d19f-4e26-a796-cb8ddc4f97cf: shutdown FollowerState
2019-10-18 13:01:35,656 [Thread-1297] INFO  impl.RaftServerImpl (RaftServerImpl.java:setRole(184)) - 018b3f78-d19f-4e26-a796-cb8ddc4f97cf@group-187684C21557: changes role from  FOLLOWER to CANDIDATE at term 65 for changeToCandidate
2019-10-18 13:01:35,656 [Thread-1297] INFO  impl.RoleInfo (RoleInfo.java:updateAndGet(143)) - 018b3f78-d19f-4e26-a796-cb8ddc4f97cf: start LeaderElection
2019-10-18 13:01:35,717 [018b3f78-d19f-4e26-a796-cb8ddc4f97cf@group-187684C21557-LeaderElection134] INFO  impl.LeaderElection (LeaderElection.java:askForVotes(178)) - 018b3f78-d19f-4e26-a796-cb8ddc4f97cf@group-187684C21557-LeaderElection134: begin an election at term 66 for -1: [893cf03e-f2cf-478a-892a-a746717e50e3:192.168.34.56:40750, 8697df36-98d2-41b1-bdc7-60597b3b5526:192.168.34.56:46415, 018b3f78-d19f-4e26-a796-cb8ddc4f97cf:192.168.34.56:35845], old=null
2019-10-18 13:01:35,717 [c124d131-afb9-4343-ad4e-aaebde613043@group-FF4202234884-LeaderElection133] INFO  impl.LeaderElection (LeaderElection.java:askForVotes(178)) - c124d131-afb9-4343-ad4e-aaebde613043@group-FF4202234884-LeaderElection133: begin an election at term 65 for -1: [999343e7-0330-4874-a345-91eca72585e0:192.168.34.56:44872, c124d131-afb9-4343-ad4e-aaebde613043:192.168.34.56:42116, e5bb327f-cdd7-4e49-919e-13a4c895fddf:192.168.34.56:36658], old=null
2019-10-18 13:01:35,719 [grpc-default-executor-7] INFO  impl.RaftServerImpl (RaftServerImpl.java:setRole(184)) - 999343e7-0330-4874-a345-91eca72585e0@group-FF4202234884: changes role from  FOLLOWER to FOLLOWER at term 65 for recognizeCandidate:c124d131-afb9-4343-ad4e-aaebde613043
2019-10-18 13:01:35,720 [grpc-default-executor-0] INFO  impl.RaftServerImpl (RaftServerImpl.java:setRole(184)) - 893cf03e-f2cf-478a-892a-a746717e50e3@group-187684C21557: changes role from  FOLLOWER to FOLLOWER at term 66 for recognizeCandidate:018b3f78-d19f-4e26-a796-cb8ddc4f97cf
2019-10-18 13:01:35,719 [grpc-default-executor-2] INFO  impl.RaftServerImpl (RaftServerImpl.java:setRole(184)) - e5bb327f-cdd7-4e49-919e-13a4c895fddf@group-FF4202234884: changes role from  FOLLOWER to FOLLOWER at term 65 for recognizeCandidate:c124d131-afb9-4343-ad4e-aaebde613043
2019-10-18 13:01:35,720 [grpc-default-executor-2] INFO  impl.RoleInfo (RoleInfo.java:shutdownFollowerState(121)) - e5bb327f-cdd7-4e49-919e-13a4c895fddf: shutdown FollowerState
2019-10-18 13:01:35,719 [grpc-default-executor-5] INFO  impl.RaftServerImpl (RaftServerImpl.java:setRole(184)) - 8697df36-98d2-41b1-bdc7-60597b3b5526@group-187684C21557: changes role from  FOLLOWER to FOLLOWER at term 66 for recognizeCandidate:018b3f78-d19f-4e26-a796-cb8ddc4f97cf
2019-10-18 13:01:35,720 [Thread-1301] INFO  impl.FollowerState (FollowerState.java:run(117)) - e5bb327f-cdd7-4e49-919e-13a4c895fddf@group-FF4202234884-FollowerState was interrupted: java.lang.InterruptedException: sleep interrupted
2019-10-18 13:01:35,720 [grpc-default-executor-2] INFO  impl.RoleInfo (RoleInfo.java:updateAndGet(143)) - e5bb327f-cdd7-4e49-919e-13a4c895fddf: start FollowerState
2019-10-18 13:01:35,720 [grpc-default-executor-0] INFO  impl.RoleInfo (RoleInfo.java:shutdownFollowerState(121)) - 893cf03e-f2cf-478a-892a-a746717e50e3: shutdown FollowerState
2019-10-18 13:01:35,720 [grpc-default-executor-7] INFO  impl.RoleInfo (RoleInfo.java:shutdownFollowerState(121)) - 999343e7-0330-4874-a345-91eca72585e0: shutdown FollowerState
2019-10-18 13:01:35,721 [Thread-1296] INFO  impl.FollowerState (FollowerState.java:run(117)) - 893cf03e-f2cf-478a-892a-a746717e50e3@group-187684C21557-FollowerState was interrupted: java.lang.InterruptedException: sleep interrupted
2019-10-18 13:01:35,721 [grpc-default-executor-0] INFO  impl.RoleInfo (RoleInfo.java:updateAndGet(143)) - 893cf03e-f2cf-478a-892a-a746717e50e3: start FollowerState
2019-10-18 13:01:35,720 [grpc-default-executor-5] INFO  impl.RoleInfo (RoleInfo.java:shutdownFollowerState(121)) - 8697df36-98d2-41b1-bdc7-60597b3b5526: shutdown FollowerState
2019-10-18 13:01:35,721 [Thread-1302] INFO  impl.FollowerState (FollowerState.java:run(117)) - 999343e7-0330-4874-a345-91eca72585e0@group-FF4202234884-FollowerState was interrupted: java.lang.InterruptedException: sleep interrupted
2019-10-18 13:01:35,721 [grpc-default-executor-7] INFO  impl.RoleInfo (RoleInfo.java:updateAndGet(143)) - 999343e7-0330-4874-a345-91eca72585e0: start FollowerState
2019-10-18 13:01:35,721 [Thread-1295] INFO  impl.FollowerState (FollowerState.java:run(117)) - 8697df36-98d2-41b1-bdc7-60597b3b5526@group-187684C21557-FollowerState was interrupted: java.lang.InterruptedException: sleep interrupted
2019-10-18 13:01:35,721 [grpc-default-executor-5] INFO  impl.RoleInfo (RoleInfo.java:updateAndGet(143)) - 8697df36-98d2-41b1-bdc7-60597b3b5526: start FollowerState
2019-10-18 13:01:35,745 [c124d131-afb9-4343-ad4e-aaebde613043@group-FF4202234884-LeaderElection133] INFO  impl.LeaderElection (LeaderElection.java:logAndReturn(56)) - c124d131-afb9-4343-ad4e-aaebde613043@group-FF4202234884-LeaderElection133: Election REJECTED; received 2 response(s) [c124d131-afb9-4343-ad4e-aaebde613043<-999343e7-0330-4874-a345-91eca72585e0#0:FAIL-t65, c124d131-afb9-4343-ad4e-aaebde613043<-e5bb327f-cdd7-4e49-919e-13a4c895fddf#0:FAIL-t65] and 0 exception(s); c124d131-afb9-4343-ad4e-aaebde613043@group-FF4202234884:t65, leader=null, voted=c124d131-afb9-4343-ad4e-aaebde613043, raftlog=c124d131-afb9-4343-ad4e-aaebde613043@group-FF4202234884-SegmentedRaftLog:OPENED:c-1,f-1,i0, conf=-1: [999343e7-0330-4874-a345-91eca72585e0:192.168.34.56:44872, c124d131-afb9-4343-ad4e-aaebde613043:192.168.34.56:42116, e5bb327f-cdd7-4e49-919e-13a4c895fddf:192.168.34.56:36658], old=null
2019-10-18 13:01:35,746 [018b3f78-d19f-4e26-a796-cb8ddc4f97cf@group-187684C21557-LeaderElection134] INFO  impl.LeaderElection (LeaderElection.java:logAndReturn(56)) - 018b3f78-d19f-4e26-a796-cb8ddc4f97cf@group-187684C21557-LeaderElection134: Election REJECTED; received 2 response(s) [018b3f78-d19f-4e26-a796-cb8ddc4f97cf<-893cf03e-f2cf-478a-892a-a746717e50e3#0:FAIL-t66, 018b3f78-d19f-4e26-a796-cb8ddc4f97cf<-8697df36-98d2-41b1-bdc7-60597b3b5526#0:FAIL-t66] and 0 exception(s); 018b3f78-d19f-4e26-a796-cb8ddc4f97cf@group-187684C21557:t66, leader=null, voted=018b3f78-d19f-4e26-a796-cb8ddc4f97cf, raftlog=018b3f78-d19f-4e26-a796-cb8ddc4f97cf@group-187684C21557-SegmentedRaftLog:OPENED:c-1,f-1,i0, conf=-1: [893cf03e-f2cf-478a-892a-a746717e50e3:192.168.34.56:40750, 8697df36-98d2-41b1-bdc7-60597b3b5526:192.168.34.56:46415, 018b3f78-d19f-4e26-a796-cb8ddc4f97cf:192.168.34.56:35845], old=null
2019-10-18 13:01:35,746 [018b3f78-d19f-4e26-a796-cb8ddc4f97cf@group-187684C21557-LeaderElection134] INFO  impl.RaftServerImpl (RaftServerImpl.java:setRole(184)) - 018b3f78-d19f-4e26-a796-cb8ddc4f97cf@group-187684C21557: changes role from CANDIDATE to FOLLOWER at term 66 for DISCOVERED_A_NEW_TERM
2019-10-18 13:01:35,746 [018b3f78-d19f-4e26-a796-cb8ddc4f97cf@group-187684C21557-LeaderElection134] INFO  impl.RoleInfo (RoleInfo.java:shutdownLeaderElection(134)) - 018b3f78-d19f-4e26-a796-cb8ddc4f97cf: shutdown LeaderElection
2019-10-18 13:01:35,746 [c124d131-afb9-4343-ad4e-aaebde613043@group-FF4202234884-LeaderElection133] INFO  impl.RaftServerImpl (RaftServerImpl.java:setRole(184)) - c124d131-afb9-4343-ad4e-aaebde613043@group-FF4202234884: changes role from CANDIDATE to FOLLOWER at term 65 for DISCOVERED_A_NEW_TERM
2019-10-18 13:01:35,746 [018b3f78-d19f-4e26-a796-cb8ddc4f97cf@group-187684C21557-LeaderElection134] INFO  impl.RoleInfo (RoleInfo.java:updateAndGet(143)) - 018b3f78-d19f-4e26-a796-cb8ddc4f97cf: start FollowerState
2019-10-18 13:01:35,746 [c124d131-afb9-4343-ad4e-aaebde613043@group-FF4202234884-LeaderElection133] INFO  impl.RoleInfo (RoleInfo.java:shutdownLeaderElection(134)) - c124d131-afb9-4343-ad4e-aaebde613043: shutdown LeaderElection
2019-10-18 13:01:35,747 [c124d131-afb9-4343-ad4e-aaebde613043@group-FF4202234884-LeaderElection133] INFO  impl.RoleInfo (RoleInfo.java:updateAndGet(143)) - c124d131-afb9-4343-ad4e-aaebde613043: start FollowerState
2019-10-18 13:01:35,842 [Thread-1317] INFO  impl.FollowerState (FollowerState.java:run(108)) - c124d131-afb9-4343-ad4e-aaebde613043@group-FF4202234884-FollowerState: change to CANDIDATE, lastRpcTime:95ms, electionTimeout:95ms
2019-10-18 13:01:35,842 [Thread-1317] INFO  impl.RoleInfo (RoleInfo.java:shutdownFollowerState(121)) - c124d131-afb9-4343-ad4e-aaebde613043: shutdown FollowerState
2019-10-18 13:01:35,842 [Thread-1317] INFO  impl.RaftServerImpl (RaftServerImpl.java:setRole(184)) - c124d131-afb9-4343-ad4e-aaebde613043@group-FF4202234884: changes role from  FOLLOWER to CANDIDATE at term 65 for changeToCandidate
2019-10-18 13:01:35,843 [Thread-1317] INFO  impl.RoleInfo (RoleInfo.java:updateAndGet(143)) - c124d131-afb9-4343-ad4e-aaebde613043: start LeaderElection
2019-10-18 13:01:35,886 [Thread-1316] INFO  impl.FollowerState (FollowerState.java:run(108)) - 018b3f78-d19f-4e26-a796-cb8ddc4f97cf@group-187684C21557-FollowerState: change to CANDIDATE, lastRpcTime:139ms, electionTimeout:139ms
2019-10-18 13:01:35,886 [Thread-1316] INFO  impl.RoleInfo (RoleInfo.java:shutdownFollowerState(121)) - 018b3f78-d19f-4e26-a796-cb8ddc4f97cf: shutdown FollowerState
2019-10-18 13:01:35,886 [Thread-1316] INFO  impl.RaftServerImpl (RaftServerImpl.java:setRole(184)) - 018b3f78-d19f-4e26-a796-cb8ddc4f97cf@group-187684C21557: changes role from  FOLLOWER to CANDIDATE at term 66 for changeToCandidate
2019-10-18 13:01:35,886 [Thread-1316] INFO  impl.RoleInfo (RoleInfo.java:updateAndGet(143)) - 018b3f78-d19f-4e26-a796-cb8ddc4f97cf: start LeaderElection
2019-10-18 13:01:36,405 [018b3f78-d19f-4e26-a796-cb8ddc4f97cf@group-187684C21557-LeaderElection136] INFO  impl.LeaderElection (LeaderElection.java:askForVotes(178)) - 018b3f78-d19f-4e26-a796-cb8ddc4f97cf@group-187684C21557-LeaderElection136: begin an election at term 67 for -1: [893cf03e-f2cf-478a-892a-a746717e50e3:192.168.34.56:40750, 8697df36-98d2-41b1-bdc7-60597b3b5526:192.168.34.56:46415, 018b3f78-d19f-4e26-a796-cb8ddc4f97cf:192.168.34.56:35845], old=null
2019-10-18 13:01:36,405 [c124d131-afb9-4343-ad4e-aaebde613043@group-FF4202234884-LeaderElection135] INFO  impl.LeaderElection (LeaderElection.java:askForVotes(178)) - c124d131-afb9-4343-ad4e-aaebde613043@group-FF4202234884-LeaderElection135: begin an election at term 66 for -1: [999343e7-0330-4874-a345-91eca72585e0:192.168.34.56:44872, c124d131-afb9-4343-ad4e-aaebde613043:192.168.34.56:42116, e5bb327f-cdd7-4e49-919e-13a4c895fddf:192.168.34.56:36658], old=null
2019-10-18 13:01:36,412 [grpc-default-executor-5] INFO  impl.RaftServerImpl (RaftServerImpl.java:setRole(184)) - 8697df36-98d2-41b1-bdc7-60597b3b5526@group-187684C21557: changes role from  FOLLOWER to FOLLOWER at term 67 for recognizeCandidate:018b3f78-d19f-4e26-a796-cb8ddc4f97cf
2019-10-18 13:01:36,412 [grpc-default-executor-7] INFO  impl.RaftServerImpl (RaftServerImpl.java:setRole(184)) - e5bb327f-cdd7-4e49-919e-13a4c895fddf@group-FF4202234884: changes role from  FOLLOWER to FOLLOWER at term 66 for recognizeCandidate:c124d131-afb9-4343-ad4e-aaebde613043
2019-10-18 13:01:36,412 [grpc-default-executor-2] INFO  impl.RaftServerImpl (RaftServerImpl.java:setRole(184)) - 999343e7-0330-4874-a345-91eca72585e0@group-FF4202234884: changes role from  FOLLOWER to FOLLOWER at term 66 for recognizeCandidate:c124d131-afb9-4343-ad4e-aaebde613043
2019-10-18 13:01:36,413 [grpc-default-executor-7] INFO  impl.RoleInfo (RoleInfo.java:shutdownFollowerState(121)) - e5bb327f-cdd7-4e49-919e-13a4c895fddf: shutdown FollowerState
2019-10-18 13:01:36,413 [grpc-default-executor-0] INFO  impl.RaftServerImpl (RaftServerImpl.java:setRole(184)) - 893cf03e-f2cf-478a-892a-a746717e50e3@group-187684C21557: changes role from  FOLLOWER to FOLLOWER at term 67 for recognizeCandidate:018b3f78-d19f-4e26-a796-cb8ddc4f97cf
2019-10-18 13:01:36,413 [grpc-default-executor-0] INFO  impl.RoleInfo (RoleInfo.java:shutdownFollowerState(121)) - 893cf03e-f2cf-478a-892a-a746717e50e3: shutdown FollowerState
2019-10-18 13:01:36,412 [grpc-default-executor-5] INFO  impl.RoleInfo (RoleInfo.java:shutdownFollowerState(121)) - 8697df36-98d2-41b1-bdc7-60597b3b5526: shutdown FollowerState
2019-10-18 13:01:36,413 [Thread-1313] INFO  impl.FollowerState (FollowerState.java:run(117)) - 893cf03e-f2cf-478a-892a-a746717e50e3@group-187684C21557-FollowerState was interrupted: java.lang.InterruptedException: sleep interrupted
2019-10-18 13:01:36,413 [grpc-default-executor-0] INFO  impl.RoleInfo (RoleInfo.java:updateAndGet(143)) - 893cf03e-f2cf-478a-892a-a746717e50e3: start FollowerState
2019-10-18 13:01:36,413 [Thread-1312] INFO  impl.FollowerState (FollowerState.java:run(117)) - e5bb327f-cdd7-4e49-919e-13a4c895fddf@group-FF4202234884-FollowerState was interrupted: java.lang.InterruptedException: sleep interrupted
2019-10-18 13:01:36,413 [grpc-default-executor-7] INFO  impl.RoleInfo (RoleInfo.java:updateAndGet(143)) - e5bb327f-cdd7-4e49-919e-13a4c895fddf: start FollowerState
2019-10-18 13:01:36,413 [grpc-default-executor-2] INFO  impl.RoleInfo (RoleInfo.java:shutdownFollowerState(121)) - 999343e7-0330-4874-a345-91eca72585e0: shutdown FollowerState
2019-10-18 13:01:36,413 [grpc-default-executor-5] INFO  impl.RoleInfo (RoleInfo.java:updateAndGet(143)) - 8697df36-98d2-41b1-bdc7-60597b3b5526: start FollowerState
2019-10-18 13:01:36,413 [Thread-1315] INFO  impl.FollowerState (FollowerState.java:run(117)) - 8697df36-98d2-41b1-bdc7-60597b3b5526@group-187684C21557-FollowerState was interrupted: java.lang.InterruptedException: sleep interrupted
2019-10-18 13:01:36,414 [Thread-1314] INFO  impl.FollowerState (FollowerState.java:run(117)) - 999343e7-0330-4874-a345-91eca72585e0@group-FF4202234884-FollowerState was interrupted: java.lang.InterruptedException: sleep interrupted
2019-10-18 13:01:36,414 [grpc-default-executor-2] INFO  impl.RoleInfo (RoleInfo.java:updateAndGet(143)) - 999343e7-0330-4874-a345-91eca72585e0: start FollowerState
2019-10-18 13:01:36,425 [c124d131-afb9-4343-ad4e-aaebde613043@group-FF4202234884-LeaderElection135] INFO  impl.LeaderElection (LeaderElection.java:logAndReturn(56)) - c124d131-afb9-4343-ad4e-aaebde613043@group-FF4202234884-LeaderElection135: Election TIMEOUT; received 0 response(s) [] and 0 exception(s); c124d131-afb9-4343-ad4e-aaebde613043@group-FF4202234884:t66, leader=null, voted=c124d131-afb9-4343-ad4e-aaebde613043, raftlog=c124d131-afb9-4343-ad4e-aaebde613043@group-FF4202234884-SegmentedRaftLog:OPENED:c-1,f-1,i0, conf=-1: [999343e7-0330-4874-a345-91eca72585e0:192.168.34.56:44872, c124d131-afb9-4343-ad4e-aaebde613043:192.168.34.56:42116, e5bb327f-cdd7-4e49-919e-13a4c895fddf:192.168.34.56:36658], old=null
2019-10-18 13:01:36,542 [018b3f78-d19f-4e26-a796-cb8ddc4f97cf@group-187684C21557-LeaderElection136] INFO  impl.LeaderElection (LeaderElection.java:logAndReturn(56)) - 018b3f78-d19f-4e26-a796-cb8ddc4f97cf@group-187684C21557-LeaderElection136: Election TIMEOUT; received 0 response(s) [] and 0 exception(s); 018b3f78-d19f-4e26-a796-cb8ddc4f97cf@group-187684C21557:t67, leader=null, voted=018b3f78-d19f-4e26-a796-cb8ddc4f97cf, raftlog=018b3f78-d19f-4e26-a796-cb8ddc4f97cf@group-187684C21557-SegmentedRaftLog:OPENED:c-1,f-1,i0, conf=-1: [893cf03e-f2cf-478a-892a-a746717e50e3:192.168.34.56:40750, 8697df36-98d2-41b1-bdc7-60597b3b5526:192.168.34.56:46415, 018b3f78-d19f-4e26-a796-cb8ddc4f97cf:192.168.34.56:35845], old=null
2019-10-18 13:01:36,713 [018b3f78-d19f-4e26-a796-cb8ddc4f97cf@group-187684C21557-LeaderElection136] INFO  impl.LeaderElection (LeaderElection.java:askForVotes(178)) - 018b3f78-d19f-4e26-a796-cb8ddc4f97cf@group-187684C21557-LeaderElection136: begin an election at term 68 for -1: [893cf03e-f2cf-478a-892a-a746717e50e3:192.168.34.56:40750, 8697df36-98d2-41b1-bdc7-60597b3b5526:192.168.34.56:46415, 018b3f78-d19f-4e26-a796-cb8ddc4f97cf:192.168.34.56:35845], old=null
2019-10-18 13:01:36,713 [c124d131-afb9-4343-ad4e-aaebde613043@group-FF4202234884-LeaderElection135] INFO  impl.LeaderElection (LeaderElection.java:askForVotes(178)) - c124d131-afb9-4343-ad4e-aaebde613043@group-FF4202234884-LeaderElection135: begin an election at term 67 for -1: [999343e7-0330-4874-a345-91eca72585e0:192.168.34.56:44872, c124d131-afb9-4343-ad4e-aaebde613043:192.168.34.56:42116, e5bb327f-cdd7-4e49-919e-13a4c895fddf:192.168.34.56:36658], old=null
2019-10-18 13:01:36,716 [grpc-default-executor-0] INFO  impl.RaftServerImpl (RaftServerImpl.java:setRole(184)) - 893cf03e-f2cf-478a-892a-a746717e50e3@group-187684C21557: changes role from  FOLLOWER to FOLLOWER at term 68 for recognizeCandidate:018b3f78-d19f-4e26-a796-cb8ddc4f97cf
2019-10-18 13:01:36,717 [grpc-default-executor-0] INFO  impl.RoleInfo (RoleInfo.java:shutdownFollowerState(121)) - 893cf03e-f2cf-478a-892a-a746717e50e3: shutdown FollowerState
2019-10-18 13:01:36,717 [grpc-default-executor-7] INFO  impl.RaftServerImpl (RaftServerImpl.java:setRole(184)) - 8697df36-98d2-41b1-bdc7-60597b3b5526@group-187684C21557: changes role from  FOLLOWER to FOLLOWER at term 68 for recognizeCandidate:018b3f78-d19f-4e26-a796-cb8ddc4f97cf
2019-10-18 13:01:36,717 [Thread-1329] INFO  impl.FollowerState (FollowerState.java:run(117)) - 893cf03e-f2cf-478a-892a-a746717e50e3@group-187684C21557-FollowerState was interrupted: java.lang.InterruptedException: sleep interrupted
2019-10-18 13:01:36,717 [grpc-default-executor-0] INFO  impl.RoleInfo (RoleInfo.java:updateAndGet(143)) - 893cf03e-f2cf-478a-892a-a746717e50e3: start FollowerState
2019-10-18 13:01:36,717 [grpc-default-executor-7] INFO  impl.RoleInfo (RoleInfo.java:shutdownFollowerState(121)) - 8697df36-98d2-41b1-bdc7-60597b3b5526: shutdown FollowerState
2019-10-18 13:01:36,717 [grpc-default-executor-5] INFO  impl.RaftServerImpl (RaftServerImpl.java:setRole(184)) - e5bb327f-cdd7-4e49-919e-13a4c895fddf@group-FF4202234884: changes role from  FOLLOWER to FOLLOWER at term 67 for recognizeCandidate:c124d131-afb9-4343-ad4e-aaebde613043
2019-10-18 13:01:36,718 [grpc-default-executor-7] INFO  impl.RoleInfo (RoleInfo.java:updateAndGet(143)) - 8697df36-98d2-41b1-bdc7-60597b3b5526: start FollowerState
2019-10-18 13:01:36,718 [Thread-1330] INFO  impl.FollowerState (FollowerState.java:run(117)) - 8697df36-98d2-41b1-bdc7-60597b3b5526@group-187684C21557-FollowerState was interrupted: java.lang.InterruptedException: sleep interrupted
2019-10-18 13:01:36,718 [grpc-default-executor-5] INFO  impl.RoleInfo (RoleInfo.java:shutdownFollowerState(121)) - e5bb327f-cdd7-4e49-919e-13a4c895fddf: shutdown FollowerState
2019-10-18 13:01:36,718 [Thread-1328] INFO  impl.FollowerState (FollowerState.java:run(117)) - e5bb327f-cdd7-4e49-919e-13a4c895fddf@group-FF4202234884-FollowerState was interrupted: java.lang.InterruptedException: sleep interrupted
2019-10-18 13:01:36,718 [grpc-default-executor-2] INFO  impl.RaftServerImpl (RaftServerImpl.java:setRole(184)) - 999343e7-0330-4874-a345-91eca72585e0@group-FF4202234884: changes role from  FOLLOWER to FOLLOWER at term 67 for recognizeCandidate:c124d131-afb9-4343-ad4e-aaebde613043
2019-10-18 13:01:36,718 [grpc-default-executor-5] INFO  impl.RoleInfo (RoleInfo.java:updateAndGet(143)) - e5bb327f-cdd7-4e49-919e-13a4c895fddf: start FollowerState
2019-10-18 13:01:36,718 [grpc-default-executor-2] INFO  impl.RoleInfo (RoleInfo.java:shutdownFollowerState(121)) - 999343e7-0330-4874-a345-91eca72585e0: shutdown FollowerState
2019-10-18 13:01:36,719 [grpc-default-executor-2] INFO  impl.RoleInfo (RoleInfo.java:updateAndGet(143)) - 999343e7-0330-4874-a345-91eca72585e0: start FollowerState
2019-10-18 13:01:36,719 [Thread-1331] INFO  impl.FollowerState (FollowerState.java:run(117)) - 999343e7-0330-4874-a345-91eca72585e0@group-FF4202234884-FollowerState was interrupted: java.lang.InterruptedException: sleep interrupted
2019-10-18 13:01:36,800 [c124d131-afb9-4343-ad4e-aaebde613043@group-FF4202234884-LeaderElection135] INFO  impl.LeaderElection (LeaderElection.java:logAndReturn(56)) - c124d131-afb9-4343-ad4e-aaebde613043@group-FF4202234884-LeaderElection135: Election REJECTED; received 2 response(s) [c124d131-afb9-4343-ad4e-aaebde613043<-999343e7-0330-4874-a345-91eca72585e0#0:FAIL-t67, c124d131-afb9-4343-ad4e-aaebde613043<-e5bb327f-cdd7-4e49-919e-13a4c895fddf#0:FAIL-t67] and 0 exception(s); c124d131-afb9-4343-ad4e-aaebde613043@group-FF4202234884:t67, leader=null, voted=c124d131-afb9-4343-ad4e-aaebde613043, raftlog=c124d131-afb9-4343-ad4e-aaebde613043@group-FF4202234884-SegmentedRaftLog:OPENED:c-1,f-1,i0, conf=-1: [999343e7-0330-4874-a345-91eca72585e0:192.168.34.56:44872, c124d131-afb9-4343-ad4e-aaebde613043:192.168.34.56:42116, e5bb327f-cdd7-4e49-919e-13a4c895fddf:192.168.34.56:36658], old=null
2019-10-18 13:01:36,800 [018b3f78-d19f-4e26-a796-cb8ddc4f97cf@group-187684C21557-LeaderElection136] INFO  impl.LeaderElection (LeaderElection.java:logAndReturn(56)) - 018b3f78-d19f-4e26-a796-cb8ddc4f97cf@group-187684C21557-LeaderElection136: Election REJECTED; received 2 response(s) [018b3f78-d19f-4e26-a796-cb8ddc4f97cf<-893cf03e-f2cf-478a-892a-a746717e50e3#0:FAIL-t68, 018b3f78-d19f-4e26-a796-cb8ddc4f97cf<-8697df36-98d2-41b1-bdc7-60597b3b5526#0:FAIL-t68] and 0 exception(s); 018b3f78-d19f-4e26-a796-cb8ddc4f97cf@group-187684C21557:t68, leader=null, voted=018b3f78-d19f-4e26-a796-cb8ddc4f97cf, raftlog=018b3f78-d19f-4e26-a796-cb8ddc4f97cf@group-187684C21557-SegmentedRaftLog:OPENED:c-1,f-1,i0, conf=-1: [893cf03e-f2cf-478a-892a-a746717e50e3:192.168.34.56:40750, 8697df36-98d2-41b1-bdc7-60597b3b5526:192.168.34.56:46415, 018b3f78-d19f-4e26-a796-cb8ddc4f97cf:192.168.34.56:35845], old=null
2019-10-18 13:01:36,800 [c124d131-afb9-4343-ad4e-aaebde613043@group-FF4202234884-LeaderElection135] INFO  impl.RaftServerImpl (RaftServerImpl.java:setRole(184)) - c124d131-afb9-4343-ad4e-aaebde613043@group-FF4202234884: changes role from CANDIDATE to FOLLOWER at term 67 for DISCOVERED_A_NEW_TERM
2019-10-18 13:01:36,800 [018b3f78-d19f-4e26-a796-cb8ddc4f97cf@group-187684C21557-LeaderElection136] INFO  impl.RaftServerImpl (RaftServerImpl.java:setRole(184)) - 018b3f78-d19f-4e26-a796-cb8ddc4f97cf@group-187684C21557: changes role from CANDIDATE to FOLLOWER at term 68 for DISCOVERED_A_NEW_TERM
2019-10-18 13:01:36,800 [c124d131-afb9-4343-ad4e-aaebde613043@group-FF4202234884-LeaderElection135] INFO  impl.RoleInfo (RoleInfo.java:shutdownLeaderElection(134)) - c124d131-afb9-4343-ad4e-aaebde613043: shutdown LeaderElection
2019-10-18 13:01:36,800 [018b3f78-d19f-4e26-a796-cb8ddc4f97cf@group-187684C21557-LeaderElection136] INFO  impl.RoleInfo (RoleInfo.java:shutdownLeaderElection(134)) - 018b3f78-d19f-4e26-a796-cb8ddc4f97cf: shutdown LeaderElection
2019-10-18 13:01:36,800 [c124d131-afb9-4343-ad4e-aaebde613043@group-FF4202234884-LeaderElection135] INFO  impl.RoleInfo (RoleInfo.java:updateAndGet(143)) - c124d131-afb9-4343-ad4e-aaebde613043: start FollowerState
2019-10-18 13:01:36,800 [018b3f78-d19f-4e26-a796-cb8ddc4f97cf@group-187684C21557-LeaderElection136] INFO  impl.RoleInfo (RoleInfo.java:updateAndGet(143)) - 018b3f78-d19f-4e26-a796-cb8ddc4f97cf: start FollowerState
2019-10-18 13:01:36,936 [Thread-1343] INFO  impl.FollowerState (FollowerState.java:run(108)) - c124d131-afb9-4343-ad4e-aaebde613043@group-FF4202234884-FollowerState: change to CANDIDATE, lastRpcTime:135ms, electionTimeout:135ms
2019-10-18 13:01:36,936 [Thread-1343] INFO  impl.RoleInfo (RoleInfo.java:shutdownFollowerState(121)) - c124d131-afb9-4343-ad4e-aaebde613043: shutdown FollowerState
2019-10-18 13:01:36,936 [Thread-1343] INFO  impl.RaftServerImpl (RaftServerImpl.java:setRole(184)) - c124d131-afb9-4343-ad4e-aaebde613043@group-FF4202234884: changes role from  FOLLOWER to CANDIDATE at term 67 for changeToCandidate
2019-10-18 13:01:36,936 [Thread-1343] INFO  impl.RoleInfo (RoleInfo.java:updateAndGet(143)) - c124d131-afb9-4343-ad4e-aaebde613043: start LeaderElection
2019-10-18 13:01:36,964 [c124d131-afb9-4343-ad4e-aaebde613043@group-FF4202234884-LeaderElection137] INFO  impl.LeaderElection (LeaderElection.java:askForVotes(178)) - c124d131-afb9-4343-ad4e-aaebde613043@group-FF4202234884-LeaderElection137: begin an election at term 68 for -1: [999343e7-0330-4874-a345-91eca72585e0:192.168.34.56:44872, c124d131-afb9-4343-ad4e-aaebde613043:192.168.34.56:42116, e5bb327f-cdd7-4e49-919e-13a4c895fddf:192.168.34.56:36658], old=null
2019-10-18 13:01:36,966 [grpc-default-executor-2] INFO  impl.RaftServerImpl (RaftServerImpl.java:setRole(184)) - e5bb327f-cdd7-4e49-919e-13a4c895fddf@group-FF4202234884: changes role from  FOLLOWER to FOLLOWER at term 68 for recognizeCandidate:c124d131-afb9-4343-ad4e-aaebde613043
2019-10-18 13:01:36,966 [grpc-default-executor-5] INFO  impl.RaftServerImpl (RaftServerImpl.java:setRole(184)) - 999343e7-0330-4874-a345-91eca72585e0@group-FF4202234884: changes role from  FOLLOWER to FOLLOWER at term 68 for recognizeCandidate:c124d131-afb9-4343-ad4e-aaebde613043
2019-10-18 13:01:36,966 [grpc-default-executor-2] INFO  impl.RoleInfo (RoleInfo.java:shutdownFollowerState(121)) - e5bb327f-cdd7-4e49-919e-13a4c895fddf: shutdown FollowerState
2019-10-18 13:01:36,966 [grpc-default-executor-5] INFO  impl.RoleInfo (RoleInfo.java:shutdownFollowerState(121)) - 999343e7-0330-4874-a345-91eca72585e0: shutdown FollowerState
2019-10-18 13:01:36,966 [Thread-1340] INFO  impl.FollowerState (FollowerState.java:run(117)) - e5bb327f-cdd7-4e49-919e-13a4c895fddf@group-FF4202234884-FollowerState was interrupted: java.lang.InterruptedException: sleep interrupted
2019-10-18 13:01:36,966 [grpc-default-executor-2] INFO  impl.RoleInfo (RoleInfo.java:updateAndGet(143)) - e5bb327f-cdd7-4e49-919e-13a4c895fddf: start FollowerState
2019-10-18 13:01:36,967 [Thread-1341] INFO  impl.FollowerState (FollowerState.java:run(117)) - 999343e7-0330-4874-a345-91eca72585e0@group-FF4202234884-FollowerState was interrupted: java.lang.InterruptedException: sleep interrupted
2019-10-18 13:01:36,967 [grpc-default-executor-5] INFO  impl.RoleInfo (RoleInfo.java:updateAndGet(143)) - 999343e7-0330-4874-a345-91eca72585e0: start FollowerState
2019-10-18 13:01:36,971 [Thread-1344] INFO  impl.FollowerState (FollowerState.java:run(108)) - 018b3f78-d19f-4e26-a796-cb8ddc4f97cf@group-187684C21557-FollowerState: change to CANDIDATE, lastRpcTime:170ms, electionTimeout:170ms
2019-10-18 13:01:36,971 [Thread-1344] INFO  impl.RoleInfo (RoleInfo.java:shutdownFollowerState(121)) - 018b3f78-d19f-4e26-a796-cb8ddc4f97cf: shutdown FollowerState
2019-10-18 13:01:36,971 [Thread-1344] INFO  impl.RaftServerImpl (RaftServerImpl.java:setRole(184)) - 018b3f78-d19f-4e26-a796-cb8ddc4f97cf@group-187684C21557: changes role from  FOLLOWER to CANDIDATE at term 68 for changeToCandidate
2019-10-18 13:01:36,971 [Thread-1344] INFO  impl.RoleInfo (RoleInfo.java:updateAndGet(143)) - 018b3f78-d19f-4e26-a796-cb8ddc4f97cf: start LeaderElection
2019-10-18 13:01:36,988 [018b3f78-d19f-4e26-a796-cb8ddc4f97cf@group-187684C21557-LeaderElection138] INFO  impl.LeaderElection (LeaderElection.java:askForVotes(178)) - 018b3f78-d19f-4e26-a796-cb8ddc4f97cf@group-187684C21557-LeaderElection138: begin an election at term 69 for -1: [893cf03e-f2cf-478a-892a-a746717e50e3:192.168.34.56:40750, 8697df36-98d2-41b1-bdc7-60597b3b5526:192.168.34.56:46415, 018b3f78-d19f-4e26-a796-cb8ddc4f97cf:192.168.34.56:35845], old=null
2019-10-18 13:01:36,989 [c124d131-afb9-4343-ad4e-aaebde613043@group-FF4202234884-LeaderElection137] INFO  impl.LeaderElection (LeaderElection.java:logAndReturn(56)) - c124d131-afb9-4343-ad4e-aaebde613043@group-FF4202234884-LeaderElection137: Election REJECTED; received 2 response(s) [c124d131-afb9-4343-ad4e-aaebde613043<-999343e7-0330-4874-a345-91eca72585e0#0:FAIL-t68, c124d131-afb9-4343-ad4e-aaebde613043<-e5bb327f-cdd7-4e49-919e-13a4c895fddf#0:FAIL-t68] and 0 exception(s); c124d131-afb9-4343-ad4e-aaebde613043@group-FF4202234884:t68, leader=null, voted=c124d131-afb9-4343-ad4e-aaebde613043, raftlog=c124d131-afb9-4343-ad4e-aaebde613043@group-FF4202234884-SegmentedRaftLog:OPENED:c-1,f-1,i0, conf=-1: [999343e7-0330-4874-a345-91eca72585e0:192.168.34.56:44872, c124d131-afb9-4343-ad4e-aaebde613043:192.168.34.56:42116, e5bb327f-cdd7-4e49-919e-13a4c895fddf:192.168.34.56:36658], old=null
2019-10-18 13:01:36,989 [c124d131-afb9-4343-ad4e-aaebde613043@group-FF4202234884-LeaderElection137] INFO  impl.RaftServerImpl (RaftServerImpl.java:setRole(184)) - c124d131-afb9-4343-ad4e-aaebde613043@group-FF4202234884: changes role from CANDIDATE to FOLLOWER at term 68 for DISCOVERED_A_NEW_TERM
2019-10-18 13:01:36,989 [c124d131-afb9-4343-ad4e-aaebde613043@group-FF4202234884-LeaderElection137] INFO  impl.RoleInfo (RoleInfo.java:shutdownLeaderElection(134)) - c124d131-afb9-4343-ad4e-aaebde613043: shutdown LeaderElection
2019-10-18 13:01:36,989 [c124d131-afb9-4343-ad4e-aaebde613043@group-FF4202234884-LeaderElection137] INFO  impl.RoleInfo (RoleInfo.java:updateAndGet(143)) - c124d131-afb9-4343-ad4e-aaebde613043: start FollowerState
2019-10-18 13:01:36,990 [grpc-default-executor-5] INFO  impl.RaftServerImpl (RaftServerImpl.java:setRole(184)) - 893cf03e-f2cf-478a-892a-a746717e50e3@group-187684C21557: changes role from  FOLLOWER to FOLLOWER at term 69 for recognizeCandidate:018b3f78-d19f-4e26-a796-cb8ddc4f97cf
2019-10-18 13:01:36,990 [grpc-default-executor-5] INFO  impl.RoleInfo (RoleInfo.java:shutdownFollowerState(121)) - 893cf03e-f2cf-478a-892a-a746717e50e3: shutdown FollowerState
2019-10-18 13:01:36,990 [grpc-default-executor-5] INFO  impl.RoleInfo (RoleInfo.java:updateAndGet(143)) - 893cf03e-f2cf-478a-892a-a746717e50e3: start FollowerState
2019-10-18 13:01:36,990 [Thread-1338] INFO  impl.FollowerState (FollowerState.java:run(117)) - 893cf03e-f2cf-478a-892a-a746717e50e3@group-187684C21557-FollowerState was interrupted: java.lang.InterruptedException: sleep interrupted
2019-10-18 13:01:36,990 [grpc-default-executor-2] INFO  impl.RaftServerImpl (RaftServerImpl.java:setRole(184)) - 8697df36-98d2-41b1-bdc7-60597b3b5526@group-187684C21557: changes role from  FOLLOWER to FOLLOWER at term 69 for recognizeCandidate:018b3f78-d19f-4e26-a796-cb8ddc4f97cf
2019-10-18 13:01:36,991 [grpc-default-executor-2] INFO  impl.RoleInfo (RoleInfo.java:shutdownFollowerState(121)) - 8697df36-98d2-41b1-bdc7-60597b3b5526: shutdown FollowerState
2019-10-18 13:01:36,991 [grpc-default-executor-2] INFO  impl.RoleInfo (RoleInfo.java:updateAndGet(143)) - 8697df36-98d2-41b1-bdc7-60597b3b5526: start FollowerState
2019-10-18 13:01:36,991 [Thread-1339] INFO  impl.FollowerState (FollowerState.java:run(117)) - 8697df36-98d2-41b1-bdc7-60597b3b5526@group-187684C21557-FollowerState was interrupted: java.lang.InterruptedException: sleep interrupted
2019-10-18 13:01:37,017 [Thread-1354] INFO  impl.FollowerState (FollowerState.java:run(108)) - c124d131-afb9-4343-ad4e-aaebde613043@group-FF4202234884-FollowerState: change to CANDIDATE, lastRpcTime:27ms, electionTimeout:25ms
2019-10-18 13:01:37,017 [Thread-1354] INFO  impl.RoleInfo (RoleInfo.java:shutdownFollowerState(121)) - c124d131-afb9-4343-ad4e-aaebde613043: shutdown FollowerState
2019-10-18 13:01:37,018 [Thread-1354] INFO  impl.RaftServerImpl (RaftServerImpl.java:setRole(184)) - c124d131-afb9-4343-ad4e-aaebde613043@group-FF4202234884: changes role from  FOLLOWER to CANDIDATE at term 68 for changeToCandidate
2019-10-18 13:01:37,018 [Thread-1354] INFO  impl.RoleInfo (RoleInfo.java:updateAndGet(143)) - c124d131-afb9-4343-ad4e-aaebde613043: start LeaderElection
2019-10-18 13:01:37,018 [018b3f78-d19f-4e26-a796-cb8ddc4f97cf@group-187684C21557-LeaderElection138] INFO  impl.LeaderElection (LeaderElection.java:logAndReturn(56)) - 018b3f78-d19f-4e26-a796-cb8ddc4f97cf@group-187684C21557-LeaderElection138: Election REJECTED; received 2 response(s) [018b3f78-d19f-4e26-a796-cb8ddc4f97cf<-893cf03e-f2cf-478a-892a-a746717e50e3#0:FAIL-t69, 018b3f78-d19f-4e26-a796-cb8ddc4f97cf<-8697df36-98d2-41b1-bdc7-60597b3b5526#0:FAIL-t69] and 0 exception(s); 018b3f78-d19f-4e26-a796-cb8ddc4f97cf@group-187684C21557:t69, leader=null, voted=018b3f78-d19f-4e26-a796-cb8ddc4f97cf, raftlog=018b3f78-d19f-4e26-a796-cb8ddc4f97cf@group-187684C21557-SegmentedRaftLog:OPENED:c-1,f-1,i0, conf=-1: [893cf03e-f2cf-478a-892a-a746717e50e3:192.168.34.56:40750, 8697df36-98d2-41b1-bdc7-60597b3b5526:192.168.34.56:46415, 018b3f78-d19f-4e26-a796-cb8ddc4f97cf:192.168.34.56:35845], old=null
2019-10-18 13:01:37,018 [018b3f78-d19f-4e26-a796-cb8ddc4f97cf@group-187684C21557-LeaderElection138] INFO  impl.RaftServerImpl (RaftServerImpl.java:setRole(184)) - 018b3f78-d19f-4e26-a796-cb8ddc4f97cf@group-187684C21557: changes role from CANDIDATE to FOLLOWER at term 69 for DISCOVERED_A_NEW_TERM
2019-10-18 13:01:37,018 [018b3f78-d19f-4e26-a796-cb8ddc4f97cf@group-187684C21557-LeaderElection138] INFO  impl.RoleInfo (RoleInfo.java:shutdownLeaderElection(134)) - 018b3f78-d19f-4e26-a796-cb8ddc4f97cf: shutdown LeaderElection
2019-10-18 13:01:37,019 [018b3f78-d19f-4e26-a796-cb8ddc4f97cf@group-187684C21557-LeaderElection138] INFO  impl.RoleInfo (RoleInfo.java:updateAndGet(143)) - 018b3f78-d19f-4e26-a796-cb8ddc4f97cf: start FollowerState
2019-10-18 13:01:37,051 [c124d131-afb9-4343-ad4e-aaebde613043@group-FF4202234884-LeaderElection139] INFO  impl.LeaderElection (LeaderElection.java:askForVotes(178)) - c124d131-afb9-4343-ad4e-aaebde613043@group-FF4202234884-LeaderElection139: begin an election at term 69 for -1: [999343e7-0330-4874-a345-91eca72585e0:192.168.34.56:44872, c124d131-afb9-4343-ad4e-aaebde613043:192.168.34.56:42116, e5bb327f-cdd7-4e49-919e-13a4c895fddf:192.168.34.56:36658], old=null
2019-10-18 13:01:37,054 [grpc-default-executor-2] INFO  impl.RaftServerImpl (RaftServerImpl.java:setRole(184)) - e5bb327f-cdd7-4e49-919e-13a4c895fddf@group-FF4202234884: changes role from  FOLLOWER to FOLLOWER at term 69 for recognizeCandidate:c124d131-afb9-4343-ad4e-aaebde613043
2019-10-18 13:01:37,054 [grpc-default-executor-5] INFO  impl.RaftServerImpl (RaftServerImpl.java:setRole(184)) - 999343e7-0330-4874-a345-91eca72585e0@group-FF4202234884: changes role from  FOLLOWER to FOLLOWER at term 69 for recognizeCandidate:c124d131-afb9-4343-ad4e-aaebde613043
2019-10-18 13:01:37,054 [grpc-default-executor-2] INFO  impl.RoleInfo (RoleInfo.java:shutdownFollowerState(121)) - e5bb327f-cdd7-4e49-919e-13a4c895fddf: shutdown FollowerState
2019-10-18 13:01:37,054 [grpc-default-executor-5] INFO  impl.RoleInfo (RoleInfo.java:shutdownFollowerState(121)) - 999343e7-0330-4874-a345-91eca72585e0: shutdown FollowerState
2019-10-18 13:01:37,054 [grpc-default-executor-2] INFO  impl.RoleInfo (RoleInfo.java:updateAndGet(143)) - e5bb327f-cdd7-4e49-919e-13a4c895fddf: start FollowerState
2019-10-18 13:01:37,054 [Thread-1349] INFO  impl.FollowerState (FollowerState.java:run(117)) - e5bb327f-cdd7-4e49-919e-13a4c895fddf@group-FF4202234884-FollowerState was interrupted: java.lang.InterruptedException: sleep interrupted
2019-10-18 13:01:37,054 [grpc-default-executor-5] INFO  impl.RoleInfo (RoleInfo.java:updateAndGet(143)) - 999343e7-0330-4874-a345-91eca72585e0: start FollowerState
2019-10-18 13:01:37,054 [Thread-1350] INFO  impl.FollowerState (FollowerState.java:run(117)) - 999343e7-0330-4874-a345-91eca72585e0@group-FF4202234884-FollowerState was interrupted: java.lang.InterruptedException: sleep interrupted
2019-10-18 13:01:37,079 [c124d131-afb9-4343-ad4e-aaebde613043@group-FF4202234884-LeaderElection139] INFO  impl.LeaderElection (LeaderElection.java:logAndReturn(56)) - c124d131-afb9-4343-ad4e-aaebde613043@group-FF4202234884-LeaderElection139: Election REJECTED; received 2 response(s) [c124d131-afb9-4343-ad4e-aaebde613043<-999343e7-0330-4874-a345-91eca72585e0#0:FAIL-t69, c124d131-afb9-4343-ad4e-aaebde613043<-e5bb327f-cdd7-4e49-919e-13a4c895fddf#0:FAIL-t69] and 0 exception(s); c124d131-afb9-4343-ad4e-aaebde613043@group-FF4202234884:t69, leader=null, voted=c124d131-afb9-4343-ad4e-aaebde613043, raftlog=c124d131-afb9-4343-ad4e-aaebde613043@group-FF4202234884-SegmentedRaftLog:OPENED:c-1,f-1,i0, conf=-1: [999343e7-0330-4874-a345-91eca72585e0:192.168.34.56:44872, c124d131-afb9-4343-ad4e-aaebde613043:192.168.34.56:42116, e5bb327f-cdd7-4e49-919e-13a4c895fddf:192.168.34.56:36658], old=null
2019-10-18 13:01:37,079 [c124d131-afb9-4343-ad4e-aaebde613043@group-FF4202234884-LeaderElection139] INFO  impl.RaftServerImpl (RaftServerImpl.java:setRole(184)) - c124d131-afb9-4343-ad4e-aaebde613043@group-FF4202234884: changes role from CANDIDATE to FOLLOWER at term 69 for DISCOVERED_A_NEW_TERM
2019-10-18 13:01:37,079 [c124d131-afb9-4343-ad4e-aaebde613043@group-FF4202234884-LeaderElection139] INFO  impl.RoleInfo (RoleInfo.java:shutdownLeaderElection(134)) - c124d131-afb9-4343-ad4e-aaebde613043: shutdown LeaderElection
2019-10-18 13:01:37,079 [c124d131-afb9-4343-ad4e-aaebde613043@group-FF4202234884-LeaderElection139] INFO  impl.RoleInfo (RoleInfo.java:updateAndGet(143)) - c124d131-afb9-4343-ad4e-aaebde613043: start FollowerState
2019-10-18 13:01:37,165 [Thread-1363] INFO  impl.FollowerState (FollowerState.java:run(108)) - c124d131-afb9-4343-ad4e-aaebde613043@group-FF4202234884-FollowerState: change to CANDIDATE, lastRpcTime:85ms, electionTimeout:85ms
2019-10-18 13:01:37,165 [Thread-1363] INFO  impl.RoleInfo (RoleInfo.java:shutdownFollowerState(121)) - c124d131-afb9-4343-ad4e-aaebde613043: shutdown FollowerState
2019-10-18 13:01:37,165 [Thread-1363] INFO  impl.RaftServerImpl (RaftServerImpl.java:setRole(184)) - c124d131-afb9-4343-ad4e-aaebde613043@group-FF4202234884: changes role from  FOLLOWER to CANDIDATE at term 69 for changeToCandidate
2019-10-18 13:01:37,165 [Thread-1363] INFO  impl.RoleInfo (RoleInfo.java:updateAndGet(143)) - c124d131-afb9-4343-ad4e-aaebde613043: start LeaderElection
2019-10-18 13:01:37,187 [c124d131-afb9-4343-ad4e-aaebde613043@group-FF4202234884-LeaderElection140] INFO  impl.LeaderElection (LeaderElection.java:askForVotes(178)) - c124d131-afb9-4343-ad4e-aaebde613043@group-FF4202234884-LeaderElection140: begin an election at term 70 for -1: [999343e7-0330-4874-a345-91eca72585e0:192.168.34.56:44872, c124d131-afb9-4343-ad4e-aaebde613043:192.168.34.56:42116, e5bb327f-cdd7-4e49-919e-13a4c895fddf:192.168.34.56:36658], old=null
2019-10-18 13:01:37,190 [grpc-default-executor-5] INFO  impl.RaftServerImpl (RaftServerImpl.java:setRole(184)) - e5bb327f-cdd7-4e49-919e-13a4c895fddf@group-FF4202234884: changes role from  FOLLOWER to FOLLOWER at term 70 for recognizeCandidate:c124d131-afb9-4343-ad4e-aaebde613043
2019-10-18 13:01:37,190 [grpc-default-executor-5] INFO  impl.RoleInfo (RoleInfo.java:shutdownFollowerState(121)) - e5bb327f-cdd7-4e49-919e-13a4c895fddf: shutdown FollowerState
2019-10-18 13:01:37,191 [grpc-default-executor-5] INFO  impl.RoleInfo (RoleInfo.java:updateAndGet(143)) - e5bb327f-cdd7-4e49-919e-13a4c895fddf: start FollowerState
2019-10-18 13:01:37,191 [grpc-default-executor-2] INFO  impl.RaftServerImpl (RaftServerImpl.java:setRole(184)) - 999343e7-0330-4874-a345-91eca72585e0@group-FF4202234884: changes role from  FOLLOWER to FOLLOWER at term 70 for recognizeCandidate:c124d131-afb9-4343-ad4e-aaebde613043
2019-10-18 13:01:37,191 [Thread-1361] INFO  impl.FollowerState (FollowerState.java:run(117)) - e5bb327f-cdd7-4e49-919e-13a4c895fddf@group-FF4202234884-FollowerState was interrupted: java.lang.InterruptedException: sleep interrupted
2019-10-18 13:01:37,191 [grpc-default-executor-2] INFO  impl.RoleInfo (RoleInfo.java:shutdownFollowerState(121)) - 999343e7-0330-4874-a345-91eca72585e0: shutdown FollowerState
2019-10-18 13:01:37,191 [grpc-default-executor-2] INFO  impl.RoleInfo (RoleInfo.java:updateAndGet(143)) - 999343e7-0330-4874-a345-91eca72585e0: start FollowerState
2019-10-18 13:01:37,191 [Thread-1362] INFO  impl.FollowerState (FollowerState.java:run(117)) - 999343e7-0330-4874-a345-91eca72585e0@group-FF4202234884-FollowerState was interrupted: java.lang.InterruptedException: sleep interrupted
2019-10-18 13:01:37,201 [Thread-1358] INFO  impl.FollowerState (FollowerState.java:run(108)) - 018b3f78-d19f-4e26-a796-cb8ddc4f97cf@group-187684C21557-FollowerState: change to CANDIDATE, lastRpcTime:182ms, electionTimeout:182ms
2019-10-18 13:01:37,201 [Thread-1358] INFO  impl.RoleInfo (RoleInfo.java:shutdownFollowerState(121)) - 018b3f78-d19f-4e26-a796-cb8ddc4f97cf: shutdown FollowerState
2019-10-18 13:01:37,201 [Thread-1358] INFO  impl.RaftServerImpl (RaftServerImpl.java:setRole(184)) - 018b3f78-d19f-4e26-a796-cb8ddc4f97cf@group-187684C21557: changes role from  FOLLOWER to CANDIDATE at term 69 for changeToCandidate
2019-10-18 13:01:37,201 [Thread-1358] INFO  impl.RoleInfo (RoleInfo.java:updateAndGet(143)) - 018b3f78-d19f-4e26-a796-cb8ddc4f97cf: start LeaderElection
2019-10-18 13:01:37,206 [c124d131-afb9-4343-ad4e-aaebde613043@group-FF4202234884-LeaderElection140] INFO  impl.LeaderElection (LeaderElection.java:logAndReturn(56)) - c124d131-afb9-4343-ad4e-aaebde613043@group-FF4202234884-LeaderElection140: Election REJECTED; received 2 response(s) [c124d131-afb9-4343-ad4e-aaebde613043<-999343e7-0330-4874-a345-91eca72585e0#0:FAIL-t70, c124d131-afb9-4343-ad4e-aaebde613043<-e5bb327f-cdd7-4e49-919e-13a4c895fddf#0:FAIL-t70] and 0 exception(s); c124d131-afb9-4343-ad4e-aaebde613043@group-FF4202234884:t70, leader=null, voted=c124d131-afb9-4343-ad4e-aaebde613043, raftlog=c124d131-afb9-4343-ad4e-aaebde613043@group-FF4202234884-SegmentedRaftLog:OPENED:c-1,f-1,i0, conf=-1: [999343e7-0330-4874-a345-91eca72585e0:192.168.34.56:44872, c124d131-afb9-4343-ad4e-aaebde613043:192.168.34.56:42116, e5bb327f-cdd7-4e49-919e-13a4c895fddf:192.168.34.56:36658], old=null
2019-10-18 13:01:37,206 [c124d131-afb9-4343-ad4e-aaebde613043@group-FF4202234884-LeaderElection140] INFO  impl.RaftServerImpl (RaftServerImpl.java:setRole(184)) - c124d131-afb9-4343-ad4e-aaebde613043@group-FF4202234884: changes role from CANDIDATE to FOLLOWER at term 70 for DISCOVERED_A_NEW_TERM
2019-10-18 13:01:37,206 [c124d131-afb9-4343-ad4e-aaebde613043@group-FF4202234884-LeaderElection140] INFO  impl.RoleInfo (RoleInfo.java:shutdownLeaderElection(134)) - c124d131-afb9-4343-ad4e-aaebde613043: shutdown LeaderElection
2019-10-18 13:01:37,206 [c124d131-afb9-4343-ad4e-aaebde613043@group-FF4202234884-LeaderElection140] INFO  impl.RoleInfo (RoleInfo.java:updateAndGet(143)) - c124d131-afb9-4343-ad4e-aaebde613043: start FollowerState
2019-10-18 13:01:37,227 [018b3f78-d19f-4e26-a796-cb8ddc4f97cf@group-187684C21557-LeaderElection141] INFO  impl.LeaderElection (LeaderElection.java:askForVotes(178)) - 018b3f78-d19f-4e26-a796-cb8ddc4f97cf@group-187684C21557-LeaderElection141: begin an election at term 70 for -1: [893cf03e-f2cf-478a-892a-a746717e50e3:192.168.34.56:40750, 8697df36-98d2-41b1-bdc7-60597b3b5526:192.168.34.56:46415, 018b3f78-d19f-4e26-a796-cb8ddc4f97cf:192.168.34.56:35845], old=null
2019-10-18 13:01:37,230 [grpc-default-executor-2] INFO  impl.RaftServerImpl (RaftServerImpl.java:setRole(184)) - 8697df36-98d2-41b1-bdc7-60597b3b5526@group-187684C21557: changes role from  FOLLOWER to FOLLOWER at term 70 for recognizeCandidate:018b3f78-d19f-4e26-a796-cb8ddc4f97cf
2019-10-18 13:01:37,230 [grpc-default-executor-2] INFO  impl.RoleInfo (RoleInfo.java:shutdownFollowerState(121)) - 8697df36-98d2-41b1-bdc7-60597b3b5526: shutdown FollowerState
2019-10-18 13:01:37,230 [grpc-default-executor-5] INFO  impl.RaftServerImpl (RaftServerImpl.java:setRole(184)) - 893cf03e-f2cf-478a-892a-a746717e50e3@group-187684C21557: changes role from  FOLLOWER to FOLLOWER at term 70 for recognizeCandidate:018b3f78-d19f-4e26-a796-cb8ddc4f97cf
2019-10-18 13:01:37,230 [grpc-default-executor-2] INFO  impl.RoleInfo (RoleInfo.java:updateAndGet(143)) - 8697df36-98d2-41b1-bdc7-60597b3b5526: start FollowerState
2019-10-18 13:01:37,230 [Thread-1356] INFO  impl.FollowerState (FollowerState.java:run(117)) - 8697df36-98d2-41b1-bdc7-60597b3b5526@group-187684C21557-FollowerState was interrupted: java.lang.InterruptedException: sleep interrupted
2019-10-18 13:01:37,230 [grpc-default-executor-5] INFO  impl.RoleInfo (RoleInfo.java:shutdownFollowerState(121)) - 893cf03e-f2cf-478a-892a-a746717e50e3: shutdown FollowerState
2019-10-18 13:01:37,230 [grpc-default-executor-5] INFO  impl.RoleInfo (RoleInfo.java:updateAndGet(143)) - 893cf03e-f2cf-478a-892a-a746717e50e3: start FollowerState
2019-10-18 13:01:37,231 [Thread-1355] INFO  impl.FollowerState (FollowerState.java:run(117)) - 893cf03e-f2cf-478a-892a-a746717e50e3@group-187684C21557-FollowerState was interrupted: java.lang.InterruptedException: sleep interrupted
2019-10-18 13:01:37,254 [018b3f78-d19f-4e26-a796-cb8ddc4f97cf@group-187684C21557-LeaderElection141] INFO  impl.LeaderElection (LeaderElection.java:logAndReturn(56)) - 018b3f78-d19f-4e26-a796-cb8ddc4f97cf@group-187684C21557-LeaderElection141: Election REJECTED; received 2 response(s) [018b3f78-d19f-4e26-a796-cb8ddc4f97cf<-893cf03e-f2cf-478a-892a-a746717e50e3#0:FAIL-t70, 018b3f78-d19f-4e26-a796-cb8ddc4f97cf<-8697df36-98d2-41b1-bdc7-60597b3b5526#0:FAIL-t70] and 0 exception(s); 018b3f78-d19f-4e26-a796-cb8ddc4f97cf@group-187684C21557:t70, leader=null, voted=018b3f78-d19f-4e26-a796-cb8ddc4f97cf, raftlog=018b3f78-d19f-4e26-a796-cb8ddc4f97cf@group-187684C21557-SegmentedRaftLog:OPENED:c-1,f-1,i0, conf=-1: [893cf03e-f2cf-478a-892a-a746717e50e3:192.168.34.56:40750, 8697df36-98d2-41b1-bdc7-60597b3b5526:192.168.34.56:46415, 018b3f78-d19f-4e26-a796-cb8ddc4f97cf:192.168.34.56:35845], old=null
2019-10-18 13:01:37,255 [018b3f78-d19f-4e26-a796-cb8ddc4f97cf@group-187684C21557-LeaderElection141] INFO  impl.RaftServerImpl (RaftServerImpl.java:setRole(184)) - 018b3f78-d19f-4e26-a796-cb8ddc4f97cf@group-187684C21557: changes role from CANDIDATE to FOLLOWER at term 70 for DISCOVERED_A_NEW_TERM
2019-10-18 13:01:37,255 [018b3f78-d19f-4e26-a796-cb8ddc4f97cf@group-187684C21557-LeaderElection141] INFO  impl.RoleInfo (RoleInfo.java:shutdownLeaderElection(134)) - 018b3f78-d19f-4e26-a796-cb8ddc4f97cf: shutdown LeaderElection
2019-10-18 13:01:37,255 [018b3f78-d19f-4e26-a796-cb8ddc4f97cf@group-187684C21557-LeaderElection141] INFO  impl.RoleInfo (RoleInfo.java:updateAndGet(143)) - 018b3f78-d19f-4e26-a796-cb8ddc4f97cf: start FollowerState
2019-10-18 13:01:37,373 [Thread-1370] INFO  impl.FollowerState (FollowerState.java:run(108)) - c124d131-afb9-4343-ad4e-aaebde613043@group-FF4202234884-FollowerState: change to CANDIDATE, lastRpcTime:166ms, electionTimeout:166ms
2019-10-18 13:01:37,373 [Thread-1370] INFO  impl.RoleInfo (RoleInfo.java:shutdownFollowerState(121)) - c124d131-afb9-4343-ad4e-aaebde613043: shutdown FollowerState
2019-10-18 13:01:37,373 [Thread-1370] INFO  impl.RaftServerImpl (RaftServerImpl.java:setRole(184)) - c124d131-afb9-4343-ad4e-aaebde613043@group-FF4202234884: changes role from  FOLLOWER to CANDIDATE at term 70 for changeToCandidate
2019-10-18 13:01:37,373 [Thread-1370] INFO  impl.RoleInfo (RoleInfo.java:updateAndGet(143)) - c124d131-afb9-4343-ad4e-aaebde613043: start LeaderElection
2019-10-18 13:01:37,383 [Thread-1375] INFO  impl.FollowerState (FollowerState.java:run(108)) - 018b3f78-d19f-4e26-a796-cb8ddc4f97cf@group-187684C21557-FollowerState: change to CANDIDATE, lastRpcTime:128ms, electionTimeout:128ms
2019-10-18 13:01:37,384 [Thread-1375] INFO  impl.RoleInfo (RoleInfo.java:shutdownFollowerState(121)) - 018b3f78-d19f-4e26-a796-cb8ddc4f97cf: shutdown FollowerState
2019-10-18 13:01:37,384 [Thread-1375] INFO  impl.RaftServerImpl (RaftServerImpl.java:setRole(184)) - 018b3f78-d19f-4e26-a796-cb8ddc4f97cf@group-187684C21557: changes role from  FOLLOWER to CANDIDATE at term 70 for changeToCandidate
2019-10-18 13:01:37,384 [Thread-1375] INFO  impl.RoleInfo (RoleInfo.java:updateAndGet(143)) - 018b3f78-d19f-4e26-a796-cb8ddc4f97cf: start LeaderElection
2019-10-18 13:01:37,394 [018b3f78-d19f-4e26-a796-cb8ddc4f97cf@group-187684C21557-LeaderElection143] INFO  impl.LeaderElection (LeaderElection.java:askForVotes(178)) - 018b3f78-d19f-4e26-a796-cb8ddc4f97cf@group-187684C21557-LeaderElection143: begin an election at term 71 for -1: [893cf03e-f2cf-478a-892a-a746717e50e3:192.168.34.56:40750, 8697df36-98d2-41b1-bdc7-60597b3b5526:192.168.34.56:46415, 018b3f78-d19f-4e26-a796-cb8ddc4f97cf:192.168.34.56:35845], old=null
2019-10-18 13:01:37,394 [c124d131-afb9-4343-ad4e-aaebde613043@group-FF4202234884-LeaderElection142] INFO  impl.LeaderElection (LeaderElection.java:askForVotes(178)) - c124d131-afb9-4343-ad4e-aaebde613043@group-FF4202234884-LeaderElection142: begin an election at term 71 for -1: [999343e7-0330-4874-a345-91eca72585e0:192.168.34.56:44872, c124d131-afb9-4343-ad4e-aaebde613043:192.168.34.56:42116, e5bb327f-cdd7-4e49-919e-13a4c895fddf:192.168.34.56:36658], old=null
2019-10-18 13:01:37,396 [grpc-default-executor-2] INFO  impl.RaftServerImpl (RaftServerImpl.java:setRole(184)) - 893cf03e-f2cf-478a-892a-a746717e50e3@group-187684C21557: changes role from  FOLLOWER to FOLLOWER at term 71 for recognizeCandidate:018b3f78-d19f-4e26-a796-cb8ddc4f97cf
2019-10-18 13:01:37,397 [grpc-default-executor-2] INFO  impl.RoleInfo (RoleInfo.java:shutdownFollowerState(121)) - 893cf03e-f2cf-478a-892a-a746717e50e3: shutdown FollowerState
2019-10-18 13:01:37,397 [grpc-default-executor-5] INFO  impl.RaftServerImpl (RaftServerImpl.java:setRole(184)) - e5bb327f-cdd7-4e49-919e-13a4c895fddf@group-FF4202234884: changes role from  FOLLOWER to FOLLOWER at term 71 for recognizeCandidate:c124d131-afb9-4343-ad4e-aaebde613043
2019-10-18 13:01:37,397 [Thread-1374] INFO  impl.FollowerState (FollowerState.java:run(117)) - 893cf03e-f2cf-478a-892a-a746717e50e3@group-187684C21557-FollowerState was interrupted: java.lang.InterruptedException: sleep interrupted
2019-10-18 13:01:37,397 [grpc-default-executor-0] INFO  impl.RaftServerImpl (RaftServerImpl.java:setRole(184)) - 8697df36-98d2-41b1-bdc7-60597b3b5526@group-187684C21557: changes role from  FOLLOWER to FOLLOWER at term 71 for recognizeCandidate:018b3f78-d19f-4e26-a796-cb8ddc4f97cf
2019-10-18 13:01:37,397 [grpc-default-executor-0] INFO  impl.RoleInfo (RoleInfo.java:shutdownFollowerState(121)) - 8697df36-98d2-41b1-bdc7-60597b3b5526: shutdown FollowerState
2019-10-18 13:01:37,397 [grpc-default-executor-2] INFO  impl.RoleInfo (RoleInfo.java:updateAndGet(143)) - 893cf03e-f2cf-478a-892a-a746717e50e3: start FollowerState
2019-10-18 13:01:37,397 [Thread-1373] INFO  impl.FollowerState (FollowerState.java:run(117)) - 8697df36-98d2-41b1-bdc7-60597b3b5526@group-187684C21557-FollowerState was interrupted: java.lang.InterruptedException: sleep interrupted
2019-10-18 13:01:37,397 [grpc-default-executor-7] INFO  impl.RaftServerImpl (RaftServerImpl.java:setRole(184)) - 999343e7-0330-4874-a345-91eca72585e0@group-FF4202234884: changes role from  FOLLOWER to FOLLOWER at term 71 for recognizeCandidate:c124d131-afb9-4343-ad4e-aaebde613043
2019-10-18 13:01:37,397 [grpc-default-executor-0] INFO  impl.RoleInfo (RoleInfo.java:updateAndGet(143)) - 8697df36-98d2-41b1-bdc7-60597b3b5526: start FollowerState
2019-10-18 13:01:37,397 [grpc-default-executor-5] INFO  impl.RoleInfo (RoleInfo.java:shutdownFollowerState(121)) - e5bb327f-cdd7-4e49-919e-13a4c895fddf: shutdown FollowerState
2019-10-18 13:01:37,398 [grpc-default-executor-7] INFO  impl.RoleInfo (RoleInfo.java:shutdownFollowerState(121)) - 999343e7-0330-4874-a345-91eca72585e0: shutdown FollowerState
2019-10-18 13:01:37,398 [Thread-1367] INFO  impl.FollowerState (FollowerState.java:run(117)) - e5bb327f-cdd7-4e49-919e-13a4c895fddf@group-FF4202234884-FollowerState was interrupted: java.lang.InterruptedException: sleep interrupted
2019-10-18 13:01:37,398 [grpc-default-executor-5] INFO  impl.RoleInfo (RoleInfo.java:updateAndGet(143)) - e5bb327f-cdd7-4e49-919e-13a4c895fddf: start FollowerState
2019-10-18 13:01:37,398 [Thread-1368] INFO  impl.FollowerState (FollowerState.java:run(117)) - 999343e7-0330-4874-a345-91eca72585e0@group-FF4202234884-FollowerState was interrupted: java.lang.InterruptedException: sleep interrupted
2019-10-18 13:01:37,398 [grpc-default-executor-7] INFO  impl.RoleInfo (RoleInfo.java:updateAndGet(143)) - 999343e7-0330-4874-a345-91eca72585e0: start FollowerState
2019-10-18 13:01:37,416 [c124d131-afb9-4343-ad4e-aaebde613043@group-FF4202234884-LeaderElection142] INFO  impl.LeaderElection (LeaderElection.java:logAndReturn(56)) - c124d131-afb9-4343-ad4e-aaebde613043@group-FF4202234884-LeaderElection142: Election REJECTED; received 2 response(s) [c124d131-afb9-4343-ad4e-aaebde613043<-999343e7-0330-4874-a345-91eca72585e0#0:FAIL-t71, c124d131-afb9-4343-ad4e-aaebde613043<-e5bb327f-cdd7-4e49-919e-13a4c895fddf#0:FAIL-t71] and 0 exception(s); c124d131-afb9-4343-ad4e-aaebde613043@group-FF4202234884:t71, leader=null, voted=c124d131-afb9-4343-ad4e-aaebde613043, raftlog=c124d131-afb9-4343-ad4e-aaebde613043@group-FF4202234884-SegmentedRaftLog:OPENED:c-1,f-1,i0, conf=-1: [999343e7-0330-4874-a345-91eca72585e0:192.168.34.56:44872, c124d131-afb9-4343-ad4e-aaebde613043:192.168.34.56:42116, e5bb327f-cdd7-4e49-919e-13a4c895fddf:192.168.34.56:36658], old=null
2019-10-18 13:01:37,416 [018b3f78-d19f-4e26-a796-cb8ddc4f97cf@group-187684C21557-LeaderElection143] INFO  impl.LeaderElection (LeaderElection.java:logAndReturn(56)) - 018b3f78-d19f-4e26-a796-cb8ddc4f97cf@group-187684C21557-LeaderElection143: Election REJECTED; received 2 response(s) [018b3f78-d19f-4e26-a796-cb8ddc4f97cf<-893cf03e-f2cf-478a-892a-a746717e50e3#0:FAIL-t71, 018b3f78-d19f-4e26-a796-cb8ddc4f97cf<-8697df36-98d2-41b1-bdc7-60597b3b5526#0:FAIL-t71] and 0 exception(s); 018b3f78-d19f-4e26-a796-cb8ddc4f97cf@group-187684C21557:t71, leader=null, voted=018b3f78-d19f-4e26-a796-cb8ddc4f97cf, raftlog=018b3f78-d19f-4e26-a796-cb8ddc4f97cf@group-187684C21557-SegmentedRaftLog:OPENED:c-1,f-1,i0, conf=-1: [893cf03e-f2cf-478a-892a-a746717e50e3:192.168.34.56:40750, 8697df36-98d2-41b1-bdc7-60597b3b5526:192.168.34.56:46415, 018b3f78-d19f-4e26-a796-cb8ddc4f97cf:192.168.34.56:35845], old=null
2019-10-18 13:01:37,416 [c124d131-afb9-4343-ad4e-aaebde613043@group-FF4202234884-LeaderElection142] INFO  impl.RaftServerImpl (RaftServerImpl.java:setRole(184)) - c124d131-afb9-4343-ad4e-aaebde613043@group-FF4202234884: changes role from CANDIDATE to FOLLOWER at term 71 for DISCOVERED_A_NEW_TERM
2019-10-18 13:01:37,416 [018b3f78-d19f-4e26-a796-cb8ddc4f97cf@group-187684C21557-LeaderElection143] INFO  impl.RaftServerImpl (RaftServerImpl.java:setRole(184)) - 018b3f78-d19f-4e26-a796-cb8ddc4f97cf@group-187684C21557: changes role from CANDIDATE to FOLLOWER at term 71 for DISCOVERED_A_NEW_TERM
2019-10-18 13:01:37,416 [c124d131-afb9-4343-ad4e-aaebde613043@group-FF4202234884-LeaderElection142] INFO  impl.RoleInfo (RoleInfo.java:shutdownLeaderElection(134)) - c124d131-afb9-4343-ad4e-aaebde613043: shutdown LeaderElection
2019-10-18 13:01:37,417 [018b3f78-d19f-4e26-a796-cb8ddc4f97cf@group-187684C21557-LeaderElection143] INFO  impl.RoleInfo (RoleInfo.java:shutdownLeaderElection(134)) - 018b3f78-d19f-4e26-a796-cb8ddc4f97cf: shutdown LeaderElection
2019-10-18 13:01:37,417 [c124d131-afb9-4343-ad4e-aaebde613043@group-FF4202234884-LeaderElection142] INFO  impl.RoleInfo (RoleInfo.java:updateAndGet(143)) - c124d131-afb9-4343-ad4e-aaebde613043: start FollowerState
2019-10-18 13:01:37,417 [018b3f78-d19f-4e26-a796-cb8ddc4f97cf@group-187684C21557-LeaderElection143] INFO  impl.RoleInfo (RoleInfo.java:updateAndGet(143)) - 018b3f78-d19f-4e26-a796-cb8ddc4f97cf: start FollowerState
2019-10-18 13:01:37,545 [Thread-1389] INFO  impl.FollowerState (FollowerState.java:run(108)) - 018b3f78-d19f-4e26-a796-cb8ddc4f97cf@group-187684C21557-FollowerState: change to CANDIDATE, lastRpcTime:128ms, electionTimeout:128ms
2019-10-18 13:01:37,545 [Thread-1389] INFO  impl.RoleInfo (RoleInfo.java:shutdownFollowerState(121)) - 018b3f78-d19f-4e26-a796-cb8ddc4f97cf: shutdown FollowerState
2019-10-18 13:01:37,546 [Thread-1389] INFO  impl.RaftServerImpl (RaftServerImpl.java:setRole(184)) - 018b3f78-d19f-4e26-a796-cb8ddc4f97cf@group-187684C21557: changes role from  FOLLOWER to CANDIDATE at term 71 for changeToCandidate
2019-10-18 13:01:37,546 [Thread-1389] INFO  impl.RoleInfo (RoleInfo.java:updateAndGet(143)) - 018b3f78-d19f-4e26-a796-cb8ddc4f97cf: start LeaderElection
2019-10-18 13:01:37,568 [Thread-1388] INFO  impl.FollowerState (FollowerState.java:run(108)) - c124d131-afb9-4343-ad4e-aaebde613043@group-FF4202234884-FollowerState: change to CANDIDATE, lastRpcTime:151ms, electionTimeout:151ms
2019-10-18 13:01:37,568 [Thread-1388] INFO  impl.RoleInfo (RoleInfo.java:shutdownFollowerState(121)) - c124d131-afb9-4343-ad4e-aaebde613043: shutdown FollowerState
2019-10-18 13:01:37,568 [Thread-1388] INFO  impl.RaftServerImpl (RaftServerImpl.java:setRole(184)) - c124d131-afb9-4343-ad4e-aaebde613043@group-FF4202234884: changes role from  FOLLOWER to CANDIDATE at term 71 for changeToCandidate
2019-10-18 13:01:37,569 [Thread-1388] INFO  impl.RoleInfo (RoleInfo.java:updateAndGet(143)) - c124d131-afb9-4343-ad4e-aaebde613043: start LeaderElection
2019-10-18 13:01:37,570 [018b3f78-d19f-4e26-a796-cb8ddc4f97cf@group-187684C21557-LeaderElection144] INFO  impl.LeaderElection (LeaderElection.java:askForVotes(178)) - 018b3f78-d19f-4e26-a796-cb8ddc4f97cf@group-187684C21557-LeaderElection144: begin an election at term 72 for -1: [893cf03e-f2cf-478a-892a-a746717e50e3:192.168.34.56:40750, 8697df36-98d2-41b1-bdc7-60597b3b5526:192.168.34.56:46415, 018b3f78-d19f-4e26-a796-cb8ddc4f97cf:192.168.34.56:35845], old=null
2019-10-18 13:01:37,572 [grpc-default-executor-0] INFO  impl.RaftServerImpl (RaftServerImpl.java:setRole(184)) - 893cf03e-f2cf-478a-892a-a746717e50e3@group-187684C21557: changes role from  FOLLOWER to FOLLOWER at term 72 for recognizeCandidate:018b3f78-d19f-4e26-a796-cb8ddc4f97cf
2019-10-18 13:01:37,572 [grpc-default-executor-0] INFO  impl.RoleInfo (RoleInfo.java:shutdownFollowerState(121)) - 893cf03e-f2cf-478a-892a-a746717e50e3: shutdown FollowerState
2019-10-18 13:01:37,572 [grpc-default-executor-2] INFO  impl.RaftServerImpl (RaftServerImpl.java:setRole(184)) - 8697df36-98d2-41b1-bdc7-60597b3b5526@group-187684C21557: changes role from  FOLLOWER to FOLLOWER at term 72 for recognizeCandidate:018b3f78-d19f-4e26-a796-cb8ddc4f97cf
2019-10-18 13:01:37,573 [Thread-1384] INFO  impl.FollowerState (FollowerState.java:run(117)) - 893cf03e-f2cf-478a-892a-a746717e50e3@group-187684C21557-FollowerState was interrupted: java.lang.InterruptedException: sleep interrupted
2019-10-18 13:01:37,573 [grpc-default-executor-0] INFO  impl.RoleInfo (RoleInfo.java:updateAndGet(143)) - 893cf03e-f2cf-478a-892a-a746717e50e3: start FollowerState
2019-10-18 13:01:37,573 [grpc-default-executor-2] INFO  impl.RoleInfo (RoleInfo.java:shutdownFollowerState(121)) - 8697df36-98d2-41b1-bdc7-60597b3b5526: shutdown FollowerState
2019-10-18 13:01:37,573 [grpc-default-executor-2] INFO  impl.RoleInfo (RoleInfo.java:updateAndGet(143)) - 8697df36-98d2-41b1-bdc7-60597b3b5526: start FollowerState
2019-10-18 13:01:37,573 [Thread-1385] INFO  impl.FollowerState (FollowerState.java:run(117)) - 8697df36-98d2-41b1-bdc7-60597b3b5526@group-187684C21557-FollowerState was interrupted: java.lang.InterruptedException: sleep interrupted
2019-10-18 13:01:37,593 [c124d131-afb9-4343-ad4e-aaebde613043@group-FF4202234884-LeaderElection145] INFO  impl.LeaderElection (LeaderElection.java:askForVotes(178)) - c124d131-afb9-4343-ad4e-aaebde613043@group-FF4202234884-LeaderElection145: begin an election at term 72 for -1: [999343e7-0330-4874-a345-91eca72585e0:192.168.34.56:44872, c124d131-afb9-4343-ad4e-aaebde613043:192.168.34.56:42116, e5bb327f-cdd7-4e49-919e-13a4c895fddf:192.168.34.56:36658], old=null
2019-10-18 13:01:37,594 [018b3f78-d19f-4e26-a796-cb8ddc4f97cf@group-187684C21557-LeaderElection144] INFO  impl.LeaderElection (LeaderElection.java:logAndReturn(56)) - 018b3f78-d19f-4e26-a796-cb8ddc4f97cf@group-187684C21557-LeaderElection144: Election REJECTED; received 2 response(s) [018b3f78-d19f-4e26-a796-cb8ddc4f97cf<-893cf03e-f2cf-478a-892a-a746717e50e3#0:FAIL-t72, 018b3f78-d19f-4e26-a796-cb8ddc4f97cf<-8697df36-98d2-41b1-bdc7-60597b3b5526#0:FAIL-t72] and 0 exception(s); 018b3f78-d19f-4e26-a796-cb8ddc4f97cf@group-187684C21557:t72, leader=null, voted=018b3f78-d19f-4e26-a796-cb8ddc4f97cf, raftlog=018b3f78-d19f-4e26-a796-cb8ddc4f97cf@group-187684C21557-SegmentedRaftLog:OPENED:c-1,f-1,i0, conf=-1: [893cf03e-f2cf-478a-892a-a746717e50e3:192.168.34.56:40750, 8697df36-98d2-41b1-bdc7-60597b3b5526:192.168.34.56:46415, 018b3f78-d19f-4e26-a796-cb8ddc4f97cf:192.168.34.56:35845], old=null
2019-10-18 13:01:37,594 [018b3f78-d19f-4e26-a796-cb8ddc4f97cf@group-187684C21557-LeaderElection144] INFO  impl.RaftServerImpl (RaftServerImpl.java:setRole(184)) - 018b3f78-d19f-4e26-a796-cb8ddc4f97cf@group-187684C21557: changes role from CANDIDATE to FOLLOWER at term 72 for DISCOVERED_A_NEW_TERM
2019-10-18 13:01:37,594 [018b3f78-d19f-4e26-a796-cb8ddc4f97cf@group-187684C21557-LeaderElection144] INFO  impl.RoleInfo (RoleInfo.java:shutdownLeaderElection(134)) - 018b3f78-d19f-4e26-a796-cb8ddc4f97cf: shutdown LeaderElection
2019-10-18 13:01:37,594 [018b3f78-d19f-4e26-a796-cb8ddc4f97cf@group-187684C21557-LeaderElection144] INFO  impl.RoleInfo (RoleInfo.java:updateAndGet(143)) - 018b3f78-d19f-4e26-a796-cb8ddc4f97cf: start FollowerState
2019-10-18 13:01:37,594 [grpc-default-executor-0] INFO  impl.RaftServerImpl (RaftServerImpl.java:setRole(184)) - 999343e7-0330-4874-a345-91eca72585e0@group-FF4202234884: changes role from  FOLLOWER to FOLLOWER at term 72 for recognizeCandidate:c124d131-afb9-4343-ad4e-aaebde613043
2019-10-18 13:01:37,595 [grpc-default-executor-2] INFO  impl.RaftServerImpl (RaftServerImpl.java:setRole(184)) - e5bb327f-cdd7-4e49-919e-13a4c895fddf@group-FF4202234884: changes role from  FOLLOWER to FOLLOWER at term 72 for recognizeCandidate:c124d131-afb9-4343-ad4e-aaebde613043
2019-10-18 13:01:37,595 [grpc-default-executor-0] INFO  impl.RoleInfo (RoleInfo.java:shutdownFollowerState(121)) - 999343e7-0330-4874-a345-91eca72585e0: shutdown FollowerState
2019-10-18 13:01:37,595 [grpc-default-executor-2] INFO  impl.RoleInfo (RoleInfo.java:shutdownFollowerState(121)) - e5bb327f-cdd7-4e49-919e-13a4c895fddf: shutdown FollowerState
2019-10-18 13:01:37,595 [Thread-1387] INFO  impl.FollowerState (FollowerState.java:run(117)) - 999343e7-0330-4874-a345-91eca72585e0@group-FF4202234884-FollowerState was interrupted: java.lang.InterruptedException: sleep interrupted
2019-10-18 13:01:37,595 [grpc-default-executor-0] INFO  impl.RoleInfo (RoleInfo.java:updateAndGet(143)) - 999343e7-0330-4874-a345-91eca72585e0: start FollowerState
2019-10-18 13:01:37,595 [Thread-1386] INFO  impl.FollowerState (FollowerState.java:run(117)) - e5bb327f-cdd7-4e49-919e-13a4c895fddf@group-FF4202234884-FollowerState was interrupted: java.lang.InterruptedException: sleep interrupted
2019-10-18 13:01:37,595 [grpc-default-executor-2] INFO  impl.RoleInfo (RoleInfo.java:updateAndGet(143)) - e5bb327f-cdd7-4e49-919e-13a4c895fddf: start FollowerState
2019-10-18 13:01:37,620 [c124d131-afb9-4343-ad4e-aaebde613043@group-FF4202234884-LeaderElection145] INFO  impl.LeaderElection (LeaderElection.java:logAndReturn(56)) - c124d131-afb9-4343-ad4e-aaebde613043@group-FF4202234884-LeaderElection145: Election REJECTED; received 2 response(s) [c124d131-afb9-4343-ad4e-aaebde613043<-999343e7-0330-4874-a345-91eca72585e0#0:FAIL-t72, c124d131-afb9-4343-ad4e-aaebde613043<-e5bb327f-cdd7-4e49-919e-13a4c895fddf#0:FAIL-t72] and 0 exception(s); c124d131-afb9-4343-ad4e-aaebde613043@group-FF4202234884:t72, leader=null, voted=c124d131-afb9-4343-ad4e-aaebde613043, raftlog=c124d131-afb9-4343-ad4e-aaebde613043@group-FF4202234884-SegmentedRaftLog:OPENED:c-1,f-1,i0, conf=-1: [999343e7-0330-4874-a345-91eca72585e0:192.168.34.56:44872, c124d131-afb9-4343-ad4e-aaebde613043:192.168.34.56:42116, e5bb327f-cdd7-4e49-919e-13a4c895fddf:192.168.34.56:36658], old=null
2019-10-18 13:01:37,620 [c124d131-afb9-4343-ad4e-aaebde613043@group-FF4202234884-LeaderElection145] INFO  impl.RaftServerImpl (RaftServerImpl.java:setRole(184)) - c124d131-afb9-4343-ad4e-aaebde613043@group-FF4202234884: changes role from CANDIDATE to FOLLOWER at term 72 for DISCOVERED_A_NEW_TERM
2019-10-18 13:01:37,620 [c124d131-afb9-4343-ad4e-aaebde613043@group-FF4202234884-LeaderElection145] INFO  impl.RoleInfo (RoleInfo.java:shutdownLeaderElection(134)) - c124d131-afb9-4343-ad4e-aaebde613043: shutdown LeaderElection
2019-10-18 13:01:37,620 [c124d131-afb9-4343-ad4e-aaebde613043@group-FF4202234884-LeaderElection145] INFO  impl.RoleInfo (RoleInfo.java:updateAndGet(143)) - c124d131-afb9-4343-ad4e-aaebde613043: start FollowerState
2019-10-18 13:01:37,628 [Thread-1401] INFO  impl.FollowerState (FollowerState.java:run(108)) - c124d131-afb9-4343-ad4e-aaebde613043@group-FF4202234884-FollowerState: change to CANDIDATE, lastRpcTime:7ms, electionTimeout:7ms
2019-10-18 13:01:37,628 [Thread-1401] INFO  impl.RoleInfo (RoleInfo.java:shutdownFollowerState(121)) - c124d131-afb9-4343-ad4e-aaebde613043: shutdown FollowerState
2019-10-18 13:01:37,628 [Thread-1401] INFO  impl.RaftServerImpl (RaftServerImpl.java:setRole(184)) - c124d131-afb9-4343-ad4e-aaebde613043@group-FF4202234884: changes role from  FOLLOWER to CANDIDATE at term 72 for changeToCandidate
2019-10-18 13:01:37,628 [Thread-1401] INFO  impl.RoleInfo (RoleInfo.java:updateAndGet(143)) - c124d131-afb9-4343-ad4e-aaebde613043: start LeaderElection
2019-10-18 13:01:37,650 [c124d131-afb9-4343-ad4e-aaebde613043@group-FF4202234884-LeaderElection146] INFO  impl.LeaderElection (LeaderElection.java:askForVotes(178)) - c124d131-afb9-4343-ad4e-aaebde613043@group-FF4202234884-LeaderElection146: begin an election at term 73 for -1: [999343e7-0330-4874-a345-91eca72585e0:192.168.34.56:44872, c124d131-afb9-4343-ad4e-aaebde613043:192.168.34.56:42116, e5bb327f-cdd7-4e49-919e-13a4c895fddf:192.168.34.56:36658], old=null
2019-10-18 13:01:37,653 [grpc-default-executor-0] INFO  impl.RaftServerImpl (RaftServerImpl.java:setRole(184)) - e5bb327f-cdd7-4e49-919e-13a4c895fddf@group-FF4202234884: changes role from  FOLLOWER to FOLLOWER at term 73 for recognizeCandidate:c124d131-afb9-4343-ad4e-aaebde613043
2019-10-18 13:01:37,653 [grpc-default-executor-0] INFO  impl.RoleInfo (RoleInfo.java:shutdownFollowerState(121)) - e5bb327f-cdd7-4e49-919e-13a4c895fddf: shutdown FollowerState
2019-10-18 13:01:37,653 [grpc-default-executor-2] INFO  impl.RaftServerImpl (RaftServerImpl.java:setRole(184)) - 999343e7-0330-4874-a345-91eca72585e0@group-FF4202234884: changes role from  FOLLOWER to FOLLOWER at term 73 for recognizeCandidate:c124d131-afb9-4343-ad4e-aaebde613043
2019-10-18 13:01:37,653 [Thread-1400] INFO  impl.FollowerState (FollowerState.java:run(117)) - e5bb327f-cdd7-4e49-919e-13a4c895fddf@group-FF4202234884-FollowerState was interrupted: java.lang.InterruptedException: sleep interrupted
2019-10-18 13:01:37,653 [grpc-default-executor-0] INFO  impl.RoleInfo (RoleInfo.java:updateAndGet(143)) - e5bb327f-cdd7-4e49-919e-13a4c895fddf: start FollowerState
2019-10-18 13:01:37,653 [grpc-default-executor-2] INFO  impl.RoleInfo (RoleInfo.java:shutdownFollowerState(121)) - 999343e7-0330-4874-a345-91eca72585e0: shutdown FollowerState
2019-10-18 13:01:37,654 [grpc-default-executor-2] INFO  impl.RoleInfo (RoleInfo.java:updateAndGet(143)) - 999343e7-0330-4874-a345-91eca72585e0: start FollowerState
2019-10-18 13:01:37,654 [Thread-1399] INFO  impl.FollowerState (FollowerState.java:run(117)) - 999343e7-0330-4874-a345-91eca72585e0@group-FF4202234884-FollowerState was interrupted: java.lang.InterruptedException: sleep interrupted
2019-10-18 13:01:37,665 [c124d131-afb9-4343-ad4e-aaebde613043@group-FF4202234884-LeaderElection146] INFO  impl.LeaderElection (LeaderElection.java:logAndReturn(56)) - c124d131-afb9-4343-ad4e-aaebde613043@group-FF4202234884-LeaderElection146: Election TIMEOUT; received 0 response(s) [] and 0 exception(s); c124d131-afb9-4343-ad4e-aaebde613043@group-FF4202234884:t73, leader=null, voted=c124d131-afb9-4343-ad4e-aaebde613043, raftlog=c124d131-afb9-4343-ad4e-aaebde613043@group-FF4202234884-SegmentedRaftLog:OPENED:c-1,f-1,i0, conf=-1: [999343e7-0330-4874-a345-91eca72585e0:192.168.34.56:44872, c124d131-afb9-4343-ad4e-aaebde613043:192.168.34.56:42116, e5bb327f-cdd7-4e49-919e-13a4c895fddf:192.168.34.56:36658], old=null
2019-10-18 13:01:37,683 [c124d131-afb9-4343-ad4e-aaebde613043@group-FF4202234884-LeaderElection146] INFO  impl.LeaderElection (LeaderElection.java:askForVotes(178)) - c124d131-afb9-4343-ad4e-aaebde613043@group-FF4202234884-LeaderElection146: begin an election at term 74 for -1: [999343e7-0330-4874-a345-91eca72585e0:192.168.34.56:44872, c124d131-afb9-4343-ad4e-aaebde613043:192.168.34.56:42116, e5bb327f-cdd7-4e49-919e-13a4c895fddf:192.168.34.56:36658], old=null
2019-10-18 13:01:37,686 [grpc-default-executor-0] INFO  impl.RaftServerImpl (RaftServerImpl.java:setRole(184)) - 999343e7-0330-4874-a345-91eca72585e0@group-FF4202234884: changes role from  FOLLOWER to FOLLOWER at term 74 for recognizeCandidate:c124d131-afb9-4343-ad4e-aaebde613043
2019-10-18 13:01:37,686 [grpc-default-executor-2] INFO  impl.RaftServerImpl (RaftServerImpl.java:setRole(184)) - e5bb327f-cdd7-4e49-919e-13a4c895fddf@group-FF4202234884: changes role from  FOLLOWER to FOLLOWER at term 74 for recognizeCandidate:c124d131-afb9-4343-ad4e-aaebde613043
2019-10-18 13:01:37,686 [grpc-default-executor-0] INFO  impl.RoleInfo (RoleInfo.java:shutdownFollowerState(121)) - 999343e7-0330-4874-a345-91eca72585e0: shutdown FollowerState
2019-10-18 13:01:37,686 [grpc-default-executor-2] INFO  impl.RoleInfo (RoleInfo.java:shutdownFollowerState(121)) - e5bb327f-cdd7-4e49-919e-13a4c895fddf: shutdown FollowerState
2019-10-18 13:01:37,686 [Thread-1406] INFO  impl.FollowerState (FollowerState.java:run(117)) - 999343e7-0330-4874-a345-91eca72585e0@group-FF4202234884-FollowerState was interrupted: java.lang.InterruptedException: sleep interrupted
2019-10-18 13:01:37,686 [grpc-default-executor-0] INFO  impl.RoleInfo (RoleInfo.java:updateAndGet(143)) - 999343e7-0330-4874-a345-91eca72585e0: start FollowerState
2019-10-18 13:01:37,687 [Thread-1405] INFO  impl.FollowerState (FollowerState.java:run(117)) - e5bb327f-cdd7-4e49-919e-13a4c895fddf@group-FF4202234884-FollowerState was interrupted: java.lang.InterruptedException: sleep interrupted
2019-10-18 13:01:37,687 [grpc-default-executor-2] INFO  impl.RoleInfo (RoleInfo.java:updateAndGet(143)) - e5bb327f-cdd7-4e49-919e-13a4c895fddf: start FollowerState
2019-10-18 13:01:37,702 [Thread-1398] INFO  impl.FollowerState (FollowerState.java:run(108)) - 018b3f78-d19f-4e26-a796-cb8ddc4f97cf@group-187684C21557-FollowerState: change to CANDIDATE, lastRpcTime:107ms, electionTimeout:107ms
2019-10-18 13:01:37,702 [Thread-1398] INFO  impl.RoleInfo (RoleInfo.java:shutdownFollowerState(121)) - 018b3f78-d19f-4e26-a796-cb8ddc4f97cf: shutdown FollowerState
2019-10-18 13:01:37,702 [Thread-1398] INFO  impl.RaftServerImpl (RaftServerImpl.java:setRole(184)) - 018b3f78-d19f-4e26-a796-cb8ddc4f97cf@group-187684C21557: changes role from  FOLLOWER to CANDIDATE at term 72 for changeToCandidate
2019-10-18 13:01:37,702 [Thread-1398] INFO  impl.RoleInfo (RoleInfo.java:updateAndGet(143)) - 018b3f78-d19f-4e26-a796-cb8ddc4f97cf: start LeaderElection
2019-10-18 13:01:37,705 [c124d131-afb9-4343-ad4e-aaebde613043@group-FF4202234884-LeaderElection146] INFO  impl.LeaderElection (LeaderElection.java:logAndReturn(56)) - c124d131-afb9-4343-ad4e-aaebde613043@group-FF4202234884-LeaderElection146: Election REJECTED; received 2 response(s) [c124d131-afb9-4343-ad4e-aaebde613043<-999343e7-0330-4874-a345-91eca72585e0#0:FAIL-t74, c124d131-afb9-4343-ad4e-aaebde613043<-e5bb327f-cdd7-4e49-919e-13a4c895fddf#0:FAIL-t74] and 0 exception(s); c124d131-afb9-4343-ad4e-aaebde613043@group-FF4202234884:t74, leader=null, voted=c124d131-afb9-4343-ad4e-aaebde613043, raftlog=c124d131-afb9-4343-ad4e-aaebde613043@group-FF4202234884-SegmentedRaftLog:OPENED:c-1,f-1,i0, conf=-1: [999343e7-0330-4874-a345-91eca72585e0:192.168.34.56:44872, c124d131-afb9-4343-ad4e-aaebde613043:192.168.34.56:42116, e5bb327f-cdd7-4e49-919e-13a4c895fddf:192.168.34.56:36658], old=null
2019-10-18 13:01:37,705 [c124d131-afb9-4343-ad4e-aaebde613043@group-FF4202234884-LeaderElection146] INFO  impl.RaftServerImpl (RaftServerImpl.java:setRole(184)) - c124d131-afb9-4343-ad4e-aaebde613043@group-FF4202234884: changes role from CANDIDATE to FOLLOWER at term 74 for DISCOVERED_A_NEW_TERM
2019-10-18 13:01:37,705 [c124d131-afb9-4343-ad4e-aaebde613043@group-FF4202234884-LeaderElection146] INFO  impl.RoleInfo (RoleInfo.java:shutdownLeaderElection(134)) - c124d131-afb9-4343-ad4e-aaebde613043: shutdown LeaderElection
2019-10-18 13:01:37,706 [c124d131-afb9-4343-ad4e-aaebde613043@group-FF4202234884-LeaderElection146] INFO  impl.RoleInfo (RoleInfo.java:updateAndGet(143)) - c124d131-afb9-4343-ad4e-aaebde613043: start FollowerState
2019-10-18 13:01:37,727 [018b3f78-d19f-4e26-a796-cb8ddc4f97cf@group-187684C21557-LeaderElection147] INFO  impl.LeaderElection (LeaderElection.java:askForVotes(178)) - 018b3f78-d19f-4e26-a796-cb8ddc4f97cf@group-187684C21557-LeaderElection147: begin an election at term 73 for -1: [893cf03e-f2cf-478a-892a-a746717e50e3:192.168.34.56:40750, 8697df36-98d2-41b1-bdc7-60597b3b5526:192.168.34.56:46415, 018b3f78-d19f-4e26-a796-cb8ddc4f97cf:192.168.34.56:35845], old=null
2019-10-18 13:01:37,732 [grpc-default-executor-2] INFO  impl.RaftServerImpl (RaftServerImpl.java:setRole(184)) - 8697df36-98d2-41b1-bdc7-60597b3b5526@group-187684C21557: changes role from  FOLLOWER to FOLLOWER at term 73 for recognizeCandidate:018b3f78-d19f-4e26-a796-cb8ddc4f97cf
2019-10-18 13:01:37,733 [grpc-default-executor-0] INFO  impl.RaftServerImpl (RaftServerImpl.java:setRole(184)) - 893cf03e-f2cf-478a-892a-a746717e50e3@group-187684C21557: changes role from  FOLLOWER to FOLLOWER at term 73 for recognizeCandidate:018b3f78-d19f-4e26-a796-cb8ddc4f97cf
2019-10-18 13:01:37,733 [grpc-default-executor-2] INFO  impl.RoleInfo (RoleInfo.java:shutdownFollowerState(121)) - 8697df36-98d2-41b1-bdc7-60597b3b5526: shutdown FollowerState
2019-10-18 13:01:37,733 [grpc-default-executor-0] INFO  impl.RoleInfo (RoleInfo.java:shutdownFollowerState(121)) - 893cf03e-f2cf-478a-892a-a746717e50e3: shutdown FollowerState
2019-10-18 13:01:37,733 [Thread-1395] INFO  impl.FollowerState (FollowerState.java:run(117)) - 8697df36-98d2-41b1-bdc7-60597b3b5526@group-187684C21557-FollowerState was interrupted: java.lang.InterruptedException: sleep interrupted
2019-10-18 13:01:37,733 [grpc-default-executor-2] INFO  impl.RoleInfo (RoleInfo.java:updateAndGet(143)) - 8697df36-98d2-41b1-bdc7-60597b3b5526: start FollowerState
2019-10-18 13:01:37,733 [Thread-1394] INFO  impl.FollowerState (FollowerState.java:run(117)) - 893cf03e-f2cf-478a-892a-a746717e50e3@group-187684C21557-FollowerState was interrupted: java.lang.InterruptedException: sleep interrupted
2019-10-18 13:01:37,733 [grpc-default-executor-0] INFO  impl.RoleInfo (RoleInfo.java:updateAndGet(143)) - 893cf03e-f2cf-478a-892a-a746717e50e3: start FollowerState
2019-10-18 13:01:37,758 [018b3f78-d19f-4e26-a796-cb8ddc4f97cf@group-187684C21557-LeaderElection147] INFO  impl.LeaderElection (LeaderElection.java:logAndReturn(56)) - 018b3f78-d19f-4e26-a796-cb8ddc4f97cf@group-187684C21557-LeaderElection147: Election REJECTED; received 2 response(s) [018b3f78-d19f-4e26-a796-cb8ddc4f97cf<-893cf03e-f2cf-478a-892a-a746717e50e3#0:FAIL-t73, 018b3f78-d19f-4e26-a796-cb8ddc4f97cf<-8697df36-98d2-41b1-bdc7-60597b3b5526#0:FAIL-t73] and 0 exception(s); 018b3f78-d19f-4e26-a796-cb8ddc4f97cf@group-187684C21557:t73, leader=null, voted=018b3f78-d19f-4e26-a796-cb8ddc4f97cf, raftlog=018b3f78-d19f-4e26-a796-cb8ddc4f97cf@group-187684C21557-SegmentedRaftLog:OPENED:c-1,f-1,i0, conf=-1: [893cf03e-f2cf-478a-892a-a746717e50e3:192.168.34.56:40750, 8697df36-98d2-41b1-bdc7-60597b3b5526:192.168.34.56:46415, 018b3f78-d19f-4e26-a796-cb8ddc4f97cf:192.168.34.56:35845], old=null
2019-10-18 13:01:37,758 [018b3f78-d19f-4e26-a796-cb8ddc4f97cf@group-187684C21557-LeaderElection147] INFO  impl.RaftServerImpl (RaftServerImpl.java:setRole(184)) - 018b3f78-d19f-4e26-a796-cb8ddc4f97cf@group-187684C21557: changes role from CANDIDATE to FOLLOWER at term 73 for DISCOVERED_A_NEW_TERM
2019-10-18 13:01:37,758 [018b3f78-d19f-4e26-a796-cb8ddc4f97cf@group-187684C21557-LeaderElection147] INFO  impl.RoleInfo (RoleInfo.java:shutdownLeaderElection(134)) - 018b3f78-d19f-4e26-a796-cb8ddc4f97cf: shutdown LeaderElection
2019-10-18 13:01:37,758 [018b3f78-d19f-4e26-a796-cb8ddc4f97cf@group-187684C21557-LeaderElection147] INFO  impl.RoleInfo (RoleInfo.java:updateAndGet(143)) - 018b3f78-d19f-4e26-a796-cb8ddc4f97cf: start FollowerState
2019-10-18 13:01:37,837 [Thread-1419] INFO  impl.FollowerState (FollowerState.java:run(108)) - 018b3f78-d19f-4e26-a796-cb8ddc4f97cf@group-187684C21557-FollowerState: change to CANDIDATE, lastRpcTime:78ms, electionTimeout:78ms
2019-10-18 13:01:37,837 [Thread-1419] INFO  impl.RoleInfo (RoleInfo.java:shutdownFollowerState(121)) - 018b3f78-d19f-4e26-a796-cb8ddc4f97cf: shutdown FollowerState
2019-10-18 13:01:37,837 [Thread-1419] INFO  impl.RaftServerImpl (RaftServerImpl.java:setRole(184)) - 018b3f78-d19f-4e26-a796-cb8ddc4f97cf@group-187684C21557: changes role from  FOLLOWER to CANDIDATE at term 73 for changeToCandidate
2019-10-18 13:01:37,837 [Thread-1419] INFO  impl.RoleInfo (RoleInfo.java:updateAndGet(143)) - 018b3f78-d19f-4e26-a796-cb8ddc4f97cf: start LeaderElection
2019-10-18 13:01:37,872 [018b3f78-d19f-4e26-a796-cb8ddc4f97cf@group-187684C21557-LeaderElection148] INFO  impl.LeaderElection (LeaderElection.java:askForVotes(178)) - 018b3f78-d19f-4e26-a796-cb8ddc4f97cf@group-187684C21557-LeaderElection148: begin an election at term 74 for -1: [893cf03e-f2cf-478a-892a-a746717e50e3:192.168.34.56:40750, 8697df36-98d2-41b1-bdc7-60597b3b5526:192.168.34.56:46415, 018b3f78-d19f-4e26-a796-cb8ddc4f97cf:192.168.34.56:35845], old=null
2019-10-18 13:01:37,874 [grpc-default-executor-0] INFO  impl.RaftServerImpl (RaftServerImpl.java:setRole(184)) - 893cf03e-f2cf-478a-892a-a746717e50e3@group-187684C21557: changes role from  FOLLOWER to FOLLOWER at term 74 for recognizeCandidate:018b3f78-d19f-4e26-a796-cb8ddc4f97cf
2019-10-18 13:01:37,874 [grpc-default-executor-0] INFO  impl.RoleInfo (RoleInfo.java:shutdownFollowerState(121)) - 893cf03e-f2cf-478a-892a-a746717e50e3: shutdown FollowerState
2019-10-18 13:01:37,874 [grpc-default-executor-0] INFO  impl.RoleInfo (RoleInfo.java:updateAndGet(143)) - 893cf03e-f2cf-478a-892a-a746717e50e3: start FollowerState
2019-10-18 13:01:37,874 [Thread-1418] INFO  impl.FollowerState (FollowerState.java:run(117)) - 893cf03e-f2cf-478a-892a-a746717e50e3@group-187684C21557-FollowerState was interrupted: java.lang.InterruptedException: sleep interrupted
2019-10-18 13:01:37,875 [grpc-default-executor-2] INFO  impl.RaftServerImpl (RaftServerImpl.java:setRole(184)) - 8697df36-98d2-41b1-bdc7-60597b3b5526@group-187684C21557: changes role from  FOLLOWER to FOLLOWER at term 74 for recognizeCandidate:018b3f78-d19f-4e26-a796-cb8ddc4f97cf
2019-10-18 13:01:37,875 [grpc-default-executor-2] INFO  impl.RoleInfo (RoleInfo.java:shutdownFollowerState(121)) - 8697df36-98d2-41b1-bdc7-60597b3b5526: shutdown FollowerState
2019-10-18 13:01:37,875 [grpc-default-executor-2] INFO  impl.RoleInfo (RoleInfo.java:updateAndGet(143)) - 8697df36-98d2-41b1-bdc7-60597b3b5526: start FollowerState
2019-10-18 13:01:37,875 [Thread-1417] INFO  impl.FollowerState (FollowerState.java:run(117)) - 8697df36-98d2-41b1-bdc7-60597b3b5526@group-187684C21557-FollowerState was interrupted: java.lang.InterruptedException: sleep interrupted
2019-10-18 13:01:37,899 [018b3f78-d19f-4e26-a796-cb8ddc4f97cf@group-187684C21557-LeaderElection148] INFO  impl.LeaderElection (LeaderElection.java:logAndReturn(56)) - 018b3f78-d19f-4e26-a796-cb8ddc4f97cf@group-187684C21557-LeaderElection148: Election REJECTED; received 2 response(s) [018b3f78-d19f-4e26-a796-cb8ddc4f97cf<-893cf03e-f2cf-478a-892a-a746717e50e3#0:FAIL-t74, 018b3f78-d19f-4e26-a796-cb8ddc4f97cf<-8697df36-98d2-41b1-bdc7-60597b3b5526#0:FAIL-t74] and 0 exception(s); 018b3f78-d19f-4e26-a796-cb8ddc4f97cf@group-187684C21557:t74, leader=null, voted=018b3f78-d19f-4e26-a796-cb8ddc4f97cf, raftlog=018b3f78-d19f-4e26-a796-cb8ddc4f97cf@group-187684C21557-SegmentedRaftLog:OPENED:c-1,f-1,i0, conf=-1: [893cf03e-f2cf-478a-892a-a746717e50e3:192.168.34.56:40750, 8697df36-98d2-41b1-bdc7-60597b3b5526:192.168.34.56:46415, 018b3f78-d19f-4e26-a796-cb8ddc4f97cf:192.168.34.56:35845], old=null
2019-10-18 13:01:37,899 [018b3f78-d19f-4e26-a796-cb8ddc4f97cf@group-187684C21557-LeaderElection148] INFO  impl.RaftServerImpl (RaftServerImpl.java:setRole(184)) - 018b3f78-d19f-4e26-a796-cb8ddc4f97cf@group-187684C21557: changes role from CANDIDATE to FOLLOWER at term 74 for DISCOVERED_A_NEW_TERM
2019-10-18 13:01:37,899 [018b3f78-d19f-4e26-a796-cb8ddc4f97cf@group-187684C21557-LeaderElection148] INFO  impl.RoleInfo (RoleInfo.java:shutdownLeaderElection(134)) - 018b3f78-d19f-4e26-a796-cb8ddc4f97cf: shutdown LeaderElection
2019-10-18 13:01:37,899 [018b3f78-d19f-4e26-a796-cb8ddc4f97cf@group-187684C21557-LeaderElection148] INFO  impl.RoleInfo (RoleInfo.java:updateAndGet(143)) - 018b3f78-d19f-4e26-a796-cb8ddc4f97cf: start FollowerState
2019-10-18 13:01:37,904 [Thread-1427] INFO  impl.FollowerState (FollowerState.java:run(108)) - 018b3f78-d19f-4e26-a796-cb8ddc4f97cf@group-187684C21557-FollowerState: change to CANDIDATE, lastRpcTime:4ms, electionTimeout:4ms
2019-10-18 13:01:37,904 [Thread-1427] INFO  impl.RoleInfo (RoleInfo.java:shutdownFollowerState(121)) - 018b3f78-d19f-4e26-a796-cb8ddc4f97cf: shutdown FollowerState
2019-10-18 13:01:37,904 [Thread-1412] INFO  impl.FollowerState (FollowerState.java:run(108)) - c124d131-afb9-4343-ad4e-aaebde613043@group-FF4202234884-FollowerState: change to CANDIDATE, lastRpcTime:198ms, electionTimeout:198ms
2019-10-18 13:01:37,904 [Thread-1427] INFO  impl.RaftServerImpl (RaftServerImpl.java:setRole(184)) - 018b3f78-d19f-4e26-a796-cb8ddc4f97cf@group-187684C21557: changes role from  FOLLOWER to CANDIDATE at term 74 for changeToCandidate
2019-10-18 13:01:37,904 [Thread-1412] INFO  impl.RoleInfo (RoleInfo.java:shutdownFollowerState(121)) - c124d131-afb9-4343-ad4e-aaebde613043: shutdown FollowerState
2019-10-18 13:01:37,904 [Thread-1427] INFO  impl.RoleInfo (RoleInfo.java:updateAndGet(143)) - 018b3f78-d19f-4e26-a796-cb8ddc4f97cf: start LeaderElection
2019-10-18 13:01:37,904 [Thread-1412] INFO  impl.RaftServerImpl (RaftServerImpl.java:setRole(184)) - c124d131-afb9-4343-ad4e-aaebde613043@group-FF4202234884: changes role from  FOLLOWER to CANDIDATE at term 74 for changeToCandidate
2019-10-18 13:01:37,904 [Thread-1412] INFO  impl.RoleInfo (RoleInfo.java:updateAndGet(143)) - c124d131-afb9-4343-ad4e-aaebde613043: start LeaderElection
2019-10-18 13:01:37,937 [c124d131-afb9-4343-ad4e-aaebde613043@group-FF4202234884-LeaderElection150] INFO  impl.LeaderElection (LeaderElection.java:askForVotes(178)) - c124d131-afb9-4343-ad4e-aaebde613043@group-FF4202234884-LeaderElection150: begin an election at term 75 for -1: [999343e7-0330-4874-a345-91eca72585e0:192.168.34.56:44872, c124d131-afb9-4343-ad4e-aaebde613043:192.168.34.56:42116, e5bb327f-cdd7-4e49-919e-13a4c895fddf:192.168.34.56:36658], old=null
2019-10-18 13:01:37,937 [018b3f78-d19f-4e26-a796-cb8ddc4f97cf@group-187684C21557-LeaderElection149] INFO  impl.LeaderElection (LeaderElection.java:askForVotes(178)) - 018b3f78-d19f-4e26-a796-cb8ddc4f97cf@group-187684C21557-LeaderElection149: begin an election at term 75 for -1: [893cf03e-f2cf-478a-892a-a746717e50e3:192.168.34.56:40750, 8697df36-98d2-41b1-bdc7-60597b3b5526:192.168.34.56:46415, 018b3f78-d19f-4e26-a796-cb8ddc4f97cf:192.168.34.56:35845], old=null
2019-10-18 13:01:37,939 [grpc-default-executor-0] INFO  impl.RaftServerImpl (RaftServerImpl.java:setRole(184)) - e5bb327f-cdd7-4e49-919e-13a4c895fddf@group-FF4202234884: changes role from  FOLLOWER to FOLLOWER at term 75 for recognizeCandidate:c124d131-afb9-4343-ad4e-aaebde613043
2019-10-18 13:01:37,939 [grpc-default-executor-0] INFO  impl.RoleInfo (RoleInfo.java:shutdownFollowerState(121)) - e5bb327f-cdd7-4e49-919e-13a4c895fddf: shutdown FollowerState
2019-10-18 13:01:37,939 [grpc-default-executor-7] INFO  impl.RaftServerImpl (RaftServerImpl.java:setRole(184)) - 8697df36-98d2-41b1-bdc7-60597b3b5526@group-187684C21557: changes role from  FOLLOWER to FOLLOWER at term 75 for recognizeCandidate:018b3f78-d19f-4e26-a796-cb8ddc4f97cf
2019-10-18 13:01:37,940 [grpc-default-executor-7] INFO  impl.RoleInfo (RoleInfo.java:shutdownFollowerState(121)) - 8697df36-98d2-41b1-bdc7-60597b3b5526: shutdown FollowerState
2019-10-18 13:01:37,939 [grpc-default-executor-2] INFO  impl.RaftServerImpl (RaftServerImpl.java:setRole(184)) - 893cf03e-f2cf-478a-892a-a746717e50e3@group-187684C21557: changes role from  FOLLOWER to FOLLOWER at term 75 for recognizeCandidate:018b3f78-d19f-4e26-a796-cb8ddc4f97cf
2019-10-18 13:01:37,940 [Thread-1425] INFO  impl.FollowerState (FollowerState.java:run(117)) - 8697df36-98d2-41b1-bdc7-60597b3b5526@group-187684C21557-FollowerState was interrupted: java.lang.InterruptedException: sleep interrupted
2019-10-18 13:01:37,940 [grpc-default-executor-7] INFO  impl.RoleInfo (RoleInfo.java:updateAndGet(143)) - 8697df36-98d2-41b1-bdc7-60597b3b5526: start FollowerState
2019-10-18 13:01:37,939 [Thread-1410] INFO  impl.FollowerState (FollowerState.java:run(117)) - e5bb327f-cdd7-4e49-919e-13a4c895fddf@group-FF4202234884-FollowerState was interrupted: java.lang.InterruptedException: sleep interrupted
2019-10-18 13:01:37,939 [grpc-default-executor-5] INFO  impl.RaftServerImpl (RaftServerImpl.java:setRole(184)) - 999343e7-0330-4874-a345-91eca72585e0@group-FF4202234884: changes role from  FOLLOWER to FOLLOWER at term 75 for recognizeCandidate:c124d131-afb9-4343-ad4e-aaebde613043
2019-10-18 13:01:37,940 [grpc-default-executor-5] INFO  impl.RoleInfo (RoleInfo.java:shutdownFollowerState(121)) - 999343e7-0330-4874-a345-91eca72585e0: shutdown FollowerState
2019-10-18 13:01:37,939 [grpc-default-executor-0] INFO  impl.RoleInfo (RoleInfo.java:updateAndGet(143)) - e5bb327f-cdd7-4e49-919e-13a4c895fddf: start FollowerState
2019-10-18 13:01:37,940 [Thread-1409] INFO  impl.FollowerState (FollowerState.java:run(117)) - 999343e7-0330-4874-a345-91eca72585e0@group-FF4202234884-FollowerState was interrupted: java.lang.InterruptedException: sleep interrupted
2019-10-18 13:01:37,940 [grpc-default-executor-5] INFO  impl.RoleInfo (RoleInfo.java:updateAndGet(143)) - 999343e7-0330-4874-a345-91eca72585e0: start FollowerState
2019-10-18 13:01:37,940 [grpc-default-executor-2] INFO  impl.RoleInfo (RoleInfo.java:shutdownFollowerState(121)) - 893cf03e-f2cf-478a-892a-a746717e50e3: shutdown FollowerState
2019-10-18 13:01:37,941 [grpc-default-executor-2] INFO  impl.RoleInfo (RoleInfo.java:updateAndGet(143)) - 893cf03e-f2cf-478a-892a-a746717e50e3: start FollowerState
2019-10-18 13:01:37,941 [Thread-1424] INFO  impl.FollowerState (FollowerState.java:run(117)) - 893cf03e-f2cf-478a-892a-a746717e50e3@group-187684C21557-FollowerState was interrupted: java.lang.InterruptedException: sleep interrupted
2019-10-18 13:01:37,945 [c124d131-afb9-4343-ad4e-aaebde613043@group-FF4202234884-LeaderElection150] INFO  impl.LeaderElection (LeaderElection.java:logAndReturn(56)) - c124d131-afb9-4343-ad4e-aaebde613043@group-FF4202234884-LeaderElection150: Election TIMEOUT; received 0 response(s) [] and 0 exception(s); c124d131-afb9-4343-ad4e-aaebde613043@group-FF4202234884:t75, leader=null, voted=c124d131-afb9-4343-ad4e-aaebde613043, raftlog=c124d131-afb9-4343-ad4e-aaebde613043@group-FF4202234884-SegmentedRaftLog:OPENED:c-1,f-1,i0, conf=-1: [999343e7-0330-4874-a345-91eca72585e0:192.168.34.56:44872, c124d131-afb9-4343-ad4e-aaebde613043:192.168.34.56:42116, e5bb327f-cdd7-4e49-919e-13a4c895fddf:192.168.34.56:36658], old=null
2019-10-18 13:01:37,969 [018b3f78-d19f-4e26-a796-cb8ddc4f97cf@group-187684C21557-LeaderElection149] INFO  impl.LeaderElection (LeaderElection.java:logAndReturn(56)) - 018b3f78-d19f-4e26-a796-cb8ddc4f97cf@group-187684C21557-LeaderElection149: Election TIMEOUT; received 0 response(s) [] and 0 exception(s); 018b3f78-d19f-4e26-a796-cb8ddc4f97cf@group-187684C21557:t75, leader=null, voted=018b3f78-d19f-4e26-a796-cb8ddc4f97cf, raftlog=018b3f78-d19f-4e26-a796-cb8ddc4f97cf@group-187684C21557-SegmentedRaftLog:OPENED:c-1,f-1,i0, conf=-1: [893cf03e-f2cf-478a-892a-a746717e50e3:192.168.34.56:40750, 8697df36-98d2-41b1-bdc7-60597b3b5526:192.168.34.56:46415, 018b3f78-d19f-4e26-a796-cb8ddc4f97cf:192.168.34.56:35845], old=null
2019-10-18 13:01:37,999 [c124d131-afb9-4343-ad4e-aaebde613043@group-FF4202234884-LeaderElection150] INFO  impl.LeaderElection (LeaderElection.java:askForVotes(178)) - c124d131-afb9-4343-ad4e-aaebde613043@group-FF4202234884-LeaderElection150: begin an election at term 76 for -1: [999343e7-0330-4874-a345-91eca72585e0:192.168.34.56:44872, c124d131-afb9-4343-ad4e-aaebde613043:192.168.34.56:42116, e5bb327f-cdd7-4e49-919e-13a4c895fddf:192.168.34.56:36658], old=null
2019-10-18 13:01:37,999 [018b3f78-d19f-4e26-a796-cb8ddc4f97cf@group-187684C21557-LeaderElection149] INFO  impl.LeaderElection (LeaderElection.java:askForVotes(178)) - 018b3f78-d19f-4e26-a796-cb8ddc4f97cf@group-187684C21557-LeaderElection149: begin an election at term 76 for -1: [893cf03e-f2cf-478a-892a-a746717e50e3:192.168.34.56:40750, 8697df36-98d2-41b1-bdc7-60597b3b5526:192.168.34.56:46415, 018b3f78-d19f-4e26-a796-cb8ddc4f97cf:192.168.34.56:35845], old=null
2019-10-18 13:01:38,003 [grpc-default-executor-2] INFO  impl.RaftServerImpl (RaftServerImpl.java:setRole(184)) - 893cf03e-f2cf-478a-892a-a746717e50e3@group-187684C21557: changes role from  FOLLOWER to FOLLOWER at term 76 for recognizeCandidate:018b3f78-d19f-4e26-a796-cb8ddc4f97cf
2019-10-18 13:01:38,003 [grpc-default-executor-7] INFO  impl.RaftServerImpl (RaftServerImpl.java:setRole(184)) - e5bb327f-cdd7-4e49-919e-13a4c895fddf@group-FF4202234884: changes role from  FOLLOWER to FOLLOWER at term 76 for recognizeCandidate:c124d131-afb9-4343-ad4e-aaebde613043
2019-10-18 13:01:38,003 [grpc-default-executor-2] INFO  impl.RoleInfo (RoleInfo.java:shutdownFollowerState(121)) - 893cf03e-f2cf-478a-892a-a746717e50e3: shutdown FollowerState
2019-10-18 13:01:38,004 [grpc-default-executor-7] INFO  impl.RoleInfo (RoleInfo.java:shutdownFollowerState(121)) - e5bb327f-cdd7-4e49-919e-13a4c895fddf: shutdown FollowerState
2019-10-18 13:01:38,004 [Thread-1437] INFO  impl.FollowerState (FollowerState.java:run(117)) - 893cf03e-f2cf-478a-892a-a746717e50e3@group-187684C21557-FollowerState was interrupted: java.lang.InterruptedException: sleep interrupted
2019-10-18 13:01:38,004 [grpc-default-executor-2] INFO  impl.RoleInfo (RoleInfo.java:updateAndGet(143)) - 893cf03e-f2cf-478a-892a-a746717e50e3: start FollowerState
2019-10-18 13:01:38,004 [grpc-default-executor-5] INFO  impl.RaftServerImpl (RaftServerImpl.java:setRole(184)) - 8697df36-98d2-41b1-bdc7-60597b3b5526@group-187684C21557: changes role from  FOLLOWER to FOLLOWER at term 76 for recognizeCandidate:018b3f78-d19f-4e26-a796-cb8ddc4f97cf
2019-10-18 13:01:38,004 [Thread-1434] INFO  impl.FollowerState (FollowerState.java:run(117)) - e5bb327f-cdd7-4e49-919e-13a4c895fddf@group-FF4202234884-FollowerState was interrupted: java.lang.InterruptedException: sleep interrupted
2019-10-18 13:01:38,004 [grpc-default-executor-7] INFO  impl.RoleInfo (RoleInfo.java:updateAndGet(143)) - e5bb327f-cdd7-4e49-919e-13a4c895fddf: start FollowerState
2019-10-18 13:01:38,004 [grpc-default-executor-0] INFO  impl.RaftServerImpl (RaftServerImpl.java:setRole(184)) - 999343e7-0330-4874-a345-91eca72585e0@group-FF4202234884: changes role from  FOLLOWER to FOLLOWER at term 76 for recognizeCandidate:c124d131-afb9-4343-ad4e-aaebde613043
2019-10-18 13:01:38,004 [grpc-default-executor-5] INFO  impl.RoleInfo (RoleInfo.java:shutdownFollowerState(121)) - 8697df36-98d2-41b1-bdc7-60597b3b5526: shutdown FollowerState
2019-10-18 13:01:38,005 [grpc-default-executor-0] INFO  impl.RoleInfo (RoleInfo.java:shutdownFollowerState(121)) - 999343e7-0330-4874-a345-91eca72585e0: shutdown FollowerState
2019-10-18 13:01:38,005 [grpc-default-executor-5] INFO  impl.RoleInfo (RoleInfo.java:updateAndGet(143)) - 8697df36-98d2-41b1-bdc7-60597b3b5526: start FollowerState
2019-10-18 13:01:38,005 [Thread-1436] INFO  impl.FollowerState (FollowerState.java:run(117)) - 999343e7-0330-4874-a345-91eca72585e0@group-FF4202234884-FollowerState was interrupted: java.lang.InterruptedException: sleep interrupted
2019-10-18 13:01:38,005 [grpc-default-executor-0] INFO  impl.RoleInfo (RoleInfo.java:updateAndGet(143)) - 999343e7-0330-4874-a345-91eca72585e0: start FollowerState
2019-10-18 13:01:38,005 [Thread-1435] INFO  impl.FollowerState (FollowerState.java:run(117)) - 8697df36-98d2-41b1-bdc7-60597b3b5526@group-187684C21557-FollowerState was interrupted: java.lang.InterruptedException: sleep interrupted
2019-10-18 13:01:38,029 [c124d131-afb9-4343-ad4e-aaebde613043@group-FF4202234884-LeaderElection150] INFO  impl.LeaderElection (LeaderElection.java:logAndReturn(56)) - c124d131-afb9-4343-ad4e-aaebde613043@group-FF4202234884-LeaderElection150: Election REJECTED; received 2 response(s) [c124d131-afb9-4343-ad4e-aaebde613043<-999343e7-0330-4874-a345-91eca72585e0#0:FAIL-t76, c124d131-afb9-4343-ad4e-aaebde613043<-e5bb327f-cdd7-4e49-919e-13a4c895fddf#0:FAIL-t76] and 0 exception(s); c124d131-afb9-4343-ad4e-aaebde613043@group-FF4202234884:t76, leader=null, voted=c124d131-afb9-4343-ad4e-aaebde613043, raftlog=c124d131-afb9-4343-ad4e-aaebde613043@group-FF4202234884-SegmentedRaftLog:OPENED:c-1,f-1,i0, conf=-1: [999343e7-0330-4874-a345-91eca72585e0:192.168.34.56:44872, c124d131-afb9-4343-ad4e-aaebde613043:192.168.34.56:42116, e5bb327f-cdd7-4e49-919e-13a4c895fddf:192.168.34.56:36658], old=null
2019-10-18 13:01:38,029 [018b3f78-d19f-4e26-a796-cb8ddc4f97cf@group-187684C21557-LeaderElection149] INFO  impl.LeaderElection (LeaderElection.java:logAndReturn(56)) - 018b3f78-d19f-4e26-a796-cb8ddc4f97cf@group-187684C21557-LeaderElection149: Election REJECTED; received 2 response(s) [018b3f78-d19f-4e26-a796-cb8ddc4f97cf<-893cf03e-f2cf-478a-892a-a746717e50e3#0:FAIL-t76, 018b3f78-d19f-4e26-a796-cb8ddc4f97cf<-8697df36-98d2-41b1-bdc7-60597b3b5526#0:FAIL-t76] and 0 exception(s); 018b3f78-d19f-4e26-a796-cb8ddc4f97cf@group-187684C21557:t76, leader=null, voted=018b3f78-d19f-4e26-a796-cb8ddc4f97cf, raftlog=018b3f78-d19f-4e26-a796-cb8ddc4f97cf@group-187684C21557-SegmentedRaftLog:OPENED:c-1,f-1,i0, conf=-1: [893cf03e-f2cf-478a-892a-a746717e50e3:192.168.34.56:40750, 8697df36-98d2-41b1-bdc7-60597b3b5526:192.168.34.56:46415, 018b3f78-d19f-4e26-a796-cb8ddc4f97cf:192.168.34.56:35845], old=null
2019-10-18 13:01:38,029 [c124d131-afb9-4343-ad4e-aaebde613043@group-FF4202234884-LeaderElection150] INFO  impl.RaftServerImpl (RaftServerImpl.java:setRole(184)) - c124d131-afb9-4343-ad4e-aaebde613043@group-FF4202234884: changes role from CANDIDATE to FOLLOWER at term 76 for DISCOVERED_A_NEW_TERM
2019-10-18 13:01:38,029 [018b3f78-d19f-4e26-a796-cb8ddc4f97cf@group-187684C21557-LeaderElection149] INFO  impl.RaftServerImpl (RaftServerImpl.java:setRole(184)) - 018b3f78-d19f-4e26-a796-cb8ddc4f97cf@group-187684C21557: changes role from CANDIDATE to FOLLOWER at term 76 for DISCOVERED_A_NEW_TERM
2019-10-18 13:01:38,029 [c124d131-afb9-4343-ad4e-aaebde613043@group-FF4202234884-LeaderElection150] INFO  impl.RoleInfo (RoleInfo.java:shutdownLeaderElection(134)) - c124d131-afb9-4343-ad4e-aaebde613043: shutdown LeaderElection
2019-10-18 13:01:38,029 [018b3f78-d19f-4e26-a796-cb8ddc4f97cf@group-187684C21557-LeaderElection149] INFO  impl.RoleInfo (RoleInfo.java:shutdownLeaderElection(134)) - 018b3f78-d19f-4e26-a796-cb8ddc4f97cf: shutdown LeaderElection
2019-10-18 13:01:38,029 [c124d131-afb9-4343-ad4e-aaebde613043@group-FF4202234884-LeaderElection150] INFO  impl.RoleInfo (RoleInfo.java:updateAndGet(143)) - c124d131-afb9-4343-ad4e-aaebde613043: start FollowerState
2019-10-18 13:01:38,029 [018b3f78-d19f-4e26-a796-cb8ddc4f97cf@group-187684C21557-LeaderElection149] INFO  impl.RoleInfo (RoleInfo.java:updateAndGet(143)) - 018b3f78-d19f-4e26-a796-cb8ddc4f97cf: start FollowerState
2019-10-18 13:01:38,119 [Thread-1447] INFO  impl.FollowerState (FollowerState.java:run(108)) - 018b3f78-d19f-4e26-a796-cb8ddc4f97cf@group-187684C21557-FollowerState: change to CANDIDATE, lastRpcTime:89ms, electionTimeout:89ms
2019-10-18 13:01:38,119 [Thread-1447] INFO  impl.RoleInfo (RoleInfo.java:shutdownFollowerState(121)) - 018b3f78-d19f-4e26-a796-cb8ddc4f97cf: shutdown FollowerState
2019-10-18 13:01:38,119 [Thread-1447] INFO  impl.RaftServerImpl (RaftServerImpl.java:setRole(184)) - 018b3f78-d19f-4e26-a796-cb8ddc4f97cf@group-187684C21557: changes role from  FOLLOWER to CANDIDATE at term 76 for changeToCandidate
2019-10-18 13:01:38,119 [Thread-1447] INFO  impl.RoleInfo (RoleInfo.java:updateAndGet(143)) - 018b3f78-d19f-4e26-a796-cb8ddc4f97cf: start LeaderElection
2019-10-18 13:01:38,138 [018b3f78-d19f-4e26-a796-cb8ddc4f97cf@group-187684C21557-LeaderElection151] INFO  impl.LeaderElection (LeaderElection.java:askForVotes(178)) - 018b3f78-d19f-4e26-a796-cb8ddc4f97cf@group-187684C21557-LeaderElection151: begin an election at term 77 for -1: [893cf03e-f2cf-478a-892a-a746717e50e3:192.168.34.56:40750, 8697df36-98d2-41b1-bdc7-60597b3b5526:192.168.34.56:46415, 018b3f78-d19f-4e26-a796-cb8ddc4f97cf:192.168.34.56:35845], old=null
2019-10-18 13:01:38,142 [grpc-default-executor-0] INFO  impl.RaftServerImpl (RaftServerImpl.java:setRole(184)) - 893cf03e-f2cf-478a-892a-a746717e50e3@group-187684C21557: changes role from  FOLLOWER to FOLLOWER at term 77 for recognizeCandidate:018b3f78-d19f-4e26-a796-cb8ddc4f97cf
2019-10-18 13:01:38,142 [grpc-default-executor-5] INFO  impl.RaftServerImpl (RaftServerImpl.java:setRole(184)) - 8697df36-98d2-41b1-bdc7-60597b3b5526@group-187684C21557: changes role from  FOLLOWER to FOLLOWER at term 77 for recognizeCandidate:018b3f78-d19f-4e26-a796-cb8ddc4f97cf
2019-10-18 13:01:38,143 [grpc-default-executor-0] INFO  impl.RoleInfo (RoleInfo.java:shutdownFollowerState(121)) - 893cf03e-f2cf-478a-892a-a746717e50e3: shutdown FollowerState
2019-10-18 13:01:38,143 [grpc-default-executor-5] INFO  impl.RoleInfo (RoleInfo.java:shutdownFollowerState(121)) - 8697df36-98d2-41b1-bdc7-60597b3b5526: shutdown FollowerState
2019-10-18 13:01:38,161 [Thread-1446] INFO  impl.FollowerState (FollowerState.java:run(108)) - c124d131-afb9-4343-ad4e-aaebde613043@group-FF4202234884-FollowerState: change to CANDIDATE, lastRpcTime:131ms, electionTimeout:131ms
2019-10-18 13:01:38,161 [Thread-1446] INFO  impl.RoleInfo (RoleInfo.java:shutdownFollowerState(121)) - c124d131-afb9-4343-ad4e-aaebde613043: shutdown FollowerState
2019-10-18 13:01:38,161 [Thread-1446] INFO  impl.RaftServerImpl (RaftServerImpl.java:setRole(184)) - c124d131-afb9-4343-ad4e-aaebde613043@group-FF4202234884: changes role from  FOLLOWER to CANDIDATE at term 76 for changeToCandidate
2019-10-18 13:01:38,163 [Thread-1446] INFO  impl.RoleInfo (RoleInfo.java:updateAndGet(143)) - c124d131-afb9-4343-ad4e-aaebde613043: start LeaderElection
2019-10-18 13:01:38,163 [grpc-default-executor-5] INFO  impl.RoleInfo (RoleInfo.java:updateAndGet(143)) - 8697df36-98d2-41b1-bdc7-60597b3b5526: start FollowerState
2019-10-18 13:01:38,163 [grpc-default-executor-0] INFO  impl.RoleInfo (RoleInfo.java:updateAndGet(143)) - 893cf03e-f2cf-478a-892a-a746717e50e3: start FollowerState
2019-10-18 13:01:38,163 [Thread-1444] INFO  impl.FollowerState (FollowerState.java:run(117)) - 8697df36-98d2-41b1-bdc7-60597b3b5526@group-187684C21557-FollowerState was interrupted: java.lang.InterruptedException: sleep interrupted
2019-10-18 13:01:38,163 [Thread-1442] INFO  impl.FollowerState (FollowerState.java:run(117)) - 893cf03e-f2cf-478a-892a-a746717e50e3@group-187684C21557-FollowerState was interrupted: java.lang.InterruptedException: sleep interrupted
2019-10-18 13:01:38,200 [c124d131-afb9-4343-ad4e-aaebde613043@group-FF4202234884-LeaderElection152] INFO  impl.LeaderElection (LeaderElection.java:askForVotes(178)) - c124d131-afb9-4343-ad4e-aaebde613043@group-FF4202234884-LeaderElection152: begin an election at term 77 for -1: [999343e7-0330-4874-a345-91eca72585e0:192.168.34.56:44872, c124d131-afb9-4343-ad4e-aaebde613043:192.168.34.56:42116, e5bb327f-cdd7-4e49-919e-13a4c895fddf:192.168.34.56:36658], old=null
2019-10-18 13:01:38,209 [018b3f78-d19f-4e26-a796-cb8ddc4f97cf@group-187684C21557-LeaderElection151] INFO  impl.LeaderElection (LeaderElection.java:logAndReturn(56)) - 018b3f78-d19f-4e26-a796-cb8ddc4f97cf@group-187684C21557-LeaderElection151: Election REJECTED; received 2 response(s) [018b3f78-d19f-4e26-a796-cb8ddc4f97cf<-893cf03e-f2cf-478a-892a-a746717e50e3#0:FAIL-t77, 018b3f78-d19f-4e26-a796-cb8ddc4f97cf<-8697df36-98d2-41b1-bdc7-60597b3b5526#0:FAIL-t77] and 0 exception(s); 018b3f78-d19f-4e26-a796-cb8ddc4f97cf@group-187684C21557:t77, leader=null, voted=018b3f78-d19f-4e26-a796-cb8ddc4f97cf, raftlog=018b3f78-d19f-4e26-a796-cb8ddc4f97cf@group-187684C21557-SegmentedRaftLog:OPENED:c-1,f-1,i0, conf=-1: [893cf03e-f2cf-478a-892a-a746717e50e3:192.168.34.56:40750, 8697df36-98d2-41b1-bdc7-60597b3b5526:192.168.34.56:46415, 018b3f78-d19f-4e26-a796-cb8ddc4f97cf:192.168.34.56:35845], old=null
2019-10-18 13:01:38,209 [018b3f78-d19f-4e26-a796-cb8ddc4f97cf@group-187684C21557-LeaderElection151] INFO  impl.RaftServerImpl (RaftServerImpl.java:setRole(184)) - 018b3f78-d19f-4e26-a796-cb8ddc4f97cf@group-187684C21557: changes role from CANDIDATE to FOLLOWER at term 77 for DISCOVERED_A_NEW_TERM
2019-10-18 13:01:38,209 [018b3f78-d19f-4e26-a796-cb8ddc4f97cf@group-187684C21557-LeaderElection151] INFO  impl.RoleInfo (RoleInfo.java:shutdownLeaderElection(134)) - 018b3f78-d19f-4e26-a796-cb8ddc4f97cf: shutdown LeaderElection
2019-10-18 13:01:38,209 [018b3f78-d19f-4e26-a796-cb8ddc4f97cf@group-187684C21557-LeaderElection151] INFO  impl.RoleInfo (RoleInfo.java:updateAndGet(143)) - 018b3f78-d19f-4e26-a796-cb8ddc4f97cf: start FollowerState
2019-10-18 13:01:38,210 [grpc-default-executor-5] INFO  impl.RaftServerImpl (RaftServerImpl.java:setRole(184)) - e5bb327f-cdd7-4e49-919e-13a4c895fddf@group-FF4202234884: changes role from  FOLLOWER to FOLLOWER at term 77 for recognizeCandidate:c124d131-afb9-4343-ad4e-aaebde613043
2019-10-18 13:01:38,210 [grpc-default-executor-0] INFO  impl.RaftServerImpl (RaftServerImpl.java:setRole(184)) - 999343e7-0330-4874-a345-91eca72585e0@group-FF4202234884: changes role from  FOLLOWER to FOLLOWER at term 77 for recognizeCandidate:c124d131-afb9-4343-ad4e-aaebde613043
2019-10-18 13:01:38,210 [grpc-default-executor-5] INFO  impl.RoleInfo (RoleInfo.java:shutdownFollowerState(121)) - e5bb327f-cdd7-4e49-919e-13a4c895fddf: shutdown FollowerState
2019-10-18 13:01:38,210 [grpc-default-executor-0] INFO  impl.RoleInfo (RoleInfo.java:shutdownFollowerState(121)) - 999343e7-0330-4874-a345-91eca72585e0: shutdown FollowerState
2019-10-18 13:01:38,210 [Thread-1443] INFO  impl.FollowerState (FollowerState.java:run(117)) - e5bb327f-cdd7-4e49-919e-13a4c895fddf@group-FF4202234884-FollowerState was interrupted: java.lang.InterruptedException: sleep interrupted
2019-10-18 13:01:38,210 [grpc-default-executor-5] INFO  impl.RoleInfo (RoleInfo.java:updateAndGet(143)) - e5bb327f-cdd7-4e49-919e-13a4c895fddf: start FollowerState
2019-10-18 13:01:38,210 [grpc-default-executor-0] INFO  impl.RoleInfo (RoleInfo.java:updateAndGet(143)) - 999343e7-0330-4874-a345-91eca72585e0: start FollowerState
2019-10-18 13:01:38,210 [Thread-1445] INFO  impl.FollowerState (FollowerState.java:run(117)) - 999343e7-0330-4874-a345-91eca72585e0@group-FF4202234884-FollowerState was interrupted: java.lang.InterruptedException: sleep interrupted
2019-10-18 13:01:38,253 [c124d131-afb9-4343-ad4e-aaebde613043@group-FF4202234884-LeaderElection152] INFO  impl.LeaderElection (LeaderElection.java:logAndReturn(56)) - c124d131-afb9-4343-ad4e-aaebde613043@group-FF4202234884-LeaderElection152: Election REJECTED; received 2 response(s) [c124d131-afb9-4343-ad4e-aaebde613043<-999343e7-0330-4874-a345-91eca72585e0#0:FAIL-t77, c124d131-afb9-4343-ad4e-aaebde613043<-e5bb327f-cdd7-4e49-919e-13a4c895fddf#0:FAIL-t77] and 0 exception(s); c124d131-afb9-4343-ad4e-aaebde613043@group-FF4202234884:t77, leader=null, voted=c124d131-afb9-4343-ad4e-aaebde613043, raftlog=c124d131-afb9-4343-ad4e-aaebde613043@group-FF4202234884-SegmentedRaftLog:OPENED:c-1,f-1,i0, conf=-1: [999343e7-0330-4874-a345-91eca72585e0:192.168.34.56:44872, c124d131-afb9-4343-ad4e-aaebde613043:192.168.34.56:42116, e5bb327f-cdd7-4e49-919e-13a4c895fddf:192.168.34.56:36658], old=null
2019-10-18 13:01:38,253 [c124d131-afb9-4343-ad4e-aaebde613043@group-FF4202234884-LeaderElection152] INFO  impl.RaftServerImpl (RaftServerImpl.java:setRole(184)) - c124d131-afb9-4343-ad4e-aaebde613043@group-FF4202234884: changes role from CANDIDATE to FOLLOWER at term 77 for DISCOVERED_A_NEW_TERM
2019-10-18 13:01:38,253 [c124d131-afb9-4343-ad4e-aaebde613043@group-FF4202234884-LeaderElection152] INFO  impl.RoleInfo (RoleInfo.java:shutdownLeaderElection(134)) - c124d131-afb9-4343-ad4e-aaebde613043: shutdown LeaderElection
2019-10-18 13:01:38,253 [c124d131-afb9-4343-ad4e-aaebde613043@group-FF4202234884-LeaderElection152] INFO  impl.RoleInfo (RoleInfo.java:updateAndGet(143)) - c124d131-afb9-4343-ad4e-aaebde613043: start FollowerState
2019-10-18 13:01:38,283 [Thread-1459] INFO  impl.FollowerState (FollowerState.java:run(108)) - c124d131-afb9-4343-ad4e-aaebde613043@group-FF4202234884-FollowerState: change to CANDIDATE, lastRpcTime:30ms, electionTimeout:30ms
2019-10-18 13:01:38,283 [Thread-1459] INFO  impl.RoleInfo (RoleInfo.java:shutdownFollowerState(121)) - c124d131-afb9-4343-ad4e-aaebde613043: shutdown FollowerState
2019-10-18 13:01:38,284 [Thread-1459] INFO  impl.RaftServerImpl (RaftServerImpl.java:setRole(184)) - c124d131-afb9-4343-ad4e-aaebde613043@group-FF4202234884: changes role from  FOLLOWER to CANDIDATE at term 77 for changeToCandidate
2019-10-18 13:01:38,284 [Thread-1459] INFO  impl.RoleInfo (RoleInfo.java:updateAndGet(143)) - c124d131-afb9-4343-ad4e-aaebde613043: start LeaderElection
2019-10-18 13:01:38,307 [c124d131-afb9-4343-ad4e-aaebde613043@group-FF4202234884-LeaderElection153] INFO  impl.LeaderElection (LeaderElection.java:askForVotes(178)) - c124d131-afb9-4343-ad4e-aaebde613043@group-FF4202234884-LeaderElection153: begin an election at term 78 for -1: [999343e7-0330-4874-a345-91eca72585e0:192.168.34.56:44872, c124d131-afb9-4343-ad4e-aaebde613043:192.168.34.56:42116, e5bb327f-cdd7-4e49-919e-13a4c895fddf:192.168.34.56:36658], old=null
2019-10-18 13:01:38,309 [grpc-default-executor-0] INFO  impl.RaftServerImpl (RaftServerImpl.java:setRole(184)) - e5bb327f-cdd7-4e49-919e-13a4c895fddf@group-FF4202234884: changes role from  FOLLOWER to FOLLOWER at term 78 for recognizeCandidate:c124d131-afb9-4343-ad4e-aaebde613043
2019-10-18 13:01:38,309 [grpc-default-executor-5] INFO  impl.RaftServerImpl (RaftServerImpl.java:setRole(184)) - 999343e7-0330-4874-a345-91eca72585e0@group-FF4202234884: changes role from  FOLLOWER to FOLLOWER at term 78 for recognizeCandidate:c124d131-afb9-4343-ad4e-aaebde613043
2019-10-18 13:01:38,310 [grpc-default-executor-0] INFO  impl.RoleInfo (RoleInfo.java:shutdownFollowerState(121)) - e5bb327f-cdd7-4e49-919e-13a4c895fddf: shutdown FollowerState
2019-10-18 13:01:38,310 [grpc-default-executor-5] INFO  impl.RoleInfo (RoleInfo.java:shutdownFollowerState(121)) - 999343e7-0330-4874-a345-91eca72585e0: shutdown FollowerState
2019-10-18 13:01:38,310 [grpc-default-executor-0] INFO  impl.RoleInfo (RoleInfo.java:updateAndGet(143)) - e5bb327f-cdd7-4e49-919e-13a4c895fddf: start FollowerState
2019-10-18 13:01:38,310 [Thread-1457] INFO  impl.FollowerState (FollowerState.java:run(117)) - e5bb327f-cdd7-4e49-919e-13a4c895fddf@group-FF4202234884-FollowerState was interrupted: java.lang.InterruptedException: sleep interrupted
2019-10-18 13:01:38,310 [grpc-default-executor-5] INFO  impl.RoleInfo (RoleInfo.java:updateAndGet(143)) - 999343e7-0330-4874-a345-91eca72585e0: start FollowerState
2019-10-18 13:01:38,310 [Thread-1458] INFO  impl.FollowerState (FollowerState.java:run(117)) - 999343e7-0330-4874-a345-91eca72585e0@group-FF4202234884-FollowerState was interrupted: java.lang.InterruptedException: sleep interrupted
2019-10-18 13:01:38,561 [Thread-1456] INFO  impl.FollowerState (FollowerState.java:run(108)) - 018b3f78-d19f-4e26-a796-cb8ddc4f97cf@group-187684C21557-FollowerState: change to CANDIDATE, lastRpcTime:351ms, electionTimeout:131ms
2019-10-18 13:01:38,564 [Thread-1456] INFO  impl.RoleInfo (RoleInfo.java:shutdownFollowerState(121)) - 018b3f78-d19f-4e26-a796-cb8ddc4f97cf: shutdown FollowerState
2019-10-18 13:01:38,565 [Thread-1456] INFO  impl.RaftServerImpl (RaftServerImpl.java:setRole(184)) - 018b3f78-d19f-4e26-a796-cb8ddc4f97cf@group-187684C21557: changes role from  FOLLOWER to CANDIDATE at term 77 for changeToCandidate
2019-10-18 13:01:38,569 [c124d131-afb9-4343-ad4e-aaebde613043@group-FF4202234884-LeaderElection153] INFO  impl.LeaderElection (LeaderElection.java:logAndReturn(56)) - c124d131-afb9-4343-ad4e-aaebde613043@group-FF4202234884-LeaderElection153: Election TIMEOUT; received 0 response(s) [] and 0 exception(s); c124d131-afb9-4343-ad4e-aaebde613043@group-FF4202234884:t78, leader=null, voted=c124d131-afb9-4343-ad4e-aaebde613043, raftlog=c124d131-afb9-4343-ad4e-aaebde613043@group-FF4202234884-SegmentedRaftLog:OPENED:c-1,f-1,i0, conf=-1: [999343e7-0330-4874-a345-91eca72585e0:192.168.34.56:44872, c124d131-afb9-4343-ad4e-aaebde613043:192.168.34.56:42116, e5bb327f-cdd7-4e49-919e-13a4c895fddf:192.168.34.56:36658], old=null
2019-10-18 13:01:38,576 [Thread-1456] INFO  impl.RoleInfo (RoleInfo.java:updateAndGet(143)) - 018b3f78-d19f-4e26-a796-cb8ddc4f97cf: start LeaderElection
2019-10-18 13:01:38,600 [018b3f78-d19f-4e26-a796-cb8ddc4f97cf@group-187684C21557-LeaderElection154] INFO  impl.LeaderElection (LeaderElection.java:askForVotes(178)) - 018b3f78-d19f-4e26-a796-cb8ddc4f97cf@group-187684C21557-LeaderElection154: begin an election at term 78 for -1: [893cf03e-f2cf-478a-892a-a746717e50e3:192.168.34.56:40750, 8697df36-98d2-41b1-bdc7-60597b3b5526:192.168.34.56:46415, 018b3f78-d19f-4e26-a796-cb8ddc4f97cf:192.168.34.56:35845], old=null
2019-10-18 13:01:38,600 [c124d131-afb9-4343-ad4e-aaebde613043@group-FF4202234884-LeaderElection153] INFO  impl.LeaderElection (LeaderElection.java:askForVotes(178)) - c124d131-afb9-4343-ad4e-aaebde613043@group-FF4202234884-LeaderElection153: begin an election at term 79 for -1: [999343e7-0330-4874-a345-91eca72585e0:192.168.34.56:44872, c124d131-afb9-4343-ad4e-aaebde613043:192.168.34.56:42116, e5bb327f-cdd7-4e49-919e-13a4c895fddf:192.168.34.56:36658], old=null
2019-10-18 13:01:38,602 [grpc-default-executor-0] INFO  impl.RaftServerImpl (RaftServerImpl.java:setRole(184)) - 893cf03e-f2cf-478a-892a-a746717e50e3@group-187684C21557: changes role from  FOLLOWER to FOLLOWER at term 78 for recognizeCandidate:018b3f78-d19f-4e26-a796-cb8ddc4f97cf
2019-10-18 13:01:38,602 [grpc-default-executor-5] INFO  impl.RaftServerImpl (RaftServerImpl.java:setRole(184)) - 8697df36-98d2-41b1-bdc7-60597b3b5526@group-187684C21557: changes role from  FOLLOWER to FOLLOWER at term 78 for recognizeCandidate:018b3f78-d19f-4e26-a796-cb8ddc4f97cf
2019-10-18 13:01:38,603 [grpc-default-executor-0] INFO  impl.RoleInfo (RoleInfo.java:shutdownFollowerState(121)) - 893cf03e-f2cf-478a-892a-a746717e50e3: shutdown FollowerState
2019-10-18 13:01:38,603 [grpc-default-executor-2] INFO  impl.RaftServerImpl (RaftServerImpl.java:setRole(184)) - e5bb327f-cdd7-4e49-919e-13a4c895fddf@group-FF4202234884: changes role from  FOLLOWER to FOLLOWER at term 79 for recognizeCandidate:c124d131-afb9-4343-ad4e-aaebde613043
2019-10-18 13:01:38,603 [grpc-default-executor-5] INFO  impl.RoleInfo (RoleInfo.java:shutdownFollowerState(121)) - 8697df36-98d2-41b1-bdc7-60597b3b5526: shutdown FollowerState
2019-10-18 13:01:38,603 [Thread-1453] INFO  impl.FollowerState (FollowerState.java:run(117)) - 893cf03e-f2cf-478a-892a-a746717e50e3@group-187684C21557-FollowerState was interrupted: java.lang.InterruptedException: sleep interrupted
2019-10-18 13:01:38,603 [grpc-default-executor-2] INFO  impl.RoleInfo (RoleInfo.java:shutdownFollowerState(121)) - e5bb327f-cdd7-4e49-919e-13a4c895fddf: shutdown FollowerState
2019-10-18 13:01:38,603 [grpc-default-executor-0] INFO  impl.RoleInfo (RoleInfo.java:updateAndGet(143)) - 893cf03e-f2cf-478a-892a-a746717e50e3: start FollowerState
2019-10-18 13:01:38,604 [grpc-default-executor-2] INFO  impl.RoleInfo (RoleInfo.java:updateAndGet(143)) - e5bb327f-cdd7-4e49-919e-13a4c895fddf: start FollowerState
2019-10-18 13:01:38,603 [Thread-1452] INFO  impl.FollowerState (FollowerState.java:run(117)) - 8697df36-98d2-41b1-bdc7-60597b3b5526@group-187684C21557-FollowerState was interrupted: java.lang.InterruptedException: sleep interrupted
2019-10-18 13:01:38,603 [grpc-default-executor-7] INFO  impl.RaftServerImpl (RaftServerImpl.java:setRole(184)) - 999343e7-0330-4874-a345-91eca72585e0@group-FF4202234884: changes role from  FOLLOWER to FOLLOWER at term 79 for recognizeCandidate:c124d131-afb9-4343-ad4e-aaebde613043
2019-10-18 13:01:38,604 [grpc-default-executor-7] INFO  impl.RoleInfo (RoleInfo.java:shutdownFollowerState(121)) - 999343e7-0330-4874-a345-91eca72585e0: shutdown FollowerState
2019-10-18 13:01:38,603 [grpc-default-executor-5] INFO  impl.RoleInfo (RoleInfo.java:updateAndGet(143)) - 8697df36-98d2-41b1-bdc7-60597b3b5526: start FollowerState
2019-10-18 13:01:38,604 [grpc-default-executor-7] INFO  impl.RoleInfo (RoleInfo.java:updateAndGet(143)) - 999343e7-0330-4874-a345-91eca72585e0: start FollowerState
2019-10-18 13:01:38,604 [Thread-1464] INFO  impl.FollowerState (FollowerState.java:run(117)) - e5bb327f-cdd7-4e49-919e-13a4c895fddf@group-FF4202234884-FollowerState was interrupted: java.lang.InterruptedException: sleep interrupted
2019-10-18 13:01:38,604 [Thread-1465] INFO  impl.FollowerState (FollowerState.java:run(117)) - 999343e7-0330-4874-a345-91eca72585e0@group-FF4202234884-FollowerState was interrupted: java.lang.InterruptedException: sleep interrupted
2019-10-18 13:01:38,628 [018b3f78-d19f-4e26-a796-cb8ddc4f97cf@group-187684C21557-LeaderElection154] INFO  impl.LeaderElection (LeaderElection.java:logAndReturn(56)) - 018b3f78-d19f-4e26-a796-cb8ddc4f97cf@group-187684C21557-LeaderElection154: Election REJECTED; received 2 response(s) [018b3f78-d19f-4e26-a796-cb8ddc4f97cf<-893cf03e-f2cf-478a-892a-a746717e50e3#0:FAIL-t78, 018b3f78-d19f-4e26-a796-cb8ddc4f97cf<-8697df36-98d2-41b1-bdc7-60597b3b5526#0:FAIL-t78] and 0 exception(s); 018b3f78-d19f-4e26-a796-cb8ddc4f97cf@group-187684C21557:t78, leader=null, voted=018b3f78-d19f-4e26-a796-cb8ddc4f97cf, raftlog=018b3f78-d19f-4e26-a796-cb8ddc4f97cf@group-187684C21557-SegmentedRaftLog:OPENED:c-1,f-1,i0, conf=-1: [893cf03e-f2cf-478a-892a-a746717e50e3:192.168.34.56:40750, 8697df36-98d2-41b1-bdc7-60597b3b5526:192.168.34.56:46415, 018b3f78-d19f-4e26-a796-cb8ddc4f97cf:192.168.34.56:35845], old=null
2019-10-18 13:01:38,628 [c124d131-afb9-4343-ad4e-aaebde613043@group-FF4202234884-LeaderElection153] INFO  impl.LeaderElection (LeaderElection.java:logAndReturn(56)) - c124d131-afb9-4343-ad4e-aaebde613043@group-FF4202234884-LeaderElection153: Election REJECTED; received 2 response(s) [c124d131-afb9-4343-ad4e-aaebde613043<-999343e7-0330-4874-a345-91eca72585e0#0:FAIL-t79, c124d131-afb9-4343-ad4e-aaebde613043<-e5bb327f-cdd7-4e49-919e-13a4c895fddf#0:FAIL-t79] and 0 exception(s); c124d131-afb9-4343-ad4e-aaebde613043@group-FF4202234884:t79, leader=null, voted=c124d131-afb9-4343-ad4e-aaebde613043, raftlog=c124d131-afb9-4343-ad4e-aaebde613043@group-FF4202234884-SegmentedRaftLog:OPENED:c-1,f-1,i0, conf=-1: [999343e7-0330-4874-a345-91eca72585e0:192.168.34.56:44872, c124d131-afb9-4343-ad4e-aaebde613043:192.168.34.56:42116, e5bb327f-cdd7-4e49-919e-13a4c895fddf:192.168.34.56:36658], old=null
2019-10-18 13:01:38,628 [018b3f78-d19f-4e26-a796-cb8ddc4f97cf@group-187684C21557-LeaderElection154] INFO  impl.RaftServerImpl (RaftServerImpl.java:setRole(184)) - 018b3f78-d19f-4e26-a796-cb8ddc4f97cf@group-187684C21557: changes role from CANDIDATE to FOLLOWER at term 78 for DISCOVERED_A_NEW_TERM
2019-10-18 13:01:38,629 [c124d131-afb9-4343-ad4e-aaebde613043@group-FF4202234884-LeaderElection153] INFO  impl.RaftServerImpl (RaftServerImpl.java:setRole(184)) - c124d131-afb9-4343-ad4e-aaebde613043@group-FF4202234884: changes role from CANDIDATE to FOLLOWER at term 79 for DISCOVERED_A_NEW_TERM
2019-10-18 13:01:38,629 [018b3f78-d19f-4e26-a796-cb8ddc4f97cf@group-187684C21557-LeaderElection154] INFO  impl.RoleInfo (RoleInfo.java:shutdownLeaderElection(134)) - 018b3f78-d19f-4e26-a796-cb8ddc4f97cf: shutdown LeaderElection
2019-10-18 13:01:38,629 [c124d131-afb9-4343-ad4e-aaebde613043@group-FF4202234884-LeaderElection153] INFO  impl.RoleInfo (RoleInfo.java:shutdownLeaderElection(134)) - c124d131-afb9-4343-ad4e-aaebde613043: shutdown LeaderElection
2019-10-18 13:01:38,629 [018b3f78-d19f-4e26-a796-cb8ddc4f97cf@group-187684C21557-LeaderElection154] INFO  impl.RoleInfo (RoleInfo.java:updateAndGet(143)) - 018b3f78-d19f-4e26-a796-cb8ddc4f97cf: start FollowerState
2019-10-18 13:01:38,629 [c124d131-afb9-4343-ad4e-aaebde613043@group-FF4202234884-LeaderElection153] INFO  impl.RoleInfo (RoleInfo.java:updateAndGet(143)) - c124d131-afb9-4343-ad4e-aaebde613043: start FollowerState
2019-10-18 13:01:38,664 [Thread-1476] INFO  impl.FollowerState (FollowerState.java:run(108)) - 018b3f78-d19f-4e26-a796-cb8ddc4f97cf@group-187684C21557-FollowerState: change to CANDIDATE, lastRpcTime:35ms, electionTimeout:35ms
2019-10-18 13:01:38,664 [Thread-1476] INFO  impl.RoleInfo (RoleInfo.java:shutdownFollowerState(121)) - 018b3f78-d19f-4e26-a796-cb8ddc4f97cf: shutdown FollowerState
2019-10-18 13:01:38,665 [Thread-1476] INFO  impl.RaftServerImpl (RaftServerImpl.java:setRole(184)) - 018b3f78-d19f-4e26-a796-cb8ddc4f97cf@group-187684C21557: changes role from  FOLLOWER to CANDIDATE at term 78 for changeToCandidate
2019-10-18 13:01:38,665 [Thread-1476] INFO  impl.RoleInfo (RoleInfo.java:updateAndGet(143)) - 018b3f78-d19f-4e26-a796-cb8ddc4f97cf: start LeaderElection
2019-10-18 13:01:38,689 [018b3f78-d19f-4e26-a796-cb8ddc4f97cf@group-187684C21557-LeaderElection155] INFO  impl.LeaderElection (LeaderElection.java:askForVotes(178)) - 018b3f78-d19f-4e26-a796-cb8ddc4f97cf@group-187684C21557-LeaderElection155: begin an election at term 79 for -1: [893cf03e-f2cf-478a-892a-a746717e50e3:192.168.34.56:40750, 8697df36-98d2-41b1-bdc7-60597b3b5526:192.168.34.56:46415, 018b3f78-d19f-4e26-a796-cb8ddc4f97cf:192.168.34.56:35845], old=null
2019-10-18 13:01:38,691 [grpc-default-executor-0] INFO  impl.RaftServerImpl (RaftServerImpl.java:setRole(184)) - 8697df36-98d2-41b1-bdc7-60597b3b5526@group-187684C21557: changes role from  FOLLOWER to FOLLOWER at term 79 for recognizeCandidate:018b3f78-d19f-4e26-a796-cb8ddc4f97cf
2019-10-18 13:01:38,691 [grpc-default-executor-2] INFO  impl.RaftServerImpl (RaftServerImpl.java:setRole(184)) - 893cf03e-f2cf-478a-892a-a746717e50e3@group-187684C21557: changes role from  FOLLOWER to FOLLOWER at term 79 for recognizeCandidate:018b3f78-d19f-4e26-a796-cb8ddc4f97cf
2019-10-18 13:01:38,691 [grpc-default-executor-0] INFO  impl.RoleInfo (RoleInfo.java:shutdownFollowerState(121)) - 8697df36-98d2-41b1-bdc7-60597b3b5526: shutdown FollowerState
2019-10-18 13:01:38,691 [grpc-default-executor-2] INFO  impl.RoleInfo (RoleInfo.java:shutdownFollowerState(121)) - 893cf03e-f2cf-478a-892a-a746717e50e3: shutdown FollowerState
2019-10-18 13:01:38,691 [Thread-1473] INFO  impl.FollowerState (FollowerState.java:run(117)) - 8697df36-98d2-41b1-bdc7-60597b3b5526@group-187684C21557-FollowerState was interrupted: java.lang.InterruptedException: sleep interrupted
2019-10-18 13:01:38,691 [grpc-default-executor-0] INFO  impl.RoleInfo (RoleInfo.java:updateAndGet(143)) - 8697df36-98d2-41b1-bdc7-60597b3b5526: start FollowerState
2019-10-18 13:01:38,691 [Thread-1472] INFO  impl.FollowerState (FollowerState.java:run(117)) - 893cf03e-f2cf-478a-892a-a746717e50e3@group-187684C21557-FollowerState was interrupted: java.lang.InterruptedException: sleep interrupted
2019-10-18 13:01:38,691 [grpc-default-executor-2] INFO  impl.RoleInfo (RoleInfo.java:updateAndGet(143)) - 893cf03e-f2cf-478a-892a-a746717e50e3: start FollowerState
2019-10-18 13:01:38,715 [018b3f78-d19f-4e26-a796-cb8ddc4f97cf@group-187684C21557-LeaderElection155] INFO  impl.LeaderElection (LeaderElection.java:logAndReturn(56)) - 018b3f78-d19f-4e26-a796-cb8ddc4f97cf@group-187684C21557-LeaderElection155: Election REJECTED; received 2 response(s) [018b3f78-d19f-4e26-a796-cb8ddc4f97cf<-893cf03e-f2cf-478a-892a-a746717e50e3#0:FAIL-t79, 018b3f78-d19f-4e26-a796-cb8ddc4f97cf<-8697df36-98d2-41b1-bdc7-60597b3b5526#0:FAIL-t79] and 0 exception(s); 018b3f78-d19f-4e26-a796-cb8ddc4f97cf@group-187684C21557:t79, leader=null, voted=018b3f78-d19f-4e26-a796-cb8ddc4f97cf, raftlog=018b3f78-d19f-4e26-a796-cb8ddc4f97cf@group-187684C21557-SegmentedRaftLog:OPENED:c-1,f-1,i0, conf=-1: [893cf03e-f2cf-478a-892a-a746717e50e3:192.168.34.56:40750, 8697df36-98d2-41b1-bdc7-60597b3b5526:192.168.34.56:46415, 018b3f78-d19f-4e26-a796-cb8ddc4f97cf:192.168.34.56:35845], old=null
2019-10-18 13:01:38,715 [018b3f78-d19f-4e26-a796-cb8ddc4f97cf@group-187684C21557-LeaderElection155] INFO  impl.RaftServerImpl (RaftServerImpl.java:setRole(184)) - 018b3f78-d19f-4e26-a796-cb8ddc4f97cf@group-187684C21557: changes role from CANDIDATE to FOLLOWER at term 79 for DISCOVERED_A_NEW_TERM
2019-10-18 13:01:38,716 [018b3f78-d19f-4e26-a796-cb8ddc4f97cf@group-187684C21557-LeaderElection155] INFO  impl.RoleInfo (RoleInfo.java:shutdownLeaderElection(134)) - 018b3f78-d19f-4e26-a796-cb8ddc4f97cf: shutdown LeaderElection
2019-10-18 13:01:38,716 [018b3f78-d19f-4e26-a796-cb8ddc4f97cf@group-187684C21557-LeaderElection155] INFO  impl.RoleInfo (RoleInfo.java:updateAndGet(143)) - 018b3f78-d19f-4e26-a796-cb8ddc4f97cf: start FollowerState
2019-10-18 13:01:38,747 [Thread-1477] INFO  impl.FollowerState (FollowerState.java:run(108)) - c124d131-afb9-4343-ad4e-aaebde613043@group-FF4202234884-FollowerState: change to CANDIDATE, lastRpcTime:118ms, electionTimeout:118ms
2019-10-18 13:01:38,749 [Thread-1477] INFO  impl.RoleInfo (RoleInfo.java:shutdownFollowerState(121)) - c124d131-afb9-4343-ad4e-aaebde613043: shutdown FollowerState
2019-10-18 13:01:38,749 [Thread-1477] INFO  impl.RaftServerImpl (RaftServerImpl.java:setRole(184)) - c124d131-afb9-4343-ad4e-aaebde613043@group-FF4202234884: changes role from  FOLLOWER to CANDIDATE at term 79 for changeToCandidate
2019-10-18 13:01:38,749 [Thread-1477] INFO  impl.RoleInfo (RoleInfo.java:updateAndGet(143)) - c124d131-afb9-4343-ad4e-aaebde613043: start LeaderElection
2019-10-18 13:01:38,799 [c124d131-afb9-4343-ad4e-aaebde613043@group-FF4202234884-LeaderElection156] INFO  impl.LeaderElection (LeaderElection.java:askForVotes(178)) - c124d131-afb9-4343-ad4e-aaebde613043@group-FF4202234884-LeaderElection156: begin an election at term 80 for -1: [999343e7-0330-4874-a345-91eca72585e0:192.168.34.56:44872, c124d131-afb9-4343-ad4e-aaebde613043:192.168.34.56:42116, e5bb327f-cdd7-4e49-919e-13a4c895fddf:192.168.34.56:36658], old=null
2019-10-18 13:01:38,802 [grpc-default-executor-0] INFO  impl.RaftServerImpl (RaftServerImpl.java:setRole(184)) - 999343e7-0330-4874-a345-91eca72585e0@group-FF4202234884: changes role from  FOLLOWER to FOLLOWER at term 80 for recognizeCandidate:c124d131-afb9-4343-ad4e-aaebde613043
2019-10-18 13:01:38,802 [grpc-default-executor-7] INFO  impl.RaftServerImpl (RaftServerImpl.java:setRole(184)) - e5bb327f-cdd7-4e49-919e-13a4c895fddf@group-FF4202234884: changes role from  FOLLOWER to FOLLOWER at term 80 for recognizeCandidate:c124d131-afb9-4343-ad4e-aaebde613043
2019-10-18 13:01:38,802 [grpc-default-executor-0] INFO  impl.RoleInfo (RoleInfo.java:shutdownFollowerState(121)) - 999343e7-0330-4874-a345-91eca72585e0: shutdown FollowerState
2019-10-18 13:01:38,802 [grpc-default-executor-7] INFO  impl.RoleInfo (RoleInfo.java:shutdownFollowerState(121)) - e5bb327f-cdd7-4e49-919e-13a4c895fddf: shutdown FollowerState
2019-10-18 13:01:38,802 [Thread-1475] INFO  impl.FollowerState (FollowerState.java:run(117)) - 999343e7-0330-4874-a345-91eca72585e0@group-FF4202234884-FollowerState was interrupted: java.lang.InterruptedException: sleep interrupted
2019-10-18 13:01:38,802 [Thread-1474] INFO  impl.FollowerState (FollowerState.java:run(117)) - e5bb327f-cdd7-4e49-919e-13a4c895fddf@group-FF4202234884-FollowerState was interrupted: java.lang.InterruptedException: sleep interrupted
2019-10-18 13:01:38,802 [grpc-default-executor-0] INFO  impl.RoleInfo (RoleInfo.java:updateAndGet(143)) - 999343e7-0330-4874-a345-91eca72585e0: start FollowerState
2019-10-18 13:01:38,802 [grpc-default-executor-7] INFO  impl.RoleInfo (RoleInfo.java:updateAndGet(143)) - e5bb327f-cdd7-4e49-919e-13a4c895fddf: start FollowerState
2019-10-18 13:01:38,828 [c124d131-afb9-4343-ad4e-aaebde613043@group-FF4202234884-LeaderElection156] INFO  impl.LeaderElection (LeaderElection.java:logAndReturn(56)) - c124d131-afb9-4343-ad4e-aaebde613043@group-FF4202234884-LeaderElection156: Election REJECTED; received 2 response(s) [c124d131-afb9-4343-ad4e-aaebde613043<-999343e7-0330-4874-a345-91eca72585e0#0:FAIL-t80, c124d131-afb9-4343-ad4e-aaebde613043<-e5bb327f-cdd7-4e49-919e-13a4c895fddf#0:FAIL-t80] and 0 exception(s); c124d131-afb9-4343-ad4e-aaebde613043@group-FF4202234884:t80, leader=null, voted=c124d131-afb9-4343-ad4e-aaebde613043, raftlog=c124d131-afb9-4343-ad4e-aaebde613043@group-FF4202234884-SegmentedRaftLog:OPENED:c-1,f-1,i0, conf=-1: [999343e7-0330-4874-a345-91eca72585e0:192.168.34.56:44872, c124d131-afb9-4343-ad4e-aaebde613043:192.168.34.56:42116, e5bb327f-cdd7-4e49-919e-13a4c895fddf:192.168.34.56:36658], old=null
2019-10-18 13:01:38,828 [c124d131-afb9-4343-ad4e-aaebde613043@group-FF4202234884-LeaderElection156] INFO  impl.RaftServerImpl (RaftServerImpl.java:setRole(184)) - c124d131-afb9-4343-ad4e-aaebde613043@group-FF4202234884: changes role from CANDIDATE to FOLLOWER at term 80 for DISCOVERED_A_NEW_TERM
2019-10-18 13:01:38,828 [c124d131-afb9-4343-ad4e-aaebde613043@group-FF4202234884-LeaderElection156] INFO  impl.RoleInfo (RoleInfo.java:shutdownLeaderElection(134)) - c124d131-afb9-4343-ad4e-aaebde613043: shutdown LeaderElection
2019-10-18 13:01:38,828 [c124d131-afb9-4343-ad4e-aaebde613043@group-FF4202234884-LeaderElection156] INFO  impl.RoleInfo (RoleInfo.java:updateAndGet(143)) - c124d131-afb9-4343-ad4e-aaebde613043: start FollowerState
2019-10-18 13:01:38,832 [Thread-1483] INFO  impl.FollowerState (FollowerState.java:run(108)) - 018b3f78-d19f-4e26-a796-cb8ddc4f97cf@group-187684C21557-FollowerState: change to CANDIDATE, lastRpcTime:116ms, electionTimeout:116ms
2019-10-18 13:01:38,832 [Thread-1483] INFO  impl.RoleInfo (RoleInfo.java:shutdownFollowerState(121)) - 018b3f78-d19f-4e26-a796-cb8ddc4f97cf: shutdown FollowerState
2019-10-18 13:01:38,832 [Thread-1483] INFO  impl.RaftServerImpl (RaftServerImpl.java:setRole(184)) - 018b3f78-d19f-4e26-a796-cb8ddc4f97cf@group-187684C21557: changes role from  FOLLOWER to CANDIDATE at term 79 for changeToCandidate
2019-10-18 13:01:38,832 [Thread-1483] INFO  impl.RoleInfo (RoleInfo.java:updateAndGet(143)) - 018b3f78-d19f-4e26-a796-cb8ddc4f97cf: start LeaderElection
2019-10-18 13:01:38,863 [018b3f78-d19f-4e26-a796-cb8ddc4f97cf@group-187684C21557-LeaderElection157] INFO  impl.LeaderElection (LeaderElection.java:askForVotes(178)) - 018b3f78-d19f-4e26-a796-cb8ddc4f97cf@group-187684C21557-LeaderElection157: begin an election at term 80 for -1: [893cf03e-f2cf-478a-892a-a746717e50e3:192.168.34.56:40750, 8697df36-98d2-41b1-bdc7-60597b3b5526:192.168.34.56:46415, 018b3f78-d19f-4e26-a796-cb8ddc4f97cf:192.168.34.56:35845], old=null
2019-10-18 13:01:38,865 [grpc-default-executor-0] INFO  impl.RaftServerImpl (RaftServerImpl.java:setRole(184)) - 8697df36-98d2-41b1-bdc7-60597b3b5526@group-187684C21557: changes role from  FOLLOWER to FOLLOWER at term 80 for recognizeCandidate:018b3f78-d19f-4e26-a796-cb8ddc4f97cf
2019-10-18 13:01:38,865 [grpc-default-executor-7] INFO  impl.RaftServerImpl (RaftServerImpl.java:setRole(184)) - 893cf03e-f2cf-478a-892a-a746717e50e3@group-187684C21557: changes role from  FOLLOWER to FOLLOWER at term 80 for recognizeCandidate:018b3f78-d19f-4e26-a796-cb8ddc4f97cf
2019-10-18 13:01:38,865 [grpc-default-executor-0] INFO  impl.RoleInfo (RoleInfo.java:shutdownFollowerState(121)) - 8697df36-98d2-41b1-bdc7-60597b3b5526: shutdown FollowerState
2019-10-18 13:01:38,865 [grpc-default-executor-7] INFO  impl.RoleInfo (RoleInfo.java:shutdownFollowerState(121)) - 893cf03e-f2cf-478a-892a-a746717e50e3: shutdown FollowerState
2019-10-18 13:01:38,865 [grpc-default-executor-0] INFO  impl.RoleInfo (RoleInfo.java:updateAndGet(143)) - 8697df36-98d2-41b1-bdc7-60597b3b5526: start FollowerState
2019-10-18 13:01:38,866 [Thread-1481] INFO  impl.FollowerState (FollowerState.java:run(117)) - 8697df36-98d2-41b1-bdc7-60597b3b5526@group-187684C21557-FollowerState was interrupted: java.lang.InterruptedException: sleep interrupted
2019-10-18 13:01:38,866 [grpc-default-executor-7] INFO  impl.RoleInfo (RoleInfo.java:updateAndGet(143)) - 893cf03e-f2cf-478a-892a-a746717e50e3: start FollowerState
2019-10-18 13:01:38,866 [Thread-1482] INFO  impl.FollowerState (FollowerState.java:run(117)) - 893cf03e-f2cf-478a-892a-a746717e50e3@group-187684C21557-FollowerState was interrupted: java.lang.InterruptedException: sleep interrupted
2019-10-18 13:01:38,889 [018b3f78-d19f-4e26-a796-cb8ddc4f97cf@group-187684C21557-LeaderElection157] INFO  impl.LeaderElection (LeaderElection.java:logAndReturn(56)) - 018b3f78-d19f-4e26-a796-cb8ddc4f97cf@group-187684C21557-LeaderElection157: Election TIMEOUT; received 0 response(s) [] and 0 exception(s); 018b3f78-d19f-4e26-a796-cb8ddc4f97cf@group-187684C21557:t80, leader=null, voted=018b3f78-d19f-4e26-a796-cb8ddc4f97cf, raftlog=018b3f78-d19f-4e26-a796-cb8ddc4f97cf@group-187684C21557-SegmentedRaftLog:OPENED:c-1,f-1,i0, conf=-1: [893cf03e-f2cf-478a-892a-a746717e50e3:192.168.34.56:40750, 8697df36-98d2-41b1-bdc7-60597b3b5526:192.168.34.56:46415, 018b3f78-d19f-4e26-a796-cb8ddc4f97cf:192.168.34.56:35845], old=null
2019-10-18 13:01:38,929 [018b3f78-d19f-4e26-a796-cb8ddc4f97cf@group-187684C21557-LeaderElection157] INFO  impl.LeaderElection (LeaderElection.java:askForVotes(178)) - 018b3f78-d19f-4e26-a796-cb8ddc4f97cf@group-187684C21557-LeaderElection157: begin an election at term 81 for -1: [893cf03e-f2cf-478a-892a-a746717e50e3:192.168.34.56:40750, 8697df36-98d2-41b1-bdc7-60597b3b5526:192.168.34.56:46415, 018b3f78-d19f-4e26-a796-cb8ddc4f97cf:192.168.34.56:35845], old=null
2019-10-18 13:01:38,931 [grpc-default-executor-7] INFO  impl.RaftServerImpl (RaftServerImpl.java:setRole(184)) - 893cf03e-f2cf-478a-892a-a746717e50e3@group-187684C21557: changes role from  FOLLOWER to FOLLOWER at term 81 for recognizeCandidate:018b3f78-d19f-4e26-a796-cb8ddc4f97cf
2019-10-18 13:01:38,931 [grpc-default-executor-0] INFO  impl.RaftServerImpl (RaftServerImpl.java:setRole(184)) - 8697df36-98d2-41b1-bdc7-60597b3b5526@group-187684C21557: changes role from  FOLLOWER to FOLLOWER at term 81 for recognizeCandidate:018b3f78-d19f-4e26-a796-cb8ddc4f97cf
2019-10-18 13:01:38,931 [grpc-default-executor-7] INFO  impl.RoleInfo (RoleInfo.java:shutdownFollowerState(121)) - 893cf03e-f2cf-478a-892a-a746717e50e3: shutdown FollowerState
2019-10-18 13:01:38,931 [grpc-default-executor-0] INFO  impl.RoleInfo (RoleInfo.java:shutdownFollowerState(121)) - 8697df36-98d2-41b1-bdc7-60597b3b5526: shutdown FollowerState
2019-10-18 13:01:38,931 [Thread-1497] INFO  impl.FollowerState (FollowerState.java:run(117)) - 893cf03e-f2cf-478a-892a-a746717e50e3@group-187684C21557-FollowerState was interrupted: java.lang.InterruptedException: sleep interrupted
2019-10-18 13:01:38,931 [grpc-default-executor-7] INFO  impl.RoleInfo (RoleInfo.java:updateAndGet(143)) - 893cf03e-f2cf-478a-892a-a746717e50e3: start FollowerState
2019-10-18 13:01:38,931 [grpc-default-executor-0] INFO  impl.RoleInfo (RoleInfo.java:updateAndGet(143)) - 8697df36-98d2-41b1-bdc7-60597b3b5526: start FollowerState
2019-10-18 13:01:38,931 [Thread-1496] INFO  impl.FollowerState (FollowerState.java:run(117)) - 8697df36-98d2-41b1-bdc7-60597b3b5526@group-187684C21557-FollowerState was interrupted: java.lang.InterruptedException: sleep interrupted
2019-10-18 13:01:38,933 [Thread-1492] INFO  impl.FollowerState (FollowerState.java:run(108)) - c124d131-afb9-4343-ad4e-aaebde613043@group-FF4202234884-FollowerState: change to CANDIDATE, lastRpcTime:105ms, electionTimeout:105ms
2019-10-18 13:01:38,934 [Thread-1492] INFO  impl.RoleInfo (RoleInfo.java:shutdownFollowerState(121)) - c124d131-afb9-4343-ad4e-aaebde613043: shutdown FollowerState
2019-10-18 13:01:38,934 [Thread-1492] INFO  impl.RaftServerImpl (RaftServerImpl.java:setRole(184)) - c124d131-afb9-4343-ad4e-aaebde613043@group-FF4202234884: changes role from  FOLLOWER to CANDIDATE at term 80 for changeToCandidate
2019-10-18 13:01:38,934 [Thread-1492] INFO  impl.RoleInfo (RoleInfo.java:updateAndGet(143)) - c124d131-afb9-4343-ad4e-aaebde613043: start LeaderElection
2019-10-18 13:01:38,955 [c124d131-afb9-4343-ad4e-aaebde613043@group-FF4202234884-LeaderElection158] INFO  impl.LeaderElection (LeaderElection.java:askForVotes(178)) - c124d131-afb9-4343-ad4e-aaebde613043@group-FF4202234884-LeaderElection158: begin an election at term 81 for -1: [999343e7-0330-4874-a345-91eca72585e0:192.168.34.56:44872, c124d131-afb9-4343-ad4e-aaebde613043:192.168.34.56:42116, e5bb327f-cdd7-4e49-919e-13a4c895fddf:192.168.34.56:36658], old=null
2019-10-18 13:01:38,956 [018b3f78-d19f-4e26-a796-cb8ddc4f97cf@group-187684C21557-LeaderElection157] INFO  impl.LeaderElection (LeaderElection.java:logAndReturn(56)) - 018b3f78-d19f-4e26-a796-cb8ddc4f97cf@group-187684C21557-LeaderElection157: Election REJECTED; received 2 response(s) [018b3f78-d19f-4e26-a796-cb8ddc4f97cf<-893cf03e-f2cf-478a-892a-a746717e50e3#0:FAIL-t81, 018b3f78-d19f-4e26-a796-cb8ddc4f97cf<-8697df36-98d2-41b1-bdc7-60597b3b5526#0:FAIL-t81] and 0 exception(s); 018b3f78-d19f-4e26-a796-cb8ddc4f97cf@group-187684C21557:t81, leader=null, voted=018b3f78-d19f-4e26-a796-cb8ddc4f97cf, raftlog=018b3f78-d19f-4e26-a796-cb8ddc4f97cf@group-187684C21557-SegmentedRaftLog:OPENED:c-1,f-1,i0, conf=-1: [893cf03e-f2cf-478a-892a-a746717e50e3:192.168.34.56:40750, 8697df36-98d2-41b1-bdc7-60597b3b5526:192.168.34.56:46415, 018b3f78-d19f-4e26-a796-cb8ddc4f97cf:192.168.34.56:35845], old=null
2019-10-18 13:01:38,956 [018b3f78-d19f-4e26-a796-cb8ddc4f97cf@group-187684C21557-LeaderElection157] INFO  impl.RaftServerImpl (RaftServerImpl.java:setRole(184)) - 018b3f78-d19f-4e26-a796-cb8ddc4f97cf@group-187684C21557: changes role from CANDIDATE to FOLLOWER at term 81 for DISCOVERED_A_NEW_TERM
2019-10-18 13:01:38,956 [018b3f78-d19f-4e26-a796-cb8ddc4f97cf@group-187684C21557-LeaderElection157] INFO  impl.RoleInfo (RoleInfo.java:shutdownLeaderElection(134)) - 018b3f78-d19f-4e26-a796-cb8ddc4f97cf: shutdown LeaderElection
2019-10-18 13:01:38,956 [018b3f78-d19f-4e26-a796-cb8ddc4f97cf@group-187684C21557-LeaderElection157] INFO  impl.RoleInfo (RoleInfo.java:updateAndGet(143)) - 018b3f78-d19f-4e26-a796-cb8ddc4f97cf: start FollowerState
2019-10-18 13:01:38,957 [grpc-default-executor-7] INFO  impl.RaftServerImpl (RaftServerImpl.java:setRole(184)) - e5bb327f-cdd7-4e49-919e-13a4c895fddf@group-FF4202234884: changes role from  FOLLOWER to FOLLOWER at term 81 for recognizeCandidate:c124d131-afb9-4343-ad4e-aaebde613043
2019-10-18 13:01:38,957 [grpc-default-executor-0] INFO  impl.RaftServerImpl (RaftServerImpl.java:setRole(184)) - 999343e7-0330-4874-a345-91eca72585e0@group-FF4202234884: changes role from  FOLLOWER to FOLLOWER at term 81 for recognizeCandidate:c124d131-afb9-4343-ad4e-aaebde613043
2019-10-18 13:01:38,957 [grpc-default-executor-7] INFO  impl.RoleInfo (RoleInfo.java:shutdownFollowerState(121)) - e5bb327f-cdd7-4e49-919e-13a4c895fddf: shutdown FollowerState
2019-10-18 13:01:38,957 [grpc-default-executor-0] INFO  impl.RoleInfo (RoleInfo.java:shutdownFollowerState(121)) - 999343e7-0330-4874-a345-91eca72585e0: shutdown FollowerState
2019-10-18 13:01:38,957 [Thread-1491] INFO  impl.FollowerState (FollowerState.java:run(117)) - e5bb327f-cdd7-4e49-919e-13a4c895fddf@group-FF4202234884-FollowerState was interrupted: java.lang.InterruptedException: sleep interrupted
2019-10-18 13:01:38,957 [grpc-default-executor-7] INFO  impl.RoleInfo (RoleInfo.java:updateAndGet(143)) - e5bb327f-cdd7-4e49-919e-13a4c895fddf: start FollowerState
2019-10-18 13:01:38,957 [Thread-1490] INFO  impl.FollowerState (FollowerState.java:run(117)) - 999343e7-0330-4874-a345-91eca72585e0@group-FF4202234884-FollowerState was interrupted: java.lang.InterruptedException: sleep interrupted
2019-10-18 13:01:38,957 [grpc-default-executor-0] INFO  impl.RoleInfo (RoleInfo.java:updateAndGet(143)) - 999343e7-0330-4874-a345-91eca72585e0: start FollowerState
2019-10-18 13:01:38,970 [c124d131-afb9-4343-ad4e-aaebde613043@group-FF4202234884-LeaderElection158] INFO  impl.LeaderElection (LeaderElection.java:logAndReturn(56)) - c124d131-afb9-4343-ad4e-aaebde613043@group-FF4202234884-LeaderElection158: Election TIMEOUT; received 0 response(s) [] and 0 exception(s); c124d131-afb9-4343-ad4e-aaebde613043@group-FF4202234884:t81, leader=null, voted=c124d131-afb9-4343-ad4e-aaebde613043, raftlog=c124d131-afb9-4343-ad4e-aaebde613043@group-FF4202234884-SegmentedRaftLog:OPENED:c-1,f-1,i0, conf=-1: [999343e7-0330-4874-a345-91eca72585e0:192.168.34.56:44872, c124d131-afb9-4343-ad4e-aaebde613043:192.168.34.56:42116, e5bb327f-cdd7-4e49-919e-13a4c895fddf:192.168.34.56:36658], old=null
2019-10-18 13:01:39,000 [c124d131-afb9-4343-ad4e-aaebde613043@group-FF4202234884-LeaderElection158] INFO  impl.LeaderElection (LeaderElection.java:askForVotes(178)) - c124d131-afb9-4343-ad4e-aaebde613043@group-FF4202234884-LeaderElection158: begin an election at term 82 for -1: [999343e7-0330-4874-a345-91eca72585e0:192.168.34.56:44872, c124d131-afb9-4343-ad4e-aaebde613043:192.168.34.56:42116, e5bb327f-cdd7-4e49-919e-13a4c895fddf:192.168.34.56:36658], old=null
2019-10-18 13:01:39,001 [grpc-default-executor-7] INFO  impl.RaftServerImpl (RaftServerImpl.java:setRole(184)) - e5bb327f-cdd7-4e49-919e-13a4c895fddf@group-FF4202234884: changes role from  FOLLOWER to FOLLOWER at term 82 for recognizeCandidate:c124d131-afb9-4343-ad4e-aaebde613043
2019-10-18 13:01:39,001 [grpc-default-executor-0] INFO  impl.RaftServerImpl (RaftServerImpl.java:setRole(184)) - 999343e7-0330-4874-a345-91eca72585e0@group-FF4202234884: changes role from  FOLLOWER to FOLLOWER at term 82 for recognizeCandidate:c124d131-afb9-4343-ad4e-aaebde613043
2019-10-18 13:01:39,002 [grpc-default-executor-7] INFO  impl.RoleInfo (RoleInfo.java:shutdownFollowerState(121)) - e5bb327f-cdd7-4e49-919e-13a4c895fddf: shutdown FollowerState
2019-10-18 13:01:39,002 [grpc-default-executor-0] INFO  impl.RoleInfo (RoleInfo.java:shutdownFollowerState(121)) - 999343e7-0330-4874-a345-91eca72585e0: shutdown FollowerState
2019-10-18 13:01:39,002 [grpc-default-executor-7] INFO  impl.RoleInfo (RoleInfo.java:updateAndGet(143)) - e5bb327f-cdd7-4e49-919e-13a4c895fddf: start FollowerState
2019-10-18 13:01:39,002 [Thread-1506] INFO  impl.FollowerState (FollowerState.java:run(117)) - e5bb327f-cdd7-4e49-919e-13a4c895fddf@group-FF4202234884-FollowerState was interrupted: java.lang.InterruptedException: sleep interrupted
2019-10-18 13:01:39,002 [Thread-1507] INFO  impl.FollowerState (FollowerState.java:run(117)) - 999343e7-0330-4874-a345-91eca72585e0@group-FF4202234884-FollowerState was interrupted: java.lang.InterruptedException: sleep interrupted
2019-10-18 13:01:39,002 [grpc-default-executor-0] INFO  impl.RoleInfo (RoleInfo.java:updateAndGet(143)) - 999343e7-0330-4874-a345-91eca72585e0: start FollowerState
2019-10-18 13:01:39,026 [c124d131-afb9-4343-ad4e-aaebde613043@group-FF4202234884-LeaderElection158] INFO  impl.LeaderElection (LeaderElection.java:logAndReturn(56)) - c124d131-afb9-4343-ad4e-aaebde613043@group-FF4202234884-LeaderElection158: Election REJECTED; received 2 response(s) [c124d131-afb9-4343-ad4e-aaebde613043<-999343e7-0330-4874-a345-91eca72585e0#0:FAIL-t82, c124d131-afb9-4343-ad4e-aaebde613043<-e5bb327f-cdd7-4e49-919e-13a4c895fddf#0:FAIL-t82] and 0 exception(s); c124d131-afb9-4343-ad4e-aaebde613043@group-FF4202234884:t82, leader=null, voted=c124d131-afb9-4343-ad4e-aaebde613043, raftlog=c124d131-afb9-4343-ad4e-aaebde613043@group-FF4202234884-SegmentedRaftLog:OPENED:c-1,f-1,i0, conf=-1: [999343e7-0330-4874-a345-91eca72585e0:192.168.34.56:44872, c124d131-afb9-4343-ad4e-aaebde613043:192.168.34.56:42116, e5bb327f-cdd7-4e49-919e-13a4c895fddf:192.168.34.56:36658], old=null
2019-10-18 13:01:39,026 [c124d131-afb9-4343-ad4e-aaebde613043@group-FF4202234884-LeaderElection158] INFO  impl.RaftServerImpl (RaftServerImpl.java:setRole(184)) - c124d131-afb9-4343-ad4e-aaebde613043@group-FF4202234884: changes role from CANDIDATE to FOLLOWER at term 82 for DISCOVERED_A_NEW_TERM
2019-10-18 13:01:39,026 [c124d131-afb9-4343-ad4e-aaebde613043@group-FF4202234884-LeaderElection158] INFO  impl.RoleInfo (RoleInfo.java:shutdownLeaderElection(134)) - c124d131-afb9-4343-ad4e-aaebde613043: shutdown LeaderElection
2019-10-18 13:01:39,027 [c124d131-afb9-4343-ad4e-aaebde613043@group-FF4202234884-LeaderElection158] INFO  impl.RoleInfo (RoleInfo.java:updateAndGet(143)) - c124d131-afb9-4343-ad4e-aaebde613043: start FollowerState
2019-10-18 13:01:39,135 [Thread-1505] INFO  impl.FollowerState (FollowerState.java:run(108)) - 018b3f78-d19f-4e26-a796-cb8ddc4f97cf@group-187684C21557-FollowerState: change to CANDIDATE, lastRpcTime:178ms, electionTimeout:178ms
2019-10-18 13:01:39,135 [Thread-1505] INFO  impl.RoleInfo (RoleInfo.java:shutdownFollowerState(121)) - 018b3f78-d19f-4e26-a796-cb8ddc4f97cf: shutdown FollowerState
2019-10-18 13:01:39,135 [Thread-1505] INFO  impl.RaftServerImpl (RaftServerImpl.java:setRole(184)) - 018b3f78-d19f-4e26-a796-cb8ddc4f97cf@group-187684C21557: changes role from  FOLLOWER to CANDIDATE at term 81 for changeToCandidate
2019-10-18 13:01:39,135 [Thread-1505] INFO  impl.RoleInfo (RoleInfo.java:updateAndGet(143)) - 018b3f78-d19f-4e26-a796-cb8ddc4f97cf: start LeaderElection
2019-10-18 13:01:39,142 [Thread-1512] INFO  impl.FollowerState (FollowerState.java:run(108)) - c124d131-afb9-4343-ad4e-aaebde613043@group-FF4202234884-FollowerState: change to CANDIDATE, lastRpcTime:115ms, electionTimeout:115ms
2019-10-18 13:01:39,142 [Thread-1512] INFO  impl.RoleInfo (RoleInfo.java:shutdownFollowerState(121)) - c124d131-afb9-4343-ad4e-aaebde613043: shutdown FollowerState
2019-10-18 13:01:39,142 [Thread-1512] INFO  impl.RaftServerImpl (RaftServerImpl.java:setRole(184)) - c124d131-afb9-4343-ad4e-aaebde613043@group-FF4202234884: changes role from  FOLLOWER to CANDIDATE at term 82 for changeToCandidate
2019-10-18 13:01:39,142 [Thread-1512] INFO  impl.RoleInfo (RoleInfo.java:updateAndGet(143)) - c124d131-afb9-4343-ad4e-aaebde613043: start LeaderElection
2019-10-18 13:01:39,160 [018b3f78-d19f-4e26-a796-cb8ddc4f97cf@group-187684C21557-LeaderElection159] INFO  impl.LeaderElection (LeaderElection.java:askForVotes(178)) - 018b3f78-d19f-4e26-a796-cb8ddc4f97cf@group-187684C21557-LeaderElection159: begin an election at term 82 for -1: [893cf03e-f2cf-478a-892a-a746717e50e3:192.168.34.56:40750, 8697df36-98d2-41b1-bdc7-60597b3b5526:192.168.34.56:46415, 018b3f78-d19f-4e26-a796-cb8ddc4f97cf:192.168.34.56:35845], old=null
2019-10-18 13:01:39,160 [c124d131-afb9-4343-ad4e-aaebde613043@group-FF4202234884-LeaderElection160] INFO  impl.LeaderElection (LeaderElection.java:askForVotes(178)) - c124d131-afb9-4343-ad4e-aaebde613043@group-FF4202234884-LeaderElection160: begin an election at term 83 for -1: [999343e7-0330-4874-a345-91eca72585e0:192.168.34.56:44872, c124d131-afb9-4343-ad4e-aaebde613043:192.168.34.56:42116, e5bb327f-cdd7-4e49-919e-13a4c895fddf:192.168.34.56:36658], old=null
2019-10-18 13:01:39,161 [grpc-default-executor-7] INFO  impl.RaftServerImpl (RaftServerImpl.java:setRole(184)) - e5bb327f-cdd7-4e49-919e-13a4c895fddf@group-FF4202234884: changes role from  FOLLOWER to FOLLOWER at term 83 for recognizeCandidate:c124d131-afb9-4343-ad4e-aaebde613043
2019-10-18 13:01:39,161 [grpc-default-executor-7] INFO  impl.RoleInfo (RoleInfo.java:shutdownFollowerState(121)) - e5bb327f-cdd7-4e49-919e-13a4c895fddf: shutdown FollowerState
2019-10-18 13:01:39,161 [grpc-default-executor-0] INFO  impl.RaftServerImpl (RaftServerImpl.java:setRole(184)) - 8697df36-98d2-41b1-bdc7-60597b3b5526@group-187684C21557: changes role from  FOLLOWER to FOLLOWER at term 82 for recognizeCandidate:018b3f78-d19f-4e26-a796-cb8ddc4f97cf
2019-10-18 13:01:39,162 [Thread-1510] INFO  impl.FollowerState (FollowerState.java:run(117)) - e5bb327f-cdd7-4e49-919e-13a4c895fddf@group-FF4202234884-FollowerState was interrupted: java.lang.InterruptedException: sleep interrupted
2019-10-18 13:01:39,161 [grpc-default-executor-7] INFO  impl.RoleInfo (RoleInfo.java:updateAndGet(143)) - e5bb327f-cdd7-4e49-919e-13a4c895fddf: start FollowerState
2019-10-18 13:01:39,162 [grpc-default-executor-5] INFO  impl.RaftServerImpl (RaftServerImpl.java:setRole(184)) - 893cf03e-f2cf-478a-892a-a746717e50e3@group-187684C21557: changes role from  FOLLOWER to FOLLOWER at term 82 for recognizeCandidate:018b3f78-d19f-4e26-a796-cb8ddc4f97cf
2019-10-18 13:01:39,162 [grpc-default-executor-2] INFO  impl.RaftServerImpl (RaftServerImpl.java:setRole(184)) - 999343e7-0330-4874-a345-91eca72585e0@group-FF4202234884: changes role from  FOLLOWER to FOLLOWER at term 83 for recognizeCandidate:c124d131-afb9-4343-ad4e-aaebde613043
2019-10-18 13:01:39,162 [grpc-default-executor-0] INFO  impl.RoleInfo (RoleInfo.java:shutdownFollowerState(121)) - 8697df36-98d2-41b1-bdc7-60597b3b5526: shutdown FollowerState
2019-10-18 13:01:39,162 [grpc-default-executor-2] INFO  impl.RoleInfo (RoleInfo.java:shutdownFollowerState(121)) - 999343e7-0330-4874-a345-91eca72585e0: shutdown FollowerState
2019-10-18 13:01:39,162 [Thread-1501] INFO  impl.FollowerState (FollowerState.java:run(117)) - 8697df36-98d2-41b1-bdc7-60597b3b5526@group-187684C21557-FollowerState was interrupted: java.lang.InterruptedException: sleep interrupted
2019-10-18 13:01:39,162 [grpc-default-executor-5] INFO  impl.RoleInfo (RoleInfo.java:shutdownFollowerState(121)) - 893cf03e-f2cf-478a-892a-a746717e50e3: shutdown FollowerState
2019-10-18 13:01:39,162 [Thread-1511] INFO  impl.FollowerState (FollowerState.java:run(117)) - 999343e7-0330-4874-a345-91eca72585e0@group-FF4202234884-FollowerState was interrupted: java.lang.InterruptedException: sleep interrupted
2019-10-18 13:01:39,162 [Thread-1500] INFO  impl.FollowerState (FollowerState.java:run(117)) - 893cf03e-f2cf-478a-892a-a746717e50e3@group-187684C21557-FollowerState was interrupted: java.lang.InterruptedException: sleep interrupted
2019-10-18 13:01:39,162 [grpc-default-executor-2] INFO  impl.RoleInfo (RoleInfo.java:updateAndGet(143)) - 999343e7-0330-4874-a345-91eca72585e0: start FollowerState
2019-10-18 13:01:39,162 [grpc-default-executor-0] INFO  impl.RoleInfo (RoleInfo.java:updateAndGet(143)) - 8697df36-98d2-41b1-bdc7-60597b3b5526: start FollowerState
2019-10-18 13:01:39,162 [grpc-default-executor-5] INFO  impl.RoleInfo (RoleInfo.java:updateAndGet(143)) - 893cf03e-f2cf-478a-892a-a746717e50e3: start FollowerState
2019-10-18 13:01:39,180 [c124d131-afb9-4343-ad4e-aaebde613043@group-FF4202234884-LeaderElection160] INFO  impl.LeaderElection (LeaderElection.java:logAndReturn(56)) - c124d131-afb9-4343-ad4e-aaebde613043@group-FF4202234884-LeaderElection160: Election REJECTED; received 2 response(s) [c124d131-afb9-4343-ad4e-aaebde613043<-999343e7-0330-4874-a345-91eca72585e0#0:FAIL-t83, c124d131-afb9-4343-ad4e-aaebde613043<-e5bb327f-cdd7-4e49-919e-13a4c895fddf#0:FAIL-t83] and 0 exception(s); c124d131-afb9-4343-ad4e-aaebde613043@group-FF4202234884:t83, leader=null, voted=c124d131-afb9-4343-ad4e-aaebde613043, raftlog=c124d131-afb9-4343-ad4e-aaebde613043@group-FF4202234884-SegmentedRaftLog:OPENED:c-1,f-1,i0, conf=-1: [999343e7-0330-4874-a345-91eca72585e0:192.168.34.56:44872, c124d131-afb9-4343-ad4e-aaebde613043:192.168.34.56:42116, e5bb327f-cdd7-4e49-919e-13a4c895fddf:192.168.34.56:36658], old=null
2019-10-18 13:01:39,180 [018b3f78-d19f-4e26-a796-cb8ddc4f97cf@group-187684C21557-LeaderElection159] INFO  impl.LeaderElection (LeaderElection.java:logAndReturn(56)) - 018b3f78-d19f-4e26-a796-cb8ddc4f97cf@group-187684C21557-LeaderElection159: Election REJECTED; received 2 response(s) [018b3f78-d19f-4e26-a796-cb8ddc4f97cf<-893cf03e-f2cf-478a-892a-a746717e50e3#0:FAIL-t82, 018b3f78-d19f-4e26-a796-cb8ddc4f97cf<-8697df36-98d2-41b1-bdc7-60597b3b5526#0:FAIL-t82] and 0 exception(s); 018b3f78-d19f-4e26-a796-cb8ddc4f97cf@group-187684C21557:t82, leader=null, voted=018b3f78-d19f-4e26-a796-cb8ddc4f97cf, raftlog=018b3f78-d19f-4e26-a796-cb8ddc4f97cf@group-187684C21557-SegmentedRaftLog:OPENED:c-1,f-1,i0, conf=-1: [893cf03e-f2cf-478a-892a-a746717e50e3:192.168.34.56:40750, 8697df36-98d2-41b1-bdc7-60597b3b5526:192.168.34.56:46415, 018b3f78-d19f-4e26-a796-cb8ddc4f97cf:192.168.34.56:35845], old=null
2019-10-18 13:01:39,180 [c124d131-afb9-4343-ad4e-aaebde613043@group-FF4202234884-LeaderElection160] INFO  impl.RaftServerImpl (RaftServerImpl.java:setRole(184)) - c124d131-afb9-4343-ad4e-aaebde613043@group-FF4202234884: changes role from CANDIDATE to FOLLOWER at term 83 for DISCOVERED_A_NEW_TERM
2019-10-18 13:01:39,180 [018b3f78-d19f-4e26-a796-cb8ddc4f97cf@group-187684C21557-LeaderElection159] INFO  impl.RaftServerImpl (RaftServerImpl.java:setRole(184)) - 018b3f78-d19f-4e26-a796-cb8ddc4f97cf@group-187684C21557: changes role from CANDIDATE to FOLLOWER at term 82 for DISCOVERED_A_NEW_TERM
2019-10-18 13:01:39,180 [c124d131-afb9-4343-ad4e-aaebde613043@group-FF4202234884-LeaderElection160] INFO  impl.RoleInfo (RoleInfo.java:shutdownLeaderElection(134)) - c124d131-afb9-4343-ad4e-aaebde613043: shutdown LeaderElection
2019-10-18 13:01:39,180 [018b3f78-d19f-4e26-a796-cb8ddc4f97cf@group-187684C21557-LeaderElection159] INFO  impl.RoleInfo (RoleInfo.java:shutdownLeaderElection(134)) - 018b3f78-d19f-4e26-a796-cb8ddc4f97cf: shutdown LeaderElection
2019-10-18 13:01:39,180 [c124d131-afb9-4343-ad4e-aaebde613043@group-FF4202234884-LeaderElection160] INFO  impl.RoleInfo (RoleInfo.java:updateAndGet(143)) - c124d131-afb9-4343-ad4e-aaebde613043: start FollowerState
2019-10-18 13:01:39,180 [018b3f78-d19f-4e26-a796-cb8ddc4f97cf@group-187684C21557-LeaderElection159] INFO  impl.RoleInfo (RoleInfo.java:updateAndGet(143)) - 018b3f78-d19f-4e26-a796-cb8ddc4f97cf: start FollowerState
2019-10-18 13:01:39,190 [Thread-1525] INFO  impl.FollowerState (FollowerState.java:run(108)) - 018b3f78-d19f-4e26-a796-cb8ddc4f97cf@group-187684C21557-FollowerState: change to CANDIDATE, lastRpcTime:9ms, electionTimeout:9ms
2019-10-18 13:01:39,190 [Thread-1525] INFO  impl.RoleInfo (RoleInfo.java:shutdownFollowerState(121)) - 018b3f78-d19f-4e26-a796-cb8ddc4f97cf: shutdown FollowerState
2019-10-18 13:01:39,190 [Thread-1525] INFO  impl.RaftServerImpl (RaftServerImpl.java:setRole(184)) - 018b3f78-d19f-4e26-a796-cb8ddc4f97cf@group-187684C21557: changes role from  FOLLOWER to CANDIDATE at term 82 for changeToCandidate
2019-10-18 13:01:39,190 [Thread-1525] INFO  impl.RoleInfo (RoleInfo.java:updateAndGet(143)) - 018b3f78-d19f-4e26-a796-cb8ddc4f97cf: start LeaderElection
2019-10-18 13:01:39,203 [018b3f78-d19f-4e26-a796-cb8ddc4f97cf@group-187684C21557-LeaderElection161] INFO  impl.LeaderElection (LeaderElection.java:askForVotes(178)) - 018b3f78-d19f-4e26-a796-cb8ddc4f97cf@group-187684C21557-LeaderElection161: begin an election at term 83 for -1: [893cf03e-f2cf-478a-892a-a746717e50e3:192.168.34.56:40750, 8697df36-98d2-41b1-bdc7-60597b3b5526:192.168.34.56:46415, 018b3f78-d19f-4e26-a796-cb8ddc4f97cf:192.168.34.56:35845], old=null
2019-10-18 13:01:39,205 [grpc-default-executor-2] INFO  impl.RaftServerImpl (RaftServerImpl.java:setRole(184)) - 8697df36-98d2-41b1-bdc7-60597b3b5526@group-187684C21557: changes role from  FOLLOWER to FOLLOWER at term 83 for recognizeCandidate:018b3f78-d19f-4e26-a796-cb8ddc4f97cf
2019-10-18 13:01:39,205 [grpc-default-executor-5] INFO  impl.RaftServerImpl (RaftServerImpl.java:setRole(184)) - 893cf03e-f2cf-478a-892a-a746717e50e3@group-187684C21557: changes role from  FOLLOWER to FOLLOWER at term 83 for recognizeCandidate:018b3f78-d19f-4e26-a796-cb8ddc4f97cf
2019-10-18 13:01:39,205 [grpc-default-executor-2] INFO  impl.RoleInfo (RoleInfo.java:shutdownFollowerState(121)) - 8697df36-98d2-41b1-bdc7-60597b3b5526: shutdown FollowerState
2019-10-18 13:01:39,205 [grpc-default-executor-5] INFO  impl.RoleInfo (RoleInfo.java:shutdownFollowerState(121)) - 893cf03e-f2cf-478a-892a-a746717e50e3: shutdown FollowerState
2019-10-18 13:01:39,205 [grpc-default-executor-2] INFO  impl.RoleInfo (RoleInfo.java:updateAndGet(143)) - 8697df36-98d2-41b1-bdc7-60597b3b5526: start FollowerState
2019-10-18 13:01:39,206 [Thread-1523] INFO  impl.FollowerState (FollowerState.java:run(117)) - 893cf03e-f2cf-478a-892a-a746717e50e3@group-187684C21557-FollowerState was interrupted: java.lang.InterruptedException: sleep interrupted
2019-10-18 13:01:39,206 [grpc-default-executor-5] INFO  impl.RoleInfo (RoleInfo.java:updateAndGet(143)) - 893cf03e-f2cf-478a-892a-a746717e50e3: start FollowerState
2019-10-18 13:01:39,205 [Thread-1521] INFO  impl.FollowerState (FollowerState.java:run(117)) - 8697df36-98d2-41b1-bdc7-60597b3b5526@group-187684C21557-FollowerState was interrupted: java.lang.InterruptedException: sleep interrupted
2019-10-18 13:01:39,230 [018b3f78-d19f-4e26-a796-cb8ddc4f97cf@group-187684C21557-LeaderElection161] INFO  impl.LeaderElection (LeaderElection.java:logAndReturn(56)) - 018b3f78-d19f-4e26-a796-cb8ddc4f97cf@group-187684C21557-LeaderElection161: Election REJECTED; received 2 response(s) [018b3f78-d19f-4e26-a796-cb8ddc4f97cf<-893cf03e-f2cf-478a-892a-a746717e50e3#0:FAIL-t83, 018b3f78-d19f-4e26-a796-cb8ddc4f97cf<-8697df36-98d2-41b1-bdc7-60597b3b5526#0:FAIL-t83] and 0 exception(s); 018b3f78-d19f-4e26-a796-cb8ddc4f97cf@group-187684C21557:t83, leader=null, voted=018b3f78-d19f-4e26-a796-cb8ddc4f97cf, raftlog=018b3f78-d19f-4e26-a796-cb8ddc4f97cf@group-187684C21557-SegmentedRaftLog:OPENED:c-1,f-1,i0, conf=-1: [893cf03e-f2cf-478a-892a-a746717e50e3:192.168.34.56:40750, 8697df36-98d2-41b1-bdc7-60597b3b5526:192.168.34.56:46415, 018b3f78-d19f-4e26-a796-cb8ddc4f97cf:192.168.34.56:35845], old=null
2019-10-18 13:01:39,230 [018b3f78-d19f-4e26-a796-cb8ddc4f97cf@group-187684C21557-LeaderElection161] INFO  impl.RaftServerImpl (RaftServerImpl.java:setRole(184)) - 018b3f78-d19f-4e26-a796-cb8ddc4f97cf@group-187684C21557: changes role from CANDIDATE to FOLLOWER at term 83 for DISCOVERED_A_NEW_TERM
2019-10-18 13:01:39,230 [018b3f78-d19f-4e26-a796-cb8ddc4f97cf@group-187684C21557-LeaderElection161] INFO  impl.RoleInfo (RoleInfo.java:shutdownLeaderElection(134)) - 018b3f78-d19f-4e26-a796-cb8ddc4f97cf: shutdown LeaderElection
2019-10-18 13:01:39,231 [018b3f78-d19f-4e26-a796-cb8ddc4f97cf@group-187684C21557-LeaderElection161] INFO  impl.RoleInfo (RoleInfo.java:updateAndGet(143)) - 018b3f78-d19f-4e26-a796-cb8ddc4f97cf: start FollowerState
2019-10-18 13:01:39,232 [Thread-1524] INFO  impl.FollowerState (FollowerState.java:run(108)) - c124d131-afb9-4343-ad4e-aaebde613043@group-FF4202234884-FollowerState: change to CANDIDATE, lastRpcTime:51ms, electionTimeout:51ms
2019-10-18 13:01:39,232 [Thread-1524] INFO  impl.RoleInfo (RoleInfo.java:shutdownFollowerState(121)) - c124d131-afb9-4343-ad4e-aaebde613043: shutdown FollowerState
2019-10-18 13:01:39,232 [Thread-1524] INFO  impl.RaftServerImpl (RaftServerImpl.java:setRole(184)) - c124d131-afb9-4343-ad4e-aaebde613043@group-FF4202234884: changes role from  FOLLOWER to CANDIDATE at term 83 for changeToCandidate
2019-10-18 13:01:39,232 [Thread-1524] INFO  impl.RoleInfo (RoleInfo.java:updateAndGet(143)) - c124d131-afb9-4343-ad4e-aaebde613043: start LeaderElection
2019-10-18 13:01:39,254 [c124d131-afb9-4343-ad4e-aaebde613043@group-FF4202234884-LeaderElection162] INFO  impl.LeaderElection (LeaderElection.java:askForVotes(178)) - c124d131-afb9-4343-ad4e-aaebde613043@group-FF4202234884-LeaderElection162: begin an election at term 84 for -1: [999343e7-0330-4874-a345-91eca72585e0:192.168.34.56:44872, c124d131-afb9-4343-ad4e-aaebde613043:192.168.34.56:42116, e5bb327f-cdd7-4e49-919e-13a4c895fddf:192.168.34.56:36658], old=null
2019-10-18 13:01:39,256 [grpc-default-executor-2] INFO  impl.RaftServerImpl (RaftServerImpl.java:setRole(184)) - 999343e7-0330-4874-a345-91eca72585e0@group-FF4202234884: changes role from  FOLLOWER to FOLLOWER at term 84 for recognizeCandidate:c124d131-afb9-4343-ad4e-aaebde613043
2019-10-18 13:01:39,256 [grpc-default-executor-5] INFO  impl.RaftServerImpl (RaftServerImpl.java:setRole(184)) - e5bb327f-cdd7-4e49-919e-13a4c895fddf@group-FF4202234884: changes role from  FOLLOWER to FOLLOWER at term 84 for recognizeCandidate:c124d131-afb9-4343-ad4e-aaebde613043
2019-10-18 13:01:39,256 [grpc-default-executor-2] INFO  impl.RoleInfo (RoleInfo.java:shutdownFollowerState(121)) - 999343e7-0330-4874-a345-91eca72585e0: shutdown FollowerState
2019-10-18 13:01:39,256 [grpc-default-executor-5] INFO  impl.RoleInfo (RoleInfo.java:shutdownFollowerState(121)) - e5bb327f-cdd7-4e49-919e-13a4c895fddf: shutdown FollowerState
2019-10-18 13:01:39,256 [grpc-default-executor-2] INFO  impl.RoleInfo (RoleInfo.java:updateAndGet(143)) - 999343e7-0330-4874-a345-91eca72585e0: start FollowerState
2019-10-18 13:01:39,256 [grpc-default-executor-5] INFO  impl.RoleInfo (RoleInfo.java:updateAndGet(143)) - e5bb327f-cdd7-4e49-919e-13a4c895fddf: start FollowerState
2019-10-18 13:01:39,256 [Thread-1522] INFO  impl.FollowerState (FollowerState.java:run(117)) - 999343e7-0330-4874-a345-91eca72585e0@group-FF4202234884-FollowerState was interrupted: java.lang.InterruptedException: sleep interrupted
2019-10-18 13:01:39,257 [Thread-1520] INFO  impl.FollowerState (FollowerState.java:run(117)) - e5bb327f-cdd7-4e49-919e-13a4c895fddf@group-FF4202234884-FollowerState was interrupted: java.lang.InterruptedException: sleep interrupted
2019-10-18 13:01:39,281 [c124d131-afb9-4343-ad4e-aaebde613043@group-FF4202234884-LeaderElection162] INFO  impl.LeaderElection (LeaderElection.java:logAndReturn(56)) - c124d131-afb9-4343-ad4e-aaebde613043@group-FF4202234884-LeaderElection162: Election REJECTED; received 2 response(s) [c124d131-afb9-4343-ad4e-aaebde613043<-999343e7-0330-4874-a345-91eca72585e0#0:FAIL-t84, c124d131-afb9-4343-ad4e-aaebde613043<-e5bb327f-cdd7-4e49-919e-13a4c895fddf#0:FAIL-t84] and 0 exception(s); c124d131-afb9-4343-ad4e-aaebde613043@group-FF4202234884:t84, leader=null, voted=c124d131-afb9-4343-ad4e-aaebde613043, raftlog=c124d131-afb9-4343-ad4e-aaebde613043@group-FF4202234884-SegmentedRaftLog:OPENED:c-1,f-1,i0, conf=-1: [999343e7-0330-4874-a345-91eca72585e0:192.168.34.56:44872, c124d131-afb9-4343-ad4e-aaebde613043:192.168.34.56:42116, e5bb327f-cdd7-4e49-919e-13a4c895fddf:192.168.34.56:36658], old=null
2019-10-18 13:01:39,281 [c124d131-afb9-4343-ad4e-aaebde613043@group-FF4202234884-LeaderElection162] INFO  impl.RaftServerImpl (RaftServerImpl.java:setRole(184)) - c124d131-afb9-4343-ad4e-aaebde613043@group-FF4202234884: changes role from CANDIDATE to FOLLOWER at term 84 for DISCOVERED_A_NEW_TERM
2019-10-18 13:01:39,281 [c124d131-afb9-4343-ad4e-aaebde613043@group-FF4202234884-LeaderElection162] INFO  impl.RoleInfo (RoleInfo.java:shutdownLeaderElection(134)) - c124d131-afb9-4343-ad4e-aaebde613043: shutdown LeaderElection
2019-10-18 13:01:39,281 [c124d131-afb9-4343-ad4e-aaebde613043@group-FF4202234884-LeaderElection162] INFO  impl.RoleInfo (RoleInfo.java:updateAndGet(143)) - c124d131-afb9-4343-ad4e-aaebde613043: start FollowerState
2019-10-18 13:01:39,324 [Thread-1531] INFO  impl.FollowerState (FollowerState.java:run(108)) - 018b3f78-d19f-4e26-a796-cb8ddc4f97cf@group-187684C21557-FollowerState: change to CANDIDATE, lastRpcTime:93ms, electionTimeout:93ms
2019-10-18 13:01:39,324 [Thread-1531] INFO  impl.RoleInfo (RoleInfo.java:shutdownFollowerState(121)) - 018b3f78-d19f-4e26-a796-cb8ddc4f97cf: shutdown FollowerState
2019-10-18 13:01:39,324 [Thread-1531] INFO  impl.RaftServerImpl (RaftServerImpl.java:setRole(184)) - 018b3f78-d19f-4e26-a796-cb8ddc4f97cf@group-187684C21557: changes role from  FOLLOWER to CANDIDATE at term 83 for changeToCandidate
2019-10-18 13:01:39,325 [Thread-1531] INFO  impl.RoleInfo (RoleInfo.java:updateAndGet(143)) - 018b3f78-d19f-4e26-a796-cb8ddc4f97cf: start LeaderElection
2019-10-18 13:01:39,362 [018b3f78-d19f-4e26-a796-cb8ddc4f97cf@group-187684C21557-LeaderElection163] INFO  impl.LeaderElection (LeaderElection.java:askForVotes(178)) - 018b3f78-d19f-4e26-a796-cb8ddc4f97cf@group-187684C21557-LeaderElection163: begin an election at term 84 for -1: [893cf03e-f2cf-478a-892a-a746717e50e3:192.168.34.56:40750, 8697df36-98d2-41b1-bdc7-60597b3b5526:192.168.34.56:46415, 018b3f78-d19f-4e26-a796-cb8ddc4f97cf:192.168.34.56:35845], old=null
2019-10-18 13:01:39,364 [grpc-default-executor-2] INFO  impl.RaftServerImpl (RaftServerImpl.java:setRole(184)) - 8697df36-98d2-41b1-bdc7-60597b3b5526@group-187684C21557: changes role from  FOLLOWER to FOLLOWER at term 84 for recognizeCandidate:018b3f78-d19f-4e26-a796-cb8ddc4f97cf
2019-10-18 13:01:39,364 [grpc-default-executor-5] INFO  impl.RaftServerImpl (RaftServerImpl.java:setRole(184)) - 893cf03e-f2cf-478a-892a-a746717e50e3@group-187684C21557: changes role from  FOLLOWER to FOLLOWER at term 84 for recognizeCandidate:018b3f78-d19f-4e26-a796-cb8ddc4f97cf
2019-10-18 13:01:39,365 [grpc-default-executor-2] INFO  impl.RoleInfo (RoleInfo.java:shutdownFollowerState(121)) - 8697df36-98d2-41b1-bdc7-60597b3b5526: shutdown FollowerState
2019-10-18 13:01:39,365 [grpc-default-executor-5] INFO  impl.RoleInfo (RoleInfo.java:shutdownFollowerState(121)) - 893cf03e-f2cf-478a-892a-a746717e50e3: shutdown FollowerState
2019-10-18 13:01:39,365 [Thread-1529] INFO  impl.FollowerState (FollowerState.java:run(117)) - 8697df36-98d2-41b1-bdc7-60597b3b5526@group-187684C21557-FollowerState was interrupted: java.lang.InterruptedException: sleep interrupted
2019-10-18 13:01:39,365 [grpc-default-executor-2] INFO  impl.RoleInfo (RoleInfo.java:updateAndGet(143)) - 8697df36-98d2-41b1-bdc7-60597b3b5526: start FollowerState
2019-10-18 13:01:39,365 [grpc-default-executor-5] INFO  impl.RoleInfo (RoleInfo.java:updateAndGet(143)) - 893cf03e-f2cf-478a-892a-a746717e50e3: start FollowerState
2019-10-18 13:01:39,365 [Thread-1530] INFO  impl.FollowerState (FollowerState.java:run(117)) - 893cf03e-f2cf-478a-892a-a746717e50e3@group-187684C21557-FollowerState was interrupted: java.lang.InterruptedException: sleep interrupted
2019-10-18 13:01:39,387 [018b3f78-d19f-4e26-a796-cb8ddc4f97cf@group-187684C21557-LeaderElection163] INFO  impl.LeaderElection (LeaderElection.java:logAndReturn(56)) - 018b3f78-d19f-4e26-a796-cb8ddc4f97cf@group-187684C21557-LeaderElection163: Election REJECTED; received 2 response(s) [018b3f78-d19f-4e26-a796-cb8ddc4f97cf<-893cf03e-f2cf-478a-892a-a746717e50e3#0:FAIL-t84, 018b3f78-d19f-4e26-a796-cb8ddc4f97cf<-8697df36-98d2-41b1-bdc7-60597b3b5526#0:FAIL-t84] and 0 exception(s); 018b3f78-d19f-4e26-a796-cb8ddc4f97cf@group-187684C21557:t84, leader=null, voted=018b3f78-d19f-4e26-a796-cb8ddc4f97cf, raftlog=018b3f78-d19f-4e26-a796-cb8ddc4f97cf@group-187684C21557-SegmentedRaftLog:OPENED:c-1,f-1,i0, conf=-1: [893cf03e-f2cf-478a-892a-a746717e50e3:192.168.34.56:40750, 8697df36-98d2-41b1-bdc7-60597b3b5526:192.168.34.56:46415, 018b3f78-d19f-4e26-a796-cb8ddc4f97cf:192.168.34.56:35845], old=null
2019-10-18 13:01:39,387 [018b3f78-d19f-4e26-a796-cb8ddc4f97cf@group-187684C21557-LeaderElection163] INFO  impl.RaftServerImpl (RaftServerImpl.java:setRole(184)) - 018b3f78-d19f-4e26-a796-cb8ddc4f97cf@group-187684C21557: changes role from CANDIDATE to FOLLOWER at term 84 for DISCOVERED_A_NEW_TERM
2019-10-18 13:01:39,387 [018b3f78-d19f-4e26-a796-cb8ddc4f97cf@group-187684C21557-LeaderElection163] INFO  impl.RoleInfo (RoleInfo.java:shutdownLeaderElection(134)) - 018b3f78-d19f-4e26-a796-cb8ddc4f97cf: shutdown LeaderElection
2019-10-18 13:01:39,387 [018b3f78-d19f-4e26-a796-cb8ddc4f97cf@group-187684C21557-LeaderElection163] INFO  impl.RoleInfo (RoleInfo.java:updateAndGet(143)) - 018b3f78-d19f-4e26-a796-cb8ddc4f97cf: start FollowerState
2019-10-18 13:01:39,391 [Thread-1538] INFO  impl.FollowerState (FollowerState.java:run(108)) - c124d131-afb9-4343-ad4e-aaebde613043@group-FF4202234884-FollowerState: change to CANDIDATE, lastRpcTime:109ms, electionTimeout:109ms
2019-10-18 13:01:39,391 [Thread-1538] INFO  impl.RoleInfo (RoleInfo.java:shutdownFollowerState(121)) - c124d131-afb9-4343-ad4e-aaebde613043: shutdown FollowerState
2019-10-18 13:01:39,391 [Thread-1538] INFO  impl.RaftServerImpl (RaftServerImpl.java:setRole(184)) - c124d131-afb9-4343-ad4e-aaebde613043@group-FF4202234884: changes role from  FOLLOWER to CANDIDATE at term 84 for changeToCandidate
2019-10-18 13:01:39,391 [Thread-1538] INFO  impl.RoleInfo (RoleInfo.java:updateAndGet(143)) - c124d131-afb9-4343-ad4e-aaebde613043: start LeaderElection
2019-10-18 13:01:39,406 [c124d131-afb9-4343-ad4e-aaebde613043@group-FF4202234884-LeaderElection164] INFO  impl.LeaderElection (LeaderElection.java:askForVotes(178)) - c124d131-afb9-4343-ad4e-aaebde613043@group-FF4202234884-LeaderElection164: begin an election at term 85 for -1: [999343e7-0330-4874-a345-91eca72585e0:192.168.34.56:44872, c124d131-afb9-4343-ad4e-aaebde613043:192.168.34.56:42116, e5bb327f-cdd7-4e49-919e-13a4c895fddf:192.168.34.56:36658], old=null
2019-10-18 13:01:39,407 [grpc-default-executor-2] INFO  impl.RaftServerImpl (RaftServerImpl.java:setRole(184)) - 999343e7-0330-4874-a345-91eca72585e0@group-FF4202234884: changes role from  FOLLOWER to FOLLOWER at term 85 for recognizeCandidate:c124d131-afb9-4343-ad4e-aaebde613043
2019-10-18 13:01:39,407 [grpc-default-executor-5] INFO  impl.RaftServerImpl (RaftServerImpl.java:setRole(184)) - e5bb327f-cdd7-4e49-919e-13a4c895fddf@group-FF4202234884: changes role from  FOLLOWER to FOLLOWER at term 85 for recognizeCandidate:c124d131-afb9-4343-ad4e-aaebde613043
2019-10-18 13:01:39,407 [grpc-default-executor-2] INFO  impl.RoleInfo (RoleInfo.java:shutdownFollowerState(121)) - 999343e7-0330-4874-a345-91eca72585e0: shutdown FollowerState
2019-10-18 13:01:39,408 [grpc-default-executor-5] INFO  impl.RoleInfo (RoleInfo.java:shutdownFollowerState(121)) - e5bb327f-cdd7-4e49-919e-13a4c895fddf: shutdown FollowerState
2019-10-18 13:01:39,408 [Thread-1535] INFO  impl.FollowerState (FollowerState.java:run(117)) - 999343e7-0330-4874-a345-91eca72585e0@group-FF4202234884-FollowerState was interrupted: java.lang.InterruptedException: sleep interrupted
2019-10-18 13:01:39,408 [Thread-1536] INFO  impl.FollowerState (FollowerState.java:run(117)) - e5bb327f-cdd7-4e49-919e-13a4c895fddf@group-FF4202234884-FollowerState was interrupted: java.lang.InterruptedException: sleep interrupted
2019-10-18 13:01:39,408 [grpc-default-executor-2] INFO  impl.RoleInfo (RoleInfo.java:updateAndGet(143)) - 999343e7-0330-4874-a345-91eca72585e0: start FollowerState
2019-10-18 13:01:39,408 [grpc-default-executor-5] INFO  impl.RoleInfo (RoleInfo.java:updateAndGet(143)) - e5bb327f-cdd7-4e49-919e-13a4c895fddf: start FollowerState
2019-10-18 13:01:39,424 [c124d131-afb9-4343-ad4e-aaebde613043@group-FF4202234884-LeaderElection164] INFO  impl.LeaderElection (LeaderElection.java:logAndReturn(56)) - c124d131-afb9-4343-ad4e-aaebde613043@group-FF4202234884-LeaderElection164: Election REJECTED; received 2 response(s) [c124d131-afb9-4343-ad4e-aaebde613043<-999343e7-0330-4874-a345-91eca72585e0#0:FAIL-t85, c124d131-afb9-4343-ad4e-aaebde613043<-e5bb327f-cdd7-4e49-919e-13a4c895fddf#0:FAIL-t85] and 0 exception(s); c124d131-afb9-4343-ad4e-aaebde613043@group-FF4202234884:t85, leader=null, voted=c124d131-afb9-4343-ad4e-aaebde613043, raftlog=c124d131-afb9-4343-ad4e-aaebde613043@group-FF4202234884-SegmentedRaftLog:OPENED:c-1,f-1,i0, conf=-1: [999343e7-0330-4874-a345-91eca72585e0:192.168.34.56:44872, c124d131-afb9-4343-ad4e-aaebde613043:192.168.34.56:42116, e5bb327f-cdd7-4e49-919e-13a4c895fddf:192.168.34.56:36658], old=null
2019-10-18 13:01:39,424 [c124d131-afb9-4343-ad4e-aaebde613043@group-FF4202234884-LeaderElection164] INFO  impl.RaftServerImpl (RaftServerImpl.java:setRole(184)) - c124d131-afb9-4343-ad4e-aaebde613043@group-FF4202234884: changes role from CANDIDATE to FOLLOWER at term 85 for DISCOVERED_A_NEW_TERM
2019-10-18 13:01:39,424 [c124d131-afb9-4343-ad4e-aaebde613043@group-FF4202234884-LeaderElection164] INFO  impl.RoleInfo (RoleInfo.java:shutdownLeaderElection(134)) - c124d131-afb9-4343-ad4e-aaebde613043: shutdown LeaderElection
2019-10-18 13:01:39,424 [c124d131-afb9-4343-ad4e-aaebde613043@group-FF4202234884-LeaderElection164] INFO  impl.RoleInfo (RoleInfo.java:updateAndGet(143)) - c124d131-afb9-4343-ad4e-aaebde613043: start FollowerState
2019-10-18 13:01:39,432 [Thread-1550] INFO  impl.FollowerState (FollowerState.java:run(108)) - c124d131-afb9-4343-ad4e-aaebde613043@group-FF4202234884-FollowerState: change to CANDIDATE, lastRpcTime:7ms, electionTimeout:7ms
2019-10-18 13:01:39,432 [Thread-1550] INFO  impl.RoleInfo (RoleInfo.java:shutdownFollowerState(121)) - c124d131-afb9-4343-ad4e-aaebde613043: shutdown FollowerState
2019-10-18 13:01:39,432 [Thread-1550] INFO  impl.RaftServerImpl (RaftServerImpl.java:setRole(184)) - c124d131-afb9-4343-ad4e-aaebde613043@group-FF4202234884: changes role from  FOLLOWER to CANDIDATE at term 85 for changeToCandidate
2019-10-18 13:01:39,432 [Thread-1550] INFO  impl.RoleInfo (RoleInfo.java:updateAndGet(143)) - c124d131-afb9-4343-ad4e-aaebde613043: start LeaderElection
2019-10-18 13:01:39,447 [c124d131-afb9-4343-ad4e-aaebde613043@group-FF4202234884-LeaderElection165] INFO  impl.LeaderElection (LeaderElection.java:askForVotes(178)) - c124d131-afb9-4343-ad4e-aaebde613043@group-FF4202234884-LeaderElection165: begin an election at term 86 for -1: [999343e7-0330-4874-a345-91eca72585e0:192.168.34.56:44872, c124d131-afb9-4343-ad4e-aaebde613043:192.168.34.56:42116, e5bb327f-cdd7-4e49-919e-13a4c895fddf:192.168.34.56:36658], old=null
2019-10-18 13:01:39,449 [grpc-default-executor-2] INFO  impl.RaftServerImpl (RaftServerImpl.java:setRole(184)) - e5bb327f-cdd7-4e49-919e-13a4c895fddf@group-FF4202234884: changes role from  FOLLOWER to FOLLOWER at term 86 for recognizeCandidate:c124d131-afb9-4343-ad4e-aaebde613043
2019-10-18 13:01:39,449 [grpc-default-executor-5] INFO  impl.RaftServerImpl (RaftServerImpl.java:setRole(184)) - 999343e7-0330-4874-a345-91eca72585e0@group-FF4202234884: changes role from  FOLLOWER to FOLLOWER at term 86 for recognizeCandidate:c124d131-afb9-4343-ad4e-aaebde613043
2019-10-18 13:01:39,449 [grpc-default-executor-2] INFO  impl.RoleInfo (RoleInfo.java:shutdownFollowerState(121)) - e5bb327f-cdd7-4e49-919e-13a4c895fddf: shutdown FollowerState
2019-10-18 13:01:39,449 [grpc-default-executor-5] INFO  impl.RoleInfo (RoleInfo.java:shutdownFollowerState(121)) - 999343e7-0330-4874-a345-91eca72585e0: shutdown FollowerState
2019-10-18 13:01:39,449 [Thread-1549] INFO  impl.FollowerState (FollowerState.java:run(117)) - e5bb327f-cdd7-4e49-919e-13a4c895fddf@group-FF4202234884-FollowerState was interrupted: java.lang.InterruptedException: sleep interrupted
2019-10-18 13:01:39,449 [grpc-default-executor-2] INFO  impl.RoleInfo (RoleInfo.java:updateAndGet(143)) - e5bb327f-cdd7-4e49-919e-13a4c895fddf: start FollowerState
2019-10-18 13:01:39,449 [Thread-1548] INFO  impl.FollowerState (FollowerState.java:run(117)) - 999343e7-0330-4874-a345-91eca72585e0@group-FF4202234884-FollowerState was interrupted: java.lang.InterruptedException: sleep interrupted
2019-10-18 13:01:39,449 [grpc-default-executor-5] INFO  impl.RoleInfo (RoleInfo.java:updateAndGet(143)) - 999343e7-0330-4874-a345-91eca72585e0: start FollowerState
2019-10-18 13:01:39,489 [c124d131-afb9-4343-ad4e-aaebde613043@group-FF4202234884-LeaderElection165] INFO  impl.LeaderElection (LeaderElection.java:logAndReturn(56)) - c124d131-afb9-4343-ad4e-aaebde613043@group-FF4202234884-LeaderElection165: Election REJECTED; received 2 response(s) [c124d131-afb9-4343-ad4e-aaebde613043<-999343e7-0330-4874-a345-91eca72585e0#0:FAIL-t86, c124d131-afb9-4343-ad4e-aaebde613043<-e5bb327f-cdd7-4e49-919e-13a4c895fddf#0:FAIL-t86] and 0 exception(s); c124d131-afb9-4343-ad4e-aaebde613043@group-FF4202234884:t86, leader=null, voted=c124d131-afb9-4343-ad4e-aaebde613043, raftlog=c124d131-afb9-4343-ad4e-aaebde613043@group-FF4202234884-SegmentedRaftLog:OPENED:c-1,f-1,i0, conf=-1: [999343e7-0330-4874-a345-91eca72585e0:192.168.34.56:44872, c124d131-afb9-4343-ad4e-aaebde613043:192.168.34.56:42116, e5bb327f-cdd7-4e49-919e-13a4c895fddf:192.168.34.56:36658], old=null
2019-10-18 13:01:39,489 [c124d131-afb9-4343-ad4e-aaebde613043@group-FF4202234884-LeaderElection165] INFO  impl.RaftServerImpl (RaftServerImpl.java:setRole(184)) - c124d131-afb9-4343-ad4e-aaebde613043@group-FF4202234884: changes role from CANDIDATE to FOLLOWER at term 86 for DISCOVERED_A_NEW_TERM
2019-10-18 13:01:39,489 [c124d131-afb9-4343-ad4e-aaebde613043@group-FF4202234884-LeaderElection165] INFO  impl.RoleInfo (RoleInfo.java:shutdownLeaderElection(134)) - c124d131-afb9-4343-ad4e-aaebde613043: shutdown LeaderElection
2019-10-18 13:01:39,490 [c124d131-afb9-4343-ad4e-aaebde613043@group-FF4202234884-LeaderElection165] INFO  impl.RoleInfo (RoleInfo.java:updateAndGet(143)) - c124d131-afb9-4343-ad4e-aaebde613043: start FollowerState
2019-10-18 13:01:39,540 [Thread-1544] INFO  impl.FollowerState (FollowerState.java:run(108)) - 018b3f78-d19f-4e26-a796-cb8ddc4f97cf@group-187684C21557-FollowerState: change to CANDIDATE, lastRpcTime:152ms, electionTimeout:152ms
2019-10-18 13:01:39,540 [Thread-1544] INFO  impl.RoleInfo (RoleInfo.java:shutdownFollowerState(121)) - 018b3f78-d19f-4e26-a796-cb8ddc4f97cf: shutdown FollowerState
2019-10-18 13:01:39,540 [Thread-1544] INFO  impl.RaftServerImpl (RaftServerImpl.java:setRole(184)) - 018b3f78-d19f-4e26-a796-cb8ddc4f97cf@group-187684C21557: changes role from  FOLLOWER to CANDIDATE at term 84 for changeToCandidate
2019-10-18 13:01:39,540 [Thread-1544] INFO  impl.RoleInfo (RoleInfo.java:updateAndGet(143)) - 018b3f78-d19f-4e26-a796-cb8ddc4f97cf: start LeaderElection
2019-10-18 13:01:39,576 [018b3f78-d19f-4e26-a796-cb8ddc4f97cf@group-187684C21557-LeaderElection166] INFO  impl.LeaderElection (LeaderElection.java:askForVotes(178)) - 018b3f78-d19f-4e26-a796-cb8ddc4f97cf@group-187684C21557-LeaderElection166: begin an election at term 85 for -1: [893cf03e-f2cf-478a-892a-a746717e50e3:192.168.34.56:40750, 8697df36-98d2-41b1-bdc7-60597b3b5526:192.168.34.56:46415, 018b3f78-d19f-4e26-a796-cb8ddc4f97cf:192.168.34.56:35845], old=null
2019-10-18 13:01:39,578 [grpc-default-executor-2] INFO  impl.RaftServerImpl (RaftServerImpl.java:setRole(184)) - 893cf03e-f2cf-478a-892a-a746717e50e3@group-187684C21557: changes role from  FOLLOWER to FOLLOWER at term 85 for recognizeCandidate:018b3f78-d19f-4e26-a796-cb8ddc4f97cf
2019-10-18 13:01:39,578 [grpc-default-executor-5] INFO  impl.RaftServerImpl (RaftServerImpl.java:setRole(184)) - 8697df36-98d2-41b1-bdc7-60597b3b5526@group-187684C21557: changes role from  FOLLOWER to FOLLOWER at term 85 for recognizeCandidate:018b3f78-d19f-4e26-a796-cb8ddc4f97cf
2019-10-18 13:01:39,578 [grpc-default-executor-2] INFO  impl.RoleInfo (RoleInfo.java:shutdownFollowerState(121)) - 893cf03e-f2cf-478a-892a-a746717e50e3: shutdown FollowerState
2019-10-18 13:01:39,579 [grpc-default-executor-5] INFO  impl.RoleInfo (RoleInfo.java:shutdownFollowerState(121)) - 8697df36-98d2-41b1-bdc7-60597b3b5526: shutdown FollowerState
2019-10-18 13:01:39,579 [Thread-1543] INFO  impl.FollowerState (FollowerState.java:run(117)) - 893cf03e-f2cf-478a-892a-a746717e50e3@group-187684C21557-FollowerState was interrupted: java.lang.InterruptedException: sleep interrupted
2019-10-18 13:01:39,579 [grpc-default-executor-2] INFO  impl.RoleInfo (RoleInfo.java:updateAndGet(143)) - 893cf03e-f2cf-478a-892a-a746717e50e3: start FollowerState
2019-10-18 13:01:39,579 [Thread-1542] INFO  impl.FollowerState (FollowerState.java:run(117)) - 8697df36-98d2-41b1-bdc7-60597b3b5526@group-187684C21557-FollowerState was interrupted: java.lang.InterruptedException: sleep interrupted
2019-10-18 13:01:39,579 [grpc-default-executor-5] INFO  impl.RoleInfo (RoleInfo.java:updateAndGet(143)) - 8697df36-98d2-41b1-bdc7-60597b3b5526: start FollowerState
2019-10-18 13:01:39,605 [018b3f78-d19f-4e26-a796-cb8ddc4f97cf@group-187684C21557-LeaderElection166] INFO  impl.LeaderElection (LeaderElection.java:logAndReturn(56)) - 018b3f78-d19f-4e26-a796-cb8ddc4f97cf@group-187684C21557-LeaderElection166: Election REJECTED; received 2 response(s) [018b3f78-d19f-4e26-a796-cb8ddc4f97cf<-893cf03e-f2cf-478a-892a-a746717e50e3#0:FAIL-t85, 018b3f78-d19f-4e26-a796-cb8ddc4f97cf<-8697df36-98d2-41b1-bdc7-60597b3b5526#0:FAIL-t85] and 0 exception(s); 018b3f78-d19f-4e26-a796-cb8ddc4f97cf@group-187684C21557:t85, leader=null, voted=018b3f78-d19f-4e26-a796-cb8ddc4f97cf, raftlog=018b3f78-d19f-4e26-a796-cb8ddc4f97cf@group-187684C21557-SegmentedRaftLog:OPENED:c-1,f-1,i0, conf=-1: [893cf03e-f2cf-478a-892a-a746717e50e3:192.168.34.56:40750, 8697df36-98d2-41b1-bdc7-60597b3b5526:192.168.34.56:46415, 018b3f78-d19f-4e26-a796-cb8ddc4f97cf:192.168.34.56:35845], old=null
2019-10-18 13:01:39,606 [018b3f78-d19f-4e26-a796-cb8ddc4f97cf@group-187684C21557-LeaderElection166] INFO  impl.RaftServerImpl (RaftServerImpl.java:setRole(184)) - 018b3f78-d19f-4e26-a796-cb8ddc4f97cf@group-187684C21557: changes role from CANDIDATE to FOLLOWER at term 85 for DISCOVERED_A_NEW_TERM
2019-10-18 13:01:39,606 [018b3f78-d19f-4e26-a796-cb8ddc4f97cf@group-187684C21557-LeaderElection166] INFO  impl.RoleInfo (RoleInfo.java:shutdownLeaderElection(134)) - 018b3f78-d19f-4e26-a796-cb8ddc4f97cf: shutdown LeaderElection
2019-10-18 13:01:39,606 [018b3f78-d19f-4e26-a796-cb8ddc4f97cf@group-187684C21557-LeaderElection166] INFO  impl.RoleInfo (RoleInfo.java:updateAndGet(143)) - 018b3f78-d19f-4e26-a796-cb8ddc4f97cf: start FollowerState
2019-10-18 13:01:39,663 [Thread-1556] INFO  impl.FollowerState (FollowerState.java:run(108)) - c124d131-afb9-4343-ad4e-aaebde613043@group-FF4202234884-FollowerState: change to CANDIDATE, lastRpcTime:173ms, electionTimeout:173ms
2019-10-18 13:01:39,663 [Thread-1556] INFO  impl.RoleInfo (RoleInfo.java:shutdownFollowerState(121)) - c124d131-afb9-4343-ad4e-aaebde613043: shutdown FollowerState
2019-10-18 13:01:39,663 [Thread-1556] INFO  impl.RaftServerImpl (RaftServerImpl.java:setRole(184)) - c124d131-afb9-4343-ad4e-aaebde613043@group-FF4202234884: changes role from  FOLLOWER to CANDIDATE at term 86 for changeToCandidate
2019-10-18 13:01:39,663 [Thread-1556] INFO  impl.RoleInfo (RoleInfo.java:updateAndGet(143)) - c124d131-afb9-4343-ad4e-aaebde613043: start LeaderElection
2019-10-18 13:01:39,704 [c124d131-afb9-4343-ad4e-aaebde613043@group-FF4202234884-LeaderElection167] INFO  impl.LeaderElection (LeaderElection.java:askForVotes(178)) - c124d131-afb9-4343-ad4e-aaebde613043@group-FF4202234884-LeaderElection167: begin an election at term 87 for -1: [999343e7-0330-4874-a345-91eca72585e0:192.168.34.56:44872, c124d131-afb9-4343-ad4e-aaebde613043:192.168.34.56:42116, e5bb327f-cdd7-4e49-919e-13a4c895fddf:192.168.34.56:36658], old=null
2019-10-18 13:01:39,706 [grpc-default-executor-5] INFO  impl.RaftServerImpl (RaftServerImpl.java:setRole(184)) - 999343e7-0330-4874-a345-91eca72585e0@group-FF4202234884: changes role from  FOLLOWER to FOLLOWER at term 87 for recognizeCandidate:c124d131-afb9-4343-ad4e-aaebde613043
2019-10-18 13:01:39,706 [grpc-default-executor-2] INFO  impl.RaftServerImpl (RaftServerImpl.java:setRole(184)) - e5bb327f-cdd7-4e49-919e-13a4c895fddf@group-FF4202234884: changes role from  FOLLOWER to FOLLOWER at term 87 for recognizeCandidate:c124d131-afb9-4343-ad4e-aaebde613043
2019-10-18 13:01:39,707 [grpc-default-executor-5] INFO  impl.RoleInfo (RoleInfo.java:shutdownFollowerState(121)) - 999343e7-0330-4874-a345-91eca72585e0: shutdown FollowerState
2019-10-18 13:01:39,707 [grpc-default-executor-2] INFO  impl.RoleInfo (RoleInfo.java:shutdownFollowerState(121)) - e5bb327f-cdd7-4e49-919e-13a4c895fddf: shutdown FollowerState
2019-10-18 13:01:39,707 [Thread-1555] INFO  impl.FollowerState (FollowerState.java:run(117)) - 999343e7-0330-4874-a345-91eca72585e0@group-FF4202234884-FollowerState was interrupted: java.lang.InterruptedException: sleep interrupted
2019-10-18 13:01:39,707 [grpc-default-executor-5] INFO  impl.RoleInfo (RoleInfo.java:updateAndGet(143)) - 999343e7-0330-4874-a345-91eca72585e0: start FollowerState
2019-10-18 13:01:39,707 [Thread-1554] INFO  impl.FollowerState (FollowerState.java:run(117)) - e5bb327f-cdd7-4e49-919e-13a4c895fddf@group-FF4202234884-FollowerState was interrupted: java.lang.InterruptedException: sleep interrupted
2019-10-18 13:01:39,707 [grpc-default-executor-2] INFO  impl.RoleInfo (RoleInfo.java:updateAndGet(143)) - e5bb327f-cdd7-4e49-919e-13a4c895fddf: start FollowerState
2019-10-18 13:01:39,713 [Thread-1563] INFO  impl.FollowerState (FollowerState.java:run(108)) - 018b3f78-d19f-4e26-a796-cb8ddc4f97cf@group-187684C21557-FollowerState: change to CANDIDATE, lastRpcTime:107ms, electionTimeout:106ms
2019-10-18 13:01:39,713 [Thread-1563] INFO  impl.RoleInfo (RoleInfo.java:shutdownFollowerState(121)) - 018b3f78-d19f-4e26-a796-cb8ddc4f97cf: shutdown FollowerState
2019-10-18 13:01:39,714 [Thread-1563] INFO  impl.RaftServerImpl (RaftServerImpl.java:setRole(184)) - 018b3f78-d19f-4e26-a796-cb8ddc4f97cf@group-187684C21557: changes role from  FOLLOWER to CANDIDATE at term 85 for changeToCandidate
2019-10-18 13:01:39,714 [Thread-1563] INFO  impl.RoleInfo (RoleInfo.java:updateAndGet(143)) - 018b3f78-d19f-4e26-a796-cb8ddc4f97cf: start LeaderElection
2019-10-18 13:01:39,731 [018b3f78-d19f-4e26-a796-cb8ddc4f97cf@group-187684C21557-LeaderElection168] INFO  impl.LeaderElection (LeaderElection.java:askForVotes(178)) - 018b3f78-d19f-4e26-a796-cb8ddc4f97cf@group-187684C21557-LeaderElection168: begin an election at term 86 for -1: [893cf03e-f2cf-478a-892a-a746717e50e3:192.168.34.56:40750, 8697df36-98d2-41b1-bdc7-60597b3b5526:192.168.34.56:46415, 018b3f78-d19f-4e26-a796-cb8ddc4f97cf:192.168.34.56:35845], old=null
2019-10-18 13:01:39,732 [c124d131-afb9-4343-ad4e-aaebde613043@group-FF4202234884-LeaderElection167] INFO  impl.LeaderElection (LeaderElection.java:logAndReturn(56)) - c124d131-afb9-4343-ad4e-aaebde613043@group-FF4202234884-LeaderElection167: Election REJECTED; received 2 response(s) [c124d131-afb9-4343-ad4e-aaebde613043<-999343e7-0330-4874-a345-91eca72585e0#0:FAIL-t87, c124d131-afb9-4343-ad4e-aaebde613043<-e5bb327f-cdd7-4e49-919e-13a4c895fddf#0:FAIL-t87] and 0 exception(s); c124d131-afb9-4343-ad4e-aaebde613043@group-FF4202234884:t87, leader=null, voted=c124d131-afb9-4343-ad4e-aaebde613043, raftlog=c124d131-afb9-4343-ad4e-aaebde613043@group-FF4202234884-SegmentedRaftLog:OPENED:c-1,f-1,i0, conf=-1: [999343e7-0330-4874-a345-91eca72585e0:192.168.34.56:44872, c124d131-afb9-4343-ad4e-aaebde613043:192.168.34.56:42116, e5bb327f-cdd7-4e49-919e-13a4c895fddf:192.168.34.56:36658], old=null
2019-10-18 13:01:39,732 [c124d131-afb9-4343-ad4e-aaebde613043@group-FF4202234884-LeaderElection167] INFO  impl.RaftServerImpl (RaftServerImpl.java:setRole(184)) - c124d131-afb9-4343-ad4e-aaebde613043@group-FF4202234884: changes role from CANDIDATE to FOLLOWER at term 87 for DISCOVERED_A_NEW_TERM
2019-10-18 13:01:39,732 [c124d131-afb9-4343-ad4e-aaebde613043@group-FF4202234884-LeaderElection167] INFO  impl.RoleInfo (RoleInfo.java:shutdownLeaderElection(134)) - c124d131-afb9-4343-ad4e-aaebde613043: shutdown LeaderElection
2019-10-18 13:01:39,732 [c124d131-afb9-4343-ad4e-aaebde613043@group-FF4202234884-LeaderElection167] INFO  impl.RoleInfo (RoleInfo.java:updateAndGet(143)) - c124d131-afb9-4343-ad4e-aaebde613043: start FollowerState
2019-10-18 13:01:39,732 [grpc-default-executor-2] INFO  impl.RaftServerImpl (RaftServerImpl.java:setRole(184)) - 8697df36-98d2-41b1-bdc7-60597b3b5526@group-187684C21557: changes role from  FOLLOWER to FOLLOWER at term 86 for recognizeCandidate:018b3f78-d19f-4e26-a796-cb8ddc4f97cf
2019-10-18 13:01:39,732 [grpc-default-executor-5] INFO  impl.RaftServerImpl (RaftServerImpl.java:setRole(184)) - 893cf03e-f2cf-478a-892a-a746717e50e3@group-187684C21557: changes role from  FOLLOWER to FOLLOWER at term 86 for recognizeCandidate:018b3f78-d19f-4e26-a796-cb8ddc4f97cf
2019-10-18 13:01:39,732 [grpc-default-executor-2] INFO  impl.RoleInfo (RoleInfo.java:shutdownFollowerState(121)) - 8697df36-98d2-41b1-bdc7-60597b3b5526: shutdown FollowerState
2019-10-18 13:01:39,733 [grpc-default-executor-5] INFO  impl.RoleInfo (RoleInfo.java:shutdownFollowerState(121)) - 893cf03e-f2cf-478a-892a-a746717e50e3: shutdown FollowerState
2019-10-18 13:01:39,733 [Thread-1561] INFO  impl.FollowerState (FollowerState.java:run(117)) - 8697df36-98d2-41b1-bdc7-60597b3b5526@group-187684C21557-FollowerState was interrupted: java.lang.InterruptedException: sleep interrupted
2019-10-18 13:01:39,733 [grpc-default-executor-2] INFO  impl.RoleInfo (RoleInfo.java:updateAndGet(143)) - 8697df36-98d2-41b1-bdc7-60597b3b5526: start FollowerState
2019-10-18 13:01:39,733 [Thread-1560] INFO  impl.FollowerState (FollowerState.java:run(117)) - 893cf03e-f2cf-478a-892a-a746717e50e3@group-187684C21557-FollowerState was interrupted: java.lang.InterruptedException: sleep interrupted
2019-10-18 13:01:39,733 [grpc-default-executor-5] INFO  impl.RoleInfo (RoleInfo.java:updateAndGet(143)) - 893cf03e-f2cf-478a-892a-a746717e50e3: start FollowerState
2019-10-18 13:01:39,746 [018b3f78-d19f-4e26-a796-cb8ddc4f97cf@group-187684C21557-LeaderElection168] INFO  impl.LeaderElection (LeaderElection.java:logAndReturn(56)) - 018b3f78-d19f-4e26-a796-cb8ddc4f97cf@group-187684C21557-LeaderElection168: Election TIMEOUT; received 0 response(s) [] and 0 exception(s); 018b3f78-d19f-4e26-a796-cb8ddc4f97cf@group-187684C21557:t86, leader=null, voted=018b3f78-d19f-4e26-a796-cb8ddc4f97cf, raftlog=018b3f78-d19f-4e26-a796-cb8ddc4f97cf@group-187684C21557-SegmentedRaftLog:OPENED:c-1,f-1,i0, conf=-1: [893cf03e-f2cf-478a-892a-a746717e50e3:192.168.34.56:40750, 8697df36-98d2-41b1-bdc7-60597b3b5526:192.168.34.56:46415, 018b3f78-d19f-4e26-a796-cb8ddc4f97cf:192.168.34.56:35845], old=null
2019-10-18 13:01:39,787 [018b3f78-d19f-4e26-a796-cb8ddc4f97cf@group-187684C21557-LeaderElection168] INFO  impl.LeaderElection (LeaderElection.java:askForVotes(178)) - 018b3f78-d19f-4e26-a796-cb8ddc4f97cf@group-187684C21557-LeaderElection168: begin an election at term 87 for -1: [893cf03e-f2cf-478a-892a-a746717e50e3:192.168.34.56:40750, 8697df36-98d2-41b1-bdc7-60597b3b5526:192.168.34.56:46415, 018b3f78-d19f-4e26-a796-cb8ddc4f97cf:192.168.34.56:35845], old=null
2019-10-18 13:01:39,789 [grpc-default-executor-2] INFO  impl.RaftServerImpl (RaftServerImpl.java:setRole(184)) - 893cf03e-f2cf-478a-892a-a746717e50e3@group-187684C21557: changes role from  FOLLOWER to FOLLOWER at term 87 for recognizeCandidate:018b3f78-d19f-4e26-a796-cb8ddc4f97cf
2019-10-18 13:01:39,789 [grpc-default-executor-5] INFO  impl.RaftServerImpl (RaftServerImpl.java:setRole(184)) - 8697df36-98d2-41b1-bdc7-60597b3b5526@group-187684C21557: changes role from  FOLLOWER to FOLLOWER at term 87 for recognizeCandidate:018b3f78-d19f-4e26-a796-cb8ddc4f97cf
2019-10-18 13:01:39,789 [grpc-default-executor-2] INFO  impl.RoleInfo (RoleInfo.java:shutdownFollowerState(121)) - 893cf03e-f2cf-478a-892a-a746717e50e3: shutdown FollowerState
2019-10-18 13:01:39,789 [grpc-default-executor-5] INFO  impl.RoleInfo (RoleInfo.java:shutdownFollowerState(121)) - 8697df36-98d2-41b1-bdc7-60597b3b5526: shutdown FollowerState
2019-10-18 13:01:39,790 [Thread-1574] INFO  impl.FollowerState (FollowerState.java:run(117)) - 893cf03e-f2cf-478a-892a-a746717e50e3@group-187684C21557-FollowerState was interrupted: java.lang.InterruptedException: sleep interrupted
2019-10-18 13:01:39,790 [grpc-default-executor-2] INFO  impl.RoleInfo (RoleInfo.java:updateAndGet(143)) - 893cf03e-f2cf-478a-892a-a746717e50e3: start FollowerState
2019-10-18 13:01:39,790 [Thread-1573] INFO  impl.FollowerState (FollowerState.java:run(117)) - 8697df36-98d2-41b1-bdc7-60597b3b5526@group-187684C21557-FollowerState was interrupted: java.lang.InterruptedException: sleep interrupted
2019-10-18 13:01:39,790 [grpc-default-executor-5] INFO  impl.RoleInfo (RoleInfo.java:updateAndGet(143)) - 8697df36-98d2-41b1-bdc7-60597b3b5526: start FollowerState
2019-10-18 13:01:39,798 [Thread-1572] INFO  impl.FollowerState (FollowerState.java:run(108)) - c124d131-afb9-4343-ad4e-aaebde613043@group-FF4202234884-FollowerState: change to CANDIDATE, lastRpcTime:66ms, electionTimeout:66ms
2019-10-18 13:01:39,799 [Thread-1572] INFO  impl.RoleInfo (RoleInfo.java:shutdownFollowerState(121)) - c124d131-afb9-4343-ad4e-aaebde613043: shutdown FollowerState
2019-10-18 13:01:39,799 [Thread-1572] INFO  impl.RaftServerImpl (RaftServerImpl.java:setRole(184)) - c124d131-afb9-4343-ad4e-aaebde613043@group-FF4202234884: changes role from  FOLLOWER to CANDIDATE at term 87 for changeToCandidate
2019-10-18 13:01:39,799 [Thread-1572] INFO  impl.RoleInfo (RoleInfo.java:updateAndGet(143)) - c124d131-afb9-4343-ad4e-aaebde613043: start LeaderElection
2019-10-18 13:01:39,813 [c124d131-afb9-4343-ad4e-aaebde613043@group-FF4202234884-LeaderElection169] INFO  impl.LeaderElection (LeaderElection.java:askForVotes(178)) - c124d131-afb9-4343-ad4e-aaebde613043@group-FF4202234884-LeaderElection169: begin an election at term 88 for -1: [999343e7-0330-4874-a345-91eca72585e0:192.168.34.56:44872, c124d131-afb9-4343-ad4e-aaebde613043:192.168.34.56:42116, e5bb327f-cdd7-4e49-919e-13a4c895fddf:192.168.34.56:36658], old=null
2019-10-18 13:01:39,813 [018b3f78-d19f-4e26-a796-cb8ddc4f97cf@group-187684C21557-LeaderElection168] INFO  impl.LeaderElection (LeaderElection.java:logAndReturn(56)) - 018b3f78-d19f-4e26-a796-cb8ddc4f97cf@group-187684C21557-LeaderElection168: Election REJECTED; received 2 response(s) [018b3f78-d19f-4e26-a796-cb8ddc4f97cf<-893cf03e-f2cf-478a-892a-a746717e50e3#0:FAIL-t87, 018b3f78-d19f-4e26-a796-cb8ddc4f97cf<-8697df36-98d2-41b1-bdc7-60597b3b5526#0:FAIL-t87] and 0 exception(s); 018b3f78-d19f-4e26-a796-cb8ddc4f97cf@group-187684C21557:t87, leader=null, voted=018b3f78-d19f-4e26-a796-cb8ddc4f97cf, raftlog=018b3f78-d19f-4e26-a796-cb8ddc4f97cf@group-187684C21557-SegmentedRaftLog:OPENED:c-1,f-1,i0, conf=-1: [893cf03e-f2cf-478a-892a-a746717e50e3:192.168.34.56:40750, 8697df36-98d2-41b1-bdc7-60597b3b5526:192.168.34.56:46415, 018b3f78-d19f-4e26-a796-cb8ddc4f97cf:192.168.34.56:35845], old=null
2019-10-18 13:01:39,813 [018b3f78-d19f-4e26-a796-cb8ddc4f97cf@group-187684C21557-LeaderElection168] INFO  impl.RaftServerImpl (RaftServerImpl.java:setRole(184)) - 018b3f78-d19f-4e26-a796-cb8ddc4f97cf@group-187684C21557: changes role from CANDIDATE to FOLLOWER at term 87 for DISCOVERED_A_NEW_TERM
2019-10-18 13:01:39,813 [018b3f78-d19f-4e26-a796-cb8ddc4f97cf@group-187684C21557-LeaderElection168] INFO  impl.RoleInfo (RoleInfo.java:shutdownLeaderElection(134)) - 018b3f78-d19f-4e26-a796-cb8ddc4f97cf: shutdown LeaderElection
2019-10-18 13:01:39,814 [018b3f78-d19f-4e26-a796-cb8ddc4f97cf@group-187684C21557-LeaderElection168] INFO  impl.RoleInfo (RoleInfo.java:updateAndGet(143)) - 018b3f78-d19f-4e26-a796-cb8ddc4f97cf: start FollowerState
2019-10-18 13:01:39,814 [grpc-default-executor-2] INFO  impl.RaftServerImpl (RaftServerImpl.java:setRole(184)) - e5bb327f-cdd7-4e49-919e-13a4c895fddf@group-FF4202234884: changes role from  FOLLOWER to FOLLOWER at term 88 for recognizeCandidate:c124d131-afb9-4343-ad4e-aaebde613043
2019-10-18 13:01:39,814 [grpc-default-executor-5] INFO  impl.RaftServerImpl (RaftServerImpl.java:setRole(184)) - 999343e7-0330-4874-a345-91eca72585e0@group-FF4202234884: changes role from  FOLLOWER to FOLLOWER at term 88 for recognizeCandidate:c124d131-afb9-4343-ad4e-aaebde613043
2019-10-18 13:01:39,814 [grpc-default-executor-2] INFO  impl.RoleInfo (RoleInfo.java:shutdownFollowerState(121)) - e5bb327f-cdd7-4e49-919e-13a4c895fddf: shutdown FollowerState
2019-10-18 13:01:39,814 [grpc-default-executor-5] INFO  impl.RoleInfo (RoleInfo.java:shutdownFollowerState(121)) - 999343e7-0330-4874-a345-91eca72585e0: shutdown FollowerState
2019-10-18 13:01:39,815 [Thread-1568] INFO  impl.FollowerState (FollowerState.java:run(117)) - e5bb327f-cdd7-4e49-919e-13a4c895fddf@group-FF4202234884-FollowerState was interrupted: java.lang.InterruptedException: sleep interrupted
2019-10-18 13:01:39,815 [grpc-default-executor-2] INFO  impl.RoleInfo (RoleInfo.java:updateAndGet(143)) - e5bb327f-cdd7-4e49-919e-13a4c895fddf: start FollowerState
2019-10-18 13:01:39,815 [Thread-1567] INFO  impl.FollowerState (FollowerState.java:run(117)) - 999343e7-0330-4874-a345-91eca72585e0@group-FF4202234884-FollowerState was interrupted: java.lang.InterruptedException: sleep interrupted
2019-10-18 13:01:39,815 [grpc-default-executor-5] INFO  impl.RoleInfo (RoleInfo.java:updateAndGet(143)) - 999343e7-0330-4874-a345-91eca72585e0: start FollowerState
2019-10-18 13:01:39,837 [c124d131-afb9-4343-ad4e-aaebde613043@group-FF4202234884-LeaderElection169] INFO  impl.LeaderElection (LeaderElection.java:logAndReturn(56)) - c124d131-afb9-4343-ad4e-aaebde613043@group-FF4202234884-LeaderElection169: Election REJECTED; received 2 response(s) [c124d131-afb9-4343-ad4e-aaebde613043<-999343e7-0330-4874-a345-91eca72585e0#0:FAIL-t88, c124d131-afb9-4343-ad4e-aaebde613043<-e5bb327f-cdd7-4e49-919e-13a4c895fddf#0:FAIL-t88] and 0 exception(s); c124d131-afb9-4343-ad4e-aaebde613043@group-FF4202234884:t88, leader=null, voted=c124d131-afb9-4343-ad4e-aaebde613043, raftlog=c124d131-afb9-4343-ad4e-aaebde613043@group-FF4202234884-SegmentedRaftLog:OPENED:c-1,f-1,i0, conf=-1: [999343e7-0330-4874-a345-91eca72585e0:192.168.34.56:44872, c124d131-afb9-4343-ad4e-aaebde613043:192.168.34.56:42116, e5bb327f-cdd7-4e49-919e-13a4c895fddf:192.168.34.56:36658], old=null
2019-10-18 13:01:39,837 [c124d131-afb9-4343-ad4e-aaebde613043@group-FF4202234884-LeaderElection169] INFO  impl.RaftServerImpl (RaftServerImpl.java:setRole(184)) - c124d131-afb9-4343-ad4e-aaebde613043@group-FF4202234884: changes role from CANDIDATE to FOLLOWER at term 88 for DISCOVERED_A_NEW_TERM
2019-10-18 13:01:39,837 [c124d131-afb9-4343-ad4e-aaebde613043@group-FF4202234884-LeaderElection169] INFO  impl.RoleInfo (RoleInfo.java:shutdownLeaderElection(134)) - c124d131-afb9-4343-ad4e-aaebde613043: shutdown LeaderElection
2019-10-18 13:01:39,837 [c124d131-afb9-4343-ad4e-aaebde613043@group-FF4202234884-LeaderElection169] INFO  impl.RoleInfo (RoleInfo.java:updateAndGet(143)) - c124d131-afb9-4343-ad4e-aaebde613043: start FollowerState
2019-10-18 13:01:39,891 [Thread-1588] INFO  impl.FollowerState (FollowerState.java:run(108)) - c124d131-afb9-4343-ad4e-aaebde613043@group-FF4202234884-FollowerState: change to CANDIDATE, lastRpcTime:54ms, electionTimeout:54ms
2019-10-18 13:01:39,891 [Thread-1588] INFO  impl.RoleInfo (RoleInfo.java:shutdownFollowerState(121)) - c124d131-afb9-4343-ad4e-aaebde613043: shutdown FollowerState
2019-10-18 13:01:39,892 [Thread-1588] INFO  impl.RaftServerImpl (RaftServerImpl.java:setRole(184)) - c124d131-afb9-4343-ad4e-aaebde613043@group-FF4202234884: changes role from  FOLLOWER to CANDIDATE at term 88 for changeToCandidate
2019-10-18 13:01:39,892 [Thread-1588] INFO  impl.RoleInfo (RoleInfo.java:updateAndGet(143)) - c124d131-afb9-4343-ad4e-aaebde613043: start LeaderElection
2019-10-18 13:01:39,895 [Thread-1585] INFO  impl.FollowerState (FollowerState.java:run(108)) - 018b3f78-d19f-4e26-a796-cb8ddc4f97cf@group-187684C21557-FollowerState: change to CANDIDATE, lastRpcTime:81ms, electionTimeout:81ms
2019-10-18 13:01:39,895 [Thread-1585] INFO  impl.RoleInfo (RoleInfo.java:shutdownFollowerState(121)) - 018b3f78-d19f-4e26-a796-cb8ddc4f97cf: shutdown FollowerState
2019-10-18 13:01:39,895 [Thread-1585] INFO  impl.RaftServerImpl (RaftServerImpl.java:setRole(184)) - 018b3f78-d19f-4e26-a796-cb8ddc4f97cf@group-187684C21557: changes role from  FOLLOWER to CANDIDATE at term 87 for changeToCandidate
2019-10-18 13:01:39,895 [Thread-1585] INFO  impl.RoleInfo (RoleInfo.java:updateAndGet(143)) - 018b3f78-d19f-4e26-a796-cb8ddc4f97cf: start LeaderElection
2019-10-18 13:01:39,916 [018b3f78-d19f-4e26-a796-cb8ddc4f97cf@group-187684C21557-LeaderElection171] INFO  impl.LeaderElection (LeaderElection.java:askForVotes(178)) - 018b3f78-d19f-4e26-a796-cb8ddc4f97cf@group-187684C21557-LeaderElection171: begin an election at term 88 for -1: [893cf03e-f2cf-478a-892a-a746717e50e3:192.168.34.56:40750, 8697df36-98d2-41b1-bdc7-60597b3b5526:192.168.34.56:46415, 018b3f78-d19f-4e26-a796-cb8ddc4f97cf:192.168.34.56:35845], old=null
2019-10-18 13:01:39,916 [c124d131-afb9-4343-ad4e-aaebde613043@group-FF4202234884-LeaderElection170] INFO  impl.LeaderElection (LeaderElection.java:askForVotes(178)) - c124d131-afb9-4343-ad4e-aaebde613043@group-FF4202234884-LeaderElection170: begin an election at term 89 for -1: [999343e7-0330-4874-a345-91eca72585e0:192.168.34.56:44872, c124d131-afb9-4343-ad4e-aaebde613043:192.168.34.56:42116, e5bb327f-cdd7-4e49-919e-13a4c895fddf:192.168.34.56:36658], old=null
2019-10-18 13:01:39,917 [grpc-default-executor-2] INFO  impl.RaftServerImpl (RaftServerImpl.java:setRole(184)) - 893cf03e-f2cf-478a-892a-a746717e50e3@group-187684C21557: changes role from  FOLLOWER to FOLLOWER at term 88 for recognizeCandidate:018b3f78-d19f-4e26-a796-cb8ddc4f97cf
2019-10-18 13:01:39,918 [grpc-default-executor-3] INFO  impl.RaftServerImpl (RaftServerImpl.java:setRole(184)) - e5bb327f-cdd7-4e49-919e-13a4c895fddf@group-FF4202234884: changes role from  FOLLOWER to FOLLOWER at term 89 for recognizeCandidate:c124d131-afb9-4343-ad4e-aaebde613043
2019-10-18 13:01:39,918 [grpc-default-executor-3] INFO  impl.RoleInfo (RoleInfo.java:shutdownFollowerState(121)) - e5bb327f-cdd7-4e49-919e-13a4c895fddf: shutdown FollowerState
2019-10-18 13:01:39,918 [grpc-default-executor-5] INFO  impl.RaftServerImpl (RaftServerImpl.java:setRole(184)) - 8697df36-98d2-41b1-bdc7-60597b3b5526@group-187684C21557: changes role from  FOLLOWER to FOLLOWER at term 88 for recognizeCandidate:018b3f78-d19f-4e26-a796-cb8ddc4f97cf
2019-10-18 13:01:39,918 [grpc-default-executor-5] INFO  impl.RoleInfo (RoleInfo.java:shutdownFollowerState(121)) - 8697df36-98d2-41b1-bdc7-60597b3b5526: shutdown FollowerState
2019-10-18 13:01:39,917 [grpc-default-executor-7] INFO  impl.RaftServerImpl (RaftServerImpl.java:setRole(184)) - 999343e7-0330-4874-a345-91eca72585e0@group-FF4202234884: changes role from  FOLLOWER to FOLLOWER at term 89 for recognizeCandidate:c124d131-afb9-4343-ad4e-aaebde613043
2019-10-18 13:01:39,918 [grpc-default-executor-7] INFO  impl.RoleInfo (RoleInfo.java:shutdownFollowerState(121)) - 999343e7-0330-4874-a345-91eca72585e0: shutdown FollowerState
2019-10-18 13:01:39,918 [Thread-1581] INFO  impl.FollowerState (FollowerState.java:run(117)) - 8697df36-98d2-41b1-bdc7-60597b3b5526@group-187684C21557-FollowerState was interrupted: java.lang.InterruptedException: sleep interrupted
2019-10-18 13:01:39,918 [grpc-default-executor-5] INFO  impl.RoleInfo (RoleInfo.java:updateAndGet(143)) - 8697df36-98d2-41b1-bdc7-60597b3b5526: start FollowerState
2019-10-18 13:01:39,918 [Thread-1586] INFO  impl.FollowerState (FollowerState.java:run(117)) - e5bb327f-cdd7-4e49-919e-13a4c895fddf@group-FF4202234884-FollowerState was interrupted: java.lang.InterruptedException: sleep interrupted
2019-10-18 13:01:39,918 [grpc-default-executor-3] INFO  impl.RoleInfo (RoleInfo.java:updateAndGet(143)) - e5bb327f-cdd7-4e49-919e-13a4c895fddf: start FollowerState
2019-10-18 13:01:39,918 [grpc-default-executor-2] INFO  impl.RoleInfo (RoleInfo.java:shutdownFollowerState(121)) - 893cf03e-f2cf-478a-892a-a746717e50e3: shutdown FollowerState
2019-10-18 13:01:39,918 [Thread-1587] INFO  impl.FollowerState (FollowerState.java:run(117)) - 999343e7-0330-4874-a345-91eca72585e0@group-FF4202234884-FollowerState was interrupted: java.lang.InterruptedException: sleep interrupted
2019-10-18 13:01:39,918 [grpc-default-executor-7] INFO  impl.RoleInfo (RoleInfo.java:updateAndGet(143)) - 999343e7-0330-4874-a345-91eca72585e0: start FollowerState
2019-10-18 13:01:39,919 [Thread-1580] INFO  impl.FollowerState (FollowerState.java:run(117)) - 893cf03e-f2cf-478a-892a-a746717e50e3@group-187684C21557-FollowerState was interrupted: java.lang.InterruptedException: sleep interrupted
2019-10-18 13:01:39,919 [grpc-default-executor-2] INFO  impl.RoleInfo (RoleInfo.java:updateAndGet(143)) - 893cf03e-f2cf-478a-892a-a746717e50e3: start FollowerState
2019-10-18 13:01:39,942 [018b3f78-d19f-4e26-a796-cb8ddc4f97cf@group-187684C21557-LeaderElection171] INFO  impl.LeaderElection (LeaderElection.java:logAndReturn(56)) - 018b3f78-d19f-4e26-a796-cb8ddc4f97cf@group-187684C21557-LeaderElection171: Election REJECTED; received 2 response(s) [018b3f78-d19f-4e26-a796-cb8ddc4f97cf<-893cf03e-f2cf-478a-892a-a746717e50e3#0:FAIL-t88, 018b3f78-d19f-4e26-a796-cb8ddc4f97cf<-8697df36-98d2-41b1-bdc7-60597b3b5526#0:FAIL-t88] and 0 exception(s); 018b3f78-d19f-4e26-a796-cb8ddc4f97cf@group-187684C21557:t88, leader=null, voted=018b3f78-d19f-4e26-a796-cb8ddc4f97cf, raftlog=018b3f78-d19f-4e26-a796-cb8ddc4f97cf@group-187684C21557-SegmentedRaftLog:OPENED:c-1,f-1,i0, conf=-1: [893cf03e-f2cf-478a-892a-a746717e50e3:192.168.34.56:40750, 8697df36-98d2-41b1-bdc7-60597b3b5526:192.168.34.56:46415, 018b3f78-d19f-4e26-a796-cb8ddc4f97cf:192.168.34.56:35845], old=null
2019-10-18 13:01:39,942 [018b3f78-d19f-4e26-a796-cb8ddc4f97cf@group-187684C21557-LeaderElection171] INFO  impl.RaftServerImpl (RaftServerImpl.java:setRole(184)) - 018b3f78-d19f-4e26-a796-cb8ddc4f97cf@group-187684C21557: changes role from CANDIDATE to FOLLOWER at term 88 for DISCOVERED_A_NEW_TERM
2019-10-18 13:01:39,942 [c124d131-afb9-4343-ad4e-aaebde613043@group-FF4202234884-LeaderElection170] INFO  impl.LeaderElection (LeaderElection.java:logAndReturn(56)) - c124d131-afb9-4343-ad4e-aaebde613043@group-FF4202234884-LeaderElection170: Election REJECTED; received 2 response(s) [c124d131-afb9-4343-ad4e-aaebde613043<-999343e7-0330-4874-a345-91eca72585e0#0:FAIL-t89, c124d131-afb9-4343-ad4e-aaebde613043<-e5bb327f-cdd7-4e49-919e-13a4c895fddf#0:FAIL-t89] and 0 exception(s); c124d131-afb9-4343-ad4e-aaebde613043@group-FF4202234884:t89, leader=null, voted=c124d131-afb9-4343-ad4e-aaebde613043, raftlog=c124d131-afb9-4343-ad4e-aaebde613043@group-FF4202234884-SegmentedRaftLog:OPENED:c-1,f-1,i0, conf=-1: [999343e7-0330-4874-a345-91eca72585e0:192.168.34.56:44872, c124d131-afb9-4343-ad4e-aaebde613043:192.168.34.56:42116, e5bb327f-cdd7-4e49-919e-13a4c895fddf:192.168.34.56:36658], old=null
2019-10-18 13:01:39,942 [018b3f78-d19f-4e26-a796-cb8ddc4f97cf@group-187684C21557-LeaderElection171] INFO  impl.RoleInfo (RoleInfo.java:shutdownLeaderElection(134)) - 018b3f78-d19f-4e26-a796-cb8ddc4f97cf: shutdown LeaderElection
2019-10-18 13:01:39,942 [c124d131-afb9-4343-ad4e-aaebde613043@group-FF4202234884-LeaderElection170] INFO  impl.RaftServerImpl (RaftServerImpl.java:setRole(184)) - c124d131-afb9-4343-ad4e-aaebde613043@group-FF4202234884: changes role from CANDIDATE to FOLLOWER at term 89 for DISCOVERED_A_NEW_TERM
2019-10-18 13:01:39,942 [018b3f78-d19f-4e26-a796-cb8ddc4f97cf@group-187684C21557-LeaderElection171] INFO  impl.RoleInfo (RoleInfo.java:updateAndGet(143)) - 018b3f78-d19f-4e26-a796-cb8ddc4f97cf: start FollowerState
2019-10-18 13:01:39,942 [c124d131-afb9-4343-ad4e-aaebde613043@group-FF4202234884-LeaderElection170] INFO  impl.RoleInfo (RoleInfo.java:shutdownLeaderElection(134)) - c124d131-afb9-4343-ad4e-aaebde613043: shutdown LeaderElection
2019-10-18 13:01:39,943 [c124d131-afb9-4343-ad4e-aaebde613043@group-FF4202234884-LeaderElection170] INFO  impl.RoleInfo (RoleInfo.java:updateAndGet(143)) - c124d131-afb9-4343-ad4e-aaebde613043: start FollowerState
2019-10-18 13:01:39,998 [Thread-1599] INFO  impl.FollowerState (FollowerState.java:run(108)) - 018b3f78-d19f-4e26-a796-cb8ddc4f97cf@group-187684C21557-FollowerState: change to CANDIDATE, lastRpcTime:55ms, electionTimeout:55ms
2019-10-18 13:01:39,998 [Thread-1599] INFO  impl.RoleInfo (RoleInfo.java:shutdownFollowerState(121)) - 018b3f78-d19f-4e26-a796-cb8ddc4f97cf: shutdown FollowerState
2019-10-18 13:01:39,998 [Thread-1599] INFO  impl.RaftServerImpl (RaftServerImpl.java:setRole(184)) - 018b3f78-d19f-4e26-a796-cb8ddc4f97cf@group-187684C21557: changes role from  FOLLOWER to CANDIDATE at term 88 for changeToCandidate
2019-10-18 13:01:39,998 [Thread-1599] INFO  impl.RoleInfo (RoleInfo.java:updateAndGet(143)) - 018b3f78-d19f-4e26-a796-cb8ddc4f97cf: start LeaderElection
2019-10-18 13:01:40,027 [018b3f78-d19f-4e26-a796-cb8ddc4f97cf@group-187684C21557-LeaderElection172] INFO  impl.LeaderElection (LeaderElection.java:askForVotes(178)) - 018b3f78-d19f-4e26-a796-cb8ddc4f97cf@group-187684C21557-LeaderElection172: begin an election at term 89 for -1: [893cf03e-f2cf-478a-892a-a746717e50e3:192.168.34.56:40750, 8697df36-98d2-41b1-bdc7-60597b3b5526:192.168.34.56:46415, 018b3f78-d19f-4e26-a796-cb8ddc4f97cf:192.168.34.56:35845], old=null
2019-10-18 13:01:40,029 [grpc-default-executor-5] INFO  impl.RaftServerImpl (RaftServerImpl.java:setRole(184)) - 893cf03e-f2cf-478a-892a-a746717e50e3@group-187684C21557: changes role from  FOLLOWER to FOLLOWER at term 89 for recognizeCandidate:018b3f78-d19f-4e26-a796-cb8ddc4f97cf
2019-10-18 13:01:40,029 [grpc-default-executor-5] INFO  impl.RoleInfo (RoleInfo.java:shutdownFollowerState(121)) - 893cf03e-f2cf-478a-892a-a746717e50e3: shutdown FollowerState
2019-10-18 13:01:40,029 [grpc-default-executor-2] INFO  impl.RaftServerImpl (RaftServerImpl.java:setRole(184)) - 8697df36-98d2-41b1-bdc7-60597b3b5526@group-187684C21557: changes role from  FOLLOWER to FOLLOWER at term 89 for recognizeCandidate:018b3f78-d19f-4e26-a796-cb8ddc4f97cf
2019-10-18 13:01:40,029 [Thread-1598] INFO  impl.FollowerState (FollowerState.java:run(117)) - 893cf03e-f2cf-478a-892a-a746717e50e3@group-187684C21557-FollowerState was interrupted: java.lang.InterruptedException: sleep interrupted
2019-10-18 13:01:40,029 [grpc-default-executor-5] INFO  impl.RoleInfo (RoleInfo.java:updateAndGet(143)) - 893cf03e-f2cf-478a-892a-a746717e50e3: start FollowerState
2019-10-18 13:01:40,029 [grpc-default-executor-2] INFO  impl.RoleInfo (RoleInfo.java:shutdownFollowerState(121)) - 8697df36-98d2-41b1-bdc7-60597b3b5526: shutdown FollowerState
2019-10-18 13:01:40,029 [grpc-default-executor-2] INFO  impl.RoleInfo (RoleInfo.java:updateAndGet(143)) - 8697df36-98d2-41b1-bdc7-60597b3b5526: start FollowerState
2019-10-18 13:01:40,029 [Thread-1596] INFO  impl.FollowerState (FollowerState.java:run(117)) - 8697df36-98d2-41b1-bdc7-60597b3b5526@group-187684C21557-FollowerState was interrupted: java.lang.InterruptedException: sleep interrupted
2019-10-18 13:01:40,053 [018b3f78-d19f-4e26-a796-cb8ddc4f97cf@group-187684C21557-LeaderElection172] INFO  impl.LeaderElection (LeaderElection.java:logAndReturn(56)) - 018b3f78-d19f-4e26-a796-cb8ddc4f97cf@group-187684C21557-LeaderElection172: Election REJECTED; received 2 response(s) [018b3f78-d19f-4e26-a796-cb8ddc4f97cf<-893cf03e-f2cf-478a-892a-a746717e50e3#0:FAIL-t89, 018b3f78-d19f-4e26-a796-cb8ddc4f97cf<-8697df36-98d2-41b1-bdc7-60597b3b5526#0:FAIL-t89] and 0 exception(s); 018b3f78-d19f-4e26-a796-cb8ddc4f97cf@group-187684C21557:t89, leader=null, voted=018b3f78-d19f-4e26-a796-cb8ddc4f97cf, raftlog=018b3f78-d19f-4e26-a796-cb8ddc4f97cf@group-187684C21557-SegmentedRaftLog:OPENED:c-1,f-1,i0, conf=-1: [893cf03e-f2cf-478a-892a-a746717e50e3:192.168.34.56:40750, 8697df36-98d2-41b1-bdc7-60597b3b5526:192.168.34.56:46415, 018b3f78-d19f-4e26-a796-cb8ddc4f97cf:192.168.34.56:35845], old=null
2019-10-18 13:01:40,053 [018b3f78-d19f-4e26-a796-cb8ddc4f97cf@group-187684C21557-LeaderElection172] INFO  impl.RaftServerImpl (RaftServerImpl.java:setRole(184)) - 018b3f78-d19f-4e26-a796-cb8ddc4f97cf@group-187684C21557: changes role from CANDIDATE to FOLLOWER at term 89 for DISCOVERED_A_NEW_TERM
2019-10-18 13:01:40,053 [018b3f78-d19f-4e26-a796-cb8ddc4f97cf@group-187684C21557-LeaderElection172] INFO  impl.RoleInfo (RoleInfo.java:shutdownLeaderElection(134)) - 018b3f78-d19f-4e26-a796-cb8ddc4f97cf: shutdown LeaderElection
2019-10-18 13:01:40,053 [018b3f78-d19f-4e26-a796-cb8ddc4f97cf@group-187684C21557-LeaderElection172] INFO  impl.RoleInfo (RoleInfo.java:updateAndGet(143)) - 018b3f78-d19f-4e26-a796-cb8ddc4f97cf: start FollowerState
2019-10-18 13:01:40,125 [Thread-1600] INFO  impl.FollowerState (FollowerState.java:run(108)) - c124d131-afb9-4343-ad4e-aaebde613043@group-FF4202234884-FollowerState: change to CANDIDATE, lastRpcTime:182ms, electionTimeout:182ms
2019-10-18 13:01:40,125 [Thread-1600] INFO  impl.RoleInfo (RoleInfo.java:shutdownFollowerState(121)) - c124d131-afb9-4343-ad4e-aaebde613043: shutdown FollowerState
2019-10-18 13:01:40,125 [Thread-1600] INFO  impl.RaftServerImpl (RaftServerImpl.java:setRole(184)) - c124d131-afb9-4343-ad4e-aaebde613043@group-FF4202234884: changes role from  FOLLOWER to CANDIDATE at term 89 for changeToCandidate
2019-10-18 13:01:40,125 [Thread-1600] INFO  impl.RoleInfo (RoleInfo.java:updateAndGet(143)) - c124d131-afb9-4343-ad4e-aaebde613043: start LeaderElection
2019-10-18 13:01:40,142 [c124d131-afb9-4343-ad4e-aaebde613043@group-FF4202234884-LeaderElection173] INFO  impl.LeaderElection (LeaderElection.java:askForVotes(178)) - c124d131-afb9-4343-ad4e-aaebde613043@group-FF4202234884-LeaderElection173: begin an election at term 90 for -1: [999343e7-0330-4874-a345-91eca72585e0:192.168.34.56:44872, c124d131-afb9-4343-ad4e-aaebde613043:192.168.34.56:42116, e5bb327f-cdd7-4e49-919e-13a4c895fddf:192.168.34.56:36658], old=null
2019-10-18 13:01:40,144 [grpc-default-executor-2] INFO  impl.RaftServerImpl (RaftServerImpl.java:setRole(184)) - 999343e7-0330-4874-a345-91eca72585e0@group-FF4202234884: changes role from  FOLLOWER to FOLLOWER at term 90 for recognizeCandidate:c124d131-afb9-4343-ad4e-aaebde613043
2019-10-18 13:01:40,144 [grpc-default-executor-5] INFO  impl.RaftServerImpl (RaftServerImpl.java:setRole(184)) - e5bb327f-cdd7-4e49-919e-13a4c895fddf@group-FF4202234884: changes role from  FOLLOWER to FOLLOWER at term 90 for recognizeCandidate:c124d131-afb9-4343-ad4e-aaebde613043
2019-10-18 13:01:40,144 [grpc-default-executor-2] INFO  impl.RoleInfo (RoleInfo.java:shutdownFollowerState(121)) - 999343e7-0330-4874-a345-91eca72585e0: shutdown FollowerState
2019-10-18 13:01:40,144 [grpc-default-executor-5] INFO  impl.RoleInfo (RoleInfo.java:shutdownFollowerState(121)) - e5bb327f-cdd7-4e49-919e-13a4c895fddf: shutdown FollowerState
2019-10-18 13:01:40,144 [Thread-1597] INFO  impl.FollowerState (FollowerState.java:run(117)) - 999343e7-0330-4874-a345-91eca72585e0@group-FF4202234884-FollowerState was interrupted: java.lang.InterruptedException: sleep interrupted
2019-10-18 13:01:40,144 [grpc-default-executor-2] INFO  impl.RoleInfo (RoleInfo.java:updateAndGet(143)) - 999343e7-0330-4874-a345-91eca72585e0: start FollowerState
2019-10-18 13:01:40,144 [Thread-1595] INFO  impl.FollowerState (FollowerState.java:run(117)) - e5bb327f-cdd7-4e49-919e-13a4c895fddf@group-FF4202234884-FollowerState was interrupted: java.lang.InterruptedException: sleep interrupted
2019-10-18 13:01:40,144 [grpc-default-executor-5] INFO  impl.RoleInfo (RoleInfo.java:updateAndGet(143)) - e5bb327f-cdd7-4e49-919e-13a4c895fddf: start FollowerState
2019-10-18 13:01:40,149 [Thread-1606] INFO  impl.FollowerState (FollowerState.java:run(108)) - 018b3f78-d19f-4e26-a796-cb8ddc4f97cf@group-187684C21557-FollowerState: change to CANDIDATE, lastRpcTime:95ms, electionTimeout:95ms
2019-10-18 13:01:40,149 [Thread-1606] INFO  impl.RoleInfo (RoleInfo.java:shutdownFollowerState(121)) - 018b3f78-d19f-4e26-a796-cb8ddc4f97cf: shutdown FollowerState
2019-10-18 13:01:40,149 [Thread-1606] INFO  impl.RaftServerImpl (RaftServerImpl.java:setRole(184)) - 018b3f78-d19f-4e26-a796-cb8ddc4f97cf@group-187684C21557: changes role from  FOLLOWER to CANDIDATE at term 89 for changeToCandidate
2019-10-18 13:01:40,149 [Thread-1606] INFO  impl.RoleInfo (RoleInfo.java:updateAndGet(143)) - 018b3f78-d19f-4e26-a796-cb8ddc4f97cf: start LeaderElection
2019-10-18 13:01:40,188 [018b3f78-d19f-4e26-a796-cb8ddc4f97cf@group-187684C21557-LeaderElection174] INFO  impl.LeaderElection (LeaderElection.java:askForVotes(178)) - 018b3f78-d19f-4e26-a796-cb8ddc4f97cf@group-187684C21557-LeaderElection174: begin an election at term 90 for -1: [893cf03e-f2cf-478a-892a-a746717e50e3:192.168.34.56:40750, 8697df36-98d2-41b1-bdc7-60597b3b5526:192.168.34.56:46415, 018b3f78-d19f-4e26-a796-cb8ddc4f97cf:192.168.34.56:35845], old=null
2019-10-18 13:01:40,188 [c124d131-afb9-4343-ad4e-aaebde613043@group-FF4202234884-LeaderElection173] INFO  impl.LeaderElection (LeaderElection.java:logAndReturn(56)) - c124d131-afb9-4343-ad4e-aaebde613043@group-FF4202234884-LeaderElection173: Election REJECTED; received 2 response(s) [c124d131-afb9-4343-ad4e-aaebde613043<-999343e7-0330-4874-a345-91eca72585e0#0:FAIL-t90, c124d131-afb9-4343-ad4e-aaebde613043<-e5bb327f-cdd7-4e49-919e-13a4c895fddf#0:FAIL-t90] and 0 exception(s); c124d131-afb9-4343-ad4e-aaebde613043@group-FF4202234884:t90, leader=null, voted=c124d131-afb9-4343-ad4e-aaebde613043, raftlog=c124d131-afb9-4343-ad4e-aaebde613043@group-FF4202234884-SegmentedRaftLog:OPENED:c-1,f-1,i0, conf=-1: [999343e7-0330-4874-a345-91eca72585e0:192.168.34.56:44872, c124d131-afb9-4343-ad4e-aaebde613043:192.168.34.56:42116, e5bb327f-cdd7-4e49-919e-13a4c895fddf:192.168.34.56:36658], old=null
2019-10-18 13:01:40,189 [c124d131-afb9-4343-ad4e-aaebde613043@group-FF4202234884-LeaderElection173] INFO  impl.RaftServerImpl (RaftServerImpl.java:setRole(184)) - c124d131-afb9-4343-ad4e-aaebde613043@group-FF4202234884: changes role from CANDIDATE to FOLLOWER at term 90 for DISCOVERED_A_NEW_TERM
2019-10-18 13:01:40,189 [c124d131-afb9-4343-ad4e-aaebde613043@group-FF4202234884-LeaderElection173] INFO  impl.RoleInfo (RoleInfo.java:shutdownLeaderElection(134)) - c124d131-afb9-4343-ad4e-aaebde613043: shutdown LeaderElection
2019-10-18 13:01:40,189 [c124d131-afb9-4343-ad4e-aaebde613043@group-FF4202234884-LeaderElection173] INFO  impl.RoleInfo (RoleInfo.java:updateAndGet(143)) - c124d131-afb9-4343-ad4e-aaebde613043: start FollowerState
2019-10-18 13:01:40,189 [grpc-default-executor-5] INFO  impl.RaftServerImpl (RaftServerImpl.java:setRole(184)) - 893cf03e-f2cf-478a-892a-a746717e50e3@group-187684C21557: changes role from  FOLLOWER to FOLLOWER at term 90 for recognizeCandidate:018b3f78-d19f-4e26-a796-cb8ddc4f97cf
2019-10-18 13:01:40,189 [grpc-default-executor-5] INFO  impl.RoleInfo (RoleInfo.java:shutdownFollowerState(121)) - 893cf03e-f2cf-478a-892a-a746717e50e3: shutdown FollowerState
2019-10-18 13:01:40,189 [grpc-default-executor-2] INFO  impl.RaftServerImpl (RaftServerImpl.java:setRole(184)) - 8697df36-98d2-41b1-bdc7-60597b3b5526@group-187684C21557: changes role from  FOLLOWER to FOLLOWER at term 90 for recognizeCandidate:018b3f78-d19f-4e26-a796-cb8ddc4f97cf
2019-10-18 13:01:40,190 [Thread-1604] INFO  impl.FollowerState (FollowerState.java:run(117)) - 893cf03e-f2cf-478a-892a-a746717e50e3@group-187684C21557-FollowerState was interrupted: java.lang.InterruptedException: sleep interrupted
2019-10-18 13:01:40,189 [grpc-default-executor-5] INFO  impl.RoleInfo (RoleInfo.java:updateAndGet(143)) - 893cf03e-f2cf-478a-892a-a746717e50e3: start FollowerState
2019-10-18 13:01:40,190 [grpc-default-executor-2] INFO  impl.RoleInfo (RoleInfo.java:shutdownFollowerState(121)) - 8697df36-98d2-41b1-bdc7-60597b3b5526: shutdown FollowerState
2019-10-18 13:01:40,190 [Thread-1605] INFO  impl.FollowerState (FollowerState.java:run(117)) - 8697df36-98d2-41b1-bdc7-60597b3b5526@group-187684C21557-FollowerState was interrupted: java.lang.InterruptedException: sleep interrupted
2019-10-18 13:01:40,190 [grpc-default-executor-2] INFO  impl.RoleInfo (RoleInfo.java:updateAndGet(143)) - 8697df36-98d2-41b1-bdc7-60597b3b5526: start FollowerState
2019-10-18 13:01:40,217 [018b3f78-d19f-4e26-a796-cb8ddc4f97cf@group-187684C21557-LeaderElection174] INFO  impl.LeaderElection (LeaderElection.java:logAndReturn(56)) - 018b3f78-d19f-4e26-a796-cb8ddc4f97cf@group-187684C21557-LeaderElection174: Election REJECTED; received 2 response(s) [018b3f78-d19f-4e26-a796-cb8ddc4f97cf<-893cf03e-f2cf-478a-892a-a746717e50e3#0:FAIL-t90, 018b3f78-d19f-4e26-a796-cb8ddc4f97cf<-8697df36-98d2-41b1-bdc7-60597b3b5526#0:FAIL-t90] and 0 exception(s); 018b3f78-d19f-4e26-a796-cb8ddc4f97cf@group-187684C21557:t90, leader=null, voted=018b3f78-d19f-4e26-a796-cb8ddc4f97cf, raftlog=018b3f78-d19f-4e26-a796-cb8ddc4f97cf@group-187684C21557-SegmentedRaftLog:OPENED:c-1,f-1,i0, conf=-1: [893cf03e-f2cf-478a-892a-a746717e50e3:192.168.34.56:40750, 8697df36-98d2-41b1-bdc7-60597b3b5526:192.168.34.56:46415, 018b3f78-d19f-4e26-a796-cb8ddc4f97cf:192.168.34.56:35845], old=null
2019-10-18 13:01:40,218 [018b3f78-d19f-4e26-a796-cb8ddc4f97cf@group-187684C21557-LeaderElection174] INFO  impl.RaftServerImpl (RaftServerImpl.java:setRole(184)) - 018b3f78-d19f-4e26-a796-cb8ddc4f97cf@group-187684C21557: changes role from CANDIDATE to FOLLOWER at term 90 for DISCOVERED_A_NEW_TERM
2019-10-18 13:01:40,218 [018b3f78-d19f-4e26-a796-cb8ddc4f97cf@group-187684C21557-LeaderElection174] INFO  impl.RoleInfo (RoleInfo.java:shutdownLeaderElection(134)) - 018b3f78-d19f-4e26-a796-cb8ddc4f97cf: shutdown LeaderElection
2019-10-18 13:01:40,218 [018b3f78-d19f-4e26-a796-cb8ddc4f97cf@group-187684C21557-LeaderElection174] INFO  impl.RoleInfo (RoleInfo.java:updateAndGet(143)) - 018b3f78-d19f-4e26-a796-cb8ddc4f97cf: start FollowerState
2019-10-18 13:01:40,293 [Thread-1619] INFO  impl.FollowerState (FollowerState.java:run(108)) - 018b3f78-d19f-4e26-a796-cb8ddc4f97cf@group-187684C21557-FollowerState: change to CANDIDATE, lastRpcTime:75ms, electionTimeout:75ms
2019-10-18 13:01:40,294 [Thread-1619] INFO  impl.RoleInfo (RoleInfo.java:shutdownFollowerState(121)) - 018b3f78-d19f-4e26-a796-cb8ddc4f97cf: shutdown FollowerState
2019-10-18 13:01:40,294 [Thread-1619] INFO  impl.RaftServerImpl (RaftServerImpl.java:setRole(184)) - 018b3f78-d19f-4e26-a796-cb8ddc4f97cf@group-187684C21557: changes role from  FOLLOWER to CANDIDATE at term 90 for changeToCandidate
2019-10-18 13:01:40,294 [Thread-1619] INFO  impl.RoleInfo (RoleInfo.java:updateAndGet(143)) - 018b3f78-d19f-4e26-a796-cb8ddc4f97cf: start LeaderElection
2019-10-18 13:01:40,356 [Thread-1616] INFO  impl.FollowerState (FollowerState.java:run(108)) - c124d131-afb9-4343-ad4e-aaebde613043@group-FF4202234884-FollowerState: change to CANDIDATE, lastRpcTime:167ms, electionTimeout:167ms
2019-10-18 13:01:40,356 [Thread-1616] INFO  impl.RoleInfo (RoleInfo.java:shutdownFollowerState(121)) - c124d131-afb9-4343-ad4e-aaebde613043: shutdown FollowerState
2019-10-18 13:01:40,356 [Thread-1616] INFO  impl.RaftServerImpl (RaftServerImpl.java:setRole(184)) - c124d131-afb9-4343-ad4e-aaebde613043@group-FF4202234884: changes role from  FOLLOWER to CANDIDATE at term 90 for changeToCandidate
2019-10-18 13:01:40,356 [Thread-1616] INFO  impl.RoleInfo (RoleInfo.java:updateAndGet(143)) - c124d131-afb9-4343-ad4e-aaebde613043: start LeaderElection
2019-10-18 13:01:40,447 [018b3f78-d19f-4e26-a796-cb8ddc4f97cf@group-187684C21557-LeaderElection175] INFO  impl.LeaderElection (LeaderElection.java:askForVotes(178)) - 018b3f78-d19f-4e26-a796-cb8ddc4f97cf@group-187684C21557-LeaderElection175: begin an election at term 91 for -1: [893cf03e-f2cf-478a-892a-a746717e50e3:192.168.34.56:40750, 8697df36-98d2-41b1-bdc7-60597b3b5526:192.168.34.56:46415, 018b3f78-d19f-4e26-a796-cb8ddc4f97cf:192.168.34.56:35845], old=null
2019-10-18 13:01:40,449 [c124d131-afb9-4343-ad4e-aaebde613043@group-FF4202234884-LeaderElection176] INFO  impl.LeaderElection (LeaderElection.java:askForVotes(178)) - c124d131-afb9-4343-ad4e-aaebde613043@group-FF4202234884-LeaderElection176: begin an election at term 91 for -1: [999343e7-0330-4874-a345-91eca72585e0:192.168.34.56:44872, c124d131-afb9-4343-ad4e-aaebde613043:192.168.34.56:42116, e5bb327f-cdd7-4e49-919e-13a4c895fddf:192.168.34.56:36658], old=null
2019-10-18 13:01:40,449 [grpc-default-executor-5] INFO  impl.RaftServerImpl (RaftServerImpl.java:setRole(184)) - 893cf03e-f2cf-478a-892a-a746717e50e3@group-187684C21557: changes role from  FOLLOWER to FOLLOWER at term 91 for recognizeCandidate:018b3f78-d19f-4e26-a796-cb8ddc4f97cf
2019-10-18 13:01:40,450 [grpc-default-executor-5] INFO  impl.RoleInfo (RoleInfo.java:shutdownFollowerState(121)) - 893cf03e-f2cf-478a-892a-a746717e50e3: shutdown FollowerState
2019-10-18 13:01:40,449 [grpc-default-executor-2] INFO  impl.RaftServerImpl (RaftServerImpl.java:setRole(184)) - 8697df36-98d2-41b1-bdc7-60597b3b5526@group-187684C21557: changes role from  FOLLOWER to FOLLOWER at term 91 for recognizeCandidate:018b3f78-d19f-4e26-a796-cb8ddc4f97cf
2019-10-18 13:01:40,450 [grpc-default-executor-2] INFO  impl.RoleInfo (RoleInfo.java:shutdownFollowerState(121)) - 8697df36-98d2-41b1-bdc7-60597b3b5526: shutdown FollowerState
2019-10-18 13:01:40,450 [Thread-1617] INFO  impl.FollowerState (FollowerState.java:run(117)) - 893cf03e-f2cf-478a-892a-a746717e50e3@group-187684C21557-FollowerState was interrupted: java.lang.InterruptedException: sleep interrupted
2019-10-18 13:01:40,450 [Thread-1618] INFO  impl.FollowerState (FollowerState.java:run(117)) - 8697df36-98d2-41b1-bdc7-60597b3b5526@group-187684C21557-FollowerState was interrupted: java.lang.InterruptedException: sleep interrupted
2019-10-18 13:01:40,450 [grpc-default-executor-5] INFO  impl.RoleInfo (RoleInfo.java:updateAndGet(143)) - 893cf03e-f2cf-478a-892a-a746717e50e3: start FollowerState
2019-10-18 13:01:40,450 [grpc-default-executor-2] INFO  impl.RoleInfo (RoleInfo.java:updateAndGet(143)) - 8697df36-98d2-41b1-bdc7-60597b3b5526: start FollowerState
2019-10-18 13:01:40,450 [grpc-default-executor-7] INFO  impl.RaftServerImpl (RaftServerImpl.java:setRole(184)) - 999343e7-0330-4874-a345-91eca72585e0@group-FF4202234884: changes role from  FOLLOWER to FOLLOWER at term 91 for recognizeCandidate:c124d131-afb9-4343-ad4e-aaebde613043
2019-10-18 13:01:40,451 [grpc-default-executor-7] INFO  impl.RoleInfo (RoleInfo.java:shutdownFollowerState(121)) - 999343e7-0330-4874-a345-91eca72585e0: shutdown FollowerState
2019-10-18 13:01:40,451 [grpc-default-executor-7] INFO  impl.RoleInfo (RoleInfo.java:updateAndGet(143)) - 999343e7-0330-4874-a345-91eca72585e0: start FollowerState
2019-10-18 13:01:40,451 [grpc-default-executor-3] INFO  impl.RaftServerImpl (RaftServerImpl.java:setRole(184)) - e5bb327f-cdd7-4e49-919e-13a4c895fddf@group-FF4202234884: changes role from  FOLLOWER to FOLLOWER at term 91 for recognizeCandidate:c124d131-afb9-4343-ad4e-aaebde613043
2019-10-18 13:01:40,451 [Thread-1611] INFO  impl.FollowerState (FollowerState.java:run(117)) - 999343e7-0330-4874-a345-91eca72585e0@group-FF4202234884-FollowerState was interrupted: java.lang.InterruptedException: sleep interrupted
2019-10-18 13:01:40,451 [grpc-default-executor-3] INFO  impl.RoleInfo (RoleInfo.java:shutdownFollowerState(121)) - e5bb327f-cdd7-4e49-919e-13a4c895fddf: shutdown FollowerState
2019-10-18 13:01:40,451 [grpc-default-executor-3] INFO  impl.RoleInfo (RoleInfo.java:updateAndGet(143)) - e5bb327f-cdd7-4e49-919e-13a4c895fddf: start FollowerState
2019-10-18 13:01:40,451 [Thread-1612] INFO  impl.FollowerState (FollowerState.java:run(117)) - e5bb327f-cdd7-4e49-919e-13a4c895fddf@group-FF4202234884-FollowerState was interrupted: java.lang.InterruptedException: sleep interrupted
2019-10-18 13:01:40,476 [c124d131-afb9-4343-ad4e-aaebde613043@group-FF4202234884-LeaderElection176] INFO  impl.LeaderElection (LeaderElection.java:logAndReturn(56)) - c124d131-afb9-4343-ad4e-aaebde613043@group-FF4202234884-LeaderElection176: Election REJECTED; received 2 response(s) [c124d131-afb9-4343-ad4e-aaebde613043<-999343e7-0330-4874-a345-91eca72585e0#0:FAIL-t91, c124d131-afb9-4343-ad4e-aaebde613043<-e5bb327f-cdd7-4e49-919e-13a4c895fddf#0:FAIL-t91] and 0 exception(s); c124d131-afb9-4343-ad4e-aaebde613043@group-FF4202234884:t91, leader=null, voted=c124d131-afb9-4343-ad4e-aaebde613043, raftlog=c124d131-afb9-4343-ad4e-aaebde613043@group-FF4202234884-SegmentedRaftLog:OPENED:c-1,f-1,i0, conf=-1: [999343e7-0330-4874-a345-91eca72585e0:192.168.34.56:44872, c124d131-afb9-4343-ad4e-aaebde613043:192.168.34.56:42116, e5bb327f-cdd7-4e49-919e-13a4c895fddf:192.168.34.56:36658], old=null
2019-10-18 13:01:40,476 [018b3f78-d19f-4e26-a796-cb8ddc4f97cf@group-187684C21557-LeaderElection175] INFO  impl.LeaderElection (LeaderElection.java:logAndReturn(56)) - 018b3f78-d19f-4e26-a796-cb8ddc4f97cf@group-187684C21557-LeaderElection175: Election REJECTED; received 2 response(s) [018b3f78-d19f-4e26-a796-cb8ddc4f97cf<-893cf03e-f2cf-478a-892a-a746717e50e3#0:FAIL-t91, 018b3f78-d19f-4e26-a796-cb8ddc4f97cf<-8697df36-98d2-41b1-bdc7-60597b3b5526#0:FAIL-t91] and 0 exception(s); 018b3f78-d19f-4e26-a796-cb8ddc4f97cf@group-187684C21557:t91, leader=null, voted=018b3f78-d19f-4e26-a796-cb8ddc4f97cf, raftlog=018b3f78-d19f-4e26-a796-cb8ddc4f97cf@group-187684C21557-SegmentedRaftLog:OPENED:c-1,f-1,i0, conf=-1: [893cf03e-f2cf-478a-892a-a746717e50e3:192.168.34.56:40750, 8697df36-98d2-41b1-bdc7-60597b3b5526:192.168.34.56:46415, 018b3f78-d19f-4e26-a796-cb8ddc4f97cf:192.168.34.56:35845], old=null
2019-10-18 13:01:40,476 [c124d131-afb9-4343-ad4e-aaebde613043@group-FF4202234884-LeaderElection176] INFO  impl.RaftServerImpl (RaftServerImpl.java:setRole(184)) - c124d131-afb9-4343-ad4e-aaebde613043@group-FF4202234884: changes role from CANDIDATE to FOLLOWER at term 91 for DISCOVERED_A_NEW_TERM
2019-10-18 13:01:40,476 [018b3f78-d19f-4e26-a796-cb8ddc4f97cf@group-187684C21557-LeaderElection175] INFO  impl.RaftServerImpl (RaftServerImpl.java:setRole(184)) - 018b3f78-d19f-4e26-a796-cb8ddc4f97cf@group-187684C21557: changes role from CANDIDATE to FOLLOWER at term 91 for DISCOVERED_A_NEW_TERM
2019-10-18 13:01:40,476 [c124d131-afb9-4343-ad4e-aaebde613043@group-FF4202234884-LeaderElection176] INFO  impl.RoleInfo (RoleInfo.java:shutdownLeaderElection(134)) - c124d131-afb9-4343-ad4e-aaebde613043: shutdown LeaderElection
2019-10-18 13:01:40,476 [018b3f78-d19f-4e26-a796-cb8ddc4f97cf@group-187684C21557-LeaderElection175] INFO  impl.RoleInfo (RoleInfo.java:shutdownLeaderElection(134)) - 018b3f78-d19f-4e26-a796-cb8ddc4f97cf: shutdown LeaderElection
2019-10-18 13:01:40,476 [c124d131-afb9-4343-ad4e-aaebde613043@group-FF4202234884-LeaderElection176] INFO  impl.RoleInfo (RoleInfo.java:updateAndGet(143)) - c124d131-afb9-4343-ad4e-aaebde613043: start FollowerState
2019-10-18 13:01:40,476 [018b3f78-d19f-4e26-a796-cb8ddc4f97cf@group-187684C21557-LeaderElection175] INFO  impl.RoleInfo (RoleInfo.java:updateAndGet(143)) - 018b3f78-d19f-4e26-a796-cb8ddc4f97cf: start FollowerState
2019-10-18 13:01:40,514 [Thread-1631] INFO  impl.FollowerState (FollowerState.java:run(108)) - c124d131-afb9-4343-ad4e-aaebde613043@group-FF4202234884-FollowerState: change to CANDIDATE, lastRpcTime:37ms, electionTimeout:37ms
2019-10-18 13:01:40,514 [Thread-1631] INFO  impl.RoleInfo (RoleInfo.java:shutdownFollowerState(121)) - c124d131-afb9-4343-ad4e-aaebde613043: shutdown FollowerState
2019-10-18 13:01:40,514 [Thread-1631] INFO  impl.RaftServerImpl (RaftServerImpl.java:setRole(184)) - c124d131-afb9-4343-ad4e-aaebde613043@group-FF4202234884: changes role from  FOLLOWER to CANDIDATE at term 91 for changeToCandidate
2019-10-18 13:01:40,514 [Thread-1631] INFO  impl.RoleInfo (RoleInfo.java:updateAndGet(143)) - c124d131-afb9-4343-ad4e-aaebde613043: start LeaderElection
2019-10-18 13:01:40,529 [c124d131-afb9-4343-ad4e-aaebde613043@group-FF4202234884-LeaderElection177] INFO  impl.LeaderElection (LeaderElection.java:askForVotes(178)) - c124d131-afb9-4343-ad4e-aaebde613043@group-FF4202234884-LeaderElection177: begin an election at term 92 for -1: [999343e7-0330-4874-a345-91eca72585e0:192.168.34.56:44872, c124d131-afb9-4343-ad4e-aaebde613043:192.168.34.56:42116, e5bb327f-cdd7-4e49-919e-13a4c895fddf:192.168.34.56:36658], old=null
2019-10-18 13:01:40,532 [grpc-default-executor-7] INFO  impl.RaftServerImpl (RaftServerImpl.java:setRole(184)) - 999343e7-0330-4874-a345-91eca72585e0@group-FF4202234884: changes role from  FOLLOWER to FOLLOWER at term 92 for recognizeCandidate:c124d131-afb9-4343-ad4e-aaebde613043
2019-10-18 13:01:40,532 [grpc-default-executor-5] INFO  impl.RaftServerImpl (RaftServerImpl.java:setRole(184)) - e5bb327f-cdd7-4e49-919e-13a4c895fddf@group-FF4202234884: changes role from  FOLLOWER to FOLLOWER at term 92 for recognizeCandidate:c124d131-afb9-4343-ad4e-aaebde613043
2019-10-18 13:01:40,532 [grpc-default-executor-7] INFO  impl.RoleInfo (RoleInfo.java:shutdownFollowerState(121)) - 999343e7-0330-4874-a345-91eca72585e0: shutdown FollowerState
2019-10-18 13:01:40,532 [grpc-default-executor-5] INFO  impl.RoleInfo (RoleInfo.java:shutdownFollowerState(121)) - e5bb327f-cdd7-4e49-919e-13a4c895fddf: shutdown FollowerState
2019-10-18 13:01:40,532 [Thread-1629] INFO  impl.FollowerState (FollowerState.java:run(117)) - 999343e7-0330-4874-a345-91eca72585e0@group-FF4202234884-FollowerState was interrupted: java.lang.InterruptedException: sleep interrupted
2019-10-18 13:01:40,532 [Thread-1630] INFO  impl.FollowerState (FollowerState.java:run(117)) - e5bb327f-cdd7-4e49-919e-13a4c895fddf@group-FF4202234884-FollowerState was interrupted: java.lang.InterruptedException: sleep interrupted
2019-10-18 13:01:40,532 [grpc-default-executor-7] INFO  impl.RoleInfo (RoleInfo.java:updateAndGet(143)) - 999343e7-0330-4874-a345-91eca72585e0: start FollowerState
2019-10-18 13:01:40,532 [grpc-default-executor-5] INFO  impl.RoleInfo (RoleInfo.java:updateAndGet(143)) - e5bb327f-cdd7-4e49-919e-13a4c895fddf: start FollowerState
2019-10-18 13:01:40,540 [c124d131-afb9-4343-ad4e-aaebde613043@group-FF4202234884-LeaderElection177] INFO  impl.LeaderElection (LeaderElection.java:logAndReturn(56)) - c124d131-afb9-4343-ad4e-aaebde613043@group-FF4202234884-LeaderElection177: Election TIMEOUT; received 0 response(s) [] and 0 exception(s); c124d131-afb9-4343-ad4e-aaebde613043@group-FF4202234884:t92, leader=null, voted=c124d131-afb9-4343-ad4e-aaebde613043, raftlog=c124d131-afb9-4343-ad4e-aaebde613043@group-FF4202234884-SegmentedRaftLog:OPENED:c-1,f-1,i0, conf=-1: [999343e7-0330-4874-a345-91eca72585e0:192.168.34.56:44872, c124d131-afb9-4343-ad4e-aaebde613043:192.168.34.56:42116, e5bb327f-cdd7-4e49-919e-13a4c895fddf:192.168.34.56:36658], old=null
2019-10-18 13:01:40,556 [c124d131-afb9-4343-ad4e-aaebde613043@group-FF4202234884-LeaderElection177] INFO  impl.LeaderElection (LeaderElection.java:askForVotes(178)) - c124d131-afb9-4343-ad4e-aaebde613043@group-FF4202234884-LeaderElection177: begin an election at term 93 for -1: [999343e7-0330-4874-a345-91eca72585e0:192.168.34.56:44872, c124d131-afb9-4343-ad4e-aaebde613043:192.168.34.56:42116, e5bb327f-cdd7-4e49-919e-13a4c895fddf:192.168.34.56:36658], old=null
2019-10-18 13:01:40,557 [grpc-default-executor-5] INFO  impl.RaftServerImpl (RaftServerImpl.java:setRole(184)) - e5bb327f-cdd7-4e49-919e-13a4c895fddf@group-FF4202234884: changes role from  FOLLOWER to FOLLOWER at term 93 for recognizeCandidate:c124d131-afb9-4343-ad4e-aaebde613043
2019-10-18 13:01:40,557 [grpc-default-executor-5] INFO  impl.RoleInfo (RoleInfo.java:shutdownFollowerState(121)) - e5bb327f-cdd7-4e49-919e-13a4c895fddf: shutdown FollowerState
2019-10-18 13:01:40,558 [grpc-default-executor-5] INFO  impl.RoleInfo (RoleInfo.java:updateAndGet(143)) - e5bb327f-cdd7-4e49-919e-13a4c895fddf: start FollowerState
2019-10-18 13:01:40,558 [Thread-1637] INFO  impl.FollowerState (FollowerState.java:run(117)) - e5bb327f-cdd7-4e49-919e-13a4c895fddf@group-FF4202234884-FollowerState was interrupted: java.lang.InterruptedException: sleep interrupted
2019-10-18 13:01:40,558 [grpc-default-executor-7] INFO  impl.RaftServerImpl (RaftServerImpl.java:setRole(184)) - 999343e7-0330-4874-a345-91eca72585e0@group-FF4202234884: changes role from  FOLLOWER to FOLLOWER at term 93 for recognizeCandidate:c124d131-afb9-4343-ad4e-aaebde613043
2019-10-18 13:01:40,558 [grpc-default-executor-7] INFO  impl.RoleInfo (RoleInfo.java:shutdownFollowerState(121)) - 999343e7-0330-4874-a345-91eca72585e0: shutdown FollowerState
2019-10-18 13:01:40,558 [grpc-default-executor-7] INFO  impl.RoleInfo (RoleInfo.java:updateAndGet(143)) - 999343e7-0330-4874-a345-91eca72585e0: start FollowerState
2019-10-18 13:01:40,558 [Thread-1636] INFO  impl.FollowerState (FollowerState.java:run(117)) - 999343e7-0330-4874-a345-91eca72585e0@group-FF4202234884-FollowerState was interrupted: java.lang.InterruptedException: sleep interrupted
2019-10-18 13:01:40,585 [c124d131-afb9-4343-ad4e-aaebde613043@group-FF4202234884-LeaderElection177] INFO  impl.LeaderElection (LeaderElection.java:logAndReturn(56)) - c124d131-afb9-4343-ad4e-aaebde613043@group-FF4202234884-LeaderElection177: Election REJECTED; received 2 response(s) [c124d131-afb9-4343-ad4e-aaebde613043<-999343e7-0330-4874-a345-91eca72585e0#0:FAIL-t93, c124d131-afb9-4343-ad4e-aaebde613043<-e5bb327f-cdd7-4e49-919e-13a4c895fddf#0:FAIL-t93] and 0 exception(s); c124d131-afb9-4343-ad4e-aaebde613043@group-FF4202234884:t93, leader=null, voted=c124d131-afb9-4343-ad4e-aaebde613043, raftlog=c124d131-afb9-4343-ad4e-aaebde613043@group-FF4202234884-SegmentedRaftLog:OPENED:c-1,f-1,i0, conf=-1: [999343e7-0330-4874-a345-91eca72585e0:192.168.34.56:44872, c124d131-afb9-4343-ad4e-aaebde613043:192.168.34.56:42116, e5bb327f-cdd7-4e49-919e-13a4c895fddf:192.168.34.56:36658], old=null
2019-10-18 13:01:40,585 [c124d131-afb9-4343-ad4e-aaebde613043@group-FF4202234884-LeaderElection177] INFO  impl.RaftServerImpl (RaftServerImpl.java:setRole(184)) - c124d131-afb9-4343-ad4e-aaebde613043@group-FF4202234884: changes role from CANDIDATE to FOLLOWER at term 93 for DISCOVERED_A_NEW_TERM
2019-10-18 13:01:40,585 [c124d131-afb9-4343-ad4e-aaebde613043@group-FF4202234884-LeaderElection177] INFO  impl.RoleInfo (RoleInfo.java:shutdownLeaderElection(134)) - c124d131-afb9-4343-ad4e-aaebde613043: shutdown LeaderElection
2019-10-18 13:01:40,585 [c124d131-afb9-4343-ad4e-aaebde613043@group-FF4202234884-LeaderElection177] INFO  impl.RoleInfo (RoleInfo.java:updateAndGet(143)) - c124d131-afb9-4343-ad4e-aaebde613043: start FollowerState
2019-10-18 13:01:40,651 [Thread-1632] INFO  impl.FollowerState (FollowerState.java:run(108)) - 018b3f78-d19f-4e26-a796-cb8ddc4f97cf@group-187684C21557-FollowerState: change to CANDIDATE, lastRpcTime:174ms, electionTimeout:174ms
2019-10-18 13:01:40,651 [Thread-1632] INFO  impl.RoleInfo (RoleInfo.java:shutdownFollowerState(121)) - 018b3f78-d19f-4e26-a796-cb8ddc4f97cf: shutdown FollowerState
2019-10-18 13:01:40,651 [Thread-1632] INFO  impl.RaftServerImpl (RaftServerImpl.java:setRole(184)) - 018b3f78-d19f-4e26-a796-cb8ddc4f97cf@group-187684C21557: changes role from  FOLLOWER to CANDIDATE at term 91 for changeToCandidate
2019-10-18 13:01:40,651 [Thread-1632] INFO  impl.RoleInfo (RoleInfo.java:updateAndGet(143)) - 018b3f78-d19f-4e26-a796-cb8ddc4f97cf: start LeaderElection
2019-10-18 13:01:40,675 [018b3f78-d19f-4e26-a796-cb8ddc4f97cf@group-187684C21557-LeaderElection178] INFO  impl.LeaderElection (LeaderElection.java:askForVotes(178)) - 018b3f78-d19f-4e26-a796-cb8ddc4f97cf@group-187684C21557-LeaderElection178: begin an election at term 92 for -1: [893cf03e-f2cf-478a-892a-a746717e50e3:192.168.34.56:40750, 8697df36-98d2-41b1-bdc7-60597b3b5526:192.168.34.56:46415, 018b3f78-d19f-4e26-a796-cb8ddc4f97cf:192.168.34.56:35845], old=null
2019-10-18 13:01:40,678 [grpc-default-executor-5] INFO  impl.RaftServerImpl (RaftServerImpl.java:setRole(184)) - 893cf03e-f2cf-478a-892a-a746717e50e3@group-187684C21557: changes role from  FOLLOWER to FOLLOWER at term 92 for recognizeCandidate:018b3f78-d19f-4e26-a796-cb8ddc4f97cf
2019-10-18 13:01:40,678 [grpc-default-executor-7] INFO  impl.RaftServerImpl (RaftServerImpl.java:setRole(184)) - 8697df36-98d2-41b1-bdc7-60597b3b5526@group-187684C21557: changes role from  FOLLOWER to FOLLOWER at term 92 for recognizeCandidate:018b3f78-d19f-4e26-a796-cb8ddc4f97cf
2019-10-18 13:01:40,678 [grpc-default-executor-5] INFO  impl.RoleInfo (RoleInfo.java:shutdownFollowerState(121)) - 893cf03e-f2cf-478a-892a-a746717e50e3: shutdown FollowerState
2019-10-18 13:01:40,678 [grpc-default-executor-7] INFO  impl.RoleInfo (RoleInfo.java:shutdownFollowerState(121)) - 8697df36-98d2-41b1-bdc7-60597b3b5526: shutdown FollowerState
2019-10-18 13:01:40,678 [Thread-1627] INFO  impl.FollowerState (FollowerState.java:run(117)) - 893cf03e-f2cf-478a-892a-a746717e50e3@group-187684C21557-FollowerState was interrupted: java.lang.InterruptedException: sleep interrupted
2019-10-18 13:01:40,678 [grpc-default-executor-5] INFO  impl.RoleInfo (RoleInfo.java:updateAndGet(143)) - 893cf03e-f2cf-478a-892a-a746717e50e3: start FollowerState
2019-10-18 13:01:40,678 [Thread-1628] INFO  impl.FollowerState (FollowerState.java:run(117)) - 8697df36-98d2-41b1-bdc7-60597b3b5526@group-187684C21557-FollowerState was interrupted: java.lang.InterruptedException: sleep interrupted
2019-10-18 13:01:40,678 [grpc-default-executor-7] INFO  impl.RoleInfo (RoleInfo.java:updateAndGet(143)) - 8697df36-98d2-41b1-bdc7-60597b3b5526: start FollowerState
2019-10-18 13:01:40,728 [Thread-1643] INFO  impl.FollowerState (FollowerState.java:run(108)) - c124d131-afb9-4343-ad4e-aaebde613043@group-FF4202234884-FollowerState: change to CANDIDATE, lastRpcTime:143ms, electionTimeout:143ms
2019-10-18 13:01:40,729 [Thread-1643] INFO  impl.RoleInfo (RoleInfo.java:shutdownFollowerState(121)) - c124d131-afb9-4343-ad4e-aaebde613043: shutdown FollowerState
2019-10-18 13:01:40,729 [Thread-1643] INFO  impl.RaftServerImpl (RaftServerImpl.java:setRole(184)) - c124d131-afb9-4343-ad4e-aaebde613043@group-FF4202234884: changes role from  FOLLOWER to CANDIDATE at term 93 for changeToCandidate
2019-10-18 13:01:40,729 [Thread-1643] INFO  impl.RoleInfo (RoleInfo.java:updateAndGet(143)) - c124d131-afb9-4343-ad4e-aaebde613043: start LeaderElection
2019-10-18 13:01:40,733 [018b3f78-d19f-4e26-a796-cb8ddc4f97cf@group-187684C21557-LeaderElection178] INFO  impl.LeaderElection (LeaderElection.java:logAndReturn(56)) - 018b3f78-d19f-4e26-a796-cb8ddc4f97cf@group-187684C21557-LeaderElection178: Election REJECTED; received 2 response(s) [018b3f78-d19f-4e26-a796-cb8ddc4f97cf<-893cf03e-f2cf-478a-892a-a746717e50e3#0:FAIL-t92, 018b3f78-d19f-4e26-a796-cb8ddc4f97cf<-8697df36-98d2-41b1-bdc7-60597b3b5526#0:FAIL-t92] and 0 exception(s); 018b3f78-d19f-4e26-a796-cb8ddc4f97cf@group-187684C21557:t92, leader=null, voted=018b3f78-d19f-4e26-a796-cb8ddc4f97cf, raftlog=018b3f78-d19f-4e26-a796-cb8ddc4f97cf@group-187684C21557-SegmentedRaftLog:OPENED:c-1,f-1,i0, conf=-1: [893cf03e-f2cf-478a-892a-a746717e50e3:192.168.34.56:40750, 8697df36-98d2-41b1-bdc7-60597b3b5526:192.168.34.56:46415, 018b3f78-d19f-4e26-a796-cb8ddc4f97cf:192.168.34.56:35845], old=null
2019-10-18 13:01:40,733 [018b3f78-d19f-4e26-a796-cb8ddc4f97cf@group-187684C21557-LeaderElection178] INFO  impl.RaftServerImpl (RaftServerImpl.java:setRole(184)) - 018b3f78-d19f-4e26-a796-cb8ddc4f97cf@group-187684C21557: changes role from CANDIDATE to FOLLOWER at term 92 for DISCOVERED_A_NEW_TERM
2019-10-18 13:01:40,733 [018b3f78-d19f-4e26-a796-cb8ddc4f97cf@group-187684C21557-LeaderElection178] INFO  impl.RoleInfo (RoleInfo.java:shutdownLeaderElection(134)) - 018b3f78-d19f-4e26-a796-cb8ddc4f97cf: shutdown LeaderElection
2019-10-18 13:01:40,733 [018b3f78-d19f-4e26-a796-cb8ddc4f97cf@group-187684C21557-LeaderElection178] INFO  impl.RoleInfo (RoleInfo.java:updateAndGet(143)) - 018b3f78-d19f-4e26-a796-cb8ddc4f97cf: start FollowerState
2019-10-18 13:01:40,755 [c124d131-afb9-4343-ad4e-aaebde613043@group-FF4202234884-LeaderElection179] INFO  impl.LeaderElection (LeaderElection.java:askForVotes(178)) - c124d131-afb9-4343-ad4e-aaebde613043@group-FF4202234884-LeaderElection179: begin an election at term 94 for -1: [999343e7-0330-4874-a345-91eca72585e0:192.168.34.56:44872, c124d131-afb9-4343-ad4e-aaebde613043:192.168.34.56:42116, e5bb327f-cdd7-4e49-919e-13a4c895fddf:192.168.34.56:36658], old=null
2019-10-18 13:01:40,756 [grpc-default-executor-7] INFO  impl.RaftServerImpl (RaftServerImpl.java:setRole(184)) - e5bb327f-cdd7-4e49-919e-13a4c895fddf@group-FF4202234884: changes role from  FOLLOWER to FOLLOWER at term 94 for recognizeCandidate:c124d131-afb9-4343-ad4e-aaebde613043
2019-10-18 13:01:40,757 [grpc-default-executor-7] INFO  impl.RoleInfo (RoleInfo.java:shutdownFollowerState(121)) - e5bb327f-cdd7-4e49-919e-13a4c895fddf: shutdown FollowerState
2019-10-18 13:01:40,756 [grpc-default-executor-5] INFO  impl.RaftServerImpl (RaftServerImpl.java:setRole(184)) - 999343e7-0330-4874-a345-91eca72585e0@group-FF4202234884: changes role from  FOLLOWER to FOLLOWER at term 94 for recognizeCandidate:c124d131-afb9-4343-ad4e-aaebde613043
2019-10-18 13:01:40,757 [Thread-1640] INFO  impl.FollowerState (FollowerState.java:run(117)) - e5bb327f-cdd7-4e49-919e-13a4c895fddf@group-FF4202234884-FollowerState was interrupted: java.lang.InterruptedException: sleep interrupted
2019-10-18 13:01:40,757 [grpc-default-executor-7] INFO  impl.RoleInfo (RoleInfo.java:updateAndGet(143)) - e5bb327f-cdd7-4e49-919e-13a4c895fddf: start FollowerState
2019-10-18 13:01:40,757 [grpc-default-executor-5] INFO  impl.RoleInfo (RoleInfo.java:shutdownFollowerState(121)) - 999343e7-0330-4874-a345-91eca72585e0: shutdown FollowerState
2019-10-18 13:01:40,757 [grpc-default-executor-5] INFO  impl.RoleInfo (RoleInfo.java:updateAndGet(143)) - 999343e7-0330-4874-a345-91eca72585e0: start FollowerState
2019-10-18 13:01:40,757 [Thread-1641] INFO  impl.FollowerState (FollowerState.java:run(117)) - 999343e7-0330-4874-a345-91eca72585e0@group-FF4202234884-FollowerState was interrupted: java.lang.InterruptedException: sleep interrupted
2019-10-18 13:01:40,784 [c124d131-afb9-4343-ad4e-aaebde613043@group-FF4202234884-LeaderElection179] INFO  impl.LeaderElection (LeaderElection.java:logAndReturn(56)) - c124d131-afb9-4343-ad4e-aaebde613043@group-FF4202234884-LeaderElection179: Election REJECTED; received 2 response(s) [c124d131-afb9-4343-ad4e-aaebde613043<-999343e7-0330-4874-a345-91eca72585e0#0:FAIL-t94, c124d131-afb9-4343-ad4e-aaebde613043<-e5bb327f-cdd7-4e49-919e-13a4c895fddf#0:FAIL-t94] and 0 exception(s); c124d131-afb9-4343-ad4e-aaebde613043@group-FF4202234884:t94, leader=null, voted=c124d131-afb9-4343-ad4e-aaebde613043, raftlog=c124d131-afb9-4343-ad4e-aaebde613043@group-FF4202234884-SegmentedRaftLog:OPENED:c-1,f-1,i0, conf=-1: [999343e7-0330-4874-a345-91eca72585e0:192.168.34.56:44872, c124d131-afb9-4343-ad4e-aaebde613043:192.168.34.56:42116, e5bb327f-cdd7-4e49-919e-13a4c895fddf:192.168.34.56:36658], old=null
2019-10-18 13:01:40,792 [c124d131-afb9-4343-ad4e-aaebde613043@group-FF4202234884-LeaderElection179] INFO  impl.RaftServerImpl (RaftServerImpl.java:setRole(184)) - c124d131-afb9-4343-ad4e-aaebde613043@group-FF4202234884: changes role from CANDIDATE to FOLLOWER at term 94 for DISCOVERED_A_NEW_TERM
2019-10-18 13:01:40,792 [c124d131-afb9-4343-ad4e-aaebde613043@group-FF4202234884-LeaderElection179] INFO  impl.RoleInfo (RoleInfo.java:shutdownLeaderElection(134)) - c124d131-afb9-4343-ad4e-aaebde613043: shutdown LeaderElection
2019-10-18 13:01:40,792 [c124d131-afb9-4343-ad4e-aaebde613043@group-FF4202234884-LeaderElection179] INFO  impl.RoleInfo (RoleInfo.java:updateAndGet(143)) - c124d131-afb9-4343-ad4e-aaebde613043: start FollowerState
2019-10-18 13:01:40,795 [Thread-1657] INFO  impl.FollowerState (FollowerState.java:run(108)) - c124d131-afb9-4343-ad4e-aaebde613043@group-FF4202234884-FollowerState: change to CANDIDATE, lastRpcTime:2ms, electionTimeout:1ms
2019-10-18 13:01:40,795 [Thread-1657] INFO  impl.RoleInfo (RoleInfo.java:shutdownFollowerState(121)) - c124d131-afb9-4343-ad4e-aaebde613043: shutdown FollowerState
2019-10-18 13:01:40,798 [Thread-1657] INFO  impl.RaftServerImpl (RaftServerImpl.java:setRole(184)) - c124d131-afb9-4343-ad4e-aaebde613043@group-FF4202234884: changes role from  FOLLOWER to CANDIDATE at term 94 for changeToCandidate
2019-10-18 13:01:40,798 [Thread-1657] INFO  impl.RoleInfo (RoleInfo.java:updateAndGet(143)) - c124d131-afb9-4343-ad4e-aaebde613043: start LeaderElection
2019-10-18 13:01:40,798 [main] WARN  io.KeyOutputStream (KeyOutputStream.java:handleException(274)) - Encountered exception java.io.IOException: Unexpected Storage Container Exception: java.util.concurrent.CompletionException: java.util.concurrent.CompletionException: org.apache.ratis.protocol.RaftRetryFailureException: Failed RaftClientRequest:client-B21BF49BFE29->8697df36-98d2-41b1-bdc7-60597b3b5526@group-187684C21557, cid=23, seq=1*, RW, cmdType: WriteChunk
traceID: "3f1efc1a5b45d0f7:3f1efc1a5b45d0f7:0:0"
containerID: 3
datanodeUuid: "8697df36-98d2-41b1-bdc7-60597b3b5526"
writeChunk {
  blockID {
    containerID: 3
    localID: 102983511686643714
    blockCommitSequenceId: 0
  }
  chunkData {
    chunkName: "102983511686643714_chunk_1"
    offset: 0
    len: 1048576
    checksumData {
      type: CRC32
      bytesPerChecksum: 1048576
      checksums: "\361\003\002\247"
    }
  }
}
, data.size=1048576 for 10 attempts with RetryLimited(maxAttempts=10, sleepTime=1000ms) on the pipeline Pipeline[ Id: 29141776-7baf-4f3d-8bae-187684c21557, Nodes: 8697df36-98d2-41b1-bdc7-60597b3b5526{ip: 192.168.34.56, host: pr-hdds-2330-xmbvw-1183399999, networkLocation: /default-rack, certSerialId: null}018b3f78-d19f-4e26-a796-cb8ddc4f97cf{ip: 192.168.34.56, host: pr-hdds-2330-xmbvw-1183399999, networkLocation: /default-rack, certSerialId: null}893cf03e-f2cf-478a-892a-a746717e50e3{ip: 192.168.34.56, host: pr-hdds-2330-xmbvw-1183399999, networkLocation: /default-rack, certSerialId: null}, Type:RATIS, Factor:THREE, State:OPEN]. The last committed block length is 0, uncommitted data length is 2097152 retry count 1
2019-10-18 13:01:40,829 [c124d131-afb9-4343-ad4e-aaebde613043@group-FF4202234884-LeaderElection180] INFO  impl.LeaderElection (LeaderElection.java:askForVotes(178)) - c124d131-afb9-4343-ad4e-aaebde613043@group-FF4202234884-LeaderElection180: begin an election at term 95 for -1: [999343e7-0330-4874-a345-91eca72585e0:192.168.34.56:44872, c124d131-afb9-4343-ad4e-aaebde613043:192.168.34.56:42116, e5bb327f-cdd7-4e49-919e-13a4c895fddf:192.168.34.56:36658], old=null
2019-10-18 13:01:40,831 [grpc-default-executor-5] INFO  impl.RaftServerImpl (RaftServerImpl.java:setRole(184)) - 999343e7-0330-4874-a345-91eca72585e0@group-FF4202234884: changes role from  FOLLOWER to FOLLOWER at term 95 for recognizeCandidate:c124d131-afb9-4343-ad4e-aaebde613043
2019-10-18 13:01:40,833 [grpc-default-executor-5] INFO  impl.RoleInfo (RoleInfo.java:shutdownFollowerState(121)) - 999343e7-0330-4874-a345-91eca72585e0: shutdown FollowerState
2019-10-18 13:01:40,833 [grpc-default-executor-5] INFO  impl.RoleInfo (RoleInfo.java:updateAndGet(143)) - 999343e7-0330-4874-a345-91eca72585e0: start FollowerState
2019-10-18 13:01:40,833 [Thread-1654] INFO  impl.FollowerState (FollowerState.java:run(117)) - 999343e7-0330-4874-a345-91eca72585e0@group-FF4202234884-FollowerState was interrupted: java.lang.InterruptedException: sleep interrupted
2019-10-18 13:01:40,834 [grpc-default-executor-7] INFO  impl.RaftServerImpl (RaftServerImpl.java:setRole(184)) - e5bb327f-cdd7-4e49-919e-13a4c895fddf@group-FF4202234884: changes role from  FOLLOWER to FOLLOWER at term 95 for recognizeCandidate:c124d131-afb9-4343-ad4e-aaebde613043
2019-10-18 13:01:40,834 [grpc-default-executor-7] INFO  impl.RoleInfo (RoleInfo.java:shutdownFollowerState(121)) - e5bb327f-cdd7-4e49-919e-13a4c895fddf: shutdown FollowerState
2019-10-18 13:01:40,834 [grpc-default-executor-7] INFO  impl.RoleInfo (RoleInfo.java:updateAndGet(143)) - e5bb327f-cdd7-4e49-919e-13a4c895fddf: start FollowerState
2019-10-18 13:01:40,834 [Thread-1653] INFO  impl.FollowerState (FollowerState.java:run(117)) - e5bb327f-cdd7-4e49-919e-13a4c895fddf@group-FF4202234884-FollowerState was interrupted: java.lang.InterruptedException: sleep interrupted
2019-10-18 13:01:40,861 [Thread-1650] INFO  impl.FollowerState (FollowerState.java:run(108)) - 018b3f78-d19f-4e26-a796-cb8ddc4f97cf@group-187684C21557-FollowerState: change to CANDIDATE, lastRpcTime:127ms, electionTimeout:127ms
2019-10-18 13:01:40,861 [Thread-1650] INFO  impl.RoleInfo (RoleInfo.java:shutdownFollowerState(121)) - 018b3f78-d19f-4e26-a796-cb8ddc4f97cf: shutdown FollowerState
2019-10-18 13:01:40,861 [Thread-1650] INFO  impl.RaftServerImpl (RaftServerImpl.java:setRole(184)) - 018b3f78-d19f-4e26-a796-cb8ddc4f97cf@group-187684C21557: changes role from  FOLLOWER to CANDIDATE at term 92 for changeToCandidate
2019-10-18 13:01:40,861 [Thread-1650] INFO  impl.RoleInfo (RoleInfo.java:updateAndGet(143)) - 018b3f78-d19f-4e26-a796-cb8ddc4f97cf: start LeaderElection
2019-10-18 13:01:40,876 [c124d131-afb9-4343-ad4e-aaebde613043@group-FF4202234884-LeaderElection180] INFO  impl.LeaderElection (LeaderElection.java:logAndReturn(56)) - c124d131-afb9-4343-ad4e-aaebde613043@group-FF4202234884-LeaderElection180: Election REJECTED; received 2 response(s) [c124d131-afb9-4343-ad4e-aaebde613043<-999343e7-0330-4874-a345-91eca72585e0#0:FAIL-t95, c124d131-afb9-4343-ad4e-aaebde613043<-e5bb327f-cdd7-4e49-919e-13a4c895fddf#0:FAIL-t95] and 0 exception(s); c124d131-afb9-4343-ad4e-aaebde613043@group-FF4202234884:t95, leader=null, voted=c124d131-afb9-4343-ad4e-aaebde613043, raftlog=c124d131-afb9-4343-ad4e-aaebde613043@group-FF4202234884-SegmentedRaftLog:OPENED:c-1,f-1,i0, conf=-1: [999343e7-0330-4874-a345-91eca72585e0:192.168.34.56:44872, c124d131-afb9-4343-ad4e-aaebde613043:192.168.34.56:42116, e5bb327f-cdd7-4e49-919e-13a4c895fddf:192.168.34.56:36658], old=null
2019-10-18 13:01:40,876 [c124d131-afb9-4343-ad4e-aaebde613043@group-FF4202234884-LeaderElection180] INFO  impl.RaftServerImpl (RaftServerImpl.java:setRole(184)) - c124d131-afb9-4343-ad4e-aaebde613043@group-FF4202234884: changes role from CANDIDATE to FOLLOWER at term 95 for DISCOVERED_A_NEW_TERM
2019-10-18 13:01:40,876 [c124d131-afb9-4343-ad4e-aaebde613043@group-FF4202234884-LeaderElection180] INFO  impl.RoleInfo (RoleInfo.java:shutdownLeaderElection(134)) - c124d131-afb9-4343-ad4e-aaebde613043: shutdown LeaderElection
2019-10-18 13:01:40,876 [c124d131-afb9-4343-ad4e-aaebde613043@group-FF4202234884-LeaderElection180] INFO  impl.RoleInfo (RoleInfo.java:updateAndGet(143)) - c124d131-afb9-4343-ad4e-aaebde613043: start FollowerState
2019-10-18 13:01:40,922 [018b3f78-d19f-4e26-a796-cb8ddc4f97cf@group-187684C21557-LeaderElection181] INFO  impl.LeaderElection (LeaderElection.java:askForVotes(178)) - 018b3f78-d19f-4e26-a796-cb8ddc4f97cf@group-187684C21557-LeaderElection181: begin an election at term 93 for -1: [893cf03e-f2cf-478a-892a-a746717e50e3:192.168.34.56:40750, 8697df36-98d2-41b1-bdc7-60597b3b5526:192.168.34.56:46415, 018b3f78-d19f-4e26-a796-cb8ddc4f97cf:192.168.34.56:35845], old=null
2019-10-18 13:01:40,924 [grpc-default-executor-7] INFO  impl.RaftServerImpl (RaftServerImpl.java:setRole(184)) - 8697df36-98d2-41b1-bdc7-60597b3b5526@group-187684C21557: changes role from  FOLLOWER to FOLLOWER at term 93 for recognizeCandidate:018b3f78-d19f-4e26-a796-cb8ddc4f97cf
2019-10-18 13:01:40,924 [grpc-default-executor-5] INFO  impl.RaftServerImpl (RaftServerImpl.java:setRole(184)) - 893cf03e-f2cf-478a-892a-a746717e50e3@group-187684C21557: changes role from  FOLLOWER to FOLLOWER at term 93 for recognizeCandidate:018b3f78-d19f-4e26-a796-cb8ddc4f97cf
2019-10-18 13:01:40,924 [grpc-default-executor-7] INFO  impl.RoleInfo (RoleInfo.java:shutdownFollowerState(121)) - 8697df36-98d2-41b1-bdc7-60597b3b5526: shutdown FollowerState
2019-10-18 13:01:40,924 [grpc-default-executor-5] INFO  impl.RoleInfo (RoleInfo.java:shutdownFollowerState(121)) - 893cf03e-f2cf-478a-892a-a746717e50e3: shutdown FollowerState
2019-10-18 13:01:40,924 [Thread-1648] INFO  impl.FollowerState (FollowerState.java:run(117)) - 8697df36-98d2-41b1-bdc7-60597b3b5526@group-187684C21557-FollowerState was interrupted: java.lang.InterruptedException: sleep interrupted
2019-10-18 13:01:40,924 [grpc-default-executor-7] INFO  impl.RoleInfo (RoleInfo.java:updateAndGet(143)) - 8697df36-98d2-41b1-bdc7-60597b3b5526: start FollowerState
2019-10-18 13:01:40,925 [grpc-default-executor-5] INFO  impl.RoleInfo (RoleInfo.java:updateAndGet(143)) - 893cf03e-f2cf-478a-892a-a746717e50e3: start FollowerState
2019-10-18 13:01:40,924 [Thread-1647] INFO  impl.FollowerState (FollowerState.java:run(117)) - 893cf03e-f2cf-478a-892a-a746717e50e3@group-187684C21557-FollowerState was interrupted: java.lang.InterruptedException: sleep interrupted
2019-10-18 13:01:40,947 [018b3f78-d19f-4e26-a796-cb8ddc4f97cf@group-187684C21557-LeaderElection181] INFO  impl.LeaderElection (LeaderElection.java:logAndReturn(56)) - 018b3f78-d19f-4e26-a796-cb8ddc4f97cf@group-187684C21557-LeaderElection181: Election REJECTED; received 2 response(s) [018b3f78-d19f-4e26-a796-cb8ddc4f97cf<-893cf03e-f2cf-478a-892a-a746717e50e3#0:FAIL-t93, 018b3f78-d19f-4e26-a796-cb8ddc4f97cf<-8697df36-98d2-41b1-bdc7-60597b3b5526#0:FAIL-t93] and 0 exception(s); 018b3f78-d19f-4e26-a796-cb8ddc4f97cf@group-187684C21557:t93, leader=null, voted=018b3f78-d19f-4e26-a796-cb8ddc4f97cf, raftlog=018b3f78-d19f-4e26-a796-cb8ddc4f97cf@group-187684C21557-SegmentedRaftLog:OPENED:c-1,f-1,i0, conf=-1: [893cf03e-f2cf-478a-892a-a746717e50e3:192.168.34.56:40750, 8697df36-98d2-41b1-bdc7-60597b3b5526:192.168.34.56:46415, 018b3f78-d19f-4e26-a796-cb8ddc4f97cf:192.168.34.56:35845], old=null
2019-10-18 13:01:40,947 [018b3f78-d19f-4e26-a796-cb8ddc4f97cf@group-187684C21557-LeaderElection181] INFO  impl.RaftServerImpl (RaftServerImpl.java:setRole(184)) - 018b3f78-d19f-4e26-a796-cb8ddc4f97cf@group-187684C21557: changes role from CANDIDATE to FOLLOWER at term 93 for DISCOVERED_A_NEW_TERM
2019-10-18 13:01:40,947 [018b3f78-d19f-4e26-a796-cb8ddc4f97cf@group-187684C21557-LeaderElection181] INFO  impl.RoleInfo (RoleInfo.java:shutdownLeaderElection(134)) - 018b3f78-d19f-4e26-a796-cb8ddc4f97cf: shutdown LeaderElection
2019-10-18 13:01:40,947 [018b3f78-d19f-4e26-a796-cb8ddc4f97cf@group-187684C21557-LeaderElection181] INFO  impl.RoleInfo (RoleInfo.java:updateAndGet(143)) - 018b3f78-d19f-4e26-a796-cb8ddc4f97cf: start FollowerState
2019-10-18 13:01:40,950 [Thread-1674] INFO  impl.FollowerState (FollowerState.java:run(108)) - 018b3f78-d19f-4e26-a796-cb8ddc4f97cf@group-187684C21557-FollowerState: change to CANDIDATE, lastRpcTime:2ms, electionTimeout:2ms
2019-10-18 13:01:40,950 [Thread-1674] INFO  impl.RoleInfo (RoleInfo.java:shutdownFollowerState(121)) - 018b3f78-d19f-4e26-a796-cb8ddc4f97cf: shutdown FollowerState
2019-10-18 13:01:40,950 [Thread-1674] INFO  impl.RaftServerImpl (RaftServerImpl.java:setRole(184)) - 018b3f78-d19f-4e26-a796-cb8ddc4f97cf@group-187684C21557: changes role from  FOLLOWER to CANDIDATE at term 93 for changeToCandidate
2019-10-18 13:01:40,950 [Thread-1674] INFO  impl.RoleInfo (RoleInfo.java:updateAndGet(143)) - 018b3f78-d19f-4e26-a796-cb8ddc4f97cf: start LeaderElection
2019-10-18 13:01:40,970 [018b3f78-d19f-4e26-a796-cb8ddc4f97cf@group-187684C21557-LeaderElection182] INFO  impl.LeaderElection (LeaderElection.java:askForVotes(178)) - 018b3f78-d19f-4e26-a796-cb8ddc4f97cf@group-187684C21557-LeaderElection182: begin an election at term 94 for -1: [893cf03e-f2cf-478a-892a-a746717e50e3:192.168.34.56:40750, 8697df36-98d2-41b1-bdc7-60597b3b5526:192.168.34.56:46415, 018b3f78-d19f-4e26-a796-cb8ddc4f97cf:192.168.34.56:35845], old=null
2019-10-18 13:01:40,973 [grpc-default-executor-7] INFO  impl.RaftServerImpl (RaftServerImpl.java:setRole(184)) - 893cf03e-f2cf-478a-892a-a746717e50e3@group-187684C21557: changes role from  FOLLOWER to FOLLOWER at term 94 for recognizeCandidate:018b3f78-d19f-4e26-a796-cb8ddc4f97cf
2019-10-18 13:01:40,973 [grpc-default-executor-7] INFO  impl.RoleInfo (RoleInfo.java:shutdownFollowerState(121)) - 893cf03e-f2cf-478a-892a-a746717e50e3: shutdown FollowerState
2019-10-18 13:01:40,973 [Thread-1673] INFO  impl.FollowerState (FollowerState.java:run(117)) - 893cf03e-f2cf-478a-892a-a746717e50e3@group-187684C21557-FollowerState was interrupted: java.lang.InterruptedException: sleep interrupted
2019-10-18 13:01:40,973 [grpc-default-executor-7] INFO  impl.RoleInfo (RoleInfo.java:updateAndGet(143)) - 893cf03e-f2cf-478a-892a-a746717e50e3: start FollowerState
2019-10-18 13:01:40,973 [grpc-default-executor-5] INFO  impl.RaftServerImpl (RaftServerImpl.java:setRole(184)) - 8697df36-98d2-41b1-bdc7-60597b3b5526@group-187684C21557: changes role from  FOLLOWER to FOLLOWER at term 94 for recognizeCandidate:018b3f78-d19f-4e26-a796-cb8ddc4f97cf
2019-10-18 13:01:40,974 [grpc-default-executor-5] INFO  impl.RoleInfo (RoleInfo.java:shutdownFollowerState(121)) - 8697df36-98d2-41b1-bdc7-60597b3b5526: shutdown FollowerState
2019-10-18 13:01:40,974 [Thread-1672] INFO  impl.FollowerState (FollowerState.java:run(117)) - 8697df36-98d2-41b1-bdc7-60597b3b5526@group-187684C21557-FollowerState was interrupted: java.lang.InterruptedException: sleep interrupted
2019-10-18 13:01:40,974 [grpc-default-executor-5] INFO  impl.RoleInfo (RoleInfo.java:updateAndGet(143)) - 8697df36-98d2-41b1-bdc7-60597b3b5526: start FollowerState
2019-10-18 13:01:40,988 [Thread-1669] INFO  impl.FollowerState (FollowerState.java:run(108)) - c124d131-afb9-4343-ad4e-aaebde613043@group-FF4202234884-FollowerState: change to CANDIDATE, lastRpcTime:111ms, electionTimeout:111ms
2019-10-18 13:01:40,988 [Thread-1669] INFO  impl.RoleInfo (RoleInfo.java:shutdownFollowerState(121)) - c124d131-afb9-4343-ad4e-aaebde613043: shutdown FollowerState
2019-10-18 13:01:40,988 [Thread-1669] INFO  impl.RaftServerImpl (RaftServerImpl.java:setRole(184)) - c124d131-afb9-4343-ad4e-aaebde613043@group-FF4202234884: changes role from  FOLLOWER to CANDIDATE at term 95 for changeToCandidate
2019-10-18 13:01:40,988 [Thread-1669] INFO  impl.RoleInfo (RoleInfo.java:updateAndGet(143)) - c124d131-afb9-4343-ad4e-aaebde613043: start LeaderElection
2019-10-18 13:01:41,008 [018b3f78-d19f-4e26-a796-cb8ddc4f97cf@group-187684C21557-LeaderElection182] INFO  impl.LeaderElection (LeaderElection.java:logAndReturn(56)) - 018b3f78-d19f-4e26-a796-cb8ddc4f97cf@group-187684C21557-LeaderElection182: Election REJECTED; received 2 response(s) [018b3f78-d19f-4e26-a796-cb8ddc4f97cf<-893cf03e-f2cf-478a-892a-a746717e50e3#0:FAIL-t94, 018b3f78-d19f-4e26-a796-cb8ddc4f97cf<-8697df36-98d2-41b1-bdc7-60597b3b5526#0:FAIL-t94] and 0 exception(s); 018b3f78-d19f-4e26-a796-cb8ddc4f97cf@group-187684C21557:t94, leader=null, voted=018b3f78-d19f-4e26-a796-cb8ddc4f97cf, raftlog=018b3f78-d19f-4e26-a796-cb8ddc4f97cf@group-187684C21557-SegmentedRaftLog:OPENED:c-1,f-1,i0, conf=-1: [893cf03e-f2cf-478a-892a-a746717e50e3:192.168.34.56:40750, 8697df36-98d2-41b1-bdc7-60597b3b5526:192.168.34.56:46415, 018b3f78-d19f-4e26-a796-cb8ddc4f97cf:192.168.34.56:35845], old=null
2019-10-18 13:01:41,009 [018b3f78-d19f-4e26-a796-cb8ddc4f97cf@group-187684C21557-LeaderElection182] INFO  impl.RaftServerImpl (RaftServerImpl.java:setRole(184)) - 018b3f78-d19f-4e26-a796-cb8ddc4f97cf@group-187684C21557: changes role from CANDIDATE to FOLLOWER at term 94 for DISCOVERED_A_NEW_TERM
2019-10-18 13:01:41,009 [018b3f78-d19f-4e26-a796-cb8ddc4f97cf@group-187684C21557-LeaderElection182] INFO  impl.RoleInfo (RoleInfo.java:shutdownLeaderElection(134)) - 018b3f78-d19f-4e26-a796-cb8ddc4f97cf: shutdown LeaderElection
2019-10-18 13:01:41,009 [018b3f78-d19f-4e26-a796-cb8ddc4f97cf@group-187684C21557-LeaderElection182] INFO  impl.RoleInfo (RoleInfo.java:updateAndGet(143)) - 018b3f78-d19f-4e26-a796-cb8ddc4f97cf: start FollowerState
2019-10-18 13:01:41,031 [c124d131-afb9-4343-ad4e-aaebde613043@group-FF4202234884-LeaderElection183] INFO  impl.LeaderElection (LeaderElection.java:askForVotes(178)) - c124d131-afb9-4343-ad4e-aaebde613043@group-FF4202234884-LeaderElection183: begin an election at term 96 for -1: [999343e7-0330-4874-a345-91eca72585e0:192.168.34.56:44872, c124d131-afb9-4343-ad4e-aaebde613043:192.168.34.56:42116, e5bb327f-cdd7-4e49-919e-13a4c895fddf:192.168.34.56:36658], old=null
2019-10-18 13:01:41,033 [grpc-default-executor-5] INFO  impl.RaftServerImpl (RaftServerImpl.java:setRole(184)) - 999343e7-0330-4874-a345-91eca72585e0@group-FF4202234884: changes role from  FOLLOWER to FOLLOWER at term 96 for recognizeCandidate:c124d131-afb9-4343-ad4e-aaebde613043
2019-10-18 13:01:41,033 [grpc-default-executor-5] INFO  impl.RoleInfo (RoleInfo.java:shutdownFollowerState(121)) - 999343e7-0330-4874-a345-91eca72585e0: shutdown FollowerState
2019-10-18 13:01:41,033 [grpc-default-executor-7] INFO  impl.RaftServerImpl (RaftServerImpl.java:setRole(184)) - e5bb327f-cdd7-4e49-919e-13a4c895fddf@group-FF4202234884: changes role from  FOLLOWER to FOLLOWER at term 96 for recognizeCandidate:c124d131-afb9-4343-ad4e-aaebde613043
2019-10-18 13:01:41,033 [Thread-1664] INFO  impl.FollowerState (FollowerState.java:run(117)) - 999343e7-0330-4874-a345-91eca72585e0@group-FF4202234884-FollowerState was interrupted: java.lang.InterruptedException: sleep interrupted
2019-10-18 13:01:41,033 [grpc-default-executor-5] INFO  impl.RoleInfo (RoleInfo.java:updateAndGet(143)) - 999343e7-0330-4874-a345-91eca72585e0: start FollowerState
2019-10-18 13:01:41,033 [grpc-default-executor-7] INFO  impl.RoleInfo (RoleInfo.java:shutdownFollowerState(121)) - e5bb327f-cdd7-4e49-919e-13a4c895fddf: shutdown FollowerState
2019-10-18 13:01:41,034 [Thread-1665] INFO  impl.FollowerState (FollowerState.java:run(117)) - e5bb327f-cdd7-4e49-919e-13a4c895fddf@group-FF4202234884-FollowerState was interrupted: java.lang.InterruptedException: sleep interrupted
2019-10-18 13:01:41,034 [grpc-default-executor-7] INFO  impl.RoleInfo (RoleInfo.java:updateAndGet(143)) - e5bb327f-cdd7-4e49-919e-13a4c895fddf: start FollowerState
2019-10-18 13:01:41,059 [c124d131-afb9-4343-ad4e-aaebde613043@group-FF4202234884-LeaderElection183] INFO  impl.LeaderElection (LeaderElection.java:logAndReturn(56)) - c124d131-afb9-4343-ad4e-aaebde613043@group-FF4202234884-LeaderElection183: Election REJECTED; received 2 response(s) [c124d131-afb9-4343-ad4e-aaebde613043<-999343e7-0330-4874-a345-91eca72585e0#0:FAIL-t96, c124d131-afb9-4343-ad4e-aaebde613043<-e5bb327f-cdd7-4e49-919e-13a4c895fddf#0:FAIL-t96] and 0 exception(s); c124d131-afb9-4343-ad4e-aaebde613043@group-FF4202234884:t96, leader=null, voted=c124d131-afb9-4343-ad4e-aaebde613043, raftlog=c124d131-afb9-4343-ad4e-aaebde613043@group-FF4202234884-SegmentedRaftLog:OPENED:c-1,f-1,i0, conf=-1: [999343e7-0330-4874-a345-91eca72585e0:192.168.34.56:44872, c124d131-afb9-4343-ad4e-aaebde613043:192.168.34.56:42116, e5bb327f-cdd7-4e49-919e-13a4c895fddf:192.168.34.56:36658], old=null
2019-10-18 13:01:41,059 [c124d131-afb9-4343-ad4e-aaebde613043@group-FF4202234884-LeaderElection183] INFO  impl.RaftServerImpl (RaftServerImpl.java:setRole(184)) - c124d131-afb9-4343-ad4e-aaebde613043@group-FF4202234884: changes role from CANDIDATE to FOLLOWER at term 96 for DISCOVERED_A_NEW_TERM
2019-10-18 13:01:41,059 [c124d131-afb9-4343-ad4e-aaebde613043@group-FF4202234884-LeaderElection183] INFO  impl.RoleInfo (RoleInfo.java:shutdownLeaderElection(134)) - c124d131-afb9-4343-ad4e-aaebde613043: shutdown LeaderElection
2019-10-18 13:01:41,060 [c124d131-afb9-4343-ad4e-aaebde613043@group-FF4202234884-LeaderElection183] INFO  impl.RoleInfo (RoleInfo.java:updateAndGet(143)) - c124d131-afb9-4343-ad4e-aaebde613043: start FollowerState
2019-10-18 13:01:41,121 [Thread-1681] INFO  impl.FollowerState (FollowerState.java:run(108)) - 018b3f78-d19f-4e26-a796-cb8ddc4f97cf@group-187684C21557-FollowerState: change to CANDIDATE, lastRpcTime:112ms, electionTimeout:112ms
2019-10-18 13:01:41,122 [Thread-1681] INFO  impl.RoleInfo (RoleInfo.java:shutdownFollowerState(121)) - 018b3f78-d19f-4e26-a796-cb8ddc4f97cf: shutdown FollowerState
2019-10-18 13:01:41,122 [Thread-1681] INFO  impl.RaftServerImpl (RaftServerImpl.java:setRole(184)) - 018b3f78-d19f-4e26-a796-cb8ddc4f97cf@group-187684C21557: changes role from  FOLLOWER to CANDIDATE at term 94 for changeToCandidate
2019-10-18 13:01:41,122 [Thread-1681] INFO  impl.RoleInfo (RoleInfo.java:updateAndGet(143)) - 018b3f78-d19f-4e26-a796-cb8ddc4f97cf: start LeaderElection
2019-10-18 13:01:41,151 [018b3f78-d19f-4e26-a796-cb8ddc4f97cf@group-187684C21557-LeaderElection184] INFO  impl.LeaderElection (LeaderElection.java:askForVotes(178)) - 018b3f78-d19f-4e26-a796-cb8ddc4f97cf@group-187684C21557-LeaderElection184: begin an election at term 95 for -1: [893cf03e-f2cf-478a-892a-a746717e50e3:192.168.34.56:40750, 8697df36-98d2-41b1-bdc7-60597b3b5526:192.168.34.56:46415, 018b3f78-d19f-4e26-a796-cb8ddc4f97cf:192.168.34.56:35845], old=null
2019-10-18 13:01:41,153 [grpc-default-executor-5] INFO  impl.RaftServerImpl (RaftServerImpl.java:setRole(184)) - 893cf03e-f2cf-478a-892a-a746717e50e3@group-187684C21557: changes role from  FOLLOWER to FOLLOWER at term 95 for recognizeCandidate:018b3f78-d19f-4e26-a796-cb8ddc4f97cf
2019-10-18 13:01:41,153 [grpc-default-executor-2] INFO  impl.RaftServerImpl (RaftServerImpl.java:setRole(184)) - 8697df36-98d2-41b1-bdc7-60597b3b5526@group-187684C21557: changes role from  FOLLOWER to FOLLOWER at term 95 for recognizeCandidate:018b3f78-d19f-4e26-a796-cb8ddc4f97cf
2019-10-18 13:01:41,153 [grpc-default-executor-5] INFO  impl.RoleInfo (RoleInfo.java:shutdownFollowerState(121)) - 893cf03e-f2cf-478a-892a-a746717e50e3: shutdown FollowerState
2019-10-18 13:01:41,153 [grpc-default-executor-2] INFO  impl.RoleInfo (RoleInfo.java:shutdownFollowerState(121)) - 8697df36-98d2-41b1-bdc7-60597b3b5526: shutdown FollowerState
2019-10-18 13:01:41,153 [Thread-1678] INFO  impl.FollowerState (FollowerState.java:run(117)) - 893cf03e-f2cf-478a-892a-a746717e50e3@group-187684C21557-FollowerState was interrupted: java.lang.InterruptedException: sleep interrupted
2019-10-18 13:01:41,153 [grpc-default-executor-5] INFO  impl.RoleInfo (RoleInfo.java:updateAndGet(143)) - 893cf03e-f2cf-478a-892a-a746717e50e3: start FollowerState
2019-10-18 13:01:41,153 [Thread-1679] INFO  impl.FollowerState (FollowerState.java:run(117)) - 8697df36-98d2-41b1-bdc7-60597b3b5526@group-187684C21557-FollowerState was interrupted: java.lang.InterruptedException: sleep interrupted
2019-10-18 13:01:41,153 [grpc-default-executor-2] INFO  impl.RoleInfo (RoleInfo.java:updateAndGet(143)) - 8697df36-98d2-41b1-bdc7-60597b3b5526: start FollowerState
2019-10-18 13:01:41,169 [018b3f78-d19f-4e26-a796-cb8ddc4f97cf@group-187684C21557-LeaderElection184] INFO  impl.LeaderElection (LeaderElection.java:logAndReturn(56)) - 018b3f78-d19f-4e26-a796-cb8ddc4f97cf@group-187684C21557-LeaderElection184: Election REJECTED; received 2 response(s) [018b3f78-d19f-4e26-a796-cb8ddc4f97cf<-893cf03e-f2cf-478a-892a-a746717e50e3#0:FAIL-t95, 018b3f78-d19f-4e26-a796-cb8ddc4f97cf<-8697df36-98d2-41b1-bdc7-60597b3b5526#0:FAIL-t95] and 0 exception(s); 018b3f78-d19f-4e26-a796-cb8ddc4f97cf@group-187684C21557:t95, leader=null, voted=018b3f78-d19f-4e26-a796-cb8ddc4f97cf, raftlog=018b3f78-d19f-4e26-a796-cb8ddc4f97cf@group-187684C21557-SegmentedRaftLog:OPENED:c-1,f-1,i0, conf=-1: [893cf03e-f2cf-478a-892a-a746717e50e3:192.168.34.56:40750, 8697df36-98d2-41b1-bdc7-60597b3b5526:192.168.34.56:46415, 018b3f78-d19f-4e26-a796-cb8ddc4f97cf:192.168.34.56:35845], old=null
2019-10-18 13:01:41,169 [018b3f78-d19f-4e26-a796-cb8ddc4f97cf@group-187684C21557-LeaderElection184] INFO  impl.RaftServerImpl (RaftServerImpl.java:setRole(184)) - 018b3f78-d19f-4e26-a796-cb8ddc4f97cf@group-187684C21557: changes role from CANDIDATE to FOLLOWER at term 95 for DISCOVERED_A_NEW_TERM
2019-10-18 13:01:41,170 [018b3f78-d19f-4e26-a796-cb8ddc4f97cf@group-187684C21557-LeaderElection184] INFO  impl.RoleInfo (RoleInfo.java:shutdownLeaderElection(134)) - 018b3f78-d19f-4e26-a796-cb8ddc4f97cf: shutdown LeaderElection
2019-10-18 13:01:41,170 [018b3f78-d19f-4e26-a796-cb8ddc4f97cf@group-187684C21557-LeaderElection184] INFO  impl.RoleInfo (RoleInfo.java:updateAndGet(143)) - 018b3f78-d19f-4e26-a796-cb8ddc4f97cf: start FollowerState
2019-10-18 13:01:41,221 [Thread-1686] INFO  impl.FollowerState (FollowerState.java:run(108)) - c124d131-afb9-4343-ad4e-aaebde613043@group-FF4202234884-FollowerState: change to CANDIDATE, lastRpcTime:161ms, electionTimeout:161ms
2019-10-18 13:01:41,221 [Thread-1686] INFO  impl.RoleInfo (RoleInfo.java:shutdownFollowerState(121)) - c124d131-afb9-4343-ad4e-aaebde613043: shutdown FollowerState
2019-10-18 13:01:41,221 [Thread-1686] INFO  impl.RaftServerImpl (RaftServerImpl.java:setRole(184)) - c124d131-afb9-4343-ad4e-aaebde613043@group-FF4202234884: changes role from  FOLLOWER to CANDIDATE at term 96 for changeToCandidate
2019-10-18 13:01:41,221 [Thread-1686] INFO  impl.RoleInfo (RoleInfo.java:updateAndGet(143)) - c124d131-afb9-4343-ad4e-aaebde613043: start LeaderElection
2019-10-18 13:01:41,249 [Thread-1701] INFO  impl.FollowerState (FollowerState.java:run(108)) - 018b3f78-d19f-4e26-a796-cb8ddc4f97cf@group-187684C21557-FollowerState: change to CANDIDATE, lastRpcTime:79ms, electionTimeout:79ms
2019-10-18 13:01:41,249 [Thread-1701] INFO  impl.RoleInfo (RoleInfo.java:shutdownFollowerState(121)) - 018b3f78-d19f-4e26-a796-cb8ddc4f97cf: shutdown FollowerState
2019-10-18 13:01:41,249 [Thread-1701] INFO  impl.RaftServerImpl (RaftServerImpl.java:setRole(184)) - 018b3f78-d19f-4e26-a796-cb8ddc4f97cf@group-187684C21557: changes role from  FOLLOWER to CANDIDATE at term 95 for changeToCandidate
2019-10-18 13:01:41,249 [Thread-1701] INFO  impl.RoleInfo (RoleInfo.java:updateAndGet(143)) - 018b3f78-d19f-4e26-a796-cb8ddc4f97cf: start LeaderElection
2019-10-18 13:01:41,253 [c124d131-afb9-4343-ad4e-aaebde613043@group-FF4202234884-LeaderElection185] INFO  impl.LeaderElection (LeaderElection.java:askForVotes(178)) - c124d131-afb9-4343-ad4e-aaebde613043@group-FF4202234884-LeaderElection185: begin an election at term 97 for -1: [999343e7-0330-4874-a345-91eca72585e0:192.168.34.56:44872, c124d131-afb9-4343-ad4e-aaebde613043:192.168.34.56:42116, e5bb327f-cdd7-4e49-919e-13a4c895fddf:192.168.34.56:36658], old=null
2019-10-18 13:01:41,255 [grpc-default-executor-7] INFO  impl.RaftServerImpl (RaftServerImpl.java:setRole(184)) - 999343e7-0330-4874-a345-91eca72585e0@group-FF4202234884: changes role from  FOLLOWER to FOLLOWER at term 97 for recognizeCandidate:c124d131-afb9-4343-ad4e-aaebde613043
2019-10-18 13:01:41,255 [grpc-default-executor-7] INFO  impl.RoleInfo (RoleInfo.java:shutdownFollowerState(121)) - 999343e7-0330-4874-a345-91eca72585e0: shutdown FollowerState
2019-10-18 13:01:41,255 [grpc-default-executor-0] INFO  impl.RaftServerImpl (RaftServerImpl.java:setRole(184)) - e5bb327f-cdd7-4e49-919e-13a4c895fddf@group-FF4202234884: changes role from  FOLLOWER to FOLLOWER at term 97 for recognizeCandidate:c124d131-afb9-4343-ad4e-aaebde613043
2019-10-18 13:01:41,255 [Thread-1684] INFO  impl.FollowerState (FollowerState.java:run(117)) - 999343e7-0330-4874-a345-91eca72585e0@group-FF4202234884-FollowerState was interrupted: java.lang.InterruptedException: sleep interrupted
2019-10-18 13:01:41,255 [grpc-default-executor-7] INFO  impl.RoleInfo (RoleInfo.java:updateAndGet(143)) - 999343e7-0330-4874-a345-91eca72585e0: start FollowerState
2019-10-18 13:01:41,256 [grpc-default-executor-0] INFO  impl.RoleInfo (RoleInfo.java:shutdownFollowerState(121)) - e5bb327f-cdd7-4e49-919e-13a4c895fddf: shutdown FollowerState
2019-10-18 13:01:41,256 [grpc-default-executor-0] INFO  impl.RoleInfo (RoleInfo.java:updateAndGet(143)) - e5bb327f-cdd7-4e49-919e-13a4c895fddf: start FollowerState
2019-10-18 13:01:41,256 [Thread-1685] INFO  impl.FollowerState (FollowerState.java:run(117)) - e5bb327f-cdd7-4e49-919e-13a4c895fddf@group-FF4202234884-FollowerState was interrupted: java.lang.InterruptedException: sleep interrupted
2019-10-18 13:01:41,271 [018b3f78-d19f-4e26-a796-cb8ddc4f97cf@group-187684C21557-LeaderElection186] INFO  impl.LeaderElection (LeaderElection.java:askForVotes(178)) - 018b3f78-d19f-4e26-a796-cb8ddc4f97cf@group-187684C21557-LeaderElection186: begin an election at term 96 for -1: [893cf03e-f2cf-478a-892a-a746717e50e3:192.168.34.56:40750, 8697df36-98d2-41b1-bdc7-60597b3b5526:192.168.34.56:46415, 018b3f78-d19f-4e26-a796-cb8ddc4f97cf:192.168.34.56:35845], old=null
2019-10-18 13:01:41,272 [grpc-default-executor-5] INFO  impl.RaftServerImpl (RaftServerImpl.java:setRole(184)) - 8697df36-98d2-41b1-bdc7-60597b3b5526@group-187684C21557: changes role from  FOLLOWER to FOLLOWER at term 96 for recognizeCandidate:018b3f78-d19f-4e26-a796-cb8ddc4f97cf
2019-10-18 13:01:41,272 [grpc-default-executor-2] INFO  impl.RaftServerImpl (RaftServerImpl.java:setRole(184)) - 893cf03e-f2cf-478a-892a-a746717e50e3@group-187684C21557: changes role from  FOLLOWER to FOLLOWER at term 96 for recognizeCandidate:018b3f78-d19f-4e26-a796-cb8ddc4f97cf
2019-10-18 13:01:41,272 [grpc-default-executor-5] INFO  impl.RoleInfo (RoleInfo.java:shutdownFollowerState(121)) - 8697df36-98d2-41b1-bdc7-60597b3b5526: shutdown FollowerState
2019-10-18 13:01:41,272 [grpc-default-executor-2] INFO  impl.RoleInfo (RoleInfo.java:shutdownFollowerState(121)) - 893cf03e-f2cf-478a-892a-a746717e50e3: shutdown FollowerState
2019-10-18 13:01:41,272 [Thread-1696] INFO  impl.FollowerState (FollowerState.java:run(117)) - 8697df36-98d2-41b1-bdc7-60597b3b5526@group-187684C21557-FollowerState was interrupted: java.lang.InterruptedException: sleep interrupted
2019-10-18 13:01:41,272 [grpc-default-executor-5] INFO  impl.RoleInfo (RoleInfo.java:updateAndGet(143)) - 8697df36-98d2-41b1-bdc7-60597b3b5526: start FollowerState
2019-10-18 13:01:41,273 [grpc-default-executor-2] INFO  impl.RoleInfo (RoleInfo.java:updateAndGet(143)) - 893cf03e-f2cf-478a-892a-a746717e50e3: start FollowerState
2019-10-18 13:01:41,273 [Thread-1695] INFO  impl.FollowerState (FollowerState.java:run(117)) - 893cf03e-f2cf-478a-892a-a746717e50e3@group-187684C21557-FollowerState was interrupted: java.lang.InterruptedException: sleep interrupted
2019-10-18 13:01:41,285 [018b3f78-d19f-4e26-a796-cb8ddc4f97cf@group-187684C21557-LeaderElection186] INFO  impl.LeaderElection (LeaderElection.java:logAndReturn(56)) - 018b3f78-d19f-4e26-a796-cb8ddc4f97cf@group-187684C21557-LeaderElection186: Election REJECTED; received 2 response(s) [018b3f78-d19f-4e26-a796-cb8ddc4f97cf<-893cf03e-f2cf-478a-892a-a746717e50e3#0:FAIL-t96, 018b3f78-d19f-4e26-a796-cb8ddc4f97cf<-8697df36-98d2-41b1-bdc7-60597b3b5526#0:FAIL-t96] and 0 exception(s); 018b3f78-d19f-4e26-a796-cb8ddc4f97cf@group-187684C21557:t96, leader=null, voted=018b3f78-d19f-4e26-a796-cb8ddc4f97cf, raftlog=018b3f78-d19f-4e26-a796-cb8ddc4f97cf@group-187684C21557-SegmentedRaftLog:OPENED:c-1,f-1,i0, conf=-1: [893cf03e-f2cf-478a-892a-a746717e50e3:192.168.34.56:40750, 8697df36-98d2-41b1-bdc7-60597b3b5526:192.168.34.56:46415, 018b3f78-d19f-4e26-a796-cb8ddc4f97cf:192.168.34.56:35845], old=null
2019-10-18 13:01:41,285 [c124d131-afb9-4343-ad4e-aaebde613043@group-FF4202234884-LeaderElection185] INFO  impl.LeaderElection (LeaderElection.java:logAndReturn(56)) - c124d131-afb9-4343-ad4e-aaebde613043@group-FF4202234884-LeaderElection185: Election REJECTED; received 2 response(s) [c124d131-afb9-4343-ad4e-aaebde613043<-999343e7-0330-4874-a345-91eca72585e0#0:FAIL-t97, c124d131-afb9-4343-ad4e-aaebde613043<-e5bb327f-cdd7-4e49-919e-13a4c895fddf#0:FAIL-t97] and 0 exception(s); c124d131-afb9-4343-ad4e-aaebde613043@group-FF4202234884:t97, leader=null, voted=c124d131-afb9-4343-ad4e-aaebde613043, raftlog=c124d131-afb9-4343-ad4e-aaebde613043@group-FF4202234884-SegmentedRaftLog:OPENED:c-1,f-1,i0, conf=-1: [999343e7-0330-4874-a345-91eca72585e0:192.168.34.56:44872, c124d131-afb9-4343-ad4e-aaebde613043:192.168.34.56:42116, e5bb327f-cdd7-4e49-919e-13a4c895fddf:192.168.34.56:36658], old=null
2019-10-18 13:01:41,285 [018b3f78-d19f-4e26-a796-cb8ddc4f97cf@group-187684C21557-LeaderElection186] INFO  impl.RaftServerImpl (RaftServerImpl.java:setRole(184)) - 018b3f78-d19f-4e26-a796-cb8ddc4f97cf@group-187684C21557: changes role from CANDIDATE to FOLLOWER at term 96 for DISCOVERED_A_NEW_TERM
2019-10-18 13:01:41,286 [c124d131-afb9-4343-ad4e-aaebde613043@group-FF4202234884-LeaderElection185] INFO  impl.RaftServerImpl (RaftServerImpl.java:setRole(184)) - c124d131-afb9-4343-ad4e-aaebde613043@group-FF4202234884: changes role from CANDIDATE to FOLLOWER at term 97 for DISCOVERED_A_NEW_TERM
2019-10-18 13:01:41,286 [018b3f78-d19f-4e26-a796-cb8ddc4f97cf@group-187684C21557-LeaderElection186] INFO  impl.RoleInfo (RoleInfo.java:shutdownLeaderElection(134)) - 018b3f78-d19f-4e26-a796-cb8ddc4f97cf: shutdown LeaderElection
2019-10-18 13:01:41,286 [c124d131-afb9-4343-ad4e-aaebde613043@group-FF4202234884-LeaderElection185] INFO  impl.RoleInfo (RoleInfo.java:shutdownLeaderElection(134)) - c124d131-afb9-4343-ad4e-aaebde613043: shutdown LeaderElection
2019-10-18 13:01:41,286 [018b3f78-d19f-4e26-a796-cb8ddc4f97cf@group-187684C21557-LeaderElection186] INFO  impl.RoleInfo (RoleInfo.java:updateAndGet(143)) - 018b3f78-d19f-4e26-a796-cb8ddc4f97cf: start FollowerState
2019-10-18 13:01:41,286 [c124d131-afb9-4343-ad4e-aaebde613043@group-FF4202234884-LeaderElection185] INFO  impl.RoleInfo (RoleInfo.java:updateAndGet(143)) - c124d131-afb9-4343-ad4e-aaebde613043: start FollowerState
2019-10-18 13:01:41,300 [Thread-1724] INFO  impl.FollowerState (FollowerState.java:run(108)) - 018b3f78-d19f-4e26-a796-cb8ddc4f97cf@group-187684C21557-FollowerState: change to CANDIDATE, lastRpcTime:14ms, electionTimeout:14ms
2019-10-18 13:01:41,300 [Thread-1724] INFO  impl.RoleInfo (RoleInfo.java:shutdownFollowerState(121)) - 018b3f78-d19f-4e26-a796-cb8ddc4f97cf: shutdown FollowerState
2019-10-18 13:01:41,300 [Thread-1724] INFO  impl.RaftServerImpl (RaftServerImpl.java:setRole(184)) - 018b3f78-d19f-4e26-a796-cb8ddc4f97cf@group-187684C21557: changes role from  FOLLOWER to CANDIDATE at term 96 for changeToCandidate
2019-10-18 13:01:41,301 [Thread-1724] INFO  impl.RoleInfo (RoleInfo.java:updateAndGet(143)) - 018b3f78-d19f-4e26-a796-cb8ddc4f97cf: start LeaderElection
2019-10-18 13:01:41,333 [018b3f78-d19f-4e26-a796-cb8ddc4f97cf@group-187684C21557-LeaderElection187] INFO  impl.LeaderElection (LeaderElection.java:askForVotes(178)) - 018b3f78-d19f-4e26-a796-cb8ddc4f97cf@group-187684C21557-LeaderElection187: begin an election at term 97 for -1: [893cf03e-f2cf-478a-892a-a746717e50e3:192.168.34.56:40750, 8697df36-98d2-41b1-bdc7-60597b3b5526:192.168.34.56:46415, 018b3f78-d19f-4e26-a796-cb8ddc4f97cf:192.168.34.56:35845], old=null
2019-10-18 13:01:41,335 [grpc-default-executor-0] INFO  impl.RaftServerImpl (RaftServerImpl.java:setRole(184)) - 893cf03e-f2cf-478a-892a-a746717e50e3@group-187684C21557: changes role from  FOLLOWER to FOLLOWER at term 97 for recognizeCandidate:018b3f78-d19f-4e26-a796-cb8ddc4f97cf
2019-10-18 13:01:41,335 [grpc-default-executor-2] INFO  impl.RaftServerImpl (RaftServerImpl.java:setRole(184)) - 8697df36-98d2-41b1-bdc7-60597b3b5526@group-187684C21557: changes role from  FOLLOWER to FOLLOWER at term 97 for recognizeCandidate:018b3f78-d19f-4e26-a796-cb8ddc4f97cf
2019-10-18 13:01:41,335 [grpc-default-executor-0] INFO  impl.RoleInfo (RoleInfo.java:shutdownFollowerState(121)) - 893cf03e-f2cf-478a-892a-a746717e50e3: shutdown FollowerState
2019-10-18 13:01:41,335 [grpc-default-executor-2] INFO  impl.RoleInfo (RoleInfo.java:shutdownFollowerState(121)) - 8697df36-98d2-41b1-bdc7-60597b3b5526: shutdown FollowerState
2019-10-18 13:01:41,335 [Thread-1723] INFO  impl.FollowerState (FollowerState.java:run(117)) - 893cf03e-f2cf-478a-892a-a746717e50e3@group-187684C21557-FollowerState was interrupted: java.lang.InterruptedException: sleep interrupted
2019-10-18 13:01:41,335 [grpc-default-executor-0] INFO  impl.RoleInfo (RoleInfo.java:updateAndGet(143)) - 893cf03e-f2cf-478a-892a-a746717e50e3: start FollowerState
2019-10-18 13:01:41,335 [Thread-1722] INFO  impl.FollowerState (FollowerState.java:run(117)) - 8697df36-98d2-41b1-bdc7-60597b3b5526@group-187684C21557-FollowerState was interrupted: java.lang.InterruptedException: sleep interrupted
2019-10-18 13:01:41,335 [grpc-default-executor-2] INFO  impl.RoleInfo (RoleInfo.java:updateAndGet(143)) - 8697df36-98d2-41b1-bdc7-60597b3b5526: start FollowerState
2019-10-18 13:01:41,362 [018b3f78-d19f-4e26-a796-cb8ddc4f97cf@group-187684C21557-LeaderElection187] INFO  impl.LeaderElection (LeaderElection.java:logAndReturn(56)) - 018b3f78-d19f-4e26-a796-cb8ddc4f97cf@group-187684C21557-LeaderElection187: Election REJECTED; received 2 response(s) [018b3f78-d19f-4e26-a796-cb8ddc4f97cf<-893cf03e-f2cf-478a-892a-a746717e50e3#0:FAIL-t97, 018b3f78-d19f-4e26-a796-cb8ddc4f97cf<-8697df36-98d2-41b1-bdc7-60597b3b5526#0:FAIL-t97] and 0 exception(s); 018b3f78-d19f-4e26-a796-cb8ddc4f97cf@group-187684C21557:t97, leader=null, voted=018b3f78-d19f-4e26-a796-cb8ddc4f97cf, raftlog=018b3f78-d19f-4e26-a796-cb8ddc4f97cf@group-187684C21557-SegmentedRaftLog:OPENED:c-1,f-1,i0, conf=-1: [893cf03e-f2cf-478a-892a-a746717e50e3:192.168.34.56:40750, 8697df36-98d2-41b1-bdc7-60597b3b5526:192.168.34.56:46415, 018b3f78-d19f-4e26-a796-cb8ddc4f97cf:192.168.34.56:35845], old=null
2019-10-18 13:01:41,362 [018b3f78-d19f-4e26-a796-cb8ddc4f97cf@group-187684C21557-LeaderElection187] INFO  impl.RaftServerImpl (RaftServerImpl.java:setRole(184)) - 018b3f78-d19f-4e26-a796-cb8ddc4f97cf@group-187684C21557: changes role from CANDIDATE to FOLLOWER at term 97 for DISCOVERED_A_NEW_TERM
2019-10-18 13:01:41,363 [018b3f78-d19f-4e26-a796-cb8ddc4f97cf@group-187684C21557-LeaderElection187] INFO  impl.RoleInfo (RoleInfo.java:shutdownLeaderElection(134)) - 018b3f78-d19f-4e26-a796-cb8ddc4f97cf: shutdown LeaderElection
2019-10-18 13:01:41,363 [018b3f78-d19f-4e26-a796-cb8ddc4f97cf@group-187684C21557-LeaderElection187] INFO  impl.RoleInfo (RoleInfo.java:updateAndGet(143)) - 018b3f78-d19f-4e26-a796-cb8ddc4f97cf: start FollowerState
2019-10-18 13:01:41,390 [Thread-1725] INFO  impl.FollowerState (FollowerState.java:run(108)) - c124d131-afb9-4343-ad4e-aaebde613043@group-FF4202234884-FollowerState: change to CANDIDATE, lastRpcTime:104ms, electionTimeout:104ms
2019-10-18 13:01:41,391 [Thread-1725] INFO  impl.RoleInfo (RoleInfo.java:shutdownFollowerState(121)) - c124d131-afb9-4343-ad4e-aaebde613043: shutdown FollowerState
2019-10-18 13:01:41,391 [Thread-1725] INFO  impl.RaftServerImpl (RaftServerImpl.java:setRole(184)) - c124d131-afb9-4343-ad4e-aaebde613043@group-FF4202234884: changes role from  FOLLOWER to CANDIDATE at term 97 for changeToCandidate
2019-10-18 13:01:41,391 [Thread-1725] INFO  impl.RoleInfo (RoleInfo.java:updateAndGet(143)) - c124d131-afb9-4343-ad4e-aaebde613043: start LeaderElection
2019-10-18 13:01:41,411 [c124d131-afb9-4343-ad4e-aaebde613043@group-FF4202234884-LeaderElection188] INFO  impl.LeaderElection (LeaderElection.java:askForVotes(178)) - c124d131-afb9-4343-ad4e-aaebde613043@group-FF4202234884-LeaderElection188: begin an election at term 98 for -1: [999343e7-0330-4874-a345-91eca72585e0:192.168.34.56:44872, c124d131-afb9-4343-ad4e-aaebde613043:192.168.34.56:42116, e5bb327f-cdd7-4e49-919e-13a4c895fddf:192.168.34.56:36658], old=null
2019-10-18 13:01:41,413 [grpc-default-executor-2] INFO  impl.RaftServerImpl (RaftServerImpl.java:setRole(184)) - e5bb327f-cdd7-4e49-919e-13a4c895fddf@group-FF4202234884: changes role from  FOLLOWER to FOLLOWER at term 98 for recognizeCandidate:c124d131-afb9-4343-ad4e-aaebde613043
2019-10-18 13:01:41,413 [grpc-default-executor-0] INFO  impl.RaftServerImpl (RaftServerImpl.java:setRole(184)) - 999343e7-0330-4874-a345-91eca72585e0@group-FF4202234884: changes role from  FOLLOWER to FOLLOWER at term 98 for recognizeCandidate:c124d131-afb9-4343-ad4e-aaebde613043
2019-10-18 13:01:41,413 [grpc-default-executor-2] INFO  impl.RoleInfo (RoleInfo.java:shutdownFollowerState(121)) - e5bb327f-cdd7-4e49-919e-13a4c895fddf: shutdown FollowerState
2019-10-18 13:01:41,413 [grpc-default-executor-0] INFO  impl.RoleInfo (RoleInfo.java:shutdownFollowerState(121)) - 999343e7-0330-4874-a345-91eca72585e0: shutdown FollowerState
2019-10-18 13:01:41,413 [grpc-default-executor-2] INFO  impl.RoleInfo (RoleInfo.java:updateAndGet(143)) - e5bb327f-cdd7-4e49-919e-13a4c895fddf: start FollowerState
2019-10-18 13:01:41,413 [Thread-1716] INFO  impl.FollowerState (FollowerState.java:run(117)) - 999343e7-0330-4874-a345-91eca72585e0@group-FF4202234884-FollowerState was interrupted: java.lang.InterruptedException: sleep interrupted
2019-10-18 13:01:41,413 [grpc-default-executor-0] INFO  impl.RoleInfo (RoleInfo.java:updateAndGet(143)) - 999343e7-0330-4874-a345-91eca72585e0: start FollowerState
2019-10-18 13:01:41,413 [Thread-1718] INFO  impl.FollowerState (FollowerState.java:run(117)) - e5bb327f-cdd7-4e49-919e-13a4c895fddf@group-FF4202234884-FollowerState was interrupted: java.lang.InterruptedException: sleep interrupted
2019-10-18 13:01:41,454 [c124d131-afb9-4343-ad4e-aaebde613043@group-FF4202234884-LeaderElection188] INFO  impl.LeaderElection (LeaderElection.java:logAndReturn(56)) - c124d131-afb9-4343-ad4e-aaebde613043@group-FF4202234884-LeaderElection188: Election REJECTED; received 2 response(s) [c124d131-afb9-4343-ad4e-aaebde613043<-999343e7-0330-4874-a345-91eca72585e0#0:FAIL-t98, c124d131-afb9-4343-ad4e-aaebde613043<-e5bb327f-cdd7-4e49-919e-13a4c895fddf#0:FAIL-t98] and 0 exception(s); c124d131-afb9-4343-ad4e-aaebde613043@group-FF4202234884:t98, leader=null, voted=c124d131-afb9-4343-ad4e-aaebde613043, raftlog=c124d131-afb9-4343-ad4e-aaebde613043@group-FF4202234884-SegmentedRaftLog:OPENED:c-1,f-1,i0, conf=-1: [999343e7-0330-4874-a345-91eca72585e0:192.168.34.56:44872, c124d131-afb9-4343-ad4e-aaebde613043:192.168.34.56:42116, e5bb327f-cdd7-4e49-919e-13a4c895fddf:192.168.34.56:36658], old=null
2019-10-18 13:01:41,454 [c124d131-afb9-4343-ad4e-aaebde613043@group-FF4202234884-LeaderElection188] INFO  impl.RaftServerImpl (RaftServerImpl.java:setRole(184)) - c124d131-afb9-4343-ad4e-aaebde613043@group-FF4202234884: changes role from CANDIDATE to FOLLOWER at term 98 for DISCOVERED_A_NEW_TERM
2019-10-18 13:01:41,454 [c124d131-afb9-4343-ad4e-aaebde613043@group-FF4202234884-LeaderElection188] INFO  impl.RoleInfo (RoleInfo.java:shutdownLeaderElection(134)) - c124d131-afb9-4343-ad4e-aaebde613043: shutdown LeaderElection
2019-10-18 13:01:41,454 [c124d131-afb9-4343-ad4e-aaebde613043@group-FF4202234884-LeaderElection188] INFO  impl.RoleInfo (RoleInfo.java:updateAndGet(143)) - c124d131-afb9-4343-ad4e-aaebde613043: start FollowerState
2019-10-18 13:01:41,493 [Thread-1733] INFO  impl.FollowerState (FollowerState.java:run(108)) - 018b3f78-d19f-4e26-a796-cb8ddc4f97cf@group-187684C21557-FollowerState: change to CANDIDATE, lastRpcTime:130ms, electionTimeout:130ms
2019-10-18 13:01:41,493 [Thread-1733] INFO  impl.RoleInfo (RoleInfo.java:shutdownFollowerState(121)) - 018b3f78-d19f-4e26-a796-cb8ddc4f97cf: shutdown FollowerState
2019-10-18 13:01:41,493 [Thread-1733] INFO  impl.RaftServerImpl (RaftServerImpl.java:setRole(184)) - 018b3f78-d19f-4e26-a796-cb8ddc4f97cf@group-187684C21557: changes role from  FOLLOWER to CANDIDATE at term 97 for changeToCandidate
2019-10-18 13:01:41,493 [Thread-1733] INFO  impl.RoleInfo (RoleInfo.java:updateAndGet(143)) - 018b3f78-d19f-4e26-a796-cb8ddc4f97cf: start LeaderElection
2019-10-18 13:01:41,517 [018b3f78-d19f-4e26-a796-cb8ddc4f97cf@group-187684C21557-LeaderElection189] INFO  impl.LeaderElection (LeaderElection.java:askForVotes(178)) - 018b3f78-d19f-4e26-a796-cb8ddc4f97cf@group-187684C21557-LeaderElection189: begin an election at term 98 for -1: [893cf03e-f2cf-478a-892a-a746717e50e3:192.168.34.56:40750, 8697df36-98d2-41b1-bdc7-60597b3b5526:192.168.34.56:46415, 018b3f78-d19f-4e26-a796-cb8ddc4f97cf:192.168.34.56:35845], old=null
2019-10-18 13:01:41,521 [grpc-default-executor-0] INFO  impl.RaftServerImpl (RaftServerImpl.java:setRole(184)) - 893cf03e-f2cf-478a-892a-a746717e50e3@group-187684C21557: changes role from  FOLLOWER to FOLLOWER at term 98 for recognizeCandidate:018b3f78-d19f-4e26-a796-cb8ddc4f97cf
2019-10-18 13:01:41,521 [grpc-default-executor-2] INFO  impl.RaftServerImpl (RaftServerImpl.java:setRole(184)) - 8697df36-98d2-41b1-bdc7-60597b3b5526@group-187684C21557: changes role from  FOLLOWER to FOLLOWER at term 98 for recognizeCandidate:018b3f78-d19f-4e26-a796-cb8ddc4f97cf
2019-10-18 13:01:41,521 [grpc-default-executor-2] INFO  impl.RoleInfo (RoleInfo.java:shutdownFollowerState(121)) - 8697df36-98d2-41b1-bdc7-60597b3b5526: shutdown FollowerState
2019-10-18 13:01:41,521 [grpc-default-executor-0] INFO  impl.RoleInfo (RoleInfo.java:shutdownFollowerState(121)) - 893cf03e-f2cf-478a-892a-a746717e50e3: shutdown FollowerState
2019-10-18 13:01:41,521 [Thread-1732] INFO  impl.FollowerState (FollowerState.java:run(117)) - 8697df36-98d2-41b1-bdc7-60597b3b5526@group-187684C21557-FollowerState was interrupted: java.lang.InterruptedException: sleep interrupted
2019-10-18 13:01:41,521 [grpc-default-executor-2] INFO  impl.RoleInfo (RoleInfo.java:updateAndGet(143)) - 8697df36-98d2-41b1-bdc7-60597b3b5526: start FollowerState
2019-10-18 13:01:41,521 [Thread-1731] INFO  impl.FollowerState (FollowerState.java:run(117)) - 893cf03e-f2cf-478a-892a-a746717e50e3@group-187684C21557-FollowerState was interrupted: java.lang.InterruptedException: sleep interrupted
2019-10-18 13:01:41,521 [grpc-default-executor-0] INFO  impl.RoleInfo (RoleInfo.java:updateAndGet(143)) - 893cf03e-f2cf-478a-892a-a746717e50e3: start FollowerState
2019-10-18 13:01:41,548 [018b3f78-d19f-4e26-a796-cb8ddc4f97cf@group-187684C21557-LeaderElection189] INFO  impl.LeaderElection (LeaderElection.java:logAndReturn(56)) - 018b3f78-d19f-4e26-a796-cb8ddc4f97cf@group-187684C21557-LeaderElection189: Election REJECTED; received 2 response(s) [018b3f78-d19f-4e26-a796-cb8ddc4f97cf<-893cf03e-f2cf-478a-892a-a746717e50e3#0:FAIL-t98, 018b3f78-d19f-4e26-a796-cb8ddc4f97cf<-8697df36-98d2-41b1-bdc7-60597b3b5526#0:FAIL-t98] and 0 exception(s); 018b3f78-d19f-4e26-a796-cb8ddc4f97cf@group-187684C21557:t98, leader=null, voted=018b3f78-d19f-4e26-a796-cb8ddc4f97cf, raftlog=018b3f78-d19f-4e26-a796-cb8ddc4f97cf@group-187684C21557-SegmentedRaftLog:OPENED:c-1,f-1,i0, conf=-1: [893cf03e-f2cf-478a-892a-a746717e50e3:192.168.34.56:40750, 8697df36-98d2-41b1-bdc7-60597b3b5526:192.168.34.56:46415, 018b3f78-d19f-4e26-a796-cb8ddc4f97cf:192.168.34.56:35845], old=null
2019-10-18 13:01:41,548 [018b3f78-d19f-4e26-a796-cb8ddc4f97cf@group-187684C21557-LeaderElection189] INFO  impl.RaftServerImpl (RaftServerImpl.java:setRole(184)) - 018b3f78-d19f-4e26-a796-cb8ddc4f97cf@group-187684C21557: changes role from CANDIDATE to FOLLOWER at term 98 for DISCOVERED_A_NEW_TERM
2019-10-18 13:01:41,548 [018b3f78-d19f-4e26-a796-cb8ddc4f97cf@group-187684C21557-LeaderElection189] INFO  impl.RoleInfo (RoleInfo.java:shutdownLeaderElection(134)) - 018b3f78-d19f-4e26-a796-cb8ddc4f97cf: shutdown LeaderElection
2019-10-18 13:01:41,548 [018b3f78-d19f-4e26-a796-cb8ddc4f97cf@group-187684C21557-LeaderElection189] INFO  impl.RoleInfo (RoleInfo.java:updateAndGet(143)) - 018b3f78-d19f-4e26-a796-cb8ddc4f97cf: start FollowerState
2019-10-18 13:01:41,573 [main] INFO  ozone.MiniOzoneClusterImpl (MiniOzoneClusterImpl.java:shutdown(314)) - Shutting down the Mini Ozone Cluster
2019-10-18 13:01:41,574 [main] INFO  ozone.MiniOzoneClusterImpl (MiniOzoneClusterImpl.java:stop(330)) - Stopping the Mini Ozone Cluster
2019-10-18 13:01:41,574 [main] INFO  ozone.MiniOzoneClusterImpl (MiniOzoneClusterImpl.java:stopOM(400)) - Stopping the OzoneManager
2019-10-18 13:01:41,577 [main] INFO  ipc.Server (Server.java:stop(3082)) - Stopping server on 37881
2019-10-18 13:01:41,590 [Thread-1739] INFO  impl.FollowerState (FollowerState.java:run(108)) - c124d131-afb9-4343-ad4e-aaebde613043@group-FF4202234884-FollowerState: change to CANDIDATE, lastRpcTime:136ms, electionTimeout:136ms
2019-10-18 13:01:41,591 [Thread-1739] INFO  impl.RoleInfo (RoleInfo.java:shutdownFollowerState(121)) - c124d131-afb9-4343-ad4e-aaebde613043: shutdown FollowerState
2019-10-18 13:01:41,591 [Thread-1739] INFO  impl.RaftServerImpl (RaftServerImpl.java:setRole(184)) - c124d131-afb9-4343-ad4e-aaebde613043@group-FF4202234884: changes role from  FOLLOWER to CANDIDATE at term 98 for changeToCandidate
2019-10-18 13:01:41,591 [Thread-1739] INFO  impl.RoleInfo (RoleInfo.java:updateAndGet(143)) - c124d131-afb9-4343-ad4e-aaebde613043: start LeaderElection
2019-10-18 13:01:41,594 [IPC Server listener on 37881] INFO  ipc.Server (Server.java:run(1185)) - Stopping IPC Server listener on 37881
2019-10-18 13:01:41,594 [main] INFO  ratis.OzoneManagerDoubleBuffer (OzoneManagerDoubleBuffer.java:stop(250)) - Stopping OMDoubleBuffer flush thread
2019-10-18 13:01:41,594 [IPC Server Responder] INFO  ipc.Server (Server.java:run(1319)) - Stopping IPC Server Responder
2019-10-18 13:01:41,594 [OMDoubleBufferFlushThread] INFO  ratis.OzoneManagerDoubleBuffer (OzoneManagerDoubleBuffer.java:flushTransactions(193)) - OMDoubleBuffer flush thread OMDoubleBufferFlushThread is interrupted and will exit. OMDoubleBufferFlushThread
2019-10-18 13:01:41,598 [main] INFO  utils.BackgroundService (BackgroundService.java:shutdown(151)) - Shutting down service KeyDeletingService
2019-10-18 13:01:41,606 [main] INFO  handler.ContextHandler (ContextHandler.java:doStop(910)) - Stopped o.e.j.w.WebAppContext@12db3386{/,null,UNAVAILABLE}{/ozoneManager}
2019-10-18 13:01:41,610 [main] INFO  server.AbstractConnector (AbstractConnector.java:doStop(318)) - Stopped ServerConnector@4078695f{HTTP/1.1,[http/1.1]}{0.0.0.0:0}
2019-10-18 13:01:41,611 [main] INFO  handler.ContextHandler (ContextHandler.java:doStop(910)) - Stopped o.e.j.s.ServletContextHandler@30b2b76f{/static,file:///workdir/hadoop-ozone/integration-test/target/test-classes/webapps/static,UNAVAILABLE}
2019-10-18 13:01:41,611 [main] INFO  handler.ContextHandler (ContextHandler.java:doStop(910)) - Stopped o.e.j.s.ServletContextHandler@6b63d445{/logs,file:///workdir/hadoop-ozone/integration-test/target/log,UNAVAILABLE}
2019-10-18 13:01:41,615 [main] INFO  ozone.MiniOzoneClusterImpl (MiniOzoneClusterImpl.java:stopDatanodes(377)) - Stopping the HddsDatanodes
2019-10-18 13:01:41,654 [c124d131-afb9-4343-ad4e-aaebde613043@group-FF4202234884-LeaderElection190] INFO  impl.LeaderElection (LeaderElection.java:askForVotes(178)) - c124d131-afb9-4343-ad4e-aaebde613043@group-FF4202234884-LeaderElection190: begin an election at term 99 for -1: [999343e7-0330-4874-a345-91eca72585e0:192.168.34.56:44872, c124d131-afb9-4343-ad4e-aaebde613043:192.168.34.56:42116, e5bb327f-cdd7-4e49-919e-13a4c895fddf:192.168.34.56:36658], old=null
2019-10-18 13:01:41,656 [grpc-default-executor-0] INFO  impl.RaftServerImpl (RaftServerImpl.java:setRole(184)) - e5bb327f-cdd7-4e49-919e-13a4c895fddf@group-FF4202234884: changes role from  FOLLOWER to FOLLOWER at term 99 for recognizeCandidate:c124d131-afb9-4343-ad4e-aaebde613043
2019-10-18 13:01:41,656 [grpc-default-executor-7] INFO  impl.RaftServerImpl (RaftServerImpl.java:setRole(184)) - 999343e7-0330-4874-a345-91eca72585e0@group-FF4202234884: changes role from  FOLLOWER to FOLLOWER at term 99 for recognizeCandidate:c124d131-afb9-4343-ad4e-aaebde613043
2019-10-18 13:01:41,656 [grpc-default-executor-7] INFO  impl.RoleInfo (RoleInfo.java:shutdownFollowerState(121)) - 999343e7-0330-4874-a345-91eca72585e0: shutdown FollowerState
2019-10-18 13:01:41,656 [grpc-default-executor-0] INFO  impl.RoleInfo (RoleInfo.java:shutdownFollowerState(121)) - e5bb327f-cdd7-4e49-919e-13a4c895fddf: shutdown FollowerState
2019-10-18 13:01:41,656 [Thread-1738] INFO  impl.FollowerState (FollowerState.java:run(117)) - 999343e7-0330-4874-a345-91eca72585e0@group-FF4202234884-FollowerState was interrupted: java.lang.InterruptedException: sleep interrupted
2019-10-18 13:01:41,656 [grpc-default-executor-7] INFO  impl.RoleInfo (RoleInfo.java:updateAndGet(143)) - 999343e7-0330-4874-a345-91eca72585e0: start FollowerState
2019-10-18 13:01:41,657 [Thread-1737] INFO  impl.FollowerState (FollowerState.java:run(117)) - e5bb327f-cdd7-4e49-919e-13a4c895fddf@group-FF4202234884-FollowerState was interrupted: java.lang.InterruptedException: sleep interrupted
2019-10-18 13:01:41,657 [grpc-default-executor-0] INFO  impl.RoleInfo (RoleInfo.java:updateAndGet(143)) - e5bb327f-cdd7-4e49-919e-13a4c895fddf: start FollowerState
2019-10-18 13:01:41,681 [Datanode State Machine Thread - 0] INFO  statemachine.DatanodeStateMachine (DatanodeStateMachine.java:lambda$startDaemon$0(350)) - Ozone container server started.
2019-10-18 13:01:41,717 [Thread-1772] INFO  impl.FollowerState (FollowerState.java:run(108)) - 018b3f78-d19f-4e26-a796-cb8ddc4f97cf@group-187684C21557-FollowerState: change to CANDIDATE, lastRpcTime:168ms, electionTimeout:168ms
2019-10-18 13:01:41,717 [Thread-1772] INFO  impl.RoleInfo (RoleInfo.java:shutdownFollowerState(121)) - 018b3f78-d19f-4e26-a796-cb8ddc4f97cf: shutdown FollowerState
2019-10-18 13:01:41,717 [Thread-1772] INFO  impl.RaftServerImpl (RaftServerImpl.java:setRole(184)) - 018b3f78-d19f-4e26-a796-cb8ddc4f97cf@group-187684C21557: changes role from  FOLLOWER to CANDIDATE at term 98 for changeToCandidate
2019-10-18 13:01:41,717 [Thread-1772] INFO  impl.RoleInfo (RoleInfo.java:updateAndGet(143)) - 018b3f78-d19f-4e26-a796-cb8ddc4f97cf: start LeaderElection
2019-10-18 13:01:41,780 [c124d131-afb9-4343-ad4e-aaebde613043@group-FF4202234884-LeaderElection190] INFO  impl.LeaderElection (LeaderElection.java:logAndReturn(56)) - c124d131-afb9-4343-ad4e-aaebde613043@group-FF4202234884-LeaderElection190: Election TIMEOUT; received 0 response(s) [] and 0 exception(s); c124d131-afb9-4343-ad4e-aaebde613043@group-FF4202234884:t99, leader=null, voted=c124d131-afb9-4343-ad4e-aaebde613043, raftlog=c124d131-afb9-4343-ad4e-aaebde613043@group-FF4202234884-SegmentedRaftLog:OPENED:c-1,f-1,i0, conf=-1: [999343e7-0330-4874-a345-91eca72585e0:192.168.34.56:44872, c124d131-afb9-4343-ad4e-aaebde613043:192.168.34.56:42116, e5bb327f-cdd7-4e49-919e-13a4c895fddf:192.168.34.56:36658], old=null
2019-10-18 13:01:41,946 [018b3f78-d19f-4e26-a796-cb8ddc4f97cf@group-187684C21557-LeaderElection191] INFO  impl.LeaderElection (LeaderElection.java:askForVotes(178)) - 018b3f78-d19f-4e26-a796-cb8ddc4f97cf@group-187684C21557-LeaderElection191: begin an election at term 99 for -1: [893cf03e-f2cf-478a-892a-a746717e50e3:192.168.34.56:40750, 8697df36-98d2-41b1-bdc7-60597b3b5526:192.168.34.56:46415, 018b3f78-d19f-4e26-a796-cb8ddc4f97cf:192.168.34.56:35845], old=null
2019-10-18 13:01:41,948 [grpc-default-executor-7] INFO  impl.RaftServerImpl (RaftServerImpl.java:setRole(184)) - 893cf03e-f2cf-478a-892a-a746717e50e3@group-187684C21557: changes role from  FOLLOWER to FOLLOWER at term 99 for recognizeCandidate:018b3f78-d19f-4e26-a796-cb8ddc4f97cf
2019-10-18 13:01:41,948 [grpc-default-executor-7] INFO  impl.RoleInfo (RoleInfo.java:shutdownFollowerState(121)) - 893cf03e-f2cf-478a-892a-a746717e50e3: shutdown FollowerState
2019-10-18 13:01:41,948 [grpc-default-executor-0] INFO  impl.RaftServerImpl (RaftServerImpl.java:setRole(184)) - 8697df36-98d2-41b1-bdc7-60597b3b5526@group-187684C21557: changes role from  FOLLOWER to FOLLOWER at term 99 for recognizeCandidate:018b3f78-d19f-4e26-a796-cb8ddc4f97cf
2019-10-18 13:01:41,949 [grpc-default-executor-0] INFO  impl.RoleInfo (RoleInfo.java:shutdownFollowerState(121)) - 8697df36-98d2-41b1-bdc7-60597b3b5526: shutdown FollowerState
2019-10-18 13:01:41,949 [Thread-1762] INFO  impl.FollowerState (FollowerState.java:run(117)) - 893cf03e-f2cf-478a-892a-a746717e50e3@group-187684C21557-FollowerState was interrupted: java.lang.InterruptedException: sleep interrupted
2019-10-18 13:01:41,948 [grpc-default-executor-7] INFO  impl.RoleInfo (RoleInfo.java:updateAndGet(143)) - 893cf03e-f2cf-478a-892a-a746717e50e3: start FollowerState
2019-10-18 13:01:41,949 [Thread-1761] INFO  impl.FollowerState (FollowerState.java:run(117)) - 8697df36-98d2-41b1-bdc7-60597b3b5526@group-187684C21557-FollowerState was interrupted: java.lang.InterruptedException: sleep interrupted
2019-10-18 13:01:41,949 [grpc-default-executor-0] INFO  impl.RoleInfo (RoleInfo.java:updateAndGet(143)) - 8697df36-98d2-41b1-bdc7-60597b3b5526: start FollowerState
2019-10-18 13:01:42,082 [c124d131-afb9-4343-ad4e-aaebde613043@group-FF4202234884-LeaderElection190] INFO  impl.LeaderElection (LeaderElection.java:askForVotes(178)) - c124d131-afb9-4343-ad4e-aaebde613043@group-FF4202234884-LeaderElection190: begin an election at term 100 for -1: [999343e7-0330-4874-a345-91eca72585e0:192.168.34.56:44872, c124d131-afb9-4343-ad4e-aaebde613043:192.168.34.56:42116, e5bb327f-cdd7-4e49-919e-13a4c895fddf:192.168.34.56:36658], old=null
2019-10-18 13:01:42,085 [grpc-default-executor-5] INFO  impl.RaftServerImpl (RaftServerImpl.java:setRole(184)) - e5bb327f-cdd7-4e49-919e-13a4c895fddf@group-FF4202234884: changes role from  FOLLOWER to FOLLOWER at term 100 for recognizeCandidate:c124d131-afb9-4343-ad4e-aaebde613043
2019-10-18 13:01:42,085 [grpc-default-executor-2] INFO  impl.RaftServerImpl (RaftServerImpl.java:setRole(184)) - 999343e7-0330-4874-a345-91eca72585e0@group-FF4202234884: changes role from  FOLLOWER to FOLLOWER at term 100 for recognizeCandidate:c124d131-afb9-4343-ad4e-aaebde613043
2019-10-18 13:01:42,085 [grpc-default-executor-5] INFO  impl.RoleInfo (RoleInfo.java:shutdownFollowerState(121)) - e5bb327f-cdd7-4e49-919e-13a4c895fddf: shutdown FollowerState
2019-10-18 13:01:42,085 [grpc-default-executor-2] INFO  impl.RoleInfo (RoleInfo.java:shutdownFollowerState(121)) - 999343e7-0330-4874-a345-91eca72585e0: shutdown FollowerState
2019-10-18 13:01:42,085 [Thread-1777] INFO  impl.FollowerState (FollowerState.java:run(117)) - e5bb327f-cdd7-4e49-919e-13a4c895fddf@group-FF4202234884-FollowerState was interrupted: java.lang.InterruptedException: sleep interrupted
2019-10-18 13:01:42,085 [grpc-default-executor-5] INFO  impl.RoleInfo (RoleInfo.java:updateAndGet(143)) - e5bb327f-cdd7-4e49-919e-13a4c895fddf: start FollowerState
2019-10-18 13:01:42,085 [Thread-1776] INFO  impl.FollowerState (FollowerState.java:run(117)) - 999343e7-0330-4874-a345-91eca72585e0@group-FF4202234884-FollowerState was interrupted: java.lang.InterruptedException: sleep interrupted
2019-10-18 13:01:42,085 [grpc-default-executor-2] INFO  impl.RoleInfo (RoleInfo.java:updateAndGet(143)) - 999343e7-0330-4874-a345-91eca72585e0: start FollowerState
2019-10-18 13:01:42,110 [Datanode State Machine Thread - 0] INFO  statemachine.DatanodeStateMachine (DatanodeStateMachine.java:lambda$startDaemon$0(350)) - Ozone container server started.
2019-10-18 13:01:42,126 [018b3f78-d19f-4e26-a796-cb8ddc4f97cf@group-187684C21557-LeaderElection191] INFO  impl.LeaderElection (LeaderElection.java:logAndReturn(56)) - 018b3f78-d19f-4e26-a796-cb8ddc4f97cf@group-187684C21557-LeaderElection191: Election TIMEOUT; received 0 response(s) [] and 0 exception(s); 018b3f78-d19f-4e26-a796-cb8ddc4f97cf@group-187684C21557:t99, leader=null, voted=018b3f78-d19f-4e26-a796-cb8ddc4f97cf, raftlog=018b3f78-d19f-4e26-a796-cb8ddc4f97cf@group-187684C21557-SegmentedRaftLog:OPENED:c-1,f-1,i0, conf=-1: [893cf03e-f2cf-478a-892a-a746717e50e3:192.168.34.56:40750, 8697df36-98d2-41b1-bdc7-60597b3b5526:192.168.34.56:46415, 018b3f78-d19f-4e26-a796-cb8ddc4f97cf:192.168.34.56:35845], old=null
2019-10-18 13:01:42,212 [c124d131-afb9-4343-ad4e-aaebde613043@group-FF4202234884-LeaderElection190] INFO  impl.LeaderElection (LeaderElection.java:logAndReturn(56)) - c124d131-afb9-4343-ad4e-aaebde613043@group-FF4202234884-LeaderElection190: Election TIMEOUT; received 0 response(s) [] and 0 exception(s); c124d131-afb9-4343-ad4e-aaebde613043@group-FF4202234884:t100, leader=null, voted=c124d131-afb9-4343-ad4e-aaebde613043, raftlog=c124d131-afb9-4343-ad4e-aaebde613043@group-FF4202234884-SegmentedRaftLog:OPENED:c-1,f-1,i0, conf=-1: [999343e7-0330-4874-a345-91eca72585e0:192.168.34.56:44872, c124d131-afb9-4343-ad4e-aaebde613043:192.168.34.56:42116, e5bb327f-cdd7-4e49-919e-13a4c895fddf:192.168.34.56:36658], old=null
2019-10-18 13:01:42,247 [018b3f78-d19f-4e26-a796-cb8ddc4f97cf@group-187684C21557-LeaderElection191] INFO  impl.LeaderElection (LeaderElection.java:askForVotes(178)) - 018b3f78-d19f-4e26-a796-cb8ddc4f97cf@group-187684C21557-LeaderElection191: begin an election at term 100 for -1: [893cf03e-f2cf-478a-892a-a746717e50e3:192.168.34.56:40750, 8697df36-98d2-41b1-bdc7-60597b3b5526:192.168.34.56:46415, 018b3f78-d19f-4e26-a796-cb8ddc4f97cf:192.168.34.56:35845], old=null
2019-10-18 13:01:42,248 [c124d131-afb9-4343-ad4e-aaebde613043@group-FF4202234884-LeaderElection190] INFO  impl.LeaderElection (LeaderElection.java:askForVotes(178)) - c124d131-afb9-4343-ad4e-aaebde613043@group-FF4202234884-LeaderElection190: begin an election at term 101 for -1: [999343e7-0330-4874-a345-91eca72585e0:192.168.34.56:44872, c124d131-afb9-4343-ad4e-aaebde613043:192.168.34.56:42116, e5bb327f-cdd7-4e49-919e-13a4c895fddf:192.168.34.56:36658], old=null
2019-10-18 13:01:42,250 [grpc-default-executor-5] INFO  impl.RaftServerImpl (RaftServerImpl.java:setRole(184)) - 8697df36-98d2-41b1-bdc7-60597b3b5526@group-187684C21557: changes role from  FOLLOWER to FOLLOWER at term 100 for recognizeCandidate:018b3f78-d19f-4e26-a796-cb8ddc4f97cf
2019-10-18 13:01:42,250 [grpc-default-executor-5] INFO  impl.RoleInfo (RoleInfo.java:shutdownFollowerState(121)) - 8697df36-98d2-41b1-bdc7-60597b3b5526: shutdown FollowerState
2019-10-18 13:01:42,250 [Thread-1782] INFO  impl.FollowerState (FollowerState.java:run(117)) - 8697df36-98d2-41b1-bdc7-60597b3b5526@group-187684C21557-FollowerState was interrupted: java.lang.InterruptedException: sleep interrupted
2019-10-18 13:01:42,251 [grpc-default-executor-2] INFO  impl.RaftServerImpl (RaftServerImpl.java:setRole(184)) - 893cf03e-f2cf-478a-892a-a746717e50e3@group-187684C21557: changes role from  FOLLOWER to FOLLOWER at term 100 for recognizeCandidate:018b3f78-d19f-4e26-a796-cb8ddc4f97cf
2019-10-18 13:01:42,251 [grpc-default-executor-2] INFO  impl.RoleInfo (RoleInfo.java:shutdownFollowerState(121)) - 893cf03e-f2cf-478a-892a-a746717e50e3: shutdown FollowerState
2019-10-18 13:01:42,251 [grpc-default-executor-5] INFO  impl.RoleInfo (RoleInfo.java:updateAndGet(143)) - 8697df36-98d2-41b1-bdc7-60597b3b5526: start FollowerState
2019-10-18 13:01:42,251 [grpc-default-executor-2] INFO  impl.RoleInfo (RoleInfo.java:updateAndGet(143)) - 893cf03e-f2cf-478a-892a-a746717e50e3: start FollowerState
2019-10-18 13:01:42,251 [Thread-1781] INFO  impl.FollowerState (FollowerState.java:run(117)) - 893cf03e-f2cf-478a-892a-a746717e50e3@group-187684C21557-FollowerState was interrupted: java.lang.InterruptedException: sleep interrupted
2019-10-18 13:01:42,252 [grpc-default-executor-7] INFO  impl.RaftServerImpl (RaftServerImpl.java:setRole(184)) - e5bb327f-cdd7-4e49-919e-13a4c895fddf@group-FF4202234884: changes role from  FOLLOWER to FOLLOWER at term 101 for recognizeCandidate:c124d131-afb9-4343-ad4e-aaebde613043
2019-10-18 13:01:42,252 [grpc-default-executor-7] INFO  impl.RoleInfo (RoleInfo.java:shutdownFollowerState(121)) - e5bb327f-cdd7-4e49-919e-13a4c895fddf: shutdown FollowerState
2019-10-18 13:01:42,252 [grpc-default-executor-7] INFO  impl.RoleInfo (RoleInfo.java:updateAndGet(143)) - e5bb327f-cdd7-4e49-919e-13a4c895fddf: start FollowerState
2019-10-18 13:01:42,252 [grpc-default-executor-0] INFO  impl.RaftServerImpl (RaftServerImpl.java:setRole(184)) - 999343e7-0330-4874-a345-91eca72585e0@group-FF4202234884: changes role from  FOLLOWER to FOLLOWER at term 101 for recognizeCandidate:c124d131-afb9-4343-ad4e-aaebde613043
2019-10-18 13:01:42,252 [Thread-1785] INFO  impl.FollowerState (FollowerState.java:run(117)) - e5bb327f-cdd7-4e49-919e-13a4c895fddf@group-FF4202234884-FollowerState was interrupted: java.lang.InterruptedException: sleep interrupted
2019-10-18 13:01:42,252 [grpc-default-executor-0] INFO  impl.RoleInfo (RoleInfo.java:shutdownFollowerState(121)) - 999343e7-0330-4874-a345-91eca72585e0: shutdown FollowerState
2019-10-18 13:01:42,253 [grpc-default-executor-0] INFO  impl.RoleInfo (RoleInfo.java:updateAndGet(143)) - 999343e7-0330-4874-a345-91eca72585e0: start FollowerState
2019-10-18 13:01:42,253 [Thread-1786] INFO  impl.FollowerState (FollowerState.java:run(117)) - 999343e7-0330-4874-a345-91eca72585e0@group-FF4202234884-FollowerState was interrupted: java.lang.InterruptedException: sleep interrupted
2019-10-18 13:01:42,308 [c124d131-afb9-4343-ad4e-aaebde613043@group-FF4202234884-LeaderElection190] INFO  impl.LeaderElection (LeaderElection.java:logAndReturn(56)) - c124d131-afb9-4343-ad4e-aaebde613043@group-FF4202234884-LeaderElection190: Election TIMEOUT; received 0 response(s) [] and 0 exception(s); c124d131-afb9-4343-ad4e-aaebde613043@group-FF4202234884:t101, leader=null, voted=c124d131-afb9-4343-ad4e-aaebde613043, raftlog=c124d131-afb9-4343-ad4e-aaebde613043@group-FF4202234884-SegmentedRaftLog:OPENED:c-1,f-1,i0, conf=-1: [999343e7-0330-4874-a345-91eca72585e0:192.168.34.56:44872, c124d131-afb9-4343-ad4e-aaebde613043:192.168.34.56:42116, e5bb327f-cdd7-4e49-919e-13a4c895fddf:192.168.34.56:36658], old=null
2019-10-18 13:01:42,362 [018b3f78-d19f-4e26-a796-cb8ddc4f97cf@group-187684C21557-LeaderElection191] INFO  impl.LeaderElection (LeaderElection.java:logAndReturn(56)) - 018b3f78-d19f-4e26-a796-cb8ddc4f97cf@group-187684C21557-LeaderElection191: Election TIMEOUT; received 0 response(s) [] and 0 exception(s); 018b3f78-d19f-4e26-a796-cb8ddc4f97cf@group-187684C21557:t100, leader=null, voted=018b3f78-d19f-4e26-a796-cb8ddc4f97cf, raftlog=018b3f78-d19f-4e26-a796-cb8ddc4f97cf@group-187684C21557-SegmentedRaftLog:OPENED:c-1,f-1,i0, conf=-1: [893cf03e-f2cf-478a-892a-a746717e50e3:192.168.34.56:40750, 8697df36-98d2-41b1-bdc7-60597b3b5526:192.168.34.56:46415, 018b3f78-d19f-4e26-a796-cb8ddc4f97cf:192.168.34.56:35845], old=null
2019-10-18 13:01:42,443 [c124d131-afb9-4343-ad4e-aaebde613043@group-FF4202234884-LeaderElection190] INFO  impl.LeaderElection (LeaderElection.java:askForVotes(178)) - c124d131-afb9-4343-ad4e-aaebde613043@group-FF4202234884-LeaderElection190: begin an election at term 102 for -1: [999343e7-0330-4874-a345-91eca72585e0:192.168.34.56:44872, c124d131-afb9-4343-ad4e-aaebde613043:192.168.34.56:42116, e5bb327f-cdd7-4e49-919e-13a4c895fddf:192.168.34.56:36658], old=null
2019-10-18 13:01:42,445 [018b3f78-d19f-4e26-a796-cb8ddc4f97cf@group-187684C21557-LeaderElection191] INFO  impl.LeaderElection (LeaderElection.java:askForVotes(178)) - 018b3f78-d19f-4e26-a796-cb8ddc4f97cf@group-187684C21557-LeaderElection191: begin an election at term 101 for -1: [893cf03e-f2cf-478a-892a-a746717e50e3:192.168.34.56:40750, 8697df36-98d2-41b1-bdc7-60597b3b5526:192.168.34.56:46415, 018b3f78-d19f-4e26-a796-cb8ddc4f97cf:192.168.34.56:35845], old=null
2019-10-18 13:01:42,446 [grpc-default-executor-0] INFO  impl.RaftServerImpl (RaftServerImpl.java:setRole(184)) - 999343e7-0330-4874-a345-91eca72585e0@group-FF4202234884: changes role from  FOLLOWER to FOLLOWER at term 102 for recognizeCandidate:c124d131-afb9-4343-ad4e-aaebde613043
2019-10-18 13:01:42,446 [grpc-default-executor-0] INFO  impl.RoleInfo (RoleInfo.java:shutdownFollowerState(121)) - 999343e7-0330-4874-a345-91eca72585e0: shutdown FollowerState
2019-10-18 13:01:42,446 [grpc-default-executor-7] INFO  impl.RaftServerImpl (RaftServerImpl.java:setRole(184)) - e5bb327f-cdd7-4e49-919e-13a4c895fddf@group-FF4202234884: changes role from  FOLLOWER to FOLLOWER at term 102 for recognizeCandidate:c124d131-afb9-4343-ad4e-aaebde613043
2019-10-18 13:01:42,446 [Thread-1796] INFO  impl.FollowerState (FollowerState.java:run(117)) - 999343e7-0330-4874-a345-91eca72585e0@group-FF4202234884-FollowerState was interrupted: java.lang.InterruptedException: sleep interrupted
2019-10-18 13:01:42,446 [grpc-default-executor-0] INFO  impl.RoleInfo (RoleInfo.java:updateAndGet(143)) - 999343e7-0330-4874-a345-91eca72585e0: start FollowerState
2019-10-18 13:01:42,446 [grpc-default-executor-7] INFO  impl.RoleInfo (RoleInfo.java:shutdownFollowerState(121)) - e5bb327f-cdd7-4e49-919e-13a4c895fddf: shutdown FollowerState
2019-10-18 13:01:42,447 [grpc-default-executor-2] INFO  impl.RaftServerImpl (RaftServerImpl.java:setRole(184)) - 893cf03e-f2cf-478a-892a-a746717e50e3@group-187684C21557: changes role from  FOLLOWER to FOLLOWER at term 101 for recognizeCandidate:018b3f78-d19f-4e26-a796-cb8ddc4f97cf
2019-10-18 13:01:42,447 [Thread-1795] INFO  impl.FollowerState (FollowerState.java:run(117)) - e5bb327f-cdd7-4e49-919e-13a4c895fddf@group-FF4202234884-FollowerState was interrupted: java.lang.InterruptedException: sleep interrupted
2019-10-18 13:01:42,447 [grpc-default-executor-7] INFO  impl.RoleInfo (RoleInfo.java:updateAndGet(143)) - e5bb327f-cdd7-4e49-919e-13a4c895fddf: start FollowerState
2019-10-18 13:01:42,447 [grpc-default-executor-2] INFO  impl.RoleInfo (RoleInfo.java:shutdownFollowerState(121)) - 893cf03e-f2cf-478a-892a-a746717e50e3: shutdown FollowerState
2019-10-18 13:01:42,447 [grpc-default-executor-2] INFO  impl.RoleInfo (RoleInfo.java:updateAndGet(143)) - 893cf03e-f2cf-478a-892a-a746717e50e3: start FollowerState
2019-10-18 13:01:42,447 [Thread-1794] INFO  impl.FollowerState (FollowerState.java:run(117)) - 893cf03e-f2cf-478a-892a-a746717e50e3@group-187684C21557-FollowerState was interrupted: java.lang.InterruptedException: sleep interrupted
2019-10-18 13:01:42,448 [grpc-default-executor-5] INFO  impl.RaftServerImpl (RaftServerImpl.java:setRole(184)) - 8697df36-98d2-41b1-bdc7-60597b3b5526@group-187684C21557: changes role from  FOLLOWER to FOLLOWER at term 101 for recognizeCandidate:018b3f78-d19f-4e26-a796-cb8ddc4f97cf
2019-10-18 13:01:42,448 [grpc-default-executor-5] INFO  impl.RoleInfo (RoleInfo.java:shutdownFollowerState(121)) - 8697df36-98d2-41b1-bdc7-60597b3b5526: shutdown FollowerState
2019-10-18 13:01:42,448 [grpc-default-executor-5] INFO  impl.RoleInfo (RoleInfo.java:updateAndGet(143)) - 8697df36-98d2-41b1-bdc7-60597b3b5526: start FollowerState
2019-10-18 13:01:42,448 [Thread-1793] INFO  impl.FollowerState (FollowerState.java:run(117)) - 8697df36-98d2-41b1-bdc7-60597b3b5526@group-187684C21557-FollowerState was interrupted: java.lang.InterruptedException: sleep interrupted
2019-10-18 13:01:42,509 [018b3f78-d19f-4e26-a796-cb8ddc4f97cf@group-187684C21557-LeaderElection191] INFO  impl.LeaderElection (LeaderElection.java:logAndReturn(56)) - 018b3f78-d19f-4e26-a796-cb8ddc4f97cf@group-187684C21557-LeaderElection191: Election REJECTED; received 2 response(s) [018b3f78-d19f-4e26-a796-cb8ddc4f97cf<-893cf03e-f2cf-478a-892a-a746717e50e3#0:FAIL-t101, 018b3f78-d19f-4e26-a796-cb8ddc4f97cf<-8697df36-98d2-41b1-bdc7-60597b3b5526#0:FAIL-t101] and 0 exception(s); 018b3f78-d19f-4e26-a796-cb8ddc4f97cf@group-187684C21557:t101, leader=null, voted=018b3f78-d19f-4e26-a796-cb8ddc4f97cf, raftlog=018b3f78-d19f-4e26-a796-cb8ddc4f97cf@group-187684C21557-SegmentedRaftLog:OPENED:c-1,f-1,i0, conf=-1: [893cf03e-f2cf-478a-892a-a746717e50e3:192.168.34.56:40750, 8697df36-98d2-41b1-bdc7-60597b3b5526:192.168.34.56:46415, 018b3f78-d19f-4e26-a796-cb8ddc4f97cf:192.168.34.56:35845], old=null
2019-10-18 13:01:42,509 [c124d131-afb9-4343-ad4e-aaebde613043@group-FF4202234884-LeaderElection190] INFO  impl.LeaderElection (LeaderElection.java:logAndReturn(56)) - c124d131-afb9-4343-ad4e-aaebde613043@group-FF4202234884-LeaderElection190: Election REJECTED; received 2 response(s) [c124d131-afb9-4343-ad4e-aaebde613043<-999343e7-0330-4874-a345-91eca72585e0#0:FAIL-t102, c124d131-afb9-4343-ad4e-aaebde613043<-e5bb327f-cdd7-4e49-919e-13a4c895fddf#0:FAIL-t102] and 0 exception(s); c124d131-afb9-4343-ad4e-aaebde613043@group-FF4202234884:t102, leader=null, voted=c124d131-afb9-4343-ad4e-aaebde613043, raftlog=c124d131-afb9-4343-ad4e-aaebde613043@group-FF4202234884-SegmentedRaftLog:OPENED:c-1,f-1,i0, conf=-1: [999343e7-0330-4874-a345-91eca72585e0:192.168.34.56:44872, c124d131-afb9-4343-ad4e-aaebde613043:192.168.34.56:42116, e5bb327f-cdd7-4e49-919e-13a4c895fddf:192.168.34.56:36658], old=null
2019-10-18 13:01:42,509 [018b3f78-d19f-4e26-a796-cb8ddc4f97cf@group-187684C21557-LeaderElection191] INFO  impl.RaftServerImpl (RaftServerImpl.java:setRole(184)) - 018b3f78-d19f-4e26-a796-cb8ddc4f97cf@group-187684C21557: changes role from CANDIDATE to FOLLOWER at term 101 for DISCOVERED_A_NEW_TERM
2019-10-18 13:01:42,509 [c124d131-afb9-4343-ad4e-aaebde613043@group-FF4202234884-LeaderElection190] INFO  impl.RaftServerImpl (RaftServerImpl.java:setRole(184)) - c124d131-afb9-4343-ad4e-aaebde613043@group-FF4202234884: changes role from CANDIDATE to FOLLOWER at term 102 for DISCOVERED_A_NEW_TERM
2019-10-18 13:01:42,509 [018b3f78-d19f-4e26-a796-cb8ddc4f97cf@group-187684C21557-LeaderElection191] INFO  impl.RoleInfo (RoleInfo.java:shutdownLeaderElection(134)) - 018b3f78-d19f-4e26-a796-cb8ddc4f97cf: shutdown LeaderElection
2019-10-18 13:01:42,509 [c124d131-afb9-4343-ad4e-aaebde613043@group-FF4202234884-LeaderElection190] INFO  impl.RoleInfo (RoleInfo.java:shutdownLeaderElection(134)) - c124d131-afb9-4343-ad4e-aaebde613043: shutdown LeaderElection
2019-10-18 13:01:42,509 [018b3f78-d19f-4e26-a796-cb8ddc4f97cf@group-187684C21557-LeaderElection191] INFO  impl.RoleInfo (RoleInfo.java:updateAndGet(143)) - 018b3f78-d19f-4e26-a796-cb8ddc4f97cf: start FollowerState
2019-10-18 13:01:42,509 [c124d131-afb9-4343-ad4e-aaebde613043@group-FF4202234884-LeaderElection190] INFO  impl.RoleInfo (RoleInfo.java:updateAndGet(143)) - c124d131-afb9-4343-ad4e-aaebde613043: start FollowerState
2019-10-18 13:01:42,511 [Thread-1805] INFO  impl.FollowerState (FollowerState.java:run(108)) - 018b3f78-d19f-4e26-a796-cb8ddc4f97cf@group-187684C21557-FollowerState: change to CANDIDATE, lastRpcTime:1ms, electionTimeout:1ms
2019-10-18 13:01:42,511 [Thread-1805] INFO  impl.RoleInfo (RoleInfo.java:shutdownFollowerState(121)) - 018b3f78-d19f-4e26-a796-cb8ddc4f97cf: shutdown FollowerState
2019-10-18 13:01:42,511 [Thread-1805] INFO  impl.RaftServerImpl (RaftServerImpl.java:setRole(184)) - 018b3f78-d19f-4e26-a796-cb8ddc4f97cf@group-187684C21557: changes role from  FOLLOWER to CANDIDATE at term 101 for changeToCandidate
2019-10-18 13:01:42,511 [Thread-1805] INFO  impl.RoleInfo (RoleInfo.java:updateAndGet(143)) - 018b3f78-d19f-4e26-a796-cb8ddc4f97cf: start LeaderElection
2019-10-18 13:01:42,519 [Thread-1806] INFO  impl.FollowerState (FollowerState.java:run(108)) - c124d131-afb9-4343-ad4e-aaebde613043@group-FF4202234884-FollowerState: change to CANDIDATE, lastRpcTime:9ms, electionTimeout:9ms
2019-10-18 13:01:42,519 [Thread-1806] INFO  impl.RoleInfo (RoleInfo.java:shutdownFollowerState(121)) - c124d131-afb9-4343-ad4e-aaebde613043: shutdown FollowerState
2019-10-18 13:01:42,519 [Thread-1806] INFO  impl.RaftServerImpl (RaftServerImpl.java:setRole(184)) - c124d131-afb9-4343-ad4e-aaebde613043@group-FF4202234884: changes role from  FOLLOWER to CANDIDATE at term 102 for changeToCandidate
2019-10-18 13:01:42,519 [Thread-1806] INFO  impl.RoleInfo (RoleInfo.java:updateAndGet(143)) - c124d131-afb9-4343-ad4e-aaebde613043: start LeaderElection
2019-10-18 13:01:42,617 [c124d131-afb9-4343-ad4e-aaebde613043@group-FF4202234884-LeaderElection193] INFO  impl.LeaderElection (LeaderElection.java:askForVotes(178)) - c124d131-afb9-4343-ad4e-aaebde613043@group-FF4202234884-LeaderElection193: begin an election at term 103 for -1: [999343e7-0330-4874-a345-91eca72585e0:192.168.34.56:44872, c124d131-afb9-4343-ad4e-aaebde613043:192.168.34.56:42116, e5bb327f-cdd7-4e49-919e-13a4c895fddf:192.168.34.56:36658], old=null
2019-10-18 13:01:42,617 [018b3f78-d19f-4e26-a796-cb8ddc4f97cf@group-187684C21557-LeaderElection192] INFO  impl.LeaderElection (LeaderElection.java:askForVotes(178)) - 018b3f78-d19f-4e26-a796-cb8ddc4f97cf@group-187684C21557-LeaderElection192: begin an election at term 102 for -1: [893cf03e-f2cf-478a-892a-a746717e50e3:192.168.34.56:40750, 8697df36-98d2-41b1-bdc7-60597b3b5526:192.168.34.56:46415, 018b3f78-d19f-4e26-a796-cb8ddc4f97cf:192.168.34.56:35845], old=null
2019-10-18 13:01:42,620 [grpc-default-executor-0] INFO  impl.RaftServerImpl (RaftServerImpl.java:setRole(184)) - 999343e7-0330-4874-a345-91eca72585e0@group-FF4202234884: changes role from  FOLLOWER to FOLLOWER at term 103 for recognizeCandidate:c124d131-afb9-4343-ad4e-aaebde613043
2019-10-18 13:01:42,620 [grpc-default-executor-7] INFO  impl.RaftServerImpl (RaftServerImpl.java:setRole(184)) - 893cf03e-f2cf-478a-892a-a746717e50e3@group-187684C21557: changes role from  FOLLOWER to FOLLOWER at term 102 for recognizeCandidate:018b3f78-d19f-4e26-a796-cb8ddc4f97cf
2019-10-18 13:01:42,620 [grpc-default-executor-0] INFO  impl.RoleInfo (RoleInfo.java:shutdownFollowerState(121)) - 999343e7-0330-4874-a345-91eca72585e0: shutdown FollowerState
2019-10-18 13:01:42,620 [grpc-default-executor-7] INFO  impl.RoleInfo (RoleInfo.java:shutdownFollowerState(121)) - 893cf03e-f2cf-478a-892a-a746717e50e3: shutdown FollowerState
2019-10-18 13:01:42,621 [grpc-default-executor-2] INFO  impl.RaftServerImpl (RaftServerImpl.java:setRole(184)) - 8697df36-98d2-41b1-bdc7-60597b3b5526@group-187684C21557: changes role from  FOLLOWER to FOLLOWER at term 102 for recognizeCandidate:018b3f78-d19f-4e26-a796-cb8ddc4f97cf
2019-10-18 13:01:42,621 [Thread-1801] INFO  impl.FollowerState (FollowerState.java:run(117)) - 999343e7-0330-4874-a345-91eca72585e0@group-FF4202234884-FollowerState was interrupted: java.lang.InterruptedException: sleep interrupted
2019-10-18 13:01:42,621 [grpc-default-executor-0] INFO  impl.RoleInfo (RoleInfo.java:updateAndGet(143)) - 999343e7-0330-4874-a345-91eca72585e0: start FollowerState
2019-10-18 13:01:42,621 [grpc-default-executor-5] INFO  impl.RaftServerImpl (RaftServerImpl.java:setRole(184)) - e5bb327f-cdd7-4e49-919e-13a4c895fddf@group-FF4202234884: changes role from  FOLLOWER to FOLLOWER at term 103 for recognizeCandidate:c124d131-afb9-4343-ad4e-aaebde613043
2019-10-18 13:01:42,621 [grpc-default-executor-5] INFO  impl.RoleInfo (RoleInfo.java:shutdownFollowerState(121)) - e5bb327f-cdd7-4e49-919e-13a4c895fddf: shutdown FollowerState
2019-10-18 13:01:42,621 [grpc-default-executor-2] INFO  impl.RoleInfo (RoleInfo.java:shutdownFollowerState(121)) - 8697df36-98d2-41b1-bdc7-60597b3b5526: shutdown FollowerState
2019-10-18 13:01:42,621 [grpc-default-executor-7] INFO  impl.RoleInfo (RoleInfo.java:updateAndGet(143)) - 893cf03e-f2cf-478a-892a-a746717e50e3: start FollowerState
2019-10-18 13:01:42,621 [Thread-1803] INFO  impl.FollowerState (FollowerState.java:run(117)) - 893cf03e-f2cf-478a-892a-a746717e50e3@group-187684C21557-FollowerState was interrupted: java.lang.InterruptedException: sleep interrupted
2019-10-18 13:01:42,622 [grpc-default-executor-2] INFO  impl.RoleInfo (RoleInfo.java:updateAndGet(143)) - 8697df36-98d2-41b1-bdc7-60597b3b5526: start FollowerState
2019-10-18 13:01:42,622 [Thread-1804] INFO  impl.FollowerState (FollowerState.java:run(117)) - 8697df36-98d2-41b1-bdc7-60597b3b5526@group-187684C21557-FollowerState was interrupted: java.lang.InterruptedException: sleep interrupted
2019-10-18 13:01:42,622 [grpc-default-executor-5] INFO  impl.RoleInfo (RoleInfo.java:updateAndGet(143)) - e5bb327f-cdd7-4e49-919e-13a4c895fddf: start FollowerState
2019-10-18 13:01:42,622 [Thread-1802] INFO  impl.FollowerState (FollowerState.java:run(117)) - e5bb327f-cdd7-4e49-919e-13a4c895fddf@group-FF4202234884-FollowerState was interrupted: java.lang.InterruptedException: sleep interrupted
2019-10-18 13:01:42,699 [c124d131-afb9-4343-ad4e-aaebde613043@group-FF4202234884-LeaderElection193] INFO  impl.LeaderElection (LeaderElection.java:logAndReturn(56)) - c124d131-afb9-4343-ad4e-aaebde613043@group-FF4202234884-LeaderElection193: Election REJECTED; received 2 response(s) [c124d131-afb9-4343-ad4e-aaebde613043<-999343e7-0330-4874-a345-91eca72585e0#0:FAIL-t103, c124d131-afb9-4343-ad4e-aaebde613043<-e5bb327f-cdd7-4e49-919e-13a4c895fddf#0:FAIL-t103] and 0 exception(s); c124d131-afb9-4343-ad4e-aaebde613043@group-FF4202234884:t103, leader=null, voted=c124d131-afb9-4343-ad4e-aaebde613043, raftlog=c124d131-afb9-4343-ad4e-aaebde613043@group-FF4202234884-SegmentedRaftLog:OPENED:c-1,f-1,i0, conf=-1: [999343e7-0330-4874-a345-91eca72585e0:192.168.34.56:44872, c124d131-afb9-4343-ad4e-aaebde613043:192.168.34.56:42116, e5bb327f-cdd7-4e49-919e-13a4c895fddf:192.168.34.56:36658], old=null
2019-10-18 13:01:42,699 [018b3f78-d19f-4e26-a796-cb8ddc4f97cf@group-187684C21557-LeaderElection192] INFO  impl.LeaderElection (LeaderElection.java:logAndReturn(56)) - 018b3f78-d19f-4e26-a796-cb8ddc4f97cf@group-187684C21557-LeaderElection192: Election REJECTED; received 2 response(s) [018b3f78-d19f-4e26-a796-cb8ddc4f97cf<-893cf03e-f2cf-478a-892a-a746717e50e3#0:FAIL-t102, 018b3f78-d19f-4e26-a796-cb8ddc4f97cf<-8697df36-98d2-41b1-bdc7-60597b3b5526#0:FAIL-t102] and 0 exception(s); 018b3f78-d19f-4e26-a796-cb8ddc4f97cf@group-187684C21557:t102, leader=null, voted=018b3f78-d19f-4e26-a796-cb8ddc4f97cf, raftlog=018b3f78-d19f-4e26-a796-cb8ddc4f97cf@group-187684C21557-SegmentedRaftLog:OPENED:c-1,f-1,i0, conf=-1: [893cf03e-f2cf-478a-892a-a746717e50e3:192.168.34.56:40750, 8697df36-98d2-41b1-bdc7-60597b3b5526:192.168.34.56:46415, 018b3f78-d19f-4e26-a796-cb8ddc4f97cf:192.168.34.56:35845], old=null
2019-10-18 13:01:42,699 [c124d131-afb9-4343-ad4e-aaebde613043@group-FF4202234884-LeaderElection193] INFO  impl.RaftServerImpl (RaftServerImpl.java:setRole(184)) - c124d131-afb9-4343-ad4e-aaebde613043@group-FF4202234884: changes role from CANDIDATE to FOLLOWER at term 103 for DISCOVERED_A_NEW_TERM
2019-10-18 13:01:42,699 [018b3f78-d19f-4e26-a796-cb8ddc4f97cf@group-187684C21557-LeaderElection192] INFO  impl.RaftServerImpl (RaftServerImpl.java:setRole(184)) - 018b3f78-d19f-4e26-a796-cb8ddc4f97cf@group-187684C21557: changes role from CANDIDATE to FOLLOWER at term 102 for DISCOVERED_A_NEW_TERM
2019-10-18 13:01:42,699 [c124d131-afb9-4343-ad4e-aaebde613043@group-FF4202234884-LeaderElection193] INFO  impl.RoleInfo (RoleInfo.java:shutdownLeaderElection(134)) - c124d131-afb9-4343-ad4e-aaebde613043: shutdown LeaderElection
2019-10-18 13:01:42,699 [018b3f78-d19f-4e26-a796-cb8ddc4f97cf@group-187684C21557-LeaderElection192] INFO  impl.RoleInfo (RoleInfo.java:shutdownLeaderElection(134)) - 018b3f78-d19f-4e26-a796-cb8ddc4f97cf: shutdown LeaderElection
2019-10-18 13:01:42,699 [c124d131-afb9-4343-ad4e-aaebde613043@group-FF4202234884-LeaderElection193] INFO  impl.RoleInfo (RoleInfo.java:updateAndGet(143)) - c124d131-afb9-4343-ad4e-aaebde613043: start FollowerState
2019-10-18 13:01:42,699 [018b3f78-d19f-4e26-a796-cb8ddc4f97cf@group-187684C21557-LeaderElection192] INFO  impl.RoleInfo (RoleInfo.java:updateAndGet(143)) - 018b3f78-d19f-4e26-a796-cb8ddc4f97cf: start FollowerState
2019-10-18 13:01:42,754 [Thread-1829] INFO  impl.FollowerState (FollowerState.java:run(108)) - 018b3f78-d19f-4e26-a796-cb8ddc4f97cf@group-187684C21557-FollowerState: change to CANDIDATE, lastRpcTime:54ms, electionTimeout:54ms
2019-10-18 13:01:42,754 [Thread-1829] INFO  impl.RoleInfo (RoleInfo.java:shutdownFollowerState(121)) - 018b3f78-d19f-4e26-a796-cb8ddc4f97cf: shutdown FollowerState
2019-10-18 13:01:42,754 [Thread-1829] INFO  impl.RaftServerImpl (RaftServerImpl.java:setRole(184)) - 018b3f78-d19f-4e26-a796-cb8ddc4f97cf@group-187684C21557: changes role from  FOLLOWER to CANDIDATE at term 102 for changeToCandidate
2019-10-18 13:01:42,754 [Thread-1829] INFO  impl.RoleInfo (RoleInfo.java:updateAndGet(143)) - 018b3f78-d19f-4e26-a796-cb8ddc4f97cf: start LeaderElection
2019-10-18 13:01:42,803 [018b3f78-d19f-4e26-a796-cb8ddc4f97cf@group-187684C21557-LeaderElection194] INFO  impl.LeaderElection (LeaderElection.java:askForVotes(178)) - 018b3f78-d19f-4e26-a796-cb8ddc4f97cf@group-187684C21557-LeaderElection194: begin an election at term 103 for -1: [893cf03e-f2cf-478a-892a-a746717e50e3:192.168.34.56:40750, 8697df36-98d2-41b1-bdc7-60597b3b5526:192.168.34.56:46415, 018b3f78-d19f-4e26-a796-cb8ddc4f97cf:192.168.34.56:35845], old=null
2019-10-18 13:01:42,805 [grpc-default-executor-5] INFO  impl.RaftServerImpl (RaftServerImpl.java:setRole(184)) - 893cf03e-f2cf-478a-892a-a746717e50e3@group-187684C21557: changes role from  FOLLOWER to FOLLOWER at term 103 for recognizeCandidate:018b3f78-d19f-4e26-a796-cb8ddc4f97cf
2019-10-18 13:01:42,805 [grpc-default-executor-0] INFO  impl.RaftServerImpl (RaftServerImpl.java:setRole(184)) - 8697df36-98d2-41b1-bdc7-60597b3b5526@group-187684C21557: changes role from  FOLLOWER to FOLLOWER at term 103 for recognizeCandidate:018b3f78-d19f-4e26-a796-cb8ddc4f97cf
2019-10-18 13:01:42,806 [grpc-default-executor-5] INFO  impl.RoleInfo (RoleInfo.java:shutdownFollowerState(121)) - 893cf03e-f2cf-478a-892a-a746717e50e3: shutdown FollowerState
2019-10-18 13:01:42,806 [grpc-default-executor-0] INFO  impl.RoleInfo (RoleInfo.java:shutdownFollowerState(121)) - 8697df36-98d2-41b1-bdc7-60597b3b5526: shutdown FollowerState
2019-10-18 13:01:42,806 [Thread-1817] INFO  impl.FollowerState (FollowerState.java:run(117)) - 893cf03e-f2cf-478a-892a-a746717e50e3@group-187684C21557-FollowerState was interrupted: java.lang.InterruptedException: sleep interrupted
2019-10-18 13:01:42,806 [grpc-default-executor-5] INFO  impl.RoleInfo (RoleInfo.java:updateAndGet(143)) - 893cf03e-f2cf-478a-892a-a746717e50e3: start FollowerState
2019-10-18 13:01:42,806 [Thread-1819] INFO  impl.FollowerState (FollowerState.java:run(117)) - 8697df36-98d2-41b1-bdc7-60597b3b5526@group-187684C21557-FollowerState was interrupted: java.lang.InterruptedException: sleep interrupted
2019-10-18 13:01:42,806 [grpc-default-executor-0] INFO  impl.RoleInfo (RoleInfo.java:updateAndGet(143)) - 8697df36-98d2-41b1-bdc7-60597b3b5526: start FollowerState
2019-10-18 13:01:42,808 [018b3f78-d19f-4e26-a796-cb8ddc4f97cf@group-187684C21557-LeaderElection194] INFO  impl.LeaderElection (LeaderElection.java:logAndReturn(56)) - 018b3f78-d19f-4e26-a796-cb8ddc4f97cf@group-187684C21557-LeaderElection194: Election TIMEOUT; received 0 response(s) [] and 0 exception(s); 018b3f78-d19f-4e26-a796-cb8ddc4f97cf@group-187684C21557:t103, leader=null, voted=018b3f78-d19f-4e26-a796-cb8ddc4f97cf, raftlog=018b3f78-d19f-4e26-a796-cb8ddc4f97cf@group-187684C21557-SegmentedRaftLog:OPENED:c-1,f-1,i0, conf=-1: [893cf03e-f2cf-478a-892a-a746717e50e3:192.168.34.56:40750, 8697df36-98d2-41b1-bdc7-60597b3b5526:192.168.34.56:46415, 018b3f78-d19f-4e26-a796-cb8ddc4f97cf:192.168.34.56:35845], old=null
2019-10-18 13:01:42,858 [018b3f78-d19f-4e26-a796-cb8ddc4f97cf@group-187684C21557-LeaderElection194] INFO  impl.LeaderElection (LeaderElection.java:askForVotes(178)) - 018b3f78-d19f-4e26-a796-cb8ddc4f97cf@group-187684C21557-LeaderElection194: begin an election at term 104 for -1: [893cf03e-f2cf-478a-892a-a746717e50e3:192.168.34.56:40750, 8697df36-98d2-41b1-bdc7-60597b3b5526:192.168.34.56:46415, 018b3f78-d19f-4e26-a796-cb8ddc4f97cf:192.168.34.56:35845], old=null
2019-10-18 13:01:42,860 [grpc-default-executor-5] INFO  impl.RaftServerImpl (RaftServerImpl.java:setRole(184)) - 8697df36-98d2-41b1-bdc7-60597b3b5526@group-187684C21557: changes role from  FOLLOWER to FOLLOWER at term 104 for recognizeCandidate:018b3f78-d19f-4e26-a796-cb8ddc4f97cf
2019-10-18 13:01:42,860 [grpc-default-executor-0] INFO  impl.RaftServerImpl (RaftServerImpl.java:setRole(184)) - 893cf03e-f2cf-478a-892a-a746717e50e3@group-187684C21557: changes role from  FOLLOWER to FOLLOWER at term 104 for recognizeCandidate:018b3f78-d19f-4e26-a796-cb8ddc4f97cf
2019-10-18 13:01:42,860 [grpc-default-executor-5] INFO  impl.RoleInfo (RoleInfo.java:shutdownFollowerState(121)) - 8697df36-98d2-41b1-bdc7-60597b3b5526: shutdown FollowerState
2019-10-18 13:01:42,860 [grpc-default-executor-0] INFO  impl.RoleInfo (RoleInfo.java:shutdownFollowerState(121)) - 893cf03e-f2cf-478a-892a-a746717e50e3: shutdown FollowerState
2019-10-18 13:01:42,860 [Thread-1834] INFO  impl.FollowerState (FollowerState.java:run(117)) - 8697df36-98d2-41b1-bdc7-60597b3b5526@group-187684C21557-FollowerState was interrupted: java.lang.InterruptedException: sleep interrupted
2019-10-18 13:01:42,860 [grpc-default-executor-5] INFO  impl.RoleInfo (RoleInfo.java:updateAndGet(143)) - 8697df36-98d2-41b1-bdc7-60597b3b5526: start FollowerState
2019-10-18 13:01:42,860 [Thread-1833] INFO  impl.FollowerState (FollowerState.java:run(117)) - 893cf03e-f2cf-478a-892a-a746717e50e3@group-187684C21557-FollowerState was interrupted: java.lang.InterruptedException: sleep interrupted
2019-10-18 13:01:42,860 [grpc-default-executor-0] INFO  impl.RoleInfo (RoleInfo.java:updateAndGet(143)) - 893cf03e-f2cf-478a-892a-a746717e50e3: start FollowerState
2019-10-18 13:01:42,885 [018b3f78-d19f-4e26-a796-cb8ddc4f97cf@group-187684C21557-LeaderElection194] INFO  impl.LeaderElection (LeaderElection.java:logAndReturn(56)) - 018b3f78-d19f-4e26-a796-cb8ddc4f97cf@group-187684C21557-LeaderElection194: Election REJECTED; received 2 response(s) [018b3f78-d19f-4e26-a796-cb8ddc4f97cf<-893cf03e-f2cf-478a-892a-a746717e50e3#0:FAIL-t104, 018b3f78-d19f-4e26-a796-cb8ddc4f97cf<-8697df36-98d2-41b1-bdc7-60597b3b5526#0:FAIL-t104] and 0 exception(s); 018b3f78-d19f-4e26-a796-cb8ddc4f97cf@group-187684C21557:t104, leader=null, voted=018b3f78-d19f-4e26-a796-cb8ddc4f97cf, raftlog=018b3f78-d19f-4e26-a796-cb8ddc4f97cf@group-187684C21557-SegmentedRaftLog:OPENED:c-1,f-1,i0, conf=-1: [893cf03e-f2cf-478a-892a-a746717e50e3:192.168.34.56:40750, 8697df36-98d2-41b1-bdc7-60597b3b5526:192.168.34.56:46415, 018b3f78-d19f-4e26-a796-cb8ddc4f97cf:192.168.34.56:35845], old=null
2019-10-18 13:01:42,885 [018b3f78-d19f-4e26-a796-cb8ddc4f97cf@group-187684C21557-LeaderElection194] INFO  impl.RaftServerImpl (RaftServerImpl.java:setRole(184)) - 018b3f78-d19f-4e26-a796-cb8ddc4f97cf@group-187684C21557: changes role from CANDIDATE to FOLLOWER at term 104 for DISCOVERED_A_NEW_TERM
2019-10-18 13:01:42,885 [018b3f78-d19f-4e26-a796-cb8ddc4f97cf@group-187684C21557-LeaderElection194] INFO  impl.RoleInfo (RoleInfo.java:shutdownLeaderElection(134)) - 018b3f78-d19f-4e26-a796-cb8ddc4f97cf: shutdown LeaderElection
2019-10-18 13:01:42,885 [018b3f78-d19f-4e26-a796-cb8ddc4f97cf@group-187684C21557-LeaderElection194] INFO  impl.RoleInfo (RoleInfo.java:updateAndGet(143)) - 018b3f78-d19f-4e26-a796-cb8ddc4f97cf: start FollowerState
2019-10-18 13:01:42,896 [Thread-1828] INFO  impl.FollowerState (FollowerState.java:run(108)) - c124d131-afb9-4343-ad4e-aaebde613043@group-FF4202234884-FollowerState: change to CANDIDATE, lastRpcTime:196ms, electionTimeout:196ms
2019-10-18 13:01:42,896 [Thread-1828] INFO  impl.RoleInfo (RoleInfo.java:shutdownFollowerState(121)) - c124d131-afb9-4343-ad4e-aaebde613043: shutdown FollowerState
2019-10-18 13:01:42,896 [Thread-1828] INFO  impl.RaftServerImpl (RaftServerImpl.java:setRole(184)) - c124d131-afb9-4343-ad4e-aaebde613043@group-FF4202234884: changes role from  FOLLOWER to CANDIDATE at term 103 for changeToCandidate
2019-10-18 13:01:42,896 [Thread-1828] INFO  impl.RoleInfo (RoleInfo.java:updateAndGet(143)) - c124d131-afb9-4343-ad4e-aaebde613043: start LeaderElection
2019-10-18 13:01:42,922 [Thread-1840] INFO  impl.FollowerState (FollowerState.java:run(108)) - 018b3f78-d19f-4e26-a796-cb8ddc4f97cf@group-187684C21557-FollowerState: change to CANDIDATE, lastRpcTime:37ms, electionTimeout:37ms
2019-10-18 13:01:42,923 [Thread-1840] INFO  impl.RoleInfo (RoleInfo.java:shutdownFollowerState(121)) - 018b3f78-d19f-4e26-a796-cb8ddc4f97cf: shutdown FollowerState
2019-10-18 13:01:42,923 [Thread-1840] INFO  impl.RaftServerImpl (RaftServerImpl.java:setRole(184)) - 018b3f78-d19f-4e26-a796-cb8ddc4f97cf@group-187684C21557: changes role from  FOLLOWER to CANDIDATE at term 104 for changeToCandidate
2019-10-18 13:01:42,923 [Thread-1840] INFO  impl.RoleInfo (RoleInfo.java:updateAndGet(143)) - 018b3f78-d19f-4e26-a796-cb8ddc4f97cf: start LeaderElection
2019-10-18 13:01:42,928 [c124d131-afb9-4343-ad4e-aaebde613043@group-FF4202234884-LeaderElection195] INFO  impl.LeaderElection (LeaderElection.java:askForVotes(178)) - c124d131-afb9-4343-ad4e-aaebde613043@group-FF4202234884-LeaderElection195: begin an election at term 104 for -1: [999343e7-0330-4874-a345-91eca72585e0:192.168.34.56:44872, c124d131-afb9-4343-ad4e-aaebde613043:192.168.34.56:42116, e5bb327f-cdd7-4e49-919e-13a4c895fddf:192.168.34.56:36658], old=null
2019-10-18 13:01:42,929 [grpc-default-executor-5] INFO  impl.RaftServerImpl (RaftServerImpl.java:setRole(184)) - 999343e7-0330-4874-a345-91eca72585e0@group-FF4202234884: changes role from  FOLLOWER to FOLLOWER at term 104 for recognizeCandidate:c124d131-afb9-4343-ad4e-aaebde613043
2019-10-18 13:01:42,930 [grpc-default-executor-5] INFO  impl.RoleInfo (RoleInfo.java:shutdownFollowerState(121)) - 999343e7-0330-4874-a345-91eca72585e0: shutdown FollowerState
2019-10-18 13:01:42,930 [grpc-default-executor-0] INFO  impl.RaftServerImpl (RaftServerImpl.java:setRole(184)) - e5bb327f-cdd7-4e49-919e-13a4c895fddf@group-FF4202234884: changes role from  FOLLOWER to FOLLOWER at term 104 for recognizeCandidate:c124d131-afb9-4343-ad4e-aaebde613043
2019-10-18 13:01:42,930 [Thread-1816] INFO  impl.FollowerState (FollowerState.java:run(117)) - 999343e7-0330-4874-a345-91eca72585e0@group-FF4202234884-FollowerState was interrupted: java.lang.InterruptedException: sleep interrupted
2019-10-18 13:01:42,930 [grpc-default-executor-5] INFO  impl.RoleInfo (RoleInfo.java:updateAndGet(143)) - 999343e7-0330-4874-a345-91eca72585e0: start FollowerState
2019-10-18 13:01:42,930 [grpc-default-executor-0] INFO  impl.RoleInfo (RoleInfo.java:shutdownFollowerState(121)) - e5bb327f-cdd7-4e49-919e-13a4c895fddf: shutdown FollowerState
2019-10-18 13:01:42,930 [grpc-default-executor-0] INFO  impl.RoleInfo (RoleInfo.java:updateAndGet(143)) - e5bb327f-cdd7-4e49-919e-13a4c895fddf: start FollowerState
2019-10-18 13:01:42,930 [Thread-1818] INFO  impl.FollowerState (FollowerState.java:run(117)) - e5bb327f-cdd7-4e49-919e-13a4c895fddf@group-FF4202234884-FollowerState was interrupted: java.lang.InterruptedException: sleep interrupted
2019-10-18 13:01:42,942 [018b3f78-d19f-4e26-a796-cb8ddc4f97cf@group-187684C21557-LeaderElection196] INFO  impl.LeaderElection (LeaderElection.java:askForVotes(178)) - 018b3f78-d19f-4e26-a796-cb8ddc4f97cf@group-187684C21557-LeaderElection196: begin an election at term 105 for -1: [893cf03e-f2cf-478a-892a-a746717e50e3:192.168.34.56:40750, 8697df36-98d2-41b1-bdc7-60597b3b5526:192.168.34.56:46415, 018b3f78-d19f-4e26-a796-cb8ddc4f97cf:192.168.34.56:35845], old=null
2019-10-18 13:01:42,943 [c124d131-afb9-4343-ad4e-aaebde613043@group-FF4202234884-LeaderElection195] INFO  impl.LeaderElection (LeaderElection.java:logAndReturn(56)) - c124d131-afb9-4343-ad4e-aaebde613043@group-FF4202234884-LeaderElection195: Election REJECTED; received 2 response(s) [c124d131-afb9-4343-ad4e-aaebde613043<-999343e7-0330-4874-a345-91eca72585e0#0:FAIL-t104, c124d131-afb9-4343-ad4e-aaebde613043<-e5bb327f-cdd7-4e49-919e-13a4c895fddf#0:FAIL-t104] and 0 exception(s); c124d131-afb9-4343-ad4e-aaebde613043@group-FF4202234884:t104, leader=null, voted=c124d131-afb9-4343-ad4e-aaebde613043, raftlog=c124d131-afb9-4343-ad4e-aaebde613043@group-FF4202234884-SegmentedRaftLog:OPENED:c-1,f-1,i0, conf=-1: [999343e7-0330-4874-a345-91eca72585e0:192.168.34.56:44872, c124d131-afb9-4343-ad4e-aaebde613043:192.168.34.56:42116, e5bb327f-cdd7-4e49-919e-13a4c895fddf:192.168.34.56:36658], old=null
2019-10-18 13:01:42,943 [c124d131-afb9-4343-ad4e-aaebde613043@group-FF4202234884-LeaderElection195] INFO  impl.RaftServerImpl (RaftServerImpl.java:setRole(184)) - c124d131-afb9-4343-ad4e-aaebde613043@group-FF4202234884: changes role from CANDIDATE to FOLLOWER at term 104 for DISCOVERED_A_NEW_TERM
2019-10-18 13:01:42,943 [c124d131-afb9-4343-ad4e-aaebde613043@group-FF4202234884-LeaderElection195] INFO  impl.RoleInfo (RoleInfo.java:shutdownLeaderElection(134)) - c124d131-afb9-4343-ad4e-aaebde613043: shutdown LeaderElection
2019-10-18 13:01:42,944 [c124d131-afb9-4343-ad4e-aaebde613043@group-FF4202234884-LeaderElection195] INFO  impl.RoleInfo (RoleInfo.java:updateAndGet(143)) - c124d131-afb9-4343-ad4e-aaebde613043: start FollowerState
2019-10-18 13:01:42,944 [grpc-default-executor-0] INFO  impl.RaftServerImpl (RaftServerImpl.java:setRole(184)) - 8697df36-98d2-41b1-bdc7-60597b3b5526@group-187684C21557: changes role from  FOLLOWER to FOLLOWER at term 105 for recognizeCandidate:018b3f78-d19f-4e26-a796-cb8ddc4f97cf
2019-10-18 13:01:42,944 [grpc-default-executor-0] INFO  impl.RoleInfo (RoleInfo.java:shutdownFollowerState(121)) - 8697df36-98d2-41b1-bdc7-60597b3b5526: shutdown FollowerState
2019-10-18 13:01:42,944 [grpc-default-executor-5] INFO  impl.RaftServerImpl (RaftServerImpl.java:setRole(184)) - 893cf03e-f2cf-478a-892a-a746717e50e3@group-187684C21557: changes role from  FOLLOWER to FOLLOWER at term 105 for recognizeCandidate:018b3f78-d19f-4e26-a796-cb8ddc4f97cf
2019-10-18 13:01:42,944 [Thread-1838] INFO  impl.FollowerState (FollowerState.java:run(117)) - 8697df36-98d2-41b1-bdc7-60597b3b5526@group-187684C21557-FollowerState was interrupted: java.lang.InterruptedException: sleep interrupted
2019-10-18 13:01:42,944 [grpc-default-executor-0] INFO  impl.RoleInfo (RoleInfo.java:updateAndGet(143)) - 8697df36-98d2-41b1-bdc7-60597b3b5526: start FollowerState
2019-10-18 13:01:42,945 [grpc-default-executor-5] INFO  impl.RoleInfo (RoleInfo.java:shutdownFollowerState(121)) - 893cf03e-f2cf-478a-892a-a746717e50e3: shutdown FollowerState
2019-10-18 13:01:42,945 [Thread-1839] INFO  impl.FollowerState (FollowerState.java:run(117)) - 893cf03e-f2cf-478a-892a-a746717e50e3@group-187684C21557-FollowerState was interrupted: java.lang.InterruptedException: sleep interrupted
2019-10-18 13:01:42,945 [grpc-default-executor-5] INFO  impl.RoleInfo (RoleInfo.java:updateAndGet(143)) - 893cf03e-f2cf-478a-892a-a746717e50e3: start FollowerState
2019-10-18 13:01:42,970 [018b3f78-d19f-4e26-a796-cb8ddc4f97cf@group-187684C21557-LeaderElection196] INFO  impl.LeaderElection (LeaderElection.java:logAndReturn(56)) - 018b3f78-d19f-4e26-a796-cb8ddc4f97cf@group-187684C21557-LeaderElection196: Election REJECTED; received 2 response(s) [018b3f78-d19f-4e26-a796-cb8ddc4f97cf<-893cf03e-f2cf-478a-892a-a746717e50e3#0:FAIL-t105, 018b3f78-d19f-4e26-a796-cb8ddc4f97cf<-8697df36-98d2-41b1-bdc7-60597b3b5526#0:FAIL-t105] and 0 exception(s); 018b3f78-d19f-4e26-a796-cb8ddc4f97cf@group-187684C21557:t105, leader=null, voted=018b3f78-d19f-4e26-a796-cb8ddc4f97cf, raftlog=018b3f78-d19f-4e26-a796-cb8ddc4f97cf@group-187684C21557-SegmentedRaftLog:OPENED:c-1,f-1,i0, conf=-1: [893cf03e-f2cf-478a-892a-a746717e50e3:192.168.34.56:40750, 8697df36-98d2-41b1-bdc7-60597b3b5526:192.168.34.56:46415, 018b3f78-d19f-4e26-a796-cb8ddc4f97cf:192.168.34.56:35845], old=null
2019-10-18 13:01:42,970 [018b3f78-d19f-4e26-a796-cb8ddc4f97cf@group-187684C21557-LeaderElection196] INFO  impl.RaftServerImpl (RaftServerImpl.java:setRole(184)) - 018b3f78-d19f-4e26-a796-cb8ddc4f97cf@group-187684C21557: changes role from CANDIDATE to FOLLOWER at term 105 for DISCOVERED_A_NEW_TERM
2019-10-18 13:01:42,970 [018b3f78-d19f-4e26-a796-cb8ddc4f97cf@group-187684C21557-LeaderElection196] INFO  impl.RoleInfo (RoleInfo.java:shutdownLeaderElection(134)) - 018b3f78-d19f-4e26-a796-cb8ddc4f97cf: shutdown LeaderElection
2019-10-18 13:01:42,971 [018b3f78-d19f-4e26-a796-cb8ddc4f97cf@group-187684C21557-LeaderElection196] INFO  impl.RoleInfo (RoleInfo.java:updateAndGet(143)) - 018b3f78-d19f-4e26-a796-cb8ddc4f97cf: start FollowerState
2019-10-18 13:01:43,049 [Thread-1849] INFO  impl.FollowerState (FollowerState.java:run(108)) - c124d131-afb9-4343-ad4e-aaebde613043@group-FF4202234884-FollowerState: change to CANDIDATE, lastRpcTime:105ms, electionTimeout:105ms
2019-10-18 13:01:43,049 [Thread-1849] INFO  impl.RoleInfo (RoleInfo.java:shutdownFollowerState(121)) - c124d131-afb9-4343-ad4e-aaebde613043: shutdown FollowerState
2019-10-18 13:01:43,050 [Thread-1849] INFO  impl.RaftServerImpl (RaftServerImpl.java:setRole(184)) - c124d131-afb9-4343-ad4e-aaebde613043@group-FF4202234884: changes role from  FOLLOWER to CANDIDATE at term 104 for changeToCandidate
2019-10-18 13:01:43,050 [Thread-1849] INFO  impl.RoleInfo (RoleInfo.java:updateAndGet(143)) - c124d131-afb9-4343-ad4e-aaebde613043: start LeaderElection
2019-10-18 13:01:43,074 [c124d131-afb9-4343-ad4e-aaebde613043@group-FF4202234884-LeaderElection197] INFO  impl.LeaderElection (LeaderElection.java:askForVotes(178)) - c124d131-afb9-4343-ad4e-aaebde613043@group-FF4202234884-LeaderElection197: begin an election at term 105 for -1: [999343e7-0330-4874-a345-91eca72585e0:192.168.34.56:44872, c124d131-afb9-4343-ad4e-aaebde613043:192.168.34.56:42116, e5bb327f-cdd7-4e49-919e-13a4c895fddf:192.168.34.56:36658], old=null
2019-10-18 13:01:43,076 [grpc-default-executor-5] INFO  impl.RaftServerImpl (RaftServerImpl.java:setRole(184)) - e5bb327f-cdd7-4e49-919e-13a4c895fddf@group-FF4202234884: changes role from  FOLLOWER to FOLLOWER at term 105 for recognizeCandidate:c124d131-afb9-4343-ad4e-aaebde613043
2019-10-18 13:01:43,076 [grpc-default-executor-0] INFO  impl.RaftServerImpl (RaftServerImpl.java:setRole(184)) - 999343e7-0330-4874-a345-91eca72585e0@group-FF4202234884: changes role from  FOLLOWER to FOLLOWER at term 105 for recognizeCandidate:c124d131-afb9-4343-ad4e-aaebde613043
2019-10-18 13:01:43,076 [grpc-default-executor-5] INFO  impl.RoleInfo (RoleInfo.java:shutdownFollowerState(121)) - e5bb327f-cdd7-4e49-919e-13a4c895fddf: shutdown FollowerState
2019-10-18 13:01:43,076 [grpc-default-executor-0] INFO  impl.RoleInfo (RoleInfo.java:shutdownFollowerState(121)) - 999343e7-0330-4874-a345-91eca72585e0: shutdown FollowerState
2019-10-18 13:01:43,076 [Thread-1846] INFO  impl.FollowerState (FollowerState.java:run(117)) - e5bb327f-cdd7-4e49-919e-13a4c895fddf@group-FF4202234884-FollowerState was interrupted: java.lang.InterruptedException: sleep interrupted
2019-10-18 13:01:43,076 [grpc-default-executor-5] INFO  impl.RoleInfo (RoleInfo.java:updateAndGet(143)) - e5bb327f-cdd7-4e49-919e-13a4c895fddf: start FollowerState
2019-10-18 13:01:43,076 [Thread-1845] INFO  impl.FollowerState (FollowerState.java:run(117)) - 999343e7-0330-4874-a345-91eca72585e0@group-FF4202234884-FollowerState was interrupted: java.lang.InterruptedException: sleep interrupted
2019-10-18 13:01:43,076 [grpc-default-executor-0] INFO  impl.RoleInfo (RoleInfo.java:updateAndGet(143)) - 999343e7-0330-4874-a345-91eca72585e0: start FollowerState
2019-10-18 13:01:43,101 [c124d131-afb9-4343-ad4e-aaebde613043@group-FF4202234884-LeaderElection197] INFO  impl.LeaderElection (LeaderElection.java:logAndReturn(56)) - c124d131-afb9-4343-ad4e-aaebde613043@group-FF4202234884-LeaderElection197: Election REJECTED; received 2 response(s) [c124d131-afb9-4343-ad4e-aaebde613043<-999343e7-0330-4874-a345-91eca72585e0#0:FAIL-t105, c124d131-afb9-4343-ad4e-aaebde613043<-e5bb327f-cdd7-4e49-919e-13a4c895fddf#0:FAIL-t105] and 0 exception(s); c124d131-afb9-4343-ad4e-aaebde613043@group-FF4202234884:t105, leader=null, voted=c124d131-afb9-4343-ad4e-aaebde613043, raftlog=c124d131-afb9-4343-ad4e-aaebde613043@group-FF4202234884-SegmentedRaftLog:OPENED:c-1,f-1,i0, conf=-1: [999343e7-0330-4874-a345-91eca72585e0:192.168.34.56:44872, c124d131-afb9-4343-ad4e-aaebde613043:192.168.34.56:42116, e5bb327f-cdd7-4e49-919e-13a4c895fddf:192.168.34.56:36658], old=null
2019-10-18 13:01:43,101 [c124d131-afb9-4343-ad4e-aaebde613043@group-FF4202234884-LeaderElection197] INFO  impl.RaftServerImpl (RaftServerImpl.java:setRole(184)) - c124d131-afb9-4343-ad4e-aaebde613043@group-FF4202234884: changes role from CANDIDATE to FOLLOWER at term 105 for DISCOVERED_A_NEW_TERM
2019-10-18 13:01:43,101 [c124d131-afb9-4343-ad4e-aaebde613043@group-FF4202234884-LeaderElection197] INFO  impl.RoleInfo (RoleInfo.java:shutdownLeaderElection(134)) - c124d131-afb9-4343-ad4e-aaebde613043: shutdown LeaderElection
2019-10-18 13:01:43,101 [c124d131-afb9-4343-ad4e-aaebde613043@group-FF4202234884-LeaderElection197] INFO  impl.RoleInfo (RoleInfo.java:updateAndGet(143)) - c124d131-afb9-4343-ad4e-aaebde613043: start FollowerState
2019-10-18 13:01:43,131 [Thread-1858] INFO  impl.FollowerState (FollowerState.java:run(108)) - c124d131-afb9-4343-ad4e-aaebde613043@group-FF4202234884-FollowerState: change to CANDIDATE, lastRpcTime:29ms, electionTimeout:29ms
2019-10-18 13:01:43,131 [Thread-1858] INFO  impl.RoleInfo (RoleInfo.java:shutdownFollowerState(121)) - c124d131-afb9-4343-ad4e-aaebde613043: shutdown FollowerState
2019-10-18 13:01:43,131 [Thread-1858] INFO  impl.RaftServerImpl (RaftServerImpl.java:setRole(184)) - c124d131-afb9-4343-ad4e-aaebde613043@group-FF4202234884: changes role from  FOLLOWER to CANDIDATE at term 105 for changeToCandidate
2019-10-18 13:01:43,131 [Thread-1858] INFO  impl.RoleInfo (RoleInfo.java:updateAndGet(143)) - c124d131-afb9-4343-ad4e-aaebde613043: start LeaderElection
2019-10-18 13:01:43,149 [c124d131-afb9-4343-ad4e-aaebde613043@group-FF4202234884-LeaderElection198] INFO  impl.LeaderElection (LeaderElection.java:askForVotes(178)) - c124d131-afb9-4343-ad4e-aaebde613043@group-FF4202234884-LeaderElection198: begin an election at term 106 for -1: [999343e7-0330-4874-a345-91eca72585e0:192.168.34.56:44872, c124d131-afb9-4343-ad4e-aaebde613043:192.168.34.56:42116, e5bb327f-cdd7-4e49-919e-13a4c895fddf:192.168.34.56:36658], old=null
2019-10-18 13:01:43,150 [grpc-default-executor-5] INFO  impl.RaftServerImpl (RaftServerImpl.java:setRole(184)) - 999343e7-0330-4874-a345-91eca72585e0@group-FF4202234884: changes role from  FOLLOWER to FOLLOWER at term 106 for recognizeCandidate:c124d131-afb9-4343-ad4e-aaebde613043
2019-10-18 13:01:43,150 [grpc-default-executor-0] INFO  impl.RaftServerImpl (RaftServerImpl.java:setRole(184)) - e5bb327f-cdd7-4e49-919e-13a4c895fddf@group-FF4202234884: changes role from  FOLLOWER to FOLLOWER at term 106 for recognizeCandidate:c124d131-afb9-4343-ad4e-aaebde613043
2019-10-18 13:01:43,150 [grpc-default-executor-5] INFO  impl.RoleInfo (RoleInfo.java:shutdownFollowerState(121)) - 999343e7-0330-4874-a345-91eca72585e0: shutdown FollowerState
2019-10-18 13:01:43,150 [grpc-default-executor-0] INFO  impl.RoleInfo (RoleInfo.java:shutdownFollowerState(121)) - e5bb327f-cdd7-4e49-919e-13a4c895fddf: shutdown FollowerState
2019-10-18 13:01:43,150 [Thread-1857] INFO  impl.FollowerState (FollowerState.java:run(117)) - 999343e7-0330-4874-a345-91eca72585e0@group-FF4202234884-FollowerState was interrupted: java.lang.InterruptedException: sleep interrupted
2019-10-18 13:01:43,150 [grpc-default-executor-5] INFO  impl.RoleInfo (RoleInfo.java:updateAndGet(143)) - 999343e7-0330-4874-a345-91eca72585e0: start FollowerState
2019-10-18 13:01:43,150 [Thread-1856] INFO  impl.FollowerState (FollowerState.java:run(117)) - e5bb327f-cdd7-4e49-919e-13a4c895fddf@group-FF4202234884-FollowerState was interrupted: java.lang.InterruptedException: sleep interrupted
2019-10-18 13:01:43,150 [grpc-default-executor-0] INFO  impl.RoleInfo (RoleInfo.java:updateAndGet(143)) - e5bb327f-cdd7-4e49-919e-13a4c895fddf: start FollowerState
2019-10-18 13:01:43,156 [Thread-1852] INFO  impl.FollowerState (FollowerState.java:run(108)) - 018b3f78-d19f-4e26-a796-cb8ddc4f97cf@group-187684C21557-FollowerState: change to CANDIDATE, lastRpcTime:185ms, electionTimeout:185ms
2019-10-18 13:01:43,156 [Thread-1852] INFO  impl.RoleInfo (RoleInfo.java:shutdownFollowerState(121)) - 018b3f78-d19f-4e26-a796-cb8ddc4f97cf: shutdown FollowerState
2019-10-18 13:01:43,156 [Thread-1852] INFO  impl.RaftServerImpl (RaftServerImpl.java:setRole(184)) - 018b3f78-d19f-4e26-a796-cb8ddc4f97cf@group-187684C21557: changes role from  FOLLOWER to CANDIDATE at term 105 for changeToCandidate
2019-10-18 13:01:43,156 [Thread-1852] INFO  impl.RoleInfo (RoleInfo.java:updateAndGet(143)) - 018b3f78-d19f-4e26-a796-cb8ddc4f97cf: start LeaderElection
2019-10-18 13:01:43,184 [c124d131-afb9-4343-ad4e-aaebde613043@group-FF4202234884-LeaderElection198] INFO  impl.LeaderElection (LeaderElection.java:logAndReturn(56)) - c124d131-afb9-4343-ad4e-aaebde613043@group-FF4202234884-LeaderElection198: Election TIMEOUT; received 0 response(s) [] and 0 exception(s); c124d131-afb9-4343-ad4e-aaebde613043@group-FF4202234884:t106, leader=null, voted=c124d131-afb9-4343-ad4e-aaebde613043, raftlog=c124d131-afb9-4343-ad4e-aaebde613043@group-FF4202234884-SegmentedRaftLog:OPENED:c-1,f-1,i0, conf=-1: [999343e7-0330-4874-a345-91eca72585e0:192.168.34.56:44872, c124d131-afb9-4343-ad4e-aaebde613043:192.168.34.56:42116, e5bb327f-cdd7-4e49-919e-13a4c895fddf:192.168.34.56:36658], old=null
2019-10-18 13:01:43,234 [018b3f78-d19f-4e26-a796-cb8ddc4f97cf@group-187684C21557-LeaderElection199] INFO  impl.LeaderElection (LeaderElection.java:askForVotes(178)) - 018b3f78-d19f-4e26-a796-cb8ddc4f97cf@group-187684C21557-LeaderElection199: begin an election at term 106 for -1: [893cf03e-f2cf-478a-892a-a746717e50e3:192.168.34.56:40750, 8697df36-98d2-41b1-bdc7-60597b3b5526:192.168.34.56:46415, 018b3f78-d19f-4e26-a796-cb8ddc4f97cf:192.168.34.56:35845], old=null
2019-10-18 13:01:43,235 [grpc-default-executor-0] INFO  impl.RaftServerImpl (RaftServerImpl.java:setRole(184)) - 893cf03e-f2cf-478a-892a-a746717e50e3@group-187684C21557: changes role from  FOLLOWER to FOLLOWER at term 106 for recognizeCandidate:018b3f78-d19f-4e26-a796-cb8ddc4f97cf
2019-10-18 13:01:43,235 [grpc-default-executor-7] INFO  impl.RaftServerImpl (RaftServerImpl.java:setRole(184)) - 8697df36-98d2-41b1-bdc7-60597b3b5526@group-187684C21557: changes role from  FOLLOWER to FOLLOWER at term 106 for recognizeCandidate:018b3f78-d19f-4e26-a796-cb8ddc4f97cf
2019-10-18 13:01:43,235 [grpc-default-executor-0] INFO  impl.RoleInfo (RoleInfo.java:shutdownFollowerState(121)) - 893cf03e-f2cf-478a-892a-a746717e50e3: shutdown FollowerState
2019-10-18 13:01:43,236 [grpc-default-executor-7] INFO  impl.RoleInfo (RoleInfo.java:shutdownFollowerState(121)) - 8697df36-98d2-41b1-bdc7-60597b3b5526: shutdown FollowerState
2019-10-18 13:01:43,236 [Thread-1851] INFO  impl.FollowerState (FollowerState.java:run(117)) - 893cf03e-f2cf-478a-892a-a746717e50e3@group-187684C21557-FollowerState was interrupted: java.lang.InterruptedException: sleep interrupted
2019-10-18 13:01:43,236 [grpc-default-executor-0] INFO  impl.RoleInfo (RoleInfo.java:updateAndGet(143)) - 893cf03e-f2cf-478a-892a-a746717e50e3: start FollowerState
2019-10-18 13:01:43,236 [Thread-1850] INFO  impl.FollowerState (FollowerState.java:run(117)) - 8697df36-98d2-41b1-bdc7-60597b3b5526@group-187684C21557-FollowerState was interrupted: java.lang.InterruptedException: sleep interrupted
2019-10-18 13:01:43,236 [grpc-default-executor-7] INFO  impl.RoleInfo (RoleInfo.java:updateAndGet(143)) - 8697df36-98d2-41b1-bdc7-60597b3b5526: start FollowerState
2019-10-18 13:01:43,264 [c124d131-afb9-4343-ad4e-aaebde613043@group-FF4202234884-LeaderElection198] INFO  impl.LeaderElection (LeaderElection.java:askForVotes(178)) - c124d131-afb9-4343-ad4e-aaebde613043@group-FF4202234884-LeaderElection198: begin an election at term 107 for -1: [999343e7-0330-4874-a345-91eca72585e0:192.168.34.56:44872, c124d131-afb9-4343-ad4e-aaebde613043:192.168.34.56:42116, e5bb327f-cdd7-4e49-919e-13a4c895fddf:192.168.34.56:36658], old=null
2019-10-18 13:01:43,266 [grpc-default-executor-5] INFO  impl.RaftServerImpl (RaftServerImpl.java:setRole(184)) - 999343e7-0330-4874-a345-91eca72585e0@group-FF4202234884: changes role from  FOLLOWER to FOLLOWER at term 107 for recognizeCandidate:c124d131-afb9-4343-ad4e-aaebde613043
2019-10-18 13:01:43,266 [grpc-default-executor-2] INFO  impl.RaftServerImpl (RaftServerImpl.java:setRole(184)) - e5bb327f-cdd7-4e49-919e-13a4c895fddf@group-FF4202234884: changes role from  FOLLOWER to FOLLOWER at term 107 for recognizeCandidate:c124d131-afb9-4343-ad4e-aaebde613043
2019-10-18 13:01:43,266 [grpc-default-executor-2] INFO  impl.RoleInfo (RoleInfo.java:shutdownFollowerState(121)) - e5bb327f-cdd7-4e49-919e-13a4c895fddf: shutdown FollowerState
2019-10-18 13:01:43,266 [grpc-default-executor-5] INFO  impl.RoleInfo (RoleInfo.java:shutdownFollowerState(121)) - 999343e7-0330-4874-a345-91eca72585e0: shutdown FollowerState
2019-10-18 13:01:43,266 [Thread-1864] INFO  impl.FollowerState (FollowerState.java:run(117)) - e5bb327f-cdd7-4e49-919e-13a4c895fddf@group-FF4202234884-FollowerState was interrupted: java.lang.InterruptedException: sleep interrupted
2019-10-18 13:01:43,266 [grpc-default-executor-2] INFO  impl.RoleInfo (RoleInfo.java:updateAndGet(143)) - e5bb327f-cdd7-4e49-919e-13a4c895fddf: start FollowerState
2019-10-18 13:01:43,267 [Thread-1863] INFO  impl.FollowerState (FollowerState.java:run(117)) - 999343e7-0330-4874-a345-91eca72585e0@group-FF4202234884-FollowerState was interrupted: java.lang.InterruptedException: sleep interrupted
2019-10-18 13:01:43,267 [grpc-default-executor-5] INFO  impl.RoleInfo (RoleInfo.java:updateAndGet(143)) - 999343e7-0330-4874-a345-91eca72585e0: start FollowerState
2019-10-18 13:01:43,334 [018b3f78-d19f-4e26-a796-cb8ddc4f97cf@group-187684C21557-LeaderElection199] INFO  impl.LeaderElection (LeaderElection.java:logAndReturn(56)) - 018b3f78-d19f-4e26-a796-cb8ddc4f97cf@group-187684C21557-LeaderElection199: Election REJECTED; received 2 response(s) [018b3f78-d19f-4e26-a796-cb8ddc4f97cf<-893cf03e-f2cf-478a-892a-a746717e50e3#0:FAIL-t106, 018b3f78-d19f-4e26-a796-cb8ddc4f97cf<-8697df36-98d2-41b1-bdc7-60597b3b5526#0:FAIL-t106] and 0 exception(s); 018b3f78-d19f-4e26-a796-cb8ddc4f97cf@group-187684C21557:t106, leader=null, voted=018b3f78-d19f-4e26-a796-cb8ddc4f97cf, raftlog=018b3f78-d19f-4e26-a796-cb8ddc4f97cf@group-187684C21557-SegmentedRaftLog:OPENED:c-1,f-1,i0, conf=-1: [893cf03e-f2cf-478a-892a-a746717e50e3:192.168.34.56:40750, 8697df36-98d2-41b1-bdc7-60597b3b5526:192.168.34.56:46415, 018b3f78-d19f-4e26-a796-cb8ddc4f97cf:192.168.34.56:35845], old=null
2019-10-18 13:01:43,335 [018b3f78-d19f-4e26-a796-cb8ddc4f97cf@group-187684C21557-LeaderElection199] INFO  impl.RaftServerImpl (RaftServerImpl.java:setRole(184)) - 018b3f78-d19f-4e26-a796-cb8ddc4f97cf@group-187684C21557: changes role from CANDIDATE to FOLLOWER at term 106 for DISCOVERED_A_NEW_TERM
2019-10-18 13:01:43,335 [018b3f78-d19f-4e26-a796-cb8ddc4f97cf@group-187684C21557-LeaderElection199] INFO  impl.RoleInfo (RoleInfo.java:shutdownLeaderElection(134)) - 018b3f78-d19f-4e26-a796-cb8ddc4f97cf: shutdown LeaderElection
2019-10-18 13:01:43,335 [018b3f78-d19f-4e26-a796-cb8ddc4f97cf@group-187684C21557-LeaderElection199] INFO  impl.RoleInfo (RoleInfo.java:updateAndGet(143)) - 018b3f78-d19f-4e26-a796-cb8ddc4f97cf: start FollowerState
2019-10-18 13:01:43,373 [c124d131-afb9-4343-ad4e-aaebde613043@group-FF4202234884-LeaderElection198] INFO  impl.LeaderElection (LeaderElection.java:logAndReturn(56)) - c124d131-afb9-4343-ad4e-aaebde613043@group-FF4202234884-LeaderElection198: Election REJECTED; received 2 response(s) [c124d131-afb9-4343-ad4e-aaebde613043<-999343e7-0330-4874-a345-91eca72585e0#0:FAIL-t107, c124d131-afb9-4343-ad4e-aaebde613043<-e5bb327f-cdd7-4e49-919e-13a4c895fddf#0:FAIL-t107] and 0 exception(s); c124d131-afb9-4343-ad4e-aaebde613043@group-FF4202234884:t107, leader=null, voted=c124d131-afb9-4343-ad4e-aaebde613043, raftlog=c124d131-afb9-4343-ad4e-aaebde613043@group-FF4202234884-SegmentedRaftLog:OPENED:c-1,f-1,i0, conf=-1: [999343e7-0330-4874-a345-91eca72585e0:192.168.34.56:44872, c124d131-afb9-4343-ad4e-aaebde613043:192.168.34.56:42116, e5bb327f-cdd7-4e49-919e-13a4c895fddf:192.168.34.56:36658], old=null
2019-10-18 13:01:43,373 [c124d131-afb9-4343-ad4e-aaebde613043@group-FF4202234884-LeaderElection198] INFO  impl.RaftServerImpl (RaftServerImpl.java:setRole(184)) - c124d131-afb9-4343-ad4e-aaebde613043@group-FF4202234884: changes role from CANDIDATE to FOLLOWER at term 107 for DISCOVERED_A_NEW_TERM
2019-10-18 13:01:43,374 [c124d131-afb9-4343-ad4e-aaebde613043@group-FF4202234884-LeaderElection198] INFO  impl.RoleInfo (RoleInfo.java:shutdownLeaderElection(134)) - c124d131-afb9-4343-ad4e-aaebde613043: shutdown LeaderElection
2019-10-18 13:01:43,374 [c124d131-afb9-4343-ad4e-aaebde613043@group-FF4202234884-LeaderElection198] INFO  impl.RoleInfo (RoleInfo.java:updateAndGet(143)) - c124d131-afb9-4343-ad4e-aaebde613043: start FollowerState
2019-10-18 13:01:43,378 [Thread-1875] INFO  impl.FollowerState (FollowerState.java:run(108)) - 018b3f78-d19f-4e26-a796-cb8ddc4f97cf@group-187684C21557-FollowerState: change to CANDIDATE, lastRpcTime:43ms, electionTimeout:43ms
2019-10-18 13:01:43,378 [Thread-1875] INFO  impl.RoleInfo (RoleInfo.java:shutdownFollowerState(121)) - 018b3f78-d19f-4e26-a796-cb8ddc4f97cf: shutdown FollowerState
2019-10-18 13:01:43,378 [Thread-1875] INFO  impl.RaftServerImpl (RaftServerImpl.java:setRole(184)) - 018b3f78-d19f-4e26-a796-cb8ddc4f97cf@group-187684C21557: changes role from  FOLLOWER to CANDIDATE at term 106 for changeToCandidate
2019-10-18 13:01:43,378 [Thread-1875] INFO  impl.RoleInfo (RoleInfo.java:updateAndGet(143)) - 018b3f78-d19f-4e26-a796-cb8ddc4f97cf: start LeaderElection
2019-10-18 13:01:43,413 [018b3f78-d19f-4e26-a796-cb8ddc4f97cf@group-187684C21557-LeaderElection200] INFO  impl.LeaderElection (LeaderElection.java:askForVotes(178)) - 018b3f78-d19f-4e26-a796-cb8ddc4f97cf@group-187684C21557-LeaderElection200: begin an election at term 107 for -1: [893cf03e-f2cf-478a-892a-a746717e50e3:192.168.34.56:40750, 8697df36-98d2-41b1-bdc7-60597b3b5526:192.168.34.56:46415, 018b3f78-d19f-4e26-a796-cb8ddc4f97cf:192.168.34.56:35845], old=null
2019-10-18 13:01:43,415 [grpc-default-executor-5] INFO  impl.RaftServerImpl (RaftServerImpl.java:setRole(184)) - 8697df36-98d2-41b1-bdc7-60597b3b5526@group-187684C21557: changes role from  FOLLOWER to FOLLOWER at term 107 for recognizeCandidate:018b3f78-d19f-4e26-a796-cb8ddc4f97cf
2019-10-18 13:01:43,415 [grpc-default-executor-2] INFO  impl.RaftServerImpl (RaftServerImpl.java:setRole(184)) - 893cf03e-f2cf-478a-892a-a746717e50e3@group-187684C21557: changes role from  FOLLOWER to FOLLOWER at term 107 for recognizeCandidate:018b3f78-d19f-4e26-a796-cb8ddc4f97cf
2019-10-18 13:01:43,415 [grpc-default-executor-5] INFO  impl.RoleInfo (RoleInfo.java:shutdownFollowerState(121)) - 8697df36-98d2-41b1-bdc7-60597b3b5526: shutdown FollowerState
2019-10-18 13:01:43,415 [grpc-default-executor-2] INFO  impl.RoleInfo (RoleInfo.java:shutdownFollowerState(121)) - 893cf03e-f2cf-478a-892a-a746717e50e3: shutdown FollowerState
2019-10-18 13:01:43,416 [Thread-1870] INFO  impl.FollowerState (FollowerState.java:run(117)) - 8697df36-98d2-41b1-bdc7-60597b3b5526@group-187684C21557-FollowerState was interrupted: java.lang.InterruptedException: sleep interrupted
2019-10-18 13:01:43,416 [grpc-default-executor-2] INFO  impl.RoleInfo (RoleInfo.java:updateAndGet(143)) - 893cf03e-f2cf-478a-892a-a746717e50e3: start FollowerState
2019-10-18 13:01:43,416 [grpc-default-executor-5] INFO  impl.RoleInfo (RoleInfo.java:updateAndGet(143)) - 8697df36-98d2-41b1-bdc7-60597b3b5526: start FollowerState
2019-10-18 13:01:43,416 [Thread-1869] INFO  impl.FollowerState (FollowerState.java:run(117)) - 893cf03e-f2cf-478a-892a-a746717e50e3@group-187684C21557-FollowerState was interrupted: java.lang.InterruptedException: sleep interrupted
2019-10-18 13:01:43,490 [018b3f78-d19f-4e26-a796-cb8ddc4f97cf@group-187684C21557-LeaderElection200] INFO  impl.LeaderElection (LeaderElection.java:logAndReturn(56)) - 018b3f78-d19f-4e26-a796-cb8ddc4f97cf@group-187684C21557-LeaderElection200: Election REJECTED; received 2 response(s) [018b3f78-d19f-4e26-a796-cb8ddc4f97cf<-893cf03e-f2cf-478a-892a-a746717e50e3#0:FAIL-t107, 018b3f78-d19f-4e26-a796-cb8ddc4f97cf<-8697df36-98d2-41b1-bdc7-60597b3b5526#0:FAIL-t107] and 0 exception(s); 018b3f78-d19f-4e26-a796-cb8ddc4f97cf@group-187684C21557:t107, leader=null, voted=018b3f78-d19f-4e26-a796-cb8ddc4f97cf, raftlog=018b3f78-d19f-4e26-a796-cb8ddc4f97cf@group-187684C21557-SegmentedRaftLog:OPENED:c-1,f-1,i0, conf=-1: [893cf03e-f2cf-478a-892a-a746717e50e3:192.168.34.56:40750, 8697df36-98d2-41b1-bdc7-60597b3b5526:192.168.34.56:46415, 018b3f78-d19f-4e26-a796-cb8ddc4f97cf:192.168.34.56:35845], old=null
2019-10-18 13:01:43,490 [018b3f78-d19f-4e26-a796-cb8ddc4f97cf@group-187684C21557-LeaderElection200] INFO  impl.RaftServerImpl (RaftServerImpl.java:setRole(184)) - 018b3f78-d19f-4e26-a796-cb8ddc4f97cf@group-187684C21557: changes role from CANDIDATE to FOLLOWER at term 107 for DISCOVERED_A_NEW_TERM
2019-10-18 13:01:43,490 [018b3f78-d19f-4e26-a796-cb8ddc4f97cf@group-187684C21557-LeaderElection200] INFO  impl.RoleInfo (RoleInfo.java:shutdownLeaderElection(134)) - 018b3f78-d19f-4e26-a796-cb8ddc4f97cf: shutdown LeaderElection
2019-10-18 13:01:43,490 [018b3f78-d19f-4e26-a796-cb8ddc4f97cf@group-187684C21557-LeaderElection200] INFO  impl.RoleInfo (RoleInfo.java:updateAndGet(143)) - 018b3f78-d19f-4e26-a796-cb8ddc4f97cf: start FollowerState
2019-10-18 13:01:43,492 [Thread-1882] INFO  impl.FollowerState (FollowerState.java:run(108)) - 018b3f78-d19f-4e26-a796-cb8ddc4f97cf@group-187684C21557-FollowerState: change to CANDIDATE, lastRpcTime:2ms, electionTimeout:2ms
2019-10-18 13:01:43,493 [Thread-1882] INFO  impl.RoleInfo (RoleInfo.java:shutdownFollowerState(121)) - 018b3f78-d19f-4e26-a796-cb8ddc4f97cf: shutdown FollowerState
2019-10-18 13:01:43,493 [Thread-1882] INFO  impl.RaftServerImpl (RaftServerImpl.java:setRole(184)) - 018b3f78-d19f-4e26-a796-cb8ddc4f97cf@group-187684C21557: changes role from  FOLLOWER to CANDIDATE at term 107 for changeToCandidate
2019-10-18 13:01:43,493 [Thread-1882] INFO  impl.RoleInfo (RoleInfo.java:updateAndGet(143)) - 018b3f78-d19f-4e26-a796-cb8ddc4f97cf: start LeaderElection
2019-10-18 13:01:43,513 [018b3f78-d19f-4e26-a796-cb8ddc4f97cf@group-187684C21557-LeaderElection201] INFO  impl.LeaderElection (LeaderElection.java:askForVotes(178)) - 018b3f78-d19f-4e26-a796-cb8ddc4f97cf@group-187684C21557-LeaderElection201: begin an election at term 108 for -1: [893cf03e-f2cf-478a-892a-a746717e50e3:192.168.34.56:40750, 8697df36-98d2-41b1-bdc7-60597b3b5526:192.168.34.56:46415, 018b3f78-d19f-4e26-a796-cb8ddc4f97cf:192.168.34.56:35845], old=null
2019-10-18 13:01:43,515 [grpc-default-executor-2] INFO  impl.RaftServerImpl (RaftServerImpl.java:setRole(184)) - 893cf03e-f2cf-478a-892a-a746717e50e3@group-187684C21557: changes role from  FOLLOWER to FOLLOWER at term 108 for recognizeCandidate:018b3f78-d19f-4e26-a796-cb8ddc4f97cf
2019-10-18 13:01:43,515 [grpc-default-executor-5] INFO  impl.RaftServerImpl (RaftServerImpl.java:setRole(184)) - 8697df36-98d2-41b1-bdc7-60597b3b5526@group-187684C21557: changes role from  FOLLOWER to FOLLOWER at term 108 for recognizeCandidate:018b3f78-d19f-4e26-a796-cb8ddc4f97cf
2019-10-18 13:01:43,515 [grpc-default-executor-2] INFO  impl.RoleInfo (RoleInfo.java:shutdownFollowerState(121)) - 893cf03e-f2cf-478a-892a-a746717e50e3: shutdown FollowerState
2019-10-18 13:01:43,515 [grpc-default-executor-5] INFO  impl.RoleInfo (RoleInfo.java:shutdownFollowerState(121)) - 8697df36-98d2-41b1-bdc7-60597b3b5526: shutdown FollowerState
2019-10-18 13:01:43,515 [Thread-1881] INFO  impl.FollowerState (FollowerState.java:run(117)) - 893cf03e-f2cf-478a-892a-a746717e50e3@group-187684C21557-FollowerState was interrupted: java.lang.InterruptedException: sleep interrupted
2019-10-18 13:01:43,515 [grpc-default-executor-2] INFO  impl.RoleInfo (RoleInfo.java:updateAndGet(143)) - 893cf03e-f2cf-478a-892a-a746717e50e3: start FollowerState
2019-10-18 13:01:43,515 [Thread-1880] INFO  impl.FollowerState (FollowerState.java:run(117)) - 8697df36-98d2-41b1-bdc7-60597b3b5526@group-187684C21557-FollowerState was interrupted: java.lang.InterruptedException: sleep interrupted
2019-10-18 13:01:43,515 [grpc-default-executor-5] INFO  impl.RoleInfo (RoleInfo.java:updateAndGet(143)) - 8697df36-98d2-41b1-bdc7-60597b3b5526: start FollowerState
2019-10-18 13:01:43,528 [Thread-1876] INFO  impl.FollowerState (FollowerState.java:run(108)) - c124d131-afb9-4343-ad4e-aaebde613043@group-FF4202234884-FollowerState: change to CANDIDATE, lastRpcTime:154ms, electionTimeout:154ms
2019-10-18 13:01:43,528 [Thread-1876] INFO  impl.RoleInfo (RoleInfo.java:shutdownFollowerState(121)) - c124d131-afb9-4343-ad4e-aaebde613043: shutdown FollowerState
2019-10-18 13:01:43,528 [Thread-1876] INFO  impl.RaftServerImpl (RaftServerImpl.java:setRole(184)) - c124d131-afb9-4343-ad4e-aaebde613043@group-FF4202234884: changes role from  FOLLOWER to CANDIDATE at term 107 for changeToCandidate
2019-10-18 13:01:43,528 [Thread-1876] INFO  impl.RoleInfo (RoleInfo.java:updateAndGet(143)) - c124d131-afb9-4343-ad4e-aaebde613043: start LeaderElection
2019-10-18 13:01:43,532 [018b3f78-d19f-4e26-a796-cb8ddc4f97cf@group-187684C21557-LeaderElection201] INFO  impl.LeaderElection (LeaderElection.java:logAndReturn(56)) - 018b3f78-d19f-4e26-a796-cb8ddc4f97cf@group-187684C21557-LeaderElection201: Election REJECTED; received 2 response(s) [018b3f78-d19f-4e26-a796-cb8ddc4f97cf<-893cf03e-f2cf-478a-892a-a746717e50e3#0:FAIL-t108, 018b3f78-d19f-4e26-a796-cb8ddc4f97cf<-8697df36-98d2-41b1-bdc7-60597b3b5526#0:FAIL-t108] and 0 exception(s); 018b3f78-d19f-4e26-a796-cb8ddc4f97cf@group-187684C21557:t108, leader=null, voted=018b3f78-d19f-4e26-a796-cb8ddc4f97cf, raftlog=018b3f78-d19f-4e26-a796-cb8ddc4f97cf@group-187684C21557-SegmentedRaftLog:OPENED:c-1,f-1,i0, conf=-1: [893cf03e-f2cf-478a-892a-a746717e50e3:192.168.34.56:40750, 8697df36-98d2-41b1-bdc7-60597b3b5526:192.168.34.56:46415, 018b3f78-d19f-4e26-a796-cb8ddc4f97cf:192.168.34.56:35845], old=null
2019-10-18 13:01:43,532 [018b3f78-d19f-4e26-a796-cb8ddc4f97cf@group-187684C21557-LeaderElection201] INFO  impl.RaftServerImpl (RaftServerImpl.java:setRole(184)) - 018b3f78-d19f-4e26-a796-cb8ddc4f97cf@group-187684C21557: changes role from CANDIDATE to FOLLOWER at term 108 for DISCOVERED_A_NEW_TERM
2019-10-18 13:01:43,532 [018b3f78-d19f-4e26-a796-cb8ddc4f97cf@group-187684C21557-LeaderElection201] INFO  impl.RoleInfo (RoleInfo.java:shutdownLeaderElection(134)) - 018b3f78-d19f-4e26-a796-cb8ddc4f97cf: shutdown LeaderElection
2019-10-18 13:01:43,533 [018b3f78-d19f-4e26-a796-cb8ddc4f97cf@group-187684C21557-LeaderElection201] INFO  impl.RoleInfo (RoleInfo.java:updateAndGet(143)) - 018b3f78-d19f-4e26-a796-cb8ddc4f97cf: start FollowerState
2019-10-18 13:01:43,554 [c124d131-afb9-4343-ad4e-aaebde613043@group-FF4202234884-LeaderElection202] INFO  impl.LeaderElection (LeaderElection.java:askForVotes(178)) - c124d131-afb9-4343-ad4e-aaebde613043@group-FF4202234884-LeaderElection202: begin an election at term 108 for -1: [999343e7-0330-4874-a345-91eca72585e0:192.168.34.56:44872, c124d131-afb9-4343-ad4e-aaebde613043:192.168.34.56:42116, e5bb327f-cdd7-4e49-919e-13a4c895fddf:192.168.34.56:36658], old=null
2019-10-18 13:01:43,556 [grpc-default-executor-5] INFO  impl.RaftServerImpl (RaftServerImpl.java:setRole(184)) - e5bb327f-cdd7-4e49-919e-13a4c895fddf@group-FF4202234884: changes role from  FOLLOWER to FOLLOWER at term 108 for recognizeCandidate:c124d131-afb9-4343-ad4e-aaebde613043
2019-10-18 13:01:43,556 [grpc-default-executor-2] INFO  impl.RaftServerImpl (RaftServerImpl.java:setRole(184)) - 999343e7-0330-4874-a345-91eca72585e0@group-FF4202234884: changes role from  FOLLOWER to FOLLOWER at term 108 for recognizeCandidate:c124d131-afb9-4343-ad4e-aaebde613043
2019-10-18 13:01:43,556 [grpc-default-executor-5] INFO  impl.RoleInfo (RoleInfo.java:shutdownFollowerState(121)) - e5bb327f-cdd7-4e49-919e-13a4c895fddf: shutdown FollowerState
2019-10-18 13:01:43,556 [grpc-default-executor-2] INFO  impl.RoleInfo (RoleInfo.java:shutdownFollowerState(121)) - 999343e7-0330-4874-a345-91eca72585e0: shutdown FollowerState
2019-10-18 13:01:43,556 [Thread-1873] INFO  impl.FollowerState (FollowerState.java:run(117)) - e5bb327f-cdd7-4e49-919e-13a4c895fddf@group-FF4202234884-FollowerState was interrupted: java.lang.InterruptedException: sleep interrupted
2019-10-18 13:01:43,556 [Thread-1874] INFO  impl.FollowerState (FollowerState.java:run(117)) - 999343e7-0330-4874-a345-91eca72585e0@group-FF4202234884-FollowerState was interrupted: java.lang.InterruptedException: sleep interrupted
2019-10-18 13:01:43,556 [grpc-default-executor-5] INFO  impl.RoleInfo (RoleInfo.java:updateAndGet(143)) - e5bb327f-cdd7-4e49-919e-13a4c895fddf: start FollowerState
2019-10-18 13:01:43,556 [grpc-default-executor-2] INFO  impl.RoleInfo (RoleInfo.java:updateAndGet(143)) - 999343e7-0330-4874-a345-91eca72585e0: start FollowerState
2019-10-18 13:01:43,581 [c124d131-afb9-4343-ad4e-aaebde613043@group-FF4202234884-LeaderElection202] INFO  impl.LeaderElection (LeaderElection.java:logAndReturn(56)) - c124d131-afb9-4343-ad4e-aaebde613043@group-FF4202234884-LeaderElection202: Election REJECTED; received 2 response(s) [c124d131-afb9-4343-ad4e-aaebde613043<-999343e7-0330-4874-a345-91eca72585e0#0:FAIL-t108, c124d131-afb9-4343-ad4e-aaebde613043<-e5bb327f-cdd7-4e49-919e-13a4c895fddf#0:FAIL-t108] and 0 exception(s); c124d131-afb9-4343-ad4e-aaebde613043@group-FF4202234884:t108, leader=null, voted=c124d131-afb9-4343-ad4e-aaebde613043, raftlog=c124d131-afb9-4343-ad4e-aaebde613043@group-FF4202234884-SegmentedRaftLog:OPENED:c-1,f-1,i0, conf=-1: [999343e7-0330-4874-a345-91eca72585e0:192.168.34.56:44872, c124d131-afb9-4343-ad4e-aaebde613043:192.168.34.56:42116, e5bb327f-cdd7-4e49-919e-13a4c895fddf:192.168.34.56:36658], old=null
2019-10-18 13:01:43,581 [c124d131-afb9-4343-ad4e-aaebde613043@group-FF4202234884-LeaderElection202] INFO  impl.RaftServerImpl (RaftServerImpl.java:setRole(184)) - c124d131-afb9-4343-ad4e-aaebde613043@group-FF4202234884: changes role from CANDIDATE to FOLLOWER at term 108 for DISCOVERED_A_NEW_TERM
2019-10-18 13:01:43,581 [c124d131-afb9-4343-ad4e-aaebde613043@group-FF4202234884-LeaderElection202] INFO  impl.RoleInfo (RoleInfo.java:shutdownLeaderElection(134)) - c124d131-afb9-4343-ad4e-aaebde613043: shutdown LeaderElection
2019-10-18 13:01:43,582 [c124d131-afb9-4343-ad4e-aaebde613043@group-FF4202234884-LeaderElection202] INFO  impl.RoleInfo (RoleInfo.java:updateAndGet(143)) - c124d131-afb9-4343-ad4e-aaebde613043: start FollowerState
2019-10-18 13:01:43,593 [Thread-1894] INFO  impl.FollowerState (FollowerState.java:run(108)) - c124d131-afb9-4343-ad4e-aaebde613043@group-FF4202234884-FollowerState: change to CANDIDATE, lastRpcTime:11ms, electionTimeout:11ms
2019-10-18 13:01:43,593 [Thread-1894] INFO  impl.RoleInfo (RoleInfo.java:shutdownFollowerState(121)) - c124d131-afb9-4343-ad4e-aaebde613043: shutdown FollowerState
2019-10-18 13:01:43,593 [Thread-1894] INFO  impl.RaftServerImpl (RaftServerImpl.java:setRole(184)) - c124d131-afb9-4343-ad4e-aaebde613043@group-FF4202234884: changes role from  FOLLOWER to CANDIDATE at term 108 for changeToCandidate
2019-10-18 13:01:43,593 [Thread-1894] INFO  impl.RoleInfo (RoleInfo.java:updateAndGet(143)) - c124d131-afb9-4343-ad4e-aaebde613043: start LeaderElection
2019-10-18 13:01:43,610 [c124d131-afb9-4343-ad4e-aaebde613043@group-FF4202234884-LeaderElection203] INFO  impl.LeaderElection (LeaderElection.java:askForVotes(178)) - c124d131-afb9-4343-ad4e-aaebde613043@group-FF4202234884-LeaderElection203: begin an election at term 109 for -1: [999343e7-0330-4874-a345-91eca72585e0:192.168.34.56:44872, c124d131-afb9-4343-ad4e-aaebde613043:192.168.34.56:42116, e5bb327f-cdd7-4e49-919e-13a4c895fddf:192.168.34.56:36658], old=null
2019-10-18 13:01:43,612 [grpc-default-executor-2] INFO  impl.RaftServerImpl (RaftServerImpl.java:setRole(184)) - e5bb327f-cdd7-4e49-919e-13a4c895fddf@group-FF4202234884: changes role from  FOLLOWER to FOLLOWER at term 109 for recognizeCandidate:c124d131-afb9-4343-ad4e-aaebde613043
2019-10-18 13:01:43,612 [grpc-default-executor-5] INFO  impl.RaftServerImpl (RaftServerImpl.java:setRole(184)) - 999343e7-0330-4874-a345-91eca72585e0@group-FF4202234884: changes role from  FOLLOWER to FOLLOWER at term 109 for recognizeCandidate:c124d131-afb9-4343-ad4e-aaebde613043
2019-10-18 13:01:43,612 [grpc-default-executor-2] INFO  impl.RoleInfo (RoleInfo.java:shutdownFollowerState(121)) - e5bb327f-cdd7-4e49-919e-13a4c895fddf: shutdown FollowerState
2019-10-18 13:01:43,612 [grpc-default-executor-5] INFO  impl.RoleInfo (RoleInfo.java:shutdownFollowerState(121)) - 999343e7-0330-4874-a345-91eca72585e0: shutdown FollowerState
2019-10-18 13:01:43,612 [Thread-1892] INFO  impl.FollowerState (FollowerState.java:run(117)) - e5bb327f-cdd7-4e49-919e-13a4c895fddf@group-FF4202234884-FollowerState was interrupted: java.lang.InterruptedException: sleep interrupted
2019-10-18 13:01:43,612 [grpc-default-executor-2] INFO  impl.RoleInfo (RoleInfo.java:updateAndGet(143)) - e5bb327f-cdd7-4e49-919e-13a4c895fddf: start FollowerState
2019-10-18 13:01:43,612 [Thread-1893] INFO  impl.FollowerState (FollowerState.java:run(117)) - 999343e7-0330-4874-a345-91eca72585e0@group-FF4202234884-FollowerState was interrupted: java.lang.InterruptedException: sleep interrupted
2019-10-18 13:01:43,612 [grpc-default-executor-5] INFO  impl.RoleInfo (RoleInfo.java:updateAndGet(143)) - 999343e7-0330-4874-a345-91eca72585e0: start FollowerState
2019-10-18 13:01:43,661 [c124d131-afb9-4343-ad4e-aaebde613043@group-FF4202234884-LeaderElection203] INFO  impl.LeaderElection (LeaderElection.java:logAndReturn(56)) - c124d131-afb9-4343-ad4e-aaebde613043@group-FF4202234884-LeaderElection203: Election REJECTED; received 2 response(s) [c124d131-afb9-4343-ad4e-aaebde613043<-999343e7-0330-4874-a345-91eca72585e0#0:FAIL-t109, c124d131-afb9-4343-ad4e-aaebde613043<-e5bb327f-cdd7-4e49-919e-13a4c895fddf#0:FAIL-t109] and 0 exception(s); c124d131-afb9-4343-ad4e-aaebde613043@group-FF4202234884:t109, leader=null, voted=c124d131-afb9-4343-ad4e-aaebde613043, raftlog=c124d131-afb9-4343-ad4e-aaebde613043@group-FF4202234884-SegmentedRaftLog:OPENED:c-1,f-1,i0, conf=-1: [999343e7-0330-4874-a345-91eca72585e0:192.168.34.56:44872, c124d131-afb9-4343-ad4e-aaebde613043:192.168.34.56:42116, e5bb327f-cdd7-4e49-919e-13a4c895fddf:192.168.34.56:36658], old=null
2019-10-18 13:01:43,661 [c124d131-afb9-4343-ad4e-aaebde613043@group-FF4202234884-LeaderElection203] INFO  impl.RaftServerImpl (RaftServerImpl.java:setRole(184)) - c124d131-afb9-4343-ad4e-aaebde613043@group-FF4202234884: changes role from CANDIDATE to FOLLOWER at term 109 for DISCOVERED_A_NEW_TERM
2019-10-18 13:01:43,661 [c124d131-afb9-4343-ad4e-aaebde613043@group-FF4202234884-LeaderElection203] INFO  impl.RoleInfo (RoleInfo.java:shutdownLeaderElection(134)) - c124d131-afb9-4343-ad4e-aaebde613043: shutdown LeaderElection
2019-10-18 13:01:43,661 [c124d131-afb9-4343-ad4e-aaebde613043@group-FF4202234884-LeaderElection203] INFO  impl.RoleInfo (RoleInfo.java:updateAndGet(143)) - c124d131-afb9-4343-ad4e-aaebde613043: start FollowerState
2019-10-18 13:01:43,688 [Thread-1889] INFO  impl.FollowerState (FollowerState.java:run(108)) - 018b3f78-d19f-4e26-a796-cb8ddc4f97cf@group-187684C21557-FollowerState: change to CANDIDATE, lastRpcTime:155ms, electionTimeout:155ms
2019-10-18 13:01:43,688 [Thread-1889] INFO  impl.RoleInfo (RoleInfo.java:shutdownFollowerState(121)) - 018b3f78-d19f-4e26-a796-cb8ddc4f97cf: shutdown FollowerState
2019-10-18 13:01:43,688 [Thread-1889] INFO  impl.RaftServerImpl (RaftServerImpl.java:setRole(184)) - 018b3f78-d19f-4e26-a796-cb8ddc4f97cf@group-187684C21557: changes role from  FOLLOWER to CANDIDATE at term 108 for changeToCandidate
2019-10-18 13:01:43,688 [Thread-1889] INFO  impl.RoleInfo (RoleInfo.java:updateAndGet(143)) - 018b3f78-d19f-4e26-a796-cb8ddc4f97cf: start LeaderElection
2019-10-18 13:01:43,710 [018b3f78-d19f-4e26-a796-cb8ddc4f97cf@group-187684C21557-LeaderElection204] INFO  impl.LeaderElection (LeaderElection.java:askForVotes(178)) - 018b3f78-d19f-4e26-a796-cb8ddc4f97cf@group-187684C21557-LeaderElection204: begin an election at term 109 for -1: [893cf03e-f2cf-478a-892a-a746717e50e3:192.168.34.56:40750, 8697df36-98d2-41b1-bdc7-60597b3b5526:192.168.34.56:46415, 018b3f78-d19f-4e26-a796-cb8ddc4f97cf:192.168.34.56:35845], old=null
2019-10-18 13:01:43,711 [grpc-default-executor-5] INFO  impl.RaftServerImpl (RaftServerImpl.java:setRole(184)) - 8697df36-98d2-41b1-bdc7-60597b3b5526@group-187684C21557: changes role from  FOLLOWER to FOLLOWER at term 109 for recognizeCandidate:018b3f78-d19f-4e26-a796-cb8ddc4f97cf
2019-10-18 13:01:43,711 [grpc-default-executor-2] INFO  impl.RaftServerImpl (RaftServerImpl.java:setRole(184)) - 893cf03e-f2cf-478a-892a-a746717e50e3@group-187684C21557: changes role from  FOLLOWER to FOLLOWER at term 109 for recognizeCandidate:018b3f78-d19f-4e26-a796-cb8ddc4f97cf
2019-10-18 13:01:43,711 [grpc-default-executor-5] INFO  impl.RoleInfo (RoleInfo.java:shutdownFollowerState(121)) - 8697df36-98d2-41b1-bdc7-60597b3b5526: shutdown FollowerState
2019-10-18 13:01:43,711 [grpc-default-executor-2] INFO  impl.RoleInfo (RoleInfo.java:shutdownFollowerState(121)) - 893cf03e-f2cf-478a-892a-a746717e50e3: shutdown FollowerState
2019-10-18 13:01:43,712 [Thread-1887] INFO  impl.FollowerState (FollowerState.java:run(117)) - 8697df36-98d2-41b1-bdc7-60597b3b5526@group-187684C21557-FollowerState was interrupted: java.lang.InterruptedException: sleep interrupted
2019-10-18 13:01:43,712 [Thread-1886] INFO  impl.FollowerState (FollowerState.java:run(117)) - 893cf03e-f2cf-478a-892a-a746717e50e3@group-187684C21557-FollowerState was interrupted: java.lang.InterruptedException: sleep interrupted
2019-10-18 13:01:43,712 [grpc-default-executor-2] INFO  impl.RoleInfo (RoleInfo.java:updateAndGet(143)) - 893cf03e-f2cf-478a-892a-a746717e50e3: start FollowerState
2019-10-18 13:01:43,712 [grpc-default-executor-5] INFO  impl.RoleInfo (RoleInfo.java:updateAndGet(143)) - 8697df36-98d2-41b1-bdc7-60597b3b5526: start FollowerState
2019-10-18 13:01:43,736 [018b3f78-d19f-4e26-a796-cb8ddc4f97cf@group-187684C21557-LeaderElection204] INFO  impl.LeaderElection (LeaderElection.java:logAndReturn(56)) - 018b3f78-d19f-4e26-a796-cb8ddc4f97cf@group-187684C21557-LeaderElection204: Election REJECTED; received 2 response(s) [018b3f78-d19f-4e26-a796-cb8ddc4f97cf<-893cf03e-f2cf-478a-892a-a746717e50e3#0:FAIL-t109, 018b3f78-d19f-4e26-a796-cb8ddc4f97cf<-8697df36-98d2-41b1-bdc7-60597b3b5526#0:FAIL-t109] and 0 exception(s); 018b3f78-d19f-4e26-a796-cb8ddc4f97cf@group-187684C21557:t109, leader=null, voted=018b3f78-d19f-4e26-a796-cb8ddc4f97cf, raftlog=018b3f78-d19f-4e26-a796-cb8ddc4f97cf@group-187684C21557-SegmentedRaftLog:OPENED:c-1,f-1,i0, conf=-1: [893cf03e-f2cf-478a-892a-a746717e50e3:192.168.34.56:40750, 8697df36-98d2-41b1-bdc7-60597b3b5526:192.168.34.56:46415, 018b3f78-d19f-4e26-a796-cb8ddc4f97cf:192.168.34.56:35845], old=null
2019-10-18 13:01:43,736 [018b3f78-d19f-4e26-a796-cb8ddc4f97cf@group-187684C21557-LeaderElection204] INFO  impl.RaftServerImpl (RaftServerImpl.java:setRole(184)) - 018b3f78-d19f-4e26-a796-cb8ddc4f97cf@group-187684C21557: changes role from CANDIDATE to FOLLOWER at term 109 for DISCOVERED_A_NEW_TERM
2019-10-18 13:01:43,737 [018b3f78-d19f-4e26-a796-cb8ddc4f97cf@group-187684C21557-LeaderElection204] INFO  impl.RoleInfo (RoleInfo.java:shutdownLeaderElection(134)) - 018b3f78-d19f-4e26-a796-cb8ddc4f97cf: shutdown LeaderElection
2019-10-18 13:01:43,737 [018b3f78-d19f-4e26-a796-cb8ddc4f97cf@group-187684C21557-LeaderElection204] INFO  impl.RoleInfo (RoleInfo.java:updateAndGet(143)) - 018b3f78-d19f-4e26-a796-cb8ddc4f97cf: start FollowerState
2019-10-18 13:01:43,775 [Thread-1901] INFO  impl.FollowerState (FollowerState.java:run(108)) - c124d131-afb9-4343-ad4e-aaebde613043@group-FF4202234884-FollowerState: change to CANDIDATE, lastRpcTime:114ms, electionTimeout:114ms
2019-10-18 13:01:43,775 [Thread-1901] INFO  impl.RoleInfo (RoleInfo.java:shutdownFollowerState(121)) - c124d131-afb9-4343-ad4e-aaebde613043: shutdown FollowerState
2019-10-18 13:01:43,776 [Thread-1901] INFO  impl.RaftServerImpl (RaftServerImpl.java:setRole(184)) - c124d131-afb9-4343-ad4e-aaebde613043@group-FF4202234884: changes role from  FOLLOWER to CANDIDATE at term 109 for changeToCandidate
2019-10-18 13:01:43,776 [Thread-1901] INFO  impl.RoleInfo (RoleInfo.java:updateAndGet(143)) - c124d131-afb9-4343-ad4e-aaebde613043: start LeaderElection
2019-10-18 13:01:43,801 [c124d131-afb9-4343-ad4e-aaebde613043@group-FF4202234884-LeaderElection205] INFO  impl.LeaderElection (LeaderElection.java:askForVotes(178)) - c124d131-afb9-4343-ad4e-aaebde613043@group-FF4202234884-LeaderElection205: begin an election at term 110 for -1: [999343e7-0330-4874-a345-91eca72585e0:192.168.34.56:44872, c124d131-afb9-4343-ad4e-aaebde613043:192.168.34.56:42116, e5bb327f-cdd7-4e49-919e-13a4c895fddf:192.168.34.56:36658], old=null
2019-10-18 13:01:43,802 [grpc-default-executor-2] INFO  impl.RaftServerImpl (RaftServerImpl.java:setRole(184)) - 999343e7-0330-4874-a345-91eca72585e0@group-FF4202234884: changes role from  FOLLOWER to FOLLOWER at term 110 for recognizeCandidate:c124d131-afb9-4343-ad4e-aaebde613043
2019-10-18 13:01:43,802 [grpc-default-executor-5] INFO  impl.RaftServerImpl (RaftServerImpl.java:setRole(184)) - e5bb327f-cdd7-4e49-919e-13a4c895fddf@group-FF4202234884: changes role from  FOLLOWER to FOLLOWER at term 110 for recognizeCandidate:c124d131-afb9-4343-ad4e-aaebde613043
2019-10-18 13:01:43,803 [grpc-default-executor-2] INFO  impl.RoleInfo (RoleInfo.java:shutdownFollowerState(121)) - 999343e7-0330-4874-a345-91eca72585e0: shutdown FollowerState
2019-10-18 13:01:43,803 [grpc-default-executor-5] INFO  impl.RoleInfo (RoleInfo.java:shutdownFollowerState(121)) - e5bb327f-cdd7-4e49-919e-13a4c895fddf: shutdown FollowerState
2019-10-18 13:01:43,803 [Thread-1899] INFO  impl.FollowerState (FollowerState.java:run(117)) - 999343e7-0330-4874-a345-91eca72585e0@group-FF4202234884-FollowerState was interrupted: java.lang.InterruptedException: sleep interrupted
2019-10-18 13:01:43,803 [grpc-default-executor-2] INFO  impl.RoleInfo (RoleInfo.java:updateAndGet(143)) - 999343e7-0330-4874-a345-91eca72585e0: start FollowerState
2019-10-18 13:01:43,803 [Thread-1898] INFO  impl.FollowerState (FollowerState.java:run(117)) - e5bb327f-cdd7-4e49-919e-13a4c895fddf@group-FF4202234884-FollowerState was interrupted: java.lang.InterruptedException: sleep interrupted
2019-10-18 13:01:43,803 [grpc-default-executor-5] INFO  impl.RoleInfo (RoleInfo.java:updateAndGet(143)) - e5bb327f-cdd7-4e49-919e-13a4c895fddf: start FollowerState
2019-10-18 13:01:43,821 [c124d131-afb9-4343-ad4e-aaebde613043@group-FF4202234884-LeaderElection205] INFO  impl.LeaderElection (LeaderElection.java:logAndReturn(56)) - c124d131-afb9-4343-ad4e-aaebde613043@group-FF4202234884-LeaderElection205: Election REJECTED; received 2 response(s) [c124d131-afb9-4343-ad4e-aaebde613043<-999343e7-0330-4874-a345-91eca72585e0#0:FAIL-t110, c124d131-afb9-4343-ad4e-aaebde613043<-e5bb327f-cdd7-4e49-919e-13a4c895fddf#0:FAIL-t110] and 0 exception(s); c124d131-afb9-4343-ad4e-aaebde613043@group-FF4202234884:t110, leader=null, voted=c124d131-afb9-4343-ad4e-aaebde613043, raftlog=c124d131-afb9-4343-ad4e-aaebde613043@group-FF4202234884-SegmentedRaftLog:OPENED:c-1,f-1,i0, conf=-1: [999343e7-0330-4874-a345-91eca72585e0:192.168.34.56:44872, c124d131-afb9-4343-ad4e-aaebde613043:192.168.34.56:42116, e5bb327f-cdd7-4e49-919e-13a4c895fddf:192.168.34.56:36658], old=null
2019-10-18 13:01:43,821 [c124d131-afb9-4343-ad4e-aaebde613043@group-FF4202234884-LeaderElection205] INFO  impl.RaftServerImpl (RaftServerImpl.java:setRole(184)) - c124d131-afb9-4343-ad4e-aaebde613043@group-FF4202234884: changes role from CANDIDATE to FOLLOWER at term 110 for DISCOVERED_A_NEW_TERM
2019-10-18 13:01:43,821 [c124d131-afb9-4343-ad4e-aaebde613043@group-FF4202234884-LeaderElection205] INFO  impl.RoleInfo (RoleInfo.java:shutdownLeaderElection(134)) - c124d131-afb9-4343-ad4e-aaebde613043: shutdown LeaderElection
2019-10-18 13:01:43,821 [c124d131-afb9-4343-ad4e-aaebde613043@group-FF4202234884-LeaderElection205] INFO  impl.RoleInfo (RoleInfo.java:updateAndGet(143)) - c124d131-afb9-4343-ad4e-aaebde613043: start FollowerState
2019-10-18 13:01:43,875 [Thread-1908] INFO  impl.FollowerState (FollowerState.java:run(108)) - 018b3f78-d19f-4e26-a796-cb8ddc4f97cf@group-187684C21557-FollowerState: change to CANDIDATE, lastRpcTime:138ms, electionTimeout:138ms
2019-10-18 13:01:43,875 [Thread-1908] INFO  impl.RoleInfo (RoleInfo.java:shutdownFollowerState(121)) - 018b3f78-d19f-4e26-a796-cb8ddc4f97cf: shutdown FollowerState
2019-10-18 13:01:43,875 [Thread-1908] INFO  impl.RaftServerImpl (RaftServerImpl.java:setRole(184)) - 018b3f78-d19f-4e26-a796-cb8ddc4f97cf@group-187684C21557: changes role from  FOLLOWER to CANDIDATE at term 109 for changeToCandidate
2019-10-18 13:01:43,875 [Thread-1908] INFO  impl.RoleInfo (RoleInfo.java:updateAndGet(143)) - 018b3f78-d19f-4e26-a796-cb8ddc4f97cf: start LeaderElection
2019-10-18 13:01:43,876 [Thread-1914] INFO  impl.FollowerState (FollowerState.java:run(108)) - c124d131-afb9-4343-ad4e-aaebde613043@group-FF4202234884-FollowerState: change to CANDIDATE, lastRpcTime:55ms, electionTimeout:55ms
2019-10-18 13:01:43,876 [Thread-1914] INFO  impl.RoleInfo (RoleInfo.java:shutdownFollowerState(121)) - c124d131-afb9-4343-ad4e-aaebde613043: shutdown FollowerState
2019-10-18 13:01:43,876 [Thread-1914] INFO  impl.RaftServerImpl (RaftServerImpl.java:setRole(184)) - c124d131-afb9-4343-ad4e-aaebde613043@group-FF4202234884: changes role from  FOLLOWER to CANDIDATE at term 110 for changeToCandidate
2019-10-18 13:01:43,877 [Thread-1914] INFO  impl.RoleInfo (RoleInfo.java:updateAndGet(143)) - c124d131-afb9-4343-ad4e-aaebde613043: start LeaderElection
2019-10-18 13:01:43,899 [018b3f78-d19f-4e26-a796-cb8ddc4f97cf@group-187684C21557-LeaderElection206] INFO  impl.LeaderElection (LeaderElection.java:askForVotes(178)) - 018b3f78-d19f-4e26-a796-cb8ddc4f97cf@group-187684C21557-LeaderElection206: begin an election at term 110 for -1: [893cf03e-f2cf-478a-892a-a746717e50e3:192.168.34.56:40750, 8697df36-98d2-41b1-bdc7-60597b3b5526:192.168.34.56:46415, 018b3f78-d19f-4e26-a796-cb8ddc4f97cf:192.168.34.56:35845], old=null
2019-10-18 13:01:43,899 [c124d131-afb9-4343-ad4e-aaebde613043@group-FF4202234884-LeaderElection207] INFO  impl.LeaderElection (LeaderElection.java:askForVotes(178)) - c124d131-afb9-4343-ad4e-aaebde613043@group-FF4202234884-LeaderElection207: begin an election at term 111 for -1: [999343e7-0330-4874-a345-91eca72585e0:192.168.34.56:44872, c124d131-afb9-4343-ad4e-aaebde613043:192.168.34.56:42116, e5bb327f-cdd7-4e49-919e-13a4c895fddf:192.168.34.56:36658], old=null
2019-10-18 13:01:43,901 [grpc-default-executor-2] INFO  impl.RaftServerImpl (RaftServerImpl.java:setRole(184)) - 893cf03e-f2cf-478a-892a-a746717e50e3@group-187684C21557: changes role from  FOLLOWER to FOLLOWER at term 110 for recognizeCandidate:018b3f78-d19f-4e26-a796-cb8ddc4f97cf
2019-10-18 13:01:43,901 [grpc-default-executor-5] INFO  impl.RaftServerImpl (RaftServerImpl.java:setRole(184)) - e5bb327f-cdd7-4e49-919e-13a4c895fddf@group-FF4202234884: changes role from  FOLLOWER to FOLLOWER at term 111 for recognizeCandidate:c124d131-afb9-4343-ad4e-aaebde613043
2019-10-18 13:01:43,901 [grpc-default-executor-7] INFO  impl.RaftServerImpl (RaftServerImpl.java:setRole(184)) - 8697df36-98d2-41b1-bdc7-60597b3b5526@group-187684C21557: changes role from  FOLLOWER to FOLLOWER at term 110 for recognizeCandidate:018b3f78-d19f-4e26-a796-cb8ddc4f97cf
2019-10-18 13:01:43,901 [grpc-default-executor-0] INFO  impl.RaftServerImpl (RaftServerImpl.java:setRole(184)) - 999343e7-0330-4874-a345-91eca72585e0@group-FF4202234884: changes role from  FOLLOWER to FOLLOWER at term 111 for recognizeCandidate:c124d131-afb9-4343-ad4e-aaebde613043
2019-10-18 13:01:43,901 [grpc-default-executor-0] INFO  impl.RoleInfo (RoleInfo.java:shutdownFollowerState(121)) - 999343e7-0330-4874-a345-91eca72585e0: shutdown FollowerState
2019-10-18 13:01:43,901 [grpc-default-executor-2] INFO  impl.RoleInfo (RoleInfo.java:shutdownFollowerState(121)) - 893cf03e-f2cf-478a-892a-a746717e50e3: shutdown FollowerState
2019-10-18 13:01:43,901 [Thread-1912] INFO  impl.FollowerState (FollowerState.java:run(117)) - 999343e7-0330-4874-a345-91eca72585e0@group-FF4202234884-FollowerState was interrupted: java.lang.InterruptedException: sleep interrupted
2019-10-18 13:01:43,901 [grpc-default-executor-0] INFO  impl.RoleInfo (RoleInfo.java:updateAndGet(143)) - 999343e7-0330-4874-a345-91eca72585e0: start FollowerState
2019-10-18 13:01:43,901 [grpc-default-executor-7] INFO  impl.RoleInfo (RoleInfo.java:shutdownFollowerState(121)) - 8697df36-98d2-41b1-bdc7-60597b3b5526: shutdown FollowerState
2019-10-18 13:01:43,901 [grpc-default-executor-5] INFO  impl.RoleInfo (RoleInfo.java:shutdownFollowerState(121)) - e5bb327f-cdd7-4e49-919e-13a4c895fddf: shutdown FollowerState
2019-10-18 13:01:43,902 [Thread-1906] INFO  impl.FollowerState (FollowerState.java:run(117)) - 8697df36-98d2-41b1-bdc7-60597b3b5526@group-187684C21557-FollowerState was interrupted: java.lang.InterruptedException: sleep interrupted
2019-10-18 13:01:43,902 [grpc-default-executor-7] INFO  impl.RoleInfo (RoleInfo.java:updateAndGet(143)) - 8697df36-98d2-41b1-bdc7-60597b3b5526: start FollowerState
2019-10-18 13:01:43,902 [grpc-default-executor-2] INFO  impl.RoleInfo (RoleInfo.java:updateAndGet(143)) - 893cf03e-f2cf-478a-892a-a746717e50e3: start FollowerState
2019-10-18 13:01:43,902 [Thread-1907] INFO  impl.FollowerState (FollowerState.java:run(117)) - 893cf03e-f2cf-478a-892a-a746717e50e3@group-187684C21557-FollowerState was interrupted: java.lang.InterruptedException: sleep interrupted
2019-10-18 13:01:43,902 [Thread-1913] INFO  impl.FollowerState (FollowerState.java:run(117)) - e5bb327f-cdd7-4e49-919e-13a4c895fddf@group-FF4202234884-FollowerState was interrupted: java.lang.InterruptedException: sleep interrupted
2019-10-18 13:01:43,902 [grpc-default-executor-5] INFO  impl.RoleInfo (RoleInfo.java:updateAndGet(143)) - e5bb327f-cdd7-4e49-919e-13a4c895fddf: start FollowerState
2019-10-18 13:01:43,943 [c124d131-afb9-4343-ad4e-aaebde613043@group-FF4202234884-LeaderElection207] INFO  impl.LeaderElection (LeaderElection.java:logAndReturn(56)) - c124d131-afb9-4343-ad4e-aaebde613043@group-FF4202234884-LeaderElection207: Election REJECTED; received 2 response(s) [c124d131-afb9-4343-ad4e-aaebde613043<-999343e7-0330-4874-a345-91eca72585e0#0:FAIL-t111, c124d131-afb9-4343-ad4e-aaebde613043<-e5bb327f-cdd7-4e49-919e-13a4c895fddf#0:FAIL-t111] and 0 exception(s); c124d131-afb9-4343-ad4e-aaebde613043@group-FF4202234884:t111, leader=null, voted=c124d131-afb9-4343-ad4e-aaebde613043, raftlog=c124d131-afb9-4343-ad4e-aaebde613043@group-FF4202234884-SegmentedRaftLog:OPENED:c-1,f-1,i0, conf=-1: [999343e7-0330-4874-a345-91eca72585e0:192.168.34.56:44872, c124d131-afb9-4343-ad4e-aaebde613043:192.168.34.56:42116, e5bb327f-cdd7-4e49-919e-13a4c895fddf:192.168.34.56:36658], old=null
2019-10-18 13:01:43,943 [018b3f78-d19f-4e26-a796-cb8ddc4f97cf@group-187684C21557-LeaderElection206] INFO  impl.LeaderElection (LeaderElection.java:logAndReturn(56)) - 018b3f78-d19f-4e26-a796-cb8ddc4f97cf@group-187684C21557-LeaderElection206: Election REJECTED; received 2 response(s) [018b3f78-d19f-4e26-a796-cb8ddc4f97cf<-893cf03e-f2cf-478a-892a-a746717e50e3#0:FAIL-t110, 018b3f78-d19f-4e26-a796-cb8ddc4f97cf<-8697df36-98d2-41b1-bdc7-60597b3b5526#0:FAIL-t110] and 0 exception(s); 018b3f78-d19f-4e26-a796-cb8ddc4f97cf@group-187684C21557:t110, leader=null, voted=018b3f78-d19f-4e26-a796-cb8ddc4f97cf, raftlog=018b3f78-d19f-4e26-a796-cb8ddc4f97cf@group-187684C21557-SegmentedRaftLog:OPENED:c-1,f-1,i0, conf=-1: [893cf03e-f2cf-478a-892a-a746717e50e3:192.168.34.56:40750, 8697df36-98d2-41b1-bdc7-60597b3b5526:192.168.34.56:46415, 018b3f78-d19f-4e26-a796-cb8ddc4f97cf:192.168.34.56:35845], old=null
2019-10-18 13:01:43,943 [c124d131-afb9-4343-ad4e-aaebde613043@group-FF4202234884-LeaderElection207] INFO  impl.RaftServerImpl (RaftServerImpl.java:setRole(184)) - c124d131-afb9-4343-ad4e-aaebde613043@group-FF4202234884: changes role from CANDIDATE to FOLLOWER at term 111 for DISCOVERED_A_NEW_TERM
2019-10-18 13:01:43,943 [018b3f78-d19f-4e26-a796-cb8ddc4f97cf@group-187684C21557-LeaderElection206] INFO  impl.RaftServerImpl (RaftServerImpl.java:setRole(184)) - 018b3f78-d19f-4e26-a796-cb8ddc4f97cf@group-187684C21557: changes role from CANDIDATE to FOLLOWER at term 110 for DISCOVERED_A_NEW_TERM
2019-10-18 13:01:43,943 [c124d131-afb9-4343-ad4e-aaebde613043@group-FF4202234884-LeaderElection207] INFO  impl.RoleInfo (RoleInfo.java:shutdownLeaderElection(134)) - c124d131-afb9-4343-ad4e-aaebde613043: shutdown LeaderElection
2019-10-18 13:01:43,943 [018b3f78-d19f-4e26-a796-cb8ddc4f97cf@group-187684C21557-LeaderElection206] INFO  impl.RoleInfo (RoleInfo.java:shutdownLeaderElection(134)) - 018b3f78-d19f-4e26-a796-cb8ddc4f97cf: shutdown LeaderElection
2019-10-18 13:01:43,943 [c124d131-afb9-4343-ad4e-aaebde613043@group-FF4202234884-LeaderElection207] INFO  impl.RoleInfo (RoleInfo.java:updateAndGet(143)) - c124d131-afb9-4343-ad4e-aaebde613043: start FollowerState
2019-10-18 13:01:43,943 [018b3f78-d19f-4e26-a796-cb8ddc4f97cf@group-187684C21557-LeaderElection206] INFO  impl.RoleInfo (RoleInfo.java:updateAndGet(143)) - 018b3f78-d19f-4e26-a796-cb8ddc4f97cf: start FollowerState
2019-10-18 13:01:44,024 [Thread-1926] INFO  impl.FollowerState (FollowerState.java:run(108)) - 018b3f78-d19f-4e26-a796-cb8ddc4f97cf@group-187684C21557-FollowerState: change to CANDIDATE, lastRpcTime:80ms, electionTimeout:80ms
2019-10-18 13:01:44,024 [Thread-1926] INFO  impl.RoleInfo (RoleInfo.java:shutdownFollowerState(121)) - 018b3f78-d19f-4e26-a796-cb8ddc4f97cf: shutdown FollowerState
2019-10-18 13:01:44,024 [Thread-1926] INFO  impl.RaftServerImpl (RaftServerImpl.java:setRole(184)) - 018b3f78-d19f-4e26-a796-cb8ddc4f97cf@group-187684C21557: changes role from  FOLLOWER to CANDIDATE at term 110 for changeToCandidate
2019-10-18 13:01:44,024 [Thread-1926] INFO  impl.RoleInfo (RoleInfo.java:updateAndGet(143)) - 018b3f78-d19f-4e26-a796-cb8ddc4f97cf: start LeaderElection
2019-10-18 13:01:44,048 [018b3f78-d19f-4e26-a796-cb8ddc4f97cf@group-187684C21557-LeaderElection208] INFO  impl.LeaderElection (LeaderElection.java:askForVotes(178)) - 018b3f78-d19f-4e26-a796-cb8ddc4f97cf@group-187684C21557-LeaderElection208: begin an election at term 111 for -1: [893cf03e-f2cf-478a-892a-a746717e50e3:192.168.34.56:40750, 8697df36-98d2-41b1-bdc7-60597b3b5526:192.168.34.56:46415, 018b3f78-d19f-4e26-a796-cb8ddc4f97cf:192.168.34.56:35845], old=null
2019-10-18 13:01:44,049 [grpc-default-executor-2] INFO  impl.RaftServerImpl (RaftServerImpl.java:setRole(184)) - 8697df36-98d2-41b1-bdc7-60597b3b5526@group-187684C21557: changes role from  FOLLOWER to FOLLOWER at term 111 for recognizeCandidate:018b3f78-d19f-4e26-a796-cb8ddc4f97cf
2019-10-18 13:01:44,049 [grpc-default-executor-7] INFO  impl.RaftServerImpl (RaftServerImpl.java:setRole(184)) - 893cf03e-f2cf-478a-892a-a746717e50e3@group-187684C21557: changes role from  FOLLOWER to FOLLOWER at term 111 for recognizeCandidate:018b3f78-d19f-4e26-a796-cb8ddc4f97cf
2019-10-18 13:01:44,050 [grpc-default-executor-2] INFO  impl.RoleInfo (RoleInfo.java:shutdownFollowerState(121)) - 8697df36-98d2-41b1-bdc7-60597b3b5526: shutdown FollowerState
2019-10-18 13:01:44,050 [grpc-default-executor-7] INFO  impl.RoleInfo (RoleInfo.java:shutdownFollowerState(121)) - 893cf03e-f2cf-478a-892a-a746717e50e3: shutdown FollowerState
2019-10-18 13:01:44,050 [Thread-1923] INFO  impl.FollowerState (FollowerState.java:run(117)) - 8697df36-98d2-41b1-bdc7-60597b3b5526@group-187684C21557-FollowerState was interrupted: java.lang.InterruptedException: sleep interrupted
2019-10-18 13:01:44,050 [grpc-default-executor-2] INFO  impl.RoleInfo (RoleInfo.java:updateAndGet(143)) - 8697df36-98d2-41b1-bdc7-60597b3b5526: start FollowerState
2019-10-18 13:01:44,050 [Thread-1922] INFO  impl.FollowerState (FollowerState.java:run(117)) - 893cf03e-f2cf-478a-892a-a746717e50e3@group-187684C21557-FollowerState was interrupted: java.lang.InterruptedException: sleep interrupted
2019-10-18 13:01:44,050 [grpc-default-executor-7] INFO  impl.RoleInfo (RoleInfo.java:updateAndGet(143)) - 893cf03e-f2cf-478a-892a-a746717e50e3: start FollowerState
2019-10-18 13:01:44,060 [018b3f78-d19f-4e26-a796-cb8ddc4f97cf@group-187684C21557-LeaderElection208] INFO  impl.LeaderElection (LeaderElection.java:logAndReturn(56)) - 018b3f78-d19f-4e26-a796-cb8ddc4f97cf@group-187684C21557-LeaderElection208: Election TIMEOUT; received 0 response(s) [] and 0 exception(s); 018b3f78-d19f-4e26-a796-cb8ddc4f97cf@group-187684C21557:t111, leader=null, voted=018b3f78-d19f-4e26-a796-cb8ddc4f97cf, raftlog=018b3f78-d19f-4e26-a796-cb8ddc4f97cf@group-187684C21557-SegmentedRaftLog:OPENED:c-1,f-1,i0, conf=-1: [893cf03e-f2cf-478a-892a-a746717e50e3:192.168.34.56:40750, 8697df36-98d2-41b1-bdc7-60597b3b5526:192.168.34.56:46415, 018b3f78-d19f-4e26-a796-cb8ddc4f97cf:192.168.34.56:35845], old=null
2019-10-18 13:01:44,081 [018b3f78-d19f-4e26-a796-cb8ddc4f97cf@group-187684C21557-LeaderElection208] INFO  impl.LeaderElection (LeaderElection.java:askForVotes(178)) - 018b3f78-d19f-4e26-a796-cb8ddc4f97cf@group-187684C21557-LeaderElection208: begin an election at term 112 for -1: [893cf03e-f2cf-478a-892a-a746717e50e3:192.168.34.56:40750, 8697df36-98d2-41b1-bdc7-60597b3b5526:192.168.34.56:46415, 018b3f78-d19f-4e26-a796-cb8ddc4f97cf:192.168.34.56:35845], old=null
2019-10-18 13:01:44,082 [grpc-default-executor-2] INFO  impl.RaftServerImpl (RaftServerImpl.java:setRole(184)) - 893cf03e-f2cf-478a-892a-a746717e50e3@group-187684C21557: changes role from  FOLLOWER to FOLLOWER at term 112 for recognizeCandidate:018b3f78-d19f-4e26-a796-cb8ddc4f97cf
2019-10-18 13:01:44,082 [grpc-default-executor-7] INFO  impl.RaftServerImpl (RaftServerImpl.java:setRole(184)) - 8697df36-98d2-41b1-bdc7-60597b3b5526@group-187684C21557: changes role from  FOLLOWER to FOLLOWER at term 112 for recognizeCandidate:018b3f78-d19f-4e26-a796-cb8ddc4f97cf
2019-10-18 13:01:44,082 [grpc-default-executor-2] INFO  impl.RoleInfo (RoleInfo.java:shutdownFollowerState(121)) - 893cf03e-f2cf-478a-892a-a746717e50e3: shutdown FollowerState
2019-10-18 13:01:44,082 [grpc-default-executor-7] INFO  impl.RoleInfo (RoleInfo.java:shutdownFollowerState(121)) - 8697df36-98d2-41b1-bdc7-60597b3b5526: shutdown FollowerState
2019-10-18 13:01:44,083 [Thread-1931] INFO  impl.FollowerState (FollowerState.java:run(117)) - 893cf03e-f2cf-478a-892a-a746717e50e3@group-187684C21557-FollowerState was interrupted: java.lang.InterruptedException: sleep interrupted
2019-10-18 13:01:44,083 [grpc-default-executor-2] INFO  impl.RoleInfo (RoleInfo.java:updateAndGet(143)) - 893cf03e-f2cf-478a-892a-a746717e50e3: start FollowerState
2019-10-18 13:01:44,083 [Thread-1930] INFO  impl.FollowerState (FollowerState.java:run(117)) - 8697df36-98d2-41b1-bdc7-60597b3b5526@group-187684C21557-FollowerState was interrupted: java.lang.InterruptedException: sleep interrupted
2019-10-18 13:01:44,083 [grpc-default-executor-7] INFO  impl.RoleInfo (RoleInfo.java:updateAndGet(143)) - 8697df36-98d2-41b1-bdc7-60597b3b5526: start FollowerState
2019-10-18 13:01:44,094 [Thread-1925] INFO  impl.FollowerState (FollowerState.java:run(108)) - c124d131-afb9-4343-ad4e-aaebde613043@group-FF4202234884-FollowerState: change to CANDIDATE, lastRpcTime:151ms, electionTimeout:151ms
2019-10-18 13:01:44,095 [Thread-1925] INFO  impl.RoleInfo (RoleInfo.java:shutdownFollowerState(121)) - c124d131-afb9-4343-ad4e-aaebde613043: shutdown FollowerState
2019-10-18 13:01:44,095 [Thread-1925] INFO  impl.RaftServerImpl (RaftServerImpl.java:setRole(184)) - c124d131-afb9-4343-ad4e-aaebde613043@group-FF4202234884: changes role from  FOLLOWER to CANDIDATE at term 111 for changeToCandidate
2019-10-18 13:01:44,095 [Thread-1925] INFO  impl.RoleInfo (RoleInfo.java:updateAndGet(143)) - c124d131-afb9-4343-ad4e-aaebde613043: start LeaderElection
2019-10-18 13:01:44,107 [018b3f78-d19f-4e26-a796-cb8ddc4f97cf@group-187684C21557-LeaderElection208] INFO  impl.LeaderElection (LeaderElection.java:logAndReturn(56)) - 018b3f78-d19f-4e26-a796-cb8ddc4f97cf@group-187684C21557-LeaderElection208: Election REJECTED; received 2 response(s) [018b3f78-d19f-4e26-a796-cb8ddc4f97cf<-893cf03e-f2cf-478a-892a-a746717e50e3#0:FAIL-t112, 018b3f78-d19f-4e26-a796-cb8ddc4f97cf<-8697df36-98d2-41b1-bdc7-60597b3b5526#0:FAIL-t112] and 0 exception(s); 018b3f78-d19f-4e26-a796-cb8ddc4f97cf@group-187684C21557:t112, leader=null, voted=018b3f78-d19f-4e26-a796-cb8ddc4f97cf, raftlog=018b3f78-d19f-4e26-a796-cb8ddc4f97cf@group-187684C21557-SegmentedRaftLog:OPENED:c-1,f-1,i0, conf=-1: [893cf03e-f2cf-478a-892a-a746717e50e3:192.168.34.56:40750, 8697df36-98d2-41b1-bdc7-60597b3b5526:192.168.34.56:46415, 018b3f78-d19f-4e26-a796-cb8ddc4f97cf:192.168.34.56:35845], old=null
2019-10-18 13:01:44,107 [018b3f78-d19f-4e26-a796-cb8ddc4f97cf@group-187684C21557-LeaderElection208] INFO  impl.RaftServerImpl (RaftServerImpl.java:setRole(184)) - 018b3f78-d19f-4e26-a796-cb8ddc4f97cf@group-187684C21557: changes role from CANDIDATE to FOLLOWER at term 112 for DISCOVERED_A_NEW_TERM
2019-10-18 13:01:44,107 [018b3f78-d19f-4e26-a796-cb8ddc4f97cf@group-187684C21557-LeaderElection208] INFO  impl.RoleInfo (RoleInfo.java:shutdownLeaderElection(134)) - 018b3f78-d19f-4e26-a796-cb8ddc4f97cf: shutdown LeaderElection
2019-10-18 13:01:44,108 [018b3f78-d19f-4e26-a796-cb8ddc4f97cf@group-187684C21557-LeaderElection208] INFO  impl.RoleInfo (RoleInfo.java:updateAndGet(143)) - 018b3f78-d19f-4e26-a796-cb8ddc4f97cf: start FollowerState
2019-10-18 13:01:44,119 [Thread-1937] INFO  impl.FollowerState (FollowerState.java:run(108)) - 018b3f78-d19f-4e26-a796-cb8ddc4f97cf@group-187684C21557-FollowerState: change to CANDIDATE, lastRpcTime:11ms, electionTimeout:11ms
2019-10-18 13:01:44,119 [Thread-1937] INFO  impl.RoleInfo (RoleInfo.java:shutdownFollowerState(121)) - 018b3f78-d19f-4e26-a796-cb8ddc4f97cf: shutdown FollowerState
2019-10-18 13:01:44,119 [Thread-1937] INFO  impl.RaftServerImpl (RaftServerImpl.java:setRole(184)) - 018b3f78-d19f-4e26-a796-cb8ddc4f97cf@group-187684C21557: changes role from  FOLLOWER to CANDIDATE at term 112 for changeToCandidate
2019-10-18 13:01:44,119 [Thread-1937] INFO  impl.RoleInfo (RoleInfo.java:updateAndGet(143)) - 018b3f78-d19f-4e26-a796-cb8ddc4f97cf: start LeaderElection
2019-10-18 13:01:44,169 [c124d131-afb9-4343-ad4e-aaebde613043@group-FF4202234884-LeaderElection209] INFO  impl.LeaderElection (LeaderElection.java:askForVotes(178)) - c124d131-afb9-4343-ad4e-aaebde613043@group-FF4202234884-LeaderElection209: begin an election at term 112 for -1: [999343e7-0330-4874-a345-91eca72585e0:192.168.34.56:44872, c124d131-afb9-4343-ad4e-aaebde613043:192.168.34.56:42116, e5bb327f-cdd7-4e49-919e-13a4c895fddf:192.168.34.56:36658], old=null
2019-10-18 13:01:44,170 [018b3f78-d19f-4e26-a796-cb8ddc4f97cf@group-187684C21557-LeaderElection210] INFO  impl.LeaderElection (LeaderElection.java:askForVotes(178)) - 018b3f78-d19f-4e26-a796-cb8ddc4f97cf@group-187684C21557-LeaderElection210: begin an election at term 113 for -1: [893cf03e-f2cf-478a-892a-a746717e50e3:192.168.34.56:40750, 8697df36-98d2-41b1-bdc7-60597b3b5526:192.168.34.56:46415, 018b3f78-d19f-4e26-a796-cb8ddc4f97cf:192.168.34.56:35845], old=null
2019-10-18 13:01:44,172 [grpc-default-executor-2] INFO  impl.RaftServerImpl (RaftServerImpl.java:setRole(184)) - e5bb327f-cdd7-4e49-919e-13a4c895fddf@group-FF4202234884: changes role from  FOLLOWER to FOLLOWER at term 112 for recognizeCandidate:c124d131-afb9-4343-ad4e-aaebde613043
2019-10-18 13:01:44,172 [grpc-default-executor-7] INFO  impl.RaftServerImpl (RaftServerImpl.java:setRole(184)) - 893cf03e-f2cf-478a-892a-a746717e50e3@group-187684C21557: changes role from  FOLLOWER to FOLLOWER at term 113 for recognizeCandidate:018b3f78-d19f-4e26-a796-cb8ddc4f97cf
2019-10-18 13:01:44,172 [grpc-default-executor-2] INFO  impl.RoleInfo (RoleInfo.java:shutdownFollowerState(121)) - e5bb327f-cdd7-4e49-919e-13a4c895fddf: shutdown FollowerState
2019-10-18 13:01:44,172 [grpc-default-executor-7] INFO  impl.RoleInfo (RoleInfo.java:shutdownFollowerState(121)) - 893cf03e-f2cf-478a-892a-a746717e50e3: shutdown FollowerState
2019-10-18 13:01:44,172 [Thread-1924] INFO  impl.FollowerState (FollowerState.java:run(117)) - e5bb327f-cdd7-4e49-919e-13a4c895fddf@group-FF4202234884-FollowerState was interrupted: java.lang.InterruptedException: sleep interrupted
2019-10-18 13:01:44,172 [grpc-default-executor-2] INFO  impl.RoleInfo (RoleInfo.java:updateAndGet(143)) - e5bb327f-cdd7-4e49-919e-13a4c895fddf: start FollowerState
2019-10-18 13:01:44,172 [grpc-default-executor-0] INFO  impl.RaftServerImpl (RaftServerImpl.java:setRole(184)) - 8697df36-98d2-41b1-bdc7-60597b3b5526@group-187684C21557: changes role from  FOLLOWER to FOLLOWER at term 113 for recognizeCandidate:018b3f78-d19f-4e26-a796-cb8ddc4f97cf
2019-10-18 13:01:44,173 [grpc-default-executor-0] INFO  impl.RoleInfo (RoleInfo.java:shutdownFollowerState(121)) - 8697df36-98d2-41b1-bdc7-60597b3b5526: shutdown FollowerState
2019-10-18 13:01:44,172 [Thread-1934] INFO  impl.FollowerState (FollowerState.java:run(117)) - 893cf03e-f2cf-478a-892a-a746717e50e3@group-187684C21557-FollowerState was interrupted: java.lang.InterruptedException: sleep interrupted
2019-10-18 13:01:44,172 [grpc-default-executor-7] INFO  impl.RoleInfo (RoleInfo.java:updateAndGet(143)) - 893cf03e-f2cf-478a-892a-a746717e50e3: start FollowerState
2019-10-18 13:01:44,173 [Thread-1935] INFO  impl.FollowerState (FollowerState.java:run(117)) - 8697df36-98d2-41b1-bdc7-60597b3b5526@group-187684C21557-FollowerState was interrupted: java.lang.InterruptedException: sleep interrupted
2019-10-18 13:01:44,173 [grpc-default-executor-0] INFO  impl.RoleInfo (RoleInfo.java:updateAndGet(143)) - 8697df36-98d2-41b1-bdc7-60597b3b5526: start FollowerState
2019-10-18 13:01:44,173 [grpc-default-executor-5] INFO  impl.RaftServerImpl (RaftServerImpl.java:setRole(184)) - 999343e7-0330-4874-a345-91eca72585e0@group-FF4202234884: changes role from  FOLLOWER to FOLLOWER at term 112 for recognizeCandidate:c124d131-afb9-4343-ad4e-aaebde613043
2019-10-18 13:01:44,173 [grpc-default-executor-5] INFO  impl.RoleInfo (RoleInfo.java:shutdownFollowerState(121)) - 999343e7-0330-4874-a345-91eca72585e0: shutdown FollowerState
2019-10-18 13:01:44,173 [grpc-default-executor-5] INFO  impl.RoleInfo (RoleInfo.java:updateAndGet(143)) - 999343e7-0330-4874-a345-91eca72585e0: start FollowerState
2019-10-18 13:01:44,173 [Thread-1921] INFO  impl.FollowerState (FollowerState.java:run(117)) - 999343e7-0330-4874-a345-91eca72585e0@group-FF4202234884-FollowerState was interrupted: java.lang.InterruptedException: sleep interrupted
2019-10-18 13:01:44,199 [018b3f78-d19f-4e26-a796-cb8ddc4f97cf@group-187684C21557-LeaderElection210] INFO  impl.LeaderElection (LeaderElection.java:logAndReturn(56)) - 018b3f78-d19f-4e26-a796-cb8ddc4f97cf@group-187684C21557-LeaderElection210: Election TIMEOUT; received 0 response(s) [] and 0 exception(s); 018b3f78-d19f-4e26-a796-cb8ddc4f97cf@group-187684C21557:t113, leader=null, voted=018b3f78-d19f-4e26-a796-cb8ddc4f97cf, raftlog=018b3f78-d19f-4e26-a796-cb8ddc4f97cf@group-187684C21557-SegmentedRaftLog:OPENED:c-1,f-1,i0, conf=-1: [893cf03e-f2cf-478a-892a-a746717e50e3:192.168.34.56:40750, 8697df36-98d2-41b1-bdc7-60597b3b5526:192.168.34.56:46415, 018b3f78-d19f-4e26-a796-cb8ddc4f97cf:192.168.34.56:35845], old=null
2019-10-18 13:01:44,213 [c124d131-afb9-4343-ad4e-aaebde613043@group-FF4202234884-LeaderElection209] INFO  impl.LeaderElection (LeaderElection.java:logAndReturn(56)) - c124d131-afb9-4343-ad4e-aaebde613043@group-FF4202234884-LeaderElection209: Election REJECTED; received 2 response(s) [c124d131-afb9-4343-ad4e-aaebde613043<-999343e7-0330-4874-a345-91eca72585e0#0:FAIL-t112, c124d131-afb9-4343-ad4e-aaebde613043<-e5bb327f-cdd7-4e49-919e-13a4c895fddf#0:FAIL-t112] and 0 exception(s); c124d131-afb9-4343-ad4e-aaebde613043@group-FF4202234884:t112, leader=null, voted=c124d131-afb9-4343-ad4e-aaebde613043, raftlog=c124d131-afb9-4343-ad4e-aaebde613043@group-FF4202234884-SegmentedRaftLog:OPENED:c-1,f-1,i0, conf=-1: [999343e7-0330-4874-a345-91eca72585e0:192.168.34.56:44872, c124d131-afb9-4343-ad4e-aaebde613043:192.168.34.56:42116, e5bb327f-cdd7-4e49-919e-13a4c895fddf:192.168.34.56:36658], old=null
2019-10-18 13:01:44,213 [c124d131-afb9-4343-ad4e-aaebde613043@group-FF4202234884-LeaderElection209] INFO  impl.RaftServerImpl (RaftServerImpl.java:setRole(184)) - c124d131-afb9-4343-ad4e-aaebde613043@group-FF4202234884: changes role from CANDIDATE to FOLLOWER at term 112 for DISCOVERED_A_NEW_TERM
2019-10-18 13:01:44,213 [c124d131-afb9-4343-ad4e-aaebde613043@group-FF4202234884-LeaderElection209] INFO  impl.RoleInfo (RoleInfo.java:shutdownLeaderElection(134)) - c124d131-afb9-4343-ad4e-aaebde613043: shutdown LeaderElection
2019-10-18 13:01:44,213 [c124d131-afb9-4343-ad4e-aaebde613043@group-FF4202234884-LeaderElection209] INFO  impl.RoleInfo (RoleInfo.java:updateAndGet(143)) - c124d131-afb9-4343-ad4e-aaebde613043: start FollowerState
2019-10-18 13:01:44,234 [018b3f78-d19f-4e26-a796-cb8ddc4f97cf@group-187684C21557-LeaderElection210] INFO  impl.LeaderElection (LeaderElection.java:askForVotes(178)) - 018b3f78-d19f-4e26-a796-cb8ddc4f97cf@group-187684C21557-LeaderElection210: begin an election at term 114 for -1: [893cf03e-f2cf-478a-892a-a746717e50e3:192.168.34.56:40750, 8697df36-98d2-41b1-bdc7-60597b3b5526:192.168.34.56:46415, 018b3f78-d19f-4e26-a796-cb8ddc4f97cf:192.168.34.56:35845], old=null
2019-10-18 13:01:44,236 [grpc-default-executor-5] INFO  impl.RaftServerImpl (RaftServerImpl.java:setRole(184)) - 893cf03e-f2cf-478a-892a-a746717e50e3@group-187684C21557: changes role from  FOLLOWER to FOLLOWER at term 114 for recognizeCandidate:018b3f78-d19f-4e26-a796-cb8ddc4f97cf
2019-10-18 13:01:44,236 [grpc-default-executor-7] INFO  impl.RaftServerImpl (RaftServerImpl.java:setRole(184)) - 8697df36-98d2-41b1-bdc7-60597b3b5526@group-187684C21557: changes role from  FOLLOWER to FOLLOWER at term 114 for recognizeCandidate:018b3f78-d19f-4e26-a796-cb8ddc4f97cf
2019-10-18 13:01:44,237 [grpc-default-executor-7] INFO  impl.RoleInfo (RoleInfo.java:shutdownFollowerState(121)) - 8697df36-98d2-41b1-bdc7-60597b3b5526: shutdown FollowerState
2019-10-18 13:01:44,236 [grpc-default-executor-5] INFO  impl.RoleInfo (RoleInfo.java:shutdownFollowerState(121)) - 893cf03e-f2cf-478a-892a-a746717e50e3: shutdown FollowerState
2019-10-18 13:01:44,237 [Thread-1946] INFO  impl.FollowerState (FollowerState.java:run(117)) - 8697df36-98d2-41b1-bdc7-60597b3b5526@group-187684C21557-FollowerState was interrupted: java.lang.InterruptedException: sleep interrupted
2019-10-18 13:01:44,237 [grpc-default-executor-7] INFO  impl.RoleInfo (RoleInfo.java:updateAndGet(143)) - 8697df36-98d2-41b1-bdc7-60597b3b5526: start FollowerState
2019-10-18 13:01:44,237 [Thread-1945] INFO  impl.FollowerState (FollowerState.java:run(117)) - 893cf03e-f2cf-478a-892a-a746717e50e3@group-187684C21557-FollowerState was interrupted: java.lang.InterruptedException: sleep interrupted
2019-10-18 13:01:44,237 [grpc-default-executor-5] INFO  impl.RoleInfo (RoleInfo.java:updateAndGet(143)) - 893cf03e-f2cf-478a-892a-a746717e50e3: start FollowerState
2019-10-18 13:01:44,244 [Thread-1949] INFO  impl.FollowerState (FollowerState.java:run(108)) - c124d131-afb9-4343-ad4e-aaebde613043@group-FF4202234884-FollowerState: change to CANDIDATE, lastRpcTime:30ms, electionTimeout:30ms
2019-10-18 13:01:44,244 [Thread-1949] INFO  impl.RoleInfo (RoleInfo.java:shutdownFollowerState(121)) - c124d131-afb9-4343-ad4e-aaebde613043: shutdown FollowerState
2019-10-18 13:01:44,244 [Thread-1949] INFO  impl.RaftServerImpl (RaftServerImpl.java:setRole(184)) - c124d131-afb9-4343-ad4e-aaebde613043@group-FF4202234884: changes role from  FOLLOWER to CANDIDATE at term 112 for changeToCandidate
2019-10-18 13:01:44,244 [Thread-1949] INFO  impl.RoleInfo (RoleInfo.java:updateAndGet(143)) - c124d131-afb9-4343-ad4e-aaebde613043: start LeaderElection
2019-10-18 13:01:44,278 [018b3f78-d19f-4e26-a796-cb8ddc4f97cf@group-187684C21557-LeaderElection210] INFO  impl.LeaderElection (LeaderElection.java:logAndReturn(56)) - 018b3f78-d19f-4e26-a796-cb8ddc4f97cf@group-187684C21557-LeaderElection210: Election TIMEOUT; received 0 response(s) [] and 0 exception(s); 018b3f78-d19f-4e26-a796-cb8ddc4f97cf@group-187684C21557:t114, leader=null, voted=018b3f78-d19f-4e26-a796-cb8ddc4f97cf, raftlog=018b3f78-d19f-4e26-a796-cb8ddc4f97cf@group-187684C21557-SegmentedRaftLog:OPENED:c-1,f-1,i0, conf=-1: [893cf03e-f2cf-478a-892a-a746717e50e3:192.168.34.56:40750, 8697df36-98d2-41b1-bdc7-60597b3b5526:192.168.34.56:46415, 018b3f78-d19f-4e26-a796-cb8ddc4f97cf:192.168.34.56:35845], old=null
2019-10-18 13:01:44,286 [c124d131-afb9-4343-ad4e-aaebde613043@group-FF4202234884-LeaderElection211] INFO  impl.LeaderElection (LeaderElection.java:askForVotes(178)) - c124d131-afb9-4343-ad4e-aaebde613043@group-FF4202234884-LeaderElection211: begin an election at term 113 for -1: [999343e7-0330-4874-a345-91eca72585e0:192.168.34.56:44872, c124d131-afb9-4343-ad4e-aaebde613043:192.168.34.56:42116, e5bb327f-cdd7-4e49-919e-13a4c895fddf:192.168.34.56:36658], old=null
2019-10-18 13:01:44,288 [grpc-default-executor-7] INFO  impl.RaftServerImpl (RaftServerImpl.java:setRole(184)) - 999343e7-0330-4874-a345-91eca72585e0@group-FF4202234884: changes role from  FOLLOWER to FOLLOWER at term 113 for recognizeCandidate:c124d131-afb9-4343-ad4e-aaebde613043
2019-10-18 13:01:44,288 [grpc-default-executor-5] INFO  impl.RaftServerImpl (RaftServerImpl.java:setRole(184)) - e5bb327f-cdd7-4e49-919e-13a4c895fddf@group-FF4202234884: changes role from  FOLLOWER to FOLLOWER at term 113 for recognizeCandidate:c124d131-afb9-4343-ad4e-aaebde613043
2019-10-18 13:01:44,288 [grpc-default-executor-7] INFO  impl.RoleInfo (RoleInfo.java:shutdownFollowerState(121)) - 999343e7-0330-4874-a345-91eca72585e0: shutdown FollowerState
2019-10-18 13:01:44,288 [grpc-default-executor-5] INFO  impl.RoleInfo (RoleInfo.java:shutdownFollowerState(121)) - e5bb327f-cdd7-4e49-919e-13a4c895fddf: shutdown FollowerState
2019-10-18 13:01:44,288 [Thread-1947] INFO  impl.FollowerState (FollowerState.java:run(117)) - 999343e7-0330-4874-a345-91eca72585e0@group-FF4202234884-FollowerState was interrupted: java.lang.InterruptedException: sleep interrupted
2019-10-18 13:01:44,288 [grpc-default-executor-7] INFO  impl.RoleInfo (RoleInfo.java:updateAndGet(143)) - 999343e7-0330-4874-a345-91eca72585e0: start FollowerState
2019-10-18 13:01:44,288 [Thread-1944] INFO  impl.FollowerState (FollowerState.java:run(117)) - e5bb327f-cdd7-4e49-919e-13a4c895fddf@group-FF4202234884-FollowerState was interrupted: java.lang.InterruptedException: sleep interrupted
2019-10-18 13:01:44,288 [grpc-default-executor-5] INFO  impl.RoleInfo (RoleInfo.java:updateAndGet(143)) - e5bb327f-cdd7-4e49-919e-13a4c895fddf: start FollowerState
2019-10-18 13:01:44,302 [018b3f78-d19f-4e26-a796-cb8ddc4f97cf@group-187684C21557-LeaderElection210] INFO  impl.LeaderElection (LeaderElection.java:askForVotes(178)) - 018b3f78-d19f-4e26-a796-cb8ddc4f97cf@group-187684C21557-LeaderElection210: begin an election at term 115 for -1: [893cf03e-f2cf-478a-892a-a746717e50e3:192.168.34.56:40750, 8697df36-98d2-41b1-bdc7-60597b3b5526:192.168.34.56:46415, 018b3f78-d19f-4e26-a796-cb8ddc4f97cf:192.168.34.56:35845], old=null
2019-10-18 13:01:44,302 [c124d131-afb9-4343-ad4e-aaebde613043@group-FF4202234884-LeaderElection211] INFO  impl.LeaderElection (LeaderElection.java:logAndReturn(56)) - c124d131-afb9-4343-ad4e-aaebde613043@group-FF4202234884-LeaderElection211: Election REJECTED; received 2 response(s) [c124d131-afb9-4343-ad4e-aaebde613043<-999343e7-0330-4874-a345-91eca72585e0#0:FAIL-t113, c124d131-afb9-4343-ad4e-aaebde613043<-e5bb327f-cdd7-4e49-919e-13a4c895fddf#0:FAIL-t113] and 0 exception(s); c124d131-afb9-4343-ad4e-aaebde613043@group-FF4202234884:t113, leader=null, voted=c124d131-afb9-4343-ad4e-aaebde613043, raftlog=c124d131-afb9-4343-ad4e-aaebde613043@group-FF4202234884-SegmentedRaftLog:OPENED:c-1,f-1,i0, conf=-1: [999343e7-0330-4874-a345-91eca72585e0:192.168.34.56:44872, c124d131-afb9-4343-ad4e-aaebde613043:192.168.34.56:42116, e5bb327f-cdd7-4e49-919e-13a4c895fddf:192.168.34.56:36658], old=null
2019-10-18 13:01:44,303 [c124d131-afb9-4343-ad4e-aaebde613043@group-FF4202234884-LeaderElection211] INFO  impl.RaftServerImpl (RaftServerImpl.java:setRole(184)) - c124d131-afb9-4343-ad4e-aaebde613043@group-FF4202234884: changes role from CANDIDATE to FOLLOWER at term 113 for DISCOVERED_A_NEW_TERM
2019-10-18 13:01:44,303 [c124d131-afb9-4343-ad4e-aaebde613043@group-FF4202234884-LeaderElection211] INFO  impl.RoleInfo (RoleInfo.java:shutdownLeaderElection(134)) - c124d131-afb9-4343-ad4e-aaebde613043: shutdown LeaderElection
2019-10-18 13:01:44,303 [grpc-default-executor-7] INFO  impl.RaftServerImpl (RaftServerImpl.java:setRole(184)) - 893cf03e-f2cf-478a-892a-a746717e50e3@group-187684C21557: changes role from  FOLLOWER to FOLLOWER at term 115 for recognizeCandidate:018b3f78-d19f-4e26-a796-cb8ddc4f97cf
2019-10-18 13:01:44,303 [grpc-default-executor-7] INFO  impl.RoleInfo (RoleInfo.java:shutdownFollowerState(121)) - 893cf03e-f2cf-478a-892a-a746717e50e3: shutdown FollowerState
2019-10-18 13:01:44,303 [c124d131-afb9-4343-ad4e-aaebde613043@group-FF4202234884-LeaderElection211] INFO  impl.RoleInfo (RoleInfo.java:updateAndGet(143)) - c124d131-afb9-4343-ad4e-aaebde613043: start FollowerState
2019-10-18 13:01:44,303 [Thread-1953] INFO  impl.FollowerState (FollowerState.java:run(117)) - 893cf03e-f2cf-478a-892a-a746717e50e3@group-187684C21557-FollowerState was interrupted: java.lang.InterruptedException: sleep interrupted
2019-10-18 13:01:44,303 [grpc-default-executor-7] INFO  impl.RoleInfo (RoleInfo.java:updateAndGet(143)) - 893cf03e-f2cf-478a-892a-a746717e50e3: start FollowerState
2019-10-18 13:01:44,303 [grpc-default-executor-5] INFO  impl.RaftServerImpl (RaftServerImpl.java:setRole(184)) - 8697df36-98d2-41b1-bdc7-60597b3b5526@group-187684C21557: changes role from  FOLLOWER to FOLLOWER at term 115 for recognizeCandidate:018b3f78-d19f-4e26-a796-cb8ddc4f97cf
2019-10-18 13:01:44,303 [grpc-default-executor-5] INFO  impl.RoleInfo (RoleInfo.java:shutdownFollowerState(121)) - 8697df36-98d2-41b1-bdc7-60597b3b5526: shutdown FollowerState
2019-10-18 13:01:44,304 [grpc-default-executor-5] INFO  impl.RoleInfo (RoleInfo.java:updateAndGet(143)) - 8697df36-98d2-41b1-bdc7-60597b3b5526: start FollowerState
2019-10-18 13:01:44,304 [Thread-1952] INFO  impl.FollowerState (FollowerState.java:run(117)) - 8697df36-98d2-41b1-bdc7-60597b3b5526@group-187684C21557-FollowerState was interrupted: java.lang.InterruptedException: sleep interrupted
2019-10-18 13:01:44,319 [018b3f78-d19f-4e26-a796-cb8ddc4f97cf@group-187684C21557-LeaderElection210] INFO  impl.LeaderElection (LeaderElection.java:logAndReturn(56)) - 018b3f78-d19f-4e26-a796-cb8ddc4f97cf@group-187684C21557-LeaderElection210: Election REJECTED; received 2 response(s) [018b3f78-d19f-4e26-a796-cb8ddc4f97cf<-893cf03e-f2cf-478a-892a-a746717e50e3#0:FAIL-t115, 018b3f78-d19f-4e26-a796-cb8ddc4f97cf<-8697df36-98d2-41b1-bdc7-60597b3b5526#0:FAIL-t115] and 0 exception(s); 018b3f78-d19f-4e26-a796-cb8ddc4f97cf@group-187684C21557:t115, leader=null, voted=018b3f78-d19f-4e26-a796-cb8ddc4f97cf, raftlog=018b3f78-d19f-4e26-a796-cb8ddc4f97cf@group-187684C21557-SegmentedRaftLog:OPENED:c-1,f-1,i0, conf=-1: [893cf03e-f2cf-478a-892a-a746717e50e3:192.168.34.56:40750, 8697df36-98d2-41b1-bdc7-60597b3b5526:192.168.34.56:46415, 018b3f78-d19f-4e26-a796-cb8ddc4f97cf:192.168.34.56:35845], old=null
2019-10-18 13:01:44,319 [018b3f78-d19f-4e26-a796-cb8ddc4f97cf@group-187684C21557-LeaderElection210] INFO  impl.RaftServerImpl (RaftServerImpl.java:setRole(184)) - 018b3f78-d19f-4e26-a796-cb8ddc4f97cf@group-187684C21557: changes role from CANDIDATE to FOLLOWER at term 115 for DISCOVERED_A_NEW_TERM
2019-10-18 13:01:44,319 [018b3f78-d19f-4e26-a796-cb8ddc4f97cf@group-187684C21557-LeaderElection210] INFO  impl.RoleInfo (RoleInfo.java:shutdownLeaderElection(134)) - 018b3f78-d19f-4e26-a796-cb8ddc4f97cf: shutdown LeaderElection
2019-10-18 13:01:44,319 [018b3f78-d19f-4e26-a796-cb8ddc4f97cf@group-187684C21557-LeaderElection210] INFO  impl.RoleInfo (RoleInfo.java:updateAndGet(143)) - 018b3f78-d19f-4e26-a796-cb8ddc4f97cf: start FollowerState
2019-10-18 13:01:44,367 [Thread-1964] INFO  impl.FollowerState (FollowerState.java:run(108)) - 018b3f78-d19f-4e26-a796-cb8ddc4f97cf@group-187684C21557-FollowerState: change to CANDIDATE, lastRpcTime:47ms, electionTimeout:47ms
2019-10-18 13:01:44,367 [Thread-1964] INFO  impl.RoleInfo (RoleInfo.java:shutdownFollowerState(121)) - 018b3f78-d19f-4e26-a796-cb8ddc4f97cf: shutdown FollowerState
2019-10-18 13:01:44,367 [Thread-1964] INFO  impl.RaftServerImpl (RaftServerImpl.java:setRole(184)) - 018b3f78-d19f-4e26-a796-cb8ddc4f97cf@group-187684C21557: changes role from  FOLLOWER to CANDIDATE at term 115 for changeToCandidate
2019-10-18 13:01:44,367 [Thread-1964] INFO  impl.RoleInfo (RoleInfo.java:updateAndGet(143)) - 018b3f78-d19f-4e26-a796-cb8ddc4f97cf: start LeaderElection
2019-10-18 13:01:44,373 [Thread-1961] INFO  impl.FollowerState (FollowerState.java:run(108)) - c124d131-afb9-4343-ad4e-aaebde613043@group-FF4202234884-FollowerState: change to CANDIDATE, lastRpcTime:70ms, electionTimeout:70ms
2019-10-18 13:01:44,374 [Thread-1961] INFO  impl.RoleInfo (RoleInfo.java:shutdownFollowerState(121)) - c124d131-afb9-4343-ad4e-aaebde613043: shutdown FollowerState
2019-10-18 13:01:44,374 [Thread-1961] INFO  impl.RaftServerImpl (RaftServerImpl.java:setRole(184)) - c124d131-afb9-4343-ad4e-aaebde613043@group-FF4202234884: changes role from  FOLLOWER to CANDIDATE at term 113 for changeToCandidate
2019-10-18 13:01:44,374 [Thread-1961] INFO  impl.RoleInfo (RoleInfo.java:updateAndGet(143)) - c124d131-afb9-4343-ad4e-aaebde613043: start LeaderElection
2019-10-18 13:01:44,391 [018b3f78-d19f-4e26-a796-cb8ddc4f97cf@group-187684C21557-LeaderElection212] INFO  impl.LeaderElection (LeaderElection.java:askForVotes(178)) - 018b3f78-d19f-4e26-a796-cb8ddc4f97cf@group-187684C21557-LeaderElection212: begin an election at term 116 for -1: [893cf03e-f2cf-478a-892a-a746717e50e3:192.168.34.56:40750, 8697df36-98d2-41b1-bdc7-60597b3b5526:192.168.34.56:46415, 018b3f78-d19f-4e26-a796-cb8ddc4f97cf:192.168.34.56:35845], old=null
2019-10-18 13:01:44,391 [c124d131-afb9-4343-ad4e-aaebde613043@group-FF4202234884-LeaderElection213] INFO  impl.LeaderElection (LeaderElection.java:askForVotes(178)) - c124d131-afb9-4343-ad4e-aaebde613043@group-FF4202234884-LeaderElection213: begin an election at term 114 for -1: [999343e7-0330-4874-a345-91eca72585e0:192.168.34.56:44872, c124d131-afb9-4343-ad4e-aaebde613043:192.168.34.56:42116, e5bb327f-cdd7-4e49-919e-13a4c895fddf:192.168.34.56:36658], old=null
2019-10-18 13:01:44,393 [grpc-default-executor-5] INFO  impl.RaftServerImpl (RaftServerImpl.java:setRole(184)) - 893cf03e-f2cf-478a-892a-a746717e50e3@group-187684C21557: changes role from  FOLLOWER to FOLLOWER at term 116 for recognizeCandidate:018b3f78-d19f-4e26-a796-cb8ddc4f97cf
2019-10-18 13:01:44,393 [grpc-default-executor-2] INFO  impl.RaftServerImpl (RaftServerImpl.java:setRole(184)) - 999343e7-0330-4874-a345-91eca72585e0@group-FF4202234884: changes role from  FOLLOWER to FOLLOWER at term 114 for recognizeCandidate:c124d131-afb9-4343-ad4e-aaebde613043
2019-10-18 13:01:44,393 [grpc-default-executor-2] INFO  impl.RoleInfo (RoleInfo.java:shutdownFollowerState(121)) - 999343e7-0330-4874-a345-91eca72585e0: shutdown FollowerState
2019-10-18 13:01:44,393 [grpc-default-executor-0] INFO  impl.RaftServerImpl (RaftServerImpl.java:setRole(184)) - e5bb327f-cdd7-4e49-919e-13a4c895fddf@group-FF4202234884: changes role from  FOLLOWER to FOLLOWER at term 114 for recognizeCandidate:c124d131-afb9-4343-ad4e-aaebde613043
2019-10-18 13:01:44,393 [grpc-default-executor-7] INFO  impl.RaftServerImpl (RaftServerImpl.java:setRole(184)) - 8697df36-98d2-41b1-bdc7-60597b3b5526@group-187684C21557: changes role from  FOLLOWER to FOLLOWER at term 116 for recognizeCandidate:018b3f78-d19f-4e26-a796-cb8ddc4f97cf
2019-10-18 13:01:44,394 [grpc-default-executor-7] INFO  impl.RoleInfo (RoleInfo.java:shutdownFollowerState(121)) - 8697df36-98d2-41b1-bdc7-60597b3b5526: shutdown FollowerState
2019-10-18 13:01:44,393 [grpc-default-executor-0] INFO  impl.RoleInfo (RoleInfo.java:shutdownFollowerState(121)) - e5bb327f-cdd7-4e49-919e-13a4c895fddf: shutdown FollowerState
2019-10-18 13:01:44,393 [Thread-1957] INFO  impl.FollowerState (FollowerState.java:run(117)) - 999343e7-0330-4874-a345-91eca72585e0@group-FF4202234884-FollowerState was interrupted: java.lang.InterruptedException: sleep interrupted
2019-10-18 13:01:44,393 [grpc-default-executor-2] INFO  impl.RoleInfo (RoleInfo.java:updateAndGet(143)) - 999343e7-0330-4874-a345-91eca72585e0: start FollowerState
2019-10-18 13:01:44,393 [grpc-default-executor-5] INFO  impl.RoleInfo (RoleInfo.java:shutdownFollowerState(121)) - 893cf03e-f2cf-478a-892a-a746717e50e3: shutdown FollowerState
2019-10-18 13:01:44,394 [grpc-default-executor-0] INFO  impl.RoleInfo (RoleInfo.java:updateAndGet(143)) - e5bb327f-cdd7-4e49-919e-13a4c895fddf: start FollowerState
2019-10-18 13:01:44,394 [Thread-1958] INFO  impl.FollowerState (FollowerState.java:run(117)) - e5bb327f-cdd7-4e49-919e-13a4c895fddf@group-FF4202234884-FollowerState was interrupted: java.lang.InterruptedException: sleep interrupted
2019-10-18 13:01:44,394 [Thread-1963] INFO  impl.FollowerState (FollowerState.java:run(117)) - 8697df36-98d2-41b1-bdc7-60597b3b5526@group-187684C21557-FollowerState was interrupted: java.lang.InterruptedException: sleep interrupted
2019-10-18 13:01:44,394 [grpc-default-executor-7] INFO  impl.RoleInfo (RoleInfo.java:updateAndGet(143)) - 8697df36-98d2-41b1-bdc7-60597b3b5526: start FollowerState
2019-10-18 13:01:44,394 [Thread-1962] INFO  impl.FollowerState (FollowerState.java:run(117)) - 893cf03e-f2cf-478a-892a-a746717e50e3@group-187684C21557-FollowerState was interrupted: java.lang.InterruptedException: sleep interrupted
2019-10-18 13:01:44,394 [grpc-default-executor-5] INFO  impl.RoleInfo (RoleInfo.java:updateAndGet(143)) - 893cf03e-f2cf-478a-892a-a746717e50e3: start FollowerState
2019-10-18 13:01:44,471 [c124d131-afb9-4343-ad4e-aaebde613043@group-FF4202234884-LeaderElection213] INFO  impl.LeaderElection (LeaderElection.java:logAndReturn(56)) - c124d131-afb9-4343-ad4e-aaebde613043@group-FF4202234884-LeaderElection213: Election REJECTED; received 2 response(s) [c124d131-afb9-4343-ad4e-aaebde613043<-999343e7-0330-4874-a345-91eca72585e0#0:FAIL-t114, c124d131-afb9-4343-ad4e-aaebde613043<-e5bb327f-cdd7-4e49-919e-13a4c895fddf#0:FAIL-t114] and 0 exception(s); c124d131-afb9-4343-ad4e-aaebde613043@group-FF4202234884:t114, leader=null, voted=c124d131-afb9-4343-ad4e-aaebde613043, raftlog=c124d131-afb9-4343-ad4e-aaebde613043@group-FF4202234884-SegmentedRaftLog:OPENED:c-1,f-1,i0, conf=-1: [999343e7-0330-4874-a345-91eca72585e0:192.168.34.56:44872, c124d131-afb9-4343-ad4e-aaebde613043:192.168.34.56:42116, e5bb327f-cdd7-4e49-919e-13a4c895fddf:192.168.34.56:36658], old=null
2019-10-18 13:01:44,471 [018b3f78-d19f-4e26-a796-cb8ddc4f97cf@group-187684C21557-LeaderElection212] INFO  impl.LeaderElection (LeaderElection.java:logAndReturn(56)) - 018b3f78-d19f-4e26-a796-cb8ddc4f97cf@group-187684C21557-LeaderElection212: Election REJECTED; received 2 response(s) [018b3f78-d19f-4e26-a796-cb8ddc4f97cf<-893cf03e-f2cf-478a-892a-a746717e50e3#0:FAIL-t116, 018b3f78-d19f-4e26-a796-cb8ddc4f97cf<-8697df36-98d2-41b1-bdc7-60597b3b5526#0:FAIL-t116] and 0 exception(s); 018b3f78-d19f-4e26-a796-cb8ddc4f97cf@group-187684C21557:t116, leader=null, voted=018b3f78-d19f-4e26-a796-cb8ddc4f97cf, raftlog=018b3f78-d19f-4e26-a796-cb8ddc4f97cf@group-187684C21557-SegmentedRaftLog:OPENED:c-1,f-1,i0, conf=-1: [893cf03e-f2cf-478a-892a-a746717e50e3:192.168.34.56:40750, 8697df36-98d2-41b1-bdc7-60597b3b5526:192.168.34.56:46415, 018b3f78-d19f-4e26-a796-cb8ddc4f97cf:192.168.34.56:35845], old=null
2019-10-18 13:01:44,471 [c124d131-afb9-4343-ad4e-aaebde613043@group-FF4202234884-LeaderElection213] INFO  impl.RaftServerImpl (RaftServerImpl.java:setRole(184)) - c124d131-afb9-4343-ad4e-aaebde613043@group-FF4202234884: changes role from CANDIDATE to FOLLOWER at term 114 for DISCOVERED_A_NEW_TERM
2019-10-18 13:01:44,471 [018b3f78-d19f-4e26-a796-cb8ddc4f97cf@group-187684C21557-LeaderElection212] INFO  impl.RaftServerImpl (RaftServerImpl.java:setRole(184)) - 018b3f78-d19f-4e26-a796-cb8ddc4f97cf@group-187684C21557: changes role from CANDIDATE to FOLLOWER at term 116 for DISCOVERED_A_NEW_TERM
2019-10-18 13:01:44,471 [c124d131-afb9-4343-ad4e-aaebde613043@group-FF4202234884-LeaderElection213] INFO  impl.RoleInfo (RoleInfo.java:shutdownLeaderElection(134)) - c124d131-afb9-4343-ad4e-aaebde613043: shutdown LeaderElection
2019-10-18 13:01:44,471 [018b3f78-d19f-4e26-a796-cb8ddc4f97cf@group-187684C21557-LeaderElection212] INFO  impl.RoleInfo (RoleInfo.java:shutdownLeaderElection(134)) - 018b3f78-d19f-4e26-a796-cb8ddc4f97cf: shutdown LeaderElection
2019-10-18 13:01:44,471 [c124d131-afb9-4343-ad4e-aaebde613043@group-FF4202234884-LeaderElection213] INFO  impl.RoleInfo (RoleInfo.java:updateAndGet(143)) - c124d131-afb9-4343-ad4e-aaebde613043: start FollowerState
2019-10-18 13:01:44,471 [018b3f78-d19f-4e26-a796-cb8ddc4f97cf@group-187684C21557-LeaderElection212] INFO  impl.RoleInfo (RoleInfo.java:updateAndGet(143)) - 018b3f78-d19f-4e26-a796-cb8ddc4f97cf: start FollowerState
2019-10-18 13:01:44,482 [Thread-1975] INFO  impl.FollowerState (FollowerState.java:run(108)) - c124d131-afb9-4343-ad4e-aaebde613043@group-FF4202234884-FollowerState: change to CANDIDATE, lastRpcTime:10ms, electionTimeout:10ms
2019-10-18 13:01:44,482 [Thread-1975] INFO  impl.RoleInfo (RoleInfo.java:shutdownFollowerState(121)) - c124d131-afb9-4343-ad4e-aaebde613043: shutdown FollowerState
2019-10-18 13:01:44,482 [Thread-1975] INFO  impl.RaftServerImpl (RaftServerImpl.java:setRole(184)) - c124d131-afb9-4343-ad4e-aaebde613043@group-FF4202234884: changes role from  FOLLOWER to CANDIDATE at term 114 for changeToCandidate
2019-10-18 13:01:44,482 [Thread-1975] INFO  impl.RoleInfo (RoleInfo.java:updateAndGet(143)) - c124d131-afb9-4343-ad4e-aaebde613043: start LeaderElection
2019-10-18 13:01:44,499 [c124d131-afb9-4343-ad4e-aaebde613043@group-FF4202234884-LeaderElection214] INFO  impl.LeaderElection (LeaderElection.java:askForVotes(178)) - c124d131-afb9-4343-ad4e-aaebde613043@group-FF4202234884-LeaderElection214: begin an election at term 115 for -1: [999343e7-0330-4874-a345-91eca72585e0:192.168.34.56:44872, c124d131-afb9-4343-ad4e-aaebde613043:192.168.34.56:42116, e5bb327f-cdd7-4e49-919e-13a4c895fddf:192.168.34.56:36658], old=null
2019-10-18 13:01:44,501 [grpc-default-executor-0] INFO  impl.RaftServerImpl (RaftServerImpl.java:setRole(184)) - e5bb327f-cdd7-4e49-919e-13a4c895fddf@group-FF4202234884: changes role from  FOLLOWER to FOLLOWER at term 115 for recognizeCandidate:c124d131-afb9-4343-ad4e-aaebde613043
2019-10-18 13:01:44,501 [grpc-default-executor-0] INFO  impl.RoleInfo (RoleInfo.java:shutdownFollowerState(121)) - e5bb327f-cdd7-4e49-919e-13a4c895fddf: shutdown FollowerState
2019-10-18 13:01:44,501 [grpc-default-executor-0] INFO  impl.RoleInfo (RoleInfo.java:updateAndGet(143)) - e5bb327f-cdd7-4e49-919e-13a4c895fddf: start FollowerState
2019-10-18 13:01:44,502 [Thread-1973] INFO  impl.FollowerState (FollowerState.java:run(117)) - e5bb327f-cdd7-4e49-919e-13a4c895fddf@group-FF4202234884-FollowerState was interrupted: java.lang.InterruptedException: sleep interrupted
2019-10-18 13:01:44,501 [grpc-default-executor-5] INFO  impl.RaftServerImpl (RaftServerImpl.java:setRole(184)) - 999343e7-0330-4874-a345-91eca72585e0@group-FF4202234884: changes role from  FOLLOWER to FOLLOWER at term 115 for recognizeCandidate:c124d131-afb9-4343-ad4e-aaebde613043
2019-10-18 13:01:44,502 [grpc-default-executor-5] INFO  impl.RoleInfo (RoleInfo.java:shutdownFollowerState(121)) - 999343e7-0330-4874-a345-91eca72585e0: shutdown FollowerState
2019-10-18 13:01:44,502 [grpc-default-executor-5] INFO  impl.RoleInfo (RoleInfo.java:updateAndGet(143)) - 999343e7-0330-4874-a345-91eca72585e0: start FollowerState
2019-10-18 13:01:44,502 [Thread-1971] INFO  impl.FollowerState (FollowerState.java:run(117)) - 999343e7-0330-4874-a345-91eca72585e0@group-FF4202234884-FollowerState was interrupted: java.lang.InterruptedException: sleep interrupted
2019-10-18 13:01:44,543 [c124d131-afb9-4343-ad4e-aaebde613043@group-FF4202234884-LeaderElection214] INFO  impl.LeaderElection (LeaderElection.java:logAndReturn(56)) - c124d131-afb9-4343-ad4e-aaebde613043@group-FF4202234884-LeaderElection214: Election TIMEOUT; received 0 response(s) [] and 0 exception(s); c124d131-afb9-4343-ad4e-aaebde613043@group-FF4202234884:t115, leader=null, voted=c124d131-afb9-4343-ad4e-aaebde613043, raftlog=c124d131-afb9-4343-ad4e-aaebde613043@group-FF4202234884-SegmentedRaftLog:OPENED:c-1,f-1,i0, conf=-1: [999343e7-0330-4874-a345-91eca72585e0:192.168.34.56:44872, c124d131-afb9-4343-ad4e-aaebde613043:192.168.34.56:42116, e5bb327f-cdd7-4e49-919e-13a4c895fddf:192.168.34.56:36658], old=null
2019-10-18 13:01:44,566 [c124d131-afb9-4343-ad4e-aaebde613043@group-FF4202234884-LeaderElection214] INFO  impl.LeaderElection (LeaderElection.java:askForVotes(178)) - c124d131-afb9-4343-ad4e-aaebde613043@group-FF4202234884-LeaderElection214: begin an election at term 116 for -1: [999343e7-0330-4874-a345-91eca72585e0:192.168.34.56:44872, c124d131-afb9-4343-ad4e-aaebde613043:192.168.34.56:42116, e5bb327f-cdd7-4e49-919e-13a4c895fddf:192.168.34.56:36658], old=null
2019-10-18 13:01:44,568 [grpc-default-executor-0] INFO  impl.RaftServerImpl (RaftServerImpl.java:setRole(184)) - e5bb327f-cdd7-4e49-919e-13a4c895fddf@group-FF4202234884: changes role from  FOLLOWER to FOLLOWER at term 116 for recognizeCandidate:c124d131-afb9-4343-ad4e-aaebde613043
2019-10-18 13:01:44,568 [grpc-default-executor-0] INFO  impl.RoleInfo (RoleInfo.java:shutdownFollowerState(121)) - e5bb327f-cdd7-4e49-919e-13a4c895fddf: shutdown FollowerState
2019-10-18 13:01:44,568 [grpc-default-executor-5] INFO  impl.RaftServerImpl (RaftServerImpl.java:setRole(184)) - 999343e7-0330-4874-a345-91eca72585e0@group-FF4202234884: changes role from  FOLLOWER to FOLLOWER at term 116 for recognizeCandidate:c124d131-afb9-4343-ad4e-aaebde613043
2019-10-18 13:01:44,568 [Thread-1980] INFO  impl.FollowerState (FollowerState.java:run(117)) - e5bb327f-cdd7-4e49-919e-13a4c895fddf@group-FF4202234884-FollowerState was interrupted: java.lang.InterruptedException: sleep interrupted
2019-10-18 13:01:44,568 [grpc-default-executor-0] INFO  impl.RoleInfo (RoleInfo.java:updateAndGet(143)) - e5bb327f-cdd7-4e49-919e-13a4c895fddf: start FollowerState
2019-10-18 13:01:44,569 [grpc-default-executor-5] INFO  impl.RoleInfo (RoleInfo.java:shutdownFollowerState(121)) - 999343e7-0330-4874-a345-91eca72585e0: shutdown FollowerState
2019-10-18 13:01:44,569 [grpc-default-executor-5] INFO  impl.RoleInfo (RoleInfo.java:updateAndGet(143)) - 999343e7-0330-4874-a345-91eca72585e0: start FollowerState
2019-10-18 13:01:44,569 [Thread-1981] INFO  impl.FollowerState (FollowerState.java:run(117)) - 999343e7-0330-4874-a345-91eca72585e0@group-FF4202234884-FollowerState was interrupted: java.lang.InterruptedException: sleep interrupted
2019-10-18 13:01:44,576 [Thread-1976] INFO  impl.FollowerState (FollowerState.java:run(108)) - 018b3f78-d19f-4e26-a796-cb8ddc4f97cf@group-187684C21557-FollowerState: change to CANDIDATE, lastRpcTime:104ms, electionTimeout:104ms
2019-10-18 13:01:44,576 [Thread-1976] INFO  impl.RoleInfo (RoleInfo.java:shutdownFollowerState(121)) - 018b3f78-d19f-4e26-a796-cb8ddc4f97cf: shutdown FollowerState
2019-10-18 13:01:44,576 [Thread-1976] INFO  impl.RaftServerImpl (RaftServerImpl.java:setRole(184)) - 018b3f78-d19f-4e26-a796-cb8ddc4f97cf@group-187684C21557: changes role from  FOLLOWER to CANDIDATE at term 116 for changeToCandidate
2019-10-18 13:01:44,576 [Thread-1976] INFO  impl.RoleInfo (RoleInfo.java:updateAndGet(143)) - 018b3f78-d19f-4e26-a796-cb8ddc4f97cf: start LeaderElection
2019-10-18 13:01:44,589 [018b3f78-d19f-4e26-a796-cb8ddc4f97cf@group-187684C21557-LeaderElection215] INFO  impl.LeaderElection (LeaderElection.java:askForVotes(178)) - 018b3f78-d19f-4e26-a796-cb8ddc4f97cf@group-187684C21557-LeaderElection215: begin an election at term 117 for -1: [893cf03e-f2cf-478a-892a-a746717e50e3:192.168.34.56:40750, 8697df36-98d2-41b1-bdc7-60597b3b5526:192.168.34.56:46415, 018b3f78-d19f-4e26-a796-cb8ddc4f97cf:192.168.34.56:35845], old=null
2019-10-18 13:01:44,589 [c124d131-afb9-4343-ad4e-aaebde613043@group-FF4202234884-LeaderElection214] INFO  impl.LeaderElection (LeaderElection.java:logAndReturn(56)) - c124d131-afb9-4343-ad4e-aaebde613043@group-FF4202234884-LeaderElection214: Election REJECTED; received 2 response(s) [c124d131-afb9-4343-ad4e-aaebde613043<-999343e7-0330-4874-a345-91eca72585e0#0:FAIL-t116, c124d131-afb9-4343-ad4e-aaebde613043<-e5bb327f-cdd7-4e49-919e-13a4c895fddf#0:FAIL-t116] and 0 exception(s); c124d131-afb9-4343-ad4e-aaebde613043@group-FF4202234884:t116, leader=null, voted=c124d131-afb9-4343-ad4e-aaebde613043, raftlog=c124d131-afb9-4343-ad4e-aaebde613043@group-FF4202234884-SegmentedRaftLog:OPENED:c-1,f-1,i0, conf=-1: [999343e7-0330-4874-a345-91eca72585e0:192.168.34.56:44872, c124d131-afb9-4343-ad4e-aaebde613043:192.168.34.56:42116, e5bb327f-cdd7-4e49-919e-13a4c895fddf:192.168.34.56:36658], old=null
2019-10-18 13:01:44,590 [c124d131-afb9-4343-ad4e-aaebde613043@group-FF4202234884-LeaderElection214] INFO  impl.RaftServerImpl (RaftServerImpl.java:setRole(184)) - c124d131-afb9-4343-ad4e-aaebde613043@group-FF4202234884: changes role from CANDIDATE to FOLLOWER at term 116 for DISCOVERED_A_NEW_TERM
2019-10-18 13:01:44,590 [c124d131-afb9-4343-ad4e-aaebde613043@group-FF4202234884-LeaderElection214] INFO  impl.RoleInfo (RoleInfo.java:shutdownLeaderElection(134)) - c124d131-afb9-4343-ad4e-aaebde613043: shutdown LeaderElection
2019-10-18 13:01:44,590 [c124d131-afb9-4343-ad4e-aaebde613043@group-FF4202234884-LeaderElection214] INFO  impl.RoleInfo (RoleInfo.java:updateAndGet(143)) - c124d131-afb9-4343-ad4e-aaebde613043: start FollowerState
2019-10-18 13:01:44,590 [grpc-default-executor-0] INFO  impl.RaftServerImpl (RaftServerImpl.java:setRole(184)) - 8697df36-98d2-41b1-bdc7-60597b3b5526@group-187684C21557: changes role from  FOLLOWER to FOLLOWER at term 117 for recognizeCandidate:018b3f78-d19f-4e26-a796-cb8ddc4f97cf
2019-10-18 13:01:44,590 [grpc-default-executor-0] INFO  impl.RoleInfo (RoleInfo.java:shutdownFollowerState(121)) - 8697df36-98d2-41b1-bdc7-60597b3b5526: shutdown FollowerState
2019-10-18 13:01:44,590 [grpc-default-executor-5] INFO  impl.RaftServerImpl (RaftServerImpl.java:setRole(184)) - 893cf03e-f2cf-478a-892a-a746717e50e3@group-187684C21557: changes role from  FOLLOWER to FOLLOWER at term 117 for recognizeCandidate:018b3f78-d19f-4e26-a796-cb8ddc4f97cf
2019-10-18 13:01:44,590 [grpc-default-executor-0] INFO  impl.RoleInfo (RoleInfo.java:updateAndGet(143)) - 8697df36-98d2-41b1-bdc7-60597b3b5526: start FollowerState
2019-10-18 13:01:44,590 [Thread-1972] INFO  impl.FollowerState (FollowerState.java:run(117)) - 8697df36-98d2-41b1-bdc7-60597b3b5526@group-187684C21557-FollowerState was interrupted: java.lang.InterruptedException: sleep interrupted
2019-10-18 13:01:44,591 [grpc-default-executor-5] INFO  impl.RoleInfo (RoleInfo.java:shutdownFollowerState(121)) - 893cf03e-f2cf-478a-892a-a746717e50e3: shutdown FollowerState
2019-10-18 13:01:44,591 [grpc-default-executor-5] INFO  impl.RoleInfo (RoleInfo.java:updateAndGet(143)) - 893cf03e-f2cf-478a-892a-a746717e50e3: start FollowerState
2019-10-18 13:01:44,591 [Thread-1974] INFO  impl.FollowerState (FollowerState.java:run(117)) - 893cf03e-f2cf-478a-892a-a746717e50e3@group-187684C21557-FollowerState was interrupted: java.lang.InterruptedException: sleep interrupted
2019-10-18 13:01:44,610 [018b3f78-d19f-4e26-a796-cb8ddc4f97cf@group-187684C21557-LeaderElection215] INFO  impl.LeaderElection (LeaderElection.java:logAndReturn(56)) - 018b3f78-d19f-4e26-a796-cb8ddc4f97cf@group-187684C21557-LeaderElection215: Election REJECTED; received 2 response(s) [018b3f78-d19f-4e26-a796-cb8ddc4f97cf<-893cf03e-f2cf-478a-892a-a746717e50e3#0:FAIL-t117, 018b3f78-d19f-4e26-a796-cb8ddc4f97cf<-8697df36-98d2-41b1-bdc7-60597b3b5526#0:FAIL-t117] and 0 exception(s); 018b3f78-d19f-4e26-a796-cb8ddc4f97cf@group-187684C21557:t117, leader=null, voted=018b3f78-d19f-4e26-a796-cb8ddc4f97cf, raftlog=018b3f78-d19f-4e26-a796-cb8ddc4f97cf@group-187684C21557-SegmentedRaftLog:OPENED:c-1,f-1,i0, conf=-1: [893cf03e-f2cf-478a-892a-a746717e50e3:192.168.34.56:40750, 8697df36-98d2-41b1-bdc7-60597b3b5526:192.168.34.56:46415, 018b3f78-d19f-4e26-a796-cb8ddc4f97cf:192.168.34.56:35845], old=null
2019-10-18 13:01:44,611 [018b3f78-d19f-4e26-a796-cb8ddc4f97cf@group-187684C21557-LeaderElection215] INFO  impl.RaftServerImpl (RaftServerImpl.java:setRole(184)) - 018b3f78-d19f-4e26-a796-cb8ddc4f97cf@group-187684C21557: changes role from CANDIDATE to FOLLOWER at term 117 for DISCOVERED_A_NEW_TERM
2019-10-18 13:01:44,611 [018b3f78-d19f-4e26-a796-cb8ddc4f97cf@group-187684C21557-LeaderElection215] INFO  impl.RoleInfo (RoleInfo.java:shutdownLeaderElection(134)) - 018b3f78-d19f-4e26-a796-cb8ddc4f97cf: shutdown LeaderElection
2019-10-18 13:01:44,611 [018b3f78-d19f-4e26-a796-cb8ddc4f97cf@group-187684C21557-LeaderElection215] INFO  impl.RoleInfo (RoleInfo.java:updateAndGet(143)) - 018b3f78-d19f-4e26-a796-cb8ddc4f97cf: start FollowerState
2019-10-18 13:01:44,632 [Thread-1989] INFO  impl.FollowerState (FollowerState.java:run(108)) - c124d131-afb9-4343-ad4e-aaebde613043@group-FF4202234884-FollowerState: change to CANDIDATE, lastRpcTime:42ms, electionTimeout:42ms
2019-10-18 13:01:44,632 [Thread-1989] INFO  impl.RoleInfo (RoleInfo.java:shutdownFollowerState(121)) - c124d131-afb9-4343-ad4e-aaebde613043: shutdown FollowerState
2019-10-18 13:01:44,632 [Thread-1989] INFO  impl.RaftServerImpl (RaftServerImpl.java:setRole(184)) - c124d131-afb9-4343-ad4e-aaebde613043@group-FF4202234884: changes role from  FOLLOWER to CANDIDATE at term 116 for changeToCandidate
2019-10-18 13:01:44,633 [Thread-1989] INFO  impl.RoleInfo (RoleInfo.java:updateAndGet(143)) - c124d131-afb9-4343-ad4e-aaebde613043: start LeaderElection
2019-10-18 13:01:44,650 [c124d131-afb9-4343-ad4e-aaebde613043@group-FF4202234884-LeaderElection216] INFO  impl.LeaderElection (LeaderElection.java:askForVotes(178)) - c124d131-afb9-4343-ad4e-aaebde613043@group-FF4202234884-LeaderElection216: begin an election at term 117 for -1: [999343e7-0330-4874-a345-91eca72585e0:192.168.34.56:44872, c124d131-afb9-4343-ad4e-aaebde613043:192.168.34.56:42116, e5bb327f-cdd7-4e49-919e-13a4c895fddf:192.168.34.56:36658], old=null
2019-10-18 13:01:44,652 [grpc-default-executor-0] INFO  impl.RaftServerImpl (RaftServerImpl.java:setRole(184)) - e5bb327f-cdd7-4e49-919e-13a4c895fddf@group-FF4202234884: changes role from  FOLLOWER to FOLLOWER at term 117 for recognizeCandidate:c124d131-afb9-4343-ad4e-aaebde613043
2019-10-18 13:01:44,652 [grpc-default-executor-5] INFO  impl.RaftServerImpl (RaftServerImpl.java:setRole(184)) - 999343e7-0330-4874-a345-91eca72585e0@group-FF4202234884: changes role from  FOLLOWER to FOLLOWER at term 117 for recognizeCandidate:c124d131-afb9-4343-ad4e-aaebde613043
2019-10-18 13:01:44,652 [grpc-default-executor-5] INFO  impl.RoleInfo (RoleInfo.java:shutdownFollowerState(121)) - 999343e7-0330-4874-a345-91eca72585e0: shutdown FollowerState
2019-10-18 13:01:44,652 [grpc-default-executor-0] INFO  impl.RoleInfo (RoleInfo.java:shutdownFollowerState(121)) - e5bb327f-cdd7-4e49-919e-13a4c895fddf: shutdown FollowerState
2019-10-18 13:01:44,652 [Thread-1985] INFO  impl.FollowerState (FollowerState.java:run(117)) - 999343e7-0330-4874-a345-91eca72585e0@group-FF4202234884-FollowerState was interrupted: java.lang.InterruptedException: sleep interrupted
2019-10-18 13:01:44,652 [grpc-default-executor-5] INFO  impl.RoleInfo (RoleInfo.java:updateAndGet(143)) - 999343e7-0330-4874-a345-91eca72585e0: start FollowerState
2019-10-18 13:01:44,652 [Thread-1984] INFO  impl.FollowerState (FollowerState.java:run(117)) - e5bb327f-cdd7-4e49-919e-13a4c895fddf@group-FF4202234884-FollowerState was interrupted: java.lang.InterruptedException: sleep interrupted
2019-10-18 13:01:44,652 [grpc-default-executor-0] INFO  impl.RoleInfo (RoleInfo.java:updateAndGet(143)) - e5bb327f-cdd7-4e49-919e-13a4c895fddf: start FollowerState
2019-10-18 13:01:44,676 [c124d131-afb9-4343-ad4e-aaebde613043@group-FF4202234884-LeaderElection216] INFO  impl.LeaderElection (LeaderElection.java:logAndReturn(56)) - c124d131-afb9-4343-ad4e-aaebde613043@group-FF4202234884-LeaderElection216: Election REJECTED; received 2 response(s) [c124d131-afb9-4343-ad4e-aaebde613043<-999343e7-0330-4874-a345-91eca72585e0#0:FAIL-t117, c124d131-afb9-4343-ad4e-aaebde613043<-e5bb327f-cdd7-4e49-919e-13a4c895fddf#0:FAIL-t117] and 0 exception(s); c124d131-afb9-4343-ad4e-aaebde613043@group-FF4202234884:t117, leader=null, voted=c124d131-afb9-4343-ad4e-aaebde613043, raftlog=c124d131-afb9-4343-ad4e-aaebde613043@group-FF4202234884-SegmentedRaftLog:OPENED:c-1,f-1,i0, conf=-1: [999343e7-0330-4874-a345-91eca72585e0:192.168.34.56:44872, c124d131-afb9-4343-ad4e-aaebde613043:192.168.34.56:42116, e5bb327f-cdd7-4e49-919e-13a4c895fddf:192.168.34.56:36658], old=null
2019-10-18 13:01:44,676 [c124d131-afb9-4343-ad4e-aaebde613043@group-FF4202234884-LeaderElection216] INFO  impl.RaftServerImpl (RaftServerImpl.java:setRole(184)) - c124d131-afb9-4343-ad4e-aaebde613043@group-FF4202234884: changes role from CANDIDATE to FOLLOWER at term 117 for DISCOVERED_A_NEW_TERM
2019-10-18 13:01:44,676 [c124d131-afb9-4343-ad4e-aaebde613043@group-FF4202234884-LeaderElection216] INFO  impl.RoleInfo (RoleInfo.java:shutdownLeaderElection(134)) - c124d131-afb9-4343-ad4e-aaebde613043: shutdown LeaderElection
2019-10-18 13:01:44,676 [c124d131-afb9-4343-ad4e-aaebde613043@group-FF4202234884-LeaderElection216] INFO  impl.RoleInfo (RoleInfo.java:updateAndGet(143)) - c124d131-afb9-4343-ad4e-aaebde613043: start FollowerState
2019-10-18 13:01:44,685 [Thread-1992] INFO  impl.FollowerState (FollowerState.java:run(108)) - 018b3f78-d19f-4e26-a796-cb8ddc4f97cf@group-187684C21557-FollowerState: change to CANDIDATE, lastRpcTime:74ms, electionTimeout:74ms
2019-10-18 13:01:44,685 [Thread-1992] INFO  impl.RoleInfo (RoleInfo.java:shutdownFollowerState(121)) - 018b3f78-d19f-4e26-a796-cb8ddc4f97cf: shutdown FollowerState
2019-10-18 13:01:44,686 [Thread-1992] INFO  impl.RaftServerImpl (RaftServerImpl.java:setRole(184)) - 018b3f78-d19f-4e26-a796-cb8ddc4f97cf@group-187684C21557: changes role from  FOLLOWER to CANDIDATE at term 117 for changeToCandidate
2019-10-18 13:01:44,686 [Thread-1992] INFO  impl.RoleInfo (RoleInfo.java:updateAndGet(143)) - 018b3f78-d19f-4e26-a796-cb8ddc4f97cf: start LeaderElection
2019-10-18 13:01:44,715 [018b3f78-d19f-4e26-a796-cb8ddc4f97cf@group-187684C21557-LeaderElection217] INFO  impl.LeaderElection (LeaderElection.java:askForVotes(178)) - 018b3f78-d19f-4e26-a796-cb8ddc4f97cf@group-187684C21557-LeaderElection217: begin an election at term 118 for -1: [893cf03e-f2cf-478a-892a-a746717e50e3:192.168.34.56:40750, 8697df36-98d2-41b1-bdc7-60597b3b5526:192.168.34.56:46415, 018b3f78-d19f-4e26-a796-cb8ddc4f97cf:192.168.34.56:35845], old=null
2019-10-18 13:01:44,717 [grpc-default-executor-5] INFO  impl.RaftServerImpl (RaftServerImpl.java:setRole(184)) - 893cf03e-f2cf-478a-892a-a746717e50e3@group-187684C21557: changes role from  FOLLOWER to FOLLOWER at term 118 for recognizeCandidate:018b3f78-d19f-4e26-a796-cb8ddc4f97cf
2019-10-18 13:01:44,717 [grpc-default-executor-5] INFO  impl.RoleInfo (RoleInfo.java:shutdownFollowerState(121)) - 893cf03e-f2cf-478a-892a-a746717e50e3: shutdown FollowerState
2019-10-18 13:01:44,717 [grpc-default-executor-0] INFO  impl.RaftServerImpl (RaftServerImpl.java:setRole(184)) - 8697df36-98d2-41b1-bdc7-60597b3b5526@group-187684C21557: changes role from  FOLLOWER to FOLLOWER at term 118 for recognizeCandidate:018b3f78-d19f-4e26-a796-cb8ddc4f97cf
2019-10-18 13:01:44,717 [Thread-1991] INFO  impl.FollowerState (FollowerState.java:run(117)) - 893cf03e-f2cf-478a-892a-a746717e50e3@group-187684C21557-FollowerState was interrupted: java.lang.InterruptedException: sleep interrupted
2019-10-18 13:01:44,717 [grpc-default-executor-5] INFO  impl.RoleInfo (RoleInfo.java:updateAndGet(143)) - 893cf03e-f2cf-478a-892a-a746717e50e3: start FollowerState
2019-10-18 13:01:44,717 [grpc-default-executor-0] INFO  impl.RoleInfo (RoleInfo.java:shutdownFollowerState(121)) - 8697df36-98d2-41b1-bdc7-60597b3b5526: shutdown FollowerState
2019-10-18 13:01:44,717 [grpc-default-executor-0] INFO  impl.RoleInfo (RoleInfo.java:updateAndGet(143)) - 8697df36-98d2-41b1-bdc7-60597b3b5526: start FollowerState
2019-10-18 13:01:44,717 [Thread-1990] INFO  impl.FollowerState (FollowerState.java:run(117)) - 8697df36-98d2-41b1-bdc7-60597b3b5526@group-187684C21557-FollowerState was interrupted: java.lang.InterruptedException: sleep interrupted
2019-10-18 13:01:44,730 [Thread-1999] INFO  impl.FollowerState (FollowerState.java:run(108)) - c124d131-afb9-4343-ad4e-aaebde613043@group-FF4202234884-FollowerState: change to CANDIDATE, lastRpcTime:54ms, electionTimeout:54ms
2019-10-18 13:01:44,731 [Thread-1999] INFO  impl.RoleInfo (RoleInfo.java:shutdownFollowerState(121)) - c124d131-afb9-4343-ad4e-aaebde613043: shutdown FollowerState
2019-10-18 13:01:44,731 [Thread-1999] INFO  impl.RaftServerImpl (RaftServerImpl.java:setRole(184)) - c124d131-afb9-4343-ad4e-aaebde613043@group-FF4202234884: changes role from  FOLLOWER to CANDIDATE at term 117 for changeToCandidate
2019-10-18 13:01:44,731 [Thread-1999] INFO  impl.RoleInfo (RoleInfo.java:updateAndGet(143)) - c124d131-afb9-4343-ad4e-aaebde613043: start LeaderElection
2019-10-18 13:01:44,740 [018b3f78-d19f-4e26-a796-cb8ddc4f97cf@group-187684C21557-LeaderElection217] INFO  impl.LeaderElection (LeaderElection.java:logAndReturn(56)) - 018b3f78-d19f-4e26-a796-cb8ddc4f97cf@group-187684C21557-LeaderElection217: Election REJECTED; received 2 response(s) [018b3f78-d19f-4e26-a796-cb8ddc4f97cf<-893cf03e-f2cf-478a-892a-a746717e50e3#0:FAIL-t118, 018b3f78-d19f-4e26-a796-cb8ddc4f97cf<-8697df36-98d2-41b1-bdc7-60597b3b5526#0:FAIL-t118] and 0 exception(s); 018b3f78-d19f-4e26-a796-cb8ddc4f97cf@group-187684C21557:t118, leader=null, voted=018b3f78-d19f-4e26-a796-cb8ddc4f97cf, raftlog=018b3f78-d19f-4e26-a796-cb8ddc4f97cf@group-187684C21557-SegmentedRaftLog:OPENED:c-1,f-1,i0, conf=-1: [893cf03e-f2cf-478a-892a-a746717e50e3:192.168.34.56:40750, 8697df36-98d2-41b1-bdc7-60597b3b5526:192.168.34.56:46415, 018b3f78-d19f-4e26-a796-cb8ddc4f97cf:192.168.34.56:35845], old=null
2019-10-18 13:01:44,740 [018b3f78-d19f-4e26-a796-cb8ddc4f97cf@group-187684C21557-LeaderElection217] INFO  impl.RaftServerImpl (RaftServerImpl.java:setRole(184)) - 018b3f78-d19f-4e26-a796-cb8ddc4f97cf@group-187684C21557: changes role from CANDIDATE to FOLLOWER at term 118 for DISCOVERED_A_NEW_TERM
2019-10-18 13:01:44,740 [018b3f78-d19f-4e26-a796-cb8ddc4f97cf@group-187684C21557-LeaderElection217] INFO  impl.RoleInfo (RoleInfo.java:shutdownLeaderElection(134)) - 018b3f78-d19f-4e26-a796-cb8ddc4f97cf: shutdown LeaderElection
2019-10-18 13:01:44,741 [018b3f78-d19f-4e26-a796-cb8ddc4f97cf@group-187684C21557-LeaderElection217] INFO  impl.RoleInfo (RoleInfo.java:updateAndGet(143)) - 018b3f78-d19f-4e26-a796-cb8ddc4f97cf: start FollowerState
2019-10-18 13:01:44,761 [Thread-2007] INFO  impl.FollowerState (FollowerState.java:run(108)) - 018b3f78-d19f-4e26-a796-cb8ddc4f97cf@group-187684C21557-FollowerState: change to CANDIDATE, lastRpcTime:20ms, electionTimeout:20ms
2019-10-18 13:01:44,761 [Thread-2007] INFO  impl.RoleInfo (RoleInfo.java:shutdownFollowerState(121)) - 018b3f78-d19f-4e26-a796-cb8ddc4f97cf: shutdown FollowerState
2019-10-18 13:01:44,761 [Thread-2007] INFO  impl.RaftServerImpl (RaftServerImpl.java:setRole(184)) - 018b3f78-d19f-4e26-a796-cb8ddc4f97cf@group-187684C21557: changes role from  FOLLOWER to CANDIDATE at term 118 for changeToCandidate
2019-10-18 13:01:44,761 [Thread-2007] INFO  impl.RoleInfo (RoleInfo.java:updateAndGet(143)) - 018b3f78-d19f-4e26-a796-cb8ddc4f97cf: start LeaderElection
2019-10-18 13:01:44,808 [c124d131-afb9-4343-ad4e-aaebde613043@group-FF4202234884-LeaderElection218] INFO  impl.LeaderElection (LeaderElection.java:askForVotes(178)) - c124d131-afb9-4343-ad4e-aaebde613043@group-FF4202234884-LeaderElection218: begin an election at term 118 for -1: [999343e7-0330-4874-a345-91eca72585e0:192.168.34.56:44872, c124d131-afb9-4343-ad4e-aaebde613043:192.168.34.56:42116, e5bb327f-cdd7-4e49-919e-13a4c895fddf:192.168.34.56:36658], old=null
2019-10-18 13:01:44,810 [grpc-default-executor-0] INFO  impl.RaftServerImpl (RaftServerImpl.java:setRole(184)) - 999343e7-0330-4874-a345-91eca72585e0@group-FF4202234884: changes role from  FOLLOWER to FOLLOWER at term 118 for recognizeCandidate:c124d131-afb9-4343-ad4e-aaebde613043
2019-10-18 13:01:44,810 [grpc-default-executor-5] INFO  impl.RaftServerImpl (RaftServerImpl.java:setRole(184)) - e5bb327f-cdd7-4e49-919e-13a4c895fddf@group-FF4202234884: changes role from  FOLLOWER to FOLLOWER at term 118 for recognizeCandidate:c124d131-afb9-4343-ad4e-aaebde613043
2019-10-18 13:01:44,810 [grpc-default-executor-0] INFO  impl.RoleInfo (RoleInfo.java:shutdownFollowerState(121)) - 999343e7-0330-4874-a345-91eca72585e0: shutdown FollowerState
2019-10-18 13:01:44,810 [grpc-default-executor-5] INFO  impl.RoleInfo (RoleInfo.java:shutdownFollowerState(121)) - e5bb327f-cdd7-4e49-919e-13a4c895fddf: shutdown FollowerState
2019-10-18 13:01:44,810 [Thread-1996] INFO  impl.FollowerState (FollowerState.java:run(117)) - 999343e7-0330-4874-a345-91eca72585e0@group-FF4202234884-FollowerState was interrupted: java.lang.InterruptedException: sleep interrupted
2019-10-18 13:01:44,810 [grpc-default-executor-0] INFO  impl.RoleInfo (RoleInfo.java:updateAndGet(143)) - 999343e7-0330-4874-a345-91eca72585e0: start FollowerState
2019-10-18 13:01:44,810 [Thread-1997] INFO  impl.FollowerState (FollowerState.java:run(117)) - e5bb327f-cdd7-4e49-919e-13a4c895fddf@group-FF4202234884-FollowerState was interrupted: java.lang.InterruptedException: sleep interrupted
2019-10-18 13:01:44,810 [grpc-default-executor-5] INFO  impl.RoleInfo (RoleInfo.java:updateAndGet(143)) - e5bb327f-cdd7-4e49-919e-13a4c895fddf: start FollowerState
2019-10-18 13:01:44,866 [018b3f78-d19f-4e26-a796-cb8ddc4f97cf@group-187684C21557-LeaderElection219] INFO  impl.LeaderElection (LeaderElection.java:askForVotes(178)) - 018b3f78-d19f-4e26-a796-cb8ddc4f97cf@group-187684C21557-LeaderElection219: begin an election at term 119 for -1: [893cf03e-f2cf-478a-892a-a746717e50e3:192.168.34.56:40750, 8697df36-98d2-41b1-bdc7-60597b3b5526:192.168.34.56:46415, 018b3f78-d19f-4e26-a796-cb8ddc4f97cf:192.168.34.56:35845], old=null
2019-10-18 13:01:44,868 [grpc-default-executor-2] INFO  impl.RaftServerImpl (RaftServerImpl.java:setRole(184)) - 8697df36-98d2-41b1-bdc7-60597b3b5526@group-187684C21557: changes role from  FOLLOWER to FOLLOWER at term 119 for recognizeCandidate:018b3f78-d19f-4e26-a796-cb8ddc4f97cf
2019-10-18 13:01:44,868 [grpc-default-executor-7] INFO  impl.RaftServerImpl (RaftServerImpl.java:setRole(184)) - 893cf03e-f2cf-478a-892a-a746717e50e3@group-187684C21557: changes role from  FOLLOWER to FOLLOWER at term 119 for recognizeCandidate:018b3f78-d19f-4e26-a796-cb8ddc4f97cf
2019-10-18 13:01:44,868 [grpc-default-executor-2] INFO  impl.RoleInfo (RoleInfo.java:shutdownFollowerState(121)) - 8697df36-98d2-41b1-bdc7-60597b3b5526: shutdown FollowerState
2019-10-18 13:01:44,868 [grpc-default-executor-7] INFO  impl.RoleInfo (RoleInfo.java:shutdownFollowerState(121)) - 893cf03e-f2cf-478a-892a-a746717e50e3: shutdown FollowerState
2019-10-18 13:01:44,868 [Thread-2005] INFO  impl.FollowerState (FollowerState.java:run(117)) - 8697df36-98d2-41b1-bdc7-60597b3b5526@group-187684C21557-FollowerState was interrupted: java.lang.InterruptedException: sleep interrupted
2019-10-18 13:01:44,868 [grpc-default-executor-2] INFO  impl.RoleInfo (RoleInfo.java:updateAndGet(143)) - 8697df36-98d2-41b1-bdc7-60597b3b5526: start FollowerState
2019-10-18 13:01:44,868 [Thread-2004] INFO  impl.FollowerState (FollowerState.java:run(117)) - 893cf03e-f2cf-478a-892a-a746717e50e3@group-187684C21557-FollowerState was interrupted: java.lang.InterruptedException: sleep interrupted
2019-10-18 13:01:44,868 [018b3f78-d19f-4e26-a796-cb8ddc4f97cf@group-187684C21557-LeaderElection219] INFO  impl.LeaderElection (LeaderElection.java:logAndReturn(56)) - 018b3f78-d19f-4e26-a796-cb8ddc4f97cf@group-187684C21557-LeaderElection219: Election TIMEOUT; received 0 response(s) [] and 0 exception(s); 018b3f78-d19f-4e26-a796-cb8ddc4f97cf@group-187684C21557:t119, leader=null, voted=018b3f78-d19f-4e26-a796-cb8ddc4f97cf, raftlog=018b3f78-d19f-4e26-a796-cb8ddc4f97cf@group-187684C21557-SegmentedRaftLog:OPENED:c-1,f-1,i0, conf=-1: [893cf03e-f2cf-478a-892a-a746717e50e3:192.168.34.56:40750, 8697df36-98d2-41b1-bdc7-60597b3b5526:192.168.34.56:46415, 018b3f78-d19f-4e26-a796-cb8ddc4f97cf:192.168.34.56:35845], old=null
2019-10-18 13:01:44,868 [grpc-default-executor-7] INFO  impl.RoleInfo (RoleInfo.java:updateAndGet(143)) - 893cf03e-f2cf-478a-892a-a746717e50e3: start FollowerState
2019-10-18 13:01:44,911 [c124d131-afb9-4343-ad4e-aaebde613043@group-FF4202234884-LeaderElection218] INFO  impl.LeaderElection (LeaderElection.java:logAndReturn(56)) - c124d131-afb9-4343-ad4e-aaebde613043@group-FF4202234884-LeaderElection218: Election REJECTED; received 2 response(s) [c124d131-afb9-4343-ad4e-aaebde613043<-999343e7-0330-4874-a345-91eca72585e0#0:FAIL-t118, c124d131-afb9-4343-ad4e-aaebde613043<-e5bb327f-cdd7-4e49-919e-13a4c895fddf#0:FAIL-t118] and 0 exception(s); c124d131-afb9-4343-ad4e-aaebde613043@group-FF4202234884:t118, leader=null, voted=c124d131-afb9-4343-ad4e-aaebde613043, raftlog=c124d131-afb9-4343-ad4e-aaebde613043@group-FF4202234884-SegmentedRaftLog:OPENED:c-1,f-1,i0, conf=-1: [999343e7-0330-4874-a345-91eca72585e0:192.168.34.56:44872, c124d131-afb9-4343-ad4e-aaebde613043:192.168.34.56:42116, e5bb327f-cdd7-4e49-919e-13a4c895fddf:192.168.34.56:36658], old=null
2019-10-18 13:01:44,911 [c124d131-afb9-4343-ad4e-aaebde613043@group-FF4202234884-LeaderElection218] INFO  impl.RaftServerImpl (RaftServerImpl.java:setRole(184)) - c124d131-afb9-4343-ad4e-aaebde613043@group-FF4202234884: changes role from CANDIDATE to FOLLOWER at term 118 for DISCOVERED_A_NEW_TERM
2019-10-18 13:01:44,911 [c124d131-afb9-4343-ad4e-aaebde613043@group-FF4202234884-LeaderElection218] INFO  impl.RoleInfo (RoleInfo.java:shutdownLeaderElection(134)) - c124d131-afb9-4343-ad4e-aaebde613043: shutdown LeaderElection
2019-10-18 13:01:44,912 [018b3f78-d19f-4e26-a796-cb8ddc4f97cf@group-187684C21557-LeaderElection219] INFO  impl.LeaderElection (LeaderElection.java:askForVotes(178)) - 018b3f78-d19f-4e26-a796-cb8ddc4f97cf@group-187684C21557-LeaderElection219: begin an election at term 120 for -1: [893cf03e-f2cf-478a-892a-a746717e50e3:192.168.34.56:40750, 8697df36-98d2-41b1-bdc7-60597b3b5526:192.168.34.56:46415, 018b3f78-d19f-4e26-a796-cb8ddc4f97cf:192.168.34.56:35845], old=null
2019-10-18 13:01:44,912 [c124d131-afb9-4343-ad4e-aaebde613043@group-FF4202234884-LeaderElection218] INFO  impl.RoleInfo (RoleInfo.java:updateAndGet(143)) - c124d131-afb9-4343-ad4e-aaebde613043: start FollowerState
2019-10-18 13:01:44,913 [grpc-default-executor-7] INFO  impl.RaftServerImpl (RaftServerImpl.java:setRole(184)) - 893cf03e-f2cf-478a-892a-a746717e50e3@group-187684C21557: changes role from  FOLLOWER to FOLLOWER at term 120 for recognizeCandidate:018b3f78-d19f-4e26-a796-cb8ddc4f97cf
2019-10-18 13:01:44,913 [grpc-default-executor-7] INFO  impl.RoleInfo (RoleInfo.java:shutdownFollowerState(121)) - 893cf03e-f2cf-478a-892a-a746717e50e3: shutdown FollowerState
2019-10-18 13:01:44,913 [grpc-default-executor-7] INFO  impl.RoleInfo (RoleInfo.java:updateAndGet(143)) - 893cf03e-f2cf-478a-892a-a746717e50e3: start FollowerState
2019-10-18 13:01:44,913 [grpc-default-executor-2] INFO  impl.RaftServerImpl (RaftServerImpl.java:setRole(184)) - 8697df36-98d2-41b1-bdc7-60597b3b5526@group-187684C21557: changes role from  FOLLOWER to FOLLOWER at term 120 for recognizeCandidate:018b3f78-d19f-4e26-a796-cb8ddc4f97cf
2019-10-18 13:01:44,914 [grpc-default-executor-2] INFO  impl.RoleInfo (RoleInfo.java:shutdownFollowerState(121)) - 8697df36-98d2-41b1-bdc7-60597b3b5526: shutdown FollowerState
2019-10-18 13:01:44,913 [Thread-2016] INFO  impl.FollowerState (FollowerState.java:run(117)) - 893cf03e-f2cf-478a-892a-a746717e50e3@group-187684C21557-FollowerState was interrupted: java.lang.InterruptedException: sleep interrupted
2019-10-18 13:01:44,914 [Thread-2015] INFO  impl.FollowerState (FollowerState.java:run(117)) - 8697df36-98d2-41b1-bdc7-60597b3b5526@group-187684C21557-FollowerState was interrupted: java.lang.InterruptedException: sleep interrupted
2019-10-18 13:01:44,914 [grpc-default-executor-2] INFO  impl.RoleInfo (RoleInfo.java:updateAndGet(143)) - 8697df36-98d2-41b1-bdc7-60597b3b5526: start FollowerState
2019-10-18 13:01:44,937 [018b3f78-d19f-4e26-a796-cb8ddc4f97cf@group-187684C21557-LeaderElection219] INFO  impl.LeaderElection (LeaderElection.java:logAndReturn(56)) - 018b3f78-d19f-4e26-a796-cb8ddc4f97cf@group-187684C21557-LeaderElection219: Election REJECTED; received 2 response(s) [018b3f78-d19f-4e26-a796-cb8ddc4f97cf<-893cf03e-f2cf-478a-892a-a746717e50e3#0:FAIL-t120, 018b3f78-d19f-4e26-a796-cb8ddc4f97cf<-8697df36-98d2-41b1-bdc7-60597b3b5526#0:FAIL-t120] and 0 exception(s); 018b3f78-d19f-4e26-a796-cb8ddc4f97cf@group-187684C21557:t120, leader=null, voted=018b3f78-d19f-4e26-a796-cb8ddc4f97cf, raftlog=018b3f78-d19f-4e26-a796-cb8ddc4f97cf@group-187684C21557-SegmentedRaftLog:OPENED:c-1,f-1,i0, conf=-1: [893cf03e-f2cf-478a-892a-a746717e50e3:192.168.34.56:40750, 8697df36-98d2-41b1-bdc7-60597b3b5526:192.168.34.56:46415, 018b3f78-d19f-4e26-a796-cb8ddc4f97cf:192.168.34.56:35845], old=null
2019-10-18 13:01:44,938 [018b3f78-d19f-4e26-a796-cb8ddc4f97cf@group-187684C21557-LeaderElection219] INFO  impl.RaftServerImpl (RaftServerImpl.java:setRole(184)) - 018b3f78-d19f-4e26-a796-cb8ddc4f97cf@group-187684C21557: changes role from CANDIDATE to FOLLOWER at term 120 for DISCOVERED_A_NEW_TERM
2019-10-18 13:01:44,938 [018b3f78-d19f-4e26-a796-cb8ddc4f97cf@group-187684C21557-LeaderElection219] INFO  impl.RoleInfo (RoleInfo.java:shutdownLeaderElection(134)) - 018b3f78-d19f-4e26-a796-cb8ddc4f97cf: shutdown LeaderElection
2019-10-18 13:01:44,938 [018b3f78-d19f-4e26-a796-cb8ddc4f97cf@group-187684C21557-LeaderElection219] INFO  impl.RoleInfo (RoleInfo.java:updateAndGet(143)) - 018b3f78-d19f-4e26-a796-cb8ddc4f97cf: start FollowerState
2019-10-18 13:01:45,091 [Thread-2017] INFO  impl.FollowerState (FollowerState.java:run(108)) - c124d131-afb9-4343-ad4e-aaebde613043@group-FF4202234884-FollowerState: change to CANDIDATE, lastRpcTime:179ms, electionTimeout:179ms
2019-10-18 13:01:45,092 [Thread-2017] INFO  impl.RoleInfo (RoleInfo.java:shutdownFollowerState(121)) - c124d131-afb9-4343-ad4e-aaebde613043: shutdown FollowerState
2019-10-18 13:01:45,092 [Thread-2017] INFO  impl.RaftServerImpl (RaftServerImpl.java:setRole(184)) - c124d131-afb9-4343-ad4e-aaebde613043@group-FF4202234884: changes role from  FOLLOWER to CANDIDATE at term 118 for changeToCandidate
2019-10-18 13:01:45,092 [Thread-2017] INFO  impl.RoleInfo (RoleInfo.java:updateAndGet(143)) - c124d131-afb9-4343-ad4e-aaebde613043: start LeaderElection
2019-10-18 13:01:45,115 [c124d131-afb9-4343-ad4e-aaebde613043@group-FF4202234884-LeaderElection220] INFO  impl.LeaderElection (LeaderElection.java:askForVotes(178)) - c124d131-afb9-4343-ad4e-aaebde613043@group-FF4202234884-LeaderElection220: begin an election at term 119 for -1: [999343e7-0330-4874-a345-91eca72585e0:192.168.34.56:44872, c124d131-afb9-4343-ad4e-aaebde613043:192.168.34.56:42116, e5bb327f-cdd7-4e49-919e-13a4c895fddf:192.168.34.56:36658], old=null
2019-10-18 13:01:45,116 [grpc-default-executor-7] INFO  impl.RaftServerImpl (RaftServerImpl.java:setRole(184)) - e5bb327f-cdd7-4e49-919e-13a4c895fddf@group-FF4202234884: changes role from  FOLLOWER to FOLLOWER at term 119 for recognizeCandidate:c124d131-afb9-4343-ad4e-aaebde613043
2019-10-18 13:01:45,117 [grpc-default-executor-2] INFO  impl.RaftServerImpl (RaftServerImpl.java:setRole(184)) - 999343e7-0330-4874-a345-91eca72585e0@group-FF4202234884: changes role from  FOLLOWER to FOLLOWER at term 119 for recognizeCandidate:c124d131-afb9-4343-ad4e-aaebde613043
2019-10-18 13:01:45,117 [grpc-default-executor-2] INFO  impl.RoleInfo (RoleInfo.java:shutdownFollowerState(121)) - 999343e7-0330-4874-a345-91eca72585e0: shutdown FollowerState
2019-10-18 13:01:45,117 [grpc-default-executor-7] INFO  impl.RoleInfo (RoleInfo.java:shutdownFollowerState(121)) - e5bb327f-cdd7-4e49-919e-13a4c895fddf: shutdown FollowerState
2019-10-18 13:01:45,117 [Thread-2011] INFO  impl.FollowerState (FollowerState.java:run(117)) - 999343e7-0330-4874-a345-91eca72585e0@group-FF4202234884-FollowerState was interrupted: java.lang.InterruptedException: sleep interrupted
2019-10-18 13:01:45,117 [grpc-default-executor-2] INFO  impl.RoleInfo (RoleInfo.java:updateAndGet(143)) - 999343e7-0330-4874-a345-91eca72585e0: start FollowerState
2019-10-18 13:01:45,117 [Thread-2012] INFO  impl.FollowerState (FollowerState.java:run(117)) - e5bb327f-cdd7-4e49-919e-13a4c895fddf@group-FF4202234884-FollowerState was interrupted: java.lang.InterruptedException: sleep interrupted
2019-10-18 13:01:45,117 [grpc-default-executor-7] INFO  impl.RoleInfo (RoleInfo.java:updateAndGet(143)) - e5bb327f-cdd7-4e49-919e-13a4c895fddf: start FollowerState
2019-10-18 13:01:45,127 [Thread-2022] INFO  impl.FollowerState (FollowerState.java:run(108)) - 018b3f78-d19f-4e26-a796-cb8ddc4f97cf@group-187684C21557-FollowerState: change to CANDIDATE, lastRpcTime:189ms, electionTimeout:189ms
2019-10-18 13:01:45,127 [Thread-2022] INFO  impl.RoleInfo (RoleInfo.java:shutdownFollowerState(121)) - 018b3f78-d19f-4e26-a796-cb8ddc4f97cf: shutdown FollowerState
2019-10-18 13:01:45,128 [Thread-2022] INFO  impl.RaftServerImpl (RaftServerImpl.java:setRole(184)) - 018b3f78-d19f-4e26-a796-cb8ddc4f97cf@group-187684C21557: changes role from  FOLLOWER to CANDIDATE at term 120 for changeToCandidate
2019-10-18 13:01:45,128 [Thread-2022] INFO  impl.RoleInfo (RoleInfo.java:updateAndGet(143)) - 018b3f78-d19f-4e26-a796-cb8ddc4f97cf: start LeaderElection
2019-10-18 13:01:45,141 [c124d131-afb9-4343-ad4e-aaebde613043@group-FF4202234884-LeaderElection220] INFO  impl.LeaderElection (LeaderElection.java:logAndReturn(56)) - c124d131-afb9-4343-ad4e-aaebde613043@group-FF4202234884-LeaderElection220: Election REJECTED; received 2 response(s) [c124d131-afb9-4343-ad4e-aaebde613043<-999343e7-0330-4874-a345-91eca72585e0#0:FAIL-t119, c124d131-afb9-4343-ad4e-aaebde613043<-e5bb327f-cdd7-4e49-919e-13a4c895fddf#0:FAIL-t119] and 0 exception(s); c124d131-afb9-4343-ad4e-aaebde613043@group-FF4202234884:t119, leader=null, voted=c124d131-afb9-4343-ad4e-aaebde613043, raftlog=c124d131-afb9-4343-ad4e-aaebde613043@group-FF4202234884-SegmentedRaftLog:OPENED:c-1,f-1,i0, conf=-1: [999343e7-0330-4874-a345-91eca72585e0:192.168.34.56:44872, c124d131-afb9-4343-ad4e-aaebde613043:192.168.34.56:42116, e5bb327f-cdd7-4e49-919e-13a4c895fddf:192.168.34.56:36658], old=null
2019-10-18 13:01:45,141 [c124d131-afb9-4343-ad4e-aaebde613043@group-FF4202234884-LeaderElection220] INFO  impl.RaftServerImpl (RaftServerImpl.java:setRole(184)) - c124d131-afb9-4343-ad4e-aaebde613043@group-FF4202234884: changes role from CANDIDATE to FOLLOWER at term 119 for DISCOVERED_A_NEW_TERM
2019-10-18 13:01:45,141 [c124d131-afb9-4343-ad4e-aaebde613043@group-FF4202234884-LeaderElection220] INFO  impl.RoleInfo (RoleInfo.java:shutdownLeaderElection(134)) - c124d131-afb9-4343-ad4e-aaebde613043: shutdown LeaderElection
2019-10-18 13:01:45,141 [c124d131-afb9-4343-ad4e-aaebde613043@group-FF4202234884-LeaderElection220] INFO  impl.RoleInfo (RoleInfo.java:updateAndGet(143)) - c124d131-afb9-4343-ad4e-aaebde613043: start FollowerState
2019-10-18 13:01:45,142 [018b3f78-d19f-4e26-a796-cb8ddc4f97cf@group-187684C21557-LeaderElection221] INFO  impl.LeaderElection (LeaderElection.java:askForVotes(178)) - 018b3f78-d19f-4e26-a796-cb8ddc4f97cf@group-187684C21557-LeaderElection221: begin an election at term 121 for -1: [893cf03e-f2cf-478a-892a-a746717e50e3:192.168.34.56:40750, 8697df36-98d2-41b1-bdc7-60597b3b5526:192.168.34.56:46415, 018b3f78-d19f-4e26-a796-cb8ddc4f97cf:192.168.34.56:35845], old=null
2019-10-18 13:01:45,143 [grpc-default-executor-7] INFO  impl.RaftServerImpl (RaftServerImpl.java:setRole(184)) - 8697df36-98d2-41b1-bdc7-60597b3b5526@group-187684C21557: changes role from  FOLLOWER to FOLLOWER at term 121 for recognizeCandidate:018b3f78-d19f-4e26-a796-cb8ddc4f97cf
2019-10-18 13:01:45,143 [grpc-default-executor-7] INFO  impl.RoleInfo (RoleInfo.java:shutdownFollowerState(121)) - 8697df36-98d2-41b1-bdc7-60597b3b5526: shutdown FollowerState
2019-10-18 13:01:45,143 [grpc-default-executor-2] INFO  impl.RaftServerImpl (RaftServerImpl.java:setRole(184)) - 893cf03e-f2cf-478a-892a-a746717e50e3@group-187684C21557: changes role from  FOLLOWER to FOLLOWER at term 121 for recognizeCandidate:018b3f78-d19f-4e26-a796-cb8ddc4f97cf
2019-10-18 13:01:45,143 [Thread-2021] INFO  impl.FollowerState (FollowerState.java:run(117)) - 8697df36-98d2-41b1-bdc7-60597b3b5526@group-187684C21557-FollowerState was interrupted: java.lang.InterruptedException: sleep interrupted
2019-10-18 13:01:45,143 [grpc-default-executor-7] INFO  impl.RoleInfo (RoleInfo.java:updateAndGet(143)) - 8697df36-98d2-41b1-bdc7-60597b3b5526: start FollowerState
2019-10-18 13:01:45,144 [grpc-default-executor-2] INFO  impl.RoleInfo (RoleInfo.java:shutdownFollowerState(121)) - 893cf03e-f2cf-478a-892a-a746717e50e3: shutdown FollowerState
2019-10-18 13:01:45,144 [grpc-default-executor-2] INFO  impl.RoleInfo (RoleInfo.java:updateAndGet(143)) - 893cf03e-f2cf-478a-892a-a746717e50e3: start FollowerState
2019-10-18 13:01:45,144 [Thread-2020] INFO  impl.FollowerState (FollowerState.java:run(117)) - 893cf03e-f2cf-478a-892a-a746717e50e3@group-187684C21557-FollowerState was interrupted: java.lang.InterruptedException: sleep interrupted
2019-10-18 13:01:45,168 [018b3f78-d19f-4e26-a796-cb8ddc4f97cf@group-187684C21557-LeaderElection221] INFO  impl.LeaderElection (LeaderElection.java:logAndReturn(56)) - 018b3f78-d19f-4e26-a796-cb8ddc4f97cf@group-187684C21557-LeaderElection221: Election REJECTED; received 2 response(s) [018b3f78-d19f-4e26-a796-cb8ddc4f97cf<-893cf03e-f2cf-478a-892a-a746717e50e3#0:FAIL-t121, 018b3f78-d19f-4e26-a796-cb8ddc4f97cf<-8697df36-98d2-41b1-bdc7-60597b3b5526#0:FAIL-t121] and 0 exception(s); 018b3f78-d19f-4e26-a796-cb8ddc4f97cf@group-187684C21557:t121, leader=null, voted=018b3f78-d19f-4e26-a796-cb8ddc4f97cf, raftlog=018b3f78-d19f-4e26-a796-cb8ddc4f97cf@group-187684C21557-SegmentedRaftLog:OPENED:c-1,f-1,i0, conf=-1: [893cf03e-f2cf-478a-892a-a746717e50e3:192.168.34.56:40750, 8697df36-98d2-41b1-bdc7-60597b3b5526:192.168.34.56:46415, 018b3f78-d19f-4e26-a796-cb8ddc4f97cf:192.168.34.56:35845], old=null
2019-10-18 13:01:45,168 [018b3f78-d19f-4e26-a796-cb8ddc4f97cf@group-187684C21557-LeaderElection221] INFO  impl.RaftServerImpl (RaftServerImpl.java:setRole(184)) - 018b3f78-d19f-4e26-a796-cb8ddc4f97cf@group-187684C21557: changes role from CANDIDATE to FOLLOWER at term 121 for DISCOVERED_A_NEW_TERM
2019-10-18 13:01:45,169 [018b3f78-d19f-4e26-a796-cb8ddc4f97cf@group-187684C21557-LeaderElection221] INFO  impl.RoleInfo (RoleInfo.java:shutdownLeaderElection(134)) - 018b3f78-d19f-4e26-a796-cb8ddc4f97cf: shutdown LeaderElection
2019-10-18 13:01:45,169 [018b3f78-d19f-4e26-a796-cb8ddc4f97cf@group-187684C21557-LeaderElection221] INFO  impl.RoleInfo (RoleInfo.java:updateAndGet(143)) - 018b3f78-d19f-4e26-a796-cb8ddc4f97cf: start FollowerState
2019-10-18 13:01:45,235 [Thread-2035] INFO  impl.FollowerState (FollowerState.java:run(108)) - 018b3f78-d19f-4e26-a796-cb8ddc4f97cf@group-187684C21557-FollowerState: change to CANDIDATE, lastRpcTime:66ms, electionTimeout:66ms
2019-10-18 13:01:45,235 [Thread-2035] INFO  impl.RoleInfo (RoleInfo.java:shutdownFollowerState(121)) - 018b3f78-d19f-4e26-a796-cb8ddc4f97cf: shutdown FollowerState
2019-10-18 13:01:45,235 [Thread-2035] INFO  impl.RaftServerImpl (RaftServerImpl.java:setRole(184)) - 018b3f78-d19f-4e26-a796-cb8ddc4f97cf@group-187684C21557: changes role from  FOLLOWER to CANDIDATE at term 121 for changeToCandidate
2019-10-18 13:01:45,236 [Thread-2035] INFO  impl.RoleInfo (RoleInfo.java:updateAndGet(143)) - 018b3f78-d19f-4e26-a796-cb8ddc4f97cf: start LeaderElection
2019-10-18 13:01:45,259 [018b3f78-d19f-4e26-a796-cb8ddc4f97cf@group-187684C21557-LeaderElection222] INFO  impl.LeaderElection (LeaderElection.java:askForVotes(178)) - 018b3f78-d19f-4e26-a796-cb8ddc4f97cf@group-187684C21557-LeaderElection222: begin an election at term 122 for -1: [893cf03e-f2cf-478a-892a-a746717e50e3:192.168.34.56:40750, 8697df36-98d2-41b1-bdc7-60597b3b5526:192.168.34.56:46415, 018b3f78-d19f-4e26-a796-cb8ddc4f97cf:192.168.34.56:35845], old=null
2019-10-18 13:01:45,260 [grpc-default-executor-7] INFO  impl.RaftServerImpl (RaftServerImpl.java:setRole(184)) - 893cf03e-f2cf-478a-892a-a746717e50e3@group-187684C21557: changes role from  FOLLOWER to FOLLOWER at term 122 for recognizeCandidate:018b3f78-d19f-4e26-a796-cb8ddc4f97cf
2019-10-18 13:01:45,260 [grpc-default-executor-7] INFO  impl.RoleInfo (RoleInfo.java:shutdownFollowerState(121)) - 893cf03e-f2cf-478a-892a-a746717e50e3: shutdown FollowerState
2019-10-18 13:01:45,260 [grpc-default-executor-2] INFO  impl.RaftServerImpl (RaftServerImpl.java:setRole(184)) - 8697df36-98d2-41b1-bdc7-60597b3b5526@group-187684C21557: changes role from  FOLLOWER to FOLLOWER at term 122 for recognizeCandidate:018b3f78-d19f-4e26-a796-cb8ddc4f97cf
2019-10-18 13:01:45,260 [Thread-2033] INFO  impl.FollowerState (FollowerState.java:run(117)) - 893cf03e-f2cf-478a-892a-a746717e50e3@group-187684C21557-FollowerState was interrupted: java.lang.InterruptedException: sleep interrupted
2019-10-18 13:01:45,260 [grpc-default-executor-7] INFO  impl.RoleInfo (RoleInfo.java:updateAndGet(143)) - 893cf03e-f2cf-478a-892a-a746717e50e3: start FollowerState
2019-10-18 13:01:45,261 [grpc-default-executor-2] INFO  impl.RoleInfo (RoleInfo.java:shutdownFollowerState(121)) - 8697df36-98d2-41b1-bdc7-60597b3b5526: shutdown FollowerState
2019-10-18 13:01:45,261 [grpc-default-executor-2] INFO  impl.RoleInfo (RoleInfo.java:updateAndGet(143)) - 8697df36-98d2-41b1-bdc7-60597b3b5526: start FollowerState
2019-10-18 13:01:45,261 [Thread-2032] INFO  impl.FollowerState (FollowerState.java:run(117)) - 8697df36-98d2-41b1-bdc7-60597b3b5526@group-187684C21557-FollowerState was interrupted: java.lang.InterruptedException: sleep interrupted
2019-10-18 13:01:45,285 [018b3f78-d19f-4e26-a796-cb8ddc4f97cf@group-187684C21557-LeaderElection222] INFO  impl.LeaderElection (LeaderElection.java:logAndReturn(56)) - 018b3f78-d19f-4e26-a796-cb8ddc4f97cf@group-187684C21557-LeaderElection222: Election REJECTED; received 2 response(s) [018b3f78-d19f-4e26-a796-cb8ddc4f97cf<-893cf03e-f2cf-478a-892a-a746717e50e3#0:FAIL-t122, 018b3f78-d19f-4e26-a796-cb8ddc4f97cf<-8697df36-98d2-41b1-bdc7-60597b3b5526#0:FAIL-t122] and 0 exception(s); 018b3f78-d19f-4e26-a796-cb8ddc4f97cf@group-187684C21557:t122, leader=null, voted=018b3f78-d19f-4e26-a796-cb8ddc4f97cf, raftlog=018b3f78-d19f-4e26-a796-cb8ddc4f97cf@group-187684C21557-SegmentedRaftLog:OPENED:c-1,f-1,i0, conf=-1: [893cf03e-f2cf-478a-892a-a746717e50e3:192.168.34.56:40750, 8697df36-98d2-41b1-bdc7-60597b3b5526:192.168.34.56:46415, 018b3f78-d19f-4e26-a796-cb8ddc4f97cf:192.168.34.56:35845], old=null
2019-10-18 13:01:45,285 [018b3f78-d19f-4e26-a796-cb8ddc4f97cf@group-187684C21557-LeaderElection222] INFO  impl.RaftServerImpl (RaftServerImpl.java:setRole(184)) - 018b3f78-d19f-4e26-a796-cb8ddc4f97cf@group-187684C21557: changes role from CANDIDATE to FOLLOWER at term 122 for DISCOVERED_A_NEW_TERM
2019-10-18 13:01:45,285 [018b3f78-d19f-4e26-a796-cb8ddc4f97cf@group-187684C21557-LeaderElection222] INFO  impl.RoleInfo (RoleInfo.java:shutdownLeaderElection(134)) - 018b3f78-d19f-4e26-a796-cb8ddc4f97cf: shutdown LeaderElection
2019-10-18 13:01:45,285 [018b3f78-d19f-4e26-a796-cb8ddc4f97cf@group-187684C21557-LeaderElection222] INFO  impl.RoleInfo (RoleInfo.java:updateAndGet(143)) - 018b3f78-d19f-4e26-a796-cb8ddc4f97cf: start FollowerState
2019-10-18 13:01:45,302 [Thread-2029] INFO  impl.FollowerState (FollowerState.java:run(108)) - c124d131-afb9-4343-ad4e-aaebde613043@group-FF4202234884-FollowerState: change to CANDIDATE, lastRpcTime:160ms, electionTimeout:160ms
2019-10-18 13:01:45,302 [Thread-2029] INFO  impl.RoleInfo (RoleInfo.java:shutdownFollowerState(121)) - c124d131-afb9-4343-ad4e-aaebde613043: shutdown FollowerState
2019-10-18 13:01:45,302 [Thread-2029] INFO  impl.RaftServerImpl (RaftServerImpl.java:setRole(184)) - c124d131-afb9-4343-ad4e-aaebde613043@group-FF4202234884: changes role from  FOLLOWER to CANDIDATE at term 119 for changeToCandidate
2019-10-18 13:01:45,302 [Thread-2029] INFO  impl.RoleInfo (RoleInfo.java:updateAndGet(143)) - c124d131-afb9-4343-ad4e-aaebde613043: start LeaderElection
2019-10-18 13:01:45,336 [c124d131-afb9-4343-ad4e-aaebde613043@group-FF4202234884-LeaderElection223] INFO  impl.LeaderElection (LeaderElection.java:askForVotes(178)) - c124d131-afb9-4343-ad4e-aaebde613043@group-FF4202234884-LeaderElection223: begin an election at term 120 for -1: [999343e7-0330-4874-a345-91eca72585e0:192.168.34.56:44872, c124d131-afb9-4343-ad4e-aaebde613043:192.168.34.56:42116, e5bb327f-cdd7-4e49-919e-13a4c895fddf:192.168.34.56:36658], old=null
2019-10-18 13:01:45,338 [grpc-default-executor-2] INFO  impl.RaftServerImpl (RaftServerImpl.java:setRole(184)) - e5bb327f-cdd7-4e49-919e-13a4c895fddf@group-FF4202234884: changes role from  FOLLOWER to FOLLOWER at term 120 for recognizeCandidate:c124d131-afb9-4343-ad4e-aaebde613043
2019-10-18 13:01:45,338 [grpc-default-executor-7] INFO  impl.RaftServerImpl (RaftServerImpl.java:setRole(184)) - 999343e7-0330-4874-a345-91eca72585e0@group-FF4202234884: changes role from  FOLLOWER to FOLLOWER at term 120 for recognizeCandidate:c124d131-afb9-4343-ad4e-aaebde613043
2019-10-18 13:01:45,338 [grpc-default-executor-2] INFO  impl.RoleInfo (RoleInfo.java:shutdownFollowerState(121)) - e5bb327f-cdd7-4e49-919e-13a4c895fddf: shutdown FollowerState
2019-10-18 13:01:45,338 [grpc-default-executor-7] INFO  impl.RoleInfo (RoleInfo.java:shutdownFollowerState(121)) - 999343e7-0330-4874-a345-91eca72585e0: shutdown FollowerState
2019-10-18 13:01:45,339 [Thread-2027] INFO  impl.FollowerState (FollowerState.java:run(117)) - e5bb327f-cdd7-4e49-919e-13a4c895fddf@group-FF4202234884-FollowerState was interrupted: java.lang.InterruptedException: sleep interrupted
2019-10-18 13:01:45,339 [Thread-2026] INFO  impl.FollowerState (FollowerState.java:run(117)) - 999343e7-0330-4874-a345-91eca72585e0@group-FF4202234884-FollowerState was interrupted: java.lang.InterruptedException: sleep interrupted
2019-10-18 13:01:45,338 [grpc-default-executor-2] INFO  impl.RoleInfo (RoleInfo.java:updateAndGet(143)) - e5bb327f-cdd7-4e49-919e-13a4c895fddf: start FollowerState
2019-10-18 13:01:45,339 [grpc-default-executor-7] INFO  impl.RoleInfo (RoleInfo.java:updateAndGet(143)) - 999343e7-0330-4874-a345-91eca72585e0: start FollowerState
2019-10-18 13:01:45,365 [c124d131-afb9-4343-ad4e-aaebde613043@group-FF4202234884-LeaderElection223] INFO  impl.LeaderElection (LeaderElection.java:logAndReturn(56)) - c124d131-afb9-4343-ad4e-aaebde613043@group-FF4202234884-LeaderElection223: Election REJECTED; received 2 response(s) [c124d131-afb9-4343-ad4e-aaebde613043<-999343e7-0330-4874-a345-91eca72585e0#0:FAIL-t120, c124d131-afb9-4343-ad4e-aaebde613043<-e5bb327f-cdd7-4e49-919e-13a4c895fddf#0:FAIL-t120] and 0 exception(s); c124d131-afb9-4343-ad4e-aaebde613043@group-FF4202234884:t120, leader=null, voted=c124d131-afb9-4343-ad4e-aaebde613043, raftlog=c124d131-afb9-4343-ad4e-aaebde613043@group-FF4202234884-SegmentedRaftLog:OPENED:c-1,f-1,i0, conf=-1: [999343e7-0330-4874-a345-91eca72585e0:192.168.34.56:44872, c124d131-afb9-4343-ad4e-aaebde613043:192.168.34.56:42116, e5bb327f-cdd7-4e49-919e-13a4c895fddf:192.168.34.56:36658], old=null
2019-10-18 13:01:45,366 [c124d131-afb9-4343-ad4e-aaebde613043@group-FF4202234884-LeaderElection223] INFO  impl.RaftServerImpl (RaftServerImpl.java:setRole(184)) - c124d131-afb9-4343-ad4e-aaebde613043@group-FF4202234884: changes role from CANDIDATE to FOLLOWER at term 120 for DISCOVERED_A_NEW_TERM
2019-10-18 13:01:45,366 [c124d131-afb9-4343-ad4e-aaebde613043@group-FF4202234884-LeaderElection223] INFO  impl.RoleInfo (RoleInfo.java:shutdownLeaderElection(134)) - c124d131-afb9-4343-ad4e-aaebde613043: shutdown LeaderElection
2019-10-18 13:01:45,366 [c124d131-afb9-4343-ad4e-aaebde613043@group-FF4202234884-LeaderElection223] INFO  impl.RoleInfo (RoleInfo.java:updateAndGet(143)) - c124d131-afb9-4343-ad4e-aaebde613043: start FollowerState
2019-10-18 13:01:45,397 [Thread-2042] INFO  impl.FollowerState (FollowerState.java:run(108)) - 018b3f78-d19f-4e26-a796-cb8ddc4f97cf@group-187684C21557-FollowerState: change to CANDIDATE, lastRpcTime:112ms, electionTimeout:112ms
2019-10-18 13:01:45,398 [Thread-2042] INFO  impl.RoleInfo (RoleInfo.java:shutdownFollowerState(121)) - 018b3f78-d19f-4e26-a796-cb8ddc4f97cf: shutdown FollowerState
2019-10-18 13:01:45,398 [Thread-2042] INFO  impl.RaftServerImpl (RaftServerImpl.java:setRole(184)) - 018b3f78-d19f-4e26-a796-cb8ddc4f97cf@group-187684C21557: changes role from  FOLLOWER to CANDIDATE at term 122 for changeToCandidate
2019-10-18 13:01:45,398 [Thread-2042] INFO  impl.RoleInfo (RoleInfo.java:updateAndGet(143)) - 018b3f78-d19f-4e26-a796-cb8ddc4f97cf: start LeaderElection
2019-10-18 13:01:45,422 [018b3f78-d19f-4e26-a796-cb8ddc4f97cf@group-187684C21557-LeaderElection224] INFO  impl.LeaderElection (LeaderElection.java:askForVotes(178)) - 018b3f78-d19f-4e26-a796-cb8ddc4f97cf@group-187684C21557-LeaderElection224: begin an election at term 123 for -1: [893cf03e-f2cf-478a-892a-a746717e50e3:192.168.34.56:40750, 8697df36-98d2-41b1-bdc7-60597b3b5526:192.168.34.56:46415, 018b3f78-d19f-4e26-a796-cb8ddc4f97cf:192.168.34.56:35845], old=null
2019-10-18 13:01:45,423 [grpc-default-executor-2] INFO  impl.RaftServerImpl (RaftServerImpl.java:setRole(184)) - 8697df36-98d2-41b1-bdc7-60597b3b5526@group-187684C21557: changes role from  FOLLOWER to FOLLOWER at term 123 for recognizeCandidate:018b3f78-d19f-4e26-a796-cb8ddc4f97cf
2019-10-18 13:01:45,423 [grpc-default-executor-7] INFO  impl.RaftServerImpl (RaftServerImpl.java:setRole(184)) - 893cf03e-f2cf-478a-892a-a746717e50e3@group-187684C21557: changes role from  FOLLOWER to FOLLOWER at term 123 for recognizeCandidate:018b3f78-d19f-4e26-a796-cb8ddc4f97cf
2019-10-18 13:01:45,423 [grpc-default-executor-2] INFO  impl.RoleInfo (RoleInfo.java:shutdownFollowerState(121)) - 8697df36-98d2-41b1-bdc7-60597b3b5526: shutdown FollowerState
2019-10-18 13:01:45,423 [grpc-default-executor-7] INFO  impl.RoleInfo (RoleInfo.java:shutdownFollowerState(121)) - 893cf03e-f2cf-478a-892a-a746717e50e3: shutdown FollowerState
2019-10-18 13:01:45,424 [grpc-default-executor-2] INFO  impl.RoleInfo (RoleInfo.java:updateAndGet(143)) - 8697df36-98d2-41b1-bdc7-60597b3b5526: start FollowerState
2019-10-18 13:01:45,424 [grpc-default-executor-7] INFO  impl.RoleInfo (RoleInfo.java:updateAndGet(143)) - 893cf03e-f2cf-478a-892a-a746717e50e3: start FollowerState
2019-10-18 13:01:45,424 [Thread-2041] INFO  impl.FollowerState (FollowerState.java:run(117)) - 8697df36-98d2-41b1-bdc7-60597b3b5526@group-187684C21557-FollowerState was interrupted: java.lang.InterruptedException: sleep interrupted
2019-10-18 13:01:45,424 [Thread-2040] INFO  impl.FollowerState (FollowerState.java:run(117)) - 893cf03e-f2cf-478a-892a-a746717e50e3@group-187684C21557-FollowerState was interrupted: java.lang.InterruptedException: sleep interrupted
2019-10-18 13:01:45,437 [018b3f78-d19f-4e26-a796-cb8ddc4f97cf@group-187684C21557-LeaderElection224] INFO  impl.LeaderElection (LeaderElection.java:logAndReturn(56)) - 018b3f78-d19f-4e26-a796-cb8ddc4f97cf@group-187684C21557-LeaderElection224: Election TIMEOUT; received 0 response(s) [] and 0 exception(s); 018b3f78-d19f-4e26-a796-cb8ddc4f97cf@group-187684C21557:t123, leader=null, voted=018b3f78-d19f-4e26-a796-cb8ddc4f97cf, raftlog=018b3f78-d19f-4e26-a796-cb8ddc4f97cf@group-187684C21557-SegmentedRaftLog:OPENED:c-1,f-1,i0, conf=-1: [893cf03e-f2cf-478a-892a-a746717e50e3:192.168.34.56:40750, 8697df36-98d2-41b1-bdc7-60597b3b5526:192.168.34.56:46415, 018b3f78-d19f-4e26-a796-cb8ddc4f97cf:192.168.34.56:35845], old=null
2019-10-18 13:01:45,462 [018b3f78-d19f-4e26-a796-cb8ddc4f97cf@group-187684C21557-LeaderElection224] INFO  impl.LeaderElection (LeaderElection.java:askForVotes(178)) - 018b3f78-d19f-4e26-a796-cb8ddc4f97cf@group-187684C21557-LeaderElection224: begin an election at term 124 for -1: [893cf03e-f2cf-478a-892a-a746717e50e3:192.168.34.56:40750, 8697df36-98d2-41b1-bdc7-60597b3b5526:192.168.34.56:46415, 018b3f78-d19f-4e26-a796-cb8ddc4f97cf:192.168.34.56:35845], old=null
2019-10-18 13:01:45,463 [grpc-default-executor-2] INFO  impl.RaftServerImpl (RaftServerImpl.java:setRole(184)) - 8697df36-98d2-41b1-bdc7-60597b3b5526@group-187684C21557: changes role from  FOLLOWER to FOLLOWER at term 124 for recognizeCandidate:018b3f78-d19f-4e26-a796-cb8ddc4f97cf
2019-10-18 13:01:45,463 [grpc-default-executor-2] INFO  impl.RoleInfo (RoleInfo.java:shutdownFollowerState(121)) - 8697df36-98d2-41b1-bdc7-60597b3b5526: shutdown FollowerState
2019-10-18 13:01:45,463 [grpc-default-executor-7] INFO  impl.RaftServerImpl (RaftServerImpl.java:setRole(184)) - 893cf03e-f2cf-478a-892a-a746717e50e3@group-187684C21557: changes role from  FOLLOWER to FOLLOWER at term 124 for recognizeCandidate:018b3f78-d19f-4e26-a796-cb8ddc4f97cf
2019-10-18 13:01:45,463 [Thread-2052] INFO  impl.FollowerState (FollowerState.java:run(117)) - 8697df36-98d2-41b1-bdc7-60597b3b5526@group-187684C21557-FollowerState was interrupted: java.lang.InterruptedException: sleep interrupted
2019-10-18 13:01:45,463 [grpc-default-executor-2] INFO  impl.RoleInfo (RoleInfo.java:updateAndGet(143)) - 8697df36-98d2-41b1-bdc7-60597b3b5526: start FollowerState
2019-10-18 13:01:45,464 [grpc-default-executor-7] INFO  impl.RoleInfo (RoleInfo.java:shutdownFollowerState(121)) - 893cf03e-f2cf-478a-892a-a746717e50e3: shutdown FollowerState
2019-10-18 13:01:45,464 [grpc-default-executor-7] INFO  impl.RoleInfo (RoleInfo.java:updateAndGet(143)) - 893cf03e-f2cf-478a-892a-a746717e50e3: start FollowerState
2019-10-18 13:01:45,464 [Thread-2053] INFO  impl.FollowerState (FollowerState.java:run(117)) - 893cf03e-f2cf-478a-892a-a746717e50e3@group-187684C21557-FollowerState was interrupted: java.lang.InterruptedException: sleep interrupted
2019-10-18 13:01:45,481 [Thread-2048] INFO  impl.FollowerState (FollowerState.java:run(108)) - c124d131-afb9-4343-ad4e-aaebde613043@group-FF4202234884-FollowerState: change to CANDIDATE, lastRpcTime:115ms, electionTimeout:115ms
2019-10-18 13:01:45,481 [Thread-2048] INFO  impl.RoleInfo (RoleInfo.java:shutdownFollowerState(121)) - c124d131-afb9-4343-ad4e-aaebde613043: shutdown FollowerState
2019-10-18 13:01:45,481 [Thread-2048] INFO  impl.RaftServerImpl (RaftServerImpl.java:setRole(184)) - c124d131-afb9-4343-ad4e-aaebde613043@group-FF4202234884: changes role from  FOLLOWER to CANDIDATE at term 120 for changeToCandidate
2019-10-18 13:01:45,482 [Thread-2048] INFO  impl.RoleInfo (RoleInfo.java:updateAndGet(143)) - c124d131-afb9-4343-ad4e-aaebde613043: start LeaderElection
2019-10-18 13:01:45,530 [018b3f78-d19f-4e26-a796-cb8ddc4f97cf@group-187684C21557-LeaderElection224] INFO  impl.LeaderElection (LeaderElection.java:logAndReturn(56)) - 018b3f78-d19f-4e26-a796-cb8ddc4f97cf@group-187684C21557-LeaderElection224: Election REJECTED; received 2 response(s) [018b3f78-d19f-4e26-a796-cb8ddc4f97cf<-893cf03e-f2cf-478a-892a-a746717e50e3#0:FAIL-t124, 018b3f78-d19f-4e26-a796-cb8ddc4f97cf<-8697df36-98d2-41b1-bdc7-60597b3b5526#0:FAIL-t124] and 0 exception(s); 018b3f78-d19f-4e26-a796-cb8ddc4f97cf@group-187684C21557:t124, leader=null, voted=018b3f78-d19f-4e26-a796-cb8ddc4f97cf, raftlog=018b3f78-d19f-4e26-a796-cb8ddc4f97cf@group-187684C21557-SegmentedRaftLog:OPENED:c-1,f-1,i0, conf=-1: [893cf03e-f2cf-478a-892a-a746717e50e3:192.168.34.56:40750, 8697df36-98d2-41b1-bdc7-60597b3b5526:192.168.34.56:46415, 018b3f78-d19f-4e26-a796-cb8ddc4f97cf:192.168.34.56:35845], old=null
2019-10-18 13:01:45,530 [018b3f78-d19f-4e26-a796-cb8ddc4f97cf@group-187684C21557-LeaderElection224] INFO  impl.RaftServerImpl (RaftServerImpl.java:setRole(184)) - 018b3f78-d19f-4e26-a796-cb8ddc4f97cf@group-187684C21557: changes role from CANDIDATE to FOLLOWER at term 124 for DISCOVERED_A_NEW_TERM
2019-10-18 13:01:45,530 [018b3f78-d19f-4e26-a796-cb8ddc4f97cf@group-187684C21557-LeaderElection224] INFO  impl.RoleInfo (RoleInfo.java:shutdownLeaderElection(134)) - 018b3f78-d19f-4e26-a796-cb8ddc4f97cf: shutdown LeaderElection
2019-10-18 13:01:45,531 [018b3f78-d19f-4e26-a796-cb8ddc4f97cf@group-187684C21557-LeaderElection224] INFO  impl.RoleInfo (RoleInfo.java:updateAndGet(143)) - 018b3f78-d19f-4e26-a796-cb8ddc4f97cf: start FollowerState
2019-10-18 13:01:45,546 [c124d131-afb9-4343-ad4e-aaebde613043@group-FF4202234884-LeaderElection225] INFO  impl.LeaderElection (LeaderElection.java:askForVotes(178)) - c124d131-afb9-4343-ad4e-aaebde613043@group-FF4202234884-LeaderElection225: begin an election at term 121 for -1: [999343e7-0330-4874-a345-91eca72585e0:192.168.34.56:44872, c124d131-afb9-4343-ad4e-aaebde613043:192.168.34.56:42116, e5bb327f-cdd7-4e49-919e-13a4c895fddf:192.168.34.56:36658], old=null
2019-10-18 13:01:45,548 [grpc-default-executor-7] INFO  impl.RaftServerImpl (RaftServerImpl.java:setRole(184)) - 999343e7-0330-4874-a345-91eca72585e0@group-FF4202234884: changes role from  FOLLOWER to FOLLOWER at term 121 for recognizeCandidate:c124d131-afb9-4343-ad4e-aaebde613043
2019-10-18 13:01:45,548 [grpc-default-executor-2] INFO  impl.RaftServerImpl (RaftServerImpl.java:setRole(184)) - e5bb327f-cdd7-4e49-919e-13a4c895fddf@group-FF4202234884: changes role from  FOLLOWER to FOLLOWER at term 121 for recognizeCandidate:c124d131-afb9-4343-ad4e-aaebde613043
2019-10-18 13:01:45,548 [grpc-default-executor-7] INFO  impl.RoleInfo (RoleInfo.java:shutdownFollowerState(121)) - 999343e7-0330-4874-a345-91eca72585e0: shutdown FollowerState
2019-10-18 13:01:45,548 [grpc-default-executor-2] INFO  impl.RoleInfo (RoleInfo.java:shutdownFollowerState(121)) - e5bb327f-cdd7-4e49-919e-13a4c895fddf: shutdown FollowerState
2019-10-18 13:01:45,548 [Thread-2047] INFO  impl.FollowerState (FollowerState.java:run(117)) - 999343e7-0330-4874-a345-91eca72585e0@group-FF4202234884-FollowerState was interrupted: java.lang.InterruptedException: sleep interrupted
2019-10-18 13:01:45,548 [grpc-default-executor-7] INFO  impl.RoleInfo (RoleInfo.java:updateAndGet(143)) - 999343e7-0330-4874-a345-91eca72585e0: start FollowerState
2019-10-18 13:01:45,548 [Thread-2046] INFO  impl.FollowerState (FollowerState.java:run(117)) - e5bb327f-cdd7-4e49-919e-13a4c895fddf@group-FF4202234884-FollowerState was interrupted: java.lang.InterruptedException: sleep interrupted
2019-10-18 13:01:45,548 [grpc-default-executor-2] INFO  impl.RoleInfo (RoleInfo.java:updateAndGet(143)) - e5bb327f-cdd7-4e49-919e-13a4c895fddf: start FollowerState
2019-10-18 13:01:45,600 [c124d131-afb9-4343-ad4e-aaebde613043@group-FF4202234884-LeaderElection225] INFO  impl.LeaderElection (LeaderElection.java:logAndReturn(56)) - c124d131-afb9-4343-ad4e-aaebde613043@group-FF4202234884-LeaderElection225: Election REJECTED; received 2 response(s) [c124d131-afb9-4343-ad4e-aaebde613043<-999343e7-0330-4874-a345-91eca72585e0#0:FAIL-t121, c124d131-afb9-4343-ad4e-aaebde613043<-e5bb327f-cdd7-4e49-919e-13a4c895fddf#0:FAIL-t121] and 0 exception(s); c124d131-afb9-4343-ad4e-aaebde613043@group-FF4202234884:t121, leader=null, voted=c124d131-afb9-4343-ad4e-aaebde613043, raftlog=c124d131-afb9-4343-ad4e-aaebde613043@group-FF4202234884-SegmentedRaftLog:OPENED:c-1,f-1,i0, conf=-1: [999343e7-0330-4874-a345-91eca72585e0:192.168.34.56:44872, c124d131-afb9-4343-ad4e-aaebde613043:192.168.34.56:42116, e5bb327f-cdd7-4e49-919e-13a4c895fddf:192.168.34.56:36658], old=null
2019-10-18 13:01:45,600 [c124d131-afb9-4343-ad4e-aaebde613043@group-FF4202234884-LeaderElection225] INFO  impl.RaftServerImpl (RaftServerImpl.java:setRole(184)) - c124d131-afb9-4343-ad4e-aaebde613043@group-FF4202234884: changes role from CANDIDATE to FOLLOWER at term 121 for DISCOVERED_A_NEW_TERM
2019-10-18 13:01:45,600 [c124d131-afb9-4343-ad4e-aaebde613043@group-FF4202234884-LeaderElection225] INFO  impl.RoleInfo (RoleInfo.java:shutdownLeaderElection(134)) - c124d131-afb9-4343-ad4e-aaebde613043: shutdown LeaderElection
2019-10-18 13:01:45,600 [c124d131-afb9-4343-ad4e-aaebde613043@group-FF4202234884-LeaderElection225] INFO  impl.RoleInfo (RoleInfo.java:updateAndGet(143)) - c124d131-afb9-4343-ad4e-aaebde613043: start FollowerState
2019-10-18 13:01:45,666 [Thread-2059] INFO  impl.FollowerState (FollowerState.java:run(108)) - 018b3f78-d19f-4e26-a796-cb8ddc4f97cf@group-187684C21557-FollowerState: change to CANDIDATE, lastRpcTime:135ms, electionTimeout:135ms
2019-10-18 13:01:45,666 [Thread-2059] INFO  impl.RoleInfo (RoleInfo.java:shutdownFollowerState(121)) - 018b3f78-d19f-4e26-a796-cb8ddc4f97cf: shutdown FollowerState
2019-10-18 13:01:45,666 [Thread-2059] INFO  impl.RaftServerImpl (RaftServerImpl.java:setRole(184)) - 018b3f78-d19f-4e26-a796-cb8ddc4f97cf@group-187684C21557: changes role from  FOLLOWER to CANDIDATE at term 124 for changeToCandidate
2019-10-18 13:01:45,666 [Thread-2059] INFO  impl.RoleInfo (RoleInfo.java:updateAndGet(143)) - 018b3f78-d19f-4e26-a796-cb8ddc4f97cf: start LeaderElection
2019-10-18 13:01:45,690 [018b3f78-d19f-4e26-a796-cb8ddc4f97cf@group-187684C21557-LeaderElection226] INFO  impl.LeaderElection (LeaderElection.java:askForVotes(178)) - 018b3f78-d19f-4e26-a796-cb8ddc4f97cf@group-187684C21557-LeaderElection226: begin an election at term 125 for -1: [893cf03e-f2cf-478a-892a-a746717e50e3:192.168.34.56:40750, 8697df36-98d2-41b1-bdc7-60597b3b5526:192.168.34.56:46415, 018b3f78-d19f-4e26-a796-cb8ddc4f97cf:192.168.34.56:35845], old=null
2019-10-18 13:01:45,692 [grpc-default-executor-2] INFO  impl.RaftServerImpl (RaftServerImpl.java:setRole(184)) - 893cf03e-f2cf-478a-892a-a746717e50e3@group-187684C21557: changes role from  FOLLOWER to FOLLOWER at term 125 for recognizeCandidate:018b3f78-d19f-4e26-a796-cb8ddc4f97cf
2019-10-18 13:01:45,692 [grpc-default-executor-7] INFO  impl.RaftServerImpl (RaftServerImpl.java:setRole(184)) - 8697df36-98d2-41b1-bdc7-60597b3b5526@group-187684C21557: changes role from  FOLLOWER to FOLLOWER at term 125 for recognizeCandidate:018b3f78-d19f-4e26-a796-cb8ddc4f97cf
2019-10-18 13:01:45,692 [grpc-default-executor-7] INFO  impl.RoleInfo (RoleInfo.java:shutdownFollowerState(121)) - 8697df36-98d2-41b1-bdc7-60597b3b5526: shutdown FollowerState
2019-10-18 13:01:45,692 [grpc-default-executor-2] INFO  impl.RoleInfo (RoleInfo.java:shutdownFollowerState(121)) - 893cf03e-f2cf-478a-892a-a746717e50e3: shutdown FollowerState
2019-10-18 13:01:45,693 [Thread-2056] INFO  impl.FollowerState (FollowerState.java:run(117)) - 8697df36-98d2-41b1-bdc7-60597b3b5526@group-187684C21557-FollowerState was interrupted: java.lang.InterruptedException: sleep interrupted
2019-10-18 13:01:45,693 [grpc-default-executor-7] INFO  impl.RoleInfo (RoleInfo.java:updateAndGet(143)) - 8697df36-98d2-41b1-bdc7-60597b3b5526: start FollowerState
2019-10-18 13:01:45,693 [grpc-default-executor-2] INFO  impl.RoleInfo (RoleInfo.java:updateAndGet(143)) - 893cf03e-f2cf-478a-892a-a746717e50e3: start FollowerState
2019-10-18 13:01:45,693 [Thread-2057] INFO  impl.FollowerState (FollowerState.java:run(117)) - 893cf03e-f2cf-478a-892a-a746717e50e3@group-187684C21557-FollowerState was interrupted: java.lang.InterruptedException: sleep interrupted
2019-10-18 13:01:45,699 [018b3f78-d19f-4e26-a796-cb8ddc4f97cf@group-187684C21557-LeaderElection226] INFO  impl.LeaderElection (LeaderElection.java:logAndReturn(56)) - 018b3f78-d19f-4e26-a796-cb8ddc4f97cf@group-187684C21557-LeaderElection226: Election TIMEOUT; received 0 response(s) [] and 0 exception(s); 018b3f78-d19f-4e26-a796-cb8ddc4f97cf@group-187684C21557:t125, leader=null, voted=018b3f78-d19f-4e26-a796-cb8ddc4f97cf, raftlog=018b3f78-d19f-4e26-a796-cb8ddc4f97cf@group-187684C21557-SegmentedRaftLog:OPENED:c-1,f-1,i0, conf=-1: [893cf03e-f2cf-478a-892a-a746717e50e3:192.168.34.56:40750, 8697df36-98d2-41b1-bdc7-60597b3b5526:192.168.34.56:46415, 018b3f78-d19f-4e26-a796-cb8ddc4f97cf:192.168.34.56:35845], old=null
2019-10-18 13:01:45,721 [018b3f78-d19f-4e26-a796-cb8ddc4f97cf@group-187684C21557-LeaderElection226] INFO  impl.LeaderElection (LeaderElection.java:askForVotes(178)) - 018b3f78-d19f-4e26-a796-cb8ddc4f97cf@group-187684C21557-LeaderElection226: begin an election at term 126 for -1: [893cf03e-f2cf-478a-892a-a746717e50e3:192.168.34.56:40750, 8697df36-98d2-41b1-bdc7-60597b3b5526:192.168.34.56:46415, 018b3f78-d19f-4e26-a796-cb8ddc4f97cf:192.168.34.56:35845], old=null
2019-10-18 13:01:45,722 [grpc-default-executor-2] INFO  impl.RaftServerImpl (RaftServerImpl.java:setRole(184)) - 893cf03e-f2cf-478a-892a-a746717e50e3@group-187684C21557: changes role from  FOLLOWER to FOLLOWER at term 126 for recognizeCandidate:018b3f78-d19f-4e26-a796-cb8ddc4f97cf
2019-10-18 13:01:45,722 [grpc-default-executor-7] INFO  impl.RaftServerImpl (RaftServerImpl.java:setRole(184)) - 8697df36-98d2-41b1-bdc7-60597b3b5526@group-187684C21557: changes role from  FOLLOWER to FOLLOWER at term 126 for recognizeCandidate:018b3f78-d19f-4e26-a796-cb8ddc4f97cf
2019-10-18 13:01:45,722 [grpc-default-executor-2] INFO  impl.RoleInfo (RoleInfo.java:shutdownFollowerState(121)) - 893cf03e-f2cf-478a-892a-a746717e50e3: shutdown FollowerState
2019-10-18 13:01:45,722 [grpc-default-executor-7] INFO  impl.RoleInfo (RoleInfo.java:shutdownFollowerState(121)) - 8697df36-98d2-41b1-bdc7-60597b3b5526: shutdown FollowerState
2019-10-18 13:01:45,722 [grpc-default-executor-2] INFO  impl.RoleInfo (RoleInfo.java:updateAndGet(143)) - 893cf03e-f2cf-478a-892a-a746717e50e3: start FollowerState
2019-10-18 13:01:45,722 [grpc-default-executor-7] INFO  impl.RoleInfo (RoleInfo.java:updateAndGet(143)) - 8697df36-98d2-41b1-bdc7-60597b3b5526: start FollowerState
2019-10-18 13:01:45,722 [Thread-2071] INFO  impl.FollowerState (FollowerState.java:run(117)) - 893cf03e-f2cf-478a-892a-a746717e50e3@group-187684C21557-FollowerState was interrupted: java.lang.InterruptedException: sleep interrupted
2019-10-18 13:01:45,723 [Thread-2070] INFO  impl.FollowerState (FollowerState.java:run(117)) - 8697df36-98d2-41b1-bdc7-60597b3b5526@group-187684C21557-FollowerState was interrupted: java.lang.InterruptedException: sleep interrupted
2019-10-18 13:01:45,733 [018b3f78-d19f-4e26-a796-cb8ddc4f97cf@group-187684C21557-LeaderElection226] INFO  impl.LeaderElection (LeaderElection.java:logAndReturn(56)) - 018b3f78-d19f-4e26-a796-cb8ddc4f97cf@group-187684C21557-LeaderElection226: Election TIMEOUT; received 0 response(s) [] and 0 exception(s); 018b3f78-d19f-4e26-a796-cb8ddc4f97cf@group-187684C21557:t126, leader=null, voted=018b3f78-d19f-4e26-a796-cb8ddc4f97cf, raftlog=018b3f78-d19f-4e26-a796-cb8ddc4f97cf@group-187684C21557-SegmentedRaftLog:OPENED:c-1,f-1,i0, conf=-1: [893cf03e-f2cf-478a-892a-a746717e50e3:192.168.34.56:40750, 8697df36-98d2-41b1-bdc7-60597b3b5526:192.168.34.56:46415, 018b3f78-d19f-4e26-a796-cb8ddc4f97cf:192.168.34.56:35845], old=null
2019-10-18 13:01:45,768 [018b3f78-d19f-4e26-a796-cb8ddc4f97cf@group-187684C21557-LeaderElection226] INFO  impl.LeaderElection (LeaderElection.java:askForVotes(178)) - 018b3f78-d19f-4e26-a796-cb8ddc4f97cf@group-187684C21557-LeaderElection226: begin an election at term 127 for -1: [893cf03e-f2cf-478a-892a-a746717e50e3:192.168.34.56:40750, 8697df36-98d2-41b1-bdc7-60597b3b5526:192.168.34.56:46415, 018b3f78-d19f-4e26-a796-cb8ddc4f97cf:192.168.34.56:35845], old=null
2019-10-18 13:01:45,770 [grpc-default-executor-7] INFO  impl.RaftServerImpl (RaftServerImpl.java:setRole(184)) - 893cf03e-f2cf-478a-892a-a746717e50e3@group-187684C21557: changes role from  FOLLOWER to FOLLOWER at term 127 for recognizeCandidate:018b3f78-d19f-4e26-a796-cb8ddc4f97cf
2019-10-18 13:01:45,770 [grpc-default-executor-2] INFO  impl.RaftServerImpl (RaftServerImpl.java:setRole(184)) - 8697df36-98d2-41b1-bdc7-60597b3b5526@group-187684C21557: changes role from  FOLLOWER to FOLLOWER at term 127 for recognizeCandidate:018b3f78-d19f-4e26-a796-cb8ddc4f97cf
2019-10-18 13:01:45,770 [grpc-default-executor-7] INFO  impl.RoleInfo (RoleInfo.java:shutdownFollowerState(121)) - 893cf03e-f2cf-478a-892a-a746717e50e3: shutdown FollowerState
2019-10-18 13:01:45,770 [grpc-default-executor-2] INFO  impl.RoleInfo (RoleInfo.java:shutdownFollowerState(121)) - 8697df36-98d2-41b1-bdc7-60597b3b5526: shutdown FollowerState
2019-10-18 13:01:45,771 [Thread-2074] INFO  impl.FollowerState (FollowerState.java:run(117)) - 893cf03e-f2cf-478a-892a-a746717e50e3@group-187684C21557-FollowerState was interrupted: java.lang.InterruptedException: sleep interrupted
2019-10-18 13:01:45,771 [grpc-default-executor-7] INFO  impl.RoleInfo (RoleInfo.java:updateAndGet(143)) - 893cf03e-f2cf-478a-892a-a746717e50e3: start FollowerState
2019-10-18 13:01:45,771 [grpc-default-executor-2] INFO  impl.RoleInfo (RoleInfo.java:updateAndGet(143)) - 8697df36-98d2-41b1-bdc7-60597b3b5526: start FollowerState
2019-10-18 13:01:45,771 [Thread-2075] INFO  impl.FollowerState (FollowerState.java:run(117)) - 8697df36-98d2-41b1-bdc7-60597b3b5526@group-187684C21557-FollowerState was interrupted: java.lang.InterruptedException: sleep interrupted
2019-10-18 13:01:45,773 [018b3f78-d19f-4e26-a796-cb8ddc4f97cf@group-187684C21557-LeaderElection226] INFO  impl.LeaderElection (LeaderElection.java:logAndReturn(56)) - 018b3f78-d19f-4e26-a796-cb8ddc4f97cf@group-187684C21557-LeaderElection226: Election TIMEOUT; received 0 response(s) [] and 0 exception(s); 018b3f78-d19f-4e26-a796-cb8ddc4f97cf@group-187684C21557:t127, leader=null, voted=018b3f78-d19f-4e26-a796-cb8ddc4f97cf, raftlog=018b3f78-d19f-4e26-a796-cb8ddc4f97cf@group-187684C21557-SegmentedRaftLog:OPENED:c-1,f-1,i0, conf=-1: [893cf03e-f2cf-478a-892a-a746717e50e3:192.168.34.56:40750, 8697df36-98d2-41b1-bdc7-60597b3b5526:192.168.34.56:46415, 018b3f78-d19f-4e26-a796-cb8ddc4f97cf:192.168.34.56:35845], old=null
2019-10-18 13:01:45,791 [Thread-2064] INFO  impl.FollowerState (FollowerState.java:run(108)) - c124d131-afb9-4343-ad4e-aaebde613043@group-FF4202234884-FollowerState: change to CANDIDATE, lastRpcTime:191ms, electionTimeout:191ms
2019-10-18 13:01:45,792 [Thread-2064] INFO  impl.RoleInfo (RoleInfo.java:shutdownFollowerState(121)) - c124d131-afb9-4343-ad4e-aaebde613043: shutdown FollowerState
2019-10-18 13:01:45,792 [Thread-2064] INFO  impl.RaftServerImpl (RaftServerImpl.java:setRole(184)) - c124d131-afb9-4343-ad4e-aaebde613043@group-FF4202234884: changes role from  FOLLOWER to CANDIDATE at term 121 for changeToCandidate
2019-10-18 13:01:45,792 [Thread-2064] INFO  impl.RoleInfo (RoleInfo.java:updateAndGet(143)) - c124d131-afb9-4343-ad4e-aaebde613043: start LeaderElection
2019-10-18 13:01:45,794 [018b3f78-d19f-4e26-a796-cb8ddc4f97cf@group-187684C21557-LeaderElection226] INFO  impl.LeaderElection (LeaderElection.java:askForVotes(178)) - 018b3f78-d19f-4e26-a796-cb8ddc4f97cf@group-187684C21557-LeaderElection226: begin an election at term 128 for -1: [893cf03e-f2cf-478a-892a-a746717e50e3:192.168.34.56:40750, 8697df36-98d2-41b1-bdc7-60597b3b5526:192.168.34.56:46415, 018b3f78-d19f-4e26-a796-cb8ddc4f97cf:192.168.34.56:35845], old=null
2019-10-18 13:01:45,795 [grpc-default-executor-2] INFO  impl.RaftServerImpl (RaftServerImpl.java:setRole(184)) - 893cf03e-f2cf-478a-892a-a746717e50e3@group-187684C21557: changes role from  FOLLOWER to FOLLOWER at term 128 for recognizeCandidate:018b3f78-d19f-4e26-a796-cb8ddc4f97cf
2019-10-18 13:01:45,795 [grpc-default-executor-7] INFO  impl.RaftServerImpl (RaftServerImpl.java:setRole(184)) - 8697df36-98d2-41b1-bdc7-60597b3b5526@group-187684C21557: changes role from  FOLLOWER to FOLLOWER at term 128 for recognizeCandidate:018b3f78-d19f-4e26-a796-cb8ddc4f97cf
2019-10-18 13:01:45,795 [grpc-default-executor-2] INFO  impl.RoleInfo (RoleInfo.java:shutdownFollowerState(121)) - 893cf03e-f2cf-478a-892a-a746717e50e3: shutdown FollowerState
2019-10-18 13:01:45,795 [grpc-default-executor-7] INFO  impl.RoleInfo (RoleInfo.java:shutdownFollowerState(121)) - 8697df36-98d2-41b1-bdc7-60597b3b5526: shutdown FollowerState
2019-10-18 13:01:45,796 [Thread-2078] INFO  impl.FollowerState (FollowerState.java:run(117)) - 893cf03e-f2cf-478a-892a-a746717e50e3@group-187684C21557-FollowerState was interrupted: java.lang.InterruptedException: sleep interrupted
2019-10-18 13:01:45,796 [Thread-2079] INFO  impl.FollowerState (FollowerState.java:run(117)) - 8697df36-98d2-41b1-bdc7-60597b3b5526@group-187684C21557-FollowerState was interrupted: java.lang.InterruptedException: sleep interrupted
2019-10-18 13:01:45,796 [grpc-default-executor-2] INFO  impl.RoleInfo (RoleInfo.java:updateAndGet(143)) - 893cf03e-f2cf-478a-892a-a746717e50e3: start FollowerState
2019-10-18 13:01:45,796 [grpc-default-executor-7] INFO  impl.RoleInfo (RoleInfo.java:updateAndGet(143)) - 8697df36-98d2-41b1-bdc7-60597b3b5526: start FollowerState
2019-10-18 13:01:45,817 [c124d131-afb9-4343-ad4e-aaebde613043@group-FF4202234884-LeaderElection227] INFO  impl.LeaderElection (LeaderElection.java:askForVotes(178)) - c124d131-afb9-4343-ad4e-aaebde613043@group-FF4202234884-LeaderElection227: begin an election at term 122 for -1: [999343e7-0330-4874-a345-91eca72585e0:192.168.34.56:44872, c124d131-afb9-4343-ad4e-aaebde613043:192.168.34.56:42116, e5bb327f-cdd7-4e49-919e-13a4c895fddf:192.168.34.56:36658], old=null
2019-10-18 13:01:45,818 [018b3f78-d19f-4e26-a796-cb8ddc4f97cf@group-187684C21557-LeaderElection226] INFO  impl.LeaderElection (LeaderElection.java:logAndReturn(56)) - 018b3f78-d19f-4e26-a796-cb8ddc4f97cf@group-187684C21557-LeaderElection226: Election REJECTED; received 2 response(s) [018b3f78-d19f-4e26-a796-cb8ddc4f97cf<-893cf03e-f2cf-478a-892a-a746717e50e3#0:FAIL-t128, 018b3f78-d19f-4e26-a796-cb8ddc4f97cf<-8697df36-98d2-41b1-bdc7-60597b3b5526#0:FAIL-t128] and 0 exception(s); 018b3f78-d19f-4e26-a796-cb8ddc4f97cf@group-187684C21557:t128, leader=null, voted=018b3f78-d19f-4e26-a796-cb8ddc4f97cf, raftlog=018b3f78-d19f-4e26-a796-cb8ddc4f97cf@group-187684C21557-SegmentedRaftLog:OPENED:c-1,f-1,i0, conf=-1: [893cf03e-f2cf-478a-892a-a746717e50e3:192.168.34.56:40750, 8697df36-98d2-41b1-bdc7-60597b3b5526:192.168.34.56:46415, 018b3f78-d19f-4e26-a796-cb8ddc4f97cf:192.168.34.56:35845], old=null
2019-10-18 13:01:45,818 [018b3f78-d19f-4e26-a796-cb8ddc4f97cf@group-187684C21557-LeaderElection226] INFO  impl.RaftServerImpl (RaftServerImpl.java:setRole(184)) - 018b3f78-d19f-4e26-a796-cb8ddc4f97cf@group-187684C21557: changes role from CANDIDATE to FOLLOWER at term 128 for DISCOVERED_A_NEW_TERM
2019-10-18 13:01:45,818 [018b3f78-d19f-4e26-a796-cb8ddc4f97cf@group-187684C21557-LeaderElection226] INFO  impl.RoleInfo (RoleInfo.java:shutdownLeaderElection(134)) - 018b3f78-d19f-4e26-a796-cb8ddc4f97cf: shutdown LeaderElection
2019-10-18 13:01:45,818 [018b3f78-d19f-4e26-a796-cb8ddc4f97cf@group-187684C21557-LeaderElection226] INFO  impl.RoleInfo (RoleInfo.java:updateAndGet(143)) - 018b3f78-d19f-4e26-a796-cb8ddc4f97cf: start FollowerState
2019-10-18 13:01:45,819 [grpc-default-executor-7] INFO  impl.RaftServerImpl (RaftServerImpl.java:setRole(184)) - 999343e7-0330-4874-a345-91eca72585e0@group-FF4202234884: changes role from  FOLLOWER to FOLLOWER at term 122 for recognizeCandidate:c124d131-afb9-4343-ad4e-aaebde613043
2019-10-18 13:01:45,819 [grpc-default-executor-2] INFO  impl.RaftServerImpl (RaftServerImpl.java:setRole(184)) - e5bb327f-cdd7-4e49-919e-13a4c895fddf@group-FF4202234884: changes role from  FOLLOWER to FOLLOWER at term 122 for recognizeCandidate:c124d131-afb9-4343-ad4e-aaebde613043
2019-10-18 13:01:45,819 [grpc-default-executor-7] INFO  impl.RoleInfo (RoleInfo.java:shutdownFollowerState(121)) - 999343e7-0330-4874-a345-91eca72585e0: shutdown FollowerState
2019-10-18 13:01:45,819 [grpc-default-executor-2] INFO  impl.RoleInfo (RoleInfo.java:shutdownFollowerState(121)) - e5bb327f-cdd7-4e49-919e-13a4c895fddf: shutdown FollowerState
2019-10-18 13:01:45,819 [Thread-2062] INFO  impl.FollowerState (FollowerState.java:run(117)) - 999343e7-0330-4874-a345-91eca72585e0@group-FF4202234884-FollowerState was interrupted: java.lang.InterruptedException: sleep interrupted
2019-10-18 13:01:45,819 [grpc-default-executor-7] INFO  impl.RoleInfo (RoleInfo.java:updateAndGet(143)) - 999343e7-0330-4874-a345-91eca72585e0: start FollowerState
2019-10-18 13:01:45,819 [Thread-2063] INFO  impl.FollowerState (FollowerState.java:run(117)) - e5bb327f-cdd7-4e49-919e-13a4c895fddf@group-FF4202234884-FollowerState was interrupted: java.lang.InterruptedException: sleep interrupted
2019-10-18 13:01:45,819 [grpc-default-executor-2] INFO  impl.RoleInfo (RoleInfo.java:updateAndGet(143)) - e5bb327f-cdd7-4e49-919e-13a4c895fddf: start FollowerState
2019-10-18 13:01:45,843 [c124d131-afb9-4343-ad4e-aaebde613043@group-FF4202234884-LeaderElection227] INFO  impl.LeaderElection (LeaderElection.java:logAndReturn(56)) - c124d131-afb9-4343-ad4e-aaebde613043@group-FF4202234884-LeaderElection227: Election REJECTED; received 2 response(s) [c124d131-afb9-4343-ad4e-aaebde613043<-999343e7-0330-4874-a345-91eca72585e0#0:FAIL-t122, c124d131-afb9-4343-ad4e-aaebde613043<-e5bb327f-cdd7-4e49-919e-13a4c895fddf#0:FAIL-t122] and 0 exception(s); c124d131-afb9-4343-ad4e-aaebde613043@group-FF4202234884:t122, leader=null, voted=c124d131-afb9-4343-ad4e-aaebde613043, raftlog=c124d131-afb9-4343-ad4e-aaebde613043@group-FF4202234884-SegmentedRaftLog:OPENED:c-1,f-1,i0, conf=-1: [999343e7-0330-4874-a345-91eca72585e0:192.168.34.56:44872, c124d131-afb9-4343-ad4e-aaebde613043:192.168.34.56:42116, e5bb327f-cdd7-4e49-919e-13a4c895fddf:192.168.34.56:36658], old=null
2019-10-18 13:01:45,843 [c124d131-afb9-4343-ad4e-aaebde613043@group-FF4202234884-LeaderElection227] INFO  impl.RaftServerImpl (RaftServerImpl.java:setRole(184)) - c124d131-afb9-4343-ad4e-aaebde613043@group-FF4202234884: changes role from CANDIDATE to FOLLOWER at term 122 for DISCOVERED_A_NEW_TERM
2019-10-18 13:01:45,843 [c124d131-afb9-4343-ad4e-aaebde613043@group-FF4202234884-LeaderElection227] INFO  impl.RoleInfo (RoleInfo.java:shutdownLeaderElection(134)) - c124d131-afb9-4343-ad4e-aaebde613043: shutdown LeaderElection
2019-10-18 13:01:45,843 [c124d131-afb9-4343-ad4e-aaebde613043@group-FF4202234884-LeaderElection227] INFO  impl.RoleInfo (RoleInfo.java:updateAndGet(143)) - c124d131-afb9-4343-ad4e-aaebde613043: start FollowerState
2019-10-18 13:01:45,857 [Thread-2090] INFO  impl.FollowerState (FollowerState.java:run(108)) - c124d131-afb9-4343-ad4e-aaebde613043@group-FF4202234884-FollowerState: change to CANDIDATE, lastRpcTime:13ms, electionTimeout:13ms
2019-10-18 13:01:45,857 [Thread-2090] INFO  impl.RoleInfo (RoleInfo.java:shutdownFollowerState(121)) - c124d131-afb9-4343-ad4e-aaebde613043: shutdown FollowerState
2019-10-18 13:01:45,857 [Thread-2090] INFO  impl.RaftServerImpl (RaftServerImpl.java:setRole(184)) - c124d131-afb9-4343-ad4e-aaebde613043@group-FF4202234884: changes role from  FOLLOWER to CANDIDATE at term 122 for changeToCandidate
2019-10-18 13:01:45,857 [Thread-2090] INFO  impl.RoleInfo (RoleInfo.java:updateAndGet(143)) - c124d131-afb9-4343-ad4e-aaebde613043: start LeaderElection
2019-10-18 13:01:45,896 [c124d131-afb9-4343-ad4e-aaebde613043@group-FF4202234884-LeaderElection228] INFO  impl.LeaderElection (LeaderElection.java:askForVotes(178)) - c124d131-afb9-4343-ad4e-aaebde613043@group-FF4202234884-LeaderElection228: begin an election at term 123 for -1: [999343e7-0330-4874-a345-91eca72585e0:192.168.34.56:44872, c124d131-afb9-4343-ad4e-aaebde613043:192.168.34.56:42116, e5bb327f-cdd7-4e49-919e-13a4c895fddf:192.168.34.56:36658], old=null
2019-10-18 13:01:45,897 [grpc-default-executor-7] INFO  impl.RaftServerImpl (RaftServerImpl.java:setRole(184)) - e5bb327f-cdd7-4e49-919e-13a4c895fddf@group-FF4202234884: changes role from  FOLLOWER to FOLLOWER at term 123 for recognizeCandidate:c124d131-afb9-4343-ad4e-aaebde613043
2019-10-18 13:01:45,897 [grpc-default-executor-2] INFO  impl.RaftServerImpl (RaftServerImpl.java:setRole(184)) - 999343e7-0330-4874-a345-91eca72585e0@group-FF4202234884: changes role from  FOLLOWER to FOLLOWER at term 123 for recognizeCandidate:c124d131-afb9-4343-ad4e-aaebde613043
2019-10-18 13:01:45,897 [grpc-default-executor-7] INFO  impl.RoleInfo (RoleInfo.java:shutdownFollowerState(121)) - e5bb327f-cdd7-4e49-919e-13a4c895fddf: shutdown FollowerState
2019-10-18 13:01:45,897 [grpc-default-executor-2] INFO  impl.RoleInfo (RoleInfo.java:shutdownFollowerState(121)) - 999343e7-0330-4874-a345-91eca72585e0: shutdown FollowerState
2019-10-18 13:01:45,898 [Thread-2089] INFO  impl.FollowerState (FollowerState.java:run(117)) - e5bb327f-cdd7-4e49-919e-13a4c895fddf@group-FF4202234884-FollowerState was interrupted: java.lang.InterruptedException: sleep interrupted
2019-10-18 13:01:45,898 [grpc-default-executor-7] INFO  impl.RoleInfo (RoleInfo.java:updateAndGet(143)) - e5bb327f-cdd7-4e49-919e-13a4c895fddf: start FollowerState
2019-10-18 13:01:45,898 [Thread-2088] INFO  impl.FollowerState (FollowerState.java:run(117)) - 999343e7-0330-4874-a345-91eca72585e0@group-FF4202234884-FollowerState was interrupted: java.lang.InterruptedException: sleep interrupted
2019-10-18 13:01:45,898 [grpc-default-executor-2] INFO  impl.RoleInfo (RoleInfo.java:updateAndGet(143)) - 999343e7-0330-4874-a345-91eca72585e0: start FollowerState
2019-10-18 13:01:45,898 [c124d131-afb9-4343-ad4e-aaebde613043@group-FF4202234884-LeaderElection228] INFO  impl.LeaderElection (LeaderElection.java:logAndReturn(56)) - c124d131-afb9-4343-ad4e-aaebde613043@group-FF4202234884-LeaderElection228: Election TIMEOUT; received 0 response(s) [] and 0 exception(s); c124d131-afb9-4343-ad4e-aaebde613043@group-FF4202234884:t123, leader=null, voted=c124d131-afb9-4343-ad4e-aaebde613043, raftlog=c124d131-afb9-4343-ad4e-aaebde613043@group-FF4202234884-SegmentedRaftLog:OPENED:c-1,f-1,i0, conf=-1: [999343e7-0330-4874-a345-91eca72585e0:192.168.34.56:44872, c124d131-afb9-4343-ad4e-aaebde613043:192.168.34.56:42116, e5bb327f-cdd7-4e49-919e-13a4c895fddf:192.168.34.56:36658], old=null
2019-10-18 13:01:45,921 [c124d131-afb9-4343-ad4e-aaebde613043@group-FF4202234884-LeaderElection228] INFO  impl.LeaderElection (LeaderElection.java:askForVotes(178)) - c124d131-afb9-4343-ad4e-aaebde613043@group-FF4202234884-LeaderElection228: begin an election at term 124 for -1: [999343e7-0330-4874-a345-91eca72585e0:192.168.34.56:44872, c124d131-afb9-4343-ad4e-aaebde613043:192.168.34.56:42116, e5bb327f-cdd7-4e49-919e-13a4c895fddf:192.168.34.56:36658], old=null
2019-10-18 13:01:45,923 [grpc-default-executor-2] INFO  impl.RaftServerImpl (RaftServerImpl.java:setRole(184)) - 999343e7-0330-4874-a345-91eca72585e0@group-FF4202234884: changes role from  FOLLOWER to FOLLOWER at term 124 for recognizeCandidate:c124d131-afb9-4343-ad4e-aaebde613043
2019-10-18 13:01:45,923 [grpc-default-executor-7] INFO  impl.RaftServerImpl (RaftServerImpl.java:setRole(184)) - e5bb327f-cdd7-4e49-919e-13a4c895fddf@group-FF4202234884: changes role from  FOLLOWER to FOLLOWER at term 124 for recognizeCandidate:c124d131-afb9-4343-ad4e-aaebde613043
2019-10-18 13:01:45,923 [grpc-default-executor-7] INFO  impl.RoleInfo (RoleInfo.java:shutdownFollowerState(121)) - e5bb327f-cdd7-4e49-919e-13a4c895fddf: shutdown FollowerState
2019-10-18 13:01:45,923 [grpc-default-executor-2] INFO  impl.RoleInfo (RoleInfo.java:shutdownFollowerState(121)) - 999343e7-0330-4874-a345-91eca72585e0: shutdown FollowerState
2019-10-18 13:01:45,923 [Thread-2094] INFO  impl.FollowerState (FollowerState.java:run(117)) - e5bb327f-cdd7-4e49-919e-13a4c895fddf@group-FF4202234884-FollowerState was interrupted: java.lang.InterruptedException: sleep interrupted
2019-10-18 13:01:45,923 [Thread-2095] INFO  impl.FollowerState (FollowerState.java:run(117)) - 999343e7-0330-4874-a345-91eca72585e0@group-FF4202234884-FollowerState was interrupted: java.lang.InterruptedException: sleep interrupted
2019-10-18 13:01:45,923 [grpc-default-executor-7] INFO  impl.RoleInfo (RoleInfo.java:updateAndGet(143)) - e5bb327f-cdd7-4e49-919e-13a4c895fddf: start FollowerState
2019-10-18 13:01:45,923 [grpc-default-executor-2] INFO  impl.RoleInfo (RoleInfo.java:updateAndGet(143)) - 999343e7-0330-4874-a345-91eca72585e0: start FollowerState
2019-10-18 13:01:45,956 [c124d131-afb9-4343-ad4e-aaebde613043@group-FF4202234884-LeaderElection228] INFO  impl.LeaderElection (LeaderElection.java:logAndReturn(56)) - c124d131-afb9-4343-ad4e-aaebde613043@group-FF4202234884-LeaderElection228: Election REJECTED; received 2 response(s) [c124d131-afb9-4343-ad4e-aaebde613043<-999343e7-0330-4874-a345-91eca72585e0#0:FAIL-t124, c124d131-afb9-4343-ad4e-aaebde613043<-e5bb327f-cdd7-4e49-919e-13a4c895fddf#0:FAIL-t124] and 0 exception(s); c124d131-afb9-4343-ad4e-aaebde613043@group-FF4202234884:t124, leader=null, voted=c124d131-afb9-4343-ad4e-aaebde613043, raftlog=c124d131-afb9-4343-ad4e-aaebde613043@group-FF4202234884-SegmentedRaftLog:OPENED:c-1,f-1,i0, conf=-1: [999343e7-0330-4874-a345-91eca72585e0:192.168.34.56:44872, c124d131-afb9-4343-ad4e-aaebde613043:192.168.34.56:42116, e5bb327f-cdd7-4e49-919e-13a4c895fddf:192.168.34.56:36658], old=null
2019-10-18 13:01:45,956 [c124d131-afb9-4343-ad4e-aaebde613043@group-FF4202234884-LeaderElection228] INFO  impl.RaftServerImpl (RaftServerImpl.java:setRole(184)) - c124d131-afb9-4343-ad4e-aaebde613043@group-FF4202234884: changes role from CANDIDATE to FOLLOWER at term 124 for DISCOVERED_A_NEW_TERM
2019-10-18 13:01:45,956 [c124d131-afb9-4343-ad4e-aaebde613043@group-FF4202234884-LeaderElection228] INFO  impl.RoleInfo (RoleInfo.java:shutdownLeaderElection(134)) - c124d131-afb9-4343-ad4e-aaebde613043: shutdown LeaderElection
2019-10-18 13:01:45,956 [c124d131-afb9-4343-ad4e-aaebde613043@group-FF4202234884-LeaderElection228] INFO  impl.RoleInfo (RoleInfo.java:updateAndGet(143)) - c124d131-afb9-4343-ad4e-aaebde613043: start FollowerState
2019-10-18 13:01:46,008 [Thread-2100] INFO  impl.FollowerState (FollowerState.java:run(108)) - c124d131-afb9-4343-ad4e-aaebde613043@group-FF4202234884-FollowerState: change to CANDIDATE, lastRpcTime:51ms, electionTimeout:51ms
2019-10-18 13:01:46,008 [Thread-2100] INFO  impl.RoleInfo (RoleInfo.java:shutdownFollowerState(121)) - c124d131-afb9-4343-ad4e-aaebde613043: shutdown FollowerState
2019-10-18 13:01:46,008 [Thread-2100] INFO  impl.RaftServerImpl (RaftServerImpl.java:setRole(184)) - c124d131-afb9-4343-ad4e-aaebde613043@group-FF4202234884: changes role from  FOLLOWER to CANDIDATE at term 124 for changeToCandidate
2019-10-18 13:01:46,008 [Thread-2100] INFO  impl.RoleInfo (RoleInfo.java:updateAndGet(143)) - c124d131-afb9-4343-ad4e-aaebde613043: start LeaderElection
2019-10-18 13:01:46,012 [Thread-2087] INFO  impl.FollowerState (FollowerState.java:run(108)) - 018b3f78-d19f-4e26-a796-cb8ddc4f97cf@group-187684C21557-FollowerState: change to CANDIDATE, lastRpcTime:193ms, electionTimeout:193ms
2019-10-18 13:01:46,012 [Thread-2087] INFO  impl.RoleInfo (RoleInfo.java:shutdownFollowerState(121)) - 018b3f78-d19f-4e26-a796-cb8ddc4f97cf: shutdown FollowerState
2019-10-18 13:01:46,012 [Thread-2087] INFO  impl.RaftServerImpl (RaftServerImpl.java:setRole(184)) - 018b3f78-d19f-4e26-a796-cb8ddc4f97cf@group-187684C21557: changes role from  FOLLOWER to CANDIDATE at term 128 for changeToCandidate
2019-10-18 13:01:46,012 [Thread-2087] INFO  impl.RoleInfo (RoleInfo.java:updateAndGet(143)) - 018b3f78-d19f-4e26-a796-cb8ddc4f97cf: start LeaderElection
2019-10-18 13:01:46,039 [c124d131-afb9-4343-ad4e-aaebde613043@group-FF4202234884-LeaderElection229] INFO  impl.LeaderElection (LeaderElection.java:askForVotes(178)) - c124d131-afb9-4343-ad4e-aaebde613043@group-FF4202234884-LeaderElection229: begin an election at term 125 for -1: [999343e7-0330-4874-a345-91eca72585e0:192.168.34.56:44872, c124d131-afb9-4343-ad4e-aaebde613043:192.168.34.56:42116, e5bb327f-cdd7-4e49-919e-13a4c895fddf:192.168.34.56:36658], old=null
2019-10-18 13:01:46,039 [018b3f78-d19f-4e26-a796-cb8ddc4f97cf@group-187684C21557-LeaderElection230] INFO  impl.LeaderElection (LeaderElection.java:askForVotes(178)) - 018b3f78-d19f-4e26-a796-cb8ddc4f97cf@group-187684C21557-LeaderElection230: begin an election at term 129 for -1: [893cf03e-f2cf-478a-892a-a746717e50e3:192.168.34.56:40750, 8697df36-98d2-41b1-bdc7-60597b3b5526:192.168.34.56:46415, 018b3f78-d19f-4e26-a796-cb8ddc4f97cf:192.168.34.56:35845], old=null
2019-10-18 13:01:46,044 [grpc-default-executor-2] INFO  impl.RaftServerImpl (RaftServerImpl.java:setRole(184)) - 8697df36-98d2-41b1-bdc7-60597b3b5526@group-187684C21557: changes role from  FOLLOWER to FOLLOWER at term 129 for recognizeCandidate:018b3f78-d19f-4e26-a796-cb8ddc4f97cf
2019-10-18 13:01:46,044 [grpc-default-executor-0] INFO  impl.RaftServerImpl (RaftServerImpl.java:setRole(184)) - e5bb327f-cdd7-4e49-919e-13a4c895fddf@group-FF4202234884: changes role from  FOLLOWER to FOLLOWER at term 125 for recognizeCandidate:c124d131-afb9-4343-ad4e-aaebde613043
2019-10-18 13:01:46,044 [grpc-default-executor-2] INFO  impl.RoleInfo (RoleInfo.java:shutdownFollowerState(121)) - 8697df36-98d2-41b1-bdc7-60597b3b5526: shutdown FollowerState
2019-10-18 13:01:46,044 [grpc-default-executor-5] INFO  impl.RaftServerImpl (RaftServerImpl.java:setRole(184)) - 999343e7-0330-4874-a345-91eca72585e0@group-FF4202234884: changes role from  FOLLOWER to FOLLOWER at term 125 for recognizeCandidate:c124d131-afb9-4343-ad4e-aaebde613043
2019-10-18 13:01:46,044 [grpc-default-executor-7] INFO  impl.RaftServerImpl (RaftServerImpl.java:setRole(184)) - 893cf03e-f2cf-478a-892a-a746717e50e3@group-187684C21557: changes role from  FOLLOWER to FOLLOWER at term 129 for recognizeCandidate:018b3f78-d19f-4e26-a796-cb8ddc4f97cf
2019-10-18 13:01:46,044 [grpc-default-executor-7] INFO  impl.RoleInfo (RoleInfo.java:shutdownFollowerState(121)) - 893cf03e-f2cf-478a-892a-a746717e50e3: shutdown FollowerState
2019-10-18 13:01:46,044 [grpc-default-executor-5] INFO  impl.RoleInfo (RoleInfo.java:shutdownFollowerState(121)) - 999343e7-0330-4874-a345-91eca72585e0: shutdown FollowerState
2019-10-18 13:01:46,044 [Thread-2084] INFO  impl.FollowerState (FollowerState.java:run(117)) - 8697df36-98d2-41b1-bdc7-60597b3b5526@group-187684C21557-FollowerState was interrupted: java.lang.InterruptedException: sleep interrupted
2019-10-18 13:01:46,044 [grpc-default-executor-2] INFO  impl.RoleInfo (RoleInfo.java:updateAndGet(143)) - 8697df36-98d2-41b1-bdc7-60597b3b5526: start FollowerState
2019-10-18 13:01:46,044 [grpc-default-executor-0] INFO  impl.RoleInfo (RoleInfo.java:shutdownFollowerState(121)) - e5bb327f-cdd7-4e49-919e-13a4c895fddf: shutdown FollowerState
2019-10-18 13:01:46,044 [Thread-2099] INFO  impl.FollowerState (FollowerState.java:run(117)) - 999343e7-0330-4874-a345-91eca72585e0@group-FF4202234884-FollowerState was interrupted: java.lang.InterruptedException: sleep interrupted
2019-10-18 13:01:46,044 [grpc-default-executor-5] INFO  impl.RoleInfo (RoleInfo.java:updateAndGet(143)) - 999343e7-0330-4874-a345-91eca72585e0: start FollowerState
2019-10-18 13:01:46,044 [Thread-2083] INFO  impl.FollowerState (FollowerState.java:run(117)) - 893cf03e-f2cf-478a-892a-a746717e50e3@group-187684C21557-FollowerState was interrupted: java.lang.InterruptedException: sleep interrupted
2019-10-18 13:01:46,044 [grpc-default-executor-7] INFO  impl.RoleInfo (RoleInfo.java:updateAndGet(143)) - 893cf03e-f2cf-478a-892a-a746717e50e3: start FollowerState
2019-10-18 13:01:46,045 [Thread-2098] INFO  impl.FollowerState (FollowerState.java:run(117)) - e5bb327f-cdd7-4e49-919e-13a4c895fddf@group-FF4202234884-FollowerState was interrupted: java.lang.InterruptedException: sleep interrupted
2019-10-18 13:01:46,045 [grpc-default-executor-0] INFO  impl.RoleInfo (RoleInfo.java:updateAndGet(143)) - e5bb327f-cdd7-4e49-919e-13a4c895fddf: start FollowerState
2019-10-18 13:01:46,074 [018b3f78-d19f-4e26-a796-cb8ddc4f97cf@group-187684C21557-LeaderElection230] INFO  impl.LeaderElection (LeaderElection.java:logAndReturn(56)) - 018b3f78-d19f-4e26-a796-cb8ddc4f97cf@group-187684C21557-LeaderElection230: Election REJECTED; received 2 response(s) [018b3f78-d19f-4e26-a796-cb8ddc4f97cf<-893cf03e-f2cf-478a-892a-a746717e50e3#0:FAIL-t129, 018b3f78-d19f-4e26-a796-cb8ddc4f97cf<-8697df36-98d2-41b1-bdc7-60597b3b5526#0:FAIL-t129] and 0 exception(s); 018b3f78-d19f-4e26-a796-cb8ddc4f97cf@group-187684C21557:t129, leader=null, voted=018b3f78-d19f-4e26-a796-cb8ddc4f97cf, raftlog=018b3f78-d19f-4e26-a796-cb8ddc4f97cf@group-187684C21557-SegmentedRaftLog:OPENED:c-1,f-1,i0, conf=-1: [893cf03e-f2cf-478a-892a-a746717e50e3:192.168.34.56:40750, 8697df36-98d2-41b1-bdc7-60597b3b5526:192.168.34.56:46415, 018b3f78-d19f-4e26-a796-cb8ddc4f97cf:192.168.34.56:35845], old=null
2019-10-18 13:01:46,074 [c124d131-afb9-4343-ad4e-aaebde613043@group-FF4202234884-LeaderElection229] INFO  impl.LeaderElection (LeaderElection.java:logAndReturn(56)) - c124d131-afb9-4343-ad4e-aaebde613043@group-FF4202234884-LeaderElection229: Election REJECTED; received 2 response(s) [c124d131-afb9-4343-ad4e-aaebde613043<-999343e7-0330-4874-a345-91eca72585e0#0:FAIL-t125, c124d131-afb9-4343-ad4e-aaebde613043<-e5bb327f-cdd7-4e49-919e-13a4c895fddf#0:FAIL-t125] and 0 exception(s); c124d131-afb9-4343-ad4e-aaebde613043@group-FF4202234884:t125, leader=null, voted=c124d131-afb9-4343-ad4e-aaebde613043, raftlog=c124d131-afb9-4343-ad4e-aaebde613043@group-FF4202234884-SegmentedRaftLog:OPENED:c-1,f-1,i0, conf=-1: [999343e7-0330-4874-a345-91eca72585e0:192.168.34.56:44872, c124d131-afb9-4343-ad4e-aaebde613043:192.168.34.56:42116, e5bb327f-cdd7-4e49-919e-13a4c895fddf:192.168.34.56:36658], old=null
2019-10-18 13:01:46,074 [018b3f78-d19f-4e26-a796-cb8ddc4f97cf@group-187684C21557-LeaderElection230] INFO  impl.RaftServerImpl (RaftServerImpl.java:setRole(184)) - 018b3f78-d19f-4e26-a796-cb8ddc4f97cf@group-187684C21557: changes role from CANDIDATE to FOLLOWER at term 129 for DISCOVERED_A_NEW_TERM
2019-10-18 13:01:46,074 [c124d131-afb9-4343-ad4e-aaebde613043@group-FF4202234884-LeaderElection229] INFO  impl.RaftServerImpl (RaftServerImpl.java:setRole(184)) - c124d131-afb9-4343-ad4e-aaebde613043@group-FF4202234884: changes role from CANDIDATE to FOLLOWER at term 125 for DISCOVERED_A_NEW_TERM
2019-10-18 13:01:46,074 [018b3f78-d19f-4e26-a796-cb8ddc4f97cf@group-187684C21557-LeaderElection230] INFO  impl.RoleInfo (RoleInfo.java:shutdownLeaderElection(134)) - 018b3f78-d19f-4e26-a796-cb8ddc4f97cf: shutdown LeaderElection
2019-10-18 13:01:46,074 [c124d131-afb9-4343-ad4e-aaebde613043@group-FF4202234884-LeaderElection229] INFO  impl.RoleInfo (RoleInfo.java:shutdownLeaderElection(134)) - c124d131-afb9-4343-ad4e-aaebde613043: shutdown LeaderElection
2019-10-18 13:01:46,075 [018b3f78-d19f-4e26-a796-cb8ddc4f97cf@group-187684C21557-LeaderElection230] INFO  impl.RoleInfo (RoleInfo.java:updateAndGet(143)) - 018b3f78-d19f-4e26-a796-cb8ddc4f97cf: start FollowerState
2019-10-18 13:01:46,075 [c124d131-afb9-4343-ad4e-aaebde613043@group-FF4202234884-LeaderElection229] INFO  impl.RoleInfo (RoleInfo.java:updateAndGet(143)) - c124d131-afb9-4343-ad4e-aaebde613043: start FollowerState
2019-10-18 13:01:46,136 [Thread-2111] INFO  impl.FollowerState (FollowerState.java:run(108)) - 018b3f78-d19f-4e26-a796-cb8ddc4f97cf@group-187684C21557-FollowerState: change to CANDIDATE, lastRpcTime:61ms, electionTimeout:61ms
2019-10-18 13:01:46,136 [Thread-2111] INFO  impl.RoleInfo (RoleInfo.java:shutdownFollowerState(121)) - 018b3f78-d19f-4e26-a796-cb8ddc4f97cf: shutdown FollowerState
2019-10-18 13:01:46,136 [Thread-2111] INFO  impl.RaftServerImpl (RaftServerImpl.java:setRole(184)) - 018b3f78-d19f-4e26-a796-cb8ddc4f97cf@group-187684C21557: changes role from  FOLLOWER to CANDIDATE at term 129 for changeToCandidate
2019-10-18 13:01:46,136 [Thread-2111] INFO  impl.RoleInfo (RoleInfo.java:updateAndGet(143)) - 018b3f78-d19f-4e26-a796-cb8ddc4f97cf: start LeaderElection
2019-10-18 13:01:46,144 [Thread-2112] INFO  impl.FollowerState (FollowerState.java:run(108)) - c124d131-afb9-4343-ad4e-aaebde613043@group-FF4202234884-FollowerState: change to CANDIDATE, lastRpcTime:69ms, electionTimeout:69ms
2019-10-18 13:01:46,144 [Thread-2112] INFO  impl.RoleInfo (RoleInfo.java:shutdownFollowerState(121)) - c124d131-afb9-4343-ad4e-aaebde613043: shutdown FollowerState
2019-10-18 13:01:46,144 [Thread-2112] INFO  impl.RaftServerImpl (RaftServerImpl.java:setRole(184)) - c124d131-afb9-4343-ad4e-aaebde613043@group-FF4202234884: changes role from  FOLLOWER to CANDIDATE at term 125 for changeToCandidate
2019-10-18 13:01:46,144 [Thread-2112] INFO  impl.RoleInfo (RoleInfo.java:updateAndGet(143)) - c124d131-afb9-4343-ad4e-aaebde613043: start LeaderElection
2019-10-18 13:01:46,186 [c124d131-afb9-4343-ad4e-aaebde613043@group-FF4202234884-LeaderElection232] INFO  impl.LeaderElection (LeaderElection.java:askForVotes(178)) - c124d131-afb9-4343-ad4e-aaebde613043@group-FF4202234884-LeaderElection232: begin an election at term 126 for -1: [999343e7-0330-4874-a345-91eca72585e0:192.168.34.56:44872, c124d131-afb9-4343-ad4e-aaebde613043:192.168.34.56:42116, e5bb327f-cdd7-4e49-919e-13a4c895fddf:192.168.34.56:36658], old=null
2019-10-18 13:01:46,186 [018b3f78-d19f-4e26-a796-cb8ddc4f97cf@group-187684C21557-LeaderElection231] INFO  impl.LeaderElection (LeaderElection.java:askForVotes(178)) - 018b3f78-d19f-4e26-a796-cb8ddc4f97cf@group-187684C21557-LeaderElection231: begin an election at term 130 for -1: [893cf03e-f2cf-478a-892a-a746717e50e3:192.168.34.56:40750, 8697df36-98d2-41b1-bdc7-60597b3b5526:192.168.34.56:46415, 018b3f78-d19f-4e26-a796-cb8ddc4f97cf:192.168.34.56:35845], old=null
2019-10-18 13:01:46,187 [grpc-default-executor-7] INFO  impl.RaftServerImpl (RaftServerImpl.java:setRole(184)) - 8697df36-98d2-41b1-bdc7-60597b3b5526@group-187684C21557: changes role from  FOLLOWER to FOLLOWER at term 130 for recognizeCandidate:018b3f78-d19f-4e26-a796-cb8ddc4f97cf
2019-10-18 13:01:46,188 [grpc-default-executor-2] INFO  impl.RaftServerImpl (RaftServerImpl.java:setRole(184)) - e5bb327f-cdd7-4e49-919e-13a4c895fddf@group-FF4202234884: changes role from  FOLLOWER to FOLLOWER at term 126 for recognizeCandidate:c124d131-afb9-4343-ad4e-aaebde613043
2019-10-18 13:01:46,187 [grpc-default-executor-5] INFO  impl.RaftServerImpl (RaftServerImpl.java:setRole(184)) - 893cf03e-f2cf-478a-892a-a746717e50e3@group-187684C21557: changes role from  FOLLOWER to FOLLOWER at term 130 for recognizeCandidate:018b3f78-d19f-4e26-a796-cb8ddc4f97cf
2019-10-18 13:01:46,188 [grpc-default-executor-5] INFO  impl.RoleInfo (RoleInfo.java:shutdownFollowerState(121)) - 893cf03e-f2cf-478a-892a-a746717e50e3: shutdown FollowerState
2019-10-18 13:01:46,187 [grpc-default-executor-0] INFO  impl.RaftServerImpl (RaftServerImpl.java:setRole(184)) - 999343e7-0330-4874-a345-91eca72585e0@group-FF4202234884: changes role from  FOLLOWER to FOLLOWER at term 126 for recognizeCandidate:c124d131-afb9-4343-ad4e-aaebde613043
2019-10-18 13:01:46,188 [Thread-2108] INFO  impl.FollowerState (FollowerState.java:run(117)) - 893cf03e-f2cf-478a-892a-a746717e50e3@group-187684C21557-FollowerState was interrupted: java.lang.InterruptedException: sleep interrupted
2019-10-18 13:01:46,188 [grpc-default-executor-5] INFO  impl.RoleInfo (RoleInfo.java:updateAndGet(143)) - 893cf03e-f2cf-478a-892a-a746717e50e3: start FollowerState
2019-10-18 13:01:46,188 [grpc-default-executor-2] INFO  impl.RoleInfo (RoleInfo.java:shutdownFollowerState(121)) - e5bb327f-cdd7-4e49-919e-13a4c895fddf: shutdown FollowerState
2019-10-18 13:01:46,188 [grpc-default-executor-7] INFO  impl.RoleInfo (RoleInfo.java:shutdownFollowerState(121)) - 8697df36-98d2-41b1-bdc7-60597b3b5526: shutdown FollowerState
2019-10-18 13:01:46,188 [Thread-2110] INFO  impl.FollowerState (FollowerState.java:run(117)) - e5bb327f-cdd7-4e49-919e-13a4c895fddf@group-FF4202234884-FollowerState was interrupted: java.lang.InterruptedException: sleep interrupted
2019-10-18 13:01:46,188 [Thread-2107] INFO  impl.FollowerState (FollowerState.java:run(117)) - 8697df36-98d2-41b1-bdc7-60597b3b5526@group-187684C21557-FollowerState was interrupted: java.lang.InterruptedException: sleep interrupted
2019-10-18 13:01:46,188 [grpc-default-executor-2] INFO  impl.RoleInfo (RoleInfo.java:updateAndGet(143)) - e5bb327f-cdd7-4e49-919e-13a4c895fddf: start FollowerState
2019-10-18 13:01:46,188 [grpc-default-executor-0] INFO  impl.RoleInfo (RoleInfo.java:shutdownFollowerState(121)) - 999343e7-0330-4874-a345-91eca72585e0: shutdown FollowerState
2019-10-18 13:01:46,188 [grpc-default-executor-7] INFO  impl.RoleInfo (RoleInfo.java:updateAndGet(143)) - 8697df36-98d2-41b1-bdc7-60597b3b5526: start FollowerState
2019-10-18 13:01:46,189 [grpc-default-executor-0] INFO  impl.RoleInfo (RoleInfo.java:updateAndGet(143)) - 999343e7-0330-4874-a345-91eca72585e0: start FollowerState
2019-10-18 13:01:46,189 [Thread-2109] INFO  impl.FollowerState (FollowerState.java:run(117)) - 999343e7-0330-4874-a345-91eca72585e0@group-FF4202234884-FollowerState was interrupted: java.lang.InterruptedException: sleep interrupted
2019-10-18 13:01:46,255 [c124d131-afb9-4343-ad4e-aaebde613043@group-FF4202234884-LeaderElection232] INFO  impl.LeaderElection (LeaderElection.java:logAndReturn(56)) - c124d131-afb9-4343-ad4e-aaebde613043@group-FF4202234884-LeaderElection232: Election REJECTED; received 2 response(s) [c124d131-afb9-4343-ad4e-aaebde613043<-999343e7-0330-4874-a345-91eca72585e0#0:FAIL-t126, c124d131-afb9-4343-ad4e-aaebde613043<-e5bb327f-cdd7-4e49-919e-13a4c895fddf#0:FAIL-t126] and 0 exception(s); c124d131-afb9-4343-ad4e-aaebde613043@group-FF4202234884:t126, leader=null, voted=c124d131-afb9-4343-ad4e-aaebde613043, raftlog=c124d131-afb9-4343-ad4e-aaebde613043@group-FF4202234884-SegmentedRaftLog:OPENED:c-1,f-1,i0, conf=-1: [999343e7-0330-4874-a345-91eca72585e0:192.168.34.56:44872, c124d131-afb9-4343-ad4e-aaebde613043:192.168.34.56:42116, e5bb327f-cdd7-4e49-919e-13a4c895fddf:192.168.34.56:36658], old=null
2019-10-18 13:01:46,255 [018b3f78-d19f-4e26-a796-cb8ddc4f97cf@group-187684C21557-LeaderElection231] INFO  impl.LeaderElection (LeaderElection.java:logAndReturn(56)) - 018b3f78-d19f-4e26-a796-cb8ddc4f97cf@group-187684C21557-LeaderElection231: Election REJECTED; received 2 response(s) [018b3f78-d19f-4e26-a796-cb8ddc4f97cf<-893cf03e-f2cf-478a-892a-a746717e50e3#0:FAIL-t130, 018b3f78-d19f-4e26-a796-cb8ddc4f97cf<-8697df36-98d2-41b1-bdc7-60597b3b5526#0:FAIL-t130] and 0 exception(s); 018b3f78-d19f-4e26-a796-cb8ddc4f97cf@group-187684C21557:t130, leader=null, voted=018b3f78-d19f-4e26-a796-cb8ddc4f97cf, raftlog=018b3f78-d19f-4e26-a796-cb8ddc4f97cf@group-187684C21557-SegmentedRaftLog:OPENED:c-1,f-1,i0, conf=-1: [893cf03e-f2cf-478a-892a-a746717e50e3:192.168.34.56:40750, 8697df36-98d2-41b1-bdc7-60597b3b5526:192.168.34.56:46415, 018b3f78-d19f-4e26-a796-cb8ddc4f97cf:192.168.34.56:35845], old=null
2019-10-18 13:01:46,256 [c124d131-afb9-4343-ad4e-aaebde613043@group-FF4202234884-LeaderElection232] INFO  impl.RaftServerImpl (RaftServerImpl.java:setRole(184)) - c124d131-afb9-4343-ad4e-aaebde613043@group-FF4202234884: changes role from CANDIDATE to FOLLOWER at term 126 for DISCOVERED_A_NEW_TERM
2019-10-18 13:01:46,256 [018b3f78-d19f-4e26-a796-cb8ddc4f97cf@group-187684C21557-LeaderElection231] INFO  impl.RaftServerImpl (RaftServerImpl.java:setRole(184)) - 018b3f78-d19f-4e26-a796-cb8ddc4f97cf@group-187684C21557: changes role from CANDIDATE to FOLLOWER at term 130 for DISCOVERED_A_NEW_TERM
2019-10-18 13:01:46,256 [018b3f78-d19f-4e26-a796-cb8ddc4f97cf@group-187684C21557-LeaderElection231] INFO  impl.RoleInfo (RoleInfo.java:shutdownLeaderElection(134)) - 018b3f78-d19f-4e26-a796-cb8ddc4f97cf: shutdown LeaderElection
2019-10-18 13:01:46,256 [c124d131-afb9-4343-ad4e-aaebde613043@group-FF4202234884-LeaderElection232] INFO  impl.RoleInfo (RoleInfo.java:shutdownLeaderElection(134)) - c124d131-afb9-4343-ad4e-aaebde613043: shutdown LeaderElection
2019-10-18 13:01:46,256 [018b3f78-d19f-4e26-a796-cb8ddc4f97cf@group-187684C21557-LeaderElection231] INFO  impl.RoleInfo (RoleInfo.java:updateAndGet(143)) - 018b3f78-d19f-4e26-a796-cb8ddc4f97cf: start FollowerState
2019-10-18 13:01:46,256 [c124d131-afb9-4343-ad4e-aaebde613043@group-FF4202234884-LeaderElection232] INFO  impl.RoleInfo (RoleInfo.java:updateAndGet(143)) - c124d131-afb9-4343-ad4e-aaebde613043: start FollowerState
2019-10-18 13:01:46,274 [Thread-2126] INFO  impl.FollowerState (FollowerState.java:run(108)) - c124d131-afb9-4343-ad4e-aaebde613043@group-FF4202234884-FollowerState: change to CANDIDATE, lastRpcTime:17ms, electionTimeout:15ms
2019-10-18 13:01:46,274 [Thread-2126] INFO  impl.RoleInfo (RoleInfo.java:shutdownFollowerState(121)) - c124d131-afb9-4343-ad4e-aaebde613043: shutdown FollowerState
2019-10-18 13:01:46,274 [Thread-2126] INFO  impl.RaftServerImpl (RaftServerImpl.java:setRole(184)) - c124d131-afb9-4343-ad4e-aaebde613043@group-FF4202234884: changes role from  FOLLOWER to CANDIDATE at term 126 for changeToCandidate
2019-10-18 13:01:46,274 [Thread-2126] INFO  impl.RoleInfo (RoleInfo.java:updateAndGet(143)) - c124d131-afb9-4343-ad4e-aaebde613043: start LeaderElection
2019-10-18 13:01:46,313 [Thread-2125] INFO  impl.FollowerState (FollowerState.java:run(108)) - 018b3f78-d19f-4e26-a796-cb8ddc4f97cf@group-187684C21557-FollowerState: change to CANDIDATE, lastRpcTime:57ms, electionTimeout:57ms
2019-10-18 13:01:46,314 [Thread-2125] INFO  impl.RoleInfo (RoleInfo.java:shutdownFollowerState(121)) - 018b3f78-d19f-4e26-a796-cb8ddc4f97cf: shutdown FollowerState
2019-10-18 13:01:46,314 [c124d131-afb9-4343-ad4e-aaebde613043@group-FF4202234884-LeaderElection233] INFO  impl.LeaderElection (LeaderElection.java:askForVotes(178)) - c124d131-afb9-4343-ad4e-aaebde613043@group-FF4202234884-LeaderElection233: begin an election at term 127 for -1: [999343e7-0330-4874-a345-91eca72585e0:192.168.34.56:44872, c124d131-afb9-4343-ad4e-aaebde613043:192.168.34.56:42116, e5bb327f-cdd7-4e49-919e-13a4c895fddf:192.168.34.56:36658], old=null
2019-10-18 13:01:46,314 [Thread-2125] INFO  impl.RaftServerImpl (RaftServerImpl.java:setRole(184)) - 018b3f78-d19f-4e26-a796-cb8ddc4f97cf@group-187684C21557: changes role from  FOLLOWER to CANDIDATE at term 130 for changeToCandidate
2019-10-18 13:01:46,314 [Thread-2125] INFO  impl.RoleInfo (RoleInfo.java:updateAndGet(143)) - 018b3f78-d19f-4e26-a796-cb8ddc4f97cf: start LeaderElection
2019-10-18 13:01:46,315 [grpc-default-executor-0] INFO  impl.RaftServerImpl (RaftServerImpl.java:setRole(184)) - 999343e7-0330-4874-a345-91eca72585e0@group-FF4202234884: changes role from  FOLLOWER to FOLLOWER at term 127 for recognizeCandidate:c124d131-afb9-4343-ad4e-aaebde613043
2019-10-18 13:01:46,315 [grpc-default-executor-7] INFO  impl.RaftServerImpl (RaftServerImpl.java:setRole(184)) - e5bb327f-cdd7-4e49-919e-13a4c895fddf@group-FF4202234884: changes role from  FOLLOWER to FOLLOWER at term 127 for recognizeCandidate:c124d131-afb9-4343-ad4e-aaebde613043
2019-10-18 13:01:46,315 [grpc-default-executor-0] INFO  impl.RoleInfo (RoleInfo.java:shutdownFollowerState(121)) - 999343e7-0330-4874-a345-91eca72585e0: shutdown FollowerState
2019-10-18 13:01:46,316 [grpc-default-executor-7] INFO  impl.RoleInfo (RoleInfo.java:shutdownFollowerState(121)) - e5bb327f-cdd7-4e49-919e-13a4c895fddf: shutdown FollowerState
2019-10-18 13:01:46,316 [Thread-2123] INFO  impl.FollowerState (FollowerState.java:run(117)) - 999343e7-0330-4874-a345-91eca72585e0@group-FF4202234884-FollowerState was interrupted: java.lang.InterruptedException: sleep interrupted
2019-10-18 13:01:46,316 [grpc-default-executor-0] INFO  impl.RoleInfo (RoleInfo.java:updateAndGet(143)) - 999343e7-0330-4874-a345-91eca72585e0: start FollowerState
2019-10-18 13:01:46,316 [Thread-2121] INFO  impl.FollowerState (FollowerState.java:run(117)) - e5bb327f-cdd7-4e49-919e-13a4c895fddf@group-FF4202234884-FollowerState was interrupted: java.lang.InterruptedException: sleep interrupted
2019-10-18 13:01:46,316 [grpc-default-executor-7] INFO  impl.RoleInfo (RoleInfo.java:updateAndGet(143)) - e5bb327f-cdd7-4e49-919e-13a4c895fddf: start FollowerState
2019-10-18 13:01:46,337 [018b3f78-d19f-4e26-a796-cb8ddc4f97cf@group-187684C21557-LeaderElection234] INFO  impl.LeaderElection (LeaderElection.java:askForVotes(178)) - 018b3f78-d19f-4e26-a796-cb8ddc4f97cf@group-187684C21557-LeaderElection234: begin an election at term 131 for -1: [893cf03e-f2cf-478a-892a-a746717e50e3:192.168.34.56:40750, 8697df36-98d2-41b1-bdc7-60597b3b5526:192.168.34.56:46415, 018b3f78-d19f-4e26-a796-cb8ddc4f97cf:192.168.34.56:35845], old=null
2019-10-18 13:01:46,338 [c124d131-afb9-4343-ad4e-aaebde613043@group-FF4202234884-LeaderElection233] INFO  impl.LeaderElection (LeaderElection.java:logAndReturn(56)) - c124d131-afb9-4343-ad4e-aaebde613043@group-FF4202234884-LeaderElection233: Election REJECTED; received 2 response(s) [c124d131-afb9-4343-ad4e-aaebde613043<-999343e7-0330-4874-a345-91eca72585e0#0:FAIL-t127, c124d131-afb9-4343-ad4e-aaebde613043<-e5bb327f-cdd7-4e49-919e-13a4c895fddf#0:FAIL-t127] and 0 exception(s); c124d131-afb9-4343-ad4e-aaebde613043@group-FF4202234884:t127, leader=null, voted=c124d131-afb9-4343-ad4e-aaebde613043, raftlog=c124d131-afb9-4343-ad4e-aaebde613043@group-FF4202234884-SegmentedRaftLog:OPENED:c-1,f-1,i0, conf=-1: [999343e7-0330-4874-a345-91eca72585e0:192.168.34.56:44872, c124d131-afb9-4343-ad4e-aaebde613043:192.168.34.56:42116, e5bb327f-cdd7-4e49-919e-13a4c895fddf:192.168.34.56:36658], old=null
2019-10-18 13:01:46,338 [c124d131-afb9-4343-ad4e-aaebde613043@group-FF4202234884-LeaderElection233] INFO  impl.RaftServerImpl (RaftServerImpl.java:setRole(184)) - c124d131-afb9-4343-ad4e-aaebde613043@group-FF4202234884: changes role from CANDIDATE to FOLLOWER at term 127 for DISCOVERED_A_NEW_TERM
2019-10-18 13:01:46,338 [c124d131-afb9-4343-ad4e-aaebde613043@group-FF4202234884-LeaderElection233] INFO  impl.RoleInfo (RoleInfo.java:shutdownLeaderElection(134)) - c124d131-afb9-4343-ad4e-aaebde613043: shutdown LeaderElection
2019-10-18 13:01:46,338 [c124d131-afb9-4343-ad4e-aaebde613043@group-FF4202234884-LeaderElection233] INFO  impl.RoleInfo (RoleInfo.java:updateAndGet(143)) - c124d131-afb9-4343-ad4e-aaebde613043: start FollowerState
2019-10-18 13:01:46,338 [grpc-default-executor-0] INFO  impl.RaftServerImpl (RaftServerImpl.java:setRole(184)) - 893cf03e-f2cf-478a-892a-a746717e50e3@group-187684C21557: changes role from  FOLLOWER to FOLLOWER at term 131 for recognizeCandidate:018b3f78-d19f-4e26-a796-cb8ddc4f97cf
2019-10-18 13:01:46,338 [grpc-default-executor-0] INFO  impl.RoleInfo (RoleInfo.java:shutdownFollowerState(121)) - 893cf03e-f2cf-478a-892a-a746717e50e3: shutdown FollowerState
2019-10-18 13:01:46,339 [grpc-default-executor-0] INFO  impl.RoleInfo (RoleInfo.java:updateAndGet(143)) - 893cf03e-f2cf-478a-892a-a746717e50e3: start FollowerState
2019-10-18 13:01:46,339 [grpc-default-executor-7] INFO  impl.RaftServerImpl (RaftServerImpl.java:setRole(184)) - 8697df36-98d2-41b1-bdc7-60597b3b5526@group-187684C21557: changes role from  FOLLOWER to FOLLOWER at term 131 for recognizeCandidate:018b3f78-d19f-4e26-a796-cb8ddc4f97cf
2019-10-18 13:01:46,339 [grpc-default-executor-7] INFO  impl.RoleInfo (RoleInfo.java:shutdownFollowerState(121)) - 8697df36-98d2-41b1-bdc7-60597b3b5526: shutdown FollowerState
2019-10-18 13:01:46,339 [grpc-default-executor-7] INFO  impl.RoleInfo (RoleInfo.java:updateAndGet(143)) - 8697df36-98d2-41b1-bdc7-60597b3b5526: start FollowerState
2019-10-18 13:01:46,339 [Thread-2122] INFO  impl.FollowerState (FollowerState.java:run(117)) - 8697df36-98d2-41b1-bdc7-60597b3b5526@group-187684C21557-FollowerState was interrupted: java.lang.InterruptedException: sleep interrupted
2019-10-18 13:01:46,339 [Thread-2120] INFO  impl.FollowerState (FollowerState.java:run(117)) - 893cf03e-f2cf-478a-892a-a746717e50e3@group-187684C21557-FollowerState was interrupted: java.lang.InterruptedException: sleep interrupted
2019-10-18 13:01:46,362 [018b3f78-d19f-4e26-a796-cb8ddc4f97cf@group-187684C21557-LeaderElection234] INFO  impl.LeaderElection (LeaderElection.java:logAndReturn(56)) - 018b3f78-d19f-4e26-a796-cb8ddc4f97cf@group-187684C21557-LeaderElection234: Election REJECTED; received 2 response(s) [018b3f78-d19f-4e26-a796-cb8ddc4f97cf<-893cf03e-f2cf-478a-892a-a746717e50e3#0:FAIL-t131, 018b3f78-d19f-4e26-a796-cb8ddc4f97cf<-8697df36-98d2-41b1-bdc7-60597b3b5526#0:FAIL-t131] and 0 exception(s); 018b3f78-d19f-4e26-a796-cb8ddc4f97cf@group-187684C21557:t131, leader=null, voted=018b3f78-d19f-4e26-a796-cb8ddc4f97cf, raftlog=018b3f78-d19f-4e26-a796-cb8ddc4f97cf@group-187684C21557-SegmentedRaftLog:OPENED:c-1,f-1,i0, conf=-1: [893cf03e-f2cf-478a-892a-a746717e50e3:192.168.34.56:40750, 8697df36-98d2-41b1-bdc7-60597b3b5526:192.168.34.56:46415, 018b3f78-d19f-4e26-a796-cb8ddc4f97cf:192.168.34.56:35845], old=null
2019-10-18 13:01:46,363 [018b3f78-d19f-4e26-a796-cb8ddc4f97cf@group-187684C21557-LeaderElection234] INFO  impl.RaftServerImpl (RaftServerImpl.java:setRole(184)) - 018b3f78-d19f-4e26-a796-cb8ddc4f97cf@group-187684C21557: changes role from CANDIDATE to FOLLOWER at term 131 for DISCOVERED_A_NEW_TERM
2019-10-18 13:01:46,363 [018b3f78-d19f-4e26-a796-cb8ddc4f97cf@group-187684C21557-LeaderElection234] INFO  impl.RoleInfo (RoleInfo.java:shutdownLeaderElection(134)) - 018b3f78-d19f-4e26-a796-cb8ddc4f97cf: shutdown LeaderElection
2019-10-18 13:01:46,363 [018b3f78-d19f-4e26-a796-cb8ddc4f97cf@group-187684C21557-LeaderElection234] INFO  impl.RoleInfo (RoleInfo.java:updateAndGet(143)) - 018b3f78-d19f-4e26-a796-cb8ddc4f97cf: start FollowerState
2019-10-18 13:01:46,450 [Thread-2135] INFO  impl.FollowerState (FollowerState.java:run(108)) - c124d131-afb9-4343-ad4e-aaebde613043@group-FF4202234884-FollowerState: change to CANDIDATE, lastRpcTime:111ms, electionTimeout:111ms
2019-10-18 13:01:46,450 [Thread-2135] INFO  impl.RoleInfo (RoleInfo.java:shutdownFollowerState(121)) - c124d131-afb9-4343-ad4e-aaebde613043: shutdown FollowerState
2019-10-18 13:01:46,450 [Thread-2135] INFO  impl.RaftServerImpl (RaftServerImpl.java:setRole(184)) - c124d131-afb9-4343-ad4e-aaebde613043@group-FF4202234884: changes role from  FOLLOWER to CANDIDATE at term 127 for changeToCandidate
2019-10-18 13:01:46,450 [Thread-2135] INFO  impl.RoleInfo (RoleInfo.java:updateAndGet(143)) - c124d131-afb9-4343-ad4e-aaebde613043: start LeaderElection
2019-10-18 13:01:46,457 [Thread-2138] INFO  impl.FollowerState (FollowerState.java:run(108)) - 018b3f78-d19f-4e26-a796-cb8ddc4f97cf@group-187684C21557-FollowerState: change to CANDIDATE, lastRpcTime:94ms, electionTimeout:94ms
2019-10-18 13:01:46,457 [Thread-2138] INFO  impl.RoleInfo (RoleInfo.java:shutdownFollowerState(121)) - 018b3f78-d19f-4e26-a796-cb8ddc4f97cf: shutdown FollowerState
2019-10-18 13:01:46,457 [Thread-2138] INFO  impl.RaftServerImpl (RaftServerImpl.java:setRole(184)) - 018b3f78-d19f-4e26-a796-cb8ddc4f97cf@group-187684C21557: changes role from  FOLLOWER to CANDIDATE at term 131 for changeToCandidate
2019-10-18 13:01:46,457 [Thread-2138] INFO  impl.RoleInfo (RoleInfo.java:updateAndGet(143)) - 018b3f78-d19f-4e26-a796-cb8ddc4f97cf: start LeaderElection
2019-10-18 13:01:46,490 [018b3f78-d19f-4e26-a796-cb8ddc4f97cf@group-187684C21557-LeaderElection236] INFO  impl.LeaderElection (LeaderElection.java:askForVotes(178)) - 018b3f78-d19f-4e26-a796-cb8ddc4f97cf@group-187684C21557-LeaderElection236: begin an election at term 132 for -1: [893cf03e-f2cf-478a-892a-a746717e50e3:192.168.34.56:40750, 8697df36-98d2-41b1-bdc7-60597b3b5526:192.168.34.56:46415, 018b3f78-d19f-4e26-a796-cb8ddc4f97cf:192.168.34.56:35845], old=null
2019-10-18 13:01:46,490 [c124d131-afb9-4343-ad4e-aaebde613043@group-FF4202234884-LeaderElection235] INFO  impl.LeaderElection (LeaderElection.java:askForVotes(178)) - c124d131-afb9-4343-ad4e-aaebde613043@group-FF4202234884-LeaderElection235: begin an election at term 128 for -1: [999343e7-0330-4874-a345-91eca72585e0:192.168.34.56:44872, c124d131-afb9-4343-ad4e-aaebde613043:192.168.34.56:42116, e5bb327f-cdd7-4e49-919e-13a4c895fddf:192.168.34.56:36658], old=null
2019-10-18 13:01:46,491 [grpc-default-executor-0] INFO  impl.RaftServerImpl (RaftServerImpl.java:setRole(184)) - 893cf03e-f2cf-478a-892a-a746717e50e3@group-187684C21557: changes role from  FOLLOWER to FOLLOWER at term 132 for recognizeCandidate:018b3f78-d19f-4e26-a796-cb8ddc4f97cf
2019-10-18 13:01:46,491 [grpc-default-executor-5] INFO  impl.RaftServerImpl (RaftServerImpl.java:setRole(184)) - e5bb327f-cdd7-4e49-919e-13a4c895fddf@group-FF4202234884: changes role from  FOLLOWER to FOLLOWER at term 128 for recognizeCandidate:c124d131-afb9-4343-ad4e-aaebde613043
2019-10-18 13:01:46,491 [grpc-default-executor-5] INFO  impl.RoleInfo (RoleInfo.java:shutdownFollowerState(121)) - e5bb327f-cdd7-4e49-919e-13a4c895fddf: shutdown FollowerState
2019-10-18 13:01:46,491 [grpc-default-executor-7] INFO  impl.RaftServerImpl (RaftServerImpl.java:setRole(184)) - 8697df36-98d2-41b1-bdc7-60597b3b5526@group-187684C21557: changes role from  FOLLOWER to FOLLOWER at term 132 for recognizeCandidate:018b3f78-d19f-4e26-a796-cb8ddc4f97cf
2019-10-18 13:01:46,491 [Thread-2132] INFO  impl.FollowerState (FollowerState.java:run(117)) - e5bb327f-cdd7-4e49-919e-13a4c895fddf@group-FF4202234884-FollowerState was interrupted: java.lang.InterruptedException: sleep interrupted
2019-10-18 13:01:46,491 [grpc-default-executor-5] INFO  impl.RoleInfo (RoleInfo.java:updateAndGet(143)) - e5bb327f-cdd7-4e49-919e-13a4c895fddf: start FollowerState
2019-10-18 13:01:46,491 [grpc-default-executor-2] INFO  impl.RaftServerImpl (RaftServerImpl.java:setRole(184)) - 999343e7-0330-4874-a345-91eca72585e0@group-FF4202234884: changes role from  FOLLOWER to FOLLOWER at term 128 for recognizeCandidate:c124d131-afb9-4343-ad4e-aaebde613043
2019-10-18 13:01:46,491 [grpc-default-executor-0] INFO  impl.RoleInfo (RoleInfo.java:shutdownFollowerState(121)) - 893cf03e-f2cf-478a-892a-a746717e50e3: shutdown FollowerState
2019-10-18 13:01:46,492 [grpc-default-executor-2] INFO  impl.RoleInfo (RoleInfo.java:shutdownFollowerState(121)) - 999343e7-0330-4874-a345-91eca72585e0: shutdown FollowerState
2019-10-18 13:01:46,491 [grpc-default-executor-7] INFO  impl.RoleInfo (RoleInfo.java:shutdownFollowerState(121)) - 8697df36-98d2-41b1-bdc7-60597b3b5526: shutdown FollowerState
2019-10-18 13:01:46,492 [Thread-2131] INFO  impl.FollowerState (FollowerState.java:run(117)) - 999343e7-0330-4874-a345-91eca72585e0@group-FF4202234884-FollowerState was interrupted: java.lang.InterruptedException: sleep interrupted
2019-10-18 13:01:46,492 [grpc-default-executor-2] INFO  impl.RoleInfo (RoleInfo.java:updateAndGet(143)) - 999343e7-0330-4874-a345-91eca72585e0: start FollowerState
2019-10-18 13:01:46,492 [Thread-2136] INFO  impl.FollowerState (FollowerState.java:run(117)) - 893cf03e-f2cf-478a-892a-a746717e50e3@group-187684C21557-FollowerState was interrupted: java.lang.InterruptedException: sleep interrupted
2019-10-18 13:01:46,492 [grpc-default-executor-0] INFO  impl.RoleInfo (RoleInfo.java:updateAndGet(143)) - 893cf03e-f2cf-478a-892a-a746717e50e3: start FollowerState
2019-10-18 13:01:46,492 [Thread-2137] INFO  impl.FollowerState (FollowerState.java:run(117)) - 8697df36-98d2-41b1-bdc7-60597b3b5526@group-187684C21557-FollowerState was interrupted: java.lang.InterruptedException: sleep interrupted
2019-10-18 13:01:46,492 [grpc-default-executor-7] INFO  impl.RoleInfo (RoleInfo.java:updateAndGet(143)) - 8697df36-98d2-41b1-bdc7-60597b3b5526: start FollowerState
2019-10-18 13:01:46,504 [018b3f78-d19f-4e26-a796-cb8ddc4f97cf@group-187684C21557-LeaderElection236] INFO  impl.LeaderElection (LeaderElection.java:logAndReturn(56)) - 018b3f78-d19f-4e26-a796-cb8ddc4f97cf@group-187684C21557-LeaderElection236: Election TIMEOUT; received 0 response(s) [] and 0 exception(s); 018b3f78-d19f-4e26-a796-cb8ddc4f97cf@group-187684C21557:t132, leader=null, voted=018b3f78-d19f-4e26-a796-cb8ddc4f97cf, raftlog=018b3f78-d19f-4e26-a796-cb8ddc4f97cf@group-187684C21557-SegmentedRaftLog:OPENED:c-1,f-1,i0, conf=-1: [893cf03e-f2cf-478a-892a-a746717e50e3:192.168.34.56:40750, 8697df36-98d2-41b1-bdc7-60597b3b5526:192.168.34.56:46415, 018b3f78-d19f-4e26-a796-cb8ddc4f97cf:192.168.34.56:35845], old=null
2019-10-18 13:01:46,517 [c124d131-afb9-4343-ad4e-aaebde613043@group-FF4202234884-LeaderElection235] INFO  impl.LeaderElection (LeaderElection.java:logAndReturn(56)) - c124d131-afb9-4343-ad4e-aaebde613043@group-FF4202234884-LeaderElection235: Election REJECTED; received 2 response(s) [c124d131-afb9-4343-ad4e-aaebde613043<-999343e7-0330-4874-a345-91eca72585e0#0:FAIL-t128, c124d131-afb9-4343-ad4e-aaebde613043<-e5bb327f-cdd7-4e49-919e-13a4c895fddf#0:FAIL-t128] and 0 exception(s); c124d131-afb9-4343-ad4e-aaebde613043@group-FF4202234884:t128, leader=null, voted=c124d131-afb9-4343-ad4e-aaebde613043, raftlog=c124d131-afb9-4343-ad4e-aaebde613043@group-FF4202234884-SegmentedRaftLog:OPENED:c-1,f-1,i0, conf=-1: [999343e7-0330-4874-a345-91eca72585e0:192.168.34.56:44872, c124d131-afb9-4343-ad4e-aaebde613043:192.168.34.56:42116, e5bb327f-cdd7-4e49-919e-13a4c895fddf:192.168.34.56:36658], old=null
2019-10-18 13:01:46,517 [c124d131-afb9-4343-ad4e-aaebde613043@group-FF4202234884-LeaderElection235] INFO  impl.RaftServerImpl (RaftServerImpl.java:setRole(184)) - c124d131-afb9-4343-ad4e-aaebde613043@group-FF4202234884: changes role from CANDIDATE to FOLLOWER at term 128 for DISCOVERED_A_NEW_TERM
2019-10-18 13:01:46,517 [c124d131-afb9-4343-ad4e-aaebde613043@group-FF4202234884-LeaderElection235] INFO  impl.RoleInfo (RoleInfo.java:shutdownLeaderElection(134)) - c124d131-afb9-4343-ad4e-aaebde613043: shutdown LeaderElection
2019-10-18 13:01:46,517 [c124d131-afb9-4343-ad4e-aaebde613043@group-FF4202234884-LeaderElection235] INFO  impl.RoleInfo (RoleInfo.java:updateAndGet(143)) - c124d131-afb9-4343-ad4e-aaebde613043: start FollowerState
2019-10-18 13:01:46,539 [018b3f78-d19f-4e26-a796-cb8ddc4f97cf@group-187684C21557-LeaderElection236] INFO  impl.LeaderElection (LeaderElection.java:askForVotes(178)) - 018b3f78-d19f-4e26-a796-cb8ddc4f97cf@group-187684C21557-LeaderElection236: begin an election at term 133 for -1: [893cf03e-f2cf-478a-892a-a746717e50e3:192.168.34.56:40750, 8697df36-98d2-41b1-bdc7-60597b3b5526:192.168.34.56:46415, 018b3f78-d19f-4e26-a796-cb8ddc4f97cf:192.168.34.56:35845], old=null
2019-10-18 13:01:46,540 [grpc-default-executor-5] INFO  impl.RaftServerImpl (RaftServerImpl.java:setRole(184)) - 893cf03e-f2cf-478a-892a-a746717e50e3@group-187684C21557: changes role from  FOLLOWER to FOLLOWER at term 133 for recognizeCandidate:018b3f78-d19f-4e26-a796-cb8ddc4f97cf
2019-10-18 13:01:46,540 [grpc-default-executor-0] INFO  impl.RaftServerImpl (RaftServerImpl.java:setRole(184)) - 8697df36-98d2-41b1-bdc7-60597b3b5526@group-187684C21557: changes role from  FOLLOWER to FOLLOWER at term 133 for recognizeCandidate:018b3f78-d19f-4e26-a796-cb8ddc4f97cf
2019-10-18 13:01:46,540 [grpc-default-executor-5] INFO  impl.RoleInfo (RoleInfo.java:shutdownFollowerState(121)) - 893cf03e-f2cf-478a-892a-a746717e50e3: shutdown FollowerState
2019-10-18 13:01:46,540 [grpc-default-executor-0] INFO  impl.RoleInfo (RoleInfo.java:shutdownFollowerState(121)) - 8697df36-98d2-41b1-bdc7-60597b3b5526: shutdown FollowerState
2019-10-18 13:01:46,541 [Thread-2146] INFO  impl.FollowerState (FollowerState.java:run(117)) - 893cf03e-f2cf-478a-892a-a746717e50e3@group-187684C21557-FollowerState was interrupted: java.lang.InterruptedException: sleep interrupted
2019-10-18 13:01:46,541 [Thread-2148] INFO  impl.FollowerState (FollowerState.java:run(117)) - 8697df36-98d2-41b1-bdc7-60597b3b5526@group-187684C21557-FollowerState was interrupted: java.lang.InterruptedException: sleep interrupted
2019-10-18 13:01:46,541 [grpc-default-executor-5] INFO  impl.RoleInfo (RoleInfo.java:updateAndGet(143)) - 893cf03e-f2cf-478a-892a-a746717e50e3: start FollowerState
2019-10-18 13:01:46,541 [grpc-default-executor-0] INFO  impl.RoleInfo (RoleInfo.java:updateAndGet(143)) - 8697df36-98d2-41b1-bdc7-60597b3b5526: start FollowerState
2019-10-18 13:01:46,564 [018b3f78-d19f-4e26-a796-cb8ddc4f97cf@group-187684C21557-LeaderElection236] INFO  impl.LeaderElection (LeaderElection.java:logAndReturn(56)) - 018b3f78-d19f-4e26-a796-cb8ddc4f97cf@group-187684C21557-LeaderElection236: Election REJECTED; received 2 response(s) [018b3f78-d19f-4e26-a796-cb8ddc4f97cf<-893cf03e-f2cf-478a-892a-a746717e50e3#0:FAIL-t133, 018b3f78-d19f-4e26-a796-cb8ddc4f97cf<-8697df36-98d2-41b1-bdc7-60597b3b5526#0:FAIL-t133] and 0 exception(s); 018b3f78-d19f-4e26-a796-cb8ddc4f97cf@group-187684C21557:t133, leader=null, voted=018b3f78-d19f-4e26-a796-cb8ddc4f97cf, raftlog=018b3f78-d19f-4e26-a796-cb8ddc4f97cf@group-187684C21557-SegmentedRaftLog:OPENED:c-1,f-1,i0, conf=-1: [893cf03e-f2cf-478a-892a-a746717e50e3:192.168.34.56:40750, 8697df36-98d2-41b1-bdc7-60597b3b5526:192.168.34.56:46415, 018b3f78-d19f-4e26-a796-cb8ddc4f97cf:192.168.34.56:35845], old=null
2019-10-18 13:01:46,564 [018b3f78-d19f-4e26-a796-cb8ddc4f97cf@group-187684C21557-LeaderElection236] INFO  impl.RaftServerImpl (RaftServerImpl.java:setRole(184)) - 018b3f78-d19f-4e26-a796-cb8ddc4f97cf@group-187684C21557: changes role from CANDIDATE to FOLLOWER at term 133 for DISCOVERED_A_NEW_TERM
2019-10-18 13:01:46,564 [018b3f78-d19f-4e26-a796-cb8ddc4f97cf@group-187684C21557-LeaderElection236] INFO  impl.RoleInfo (RoleInfo.java:shutdownLeaderElection(134)) - 018b3f78-d19f-4e26-a796-cb8ddc4f97cf: shutdown LeaderElection
2019-10-18 13:01:46,564 [018b3f78-d19f-4e26-a796-cb8ddc4f97cf@group-187684C21557-LeaderElection236] INFO  impl.RoleInfo (RoleInfo.java:updateAndGet(143)) - 018b3f78-d19f-4e26-a796-cb8ddc4f97cf: start FollowerState
2019-10-18 13:01:46,617 [main] INFO  ozoneimpl.OzoneContainer (OzoneContainer.java:stop(227)) - Attempting to stop container services.
2019-10-18 13:01:46,617 [ForkJoinPool.commonPool-worker-0] INFO  ozoneimpl.OzoneContainer (OzoneContainer.java:stop(227)) - Attempting to stop container services.
2019-10-18 13:01:46,617 [main] INFO  impl.RaftServerProxy (RaftServerProxy.java:lambda$close$4(314)) - e5bb327f-cdd7-4e49-919e-13a4c895fddf: close
2019-10-18 13:01:46,618 [ForkJoinPool.commonPool-worker-0] INFO  impl.RaftServerProxy (RaftServerProxy.java:lambda$close$4(314)) - 999343e7-0330-4874-a345-91eca72585e0: close
2019-10-18 13:01:46,618 [main] INFO  impl.RaftServerImpl (RaftServerImpl.java:lambda$shutdown$3(261)) - e5bb327f-cdd7-4e49-919e-13a4c895fddf@group-FF4202234884: shutdown
2019-10-18 13:01:46,618 [ForkJoinPool.commonPool-worker-0] INFO  impl.RaftServerImpl (RaftServerImpl.java:lambda$shutdown$3(261)) - 999343e7-0330-4874-a345-91eca72585e0@group-FF4202234884: shutdown
2019-10-18 13:01:46,619 [main] INFO  util.JmxRegister (JmxRegister.java:unregister(73)) - Successfully un-registered JMX Bean with object name Ratis:service=RaftServer,group=group-FF4202234884,id=e5bb327f-cdd7-4e49-919e-13a4c895fddf
2019-10-18 13:01:46,619 [ForkJoinPool.commonPool-worker-0] INFO  util.JmxRegister (JmxRegister.java:unregister(73)) - Successfully un-registered JMX Bean with object name Ratis:service=RaftServer,group=group-FF4202234884,id=999343e7-0330-4874-a345-91eca72585e0
2019-10-18 13:01:46,619 [main] INFO  impl.RoleInfo (RoleInfo.java:shutdownFollowerState(121)) - e5bb327f-cdd7-4e49-919e-13a4c895fddf: shutdown FollowerState
2019-10-18 13:01:46,619 [ForkJoinPool.commonPool-worker-0] INFO  impl.RoleInfo (RoleInfo.java:shutdownFollowerState(121)) - 999343e7-0330-4874-a345-91eca72585e0: shutdown FollowerState
2019-10-18 13:01:46,619 [main] INFO  impl.StateMachineUpdater (StateMachineUpdater.java:stopAndJoin(136)) - e5bb327f-cdd7-4e49-919e-13a4c895fddf@group-FF4202234884-StateMachineUpdater: set stopIndex = -1
2019-10-18 13:01:46,619 [Thread-2145] INFO  impl.FollowerState (FollowerState.java:run(117)) - e5bb327f-cdd7-4e49-919e-13a4c895fddf@group-FF4202234884-FollowerState was interrupted: java.lang.InterruptedException: sleep interrupted
2019-10-18 13:01:46,624 [main] INFO  impl.RaftServerImpl (ServerState.java:close(388)) - e5bb327f-cdd7-4e49-919e-13a4c895fddf@group-FF4202234884: closes. applyIndex: -1
2019-10-18 13:01:46,620 [ForkJoinPool.commonPool-worker-0] INFO  impl.StateMachineUpdater (StateMachineUpdater.java:stopAndJoin(136)) - 999343e7-0330-4874-a345-91eca72585e0@group-FF4202234884-StateMachineUpdater: set stopIndex = -1
2019-10-18 13:01:46,620 [Thread-2147] INFO  impl.FollowerState (FollowerState.java:run(117)) - 999343e7-0330-4874-a345-91eca72585e0@group-FF4202234884-FollowerState was interrupted: java.lang.InterruptedException: sleep interrupted
2019-10-18 13:01:46,625 [ForkJoinPool.commonPool-worker-0] INFO  impl.RaftServerImpl (ServerState.java:close(388)) - 999343e7-0330-4874-a345-91eca72585e0@group-FF4202234884: closes. applyIndex: -1
2019-10-18 13:01:46,626 [999343e7-0330-4874-a345-91eca72585e0@group-FF4202234884-SegmentedRaftLogWorker] INFO  segmented.SegmentedRaftLogWorker (SegmentedRaftLogWorker.java:run(316)) - 999343e7-0330-4874-a345-91eca72585e0@group-FF4202234884-SegmentedRaftLogWorker was interrupted, exiting. There are 0 tasks remaining in the queue.
2019-10-18 13:01:46,626 [e5bb327f-cdd7-4e49-919e-13a4c895fddf@group-FF4202234884-SegmentedRaftLogWorker] INFO  segmented.SegmentedRaftLogWorker (SegmentedRaftLogWorker.java:run(316)) - e5bb327f-cdd7-4e49-919e-13a4c895fddf@group-FF4202234884-SegmentedRaftLogWorker was interrupted, exiting. There are 0 tasks remaining in the queue.
2019-10-18 13:01:46,629 [ForkJoinPool.commonPool-worker-0] INFO  segmented.SegmentedRaftLogWorker (SegmentedRaftLogWorker.java:close(224)) - 999343e7-0330-4874-a345-91eca72585e0@group-FF4202234884-SegmentedRaftLogWorker close()
2019-10-18 13:01:46,630 [main] INFO  segmented.SegmentedRaftLogWorker (SegmentedRaftLogWorker.java:close(224)) - e5bb327f-cdd7-4e49-919e-13a4c895fddf@group-FF4202234884-SegmentedRaftLogWorker close()
2019-10-18 13:01:46,633 [ForkJoinPool.commonPool-worker-0] INFO  impl.RaftServerImpl (RaftServerImpl.java:lambda$shutdown$3(261)) - 999343e7-0330-4874-a345-91eca72585e0@group-7717242EC5BC: shutdown
2019-10-18 13:01:46,636 [main] INFO  impl.RaftServerImpl (RaftServerImpl.java:lambda$shutdown$3(261)) - e5bb327f-cdd7-4e49-919e-13a4c895fddf@group-86C591FDC953: shutdown
2019-10-18 13:01:46,637 [ForkJoinPool.commonPool-worker-0] INFO  util.JmxRegister (JmxRegister.java:unregister(73)) - Successfully un-registered JMX Bean with object name Ratis:service=RaftServer,group=group-7717242EC5BC,id=999343e7-0330-4874-a345-91eca72585e0
2019-10-18 13:01:46,637 [main] INFO  util.JmxRegister (JmxRegister.java:unregister(73)) - Successfully un-registered JMX Bean with object name Ratis:service=RaftServer,group=group-86C591FDC953,id=e5bb327f-cdd7-4e49-919e-13a4c895fddf
2019-10-18 13:01:46,637 [ForkJoinPool.commonPool-worker-0] INFO  impl.RoleInfo (RoleInfo.java:shutdownLeaderState(104)) - 999343e7-0330-4874-a345-91eca72585e0: shutdown LeaderState
2019-10-18 13:01:46,637 [main] INFO  impl.RoleInfo (RoleInfo.java:shutdownLeaderState(104)) - e5bb327f-cdd7-4e49-919e-13a4c895fddf: shutdown LeaderState
2019-10-18 13:01:46,637 [ForkJoinPool.commonPool-worker-0] INFO  impl.PendingRequests (PendingRequests.java:sendNotLeaderResponses(202)) - 999343e7-0330-4874-a345-91eca72585e0@group-7717242EC5BC-PendingRequests: sendNotLeaderResponses
2019-10-18 13:01:46,637 [main] INFO  impl.PendingRequests (PendingRequests.java:sendNotLeaderResponses(202)) - e5bb327f-cdd7-4e49-919e-13a4c895fddf@group-86C591FDC953-PendingRequests: sendNotLeaderResponses
2019-10-18 13:01:46,638 [ForkJoinPool.commonPool-worker-0] INFO  impl.StateMachineUpdater (StateMachineUpdater.java:stopAndJoin(136)) - 999343e7-0330-4874-a345-91eca72585e0@group-7717242EC5BC-StateMachineUpdater: set stopIndex = 0
2019-10-18 13:01:46,638 [main] INFO  impl.StateMachineUpdater (StateMachineUpdater.java:stopAndJoin(136)) - e5bb327f-cdd7-4e49-919e-13a4c895fddf@group-86C591FDC953-StateMachineUpdater: set stopIndex = 0
2019-10-18 13:01:46,638 [main] INFO  impl.RaftServerImpl (ServerState.java:close(388)) - e5bb327f-cdd7-4e49-919e-13a4c895fddf@group-86C591FDC953: closes. applyIndex: 0
2019-10-18 13:01:46,638 [ForkJoinPool.commonPool-worker-0] INFO  impl.RaftServerImpl (ServerState.java:close(388)) - 999343e7-0330-4874-a345-91eca72585e0@group-7717242EC5BC: closes. applyIndex: 0
2019-10-18 13:01:46,638 [e5bb327f-cdd7-4e49-919e-13a4c895fddf@group-86C591FDC953-SegmentedRaftLogWorker] INFO  segmented.SegmentedRaftLogWorker (SegmentedRaftLogWorker.java:run(316)) - e5bb327f-cdd7-4e49-919e-13a4c895fddf@group-86C591FDC953-SegmentedRaftLogWorker was interrupted, exiting. There are 0 tasks remaining in the queue.
2019-10-18 13:01:46,640 [main] INFO  segmented.SegmentedRaftLogWorker (SegmentedRaftLogWorker.java:close(224)) - e5bb327f-cdd7-4e49-919e-13a4c895fddf@group-86C591FDC953-SegmentedRaftLogWorker close()
2019-10-18 13:01:46,640 [999343e7-0330-4874-a345-91eca72585e0@group-7717242EC5BC-SegmentedRaftLogWorker] INFO  segmented.SegmentedRaftLogWorker (SegmentedRaftLogWorker.java:run(316)) - 999343e7-0330-4874-a345-91eca72585e0@group-7717242EC5BC-SegmentedRaftLogWorker was interrupted, exiting. There are 0 tasks remaining in the queue.
2019-10-18 13:01:46,644 [ForkJoinPool.commonPool-worker-0] INFO  segmented.SegmentedRaftLogWorker (SegmentedRaftLogWorker.java:close(224)) - 999343e7-0330-4874-a345-91eca72585e0@group-7717242EC5BC-SegmentedRaftLogWorker close()
2019-10-18 13:01:46,647 [ForkJoinPool.commonPool-worker-0] INFO  server.GrpcService (GrpcService.java:closeImpl(164)) - 999343e7-0330-4874-a345-91eca72585e0: shutdown server with port 44872 now
2019-10-18 13:01:46,647 [main] INFO  server.GrpcService (GrpcService.java:closeImpl(164)) - e5bb327f-cdd7-4e49-919e-13a4c895fddf: shutdown server with port 36658 now
2019-10-18 13:01:46,650 [main] INFO  server.GrpcService (GrpcService.java:closeImpl(172)) - e5bb327f-cdd7-4e49-919e-13a4c895fddf: shutdown server with port 36658 successfully
2019-10-18 13:01:46,651 [ForkJoinPool.commonPool-worker-0] INFO  server.GrpcService (GrpcService.java:closeImpl(172)) - 999343e7-0330-4874-a345-91eca72585e0: shutdown server with port 44872 successfully
2019-10-18 13:01:46,652 [refreshUsed-/workdir/hadoop-ozone/integration-test/target/test-dir/MiniOzoneClusterImpl-206d85c3-6704-4dbf-80de-7c3e9cc4f072/datanode-5/data/containers] WARN  fs.CachingGetSpaceUsed (CachingGetSpaceUsed.java:run(183)) - Thread Interrupted waiting to refresh disk information: sleep interrupted
2019-10-18 13:01:46,666 [refreshUsed-/workdir/hadoop-ozone/integration-test/target/test-dir/MiniOzoneClusterImpl-206d85c3-6704-4dbf-80de-7c3e9cc4f072/datanode-2/data/containers] WARN  fs.CachingGetSpaceUsed (CachingGetSpaceUsed.java:run(183)) - Thread Interrupted waiting to refresh disk information: sleep interrupted
2019-10-18 13:01:46,672 [Thread-2149] INFO  impl.FollowerState (FollowerState.java:run(108)) - c124d131-afb9-4343-ad4e-aaebde613043@group-FF4202234884-FollowerState: change to CANDIDATE, lastRpcTime:154ms, electionTimeout:154ms
2019-10-18 13:01:46,672 [Thread-2149] INFO  impl.RoleInfo (RoleInfo.java:shutdownFollowerState(121)) - c124d131-afb9-4343-ad4e-aaebde613043: shutdown FollowerState
2019-10-18 13:01:46,672 [Thread-2149] INFO  impl.RaftServerImpl (RaftServerImpl.java:setRole(184)) - c124d131-afb9-4343-ad4e-aaebde613043@group-FF4202234884: changes role from  FOLLOWER to CANDIDATE at term 128 for changeToCandidate
2019-10-18 13:01:46,672 [Thread-2149] INFO  impl.RoleInfo (RoleInfo.java:updateAndGet(143)) - c124d131-afb9-4343-ad4e-aaebde613043: start LeaderElection
2019-10-18 13:01:46,674 [main] INFO  utils.BackgroundService (BackgroundService.java:shutdown(151)) - Shutting down service BlockDeletingService
2019-10-18 13:01:46,681 [main] INFO  statemachine.DatanodeStateMachine (DatanodeStateMachine.java:stopDaemon(395)) - Ozone container server stopped.
2019-10-18 13:01:46,682 [main] INFO  handler.ContextHandler (ContextHandler.java:doStop(910)) - Stopped o.e.j.w.WebAppContext@7fb29ca9{/,null,UNAVAILABLE}{/hddsDatanode}
2019-10-18 13:01:46,683 [main] INFO  server.AbstractConnector (AbstractConnector.java:doStop(318)) - Stopped ServerConnector@1e253c9d{HTTP/1.1,[http/1.1]}{0.0.0.0:0}
2019-10-18 13:01:46,683 [main] INFO  handler.ContextHandler (ContextHandler.java:doStop(910)) - Stopped o.e.j.s.ServletContextHandler@762637be{/static,jar:file:/home/user/.m2/repository/org/apache/hadoop/hadoop-hdds-container-service/0.5.0-SNAPSHOT/hadoop-hdds-container-service-0.5.0-SNAPSHOT.jar!/webapps/static,UNAVAILABLE}
2019-10-18 13:01:46,683 [main] INFO  handler.ContextHandler (ContextHandler.java:doStop(910)) - Stopped o.e.j.s.ServletContextHandler@72f9f27c{/logs,file:///workdir/hadoop-ozone/integration-test/target/log,UNAVAILABLE}
2019-10-18 13:01:46,688 [ForkJoinPool.commonPool-worker-0] INFO  utils.BackgroundService (BackgroundService.java:shutdown(151)) - Shutting down service BlockDeletingService
2019-10-18 13:01:46,694 [ForkJoinPool.commonPool-worker-0] INFO  statemachine.DatanodeStateMachine (DatanodeStateMachine.java:stopDaemon(395)) - Ozone container server stopped.
2019-10-18 13:01:46,694 [Thread-2154] INFO  impl.FollowerState (FollowerState.java:run(108)) - 018b3f78-d19f-4e26-a796-cb8ddc4f97cf@group-187684C21557-FollowerState: change to CANDIDATE, lastRpcTime:129ms, electionTimeout:129ms
2019-10-18 13:01:46,697 [Thread-2154] INFO  impl.RoleInfo (RoleInfo.java:shutdownFollowerState(121)) - 018b3f78-d19f-4e26-a796-cb8ddc4f97cf: shutdown FollowerState
2019-10-18 13:01:46,697 [Thread-2154] INFO  impl.RaftServerImpl (RaftServerImpl.java:setRole(184)) - 018b3f78-d19f-4e26-a796-cb8ddc4f97cf@group-187684C21557: changes role from  FOLLOWER to CANDIDATE at term 133 for changeToCandidate
2019-10-18 13:01:46,698 [Thread-2154] INFO  impl.RoleInfo (RoleInfo.java:updateAndGet(143)) - 018b3f78-d19f-4e26-a796-cb8ddc4f97cf: start LeaderElection
2019-10-18 13:01:46,699 [ForkJoinPool.commonPool-worker-0] INFO  handler.ContextHandler (ContextHandler.java:doStop(910)) - Stopped o.e.j.w.WebAppContext@4c6007fb{/,null,UNAVAILABLE}{/hddsDatanode}
2019-10-18 13:01:46,700 [ForkJoinPool.commonPool-worker-0] INFO  server.AbstractConnector (AbstractConnector.java:doStop(318)) - Stopped ServerConnector@3e33d73e{HTTP/1.1,[http/1.1]}{0.0.0.0:0}
2019-10-18 13:01:46,702 [ForkJoinPool.commonPool-worker-0] INFO  handler.ContextHandler (ContextHandler.java:doStop(910)) - Stopped o.e.j.s.ServletContextHandler@26f46fa6{/static,jar:file:/home/user/.m2/repository/org/apache/hadoop/hadoop-hdds-container-service/0.5.0-SNAPSHOT/hadoop-hdds-container-service-0.5.0-SNAPSHOT.jar!/webapps/static,UNAVAILABLE}
2019-10-18 13:01:46,704 [ForkJoinPool.commonPool-worker-0] INFO  handler.ContextHandler (ContextHandler.java:doStop(910)) - Stopped o.e.j.s.ServletContextHandler@d109c4f{/logs,file:///workdir/hadoop-ozone/integration-test/target/log,UNAVAILABLE}
2019-10-18 13:01:46,708 [c124d131-afb9-4343-ad4e-aaebde613043@group-FF4202234884-LeaderElection237] INFO  impl.LeaderElection (LeaderElection.java:askForVotes(178)) - c124d131-afb9-4343-ad4e-aaebde613043@group-FF4202234884-LeaderElection237: begin an election at term 129 for -1: [999343e7-0330-4874-a345-91eca72585e0:192.168.34.56:44872, c124d131-afb9-4343-ad4e-aaebde613043:192.168.34.56:42116, e5bb327f-cdd7-4e49-919e-13a4c895fddf:192.168.34.56:36658], old=null
2019-10-18 13:01:46,716 [c124d131-afb9-4343-ad4e-aaebde613043@group-FF4202234884-LeaderElection237] INFO  impl.LeaderElection (LeaderElection.java:logAndReturn(56)) - c124d131-afb9-4343-ad4e-aaebde613043@group-FF4202234884-LeaderElection237: Election TIMEOUT; received 0 response(s) [] and 0 exception(s); c124d131-afb9-4343-ad4e-aaebde613043@group-FF4202234884:t129, leader=null, voted=c124d131-afb9-4343-ad4e-aaebde613043, raftlog=c124d131-afb9-4343-ad4e-aaebde613043@group-FF4202234884-SegmentedRaftLog:OPENED:c-1,f-1,i0, conf=-1: [999343e7-0330-4874-a345-91eca72585e0:192.168.34.56:44872, c124d131-afb9-4343-ad4e-aaebde613043:192.168.34.56:42116, e5bb327f-cdd7-4e49-919e-13a4c895fddf:192.168.34.56:36658], old=null
2019-10-18 13:01:46,776 [018b3f78-d19f-4e26-a796-cb8ddc4f97cf@group-187684C21557-LeaderElection238] INFO  impl.LeaderElection (LeaderElection.java:askForVotes(178)) - 018b3f78-d19f-4e26-a796-cb8ddc4f97cf@group-187684C21557-LeaderElection238: begin an election at term 134 for -1: [893cf03e-f2cf-478a-892a-a746717e50e3:192.168.34.56:40750, 8697df36-98d2-41b1-bdc7-60597b3b5526:192.168.34.56:46415, 018b3f78-d19f-4e26-a796-cb8ddc4f97cf:192.168.34.56:35845], old=null
2019-10-18 13:01:46,777 [c124d131-afb9-4343-ad4e-aaebde613043@group-FF4202234884-LeaderElection237] INFO  impl.LeaderElection (LeaderElection.java:askForVotes(178)) - c124d131-afb9-4343-ad4e-aaebde613043@group-FF4202234884-LeaderElection237: begin an election at term 130 for -1: [999343e7-0330-4874-a345-91eca72585e0:192.168.34.56:44872, c124d131-afb9-4343-ad4e-aaebde613043:192.168.34.56:42116, e5bb327f-cdd7-4e49-919e-13a4c895fddf:192.168.34.56:36658], old=null
2019-10-18 13:01:46,778 [grpc-default-executor-5] INFO  impl.RaftServerImpl (RaftServerImpl.java:setRole(184)) - 893cf03e-f2cf-478a-892a-a746717e50e3@group-187684C21557: changes role from  FOLLOWER to FOLLOWER at term 134 for recognizeCandidate:018b3f78-d19f-4e26-a796-cb8ddc4f97cf
2019-10-18 13:01:46,778 [grpc-default-executor-0] INFO  impl.RaftServerImpl (RaftServerImpl.java:setRole(184)) - 8697df36-98d2-41b1-bdc7-60597b3b5526@group-187684C21557: changes role from  FOLLOWER to FOLLOWER at term 134 for recognizeCandidate:018b3f78-d19f-4e26-a796-cb8ddc4f97cf
2019-10-18 13:01:46,778 [grpc-default-executor-5] INFO  impl.RoleInfo (RoleInfo.java:shutdownFollowerState(121)) - 893cf03e-f2cf-478a-892a-a746717e50e3: shutdown FollowerState
2019-10-18 13:01:46,778 [grpc-default-executor-0] INFO  impl.RoleInfo (RoleInfo.java:shutdownFollowerState(121)) - 8697df36-98d2-41b1-bdc7-60597b3b5526: shutdown FollowerState
2019-10-18 13:01:46,779 [Thread-2152] INFO  impl.FollowerState (FollowerState.java:run(117)) - 893cf03e-f2cf-478a-892a-a746717e50e3@group-187684C21557-FollowerState was interrupted: java.lang.InterruptedException: sleep interrupted
2019-10-18 13:01:46,778 [grpc-default-executor-5] INFO  impl.RoleInfo (RoleInfo.java:updateAndGet(143)) - 893cf03e-f2cf-478a-892a-a746717e50e3: start FollowerState
2019-10-18 13:01:46,779 [Thread-2153] INFO  impl.FollowerState (FollowerState.java:run(117)) - 8697df36-98d2-41b1-bdc7-60597b3b5526@group-187684C21557-FollowerState was interrupted: java.lang.InterruptedException: sleep interrupted
2019-10-18 13:01:46,779 [grpc-default-executor-0] INFO  impl.RoleInfo (RoleInfo.java:updateAndGet(143)) - 8697df36-98d2-41b1-bdc7-60597b3b5526: start FollowerState
2019-10-18 13:01:46,779 [c124d131-afb9-4343-ad4e-aaebde613043@group-FF4202234884-LeaderElection237] INFO  impl.LeaderElection (LogUtils.java:infoOrTrace(149)) - c124d131-afb9-4343-ad4e-aaebde613043@group-FF4202234884-LeaderElection237 got exception when requesting votes: {}
java.util.concurrent.ExecutionException: org.apache.ratis.thirdparty.io.grpc.StatusRuntimeException: UNAVAILABLE: io exception
	at java.util.concurrent.FutureTask.report(FutureTask.java:122)
	at java.util.concurrent.FutureTask.get(FutureTask.java:192)
	at org.apache.ratis.server.impl.LeaderElection.waitForResults(LeaderElection.java:259)
	at org.apache.ratis.server.impl.LeaderElection.askForVotes(LeaderElection.java:197)
	at org.apache.ratis.server.impl.LeaderElection.run(LeaderElection.java:133)
	at java.lang.Thread.run(Thread.java:748)
Caused by: org.apache.ratis.thirdparty.io.grpc.StatusRuntimeException: UNAVAILABLE: io exception
	at org.apache.ratis.thirdparty.io.grpc.stub.ClientCalls.toStatusRuntimeException(ClientCalls.java:233)
	at org.apache.ratis.thirdparty.io.grpc.stub.ClientCalls.getUnchecked(ClientCalls.java:214)
	at org.apache.ratis.thirdparty.io.grpc.stub.ClientCalls.blockingUnaryCall(ClientCalls.java:139)
	at org.apache.ratis.proto.grpc.RaftServerProtocolServiceGrpc$RaftServerProtocolServiceBlockingStub.requestVote(RaftServerProtocolServiceGrpc.java:265)
	at org.apache.ratis.grpc.server.GrpcServerProtocolClient.requestVote(GrpcServerProtocolClient.java:99)
	at org.apache.ratis.grpc.server.GrpcService.requestVote(GrpcService.java:204)
	at org.apache.ratis.server.impl.LeaderElection.lambda$submitRequests$1(LeaderElection.java:234)
	at java.util.concurrent.FutureTask.run(FutureTask.java:266)
	at java.util.concurrent.Executors$RunnableAdapter.call(Executors.java:511)
	at java.util.concurrent.FutureTask.run(FutureTask.java:266)
	at java.util.concurrent.ThreadPoolExecutor.runWorker(ThreadPoolExecutor.java:1149)
	at java.util.concurrent.ThreadPoolExecutor$Worker.run(ThreadPoolExecutor.java:624)
	... 1 more
Caused by: org.apache.ratis.thirdparty.io.netty.channel.AbstractChannel$AnnotatedConnectException: Connection refused: /192.168.34.56:36658
	at sun.nio.ch.SocketChannelImpl.checkConnect(Native Method)
	at sun.nio.ch.SocketChannelImpl.finishConnect(SocketChannelImpl.java:717)
	at org.apache.ratis.thirdparty.io.netty.channel.socket.nio.NioSocketChannel.doFinishConnect(NioSocketChannel.java:327)
	at org.apache.ratis.thirdparty.io.netty.channel.nio.AbstractNioChannel$AbstractNioUnsafe.finishConnect(AbstractNioChannel.java:340)
	at org.apache.ratis.thirdparty.io.netty.channel.nio.NioEventLoop.processSelectedKey(NioEventLoop.java:632)
	at org.apache.ratis.thirdparty.io.netty.channel.nio.NioEventLoop.processSelectedKeysOptimized(NioEventLoop.java:579)
	at org.apache.ratis.thirdparty.io.netty.channel.nio.NioEventLoop.processSelectedKeys(NioEventLoop.java:496)
	at org.apache.ratis.thirdparty.io.netty.channel.nio.NioEventLoop.run(NioEventLoop.java:458)
	at org.apache.ratis.thirdparty.io.netty.util.concurrent.SingleThreadEventExecutor$5.run(SingleThreadEventExecutor.java:897)
	at org.apache.ratis.thirdparty.io.netty.util.concurrent.FastThreadLocalRunnable.run(FastThreadLocalRunnable.java:30)
	... 1 more
Caused by: java.net.ConnectException: Connection refused
	... 11 more
2019-10-18 13:01:46,784 [c124d131-afb9-4343-ad4e-aaebde613043@group-FF4202234884-LeaderElection237] INFO  impl.LeaderElection (LogUtils.java:infoOrTrace(149)) - c124d131-afb9-4343-ad4e-aaebde613043@group-FF4202234884-LeaderElection237 got exception when requesting votes: {}
java.util.concurrent.ExecutionException: org.apache.ratis.thirdparty.io.grpc.StatusRuntimeException: UNAVAILABLE: io exception
	at java.util.concurrent.FutureTask.report(FutureTask.java:122)
	at java.util.concurrent.FutureTask.get(FutureTask.java:192)
	at org.apache.ratis.server.impl.LeaderElection.waitForResults(LeaderElection.java:259)
	at org.apache.ratis.server.impl.LeaderElection.askForVotes(LeaderElection.java:197)
	at org.apache.ratis.server.impl.LeaderElection.run(LeaderElection.java:133)
	at java.lang.Thread.run(Thread.java:748)
Caused by: org.apache.ratis.thirdparty.io.grpc.StatusRuntimeException: UNAVAILABLE: io exception
	at org.apache.ratis.thirdparty.io.grpc.stub.ClientCalls.toStatusRuntimeException(ClientCalls.java:233)
	at org.apache.ratis.thirdparty.io.grpc.stub.ClientCalls.getUnchecked(ClientCalls.java:214)
	at org.apache.ratis.thirdparty.io.grpc.stub.ClientCalls.blockingUnaryCall(ClientCalls.java:139)
	at org.apache.ratis.proto.grpc.RaftServerProtocolServiceGrpc$RaftServerProtocolServiceBlockingStub.requestVote(RaftServerProtocolServiceGrpc.java:265)
	at org.apache.ratis.grpc.server.GrpcServerProtocolClient.requestVote(GrpcServerProtocolClient.java:99)
	at org.apache.ratis.grpc.server.GrpcService.requestVote(GrpcService.java:204)
	at org.apache.ratis.server.impl.LeaderElection.lambda$submitRequests$1(LeaderElection.java:234)
	at java.util.concurrent.FutureTask.run(FutureTask.java:266)
	at java.util.concurrent.Executors$RunnableAdapter.call(Executors.java:511)
	at java.util.concurrent.FutureTask.run(FutureTask.java:266)
	at java.util.concurrent.ThreadPoolExecutor.runWorker(ThreadPoolExecutor.java:1149)
	at java.util.concurrent.ThreadPoolExecutor$Worker.run(ThreadPoolExecutor.java:624)
	... 1 more
Caused by: org.apache.ratis.thirdparty.io.netty.channel.AbstractChannel$AnnotatedConnectException: Connection refused: /192.168.34.56:44872
	at sun.nio.ch.SocketChannelImpl.checkConnect(Native Method)
	at sun.nio.ch.SocketChannelImpl.finishConnect(SocketChannelImpl.java:717)
	at org.apache.ratis.thirdparty.io.netty.channel.socket.nio.NioSocketChannel.doFinishConnect(NioSocketChannel.java:327)
	at org.apache.ratis.thirdparty.io.netty.channel.nio.AbstractNioChannel$AbstractNioUnsafe.finishConnect(AbstractNioChannel.java:340)
	at org.apache.ratis.thirdparty.io.netty.channel.nio.NioEventLoop.processSelectedKey(NioEventLoop.java:632)
	at org.apache.ratis.thirdparty.io.netty.channel.nio.NioEventLoop.processSelectedKeysOptimized(NioEventLoop.java:579)
	at org.apache.ratis.thirdparty.io.netty.channel.nio.NioEventLoop.processSelectedKeys(NioEventLoop.java:496)
	at org.apache.ratis.thirdparty.io.netty.channel.nio.NioEventLoop.run(NioEventLoop.java:458)
	at org.apache.ratis.thirdparty.io.netty.util.concurrent.SingleThreadEventExecutor$5.run(SingleThreadEventExecutor.java:897)
	at org.apache.ratis.thirdparty.io.netty.util.concurrent.FastThreadLocalRunnable.run(FastThreadLocalRunnable.java:30)
	... 1 more
Caused by: java.net.ConnectException: Connection refused
	... 11 more
2019-10-18 13:01:46,786 [c124d131-afb9-4343-ad4e-aaebde613043@group-FF4202234884-LeaderElection237] INFO  impl.LeaderElection (LeaderElection.java:logAndReturn(56)) - c124d131-afb9-4343-ad4e-aaebde613043@group-FF4202234884-LeaderElection237: Election REJECTED; received 0 response(s) [] and 2 exception(s); c124d131-afb9-4343-ad4e-aaebde613043@group-FF4202234884:t130, leader=null, voted=c124d131-afb9-4343-ad4e-aaebde613043, raftlog=c124d131-afb9-4343-ad4e-aaebde613043@group-FF4202234884-SegmentedRaftLog:OPENED:c-1,f-1,i0, conf=-1: [999343e7-0330-4874-a345-91eca72585e0:192.168.34.56:44872, c124d131-afb9-4343-ad4e-aaebde613043:192.168.34.56:42116, e5bb327f-cdd7-4e49-919e-13a4c895fddf:192.168.34.56:36658], old=null
2019-10-18 13:01:46,787 [c124d131-afb9-4343-ad4e-aaebde613043@group-FF4202234884-LeaderElection237] INFO  impl.LeaderElection (LogUtils.java:infoOrTrace(149)) -   Exception 0: {}
java.util.concurrent.ExecutionException: org.apache.ratis.thirdparty.io.grpc.StatusRuntimeException: UNAVAILABLE: io exception
	at java.util.concurrent.FutureTask.report(FutureTask.java:122)
	at java.util.concurrent.FutureTask.get(FutureTask.java:192)
	at org.apache.ratis.server.impl.LeaderElection.waitForResults(LeaderElection.java:259)
	at org.apache.ratis.server.impl.LeaderElection.askForVotes(LeaderElection.java:197)
	at org.apache.ratis.server.impl.LeaderElection.run(LeaderElection.java:133)
	at java.lang.Thread.run(Thread.java:748)
Caused by: org.apache.ratis.thirdparty.io.grpc.StatusRuntimeException: UNAVAILABLE: io exception
	at org.apache.ratis.thirdparty.io.grpc.stub.ClientCalls.toStatusRuntimeException(ClientCalls.java:233)
	at org.apache.ratis.thirdparty.io.grpc.stub.ClientCalls.getUnchecked(ClientCalls.java:214)
	at org.apache.ratis.thirdparty.io.grpc.stub.ClientCalls.blockingUnaryCall(ClientCalls.java:139)
	at org.apache.ratis.proto.grpc.RaftServerProtocolServiceGrpc$RaftServerProtocolServiceBlockingStub.requestVote(RaftServerProtocolServiceGrpc.java:265)
	at org.apache.ratis.grpc.server.GrpcServerProtocolClient.requestVote(GrpcServerProtocolClient.java:99)
	at org.apache.ratis.grpc.server.GrpcService.requestVote(GrpcService.java:204)
	at org.apache.ratis.server.impl.LeaderElection.lambda$submitRequests$1(LeaderElection.java:234)
	at java.util.concurrent.FutureTask.run(FutureTask.java:266)
	at java.util.concurrent.Executors$RunnableAdapter.call(Executors.java:511)
	at java.util.concurrent.FutureTask.run(FutureTask.java:266)
	at java.util.concurrent.ThreadPoolExecutor.runWorker(ThreadPoolExecutor.java:1149)
	at java.util.concurrent.ThreadPoolExecutor$Worker.run(ThreadPoolExecutor.java:624)
	... 1 more
Caused by: org.apache.ratis.thirdparty.io.netty.channel.AbstractChannel$AnnotatedConnectException: Connection refused: /192.168.34.56:36658
	at sun.nio.ch.SocketChannelImpl.checkConnect(Native Method)
	at sun.nio.ch.SocketChannelImpl.finishConnect(SocketChannelImpl.java:717)
	at org.apache.ratis.thirdparty.io.netty.channel.socket.nio.NioSocketChannel.doFinishConnect(NioSocketChannel.java:327)
	at org.apache.ratis.thirdparty.io.netty.channel.nio.AbstractNioChannel$AbstractNioUnsafe.finishConnect(AbstractNioChannel.java:340)
	at org.apache.ratis.thirdparty.io.netty.channel.nio.NioEventLoop.processSelectedKey(NioEventLoop.java:632)
	at org.apache.ratis.thirdparty.io.netty.channel.nio.NioEventLoop.processSelectedKeysOptimized(NioEventLoop.java:579)
	at org.apache.ratis.thirdparty.io.netty.channel.nio.NioEventLoop.processSelectedKeys(NioEventLoop.java:496)
	at org.apache.ratis.thirdparty.io.netty.channel.nio.NioEventLoop.run(NioEventLoop.java:458)
	at org.apache.ratis.thirdparty.io.netty.util.concurrent.SingleThreadEventExecutor$5.run(SingleThreadEventExecutor.java:897)
	at org.apache.ratis.thirdparty.io.netty.util.concurrent.FastThreadLocalRunnable.run(FastThreadLocalRunnable.java:30)
	... 1 more
Caused by: java.net.ConnectException: Connection refused
	... 11 more
2019-10-18 13:01:46,787 [c124d131-afb9-4343-ad4e-aaebde613043@group-FF4202234884-LeaderElection237] INFO  impl.LeaderElection (LogUtils.java:infoOrTrace(149)) -   Exception 1: {}
java.util.concurrent.ExecutionException: org.apache.ratis.thirdparty.io.grpc.StatusRuntimeException: UNAVAILABLE: io exception
	at java.util.concurrent.FutureTask.report(FutureTask.java:122)
	at java.util.concurrent.FutureTask.get(FutureTask.java:192)
	at org.apache.ratis.server.impl.LeaderElection.waitForResults(LeaderElection.java:259)
	at org.apache.ratis.server.impl.LeaderElection.askForVotes(LeaderElection.java:197)
	at org.apache.ratis.server.impl.LeaderElection.run(LeaderElection.java:133)
	at java.lang.Thread.run(Thread.java:748)
Caused by: org.apache.ratis.thirdparty.io.grpc.StatusRuntimeException: UNAVAILABLE: io exception
	at org.apache.ratis.thirdparty.io.grpc.stub.ClientCalls.toStatusRuntimeException(ClientCalls.java:233)
	at org.apache.ratis.thirdparty.io.grpc.stub.ClientCalls.getUnchecked(ClientCalls.java:214)
	at org.apache.ratis.thirdparty.io.grpc.stub.ClientCalls.blockingUnaryCall(ClientCalls.java:139)
	at org.apache.ratis.proto.grpc.RaftServerProtocolServiceGrpc$RaftServerProtocolServiceBlockingStub.requestVote(RaftServerProtocolServiceGrpc.java:265)
	at org.apache.ratis.grpc.server.GrpcServerProtocolClient.requestVote(GrpcServerProtocolClient.java:99)
	at org.apache.ratis.grpc.server.GrpcService.requestVote(GrpcService.java:204)
	at org.apache.ratis.server.impl.LeaderElection.lambda$submitRequests$1(LeaderElection.java:234)
	at java.util.concurrent.FutureTask.run(FutureTask.java:266)
	at java.util.concurrent.Executors$RunnableAdapter.call(Executors.java:511)
	at java.util.concurrent.FutureTask.run(FutureTask.java:266)
	at java.util.concurrent.ThreadPoolExecutor.runWorker(ThreadPoolExecutor.java:1149)
	at java.util.concurrent.ThreadPoolExecutor$Worker.run(ThreadPoolExecutor.java:624)
	... 1 more
Caused by: org.apache.ratis.thirdparty.io.netty.channel.AbstractChannel$AnnotatedConnectException: Connection refused: /192.168.34.56:44872
	at sun.nio.ch.SocketChannelImpl.checkConnect(Native Method)
	at sun.nio.ch.SocketChannelImpl.finishConnect(SocketChannelImpl.java:717)
	at org.apache.ratis.thirdparty.io.netty.channel.socket.nio.NioSocketChannel.doFinishConnect(NioSocketChannel.java:327)
	at org.apache.ratis.thirdparty.io.netty.channel.nio.AbstractNioChannel$AbstractNioUnsafe.finishConnect(AbstractNioChannel.java:340)
	at org.apache.ratis.thirdparty.io.netty.channel.nio.NioEventLoop.processSelectedKey(NioEventLoop.java:632)
	at org.apache.ratis.thirdparty.io.netty.channel.nio.NioEventLoop.processSelectedKeysOptimized(NioEventLoop.java:579)
	at org.apache.ratis.thirdparty.io.netty.channel.nio.NioEventLoop.processSelectedKeys(NioEventLoop.java:496)
	at org.apache.ratis.thirdparty.io.netty.channel.nio.NioEventLoop.run(NioEventLoop.java:458)
	at org.apache.ratis.thirdparty.io.netty.util.concurrent.SingleThreadEventExecutor$5.run(SingleThreadEventExecutor.java:897)
	at org.apache.ratis.thirdparty.io.netty.util.concurrent.FastThreadLocalRunnable.run(FastThreadLocalRunnable.java:30)
	... 1 more
Caused by: java.net.ConnectException: Connection refused
	... 11 more
2019-10-18 13:01:46,788 [c124d131-afb9-4343-ad4e-aaebde613043@group-FF4202234884-LeaderElection237] INFO  impl.RaftServerImpl (RaftServerImpl.java:setRole(184)) - c124d131-afb9-4343-ad4e-aaebde613043@group-FF4202234884: changes role from CANDIDATE to FOLLOWER at term 130 for DISCOVERED_A_NEW_TERM
2019-10-18 13:01:46,788 [c124d131-afb9-4343-ad4e-aaebde613043@group-FF4202234884-LeaderElection237] INFO  impl.RoleInfo (RoleInfo.java:shutdownLeaderElection(134)) - c124d131-afb9-4343-ad4e-aaebde613043: shutdown LeaderElection
2019-10-18 13:01:46,788 [c124d131-afb9-4343-ad4e-aaebde613043@group-FF4202234884-LeaderElection237] INFO  impl.RoleInfo (RoleInfo.java:updateAndGet(143)) - c124d131-afb9-4343-ad4e-aaebde613043: start FollowerState
2019-10-18 13:01:46,831 [018b3f78-d19f-4e26-a796-cb8ddc4f97cf@group-187684C21557-LeaderElection238] INFO  impl.LeaderElection (LeaderElection.java:logAndReturn(56)) - 018b3f78-d19f-4e26-a796-cb8ddc4f97cf@group-187684C21557-LeaderElection238: Election REJECTED; received 2 response(s) [018b3f78-d19f-4e26-a796-cb8ddc4f97cf<-893cf03e-f2cf-478a-892a-a746717e50e3#0:FAIL-t134, 018b3f78-d19f-4e26-a796-cb8ddc4f97cf<-8697df36-98d2-41b1-bdc7-60597b3b5526#0:FAIL-t134] and 0 exception(s); 018b3f78-d19f-4e26-a796-cb8ddc4f97cf@group-187684C21557:t134, leader=null, voted=018b3f78-d19f-4e26-a796-cb8ddc4f97cf, raftlog=018b3f78-d19f-4e26-a796-cb8ddc4f97cf@group-187684C21557-SegmentedRaftLog:OPENED:c-1,f-1,i0, conf=-1: [893cf03e-f2cf-478a-892a-a746717e50e3:192.168.34.56:40750, 8697df36-98d2-41b1-bdc7-60597b3b5526:192.168.34.56:46415, 018b3f78-d19f-4e26-a796-cb8ddc4f97cf:192.168.34.56:35845], old=null
2019-10-18 13:01:46,831 [018b3f78-d19f-4e26-a796-cb8ddc4f97cf@group-187684C21557-LeaderElection238] INFO  impl.RaftServerImpl (RaftServerImpl.java:setRole(184)) - 018b3f78-d19f-4e26-a796-cb8ddc4f97cf@group-187684C21557: changes role from CANDIDATE to FOLLOWER at term 134 for DISCOVERED_A_NEW_TERM
2019-10-18 13:01:46,832 [018b3f78-d19f-4e26-a796-cb8ddc4f97cf@group-187684C21557-LeaderElection238] INFO  impl.RoleInfo (RoleInfo.java:shutdownLeaderElection(134)) - 018b3f78-d19f-4e26-a796-cb8ddc4f97cf: shutdown LeaderElection
2019-10-18 13:01:46,832 [018b3f78-d19f-4e26-a796-cb8ddc4f97cf@group-187684C21557-LeaderElection238] INFO  impl.RoleInfo (RoleInfo.java:updateAndGet(143)) - 018b3f78-d19f-4e26-a796-cb8ddc4f97cf: start FollowerState
2019-10-18 13:01:46,980 [Thread-2167] INFO  impl.FollowerState (FollowerState.java:run(108)) - c124d131-afb9-4343-ad4e-aaebde613043@group-FF4202234884-FollowerState: change to CANDIDATE, lastRpcTime:192ms, electionTimeout:192ms
2019-10-18 13:01:46,980 [Thread-2167] INFO  impl.RoleInfo (RoleInfo.java:shutdownFollowerState(121)) - c124d131-afb9-4343-ad4e-aaebde613043: shutdown FollowerState
2019-10-18 13:01:46,980 [Thread-2167] INFO  impl.RaftServerImpl (RaftServerImpl.java:setRole(184)) - c124d131-afb9-4343-ad4e-aaebde613043@group-FF4202234884: changes role from  FOLLOWER to CANDIDATE at term 130 for changeToCandidate
2019-10-18 13:01:46,980 [Thread-2167] INFO  impl.RoleInfo (RoleInfo.java:updateAndGet(143)) - c124d131-afb9-4343-ad4e-aaebde613043: start LeaderElection
2019-10-18 13:01:46,991 [Thread-2168] INFO  impl.FollowerState (FollowerState.java:run(108)) - 018b3f78-d19f-4e26-a796-cb8ddc4f97cf@group-187684C21557-FollowerState: change to CANDIDATE, lastRpcTime:159ms, electionTimeout:159ms
2019-10-18 13:01:46,991 [Thread-2168] INFO  impl.RoleInfo (RoleInfo.java:shutdownFollowerState(121)) - 018b3f78-d19f-4e26-a796-cb8ddc4f97cf: shutdown FollowerState
2019-10-18 13:01:46,991 [Thread-2168] INFO  impl.RaftServerImpl (RaftServerImpl.java:setRole(184)) - 018b3f78-d19f-4e26-a796-cb8ddc4f97cf@group-187684C21557: changes role from  FOLLOWER to CANDIDATE at term 134 for changeToCandidate
2019-10-18 13:01:46,991 [Thread-2168] INFO  impl.RoleInfo (RoleInfo.java:updateAndGet(143)) - 018b3f78-d19f-4e26-a796-cb8ddc4f97cf: start LeaderElection
2019-10-18 13:01:47,004 [c124d131-afb9-4343-ad4e-aaebde613043@group-FF4202234884-LeaderElection239] INFO  impl.LeaderElection (LeaderElection.java:askForVotes(178)) - c124d131-afb9-4343-ad4e-aaebde613043@group-FF4202234884-LeaderElection239: begin an election at term 131 for -1: [999343e7-0330-4874-a345-91eca72585e0:192.168.34.56:44872, c124d131-afb9-4343-ad4e-aaebde613043:192.168.34.56:42116, e5bb327f-cdd7-4e49-919e-13a4c895fddf:192.168.34.56:36658], old=null
2019-10-18 13:01:47,005 [c124d131-afb9-4343-ad4e-aaebde613043@group-FF4202234884-LeaderElection239] INFO  impl.LeaderElection (LogUtils.java:infoOrTrace(149)) - c124d131-afb9-4343-ad4e-aaebde613043@group-FF4202234884-LeaderElection239 got exception when requesting votes: {}
java.util.concurrent.ExecutionException: org.apache.ratis.thirdparty.io.grpc.StatusRuntimeException: UNAVAILABLE: io exception
	at java.util.concurrent.FutureTask.report(FutureTask.java:122)
	at java.util.concurrent.FutureTask.get(FutureTask.java:192)
	at org.apache.ratis.server.impl.LeaderElection.waitForResults(LeaderElection.java:259)
	at org.apache.ratis.server.impl.LeaderElection.askForVotes(LeaderElection.java:197)
	at org.apache.ratis.server.impl.LeaderElection.run(LeaderElection.java:133)
	at java.lang.Thread.run(Thread.java:748)
Caused by: org.apache.ratis.thirdparty.io.grpc.StatusRuntimeException: UNAVAILABLE: io exception
	at org.apache.ratis.thirdparty.io.grpc.stub.ClientCalls.toStatusRuntimeException(ClientCalls.java:233)
	at org.apache.ratis.thirdparty.io.grpc.stub.ClientCalls.getUnchecked(ClientCalls.java:214)
	at org.apache.ratis.thirdparty.io.grpc.stub.ClientCalls.blockingUnaryCall(ClientCalls.java:139)
	at org.apache.ratis.proto.grpc.RaftServerProtocolServiceGrpc$RaftServerProtocolServiceBlockingStub.requestVote(RaftServerProtocolServiceGrpc.java:265)
	at org.apache.ratis.grpc.server.GrpcServerProtocolClient.requestVote(GrpcServerProtocolClient.java:99)
	at org.apache.ratis.grpc.server.GrpcService.requestVote(GrpcService.java:204)
	at org.apache.ratis.server.impl.LeaderElection.lambda$submitRequests$1(LeaderElection.java:234)
	at java.util.concurrent.FutureTask.run(FutureTask.java:266)
	at java.util.concurrent.Executors$RunnableAdapter.call(Executors.java:511)
	at java.util.concurrent.FutureTask.run(FutureTask.java:266)
	at java.util.concurrent.ThreadPoolExecutor.runWorker(ThreadPoolExecutor.java:1149)
	at java.util.concurrent.ThreadPoolExecutor$Worker.run(ThreadPoolExecutor.java:624)
	... 1 more
Caused by: org.apache.ratis.thirdparty.io.netty.channel.AbstractChannel$AnnotatedConnectException: Connection refused: /192.168.34.56:36658
	at sun.nio.ch.SocketChannelImpl.checkConnect(Native Method)
	at sun.nio.ch.SocketChannelImpl.finishConnect(SocketChannelImpl.java:717)
	at org.apache.ratis.thirdparty.io.netty.channel.socket.nio.NioSocketChannel.doFinishConnect(NioSocketChannel.java:327)
	at org.apache.ratis.thirdparty.io.netty.channel.nio.AbstractNioChannel$AbstractNioUnsafe.finishConnect(AbstractNioChannel.java:340)
	at org.apache.ratis.thirdparty.io.netty.channel.nio.NioEventLoop.processSelectedKey(NioEventLoop.java:632)
	at org.apache.ratis.thirdparty.io.netty.channel.nio.NioEventLoop.processSelectedKeysOptimized(NioEventLoop.java:579)
	at org.apache.ratis.thirdparty.io.netty.channel.nio.NioEventLoop.processSelectedKeys(NioEventLoop.java:496)
	at org.apache.ratis.thirdparty.io.netty.channel.nio.NioEventLoop.run(NioEventLoop.java:458)
	at org.apache.ratis.thirdparty.io.netty.util.concurrent.SingleThreadEventExecutor$5.run(SingleThreadEventExecutor.java:897)
	at org.apache.ratis.thirdparty.io.netty.util.concurrent.FastThreadLocalRunnable.run(FastThreadLocalRunnable.java:30)
	... 1 more
Caused by: java.net.ConnectException: Connection refused
	... 11 more
2019-10-18 13:01:47,008 [c124d131-afb9-4343-ad4e-aaebde613043@group-FF4202234884-LeaderElection239] INFO  impl.LeaderElection (LogUtils.java:infoOrTrace(149)) - c124d131-afb9-4343-ad4e-aaebde613043@group-FF4202234884-LeaderElection239 got exception when requesting votes: {}
java.util.concurrent.ExecutionException: org.apache.ratis.thirdparty.io.grpc.StatusRuntimeException: UNAVAILABLE: io exception
	at java.util.concurrent.FutureTask.report(FutureTask.java:122)
	at java.util.concurrent.FutureTask.get(FutureTask.java:192)
	at org.apache.ratis.server.impl.LeaderElection.waitForResults(LeaderElection.java:259)
	at org.apache.ratis.server.impl.LeaderElection.askForVotes(LeaderElection.java:197)
	at org.apache.ratis.server.impl.LeaderElection.run(LeaderElection.java:133)
	at java.lang.Thread.run(Thread.java:748)
Caused by: org.apache.ratis.thirdparty.io.grpc.StatusRuntimeException: UNAVAILABLE: io exception
	at org.apache.ratis.thirdparty.io.grpc.stub.ClientCalls.toStatusRuntimeException(ClientCalls.java:233)
	at org.apache.ratis.thirdparty.io.grpc.stub.ClientCalls.getUnchecked(ClientCalls.java:214)
	at org.apache.ratis.thirdparty.io.grpc.stub.ClientCalls.blockingUnaryCall(ClientCalls.java:139)
	at org.apache.ratis.proto.grpc.RaftServerProtocolServiceGrpc$RaftServerProtocolServiceBlockingStub.requestVote(RaftServerProtocolServiceGrpc.java:265)
	at org.apache.ratis.grpc.server.GrpcServerProtocolClient.requestVote(GrpcServerProtocolClient.java:99)
	at org.apache.ratis.grpc.server.GrpcService.requestVote(GrpcService.java:204)
	at org.apache.ratis.server.impl.LeaderElection.lambda$submitRequests$1(LeaderElection.java:234)
	at java.util.concurrent.FutureTask.run(FutureTask.java:266)
	at java.util.concurrent.Executors$RunnableAdapter.call(Executors.java:511)
	at java.util.concurrent.FutureTask.run(FutureTask.java:266)
	at java.util.concurrent.ThreadPoolExecutor.runWorker(ThreadPoolExecutor.java:1149)
	at java.util.concurrent.ThreadPoolExecutor$Worker.run(ThreadPoolExecutor.java:624)
	... 1 more
Caused by: org.apache.ratis.thirdparty.io.netty.channel.AbstractChannel$AnnotatedConnectException: Connection refused: /192.168.34.56:44872
	at sun.nio.ch.SocketChannelImpl.checkConnect(Native Method)
	at sun.nio.ch.SocketChannelImpl.finishConnect(SocketChannelImpl.java:717)
	at org.apache.ratis.thirdparty.io.netty.channel.socket.nio.NioSocketChannel.doFinishConnect(NioSocketChannel.java:327)
	at org.apache.ratis.thirdparty.io.netty.channel.nio.AbstractNioChannel$AbstractNioUnsafe.finishConnect(AbstractNioChannel.java:340)
	at org.apache.ratis.thirdparty.io.netty.channel.nio.NioEventLoop.processSelectedKey(NioEventLoop.java:632)
	at org.apache.ratis.thirdparty.io.netty.channel.nio.NioEventLoop.processSelectedKeysOptimized(NioEventLoop.java:579)
	at org.apache.ratis.thirdparty.io.netty.channel.nio.NioEventLoop.processSelectedKeys(NioEventLoop.java:496)
	at org.apache.ratis.thirdparty.io.netty.channel.nio.NioEventLoop.run(NioEventLoop.java:458)
	at org.apache.ratis.thirdparty.io.netty.util.concurrent.SingleThreadEventExecutor$5.run(SingleThreadEventExecutor.java:897)
	at org.apache.ratis.thirdparty.io.netty.util.concurrent.FastThreadLocalRunnable.run(FastThreadLocalRunnable.java:30)
	... 1 more
Caused by: java.net.ConnectException: Connection refused
	... 11 more
2019-10-18 13:01:47,010 [c124d131-afb9-4343-ad4e-aaebde613043@group-FF4202234884-LeaderElection239] INFO  impl.LeaderElection (LeaderElection.java:logAndReturn(56)) - c124d131-afb9-4343-ad4e-aaebde613043@group-FF4202234884-LeaderElection239: Election REJECTED; received 0 response(s) [] and 2 exception(s); c124d131-afb9-4343-ad4e-aaebde613043@group-FF4202234884:t131, leader=null, voted=c124d131-afb9-4343-ad4e-aaebde613043, raftlog=c124d131-afb9-4343-ad4e-aaebde613043@group-FF4202234884-SegmentedRaftLog:OPENED:c-1,f-1,i0, conf=-1: [999343e7-0330-4874-a345-91eca72585e0:192.168.34.56:44872, c124d131-afb9-4343-ad4e-aaebde613043:192.168.34.56:42116, e5bb327f-cdd7-4e49-919e-13a4c895fddf:192.168.34.56:36658], old=null
2019-10-18 13:01:47,010 [c124d131-afb9-4343-ad4e-aaebde613043@group-FF4202234884-LeaderElection239] INFO  impl.LeaderElection (LogUtils.java:infoOrTrace(149)) -   Exception 0: {}
java.util.concurrent.ExecutionException: org.apache.ratis.thirdparty.io.grpc.StatusRuntimeException: UNAVAILABLE: io exception
	at java.util.concurrent.FutureTask.report(FutureTask.java:122)
	at java.util.concurrent.FutureTask.get(FutureTask.java:192)
	at org.apache.ratis.server.impl.LeaderElection.waitForResults(LeaderElection.java:259)
	at org.apache.ratis.server.impl.LeaderElection.askForVotes(LeaderElection.java:197)
	at org.apache.ratis.server.impl.LeaderElection.run(LeaderElection.java:133)
	at java.lang.Thread.run(Thread.java:748)
Caused by: org.apache.ratis.thirdparty.io.grpc.StatusRuntimeException: UNAVAILABLE: io exception
	at org.apache.ratis.thirdparty.io.grpc.stub.ClientCalls.toStatusRuntimeException(ClientCalls.java:233)
	at org.apache.ratis.thirdparty.io.grpc.stub.ClientCalls.getUnchecked(ClientCalls.java:214)
	at org.apache.ratis.thirdparty.io.grpc.stub.ClientCalls.blockingUnaryCall(ClientCalls.java:139)
	at org.apache.ratis.proto.grpc.RaftServerProtocolServiceGrpc$RaftServerProtocolServiceBlockingStub.requestVote(RaftServerProtocolServiceGrpc.java:265)
	at org.apache.ratis.grpc.server.GrpcServerProtocolClient.requestVote(GrpcServerProtocolClient.java:99)
	at org.apache.ratis.grpc.server.GrpcService.requestVote(GrpcService.java:204)
	at org.apache.ratis.server.impl.LeaderElection.lambda$submitRequests$1(LeaderElection.java:234)
	at java.util.concurrent.FutureTask.run(FutureTask.java:266)
	at java.util.concurrent.Executors$RunnableAdapter.call(Executors.java:511)
	at java.util.concurrent.FutureTask.run(FutureTask.java:266)
	at java.util.concurrent.ThreadPoolExecutor.runWorker(ThreadPoolExecutor.java:1149)
	at java.util.concurrent.ThreadPoolExecutor$Worker.run(ThreadPoolExecutor.java:624)
	... 1 more
Caused by: org.apache.ratis.thirdparty.io.netty.channel.AbstractChannel$AnnotatedConnectException: Connection refused: /192.168.34.56:36658
	at sun.nio.ch.SocketChannelImpl.checkConnect(Native Method)
	at sun.nio.ch.SocketChannelImpl.finishConnect(SocketChannelImpl.java:717)
	at org.apache.ratis.thirdparty.io.netty.channel.socket.nio.NioSocketChannel.doFinishConnect(NioSocketChannel.java:327)
	at org.apache.ratis.thirdparty.io.netty.channel.nio.AbstractNioChannel$AbstractNioUnsafe.finishConnect(AbstractNioChannel.java:340)
	at org.apache.ratis.thirdparty.io.netty.channel.nio.NioEventLoop.processSelectedKey(NioEventLoop.java:632)
	at org.apache.ratis.thirdparty.io.netty.channel.nio.NioEventLoop.processSelectedKeysOptimized(NioEventLoop.java:579)
	at org.apache.ratis.thirdparty.io.netty.channel.nio.NioEventLoop.processSelectedKeys(NioEventLoop.java:496)
	at org.apache.ratis.thirdparty.io.netty.channel.nio.NioEventLoop.run(NioEventLoop.java:458)
	at org.apache.ratis.thirdparty.io.netty.util.concurrent.SingleThreadEventExecutor$5.run(SingleThreadEventExecutor.java:897)
	at org.apache.ratis.thirdparty.io.netty.util.concurrent.FastThreadLocalRunnable.run(FastThreadLocalRunnable.java:30)
	... 1 more
Caused by: java.net.ConnectException: Connection refused
	... 11 more
2019-10-18 13:01:47,010 [c124d131-afb9-4343-ad4e-aaebde613043@group-FF4202234884-LeaderElection239] INFO  impl.LeaderElection (LogUtils.java:infoOrTrace(149)) -   Exception 1: {}
java.util.concurrent.ExecutionException: org.apache.ratis.thirdparty.io.grpc.StatusRuntimeException: UNAVAILABLE: io exception
	at java.util.concurrent.FutureTask.report(FutureTask.java:122)
	at java.util.concurrent.FutureTask.get(FutureTask.java:192)
	at org.apache.ratis.server.impl.LeaderElection.waitForResults(LeaderElection.java:259)
	at org.apache.ratis.server.impl.LeaderElection.askForVotes(LeaderElection.java:197)
	at org.apache.ratis.server.impl.LeaderElection.run(LeaderElection.java:133)
	at java.lang.Thread.run(Thread.java:748)
Caused by: org.apache.ratis.thirdparty.io.grpc.StatusRuntimeException: UNAVAILABLE: io exception
	at org.apache.ratis.thirdparty.io.grpc.stub.ClientCalls.toStatusRuntimeException(ClientCalls.java:233)
	at org.apache.ratis.thirdparty.io.grpc.stub.ClientCalls.getUnchecked(ClientCalls.java:214)
	at org.apache.ratis.thirdparty.io.grpc.stub.ClientCalls.blockingUnaryCall(ClientCalls.java:139)
	at org.apache.ratis.proto.grpc.RaftServerProtocolServiceGrpc$RaftServerProtocolServiceBlockingStub.requestVote(RaftServerProtocolServiceGrpc.java:265)
	at org.apache.ratis.grpc.server.GrpcServerProtocolClient.requestVote(GrpcServerProtocolClient.java:99)
	at org.apache.ratis.grpc.server.GrpcService.requestVote(GrpcService.java:204)
	at org.apache.ratis.server.impl.LeaderElection.lambda$submitRequests$1(LeaderElection.java:234)
	at java.util.concurrent.FutureTask.run(FutureTask.java:266)
	at java.util.concurrent.Executors$RunnableAdapter.call(Executors.java:511)
	at java.util.concurrent.FutureTask.run(FutureTask.java:266)
	at java.util.concurrent.ThreadPoolExecutor.runWorker(ThreadPoolExecutor.java:1149)
	at java.util.concurrent.ThreadPoolExecutor$Worker.run(ThreadPoolExecutor.java:624)
	... 1 more
Caused by: org.apache.ratis.thirdparty.io.netty.channel.AbstractChannel$AnnotatedConnectException: Connection refused: /192.168.34.56:44872
	at sun.nio.ch.SocketChannelImpl.checkConnect(Native Method)
	at sun.nio.ch.SocketChannelImpl.finishConnect(SocketChannelImpl.java:717)
	at org.apache.ratis.thirdparty.io.netty.channel.socket.nio.NioSocketChannel.doFinishConnect(NioSocketChannel.java:327)
	at org.apache.ratis.thirdparty.io.netty.channel.nio.AbstractNioChannel$AbstractNioUnsafe.finishConnect(AbstractNioChannel.java:340)
	at org.apache.ratis.thirdparty.io.netty.channel.nio.NioEventLoop.processSelectedKey(NioEventLoop.java:632)
	at org.apache.ratis.thirdparty.io.netty.channel.nio.NioEventLoop.processSelectedKeysOptimized(NioEventLoop.java:579)
	at org.apache.ratis.thirdparty.io.netty.channel.nio.NioEventLoop.processSelectedKeys(NioEventLoop.java:496)
	at org.apache.ratis.thirdparty.io.netty.channel.nio.NioEventLoop.run(NioEventLoop.java:458)
	at org.apache.ratis.thirdparty.io.netty.util.concurrent.SingleThreadEventExecutor$5.run(SingleThreadEventExecutor.java:897)
	at org.apache.ratis.thirdparty.io.netty.util.concurrent.FastThreadLocalRunnable.run(FastThreadLocalRunnable.java:30)
	... 1 more
Caused by: java.net.ConnectException: Connection refused
	... 11 more
2019-10-18 13:01:47,010 [c124d131-afb9-4343-ad4e-aaebde613043@group-FF4202234884-LeaderElection239] INFO  impl.RaftServerImpl (RaftServerImpl.java:setRole(184)) - c124d131-afb9-4343-ad4e-aaebde613043@group-FF4202234884: changes role from CANDIDATE to FOLLOWER at term 131 for DISCOVERED_A_NEW_TERM
2019-10-18 13:01:47,011 [c124d131-afb9-4343-ad4e-aaebde613043@group-FF4202234884-LeaderElection239] INFO  impl.RoleInfo (RoleInfo.java:shutdownLeaderElection(134)) - c124d131-afb9-4343-ad4e-aaebde613043: shutdown LeaderElection
2019-10-18 13:01:47,011 [c124d131-afb9-4343-ad4e-aaebde613043@group-FF4202234884-LeaderElection239] INFO  impl.RoleInfo (RoleInfo.java:updateAndGet(143)) - c124d131-afb9-4343-ad4e-aaebde613043: start FollowerState
2019-10-18 13:01:47,046 [018b3f78-d19f-4e26-a796-cb8ddc4f97cf@group-187684C21557-LeaderElection240] INFO  impl.LeaderElection (LeaderElection.java:askForVotes(178)) - 018b3f78-d19f-4e26-a796-cb8ddc4f97cf@group-187684C21557-LeaderElection240: begin an election at term 135 for -1: [893cf03e-f2cf-478a-892a-a746717e50e3:192.168.34.56:40750, 8697df36-98d2-41b1-bdc7-60597b3b5526:192.168.34.56:46415, 018b3f78-d19f-4e26-a796-cb8ddc4f97cf:192.168.34.56:35845], old=null
2019-10-18 13:01:47,047 [grpc-default-executor-0] INFO  impl.RaftServerImpl (RaftServerImpl.java:setRole(184)) - 8697df36-98d2-41b1-bdc7-60597b3b5526@group-187684C21557: changes role from  FOLLOWER to FOLLOWER at term 135 for recognizeCandidate:018b3f78-d19f-4e26-a796-cb8ddc4f97cf
2019-10-18 13:01:47,047 [grpc-default-executor-5] INFO  impl.RaftServerImpl (RaftServerImpl.java:setRole(184)) - 893cf03e-f2cf-478a-892a-a746717e50e3@group-187684C21557: changes role from  FOLLOWER to FOLLOWER at term 135 for recognizeCandidate:018b3f78-d19f-4e26-a796-cb8ddc4f97cf
2019-10-18 13:01:47,048 [grpc-default-executor-0] INFO  impl.RoleInfo (RoleInfo.java:shutdownFollowerState(121)) - 8697df36-98d2-41b1-bdc7-60597b3b5526: shutdown FollowerState
2019-10-18 13:01:47,048 [grpc-default-executor-5] INFO  impl.RoleInfo (RoleInfo.java:shutdownFollowerState(121)) - 893cf03e-f2cf-478a-892a-a746717e50e3: shutdown FollowerState
2019-10-18 13:01:47,048 [grpc-default-executor-0] INFO  impl.RoleInfo (RoleInfo.java:updateAndGet(143)) - 8697df36-98d2-41b1-bdc7-60597b3b5526: start FollowerState
2019-10-18 13:01:47,048 [grpc-default-executor-5] INFO  impl.RoleInfo (RoleInfo.java:updateAndGet(143)) - 893cf03e-f2cf-478a-892a-a746717e50e3: start FollowerState
2019-10-18 13:01:47,048 [Thread-2165] INFO  impl.FollowerState (FollowerState.java:run(117)) - 893cf03e-f2cf-478a-892a-a746717e50e3@group-187684C21557-FollowerState was interrupted: java.lang.InterruptedException: sleep interrupted
2019-10-18 13:01:47,048 [Thread-2166] INFO  impl.FollowerState (FollowerState.java:run(117)) - 8697df36-98d2-41b1-bdc7-60597b3b5526@group-187684C21557-FollowerState was interrupted: java.lang.InterruptedException: sleep interrupted
2019-10-18 13:01:47,090 [018b3f78-d19f-4e26-a796-cb8ddc4f97cf@group-187684C21557-LeaderElection240] INFO  impl.LeaderElection (LeaderElection.java:logAndReturn(56)) - 018b3f78-d19f-4e26-a796-cb8ddc4f97cf@group-187684C21557-LeaderElection240: Election REJECTED; received 2 response(s) [018b3f78-d19f-4e26-a796-cb8ddc4f97cf<-893cf03e-f2cf-478a-892a-a746717e50e3#0:FAIL-t135, 018b3f78-d19f-4e26-a796-cb8ddc4f97cf<-8697df36-98d2-41b1-bdc7-60597b3b5526#0:FAIL-t135] and 0 exception(s); 018b3f78-d19f-4e26-a796-cb8ddc4f97cf@group-187684C21557:t135, leader=null, voted=018b3f78-d19f-4e26-a796-cb8ddc4f97cf, raftlog=018b3f78-d19f-4e26-a796-cb8ddc4f97cf@group-187684C21557-SegmentedRaftLog:OPENED:c-1,f-1,i0, conf=-1: [893cf03e-f2cf-478a-892a-a746717e50e3:192.168.34.56:40750, 8697df36-98d2-41b1-bdc7-60597b3b5526:192.168.34.56:46415, 018b3f78-d19f-4e26-a796-cb8ddc4f97cf:192.168.34.56:35845], old=null
2019-10-18 13:01:47,090 [018b3f78-d19f-4e26-a796-cb8ddc4f97cf@group-187684C21557-LeaderElection240] INFO  impl.RaftServerImpl (RaftServerImpl.java:setRole(184)) - 018b3f78-d19f-4e26-a796-cb8ddc4f97cf@group-187684C21557: changes role from CANDIDATE to FOLLOWER at term 135 for DISCOVERED_A_NEW_TERM
2019-10-18 13:01:47,090 [018b3f78-d19f-4e26-a796-cb8ddc4f97cf@group-187684C21557-LeaderElection240] INFO  impl.RoleInfo (RoleInfo.java:shutdownLeaderElection(134)) - 018b3f78-d19f-4e26-a796-cb8ddc4f97cf: shutdown LeaderElection
2019-10-18 13:01:47,090 [018b3f78-d19f-4e26-a796-cb8ddc4f97cf@group-187684C21557-LeaderElection240] INFO  impl.RoleInfo (RoleInfo.java:updateAndGet(143)) - 018b3f78-d19f-4e26-a796-cb8ddc4f97cf: start FollowerState
2019-10-18 13:01:47,092 [Thread-2173] INFO  impl.FollowerState (FollowerState.java:run(108)) - c124d131-afb9-4343-ad4e-aaebde613043@group-FF4202234884-FollowerState: change to CANDIDATE, lastRpcTime:81ms, electionTimeout:81ms
2019-10-18 13:01:47,092 [Thread-2173] INFO  impl.RoleInfo (RoleInfo.java:shutdownFollowerState(121)) - c124d131-afb9-4343-ad4e-aaebde613043: shutdown FollowerState
2019-10-18 13:01:47,092 [Thread-2173] INFO  impl.RaftServerImpl (RaftServerImpl.java:setRole(184)) - c124d131-afb9-4343-ad4e-aaebde613043@group-FF4202234884: changes role from  FOLLOWER to CANDIDATE at term 131 for changeToCandidate
2019-10-18 13:01:47,092 [Thread-2173] INFO  impl.RoleInfo (RoleInfo.java:updateAndGet(143)) - c124d131-afb9-4343-ad4e-aaebde613043: start LeaderElection
2019-10-18 13:01:47,148 [c124d131-afb9-4343-ad4e-aaebde613043@group-FF4202234884-LeaderElection241] INFO  impl.LeaderElection (LeaderElection.java:askForVotes(178)) - c124d131-afb9-4343-ad4e-aaebde613043@group-FF4202234884-LeaderElection241: begin an election at term 132 for -1: [999343e7-0330-4874-a345-91eca72585e0:192.168.34.56:44872, c124d131-afb9-4343-ad4e-aaebde613043:192.168.34.56:42116, e5bb327f-cdd7-4e49-919e-13a4c895fddf:192.168.34.56:36658], old=null
2019-10-18 13:01:47,149 [c124d131-afb9-4343-ad4e-aaebde613043@group-FF4202234884-LeaderElection241] INFO  impl.LeaderElection (LogUtils.java:infoOrTrace(149)) - c124d131-afb9-4343-ad4e-aaebde613043@group-FF4202234884-LeaderElection241 got exception when requesting votes: {}
java.util.concurrent.ExecutionException: org.apache.ratis.thirdparty.io.grpc.StatusRuntimeException: UNAVAILABLE: io exception
	at java.util.concurrent.FutureTask.report(FutureTask.java:122)
	at java.util.concurrent.FutureTask.get(FutureTask.java:192)
	at org.apache.ratis.server.impl.LeaderElection.waitForResults(LeaderElection.java:259)
	at org.apache.ratis.server.impl.LeaderElection.askForVotes(LeaderElection.java:197)
	at org.apache.ratis.server.impl.LeaderElection.run(LeaderElection.java:133)
	at java.lang.Thread.run(Thread.java:748)
Caused by: org.apache.ratis.thirdparty.io.grpc.StatusRuntimeException: UNAVAILABLE: io exception
	at org.apache.ratis.thirdparty.io.grpc.stub.ClientCalls.toStatusRuntimeException(ClientCalls.java:233)
	at org.apache.ratis.thirdparty.io.grpc.stub.ClientCalls.getUnchecked(ClientCalls.java:214)
	at org.apache.ratis.thirdparty.io.grpc.stub.ClientCalls.blockingUnaryCall(ClientCalls.java:139)
	at org.apache.ratis.proto.grpc.RaftServerProtocolServiceGrpc$RaftServerProtocolServiceBlockingStub.requestVote(RaftServerProtocolServiceGrpc.java:265)
	at org.apache.ratis.grpc.server.GrpcServerProtocolClient.requestVote(GrpcServerProtocolClient.java:99)
	at org.apache.ratis.grpc.server.GrpcService.requestVote(GrpcService.java:204)
	at org.apache.ratis.server.impl.LeaderElection.lambda$submitRequests$1(LeaderElection.java:234)
	at java.util.concurrent.FutureTask.run(FutureTask.java:266)
	at java.util.concurrent.Executors$RunnableAdapter.call(Executors.java:511)
	at java.util.concurrent.FutureTask.run(FutureTask.java:266)
	at java.util.concurrent.ThreadPoolExecutor.runWorker(ThreadPoolExecutor.java:1149)
	at java.util.concurrent.ThreadPoolExecutor$Worker.run(ThreadPoolExecutor.java:624)
	... 1 more
Caused by: org.apache.ratis.thirdparty.io.netty.channel.AbstractChannel$AnnotatedConnectException: Connection refused: /192.168.34.56:44872
	at sun.nio.ch.SocketChannelImpl.checkConnect(Native Method)
	at sun.nio.ch.SocketChannelImpl.finishConnect(SocketChannelImpl.java:717)
	at org.apache.ratis.thirdparty.io.netty.channel.socket.nio.NioSocketChannel.doFinishConnect(NioSocketChannel.java:327)
	at org.apache.ratis.thirdparty.io.netty.channel.nio.AbstractNioChannel$AbstractNioUnsafe.finishConnect(AbstractNioChannel.java:340)
	at org.apache.ratis.thirdparty.io.netty.channel.nio.NioEventLoop.processSelectedKey(NioEventLoop.java:632)
	at org.apache.ratis.thirdparty.io.netty.channel.nio.NioEventLoop.processSelectedKeysOptimized(NioEventLoop.java:579)
	at org.apache.ratis.thirdparty.io.netty.channel.nio.NioEventLoop.processSelectedKeys(NioEventLoop.java:496)
	at org.apache.ratis.thirdparty.io.netty.channel.nio.NioEventLoop.run(NioEventLoop.java:458)
	at org.apache.ratis.thirdparty.io.netty.util.concurrent.SingleThreadEventExecutor$5.run(SingleThreadEventExecutor.java:897)
	at org.apache.ratis.thirdparty.io.netty.util.concurrent.FastThreadLocalRunnable.run(FastThreadLocalRunnable.java:30)
	... 1 more
Caused by: java.net.ConnectException: Connection refused
	... 11 more
2019-10-18 13:01:47,152 [c124d131-afb9-4343-ad4e-aaebde613043@group-FF4202234884-LeaderElection241] INFO  impl.LeaderElection (LogUtils.java:infoOrTrace(149)) - c124d131-afb9-4343-ad4e-aaebde613043@group-FF4202234884-LeaderElection241 got exception when requesting votes: {}
java.util.concurrent.ExecutionException: org.apache.ratis.thirdparty.io.grpc.StatusRuntimeException: UNAVAILABLE: io exception
	at java.util.concurrent.FutureTask.report(FutureTask.java:122)
	at java.util.concurrent.FutureTask.get(FutureTask.java:192)
	at org.apache.ratis.server.impl.LeaderElection.waitForResults(LeaderElection.java:259)
	at org.apache.ratis.server.impl.LeaderElection.askForVotes(LeaderElection.java:197)
	at org.apache.ratis.server.impl.LeaderElection.run(LeaderElection.java:133)
	at java.lang.Thread.run(Thread.java:748)
Caused by: org.apache.ratis.thirdparty.io.grpc.StatusRuntimeException: UNAVAILABLE: io exception
	at org.apache.ratis.thirdparty.io.grpc.stub.ClientCalls.toStatusRuntimeException(ClientCalls.java:233)
	at org.apache.ratis.thirdparty.io.grpc.stub.ClientCalls.getUnchecked(ClientCalls.java:214)
	at org.apache.ratis.thirdparty.io.grpc.stub.ClientCalls.blockingUnaryCall(ClientCalls.java:139)
	at org.apache.ratis.proto.grpc.RaftServerProtocolServiceGrpc$RaftServerProtocolServiceBlockingStub.requestVote(RaftServerProtocolServiceGrpc.java:265)
	at org.apache.ratis.grpc.server.GrpcServerProtocolClient.requestVote(GrpcServerProtocolClient.java:99)
	at org.apache.ratis.grpc.server.GrpcService.requestVote(GrpcService.java:204)
	at org.apache.ratis.server.impl.LeaderElection.lambda$submitRequests$1(LeaderElection.java:234)
	at java.util.concurrent.FutureTask.run(FutureTask.java:266)
	at java.util.concurrent.Executors$RunnableAdapter.call(Executors.java:511)
	at java.util.concurrent.FutureTask.run(FutureTask.java:266)
	at java.util.concurrent.ThreadPoolExecutor.runWorker(ThreadPoolExecutor.java:1149)
	at java.util.concurrent.ThreadPoolExecutor$Worker.run(ThreadPoolExecutor.java:624)
	... 1 more
Caused by: org.apache.ratis.thirdparty.io.netty.channel.AbstractChannel$AnnotatedConnectException: Connection refused: /192.168.34.56:36658
	at sun.nio.ch.SocketChannelImpl.checkConnect(Native Method)
	at sun.nio.ch.SocketChannelImpl.finishConnect(SocketChannelImpl.java:717)
	at org.apache.ratis.thirdparty.io.netty.channel.socket.nio.NioSocketChannel.doFinishConnect(NioSocketChannel.java:327)
	at org.apache.ratis.thirdparty.io.netty.channel.nio.AbstractNioChannel$AbstractNioUnsafe.finishConnect(AbstractNioChannel.java:340)
	at org.apache.ratis.thirdparty.io.netty.channel.nio.NioEventLoop.processSelectedKey(NioEventLoop.java:632)
	at org.apache.ratis.thirdparty.io.netty.channel.nio.NioEventLoop.processSelectedKeysOptimized(NioEventLoop.java:579)
	at org.apache.ratis.thirdparty.io.netty.channel.nio.NioEventLoop.processSelectedKeys(NioEventLoop.java:496)
	at org.apache.ratis.thirdparty.io.netty.channel.nio.NioEventLoop.run(NioEventLoop.java:458)
	at org.apache.ratis.thirdparty.io.netty.util.concurrent.SingleThreadEventExecutor$5.run(SingleThreadEventExecutor.java:897)
	at org.apache.ratis.thirdparty.io.netty.util.concurrent.FastThreadLocalRunnable.run(FastThreadLocalRunnable.java:30)
	... 1 more
Caused by: java.net.ConnectException: Connection refused
	... 11 more
2019-10-18 13:01:47,156 [c124d131-afb9-4343-ad4e-aaebde613043@group-FF4202234884-LeaderElection241] INFO  impl.LeaderElection (LeaderElection.java:logAndReturn(56)) - c124d131-afb9-4343-ad4e-aaebde613043@group-FF4202234884-LeaderElection241: Election REJECTED; received 0 response(s) [] and 2 exception(s); c124d131-afb9-4343-ad4e-aaebde613043@group-FF4202234884:t132, leader=null, voted=c124d131-afb9-4343-ad4e-aaebde613043, raftlog=c124d131-afb9-4343-ad4e-aaebde613043@group-FF4202234884-SegmentedRaftLog:OPENED:c-1,f-1,i0, conf=-1: [999343e7-0330-4874-a345-91eca72585e0:192.168.34.56:44872, c124d131-afb9-4343-ad4e-aaebde613043:192.168.34.56:42116, e5bb327f-cdd7-4e49-919e-13a4c895fddf:192.168.34.56:36658], old=null
2019-10-18 13:01:47,157 [c124d131-afb9-4343-ad4e-aaebde613043@group-FF4202234884-LeaderElection241] INFO  impl.LeaderElection (LogUtils.java:infoOrTrace(149)) -   Exception 0: {}
java.util.concurrent.ExecutionException: org.apache.ratis.thirdparty.io.grpc.StatusRuntimeException: UNAVAILABLE: io exception
	at java.util.concurrent.FutureTask.report(FutureTask.java:122)
	at java.util.concurrent.FutureTask.get(FutureTask.java:192)
	at org.apache.ratis.server.impl.LeaderElection.waitForResults(LeaderElection.java:259)
	at org.apache.ratis.server.impl.LeaderElection.askForVotes(LeaderElection.java:197)
	at org.apache.ratis.server.impl.LeaderElection.run(LeaderElection.java:133)
	at java.lang.Thread.run(Thread.java:748)
Caused by: org.apache.ratis.thirdparty.io.grpc.StatusRuntimeException: UNAVAILABLE: io exception
	at org.apache.ratis.thirdparty.io.grpc.stub.ClientCalls.toStatusRuntimeException(ClientCalls.java:233)
	at org.apache.ratis.thirdparty.io.grpc.stub.ClientCalls.getUnchecked(ClientCalls.java:214)
	at org.apache.ratis.thirdparty.io.grpc.stub.ClientCalls.blockingUnaryCall(ClientCalls.java:139)
	at org.apache.ratis.proto.grpc.RaftServerProtocolServiceGrpc$RaftServerProtocolServiceBlockingStub.requestVote(RaftServerProtocolServiceGrpc.java:265)
	at org.apache.ratis.grpc.server.GrpcServerProtocolClient.requestVote(GrpcServerProtocolClient.java:99)
	at org.apache.ratis.grpc.server.GrpcService.requestVote(GrpcService.java:204)
	at org.apache.ratis.server.impl.LeaderElection.lambda$submitRequests$1(LeaderElection.java:234)
	at java.util.concurrent.FutureTask.run(FutureTask.java:266)
	at java.util.concurrent.Executors$RunnableAdapter.call(Executors.java:511)
	at java.util.concurrent.FutureTask.run(FutureTask.java:266)
	at java.util.concurrent.ThreadPoolExecutor.runWorker(ThreadPoolExecutor.java:1149)
	at java.util.concurrent.ThreadPoolExecutor$Worker.run(ThreadPoolExecutor.java:624)
	... 1 more
Caused by: org.apache.ratis.thirdparty.io.netty.channel.AbstractChannel$AnnotatedConnectException: Connection refused: /192.168.34.56:44872
	at sun.nio.ch.SocketChannelImpl.checkConnect(Native Method)
	at sun.nio.ch.SocketChannelImpl.finishConnect(SocketChannelImpl.java:717)
	at org.apache.ratis.thirdparty.io.netty.channel.socket.nio.NioSocketChannel.doFinishConnect(NioSocketChannel.java:327)
	at org.apache.ratis.thirdparty.io.netty.channel.nio.AbstractNioChannel$AbstractNioUnsafe.finishConnect(AbstractNioChannel.java:340)
	at org.apache.ratis.thirdparty.io.netty.channel.nio.NioEventLoop.processSelectedKey(NioEventLoop.java:632)
	at org.apache.ratis.thirdparty.io.netty.channel.nio.NioEventLoop.processSelectedKeysOptimized(NioEventLoop.java:579)
	at org.apache.ratis.thirdparty.io.netty.channel.nio.NioEventLoop.processSelectedKeys(NioEventLoop.java:496)
	at org.apache.ratis.thirdparty.io.netty.channel.nio.NioEventLoop.run(NioEventLoop.java:458)
	at org.apache.ratis.thirdparty.io.netty.util.concurrent.SingleThreadEventExecutor$5.run(SingleThreadEventExecutor.java:897)
	at org.apache.ratis.thirdparty.io.netty.util.concurrent.FastThreadLocalRunnable.run(FastThreadLocalRunnable.java:30)
	... 1 more
Caused by: java.net.ConnectException: Connection refused
	... 11 more
2019-10-18 13:01:47,157 [c124d131-afb9-4343-ad4e-aaebde613043@group-FF4202234884-LeaderElection241] INFO  impl.LeaderElection (LogUtils.java:infoOrTrace(149)) -   Exception 1: {}
java.util.concurrent.ExecutionException: org.apache.ratis.thirdparty.io.grpc.StatusRuntimeException: UNAVAILABLE: io exception
	at java.util.concurrent.FutureTask.report(FutureTask.java:122)
	at java.util.concurrent.FutureTask.get(FutureTask.java:192)
	at org.apache.ratis.server.impl.LeaderElection.waitForResults(LeaderElection.java:259)
	at org.apache.ratis.server.impl.LeaderElection.askForVotes(LeaderElection.java:197)
	at org.apache.ratis.server.impl.LeaderElection.run(LeaderElection.java:133)
	at java.lang.Thread.run(Thread.java:748)
Caused by: org.apache.ratis.thirdparty.io.grpc.StatusRuntimeException: UNAVAILABLE: io exception
	at org.apache.ratis.thirdparty.io.grpc.stub.ClientCalls.toStatusRuntimeException(ClientCalls.java:233)
	at org.apache.ratis.thirdparty.io.grpc.stub.ClientCalls.getUnchecked(ClientCalls.java:214)
	at org.apache.ratis.thirdparty.io.grpc.stub.ClientCalls.blockingUnaryCall(ClientCalls.java:139)
	at org.apache.ratis.proto.grpc.RaftServerProtocolServiceGrpc$RaftServerProtocolServiceBlockingStub.requestVote(RaftServerProtocolServiceGrpc.java:265)
	at org.apache.ratis.grpc.server.GrpcServerProtocolClient.requestVote(GrpcServerProtocolClient.java:99)
	at org.apache.ratis.grpc.server.GrpcService.requestVote(GrpcService.java:204)
	at org.apache.ratis.server.impl.LeaderElection.lambda$submitRequests$1(LeaderElection.java:234)
	at java.util.concurrent.FutureTask.run(FutureTask.java:266)
	at java.util.concurrent.Executors$RunnableAdapter.call(Executors.java:511)
	at java.util.concurrent.FutureTask.run(FutureTask.java:266)
	at java.util.concurrent.ThreadPoolExecutor.runWorker(ThreadPoolExecutor.java:1149)
	at java.util.concurrent.ThreadPoolExecutor$Worker.run(ThreadPoolExecutor.java:624)
	... 1 more
Caused by: org.apache.ratis.thirdparty.io.netty.channel.AbstractChannel$AnnotatedConnectException: Connection refused: /192.168.34.56:36658
	at sun.nio.ch.SocketChannelImpl.checkConnect(Native Method)
	at sun.nio.ch.SocketChannelImpl.finishConnect(SocketChannelImpl.java:717)
	at org.apache.ratis.thirdparty.io.netty.channel.socket.nio.NioSocketChannel.doFinishConnect(NioSocketChannel.java:327)
	at org.apache.ratis.thirdparty.io.netty.channel.nio.AbstractNioChannel$AbstractNioUnsafe.finishConnect(AbstractNioChannel.java:340)
	at org.apache.ratis.thirdparty.io.netty.channel.nio.NioEventLoop.processSelectedKey(NioEventLoop.java:632)
	at org.apache.ratis.thirdparty.io.netty.channel.nio.NioEventLoop.processSelectedKeysOptimized(NioEventLoop.java:579)
	at org.apache.ratis.thirdparty.io.netty.channel.nio.NioEventLoop.processSelectedKeys(NioEventLoop.java:496)
	at org.apache.ratis.thirdparty.io.netty.channel.nio.NioEventLoop.run(NioEventLoop.java:458)
	at org.apache.ratis.thirdparty.io.netty.util.concurrent.SingleThreadEventExecutor$5.run(SingleThreadEventExecutor.java:897)
	at org.apache.ratis.thirdparty.io.netty.util.concurrent.FastThreadLocalRunnable.run(FastThreadLocalRunnable.java:30)
	... 1 more
Caused by: java.net.ConnectException: Connection refused
	... 11 more
2019-10-18 13:01:47,157 [c124d131-afb9-4343-ad4e-aaebde613043@group-FF4202234884-LeaderElection241] INFO  impl.RaftServerImpl (RaftServerImpl.java:setRole(184)) - c124d131-afb9-4343-ad4e-aaebde613043@group-FF4202234884: changes role from CANDIDATE to FOLLOWER at term 132 for DISCOVERED_A_NEW_TERM
2019-10-18 13:01:47,157 [c124d131-afb9-4343-ad4e-aaebde613043@group-FF4202234884-LeaderElection241] INFO  impl.RoleInfo (RoleInfo.java:shutdownLeaderElection(134)) - c124d131-afb9-4343-ad4e-aaebde613043: shutdown LeaderElection
2019-10-18 13:01:47,158 [c124d131-afb9-4343-ad4e-aaebde613043@group-FF4202234884-LeaderElection241] INFO  impl.RoleInfo (RoleInfo.java:updateAndGet(143)) - c124d131-afb9-4343-ad4e-aaebde613043: start FollowerState
2019-10-18 13:01:47,280 [Thread-2178] INFO  impl.FollowerState (FollowerState.java:run(108)) - 018b3f78-d19f-4e26-a796-cb8ddc4f97cf@group-187684C21557-FollowerState: change to CANDIDATE, lastRpcTime:190ms, electionTimeout:190ms
2019-10-18 13:01:47,281 [Thread-2178] INFO  impl.RoleInfo (RoleInfo.java:shutdownFollowerState(121)) - 018b3f78-d19f-4e26-a796-cb8ddc4f97cf: shutdown FollowerState
2019-10-18 13:01:47,281 [Thread-2178] INFO  impl.RaftServerImpl (RaftServerImpl.java:setRole(184)) - 018b3f78-d19f-4e26-a796-cb8ddc4f97cf@group-187684C21557: changes role from  FOLLOWER to CANDIDATE at term 135 for changeToCandidate
2019-10-18 13:01:47,281 [Thread-2178] INFO  impl.RoleInfo (RoleInfo.java:updateAndGet(143)) - 018b3f78-d19f-4e26-a796-cb8ddc4f97cf: start LeaderElection
2019-10-18 13:01:47,296 [018b3f78-d19f-4e26-a796-cb8ddc4f97cf@group-187684C21557-LeaderElection242] INFO  impl.LeaderElection (LeaderElection.java:askForVotes(178)) - 018b3f78-d19f-4e26-a796-cb8ddc4f97cf@group-187684C21557-LeaderElection242: begin an election at term 136 for -1: [893cf03e-f2cf-478a-892a-a746717e50e3:192.168.34.56:40750, 8697df36-98d2-41b1-bdc7-60597b3b5526:192.168.34.56:46415, 018b3f78-d19f-4e26-a796-cb8ddc4f97cf:192.168.34.56:35845], old=null
2019-10-18 13:01:47,298 [grpc-default-executor-5] INFO  impl.RaftServerImpl (RaftServerImpl.java:setRole(184)) - 8697df36-98d2-41b1-bdc7-60597b3b5526@group-187684C21557: changes role from  FOLLOWER to FOLLOWER at term 136 for recognizeCandidate:018b3f78-d19f-4e26-a796-cb8ddc4f97cf
2019-10-18 13:01:47,298 [grpc-default-executor-0] INFO  impl.RaftServerImpl (RaftServerImpl.java:setRole(184)) - 893cf03e-f2cf-478a-892a-a746717e50e3@group-187684C21557: changes role from  FOLLOWER to FOLLOWER at term 136 for recognizeCandidate:018b3f78-d19f-4e26-a796-cb8ddc4f97cf
2019-10-18 13:01:47,298 [grpc-default-executor-5] INFO  impl.RoleInfo (RoleInfo.java:shutdownFollowerState(121)) - 8697df36-98d2-41b1-bdc7-60597b3b5526: shutdown FollowerState
2019-10-18 13:01:47,298 [grpc-default-executor-0] INFO  impl.RoleInfo (RoleInfo.java:shutdownFollowerState(121)) - 893cf03e-f2cf-478a-892a-a746717e50e3: shutdown FollowerState
2019-10-18 13:01:47,299 [grpc-default-executor-5] INFO  impl.RoleInfo (RoleInfo.java:updateAndGet(143)) - 8697df36-98d2-41b1-bdc7-60597b3b5526: start FollowerState
2019-10-18 13:01:47,299 [grpc-default-executor-0] INFO  impl.RoleInfo (RoleInfo.java:updateAndGet(143)) - 893cf03e-f2cf-478a-892a-a746717e50e3: start FollowerState
2019-10-18 13:01:47,299 [Thread-2176] INFO  impl.FollowerState (FollowerState.java:run(117)) - 8697df36-98d2-41b1-bdc7-60597b3b5526@group-187684C21557-FollowerState was interrupted: java.lang.InterruptedException: sleep interrupted
2019-10-18 13:01:47,299 [Thread-2177] INFO  impl.FollowerState (FollowerState.java:run(117)) - 893cf03e-f2cf-478a-892a-a746717e50e3@group-187684C21557-FollowerState was interrupted: java.lang.InterruptedException: sleep interrupted
2019-10-18 13:01:47,349 [018b3f78-d19f-4e26-a796-cb8ddc4f97cf@group-187684C21557-LeaderElection242] INFO  impl.LeaderElection (LeaderElection.java:logAndReturn(56)) - 018b3f78-d19f-4e26-a796-cb8ddc4f97cf@group-187684C21557-LeaderElection242: Election REJECTED; received 2 response(s) [018b3f78-d19f-4e26-a796-cb8ddc4f97cf<-893cf03e-f2cf-478a-892a-a746717e50e3#0:FAIL-t136, 018b3f78-d19f-4e26-a796-cb8ddc4f97cf<-8697df36-98d2-41b1-bdc7-60597b3b5526#0:FAIL-t136] and 0 exception(s); 018b3f78-d19f-4e26-a796-cb8ddc4f97cf@group-187684C21557:t136, leader=null, voted=018b3f78-d19f-4e26-a796-cb8ddc4f97cf, raftlog=018b3f78-d19f-4e26-a796-cb8ddc4f97cf@group-187684C21557-SegmentedRaftLog:OPENED:c-1,f-1,i0, conf=-1: [893cf03e-f2cf-478a-892a-a746717e50e3:192.168.34.56:40750, 8697df36-98d2-41b1-bdc7-60597b3b5526:192.168.34.56:46415, 018b3f78-d19f-4e26-a796-cb8ddc4f97cf:192.168.34.56:35845], old=null
2019-10-18 13:01:47,349 [018b3f78-d19f-4e26-a796-cb8ddc4f97cf@group-187684C21557-LeaderElection242] INFO  impl.RaftServerImpl (RaftServerImpl.java:setRole(184)) - 018b3f78-d19f-4e26-a796-cb8ddc4f97cf@group-187684C21557: changes role from CANDIDATE to FOLLOWER at term 136 for DISCOVERED_A_NEW_TERM
2019-10-18 13:01:47,349 [018b3f78-d19f-4e26-a796-cb8ddc4f97cf@group-187684C21557-LeaderElection242] INFO  impl.RoleInfo (RoleInfo.java:shutdownLeaderElection(134)) - 018b3f78-d19f-4e26-a796-cb8ddc4f97cf: shutdown LeaderElection
2019-10-18 13:01:47,350 [018b3f78-d19f-4e26-a796-cb8ddc4f97cf@group-187684C21557-LeaderElection242] INFO  impl.RoleInfo (RoleInfo.java:updateAndGet(143)) - 018b3f78-d19f-4e26-a796-cb8ddc4f97cf: start FollowerState
2019-10-18 13:01:47,351 [Thread-2182] INFO  impl.FollowerState (FollowerState.java:run(108)) - c124d131-afb9-4343-ad4e-aaebde613043@group-FF4202234884-FollowerState: change to CANDIDATE, lastRpcTime:193ms, electionTimeout:193ms
2019-10-18 13:01:47,351 [Thread-2182] INFO  impl.RoleInfo (RoleInfo.java:shutdownFollowerState(121)) - c124d131-afb9-4343-ad4e-aaebde613043: shutdown FollowerState
2019-10-18 13:01:47,351 [Thread-2182] INFO  impl.RaftServerImpl (RaftServerImpl.java:setRole(184)) - c124d131-afb9-4343-ad4e-aaebde613043@group-FF4202234884: changes role from  FOLLOWER to CANDIDATE at term 132 for changeToCandidate
2019-10-18 13:01:47,352 [Thread-2182] INFO  impl.RoleInfo (RoleInfo.java:updateAndGet(143)) - c124d131-afb9-4343-ad4e-aaebde613043: start LeaderElection
2019-10-18 13:01:47,397 [Thread-2190] INFO  impl.FollowerState (FollowerState.java:run(108)) - 018b3f78-d19f-4e26-a796-cb8ddc4f97cf@group-187684C21557-FollowerState: change to CANDIDATE, lastRpcTime:47ms, electionTimeout:47ms
2019-10-18 13:01:47,397 [Thread-2190] INFO  impl.RoleInfo (RoleInfo.java:shutdownFollowerState(121)) - 018b3f78-d19f-4e26-a796-cb8ddc4f97cf: shutdown FollowerState
2019-10-18 13:01:47,397 [Thread-2190] INFO  impl.RaftServerImpl (RaftServerImpl.java:setRole(184)) - 018b3f78-d19f-4e26-a796-cb8ddc4f97cf@group-187684C21557: changes role from  FOLLOWER to CANDIDATE at term 136 for changeToCandidate
2019-10-18 13:01:47,397 [Thread-2190] INFO  impl.RoleInfo (RoleInfo.java:updateAndGet(143)) - 018b3f78-d19f-4e26-a796-cb8ddc4f97cf: start LeaderElection
2019-10-18 13:01:47,422 [c124d131-afb9-4343-ad4e-aaebde613043@group-FF4202234884-LeaderElection243] INFO  impl.LeaderElection (LeaderElection.java:askForVotes(178)) - c124d131-afb9-4343-ad4e-aaebde613043@group-FF4202234884-LeaderElection243: begin an election at term 133 for -1: [999343e7-0330-4874-a345-91eca72585e0:192.168.34.56:44872, c124d131-afb9-4343-ad4e-aaebde613043:192.168.34.56:42116, e5bb327f-cdd7-4e49-919e-13a4c895fddf:192.168.34.56:36658], old=null
2019-10-18 13:01:47,423 [c124d131-afb9-4343-ad4e-aaebde613043@group-FF4202234884-LeaderElection243] INFO  impl.LeaderElection (LogUtils.java:infoOrTrace(149)) - c124d131-afb9-4343-ad4e-aaebde613043@group-FF4202234884-LeaderElection243 got exception when requesting votes: {}
java.util.concurrent.ExecutionException: org.apache.ratis.thirdparty.io.grpc.StatusRuntimeException: UNAVAILABLE: io exception
	at java.util.concurrent.FutureTask.report(FutureTask.java:122)
	at java.util.concurrent.FutureTask.get(FutureTask.java:192)
	at org.apache.ratis.server.impl.LeaderElection.waitForResults(LeaderElection.java:259)
	at org.apache.ratis.server.impl.LeaderElection.askForVotes(LeaderElection.java:197)
	at org.apache.ratis.server.impl.LeaderElection.run(LeaderElection.java:133)
	at java.lang.Thread.run(Thread.java:748)
Caused by: org.apache.ratis.thirdparty.io.grpc.StatusRuntimeException: UNAVAILABLE: io exception
	at org.apache.ratis.thirdparty.io.grpc.stub.ClientCalls.toStatusRuntimeException(ClientCalls.java:233)
	at org.apache.ratis.thirdparty.io.grpc.stub.ClientCalls.getUnchecked(ClientCalls.java:214)
	at org.apache.ratis.thirdparty.io.grpc.stub.ClientCalls.blockingUnaryCall(ClientCalls.java:139)
	at org.apache.ratis.proto.grpc.RaftServerProtocolServiceGrpc$RaftServerProtocolServiceBlockingStub.requestVote(RaftServerProtocolServiceGrpc.java:265)
	at org.apache.ratis.grpc.server.GrpcServerProtocolClient.requestVote(GrpcServerProtocolClient.java:99)
	at org.apache.ratis.grpc.server.GrpcService.requestVote(GrpcService.java:204)
	at org.apache.ratis.server.impl.LeaderElection.lambda$submitRequests$1(LeaderElection.java:234)
	at java.util.concurrent.FutureTask.run(FutureTask.java:266)
	at java.util.concurrent.Executors$RunnableAdapter.call(Executors.java:511)
	at java.util.concurrent.FutureTask.run(FutureTask.java:266)
	at java.util.concurrent.ThreadPoolExecutor.runWorker(ThreadPoolExecutor.java:1149)
	at java.util.concurrent.ThreadPoolExecutor$Worker.run(ThreadPoolExecutor.java:624)
	... 1 more
Caused by: org.apache.ratis.thirdparty.io.netty.channel.AbstractChannel$AnnotatedConnectException: Connection refused: /192.168.34.56:36658
	at sun.nio.ch.SocketChannelImpl.checkConnect(Native Method)
	at sun.nio.ch.SocketChannelImpl.finishConnect(SocketChannelImpl.java:717)
	at org.apache.ratis.thirdparty.io.netty.channel.socket.nio.NioSocketChannel.doFinishConnect(NioSocketChannel.java:327)
	at org.apache.ratis.thirdparty.io.netty.channel.nio.AbstractNioChannel$AbstractNioUnsafe.finishConnect(AbstractNioChannel.java:340)
	at org.apache.ratis.thirdparty.io.netty.channel.nio.NioEventLoop.processSelectedKey(NioEventLoop.java:632)
	at org.apache.ratis.thirdparty.io.netty.channel.nio.NioEventLoop.processSelectedKeysOptimized(NioEventLoop.java:579)
	at org.apache.ratis.thirdparty.io.netty.channel.nio.NioEventLoop.processSelectedKeys(NioEventLoop.java:496)
	at org.apache.ratis.thirdparty.io.netty.channel.nio.NioEventLoop.run(NioEventLoop.java:458)
	at org.apache.ratis.thirdparty.io.netty.util.concurrent.SingleThreadEventExecutor$5.run(SingleThreadEventExecutor.java:897)
	at org.apache.ratis.thirdparty.io.netty.util.concurrent.FastThreadLocalRunnable.run(FastThreadLocalRunnable.java:30)
	... 1 more
Caused by: java.net.ConnectException: Connection refused
	... 11 more
2019-10-18 13:01:47,424 [018b3f78-d19f-4e26-a796-cb8ddc4f97cf@group-187684C21557-LeaderElection244] INFO  impl.LeaderElection (LeaderElection.java:askForVotes(178)) - 018b3f78-d19f-4e26-a796-cb8ddc4f97cf@group-187684C21557-LeaderElection244: begin an election at term 137 for -1: [893cf03e-f2cf-478a-892a-a746717e50e3:192.168.34.56:40750, 8697df36-98d2-41b1-bdc7-60597b3b5526:192.168.34.56:46415, 018b3f78-d19f-4e26-a796-cb8ddc4f97cf:192.168.34.56:35845], old=null
2019-10-18 13:01:47,426 [c124d131-afb9-4343-ad4e-aaebde613043@group-FF4202234884-LeaderElection243] INFO  impl.LeaderElection (LogUtils.java:infoOrTrace(149)) - c124d131-afb9-4343-ad4e-aaebde613043@group-FF4202234884-LeaderElection243 got exception when requesting votes: {}
java.util.concurrent.ExecutionException: org.apache.ratis.thirdparty.io.grpc.StatusRuntimeException: UNAVAILABLE: io exception
	at java.util.concurrent.FutureTask.report(FutureTask.java:122)
	at java.util.concurrent.FutureTask.get(FutureTask.java:192)
	at org.apache.ratis.server.impl.LeaderElection.waitForResults(LeaderElection.java:259)
	at org.apache.ratis.server.impl.LeaderElection.askForVotes(LeaderElection.java:197)
	at org.apache.ratis.server.impl.LeaderElection.run(LeaderElection.java:133)
	at java.lang.Thread.run(Thread.java:748)
Caused by: org.apache.ratis.thirdparty.io.grpc.StatusRuntimeException: UNAVAILABLE: io exception
	at org.apache.ratis.thirdparty.io.grpc.stub.ClientCalls.toStatusRuntimeException(ClientCalls.java:233)
	at org.apache.ratis.thirdparty.io.grpc.stub.ClientCalls.getUnchecked(ClientCalls.java:214)
	at org.apache.ratis.thirdparty.io.grpc.stub.ClientCalls.blockingUnaryCall(ClientCalls.java:139)
	at org.apache.ratis.proto.grpc.RaftServerProtocolServiceGrpc$RaftServerProtocolServiceBlockingStub.requestVote(RaftServerProtocolServiceGrpc.java:265)
	at org.apache.ratis.grpc.server.GrpcServerProtocolClient.requestVote(GrpcServerProtocolClient.java:99)
	at org.apache.ratis.grpc.server.GrpcService.requestVote(GrpcService.java:204)
	at org.apache.ratis.server.impl.LeaderElection.lambda$submitRequests$1(LeaderElection.java:234)
	at java.util.concurrent.FutureTask.run(FutureTask.java:266)
	at java.util.concurrent.Executors$RunnableAdapter.call(Executors.java:511)
	at java.util.concurrent.FutureTask.run(FutureTask.java:266)
	at java.util.concurrent.ThreadPoolExecutor.runWorker(ThreadPoolExecutor.java:1149)
	at java.util.concurrent.ThreadPoolExecutor$Worker.run(ThreadPoolExecutor.java:624)
	... 1 more
Caused by: org.apache.ratis.thirdparty.io.netty.channel.AbstractChannel$AnnotatedConnectException: Connection refused: /192.168.34.56:44872
	at sun.nio.ch.SocketChannelImpl.checkConnect(Native Method)
	at sun.nio.ch.SocketChannelImpl.finishConnect(SocketChannelImpl.java:717)
	at org.apache.ratis.thirdparty.io.netty.channel.socket.nio.NioSocketChannel.doFinishConnect(NioSocketChannel.java:327)
	at org.apache.ratis.thirdparty.io.netty.channel.nio.AbstractNioChannel$AbstractNioUnsafe.finishConnect(AbstractNioChannel.java:340)
	at org.apache.ratis.thirdparty.io.netty.channel.nio.NioEventLoop.processSelectedKey(NioEventLoop.java:632)
	at org.apache.ratis.thirdparty.io.netty.channel.nio.NioEventLoop.processSelectedKeysOptimized(NioEventLoop.java:579)
	at org.apache.ratis.thirdparty.io.netty.channel.nio.NioEventLoop.processSelectedKeys(NioEventLoop.java:496)
	at org.apache.ratis.thirdparty.io.netty.channel.nio.NioEventLoop.run(NioEventLoop.java:458)
	at org.apache.ratis.thirdparty.io.netty.util.concurrent.SingleThreadEventExecutor$5.run(SingleThreadEventExecutor.java:897)
	at org.apache.ratis.thirdparty.io.netty.util.concurrent.FastThreadLocalRunnable.run(FastThreadLocalRunnable.java:30)
	... 1 more
Caused by: java.net.ConnectException: Connection refused
	... 11 more
2019-10-18 13:01:47,428 [c124d131-afb9-4343-ad4e-aaebde613043@group-FF4202234884-LeaderElection243] INFO  impl.LeaderElection (LeaderElection.java:logAndReturn(56)) - c124d131-afb9-4343-ad4e-aaebde613043@group-FF4202234884-LeaderElection243: Election REJECTED; received 0 response(s) [] and 2 exception(s); c124d131-afb9-4343-ad4e-aaebde613043@group-FF4202234884:t133, leader=null, voted=c124d131-afb9-4343-ad4e-aaebde613043, raftlog=c124d131-afb9-4343-ad4e-aaebde613043@group-FF4202234884-SegmentedRaftLog:OPENED:c-1,f-1,i0, conf=-1: [999343e7-0330-4874-a345-91eca72585e0:192.168.34.56:44872, c124d131-afb9-4343-ad4e-aaebde613043:192.168.34.56:42116, e5bb327f-cdd7-4e49-919e-13a4c895fddf:192.168.34.56:36658], old=null
2019-10-18 13:01:47,428 [c124d131-afb9-4343-ad4e-aaebde613043@group-FF4202234884-LeaderElection243] INFO  impl.LeaderElection (LogUtils.java:infoOrTrace(149)) -   Exception 0: {}
java.util.concurrent.ExecutionException: org.apache.ratis.thirdparty.io.grpc.StatusRuntimeException: UNAVAILABLE: io exception
	at java.util.concurrent.FutureTask.report(FutureTask.java:122)
	at java.util.concurrent.FutureTask.get(FutureTask.java:192)
	at org.apache.ratis.server.impl.LeaderElection.waitForResults(LeaderElection.java:259)
	at org.apache.ratis.server.impl.LeaderElection.askForVotes(LeaderElection.java:197)
	at org.apache.ratis.server.impl.LeaderElection.run(LeaderElection.java:133)
	at java.lang.Thread.run(Thread.java:748)
Caused by: org.apache.ratis.thirdparty.io.grpc.StatusRuntimeException: UNAVAILABLE: io exception
	at org.apache.ratis.thirdparty.io.grpc.stub.ClientCalls.toStatusRuntimeException(ClientCalls.java:233)
	at org.apache.ratis.thirdparty.io.grpc.stub.ClientCalls.getUnchecked(ClientCalls.java:214)
	at org.apache.ratis.thirdparty.io.grpc.stub.ClientCalls.blockingUnaryCall(ClientCalls.java:139)
	at org.apache.ratis.proto.grpc.RaftServerProtocolServiceGrpc$RaftServerProtocolServiceBlockingStub.requestVote(RaftServerProtocolServiceGrpc.java:265)
	at org.apache.ratis.grpc.server.GrpcServerProtocolClient.requestVote(GrpcServerProtocolClient.java:99)
	at org.apache.ratis.grpc.server.GrpcService.requestVote(GrpcService.java:204)
	at org.apache.ratis.server.impl.LeaderElection.lambda$submitRequests$1(LeaderElection.java:234)
	at java.util.concurrent.FutureTask.run(FutureTask.java:266)
	at java.util.concurrent.Executors$RunnableAdapter.call(Executors.java:511)
	at java.util.concurrent.FutureTask.run(FutureTask.java:266)
	at java.util.concurrent.ThreadPoolExecutor.runWorker(ThreadPoolExecutor.java:1149)
	at java.util.concurrent.ThreadPoolExecutor$Worker.run(ThreadPoolExecutor.java:624)
	... 1 more
Caused by: org.apache.ratis.thirdparty.io.netty.channel.AbstractChannel$AnnotatedConnectException: Connection refused: /192.168.34.56:36658
	at sun.nio.ch.SocketChannelImpl.checkConnect(Native Method)
	at sun.nio.ch.SocketChannelImpl.finishConnect(SocketChannelImpl.java:717)
	at org.apache.ratis.thirdparty.io.netty.channel.socket.nio.NioSocketChannel.doFinishConnect(NioSocketChannel.java:327)
	at org.apache.ratis.thirdparty.io.netty.channel.nio.AbstractNioChannel$AbstractNioUnsafe.finishConnect(AbstractNioChannel.java:340)
	at org.apache.ratis.thirdparty.io.netty.channel.nio.NioEventLoop.processSelectedKey(NioEventLoop.java:632)
	at org.apache.ratis.thirdparty.io.netty.channel.nio.NioEventLoop.processSelectedKeysOptimized(NioEventLoop.java:579)
	at org.apache.ratis.thirdparty.io.netty.channel.nio.NioEventLoop.processSelectedKeys(NioEventLoop.java:496)
	at org.apache.ratis.thirdparty.io.netty.channel.nio.NioEventLoop.run(NioEventLoop.java:458)
	at org.apache.ratis.thirdparty.io.netty.util.concurrent.SingleThreadEventExecutor$5.run(SingleThreadEventExecutor.java:897)
	at org.apache.ratis.thirdparty.io.netty.util.concurrent.FastThreadLocalRunnable.run(FastThreadLocalRunnable.java:30)
	... 1 more
Caused by: java.net.ConnectException: Connection refused
	... 11 more
2019-10-18 13:01:47,429 [c124d131-afb9-4343-ad4e-aaebde613043@group-FF4202234884-LeaderElection243] INFO  impl.LeaderElection (LogUtils.java:infoOrTrace(149)) -   Exception 1: {}
java.util.concurrent.ExecutionException: org.apache.ratis.thirdparty.io.grpc.StatusRuntimeException: UNAVAILABLE: io exception
	at java.util.concurrent.FutureTask.report(FutureTask.java:122)
	at java.util.concurrent.FutureTask.get(FutureTask.java:192)
	at org.apache.ratis.server.impl.LeaderElection.waitForResults(LeaderElection.java:259)
	at org.apache.ratis.server.impl.LeaderElection.askForVotes(LeaderElection.java:197)
	at org.apache.ratis.server.impl.LeaderElection.run(LeaderElection.java:133)
	at java.lang.Thread.run(Thread.java:748)
Caused by: org.apache.ratis.thirdparty.io.grpc.StatusRuntimeException: UNAVAILABLE: io exception
	at org.apache.ratis.thirdparty.io.grpc.stub.ClientCalls.toStatusRuntimeException(ClientCalls.java:233)
	at org.apache.ratis.thirdparty.io.grpc.stub.ClientCalls.getUnchecked(ClientCalls.java:214)
	at org.apache.ratis.thirdparty.io.grpc.stub.ClientCalls.blockingUnaryCall(ClientCalls.java:139)
	at org.apache.ratis.proto.grpc.RaftServerProtocolServiceGrpc$RaftServerProtocolServiceBlockingStub.requestVote(RaftServerProtocolServiceGrpc.java:265)
	at org.apache.ratis.grpc.server.GrpcServerProtocolClient.requestVote(GrpcServerProtocolClient.java:99)
	at org.apache.ratis.grpc.server.GrpcService.requestVote(GrpcService.java:204)
	at org.apache.ratis.server.impl.LeaderElection.lambda$submitRequests$1(LeaderElection.java:234)
	at java.util.concurrent.FutureTask.run(FutureTask.java:266)
	at java.util.concurrent.Executors$RunnableAdapter.call(Executors.java:511)
	at java.util.concurrent.FutureTask.run(FutureTask.java:266)
	at java.util.concurrent.ThreadPoolExecutor.runWorker(ThreadPoolExecutor.java:1149)
	at java.util.concurrent.ThreadPoolExecutor$Worker.run(ThreadPoolExecutor.java:624)
	... 1 more
Caused by: org.apache.ratis.thirdparty.io.netty.channel.AbstractChannel$AnnotatedConnectException: Connection refused: /192.168.34.56:44872
	at sun.nio.ch.SocketChannelImpl.checkConnect(Native Method)
	at sun.nio.ch.SocketChannelImpl.finishConnect(SocketChannelImpl.java:717)
	at org.apache.ratis.thirdparty.io.netty.channel.socket.nio.NioSocketChannel.doFinishConnect(NioSocketChannel.java:327)
	at org.apache.ratis.thirdparty.io.netty.channel.nio.AbstractNioChannel$AbstractNioUnsafe.finishConnect(AbstractNioChannel.java:340)
	at org.apache.ratis.thirdparty.io.netty.channel.nio.NioEventLoop.processSelectedKey(NioEventLoop.java:632)
	at org.apache.ratis.thirdparty.io.netty.channel.nio.NioEventLoop.processSelectedKeysOptimized(NioEventLoop.java:579)
	at org.apache.ratis.thirdparty.io.netty.channel.nio.NioEventLoop.processSelectedKeys(NioEventLoop.java:496)
	at org.apache.ratis.thirdparty.io.netty.channel.nio.NioEventLoop.run(NioEventLoop.java:458)
	at org.apache.ratis.thirdparty.io.netty.util.concurrent.SingleThreadEventExecutor$5.run(SingleThreadEventExecutor.java:897)
	at org.apache.ratis.thirdparty.io.netty.util.concurrent.FastThreadLocalRunnable.run(FastThreadLocalRunnable.java:30)
	... 1 more
Caused by: java.net.ConnectException: Connection refused
	... 11 more
2019-10-18 13:01:47,429 [grpc-default-executor-0] INFO  impl.RaftServerImpl (RaftServerImpl.java:setRole(184)) - 893cf03e-f2cf-478a-892a-a746717e50e3@group-187684C21557: changes role from  FOLLOWER to FOLLOWER at term 137 for recognizeCandidate:018b3f78-d19f-4e26-a796-cb8ddc4f97cf
2019-10-18 13:01:47,430 [grpc-default-executor-0] INFO  impl.RoleInfo (RoleInfo.java:shutdownFollowerState(121)) - 893cf03e-f2cf-478a-892a-a746717e50e3: shutdown FollowerState
2019-10-18 13:01:47,429 [grpc-default-executor-5] INFO  impl.RaftServerImpl (RaftServerImpl.java:setRole(184)) - 8697df36-98d2-41b1-bdc7-60597b3b5526@group-187684C21557: changes role from  FOLLOWER to FOLLOWER at term 137 for recognizeCandidate:018b3f78-d19f-4e26-a796-cb8ddc4f97cf
2019-10-18 13:01:47,430 [Thread-2189] INFO  impl.FollowerState (FollowerState.java:run(117)) - 893cf03e-f2cf-478a-892a-a746717e50e3@group-187684C21557-FollowerState was interrupted: java.lang.InterruptedException: sleep interrupted
2019-10-18 13:01:47,430 [grpc-default-executor-0] INFO  impl.RoleInfo (RoleInfo.java:updateAndGet(143)) - 893cf03e-f2cf-478a-892a-a746717e50e3: start FollowerState
2019-10-18 13:01:47,429 [c124d131-afb9-4343-ad4e-aaebde613043@group-FF4202234884-LeaderElection243] INFO  impl.RaftServerImpl (RaftServerImpl.java:setRole(184)) - c124d131-afb9-4343-ad4e-aaebde613043@group-FF4202234884: changes role from CANDIDATE to FOLLOWER at term 133 for DISCOVERED_A_NEW_TERM
2019-10-18 13:01:47,430 [c124d131-afb9-4343-ad4e-aaebde613043@group-FF4202234884-LeaderElection243] INFO  impl.RoleInfo (RoleInfo.java:shutdownLeaderElection(134)) - c124d131-afb9-4343-ad4e-aaebde613043: shutdown LeaderElection
2019-10-18 13:01:47,430 [grpc-default-executor-5] INFO  impl.RoleInfo (RoleInfo.java:shutdownFollowerState(121)) - 8697df36-98d2-41b1-bdc7-60597b3b5526: shutdown FollowerState
2019-10-18 13:01:47,431 [c124d131-afb9-4343-ad4e-aaebde613043@group-FF4202234884-LeaderElection243] INFO  impl.RoleInfo (RoleInfo.java:updateAndGet(143)) - c124d131-afb9-4343-ad4e-aaebde613043: start FollowerState
2019-10-18 13:01:47,431 [Thread-2188] INFO  impl.FollowerState (FollowerState.java:run(117)) - 8697df36-98d2-41b1-bdc7-60597b3b5526@group-187684C21557-FollowerState was interrupted: java.lang.InterruptedException: sleep interrupted
2019-10-18 13:01:47,431 [grpc-default-executor-5] INFO  impl.RoleInfo (RoleInfo.java:updateAndGet(143)) - 8697df36-98d2-41b1-bdc7-60597b3b5526: start FollowerState
2019-10-18 13:01:47,455 [018b3f78-d19f-4e26-a796-cb8ddc4f97cf@group-187684C21557-LeaderElection244] INFO  impl.LeaderElection (LeaderElection.java:logAndReturn(56)) - 018b3f78-d19f-4e26-a796-cb8ddc4f97cf@group-187684C21557-LeaderElection244: Election REJECTED; received 2 response(s) [018b3f78-d19f-4e26-a796-cb8ddc4f97cf<-893cf03e-f2cf-478a-892a-a746717e50e3#0:FAIL-t137, 018b3f78-d19f-4e26-a796-cb8ddc4f97cf<-8697df36-98d2-41b1-bdc7-60597b3b5526#0:FAIL-t137] and 0 exception(s); 018b3f78-d19f-4e26-a796-cb8ddc4f97cf@group-187684C21557:t137, leader=null, voted=018b3f78-d19f-4e26-a796-cb8ddc4f97cf, raftlog=018b3f78-d19f-4e26-a796-cb8ddc4f97cf@group-187684C21557-SegmentedRaftLog:OPENED:c-1,f-1,i0, conf=-1: [893cf03e-f2cf-478a-892a-a746717e50e3:192.168.34.56:40750, 8697df36-98d2-41b1-bdc7-60597b3b5526:192.168.34.56:46415, 018b3f78-d19f-4e26-a796-cb8ddc4f97cf:192.168.34.56:35845], old=null
2019-10-18 13:01:47,455 [018b3f78-d19f-4e26-a796-cb8ddc4f97cf@group-187684C21557-LeaderElection244] INFO  impl.RaftServerImpl (RaftServerImpl.java:setRole(184)) - 018b3f78-d19f-4e26-a796-cb8ddc4f97cf@group-187684C21557: changes role from CANDIDATE to FOLLOWER at term 137 for DISCOVERED_A_NEW_TERM
2019-10-18 13:01:47,456 [018b3f78-d19f-4e26-a796-cb8ddc4f97cf@group-187684C21557-LeaderElection244] INFO  impl.RoleInfo (RoleInfo.java:shutdownLeaderElection(134)) - 018b3f78-d19f-4e26-a796-cb8ddc4f97cf: shutdown LeaderElection
2019-10-18 13:01:47,456 [018b3f78-d19f-4e26-a796-cb8ddc4f97cf@group-187684C21557-LeaderElection244] INFO  impl.RoleInfo (RoleInfo.java:updateAndGet(143)) - 018b3f78-d19f-4e26-a796-cb8ddc4f97cf: start FollowerState
2019-10-18 13:01:47,508 [Datanode State Machine Thread - 0] INFO  statemachine.DatanodeStateMachine (DatanodeStateMachine.java:lambda$startDaemon$0(350)) - Ozone container server started.
2019-10-18 13:01:47,550 [Thread-2200] INFO  impl.FollowerState (FollowerState.java:run(108)) - 018b3f78-d19f-4e26-a796-cb8ddc4f97cf@group-187684C21557-FollowerState: change to CANDIDATE, lastRpcTime:94ms, electionTimeout:94ms
2019-10-18 13:01:47,550 [Thread-2200] INFO  impl.RoleInfo (RoleInfo.java:shutdownFollowerState(121)) - 018b3f78-d19f-4e26-a796-cb8ddc4f97cf: shutdown FollowerState
2019-10-18 13:01:47,550 [Thread-2200] INFO  impl.RaftServerImpl (RaftServerImpl.java:setRole(184)) - 018b3f78-d19f-4e26-a796-cb8ddc4f97cf@group-187684C21557: changes role from  FOLLOWER to CANDIDATE at term 137 for changeToCandidate
2019-10-18 13:01:47,551 [Thread-2200] INFO  impl.RoleInfo (RoleInfo.java:updateAndGet(143)) - 018b3f78-d19f-4e26-a796-cb8ddc4f97cf: start LeaderElection
2019-10-18 13:01:47,583 [Thread-2198] INFO  impl.FollowerState (FollowerState.java:run(108)) - c124d131-afb9-4343-ad4e-aaebde613043@group-FF4202234884-FollowerState: change to CANDIDATE, lastRpcTime:152ms, electionTimeout:152ms
2019-10-18 13:01:47,583 [Thread-2198] INFO  impl.RoleInfo (RoleInfo.java:shutdownFollowerState(121)) - c124d131-afb9-4343-ad4e-aaebde613043: shutdown FollowerState
2019-10-18 13:01:47,584 [Thread-2198] INFO  impl.RaftServerImpl (RaftServerImpl.java:setRole(184)) - c124d131-afb9-4343-ad4e-aaebde613043@group-FF4202234884: changes role from  FOLLOWER to CANDIDATE at term 133 for changeToCandidate
2019-10-18 13:01:47,584 [Thread-2198] INFO  impl.RoleInfo (RoleInfo.java:updateAndGet(143)) - c124d131-afb9-4343-ad4e-aaebde613043: start LeaderElection
2019-10-18 13:01:47,619 [Datanode State Machine Thread - 0] INFO  statemachine.DatanodeStateMachine (DatanodeStateMachine.java:lambda$startDaemon$0(350)) - Ozone container server started.
2019-10-18 13:01:47,703 [018b3f78-d19f-4e26-a796-cb8ddc4f97cf@group-187684C21557-LeaderElection245] INFO  impl.LeaderElection (LeaderElection.java:askForVotes(178)) - 018b3f78-d19f-4e26-a796-cb8ddc4f97cf@group-187684C21557-LeaderElection245: begin an election at term 138 for -1: [893cf03e-f2cf-478a-892a-a746717e50e3:192.168.34.56:40750, 8697df36-98d2-41b1-bdc7-60597b3b5526:192.168.34.56:46415, 018b3f78-d19f-4e26-a796-cb8ddc4f97cf:192.168.34.56:35845], old=null
2019-10-18 13:01:47,706 [grpc-default-executor-5] INFO  impl.RaftServerImpl (RaftServerImpl.java:setRole(184)) - 893cf03e-f2cf-478a-892a-a746717e50e3@group-187684C21557: changes role from  FOLLOWER to FOLLOWER at term 138 for recognizeCandidate:018b3f78-d19f-4e26-a796-cb8ddc4f97cf
2019-10-18 13:01:47,706 [grpc-default-executor-5] INFO  impl.RoleInfo (RoleInfo.java:shutdownFollowerState(121)) - 893cf03e-f2cf-478a-892a-a746717e50e3: shutdown FollowerState
2019-10-18 13:01:47,706 [grpc-default-executor-0] INFO  impl.RaftServerImpl (RaftServerImpl.java:setRole(184)) - 8697df36-98d2-41b1-bdc7-60597b3b5526@group-187684C21557: changes role from  FOLLOWER to FOLLOWER at term 138 for recognizeCandidate:018b3f78-d19f-4e26-a796-cb8ddc4f97cf
2019-10-18 13:01:47,706 [Thread-2197] INFO  impl.FollowerState (FollowerState.java:run(117)) - 893cf03e-f2cf-478a-892a-a746717e50e3@group-187684C21557-FollowerState was interrupted: java.lang.InterruptedException: sleep interrupted
2019-10-18 13:01:47,706 [grpc-default-executor-5] INFO  impl.RoleInfo (RoleInfo.java:updateAndGet(143)) - 893cf03e-f2cf-478a-892a-a746717e50e3: start FollowerState
2019-10-18 13:01:47,706 [grpc-default-executor-0] INFO  impl.RoleInfo (RoleInfo.java:shutdownFollowerState(121)) - 8697df36-98d2-41b1-bdc7-60597b3b5526: shutdown FollowerState
2019-10-18 13:01:47,707 [grpc-default-executor-0] INFO  impl.RoleInfo (RoleInfo.java:updateAndGet(143)) - 8697df36-98d2-41b1-bdc7-60597b3b5526: start FollowerState
2019-10-18 13:01:47,707 [Thread-2199] INFO  impl.FollowerState (FollowerState.java:run(117)) - 8697df36-98d2-41b1-bdc7-60597b3b5526@group-187684C21557-FollowerState was interrupted: java.lang.InterruptedException: sleep interrupted
2019-10-18 13:01:47,788 [c124d131-afb9-4343-ad4e-aaebde613043@group-FF4202234884-LeaderElection246] INFO  impl.LeaderElection (LeaderElection.java:askForVotes(178)) - c124d131-afb9-4343-ad4e-aaebde613043@group-FF4202234884-LeaderElection246: begin an election at term 134 for -1: [999343e7-0330-4874-a345-91eca72585e0:192.168.34.56:44872, c124d131-afb9-4343-ad4e-aaebde613043:192.168.34.56:42116, e5bb327f-cdd7-4e49-919e-13a4c895fddf:192.168.34.56:36658], old=null
2019-10-18 13:01:47,789 [c124d131-afb9-4343-ad4e-aaebde613043@group-FF4202234884-LeaderElection246] INFO  impl.LeaderElection (LogUtils.java:infoOrTrace(149)) - c124d131-afb9-4343-ad4e-aaebde613043@group-FF4202234884-LeaderElection246 got exception when requesting votes: {}
java.util.concurrent.ExecutionException: org.apache.ratis.thirdparty.io.grpc.StatusRuntimeException: UNAVAILABLE: io exception
	at java.util.concurrent.FutureTask.report(FutureTask.java:122)
	at java.util.concurrent.FutureTask.get(FutureTask.java:192)
	at org.apache.ratis.server.impl.LeaderElection.waitForResults(LeaderElection.java:259)
	at org.apache.ratis.server.impl.LeaderElection.askForVotes(LeaderElection.java:197)
	at org.apache.ratis.server.impl.LeaderElection.run(LeaderElection.java:133)
	at java.lang.Thread.run(Thread.java:748)
Caused by: org.apache.ratis.thirdparty.io.grpc.StatusRuntimeException: UNAVAILABLE: io exception
	at org.apache.ratis.thirdparty.io.grpc.stub.ClientCalls.toStatusRuntimeException(ClientCalls.java:233)
	at org.apache.ratis.thirdparty.io.grpc.stub.ClientCalls.getUnchecked(ClientCalls.java:214)
	at org.apache.ratis.thirdparty.io.grpc.stub.ClientCalls.blockingUnaryCall(ClientCalls.java:139)
	at org.apache.ratis.proto.grpc.RaftServerProtocolServiceGrpc$RaftServerProtocolServiceBlockingStub.requestVote(RaftServerProtocolServiceGrpc.java:265)
	at org.apache.ratis.grpc.server.GrpcServerProtocolClient.requestVote(GrpcServerProtocolClient.java:99)
	at org.apache.ratis.grpc.server.GrpcService.requestVote(GrpcService.java:204)
	at org.apache.ratis.server.impl.LeaderElection.lambda$submitRequests$1(LeaderElection.java:234)
	at java.util.concurrent.FutureTask.run(FutureTask.java:266)
	at java.util.concurrent.Executors$RunnableAdapter.call(Executors.java:511)
	at java.util.concurrent.FutureTask.run(FutureTask.java:266)
	at java.util.concurrent.ThreadPoolExecutor.runWorker(ThreadPoolExecutor.java:1149)
	at java.util.concurrent.ThreadPoolExecutor$Worker.run(ThreadPoolExecutor.java:624)
	... 1 more
Caused by: org.apache.ratis.thirdparty.io.netty.channel.AbstractChannel$AnnotatedConnectException: Connection refused: /192.168.34.56:44872
	at sun.nio.ch.SocketChannelImpl.checkConnect(Native Method)
	at sun.nio.ch.SocketChannelImpl.finishConnect(SocketChannelImpl.java:717)
	at org.apache.ratis.thirdparty.io.netty.channel.socket.nio.NioSocketChannel.doFinishConnect(NioSocketChannel.java:327)
	at org.apache.ratis.thirdparty.io.netty.channel.nio.AbstractNioChannel$AbstractNioUnsafe.finishConnect(AbstractNioChannel.java:340)
	at org.apache.ratis.thirdparty.io.netty.channel.nio.NioEventLoop.processSelectedKey(NioEventLoop.java:632)
	at org.apache.ratis.thirdparty.io.netty.channel.nio.NioEventLoop.processSelectedKeysOptimized(NioEventLoop.java:579)
	at org.apache.ratis.thirdparty.io.netty.channel.nio.NioEventLoop.processSelectedKeys(NioEventLoop.java:496)
	at org.apache.ratis.thirdparty.io.netty.channel.nio.NioEventLoop.run(NioEventLoop.java:458)
	at org.apache.ratis.thirdparty.io.netty.util.concurrent.SingleThreadEventExecutor$5.run(SingleThreadEventExecutor.java:897)
	at org.apache.ratis.thirdparty.io.netty.util.concurrent.FastThreadLocalRunnable.run(FastThreadLocalRunnable.java:30)
	... 1 more
Caused by: java.net.ConnectException: Connection refused
	... 11 more
2019-10-18 13:01:47,792 [c124d131-afb9-4343-ad4e-aaebde613043@group-FF4202234884-LeaderElection246] INFO  impl.LeaderElection (LogUtils.java:infoOrTrace(149)) - c124d131-afb9-4343-ad4e-aaebde613043@group-FF4202234884-LeaderElection246 got exception when requesting votes: {}
java.util.concurrent.ExecutionException: org.apache.ratis.thirdparty.io.grpc.StatusRuntimeException: UNAVAILABLE: io exception
	at java.util.concurrent.FutureTask.report(FutureTask.java:122)
	at java.util.concurrent.FutureTask.get(FutureTask.java:192)
	at org.apache.ratis.server.impl.LeaderElection.waitForResults(LeaderElection.java:259)
	at org.apache.ratis.server.impl.LeaderElection.askForVotes(LeaderElection.java:197)
	at org.apache.ratis.server.impl.LeaderElection.run(LeaderElection.java:133)
	at java.lang.Thread.run(Thread.java:748)
Caused by: org.apache.ratis.thirdparty.io.grpc.StatusRuntimeException: UNAVAILABLE: io exception
	at org.apache.ratis.thirdparty.io.grpc.stub.ClientCalls.toStatusRuntimeException(ClientCalls.java:233)
	at org.apache.ratis.thirdparty.io.grpc.stub.ClientCalls.getUnchecked(ClientCalls.java:214)
	at org.apache.ratis.thirdparty.io.grpc.stub.ClientCalls.blockingUnaryCall(ClientCalls.java:139)
	at org.apache.ratis.proto.grpc.RaftServerProtocolServiceGrpc$RaftServerProtocolServiceBlockingStub.requestVote(RaftServerProtocolServiceGrpc.java:265)
	at org.apache.ratis.grpc.server.GrpcServerProtocolClient.requestVote(GrpcServerProtocolClient.java:99)
	at org.apache.ratis.grpc.server.GrpcService.requestVote(GrpcService.java:204)
	at org.apache.ratis.server.impl.LeaderElection.lambda$submitRequests$1(LeaderElection.java:234)
	at java.util.concurrent.FutureTask.run(FutureTask.java:266)
	at java.util.concurrent.Executors$RunnableAdapter.call(Executors.java:511)
	at java.util.concurrent.FutureTask.run(FutureTask.java:266)
	at java.util.concurrent.ThreadPoolExecutor.runWorker(ThreadPoolExecutor.java:1149)
	at java.util.concurrent.ThreadPoolExecutor$Worker.run(ThreadPoolExecutor.java:624)
	... 1 more
Caused by: org.apache.ratis.thirdparty.io.netty.channel.AbstractChannel$AnnotatedConnectException: Connection refused: /192.168.34.56:36658
	at sun.nio.ch.SocketChannelImpl.checkConnect(Native Method)
	at sun.nio.ch.SocketChannelImpl.finishConnect(SocketChannelImpl.java:717)
	at org.apache.ratis.thirdparty.io.netty.channel.socket.nio.NioSocketChannel.doFinishConnect(NioSocketChannel.java:327)
	at org.apache.ratis.thirdparty.io.netty.channel.nio.AbstractNioChannel$AbstractNioUnsafe.finishConnect(AbstractNioChannel.java:340)
	at org.apache.ratis.thirdparty.io.netty.channel.nio.NioEventLoop.processSelectedKey(NioEventLoop.java:632)
	at org.apache.ratis.thirdparty.io.netty.channel.nio.NioEventLoop.processSelectedKeysOptimized(NioEventLoop.java:579)
	at org.apache.ratis.thirdparty.io.netty.channel.nio.NioEventLoop.processSelectedKeys(NioEventLoop.java:496)
	at org.apache.ratis.thirdparty.io.netty.channel.nio.NioEventLoop.run(NioEventLoop.java:458)
	at org.apache.ratis.thirdparty.io.netty.util.concurrent.SingleThreadEventExecutor$5.run(SingleThreadEventExecutor.java:897)
	at org.apache.ratis.thirdparty.io.netty.util.concurrent.FastThreadLocalRunnable.run(FastThreadLocalRunnable.java:30)
	... 1 more
Caused by: java.net.ConnectException: Connection refused
	... 11 more
2019-10-18 13:01:47,793 [c124d131-afb9-4343-ad4e-aaebde613043@group-FF4202234884-LeaderElection246] INFO  impl.LeaderElection (LeaderElection.java:logAndReturn(56)) - c124d131-afb9-4343-ad4e-aaebde613043@group-FF4202234884-LeaderElection246: Election REJECTED; received 0 response(s) [] and 2 exception(s); c124d131-afb9-4343-ad4e-aaebde613043@group-FF4202234884:t134, leader=null, voted=c124d131-afb9-4343-ad4e-aaebde613043, raftlog=c124d131-afb9-4343-ad4e-aaebde613043@group-FF4202234884-SegmentedRaftLog:OPENED:c-1,f-1,i0, conf=-1: [999343e7-0330-4874-a345-91eca72585e0:192.168.34.56:44872, c124d131-afb9-4343-ad4e-aaebde613043:192.168.34.56:42116, e5bb327f-cdd7-4e49-919e-13a4c895fddf:192.168.34.56:36658], old=null
2019-10-18 13:01:47,794 [018b3f78-d19f-4e26-a796-cb8ddc4f97cf@group-187684C21557-LeaderElection245] INFO  impl.LeaderElection (LeaderElection.java:logAndReturn(56)) - 018b3f78-d19f-4e26-a796-cb8ddc4f97cf@group-187684C21557-LeaderElection245: Election REJECTED; received 2 response(s) [018b3f78-d19f-4e26-a796-cb8ddc4f97cf<-893cf03e-f2cf-478a-892a-a746717e50e3#0:FAIL-t138, 018b3f78-d19f-4e26-a796-cb8ddc4f97cf<-8697df36-98d2-41b1-bdc7-60597b3b5526#0:FAIL-t138] and 0 exception(s); 018b3f78-d19f-4e26-a796-cb8ddc4f97cf@group-187684C21557:t138, leader=null, voted=018b3f78-d19f-4e26-a796-cb8ddc4f97cf, raftlog=018b3f78-d19f-4e26-a796-cb8ddc4f97cf@group-187684C21557-SegmentedRaftLog:OPENED:c-1,f-1,i0, conf=-1: [893cf03e-f2cf-478a-892a-a746717e50e3:192.168.34.56:40750, 8697df36-98d2-41b1-bdc7-60597b3b5526:192.168.34.56:46415, 018b3f78-d19f-4e26-a796-cb8ddc4f97cf:192.168.34.56:35845], old=null
2019-10-18 13:01:47,794 [c124d131-afb9-4343-ad4e-aaebde613043@group-FF4202234884-LeaderElection246] INFO  impl.LeaderElection (LogUtils.java:infoOrTrace(149)) -   Exception 0: {}
java.util.concurrent.ExecutionException: org.apache.ratis.thirdparty.io.grpc.StatusRuntimeException: UNAVAILABLE: io exception
	at java.util.concurrent.FutureTask.report(FutureTask.java:122)
	at java.util.concurrent.FutureTask.get(FutureTask.java:192)
	at org.apache.ratis.server.impl.LeaderElection.waitForResults(LeaderElection.java:259)
	at org.apache.ratis.server.impl.LeaderElection.askForVotes(LeaderElection.java:197)
	at org.apache.ratis.server.impl.LeaderElection.run(LeaderElection.java:133)
	at java.lang.Thread.run(Thread.java:748)
Caused by: org.apache.ratis.thirdparty.io.grpc.StatusRuntimeException: UNAVAILABLE: io exception
	at org.apache.ratis.thirdparty.io.grpc.stub.ClientCalls.toStatusRuntimeException(ClientCalls.java:233)
	at org.apache.ratis.thirdparty.io.grpc.stub.ClientCalls.getUnchecked(ClientCalls.java:214)
	at org.apache.ratis.thirdparty.io.grpc.stub.ClientCalls.blockingUnaryCall(ClientCalls.java:139)
	at org.apache.ratis.proto.grpc.RaftServerProtocolServiceGrpc$RaftServerProtocolServiceBlockingStub.requestVote(RaftServerProtocolServiceGrpc.java:265)
	at org.apache.ratis.grpc.server.GrpcServerProtocolClient.requestVote(GrpcServerProtocolClient.java:99)
	at org.apache.ratis.grpc.server.GrpcService.requestVote(GrpcService.java:204)
	at org.apache.ratis.server.impl.LeaderElection.lambda$submitRequests$1(LeaderElection.java:234)
	at java.util.concurrent.FutureTask.run(FutureTask.java:266)
	at java.util.concurrent.Executors$RunnableAdapter.call(Executors.java:511)
	at java.util.concurrent.FutureTask.run(FutureTask.java:266)
	at java.util.concurrent.ThreadPoolExecutor.runWorker(ThreadPoolExecutor.java:1149)
	at java.util.concurrent.ThreadPoolExecutor$Worker.run(ThreadPoolExecutor.java:624)
	... 1 more
Caused by: org.apache.ratis.thirdparty.io.netty.channel.AbstractChannel$AnnotatedConnectException: Connection refused: /192.168.34.56:44872
	at sun.nio.ch.SocketChannelImpl.checkConnect(Native Method)
	at sun.nio.ch.SocketChannelImpl.finishConnect(SocketChannelImpl.java:717)
	at org.apache.ratis.thirdparty.io.netty.channel.socket.nio.NioSocketChannel.doFinishConnect(NioSocketChannel.java:327)
	at org.apache.ratis.thirdparty.io.netty.channel.nio.AbstractNioChannel$AbstractNioUnsafe.finishConnect(AbstractNioChannel.java:340)
	at org.apache.ratis.thirdparty.io.netty.channel.nio.NioEventLoop.processSelectedKey(NioEventLoop.java:632)
	at org.apache.ratis.thirdparty.io.netty.channel.nio.NioEventLoop.processSelectedKeysOptimized(NioEventLoop.java:579)
	at org.apache.ratis.thirdparty.io.netty.channel.nio.NioEventLoop.processSelectedKeys(NioEventLoop.java:496)
	at org.apache.ratis.thirdparty.io.netty.channel.nio.NioEventLoop.run(NioEventLoop.java:458)
	at org.apache.ratis.thirdparty.io.netty.util.concurrent.SingleThreadEventExecutor$5.run(SingleThreadEventExecutor.java:897)
	at org.apache.ratis.thirdparty.io.netty.util.concurrent.FastThreadLocalRunnable.run(FastThreadLocalRunnable.java:30)
	... 1 more
Caused by: java.net.ConnectException: Connection refused
	... 11 more
2019-10-18 13:01:47,794 [c124d131-afb9-4343-ad4e-aaebde613043@group-FF4202234884-LeaderElection246] INFO  impl.LeaderElection (LogUtils.java:infoOrTrace(149)) -   Exception 1: {}
java.util.concurrent.ExecutionException: org.apache.ratis.thirdparty.io.grpc.StatusRuntimeException: UNAVAILABLE: io exception
	at java.util.concurrent.FutureTask.report(FutureTask.java:122)
	at java.util.concurrent.FutureTask.get(FutureTask.java:192)
	at org.apache.ratis.server.impl.LeaderElection.waitForResults(LeaderElection.java:259)
	at org.apache.ratis.server.impl.LeaderElection.askForVotes(LeaderElection.java:197)
	at org.apache.ratis.server.impl.LeaderElection.run(LeaderElection.java:133)
	at java.lang.Thread.run(Thread.java:748)
Caused by: org.apache.ratis.thirdparty.io.grpc.StatusRuntimeException: UNAVAILABLE: io exception
	at org.apache.ratis.thirdparty.io.grpc.stub.ClientCalls.toStatusRuntimeException(ClientCalls.java:233)
	at org.apache.ratis.thirdparty.io.grpc.stub.ClientCalls.getUnchecked(ClientCalls.java:214)
	at org.apache.ratis.thirdparty.io.grpc.stub.ClientCalls.blockingUnaryCall(ClientCalls.java:139)
	at org.apache.ratis.proto.grpc.RaftServerProtocolServiceGrpc$RaftServerProtocolServiceBlockingStub.requestVote(RaftServerProtocolServiceGrpc.java:265)
	at org.apache.ratis.grpc.server.GrpcServerProtocolClient.requestVote(GrpcServerProtocolClient.java:99)
	at org.apache.ratis.grpc.server.GrpcService.requestVote(GrpcService.java:204)
	at org.apache.ratis.server.impl.LeaderElection.lambda$submitRequests$1(LeaderElection.java:234)
	at java.util.concurrent.FutureTask.run(FutureTask.java:266)
	at java.util.concurrent.Executors$RunnableAdapter.call(Executors.java:511)
	at java.util.concurrent.FutureTask.run(FutureTask.java:266)
	at java.util.concurrent.ThreadPoolExecutor.runWorker(ThreadPoolExecutor.java:1149)
	at java.util.concurrent.ThreadPoolExecutor$Worker.run(ThreadPoolExecutor.java:624)
	... 1 more
Caused by: org.apache.ratis.thirdparty.io.netty.channel.AbstractChannel$AnnotatedConnectException: Connection refused: /192.168.34.56:36658
	at sun.nio.ch.SocketChannelImpl.checkConnect(Native Method)
	at sun.nio.ch.SocketChannelImpl.finishConnect(SocketChannelImpl.java:717)
	at org.apache.ratis.thirdparty.io.netty.channel.socket.nio.NioSocketChannel.doFinishConnect(NioSocketChannel.java:327)
	at org.apache.ratis.thirdparty.io.netty.channel.nio.AbstractNioChannel$AbstractNioUnsafe.finishConnect(AbstractNioChannel.java:340)
	at org.apache.ratis.thirdparty.io.netty.channel.nio.NioEventLoop.processSelectedKey(NioEventLoop.java:632)
	at org.apache.ratis.thirdparty.io.netty.channel.nio.NioEventLoop.processSelectedKeysOptimized(NioEventLoop.java:579)
	at org.apache.ratis.thirdparty.io.netty.channel.nio.NioEventLoop.processSelectedKeys(NioEventLoop.java:496)
	at org.apache.ratis.thirdparty.io.netty.channel.nio.NioEventLoop.run(NioEventLoop.java:458)
	at org.apache.ratis.thirdparty.io.netty.util.concurrent.SingleThreadEventExecutor$5.run(SingleThreadEventExecutor.java:897)
	at org.apache.ratis.thirdparty.io.netty.util.concurrent.FastThreadLocalRunnable.run(FastThreadLocalRunnable.java:30)
	... 1 more
Caused by: java.net.ConnectException: Connection refused
	... 11 more
2019-10-18 13:01:47,794 [018b3f78-d19f-4e26-a796-cb8ddc4f97cf@group-187684C21557-LeaderElection245] INFO  impl.RaftServerImpl (RaftServerImpl.java:setRole(184)) - 018b3f78-d19f-4e26-a796-cb8ddc4f97cf@group-187684C21557: changes role from CANDIDATE to FOLLOWER at term 138 for DISCOVERED_A_NEW_TERM
2019-10-18 13:01:47,795 [c124d131-afb9-4343-ad4e-aaebde613043@group-FF4202234884-LeaderElection246] INFO  impl.RaftServerImpl (RaftServerImpl.java:setRole(184)) - c124d131-afb9-4343-ad4e-aaebde613043@group-FF4202234884: changes role from CANDIDATE to FOLLOWER at term 134 for DISCOVERED_A_NEW_TERM
2019-10-18 13:01:47,795 [018b3f78-d19f-4e26-a796-cb8ddc4f97cf@group-187684C21557-LeaderElection245] INFO  impl.RoleInfo (RoleInfo.java:shutdownLeaderElection(134)) - 018b3f78-d19f-4e26-a796-cb8ddc4f97cf: shutdown LeaderElection
2019-10-18 13:01:47,795 [c124d131-afb9-4343-ad4e-aaebde613043@group-FF4202234884-LeaderElection246] INFO  impl.RoleInfo (RoleInfo.java:shutdownLeaderElection(134)) - c124d131-afb9-4343-ad4e-aaebde613043: shutdown LeaderElection
2019-10-18 13:01:47,795 [018b3f78-d19f-4e26-a796-cb8ddc4f97cf@group-187684C21557-LeaderElection245] INFO  impl.RoleInfo (RoleInfo.java:updateAndGet(143)) - 018b3f78-d19f-4e26-a796-cb8ddc4f97cf: start FollowerState
2019-10-18 13:01:47,795 [c124d131-afb9-4343-ad4e-aaebde613043@group-FF4202234884-LeaderElection246] INFO  impl.RoleInfo (RoleInfo.java:updateAndGet(143)) - c124d131-afb9-4343-ad4e-aaebde613043: start FollowerState
2019-10-18 13:01:47,895 [Thread-2211] INFO  impl.FollowerState (FollowerState.java:run(108)) - 018b3f78-d19f-4e26-a796-cb8ddc4f97cf@group-187684C21557-FollowerState: change to CANDIDATE, lastRpcTime:100ms, electionTimeout:100ms
2019-10-18 13:01:47,895 [Thread-2211] INFO  impl.RoleInfo (RoleInfo.java:shutdownFollowerState(121)) - 018b3f78-d19f-4e26-a796-cb8ddc4f97cf: shutdown FollowerState
2019-10-18 13:01:47,896 [Thread-2211] INFO  impl.RaftServerImpl (RaftServerImpl.java:setRole(184)) - 018b3f78-d19f-4e26-a796-cb8ddc4f97cf@group-187684C21557: changes role from  FOLLOWER to CANDIDATE at term 138 for changeToCandidate
2019-10-18 13:01:47,896 [Thread-2211] INFO  impl.RoleInfo (RoleInfo.java:updateAndGet(143)) - 018b3f78-d19f-4e26-a796-cb8ddc4f97cf: start LeaderElection
2019-10-18 13:01:47,931 [018b3f78-d19f-4e26-a796-cb8ddc4f97cf@group-187684C21557-LeaderElection247] INFO  impl.LeaderElection (LeaderElection.java:askForVotes(178)) - 018b3f78-d19f-4e26-a796-cb8ddc4f97cf@group-187684C21557-LeaderElection247: begin an election at term 139 for -1: [893cf03e-f2cf-478a-892a-a746717e50e3:192.168.34.56:40750, 8697df36-98d2-41b1-bdc7-60597b3b5526:192.168.34.56:46415, 018b3f78-d19f-4e26-a796-cb8ddc4f97cf:192.168.34.56:35845], old=null
2019-10-18 13:01:47,933 [grpc-default-executor-0] INFO  impl.RaftServerImpl (RaftServerImpl.java:setRole(184)) - 8697df36-98d2-41b1-bdc7-60597b3b5526@group-187684C21557: changes role from  FOLLOWER to FOLLOWER at term 139 for recognizeCandidate:018b3f78-d19f-4e26-a796-cb8ddc4f97cf
2019-10-18 13:01:47,933 [grpc-default-executor-5] INFO  impl.RaftServerImpl (RaftServerImpl.java:setRole(184)) - 893cf03e-f2cf-478a-892a-a746717e50e3@group-187684C21557: changes role from  FOLLOWER to FOLLOWER at term 139 for recognizeCandidate:018b3f78-d19f-4e26-a796-cb8ddc4f97cf
2019-10-18 13:01:47,933 [grpc-default-executor-0] INFO  impl.RoleInfo (RoleInfo.java:shutdownFollowerState(121)) - 8697df36-98d2-41b1-bdc7-60597b3b5526: shutdown FollowerState
2019-10-18 13:01:47,933 [grpc-default-executor-5] INFO  impl.RoleInfo (RoleInfo.java:shutdownFollowerState(121)) - 893cf03e-f2cf-478a-892a-a746717e50e3: shutdown FollowerState
2019-10-18 13:01:47,934 [grpc-default-executor-0] INFO  impl.RoleInfo (RoleInfo.java:updateAndGet(143)) - 8697df36-98d2-41b1-bdc7-60597b3b5526: start FollowerState
2019-10-18 13:01:47,934 [Thread-2208] INFO  impl.FollowerState (FollowerState.java:run(117)) - 8697df36-98d2-41b1-bdc7-60597b3b5526@group-187684C21557-FollowerState was interrupted: java.lang.InterruptedException: sleep interrupted
2019-10-18 13:01:47,934 [Thread-2207] INFO  impl.FollowerState (FollowerState.java:run(117)) - 893cf03e-f2cf-478a-892a-a746717e50e3@group-187684C21557-FollowerState was interrupted: java.lang.InterruptedException: sleep interrupted
2019-10-18 13:01:47,934 [grpc-default-executor-5] INFO  impl.RoleInfo (RoleInfo.java:updateAndGet(143)) - 893cf03e-f2cf-478a-892a-a746717e50e3: start FollowerState
2019-10-18 13:01:47,963 [018b3f78-d19f-4e26-a796-cb8ddc4f97cf@group-187684C21557-LeaderElection247] INFO  impl.LeaderElection (LeaderElection.java:logAndReturn(56)) - 018b3f78-d19f-4e26-a796-cb8ddc4f97cf@group-187684C21557-LeaderElection247: Election TIMEOUT; received 0 response(s) [] and 0 exception(s); 018b3f78-d19f-4e26-a796-cb8ddc4f97cf@group-187684C21557:t139, leader=null, voted=018b3f78-d19f-4e26-a796-cb8ddc4f97cf, raftlog=018b3f78-d19f-4e26-a796-cb8ddc4f97cf@group-187684C21557-SegmentedRaftLog:OPENED:c-1,f-1,i0, conf=-1: [893cf03e-f2cf-478a-892a-a746717e50e3:192.168.34.56:40750, 8697df36-98d2-41b1-bdc7-60597b3b5526:192.168.34.56:46415, 018b3f78-d19f-4e26-a796-cb8ddc4f97cf:192.168.34.56:35845], old=null
2019-10-18 13:01:47,985 [Thread-2212] INFO  impl.FollowerState (FollowerState.java:run(108)) - c124d131-afb9-4343-ad4e-aaebde613043@group-FF4202234884-FollowerState: change to CANDIDATE, lastRpcTime:190ms, electionTimeout:190ms
2019-10-18 13:01:47,986 [Thread-2212] INFO  impl.RoleInfo (RoleInfo.java:shutdownFollowerState(121)) - c124d131-afb9-4343-ad4e-aaebde613043: shutdown FollowerState
2019-10-18 13:01:47,986 [Thread-2212] INFO  impl.RaftServerImpl (RaftServerImpl.java:setRole(184)) - c124d131-afb9-4343-ad4e-aaebde613043@group-FF4202234884: changes role from  FOLLOWER to CANDIDATE at term 134 for changeToCandidate
2019-10-18 13:01:47,986 [Thread-2212] INFO  impl.RoleInfo (RoleInfo.java:updateAndGet(143)) - c124d131-afb9-4343-ad4e-aaebde613043: start LeaderElection
2019-10-18 13:01:48,058 [018b3f78-d19f-4e26-a796-cb8ddc4f97cf@group-187684C21557-LeaderElection247] INFO  impl.LeaderElection (LeaderElection.java:askForVotes(178)) - 018b3f78-d19f-4e26-a796-cb8ddc4f97cf@group-187684C21557-LeaderElection247: begin an election at term 140 for -1: [893cf03e-f2cf-478a-892a-a746717e50e3:192.168.34.56:40750, 8697df36-98d2-41b1-bdc7-60597b3b5526:192.168.34.56:46415, 018b3f78-d19f-4e26-a796-cb8ddc4f97cf:192.168.34.56:35845], old=null
2019-10-18 13:01:48,058 [c124d131-afb9-4343-ad4e-aaebde613043@group-FF4202234884-LeaderElection248] INFO  impl.LeaderElection (LeaderElection.java:askForVotes(178)) - c124d131-afb9-4343-ad4e-aaebde613043@group-FF4202234884-LeaderElection248: begin an election at term 135 for -1: [999343e7-0330-4874-a345-91eca72585e0:192.168.34.56:44872, c124d131-afb9-4343-ad4e-aaebde613043:192.168.34.56:42116, e5bb327f-cdd7-4e49-919e-13a4c895fddf:192.168.34.56:36658], old=null
2019-10-18 13:01:48,071 [c124d131-afb9-4343-ad4e-aaebde613043@group-FF4202234884-LeaderElection248] INFO  impl.LeaderElection (LogUtils.java:infoOrTrace(149)) - c124d131-afb9-4343-ad4e-aaebde613043@group-FF4202234884-LeaderElection248 got exception when requesting votes: {}
java.util.concurrent.ExecutionException: org.apache.ratis.thirdparty.io.grpc.StatusRuntimeException: UNAVAILABLE: io exception
	at java.util.concurrent.FutureTask.report(FutureTask.java:122)
	at java.util.concurrent.FutureTask.get(FutureTask.java:192)
	at org.apache.ratis.server.impl.LeaderElection.waitForResults(LeaderElection.java:259)
	at org.apache.ratis.server.impl.LeaderElection.askForVotes(LeaderElection.java:197)
	at org.apache.ratis.server.impl.LeaderElection.run(LeaderElection.java:133)
	at java.lang.Thread.run(Thread.java:748)
Caused by: org.apache.ratis.thirdparty.io.grpc.StatusRuntimeException: UNAVAILABLE: io exception
	at org.apache.ratis.thirdparty.io.grpc.stub.ClientCalls.toStatusRuntimeException(ClientCalls.java:233)
	at org.apache.ratis.thirdparty.io.grpc.stub.ClientCalls.getUnchecked(ClientCalls.java:214)
	at org.apache.ratis.thirdparty.io.grpc.stub.ClientCalls.blockingUnaryCall(ClientCalls.java:139)
	at org.apache.ratis.proto.grpc.RaftServerProtocolServiceGrpc$RaftServerProtocolServiceBlockingStub.requestVote(RaftServerProtocolServiceGrpc.java:265)
	at org.apache.ratis.grpc.server.GrpcServerProtocolClient.requestVote(GrpcServerProtocolClient.java:99)
	at org.apache.ratis.grpc.server.GrpcService.requestVote(GrpcService.java:204)
	at org.apache.ratis.server.impl.LeaderElection.lambda$submitRequests$1(LeaderElection.java:234)
	at java.util.concurrent.FutureTask.run(FutureTask.java:266)
	at java.util.concurrent.Executors$RunnableAdapter.call(Executors.java:511)
	at java.util.concurrent.FutureTask.run(FutureTask.java:266)
	at java.util.concurrent.ThreadPoolExecutor.runWorker(ThreadPoolExecutor.java:1149)
	at java.util.concurrent.ThreadPoolExecutor$Worker.run(ThreadPoolExecutor.java:624)
	... 1 more
Caused by: org.apache.ratis.thirdparty.io.netty.channel.AbstractChannel$AnnotatedConnectException: Connection refused: /192.168.34.56:36658
	at sun.nio.ch.SocketChannelImpl.checkConnect(Native Method)
	at sun.nio.ch.SocketChannelImpl.finishConnect(SocketChannelImpl.java:717)
	at org.apache.ratis.thirdparty.io.netty.channel.socket.nio.NioSocketChannel.doFinishConnect(NioSocketChannel.java:327)
	at org.apache.ratis.thirdparty.io.netty.channel.nio.AbstractNioChannel$AbstractNioUnsafe.finishConnect(AbstractNioChannel.java:340)
	at org.apache.ratis.thirdparty.io.netty.channel.nio.NioEventLoop.processSelectedKey(NioEventLoop.java:632)
	at org.apache.ratis.thirdparty.io.netty.channel.nio.NioEventLoop.processSelectedKeysOptimized(NioEventLoop.java:579)
	at org.apache.ratis.thirdparty.io.netty.channel.nio.NioEventLoop.processSelectedKeys(NioEventLoop.java:496)
	at org.apache.ratis.thirdparty.io.netty.channel.nio.NioEventLoop.run(NioEventLoop.java:458)
	at org.apache.ratis.thirdparty.io.netty.util.concurrent.SingleThreadEventExecutor$5.run(SingleThreadEventExecutor.java:897)
	at org.apache.ratis.thirdparty.io.netty.util.concurrent.FastThreadLocalRunnable.run(FastThreadLocalRunnable.java:30)
	... 1 more
Caused by: java.net.ConnectException: Connection refused
	... 11 more
2019-10-18 13:01:48,074 [c124d131-afb9-4343-ad4e-aaebde613043@group-FF4202234884-LeaderElection248] INFO  impl.LeaderElection (LogUtils.java:infoOrTrace(149)) - c124d131-afb9-4343-ad4e-aaebde613043@group-FF4202234884-LeaderElection248 got exception when requesting votes: {}
java.util.concurrent.ExecutionException: org.apache.ratis.thirdparty.io.grpc.StatusRuntimeException: UNAVAILABLE: io exception
	at java.util.concurrent.FutureTask.report(FutureTask.java:122)
	at java.util.concurrent.FutureTask.get(FutureTask.java:192)
	at org.apache.ratis.server.impl.LeaderElection.waitForResults(LeaderElection.java:259)
	at org.apache.ratis.server.impl.LeaderElection.askForVotes(LeaderElection.java:197)
	at org.apache.ratis.server.impl.LeaderElection.run(LeaderElection.java:133)
	at java.lang.Thread.run(Thread.java:748)
Caused by: org.apache.ratis.thirdparty.io.grpc.StatusRuntimeException: UNAVAILABLE: io exception
	at org.apache.ratis.thirdparty.io.grpc.stub.ClientCalls.toStatusRuntimeException(ClientCalls.java:233)
	at org.apache.ratis.thirdparty.io.grpc.stub.ClientCalls.getUnchecked(ClientCalls.java:214)
	at org.apache.ratis.thirdparty.io.grpc.stub.ClientCalls.blockingUnaryCall(ClientCalls.java:139)
	at org.apache.ratis.proto.grpc.RaftServerProtocolServiceGrpc$RaftServerProtocolServiceBlockingStub.requestVote(RaftServerProtocolServiceGrpc.java:265)
	at org.apache.ratis.grpc.server.GrpcServerProtocolClient.requestVote(GrpcServerProtocolClient.java:99)
	at org.apache.ratis.grpc.server.GrpcService.requestVote(GrpcService.java:204)
	at org.apache.ratis.server.impl.LeaderElection.lambda$submitRequests$1(LeaderElection.java:234)
	at java.util.concurrent.FutureTask.run(FutureTask.java:266)
	at java.util.concurrent.Executors$RunnableAdapter.call(Executors.java:511)
	at java.util.concurrent.FutureTask.run(FutureTask.java:266)
	at java.util.concurrent.ThreadPoolExecutor.runWorker(ThreadPoolExecutor.java:1149)
	at java.util.concurrent.ThreadPoolExecutor$Worker.run(ThreadPoolExecutor.java:624)
	... 1 more
Caused by: org.apache.ratis.thirdparty.io.netty.channel.AbstractChannel$AnnotatedConnectException: Connection refused: /192.168.34.56:44872
	at sun.nio.ch.SocketChannelImpl.checkConnect(Native Method)
	at sun.nio.ch.SocketChannelImpl.finishConnect(SocketChannelImpl.java:717)
	at org.apache.ratis.thirdparty.io.netty.channel.socket.nio.NioSocketChannel.doFinishConnect(NioSocketChannel.java:327)
	at org.apache.ratis.thirdparty.io.netty.channel.nio.AbstractNioChannel$AbstractNioUnsafe.finishConnect(AbstractNioChannel.java:340)
	at org.apache.ratis.thirdparty.io.netty.channel.nio.NioEventLoop.processSelectedKey(NioEventLoop.java:632)
	at org.apache.ratis.thirdparty.io.netty.channel.nio.NioEventLoop.processSelectedKeysOptimized(NioEventLoop.java:579)
	at org.apache.ratis.thirdparty.io.netty.channel.nio.NioEventLoop.processSelectedKeys(NioEventLoop.java:496)
	at org.apache.ratis.thirdparty.io.netty.channel.nio.NioEventLoop.run(NioEventLoop.java:458)
	at org.apache.ratis.thirdparty.io.netty.util.concurrent.SingleThreadEventExecutor$5.run(SingleThreadEventExecutor.java:897)
	at org.apache.ratis.thirdparty.io.netty.util.concurrent.FastThreadLocalRunnable.run(FastThreadLocalRunnable.java:30)
	... 1 more
Caused by: java.net.ConnectException: Connection refused
	... 11 more
2019-10-18 13:01:48,074 [grpc-default-executor-5] INFO  impl.RaftServerImpl (RaftServerImpl.java:setRole(184)) - 893cf03e-f2cf-478a-892a-a746717e50e3@group-187684C21557: changes role from  FOLLOWER to FOLLOWER at term 140 for recognizeCandidate:018b3f78-d19f-4e26-a796-cb8ddc4f97cf
2019-10-18 13:01:48,089 [grpc-default-executor-5] INFO  impl.RoleInfo (RoleInfo.java:shutdownFollowerState(121)) - 893cf03e-f2cf-478a-892a-a746717e50e3: shutdown FollowerState
2019-10-18 13:01:48,074 [grpc-default-executor-0] INFO  impl.RaftServerImpl (RaftServerImpl.java:setRole(184)) - 8697df36-98d2-41b1-bdc7-60597b3b5526@group-187684C21557: changes role from  FOLLOWER to FOLLOWER at term 140 for recognizeCandidate:018b3f78-d19f-4e26-a796-cb8ddc4f97cf
2019-10-18 13:01:48,089 [Thread-2217] INFO  impl.FollowerState (FollowerState.java:run(117)) - 893cf03e-f2cf-478a-892a-a746717e50e3@group-187684C21557-FollowerState was interrupted: java.lang.InterruptedException: sleep interrupted
2019-10-18 13:01:48,089 [grpc-default-executor-5] INFO  impl.RoleInfo (RoleInfo.java:updateAndGet(143)) - 893cf03e-f2cf-478a-892a-a746717e50e3: start FollowerState
2019-10-18 13:01:48,089 [c124d131-afb9-4343-ad4e-aaebde613043@group-FF4202234884-LeaderElection248] INFO  impl.LeaderElection (LeaderElection.java:logAndReturn(56)) - c124d131-afb9-4343-ad4e-aaebde613043@group-FF4202234884-LeaderElection248: Election REJECTED; received 0 response(s) [] and 2 exception(s); c124d131-afb9-4343-ad4e-aaebde613043@group-FF4202234884:t135, leader=null, voted=c124d131-afb9-4343-ad4e-aaebde613043, raftlog=c124d131-afb9-4343-ad4e-aaebde613043@group-FF4202234884-SegmentedRaftLog:OPENED:c-1,f-1,i0, conf=-1: [999343e7-0330-4874-a345-91eca72585e0:192.168.34.56:44872, c124d131-afb9-4343-ad4e-aaebde613043:192.168.34.56:42116, e5bb327f-cdd7-4e49-919e-13a4c895fddf:192.168.34.56:36658], old=null
2019-10-18 13:01:48,090 [c124d131-afb9-4343-ad4e-aaebde613043@group-FF4202234884-LeaderElection248] INFO  impl.LeaderElection (LogUtils.java:infoOrTrace(149)) -   Exception 0: {}
java.util.concurrent.ExecutionException: org.apache.ratis.thirdparty.io.grpc.StatusRuntimeException: UNAVAILABLE: io exception
	at java.util.concurrent.FutureTask.report(FutureTask.java:122)
	at java.util.concurrent.FutureTask.get(FutureTask.java:192)
	at org.apache.ratis.server.impl.LeaderElection.waitForResults(LeaderElection.java:259)
	at org.apache.ratis.server.impl.LeaderElection.askForVotes(LeaderElection.java:197)
	at org.apache.ratis.server.impl.LeaderElection.run(LeaderElection.java:133)
	at java.lang.Thread.run(Thread.java:748)
Caused by: org.apache.ratis.thirdparty.io.grpc.StatusRuntimeException: UNAVAILABLE: io exception
	at org.apache.ratis.thirdparty.io.grpc.stub.ClientCalls.toStatusRuntimeException(ClientCalls.java:233)
	at org.apache.ratis.thirdparty.io.grpc.stub.ClientCalls.getUnchecked(ClientCalls.java:214)
	at org.apache.ratis.thirdparty.io.grpc.stub.ClientCalls.blockingUnaryCall(ClientCalls.java:139)
	at org.apache.ratis.proto.grpc.RaftServerProtocolServiceGrpc$RaftServerProtocolServiceBlockingStub.requestVote(RaftServerProtocolServiceGrpc.java:265)
	at org.apache.ratis.grpc.server.GrpcServerProtocolClient.requestVote(GrpcServerProtocolClient.java:99)
	at org.apache.ratis.grpc.server.GrpcService.requestVote(GrpcService.java:204)
	at org.apache.ratis.server.impl.LeaderElection.lambda$submitRequests$1(LeaderElection.java:234)
	at java.util.concurrent.FutureTask.run(FutureTask.java:266)
	at java.util.concurrent.Executors$RunnableAdapter.call(Executors.java:511)
	at java.util.concurrent.FutureTask.run(FutureTask.java:266)
	at java.util.concurrent.ThreadPoolExecutor.runWorker(ThreadPoolExecutor.java:1149)
	at java.util.concurrent.ThreadPoolExecutor$Worker.run(ThreadPoolExecutor.java:624)
	... 1 more
Caused by: org.apache.ratis.thirdparty.io.netty.channel.AbstractChannel$AnnotatedConnectException: Connection refused: /192.168.34.56:36658
	at sun.nio.ch.SocketChannelImpl.checkConnect(Native Method)
	at sun.nio.ch.SocketChannelImpl.finishConnect(SocketChannelImpl.java:717)
	at org.apache.ratis.thirdparty.io.netty.channel.socket.nio.NioSocketChannel.doFinishConnect(NioSocketChannel.java:327)
	at org.apache.ratis.thirdparty.io.netty.channel.nio.AbstractNioChannel$AbstractNioUnsafe.finishConnect(AbstractNioChannel.java:340)
	at org.apache.ratis.thirdparty.io.netty.channel.nio.NioEventLoop.processSelectedKey(NioEventLoop.java:632)
	at org.apache.ratis.thirdparty.io.netty.channel.nio.NioEventLoop.processSelectedKeysOptimized(NioEventLoop.java:579)
	at org.apache.ratis.thirdparty.io.netty.channel.nio.NioEventLoop.processSelectedKeys(NioEventLoop.java:496)
	at org.apache.ratis.thirdparty.io.netty.channel.nio.NioEventLoop.run(NioEventLoop.java:458)
	at org.apache.ratis.thirdparty.io.netty.util.concurrent.SingleThreadEventExecutor$5.run(SingleThreadEventExecutor.java:897)
	at org.apache.ratis.thirdparty.io.netty.util.concurrent.FastThreadLocalRunnable.run(FastThreadLocalRunnable.java:30)
	... 1 more
Caused by: java.net.ConnectException: Connection refused
	... 11 more
2019-10-18 13:01:48,089 [grpc-default-executor-0] INFO  impl.RoleInfo (RoleInfo.java:shutdownFollowerState(121)) - 8697df36-98d2-41b1-bdc7-60597b3b5526: shutdown FollowerState
2019-10-18 13:01:48,090 [c124d131-afb9-4343-ad4e-aaebde613043@group-FF4202234884-LeaderElection248] INFO  impl.LeaderElection (LogUtils.java:infoOrTrace(149)) -   Exception 1: {}
java.util.concurrent.ExecutionException: org.apache.ratis.thirdparty.io.grpc.StatusRuntimeException: UNAVAILABLE: io exception
	at java.util.concurrent.FutureTask.report(FutureTask.java:122)
	at java.util.concurrent.FutureTask.get(FutureTask.java:192)
	at org.apache.ratis.server.impl.LeaderElection.waitForResults(LeaderElection.java:259)
	at org.apache.ratis.server.impl.LeaderElection.askForVotes(LeaderElection.java:197)
	at org.apache.ratis.server.impl.LeaderElection.run(LeaderElection.java:133)
	at java.lang.Thread.run(Thread.java:748)
Caused by: org.apache.ratis.thirdparty.io.grpc.StatusRuntimeException: UNAVAILABLE: io exception
	at org.apache.ratis.thirdparty.io.grpc.stub.ClientCalls.toStatusRuntimeException(ClientCalls.java:233)
	at org.apache.ratis.thirdparty.io.grpc.stub.ClientCalls.getUnchecked(ClientCalls.java:214)
	at org.apache.ratis.thirdparty.io.grpc.stub.ClientCalls.blockingUnaryCall(ClientCalls.java:139)
	at org.apache.ratis.proto.grpc.RaftServerProtocolServiceGrpc$RaftServerProtocolServiceBlockingStub.requestVote(RaftServerProtocolServiceGrpc.java:265)
	at org.apache.ratis.grpc.server.GrpcServerProtocolClient.requestVote(GrpcServerProtocolClient.java:99)
	at org.apache.ratis.grpc.server.GrpcService.requestVote(GrpcService.java:204)
	at org.apache.ratis.server.impl.LeaderElection.lambda$submitRequests$1(LeaderElection.java:234)
	at java.util.concurrent.FutureTask.run(FutureTask.java:266)
	at java.util.concurrent.Executors$RunnableAdapter.call(Executors.java:511)
	at java.util.concurrent.FutureTask.run(FutureTask.java:266)
	at java.util.concurrent.ThreadPoolExecutor.runWorker(ThreadPoolExecutor.java:1149)
	at java.util.concurrent.ThreadPoolExecutor$Worker.run(ThreadPoolExecutor.java:624)
	... 1 more
Caused by: org.apache.ratis.thirdparty.io.netty.channel.AbstractChannel$AnnotatedConnectException: Connection refused: /192.168.34.56:44872
	at sun.nio.ch.SocketChannelImpl.checkConnect(Native Method)
	at sun.nio.ch.SocketChannelImpl.finishConnect(SocketChannelImpl.java:717)
	at org.apache.ratis.thirdparty.io.netty.channel.socket.nio.NioSocketChannel.doFinishConnect(NioSocketChannel.java:327)
	at org.apache.ratis.thirdparty.io.netty.channel.nio.AbstractNioChannel$AbstractNioUnsafe.finishConnect(AbstractNioChannel.java:340)
	at org.apache.ratis.thirdparty.io.netty.channel.nio.NioEventLoop.processSelectedKey(NioEventLoop.java:632)
	at org.apache.ratis.thirdparty.io.netty.channel.nio.NioEventLoop.processSelectedKeysOptimized(NioEventLoop.java:579)
	at org.apache.ratis.thirdparty.io.netty.channel.nio.NioEventLoop.processSelectedKeys(NioEventLoop.java:496)
	at org.apache.ratis.thirdparty.io.netty.channel.nio.NioEventLoop.run(NioEventLoop.java:458)
	at org.apache.ratis.thirdparty.io.netty.util.concurrent.SingleThreadEventExecutor$5.run(SingleThreadEventExecutor.java:897)
	at org.apache.ratis.thirdparty.io.netty.util.concurrent.FastThreadLocalRunnable.run(FastThreadLocalRunnable.java:30)
	... 1 more
Caused by: java.net.ConnectException: Connection refused
	... 11 more
2019-10-18 13:01:48,103 [c124d131-afb9-4343-ad4e-aaebde613043@group-FF4202234884-LeaderElection248] INFO  impl.RaftServerImpl (RaftServerImpl.java:setRole(184)) - c124d131-afb9-4343-ad4e-aaebde613043@group-FF4202234884: changes role from CANDIDATE to FOLLOWER at term 135 for DISCOVERED_A_NEW_TERM
2019-10-18 13:01:48,103 [grpc-default-executor-0] INFO  impl.RoleInfo (RoleInfo.java:updateAndGet(143)) - 8697df36-98d2-41b1-bdc7-60597b3b5526: start FollowerState
2019-10-18 13:01:48,103 [Thread-2216] INFO  impl.FollowerState (FollowerState.java:run(117)) - 8697df36-98d2-41b1-bdc7-60597b3b5526@group-187684C21557-FollowerState was interrupted: java.lang.InterruptedException: sleep interrupted
2019-10-18 13:01:48,103 [c124d131-afb9-4343-ad4e-aaebde613043@group-FF4202234884-LeaderElection248] INFO  impl.RoleInfo (RoleInfo.java:shutdownLeaderElection(134)) - c124d131-afb9-4343-ad4e-aaebde613043: shutdown LeaderElection
2019-10-18 13:01:48,103 [c124d131-afb9-4343-ad4e-aaebde613043@group-FF4202234884-LeaderElection248] INFO  impl.RoleInfo (RoleInfo.java:updateAndGet(143)) - c124d131-afb9-4343-ad4e-aaebde613043: start FollowerState
2019-10-18 13:01:48,137 [Thread-2225] INFO  impl.FollowerState (FollowerState.java:run(108)) - c124d131-afb9-4343-ad4e-aaebde613043@group-FF4202234884-FollowerState: change to CANDIDATE, lastRpcTime:33ms, electionTimeout:33ms
2019-10-18 13:01:48,137 [Thread-2225] INFO  impl.RoleInfo (RoleInfo.java:shutdownFollowerState(121)) - c124d131-afb9-4343-ad4e-aaebde613043: shutdown FollowerState
2019-10-18 13:01:48,137 [Thread-2225] INFO  impl.RaftServerImpl (RaftServerImpl.java:setRole(184)) - c124d131-afb9-4343-ad4e-aaebde613043@group-FF4202234884: changes role from  FOLLOWER to CANDIDATE at term 135 for changeToCandidate
2019-10-18 13:01:48,143 [Thread-2225] INFO  impl.RoleInfo (RoleInfo.java:updateAndGet(143)) - c124d131-afb9-4343-ad4e-aaebde613043: start LeaderElection
2019-10-18 13:01:48,153 [018b3f78-d19f-4e26-a796-cb8ddc4f97cf@group-187684C21557-LeaderElection247] INFO  impl.LeaderElection (LeaderElection.java:logAndReturn(56)) - 018b3f78-d19f-4e26-a796-cb8ddc4f97cf@group-187684C21557-LeaderElection247: Election TIMEOUT; received 1 response(s) [018b3f78-d19f-4e26-a796-cb8ddc4f97cf<-893cf03e-f2cf-478a-892a-a746717e50e3#0:FAIL-t140] and 0 exception(s); 018b3f78-d19f-4e26-a796-cb8ddc4f97cf@group-187684C21557:t140, leader=null, voted=018b3f78-d19f-4e26-a796-cb8ddc4f97cf, raftlog=018b3f78-d19f-4e26-a796-cb8ddc4f97cf@group-187684C21557-SegmentedRaftLog:OPENED:c-1,f-1,i0, conf=-1: [893cf03e-f2cf-478a-892a-a746717e50e3:192.168.34.56:40750, 8697df36-98d2-41b1-bdc7-60597b3b5526:192.168.34.56:46415, 018b3f78-d19f-4e26-a796-cb8ddc4f97cf:192.168.34.56:35845], old=null
2019-10-18 13:01:48,184 [c124d131-afb9-4343-ad4e-aaebde613043@group-FF4202234884-LeaderElection249] INFO  impl.LeaderElection (LeaderElection.java:askForVotes(178)) - c124d131-afb9-4343-ad4e-aaebde613043@group-FF4202234884-LeaderElection249: begin an election at term 136 for -1: [999343e7-0330-4874-a345-91eca72585e0:192.168.34.56:44872, c124d131-afb9-4343-ad4e-aaebde613043:192.168.34.56:42116, e5bb327f-cdd7-4e49-919e-13a4c895fddf:192.168.34.56:36658], old=null
2019-10-18 13:01:48,185 [c124d131-afb9-4343-ad4e-aaebde613043@group-FF4202234884-LeaderElection249] INFO  impl.LeaderElection (LogUtils.java:infoOrTrace(149)) - c124d131-afb9-4343-ad4e-aaebde613043@group-FF4202234884-LeaderElection249 got exception when requesting votes: {}
java.util.concurrent.ExecutionException: org.apache.ratis.thirdparty.io.grpc.StatusRuntimeException: UNAVAILABLE: io exception
	at java.util.concurrent.FutureTask.report(FutureTask.java:122)
	at java.util.concurrent.FutureTask.get(FutureTask.java:192)
	at org.apache.ratis.server.impl.LeaderElection.waitForResults(LeaderElection.java:259)
	at org.apache.ratis.server.impl.LeaderElection.askForVotes(LeaderElection.java:197)
	at org.apache.ratis.server.impl.LeaderElection.run(LeaderElection.java:133)
	at java.lang.Thread.run(Thread.java:748)
Caused by: org.apache.ratis.thirdparty.io.grpc.StatusRuntimeException: UNAVAILABLE: io exception
	at org.apache.ratis.thirdparty.io.grpc.stub.ClientCalls.toStatusRuntimeException(ClientCalls.java:233)
	at org.apache.ratis.thirdparty.io.grpc.stub.ClientCalls.getUnchecked(ClientCalls.java:214)
	at org.apache.ratis.thirdparty.io.grpc.stub.ClientCalls.blockingUnaryCall(ClientCalls.java:139)
	at org.apache.ratis.proto.grpc.RaftServerProtocolServiceGrpc$RaftServerProtocolServiceBlockingStub.requestVote(RaftServerProtocolServiceGrpc.java:265)
	at org.apache.ratis.grpc.server.GrpcServerProtocolClient.requestVote(GrpcServerProtocolClient.java:99)
	at org.apache.ratis.grpc.server.GrpcService.requestVote(GrpcService.java:204)
	at org.apache.ratis.server.impl.LeaderElection.lambda$submitRequests$1(LeaderElection.java:234)
	at java.util.concurrent.FutureTask.run(FutureTask.java:266)
	at java.util.concurrent.Executors$RunnableAdapter.call(Executors.java:511)
	at java.util.concurrent.FutureTask.run(FutureTask.java:266)
	at java.util.concurrent.ThreadPoolExecutor.runWorker(ThreadPoolExecutor.java:1149)
	at java.util.concurrent.ThreadPoolExecutor$Worker.run(ThreadPoolExecutor.java:624)
	... 1 more
Caused by: org.apache.ratis.thirdparty.io.netty.channel.AbstractChannel$AnnotatedConnectException: Connection refused: /192.168.34.56:36658
	at sun.nio.ch.SocketChannelImpl.checkConnect(Native Method)
	at sun.nio.ch.SocketChannelImpl.finishConnect(SocketChannelImpl.java:717)
	at org.apache.ratis.thirdparty.io.netty.channel.socket.nio.NioSocketChannel.doFinishConnect(NioSocketChannel.java:327)
	at org.apache.ratis.thirdparty.io.netty.channel.nio.AbstractNioChannel$AbstractNioUnsafe.finishConnect(AbstractNioChannel.java:340)
	at org.apache.ratis.thirdparty.io.netty.channel.nio.NioEventLoop.processSelectedKey(NioEventLoop.java:632)
	at org.apache.ratis.thirdparty.io.netty.channel.nio.NioEventLoop.processSelectedKeysOptimized(NioEventLoop.java:579)
	at org.apache.ratis.thirdparty.io.netty.channel.nio.NioEventLoop.processSelectedKeys(NioEventLoop.java:496)
	at org.apache.ratis.thirdparty.io.netty.channel.nio.NioEventLoop.run(NioEventLoop.java:458)
	at org.apache.ratis.thirdparty.io.netty.util.concurrent.SingleThreadEventExecutor$5.run(SingleThreadEventExecutor.java:897)
	at org.apache.ratis.thirdparty.io.netty.util.concurrent.FastThreadLocalRunnable.run(FastThreadLocalRunnable.java:30)
	... 1 more
Caused by: java.net.ConnectException: Connection refused
	... 11 more
2019-10-18 13:01:48,187 [c124d131-afb9-4343-ad4e-aaebde613043@group-FF4202234884-LeaderElection249] INFO  impl.LeaderElection (LogUtils.java:infoOrTrace(149)) - c124d131-afb9-4343-ad4e-aaebde613043@group-FF4202234884-LeaderElection249 got exception when requesting votes: {}
java.util.concurrent.ExecutionException: org.apache.ratis.thirdparty.io.grpc.StatusRuntimeException: UNAVAILABLE: io exception
	at java.util.concurrent.FutureTask.report(FutureTask.java:122)
	at java.util.concurrent.FutureTask.get(FutureTask.java:192)
	at org.apache.ratis.server.impl.LeaderElection.waitForResults(LeaderElection.java:259)
	at org.apache.ratis.server.impl.LeaderElection.askForVotes(LeaderElection.java:197)
	at org.apache.ratis.server.impl.LeaderElection.run(LeaderElection.java:133)
	at java.lang.Thread.run(Thread.java:748)
Caused by: org.apache.ratis.thirdparty.io.grpc.StatusRuntimeException: UNAVAILABLE: io exception
	at org.apache.ratis.thirdparty.io.grpc.stub.ClientCalls.toStatusRuntimeException(ClientCalls.java:233)
	at org.apache.ratis.thirdparty.io.grpc.stub.ClientCalls.getUnchecked(ClientCalls.java:214)
	at org.apache.ratis.thirdparty.io.grpc.stub.ClientCalls.blockingUnaryCall(ClientCalls.java:139)
	at org.apache.ratis.proto.grpc.RaftServerProtocolServiceGrpc$RaftServerProtocolServiceBlockingStub.requestVote(RaftServerProtocolServiceGrpc.java:265)
	at org.apache.ratis.grpc.server.GrpcServerProtocolClient.requestVote(GrpcServerProtocolClient.java:99)
	at org.apache.ratis.grpc.server.GrpcService.requestVote(GrpcService.java:204)
	at org.apache.ratis.server.impl.LeaderElection.lambda$submitRequests$1(LeaderElection.java:234)
	at java.util.concurrent.FutureTask.run(FutureTask.java:266)
	at java.util.concurrent.Executors$RunnableAdapter.call(Executors.java:511)
	at java.util.concurrent.FutureTask.run(FutureTask.java:266)
	at java.util.concurrent.ThreadPoolExecutor.runWorker(ThreadPoolExecutor.java:1149)
	at java.util.concurrent.ThreadPoolExecutor$Worker.run(ThreadPoolExecutor.java:624)
	... 1 more
Caused by: org.apache.ratis.thirdparty.io.netty.channel.AbstractChannel$AnnotatedConnectException: Connection refused: /192.168.34.56:44872
	at sun.nio.ch.SocketChannelImpl.checkConnect(Native Method)
	at sun.nio.ch.SocketChannelImpl.finishConnect(SocketChannelImpl.java:717)
	at org.apache.ratis.thirdparty.io.netty.channel.socket.nio.NioSocketChannel.doFinishConnect(NioSocketChannel.java:327)
	at org.apache.ratis.thirdparty.io.netty.channel.nio.AbstractNioChannel$AbstractNioUnsafe.finishConnect(AbstractNioChannel.java:340)
	at org.apache.ratis.thirdparty.io.netty.channel.nio.NioEventLoop.processSelectedKey(NioEventLoop.java:632)
	at org.apache.ratis.thirdparty.io.netty.channel.nio.NioEventLoop.processSelectedKeysOptimized(NioEventLoop.java:579)
	at org.apache.ratis.thirdparty.io.netty.channel.nio.NioEventLoop.processSelectedKeys(NioEventLoop.java:496)
	at org.apache.ratis.thirdparty.io.netty.channel.nio.NioEventLoop.run(NioEventLoop.java:458)
	at org.apache.ratis.thirdparty.io.netty.util.concurrent.SingleThreadEventExecutor$5.run(SingleThreadEventExecutor.java:897)
	at org.apache.ratis.thirdparty.io.netty.util.concurrent.FastThreadLocalRunnable.run(FastThreadLocalRunnable.java:30)
	... 1 more
Caused by: java.net.ConnectException: Connection refused
	... 11 more
2019-10-18 13:01:48,188 [c124d131-afb9-4343-ad4e-aaebde613043@group-FF4202234884-LeaderElection249] INFO  impl.LeaderElection (LeaderElection.java:logAndReturn(56)) - c124d131-afb9-4343-ad4e-aaebde613043@group-FF4202234884-LeaderElection249: Election REJECTED; received 0 response(s) [] and 2 exception(s); c124d131-afb9-4343-ad4e-aaebde613043@group-FF4202234884:t136, leader=null, voted=c124d131-afb9-4343-ad4e-aaebde613043, raftlog=c124d131-afb9-4343-ad4e-aaebde613043@group-FF4202234884-SegmentedRaftLog:OPENED:c-1,f-1,i0, conf=-1: [999343e7-0330-4874-a345-91eca72585e0:192.168.34.56:44872, c124d131-afb9-4343-ad4e-aaebde613043:192.168.34.56:42116, e5bb327f-cdd7-4e49-919e-13a4c895fddf:192.168.34.56:36658], old=null
2019-10-18 13:01:48,188 [c124d131-afb9-4343-ad4e-aaebde613043@group-FF4202234884-LeaderElection249] INFO  impl.LeaderElection (LogUtils.java:infoOrTrace(149)) -   Exception 0: {}
java.util.concurrent.ExecutionException: org.apache.ratis.thirdparty.io.grpc.StatusRuntimeException: UNAVAILABLE: io exception
	at java.util.concurrent.FutureTask.report(FutureTask.java:122)
	at java.util.concurrent.FutureTask.get(FutureTask.java:192)
	at org.apache.ratis.server.impl.LeaderElection.waitForResults(LeaderElection.java:259)
	at org.apache.ratis.server.impl.LeaderElection.askForVotes(LeaderElection.java:197)
	at org.apache.ratis.server.impl.LeaderElection.run(LeaderElection.java:133)
	at java.lang.Thread.run(Thread.java:748)
Caused by: org.apache.ratis.thirdparty.io.grpc.StatusRuntimeException: UNAVAILABLE: io exception
	at org.apache.ratis.thirdparty.io.grpc.stub.ClientCalls.toStatusRuntimeException(ClientCalls.java:233)
	at org.apache.ratis.thirdparty.io.grpc.stub.ClientCalls.getUnchecked(ClientCalls.java:214)
	at org.apache.ratis.thirdparty.io.grpc.stub.ClientCalls.blockingUnaryCall(ClientCalls.java:139)
	at org.apache.ratis.proto.grpc.RaftServerProtocolServiceGrpc$RaftServerProtocolServiceBlockingStub.requestVote(RaftServerProtocolServiceGrpc.java:265)
	at org.apache.ratis.grpc.server.GrpcServerProtocolClient.requestVote(GrpcServerProtocolClient.java:99)
	at org.apache.ratis.grpc.server.GrpcService.requestVote(GrpcService.java:204)
	at org.apache.ratis.server.impl.LeaderElection.lambda$submitRequests$1(LeaderElection.java:234)
	at java.util.concurrent.FutureTask.run(FutureTask.java:266)
	at java.util.concurrent.Executors$RunnableAdapter.call(Executors.java:511)
	at java.util.concurrent.FutureTask.run(FutureTask.java:266)
	at java.util.concurrent.ThreadPoolExecutor.runWorker(ThreadPoolExecutor.java:1149)
	at java.util.concurrent.ThreadPoolExecutor$Worker.run(ThreadPoolExecutor.java:624)
	... 1 more
Caused by: org.apache.ratis.thirdparty.io.netty.channel.AbstractChannel$AnnotatedConnectException: Connection refused: /192.168.34.56:36658
	at sun.nio.ch.SocketChannelImpl.checkConnect(Native Method)
	at sun.nio.ch.SocketChannelImpl.finishConnect(SocketChannelImpl.java:717)
	at org.apache.ratis.thirdparty.io.netty.channel.socket.nio.NioSocketChannel.doFinishConnect(NioSocketChannel.java:327)
	at org.apache.ratis.thirdparty.io.netty.channel.nio.AbstractNioChannel$AbstractNioUnsafe.finishConnect(AbstractNioChannel.java:340)
	at org.apache.ratis.thirdparty.io.netty.channel.nio.NioEventLoop.processSelectedKey(NioEventLoop.java:632)
	at org.apache.ratis.thirdparty.io.netty.channel.nio.NioEventLoop.processSelectedKeysOptimized(NioEventLoop.java:579)
	at org.apache.ratis.thirdparty.io.netty.channel.nio.NioEventLoop.processSelectedKeys(NioEventLoop.java:496)
	at org.apache.ratis.thirdparty.io.netty.channel.nio.NioEventLoop.run(NioEventLoop.java:458)
	at org.apache.ratis.thirdparty.io.netty.util.concurrent.SingleThreadEventExecutor$5.run(SingleThreadEventExecutor.java:897)
	at org.apache.ratis.thirdparty.io.netty.util.concurrent.FastThreadLocalRunnable.run(FastThreadLocalRunnable.java:30)
	... 1 more
Caused by: java.net.ConnectException: Connection refused
	... 11 more
2019-10-18 13:01:48,189 [c124d131-afb9-4343-ad4e-aaebde613043@group-FF4202234884-LeaderElection249] INFO  impl.LeaderElection (LogUtils.java:infoOrTrace(149)) -   Exception 1: {}
java.util.concurrent.ExecutionException: org.apache.ratis.thirdparty.io.grpc.StatusRuntimeException: UNAVAILABLE: io exception
	at java.util.concurrent.FutureTask.report(FutureTask.java:122)
	at java.util.concurrent.FutureTask.get(FutureTask.java:192)
	at org.apache.ratis.server.impl.LeaderElection.waitForResults(LeaderElection.java:259)
	at org.apache.ratis.server.impl.LeaderElection.askForVotes(LeaderElection.java:197)
	at org.apache.ratis.server.impl.LeaderElection.run(LeaderElection.java:133)
	at java.lang.Thread.run(Thread.java:748)
Caused by: org.apache.ratis.thirdparty.io.grpc.StatusRuntimeException: UNAVAILABLE: io exception
	at org.apache.ratis.thirdparty.io.grpc.stub.ClientCalls.toStatusRuntimeException(ClientCalls.java:233)
	at org.apache.ratis.thirdparty.io.grpc.stub.ClientCalls.getUnchecked(ClientCalls.java:214)
	at org.apache.ratis.thirdparty.io.grpc.stub.ClientCalls.blockingUnaryCall(ClientCalls.java:139)
	at org.apache.ratis.proto.grpc.RaftServerProtocolServiceGrpc$RaftServerProtocolServiceBlockingStub.requestVote(RaftServerProtocolServiceGrpc.java:265)
	at org.apache.ratis.grpc.server.GrpcServerProtocolClient.requestVote(GrpcServerProtocolClient.java:99)
	at org.apache.ratis.grpc.server.GrpcService.requestVote(GrpcService.java:204)
	at org.apache.ratis.server.impl.LeaderElection.lambda$submitRequests$1(LeaderElection.java:234)
	at java.util.concurrent.FutureTask.run(FutureTask.java:266)
	at java.util.concurrent.Executors$RunnableAdapter.call(Executors.java:511)
	at java.util.concurrent.FutureTask.run(FutureTask.java:266)
	at java.util.concurrent.ThreadPoolExecutor.runWorker(ThreadPoolExecutor.java:1149)
	at java.util.concurrent.ThreadPoolExecutor$Worker.run(ThreadPoolExecutor.java:624)
	... 1 more
Caused by: org.apache.ratis.thirdparty.io.netty.channel.AbstractChannel$AnnotatedConnectException: Connection refused: /192.168.34.56:44872
	at sun.nio.ch.SocketChannelImpl.checkConnect(Native Method)
	at sun.nio.ch.SocketChannelImpl.finishConnect(SocketChannelImpl.java:717)
	at org.apache.ratis.thirdparty.io.netty.channel.socket.nio.NioSocketChannel.doFinishConnect(NioSocketChannel.java:327)
	at org.apache.ratis.thirdparty.io.netty.channel.nio.AbstractNioChannel$AbstractNioUnsafe.finishConnect(AbstractNioChannel.java:340)
	at org.apache.ratis.thirdparty.io.netty.channel.nio.NioEventLoop.processSelectedKey(NioEventLoop.java:632)
	at org.apache.ratis.thirdparty.io.netty.channel.nio.NioEventLoop.processSelectedKeysOptimized(NioEventLoop.java:579)
	at org.apache.ratis.thirdparty.io.netty.channel.nio.NioEventLoop.processSelectedKeys(NioEventLoop.java:496)
	at org.apache.ratis.thirdparty.io.netty.channel.nio.NioEventLoop.run(NioEventLoop.java:458)
	at org.apache.ratis.thirdparty.io.netty.util.concurrent.SingleThreadEventExecutor$5.run(SingleThreadEventExecutor.java:897)
	at org.apache.ratis.thirdparty.io.netty.util.concurrent.FastThreadLocalRunnable.run(FastThreadLocalRunnable.java:30)
	... 1 more
Caused by: java.net.ConnectException: Connection refused
	... 11 more
2019-10-18 13:01:48,189 [c124d131-afb9-4343-ad4e-aaebde613043@group-FF4202234884-LeaderElection249] INFO  impl.RaftServerImpl (RaftServerImpl.java:setRole(184)) - c124d131-afb9-4343-ad4e-aaebde613043@group-FF4202234884: changes role from CANDIDATE to FOLLOWER at term 136 for DISCOVERED_A_NEW_TERM
2019-10-18 13:01:48,189 [c124d131-afb9-4343-ad4e-aaebde613043@group-FF4202234884-LeaderElection249] INFO  impl.RoleInfo (RoleInfo.java:shutdownLeaderElection(134)) - c124d131-afb9-4343-ad4e-aaebde613043: shutdown LeaderElection
2019-10-18 13:01:48,189 [c124d131-afb9-4343-ad4e-aaebde613043@group-FF4202234884-LeaderElection249] INFO  impl.RoleInfo (RoleInfo.java:updateAndGet(143)) - c124d131-afb9-4343-ad4e-aaebde613043: start FollowerState
2019-10-18 13:01:48,213 [018b3f78-d19f-4e26-a796-cb8ddc4f97cf@group-187684C21557-LeaderElection247] INFO  impl.LeaderElection (LeaderElection.java:askForVotes(178)) - 018b3f78-d19f-4e26-a796-cb8ddc4f97cf@group-187684C21557-LeaderElection247: begin an election at term 141 for -1: [893cf03e-f2cf-478a-892a-a746717e50e3:192.168.34.56:40750, 8697df36-98d2-41b1-bdc7-60597b3b5526:192.168.34.56:46415, 018b3f78-d19f-4e26-a796-cb8ddc4f97cf:192.168.34.56:35845], old=null
2019-10-18 13:01:48,215 [grpc-default-executor-0] INFO  impl.RaftServerImpl (RaftServerImpl.java:setRole(184)) - 893cf03e-f2cf-478a-892a-a746717e50e3@group-187684C21557: changes role from  FOLLOWER to FOLLOWER at term 141 for recognizeCandidate:018b3f78-d19f-4e26-a796-cb8ddc4f97cf
2019-10-18 13:01:48,215 [grpc-default-executor-5] INFO  impl.RaftServerImpl (RaftServerImpl.java:setRole(184)) - 8697df36-98d2-41b1-bdc7-60597b3b5526@group-187684C21557: changes role from  FOLLOWER to FOLLOWER at term 141 for recognizeCandidate:018b3f78-d19f-4e26-a796-cb8ddc4f97cf
2019-10-18 13:01:48,215 [grpc-default-executor-0] INFO  impl.RoleInfo (RoleInfo.java:shutdownFollowerState(121)) - 893cf03e-f2cf-478a-892a-a746717e50e3: shutdown FollowerState
2019-10-18 13:01:48,215 [grpc-default-executor-5] INFO  impl.RoleInfo (RoleInfo.java:shutdownFollowerState(121)) - 8697df36-98d2-41b1-bdc7-60597b3b5526: shutdown FollowerState
2019-10-18 13:01:48,215 [Thread-2223] INFO  impl.FollowerState (FollowerState.java:run(117)) - 893cf03e-f2cf-478a-892a-a746717e50e3@group-187684C21557-FollowerState was interrupted: java.lang.InterruptedException: sleep interrupted
2019-10-18 13:01:48,215 [grpc-default-executor-0] INFO  impl.RoleInfo (RoleInfo.java:updateAndGet(143)) - 893cf03e-f2cf-478a-892a-a746717e50e3: start FollowerState
2019-10-18 13:01:48,215 [Thread-2224] INFO  impl.FollowerState (FollowerState.java:run(117)) - 8697df36-98d2-41b1-bdc7-60597b3b5526@group-187684C21557-FollowerState was interrupted: java.lang.InterruptedException: sleep interrupted
2019-10-18 13:01:48,215 [grpc-default-executor-5] INFO  impl.RoleInfo (RoleInfo.java:updateAndGet(143)) - 8697df36-98d2-41b1-bdc7-60597b3b5526: start FollowerState
2019-10-18 13:01:48,269 [018b3f78-d19f-4e26-a796-cb8ddc4f97cf@group-187684C21557-LeaderElection247] INFO  impl.LeaderElection (LeaderElection.java:logAndReturn(56)) - 018b3f78-d19f-4e26-a796-cb8ddc4f97cf@group-187684C21557-LeaderElection247: Election TIMEOUT; received 0 response(s) [] and 0 exception(s); 018b3f78-d19f-4e26-a796-cb8ddc4f97cf@group-187684C21557:t141, leader=null, voted=018b3f78-d19f-4e26-a796-cb8ddc4f97cf, raftlog=018b3f78-d19f-4e26-a796-cb8ddc4f97cf@group-187684C21557-SegmentedRaftLog:OPENED:c-1,f-1,i0, conf=-1: [893cf03e-f2cf-478a-892a-a746717e50e3:192.168.34.56:40750, 8697df36-98d2-41b1-bdc7-60597b3b5526:192.168.34.56:46415, 018b3f78-d19f-4e26-a796-cb8ddc4f97cf:192.168.34.56:35845], old=null
2019-10-18 13:01:48,311 [Thread-2230] INFO  impl.FollowerState (FollowerState.java:run(108)) - c124d131-afb9-4343-ad4e-aaebde613043@group-FF4202234884-FollowerState: change to CANDIDATE, lastRpcTime:122ms, electionTimeout:122ms
2019-10-18 13:01:48,312 [Thread-2230] INFO  impl.RoleInfo (RoleInfo.java:shutdownFollowerState(121)) - c124d131-afb9-4343-ad4e-aaebde613043: shutdown FollowerState
2019-10-18 13:01:48,312 [Thread-2230] INFO  impl.RaftServerImpl (RaftServerImpl.java:setRole(184)) - c124d131-afb9-4343-ad4e-aaebde613043@group-FF4202234884: changes role from  FOLLOWER to CANDIDATE at term 136 for changeToCandidate
2019-10-18 13:01:48,312 [Thread-2230] INFO  impl.RoleInfo (RoleInfo.java:updateAndGet(143)) - c124d131-afb9-4343-ad4e-aaebde613043: start LeaderElection
2019-10-18 13:01:48,372 [018b3f78-d19f-4e26-a796-cb8ddc4f97cf@group-187684C21557-LeaderElection247] INFO  impl.LeaderElection (LeaderElection.java:askForVotes(178)) - 018b3f78-d19f-4e26-a796-cb8ddc4f97cf@group-187684C21557-LeaderElection247: begin an election at term 142 for -1: [893cf03e-f2cf-478a-892a-a746717e50e3:192.168.34.56:40750, 8697df36-98d2-41b1-bdc7-60597b3b5526:192.168.34.56:46415, 018b3f78-d19f-4e26-a796-cb8ddc4f97cf:192.168.34.56:35845], old=null
2019-10-18 13:01:48,374 [grpc-default-executor-5] INFO  impl.RaftServerImpl (RaftServerImpl.java:setRole(184)) - 893cf03e-f2cf-478a-892a-a746717e50e3@group-187684C21557: changes role from  FOLLOWER to FOLLOWER at term 142 for recognizeCandidate:018b3f78-d19f-4e26-a796-cb8ddc4f97cf
2019-10-18 13:01:48,374 [grpc-default-executor-0] INFO  impl.RaftServerImpl (RaftServerImpl.java:setRole(184)) - 8697df36-98d2-41b1-bdc7-60597b3b5526@group-187684C21557: changes role from  FOLLOWER to FOLLOWER at term 142 for recognizeCandidate:018b3f78-d19f-4e26-a796-cb8ddc4f97cf
2019-10-18 13:01:48,374 [grpc-default-executor-5] INFO  impl.RoleInfo (RoleInfo.java:shutdownFollowerState(121)) - 893cf03e-f2cf-478a-892a-a746717e50e3: shutdown FollowerState
2019-10-18 13:01:48,374 [grpc-default-executor-0] INFO  impl.RoleInfo (RoleInfo.java:shutdownFollowerState(121)) - 8697df36-98d2-41b1-bdc7-60597b3b5526: shutdown FollowerState
2019-10-18 13:01:48,375 [Thread-2234] INFO  impl.FollowerState (FollowerState.java:run(117)) - 893cf03e-f2cf-478a-892a-a746717e50e3@group-187684C21557-FollowerState was interrupted: java.lang.InterruptedException: sleep interrupted
2019-10-18 13:01:48,375 [Thread-2235] INFO  impl.FollowerState (FollowerState.java:run(117)) - 8697df36-98d2-41b1-bdc7-60597b3b5526@group-187684C21557-FollowerState was interrupted: java.lang.InterruptedException: sleep interrupted
2019-10-18 13:01:48,375 [grpc-default-executor-5] INFO  impl.RoleInfo (RoleInfo.java:updateAndGet(143)) - 893cf03e-f2cf-478a-892a-a746717e50e3: start FollowerState
2019-10-18 13:01:48,375 [grpc-default-executor-0] INFO  impl.RoleInfo (RoleInfo.java:updateAndGet(143)) - 8697df36-98d2-41b1-bdc7-60597b3b5526: start FollowerState
2019-10-18 13:01:48,430 [c124d131-afb9-4343-ad4e-aaebde613043@group-FF4202234884-LeaderElection250] INFO  impl.LeaderElection (LeaderElection.java:askForVotes(178)) - c124d131-afb9-4343-ad4e-aaebde613043@group-FF4202234884-LeaderElection250: begin an election at term 137 for -1: [999343e7-0330-4874-a345-91eca72585e0:192.168.34.56:44872, c124d131-afb9-4343-ad4e-aaebde613043:192.168.34.56:42116, e5bb327f-cdd7-4e49-919e-13a4c895fddf:192.168.34.56:36658], old=null
2019-10-18 13:01:48,431 [c124d131-afb9-4343-ad4e-aaebde613043@group-FF4202234884-LeaderElection250] INFO  impl.LeaderElection (LogUtils.java:infoOrTrace(149)) - c124d131-afb9-4343-ad4e-aaebde613043@group-FF4202234884-LeaderElection250 got exception when requesting votes: {}
java.util.concurrent.ExecutionException: org.apache.ratis.thirdparty.io.grpc.StatusRuntimeException: UNAVAILABLE: io exception
	at java.util.concurrent.FutureTask.report(FutureTask.java:122)
	at java.util.concurrent.FutureTask.get(FutureTask.java:192)
	at org.apache.ratis.server.impl.LeaderElection.waitForResults(LeaderElection.java:259)
	at org.apache.ratis.server.impl.LeaderElection.askForVotes(LeaderElection.java:197)
	at org.apache.ratis.server.impl.LeaderElection.run(LeaderElection.java:133)
	at java.lang.Thread.run(Thread.java:748)
Caused by: org.apache.ratis.thirdparty.io.grpc.StatusRuntimeException: UNAVAILABLE: io exception
	at org.apache.ratis.thirdparty.io.grpc.stub.ClientCalls.toStatusRuntimeException(ClientCalls.java:233)
	at org.apache.ratis.thirdparty.io.grpc.stub.ClientCalls.getUnchecked(ClientCalls.java:214)
	at org.apache.ratis.thirdparty.io.grpc.stub.ClientCalls.blockingUnaryCall(ClientCalls.java:139)
	at org.apache.ratis.proto.grpc.RaftServerProtocolServiceGrpc$RaftServerProtocolServiceBlockingStub.requestVote(RaftServerProtocolServiceGrpc.java:265)
	at org.apache.ratis.grpc.server.GrpcServerProtocolClient.requestVote(GrpcServerProtocolClient.java:99)
	at org.apache.ratis.grpc.server.GrpcService.requestVote(GrpcService.java:204)
	at org.apache.ratis.server.impl.LeaderElection.lambda$submitRequests$1(LeaderElection.java:234)
	at java.util.concurrent.FutureTask.run(FutureTask.java:266)
	at java.util.concurrent.Executors$RunnableAdapter.call(Executors.java:511)
	at java.util.concurrent.FutureTask.run(FutureTask.java:266)
	at java.util.concurrent.ThreadPoolExecutor.runWorker(ThreadPoolExecutor.java:1149)
	at java.util.concurrent.ThreadPoolExecutor$Worker.run(ThreadPoolExecutor.java:624)
	... 1 more
Caused by: org.apache.ratis.thirdparty.io.netty.channel.AbstractChannel$AnnotatedConnectException: Connection refused: /192.168.34.56:44872
	at sun.nio.ch.SocketChannelImpl.checkConnect(Native Method)
	at sun.nio.ch.SocketChannelImpl.finishConnect(SocketChannelImpl.java:717)
	at org.apache.ratis.thirdparty.io.netty.channel.socket.nio.NioSocketChannel.doFinishConnect(NioSocketChannel.java:327)
	at org.apache.ratis.thirdparty.io.netty.channel.nio.AbstractNioChannel$AbstractNioUnsafe.finishConnect(AbstractNioChannel.java:340)
	at org.apache.ratis.thirdparty.io.netty.channel.nio.NioEventLoop.processSelectedKey(NioEventLoop.java:632)
	at org.apache.ratis.thirdparty.io.netty.channel.nio.NioEventLoop.processSelectedKeysOptimized(NioEventLoop.java:579)
	at org.apache.ratis.thirdparty.io.netty.channel.nio.NioEventLoop.processSelectedKeys(NioEventLoop.java:496)
	at org.apache.ratis.thirdparty.io.netty.channel.nio.NioEventLoop.run(NioEventLoop.java:458)
	at org.apache.ratis.thirdparty.io.netty.util.concurrent.SingleThreadEventExecutor$5.run(SingleThreadEventExecutor.java:897)
	at org.apache.ratis.thirdparty.io.netty.util.concurrent.FastThreadLocalRunnable.run(FastThreadLocalRunnable.java:30)
	... 1 more
Caused by: java.net.ConnectException: Connection refused
	... 11 more
2019-10-18 13:01:48,434 [c124d131-afb9-4343-ad4e-aaebde613043@group-FF4202234884-LeaderElection250] INFO  impl.LeaderElection (LogUtils.java:infoOrTrace(149)) - c124d131-afb9-4343-ad4e-aaebde613043@group-FF4202234884-LeaderElection250 got exception when requesting votes: {}
java.util.concurrent.ExecutionException: org.apache.ratis.thirdparty.io.grpc.StatusRuntimeException: UNAVAILABLE: io exception
	at java.util.concurrent.FutureTask.report(FutureTask.java:122)
	at java.util.concurrent.FutureTask.get(FutureTask.java:192)
	at org.apache.ratis.server.impl.LeaderElection.waitForResults(LeaderElection.java:259)
	at org.apache.ratis.server.impl.LeaderElection.askForVotes(LeaderElection.java:197)
	at org.apache.ratis.server.impl.LeaderElection.run(LeaderElection.java:133)
	at java.lang.Thread.run(Thread.java:748)
Caused by: org.apache.ratis.thirdparty.io.grpc.StatusRuntimeException: UNAVAILABLE: io exception
	at org.apache.ratis.thirdparty.io.grpc.stub.ClientCalls.toStatusRuntimeException(ClientCalls.java:233)
	at org.apache.ratis.thirdparty.io.grpc.stub.ClientCalls.getUnchecked(ClientCalls.java:214)
	at org.apache.ratis.thirdparty.io.grpc.stub.ClientCalls.blockingUnaryCall(ClientCalls.java:139)
	at org.apache.ratis.proto.grpc.RaftServerProtocolServiceGrpc$RaftServerProtocolServiceBlockingStub.requestVote(RaftServerProtocolServiceGrpc.java:265)
	at org.apache.ratis.grpc.server.GrpcServerProtocolClient.requestVote(GrpcServerProtocolClient.java:99)
	at org.apache.ratis.grpc.server.GrpcService.requestVote(GrpcService.java:204)
	at org.apache.ratis.server.impl.LeaderElection.lambda$submitRequests$1(LeaderElection.java:234)
	at java.util.concurrent.FutureTask.run(FutureTask.java:266)
	at java.util.concurrent.Executors$RunnableAdapter.call(Executors.java:511)
	at java.util.concurrent.FutureTask.run(FutureTask.java:266)
	at java.util.concurrent.ThreadPoolExecutor.runWorker(ThreadPoolExecutor.java:1149)
	at java.util.concurrent.ThreadPoolExecutor$Worker.run(ThreadPoolExecutor.java:624)
	... 1 more
Caused by: org.apache.ratis.thirdparty.io.netty.channel.AbstractChannel$AnnotatedConnectException: Connection refused: /192.168.34.56:36658
	at sun.nio.ch.SocketChannelImpl.checkConnect(Native Method)
	at sun.nio.ch.SocketChannelImpl.finishConnect(SocketChannelImpl.java:717)
	at org.apache.ratis.thirdparty.io.netty.channel.socket.nio.NioSocketChannel.doFinishConnect(NioSocketChannel.java:327)
	at org.apache.ratis.thirdparty.io.netty.channel.nio.AbstractNioChannel$AbstractNioUnsafe.finishConnect(AbstractNioChannel.java:340)
	at org.apache.ratis.thirdparty.io.netty.channel.nio.NioEventLoop.processSelectedKey(NioEventLoop.java:632)
	at org.apache.ratis.thirdparty.io.netty.channel.nio.NioEventLoop.processSelectedKeysOptimized(NioEventLoop.java:579)
	at org.apache.ratis.thirdparty.io.netty.channel.nio.NioEventLoop.processSelectedKeys(NioEventLoop.java:496)
	at org.apache.ratis.thirdparty.io.netty.channel.nio.NioEventLoop.run(NioEventLoop.java:458)
	at org.apache.ratis.thirdparty.io.netty.util.concurrent.SingleThreadEventExecutor$5.run(SingleThreadEventExecutor.java:897)
	at org.apache.ratis.thirdparty.io.netty.util.concurrent.FastThreadLocalRunnable.run(FastThreadLocalRunnable.java:30)
	... 1 more
Caused by: java.net.ConnectException: Connection refused
	... 11 more
2019-10-18 13:01:48,436 [018b3f78-d19f-4e26-a796-cb8ddc4f97cf@group-187684C21557-LeaderElection247] INFO  impl.LeaderElection (LeaderElection.java:logAndReturn(56)) - 018b3f78-d19f-4e26-a796-cb8ddc4f97cf@group-187684C21557-LeaderElection247: Election REJECTED; received 2 response(s) [018b3f78-d19f-4e26-a796-cb8ddc4f97cf<-893cf03e-f2cf-478a-892a-a746717e50e3#0:FAIL-t142, 018b3f78-d19f-4e26-a796-cb8ddc4f97cf<-8697df36-98d2-41b1-bdc7-60597b3b5526#0:FAIL-t142] and 0 exception(s); 018b3f78-d19f-4e26-a796-cb8ddc4f97cf@group-187684C21557:t142, leader=null, voted=018b3f78-d19f-4e26-a796-cb8ddc4f97cf, raftlog=018b3f78-d19f-4e26-a796-cb8ddc4f97cf@group-187684C21557-SegmentedRaftLog:OPENED:c-1,f-1,i0, conf=-1: [893cf03e-f2cf-478a-892a-a746717e50e3:192.168.34.56:40750, 8697df36-98d2-41b1-bdc7-60597b3b5526:192.168.34.56:46415, 018b3f78-d19f-4e26-a796-cb8ddc4f97cf:192.168.34.56:35845], old=null
2019-10-18 13:01:48,436 [c124d131-afb9-4343-ad4e-aaebde613043@group-FF4202234884-LeaderElection250] INFO  impl.LeaderElection (LeaderElection.java:logAndReturn(56)) - c124d131-afb9-4343-ad4e-aaebde613043@group-FF4202234884-LeaderElection250: Election REJECTED; received 0 response(s) [] and 2 exception(s); c124d131-afb9-4343-ad4e-aaebde613043@group-FF4202234884:t137, leader=null, voted=c124d131-afb9-4343-ad4e-aaebde613043, raftlog=c124d131-afb9-4343-ad4e-aaebde613043@group-FF4202234884-SegmentedRaftLog:OPENED:c-1,f-1,i0, conf=-1: [999343e7-0330-4874-a345-91eca72585e0:192.168.34.56:44872, c124d131-afb9-4343-ad4e-aaebde613043:192.168.34.56:42116, e5bb327f-cdd7-4e49-919e-13a4c895fddf:192.168.34.56:36658], old=null
2019-10-18 13:01:48,436 [018b3f78-d19f-4e26-a796-cb8ddc4f97cf@group-187684C21557-LeaderElection247] INFO  impl.RaftServerImpl (RaftServerImpl.java:setRole(184)) - 018b3f78-d19f-4e26-a796-cb8ddc4f97cf@group-187684C21557: changes role from CANDIDATE to FOLLOWER at term 142 for DISCOVERED_A_NEW_TERM
2019-10-18 13:01:48,436 [c124d131-afb9-4343-ad4e-aaebde613043@group-FF4202234884-LeaderElection250] INFO  impl.LeaderElection (LogUtils.java:infoOrTrace(149)) -   Exception 0: {}
java.util.concurrent.ExecutionException: org.apache.ratis.thirdparty.io.grpc.StatusRuntimeException: UNAVAILABLE: io exception
	at java.util.concurrent.FutureTask.report(FutureTask.java:122)
	at java.util.concurrent.FutureTask.get(FutureTask.java:192)
	at org.apache.ratis.server.impl.LeaderElection.waitForResults(LeaderElection.java:259)
	at org.apache.ratis.server.impl.LeaderElection.askForVotes(LeaderElection.java:197)
	at org.apache.ratis.server.impl.LeaderElection.run(LeaderElection.java:133)
	at java.lang.Thread.run(Thread.java:748)
Caused by: org.apache.ratis.thirdparty.io.grpc.StatusRuntimeException: UNAVAILABLE: io exception
	at org.apache.ratis.thirdparty.io.grpc.stub.ClientCalls.toStatusRuntimeException(ClientCalls.java:233)
	at org.apache.ratis.thirdparty.io.grpc.stub.ClientCalls.getUnchecked(ClientCalls.java:214)
	at org.apache.ratis.thirdparty.io.grpc.stub.ClientCalls.blockingUnaryCall(ClientCalls.java:139)
	at org.apache.ratis.proto.grpc.RaftServerProtocolServiceGrpc$RaftServerProtocolServiceBlockingStub.requestVote(RaftServerProtocolServiceGrpc.java:265)
	at org.apache.ratis.grpc.server.GrpcServerProtocolClient.requestVote(GrpcServerProtocolClient.java:99)
	at org.apache.ratis.grpc.server.GrpcService.requestVote(GrpcService.java:204)
	at org.apache.ratis.server.impl.LeaderElection.lambda$submitRequests$1(LeaderElection.java:234)
	at java.util.concurrent.FutureTask.run(FutureTask.java:266)
	at java.util.concurrent.Executors$RunnableAdapter.call(Executors.java:511)
	at java.util.concurrent.FutureTask.run(FutureTask.java:266)
	at java.util.concurrent.ThreadPoolExecutor.runWorker(ThreadPoolExecutor.java:1149)
	at java.util.concurrent.ThreadPoolExecutor$Worker.run(ThreadPoolExecutor.java:624)
	... 1 more
Caused by: org.apache.ratis.thirdparty.io.netty.channel.AbstractChannel$AnnotatedConnectException: Connection refused: /192.168.34.56:44872
	at sun.nio.ch.SocketChannelImpl.checkConnect(Native Method)
	at sun.nio.ch.SocketChannelImpl.finishConnect(SocketChannelImpl.java:717)
	at org.apache.ratis.thirdparty.io.netty.channel.socket.nio.NioSocketChannel.doFinishConnect(NioSocketChannel.java:327)
	at org.apache.ratis.thirdparty.io.netty.channel.nio.AbstractNioChannel$AbstractNioUnsafe.finishConnect(AbstractNioChannel.java:340)
	at org.apache.ratis.thirdparty.io.netty.channel.nio.NioEventLoop.processSelectedKey(NioEventLoop.java:632)
	at org.apache.ratis.thirdparty.io.netty.channel.nio.NioEventLoop.processSelectedKeysOptimized(NioEventLoop.java:579)
	at org.apache.ratis.thirdparty.io.netty.channel.nio.NioEventLoop.processSelectedKeys(NioEventLoop.java:496)
	at org.apache.ratis.thirdparty.io.netty.channel.nio.NioEventLoop.run(NioEventLoop.java:458)
	at org.apache.ratis.thirdparty.io.netty.util.concurrent.SingleThreadEventExecutor$5.run(SingleThreadEventExecutor.java:897)
	at org.apache.ratis.thirdparty.io.netty.util.concurrent.FastThreadLocalRunnable.run(FastThreadLocalRunnable.java:30)
	... 1 more
Caused by: java.net.ConnectException: Connection refused
	... 11 more
2019-10-18 13:01:48,437 [c124d131-afb9-4343-ad4e-aaebde613043@group-FF4202234884-LeaderElection250] INFO  impl.LeaderElection (LogUtils.java:infoOrTrace(149)) -   Exception 1: {}
java.util.concurrent.ExecutionException: org.apache.ratis.thirdparty.io.grpc.StatusRuntimeException: UNAVAILABLE: io exception
	at java.util.concurrent.FutureTask.report(FutureTask.java:122)
	at java.util.concurrent.FutureTask.get(FutureTask.java:192)
	at org.apache.ratis.server.impl.LeaderElection.waitForResults(LeaderElection.java:259)
	at org.apache.ratis.server.impl.LeaderElection.askForVotes(LeaderElection.java:197)
	at org.apache.ratis.server.impl.LeaderElection.run(LeaderElection.java:133)
	at java.lang.Thread.run(Thread.java:748)
Caused by: org.apache.ratis.thirdparty.io.grpc.StatusRuntimeException: UNAVAILABLE: io exception
	at org.apache.ratis.thirdparty.io.grpc.stub.ClientCalls.toStatusRuntimeException(ClientCalls.java:233)
	at org.apache.ratis.thirdparty.io.grpc.stub.ClientCalls.getUnchecked(ClientCalls.java:214)
	at org.apache.ratis.thirdparty.io.grpc.stub.ClientCalls.blockingUnaryCall(ClientCalls.java:139)
	at org.apache.ratis.proto.grpc.RaftServerProtocolServiceGrpc$RaftServerProtocolServiceBlockingStub.requestVote(RaftServerProtocolServiceGrpc.java:265)
	at org.apache.ratis.grpc.server.GrpcServerProtocolClient.requestVote(GrpcServerProtocolClient.java:99)
	at org.apache.ratis.grpc.server.GrpcService.requestVote(GrpcService.java:204)
	at org.apache.ratis.server.impl.LeaderElection.lambda$submitRequests$1(LeaderElection.java:234)
	at java.util.concurrent.FutureTask.run(FutureTask.java:266)
	at java.util.concurrent.Executors$RunnableAdapter.call(Executors.java:511)
	at java.util.concurrent.FutureTask.run(FutureTask.java:266)
	at java.util.concurrent.ThreadPoolExecutor.runWorker(ThreadPoolExecutor.java:1149)
	at java.util.concurrent.ThreadPoolExecutor$Worker.run(ThreadPoolExecutor.java:624)
	... 1 more
Caused by: org.apache.ratis.thirdparty.io.netty.channel.AbstractChannel$AnnotatedConnectException: Connection refused: /192.168.34.56:36658
	at sun.nio.ch.SocketChannelImpl.checkConnect(Native Method)
	at sun.nio.ch.SocketChannelImpl.finishConnect(SocketChannelImpl.java:717)
	at org.apache.ratis.thirdparty.io.netty.channel.socket.nio.NioSocketChannel.doFinishConnect(NioSocketChannel.java:327)
	at org.apache.ratis.thirdparty.io.netty.channel.nio.AbstractNioChannel$AbstractNioUnsafe.finishConnect(AbstractNioChannel.java:340)
	at org.apache.ratis.thirdparty.io.netty.channel.nio.NioEventLoop.processSelectedKey(NioEventLoop.java:632)
	at org.apache.ratis.thirdparty.io.netty.channel.nio.NioEventLoop.processSelectedKeysOptimized(NioEventLoop.java:579)
	at org.apache.ratis.thirdparty.io.netty.channel.nio.NioEventLoop.processSelectedKeys(NioEventLoop.java:496)
	at org.apache.ratis.thirdparty.io.netty.channel.nio.NioEventLoop.run(NioEventLoop.java:458)
	at org.apache.ratis.thirdparty.io.netty.util.concurrent.SingleThreadEventExecutor$5.run(SingleThreadEventExecutor.java:897)
	at org.apache.ratis.thirdparty.io.netty.util.concurrent.FastThreadLocalRunnable.run(FastThreadLocalRunnable.java:30)
	... 1 more
Caused by: java.net.ConnectException: Connection refused
	... 11 more
2019-10-18 13:01:48,436 [018b3f78-d19f-4e26-a796-cb8ddc4f97cf@group-187684C21557-LeaderElection247] INFO  impl.RoleInfo (RoleInfo.java:shutdownLeaderElection(134)) - 018b3f78-d19f-4e26-a796-cb8ddc4f97cf: shutdown LeaderElection
2019-10-18 13:01:48,437 [c124d131-afb9-4343-ad4e-aaebde613043@group-FF4202234884-LeaderElection250] INFO  impl.RaftServerImpl (RaftServerImpl.java:setRole(184)) - c124d131-afb9-4343-ad4e-aaebde613043@group-FF4202234884: changes role from CANDIDATE to FOLLOWER at term 137 for DISCOVERED_A_NEW_TERM
2019-10-18 13:01:48,437 [018b3f78-d19f-4e26-a796-cb8ddc4f97cf@group-187684C21557-LeaderElection247] INFO  impl.RoleInfo (RoleInfo.java:updateAndGet(143)) - 018b3f78-d19f-4e26-a796-cb8ddc4f97cf: start FollowerState
2019-10-18 13:01:48,437 [c124d131-afb9-4343-ad4e-aaebde613043@group-FF4202234884-LeaderElection250] INFO  impl.RoleInfo (RoleInfo.java:shutdownLeaderElection(134)) - c124d131-afb9-4343-ad4e-aaebde613043: shutdown LeaderElection
2019-10-18 13:01:48,437 [c124d131-afb9-4343-ad4e-aaebde613043@group-FF4202234884-LeaderElection250] INFO  impl.RoleInfo (RoleInfo.java:updateAndGet(143)) - c124d131-afb9-4343-ad4e-aaebde613043: start FollowerState
2019-10-18 13:01:48,600 [Thread-2244] INFO  impl.FollowerState (FollowerState.java:run(108)) - c124d131-afb9-4343-ad4e-aaebde613043@group-FF4202234884-FollowerState: change to CANDIDATE, lastRpcTime:162ms, electionTimeout:162ms
2019-10-18 13:01:48,600 [Thread-2244] INFO  impl.RoleInfo (RoleInfo.java:shutdownFollowerState(121)) - c124d131-afb9-4343-ad4e-aaebde613043: shutdown FollowerState
2019-10-18 13:01:48,600 [Thread-2244] INFO  impl.RaftServerImpl (RaftServerImpl.java:setRole(184)) - c124d131-afb9-4343-ad4e-aaebde613043@group-FF4202234884: changes role from  FOLLOWER to CANDIDATE at term 137 for changeToCandidate
2019-10-18 13:01:48,600 [Thread-2244] INFO  impl.RoleInfo (RoleInfo.java:updateAndGet(143)) - c124d131-afb9-4343-ad4e-aaebde613043: start LeaderElection
2019-10-18 13:01:48,605 [Thread-2243] INFO  impl.FollowerState (FollowerState.java:run(108)) - 018b3f78-d19f-4e26-a796-cb8ddc4f97cf@group-187684C21557-FollowerState: change to CANDIDATE, lastRpcTime:168ms, electionTimeout:168ms
2019-10-18 13:01:48,606 [Thread-2243] INFO  impl.RoleInfo (RoleInfo.java:shutdownFollowerState(121)) - 018b3f78-d19f-4e26-a796-cb8ddc4f97cf: shutdown FollowerState
2019-10-18 13:01:48,606 [Thread-2243] INFO  impl.RaftServerImpl (RaftServerImpl.java:setRole(184)) - 018b3f78-d19f-4e26-a796-cb8ddc4f97cf@group-187684C21557: changes role from  FOLLOWER to CANDIDATE at term 142 for changeToCandidate
2019-10-18 13:01:48,606 [Thread-2243] INFO  impl.RoleInfo (RoleInfo.java:updateAndGet(143)) - 018b3f78-d19f-4e26-a796-cb8ddc4f97cf: start LeaderElection
2019-10-18 13:01:48,646 [c124d131-afb9-4343-ad4e-aaebde613043@group-FF4202234884-LeaderElection251] INFO  impl.LeaderElection (LeaderElection.java:askForVotes(178)) - c124d131-afb9-4343-ad4e-aaebde613043@group-FF4202234884-LeaderElection251: begin an election at term 138 for -1: [999343e7-0330-4874-a345-91eca72585e0:192.168.34.56:44872, c124d131-afb9-4343-ad4e-aaebde613043:192.168.34.56:42116, e5bb327f-cdd7-4e49-919e-13a4c895fddf:192.168.34.56:36658], old=null
2019-10-18 13:01:48,646 [018b3f78-d19f-4e26-a796-cb8ddc4f97cf@group-187684C21557-LeaderElection252] INFO  impl.LeaderElection (LeaderElection.java:askForVotes(178)) - 018b3f78-d19f-4e26-a796-cb8ddc4f97cf@group-187684C21557-LeaderElection252: begin an election at term 143 for -1: [893cf03e-f2cf-478a-892a-a746717e50e3:192.168.34.56:40750, 8697df36-98d2-41b1-bdc7-60597b3b5526:192.168.34.56:46415, 018b3f78-d19f-4e26-a796-cb8ddc4f97cf:192.168.34.56:35845], old=null
2019-10-18 13:01:48,646 [c124d131-afb9-4343-ad4e-aaebde613043@group-FF4202234884-LeaderElection251] INFO  impl.LeaderElection (LogUtils.java:infoOrTrace(149)) - c124d131-afb9-4343-ad4e-aaebde613043@group-FF4202234884-LeaderElection251 got exception when requesting votes: {}
java.util.concurrent.ExecutionException: org.apache.ratis.thirdparty.io.grpc.StatusRuntimeException: UNAVAILABLE: io exception
	at java.util.concurrent.FutureTask.report(FutureTask.java:122)
	at java.util.concurrent.FutureTask.get(FutureTask.java:192)
	at org.apache.ratis.server.impl.LeaderElection.waitForResults(LeaderElection.java:259)
	at org.apache.ratis.server.impl.LeaderElection.askForVotes(LeaderElection.java:197)
	at org.apache.ratis.server.impl.LeaderElection.run(LeaderElection.java:133)
	at java.lang.Thread.run(Thread.java:748)
Caused by: org.apache.ratis.thirdparty.io.grpc.StatusRuntimeException: UNAVAILABLE: io exception
	at org.apache.ratis.thirdparty.io.grpc.stub.ClientCalls.toStatusRuntimeException(ClientCalls.java:233)
	at org.apache.ratis.thirdparty.io.grpc.stub.ClientCalls.getUnchecked(ClientCalls.java:214)
	at org.apache.ratis.thirdparty.io.grpc.stub.ClientCalls.blockingUnaryCall(ClientCalls.java:139)
	at org.apache.ratis.proto.grpc.RaftServerProtocolServiceGrpc$RaftServerProtocolServiceBlockingStub.requestVote(RaftServerProtocolServiceGrpc.java:265)
	at org.apache.ratis.grpc.server.GrpcServerProtocolClient.requestVote(GrpcServerProtocolClient.java:99)
	at org.apache.ratis.grpc.server.GrpcService.requestVote(GrpcService.java:204)
	at org.apache.ratis.server.impl.LeaderElection.lambda$submitRequests$1(LeaderElection.java:234)
	at java.util.concurrent.FutureTask.run(FutureTask.java:266)
	at java.util.concurrent.Executors$RunnableAdapter.call(Executors.java:511)
	at java.util.concurrent.FutureTask.run(FutureTask.java:266)
	at java.util.concurrent.ThreadPoolExecutor.runWorker(ThreadPoolExecutor.java:1149)
	at java.util.concurrent.ThreadPoolExecutor$Worker.run(ThreadPoolExecutor.java:624)
	... 1 more
Caused by: org.apache.ratis.thirdparty.io.netty.channel.AbstractChannel$AnnotatedConnectException: Connection refused: /192.168.34.56:36658
	at sun.nio.ch.SocketChannelImpl.checkConnect(Native Method)
	at sun.nio.ch.SocketChannelImpl.finishConnect(SocketChannelImpl.java:717)
	at org.apache.ratis.thirdparty.io.netty.channel.socket.nio.NioSocketChannel.doFinishConnect(NioSocketChannel.java:327)
	at org.apache.ratis.thirdparty.io.netty.channel.nio.AbstractNioChannel$AbstractNioUnsafe.finishConnect(AbstractNioChannel.java:340)
	at org.apache.ratis.thirdparty.io.netty.channel.nio.NioEventLoop.processSelectedKey(NioEventLoop.java:632)
	at org.apache.ratis.thirdparty.io.netty.channel.nio.NioEventLoop.processSelectedKeysOptimized(NioEventLoop.java:579)
	at org.apache.ratis.thirdparty.io.netty.channel.nio.NioEventLoop.processSelectedKeys(NioEventLoop.java:496)
	at org.apache.ratis.thirdparty.io.netty.channel.nio.NioEventLoop.run(NioEventLoop.java:458)
	at org.apache.ratis.thirdparty.io.netty.util.concurrent.SingleThreadEventExecutor$5.run(SingleThreadEventExecutor.java:897)
	at org.apache.ratis.thirdparty.io.netty.util.concurrent.FastThreadLocalRunnable.run(FastThreadLocalRunnable.java:30)
	... 1 more
Caused by: java.net.ConnectException: Connection refused
	... 11 more
2019-10-18 13:01:48,649 [c124d131-afb9-4343-ad4e-aaebde613043@group-FF4202234884-LeaderElection251] INFO  impl.LeaderElection (LogUtils.java:infoOrTrace(149)) - c124d131-afb9-4343-ad4e-aaebde613043@group-FF4202234884-LeaderElection251 got exception when requesting votes: {}
java.util.concurrent.ExecutionException: org.apache.ratis.thirdparty.io.grpc.StatusRuntimeException: UNAVAILABLE: io exception
	at java.util.concurrent.FutureTask.report(FutureTask.java:122)
	at java.util.concurrent.FutureTask.get(FutureTask.java:192)
	at org.apache.ratis.server.impl.LeaderElection.waitForResults(LeaderElection.java:259)
	at org.apache.ratis.server.impl.LeaderElection.askForVotes(LeaderElection.java:197)
	at org.apache.ratis.server.impl.LeaderElection.run(LeaderElection.java:133)
	at java.lang.Thread.run(Thread.java:748)
Caused by: org.apache.ratis.thirdparty.io.grpc.StatusRuntimeException: UNAVAILABLE: io exception
	at org.apache.ratis.thirdparty.io.grpc.stub.ClientCalls.toStatusRuntimeException(ClientCalls.java:233)
	at org.apache.ratis.thirdparty.io.grpc.stub.ClientCalls.getUnchecked(ClientCalls.java:214)
	at org.apache.ratis.thirdparty.io.grpc.stub.ClientCalls.blockingUnaryCall(ClientCalls.java:139)
	at org.apache.ratis.proto.grpc.RaftServerProtocolServiceGrpc$RaftServerProtocolServiceBlockingStub.requestVote(RaftServerProtocolServiceGrpc.java:265)
	at org.apache.ratis.grpc.server.GrpcServerProtocolClient.requestVote(GrpcServerProtocolClient.java:99)
	at org.apache.ratis.grpc.server.GrpcService.requestVote(GrpcService.java:204)
	at org.apache.ratis.server.impl.LeaderElection.lambda$submitRequests$1(LeaderElection.java:234)
	at java.util.concurrent.FutureTask.run(FutureTask.java:266)
	at java.util.concurrent.Executors$RunnableAdapter.call(Executors.java:511)
	at java.util.concurrent.FutureTask.run(FutureTask.java:266)
	at java.util.concurrent.ThreadPoolExecutor.runWorker(ThreadPoolExecutor.java:1149)
	at java.util.concurrent.ThreadPoolExecutor$Worker.run(ThreadPoolExecutor.java:624)
	... 1 more
Caused by: org.apache.ratis.thirdparty.io.netty.channel.AbstractChannel$AnnotatedConnectException: Connection refused: /192.168.34.56:44872
	at sun.nio.ch.SocketChannelImpl.checkConnect(Native Method)
	at sun.nio.ch.SocketChannelImpl.finishConnect(SocketChannelImpl.java:717)
	at org.apache.ratis.thirdparty.io.netty.channel.socket.nio.NioSocketChannel.doFinishConnect(NioSocketChannel.java:327)
	at org.apache.ratis.thirdparty.io.netty.channel.nio.AbstractNioChannel$AbstractNioUnsafe.finishConnect(AbstractNioChannel.java:340)
	at org.apache.ratis.thirdparty.io.netty.channel.nio.NioEventLoop.processSelectedKey(NioEventLoop.java:632)
	at org.apache.ratis.thirdparty.io.netty.channel.nio.NioEventLoop.processSelectedKeysOptimized(NioEventLoop.java:579)
	at org.apache.ratis.thirdparty.io.netty.channel.nio.NioEventLoop.processSelectedKeys(NioEventLoop.java:496)
	at org.apache.ratis.thirdparty.io.netty.channel.nio.NioEventLoop.run(NioEventLoop.java:458)
	at org.apache.ratis.thirdparty.io.netty.util.concurrent.SingleThreadEventExecutor$5.run(SingleThreadEventExecutor.java:897)
	at org.apache.ratis.thirdparty.io.netty.util.concurrent.FastThreadLocalRunnable.run(FastThreadLocalRunnable.java:30)
	... 1 more
Caused by: java.net.ConnectException: Connection refused
	... 11 more
2019-10-18 13:01:48,651 [c124d131-afb9-4343-ad4e-aaebde613043@group-FF4202234884-LeaderElection251] INFO  impl.LeaderElection (LeaderElection.java:logAndReturn(56)) - c124d131-afb9-4343-ad4e-aaebde613043@group-FF4202234884-LeaderElection251: Election REJECTED; received 0 response(s) [] and 2 exception(s); c124d131-afb9-4343-ad4e-aaebde613043@group-FF4202234884:t138, leader=null, voted=c124d131-afb9-4343-ad4e-aaebde613043, raftlog=c124d131-afb9-4343-ad4e-aaebde613043@group-FF4202234884-SegmentedRaftLog:OPENED:c-1,f-1,i0, conf=-1: [999343e7-0330-4874-a345-91eca72585e0:192.168.34.56:44872, c124d131-afb9-4343-ad4e-aaebde613043:192.168.34.56:42116, e5bb327f-cdd7-4e49-919e-13a4c895fddf:192.168.34.56:36658], old=null
2019-10-18 13:01:48,651 [grpc-default-executor-0] INFO  impl.RaftServerImpl (RaftServerImpl.java:setRole(184)) - 8697df36-98d2-41b1-bdc7-60597b3b5526@group-187684C21557: changes role from  FOLLOWER to FOLLOWER at term 143 for recognizeCandidate:018b3f78-d19f-4e26-a796-cb8ddc4f97cf
2019-10-18 13:01:48,651 [grpc-default-executor-5] INFO  impl.RaftServerImpl (RaftServerImpl.java:setRole(184)) - 893cf03e-f2cf-478a-892a-a746717e50e3@group-187684C21557: changes role from  FOLLOWER to FOLLOWER at term 143 for recognizeCandidate:018b3f78-d19f-4e26-a796-cb8ddc4f97cf
2019-10-18 13:01:48,651 [grpc-default-executor-0] INFO  impl.RoleInfo (RoleInfo.java:shutdownFollowerState(121)) - 8697df36-98d2-41b1-bdc7-60597b3b5526: shutdown FollowerState
2019-10-18 13:01:48,651 [c124d131-afb9-4343-ad4e-aaebde613043@group-FF4202234884-LeaderElection251] INFO  impl.LeaderElection (LogUtils.java:infoOrTrace(149)) -   Exception 0: {}
java.util.concurrent.ExecutionException: org.apache.ratis.thirdparty.io.grpc.StatusRuntimeException: UNAVAILABLE: io exception
	at java.util.concurrent.FutureTask.report(FutureTask.java:122)
	at java.util.concurrent.FutureTask.get(FutureTask.java:192)
	at org.apache.ratis.server.impl.LeaderElection.waitForResults(LeaderElection.java:259)
	at org.apache.ratis.server.impl.LeaderElection.askForVotes(LeaderElection.java:197)
	at org.apache.ratis.server.impl.LeaderElection.run(LeaderElection.java:133)
	at java.lang.Thread.run(Thread.java:748)
Caused by: org.apache.ratis.thirdparty.io.grpc.StatusRuntimeException: UNAVAILABLE: io exception
	at org.apache.ratis.thirdparty.io.grpc.stub.ClientCalls.toStatusRuntimeException(ClientCalls.java:233)
	at org.apache.ratis.thirdparty.io.grpc.stub.ClientCalls.getUnchecked(ClientCalls.java:214)
	at org.apache.ratis.thirdparty.io.grpc.stub.ClientCalls.blockingUnaryCall(ClientCalls.java:139)
	at org.apache.ratis.proto.grpc.RaftServerProtocolServiceGrpc$RaftServerProtocolServiceBlockingStub.requestVote(RaftServerProtocolServiceGrpc.java:265)
	at org.apache.ratis.grpc.server.GrpcServerProtocolClient.requestVote(GrpcServerProtocolClient.java:99)
	at org.apache.ratis.grpc.server.GrpcService.requestVote(GrpcService.java:204)
	at org.apache.ratis.server.impl.LeaderElection.lambda$submitRequests$1(LeaderElection.java:234)
	at java.util.concurrent.FutureTask.run(FutureTask.java:266)
	at java.util.concurrent.Executors$RunnableAdapter.call(Executors.java:511)
	at java.util.concurrent.FutureTask.run(FutureTask.java:266)
	at java.util.concurrent.ThreadPoolExecutor.runWorker(ThreadPoolExecutor.java:1149)
	at java.util.concurrent.ThreadPoolExecutor$Worker.run(ThreadPoolExecutor.java:624)
	... 1 more
Caused by: org.apache.ratis.thirdparty.io.netty.channel.AbstractChannel$AnnotatedConnectException: Connection refused: /192.168.34.56:36658
	at sun.nio.ch.SocketChannelImpl.checkConnect(Native Method)
	at sun.nio.ch.SocketChannelImpl.finishConnect(SocketChannelImpl.java:717)
	at org.apache.ratis.thirdparty.io.netty.channel.socket.nio.NioSocketChannel.doFinishConnect(NioSocketChannel.java:327)
	at org.apache.ratis.thirdparty.io.netty.channel.nio.AbstractNioChannel$AbstractNioUnsafe.finishConnect(AbstractNioChannel.java:340)
	at org.apache.ratis.thirdparty.io.netty.channel.nio.NioEventLoop.processSelectedKey(NioEventLoop.java:632)
	at org.apache.ratis.thirdparty.io.netty.channel.nio.NioEventLoop.processSelectedKeysOptimized(NioEventLoop.java:579)
	at org.apache.ratis.thirdparty.io.netty.channel.nio.NioEventLoop.processSelectedKeys(NioEventLoop.java:496)
	at org.apache.ratis.thirdparty.io.netty.channel.nio.NioEventLoop.run(NioEventLoop.java:458)
	at org.apache.ratis.thirdparty.io.netty.util.concurrent.SingleThreadEventExecutor$5.run(SingleThreadEventExecutor.java:897)
	at org.apache.ratis.thirdparty.io.netty.util.concurrent.FastThreadLocalRunnable.run(FastThreadLocalRunnable.java:30)
	... 1 more
Caused by: java.net.ConnectException: Connection refused
	... 11 more
2019-10-18 13:01:48,651 [Thread-2240] INFO  impl.FollowerState (FollowerState.java:run(117)) - 8697df36-98d2-41b1-bdc7-60597b3b5526@group-187684C21557-FollowerState was interrupted: java.lang.InterruptedException: sleep interrupted
2019-10-18 13:01:48,651 [grpc-default-executor-0] INFO  impl.RoleInfo (RoleInfo.java:updateAndGet(143)) - 8697df36-98d2-41b1-bdc7-60597b3b5526: start FollowerState
2019-10-18 13:01:48,651 [grpc-default-executor-5] INFO  impl.RoleInfo (RoleInfo.java:shutdownFollowerState(121)) - 893cf03e-f2cf-478a-892a-a746717e50e3: shutdown FollowerState
2019-10-18 13:01:48,651 [c124d131-afb9-4343-ad4e-aaebde613043@group-FF4202234884-LeaderElection251] INFO  impl.LeaderElection (LogUtils.java:infoOrTrace(149)) -   Exception 1: {}
java.util.concurrent.ExecutionException: org.apache.ratis.thirdparty.io.grpc.StatusRuntimeException: UNAVAILABLE: io exception
	at java.util.concurrent.FutureTask.report(FutureTask.java:122)
	at java.util.concurrent.FutureTask.get(FutureTask.java:192)
	at org.apache.ratis.server.impl.LeaderElection.waitForResults(LeaderElection.java:259)
	at org.apache.ratis.server.impl.LeaderElection.askForVotes(LeaderElection.java:197)
	at org.apache.ratis.server.impl.LeaderElection.run(LeaderElection.java:133)
	at java.lang.Thread.run(Thread.java:748)
Caused by: org.apache.ratis.thirdparty.io.grpc.StatusRuntimeException: UNAVAILABLE: io exception
	at org.apache.ratis.thirdparty.io.grpc.stub.ClientCalls.toStatusRuntimeException(ClientCalls.java:233)
	at org.apache.ratis.thirdparty.io.grpc.stub.ClientCalls.getUnchecked(ClientCalls.java:214)
	at org.apache.ratis.thirdparty.io.grpc.stub.ClientCalls.blockingUnaryCall(ClientCalls.java:139)
	at org.apache.ratis.proto.grpc.RaftServerProtocolServiceGrpc$RaftServerProtocolServiceBlockingStub.requestVote(RaftServerProtocolServiceGrpc.java:265)
	at org.apache.ratis.grpc.server.GrpcServerProtocolClient.requestVote(GrpcServerProtocolClient.java:99)
	at org.apache.ratis.grpc.server.GrpcService.requestVote(GrpcService.java:204)
	at org.apache.ratis.server.impl.LeaderElection.lambda$submitRequests$1(LeaderElection.java:234)
	at java.util.concurrent.FutureTask.run(FutureTask.java:266)
	at java.util.concurrent.Executors$RunnableAdapter.call(Executors.java:511)
	at java.util.concurrent.FutureTask.run(FutureTask.java:266)
	at java.util.concurrent.ThreadPoolExecutor.runWorker(ThreadPoolExecutor.java:1149)
	at java.util.concurrent.ThreadPoolExecutor$Worker.run(ThreadPoolExecutor.java:624)
	... 1 more
Caused by: org.apache.ratis.thirdparty.io.netty.channel.AbstractChannel$AnnotatedConnectException: Connection refused: /192.168.34.56:44872
	at sun.nio.ch.SocketChannelImpl.checkConnect(Native Method)
	at sun.nio.ch.SocketChannelImpl.finishConnect(SocketChannelImpl.java:717)
	at org.apache.ratis.thirdparty.io.netty.channel.socket.nio.NioSocketChannel.doFinishConnect(NioSocketChannel.java:327)
	at org.apache.ratis.thirdparty.io.netty.channel.nio.AbstractNioChannel$AbstractNioUnsafe.finishConnect(AbstractNioChannel.java:340)
	at org.apache.ratis.thirdparty.io.netty.channel.nio.NioEventLoop.processSelectedKey(NioEventLoop.java:632)
	at org.apache.ratis.thirdparty.io.netty.channel.nio.NioEventLoop.processSelectedKeysOptimized(NioEventLoop.java:579)
	at org.apache.ratis.thirdparty.io.netty.channel.nio.NioEventLoop.processSelectedKeys(NioEventLoop.java:496)
	at org.apache.ratis.thirdparty.io.netty.channel.nio.NioEventLoop.run(NioEventLoop.java:458)
	at org.apache.ratis.thirdparty.io.netty.util.concurrent.SingleThreadEventExecutor$5.run(SingleThreadEventExecutor.java:897)
	at org.apache.ratis.thirdparty.io.netty.util.concurrent.FastThreadLocalRunnable.run(FastThreadLocalRunnable.java:30)
	... 1 more
Caused by: java.net.ConnectException: Connection refused
	... 11 more
2019-10-18 13:01:48,652 [grpc-default-executor-5] INFO  impl.RoleInfo (RoleInfo.java:updateAndGet(143)) - 893cf03e-f2cf-478a-892a-a746717e50e3: start FollowerState
2019-10-18 13:01:48,652 [Thread-2239] INFO  impl.FollowerState (FollowerState.java:run(117)) - 893cf03e-f2cf-478a-892a-a746717e50e3@group-187684C21557-FollowerState was interrupted: java.lang.InterruptedException: sleep interrupted
2019-10-18 13:01:48,652 [c124d131-afb9-4343-ad4e-aaebde613043@group-FF4202234884-LeaderElection251] INFO  impl.RaftServerImpl (RaftServerImpl.java:setRole(184)) - c124d131-afb9-4343-ad4e-aaebde613043@group-FF4202234884: changes role from CANDIDATE to FOLLOWER at term 138 for DISCOVERED_A_NEW_TERM
2019-10-18 13:01:48,652 [c124d131-afb9-4343-ad4e-aaebde613043@group-FF4202234884-LeaderElection251] INFO  impl.RoleInfo (RoleInfo.java:shutdownLeaderElection(134)) - c124d131-afb9-4343-ad4e-aaebde613043: shutdown LeaderElection
2019-10-18 13:01:48,652 [c124d131-afb9-4343-ad4e-aaebde613043@group-FF4202234884-LeaderElection251] INFO  impl.RoleInfo (RoleInfo.java:updateAndGet(143)) - c124d131-afb9-4343-ad4e-aaebde613043: start FollowerState
2019-10-18 13:01:48,666 [018b3f78-d19f-4e26-a796-cb8ddc4f97cf@group-187684C21557-LeaderElection252] INFO  impl.LeaderElection (LeaderElection.java:logAndReturn(56)) - 018b3f78-d19f-4e26-a796-cb8ddc4f97cf@group-187684C21557-LeaderElection252: Election TIMEOUT; received 0 response(s) [] and 0 exception(s); 018b3f78-d19f-4e26-a796-cb8ddc4f97cf@group-187684C21557:t143, leader=null, voted=018b3f78-d19f-4e26-a796-cb8ddc4f97cf, raftlog=018b3f78-d19f-4e26-a796-cb8ddc4f97cf@group-187684C21557-SegmentedRaftLog:OPENED:c-1,f-1,i0, conf=-1: [893cf03e-f2cf-478a-892a-a746717e50e3:192.168.34.56:40750, 8697df36-98d2-41b1-bdc7-60597b3b5526:192.168.34.56:46415, 018b3f78-d19f-4e26-a796-cb8ddc4f97cf:192.168.34.56:35845], old=null
2019-10-18 13:01:48,729 [018b3f78-d19f-4e26-a796-cb8ddc4f97cf@group-187684C21557-LeaderElection252] INFO  impl.LeaderElection (LeaderElection.java:askForVotes(178)) - 018b3f78-d19f-4e26-a796-cb8ddc4f97cf@group-187684C21557-LeaderElection252: begin an election at term 144 for -1: [893cf03e-f2cf-478a-892a-a746717e50e3:192.168.34.56:40750, 8697df36-98d2-41b1-bdc7-60597b3b5526:192.168.34.56:46415, 018b3f78-d19f-4e26-a796-cb8ddc4f97cf:192.168.34.56:35845], old=null
2019-10-18 13:01:48,731 [grpc-default-executor-5] INFO  impl.RaftServerImpl (RaftServerImpl.java:setRole(184)) - 893cf03e-f2cf-478a-892a-a746717e50e3@group-187684C21557: changes role from  FOLLOWER to FOLLOWER at term 144 for recognizeCandidate:018b3f78-d19f-4e26-a796-cb8ddc4f97cf
2019-10-18 13:01:48,731 [grpc-default-executor-0] INFO  impl.RaftServerImpl (RaftServerImpl.java:setRole(184)) - 8697df36-98d2-41b1-bdc7-60597b3b5526@group-187684C21557: changes role from  FOLLOWER to FOLLOWER at term 144 for recognizeCandidate:018b3f78-d19f-4e26-a796-cb8ddc4f97cf
2019-10-18 13:01:48,731 [grpc-default-executor-0] INFO  impl.RoleInfo (RoleInfo.java:shutdownFollowerState(121)) - 8697df36-98d2-41b1-bdc7-60597b3b5526: shutdown FollowerState
2019-10-18 13:01:48,731 [grpc-default-executor-5] INFO  impl.RoleInfo (RoleInfo.java:shutdownFollowerState(121)) - 893cf03e-f2cf-478a-892a-a746717e50e3: shutdown FollowerState
2019-10-18 13:01:48,731 [Thread-2251] INFO  impl.FollowerState (FollowerState.java:run(117)) - 8697df36-98d2-41b1-bdc7-60597b3b5526@group-187684C21557-FollowerState was interrupted: java.lang.InterruptedException: sleep interrupted
2019-10-18 13:01:48,731 [grpc-default-executor-0] INFO  impl.RoleInfo (RoleInfo.java:updateAndGet(143)) - 8697df36-98d2-41b1-bdc7-60597b3b5526: start FollowerState
2019-10-18 13:01:48,732 [Thread-2252] INFO  impl.FollowerState (FollowerState.java:run(117)) - 893cf03e-f2cf-478a-892a-a746717e50e3@group-187684C21557-FollowerState was interrupted: java.lang.InterruptedException: sleep interrupted
2019-10-18 13:01:48,732 [grpc-default-executor-5] INFO  impl.RoleInfo (RoleInfo.java:updateAndGet(143)) - 893cf03e-f2cf-478a-892a-a746717e50e3: start FollowerState
2019-10-18 13:01:48,741 [Thread-2253] INFO  impl.FollowerState (FollowerState.java:run(108)) - c124d131-afb9-4343-ad4e-aaebde613043@group-FF4202234884-FollowerState: change to CANDIDATE, lastRpcTime:88ms, electionTimeout:88ms
2019-10-18 13:01:48,741 [Thread-2253] INFO  impl.RoleInfo (RoleInfo.java:shutdownFollowerState(121)) - c124d131-afb9-4343-ad4e-aaebde613043: shutdown FollowerState
2019-10-18 13:01:48,741 [Thread-2253] INFO  impl.RaftServerImpl (RaftServerImpl.java:setRole(184)) - c124d131-afb9-4343-ad4e-aaebde613043@group-FF4202234884: changes role from  FOLLOWER to CANDIDATE at term 138 for changeToCandidate
2019-10-18 13:01:48,741 [Thread-2253] INFO  impl.RoleInfo (RoleInfo.java:updateAndGet(143)) - c124d131-afb9-4343-ad4e-aaebde613043: start LeaderElection
2019-10-18 13:01:48,806 [c124d131-afb9-4343-ad4e-aaebde613043@group-FF4202234884-LeaderElection253] INFO  impl.LeaderElection (LeaderElection.java:askForVotes(178)) - c124d131-afb9-4343-ad4e-aaebde613043@group-FF4202234884-LeaderElection253: begin an election at term 139 for -1: [999343e7-0330-4874-a345-91eca72585e0:192.168.34.56:44872, c124d131-afb9-4343-ad4e-aaebde613043:192.168.34.56:42116, e5bb327f-cdd7-4e49-919e-13a4c895fddf:192.168.34.56:36658], old=null
2019-10-18 13:01:48,807 [018b3f78-d19f-4e26-a796-cb8ddc4f97cf@group-187684C21557-LeaderElection252] INFO  impl.LeaderElection (LeaderElection.java:logAndReturn(56)) - 018b3f78-d19f-4e26-a796-cb8ddc4f97cf@group-187684C21557-LeaderElection252: Election REJECTED; received 2 response(s) [018b3f78-d19f-4e26-a796-cb8ddc4f97cf<-893cf03e-f2cf-478a-892a-a746717e50e3#0:FAIL-t144, 018b3f78-d19f-4e26-a796-cb8ddc4f97cf<-8697df36-98d2-41b1-bdc7-60597b3b5526#0:FAIL-t144] and 0 exception(s); 018b3f78-d19f-4e26-a796-cb8ddc4f97cf@group-187684C21557:t144, leader=null, voted=018b3f78-d19f-4e26-a796-cb8ddc4f97cf, raftlog=018b3f78-d19f-4e26-a796-cb8ddc4f97cf@group-187684C21557-SegmentedRaftLog:OPENED:c-1,f-1,i0, conf=-1: [893cf03e-f2cf-478a-892a-a746717e50e3:192.168.34.56:40750, 8697df36-98d2-41b1-bdc7-60597b3b5526:192.168.34.56:46415, 018b3f78-d19f-4e26-a796-cb8ddc4f97cf:192.168.34.56:35845], old=null
2019-10-18 13:01:48,807 [c124d131-afb9-4343-ad4e-aaebde613043@group-FF4202234884-LeaderElection253] INFO  impl.LeaderElection (LogUtils.java:infoOrTrace(149)) - c124d131-afb9-4343-ad4e-aaebde613043@group-FF4202234884-LeaderElection253 got exception when requesting votes: {}
java.util.concurrent.ExecutionException: org.apache.ratis.thirdparty.io.grpc.StatusRuntimeException: UNAVAILABLE: io exception
	at java.util.concurrent.FutureTask.report(FutureTask.java:122)
	at java.util.concurrent.FutureTask.get(FutureTask.java:192)
	at org.apache.ratis.server.impl.LeaderElection.waitForResults(LeaderElection.java:259)
	at org.apache.ratis.server.impl.LeaderElection.askForVotes(LeaderElection.java:197)
	at org.apache.ratis.server.impl.LeaderElection.run(LeaderElection.java:133)
	at java.lang.Thread.run(Thread.java:748)
Caused by: org.apache.ratis.thirdparty.io.grpc.StatusRuntimeException: UNAVAILABLE: io exception
	at org.apache.ratis.thirdparty.io.grpc.stub.ClientCalls.toStatusRuntimeException(ClientCalls.java:233)
	at org.apache.ratis.thirdparty.io.grpc.stub.ClientCalls.getUnchecked(ClientCalls.java:214)
	at org.apache.ratis.thirdparty.io.grpc.stub.ClientCalls.blockingUnaryCall(ClientCalls.java:139)
	at org.apache.ratis.proto.grpc.RaftServerProtocolServiceGrpc$RaftServerProtocolServiceBlockingStub.requestVote(RaftServerProtocolServiceGrpc.java:265)
	at org.apache.ratis.grpc.server.GrpcServerProtocolClient.requestVote(GrpcServerProtocolClient.java:99)
	at org.apache.ratis.grpc.server.GrpcService.requestVote(GrpcService.java:204)
	at org.apache.ratis.server.impl.LeaderElection.lambda$submitRequests$1(LeaderElection.java:234)
	at java.util.concurrent.FutureTask.run(FutureTask.java:266)
	at java.util.concurrent.Executors$RunnableAdapter.call(Executors.java:511)
	at java.util.concurrent.FutureTask.run(FutureTask.java:266)
	at java.util.concurrent.ThreadPoolExecutor.runWorker(ThreadPoolExecutor.java:1149)
	at java.util.concurrent.ThreadPoolExecutor$Worker.run(ThreadPoolExecutor.java:624)
	... 1 more
Caused by: org.apache.ratis.thirdparty.io.netty.channel.AbstractChannel$AnnotatedConnectException: Connection refused: /192.168.34.56:36658
	at sun.nio.ch.SocketChannelImpl.checkConnect(Native Method)
	at sun.nio.ch.SocketChannelImpl.finishConnect(SocketChannelImpl.java:717)
	at org.apache.ratis.thirdparty.io.netty.channel.socket.nio.NioSocketChannel.doFinishConnect(NioSocketChannel.java:327)
	at org.apache.ratis.thirdparty.io.netty.channel.nio.AbstractNioChannel$AbstractNioUnsafe.finishConnect(AbstractNioChannel.java:340)
	at org.apache.ratis.thirdparty.io.netty.channel.nio.NioEventLoop.processSelectedKey(NioEventLoop.java:632)
	at org.apache.ratis.thirdparty.io.netty.channel.nio.NioEventLoop.processSelectedKeysOptimized(NioEventLoop.java:579)
	at org.apache.ratis.thirdparty.io.netty.channel.nio.NioEventLoop.processSelectedKeys(NioEventLoop.java:496)
	at org.apache.ratis.thirdparty.io.netty.channel.nio.NioEventLoop.run(NioEventLoop.java:458)
	at org.apache.ratis.thirdparty.io.netty.util.concurrent.SingleThreadEventExecutor$5.run(SingleThreadEventExecutor.java:897)
	at org.apache.ratis.thirdparty.io.netty.util.concurrent.FastThreadLocalRunnable.run(FastThreadLocalRunnable.java:30)
	... 1 more
Caused by: java.net.ConnectException: Connection refused
	... 11 more
2019-10-18 13:01:48,810 [c124d131-afb9-4343-ad4e-aaebde613043@group-FF4202234884-LeaderElection253] INFO  impl.LeaderElection (LogUtils.java:infoOrTrace(149)) - c124d131-afb9-4343-ad4e-aaebde613043@group-FF4202234884-LeaderElection253 got exception when requesting votes: {}
java.util.concurrent.ExecutionException: org.apache.ratis.thirdparty.io.grpc.StatusRuntimeException: UNAVAILABLE: io exception
	at java.util.concurrent.FutureTask.report(FutureTask.java:122)
	at java.util.concurrent.FutureTask.get(FutureTask.java:192)
	at org.apache.ratis.server.impl.LeaderElection.waitForResults(LeaderElection.java:259)
	at org.apache.ratis.server.impl.LeaderElection.askForVotes(LeaderElection.java:197)
	at org.apache.ratis.server.impl.LeaderElection.run(LeaderElection.java:133)
	at java.lang.Thread.run(Thread.java:748)
Caused by: org.apache.ratis.thirdparty.io.grpc.StatusRuntimeException: UNAVAILABLE: io exception
	at org.apache.ratis.thirdparty.io.grpc.stub.ClientCalls.toStatusRuntimeException(ClientCalls.java:233)
	at org.apache.ratis.thirdparty.io.grpc.stub.ClientCalls.getUnchecked(ClientCalls.java:214)
	at org.apache.ratis.thirdparty.io.grpc.stub.ClientCalls.blockingUnaryCall(ClientCalls.java:139)
	at org.apache.ratis.proto.grpc.RaftServerProtocolServiceGrpc$RaftServerProtocolServiceBlockingStub.requestVote(RaftServerProtocolServiceGrpc.java:265)
	at org.apache.ratis.grpc.server.GrpcServerProtocolClient.requestVote(GrpcServerProtocolClient.java:99)
	at org.apache.ratis.grpc.server.GrpcService.requestVote(GrpcService.java:204)
	at org.apache.ratis.server.impl.LeaderElection.lambda$submitRequests$1(LeaderElection.java:234)
	at java.util.concurrent.FutureTask.run(FutureTask.java:266)
	at java.util.concurrent.Executors$RunnableAdapter.call(Executors.java:511)
	at java.util.concurrent.FutureTask.run(FutureTask.java:266)
	at java.util.concurrent.ThreadPoolExecutor.runWorker(ThreadPoolExecutor.java:1149)
	at java.util.concurrent.ThreadPoolExecutor$Worker.run(ThreadPoolExecutor.java:624)
	... 1 more
Caused by: org.apache.ratis.thirdparty.io.netty.channel.AbstractChannel$AnnotatedConnectException: Connection refused: /192.168.34.56:44872
	at sun.nio.ch.SocketChannelImpl.checkConnect(Native Method)
	at sun.nio.ch.SocketChannelImpl.finishConnect(SocketChannelImpl.java:717)
	at org.apache.ratis.thirdparty.io.netty.channel.socket.nio.NioSocketChannel.doFinishConnect(NioSocketChannel.java:327)
	at org.apache.ratis.thirdparty.io.netty.channel.nio.AbstractNioChannel$AbstractNioUnsafe.finishConnect(AbstractNioChannel.java:340)
	at org.apache.ratis.thirdparty.io.netty.channel.nio.NioEventLoop.processSelectedKey(NioEventLoop.java:632)
	at org.apache.ratis.thirdparty.io.netty.channel.nio.NioEventLoop.processSelectedKeysOptimized(NioEventLoop.java:579)
	at org.apache.ratis.thirdparty.io.netty.channel.nio.NioEventLoop.processSelectedKeys(NioEventLoop.java:496)
	at org.apache.ratis.thirdparty.io.netty.channel.nio.NioEventLoop.run(NioEventLoop.java:458)
	at org.apache.ratis.thirdparty.io.netty.util.concurrent.SingleThreadEventExecutor$5.run(SingleThreadEventExecutor.java:897)
	at org.apache.ratis.thirdparty.io.netty.util.concurrent.FastThreadLocalRunnable.run(FastThreadLocalRunnable.java:30)
	... 1 more
Caused by: java.net.ConnectException: Connection refused
	... 11 more
2019-10-18 13:01:48,807 [018b3f78-d19f-4e26-a796-cb8ddc4f97cf@group-187684C21557-LeaderElection252] INFO  impl.RaftServerImpl (RaftServerImpl.java:setRole(184)) - 018b3f78-d19f-4e26-a796-cb8ddc4f97cf@group-187684C21557: changes role from CANDIDATE to FOLLOWER at term 144 for DISCOVERED_A_NEW_TERM
2019-10-18 13:01:48,820 [c124d131-afb9-4343-ad4e-aaebde613043@group-FF4202234884-LeaderElection253] INFO  impl.LeaderElection (LeaderElection.java:logAndReturn(56)) - c124d131-afb9-4343-ad4e-aaebde613043@group-FF4202234884-LeaderElection253: Election REJECTED; received 0 response(s) [] and 2 exception(s); c124d131-afb9-4343-ad4e-aaebde613043@group-FF4202234884:t139, leader=null, voted=c124d131-afb9-4343-ad4e-aaebde613043, raftlog=c124d131-afb9-4343-ad4e-aaebde613043@group-FF4202234884-SegmentedRaftLog:OPENED:c-1,f-1,i0, conf=-1: [999343e7-0330-4874-a345-91eca72585e0:192.168.34.56:44872, c124d131-afb9-4343-ad4e-aaebde613043:192.168.34.56:42116, e5bb327f-cdd7-4e49-919e-13a4c895fddf:192.168.34.56:36658], old=null
2019-10-18 13:01:48,820 [018b3f78-d19f-4e26-a796-cb8ddc4f97cf@group-187684C21557-LeaderElection252] INFO  impl.RoleInfo (RoleInfo.java:shutdownLeaderElection(134)) - 018b3f78-d19f-4e26-a796-cb8ddc4f97cf: shutdown LeaderElection
2019-10-18 13:01:48,820 [c124d131-afb9-4343-ad4e-aaebde613043@group-FF4202234884-LeaderElection253] INFO  impl.LeaderElection (LogUtils.java:infoOrTrace(149)) -   Exception 0: {}
java.util.concurrent.ExecutionException: org.apache.ratis.thirdparty.io.grpc.StatusRuntimeException: UNAVAILABLE: io exception
	at java.util.concurrent.FutureTask.report(FutureTask.java:122)
	at java.util.concurrent.FutureTask.get(FutureTask.java:192)
	at org.apache.ratis.server.impl.LeaderElection.waitForResults(LeaderElection.java:259)
	at org.apache.ratis.server.impl.LeaderElection.askForVotes(LeaderElection.java:197)
	at org.apache.ratis.server.impl.LeaderElection.run(LeaderElection.java:133)
	at java.lang.Thread.run(Thread.java:748)
Caused by: org.apache.ratis.thirdparty.io.grpc.StatusRuntimeException: UNAVAILABLE: io exception
	at org.apache.ratis.thirdparty.io.grpc.stub.ClientCalls.toStatusRuntimeException(ClientCalls.java:233)
	at org.apache.ratis.thirdparty.io.grpc.stub.ClientCalls.getUnchecked(ClientCalls.java:214)
	at org.apache.ratis.thirdparty.io.grpc.stub.ClientCalls.blockingUnaryCall(ClientCalls.java:139)
	at org.apache.ratis.proto.grpc.RaftServerProtocolServiceGrpc$RaftServerProtocolServiceBlockingStub.requestVote(RaftServerProtocolServiceGrpc.java:265)
	at org.apache.ratis.grpc.server.GrpcServerProtocolClient.requestVote(GrpcServerProtocolClient.java:99)
	at org.apache.ratis.grpc.server.GrpcService.requestVote(GrpcService.java:204)
	at org.apache.ratis.server.impl.LeaderElection.lambda$submitRequests$1(LeaderElection.java:234)
	at java.util.concurrent.FutureTask.run(FutureTask.java:266)
	at java.util.concurrent.Executors$RunnableAdapter.call(Executors.java:511)
	at java.util.concurrent.FutureTask.run(FutureTask.java:266)
	at java.util.concurrent.ThreadPoolExecutor.runWorker(ThreadPoolExecutor.java:1149)
	at java.util.concurrent.ThreadPoolExecutor$Worker.run(ThreadPoolExecutor.java:624)
	... 1 more
Caused by: org.apache.ratis.thirdparty.io.netty.channel.AbstractChannel$AnnotatedConnectException: Connection refused: /192.168.34.56:36658
	at sun.nio.ch.SocketChannelImpl.checkConnect(Native Method)
	at sun.nio.ch.SocketChannelImpl.finishConnect(SocketChannelImpl.java:717)
	at org.apache.ratis.thirdparty.io.netty.channel.socket.nio.NioSocketChannel.doFinishConnect(NioSocketChannel.java:327)
	at org.apache.ratis.thirdparty.io.netty.channel.nio.AbstractNioChannel$AbstractNioUnsafe.finishConnect(AbstractNioChannel.java:340)
	at org.apache.ratis.thirdparty.io.netty.channel.nio.NioEventLoop.processSelectedKey(NioEventLoop.java:632)
	at org.apache.ratis.thirdparty.io.netty.channel.nio.NioEventLoop.processSelectedKeysOptimized(NioEventLoop.java:579)
	at org.apache.ratis.thirdparty.io.netty.channel.nio.NioEventLoop.processSelectedKeys(NioEventLoop.java:496)
	at org.apache.ratis.thirdparty.io.netty.channel.nio.NioEventLoop.run(NioEventLoop.java:458)
	at org.apache.ratis.thirdparty.io.netty.util.concurrent.SingleThreadEventExecutor$5.run(SingleThreadEventExecutor.java:897)
	at org.apache.ratis.thirdparty.io.netty.util.concurrent.FastThreadLocalRunnable.run(FastThreadLocalRunnable.java:30)
	... 1 more
Caused by: java.net.ConnectException: Connection refused
	... 11 more
2019-10-18 13:01:48,821 [018b3f78-d19f-4e26-a796-cb8ddc4f97cf@group-187684C21557-LeaderElection252] INFO  impl.RoleInfo (RoleInfo.java:updateAndGet(143)) - 018b3f78-d19f-4e26-a796-cb8ddc4f97cf: start FollowerState
2019-10-18 13:01:48,821 [c124d131-afb9-4343-ad4e-aaebde613043@group-FF4202234884-LeaderElection253] INFO  impl.LeaderElection (LogUtils.java:infoOrTrace(149)) -   Exception 1: {}
java.util.concurrent.ExecutionException: org.apache.ratis.thirdparty.io.grpc.StatusRuntimeException: UNAVAILABLE: io exception
	at java.util.concurrent.FutureTask.report(FutureTask.java:122)
	at java.util.concurrent.FutureTask.get(FutureTask.java:192)
	at org.apache.ratis.server.impl.LeaderElection.waitForResults(LeaderElection.java:259)
	at org.apache.ratis.server.impl.LeaderElection.askForVotes(LeaderElection.java:197)
	at org.apache.ratis.server.impl.LeaderElection.run(LeaderElection.java:133)
	at java.lang.Thread.run(Thread.java:748)
Caused by: org.apache.ratis.thirdparty.io.grpc.StatusRuntimeException: UNAVAILABLE: io exception
	at org.apache.ratis.thirdparty.io.grpc.stub.ClientCalls.toStatusRuntimeException(ClientCalls.java:233)
	at org.apache.ratis.thirdparty.io.grpc.stub.ClientCalls.getUnchecked(ClientCalls.java:214)
	at org.apache.ratis.thirdparty.io.grpc.stub.ClientCalls.blockingUnaryCall(ClientCalls.java:139)
	at org.apache.ratis.proto.grpc.RaftServerProtocolServiceGrpc$RaftServerProtocolServiceBlockingStub.requestVote(RaftServerProtocolServiceGrpc.java:265)
	at org.apache.ratis.grpc.server.GrpcServerProtocolClient.requestVote(GrpcServerProtocolClient.java:99)
	at org.apache.ratis.grpc.server.GrpcService.requestVote(GrpcService.java:204)
	at org.apache.ratis.server.impl.LeaderElection.lambda$submitRequests$1(LeaderElection.java:234)
	at java.util.concurrent.FutureTask.run(FutureTask.java:266)
	at java.util.concurrent.Executors$RunnableAdapter.call(Executors.java:511)
	at java.util.concurrent.FutureTask.run(FutureTask.java:266)
	at java.util.concurrent.ThreadPoolExecutor.runWorker(ThreadPoolExecutor.java:1149)
	at java.util.concurrent.ThreadPoolExecutor$Worker.run(ThreadPoolExecutor.java:624)
	... 1 more
Caused by: org.apache.ratis.thirdparty.io.netty.channel.AbstractChannel$AnnotatedConnectException: Connection refused: /192.168.34.56:44872
	at sun.nio.ch.SocketChannelImpl.checkConnect(Native Method)
	at sun.nio.ch.SocketChannelImpl.finishConnect(SocketChannelImpl.java:717)
	at org.apache.ratis.thirdparty.io.netty.channel.socket.nio.NioSocketChannel.doFinishConnect(NioSocketChannel.java:327)
	at org.apache.ratis.thirdparty.io.netty.channel.nio.AbstractNioChannel$AbstractNioUnsafe.finishConnect(AbstractNioChannel.java:340)
	at org.apache.ratis.thirdparty.io.netty.channel.nio.NioEventLoop.processSelectedKey(NioEventLoop.java:632)
	at org.apache.ratis.thirdparty.io.netty.channel.nio.NioEventLoop.processSelectedKeysOptimized(NioEventLoop.java:579)
	at org.apache.ratis.thirdparty.io.netty.channel.nio.NioEventLoop.processSelectedKeys(NioEventLoop.java:496)
	at org.apache.ratis.thirdparty.io.netty.channel.nio.NioEventLoop.run(NioEventLoop.java:458)
	at org.apache.ratis.thirdparty.io.netty.util.concurrent.SingleThreadEventExecutor$5.run(SingleThreadEventExecutor.java:897)
	at org.apache.ratis.thirdparty.io.netty.util.concurrent.FastThreadLocalRunnable.run(FastThreadLocalRunnable.java:30)
	... 1 more
Caused by: java.net.ConnectException: Connection refused
	... 11 more
2019-10-18 13:01:48,821 [c124d131-afb9-4343-ad4e-aaebde613043@group-FF4202234884-LeaderElection253] INFO  impl.RaftServerImpl (RaftServerImpl.java:setRole(184)) - c124d131-afb9-4343-ad4e-aaebde613043@group-FF4202234884: changes role from CANDIDATE to FOLLOWER at term 139 for DISCOVERED_A_NEW_TERM
2019-10-18 13:01:48,821 [c124d131-afb9-4343-ad4e-aaebde613043@group-FF4202234884-LeaderElection253] INFO  impl.RoleInfo (RoleInfo.java:shutdownLeaderElection(134)) - c124d131-afb9-4343-ad4e-aaebde613043: shutdown LeaderElection
2019-10-18 13:01:48,821 [c124d131-afb9-4343-ad4e-aaebde613043@group-FF4202234884-LeaderElection253] INFO  impl.RoleInfo (RoleInfo.java:updateAndGet(143)) - c124d131-afb9-4343-ad4e-aaebde613043: start FollowerState
2019-10-18 13:01:48,959 [Thread-2264] INFO  impl.FollowerState (FollowerState.java:run(108)) - c124d131-afb9-4343-ad4e-aaebde613043@group-FF4202234884-FollowerState: change to CANDIDATE, lastRpcTime:137ms, electionTimeout:137ms
2019-10-18 13:01:48,959 [Thread-2264] INFO  impl.RoleInfo (RoleInfo.java:shutdownFollowerState(121)) - c124d131-afb9-4343-ad4e-aaebde613043: shutdown FollowerState
2019-10-18 13:01:48,959 [Thread-2264] INFO  impl.RaftServerImpl (RaftServerImpl.java:setRole(184)) - c124d131-afb9-4343-ad4e-aaebde613043@group-FF4202234884: changes role from  FOLLOWER to CANDIDATE at term 139 for changeToCandidate
2019-10-18 13:01:48,959 [Thread-2264] INFO  impl.RoleInfo (RoleInfo.java:updateAndGet(143)) - c124d131-afb9-4343-ad4e-aaebde613043: start LeaderElection
2019-10-18 13:01:48,978 [Thread-2263] INFO  impl.FollowerState (FollowerState.java:run(108)) - 018b3f78-d19f-4e26-a796-cb8ddc4f97cf@group-187684C21557-FollowerState: change to CANDIDATE, lastRpcTime:157ms, electionTimeout:157ms
2019-10-18 13:01:48,978 [Thread-2263] INFO  impl.RoleInfo (RoleInfo.java:shutdownFollowerState(121)) - 018b3f78-d19f-4e26-a796-cb8ddc4f97cf: shutdown FollowerState
2019-10-18 13:01:48,978 [Thread-2263] INFO  impl.RaftServerImpl (RaftServerImpl.java:setRole(184)) - 018b3f78-d19f-4e26-a796-cb8ddc4f97cf@group-187684C21557: changes role from  FOLLOWER to CANDIDATE at term 144 for changeToCandidate
2019-10-18 13:01:48,979 [Thread-2263] INFO  impl.RoleInfo (RoleInfo.java:updateAndGet(143)) - 018b3f78-d19f-4e26-a796-cb8ddc4f97cf: start LeaderElection
2019-10-18 13:01:49,146 [c124d131-afb9-4343-ad4e-aaebde613043@group-FF4202234884-LeaderElection254] INFO  impl.LeaderElection (LeaderElection.java:askForVotes(178)) - c124d131-afb9-4343-ad4e-aaebde613043@group-FF4202234884-LeaderElection254: begin an election at term 140 for -1: [999343e7-0330-4874-a345-91eca72585e0:192.168.34.56:44872, c124d131-afb9-4343-ad4e-aaebde613043:192.168.34.56:42116, e5bb327f-cdd7-4e49-919e-13a4c895fddf:192.168.34.56:36658], old=null
2019-10-18 13:01:49,147 [018b3f78-d19f-4e26-a796-cb8ddc4f97cf@group-187684C21557-LeaderElection255] INFO  impl.LeaderElection (LeaderElection.java:askForVotes(178)) - 018b3f78-d19f-4e26-a796-cb8ddc4f97cf@group-187684C21557-LeaderElection255: begin an election at term 145 for -1: [893cf03e-f2cf-478a-892a-a746717e50e3:192.168.34.56:40750, 8697df36-98d2-41b1-bdc7-60597b3b5526:192.168.34.56:46415, 018b3f78-d19f-4e26-a796-cb8ddc4f97cf:192.168.34.56:35845], old=null
2019-10-18 13:01:49,148 [c124d131-afb9-4343-ad4e-aaebde613043@group-FF4202234884-LeaderElection254] INFO  impl.LeaderElection (LogUtils.java:infoOrTrace(149)) - c124d131-afb9-4343-ad4e-aaebde613043@group-FF4202234884-LeaderElection254 got exception when requesting votes: {}
java.util.concurrent.ExecutionException: org.apache.ratis.thirdparty.io.grpc.StatusRuntimeException: UNAVAILABLE: io exception
	at java.util.concurrent.FutureTask.report(FutureTask.java:122)
	at java.util.concurrent.FutureTask.get(FutureTask.java:192)
	at org.apache.ratis.server.impl.LeaderElection.waitForResults(LeaderElection.java:259)
	at org.apache.ratis.server.impl.LeaderElection.askForVotes(LeaderElection.java:197)
	at org.apache.ratis.server.impl.LeaderElection.run(LeaderElection.java:133)
	at java.lang.Thread.run(Thread.java:748)
Caused by: org.apache.ratis.thirdparty.io.grpc.StatusRuntimeException: UNAVAILABLE: io exception
	at org.apache.ratis.thirdparty.io.grpc.stub.ClientCalls.toStatusRuntimeException(ClientCalls.java:233)
	at org.apache.ratis.thirdparty.io.grpc.stub.ClientCalls.getUnchecked(ClientCalls.java:214)
	at org.apache.ratis.thirdparty.io.grpc.stub.ClientCalls.blockingUnaryCall(ClientCalls.java:139)
	at org.apache.ratis.proto.grpc.RaftServerProtocolServiceGrpc$RaftServerProtocolServiceBlockingStub.requestVote(RaftServerProtocolServiceGrpc.java:265)
	at org.apache.ratis.grpc.server.GrpcServerProtocolClient.requestVote(GrpcServerProtocolClient.java:99)
	at org.apache.ratis.grpc.server.GrpcService.requestVote(GrpcService.java:204)
	at org.apache.ratis.server.impl.LeaderElection.lambda$submitRequests$1(LeaderElection.java:234)
	at java.util.concurrent.FutureTask.run(FutureTask.java:266)
	at java.util.concurrent.Executors$RunnableAdapter.call(Executors.java:511)
	at java.util.concurrent.FutureTask.run(FutureTask.java:266)
	at java.util.concurrent.ThreadPoolExecutor.runWorker(ThreadPoolExecutor.java:1149)
	at java.util.concurrent.ThreadPoolExecutor$Worker.run(ThreadPoolExecutor.java:624)
	... 1 more
Caused by: org.apache.ratis.thirdparty.io.netty.channel.AbstractChannel$AnnotatedConnectException: Connection refused: /192.168.34.56:44872
	at sun.nio.ch.SocketChannelImpl.checkConnect(Native Method)
	at sun.nio.ch.SocketChannelImpl.finishConnect(SocketChannelImpl.java:717)
	at org.apache.ratis.thirdparty.io.netty.channel.socket.nio.NioSocketChannel.doFinishConnect(NioSocketChannel.java:327)
	at org.apache.ratis.thirdparty.io.netty.channel.nio.AbstractNioChannel$AbstractNioUnsafe.finishConnect(AbstractNioChannel.java:340)
	at org.apache.ratis.thirdparty.io.netty.channel.nio.NioEventLoop.processSelectedKey(NioEventLoop.java:632)
	at org.apache.ratis.thirdparty.io.netty.channel.nio.NioEventLoop.processSelectedKeysOptimized(NioEventLoop.java:579)
	at org.apache.ratis.thirdparty.io.netty.channel.nio.NioEventLoop.processSelectedKeys(NioEventLoop.java:496)
	at org.apache.ratis.thirdparty.io.netty.channel.nio.NioEventLoop.run(NioEventLoop.java:458)
	at org.apache.ratis.thirdparty.io.netty.util.concurrent.SingleThreadEventExecutor$5.run(SingleThreadEventExecutor.java:897)
	at org.apache.ratis.thirdparty.io.netty.util.concurrent.FastThreadLocalRunnable.run(FastThreadLocalRunnable.java:30)
	... 1 more
Caused by: java.net.ConnectException: Connection refused
	... 11 more
2019-10-18 13:01:49,155 [c124d131-afb9-4343-ad4e-aaebde613043@group-FF4202234884-LeaderElection254] INFO  impl.LeaderElection (LogUtils.java:infoOrTrace(149)) - c124d131-afb9-4343-ad4e-aaebde613043@group-FF4202234884-LeaderElection254 got exception when requesting votes: {}
java.util.concurrent.ExecutionException: org.apache.ratis.thirdparty.io.grpc.StatusRuntimeException: UNAVAILABLE: io exception
	at java.util.concurrent.FutureTask.report(FutureTask.java:122)
	at java.util.concurrent.FutureTask.get(FutureTask.java:192)
	at org.apache.ratis.server.impl.LeaderElection.waitForResults(LeaderElection.java:259)
	at org.apache.ratis.server.impl.LeaderElection.askForVotes(LeaderElection.java:197)
	at org.apache.ratis.server.impl.LeaderElection.run(LeaderElection.java:133)
	at java.lang.Thread.run(Thread.java:748)
Caused by: org.apache.ratis.thirdparty.io.grpc.StatusRuntimeException: UNAVAILABLE: io exception
	at org.apache.ratis.thirdparty.io.grpc.stub.ClientCalls.toStatusRuntimeException(ClientCalls.java:233)
	at org.apache.ratis.thirdparty.io.grpc.stub.ClientCalls.getUnchecked(ClientCalls.java:214)
	at org.apache.ratis.thirdparty.io.grpc.stub.ClientCalls.blockingUnaryCall(ClientCalls.java:139)
	at org.apache.ratis.proto.grpc.RaftServerProtocolServiceGrpc$RaftServerProtocolServiceBlockingStub.requestVote(RaftServerProtocolServiceGrpc.java:265)
	at org.apache.ratis.grpc.server.GrpcServerProtocolClient.requestVote(GrpcServerProtocolClient.java:99)
	at org.apache.ratis.grpc.server.GrpcService.requestVote(GrpcService.java:204)
	at org.apache.ratis.server.impl.LeaderElection.lambda$submitRequests$1(LeaderElection.java:234)
	at java.util.concurrent.FutureTask.run(FutureTask.java:266)
	at java.util.concurrent.Executors$RunnableAdapter.call(Executors.java:511)
	at java.util.concurrent.FutureTask.run(FutureTask.java:266)
	at java.util.concurrent.ThreadPoolExecutor.runWorker(ThreadPoolExecutor.java:1149)
	at java.util.concurrent.ThreadPoolExecutor$Worker.run(ThreadPoolExecutor.java:624)
	... 1 more
Caused by: org.apache.ratis.thirdparty.io.netty.channel.AbstractChannel$AnnotatedConnectException: Connection refused: /192.168.34.56:36658
	at sun.nio.ch.SocketChannelImpl.checkConnect(Native Method)
	at sun.nio.ch.SocketChannelImpl.finishConnect(SocketChannelImpl.java:717)
	at org.apache.ratis.thirdparty.io.netty.channel.socket.nio.NioSocketChannel.doFinishConnect(NioSocketChannel.java:327)
	at org.apache.ratis.thirdparty.io.netty.channel.nio.AbstractNioChannel$AbstractNioUnsafe.finishConnect(AbstractNioChannel.java:340)
	at org.apache.ratis.thirdparty.io.netty.channel.nio.NioEventLoop.processSelectedKey(NioEventLoop.java:632)
	at org.apache.ratis.thirdparty.io.netty.channel.nio.NioEventLoop.processSelectedKeysOptimized(NioEventLoop.java:579)
	at org.apache.ratis.thirdparty.io.netty.channel.nio.NioEventLoop.processSelectedKeys(NioEventLoop.java:496)
	at org.apache.ratis.thirdparty.io.netty.channel.nio.NioEventLoop.run(NioEventLoop.java:458)
	at org.apache.ratis.thirdparty.io.netty.util.concurrent.SingleThreadEventExecutor$5.run(SingleThreadEventExecutor.java:897)
	at org.apache.ratis.thirdparty.io.netty.util.concurrent.FastThreadLocalRunnable.run(FastThreadLocalRunnable.java:30)
	... 1 more
Caused by: java.net.ConnectException: Connection refused
	... 11 more
2019-10-18 13:01:49,158 [c124d131-afb9-4343-ad4e-aaebde613043@group-FF4202234884-LeaderElection254] INFO  impl.LeaderElection (LeaderElection.java:logAndReturn(56)) - c124d131-afb9-4343-ad4e-aaebde613043@group-FF4202234884-LeaderElection254: Election REJECTED; received 0 response(s) [] and 2 exception(s); c124d131-afb9-4343-ad4e-aaebde613043@group-FF4202234884:t140, leader=null, voted=c124d131-afb9-4343-ad4e-aaebde613043, raftlog=c124d131-afb9-4343-ad4e-aaebde613043@group-FF4202234884-SegmentedRaftLog:OPENED:c-1,f-1,i0, conf=-1: [999343e7-0330-4874-a345-91eca72585e0:192.168.34.56:44872, c124d131-afb9-4343-ad4e-aaebde613043:192.168.34.56:42116, e5bb327f-cdd7-4e49-919e-13a4c895fddf:192.168.34.56:36658], old=null
2019-10-18 13:01:49,158 [c124d131-afb9-4343-ad4e-aaebde613043@group-FF4202234884-LeaderElection254] INFO  impl.LeaderElection (LogUtils.java:infoOrTrace(149)) -   Exception 0: {}
java.util.concurrent.ExecutionException: org.apache.ratis.thirdparty.io.grpc.StatusRuntimeException: UNAVAILABLE: io exception
	at java.util.concurrent.FutureTask.report(FutureTask.java:122)
	at java.util.concurrent.FutureTask.get(FutureTask.java:192)
	at org.apache.ratis.server.impl.LeaderElection.waitForResults(LeaderElection.java:259)
	at org.apache.ratis.server.impl.LeaderElection.askForVotes(LeaderElection.java:197)
	at org.apache.ratis.server.impl.LeaderElection.run(LeaderElection.java:133)
	at java.lang.Thread.run(Thread.java:748)
Caused by: org.apache.ratis.thirdparty.io.grpc.StatusRuntimeException: UNAVAILABLE: io exception
	at org.apache.ratis.thirdparty.io.grpc.stub.ClientCalls.toStatusRuntimeException(ClientCalls.java:233)
	at org.apache.ratis.thirdparty.io.grpc.stub.ClientCalls.getUnchecked(ClientCalls.java:214)
	at org.apache.ratis.thirdparty.io.grpc.stub.ClientCalls.blockingUnaryCall(ClientCalls.java:139)
	at org.apache.ratis.proto.grpc.RaftServerProtocolServiceGrpc$RaftServerProtocolServiceBlockingStub.requestVote(RaftServerProtocolServiceGrpc.java:265)
	at org.apache.ratis.grpc.server.GrpcServerProtocolClient.requestVote(GrpcServerProtocolClient.java:99)
	at org.apache.ratis.grpc.server.GrpcService.requestVote(GrpcService.java:204)
	at org.apache.ratis.server.impl.LeaderElection.lambda$submitRequests$1(LeaderElection.java:234)
	at java.util.concurrent.FutureTask.run(FutureTask.java:266)
	at java.util.concurrent.Executors$RunnableAdapter.call(Executors.java:511)
	at java.util.concurrent.FutureTask.run(FutureTask.java:266)
	at java.util.concurrent.ThreadPoolExecutor.runWorker(ThreadPoolExecutor.java:1149)
	at java.util.concurrent.ThreadPoolExecutor$Worker.run(ThreadPoolExecutor.java:624)
	... 1 more
Caused by: org.apache.ratis.thirdparty.io.netty.channel.AbstractChannel$AnnotatedConnectException: Connection refused: /192.168.34.56:44872
	at sun.nio.ch.SocketChannelImpl.checkConnect(Native Method)
	at sun.nio.ch.SocketChannelImpl.finishConnect(SocketChannelImpl.java:717)
	at org.apache.ratis.thirdparty.io.netty.channel.socket.nio.NioSocketChannel.doFinishConnect(NioSocketChannel.java:327)
	at org.apache.ratis.thirdparty.io.netty.channel.nio.AbstractNioChannel$AbstractNioUnsafe.finishConnect(AbstractNioChannel.java:340)
	at org.apache.ratis.thirdparty.io.netty.channel.nio.NioEventLoop.processSelectedKey(NioEventLoop.java:632)
	at org.apache.ratis.thirdparty.io.netty.channel.nio.NioEventLoop.processSelectedKeysOptimized(NioEventLoop.java:579)
	at org.apache.ratis.thirdparty.io.netty.channel.nio.NioEventLoop.processSelectedKeys(NioEventLoop.java:496)
	at org.apache.ratis.thirdparty.io.netty.channel.nio.NioEventLoop.run(NioEventLoop.java:458)
	at org.apache.ratis.thirdparty.io.netty.util.concurrent.SingleThreadEventExecutor$5.run(SingleThreadEventExecutor.java:897)
	at org.apache.ratis.thirdparty.io.netty.util.concurrent.FastThreadLocalRunnable.run(FastThreadLocalRunnable.java:30)
	... 1 more
Caused by: java.net.ConnectException: Connection refused
	... 11 more
2019-10-18 13:01:49,158 [c124d131-afb9-4343-ad4e-aaebde613043@group-FF4202234884-LeaderElection254] INFO  impl.LeaderElection (LogUtils.java:infoOrTrace(149)) -   Exception 1: {}
java.util.concurrent.ExecutionException: org.apache.ratis.thirdparty.io.grpc.StatusRuntimeException: UNAVAILABLE: io exception
	at java.util.concurrent.FutureTask.report(FutureTask.java:122)
	at java.util.concurrent.FutureTask.get(FutureTask.java:192)
	at org.apache.ratis.server.impl.LeaderElection.waitForResults(LeaderElection.java:259)
	at org.apache.ratis.server.impl.LeaderElection.askForVotes(LeaderElection.java:197)
	at org.apache.ratis.server.impl.LeaderElection.run(LeaderElection.java:133)
	at java.lang.Thread.run(Thread.java:748)
Caused by: org.apache.ratis.thirdparty.io.grpc.StatusRuntimeException: UNAVAILABLE: io exception
	at org.apache.ratis.thirdparty.io.grpc.stub.ClientCalls.toStatusRuntimeException(ClientCalls.java:233)
	at org.apache.ratis.thirdparty.io.grpc.stub.ClientCalls.getUnchecked(ClientCalls.java:214)
	at org.apache.ratis.thirdparty.io.grpc.stub.ClientCalls.blockingUnaryCall(ClientCalls.java:139)
	at org.apache.ratis.proto.grpc.RaftServerProtocolServiceGrpc$RaftServerProtocolServiceBlockingStub.requestVote(RaftServerProtocolServiceGrpc.java:265)
	at org.apache.ratis.grpc.server.GrpcServerProtocolClient.requestVote(GrpcServerProtocolClient.java:99)
	at org.apache.ratis.grpc.server.GrpcService.requestVote(GrpcService.java:204)
	at org.apache.ratis.server.impl.LeaderElection.lambda$submitRequests$1(LeaderElection.java:234)
	at java.util.concurrent.FutureTask.run(FutureTask.java:266)
	at java.util.concurrent.Executors$RunnableAdapter.call(Executors.java:511)
	at java.util.concurrent.FutureTask.run(FutureTask.java:266)
	at java.util.concurrent.ThreadPoolExecutor.runWorker(ThreadPoolExecutor.java:1149)
	at java.util.concurrent.ThreadPoolExecutor$Worker.run(ThreadPoolExecutor.java:624)
	... 1 more
Caused by: org.apache.ratis.thirdparty.io.netty.channel.AbstractChannel$AnnotatedConnectException: Connection refused: /192.168.34.56:36658
	at sun.nio.ch.SocketChannelImpl.checkConnect(Native Method)
	at sun.nio.ch.SocketChannelImpl.finishConnect(SocketChannelImpl.java:717)
	at org.apache.ratis.thirdparty.io.netty.channel.socket.nio.NioSocketChannel.doFinishConnect(NioSocketChannel.java:327)
	at org.apache.ratis.thirdparty.io.netty.channel.nio.AbstractNioChannel$AbstractNioUnsafe.finishConnect(AbstractNioChannel.java:340)
	at org.apache.ratis.thirdparty.io.netty.channel.nio.NioEventLoop.processSelectedKey(NioEventLoop.java:632)
	at org.apache.ratis.thirdparty.io.netty.channel.nio.NioEventLoop.processSelectedKeysOptimized(NioEventLoop.java:579)
	at org.apache.ratis.thirdparty.io.netty.channel.nio.NioEventLoop.processSelectedKeys(NioEventLoop.java:496)
	at org.apache.ratis.thirdparty.io.netty.channel.nio.NioEventLoop.run(NioEventLoop.java:458)
	at org.apache.ratis.thirdparty.io.netty.util.concurrent.SingleThreadEventExecutor$5.run(SingleThreadEventExecutor.java:897)
	at org.apache.ratis.thirdparty.io.netty.util.concurrent.FastThreadLocalRunnable.run(FastThreadLocalRunnable.java:30)
	... 1 more
Caused by: java.net.ConnectException: Connection refused
	... 11 more
2019-10-18 13:01:49,158 [grpc-default-executor-7] INFO  impl.RaftServerImpl (RaftServerImpl.java:setRole(184)) - 893cf03e-f2cf-478a-892a-a746717e50e3@group-187684C21557: changes role from  FOLLOWER to FOLLOWER at term 145 for recognizeCandidate:018b3f78-d19f-4e26-a796-cb8ddc4f97cf
2019-10-18 13:01:49,158 [c124d131-afb9-4343-ad4e-aaebde613043@group-FF4202234884-LeaderElection254] INFO  impl.RaftServerImpl (RaftServerImpl.java:setRole(184)) - c124d131-afb9-4343-ad4e-aaebde613043@group-FF4202234884: changes role from CANDIDATE to FOLLOWER at term 140 for DISCOVERED_A_NEW_TERM
2019-10-18 13:01:49,159 [c124d131-afb9-4343-ad4e-aaebde613043@group-FF4202234884-LeaderElection254] INFO  impl.RoleInfo (RoleInfo.java:shutdownLeaderElection(134)) - c124d131-afb9-4343-ad4e-aaebde613043: shutdown LeaderElection
2019-10-18 13:01:49,158 [grpc-default-executor-2] INFO  impl.RaftServerImpl (RaftServerImpl.java:setRole(184)) - 8697df36-98d2-41b1-bdc7-60597b3b5526@group-187684C21557: changes role from  FOLLOWER to FOLLOWER at term 145 for recognizeCandidate:018b3f78-d19f-4e26-a796-cb8ddc4f97cf
2019-10-18 13:01:49,159 [c124d131-afb9-4343-ad4e-aaebde613043@group-FF4202234884-LeaderElection254] INFO  impl.RoleInfo (RoleInfo.java:updateAndGet(143)) - c124d131-afb9-4343-ad4e-aaebde613043: start FollowerState
2019-10-18 13:01:49,159 [grpc-default-executor-7] INFO  impl.RoleInfo (RoleInfo.java:shutdownFollowerState(121)) - 893cf03e-f2cf-478a-892a-a746717e50e3: shutdown FollowerState
2019-10-18 13:01:49,159 [grpc-default-executor-2] INFO  impl.RoleInfo (RoleInfo.java:shutdownFollowerState(121)) - 8697df36-98d2-41b1-bdc7-60597b3b5526: shutdown FollowerState
2019-10-18 13:01:49,159 [grpc-default-executor-7] INFO  impl.RoleInfo (RoleInfo.java:updateAndGet(143)) - 893cf03e-f2cf-478a-892a-a746717e50e3: start FollowerState
2019-10-18 13:01:49,160 [Thread-2258] INFO  impl.FollowerState (FollowerState.java:run(117)) - 8697df36-98d2-41b1-bdc7-60597b3b5526@group-187684C21557-FollowerState was interrupted: java.lang.InterruptedException: sleep interrupted
2019-10-18 13:01:49,160 [grpc-default-executor-2] INFO  impl.RoleInfo (RoleInfo.java:updateAndGet(143)) - 8697df36-98d2-41b1-bdc7-60597b3b5526: start FollowerState
2019-10-18 13:01:49,160 [Thread-2259] INFO  impl.FollowerState (FollowerState.java:run(117)) - 893cf03e-f2cf-478a-892a-a746717e50e3@group-187684C21557-FollowerState was interrupted: java.lang.InterruptedException: sleep interrupted
2019-10-18 13:01:49,241 [018b3f78-d19f-4e26-a796-cb8ddc4f97cf@group-187684C21557-LeaderElection255] INFO  impl.LeaderElection (LeaderElection.java:logAndReturn(56)) - 018b3f78-d19f-4e26-a796-cb8ddc4f97cf@group-187684C21557-LeaderElection255: Election REJECTED; received 2 response(s) [018b3f78-d19f-4e26-a796-cb8ddc4f97cf<-893cf03e-f2cf-478a-892a-a746717e50e3#0:FAIL-t145, 018b3f78-d19f-4e26-a796-cb8ddc4f97cf<-8697df36-98d2-41b1-bdc7-60597b3b5526#0:FAIL-t145] and 0 exception(s); 018b3f78-d19f-4e26-a796-cb8ddc4f97cf@group-187684C21557:t145, leader=null, voted=018b3f78-d19f-4e26-a796-cb8ddc4f97cf, raftlog=018b3f78-d19f-4e26-a796-cb8ddc4f97cf@group-187684C21557-SegmentedRaftLog:OPENED:c-1,f-1,i0, conf=-1: [893cf03e-f2cf-478a-892a-a746717e50e3:192.168.34.56:40750, 8697df36-98d2-41b1-bdc7-60597b3b5526:192.168.34.56:46415, 018b3f78-d19f-4e26-a796-cb8ddc4f97cf:192.168.34.56:35845], old=null
2019-10-18 13:01:49,242 [018b3f78-d19f-4e26-a796-cb8ddc4f97cf@group-187684C21557-LeaderElection255] INFO  impl.RaftServerImpl (RaftServerImpl.java:setRole(184)) - 018b3f78-d19f-4e26-a796-cb8ddc4f97cf@group-187684C21557: changes role from CANDIDATE to FOLLOWER at term 145 for DISCOVERED_A_NEW_TERM
2019-10-18 13:01:49,242 [018b3f78-d19f-4e26-a796-cb8ddc4f97cf@group-187684C21557-LeaderElection255] INFO  impl.RoleInfo (RoleInfo.java:shutdownLeaderElection(134)) - 018b3f78-d19f-4e26-a796-cb8ddc4f97cf: shutdown LeaderElection
2019-10-18 13:01:49,242 [018b3f78-d19f-4e26-a796-cb8ddc4f97cf@group-187684C21557-LeaderElection255] INFO  impl.RoleInfo (RoleInfo.java:updateAndGet(143)) - 018b3f78-d19f-4e26-a796-cb8ddc4f97cf: start FollowerState
2019-10-18 13:01:49,257 [Thread-2276] INFO  impl.FollowerState (FollowerState.java:run(108)) - 018b3f78-d19f-4e26-a796-cb8ddc4f97cf@group-187684C21557-FollowerState: change to CANDIDATE, lastRpcTime:15ms, electionTimeout:15ms
2019-10-18 13:01:49,257 [Thread-2276] INFO  impl.RoleInfo (RoleInfo.java:shutdownFollowerState(121)) - 018b3f78-d19f-4e26-a796-cb8ddc4f97cf: shutdown FollowerState
2019-10-18 13:01:49,258 [Thread-2276] INFO  impl.RaftServerImpl (RaftServerImpl.java:setRole(184)) - 018b3f78-d19f-4e26-a796-cb8ddc4f97cf@group-187684C21557: changes role from  FOLLOWER to CANDIDATE at term 145 for changeToCandidate
2019-10-18 13:01:49,258 [Thread-2276] INFO  impl.RoleInfo (RoleInfo.java:updateAndGet(143)) - 018b3f78-d19f-4e26-a796-cb8ddc4f97cf: start LeaderElection
2019-10-18 13:01:49,310 [018b3f78-d19f-4e26-a796-cb8ddc4f97cf@group-187684C21557-LeaderElection256] INFO  impl.LeaderElection (LeaderElection.java:askForVotes(178)) - 018b3f78-d19f-4e26-a796-cb8ddc4f97cf@group-187684C21557-LeaderElection256: begin an election at term 146 for -1: [893cf03e-f2cf-478a-892a-a746717e50e3:192.168.34.56:40750, 8697df36-98d2-41b1-bdc7-60597b3b5526:192.168.34.56:46415, 018b3f78-d19f-4e26-a796-cb8ddc4f97cf:192.168.34.56:35845], old=null
2019-10-18 13:01:49,312 [grpc-default-executor-7] INFO  impl.RaftServerImpl (RaftServerImpl.java:setRole(184)) - 8697df36-98d2-41b1-bdc7-60597b3b5526@group-187684C21557: changes role from  FOLLOWER to FOLLOWER at term 146 for recognizeCandidate:018b3f78-d19f-4e26-a796-cb8ddc4f97cf
2019-10-18 13:01:49,312 [grpc-default-executor-2] INFO  impl.RaftServerImpl (RaftServerImpl.java:setRole(184)) - 893cf03e-f2cf-478a-892a-a746717e50e3@group-187684C21557: changes role from  FOLLOWER to FOLLOWER at term 146 for recognizeCandidate:018b3f78-d19f-4e26-a796-cb8ddc4f97cf
2019-10-18 13:01:49,312 [grpc-default-executor-7] INFO  impl.RoleInfo (RoleInfo.java:shutdownFollowerState(121)) - 8697df36-98d2-41b1-bdc7-60597b3b5526: shutdown FollowerState
2019-10-18 13:01:49,312 [grpc-default-executor-2] INFO  impl.RoleInfo (RoleInfo.java:shutdownFollowerState(121)) - 893cf03e-f2cf-478a-892a-a746717e50e3: shutdown FollowerState
2019-10-18 13:01:49,313 [Thread-2273] INFO  impl.FollowerState (FollowerState.java:run(117)) - 8697df36-98d2-41b1-bdc7-60597b3b5526@group-187684C21557-FollowerState was interrupted: java.lang.InterruptedException: sleep interrupted
2019-10-18 13:01:49,313 [grpc-default-executor-7] INFO  impl.RoleInfo (RoleInfo.java:updateAndGet(143)) - 8697df36-98d2-41b1-bdc7-60597b3b5526: start FollowerState
2019-10-18 13:01:49,313 [Thread-2272] INFO  impl.FollowerState (FollowerState.java:run(117)) - 893cf03e-f2cf-478a-892a-a746717e50e3@group-187684C21557-FollowerState was interrupted: java.lang.InterruptedException: sleep interrupted
2019-10-18 13:01:49,313 [grpc-default-executor-2] INFO  impl.RoleInfo (RoleInfo.java:updateAndGet(143)) - 893cf03e-f2cf-478a-892a-a746717e50e3: start FollowerState
2019-10-18 13:01:49,357 [Thread-2271] INFO  impl.FollowerState (FollowerState.java:run(108)) - c124d131-afb9-4343-ad4e-aaebde613043@group-FF4202234884-FollowerState: change to CANDIDATE, lastRpcTime:197ms, electionTimeout:197ms
2019-10-18 13:01:49,357 [Thread-2271] INFO  impl.RoleInfo (RoleInfo.java:shutdownFollowerState(121)) - c124d131-afb9-4343-ad4e-aaebde613043: shutdown FollowerState
2019-10-18 13:01:49,357 [Thread-2271] INFO  impl.RaftServerImpl (RaftServerImpl.java:setRole(184)) - c124d131-afb9-4343-ad4e-aaebde613043@group-FF4202234884: changes role from  FOLLOWER to CANDIDATE at term 140 for changeToCandidate
2019-10-18 13:01:49,357 [Thread-2271] INFO  impl.RoleInfo (RoleInfo.java:updateAndGet(143)) - c124d131-afb9-4343-ad4e-aaebde613043: start LeaderElection
2019-10-18 13:01:49,368 [018b3f78-d19f-4e26-a796-cb8ddc4f97cf@group-187684C21557-LeaderElection256] INFO  impl.LeaderElection (LeaderElection.java:logAndReturn(56)) - 018b3f78-d19f-4e26-a796-cb8ddc4f97cf@group-187684C21557-LeaderElection256: Election TIMEOUT; received 0 response(s) [] and 0 exception(s); 018b3f78-d19f-4e26-a796-cb8ddc4f97cf@group-187684C21557:t146, leader=null, voted=018b3f78-d19f-4e26-a796-cb8ddc4f97cf, raftlog=018b3f78-d19f-4e26-a796-cb8ddc4f97cf@group-187684C21557-SegmentedRaftLog:OPENED:c-1,f-1,i0, conf=-1: [893cf03e-f2cf-478a-892a-a746717e50e3:192.168.34.56:40750, 8697df36-98d2-41b1-bdc7-60597b3b5526:192.168.34.56:46415, 018b3f78-d19f-4e26-a796-cb8ddc4f97cf:192.168.34.56:35845], old=null
2019-10-18 13:01:49,423 [018b3f78-d19f-4e26-a796-cb8ddc4f97cf@group-187684C21557-LeaderElection256] INFO  impl.LeaderElection (LeaderElection.java:askForVotes(178)) - 018b3f78-d19f-4e26-a796-cb8ddc4f97cf@group-187684C21557-LeaderElection256: begin an election at term 147 for -1: [893cf03e-f2cf-478a-892a-a746717e50e3:192.168.34.56:40750, 8697df36-98d2-41b1-bdc7-60597b3b5526:192.168.34.56:46415, 018b3f78-d19f-4e26-a796-cb8ddc4f97cf:192.168.34.56:35845], old=null
2019-10-18 13:01:49,423 [c124d131-afb9-4343-ad4e-aaebde613043@group-FF4202234884-LeaderElection257] INFO  impl.LeaderElection (LeaderElection.java:askForVotes(178)) - c124d131-afb9-4343-ad4e-aaebde613043@group-FF4202234884-LeaderElection257: begin an election at term 141 for -1: [999343e7-0330-4874-a345-91eca72585e0:192.168.34.56:44872, c124d131-afb9-4343-ad4e-aaebde613043:192.168.34.56:42116, e5bb327f-cdd7-4e49-919e-13a4c895fddf:192.168.34.56:36658], old=null
2019-10-18 13:01:49,424 [c124d131-afb9-4343-ad4e-aaebde613043@group-FF4202234884-LeaderElection257] INFO  impl.LeaderElection (LogUtils.java:infoOrTrace(149)) - c124d131-afb9-4343-ad4e-aaebde613043@group-FF4202234884-LeaderElection257 got exception when requesting votes: {}
java.util.concurrent.ExecutionException: org.apache.ratis.thirdparty.io.grpc.StatusRuntimeException: UNAVAILABLE: io exception
	at java.util.concurrent.FutureTask.report(FutureTask.java:122)
	at java.util.concurrent.FutureTask.get(FutureTask.java:192)
	at org.apache.ratis.server.impl.LeaderElection.waitForResults(LeaderElection.java:259)
	at org.apache.ratis.server.impl.LeaderElection.askForVotes(LeaderElection.java:197)
	at org.apache.ratis.server.impl.LeaderElection.run(LeaderElection.java:133)
	at java.lang.Thread.run(Thread.java:748)
Caused by: org.apache.ratis.thirdparty.io.grpc.StatusRuntimeException: UNAVAILABLE: io exception
	at org.apache.ratis.thirdparty.io.grpc.stub.ClientCalls.toStatusRuntimeException(ClientCalls.java:233)
	at org.apache.ratis.thirdparty.io.grpc.stub.ClientCalls.getUnchecked(ClientCalls.java:214)
	at org.apache.ratis.thirdparty.io.grpc.stub.ClientCalls.blockingUnaryCall(ClientCalls.java:139)
	at org.apache.ratis.proto.grpc.RaftServerProtocolServiceGrpc$RaftServerProtocolServiceBlockingStub.requestVote(RaftServerProtocolServiceGrpc.java:265)
	at org.apache.ratis.grpc.server.GrpcServerProtocolClient.requestVote(GrpcServerProtocolClient.java:99)
	at org.apache.ratis.grpc.server.GrpcService.requestVote(GrpcService.java:204)
	at org.apache.ratis.server.impl.LeaderElection.lambda$submitRequests$1(LeaderElection.java:234)
	at java.util.concurrent.FutureTask.run(FutureTask.java:266)
	at java.util.concurrent.Executors$RunnableAdapter.call(Executors.java:511)
	at java.util.concurrent.FutureTask.run(FutureTask.java:266)
	at java.util.concurrent.ThreadPoolExecutor.runWorker(ThreadPoolExecutor.java:1149)
	at java.util.concurrent.ThreadPoolExecutor$Worker.run(ThreadPoolExecutor.java:624)
	... 1 more
Caused by: org.apache.ratis.thirdparty.io.netty.channel.AbstractChannel$AnnotatedConnectException: Connection refused: /192.168.34.56:36658
	at sun.nio.ch.SocketChannelImpl.checkConnect(Native Method)
	at sun.nio.ch.SocketChannelImpl.finishConnect(SocketChannelImpl.java:717)
	at org.apache.ratis.thirdparty.io.netty.channel.socket.nio.NioSocketChannel.doFinishConnect(NioSocketChannel.java:327)
	at org.apache.ratis.thirdparty.io.netty.channel.nio.AbstractNioChannel$AbstractNioUnsafe.finishConnect(AbstractNioChannel.java:340)
	at org.apache.ratis.thirdparty.io.netty.channel.nio.NioEventLoop.processSelectedKey(NioEventLoop.java:632)
	at org.apache.ratis.thirdparty.io.netty.channel.nio.NioEventLoop.processSelectedKeysOptimized(NioEventLoop.java:579)
	at org.apache.ratis.thirdparty.io.netty.channel.nio.NioEventLoop.processSelectedKeys(NioEventLoop.java:496)
	at org.apache.ratis.thirdparty.io.netty.channel.nio.NioEventLoop.run(NioEventLoop.java:458)
	at org.apache.ratis.thirdparty.io.netty.util.concurrent.SingleThreadEventExecutor$5.run(SingleThreadEventExecutor.java:897)
	at org.apache.ratis.thirdparty.io.netty.util.concurrent.FastThreadLocalRunnable.run(FastThreadLocalRunnable.java:30)
	... 1 more
Caused by: java.net.ConnectException: Connection refused
	... 11 more
2019-10-18 13:01:49,424 [grpc-default-executor-2] INFO  impl.RaftServerImpl (RaftServerImpl.java:setRole(184)) - 893cf03e-f2cf-478a-892a-a746717e50e3@group-187684C21557: changes role from  FOLLOWER to FOLLOWER at term 147 for recognizeCandidate:018b3f78-d19f-4e26-a796-cb8ddc4f97cf
2019-10-18 13:01:49,428 [grpc-default-executor-2] INFO  impl.RoleInfo (RoleInfo.java:shutdownFollowerState(121)) - 893cf03e-f2cf-478a-892a-a746717e50e3: shutdown FollowerState
2019-10-18 13:01:49,424 [grpc-default-executor-7] INFO  impl.RaftServerImpl (RaftServerImpl.java:setRole(184)) - 8697df36-98d2-41b1-bdc7-60597b3b5526@group-187684C21557: changes role from  FOLLOWER to FOLLOWER at term 147 for recognizeCandidate:018b3f78-d19f-4e26-a796-cb8ddc4f97cf
2019-10-18 13:01:49,428 [Thread-2281] INFO  impl.FollowerState (FollowerState.java:run(117)) - 893cf03e-f2cf-478a-892a-a746717e50e3@group-187684C21557-FollowerState was interrupted: java.lang.InterruptedException: sleep interrupted
2019-10-18 13:01:49,428 [grpc-default-executor-2] INFO  impl.RoleInfo (RoleInfo.java:updateAndGet(143)) - 893cf03e-f2cf-478a-892a-a746717e50e3: start FollowerState
2019-10-18 13:01:49,428 [c124d131-afb9-4343-ad4e-aaebde613043@group-FF4202234884-LeaderElection257] INFO  impl.LeaderElection (LogUtils.java:infoOrTrace(149)) - c124d131-afb9-4343-ad4e-aaebde613043@group-FF4202234884-LeaderElection257 got exception when requesting votes: {}
java.util.concurrent.ExecutionException: org.apache.ratis.thirdparty.io.grpc.StatusRuntimeException: UNAVAILABLE: io exception
	at java.util.concurrent.FutureTask.report(FutureTask.java:122)
	at java.util.concurrent.FutureTask.get(FutureTask.java:192)
	at org.apache.ratis.server.impl.LeaderElection.waitForResults(LeaderElection.java:259)
	at org.apache.ratis.server.impl.LeaderElection.askForVotes(LeaderElection.java:197)
	at org.apache.ratis.server.impl.LeaderElection.run(LeaderElection.java:133)
	at java.lang.Thread.run(Thread.java:748)
Caused by: org.apache.ratis.thirdparty.io.grpc.StatusRuntimeException: UNAVAILABLE: io exception
	at org.apache.ratis.thirdparty.io.grpc.stub.ClientCalls.toStatusRuntimeException(ClientCalls.java:233)
	at org.apache.ratis.thirdparty.io.grpc.stub.ClientCalls.getUnchecked(ClientCalls.java:214)
	at org.apache.ratis.thirdparty.io.grpc.stub.ClientCalls.blockingUnaryCall(ClientCalls.java:139)
	at org.apache.ratis.proto.grpc.RaftServerProtocolServiceGrpc$RaftServerProtocolServiceBlockingStub.requestVote(RaftServerProtocolServiceGrpc.java:265)
	at org.apache.ratis.grpc.server.GrpcServerProtocolClient.requestVote(GrpcServerProtocolClient.java:99)
	at org.apache.ratis.grpc.server.GrpcService.requestVote(GrpcService.java:204)
	at org.apache.ratis.server.impl.LeaderElection.lambda$submitRequests$1(LeaderElection.java:234)
	at java.util.concurrent.FutureTask.run(FutureTask.java:266)
	at java.util.concurrent.Executors$RunnableAdapter.call(Executors.java:511)
	at java.util.concurrent.FutureTask.run(FutureTask.java:266)
	at java.util.concurrent.ThreadPoolExecutor.runWorker(ThreadPoolExecutor.java:1149)
	at java.util.concurrent.ThreadPoolExecutor$Worker.run(ThreadPoolExecutor.java:624)
	... 1 more
Caused by: org.apache.ratis.thirdparty.io.netty.channel.AbstractChannel$AnnotatedConnectException: Connection refused: /192.168.34.56:44872
	at sun.nio.ch.SocketChannelImpl.checkConnect(Native Method)
	at sun.nio.ch.SocketChannelImpl.finishConnect(SocketChannelImpl.java:717)
	at org.apache.ratis.thirdparty.io.netty.channel.socket.nio.NioSocketChannel.doFinishConnect(NioSocketChannel.java:327)
	at org.apache.ratis.thirdparty.io.netty.channel.nio.AbstractNioChannel$AbstractNioUnsafe.finishConnect(AbstractNioChannel.java:340)
	at org.apache.ratis.thirdparty.io.netty.channel.nio.NioEventLoop.processSelectedKey(NioEventLoop.java:632)
	at org.apache.ratis.thirdparty.io.netty.channel.nio.NioEventLoop.processSelectedKeysOptimized(NioEventLoop.java:579)
	at org.apache.ratis.thirdparty.io.netty.channel.nio.NioEventLoop.processSelectedKeys(NioEventLoop.java:496)
	at org.apache.ratis.thirdparty.io.netty.channel.nio.NioEventLoop.run(NioEventLoop.java:458)
	at org.apache.ratis.thirdparty.io.netty.util.concurrent.SingleThreadEventExecutor$5.run(SingleThreadEventExecutor.java:897)
	at org.apache.ratis.thirdparty.io.netty.util.concurrent.FastThreadLocalRunnable.run(FastThreadLocalRunnable.java:30)
	... 1 more
Caused by: java.net.ConnectException: Connection refused
	... 11 more
2019-10-18 13:01:49,428 [grpc-default-executor-7] INFO  impl.RoleInfo (RoleInfo.java:shutdownFollowerState(121)) - 8697df36-98d2-41b1-bdc7-60597b3b5526: shutdown FollowerState
2019-10-18 13:01:49,431 [c124d131-afb9-4343-ad4e-aaebde613043@group-FF4202234884-LeaderElection257] INFO  impl.LeaderElection (LeaderElection.java:logAndReturn(56)) - c124d131-afb9-4343-ad4e-aaebde613043@group-FF4202234884-LeaderElection257: Election REJECTED; received 0 response(s) [] and 2 exception(s); c124d131-afb9-4343-ad4e-aaebde613043@group-FF4202234884:t141, leader=null, voted=c124d131-afb9-4343-ad4e-aaebde613043, raftlog=c124d131-afb9-4343-ad4e-aaebde613043@group-FF4202234884-SegmentedRaftLog:OPENED:c-1,f-1,i0, conf=-1: [999343e7-0330-4874-a345-91eca72585e0:192.168.34.56:44872, c124d131-afb9-4343-ad4e-aaebde613043:192.168.34.56:42116, e5bb327f-cdd7-4e49-919e-13a4c895fddf:192.168.34.56:36658], old=null
2019-10-18 13:01:49,431 [Thread-2280] INFO  impl.FollowerState (FollowerState.java:run(117)) - 8697df36-98d2-41b1-bdc7-60597b3b5526@group-187684C21557-FollowerState was interrupted: java.lang.InterruptedException: sleep interrupted
2019-10-18 13:01:49,431 [grpc-default-executor-7] INFO  impl.RoleInfo (RoleInfo.java:updateAndGet(143)) - 8697df36-98d2-41b1-bdc7-60597b3b5526: start FollowerState
2019-10-18 13:01:49,431 [c124d131-afb9-4343-ad4e-aaebde613043@group-FF4202234884-LeaderElection257] INFO  impl.LeaderElection (LogUtils.java:infoOrTrace(149)) -   Exception 0: {}
java.util.concurrent.ExecutionException: org.apache.ratis.thirdparty.io.grpc.StatusRuntimeException: UNAVAILABLE: io exception
	at java.util.concurrent.FutureTask.report(FutureTask.java:122)
	at java.util.concurrent.FutureTask.get(FutureTask.java:192)
	at org.apache.ratis.server.impl.LeaderElection.waitForResults(LeaderElection.java:259)
	at org.apache.ratis.server.impl.LeaderElection.askForVotes(LeaderElection.java:197)
	at org.apache.ratis.server.impl.LeaderElection.run(LeaderElection.java:133)
	at java.lang.Thread.run(Thread.java:748)
Caused by: org.apache.ratis.thirdparty.io.grpc.StatusRuntimeException: UNAVAILABLE: io exception
	at org.apache.ratis.thirdparty.io.grpc.stub.ClientCalls.toStatusRuntimeException(ClientCalls.java:233)
	at org.apache.ratis.thirdparty.io.grpc.stub.ClientCalls.getUnchecked(ClientCalls.java:214)
	at org.apache.ratis.thirdparty.io.grpc.stub.ClientCalls.blockingUnaryCall(ClientCalls.java:139)
	at org.apache.ratis.proto.grpc.RaftServerProtocolServiceGrpc$RaftServerProtocolServiceBlockingStub.requestVote(RaftServerProtocolServiceGrpc.java:265)
	at org.apache.ratis.grpc.server.GrpcServerProtocolClient.requestVote(GrpcServerProtocolClient.java:99)
	at org.apache.ratis.grpc.server.GrpcService.requestVote(GrpcService.java:204)
	at org.apache.ratis.server.impl.LeaderElection.lambda$submitRequests$1(LeaderElection.java:234)
	at java.util.concurrent.FutureTask.run(FutureTask.java:266)
	at java.util.concurrent.Executors$RunnableAdapter.call(Executors.java:511)
	at java.util.concurrent.FutureTask.run(FutureTask.java:266)
	at java.util.concurrent.ThreadPoolExecutor.runWorker(ThreadPoolExecutor.java:1149)
	at java.util.concurrent.ThreadPoolExecutor$Worker.run(ThreadPoolExecutor.java:624)
	... 1 more
Caused by: org.apache.ratis.thirdparty.io.netty.channel.AbstractChannel$AnnotatedConnectException: Connection refused: /192.168.34.56:36658
	at sun.nio.ch.SocketChannelImpl.checkConnect(Native Method)
	at sun.nio.ch.SocketChannelImpl.finishConnect(SocketChannelImpl.java:717)
	at org.apache.ratis.thirdparty.io.netty.channel.socket.nio.NioSocketChannel.doFinishConnect(NioSocketChannel.java:327)
	at org.apache.ratis.thirdparty.io.netty.channel.nio.AbstractNioChannel$AbstractNioUnsafe.finishConnect(AbstractNioChannel.java:340)
	at org.apache.ratis.thirdparty.io.netty.channel.nio.NioEventLoop.processSelectedKey(NioEventLoop.java:632)
	at org.apache.ratis.thirdparty.io.netty.channel.nio.NioEventLoop.processSelectedKeysOptimized(NioEventLoop.java:579)
	at org.apache.ratis.thirdparty.io.netty.channel.nio.NioEventLoop.processSelectedKeys(NioEventLoop.java:496)
	at org.apache.ratis.thirdparty.io.netty.channel.nio.NioEventLoop.run(NioEventLoop.java:458)
	at org.apache.ratis.thirdparty.io.netty.util.concurrent.SingleThreadEventExecutor$5.run(SingleThreadEventExecutor.java:897)
	at org.apache.ratis.thirdparty.io.netty.util.concurrent.FastThreadLocalRunnable.run(FastThreadLocalRunnable.java:30)
	... 1 more
Caused by: java.net.ConnectException: Connection refused
	... 11 more
2019-10-18 13:01:49,432 [c124d131-afb9-4343-ad4e-aaebde613043@group-FF4202234884-LeaderElection257] INFO  impl.LeaderElection (LogUtils.java:infoOrTrace(149)) -   Exception 1: {}
java.util.concurrent.ExecutionException: org.apache.ratis.thirdparty.io.grpc.StatusRuntimeException: UNAVAILABLE: io exception
	at java.util.concurrent.FutureTask.report(FutureTask.java:122)
	at java.util.concurrent.FutureTask.get(FutureTask.java:192)
	at org.apache.ratis.server.impl.LeaderElection.waitForResults(LeaderElection.java:259)
	at org.apache.ratis.server.impl.LeaderElection.askForVotes(LeaderElection.java:197)
	at org.apache.ratis.server.impl.LeaderElection.run(LeaderElection.java:133)
	at java.lang.Thread.run(Thread.java:748)
Caused by: org.apache.ratis.thirdparty.io.grpc.StatusRuntimeException: UNAVAILABLE: io exception
	at org.apache.ratis.thirdparty.io.grpc.stub.ClientCalls.toStatusRuntimeException(ClientCalls.java:233)
	at org.apache.ratis.thirdparty.io.grpc.stub.ClientCalls.getUnchecked(ClientCalls.java:214)
	at org.apache.ratis.thirdparty.io.grpc.stub.ClientCalls.blockingUnaryCall(ClientCalls.java:139)
	at org.apache.ratis.proto.grpc.RaftServerProtocolServiceGrpc$RaftServerProtocolServiceBlockingStub.requestVote(RaftServerProtocolServiceGrpc.java:265)
	at org.apache.ratis.grpc.server.GrpcServerProtocolClient.requestVote(GrpcServerProtocolClient.java:99)
	at org.apache.ratis.grpc.server.GrpcService.requestVote(GrpcService.java:204)
	at org.apache.ratis.server.impl.LeaderElection.lambda$submitRequests$1(LeaderElection.java:234)
	at java.util.concurrent.FutureTask.run(FutureTask.java:266)
	at java.util.concurrent.Executors$RunnableAdapter.call(Executors.java:511)
	at java.util.concurrent.FutureTask.run(FutureTask.java:266)
	at java.util.concurrent.ThreadPoolExecutor.runWorker(ThreadPoolExecutor.java:1149)
	at java.util.concurrent.ThreadPoolExecutor$Worker.run(ThreadPoolExecutor.java:624)
	... 1 more
Caused by: org.apache.ratis.thirdparty.io.netty.channel.AbstractChannel$AnnotatedConnectException: Connection refused: /192.168.34.56:44872
	at sun.nio.ch.SocketChannelImpl.checkConnect(Native Method)
	at sun.nio.ch.SocketChannelImpl.finishConnect(SocketChannelImpl.java:717)
	at org.apache.ratis.thirdparty.io.netty.channel.socket.nio.NioSocketChannel.doFinishConnect(NioSocketChannel.java:327)
	at org.apache.ratis.thirdparty.io.netty.channel.nio.AbstractNioChannel$AbstractNioUnsafe.finishConnect(AbstractNioChannel.java:340)
	at org.apache.ratis.thirdparty.io.netty.channel.nio.NioEventLoop.processSelectedKey(NioEventLoop.java:632)
	at org.apache.ratis.thirdparty.io.netty.channel.nio.NioEventLoop.processSelectedKeysOptimized(NioEventLoop.java:579)
	at org.apache.ratis.thirdparty.io.netty.channel.nio.NioEventLoop.processSelectedKeys(NioEventLoop.java:496)
	at org.apache.ratis.thirdparty.io.netty.channel.nio.NioEventLoop.run(NioEventLoop.java:458)
	at org.apache.ratis.thirdparty.io.netty.util.concurrent.SingleThreadEventExecutor$5.run(SingleThreadEventExecutor.java:897)
	at org.apache.ratis.thirdparty.io.netty.util.concurrent.FastThreadLocalRunnable.run(FastThreadLocalRunnable.java:30)
	... 1 more
Caused by: java.net.ConnectException: Connection refused
	... 11 more
2019-10-18 13:01:49,432 [c124d131-afb9-4343-ad4e-aaebde613043@group-FF4202234884-LeaderElection257] INFO  impl.RaftServerImpl (RaftServerImpl.java:setRole(184)) - c124d131-afb9-4343-ad4e-aaebde613043@group-FF4202234884: changes role from CANDIDATE to FOLLOWER at term 141 for DISCOVERED_A_NEW_TERM
2019-10-18 13:01:49,432 [c124d131-afb9-4343-ad4e-aaebde613043@group-FF4202234884-LeaderElection257] INFO  impl.RoleInfo (RoleInfo.java:shutdownLeaderElection(134)) - c124d131-afb9-4343-ad4e-aaebde613043: shutdown LeaderElection
2019-10-18 13:01:49,432 [c124d131-afb9-4343-ad4e-aaebde613043@group-FF4202234884-LeaderElection257] INFO  impl.RoleInfo (RoleInfo.java:updateAndGet(143)) - c124d131-afb9-4343-ad4e-aaebde613043: start FollowerState
2019-10-18 13:01:49,485 [018b3f78-d19f-4e26-a796-cb8ddc4f97cf@group-187684C21557-LeaderElection256] INFO  impl.LeaderElection (LeaderElection.java:logAndReturn(56)) - 018b3f78-d19f-4e26-a796-cb8ddc4f97cf@group-187684C21557-LeaderElection256: Election REJECTED; received 2 response(s) [018b3f78-d19f-4e26-a796-cb8ddc4f97cf<-893cf03e-f2cf-478a-892a-a746717e50e3#0:FAIL-t147, 018b3f78-d19f-4e26-a796-cb8ddc4f97cf<-8697df36-98d2-41b1-bdc7-60597b3b5526#0:FAIL-t147] and 0 exception(s); 018b3f78-d19f-4e26-a796-cb8ddc4f97cf@group-187684C21557:t147, leader=null, voted=018b3f78-d19f-4e26-a796-cb8ddc4f97cf, raftlog=018b3f78-d19f-4e26-a796-cb8ddc4f97cf@group-187684C21557-SegmentedRaftLog:OPENED:c-1,f-1,i0, conf=-1: [893cf03e-f2cf-478a-892a-a746717e50e3:192.168.34.56:40750, 8697df36-98d2-41b1-bdc7-60597b3b5526:192.168.34.56:46415, 018b3f78-d19f-4e26-a796-cb8ddc4f97cf:192.168.34.56:35845], old=null
2019-10-18 13:01:49,485 [018b3f78-d19f-4e26-a796-cb8ddc4f97cf@group-187684C21557-LeaderElection256] INFO  impl.RaftServerImpl (RaftServerImpl.java:setRole(184)) - 018b3f78-d19f-4e26-a796-cb8ddc4f97cf@group-187684C21557: changes role from CANDIDATE to FOLLOWER at term 147 for DISCOVERED_A_NEW_TERM
2019-10-18 13:01:49,486 [018b3f78-d19f-4e26-a796-cb8ddc4f97cf@group-187684C21557-LeaderElection256] INFO  impl.RoleInfo (RoleInfo.java:shutdownLeaderElection(134)) - 018b3f78-d19f-4e26-a796-cb8ddc4f97cf: shutdown LeaderElection
2019-10-18 13:01:49,486 [018b3f78-d19f-4e26-a796-cb8ddc4f97cf@group-187684C21557-LeaderElection256] INFO  impl.RoleInfo (RoleInfo.java:updateAndGet(143)) - 018b3f78-d19f-4e26-a796-cb8ddc4f97cf: start FollowerState
2019-10-18 13:01:49,508 [Thread-2290] INFO  impl.FollowerState (FollowerState.java:run(108)) - 018b3f78-d19f-4e26-a796-cb8ddc4f97cf@group-187684C21557-FollowerState: change to CANDIDATE, lastRpcTime:22ms, electionTimeout:22ms
2019-10-18 13:01:49,508 [Thread-2290] INFO  impl.RoleInfo (RoleInfo.java:shutdownFollowerState(121)) - 018b3f78-d19f-4e26-a796-cb8ddc4f97cf: shutdown FollowerState
2019-10-18 13:01:49,508 [Thread-2290] INFO  impl.RaftServerImpl (RaftServerImpl.java:setRole(184)) - 018b3f78-d19f-4e26-a796-cb8ddc4f97cf@group-187684C21557: changes role from  FOLLOWER to CANDIDATE at term 147 for changeToCandidate
2019-10-18 13:01:49,509 [Thread-2290] INFO  impl.RoleInfo (RoleInfo.java:updateAndGet(143)) - 018b3f78-d19f-4e26-a796-cb8ddc4f97cf: start LeaderElection
2019-10-18 13:01:49,548 [018b3f78-d19f-4e26-a796-cb8ddc4f97cf@group-187684C21557-LeaderElection258] INFO  impl.LeaderElection (LeaderElection.java:askForVotes(178)) - 018b3f78-d19f-4e26-a796-cb8ddc4f97cf@group-187684C21557-LeaderElection258: begin an election at term 148 for -1: [893cf03e-f2cf-478a-892a-a746717e50e3:192.168.34.56:40750, 8697df36-98d2-41b1-bdc7-60597b3b5526:192.168.34.56:46415, 018b3f78-d19f-4e26-a796-cb8ddc4f97cf:192.168.34.56:35845], old=null
2019-10-18 13:01:49,550 [grpc-default-executor-2] INFO  impl.RaftServerImpl (RaftServerImpl.java:setRole(184)) - 893cf03e-f2cf-478a-892a-a746717e50e3@group-187684C21557: changes role from  FOLLOWER to FOLLOWER at term 148 for recognizeCandidate:018b3f78-d19f-4e26-a796-cb8ddc4f97cf
2019-10-18 13:01:49,550 [grpc-default-executor-7] INFO  impl.RaftServerImpl (RaftServerImpl.java:setRole(184)) - 8697df36-98d2-41b1-bdc7-60597b3b5526@group-187684C21557: changes role from  FOLLOWER to FOLLOWER at term 148 for recognizeCandidate:018b3f78-d19f-4e26-a796-cb8ddc4f97cf
2019-10-18 13:01:49,550 [grpc-default-executor-2] INFO  impl.RoleInfo (RoleInfo.java:shutdownFollowerState(121)) - 893cf03e-f2cf-478a-892a-a746717e50e3: shutdown FollowerState
2019-10-18 13:01:49,550 [grpc-default-executor-7] INFO  impl.RoleInfo (RoleInfo.java:shutdownFollowerState(121)) - 8697df36-98d2-41b1-bdc7-60597b3b5526: shutdown FollowerState
2019-10-18 13:01:49,550 [Thread-2287] INFO  impl.FollowerState (FollowerState.java:run(117)) - 893cf03e-f2cf-478a-892a-a746717e50e3@group-187684C21557-FollowerState was interrupted: java.lang.InterruptedException: sleep interrupted
2019-10-18 13:01:49,550 [grpc-default-executor-2] INFO  impl.RoleInfo (RoleInfo.java:updateAndGet(143)) - 893cf03e-f2cf-478a-892a-a746717e50e3: start FollowerState
2019-10-18 13:01:49,551 [Thread-2288] INFO  impl.FollowerState (FollowerState.java:run(117)) - 8697df36-98d2-41b1-bdc7-60597b3b5526@group-187684C21557-FollowerState was interrupted: java.lang.InterruptedException: sleep interrupted
2019-10-18 13:01:49,551 [grpc-default-executor-7] INFO  impl.RoleInfo (RoleInfo.java:updateAndGet(143)) - 8697df36-98d2-41b1-bdc7-60597b3b5526: start FollowerState
2019-10-18 13:01:49,584 [018b3f78-d19f-4e26-a796-cb8ddc4f97cf@group-187684C21557-LeaderElection258] INFO  impl.LeaderElection (LeaderElection.java:logAndReturn(56)) - 018b3f78-d19f-4e26-a796-cb8ddc4f97cf@group-187684C21557-LeaderElection258: Election REJECTED; received 2 response(s) [018b3f78-d19f-4e26-a796-cb8ddc4f97cf<-893cf03e-f2cf-478a-892a-a746717e50e3#0:FAIL-t148, 018b3f78-d19f-4e26-a796-cb8ddc4f97cf<-8697df36-98d2-41b1-bdc7-60597b3b5526#0:FAIL-t148] and 0 exception(s); 018b3f78-d19f-4e26-a796-cb8ddc4f97cf@group-187684C21557:t148, leader=null, voted=018b3f78-d19f-4e26-a796-cb8ddc4f97cf, raftlog=018b3f78-d19f-4e26-a796-cb8ddc4f97cf@group-187684C21557-SegmentedRaftLog:OPENED:c-1,f-1,i0, conf=-1: [893cf03e-f2cf-478a-892a-a746717e50e3:192.168.34.56:40750, 8697df36-98d2-41b1-bdc7-60597b3b5526:192.168.34.56:46415, 018b3f78-d19f-4e26-a796-cb8ddc4f97cf:192.168.34.56:35845], old=null
2019-10-18 13:01:49,584 [018b3f78-d19f-4e26-a796-cb8ddc4f97cf@group-187684C21557-LeaderElection258] INFO  impl.RaftServerImpl (RaftServerImpl.java:setRole(184)) - 018b3f78-d19f-4e26-a796-cb8ddc4f97cf@group-187684C21557: changes role from CANDIDATE to FOLLOWER at term 148 for DISCOVERED_A_NEW_TERM
2019-10-18 13:01:49,584 [018b3f78-d19f-4e26-a796-cb8ddc4f97cf@group-187684C21557-LeaderElection258] INFO  impl.RoleInfo (RoleInfo.java:shutdownLeaderElection(134)) - 018b3f78-d19f-4e26-a796-cb8ddc4f97cf: shutdown LeaderElection
2019-10-18 13:01:49,584 [018b3f78-d19f-4e26-a796-cb8ddc4f97cf@group-187684C21557-LeaderElection258] INFO  impl.RoleInfo (RoleInfo.java:updateAndGet(143)) - 018b3f78-d19f-4e26-a796-cb8ddc4f97cf: start FollowerState
2019-10-18 13:01:49,627 [Thread-2289] INFO  impl.FollowerState (FollowerState.java:run(108)) - c124d131-afb9-4343-ad4e-aaebde613043@group-FF4202234884-FollowerState: change to CANDIDATE, lastRpcTime:194ms, electionTimeout:194ms
2019-10-18 13:01:49,627 [Thread-2289] INFO  impl.RoleInfo (RoleInfo.java:shutdownFollowerState(121)) - c124d131-afb9-4343-ad4e-aaebde613043: shutdown FollowerState
2019-10-18 13:01:49,627 [Thread-2289] INFO  impl.RaftServerImpl (RaftServerImpl.java:setRole(184)) - c124d131-afb9-4343-ad4e-aaebde613043@group-FF4202234884: changes role from  FOLLOWER to CANDIDATE at term 141 for changeToCandidate
2019-10-18 13:01:49,627 [Thread-2289] INFO  impl.RoleInfo (RoleInfo.java:updateAndGet(143)) - c124d131-afb9-4343-ad4e-aaebde613043: start LeaderElection
2019-10-18 13:01:49,654 [Thread-2296] INFO  impl.FollowerState (FollowerState.java:run(108)) - 018b3f78-d19f-4e26-a796-cb8ddc4f97cf@group-187684C21557-FollowerState: change to CANDIDATE, lastRpcTime:70ms, electionTimeout:70ms
2019-10-18 13:01:49,655 [Thread-2296] INFO  impl.RoleInfo (RoleInfo.java:shutdownFollowerState(121)) - 018b3f78-d19f-4e26-a796-cb8ddc4f97cf: shutdown FollowerState
2019-10-18 13:01:49,655 [Thread-2296] INFO  impl.RaftServerImpl (RaftServerImpl.java:setRole(184)) - 018b3f78-d19f-4e26-a796-cb8ddc4f97cf@group-187684C21557: changes role from  FOLLOWER to CANDIDATE at term 148 for changeToCandidate
2019-10-18 13:01:49,655 [Thread-2296] INFO  impl.RoleInfo (RoleInfo.java:updateAndGet(143)) - 018b3f78-d19f-4e26-a796-cb8ddc4f97cf: start LeaderElection
2019-10-18 13:01:49,723 [c124d131-afb9-4343-ad4e-aaebde613043@group-FF4202234884-LeaderElection259] INFO  impl.LeaderElection (LeaderElection.java:askForVotes(178)) - c124d131-afb9-4343-ad4e-aaebde613043@group-FF4202234884-LeaderElection259: begin an election at term 142 for -1: [999343e7-0330-4874-a345-91eca72585e0:192.168.34.56:44872, c124d131-afb9-4343-ad4e-aaebde613043:192.168.34.56:42116, e5bb327f-cdd7-4e49-919e-13a4c895fddf:192.168.34.56:36658], old=null
2019-10-18 13:01:49,723 [c124d131-afb9-4343-ad4e-aaebde613043@group-FF4202234884-LeaderElection259] INFO  impl.LeaderElection (LogUtils.java:infoOrTrace(149)) - c124d131-afb9-4343-ad4e-aaebde613043@group-FF4202234884-LeaderElection259 got exception when requesting votes: {}
java.util.concurrent.ExecutionException: org.apache.ratis.thirdparty.io.grpc.StatusRuntimeException: UNAVAILABLE: io exception
	at java.util.concurrent.FutureTask.report(FutureTask.java:122)
	at java.util.concurrent.FutureTask.get(FutureTask.java:192)
	at org.apache.ratis.server.impl.LeaderElection.waitForResults(LeaderElection.java:259)
	at org.apache.ratis.server.impl.LeaderElection.askForVotes(LeaderElection.java:197)
	at org.apache.ratis.server.impl.LeaderElection.run(LeaderElection.java:133)
	at java.lang.Thread.run(Thread.java:748)
Caused by: org.apache.ratis.thirdparty.io.grpc.StatusRuntimeException: UNAVAILABLE: io exception
	at org.apache.ratis.thirdparty.io.grpc.stub.ClientCalls.toStatusRuntimeException(ClientCalls.java:233)
	at org.apache.ratis.thirdparty.io.grpc.stub.ClientCalls.getUnchecked(ClientCalls.java:214)
	at org.apache.ratis.thirdparty.io.grpc.stub.ClientCalls.blockingUnaryCall(ClientCalls.java:139)
	at org.apache.ratis.proto.grpc.RaftServerProtocolServiceGrpc$RaftServerProtocolServiceBlockingStub.requestVote(RaftServerProtocolServiceGrpc.java:265)
	at org.apache.ratis.grpc.server.GrpcServerProtocolClient.requestVote(GrpcServerProtocolClient.java:99)
	at org.apache.ratis.grpc.server.GrpcService.requestVote(GrpcService.java:204)
	at org.apache.ratis.server.impl.LeaderElection.lambda$submitRequests$1(LeaderElection.java:234)
	at java.util.concurrent.FutureTask.run(FutureTask.java:266)
	at java.util.concurrent.Executors$RunnableAdapter.call(Executors.java:511)
	at java.util.concurrent.FutureTask.run(FutureTask.java:266)
	at java.util.concurrent.ThreadPoolExecutor.runWorker(ThreadPoolExecutor.java:1149)
	at java.util.concurrent.ThreadPoolExecutor$Worker.run(ThreadPoolExecutor.java:624)
	... 1 more
Caused by: org.apache.ratis.thirdparty.io.netty.channel.AbstractChannel$AnnotatedConnectException: Connection refused: /192.168.34.56:44872
	at sun.nio.ch.SocketChannelImpl.checkConnect(Native Method)
	at sun.nio.ch.SocketChannelImpl.finishConnect(SocketChannelImpl.java:717)
	at org.apache.ratis.thirdparty.io.netty.channel.socket.nio.NioSocketChannel.doFinishConnect(NioSocketChannel.java:327)
	at org.apache.ratis.thirdparty.io.netty.channel.nio.AbstractNioChannel$AbstractNioUnsafe.finishConnect(AbstractNioChannel.java:340)
	at org.apache.ratis.thirdparty.io.netty.channel.nio.NioEventLoop.processSelectedKey(NioEventLoop.java:632)
	at org.apache.ratis.thirdparty.io.netty.channel.nio.NioEventLoop.processSelectedKeysOptimized(NioEventLoop.java:579)
	at org.apache.ratis.thirdparty.io.netty.channel.nio.NioEventLoop.processSelectedKeys(NioEventLoop.java:496)
	at org.apache.ratis.thirdparty.io.netty.channel.nio.NioEventLoop.run(NioEventLoop.java:458)
	at org.apache.ratis.thirdparty.io.netty.util.concurrent.SingleThreadEventExecutor$5.run(SingleThreadEventExecutor.java:897)
	at org.apache.ratis.thirdparty.io.netty.util.concurrent.FastThreadLocalRunnable.run(FastThreadLocalRunnable.java:30)
	... 1 more
Caused by: java.net.ConnectException: Connection refused
	... 11 more
2019-10-18 13:01:49,727 [c124d131-afb9-4343-ad4e-aaebde613043@group-FF4202234884-LeaderElection259] INFO  impl.LeaderElection (LogUtils.java:infoOrTrace(149)) - c124d131-afb9-4343-ad4e-aaebde613043@group-FF4202234884-LeaderElection259 got exception when requesting votes: {}
java.util.concurrent.ExecutionException: org.apache.ratis.thirdparty.io.grpc.StatusRuntimeException: UNAVAILABLE: io exception
	at java.util.concurrent.FutureTask.report(FutureTask.java:122)
	at java.util.concurrent.FutureTask.get(FutureTask.java:192)
	at org.apache.ratis.server.impl.LeaderElection.waitForResults(LeaderElection.java:259)
	at org.apache.ratis.server.impl.LeaderElection.askForVotes(LeaderElection.java:197)
	at org.apache.ratis.server.impl.LeaderElection.run(LeaderElection.java:133)
	at java.lang.Thread.run(Thread.java:748)
Caused by: org.apache.ratis.thirdparty.io.grpc.StatusRuntimeException: UNAVAILABLE: io exception
	at org.apache.ratis.thirdparty.io.grpc.stub.ClientCalls.toStatusRuntimeException(ClientCalls.java:233)
	at org.apache.ratis.thirdparty.io.grpc.stub.ClientCalls.getUnchecked(ClientCalls.java:214)
	at org.apache.ratis.thirdparty.io.grpc.stub.ClientCalls.blockingUnaryCall(ClientCalls.java:139)
	at org.apache.ratis.proto.grpc.RaftServerProtocolServiceGrpc$RaftServerProtocolServiceBlockingStub.requestVote(RaftServerProtocolServiceGrpc.java:265)
	at org.apache.ratis.grpc.server.GrpcServerProtocolClient.requestVote(GrpcServerProtocolClient.java:99)
	at org.apache.ratis.grpc.server.GrpcService.requestVote(GrpcService.java:204)
	at org.apache.ratis.server.impl.LeaderElection.lambda$submitRequests$1(LeaderElection.java:234)
	at java.util.concurrent.FutureTask.run(FutureTask.java:266)
	at java.util.concurrent.Executors$RunnableAdapter.call(Executors.java:511)
	at java.util.concurrent.FutureTask.run(FutureTask.java:266)
	at java.util.concurrent.ThreadPoolExecutor.runWorker(ThreadPoolExecutor.java:1149)
	at java.util.concurrent.ThreadPoolExecutor$Worker.run(ThreadPoolExecutor.java:624)
	... 1 more
Caused by: org.apache.ratis.thirdparty.io.netty.channel.AbstractChannel$AnnotatedConnectException: Connection refused: /192.168.34.56:36658
	at sun.nio.ch.SocketChannelImpl.checkConnect(Native Method)
	at sun.nio.ch.SocketChannelImpl.finishConnect(SocketChannelImpl.java:717)
	at org.apache.ratis.thirdparty.io.netty.channel.socket.nio.NioSocketChannel.doFinishConnect(NioSocketChannel.java:327)
	at org.apache.ratis.thirdparty.io.netty.channel.nio.AbstractNioChannel$AbstractNioUnsafe.finishConnect(AbstractNioChannel.java:340)
	at org.apache.ratis.thirdparty.io.netty.channel.nio.NioEventLoop.processSelectedKey(NioEventLoop.java:632)
	at org.apache.ratis.thirdparty.io.netty.channel.nio.NioEventLoop.processSelectedKeysOptimized(NioEventLoop.java:579)
	at org.apache.ratis.thirdparty.io.netty.channel.nio.NioEventLoop.processSelectedKeys(NioEventLoop.java:496)
	at org.apache.ratis.thirdparty.io.netty.channel.nio.NioEventLoop.run(NioEventLoop.java:458)
	at org.apache.ratis.thirdparty.io.netty.util.concurrent.SingleThreadEventExecutor$5.run(SingleThreadEventExecutor.java:897)
	at org.apache.ratis.thirdparty.io.netty.util.concurrent.FastThreadLocalRunnable.run(FastThreadLocalRunnable.java:30)
	... 1 more
Caused by: java.net.ConnectException: Connection refused
	... 11 more
2019-10-18 13:01:49,729 [c124d131-afb9-4343-ad4e-aaebde613043@group-FF4202234884-LeaderElection259] INFO  impl.LeaderElection (LeaderElection.java:logAndReturn(56)) - c124d131-afb9-4343-ad4e-aaebde613043@group-FF4202234884-LeaderElection259: Election REJECTED; received 0 response(s) [] and 2 exception(s); c124d131-afb9-4343-ad4e-aaebde613043@group-FF4202234884:t142, leader=null, voted=c124d131-afb9-4343-ad4e-aaebde613043, raftlog=c124d131-afb9-4343-ad4e-aaebde613043@group-FF4202234884-SegmentedRaftLog:OPENED:c-1,f-1,i0, conf=-1: [999343e7-0330-4874-a345-91eca72585e0:192.168.34.56:44872, c124d131-afb9-4343-ad4e-aaebde613043:192.168.34.56:42116, e5bb327f-cdd7-4e49-919e-13a4c895fddf:192.168.34.56:36658], old=null
2019-10-18 13:01:49,729 [c124d131-afb9-4343-ad4e-aaebde613043@group-FF4202234884-LeaderElection259] INFO  impl.LeaderElection (LogUtils.java:infoOrTrace(149)) -   Exception 0: {}
java.util.concurrent.ExecutionException: org.apache.ratis.thirdparty.io.grpc.StatusRuntimeException: UNAVAILABLE: io exception
	at java.util.concurrent.FutureTask.report(FutureTask.java:122)
	at java.util.concurrent.FutureTask.get(FutureTask.java:192)
	at org.apache.ratis.server.impl.LeaderElection.waitForResults(LeaderElection.java:259)
	at org.apache.ratis.server.impl.LeaderElection.askForVotes(LeaderElection.java:197)
	at org.apache.ratis.server.impl.LeaderElection.run(LeaderElection.java:133)
	at java.lang.Thread.run(Thread.java:748)
Caused by: org.apache.ratis.thirdparty.io.grpc.StatusRuntimeException: UNAVAILABLE: io exception
	at org.apache.ratis.thirdparty.io.grpc.stub.ClientCalls.toStatusRuntimeException(ClientCalls.java:233)
	at org.apache.ratis.thirdparty.io.grpc.stub.ClientCalls.getUnchecked(ClientCalls.java:214)
	at org.apache.ratis.thirdparty.io.grpc.stub.ClientCalls.blockingUnaryCall(ClientCalls.java:139)
	at org.apache.ratis.proto.grpc.RaftServerProtocolServiceGrpc$RaftServerProtocolServiceBlockingStub.requestVote(RaftServerProtocolServiceGrpc.java:265)
	at org.apache.ratis.grpc.server.GrpcServerProtocolClient.requestVote(GrpcServerProtocolClient.java:99)
	at org.apache.ratis.grpc.server.GrpcService.requestVote(GrpcService.java:204)
	at org.apache.ratis.server.impl.LeaderElection.lambda$submitRequests$1(LeaderElection.java:234)
	at java.util.concurrent.FutureTask.run(FutureTask.java:266)
	at java.util.concurrent.Executors$RunnableAdapter.call(Executors.java:511)
	at java.util.concurrent.FutureTask.run(FutureTask.java:266)
	at java.util.concurrent.ThreadPoolExecutor.runWorker(ThreadPoolExecutor.java:1149)
	at java.util.concurrent.ThreadPoolExecutor$Worker.run(ThreadPoolExecutor.java:624)
	... 1 more
Caused by: org.apache.ratis.thirdparty.io.netty.channel.AbstractChannel$AnnotatedConnectException: Connection refused: /192.168.34.56:44872
	at sun.nio.ch.SocketChannelImpl.checkConnect(Native Method)
	at sun.nio.ch.SocketChannelImpl.finishConnect(SocketChannelImpl.java:717)
	at org.apache.ratis.thirdparty.io.netty.channel.socket.nio.NioSocketChannel.doFinishConnect(NioSocketChannel.java:327)
	at org.apache.ratis.thirdparty.io.netty.channel.nio.AbstractNioChannel$AbstractNioUnsafe.finishConnect(AbstractNioChannel.java:340)
	at org.apache.ratis.thirdparty.io.netty.channel.nio.NioEventLoop.processSelectedKey(NioEventLoop.java:632)
	at org.apache.ratis.thirdparty.io.netty.channel.nio.NioEventLoop.processSelectedKeysOptimized(NioEventLoop.java:579)
	at org.apache.ratis.thirdparty.io.netty.channel.nio.NioEventLoop.processSelectedKeys(NioEventLoop.java:496)
	at org.apache.ratis.thirdparty.io.netty.channel.nio.NioEventLoop.run(NioEventLoop.java:458)
	at org.apache.ratis.thirdparty.io.netty.util.concurrent.SingleThreadEventExecutor$5.run(SingleThreadEventExecutor.java:897)
	at org.apache.ratis.thirdparty.io.netty.util.concurrent.FastThreadLocalRunnable.run(FastThreadLocalRunnable.java:30)
	... 1 more
Caused by: java.net.ConnectException: Connection refused
	... 11 more
2019-10-18 13:01:49,729 [c124d131-afb9-4343-ad4e-aaebde613043@group-FF4202234884-LeaderElection259] INFO  impl.LeaderElection (LogUtils.java:infoOrTrace(149)) -   Exception 1: {}
java.util.concurrent.ExecutionException: org.apache.ratis.thirdparty.io.grpc.StatusRuntimeException: UNAVAILABLE: io exception
	at java.util.concurrent.FutureTask.report(FutureTask.java:122)
	at java.util.concurrent.FutureTask.get(FutureTask.java:192)
	at org.apache.ratis.server.impl.LeaderElection.waitForResults(LeaderElection.java:259)
	at org.apache.ratis.server.impl.LeaderElection.askForVotes(LeaderElection.java:197)
	at org.apache.ratis.server.impl.LeaderElection.run(LeaderElection.java:133)
	at java.lang.Thread.run(Thread.java:748)
Caused by: org.apache.ratis.thirdparty.io.grpc.StatusRuntimeException: UNAVAILABLE: io exception
	at org.apache.ratis.thirdparty.io.grpc.stub.ClientCalls.toStatusRuntimeException(ClientCalls.java:233)
	at org.apache.ratis.thirdparty.io.grpc.stub.ClientCalls.getUnchecked(ClientCalls.java:214)
	at org.apache.ratis.thirdparty.io.grpc.stub.ClientCalls.blockingUnaryCall(ClientCalls.java:139)
	at org.apache.ratis.proto.grpc.RaftServerProtocolServiceGrpc$RaftServerProtocolServiceBlockingStub.requestVote(RaftServerProtocolServiceGrpc.java:265)
	at org.apache.ratis.grpc.server.GrpcServerProtocolClient.requestVote(GrpcServerProtocolClient.java:99)
	at org.apache.ratis.grpc.server.GrpcService.requestVote(GrpcService.java:204)
	at org.apache.ratis.server.impl.LeaderElection.lambda$submitRequests$1(LeaderElection.java:234)
	at java.util.concurrent.FutureTask.run(FutureTask.java:266)
	at java.util.concurrent.Executors$RunnableAdapter.call(Executors.java:511)
	at java.util.concurrent.FutureTask.run(FutureTask.java:266)
	at java.util.concurrent.ThreadPoolExecutor.runWorker(ThreadPoolExecutor.java:1149)
	at java.util.concurrent.ThreadPoolExecutor$Worker.run(ThreadPoolExecutor.java:624)
	... 1 more
Caused by: org.apache.ratis.thirdparty.io.netty.channel.AbstractChannel$AnnotatedConnectException: Connection refused: /192.168.34.56:36658
	at sun.nio.ch.SocketChannelImpl.checkConnect(Native Method)
	at sun.nio.ch.SocketChannelImpl.finishConnect(SocketChannelImpl.java:717)
	at org.apache.ratis.thirdparty.io.netty.channel.socket.nio.NioSocketChannel.doFinishConnect(NioSocketChannel.java:327)
	at org.apache.ratis.thirdparty.io.netty.channel.nio.AbstractNioChannel$AbstractNioUnsafe.finishConnect(AbstractNioChannel.java:340)
	at org.apache.ratis.thirdparty.io.netty.channel.nio.NioEventLoop.processSelectedKey(NioEventLoop.java:632)
	at org.apache.ratis.thirdparty.io.netty.channel.nio.NioEventLoop.processSelectedKeysOptimized(NioEventLoop.java:579)
	at org.apache.ratis.thirdparty.io.netty.channel.nio.NioEventLoop.processSelectedKeys(NioEventLoop.java:496)
	at org.apache.ratis.thirdparty.io.netty.channel.nio.NioEventLoop.run(NioEventLoop.java:458)
	at org.apache.ratis.thirdparty.io.netty.util.concurrent.SingleThreadEventExecutor$5.run(SingleThreadEventExecutor.java:897)
	at org.apache.ratis.thirdparty.io.netty.util.concurrent.FastThreadLocalRunnable.run(FastThreadLocalRunnable.java:30)
	... 1 more
Caused by: java.net.ConnectException: Connection refused
	... 11 more
2019-10-18 13:01:49,730 [c124d131-afb9-4343-ad4e-aaebde613043@group-FF4202234884-LeaderElection259] INFO  impl.RaftServerImpl (RaftServerImpl.java:setRole(184)) - c124d131-afb9-4343-ad4e-aaebde613043@group-FF4202234884: changes role from CANDIDATE to FOLLOWER at term 142 for DISCOVERED_A_NEW_TERM
2019-10-18 13:01:49,730 [c124d131-afb9-4343-ad4e-aaebde613043@group-FF4202234884-LeaderElection259] INFO  impl.RoleInfo (RoleInfo.java:shutdownLeaderElection(134)) - c124d131-afb9-4343-ad4e-aaebde613043: shutdown LeaderElection
2019-10-18 13:01:49,730 [c124d131-afb9-4343-ad4e-aaebde613043@group-FF4202234884-LeaderElection259] INFO  impl.RoleInfo (RoleInfo.java:updateAndGet(143)) - c124d131-afb9-4343-ad4e-aaebde613043: start FollowerState
2019-10-18 13:01:49,747 [018b3f78-d19f-4e26-a796-cb8ddc4f97cf@group-187684C21557-LeaderElection260] INFO  impl.LeaderElection (LeaderElection.java:askForVotes(178)) - 018b3f78-d19f-4e26-a796-cb8ddc4f97cf@group-187684C21557-LeaderElection260: begin an election at term 149 for -1: [893cf03e-f2cf-478a-892a-a746717e50e3:192.168.34.56:40750, 8697df36-98d2-41b1-bdc7-60597b3b5526:192.168.34.56:46415, 018b3f78-d19f-4e26-a796-cb8ddc4f97cf:192.168.34.56:35845], old=null
2019-10-18 13:01:49,748 [grpc-default-executor-7] INFO  impl.RaftServerImpl (RaftServerImpl.java:setRole(184)) - 8697df36-98d2-41b1-bdc7-60597b3b5526@group-187684C21557: changes role from  FOLLOWER to FOLLOWER at term 149 for recognizeCandidate:018b3f78-d19f-4e26-a796-cb8ddc4f97cf
2019-10-18 13:01:49,748 [grpc-default-executor-2] INFO  impl.RaftServerImpl (RaftServerImpl.java:setRole(184)) - 893cf03e-f2cf-478a-892a-a746717e50e3@group-187684C21557: changes role from  FOLLOWER to FOLLOWER at term 149 for recognizeCandidate:018b3f78-d19f-4e26-a796-cb8ddc4f97cf
2019-10-18 13:01:49,748 [grpc-default-executor-7] INFO  impl.RoleInfo (RoleInfo.java:shutdownFollowerState(121)) - 8697df36-98d2-41b1-bdc7-60597b3b5526: shutdown FollowerState
2019-10-18 13:01:49,748 [grpc-default-executor-2] INFO  impl.RoleInfo (RoleInfo.java:shutdownFollowerState(121)) - 893cf03e-f2cf-478a-892a-a746717e50e3: shutdown FollowerState
2019-10-18 13:01:49,748 [Thread-2295] INFO  impl.FollowerState (FollowerState.java:run(117)) - 8697df36-98d2-41b1-bdc7-60597b3b5526@group-187684C21557-FollowerState was interrupted: java.lang.InterruptedException: sleep interrupted
2019-10-18 13:01:49,748 [grpc-default-executor-7] INFO  impl.RoleInfo (RoleInfo.java:updateAndGet(143)) - 8697df36-98d2-41b1-bdc7-60597b3b5526: start FollowerState
2019-10-18 13:01:49,749 [Thread-2294] INFO  impl.FollowerState (FollowerState.java:run(117)) - 893cf03e-f2cf-478a-892a-a746717e50e3@group-187684C21557-FollowerState was interrupted: java.lang.InterruptedException: sleep interrupted
2019-10-18 13:01:49,748 [grpc-default-executor-2] INFO  impl.RoleInfo (RoleInfo.java:updateAndGet(143)) - 893cf03e-f2cf-478a-892a-a746717e50e3: start FollowerState
2019-10-18 13:01:49,774 [018b3f78-d19f-4e26-a796-cb8ddc4f97cf@group-187684C21557-LeaderElection260] INFO  impl.LeaderElection (LeaderElection.java:logAndReturn(56)) - 018b3f78-d19f-4e26-a796-cb8ddc4f97cf@group-187684C21557-LeaderElection260: Election REJECTED; received 2 response(s) [018b3f78-d19f-4e26-a796-cb8ddc4f97cf<-893cf03e-f2cf-478a-892a-a746717e50e3#0:FAIL-t149, 018b3f78-d19f-4e26-a796-cb8ddc4f97cf<-8697df36-98d2-41b1-bdc7-60597b3b5526#0:FAIL-t149] and 0 exception(s); 018b3f78-d19f-4e26-a796-cb8ddc4f97cf@group-187684C21557:t149, leader=null, voted=018b3f78-d19f-4e26-a796-cb8ddc4f97cf, raftlog=018b3f78-d19f-4e26-a796-cb8ddc4f97cf@group-187684C21557-SegmentedRaftLog:OPENED:c-1,f-1,i0, conf=-1: [893cf03e-f2cf-478a-892a-a746717e50e3:192.168.34.56:40750, 8697df36-98d2-41b1-bdc7-60597b3b5526:192.168.34.56:46415, 018b3f78-d19f-4e26-a796-cb8ddc4f97cf:192.168.34.56:35845], old=null
2019-10-18 13:01:49,775 [018b3f78-d19f-4e26-a796-cb8ddc4f97cf@group-187684C21557-LeaderElection260] INFO  impl.RaftServerImpl (RaftServerImpl.java:setRole(184)) - 018b3f78-d19f-4e26-a796-cb8ddc4f97cf@group-187684C21557: changes role from CANDIDATE to FOLLOWER at term 149 for DISCOVERED_A_NEW_TERM
2019-10-18 13:01:49,775 [018b3f78-d19f-4e26-a796-cb8ddc4f97cf@group-187684C21557-LeaderElection260] INFO  impl.RoleInfo (RoleInfo.java:shutdownLeaderElection(134)) - 018b3f78-d19f-4e26-a796-cb8ddc4f97cf: shutdown LeaderElection
2019-10-18 13:01:49,775 [018b3f78-d19f-4e26-a796-cb8ddc4f97cf@group-187684C21557-LeaderElection260] INFO  impl.RoleInfo (RoleInfo.java:updateAndGet(143)) - 018b3f78-d19f-4e26-a796-cb8ddc4f97cf: start FollowerState
2019-10-18 13:01:49,783 [Thread-2308] INFO  impl.FollowerState (FollowerState.java:run(108)) - 018b3f78-d19f-4e26-a796-cb8ddc4f97cf@group-187684C21557-FollowerState: change to CANDIDATE, lastRpcTime:8ms, electionTimeout:8ms
2019-10-18 13:01:49,784 [Thread-2308] INFO  impl.RoleInfo (RoleInfo.java:shutdownFollowerState(121)) - 018b3f78-d19f-4e26-a796-cb8ddc4f97cf: shutdown FollowerState
2019-10-18 13:01:49,784 [Thread-2308] INFO  impl.RaftServerImpl (RaftServerImpl.java:setRole(184)) - 018b3f78-d19f-4e26-a796-cb8ddc4f97cf@group-187684C21557: changes role from  FOLLOWER to CANDIDATE at term 149 for changeToCandidate
2019-10-18 13:01:49,784 [Thread-2308] INFO  impl.RoleInfo (RoleInfo.java:updateAndGet(143)) - 018b3f78-d19f-4e26-a796-cb8ddc4f97cf: start LeaderElection
2019-10-18 13:01:49,836 [018b3f78-d19f-4e26-a796-cb8ddc4f97cf@group-187684C21557-LeaderElection261] INFO  impl.LeaderElection (LeaderElection.java:askForVotes(178)) - 018b3f78-d19f-4e26-a796-cb8ddc4f97cf@group-187684C21557-LeaderElection261: begin an election at term 150 for -1: [893cf03e-f2cf-478a-892a-a746717e50e3:192.168.34.56:40750, 8697df36-98d2-41b1-bdc7-60597b3b5526:192.168.34.56:46415, 018b3f78-d19f-4e26-a796-cb8ddc4f97cf:192.168.34.56:35845], old=null
2019-10-18 13:01:49,838 [grpc-default-executor-2] INFO  impl.RaftServerImpl (RaftServerImpl.java:setRole(184)) - 8697df36-98d2-41b1-bdc7-60597b3b5526@group-187684C21557: changes role from  FOLLOWER to FOLLOWER at term 150 for recognizeCandidate:018b3f78-d19f-4e26-a796-cb8ddc4f97cf
2019-10-18 13:01:49,838 [grpc-default-executor-7] INFO  impl.RaftServerImpl (RaftServerImpl.java:setRole(184)) - 893cf03e-f2cf-478a-892a-a746717e50e3@group-187684C21557: changes role from  FOLLOWER to FOLLOWER at term 150 for recognizeCandidate:018b3f78-d19f-4e26-a796-cb8ddc4f97cf
2019-10-18 13:01:49,838 [grpc-default-executor-2] INFO  impl.RoleInfo (RoleInfo.java:shutdownFollowerState(121)) - 8697df36-98d2-41b1-bdc7-60597b3b5526: shutdown FollowerState
2019-10-18 13:01:49,838 [grpc-default-executor-7] INFO  impl.RoleInfo (RoleInfo.java:shutdownFollowerState(121)) - 893cf03e-f2cf-478a-892a-a746717e50e3: shutdown FollowerState
2019-10-18 13:01:49,838 [grpc-default-executor-2] INFO  impl.RoleInfo (RoleInfo.java:updateAndGet(143)) - 8697df36-98d2-41b1-bdc7-60597b3b5526: start FollowerState
2019-10-18 13:01:49,838 [Thread-2306] INFO  impl.FollowerState (FollowerState.java:run(117)) - 8697df36-98d2-41b1-bdc7-60597b3b5526@group-187684C21557-FollowerState was interrupted: java.lang.InterruptedException: sleep interrupted
2019-10-18 13:01:49,838 [grpc-default-executor-7] INFO  impl.RoleInfo (RoleInfo.java:updateAndGet(143)) - 893cf03e-f2cf-478a-892a-a746717e50e3: start FollowerState
2019-10-18 13:01:49,838 [Thread-2307] INFO  impl.FollowerState (FollowerState.java:run(117)) - 893cf03e-f2cf-478a-892a-a746717e50e3@group-187684C21557-FollowerState was interrupted: java.lang.InterruptedException: sleep interrupted
2019-10-18 13:01:49,876 [018b3f78-d19f-4e26-a796-cb8ddc4f97cf@group-187684C21557-LeaderElection261] INFO  impl.LeaderElection (LeaderElection.java:logAndReturn(56)) - 018b3f78-d19f-4e26-a796-cb8ddc4f97cf@group-187684C21557-LeaderElection261: Election REJECTED; received 2 response(s) [018b3f78-d19f-4e26-a796-cb8ddc4f97cf<-893cf03e-f2cf-478a-892a-a746717e50e3#0:FAIL-t150, 018b3f78-d19f-4e26-a796-cb8ddc4f97cf<-8697df36-98d2-41b1-bdc7-60597b3b5526#0:FAIL-t150] and 0 exception(s); 018b3f78-d19f-4e26-a796-cb8ddc4f97cf@group-187684C21557:t150, leader=null, voted=018b3f78-d19f-4e26-a796-cb8ddc4f97cf, raftlog=018b3f78-d19f-4e26-a796-cb8ddc4f97cf@group-187684C21557-SegmentedRaftLog:OPENED:c-1,f-1,i0, conf=-1: [893cf03e-f2cf-478a-892a-a746717e50e3:192.168.34.56:40750, 8697df36-98d2-41b1-bdc7-60597b3b5526:192.168.34.56:46415, 018b3f78-d19f-4e26-a796-cb8ddc4f97cf:192.168.34.56:35845], old=null
2019-10-18 13:01:49,877 [018b3f78-d19f-4e26-a796-cb8ddc4f97cf@group-187684C21557-LeaderElection261] INFO  impl.RaftServerImpl (RaftServerImpl.java:setRole(184)) - 018b3f78-d19f-4e26-a796-cb8ddc4f97cf@group-187684C21557: changes role from CANDIDATE to FOLLOWER at term 150 for DISCOVERED_A_NEW_TERM
2019-10-18 13:01:49,877 [018b3f78-d19f-4e26-a796-cb8ddc4f97cf@group-187684C21557-LeaderElection261] INFO  impl.RoleInfo (RoleInfo.java:shutdownLeaderElection(134)) - 018b3f78-d19f-4e26-a796-cb8ddc4f97cf: shutdown LeaderElection
2019-10-18 13:01:49,877 [018b3f78-d19f-4e26-a796-cb8ddc4f97cf@group-187684C21557-LeaderElection261] INFO  impl.RoleInfo (RoleInfo.java:updateAndGet(143)) - 018b3f78-d19f-4e26-a796-cb8ddc4f97cf: start FollowerState
2019-10-18 13:01:49,882 [Thread-2303] INFO  impl.FollowerState (FollowerState.java:run(108)) - c124d131-afb9-4343-ad4e-aaebde613043@group-FF4202234884-FollowerState: change to CANDIDATE, lastRpcTime:152ms, electionTimeout:152ms
2019-10-18 13:01:49,883 [Thread-2303] INFO  impl.RoleInfo (RoleInfo.java:shutdownFollowerState(121)) - c124d131-afb9-4343-ad4e-aaebde613043: shutdown FollowerState
2019-10-18 13:01:49,883 [Thread-2303] INFO  impl.RaftServerImpl (RaftServerImpl.java:setRole(184)) - c124d131-afb9-4343-ad4e-aaebde613043@group-FF4202234884: changes role from  FOLLOWER to CANDIDATE at term 142 for changeToCandidate
2019-10-18 13:01:49,883 [Thread-2303] INFO  impl.RoleInfo (RoleInfo.java:updateAndGet(143)) - c124d131-afb9-4343-ad4e-aaebde613043: start LeaderElection
2019-10-18 13:01:49,910 [Thread-2314] INFO  impl.FollowerState (FollowerState.java:run(108)) - 018b3f78-d19f-4e26-a796-cb8ddc4f97cf@group-187684C21557-FollowerState: change to CANDIDATE, lastRpcTime:33ms, electionTimeout:33ms
2019-10-18 13:01:49,910 [Thread-2314] INFO  impl.RoleInfo (RoleInfo.java:shutdownFollowerState(121)) - 018b3f78-d19f-4e26-a796-cb8ddc4f97cf: shutdown FollowerState
2019-10-18 13:01:49,911 [Thread-2314] INFO  impl.RaftServerImpl (RaftServerImpl.java:setRole(184)) - 018b3f78-d19f-4e26-a796-cb8ddc4f97cf@group-187684C21557: changes role from  FOLLOWER to CANDIDATE at term 150 for changeToCandidate
2019-10-18 13:01:49,911 [Thread-2314] INFO  impl.RoleInfo (RoleInfo.java:updateAndGet(143)) - 018b3f78-d19f-4e26-a796-cb8ddc4f97cf: start LeaderElection
2019-10-18 13:01:49,926 [c124d131-afb9-4343-ad4e-aaebde613043@group-FF4202234884-LeaderElection262] INFO  impl.LeaderElection (LeaderElection.java:askForVotes(178)) - c124d131-afb9-4343-ad4e-aaebde613043@group-FF4202234884-LeaderElection262: begin an election at term 143 for -1: [999343e7-0330-4874-a345-91eca72585e0:192.168.34.56:44872, c124d131-afb9-4343-ad4e-aaebde613043:192.168.34.56:42116, e5bb327f-cdd7-4e49-919e-13a4c895fddf:192.168.34.56:36658], old=null
2019-10-18 13:01:49,927 [c124d131-afb9-4343-ad4e-aaebde613043@group-FF4202234884-LeaderElection262] INFO  impl.LeaderElection (LogUtils.java:infoOrTrace(149)) - c124d131-afb9-4343-ad4e-aaebde613043@group-FF4202234884-LeaderElection262 got exception when requesting votes: {}
java.util.concurrent.ExecutionException: org.apache.ratis.thirdparty.io.grpc.StatusRuntimeException: UNAVAILABLE: io exception
	at java.util.concurrent.FutureTask.report(FutureTask.java:122)
	at java.util.concurrent.FutureTask.get(FutureTask.java:192)
	at org.apache.ratis.server.impl.LeaderElection.waitForResults(LeaderElection.java:259)
	at org.apache.ratis.server.impl.LeaderElection.askForVotes(LeaderElection.java:197)
	at org.apache.ratis.server.impl.LeaderElection.run(LeaderElection.java:133)
	at java.lang.Thread.run(Thread.java:748)
Caused by: org.apache.ratis.thirdparty.io.grpc.StatusRuntimeException: UNAVAILABLE: io exception
	at org.apache.ratis.thirdparty.io.grpc.stub.ClientCalls.toStatusRuntimeException(ClientCalls.java:233)
	at org.apache.ratis.thirdparty.io.grpc.stub.ClientCalls.getUnchecked(ClientCalls.java:214)
	at org.apache.ratis.thirdparty.io.grpc.stub.ClientCalls.blockingUnaryCall(ClientCalls.java:139)
	at org.apache.ratis.proto.grpc.RaftServerProtocolServiceGrpc$RaftServerProtocolServiceBlockingStub.requestVote(RaftServerProtocolServiceGrpc.java:265)
	at org.apache.ratis.grpc.server.GrpcServerProtocolClient.requestVote(GrpcServerProtocolClient.java:99)
	at org.apache.ratis.grpc.server.GrpcService.requestVote(GrpcService.java:204)
	at org.apache.ratis.server.impl.LeaderElection.lambda$submitRequests$1(LeaderElection.java:234)
	at java.util.concurrent.FutureTask.run(FutureTask.java:266)
	at java.util.concurrent.Executors$RunnableAdapter.call(Executors.java:511)
	at java.util.concurrent.FutureTask.run(FutureTask.java:266)
	at java.util.concurrent.ThreadPoolExecutor.runWorker(ThreadPoolExecutor.java:1149)
	at java.util.concurrent.ThreadPoolExecutor$Worker.run(ThreadPoolExecutor.java:624)
	... 1 more
Caused by: org.apache.ratis.thirdparty.io.netty.channel.AbstractChannel$AnnotatedConnectException: Connection refused: /192.168.34.56:36658
	at sun.nio.ch.SocketChannelImpl.checkConnect(Native Method)
	at sun.nio.ch.SocketChannelImpl.finishConnect(SocketChannelImpl.java:717)
	at org.apache.ratis.thirdparty.io.netty.channel.socket.nio.NioSocketChannel.doFinishConnect(NioSocketChannel.java:327)
	at org.apache.ratis.thirdparty.io.netty.channel.nio.AbstractNioChannel$AbstractNioUnsafe.finishConnect(AbstractNioChannel.java:340)
	at org.apache.ratis.thirdparty.io.netty.channel.nio.NioEventLoop.processSelectedKey(NioEventLoop.java:632)
	at org.apache.ratis.thirdparty.io.netty.channel.nio.NioEventLoop.processSelectedKeysOptimized(NioEventLoop.java:579)
	at org.apache.ratis.thirdparty.io.netty.channel.nio.NioEventLoop.processSelectedKeys(NioEventLoop.java:496)
	at org.apache.ratis.thirdparty.io.netty.channel.nio.NioEventLoop.run(NioEventLoop.java:458)
	at org.apache.ratis.thirdparty.io.netty.util.concurrent.SingleThreadEventExecutor$5.run(SingleThreadEventExecutor.java:897)
	at org.apache.ratis.thirdparty.io.netty.util.concurrent.FastThreadLocalRunnable.run(FastThreadLocalRunnable.java:30)
	... 1 more
Caused by: java.net.ConnectException: Connection refused
	... 11 more
2019-10-18 13:01:49,931 [c124d131-afb9-4343-ad4e-aaebde613043@group-FF4202234884-LeaderElection262] INFO  impl.LeaderElection (LogUtils.java:infoOrTrace(149)) - c124d131-afb9-4343-ad4e-aaebde613043@group-FF4202234884-LeaderElection262 got exception when requesting votes: {}
java.util.concurrent.ExecutionException: org.apache.ratis.thirdparty.io.grpc.StatusRuntimeException: UNAVAILABLE: io exception
	at java.util.concurrent.FutureTask.report(FutureTask.java:122)
	at java.util.concurrent.FutureTask.get(FutureTask.java:192)
	at org.apache.ratis.server.impl.LeaderElection.waitForResults(LeaderElection.java:259)
	at org.apache.ratis.server.impl.LeaderElection.askForVotes(LeaderElection.java:197)
	at org.apache.ratis.server.impl.LeaderElection.run(LeaderElection.java:133)
	at java.lang.Thread.run(Thread.java:748)
Caused by: org.apache.ratis.thirdparty.io.grpc.StatusRuntimeException: UNAVAILABLE: io exception
	at org.apache.ratis.thirdparty.io.grpc.stub.ClientCalls.toStatusRuntimeException(ClientCalls.java:233)
	at org.apache.ratis.thirdparty.io.grpc.stub.ClientCalls.getUnchecked(ClientCalls.java:214)
	at org.apache.ratis.thirdparty.io.grpc.stub.ClientCalls.blockingUnaryCall(ClientCalls.java:139)
	at org.apache.ratis.proto.grpc.RaftServerProtocolServiceGrpc$RaftServerProtocolServiceBlockingStub.requestVote(RaftServerProtocolServiceGrpc.java:265)
	at org.apache.ratis.grpc.server.GrpcServerProtocolClient.requestVote(GrpcServerProtocolClient.java:99)
	at org.apache.ratis.grpc.server.GrpcService.requestVote(GrpcService.java:204)
	at org.apache.ratis.server.impl.LeaderElection.lambda$submitRequests$1(LeaderElection.java:234)
	at java.util.concurrent.FutureTask.run(FutureTask.java:266)
	at java.util.concurrent.Executors$RunnableAdapter.call(Executors.java:511)
	at java.util.concurrent.FutureTask.run(FutureTask.java:266)
	at java.util.concurrent.ThreadPoolExecutor.runWorker(ThreadPoolExecutor.java:1149)
	at java.util.concurrent.ThreadPoolExecutor$Worker.run(ThreadPoolExecutor.java:624)
	... 1 more
Caused by: org.apache.ratis.thirdparty.io.netty.channel.AbstractChannel$AnnotatedConnectException: Connection refused: /192.168.34.56:44872
	at sun.nio.ch.SocketChannelImpl.checkConnect(Native Method)
	at sun.nio.ch.SocketChannelImpl.finishConnect(SocketChannelImpl.java:717)
	at org.apache.ratis.thirdparty.io.netty.channel.socket.nio.NioSocketChannel.doFinishConnect(NioSocketChannel.java:327)
	at org.apache.ratis.thirdparty.io.netty.channel.nio.AbstractNioChannel$AbstractNioUnsafe.finishConnect(AbstractNioChannel.java:340)
	at org.apache.ratis.thirdparty.io.netty.channel.nio.NioEventLoop.processSelectedKey(NioEventLoop.java:632)
	at org.apache.ratis.thirdparty.io.netty.channel.nio.NioEventLoop.processSelectedKeysOptimized(NioEventLoop.java:579)
	at org.apache.ratis.thirdparty.io.netty.channel.nio.NioEventLoop.processSelectedKeys(NioEventLoop.java:496)
	at org.apache.ratis.thirdparty.io.netty.channel.nio.NioEventLoop.run(NioEventLoop.java:458)
	at org.apache.ratis.thirdparty.io.netty.util.concurrent.SingleThreadEventExecutor$5.run(SingleThreadEventExecutor.java:897)
	at org.apache.ratis.thirdparty.io.netty.util.concurrent.FastThreadLocalRunnable.run(FastThreadLocalRunnable.java:30)
	... 1 more
Caused by: java.net.ConnectException: Connection refused
	... 11 more
2019-10-18 13:01:49,932 [c124d131-afb9-4343-ad4e-aaebde613043@group-FF4202234884-LeaderElection262] INFO  impl.LeaderElection (LeaderElection.java:logAndReturn(56)) - c124d131-afb9-4343-ad4e-aaebde613043@group-FF4202234884-LeaderElection262: Election REJECTED; received 0 response(s) [] and 2 exception(s); c124d131-afb9-4343-ad4e-aaebde613043@group-FF4202234884:t143, leader=null, voted=c124d131-afb9-4343-ad4e-aaebde613043, raftlog=c124d131-afb9-4343-ad4e-aaebde613043@group-FF4202234884-SegmentedRaftLog:OPENED:c-1,f-1,i0, conf=-1: [999343e7-0330-4874-a345-91eca72585e0:192.168.34.56:44872, c124d131-afb9-4343-ad4e-aaebde613043:192.168.34.56:42116, e5bb327f-cdd7-4e49-919e-13a4c895fddf:192.168.34.56:36658], old=null
2019-10-18 13:01:49,933 [c124d131-afb9-4343-ad4e-aaebde613043@group-FF4202234884-LeaderElection262] INFO  impl.LeaderElection (LogUtils.java:infoOrTrace(149)) -   Exception 0: {}
java.util.concurrent.ExecutionException: org.apache.ratis.thirdparty.io.grpc.StatusRuntimeException: UNAVAILABLE: io exception
	at java.util.concurrent.FutureTask.report(FutureTask.java:122)
	at java.util.concurrent.FutureTask.get(FutureTask.java:192)
	at org.apache.ratis.server.impl.LeaderElection.waitForResults(LeaderElection.java:259)
	at org.apache.ratis.server.impl.LeaderElection.askForVotes(LeaderElection.java:197)
	at org.apache.ratis.server.impl.LeaderElection.run(LeaderElection.java:133)
	at java.lang.Thread.run(Thread.java:748)
Caused by: org.apache.ratis.thirdparty.io.grpc.StatusRuntimeException: UNAVAILABLE: io exception
	at org.apache.ratis.thirdparty.io.grpc.stub.ClientCalls.toStatusRuntimeException(ClientCalls.java:233)
	at org.apache.ratis.thirdparty.io.grpc.stub.ClientCalls.getUnchecked(ClientCalls.java:214)
	at org.apache.ratis.thirdparty.io.grpc.stub.ClientCalls.blockingUnaryCall(ClientCalls.java:139)
	at org.apache.ratis.proto.grpc.RaftServerProtocolServiceGrpc$RaftServerProtocolServiceBlockingStub.requestVote(RaftServerProtocolServiceGrpc.java:265)
	at org.apache.ratis.grpc.server.GrpcServerProtocolClient.requestVote(GrpcServerProtocolClient.java:99)
	at org.apache.ratis.grpc.server.GrpcService.requestVote(GrpcService.java:204)
	at org.apache.ratis.server.impl.LeaderElection.lambda$submitRequests$1(LeaderElection.java:234)
	at java.util.concurrent.FutureTask.run(FutureTask.java:266)
	at java.util.concurrent.Executors$RunnableAdapter.call(Executors.java:511)
	at java.util.concurrent.FutureTask.run(FutureTask.java:266)
	at java.util.concurrent.ThreadPoolExecutor.runWorker(ThreadPoolExecutor.java:1149)
	at java.util.concurrent.ThreadPoolExecutor$Worker.run(ThreadPoolExecutor.java:624)
	... 1 more
Caused by: org.apache.ratis.thirdparty.io.netty.channel.AbstractChannel$AnnotatedConnectException: Connection refused: /192.168.34.56:36658
	at sun.nio.ch.SocketChannelImpl.checkConnect(Native Method)
	at sun.nio.ch.SocketChannelImpl.finishConnect(SocketChannelImpl.java:717)
	at org.apache.ratis.thirdparty.io.netty.channel.socket.nio.NioSocketChannel.doFinishConnect(NioSocketChannel.java:327)
	at org.apache.ratis.thirdparty.io.netty.channel.nio.AbstractNioChannel$AbstractNioUnsafe.finishConnect(AbstractNioChannel.java:340)
	at org.apache.ratis.thirdparty.io.netty.channel.nio.NioEventLoop.processSelectedKey(NioEventLoop.java:632)
	at org.apache.ratis.thirdparty.io.netty.channel.nio.NioEventLoop.processSelectedKeysOptimized(NioEventLoop.java:579)
	at org.apache.ratis.thirdparty.io.netty.channel.nio.NioEventLoop.processSelectedKeys(NioEventLoop.java:496)
	at org.apache.ratis.thirdparty.io.netty.channel.nio.NioEventLoop.run(NioEventLoop.java:458)
	at org.apache.ratis.thirdparty.io.netty.util.concurrent.SingleThreadEventExecutor$5.run(SingleThreadEventExecutor.java:897)
	at org.apache.ratis.thirdparty.io.netty.util.concurrent.FastThreadLocalRunnable.run(FastThreadLocalRunnable.java:30)
	... 1 more
Caused by: java.net.ConnectException: Connection refused
	... 11 more
2019-10-18 13:01:49,933 [c124d131-afb9-4343-ad4e-aaebde613043@group-FF4202234884-LeaderElection262] INFO  impl.LeaderElection (LogUtils.java:infoOrTrace(149)) -   Exception 1: {}
java.util.concurrent.ExecutionException: org.apache.ratis.thirdparty.io.grpc.StatusRuntimeException: UNAVAILABLE: io exception
	at java.util.concurrent.FutureTask.report(FutureTask.java:122)
	at java.util.concurrent.FutureTask.get(FutureTask.java:192)
	at org.apache.ratis.server.impl.LeaderElection.waitForResults(LeaderElection.java:259)
	at org.apache.ratis.server.impl.LeaderElection.askForVotes(LeaderElection.java:197)
	at org.apache.ratis.server.impl.LeaderElection.run(LeaderElection.java:133)
	at java.lang.Thread.run(Thread.java:748)
Caused by: org.apache.ratis.thirdparty.io.grpc.StatusRuntimeException: UNAVAILABLE: io exception
	at org.apache.ratis.thirdparty.io.grpc.stub.ClientCalls.toStatusRuntimeException(ClientCalls.java:233)
	at org.apache.ratis.thirdparty.io.grpc.stub.ClientCalls.getUnchecked(ClientCalls.java:214)
	at org.apache.ratis.thirdparty.io.grpc.stub.ClientCalls.blockingUnaryCall(ClientCalls.java:139)
	at org.apache.ratis.proto.grpc.RaftServerProtocolServiceGrpc$RaftServerProtocolServiceBlockingStub.requestVote(RaftServerProtocolServiceGrpc.java:265)
	at org.apache.ratis.grpc.server.GrpcServerProtocolClient.requestVote(GrpcServerProtocolClient.java:99)
	at org.apache.ratis.grpc.server.GrpcService.requestVote(GrpcService.java:204)
	at org.apache.ratis.server.impl.LeaderElection.lambda$submitRequests$1(LeaderElection.java:234)
	at java.util.concurrent.FutureTask.run(FutureTask.java:266)
	at java.util.concurrent.Executors$RunnableAdapter.call(Executors.java:511)
	at java.util.concurrent.FutureTask.run(FutureTask.java:266)
	at java.util.concurrent.ThreadPoolExecutor.runWorker(ThreadPoolExecutor.java:1149)
	at java.util.concurrent.ThreadPoolExecutor$Worker.run(ThreadPoolExecutor.java:624)
	... 1 more
Caused by: org.apache.ratis.thirdparty.io.netty.channel.AbstractChannel$AnnotatedConnectException: Connection refused: /192.168.34.56:44872
	at sun.nio.ch.SocketChannelImpl.checkConnect(Native Method)
	at sun.nio.ch.SocketChannelImpl.finishConnect(SocketChannelImpl.java:717)
	at org.apache.ratis.thirdparty.io.netty.channel.socket.nio.NioSocketChannel.doFinishConnect(NioSocketChannel.java:327)
	at org.apache.ratis.thirdparty.io.netty.channel.nio.AbstractNioChannel$AbstractNioUnsafe.finishConnect(AbstractNioChannel.java:340)
	at org.apache.ratis.thirdparty.io.netty.channel.nio.NioEventLoop.processSelectedKey(NioEventLoop.java:632)
	at org.apache.ratis.thirdparty.io.netty.channel.nio.NioEventLoop.processSelectedKeysOptimized(NioEventLoop.java:579)
	at org.apache.ratis.thirdparty.io.netty.channel.nio.NioEventLoop.processSelectedKeys(NioEventLoop.java:496)
	at org.apache.ratis.thirdparty.io.netty.channel.nio.NioEventLoop.run(NioEventLoop.java:458)
	at org.apache.ratis.thirdparty.io.netty.util.concurrent.SingleThreadEventExecutor$5.run(SingleThreadEventExecutor.java:897)
	at org.apache.ratis.thirdparty.io.netty.util.concurrent.FastThreadLocalRunnable.run(FastThreadLocalRunnable.java:30)
	... 1 more
Caused by: java.net.ConnectException: Connection refused
	... 11 more
2019-10-18 13:01:49,933 [c124d131-afb9-4343-ad4e-aaebde613043@group-FF4202234884-LeaderElection262] INFO  impl.RaftServerImpl (RaftServerImpl.java:setRole(184)) - c124d131-afb9-4343-ad4e-aaebde613043@group-FF4202234884: changes role from CANDIDATE to FOLLOWER at term 143 for DISCOVERED_A_NEW_TERM
2019-10-18 13:01:49,933 [c124d131-afb9-4343-ad4e-aaebde613043@group-FF4202234884-LeaderElection262] INFO  impl.RoleInfo (RoleInfo.java:shutdownLeaderElection(134)) - c124d131-afb9-4343-ad4e-aaebde613043: shutdown LeaderElection
2019-10-18 13:01:49,933 [c124d131-afb9-4343-ad4e-aaebde613043@group-FF4202234884-LeaderElection262] INFO  impl.RoleInfo (RoleInfo.java:updateAndGet(143)) - c124d131-afb9-4343-ad4e-aaebde613043: start FollowerState
2019-10-18 13:01:49,950 [018b3f78-d19f-4e26-a796-cb8ddc4f97cf@group-187684C21557-LeaderElection263] INFO  impl.LeaderElection (LeaderElection.java:askForVotes(178)) - 018b3f78-d19f-4e26-a796-cb8ddc4f97cf@group-187684C21557-LeaderElection263: begin an election at term 151 for -1: [893cf03e-f2cf-478a-892a-a746717e50e3:192.168.34.56:40750, 8697df36-98d2-41b1-bdc7-60597b3b5526:192.168.34.56:46415, 018b3f78-d19f-4e26-a796-cb8ddc4f97cf:192.168.34.56:35845], old=null
2019-10-18 13:01:49,952 [grpc-default-executor-7] INFO  impl.RaftServerImpl (RaftServerImpl.java:setRole(184)) - 8697df36-98d2-41b1-bdc7-60597b3b5526@group-187684C21557: changes role from  FOLLOWER to FOLLOWER at term 151 for recognizeCandidate:018b3f78-d19f-4e26-a796-cb8ddc4f97cf
2019-10-18 13:01:49,952 [grpc-default-executor-2] INFO  impl.RaftServerImpl (RaftServerImpl.java:setRole(184)) - 893cf03e-f2cf-478a-892a-a746717e50e3@group-187684C21557: changes role from  FOLLOWER to FOLLOWER at term 151 for recognizeCandidate:018b3f78-d19f-4e26-a796-cb8ddc4f97cf
2019-10-18 13:01:49,952 [grpc-default-executor-7] INFO  impl.RoleInfo (RoleInfo.java:shutdownFollowerState(121)) - 8697df36-98d2-41b1-bdc7-60597b3b5526: shutdown FollowerState
2019-10-18 13:01:49,952 [grpc-default-executor-2] INFO  impl.RoleInfo (RoleInfo.java:shutdownFollowerState(121)) - 893cf03e-f2cf-478a-892a-a746717e50e3: shutdown FollowerState
2019-10-18 13:01:49,953 [Thread-2312] INFO  impl.FollowerState (FollowerState.java:run(117)) - 8697df36-98d2-41b1-bdc7-60597b3b5526@group-187684C21557-FollowerState was interrupted: java.lang.InterruptedException: sleep interrupted
2019-10-18 13:01:49,953 [grpc-default-executor-7] INFO  impl.RoleInfo (RoleInfo.java:updateAndGet(143)) - 8697df36-98d2-41b1-bdc7-60597b3b5526: start FollowerState
2019-10-18 13:01:49,953 [Thread-2313] INFO  impl.FollowerState (FollowerState.java:run(117)) - 893cf03e-f2cf-478a-892a-a746717e50e3@group-187684C21557-FollowerState was interrupted: java.lang.InterruptedException: sleep interrupted
2019-10-18 13:01:49,953 [grpc-default-executor-2] INFO  impl.RoleInfo (RoleInfo.java:updateAndGet(143)) - 893cf03e-f2cf-478a-892a-a746717e50e3: start FollowerState
2019-10-18 13:01:49,978 [018b3f78-d19f-4e26-a796-cb8ddc4f97cf@group-187684C21557-LeaderElection263] INFO  impl.LeaderElection (LeaderElection.java:logAndReturn(56)) - 018b3f78-d19f-4e26-a796-cb8ddc4f97cf@group-187684C21557-LeaderElection263: Election REJECTED; received 2 response(s) [018b3f78-d19f-4e26-a796-cb8ddc4f97cf<-893cf03e-f2cf-478a-892a-a746717e50e3#0:FAIL-t151, 018b3f78-d19f-4e26-a796-cb8ddc4f97cf<-8697df36-98d2-41b1-bdc7-60597b3b5526#0:FAIL-t151] and 0 exception(s); 018b3f78-d19f-4e26-a796-cb8ddc4f97cf@group-187684C21557:t151, leader=null, voted=018b3f78-d19f-4e26-a796-cb8ddc4f97cf, raftlog=018b3f78-d19f-4e26-a796-cb8ddc4f97cf@group-187684C21557-SegmentedRaftLog:OPENED:c-1,f-1,i0, conf=-1: [893cf03e-f2cf-478a-892a-a746717e50e3:192.168.34.56:40750, 8697df36-98d2-41b1-bdc7-60597b3b5526:192.168.34.56:46415, 018b3f78-d19f-4e26-a796-cb8ddc4f97cf:192.168.34.56:35845], old=null
2019-10-18 13:01:49,978 [018b3f78-d19f-4e26-a796-cb8ddc4f97cf@group-187684C21557-LeaderElection263] INFO  impl.RaftServerImpl (RaftServerImpl.java:setRole(184)) - 018b3f78-d19f-4e26-a796-cb8ddc4f97cf@group-187684C21557: changes role from CANDIDATE to FOLLOWER at term 151 for DISCOVERED_A_NEW_TERM
2019-10-18 13:01:49,978 [018b3f78-d19f-4e26-a796-cb8ddc4f97cf@group-187684C21557-LeaderElection263] INFO  impl.RoleInfo (RoleInfo.java:shutdownLeaderElection(134)) - 018b3f78-d19f-4e26-a796-cb8ddc4f97cf: shutdown LeaderElection
2019-10-18 13:01:49,978 [018b3f78-d19f-4e26-a796-cb8ddc4f97cf@group-187684C21557-LeaderElection263] INFO  impl.RoleInfo (RoleInfo.java:updateAndGet(143)) - 018b3f78-d19f-4e26-a796-cb8ddc4f97cf: start FollowerState
2019-10-18 13:01:49,985 [Thread-2319] INFO  impl.FollowerState (FollowerState.java:run(108)) - c124d131-afb9-4343-ad4e-aaebde613043@group-FF4202234884-FollowerState: change to CANDIDATE, lastRpcTime:51ms, electionTimeout:51ms
2019-10-18 13:01:49,985 [Thread-2319] INFO  impl.RoleInfo (RoleInfo.java:shutdownFollowerState(121)) - c124d131-afb9-4343-ad4e-aaebde613043: shutdown FollowerState
2019-10-18 13:01:49,985 [Thread-2319] INFO  impl.RaftServerImpl (RaftServerImpl.java:setRole(184)) - c124d131-afb9-4343-ad4e-aaebde613043@group-FF4202234884: changes role from  FOLLOWER to CANDIDATE at term 143 for changeToCandidate
2019-10-18 13:01:49,985 [Thread-2319] INFO  impl.RoleInfo (RoleInfo.java:updateAndGet(143)) - c124d131-afb9-4343-ad4e-aaebde613043: start LeaderElection
2019-10-18 13:01:50,008 [c124d131-afb9-4343-ad4e-aaebde613043@group-FF4202234884-LeaderElection264] INFO  impl.LeaderElection (LeaderElection.java:askForVotes(178)) - c124d131-afb9-4343-ad4e-aaebde613043@group-FF4202234884-LeaderElection264: begin an election at term 144 for -1: [999343e7-0330-4874-a345-91eca72585e0:192.168.34.56:44872, c124d131-afb9-4343-ad4e-aaebde613043:192.168.34.56:42116, e5bb327f-cdd7-4e49-919e-13a4c895fddf:192.168.34.56:36658], old=null
2019-10-18 13:01:50,009 [c124d131-afb9-4343-ad4e-aaebde613043@group-FF4202234884-LeaderElection264] INFO  impl.LeaderElection (LogUtils.java:infoOrTrace(149)) - c124d131-afb9-4343-ad4e-aaebde613043@group-FF4202234884-LeaderElection264 got exception when requesting votes: {}
java.util.concurrent.ExecutionException: org.apache.ratis.thirdparty.io.grpc.StatusRuntimeException: UNAVAILABLE: io exception
	at java.util.concurrent.FutureTask.report(FutureTask.java:122)
	at java.util.concurrent.FutureTask.get(FutureTask.java:192)
	at org.apache.ratis.server.impl.LeaderElection.waitForResults(LeaderElection.java:259)
	at org.apache.ratis.server.impl.LeaderElection.askForVotes(LeaderElection.java:197)
	at org.apache.ratis.server.impl.LeaderElection.run(LeaderElection.java:133)
	at java.lang.Thread.run(Thread.java:748)
Caused by: org.apache.ratis.thirdparty.io.grpc.StatusRuntimeException: UNAVAILABLE: io exception
	at org.apache.ratis.thirdparty.io.grpc.stub.ClientCalls.toStatusRuntimeException(ClientCalls.java:233)
	at org.apache.ratis.thirdparty.io.grpc.stub.ClientCalls.getUnchecked(ClientCalls.java:214)
	at org.apache.ratis.thirdparty.io.grpc.stub.ClientCalls.blockingUnaryCall(ClientCalls.java:139)
	at org.apache.ratis.proto.grpc.RaftServerProtocolServiceGrpc$RaftServerProtocolServiceBlockingStub.requestVote(RaftServerProtocolServiceGrpc.java:265)
	at org.apache.ratis.grpc.server.GrpcServerProtocolClient.requestVote(GrpcServerProtocolClient.java:99)
	at org.apache.ratis.grpc.server.GrpcService.requestVote(GrpcService.java:204)
	at org.apache.ratis.server.impl.LeaderElection.lambda$submitRequests$1(LeaderElection.java:234)
	at java.util.concurrent.FutureTask.run(FutureTask.java:266)
	at java.util.concurrent.Executors$RunnableAdapter.call(Executors.java:511)
	at java.util.concurrent.FutureTask.run(FutureTask.java:266)
	at java.util.concurrent.ThreadPoolExecutor.runWorker(ThreadPoolExecutor.java:1149)
	at java.util.concurrent.ThreadPoolExecutor$Worker.run(ThreadPoolExecutor.java:624)
	... 1 more
Caused by: org.apache.ratis.thirdparty.io.netty.channel.AbstractChannel$AnnotatedConnectException: Connection refused: /192.168.34.56:44872
	at sun.nio.ch.SocketChannelImpl.checkConnect(Native Method)
	at sun.nio.ch.SocketChannelImpl.finishConnect(SocketChannelImpl.java:717)
	at org.apache.ratis.thirdparty.io.netty.channel.socket.nio.NioSocketChannel.doFinishConnect(NioSocketChannel.java:327)
	at org.apache.ratis.thirdparty.io.netty.channel.nio.AbstractNioChannel$AbstractNioUnsafe.finishConnect(AbstractNioChannel.java:340)
	at org.apache.ratis.thirdparty.io.netty.channel.nio.NioEventLoop.processSelectedKey(NioEventLoop.java:632)
	at org.apache.ratis.thirdparty.io.netty.channel.nio.NioEventLoop.processSelectedKeysOptimized(NioEventLoop.java:579)
	at org.apache.ratis.thirdparty.io.netty.channel.nio.NioEventLoop.processSelectedKeys(NioEventLoop.java:496)
	at org.apache.ratis.thirdparty.io.netty.channel.nio.NioEventLoop.run(NioEventLoop.java:458)
	at org.apache.ratis.thirdparty.io.netty.util.concurrent.SingleThreadEventExecutor$5.run(SingleThreadEventExecutor.java:897)
	at org.apache.ratis.thirdparty.io.netty.util.concurrent.FastThreadLocalRunnable.run(FastThreadLocalRunnable.java:30)
	... 1 more
Caused by: java.net.ConnectException: Connection refused
	... 11 more
2019-10-18 13:01:50,012 [Thread-2324] INFO  impl.FollowerState (FollowerState.java:run(108)) - 018b3f78-d19f-4e26-a796-cb8ddc4f97cf@group-187684C21557-FollowerState: change to CANDIDATE, lastRpcTime:33ms, electionTimeout:32ms
2019-10-18 13:01:50,012 [c124d131-afb9-4343-ad4e-aaebde613043@group-FF4202234884-LeaderElection264] INFO  impl.LeaderElection (LogUtils.java:infoOrTrace(149)) - c124d131-afb9-4343-ad4e-aaebde613043@group-FF4202234884-LeaderElection264 got exception when requesting votes: {}
java.util.concurrent.ExecutionException: org.apache.ratis.thirdparty.io.grpc.StatusRuntimeException: UNAVAILABLE: io exception
	at java.util.concurrent.FutureTask.report(FutureTask.java:122)
	at java.util.concurrent.FutureTask.get(FutureTask.java:192)
	at org.apache.ratis.server.impl.LeaderElection.waitForResults(LeaderElection.java:259)
	at org.apache.ratis.server.impl.LeaderElection.askForVotes(LeaderElection.java:197)
	at org.apache.ratis.server.impl.LeaderElection.run(LeaderElection.java:133)
	at java.lang.Thread.run(Thread.java:748)
Caused by: org.apache.ratis.thirdparty.io.grpc.StatusRuntimeException: UNAVAILABLE: io exception
	at org.apache.ratis.thirdparty.io.grpc.stub.ClientCalls.toStatusRuntimeException(ClientCalls.java:233)
	at org.apache.ratis.thirdparty.io.grpc.stub.ClientCalls.getUnchecked(ClientCalls.java:214)
	at org.apache.ratis.thirdparty.io.grpc.stub.ClientCalls.blockingUnaryCall(ClientCalls.java:139)
	at org.apache.ratis.proto.grpc.RaftServerProtocolServiceGrpc$RaftServerProtocolServiceBlockingStub.requestVote(RaftServerProtocolServiceGrpc.java:265)
	at org.apache.ratis.grpc.server.GrpcServerProtocolClient.requestVote(GrpcServerProtocolClient.java:99)
	at org.apache.ratis.grpc.server.GrpcService.requestVote(GrpcService.java:204)
	at org.apache.ratis.server.impl.LeaderElection.lambda$submitRequests$1(LeaderElection.java:234)
	at java.util.concurrent.FutureTask.run(FutureTask.java:266)
	at java.util.concurrent.Executors$RunnableAdapter.call(Executors.java:511)
	at java.util.concurrent.FutureTask.run(FutureTask.java:266)
	at java.util.concurrent.ThreadPoolExecutor.runWorker(ThreadPoolExecutor.java:1149)
	at java.util.concurrent.ThreadPoolExecutor$Worker.run(ThreadPoolExecutor.java:624)
	... 1 more
Caused by: org.apache.ratis.thirdparty.io.netty.channel.AbstractChannel$AnnotatedConnectException: Connection refused: /192.168.34.56:36658
	at sun.nio.ch.SocketChannelImpl.checkConnect(Native Method)
	at sun.nio.ch.SocketChannelImpl.finishConnect(SocketChannelImpl.java:717)
	at org.apache.ratis.thirdparty.io.netty.channel.socket.nio.NioSocketChannel.doFinishConnect(NioSocketChannel.java:327)
	at org.apache.ratis.thirdparty.io.netty.channel.nio.AbstractNioChannel$AbstractNioUnsafe.finishConnect(AbstractNioChannel.java:340)
	at org.apache.ratis.thirdparty.io.netty.channel.nio.NioEventLoop.processSelectedKey(NioEventLoop.java:632)
	at org.apache.ratis.thirdparty.io.netty.channel.nio.NioEventLoop.processSelectedKeysOptimized(NioEventLoop.java:579)
	at org.apache.ratis.thirdparty.io.netty.channel.nio.NioEventLoop.processSelectedKeys(NioEventLoop.java:496)
	at org.apache.ratis.thirdparty.io.netty.channel.nio.NioEventLoop.run(NioEventLoop.java:458)
	at org.apache.ratis.thirdparty.io.netty.util.concurrent.SingleThreadEventExecutor$5.run(SingleThreadEventExecutor.java:897)
	at org.apache.ratis.thirdparty.io.netty.util.concurrent.FastThreadLocalRunnable.run(FastThreadLocalRunnable.java:30)
	... 1 more
Caused by: java.net.ConnectException: Connection refused
	... 11 more
2019-10-18 13:01:50,012 [Thread-2324] INFO  impl.RoleInfo (RoleInfo.java:shutdownFollowerState(121)) - 018b3f78-d19f-4e26-a796-cb8ddc4f97cf: shutdown FollowerState
2019-10-18 13:01:50,014 [c124d131-afb9-4343-ad4e-aaebde613043@group-FF4202234884-LeaderElection264] INFO  impl.LeaderElection (LeaderElection.java:logAndReturn(56)) - c124d131-afb9-4343-ad4e-aaebde613043@group-FF4202234884-LeaderElection264: Election REJECTED; received 0 response(s) [] and 2 exception(s); c124d131-afb9-4343-ad4e-aaebde613043@group-FF4202234884:t144, leader=null, voted=c124d131-afb9-4343-ad4e-aaebde613043, raftlog=c124d131-afb9-4343-ad4e-aaebde613043@group-FF4202234884-SegmentedRaftLog:OPENED:c-1,f-1,i0, conf=-1: [999343e7-0330-4874-a345-91eca72585e0:192.168.34.56:44872, c124d131-afb9-4343-ad4e-aaebde613043:192.168.34.56:42116, e5bb327f-cdd7-4e49-919e-13a4c895fddf:192.168.34.56:36658], old=null
2019-10-18 13:01:50,014 [Thread-2324] INFO  impl.RaftServerImpl (RaftServerImpl.java:setRole(184)) - 018b3f78-d19f-4e26-a796-cb8ddc4f97cf@group-187684C21557: changes role from  FOLLOWER to CANDIDATE at term 151 for changeToCandidate
2019-10-18 13:01:50,014 [c124d131-afb9-4343-ad4e-aaebde613043@group-FF4202234884-LeaderElection264] INFO  impl.LeaderElection (LogUtils.java:infoOrTrace(149)) -   Exception 0: {}
java.util.concurrent.ExecutionException: org.apache.ratis.thirdparty.io.grpc.StatusRuntimeException: UNAVAILABLE: io exception
	at java.util.concurrent.FutureTask.report(FutureTask.java:122)
	at java.util.concurrent.FutureTask.get(FutureTask.java:192)
	at org.apache.ratis.server.impl.LeaderElection.waitForResults(LeaderElection.java:259)
	at org.apache.ratis.server.impl.LeaderElection.askForVotes(LeaderElection.java:197)
	at org.apache.ratis.server.impl.LeaderElection.run(LeaderElection.java:133)
	at java.lang.Thread.run(Thread.java:748)
Caused by: org.apache.ratis.thirdparty.io.grpc.StatusRuntimeException: UNAVAILABLE: io exception
	at org.apache.ratis.thirdparty.io.grpc.stub.ClientCalls.toStatusRuntimeException(ClientCalls.java:233)
	at org.apache.ratis.thirdparty.io.grpc.stub.ClientCalls.getUnchecked(ClientCalls.java:214)
	at org.apache.ratis.thirdparty.io.grpc.stub.ClientCalls.blockingUnaryCall(ClientCalls.java:139)
	at org.apache.ratis.proto.grpc.RaftServerProtocolServiceGrpc$RaftServerProtocolServiceBlockingStub.requestVote(RaftServerProtocolServiceGrpc.java:265)
	at org.apache.ratis.grpc.server.GrpcServerProtocolClient.requestVote(GrpcServerProtocolClient.java:99)
	at org.apache.ratis.grpc.server.GrpcService.requestVote(GrpcService.java:204)
	at org.apache.ratis.server.impl.LeaderElection.lambda$submitRequests$1(LeaderElection.java:234)
	at java.util.concurrent.FutureTask.run(FutureTask.java:266)
	at java.util.concurrent.Executors$RunnableAdapter.call(Executors.java:511)
	at java.util.concurrent.FutureTask.run(FutureTask.java:266)
	at java.util.concurrent.ThreadPoolExecutor.runWorker(ThreadPoolExecutor.java:1149)
	at java.util.concurrent.ThreadPoolExecutor$Worker.run(ThreadPoolExecutor.java:624)
	... 1 more
Caused by: org.apache.ratis.thirdparty.io.netty.channel.AbstractChannel$AnnotatedConnectException: Connection refused: /192.168.34.56:44872
	at sun.nio.ch.SocketChannelImpl.checkConnect(Native Method)
	at sun.nio.ch.SocketChannelImpl.finishConnect(SocketChannelImpl.java:717)
	at org.apache.ratis.thirdparty.io.netty.channel.socket.nio.NioSocketChannel.doFinishConnect(NioSocketChannel.java:327)
	at org.apache.ratis.thirdparty.io.netty.channel.nio.AbstractNioChannel$AbstractNioUnsafe.finishConnect(AbstractNioChannel.java:340)
	at org.apache.ratis.thirdparty.io.netty.channel.nio.NioEventLoop.processSelectedKey(NioEventLoop.java:632)
	at org.apache.ratis.thirdparty.io.netty.channel.nio.NioEventLoop.processSelectedKeysOptimized(NioEventLoop.java:579)
	at org.apache.ratis.thirdparty.io.netty.channel.nio.NioEventLoop.processSelectedKeys(NioEventLoop.java:496)
	at org.apache.ratis.thirdparty.io.netty.channel.nio.NioEventLoop.run(NioEventLoop.java:458)
	at org.apache.ratis.thirdparty.io.netty.util.concurrent.SingleThreadEventExecutor$5.run(SingleThreadEventExecutor.java:897)
	at org.apache.ratis.thirdparty.io.netty.util.concurrent.FastThreadLocalRunnable.run(FastThreadLocalRunnable.java:30)
	... 1 more
Caused by: java.net.ConnectException: Connection refused
	... 11 more
2019-10-18 13:01:50,014 [Thread-2324] INFO  impl.RoleInfo (RoleInfo.java:updateAndGet(143)) - 018b3f78-d19f-4e26-a796-cb8ddc4f97cf: start LeaderElection
2019-10-18 13:01:50,014 [c124d131-afb9-4343-ad4e-aaebde613043@group-FF4202234884-LeaderElection264] INFO  impl.LeaderElection (LogUtils.java:infoOrTrace(149)) -   Exception 1: {}
java.util.concurrent.ExecutionException: org.apache.ratis.thirdparty.io.grpc.StatusRuntimeException: UNAVAILABLE: io exception
	at java.util.concurrent.FutureTask.report(FutureTask.java:122)
	at java.util.concurrent.FutureTask.get(FutureTask.java:192)
	at org.apache.ratis.server.impl.LeaderElection.waitForResults(LeaderElection.java:259)
	at org.apache.ratis.server.impl.LeaderElection.askForVotes(LeaderElection.java:197)
	at org.apache.ratis.server.impl.LeaderElection.run(LeaderElection.java:133)
	at java.lang.Thread.run(Thread.java:748)
Caused by: org.apache.ratis.thirdparty.io.grpc.StatusRuntimeException: UNAVAILABLE: io exception
	at org.apache.ratis.thirdparty.io.grpc.stub.ClientCalls.toStatusRuntimeException(ClientCalls.java:233)
	at org.apache.ratis.thirdparty.io.grpc.stub.ClientCalls.getUnchecked(ClientCalls.java:214)
	at org.apache.ratis.thirdparty.io.grpc.stub.ClientCalls.blockingUnaryCall(ClientCalls.java:139)
	at org.apache.ratis.proto.grpc.RaftServerProtocolServiceGrpc$RaftServerProtocolServiceBlockingStub.requestVote(RaftServerProtocolServiceGrpc.java:265)
	at org.apache.ratis.grpc.server.GrpcServerProtocolClient.requestVote(GrpcServerProtocolClient.java:99)
	at org.apache.ratis.grpc.server.GrpcService.requestVote(GrpcService.java:204)
	at org.apache.ratis.server.impl.LeaderElection.lambda$submitRequests$1(LeaderElection.java:234)
	at java.util.concurrent.FutureTask.run(FutureTask.java:266)
	at java.util.concurrent.Executors$RunnableAdapter.call(Executors.java:511)
	at java.util.concurrent.FutureTask.run(FutureTask.java:266)
	at java.util.concurrent.ThreadPoolExecutor.runWorker(ThreadPoolExecutor.java:1149)
	at java.util.concurrent.ThreadPoolExecutor$Worker.run(ThreadPoolExecutor.java:624)
	... 1 more
Caused by: org.apache.ratis.thirdparty.io.netty.channel.AbstractChannel$AnnotatedConnectException: Connection refused: /192.168.34.56:36658
	at sun.nio.ch.SocketChannelImpl.checkConnect(Native Method)
	at sun.nio.ch.SocketChannelImpl.finishConnect(SocketChannelImpl.java:717)
	at org.apache.ratis.thirdparty.io.netty.channel.socket.nio.NioSocketChannel.doFinishConnect(NioSocketChannel.java:327)
	at org.apache.ratis.thirdparty.io.netty.channel.nio.AbstractNioChannel$AbstractNioUnsafe.finishConnect(AbstractNioChannel.java:340)
	at org.apache.ratis.thirdparty.io.netty.channel.nio.NioEventLoop.processSelectedKey(NioEventLoop.java:632)
	at org.apache.ratis.thirdparty.io.netty.channel.nio.NioEventLoop.processSelectedKeysOptimized(NioEventLoop.java:579)
	at org.apache.ratis.thirdparty.io.netty.channel.nio.NioEventLoop.processSelectedKeys(NioEventLoop.java:496)
	at org.apache.ratis.thirdparty.io.netty.channel.nio.NioEventLoop.run(NioEventLoop.java:458)
	at org.apache.ratis.thirdparty.io.netty.util.concurrent.SingleThreadEventExecutor$5.run(SingleThreadEventExecutor.java:897)
	at org.apache.ratis.thirdparty.io.netty.util.concurrent.FastThreadLocalRunnable.run(FastThreadLocalRunnable.java:30)
	... 1 more
Caused by: java.net.ConnectException: Connection refused
	... 11 more
2019-10-18 13:01:50,015 [c124d131-afb9-4343-ad4e-aaebde613043@group-FF4202234884-LeaderElection264] INFO  impl.RaftServerImpl (RaftServerImpl.java:setRole(184)) - c124d131-afb9-4343-ad4e-aaebde613043@group-FF4202234884: changes role from CANDIDATE to FOLLOWER at term 144 for DISCOVERED_A_NEW_TERM
2019-10-18 13:01:50,015 [c124d131-afb9-4343-ad4e-aaebde613043@group-FF4202234884-LeaderElection264] INFO  impl.RoleInfo (RoleInfo.java:shutdownLeaderElection(134)) - c124d131-afb9-4343-ad4e-aaebde613043: shutdown LeaderElection
2019-10-18 13:01:50,015 [c124d131-afb9-4343-ad4e-aaebde613043@group-FF4202234884-LeaderElection264] INFO  impl.RoleInfo (RoleInfo.java:updateAndGet(143)) - c124d131-afb9-4343-ad4e-aaebde613043: start FollowerState
2019-10-18 13:01:50,038 [018b3f78-d19f-4e26-a796-cb8ddc4f97cf@group-187684C21557-LeaderElection265] INFO  impl.LeaderElection (LeaderElection.java:askForVotes(178)) - 018b3f78-d19f-4e26-a796-cb8ddc4f97cf@group-187684C21557-LeaderElection265: begin an election at term 152 for -1: [893cf03e-f2cf-478a-892a-a746717e50e3:192.168.34.56:40750, 8697df36-98d2-41b1-bdc7-60597b3b5526:192.168.34.56:46415, 018b3f78-d19f-4e26-a796-cb8ddc4f97cf:192.168.34.56:35845], old=null
2019-10-18 13:01:50,041 [grpc-default-executor-2] INFO  impl.RaftServerImpl (RaftServerImpl.java:setRole(184)) - 893cf03e-f2cf-478a-892a-a746717e50e3@group-187684C21557: changes role from  FOLLOWER to FOLLOWER at term 152 for recognizeCandidate:018b3f78-d19f-4e26-a796-cb8ddc4f97cf
2019-10-18 13:01:50,041 [grpc-default-executor-2] INFO  impl.RoleInfo (RoleInfo.java:shutdownFollowerState(121)) - 893cf03e-f2cf-478a-892a-a746717e50e3: shutdown FollowerState
2019-10-18 13:01:50,041 [grpc-default-executor-7] INFO  impl.RaftServerImpl (RaftServerImpl.java:setRole(184)) - 8697df36-98d2-41b1-bdc7-60597b3b5526@group-187684C21557: changes role from  FOLLOWER to FOLLOWER at term 152 for recognizeCandidate:018b3f78-d19f-4e26-a796-cb8ddc4f97cf
2019-10-18 13:01:50,041 [Thread-2323] INFO  impl.FollowerState (FollowerState.java:run(117)) - 893cf03e-f2cf-478a-892a-a746717e50e3@group-187684C21557-FollowerState was interrupted: java.lang.InterruptedException: sleep interrupted
2019-10-18 13:01:50,041 [grpc-default-executor-2] INFO  impl.RoleInfo (RoleInfo.java:updateAndGet(143)) - 893cf03e-f2cf-478a-892a-a746717e50e3: start FollowerState
2019-10-18 13:01:50,041 [grpc-default-executor-7] INFO  impl.RoleInfo (RoleInfo.java:shutdownFollowerState(121)) - 8697df36-98d2-41b1-bdc7-60597b3b5526: shutdown FollowerState
2019-10-18 13:01:50,042 [grpc-default-executor-7] INFO  impl.RoleInfo (RoleInfo.java:updateAndGet(143)) - 8697df36-98d2-41b1-bdc7-60597b3b5526: start FollowerState
2019-10-18 13:01:50,042 [Thread-2322] INFO  impl.FollowerState (FollowerState.java:run(117)) - 8697df36-98d2-41b1-bdc7-60597b3b5526@group-187684C21557-FollowerState was interrupted: java.lang.InterruptedException: sleep interrupted
2019-10-18 13:01:50,054 [018b3f78-d19f-4e26-a796-cb8ddc4f97cf@group-187684C21557-LeaderElection265] INFO  impl.LeaderElection (LeaderElection.java:logAndReturn(56)) - 018b3f78-d19f-4e26-a796-cb8ddc4f97cf@group-187684C21557-LeaderElection265: Election REJECTED; received 2 response(s) [018b3f78-d19f-4e26-a796-cb8ddc4f97cf<-893cf03e-f2cf-478a-892a-a746717e50e3#0:FAIL-t152, 018b3f78-d19f-4e26-a796-cb8ddc4f97cf<-8697df36-98d2-41b1-bdc7-60597b3b5526#0:FAIL-t152] and 0 exception(s); 018b3f78-d19f-4e26-a796-cb8ddc4f97cf@group-187684C21557:t152, leader=null, voted=018b3f78-d19f-4e26-a796-cb8ddc4f97cf, raftlog=018b3f78-d19f-4e26-a796-cb8ddc4f97cf@group-187684C21557-SegmentedRaftLog:OPENED:c-1,f-1,i0, conf=-1: [893cf03e-f2cf-478a-892a-a746717e50e3:192.168.34.56:40750, 8697df36-98d2-41b1-bdc7-60597b3b5526:192.168.34.56:46415, 018b3f78-d19f-4e26-a796-cb8ddc4f97cf:192.168.34.56:35845], old=null
2019-10-18 13:01:50,054 [018b3f78-d19f-4e26-a796-cb8ddc4f97cf@group-187684C21557-LeaderElection265] INFO  impl.RaftServerImpl (RaftServerImpl.java:setRole(184)) - 018b3f78-d19f-4e26-a796-cb8ddc4f97cf@group-187684C21557: changes role from CANDIDATE to FOLLOWER at term 152 for DISCOVERED_A_NEW_TERM
2019-10-18 13:01:50,055 [018b3f78-d19f-4e26-a796-cb8ddc4f97cf@group-187684C21557-LeaderElection265] INFO  impl.RoleInfo (RoleInfo.java:shutdownLeaderElection(134)) - 018b3f78-d19f-4e26-a796-cb8ddc4f97cf: shutdown LeaderElection
2019-10-18 13:01:50,055 [018b3f78-d19f-4e26-a796-cb8ddc4f97cf@group-187684C21557-LeaderElection265] INFO  impl.RoleInfo (RoleInfo.java:updateAndGet(143)) - 018b3f78-d19f-4e26-a796-cb8ddc4f97cf: start FollowerState
2019-10-18 13:01:50,162 [Thread-2329] INFO  impl.FollowerState (FollowerState.java:run(108)) - c124d131-afb9-4343-ad4e-aaebde613043@group-FF4202234884-FollowerState: change to CANDIDATE, lastRpcTime:146ms, electionTimeout:146ms
2019-10-18 13:01:50,162 [Thread-2329] INFO  impl.RoleInfo (RoleInfo.java:shutdownFollowerState(121)) - c124d131-afb9-4343-ad4e-aaebde613043: shutdown FollowerState
2019-10-18 13:01:50,162 [Thread-2329] INFO  impl.RaftServerImpl (RaftServerImpl.java:setRole(184)) - c124d131-afb9-4343-ad4e-aaebde613043@group-FF4202234884: changes role from  FOLLOWER to CANDIDATE at term 144 for changeToCandidate
2019-10-18 13:01:50,163 [Thread-2329] INFO  impl.RoleInfo (RoleInfo.java:updateAndGet(143)) - c124d131-afb9-4343-ad4e-aaebde613043: start LeaderElection
2019-10-18 13:01:50,186 [c124d131-afb9-4343-ad4e-aaebde613043@group-FF4202234884-LeaderElection266] INFO  impl.LeaderElection (LeaderElection.java:askForVotes(178)) - c124d131-afb9-4343-ad4e-aaebde613043@group-FF4202234884-LeaderElection266: begin an election at term 145 for -1: [999343e7-0330-4874-a345-91eca72585e0:192.168.34.56:44872, c124d131-afb9-4343-ad4e-aaebde613043:192.168.34.56:42116, e5bb327f-cdd7-4e49-919e-13a4c895fddf:192.168.34.56:36658], old=null
2019-10-18 13:01:50,187 [c124d131-afb9-4343-ad4e-aaebde613043@group-FF4202234884-LeaderElection266] INFO  impl.LeaderElection (LogUtils.java:infoOrTrace(149)) - c124d131-afb9-4343-ad4e-aaebde613043@group-FF4202234884-LeaderElection266 got exception when requesting votes: {}
java.util.concurrent.ExecutionException: org.apache.ratis.thirdparty.io.grpc.StatusRuntimeException: UNAVAILABLE: io exception
	at java.util.concurrent.FutureTask.report(FutureTask.java:122)
	at java.util.concurrent.FutureTask.get(FutureTask.java:192)
	at org.apache.ratis.server.impl.LeaderElection.waitForResults(LeaderElection.java:259)
	at org.apache.ratis.server.impl.LeaderElection.askForVotes(LeaderElection.java:197)
	at org.apache.ratis.server.impl.LeaderElection.run(LeaderElection.java:133)
	at java.lang.Thread.run(Thread.java:748)
Caused by: org.apache.ratis.thirdparty.io.grpc.StatusRuntimeException: UNAVAILABLE: io exception
	at org.apache.ratis.thirdparty.io.grpc.stub.ClientCalls.toStatusRuntimeException(ClientCalls.java:233)
	at org.apache.ratis.thirdparty.io.grpc.stub.ClientCalls.getUnchecked(ClientCalls.java:214)
	at org.apache.ratis.thirdparty.io.grpc.stub.ClientCalls.blockingUnaryCall(ClientCalls.java:139)
	at org.apache.ratis.proto.grpc.RaftServerProtocolServiceGrpc$RaftServerProtocolServiceBlockingStub.requestVote(RaftServerProtocolServiceGrpc.java:265)
	at org.apache.ratis.grpc.server.GrpcServerProtocolClient.requestVote(GrpcServerProtocolClient.java:99)
	at org.apache.ratis.grpc.server.GrpcService.requestVote(GrpcService.java:204)
	at org.apache.ratis.server.impl.LeaderElection.lambda$submitRequests$1(LeaderElection.java:234)
	at java.util.concurrent.FutureTask.run(FutureTask.java:266)
	at java.util.concurrent.Executors$RunnableAdapter.call(Executors.java:511)
	at java.util.concurrent.FutureTask.run(FutureTask.java:266)
	at java.util.concurrent.ThreadPoolExecutor.runWorker(ThreadPoolExecutor.java:1149)
	at java.util.concurrent.ThreadPoolExecutor$Worker.run(ThreadPoolExecutor.java:624)
	... 1 more
Caused by: org.apache.ratis.thirdparty.io.netty.channel.AbstractChannel$AnnotatedConnectException: Connection refused: /192.168.34.56:44872
	at sun.nio.ch.SocketChannelImpl.checkConnect(Native Method)
	at sun.nio.ch.SocketChannelImpl.finishConnect(SocketChannelImpl.java:717)
	at org.apache.ratis.thirdparty.io.netty.channel.socket.nio.NioSocketChannel.doFinishConnect(NioSocketChannel.java:327)
	at org.apache.ratis.thirdparty.io.netty.channel.nio.AbstractNioChannel$AbstractNioUnsafe.finishConnect(AbstractNioChannel.java:340)
	at org.apache.ratis.thirdparty.io.netty.channel.nio.NioEventLoop.processSelectedKey(NioEventLoop.java:632)
	at org.apache.ratis.thirdparty.io.netty.channel.nio.NioEventLoop.processSelectedKeysOptimized(NioEventLoop.java:579)
	at org.apache.ratis.thirdparty.io.netty.channel.nio.NioEventLoop.processSelectedKeys(NioEventLoop.java:496)
	at org.apache.ratis.thirdparty.io.netty.channel.nio.NioEventLoop.run(NioEventLoop.java:458)
	at org.apache.ratis.thirdparty.io.netty.util.concurrent.SingleThreadEventExecutor$5.run(SingleThreadEventExecutor.java:897)
	at org.apache.ratis.thirdparty.io.netty.util.concurrent.FastThreadLocalRunnable.run(FastThreadLocalRunnable.java:30)
	... 1 more
Caused by: java.net.ConnectException: Connection refused
	... 11 more
2019-10-18 13:01:50,191 [c124d131-afb9-4343-ad4e-aaebde613043@group-FF4202234884-LeaderElection266] INFO  impl.LeaderElection (LogUtils.java:infoOrTrace(149)) - c124d131-afb9-4343-ad4e-aaebde613043@group-FF4202234884-LeaderElection266 got exception when requesting votes: {}
java.util.concurrent.ExecutionException: org.apache.ratis.thirdparty.io.grpc.StatusRuntimeException: UNAVAILABLE: io exception
	at java.util.concurrent.FutureTask.report(FutureTask.java:122)
	at java.util.concurrent.FutureTask.get(FutureTask.java:192)
	at org.apache.ratis.server.impl.LeaderElection.waitForResults(LeaderElection.java:259)
	at org.apache.ratis.server.impl.LeaderElection.askForVotes(LeaderElection.java:197)
	at org.apache.ratis.server.impl.LeaderElection.run(LeaderElection.java:133)
	at java.lang.Thread.run(Thread.java:748)
Caused by: org.apache.ratis.thirdparty.io.grpc.StatusRuntimeException: UNAVAILABLE: io exception
	at org.apache.ratis.thirdparty.io.grpc.stub.ClientCalls.toStatusRuntimeException(ClientCalls.java:233)
	at org.apache.ratis.thirdparty.io.grpc.stub.ClientCalls.getUnchecked(ClientCalls.java:214)
	at org.apache.ratis.thirdparty.io.grpc.stub.ClientCalls.blockingUnaryCall(ClientCalls.java:139)
	at org.apache.ratis.proto.grpc.RaftServerProtocolServiceGrpc$RaftServerProtocolServiceBlockingStub.requestVote(RaftServerProtocolServiceGrpc.java:265)
	at org.apache.ratis.grpc.server.GrpcServerProtocolClient.requestVote(GrpcServerProtocolClient.java:99)
	at org.apache.ratis.grpc.server.GrpcService.requestVote(GrpcService.java:204)
	at org.apache.ratis.server.impl.LeaderElection.lambda$submitRequests$1(LeaderElection.java:234)
	at java.util.concurrent.FutureTask.run(FutureTask.java:266)
	at java.util.concurrent.Executors$RunnableAdapter.call(Executors.java:511)
	at java.util.concurrent.FutureTask.run(FutureTask.java:266)
	at java.util.concurrent.ThreadPoolExecutor.runWorker(ThreadPoolExecutor.java:1149)
	at java.util.concurrent.ThreadPoolExecutor$Worker.run(ThreadPoolExecutor.java:624)
	... 1 more
Caused by: org.apache.ratis.thirdparty.io.netty.channel.AbstractChannel$AnnotatedConnectException: Connection refused: /192.168.34.56:36658
	at sun.nio.ch.SocketChannelImpl.checkConnect(Native Method)
	at sun.nio.ch.SocketChannelImpl.finishConnect(SocketChannelImpl.java:717)
	at org.apache.ratis.thirdparty.io.netty.channel.socket.nio.NioSocketChannel.doFinishConnect(NioSocketChannel.java:327)
	at org.apache.ratis.thirdparty.io.netty.channel.nio.AbstractNioChannel$AbstractNioUnsafe.finishConnect(AbstractNioChannel.java:340)
	at org.apache.ratis.thirdparty.io.netty.channel.nio.NioEventLoop.processSelectedKey(NioEventLoop.java:632)
	at org.apache.ratis.thirdparty.io.netty.channel.nio.NioEventLoop.processSelectedKeysOptimized(NioEventLoop.java:579)
	at org.apache.ratis.thirdparty.io.netty.channel.nio.NioEventLoop.processSelectedKeys(NioEventLoop.java:496)
	at org.apache.ratis.thirdparty.io.netty.channel.nio.NioEventLoop.run(NioEventLoop.java:458)
	at org.apache.ratis.thirdparty.io.netty.util.concurrent.SingleThreadEventExecutor$5.run(SingleThreadEventExecutor.java:897)
	at org.apache.ratis.thirdparty.io.netty.util.concurrent.FastThreadLocalRunnable.run(FastThreadLocalRunnable.java:30)
	... 1 more
Caused by: java.net.ConnectException: Connection refused
	... 11 more
2019-10-18 13:01:50,194 [Thread-2334] INFO  impl.FollowerState (FollowerState.java:run(108)) - 018b3f78-d19f-4e26-a796-cb8ddc4f97cf@group-187684C21557-FollowerState: change to CANDIDATE, lastRpcTime:139ms, electionTimeout:138ms
2019-10-18 13:01:50,194 [c124d131-afb9-4343-ad4e-aaebde613043@group-FF4202234884-LeaderElection266] INFO  impl.LeaderElection (LeaderElection.java:logAndReturn(56)) - c124d131-afb9-4343-ad4e-aaebde613043@group-FF4202234884-LeaderElection266: Election REJECTED; received 0 response(s) [] and 2 exception(s); c124d131-afb9-4343-ad4e-aaebde613043@group-FF4202234884:t145, leader=null, voted=c124d131-afb9-4343-ad4e-aaebde613043, raftlog=c124d131-afb9-4343-ad4e-aaebde613043@group-FF4202234884-SegmentedRaftLog:OPENED:c-1,f-1,i0, conf=-1: [999343e7-0330-4874-a345-91eca72585e0:192.168.34.56:44872, c124d131-afb9-4343-ad4e-aaebde613043:192.168.34.56:42116, e5bb327f-cdd7-4e49-919e-13a4c895fddf:192.168.34.56:36658], old=null
2019-10-18 13:01:50,194 [Thread-2334] INFO  impl.RoleInfo (RoleInfo.java:shutdownFollowerState(121)) - 018b3f78-d19f-4e26-a796-cb8ddc4f97cf: shutdown FollowerState
2019-10-18 13:01:50,194 [c124d131-afb9-4343-ad4e-aaebde613043@group-FF4202234884-LeaderElection266] INFO  impl.LeaderElection (LogUtils.java:infoOrTrace(149)) -   Exception 0: {}
java.util.concurrent.ExecutionException: org.apache.ratis.thirdparty.io.grpc.StatusRuntimeException: UNAVAILABLE: io exception
	at java.util.concurrent.FutureTask.report(FutureTask.java:122)
	at java.util.concurrent.FutureTask.get(FutureTask.java:192)
	at org.apache.ratis.server.impl.LeaderElection.waitForResults(LeaderElection.java:259)
	at org.apache.ratis.server.impl.LeaderElection.askForVotes(LeaderElection.java:197)
	at org.apache.ratis.server.impl.LeaderElection.run(LeaderElection.java:133)
	at java.lang.Thread.run(Thread.java:748)
Caused by: org.apache.ratis.thirdparty.io.grpc.StatusRuntimeException: UNAVAILABLE: io exception
	at org.apache.ratis.thirdparty.io.grpc.stub.ClientCalls.toStatusRuntimeException(ClientCalls.java:233)
	at org.apache.ratis.thirdparty.io.grpc.stub.ClientCalls.getUnchecked(ClientCalls.java:214)
	at org.apache.ratis.thirdparty.io.grpc.stub.ClientCalls.blockingUnaryCall(ClientCalls.java:139)
	at org.apache.ratis.proto.grpc.RaftServerProtocolServiceGrpc$RaftServerProtocolServiceBlockingStub.requestVote(RaftServerProtocolServiceGrpc.java:265)
	at org.apache.ratis.grpc.server.GrpcServerProtocolClient.requestVote(GrpcServerProtocolClient.java:99)
	at org.apache.ratis.grpc.server.GrpcService.requestVote(GrpcService.java:204)
	at org.apache.ratis.server.impl.LeaderElection.lambda$submitRequests$1(LeaderElection.java:234)
	at java.util.concurrent.FutureTask.run(FutureTask.java:266)
	at java.util.concurrent.Executors$RunnableAdapter.call(Executors.java:511)
	at java.util.concurrent.FutureTask.run(FutureTask.java:266)
	at java.util.concurrent.ThreadPoolExecutor.runWorker(ThreadPoolExecutor.java:1149)
	at java.util.concurrent.ThreadPoolExecutor$Worker.run(ThreadPoolExecutor.java:624)
	... 1 more
Caused by: org.apache.ratis.thirdparty.io.netty.channel.AbstractChannel$AnnotatedConnectException: Connection refused: /192.168.34.56:44872
	at sun.nio.ch.SocketChannelImpl.checkConnect(Native Method)
	at sun.nio.ch.SocketChannelImpl.finishConnect(SocketChannelImpl.java:717)
	at org.apache.ratis.thirdparty.io.netty.channel.socket.nio.NioSocketChannel.doFinishConnect(NioSocketChannel.java:327)
	at org.apache.ratis.thirdparty.io.netty.channel.nio.AbstractNioChannel$AbstractNioUnsafe.finishConnect(AbstractNioChannel.java:340)
	at org.apache.ratis.thirdparty.io.netty.channel.nio.NioEventLoop.processSelectedKey(NioEventLoop.java:632)
	at org.apache.ratis.thirdparty.io.netty.channel.nio.NioEventLoop.processSelectedKeysOptimized(NioEventLoop.java:579)
	at org.apache.ratis.thirdparty.io.netty.channel.nio.NioEventLoop.processSelectedKeys(NioEventLoop.java:496)
	at org.apache.ratis.thirdparty.io.netty.channel.nio.NioEventLoop.run(NioEventLoop.java:458)
	at org.apache.ratis.thirdparty.io.netty.util.concurrent.SingleThreadEventExecutor$5.run(SingleThreadEventExecutor.java:897)
	at org.apache.ratis.thirdparty.io.netty.util.concurrent.FastThreadLocalRunnable.run(FastThreadLocalRunnable.java:30)
	... 1 more
Caused by: java.net.ConnectException: Connection refused
	... 11 more
2019-10-18 13:01:50,194 [Thread-2334] INFO  impl.RaftServerImpl (RaftServerImpl.java:setRole(184)) - 018b3f78-d19f-4e26-a796-cb8ddc4f97cf@group-187684C21557: changes role from  FOLLOWER to CANDIDATE at term 152 for changeToCandidate
2019-10-18 13:01:50,195 [c124d131-afb9-4343-ad4e-aaebde613043@group-FF4202234884-LeaderElection266] INFO  impl.LeaderElection (LogUtils.java:infoOrTrace(149)) -   Exception 1: {}
java.util.concurrent.ExecutionException: org.apache.ratis.thirdparty.io.grpc.StatusRuntimeException: UNAVAILABLE: io exception
	at java.util.concurrent.FutureTask.report(FutureTask.java:122)
	at java.util.concurrent.FutureTask.get(FutureTask.java:192)
	at org.apache.ratis.server.impl.LeaderElection.waitForResults(LeaderElection.java:259)
	at org.apache.ratis.server.impl.LeaderElection.askForVotes(LeaderElection.java:197)
	at org.apache.ratis.server.impl.LeaderElection.run(LeaderElection.java:133)
	at java.lang.Thread.run(Thread.java:748)
Caused by: org.apache.ratis.thirdparty.io.grpc.StatusRuntimeException: UNAVAILABLE: io exception
	at org.apache.ratis.thirdparty.io.grpc.stub.ClientCalls.toStatusRuntimeException(ClientCalls.java:233)
	at org.apache.ratis.thirdparty.io.grpc.stub.ClientCalls.getUnchecked(ClientCalls.java:214)
	at org.apache.ratis.thirdparty.io.grpc.stub.ClientCalls.blockingUnaryCall(ClientCalls.java:139)
	at org.apache.ratis.proto.grpc.RaftServerProtocolServiceGrpc$RaftServerProtocolServiceBlockingStub.requestVote(RaftServerProtocolServiceGrpc.java:265)
	at org.apache.ratis.grpc.server.GrpcServerProtocolClient.requestVote(GrpcServerProtocolClient.java:99)
	at org.apache.ratis.grpc.server.GrpcService.requestVote(GrpcService.java:204)
	at org.apache.ratis.server.impl.LeaderElection.lambda$submitRequests$1(LeaderElection.java:234)
	at java.util.concurrent.FutureTask.run(FutureTask.java:266)
	at java.util.concurrent.Executors$RunnableAdapter.call(Executors.java:511)
	at java.util.concurrent.FutureTask.run(FutureTask.java:266)
	at java.util.concurrent.ThreadPoolExecutor.runWorker(ThreadPoolExecutor.java:1149)
	at java.util.concurrent.ThreadPoolExecutor$Worker.run(ThreadPoolExecutor.java:624)
	... 1 more
Caused by: org.apache.ratis.thirdparty.io.netty.channel.AbstractChannel$AnnotatedConnectException: Connection refused: /192.168.34.56:36658
	at sun.nio.ch.SocketChannelImpl.checkConnect(Native Method)
	at sun.nio.ch.SocketChannelImpl.finishConnect(SocketChannelImpl.java:717)
	at org.apache.ratis.thirdparty.io.netty.channel.socket.nio.NioSocketChannel.doFinishConnect(NioSocketChannel.java:327)
	at org.apache.ratis.thirdparty.io.netty.channel.nio.AbstractNioChannel$AbstractNioUnsafe.finishConnect(AbstractNioChannel.java:340)
	at org.apache.ratis.thirdparty.io.netty.channel.nio.NioEventLoop.processSelectedKey(NioEventLoop.java:632)
	at org.apache.ratis.thirdparty.io.netty.channel.nio.NioEventLoop.processSelectedKeysOptimized(NioEventLoop.java:579)
	at org.apache.ratis.thirdparty.io.netty.channel.nio.NioEventLoop.processSelectedKeys(NioEventLoop.java:496)
	at org.apache.ratis.thirdparty.io.netty.channel.nio.NioEventLoop.run(NioEventLoop.java:458)
	at org.apache.ratis.thirdparty.io.netty.util.concurrent.SingleThreadEventExecutor$5.run(SingleThreadEventExecutor.java:897)
	at org.apache.ratis.thirdparty.io.netty.util.concurrent.FastThreadLocalRunnable.run(FastThreadLocalRunnable.java:30)
	... 1 more
Caused by: java.net.ConnectException: Connection refused
	... 11 more
2019-10-18 13:01:50,195 [Thread-2334] INFO  impl.RoleInfo (RoleInfo.java:updateAndGet(143)) - 018b3f78-d19f-4e26-a796-cb8ddc4f97cf: start LeaderElection
2019-10-18 13:01:50,195 [c124d131-afb9-4343-ad4e-aaebde613043@group-FF4202234884-LeaderElection266] INFO  impl.RaftServerImpl (RaftServerImpl.java:setRole(184)) - c124d131-afb9-4343-ad4e-aaebde613043@group-FF4202234884: changes role from CANDIDATE to FOLLOWER at term 145 for DISCOVERED_A_NEW_TERM
2019-10-18 13:01:50,195 [c124d131-afb9-4343-ad4e-aaebde613043@group-FF4202234884-LeaderElection266] INFO  impl.RoleInfo (RoleInfo.java:shutdownLeaderElection(134)) - c124d131-afb9-4343-ad4e-aaebde613043: shutdown LeaderElection
2019-10-18 13:01:50,195 [c124d131-afb9-4343-ad4e-aaebde613043@group-FF4202234884-LeaderElection266] INFO  impl.RoleInfo (RoleInfo.java:updateAndGet(143)) - c124d131-afb9-4343-ad4e-aaebde613043: start FollowerState
2019-10-18 13:01:50,219 [018b3f78-d19f-4e26-a796-cb8ddc4f97cf@group-187684C21557-LeaderElection267] INFO  impl.LeaderElection (LeaderElection.java:askForVotes(178)) - 018b3f78-d19f-4e26-a796-cb8ddc4f97cf@group-187684C21557-LeaderElection267: begin an election at term 153 for -1: [893cf03e-f2cf-478a-892a-a746717e50e3:192.168.34.56:40750, 8697df36-98d2-41b1-bdc7-60597b3b5526:192.168.34.56:46415, 018b3f78-d19f-4e26-a796-cb8ddc4f97cf:192.168.34.56:35845], old=null
2019-10-18 13:01:50,220 [grpc-default-executor-7] INFO  impl.RaftServerImpl (RaftServerImpl.java:setRole(184)) - 893cf03e-f2cf-478a-892a-a746717e50e3@group-187684C21557: changes role from  FOLLOWER to FOLLOWER at term 153 for recognizeCandidate:018b3f78-d19f-4e26-a796-cb8ddc4f97cf
2019-10-18 13:01:50,220 [grpc-default-executor-7] INFO  impl.RoleInfo (RoleInfo.java:shutdownFollowerState(121)) - 893cf03e-f2cf-478a-892a-a746717e50e3: shutdown FollowerState
2019-10-18 13:01:50,220 [grpc-default-executor-2] INFO  impl.RaftServerImpl (RaftServerImpl.java:setRole(184)) - 8697df36-98d2-41b1-bdc7-60597b3b5526@group-187684C21557: changes role from  FOLLOWER to FOLLOWER at term 153 for recognizeCandidate:018b3f78-d19f-4e26-a796-cb8ddc4f97cf
2019-10-18 13:01:50,220 [Thread-2332] INFO  impl.FollowerState (FollowerState.java:run(117)) - 893cf03e-f2cf-478a-892a-a746717e50e3@group-187684C21557-FollowerState was interrupted: java.lang.InterruptedException: sleep interrupted
2019-10-18 13:01:50,220 [grpc-default-executor-7] INFO  impl.RoleInfo (RoleInfo.java:updateAndGet(143)) - 893cf03e-f2cf-478a-892a-a746717e50e3: start FollowerState
2019-10-18 13:01:50,220 [grpc-default-executor-2] INFO  impl.RoleInfo (RoleInfo.java:shutdownFollowerState(121)) - 8697df36-98d2-41b1-bdc7-60597b3b5526: shutdown FollowerState
2019-10-18 13:01:50,221 [grpc-default-executor-2] INFO  impl.RoleInfo (RoleInfo.java:updateAndGet(143)) - 8697df36-98d2-41b1-bdc7-60597b3b5526: start FollowerState
2019-10-18 13:01:50,221 [Thread-2333] INFO  impl.FollowerState (FollowerState.java:run(117)) - 8697df36-98d2-41b1-bdc7-60597b3b5526@group-187684C21557-FollowerState was interrupted: java.lang.InterruptedException: sleep interrupted
2019-10-18 13:01:50,245 [018b3f78-d19f-4e26-a796-cb8ddc4f97cf@group-187684C21557-LeaderElection267] INFO  impl.LeaderElection (LeaderElection.java:logAndReturn(56)) - 018b3f78-d19f-4e26-a796-cb8ddc4f97cf@group-187684C21557-LeaderElection267: Election REJECTED; received 2 response(s) [018b3f78-d19f-4e26-a796-cb8ddc4f97cf<-893cf03e-f2cf-478a-892a-a746717e50e3#0:FAIL-t153, 018b3f78-d19f-4e26-a796-cb8ddc4f97cf<-8697df36-98d2-41b1-bdc7-60597b3b5526#0:FAIL-t153] and 0 exception(s); 018b3f78-d19f-4e26-a796-cb8ddc4f97cf@group-187684C21557:t153, leader=null, voted=018b3f78-d19f-4e26-a796-cb8ddc4f97cf, raftlog=018b3f78-d19f-4e26-a796-cb8ddc4f97cf@group-187684C21557-SegmentedRaftLog:OPENED:c-1,f-1,i0, conf=-1: [893cf03e-f2cf-478a-892a-a746717e50e3:192.168.34.56:40750, 8697df36-98d2-41b1-bdc7-60597b3b5526:192.168.34.56:46415, 018b3f78-d19f-4e26-a796-cb8ddc4f97cf:192.168.34.56:35845], old=null
2019-10-18 13:01:50,245 [018b3f78-d19f-4e26-a796-cb8ddc4f97cf@group-187684C21557-LeaderElection267] INFO  impl.RaftServerImpl (RaftServerImpl.java:setRole(184)) - 018b3f78-d19f-4e26-a796-cb8ddc4f97cf@group-187684C21557: changes role from CANDIDATE to FOLLOWER at term 153 for DISCOVERED_A_NEW_TERM
2019-10-18 13:01:50,245 [018b3f78-d19f-4e26-a796-cb8ddc4f97cf@group-187684C21557-LeaderElection267] INFO  impl.RoleInfo (RoleInfo.java:shutdownLeaderElection(134)) - 018b3f78-d19f-4e26-a796-cb8ddc4f97cf: shutdown LeaderElection
2019-10-18 13:01:50,245 [018b3f78-d19f-4e26-a796-cb8ddc4f97cf@group-187684C21557-LeaderElection267] INFO  impl.RoleInfo (RoleInfo.java:updateAndGet(143)) - 018b3f78-d19f-4e26-a796-cb8ddc4f97cf: start FollowerState
2019-10-18 13:01:50,313 [Thread-2340] INFO  impl.FollowerState (FollowerState.java:run(108)) - c124d131-afb9-4343-ad4e-aaebde613043@group-FF4202234884-FollowerState: change to CANDIDATE, lastRpcTime:118ms, electionTimeout:118ms
2019-10-18 13:01:50,313 [Thread-2340] INFO  impl.RoleInfo (RoleInfo.java:shutdownFollowerState(121)) - c124d131-afb9-4343-ad4e-aaebde613043: shutdown FollowerState
2019-10-18 13:01:50,314 [Thread-2340] INFO  impl.RaftServerImpl (RaftServerImpl.java:setRole(184)) - c124d131-afb9-4343-ad4e-aaebde613043@group-FF4202234884: changes role from  FOLLOWER to CANDIDATE at term 145 for changeToCandidate
2019-10-18 13:01:50,314 [Thread-2340] INFO  impl.RoleInfo (RoleInfo.java:updateAndGet(143)) - c124d131-afb9-4343-ad4e-aaebde613043: start LeaderElection
2019-10-18 13:01:50,363 [c124d131-afb9-4343-ad4e-aaebde613043@group-FF4202234884-LeaderElection268] INFO  impl.LeaderElection (LeaderElection.java:askForVotes(178)) - c124d131-afb9-4343-ad4e-aaebde613043@group-FF4202234884-LeaderElection268: begin an election at term 146 for -1: [999343e7-0330-4874-a345-91eca72585e0:192.168.34.56:44872, c124d131-afb9-4343-ad4e-aaebde613043:192.168.34.56:42116, e5bb327f-cdd7-4e49-919e-13a4c895fddf:192.168.34.56:36658], old=null
2019-10-18 13:01:50,364 [c124d131-afb9-4343-ad4e-aaebde613043@group-FF4202234884-LeaderElection268] INFO  impl.LeaderElection (LogUtils.java:infoOrTrace(149)) - c124d131-afb9-4343-ad4e-aaebde613043@group-FF4202234884-LeaderElection268 got exception when requesting votes: {}
java.util.concurrent.ExecutionException: org.apache.ratis.thirdparty.io.grpc.StatusRuntimeException: UNAVAILABLE: io exception
	at java.util.concurrent.FutureTask.report(FutureTask.java:122)
	at java.util.concurrent.FutureTask.get(FutureTask.java:192)
	at org.apache.ratis.server.impl.LeaderElection.waitForResults(LeaderElection.java:259)
	at org.apache.ratis.server.impl.LeaderElection.askForVotes(LeaderElection.java:197)
	at org.apache.ratis.server.impl.LeaderElection.run(LeaderElection.java:133)
	at java.lang.Thread.run(Thread.java:748)
Caused by: org.apache.ratis.thirdparty.io.grpc.StatusRuntimeException: UNAVAILABLE: io exception
	at org.apache.ratis.thirdparty.io.grpc.stub.ClientCalls.toStatusRuntimeException(ClientCalls.java:233)
	at org.apache.ratis.thirdparty.io.grpc.stub.ClientCalls.getUnchecked(ClientCalls.java:214)
	at org.apache.ratis.thirdparty.io.grpc.stub.ClientCalls.blockingUnaryCall(ClientCalls.java:139)
	at org.apache.ratis.proto.grpc.RaftServerProtocolServiceGrpc$RaftServerProtocolServiceBlockingStub.requestVote(RaftServerProtocolServiceGrpc.java:265)
	at org.apache.ratis.grpc.server.GrpcServerProtocolClient.requestVote(GrpcServerProtocolClient.java:99)
	at org.apache.ratis.grpc.server.GrpcService.requestVote(GrpcService.java:204)
	at org.apache.ratis.server.impl.LeaderElection.lambda$submitRequests$1(LeaderElection.java:234)
	at java.util.concurrent.FutureTask.run(FutureTask.java:266)
	at java.util.concurrent.Executors$RunnableAdapter.call(Executors.java:511)
	at java.util.concurrent.FutureTask.run(FutureTask.java:266)
	at java.util.concurrent.ThreadPoolExecutor.runWorker(ThreadPoolExecutor.java:1149)
	at java.util.concurrent.ThreadPoolExecutor$Worker.run(ThreadPoolExecutor.java:624)
	... 1 more
Caused by: org.apache.ratis.thirdparty.io.netty.channel.AbstractChannel$AnnotatedConnectException: Connection refused: /192.168.34.56:44872
	at sun.nio.ch.SocketChannelImpl.checkConnect(Native Method)
	at sun.nio.ch.SocketChannelImpl.finishConnect(SocketChannelImpl.java:717)
	at org.apache.ratis.thirdparty.io.netty.channel.socket.nio.NioSocketChannel.doFinishConnect(NioSocketChannel.java:327)
	at org.apache.ratis.thirdparty.io.netty.channel.nio.AbstractNioChannel$AbstractNioUnsafe.finishConnect(AbstractNioChannel.java:340)
	at org.apache.ratis.thirdparty.io.netty.channel.nio.NioEventLoop.processSelectedKey(NioEventLoop.java:632)
	at org.apache.ratis.thirdparty.io.netty.channel.nio.NioEventLoop.processSelectedKeysOptimized(NioEventLoop.java:579)
	at org.apache.ratis.thirdparty.io.netty.channel.nio.NioEventLoop.processSelectedKeys(NioEventLoop.java:496)
	at org.apache.ratis.thirdparty.io.netty.channel.nio.NioEventLoop.run(NioEventLoop.java:458)
	at org.apache.ratis.thirdparty.io.netty.util.concurrent.SingleThreadEventExecutor$5.run(SingleThreadEventExecutor.java:897)
	at org.apache.ratis.thirdparty.io.netty.util.concurrent.FastThreadLocalRunnable.run(FastThreadLocalRunnable.java:30)
	... 1 more
Caused by: java.net.ConnectException: Connection refused
	... 11 more
2019-10-18 13:01:50,367 [c124d131-afb9-4343-ad4e-aaebde613043@group-FF4202234884-LeaderElection268] INFO  impl.LeaderElection (LogUtils.java:infoOrTrace(149)) - c124d131-afb9-4343-ad4e-aaebde613043@group-FF4202234884-LeaderElection268 got exception when requesting votes: {}
java.util.concurrent.ExecutionException: org.apache.ratis.thirdparty.io.grpc.StatusRuntimeException: UNAVAILABLE: io exception
	at java.util.concurrent.FutureTask.report(FutureTask.java:122)
	at java.util.concurrent.FutureTask.get(FutureTask.java:192)
	at org.apache.ratis.server.impl.LeaderElection.waitForResults(LeaderElection.java:259)
	at org.apache.ratis.server.impl.LeaderElection.askForVotes(LeaderElection.java:197)
	at org.apache.ratis.server.impl.LeaderElection.run(LeaderElection.java:133)
	at java.lang.Thread.run(Thread.java:748)
Caused by: org.apache.ratis.thirdparty.io.grpc.StatusRuntimeException: UNAVAILABLE: io exception
	at org.apache.ratis.thirdparty.io.grpc.stub.ClientCalls.toStatusRuntimeException(ClientCalls.java:233)
	at org.apache.ratis.thirdparty.io.grpc.stub.ClientCalls.getUnchecked(ClientCalls.java:214)
	at org.apache.ratis.thirdparty.io.grpc.stub.ClientCalls.blockingUnaryCall(ClientCalls.java:139)
	at org.apache.ratis.proto.grpc.RaftServerProtocolServiceGrpc$RaftServerProtocolServiceBlockingStub.requestVote(RaftServerProtocolServiceGrpc.java:265)
	at org.apache.ratis.grpc.server.GrpcServerProtocolClient.requestVote(GrpcServerProtocolClient.java:99)
	at org.apache.ratis.grpc.server.GrpcService.requestVote(GrpcService.java:204)
	at org.apache.ratis.server.impl.LeaderElection.lambda$submitRequests$1(LeaderElection.java:234)
	at java.util.concurrent.FutureTask.run(FutureTask.java:266)
	at java.util.concurrent.Executors$RunnableAdapter.call(Executors.java:511)
	at java.util.concurrent.FutureTask.run(FutureTask.java:266)
	at java.util.concurrent.ThreadPoolExecutor.runWorker(ThreadPoolExecutor.java:1149)
	at java.util.concurrent.ThreadPoolExecutor$Worker.run(ThreadPoolExecutor.java:624)
	... 1 more
Caused by: org.apache.ratis.thirdparty.io.netty.channel.AbstractChannel$AnnotatedConnectException: Connection refused: /192.168.34.56:36658
	at sun.nio.ch.SocketChannelImpl.checkConnect(Native Method)
	at sun.nio.ch.SocketChannelImpl.finishConnect(SocketChannelImpl.java:717)
	at org.apache.ratis.thirdparty.io.netty.channel.socket.nio.NioSocketChannel.doFinishConnect(NioSocketChannel.java:327)
	at org.apache.ratis.thirdparty.io.netty.channel.nio.AbstractNioChannel$AbstractNioUnsafe.finishConnect(AbstractNioChannel.java:340)
	at org.apache.ratis.thirdparty.io.netty.channel.nio.NioEventLoop.processSelectedKey(NioEventLoop.java:632)
	at org.apache.ratis.thirdparty.io.netty.channel.nio.NioEventLoop.processSelectedKeysOptimized(NioEventLoop.java:579)
	at org.apache.ratis.thirdparty.io.netty.channel.nio.NioEventLoop.processSelectedKeys(NioEventLoop.java:496)
	at org.apache.ratis.thirdparty.io.netty.channel.nio.NioEventLoop.run(NioEventLoop.java:458)
	at org.apache.ratis.thirdparty.io.netty.util.concurrent.SingleThreadEventExecutor$5.run(SingleThreadEventExecutor.java:897)
	at org.apache.ratis.thirdparty.io.netty.util.concurrent.FastThreadLocalRunnable.run(FastThreadLocalRunnable.java:30)
	... 1 more
Caused by: java.net.ConnectException: Connection refused
	... 11 more
2019-10-18 13:01:50,369 [c124d131-afb9-4343-ad4e-aaebde613043@group-FF4202234884-LeaderElection268] INFO  impl.LeaderElection (LeaderElection.java:logAndReturn(56)) - c124d131-afb9-4343-ad4e-aaebde613043@group-FF4202234884-LeaderElection268: Election REJECTED; received 0 response(s) [] and 2 exception(s); c124d131-afb9-4343-ad4e-aaebde613043@group-FF4202234884:t146, leader=null, voted=c124d131-afb9-4343-ad4e-aaebde613043, raftlog=c124d131-afb9-4343-ad4e-aaebde613043@group-FF4202234884-SegmentedRaftLog:OPENED:c-1,f-1,i0, conf=-1: [999343e7-0330-4874-a345-91eca72585e0:192.168.34.56:44872, c124d131-afb9-4343-ad4e-aaebde613043:192.168.34.56:42116, e5bb327f-cdd7-4e49-919e-13a4c895fddf:192.168.34.56:36658], old=null
2019-10-18 13:01:50,369 [c124d131-afb9-4343-ad4e-aaebde613043@group-FF4202234884-LeaderElection268] INFO  impl.LeaderElection (LogUtils.java:infoOrTrace(149)) -   Exception 0: {}
java.util.concurrent.ExecutionException: org.apache.ratis.thirdparty.io.grpc.StatusRuntimeException: UNAVAILABLE: io exception
	at java.util.concurrent.FutureTask.report(FutureTask.java:122)
	at java.util.concurrent.FutureTask.get(FutureTask.java:192)
	at org.apache.ratis.server.impl.LeaderElection.waitForResults(LeaderElection.java:259)
	at org.apache.ratis.server.impl.LeaderElection.askForVotes(LeaderElection.java:197)
	at org.apache.ratis.server.impl.LeaderElection.run(LeaderElection.java:133)
	at java.lang.Thread.run(Thread.java:748)
Caused by: org.apache.ratis.thirdparty.io.grpc.StatusRuntimeException: UNAVAILABLE: io exception
	at org.apache.ratis.thirdparty.io.grpc.stub.ClientCalls.toStatusRuntimeException(ClientCalls.java:233)
	at org.apache.ratis.thirdparty.io.grpc.stub.ClientCalls.getUnchecked(ClientCalls.java:214)
	at org.apache.ratis.thirdparty.io.grpc.stub.ClientCalls.blockingUnaryCall(ClientCalls.java:139)
	at org.apache.ratis.proto.grpc.RaftServerProtocolServiceGrpc$RaftServerProtocolServiceBlockingStub.requestVote(RaftServerProtocolServiceGrpc.java:265)
	at org.apache.ratis.grpc.server.GrpcServerProtocolClient.requestVote(GrpcServerProtocolClient.java:99)
	at org.apache.ratis.grpc.server.GrpcService.requestVote(GrpcService.java:204)
	at org.apache.ratis.server.impl.LeaderElection.lambda$submitRequests$1(LeaderElection.java:234)
	at java.util.concurrent.FutureTask.run(FutureTask.java:266)
	at java.util.concurrent.Executors$RunnableAdapter.call(Executors.java:511)
	at java.util.concurrent.FutureTask.run(FutureTask.java:266)
	at java.util.concurrent.ThreadPoolExecutor.runWorker(ThreadPoolExecutor.java:1149)
	at java.util.concurrent.ThreadPoolExecutor$Worker.run(ThreadPoolExecutor.java:624)
	... 1 more
Caused by: org.apache.ratis.thirdparty.io.netty.channel.AbstractChannel$AnnotatedConnectException: Connection refused: /192.168.34.56:44872
	at sun.nio.ch.SocketChannelImpl.checkConnect(Native Method)
	at sun.nio.ch.SocketChannelImpl.finishConnect(SocketChannelImpl.java:717)
	at org.apache.ratis.thirdparty.io.netty.channel.socket.nio.NioSocketChannel.doFinishConnect(NioSocketChannel.java:327)
	at org.apache.ratis.thirdparty.io.netty.channel.nio.AbstractNioChannel$AbstractNioUnsafe.finishConnect(AbstractNioChannel.java:340)
	at org.apache.ratis.thirdparty.io.netty.channel.nio.NioEventLoop.processSelectedKey(NioEventLoop.java:632)
	at org.apache.ratis.thirdparty.io.netty.channel.nio.NioEventLoop.processSelectedKeysOptimized(NioEventLoop.java:579)
	at org.apache.ratis.thirdparty.io.netty.channel.nio.NioEventLoop.processSelectedKeys(NioEventLoop.java:496)
	at org.apache.ratis.thirdparty.io.netty.channel.nio.NioEventLoop.run(NioEventLoop.java:458)
	at org.apache.ratis.thirdparty.io.netty.util.concurrent.SingleThreadEventExecutor$5.run(SingleThreadEventExecutor.java:897)
	at org.apache.ratis.thirdparty.io.netty.util.concurrent.FastThreadLocalRunnable.run(FastThreadLocalRunnable.java:30)
	... 1 more
Caused by: java.net.ConnectException: Connection refused
	... 11 more
2019-10-18 13:01:50,369 [c124d131-afb9-4343-ad4e-aaebde613043@group-FF4202234884-LeaderElection268] INFO  impl.LeaderElection (LogUtils.java:infoOrTrace(149)) -   Exception 1: {}
java.util.concurrent.ExecutionException: org.apache.ratis.thirdparty.io.grpc.StatusRuntimeException: UNAVAILABLE: io exception
	at java.util.concurrent.FutureTask.report(FutureTask.java:122)
	at java.util.concurrent.FutureTask.get(FutureTask.java:192)
	at org.apache.ratis.server.impl.LeaderElection.waitForResults(LeaderElection.java:259)
	at org.apache.ratis.server.impl.LeaderElection.askForVotes(LeaderElection.java:197)
	at org.apache.ratis.server.impl.LeaderElection.run(LeaderElection.java:133)
	at java.lang.Thread.run(Thread.java:748)
Caused by: org.apache.ratis.thirdparty.io.grpc.StatusRuntimeException: UNAVAILABLE: io exception
	at org.apache.ratis.thirdparty.io.grpc.stub.ClientCalls.toStatusRuntimeException(ClientCalls.java:233)
	at org.apache.ratis.thirdparty.io.grpc.stub.ClientCalls.getUnchecked(ClientCalls.java:214)
	at org.apache.ratis.thirdparty.io.grpc.stub.ClientCalls.blockingUnaryCall(ClientCalls.java:139)
	at org.apache.ratis.proto.grpc.RaftServerProtocolServiceGrpc$RaftServerProtocolServiceBlockingStub.requestVote(RaftServerProtocolServiceGrpc.java:265)
	at org.apache.ratis.grpc.server.GrpcServerProtocolClient.requestVote(GrpcServerProtocolClient.java:99)
	at org.apache.ratis.grpc.server.GrpcService.requestVote(GrpcService.java:204)
	at org.apache.ratis.server.impl.LeaderElection.lambda$submitRequests$1(LeaderElection.java:234)
	at java.util.concurrent.FutureTask.run(FutureTask.java:266)
	at java.util.concurrent.Executors$RunnableAdapter.call(Executors.java:511)
	at java.util.concurrent.FutureTask.run(FutureTask.java:266)
	at java.util.concurrent.ThreadPoolExecutor.runWorker(ThreadPoolExecutor.java:1149)
	at java.util.concurrent.ThreadPoolExecutor$Worker.run(ThreadPoolExecutor.java:624)
	... 1 more
Caused by: org.apache.ratis.thirdparty.io.netty.channel.AbstractChannel$AnnotatedConnectException: Connection refused: /192.168.34.56:36658
	at sun.nio.ch.SocketChannelImpl.checkConnect(Native Method)
	at sun.nio.ch.SocketChannelImpl.finishConnect(SocketChannelImpl.java:717)
	at org.apache.ratis.thirdparty.io.netty.channel.socket.nio.NioSocketChannel.doFinishConnect(NioSocketChannel.java:327)
	at org.apache.ratis.thirdparty.io.netty.channel.nio.AbstractNioChannel$AbstractNioUnsafe.finishConnect(AbstractNioChannel.java:340)
	at org.apache.ratis.thirdparty.io.netty.channel.nio.NioEventLoop.processSelectedKey(NioEventLoop.java:632)
	at org.apache.ratis.thirdparty.io.netty.channel.nio.NioEventLoop.processSelectedKeysOptimized(NioEventLoop.java:579)
	at org.apache.ratis.thirdparty.io.netty.channel.nio.NioEventLoop.processSelectedKeys(NioEventLoop.java:496)
	at org.apache.ratis.thirdparty.io.netty.channel.nio.NioEventLoop.run(NioEventLoop.java:458)
	at org.apache.ratis.thirdparty.io.netty.util.concurrent.SingleThreadEventExecutor$5.run(SingleThreadEventExecutor.java:897)
	at org.apache.ratis.thirdparty.io.netty.util.concurrent.FastThreadLocalRunnable.run(FastThreadLocalRunnable.java:30)
	... 1 more
Caused by: java.net.ConnectException: Connection refused
	... 11 more
2019-10-18 13:01:50,370 [c124d131-afb9-4343-ad4e-aaebde613043@group-FF4202234884-LeaderElection268] INFO  impl.RaftServerImpl (RaftServerImpl.java:setRole(184)) - c124d131-afb9-4343-ad4e-aaebde613043@group-FF4202234884: changes role from CANDIDATE to FOLLOWER at term 146 for DISCOVERED_A_NEW_TERM
2019-10-18 13:01:50,370 [c124d131-afb9-4343-ad4e-aaebde613043@group-FF4202234884-LeaderElection268] INFO  impl.RoleInfo (RoleInfo.java:shutdownLeaderElection(134)) - c124d131-afb9-4343-ad4e-aaebde613043: shutdown LeaderElection
2019-10-18 13:01:50,370 [c124d131-afb9-4343-ad4e-aaebde613043@group-FF4202234884-LeaderElection268] INFO  impl.RoleInfo (RoleInfo.java:updateAndGet(143)) - c124d131-afb9-4343-ad4e-aaebde613043: start FollowerState
2019-10-18 13:01:50,383 [Thread-2346] INFO  impl.FollowerState (FollowerState.java:run(108)) - 018b3f78-d19f-4e26-a796-cb8ddc4f97cf@group-187684C21557-FollowerState: change to CANDIDATE, lastRpcTime:138ms, electionTimeout:138ms
2019-10-18 13:01:50,383 [Thread-2346] INFO  impl.RoleInfo (RoleInfo.java:shutdownFollowerState(121)) - 018b3f78-d19f-4e26-a796-cb8ddc4f97cf: shutdown FollowerState
2019-10-18 13:01:50,383 [Thread-2346] INFO  impl.RaftServerImpl (RaftServerImpl.java:setRole(184)) - 018b3f78-d19f-4e26-a796-cb8ddc4f97cf@group-187684C21557: changes role from  FOLLOWER to CANDIDATE at term 153 for changeToCandidate
2019-10-18 13:01:50,384 [Thread-2346] INFO  impl.RoleInfo (RoleInfo.java:updateAndGet(143)) - 018b3f78-d19f-4e26-a796-cb8ddc4f97cf: start LeaderElection
2019-10-18 13:01:50,408 [018b3f78-d19f-4e26-a796-cb8ddc4f97cf@group-187684C21557-LeaderElection269] INFO  impl.LeaderElection (LeaderElection.java:askForVotes(178)) - 018b3f78-d19f-4e26-a796-cb8ddc4f97cf@group-187684C21557-LeaderElection269: begin an election at term 154 for -1: [893cf03e-f2cf-478a-892a-a746717e50e3:192.168.34.56:40750, 8697df36-98d2-41b1-bdc7-60597b3b5526:192.168.34.56:46415, 018b3f78-d19f-4e26-a796-cb8ddc4f97cf:192.168.34.56:35845], old=null
2019-10-18 13:01:50,409 [grpc-default-executor-2] INFO  impl.RaftServerImpl (RaftServerImpl.java:setRole(184)) - 8697df36-98d2-41b1-bdc7-60597b3b5526@group-187684C21557: changes role from  FOLLOWER to FOLLOWER at term 154 for recognizeCandidate:018b3f78-d19f-4e26-a796-cb8ddc4f97cf
2019-10-18 13:01:50,409 [grpc-default-executor-2] INFO  impl.RoleInfo (RoleInfo.java:shutdownFollowerState(121)) - 8697df36-98d2-41b1-bdc7-60597b3b5526: shutdown FollowerState
2019-10-18 13:01:50,410 [grpc-default-executor-2] INFO  impl.RoleInfo (RoleInfo.java:updateAndGet(143)) - 8697df36-98d2-41b1-bdc7-60597b3b5526: start FollowerState
2019-10-18 13:01:50,410 [Thread-2345] INFO  impl.FollowerState (FollowerState.java:run(117)) - 8697df36-98d2-41b1-bdc7-60597b3b5526@group-187684C21557-FollowerState was interrupted: java.lang.InterruptedException: sleep interrupted
2019-10-18 13:01:50,410 [grpc-default-executor-7] INFO  impl.RaftServerImpl (RaftServerImpl.java:setRole(184)) - 893cf03e-f2cf-478a-892a-a746717e50e3@group-187684C21557: changes role from  FOLLOWER to FOLLOWER at term 154 for recognizeCandidate:018b3f78-d19f-4e26-a796-cb8ddc4f97cf
2019-10-18 13:01:50,410 [grpc-default-executor-7] INFO  impl.RoleInfo (RoleInfo.java:shutdownFollowerState(121)) - 893cf03e-f2cf-478a-892a-a746717e50e3: shutdown FollowerState
2019-10-18 13:01:50,410 [grpc-default-executor-7] INFO  impl.RoleInfo (RoleInfo.java:updateAndGet(143)) - 893cf03e-f2cf-478a-892a-a746717e50e3: start FollowerState
2019-10-18 13:01:50,410 [Thread-2344] INFO  impl.FollowerState (FollowerState.java:run(117)) - 893cf03e-f2cf-478a-892a-a746717e50e3@group-187684C21557-FollowerState was interrupted: java.lang.InterruptedException: sleep interrupted
2019-10-18 13:01:50,434 [018b3f78-d19f-4e26-a796-cb8ddc4f97cf@group-187684C21557-LeaderElection269] INFO  impl.LeaderElection (LeaderElection.java:logAndReturn(56)) - 018b3f78-d19f-4e26-a796-cb8ddc4f97cf@group-187684C21557-LeaderElection269: Election REJECTED; received 2 response(s) [018b3f78-d19f-4e26-a796-cb8ddc4f97cf<-893cf03e-f2cf-478a-892a-a746717e50e3#0:FAIL-t154, 018b3f78-d19f-4e26-a796-cb8ddc4f97cf<-8697df36-98d2-41b1-bdc7-60597b3b5526#0:FAIL-t154] and 0 exception(s); 018b3f78-d19f-4e26-a796-cb8ddc4f97cf@group-187684C21557:t154, leader=null, voted=018b3f78-d19f-4e26-a796-cb8ddc4f97cf, raftlog=018b3f78-d19f-4e26-a796-cb8ddc4f97cf@group-187684C21557-SegmentedRaftLog:OPENED:c-1,f-1,i0, conf=-1: [893cf03e-f2cf-478a-892a-a746717e50e3:192.168.34.56:40750, 8697df36-98d2-41b1-bdc7-60597b3b5526:192.168.34.56:46415, 018b3f78-d19f-4e26-a796-cb8ddc4f97cf:192.168.34.56:35845], old=null
2019-10-18 13:01:50,434 [018b3f78-d19f-4e26-a796-cb8ddc4f97cf@group-187684C21557-LeaderElection269] INFO  impl.RaftServerImpl (RaftServerImpl.java:setRole(184)) - 018b3f78-d19f-4e26-a796-cb8ddc4f97cf@group-187684C21557: changes role from CANDIDATE to FOLLOWER at term 154 for DISCOVERED_A_NEW_TERM
2019-10-18 13:01:50,434 [018b3f78-d19f-4e26-a796-cb8ddc4f97cf@group-187684C21557-LeaderElection269] INFO  impl.RoleInfo (RoleInfo.java:shutdownLeaderElection(134)) - 018b3f78-d19f-4e26-a796-cb8ddc4f97cf: shutdown LeaderElection
2019-10-18 13:01:50,434 [018b3f78-d19f-4e26-a796-cb8ddc4f97cf@group-187684C21557-LeaderElection269] INFO  impl.RoleInfo (RoleInfo.java:updateAndGet(143)) - 018b3f78-d19f-4e26-a796-cb8ddc4f97cf: start FollowerState
2019-10-18 13:01:50,444 [Thread-2350] INFO  impl.FollowerState (FollowerState.java:run(108)) - c124d131-afb9-4343-ad4e-aaebde613043@group-FF4202234884-FollowerState: change to CANDIDATE, lastRpcTime:74ms, electionTimeout:74ms
2019-10-18 13:01:50,444 [Thread-2350] INFO  impl.RoleInfo (RoleInfo.java:shutdownFollowerState(121)) - c124d131-afb9-4343-ad4e-aaebde613043: shutdown FollowerState
2019-10-18 13:01:50,445 [Thread-2350] INFO  impl.RaftServerImpl (RaftServerImpl.java:setRole(184)) - c124d131-afb9-4343-ad4e-aaebde613043@group-FF4202234884: changes role from  FOLLOWER to CANDIDATE at term 146 for changeToCandidate
2019-10-18 13:01:50,445 [Thread-2350] INFO  impl.RoleInfo (RoleInfo.java:updateAndGet(143)) - c124d131-afb9-4343-ad4e-aaebde613043: start LeaderElection
2019-10-18 13:01:50,468 [c124d131-afb9-4343-ad4e-aaebde613043@group-FF4202234884-LeaderElection270] INFO  impl.LeaderElection (LeaderElection.java:askForVotes(178)) - c124d131-afb9-4343-ad4e-aaebde613043@group-FF4202234884-LeaderElection270: begin an election at term 147 for -1: [999343e7-0330-4874-a345-91eca72585e0:192.168.34.56:44872, c124d131-afb9-4343-ad4e-aaebde613043:192.168.34.56:42116, e5bb327f-cdd7-4e49-919e-13a4c895fddf:192.168.34.56:36658], old=null
2019-10-18 13:01:50,469 [c124d131-afb9-4343-ad4e-aaebde613043@group-FF4202234884-LeaderElection270] INFO  impl.LeaderElection (LogUtils.java:infoOrTrace(149)) - c124d131-afb9-4343-ad4e-aaebde613043@group-FF4202234884-LeaderElection270 got exception when requesting votes: {}
java.util.concurrent.ExecutionException: org.apache.ratis.thirdparty.io.grpc.StatusRuntimeException: UNAVAILABLE: io exception
	at java.util.concurrent.FutureTask.report(FutureTask.java:122)
	at java.util.concurrent.FutureTask.get(FutureTask.java:192)
	at org.apache.ratis.server.impl.LeaderElection.waitForResults(LeaderElection.java:259)
	at org.apache.ratis.server.impl.LeaderElection.askForVotes(LeaderElection.java:197)
	at org.apache.ratis.server.impl.LeaderElection.run(LeaderElection.java:133)
	at java.lang.Thread.run(Thread.java:748)
Caused by: org.apache.ratis.thirdparty.io.grpc.StatusRuntimeException: UNAVAILABLE: io exception
	at org.apache.ratis.thirdparty.io.grpc.stub.ClientCalls.toStatusRuntimeException(ClientCalls.java:233)
	at org.apache.ratis.thirdparty.io.grpc.stub.ClientCalls.getUnchecked(ClientCalls.java:214)
	at org.apache.ratis.thirdparty.io.grpc.stub.ClientCalls.blockingUnaryCall(ClientCalls.java:139)
	at org.apache.ratis.proto.grpc.RaftServerProtocolServiceGrpc$RaftServerProtocolServiceBlockingStub.requestVote(RaftServerProtocolServiceGrpc.java:265)
	at org.apache.ratis.grpc.server.GrpcServerProtocolClient.requestVote(GrpcServerProtocolClient.java:99)
	at org.apache.ratis.grpc.server.GrpcService.requestVote(GrpcService.java:204)
	at org.apache.ratis.server.impl.LeaderElection.lambda$submitRequests$1(LeaderElection.java:234)
	at java.util.concurrent.FutureTask.run(FutureTask.java:266)
	at java.util.concurrent.Executors$RunnableAdapter.call(Executors.java:511)
	at java.util.concurrent.FutureTask.run(FutureTask.java:266)
	at java.util.concurrent.ThreadPoolExecutor.runWorker(ThreadPoolExecutor.java:1149)
	at java.util.concurrent.ThreadPoolExecutor$Worker.run(ThreadPoolExecutor.java:624)
	... 1 more
Caused by: org.apache.ratis.thirdparty.io.netty.channel.AbstractChannel$AnnotatedConnectException: Connection refused: /192.168.34.56:36658
	at sun.nio.ch.SocketChannelImpl.checkConnect(Native Method)
	at sun.nio.ch.SocketChannelImpl.finishConnect(SocketChannelImpl.java:717)
	at org.apache.ratis.thirdparty.io.netty.channel.socket.nio.NioSocketChannel.doFinishConnect(NioSocketChannel.java:327)
	at org.apache.ratis.thirdparty.io.netty.channel.nio.AbstractNioChannel$AbstractNioUnsafe.finishConnect(AbstractNioChannel.java:340)
	at org.apache.ratis.thirdparty.io.netty.channel.nio.NioEventLoop.processSelectedKey(NioEventLoop.java:632)
	at org.apache.ratis.thirdparty.io.netty.channel.nio.NioEventLoop.processSelectedKeysOptimized(NioEventLoop.java:579)
	at org.apache.ratis.thirdparty.io.netty.channel.nio.NioEventLoop.processSelectedKeys(NioEventLoop.java:496)
	at org.apache.ratis.thirdparty.io.netty.channel.nio.NioEventLoop.run(NioEventLoop.java:458)
	at org.apache.ratis.thirdparty.io.netty.util.concurrent.SingleThreadEventExecutor$5.run(SingleThreadEventExecutor.java:897)
	at org.apache.ratis.thirdparty.io.netty.util.concurrent.FastThreadLocalRunnable.run(FastThreadLocalRunnable.java:30)
	... 1 more
Caused by: java.net.ConnectException: Connection refused
	... 11 more
2019-10-18 13:01:50,472 [c124d131-afb9-4343-ad4e-aaebde613043@group-FF4202234884-LeaderElection270] INFO  impl.LeaderElection (LogUtils.java:infoOrTrace(149)) - c124d131-afb9-4343-ad4e-aaebde613043@group-FF4202234884-LeaderElection270 got exception when requesting votes: {}
java.util.concurrent.ExecutionException: org.apache.ratis.thirdparty.io.grpc.StatusRuntimeException: UNAVAILABLE: io exception
	at java.util.concurrent.FutureTask.report(FutureTask.java:122)
	at java.util.concurrent.FutureTask.get(FutureTask.java:192)
	at org.apache.ratis.server.impl.LeaderElection.waitForResults(LeaderElection.java:259)
	at org.apache.ratis.server.impl.LeaderElection.askForVotes(LeaderElection.java:197)
	at org.apache.ratis.server.impl.LeaderElection.run(LeaderElection.java:133)
	at java.lang.Thread.run(Thread.java:748)
Caused by: org.apache.ratis.thirdparty.io.grpc.StatusRuntimeException: UNAVAILABLE: io exception
	at org.apache.ratis.thirdparty.io.grpc.stub.ClientCalls.toStatusRuntimeException(ClientCalls.java:233)
	at org.apache.ratis.thirdparty.io.grpc.stub.ClientCalls.getUnchecked(ClientCalls.java:214)
	at org.apache.ratis.thirdparty.io.grpc.stub.ClientCalls.blockingUnaryCall(ClientCalls.java:139)
	at org.apache.ratis.proto.grpc.RaftServerProtocolServiceGrpc$RaftServerProtocolServiceBlockingStub.requestVote(RaftServerProtocolServiceGrpc.java:265)
	at org.apache.ratis.grpc.server.GrpcServerProtocolClient.requestVote(GrpcServerProtocolClient.java:99)
	at org.apache.ratis.grpc.server.GrpcService.requestVote(GrpcService.java:204)
	at org.apache.ratis.server.impl.LeaderElection.lambda$submitRequests$1(LeaderElection.java:234)
	at java.util.concurrent.FutureTask.run(FutureTask.java:266)
	at java.util.concurrent.Executors$RunnableAdapter.call(Executors.java:511)
	at java.util.concurrent.FutureTask.run(FutureTask.java:266)
	at java.util.concurrent.ThreadPoolExecutor.runWorker(ThreadPoolExecutor.java:1149)
	at java.util.concurrent.ThreadPoolExecutor$Worker.run(ThreadPoolExecutor.java:624)
	... 1 more
Caused by: org.apache.ratis.thirdparty.io.netty.channel.AbstractChannel$AnnotatedConnectException: Connection refused: /192.168.34.56:44872
	at sun.nio.ch.SocketChannelImpl.checkConnect(Native Method)
	at sun.nio.ch.SocketChannelImpl.finishConnect(SocketChannelImpl.java:717)
	at org.apache.ratis.thirdparty.io.netty.channel.socket.nio.NioSocketChannel.doFinishConnect(NioSocketChannel.java:327)
	at org.apache.ratis.thirdparty.io.netty.channel.nio.AbstractNioChannel$AbstractNioUnsafe.finishConnect(AbstractNioChannel.java:340)
	at org.apache.ratis.thirdparty.io.netty.channel.nio.NioEventLoop.processSelectedKey(NioEventLoop.java:632)
	at org.apache.ratis.thirdparty.io.netty.channel.nio.NioEventLoop.processSelectedKeysOptimized(NioEventLoop.java:579)
	at org.apache.ratis.thirdparty.io.netty.channel.nio.NioEventLoop.processSelectedKeys(NioEventLoop.java:496)
	at org.apache.ratis.thirdparty.io.netty.channel.nio.NioEventLoop.run(NioEventLoop.java:458)
	at org.apache.ratis.thirdparty.io.netty.util.concurrent.SingleThreadEventExecutor$5.run(SingleThreadEventExecutor.java:897)
	at org.apache.ratis.thirdparty.io.netty.util.concurrent.FastThreadLocalRunnable.run(FastThreadLocalRunnable.java:30)
	... 1 more
Caused by: java.net.ConnectException: Connection refused
	... 11 more
2019-10-18 13:01:50,473 [Thread-2356] INFO  impl.FollowerState (FollowerState.java:run(108)) - 018b3f78-d19f-4e26-a796-cb8ddc4f97cf@group-187684C21557-FollowerState: change to CANDIDATE, lastRpcTime:38ms, electionTimeout:38ms
2019-10-18 13:01:50,473 [c124d131-afb9-4343-ad4e-aaebde613043@group-FF4202234884-LeaderElection270] INFO  impl.LeaderElection (LeaderElection.java:logAndReturn(56)) - c124d131-afb9-4343-ad4e-aaebde613043@group-FF4202234884-LeaderElection270: Election REJECTED; received 0 response(s) [] and 2 exception(s); c124d131-afb9-4343-ad4e-aaebde613043@group-FF4202234884:t147, leader=null, voted=c124d131-afb9-4343-ad4e-aaebde613043, raftlog=c124d131-afb9-4343-ad4e-aaebde613043@group-FF4202234884-SegmentedRaftLog:OPENED:c-1,f-1,i0, conf=-1: [999343e7-0330-4874-a345-91eca72585e0:192.168.34.56:44872, c124d131-afb9-4343-ad4e-aaebde613043:192.168.34.56:42116, e5bb327f-cdd7-4e49-919e-13a4c895fddf:192.168.34.56:36658], old=null
2019-10-18 13:01:50,473 [Thread-2356] INFO  impl.RoleInfo (RoleInfo.java:shutdownFollowerState(121)) - 018b3f78-d19f-4e26-a796-cb8ddc4f97cf: shutdown FollowerState
2019-10-18 13:01:50,474 [c124d131-afb9-4343-ad4e-aaebde613043@group-FF4202234884-LeaderElection270] INFO  impl.LeaderElection (LogUtils.java:infoOrTrace(149)) -   Exception 0: {}
java.util.concurrent.ExecutionException: org.apache.ratis.thirdparty.io.grpc.StatusRuntimeException: UNAVAILABLE: io exception
	at java.util.concurrent.FutureTask.report(FutureTask.java:122)
	at java.util.concurrent.FutureTask.get(FutureTask.java:192)
	at org.apache.ratis.server.impl.LeaderElection.waitForResults(LeaderElection.java:259)
	at org.apache.ratis.server.impl.LeaderElection.askForVotes(LeaderElection.java:197)
	at org.apache.ratis.server.impl.LeaderElection.run(LeaderElection.java:133)
	at java.lang.Thread.run(Thread.java:748)
Caused by: org.apache.ratis.thirdparty.io.grpc.StatusRuntimeException: UNAVAILABLE: io exception
	at org.apache.ratis.thirdparty.io.grpc.stub.ClientCalls.toStatusRuntimeException(ClientCalls.java:233)
	at org.apache.ratis.thirdparty.io.grpc.stub.ClientCalls.getUnchecked(ClientCalls.java:214)
	at org.apache.ratis.thirdparty.io.grpc.stub.ClientCalls.blockingUnaryCall(ClientCalls.java:139)
	at org.apache.ratis.proto.grpc.RaftServerProtocolServiceGrpc$RaftServerProtocolServiceBlockingStub.requestVote(RaftServerProtocolServiceGrpc.java:265)
	at org.apache.ratis.grpc.server.GrpcServerProtocolClient.requestVote(GrpcServerProtocolClient.java:99)
	at org.apache.ratis.grpc.server.GrpcService.requestVote(GrpcService.java:204)
	at org.apache.ratis.server.impl.LeaderElection.lambda$submitRequests$1(LeaderElection.java:234)
	at java.util.concurrent.FutureTask.run(FutureTask.java:266)
	at java.util.concurrent.Executors$RunnableAdapter.call(Executors.java:511)
	at java.util.concurrent.FutureTask.run(FutureTask.java:266)
	at java.util.concurrent.ThreadPoolExecutor.runWorker(ThreadPoolExecutor.java:1149)
	at java.util.concurrent.ThreadPoolExecutor$Worker.run(ThreadPoolExecutor.java:624)
	... 1 more
Caused by: org.apache.ratis.thirdparty.io.netty.channel.AbstractChannel$AnnotatedConnectException: Connection refused: /192.168.34.56:36658
	at sun.nio.ch.SocketChannelImpl.checkConnect(Native Method)
	at sun.nio.ch.SocketChannelImpl.finishConnect(SocketChannelImpl.java:717)
	at org.apache.ratis.thirdparty.io.netty.channel.socket.nio.NioSocketChannel.doFinishConnect(NioSocketChannel.java:327)
	at org.apache.ratis.thirdparty.io.netty.channel.nio.AbstractNioChannel$AbstractNioUnsafe.finishConnect(AbstractNioChannel.java:340)
	at org.apache.ratis.thirdparty.io.netty.channel.nio.NioEventLoop.processSelectedKey(NioEventLoop.java:632)
	at org.apache.ratis.thirdparty.io.netty.channel.nio.NioEventLoop.processSelectedKeysOptimized(NioEventLoop.java:579)
	at org.apache.ratis.thirdparty.io.netty.channel.nio.NioEventLoop.processSelectedKeys(NioEventLoop.java:496)
	at org.apache.ratis.thirdparty.io.netty.channel.nio.NioEventLoop.run(NioEventLoop.java:458)
	at org.apache.ratis.thirdparty.io.netty.util.concurrent.SingleThreadEventExecutor$5.run(SingleThreadEventExecutor.java:897)
	at org.apache.ratis.thirdparty.io.netty.util.concurrent.FastThreadLocalRunnable.run(FastThreadLocalRunnable.java:30)
	... 1 more
Caused by: java.net.ConnectException: Connection refused
	... 11 more
2019-10-18 13:01:50,474 [Thread-2356] INFO  impl.RaftServerImpl (RaftServerImpl.java:setRole(184)) - 018b3f78-d19f-4e26-a796-cb8ddc4f97cf@group-187684C21557: changes role from  FOLLOWER to CANDIDATE at term 154 for changeToCandidate
2019-10-18 13:01:50,474 [c124d131-afb9-4343-ad4e-aaebde613043@group-FF4202234884-LeaderElection270] INFO  impl.LeaderElection (LogUtils.java:infoOrTrace(149)) -   Exception 1: {}
java.util.concurrent.ExecutionException: org.apache.ratis.thirdparty.io.grpc.StatusRuntimeException: UNAVAILABLE: io exception
	at java.util.concurrent.FutureTask.report(FutureTask.java:122)
	at java.util.concurrent.FutureTask.get(FutureTask.java:192)
	at org.apache.ratis.server.impl.LeaderElection.waitForResults(LeaderElection.java:259)
	at org.apache.ratis.server.impl.LeaderElection.askForVotes(LeaderElection.java:197)
	at org.apache.ratis.server.impl.LeaderElection.run(LeaderElection.java:133)
	at java.lang.Thread.run(Thread.java:748)
Caused by: org.apache.ratis.thirdparty.io.grpc.StatusRuntimeException: UNAVAILABLE: io exception
	at org.apache.ratis.thirdparty.io.grpc.stub.ClientCalls.toStatusRuntimeException(ClientCalls.java:233)
	at org.apache.ratis.thirdparty.io.grpc.stub.ClientCalls.getUnchecked(ClientCalls.java:214)
	at org.apache.ratis.thirdparty.io.grpc.stub.ClientCalls.blockingUnaryCall(ClientCalls.java:139)
	at org.apache.ratis.proto.grpc.RaftServerProtocolServiceGrpc$RaftServerProtocolServiceBlockingStub.requestVote(RaftServerProtocolServiceGrpc.java:265)
	at org.apache.ratis.grpc.server.GrpcServerProtocolClient.requestVote(GrpcServerProtocolClient.java:99)
	at org.apache.ratis.grpc.server.GrpcService.requestVote(GrpcService.java:204)
	at org.apache.ratis.server.impl.LeaderElection.lambda$submitRequests$1(LeaderElection.java:234)
	at java.util.concurrent.FutureTask.run(FutureTask.java:266)
	at java.util.concurrent.Executors$RunnableAdapter.call(Executors.java:511)
	at java.util.concurrent.FutureTask.run(FutureTask.java:266)
	at java.util.concurrent.ThreadPoolExecutor.runWorker(ThreadPoolExecutor.java:1149)
	at java.util.concurrent.ThreadPoolExecutor$Worker.run(ThreadPoolExecutor.java:624)
	... 1 more
Caused by: org.apache.ratis.thirdparty.io.netty.channel.AbstractChannel$AnnotatedConnectException: Connection refused: /192.168.34.56:44872
	at sun.nio.ch.SocketChannelImpl.checkConnect(Native Method)
	at sun.nio.ch.SocketChannelImpl.finishConnect(SocketChannelImpl.java:717)
	at org.apache.ratis.thirdparty.io.netty.channel.socket.nio.NioSocketChannel.doFinishConnect(NioSocketChannel.java:327)
	at org.apache.ratis.thirdparty.io.netty.channel.nio.AbstractNioChannel$AbstractNioUnsafe.finishConnect(AbstractNioChannel.java:340)
	at org.apache.ratis.thirdparty.io.netty.channel.nio.NioEventLoop.processSelectedKey(NioEventLoop.java:632)
	at org.apache.ratis.thirdparty.io.netty.channel.nio.NioEventLoop.processSelectedKeysOptimized(NioEventLoop.java:579)
	at org.apache.ratis.thirdparty.io.netty.channel.nio.NioEventLoop.processSelectedKeys(NioEventLoop.java:496)
	at org.apache.ratis.thirdparty.io.netty.channel.nio.NioEventLoop.run(NioEventLoop.java:458)
	at org.apache.ratis.thirdparty.io.netty.util.concurrent.SingleThreadEventExecutor$5.run(SingleThreadEventExecutor.java:897)
	at org.apache.ratis.thirdparty.io.netty.util.concurrent.FastThreadLocalRunnable.run(FastThreadLocalRunnable.java:30)
	... 1 more
Caused by: java.net.ConnectException: Connection refused
	... 11 more
2019-10-18 13:01:50,474 [Thread-2356] INFO  impl.RoleInfo (RoleInfo.java:updateAndGet(143)) - 018b3f78-d19f-4e26-a796-cb8ddc4f97cf: start LeaderElection
2019-10-18 13:01:50,474 [c124d131-afb9-4343-ad4e-aaebde613043@group-FF4202234884-LeaderElection270] INFO  impl.RaftServerImpl (RaftServerImpl.java:setRole(184)) - c124d131-afb9-4343-ad4e-aaebde613043@group-FF4202234884: changes role from CANDIDATE to FOLLOWER at term 147 for DISCOVERED_A_NEW_TERM
2019-10-18 13:01:50,474 [c124d131-afb9-4343-ad4e-aaebde613043@group-FF4202234884-LeaderElection270] INFO  impl.RoleInfo (RoleInfo.java:shutdownLeaderElection(134)) - c124d131-afb9-4343-ad4e-aaebde613043: shutdown LeaderElection
2019-10-18 13:01:50,474 [c124d131-afb9-4343-ad4e-aaebde613043@group-FF4202234884-LeaderElection270] INFO  impl.RoleInfo (RoleInfo.java:updateAndGet(143)) - c124d131-afb9-4343-ad4e-aaebde613043: start FollowerState
2019-10-18 13:01:50,499 [018b3f78-d19f-4e26-a796-cb8ddc4f97cf@group-187684C21557-LeaderElection271] INFO  impl.LeaderElection (LeaderElection.java:askForVotes(178)) - 018b3f78-d19f-4e26-a796-cb8ddc4f97cf@group-187684C21557-LeaderElection271: begin an election at term 155 for -1: [893cf03e-f2cf-478a-892a-a746717e50e3:192.168.34.56:40750, 8697df36-98d2-41b1-bdc7-60597b3b5526:192.168.34.56:46415, 018b3f78-d19f-4e26-a796-cb8ddc4f97cf:192.168.34.56:35845], old=null
2019-10-18 13:01:50,500 [grpc-default-executor-7] INFO  impl.RaftServerImpl (RaftServerImpl.java:setRole(184)) - 893cf03e-f2cf-478a-892a-a746717e50e3@group-187684C21557: changes role from  FOLLOWER to FOLLOWER at term 155 for recognizeCandidate:018b3f78-d19f-4e26-a796-cb8ddc4f97cf
2019-10-18 13:01:50,500 [grpc-default-executor-2] INFO  impl.RaftServerImpl (RaftServerImpl.java:setRole(184)) - 8697df36-98d2-41b1-bdc7-60597b3b5526@group-187684C21557: changes role from  FOLLOWER to FOLLOWER at term 155 for recognizeCandidate:018b3f78-d19f-4e26-a796-cb8ddc4f97cf
2019-10-18 13:01:50,500 [grpc-default-executor-7] INFO  impl.RoleInfo (RoleInfo.java:shutdownFollowerState(121)) - 893cf03e-f2cf-478a-892a-a746717e50e3: shutdown FollowerState
2019-10-18 13:01:50,500 [grpc-default-executor-2] INFO  impl.RoleInfo (RoleInfo.java:shutdownFollowerState(121)) - 8697df36-98d2-41b1-bdc7-60597b3b5526: shutdown FollowerState
2019-10-18 13:01:50,501 [Thread-2355] INFO  impl.FollowerState (FollowerState.java:run(117)) - 893cf03e-f2cf-478a-892a-a746717e50e3@group-187684C21557-FollowerState was interrupted: java.lang.InterruptedException: sleep interrupted
2019-10-18 13:01:50,501 [grpc-default-executor-7] INFO  impl.RoleInfo (RoleInfo.java:updateAndGet(143)) - 893cf03e-f2cf-478a-892a-a746717e50e3: start FollowerState
2019-10-18 13:01:50,501 [grpc-default-executor-2] INFO  impl.RoleInfo (RoleInfo.java:updateAndGet(143)) - 8697df36-98d2-41b1-bdc7-60597b3b5526: start FollowerState
2019-10-18 13:01:50,501 [Thread-2354] INFO  impl.FollowerState (FollowerState.java:run(117)) - 8697df36-98d2-41b1-bdc7-60597b3b5526@group-187684C21557-FollowerState was interrupted: java.lang.InterruptedException: sleep interrupted
2019-10-18 13:01:50,519 [018b3f78-d19f-4e26-a796-cb8ddc4f97cf@group-187684C21557-LeaderElection271] INFO  impl.LeaderElection (LeaderElection.java:logAndReturn(56)) - 018b3f78-d19f-4e26-a796-cb8ddc4f97cf@group-187684C21557-LeaderElection271: Election TIMEOUT; received 0 response(s) [] and 0 exception(s); 018b3f78-d19f-4e26-a796-cb8ddc4f97cf@group-187684C21557:t155, leader=null, voted=018b3f78-d19f-4e26-a796-cb8ddc4f97cf, raftlog=018b3f78-d19f-4e26-a796-cb8ddc4f97cf@group-187684C21557-SegmentedRaftLog:OPENED:c-1,f-1,i0, conf=-1: [893cf03e-f2cf-478a-892a-a746717e50e3:192.168.34.56:40750, 8697df36-98d2-41b1-bdc7-60597b3b5526:192.168.34.56:46415, 018b3f78-d19f-4e26-a796-cb8ddc4f97cf:192.168.34.56:35845], old=null
2019-10-18 13:01:50,547 [018b3f78-d19f-4e26-a796-cb8ddc4f97cf@group-187684C21557-LeaderElection271] INFO  impl.LeaderElection (LeaderElection.java:askForVotes(178)) - 018b3f78-d19f-4e26-a796-cb8ddc4f97cf@group-187684C21557-LeaderElection271: begin an election at term 156 for -1: [893cf03e-f2cf-478a-892a-a746717e50e3:192.168.34.56:40750, 8697df36-98d2-41b1-bdc7-60597b3b5526:192.168.34.56:46415, 018b3f78-d19f-4e26-a796-cb8ddc4f97cf:192.168.34.56:35845], old=null
2019-10-18 13:01:50,549 [grpc-default-executor-7] INFO  impl.RaftServerImpl (RaftServerImpl.java:setRole(184)) - 8697df36-98d2-41b1-bdc7-60597b3b5526@group-187684C21557: changes role from  FOLLOWER to FOLLOWER at term 156 for recognizeCandidate:018b3f78-d19f-4e26-a796-cb8ddc4f97cf
2019-10-18 13:01:50,549 [grpc-default-executor-7] INFO  impl.RoleInfo (RoleInfo.java:shutdownFollowerState(121)) - 8697df36-98d2-41b1-bdc7-60597b3b5526: shutdown FollowerState
2019-10-18 13:01:50,549 [grpc-default-executor-2] INFO  impl.RaftServerImpl (RaftServerImpl.java:setRole(184)) - 893cf03e-f2cf-478a-892a-a746717e50e3@group-187684C21557: changes role from  FOLLOWER to FOLLOWER at term 156 for recognizeCandidate:018b3f78-d19f-4e26-a796-cb8ddc4f97cf
2019-10-18 13:01:50,549 [Thread-2365] INFO  impl.FollowerState (FollowerState.java:run(117)) - 8697df36-98d2-41b1-bdc7-60597b3b5526@group-187684C21557-FollowerState was interrupted: java.lang.InterruptedException: sleep interrupted
2019-10-18 13:01:50,549 [grpc-default-executor-7] INFO  impl.RoleInfo (RoleInfo.java:updateAndGet(143)) - 8697df36-98d2-41b1-bdc7-60597b3b5526: start FollowerState
2019-10-18 13:01:50,549 [grpc-default-executor-2] INFO  impl.RoleInfo (RoleInfo.java:shutdownFollowerState(121)) - 893cf03e-f2cf-478a-892a-a746717e50e3: shutdown FollowerState
2019-10-18 13:01:50,550 [grpc-default-executor-2] INFO  impl.RoleInfo (RoleInfo.java:updateAndGet(143)) - 893cf03e-f2cf-478a-892a-a746717e50e3: start FollowerState
2019-10-18 13:01:50,550 [Thread-2364] INFO  impl.FollowerState (FollowerState.java:run(117)) - 893cf03e-f2cf-478a-892a-a746717e50e3@group-187684C21557-FollowerState was interrupted: java.lang.InterruptedException: sleep interrupted
2019-10-18 13:01:50,565 [018b3f78-d19f-4e26-a796-cb8ddc4f97cf@group-187684C21557-LeaderElection271] INFO  impl.LeaderElection (LeaderElection.java:logAndReturn(56)) - 018b3f78-d19f-4e26-a796-cb8ddc4f97cf@group-187684C21557-LeaderElection271: Election TIMEOUT; received 0 response(s) [] and 0 exception(s); 018b3f78-d19f-4e26-a796-cb8ddc4f97cf@group-187684C21557:t156, leader=null, voted=018b3f78-d19f-4e26-a796-cb8ddc4f97cf, raftlog=018b3f78-d19f-4e26-a796-cb8ddc4f97cf@group-187684C21557-SegmentedRaftLog:OPENED:c-1,f-1,i0, conf=-1: [893cf03e-f2cf-478a-892a-a746717e50e3:192.168.34.56:40750, 8697df36-98d2-41b1-bdc7-60597b3b5526:192.168.34.56:46415, 018b3f78-d19f-4e26-a796-cb8ddc4f97cf:192.168.34.56:35845], old=null
2019-10-18 13:01:50,574 [Thread-2361] INFO  impl.FollowerState (FollowerState.java:run(108)) - c124d131-afb9-4343-ad4e-aaebde613043@group-FF4202234884-FollowerState: change to CANDIDATE, lastRpcTime:99ms, electionTimeout:99ms
2019-10-18 13:01:50,574 [Thread-2361] INFO  impl.RoleInfo (RoleInfo.java:shutdownFollowerState(121)) - c124d131-afb9-4343-ad4e-aaebde613043: shutdown FollowerState
2019-10-18 13:01:50,574 [Thread-2361] INFO  impl.RaftServerImpl (RaftServerImpl.java:setRole(184)) - c124d131-afb9-4343-ad4e-aaebde613043@group-FF4202234884: changes role from  FOLLOWER to CANDIDATE at term 147 for changeToCandidate
2019-10-18 13:01:50,574 [Thread-2361] INFO  impl.RoleInfo (RoleInfo.java:updateAndGet(143)) - c124d131-afb9-4343-ad4e-aaebde613043: start LeaderElection
2019-10-18 13:01:50,597 [018b3f78-d19f-4e26-a796-cb8ddc4f97cf@group-187684C21557-LeaderElection271] INFO  impl.LeaderElection (LeaderElection.java:askForVotes(178)) - 018b3f78-d19f-4e26-a796-cb8ddc4f97cf@group-187684C21557-LeaderElection271: begin an election at term 157 for -1: [893cf03e-f2cf-478a-892a-a746717e50e3:192.168.34.56:40750, 8697df36-98d2-41b1-bdc7-60597b3b5526:192.168.34.56:46415, 018b3f78-d19f-4e26-a796-cb8ddc4f97cf:192.168.34.56:35845], old=null
2019-10-18 13:01:50,597 [c124d131-afb9-4343-ad4e-aaebde613043@group-FF4202234884-LeaderElection272] INFO  impl.LeaderElection (LeaderElection.java:askForVotes(178)) - c124d131-afb9-4343-ad4e-aaebde613043@group-FF4202234884-LeaderElection272: begin an election at term 148 for -1: [999343e7-0330-4874-a345-91eca72585e0:192.168.34.56:44872, c124d131-afb9-4343-ad4e-aaebde613043:192.168.34.56:42116, e5bb327f-cdd7-4e49-919e-13a4c895fddf:192.168.34.56:36658], old=null
2019-10-18 13:01:50,598 [c124d131-afb9-4343-ad4e-aaebde613043@group-FF4202234884-LeaderElection272] INFO  impl.LeaderElection (LogUtils.java:infoOrTrace(149)) - c124d131-afb9-4343-ad4e-aaebde613043@group-FF4202234884-LeaderElection272 got exception when requesting votes: {}
java.util.concurrent.ExecutionException: org.apache.ratis.thirdparty.io.grpc.StatusRuntimeException: UNAVAILABLE: io exception
	at java.util.concurrent.FutureTask.report(FutureTask.java:122)
	at java.util.concurrent.FutureTask.get(FutureTask.java:192)
	at org.apache.ratis.server.impl.LeaderElection.waitForResults(LeaderElection.java:259)
	at org.apache.ratis.server.impl.LeaderElection.askForVotes(LeaderElection.java:197)
	at org.apache.ratis.server.impl.LeaderElection.run(LeaderElection.java:133)
	at java.lang.Thread.run(Thread.java:748)
Caused by: org.apache.ratis.thirdparty.io.grpc.StatusRuntimeException: UNAVAILABLE: io exception
	at org.apache.ratis.thirdparty.io.grpc.stub.ClientCalls.toStatusRuntimeException(ClientCalls.java:233)
	at org.apache.ratis.thirdparty.io.grpc.stub.ClientCalls.getUnchecked(ClientCalls.java:214)
	at org.apache.ratis.thirdparty.io.grpc.stub.ClientCalls.blockingUnaryCall(ClientCalls.java:139)
	at org.apache.ratis.proto.grpc.RaftServerProtocolServiceGrpc$RaftServerProtocolServiceBlockingStub.requestVote(RaftServerProtocolServiceGrpc.java:265)
	at org.apache.ratis.grpc.server.GrpcServerProtocolClient.requestVote(GrpcServerProtocolClient.java:99)
	at org.apache.ratis.grpc.server.GrpcService.requestVote(GrpcService.java:204)
	at org.apache.ratis.server.impl.LeaderElection.lambda$submitRequests$1(LeaderElection.java:234)
	at java.util.concurrent.FutureTask.run(FutureTask.java:266)
	at java.util.concurrent.Executors$RunnableAdapter.call(Executors.java:511)
	at java.util.concurrent.FutureTask.run(FutureTask.java:266)
	at java.util.concurrent.ThreadPoolExecutor.runWorker(ThreadPoolExecutor.java:1149)
	at java.util.concurrent.ThreadPoolExecutor$Worker.run(ThreadPoolExecutor.java:624)
	... 1 more
Caused by: org.apache.ratis.thirdparty.io.netty.channel.AbstractChannel$AnnotatedConnectException: Connection refused: /192.168.34.56:44872
	at sun.nio.ch.SocketChannelImpl.checkConnect(Native Method)
	at sun.nio.ch.SocketChannelImpl.finishConnect(SocketChannelImpl.java:717)
	at org.apache.ratis.thirdparty.io.netty.channel.socket.nio.NioSocketChannel.doFinishConnect(NioSocketChannel.java:327)
	at org.apache.ratis.thirdparty.io.netty.channel.nio.AbstractNioChannel$AbstractNioUnsafe.finishConnect(AbstractNioChannel.java:340)
	at org.apache.ratis.thirdparty.io.netty.channel.nio.NioEventLoop.processSelectedKey(NioEventLoop.java:632)
	at org.apache.ratis.thirdparty.io.netty.channel.nio.NioEventLoop.processSelectedKeysOptimized(NioEventLoop.java:579)
	at org.apache.ratis.thirdparty.io.netty.channel.nio.NioEventLoop.processSelectedKeys(NioEventLoop.java:496)
	at org.apache.ratis.thirdparty.io.netty.channel.nio.NioEventLoop.run(NioEventLoop.java:458)
	at org.apache.ratis.thirdparty.io.netty.util.concurrent.SingleThreadEventExecutor$5.run(SingleThreadEventExecutor.java:897)
	at org.apache.ratis.thirdparty.io.netty.util.concurrent.FastThreadLocalRunnable.run(FastThreadLocalRunnable.java:30)
	... 1 more
Caused by: java.net.ConnectException: Connection refused
	... 11 more
2019-10-18 13:01:50,601 [c124d131-afb9-4343-ad4e-aaebde613043@group-FF4202234884-LeaderElection272] INFO  impl.LeaderElection (LogUtils.java:infoOrTrace(149)) - c124d131-afb9-4343-ad4e-aaebde613043@group-FF4202234884-LeaderElection272 got exception when requesting votes: {}
java.util.concurrent.ExecutionException: org.apache.ratis.thirdparty.io.grpc.StatusRuntimeException: UNAVAILABLE: io exception
	at java.util.concurrent.FutureTask.report(FutureTask.java:122)
	at java.util.concurrent.FutureTask.get(FutureTask.java:192)
	at org.apache.ratis.server.impl.LeaderElection.waitForResults(LeaderElection.java:259)
	at org.apache.ratis.server.impl.LeaderElection.askForVotes(LeaderElection.java:197)
	at org.apache.ratis.server.impl.LeaderElection.run(LeaderElection.java:133)
	at java.lang.Thread.run(Thread.java:748)
Caused by: org.apache.ratis.thirdparty.io.grpc.StatusRuntimeException: UNAVAILABLE: io exception
	at org.apache.ratis.thirdparty.io.grpc.stub.ClientCalls.toStatusRuntimeException(ClientCalls.java:233)
	at org.apache.ratis.thirdparty.io.grpc.stub.ClientCalls.getUnchecked(ClientCalls.java:214)
	at org.apache.ratis.thirdparty.io.grpc.stub.ClientCalls.blockingUnaryCall(ClientCalls.java:139)
	at org.apache.ratis.proto.grpc.RaftServerProtocolServiceGrpc$RaftServerProtocolServiceBlockingStub.requestVote(RaftServerProtocolServiceGrpc.java:265)
	at org.apache.ratis.grpc.server.GrpcServerProtocolClient.requestVote(GrpcServerProtocolClient.java:99)
	at org.apache.ratis.grpc.server.GrpcService.requestVote(GrpcService.java:204)
	at org.apache.ratis.server.impl.LeaderElection.lambda$submitRequests$1(LeaderElection.java:234)
	at java.util.concurrent.FutureTask.run(FutureTask.java:266)
	at java.util.concurrent.Executors$RunnableAdapter.call(Executors.java:511)
	at java.util.concurrent.FutureTask.run(FutureTask.java:266)
	at java.util.concurrent.ThreadPoolExecutor.runWorker(ThreadPoolExecutor.java:1149)
	at java.util.concurrent.ThreadPoolExecutor$Worker.run(ThreadPoolExecutor.java:624)
	... 1 more
Caused by: org.apache.ratis.thirdparty.io.netty.channel.AbstractChannel$AnnotatedConnectException: Connection refused: /192.168.34.56:36658
	at sun.nio.ch.SocketChannelImpl.checkConnect(Native Method)
	at sun.nio.ch.SocketChannelImpl.finishConnect(SocketChannelImpl.java:717)
	at org.apache.ratis.thirdparty.io.netty.channel.socket.nio.NioSocketChannel.doFinishConnect(NioSocketChannel.java:327)
	at org.apache.ratis.thirdparty.io.netty.channel.nio.AbstractNioChannel$AbstractNioUnsafe.finishConnect(AbstractNioChannel.java:340)
	at org.apache.ratis.thirdparty.io.netty.channel.nio.NioEventLoop.processSelectedKey(NioEventLoop.java:632)
	at org.apache.ratis.thirdparty.io.netty.channel.nio.NioEventLoop.processSelectedKeysOptimized(NioEventLoop.java:579)
	at org.apache.ratis.thirdparty.io.netty.channel.nio.NioEventLoop.processSelectedKeys(NioEventLoop.java:496)
	at org.apache.ratis.thirdparty.io.netty.channel.nio.NioEventLoop.run(NioEventLoop.java:458)
	at org.apache.ratis.thirdparty.io.netty.util.concurrent.SingleThreadEventExecutor$5.run(SingleThreadEventExecutor.java:897)
	at org.apache.ratis.thirdparty.io.netty.util.concurrent.FastThreadLocalRunnable.run(FastThreadLocalRunnable.java:30)
	... 1 more
Caused by: java.net.ConnectException: Connection refused
	... 11 more
2019-10-18 13:01:50,601 [grpc-default-executor-2] INFO  impl.RaftServerImpl (RaftServerImpl.java:setRole(184)) - 8697df36-98d2-41b1-bdc7-60597b3b5526@group-187684C21557: changes role from  FOLLOWER to FOLLOWER at term 157 for recognizeCandidate:018b3f78-d19f-4e26-a796-cb8ddc4f97cf
2019-10-18 13:01:50,601 [grpc-default-executor-7] INFO  impl.RaftServerImpl (RaftServerImpl.java:setRole(184)) - 893cf03e-f2cf-478a-892a-a746717e50e3@group-187684C21557: changes role from  FOLLOWER to FOLLOWER at term 157 for recognizeCandidate:018b3f78-d19f-4e26-a796-cb8ddc4f97cf
2019-10-18 13:01:50,602 [grpc-default-executor-7] INFO  impl.RoleInfo (RoleInfo.java:shutdownFollowerState(121)) - 893cf03e-f2cf-478a-892a-a746717e50e3: shutdown FollowerState
2019-10-18 13:01:50,602 [grpc-default-executor-2] INFO  impl.RoleInfo (RoleInfo.java:shutdownFollowerState(121)) - 8697df36-98d2-41b1-bdc7-60597b3b5526: shutdown FollowerState
2019-10-18 13:01:50,603 [Thread-2369] INFO  impl.FollowerState (FollowerState.java:run(117)) - 893cf03e-f2cf-478a-892a-a746717e50e3@group-187684C21557-FollowerState was interrupted: java.lang.InterruptedException: sleep interrupted
2019-10-18 13:01:50,602 [c124d131-afb9-4343-ad4e-aaebde613043@group-FF4202234884-LeaderElection272] INFO  impl.LeaderElection (LeaderElection.java:logAndReturn(56)) - c124d131-afb9-4343-ad4e-aaebde613043@group-FF4202234884-LeaderElection272: Election REJECTED; received 0 response(s) [] and 2 exception(s); c124d131-afb9-4343-ad4e-aaebde613043@group-FF4202234884:t148, leader=null, voted=c124d131-afb9-4343-ad4e-aaebde613043, raftlog=c124d131-afb9-4343-ad4e-aaebde613043@group-FF4202234884-SegmentedRaftLog:OPENED:c-1,f-1,i0, conf=-1: [999343e7-0330-4874-a345-91eca72585e0:192.168.34.56:44872, c124d131-afb9-4343-ad4e-aaebde613043:192.168.34.56:42116, e5bb327f-cdd7-4e49-919e-13a4c895fddf:192.168.34.56:36658], old=null
2019-10-18 13:01:50,603 [Thread-2368] INFO  impl.FollowerState (FollowerState.java:run(117)) - 8697df36-98d2-41b1-bdc7-60597b3b5526@group-187684C21557-FollowerState was interrupted: java.lang.InterruptedException: sleep interrupted
2019-10-18 13:01:50,603 [grpc-default-executor-2] INFO  impl.RoleInfo (RoleInfo.java:updateAndGet(143)) - 8697df36-98d2-41b1-bdc7-60597b3b5526: start FollowerState
2019-10-18 13:01:50,602 [grpc-default-executor-7] INFO  impl.RoleInfo (RoleInfo.java:updateAndGet(143)) - 893cf03e-f2cf-478a-892a-a746717e50e3: start FollowerState
2019-10-18 13:01:50,603 [c124d131-afb9-4343-ad4e-aaebde613043@group-FF4202234884-LeaderElection272] INFO  impl.LeaderElection (LogUtils.java:infoOrTrace(149)) -   Exception 0: {}
java.util.concurrent.ExecutionException: org.apache.ratis.thirdparty.io.grpc.StatusRuntimeException: UNAVAILABLE: io exception
	at java.util.concurrent.FutureTask.report(FutureTask.java:122)
	at java.util.concurrent.FutureTask.get(FutureTask.java:192)
	at org.apache.ratis.server.impl.LeaderElection.waitForResults(LeaderElection.java:259)
	at org.apache.ratis.server.impl.LeaderElection.askForVotes(LeaderElection.java:197)
	at org.apache.ratis.server.impl.LeaderElection.run(LeaderElection.java:133)
	at java.lang.Thread.run(Thread.java:748)
Caused by: org.apache.ratis.thirdparty.io.grpc.StatusRuntimeException: UNAVAILABLE: io exception
	at org.apache.ratis.thirdparty.io.grpc.stub.ClientCalls.toStatusRuntimeException(ClientCalls.java:233)
	at org.apache.ratis.thirdparty.io.grpc.stub.ClientCalls.getUnchecked(ClientCalls.java:214)
	at org.apache.ratis.thirdparty.io.grpc.stub.ClientCalls.blockingUnaryCall(ClientCalls.java:139)
	at org.apache.ratis.proto.grpc.RaftServerProtocolServiceGrpc$RaftServerProtocolServiceBlockingStub.requestVote(RaftServerProtocolServiceGrpc.java:265)
	at org.apache.ratis.grpc.server.GrpcServerProtocolClient.requestVote(GrpcServerProtocolClient.java:99)
	at org.apache.ratis.grpc.server.GrpcService.requestVote(GrpcService.java:204)
	at org.apache.ratis.server.impl.LeaderElection.lambda$submitRequests$1(LeaderElection.java:234)
	at java.util.concurrent.FutureTask.run(FutureTask.java:266)
	at java.util.concurrent.Executors$RunnableAdapter.call(Executors.java:511)
	at java.util.concurrent.FutureTask.run(FutureTask.java:266)
	at java.util.concurrent.ThreadPoolExecutor.runWorker(ThreadPoolExecutor.java:1149)
	at java.util.concurrent.ThreadPoolExecutor$Worker.run(ThreadPoolExecutor.java:624)
	... 1 more
Caused by: org.apache.ratis.thirdparty.io.netty.channel.AbstractChannel$AnnotatedConnectException: Connection refused: /192.168.34.56:44872
	at sun.nio.ch.SocketChannelImpl.checkConnect(Native Method)
	at sun.nio.ch.SocketChannelImpl.finishConnect(SocketChannelImpl.java:717)
	at org.apache.ratis.thirdparty.io.netty.channel.socket.nio.NioSocketChannel.doFinishConnect(NioSocketChannel.java:327)
	at org.apache.ratis.thirdparty.io.netty.channel.nio.AbstractNioChannel$AbstractNioUnsafe.finishConnect(AbstractNioChannel.java:340)
	at org.apache.ratis.thirdparty.io.netty.channel.nio.NioEventLoop.processSelectedKey(NioEventLoop.java:632)
	at org.apache.ratis.thirdparty.io.netty.channel.nio.NioEventLoop.processSelectedKeysOptimized(NioEventLoop.java:579)
	at org.apache.ratis.thirdparty.io.netty.channel.nio.NioEventLoop.processSelectedKeys(NioEventLoop.java:496)
	at org.apache.ratis.thirdparty.io.netty.channel.nio.NioEventLoop.run(NioEventLoop.java:458)
	at org.apache.ratis.thirdparty.io.netty.util.concurrent.SingleThreadEventExecutor$5.run(SingleThreadEventExecutor.java:897)
	at org.apache.ratis.thirdparty.io.netty.util.concurrent.FastThreadLocalRunnable.run(FastThreadLocalRunnable.java:30)
	... 1 more
Caused by: java.net.ConnectException: Connection refused
	... 11 more
2019-10-18 13:01:50,603 [c124d131-afb9-4343-ad4e-aaebde613043@group-FF4202234884-LeaderElection272] INFO  impl.LeaderElection (LogUtils.java:infoOrTrace(149)) -   Exception 1: {}
java.util.concurrent.ExecutionException: org.apache.ratis.thirdparty.io.grpc.StatusRuntimeException: UNAVAILABLE: io exception
	at java.util.concurrent.FutureTask.report(FutureTask.java:122)
	at java.util.concurrent.FutureTask.get(FutureTask.java:192)
	at org.apache.ratis.server.impl.LeaderElection.waitForResults(LeaderElection.java:259)
	at org.apache.ratis.server.impl.LeaderElection.askForVotes(LeaderElection.java:197)
	at org.apache.ratis.server.impl.LeaderElection.run(LeaderElection.java:133)
	at java.lang.Thread.run(Thread.java:748)
Caused by: org.apache.ratis.thirdparty.io.grpc.StatusRuntimeException: UNAVAILABLE: io exception
	at org.apache.ratis.thirdparty.io.grpc.stub.ClientCalls.toStatusRuntimeException(ClientCalls.java:233)
	at org.apache.ratis.thirdparty.io.grpc.stub.ClientCalls.getUnchecked(ClientCalls.java:214)
	at org.apache.ratis.thirdparty.io.grpc.stub.ClientCalls.blockingUnaryCall(ClientCalls.java:139)
	at org.apache.ratis.proto.grpc.RaftServerProtocolServiceGrpc$RaftServerProtocolServiceBlockingStub.requestVote(RaftServerProtocolServiceGrpc.java:265)
	at org.apache.ratis.grpc.server.GrpcServerProtocolClient.requestVote(GrpcServerProtocolClient.java:99)
	at org.apache.ratis.grpc.server.GrpcService.requestVote(GrpcService.java:204)
	at org.apache.ratis.server.impl.LeaderElection.lambda$submitRequests$1(LeaderElection.java:234)
	at java.util.concurrent.FutureTask.run(FutureTask.java:266)
	at java.util.concurrent.Executors$RunnableAdapter.call(Executors.java:511)
	at java.util.concurrent.FutureTask.run(FutureTask.java:266)
	at java.util.concurrent.ThreadPoolExecutor.runWorker(ThreadPoolExecutor.java:1149)
	at java.util.concurrent.ThreadPoolExecutor$Worker.run(ThreadPoolExecutor.java:624)
	... 1 more
Caused by: org.apache.ratis.thirdparty.io.netty.channel.AbstractChannel$AnnotatedConnectException: Connection refused: /192.168.34.56:36658
	at sun.nio.ch.SocketChannelImpl.checkConnect(Native Method)
	at sun.nio.ch.SocketChannelImpl.finishConnect(SocketChannelImpl.java:717)
	at org.apache.ratis.thirdparty.io.netty.channel.socket.nio.NioSocketChannel.doFinishConnect(NioSocketChannel.java:327)
	at org.apache.ratis.thirdparty.io.netty.channel.nio.AbstractNioChannel$AbstractNioUnsafe.finishConnect(AbstractNioChannel.java:340)
	at org.apache.ratis.thirdparty.io.netty.channel.nio.NioEventLoop.processSelectedKey(NioEventLoop.java:632)
	at org.apache.ratis.thirdparty.io.netty.channel.nio.NioEventLoop.processSelectedKeysOptimized(NioEventLoop.java:579)
	at org.apache.ratis.thirdparty.io.netty.channel.nio.NioEventLoop.processSelectedKeys(NioEventLoop.java:496)
	at org.apache.ratis.thirdparty.io.netty.channel.nio.NioEventLoop.run(NioEventLoop.java:458)
	at org.apache.ratis.thirdparty.io.netty.util.concurrent.SingleThreadEventExecutor$5.run(SingleThreadEventExecutor.java:897)
	at org.apache.ratis.thirdparty.io.netty.util.concurrent.FastThreadLocalRunnable.run(FastThreadLocalRunnable.java:30)
	... 1 more
Caused by: java.net.ConnectException: Connection refused
	... 11 more
2019-10-18 13:01:50,604 [c124d131-afb9-4343-ad4e-aaebde613043@group-FF4202234884-LeaderElection272] INFO  impl.RaftServerImpl (RaftServerImpl.java:setRole(184)) - c124d131-afb9-4343-ad4e-aaebde613043@group-FF4202234884: changes role from CANDIDATE to FOLLOWER at term 148 for DISCOVERED_A_NEW_TERM
2019-10-18 13:01:50,604 [c124d131-afb9-4343-ad4e-aaebde613043@group-FF4202234884-LeaderElection272] INFO  impl.RoleInfo (RoleInfo.java:shutdownLeaderElection(134)) - c124d131-afb9-4343-ad4e-aaebde613043: shutdown LeaderElection
2019-10-18 13:01:50,604 [c124d131-afb9-4343-ad4e-aaebde613043@group-FF4202234884-LeaderElection272] INFO  impl.RoleInfo (RoleInfo.java:updateAndGet(143)) - c124d131-afb9-4343-ad4e-aaebde613043: start FollowerState
2019-10-18 13:01:50,628 [018b3f78-d19f-4e26-a796-cb8ddc4f97cf@group-187684C21557-LeaderElection271] INFO  impl.LeaderElection (LeaderElection.java:logAndReturn(56)) - 018b3f78-d19f-4e26-a796-cb8ddc4f97cf@group-187684C21557-LeaderElection271: Election REJECTED; received 2 response(s) [018b3f78-d19f-4e26-a796-cb8ddc4f97cf<-893cf03e-f2cf-478a-892a-a746717e50e3#0:FAIL-t157, 018b3f78-d19f-4e26-a796-cb8ddc4f97cf<-8697df36-98d2-41b1-bdc7-60597b3b5526#0:FAIL-t157] and 0 exception(s); 018b3f78-d19f-4e26-a796-cb8ddc4f97cf@group-187684C21557:t157, leader=null, voted=018b3f78-d19f-4e26-a796-cb8ddc4f97cf, raftlog=018b3f78-d19f-4e26-a796-cb8ddc4f97cf@group-187684C21557-SegmentedRaftLog:OPENED:c-1,f-1,i0, conf=-1: [893cf03e-f2cf-478a-892a-a746717e50e3:192.168.34.56:40750, 8697df36-98d2-41b1-bdc7-60597b3b5526:192.168.34.56:46415, 018b3f78-d19f-4e26-a796-cb8ddc4f97cf:192.168.34.56:35845], old=null
2019-10-18 13:01:50,629 [018b3f78-d19f-4e26-a796-cb8ddc4f97cf@group-187684C21557-LeaderElection271] INFO  impl.RaftServerImpl (RaftServerImpl.java:setRole(184)) - 018b3f78-d19f-4e26-a796-cb8ddc4f97cf@group-187684C21557: changes role from CANDIDATE to FOLLOWER at term 157 for DISCOVERED_A_NEW_TERM
2019-10-18 13:01:50,629 [018b3f78-d19f-4e26-a796-cb8ddc4f97cf@group-187684C21557-LeaderElection271] INFO  impl.RoleInfo (RoleInfo.java:shutdownLeaderElection(134)) - 018b3f78-d19f-4e26-a796-cb8ddc4f97cf: shutdown LeaderElection
2019-10-18 13:01:50,629 [018b3f78-d19f-4e26-a796-cb8ddc4f97cf@group-187684C21557-LeaderElection271] INFO  impl.RoleInfo (RoleInfo.java:updateAndGet(143)) - 018b3f78-d19f-4e26-a796-cb8ddc4f97cf: start FollowerState
2019-10-18 13:01:50,713 [Thread-2378] INFO  impl.FollowerState (FollowerState.java:run(108)) - 018b3f78-d19f-4e26-a796-cb8ddc4f97cf@group-187684C21557-FollowerState: change to CANDIDATE, lastRpcTime:84ms, electionTimeout:84ms
2019-10-18 13:01:50,713 [Thread-2378] INFO  impl.RoleInfo (RoleInfo.java:shutdownFollowerState(121)) - 018b3f78-d19f-4e26-a796-cb8ddc4f97cf: shutdown FollowerState
2019-10-18 13:01:50,713 [Thread-2378] INFO  impl.RaftServerImpl (RaftServerImpl.java:setRole(184)) - 018b3f78-d19f-4e26-a796-cb8ddc4f97cf@group-187684C21557: changes role from  FOLLOWER to CANDIDATE at term 157 for changeToCandidate
2019-10-18 13:01:50,714 [Thread-2378] INFO  impl.RoleInfo (RoleInfo.java:updateAndGet(143)) - 018b3f78-d19f-4e26-a796-cb8ddc4f97cf: start LeaderElection
2019-10-18 13:01:50,732 [018b3f78-d19f-4e26-a796-cb8ddc4f97cf@group-187684C21557-LeaderElection273] INFO  impl.LeaderElection (LeaderElection.java:askForVotes(178)) - 018b3f78-d19f-4e26-a796-cb8ddc4f97cf@group-187684C21557-LeaderElection273: begin an election at term 158 for -1: [893cf03e-f2cf-478a-892a-a746717e50e3:192.168.34.56:40750, 8697df36-98d2-41b1-bdc7-60597b3b5526:192.168.34.56:46415, 018b3f78-d19f-4e26-a796-cb8ddc4f97cf:192.168.34.56:35845], old=null
2019-10-18 13:01:50,733 [grpc-default-executor-7] INFO  impl.RaftServerImpl (RaftServerImpl.java:setRole(184)) - 893cf03e-f2cf-478a-892a-a746717e50e3@group-187684C21557: changes role from  FOLLOWER to FOLLOWER at term 158 for recognizeCandidate:018b3f78-d19f-4e26-a796-cb8ddc4f97cf
2019-10-18 13:01:50,733 [Thread-2377] INFO  impl.FollowerState (FollowerState.java:run(108)) - c124d131-afb9-4343-ad4e-aaebde613043@group-FF4202234884-FollowerState: change to CANDIDATE, lastRpcTime:129ms, electionTimeout:129ms
2019-10-18 13:01:50,733 [grpc-default-executor-2] INFO  impl.RaftServerImpl (RaftServerImpl.java:setRole(184)) - 8697df36-98d2-41b1-bdc7-60597b3b5526@group-187684C21557: changes role from  FOLLOWER to FOLLOWER at term 158 for recognizeCandidate:018b3f78-d19f-4e26-a796-cb8ddc4f97cf
2019-10-18 13:01:50,733 [Thread-2377] INFO  impl.RoleInfo (RoleInfo.java:shutdownFollowerState(121)) - c124d131-afb9-4343-ad4e-aaebde613043: shutdown FollowerState
2019-10-18 13:01:50,733 [Thread-2377] INFO  impl.RaftServerImpl (RaftServerImpl.java:setRole(184)) - c124d131-afb9-4343-ad4e-aaebde613043@group-FF4202234884: changes role from  FOLLOWER to CANDIDATE at term 148 for changeToCandidate
2019-10-18 13:01:50,733 [grpc-default-executor-7] INFO  impl.RoleInfo (RoleInfo.java:shutdownFollowerState(121)) - 893cf03e-f2cf-478a-892a-a746717e50e3: shutdown FollowerState
2019-10-18 13:01:50,734 [Thread-2377] INFO  impl.RoleInfo (RoleInfo.java:updateAndGet(143)) - c124d131-afb9-4343-ad4e-aaebde613043: start LeaderElection
2019-10-18 13:01:50,734 [Thread-2375] INFO  impl.FollowerState (FollowerState.java:run(117)) - 893cf03e-f2cf-478a-892a-a746717e50e3@group-187684C21557-FollowerState was interrupted: java.lang.InterruptedException: sleep interrupted
2019-10-18 13:01:50,733 [grpc-default-executor-2] INFO  impl.RoleInfo (RoleInfo.java:shutdownFollowerState(121)) - 8697df36-98d2-41b1-bdc7-60597b3b5526: shutdown FollowerState
2019-10-18 13:01:50,734 [grpc-default-executor-7] INFO  impl.RoleInfo (RoleInfo.java:updateAndGet(143)) - 893cf03e-f2cf-478a-892a-a746717e50e3: start FollowerState
2019-10-18 13:01:50,734 [Thread-2376] INFO  impl.FollowerState (FollowerState.java:run(117)) - 8697df36-98d2-41b1-bdc7-60597b3b5526@group-187684C21557-FollowerState was interrupted: java.lang.InterruptedException: sleep interrupted
2019-10-18 13:01:50,734 [grpc-default-executor-2] INFO  impl.RoleInfo (RoleInfo.java:updateAndGet(143)) - 8697df36-98d2-41b1-bdc7-60597b3b5526: start FollowerState
2019-10-18 13:01:50,736 [018b3f78-d19f-4e26-a796-cb8ddc4f97cf@group-187684C21557-LeaderElection273] INFO  impl.LeaderElection (LeaderElection.java:logAndReturn(56)) - 018b3f78-d19f-4e26-a796-cb8ddc4f97cf@group-187684C21557-LeaderElection273: Election TIMEOUT; received 0 response(s) [] and 0 exception(s); 018b3f78-d19f-4e26-a796-cb8ddc4f97cf@group-187684C21557:t158, leader=null, voted=018b3f78-d19f-4e26-a796-cb8ddc4f97cf, raftlog=018b3f78-d19f-4e26-a796-cb8ddc4f97cf@group-187684C21557-SegmentedRaftLog:OPENED:c-1,f-1,i0, conf=-1: [893cf03e-f2cf-478a-892a-a746717e50e3:192.168.34.56:40750, 8697df36-98d2-41b1-bdc7-60597b3b5526:192.168.34.56:46415, 018b3f78-d19f-4e26-a796-cb8ddc4f97cf:192.168.34.56:35845], old=null
2019-10-18 13:01:50,758 [018b3f78-d19f-4e26-a796-cb8ddc4f97cf@group-187684C21557-LeaderElection273] INFO  impl.LeaderElection (LeaderElection.java:askForVotes(178)) - 018b3f78-d19f-4e26-a796-cb8ddc4f97cf@group-187684C21557-LeaderElection273: begin an election at term 159 for -1: [893cf03e-f2cf-478a-892a-a746717e50e3:192.168.34.56:40750, 8697df36-98d2-41b1-bdc7-60597b3b5526:192.168.34.56:46415, 018b3f78-d19f-4e26-a796-cb8ddc4f97cf:192.168.34.56:35845], old=null
2019-10-18 13:01:50,758 [c124d131-afb9-4343-ad4e-aaebde613043@group-FF4202234884-LeaderElection274] INFO  impl.LeaderElection (LeaderElection.java:askForVotes(178)) - c124d131-afb9-4343-ad4e-aaebde613043@group-FF4202234884-LeaderElection274: begin an election at term 149 for -1: [999343e7-0330-4874-a345-91eca72585e0:192.168.34.56:44872, c124d131-afb9-4343-ad4e-aaebde613043:192.168.34.56:42116, e5bb327f-cdd7-4e49-919e-13a4c895fddf:192.168.34.56:36658], old=null
2019-10-18 13:01:50,759 [c124d131-afb9-4343-ad4e-aaebde613043@group-FF4202234884-LeaderElection274] INFO  impl.LeaderElection (LogUtils.java:infoOrTrace(149)) - c124d131-afb9-4343-ad4e-aaebde613043@group-FF4202234884-LeaderElection274 got exception when requesting votes: {}
java.util.concurrent.ExecutionException: org.apache.ratis.thirdparty.io.grpc.StatusRuntimeException: UNAVAILABLE: io exception
	at java.util.concurrent.FutureTask.report(FutureTask.java:122)
	at java.util.concurrent.FutureTask.get(FutureTask.java:192)
	at org.apache.ratis.server.impl.LeaderElection.waitForResults(LeaderElection.java:259)
	at org.apache.ratis.server.impl.LeaderElection.askForVotes(LeaderElection.java:197)
	at org.apache.ratis.server.impl.LeaderElection.run(LeaderElection.java:133)
	at java.lang.Thread.run(Thread.java:748)
Caused by: org.apache.ratis.thirdparty.io.grpc.StatusRuntimeException: UNAVAILABLE: io exception
	at org.apache.ratis.thirdparty.io.grpc.stub.ClientCalls.toStatusRuntimeException(ClientCalls.java:233)
	at org.apache.ratis.thirdparty.io.grpc.stub.ClientCalls.getUnchecked(ClientCalls.java:214)
	at org.apache.ratis.thirdparty.io.grpc.stub.ClientCalls.blockingUnaryCall(ClientCalls.java:139)
	at org.apache.ratis.proto.grpc.RaftServerProtocolServiceGrpc$RaftServerProtocolServiceBlockingStub.requestVote(RaftServerProtocolServiceGrpc.java:265)
	at org.apache.ratis.grpc.server.GrpcServerProtocolClient.requestVote(GrpcServerProtocolClient.java:99)
	at org.apache.ratis.grpc.server.GrpcService.requestVote(GrpcService.java:204)
	at org.apache.ratis.server.impl.LeaderElection.lambda$submitRequests$1(LeaderElection.java:234)
	at java.util.concurrent.FutureTask.run(FutureTask.java:266)
	at java.util.concurrent.Executors$RunnableAdapter.call(Executors.java:511)
	at java.util.concurrent.FutureTask.run(FutureTask.java:266)
	at java.util.concurrent.ThreadPoolExecutor.runWorker(ThreadPoolExecutor.java:1149)
	at java.util.concurrent.ThreadPoolExecutor$Worker.run(ThreadPoolExecutor.java:624)
	... 1 more
Caused by: org.apache.ratis.thirdparty.io.netty.channel.AbstractChannel$AnnotatedConnectException: Connection refused: /192.168.34.56:44872
	at sun.nio.ch.SocketChannelImpl.checkConnect(Native Method)
	at sun.nio.ch.SocketChannelImpl.finishConnect(SocketChannelImpl.java:717)
	at org.apache.ratis.thirdparty.io.netty.channel.socket.nio.NioSocketChannel.doFinishConnect(NioSocketChannel.java:327)
	at org.apache.ratis.thirdparty.io.netty.channel.nio.AbstractNioChannel$AbstractNioUnsafe.finishConnect(AbstractNioChannel.java:340)
	at org.apache.ratis.thirdparty.io.netty.channel.nio.NioEventLoop.processSelectedKey(NioEventLoop.java:632)
	at org.apache.ratis.thirdparty.io.netty.channel.nio.NioEventLoop.processSelectedKeysOptimized(NioEventLoop.java:579)
	at org.apache.ratis.thirdparty.io.netty.channel.nio.NioEventLoop.processSelectedKeys(NioEventLoop.java:496)
	at org.apache.ratis.thirdparty.io.netty.channel.nio.NioEventLoop.run(NioEventLoop.java:458)
	at org.apache.ratis.thirdparty.io.netty.util.concurrent.SingleThreadEventExecutor$5.run(SingleThreadEventExecutor.java:897)
	at org.apache.ratis.thirdparty.io.netty.util.concurrent.FastThreadLocalRunnable.run(FastThreadLocalRunnable.java:30)
	... 1 more
Caused by: java.net.ConnectException: Connection refused
	... 11 more
2019-10-18 13:01:50,761 [c124d131-afb9-4343-ad4e-aaebde613043@group-FF4202234884-LeaderElection274] INFO  impl.LeaderElection (LogUtils.java:infoOrTrace(149)) - c124d131-afb9-4343-ad4e-aaebde613043@group-FF4202234884-LeaderElection274 got exception when requesting votes: {}
java.util.concurrent.ExecutionException: org.apache.ratis.thirdparty.io.grpc.StatusRuntimeException: UNAVAILABLE: io exception
	at java.util.concurrent.FutureTask.report(FutureTask.java:122)
	at java.util.concurrent.FutureTask.get(FutureTask.java:192)
	at org.apache.ratis.server.impl.LeaderElection.waitForResults(LeaderElection.java:259)
	at org.apache.ratis.server.impl.LeaderElection.askForVotes(LeaderElection.java:197)
	at org.apache.ratis.server.impl.LeaderElection.run(LeaderElection.java:133)
	at java.lang.Thread.run(Thread.java:748)
Caused by: org.apache.ratis.thirdparty.io.grpc.StatusRuntimeException: UNAVAILABLE: io exception
	at org.apache.ratis.thirdparty.io.grpc.stub.ClientCalls.toStatusRuntimeException(ClientCalls.java:233)
	at org.apache.ratis.thirdparty.io.grpc.stub.ClientCalls.getUnchecked(ClientCalls.java:214)
	at org.apache.ratis.thirdparty.io.grpc.stub.ClientCalls.blockingUnaryCall(ClientCalls.java:139)
	at org.apache.ratis.proto.grpc.RaftServerProtocolServiceGrpc$RaftServerProtocolServiceBlockingStub.requestVote(RaftServerProtocolServiceGrpc.java:265)
	at org.apache.ratis.grpc.server.GrpcServerProtocolClient.requestVote(GrpcServerProtocolClient.java:99)
	at org.apache.ratis.grpc.server.GrpcService.requestVote(GrpcService.java:204)
	at org.apache.ratis.server.impl.LeaderElection.lambda$submitRequests$1(LeaderElection.java:234)
	at java.util.concurrent.FutureTask.run(FutureTask.java:266)
	at java.util.concurrent.Executors$RunnableAdapter.call(Executors.java:511)
	at java.util.concurrent.FutureTask.run(FutureTask.java:266)
	at java.util.concurrent.ThreadPoolExecutor.runWorker(ThreadPoolExecutor.java:1149)
	at java.util.concurrent.ThreadPoolExecutor$Worker.run(ThreadPoolExecutor.java:624)
	... 1 more
Caused by: org.apache.ratis.thirdparty.io.netty.channel.AbstractChannel$AnnotatedConnectException: Connection refused: /192.168.34.56:36658
	at sun.nio.ch.SocketChannelImpl.checkConnect(Native Method)
	at sun.nio.ch.SocketChannelImpl.finishConnect(SocketChannelImpl.java:717)
	at org.apache.ratis.thirdparty.io.netty.channel.socket.nio.NioSocketChannel.doFinishConnect(NioSocketChannel.java:327)
	at org.apache.ratis.thirdparty.io.netty.channel.nio.AbstractNioChannel$AbstractNioUnsafe.finishConnect(AbstractNioChannel.java:340)
	at org.apache.ratis.thirdparty.io.netty.channel.nio.NioEventLoop.processSelectedKey(NioEventLoop.java:632)
	at org.apache.ratis.thirdparty.io.netty.channel.nio.NioEventLoop.processSelectedKeysOptimized(NioEventLoop.java:579)
	at org.apache.ratis.thirdparty.io.netty.channel.nio.NioEventLoop.processSelectedKeys(NioEventLoop.java:496)
	at org.apache.ratis.thirdparty.io.netty.channel.nio.NioEventLoop.run(NioEventLoop.java:458)
	at org.apache.ratis.thirdparty.io.netty.util.concurrent.SingleThreadEventExecutor$5.run(SingleThreadEventExecutor.java:897)
	at org.apache.ratis.thirdparty.io.netty.util.concurrent.FastThreadLocalRunnable.run(FastThreadLocalRunnable.java:30)
	... 1 more
Caused by: java.net.ConnectException: Connection refused
	... 11 more
2019-10-18 13:01:50,762 [grpc-default-executor-2] INFO  impl.RaftServerImpl (RaftServerImpl.java:setRole(184)) - 893cf03e-f2cf-478a-892a-a746717e50e3@group-187684C21557: changes role from  FOLLOWER to FOLLOWER at term 159 for recognizeCandidate:018b3f78-d19f-4e26-a796-cb8ddc4f97cf
2019-10-18 13:01:50,762 [grpc-default-executor-7] INFO  impl.RaftServerImpl (RaftServerImpl.java:setRole(184)) - 8697df36-98d2-41b1-bdc7-60597b3b5526@group-187684C21557: changes role from  FOLLOWER to FOLLOWER at term 159 for recognizeCandidate:018b3f78-d19f-4e26-a796-cb8ddc4f97cf
2019-10-18 13:01:50,773 [grpc-default-executor-2] INFO  impl.RoleInfo (RoleInfo.java:shutdownFollowerState(121)) - 893cf03e-f2cf-478a-892a-a746717e50e3: shutdown FollowerState
2019-10-18 13:01:50,773 [c124d131-afb9-4343-ad4e-aaebde613043@group-FF4202234884-LeaderElection274] INFO  impl.LeaderElection (LeaderElection.java:logAndReturn(56)) - c124d131-afb9-4343-ad4e-aaebde613043@group-FF4202234884-LeaderElection274: Election REJECTED; received 0 response(s) [] and 2 exception(s); c124d131-afb9-4343-ad4e-aaebde613043@group-FF4202234884:t149, leader=null, voted=c124d131-afb9-4343-ad4e-aaebde613043, raftlog=c124d131-afb9-4343-ad4e-aaebde613043@group-FF4202234884-SegmentedRaftLog:OPENED:c-1,f-1,i0, conf=-1: [999343e7-0330-4874-a345-91eca72585e0:192.168.34.56:44872, c124d131-afb9-4343-ad4e-aaebde613043:192.168.34.56:42116, e5bb327f-cdd7-4e49-919e-13a4c895fddf:192.168.34.56:36658], old=null
2019-10-18 13:01:50,774 [Thread-2385] INFO  impl.FollowerState (FollowerState.java:run(117)) - 893cf03e-f2cf-478a-892a-a746717e50e3@group-187684C21557-FollowerState was interrupted: java.lang.InterruptedException: sleep interrupted
2019-10-18 13:01:50,774 [grpc-default-executor-2] INFO  impl.RoleInfo (RoleInfo.java:updateAndGet(143)) - 893cf03e-f2cf-478a-892a-a746717e50e3: start FollowerState
2019-10-18 13:01:50,774 [grpc-default-executor-7] INFO  impl.RoleInfo (RoleInfo.java:shutdownFollowerState(121)) - 8697df36-98d2-41b1-bdc7-60597b3b5526: shutdown FollowerState
2019-10-18 13:01:50,774 [c124d131-afb9-4343-ad4e-aaebde613043@group-FF4202234884-LeaderElection274] INFO  impl.LeaderElection (LogUtils.java:infoOrTrace(149)) -   Exception 0: {}
java.util.concurrent.ExecutionException: org.apache.ratis.thirdparty.io.grpc.StatusRuntimeException: UNAVAILABLE: io exception
	at java.util.concurrent.FutureTask.report(FutureTask.java:122)
	at java.util.concurrent.FutureTask.get(FutureTask.java:192)
	at org.apache.ratis.server.impl.LeaderElection.waitForResults(LeaderElection.java:259)
	at org.apache.ratis.server.impl.LeaderElection.askForVotes(LeaderElection.java:197)
	at org.apache.ratis.server.impl.LeaderElection.run(LeaderElection.java:133)
	at java.lang.Thread.run(Thread.java:748)
Caused by: org.apache.ratis.thirdparty.io.grpc.StatusRuntimeException: UNAVAILABLE: io exception
	at org.apache.ratis.thirdparty.io.grpc.stub.ClientCalls.toStatusRuntimeException(ClientCalls.java:233)
	at org.apache.ratis.thirdparty.io.grpc.stub.ClientCalls.getUnchecked(ClientCalls.java:214)
	at org.apache.ratis.thirdparty.io.grpc.stub.ClientCalls.blockingUnaryCall(ClientCalls.java:139)
	at org.apache.ratis.proto.grpc.RaftServerProtocolServiceGrpc$RaftServerProtocolServiceBlockingStub.requestVote(RaftServerProtocolServiceGrpc.java:265)
	at org.apache.ratis.grpc.server.GrpcServerProtocolClient.requestVote(GrpcServerProtocolClient.java:99)
	at org.apache.ratis.grpc.server.GrpcService.requestVote(GrpcService.java:204)
	at org.apache.ratis.server.impl.LeaderElection.lambda$submitRequests$1(LeaderElection.java:234)
	at java.util.concurrent.FutureTask.run(FutureTask.java:266)
	at java.util.concurrent.Executors$RunnableAdapter.call(Executors.java:511)
	at java.util.concurrent.FutureTask.run(FutureTask.java:266)
	at java.util.concurrent.ThreadPoolExecutor.runWorker(ThreadPoolExecutor.java:1149)
	at java.util.concurrent.ThreadPoolExecutor$Worker.run(ThreadPoolExecutor.java:624)
	... 1 more
Caused by: org.apache.ratis.thirdparty.io.netty.channel.AbstractChannel$AnnotatedConnectException: Connection refused: /192.168.34.56:44872
	at sun.nio.ch.SocketChannelImpl.checkConnect(Native Method)
	at sun.nio.ch.SocketChannelImpl.finishConnect(SocketChannelImpl.java:717)
	at org.apache.ratis.thirdparty.io.netty.channel.socket.nio.NioSocketChannel.doFinishConnect(NioSocketChannel.java:327)
	at org.apache.ratis.thirdparty.io.netty.channel.nio.AbstractNioChannel$AbstractNioUnsafe.finishConnect(AbstractNioChannel.java:340)
	at org.apache.ratis.thirdparty.io.netty.channel.nio.NioEventLoop.processSelectedKey(NioEventLoop.java:632)
	at org.apache.ratis.thirdparty.io.netty.channel.nio.NioEventLoop.processSelectedKeysOptimized(NioEventLoop.java:579)
	at org.apache.ratis.thirdparty.io.netty.channel.nio.NioEventLoop.processSelectedKeys(NioEventLoop.java:496)
	at org.apache.ratis.thirdparty.io.netty.channel.nio.NioEventLoop.run(NioEventLoop.java:458)
	at org.apache.ratis.thirdparty.io.netty.util.concurrent.SingleThreadEventExecutor$5.run(SingleThreadEventExecutor.java:897)
	at org.apache.ratis.thirdparty.io.netty.util.concurrent.FastThreadLocalRunnable.run(FastThreadLocalRunnable.java:30)
	... 1 more
Caused by: java.net.ConnectException: Connection refused
	... 11 more
2019-10-18 13:01:50,774 [grpc-default-executor-7] INFO  impl.RoleInfo (RoleInfo.java:updateAndGet(143)) - 8697df36-98d2-41b1-bdc7-60597b3b5526: start FollowerState
2019-10-18 13:01:50,774 [Thread-2386] INFO  impl.FollowerState (FollowerState.java:run(117)) - 8697df36-98d2-41b1-bdc7-60597b3b5526@group-187684C21557-FollowerState was interrupted: java.lang.InterruptedException: sleep interrupted
2019-10-18 13:01:50,774 [c124d131-afb9-4343-ad4e-aaebde613043@group-FF4202234884-LeaderElection274] INFO  impl.LeaderElection (LogUtils.java:infoOrTrace(149)) -   Exception 1: {}
java.util.concurrent.ExecutionException: org.apache.ratis.thirdparty.io.grpc.StatusRuntimeException: UNAVAILABLE: io exception
	at java.util.concurrent.FutureTask.report(FutureTask.java:122)
	at java.util.concurrent.FutureTask.get(FutureTask.java:192)
	at org.apache.ratis.server.impl.LeaderElection.waitForResults(LeaderElection.java:259)
	at org.apache.ratis.server.impl.LeaderElection.askForVotes(LeaderElection.java:197)
	at org.apache.ratis.server.impl.LeaderElection.run(LeaderElection.java:133)
	at java.lang.Thread.run(Thread.java:748)
Caused by: org.apache.ratis.thirdparty.io.grpc.StatusRuntimeException: UNAVAILABLE: io exception
	at org.apache.ratis.thirdparty.io.grpc.stub.ClientCalls.toStatusRuntimeException(ClientCalls.java:233)
	at org.apache.ratis.thirdparty.io.grpc.stub.ClientCalls.getUnchecked(ClientCalls.java:214)
	at org.apache.ratis.thirdparty.io.grpc.stub.ClientCalls.blockingUnaryCall(ClientCalls.java:139)
	at org.apache.ratis.proto.grpc.RaftServerProtocolServiceGrpc$RaftServerProtocolServiceBlockingStub.requestVote(RaftServerProtocolServiceGrpc.java:265)
	at org.apache.ratis.grpc.server.GrpcServerProtocolClient.requestVote(GrpcServerProtocolClient.java:99)
	at org.apache.ratis.grpc.server.GrpcService.requestVote(GrpcService.java:204)
	at org.apache.ratis.server.impl.LeaderElection.lambda$submitRequests$1(LeaderElection.java:234)
	at java.util.concurrent.FutureTask.run(FutureTask.java:266)
	at java.util.concurrent.Executors$RunnableAdapter.call(Executors.java:511)
	at java.util.concurrent.FutureTask.run(FutureTask.java:266)
	at java.util.concurrent.ThreadPoolExecutor.runWorker(ThreadPoolExecutor.java:1149)
	at java.util.concurrent.ThreadPoolExecutor$Worker.run(ThreadPoolExecutor.java:624)
	... 1 more
Caused by: org.apache.ratis.thirdparty.io.netty.channel.AbstractChannel$AnnotatedConnectException: Connection refused: /192.168.34.56:36658
	at sun.nio.ch.SocketChannelImpl.checkConnect(Native Method)
	at sun.nio.ch.SocketChannelImpl.finishConnect(SocketChannelImpl.java:717)
	at org.apache.ratis.thirdparty.io.netty.channel.socket.nio.NioSocketChannel.doFinishConnect(NioSocketChannel.java:327)
	at org.apache.ratis.thirdparty.io.netty.channel.nio.AbstractNioChannel$AbstractNioUnsafe.finishConnect(AbstractNioChannel.java:340)
	at org.apache.ratis.thirdparty.io.netty.channel.nio.NioEventLoop.processSelectedKey(NioEventLoop.java:632)
	at org.apache.ratis.thirdparty.io.netty.channel.nio.NioEventLoop.processSelectedKeysOptimized(NioEventLoop.java:579)
	at org.apache.ratis.thirdparty.io.netty.channel.nio.NioEventLoop.processSelectedKeys(NioEventLoop.java:496)
	at org.apache.ratis.thirdparty.io.netty.channel.nio.NioEventLoop.run(NioEventLoop.java:458)
	at org.apache.ratis.thirdparty.io.netty.util.concurrent.SingleThreadEventExecutor$5.run(SingleThreadEventExecutor.java:897)
	at org.apache.ratis.thirdparty.io.netty.util.concurrent.FastThreadLocalRunnable.run(FastThreadLocalRunnable.java:30)
	... 1 more
Caused by: java.net.ConnectException: Connection refused
	... 11 more
2019-10-18 13:01:50,775 [c124d131-afb9-4343-ad4e-aaebde613043@group-FF4202234884-LeaderElection274] INFO  impl.RaftServerImpl (RaftServerImpl.java:setRole(184)) - c124d131-afb9-4343-ad4e-aaebde613043@group-FF4202234884: changes role from CANDIDATE to FOLLOWER at term 149 for DISCOVERED_A_NEW_TERM
2019-10-18 13:01:50,775 [c124d131-afb9-4343-ad4e-aaebde613043@group-FF4202234884-LeaderElection274] INFO  impl.RoleInfo (RoleInfo.java:shutdownLeaderElection(134)) - c124d131-afb9-4343-ad4e-aaebde613043: shutdown LeaderElection
2019-10-18 13:01:50,775 [c124d131-afb9-4343-ad4e-aaebde613043@group-FF4202234884-LeaderElection274] INFO  impl.RoleInfo (RoleInfo.java:updateAndGet(143)) - c124d131-afb9-4343-ad4e-aaebde613043: start FollowerState
2019-10-18 13:01:50,791 [018b3f78-d19f-4e26-a796-cb8ddc4f97cf@group-187684C21557-LeaderElection273] INFO  impl.LeaderElection (LeaderElection.java:logAndReturn(56)) - 018b3f78-d19f-4e26-a796-cb8ddc4f97cf@group-187684C21557-LeaderElection273: Election REJECTED; received 2 response(s) [018b3f78-d19f-4e26-a796-cb8ddc4f97cf<-893cf03e-f2cf-478a-892a-a746717e50e3#0:FAIL-t159, 018b3f78-d19f-4e26-a796-cb8ddc4f97cf<-8697df36-98d2-41b1-bdc7-60597b3b5526#0:FAIL-t159] and 0 exception(s); 018b3f78-d19f-4e26-a796-cb8ddc4f97cf@group-187684C21557:t159, leader=null, voted=018b3f78-d19f-4e26-a796-cb8ddc4f97cf, raftlog=018b3f78-d19f-4e26-a796-cb8ddc4f97cf@group-187684C21557-SegmentedRaftLog:OPENED:c-1,f-1,i0, conf=-1: [893cf03e-f2cf-478a-892a-a746717e50e3:192.168.34.56:40750, 8697df36-98d2-41b1-bdc7-60597b3b5526:192.168.34.56:46415, 018b3f78-d19f-4e26-a796-cb8ddc4f97cf:192.168.34.56:35845], old=null
2019-10-18 13:01:50,791 [018b3f78-d19f-4e26-a796-cb8ddc4f97cf@group-187684C21557-LeaderElection273] INFO  impl.RaftServerImpl (RaftServerImpl.java:setRole(184)) - 018b3f78-d19f-4e26-a796-cb8ddc4f97cf@group-187684C21557: changes role from CANDIDATE to FOLLOWER at term 159 for DISCOVERED_A_NEW_TERM
2019-10-18 13:01:50,791 [018b3f78-d19f-4e26-a796-cb8ddc4f97cf@group-187684C21557-LeaderElection273] INFO  impl.RoleInfo (RoleInfo.java:shutdownLeaderElection(134)) - 018b3f78-d19f-4e26-a796-cb8ddc4f97cf: shutdown LeaderElection
2019-10-18 13:01:50,791 [018b3f78-d19f-4e26-a796-cb8ddc4f97cf@group-187684C21557-LeaderElection273] INFO  impl.RoleInfo (RoleInfo.java:updateAndGet(143)) - 018b3f78-d19f-4e26-a796-cb8ddc4f97cf: start FollowerState
2019-10-18 13:01:50,834 [Thread-2394] INFO  impl.FollowerState (FollowerState.java:run(108)) - 018b3f78-d19f-4e26-a796-cb8ddc4f97cf@group-187684C21557-FollowerState: change to CANDIDATE, lastRpcTime:42ms, electionTimeout:42ms
2019-10-18 13:01:50,834 [Thread-2394] INFO  impl.RoleInfo (RoleInfo.java:shutdownFollowerState(121)) - 018b3f78-d19f-4e26-a796-cb8ddc4f97cf: shutdown FollowerState
2019-10-18 13:01:50,834 [Thread-2394] INFO  impl.RaftServerImpl (RaftServerImpl.java:setRole(184)) - 018b3f78-d19f-4e26-a796-cb8ddc4f97cf@group-187684C21557: changes role from  FOLLOWER to CANDIDATE at term 159 for changeToCandidate
2019-10-18 13:01:50,834 [Thread-2394] INFO  impl.RoleInfo (RoleInfo.java:updateAndGet(143)) - 018b3f78-d19f-4e26-a796-cb8ddc4f97cf: start LeaderElection
2019-10-18 13:01:50,854 [018b3f78-d19f-4e26-a796-cb8ddc4f97cf@group-187684C21557-LeaderElection275] INFO  impl.LeaderElection (LeaderElection.java:askForVotes(178)) - 018b3f78-d19f-4e26-a796-cb8ddc4f97cf@group-187684C21557-LeaderElection275: begin an election at term 160 for -1: [893cf03e-f2cf-478a-892a-a746717e50e3:192.168.34.56:40750, 8697df36-98d2-41b1-bdc7-60597b3b5526:192.168.34.56:46415, 018b3f78-d19f-4e26-a796-cb8ddc4f97cf:192.168.34.56:35845], old=null
2019-10-18 13:01:50,855 [grpc-default-executor-2] INFO  impl.RaftServerImpl (RaftServerImpl.java:setRole(184)) - 893cf03e-f2cf-478a-892a-a746717e50e3@group-187684C21557: changes role from  FOLLOWER to FOLLOWER at term 160 for recognizeCandidate:018b3f78-d19f-4e26-a796-cb8ddc4f97cf
2019-10-18 13:01:50,855 [grpc-default-executor-2] INFO  impl.RoleInfo (RoleInfo.java:shutdownFollowerState(121)) - 893cf03e-f2cf-478a-892a-a746717e50e3: shutdown FollowerState
2019-10-18 13:01:50,855 [grpc-default-executor-7] INFO  impl.RaftServerImpl (RaftServerImpl.java:setRole(184)) - 8697df36-98d2-41b1-bdc7-60597b3b5526@group-187684C21557: changes role from  FOLLOWER to FOLLOWER at term 160 for recognizeCandidate:018b3f78-d19f-4e26-a796-cb8ddc4f97cf
2019-10-18 13:01:50,855 [Thread-2391] INFO  impl.FollowerState (FollowerState.java:run(117)) - 893cf03e-f2cf-478a-892a-a746717e50e3@group-187684C21557-FollowerState was interrupted: java.lang.InterruptedException: sleep interrupted
2019-10-18 13:01:50,855 [grpc-default-executor-2] INFO  impl.RoleInfo (RoleInfo.java:updateAndGet(143)) - 893cf03e-f2cf-478a-892a-a746717e50e3: start FollowerState
2019-10-18 13:01:50,856 [grpc-default-executor-7] INFO  impl.RoleInfo (RoleInfo.java:shutdownFollowerState(121)) - 8697df36-98d2-41b1-bdc7-60597b3b5526: shutdown FollowerState
2019-10-18 13:01:50,856 [grpc-default-executor-7] INFO  impl.RoleInfo (RoleInfo.java:updateAndGet(143)) - 8697df36-98d2-41b1-bdc7-60597b3b5526: start FollowerState
2019-10-18 13:01:50,856 [Thread-2392] INFO  impl.FollowerState (FollowerState.java:run(117)) - 8697df36-98d2-41b1-bdc7-60597b3b5526@group-187684C21557-FollowerState was interrupted: java.lang.InterruptedException: sleep interrupted
2019-10-18 13:01:50,880 [018b3f78-d19f-4e26-a796-cb8ddc4f97cf@group-187684C21557-LeaderElection275] INFO  impl.LeaderElection (LeaderElection.java:logAndReturn(56)) - 018b3f78-d19f-4e26-a796-cb8ddc4f97cf@group-187684C21557-LeaderElection275: Election REJECTED; received 2 response(s) [018b3f78-d19f-4e26-a796-cb8ddc4f97cf<-893cf03e-f2cf-478a-892a-a746717e50e3#0:FAIL-t160, 018b3f78-d19f-4e26-a796-cb8ddc4f97cf<-8697df36-98d2-41b1-bdc7-60597b3b5526#0:FAIL-t160] and 0 exception(s); 018b3f78-d19f-4e26-a796-cb8ddc4f97cf@group-187684C21557:t160, leader=null, voted=018b3f78-d19f-4e26-a796-cb8ddc4f97cf, raftlog=018b3f78-d19f-4e26-a796-cb8ddc4f97cf@group-187684C21557-SegmentedRaftLog:OPENED:c-1,f-1,i0, conf=-1: [893cf03e-f2cf-478a-892a-a746717e50e3:192.168.34.56:40750, 8697df36-98d2-41b1-bdc7-60597b3b5526:192.168.34.56:46415, 018b3f78-d19f-4e26-a796-cb8ddc4f97cf:192.168.34.56:35845], old=null
2019-10-18 13:01:50,880 [018b3f78-d19f-4e26-a796-cb8ddc4f97cf@group-187684C21557-LeaderElection275] INFO  impl.RaftServerImpl (RaftServerImpl.java:setRole(184)) - 018b3f78-d19f-4e26-a796-cb8ddc4f97cf@group-187684C21557: changes role from CANDIDATE to FOLLOWER at term 160 for DISCOVERED_A_NEW_TERM
2019-10-18 13:01:50,880 [018b3f78-d19f-4e26-a796-cb8ddc4f97cf@group-187684C21557-LeaderElection275] INFO  impl.RoleInfo (RoleInfo.java:shutdownLeaderElection(134)) - 018b3f78-d19f-4e26-a796-cb8ddc4f97cf: shutdown LeaderElection
2019-10-18 13:01:50,880 [018b3f78-d19f-4e26-a796-cb8ddc4f97cf@group-187684C21557-LeaderElection275] INFO  impl.RoleInfo (RoleInfo.java:updateAndGet(143)) - 018b3f78-d19f-4e26-a796-cb8ddc4f97cf: start FollowerState
2019-10-18 13:01:50,949 [Thread-2400] INFO  impl.FollowerState (FollowerState.java:run(108)) - 018b3f78-d19f-4e26-a796-cb8ddc4f97cf@group-187684C21557-FollowerState: change to CANDIDATE, lastRpcTime:68ms, electionTimeout:68ms
2019-10-18 13:01:50,949 [Thread-2400] INFO  impl.RoleInfo (RoleInfo.java:shutdownFollowerState(121)) - 018b3f78-d19f-4e26-a796-cb8ddc4f97cf: shutdown FollowerState
2019-10-18 13:01:50,949 [Thread-2400] INFO  impl.RaftServerImpl (RaftServerImpl.java:setRole(184)) - 018b3f78-d19f-4e26-a796-cb8ddc4f97cf@group-187684C21557: changes role from  FOLLOWER to CANDIDATE at term 160 for changeToCandidate
2019-10-18 13:01:50,949 [Thread-2400] INFO  impl.RoleInfo (RoleInfo.java:updateAndGet(143)) - 018b3f78-d19f-4e26-a796-cb8ddc4f97cf: start LeaderElection
2019-10-18 13:01:50,953 [Thread-2393] INFO  impl.FollowerState (FollowerState.java:run(108)) - c124d131-afb9-4343-ad4e-aaebde613043@group-FF4202234884-FollowerState: change to CANDIDATE, lastRpcTime:178ms, electionTimeout:178ms
2019-10-18 13:01:50,953 [Thread-2393] INFO  impl.RoleInfo (RoleInfo.java:shutdownFollowerState(121)) - c124d131-afb9-4343-ad4e-aaebde613043: shutdown FollowerState
2019-10-18 13:01:50,953 [Thread-2393] INFO  impl.RaftServerImpl (RaftServerImpl.java:setRole(184)) - c124d131-afb9-4343-ad4e-aaebde613043@group-FF4202234884: changes role from  FOLLOWER to CANDIDATE at term 149 for changeToCandidate
2019-10-18 13:01:50,954 [Thread-2393] INFO  impl.RoleInfo (RoleInfo.java:updateAndGet(143)) - c124d131-afb9-4343-ad4e-aaebde613043: start LeaderElection
2019-10-18 13:01:50,973 [c124d131-afb9-4343-ad4e-aaebde613043@group-FF4202234884-LeaderElection277] INFO  impl.LeaderElection (LeaderElection.java:askForVotes(178)) - c124d131-afb9-4343-ad4e-aaebde613043@group-FF4202234884-LeaderElection277: begin an election at term 150 for -1: [999343e7-0330-4874-a345-91eca72585e0:192.168.34.56:44872, c124d131-afb9-4343-ad4e-aaebde613043:192.168.34.56:42116, e5bb327f-cdd7-4e49-919e-13a4c895fddf:192.168.34.56:36658], old=null
2019-10-18 13:01:50,973 [018b3f78-d19f-4e26-a796-cb8ddc4f97cf@group-187684C21557-LeaderElection276] INFO  impl.LeaderElection (LeaderElection.java:askForVotes(178)) - 018b3f78-d19f-4e26-a796-cb8ddc4f97cf@group-187684C21557-LeaderElection276: begin an election at term 161 for -1: [893cf03e-f2cf-478a-892a-a746717e50e3:192.168.34.56:40750, 8697df36-98d2-41b1-bdc7-60597b3b5526:192.168.34.56:46415, 018b3f78-d19f-4e26-a796-cb8ddc4f97cf:192.168.34.56:35845], old=null
2019-10-18 13:01:50,974 [c124d131-afb9-4343-ad4e-aaebde613043@group-FF4202234884-LeaderElection277] INFO  impl.LeaderElection (LogUtils.java:infoOrTrace(149)) - c124d131-afb9-4343-ad4e-aaebde613043@group-FF4202234884-LeaderElection277 got exception when requesting votes: {}
java.util.concurrent.ExecutionException: org.apache.ratis.thirdparty.io.grpc.StatusRuntimeException: UNAVAILABLE: io exception
	at java.util.concurrent.FutureTask.report(FutureTask.java:122)
	at java.util.concurrent.FutureTask.get(FutureTask.java:192)
	at org.apache.ratis.server.impl.LeaderElection.waitForResults(LeaderElection.java:259)
	at org.apache.ratis.server.impl.LeaderElection.askForVotes(LeaderElection.java:197)
	at org.apache.ratis.server.impl.LeaderElection.run(LeaderElection.java:133)
	at java.lang.Thread.run(Thread.java:748)
Caused by: org.apache.ratis.thirdparty.io.grpc.StatusRuntimeException: UNAVAILABLE: io exception
	at org.apache.ratis.thirdparty.io.grpc.stub.ClientCalls.toStatusRuntimeException(ClientCalls.java:233)
	at org.apache.ratis.thirdparty.io.grpc.stub.ClientCalls.getUnchecked(ClientCalls.java:214)
	at org.apache.ratis.thirdparty.io.grpc.stub.ClientCalls.blockingUnaryCall(ClientCalls.java:139)
	at org.apache.ratis.proto.grpc.RaftServerProtocolServiceGrpc$RaftServerProtocolServiceBlockingStub.requestVote(RaftServerProtocolServiceGrpc.java:265)
	at org.apache.ratis.grpc.server.GrpcServerProtocolClient.requestVote(GrpcServerProtocolClient.java:99)
	at org.apache.ratis.grpc.server.GrpcService.requestVote(GrpcService.java:204)
	at org.apache.ratis.server.impl.LeaderElection.lambda$submitRequests$1(LeaderElection.java:234)
	at java.util.concurrent.FutureTask.run(FutureTask.java:266)
	at java.util.concurrent.Executors$RunnableAdapter.call(Executors.java:511)
	at java.util.concurrent.FutureTask.run(FutureTask.java:266)
	at java.util.concurrent.ThreadPoolExecutor.runWorker(ThreadPoolExecutor.java:1149)
	at java.util.concurrent.ThreadPoolExecutor$Worker.run(ThreadPoolExecutor.java:624)
	... 1 more
Caused by: org.apache.ratis.thirdparty.io.netty.channel.AbstractChannel$AnnotatedConnectException: Connection refused: /192.168.34.56:44872
	at sun.nio.ch.SocketChannelImpl.checkConnect(Native Method)
	at sun.nio.ch.SocketChannelImpl.finishConnect(SocketChannelImpl.java:717)
	at org.apache.ratis.thirdparty.io.netty.channel.socket.nio.NioSocketChannel.doFinishConnect(NioSocketChannel.java:327)
	at org.apache.ratis.thirdparty.io.netty.channel.nio.AbstractNioChannel$AbstractNioUnsafe.finishConnect(AbstractNioChannel.java:340)
	at org.apache.ratis.thirdparty.io.netty.channel.nio.NioEventLoop.processSelectedKey(NioEventLoop.java:632)
	at org.apache.ratis.thirdparty.io.netty.channel.nio.NioEventLoop.processSelectedKeysOptimized(NioEventLoop.java:579)
	at org.apache.ratis.thirdparty.io.netty.channel.nio.NioEventLoop.processSelectedKeys(NioEventLoop.java:496)
	at org.apache.ratis.thirdparty.io.netty.channel.nio.NioEventLoop.run(NioEventLoop.java:458)
	at org.apache.ratis.thirdparty.io.netty.util.concurrent.SingleThreadEventExecutor$5.run(SingleThreadEventExecutor.java:897)
	at org.apache.ratis.thirdparty.io.netty.util.concurrent.FastThreadLocalRunnable.run(FastThreadLocalRunnable.java:30)
	... 1 more
Caused by: java.net.ConnectException: Connection refused
	... 11 more
2019-10-18 13:01:50,974 [c124d131-afb9-4343-ad4e-aaebde613043@group-FF4202234884-LeaderElection277] INFO  impl.LeaderElection (LogUtils.java:infoOrTrace(149)) - c124d131-afb9-4343-ad4e-aaebde613043@group-FF4202234884-LeaderElection277 got exception when requesting votes: {}
java.util.concurrent.ExecutionException: org.apache.ratis.thirdparty.io.grpc.StatusRuntimeException: UNAVAILABLE: io exception
	at java.util.concurrent.FutureTask.report(FutureTask.java:122)
	at java.util.concurrent.FutureTask.get(FutureTask.java:192)
	at org.apache.ratis.server.impl.LeaderElection.waitForResults(LeaderElection.java:259)
	at org.apache.ratis.server.impl.LeaderElection.askForVotes(LeaderElection.java:197)
	at org.apache.ratis.server.impl.LeaderElection.run(LeaderElection.java:133)
	at java.lang.Thread.run(Thread.java:748)
Caused by: org.apache.ratis.thirdparty.io.grpc.StatusRuntimeException: UNAVAILABLE: io exception
	at org.apache.ratis.thirdparty.io.grpc.stub.ClientCalls.toStatusRuntimeException(ClientCalls.java:233)
	at org.apache.ratis.thirdparty.io.grpc.stub.ClientCalls.getUnchecked(ClientCalls.java:214)
	at org.apache.ratis.thirdparty.io.grpc.stub.ClientCalls.blockingUnaryCall(ClientCalls.java:139)
	at org.apache.ratis.proto.grpc.RaftServerProtocolServiceGrpc$RaftServerProtocolServiceBlockingStub.requestVote(RaftServerProtocolServiceGrpc.java:265)
	at org.apache.ratis.grpc.server.GrpcServerProtocolClient.requestVote(GrpcServerProtocolClient.java:99)
	at org.apache.ratis.grpc.server.GrpcService.requestVote(GrpcService.java:204)
	at org.apache.ratis.server.impl.LeaderElection.lambda$submitRequests$1(LeaderElection.java:234)
	at java.util.concurrent.FutureTask.run(FutureTask.java:266)
	at java.util.concurrent.Executors$RunnableAdapter.call(Executors.java:511)
	at java.util.concurrent.FutureTask.run(FutureTask.java:266)
	at java.util.concurrent.ThreadPoolExecutor.runWorker(ThreadPoolExecutor.java:1149)
	at java.util.concurrent.ThreadPoolExecutor$Worker.run(ThreadPoolExecutor.java:624)
	... 1 more
Caused by: org.apache.ratis.thirdparty.io.netty.channel.AbstractChannel$AnnotatedConnectException: Connection refused: /192.168.34.56:36658
	at sun.nio.ch.SocketChannelImpl.checkConnect(Native Method)
	at sun.nio.ch.SocketChannelImpl.finishConnect(SocketChannelImpl.java:717)
	at org.apache.ratis.thirdparty.io.netty.channel.socket.nio.NioSocketChannel.doFinishConnect(NioSocketChannel.java:327)
	at org.apache.ratis.thirdparty.io.netty.channel.nio.AbstractNioChannel$AbstractNioUnsafe.finishConnect(AbstractNioChannel.java:340)
	at org.apache.ratis.thirdparty.io.netty.channel.nio.NioEventLoop.processSelectedKey(NioEventLoop.java:632)
	at org.apache.ratis.thirdparty.io.netty.channel.nio.NioEventLoop.processSelectedKeysOptimized(NioEventLoop.java:579)
	at org.apache.ratis.thirdparty.io.netty.channel.nio.NioEventLoop.processSelectedKeys(NioEventLoop.java:496)
	at org.apache.ratis.thirdparty.io.netty.channel.nio.NioEventLoop.run(NioEventLoop.java:458)
	at org.apache.ratis.thirdparty.io.netty.util.concurrent.SingleThreadEventExecutor$5.run(SingleThreadEventExecutor.java:897)
	at org.apache.ratis.thirdparty.io.netty.util.concurrent.FastThreadLocalRunnable.run(FastThreadLocalRunnable.java:30)
	... 1 more
Caused by: java.net.ConnectException: Connection refused
	... 11 more
2019-10-18 13:01:50,975 [c124d131-afb9-4343-ad4e-aaebde613043@group-FF4202234884-LeaderElection277] INFO  impl.LeaderElection (LeaderElection.java:logAndReturn(56)) - c124d131-afb9-4343-ad4e-aaebde613043@group-FF4202234884-LeaderElection277: Election REJECTED; received 0 response(s) [] and 2 exception(s); c124d131-afb9-4343-ad4e-aaebde613043@group-FF4202234884:t150, leader=null, voted=c124d131-afb9-4343-ad4e-aaebde613043, raftlog=c124d131-afb9-4343-ad4e-aaebde613043@group-FF4202234884-SegmentedRaftLog:OPENED:c-1,f-1,i0, conf=-1: [999343e7-0330-4874-a345-91eca72585e0:192.168.34.56:44872, c124d131-afb9-4343-ad4e-aaebde613043:192.168.34.56:42116, e5bb327f-cdd7-4e49-919e-13a4c895fddf:192.168.34.56:36658], old=null
2019-10-18 13:01:50,975 [c124d131-afb9-4343-ad4e-aaebde613043@group-FF4202234884-LeaderElection277] INFO  impl.LeaderElection (LogUtils.java:infoOrTrace(149)) -   Exception 0: {}
java.util.concurrent.ExecutionException: org.apache.ratis.thirdparty.io.grpc.StatusRuntimeException: UNAVAILABLE: io exception
	at java.util.concurrent.FutureTask.report(FutureTask.java:122)
	at java.util.concurrent.FutureTask.get(FutureTask.java:192)
	at org.apache.ratis.server.impl.LeaderElection.waitForResults(LeaderElection.java:259)
	at org.apache.ratis.server.impl.LeaderElection.askForVotes(LeaderElection.java:197)
	at org.apache.ratis.server.impl.LeaderElection.run(LeaderElection.java:133)
	at java.lang.Thread.run(Thread.java:748)
Caused by: org.apache.ratis.thirdparty.io.grpc.StatusRuntimeException: UNAVAILABLE: io exception
	at org.apache.ratis.thirdparty.io.grpc.stub.ClientCalls.toStatusRuntimeException(ClientCalls.java:233)
	at org.apache.ratis.thirdparty.io.grpc.stub.ClientCalls.getUnchecked(ClientCalls.java:214)
	at org.apache.ratis.thirdparty.io.grpc.stub.ClientCalls.blockingUnaryCall(ClientCalls.java:139)
	at org.apache.ratis.proto.grpc.RaftServerProtocolServiceGrpc$RaftServerProtocolServiceBlockingStub.requestVote(RaftServerProtocolServiceGrpc.java:265)
	at org.apache.ratis.grpc.server.GrpcServerProtocolClient.requestVote(GrpcServerProtocolClient.java:99)
	at org.apache.ratis.grpc.server.GrpcService.requestVote(GrpcService.java:204)
	at org.apache.ratis.server.impl.LeaderElection.lambda$submitRequests$1(LeaderElection.java:234)
	at java.util.concurrent.FutureTask.run(FutureTask.java:266)
	at java.util.concurrent.Executors$RunnableAdapter.call(Executors.java:511)
	at java.util.concurrent.FutureTask.run(FutureTask.java:266)
	at java.util.concurrent.ThreadPoolExecutor.runWorker(ThreadPoolExecutor.java:1149)
	at java.util.concurrent.ThreadPoolExecutor$Worker.run(ThreadPoolExecutor.java:624)
	... 1 more
Caused by: org.apache.ratis.thirdparty.io.netty.channel.AbstractChannel$AnnotatedConnectException: Connection refused: /192.168.34.56:44872
	at sun.nio.ch.SocketChannelImpl.checkConnect(Native Method)
	at sun.nio.ch.SocketChannelImpl.finishConnect(SocketChannelImpl.java:717)
	at org.apache.ratis.thirdparty.io.netty.channel.socket.nio.NioSocketChannel.doFinishConnect(NioSocketChannel.java:327)
	at org.apache.ratis.thirdparty.io.netty.channel.nio.AbstractNioChannel$AbstractNioUnsafe.finishConnect(AbstractNioChannel.java:340)
	at org.apache.ratis.thirdparty.io.netty.channel.nio.NioEventLoop.processSelectedKey(NioEventLoop.java:632)
	at org.apache.ratis.thirdparty.io.netty.channel.nio.NioEventLoop.processSelectedKeysOptimized(NioEventLoop.java:579)
	at org.apache.ratis.thirdparty.io.netty.channel.nio.NioEventLoop.processSelectedKeys(NioEventLoop.java:496)
	at org.apache.ratis.thirdparty.io.netty.channel.nio.NioEventLoop.run(NioEventLoop.java:458)
	at org.apache.ratis.thirdparty.io.netty.util.concurrent.SingleThreadEventExecutor$5.run(SingleThreadEventExecutor.java:897)
	at org.apache.ratis.thirdparty.io.netty.util.concurrent.FastThreadLocalRunnable.run(FastThreadLocalRunnable.java:30)
	... 1 more
Caused by: java.net.ConnectException: Connection refused
	... 11 more
2019-10-18 13:01:50,975 [grpc-default-executor-7] INFO  impl.RaftServerImpl (RaftServerImpl.java:setRole(184)) - 893cf03e-f2cf-478a-892a-a746717e50e3@group-187684C21557: changes role from  FOLLOWER to FOLLOWER at term 161 for recognizeCandidate:018b3f78-d19f-4e26-a796-cb8ddc4f97cf
2019-10-18 13:01:50,975 [grpc-default-executor-2] INFO  impl.RaftServerImpl (RaftServerImpl.java:setRole(184)) - 8697df36-98d2-41b1-bdc7-60597b3b5526@group-187684C21557: changes role from  FOLLOWER to FOLLOWER at term 161 for recognizeCandidate:018b3f78-d19f-4e26-a796-cb8ddc4f97cf
2019-10-18 13:01:50,975 [grpc-default-executor-7] INFO  impl.RoleInfo (RoleInfo.java:shutdownFollowerState(121)) - 893cf03e-f2cf-478a-892a-a746717e50e3: shutdown FollowerState
2019-10-18 13:01:50,975 [c124d131-afb9-4343-ad4e-aaebde613043@group-FF4202234884-LeaderElection277] INFO  impl.LeaderElection (LogUtils.java:infoOrTrace(149)) -   Exception 1: {}
java.util.concurrent.ExecutionException: org.apache.ratis.thirdparty.io.grpc.StatusRuntimeException: UNAVAILABLE: io exception
	at java.util.concurrent.FutureTask.report(FutureTask.java:122)
	at java.util.concurrent.FutureTask.get(FutureTask.java:192)
	at org.apache.ratis.server.impl.LeaderElection.waitForResults(LeaderElection.java:259)
	at org.apache.ratis.server.impl.LeaderElection.askForVotes(LeaderElection.java:197)
	at org.apache.ratis.server.impl.LeaderElection.run(LeaderElection.java:133)
	at java.lang.Thread.run(Thread.java:748)
Caused by: org.apache.ratis.thirdparty.io.grpc.StatusRuntimeException: UNAVAILABLE: io exception
	at org.apache.ratis.thirdparty.io.grpc.stub.ClientCalls.toStatusRuntimeException(ClientCalls.java:233)
	at org.apache.ratis.thirdparty.io.grpc.stub.ClientCalls.getUnchecked(ClientCalls.java:214)
	at org.apache.ratis.thirdparty.io.grpc.stub.ClientCalls.blockingUnaryCall(ClientCalls.java:139)
	at org.apache.ratis.proto.grpc.RaftServerProtocolServiceGrpc$RaftServerProtocolServiceBlockingStub.requestVote(RaftServerProtocolServiceGrpc.java:265)
	at org.apache.ratis.grpc.server.GrpcServerProtocolClient.requestVote(GrpcServerProtocolClient.java:99)
	at org.apache.ratis.grpc.server.GrpcService.requestVote(GrpcService.java:204)
	at org.apache.ratis.server.impl.LeaderElection.lambda$submitRequests$1(LeaderElection.java:234)
	at java.util.concurrent.FutureTask.run(FutureTask.java:266)
	at java.util.concurrent.Executors$RunnableAdapter.call(Executors.java:511)
	at java.util.concurrent.FutureTask.run(FutureTask.java:266)
	at java.util.concurrent.ThreadPoolExecutor.runWorker(ThreadPoolExecutor.java:1149)
	at java.util.concurrent.ThreadPoolExecutor$Worker.run(ThreadPoolExecutor.java:624)
	... 1 more
Caused by: org.apache.ratis.thirdparty.io.netty.channel.AbstractChannel$AnnotatedConnectException: Connection refused: /192.168.34.56:36658
	at sun.nio.ch.SocketChannelImpl.checkConnect(Native Method)
	at sun.nio.ch.SocketChannelImpl.finishConnect(SocketChannelImpl.java:717)
	at org.apache.ratis.thirdparty.io.netty.channel.socket.nio.NioSocketChannel.doFinishConnect(NioSocketChannel.java:327)
	at org.apache.ratis.thirdparty.io.netty.channel.nio.AbstractNioChannel$AbstractNioUnsafe.finishConnect(AbstractNioChannel.java:340)
	at org.apache.ratis.thirdparty.io.netty.channel.nio.NioEventLoop.processSelectedKey(NioEventLoop.java:632)
	at org.apache.ratis.thirdparty.io.netty.channel.nio.NioEventLoop.processSelectedKeysOptimized(NioEventLoop.java:579)
	at org.apache.ratis.thirdparty.io.netty.channel.nio.NioEventLoop.processSelectedKeys(NioEventLoop.java:496)
	at org.apache.ratis.thirdparty.io.netty.channel.nio.NioEventLoop.run(NioEventLoop.java:458)
	at org.apache.ratis.thirdparty.io.netty.util.concurrent.SingleThreadEventExecutor$5.run(SingleThreadEventExecutor.java:897)
	at org.apache.ratis.thirdparty.io.netty.util.concurrent.FastThreadLocalRunnable.run(FastThreadLocalRunnable.java:30)
	... 1 more
Caused by: java.net.ConnectException: Connection refused
	... 11 more
2019-10-18 13:01:50,975 [Thread-2398] INFO  impl.FollowerState (FollowerState.java:run(117)) - 893cf03e-f2cf-478a-892a-a746717e50e3@group-187684C21557-FollowerState was interrupted: java.lang.InterruptedException: sleep interrupted
2019-10-18 13:01:50,975 [grpc-default-executor-7] INFO  impl.RoleInfo (RoleInfo.java:updateAndGet(143)) - 893cf03e-f2cf-478a-892a-a746717e50e3: start FollowerState
2019-10-18 13:01:50,975 [grpc-default-executor-2] INFO  impl.RoleInfo (RoleInfo.java:shutdownFollowerState(121)) - 8697df36-98d2-41b1-bdc7-60597b3b5526: shutdown FollowerState
2019-10-18 13:01:50,976 [c124d131-afb9-4343-ad4e-aaebde613043@group-FF4202234884-LeaderElection277] INFO  impl.RaftServerImpl (RaftServerImpl.java:setRole(184)) - c124d131-afb9-4343-ad4e-aaebde613043@group-FF4202234884: changes role from CANDIDATE to FOLLOWER at term 150 for DISCOVERED_A_NEW_TERM
2019-10-18 13:01:50,976 [Thread-2399] INFO  impl.FollowerState (FollowerState.java:run(117)) - 8697df36-98d2-41b1-bdc7-60597b3b5526@group-187684C21557-FollowerState was interrupted: java.lang.InterruptedException: sleep interrupted
2019-10-18 13:01:50,976 [grpc-default-executor-2] INFO  impl.RoleInfo (RoleInfo.java:updateAndGet(143)) - 8697df36-98d2-41b1-bdc7-60597b3b5526: start FollowerState
2019-10-18 13:01:50,976 [c124d131-afb9-4343-ad4e-aaebde613043@group-FF4202234884-LeaderElection277] INFO  impl.RoleInfo (RoleInfo.java:shutdownLeaderElection(134)) - c124d131-afb9-4343-ad4e-aaebde613043: shutdown LeaderElection
2019-10-18 13:01:50,976 [c124d131-afb9-4343-ad4e-aaebde613043@group-FF4202234884-LeaderElection277] INFO  impl.RoleInfo (RoleInfo.java:updateAndGet(143)) - c124d131-afb9-4343-ad4e-aaebde613043: start FollowerState
2019-10-18 13:01:50,991 [018b3f78-d19f-4e26-a796-cb8ddc4f97cf@group-187684C21557-LeaderElection276] INFO  impl.LeaderElection (LeaderElection.java:logAndReturn(56)) - 018b3f78-d19f-4e26-a796-cb8ddc4f97cf@group-187684C21557-LeaderElection276: Election REJECTED; received 2 response(s) [018b3f78-d19f-4e26-a796-cb8ddc4f97cf<-893cf03e-f2cf-478a-892a-a746717e50e3#0:FAIL-t161, 018b3f78-d19f-4e26-a796-cb8ddc4f97cf<-8697df36-98d2-41b1-bdc7-60597b3b5526#0:FAIL-t161] and 0 exception(s); 018b3f78-d19f-4e26-a796-cb8ddc4f97cf@group-187684C21557:t161, leader=null, voted=018b3f78-d19f-4e26-a796-cb8ddc4f97cf, raftlog=018b3f78-d19f-4e26-a796-cb8ddc4f97cf@group-187684C21557-SegmentedRaftLog:OPENED:c-1,f-1,i0, conf=-1: [893cf03e-f2cf-478a-892a-a746717e50e3:192.168.34.56:40750, 8697df36-98d2-41b1-bdc7-60597b3b5526:192.168.34.56:46415, 018b3f78-d19f-4e26-a796-cb8ddc4f97cf:192.168.34.56:35845], old=null
2019-10-18 13:01:50,991 [018b3f78-d19f-4e26-a796-cb8ddc4f97cf@group-187684C21557-LeaderElection276] INFO  impl.RaftServerImpl (RaftServerImpl.java:setRole(184)) - 018b3f78-d19f-4e26-a796-cb8ddc4f97cf@group-187684C21557: changes role from CANDIDATE to FOLLOWER at term 161 for DISCOVERED_A_NEW_TERM
2019-10-18 13:01:50,991 [018b3f78-d19f-4e26-a796-cb8ddc4f97cf@group-187684C21557-LeaderElection276] INFO  impl.RoleInfo (RoleInfo.java:shutdownLeaderElection(134)) - 018b3f78-d19f-4e26-a796-cb8ddc4f97cf: shutdown LeaderElection
2019-10-18 13:01:50,991 [018b3f78-d19f-4e26-a796-cb8ddc4f97cf@group-187684C21557-LeaderElection276] INFO  impl.RoleInfo (RoleInfo.java:updateAndGet(143)) - 018b3f78-d19f-4e26-a796-cb8ddc4f97cf: start FollowerState
2019-10-18 13:01:51,013 [Thread-2409] INFO  impl.FollowerState (FollowerState.java:run(108)) - c124d131-afb9-4343-ad4e-aaebde613043@group-FF4202234884-FollowerState: change to CANDIDATE, lastRpcTime:37ms, electionTimeout:37ms
2019-10-18 13:01:51,014 [Thread-2409] INFO  impl.RoleInfo (RoleInfo.java:shutdownFollowerState(121)) - c124d131-afb9-4343-ad4e-aaebde613043: shutdown FollowerState
2019-10-18 13:01:51,014 [Thread-2409] INFO  impl.RaftServerImpl (RaftServerImpl.java:setRole(184)) - c124d131-afb9-4343-ad4e-aaebde613043@group-FF4202234884: changes role from  FOLLOWER to CANDIDATE at term 150 for changeToCandidate
2019-10-18 13:01:51,014 [Thread-2409] INFO  impl.RoleInfo (RoleInfo.java:updateAndGet(143)) - c124d131-afb9-4343-ad4e-aaebde613043: start LeaderElection
2019-10-18 13:01:51,038 [c124d131-afb9-4343-ad4e-aaebde613043@group-FF4202234884-LeaderElection278] INFO  impl.LeaderElection (LeaderElection.java:askForVotes(178)) - c124d131-afb9-4343-ad4e-aaebde613043@group-FF4202234884-LeaderElection278: begin an election at term 151 for -1: [999343e7-0330-4874-a345-91eca72585e0:192.168.34.56:44872, c124d131-afb9-4343-ad4e-aaebde613043:192.168.34.56:42116, e5bb327f-cdd7-4e49-919e-13a4c895fddf:192.168.34.56:36658], old=null
2019-10-18 13:01:51,039 [c124d131-afb9-4343-ad4e-aaebde613043@group-FF4202234884-LeaderElection278] INFO  impl.LeaderElection (LogUtils.java:infoOrTrace(149)) - c124d131-afb9-4343-ad4e-aaebde613043@group-FF4202234884-LeaderElection278 got exception when requesting votes: {}
java.util.concurrent.ExecutionException: org.apache.ratis.thirdparty.io.grpc.StatusRuntimeException: UNAVAILABLE: io exception
	at java.util.concurrent.FutureTask.report(FutureTask.java:122)
	at java.util.concurrent.FutureTask.get(FutureTask.java:192)
	at org.apache.ratis.server.impl.LeaderElection.waitForResults(LeaderElection.java:259)
	at org.apache.ratis.server.impl.LeaderElection.askForVotes(LeaderElection.java:197)
	at org.apache.ratis.server.impl.LeaderElection.run(LeaderElection.java:133)
	at java.lang.Thread.run(Thread.java:748)
Caused by: org.apache.ratis.thirdparty.io.grpc.StatusRuntimeException: UNAVAILABLE: io exception
	at org.apache.ratis.thirdparty.io.grpc.stub.ClientCalls.toStatusRuntimeException(ClientCalls.java:233)
	at org.apache.ratis.thirdparty.io.grpc.stub.ClientCalls.getUnchecked(ClientCalls.java:214)
	at org.apache.ratis.thirdparty.io.grpc.stub.ClientCalls.blockingUnaryCall(ClientCalls.java:139)
	at org.apache.ratis.proto.grpc.RaftServerProtocolServiceGrpc$RaftServerProtocolServiceBlockingStub.requestVote(RaftServerProtocolServiceGrpc.java:265)
	at org.apache.ratis.grpc.server.GrpcServerProtocolClient.requestVote(GrpcServerProtocolClient.java:99)
	at org.apache.ratis.grpc.server.GrpcService.requestVote(GrpcService.java:204)
	at org.apache.ratis.server.impl.LeaderElection.lambda$submitRequests$1(LeaderElection.java:234)
	at java.util.concurrent.FutureTask.run(FutureTask.java:266)
	at java.util.concurrent.Executors$RunnableAdapter.call(Executors.java:511)
	at java.util.concurrent.FutureTask.run(FutureTask.java:266)
	at java.util.concurrent.ThreadPoolExecutor.runWorker(ThreadPoolExecutor.java:1149)
	at java.util.concurrent.ThreadPoolExecutor$Worker.run(ThreadPoolExecutor.java:624)
	... 1 more
Caused by: org.apache.ratis.thirdparty.io.netty.channel.AbstractChannel$AnnotatedConnectException: Connection refused: /192.168.34.56:36658
	at sun.nio.ch.SocketChannelImpl.checkConnect(Native Method)
	at sun.nio.ch.SocketChannelImpl.finishConnect(SocketChannelImpl.java:717)
	at org.apache.ratis.thirdparty.io.netty.channel.socket.nio.NioSocketChannel.doFinishConnect(NioSocketChannel.java:327)
	at org.apache.ratis.thirdparty.io.netty.channel.nio.AbstractNioChannel$AbstractNioUnsafe.finishConnect(AbstractNioChannel.java:340)
	at org.apache.ratis.thirdparty.io.netty.channel.nio.NioEventLoop.processSelectedKey(NioEventLoop.java:632)
	at org.apache.ratis.thirdparty.io.netty.channel.nio.NioEventLoop.processSelectedKeysOptimized(NioEventLoop.java:579)
	at org.apache.ratis.thirdparty.io.netty.channel.nio.NioEventLoop.processSelectedKeys(NioEventLoop.java:496)
	at org.apache.ratis.thirdparty.io.netty.channel.nio.NioEventLoop.run(NioEventLoop.java:458)
	at org.apache.ratis.thirdparty.io.netty.util.concurrent.SingleThreadEventExecutor$5.run(SingleThreadEventExecutor.java:897)
	at org.apache.ratis.thirdparty.io.netty.util.concurrent.FastThreadLocalRunnable.run(FastThreadLocalRunnable.java:30)
	... 1 more
Caused by: java.net.ConnectException: Connection refused
	... 11 more
2019-10-18 13:01:51,039 [c124d131-afb9-4343-ad4e-aaebde613043@group-FF4202234884-LeaderElection278] INFO  impl.LeaderElection (LogUtils.java:infoOrTrace(149)) - c124d131-afb9-4343-ad4e-aaebde613043@group-FF4202234884-LeaderElection278 got exception when requesting votes: {}
java.util.concurrent.ExecutionException: org.apache.ratis.thirdparty.io.grpc.StatusRuntimeException: UNAVAILABLE: io exception
	at java.util.concurrent.FutureTask.report(FutureTask.java:122)
	at java.util.concurrent.FutureTask.get(FutureTask.java:192)
	at org.apache.ratis.server.impl.LeaderElection.waitForResults(LeaderElection.java:259)
	at org.apache.ratis.server.impl.LeaderElection.askForVotes(LeaderElection.java:197)
	at org.apache.ratis.server.impl.LeaderElection.run(LeaderElection.java:133)
	at java.lang.Thread.run(Thread.java:748)
Caused by: org.apache.ratis.thirdparty.io.grpc.StatusRuntimeException: UNAVAILABLE: io exception
	at org.apache.ratis.thirdparty.io.grpc.stub.ClientCalls.toStatusRuntimeException(ClientCalls.java:233)
	at org.apache.ratis.thirdparty.io.grpc.stub.ClientCalls.getUnchecked(ClientCalls.java:214)
	at org.apache.ratis.thirdparty.io.grpc.stub.ClientCalls.blockingUnaryCall(ClientCalls.java:139)
	at org.apache.ratis.proto.grpc.RaftServerProtocolServiceGrpc$RaftServerProtocolServiceBlockingStub.requestVote(RaftServerProtocolServiceGrpc.java:265)
	at org.apache.ratis.grpc.server.GrpcServerProtocolClient.requestVote(GrpcServerProtocolClient.java:99)
	at org.apache.ratis.grpc.server.GrpcService.requestVote(GrpcService.java:204)
	at org.apache.ratis.server.impl.LeaderElection.lambda$submitRequests$1(LeaderElection.java:234)
	at java.util.concurrent.FutureTask.run(FutureTask.java:266)
	at java.util.concurrent.Executors$RunnableAdapter.call(Executors.java:511)
	at java.util.concurrent.FutureTask.run(FutureTask.java:266)
	at java.util.concurrent.ThreadPoolExecutor.runWorker(ThreadPoolExecutor.java:1149)
	at java.util.concurrent.ThreadPoolExecutor$Worker.run(ThreadPoolExecutor.java:624)
	... 1 more
Caused by: org.apache.ratis.thirdparty.io.netty.channel.AbstractChannel$AnnotatedConnectException: Connection refused: /192.168.34.56:44872
	at sun.nio.ch.SocketChannelImpl.checkConnect(Native Method)
	at sun.nio.ch.SocketChannelImpl.finishConnect(SocketChannelImpl.java:717)
	at org.apache.ratis.thirdparty.io.netty.channel.socket.nio.NioSocketChannel.doFinishConnect(NioSocketChannel.java:327)
	at org.apache.ratis.thirdparty.io.netty.channel.nio.AbstractNioChannel$AbstractNioUnsafe.finishConnect(AbstractNioChannel.java:340)
	at org.apache.ratis.thirdparty.io.netty.channel.nio.NioEventLoop.processSelectedKey(NioEventLoop.java:632)
	at org.apache.ratis.thirdparty.io.netty.channel.nio.NioEventLoop.processSelectedKeysOptimized(NioEventLoop.java:579)
	at org.apache.ratis.thirdparty.io.netty.channel.nio.NioEventLoop.processSelectedKeys(NioEventLoop.java:496)
	at org.apache.ratis.thirdparty.io.netty.channel.nio.NioEventLoop.run(NioEventLoop.java:458)
	at org.apache.ratis.thirdparty.io.netty.util.concurrent.SingleThreadEventExecutor$5.run(SingleThreadEventExecutor.java:897)
	at org.apache.ratis.thirdparty.io.netty.util.concurrent.FastThreadLocalRunnable.run(FastThreadLocalRunnable.java:30)
	... 1 more
Caused by: java.net.ConnectException: Connection refused
	... 11 more
2019-10-18 13:01:51,039 [c124d131-afb9-4343-ad4e-aaebde613043@group-FF4202234884-LeaderElection278] INFO  impl.LeaderElection (LeaderElection.java:logAndReturn(56)) - c124d131-afb9-4343-ad4e-aaebde613043@group-FF4202234884-LeaderElection278: Election REJECTED; received 0 response(s) [] and 2 exception(s); c124d131-afb9-4343-ad4e-aaebde613043@group-FF4202234884:t151, leader=null, voted=c124d131-afb9-4343-ad4e-aaebde613043, raftlog=c124d131-afb9-4343-ad4e-aaebde613043@group-FF4202234884-SegmentedRaftLog:OPENED:c-1,f-1,i0, conf=-1: [999343e7-0330-4874-a345-91eca72585e0:192.168.34.56:44872, c124d131-afb9-4343-ad4e-aaebde613043:192.168.34.56:42116, e5bb327f-cdd7-4e49-919e-13a4c895fddf:192.168.34.56:36658], old=null
2019-10-18 13:01:51,039 [c124d131-afb9-4343-ad4e-aaebde613043@group-FF4202234884-LeaderElection278] INFO  impl.LeaderElection (LogUtils.java:infoOrTrace(149)) -   Exception 0: {}
java.util.concurrent.ExecutionException: org.apache.ratis.thirdparty.io.grpc.StatusRuntimeException: UNAVAILABLE: io exception
	at java.util.concurrent.FutureTask.report(FutureTask.java:122)
	at java.util.concurrent.FutureTask.get(FutureTask.java:192)
	at org.apache.ratis.server.impl.LeaderElection.waitForResults(LeaderElection.java:259)
	at org.apache.ratis.server.impl.LeaderElection.askForVotes(LeaderElection.java:197)
	at org.apache.ratis.server.impl.LeaderElection.run(LeaderElection.java:133)
	at java.lang.Thread.run(Thread.java:748)
Caused by: org.apache.ratis.thirdparty.io.grpc.StatusRuntimeException: UNAVAILABLE: io exception
	at org.apache.ratis.thirdparty.io.grpc.stub.ClientCalls.toStatusRuntimeException(ClientCalls.java:233)
	at org.apache.ratis.thirdparty.io.grpc.stub.ClientCalls.getUnchecked(ClientCalls.java:214)
	at org.apache.ratis.thirdparty.io.grpc.stub.ClientCalls.blockingUnaryCall(ClientCalls.java:139)
	at org.apache.ratis.proto.grpc.RaftServerProtocolServiceGrpc$RaftServerProtocolServiceBlockingStub.requestVote(RaftServerProtocolServiceGrpc.java:265)
	at org.apache.ratis.grpc.server.GrpcServerProtocolClient.requestVote(GrpcServerProtocolClient.java:99)
	at org.apache.ratis.grpc.server.GrpcService.requestVote(GrpcService.java:204)
	at org.apache.ratis.server.impl.LeaderElection.lambda$submitRequests$1(LeaderElection.java:234)
	at java.util.concurrent.FutureTask.run(FutureTask.java:266)
	at java.util.concurrent.Executors$RunnableAdapter.call(Executors.java:511)
	at java.util.concurrent.FutureTask.run(FutureTask.java:266)
	at java.util.concurrent.ThreadPoolExecutor.runWorker(ThreadPoolExecutor.java:1149)
	at java.util.concurrent.ThreadPoolExecutor$Worker.run(ThreadPoolExecutor.java:624)
	... 1 more
Caused by: org.apache.ratis.thirdparty.io.netty.channel.AbstractChannel$AnnotatedConnectException: Connection refused: /192.168.34.56:36658
	at sun.nio.ch.SocketChannelImpl.checkConnect(Native Method)
	at sun.nio.ch.SocketChannelImpl.finishConnect(SocketChannelImpl.java:717)
	at org.apache.ratis.thirdparty.io.netty.channel.socket.nio.NioSocketChannel.doFinishConnect(NioSocketChannel.java:327)
	at org.apache.ratis.thirdparty.io.netty.channel.nio.AbstractNioChannel$AbstractNioUnsafe.finishConnect(AbstractNioChannel.java:340)
	at org.apache.ratis.thirdparty.io.netty.channel.nio.NioEventLoop.processSelectedKey(NioEventLoop.java:632)
	at org.apache.ratis.thirdparty.io.netty.channel.nio.NioEventLoop.processSelectedKeysOptimized(NioEventLoop.java:579)
	at org.apache.ratis.thirdparty.io.netty.channel.nio.NioEventLoop.processSelectedKeys(NioEventLoop.java:496)
	at org.apache.ratis.thirdparty.io.netty.channel.nio.NioEventLoop.run(NioEventLoop.java:458)
	at org.apache.ratis.thirdparty.io.netty.util.concurrent.SingleThreadEventExecutor$5.run(SingleThreadEventExecutor.java:897)
	at org.apache.ratis.thirdparty.io.netty.util.concurrent.FastThreadLocalRunnable.run(FastThreadLocalRunnable.java:30)
	... 1 more
Caused by: java.net.ConnectException: Connection refused
	... 11 more
2019-10-18 13:01:51,039 [c124d131-afb9-4343-ad4e-aaebde613043@group-FF4202234884-LeaderElection278] INFO  impl.LeaderElection (LogUtils.java:infoOrTrace(149)) -   Exception 1: {}
java.util.concurrent.ExecutionException: org.apache.ratis.thirdparty.io.grpc.StatusRuntimeException: UNAVAILABLE: io exception
	at java.util.concurrent.FutureTask.report(FutureTask.java:122)
	at java.util.concurrent.FutureTask.get(FutureTask.java:192)
	at org.apache.ratis.server.impl.LeaderElection.waitForResults(LeaderElection.java:259)
	at org.apache.ratis.server.impl.LeaderElection.askForVotes(LeaderElection.java:197)
	at org.apache.ratis.server.impl.LeaderElection.run(LeaderElection.java:133)
	at java.lang.Thread.run(Thread.java:748)
Caused by: org.apache.ratis.thirdparty.io.grpc.StatusRuntimeException: UNAVAILABLE: io exception
	at org.apache.ratis.thirdparty.io.grpc.stub.ClientCalls.toStatusRuntimeException(ClientCalls.java:233)
	at org.apache.ratis.thirdparty.io.grpc.stub.ClientCalls.getUnchecked(ClientCalls.java:214)
	at org.apache.ratis.thirdparty.io.grpc.stub.ClientCalls.blockingUnaryCall(ClientCalls.java:139)
	at org.apache.ratis.proto.grpc.RaftServerProtocolServiceGrpc$RaftServerProtocolServiceBlockingStub.requestVote(RaftServerProtocolServiceGrpc.java:265)
	at org.apache.ratis.grpc.server.GrpcServerProtocolClient.requestVote(GrpcServerProtocolClient.java:99)
	at org.apache.ratis.grpc.server.GrpcService.requestVote(GrpcService.java:204)
	at org.apache.ratis.server.impl.LeaderElection.lambda$submitRequests$1(LeaderElection.java:234)
	at java.util.concurrent.FutureTask.run(FutureTask.java:266)
	at java.util.concurrent.Executors$RunnableAdapter.call(Executors.java:511)
	at java.util.concurrent.FutureTask.run(FutureTask.java:266)
	at java.util.concurrent.ThreadPoolExecutor.runWorker(ThreadPoolExecutor.java:1149)
	at java.util.concurrent.ThreadPoolExecutor$Worker.run(ThreadPoolExecutor.java:624)
	... 1 more
Caused by: org.apache.ratis.thirdparty.io.netty.channel.AbstractChannel$AnnotatedConnectException: Connection refused: /192.168.34.56:44872
	at sun.nio.ch.SocketChannelImpl.checkConnect(Native Method)
	at sun.nio.ch.SocketChannelImpl.finishConnect(SocketChannelImpl.java:717)
	at org.apache.ratis.thirdparty.io.netty.channel.socket.nio.NioSocketChannel.doFinishConnect(NioSocketChannel.java:327)
	at org.apache.ratis.thirdparty.io.netty.channel.nio.AbstractNioChannel$AbstractNioUnsafe.finishConnect(AbstractNioChannel.java:340)
	at org.apache.ratis.thirdparty.io.netty.channel.nio.NioEventLoop.processSelectedKey(NioEventLoop.java:632)
	at org.apache.ratis.thirdparty.io.netty.channel.nio.NioEventLoop.processSelectedKeysOptimized(NioEventLoop.java:579)
	at org.apache.ratis.thirdparty.io.netty.channel.nio.NioEventLoop.processSelectedKeys(NioEventLoop.java:496)
	at org.apache.ratis.thirdparty.io.netty.channel.nio.NioEventLoop.run(NioEventLoop.java:458)
	at org.apache.ratis.thirdparty.io.netty.util.concurrent.SingleThreadEventExecutor$5.run(SingleThreadEventExecutor.java:897)
	at org.apache.ratis.thirdparty.io.netty.util.concurrent.FastThreadLocalRunnable.run(FastThreadLocalRunnable.java:30)
	... 1 more
Caused by: java.net.ConnectException: Connection refused
	... 11 more
2019-10-18 13:01:51,040 [c124d131-afb9-4343-ad4e-aaebde613043@group-FF4202234884-LeaderElection278] INFO  impl.RaftServerImpl (RaftServerImpl.java:setRole(184)) - c124d131-afb9-4343-ad4e-aaebde613043@group-FF4202234884: changes role from CANDIDATE to FOLLOWER at term 151 for DISCOVERED_A_NEW_TERM
2019-10-18 13:01:51,040 [c124d131-afb9-4343-ad4e-aaebde613043@group-FF4202234884-LeaderElection278] INFO  impl.RoleInfo (RoleInfo.java:shutdownLeaderElection(134)) - c124d131-afb9-4343-ad4e-aaebde613043: shutdown LeaderElection
2019-10-18 13:01:51,040 [c124d131-afb9-4343-ad4e-aaebde613043@group-FF4202234884-LeaderElection278] INFO  impl.RoleInfo (RoleInfo.java:updateAndGet(143)) - c124d131-afb9-4343-ad4e-aaebde613043: start FollowerState
2019-10-18 13:01:51,056 [Thread-2414] INFO  impl.FollowerState (FollowerState.java:run(108)) - c124d131-afb9-4343-ad4e-aaebde613043@group-FF4202234884-FollowerState: change to CANDIDATE, lastRpcTime:16ms, electionTimeout:16ms
2019-10-18 13:01:51,056 [Thread-2414] INFO  impl.RoleInfo (RoleInfo.java:shutdownFollowerState(121)) - c124d131-afb9-4343-ad4e-aaebde613043: shutdown FollowerState
2019-10-18 13:01:51,056 [Thread-2414] INFO  impl.RaftServerImpl (RaftServerImpl.java:setRole(184)) - c124d131-afb9-4343-ad4e-aaebde613043@group-FF4202234884: changes role from  FOLLOWER to CANDIDATE at term 151 for changeToCandidate
2019-10-18 13:01:51,056 [Thread-2414] INFO  impl.RoleInfo (RoleInfo.java:updateAndGet(143)) - c124d131-afb9-4343-ad4e-aaebde613043: start LeaderElection
2019-10-18 13:01:51,080 [c124d131-afb9-4343-ad4e-aaebde613043@group-FF4202234884-LeaderElection279] INFO  impl.LeaderElection (LeaderElection.java:askForVotes(178)) - c124d131-afb9-4343-ad4e-aaebde613043@group-FF4202234884-LeaderElection279: begin an election at term 152 for -1: [999343e7-0330-4874-a345-91eca72585e0:192.168.34.56:44872, c124d131-afb9-4343-ad4e-aaebde613043:192.168.34.56:42116, e5bb327f-cdd7-4e49-919e-13a4c895fddf:192.168.34.56:36658], old=null
2019-10-18 13:01:51,081 [c124d131-afb9-4343-ad4e-aaebde613043@group-FF4202234884-LeaderElection279] INFO  impl.LeaderElection (LogUtils.java:infoOrTrace(149)) - c124d131-afb9-4343-ad4e-aaebde613043@group-FF4202234884-LeaderElection279 got exception when requesting votes: {}
java.util.concurrent.ExecutionException: org.apache.ratis.thirdparty.io.grpc.StatusRuntimeException: UNAVAILABLE: io exception
	at java.util.concurrent.FutureTask.report(FutureTask.java:122)
	at java.util.concurrent.FutureTask.get(FutureTask.java:192)
	at org.apache.ratis.server.impl.LeaderElection.waitForResults(LeaderElection.java:259)
	at org.apache.ratis.server.impl.LeaderElection.askForVotes(LeaderElection.java:197)
	at org.apache.ratis.server.impl.LeaderElection.run(LeaderElection.java:133)
	at java.lang.Thread.run(Thread.java:748)
Caused by: org.apache.ratis.thirdparty.io.grpc.StatusRuntimeException: UNAVAILABLE: io exception
	at org.apache.ratis.thirdparty.io.grpc.stub.ClientCalls.toStatusRuntimeException(ClientCalls.java:233)
	at org.apache.ratis.thirdparty.io.grpc.stub.ClientCalls.getUnchecked(ClientCalls.java:214)
	at org.apache.ratis.thirdparty.io.grpc.stub.ClientCalls.blockingUnaryCall(ClientCalls.java:139)
	at org.apache.ratis.proto.grpc.RaftServerProtocolServiceGrpc$RaftServerProtocolServiceBlockingStub.requestVote(RaftServerProtocolServiceGrpc.java:265)
	at org.apache.ratis.grpc.server.GrpcServerProtocolClient.requestVote(GrpcServerProtocolClient.java:99)
	at org.apache.ratis.grpc.server.GrpcService.requestVote(GrpcService.java:204)
	at org.apache.ratis.server.impl.LeaderElection.lambda$submitRequests$1(LeaderElection.java:234)
	at java.util.concurrent.FutureTask.run(FutureTask.java:266)
	at java.util.concurrent.Executors$RunnableAdapter.call(Executors.java:511)
	at java.util.concurrent.FutureTask.run(FutureTask.java:266)
	at java.util.concurrent.ThreadPoolExecutor.runWorker(ThreadPoolExecutor.java:1149)
	at java.util.concurrent.ThreadPoolExecutor$Worker.run(ThreadPoolExecutor.java:624)
	... 1 more
Caused by: org.apache.ratis.thirdparty.io.netty.channel.AbstractChannel$AnnotatedConnectException: Connection refused: /192.168.34.56:36658
	at sun.nio.ch.SocketChannelImpl.checkConnect(Native Method)
	at sun.nio.ch.SocketChannelImpl.finishConnect(SocketChannelImpl.java:717)
	at org.apache.ratis.thirdparty.io.netty.channel.socket.nio.NioSocketChannel.doFinishConnect(NioSocketChannel.java:327)
	at org.apache.ratis.thirdparty.io.netty.channel.nio.AbstractNioChannel$AbstractNioUnsafe.finishConnect(AbstractNioChannel.java:340)
	at org.apache.ratis.thirdparty.io.netty.channel.nio.NioEventLoop.processSelectedKey(NioEventLoop.java:632)
	at org.apache.ratis.thirdparty.io.netty.channel.nio.NioEventLoop.processSelectedKeysOptimized(NioEventLoop.java:579)
	at org.apache.ratis.thirdparty.io.netty.channel.nio.NioEventLoop.processSelectedKeys(NioEventLoop.java:496)
	at org.apache.ratis.thirdparty.io.netty.channel.nio.NioEventLoop.run(NioEventLoop.java:458)
	at org.apache.ratis.thirdparty.io.netty.util.concurrent.SingleThreadEventExecutor$5.run(SingleThreadEventExecutor.java:897)
	at org.apache.ratis.thirdparty.io.netty.util.concurrent.FastThreadLocalRunnable.run(FastThreadLocalRunnable.java:30)
	... 1 more
Caused by: java.net.ConnectException: Connection refused
	... 11 more
2019-10-18 13:01:51,081 [c124d131-afb9-4343-ad4e-aaebde613043@group-FF4202234884-LeaderElection279] INFO  impl.LeaderElection (LogUtils.java:infoOrTrace(149)) - c124d131-afb9-4343-ad4e-aaebde613043@group-FF4202234884-LeaderElection279 got exception when requesting votes: {}
java.util.concurrent.ExecutionException: org.apache.ratis.thirdparty.io.grpc.StatusRuntimeException: UNAVAILABLE: io exception
	at java.util.concurrent.FutureTask.report(FutureTask.java:122)
	at java.util.concurrent.FutureTask.get(FutureTask.java:192)
	at org.apache.ratis.server.impl.LeaderElection.waitForResults(LeaderElection.java:259)
	at org.apache.ratis.server.impl.LeaderElection.askForVotes(LeaderElection.java:197)
	at org.apache.ratis.server.impl.LeaderElection.run(LeaderElection.java:133)
	at java.lang.Thread.run(Thread.java:748)
Caused by: org.apache.ratis.thirdparty.io.grpc.StatusRuntimeException: UNAVAILABLE: io exception
	at org.apache.ratis.thirdparty.io.grpc.stub.ClientCalls.toStatusRuntimeException(ClientCalls.java:233)
	at org.apache.ratis.thirdparty.io.grpc.stub.ClientCalls.getUnchecked(ClientCalls.java:214)
	at org.apache.ratis.thirdparty.io.grpc.stub.ClientCalls.blockingUnaryCall(ClientCalls.java:139)
	at org.apache.ratis.proto.grpc.RaftServerProtocolServiceGrpc$RaftServerProtocolServiceBlockingStub.requestVote(RaftServerProtocolServiceGrpc.java:265)
	at org.apache.ratis.grpc.server.GrpcServerProtocolClient.requestVote(GrpcServerProtocolClient.java:99)
	at org.apache.ratis.grpc.server.GrpcService.requestVote(GrpcService.java:204)
	at org.apache.ratis.server.impl.LeaderElection.lambda$submitRequests$1(LeaderElection.java:234)
	at java.util.concurrent.FutureTask.run(FutureTask.java:266)
	at java.util.concurrent.Executors$RunnableAdapter.call(Executors.java:511)
	at java.util.concurrent.FutureTask.run(FutureTask.java:266)
	at java.util.concurrent.ThreadPoolExecutor.runWorker(ThreadPoolExecutor.java:1149)
	at java.util.concurrent.ThreadPoolExecutor$Worker.run(ThreadPoolExecutor.java:624)
	... 1 more
Caused by: org.apache.ratis.thirdparty.io.netty.channel.AbstractChannel$AnnotatedConnectException: Connection refused: /192.168.34.56:44872
	at sun.nio.ch.SocketChannelImpl.checkConnect(Native Method)
	at sun.nio.ch.SocketChannelImpl.finishConnect(SocketChannelImpl.java:717)
	at org.apache.ratis.thirdparty.io.netty.channel.socket.nio.NioSocketChannel.doFinishConnect(NioSocketChannel.java:327)
	at org.apache.ratis.thirdparty.io.netty.channel.nio.AbstractNioChannel$AbstractNioUnsafe.finishConnect(AbstractNioChannel.java:340)
	at org.apache.ratis.thirdparty.io.netty.channel.nio.NioEventLoop.processSelectedKey(NioEventLoop.java:632)
	at org.apache.ratis.thirdparty.io.netty.channel.nio.NioEventLoop.processSelectedKeysOptimized(NioEventLoop.java:579)
	at org.apache.ratis.thirdparty.io.netty.channel.nio.NioEventLoop.processSelectedKeys(NioEventLoop.java:496)
	at org.apache.ratis.thirdparty.io.netty.channel.nio.NioEventLoop.run(NioEventLoop.java:458)
	at org.apache.ratis.thirdparty.io.netty.util.concurrent.SingleThreadEventExecutor$5.run(SingleThreadEventExecutor.java:897)
	at org.apache.ratis.thirdparty.io.netty.util.concurrent.FastThreadLocalRunnable.run(FastThreadLocalRunnable.java:30)
	... 1 more
Caused by: java.net.ConnectException: Connection refused
	... 11 more
2019-10-18 13:01:51,081 [c124d131-afb9-4343-ad4e-aaebde613043@group-FF4202234884-LeaderElection279] INFO  impl.LeaderElection (LeaderElection.java:logAndReturn(56)) - c124d131-afb9-4343-ad4e-aaebde613043@group-FF4202234884-LeaderElection279: Election REJECTED; received 0 response(s) [] and 2 exception(s); c124d131-afb9-4343-ad4e-aaebde613043@group-FF4202234884:t152, leader=null, voted=c124d131-afb9-4343-ad4e-aaebde613043, raftlog=c124d131-afb9-4343-ad4e-aaebde613043@group-FF4202234884-SegmentedRaftLog:OPENED:c-1,f-1,i0, conf=-1: [999343e7-0330-4874-a345-91eca72585e0:192.168.34.56:44872, c124d131-afb9-4343-ad4e-aaebde613043:192.168.34.56:42116, e5bb327f-cdd7-4e49-919e-13a4c895fddf:192.168.34.56:36658], old=null
2019-10-18 13:01:51,081 [c124d131-afb9-4343-ad4e-aaebde613043@group-FF4202234884-LeaderElection279] INFO  impl.LeaderElection (LogUtils.java:infoOrTrace(149)) -   Exception 0: {}
java.util.concurrent.ExecutionException: org.apache.ratis.thirdparty.io.grpc.StatusRuntimeException: UNAVAILABLE: io exception
	at java.util.concurrent.FutureTask.report(FutureTask.java:122)
	at java.util.concurrent.FutureTask.get(FutureTask.java:192)
	at org.apache.ratis.server.impl.LeaderElection.waitForResults(LeaderElection.java:259)
	at org.apache.ratis.server.impl.LeaderElection.askForVotes(LeaderElection.java:197)
	at org.apache.ratis.server.impl.LeaderElection.run(LeaderElection.java:133)
	at java.lang.Thread.run(Thread.java:748)
Caused by: org.apache.ratis.thirdparty.io.grpc.StatusRuntimeException: UNAVAILABLE: io exception
	at org.apache.ratis.thirdparty.io.grpc.stub.ClientCalls.toStatusRuntimeException(ClientCalls.java:233)
	at org.apache.ratis.thirdparty.io.grpc.stub.ClientCalls.getUnchecked(ClientCalls.java:214)
	at org.apache.ratis.thirdparty.io.grpc.stub.ClientCalls.blockingUnaryCall(ClientCalls.java:139)
	at org.apache.ratis.proto.grpc.RaftServerProtocolServiceGrpc$RaftServerProtocolServiceBlockingStub.requestVote(RaftServerProtocolServiceGrpc.java:265)
	at org.apache.ratis.grpc.server.GrpcServerProtocolClient.requestVote(GrpcServerProtocolClient.java:99)
	at org.apache.ratis.grpc.server.GrpcService.requestVote(GrpcService.java:204)
	at org.apache.ratis.server.impl.LeaderElection.lambda$submitRequests$1(LeaderElection.java:234)
	at java.util.concurrent.FutureTask.run(FutureTask.java:266)
	at java.util.concurrent.Executors$RunnableAdapter.call(Executors.java:511)
	at java.util.concurrent.FutureTask.run(FutureTask.java:266)
	at java.util.concurrent.ThreadPoolExecutor.runWorker(ThreadPoolExecutor.java:1149)
	at java.util.concurrent.ThreadPoolExecutor$Worker.run(ThreadPoolExecutor.java:624)
	... 1 more
Caused by: org.apache.ratis.thirdparty.io.netty.channel.AbstractChannel$AnnotatedConnectException: Connection refused: /192.168.34.56:36658
	at sun.nio.ch.SocketChannelImpl.checkConnect(Native Method)
	at sun.nio.ch.SocketChannelImpl.finishConnect(SocketChannelImpl.java:717)
	at org.apache.ratis.thirdparty.io.netty.channel.socket.nio.NioSocketChannel.doFinishConnect(NioSocketChannel.java:327)
	at org.apache.ratis.thirdparty.io.netty.channel.nio.AbstractNioChannel$AbstractNioUnsafe.finishConnect(AbstractNioChannel.java:340)
	at org.apache.ratis.thirdparty.io.netty.channel.nio.NioEventLoop.processSelectedKey(NioEventLoop.java:632)
	at org.apache.ratis.thirdparty.io.netty.channel.nio.NioEventLoop.processSelectedKeysOptimized(NioEventLoop.java:579)
	at org.apache.ratis.thirdparty.io.netty.channel.nio.NioEventLoop.processSelectedKeys(NioEventLoop.java:496)
	at org.apache.ratis.thirdparty.io.netty.channel.nio.NioEventLoop.run(NioEventLoop.java:458)
	at org.apache.ratis.thirdparty.io.netty.util.concurrent.SingleThreadEventExecutor$5.run(SingleThreadEventExecutor.java:897)
	at org.apache.ratis.thirdparty.io.netty.util.concurrent.FastThreadLocalRunnable.run(FastThreadLocalRunnable.java:30)
	... 1 more
Caused by: java.net.ConnectException: Connection refused
	... 11 more
2019-10-18 13:01:51,082 [c124d131-afb9-4343-ad4e-aaebde613043@group-FF4202234884-LeaderElection279] INFO  impl.LeaderElection (LogUtils.java:infoOrTrace(149)) -   Exception 1: {}
java.util.concurrent.ExecutionException: org.apache.ratis.thirdparty.io.grpc.StatusRuntimeException: UNAVAILABLE: io exception
	at java.util.concurrent.FutureTask.report(FutureTask.java:122)
	at java.util.concurrent.FutureTask.get(FutureTask.java:192)
	at org.apache.ratis.server.impl.LeaderElection.waitForResults(LeaderElection.java:259)
	at org.apache.ratis.server.impl.LeaderElection.askForVotes(LeaderElection.java:197)
	at org.apache.ratis.server.impl.LeaderElection.run(LeaderElection.java:133)
	at java.lang.Thread.run(Thread.java:748)
Caused by: org.apache.ratis.thirdparty.io.grpc.StatusRuntimeException: UNAVAILABLE: io exception
	at org.apache.ratis.thirdparty.io.grpc.stub.ClientCalls.toStatusRuntimeException(ClientCalls.java:233)
	at org.apache.ratis.thirdparty.io.grpc.stub.ClientCalls.getUnchecked(ClientCalls.java:214)
	at org.apache.ratis.thirdparty.io.grpc.stub.ClientCalls.blockingUnaryCall(ClientCalls.java:139)
	at org.apache.ratis.proto.grpc.RaftServerProtocolServiceGrpc$RaftServerProtocolServiceBlockingStub.requestVote(RaftServerProtocolServiceGrpc.java:265)
	at org.apache.ratis.grpc.server.GrpcServerProtocolClient.requestVote(GrpcServerProtocolClient.java:99)
	at org.apache.ratis.grpc.server.GrpcService.requestVote(GrpcService.java:204)
	at org.apache.ratis.server.impl.LeaderElection.lambda$submitRequests$1(LeaderElection.java:234)
	at java.util.concurrent.FutureTask.run(FutureTask.java:266)
	at java.util.concurrent.Executors$RunnableAdapter.call(Executors.java:511)
	at java.util.concurrent.FutureTask.run(FutureTask.java:266)
	at java.util.concurrent.ThreadPoolExecutor.runWorker(ThreadPoolExecutor.java:1149)
	at java.util.concurrent.ThreadPoolExecutor$Worker.run(ThreadPoolExecutor.java:624)
	... 1 more
Caused by: org.apache.ratis.thirdparty.io.netty.channel.AbstractChannel$AnnotatedConnectException: Connection refused: /192.168.34.56:44872
	at sun.nio.ch.SocketChannelImpl.checkConnect(Native Method)
	at sun.nio.ch.SocketChannelImpl.finishConnect(SocketChannelImpl.java:717)
	at org.apache.ratis.thirdparty.io.netty.channel.socket.nio.NioSocketChannel.doFinishConnect(NioSocketChannel.java:327)
	at org.apache.ratis.thirdparty.io.netty.channel.nio.AbstractNioChannel$AbstractNioUnsafe.finishConnect(AbstractNioChannel.java:340)
	at org.apache.ratis.thirdparty.io.netty.channel.nio.NioEventLoop.processSelectedKey(NioEventLoop.java:632)
	at org.apache.ratis.thirdparty.io.netty.channel.nio.NioEventLoop.processSelectedKeysOptimized(NioEventLoop.java:579)
	at org.apache.ratis.thirdparty.io.netty.channel.nio.NioEventLoop.processSelectedKeys(NioEventLoop.java:496)
	at org.apache.ratis.thirdparty.io.netty.channel.nio.NioEventLoop.run(NioEventLoop.java:458)
	at org.apache.ratis.thirdparty.io.netty.util.concurrent.SingleThreadEventExecutor$5.run(SingleThreadEventExecutor.java:897)
	at org.apache.ratis.thirdparty.io.netty.util.concurrent.FastThreadLocalRunnable.run(FastThreadLocalRunnable.java:30)
	... 1 more
Caused by: java.net.ConnectException: Connection refused
	... 11 more
2019-10-18 13:01:51,082 [c124d131-afb9-4343-ad4e-aaebde613043@group-FF4202234884-LeaderElection279] INFO  impl.RaftServerImpl (RaftServerImpl.java:setRole(184)) - c124d131-afb9-4343-ad4e-aaebde613043@group-FF4202234884: changes role from CANDIDATE to FOLLOWER at term 152 for DISCOVERED_A_NEW_TERM
2019-10-18 13:01:51,082 [c124d131-afb9-4343-ad4e-aaebde613043@group-FF4202234884-LeaderElection279] INFO  impl.RoleInfo (RoleInfo.java:shutdownLeaderElection(134)) - c124d131-afb9-4343-ad4e-aaebde613043: shutdown LeaderElection
2019-10-18 13:01:51,082 [c124d131-afb9-4343-ad4e-aaebde613043@group-FF4202234884-LeaderElection279] INFO  impl.RoleInfo (RoleInfo.java:updateAndGet(143)) - c124d131-afb9-4343-ad4e-aaebde613043: start FollowerState
2019-10-18 13:01:51,166 [Thread-2410] INFO  impl.FollowerState (FollowerState.java:run(108)) - 018b3f78-d19f-4e26-a796-cb8ddc4f97cf@group-187684C21557-FollowerState: change to CANDIDATE, lastRpcTime:174ms, electionTimeout:174ms
2019-10-18 13:01:51,166 [Thread-2410] INFO  impl.RoleInfo (RoleInfo.java:shutdownFollowerState(121)) - 018b3f78-d19f-4e26-a796-cb8ddc4f97cf: shutdown FollowerState
2019-10-18 13:01:51,166 [Thread-2410] INFO  impl.RaftServerImpl (RaftServerImpl.java:setRole(184)) - 018b3f78-d19f-4e26-a796-cb8ddc4f97cf@group-187684C21557: changes role from  FOLLOWER to CANDIDATE at term 161 for changeToCandidate
2019-10-18 13:01:51,166 [Thread-2410] INFO  impl.RoleInfo (RoleInfo.java:updateAndGet(143)) - 018b3f78-d19f-4e26-a796-cb8ddc4f97cf: start LeaderElection
2019-10-18 13:01:51,188 [018b3f78-d19f-4e26-a796-cb8ddc4f97cf@group-187684C21557-LeaderElection280] INFO  impl.LeaderElection (LeaderElection.java:askForVotes(178)) - 018b3f78-d19f-4e26-a796-cb8ddc4f97cf@group-187684C21557-LeaderElection280: begin an election at term 162 for -1: [893cf03e-f2cf-478a-892a-a746717e50e3:192.168.34.56:40750, 8697df36-98d2-41b1-bdc7-60597b3b5526:192.168.34.56:46415, 018b3f78-d19f-4e26-a796-cb8ddc4f97cf:192.168.34.56:35845], old=null
2019-10-18 13:01:51,190 [grpc-default-executor-7] INFO  impl.RaftServerImpl (RaftServerImpl.java:setRole(184)) - 8697df36-98d2-41b1-bdc7-60597b3b5526@group-187684C21557: changes role from  FOLLOWER to FOLLOWER at term 162 for recognizeCandidate:018b3f78-d19f-4e26-a796-cb8ddc4f97cf
2019-10-18 13:01:51,190 [grpc-default-executor-2] INFO  impl.RaftServerImpl (RaftServerImpl.java:setRole(184)) - 893cf03e-f2cf-478a-892a-a746717e50e3@group-187684C21557: changes role from  FOLLOWER to FOLLOWER at term 162 for recognizeCandidate:018b3f78-d19f-4e26-a796-cb8ddc4f97cf
2019-10-18 13:01:51,190 [grpc-default-executor-7] INFO  impl.RoleInfo (RoleInfo.java:shutdownFollowerState(121)) - 8697df36-98d2-41b1-bdc7-60597b3b5526: shutdown FollowerState
2019-10-18 13:01:51,190 [grpc-default-executor-2] INFO  impl.RoleInfo (RoleInfo.java:shutdownFollowerState(121)) - 893cf03e-f2cf-478a-892a-a746717e50e3: shutdown FollowerState
2019-10-18 13:01:51,190 [Thread-2408] INFO  impl.FollowerState (FollowerState.java:run(117)) - 8697df36-98d2-41b1-bdc7-60597b3b5526@group-187684C21557-FollowerState was interrupted: java.lang.InterruptedException: sleep interrupted
2019-10-18 13:01:51,190 [Thread-2407] INFO  impl.FollowerState (FollowerState.java:run(117)) - 893cf03e-f2cf-478a-892a-a746717e50e3@group-187684C21557-FollowerState was interrupted: java.lang.InterruptedException: sleep interrupted
2019-10-18 13:01:51,190 [grpc-default-executor-7] INFO  impl.RoleInfo (RoleInfo.java:updateAndGet(143)) - 8697df36-98d2-41b1-bdc7-60597b3b5526: start FollowerState
2019-10-18 13:01:51,190 [grpc-default-executor-2] INFO  impl.RoleInfo (RoleInfo.java:updateAndGet(143)) - 893cf03e-f2cf-478a-892a-a746717e50e3: start FollowerState
2019-10-18 13:01:51,222 [018b3f78-d19f-4e26-a796-cb8ddc4f97cf@group-187684C21557-LeaderElection280] INFO  impl.LeaderElection (LeaderElection.java:logAndReturn(56)) - 018b3f78-d19f-4e26-a796-cb8ddc4f97cf@group-187684C21557-LeaderElection280: Election REJECTED; received 2 response(s) [018b3f78-d19f-4e26-a796-cb8ddc4f97cf<-893cf03e-f2cf-478a-892a-a746717e50e3#0:FAIL-t162, 018b3f78-d19f-4e26-a796-cb8ddc4f97cf<-8697df36-98d2-41b1-bdc7-60597b3b5526#0:FAIL-t162] and 0 exception(s); 018b3f78-d19f-4e26-a796-cb8ddc4f97cf@group-187684C21557:t162, leader=null, voted=018b3f78-d19f-4e26-a796-cb8ddc4f97cf, raftlog=018b3f78-d19f-4e26-a796-cb8ddc4f97cf@group-187684C21557-SegmentedRaftLog:OPENED:c-1,f-1,i0, conf=-1: [893cf03e-f2cf-478a-892a-a746717e50e3:192.168.34.56:40750, 8697df36-98d2-41b1-bdc7-60597b3b5526:192.168.34.56:46415, 018b3f78-d19f-4e26-a796-cb8ddc4f97cf:192.168.34.56:35845], old=null
2019-10-18 13:01:51,223 [018b3f78-d19f-4e26-a796-cb8ddc4f97cf@group-187684C21557-LeaderElection280] INFO  impl.RaftServerImpl (RaftServerImpl.java:setRole(184)) - 018b3f78-d19f-4e26-a796-cb8ddc4f97cf@group-187684C21557: changes role from CANDIDATE to FOLLOWER at term 162 for DISCOVERED_A_NEW_TERM
2019-10-18 13:01:51,223 [018b3f78-d19f-4e26-a796-cb8ddc4f97cf@group-187684C21557-LeaderElection280] INFO  impl.RoleInfo (RoleInfo.java:shutdownLeaderElection(134)) - 018b3f78-d19f-4e26-a796-cb8ddc4f97cf: shutdown LeaderElection
2019-10-18 13:01:51,223 [018b3f78-d19f-4e26-a796-cb8ddc4f97cf@group-187684C21557-LeaderElection280] INFO  impl.RoleInfo (RoleInfo.java:updateAndGet(143)) - 018b3f78-d19f-4e26-a796-cb8ddc4f97cf: start FollowerState
2019-10-18 13:01:51,258 [Thread-2418] INFO  impl.FollowerState (FollowerState.java:run(108)) - c124d131-afb9-4343-ad4e-aaebde613043@group-FF4202234884-FollowerState: change to CANDIDATE, lastRpcTime:176ms, electionTimeout:176ms
2019-10-18 13:01:51,258 [Thread-2418] INFO  impl.RoleInfo (RoleInfo.java:shutdownFollowerState(121)) - c124d131-afb9-4343-ad4e-aaebde613043: shutdown FollowerState
2019-10-18 13:01:51,258 [Thread-2418] INFO  impl.RaftServerImpl (RaftServerImpl.java:setRole(184)) - c124d131-afb9-4343-ad4e-aaebde613043@group-FF4202234884: changes role from  FOLLOWER to CANDIDATE at term 152 for changeToCandidate
2019-10-18 13:01:51,259 [Thread-2418] INFO  impl.RoleInfo (RoleInfo.java:updateAndGet(143)) - c124d131-afb9-4343-ad4e-aaebde613043: start LeaderElection
2019-10-18 13:01:51,318 [c124d131-afb9-4343-ad4e-aaebde613043@group-FF4202234884-LeaderElection281] INFO  impl.LeaderElection (LeaderElection.java:askForVotes(178)) - c124d131-afb9-4343-ad4e-aaebde613043@group-FF4202234884-LeaderElection281: begin an election at term 153 for -1: [999343e7-0330-4874-a345-91eca72585e0:192.168.34.56:44872, c124d131-afb9-4343-ad4e-aaebde613043:192.168.34.56:42116, e5bb327f-cdd7-4e49-919e-13a4c895fddf:192.168.34.56:36658], old=null
2019-10-18 13:01:51,318 [c124d131-afb9-4343-ad4e-aaebde613043@group-FF4202234884-LeaderElection281] INFO  impl.LeaderElection (LogUtils.java:infoOrTrace(149)) - c124d131-afb9-4343-ad4e-aaebde613043@group-FF4202234884-LeaderElection281 got exception when requesting votes: {}
java.util.concurrent.ExecutionException: org.apache.ratis.thirdparty.io.grpc.StatusRuntimeException: UNAVAILABLE: io exception
	at java.util.concurrent.FutureTask.report(FutureTask.java:122)
	at java.util.concurrent.FutureTask.get(FutureTask.java:192)
	at org.apache.ratis.server.impl.LeaderElection.waitForResults(LeaderElection.java:259)
	at org.apache.ratis.server.impl.LeaderElection.askForVotes(LeaderElection.java:197)
	at org.apache.ratis.server.impl.LeaderElection.run(LeaderElection.java:133)
	at java.lang.Thread.run(Thread.java:748)
Caused by: org.apache.ratis.thirdparty.io.grpc.StatusRuntimeException: UNAVAILABLE: io exception
	at org.apache.ratis.thirdparty.io.grpc.stub.ClientCalls.toStatusRuntimeException(ClientCalls.java:233)
	at org.apache.ratis.thirdparty.io.grpc.stub.ClientCalls.getUnchecked(ClientCalls.java:214)
	at org.apache.ratis.thirdparty.io.grpc.stub.ClientCalls.blockingUnaryCall(ClientCalls.java:139)
	at org.apache.ratis.proto.grpc.RaftServerProtocolServiceGrpc$RaftServerProtocolServiceBlockingStub.requestVote(RaftServerProtocolServiceGrpc.java:265)
	at org.apache.ratis.grpc.server.GrpcServerProtocolClient.requestVote(GrpcServerProtocolClient.java:99)
	at org.apache.ratis.grpc.server.GrpcService.requestVote(GrpcService.java:204)
	at org.apache.ratis.server.impl.LeaderElection.lambda$submitRequests$1(LeaderElection.java:234)
	at java.util.concurrent.FutureTask.run(FutureTask.java:266)
	at java.util.concurrent.Executors$RunnableAdapter.call(Executors.java:511)
	at java.util.concurrent.FutureTask.run(FutureTask.java:266)
	at java.util.concurrent.ThreadPoolExecutor.runWorker(ThreadPoolExecutor.java:1149)
	at java.util.concurrent.ThreadPoolExecutor$Worker.run(ThreadPoolExecutor.java:624)
	... 1 more
Caused by: org.apache.ratis.thirdparty.io.netty.channel.AbstractChannel$AnnotatedConnectException: Connection refused: /192.168.34.56:44872
	at sun.nio.ch.SocketChannelImpl.checkConnect(Native Method)
	at sun.nio.ch.SocketChannelImpl.finishConnect(SocketChannelImpl.java:717)
	at org.apache.ratis.thirdparty.io.netty.channel.socket.nio.NioSocketChannel.doFinishConnect(NioSocketChannel.java:327)
	at org.apache.ratis.thirdparty.io.netty.channel.nio.AbstractNioChannel$AbstractNioUnsafe.finishConnect(AbstractNioChannel.java:340)
	at org.apache.ratis.thirdparty.io.netty.channel.nio.NioEventLoop.processSelectedKey(NioEventLoop.java:632)
	at org.apache.ratis.thirdparty.io.netty.channel.nio.NioEventLoop.processSelectedKeysOptimized(NioEventLoop.java:579)
	at org.apache.ratis.thirdparty.io.netty.channel.nio.NioEventLoop.processSelectedKeys(NioEventLoop.java:496)
	at org.apache.ratis.thirdparty.io.netty.channel.nio.NioEventLoop.run(NioEventLoop.java:458)
	at org.apache.ratis.thirdparty.io.netty.util.concurrent.SingleThreadEventExecutor$5.run(SingleThreadEventExecutor.java:897)
	at org.apache.ratis.thirdparty.io.netty.util.concurrent.FastThreadLocalRunnable.run(FastThreadLocalRunnable.java:30)
	... 1 more
Caused by: java.net.ConnectException: Connection refused
	... 11 more
2019-10-18 13:01:51,319 [c124d131-afb9-4343-ad4e-aaebde613043@group-FF4202234884-LeaderElection281] INFO  impl.LeaderElection (LogUtils.java:infoOrTrace(149)) - c124d131-afb9-4343-ad4e-aaebde613043@group-FF4202234884-LeaderElection281 got exception when requesting votes: {}
java.util.concurrent.ExecutionException: org.apache.ratis.thirdparty.io.grpc.StatusRuntimeException: UNAVAILABLE: io exception
	at java.util.concurrent.FutureTask.report(FutureTask.java:122)
	at java.util.concurrent.FutureTask.get(FutureTask.java:192)
	at org.apache.ratis.server.impl.LeaderElection.waitForResults(LeaderElection.java:259)
	at org.apache.ratis.server.impl.LeaderElection.askForVotes(LeaderElection.java:197)
	at org.apache.ratis.server.impl.LeaderElection.run(LeaderElection.java:133)
	at java.lang.Thread.run(Thread.java:748)
Caused by: org.apache.ratis.thirdparty.io.grpc.StatusRuntimeException: UNAVAILABLE: io exception
	at org.apache.ratis.thirdparty.io.grpc.stub.ClientCalls.toStatusRuntimeException(ClientCalls.java:233)
	at org.apache.ratis.thirdparty.io.grpc.stub.ClientCalls.getUnchecked(ClientCalls.java:214)
	at org.apache.ratis.thirdparty.io.grpc.stub.ClientCalls.blockingUnaryCall(ClientCalls.java:139)
	at org.apache.ratis.proto.grpc.RaftServerProtocolServiceGrpc$RaftServerProtocolServiceBlockingStub.requestVote(RaftServerProtocolServiceGrpc.java:265)
	at org.apache.ratis.grpc.server.GrpcServerProtocolClient.requestVote(GrpcServerProtocolClient.java:99)
	at org.apache.ratis.grpc.server.GrpcService.requestVote(GrpcService.java:204)
	at org.apache.ratis.server.impl.LeaderElection.lambda$submitRequests$1(LeaderElection.java:234)
	at java.util.concurrent.FutureTask.run(FutureTask.java:266)
	at java.util.concurrent.Executors$RunnableAdapter.call(Executors.java:511)
	at java.util.concurrent.FutureTask.run(FutureTask.java:266)
	at java.util.concurrent.ThreadPoolExecutor.runWorker(ThreadPoolExecutor.java:1149)
	at java.util.concurrent.ThreadPoolExecutor$Worker.run(ThreadPoolExecutor.java:624)
	... 1 more
Caused by: org.apache.ratis.thirdparty.io.netty.channel.AbstractChannel$AnnotatedConnectException: Connection refused: /192.168.34.56:36658
	at sun.nio.ch.SocketChannelImpl.checkConnect(Native Method)
	at sun.nio.ch.SocketChannelImpl.finishConnect(SocketChannelImpl.java:717)
	at org.apache.ratis.thirdparty.io.netty.channel.socket.nio.NioSocketChannel.doFinishConnect(NioSocketChannel.java:327)
	at org.apache.ratis.thirdparty.io.netty.channel.nio.AbstractNioChannel$AbstractNioUnsafe.finishConnect(AbstractNioChannel.java:340)
	at org.apache.ratis.thirdparty.io.netty.channel.nio.NioEventLoop.processSelectedKey(NioEventLoop.java:632)
	at org.apache.ratis.thirdparty.io.netty.channel.nio.NioEventLoop.processSelectedKeysOptimized(NioEventLoop.java:579)
	at org.apache.ratis.thirdparty.io.netty.channel.nio.NioEventLoop.processSelectedKeys(NioEventLoop.java:496)
	at org.apache.ratis.thirdparty.io.netty.channel.nio.NioEventLoop.run(NioEventLoop.java:458)
	at org.apache.ratis.thirdparty.io.netty.util.concurrent.SingleThreadEventExecutor$5.run(SingleThreadEventExecutor.java:897)
	at org.apache.ratis.thirdparty.io.netty.util.concurrent.FastThreadLocalRunnable.run(FastThreadLocalRunnable.java:30)
	... 1 more
Caused by: java.net.ConnectException: Connection refused
	... 11 more
2019-10-18 13:01:51,319 [c124d131-afb9-4343-ad4e-aaebde613043@group-FF4202234884-LeaderElection281] INFO  impl.LeaderElection (LeaderElection.java:logAndReturn(56)) - c124d131-afb9-4343-ad4e-aaebde613043@group-FF4202234884-LeaderElection281: Election REJECTED; received 0 response(s) [] and 2 exception(s); c124d131-afb9-4343-ad4e-aaebde613043@group-FF4202234884:t153, leader=null, voted=c124d131-afb9-4343-ad4e-aaebde613043, raftlog=c124d131-afb9-4343-ad4e-aaebde613043@group-FF4202234884-SegmentedRaftLog:OPENED:c-1,f-1,i0, conf=-1: [999343e7-0330-4874-a345-91eca72585e0:192.168.34.56:44872, c124d131-afb9-4343-ad4e-aaebde613043:192.168.34.56:42116, e5bb327f-cdd7-4e49-919e-13a4c895fddf:192.168.34.56:36658], old=null
2019-10-18 13:01:51,319 [c124d131-afb9-4343-ad4e-aaebde613043@group-FF4202234884-LeaderElection281] INFO  impl.LeaderElection (LogUtils.java:infoOrTrace(149)) -   Exception 0: {}
java.util.concurrent.ExecutionException: org.apache.ratis.thirdparty.io.grpc.StatusRuntimeException: UNAVAILABLE: io exception
	at java.util.concurrent.FutureTask.report(FutureTask.java:122)
	at java.util.concurrent.FutureTask.get(FutureTask.java:192)
	at org.apache.ratis.server.impl.LeaderElection.waitForResults(LeaderElection.java:259)
	at org.apache.ratis.server.impl.LeaderElection.askForVotes(LeaderElection.java:197)
	at org.apache.ratis.server.impl.LeaderElection.run(LeaderElection.java:133)
	at java.lang.Thread.run(Thread.java:748)
Caused by: org.apache.ratis.thirdparty.io.grpc.StatusRuntimeException: UNAVAILABLE: io exception
	at org.apache.ratis.thirdparty.io.grpc.stub.ClientCalls.toStatusRuntimeException(ClientCalls.java:233)
	at org.apache.ratis.thirdparty.io.grpc.stub.ClientCalls.getUnchecked(ClientCalls.java:214)
	at org.apache.ratis.thirdparty.io.grpc.stub.ClientCalls.blockingUnaryCall(ClientCalls.java:139)
	at org.apache.ratis.proto.grpc.RaftServerProtocolServiceGrpc$RaftServerProtocolServiceBlockingStub.requestVote(RaftServerProtocolServiceGrpc.java:265)
	at org.apache.ratis.grpc.server.GrpcServerProtocolClient.requestVote(GrpcServerProtocolClient.java:99)
	at org.apache.ratis.grpc.server.GrpcService.requestVote(GrpcService.java:204)
	at org.apache.ratis.server.impl.LeaderElection.lambda$submitRequests$1(LeaderElection.java:234)
	at java.util.concurrent.FutureTask.run(FutureTask.java:266)
	at java.util.concurrent.Executors$RunnableAdapter.call(Executors.java:511)
	at java.util.concurrent.FutureTask.run(FutureTask.java:266)
	at java.util.concurrent.ThreadPoolExecutor.runWorker(ThreadPoolExecutor.java:1149)
	at java.util.concurrent.ThreadPoolExecutor$Worker.run(ThreadPoolExecutor.java:624)
	... 1 more
Caused by: org.apache.ratis.thirdparty.io.netty.channel.AbstractChannel$AnnotatedConnectException: Connection refused: /192.168.34.56:44872
	at sun.nio.ch.SocketChannelImpl.checkConnect(Native Method)
	at sun.nio.ch.SocketChannelImpl.finishConnect(SocketChannelImpl.java:717)
	at org.apache.ratis.thirdparty.io.netty.channel.socket.nio.NioSocketChannel.doFinishConnect(NioSocketChannel.java:327)
	at org.apache.ratis.thirdparty.io.netty.channel.nio.AbstractNioChannel$AbstractNioUnsafe.finishConnect(AbstractNioChannel.java:340)
	at org.apache.ratis.thirdparty.io.netty.channel.nio.NioEventLoop.processSelectedKey(NioEventLoop.java:632)
	at org.apache.ratis.thirdparty.io.netty.channel.nio.NioEventLoop.processSelectedKeysOptimized(NioEventLoop.java:579)
	at org.apache.ratis.thirdparty.io.netty.channel.nio.NioEventLoop.processSelectedKeys(NioEventLoop.java:496)
	at org.apache.ratis.thirdparty.io.netty.channel.nio.NioEventLoop.run(NioEventLoop.java:458)
	at org.apache.ratis.thirdparty.io.netty.util.concurrent.SingleThreadEventExecutor$5.run(SingleThreadEventExecutor.java:897)
	at org.apache.ratis.thirdparty.io.netty.util.concurrent.FastThreadLocalRunnable.run(FastThreadLocalRunnable.java:30)
	... 1 more
Caused by: java.net.ConnectException: Connection refused
	... 11 more
2019-10-18 13:01:51,320 [c124d131-afb9-4343-ad4e-aaebde613043@group-FF4202234884-LeaderElection281] INFO  impl.LeaderElection (LogUtils.java:infoOrTrace(149)) -   Exception 1: {}
java.util.concurrent.ExecutionException: org.apache.ratis.thirdparty.io.grpc.StatusRuntimeException: UNAVAILABLE: io exception
	at java.util.concurrent.FutureTask.report(FutureTask.java:122)
	at java.util.concurrent.FutureTask.get(FutureTask.java:192)
	at org.apache.ratis.server.impl.LeaderElection.waitForResults(LeaderElection.java:259)
	at org.apache.ratis.server.impl.LeaderElection.askForVotes(LeaderElection.java:197)
	at org.apache.ratis.server.impl.LeaderElection.run(LeaderElection.java:133)
	at java.lang.Thread.run(Thread.java:748)
Caused by: org.apache.ratis.thirdparty.io.grpc.StatusRuntimeException: UNAVAILABLE: io exception
	at org.apache.ratis.thirdparty.io.grpc.stub.ClientCalls.toStatusRuntimeException(ClientCalls.java:233)
	at org.apache.ratis.thirdparty.io.grpc.stub.ClientCalls.getUnchecked(ClientCalls.java:214)
	at org.apache.ratis.thirdparty.io.grpc.stub.ClientCalls.blockingUnaryCall(ClientCalls.java:139)
	at org.apache.ratis.proto.grpc.RaftServerProtocolServiceGrpc$RaftServerProtocolServiceBlockingStub.requestVote(RaftServerProtocolServiceGrpc.java:265)
	at org.apache.ratis.grpc.server.GrpcServerProtocolClient.requestVote(GrpcServerProtocolClient.java:99)
	at org.apache.ratis.grpc.server.GrpcService.requestVote(GrpcService.java:204)
	at org.apache.ratis.server.impl.LeaderElection.lambda$submitRequests$1(LeaderElection.java:234)
	at java.util.concurrent.FutureTask.run(FutureTask.java:266)
	at java.util.concurrent.Executors$RunnableAdapter.call(Executors.java:511)
	at java.util.concurrent.FutureTask.run(FutureTask.java:266)
	at java.util.concurrent.ThreadPoolExecutor.runWorker(ThreadPoolExecutor.java:1149)
	at java.util.concurrent.ThreadPoolExecutor$Worker.run(ThreadPoolExecutor.java:624)
	... 1 more
Caused by: org.apache.ratis.thirdparty.io.netty.channel.AbstractChannel$AnnotatedConnectException: Connection refused: /192.168.34.56:36658
	at sun.nio.ch.SocketChannelImpl.checkConnect(Native Method)
	at sun.nio.ch.SocketChannelImpl.finishConnect(SocketChannelImpl.java:717)
	at org.apache.ratis.thirdparty.io.netty.channel.socket.nio.NioSocketChannel.doFinishConnect(NioSocketChannel.java:327)
	at org.apache.ratis.thirdparty.io.netty.channel.nio.AbstractNioChannel$AbstractNioUnsafe.finishConnect(AbstractNioChannel.java:340)
	at org.apache.ratis.thirdparty.io.netty.channel.nio.NioEventLoop.processSelectedKey(NioEventLoop.java:632)
	at org.apache.ratis.thirdparty.io.netty.channel.nio.NioEventLoop.processSelectedKeysOptimized(NioEventLoop.java:579)
	at org.apache.ratis.thirdparty.io.netty.channel.nio.NioEventLoop.processSelectedKeys(NioEventLoop.java:496)
	at org.apache.ratis.thirdparty.io.netty.channel.nio.NioEventLoop.run(NioEventLoop.java:458)
	at org.apache.ratis.thirdparty.io.netty.util.concurrent.SingleThreadEventExecutor$5.run(SingleThreadEventExecutor.java:897)
	at org.apache.ratis.thirdparty.io.netty.util.concurrent.FastThreadLocalRunnable.run(FastThreadLocalRunnable.java:30)
	... 1 more
Caused by: java.net.ConnectException: Connection refused
	... 11 more
2019-10-18 13:01:51,320 [c124d131-afb9-4343-ad4e-aaebde613043@group-FF4202234884-LeaderElection281] INFO  impl.RaftServerImpl (RaftServerImpl.java:setRole(184)) - c124d131-afb9-4343-ad4e-aaebde613043@group-FF4202234884: changes role from CANDIDATE to FOLLOWER at term 153 for DISCOVERED_A_NEW_TERM
2019-10-18 13:01:51,320 [c124d131-afb9-4343-ad4e-aaebde613043@group-FF4202234884-LeaderElection281] INFO  impl.RoleInfo (RoleInfo.java:shutdownLeaderElection(134)) - c124d131-afb9-4343-ad4e-aaebde613043: shutdown LeaderElection
2019-10-18 13:01:51,320 [c124d131-afb9-4343-ad4e-aaebde613043@group-FF4202234884-LeaderElection281] INFO  impl.RoleInfo (RoleInfo.java:updateAndGet(143)) - c124d131-afb9-4343-ad4e-aaebde613043: start FollowerState
2019-10-18 13:01:51,362 [Thread-2426] INFO  impl.FollowerState (FollowerState.java:run(108)) - 018b3f78-d19f-4e26-a796-cb8ddc4f97cf@group-187684C21557-FollowerState: change to CANDIDATE, lastRpcTime:139ms, electionTimeout:139ms
2019-10-18 13:01:51,362 [Thread-2426] INFO  impl.RoleInfo (RoleInfo.java:shutdownFollowerState(121)) - 018b3f78-d19f-4e26-a796-cb8ddc4f97cf: shutdown FollowerState
2019-10-18 13:01:51,362 [Thread-2426] INFO  impl.RaftServerImpl (RaftServerImpl.java:setRole(184)) - 018b3f78-d19f-4e26-a796-cb8ddc4f97cf@group-187684C21557: changes role from  FOLLOWER to CANDIDATE at term 162 for changeToCandidate
2019-10-18 13:01:51,363 [Thread-2426] INFO  impl.RoleInfo (RoleInfo.java:updateAndGet(143)) - 018b3f78-d19f-4e26-a796-cb8ddc4f97cf: start LeaderElection
2019-10-18 13:01:51,395 [018b3f78-d19f-4e26-a796-cb8ddc4f97cf@group-187684C21557-LeaderElection282] INFO  impl.LeaderElection (LeaderElection.java:askForVotes(178)) - 018b3f78-d19f-4e26-a796-cb8ddc4f97cf@group-187684C21557-LeaderElection282: begin an election at term 163 for -1: [893cf03e-f2cf-478a-892a-a746717e50e3:192.168.34.56:40750, 8697df36-98d2-41b1-bdc7-60597b3b5526:192.168.34.56:46415, 018b3f78-d19f-4e26-a796-cb8ddc4f97cf:192.168.34.56:35845], old=null
2019-10-18 13:01:51,396 [grpc-default-executor-2] INFO  impl.RaftServerImpl (RaftServerImpl.java:setRole(184)) - 8697df36-98d2-41b1-bdc7-60597b3b5526@group-187684C21557: changes role from  FOLLOWER to FOLLOWER at term 163 for recognizeCandidate:018b3f78-d19f-4e26-a796-cb8ddc4f97cf
2019-10-18 13:01:51,396 [grpc-default-executor-7] INFO  impl.RaftServerImpl (RaftServerImpl.java:setRole(184)) - 893cf03e-f2cf-478a-892a-a746717e50e3@group-187684C21557: changes role from  FOLLOWER to FOLLOWER at term 163 for recognizeCandidate:018b3f78-d19f-4e26-a796-cb8ddc4f97cf
2019-10-18 13:01:51,396 [grpc-default-executor-2] INFO  impl.RoleInfo (RoleInfo.java:shutdownFollowerState(121)) - 8697df36-98d2-41b1-bdc7-60597b3b5526: shutdown FollowerState
2019-10-18 13:01:51,397 [grpc-default-executor-7] INFO  impl.RoleInfo (RoleInfo.java:shutdownFollowerState(121)) - 893cf03e-f2cf-478a-892a-a746717e50e3: shutdown FollowerState
2019-10-18 13:01:51,397 [Thread-2423] INFO  impl.FollowerState (FollowerState.java:run(117)) - 8697df36-98d2-41b1-bdc7-60597b3b5526@group-187684C21557-FollowerState was interrupted: java.lang.InterruptedException: sleep interrupted
2019-10-18 13:01:51,397 [grpc-default-executor-2] INFO  impl.RoleInfo (RoleInfo.java:updateAndGet(143)) - 8697df36-98d2-41b1-bdc7-60597b3b5526: start FollowerState
2019-10-18 13:01:51,397 [Thread-2424] INFO  impl.FollowerState (FollowerState.java:run(117)) - 893cf03e-f2cf-478a-892a-a746717e50e3@group-187684C21557-FollowerState was interrupted: java.lang.InterruptedException: sleep interrupted
2019-10-18 13:01:51,397 [grpc-default-executor-7] INFO  impl.RoleInfo (RoleInfo.java:updateAndGet(143)) - 893cf03e-f2cf-478a-892a-a746717e50e3: start FollowerState
2019-10-18 13:01:51,422 [018b3f78-d19f-4e26-a796-cb8ddc4f97cf@group-187684C21557-LeaderElection282] INFO  impl.LeaderElection (LeaderElection.java:logAndReturn(56)) - 018b3f78-d19f-4e26-a796-cb8ddc4f97cf@group-187684C21557-LeaderElection282: Election REJECTED; received 2 response(s) [018b3f78-d19f-4e26-a796-cb8ddc4f97cf<-893cf03e-f2cf-478a-892a-a746717e50e3#0:FAIL-t163, 018b3f78-d19f-4e26-a796-cb8ddc4f97cf<-8697df36-98d2-41b1-bdc7-60597b3b5526#0:FAIL-t163] and 0 exception(s); 018b3f78-d19f-4e26-a796-cb8ddc4f97cf@group-187684C21557:t163, leader=null, voted=018b3f78-d19f-4e26-a796-cb8ddc4f97cf, raftlog=018b3f78-d19f-4e26-a796-cb8ddc4f97cf@group-187684C21557-SegmentedRaftLog:OPENED:c-1,f-1,i0, conf=-1: [893cf03e-f2cf-478a-892a-a746717e50e3:192.168.34.56:40750, 8697df36-98d2-41b1-bdc7-60597b3b5526:192.168.34.56:46415, 018b3f78-d19f-4e26-a796-cb8ddc4f97cf:192.168.34.56:35845], old=null
2019-10-18 13:01:51,422 [018b3f78-d19f-4e26-a796-cb8ddc4f97cf@group-187684C21557-LeaderElection282] INFO  impl.RaftServerImpl (RaftServerImpl.java:setRole(184)) - 018b3f78-d19f-4e26-a796-cb8ddc4f97cf@group-187684C21557: changes role from CANDIDATE to FOLLOWER at term 163 for DISCOVERED_A_NEW_TERM
2019-10-18 13:01:51,422 [018b3f78-d19f-4e26-a796-cb8ddc4f97cf@group-187684C21557-LeaderElection282] INFO  impl.RoleInfo (RoleInfo.java:shutdownLeaderElection(134)) - 018b3f78-d19f-4e26-a796-cb8ddc4f97cf: shutdown LeaderElection
2019-10-18 13:01:51,422 [018b3f78-d19f-4e26-a796-cb8ddc4f97cf@group-187684C21557-LeaderElection282] INFO  impl.RoleInfo (RoleInfo.java:updateAndGet(143)) - 018b3f78-d19f-4e26-a796-cb8ddc4f97cf: start FollowerState
2019-10-18 13:01:51,472 [Thread-2430] INFO  impl.FollowerState (FollowerState.java:run(108)) - c124d131-afb9-4343-ad4e-aaebde613043@group-FF4202234884-FollowerState: change to CANDIDATE, lastRpcTime:151ms, electionTimeout:151ms
2019-10-18 13:01:51,472 [Thread-2430] INFO  impl.RoleInfo (RoleInfo.java:shutdownFollowerState(121)) - c124d131-afb9-4343-ad4e-aaebde613043: shutdown FollowerState
2019-10-18 13:01:51,472 [Thread-2430] INFO  impl.RaftServerImpl (RaftServerImpl.java:setRole(184)) - c124d131-afb9-4343-ad4e-aaebde613043@group-FF4202234884: changes role from  FOLLOWER to CANDIDATE at term 153 for changeToCandidate
2019-10-18 13:01:51,472 [Thread-2430] INFO  impl.RoleInfo (RoleInfo.java:updateAndGet(143)) - c124d131-afb9-4343-ad4e-aaebde613043: start LeaderElection
2019-10-18 13:01:51,495 [c124d131-afb9-4343-ad4e-aaebde613043@group-FF4202234884-LeaderElection283] INFO  impl.LeaderElection (LeaderElection.java:askForVotes(178)) - c124d131-afb9-4343-ad4e-aaebde613043@group-FF4202234884-LeaderElection283: begin an election at term 154 for -1: [999343e7-0330-4874-a345-91eca72585e0:192.168.34.56:44872, c124d131-afb9-4343-ad4e-aaebde613043:192.168.34.56:42116, e5bb327f-cdd7-4e49-919e-13a4c895fddf:192.168.34.56:36658], old=null
2019-10-18 13:01:51,496 [c124d131-afb9-4343-ad4e-aaebde613043@group-FF4202234884-LeaderElection283] INFO  impl.LeaderElection (LogUtils.java:infoOrTrace(149)) - c124d131-afb9-4343-ad4e-aaebde613043@group-FF4202234884-LeaderElection283 got exception when requesting votes: {}
java.util.concurrent.ExecutionException: org.apache.ratis.thirdparty.io.grpc.StatusRuntimeException: UNAVAILABLE: io exception
	at java.util.concurrent.FutureTask.report(FutureTask.java:122)
	at java.util.concurrent.FutureTask.get(FutureTask.java:192)
	at org.apache.ratis.server.impl.LeaderElection.waitForResults(LeaderElection.java:259)
	at org.apache.ratis.server.impl.LeaderElection.askForVotes(LeaderElection.java:197)
	at org.apache.ratis.server.impl.LeaderElection.run(LeaderElection.java:133)
	at java.lang.Thread.run(Thread.java:748)
Caused by: org.apache.ratis.thirdparty.io.grpc.StatusRuntimeException: UNAVAILABLE: io exception
	at org.apache.ratis.thirdparty.io.grpc.stub.ClientCalls.toStatusRuntimeException(ClientCalls.java:233)
	at org.apache.ratis.thirdparty.io.grpc.stub.ClientCalls.getUnchecked(ClientCalls.java:214)
	at org.apache.ratis.thirdparty.io.grpc.stub.ClientCalls.blockingUnaryCall(ClientCalls.java:139)
	at org.apache.ratis.proto.grpc.RaftServerProtocolServiceGrpc$RaftServerProtocolServiceBlockingStub.requestVote(RaftServerProtocolServiceGrpc.java:265)
	at org.apache.ratis.grpc.server.GrpcServerProtocolClient.requestVote(GrpcServerProtocolClient.java:99)
	at org.apache.ratis.grpc.server.GrpcService.requestVote(GrpcService.java:204)
	at org.apache.ratis.server.impl.LeaderElection.lambda$submitRequests$1(LeaderElection.java:234)
	at java.util.concurrent.FutureTask.run(FutureTask.java:266)
	at java.util.concurrent.Executors$RunnableAdapter.call(Executors.java:511)
	at java.util.concurrent.FutureTask.run(FutureTask.java:266)
	at java.util.concurrent.ThreadPoolExecutor.runWorker(ThreadPoolExecutor.java:1149)
	at java.util.concurrent.ThreadPoolExecutor$Worker.run(ThreadPoolExecutor.java:624)
	... 1 more
Caused by: org.apache.ratis.thirdparty.io.netty.channel.AbstractChannel$AnnotatedConnectException: Connection refused: /192.168.34.56:36658
	at sun.nio.ch.SocketChannelImpl.checkConnect(Native Method)
	at sun.nio.ch.SocketChannelImpl.finishConnect(SocketChannelImpl.java:717)
	at org.apache.ratis.thirdparty.io.netty.channel.socket.nio.NioSocketChannel.doFinishConnect(NioSocketChannel.java:327)
	at org.apache.ratis.thirdparty.io.netty.channel.nio.AbstractNioChannel$AbstractNioUnsafe.finishConnect(AbstractNioChannel.java:340)
	at org.apache.ratis.thirdparty.io.netty.channel.nio.NioEventLoop.processSelectedKey(NioEventLoop.java:632)
	at org.apache.ratis.thirdparty.io.netty.channel.nio.NioEventLoop.processSelectedKeysOptimized(NioEventLoop.java:579)
	at org.apache.ratis.thirdparty.io.netty.channel.nio.NioEventLoop.processSelectedKeys(NioEventLoop.java:496)
	at org.apache.ratis.thirdparty.io.netty.channel.nio.NioEventLoop.run(NioEventLoop.java:458)
	at org.apache.ratis.thirdparty.io.netty.util.concurrent.SingleThreadEventExecutor$5.run(SingleThreadEventExecutor.java:897)
	at org.apache.ratis.thirdparty.io.netty.util.concurrent.FastThreadLocalRunnable.run(FastThreadLocalRunnable.java:30)
	... 1 more
Caused by: java.net.ConnectException: Connection refused
	... 11 more
2019-10-18 13:01:51,497 [c124d131-afb9-4343-ad4e-aaebde613043@group-FF4202234884-LeaderElection283] INFO  impl.LeaderElection (LogUtils.java:infoOrTrace(149)) - c124d131-afb9-4343-ad4e-aaebde613043@group-FF4202234884-LeaderElection283 got exception when requesting votes: {}
java.util.concurrent.ExecutionException: org.apache.ratis.thirdparty.io.grpc.StatusRuntimeException: UNAVAILABLE: io exception
	at java.util.concurrent.FutureTask.report(FutureTask.java:122)
	at java.util.concurrent.FutureTask.get(FutureTask.java:192)
	at org.apache.ratis.server.impl.LeaderElection.waitForResults(LeaderElection.java:259)
	at org.apache.ratis.server.impl.LeaderElection.askForVotes(LeaderElection.java:197)
	at org.apache.ratis.server.impl.LeaderElection.run(LeaderElection.java:133)
	at java.lang.Thread.run(Thread.java:748)
Caused by: org.apache.ratis.thirdparty.io.grpc.StatusRuntimeException: UNAVAILABLE: io exception
	at org.apache.ratis.thirdparty.io.grpc.stub.ClientCalls.toStatusRuntimeException(ClientCalls.java:233)
	at org.apache.ratis.thirdparty.io.grpc.stub.ClientCalls.getUnchecked(ClientCalls.java:214)
	at org.apache.ratis.thirdparty.io.grpc.stub.ClientCalls.blockingUnaryCall(ClientCalls.java:139)
	at org.apache.ratis.proto.grpc.RaftServerProtocolServiceGrpc$RaftServerProtocolServiceBlockingStub.requestVote(RaftServerProtocolServiceGrpc.java:265)
	at org.apache.ratis.grpc.server.GrpcServerProtocolClient.requestVote(GrpcServerProtocolClient.java:99)
	at org.apache.ratis.grpc.server.GrpcService.requestVote(GrpcService.java:204)
	at org.apache.ratis.server.impl.LeaderElection.lambda$submitRequests$1(LeaderElection.java:234)
	at java.util.concurrent.FutureTask.run(FutureTask.java:266)
	at java.util.concurrent.Executors$RunnableAdapter.call(Executors.java:511)
	at java.util.concurrent.FutureTask.run(FutureTask.java:266)
	at java.util.concurrent.ThreadPoolExecutor.runWorker(ThreadPoolExecutor.java:1149)
	at java.util.concurrent.ThreadPoolExecutor$Worker.run(ThreadPoolExecutor.java:624)
	... 1 more
Caused by: org.apache.ratis.thirdparty.io.netty.channel.AbstractChannel$AnnotatedConnectException: Connection refused: /192.168.34.56:44872
	at sun.nio.ch.SocketChannelImpl.checkConnect(Native Method)
	at sun.nio.ch.SocketChannelImpl.finishConnect(SocketChannelImpl.java:717)
	at org.apache.ratis.thirdparty.io.netty.channel.socket.nio.NioSocketChannel.doFinishConnect(NioSocketChannel.java:327)
	at org.apache.ratis.thirdparty.io.netty.channel.nio.AbstractNioChannel$AbstractNioUnsafe.finishConnect(AbstractNioChannel.java:340)
	at org.apache.ratis.thirdparty.io.netty.channel.nio.NioEventLoop.processSelectedKey(NioEventLoop.java:632)
	at org.apache.ratis.thirdparty.io.netty.channel.nio.NioEventLoop.processSelectedKeysOptimized(NioEventLoop.java:579)
	at org.apache.ratis.thirdparty.io.netty.channel.nio.NioEventLoop.processSelectedKeys(NioEventLoop.java:496)
	at org.apache.ratis.thirdparty.io.netty.channel.nio.NioEventLoop.run(NioEventLoop.java:458)
	at org.apache.ratis.thirdparty.io.netty.util.concurrent.SingleThreadEventExecutor$5.run(SingleThreadEventExecutor.java:897)
	at org.apache.ratis.thirdparty.io.netty.util.concurrent.FastThreadLocalRunnable.run(FastThreadLocalRunnable.java:30)
	... 1 more
Caused by: java.net.ConnectException: Connection refused
	... 11 more
2019-10-18 13:01:51,497 [c124d131-afb9-4343-ad4e-aaebde613043@group-FF4202234884-LeaderElection283] INFO  impl.LeaderElection (LeaderElection.java:logAndReturn(56)) - c124d131-afb9-4343-ad4e-aaebde613043@group-FF4202234884-LeaderElection283: Election REJECTED; received 0 response(s) [] and 2 exception(s); c124d131-afb9-4343-ad4e-aaebde613043@group-FF4202234884:t154, leader=null, voted=c124d131-afb9-4343-ad4e-aaebde613043, raftlog=c124d131-afb9-4343-ad4e-aaebde613043@group-FF4202234884-SegmentedRaftLog:OPENED:c-1,f-1,i0, conf=-1: [999343e7-0330-4874-a345-91eca72585e0:192.168.34.56:44872, c124d131-afb9-4343-ad4e-aaebde613043:192.168.34.56:42116, e5bb327f-cdd7-4e49-919e-13a4c895fddf:192.168.34.56:36658], old=null
2019-10-18 13:01:51,497 [c124d131-afb9-4343-ad4e-aaebde613043@group-FF4202234884-LeaderElection283] INFO  impl.LeaderElection (LogUtils.java:infoOrTrace(149)) -   Exception 0: {}
java.util.concurrent.ExecutionException: org.apache.ratis.thirdparty.io.grpc.StatusRuntimeException: UNAVAILABLE: io exception
	at java.util.concurrent.FutureTask.report(FutureTask.java:122)
	at java.util.concurrent.FutureTask.get(FutureTask.java:192)
	at org.apache.ratis.server.impl.LeaderElection.waitForResults(LeaderElection.java:259)
	at org.apache.ratis.server.impl.LeaderElection.askForVotes(LeaderElection.java:197)
	at org.apache.ratis.server.impl.LeaderElection.run(LeaderElection.java:133)
	at java.lang.Thread.run(Thread.java:748)
Caused by: org.apache.ratis.thirdparty.io.grpc.StatusRuntimeException: UNAVAILABLE: io exception
	at org.apache.ratis.thirdparty.io.grpc.stub.ClientCalls.toStatusRuntimeException(ClientCalls.java:233)
	at org.apache.ratis.thirdparty.io.grpc.stub.ClientCalls.getUnchecked(ClientCalls.java:214)
	at org.apache.ratis.thirdparty.io.grpc.stub.ClientCalls.blockingUnaryCall(ClientCalls.java:139)
	at org.apache.ratis.proto.grpc.RaftServerProtocolServiceGrpc$RaftServerProtocolServiceBlockingStub.requestVote(RaftServerProtocolServiceGrpc.java:265)
	at org.apache.ratis.grpc.server.GrpcServerProtocolClient.requestVote(GrpcServerProtocolClient.java:99)
	at org.apache.ratis.grpc.server.GrpcService.requestVote(GrpcService.java:204)
	at org.apache.ratis.server.impl.LeaderElection.lambda$submitRequests$1(LeaderElection.java:234)
	at java.util.concurrent.FutureTask.run(FutureTask.java:266)
	at java.util.concurrent.Executors$RunnableAdapter.call(Executors.java:511)
	at java.util.concurrent.FutureTask.run(FutureTask.java:266)
	at java.util.concurrent.ThreadPoolExecutor.runWorker(ThreadPoolExecutor.java:1149)
	at java.util.concurrent.ThreadPoolExecutor$Worker.run(ThreadPoolExecutor.java:624)
	... 1 more
Caused by: org.apache.ratis.thirdparty.io.netty.channel.AbstractChannel$AnnotatedConnectException: Connection refused: /192.168.34.56:36658
	at sun.nio.ch.SocketChannelImpl.checkConnect(Native Method)
	at sun.nio.ch.SocketChannelImpl.finishConnect(SocketChannelImpl.java:717)
	at org.apache.ratis.thirdparty.io.netty.channel.socket.nio.NioSocketChannel.doFinishConnect(NioSocketChannel.java:327)
	at org.apache.ratis.thirdparty.io.netty.channel.nio.AbstractNioChannel$AbstractNioUnsafe.finishConnect(AbstractNioChannel.java:340)
	at org.apache.ratis.thirdparty.io.netty.channel.nio.NioEventLoop.processSelectedKey(NioEventLoop.java:632)
	at org.apache.ratis.thirdparty.io.netty.channel.nio.NioEventLoop.processSelectedKeysOptimized(NioEventLoop.java:579)
	at org.apache.ratis.thirdparty.io.netty.channel.nio.NioEventLoop.processSelectedKeys(NioEventLoop.java:496)
	at org.apache.ratis.thirdparty.io.netty.channel.nio.NioEventLoop.run(NioEventLoop.java:458)
	at org.apache.ratis.thirdparty.io.netty.util.concurrent.SingleThreadEventExecutor$5.run(SingleThreadEventExecutor.java:897)
	at org.apache.ratis.thirdparty.io.netty.util.concurrent.FastThreadLocalRunnable.run(FastThreadLocalRunnable.java:30)
	... 1 more
Caused by: java.net.ConnectException: Connection refused
	... 11 more
2019-10-18 13:01:51,497 [c124d131-afb9-4343-ad4e-aaebde613043@group-FF4202234884-LeaderElection283] INFO  impl.LeaderElection (LogUtils.java:infoOrTrace(149)) -   Exception 1: {}
java.util.concurrent.ExecutionException: org.apache.ratis.thirdparty.io.grpc.StatusRuntimeException: UNAVAILABLE: io exception
	at java.util.concurrent.FutureTask.report(FutureTask.java:122)
	at java.util.concurrent.FutureTask.get(FutureTask.java:192)
	at org.apache.ratis.server.impl.LeaderElection.waitForResults(LeaderElection.java:259)
	at org.apache.ratis.server.impl.LeaderElection.askForVotes(LeaderElection.java:197)
	at org.apache.ratis.server.impl.LeaderElection.run(LeaderElection.java:133)
	at java.lang.Thread.run(Thread.java:748)
Caused by: org.apache.ratis.thirdparty.io.grpc.StatusRuntimeException: UNAVAILABLE: io exception
	at org.apache.ratis.thirdparty.io.grpc.stub.ClientCalls.toStatusRuntimeException(ClientCalls.java:233)
	at org.apache.ratis.thirdparty.io.grpc.stub.ClientCalls.getUnchecked(ClientCalls.java:214)
	at org.apache.ratis.thirdparty.io.grpc.stub.ClientCalls.blockingUnaryCall(ClientCalls.java:139)
	at org.apache.ratis.proto.grpc.RaftServerProtocolServiceGrpc$RaftServerProtocolServiceBlockingStub.requestVote(RaftServerProtocolServiceGrpc.java:265)
	at org.apache.ratis.grpc.server.GrpcServerProtocolClient.requestVote(GrpcServerProtocolClient.java:99)
	at org.apache.ratis.grpc.server.GrpcService.requestVote(GrpcService.java:204)
	at org.apache.ratis.server.impl.LeaderElection.lambda$submitRequests$1(LeaderElection.java:234)
	at java.util.concurrent.FutureTask.run(FutureTask.java:266)
	at java.util.concurrent.Executors$RunnableAdapter.call(Executors.java:511)
	at java.util.concurrent.FutureTask.run(FutureTask.java:266)
	at java.util.concurrent.ThreadPoolExecutor.runWorker(ThreadPoolExecutor.java:1149)
	at java.util.concurrent.ThreadPoolExecutor$Worker.run(ThreadPoolExecutor.java:624)
	... 1 more
Caused by: org.apache.ratis.thirdparty.io.netty.channel.AbstractChannel$AnnotatedConnectException: Connection refused: /192.168.34.56:44872
	at sun.nio.ch.SocketChannelImpl.checkConnect(Native Method)
	at sun.nio.ch.SocketChannelImpl.finishConnect(SocketChannelImpl.java:717)
	at org.apache.ratis.thirdparty.io.netty.channel.socket.nio.NioSocketChannel.doFinishConnect(NioSocketChannel.java:327)
	at org.apache.ratis.thirdparty.io.netty.channel.nio.AbstractNioChannel$AbstractNioUnsafe.finishConnect(AbstractNioChannel.java:340)
	at org.apache.ratis.thirdparty.io.netty.channel.nio.NioEventLoop.processSelectedKey(NioEventLoop.java:632)
	at org.apache.ratis.thirdparty.io.netty.channel.nio.NioEventLoop.processSelectedKeysOptimized(NioEventLoop.java:579)
	at org.apache.ratis.thirdparty.io.netty.channel.nio.NioEventLoop.processSelectedKeys(NioEventLoop.java:496)
	at org.apache.ratis.thirdparty.io.netty.channel.nio.NioEventLoop.run(NioEventLoop.java:458)
	at org.apache.ratis.thirdparty.io.netty.util.concurrent.SingleThreadEventExecutor$5.run(SingleThreadEventExecutor.java:897)
	at org.apache.ratis.thirdparty.io.netty.util.concurrent.FastThreadLocalRunnable.run(FastThreadLocalRunnable.java:30)
	... 1 more
Caused by: java.net.ConnectException: Connection refused
	... 11 more
2019-10-18 13:01:51,497 [c124d131-afb9-4343-ad4e-aaebde613043@group-FF4202234884-LeaderElection283] INFO  impl.RaftServerImpl (RaftServerImpl.java:setRole(184)) - c124d131-afb9-4343-ad4e-aaebde613043@group-FF4202234884: changes role from CANDIDATE to FOLLOWER at term 154 for DISCOVERED_A_NEW_TERM
2019-10-18 13:01:51,498 [c124d131-afb9-4343-ad4e-aaebde613043@group-FF4202234884-LeaderElection283] INFO  impl.RoleInfo (RoleInfo.java:shutdownLeaderElection(134)) - c124d131-afb9-4343-ad4e-aaebde613043: shutdown LeaderElection
2019-10-18 13:01:51,498 [c124d131-afb9-4343-ad4e-aaebde613043@group-FF4202234884-LeaderElection283] INFO  impl.RoleInfo (RoleInfo.java:updateAndGet(143)) - c124d131-afb9-4343-ad4e-aaebde613043: start FollowerState
2019-10-18 13:01:51,601 [Thread-2440] INFO  impl.FollowerState (FollowerState.java:run(108)) - c124d131-afb9-4343-ad4e-aaebde613043@group-FF4202234884-FollowerState: change to CANDIDATE, lastRpcTime:103ms, electionTimeout:103ms
2019-10-18 13:01:51,601 [Thread-2440] INFO  impl.RoleInfo (RoleInfo.java:shutdownFollowerState(121)) - c124d131-afb9-4343-ad4e-aaebde613043: shutdown FollowerState
2019-10-18 13:01:51,601 [Thread-2440] INFO  impl.RaftServerImpl (RaftServerImpl.java:setRole(184)) - c124d131-afb9-4343-ad4e-aaebde613043@group-FF4202234884: changes role from  FOLLOWER to CANDIDATE at term 154 for changeToCandidate
2019-10-18 13:01:51,601 [Thread-2440] INFO  impl.RoleInfo (RoleInfo.java:updateAndGet(143)) - c124d131-afb9-4343-ad4e-aaebde613043: start LeaderElection
2019-10-18 13:01:51,607 [Thread-2436] INFO  impl.FollowerState (FollowerState.java:run(108)) - 018b3f78-d19f-4e26-a796-cb8ddc4f97cf@group-187684C21557-FollowerState: change to CANDIDATE, lastRpcTime:185ms, electionTimeout:185ms
2019-10-18 13:01:51,608 [Thread-2436] INFO  impl.RoleInfo (RoleInfo.java:shutdownFollowerState(121)) - 018b3f78-d19f-4e26-a796-cb8ddc4f97cf: shutdown FollowerState
2019-10-18 13:01:51,608 [Thread-2436] INFO  impl.RaftServerImpl (RaftServerImpl.java:setRole(184)) - 018b3f78-d19f-4e26-a796-cb8ddc4f97cf@group-187684C21557: changes role from  FOLLOWER to CANDIDATE at term 163 for changeToCandidate
2019-10-18 13:01:51,608 [Thread-2436] INFO  impl.RoleInfo (RoleInfo.java:updateAndGet(143)) - 018b3f78-d19f-4e26-a796-cb8ddc4f97cf: start LeaderElection
2019-10-18 13:01:51,618 [c124d131-afb9-4343-ad4e-aaebde613043@group-FF4202234884-LeaderElection284] INFO  impl.LeaderElection (LeaderElection.java:askForVotes(178)) - c124d131-afb9-4343-ad4e-aaebde613043@group-FF4202234884-LeaderElection284: begin an election at term 155 for -1: [999343e7-0330-4874-a345-91eca72585e0:192.168.34.56:44872, c124d131-afb9-4343-ad4e-aaebde613043:192.168.34.56:42116, e5bb327f-cdd7-4e49-919e-13a4c895fddf:192.168.34.56:36658], old=null
2019-10-18 13:01:51,619 [c124d131-afb9-4343-ad4e-aaebde613043@group-FF4202234884-LeaderElection284] INFO  impl.LeaderElection (LogUtils.java:infoOrTrace(149)) - c124d131-afb9-4343-ad4e-aaebde613043@group-FF4202234884-LeaderElection284 got exception when requesting votes: {}
java.util.concurrent.ExecutionException: org.apache.ratis.thirdparty.io.grpc.StatusRuntimeException: UNAVAILABLE: io exception
	at java.util.concurrent.FutureTask.report(FutureTask.java:122)
	at java.util.concurrent.FutureTask.get(FutureTask.java:192)
	at org.apache.ratis.server.impl.LeaderElection.waitForResults(LeaderElection.java:259)
	at org.apache.ratis.server.impl.LeaderElection.askForVotes(LeaderElection.java:197)
	at org.apache.ratis.server.impl.LeaderElection.run(LeaderElection.java:133)
	at java.lang.Thread.run(Thread.java:748)
Caused by: org.apache.ratis.thirdparty.io.grpc.StatusRuntimeException: UNAVAILABLE: io exception
	at org.apache.ratis.thirdparty.io.grpc.stub.ClientCalls.toStatusRuntimeException(ClientCalls.java:233)
	at org.apache.ratis.thirdparty.io.grpc.stub.ClientCalls.getUnchecked(ClientCalls.java:214)
	at org.apache.ratis.thirdparty.io.grpc.stub.ClientCalls.blockingUnaryCall(ClientCalls.java:139)
	at org.apache.ratis.proto.grpc.RaftServerProtocolServiceGrpc$RaftServerProtocolServiceBlockingStub.requestVote(RaftServerProtocolServiceGrpc.java:265)
	at org.apache.ratis.grpc.server.GrpcServerProtocolClient.requestVote(GrpcServerProtocolClient.java:99)
	at org.apache.ratis.grpc.server.GrpcService.requestVote(GrpcService.java:204)
	at org.apache.ratis.server.impl.LeaderElection.lambda$submitRequests$1(LeaderElection.java:234)
	at java.util.concurrent.FutureTask.run(FutureTask.java:266)
	at java.util.concurrent.Executors$RunnableAdapter.call(Executors.java:511)
	at java.util.concurrent.FutureTask.run(FutureTask.java:266)
	at java.util.concurrent.ThreadPoolExecutor.runWorker(ThreadPoolExecutor.java:1149)
	at java.util.concurrent.ThreadPoolExecutor$Worker.run(ThreadPoolExecutor.java:624)
	... 1 more
Caused by: org.apache.ratis.thirdparty.io.netty.channel.AbstractChannel$AnnotatedConnectException: Connection refused: /192.168.34.56:44872
	at sun.nio.ch.SocketChannelImpl.checkConnect(Native Method)
	at sun.nio.ch.SocketChannelImpl.finishConnect(SocketChannelImpl.java:717)
	at org.apache.ratis.thirdparty.io.netty.channel.socket.nio.NioSocketChannel.doFinishConnect(NioSocketChannel.java:327)
	at org.apache.ratis.thirdparty.io.netty.channel.nio.AbstractNioChannel$AbstractNioUnsafe.finishConnect(AbstractNioChannel.java:340)
	at org.apache.ratis.thirdparty.io.netty.channel.nio.NioEventLoop.processSelectedKey(NioEventLoop.java:632)
	at org.apache.ratis.thirdparty.io.netty.channel.nio.NioEventLoop.processSelectedKeysOptimized(NioEventLoop.java:579)
	at org.apache.ratis.thirdparty.io.netty.channel.nio.NioEventLoop.processSelectedKeys(NioEventLoop.java:496)
	at org.apache.ratis.thirdparty.io.netty.channel.nio.NioEventLoop.run(NioEventLoop.java:458)
	at org.apache.ratis.thirdparty.io.netty.util.concurrent.SingleThreadEventExecutor$5.run(SingleThreadEventExecutor.java:897)
	at org.apache.ratis.thirdparty.io.netty.util.concurrent.FastThreadLocalRunnable.run(FastThreadLocalRunnable.java:30)
	... 1 more
Caused by: java.net.ConnectException: Connection refused
	... 11 more
2019-10-18 13:01:51,619 [c124d131-afb9-4343-ad4e-aaebde613043@group-FF4202234884-LeaderElection284] INFO  impl.LeaderElection (LogUtils.java:infoOrTrace(149)) - c124d131-afb9-4343-ad4e-aaebde613043@group-FF4202234884-LeaderElection284 got exception when requesting votes: {}
java.util.concurrent.ExecutionException: org.apache.ratis.thirdparty.io.grpc.StatusRuntimeException: UNAVAILABLE: io exception
	at java.util.concurrent.FutureTask.report(FutureTask.java:122)
	at java.util.concurrent.FutureTask.get(FutureTask.java:192)
	at org.apache.ratis.server.impl.LeaderElection.waitForResults(LeaderElection.java:259)
	at org.apache.ratis.server.impl.LeaderElection.askForVotes(LeaderElection.java:197)
	at org.apache.ratis.server.impl.LeaderElection.run(LeaderElection.java:133)
	at java.lang.Thread.run(Thread.java:748)
Caused by: org.apache.ratis.thirdparty.io.grpc.StatusRuntimeException: UNAVAILABLE: io exception
	at org.apache.ratis.thirdparty.io.grpc.stub.ClientCalls.toStatusRuntimeException(ClientCalls.java:233)
	at org.apache.ratis.thirdparty.io.grpc.stub.ClientCalls.getUnchecked(ClientCalls.java:214)
	at org.apache.ratis.thirdparty.io.grpc.stub.ClientCalls.blockingUnaryCall(ClientCalls.java:139)
	at org.apache.ratis.proto.grpc.RaftServerProtocolServiceGrpc$RaftServerProtocolServiceBlockingStub.requestVote(RaftServerProtocolServiceGrpc.java:265)
	at org.apache.ratis.grpc.server.GrpcServerProtocolClient.requestVote(GrpcServerProtocolClient.java:99)
	at org.apache.ratis.grpc.server.GrpcService.requestVote(GrpcService.java:204)
	at org.apache.ratis.server.impl.LeaderElection.lambda$submitRequests$1(LeaderElection.java:234)
	at java.util.concurrent.FutureTask.run(FutureTask.java:266)
	at java.util.concurrent.Executors$RunnableAdapter.call(Executors.java:511)
	at java.util.concurrent.FutureTask.run(FutureTask.java:266)
	at java.util.concurrent.ThreadPoolExecutor.runWorker(ThreadPoolExecutor.java:1149)
	at java.util.concurrent.ThreadPoolExecutor$Worker.run(ThreadPoolExecutor.java:624)
	... 1 more
Caused by: org.apache.ratis.thirdparty.io.netty.channel.AbstractChannel$AnnotatedConnectException: Connection refused: /192.168.34.56:36658
	at sun.nio.ch.SocketChannelImpl.checkConnect(Native Method)
	at sun.nio.ch.SocketChannelImpl.finishConnect(SocketChannelImpl.java:717)
	at org.apache.ratis.thirdparty.io.netty.channel.socket.nio.NioSocketChannel.doFinishConnect(NioSocketChannel.java:327)
	at org.apache.ratis.thirdparty.io.netty.channel.nio.AbstractNioChannel$AbstractNioUnsafe.finishConnect(AbstractNioChannel.java:340)
	at org.apache.ratis.thirdparty.io.netty.channel.nio.NioEventLoop.processSelectedKey(NioEventLoop.java:632)
	at org.apache.ratis.thirdparty.io.netty.channel.nio.NioEventLoop.processSelectedKeysOptimized(NioEventLoop.java:579)
	at org.apache.ratis.thirdparty.io.netty.channel.nio.NioEventLoop.processSelectedKeys(NioEventLoop.java:496)
	at org.apache.ratis.thirdparty.io.netty.channel.nio.NioEventLoop.run(NioEventLoop.java:458)
	at org.apache.ratis.thirdparty.io.netty.util.concurrent.SingleThreadEventExecutor$5.run(SingleThreadEventExecutor.java:897)
	at org.apache.ratis.thirdparty.io.netty.util.concurrent.FastThreadLocalRunnable.run(FastThreadLocalRunnable.java:30)
	... 1 more
Caused by: java.net.ConnectException: Connection refused
	... 11 more
2019-10-18 13:01:51,620 [c124d131-afb9-4343-ad4e-aaebde613043@group-FF4202234884-LeaderElection284] INFO  impl.LeaderElection (LeaderElection.java:logAndReturn(56)) - c124d131-afb9-4343-ad4e-aaebde613043@group-FF4202234884-LeaderElection284: Election REJECTED; received 0 response(s) [] and 2 exception(s); c124d131-afb9-4343-ad4e-aaebde613043@group-FF4202234884:t155, leader=null, voted=c124d131-afb9-4343-ad4e-aaebde613043, raftlog=c124d131-afb9-4343-ad4e-aaebde613043@group-FF4202234884-SegmentedRaftLog:OPENED:c-1,f-1,i0, conf=-1: [999343e7-0330-4874-a345-91eca72585e0:192.168.34.56:44872, c124d131-afb9-4343-ad4e-aaebde613043:192.168.34.56:42116, e5bb327f-cdd7-4e49-919e-13a4c895fddf:192.168.34.56:36658], old=null
2019-10-18 13:01:51,620 [c124d131-afb9-4343-ad4e-aaebde613043@group-FF4202234884-LeaderElection284] INFO  impl.LeaderElection (LogUtils.java:infoOrTrace(149)) -   Exception 0: {}
java.util.concurrent.ExecutionException: org.apache.ratis.thirdparty.io.grpc.StatusRuntimeException: UNAVAILABLE: io exception
	at java.util.concurrent.FutureTask.report(FutureTask.java:122)
	at java.util.concurrent.FutureTask.get(FutureTask.java:192)
	at org.apache.ratis.server.impl.LeaderElection.waitForResults(LeaderElection.java:259)
	at org.apache.ratis.server.impl.LeaderElection.askForVotes(LeaderElection.java:197)
	at org.apache.ratis.server.impl.LeaderElection.run(LeaderElection.java:133)
	at java.lang.Thread.run(Thread.java:748)
Caused by: org.apache.ratis.thirdparty.io.grpc.StatusRuntimeException: UNAVAILABLE: io exception
	at org.apache.ratis.thirdparty.io.grpc.stub.ClientCalls.toStatusRuntimeException(ClientCalls.java:233)
	at org.apache.ratis.thirdparty.io.grpc.stub.ClientCalls.getUnchecked(ClientCalls.java:214)
	at org.apache.ratis.thirdparty.io.grpc.stub.ClientCalls.blockingUnaryCall(ClientCalls.java:139)
	at org.apache.ratis.proto.grpc.RaftServerProtocolServiceGrpc$RaftServerProtocolServiceBlockingStub.requestVote(RaftServerProtocolServiceGrpc.java:265)
	at org.apache.ratis.grpc.server.GrpcServerProtocolClient.requestVote(GrpcServerProtocolClient.java:99)
	at org.apache.ratis.grpc.server.GrpcService.requestVote(GrpcService.java:204)
	at org.apache.ratis.server.impl.LeaderElection.lambda$submitRequests$1(LeaderElection.java:234)
	at java.util.concurrent.FutureTask.run(FutureTask.java:266)
	at java.util.concurrent.Executors$RunnableAdapter.call(Executors.java:511)
	at java.util.concurrent.FutureTask.run(FutureTask.java:266)
	at java.util.concurrent.ThreadPoolExecutor.runWorker(ThreadPoolExecutor.java:1149)
	at java.util.concurrent.ThreadPoolExecutor$Worker.run(ThreadPoolExecutor.java:624)
	... 1 more
Caused by: org.apache.ratis.thirdparty.io.netty.channel.AbstractChannel$AnnotatedConnectException: Connection refused: /192.168.34.56:44872
	at sun.nio.ch.SocketChannelImpl.checkConnect(Native Method)
	at sun.nio.ch.SocketChannelImpl.finishConnect(SocketChannelImpl.java:717)
	at org.apache.ratis.thirdparty.io.netty.channel.socket.nio.NioSocketChannel.doFinishConnect(NioSocketChannel.java:327)
	at org.apache.ratis.thirdparty.io.netty.channel.nio.AbstractNioChannel$AbstractNioUnsafe.finishConnect(AbstractNioChannel.java:340)
	at org.apache.ratis.thirdparty.io.netty.channel.nio.NioEventLoop.processSelectedKey(NioEventLoop.java:632)
	at org.apache.ratis.thirdparty.io.netty.channel.nio.NioEventLoop.processSelectedKeysOptimized(NioEventLoop.java:579)
	at org.apache.ratis.thirdparty.io.netty.channel.nio.NioEventLoop.processSelectedKeys(NioEventLoop.java:496)
	at org.apache.ratis.thirdparty.io.netty.channel.nio.NioEventLoop.run(NioEventLoop.java:458)
	at org.apache.ratis.thirdparty.io.netty.util.concurrent.SingleThreadEventExecutor$5.run(SingleThreadEventExecutor.java:897)
	at org.apache.ratis.thirdparty.io.netty.util.concurrent.FastThreadLocalRunnable.run(FastThreadLocalRunnable.java:30)
	... 1 more
Caused by: java.net.ConnectException: Connection refused
	... 11 more
2019-10-18 13:01:51,620 [c124d131-afb9-4343-ad4e-aaebde613043@group-FF4202234884-LeaderElection284] INFO  impl.LeaderElection (LogUtils.java:infoOrTrace(149)) -   Exception 1: {}
java.util.concurrent.ExecutionException: org.apache.ratis.thirdparty.io.grpc.StatusRuntimeException: UNAVAILABLE: io exception
	at java.util.concurrent.FutureTask.report(FutureTask.java:122)
	at java.util.concurrent.FutureTask.get(FutureTask.java:192)
	at org.apache.ratis.server.impl.LeaderElection.waitForResults(LeaderElection.java:259)
	at org.apache.ratis.server.impl.LeaderElection.askForVotes(LeaderElection.java:197)
	at org.apache.ratis.server.impl.LeaderElection.run(LeaderElection.java:133)
	at java.lang.Thread.run(Thread.java:748)
Caused by: org.apache.ratis.thirdparty.io.grpc.StatusRuntimeException: UNAVAILABLE: io exception
	at org.apache.ratis.thirdparty.io.grpc.stub.ClientCalls.toStatusRuntimeException(ClientCalls.java:233)
	at org.apache.ratis.thirdparty.io.grpc.stub.ClientCalls.getUnchecked(ClientCalls.java:214)
	at org.apache.ratis.thirdparty.io.grpc.stub.ClientCalls.blockingUnaryCall(ClientCalls.java:139)
	at org.apache.ratis.proto.grpc.RaftServerProtocolServiceGrpc$RaftServerProtocolServiceBlockingStub.requestVote(RaftServerProtocolServiceGrpc.java:265)
	at org.apache.ratis.grpc.server.GrpcServerProtocolClient.requestVote(GrpcServerProtocolClient.java:99)
	at org.apache.ratis.grpc.server.GrpcService.requestVote(GrpcService.java:204)
	at org.apache.ratis.server.impl.LeaderElection.lambda$submitRequests$1(LeaderElection.java:234)
	at java.util.concurrent.FutureTask.run(FutureTask.java:266)
	at java.util.concurrent.Executors$RunnableAdapter.call(Executors.java:511)
	at java.util.concurrent.FutureTask.run(FutureTask.java:266)
	at java.util.concurrent.ThreadPoolExecutor.runWorker(ThreadPoolExecutor.java:1149)
	at java.util.concurrent.ThreadPoolExecutor$Worker.run(ThreadPoolExecutor.java:624)
	... 1 more
Caused by: org.apache.ratis.thirdparty.io.netty.channel.AbstractChannel$AnnotatedConnectException: Connection refused: /192.168.34.56:36658
	at sun.nio.ch.SocketChannelImpl.checkConnect(Native Method)
	at sun.nio.ch.SocketChannelImpl.finishConnect(SocketChannelImpl.java:717)
	at org.apache.ratis.thirdparty.io.netty.channel.socket.nio.NioSocketChannel.doFinishConnect(NioSocketChannel.java:327)
	at org.apache.ratis.thirdparty.io.netty.channel.nio.AbstractNioChannel$AbstractNioUnsafe.finishConnect(AbstractNioChannel.java:340)
	at org.apache.ratis.thirdparty.io.netty.channel.nio.NioEventLoop.processSelectedKey(NioEventLoop.java:632)
	at org.apache.ratis.thirdparty.io.netty.channel.nio.NioEventLoop.processSelectedKeysOptimized(NioEventLoop.java:579)
	at org.apache.ratis.thirdparty.io.netty.channel.nio.NioEventLoop.processSelectedKeys(NioEventLoop.java:496)
	at org.apache.ratis.thirdparty.io.netty.channel.nio.NioEventLoop.run(NioEventLoop.java:458)
	at org.apache.ratis.thirdparty.io.netty.util.concurrent.SingleThreadEventExecutor$5.run(SingleThreadEventExecutor.java:897)
	at org.apache.ratis.thirdparty.io.netty.util.concurrent.FastThreadLocalRunnable.run(FastThreadLocalRunnable.java:30)
	... 1 more
Caused by: java.net.ConnectException: Connection refused
	... 11 more
2019-10-18 13:01:51,620 [c124d131-afb9-4343-ad4e-aaebde613043@group-FF4202234884-LeaderElection284] INFO  impl.RaftServerImpl (RaftServerImpl.java:setRole(184)) - c124d131-afb9-4343-ad4e-aaebde613043@group-FF4202234884: changes role from CANDIDATE to FOLLOWER at term 155 for DISCOVERED_A_NEW_TERM
2019-10-18 13:01:51,620 [c124d131-afb9-4343-ad4e-aaebde613043@group-FF4202234884-LeaderElection284] INFO  impl.RoleInfo (RoleInfo.java:shutdownLeaderElection(134)) - c124d131-afb9-4343-ad4e-aaebde613043: shutdown LeaderElection
2019-10-18 13:01:51,620 [c124d131-afb9-4343-ad4e-aaebde613043@group-FF4202234884-LeaderElection284] INFO  impl.RoleInfo (RoleInfo.java:updateAndGet(143)) - c124d131-afb9-4343-ad4e-aaebde613043: start FollowerState
2019-10-18 13:01:51,638 [018b3f78-d19f-4e26-a796-cb8ddc4f97cf@group-187684C21557-LeaderElection285] INFO  impl.LeaderElection (LeaderElection.java:askForVotes(178)) - 018b3f78-d19f-4e26-a796-cb8ddc4f97cf@group-187684C21557-LeaderElection285: begin an election at term 164 for -1: [893cf03e-f2cf-478a-892a-a746717e50e3:192.168.34.56:40750, 8697df36-98d2-41b1-bdc7-60597b3b5526:192.168.34.56:46415, 018b3f78-d19f-4e26-a796-cb8ddc4f97cf:192.168.34.56:35845], old=null
2019-10-18 13:01:51,640 [grpc-default-executor-7] INFO  impl.RaftServerImpl (RaftServerImpl.java:setRole(184)) - 893cf03e-f2cf-478a-892a-a746717e50e3@group-187684C21557: changes role from  FOLLOWER to FOLLOWER at term 164 for recognizeCandidate:018b3f78-d19f-4e26-a796-cb8ddc4f97cf
2019-10-18 13:01:51,640 [grpc-default-executor-7] INFO  impl.RoleInfo (RoleInfo.java:shutdownFollowerState(121)) - 893cf03e-f2cf-478a-892a-a746717e50e3: shutdown FollowerState
2019-10-18 13:01:51,640 [grpc-default-executor-2] INFO  impl.RaftServerImpl (RaftServerImpl.java:setRole(184)) - 8697df36-98d2-41b1-bdc7-60597b3b5526@group-187684C21557: changes role from  FOLLOWER to FOLLOWER at term 164 for recognizeCandidate:018b3f78-d19f-4e26-a796-cb8ddc4f97cf
2019-10-18 13:01:51,640 [grpc-default-executor-2] INFO  impl.RoleInfo (RoleInfo.java:shutdownFollowerState(121)) - 8697df36-98d2-41b1-bdc7-60597b3b5526: shutdown FollowerState
2019-10-18 13:01:51,640 [Thread-2435] INFO  impl.FollowerState (FollowerState.java:run(117)) - 893cf03e-f2cf-478a-892a-a746717e50e3@group-187684C21557-FollowerState was interrupted: java.lang.InterruptedException: sleep interrupted
2019-10-18 13:01:51,641 [Thread-2434] INFO  impl.FollowerState (FollowerState.java:run(117)) - 8697df36-98d2-41b1-bdc7-60597b3b5526@group-187684C21557-FollowerState was interrupted: java.lang.InterruptedException: sleep interrupted
2019-10-18 13:01:51,640 [grpc-default-executor-7] INFO  impl.RoleInfo (RoleInfo.java:updateAndGet(143)) - 893cf03e-f2cf-478a-892a-a746717e50e3: start FollowerState
2019-10-18 13:01:51,641 [grpc-default-executor-2] INFO  impl.RoleInfo (RoleInfo.java:updateAndGet(143)) - 8697df36-98d2-41b1-bdc7-60597b3b5526: start FollowerState
2019-10-18 13:01:51,664 [018b3f78-d19f-4e26-a796-cb8ddc4f97cf@group-187684C21557-LeaderElection285] INFO  impl.LeaderElection (LeaderElection.java:logAndReturn(56)) - 018b3f78-d19f-4e26-a796-cb8ddc4f97cf@group-187684C21557-LeaderElection285: Election REJECTED; received 2 response(s) [018b3f78-d19f-4e26-a796-cb8ddc4f97cf<-893cf03e-f2cf-478a-892a-a746717e50e3#0:FAIL-t164, 018b3f78-d19f-4e26-a796-cb8ddc4f97cf<-8697df36-98d2-41b1-bdc7-60597b3b5526#0:FAIL-t164] and 0 exception(s); 018b3f78-d19f-4e26-a796-cb8ddc4f97cf@group-187684C21557:t164, leader=null, voted=018b3f78-d19f-4e26-a796-cb8ddc4f97cf, raftlog=018b3f78-d19f-4e26-a796-cb8ddc4f97cf@group-187684C21557-SegmentedRaftLog:OPENED:c-1,f-1,i0, conf=-1: [893cf03e-f2cf-478a-892a-a746717e50e3:192.168.34.56:40750, 8697df36-98d2-41b1-bdc7-60597b3b5526:192.168.34.56:46415, 018b3f78-d19f-4e26-a796-cb8ddc4f97cf:192.168.34.56:35845], old=null
2019-10-18 13:01:51,664 [018b3f78-d19f-4e26-a796-cb8ddc4f97cf@group-187684C21557-LeaderElection285] INFO  impl.RaftServerImpl (RaftServerImpl.java:setRole(184)) - 018b3f78-d19f-4e26-a796-cb8ddc4f97cf@group-187684C21557: changes role from CANDIDATE to FOLLOWER at term 164 for DISCOVERED_A_NEW_TERM
2019-10-18 13:01:51,664 [018b3f78-d19f-4e26-a796-cb8ddc4f97cf@group-187684C21557-LeaderElection285] INFO  impl.RoleInfo (RoleInfo.java:shutdownLeaderElection(134)) - 018b3f78-d19f-4e26-a796-cb8ddc4f97cf: shutdown LeaderElection
2019-10-18 13:01:51,665 [018b3f78-d19f-4e26-a796-cb8ddc4f97cf@group-187684C21557-LeaderElection285] INFO  impl.RoleInfo (RoleInfo.java:updateAndGet(143)) - 018b3f78-d19f-4e26-a796-cb8ddc4f97cf: start FollowerState
2019-10-18 13:01:51,685 [main] INFO  ozoneimpl.OzoneContainer (OzoneContainer.java:stop(227)) - Attempting to stop container services.
2019-10-18 13:01:51,686 [main] INFO  impl.RaftServerProxy (RaftServerProxy.java:lambda$close$4(314)) - 896cef04-248b-470f-8c5c-c9acb81bb157: close
2019-10-18 13:01:51,686 [main] INFO  impl.RaftServerImpl (RaftServerImpl.java:lambda$shutdown$3(261)) - 896cef04-248b-470f-8c5c-c9acb81bb157@group-98127B677255: shutdown
2019-10-18 13:01:51,686 [main] INFO  util.JmxRegister (JmxRegister.java:unregister(73)) - Successfully un-registered JMX Bean with object name Ratis:service=RaftServer,group=group-98127B677255,id=896cef04-248b-470f-8c5c-c9acb81bb157
2019-10-18 13:01:51,687 [main] INFO  impl.RoleInfo (RoleInfo.java:shutdownLeaderState(104)) - 896cef04-248b-470f-8c5c-c9acb81bb157: shutdown LeaderState
2019-10-18 13:01:51,687 [main] INFO  impl.PendingRequests (PendingRequests.java:sendNotLeaderResponses(202)) - 896cef04-248b-470f-8c5c-c9acb81bb157@group-98127B677255-PendingRequests: sendNotLeaderResponses
2019-10-18 13:01:51,687 [main] INFO  impl.StateMachineUpdater (StateMachineUpdater.java:stopAndJoin(136)) - 896cef04-248b-470f-8c5c-c9acb81bb157@group-98127B677255-StateMachineUpdater: set stopIndex = 0
2019-10-18 13:01:51,688 [main] INFO  impl.RaftServerImpl (ServerState.java:close(388)) - 896cef04-248b-470f-8c5c-c9acb81bb157@group-98127B677255: closes. applyIndex: 0
2019-10-18 13:01:51,688 [896cef04-248b-470f-8c5c-c9acb81bb157@group-98127B677255-SegmentedRaftLogWorker] INFO  segmented.SegmentedRaftLogWorker (SegmentedRaftLogWorker.java:run(316)) - 896cef04-248b-470f-8c5c-c9acb81bb157@group-98127B677255-SegmentedRaftLogWorker was interrupted, exiting. There are 0 tasks remaining in the queue.
2019-10-18 13:01:51,691 [main] INFO  segmented.SegmentedRaftLogWorker (SegmentedRaftLogWorker.java:close(224)) - 896cef04-248b-470f-8c5c-c9acb81bb157@group-98127B677255-SegmentedRaftLogWorker close()
2019-10-18 13:01:51,693 [main] INFO  impl.RaftServerImpl (RaftServerImpl.java:lambda$shutdown$3(261)) - 896cef04-248b-470f-8c5c-c9acb81bb157@group-08BD6F798C58: shutdown
2019-10-18 13:01:51,693 [main] INFO  util.JmxRegister (JmxRegister.java:unregister(73)) - Successfully un-registered JMX Bean with object name Ratis:service=RaftServer,group=group-08BD6F798C58,id=896cef04-248b-470f-8c5c-c9acb81bb157
2019-10-18 13:01:51,694 [main] INFO  impl.RoleInfo (RoleInfo.java:shutdownFollowerState(121)) - 896cef04-248b-470f-8c5c-c9acb81bb157: shutdown FollowerState
2019-10-18 13:01:51,694 [main] INFO  impl.StateMachineUpdater (StateMachineUpdater.java:stopAndJoin(136)) - 896cef04-248b-470f-8c5c-c9acb81bb157@group-08BD6F798C58-StateMachineUpdater: set stopIndex = 19
2019-10-18 13:01:51,694 [Thread-550] INFO  impl.FollowerState (FollowerState.java:run(117)) - 896cef04-248b-470f-8c5c-c9acb81bb157@group-08BD6F798C58-FollowerState was interrupted: java.lang.InterruptedException: sleep interrupted
2019-10-18 13:01:51,694 [896cef04-248b-470f-8c5c-c9acb81bb157@group-08BD6F798C58-StateMachineUpdater] INFO  ratis.ContainerStateMachine (ContainerStateMachine.java:takeSnapshot(294)) - group-08BD6F798C58: Taking a snapshot at:(t:10, i:18) file /workdir/hadoop-ozone/integration-test/target/test-dir/MiniOzoneClusterImpl-206d85c3-6704-4dbf-80de-7c3e9cc4f072/datanode-6/data/ratis/8d0501bc-c773-46c0-9e33-08bd6f798c58/sm/snapshot.10_18
2019-10-18 13:01:51,707 [ForkJoinPool.commonPool-worker-0] INFO  ozoneimpl.OzoneContainer (OzoneContainer.java:stop(227)) - Attempting to stop container services.
2019-10-18 13:01:51,707 [ForkJoinPool.commonPool-worker-0] INFO  impl.RaftServerProxy (RaftServerProxy.java:lambda$close$4(314)) - 32d97539-eb73-46c6-a759-05f11ff00f4c: close
2019-10-18 13:01:51,707 [ForkJoinPool.commonPool-worker-0] INFO  impl.RaftServerImpl (RaftServerImpl.java:lambda$shutdown$3(261)) - 32d97539-eb73-46c6-a759-05f11ff00f4c@group-315A7157CD34: shutdown
2019-10-18 13:01:51,707 [ForkJoinPool.commonPool-worker-0] INFO  util.JmxRegister (JmxRegister.java:unregister(73)) - Successfully un-registered JMX Bean with object name Ratis:service=RaftServer,group=group-315A7157CD34,id=32d97539-eb73-46c6-a759-05f11ff00f4c
2019-10-18 13:01:51,708 [ForkJoinPool.commonPool-worker-0] INFO  impl.RoleInfo (RoleInfo.java:shutdownLeaderState(104)) - 32d97539-eb73-46c6-a759-05f11ff00f4c: shutdown LeaderState
2019-10-18 13:01:51,708 [ForkJoinPool.commonPool-worker-0] INFO  impl.PendingRequests (PendingRequests.java:sendNotLeaderResponses(202)) - 32d97539-eb73-46c6-a759-05f11ff00f4c@group-315A7157CD34-PendingRequests: sendNotLeaderResponses
2019-10-18 13:01:51,708 [ForkJoinPool.commonPool-worker-0] INFO  impl.StateMachineUpdater (StateMachineUpdater.java:stopAndJoin(136)) - 32d97539-eb73-46c6-a759-05f11ff00f4c@group-315A7157CD34-StateMachineUpdater: set stopIndex = 0
2019-10-18 13:01:51,708 [ForkJoinPool.commonPool-worker-0] INFO  impl.RaftServerImpl (ServerState.java:close(388)) - 32d97539-eb73-46c6-a759-05f11ff00f4c@group-315A7157CD34: closes. applyIndex: 0
2019-10-18 13:01:51,709 [32d97539-eb73-46c6-a759-05f11ff00f4c@group-315A7157CD34-SegmentedRaftLogWorker] INFO  segmented.SegmentedRaftLogWorker (SegmentedRaftLogWorker.java:run(316)) - 32d97539-eb73-46c6-a759-05f11ff00f4c@group-315A7157CD34-SegmentedRaftLogWorker was interrupted, exiting. There are 0 tasks remaining in the queue.
2019-10-18 13:01:51,711 [ForkJoinPool.commonPool-worker-0] INFO  segmented.SegmentedRaftLogWorker (SegmentedRaftLogWorker.java:close(224)) - 32d97539-eb73-46c6-a759-05f11ff00f4c@group-315A7157CD34-SegmentedRaftLogWorker close()
2019-10-18 13:01:51,713 [ForkJoinPool.commonPool-worker-0] INFO  impl.RaftServerImpl (RaftServerImpl.java:lambda$shutdown$3(261)) - 32d97539-eb73-46c6-a759-05f11ff00f4c@group-08BD6F798C58: shutdown
2019-10-18 13:01:51,713 [ForkJoinPool.commonPool-worker-0] INFO  util.JmxRegister (JmxRegister.java:unregister(73)) - Successfully un-registered JMX Bean with object name Ratis:service=RaftServer,group=group-08BD6F798C58,id=32d97539-eb73-46c6-a759-05f11ff00f4c
2019-10-18 13:01:51,713 [ForkJoinPool.commonPool-worker-0] INFO  impl.RoleInfo (RoleInfo.java:shutdownFollowerState(121)) - 32d97539-eb73-46c6-a759-05f11ff00f4c: shutdown FollowerState
2019-10-18 13:01:51,713 [ForkJoinPool.commonPool-worker-0] INFO  impl.StateMachineUpdater (StateMachineUpdater.java:stopAndJoin(136)) - 32d97539-eb73-46c6-a759-05f11ff00f4c@group-08BD6F798C58-StateMachineUpdater: set stopIndex = 19
2019-10-18 13:01:51,713 [32d97539-eb73-46c6-a759-05f11ff00f4c@group-08BD6F798C58-StateMachineUpdater] INFO  ratis.ContainerStateMachine (ContainerStateMachine.java:takeSnapshot(294)) - group-08BD6F798C58: Taking a snapshot at:(t:10, i:18) file /workdir/hadoop-ozone/integration-test/target/test-dir/MiniOzoneClusterImpl-206d85c3-6704-4dbf-80de-7c3e9cc4f072/datanode-3/data/ratis/8d0501bc-c773-46c0-9e33-08bd6f798c58/sm/snapshot.10_18
2019-10-18 13:01:51,713 [Thread-560] INFO  impl.FollowerState (FollowerState.java:run(117)) - 32d97539-eb73-46c6-a759-05f11ff00f4c@group-08BD6F798C58-FollowerState was interrupted: java.lang.InterruptedException: sleep interrupted
2019-10-18 13:01:51,729 [Thread-2450] INFO  impl.FollowerState (FollowerState.java:run(108)) - 018b3f78-d19f-4e26-a796-cb8ddc4f97cf@group-187684C21557-FollowerState: change to CANDIDATE, lastRpcTime:64ms, electionTimeout:64ms
2019-10-18 13:01:51,729 [Thread-2450] INFO  impl.RoleInfo (RoleInfo.java:shutdownFollowerState(121)) - 018b3f78-d19f-4e26-a796-cb8ddc4f97cf: shutdown FollowerState
2019-10-18 13:01:51,729 [Thread-2450] INFO  impl.RaftServerImpl (RaftServerImpl.java:setRole(184)) - 018b3f78-d19f-4e26-a796-cb8ddc4f97cf@group-187684C21557: changes role from  FOLLOWER to CANDIDATE at term 164 for changeToCandidate
2019-10-18 13:01:51,729 [Thread-2450] INFO  impl.RoleInfo (RoleInfo.java:updateAndGet(143)) - 018b3f78-d19f-4e26-a796-cb8ddc4f97cf: start LeaderElection
2019-10-18 13:01:51,740 [896cef04-248b-470f-8c5c-c9acb81bb157@group-08BD6F798C58-StateMachineUpdater] INFO  ratis.ContainerStateMachine (ContainerStateMachine.java:takeSnapshot(305)) - group-08BD6F798C58: Finished taking a snapshot at:(t:10, i:18) file:/workdir/hadoop-ozone/integration-test/target/test-dir/MiniOzoneClusterImpl-206d85c3-6704-4dbf-80de-7c3e9cc4f072/datanode-6/data/ratis/8d0501bc-c773-46c0-9e33-08bd6f798c58/sm/snapshot.10_18 time:47
2019-10-18 13:01:51,740 [32d97539-eb73-46c6-a759-05f11ff00f4c@group-08BD6F798C58-StateMachineUpdater] INFO  ratis.ContainerStateMachine (ContainerStateMachine.java:takeSnapshot(305)) - group-08BD6F798C58: Finished taking a snapshot at:(t:10, i:18) file:/workdir/hadoop-ozone/integration-test/target/test-dir/MiniOzoneClusterImpl-206d85c3-6704-4dbf-80de-7c3e9cc4f072/datanode-3/data/ratis/8d0501bc-c773-46c0-9e33-08bd6f798c58/sm/snapshot.10_18 time:27
2019-10-18 13:01:51,746 [896cef04-248b-470f-8c5c-c9acb81bb157@group-08BD6F798C58-StateMachineUpdater] INFO  impl.StateMachineUpdater (StateMachineUpdater.java:takeSnapshot(269)) - 896cef04-248b-470f-8c5c-c9acb81bb157@group-08BD6F798C58-StateMachineUpdater: Took a snapshot at index 18
2019-10-18 13:01:51,746 [32d97539-eb73-46c6-a759-05f11ff00f4c@group-08BD6F798C58-StateMachineUpdater] INFO  impl.StateMachineUpdater (StateMachineUpdater.java:takeSnapshot(269)) - 32d97539-eb73-46c6-a759-05f11ff00f4c@group-08BD6F798C58-StateMachineUpdater: Took a snapshot at index 18
2019-10-18 13:01:51,746 [896cef04-248b-470f-8c5c-c9acb81bb157@group-08BD6F798C58-StateMachineUpdater] INFO  impl.StateMachineUpdater (StateMachineUpdater.java:lambda$new$0(84)) - 896cef04-248b-470f-8c5c-c9acb81bb157@group-08BD6F798C58-StateMachineUpdater: snapshotIndex: updateIncreasingly -1 -> 18
2019-10-18 13:01:51,746 [32d97539-eb73-46c6-a759-05f11ff00f4c@group-08BD6F798C58-StateMachineUpdater] INFO  impl.StateMachineUpdater (StateMachineUpdater.java:lambda$new$0(84)) - 32d97539-eb73-46c6-a759-05f11ff00f4c@group-08BD6F798C58-StateMachineUpdater: snapshotIndex: updateIncreasingly -1 -> 18
2019-10-18 13:01:51,753 [32d97539-eb73-46c6-a759-05f11ff00f4c@group-08BD6F798C58-StateMachineUpdater] INFO  ratis.ContainerStateMachine (ContainerStateMachine.java:takeSnapshot(294)) - group-08BD6F798C58: Taking a snapshot at:(t:10, i:18) file /workdir/hadoop-ozone/integration-test/target/test-dir/MiniOzoneClusterImpl-206d85c3-6704-4dbf-80de-7c3e9cc4f072/datanode-3/data/ratis/8d0501bc-c773-46c0-9e33-08bd6f798c58/sm/snapshot.10_18
2019-10-18 13:01:51,753 [896cef04-248b-470f-8c5c-c9acb81bb157@group-08BD6F798C58-StateMachineUpdater] INFO  ratis.ContainerStateMachine (ContainerStateMachine.java:takeSnapshot(294)) - group-08BD6F798C58: Taking a snapshot at:(t:10, i:18) file /workdir/hadoop-ozone/integration-test/target/test-dir/MiniOzoneClusterImpl-206d85c3-6704-4dbf-80de-7c3e9cc4f072/datanode-6/data/ratis/8d0501bc-c773-46c0-9e33-08bd6f798c58/sm/snapshot.10_18
2019-10-18 13:01:51,815 [018b3f78-d19f-4e26-a796-cb8ddc4f97cf@group-187684C21557-LeaderElection286] INFO  impl.LeaderElection (LeaderElection.java:askForVotes(178)) - 018b3f78-d19f-4e26-a796-cb8ddc4f97cf@group-187684C21557-LeaderElection286: begin an election at term 165 for -1: [893cf03e-f2cf-478a-892a-a746717e50e3:192.168.34.56:40750, 8697df36-98d2-41b1-bdc7-60597b3b5526:192.168.34.56:46415, 018b3f78-d19f-4e26-a796-cb8ddc4f97cf:192.168.34.56:35845], old=null
2019-10-18 13:01:51,816 [Thread-2445] INFO  impl.FollowerState (FollowerState.java:run(108)) - c124d131-afb9-4343-ad4e-aaebde613043@group-FF4202234884-FollowerState: change to CANDIDATE, lastRpcTime:195ms, electionTimeout:195ms
2019-10-18 13:01:51,816 [Thread-2445] INFO  impl.RoleInfo (RoleInfo.java:shutdownFollowerState(121)) - c124d131-afb9-4343-ad4e-aaebde613043: shutdown FollowerState
2019-10-18 13:01:51,816 [Thread-2445] INFO  impl.RaftServerImpl (RaftServerImpl.java:setRole(184)) - c124d131-afb9-4343-ad4e-aaebde613043@group-FF4202234884: changes role from  FOLLOWER to CANDIDATE at term 155 for changeToCandidate
2019-10-18 13:01:51,816 [Thread-2445] INFO  impl.RoleInfo (RoleInfo.java:updateAndGet(143)) - c124d131-afb9-4343-ad4e-aaebde613043: start LeaderElection
2019-10-18 13:01:51,817 [grpc-default-executor-7] INFO  impl.RaftServerImpl (RaftServerImpl.java:setRole(184)) - 8697df36-98d2-41b1-bdc7-60597b3b5526@group-187684C21557: changes role from  FOLLOWER to FOLLOWER at term 165 for recognizeCandidate:018b3f78-d19f-4e26-a796-cb8ddc4f97cf
2019-10-18 13:01:51,817 [grpc-default-executor-7] INFO  impl.RoleInfo (RoleInfo.java:shutdownFollowerState(121)) - 8697df36-98d2-41b1-bdc7-60597b3b5526: shutdown FollowerState
2019-10-18 13:01:51,817 [grpc-default-executor-2] INFO  impl.RaftServerImpl (RaftServerImpl.java:setRole(184)) - 893cf03e-f2cf-478a-892a-a746717e50e3@group-187684C21557: changes role from  FOLLOWER to FOLLOWER at term 165 for recognizeCandidate:018b3f78-d19f-4e26-a796-cb8ddc4f97cf
2019-10-18 13:01:51,817 [Thread-2449] INFO  impl.FollowerState (FollowerState.java:run(117)) - 8697df36-98d2-41b1-bdc7-60597b3b5526@group-187684C21557-FollowerState was interrupted: java.lang.InterruptedException: sleep interrupted
2019-10-18 13:01:51,817 [grpc-default-executor-7] INFO  impl.RoleInfo (RoleInfo.java:updateAndGet(143)) - 8697df36-98d2-41b1-bdc7-60597b3b5526: start FollowerState
2019-10-18 13:01:51,817 [grpc-default-executor-2] INFO  impl.RoleInfo (RoleInfo.java:shutdownFollowerState(121)) - 893cf03e-f2cf-478a-892a-a746717e50e3: shutdown FollowerState
2019-10-18 13:01:51,818 [grpc-default-executor-2] INFO  impl.RoleInfo (RoleInfo.java:updateAndGet(143)) - 893cf03e-f2cf-478a-892a-a746717e50e3: start FollowerState
2019-10-18 13:01:51,818 [Thread-2448] INFO  impl.FollowerState (FollowerState.java:run(117)) - 893cf03e-f2cf-478a-892a-a746717e50e3@group-187684C21557-FollowerState was interrupted: java.lang.InterruptedException: sleep interrupted
2019-10-18 13:01:51,826 [896cef04-248b-470f-8c5c-c9acb81bb157@group-08BD6F798C58-StateMachineUpdater] INFO  ratis.ContainerStateMachine (ContainerStateMachine.java:takeSnapshot(305)) - group-08BD6F798C58: Finished taking a snapshot at:(t:10, i:18) file:/workdir/hadoop-ozone/integration-test/target/test-dir/MiniOzoneClusterImpl-206d85c3-6704-4dbf-80de-7c3e9cc4f072/datanode-6/data/ratis/8d0501bc-c773-46c0-9e33-08bd6f798c58/sm/snapshot.10_18 time:74
2019-10-18 13:01:51,826 [32d97539-eb73-46c6-a759-05f11ff00f4c@group-08BD6F798C58-StateMachineUpdater] INFO  ratis.ContainerStateMachine (ContainerStateMachine.java:takeSnapshot(305)) - group-08BD6F798C58: Finished taking a snapshot at:(t:10, i:18) file:/workdir/hadoop-ozone/integration-test/target/test-dir/MiniOzoneClusterImpl-206d85c3-6704-4dbf-80de-7c3e9cc4f072/datanode-3/data/ratis/8d0501bc-c773-46c0-9e33-08bd6f798c58/sm/snapshot.10_18 time:74
2019-10-18 13:01:51,826 [896cef04-248b-470f-8c5c-c9acb81bb157@group-08BD6F798C58-StateMachineUpdater] INFO  impl.StateMachineUpdater (StateMachineUpdater.java:takeSnapshot(269)) - 896cef04-248b-470f-8c5c-c9acb81bb157@group-08BD6F798C58-StateMachineUpdater: Took a snapshot at index 18
2019-10-18 13:01:51,826 [32d97539-eb73-46c6-a759-05f11ff00f4c@group-08BD6F798C58-StateMachineUpdater] INFO  impl.StateMachineUpdater (StateMachineUpdater.java:takeSnapshot(269)) - 32d97539-eb73-46c6-a759-05f11ff00f4c@group-08BD6F798C58-StateMachineUpdater: Took a snapshot at index 18
2019-10-18 13:01:51,827 [896cef04-248b-470f-8c5c-c9acb81bb157@group-08BD6F798C58-StateMachineUpdater] INFO  impl.StateMachineUpdater (StateMachineUpdater.java:lambda$new$0(84)) - 896cef04-248b-470f-8c5c-c9acb81bb157@group-08BD6F798C58-StateMachineUpdater: snapshotIndex: updateIncreasingly 18 -> 18
2019-10-18 13:01:51,827 [32d97539-eb73-46c6-a759-05f11ff00f4c@group-08BD6F798C58-StateMachineUpdater] INFO  impl.StateMachineUpdater (StateMachineUpdater.java:lambda$new$0(84)) - 32d97539-eb73-46c6-a759-05f11ff00f4c@group-08BD6F798C58-StateMachineUpdater: snapshotIndex: updateIncreasingly 18 -> 18
2019-10-18 13:01:51,827 [main] INFO  impl.RaftServerImpl (ServerState.java:close(388)) - 896cef04-248b-470f-8c5c-c9acb81bb157@group-08BD6F798C58: closes. applyIndex: 19
2019-10-18 13:01:51,827 [ForkJoinPool.commonPool-worker-0] INFO  impl.RaftServerImpl (ServerState.java:close(388)) - 32d97539-eb73-46c6-a759-05f11ff00f4c@group-08BD6F798C58: closes. applyIndex: 19
2019-10-18 13:01:51,827 [896cef04-248b-470f-8c5c-c9acb81bb157@group-08BD6F798C58-SegmentedRaftLogWorker] INFO  segmented.SegmentedRaftLogWorker (SegmentedRaftLogWorker.java:run(316)) - 896cef04-248b-470f-8c5c-c9acb81bb157@group-08BD6F798C58-SegmentedRaftLogWorker was interrupted, exiting. There are 0 tasks remaining in the queue.
2019-10-18 13:01:51,828 [32d97539-eb73-46c6-a759-05f11ff00f4c@group-08BD6F798C58-SegmentedRaftLogWorker] INFO  segmented.SegmentedRaftLogWorker (SegmentedRaftLogWorker.java:run(316)) - 32d97539-eb73-46c6-a759-05f11ff00f4c@group-08BD6F798C58-SegmentedRaftLogWorker was interrupted, exiting. There are 0 tasks remaining in the queue.
2019-10-18 13:01:51,844 [ForkJoinPool.commonPool-worker-0] INFO  segmented.SegmentedRaftLogWorker (SegmentedRaftLogWorker.java:close(224)) - 32d97539-eb73-46c6-a759-05f11ff00f4c@group-08BD6F798C58-SegmentedRaftLogWorker close()
2019-10-18 13:01:51,844 [main] INFO  segmented.SegmentedRaftLogWorker (SegmentedRaftLogWorker.java:close(224)) - 896cef04-248b-470f-8c5c-c9acb81bb157@group-08BD6F798C58-SegmentedRaftLogWorker close()
2019-10-18 13:01:51,848 [ForkJoinPool.commonPool-worker-0] INFO  server.GrpcService (GrpcService.java:closeImpl(164)) - 32d97539-eb73-46c6-a759-05f11ff00f4c: shutdown server with port 35929 now
2019-10-18 13:01:51,852 [main] INFO  server.GrpcService (GrpcService.java:closeImpl(164)) - 896cef04-248b-470f-8c5c-c9acb81bb157: shutdown server with port 37940 now
2019-10-18 13:01:51,854 [grpc-default-executor-0] WARN  server.GrpcServerProtocolService (LogUtils.java:warn(134)) - 32d97539-eb73-46c6-a759-05f11ff00f4c: installSnapshot onError, lastRequest: 17618ccc-f51c-4f14-92cf-842ef2c05e35->32d97539-eb73-46c6-a759-05f11ff00f4c#73-t10, previous=(t:10, i:19), leaderCommit=19, initializing? false, entries: <empty>: org.apache.ratis.thirdparty.io.grpc.StatusRuntimeException: CANCELLED: cancelled before receiving half close
2019-10-18 13:01:51,854 [grpc-default-executor-8] WARN  server.GrpcServerProtocolService (LogUtils.java:warn(134)) - 896cef04-248b-470f-8c5c-c9acb81bb157: installSnapshot onError, lastRequest: 17618ccc-f51c-4f14-92cf-842ef2c05e35->896cef04-248b-470f-8c5c-c9acb81bb157#75-t10, previous=(t:10, i:19), leaderCommit=19, initializing? false, entries: <empty>: org.apache.ratis.thirdparty.io.grpc.StatusRuntimeException: CANCELLED: cancelled before receiving half close
2019-10-18 13:01:51,854 [ForkJoinPool.commonPool-worker-0] INFO  server.GrpcService (GrpcService.java:closeImpl(172)) - 32d97539-eb73-46c6-a759-05f11ff00f4c: shutdown server with port 35929 successfully
2019-10-18 13:01:51,858 [grpc-default-executor-5] WARN  server.GrpcLogAppender (LogUtils.java:warn(134)) - 17618ccc-f51c-4f14-92cf-842ef2c05e35@group-08BD6F798C58->32d97539-eb73-46c6-a759-05f11ff00f4c-AppendLogResponseHandler: Failed appendEntries: org.apache.ratis.thirdparty.io.grpc.StatusRuntimeException: CANCELLED: HTTP/2 error code: CANCEL
Received Rst Stream
2019-10-18 13:01:51,858 [grpc-default-executor-6] WARN  server.GrpcLogAppender (LogUtils.java:warn(134)) - 17618ccc-f51c-4f14-92cf-842ef2c05e35@group-08BD6F798C58->896cef04-248b-470f-8c5c-c9acb81bb157-AppendLogResponseHandler: Failed appendEntries: org.apache.ratis.thirdparty.io.grpc.StatusRuntimeException: CANCELLED: HTTP/2 error code: CANCEL
Received Rst Stream
2019-10-18 13:01:51,859 [main] INFO  server.GrpcService (GrpcService.java:closeImpl(172)) - 896cef04-248b-470f-8c5c-c9acb81bb157: shutdown server with port 37940 successfully
2019-10-18 13:01:51,863 [refreshUsed-/workdir/hadoop-ozone/integration-test/target/test-dir/MiniOzoneClusterImpl-206d85c3-6704-4dbf-80de-7c3e9cc4f072/datanode-6/data/containers] WARN  fs.CachingGetSpaceUsed (CachingGetSpaceUsed.java:run(183)) - Thread Interrupted waiting to refresh disk information: sleep interrupted
2019-10-18 13:01:51,875 [refreshUsed-/workdir/hadoop-ozone/integration-test/target/test-dir/MiniOzoneClusterImpl-206d85c3-6704-4dbf-80de-7c3e9cc4f072/datanode-3/data/containers] WARN  fs.CachingGetSpaceUsed (CachingGetSpaceUsed.java:run(183)) - Thread Interrupted waiting to refresh disk information: sleep interrupted
2019-10-18 13:01:51,879 [018b3f78-d19f-4e26-a796-cb8ddc4f97cf@group-187684C21557-LeaderElection286] INFO  impl.LeaderElection (LeaderElection.java:logAndReturn(56)) - 018b3f78-d19f-4e26-a796-cb8ddc4f97cf@group-187684C21557-LeaderElection286: Election TIMEOUT; received 0 response(s) [] and 0 exception(s); 018b3f78-d19f-4e26-a796-cb8ddc4f97cf@group-187684C21557:t165, leader=null, voted=018b3f78-d19f-4e26-a796-cb8ddc4f97cf, raftlog=018b3f78-d19f-4e26-a796-cb8ddc4f97cf@group-187684C21557-SegmentedRaftLog:OPENED:c-1,f-1,i0, conf=-1: [893cf03e-f2cf-478a-892a-a746717e50e3:192.168.34.56:40750, 8697df36-98d2-41b1-bdc7-60597b3b5526:192.168.34.56:46415, 018b3f78-d19f-4e26-a796-cb8ddc4f97cf:192.168.34.56:35845], old=null
2019-10-18 13:01:51,886 [main] INFO  utils.BackgroundService (BackgroundService.java:shutdown(151)) - Shutting down service BlockDeletingService
2019-10-18 13:01:51,891 [main] INFO  statemachine.DatanodeStateMachine (DatanodeStateMachine.java:stopDaemon(395)) - Ozone container server stopped.
2019-10-18 13:01:51,892 [main] INFO  handler.ContextHandler (ContextHandler.java:doStop(910)) - Stopped o.e.j.w.WebAppContext@2630dbc4{/,null,UNAVAILABLE}{/hddsDatanode}
2019-10-18 13:01:51,893 [main] INFO  server.AbstractConnector (AbstractConnector.java:doStop(318)) - Stopped ServerConnector@5ea4300e{HTTP/1.1,[http/1.1]}{0.0.0.0:0}
2019-10-18 13:01:51,893 [ForkJoinPool.commonPool-worker-0] INFO  utils.BackgroundService (BackgroundService.java:shutdown(151)) - Shutting down service BlockDeletingService
2019-10-18 13:01:51,893 [main] INFO  handler.ContextHandler (ContextHandler.java:doStop(910)) - Stopped o.e.j.s.ServletContextHandler@68b9834c{/static,jar:file:/home/user/.m2/repository/org/apache/hadoop/hadoop-hdds-container-service/0.5.0-SNAPSHOT/hadoop-hdds-container-service-0.5.0-SNAPSHOT.jar!/webapps/static,UNAVAILABLE}
2019-10-18 13:01:51,896 [main] INFO  handler.ContextHandler (ContextHandler.java:doStop(910)) - Stopped o.e.j.s.ServletContextHandler@17fa1336{/logs,file:///workdir/hadoop-ozone/integration-test/target/log,UNAVAILABLE}
2019-10-18 13:01:51,897 [ForkJoinPool.commonPool-worker-0] INFO  statemachine.DatanodeStateMachine (DatanodeStateMachine.java:stopDaemon(395)) - Ozone container server stopped.
2019-10-18 13:01:51,901 [ForkJoinPool.commonPool-worker-0] INFO  handler.ContextHandler (ContextHandler.java:doStop(910)) - Stopped o.e.j.w.WebAppContext@4da6d664{/,null,UNAVAILABLE}{/hddsDatanode}
2019-10-18 13:01:51,902 [ForkJoinPool.commonPool-worker-0] INFO  server.AbstractConnector (AbstractConnector.java:doStop(318)) - Stopped ServerConnector@5e5af8e1{HTTP/1.1,[http/1.1]}{0.0.0.0:0}
2019-10-18 13:01:51,903 [ForkJoinPool.commonPool-worker-0] INFO  handler.ContextHandler (ContextHandler.java:doStop(910)) - Stopped o.e.j.s.ServletContextHandler@68d7a2df{/static,jar:file:/home/user/.m2/repository/org/apache/hadoop/hadoop-hdds-container-service/0.5.0-SNAPSHOT/hadoop-hdds-container-service-0.5.0-SNAPSHOT.jar!/webapps/static,UNAVAILABLE}
2019-10-18 13:01:51,904 [ForkJoinPool.commonPool-worker-0] INFO  handler.ContextHandler (ContextHandler.java:doStop(910)) - Stopped o.e.j.s.ServletContextHandler@4b200971{/logs,file:///workdir/hadoop-ozone/integration-test/target/log,UNAVAILABLE}
2019-10-18 13:01:51,939 [c124d131-afb9-4343-ad4e-aaebde613043@group-FF4202234884-LeaderElection287] INFO  impl.LeaderElection (LeaderElection.java:askForVotes(178)) - c124d131-afb9-4343-ad4e-aaebde613043@group-FF4202234884-LeaderElection287: begin an election at term 156 for -1: [999343e7-0330-4874-a345-91eca72585e0:192.168.34.56:44872, c124d131-afb9-4343-ad4e-aaebde613043:192.168.34.56:42116, e5bb327f-cdd7-4e49-919e-13a4c895fddf:192.168.34.56:36658], old=null
2019-10-18 13:01:51,940 [c124d131-afb9-4343-ad4e-aaebde613043@group-FF4202234884-LeaderElection287] INFO  impl.LeaderElection (LogUtils.java:infoOrTrace(149)) - c124d131-afb9-4343-ad4e-aaebde613043@group-FF4202234884-LeaderElection287 got exception when requesting votes: {}
java.util.concurrent.ExecutionException: org.apache.ratis.thirdparty.io.grpc.StatusRuntimeException: UNAVAILABLE: io exception
	at java.util.concurrent.FutureTask.report(FutureTask.java:122)
	at java.util.concurrent.FutureTask.get(FutureTask.java:192)
	at org.apache.ratis.server.impl.LeaderElection.waitForResults(LeaderElection.java:259)
	at org.apache.ratis.server.impl.LeaderElection.askForVotes(LeaderElection.java:197)
	at org.apache.ratis.server.impl.LeaderElection.run(LeaderElection.java:133)
	at java.lang.Thread.run(Thread.java:748)
Caused by: org.apache.ratis.thirdparty.io.grpc.StatusRuntimeException: UNAVAILABLE: io exception
	at org.apache.ratis.thirdparty.io.grpc.stub.ClientCalls.toStatusRuntimeException(ClientCalls.java:233)
	at org.apache.ratis.thirdparty.io.grpc.stub.ClientCalls.getUnchecked(ClientCalls.java:214)
	at org.apache.ratis.thirdparty.io.grpc.stub.ClientCalls.blockingUnaryCall(ClientCalls.java:139)
	at org.apache.ratis.proto.grpc.RaftServerProtocolServiceGrpc$RaftServerProtocolServiceBlockingStub.requestVote(RaftServerProtocolServiceGrpc.java:265)
	at org.apache.ratis.grpc.server.GrpcServerProtocolClient.requestVote(GrpcServerProtocolClient.java:99)
	at org.apache.ratis.grpc.server.GrpcService.requestVote(GrpcService.java:204)
	at org.apache.ratis.server.impl.LeaderElection.lambda$submitRequests$1(LeaderElection.java:234)
	at java.util.concurrent.FutureTask.run(FutureTask.java:266)
	at java.util.concurrent.Executors$RunnableAdapter.call(Executors.java:511)
	at java.util.concurrent.FutureTask.run(FutureTask.java:266)
	at java.util.concurrent.ThreadPoolExecutor.runWorker(ThreadPoolExecutor.java:1149)
	at java.util.concurrent.ThreadPoolExecutor$Worker.run(ThreadPoolExecutor.java:624)
	... 1 more
Caused by: org.apache.ratis.thirdparty.io.netty.channel.AbstractChannel$AnnotatedConnectException: Connection refused: /192.168.34.56:44872
	at sun.nio.ch.SocketChannelImpl.checkConnect(Native Method)
	at sun.nio.ch.SocketChannelImpl.finishConnect(SocketChannelImpl.java:717)
	at org.apache.ratis.thirdparty.io.netty.channel.socket.nio.NioSocketChannel.doFinishConnect(NioSocketChannel.java:327)
	at org.apache.ratis.thirdparty.io.netty.channel.nio.AbstractNioChannel$AbstractNioUnsafe.finishConnect(AbstractNioChannel.java:340)
	at org.apache.ratis.thirdparty.io.netty.channel.nio.NioEventLoop.processSelectedKey(NioEventLoop.java:632)
	at org.apache.ratis.thirdparty.io.netty.channel.nio.NioEventLoop.processSelectedKeysOptimized(NioEventLoop.java:579)
	at org.apache.ratis.thirdparty.io.netty.channel.nio.NioEventLoop.processSelectedKeys(NioEventLoop.java:496)
	at org.apache.ratis.thirdparty.io.netty.channel.nio.NioEventLoop.run(NioEventLoop.java:458)
	at org.apache.ratis.thirdparty.io.netty.util.concurrent.SingleThreadEventExecutor$5.run(SingleThreadEventExecutor.java:897)
	at org.apache.ratis.thirdparty.io.netty.util.concurrent.FastThreadLocalRunnable.run(FastThreadLocalRunnable.java:30)
	... 1 more
Caused by: java.net.ConnectException: Connection refused
	... 11 more
2019-10-18 13:01:51,940 [c124d131-afb9-4343-ad4e-aaebde613043@group-FF4202234884-LeaderElection287] INFO  impl.LeaderElection (LogUtils.java:infoOrTrace(149)) - c124d131-afb9-4343-ad4e-aaebde613043@group-FF4202234884-LeaderElection287 got exception when requesting votes: {}
java.util.concurrent.ExecutionException: org.apache.ratis.thirdparty.io.grpc.StatusRuntimeException: UNAVAILABLE: io exception
	at java.util.concurrent.FutureTask.report(FutureTask.java:122)
	at java.util.concurrent.FutureTask.get(FutureTask.java:192)
	at org.apache.ratis.server.impl.LeaderElection.waitForResults(LeaderElection.java:259)
	at org.apache.ratis.server.impl.LeaderElection.askForVotes(LeaderElection.java:197)
	at org.apache.ratis.server.impl.LeaderElection.run(LeaderElection.java:133)
	at java.lang.Thread.run(Thread.java:748)
Caused by: org.apache.ratis.thirdparty.io.grpc.StatusRuntimeException: UNAVAILABLE: io exception
	at org.apache.ratis.thirdparty.io.grpc.stub.ClientCalls.toStatusRuntimeException(ClientCalls.java:233)
	at org.apache.ratis.thirdparty.io.grpc.stub.ClientCalls.getUnchecked(ClientCalls.java:214)
	at org.apache.ratis.thirdparty.io.grpc.stub.ClientCalls.blockingUnaryCall(ClientCalls.java:139)
	at org.apache.ratis.proto.grpc.RaftServerProtocolServiceGrpc$RaftServerProtocolServiceBlockingStub.requestVote(RaftServerProtocolServiceGrpc.java:265)
	at org.apache.ratis.grpc.server.GrpcServerProtocolClient.requestVote(GrpcServerProtocolClient.java:99)
	at org.apache.ratis.grpc.server.GrpcService.requestVote(GrpcService.java:204)
	at org.apache.ratis.server.impl.LeaderElection.lambda$submitRequests$1(LeaderElection.java:234)
	at java.util.concurrent.FutureTask.run(FutureTask.java:266)
	at java.util.concurrent.Executors$RunnableAdapter.call(Executors.java:511)
	at java.util.concurrent.FutureTask.run(FutureTask.java:266)
	at java.util.concurrent.ThreadPoolExecutor.runWorker(ThreadPoolExecutor.java:1149)
	at java.util.concurrent.ThreadPoolExecutor$Worker.run(ThreadPoolExecutor.java:624)
	... 1 more
Caused by: org.apache.ratis.thirdparty.io.netty.channel.AbstractChannel$AnnotatedConnectException: Connection refused: /192.168.34.56:36658
	at sun.nio.ch.SocketChannelImpl.checkConnect(Native Method)
	at sun.nio.ch.SocketChannelImpl.finishConnect(SocketChannelImpl.java:717)
	at org.apache.ratis.thirdparty.io.netty.channel.socket.nio.NioSocketChannel.doFinishConnect(NioSocketChannel.java:327)
	at org.apache.ratis.thirdparty.io.netty.channel.nio.AbstractNioChannel$AbstractNioUnsafe.finishConnect(AbstractNioChannel.java:340)
	at org.apache.ratis.thirdparty.io.netty.channel.nio.NioEventLoop.processSelectedKey(NioEventLoop.java:632)
	at org.apache.ratis.thirdparty.io.netty.channel.nio.NioEventLoop.processSelectedKeysOptimized(NioEventLoop.java:579)
	at org.apache.ratis.thirdparty.io.netty.channel.nio.NioEventLoop.processSelectedKeys(NioEventLoop.java:496)
	at org.apache.ratis.thirdparty.io.netty.channel.nio.NioEventLoop.run(NioEventLoop.java:458)
	at org.apache.ratis.thirdparty.io.netty.util.concurrent.SingleThreadEventExecutor$5.run(SingleThreadEventExecutor.java:897)
	at org.apache.ratis.thirdparty.io.netty.util.concurrent.FastThreadLocalRunnable.run(FastThreadLocalRunnable.java:30)
	... 1 more
Caused by: java.net.ConnectException: Connection refused
	... 11 more
2019-10-18 13:01:51,941 [c124d131-afb9-4343-ad4e-aaebde613043@group-FF4202234884-LeaderElection287] INFO  impl.LeaderElection (LeaderElection.java:logAndReturn(56)) - c124d131-afb9-4343-ad4e-aaebde613043@group-FF4202234884-LeaderElection287: Election REJECTED; received 0 response(s) [] and 2 exception(s); c124d131-afb9-4343-ad4e-aaebde613043@group-FF4202234884:t156, leader=null, voted=c124d131-afb9-4343-ad4e-aaebde613043, raftlog=c124d131-afb9-4343-ad4e-aaebde613043@group-FF4202234884-SegmentedRaftLog:OPENED:c-1,f-1,i0, conf=-1: [999343e7-0330-4874-a345-91eca72585e0:192.168.34.56:44872, c124d131-afb9-4343-ad4e-aaebde613043:192.168.34.56:42116, e5bb327f-cdd7-4e49-919e-13a4c895fddf:192.168.34.56:36658], old=null
2019-10-18 13:01:51,941 [c124d131-afb9-4343-ad4e-aaebde613043@group-FF4202234884-LeaderElection287] INFO  impl.LeaderElection (LogUtils.java:infoOrTrace(149)) -   Exception 0: {}
java.util.concurrent.ExecutionException: org.apache.ratis.thirdparty.io.grpc.StatusRuntimeException: UNAVAILABLE: io exception
	at java.util.concurrent.FutureTask.report(FutureTask.java:122)
	at java.util.concurrent.FutureTask.get(FutureTask.java:192)
	at org.apache.ratis.server.impl.LeaderElection.waitForResults(LeaderElection.java:259)
	at org.apache.ratis.server.impl.LeaderElection.askForVotes(LeaderElection.java:197)
	at org.apache.ratis.server.impl.LeaderElection.run(LeaderElection.java:133)
	at java.lang.Thread.run(Thread.java:748)
Caused by: org.apache.ratis.thirdparty.io.grpc.StatusRuntimeException: UNAVAILABLE: io exception
	at org.apache.ratis.thirdparty.io.grpc.stub.ClientCalls.toStatusRuntimeException(ClientCalls.java:233)
	at org.apache.ratis.thirdparty.io.grpc.stub.ClientCalls.getUnchecked(ClientCalls.java:214)
	at org.apache.ratis.thirdparty.io.grpc.stub.ClientCalls.blockingUnaryCall(ClientCalls.java:139)
	at org.apache.ratis.proto.grpc.RaftServerProtocolServiceGrpc$RaftServerProtocolServiceBlockingStub.requestVote(RaftServerProtocolServiceGrpc.java:265)
	at org.apache.ratis.grpc.server.GrpcServerProtocolClient.requestVote(GrpcServerProtocolClient.java:99)
	at org.apache.ratis.grpc.server.GrpcService.requestVote(GrpcService.java:204)
	at org.apache.ratis.server.impl.LeaderElection.lambda$submitRequests$1(LeaderElection.java:234)
	at java.util.concurrent.FutureTask.run(FutureTask.java:266)
	at java.util.concurrent.Executors$RunnableAdapter.call(Executors.java:511)
	at java.util.concurrent.FutureTask.run(FutureTask.java:266)
	at java.util.concurrent.ThreadPoolExecutor.runWorker(ThreadPoolExecutor.java:1149)
	at java.util.concurrent.ThreadPoolExecutor$Worker.run(ThreadPoolExecutor.java:624)
	... 1 more
Caused by: org.apache.ratis.thirdparty.io.netty.channel.AbstractChannel$AnnotatedConnectException: Connection refused: /192.168.34.56:44872
	at sun.nio.ch.SocketChannelImpl.checkConnect(Native Method)
	at sun.nio.ch.SocketChannelImpl.finishConnect(SocketChannelImpl.java:717)
	at org.apache.ratis.thirdparty.io.netty.channel.socket.nio.NioSocketChannel.doFinishConnect(NioSocketChannel.java:327)
	at org.apache.ratis.thirdparty.io.netty.channel.nio.AbstractNioChannel$AbstractNioUnsafe.finishConnect(AbstractNioChannel.java:340)
	at org.apache.ratis.thirdparty.io.netty.channel.nio.NioEventLoop.processSelectedKey(NioEventLoop.java:632)
	at org.apache.ratis.thirdparty.io.netty.channel.nio.NioEventLoop.processSelectedKeysOptimized(NioEventLoop.java:579)
	at org.apache.ratis.thirdparty.io.netty.channel.nio.NioEventLoop.processSelectedKeys(NioEventLoop.java:496)
	at org.apache.ratis.thirdparty.io.netty.channel.nio.NioEventLoop.run(NioEventLoop.java:458)
	at org.apache.ratis.thirdparty.io.netty.util.concurrent.SingleThreadEventExecutor$5.run(SingleThreadEventExecutor.java:897)
	at org.apache.ratis.thirdparty.io.netty.util.concurrent.FastThreadLocalRunnable.run(FastThreadLocalRunnable.java:30)
	... 1 more
Caused by: java.net.ConnectException: Connection refused
	... 11 more
2019-10-18 13:01:51,941 [c124d131-afb9-4343-ad4e-aaebde613043@group-FF4202234884-LeaderElection287] INFO  impl.LeaderElection (LogUtils.java:infoOrTrace(149)) -   Exception 1: {}
java.util.concurrent.ExecutionException: org.apache.ratis.thirdparty.io.grpc.StatusRuntimeException: UNAVAILABLE: io exception
	at java.util.concurrent.FutureTask.report(FutureTask.java:122)
	at java.util.concurrent.FutureTask.get(FutureTask.java:192)
	at org.apache.ratis.server.impl.LeaderElection.waitForResults(LeaderElection.java:259)
	at org.apache.ratis.server.impl.LeaderElection.askForVotes(LeaderElection.java:197)
	at org.apache.ratis.server.impl.LeaderElection.run(LeaderElection.java:133)
	at java.lang.Thread.run(Thread.java:748)
Caused by: org.apache.ratis.thirdparty.io.grpc.StatusRuntimeException: UNAVAILABLE: io exception
	at org.apache.ratis.thirdparty.io.grpc.stub.ClientCalls.toStatusRuntimeException(ClientCalls.java:233)
	at org.apache.ratis.thirdparty.io.grpc.stub.ClientCalls.getUnchecked(ClientCalls.java:214)
	at org.apache.ratis.thirdparty.io.grpc.stub.ClientCalls.blockingUnaryCall(ClientCalls.java:139)
	at org.apache.ratis.proto.grpc.RaftServerProtocolServiceGrpc$RaftServerProtocolServiceBlockingStub.requestVote(RaftServerProtocolServiceGrpc.java:265)
	at org.apache.ratis.grpc.server.GrpcServerProtocolClient.requestVote(GrpcServerProtocolClient.java:99)
	at org.apache.ratis.grpc.server.GrpcService.requestVote(GrpcService.java:204)
	at org.apache.ratis.server.impl.LeaderElection.lambda$submitRequests$1(LeaderElection.java:234)
	at java.util.concurrent.FutureTask.run(FutureTask.java:266)
	at java.util.concurrent.Executors$RunnableAdapter.call(Executors.java:511)
	at java.util.concurrent.FutureTask.run(FutureTask.java:266)
	at java.util.concurrent.ThreadPoolExecutor.runWorker(ThreadPoolExecutor.java:1149)
	at java.util.concurrent.ThreadPoolExecutor$Worker.run(ThreadPoolExecutor.java:624)
	... 1 more
Caused by: org.apache.ratis.thirdparty.io.netty.channel.AbstractChannel$AnnotatedConnectException: Connection refused: /192.168.34.56:36658
	at sun.nio.ch.SocketChannelImpl.checkConnect(Native Method)
	at sun.nio.ch.SocketChannelImpl.finishConnect(SocketChannelImpl.java:717)
	at org.apache.ratis.thirdparty.io.netty.channel.socket.nio.NioSocketChannel.doFinishConnect(NioSocketChannel.java:327)
	at org.apache.ratis.thirdparty.io.netty.channel.nio.AbstractNioChannel$AbstractNioUnsafe.finishConnect(AbstractNioChannel.java:340)
	at org.apache.ratis.thirdparty.io.netty.channel.nio.NioEventLoop.processSelectedKey(NioEventLoop.java:632)
	at org.apache.ratis.thirdparty.io.netty.channel.nio.NioEventLoop.processSelectedKeysOptimized(NioEventLoop.java:579)
	at org.apache.ratis.thirdparty.io.netty.channel.nio.NioEventLoop.processSelectedKeys(NioEventLoop.java:496)
	at org.apache.ratis.thirdparty.io.netty.channel.nio.NioEventLoop.run(NioEventLoop.java:458)
	at org.apache.ratis.thirdparty.io.netty.util.concurrent.SingleThreadEventExecutor$5.run(SingleThreadEventExecutor.java:897)
	at org.apache.ratis.thirdparty.io.netty.util.concurrent.FastThreadLocalRunnable.run(FastThreadLocalRunnable.java:30)
	... 1 more
Caused by: java.net.ConnectException: Connection refused
	... 11 more
2019-10-18 13:01:51,941 [c124d131-afb9-4343-ad4e-aaebde613043@group-FF4202234884-LeaderElection287] INFO  impl.RaftServerImpl (RaftServerImpl.java:setRole(184)) - c124d131-afb9-4343-ad4e-aaebde613043@group-FF4202234884: changes role from CANDIDATE to FOLLOWER at term 156 for DISCOVERED_A_NEW_TERM
2019-10-18 13:01:51,941 [c124d131-afb9-4343-ad4e-aaebde613043@group-FF4202234884-LeaderElection287] INFO  impl.RoleInfo (RoleInfo.java:shutdownLeaderElection(134)) - c124d131-afb9-4343-ad4e-aaebde613043: shutdown LeaderElection
2019-10-18 13:01:51,941 [c124d131-afb9-4343-ad4e-aaebde613043@group-FF4202234884-LeaderElection287] INFO  impl.RoleInfo (RoleInfo.java:updateAndGet(143)) - c124d131-afb9-4343-ad4e-aaebde613043: start FollowerState
2019-10-18 13:01:51,950 [018b3f78-d19f-4e26-a796-cb8ddc4f97cf@group-187684C21557-LeaderElection286] INFO  impl.LeaderElection (LeaderElection.java:askForVotes(178)) - 018b3f78-d19f-4e26-a796-cb8ddc4f97cf@group-187684C21557-LeaderElection286: begin an election at term 166 for -1: [893cf03e-f2cf-478a-892a-a746717e50e3:192.168.34.56:40750, 8697df36-98d2-41b1-bdc7-60597b3b5526:192.168.34.56:46415, 018b3f78-d19f-4e26-a796-cb8ddc4f97cf:192.168.34.56:35845], old=null
2019-10-18 13:01:51,952 [grpc-default-executor-7] INFO  impl.RaftServerImpl (RaftServerImpl.java:setRole(184)) - 893cf03e-f2cf-478a-892a-a746717e50e3@group-187684C21557: changes role from  FOLLOWER to FOLLOWER at term 166 for recognizeCandidate:018b3f78-d19f-4e26-a796-cb8ddc4f97cf
2019-10-18 13:01:51,952 [grpc-default-executor-2] INFO  impl.RaftServerImpl (RaftServerImpl.java:setRole(184)) - 8697df36-98d2-41b1-bdc7-60597b3b5526@group-187684C21557: changes role from  FOLLOWER to FOLLOWER at term 166 for recognizeCandidate:018b3f78-d19f-4e26-a796-cb8ddc4f97cf
2019-10-18 13:01:51,952 [grpc-default-executor-2] INFO  impl.RoleInfo (RoleInfo.java:shutdownFollowerState(121)) - 8697df36-98d2-41b1-bdc7-60597b3b5526: shutdown FollowerState
2019-10-18 13:01:51,952 [grpc-default-executor-7] INFO  impl.RoleInfo (RoleInfo.java:shutdownFollowerState(121)) - 893cf03e-f2cf-478a-892a-a746717e50e3: shutdown FollowerState
2019-10-18 13:01:51,952 [Thread-2456] INFO  impl.FollowerState (FollowerState.java:run(117)) - 8697df36-98d2-41b1-bdc7-60597b3b5526@group-187684C21557-FollowerState was interrupted: java.lang.InterruptedException: sleep interrupted
2019-10-18 13:01:51,952 [grpc-default-executor-2] INFO  impl.RoleInfo (RoleInfo.java:updateAndGet(143)) - 8697df36-98d2-41b1-bdc7-60597b3b5526: start FollowerState
2019-10-18 13:01:51,953 [Thread-2457] INFO  impl.FollowerState (FollowerState.java:run(117)) - 893cf03e-f2cf-478a-892a-a746717e50e3@group-187684C21557-FollowerState was interrupted: java.lang.InterruptedException: sleep interrupted
2019-10-18 13:01:51,953 [grpc-default-executor-7] INFO  impl.RoleInfo (RoleInfo.java:updateAndGet(143)) - 893cf03e-f2cf-478a-892a-a746717e50e3: start FollowerState
2019-10-18 13:01:51,971 [Thread-2460] INFO  impl.FollowerState (FollowerState.java:run(108)) - c124d131-afb9-4343-ad4e-aaebde613043@group-FF4202234884-FollowerState: change to CANDIDATE, lastRpcTime:29ms, electionTimeout:29ms
2019-10-18 13:01:51,971 [Thread-2460] INFO  impl.RoleInfo (RoleInfo.java:shutdownFollowerState(121)) - c124d131-afb9-4343-ad4e-aaebde613043: shutdown FollowerState
2019-10-18 13:01:51,971 [Thread-2460] INFO  impl.RaftServerImpl (RaftServerImpl.java:setRole(184)) - c124d131-afb9-4343-ad4e-aaebde613043@group-FF4202234884: changes role from  FOLLOWER to CANDIDATE at term 156 for changeToCandidate
2019-10-18 13:01:51,971 [Thread-2460] INFO  impl.RoleInfo (RoleInfo.java:updateAndGet(143)) - c124d131-afb9-4343-ad4e-aaebde613043: start LeaderElection
2019-10-18 13:01:52,041 [018b3f78-d19f-4e26-a796-cb8ddc4f97cf@group-187684C21557-LeaderElection286] INFO  impl.LeaderElection (LeaderElection.java:logAndReturn(56)) - 018b3f78-d19f-4e26-a796-cb8ddc4f97cf@group-187684C21557-LeaderElection286: Election REJECTED; received 2 response(s) [018b3f78-d19f-4e26-a796-cb8ddc4f97cf<-893cf03e-f2cf-478a-892a-a746717e50e3#0:FAIL-t166, 018b3f78-d19f-4e26-a796-cb8ddc4f97cf<-8697df36-98d2-41b1-bdc7-60597b3b5526#0:FAIL-t166] and 0 exception(s); 018b3f78-d19f-4e26-a796-cb8ddc4f97cf@group-187684C21557:t166, leader=null, voted=018b3f78-d19f-4e26-a796-cb8ddc4f97cf, raftlog=018b3f78-d19f-4e26-a796-cb8ddc4f97cf@group-187684C21557-SegmentedRaftLog:OPENED:c-1,f-1,i0, conf=-1: [893cf03e-f2cf-478a-892a-a746717e50e3:192.168.34.56:40750, 8697df36-98d2-41b1-bdc7-60597b3b5526:192.168.34.56:46415, 018b3f78-d19f-4e26-a796-cb8ddc4f97cf:192.168.34.56:35845], old=null
2019-10-18 13:01:52,041 [018b3f78-d19f-4e26-a796-cb8ddc4f97cf@group-187684C21557-LeaderElection286] INFO  impl.RaftServerImpl (RaftServerImpl.java:setRole(184)) - 018b3f78-d19f-4e26-a796-cb8ddc4f97cf@group-187684C21557: changes role from CANDIDATE to FOLLOWER at term 166 for DISCOVERED_A_NEW_TERM
2019-10-18 13:01:52,042 [018b3f78-d19f-4e26-a796-cb8ddc4f97cf@group-187684C21557-LeaderElection286] INFO  impl.RoleInfo (RoleInfo.java:shutdownLeaderElection(134)) - 018b3f78-d19f-4e26-a796-cb8ddc4f97cf: shutdown LeaderElection
2019-10-18 13:01:52,042 [018b3f78-d19f-4e26-a796-cb8ddc4f97cf@group-187684C21557-LeaderElection286] INFO  impl.RoleInfo (RoleInfo.java:updateAndGet(143)) - 018b3f78-d19f-4e26-a796-cb8ddc4f97cf: start FollowerState
2019-10-18 13:01:52,060 [c124d131-afb9-4343-ad4e-aaebde613043@group-FF4202234884-LeaderElection288] INFO  impl.LeaderElection (LeaderElection.java:askForVotes(178)) - c124d131-afb9-4343-ad4e-aaebde613043@group-FF4202234884-LeaderElection288: begin an election at term 157 for -1: [999343e7-0330-4874-a345-91eca72585e0:192.168.34.56:44872, c124d131-afb9-4343-ad4e-aaebde613043:192.168.34.56:42116, e5bb327f-cdd7-4e49-919e-13a4c895fddf:192.168.34.56:36658], old=null
2019-10-18 13:01:52,061 [c124d131-afb9-4343-ad4e-aaebde613043@group-FF4202234884-LeaderElection288] INFO  impl.LeaderElection (LogUtils.java:infoOrTrace(149)) - c124d131-afb9-4343-ad4e-aaebde613043@group-FF4202234884-LeaderElection288 got exception when requesting votes: {}
java.util.concurrent.ExecutionException: org.apache.ratis.thirdparty.io.grpc.StatusRuntimeException: UNAVAILABLE: io exception
	at java.util.concurrent.FutureTask.report(FutureTask.java:122)
	at java.util.concurrent.FutureTask.get(FutureTask.java:192)
	at org.apache.ratis.server.impl.LeaderElection.waitForResults(LeaderElection.java:259)
	at org.apache.ratis.server.impl.LeaderElection.askForVotes(LeaderElection.java:197)
	at org.apache.ratis.server.impl.LeaderElection.run(LeaderElection.java:133)
	at java.lang.Thread.run(Thread.java:748)
Caused by: org.apache.ratis.thirdparty.io.grpc.StatusRuntimeException: UNAVAILABLE: io exception
	at org.apache.ratis.thirdparty.io.grpc.stub.ClientCalls.toStatusRuntimeException(ClientCalls.java:233)
	at org.apache.ratis.thirdparty.io.grpc.stub.ClientCalls.getUnchecked(ClientCalls.java:214)
	at org.apache.ratis.thirdparty.io.grpc.stub.ClientCalls.blockingUnaryCall(ClientCalls.java:139)
	at org.apache.ratis.proto.grpc.RaftServerProtocolServiceGrpc$RaftServerProtocolServiceBlockingStub.requestVote(RaftServerProtocolServiceGrpc.java:265)
	at org.apache.ratis.grpc.server.GrpcServerProtocolClient.requestVote(GrpcServerProtocolClient.java:99)
	at org.apache.ratis.grpc.server.GrpcService.requestVote(GrpcService.java:204)
	at org.apache.ratis.server.impl.LeaderElection.lambda$submitRequests$1(LeaderElection.java:234)
	at java.util.concurrent.FutureTask.run(FutureTask.java:266)
	at java.util.concurrent.Executors$RunnableAdapter.call(Executors.java:511)
	at java.util.concurrent.FutureTask.run(FutureTask.java:266)
	at java.util.concurrent.ThreadPoolExecutor.runWorker(ThreadPoolExecutor.java:1149)
	at java.util.concurrent.ThreadPoolExecutor$Worker.run(ThreadPoolExecutor.java:624)
	... 1 more
Caused by: org.apache.ratis.thirdparty.io.netty.channel.AbstractChannel$AnnotatedConnectException: Connection refused: /192.168.34.56:44872
	at sun.nio.ch.SocketChannelImpl.checkConnect(Native Method)
	at sun.nio.ch.SocketChannelImpl.finishConnect(SocketChannelImpl.java:717)
	at org.apache.ratis.thirdparty.io.netty.channel.socket.nio.NioSocketChannel.doFinishConnect(NioSocketChannel.java:327)
	at org.apache.ratis.thirdparty.io.netty.channel.nio.AbstractNioChannel$AbstractNioUnsafe.finishConnect(AbstractNioChannel.java:340)
	at org.apache.ratis.thirdparty.io.netty.channel.nio.NioEventLoop.processSelectedKey(NioEventLoop.java:632)
	at org.apache.ratis.thirdparty.io.netty.channel.nio.NioEventLoop.processSelectedKeysOptimized(NioEventLoop.java:579)
	at org.apache.ratis.thirdparty.io.netty.channel.nio.NioEventLoop.processSelectedKeys(NioEventLoop.java:496)
	at org.apache.ratis.thirdparty.io.netty.channel.nio.NioEventLoop.run(NioEventLoop.java:458)
	at org.apache.ratis.thirdparty.io.netty.util.concurrent.SingleThreadEventExecutor$5.run(SingleThreadEventExecutor.java:897)
	at org.apache.ratis.thirdparty.io.netty.util.concurrent.FastThreadLocalRunnable.run(FastThreadLocalRunnable.java:30)
	... 1 more
Caused by: java.net.ConnectException: Connection refused
	... 11 more
2019-10-18 13:01:52,061 [c124d131-afb9-4343-ad4e-aaebde613043@group-FF4202234884-LeaderElection288] INFO  impl.LeaderElection (LogUtils.java:infoOrTrace(149)) - c124d131-afb9-4343-ad4e-aaebde613043@group-FF4202234884-LeaderElection288 got exception when requesting votes: {}
java.util.concurrent.ExecutionException: org.apache.ratis.thirdparty.io.grpc.StatusRuntimeException: UNAVAILABLE: io exception
	at java.util.concurrent.FutureTask.report(FutureTask.java:122)
	at java.util.concurrent.FutureTask.get(FutureTask.java:192)
	at org.apache.ratis.server.impl.LeaderElection.waitForResults(LeaderElection.java:259)
	at org.apache.ratis.server.impl.LeaderElection.askForVotes(LeaderElection.java:197)
	at org.apache.ratis.server.impl.LeaderElection.run(LeaderElection.java:133)
	at java.lang.Thread.run(Thread.java:748)
Caused by: org.apache.ratis.thirdparty.io.grpc.StatusRuntimeException: UNAVAILABLE: io exception
	at org.apache.ratis.thirdparty.io.grpc.stub.ClientCalls.toStatusRuntimeException(ClientCalls.java:233)
	at org.apache.ratis.thirdparty.io.grpc.stub.ClientCalls.getUnchecked(ClientCalls.java:214)
	at org.apache.ratis.thirdparty.io.grpc.stub.ClientCalls.blockingUnaryCall(ClientCalls.java:139)
	at org.apache.ratis.proto.grpc.RaftServerProtocolServiceGrpc$RaftServerProtocolServiceBlockingStub.requestVote(RaftServerProtocolServiceGrpc.java:265)
	at org.apache.ratis.grpc.server.GrpcServerProtocolClient.requestVote(GrpcServerProtocolClient.java:99)
	at org.apache.ratis.grpc.server.GrpcService.requestVote(GrpcService.java:204)
	at org.apache.ratis.server.impl.LeaderElection.lambda$submitRequests$1(LeaderElection.java:234)
	at java.util.concurrent.FutureTask.run(FutureTask.java:266)
	at java.util.concurrent.Executors$RunnableAdapter.call(Executors.java:511)
	at java.util.concurrent.FutureTask.run(FutureTask.java:266)
	at java.util.concurrent.ThreadPoolExecutor.runWorker(ThreadPoolExecutor.java:1149)
	at java.util.concurrent.ThreadPoolExecutor$Worker.run(ThreadPoolExecutor.java:624)
	... 1 more
Caused by: org.apache.ratis.thirdparty.io.netty.channel.AbstractChannel$AnnotatedConnectException: Connection refused: /192.168.34.56:36658
	at sun.nio.ch.SocketChannelImpl.checkConnect(Native Method)
	at sun.nio.ch.SocketChannelImpl.finishConnect(SocketChannelImpl.java:717)
	at org.apache.ratis.thirdparty.io.netty.channel.socket.nio.NioSocketChannel.doFinishConnect(NioSocketChannel.java:327)
	at org.apache.ratis.thirdparty.io.netty.channel.nio.AbstractNioChannel$AbstractNioUnsafe.finishConnect(AbstractNioChannel.java:340)
	at org.apache.ratis.thirdparty.io.netty.channel.nio.NioEventLoop.processSelectedKey(NioEventLoop.java:632)
	at org.apache.ratis.thirdparty.io.netty.channel.nio.NioEventLoop.processSelectedKeysOptimized(NioEventLoop.java:579)
	at org.apache.ratis.thirdparty.io.netty.channel.nio.NioEventLoop.processSelectedKeys(NioEventLoop.java:496)
	at org.apache.ratis.thirdparty.io.netty.channel.nio.NioEventLoop.run(NioEventLoop.java:458)
	at org.apache.ratis.thirdparty.io.netty.util.concurrent.SingleThreadEventExecutor$5.run(SingleThreadEventExecutor.java:897)
	at org.apache.ratis.thirdparty.io.netty.util.concurrent.FastThreadLocalRunnable.run(FastThreadLocalRunnable.java:30)
	... 1 more
Caused by: java.net.ConnectException: Connection refused
	... 11 more
2019-10-18 13:01:52,062 [c124d131-afb9-4343-ad4e-aaebde613043@group-FF4202234884-LeaderElection288] INFO  impl.LeaderElection (LeaderElection.java:logAndReturn(56)) - c124d131-afb9-4343-ad4e-aaebde613043@group-FF4202234884-LeaderElection288: Election REJECTED; received 0 response(s) [] and 2 exception(s); c124d131-afb9-4343-ad4e-aaebde613043@group-FF4202234884:t157, leader=null, voted=c124d131-afb9-4343-ad4e-aaebde613043, raftlog=c124d131-afb9-4343-ad4e-aaebde613043@group-FF4202234884-SegmentedRaftLog:OPENED:c-1,f-1,i0, conf=-1: [999343e7-0330-4874-a345-91eca72585e0:192.168.34.56:44872, c124d131-afb9-4343-ad4e-aaebde613043:192.168.34.56:42116, e5bb327f-cdd7-4e49-919e-13a4c895fddf:192.168.34.56:36658], old=null
2019-10-18 13:01:52,062 [c124d131-afb9-4343-ad4e-aaebde613043@group-FF4202234884-LeaderElection288] INFO  impl.LeaderElection (LogUtils.java:infoOrTrace(149)) -   Exception 0: {}
java.util.concurrent.ExecutionException: org.apache.ratis.thirdparty.io.grpc.StatusRuntimeException: UNAVAILABLE: io exception
	at java.util.concurrent.FutureTask.report(FutureTask.java:122)
	at java.util.concurrent.FutureTask.get(FutureTask.java:192)
	at org.apache.ratis.server.impl.LeaderElection.waitForResults(LeaderElection.java:259)
	at org.apache.ratis.server.impl.LeaderElection.askForVotes(LeaderElection.java:197)
	at org.apache.ratis.server.impl.LeaderElection.run(LeaderElection.java:133)
	at java.lang.Thread.run(Thread.java:748)
Caused by: org.apache.ratis.thirdparty.io.grpc.StatusRuntimeException: UNAVAILABLE: io exception
	at org.apache.ratis.thirdparty.io.grpc.stub.ClientCalls.toStatusRuntimeException(ClientCalls.java:233)
	at org.apache.ratis.thirdparty.io.grpc.stub.ClientCalls.getUnchecked(ClientCalls.java:214)
	at org.apache.ratis.thirdparty.io.grpc.stub.ClientCalls.blockingUnaryCall(ClientCalls.java:139)
	at org.apache.ratis.proto.grpc.RaftServerProtocolServiceGrpc$RaftServerProtocolServiceBlockingStub.requestVote(RaftServerProtocolServiceGrpc.java:265)
	at org.apache.ratis.grpc.server.GrpcServerProtocolClient.requestVote(GrpcServerProtocolClient.java:99)
	at org.apache.ratis.grpc.server.GrpcService.requestVote(GrpcService.java:204)
	at org.apache.ratis.server.impl.LeaderElection.lambda$submitRequests$1(LeaderElection.java:234)
	at java.util.concurrent.FutureTask.run(FutureTask.java:266)
	at java.util.concurrent.Executors$RunnableAdapter.call(Executors.java:511)
	at java.util.concurrent.FutureTask.run(FutureTask.java:266)
	at java.util.concurrent.ThreadPoolExecutor.runWorker(ThreadPoolExecutor.java:1149)
	at java.util.concurrent.ThreadPoolExecutor$Worker.run(ThreadPoolExecutor.java:624)
	... 1 more
Caused by: org.apache.ratis.thirdparty.io.netty.channel.AbstractChannel$AnnotatedConnectException: Connection refused: /192.168.34.56:44872
	at sun.nio.ch.SocketChannelImpl.checkConnect(Native Method)
	at sun.nio.ch.SocketChannelImpl.finishConnect(SocketChannelImpl.java:717)
	at org.apache.ratis.thirdparty.io.netty.channel.socket.nio.NioSocketChannel.doFinishConnect(NioSocketChannel.java:327)
	at org.apache.ratis.thirdparty.io.netty.channel.nio.AbstractNioChannel$AbstractNioUnsafe.finishConnect(AbstractNioChannel.java:340)
	at org.apache.ratis.thirdparty.io.netty.channel.nio.NioEventLoop.processSelectedKey(NioEventLoop.java:632)
	at org.apache.ratis.thirdparty.io.netty.channel.nio.NioEventLoop.processSelectedKeysOptimized(NioEventLoop.java:579)
	at org.apache.ratis.thirdparty.io.netty.channel.nio.NioEventLoop.processSelectedKeys(NioEventLoop.java:496)
	at org.apache.ratis.thirdparty.io.netty.channel.nio.NioEventLoop.run(NioEventLoop.java:458)
	at org.apache.ratis.thirdparty.io.netty.util.concurrent.SingleThreadEventExecutor$5.run(SingleThreadEventExecutor.java:897)
	at org.apache.ratis.thirdparty.io.netty.util.concurrent.FastThreadLocalRunnable.run(FastThreadLocalRunnable.java:30)
	... 1 more
Caused by: java.net.ConnectException: Connection refused
	... 11 more
2019-10-18 13:01:52,062 [c124d131-afb9-4343-ad4e-aaebde613043@group-FF4202234884-LeaderElection288] INFO  impl.LeaderElection (LogUtils.java:infoOrTrace(149)) -   Exception 1: {}
java.util.concurrent.ExecutionException: org.apache.ratis.thirdparty.io.grpc.StatusRuntimeException: UNAVAILABLE: io exception
	at java.util.concurrent.FutureTask.report(FutureTask.java:122)
	at java.util.concurrent.FutureTask.get(FutureTask.java:192)
	at org.apache.ratis.server.impl.LeaderElection.waitForResults(LeaderElection.java:259)
	at org.apache.ratis.server.impl.LeaderElection.askForVotes(LeaderElection.java:197)
	at org.apache.ratis.server.impl.LeaderElection.run(LeaderElection.java:133)
	at java.lang.Thread.run(Thread.java:748)
Caused by: org.apache.ratis.thirdparty.io.grpc.StatusRuntimeException: UNAVAILABLE: io exception
	at org.apache.ratis.thirdparty.io.grpc.stub.ClientCalls.toStatusRuntimeException(ClientCalls.java:233)
	at org.apache.ratis.thirdparty.io.grpc.stub.ClientCalls.getUnchecked(ClientCalls.java:214)
	at org.apache.ratis.thirdparty.io.grpc.stub.ClientCalls.blockingUnaryCall(ClientCalls.java:139)
	at org.apache.ratis.proto.grpc.RaftServerProtocolServiceGrpc$RaftServerProtocolServiceBlockingStub.requestVote(RaftServerProtocolServiceGrpc.java:265)
	at org.apache.ratis.grpc.server.GrpcServerProtocolClient.requestVote(GrpcServerProtocolClient.java:99)
	at org.apache.ratis.grpc.server.GrpcService.requestVote(GrpcService.java:204)
	at org.apache.ratis.server.impl.LeaderElection.lambda$submitRequests$1(LeaderElection.java:234)
	at java.util.concurrent.FutureTask.run(FutureTask.java:266)
	at java.util.concurrent.Executors$RunnableAdapter.call(Executors.java:511)
	at java.util.concurrent.FutureTask.run(FutureTask.java:266)
	at java.util.concurrent.ThreadPoolExecutor.runWorker(ThreadPoolExecutor.java:1149)
	at java.util.concurrent.ThreadPoolExecutor$Worker.run(ThreadPoolExecutor.java:624)
	... 1 more
Caused by: org.apache.ratis.thirdparty.io.netty.channel.AbstractChannel$AnnotatedConnectException: Connection refused: /192.168.34.56:36658
	at sun.nio.ch.SocketChannelImpl.checkConnect(Native Method)
	at sun.nio.ch.SocketChannelImpl.finishConnect(SocketChannelImpl.java:717)
	at org.apache.ratis.thirdparty.io.netty.channel.socket.nio.NioSocketChannel.doFinishConnect(NioSocketChannel.java:327)
	at org.apache.ratis.thirdparty.io.netty.channel.nio.AbstractNioChannel$AbstractNioUnsafe.finishConnect(AbstractNioChannel.java:340)
	at org.apache.ratis.thirdparty.io.netty.channel.nio.NioEventLoop.processSelectedKey(NioEventLoop.java:632)
	at org.apache.ratis.thirdparty.io.netty.channel.nio.NioEventLoop.processSelectedKeysOptimized(NioEventLoop.java:579)
	at org.apache.ratis.thirdparty.io.netty.channel.nio.NioEventLoop.processSelectedKeys(NioEventLoop.java:496)
	at org.apache.ratis.thirdparty.io.netty.channel.nio.NioEventLoop.run(NioEventLoop.java:458)
	at org.apache.ratis.thirdparty.io.netty.util.concurrent.SingleThreadEventExecutor$5.run(SingleThreadEventExecutor.java:897)
	at org.apache.ratis.thirdparty.io.netty.util.concurrent.FastThreadLocalRunnable.run(FastThreadLocalRunnable.java:30)
	... 1 more
Caused by: java.net.ConnectException: Connection refused
	... 11 more
2019-10-18 13:01:52,062 [c124d131-afb9-4343-ad4e-aaebde613043@group-FF4202234884-LeaderElection288] INFO  impl.RaftServerImpl (RaftServerImpl.java:setRole(184)) - c124d131-afb9-4343-ad4e-aaebde613043@group-FF4202234884: changes role from CANDIDATE to FOLLOWER at term 157 for DISCOVERED_A_NEW_TERM
2019-10-18 13:01:52,062 [c124d131-afb9-4343-ad4e-aaebde613043@group-FF4202234884-LeaderElection288] INFO  impl.RoleInfo (RoleInfo.java:shutdownLeaderElection(134)) - c124d131-afb9-4343-ad4e-aaebde613043: shutdown LeaderElection
2019-10-18 13:01:52,062 [c124d131-afb9-4343-ad4e-aaebde613043@group-FF4202234884-LeaderElection288] INFO  impl.RoleInfo (RoleInfo.java:updateAndGet(143)) - c124d131-afb9-4343-ad4e-aaebde613043: start FollowerState
2019-10-18 13:01:52,123 [Thread-2466] INFO  impl.FollowerState (FollowerState.java:run(108)) - 018b3f78-d19f-4e26-a796-cb8ddc4f97cf@group-187684C21557-FollowerState: change to CANDIDATE, lastRpcTime:81ms, electionTimeout:81ms
2019-10-18 13:01:52,124 [Thread-2466] INFO  impl.RoleInfo (RoleInfo.java:shutdownFollowerState(121)) - 018b3f78-d19f-4e26-a796-cb8ddc4f97cf: shutdown FollowerState
2019-10-18 13:01:52,124 [Thread-2466] INFO  impl.RaftServerImpl (RaftServerImpl.java:setRole(184)) - 018b3f78-d19f-4e26-a796-cb8ddc4f97cf@group-187684C21557: changes role from  FOLLOWER to CANDIDATE at term 166 for changeToCandidate
2019-10-18 13:01:52,124 [Thread-2466] INFO  impl.RoleInfo (RoleInfo.java:updateAndGet(143)) - 018b3f78-d19f-4e26-a796-cb8ddc4f97cf: start LeaderElection
2019-10-18 13:01:52,168 [Datanode State Machine Thread - 0] INFO  statemachine.DatanodeStateMachine (DatanodeStateMachine.java:lambda$startDaemon$0(350)) - Ozone container server started.
2019-10-18 13:01:52,169 [018b3f78-d19f-4e26-a796-cb8ddc4f97cf@group-187684C21557-LeaderElection289] INFO  impl.LeaderElection (LeaderElection.java:askForVotes(178)) - 018b3f78-d19f-4e26-a796-cb8ddc4f97cf@group-187684C21557-LeaderElection289: begin an election at term 167 for -1: [893cf03e-f2cf-478a-892a-a746717e50e3:192.168.34.56:40750, 8697df36-98d2-41b1-bdc7-60597b3b5526:192.168.34.56:46415, 018b3f78-d19f-4e26-a796-cb8ddc4f97cf:192.168.34.56:35845], old=null
2019-10-18 13:01:52,171 [grpc-default-executor-7] INFO  impl.RaftServerImpl (RaftServerImpl.java:setRole(184)) - 893cf03e-f2cf-478a-892a-a746717e50e3@group-187684C21557: changes role from  FOLLOWER to FOLLOWER at term 167 for recognizeCandidate:018b3f78-d19f-4e26-a796-cb8ddc4f97cf
2019-10-18 13:01:52,171 [grpc-default-executor-7] INFO  impl.RoleInfo (RoleInfo.java:shutdownFollowerState(121)) - 893cf03e-f2cf-478a-892a-a746717e50e3: shutdown FollowerState
2019-10-18 13:01:52,171 [grpc-default-executor-2] INFO  impl.RaftServerImpl (RaftServerImpl.java:setRole(184)) - 8697df36-98d2-41b1-bdc7-60597b3b5526@group-187684C21557: changes role from  FOLLOWER to FOLLOWER at term 167 for recognizeCandidate:018b3f78-d19f-4e26-a796-cb8ddc4f97cf
2019-10-18 13:01:52,172 [grpc-default-executor-2] INFO  impl.RoleInfo (RoleInfo.java:shutdownFollowerState(121)) - 8697df36-98d2-41b1-bdc7-60597b3b5526: shutdown FollowerState
2019-10-18 13:01:52,172 [Thread-2464] INFO  impl.FollowerState (FollowerState.java:run(117)) - 893cf03e-f2cf-478a-892a-a746717e50e3@group-187684C21557-FollowerState was interrupted: java.lang.InterruptedException: sleep interrupted
2019-10-18 13:01:52,172 [grpc-default-executor-7] INFO  impl.RoleInfo (RoleInfo.java:updateAndGet(143)) - 893cf03e-f2cf-478a-892a-a746717e50e3: start FollowerState
2019-10-18 13:01:52,172 [Thread-2463] INFO  impl.FollowerState (FollowerState.java:run(117)) - 8697df36-98d2-41b1-bdc7-60597b3b5526@group-187684C21557-FollowerState was interrupted: java.lang.InterruptedException: sleep interrupted
2019-10-18 13:01:52,172 [grpc-default-executor-2] INFO  impl.RoleInfo (RoleInfo.java:updateAndGet(143)) - 8697df36-98d2-41b1-bdc7-60597b3b5526: start FollowerState
2019-10-18 13:01:52,185 [Thread-2469] INFO  impl.FollowerState (FollowerState.java:run(108)) - c124d131-afb9-4343-ad4e-aaebde613043@group-FF4202234884-FollowerState: change to CANDIDATE, lastRpcTime:122ms, electionTimeout:122ms
2019-10-18 13:01:52,185 [Thread-2469] INFO  impl.RoleInfo (RoleInfo.java:shutdownFollowerState(121)) - c124d131-afb9-4343-ad4e-aaebde613043: shutdown FollowerState
2019-10-18 13:01:52,185 [Thread-2469] INFO  impl.RaftServerImpl (RaftServerImpl.java:setRole(184)) - c124d131-afb9-4343-ad4e-aaebde613043@group-FF4202234884: changes role from  FOLLOWER to CANDIDATE at term 157 for changeToCandidate
2019-10-18 13:01:52,185 [Thread-2469] INFO  impl.RoleInfo (RoleInfo.java:updateAndGet(143)) - c124d131-afb9-4343-ad4e-aaebde613043: start LeaderElection
2019-10-18 13:01:52,210 [018b3f78-d19f-4e26-a796-cb8ddc4f97cf@group-187684C21557-LeaderElection289] INFO  impl.LeaderElection (LeaderElection.java:logAndReturn(56)) - 018b3f78-d19f-4e26-a796-cb8ddc4f97cf@group-187684C21557-LeaderElection289: Election REJECTED; received 2 response(s) [018b3f78-d19f-4e26-a796-cb8ddc4f97cf<-893cf03e-f2cf-478a-892a-a746717e50e3#0:FAIL-t167, 018b3f78-d19f-4e26-a796-cb8ddc4f97cf<-8697df36-98d2-41b1-bdc7-60597b3b5526#0:FAIL-t167] and 0 exception(s); 018b3f78-d19f-4e26-a796-cb8ddc4f97cf@group-187684C21557:t167, leader=null, voted=018b3f78-d19f-4e26-a796-cb8ddc4f97cf, raftlog=018b3f78-d19f-4e26-a796-cb8ddc4f97cf@group-187684C21557-SegmentedRaftLog:OPENED:c-1,f-1,i0, conf=-1: [893cf03e-f2cf-478a-892a-a746717e50e3:192.168.34.56:40750, 8697df36-98d2-41b1-bdc7-60597b3b5526:192.168.34.56:46415, 018b3f78-d19f-4e26-a796-cb8ddc4f97cf:192.168.34.56:35845], old=null
2019-10-18 13:01:52,210 [018b3f78-d19f-4e26-a796-cb8ddc4f97cf@group-187684C21557-LeaderElection289] INFO  impl.RaftServerImpl (RaftServerImpl.java:setRole(184)) - 018b3f78-d19f-4e26-a796-cb8ddc4f97cf@group-187684C21557: changes role from CANDIDATE to FOLLOWER at term 167 for DISCOVERED_A_NEW_TERM
2019-10-18 13:01:52,210 [018b3f78-d19f-4e26-a796-cb8ddc4f97cf@group-187684C21557-LeaderElection289] INFO  impl.RoleInfo (RoleInfo.java:shutdownLeaderElection(134)) - 018b3f78-d19f-4e26-a796-cb8ddc4f97cf: shutdown LeaderElection
2019-10-18 13:01:52,210 [018b3f78-d19f-4e26-a796-cb8ddc4f97cf@group-187684C21557-LeaderElection289] INFO  impl.RoleInfo (RoleInfo.java:updateAndGet(143)) - 018b3f78-d19f-4e26-a796-cb8ddc4f97cf: start FollowerState
2019-10-18 13:01:52,226 [Thread-2476] INFO  impl.FollowerState (FollowerState.java:run(108)) - 018b3f78-d19f-4e26-a796-cb8ddc4f97cf@group-187684C21557-FollowerState: change to CANDIDATE, lastRpcTime:15ms, electionTimeout:15ms
2019-10-18 13:01:52,226 [Thread-2476] INFO  impl.RoleInfo (RoleInfo.java:shutdownFollowerState(121)) - 018b3f78-d19f-4e26-a796-cb8ddc4f97cf: shutdown FollowerState
2019-10-18 13:01:52,226 [Thread-2476] INFO  impl.RaftServerImpl (RaftServerImpl.java:setRole(184)) - 018b3f78-d19f-4e26-a796-cb8ddc4f97cf@group-187684C21557: changes role from  FOLLOWER to CANDIDATE at term 167 for changeToCandidate
2019-10-18 13:01:52,226 [Thread-2476] INFO  impl.RoleInfo (RoleInfo.java:updateAndGet(143)) - 018b3f78-d19f-4e26-a796-cb8ddc4f97cf: start LeaderElection
2019-10-18 13:01:52,252 [c124d131-afb9-4343-ad4e-aaebde613043@group-FF4202234884-LeaderElection290] INFO  impl.LeaderElection (LeaderElection.java:askForVotes(178)) - c124d131-afb9-4343-ad4e-aaebde613043@group-FF4202234884-LeaderElection290: begin an election at term 158 for -1: [999343e7-0330-4874-a345-91eca72585e0:192.168.34.56:44872, c124d131-afb9-4343-ad4e-aaebde613043:192.168.34.56:42116, e5bb327f-cdd7-4e49-919e-13a4c895fddf:192.168.34.56:36658], old=null
2019-10-18 13:01:52,253 [c124d131-afb9-4343-ad4e-aaebde613043@group-FF4202234884-LeaderElection290] INFO  impl.LeaderElection (LogUtils.java:infoOrTrace(149)) - c124d131-afb9-4343-ad4e-aaebde613043@group-FF4202234884-LeaderElection290 got exception when requesting votes: {}
java.util.concurrent.ExecutionException: org.apache.ratis.thirdparty.io.grpc.StatusRuntimeException: UNAVAILABLE: io exception
	at java.util.concurrent.FutureTask.report(FutureTask.java:122)
	at java.util.concurrent.FutureTask.get(FutureTask.java:192)
	at org.apache.ratis.server.impl.LeaderElection.waitForResults(LeaderElection.java:259)
	at org.apache.ratis.server.impl.LeaderElection.askForVotes(LeaderElection.java:197)
	at org.apache.ratis.server.impl.LeaderElection.run(LeaderElection.java:133)
	at java.lang.Thread.run(Thread.java:748)
Caused by: org.apache.ratis.thirdparty.io.grpc.StatusRuntimeException: UNAVAILABLE: io exception
	at org.apache.ratis.thirdparty.io.grpc.stub.ClientCalls.toStatusRuntimeException(ClientCalls.java:233)
	at org.apache.ratis.thirdparty.io.grpc.stub.ClientCalls.getUnchecked(ClientCalls.java:214)
	at org.apache.ratis.thirdparty.io.grpc.stub.ClientCalls.blockingUnaryCall(ClientCalls.java:139)
	at org.apache.ratis.proto.grpc.RaftServerProtocolServiceGrpc$RaftServerProtocolServiceBlockingStub.requestVote(RaftServerProtocolServiceGrpc.java:265)
	at org.apache.ratis.grpc.server.GrpcServerProtocolClient.requestVote(GrpcServerProtocolClient.java:99)
	at org.apache.ratis.grpc.server.GrpcService.requestVote(GrpcService.java:204)
	at org.apache.ratis.server.impl.LeaderElection.lambda$submitRequests$1(LeaderElection.java:234)
	at java.util.concurrent.FutureTask.run(FutureTask.java:266)
	at java.util.concurrent.Executors$RunnableAdapter.call(Executors.java:511)
	at java.util.concurrent.FutureTask.run(FutureTask.java:266)
	at java.util.concurrent.ThreadPoolExecutor.runWorker(ThreadPoolExecutor.java:1149)
	at java.util.concurrent.ThreadPoolExecutor$Worker.run(ThreadPoolExecutor.java:624)
	... 1 more
Caused by: org.apache.ratis.thirdparty.io.netty.channel.AbstractChannel$AnnotatedConnectException: Connection refused: /192.168.34.56:44872
	at sun.nio.ch.SocketChannelImpl.checkConnect(Native Method)
	at sun.nio.ch.SocketChannelImpl.finishConnect(SocketChannelImpl.java:717)
	at org.apache.ratis.thirdparty.io.netty.channel.socket.nio.NioSocketChannel.doFinishConnect(NioSocketChannel.java:327)
	at org.apache.ratis.thirdparty.io.netty.channel.nio.AbstractNioChannel$AbstractNioUnsafe.finishConnect(AbstractNioChannel.java:340)
	at org.apache.ratis.thirdparty.io.netty.channel.nio.NioEventLoop.processSelectedKey(NioEventLoop.java:632)
	at org.apache.ratis.thirdparty.io.netty.channel.nio.NioEventLoop.processSelectedKeysOptimized(NioEventLoop.java:579)
	at org.apache.ratis.thirdparty.io.netty.channel.nio.NioEventLoop.processSelectedKeys(NioEventLoop.java:496)
	at org.apache.ratis.thirdparty.io.netty.channel.nio.NioEventLoop.run(NioEventLoop.java:458)
	at org.apache.ratis.thirdparty.io.netty.util.concurrent.SingleThreadEventExecutor$5.run(SingleThreadEventExecutor.java:897)
	at org.apache.ratis.thirdparty.io.netty.util.concurrent.FastThreadLocalRunnable.run(FastThreadLocalRunnable.java:30)
	... 1 more
Caused by: java.net.ConnectException: Connection refused
	... 11 more
2019-10-18 13:01:52,253 [018b3f78-d19f-4e26-a796-cb8ddc4f97cf@group-187684C21557-LeaderElection291] INFO  impl.LeaderElection (LeaderElection.java:askForVotes(178)) - 018b3f78-d19f-4e26-a796-cb8ddc4f97cf@group-187684C21557-LeaderElection291: begin an election at term 168 for -1: [893cf03e-f2cf-478a-892a-a746717e50e3:192.168.34.56:40750, 8697df36-98d2-41b1-bdc7-60597b3b5526:192.168.34.56:46415, 018b3f78-d19f-4e26-a796-cb8ddc4f97cf:192.168.34.56:35845], old=null
2019-10-18 13:01:52,253 [c124d131-afb9-4343-ad4e-aaebde613043@group-FF4202234884-LeaderElection290] INFO  impl.LeaderElection (LogUtils.java:infoOrTrace(149)) - c124d131-afb9-4343-ad4e-aaebde613043@group-FF4202234884-LeaderElection290 got exception when requesting votes: {}
java.util.concurrent.ExecutionException: org.apache.ratis.thirdparty.io.grpc.StatusRuntimeException: UNAVAILABLE: io exception
	at java.util.concurrent.FutureTask.report(FutureTask.java:122)
	at java.util.concurrent.FutureTask.get(FutureTask.java:192)
	at org.apache.ratis.server.impl.LeaderElection.waitForResults(LeaderElection.java:259)
	at org.apache.ratis.server.impl.LeaderElection.askForVotes(LeaderElection.java:197)
	at org.apache.ratis.server.impl.LeaderElection.run(LeaderElection.java:133)
	at java.lang.Thread.run(Thread.java:748)
Caused by: org.apache.ratis.thirdparty.io.grpc.StatusRuntimeException: UNAVAILABLE: io exception
	at org.apache.ratis.thirdparty.io.grpc.stub.ClientCalls.toStatusRuntimeException(ClientCalls.java:233)
	at org.apache.ratis.thirdparty.io.grpc.stub.ClientCalls.getUnchecked(ClientCalls.java:214)
	at org.apache.ratis.thirdparty.io.grpc.stub.ClientCalls.blockingUnaryCall(ClientCalls.java:139)
	at org.apache.ratis.proto.grpc.RaftServerProtocolServiceGrpc$RaftServerProtocolServiceBlockingStub.requestVote(RaftServerProtocolServiceGrpc.java:265)
	at org.apache.ratis.grpc.server.GrpcServerProtocolClient.requestVote(GrpcServerProtocolClient.java:99)
	at org.apache.ratis.grpc.server.GrpcService.requestVote(GrpcService.java:204)
	at org.apache.ratis.server.impl.LeaderElection.lambda$submitRequests$1(LeaderElection.java:234)
	at java.util.concurrent.FutureTask.run(FutureTask.java:266)
	at java.util.concurrent.Executors$RunnableAdapter.call(Executors.java:511)
	at java.util.concurrent.FutureTask.run(FutureTask.java:266)
	at java.util.concurrent.ThreadPoolExecutor.runWorker(ThreadPoolExecutor.java:1149)
	at java.util.concurrent.ThreadPoolExecutor$Worker.run(ThreadPoolExecutor.java:624)
	... 1 more
Caused by: org.apache.ratis.thirdparty.io.netty.channel.AbstractChannel$AnnotatedConnectException: Connection refused: /192.168.34.56:36658
	at sun.nio.ch.SocketChannelImpl.checkConnect(Native Method)
	at sun.nio.ch.SocketChannelImpl.finishConnect(SocketChannelImpl.java:717)
	at org.apache.ratis.thirdparty.io.netty.channel.socket.nio.NioSocketChannel.doFinishConnect(NioSocketChannel.java:327)
	at org.apache.ratis.thirdparty.io.netty.channel.nio.AbstractNioChannel$AbstractNioUnsafe.finishConnect(AbstractNioChannel.java:340)
	at org.apache.ratis.thirdparty.io.netty.channel.nio.NioEventLoop.processSelectedKey(NioEventLoop.java:632)
	at org.apache.ratis.thirdparty.io.netty.channel.nio.NioEventLoop.processSelectedKeysOptimized(NioEventLoop.java:579)
	at org.apache.ratis.thirdparty.io.netty.channel.nio.NioEventLoop.processSelectedKeys(NioEventLoop.java:496)
	at org.apache.ratis.thirdparty.io.netty.channel.nio.NioEventLoop.run(NioEventLoop.java:458)
	at org.apache.ratis.thirdparty.io.netty.util.concurrent.SingleThreadEventExecutor$5.run(SingleThreadEventExecutor.java:897)
	at org.apache.ratis.thirdparty.io.netty.util.concurrent.FastThreadLocalRunnable.run(FastThreadLocalRunnable.java:30)
	... 1 more
Caused by: java.net.ConnectException: Connection refused
	... 11 more
2019-10-18 13:01:52,254 [c124d131-afb9-4343-ad4e-aaebde613043@group-FF4202234884-LeaderElection290] INFO  impl.LeaderElection (LeaderElection.java:logAndReturn(56)) - c124d131-afb9-4343-ad4e-aaebde613043@group-FF4202234884-LeaderElection290: Election REJECTED; received 0 response(s) [] and 2 exception(s); c124d131-afb9-4343-ad4e-aaebde613043@group-FF4202234884:t158, leader=null, voted=c124d131-afb9-4343-ad4e-aaebde613043, raftlog=c124d131-afb9-4343-ad4e-aaebde613043@group-FF4202234884-SegmentedRaftLog:OPENED:c-1,f-1,i0, conf=-1: [999343e7-0330-4874-a345-91eca72585e0:192.168.34.56:44872, c124d131-afb9-4343-ad4e-aaebde613043:192.168.34.56:42116, e5bb327f-cdd7-4e49-919e-13a4c895fddf:192.168.34.56:36658], old=null
2019-10-18 13:01:52,254 [c124d131-afb9-4343-ad4e-aaebde613043@group-FF4202234884-LeaderElection290] INFO  impl.LeaderElection (LogUtils.java:infoOrTrace(149)) -   Exception 0: {}
java.util.concurrent.ExecutionException: org.apache.ratis.thirdparty.io.grpc.StatusRuntimeException: UNAVAILABLE: io exception
	at java.util.concurrent.FutureTask.report(FutureTask.java:122)
	at java.util.concurrent.FutureTask.get(FutureTask.java:192)
	at org.apache.ratis.server.impl.LeaderElection.waitForResults(LeaderElection.java:259)
	at org.apache.ratis.server.impl.LeaderElection.askForVotes(LeaderElection.java:197)
	at org.apache.ratis.server.impl.LeaderElection.run(LeaderElection.java:133)
	at java.lang.Thread.run(Thread.java:748)
Caused by: org.apache.ratis.thirdparty.io.grpc.StatusRuntimeException: UNAVAILABLE: io exception
	at org.apache.ratis.thirdparty.io.grpc.stub.ClientCalls.toStatusRuntimeException(ClientCalls.java:233)
	at org.apache.ratis.thirdparty.io.grpc.stub.ClientCalls.getUnchecked(ClientCalls.java:214)
	at org.apache.ratis.thirdparty.io.grpc.stub.ClientCalls.blockingUnaryCall(ClientCalls.java:139)
	at org.apache.ratis.proto.grpc.RaftServerProtocolServiceGrpc$RaftServerProtocolServiceBlockingStub.requestVote(RaftServerProtocolServiceGrpc.java:265)
	at org.apache.ratis.grpc.server.GrpcServerProtocolClient.requestVote(GrpcServerProtocolClient.java:99)
	at org.apache.ratis.grpc.server.GrpcService.requestVote(GrpcService.java:204)
	at org.apache.ratis.server.impl.LeaderElection.lambda$submitRequests$1(LeaderElection.java:234)
	at java.util.concurrent.FutureTask.run(FutureTask.java:266)
	at java.util.concurrent.Executors$RunnableAdapter.call(Executors.java:511)
	at java.util.concurrent.FutureTask.run(FutureTask.java:266)
	at java.util.concurrent.ThreadPoolExecutor.runWorker(ThreadPoolExecutor.java:1149)
	at java.util.concurrent.ThreadPoolExecutor$Worker.run(ThreadPoolExecutor.java:624)
	... 1 more
Caused by: org.apache.ratis.thirdparty.io.netty.channel.AbstractChannel$AnnotatedConnectException: Connection refused: /192.168.34.56:44872
	at sun.nio.ch.SocketChannelImpl.checkConnect(Native Method)
	at sun.nio.ch.SocketChannelImpl.finishConnect(SocketChannelImpl.java:717)
	at org.apache.ratis.thirdparty.io.netty.channel.socket.nio.NioSocketChannel.doFinishConnect(NioSocketChannel.java:327)
	at org.apache.ratis.thirdparty.io.netty.channel.nio.AbstractNioChannel$AbstractNioUnsafe.finishConnect(AbstractNioChannel.java:340)
	at org.apache.ratis.thirdparty.io.netty.channel.nio.NioEventLoop.processSelectedKey(NioEventLoop.java:632)
	at org.apache.ratis.thirdparty.io.netty.channel.nio.NioEventLoop.processSelectedKeysOptimized(NioEventLoop.java:579)
	at org.apache.ratis.thirdparty.io.netty.channel.nio.NioEventLoop.processSelectedKeys(NioEventLoop.java:496)
	at org.apache.ratis.thirdparty.io.netty.channel.nio.NioEventLoop.run(NioEventLoop.java:458)
	at org.apache.ratis.thirdparty.io.netty.util.concurrent.SingleThreadEventExecutor$5.run(SingleThreadEventExecutor.java:897)
	at org.apache.ratis.thirdparty.io.netty.util.concurrent.FastThreadLocalRunnable.run(FastThreadLocalRunnable.java:30)
	... 1 more
Caused by: java.net.ConnectException: Connection refused
	... 11 more
2019-10-18 13:01:52,254 [c124d131-afb9-4343-ad4e-aaebde613043@group-FF4202234884-LeaderElection290] INFO  impl.LeaderElection (LogUtils.java:infoOrTrace(149)) -   Exception 1: {}
java.util.concurrent.ExecutionException: org.apache.ratis.thirdparty.io.grpc.StatusRuntimeException: UNAVAILABLE: io exception
	at java.util.concurrent.FutureTask.report(FutureTask.java:122)
	at java.util.concurrent.FutureTask.get(FutureTask.java:192)
	at org.apache.ratis.server.impl.LeaderElection.waitForResults(LeaderElection.java:259)
	at org.apache.ratis.server.impl.LeaderElection.askForVotes(LeaderElection.java:197)
	at org.apache.ratis.server.impl.LeaderElection.run(LeaderElection.java:133)
	at java.lang.Thread.run(Thread.java:748)
Caused by: org.apache.ratis.thirdparty.io.grpc.StatusRuntimeException: UNAVAILABLE: io exception
	at org.apache.ratis.thirdparty.io.grpc.stub.ClientCalls.toStatusRuntimeException(ClientCalls.java:233)
	at org.apache.ratis.thirdparty.io.grpc.stub.ClientCalls.getUnchecked(ClientCalls.java:214)
	at org.apache.ratis.thirdparty.io.grpc.stub.ClientCalls.blockingUnaryCall(ClientCalls.java:139)
	at org.apache.ratis.proto.grpc.RaftServerProtocolServiceGrpc$RaftServerProtocolServiceBlockingStub.requestVote(RaftServerProtocolServiceGrpc.java:265)
	at org.apache.ratis.grpc.server.GrpcServerProtocolClient.requestVote(GrpcServerProtocolClient.java:99)
	at org.apache.ratis.grpc.server.GrpcService.requestVote(GrpcService.java:204)
	at org.apache.ratis.server.impl.LeaderElection.lambda$submitRequests$1(LeaderElection.java:234)
	at java.util.concurrent.FutureTask.run(FutureTask.java:266)
	at java.util.concurrent.Executors$RunnableAdapter.call(Executors.java:511)
	at java.util.concurrent.FutureTask.run(FutureTask.java:266)
	at java.util.concurrent.ThreadPoolExecutor.runWorker(ThreadPoolExecutor.java:1149)
	at java.util.concurrent.ThreadPoolExecutor$Worker.run(ThreadPoolExecutor.java:624)
	... 1 more
Caused by: org.apache.ratis.thirdparty.io.netty.channel.AbstractChannel$AnnotatedConnectException: Connection refused: /192.168.34.56:36658
	at sun.nio.ch.SocketChannelImpl.checkConnect(Native Method)
	at sun.nio.ch.SocketChannelImpl.finishConnect(SocketChannelImpl.java:717)
	at org.apache.ratis.thirdparty.io.netty.channel.socket.nio.NioSocketChannel.doFinishConnect(NioSocketChannel.java:327)
	at org.apache.ratis.thirdparty.io.netty.channel.nio.AbstractNioChannel$AbstractNioUnsafe.finishConnect(AbstractNioChannel.java:340)
	at org.apache.ratis.thirdparty.io.netty.channel.nio.NioEventLoop.processSelectedKey(NioEventLoop.java:632)
	at org.apache.ratis.thirdparty.io.netty.channel.nio.NioEventLoop.processSelectedKeysOptimized(NioEventLoop.java:579)
	at org.apache.ratis.thirdparty.io.netty.channel.nio.NioEventLoop.processSelectedKeys(NioEventLoop.java:496)
	at org.apache.ratis.thirdparty.io.netty.channel.nio.NioEventLoop.run(NioEventLoop.java:458)
	at org.apache.ratis.thirdparty.io.netty.util.concurrent.SingleThreadEventExecutor$5.run(SingleThreadEventExecutor.java:897)
	at org.apache.ratis.thirdparty.io.netty.util.concurrent.FastThreadLocalRunnable.run(FastThreadLocalRunnable.java:30)
	... 1 more
Caused by: java.net.ConnectException: Connection refused
	... 11 more
2019-10-18 13:01:52,254 [c124d131-afb9-4343-ad4e-aaebde613043@group-FF4202234884-LeaderElection290] INFO  impl.RaftServerImpl (RaftServerImpl.java:setRole(184)) - c124d131-afb9-4343-ad4e-aaebde613043@group-FF4202234884: changes role from CANDIDATE to FOLLOWER at term 158 for DISCOVERED_A_NEW_TERM
2019-10-18 13:01:52,255 [c124d131-afb9-4343-ad4e-aaebde613043@group-FF4202234884-LeaderElection290] INFO  impl.RoleInfo (RoleInfo.java:shutdownLeaderElection(134)) - c124d131-afb9-4343-ad4e-aaebde613043: shutdown LeaderElection
2019-10-18 13:01:52,255 [c124d131-afb9-4343-ad4e-aaebde613043@group-FF4202234884-LeaderElection290] INFO  impl.RoleInfo (RoleInfo.java:updateAndGet(143)) - c124d131-afb9-4343-ad4e-aaebde613043: start FollowerState
2019-10-18 13:01:52,255 [grpc-default-executor-2] INFO  impl.RaftServerImpl (RaftServerImpl.java:setRole(184)) - 893cf03e-f2cf-478a-892a-a746717e50e3@group-187684C21557: changes role from  FOLLOWER to FOLLOWER at term 168 for recognizeCandidate:018b3f78-d19f-4e26-a796-cb8ddc4f97cf
2019-10-18 13:01:52,255 [grpc-default-executor-2] INFO  impl.RoleInfo (RoleInfo.java:shutdownFollowerState(121)) - 893cf03e-f2cf-478a-892a-a746717e50e3: shutdown FollowerState
2019-10-18 13:01:52,255 [Thread-2473] INFO  impl.FollowerState (FollowerState.java:run(117)) - 893cf03e-f2cf-478a-892a-a746717e50e3@group-187684C21557-FollowerState was interrupted: java.lang.InterruptedException: sleep interrupted
2019-10-18 13:01:52,255 [grpc-default-executor-2] INFO  impl.RoleInfo (RoleInfo.java:updateAndGet(143)) - 893cf03e-f2cf-478a-892a-a746717e50e3: start FollowerState
2019-10-18 13:01:52,255 [grpc-default-executor-7] INFO  impl.RaftServerImpl (RaftServerImpl.java:setRole(184)) - 8697df36-98d2-41b1-bdc7-60597b3b5526@group-187684C21557: changes role from  FOLLOWER to FOLLOWER at term 168 for recognizeCandidate:018b3f78-d19f-4e26-a796-cb8ddc4f97cf
2019-10-18 13:01:52,256 [grpc-default-executor-7] INFO  impl.RoleInfo (RoleInfo.java:shutdownFollowerState(121)) - 8697df36-98d2-41b1-bdc7-60597b3b5526: shutdown FollowerState
2019-10-18 13:01:52,256 [Thread-2474] INFO  impl.FollowerState (FollowerState.java:run(117)) - 8697df36-98d2-41b1-bdc7-60597b3b5526@group-187684C21557-FollowerState was interrupted: java.lang.InterruptedException: sleep interrupted
2019-10-18 13:01:52,256 [grpc-default-executor-7] INFO  impl.RoleInfo (RoleInfo.java:updateAndGet(143)) - 8697df36-98d2-41b1-bdc7-60597b3b5526: start FollowerState
2019-10-18 13:01:52,281 [018b3f78-d19f-4e26-a796-cb8ddc4f97cf@group-187684C21557-LeaderElection291] INFO  impl.LeaderElection (LeaderElection.java:logAndReturn(56)) - 018b3f78-d19f-4e26-a796-cb8ddc4f97cf@group-187684C21557-LeaderElection291: Election REJECTED; received 2 response(s) [018b3f78-d19f-4e26-a796-cb8ddc4f97cf<-893cf03e-f2cf-478a-892a-a746717e50e3#0:FAIL-t168, 018b3f78-d19f-4e26-a796-cb8ddc4f97cf<-8697df36-98d2-41b1-bdc7-60597b3b5526#0:FAIL-t168] and 0 exception(s); 018b3f78-d19f-4e26-a796-cb8ddc4f97cf@group-187684C21557:t168, leader=null, voted=018b3f78-d19f-4e26-a796-cb8ddc4f97cf, raftlog=018b3f78-d19f-4e26-a796-cb8ddc4f97cf@group-187684C21557-SegmentedRaftLog:OPENED:c-1,f-1,i0, conf=-1: [893cf03e-f2cf-478a-892a-a746717e50e3:192.168.34.56:40750, 8697df36-98d2-41b1-bdc7-60597b3b5526:192.168.34.56:46415, 018b3f78-d19f-4e26-a796-cb8ddc4f97cf:192.168.34.56:35845], old=null
2019-10-18 13:01:52,281 [018b3f78-d19f-4e26-a796-cb8ddc4f97cf@group-187684C21557-LeaderElection291] INFO  impl.RaftServerImpl (RaftServerImpl.java:setRole(184)) - 018b3f78-d19f-4e26-a796-cb8ddc4f97cf@group-187684C21557: changes role from CANDIDATE to FOLLOWER at term 168 for DISCOVERED_A_NEW_TERM
2019-10-18 13:01:52,281 [018b3f78-d19f-4e26-a796-cb8ddc4f97cf@group-187684C21557-LeaderElection291] INFO  impl.RoleInfo (RoleInfo.java:shutdownLeaderElection(134)) - 018b3f78-d19f-4e26-a796-cb8ddc4f97cf: shutdown LeaderElection
2019-10-18 13:01:52,282 [018b3f78-d19f-4e26-a796-cb8ddc4f97cf@group-187684C21557-LeaderElection291] INFO  impl.RoleInfo (RoleInfo.java:updateAndGet(143)) - 018b3f78-d19f-4e26-a796-cb8ddc4f97cf: start FollowerState
2019-10-18 13:01:52,370 [Thread-2482] INFO  impl.FollowerState (FollowerState.java:run(108)) - c124d131-afb9-4343-ad4e-aaebde613043@group-FF4202234884-FollowerState: change to CANDIDATE, lastRpcTime:115ms, electionTimeout:115ms
2019-10-18 13:01:52,370 [Thread-2482] INFO  impl.RoleInfo (RoleInfo.java:shutdownFollowerState(121)) - c124d131-afb9-4343-ad4e-aaebde613043: shutdown FollowerState
2019-10-18 13:01:52,370 [Thread-2482] INFO  impl.RaftServerImpl (RaftServerImpl.java:setRole(184)) - c124d131-afb9-4343-ad4e-aaebde613043@group-FF4202234884: changes role from  FOLLOWER to CANDIDATE at term 158 for changeToCandidate
2019-10-18 13:01:52,370 [Thread-2482] INFO  impl.RoleInfo (RoleInfo.java:updateAndGet(143)) - c124d131-afb9-4343-ad4e-aaebde613043: start LeaderElection
2019-10-18 13:01:52,385 [Thread-2485] INFO  impl.FollowerState (FollowerState.java:run(108)) - 018b3f78-d19f-4e26-a796-cb8ddc4f97cf@group-187684C21557-FollowerState: change to CANDIDATE, lastRpcTime:103ms, electionTimeout:103ms
2019-10-18 13:01:52,385 [Thread-2485] INFO  impl.RoleInfo (RoleInfo.java:shutdownFollowerState(121)) - 018b3f78-d19f-4e26-a796-cb8ddc4f97cf: shutdown FollowerState
2019-10-18 13:01:52,385 [Thread-2485] INFO  impl.RaftServerImpl (RaftServerImpl.java:setRole(184)) - 018b3f78-d19f-4e26-a796-cb8ddc4f97cf@group-187684C21557: changes role from  FOLLOWER to CANDIDATE at term 168 for changeToCandidate
2019-10-18 13:01:52,385 [Thread-2485] INFO  impl.RoleInfo (RoleInfo.java:updateAndGet(143)) - 018b3f78-d19f-4e26-a796-cb8ddc4f97cf: start LeaderElection
2019-10-18 13:01:52,515 [c124d131-afb9-4343-ad4e-aaebde613043@group-FF4202234884-LeaderElection292] INFO  impl.LeaderElection (LeaderElection.java:askForVotes(178)) - c124d131-afb9-4343-ad4e-aaebde613043@group-FF4202234884-LeaderElection292: begin an election at term 159 for -1: [999343e7-0330-4874-a345-91eca72585e0:192.168.34.56:44872, c124d131-afb9-4343-ad4e-aaebde613043:192.168.34.56:42116, e5bb327f-cdd7-4e49-919e-13a4c895fddf:192.168.34.56:36658], old=null
2019-10-18 13:01:52,516 [c124d131-afb9-4343-ad4e-aaebde613043@group-FF4202234884-LeaderElection292] INFO  impl.LeaderElection (LogUtils.java:infoOrTrace(149)) - c124d131-afb9-4343-ad4e-aaebde613043@group-FF4202234884-LeaderElection292 got exception when requesting votes: {}
java.util.concurrent.ExecutionException: org.apache.ratis.thirdparty.io.grpc.StatusRuntimeException: UNAVAILABLE: io exception
	at java.util.concurrent.FutureTask.report(FutureTask.java:122)
	at java.util.concurrent.FutureTask.get(FutureTask.java:192)
	at org.apache.ratis.server.impl.LeaderElection.waitForResults(LeaderElection.java:259)
	at org.apache.ratis.server.impl.LeaderElection.askForVotes(LeaderElection.java:197)
	at org.apache.ratis.server.impl.LeaderElection.run(LeaderElection.java:133)
	at java.lang.Thread.run(Thread.java:748)
Caused by: org.apache.ratis.thirdparty.io.grpc.StatusRuntimeException: UNAVAILABLE: io exception
	at org.apache.ratis.thirdparty.io.grpc.stub.ClientCalls.toStatusRuntimeException(ClientCalls.java:233)
	at org.apache.ratis.thirdparty.io.grpc.stub.ClientCalls.getUnchecked(ClientCalls.java:214)
	at org.apache.ratis.thirdparty.io.grpc.stub.ClientCalls.blockingUnaryCall(ClientCalls.java:139)
	at org.apache.ratis.proto.grpc.RaftServerProtocolServiceGrpc$RaftServerProtocolServiceBlockingStub.requestVote(RaftServerProtocolServiceGrpc.java:265)
	at org.apache.ratis.grpc.server.GrpcServerProtocolClient.requestVote(GrpcServerProtocolClient.java:99)
	at org.apache.ratis.grpc.server.GrpcService.requestVote(GrpcService.java:204)
	at org.apache.ratis.server.impl.LeaderElection.lambda$submitRequests$1(LeaderElection.java:234)
	at java.util.concurrent.FutureTask.run(FutureTask.java:266)
	at java.util.concurrent.Executors$RunnableAdapter.call(Executors.java:511)
	at java.util.concurrent.FutureTask.run(FutureTask.java:266)
	at java.util.concurrent.ThreadPoolExecutor.runWorker(ThreadPoolExecutor.java:1149)
	at java.util.concurrent.ThreadPoolExecutor$Worker.run(ThreadPoolExecutor.java:624)
	... 1 more
Caused by: org.apache.ratis.thirdparty.io.netty.channel.AbstractChannel$AnnotatedConnectException: Connection refused: /192.168.34.56:36658
	at sun.nio.ch.SocketChannelImpl.checkConnect(Native Method)
	at sun.nio.ch.SocketChannelImpl.finishConnect(SocketChannelImpl.java:717)
	at org.apache.ratis.thirdparty.io.netty.channel.socket.nio.NioSocketChannel.doFinishConnect(NioSocketChannel.java:327)
	at org.apache.ratis.thirdparty.io.netty.channel.nio.AbstractNioChannel$AbstractNioUnsafe.finishConnect(AbstractNioChannel.java:340)
	at org.apache.ratis.thirdparty.io.netty.channel.nio.NioEventLoop.processSelectedKey(NioEventLoop.java:632)
	at org.apache.ratis.thirdparty.io.netty.channel.nio.NioEventLoop.processSelectedKeysOptimized(NioEventLoop.java:579)
	at org.apache.ratis.thirdparty.io.netty.channel.nio.NioEventLoop.processSelectedKeys(NioEventLoop.java:496)
	at org.apache.ratis.thirdparty.io.netty.channel.nio.NioEventLoop.run(NioEventLoop.java:458)
	at org.apache.ratis.thirdparty.io.netty.util.concurrent.SingleThreadEventExecutor$5.run(SingleThreadEventExecutor.java:897)
	at org.apache.ratis.thirdparty.io.netty.util.concurrent.FastThreadLocalRunnable.run(FastThreadLocalRunnable.java:30)
	... 1 more
Caused by: java.net.ConnectException: Connection refused
	... 11 more
2019-10-18 13:01:52,516 [c124d131-afb9-4343-ad4e-aaebde613043@group-FF4202234884-LeaderElection292] INFO  impl.LeaderElection (LogUtils.java:infoOrTrace(149)) - c124d131-afb9-4343-ad4e-aaebde613043@group-FF4202234884-LeaderElection292 got exception when requesting votes: {}
java.util.concurrent.ExecutionException: org.apache.ratis.thirdparty.io.grpc.StatusRuntimeException: UNAVAILABLE: io exception
	at java.util.concurrent.FutureTask.report(FutureTask.java:122)
	at java.util.concurrent.FutureTask.get(FutureTask.java:192)
	at org.apache.ratis.server.impl.LeaderElection.waitForResults(LeaderElection.java:259)
	at org.apache.ratis.server.impl.LeaderElection.askForVotes(LeaderElection.java:197)
	at org.apache.ratis.server.impl.LeaderElection.run(LeaderElection.java:133)
	at java.lang.Thread.run(Thread.java:748)
Caused by: org.apache.ratis.thirdparty.io.grpc.StatusRuntimeException: UNAVAILABLE: io exception
	at org.apache.ratis.thirdparty.io.grpc.stub.ClientCalls.toStatusRuntimeException(ClientCalls.java:233)
	at org.apache.ratis.thirdparty.io.grpc.stub.ClientCalls.getUnchecked(ClientCalls.java:214)
	at org.apache.ratis.thirdparty.io.grpc.stub.ClientCalls.blockingUnaryCall(ClientCalls.java:139)
	at org.apache.ratis.proto.grpc.RaftServerProtocolServiceGrpc$RaftServerProtocolServiceBlockingStub.requestVote(RaftServerProtocolServiceGrpc.java:265)
	at org.apache.ratis.grpc.server.GrpcServerProtocolClient.requestVote(GrpcServerProtocolClient.java:99)
	at org.apache.ratis.grpc.server.GrpcService.requestVote(GrpcService.java:204)
	at org.apache.ratis.server.impl.LeaderElection.lambda$submitRequests$1(LeaderElection.java:234)
	at java.util.concurrent.FutureTask.run(FutureTask.java:266)
	at java.util.concurrent.Executors$RunnableAdapter.call(Executors.java:511)
	at java.util.concurrent.FutureTask.run(FutureTask.java:266)
	at java.util.concurrent.ThreadPoolExecutor.runWorker(ThreadPoolExecutor.java:1149)
	at java.util.concurrent.ThreadPoolExecutor$Worker.run(ThreadPoolExecutor.java:624)
	... 1 more
Caused by: org.apache.ratis.thirdparty.io.netty.channel.AbstractChannel$AnnotatedConnectException: Connection refused: /192.168.34.56:44872
	at sun.nio.ch.SocketChannelImpl.checkConnect(Native Method)
	at sun.nio.ch.SocketChannelImpl.finishConnect(SocketChannelImpl.java:717)
	at org.apache.ratis.thirdparty.io.netty.channel.socket.nio.NioSocketChannel.doFinishConnect(NioSocketChannel.java:327)
	at org.apache.ratis.thirdparty.io.netty.channel.nio.AbstractNioChannel$AbstractNioUnsafe.finishConnect(AbstractNioChannel.java:340)
	at org.apache.ratis.thirdparty.io.netty.channel.nio.NioEventLoop.processSelectedKey(NioEventLoop.java:632)
	at org.apache.ratis.thirdparty.io.netty.channel.nio.NioEventLoop.processSelectedKeysOptimized(NioEventLoop.java:579)
	at org.apache.ratis.thirdparty.io.netty.channel.nio.NioEventLoop.processSelectedKeys(NioEventLoop.java:496)
	at org.apache.ratis.thirdparty.io.netty.channel.nio.NioEventLoop.run(NioEventLoop.java:458)
	at org.apache.ratis.thirdparty.io.netty.util.concurrent.SingleThreadEventExecutor$5.run(SingleThreadEventExecutor.java:897)
	at org.apache.ratis.thirdparty.io.netty.util.concurrent.FastThreadLocalRunnable.run(FastThreadLocalRunnable.java:30)
	... 1 more
Caused by: java.net.ConnectException: Connection refused
	... 11 more
2019-10-18 13:01:52,517 [c124d131-afb9-4343-ad4e-aaebde613043@group-FF4202234884-LeaderElection292] INFO  impl.LeaderElection (LeaderElection.java:logAndReturn(56)) - c124d131-afb9-4343-ad4e-aaebde613043@group-FF4202234884-LeaderElection292: Election REJECTED; received 0 response(s) [] and 2 exception(s); c124d131-afb9-4343-ad4e-aaebde613043@group-FF4202234884:t159, leader=null, voted=c124d131-afb9-4343-ad4e-aaebde613043, raftlog=c124d131-afb9-4343-ad4e-aaebde613043@group-FF4202234884-SegmentedRaftLog:OPENED:c-1,f-1,i0, conf=-1: [999343e7-0330-4874-a345-91eca72585e0:192.168.34.56:44872, c124d131-afb9-4343-ad4e-aaebde613043:192.168.34.56:42116, e5bb327f-cdd7-4e49-919e-13a4c895fddf:192.168.34.56:36658], old=null
2019-10-18 13:01:52,517 [c124d131-afb9-4343-ad4e-aaebde613043@group-FF4202234884-LeaderElection292] INFO  impl.LeaderElection (LogUtils.java:infoOrTrace(149)) -   Exception 0: {}
java.util.concurrent.ExecutionException: org.apache.ratis.thirdparty.io.grpc.StatusRuntimeException: UNAVAILABLE: io exception
	at java.util.concurrent.FutureTask.report(FutureTask.java:122)
	at java.util.concurrent.FutureTask.get(FutureTask.java:192)
	at org.apache.ratis.server.impl.LeaderElection.waitForResults(LeaderElection.java:259)
	at org.apache.ratis.server.impl.LeaderElection.askForVotes(LeaderElection.java:197)
	at org.apache.ratis.server.impl.LeaderElection.run(LeaderElection.java:133)
	at java.lang.Thread.run(Thread.java:748)
Caused by: org.apache.ratis.thirdparty.io.grpc.StatusRuntimeException: UNAVAILABLE: io exception
	at org.apache.ratis.thirdparty.io.grpc.stub.ClientCalls.toStatusRuntimeException(ClientCalls.java:233)
	at org.apache.ratis.thirdparty.io.grpc.stub.ClientCalls.getUnchecked(ClientCalls.java:214)
	at org.apache.ratis.thirdparty.io.grpc.stub.ClientCalls.blockingUnaryCall(ClientCalls.java:139)
	at org.apache.ratis.proto.grpc.RaftServerProtocolServiceGrpc$RaftServerProtocolServiceBlockingStub.requestVote(RaftServerProtocolServiceGrpc.java:265)
	at org.apache.ratis.grpc.server.GrpcServerProtocolClient.requestVote(GrpcServerProtocolClient.java:99)
	at org.apache.ratis.grpc.server.GrpcService.requestVote(GrpcService.java:204)
	at org.apache.ratis.server.impl.LeaderElection.lambda$submitRequests$1(LeaderElection.java:234)
	at java.util.concurrent.FutureTask.run(FutureTask.java:266)
	at java.util.concurrent.Executors$RunnableAdapter.call(Executors.java:511)
	at java.util.concurrent.FutureTask.run(FutureTask.java:266)
	at java.util.concurrent.ThreadPoolExecutor.runWorker(ThreadPoolExecutor.java:1149)
	at java.util.concurrent.ThreadPoolExecutor$Worker.run(ThreadPoolExecutor.java:624)
	... 1 more
Caused by: org.apache.ratis.thirdparty.io.netty.channel.AbstractChannel$AnnotatedConnectException: Connection refused: /192.168.34.56:36658
	at sun.nio.ch.SocketChannelImpl.checkConnect(Native Method)
	at sun.nio.ch.SocketChannelImpl.finishConnect(SocketChannelImpl.java:717)
	at org.apache.ratis.thirdparty.io.netty.channel.socket.nio.NioSocketChannel.doFinishConnect(NioSocketChannel.java:327)
	at org.apache.ratis.thirdparty.io.netty.channel.nio.AbstractNioChannel$AbstractNioUnsafe.finishConnect(AbstractNioChannel.java:340)
	at org.apache.ratis.thirdparty.io.netty.channel.nio.NioEventLoop.processSelectedKey(NioEventLoop.java:632)
	at org.apache.ratis.thirdparty.io.netty.channel.nio.NioEventLoop.processSelectedKeysOptimized(NioEventLoop.java:579)
	at org.apache.ratis.thirdparty.io.netty.channel.nio.NioEventLoop.processSelectedKeys(NioEventLoop.java:496)
	at org.apache.ratis.thirdparty.io.netty.channel.nio.NioEventLoop.run(NioEventLoop.java:458)
	at org.apache.ratis.thirdparty.io.netty.util.concurrent.SingleThreadEventExecutor$5.run(SingleThreadEventExecutor.java:897)
	at org.apache.ratis.thirdparty.io.netty.util.concurrent.FastThreadLocalRunnable.run(FastThreadLocalRunnable.java:30)
	... 1 more
Caused by: java.net.ConnectException: Connection refused
	... 11 more
2019-10-18 13:01:52,518 [c124d131-afb9-4343-ad4e-aaebde613043@group-FF4202234884-LeaderElection292] INFO  impl.LeaderElection (LogUtils.java:infoOrTrace(149)) -   Exception 1: {}
java.util.concurrent.ExecutionException: org.apache.ratis.thirdparty.io.grpc.StatusRuntimeException: UNAVAILABLE: io exception
	at java.util.concurrent.FutureTask.report(FutureTask.java:122)
	at java.util.concurrent.FutureTask.get(FutureTask.java:192)
	at org.apache.ratis.server.impl.LeaderElection.waitForResults(LeaderElection.java:259)
	at org.apache.ratis.server.impl.LeaderElection.askForVotes(LeaderElection.java:197)
	at org.apache.ratis.server.impl.LeaderElection.run(LeaderElection.java:133)
	at java.lang.Thread.run(Thread.java:748)
Caused by: org.apache.ratis.thirdparty.io.grpc.StatusRuntimeException: UNAVAILABLE: io exception
	at org.apache.ratis.thirdparty.io.grpc.stub.ClientCalls.toStatusRuntimeException(ClientCalls.java:233)
	at org.apache.ratis.thirdparty.io.grpc.stub.ClientCalls.getUnchecked(ClientCalls.java:214)
	at org.apache.ratis.thirdparty.io.grpc.stub.ClientCalls.blockingUnaryCall(ClientCalls.java:139)
	at org.apache.ratis.proto.grpc.RaftServerProtocolServiceGrpc$RaftServerProtocolServiceBlockingStub.requestVote(RaftServerProtocolServiceGrpc.java:265)
	at org.apache.ratis.grpc.server.GrpcServerProtocolClient.requestVote(GrpcServerProtocolClient.java:99)
	at org.apache.ratis.grpc.server.GrpcService.requestVote(GrpcService.java:204)
	at org.apache.ratis.server.impl.LeaderElection.lambda$submitRequests$1(LeaderElection.java:234)
	at java.util.concurrent.FutureTask.run(FutureTask.java:266)
	at java.util.concurrent.Executors$RunnableAdapter.call(Executors.java:511)
	at java.util.concurrent.FutureTask.run(FutureTask.java:266)
	at java.util.concurrent.ThreadPoolExecutor.runWorker(ThreadPoolExecutor.java:1149)
	at java.util.concurrent.ThreadPoolExecutor$Worker.run(ThreadPoolExecutor.java:624)
	... 1 more
Caused by: org.apache.ratis.thirdparty.io.netty.channel.AbstractChannel$AnnotatedConnectException: Connection refused: /192.168.34.56:44872
	at sun.nio.ch.SocketChannelImpl.checkConnect(Native Method)
	at sun.nio.ch.SocketChannelImpl.finishConnect(SocketChannelImpl.java:717)
	at org.apache.ratis.thirdparty.io.netty.channel.socket.nio.NioSocketChannel.doFinishConnect(NioSocketChannel.java:327)
	at org.apache.ratis.thirdparty.io.netty.channel.nio.AbstractNioChannel$AbstractNioUnsafe.finishConnect(AbstractNioChannel.java:340)
	at org.apache.ratis.thirdparty.io.netty.channel.nio.NioEventLoop.processSelectedKey(NioEventLoop.java:632)
	at org.apache.ratis.thirdparty.io.netty.channel.nio.NioEventLoop.processSelectedKeysOptimized(NioEventLoop.java:579)
	at org.apache.ratis.thirdparty.io.netty.channel.nio.NioEventLoop.processSelectedKeys(NioEventLoop.java:496)
	at org.apache.ratis.thirdparty.io.netty.channel.nio.NioEventLoop.run(NioEventLoop.java:458)
	at org.apache.ratis.thirdparty.io.netty.util.concurrent.SingleThreadEventExecutor$5.run(SingleThreadEventExecutor.java:897)
	at org.apache.ratis.thirdparty.io.netty.util.concurrent.FastThreadLocalRunnable.run(FastThreadLocalRunnable.java:30)
	... 1 more
Caused by: java.net.ConnectException: Connection refused
	... 11 more
2019-10-18 13:01:52,518 [c124d131-afb9-4343-ad4e-aaebde613043@group-FF4202234884-LeaderElection292] INFO  impl.RaftServerImpl (RaftServerImpl.java:setRole(184)) - c124d131-afb9-4343-ad4e-aaebde613043@group-FF4202234884: changes role from CANDIDATE to FOLLOWER at term 159 for DISCOVERED_A_NEW_TERM
2019-10-18 13:01:52,518 [c124d131-afb9-4343-ad4e-aaebde613043@group-FF4202234884-LeaderElection292] INFO  impl.RoleInfo (RoleInfo.java:shutdownLeaderElection(134)) - c124d131-afb9-4343-ad4e-aaebde613043: shutdown LeaderElection
2019-10-18 13:01:52,518 [c124d131-afb9-4343-ad4e-aaebde613043@group-FF4202234884-LeaderElection292] INFO  impl.RoleInfo (RoleInfo.java:updateAndGet(143)) - c124d131-afb9-4343-ad4e-aaebde613043: start FollowerState
2019-10-18 13:01:52,526 [018b3f78-d19f-4e26-a796-cb8ddc4f97cf@group-187684C21557-LeaderElection293] INFO  impl.LeaderElection (LeaderElection.java:askForVotes(178)) - 018b3f78-d19f-4e26-a796-cb8ddc4f97cf@group-187684C21557-LeaderElection293: begin an election at term 169 for -1: [893cf03e-f2cf-478a-892a-a746717e50e3:192.168.34.56:40750, 8697df36-98d2-41b1-bdc7-60597b3b5526:192.168.34.56:46415, 018b3f78-d19f-4e26-a796-cb8ddc4f97cf:192.168.34.56:35845], old=null
2019-10-18 13:01:52,528 [grpc-default-executor-2] INFO  impl.RaftServerImpl (RaftServerImpl.java:setRole(184)) - 893cf03e-f2cf-478a-892a-a746717e50e3@group-187684C21557: changes role from  FOLLOWER to FOLLOWER at term 169 for recognizeCandidate:018b3f78-d19f-4e26-a796-cb8ddc4f97cf
2019-10-18 13:01:52,528 [grpc-default-executor-2] INFO  impl.RoleInfo (RoleInfo.java:shutdownFollowerState(121)) - 893cf03e-f2cf-478a-892a-a746717e50e3: shutdown FollowerState
2019-10-18 13:01:52,528 [grpc-default-executor-2] INFO  impl.RoleInfo (RoleInfo.java:updateAndGet(143)) - 893cf03e-f2cf-478a-892a-a746717e50e3: start FollowerState
2019-10-18 13:01:52,528 [grpc-default-executor-7] INFO  impl.RaftServerImpl (RaftServerImpl.java:setRole(184)) - 8697df36-98d2-41b1-bdc7-60597b3b5526@group-187684C21557: changes role from  FOLLOWER to FOLLOWER at term 169 for recognizeCandidate:018b3f78-d19f-4e26-a796-cb8ddc4f97cf
2019-10-18 13:01:52,528 [Thread-2483] INFO  impl.FollowerState (FollowerState.java:run(117)) - 893cf03e-f2cf-478a-892a-a746717e50e3@group-187684C21557-FollowerState was interrupted: java.lang.InterruptedException: sleep interrupted
2019-10-18 13:01:52,529 [grpc-default-executor-7] INFO  impl.RoleInfo (RoleInfo.java:shutdownFollowerState(121)) - 8697df36-98d2-41b1-bdc7-60597b3b5526: shutdown FollowerState
2019-10-18 13:01:52,529 [grpc-default-executor-7] INFO  impl.RoleInfo (RoleInfo.java:updateAndGet(143)) - 8697df36-98d2-41b1-bdc7-60597b3b5526: start FollowerState
2019-10-18 13:01:52,529 [Thread-2484] INFO  impl.FollowerState (FollowerState.java:run(117)) - 8697df36-98d2-41b1-bdc7-60597b3b5526@group-187684C21557-FollowerState was interrupted: java.lang.InterruptedException: sleep interrupted
2019-10-18 13:01:52,589 [018b3f78-d19f-4e26-a796-cb8ddc4f97cf@group-187684C21557-LeaderElection293] INFO  impl.LeaderElection (LeaderElection.java:logAndReturn(56)) - 018b3f78-d19f-4e26-a796-cb8ddc4f97cf@group-187684C21557-LeaderElection293: Election REJECTED; received 2 response(s) [018b3f78-d19f-4e26-a796-cb8ddc4f97cf<-893cf03e-f2cf-478a-892a-a746717e50e3#0:FAIL-t169, 018b3f78-d19f-4e26-a796-cb8ddc4f97cf<-8697df36-98d2-41b1-bdc7-60597b3b5526#0:FAIL-t169] and 0 exception(s); 018b3f78-d19f-4e26-a796-cb8ddc4f97cf@group-187684C21557:t169, leader=null, voted=018b3f78-d19f-4e26-a796-cb8ddc4f97cf, raftlog=018b3f78-d19f-4e26-a796-cb8ddc4f97cf@group-187684C21557-SegmentedRaftLog:OPENED:c-1,f-1,i0, conf=-1: [893cf03e-f2cf-478a-892a-a746717e50e3:192.168.34.56:40750, 8697df36-98d2-41b1-bdc7-60597b3b5526:192.168.34.56:46415, 018b3f78-d19f-4e26-a796-cb8ddc4f97cf:192.168.34.56:35845], old=null
2019-10-18 13:01:52,590 [018b3f78-d19f-4e26-a796-cb8ddc4f97cf@group-187684C21557-LeaderElection293] INFO  impl.RaftServerImpl (RaftServerImpl.java:setRole(184)) - 018b3f78-d19f-4e26-a796-cb8ddc4f97cf@group-187684C21557: changes role from CANDIDATE to FOLLOWER at term 169 for DISCOVERED_A_NEW_TERM
2019-10-18 13:01:52,590 [018b3f78-d19f-4e26-a796-cb8ddc4f97cf@group-187684C21557-LeaderElection293] INFO  impl.RoleInfo (RoleInfo.java:shutdownLeaderElection(134)) - 018b3f78-d19f-4e26-a796-cb8ddc4f97cf: shutdown LeaderElection
2019-10-18 13:01:52,590 [018b3f78-d19f-4e26-a796-cb8ddc4f97cf@group-187684C21557-LeaderElection293] INFO  impl.RoleInfo (RoleInfo.java:updateAndGet(143)) - 018b3f78-d19f-4e26-a796-cb8ddc4f97cf: start FollowerState
2019-10-18 13:01:52,661 [Thread-2495] INFO  impl.FollowerState (FollowerState.java:run(108)) - 018b3f78-d19f-4e26-a796-cb8ddc4f97cf@group-187684C21557-FollowerState: change to CANDIDATE, lastRpcTime:71ms, electionTimeout:71ms
2019-10-18 13:01:52,662 [Thread-2495] INFO  impl.RoleInfo (RoleInfo.java:shutdownFollowerState(121)) - 018b3f78-d19f-4e26-a796-cb8ddc4f97cf: shutdown FollowerState
2019-10-18 13:01:52,662 [Thread-2495] INFO  impl.RaftServerImpl (RaftServerImpl.java:setRole(184)) - 018b3f78-d19f-4e26-a796-cb8ddc4f97cf@group-187684C21557: changes role from  FOLLOWER to CANDIDATE at term 169 for changeToCandidate
2019-10-18 13:01:52,662 [Thread-2495] INFO  impl.RoleInfo (RoleInfo.java:updateAndGet(143)) - 018b3f78-d19f-4e26-a796-cb8ddc4f97cf: start LeaderElection
2019-10-18 13:01:52,671 [Thread-2490] INFO  impl.FollowerState (FollowerState.java:run(108)) - c124d131-afb9-4343-ad4e-aaebde613043@group-FF4202234884-FollowerState: change to CANDIDATE, lastRpcTime:152ms, electionTimeout:152ms
2019-10-18 13:01:52,671 [Thread-2490] INFO  impl.RoleInfo (RoleInfo.java:shutdownFollowerState(121)) - c124d131-afb9-4343-ad4e-aaebde613043: shutdown FollowerState
2019-10-18 13:01:52,671 [Thread-2490] INFO  impl.RaftServerImpl (RaftServerImpl.java:setRole(184)) - c124d131-afb9-4343-ad4e-aaebde613043@group-FF4202234884: changes role from  FOLLOWER to CANDIDATE at term 159 for changeToCandidate
2019-10-18 13:01:52,671 [Thread-2490] INFO  impl.RoleInfo (RoleInfo.java:updateAndGet(143)) - c124d131-afb9-4343-ad4e-aaebde613043: start LeaderElection
2019-10-18 13:01:52,690 [018b3f78-d19f-4e26-a796-cb8ddc4f97cf@group-187684C21557-LeaderElection294] INFO  impl.LeaderElection (LeaderElection.java:askForVotes(178)) - 018b3f78-d19f-4e26-a796-cb8ddc4f97cf@group-187684C21557-LeaderElection294: begin an election at term 170 for -1: [893cf03e-f2cf-478a-892a-a746717e50e3:192.168.34.56:40750, 8697df36-98d2-41b1-bdc7-60597b3b5526:192.168.34.56:46415, 018b3f78-d19f-4e26-a796-cb8ddc4f97cf:192.168.34.56:35845], old=null
2019-10-18 13:01:52,690 [c124d131-afb9-4343-ad4e-aaebde613043@group-FF4202234884-LeaderElection295] INFO  impl.LeaderElection (LeaderElection.java:askForVotes(178)) - c124d131-afb9-4343-ad4e-aaebde613043@group-FF4202234884-LeaderElection295: begin an election at term 160 for -1: [999343e7-0330-4874-a345-91eca72585e0:192.168.34.56:44872, c124d131-afb9-4343-ad4e-aaebde613043:192.168.34.56:42116, e5bb327f-cdd7-4e49-919e-13a4c895fddf:192.168.34.56:36658], old=null
2019-10-18 13:01:52,691 [c124d131-afb9-4343-ad4e-aaebde613043@group-FF4202234884-LeaderElection295] INFO  impl.LeaderElection (LogUtils.java:infoOrTrace(149)) - c124d131-afb9-4343-ad4e-aaebde613043@group-FF4202234884-LeaderElection295 got exception when requesting votes: {}
java.util.concurrent.ExecutionException: org.apache.ratis.thirdparty.io.grpc.StatusRuntimeException: UNAVAILABLE: io exception
	at java.util.concurrent.FutureTask.report(FutureTask.java:122)
	at java.util.concurrent.FutureTask.get(FutureTask.java:192)
	at org.apache.ratis.server.impl.LeaderElection.waitForResults(LeaderElection.java:259)
	at org.apache.ratis.server.impl.LeaderElection.askForVotes(LeaderElection.java:197)
	at org.apache.ratis.server.impl.LeaderElection.run(LeaderElection.java:133)
	at java.lang.Thread.run(Thread.java:748)
Caused by: org.apache.ratis.thirdparty.io.grpc.StatusRuntimeException: UNAVAILABLE: io exception
	at org.apache.ratis.thirdparty.io.grpc.stub.ClientCalls.toStatusRuntimeException(ClientCalls.java:233)
	at org.apache.ratis.thirdparty.io.grpc.stub.ClientCalls.getUnchecked(ClientCalls.java:214)
	at org.apache.ratis.thirdparty.io.grpc.stub.ClientCalls.blockingUnaryCall(ClientCalls.java:139)
	at org.apache.ratis.proto.grpc.RaftServerProtocolServiceGrpc$RaftServerProtocolServiceBlockingStub.requestVote(RaftServerProtocolServiceGrpc.java:265)
	at org.apache.ratis.grpc.server.GrpcServerProtocolClient.requestVote(GrpcServerProtocolClient.java:99)
	at org.apache.ratis.grpc.server.GrpcService.requestVote(GrpcService.java:204)
	at org.apache.ratis.server.impl.LeaderElection.lambda$submitRequests$1(LeaderElection.java:234)
	at java.util.concurrent.FutureTask.run(FutureTask.java:266)
	at java.util.concurrent.Executors$RunnableAdapter.call(Executors.java:511)
	at java.util.concurrent.FutureTask.run(FutureTask.java:266)
	at java.util.concurrent.ThreadPoolExecutor.runWorker(ThreadPoolExecutor.java:1149)
	at java.util.concurrent.ThreadPoolExecutor$Worker.run(ThreadPoolExecutor.java:624)
	... 1 more
Caused by: org.apache.ratis.thirdparty.io.netty.channel.AbstractChannel$AnnotatedConnectException: Connection refused: /192.168.34.56:36658
	at sun.nio.ch.SocketChannelImpl.checkConnect(Native Method)
	at sun.nio.ch.SocketChannelImpl.finishConnect(SocketChannelImpl.java:717)
	at org.apache.ratis.thirdparty.io.netty.channel.socket.nio.NioSocketChannel.doFinishConnect(NioSocketChannel.java:327)
	at org.apache.ratis.thirdparty.io.netty.channel.nio.AbstractNioChannel$AbstractNioUnsafe.finishConnect(AbstractNioChannel.java:340)
	at org.apache.ratis.thirdparty.io.netty.channel.nio.NioEventLoop.processSelectedKey(NioEventLoop.java:632)
	at org.apache.ratis.thirdparty.io.netty.channel.nio.NioEventLoop.processSelectedKeysOptimized(NioEventLoop.java:579)
	at org.apache.ratis.thirdparty.io.netty.channel.nio.NioEventLoop.processSelectedKeys(NioEventLoop.java:496)
	at org.apache.ratis.thirdparty.io.netty.channel.nio.NioEventLoop.run(NioEventLoop.java:458)
	at org.apache.ratis.thirdparty.io.netty.util.concurrent.SingleThreadEventExecutor$5.run(SingleThreadEventExecutor.java:897)
	at org.apache.ratis.thirdparty.io.netty.util.concurrent.FastThreadLocalRunnable.run(FastThreadLocalRunnable.java:30)
	... 1 more
Caused by: java.net.ConnectException: Connection refused
	... 11 more
2019-10-18 13:01:52,692 [c124d131-afb9-4343-ad4e-aaebde613043@group-FF4202234884-LeaderElection295] INFO  impl.LeaderElection (LogUtils.java:infoOrTrace(149)) - c124d131-afb9-4343-ad4e-aaebde613043@group-FF4202234884-LeaderElection295 got exception when requesting votes: {}
java.util.concurrent.ExecutionException: org.apache.ratis.thirdparty.io.grpc.StatusRuntimeException: UNAVAILABLE: io exception
	at java.util.concurrent.FutureTask.report(FutureTask.java:122)
	at java.util.concurrent.FutureTask.get(FutureTask.java:192)
	at org.apache.ratis.server.impl.LeaderElection.waitForResults(LeaderElection.java:259)
	at org.apache.ratis.server.impl.LeaderElection.askForVotes(LeaderElection.java:197)
	at org.apache.ratis.server.impl.LeaderElection.run(LeaderElection.java:133)
	at java.lang.Thread.run(Thread.java:748)
Caused by: org.apache.ratis.thirdparty.io.grpc.StatusRuntimeException: UNAVAILABLE: io exception
	at org.apache.ratis.thirdparty.io.grpc.stub.ClientCalls.toStatusRuntimeException(ClientCalls.java:233)
	at org.apache.ratis.thirdparty.io.grpc.stub.ClientCalls.getUnchecked(ClientCalls.java:214)
	at org.apache.ratis.thirdparty.io.grpc.stub.ClientCalls.blockingUnaryCall(ClientCalls.java:139)
	at org.apache.ratis.proto.grpc.RaftServerProtocolServiceGrpc$RaftServerProtocolServiceBlockingStub.requestVote(RaftServerProtocolServiceGrpc.java:265)
	at org.apache.ratis.grpc.server.GrpcServerProtocolClient.requestVote(GrpcServerProtocolClient.java:99)
	at org.apache.ratis.grpc.server.GrpcService.requestVote(GrpcService.java:204)
	at org.apache.ratis.server.impl.LeaderElection.lambda$submitRequests$1(LeaderElection.java:234)
	at java.util.concurrent.FutureTask.run(FutureTask.java:266)
	at java.util.concurrent.Executors$RunnableAdapter.call(Executors.java:511)
	at java.util.concurrent.FutureTask.run(FutureTask.java:266)
	at java.util.concurrent.ThreadPoolExecutor.runWorker(ThreadPoolExecutor.java:1149)
	at java.util.concurrent.ThreadPoolExecutor$Worker.run(ThreadPoolExecutor.java:624)
	... 1 more
Caused by: org.apache.ratis.thirdparty.io.netty.channel.AbstractChannel$AnnotatedConnectException: Connection refused: /192.168.34.56:44872
	at sun.nio.ch.SocketChannelImpl.checkConnect(Native Method)
	at sun.nio.ch.SocketChannelImpl.finishConnect(SocketChannelImpl.java:717)
	at org.apache.ratis.thirdparty.io.netty.channel.socket.nio.NioSocketChannel.doFinishConnect(NioSocketChannel.java:327)
	at org.apache.ratis.thirdparty.io.netty.channel.nio.AbstractNioChannel$AbstractNioUnsafe.finishConnect(AbstractNioChannel.java:340)
	at org.apache.ratis.thirdparty.io.netty.channel.nio.NioEventLoop.processSelectedKey(NioEventLoop.java:632)
	at org.apache.ratis.thirdparty.io.netty.channel.nio.NioEventLoop.processSelectedKeysOptimized(NioEventLoop.java:579)
	at org.apache.ratis.thirdparty.io.netty.channel.nio.NioEventLoop.processSelectedKeys(NioEventLoop.java:496)
	at org.apache.ratis.thirdparty.io.netty.channel.nio.NioEventLoop.run(NioEventLoop.java:458)
	at org.apache.ratis.thirdparty.io.netty.util.concurrent.SingleThreadEventExecutor$5.run(SingleThreadEventExecutor.java:897)
	at org.apache.ratis.thirdparty.io.netty.util.concurrent.FastThreadLocalRunnable.run(FastThreadLocalRunnable.java:30)
	... 1 more
Caused by: java.net.ConnectException: Connection refused
	... 11 more
2019-10-18 13:01:52,692 [grpc-default-executor-2] INFO  impl.RaftServerImpl (RaftServerImpl.java:setRole(184)) - 893cf03e-f2cf-478a-892a-a746717e50e3@group-187684C21557: changes role from  FOLLOWER to FOLLOWER at term 170 for recognizeCandidate:018b3f78-d19f-4e26-a796-cb8ddc4f97cf
2019-10-18 13:01:52,692 [grpc-default-executor-7] INFO  impl.RaftServerImpl (RaftServerImpl.java:setRole(184)) - 8697df36-98d2-41b1-bdc7-60597b3b5526@group-187684C21557: changes role from  FOLLOWER to FOLLOWER at term 170 for recognizeCandidate:018b3f78-d19f-4e26-a796-cb8ddc4f97cf
2019-10-18 13:01:52,692 [grpc-default-executor-2] INFO  impl.RoleInfo (RoleInfo.java:shutdownFollowerState(121)) - 893cf03e-f2cf-478a-892a-a746717e50e3: shutdown FollowerState
2019-10-18 13:01:52,692 [c124d131-afb9-4343-ad4e-aaebde613043@group-FF4202234884-LeaderElection295] INFO  impl.LeaderElection (LeaderElection.java:logAndReturn(56)) - c124d131-afb9-4343-ad4e-aaebde613043@group-FF4202234884-LeaderElection295: Election REJECTED; received 0 response(s) [] and 2 exception(s); c124d131-afb9-4343-ad4e-aaebde613043@group-FF4202234884:t160, leader=null, voted=c124d131-afb9-4343-ad4e-aaebde613043, raftlog=c124d131-afb9-4343-ad4e-aaebde613043@group-FF4202234884-SegmentedRaftLog:OPENED:c-1,f-1,i0, conf=-1: [999343e7-0330-4874-a345-91eca72585e0:192.168.34.56:44872, c124d131-afb9-4343-ad4e-aaebde613043:192.168.34.56:42116, e5bb327f-cdd7-4e49-919e-13a4c895fddf:192.168.34.56:36658], old=null
2019-10-18 13:01:52,693 [Thread-2493] INFO  impl.FollowerState (FollowerState.java:run(117)) - 893cf03e-f2cf-478a-892a-a746717e50e3@group-187684C21557-FollowerState was interrupted: java.lang.InterruptedException: sleep interrupted
2019-10-18 13:01:52,693 [grpc-default-executor-2] INFO  impl.RoleInfo (RoleInfo.java:updateAndGet(143)) - 893cf03e-f2cf-478a-892a-a746717e50e3: start FollowerState
2019-10-18 13:01:52,693 [grpc-default-executor-7] INFO  impl.RoleInfo (RoleInfo.java:shutdownFollowerState(121)) - 8697df36-98d2-41b1-bdc7-60597b3b5526: shutdown FollowerState
2019-10-18 13:01:52,693 [c124d131-afb9-4343-ad4e-aaebde613043@group-FF4202234884-LeaderElection295] INFO  impl.LeaderElection (LogUtils.java:infoOrTrace(149)) -   Exception 0: {}
java.util.concurrent.ExecutionException: org.apache.ratis.thirdparty.io.grpc.StatusRuntimeException: UNAVAILABLE: io exception
	at java.util.concurrent.FutureTask.report(FutureTask.java:122)
	at java.util.concurrent.FutureTask.get(FutureTask.java:192)
	at org.apache.ratis.server.impl.LeaderElection.waitForResults(LeaderElection.java:259)
	at org.apache.ratis.server.impl.LeaderElection.askForVotes(LeaderElection.java:197)
	at org.apache.ratis.server.impl.LeaderElection.run(LeaderElection.java:133)
	at java.lang.Thread.run(Thread.java:748)
Caused by: org.apache.ratis.thirdparty.io.grpc.StatusRuntimeException: UNAVAILABLE: io exception
	at org.apache.ratis.thirdparty.io.grpc.stub.ClientCalls.toStatusRuntimeException(ClientCalls.java:233)
	at org.apache.ratis.thirdparty.io.grpc.stub.ClientCalls.getUnchecked(ClientCalls.java:214)
	at org.apache.ratis.thirdparty.io.grpc.stub.ClientCalls.blockingUnaryCall(ClientCalls.java:139)
	at org.apache.ratis.proto.grpc.RaftServerProtocolServiceGrpc$RaftServerProtocolServiceBlockingStub.requestVote(RaftServerProtocolServiceGrpc.java:265)
	at org.apache.ratis.grpc.server.GrpcServerProtocolClient.requestVote(GrpcServerProtocolClient.java:99)
	at org.apache.ratis.grpc.server.GrpcService.requestVote(GrpcService.java:204)
	at org.apache.ratis.server.impl.LeaderElection.lambda$submitRequests$1(LeaderElection.java:234)
	at java.util.concurrent.FutureTask.run(FutureTask.java:266)
	at java.util.concurrent.Executors$RunnableAdapter.call(Executors.java:511)
	at java.util.concurrent.FutureTask.run(FutureTask.java:266)
	at java.util.concurrent.ThreadPoolExecutor.runWorker(ThreadPoolExecutor.java:1149)
	at java.util.concurrent.ThreadPoolExecutor$Worker.run(ThreadPoolExecutor.java:624)
	... 1 more
Caused by: org.apache.ratis.thirdparty.io.netty.channel.AbstractChannel$AnnotatedConnectException: Connection refused: /192.168.34.56:36658
	at sun.nio.ch.SocketChannelImpl.checkConnect(Native Method)
	at sun.nio.ch.SocketChannelImpl.finishConnect(SocketChannelImpl.java:717)
	at org.apache.ratis.thirdparty.io.netty.channel.socket.nio.NioSocketChannel.doFinishConnect(NioSocketChannel.java:327)
	at org.apache.ratis.thirdparty.io.netty.channel.nio.AbstractNioChannel$AbstractNioUnsafe.finishConnect(AbstractNioChannel.java:340)
	at org.apache.ratis.thirdparty.io.netty.channel.nio.NioEventLoop.processSelectedKey(NioEventLoop.java:632)
	at org.apache.ratis.thirdparty.io.netty.channel.nio.NioEventLoop.processSelectedKeysOptimized(NioEventLoop.java:579)
	at org.apache.ratis.thirdparty.io.netty.channel.nio.NioEventLoop.processSelectedKeys(NioEventLoop.java:496)
	at org.apache.ratis.thirdparty.io.netty.channel.nio.NioEventLoop.run(NioEventLoop.java:458)
	at org.apache.ratis.thirdparty.io.netty.util.concurrent.SingleThreadEventExecutor$5.run(SingleThreadEventExecutor.java:897)
	at org.apache.ratis.thirdparty.io.netty.util.concurrent.FastThreadLocalRunnable.run(FastThreadLocalRunnable.java:30)
	... 1 more
Caused by: java.net.ConnectException: Connection refused
	... 11 more
2019-10-18 13:01:52,694 [c124d131-afb9-4343-ad4e-aaebde613043@group-FF4202234884-LeaderElection295] INFO  impl.LeaderElection (LogUtils.java:infoOrTrace(149)) -   Exception 1: {}
java.util.concurrent.ExecutionException: org.apache.ratis.thirdparty.io.grpc.StatusRuntimeException: UNAVAILABLE: io exception
	at java.util.concurrent.FutureTask.report(FutureTask.java:122)
	at java.util.concurrent.FutureTask.get(FutureTask.java:192)
	at org.apache.ratis.server.impl.LeaderElection.waitForResults(LeaderElection.java:259)
	at org.apache.ratis.server.impl.LeaderElection.askForVotes(LeaderElection.java:197)
	at org.apache.ratis.server.impl.LeaderElection.run(LeaderElection.java:133)
	at java.lang.Thread.run(Thread.java:748)
Caused by: org.apache.ratis.thirdparty.io.grpc.StatusRuntimeException: UNAVAILABLE: io exception
	at org.apache.ratis.thirdparty.io.grpc.stub.ClientCalls.toStatusRuntimeException(ClientCalls.java:233)
	at org.apache.ratis.thirdparty.io.grpc.stub.ClientCalls.getUnchecked(ClientCalls.java:214)
	at org.apache.ratis.thirdparty.io.grpc.stub.ClientCalls.blockingUnaryCall(ClientCalls.java:139)
	at org.apache.ratis.proto.grpc.RaftServerProtocolServiceGrpc$RaftServerProtocolServiceBlockingStub.requestVote(RaftServerProtocolServiceGrpc.java:265)
	at org.apache.ratis.grpc.server.GrpcServerProtocolClient.requestVote(GrpcServerProtocolClient.java:99)
	at org.apache.ratis.grpc.server.GrpcService.requestVote(GrpcService.java:204)
	at org.apache.ratis.server.impl.LeaderElection.lambda$submitRequests$1(LeaderElection.java:234)
	at java.util.concurrent.FutureTask.run(FutureTask.java:266)
	at java.util.concurrent.Executors$RunnableAdapter.call(Executors.java:511)
	at java.util.concurrent.FutureTask.run(FutureTask.java:266)
	at java.util.concurrent.ThreadPoolExecutor.runWorker(ThreadPoolExecutor.java:1149)
	at java.util.concurrent.ThreadPoolExecutor$Worker.run(ThreadPoolExecutor.java:624)
	... 1 more
Caused by: org.apache.ratis.thirdparty.io.netty.channel.AbstractChannel$AnnotatedConnectException: Connection refused: /192.168.34.56:44872
	at sun.nio.ch.SocketChannelImpl.checkConnect(Native Method)
	at sun.nio.ch.SocketChannelImpl.finishConnect(SocketChannelImpl.java:717)
	at org.apache.ratis.thirdparty.io.netty.channel.socket.nio.NioSocketChannel.doFinishConnect(NioSocketChannel.java:327)
	at org.apache.ratis.thirdparty.io.netty.channel.nio.AbstractNioChannel$AbstractNioUnsafe.finishConnect(AbstractNioChannel.java:340)
	at org.apache.ratis.thirdparty.io.netty.channel.nio.NioEventLoop.processSelectedKey(NioEventLoop.java:632)
	at org.apache.ratis.thirdparty.io.netty.channel.nio.NioEventLoop.processSelectedKeysOptimized(NioEventLoop.java:579)
	at org.apache.ratis.thirdparty.io.netty.channel.nio.NioEventLoop.processSelectedKeys(NioEventLoop.java:496)
	at org.apache.ratis.thirdparty.io.netty.channel.nio.NioEventLoop.run(NioEventLoop.java:458)
	at org.apache.ratis.thirdparty.io.netty.util.concurrent.SingleThreadEventExecutor$5.run(SingleThreadEventExecutor.java:897)
	at org.apache.ratis.thirdparty.io.netty.util.concurrent.FastThreadLocalRunnable.run(FastThreadLocalRunnable.java:30)
	... 1 more
Caused by: java.net.ConnectException: Connection refused
	... 11 more
2019-10-18 13:01:52,693 [Thread-2494] INFO  impl.FollowerState (FollowerState.java:run(117)) - 8697df36-98d2-41b1-bdc7-60597b3b5526@group-187684C21557-FollowerState was interrupted: java.lang.InterruptedException: sleep interrupted
2019-10-18 13:01:52,693 [grpc-default-executor-7] INFO  impl.RoleInfo (RoleInfo.java:updateAndGet(143)) - 8697df36-98d2-41b1-bdc7-60597b3b5526: start FollowerState
2019-10-18 13:01:52,694 [c124d131-afb9-4343-ad4e-aaebde613043@group-FF4202234884-LeaderElection295] INFO  impl.RaftServerImpl (RaftServerImpl.java:setRole(184)) - c124d131-afb9-4343-ad4e-aaebde613043@group-FF4202234884: changes role from CANDIDATE to FOLLOWER at term 160 for DISCOVERED_A_NEW_TERM
2019-10-18 13:01:52,694 [c124d131-afb9-4343-ad4e-aaebde613043@group-FF4202234884-LeaderElection295] INFO  impl.RoleInfo (RoleInfo.java:shutdownLeaderElection(134)) - c124d131-afb9-4343-ad4e-aaebde613043: shutdown LeaderElection
2019-10-18 13:01:52,694 [c124d131-afb9-4343-ad4e-aaebde613043@group-FF4202234884-LeaderElection295] INFO  impl.RoleInfo (RoleInfo.java:updateAndGet(143)) - c124d131-afb9-4343-ad4e-aaebde613043: start FollowerState
2019-10-18 13:01:52,711 [018b3f78-d19f-4e26-a796-cb8ddc4f97cf@group-187684C21557-LeaderElection294] INFO  impl.LeaderElection (LeaderElection.java:logAndReturn(56)) - 018b3f78-d19f-4e26-a796-cb8ddc4f97cf@group-187684C21557-LeaderElection294: Election REJECTED; received 2 response(s) [018b3f78-d19f-4e26-a796-cb8ddc4f97cf<-893cf03e-f2cf-478a-892a-a746717e50e3#0:FAIL-t170, 018b3f78-d19f-4e26-a796-cb8ddc4f97cf<-8697df36-98d2-41b1-bdc7-60597b3b5526#0:FAIL-t170] and 0 exception(s); 018b3f78-d19f-4e26-a796-cb8ddc4f97cf@group-187684C21557:t170, leader=null, voted=018b3f78-d19f-4e26-a796-cb8ddc4f97cf, raftlog=018b3f78-d19f-4e26-a796-cb8ddc4f97cf@group-187684C21557-SegmentedRaftLog:OPENED:c-1,f-1,i0, conf=-1: [893cf03e-f2cf-478a-892a-a746717e50e3:192.168.34.56:40750, 8697df36-98d2-41b1-bdc7-60597b3b5526:192.168.34.56:46415, 018b3f78-d19f-4e26-a796-cb8ddc4f97cf:192.168.34.56:35845], old=null
2019-10-18 13:01:52,712 [018b3f78-d19f-4e26-a796-cb8ddc4f97cf@group-187684C21557-LeaderElection294] INFO  impl.RaftServerImpl (RaftServerImpl.java:setRole(184)) - 018b3f78-d19f-4e26-a796-cb8ddc4f97cf@group-187684C21557: changes role from CANDIDATE to FOLLOWER at term 170 for DISCOVERED_A_NEW_TERM
2019-10-18 13:01:52,712 [018b3f78-d19f-4e26-a796-cb8ddc4f97cf@group-187684C21557-LeaderElection294] INFO  impl.RoleInfo (RoleInfo.java:shutdownLeaderElection(134)) - 018b3f78-d19f-4e26-a796-cb8ddc4f97cf: shutdown LeaderElection
2019-10-18 13:01:52,712 [018b3f78-d19f-4e26-a796-cb8ddc4f97cf@group-187684C21557-LeaderElection294] INFO  impl.RoleInfo (RoleInfo.java:updateAndGet(143)) - 018b3f78-d19f-4e26-a796-cb8ddc4f97cf: start FollowerState
2019-10-18 13:01:52,782 [Thread-2505] INFO  impl.FollowerState (FollowerState.java:run(108)) - 018b3f78-d19f-4e26-a796-cb8ddc4f97cf@group-187684C21557-FollowerState: change to CANDIDATE, lastRpcTime:70ms, electionTimeout:70ms
2019-10-18 13:01:52,782 [Thread-2505] INFO  impl.RoleInfo (RoleInfo.java:shutdownFollowerState(121)) - 018b3f78-d19f-4e26-a796-cb8ddc4f97cf: shutdown FollowerState
2019-10-18 13:01:52,782 [Thread-2505] INFO  impl.RaftServerImpl (RaftServerImpl.java:setRole(184)) - 018b3f78-d19f-4e26-a796-cb8ddc4f97cf@group-187684C21557: changes role from  FOLLOWER to CANDIDATE at term 170 for changeToCandidate
2019-10-18 13:01:52,782 [Thread-2505] INFO  impl.RoleInfo (RoleInfo.java:updateAndGet(143)) - 018b3f78-d19f-4e26-a796-cb8ddc4f97cf: start LeaderElection
2019-10-18 13:01:52,841 [Thread-2504] INFO  impl.FollowerState (FollowerState.java:run(108)) - c124d131-afb9-4343-ad4e-aaebde613043@group-FF4202234884-FollowerState: change to CANDIDATE, lastRpcTime:146ms, electionTimeout:146ms
2019-10-18 13:01:52,841 [Thread-2504] INFO  impl.RoleInfo (RoleInfo.java:shutdownFollowerState(121)) - c124d131-afb9-4343-ad4e-aaebde613043: shutdown FollowerState
2019-10-18 13:01:52,841 [Thread-2504] INFO  impl.RaftServerImpl (RaftServerImpl.java:setRole(184)) - c124d131-afb9-4343-ad4e-aaebde613043@group-FF4202234884: changes role from  FOLLOWER to CANDIDATE at term 160 for changeToCandidate
2019-10-18 13:01:52,841 [Thread-2504] INFO  impl.RoleInfo (RoleInfo.java:updateAndGet(143)) - c124d131-afb9-4343-ad4e-aaebde613043: start LeaderElection
2019-10-18 13:01:52,843 [Datanode State Machine Thread - 0] INFO  statemachine.DatanodeStateMachine (DatanodeStateMachine.java:lambda$startDaemon$0(350)) - Ozone container server started.
2019-10-18 13:01:52,848 [018b3f78-d19f-4e26-a796-cb8ddc4f97cf@group-187684C21557-LeaderElection296] INFO  impl.LeaderElection (LeaderElection.java:askForVotes(178)) - 018b3f78-d19f-4e26-a796-cb8ddc4f97cf@group-187684C21557-LeaderElection296: begin an election at term 171 for -1: [893cf03e-f2cf-478a-892a-a746717e50e3:192.168.34.56:40750, 8697df36-98d2-41b1-bdc7-60597b3b5526:192.168.34.56:46415, 018b3f78-d19f-4e26-a796-cb8ddc4f97cf:192.168.34.56:35845], old=null
2019-10-18 13:01:52,850 [grpc-default-executor-7] INFO  impl.RaftServerImpl (RaftServerImpl.java:setRole(184)) - 893cf03e-f2cf-478a-892a-a746717e50e3@group-187684C21557: changes role from  FOLLOWER to FOLLOWER at term 171 for recognizeCandidate:018b3f78-d19f-4e26-a796-cb8ddc4f97cf
2019-10-18 13:01:52,850 [grpc-default-executor-2] INFO  impl.RaftServerImpl (RaftServerImpl.java:setRole(184)) - 8697df36-98d2-41b1-bdc7-60597b3b5526@group-187684C21557: changes role from  FOLLOWER to FOLLOWER at term 171 for recognizeCandidate:018b3f78-d19f-4e26-a796-cb8ddc4f97cf
2019-10-18 13:01:52,850 [grpc-default-executor-7] INFO  impl.RoleInfo (RoleInfo.java:shutdownFollowerState(121)) - 893cf03e-f2cf-478a-892a-a746717e50e3: shutdown FollowerState
2019-10-18 13:01:52,850 [grpc-default-executor-2] INFO  impl.RoleInfo (RoleInfo.java:shutdownFollowerState(121)) - 8697df36-98d2-41b1-bdc7-60597b3b5526: shutdown FollowerState
2019-10-18 13:01:52,850 [grpc-default-executor-7] INFO  impl.RoleInfo (RoleInfo.java:updateAndGet(143)) - 893cf03e-f2cf-478a-892a-a746717e50e3: start FollowerState
2019-10-18 13:01:52,850 [Thread-2503] INFO  impl.FollowerState (FollowerState.java:run(117)) - 8697df36-98d2-41b1-bdc7-60597b3b5526@group-187684C21557-FollowerState was interrupted: java.lang.InterruptedException: sleep interrupted
2019-10-18 13:01:52,850 [grpc-default-executor-2] INFO  impl.RoleInfo (RoleInfo.java:updateAndGet(143)) - 8697df36-98d2-41b1-bdc7-60597b3b5526: start FollowerState
2019-10-18 13:01:52,850 [Thread-2502] INFO  impl.FollowerState (FollowerState.java:run(117)) - 893cf03e-f2cf-478a-892a-a746717e50e3@group-187684C21557-FollowerState was interrupted: java.lang.InterruptedException: sleep interrupted
2019-10-18 13:01:52,882 [c124d131-afb9-4343-ad4e-aaebde613043@group-FF4202234884-LeaderElection297] INFO  impl.LeaderElection (LeaderElection.java:askForVotes(178)) - c124d131-afb9-4343-ad4e-aaebde613043@group-FF4202234884-LeaderElection297: begin an election at term 161 for -1: [999343e7-0330-4874-a345-91eca72585e0:192.168.34.56:44872, c124d131-afb9-4343-ad4e-aaebde613043:192.168.34.56:42116, e5bb327f-cdd7-4e49-919e-13a4c895fddf:192.168.34.56:36658], old=null
2019-10-18 13:01:52,883 [018b3f78-d19f-4e26-a796-cb8ddc4f97cf@group-187684C21557-LeaderElection296] INFO  impl.LeaderElection (LeaderElection.java:logAndReturn(56)) - 018b3f78-d19f-4e26-a796-cb8ddc4f97cf@group-187684C21557-LeaderElection296: Election REJECTED; received 2 response(s) [018b3f78-d19f-4e26-a796-cb8ddc4f97cf<-893cf03e-f2cf-478a-892a-a746717e50e3#0:FAIL-t171, 018b3f78-d19f-4e26-a796-cb8ddc4f97cf<-8697df36-98d2-41b1-bdc7-60597b3b5526#0:FAIL-t171] and 0 exception(s); 018b3f78-d19f-4e26-a796-cb8ddc4f97cf@group-187684C21557:t171, leader=null, voted=018b3f78-d19f-4e26-a796-cb8ddc4f97cf, raftlog=018b3f78-d19f-4e26-a796-cb8ddc4f97cf@group-187684C21557-SegmentedRaftLog:OPENED:c-1,f-1,i0, conf=-1: [893cf03e-f2cf-478a-892a-a746717e50e3:192.168.34.56:40750, 8697df36-98d2-41b1-bdc7-60597b3b5526:192.168.34.56:46415, 018b3f78-d19f-4e26-a796-cb8ddc4f97cf:192.168.34.56:35845], old=null
2019-10-18 13:01:52,883 [c124d131-afb9-4343-ad4e-aaebde613043@group-FF4202234884-LeaderElection297] INFO  impl.LeaderElection (LogUtils.java:infoOrTrace(149)) - c124d131-afb9-4343-ad4e-aaebde613043@group-FF4202234884-LeaderElection297 got exception when requesting votes: {}
java.util.concurrent.ExecutionException: org.apache.ratis.thirdparty.io.grpc.StatusRuntimeException: UNAVAILABLE: io exception
	at java.util.concurrent.FutureTask.report(FutureTask.java:122)
	at java.util.concurrent.FutureTask.get(FutureTask.java:192)
	at org.apache.ratis.server.impl.LeaderElection.waitForResults(LeaderElection.java:259)
	at org.apache.ratis.server.impl.LeaderElection.askForVotes(LeaderElection.java:197)
	at org.apache.ratis.server.impl.LeaderElection.run(LeaderElection.java:133)
	at java.lang.Thread.run(Thread.java:748)
Caused by: org.apache.ratis.thirdparty.io.grpc.StatusRuntimeException: UNAVAILABLE: io exception
	at org.apache.ratis.thirdparty.io.grpc.stub.ClientCalls.toStatusRuntimeException(ClientCalls.java:233)
	at org.apache.ratis.thirdparty.io.grpc.stub.ClientCalls.getUnchecked(ClientCalls.java:214)
	at org.apache.ratis.thirdparty.io.grpc.stub.ClientCalls.blockingUnaryCall(ClientCalls.java:139)
	at org.apache.ratis.proto.grpc.RaftServerProtocolServiceGrpc$RaftServerProtocolServiceBlockingStub.requestVote(RaftServerProtocolServiceGrpc.java:265)
	at org.apache.ratis.grpc.server.GrpcServerProtocolClient.requestVote(GrpcServerProtocolClient.java:99)
	at org.apache.ratis.grpc.server.GrpcService.requestVote(GrpcService.java:204)
	at org.apache.ratis.server.impl.LeaderElection.lambda$submitRequests$1(LeaderElection.java:234)
	at java.util.concurrent.FutureTask.run(FutureTask.java:266)
	at java.util.concurrent.Executors$RunnableAdapter.call(Executors.java:511)
	at java.util.concurrent.FutureTask.run(FutureTask.java:266)
	at java.util.concurrent.ThreadPoolExecutor.runWorker(ThreadPoolExecutor.java:1149)
	at java.util.concurrent.ThreadPoolExecutor$Worker.run(ThreadPoolExecutor.java:624)
	... 1 more
Caused by: org.apache.ratis.thirdparty.io.netty.channel.AbstractChannel$AnnotatedConnectException: Connection refused: /192.168.34.56:44872
	at sun.nio.ch.SocketChannelImpl.checkConnect(Native Method)
	at sun.nio.ch.SocketChannelImpl.finishConnect(SocketChannelImpl.java:717)
	at org.apache.ratis.thirdparty.io.netty.channel.socket.nio.NioSocketChannel.doFinishConnect(NioSocketChannel.java:327)
	at org.apache.ratis.thirdparty.io.netty.channel.nio.AbstractNioChannel$AbstractNioUnsafe.finishConnect(AbstractNioChannel.java:340)
	at org.apache.ratis.thirdparty.io.netty.channel.nio.NioEventLoop.processSelectedKey(NioEventLoop.java:632)
	at org.apache.ratis.thirdparty.io.netty.channel.nio.NioEventLoop.processSelectedKeysOptimized(NioEventLoop.java:579)
	at org.apache.ratis.thirdparty.io.netty.channel.nio.NioEventLoop.processSelectedKeys(NioEventLoop.java:496)
	at org.apache.ratis.thirdparty.io.netty.channel.nio.NioEventLoop.run(NioEventLoop.java:458)
	at org.apache.ratis.thirdparty.io.netty.util.concurrent.SingleThreadEventExecutor$5.run(SingleThreadEventExecutor.java:897)
	at org.apache.ratis.thirdparty.io.netty.util.concurrent.FastThreadLocalRunnable.run(FastThreadLocalRunnable.java:30)
	... 1 more
Caused by: java.net.ConnectException: Connection refused
	... 11 more
2019-10-18 13:01:52,883 [018b3f78-d19f-4e26-a796-cb8ddc4f97cf@group-187684C21557-LeaderElection296] INFO  impl.RaftServerImpl (RaftServerImpl.java:setRole(184)) - 018b3f78-d19f-4e26-a796-cb8ddc4f97cf@group-187684C21557: changes role from CANDIDATE to FOLLOWER at term 171 for DISCOVERED_A_NEW_TERM
2019-10-18 13:01:52,884 [c124d131-afb9-4343-ad4e-aaebde613043@group-FF4202234884-LeaderElection297] INFO  impl.LeaderElection (LogUtils.java:infoOrTrace(149)) - c124d131-afb9-4343-ad4e-aaebde613043@group-FF4202234884-LeaderElection297 got exception when requesting votes: {}
java.util.concurrent.ExecutionException: org.apache.ratis.thirdparty.io.grpc.StatusRuntimeException: UNAVAILABLE: io exception
	at java.util.concurrent.FutureTask.report(FutureTask.java:122)
	at java.util.concurrent.FutureTask.get(FutureTask.java:192)
	at org.apache.ratis.server.impl.LeaderElection.waitForResults(LeaderElection.java:259)
	at org.apache.ratis.server.impl.LeaderElection.askForVotes(LeaderElection.java:197)
	at org.apache.ratis.server.impl.LeaderElection.run(LeaderElection.java:133)
	at java.lang.Thread.run(Thread.java:748)
Caused by: org.apache.ratis.thirdparty.io.grpc.StatusRuntimeException: UNAVAILABLE: io exception
	at org.apache.ratis.thirdparty.io.grpc.stub.ClientCalls.toStatusRuntimeException(ClientCalls.java:233)
	at org.apache.ratis.thirdparty.io.grpc.stub.ClientCalls.getUnchecked(ClientCalls.java:214)
	at org.apache.ratis.thirdparty.io.grpc.stub.ClientCalls.blockingUnaryCall(ClientCalls.java:139)
	at org.apache.ratis.proto.grpc.RaftServerProtocolServiceGrpc$RaftServerProtocolServiceBlockingStub.requestVote(RaftServerProtocolServiceGrpc.java:265)
	at org.apache.ratis.grpc.server.GrpcServerProtocolClient.requestVote(GrpcServerProtocolClient.java:99)
	at org.apache.ratis.grpc.server.GrpcService.requestVote(GrpcService.java:204)
	at org.apache.ratis.server.impl.LeaderElection.lambda$submitRequests$1(LeaderElection.java:234)
	at java.util.concurrent.FutureTask.run(FutureTask.java:266)
	at java.util.concurrent.Executors$RunnableAdapter.call(Executors.java:511)
	at java.util.concurrent.FutureTask.run(FutureTask.java:266)
	at java.util.concurrent.ThreadPoolExecutor.runWorker(ThreadPoolExecutor.java:1149)
	at java.util.concurrent.ThreadPoolExecutor$Worker.run(ThreadPoolExecutor.java:624)
	... 1 more
Caused by: org.apache.ratis.thirdparty.io.netty.channel.AbstractChannel$AnnotatedConnectException: Connection refused: /192.168.34.56:36658
	at sun.nio.ch.SocketChannelImpl.checkConnect(Native Method)
	at sun.nio.ch.SocketChannelImpl.finishConnect(SocketChannelImpl.java:717)
	at org.apache.ratis.thirdparty.io.netty.channel.socket.nio.NioSocketChannel.doFinishConnect(NioSocketChannel.java:327)
	at org.apache.ratis.thirdparty.io.netty.channel.nio.AbstractNioChannel$AbstractNioUnsafe.finishConnect(AbstractNioChannel.java:340)
	at org.apache.ratis.thirdparty.io.netty.channel.nio.NioEventLoop.processSelectedKey(NioEventLoop.java:632)
	at org.apache.ratis.thirdparty.io.netty.channel.nio.NioEventLoop.processSelectedKeysOptimized(NioEventLoop.java:579)
	at org.apache.ratis.thirdparty.io.netty.channel.nio.NioEventLoop.processSelectedKeys(NioEventLoop.java:496)
	at org.apache.ratis.thirdparty.io.netty.channel.nio.NioEventLoop.run(NioEventLoop.java:458)
	at org.apache.ratis.thirdparty.io.netty.util.concurrent.SingleThreadEventExecutor$5.run(SingleThreadEventExecutor.java:897)
	at org.apache.ratis.thirdparty.io.netty.util.concurrent.FastThreadLocalRunnable.run(FastThreadLocalRunnable.java:30)
	... 1 more
Caused by: java.net.ConnectException: Connection refused
	... 11 more
2019-10-18 13:01:52,884 [018b3f78-d19f-4e26-a796-cb8ddc4f97cf@group-187684C21557-LeaderElection296] INFO  impl.RoleInfo (RoleInfo.java:shutdownLeaderElection(134)) - 018b3f78-d19f-4e26-a796-cb8ddc4f97cf: shutdown LeaderElection
2019-10-18 13:01:52,884 [c124d131-afb9-4343-ad4e-aaebde613043@group-FF4202234884-LeaderElection297] INFO  impl.LeaderElection (LeaderElection.java:logAndReturn(56)) - c124d131-afb9-4343-ad4e-aaebde613043@group-FF4202234884-LeaderElection297: Election REJECTED; received 0 response(s) [] and 2 exception(s); c124d131-afb9-4343-ad4e-aaebde613043@group-FF4202234884:t161, leader=null, voted=c124d131-afb9-4343-ad4e-aaebde613043, raftlog=c124d131-afb9-4343-ad4e-aaebde613043@group-FF4202234884-SegmentedRaftLog:OPENED:c-1,f-1,i0, conf=-1: [999343e7-0330-4874-a345-91eca72585e0:192.168.34.56:44872, c124d131-afb9-4343-ad4e-aaebde613043:192.168.34.56:42116, e5bb327f-cdd7-4e49-919e-13a4c895fddf:192.168.34.56:36658], old=null
2019-10-18 13:01:52,884 [018b3f78-d19f-4e26-a796-cb8ddc4f97cf@group-187684C21557-LeaderElection296] INFO  impl.RoleInfo (RoleInfo.java:updateAndGet(143)) - 018b3f78-d19f-4e26-a796-cb8ddc4f97cf: start FollowerState
2019-10-18 13:01:52,885 [c124d131-afb9-4343-ad4e-aaebde613043@group-FF4202234884-LeaderElection297] INFO  impl.LeaderElection (LogUtils.java:infoOrTrace(149)) -   Exception 0: {}
java.util.concurrent.ExecutionException: org.apache.ratis.thirdparty.io.grpc.StatusRuntimeException: UNAVAILABLE: io exception
	at java.util.concurrent.FutureTask.report(FutureTask.java:122)
	at java.util.concurrent.FutureTask.get(FutureTask.java:192)
	at org.apache.ratis.server.impl.LeaderElection.waitForResults(LeaderElection.java:259)
	at org.apache.ratis.server.impl.LeaderElection.askForVotes(LeaderElection.java:197)
	at org.apache.ratis.server.impl.LeaderElection.run(LeaderElection.java:133)
	at java.lang.Thread.run(Thread.java:748)
Caused by: org.apache.ratis.thirdparty.io.grpc.StatusRuntimeException: UNAVAILABLE: io exception
	at org.apache.ratis.thirdparty.io.grpc.stub.ClientCalls.toStatusRuntimeException(ClientCalls.java:233)
	at org.apache.ratis.thirdparty.io.grpc.stub.ClientCalls.getUnchecked(ClientCalls.java:214)
	at org.apache.ratis.thirdparty.io.grpc.stub.ClientCalls.blockingUnaryCall(ClientCalls.java:139)
	at org.apache.ratis.proto.grpc.RaftServerProtocolServiceGrpc$RaftServerProtocolServiceBlockingStub.requestVote(RaftServerProtocolServiceGrpc.java:265)
	at org.apache.ratis.grpc.server.GrpcServerProtocolClient.requestVote(GrpcServerProtocolClient.java:99)
	at org.apache.ratis.grpc.server.GrpcService.requestVote(GrpcService.java:204)
	at org.apache.ratis.server.impl.LeaderElection.lambda$submitRequests$1(LeaderElection.java:234)
	at java.util.concurrent.FutureTask.run(FutureTask.java:266)
	at java.util.concurrent.Executors$RunnableAdapter.call(Executors.java:511)
	at java.util.concurrent.FutureTask.run(FutureTask.java:266)
	at java.util.concurrent.ThreadPoolExecutor.runWorker(ThreadPoolExecutor.java:1149)
	at java.util.concurrent.ThreadPoolExecutor$Worker.run(ThreadPoolExecutor.java:624)
	... 1 more
Caused by: org.apache.ratis.thirdparty.io.netty.channel.AbstractChannel$AnnotatedConnectException: Connection refused: /192.168.34.56:44872
	at sun.nio.ch.SocketChannelImpl.checkConnect(Native Method)
	at sun.nio.ch.SocketChannelImpl.finishConnect(SocketChannelImpl.java:717)
	at org.apache.ratis.thirdparty.io.netty.channel.socket.nio.NioSocketChannel.doFinishConnect(NioSocketChannel.java:327)
	at org.apache.ratis.thirdparty.io.netty.channel.nio.AbstractNioChannel$AbstractNioUnsafe.finishConnect(AbstractNioChannel.java:340)
	at org.apache.ratis.thirdparty.io.netty.channel.nio.NioEventLoop.processSelectedKey(NioEventLoop.java:632)
	at org.apache.ratis.thirdparty.io.netty.channel.nio.NioEventLoop.processSelectedKeysOptimized(NioEventLoop.java:579)
	at org.apache.ratis.thirdparty.io.netty.channel.nio.NioEventLoop.processSelectedKeys(NioEventLoop.java:496)
	at org.apache.ratis.thirdparty.io.netty.channel.nio.NioEventLoop.run(NioEventLoop.java:458)
	at org.apache.ratis.thirdparty.io.netty.util.concurrent.SingleThreadEventExecutor$5.run(SingleThreadEventExecutor.java:897)
	at org.apache.ratis.thirdparty.io.netty.util.concurrent.FastThreadLocalRunnable.run(FastThreadLocalRunnable.java:30)
	... 1 more
Caused by: java.net.ConnectException: Connection refused
	... 11 more
2019-10-18 13:01:52,885 [c124d131-afb9-4343-ad4e-aaebde613043@group-FF4202234884-LeaderElection297] INFO  impl.LeaderElection (LogUtils.java:infoOrTrace(149)) -   Exception 1: {}
java.util.concurrent.ExecutionException: org.apache.ratis.thirdparty.io.grpc.StatusRuntimeException: UNAVAILABLE: io exception
	at java.util.concurrent.FutureTask.report(FutureTask.java:122)
	at java.util.concurrent.FutureTask.get(FutureTask.java:192)
	at org.apache.ratis.server.impl.LeaderElection.waitForResults(LeaderElection.java:259)
	at org.apache.ratis.server.impl.LeaderElection.askForVotes(LeaderElection.java:197)
	at org.apache.ratis.server.impl.LeaderElection.run(LeaderElection.java:133)
	at java.lang.Thread.run(Thread.java:748)
Caused by: org.apache.ratis.thirdparty.io.grpc.StatusRuntimeException: UNAVAILABLE: io exception
	at org.apache.ratis.thirdparty.io.grpc.stub.ClientCalls.toStatusRuntimeException(ClientCalls.java:233)
	at org.apache.ratis.thirdparty.io.grpc.stub.ClientCalls.getUnchecked(ClientCalls.java:214)
	at org.apache.ratis.thirdparty.io.grpc.stub.ClientCalls.blockingUnaryCall(ClientCalls.java:139)
	at org.apache.ratis.proto.grpc.RaftServerProtocolServiceGrpc$RaftServerProtocolServiceBlockingStub.requestVote(RaftServerProtocolServiceGrpc.java:265)
	at org.apache.ratis.grpc.server.GrpcServerProtocolClient.requestVote(GrpcServerProtocolClient.java:99)
	at org.apache.ratis.grpc.server.GrpcService.requestVote(GrpcService.java:204)
	at org.apache.ratis.server.impl.LeaderElection.lambda$submitRequests$1(LeaderElection.java:234)
	at java.util.concurrent.FutureTask.run(FutureTask.java:266)
	at java.util.concurrent.Executors$RunnableAdapter.call(Executors.java:511)
	at java.util.concurrent.FutureTask.run(FutureTask.java:266)
	at java.util.concurrent.ThreadPoolExecutor.runWorker(ThreadPoolExecutor.java:1149)
	at java.util.concurrent.ThreadPoolExecutor$Worker.run(ThreadPoolExecutor.java:624)
	... 1 more
Caused by: org.apache.ratis.thirdparty.io.netty.channel.AbstractChannel$AnnotatedConnectException: Connection refused: /192.168.34.56:36658
	at sun.nio.ch.SocketChannelImpl.checkConnect(Native Method)
	at sun.nio.ch.SocketChannelImpl.finishConnect(SocketChannelImpl.java:717)
	at org.apache.ratis.thirdparty.io.netty.channel.socket.nio.NioSocketChannel.doFinishConnect(NioSocketChannel.java:327)
	at org.apache.ratis.thirdparty.io.netty.channel.nio.AbstractNioChannel$AbstractNioUnsafe.finishConnect(AbstractNioChannel.java:340)
	at org.apache.ratis.thirdparty.io.netty.channel.nio.NioEventLoop.processSelectedKey(NioEventLoop.java:632)
	at org.apache.ratis.thirdparty.io.netty.channel.nio.NioEventLoop.processSelectedKeysOptimized(NioEventLoop.java:579)
	at org.apache.ratis.thirdparty.io.netty.channel.nio.NioEventLoop.processSelectedKeys(NioEventLoop.java:496)
	at org.apache.ratis.thirdparty.io.netty.channel.nio.NioEventLoop.run(NioEventLoop.java:458)
	at org.apache.ratis.thirdparty.io.netty.util.concurrent.SingleThreadEventExecutor$5.run(SingleThreadEventExecutor.java:897)
	at org.apache.ratis.thirdparty.io.netty.util.concurrent.FastThreadLocalRunnable.run(FastThreadLocalRunnable.java:30)
	... 1 more
Caused by: java.net.ConnectException: Connection refused
	... 11 more
2019-10-18 13:01:52,886 [c124d131-afb9-4343-ad4e-aaebde613043@group-FF4202234884-LeaderElection297] INFO  impl.RaftServerImpl (RaftServerImpl.java:setRole(184)) - c124d131-afb9-4343-ad4e-aaebde613043@group-FF4202234884: changes role from CANDIDATE to FOLLOWER at term 161 for DISCOVERED_A_NEW_TERM
2019-10-18 13:01:52,886 [c124d131-afb9-4343-ad4e-aaebde613043@group-FF4202234884-LeaderElection297] INFO  impl.RoleInfo (RoleInfo.java:shutdownLeaderElection(134)) - c124d131-afb9-4343-ad4e-aaebde613043: shutdown LeaderElection
2019-10-18 13:01:52,886 [c124d131-afb9-4343-ad4e-aaebde613043@group-FF4202234884-LeaderElection297] INFO  impl.RoleInfo (RoleInfo.java:updateAndGet(143)) - c124d131-afb9-4343-ad4e-aaebde613043: start FollowerState
2019-10-18 13:01:52,903 [Thread-2515] INFO  impl.FollowerState (FollowerState.java:run(108)) - c124d131-afb9-4343-ad4e-aaebde613043@group-FF4202234884-FollowerState: change to CANDIDATE, lastRpcTime:17ms, electionTimeout:17ms
2019-10-18 13:01:52,903 [Thread-2515] INFO  impl.RoleInfo (RoleInfo.java:shutdownFollowerState(121)) - c124d131-afb9-4343-ad4e-aaebde613043: shutdown FollowerState
2019-10-18 13:01:52,904 [Thread-2515] INFO  impl.RaftServerImpl (RaftServerImpl.java:setRole(184)) - c124d131-afb9-4343-ad4e-aaebde613043@group-FF4202234884: changes role from  FOLLOWER to CANDIDATE at term 161 for changeToCandidate
2019-10-18 13:01:52,904 [Thread-2515] INFO  impl.RoleInfo (RoleInfo.java:updateAndGet(143)) - c124d131-afb9-4343-ad4e-aaebde613043: start LeaderElection
2019-10-18 13:01:52,932 [c124d131-afb9-4343-ad4e-aaebde613043@group-FF4202234884-LeaderElection298] INFO  impl.LeaderElection (LeaderElection.java:askForVotes(178)) - c124d131-afb9-4343-ad4e-aaebde613043@group-FF4202234884-LeaderElection298: begin an election at term 162 for -1: [999343e7-0330-4874-a345-91eca72585e0:192.168.34.56:44872, c124d131-afb9-4343-ad4e-aaebde613043:192.168.34.56:42116, e5bb327f-cdd7-4e49-919e-13a4c895fddf:192.168.34.56:36658], old=null
2019-10-18 13:01:52,933 [c124d131-afb9-4343-ad4e-aaebde613043@group-FF4202234884-LeaderElection298] INFO  impl.LeaderElection (LogUtils.java:infoOrTrace(149)) - c124d131-afb9-4343-ad4e-aaebde613043@group-FF4202234884-LeaderElection298 got exception when requesting votes: {}
java.util.concurrent.ExecutionException: org.apache.ratis.thirdparty.io.grpc.StatusRuntimeException: UNAVAILABLE: io exception
	at java.util.concurrent.FutureTask.report(FutureTask.java:122)
	at java.util.concurrent.FutureTask.get(FutureTask.java:192)
	at org.apache.ratis.server.impl.LeaderElection.waitForResults(LeaderElection.java:259)
	at org.apache.ratis.server.impl.LeaderElection.askForVotes(LeaderElection.java:197)
	at org.apache.ratis.server.impl.LeaderElection.run(LeaderElection.java:133)
	at java.lang.Thread.run(Thread.java:748)
Caused by: org.apache.ratis.thirdparty.io.grpc.StatusRuntimeException: UNAVAILABLE: io exception
	at org.apache.ratis.thirdparty.io.grpc.stub.ClientCalls.toStatusRuntimeException(ClientCalls.java:233)
	at org.apache.ratis.thirdparty.io.grpc.stub.ClientCalls.getUnchecked(ClientCalls.java:214)
	at org.apache.ratis.thirdparty.io.grpc.stub.ClientCalls.blockingUnaryCall(ClientCalls.java:139)
	at org.apache.ratis.proto.grpc.RaftServerProtocolServiceGrpc$RaftServerProtocolServiceBlockingStub.requestVote(RaftServerProtocolServiceGrpc.java:265)
	at org.apache.ratis.grpc.server.GrpcServerProtocolClient.requestVote(GrpcServerProtocolClient.java:99)
	at org.apache.ratis.grpc.server.GrpcService.requestVote(GrpcService.java:204)
	at org.apache.ratis.server.impl.LeaderElection.lambda$submitRequests$1(LeaderElection.java:234)
	at java.util.concurrent.FutureTask.run(FutureTask.java:266)
	at java.util.concurrent.Executors$RunnableAdapter.call(Executors.java:511)
	at java.util.concurrent.FutureTask.run(FutureTask.java:266)
	at java.util.concurrent.ThreadPoolExecutor.runWorker(ThreadPoolExecutor.java:1149)
	at java.util.concurrent.ThreadPoolExecutor$Worker.run(ThreadPoolExecutor.java:624)
	... 1 more
Caused by: org.apache.ratis.thirdparty.io.netty.channel.AbstractChannel$AnnotatedConnectException: Connection refused: /192.168.34.56:44872
	at sun.nio.ch.SocketChannelImpl.checkConnect(Native Method)
	at sun.nio.ch.SocketChannelImpl.finishConnect(SocketChannelImpl.java:717)
	at org.apache.ratis.thirdparty.io.netty.channel.socket.nio.NioSocketChannel.doFinishConnect(NioSocketChannel.java:327)
	at org.apache.ratis.thirdparty.io.netty.channel.nio.AbstractNioChannel$AbstractNioUnsafe.finishConnect(AbstractNioChannel.java:340)
	at org.apache.ratis.thirdparty.io.netty.channel.nio.NioEventLoop.processSelectedKey(NioEventLoop.java:632)
	at org.apache.ratis.thirdparty.io.netty.channel.nio.NioEventLoop.processSelectedKeysOptimized(NioEventLoop.java:579)
	at org.apache.ratis.thirdparty.io.netty.channel.nio.NioEventLoop.processSelectedKeys(NioEventLoop.java:496)
	at org.apache.ratis.thirdparty.io.netty.channel.nio.NioEventLoop.run(NioEventLoop.java:458)
	at org.apache.ratis.thirdparty.io.netty.util.concurrent.SingleThreadEventExecutor$5.run(SingleThreadEventExecutor.java:897)
	at org.apache.ratis.thirdparty.io.netty.util.concurrent.FastThreadLocalRunnable.run(FastThreadLocalRunnable.java:30)
	... 1 more
Caused by: java.net.ConnectException: Connection refused
	... 11 more
2019-10-18 13:01:52,934 [c124d131-afb9-4343-ad4e-aaebde613043@group-FF4202234884-LeaderElection298] INFO  impl.LeaderElection (LogUtils.java:infoOrTrace(149)) - c124d131-afb9-4343-ad4e-aaebde613043@group-FF4202234884-LeaderElection298 got exception when requesting votes: {}
java.util.concurrent.ExecutionException: org.apache.ratis.thirdparty.io.grpc.StatusRuntimeException: UNAVAILABLE: io exception
	at java.util.concurrent.FutureTask.report(FutureTask.java:122)
	at java.util.concurrent.FutureTask.get(FutureTask.java:192)
	at org.apache.ratis.server.impl.LeaderElection.waitForResults(LeaderElection.java:259)
	at org.apache.ratis.server.impl.LeaderElection.askForVotes(LeaderElection.java:197)
	at org.apache.ratis.server.impl.LeaderElection.run(LeaderElection.java:133)
	at java.lang.Thread.run(Thread.java:748)
Caused by: org.apache.ratis.thirdparty.io.grpc.StatusRuntimeException: UNAVAILABLE: io exception
	at org.apache.ratis.thirdparty.io.grpc.stub.ClientCalls.toStatusRuntimeException(ClientCalls.java:233)
	at org.apache.ratis.thirdparty.io.grpc.stub.ClientCalls.getUnchecked(ClientCalls.java:214)
	at org.apache.ratis.thirdparty.io.grpc.stub.ClientCalls.blockingUnaryCall(ClientCalls.java:139)
	at org.apache.ratis.proto.grpc.RaftServerProtocolServiceGrpc$RaftServerProtocolServiceBlockingStub.requestVote(RaftServerProtocolServiceGrpc.java:265)
	at org.apache.ratis.grpc.server.GrpcServerProtocolClient.requestVote(GrpcServerProtocolClient.java:99)
	at org.apache.ratis.grpc.server.GrpcService.requestVote(GrpcService.java:204)
	at org.apache.ratis.server.impl.LeaderElection.lambda$submitRequests$1(LeaderElection.java:234)
	at java.util.concurrent.FutureTask.run(FutureTask.java:266)
	at java.util.concurrent.Executors$RunnableAdapter.call(Executors.java:511)
	at java.util.concurrent.FutureTask.run(FutureTask.java:266)
	at java.util.concurrent.ThreadPoolExecutor.runWorker(ThreadPoolExecutor.java:1149)
	at java.util.concurrent.ThreadPoolExecutor$Worker.run(ThreadPoolExecutor.java:624)
	... 1 more
Caused by: org.apache.ratis.thirdparty.io.netty.channel.AbstractChannel$AnnotatedConnectException: Connection refused: /192.168.34.56:36658
	at sun.nio.ch.SocketChannelImpl.checkConnect(Native Method)
	at sun.nio.ch.SocketChannelImpl.finishConnect(SocketChannelImpl.java:717)
	at org.apache.ratis.thirdparty.io.netty.channel.socket.nio.NioSocketChannel.doFinishConnect(NioSocketChannel.java:327)
	at org.apache.ratis.thirdparty.io.netty.channel.nio.AbstractNioChannel$AbstractNioUnsafe.finishConnect(AbstractNioChannel.java:340)
	at org.apache.ratis.thirdparty.io.netty.channel.nio.NioEventLoop.processSelectedKey(NioEventLoop.java:632)
	at org.apache.ratis.thirdparty.io.netty.channel.nio.NioEventLoop.processSelectedKeysOptimized(NioEventLoop.java:579)
	at org.apache.ratis.thirdparty.io.netty.channel.nio.NioEventLoop.processSelectedKeys(NioEventLoop.java:496)
	at org.apache.ratis.thirdparty.io.netty.channel.nio.NioEventLoop.run(NioEventLoop.java:458)
	at org.apache.ratis.thirdparty.io.netty.util.concurrent.SingleThreadEventExecutor$5.run(SingleThreadEventExecutor.java:897)
	at org.apache.ratis.thirdparty.io.netty.util.concurrent.FastThreadLocalRunnable.run(FastThreadLocalRunnable.java:30)
	... 1 more
Caused by: java.net.ConnectException: Connection refused
	... 11 more
2019-10-18 13:01:52,934 [c124d131-afb9-4343-ad4e-aaebde613043@group-FF4202234884-LeaderElection298] INFO  impl.LeaderElection (LeaderElection.java:logAndReturn(56)) - c124d131-afb9-4343-ad4e-aaebde613043@group-FF4202234884-LeaderElection298: Election REJECTED; received 0 response(s) [] and 2 exception(s); c124d131-afb9-4343-ad4e-aaebde613043@group-FF4202234884:t162, leader=null, voted=c124d131-afb9-4343-ad4e-aaebde613043, raftlog=c124d131-afb9-4343-ad4e-aaebde613043@group-FF4202234884-SegmentedRaftLog:OPENED:c-1,f-1,i0, conf=-1: [999343e7-0330-4874-a345-91eca72585e0:192.168.34.56:44872, c124d131-afb9-4343-ad4e-aaebde613043:192.168.34.56:42116, e5bb327f-cdd7-4e49-919e-13a4c895fddf:192.168.34.56:36658], old=null
2019-10-18 13:01:52,934 [c124d131-afb9-4343-ad4e-aaebde613043@group-FF4202234884-LeaderElection298] INFO  impl.LeaderElection (LogUtils.java:infoOrTrace(149)) -   Exception 0: {}
java.util.concurrent.ExecutionException: org.apache.ratis.thirdparty.io.grpc.StatusRuntimeException: UNAVAILABLE: io exception
	at java.util.concurrent.FutureTask.report(FutureTask.java:122)
	at java.util.concurrent.FutureTask.get(FutureTask.java:192)
	at org.apache.ratis.server.impl.LeaderElection.waitForResults(LeaderElection.java:259)
	at org.apache.ratis.server.impl.LeaderElection.askForVotes(LeaderElection.java:197)
	at org.apache.ratis.server.impl.LeaderElection.run(LeaderElection.java:133)
	at java.lang.Thread.run(Thread.java:748)
Caused by: org.apache.ratis.thirdparty.io.grpc.StatusRuntimeException: UNAVAILABLE: io exception
	at org.apache.ratis.thirdparty.io.grpc.stub.ClientCalls.toStatusRuntimeException(ClientCalls.java:233)
	at org.apache.ratis.thirdparty.io.grpc.stub.ClientCalls.getUnchecked(ClientCalls.java:214)
	at org.apache.ratis.thirdparty.io.grpc.stub.ClientCalls.blockingUnaryCall(ClientCalls.java:139)
	at org.apache.ratis.proto.grpc.RaftServerProtocolServiceGrpc$RaftServerProtocolServiceBlockingStub.requestVote(RaftServerProtocolServiceGrpc.java:265)
	at org.apache.ratis.grpc.server.GrpcServerProtocolClient.requestVote(GrpcServerProtocolClient.java:99)
	at org.apache.ratis.grpc.server.GrpcService.requestVote(GrpcService.java:204)
	at org.apache.ratis.server.impl.LeaderElection.lambda$submitRequests$1(LeaderElection.java:234)
	at java.util.concurrent.FutureTask.run(FutureTask.java:266)
	at java.util.concurrent.Executors$RunnableAdapter.call(Executors.java:511)
	at java.util.concurrent.FutureTask.run(FutureTask.java:266)
	at java.util.concurrent.ThreadPoolExecutor.runWorker(ThreadPoolExecutor.java:1149)
	at java.util.concurrent.ThreadPoolExecutor$Worker.run(ThreadPoolExecutor.java:624)
	... 1 more
Caused by: org.apache.ratis.thirdparty.io.netty.channel.AbstractChannel$AnnotatedConnectException: Connection refused: /192.168.34.56:44872
	at sun.nio.ch.SocketChannelImpl.checkConnect(Native Method)
	at sun.nio.ch.SocketChannelImpl.finishConnect(SocketChannelImpl.java:717)
	at org.apache.ratis.thirdparty.io.netty.channel.socket.nio.NioSocketChannel.doFinishConnect(NioSocketChannel.java:327)
	at org.apache.ratis.thirdparty.io.netty.channel.nio.AbstractNioChannel$AbstractNioUnsafe.finishConnect(AbstractNioChannel.java:340)
	at org.apache.ratis.thirdparty.io.netty.channel.nio.NioEventLoop.processSelectedKey(NioEventLoop.java:632)
	at org.apache.ratis.thirdparty.io.netty.channel.nio.NioEventLoop.processSelectedKeysOptimized(NioEventLoop.java:579)
	at org.apache.ratis.thirdparty.io.netty.channel.nio.NioEventLoop.processSelectedKeys(NioEventLoop.java:496)
	at org.apache.ratis.thirdparty.io.netty.channel.nio.NioEventLoop.run(NioEventLoop.java:458)
	at org.apache.ratis.thirdparty.io.netty.util.concurrent.SingleThreadEventExecutor$5.run(SingleThreadEventExecutor.java:897)
	at org.apache.ratis.thirdparty.io.netty.util.concurrent.FastThreadLocalRunnable.run(FastThreadLocalRunnable.java:30)
	... 1 more
Caused by: java.net.ConnectException: Connection refused
	... 11 more
2019-10-18 13:01:52,935 [c124d131-afb9-4343-ad4e-aaebde613043@group-FF4202234884-LeaderElection298] INFO  impl.LeaderElection (LogUtils.java:infoOrTrace(149)) -   Exception 1: {}
java.util.concurrent.ExecutionException: org.apache.ratis.thirdparty.io.grpc.StatusRuntimeException: UNAVAILABLE: io exception
	at java.util.concurrent.FutureTask.report(FutureTask.java:122)
	at java.util.concurrent.FutureTask.get(FutureTask.java:192)
	at org.apache.ratis.server.impl.LeaderElection.waitForResults(LeaderElection.java:259)
	at org.apache.ratis.server.impl.LeaderElection.askForVotes(LeaderElection.java:197)
	at org.apache.ratis.server.impl.LeaderElection.run(LeaderElection.java:133)
	at java.lang.Thread.run(Thread.java:748)
Caused by: org.apache.ratis.thirdparty.io.grpc.StatusRuntimeException: UNAVAILABLE: io exception
	at org.apache.ratis.thirdparty.io.grpc.stub.ClientCalls.toStatusRuntimeException(ClientCalls.java:233)
	at org.apache.ratis.thirdparty.io.grpc.stub.ClientCalls.getUnchecked(ClientCalls.java:214)
	at org.apache.ratis.thirdparty.io.grpc.stub.ClientCalls.blockingUnaryCall(ClientCalls.java:139)
	at org.apache.ratis.proto.grpc.RaftServerProtocolServiceGrpc$RaftServerProtocolServiceBlockingStub.requestVote(RaftServerProtocolServiceGrpc.java:265)
	at org.apache.ratis.grpc.server.GrpcServerProtocolClient.requestVote(GrpcServerProtocolClient.java:99)
	at org.apache.ratis.grpc.server.GrpcService.requestVote(GrpcService.java:204)
	at org.apache.ratis.server.impl.LeaderElection.lambda$submitRequests$1(LeaderElection.java:234)
	at java.util.concurrent.FutureTask.run(FutureTask.java:266)
	at java.util.concurrent.Executors$RunnableAdapter.call(Executors.java:511)
	at java.util.concurrent.FutureTask.run(FutureTask.java:266)
	at java.util.concurrent.ThreadPoolExecutor.runWorker(ThreadPoolExecutor.java:1149)
	at java.util.concurrent.ThreadPoolExecutor$Worker.run(ThreadPoolExecutor.java:624)
	... 1 more
Caused by: org.apache.ratis.thirdparty.io.netty.channel.AbstractChannel$AnnotatedConnectException: Connection refused: /192.168.34.56:36658
	at sun.nio.ch.SocketChannelImpl.checkConnect(Native Method)
	at sun.nio.ch.SocketChannelImpl.finishConnect(SocketChannelImpl.java:717)
	at org.apache.ratis.thirdparty.io.netty.channel.socket.nio.NioSocketChannel.doFinishConnect(NioSocketChannel.java:327)
	at org.apache.ratis.thirdparty.io.netty.channel.nio.AbstractNioChannel$AbstractNioUnsafe.finishConnect(AbstractNioChannel.java:340)
	at org.apache.ratis.thirdparty.io.netty.channel.nio.NioEventLoop.processSelectedKey(NioEventLoop.java:632)
	at org.apache.ratis.thirdparty.io.netty.channel.nio.NioEventLoop.processSelectedKeysOptimized(NioEventLoop.java:579)
	at org.apache.ratis.thirdparty.io.netty.channel.nio.NioEventLoop.processSelectedKeys(NioEventLoop.java:496)
	at org.apache.ratis.thirdparty.io.netty.channel.nio.NioEventLoop.run(NioEventLoop.java:458)
	at org.apache.ratis.thirdparty.io.netty.util.concurrent.SingleThreadEventExecutor$5.run(SingleThreadEventExecutor.java:897)
	at org.apache.ratis.thirdparty.io.netty.util.concurrent.FastThreadLocalRunnable.run(FastThreadLocalRunnable.java:30)
	... 1 more
Caused by: java.net.ConnectException: Connection refused
	... 11 more
2019-10-18 13:01:52,935 [c124d131-afb9-4343-ad4e-aaebde613043@group-FF4202234884-LeaderElection298] INFO  impl.RaftServerImpl (RaftServerImpl.java:setRole(184)) - c124d131-afb9-4343-ad4e-aaebde613043@group-FF4202234884: changes role from CANDIDATE to FOLLOWER at term 162 for DISCOVERED_A_NEW_TERM
2019-10-18 13:01:52,935 [c124d131-afb9-4343-ad4e-aaebde613043@group-FF4202234884-LeaderElection298] INFO  impl.RoleInfo (RoleInfo.java:shutdownLeaderElection(134)) - c124d131-afb9-4343-ad4e-aaebde613043: shutdown LeaderElection
2019-10-18 13:01:52,935 [c124d131-afb9-4343-ad4e-aaebde613043@group-FF4202234884-LeaderElection298] INFO  impl.RoleInfo (RoleInfo.java:updateAndGet(143)) - c124d131-afb9-4343-ad4e-aaebde613043: start FollowerState
2019-10-18 13:01:53,005 [Thread-2514] INFO  impl.FollowerState (FollowerState.java:run(108)) - 018b3f78-d19f-4e26-a796-cb8ddc4f97cf@group-187684C21557-FollowerState: change to CANDIDATE, lastRpcTime:120ms, electionTimeout:120ms
2019-10-18 13:01:53,005 [Thread-2514] INFO  impl.RoleInfo (RoleInfo.java:shutdownFollowerState(121)) - 018b3f78-d19f-4e26-a796-cb8ddc4f97cf: shutdown FollowerState
2019-10-18 13:01:53,005 [Thread-2514] INFO  impl.RaftServerImpl (RaftServerImpl.java:setRole(184)) - 018b3f78-d19f-4e26-a796-cb8ddc4f97cf@group-187684C21557: changes role from  FOLLOWER to CANDIDATE at term 171 for changeToCandidate
2019-10-18 13:01:53,006 [Thread-2514] INFO  impl.RoleInfo (RoleInfo.java:updateAndGet(143)) - 018b3f78-d19f-4e26-a796-cb8ddc4f97cf: start LeaderElection
2019-10-18 13:01:53,036 [018b3f78-d19f-4e26-a796-cb8ddc4f97cf@group-187684C21557-LeaderElection299] INFO  impl.LeaderElection (LeaderElection.java:askForVotes(178)) - 018b3f78-d19f-4e26-a796-cb8ddc4f97cf@group-187684C21557-LeaderElection299: begin an election at term 172 for -1: [893cf03e-f2cf-478a-892a-a746717e50e3:192.168.34.56:40750, 8697df36-98d2-41b1-bdc7-60597b3b5526:192.168.34.56:46415, 018b3f78-d19f-4e26-a796-cb8ddc4f97cf:192.168.34.56:35845], old=null
2019-10-18 13:01:53,038 [grpc-default-executor-2] INFO  impl.RaftServerImpl (RaftServerImpl.java:setRole(184)) - 893cf03e-f2cf-478a-892a-a746717e50e3@group-187684C21557: changes role from  FOLLOWER to FOLLOWER at term 172 for recognizeCandidate:018b3f78-d19f-4e26-a796-cb8ddc4f97cf
2019-10-18 13:01:53,038 [grpc-default-executor-7] INFO  impl.RaftServerImpl (RaftServerImpl.java:setRole(184)) - 8697df36-98d2-41b1-bdc7-60597b3b5526@group-187684C21557: changes role from  FOLLOWER to FOLLOWER at term 172 for recognizeCandidate:018b3f78-d19f-4e26-a796-cb8ddc4f97cf
2019-10-18 13:01:53,038 [grpc-default-executor-2] INFO  impl.RoleInfo (RoleInfo.java:shutdownFollowerState(121)) - 893cf03e-f2cf-478a-892a-a746717e50e3: shutdown FollowerState
2019-10-18 13:01:53,038 [grpc-default-executor-7] INFO  impl.RoleInfo (RoleInfo.java:shutdownFollowerState(121)) - 8697df36-98d2-41b1-bdc7-60597b3b5526: shutdown FollowerState
2019-10-18 13:01:53,038 [Thread-2510] INFO  impl.FollowerState (FollowerState.java:run(117)) - 893cf03e-f2cf-478a-892a-a746717e50e3@group-187684C21557-FollowerState was interrupted: java.lang.InterruptedException: sleep interrupted
2019-10-18 13:01:53,038 [grpc-default-executor-2] INFO  impl.RoleInfo (RoleInfo.java:updateAndGet(143)) - 893cf03e-f2cf-478a-892a-a746717e50e3: start FollowerState
2019-10-18 13:01:53,038 [Thread-2511] INFO  impl.FollowerState (FollowerState.java:run(117)) - 8697df36-98d2-41b1-bdc7-60597b3b5526@group-187684C21557-FollowerState was interrupted: java.lang.InterruptedException: sleep interrupted
2019-10-18 13:01:53,038 [grpc-default-executor-7] INFO  impl.RoleInfo (RoleInfo.java:updateAndGet(143)) - 8697df36-98d2-41b1-bdc7-60597b3b5526: start FollowerState
2019-10-18 13:01:53,070 [018b3f78-d19f-4e26-a796-cb8ddc4f97cf@group-187684C21557-LeaderElection299] INFO  impl.LeaderElection (LeaderElection.java:logAndReturn(56)) - 018b3f78-d19f-4e26-a796-cb8ddc4f97cf@group-187684C21557-LeaderElection299: Election TIMEOUT; received 0 response(s) [] and 0 exception(s); 018b3f78-d19f-4e26-a796-cb8ddc4f97cf@group-187684C21557:t172, leader=null, voted=018b3f78-d19f-4e26-a796-cb8ddc4f97cf, raftlog=018b3f78-d19f-4e26-a796-cb8ddc4f97cf@group-187684C21557-SegmentedRaftLog:OPENED:c-1,f-1,i0, conf=-1: [893cf03e-f2cf-478a-892a-a746717e50e3:192.168.34.56:40750, 8697df36-98d2-41b1-bdc7-60597b3b5526:192.168.34.56:46415, 018b3f78-d19f-4e26-a796-cb8ddc4f97cf:192.168.34.56:35845], old=null
2019-10-18 13:01:53,111 [Thread-2519] INFO  impl.FollowerState (FollowerState.java:run(108)) - c124d131-afb9-4343-ad4e-aaebde613043@group-FF4202234884-FollowerState: change to CANDIDATE, lastRpcTime:175ms, electionTimeout:175ms
2019-10-18 13:01:53,111 [Thread-2519] INFO  impl.RoleInfo (RoleInfo.java:shutdownFollowerState(121)) - c124d131-afb9-4343-ad4e-aaebde613043: shutdown FollowerState
2019-10-18 13:01:53,111 [Thread-2519] INFO  impl.RaftServerImpl (RaftServerImpl.java:setRole(184)) - c124d131-afb9-4343-ad4e-aaebde613043@group-FF4202234884: changes role from  FOLLOWER to CANDIDATE at term 162 for changeToCandidate
2019-10-18 13:01:53,111 [Thread-2519] INFO  impl.RoleInfo (RoleInfo.java:updateAndGet(143)) - c124d131-afb9-4343-ad4e-aaebde613043: start LeaderElection
2019-10-18 13:01:53,189 [018b3f78-d19f-4e26-a796-cb8ddc4f97cf@group-187684C21557-LeaderElection299] INFO  impl.LeaderElection (LeaderElection.java:askForVotes(178)) - 018b3f78-d19f-4e26-a796-cb8ddc4f97cf@group-187684C21557-LeaderElection299: begin an election at term 173 for -1: [893cf03e-f2cf-478a-892a-a746717e50e3:192.168.34.56:40750, 8697df36-98d2-41b1-bdc7-60597b3b5526:192.168.34.56:46415, 018b3f78-d19f-4e26-a796-cb8ddc4f97cf:192.168.34.56:35845], old=null
2019-10-18 13:01:53,191 [grpc-default-executor-2] INFO  impl.RaftServerImpl (RaftServerImpl.java:setRole(184)) - 8697df36-98d2-41b1-bdc7-60597b3b5526@group-187684C21557: changes role from  FOLLOWER to FOLLOWER at term 173 for recognizeCandidate:018b3f78-d19f-4e26-a796-cb8ddc4f97cf
2019-10-18 13:01:53,191 [grpc-default-executor-2] INFO  impl.RoleInfo (RoleInfo.java:shutdownFollowerState(121)) - 8697df36-98d2-41b1-bdc7-60597b3b5526: shutdown FollowerState
2019-10-18 13:01:53,191 [grpc-default-executor-7] INFO  impl.RaftServerImpl (RaftServerImpl.java:setRole(184)) - 893cf03e-f2cf-478a-892a-a746717e50e3@group-187684C21557: changes role from  FOLLOWER to FOLLOWER at term 173 for recognizeCandidate:018b3f78-d19f-4e26-a796-cb8ddc4f97cf
2019-10-18 13:01:53,191 [grpc-default-executor-7] INFO  impl.RoleInfo (RoleInfo.java:shutdownFollowerState(121)) - 893cf03e-f2cf-478a-892a-a746717e50e3: shutdown FollowerState
2019-10-18 13:01:53,191 [Thread-2524] INFO  impl.FollowerState (FollowerState.java:run(117)) - 8697df36-98d2-41b1-bdc7-60597b3b5526@group-187684C21557-FollowerState was interrupted: java.lang.InterruptedException: sleep interrupted
2019-10-18 13:01:53,191 [grpc-default-executor-2] INFO  impl.RoleInfo (RoleInfo.java:updateAndGet(143)) - 8697df36-98d2-41b1-bdc7-60597b3b5526: start FollowerState
2019-10-18 13:01:53,191 [Thread-2523] INFO  impl.FollowerState (FollowerState.java:run(117)) - 893cf03e-f2cf-478a-892a-a746717e50e3@group-187684C21557-FollowerState was interrupted: java.lang.InterruptedException: sleep interrupted
2019-10-18 13:01:53,191 [grpc-default-executor-7] INFO  impl.RoleInfo (RoleInfo.java:updateAndGet(143)) - 893cf03e-f2cf-478a-892a-a746717e50e3: start FollowerState
2019-10-18 13:01:53,248 [c124d131-afb9-4343-ad4e-aaebde613043@group-FF4202234884-LeaderElection300] INFO  impl.LeaderElection (LeaderElection.java:askForVotes(178)) - c124d131-afb9-4343-ad4e-aaebde613043@group-FF4202234884-LeaderElection300: begin an election at term 163 for -1: [999343e7-0330-4874-a345-91eca72585e0:192.168.34.56:44872, c124d131-afb9-4343-ad4e-aaebde613043:192.168.34.56:42116, e5bb327f-cdd7-4e49-919e-13a4c895fddf:192.168.34.56:36658], old=null
2019-10-18 13:01:53,249 [c124d131-afb9-4343-ad4e-aaebde613043@group-FF4202234884-LeaderElection300] INFO  impl.LeaderElection (LogUtils.java:infoOrTrace(149)) - c124d131-afb9-4343-ad4e-aaebde613043@group-FF4202234884-LeaderElection300 got exception when requesting votes: {}
java.util.concurrent.ExecutionException: org.apache.ratis.thirdparty.io.grpc.StatusRuntimeException: UNAVAILABLE: io exception
	at java.util.concurrent.FutureTask.report(FutureTask.java:122)
	at java.util.concurrent.FutureTask.get(FutureTask.java:192)
	at org.apache.ratis.server.impl.LeaderElection.waitForResults(LeaderElection.java:259)
	at org.apache.ratis.server.impl.LeaderElection.askForVotes(LeaderElection.java:197)
	at org.apache.ratis.server.impl.LeaderElection.run(LeaderElection.java:133)
	at java.lang.Thread.run(Thread.java:748)
Caused by: org.apache.ratis.thirdparty.io.grpc.StatusRuntimeException: UNAVAILABLE: io exception
	at org.apache.ratis.thirdparty.io.grpc.stub.ClientCalls.toStatusRuntimeException(ClientCalls.java:233)
	at org.apache.ratis.thirdparty.io.grpc.stub.ClientCalls.getUnchecked(ClientCalls.java:214)
	at org.apache.ratis.thirdparty.io.grpc.stub.ClientCalls.blockingUnaryCall(ClientCalls.java:139)
	at org.apache.ratis.proto.grpc.RaftServerProtocolServiceGrpc$RaftServerProtocolServiceBlockingStub.requestVote(RaftServerProtocolServiceGrpc.java:265)
	at org.apache.ratis.grpc.server.GrpcServerProtocolClient.requestVote(GrpcServerProtocolClient.java:99)
	at org.apache.ratis.grpc.server.GrpcService.requestVote(GrpcService.java:204)
	at org.apache.ratis.server.impl.LeaderElection.lambda$submitRequests$1(LeaderElection.java:234)
	at java.util.concurrent.FutureTask.run(FutureTask.java:266)
	at java.util.concurrent.Executors$RunnableAdapter.call(Executors.java:511)
	at java.util.concurrent.FutureTask.run(FutureTask.java:266)
	at java.util.concurrent.ThreadPoolExecutor.runWorker(ThreadPoolExecutor.java:1149)
	at java.util.concurrent.ThreadPoolExecutor$Worker.run(ThreadPoolExecutor.java:624)
	... 1 more
Caused by: org.apache.ratis.thirdparty.io.netty.channel.AbstractChannel$AnnotatedConnectException: Connection refused: /192.168.34.56:44872
	at sun.nio.ch.SocketChannelImpl.checkConnect(Native Method)
	at sun.nio.ch.SocketChannelImpl.finishConnect(SocketChannelImpl.java:717)
	at org.apache.ratis.thirdparty.io.netty.channel.socket.nio.NioSocketChannel.doFinishConnect(NioSocketChannel.java:327)
	at org.apache.ratis.thirdparty.io.netty.channel.nio.AbstractNioChannel$AbstractNioUnsafe.finishConnect(AbstractNioChannel.java:340)
	at org.apache.ratis.thirdparty.io.netty.channel.nio.NioEventLoop.processSelectedKey(NioEventLoop.java:632)
	at org.apache.ratis.thirdparty.io.netty.channel.nio.NioEventLoop.processSelectedKeysOptimized(NioEventLoop.java:579)
	at org.apache.ratis.thirdparty.io.netty.channel.nio.NioEventLoop.processSelectedKeys(NioEventLoop.java:496)
	at org.apache.ratis.thirdparty.io.netty.channel.nio.NioEventLoop.run(NioEventLoop.java:458)
	at org.apache.ratis.thirdparty.io.netty.util.concurrent.SingleThreadEventExecutor$5.run(SingleThreadEventExecutor.java:897)
	at org.apache.ratis.thirdparty.io.netty.util.concurrent.FastThreadLocalRunnable.run(FastThreadLocalRunnable.java:30)
	... 1 more
Caused by: java.net.ConnectException: Connection refused
	... 11 more
2019-10-18 13:01:53,249 [c124d131-afb9-4343-ad4e-aaebde613043@group-FF4202234884-LeaderElection300] INFO  impl.LeaderElection (LogUtils.java:infoOrTrace(149)) - c124d131-afb9-4343-ad4e-aaebde613043@group-FF4202234884-LeaderElection300 got exception when requesting votes: {}
java.util.concurrent.ExecutionException: org.apache.ratis.thirdparty.io.grpc.StatusRuntimeException: UNAVAILABLE: io exception
	at java.util.concurrent.FutureTask.report(FutureTask.java:122)
	at java.util.concurrent.FutureTask.get(FutureTask.java:192)
	at org.apache.ratis.server.impl.LeaderElection.waitForResults(LeaderElection.java:259)
	at org.apache.ratis.server.impl.LeaderElection.askForVotes(LeaderElection.java:197)
	at org.apache.ratis.server.impl.LeaderElection.run(LeaderElection.java:133)
	at java.lang.Thread.run(Thread.java:748)
Caused by: org.apache.ratis.thirdparty.io.grpc.StatusRuntimeException: UNAVAILABLE: io exception
	at org.apache.ratis.thirdparty.io.grpc.stub.ClientCalls.toStatusRuntimeException(ClientCalls.java:233)
	at org.apache.ratis.thirdparty.io.grpc.stub.ClientCalls.getUnchecked(ClientCalls.java:214)
	at org.apache.ratis.thirdparty.io.grpc.stub.ClientCalls.blockingUnaryCall(ClientCalls.java:139)
	at org.apache.ratis.proto.grpc.RaftServerProtocolServiceGrpc$RaftServerProtocolServiceBlockingStub.requestVote(RaftServerProtocolServiceGrpc.java:265)
	at org.apache.ratis.grpc.server.GrpcServerProtocolClient.requestVote(GrpcServerProtocolClient.java:99)
	at org.apache.ratis.grpc.server.GrpcService.requestVote(GrpcService.java:204)
	at org.apache.ratis.server.impl.LeaderElection.lambda$submitRequests$1(LeaderElection.java:234)
	at java.util.concurrent.FutureTask.run(FutureTask.java:266)
	at java.util.concurrent.Executors$RunnableAdapter.call(Executors.java:511)
	at java.util.concurrent.FutureTask.run(FutureTask.java:266)
	at java.util.concurrent.ThreadPoolExecutor.runWorker(ThreadPoolExecutor.java:1149)
	at java.util.concurrent.ThreadPoolExecutor$Worker.run(ThreadPoolExecutor.java:624)
	... 1 more
Caused by: org.apache.ratis.thirdparty.io.netty.channel.AbstractChannel$AnnotatedConnectException: Connection refused: /192.168.34.56:36658
	at sun.nio.ch.SocketChannelImpl.checkConnect(Native Method)
	at sun.nio.ch.SocketChannelImpl.finishConnect(SocketChannelImpl.java:717)
	at org.apache.ratis.thirdparty.io.netty.channel.socket.nio.NioSocketChannel.doFinishConnect(NioSocketChannel.java:327)
	at org.apache.ratis.thirdparty.io.netty.channel.nio.AbstractNioChannel$AbstractNioUnsafe.finishConnect(AbstractNioChannel.java:340)
	at org.apache.ratis.thirdparty.io.netty.channel.nio.NioEventLoop.processSelectedKey(NioEventLoop.java:632)
	at org.apache.ratis.thirdparty.io.netty.channel.nio.NioEventLoop.processSelectedKeysOptimized(NioEventLoop.java:579)
	at org.apache.ratis.thirdparty.io.netty.channel.nio.NioEventLoop.processSelectedKeys(NioEventLoop.java:496)
	at org.apache.ratis.thirdparty.io.netty.channel.nio.NioEventLoop.run(NioEventLoop.java:458)
	at org.apache.ratis.thirdparty.io.netty.util.concurrent.SingleThreadEventExecutor$5.run(SingleThreadEventExecutor.java:897)
	at org.apache.ratis.thirdparty.io.netty.util.concurrent.FastThreadLocalRunnable.run(FastThreadLocalRunnable.java:30)
	... 1 more
Caused by: java.net.ConnectException: Connection refused
	... 11 more
2019-10-18 13:01:53,249 [c124d131-afb9-4343-ad4e-aaebde613043@group-FF4202234884-LeaderElection300] INFO  impl.LeaderElection (LeaderElection.java:logAndReturn(56)) - c124d131-afb9-4343-ad4e-aaebde613043@group-FF4202234884-LeaderElection300: Election REJECTED; received 0 response(s) [] and 2 exception(s); c124d131-afb9-4343-ad4e-aaebde613043@group-FF4202234884:t163, leader=null, voted=c124d131-afb9-4343-ad4e-aaebde613043, raftlog=c124d131-afb9-4343-ad4e-aaebde613043@group-FF4202234884-SegmentedRaftLog:OPENED:c-1,f-1,i0, conf=-1: [999343e7-0330-4874-a345-91eca72585e0:192.168.34.56:44872, c124d131-afb9-4343-ad4e-aaebde613043:192.168.34.56:42116, e5bb327f-cdd7-4e49-919e-13a4c895fddf:192.168.34.56:36658], old=null
2019-10-18 13:01:53,249 [c124d131-afb9-4343-ad4e-aaebde613043@group-FF4202234884-LeaderElection300] INFO  impl.LeaderElection (LogUtils.java:infoOrTrace(149)) -   Exception 0: {}
java.util.concurrent.ExecutionException: org.apache.ratis.thirdparty.io.grpc.StatusRuntimeException: UNAVAILABLE: io exception
	at java.util.concurrent.FutureTask.report(FutureTask.java:122)
	at java.util.concurrent.FutureTask.get(FutureTask.java:192)
	at org.apache.ratis.server.impl.LeaderElection.waitForResults(LeaderElection.java:259)
	at org.apache.ratis.server.impl.LeaderElection.askForVotes(LeaderElection.java:197)
	at org.apache.ratis.server.impl.LeaderElection.run(LeaderElection.java:133)
	at java.lang.Thread.run(Thread.java:748)
Caused by: org.apache.ratis.thirdparty.io.grpc.StatusRuntimeException: UNAVAILABLE: io exception
	at org.apache.ratis.thirdparty.io.grpc.stub.ClientCalls.toStatusRuntimeException(ClientCalls.java:233)
	at org.apache.ratis.thirdparty.io.grpc.stub.ClientCalls.getUnchecked(ClientCalls.java:214)
	at org.apache.ratis.thirdparty.io.grpc.stub.ClientCalls.blockingUnaryCall(ClientCalls.java:139)
	at org.apache.ratis.proto.grpc.RaftServerProtocolServiceGrpc$RaftServerProtocolServiceBlockingStub.requestVote(RaftServerProtocolServiceGrpc.java:265)
	at org.apache.ratis.grpc.server.GrpcServerProtocolClient.requestVote(GrpcServerProtocolClient.java:99)
	at org.apache.ratis.grpc.server.GrpcService.requestVote(GrpcService.java:204)
	at org.apache.ratis.server.impl.LeaderElection.lambda$submitRequests$1(LeaderElection.java:234)
	at java.util.concurrent.FutureTask.run(FutureTask.java:266)
	at java.util.concurrent.Executors$RunnableAdapter.call(Executors.java:511)
	at java.util.concurrent.FutureTask.run(FutureTask.java:266)
	at java.util.concurrent.ThreadPoolExecutor.runWorker(ThreadPoolExecutor.java:1149)
	at java.util.concurrent.ThreadPoolExecutor$Worker.run(ThreadPoolExecutor.java:624)
	... 1 more
Caused by: org.apache.ratis.thirdparty.io.netty.channel.AbstractChannel$AnnotatedConnectException: Connection refused: /192.168.34.56:44872
	at sun.nio.ch.SocketChannelImpl.checkConnect(Native Method)
	at sun.nio.ch.SocketChannelImpl.finishConnect(SocketChannelImpl.java:717)
	at org.apache.ratis.thirdparty.io.netty.channel.socket.nio.NioSocketChannel.doFinishConnect(NioSocketChannel.java:327)
	at org.apache.ratis.thirdparty.io.netty.channel.nio.AbstractNioChannel$AbstractNioUnsafe.finishConnect(AbstractNioChannel.java:340)
	at org.apache.ratis.thirdparty.io.netty.channel.nio.NioEventLoop.processSelectedKey(NioEventLoop.java:632)
	at org.apache.ratis.thirdparty.io.netty.channel.nio.NioEventLoop.processSelectedKeysOptimized(NioEventLoop.java:579)
	at org.apache.ratis.thirdparty.io.netty.channel.nio.NioEventLoop.processSelectedKeys(NioEventLoop.java:496)
	at org.apache.ratis.thirdparty.io.netty.channel.nio.NioEventLoop.run(NioEventLoop.java:458)
	at org.apache.ratis.thirdparty.io.netty.util.concurrent.SingleThreadEventExecutor$5.run(SingleThreadEventExecutor.java:897)
	at org.apache.ratis.thirdparty.io.netty.util.concurrent.FastThreadLocalRunnable.run(FastThreadLocalRunnable.java:30)
	... 1 more
Caused by: java.net.ConnectException: Connection refused
	... 11 more
2019-10-18 13:01:53,249 [c124d131-afb9-4343-ad4e-aaebde613043@group-FF4202234884-LeaderElection300] INFO  impl.LeaderElection (LogUtils.java:infoOrTrace(149)) -   Exception 1: {}
java.util.concurrent.ExecutionException: org.apache.ratis.thirdparty.io.grpc.StatusRuntimeException: UNAVAILABLE: io exception
	at java.util.concurrent.FutureTask.report(FutureTask.java:122)
	at java.util.concurrent.FutureTask.get(FutureTask.java:192)
	at org.apache.ratis.server.impl.LeaderElection.waitForResults(LeaderElection.java:259)
	at org.apache.ratis.server.impl.LeaderElection.askForVotes(LeaderElection.java:197)
	at org.apache.ratis.server.impl.LeaderElection.run(LeaderElection.java:133)
	at java.lang.Thread.run(Thread.java:748)
Caused by: org.apache.ratis.thirdparty.io.grpc.StatusRuntimeException: UNAVAILABLE: io exception
	at org.apache.ratis.thirdparty.io.grpc.stub.ClientCalls.toStatusRuntimeException(ClientCalls.java:233)
	at org.apache.ratis.thirdparty.io.grpc.stub.ClientCalls.getUnchecked(ClientCalls.java:214)
	at org.apache.ratis.thirdparty.io.grpc.stub.ClientCalls.blockingUnaryCall(ClientCalls.java:139)
	at org.apache.ratis.proto.grpc.RaftServerProtocolServiceGrpc$RaftServerProtocolServiceBlockingStub.requestVote(RaftServerProtocolServiceGrpc.java:265)
	at org.apache.ratis.grpc.server.GrpcServerProtocolClient.requestVote(GrpcServerProtocolClient.java:99)
	at org.apache.ratis.grpc.server.GrpcService.requestVote(GrpcService.java:204)
	at org.apache.ratis.server.impl.LeaderElection.lambda$submitRequests$1(LeaderElection.java:234)
	at java.util.concurrent.FutureTask.run(FutureTask.java:266)
	at java.util.concurrent.Executors$RunnableAdapter.call(Executors.java:511)
	at java.util.concurrent.FutureTask.run(FutureTask.java:266)
	at java.util.concurrent.ThreadPoolExecutor.runWorker(ThreadPoolExecutor.java:1149)
	at java.util.concurrent.ThreadPoolExecutor$Worker.run(ThreadPoolExecutor.java:624)
	... 1 more
Caused by: org.apache.ratis.thirdparty.io.netty.channel.AbstractChannel$AnnotatedConnectException: Connection refused: /192.168.34.56:36658
	at sun.nio.ch.SocketChannelImpl.checkConnect(Native Method)
	at sun.nio.ch.SocketChannelImpl.finishConnect(SocketChannelImpl.java:717)
	at org.apache.ratis.thirdparty.io.netty.channel.socket.nio.NioSocketChannel.doFinishConnect(NioSocketChannel.java:327)
	at org.apache.ratis.thirdparty.io.netty.channel.nio.AbstractNioChannel$AbstractNioUnsafe.finishConnect(AbstractNioChannel.java:340)
	at org.apache.ratis.thirdparty.io.netty.channel.nio.NioEventLoop.processSelectedKey(NioEventLoop.java:632)
	at org.apache.ratis.thirdparty.io.netty.channel.nio.NioEventLoop.processSelectedKeysOptimized(NioEventLoop.java:579)
	at org.apache.ratis.thirdparty.io.netty.channel.nio.NioEventLoop.processSelectedKeys(NioEventLoop.java:496)
	at org.apache.ratis.thirdparty.io.netty.channel.nio.NioEventLoop.run(NioEventLoop.java:458)
	at org.apache.ratis.thirdparty.io.netty.util.concurrent.SingleThreadEventExecutor$5.run(SingleThreadEventExecutor.java:897)
	at org.apache.ratis.thirdparty.io.netty.util.concurrent.FastThreadLocalRunnable.run(FastThreadLocalRunnable.java:30)
	... 1 more
Caused by: java.net.ConnectException: Connection refused
	... 11 more
2019-10-18 13:01:53,250 [c124d131-afb9-4343-ad4e-aaebde613043@group-FF4202234884-LeaderElection300] INFO  impl.RaftServerImpl (RaftServerImpl.java:setRole(184)) - c124d131-afb9-4343-ad4e-aaebde613043@group-FF4202234884: changes role from CANDIDATE to FOLLOWER at term 163 for DISCOVERED_A_NEW_TERM
2019-10-18 13:01:53,250 [c124d131-afb9-4343-ad4e-aaebde613043@group-FF4202234884-LeaderElection300] INFO  impl.RoleInfo (RoleInfo.java:shutdownLeaderElection(134)) - c124d131-afb9-4343-ad4e-aaebde613043: shutdown LeaderElection
2019-10-18 13:01:53,250 [c124d131-afb9-4343-ad4e-aaebde613043@group-FF4202234884-LeaderElection300] INFO  impl.RoleInfo (RoleInfo.java:updateAndGet(143)) - c124d131-afb9-4343-ad4e-aaebde613043: start FollowerState
2019-10-18 13:01:53,264 [018b3f78-d19f-4e26-a796-cb8ddc4f97cf@group-187684C21557-LeaderElection299] INFO  impl.LeaderElection (LeaderElection.java:logAndReturn(56)) - 018b3f78-d19f-4e26-a796-cb8ddc4f97cf@group-187684C21557-LeaderElection299: Election REJECTED; received 2 response(s) [018b3f78-d19f-4e26-a796-cb8ddc4f97cf<-893cf03e-f2cf-478a-892a-a746717e50e3#0:FAIL-t173, 018b3f78-d19f-4e26-a796-cb8ddc4f97cf<-8697df36-98d2-41b1-bdc7-60597b3b5526#0:FAIL-t173] and 0 exception(s); 018b3f78-d19f-4e26-a796-cb8ddc4f97cf@group-187684C21557:t173, leader=null, voted=018b3f78-d19f-4e26-a796-cb8ddc4f97cf, raftlog=018b3f78-d19f-4e26-a796-cb8ddc4f97cf@group-187684C21557-SegmentedRaftLog:OPENED:c-1,f-1,i0, conf=-1: [893cf03e-f2cf-478a-892a-a746717e50e3:192.168.34.56:40750, 8697df36-98d2-41b1-bdc7-60597b3b5526:192.168.34.56:46415, 018b3f78-d19f-4e26-a796-cb8ddc4f97cf:192.168.34.56:35845], old=null
2019-10-18 13:01:53,264 [018b3f78-d19f-4e26-a796-cb8ddc4f97cf@group-187684C21557-LeaderElection299] INFO  impl.RaftServerImpl (RaftServerImpl.java:setRole(184)) - 018b3f78-d19f-4e26-a796-cb8ddc4f97cf@group-187684C21557: changes role from CANDIDATE to FOLLOWER at term 173 for DISCOVERED_A_NEW_TERM
2019-10-18 13:01:53,264 [018b3f78-d19f-4e26-a796-cb8ddc4f97cf@group-187684C21557-LeaderElection299] INFO  impl.RoleInfo (RoleInfo.java:shutdownLeaderElection(134)) - 018b3f78-d19f-4e26-a796-cb8ddc4f97cf: shutdown LeaderElection
2019-10-18 13:01:53,264 [018b3f78-d19f-4e26-a796-cb8ddc4f97cf@group-187684C21557-LeaderElection299] INFO  impl.RoleInfo (RoleInfo.java:updateAndGet(143)) - 018b3f78-d19f-4e26-a796-cb8ddc4f97cf: start FollowerState
2019-10-18 13:01:53,406 [Thread-2533] INFO  impl.FollowerState (FollowerState.java:run(108)) - 018b3f78-d19f-4e26-a796-cb8ddc4f97cf@group-187684C21557-FollowerState: change to CANDIDATE, lastRpcTime:142ms, electionTimeout:142ms
2019-10-18 13:01:53,406 [Thread-2533] INFO  impl.RoleInfo (RoleInfo.java:shutdownFollowerState(121)) - 018b3f78-d19f-4e26-a796-cb8ddc4f97cf: shutdown FollowerState
2019-10-18 13:01:53,407 [Thread-2533] INFO  impl.RaftServerImpl (RaftServerImpl.java:setRole(184)) - 018b3f78-d19f-4e26-a796-cb8ddc4f97cf@group-187684C21557: changes role from  FOLLOWER to CANDIDATE at term 173 for changeToCandidate
2019-10-18 13:01:53,407 [Thread-2533] INFO  impl.RoleInfo (RoleInfo.java:updateAndGet(143)) - 018b3f78-d19f-4e26-a796-cb8ddc4f97cf: start LeaderElection
2019-10-18 13:01:53,431 [018b3f78-d19f-4e26-a796-cb8ddc4f97cf@group-187684C21557-LeaderElection301] INFO  impl.LeaderElection (LeaderElection.java:askForVotes(178)) - 018b3f78-d19f-4e26-a796-cb8ddc4f97cf@group-187684C21557-LeaderElection301: begin an election at term 174 for -1: [893cf03e-f2cf-478a-892a-a746717e50e3:192.168.34.56:40750, 8697df36-98d2-41b1-bdc7-60597b3b5526:192.168.34.56:46415, 018b3f78-d19f-4e26-a796-cb8ddc4f97cf:192.168.34.56:35845], old=null
2019-10-18 13:01:53,433 [grpc-default-executor-2] INFO  impl.RaftServerImpl (RaftServerImpl.java:setRole(184)) - 893cf03e-f2cf-478a-892a-a746717e50e3@group-187684C21557: changes role from  FOLLOWER to FOLLOWER at term 174 for recognizeCandidate:018b3f78-d19f-4e26-a796-cb8ddc4f97cf
2019-10-18 13:01:53,433 [grpc-default-executor-7] INFO  impl.RaftServerImpl (RaftServerImpl.java:setRole(184)) - 8697df36-98d2-41b1-bdc7-60597b3b5526@group-187684C21557: changes role from  FOLLOWER to FOLLOWER at term 174 for recognizeCandidate:018b3f78-d19f-4e26-a796-cb8ddc4f97cf
2019-10-18 13:01:53,433 [grpc-default-executor-2] INFO  impl.RoleInfo (RoleInfo.java:shutdownFollowerState(121)) - 893cf03e-f2cf-478a-892a-a746717e50e3: shutdown FollowerState
2019-10-18 13:01:53,433 [grpc-default-executor-7] INFO  impl.RoleInfo (RoleInfo.java:shutdownFollowerState(121)) - 8697df36-98d2-41b1-bdc7-60597b3b5526: shutdown FollowerState
2019-10-18 13:01:53,433 [Thread-2529] INFO  impl.FollowerState (FollowerState.java:run(117)) - 893cf03e-f2cf-478a-892a-a746717e50e3@group-187684C21557-FollowerState was interrupted: java.lang.InterruptedException: sleep interrupted
2019-10-18 13:01:53,433 [grpc-default-executor-2] INFO  impl.RoleInfo (RoleInfo.java:updateAndGet(143)) - 893cf03e-f2cf-478a-892a-a746717e50e3: start FollowerState
2019-10-18 13:01:53,434 [Thread-2528] INFO  impl.FollowerState (FollowerState.java:run(117)) - 8697df36-98d2-41b1-bdc7-60597b3b5526@group-187684C21557-FollowerState was interrupted: java.lang.InterruptedException: sleep interrupted
2019-10-18 13:01:53,433 [grpc-default-executor-7] INFO  impl.RoleInfo (RoleInfo.java:updateAndGet(143)) - 8697df36-98d2-41b1-bdc7-60597b3b5526: start FollowerState
2019-10-18 13:01:53,440 [Thread-2532] INFO  impl.FollowerState (FollowerState.java:run(108)) - c124d131-afb9-4343-ad4e-aaebde613043@group-FF4202234884-FollowerState: change to CANDIDATE, lastRpcTime:190ms, electionTimeout:190ms
2019-10-18 13:01:53,440 [Thread-2532] INFO  impl.RoleInfo (RoleInfo.java:shutdownFollowerState(121)) - c124d131-afb9-4343-ad4e-aaebde613043: shutdown FollowerState
2019-10-18 13:01:53,440 [Thread-2532] INFO  impl.RaftServerImpl (RaftServerImpl.java:setRole(184)) - c124d131-afb9-4343-ad4e-aaebde613043@group-FF4202234884: changes role from  FOLLOWER to CANDIDATE at term 163 for changeToCandidate
2019-10-18 13:01:53,441 [Thread-2532] INFO  impl.RoleInfo (RoleInfo.java:updateAndGet(143)) - c124d131-afb9-4343-ad4e-aaebde613043: start LeaderElection
2019-10-18 13:01:53,475 [c124d131-afb9-4343-ad4e-aaebde613043@group-FF4202234884-LeaderElection302] INFO  impl.LeaderElection (LeaderElection.java:askForVotes(178)) - c124d131-afb9-4343-ad4e-aaebde613043@group-FF4202234884-LeaderElection302: begin an election at term 164 for -1: [999343e7-0330-4874-a345-91eca72585e0:192.168.34.56:44872, c124d131-afb9-4343-ad4e-aaebde613043:192.168.34.56:42116, e5bb327f-cdd7-4e49-919e-13a4c895fddf:192.168.34.56:36658], old=null
2019-10-18 13:01:53,476 [018b3f78-d19f-4e26-a796-cb8ddc4f97cf@group-187684C21557-LeaderElection301] INFO  impl.LeaderElection (LeaderElection.java:logAndReturn(56)) - 018b3f78-d19f-4e26-a796-cb8ddc4f97cf@group-187684C21557-LeaderElection301: Election REJECTED; received 2 response(s) [018b3f78-d19f-4e26-a796-cb8ddc4f97cf<-893cf03e-f2cf-478a-892a-a746717e50e3#0:FAIL-t174, 018b3f78-d19f-4e26-a796-cb8ddc4f97cf<-8697df36-98d2-41b1-bdc7-60597b3b5526#0:FAIL-t174] and 0 exception(s); 018b3f78-d19f-4e26-a796-cb8ddc4f97cf@group-187684C21557:t174, leader=null, voted=018b3f78-d19f-4e26-a796-cb8ddc4f97cf, raftlog=018b3f78-d19f-4e26-a796-cb8ddc4f97cf@group-187684C21557-SegmentedRaftLog:OPENED:c-1,f-1,i0, conf=-1: [893cf03e-f2cf-478a-892a-a746717e50e3:192.168.34.56:40750, 8697df36-98d2-41b1-bdc7-60597b3b5526:192.168.34.56:46415, 018b3f78-d19f-4e26-a796-cb8ddc4f97cf:192.168.34.56:35845], old=null
2019-10-18 13:01:53,476 [018b3f78-d19f-4e26-a796-cb8ddc4f97cf@group-187684C21557-LeaderElection301] INFO  impl.RaftServerImpl (RaftServerImpl.java:setRole(184)) - 018b3f78-d19f-4e26-a796-cb8ddc4f97cf@group-187684C21557: changes role from CANDIDATE to FOLLOWER at term 174 for DISCOVERED_A_NEW_TERM
2019-10-18 13:01:53,476 [c124d131-afb9-4343-ad4e-aaebde613043@group-FF4202234884-LeaderElection302] INFO  impl.LeaderElection (LogUtils.java:infoOrTrace(149)) - c124d131-afb9-4343-ad4e-aaebde613043@group-FF4202234884-LeaderElection302 got exception when requesting votes: {}
java.util.concurrent.ExecutionException: org.apache.ratis.thirdparty.io.grpc.StatusRuntimeException: UNAVAILABLE: io exception
	at java.util.concurrent.FutureTask.report(FutureTask.java:122)
	at java.util.concurrent.FutureTask.get(FutureTask.java:192)
	at org.apache.ratis.server.impl.LeaderElection.waitForResults(LeaderElection.java:259)
	at org.apache.ratis.server.impl.LeaderElection.askForVotes(LeaderElection.java:197)
	at org.apache.ratis.server.impl.LeaderElection.run(LeaderElection.java:133)
	at java.lang.Thread.run(Thread.java:748)
Caused by: org.apache.ratis.thirdparty.io.grpc.StatusRuntimeException: UNAVAILABLE: io exception
	at org.apache.ratis.thirdparty.io.grpc.stub.ClientCalls.toStatusRuntimeException(ClientCalls.java:233)
	at org.apache.ratis.thirdparty.io.grpc.stub.ClientCalls.getUnchecked(ClientCalls.java:214)
	at org.apache.ratis.thirdparty.io.grpc.stub.ClientCalls.blockingUnaryCall(ClientCalls.java:139)
	at org.apache.ratis.proto.grpc.RaftServerProtocolServiceGrpc$RaftServerProtocolServiceBlockingStub.requestVote(RaftServerProtocolServiceGrpc.java:265)
	at org.apache.ratis.grpc.server.GrpcServerProtocolClient.requestVote(GrpcServerProtocolClient.java:99)
	at org.apache.ratis.grpc.server.GrpcService.requestVote(GrpcService.java:204)
	at org.apache.ratis.server.impl.LeaderElection.lambda$submitRequests$1(LeaderElection.java:234)
	at java.util.concurrent.FutureTask.run(FutureTask.java:266)
	at java.util.concurrent.Executors$RunnableAdapter.call(Executors.java:511)
	at java.util.concurrent.FutureTask.run(FutureTask.java:266)
	at java.util.concurrent.ThreadPoolExecutor.runWorker(ThreadPoolExecutor.java:1149)
	at java.util.concurrent.ThreadPoolExecutor$Worker.run(ThreadPoolExecutor.java:624)
	... 1 more
Caused by: org.apache.ratis.thirdparty.io.netty.channel.AbstractChannel$AnnotatedConnectException: Connection refused: /192.168.34.56:44872
	at sun.nio.ch.SocketChannelImpl.checkConnect(Native Method)
	at sun.nio.ch.SocketChannelImpl.finishConnect(SocketChannelImpl.java:717)
	at org.apache.ratis.thirdparty.io.netty.channel.socket.nio.NioSocketChannel.doFinishConnect(NioSocketChannel.java:327)
	at org.apache.ratis.thirdparty.io.netty.channel.nio.AbstractNioChannel$AbstractNioUnsafe.finishConnect(AbstractNioChannel.java:340)
	at org.apache.ratis.thirdparty.io.netty.channel.nio.NioEventLoop.processSelectedKey(NioEventLoop.java:632)
	at org.apache.ratis.thirdparty.io.netty.channel.nio.NioEventLoop.processSelectedKeysOptimized(NioEventLoop.java:579)
	at org.apache.ratis.thirdparty.io.netty.channel.nio.NioEventLoop.processSelectedKeys(NioEventLoop.java:496)
	at org.apache.ratis.thirdparty.io.netty.channel.nio.NioEventLoop.run(NioEventLoop.java:458)
	at org.apache.ratis.thirdparty.io.netty.util.concurrent.SingleThreadEventExecutor$5.run(SingleThreadEventExecutor.java:897)
	at org.apache.ratis.thirdparty.io.netty.util.concurrent.FastThreadLocalRunnable.run(FastThreadLocalRunnable.java:30)
	... 1 more
Caused by: java.net.ConnectException: Connection refused
	... 11 more
2019-10-18 13:01:53,476 [018b3f78-d19f-4e26-a796-cb8ddc4f97cf@group-187684C21557-LeaderElection301] INFO  impl.RoleInfo (RoleInfo.java:shutdownLeaderElection(134)) - 018b3f78-d19f-4e26-a796-cb8ddc4f97cf: shutdown LeaderElection
2019-10-18 13:01:53,476 [c124d131-afb9-4343-ad4e-aaebde613043@group-FF4202234884-LeaderElection302] INFO  impl.LeaderElection (LogUtils.java:infoOrTrace(149)) - c124d131-afb9-4343-ad4e-aaebde613043@group-FF4202234884-LeaderElection302 got exception when requesting votes: {}
java.util.concurrent.ExecutionException: org.apache.ratis.thirdparty.io.grpc.StatusRuntimeException: UNAVAILABLE: io exception
	at java.util.concurrent.FutureTask.report(FutureTask.java:122)
	at java.util.concurrent.FutureTask.get(FutureTask.java:192)
	at org.apache.ratis.server.impl.LeaderElection.waitForResults(LeaderElection.java:259)
	at org.apache.ratis.server.impl.LeaderElection.askForVotes(LeaderElection.java:197)
	at org.apache.ratis.server.impl.LeaderElection.run(LeaderElection.java:133)
	at java.lang.Thread.run(Thread.java:748)
Caused by: org.apache.ratis.thirdparty.io.grpc.StatusRuntimeException: UNAVAILABLE: io exception
	at org.apache.ratis.thirdparty.io.grpc.stub.ClientCalls.toStatusRuntimeException(ClientCalls.java:233)
	at org.apache.ratis.thirdparty.io.grpc.stub.ClientCalls.getUnchecked(ClientCalls.java:214)
	at org.apache.ratis.thirdparty.io.grpc.stub.ClientCalls.blockingUnaryCall(ClientCalls.java:139)
	at org.apache.ratis.proto.grpc.RaftServerProtocolServiceGrpc$RaftServerProtocolServiceBlockingStub.requestVote(RaftServerProtocolServiceGrpc.java:265)
	at org.apache.ratis.grpc.server.GrpcServerProtocolClient.requestVote(GrpcServerProtocolClient.java:99)
	at org.apache.ratis.grpc.server.GrpcService.requestVote(GrpcService.java:204)
	at org.apache.ratis.server.impl.LeaderElection.lambda$submitRequests$1(LeaderElection.java:234)
	at java.util.concurrent.FutureTask.run(FutureTask.java:266)
	at java.util.concurrent.Executors$RunnableAdapter.call(Executors.java:511)
	at java.util.concurrent.FutureTask.run(FutureTask.java:266)
	at java.util.concurrent.ThreadPoolExecutor.runWorker(ThreadPoolExecutor.java:1149)
	at java.util.concurrent.ThreadPoolExecutor$Worker.run(ThreadPoolExecutor.java:624)
	... 1 more
Caused by: org.apache.ratis.thirdparty.io.netty.channel.AbstractChannel$AnnotatedConnectException: Connection refused: /192.168.34.56:36658
	at sun.nio.ch.SocketChannelImpl.checkConnect(Native Method)
	at sun.nio.ch.SocketChannelImpl.finishConnect(SocketChannelImpl.java:717)
	at org.apache.ratis.thirdparty.io.netty.channel.socket.nio.NioSocketChannel.doFinishConnect(NioSocketChannel.java:327)
	at org.apache.ratis.thirdparty.io.netty.channel.nio.AbstractNioChannel$AbstractNioUnsafe.finishConnect(AbstractNioChannel.java:340)
	at org.apache.ratis.thirdparty.io.netty.channel.nio.NioEventLoop.processSelectedKey(NioEventLoop.java:632)
	at org.apache.ratis.thirdparty.io.netty.channel.nio.NioEventLoop.processSelectedKeysOptimized(NioEventLoop.java:579)
	at org.apache.ratis.thirdparty.io.netty.channel.nio.NioEventLoop.processSelectedKeys(NioEventLoop.java:496)
	at org.apache.ratis.thirdparty.io.netty.channel.nio.NioEventLoop.run(NioEventLoop.java:458)
	at org.apache.ratis.thirdparty.io.netty.util.concurrent.SingleThreadEventExecutor$5.run(SingleThreadEventExecutor.java:897)
	at org.apache.ratis.thirdparty.io.netty.util.concurrent.FastThreadLocalRunnable.run(FastThreadLocalRunnable.java:30)
	... 1 more
Caused by: java.net.ConnectException: Connection refused
	... 11 more
2019-10-18 13:01:53,476 [018b3f78-d19f-4e26-a796-cb8ddc4f97cf@group-187684C21557-LeaderElection301] INFO  impl.RoleInfo (RoleInfo.java:updateAndGet(143)) - 018b3f78-d19f-4e26-a796-cb8ddc4f97cf: start FollowerState
2019-10-18 13:01:53,476 [c124d131-afb9-4343-ad4e-aaebde613043@group-FF4202234884-LeaderElection302] INFO  impl.LeaderElection (LeaderElection.java:logAndReturn(56)) - c124d131-afb9-4343-ad4e-aaebde613043@group-FF4202234884-LeaderElection302: Election REJECTED; received 0 response(s) [] and 2 exception(s); c124d131-afb9-4343-ad4e-aaebde613043@group-FF4202234884:t164, leader=null, voted=c124d131-afb9-4343-ad4e-aaebde613043, raftlog=c124d131-afb9-4343-ad4e-aaebde613043@group-FF4202234884-SegmentedRaftLog:OPENED:c-1,f-1,i0, conf=-1: [999343e7-0330-4874-a345-91eca72585e0:192.168.34.56:44872, c124d131-afb9-4343-ad4e-aaebde613043:192.168.34.56:42116, e5bb327f-cdd7-4e49-919e-13a4c895fddf:192.168.34.56:36658], old=null
2019-10-18 13:01:53,477 [c124d131-afb9-4343-ad4e-aaebde613043@group-FF4202234884-LeaderElection302] INFO  impl.LeaderElection (LogUtils.java:infoOrTrace(149)) -   Exception 0: {}
java.util.concurrent.ExecutionException: org.apache.ratis.thirdparty.io.grpc.StatusRuntimeException: UNAVAILABLE: io exception
	at java.util.concurrent.FutureTask.report(FutureTask.java:122)
	at java.util.concurrent.FutureTask.get(FutureTask.java:192)
	at org.apache.ratis.server.impl.LeaderElection.waitForResults(LeaderElection.java:259)
	at org.apache.ratis.server.impl.LeaderElection.askForVotes(LeaderElection.java:197)
	at org.apache.ratis.server.impl.LeaderElection.run(LeaderElection.java:133)
	at java.lang.Thread.run(Thread.java:748)
Caused by: org.apache.ratis.thirdparty.io.grpc.StatusRuntimeException: UNAVAILABLE: io exception
	at org.apache.ratis.thirdparty.io.grpc.stub.ClientCalls.toStatusRuntimeException(ClientCalls.java:233)
	at org.apache.ratis.thirdparty.io.grpc.stub.ClientCalls.getUnchecked(ClientCalls.java:214)
	at org.apache.ratis.thirdparty.io.grpc.stub.ClientCalls.blockingUnaryCall(ClientCalls.java:139)
	at org.apache.ratis.proto.grpc.RaftServerProtocolServiceGrpc$RaftServerProtocolServiceBlockingStub.requestVote(RaftServerProtocolServiceGrpc.java:265)
	at org.apache.ratis.grpc.server.GrpcServerProtocolClient.requestVote(GrpcServerProtocolClient.java:99)
	at org.apache.ratis.grpc.server.GrpcService.requestVote(GrpcService.java:204)
	at org.apache.ratis.server.impl.LeaderElection.lambda$submitRequests$1(LeaderElection.java:234)
	at java.util.concurrent.FutureTask.run(FutureTask.java:266)
	at java.util.concurrent.Executors$RunnableAdapter.call(Executors.java:511)
	at java.util.concurrent.FutureTask.run(FutureTask.java:266)
	at java.util.concurrent.ThreadPoolExecutor.runWorker(ThreadPoolExecutor.java:1149)
	at java.util.concurrent.ThreadPoolExecutor$Worker.run(ThreadPoolExecutor.java:624)
	... 1 more
Caused by: org.apache.ratis.thirdparty.io.netty.channel.AbstractChannel$AnnotatedConnectException: Connection refused: /192.168.34.56:44872
	at sun.nio.ch.SocketChannelImpl.checkConnect(Native Method)
	at sun.nio.ch.SocketChannelImpl.finishConnect(SocketChannelImpl.java:717)
	at org.apache.ratis.thirdparty.io.netty.channel.socket.nio.NioSocketChannel.doFinishConnect(NioSocketChannel.java:327)
	at org.apache.ratis.thirdparty.io.netty.channel.nio.AbstractNioChannel$AbstractNioUnsafe.finishConnect(AbstractNioChannel.java:340)
	at org.apache.ratis.thirdparty.io.netty.channel.nio.NioEventLoop.processSelectedKey(NioEventLoop.java:632)
	at org.apache.ratis.thirdparty.io.netty.channel.nio.NioEventLoop.processSelectedKeysOptimized(NioEventLoop.java:579)
	at org.apache.ratis.thirdparty.io.netty.channel.nio.NioEventLoop.processSelectedKeys(NioEventLoop.java:496)
	at org.apache.ratis.thirdparty.io.netty.channel.nio.NioEventLoop.run(NioEventLoop.java:458)
	at org.apache.ratis.thirdparty.io.netty.util.concurrent.SingleThreadEventExecutor$5.run(SingleThreadEventExecutor.java:897)
	at org.apache.ratis.thirdparty.io.netty.util.concurrent.FastThreadLocalRunnable.run(FastThreadLocalRunnable.java:30)
	... 1 more
Caused by: java.net.ConnectException: Connection refused
	... 11 more
2019-10-18 13:01:53,477 [c124d131-afb9-4343-ad4e-aaebde613043@group-FF4202234884-LeaderElection302] INFO  impl.LeaderElection (LogUtils.java:infoOrTrace(149)) -   Exception 1: {}
java.util.concurrent.ExecutionException: org.apache.ratis.thirdparty.io.grpc.StatusRuntimeException: UNAVAILABLE: io exception
	at java.util.concurrent.FutureTask.report(FutureTask.java:122)
	at java.util.concurrent.FutureTask.get(FutureTask.java:192)
	at org.apache.ratis.server.impl.LeaderElection.waitForResults(LeaderElection.java:259)
	at org.apache.ratis.server.impl.LeaderElection.askForVotes(LeaderElection.java:197)
	at org.apache.ratis.server.impl.LeaderElection.run(LeaderElection.java:133)
	at java.lang.Thread.run(Thread.java:748)
Caused by: org.apache.ratis.thirdparty.io.grpc.StatusRuntimeException: UNAVAILABLE: io exception
	at org.apache.ratis.thirdparty.io.grpc.stub.ClientCalls.toStatusRuntimeException(ClientCalls.java:233)
	at org.apache.ratis.thirdparty.io.grpc.stub.ClientCalls.getUnchecked(ClientCalls.java:214)
	at org.apache.ratis.thirdparty.io.grpc.stub.ClientCalls.blockingUnaryCall(ClientCalls.java:139)
	at org.apache.ratis.proto.grpc.RaftServerProtocolServiceGrpc$RaftServerProtocolServiceBlockingStub.requestVote(RaftServerProtocolServiceGrpc.java:265)
	at org.apache.ratis.grpc.server.GrpcServerProtocolClient.requestVote(GrpcServerProtocolClient.java:99)
	at org.apache.ratis.grpc.server.GrpcService.requestVote(GrpcService.java:204)
	at org.apache.ratis.server.impl.LeaderElection.lambda$submitRequests$1(LeaderElection.java:234)
	at java.util.concurrent.FutureTask.run(FutureTask.java:266)
	at java.util.concurrent.Executors$RunnableAdapter.call(Executors.java:511)
	at java.util.concurrent.FutureTask.run(FutureTask.java:266)
	at java.util.concurrent.ThreadPoolExecutor.runWorker(ThreadPoolExecutor.java:1149)
	at java.util.concurrent.ThreadPoolExecutor$Worker.run(ThreadPoolExecutor.java:624)
	... 1 more
Caused by: org.apache.ratis.thirdparty.io.netty.channel.AbstractChannel$AnnotatedConnectException: Connection refused: /192.168.34.56:36658
	at sun.nio.ch.SocketChannelImpl.checkConnect(Native Method)
	at sun.nio.ch.SocketChannelImpl.finishConnect(SocketChannelImpl.java:717)
	at org.apache.ratis.thirdparty.io.netty.channel.socket.nio.NioSocketChannel.doFinishConnect(NioSocketChannel.java:327)
	at org.apache.ratis.thirdparty.io.netty.channel.nio.AbstractNioChannel$AbstractNioUnsafe.finishConnect(AbstractNioChannel.java:340)
	at org.apache.ratis.thirdparty.io.netty.channel.nio.NioEventLoop.processSelectedKey(NioEventLoop.java:632)
	at org.apache.ratis.thirdparty.io.netty.channel.nio.NioEventLoop.processSelectedKeysOptimized(NioEventLoop.java:579)
	at org.apache.ratis.thirdparty.io.netty.channel.nio.NioEventLoop.processSelectedKeys(NioEventLoop.java:496)
	at org.apache.ratis.thirdparty.io.netty.channel.nio.NioEventLoop.run(NioEventLoop.java:458)
	at org.apache.ratis.thirdparty.io.netty.util.concurrent.SingleThreadEventExecutor$5.run(SingleThreadEventExecutor.java:897)
	at org.apache.ratis.thirdparty.io.netty.util.concurrent.FastThreadLocalRunnable.run(FastThreadLocalRunnable.java:30)
	... 1 more
Caused by: java.net.ConnectException: Connection refused
	... 11 more
2019-10-18 13:01:53,477 [c124d131-afb9-4343-ad4e-aaebde613043@group-FF4202234884-LeaderElection302] INFO  impl.RaftServerImpl (RaftServerImpl.java:setRole(184)) - c124d131-afb9-4343-ad4e-aaebde613043@group-FF4202234884: changes role from CANDIDATE to FOLLOWER at term 164 for DISCOVERED_A_NEW_TERM
2019-10-18 13:01:53,477 [c124d131-afb9-4343-ad4e-aaebde613043@group-FF4202234884-LeaderElection302] INFO  impl.RoleInfo (RoleInfo.java:shutdownLeaderElection(134)) - c124d131-afb9-4343-ad4e-aaebde613043: shutdown LeaderElection
2019-10-18 13:01:53,477 [c124d131-afb9-4343-ad4e-aaebde613043@group-FF4202234884-LeaderElection302] INFO  impl.RoleInfo (RoleInfo.java:updateAndGet(143)) - c124d131-afb9-4343-ad4e-aaebde613043: start FollowerState
2019-10-18 13:01:53,645 [Thread-2543] INFO  impl.FollowerState (FollowerState.java:run(108)) - c124d131-afb9-4343-ad4e-aaebde613043@group-FF4202234884-FollowerState: change to CANDIDATE, lastRpcTime:167ms, electionTimeout:167ms
2019-10-18 13:01:53,645 [Thread-2543] INFO  impl.RoleInfo (RoleInfo.java:shutdownFollowerState(121)) - c124d131-afb9-4343-ad4e-aaebde613043: shutdown FollowerState
2019-10-18 13:01:53,645 [Thread-2543] INFO  impl.RaftServerImpl (RaftServerImpl.java:setRole(184)) - c124d131-afb9-4343-ad4e-aaebde613043@group-FF4202234884: changes role from  FOLLOWER to CANDIDATE at term 164 for changeToCandidate
2019-10-18 13:01:53,645 [Thread-2543] INFO  impl.RoleInfo (RoleInfo.java:updateAndGet(143)) - c124d131-afb9-4343-ad4e-aaebde613043: start LeaderElection
2019-10-18 13:01:53,651 [Thread-2542] INFO  impl.FollowerState (FollowerState.java:run(108)) - 018b3f78-d19f-4e26-a796-cb8ddc4f97cf@group-187684C21557-FollowerState: change to CANDIDATE, lastRpcTime:174ms, electionTimeout:174ms
2019-10-18 13:01:53,651 [Thread-2542] INFO  impl.RoleInfo (RoleInfo.java:shutdownFollowerState(121)) - 018b3f78-d19f-4e26-a796-cb8ddc4f97cf: shutdown FollowerState
2019-10-18 13:01:53,651 [Thread-2542] INFO  impl.RaftServerImpl (RaftServerImpl.java:setRole(184)) - 018b3f78-d19f-4e26-a796-cb8ddc4f97cf@group-187684C21557: changes role from  FOLLOWER to CANDIDATE at term 174 for changeToCandidate
2019-10-18 13:01:53,651 [Thread-2542] INFO  impl.RoleInfo (RoleInfo.java:updateAndGet(143)) - 018b3f78-d19f-4e26-a796-cb8ddc4f97cf: start LeaderElection
2019-10-18 13:01:53,721 [018b3f78-d19f-4e26-a796-cb8ddc4f97cf@group-187684C21557-LeaderElection304] INFO  impl.LeaderElection (LeaderElection.java:askForVotes(178)) - 018b3f78-d19f-4e26-a796-cb8ddc4f97cf@group-187684C21557-LeaderElection304: begin an election at term 175 for -1: [893cf03e-f2cf-478a-892a-a746717e50e3:192.168.34.56:40750, 8697df36-98d2-41b1-bdc7-60597b3b5526:192.168.34.56:46415, 018b3f78-d19f-4e26-a796-cb8ddc4f97cf:192.168.34.56:35845], old=null
2019-10-18 13:01:53,721 [c124d131-afb9-4343-ad4e-aaebde613043@group-FF4202234884-LeaderElection303] INFO  impl.LeaderElection (LeaderElection.java:askForVotes(178)) - c124d131-afb9-4343-ad4e-aaebde613043@group-FF4202234884-LeaderElection303: begin an election at term 165 for -1: [999343e7-0330-4874-a345-91eca72585e0:192.168.34.56:44872, c124d131-afb9-4343-ad4e-aaebde613043:192.168.34.56:42116, e5bb327f-cdd7-4e49-919e-13a4c895fddf:192.168.34.56:36658], old=null
2019-10-18 13:01:53,722 [c124d131-afb9-4343-ad4e-aaebde613043@group-FF4202234884-LeaderElection303] INFO  impl.LeaderElection (LogUtils.java:infoOrTrace(149)) - c124d131-afb9-4343-ad4e-aaebde613043@group-FF4202234884-LeaderElection303 got exception when requesting votes: {}
java.util.concurrent.ExecutionException: org.apache.ratis.thirdparty.io.grpc.StatusRuntimeException: UNAVAILABLE: io exception
	at java.util.concurrent.FutureTask.report(FutureTask.java:122)
	at java.util.concurrent.FutureTask.get(FutureTask.java:192)
	at org.apache.ratis.server.impl.LeaderElection.waitForResults(LeaderElection.java:259)
	at org.apache.ratis.server.impl.LeaderElection.askForVotes(LeaderElection.java:197)
	at org.apache.ratis.server.impl.LeaderElection.run(LeaderElection.java:133)
	at java.lang.Thread.run(Thread.java:748)
Caused by: org.apache.ratis.thirdparty.io.grpc.StatusRuntimeException: UNAVAILABLE: io exception
	at org.apache.ratis.thirdparty.io.grpc.stub.ClientCalls.toStatusRuntimeException(ClientCalls.java:233)
	at org.apache.ratis.thirdparty.io.grpc.stub.ClientCalls.getUnchecked(ClientCalls.java:214)
	at org.apache.ratis.thirdparty.io.grpc.stub.ClientCalls.blockingUnaryCall(ClientCalls.java:139)
	at org.apache.ratis.proto.grpc.RaftServerProtocolServiceGrpc$RaftServerProtocolServiceBlockingStub.requestVote(RaftServerProtocolServiceGrpc.java:265)
	at org.apache.ratis.grpc.server.GrpcServerProtocolClient.requestVote(GrpcServerProtocolClient.java:99)
	at org.apache.ratis.grpc.server.GrpcService.requestVote(GrpcService.java:204)
	at org.apache.ratis.server.impl.LeaderElection.lambda$submitRequests$1(LeaderElection.java:234)
	at java.util.concurrent.FutureTask.run(FutureTask.java:266)
	at java.util.concurrent.Executors$RunnableAdapter.call(Executors.java:511)
	at java.util.concurrent.FutureTask.run(FutureTask.java:266)
	at java.util.concurrent.ThreadPoolExecutor.runWorker(ThreadPoolExecutor.java:1149)
	at java.util.concurrent.ThreadPoolExecutor$Worker.run(ThreadPoolExecutor.java:624)
	... 1 more
Caused by: org.apache.ratis.thirdparty.io.netty.channel.AbstractChannel$AnnotatedConnectException: Connection refused: /192.168.34.56:44872
	at sun.nio.ch.SocketChannelImpl.checkConnect(Native Method)
	at sun.nio.ch.SocketChannelImpl.finishConnect(SocketChannelImpl.java:717)
	at org.apache.ratis.thirdparty.io.netty.channel.socket.nio.NioSocketChannel.doFinishConnect(NioSocketChannel.java:327)
	at org.apache.ratis.thirdparty.io.netty.channel.nio.AbstractNioChannel$AbstractNioUnsafe.finishConnect(AbstractNioChannel.java:340)
	at org.apache.ratis.thirdparty.io.netty.channel.nio.NioEventLoop.processSelectedKey(NioEventLoop.java:632)
	at org.apache.ratis.thirdparty.io.netty.channel.nio.NioEventLoop.processSelectedKeysOptimized(NioEventLoop.java:579)
	at org.apache.ratis.thirdparty.io.netty.channel.nio.NioEventLoop.processSelectedKeys(NioEventLoop.java:496)
	at org.apache.ratis.thirdparty.io.netty.channel.nio.NioEventLoop.run(NioEventLoop.java:458)
	at org.apache.ratis.thirdparty.io.netty.util.concurrent.SingleThreadEventExecutor$5.run(SingleThreadEventExecutor.java:897)
	at org.apache.ratis.thirdparty.io.netty.util.concurrent.FastThreadLocalRunnable.run(FastThreadLocalRunnable.java:30)
	... 1 more
Caused by: java.net.ConnectException: Connection refused
	... 11 more
2019-10-18 13:01:53,722 [c124d131-afb9-4343-ad4e-aaebde613043@group-FF4202234884-LeaderElection303] INFO  impl.LeaderElection (LogUtils.java:infoOrTrace(149)) - c124d131-afb9-4343-ad4e-aaebde613043@group-FF4202234884-LeaderElection303 got exception when requesting votes: {}
java.util.concurrent.ExecutionException: org.apache.ratis.thirdparty.io.grpc.StatusRuntimeException: UNAVAILABLE: io exception
	at java.util.concurrent.FutureTask.report(FutureTask.java:122)
	at java.util.concurrent.FutureTask.get(FutureTask.java:192)
	at org.apache.ratis.server.impl.LeaderElection.waitForResults(LeaderElection.java:259)
	at org.apache.ratis.server.impl.LeaderElection.askForVotes(LeaderElection.java:197)
	at org.apache.ratis.server.impl.LeaderElection.run(LeaderElection.java:133)
	at java.lang.Thread.run(Thread.java:748)
Caused by: org.apache.ratis.thirdparty.io.grpc.StatusRuntimeException: UNAVAILABLE: io exception
	at org.apache.ratis.thirdparty.io.grpc.stub.ClientCalls.toStatusRuntimeException(ClientCalls.java:233)
	at org.apache.ratis.thirdparty.io.grpc.stub.ClientCalls.getUnchecked(ClientCalls.java:214)
	at org.apache.ratis.thirdparty.io.grpc.stub.ClientCalls.blockingUnaryCall(ClientCalls.java:139)
	at org.apache.ratis.proto.grpc.RaftServerProtocolServiceGrpc$RaftServerProtocolServiceBlockingStub.requestVote(RaftServerProtocolServiceGrpc.java:265)
	at org.apache.ratis.grpc.server.GrpcServerProtocolClient.requestVote(GrpcServerProtocolClient.java:99)
	at org.apache.ratis.grpc.server.GrpcService.requestVote(GrpcService.java:204)
	at org.apache.ratis.server.impl.LeaderElection.lambda$submitRequests$1(LeaderElection.java:234)
	at java.util.concurrent.FutureTask.run(FutureTask.java:266)
	at java.util.concurrent.Executors$RunnableAdapter.call(Executors.java:511)
	at java.util.concurrent.FutureTask.run(FutureTask.java:266)
	at java.util.concurrent.ThreadPoolExecutor.runWorker(ThreadPoolExecutor.java:1149)
	at java.util.concurrent.ThreadPoolExecutor$Worker.run(ThreadPoolExecutor.java:624)
	... 1 more
Caused by: org.apache.ratis.thirdparty.io.netty.channel.AbstractChannel$AnnotatedConnectException: Connection refused: /192.168.34.56:36658
	at sun.nio.ch.SocketChannelImpl.checkConnect(Native Method)
	at sun.nio.ch.SocketChannelImpl.finishConnect(SocketChannelImpl.java:717)
	at org.apache.ratis.thirdparty.io.netty.channel.socket.nio.NioSocketChannel.doFinishConnect(NioSocketChannel.java:327)
	at org.apache.ratis.thirdparty.io.netty.channel.nio.AbstractNioChannel$AbstractNioUnsafe.finishConnect(AbstractNioChannel.java:340)
	at org.apache.ratis.thirdparty.io.netty.channel.nio.NioEventLoop.processSelectedKey(NioEventLoop.java:632)
	at org.apache.ratis.thirdparty.io.netty.channel.nio.NioEventLoop.processSelectedKeysOptimized(NioEventLoop.java:579)
	at org.apache.ratis.thirdparty.io.netty.channel.nio.NioEventLoop.processSelectedKeys(NioEventLoop.java:496)
	at org.apache.ratis.thirdparty.io.netty.channel.nio.NioEventLoop.run(NioEventLoop.java:458)
	at org.apache.ratis.thirdparty.io.netty.util.concurrent.SingleThreadEventExecutor$5.run(SingleThreadEventExecutor.java:897)
	at org.apache.ratis.thirdparty.io.netty.util.concurrent.FastThreadLocalRunnable.run(FastThreadLocalRunnable.java:30)
	... 1 more
Caused by: java.net.ConnectException: Connection refused
	... 11 more
2019-10-18 13:01:53,722 [grpc-default-executor-2] INFO  impl.RaftServerImpl (RaftServerImpl.java:setRole(184)) - 893cf03e-f2cf-478a-892a-a746717e50e3@group-187684C21557: changes role from  FOLLOWER to FOLLOWER at term 175 for recognizeCandidate:018b3f78-d19f-4e26-a796-cb8ddc4f97cf
2019-10-18 13:01:53,722 [grpc-default-executor-7] INFO  impl.RaftServerImpl (RaftServerImpl.java:setRole(184)) - 8697df36-98d2-41b1-bdc7-60597b3b5526@group-187684C21557: changes role from  FOLLOWER to FOLLOWER at term 175 for recognizeCandidate:018b3f78-d19f-4e26-a796-cb8ddc4f97cf
2019-10-18 13:01:53,723 [grpc-default-executor-2] INFO  impl.RoleInfo (RoleInfo.java:shutdownFollowerState(121)) - 893cf03e-f2cf-478a-892a-a746717e50e3: shutdown FollowerState
2019-10-18 13:01:53,722 [c124d131-afb9-4343-ad4e-aaebde613043@group-FF4202234884-LeaderElection303] INFO  impl.LeaderElection (LeaderElection.java:logAndReturn(56)) - c124d131-afb9-4343-ad4e-aaebde613043@group-FF4202234884-LeaderElection303: Election REJECTED; received 0 response(s) [] and 2 exception(s); c124d131-afb9-4343-ad4e-aaebde613043@group-FF4202234884:t165, leader=null, voted=c124d131-afb9-4343-ad4e-aaebde613043, raftlog=c124d131-afb9-4343-ad4e-aaebde613043@group-FF4202234884-SegmentedRaftLog:OPENED:c-1,f-1,i0, conf=-1: [999343e7-0330-4874-a345-91eca72585e0:192.168.34.56:44872, c124d131-afb9-4343-ad4e-aaebde613043:192.168.34.56:42116, e5bb327f-cdd7-4e49-919e-13a4c895fddf:192.168.34.56:36658], old=null
2019-10-18 13:01:53,723 [Thread-2537] INFO  impl.FollowerState (FollowerState.java:run(117)) - 893cf03e-f2cf-478a-892a-a746717e50e3@group-187684C21557-FollowerState was interrupted: java.lang.InterruptedException: sleep interrupted
2019-10-18 13:01:53,723 [grpc-default-executor-2] INFO  impl.RoleInfo (RoleInfo.java:updateAndGet(143)) - 893cf03e-f2cf-478a-892a-a746717e50e3: start FollowerState
2019-10-18 13:01:53,723 [grpc-default-executor-7] INFO  impl.RoleInfo (RoleInfo.java:shutdownFollowerState(121)) - 8697df36-98d2-41b1-bdc7-60597b3b5526: shutdown FollowerState
2019-10-18 13:01:53,723 [c124d131-afb9-4343-ad4e-aaebde613043@group-FF4202234884-LeaderElection303] INFO  impl.LeaderElection (LogUtils.java:infoOrTrace(149)) -   Exception 0: {}
java.util.concurrent.ExecutionException: org.apache.ratis.thirdparty.io.grpc.StatusRuntimeException: UNAVAILABLE: io exception
	at java.util.concurrent.FutureTask.report(FutureTask.java:122)
	at java.util.concurrent.FutureTask.get(FutureTask.java:192)
	at org.apache.ratis.server.impl.LeaderElection.waitForResults(LeaderElection.java:259)
	at org.apache.ratis.server.impl.LeaderElection.askForVotes(LeaderElection.java:197)
	at org.apache.ratis.server.impl.LeaderElection.run(LeaderElection.java:133)
	at java.lang.Thread.run(Thread.java:748)
Caused by: org.apache.ratis.thirdparty.io.grpc.StatusRuntimeException: UNAVAILABLE: io exception
	at org.apache.ratis.thirdparty.io.grpc.stub.ClientCalls.toStatusRuntimeException(ClientCalls.java:233)
	at org.apache.ratis.thirdparty.io.grpc.stub.ClientCalls.getUnchecked(ClientCalls.java:214)
	at org.apache.ratis.thirdparty.io.grpc.stub.ClientCalls.blockingUnaryCall(ClientCalls.java:139)
	at org.apache.ratis.proto.grpc.RaftServerProtocolServiceGrpc$RaftServerProtocolServiceBlockingStub.requestVote(RaftServerProtocolServiceGrpc.java:265)
	at org.apache.ratis.grpc.server.GrpcServerProtocolClient.requestVote(GrpcServerProtocolClient.java:99)
	at org.apache.ratis.grpc.server.GrpcService.requestVote(GrpcService.java:204)
	at org.apache.ratis.server.impl.LeaderElection.lambda$submitRequests$1(LeaderElection.java:234)
	at java.util.concurrent.FutureTask.run(FutureTask.java:266)
	at java.util.concurrent.Executors$RunnableAdapter.call(Executors.java:511)
	at java.util.concurrent.FutureTask.run(FutureTask.java:266)
	at java.util.concurrent.ThreadPoolExecutor.runWorker(ThreadPoolExecutor.java:1149)
	at java.util.concurrent.ThreadPoolExecutor$Worker.run(ThreadPoolExecutor.java:624)
	... 1 more
Caused by: org.apache.ratis.thirdparty.io.netty.channel.AbstractChannel$AnnotatedConnectException: Connection refused: /192.168.34.56:44872
	at sun.nio.ch.SocketChannelImpl.checkConnect(Native Method)
	at sun.nio.ch.SocketChannelImpl.finishConnect(SocketChannelImpl.java:717)
	at org.apache.ratis.thirdparty.io.netty.channel.socket.nio.NioSocketChannel.doFinishConnect(NioSocketChannel.java:327)
	at org.apache.ratis.thirdparty.io.netty.channel.nio.AbstractNioChannel$AbstractNioUnsafe.finishConnect(AbstractNioChannel.java:340)
	at org.apache.ratis.thirdparty.io.netty.channel.nio.NioEventLoop.processSelectedKey(NioEventLoop.java:632)
	at org.apache.ratis.thirdparty.io.netty.channel.nio.NioEventLoop.processSelectedKeysOptimized(NioEventLoop.java:579)
	at org.apache.ratis.thirdparty.io.netty.channel.nio.NioEventLoop.processSelectedKeys(NioEventLoop.java:496)
	at org.apache.ratis.thirdparty.io.netty.channel.nio.NioEventLoop.run(NioEventLoop.java:458)
	at org.apache.ratis.thirdparty.io.netty.util.concurrent.SingleThreadEventExecutor$5.run(SingleThreadEventExecutor.java:897)
	at org.apache.ratis.thirdparty.io.netty.util.concurrent.FastThreadLocalRunnable.run(FastThreadLocalRunnable.java:30)
	... 1 more
Caused by: java.net.ConnectException: Connection refused
	... 11 more
2019-10-18 13:01:53,723 [c124d131-afb9-4343-ad4e-aaebde613043@group-FF4202234884-LeaderElection303] INFO  impl.LeaderElection (LogUtils.java:infoOrTrace(149)) -   Exception 1: {}
java.util.concurrent.ExecutionException: org.apache.ratis.thirdparty.io.grpc.StatusRuntimeException: UNAVAILABLE: io exception
	at java.util.concurrent.FutureTask.report(FutureTask.java:122)
	at java.util.concurrent.FutureTask.get(FutureTask.java:192)
	at org.apache.ratis.server.impl.LeaderElection.waitForResults(LeaderElection.java:259)
	at org.apache.ratis.server.impl.LeaderElection.askForVotes(LeaderElection.java:197)
	at org.apache.ratis.server.impl.LeaderElection.run(LeaderElection.java:133)
	at java.lang.Thread.run(Thread.java:748)
Caused by: org.apache.ratis.thirdparty.io.grpc.StatusRuntimeException: UNAVAILABLE: io exception
	at org.apache.ratis.thirdparty.io.grpc.stub.ClientCalls.toStatusRuntimeException(ClientCalls.java:233)
	at org.apache.ratis.thirdparty.io.grpc.stub.ClientCalls.getUnchecked(ClientCalls.java:214)
	at org.apache.ratis.thirdparty.io.grpc.stub.ClientCalls.blockingUnaryCall(ClientCalls.java:139)
	at org.apache.ratis.proto.grpc.RaftServerProtocolServiceGrpc$RaftServerProtocolServiceBlockingStub.requestVote(RaftServerProtocolServiceGrpc.java:265)
	at org.apache.ratis.grpc.server.GrpcServerProtocolClient.requestVote(GrpcServerProtocolClient.java:99)
	at org.apache.ratis.grpc.server.GrpcService.requestVote(GrpcService.java:204)
	at org.apache.ratis.server.impl.LeaderElection.lambda$submitRequests$1(LeaderElection.java:234)
	at java.util.concurrent.FutureTask.run(FutureTask.java:266)
	at java.util.concurrent.Executors$RunnableAdapter.call(Executors.java:511)
	at java.util.concurrent.FutureTask.run(FutureTask.java:266)
	at java.util.concurrent.ThreadPoolExecutor.runWorker(ThreadPoolExecutor.java:1149)
	at java.util.concurrent.ThreadPoolExecutor$Worker.run(ThreadPoolExecutor.java:624)
	... 1 more
Caused by: org.apache.ratis.thirdparty.io.netty.channel.AbstractChannel$AnnotatedConnectException: Connection refused: /192.168.34.56:36658
	at sun.nio.ch.SocketChannelImpl.checkConnect(Native Method)
	at sun.nio.ch.SocketChannelImpl.finishConnect(SocketChannelImpl.java:717)
	at org.apache.ratis.thirdparty.io.netty.channel.socket.nio.NioSocketChannel.doFinishConnect(NioSocketChannel.java:327)
	at org.apache.ratis.thirdparty.io.netty.channel.nio.AbstractNioChannel$AbstractNioUnsafe.finishConnect(AbstractNioChannel.java:340)
	at org.apache.ratis.thirdparty.io.netty.channel.nio.NioEventLoop.processSelectedKey(NioEventLoop.java:632)
	at org.apache.ratis.thirdparty.io.netty.channel.nio.NioEventLoop.processSelectedKeysOptimized(NioEventLoop.java:579)
	at org.apache.ratis.thirdparty.io.netty.channel.nio.NioEventLoop.processSelectedKeys(NioEventLoop.java:496)
	at org.apache.ratis.thirdparty.io.netty.channel.nio.NioEventLoop.run(NioEventLoop.java:458)
	at org.apache.ratis.thirdparty.io.netty.util.concurrent.SingleThreadEventExecutor$5.run(SingleThreadEventExecutor.java:897)
	at org.apache.ratis.thirdparty.io.netty.util.concurrent.FastThreadLocalRunnable.run(FastThreadLocalRunnable.java:30)
	... 1 more
Caused by: java.net.ConnectException: Connection refused
	... 11 more
2019-10-18 13:01:53,723 [Thread-2538] INFO  impl.FollowerState (FollowerState.java:run(117)) - 8697df36-98d2-41b1-bdc7-60597b3b5526@group-187684C21557-FollowerState was interrupted: java.lang.InterruptedException: sleep interrupted
2019-10-18 13:01:53,723 [grpc-default-executor-7] INFO  impl.RoleInfo (RoleInfo.java:updateAndGet(143)) - 8697df36-98d2-41b1-bdc7-60597b3b5526: start FollowerState
2019-10-18 13:01:53,723 [c124d131-afb9-4343-ad4e-aaebde613043@group-FF4202234884-LeaderElection303] INFO  impl.RaftServerImpl (RaftServerImpl.java:setRole(184)) - c124d131-afb9-4343-ad4e-aaebde613043@group-FF4202234884: changes role from CANDIDATE to FOLLOWER at term 165 for DISCOVERED_A_NEW_TERM
2019-10-18 13:01:53,724 [c124d131-afb9-4343-ad4e-aaebde613043@group-FF4202234884-LeaderElection303] INFO  impl.RoleInfo (RoleInfo.java:shutdownLeaderElection(134)) - c124d131-afb9-4343-ad4e-aaebde613043: shutdown LeaderElection
2019-10-18 13:01:53,724 [c124d131-afb9-4343-ad4e-aaebde613043@group-FF4202234884-LeaderElection303] INFO  impl.RoleInfo (RoleInfo.java:updateAndGet(143)) - c124d131-afb9-4343-ad4e-aaebde613043: start FollowerState
2019-10-18 13:01:53,753 [018b3f78-d19f-4e26-a796-cb8ddc4f97cf@group-187684C21557-LeaderElection304] INFO  impl.LeaderElection (LeaderElection.java:logAndReturn(56)) - 018b3f78-d19f-4e26-a796-cb8ddc4f97cf@group-187684C21557-LeaderElection304: Election TIMEOUT; received 0 response(s) [] and 0 exception(s); 018b3f78-d19f-4e26-a796-cb8ddc4f97cf@group-187684C21557:t175, leader=null, voted=018b3f78-d19f-4e26-a796-cb8ddc4f97cf, raftlog=018b3f78-d19f-4e26-a796-cb8ddc4f97cf@group-187684C21557-SegmentedRaftLog:OPENED:c-1,f-1,i0, conf=-1: [893cf03e-f2cf-478a-892a-a746717e50e3:192.168.34.56:40750, 8697df36-98d2-41b1-bdc7-60597b3b5526:192.168.34.56:46415, 018b3f78-d19f-4e26-a796-cb8ddc4f97cf:192.168.34.56:35845], old=null
2019-10-18 13:01:53,793 [Thread-2552] INFO  impl.FollowerState (FollowerState.java:run(108)) - c124d131-afb9-4343-ad4e-aaebde613043@group-FF4202234884-FollowerState: change to CANDIDATE, lastRpcTime:69ms, electionTimeout:69ms
2019-10-18 13:01:53,793 [Thread-2552] INFO  impl.RoleInfo (RoleInfo.java:shutdownFollowerState(121)) - c124d131-afb9-4343-ad4e-aaebde613043: shutdown FollowerState
2019-10-18 13:01:53,793 [Thread-2552] INFO  impl.RaftServerImpl (RaftServerImpl.java:setRole(184)) - c124d131-afb9-4343-ad4e-aaebde613043@group-FF4202234884: changes role from  FOLLOWER to CANDIDATE at term 165 for changeToCandidate
2019-10-18 13:01:53,794 [Thread-2552] INFO  impl.RoleInfo (RoleInfo.java:updateAndGet(143)) - c124d131-afb9-4343-ad4e-aaebde613043: start LeaderElection
2019-10-18 13:01:53,894 [018b3f78-d19f-4e26-a796-cb8ddc4f97cf@group-187684C21557-LeaderElection304] INFO  impl.LeaderElection (LeaderElection.java:askForVotes(178)) - 018b3f78-d19f-4e26-a796-cb8ddc4f97cf@group-187684C21557-LeaderElection304: begin an election at term 176 for -1: [893cf03e-f2cf-478a-892a-a746717e50e3:192.168.34.56:40750, 8697df36-98d2-41b1-bdc7-60597b3b5526:192.168.34.56:46415, 018b3f78-d19f-4e26-a796-cb8ddc4f97cf:192.168.34.56:35845], old=null
2019-10-18 13:01:53,896 [grpc-default-executor-2] INFO  impl.RaftServerImpl (RaftServerImpl.java:setRole(184)) - 893cf03e-f2cf-478a-892a-a746717e50e3@group-187684C21557: changes role from  FOLLOWER to FOLLOWER at term 176 for recognizeCandidate:018b3f78-d19f-4e26-a796-cb8ddc4f97cf
2019-10-18 13:01:53,896 [grpc-default-executor-7] INFO  impl.RaftServerImpl (RaftServerImpl.java:setRole(184)) - 8697df36-98d2-41b1-bdc7-60597b3b5526@group-187684C21557: changes role from  FOLLOWER to FOLLOWER at term 176 for recognizeCandidate:018b3f78-d19f-4e26-a796-cb8ddc4f97cf
2019-10-18 13:01:53,896 [grpc-default-executor-2] INFO  impl.RoleInfo (RoleInfo.java:shutdownFollowerState(121)) - 893cf03e-f2cf-478a-892a-a746717e50e3: shutdown FollowerState
2019-10-18 13:01:53,896 [grpc-default-executor-7] INFO  impl.RoleInfo (RoleInfo.java:shutdownFollowerState(121)) - 8697df36-98d2-41b1-bdc7-60597b3b5526: shutdown FollowerState
2019-10-18 13:01:53,896 [Thread-2550] INFO  impl.FollowerState (FollowerState.java:run(117)) - 893cf03e-f2cf-478a-892a-a746717e50e3@group-187684C21557-FollowerState was interrupted: java.lang.InterruptedException: sleep interrupted
2019-10-18 13:01:53,896 [grpc-default-executor-2] INFO  impl.RoleInfo (RoleInfo.java:updateAndGet(143)) - 893cf03e-f2cf-478a-892a-a746717e50e3: start FollowerState
2019-10-18 13:01:53,896 [Thread-2551] INFO  impl.FollowerState (FollowerState.java:run(117)) - 8697df36-98d2-41b1-bdc7-60597b3b5526@group-187684C21557-FollowerState was interrupted: java.lang.InterruptedException: sleep interrupted
2019-10-18 13:01:53,896 [grpc-default-executor-7] INFO  impl.RoleInfo (RoleInfo.java:updateAndGet(143)) - 8697df36-98d2-41b1-bdc7-60597b3b5526: start FollowerState
2019-10-18 13:01:53,906 [018b3f78-d19f-4e26-a796-cb8ddc4f97cf@group-187684C21557-LeaderElection304] INFO  impl.LeaderElection (LeaderElection.java:logAndReturn(56)) - 018b3f78-d19f-4e26-a796-cb8ddc4f97cf@group-187684C21557-LeaderElection304: Election TIMEOUT; received 0 response(s) [] and 0 exception(s); 018b3f78-d19f-4e26-a796-cb8ddc4f97cf@group-187684C21557:t176, leader=null, voted=018b3f78-d19f-4e26-a796-cb8ddc4f97cf, raftlog=018b3f78-d19f-4e26-a796-cb8ddc4f97cf@group-187684C21557-SegmentedRaftLog:OPENED:c-1,f-1,i0, conf=-1: [893cf03e-f2cf-478a-892a-a746717e50e3:192.168.34.56:40750, 8697df36-98d2-41b1-bdc7-60597b3b5526:192.168.34.56:46415, 018b3f78-d19f-4e26-a796-cb8ddc4f97cf:192.168.34.56:35845], old=null
2019-10-18 13:01:53,964 [c124d131-afb9-4343-ad4e-aaebde613043@group-FF4202234884-LeaderElection305] INFO  impl.LeaderElection (LeaderElection.java:askForVotes(178)) - c124d131-afb9-4343-ad4e-aaebde613043@group-FF4202234884-LeaderElection305: begin an election at term 166 for -1: [999343e7-0330-4874-a345-91eca72585e0:192.168.34.56:44872, c124d131-afb9-4343-ad4e-aaebde613043:192.168.34.56:42116, e5bb327f-cdd7-4e49-919e-13a4c895fddf:192.168.34.56:36658], old=null
2019-10-18 13:01:53,965 [c124d131-afb9-4343-ad4e-aaebde613043@group-FF4202234884-LeaderElection305] INFO  impl.LeaderElection (LogUtils.java:infoOrTrace(149)) - c124d131-afb9-4343-ad4e-aaebde613043@group-FF4202234884-LeaderElection305 got exception when requesting votes: {}
java.util.concurrent.ExecutionException: org.apache.ratis.thirdparty.io.grpc.StatusRuntimeException: UNAVAILABLE: io exception
	at java.util.concurrent.FutureTask.report(FutureTask.java:122)
	at java.util.concurrent.FutureTask.get(FutureTask.java:192)
	at org.apache.ratis.server.impl.LeaderElection.waitForResults(LeaderElection.java:259)
	at org.apache.ratis.server.impl.LeaderElection.askForVotes(LeaderElection.java:197)
	at org.apache.ratis.server.impl.LeaderElection.run(LeaderElection.java:133)
	at java.lang.Thread.run(Thread.java:748)
Caused by: org.apache.ratis.thirdparty.io.grpc.StatusRuntimeException: UNAVAILABLE: io exception
	at org.apache.ratis.thirdparty.io.grpc.stub.ClientCalls.toStatusRuntimeException(ClientCalls.java:233)
	at org.apache.ratis.thirdparty.io.grpc.stub.ClientCalls.getUnchecked(ClientCalls.java:214)
	at org.apache.ratis.thirdparty.io.grpc.stub.ClientCalls.blockingUnaryCall(ClientCalls.java:139)
	at org.apache.ratis.proto.grpc.RaftServerProtocolServiceGrpc$RaftServerProtocolServiceBlockingStub.requestVote(RaftServerProtocolServiceGrpc.java:265)
	at org.apache.ratis.grpc.server.GrpcServerProtocolClient.requestVote(GrpcServerProtocolClient.java:99)
	at org.apache.ratis.grpc.server.GrpcService.requestVote(GrpcService.java:204)
	at org.apache.ratis.server.impl.LeaderElection.lambda$submitRequests$1(LeaderElection.java:234)
	at java.util.concurrent.FutureTask.run(FutureTask.java:266)
	at java.util.concurrent.Executors$RunnableAdapter.call(Executors.java:511)
	at java.util.concurrent.FutureTask.run(FutureTask.java:266)
	at java.util.concurrent.ThreadPoolExecutor.runWorker(ThreadPoolExecutor.java:1149)
	at java.util.concurrent.ThreadPoolExecutor$Worker.run(ThreadPoolExecutor.java:624)
	... 1 more
Caused by: org.apache.ratis.thirdparty.io.netty.channel.AbstractChannel$AnnotatedConnectException: Connection refused: /192.168.34.56:44872
	at sun.nio.ch.SocketChannelImpl.checkConnect(Native Method)
	at sun.nio.ch.SocketChannelImpl.finishConnect(SocketChannelImpl.java:717)
	at org.apache.ratis.thirdparty.io.netty.channel.socket.nio.NioSocketChannel.doFinishConnect(NioSocketChannel.java:327)
	at org.apache.ratis.thirdparty.io.netty.channel.nio.AbstractNioChannel$AbstractNioUnsafe.finishConnect(AbstractNioChannel.java:340)
	at org.apache.ratis.thirdparty.io.netty.channel.nio.NioEventLoop.processSelectedKey(NioEventLoop.java:632)
	at org.apache.ratis.thirdparty.io.netty.channel.nio.NioEventLoop.processSelectedKeysOptimized(NioEventLoop.java:579)
	at org.apache.ratis.thirdparty.io.netty.channel.nio.NioEventLoop.processSelectedKeys(NioEventLoop.java:496)
	at org.apache.ratis.thirdparty.io.netty.channel.nio.NioEventLoop.run(NioEventLoop.java:458)
	at org.apache.ratis.thirdparty.io.netty.util.concurrent.SingleThreadEventExecutor$5.run(SingleThreadEventExecutor.java:897)
	at org.apache.ratis.thirdparty.io.netty.util.concurrent.FastThreadLocalRunnable.run(FastThreadLocalRunnable.java:30)
	... 1 more
Caused by: java.net.ConnectException: Connection refused
	... 11 more
2019-10-18 13:01:53,966 [c124d131-afb9-4343-ad4e-aaebde613043@group-FF4202234884-LeaderElection305] INFO  impl.LeaderElection (LogUtils.java:infoOrTrace(149)) - c124d131-afb9-4343-ad4e-aaebde613043@group-FF4202234884-LeaderElection305 got exception when requesting votes: {}
java.util.concurrent.ExecutionException: org.apache.ratis.thirdparty.io.grpc.StatusRuntimeException: UNAVAILABLE: io exception
	at java.util.concurrent.FutureTask.report(FutureTask.java:122)
	at java.util.concurrent.FutureTask.get(FutureTask.java:192)
	at org.apache.ratis.server.impl.LeaderElection.waitForResults(LeaderElection.java:259)
	at org.apache.ratis.server.impl.LeaderElection.askForVotes(LeaderElection.java:197)
	at org.apache.ratis.server.impl.LeaderElection.run(LeaderElection.java:133)
	at java.lang.Thread.run(Thread.java:748)
Caused by: org.apache.ratis.thirdparty.io.grpc.StatusRuntimeException: UNAVAILABLE: io exception
	at org.apache.ratis.thirdparty.io.grpc.stub.ClientCalls.toStatusRuntimeException(ClientCalls.java:233)
	at org.apache.ratis.thirdparty.io.grpc.stub.ClientCalls.getUnchecked(ClientCalls.java:214)
	at org.apache.ratis.thirdparty.io.grpc.stub.ClientCalls.blockingUnaryCall(ClientCalls.java:139)
	at org.apache.ratis.proto.grpc.RaftServerProtocolServiceGrpc$RaftServerProtocolServiceBlockingStub.requestVote(RaftServerProtocolServiceGrpc.java:265)
	at org.apache.ratis.grpc.server.GrpcServerProtocolClient.requestVote(GrpcServerProtocolClient.java:99)
	at org.apache.ratis.grpc.server.GrpcService.requestVote(GrpcService.java:204)
	at org.apache.ratis.server.impl.LeaderElection.lambda$submitRequests$1(LeaderElection.java:234)
	at java.util.concurrent.FutureTask.run(FutureTask.java:266)
	at java.util.concurrent.Executors$RunnableAdapter.call(Executors.java:511)
	at java.util.concurrent.FutureTask.run(FutureTask.java:266)
	at java.util.concurrent.ThreadPoolExecutor.runWorker(ThreadPoolExecutor.java:1149)
	at java.util.concurrent.ThreadPoolExecutor$Worker.run(ThreadPoolExecutor.java:624)
	... 1 more
Caused by: org.apache.ratis.thirdparty.io.netty.channel.AbstractChannel$AnnotatedConnectException: Connection refused: /192.168.34.56:36658
	at sun.nio.ch.SocketChannelImpl.checkConnect(Native Method)
	at sun.nio.ch.SocketChannelImpl.finishConnect(SocketChannelImpl.java:717)
	at org.apache.ratis.thirdparty.io.netty.channel.socket.nio.NioSocketChannel.doFinishConnect(NioSocketChannel.java:327)
	at org.apache.ratis.thirdparty.io.netty.channel.nio.AbstractNioChannel$AbstractNioUnsafe.finishConnect(AbstractNioChannel.java:340)
	at org.apache.ratis.thirdparty.io.netty.channel.nio.NioEventLoop.processSelectedKey(NioEventLoop.java:632)
	at org.apache.ratis.thirdparty.io.netty.channel.nio.NioEventLoop.processSelectedKeysOptimized(NioEventLoop.java:579)
	at org.apache.ratis.thirdparty.io.netty.channel.nio.NioEventLoop.processSelectedKeys(NioEventLoop.java:496)
	at org.apache.ratis.thirdparty.io.netty.channel.nio.NioEventLoop.run(NioEventLoop.java:458)
	at org.apache.ratis.thirdparty.io.netty.util.concurrent.SingleThreadEventExecutor$5.run(SingleThreadEventExecutor.java:897)
	at org.apache.ratis.thirdparty.io.netty.util.concurrent.FastThreadLocalRunnable.run(FastThreadLocalRunnable.java:30)
	... 1 more
Caused by: java.net.ConnectException: Connection refused
	... 11 more
2019-10-18 13:01:53,966 [c124d131-afb9-4343-ad4e-aaebde613043@group-FF4202234884-LeaderElection305] INFO  impl.LeaderElection (LeaderElection.java:logAndReturn(56)) - c124d131-afb9-4343-ad4e-aaebde613043@group-FF4202234884-LeaderElection305: Election REJECTED; received 0 response(s) [] and 2 exception(s); c124d131-afb9-4343-ad4e-aaebde613043@group-FF4202234884:t166, leader=null, voted=c124d131-afb9-4343-ad4e-aaebde613043, raftlog=c124d131-afb9-4343-ad4e-aaebde613043@group-FF4202234884-SegmentedRaftLog:OPENED:c-1,f-1,i0, conf=-1: [999343e7-0330-4874-a345-91eca72585e0:192.168.34.56:44872, c124d131-afb9-4343-ad4e-aaebde613043:192.168.34.56:42116, e5bb327f-cdd7-4e49-919e-13a4c895fddf:192.168.34.56:36658], old=null
2019-10-18 13:01:53,966 [c124d131-afb9-4343-ad4e-aaebde613043@group-FF4202234884-LeaderElection305] INFO  impl.LeaderElection (LogUtils.java:infoOrTrace(149)) -   Exception 0: {}
java.util.concurrent.ExecutionException: org.apache.ratis.thirdparty.io.grpc.StatusRuntimeException: UNAVAILABLE: io exception
	at java.util.concurrent.FutureTask.report(FutureTask.java:122)
	at java.util.concurrent.FutureTask.get(FutureTask.java:192)
	at org.apache.ratis.server.impl.LeaderElection.waitForResults(LeaderElection.java:259)
	at org.apache.ratis.server.impl.LeaderElection.askForVotes(LeaderElection.java:197)
	at org.apache.ratis.server.impl.LeaderElection.run(LeaderElection.java:133)
	at java.lang.Thread.run(Thread.java:748)
Caused by: org.apache.ratis.thirdparty.io.grpc.StatusRuntimeException: UNAVAILABLE: io exception
	at org.apache.ratis.thirdparty.io.grpc.stub.ClientCalls.toStatusRuntimeException(ClientCalls.java:233)
	at org.apache.ratis.thirdparty.io.grpc.stub.ClientCalls.getUnchecked(ClientCalls.java:214)
	at org.apache.ratis.thirdparty.io.grpc.stub.ClientCalls.blockingUnaryCall(ClientCalls.java:139)
	at org.apache.ratis.proto.grpc.RaftServerProtocolServiceGrpc$RaftServerProtocolServiceBlockingStub.requestVote(RaftServerProtocolServiceGrpc.java:265)
	at org.apache.ratis.grpc.server.GrpcServerProtocolClient.requestVote(GrpcServerProtocolClient.java:99)
	at org.apache.ratis.grpc.server.GrpcService.requestVote(GrpcService.java:204)
	at org.apache.ratis.server.impl.LeaderElection.lambda$submitRequests$1(LeaderElection.java:234)
	at java.util.concurrent.FutureTask.run(FutureTask.java:266)
	at java.util.concurrent.Executors$RunnableAdapter.call(Executors.java:511)
	at java.util.concurrent.FutureTask.run(FutureTask.java:266)
	at java.util.concurrent.ThreadPoolExecutor.runWorker(ThreadPoolExecutor.java:1149)
	at java.util.concurrent.ThreadPoolExecutor$Worker.run(ThreadPoolExecutor.java:624)
	... 1 more
Caused by: org.apache.ratis.thirdparty.io.netty.channel.AbstractChannel$AnnotatedConnectException: Connection refused: /192.168.34.56:44872
	at sun.nio.ch.SocketChannelImpl.checkConnect(Native Method)
	at sun.nio.ch.SocketChannelImpl.finishConnect(SocketChannelImpl.java:717)
	at org.apache.ratis.thirdparty.io.netty.channel.socket.nio.NioSocketChannel.doFinishConnect(NioSocketChannel.java:327)
	at org.apache.ratis.thirdparty.io.netty.channel.nio.AbstractNioChannel$AbstractNioUnsafe.finishConnect(AbstractNioChannel.java:340)
	at org.apache.ratis.thirdparty.io.netty.channel.nio.NioEventLoop.processSelectedKey(NioEventLoop.java:632)
	at org.apache.ratis.thirdparty.io.netty.channel.nio.NioEventLoop.processSelectedKeysOptimized(NioEventLoop.java:579)
	at org.apache.ratis.thirdparty.io.netty.channel.nio.NioEventLoop.processSelectedKeys(NioEventLoop.java:496)
	at org.apache.ratis.thirdparty.io.netty.channel.nio.NioEventLoop.run(NioEventLoop.java:458)
	at org.apache.ratis.thirdparty.io.netty.util.concurrent.SingleThreadEventExecutor$5.run(SingleThreadEventExecutor.java:897)
	at org.apache.ratis.thirdparty.io.netty.util.concurrent.FastThreadLocalRunnable.run(FastThreadLocalRunnable.java:30)
	... 1 more
Caused by: java.net.ConnectException: Connection refused
	... 11 more
2019-10-18 13:01:53,966 [c124d131-afb9-4343-ad4e-aaebde613043@group-FF4202234884-LeaderElection305] INFO  impl.LeaderElection (LogUtils.java:infoOrTrace(149)) -   Exception 1: {}
java.util.concurrent.ExecutionException: org.apache.ratis.thirdparty.io.grpc.StatusRuntimeException: UNAVAILABLE: io exception
	at java.util.concurrent.FutureTask.report(FutureTask.java:122)
	at java.util.concurrent.FutureTask.get(FutureTask.java:192)
	at org.apache.ratis.server.impl.LeaderElection.waitForResults(LeaderElection.java:259)
	at org.apache.ratis.server.impl.LeaderElection.askForVotes(LeaderElection.java:197)
	at org.apache.ratis.server.impl.LeaderElection.run(LeaderElection.java:133)
	at java.lang.Thread.run(Thread.java:748)
Caused by: org.apache.ratis.thirdparty.io.grpc.StatusRuntimeException: UNAVAILABLE: io exception
	at org.apache.ratis.thirdparty.io.grpc.stub.ClientCalls.toStatusRuntimeException(ClientCalls.java:233)
	at org.apache.ratis.thirdparty.io.grpc.stub.ClientCalls.getUnchecked(ClientCalls.java:214)
	at org.apache.ratis.thirdparty.io.grpc.stub.ClientCalls.blockingUnaryCall(ClientCalls.java:139)
	at org.apache.ratis.proto.grpc.RaftServerProtocolServiceGrpc$RaftServerProtocolServiceBlockingStub.requestVote(RaftServerProtocolServiceGrpc.java:265)
	at org.apache.ratis.grpc.server.GrpcServerProtocolClient.requestVote(GrpcServerProtocolClient.java:99)
	at org.apache.ratis.grpc.server.GrpcService.requestVote(GrpcService.java:204)
	at org.apache.ratis.server.impl.LeaderElection.lambda$submitRequests$1(LeaderElection.java:234)
	at java.util.concurrent.FutureTask.run(FutureTask.java:266)
	at java.util.concurrent.Executors$RunnableAdapter.call(Executors.java:511)
	at java.util.concurrent.FutureTask.run(FutureTask.java:266)
	at java.util.concurrent.ThreadPoolExecutor.runWorker(ThreadPoolExecutor.java:1149)
	at java.util.concurrent.ThreadPoolExecutor$Worker.run(ThreadPoolExecutor.java:624)
	... 1 more
Caused by: org.apache.ratis.thirdparty.io.netty.channel.AbstractChannel$AnnotatedConnectException: Connection refused: /192.168.34.56:36658
	at sun.nio.ch.SocketChannelImpl.checkConnect(Native Method)
	at sun.nio.ch.SocketChannelImpl.finishConnect(SocketChannelImpl.java:717)
	at org.apache.ratis.thirdparty.io.netty.channel.socket.nio.NioSocketChannel.doFinishConnect(NioSocketChannel.java:327)
	at org.apache.ratis.thirdparty.io.netty.channel.nio.AbstractNioChannel$AbstractNioUnsafe.finishConnect(AbstractNioChannel.java:340)
	at org.apache.ratis.thirdparty.io.netty.channel.nio.NioEventLoop.processSelectedKey(NioEventLoop.java:632)
	at org.apache.ratis.thirdparty.io.netty.channel.nio.NioEventLoop.processSelectedKeysOptimized(NioEventLoop.java:579)
	at org.apache.ratis.thirdparty.io.netty.channel.nio.NioEventLoop.processSelectedKeys(NioEventLoop.java:496)
	at org.apache.ratis.thirdparty.io.netty.channel.nio.NioEventLoop.run(NioEventLoop.java:458)
	at org.apache.ratis.thirdparty.io.netty.util.concurrent.SingleThreadEventExecutor$5.run(SingleThreadEventExecutor.java:897)
	at org.apache.ratis.thirdparty.io.netty.util.concurrent.FastThreadLocalRunnable.run(FastThreadLocalRunnable.java:30)
	... 1 more
Caused by: java.net.ConnectException: Connection refused
	... 11 more
2019-10-18 13:01:53,967 [c124d131-afb9-4343-ad4e-aaebde613043@group-FF4202234884-LeaderElection305] INFO  impl.RaftServerImpl (RaftServerImpl.java:setRole(184)) - c124d131-afb9-4343-ad4e-aaebde613043@group-FF4202234884: changes role from CANDIDATE to FOLLOWER at term 166 for DISCOVERED_A_NEW_TERM
2019-10-18 13:01:53,967 [c124d131-afb9-4343-ad4e-aaebde613043@group-FF4202234884-LeaderElection305] INFO  impl.RoleInfo (RoleInfo.java:shutdownLeaderElection(134)) - c124d131-afb9-4343-ad4e-aaebde613043: shutdown LeaderElection
2019-10-18 13:01:53,967 [c124d131-afb9-4343-ad4e-aaebde613043@group-FF4202234884-LeaderElection305] INFO  impl.RoleInfo (RoleInfo.java:updateAndGet(143)) - c124d131-afb9-4343-ad4e-aaebde613043: start FollowerState
2019-10-18 13:01:53,988 [018b3f78-d19f-4e26-a796-cb8ddc4f97cf@group-187684C21557-LeaderElection304] INFO  impl.LeaderElection (LeaderElection.java:askForVotes(178)) - 018b3f78-d19f-4e26-a796-cb8ddc4f97cf@group-187684C21557-LeaderElection304: begin an election at term 177 for -1: [893cf03e-f2cf-478a-892a-a746717e50e3:192.168.34.56:40750, 8697df36-98d2-41b1-bdc7-60597b3b5526:192.168.34.56:46415, 018b3f78-d19f-4e26-a796-cb8ddc4f97cf:192.168.34.56:35845], old=null
2019-10-18 13:01:53,989 [grpc-default-executor-7] INFO  impl.RaftServerImpl (RaftServerImpl.java:setRole(184)) - 893cf03e-f2cf-478a-892a-a746717e50e3@group-187684C21557: changes role from  FOLLOWER to FOLLOWER at term 177 for recognizeCandidate:018b3f78-d19f-4e26-a796-cb8ddc4f97cf
2019-10-18 13:01:53,989 [grpc-default-executor-7] INFO  impl.RoleInfo (RoleInfo.java:shutdownFollowerState(121)) - 893cf03e-f2cf-478a-892a-a746717e50e3: shutdown FollowerState
2019-10-18 13:01:53,989 [grpc-default-executor-7] INFO  impl.RoleInfo (RoleInfo.java:updateAndGet(143)) - 893cf03e-f2cf-478a-892a-a746717e50e3: start FollowerState
2019-10-18 13:01:53,989 [Thread-2556] INFO  impl.FollowerState (FollowerState.java:run(117)) - 893cf03e-f2cf-478a-892a-a746717e50e3@group-187684C21557-FollowerState was interrupted: java.lang.InterruptedException: sleep interrupted
2019-10-18 13:01:53,989 [grpc-default-executor-2] INFO  impl.RaftServerImpl (RaftServerImpl.java:setRole(184)) - 8697df36-98d2-41b1-bdc7-60597b3b5526@group-187684C21557: changes role from  FOLLOWER to FOLLOWER at term 177 for recognizeCandidate:018b3f78-d19f-4e26-a796-cb8ddc4f97cf
2019-10-18 13:01:53,989 [grpc-default-executor-2] INFO  impl.RoleInfo (RoleInfo.java:shutdownFollowerState(121)) - 8697df36-98d2-41b1-bdc7-60597b3b5526: shutdown FollowerState
2019-10-18 13:01:53,990 [Thread-2557] INFO  impl.FollowerState (FollowerState.java:run(117)) - 8697df36-98d2-41b1-bdc7-60597b3b5526@group-187684C21557-FollowerState was interrupted: java.lang.InterruptedException: sleep interrupted
2019-10-18 13:01:53,990 [grpc-default-executor-2] INFO  impl.RoleInfo (RoleInfo.java:updateAndGet(143)) - 8697df36-98d2-41b1-bdc7-60597b3b5526: start FollowerState
2019-10-18 13:01:54,050 [018b3f78-d19f-4e26-a796-cb8ddc4f97cf@group-187684C21557-LeaderElection304] INFO  impl.LeaderElection (LeaderElection.java:logAndReturn(56)) - 018b3f78-d19f-4e26-a796-cb8ddc4f97cf@group-187684C21557-LeaderElection304: Election REJECTED; received 2 response(s) [018b3f78-d19f-4e26-a796-cb8ddc4f97cf<-893cf03e-f2cf-478a-892a-a746717e50e3#0:FAIL-t177, 018b3f78-d19f-4e26-a796-cb8ddc4f97cf<-8697df36-98d2-41b1-bdc7-60597b3b5526#0:FAIL-t177] and 0 exception(s); 018b3f78-d19f-4e26-a796-cb8ddc4f97cf@group-187684C21557:t177, leader=null, voted=018b3f78-d19f-4e26-a796-cb8ddc4f97cf, raftlog=018b3f78-d19f-4e26-a796-cb8ddc4f97cf@group-187684C21557-SegmentedRaftLog:OPENED:c-1,f-1,i0, conf=-1: [893cf03e-f2cf-478a-892a-a746717e50e3:192.168.34.56:40750, 8697df36-98d2-41b1-bdc7-60597b3b5526:192.168.34.56:46415, 018b3f78-d19f-4e26-a796-cb8ddc4f97cf:192.168.34.56:35845], old=null
2019-10-18 13:01:54,051 [018b3f78-d19f-4e26-a796-cb8ddc4f97cf@group-187684C21557-LeaderElection304] INFO  impl.RaftServerImpl (RaftServerImpl.java:setRole(184)) - 018b3f78-d19f-4e26-a796-cb8ddc4f97cf@group-187684C21557: changes role from CANDIDATE to FOLLOWER at term 177 for DISCOVERED_A_NEW_TERM
2019-10-18 13:01:54,051 [018b3f78-d19f-4e26-a796-cb8ddc4f97cf@group-187684C21557-LeaderElection304] INFO  impl.RoleInfo (RoleInfo.java:shutdownLeaderElection(134)) - 018b3f78-d19f-4e26-a796-cb8ddc4f97cf: shutdown LeaderElection
2019-10-18 13:01:54,051 [018b3f78-d19f-4e26-a796-cb8ddc4f97cf@group-187684C21557-LeaderElection304] INFO  impl.RoleInfo (RoleInfo.java:updateAndGet(143)) - 018b3f78-d19f-4e26-a796-cb8ddc4f97cf: start FollowerState
2019-10-18 13:01:54,081 [Thread-2565] INFO  impl.FollowerState (FollowerState.java:run(108)) - 018b3f78-d19f-4e26-a796-cb8ddc4f97cf@group-187684C21557-FollowerState: change to CANDIDATE, lastRpcTime:30ms, electionTimeout:30ms
2019-10-18 13:01:54,081 [Thread-2565] INFO  impl.RoleInfo (RoleInfo.java:shutdownFollowerState(121)) - 018b3f78-d19f-4e26-a796-cb8ddc4f97cf: shutdown FollowerState
2019-10-18 13:01:54,082 [Thread-2565] INFO  impl.RaftServerImpl (RaftServerImpl.java:setRole(184)) - 018b3f78-d19f-4e26-a796-cb8ddc4f97cf@group-187684C21557: changes role from  FOLLOWER to CANDIDATE at term 177 for changeToCandidate
2019-10-18 13:01:54,082 [Thread-2565] INFO  impl.RoleInfo (RoleInfo.java:updateAndGet(143)) - 018b3f78-d19f-4e26-a796-cb8ddc4f97cf: start LeaderElection
2019-10-18 13:01:54,105 [018b3f78-d19f-4e26-a796-cb8ddc4f97cf@group-187684C21557-LeaderElection306] INFO  impl.LeaderElection (LeaderElection.java:askForVotes(178)) - 018b3f78-d19f-4e26-a796-cb8ddc4f97cf@group-187684C21557-LeaderElection306: begin an election at term 178 for -1: [893cf03e-f2cf-478a-892a-a746717e50e3:192.168.34.56:40750, 8697df36-98d2-41b1-bdc7-60597b3b5526:192.168.34.56:46415, 018b3f78-d19f-4e26-a796-cb8ddc4f97cf:192.168.34.56:35845], old=null
2019-10-18 13:01:54,107 [grpc-default-executor-7] INFO  impl.RaftServerImpl (RaftServerImpl.java:setRole(184)) - 893cf03e-f2cf-478a-892a-a746717e50e3@group-187684C21557: changes role from  FOLLOWER to FOLLOWER at term 178 for recognizeCandidate:018b3f78-d19f-4e26-a796-cb8ddc4f97cf
2019-10-18 13:01:54,107 [grpc-default-executor-2] INFO  impl.RaftServerImpl (RaftServerImpl.java:setRole(184)) - 8697df36-98d2-41b1-bdc7-60597b3b5526@group-187684C21557: changes role from  FOLLOWER to FOLLOWER at term 178 for recognizeCandidate:018b3f78-d19f-4e26-a796-cb8ddc4f97cf
2019-10-18 13:01:54,107 [grpc-default-executor-7] INFO  impl.RoleInfo (RoleInfo.java:shutdownFollowerState(121)) - 893cf03e-f2cf-478a-892a-a746717e50e3: shutdown FollowerState
2019-10-18 13:01:54,107 [grpc-default-executor-2] INFO  impl.RoleInfo (RoleInfo.java:shutdownFollowerState(121)) - 8697df36-98d2-41b1-bdc7-60597b3b5526: shutdown FollowerState
2019-10-18 13:01:54,107 [Thread-2563] INFO  impl.FollowerState (FollowerState.java:run(117)) - 893cf03e-f2cf-478a-892a-a746717e50e3@group-187684C21557-FollowerState was interrupted: java.lang.InterruptedException: sleep interrupted
2019-10-18 13:01:54,108 [Thread-2564] INFO  impl.FollowerState (FollowerState.java:run(117)) - 8697df36-98d2-41b1-bdc7-60597b3b5526@group-187684C21557-FollowerState was interrupted: java.lang.InterruptedException: sleep interrupted
2019-10-18 13:01:54,107 [grpc-default-executor-7] INFO  impl.RoleInfo (RoleInfo.java:updateAndGet(143)) - 893cf03e-f2cf-478a-892a-a746717e50e3: start FollowerState
2019-10-18 13:01:54,108 [grpc-default-executor-2] INFO  impl.RoleInfo (RoleInfo.java:updateAndGet(143)) - 8697df36-98d2-41b1-bdc7-60597b3b5526: start FollowerState
2019-10-18 13:01:54,132 [018b3f78-d19f-4e26-a796-cb8ddc4f97cf@group-187684C21557-LeaderElection306] INFO  impl.LeaderElection (LeaderElection.java:logAndReturn(56)) - 018b3f78-d19f-4e26-a796-cb8ddc4f97cf@group-187684C21557-LeaderElection306: Election REJECTED; received 2 response(s) [018b3f78-d19f-4e26-a796-cb8ddc4f97cf<-893cf03e-f2cf-478a-892a-a746717e50e3#0:FAIL-t178, 018b3f78-d19f-4e26-a796-cb8ddc4f97cf<-8697df36-98d2-41b1-bdc7-60597b3b5526#0:FAIL-t178] and 0 exception(s); 018b3f78-d19f-4e26-a796-cb8ddc4f97cf@group-187684C21557:t178, leader=null, voted=018b3f78-d19f-4e26-a796-cb8ddc4f97cf, raftlog=018b3f78-d19f-4e26-a796-cb8ddc4f97cf@group-187684C21557-SegmentedRaftLog:OPENED:c-1,f-1,i0, conf=-1: [893cf03e-f2cf-478a-892a-a746717e50e3:192.168.34.56:40750, 8697df36-98d2-41b1-bdc7-60597b3b5526:192.168.34.56:46415, 018b3f78-d19f-4e26-a796-cb8ddc4f97cf:192.168.34.56:35845], old=null
2019-10-18 13:01:54,132 [018b3f78-d19f-4e26-a796-cb8ddc4f97cf@group-187684C21557-LeaderElection306] INFO  impl.RaftServerImpl (RaftServerImpl.java:setRole(184)) - 018b3f78-d19f-4e26-a796-cb8ddc4f97cf@group-187684C21557: changes role from CANDIDATE to FOLLOWER at term 178 for DISCOVERED_A_NEW_TERM
2019-10-18 13:01:54,132 [018b3f78-d19f-4e26-a796-cb8ddc4f97cf@group-187684C21557-LeaderElection306] INFO  impl.RoleInfo (RoleInfo.java:shutdownLeaderElection(134)) - 018b3f78-d19f-4e26-a796-cb8ddc4f97cf: shutdown LeaderElection
2019-10-18 13:01:54,132 [018b3f78-d19f-4e26-a796-cb8ddc4f97cf@group-187684C21557-LeaderElection306] INFO  impl.RoleInfo (RoleInfo.java:updateAndGet(143)) - 018b3f78-d19f-4e26-a796-cb8ddc4f97cf: start FollowerState
2019-10-18 13:01:54,162 [Thread-2560] INFO  impl.FollowerState (FollowerState.java:run(108)) - c124d131-afb9-4343-ad4e-aaebde613043@group-FF4202234884-FollowerState: change to CANDIDATE, lastRpcTime:195ms, electionTimeout:195ms
2019-10-18 13:01:54,162 [Thread-2560] INFO  impl.RoleInfo (RoleInfo.java:shutdownFollowerState(121)) - c124d131-afb9-4343-ad4e-aaebde613043: shutdown FollowerState
2019-10-18 13:01:54,162 [Thread-2560] INFO  impl.RaftServerImpl (RaftServerImpl.java:setRole(184)) - c124d131-afb9-4343-ad4e-aaebde613043@group-FF4202234884: changes role from  FOLLOWER to CANDIDATE at term 166 for changeToCandidate
2019-10-18 13:01:54,162 [Thread-2560] INFO  impl.RoleInfo (RoleInfo.java:updateAndGet(143)) - c124d131-afb9-4343-ad4e-aaebde613043: start LeaderElection
2019-10-18 13:01:54,199 [c124d131-afb9-4343-ad4e-aaebde613043@group-FF4202234884-LeaderElection307] INFO  impl.LeaderElection (LeaderElection.java:askForVotes(178)) - c124d131-afb9-4343-ad4e-aaebde613043@group-FF4202234884-LeaderElection307: begin an election at term 167 for -1: [999343e7-0330-4874-a345-91eca72585e0:192.168.34.56:44872, c124d131-afb9-4343-ad4e-aaebde613043:192.168.34.56:42116, e5bb327f-cdd7-4e49-919e-13a4c895fddf:192.168.34.56:36658], old=null
2019-10-18 13:01:54,199 [c124d131-afb9-4343-ad4e-aaebde613043@group-FF4202234884-LeaderElection307] INFO  impl.LeaderElection (LogUtils.java:infoOrTrace(149)) - c124d131-afb9-4343-ad4e-aaebde613043@group-FF4202234884-LeaderElection307 got exception when requesting votes: {}
java.util.concurrent.ExecutionException: org.apache.ratis.thirdparty.io.grpc.StatusRuntimeException: UNAVAILABLE: io exception
	at java.util.concurrent.FutureTask.report(FutureTask.java:122)
	at java.util.concurrent.FutureTask.get(FutureTask.java:192)
	at org.apache.ratis.server.impl.LeaderElection.waitForResults(LeaderElection.java:259)
	at org.apache.ratis.server.impl.LeaderElection.askForVotes(LeaderElection.java:197)
	at org.apache.ratis.server.impl.LeaderElection.run(LeaderElection.java:133)
	at java.lang.Thread.run(Thread.java:748)
Caused by: org.apache.ratis.thirdparty.io.grpc.StatusRuntimeException: UNAVAILABLE: io exception
	at org.apache.ratis.thirdparty.io.grpc.stub.ClientCalls.toStatusRuntimeException(ClientCalls.java:233)
	at org.apache.ratis.thirdparty.io.grpc.stub.ClientCalls.getUnchecked(ClientCalls.java:214)
	at org.apache.ratis.thirdparty.io.grpc.stub.ClientCalls.blockingUnaryCall(ClientCalls.java:139)
	at org.apache.ratis.proto.grpc.RaftServerProtocolServiceGrpc$RaftServerProtocolServiceBlockingStub.requestVote(RaftServerProtocolServiceGrpc.java:265)
	at org.apache.ratis.grpc.server.GrpcServerProtocolClient.requestVote(GrpcServerProtocolClient.java:99)
	at org.apache.ratis.grpc.server.GrpcService.requestVote(GrpcService.java:204)
	at org.apache.ratis.server.impl.LeaderElection.lambda$submitRequests$1(LeaderElection.java:234)
	at java.util.concurrent.FutureTask.run(FutureTask.java:266)
	at java.util.concurrent.Executors$RunnableAdapter.call(Executors.java:511)
	at java.util.concurrent.FutureTask.run(FutureTask.java:266)
	at java.util.concurrent.ThreadPoolExecutor.runWorker(ThreadPoolExecutor.java:1149)
	at java.util.concurrent.ThreadPoolExecutor$Worker.run(ThreadPoolExecutor.java:624)
	... 1 more
Caused by: org.apache.ratis.thirdparty.io.netty.channel.AbstractChannel$AnnotatedConnectException: Connection refused: /192.168.34.56:44872
	at sun.nio.ch.SocketChannelImpl.checkConnect(Native Method)
	at sun.nio.ch.SocketChannelImpl.finishConnect(SocketChannelImpl.java:717)
	at org.apache.ratis.thirdparty.io.netty.channel.socket.nio.NioSocketChannel.doFinishConnect(NioSocketChannel.java:327)
	at org.apache.ratis.thirdparty.io.netty.channel.nio.AbstractNioChannel$AbstractNioUnsafe.finishConnect(AbstractNioChannel.java:340)
	at org.apache.ratis.thirdparty.io.netty.channel.nio.NioEventLoop.processSelectedKey(NioEventLoop.java:632)
	at org.apache.ratis.thirdparty.io.netty.channel.nio.NioEventLoop.processSelectedKeysOptimized(NioEventLoop.java:579)
	at org.apache.ratis.thirdparty.io.netty.channel.nio.NioEventLoop.processSelectedKeys(NioEventLoop.java:496)
	at org.apache.ratis.thirdparty.io.netty.channel.nio.NioEventLoop.run(NioEventLoop.java:458)
	at org.apache.ratis.thirdparty.io.netty.util.concurrent.SingleThreadEventExecutor$5.run(SingleThreadEventExecutor.java:897)
	at org.apache.ratis.thirdparty.io.netty.util.concurrent.FastThreadLocalRunnable.run(FastThreadLocalRunnable.java:30)
	... 1 more
Caused by: java.net.ConnectException: Connection refused
	... 11 more
2019-10-18 13:01:54,200 [c124d131-afb9-4343-ad4e-aaebde613043@group-FF4202234884-LeaderElection307] INFO  impl.LeaderElection (LogUtils.java:infoOrTrace(149)) - c124d131-afb9-4343-ad4e-aaebde613043@group-FF4202234884-LeaderElection307 got exception when requesting votes: {}
java.util.concurrent.ExecutionException: org.apache.ratis.thirdparty.io.grpc.StatusRuntimeException: UNAVAILABLE: io exception
	at java.util.concurrent.FutureTask.report(FutureTask.java:122)
	at java.util.concurrent.FutureTask.get(FutureTask.java:192)
	at org.apache.ratis.server.impl.LeaderElection.waitForResults(LeaderElection.java:259)
	at org.apache.ratis.server.impl.LeaderElection.askForVotes(LeaderElection.java:197)
	at org.apache.ratis.server.impl.LeaderElection.run(LeaderElection.java:133)
	at java.lang.Thread.run(Thread.java:748)
Caused by: org.apache.ratis.thirdparty.io.grpc.StatusRuntimeException: UNAVAILABLE: io exception
	at org.apache.ratis.thirdparty.io.grpc.stub.ClientCalls.toStatusRuntimeException(ClientCalls.java:233)
	at org.apache.ratis.thirdparty.io.grpc.stub.ClientCalls.getUnchecked(ClientCalls.java:214)
	at org.apache.ratis.thirdparty.io.grpc.stub.ClientCalls.blockingUnaryCall(ClientCalls.java:139)
	at org.apache.ratis.proto.grpc.RaftServerProtocolServiceGrpc$RaftServerProtocolServiceBlockingStub.requestVote(RaftServerProtocolServiceGrpc.java:265)
	at org.apache.ratis.grpc.server.GrpcServerProtocolClient.requestVote(GrpcServerProtocolClient.java:99)
	at org.apache.ratis.grpc.server.GrpcService.requestVote(GrpcService.java:204)
	at org.apache.ratis.server.impl.LeaderElection.lambda$submitRequests$1(LeaderElection.java:234)
	at java.util.concurrent.FutureTask.run(FutureTask.java:266)
	at java.util.concurrent.Executors$RunnableAdapter.call(Executors.java:511)
	at java.util.concurrent.FutureTask.run(FutureTask.java:266)
	at java.util.concurrent.ThreadPoolExecutor.runWorker(ThreadPoolExecutor.java:1149)
	at java.util.concurrent.ThreadPoolExecutor$Worker.run(ThreadPoolExecutor.java:624)
	... 1 more
Caused by: org.apache.ratis.thirdparty.io.netty.channel.AbstractChannel$AnnotatedConnectException: Connection refused: /192.168.34.56:36658
	at sun.nio.ch.SocketChannelImpl.checkConnect(Native Method)
	at sun.nio.ch.SocketChannelImpl.finishConnect(SocketChannelImpl.java:717)
	at org.apache.ratis.thirdparty.io.netty.channel.socket.nio.NioSocketChannel.doFinishConnect(NioSocketChannel.java:327)
	at org.apache.ratis.thirdparty.io.netty.channel.nio.AbstractNioChannel$AbstractNioUnsafe.finishConnect(AbstractNioChannel.java:340)
	at org.apache.ratis.thirdparty.io.netty.channel.nio.NioEventLoop.processSelectedKey(NioEventLoop.java:632)
	at org.apache.ratis.thirdparty.io.netty.channel.nio.NioEventLoop.processSelectedKeysOptimized(NioEventLoop.java:579)
	at org.apache.ratis.thirdparty.io.netty.channel.nio.NioEventLoop.processSelectedKeys(NioEventLoop.java:496)
	at org.apache.ratis.thirdparty.io.netty.channel.nio.NioEventLoop.run(NioEventLoop.java:458)
	at org.apache.ratis.thirdparty.io.netty.util.concurrent.SingleThreadEventExecutor$5.run(SingleThreadEventExecutor.java:897)
	at org.apache.ratis.thirdparty.io.netty.util.concurrent.FastThreadLocalRunnable.run(FastThreadLocalRunnable.java:30)
	... 1 more
Caused by: java.net.ConnectException: Connection refused
	... 11 more
2019-10-18 13:01:54,200 [c124d131-afb9-4343-ad4e-aaebde613043@group-FF4202234884-LeaderElection307] INFO  impl.LeaderElection (LeaderElection.java:logAndReturn(56)) - c124d131-afb9-4343-ad4e-aaebde613043@group-FF4202234884-LeaderElection307: Election REJECTED; received 0 response(s) [] and 2 exception(s); c124d131-afb9-4343-ad4e-aaebde613043@group-FF4202234884:t167, leader=null, voted=c124d131-afb9-4343-ad4e-aaebde613043, raftlog=c124d131-afb9-4343-ad4e-aaebde613043@group-FF4202234884-SegmentedRaftLog:OPENED:c-1,f-1,i0, conf=-1: [999343e7-0330-4874-a345-91eca72585e0:192.168.34.56:44872, c124d131-afb9-4343-ad4e-aaebde613043:192.168.34.56:42116, e5bb327f-cdd7-4e49-919e-13a4c895fddf:192.168.34.56:36658], old=null
2019-10-18 13:01:54,200 [c124d131-afb9-4343-ad4e-aaebde613043@group-FF4202234884-LeaderElection307] INFO  impl.LeaderElection (LogUtils.java:infoOrTrace(149)) -   Exception 0: {}
java.util.concurrent.ExecutionException: org.apache.ratis.thirdparty.io.grpc.StatusRuntimeException: UNAVAILABLE: io exception
	at java.util.concurrent.FutureTask.report(FutureTask.java:122)
	at java.util.concurrent.FutureTask.get(FutureTask.java:192)
	at org.apache.ratis.server.impl.LeaderElection.waitForResults(LeaderElection.java:259)
	at org.apache.ratis.server.impl.LeaderElection.askForVotes(LeaderElection.java:197)
	at org.apache.ratis.server.impl.LeaderElection.run(LeaderElection.java:133)
	at java.lang.Thread.run(Thread.java:748)
Caused by: org.apache.ratis.thirdparty.io.grpc.StatusRuntimeException: UNAVAILABLE: io exception
	at org.apache.ratis.thirdparty.io.grpc.stub.ClientCalls.toStatusRuntimeException(ClientCalls.java:233)
	at org.apache.ratis.thirdparty.io.grpc.stub.ClientCalls.getUnchecked(ClientCalls.java:214)
	at org.apache.ratis.thirdparty.io.grpc.stub.ClientCalls.blockingUnaryCall(ClientCalls.java:139)
	at org.apache.ratis.proto.grpc.RaftServerProtocolServiceGrpc$RaftServerProtocolServiceBlockingStub.requestVote(RaftServerProtocolServiceGrpc.java:265)
	at org.apache.ratis.grpc.server.GrpcServerProtocolClient.requestVote(GrpcServerProtocolClient.java:99)
	at org.apache.ratis.grpc.server.GrpcService.requestVote(GrpcService.java:204)
	at org.apache.ratis.server.impl.LeaderElection.lambda$submitRequests$1(LeaderElection.java:234)
	at java.util.concurrent.FutureTask.run(FutureTask.java:266)
	at java.util.concurrent.Executors$RunnableAdapter.call(Executors.java:511)
	at java.util.concurrent.FutureTask.run(FutureTask.java:266)
	at java.util.concurrent.ThreadPoolExecutor.runWorker(ThreadPoolExecutor.java:1149)
	at java.util.concurrent.ThreadPoolExecutor$Worker.run(ThreadPoolExecutor.java:624)
	... 1 more
Caused by: org.apache.ratis.thirdparty.io.netty.channel.AbstractChannel$AnnotatedConnectException: Connection refused: /192.168.34.56:44872
	at sun.nio.ch.SocketChannelImpl.checkConnect(Native Method)
	at sun.nio.ch.SocketChannelImpl.finishConnect(SocketChannelImpl.java:717)
	at org.apache.ratis.thirdparty.io.netty.channel.socket.nio.NioSocketChannel.doFinishConnect(NioSocketChannel.java:327)
	at org.apache.ratis.thirdparty.io.netty.channel.nio.AbstractNioChannel$AbstractNioUnsafe.finishConnect(AbstractNioChannel.java:340)
	at org.apache.ratis.thirdparty.io.netty.channel.nio.NioEventLoop.processSelectedKey(NioEventLoop.java:632)
	at org.apache.ratis.thirdparty.io.netty.channel.nio.NioEventLoop.processSelectedKeysOptimized(NioEventLoop.java:579)
	at org.apache.ratis.thirdparty.io.netty.channel.nio.NioEventLoop.processSelectedKeys(NioEventLoop.java:496)
	at org.apache.ratis.thirdparty.io.netty.channel.nio.NioEventLoop.run(NioEventLoop.java:458)
	at org.apache.ratis.thirdparty.io.netty.util.concurrent.SingleThreadEventExecutor$5.run(SingleThreadEventExecutor.java:897)
	at org.apache.ratis.thirdparty.io.netty.util.concurrent.FastThreadLocalRunnable.run(FastThreadLocalRunnable.java:30)
	... 1 more
Caused by: java.net.ConnectException: Connection refused
	... 11 more
2019-10-18 13:01:54,201 [c124d131-afb9-4343-ad4e-aaebde613043@group-FF4202234884-LeaderElection307] INFO  impl.LeaderElection (LogUtils.java:infoOrTrace(149)) -   Exception 1: {}
java.util.concurrent.ExecutionException: org.apache.ratis.thirdparty.io.grpc.StatusRuntimeException: UNAVAILABLE: io exception
	at java.util.concurrent.FutureTask.report(FutureTask.java:122)
	at java.util.concurrent.FutureTask.get(FutureTask.java:192)
	at org.apache.ratis.server.impl.LeaderElection.waitForResults(LeaderElection.java:259)
	at org.apache.ratis.server.impl.LeaderElection.askForVotes(LeaderElection.java:197)
	at org.apache.ratis.server.impl.LeaderElection.run(LeaderElection.java:133)
	at java.lang.Thread.run(Thread.java:748)
Caused by: org.apache.ratis.thirdparty.io.grpc.StatusRuntimeException: UNAVAILABLE: io exception
	at org.apache.ratis.thirdparty.io.grpc.stub.ClientCalls.toStatusRuntimeException(ClientCalls.java:233)
	at org.apache.ratis.thirdparty.io.grpc.stub.ClientCalls.getUnchecked(ClientCalls.java:214)
	at org.apache.ratis.thirdparty.io.grpc.stub.ClientCalls.blockingUnaryCall(ClientCalls.java:139)
	at org.apache.ratis.proto.grpc.RaftServerProtocolServiceGrpc$RaftServerProtocolServiceBlockingStub.requestVote(RaftServerProtocolServiceGrpc.java:265)
	at org.apache.ratis.grpc.server.GrpcServerProtocolClient.requestVote(GrpcServerProtocolClient.java:99)
	at org.apache.ratis.grpc.server.GrpcService.requestVote(GrpcService.java:204)
	at org.apache.ratis.server.impl.LeaderElection.lambda$submitRequests$1(LeaderElection.java:234)
	at java.util.concurrent.FutureTask.run(FutureTask.java:266)
	at java.util.concurrent.Executors$RunnableAdapter.call(Executors.java:511)
	at java.util.concurrent.FutureTask.run(FutureTask.java:266)
	at java.util.concurrent.ThreadPoolExecutor.runWorker(ThreadPoolExecutor.java:1149)
	at java.util.concurrent.ThreadPoolExecutor$Worker.run(ThreadPoolExecutor.java:624)
	... 1 more
Caused by: org.apache.ratis.thirdparty.io.netty.channel.AbstractChannel$AnnotatedConnectException: Connection refused: /192.168.34.56:36658
	at sun.nio.ch.SocketChannelImpl.checkConnect(Native Method)
	at sun.nio.ch.SocketChannelImpl.finishConnect(SocketChannelImpl.java:717)
	at org.apache.ratis.thirdparty.io.netty.channel.socket.nio.NioSocketChannel.doFinishConnect(NioSocketChannel.java:327)
	at org.apache.ratis.thirdparty.io.netty.channel.nio.AbstractNioChannel$AbstractNioUnsafe.finishConnect(AbstractNioChannel.java:340)
	at org.apache.ratis.thirdparty.io.netty.channel.nio.NioEventLoop.processSelectedKey(NioEventLoop.java:632)
	at org.apache.ratis.thirdparty.io.netty.channel.nio.NioEventLoop.processSelectedKeysOptimized(NioEventLoop.java:579)
	at org.apache.ratis.thirdparty.io.netty.channel.nio.NioEventLoop.processSelectedKeys(NioEventLoop.java:496)
	at org.apache.ratis.thirdparty.io.netty.channel.nio.NioEventLoop.run(NioEventLoop.java:458)
	at org.apache.ratis.thirdparty.io.netty.util.concurrent.SingleThreadEventExecutor$5.run(SingleThreadEventExecutor.java:897)
	at org.apache.ratis.thirdparty.io.netty.util.concurrent.FastThreadLocalRunnable.run(FastThreadLocalRunnable.java:30)
	... 1 more
Caused by: java.net.ConnectException: Connection refused
	... 11 more
2019-10-18 13:01:54,201 [c124d131-afb9-4343-ad4e-aaebde613043@group-FF4202234884-LeaderElection307] INFO  impl.RaftServerImpl (RaftServerImpl.java:setRole(184)) - c124d131-afb9-4343-ad4e-aaebde613043@group-FF4202234884: changes role from CANDIDATE to FOLLOWER at term 167 for DISCOVERED_A_NEW_TERM
2019-10-18 13:01:54,201 [c124d131-afb9-4343-ad4e-aaebde613043@group-FF4202234884-LeaderElection307] INFO  impl.RoleInfo (RoleInfo.java:shutdownLeaderElection(134)) - c124d131-afb9-4343-ad4e-aaebde613043: shutdown LeaderElection
2019-10-18 13:01:54,201 [c124d131-afb9-4343-ad4e-aaebde613043@group-FF4202234884-LeaderElection307] INFO  impl.RoleInfo (RoleInfo.java:updateAndGet(143)) - c124d131-afb9-4343-ad4e-aaebde613043: start FollowerState
2019-10-18 13:01:54,216 [Thread-2571] INFO  impl.FollowerState (FollowerState.java:run(108)) - 018b3f78-d19f-4e26-a796-cb8ddc4f97cf@group-187684C21557-FollowerState: change to CANDIDATE, lastRpcTime:84ms, electionTimeout:84ms
2019-10-18 13:01:54,217 [Thread-2571] INFO  impl.RoleInfo (RoleInfo.java:shutdownFollowerState(121)) - 018b3f78-d19f-4e26-a796-cb8ddc4f97cf: shutdown FollowerState
2019-10-18 13:01:54,217 [Thread-2571] INFO  impl.RaftServerImpl (RaftServerImpl.java:setRole(184)) - 018b3f78-d19f-4e26-a796-cb8ddc4f97cf@group-187684C21557: changes role from  FOLLOWER to CANDIDATE at term 178 for changeToCandidate
2019-10-18 13:01:54,217 [Thread-2571] INFO  impl.RoleInfo (RoleInfo.java:updateAndGet(143)) - 018b3f78-d19f-4e26-a796-cb8ddc4f97cf: start LeaderElection
2019-10-18 13:01:54,270 [018b3f78-d19f-4e26-a796-cb8ddc4f97cf@group-187684C21557-LeaderElection308] INFO  impl.LeaderElection (LeaderElection.java:askForVotes(178)) - 018b3f78-d19f-4e26-a796-cb8ddc4f97cf@group-187684C21557-LeaderElection308: begin an election at term 179 for -1: [893cf03e-f2cf-478a-892a-a746717e50e3:192.168.34.56:40750, 8697df36-98d2-41b1-bdc7-60597b3b5526:192.168.34.56:46415, 018b3f78-d19f-4e26-a796-cb8ddc4f97cf:192.168.34.56:35845], old=null
2019-10-18 13:01:54,272 [grpc-default-executor-2] INFO  impl.RaftServerImpl (RaftServerImpl.java:setRole(184)) - 8697df36-98d2-41b1-bdc7-60597b3b5526@group-187684C21557: changes role from  FOLLOWER to FOLLOWER at term 179 for recognizeCandidate:018b3f78-d19f-4e26-a796-cb8ddc4f97cf
2019-10-18 13:01:54,272 [grpc-default-executor-7] INFO  impl.RaftServerImpl (RaftServerImpl.java:setRole(184)) - 893cf03e-f2cf-478a-892a-a746717e50e3@group-187684C21557: changes role from  FOLLOWER to FOLLOWER at term 179 for recognizeCandidate:018b3f78-d19f-4e26-a796-cb8ddc4f97cf
2019-10-18 13:01:54,273 [grpc-default-executor-7] INFO  impl.RoleInfo (RoleInfo.java:shutdownFollowerState(121)) - 893cf03e-f2cf-478a-892a-a746717e50e3: shutdown FollowerState
2019-10-18 13:01:54,272 [grpc-default-executor-2] INFO  impl.RoleInfo (RoleInfo.java:shutdownFollowerState(121)) - 8697df36-98d2-41b1-bdc7-60597b3b5526: shutdown FollowerState
2019-10-18 13:01:54,273 [Thread-2569] INFO  impl.FollowerState (FollowerState.java:run(117)) - 893cf03e-f2cf-478a-892a-a746717e50e3@group-187684C21557-FollowerState was interrupted: java.lang.InterruptedException: sleep interrupted
2019-10-18 13:01:54,273 [grpc-default-executor-7] INFO  impl.RoleInfo (RoleInfo.java:updateAndGet(143)) - 893cf03e-f2cf-478a-892a-a746717e50e3: start FollowerState
2019-10-18 13:01:54,273 [Thread-2570] INFO  impl.FollowerState (FollowerState.java:run(117)) - 8697df36-98d2-41b1-bdc7-60597b3b5526@group-187684C21557-FollowerState was interrupted: java.lang.InterruptedException: sleep interrupted
2019-10-18 13:01:54,273 [grpc-default-executor-2] INFO  impl.RoleInfo (RoleInfo.java:updateAndGet(143)) - 8697df36-98d2-41b1-bdc7-60597b3b5526: start FollowerState
2019-10-18 13:01:54,281 [018b3f78-d19f-4e26-a796-cb8ddc4f97cf@group-187684C21557-LeaderElection308] INFO  impl.LeaderElection (LeaderElection.java:logAndReturn(56)) - 018b3f78-d19f-4e26-a796-cb8ddc4f97cf@group-187684C21557-LeaderElection308: Election TIMEOUT; received 0 response(s) [] and 0 exception(s); 018b3f78-d19f-4e26-a796-cb8ddc4f97cf@group-187684C21557:t179, leader=null, voted=018b3f78-d19f-4e26-a796-cb8ddc4f97cf, raftlog=018b3f78-d19f-4e26-a796-cb8ddc4f97cf@group-187684C21557-SegmentedRaftLog:OPENED:c-1,f-1,i0, conf=-1: [893cf03e-f2cf-478a-892a-a746717e50e3:192.168.34.56:40750, 8697df36-98d2-41b1-bdc7-60597b3b5526:192.168.34.56:46415, 018b3f78-d19f-4e26-a796-cb8ddc4f97cf:192.168.34.56:35845], old=null
2019-10-18 13:01:54,354 [018b3f78-d19f-4e26-a796-cb8ddc4f97cf@group-187684C21557-LeaderElection308] INFO  impl.LeaderElection (LeaderElection.java:askForVotes(178)) - 018b3f78-d19f-4e26-a796-cb8ddc4f97cf@group-187684C21557-LeaderElection308: begin an election at term 180 for -1: [893cf03e-f2cf-478a-892a-a746717e50e3:192.168.34.56:40750, 8697df36-98d2-41b1-bdc7-60597b3b5526:192.168.34.56:46415, 018b3f78-d19f-4e26-a796-cb8ddc4f97cf:192.168.34.56:35845], old=null
2019-10-18 13:01:54,355 [grpc-default-executor-2] INFO  impl.RaftServerImpl (RaftServerImpl.java:setRole(184)) - 893cf03e-f2cf-478a-892a-a746717e50e3@group-187684C21557: changes role from  FOLLOWER to FOLLOWER at term 180 for recognizeCandidate:018b3f78-d19f-4e26-a796-cb8ddc4f97cf
2019-10-18 13:01:54,355 [grpc-default-executor-7] INFO  impl.RaftServerImpl (RaftServerImpl.java:setRole(184)) - 8697df36-98d2-41b1-bdc7-60597b3b5526@group-187684C21557: changes role from  FOLLOWER to FOLLOWER at term 180 for recognizeCandidate:018b3f78-d19f-4e26-a796-cb8ddc4f97cf
2019-10-18 13:01:54,355 [grpc-default-executor-2] INFO  impl.RoleInfo (RoleInfo.java:shutdownFollowerState(121)) - 893cf03e-f2cf-478a-892a-a746717e50e3: shutdown FollowerState
2019-10-18 13:01:54,355 [grpc-default-executor-7] INFO  impl.RoleInfo (RoleInfo.java:shutdownFollowerState(121)) - 8697df36-98d2-41b1-bdc7-60597b3b5526: shutdown FollowerState
2019-10-18 13:01:54,356 [Thread-2579] INFO  impl.FollowerState (FollowerState.java:run(117)) - 893cf03e-f2cf-478a-892a-a746717e50e3@group-187684C21557-FollowerState was interrupted: java.lang.InterruptedException: sleep interrupted
2019-10-18 13:01:54,356 [grpc-default-executor-2] INFO  impl.RoleInfo (RoleInfo.java:updateAndGet(143)) - 893cf03e-f2cf-478a-892a-a746717e50e3: start FollowerState
2019-10-18 13:01:54,356 [Thread-2580] INFO  impl.FollowerState (FollowerState.java:run(117)) - 8697df36-98d2-41b1-bdc7-60597b3b5526@group-187684C21557-FollowerState was interrupted: java.lang.InterruptedException: sleep interrupted
2019-10-18 13:01:54,356 [grpc-default-executor-7] INFO  impl.RoleInfo (RoleInfo.java:updateAndGet(143)) - 8697df36-98d2-41b1-bdc7-60597b3b5526: start FollowerState
2019-10-18 13:01:54,387 [Thread-2575] INFO  impl.FollowerState (FollowerState.java:run(108)) - c124d131-afb9-4343-ad4e-aaebde613043@group-FF4202234884-FollowerState: change to CANDIDATE, lastRpcTime:185ms, electionTimeout:185ms
2019-10-18 13:01:54,387 [Thread-2575] INFO  impl.RoleInfo (RoleInfo.java:shutdownFollowerState(121)) - c124d131-afb9-4343-ad4e-aaebde613043: shutdown FollowerState
2019-10-18 13:01:54,387 [Thread-2575] INFO  impl.RaftServerImpl (RaftServerImpl.java:setRole(184)) - c124d131-afb9-4343-ad4e-aaebde613043@group-FF4202234884: changes role from  FOLLOWER to CANDIDATE at term 167 for changeToCandidate
2019-10-18 13:01:54,387 [Thread-2575] INFO  impl.RoleInfo (RoleInfo.java:updateAndGet(143)) - c124d131-afb9-4343-ad4e-aaebde613043: start LeaderElection
2019-10-18 13:01:54,429 [018b3f78-d19f-4e26-a796-cb8ddc4f97cf@group-187684C21557-LeaderElection308] INFO  impl.LeaderElection (LeaderElection.java:logAndReturn(56)) - 018b3f78-d19f-4e26-a796-cb8ddc4f97cf@group-187684C21557-LeaderElection308: Election TIMEOUT; received 0 response(s) [] and 0 exception(s); 018b3f78-d19f-4e26-a796-cb8ddc4f97cf@group-187684C21557:t180, leader=null, voted=018b3f78-d19f-4e26-a796-cb8ddc4f97cf, raftlog=018b3f78-d19f-4e26-a796-cb8ddc4f97cf@group-187684C21557-SegmentedRaftLog:OPENED:c-1,f-1,i0, conf=-1: [893cf03e-f2cf-478a-892a-a746717e50e3:192.168.34.56:40750, 8697df36-98d2-41b1-bdc7-60597b3b5526:192.168.34.56:46415, 018b3f78-d19f-4e26-a796-cb8ddc4f97cf:192.168.34.56:35845], old=null
2019-10-18 13:01:54,485 [c124d131-afb9-4343-ad4e-aaebde613043@group-FF4202234884-LeaderElection309] INFO  impl.LeaderElection (LeaderElection.java:askForVotes(178)) - c124d131-afb9-4343-ad4e-aaebde613043@group-FF4202234884-LeaderElection309: begin an election at term 168 for -1: [999343e7-0330-4874-a345-91eca72585e0:192.168.34.56:44872, c124d131-afb9-4343-ad4e-aaebde613043:192.168.34.56:42116, e5bb327f-cdd7-4e49-919e-13a4c895fddf:192.168.34.56:36658], old=null
2019-10-18 13:01:54,486 [018b3f78-d19f-4e26-a796-cb8ddc4f97cf@group-187684C21557-LeaderElection308] INFO  impl.LeaderElection (LeaderElection.java:askForVotes(178)) - 018b3f78-d19f-4e26-a796-cb8ddc4f97cf@group-187684C21557-LeaderElection308: begin an election at term 181 for -1: [893cf03e-f2cf-478a-892a-a746717e50e3:192.168.34.56:40750, 8697df36-98d2-41b1-bdc7-60597b3b5526:192.168.34.56:46415, 018b3f78-d19f-4e26-a796-cb8ddc4f97cf:192.168.34.56:35845], old=null
2019-10-18 13:01:54,486 [c124d131-afb9-4343-ad4e-aaebde613043@group-FF4202234884-LeaderElection309] INFO  impl.LeaderElection (LogUtils.java:infoOrTrace(149)) - c124d131-afb9-4343-ad4e-aaebde613043@group-FF4202234884-LeaderElection309 got exception when requesting votes: {}
java.util.concurrent.ExecutionException: org.apache.ratis.thirdparty.io.grpc.StatusRuntimeException: UNAVAILABLE: io exception
	at java.util.concurrent.FutureTask.report(FutureTask.java:122)
	at java.util.concurrent.FutureTask.get(FutureTask.java:192)
	at org.apache.ratis.server.impl.LeaderElection.waitForResults(LeaderElection.java:259)
	at org.apache.ratis.server.impl.LeaderElection.askForVotes(LeaderElection.java:197)
	at org.apache.ratis.server.impl.LeaderElection.run(LeaderElection.java:133)
	at java.lang.Thread.run(Thread.java:748)
Caused by: org.apache.ratis.thirdparty.io.grpc.StatusRuntimeException: UNAVAILABLE: io exception
	at org.apache.ratis.thirdparty.io.grpc.stub.ClientCalls.toStatusRuntimeException(ClientCalls.java:233)
	at org.apache.ratis.thirdparty.io.grpc.stub.ClientCalls.getUnchecked(ClientCalls.java:214)
	at org.apache.ratis.thirdparty.io.grpc.stub.ClientCalls.blockingUnaryCall(ClientCalls.java:139)
	at org.apache.ratis.proto.grpc.RaftServerProtocolServiceGrpc$RaftServerProtocolServiceBlockingStub.requestVote(RaftServerProtocolServiceGrpc.java:265)
	at org.apache.ratis.grpc.server.GrpcServerProtocolClient.requestVote(GrpcServerProtocolClient.java:99)
	at org.apache.ratis.grpc.server.GrpcService.requestVote(GrpcService.java:204)
	at org.apache.ratis.server.impl.LeaderElection.lambda$submitRequests$1(LeaderElection.java:234)
	at java.util.concurrent.FutureTask.run(FutureTask.java:266)
	at java.util.concurrent.Executors$RunnableAdapter.call(Executors.java:511)
	at java.util.concurrent.FutureTask.run(FutureTask.java:266)
	at java.util.concurrent.ThreadPoolExecutor.runWorker(ThreadPoolExecutor.java:1149)
	at java.util.concurrent.ThreadPoolExecutor$Worker.run(ThreadPoolExecutor.java:624)
	... 1 more
Caused by: org.apache.ratis.thirdparty.io.netty.channel.AbstractChannel$AnnotatedConnectException: Connection refused: /192.168.34.56:44872
	at sun.nio.ch.SocketChannelImpl.checkConnect(Native Method)
	at sun.nio.ch.SocketChannelImpl.finishConnect(SocketChannelImpl.java:717)
	at org.apache.ratis.thirdparty.io.netty.channel.socket.nio.NioSocketChannel.doFinishConnect(NioSocketChannel.java:327)
	at org.apache.ratis.thirdparty.io.netty.channel.nio.AbstractNioChannel$AbstractNioUnsafe.finishConnect(AbstractNioChannel.java:340)
	at org.apache.ratis.thirdparty.io.netty.channel.nio.NioEventLoop.processSelectedKey(NioEventLoop.java:632)
	at org.apache.ratis.thirdparty.io.netty.channel.nio.NioEventLoop.processSelectedKeysOptimized(NioEventLoop.java:579)
	at org.apache.ratis.thirdparty.io.netty.channel.nio.NioEventLoop.processSelectedKeys(NioEventLoop.java:496)
	at org.apache.ratis.thirdparty.io.netty.channel.nio.NioEventLoop.run(NioEventLoop.java:458)
	at org.apache.ratis.thirdparty.io.netty.util.concurrent.SingleThreadEventExecutor$5.run(SingleThreadEventExecutor.java:897)
	at org.apache.ratis.thirdparty.io.netty.util.concurrent.FastThreadLocalRunnable.run(FastThreadLocalRunnable.java:30)
	... 1 more
Caused by: java.net.ConnectException: Connection refused
	... 11 more
2019-10-18 13:01:54,487 [c124d131-afb9-4343-ad4e-aaebde613043@group-FF4202234884-LeaderElection309] INFO  impl.LeaderElection (LogUtils.java:infoOrTrace(149)) - c124d131-afb9-4343-ad4e-aaebde613043@group-FF4202234884-LeaderElection309 got exception when requesting votes: {}
java.util.concurrent.ExecutionException: org.apache.ratis.thirdparty.io.grpc.StatusRuntimeException: UNAVAILABLE: io exception
	at java.util.concurrent.FutureTask.report(FutureTask.java:122)
	at java.util.concurrent.FutureTask.get(FutureTask.java:192)
	at org.apache.ratis.server.impl.LeaderElection.waitForResults(LeaderElection.java:259)
	at org.apache.ratis.server.impl.LeaderElection.askForVotes(LeaderElection.java:197)
	at org.apache.ratis.server.impl.LeaderElection.run(LeaderElection.java:133)
	at java.lang.Thread.run(Thread.java:748)
Caused by: org.apache.ratis.thirdparty.io.grpc.StatusRuntimeException: UNAVAILABLE: io exception
	at org.apache.ratis.thirdparty.io.grpc.stub.ClientCalls.toStatusRuntimeException(ClientCalls.java:233)
	at org.apache.ratis.thirdparty.io.grpc.stub.ClientCalls.getUnchecked(ClientCalls.java:214)
	at org.apache.ratis.thirdparty.io.grpc.stub.ClientCalls.blockingUnaryCall(ClientCalls.java:139)
	at org.apache.ratis.proto.grpc.RaftServerProtocolServiceGrpc$RaftServerProtocolServiceBlockingStub.requestVote(RaftServerProtocolServiceGrpc.java:265)
	at org.apache.ratis.grpc.server.GrpcServerProtocolClient.requestVote(GrpcServerProtocolClient.java:99)
	at org.apache.ratis.grpc.server.GrpcService.requestVote(GrpcService.java:204)
	at org.apache.ratis.server.impl.LeaderElection.lambda$submitRequests$1(LeaderElection.java:234)
	at java.util.concurrent.FutureTask.run(FutureTask.java:266)
	at java.util.concurrent.Executors$RunnableAdapter.call(Executors.java:511)
	at java.util.concurrent.FutureTask.run(FutureTask.java:266)
	at java.util.concurrent.ThreadPoolExecutor.runWorker(ThreadPoolExecutor.java:1149)
	at java.util.concurrent.ThreadPoolExecutor$Worker.run(ThreadPoolExecutor.java:624)
	... 1 more
Caused by: org.apache.ratis.thirdparty.io.netty.channel.AbstractChannel$AnnotatedConnectException: Connection refused: /192.168.34.56:36658
	at sun.nio.ch.SocketChannelImpl.checkConnect(Native Method)
	at sun.nio.ch.SocketChannelImpl.finishConnect(SocketChannelImpl.java:717)
	at org.apache.ratis.thirdparty.io.netty.channel.socket.nio.NioSocketChannel.doFinishConnect(NioSocketChannel.java:327)
	at org.apache.ratis.thirdparty.io.netty.channel.nio.AbstractNioChannel$AbstractNioUnsafe.finishConnect(AbstractNioChannel.java:340)
	at org.apache.ratis.thirdparty.io.netty.channel.nio.NioEventLoop.processSelectedKey(NioEventLoop.java:632)
	at org.apache.ratis.thirdparty.io.netty.channel.nio.NioEventLoop.processSelectedKeysOptimized(NioEventLoop.java:579)
	at org.apache.ratis.thirdparty.io.netty.channel.nio.NioEventLoop.processSelectedKeys(NioEventLoop.java:496)
	at org.apache.ratis.thirdparty.io.netty.channel.nio.NioEventLoop.run(NioEventLoop.java:458)
	at org.apache.ratis.thirdparty.io.netty.util.concurrent.SingleThreadEventExecutor$5.run(SingleThreadEventExecutor.java:897)
	at org.apache.ratis.thirdparty.io.netty.util.concurrent.FastThreadLocalRunnable.run(FastThreadLocalRunnable.java:30)
	... 1 more
Caused by: java.net.ConnectException: Connection refused
	... 11 more
2019-10-18 13:01:54,487 [c124d131-afb9-4343-ad4e-aaebde613043@group-FF4202234884-LeaderElection309] INFO  impl.LeaderElection (LeaderElection.java:logAndReturn(56)) - c124d131-afb9-4343-ad4e-aaebde613043@group-FF4202234884-LeaderElection309: Election REJECTED; received 0 response(s) [] and 2 exception(s); c124d131-afb9-4343-ad4e-aaebde613043@group-FF4202234884:t168, leader=null, voted=c124d131-afb9-4343-ad4e-aaebde613043, raftlog=c124d131-afb9-4343-ad4e-aaebde613043@group-FF4202234884-SegmentedRaftLog:OPENED:c-1,f-1,i0, conf=-1: [999343e7-0330-4874-a345-91eca72585e0:192.168.34.56:44872, c124d131-afb9-4343-ad4e-aaebde613043:192.168.34.56:42116, e5bb327f-cdd7-4e49-919e-13a4c895fddf:192.168.34.56:36658], old=null
2019-10-18 13:01:54,487 [c124d131-afb9-4343-ad4e-aaebde613043@group-FF4202234884-LeaderElection309] INFO  impl.LeaderElection (LogUtils.java:infoOrTrace(149)) -   Exception 0: {}
java.util.concurrent.ExecutionException: org.apache.ratis.thirdparty.io.grpc.StatusRuntimeException: UNAVAILABLE: io exception
	at java.util.concurrent.FutureTask.report(FutureTask.java:122)
	at java.util.concurrent.FutureTask.get(FutureTask.java:192)
	at org.apache.ratis.server.impl.LeaderElection.waitForResults(LeaderElection.java:259)
	at org.apache.ratis.server.impl.LeaderElection.askForVotes(LeaderElection.java:197)
	at org.apache.ratis.server.impl.LeaderElection.run(LeaderElection.java:133)
	at java.lang.Thread.run(Thread.java:748)
Caused by: org.apache.ratis.thirdparty.io.grpc.StatusRuntimeException: UNAVAILABLE: io exception
	at org.apache.ratis.thirdparty.io.grpc.stub.ClientCalls.toStatusRuntimeException(ClientCalls.java:233)
	at org.apache.ratis.thirdparty.io.grpc.stub.ClientCalls.getUnchecked(ClientCalls.java:214)
	at org.apache.ratis.thirdparty.io.grpc.stub.ClientCalls.blockingUnaryCall(ClientCalls.java:139)
	at org.apache.ratis.proto.grpc.RaftServerProtocolServiceGrpc$RaftServerProtocolServiceBlockingStub.requestVote(RaftServerProtocolServiceGrpc.java:265)
	at org.apache.ratis.grpc.server.GrpcServerProtocolClient.requestVote(GrpcServerProtocolClient.java:99)
	at org.apache.ratis.grpc.server.GrpcService.requestVote(GrpcService.java:204)
	at org.apache.ratis.server.impl.LeaderElection.lambda$submitRequests$1(LeaderElection.java:234)
	at java.util.concurrent.FutureTask.run(FutureTask.java:266)
	at java.util.concurrent.Executors$RunnableAdapter.call(Executors.java:511)
	at java.util.concurrent.FutureTask.run(FutureTask.java:266)
	at java.util.concurrent.ThreadPoolExecutor.runWorker(ThreadPoolExecutor.java:1149)
	at java.util.concurrent.ThreadPoolExecutor$Worker.run(ThreadPoolExecutor.java:624)
	... 1 more
Caused by: org.apache.ratis.thirdparty.io.netty.channel.AbstractChannel$AnnotatedConnectException: Connection refused: /192.168.34.56:44872
	at sun.nio.ch.SocketChannelImpl.checkConnect(Native Method)
	at sun.nio.ch.SocketChannelImpl.finishConnect(SocketChannelImpl.java:717)
	at org.apache.ratis.thirdparty.io.netty.channel.socket.nio.NioSocketChannel.doFinishConnect(NioSocketChannel.java:327)
	at org.apache.ratis.thirdparty.io.netty.channel.nio.AbstractNioChannel$AbstractNioUnsafe.finishConnect(AbstractNioChannel.java:340)
	at org.apache.ratis.thirdparty.io.netty.channel.nio.NioEventLoop.processSelectedKey(NioEventLoop.java:632)
	at org.apache.ratis.thirdparty.io.netty.channel.nio.NioEventLoop.processSelectedKeysOptimized(NioEventLoop.java:579)
	at org.apache.ratis.thirdparty.io.netty.channel.nio.NioEventLoop.processSelectedKeys(NioEventLoop.java:496)
	at org.apache.ratis.thirdparty.io.netty.channel.nio.NioEventLoop.run(NioEventLoop.java:458)
	at org.apache.ratis.thirdparty.io.netty.util.concurrent.SingleThreadEventExecutor$5.run(SingleThreadEventExecutor.java:897)
	at org.apache.ratis.thirdparty.io.netty.util.concurrent.FastThreadLocalRunnable.run(FastThreadLocalRunnable.java:30)
	... 1 more
Caused by: java.net.ConnectException: Connection refused
	... 11 more
2019-10-18 13:01:54,487 [c124d131-afb9-4343-ad4e-aaebde613043@group-FF4202234884-LeaderElection309] INFO  impl.LeaderElection (LogUtils.java:infoOrTrace(149)) -   Exception 1: {}
java.util.concurrent.ExecutionException: org.apache.ratis.thirdparty.io.grpc.StatusRuntimeException: UNAVAILABLE: io exception
	at java.util.concurrent.FutureTask.report(FutureTask.java:122)
	at java.util.concurrent.FutureTask.get(FutureTask.java:192)
	at org.apache.ratis.server.impl.LeaderElection.waitForResults(LeaderElection.java:259)
	at org.apache.ratis.server.impl.LeaderElection.askForVotes(LeaderElection.java:197)
	at org.apache.ratis.server.impl.LeaderElection.run(LeaderElection.java:133)
	at java.lang.Thread.run(Thread.java:748)
Caused by: org.apache.ratis.thirdparty.io.grpc.StatusRuntimeException: UNAVAILABLE: io exception
	at org.apache.ratis.thirdparty.io.grpc.stub.ClientCalls.toStatusRuntimeException(ClientCalls.java:233)
	at org.apache.ratis.thirdparty.io.grpc.stub.ClientCalls.getUnchecked(ClientCalls.java:214)
	at org.apache.ratis.thirdparty.io.grpc.stub.ClientCalls.blockingUnaryCall(ClientCalls.java:139)
	at org.apache.ratis.proto.grpc.RaftServerProtocolServiceGrpc$RaftServerProtocolServiceBlockingStub.requestVote(RaftServerProtocolServiceGrpc.java:265)
	at org.apache.ratis.grpc.server.GrpcServerProtocolClient.requestVote(GrpcServerProtocolClient.java:99)
	at org.apache.ratis.grpc.server.GrpcService.requestVote(GrpcService.java:204)
	at org.apache.ratis.server.impl.LeaderElection.lambda$submitRequests$1(LeaderElection.java:234)
	at java.util.concurrent.FutureTask.run(FutureTask.java:266)
	at java.util.concurrent.Executors$RunnableAdapter.call(Executors.java:511)
	at java.util.concurrent.FutureTask.run(FutureTask.java:266)
	at java.util.concurrent.ThreadPoolExecutor.runWorker(ThreadPoolExecutor.java:1149)
	at java.util.concurrent.ThreadPoolExecutor$Worker.run(ThreadPoolExecutor.java:624)
	... 1 more
Caused by: org.apache.ratis.thirdparty.io.netty.channel.AbstractChannel$AnnotatedConnectException: Connection refused: /192.168.34.56:36658
	at sun.nio.ch.SocketChannelImpl.checkConnect(Native Method)
	at sun.nio.ch.SocketChannelImpl.finishConnect(SocketChannelImpl.java:717)
	at org.apache.ratis.thirdparty.io.netty.channel.socket.nio.NioSocketChannel.doFinishConnect(NioSocketChannel.java:327)
	at org.apache.ratis.thirdparty.io.netty.channel.nio.AbstractNioChannel$AbstractNioUnsafe.finishConnect(AbstractNioChannel.java:340)
	at org.apache.ratis.thirdparty.io.netty.channel.nio.NioEventLoop.processSelectedKey(NioEventLoop.java:632)
	at org.apache.ratis.thirdparty.io.netty.channel.nio.NioEventLoop.processSelectedKeysOptimized(NioEventLoop.java:579)
	at org.apache.ratis.thirdparty.io.netty.channel.nio.NioEventLoop.processSelectedKeys(NioEventLoop.java:496)
	at org.apache.ratis.thirdparty.io.netty.channel.nio.NioEventLoop.run(NioEventLoop.java:458)
	at org.apache.ratis.thirdparty.io.netty.util.concurrent.SingleThreadEventExecutor$5.run(SingleThreadEventExecutor.java:897)
	at org.apache.ratis.thirdparty.io.netty.util.concurrent.FastThreadLocalRunnable.run(FastThreadLocalRunnable.java:30)
	... 1 more
Caused by: java.net.ConnectException: Connection refused
	... 11 more
2019-10-18 13:01:54,488 [grpc-default-executor-7] INFO  impl.RaftServerImpl (RaftServerImpl.java:setRole(184)) - 893cf03e-f2cf-478a-892a-a746717e50e3@group-187684C21557: changes role from  FOLLOWER to FOLLOWER at term 181 for recognizeCandidate:018b3f78-d19f-4e26-a796-cb8ddc4f97cf
2019-10-18 13:01:54,488 [c124d131-afb9-4343-ad4e-aaebde613043@group-FF4202234884-LeaderElection309] INFO  impl.RaftServerImpl (RaftServerImpl.java:setRole(184)) - c124d131-afb9-4343-ad4e-aaebde613043@group-FF4202234884: changes role from CANDIDATE to FOLLOWER at term 168 for DISCOVERED_A_NEW_TERM
2019-10-18 13:01:54,488 [c124d131-afb9-4343-ad4e-aaebde613043@group-FF4202234884-LeaderElection309] INFO  impl.RoleInfo (RoleInfo.java:shutdownLeaderElection(134)) - c124d131-afb9-4343-ad4e-aaebde613043: shutdown LeaderElection
2019-10-18 13:01:54,488 [grpc-default-executor-2] INFO  impl.RaftServerImpl (RaftServerImpl.java:setRole(184)) - 8697df36-98d2-41b1-bdc7-60597b3b5526@group-187684C21557: changes role from  FOLLOWER to FOLLOWER at term 181 for recognizeCandidate:018b3f78-d19f-4e26-a796-cb8ddc4f97cf
2019-10-18 13:01:54,488 [c124d131-afb9-4343-ad4e-aaebde613043@group-FF4202234884-LeaderElection309] INFO  impl.RoleInfo (RoleInfo.java:updateAndGet(143)) - c124d131-afb9-4343-ad4e-aaebde613043: start FollowerState
2019-10-18 13:01:54,488 [grpc-default-executor-7] INFO  impl.RoleInfo (RoleInfo.java:shutdownFollowerState(121)) - 893cf03e-f2cf-478a-892a-a746717e50e3: shutdown FollowerState
2019-10-18 13:01:54,488 [grpc-default-executor-2] INFO  impl.RoleInfo (RoleInfo.java:shutdownFollowerState(121)) - 8697df36-98d2-41b1-bdc7-60597b3b5526: shutdown FollowerState
2019-10-18 13:01:54,488 [Thread-2583] INFO  impl.FollowerState (FollowerState.java:run(117)) - 893cf03e-f2cf-478a-892a-a746717e50e3@group-187684C21557-FollowerState was interrupted: java.lang.InterruptedException: sleep interrupted
2019-10-18 13:01:54,488 [grpc-default-executor-7] INFO  impl.RoleInfo (RoleInfo.java:updateAndGet(143)) - 893cf03e-f2cf-478a-892a-a746717e50e3: start FollowerState
2019-10-18 13:01:54,488 [Thread-2584] INFO  impl.FollowerState (FollowerState.java:run(117)) - 8697df36-98d2-41b1-bdc7-60597b3b5526@group-187684C21557-FollowerState was interrupted: java.lang.InterruptedException: sleep interrupted
2019-10-18 13:01:54,488 [grpc-default-executor-2] INFO  impl.RoleInfo (RoleInfo.java:updateAndGet(143)) - 8697df36-98d2-41b1-bdc7-60597b3b5526: start FollowerState
2019-10-18 13:01:54,526 [018b3f78-d19f-4e26-a796-cb8ddc4f97cf@group-187684C21557-LeaderElection308] INFO  impl.LeaderElection (LeaderElection.java:logAndReturn(56)) - 018b3f78-d19f-4e26-a796-cb8ddc4f97cf@group-187684C21557-LeaderElection308: Election REJECTED; received 2 response(s) [018b3f78-d19f-4e26-a796-cb8ddc4f97cf<-893cf03e-f2cf-478a-892a-a746717e50e3#0:FAIL-t181, 018b3f78-d19f-4e26-a796-cb8ddc4f97cf<-8697df36-98d2-41b1-bdc7-60597b3b5526#0:FAIL-t181] and 0 exception(s); 018b3f78-d19f-4e26-a796-cb8ddc4f97cf@group-187684C21557:t181, leader=null, voted=018b3f78-d19f-4e26-a796-cb8ddc4f97cf, raftlog=018b3f78-d19f-4e26-a796-cb8ddc4f97cf@group-187684C21557-SegmentedRaftLog:OPENED:c-1,f-1,i0, conf=-1: [893cf03e-f2cf-478a-892a-a746717e50e3:192.168.34.56:40750, 8697df36-98d2-41b1-bdc7-60597b3b5526:192.168.34.56:46415, 018b3f78-d19f-4e26-a796-cb8ddc4f97cf:192.168.34.56:35845], old=null
2019-10-18 13:01:54,526 [018b3f78-d19f-4e26-a796-cb8ddc4f97cf@group-187684C21557-LeaderElection308] INFO  impl.RaftServerImpl (RaftServerImpl.java:setRole(184)) - 018b3f78-d19f-4e26-a796-cb8ddc4f97cf@group-187684C21557: changes role from CANDIDATE to FOLLOWER at term 181 for DISCOVERED_A_NEW_TERM
2019-10-18 13:01:54,526 [018b3f78-d19f-4e26-a796-cb8ddc4f97cf@group-187684C21557-LeaderElection308] INFO  impl.RoleInfo (RoleInfo.java:shutdownLeaderElection(134)) - 018b3f78-d19f-4e26-a796-cb8ddc4f97cf: shutdown LeaderElection
2019-10-18 13:01:54,526 [018b3f78-d19f-4e26-a796-cb8ddc4f97cf@group-187684C21557-LeaderElection308] INFO  impl.RoleInfo (RoleInfo.java:updateAndGet(143)) - 018b3f78-d19f-4e26-a796-cb8ddc4f97cf: start FollowerState
2019-10-18 13:01:54,661 [Thread-2590] INFO  impl.FollowerState (FollowerState.java:run(108)) - c124d131-afb9-4343-ad4e-aaebde613043@group-FF4202234884-FollowerState: change to CANDIDATE, lastRpcTime:173ms, electionTimeout:173ms
2019-10-18 13:01:54,661 [Thread-2590] INFO  impl.RoleInfo (RoleInfo.java:shutdownFollowerState(121)) - c124d131-afb9-4343-ad4e-aaebde613043: shutdown FollowerState
2019-10-18 13:01:54,662 [Thread-2590] INFO  impl.RaftServerImpl (RaftServerImpl.java:setRole(184)) - c124d131-afb9-4343-ad4e-aaebde613043@group-FF4202234884: changes role from  FOLLOWER to CANDIDATE at term 168 for changeToCandidate
2019-10-18 13:01:54,662 [Thread-2590] INFO  impl.RoleInfo (RoleInfo.java:updateAndGet(143)) - c124d131-afb9-4343-ad4e-aaebde613043: start LeaderElection
2019-10-18 13:01:54,670 [Thread-2593] INFO  impl.FollowerState (FollowerState.java:run(108)) - 018b3f78-d19f-4e26-a796-cb8ddc4f97cf@group-187684C21557-FollowerState: change to CANDIDATE, lastRpcTime:143ms, electionTimeout:143ms
2019-10-18 13:01:54,670 [Thread-2593] INFO  impl.RoleInfo (RoleInfo.java:shutdownFollowerState(121)) - 018b3f78-d19f-4e26-a796-cb8ddc4f97cf: shutdown FollowerState
2019-10-18 13:01:54,670 [Thread-2593] INFO  impl.RaftServerImpl (RaftServerImpl.java:setRole(184)) - 018b3f78-d19f-4e26-a796-cb8ddc4f97cf@group-187684C21557: changes role from  FOLLOWER to CANDIDATE at term 181 for changeToCandidate
2019-10-18 13:01:54,670 [Thread-2593] INFO  impl.RoleInfo (RoleInfo.java:updateAndGet(143)) - 018b3f78-d19f-4e26-a796-cb8ddc4f97cf: start LeaderElection
2019-10-18 13:01:54,718 [java.util.concurrent.ThreadPoolExecutor$Worker@b7e5976[State = -1, empty queue]] WARN  server.GrpcLogAppender (GrpcLogAppender.java:timeoutAppendRequest(209)) - 17618ccc-f51c-4f14-92cf-842ef2c05e35@group-08BD6F798C58->896cef04-248b-470f-8c5c-c9acb81bb157-GrpcLogAppender: appendEntries Timeout, request=17618ccc-f51c-4f14-92cf-842ef2c05e35->896cef04-248b-470f-8c5c-c9acb81bb157#75-t10, previous=(t:10, i:19), leaderCommit=19, initializing? false, entries: <empty>
2019-10-18 13:01:54,734 [c124d131-afb9-4343-ad4e-aaebde613043@group-FF4202234884-LeaderElection310] INFO  impl.LeaderElection (LeaderElection.java:askForVotes(178)) - c124d131-afb9-4343-ad4e-aaebde613043@group-FF4202234884-LeaderElection310: begin an election at term 169 for -1: [999343e7-0330-4874-a345-91eca72585e0:192.168.34.56:44872, c124d131-afb9-4343-ad4e-aaebde613043:192.168.34.56:42116, e5bb327f-cdd7-4e49-919e-13a4c895fddf:192.168.34.56:36658], old=null
2019-10-18 13:01:54,734 [018b3f78-d19f-4e26-a796-cb8ddc4f97cf@group-187684C21557-LeaderElection311] INFO  impl.LeaderElection (LeaderElection.java:askForVotes(178)) - 018b3f78-d19f-4e26-a796-cb8ddc4f97cf@group-187684C21557-LeaderElection311: begin an election at term 182 for -1: [893cf03e-f2cf-478a-892a-a746717e50e3:192.168.34.56:40750, 8697df36-98d2-41b1-bdc7-60597b3b5526:192.168.34.56:46415, 018b3f78-d19f-4e26-a796-cb8ddc4f97cf:192.168.34.56:35845], old=null
2019-10-18 13:01:54,735 [c124d131-afb9-4343-ad4e-aaebde613043@group-FF4202234884-LeaderElection310] INFO  impl.LeaderElection (LogUtils.java:infoOrTrace(149)) - c124d131-afb9-4343-ad4e-aaebde613043@group-FF4202234884-LeaderElection310 got exception when requesting votes: {}
java.util.concurrent.ExecutionException: org.apache.ratis.thirdparty.io.grpc.StatusRuntimeException: UNAVAILABLE: io exception
	at java.util.concurrent.FutureTask.report(FutureTask.java:122)
	at java.util.concurrent.FutureTask.get(FutureTask.java:192)
	at org.apache.ratis.server.impl.LeaderElection.waitForResults(LeaderElection.java:259)
	at org.apache.ratis.server.impl.LeaderElection.askForVotes(LeaderElection.java:197)
	at org.apache.ratis.server.impl.LeaderElection.run(LeaderElection.java:133)
	at java.lang.Thread.run(Thread.java:748)
Caused by: org.apache.ratis.thirdparty.io.grpc.StatusRuntimeException: UNAVAILABLE: io exception
	at org.apache.ratis.thirdparty.io.grpc.stub.ClientCalls.toStatusRuntimeException(ClientCalls.java:233)
	at org.apache.ratis.thirdparty.io.grpc.stub.ClientCalls.getUnchecked(ClientCalls.java:214)
	at org.apache.ratis.thirdparty.io.grpc.stub.ClientCalls.blockingUnaryCall(ClientCalls.java:139)
	at org.apache.ratis.proto.grpc.RaftServerProtocolServiceGrpc$RaftServerProtocolServiceBlockingStub.requestVote(RaftServerProtocolServiceGrpc.java:265)
	at org.apache.ratis.grpc.server.GrpcServerProtocolClient.requestVote(GrpcServerProtocolClient.java:99)
	at org.apache.ratis.grpc.server.GrpcService.requestVote(GrpcService.java:204)
	at org.apache.ratis.server.impl.LeaderElection.lambda$submitRequests$1(LeaderElection.java:234)
	at java.util.concurrent.FutureTask.run(FutureTask.java:266)
	at java.util.concurrent.Executors$RunnableAdapter.call(Executors.java:511)
	at java.util.concurrent.FutureTask.run(FutureTask.java:266)
	at java.util.concurrent.ThreadPoolExecutor.runWorker(ThreadPoolExecutor.java:1149)
	at java.util.concurrent.ThreadPoolExecutor$Worker.run(ThreadPoolExecutor.java:624)
	... 1 more
Caused by: org.apache.ratis.thirdparty.io.netty.channel.AbstractChannel$AnnotatedConnectException: Connection refused: /192.168.34.56:36658
	at sun.nio.ch.SocketChannelImpl.checkConnect(Native Method)
	at sun.nio.ch.SocketChannelImpl.finishConnect(SocketChannelImpl.java:717)
	at org.apache.ratis.thirdparty.io.netty.channel.socket.nio.NioSocketChannel.doFinishConnect(NioSocketChannel.java:327)
	at org.apache.ratis.thirdparty.io.netty.channel.nio.AbstractNioChannel$AbstractNioUnsafe.finishConnect(AbstractNioChannel.java:340)
	at org.apache.ratis.thirdparty.io.netty.channel.nio.NioEventLoop.processSelectedKey(NioEventLoop.java:632)
	at org.apache.ratis.thirdparty.io.netty.channel.nio.NioEventLoop.processSelectedKeysOptimized(NioEventLoop.java:579)
	at org.apache.ratis.thirdparty.io.netty.channel.nio.NioEventLoop.processSelectedKeys(NioEventLoop.java:496)
	at org.apache.ratis.thirdparty.io.netty.channel.nio.NioEventLoop.run(NioEventLoop.java:458)
	at org.apache.ratis.thirdparty.io.netty.util.concurrent.SingleThreadEventExecutor$5.run(SingleThreadEventExecutor.java:897)
	at org.apache.ratis.thirdparty.io.netty.util.concurrent.FastThreadLocalRunnable.run(FastThreadLocalRunnable.java:30)
	... 1 more
Caused by: java.net.ConnectException: Connection refused
	... 11 more
2019-10-18 13:01:54,735 [c124d131-afb9-4343-ad4e-aaebde613043@group-FF4202234884-LeaderElection310] INFO  impl.LeaderElection (LogUtils.java:infoOrTrace(149)) - c124d131-afb9-4343-ad4e-aaebde613043@group-FF4202234884-LeaderElection310 got exception when requesting votes: {}
java.util.concurrent.ExecutionException: org.apache.ratis.thirdparty.io.grpc.StatusRuntimeException: UNAVAILABLE: io exception
	at java.util.concurrent.FutureTask.report(FutureTask.java:122)
	at java.util.concurrent.FutureTask.get(FutureTask.java:192)
	at org.apache.ratis.server.impl.LeaderElection.waitForResults(LeaderElection.java:259)
	at org.apache.ratis.server.impl.LeaderElection.askForVotes(LeaderElection.java:197)
	at org.apache.ratis.server.impl.LeaderElection.run(LeaderElection.java:133)
	at java.lang.Thread.run(Thread.java:748)
Caused by: org.apache.ratis.thirdparty.io.grpc.StatusRuntimeException: UNAVAILABLE: io exception
	at org.apache.ratis.thirdparty.io.grpc.stub.ClientCalls.toStatusRuntimeException(ClientCalls.java:233)
	at org.apache.ratis.thirdparty.io.grpc.stub.ClientCalls.getUnchecked(ClientCalls.java:214)
	at org.apache.ratis.thirdparty.io.grpc.stub.ClientCalls.blockingUnaryCall(ClientCalls.java:139)
	at org.apache.ratis.proto.grpc.RaftServerProtocolServiceGrpc$RaftServerProtocolServiceBlockingStub.requestVote(RaftServerProtocolServiceGrpc.java:265)
	at org.apache.ratis.grpc.server.GrpcServerProtocolClient.requestVote(GrpcServerProtocolClient.java:99)
	at org.apache.ratis.grpc.server.GrpcService.requestVote(GrpcService.java:204)
	at org.apache.ratis.server.impl.LeaderElection.lambda$submitRequests$1(LeaderElection.java:234)
	at java.util.concurrent.FutureTask.run(FutureTask.java:266)
	at java.util.concurrent.Executors$RunnableAdapter.call(Executors.java:511)
	at java.util.concurrent.FutureTask.run(FutureTask.java:266)
	at java.util.concurrent.ThreadPoolExecutor.runWorker(ThreadPoolExecutor.java:1149)
	at java.util.concurrent.ThreadPoolExecutor$Worker.run(ThreadPoolExecutor.java:624)
	... 1 more
Caused by: org.apache.ratis.thirdparty.io.netty.channel.AbstractChannel$AnnotatedConnectException: Connection refused: /192.168.34.56:44872
	at sun.nio.ch.SocketChannelImpl.checkConnect(Native Method)
	at sun.nio.ch.SocketChannelImpl.finishConnect(SocketChannelImpl.java:717)
	at org.apache.ratis.thirdparty.io.netty.channel.socket.nio.NioSocketChannel.doFinishConnect(NioSocketChannel.java:327)
	at org.apache.ratis.thirdparty.io.netty.channel.nio.AbstractNioChannel$AbstractNioUnsafe.finishConnect(AbstractNioChannel.java:340)
	at org.apache.ratis.thirdparty.io.netty.channel.nio.NioEventLoop.processSelectedKey(NioEventLoop.java:632)
	at org.apache.ratis.thirdparty.io.netty.channel.nio.NioEventLoop.processSelectedKeysOptimized(NioEventLoop.java:579)
	at org.apache.ratis.thirdparty.io.netty.channel.nio.NioEventLoop.processSelectedKeys(NioEventLoop.java:496)
	at org.apache.ratis.thirdparty.io.netty.channel.nio.NioEventLoop.run(NioEventLoop.java:458)
	at org.apache.ratis.thirdparty.io.netty.util.concurrent.SingleThreadEventExecutor$5.run(SingleThreadEventExecutor.java:897)
	at org.apache.ratis.thirdparty.io.netty.util.concurrent.FastThreadLocalRunnable.run(FastThreadLocalRunnable.java:30)
	... 1 more
Caused by: java.net.ConnectException: Connection refused
	... 11 more
2019-10-18 13:01:54,736 [c124d131-afb9-4343-ad4e-aaebde613043@group-FF4202234884-LeaderElection310] INFO  impl.LeaderElection (LeaderElection.java:logAndReturn(56)) - c124d131-afb9-4343-ad4e-aaebde613043@group-FF4202234884-LeaderElection310: Election REJECTED; received 0 response(s) [] and 2 exception(s); c124d131-afb9-4343-ad4e-aaebde613043@group-FF4202234884:t169, leader=null, voted=c124d131-afb9-4343-ad4e-aaebde613043, raftlog=c124d131-afb9-4343-ad4e-aaebde613043@group-FF4202234884-SegmentedRaftLog:OPENED:c-1,f-1,i0, conf=-1: [999343e7-0330-4874-a345-91eca72585e0:192.168.34.56:44872, c124d131-afb9-4343-ad4e-aaebde613043:192.168.34.56:42116, e5bb327f-cdd7-4e49-919e-13a4c895fddf:192.168.34.56:36658], old=null
2019-10-18 13:01:54,736 [c124d131-afb9-4343-ad4e-aaebde613043@group-FF4202234884-LeaderElection310] INFO  impl.LeaderElection (LogUtils.java:infoOrTrace(149)) -   Exception 0: {}
java.util.concurrent.ExecutionException: org.apache.ratis.thirdparty.io.grpc.StatusRuntimeException: UNAVAILABLE: io exception
	at java.util.concurrent.FutureTask.report(FutureTask.java:122)
	at java.util.concurrent.FutureTask.get(FutureTask.java:192)
	at org.apache.ratis.server.impl.LeaderElection.waitForResults(LeaderElection.java:259)
	at org.apache.ratis.server.impl.LeaderElection.askForVotes(LeaderElection.java:197)
	at org.apache.ratis.server.impl.LeaderElection.run(LeaderElection.java:133)
	at java.lang.Thread.run(Thread.java:748)
Caused by: org.apache.ratis.thirdparty.io.grpc.StatusRuntimeException: UNAVAILABLE: io exception
	at org.apache.ratis.thirdparty.io.grpc.stub.ClientCalls.toStatusRuntimeException(ClientCalls.java:233)
	at org.apache.ratis.thirdparty.io.grpc.stub.ClientCalls.getUnchecked(ClientCalls.java:214)
	at org.apache.ratis.thirdparty.io.grpc.stub.ClientCalls.blockingUnaryCall(ClientCalls.java:139)
	at org.apache.ratis.proto.grpc.RaftServerProtocolServiceGrpc$RaftServerProtocolServiceBlockingStub.requestVote(RaftServerProtocolServiceGrpc.java:265)
	at org.apache.ratis.grpc.server.GrpcServerProtocolClient.requestVote(GrpcServerProtocolClient.java:99)
	at org.apache.ratis.grpc.server.GrpcService.requestVote(GrpcService.java:204)
	at org.apache.ratis.server.impl.LeaderElection.lambda$submitRequests$1(LeaderElection.java:234)
	at java.util.concurrent.FutureTask.run(FutureTask.java:266)
	at java.util.concurrent.Executors$RunnableAdapter.call(Executors.java:511)
	at java.util.concurrent.FutureTask.run(FutureTask.java:266)
	at java.util.concurrent.ThreadPoolExecutor.runWorker(ThreadPoolExecutor.java:1149)
	at java.util.concurrent.ThreadPoolExecutor$Worker.run(ThreadPoolExecutor.java:624)
	... 1 more
Caused by: org.apache.ratis.thirdparty.io.netty.channel.AbstractChannel$AnnotatedConnectException: Connection refused: /192.168.34.56:36658
	at sun.nio.ch.SocketChannelImpl.checkConnect(Native Method)
	at sun.nio.ch.SocketChannelImpl.finishConnect(SocketChannelImpl.java:717)
	at org.apache.ratis.thirdparty.io.netty.channel.socket.nio.NioSocketChannel.doFinishConnect(NioSocketChannel.java:327)
	at org.apache.ratis.thirdparty.io.netty.channel.nio.AbstractNioChannel$AbstractNioUnsafe.finishConnect(AbstractNioChannel.java:340)
	at org.apache.ratis.thirdparty.io.netty.channel.nio.NioEventLoop.processSelectedKey(NioEventLoop.java:632)
	at org.apache.ratis.thirdparty.io.netty.channel.nio.NioEventLoop.processSelectedKeysOptimized(NioEventLoop.java:579)
	at org.apache.ratis.thirdparty.io.netty.channel.nio.NioEventLoop.processSelectedKeys(NioEventLoop.java:496)
	at org.apache.ratis.thirdparty.io.netty.channel.nio.NioEventLoop.run(NioEventLoop.java:458)
	at org.apache.ratis.thirdparty.io.netty.util.concurrent.SingleThreadEventExecutor$5.run(SingleThreadEventExecutor.java:897)
	at org.apache.ratis.thirdparty.io.netty.util.concurrent.FastThreadLocalRunnable.run(FastThreadLocalRunnable.java:30)
	... 1 more
Caused by: java.net.ConnectException: Connection refused
	... 11 more
2019-10-18 13:01:54,736 [c124d131-afb9-4343-ad4e-aaebde613043@group-FF4202234884-LeaderElection310] INFO  impl.LeaderElection (LogUtils.java:infoOrTrace(149)) -   Exception 1: {}
java.util.concurrent.ExecutionException: org.apache.ratis.thirdparty.io.grpc.StatusRuntimeException: UNAVAILABLE: io exception
	at java.util.concurrent.FutureTask.report(FutureTask.java:122)
	at java.util.concurrent.FutureTask.get(FutureTask.java:192)
	at org.apache.ratis.server.impl.LeaderElection.waitForResults(LeaderElection.java:259)
	at org.apache.ratis.server.impl.LeaderElection.askForVotes(LeaderElection.java:197)
	at org.apache.ratis.server.impl.LeaderElection.run(LeaderElection.java:133)
	at java.lang.Thread.run(Thread.java:748)
Caused by: org.apache.ratis.thirdparty.io.grpc.StatusRuntimeException: UNAVAILABLE: io exception
	at org.apache.ratis.thirdparty.io.grpc.stub.ClientCalls.toStatusRuntimeException(ClientCalls.java:233)
	at org.apache.ratis.thirdparty.io.grpc.stub.ClientCalls.getUnchecked(ClientCalls.java:214)
	at org.apache.ratis.thirdparty.io.grpc.stub.ClientCalls.blockingUnaryCall(ClientCalls.java:139)
	at org.apache.ratis.proto.grpc.RaftServerProtocolServiceGrpc$RaftServerProtocolServiceBlockingStub.requestVote(RaftServerProtocolServiceGrpc.java:265)
	at org.apache.ratis.grpc.server.GrpcServerProtocolClient.requestVote(GrpcServerProtocolClient.java:99)
	at org.apache.ratis.grpc.server.GrpcService.requestVote(GrpcService.java:204)
	at org.apache.ratis.server.impl.LeaderElection.lambda$submitRequests$1(LeaderElection.java:234)
	at java.util.concurrent.FutureTask.run(FutureTask.java:266)
	at java.util.concurrent.Executors$RunnableAdapter.call(Executors.java:511)
	at java.util.concurrent.FutureTask.run(FutureTask.java:266)
	at java.util.concurrent.ThreadPoolExecutor.runWorker(ThreadPoolExecutor.java:1149)
	at java.util.concurrent.ThreadPoolExecutor$Worker.run(ThreadPoolExecutor.java:624)
	... 1 more
Caused by: org.apache.ratis.thirdparty.io.netty.channel.AbstractChannel$AnnotatedConnectException: Connection refused: /192.168.34.56:44872
	at sun.nio.ch.SocketChannelImpl.checkConnect(Native Method)
	at sun.nio.ch.SocketChannelImpl.finishConnect(SocketChannelImpl.java:717)
	at org.apache.ratis.thirdparty.io.netty.channel.socket.nio.NioSocketChannel.doFinishConnect(NioSocketChannel.java:327)
	at org.apache.ratis.thirdparty.io.netty.channel.nio.AbstractNioChannel$AbstractNioUnsafe.finishConnect(AbstractNioChannel.java:340)
	at org.apache.ratis.thirdparty.io.netty.channel.nio.NioEventLoop.processSelectedKey(NioEventLoop.java:632)
	at org.apache.ratis.thirdparty.io.netty.channel.nio.NioEventLoop.processSelectedKeysOptimized(NioEventLoop.java:579)
	at org.apache.ratis.thirdparty.io.netty.channel.nio.NioEventLoop.processSelectedKeys(NioEventLoop.java:496)
	at org.apache.ratis.thirdparty.io.netty.channel.nio.NioEventLoop.run(NioEventLoop.java:458)
	at org.apache.ratis.thirdparty.io.netty.util.concurrent.SingleThreadEventExecutor$5.run(SingleThreadEventExecutor.java:897)
	at org.apache.ratis.thirdparty.io.netty.util.concurrent.FastThreadLocalRunnable.run(FastThreadLocalRunnable.java:30)
	... 1 more
Caused by: java.net.ConnectException: Connection refused
	... 11 more
2019-10-18 13:01:54,736 [grpc-default-executor-7] INFO  impl.RaftServerImpl (RaftServerImpl.java:setRole(184)) - 8697df36-98d2-41b1-bdc7-60597b3b5526@group-187684C21557: changes role from  FOLLOWER to FOLLOWER at term 182 for recognizeCandidate:018b3f78-d19f-4e26-a796-cb8ddc4f97cf
2019-10-18 13:01:54,736 [grpc-default-executor-2] INFO  impl.RaftServerImpl (RaftServerImpl.java:setRole(184)) - 893cf03e-f2cf-478a-892a-a746717e50e3@group-187684C21557: changes role from  FOLLOWER to FOLLOWER at term 182 for recognizeCandidate:018b3f78-d19f-4e26-a796-cb8ddc4f97cf
2019-10-18 13:01:54,736 [grpc-default-executor-2] INFO  impl.RoleInfo (RoleInfo.java:shutdownFollowerState(121)) - 893cf03e-f2cf-478a-892a-a746717e50e3: shutdown FollowerState
2019-10-18 13:01:54,736 [grpc-default-executor-7] INFO  impl.RoleInfo (RoleInfo.java:shutdownFollowerState(121)) - 8697df36-98d2-41b1-bdc7-60597b3b5526: shutdown FollowerState
2019-10-18 13:01:54,736 [c124d131-afb9-4343-ad4e-aaebde613043@group-FF4202234884-LeaderElection310] INFO  impl.RaftServerImpl (RaftServerImpl.java:setRole(184)) - c124d131-afb9-4343-ad4e-aaebde613043@group-FF4202234884: changes role from CANDIDATE to FOLLOWER at term 169 for DISCOVERED_A_NEW_TERM
2019-10-18 13:01:54,737 [Thread-2592] INFO  impl.FollowerState (FollowerState.java:run(117)) - 8697df36-98d2-41b1-bdc7-60597b3b5526@group-187684C21557-FollowerState was interrupted: java.lang.InterruptedException: sleep interrupted
2019-10-18 13:01:54,737 [grpc-default-executor-7] INFO  impl.RoleInfo (RoleInfo.java:updateAndGet(143)) - 8697df36-98d2-41b1-bdc7-60597b3b5526: start FollowerState
2019-10-18 13:01:54,736 [Thread-2591] INFO  impl.FollowerState (FollowerState.java:run(117)) - 893cf03e-f2cf-478a-892a-a746717e50e3@group-187684C21557-FollowerState was interrupted: java.lang.InterruptedException: sleep interrupted
2019-10-18 13:01:54,736 [grpc-default-executor-2] INFO  impl.RoleInfo (RoleInfo.java:updateAndGet(143)) - 893cf03e-f2cf-478a-892a-a746717e50e3: start FollowerState
2019-10-18 13:01:54,737 [c124d131-afb9-4343-ad4e-aaebde613043@group-FF4202234884-LeaderElection310] INFO  impl.RoleInfo (RoleInfo.java:shutdownLeaderElection(134)) - c124d131-afb9-4343-ad4e-aaebde613043: shutdown LeaderElection
2019-10-18 13:01:54,737 [c124d131-afb9-4343-ad4e-aaebde613043@group-FF4202234884-LeaderElection310] INFO  impl.RoleInfo (RoleInfo.java:updateAndGet(143)) - c124d131-afb9-4343-ad4e-aaebde613043: start FollowerState
2019-10-18 13:01:54,777 [018b3f78-d19f-4e26-a796-cb8ddc4f97cf@group-187684C21557-LeaderElection311] INFO  impl.LeaderElection (LeaderElection.java:logAndReturn(56)) - 018b3f78-d19f-4e26-a796-cb8ddc4f97cf@group-187684C21557-LeaderElection311: Election TIMEOUT; received 0 response(s) [] and 0 exception(s); 018b3f78-d19f-4e26-a796-cb8ddc4f97cf@group-187684C21557:t182, leader=null, voted=018b3f78-d19f-4e26-a796-cb8ddc4f97cf, raftlog=018b3f78-d19f-4e26-a796-cb8ddc4f97cf@group-187684C21557-SegmentedRaftLog:OPENED:c-1,f-1,i0, conf=-1: [893cf03e-f2cf-478a-892a-a746717e50e3:192.168.34.56:40750, 8697df36-98d2-41b1-bdc7-60597b3b5526:192.168.34.56:46415, 018b3f78-d19f-4e26-a796-cb8ddc4f97cf:192.168.34.56:35845], old=null
2019-10-18 13:01:54,856 [018b3f78-d19f-4e26-a796-cb8ddc4f97cf@group-187684C21557-LeaderElection311] INFO  impl.LeaderElection (LeaderElection.java:askForVotes(178)) - 018b3f78-d19f-4e26-a796-cb8ddc4f97cf@group-187684C21557-LeaderElection311: begin an election at term 183 for -1: [893cf03e-f2cf-478a-892a-a746717e50e3:192.168.34.56:40750, 8697df36-98d2-41b1-bdc7-60597b3b5526:192.168.34.56:46415, 018b3f78-d19f-4e26-a796-cb8ddc4f97cf:192.168.34.56:35845], old=null
2019-10-18 13:01:54,857 [grpc-default-executor-2] INFO  impl.RaftServerImpl (RaftServerImpl.java:setRole(184)) - 8697df36-98d2-41b1-bdc7-60597b3b5526@group-187684C21557: changes role from  FOLLOWER to FOLLOWER at term 183 for recognizeCandidate:018b3f78-d19f-4e26-a796-cb8ddc4f97cf
2019-10-18 13:01:54,857 [grpc-default-executor-7] INFO  impl.RaftServerImpl (RaftServerImpl.java:setRole(184)) - 893cf03e-f2cf-478a-892a-a746717e50e3@group-187684C21557: changes role from  FOLLOWER to FOLLOWER at term 183 for recognizeCandidate:018b3f78-d19f-4e26-a796-cb8ddc4f97cf
2019-10-18 13:01:54,858 [grpc-default-executor-7] INFO  impl.RoleInfo (RoleInfo.java:shutdownFollowerState(121)) - 893cf03e-f2cf-478a-892a-a746717e50e3: shutdown FollowerState
2019-10-18 13:01:54,858 [grpc-default-executor-2] INFO  impl.RoleInfo (RoleInfo.java:shutdownFollowerState(121)) - 8697df36-98d2-41b1-bdc7-60597b3b5526: shutdown FollowerState
2019-10-18 13:01:54,858 [Thread-2600] INFO  impl.FollowerState (FollowerState.java:run(117)) - 893cf03e-f2cf-478a-892a-a746717e50e3@group-187684C21557-FollowerState was interrupted: java.lang.InterruptedException: sleep interrupted
2019-10-18 13:01:54,858 [grpc-default-executor-7] INFO  impl.RoleInfo (RoleInfo.java:updateAndGet(143)) - 893cf03e-f2cf-478a-892a-a746717e50e3: start FollowerState
2019-10-18 13:01:54,858 [Thread-2601] INFO  impl.FollowerState (FollowerState.java:run(117)) - 8697df36-98d2-41b1-bdc7-60597b3b5526@group-187684C21557-FollowerState was interrupted: java.lang.InterruptedException: sleep interrupted
2019-10-18 13:01:54,858 [grpc-default-executor-2] INFO  impl.RoleInfo (RoleInfo.java:updateAndGet(143)) - 8697df36-98d2-41b1-bdc7-60597b3b5526: start FollowerState
2019-10-18 13:01:54,898 [Thread-2602] INFO  impl.FollowerState (FollowerState.java:run(108)) - c124d131-afb9-4343-ad4e-aaebde613043@group-FF4202234884-FollowerState: change to CANDIDATE, lastRpcTime:161ms, electionTimeout:161ms
2019-10-18 13:01:54,899 [Thread-2602] INFO  impl.RoleInfo (RoleInfo.java:shutdownFollowerState(121)) - c124d131-afb9-4343-ad4e-aaebde613043: shutdown FollowerState
2019-10-18 13:01:54,899 [Thread-2602] INFO  impl.RaftServerImpl (RaftServerImpl.java:setRole(184)) - c124d131-afb9-4343-ad4e-aaebde613043@group-FF4202234884: changes role from  FOLLOWER to CANDIDATE at term 169 for changeToCandidate
2019-10-18 13:01:54,899 [Thread-2602] INFO  impl.RoleInfo (RoleInfo.java:updateAndGet(143)) - c124d131-afb9-4343-ad4e-aaebde613043: start LeaderElection
2019-10-18 13:01:54,918 [018b3f78-d19f-4e26-a796-cb8ddc4f97cf@group-187684C21557-LeaderElection311] INFO  impl.LeaderElection (LeaderElection.java:logAndReturn(56)) - 018b3f78-d19f-4e26-a796-cb8ddc4f97cf@group-187684C21557-LeaderElection311: Election REJECTED; received 2 response(s) [018b3f78-d19f-4e26-a796-cb8ddc4f97cf<-893cf03e-f2cf-478a-892a-a746717e50e3#0:FAIL-t183, 018b3f78-d19f-4e26-a796-cb8ddc4f97cf<-8697df36-98d2-41b1-bdc7-60597b3b5526#0:FAIL-t183] and 0 exception(s); 018b3f78-d19f-4e26-a796-cb8ddc4f97cf@group-187684C21557:t183, leader=null, voted=018b3f78-d19f-4e26-a796-cb8ddc4f97cf, raftlog=018b3f78-d19f-4e26-a796-cb8ddc4f97cf@group-187684C21557-SegmentedRaftLog:OPENED:c-1,f-1,i0, conf=-1: [893cf03e-f2cf-478a-892a-a746717e50e3:192.168.34.56:40750, 8697df36-98d2-41b1-bdc7-60597b3b5526:192.168.34.56:46415, 018b3f78-d19f-4e26-a796-cb8ddc4f97cf:192.168.34.56:35845], old=null
2019-10-18 13:01:54,918 [018b3f78-d19f-4e26-a796-cb8ddc4f97cf@group-187684C21557-LeaderElection311] INFO  impl.RaftServerImpl (RaftServerImpl.java:setRole(184)) - 018b3f78-d19f-4e26-a796-cb8ddc4f97cf@group-187684C21557: changes role from CANDIDATE to FOLLOWER at term 183 for DISCOVERED_A_NEW_TERM
2019-10-18 13:01:54,918 [018b3f78-d19f-4e26-a796-cb8ddc4f97cf@group-187684C21557-LeaderElection311] INFO  impl.RoleInfo (RoleInfo.java:shutdownLeaderElection(134)) - 018b3f78-d19f-4e26-a796-cb8ddc4f97cf: shutdown LeaderElection
2019-10-18 13:01:54,918 [018b3f78-d19f-4e26-a796-cb8ddc4f97cf@group-187684C21557-LeaderElection311] INFO  impl.RoleInfo (RoleInfo.java:updateAndGet(143)) - 018b3f78-d19f-4e26-a796-cb8ddc4f97cf: start FollowerState
2019-10-18 13:01:54,973 [c124d131-afb9-4343-ad4e-aaebde613043@group-FF4202234884-LeaderElection312] INFO  impl.LeaderElection (LeaderElection.java:askForVotes(178)) - c124d131-afb9-4343-ad4e-aaebde613043@group-FF4202234884-LeaderElection312: begin an election at term 170 for -1: [999343e7-0330-4874-a345-91eca72585e0:192.168.34.56:44872, c124d131-afb9-4343-ad4e-aaebde613043:192.168.34.56:42116, e5bb327f-cdd7-4e49-919e-13a4c895fddf:192.168.34.56:36658], old=null
2019-10-18 13:01:54,974 [c124d131-afb9-4343-ad4e-aaebde613043@group-FF4202234884-LeaderElection312] INFO  impl.LeaderElection (LogUtils.java:infoOrTrace(149)) - c124d131-afb9-4343-ad4e-aaebde613043@group-FF4202234884-LeaderElection312 got exception when requesting votes: {}
java.util.concurrent.ExecutionException: org.apache.ratis.thirdparty.io.grpc.StatusRuntimeException: UNAVAILABLE: io exception
	at java.util.concurrent.FutureTask.report(FutureTask.java:122)
	at java.util.concurrent.FutureTask.get(FutureTask.java:192)
	at org.apache.ratis.server.impl.LeaderElection.waitForResults(LeaderElection.java:259)
	at org.apache.ratis.server.impl.LeaderElection.askForVotes(LeaderElection.java:197)
	at org.apache.ratis.server.impl.LeaderElection.run(LeaderElection.java:133)
	at java.lang.Thread.run(Thread.java:748)
Caused by: org.apache.ratis.thirdparty.io.grpc.StatusRuntimeException: UNAVAILABLE: io exception
	at org.apache.ratis.thirdparty.io.grpc.stub.ClientCalls.toStatusRuntimeException(ClientCalls.java:233)
	at org.apache.ratis.thirdparty.io.grpc.stub.ClientCalls.getUnchecked(ClientCalls.java:214)
	at org.apache.ratis.thirdparty.io.grpc.stub.ClientCalls.blockingUnaryCall(ClientCalls.java:139)
	at org.apache.ratis.proto.grpc.RaftServerProtocolServiceGrpc$RaftServerProtocolServiceBlockingStub.requestVote(RaftServerProtocolServiceGrpc.java:265)
	at org.apache.ratis.grpc.server.GrpcServerProtocolClient.requestVote(GrpcServerProtocolClient.java:99)
	at org.apache.ratis.grpc.server.GrpcService.requestVote(GrpcService.java:204)
	at org.apache.ratis.server.impl.LeaderElection.lambda$submitRequests$1(LeaderElection.java:234)
	at java.util.concurrent.FutureTask.run(FutureTask.java:266)
	at java.util.concurrent.Executors$RunnableAdapter.call(Executors.java:511)
	at java.util.concurrent.FutureTask.run(FutureTask.java:266)
	at java.util.concurrent.ThreadPoolExecutor.runWorker(ThreadPoolExecutor.java:1149)
	at java.util.concurrent.ThreadPoolExecutor$Worker.run(ThreadPoolExecutor.java:624)
	... 1 more
Caused by: org.apache.ratis.thirdparty.io.netty.channel.AbstractChannel$AnnotatedConnectException: Connection refused: /192.168.34.56:44872
	at sun.nio.ch.SocketChannelImpl.checkConnect(Native Method)
	at sun.nio.ch.SocketChannelImpl.finishConnect(SocketChannelImpl.java:717)
	at org.apache.ratis.thirdparty.io.netty.channel.socket.nio.NioSocketChannel.doFinishConnect(NioSocketChannel.java:327)
	at org.apache.ratis.thirdparty.io.netty.channel.nio.AbstractNioChannel$AbstractNioUnsafe.finishConnect(AbstractNioChannel.java:340)
	at org.apache.ratis.thirdparty.io.netty.channel.nio.NioEventLoop.processSelectedKey(NioEventLoop.java:632)
	at org.apache.ratis.thirdparty.io.netty.channel.nio.NioEventLoop.processSelectedKeysOptimized(NioEventLoop.java:579)
	at org.apache.ratis.thirdparty.io.netty.channel.nio.NioEventLoop.processSelectedKeys(NioEventLoop.java:496)
	at org.apache.ratis.thirdparty.io.netty.channel.nio.NioEventLoop.run(NioEventLoop.java:458)
	at org.apache.ratis.thirdparty.io.netty.util.concurrent.SingleThreadEventExecutor$5.run(SingleThreadEventExecutor.java:897)
	at org.apache.ratis.thirdparty.io.netty.util.concurrent.FastThreadLocalRunnable.run(FastThreadLocalRunnable.java:30)
	... 1 more
Caused by: java.net.ConnectException: Connection refused
	... 11 more
2019-10-18 13:01:54,974 [c124d131-afb9-4343-ad4e-aaebde613043@group-FF4202234884-LeaderElection312] INFO  impl.LeaderElection (LogUtils.java:infoOrTrace(149)) - c124d131-afb9-4343-ad4e-aaebde613043@group-FF4202234884-LeaderElection312 got exception when requesting votes: {}
java.util.concurrent.ExecutionException: org.apache.ratis.thirdparty.io.grpc.StatusRuntimeException: UNAVAILABLE: io exception
	at java.util.concurrent.FutureTask.report(FutureTask.java:122)
	at java.util.concurrent.FutureTask.get(FutureTask.java:192)
	at org.apache.ratis.server.impl.LeaderElection.waitForResults(LeaderElection.java:259)
	at org.apache.ratis.server.impl.LeaderElection.askForVotes(LeaderElection.java:197)
	at org.apache.ratis.server.impl.LeaderElection.run(LeaderElection.java:133)
	at java.lang.Thread.run(Thread.java:748)
Caused by: org.apache.ratis.thirdparty.io.grpc.StatusRuntimeException: UNAVAILABLE: io exception
	at org.apache.ratis.thirdparty.io.grpc.stub.ClientCalls.toStatusRuntimeException(ClientCalls.java:233)
	at org.apache.ratis.thirdparty.io.grpc.stub.ClientCalls.getUnchecked(ClientCalls.java:214)
	at org.apache.ratis.thirdparty.io.grpc.stub.ClientCalls.blockingUnaryCall(ClientCalls.java:139)
	at org.apache.ratis.proto.grpc.RaftServerProtocolServiceGrpc$RaftServerProtocolServiceBlockingStub.requestVote(RaftServerProtocolServiceGrpc.java:265)
	at org.apache.ratis.grpc.server.GrpcServerProtocolClient.requestVote(GrpcServerProtocolClient.java:99)
	at org.apache.ratis.grpc.server.GrpcService.requestVote(GrpcService.java:204)
	at org.apache.ratis.server.impl.LeaderElection.lambda$submitRequests$1(LeaderElection.java:234)
	at java.util.concurrent.FutureTask.run(FutureTask.java:266)
	at java.util.concurrent.Executors$RunnableAdapter.call(Executors.java:511)
	at java.util.concurrent.FutureTask.run(FutureTask.java:266)
	at java.util.concurrent.ThreadPoolExecutor.runWorker(ThreadPoolExecutor.java:1149)
	at java.util.concurrent.ThreadPoolExecutor$Worker.run(ThreadPoolExecutor.java:624)
	... 1 more
Caused by: org.apache.ratis.thirdparty.io.netty.channel.AbstractChannel$AnnotatedConnectException: Connection refused: /192.168.34.56:36658
	at sun.nio.ch.SocketChannelImpl.checkConnect(Native Method)
	at sun.nio.ch.SocketChannelImpl.finishConnect(SocketChannelImpl.java:717)
	at org.apache.ratis.thirdparty.io.netty.channel.socket.nio.NioSocketChannel.doFinishConnect(NioSocketChannel.java:327)
	at org.apache.ratis.thirdparty.io.netty.channel.nio.AbstractNioChannel$AbstractNioUnsafe.finishConnect(AbstractNioChannel.java:340)
	at org.apache.ratis.thirdparty.io.netty.channel.nio.NioEventLoop.processSelectedKey(NioEventLoop.java:632)
	at org.apache.ratis.thirdparty.io.netty.channel.nio.NioEventLoop.processSelectedKeysOptimized(NioEventLoop.java:579)
	at org.apache.ratis.thirdparty.io.netty.channel.nio.NioEventLoop.processSelectedKeys(NioEventLoop.java:496)
	at org.apache.ratis.thirdparty.io.netty.channel.nio.NioEventLoop.run(NioEventLoop.java:458)
	at org.apache.ratis.thirdparty.io.netty.util.concurrent.SingleThreadEventExecutor$5.run(SingleThreadEventExecutor.java:897)
	at org.apache.ratis.thirdparty.io.netty.util.concurrent.FastThreadLocalRunnable.run(FastThreadLocalRunnable.java:30)
	... 1 more
Caused by: java.net.ConnectException: Connection refused
	... 11 more
2019-10-18 13:01:54,975 [c124d131-afb9-4343-ad4e-aaebde613043@group-FF4202234884-LeaderElection312] INFO  impl.LeaderElection (LeaderElection.java:logAndReturn(56)) - c124d131-afb9-4343-ad4e-aaebde613043@group-FF4202234884-LeaderElection312: Election REJECTED; received 0 response(s) [] and 2 exception(s); c124d131-afb9-4343-ad4e-aaebde613043@group-FF4202234884:t170, leader=null, voted=c124d131-afb9-4343-ad4e-aaebde613043, raftlog=c124d131-afb9-4343-ad4e-aaebde613043@group-FF4202234884-SegmentedRaftLog:OPENED:c-1,f-1,i0, conf=-1: [999343e7-0330-4874-a345-91eca72585e0:192.168.34.56:44872, c124d131-afb9-4343-ad4e-aaebde613043:192.168.34.56:42116, e5bb327f-cdd7-4e49-919e-13a4c895fddf:192.168.34.56:36658], old=null
2019-10-18 13:01:54,975 [c124d131-afb9-4343-ad4e-aaebde613043@group-FF4202234884-LeaderElection312] INFO  impl.LeaderElection (LogUtils.java:infoOrTrace(149)) -   Exception 0: {}
java.util.concurrent.ExecutionException: org.apache.ratis.thirdparty.io.grpc.StatusRuntimeException: UNAVAILABLE: io exception
	at java.util.concurrent.FutureTask.report(FutureTask.java:122)
	at java.util.concurrent.FutureTask.get(FutureTask.java:192)
	at org.apache.ratis.server.impl.LeaderElection.waitForResults(LeaderElection.java:259)
	at org.apache.ratis.server.impl.LeaderElection.askForVotes(LeaderElection.java:197)
	at org.apache.ratis.server.impl.LeaderElection.run(LeaderElection.java:133)
	at java.lang.Thread.run(Thread.java:748)
Caused by: org.apache.ratis.thirdparty.io.grpc.StatusRuntimeException: UNAVAILABLE: io exception
	at org.apache.ratis.thirdparty.io.grpc.stub.ClientCalls.toStatusRuntimeException(ClientCalls.java:233)
	at org.apache.ratis.thirdparty.io.grpc.stub.ClientCalls.getUnchecked(ClientCalls.java:214)
	at org.apache.ratis.thirdparty.io.grpc.stub.ClientCalls.blockingUnaryCall(ClientCalls.java:139)
	at org.apache.ratis.proto.grpc.RaftServerProtocolServiceGrpc$RaftServerProtocolServiceBlockingStub.requestVote(RaftServerProtocolServiceGrpc.java:265)
	at org.apache.ratis.grpc.server.GrpcServerProtocolClient.requestVote(GrpcServerProtocolClient.java:99)
	at org.apache.ratis.grpc.server.GrpcService.requestVote(GrpcService.java:204)
	at org.apache.ratis.server.impl.LeaderElection.lambda$submitRequests$1(LeaderElection.java:234)
	at java.util.concurrent.FutureTask.run(FutureTask.java:266)
	at java.util.concurrent.Executors$RunnableAdapter.call(Executors.java:511)
	at java.util.concurrent.FutureTask.run(FutureTask.java:266)
	at java.util.concurrent.ThreadPoolExecutor.runWorker(ThreadPoolExecutor.java:1149)
	at java.util.concurrent.ThreadPoolExecutor$Worker.run(ThreadPoolExecutor.java:624)
	... 1 more
Caused by: org.apache.ratis.thirdparty.io.netty.channel.AbstractChannel$AnnotatedConnectException: Connection refused: /192.168.34.56:44872
	at sun.nio.ch.SocketChannelImpl.checkConnect(Native Method)
	at sun.nio.ch.SocketChannelImpl.finishConnect(SocketChannelImpl.java:717)
	at org.apache.ratis.thirdparty.io.netty.channel.socket.nio.NioSocketChannel.doFinishConnect(NioSocketChannel.java:327)
	at org.apache.ratis.thirdparty.io.netty.channel.nio.AbstractNioChannel$AbstractNioUnsafe.finishConnect(AbstractNioChannel.java:340)
	at org.apache.ratis.thirdparty.io.netty.channel.nio.NioEventLoop.processSelectedKey(NioEventLoop.java:632)
	at org.apache.ratis.thirdparty.io.netty.channel.nio.NioEventLoop.processSelectedKeysOptimized(NioEventLoop.java:579)
	at org.apache.ratis.thirdparty.io.netty.channel.nio.NioEventLoop.processSelectedKeys(NioEventLoop.java:496)
	at org.apache.ratis.thirdparty.io.netty.channel.nio.NioEventLoop.run(NioEventLoop.java:458)
	at org.apache.ratis.thirdparty.io.netty.util.concurrent.SingleThreadEventExecutor$5.run(SingleThreadEventExecutor.java:897)
	at org.apache.ratis.thirdparty.io.netty.util.concurrent.FastThreadLocalRunnable.run(FastThreadLocalRunnable.java:30)
	... 1 more
Caused by: java.net.ConnectException: Connection refused
	... 11 more
2019-10-18 13:01:54,975 [c124d131-afb9-4343-ad4e-aaebde613043@group-FF4202234884-LeaderElection312] INFO  impl.LeaderElection (LogUtils.java:infoOrTrace(149)) -   Exception 1: {}
java.util.concurrent.ExecutionException: org.apache.ratis.thirdparty.io.grpc.StatusRuntimeException: UNAVAILABLE: io exception
	at java.util.concurrent.FutureTask.report(FutureTask.java:122)
	at java.util.concurrent.FutureTask.get(FutureTask.java:192)
	at org.apache.ratis.server.impl.LeaderElection.waitForResults(LeaderElection.java:259)
	at org.apache.ratis.server.impl.LeaderElection.askForVotes(LeaderElection.java:197)
	at org.apache.ratis.server.impl.LeaderElection.run(LeaderElection.java:133)
	at java.lang.Thread.run(Thread.java:748)
Caused by: org.apache.ratis.thirdparty.io.grpc.StatusRuntimeException: UNAVAILABLE: io exception
	at org.apache.ratis.thirdparty.io.grpc.stub.ClientCalls.toStatusRuntimeException(ClientCalls.java:233)
	at org.apache.ratis.thirdparty.io.grpc.stub.ClientCalls.getUnchecked(ClientCalls.java:214)
	at org.apache.ratis.thirdparty.io.grpc.stub.ClientCalls.blockingUnaryCall(ClientCalls.java:139)
	at org.apache.ratis.proto.grpc.RaftServerProtocolServiceGrpc$RaftServerProtocolServiceBlockingStub.requestVote(RaftServerProtocolServiceGrpc.java:265)
	at org.apache.ratis.grpc.server.GrpcServerProtocolClient.requestVote(GrpcServerProtocolClient.java:99)
	at org.apache.ratis.grpc.server.GrpcService.requestVote(GrpcService.java:204)
	at org.apache.ratis.server.impl.LeaderElection.lambda$submitRequests$1(LeaderElection.java:234)
	at java.util.concurrent.FutureTask.run(FutureTask.java:266)
	at java.util.concurrent.Executors$RunnableAdapter.call(Executors.java:511)
	at java.util.concurrent.FutureTask.run(FutureTask.java:266)
	at java.util.concurrent.ThreadPoolExecutor.runWorker(ThreadPoolExecutor.java:1149)
	at java.util.concurrent.ThreadPoolExecutor$Worker.run(ThreadPoolExecutor.java:624)
	... 1 more
Caused by: org.apache.ratis.thirdparty.io.netty.channel.AbstractChannel$AnnotatedConnectException: Connection refused: /192.168.34.56:36658
	at sun.nio.ch.SocketChannelImpl.checkConnect(Native Method)
	at sun.nio.ch.SocketChannelImpl.finishConnect(SocketChannelImpl.java:717)
	at org.apache.ratis.thirdparty.io.netty.channel.socket.nio.NioSocketChannel.doFinishConnect(NioSocketChannel.java:327)
	at org.apache.ratis.thirdparty.io.netty.channel.nio.AbstractNioChannel$AbstractNioUnsafe.finishConnect(AbstractNioChannel.java:340)
	at org.apache.ratis.thirdparty.io.netty.channel.nio.NioEventLoop.processSelectedKey(NioEventLoop.java:632)
	at org.apache.ratis.thirdparty.io.netty.channel.nio.NioEventLoop.processSelectedKeysOptimized(NioEventLoop.java:579)
	at org.apache.ratis.thirdparty.io.netty.channel.nio.NioEventLoop.processSelectedKeys(NioEventLoop.java:496)
	at org.apache.ratis.thirdparty.io.netty.channel.nio.NioEventLoop.run(NioEventLoop.java:458)
	at org.apache.ratis.thirdparty.io.netty.util.concurrent.SingleThreadEventExecutor$5.run(SingleThreadEventExecutor.java:897)
	at org.apache.ratis.thirdparty.io.netty.util.concurrent.FastThreadLocalRunnable.run(FastThreadLocalRunnable.java:30)
	... 1 more
Caused by: java.net.ConnectException: Connection refused
	... 11 more
2019-10-18 13:01:54,975 [c124d131-afb9-4343-ad4e-aaebde613043@group-FF4202234884-LeaderElection312] INFO  impl.RaftServerImpl (RaftServerImpl.java:setRole(184)) - c124d131-afb9-4343-ad4e-aaebde613043@group-FF4202234884: changes role from CANDIDATE to FOLLOWER at term 170 for DISCOVERED_A_NEW_TERM
2019-10-18 13:01:54,975 [c124d131-afb9-4343-ad4e-aaebde613043@group-FF4202234884-LeaderElection312] INFO  impl.RoleInfo (RoleInfo.java:shutdownLeaderElection(134)) - c124d131-afb9-4343-ad4e-aaebde613043: shutdown LeaderElection
2019-10-18 13:01:54,975 [c124d131-afb9-4343-ad4e-aaebde613043@group-FF4202234884-LeaderElection312] INFO  impl.RoleInfo (RoleInfo.java:updateAndGet(143)) - c124d131-afb9-4343-ad4e-aaebde613043: start FollowerState
2019-10-18 13:01:55,084 [Thread-2608] INFO  impl.FollowerState (FollowerState.java:run(108)) - 018b3f78-d19f-4e26-a796-cb8ddc4f97cf@group-187684C21557-FollowerState: change to CANDIDATE, lastRpcTime:165ms, electionTimeout:165ms
2019-10-18 13:01:55,084 [Thread-2608] INFO  impl.RoleInfo (RoleInfo.java:shutdownFollowerState(121)) - 018b3f78-d19f-4e26-a796-cb8ddc4f97cf: shutdown FollowerState
2019-10-18 13:01:55,084 [Thread-2608] INFO  impl.RaftServerImpl (RaftServerImpl.java:setRole(184)) - 018b3f78-d19f-4e26-a796-cb8ddc4f97cf@group-187684C21557: changes role from  FOLLOWER to CANDIDATE at term 183 for changeToCandidate
2019-10-18 13:01:55,084 [Thread-2608] INFO  impl.RoleInfo (RoleInfo.java:updateAndGet(143)) - 018b3f78-d19f-4e26-a796-cb8ddc4f97cf: start LeaderElection
2019-10-18 13:01:55,110 [Thread-2611] INFO  impl.FollowerState (FollowerState.java:run(108)) - c124d131-afb9-4343-ad4e-aaebde613043@group-FF4202234884-FollowerState: change to CANDIDATE, lastRpcTime:134ms, electionTimeout:134ms
2019-10-18 13:01:55,110 [Thread-2611] INFO  impl.RoleInfo (RoleInfo.java:shutdownFollowerState(121)) - c124d131-afb9-4343-ad4e-aaebde613043: shutdown FollowerState
2019-10-18 13:01:55,110 [Thread-2611] INFO  impl.RaftServerImpl (RaftServerImpl.java:setRole(184)) - c124d131-afb9-4343-ad4e-aaebde613043@group-FF4202234884: changes role from  FOLLOWER to CANDIDATE at term 170 for changeToCandidate
2019-10-18 13:01:55,110 [Thread-2611] INFO  impl.RoleInfo (RoleInfo.java:updateAndGet(143)) - c124d131-afb9-4343-ad4e-aaebde613043: start LeaderElection
2019-10-18 13:01:55,169 [018b3f78-d19f-4e26-a796-cb8ddc4f97cf@group-187684C21557-LeaderElection313] INFO  impl.LeaderElection (LeaderElection.java:askForVotes(178)) - 018b3f78-d19f-4e26-a796-cb8ddc4f97cf@group-187684C21557-LeaderElection313: begin an election at term 184 for -1: [893cf03e-f2cf-478a-892a-a746717e50e3:192.168.34.56:40750, 8697df36-98d2-41b1-bdc7-60597b3b5526:192.168.34.56:46415, 018b3f78-d19f-4e26-a796-cb8ddc4f97cf:192.168.34.56:35845], old=null
2019-10-18 13:01:55,171 [grpc-default-executor-2] INFO  impl.RaftServerImpl (RaftServerImpl.java:setRole(184)) - 893cf03e-f2cf-478a-892a-a746717e50e3@group-187684C21557: changes role from  FOLLOWER to FOLLOWER at term 184 for recognizeCandidate:018b3f78-d19f-4e26-a796-cb8ddc4f97cf
2019-10-18 13:01:55,171 [grpc-default-executor-7] INFO  impl.RaftServerImpl (RaftServerImpl.java:setRole(184)) - 8697df36-98d2-41b1-bdc7-60597b3b5526@group-187684C21557: changes role from  FOLLOWER to FOLLOWER at term 184 for recognizeCandidate:018b3f78-d19f-4e26-a796-cb8ddc4f97cf
2019-10-18 13:01:55,172 [grpc-default-executor-7] INFO  impl.RoleInfo (RoleInfo.java:shutdownFollowerState(121)) - 8697df36-98d2-41b1-bdc7-60597b3b5526: shutdown FollowerState
2019-10-18 13:01:55,171 [grpc-default-executor-2] INFO  impl.RoleInfo (RoleInfo.java:shutdownFollowerState(121)) - 893cf03e-f2cf-478a-892a-a746717e50e3: shutdown FollowerState
2019-10-18 13:01:55,172 [Thread-2606] INFO  impl.FollowerState (FollowerState.java:run(117)) - 8697df36-98d2-41b1-bdc7-60597b3b5526@group-187684C21557-FollowerState was interrupted: java.lang.InterruptedException: sleep interrupted
2019-10-18 13:01:55,172 [Thread-2605] INFO  impl.FollowerState (FollowerState.java:run(117)) - 893cf03e-f2cf-478a-892a-a746717e50e3@group-187684C21557-FollowerState was interrupted: java.lang.InterruptedException: sleep interrupted
2019-10-18 13:01:55,172 [grpc-default-executor-7] INFO  impl.RoleInfo (RoleInfo.java:updateAndGet(143)) - 8697df36-98d2-41b1-bdc7-60597b3b5526: start FollowerState
2019-10-18 13:01:55,172 [grpc-default-executor-2] INFO  impl.RoleInfo (RoleInfo.java:updateAndGet(143)) - 893cf03e-f2cf-478a-892a-a746717e50e3: start FollowerState
2019-10-18 13:01:55,183 [java.util.concurrent.ThreadPoolExecutor$Worker@7a2507ec[State = -1, empty queue]] WARN  server.GrpcLogAppender (GrpcLogAppender.java:timeoutAppendRequest(209)) - 17618ccc-f51c-4f14-92cf-842ef2c05e35@group-08BD6F798C58->32d97539-eb73-46c6-a759-05f11ff00f4c-GrpcLogAppender: appendEntries Timeout, request=17618ccc-f51c-4f14-92cf-842ef2c05e35->32d97539-eb73-46c6-a759-05f11ff00f4c#74-t10, previous=(t:10, i:19), leaderCommit=19, initializing? false, entries: <empty>
2019-10-18 13:01:55,219 [java.util.concurrent.ThreadPoolExecutor$Worker@b7e5976[State = -1, empty queue]] WARN  server.GrpcLogAppender (GrpcLogAppender.java:timeoutAppendRequest(209)) - 17618ccc-f51c-4f14-92cf-842ef2c05e35@group-08BD6F798C58->896cef04-248b-470f-8c5c-c9acb81bb157-GrpcLogAppender: appendEntries Timeout, request=17618ccc-f51c-4f14-92cf-842ef2c05e35->896cef04-248b-470f-8c5c-c9acb81bb157#76-t10, previous=(t:10, i:19), leaderCommit=19, initializing? false, entries: <empty>
2019-10-18 13:01:55,232 [c124d131-afb9-4343-ad4e-aaebde613043@group-FF4202234884-LeaderElection314] INFO  impl.LeaderElection (LeaderElection.java:askForVotes(178)) - c124d131-afb9-4343-ad4e-aaebde613043@group-FF4202234884-LeaderElection314: begin an election at term 171 for -1: [999343e7-0330-4874-a345-91eca72585e0:192.168.34.56:44872, c124d131-afb9-4343-ad4e-aaebde613043:192.168.34.56:42116, e5bb327f-cdd7-4e49-919e-13a4c895fddf:192.168.34.56:36658], old=null
2019-10-18 13:01:55,234 [c124d131-afb9-4343-ad4e-aaebde613043@group-FF4202234884-LeaderElection314] INFO  impl.LeaderElection (LogUtils.java:infoOrTrace(149)) - c124d131-afb9-4343-ad4e-aaebde613043@group-FF4202234884-LeaderElection314 got exception when requesting votes: {}
java.util.concurrent.ExecutionException: org.apache.ratis.thirdparty.io.grpc.StatusRuntimeException: UNAVAILABLE: io exception
	at java.util.concurrent.FutureTask.report(FutureTask.java:122)
	at java.util.concurrent.FutureTask.get(FutureTask.java:192)
	at org.apache.ratis.server.impl.LeaderElection.waitForResults(LeaderElection.java:259)
	at org.apache.ratis.server.impl.LeaderElection.askForVotes(LeaderElection.java:197)
	at org.apache.ratis.server.impl.LeaderElection.run(LeaderElection.java:133)
	at java.lang.Thread.run(Thread.java:748)
Caused by: org.apache.ratis.thirdparty.io.grpc.StatusRuntimeException: UNAVAILABLE: io exception
	at org.apache.ratis.thirdparty.io.grpc.stub.ClientCalls.toStatusRuntimeException(ClientCalls.java:233)
	at org.apache.ratis.thirdparty.io.grpc.stub.ClientCalls.getUnchecked(ClientCalls.java:214)
	at org.apache.ratis.thirdparty.io.grpc.stub.ClientCalls.blockingUnaryCall(ClientCalls.java:139)
	at org.apache.ratis.proto.grpc.RaftServerProtocolServiceGrpc$RaftServerProtocolServiceBlockingStub.requestVote(RaftServerProtocolServiceGrpc.java:265)
	at org.apache.ratis.grpc.server.GrpcServerProtocolClient.requestVote(GrpcServerProtocolClient.java:99)
	at org.apache.ratis.grpc.server.GrpcService.requestVote(GrpcService.java:204)
	at org.apache.ratis.server.impl.LeaderElection.lambda$submitRequests$1(LeaderElection.java:234)
	at java.util.concurrent.FutureTask.run(FutureTask.java:266)
	at java.util.concurrent.Executors$RunnableAdapter.call(Executors.java:511)
	at java.util.concurrent.FutureTask.run(FutureTask.java:266)
	at java.util.concurrent.ThreadPoolExecutor.runWorker(ThreadPoolExecutor.java:1149)
	at java.util.concurrent.ThreadPoolExecutor$Worker.run(ThreadPoolExecutor.java:624)
	... 1 more
Caused by: org.apache.ratis.thirdparty.io.netty.channel.AbstractChannel$AnnotatedConnectException: Connection refused: /192.168.34.56:36658
	at sun.nio.ch.SocketChannelImpl.checkConnect(Native Method)
	at sun.nio.ch.SocketChannelImpl.finishConnect(SocketChannelImpl.java:717)
	at org.apache.ratis.thirdparty.io.netty.channel.socket.nio.NioSocketChannel.doFinishConnect(NioSocketChannel.java:327)
	at org.apache.ratis.thirdparty.io.netty.channel.nio.AbstractNioChannel$AbstractNioUnsafe.finishConnect(AbstractNioChannel.java:340)
	at org.apache.ratis.thirdparty.io.netty.channel.nio.NioEventLoop.processSelectedKey(NioEventLoop.java:632)
	at org.apache.ratis.thirdparty.io.netty.channel.nio.NioEventLoop.processSelectedKeysOptimized(NioEventLoop.java:579)
	at org.apache.ratis.thirdparty.io.netty.channel.nio.NioEventLoop.processSelectedKeys(NioEventLoop.java:496)
	at org.apache.ratis.thirdparty.io.netty.channel.nio.NioEventLoop.run(NioEventLoop.java:458)
	at org.apache.ratis.thirdparty.io.netty.util.concurrent.SingleThreadEventExecutor$5.run(SingleThreadEventExecutor.java:897)
	at org.apache.ratis.thirdparty.io.netty.util.concurrent.FastThreadLocalRunnable.run(FastThreadLocalRunnable.java:30)
	... 1 more
Caused by: java.net.ConnectException: Connection refused
	... 11 more
2019-10-18 13:01:55,235 [018b3f78-d19f-4e26-a796-cb8ddc4f97cf@group-187684C21557-LeaderElection313] INFO  impl.LeaderElection (LeaderElection.java:logAndReturn(56)) - 018b3f78-d19f-4e26-a796-cb8ddc4f97cf@group-187684C21557-LeaderElection313: Election TIMEOUT; received 1 response(s) [018b3f78-d19f-4e26-a796-cb8ddc4f97cf<-8697df36-98d2-41b1-bdc7-60597b3b5526#0:FAIL-t184] and 0 exception(s); 018b3f78-d19f-4e26-a796-cb8ddc4f97cf@group-187684C21557:t184, leader=null, voted=018b3f78-d19f-4e26-a796-cb8ddc4f97cf, raftlog=018b3f78-d19f-4e26-a796-cb8ddc4f97cf@group-187684C21557-SegmentedRaftLog:OPENED:c-1,f-1,i0, conf=-1: [893cf03e-f2cf-478a-892a-a746717e50e3:192.168.34.56:40750, 8697df36-98d2-41b1-bdc7-60597b3b5526:192.168.34.56:46415, 018b3f78-d19f-4e26-a796-cb8ddc4f97cf:192.168.34.56:35845], old=null
2019-10-18 13:01:55,235 [c124d131-afb9-4343-ad4e-aaebde613043@group-FF4202234884-LeaderElection314] INFO  impl.LeaderElection (LogUtils.java:infoOrTrace(149)) - c124d131-afb9-4343-ad4e-aaebde613043@group-FF4202234884-LeaderElection314 got exception when requesting votes: {}
java.util.concurrent.ExecutionException: org.apache.ratis.thirdparty.io.grpc.StatusRuntimeException: UNAVAILABLE: io exception
	at java.util.concurrent.FutureTask.report(FutureTask.java:122)
	at java.util.concurrent.FutureTask.get(FutureTask.java:192)
	at org.apache.ratis.server.impl.LeaderElection.waitForResults(LeaderElection.java:259)
	at org.apache.ratis.server.impl.LeaderElection.askForVotes(LeaderElection.java:197)
	at org.apache.ratis.server.impl.LeaderElection.run(LeaderElection.java:133)
	at java.lang.Thread.run(Thread.java:748)
Caused by: org.apache.ratis.thirdparty.io.grpc.StatusRuntimeException: UNAVAILABLE: io exception
	at org.apache.ratis.thirdparty.io.grpc.stub.ClientCalls.toStatusRuntimeException(ClientCalls.java:233)
	at org.apache.ratis.thirdparty.io.grpc.stub.ClientCalls.getUnchecked(ClientCalls.java:214)
	at org.apache.ratis.thirdparty.io.grpc.stub.ClientCalls.blockingUnaryCall(ClientCalls.java:139)
	at org.apache.ratis.proto.grpc.RaftServerProtocolServiceGrpc$RaftServerProtocolServiceBlockingStub.requestVote(RaftServerProtocolServiceGrpc.java:265)
	at org.apache.ratis.grpc.server.GrpcServerProtocolClient.requestVote(GrpcServerProtocolClient.java:99)
	at org.apache.ratis.grpc.server.GrpcService.requestVote(GrpcService.java:204)
	at org.apache.ratis.server.impl.LeaderElection.lambda$submitRequests$1(LeaderElection.java:234)
	at java.util.concurrent.FutureTask.run(FutureTask.java:266)
	at java.util.concurrent.Executors$RunnableAdapter.call(Executors.java:511)
	at java.util.concurrent.FutureTask.run(FutureTask.java:266)
	at java.util.concurrent.ThreadPoolExecutor.runWorker(ThreadPoolExecutor.java:1149)
	at java.util.concurrent.ThreadPoolExecutor$Worker.run(ThreadPoolExecutor.java:624)
	... 1 more
Caused by: org.apache.ratis.thirdparty.io.netty.channel.AbstractChannel$AnnotatedConnectException: Connection refused: /192.168.34.56:44872
	at sun.nio.ch.SocketChannelImpl.checkConnect(Native Method)
	at sun.nio.ch.SocketChannelImpl.finishConnect(SocketChannelImpl.java:717)
	at org.apache.ratis.thirdparty.io.netty.channel.socket.nio.NioSocketChannel.doFinishConnect(NioSocketChannel.java:327)
	at org.apache.ratis.thirdparty.io.netty.channel.nio.AbstractNioChannel$AbstractNioUnsafe.finishConnect(AbstractNioChannel.java:340)
	at org.apache.ratis.thirdparty.io.netty.channel.nio.NioEventLoop.processSelectedKey(NioEventLoop.java:632)
	at org.apache.ratis.thirdparty.io.netty.channel.nio.NioEventLoop.processSelectedKeysOptimized(NioEventLoop.java:579)
	at org.apache.ratis.thirdparty.io.netty.channel.nio.NioEventLoop.processSelectedKeys(NioEventLoop.java:496)
	at org.apache.ratis.thirdparty.io.netty.channel.nio.NioEventLoop.run(NioEventLoop.java:458)
	at org.apache.ratis.thirdparty.io.netty.util.concurrent.SingleThreadEventExecutor$5.run(SingleThreadEventExecutor.java:897)
	at org.apache.ratis.thirdparty.io.netty.util.concurrent.FastThreadLocalRunnable.run(FastThreadLocalRunnable.java:30)
	... 1 more
Caused by: java.net.ConnectException: Connection refused
	... 11 more
2019-10-18 13:01:55,237 [c124d131-afb9-4343-ad4e-aaebde613043@group-FF4202234884-LeaderElection314] INFO  impl.LeaderElection (LeaderElection.java:logAndReturn(56)) - c124d131-afb9-4343-ad4e-aaebde613043@group-FF4202234884-LeaderElection314: Election REJECTED; received 0 response(s) [] and 2 exception(s); c124d131-afb9-4343-ad4e-aaebde613043@group-FF4202234884:t171, leader=null, voted=c124d131-afb9-4343-ad4e-aaebde613043, raftlog=c124d131-afb9-4343-ad4e-aaebde613043@group-FF4202234884-SegmentedRaftLog:OPENED:c-1,f-1,i0, conf=-1: [999343e7-0330-4874-a345-91eca72585e0:192.168.34.56:44872, c124d131-afb9-4343-ad4e-aaebde613043:192.168.34.56:42116, e5bb327f-cdd7-4e49-919e-13a4c895fddf:192.168.34.56:36658], old=null
2019-10-18 13:01:55,237 [c124d131-afb9-4343-ad4e-aaebde613043@group-FF4202234884-LeaderElection314] INFO  impl.LeaderElection (LogUtils.java:infoOrTrace(149)) -   Exception 0: {}
java.util.concurrent.ExecutionException: org.apache.ratis.thirdparty.io.grpc.StatusRuntimeException: UNAVAILABLE: io exception
	at java.util.concurrent.FutureTask.report(FutureTask.java:122)
	at java.util.concurrent.FutureTask.get(FutureTask.java:192)
	at org.apache.ratis.server.impl.LeaderElection.waitForResults(LeaderElection.java:259)
	at org.apache.ratis.server.impl.LeaderElection.askForVotes(LeaderElection.java:197)
	at org.apache.ratis.server.impl.LeaderElection.run(LeaderElection.java:133)
	at java.lang.Thread.run(Thread.java:748)
Caused by: org.apache.ratis.thirdparty.io.grpc.StatusRuntimeException: UNAVAILABLE: io exception
	at org.apache.ratis.thirdparty.io.grpc.stub.ClientCalls.toStatusRuntimeException(ClientCalls.java:233)
	at org.apache.ratis.thirdparty.io.grpc.stub.ClientCalls.getUnchecked(ClientCalls.java:214)
	at org.apache.ratis.thirdparty.io.grpc.stub.ClientCalls.blockingUnaryCall(ClientCalls.java:139)
	at org.apache.ratis.proto.grpc.RaftServerProtocolServiceGrpc$RaftServerProtocolServiceBlockingStub.requestVote(RaftServerProtocolServiceGrpc.java:265)
	at org.apache.ratis.grpc.server.GrpcServerProtocolClient.requestVote(GrpcServerProtocolClient.java:99)
	at org.apache.ratis.grpc.server.GrpcService.requestVote(GrpcService.java:204)
	at org.apache.ratis.server.impl.LeaderElection.lambda$submitRequests$1(LeaderElection.java:234)
	at java.util.concurrent.FutureTask.run(FutureTask.java:266)
	at java.util.concurrent.Executors$RunnableAdapter.call(Executors.java:511)
	at java.util.concurrent.FutureTask.run(FutureTask.java:266)
	at java.util.concurrent.ThreadPoolExecutor.runWorker(ThreadPoolExecutor.java:1149)
	at java.util.concurrent.ThreadPoolExecutor$Worker.run(ThreadPoolExecutor.java:624)
	... 1 more
Caused by: org.apache.ratis.thirdparty.io.netty.channel.AbstractChannel$AnnotatedConnectException: Connection refused: /192.168.34.56:36658
	at sun.nio.ch.SocketChannelImpl.checkConnect(Native Method)
	at sun.nio.ch.SocketChannelImpl.finishConnect(SocketChannelImpl.java:717)
	at org.apache.ratis.thirdparty.io.netty.channel.socket.nio.NioSocketChannel.doFinishConnect(NioSocketChannel.java:327)
	at org.apache.ratis.thirdparty.io.netty.channel.nio.AbstractNioChannel$AbstractNioUnsafe.finishConnect(AbstractNioChannel.java:340)
	at org.apache.ratis.thirdparty.io.netty.channel.nio.NioEventLoop.processSelectedKey(NioEventLoop.java:632)
	at org.apache.ratis.thirdparty.io.netty.channel.nio.NioEventLoop.processSelectedKeysOptimized(NioEventLoop.java:579)
	at org.apache.ratis.thirdparty.io.netty.channel.nio.NioEventLoop.processSelectedKeys(NioEventLoop.java:496)
	at org.apache.ratis.thirdparty.io.netty.channel.nio.NioEventLoop.run(NioEventLoop.java:458)
	at org.apache.ratis.thirdparty.io.netty.util.concurrent.SingleThreadEventExecutor$5.run(SingleThreadEventExecutor.java:897)
	at org.apache.ratis.thirdparty.io.netty.util.concurrent.FastThreadLocalRunnable.run(FastThreadLocalRunnable.java:30)
	... 1 more
Caused by: java.net.ConnectException: Connection refused
	... 11 more
2019-10-18 13:01:55,237 [c124d131-afb9-4343-ad4e-aaebde613043@group-FF4202234884-LeaderElection314] INFO  impl.LeaderElection (LogUtils.java:infoOrTrace(149)) -   Exception 1: {}
java.util.concurrent.ExecutionException: org.apache.ratis.thirdparty.io.grpc.StatusRuntimeException: UNAVAILABLE: io exception
	at java.util.concurrent.FutureTask.report(FutureTask.java:122)
	at java.util.concurrent.FutureTask.get(FutureTask.java:192)
	at org.apache.ratis.server.impl.LeaderElection.waitForResults(LeaderElection.java:259)
	at org.apache.ratis.server.impl.LeaderElection.askForVotes(LeaderElection.java:197)
	at org.apache.ratis.server.impl.LeaderElection.run(LeaderElection.java:133)
	at java.lang.Thread.run(Thread.java:748)
Caused by: org.apache.ratis.thirdparty.io.grpc.StatusRuntimeException: UNAVAILABLE: io exception
	at org.apache.ratis.thirdparty.io.grpc.stub.ClientCalls.toStatusRuntimeException(ClientCalls.java:233)
	at org.apache.ratis.thirdparty.io.grpc.stub.ClientCalls.getUnchecked(ClientCalls.java:214)
	at org.apache.ratis.thirdparty.io.grpc.stub.ClientCalls.blockingUnaryCall(ClientCalls.java:139)
	at org.apache.ratis.proto.grpc.RaftServerProtocolServiceGrpc$RaftServerProtocolServiceBlockingStub.requestVote(RaftServerProtocolServiceGrpc.java:265)
	at org.apache.ratis.grpc.server.GrpcServerProtocolClient.requestVote(GrpcServerProtocolClient.java:99)
	at org.apache.ratis.grpc.server.GrpcService.requestVote(GrpcService.java:204)
	at org.apache.ratis.server.impl.LeaderElection.lambda$submitRequests$1(LeaderElection.java:234)
	at java.util.concurrent.FutureTask.run(FutureTask.java:266)
	at java.util.concurrent.Executors$RunnableAdapter.call(Executors.java:511)
	at java.util.concurrent.FutureTask.run(FutureTask.java:266)
	at java.util.concurrent.ThreadPoolExecutor.runWorker(ThreadPoolExecutor.java:1149)
	at java.util.concurrent.ThreadPoolExecutor$Worker.run(ThreadPoolExecutor.java:624)
	... 1 more
Caused by: org.apache.ratis.thirdparty.io.netty.channel.AbstractChannel$AnnotatedConnectException: Connection refused: /192.168.34.56:44872
	at sun.nio.ch.SocketChannelImpl.checkConnect(Native Method)
	at sun.nio.ch.SocketChannelImpl.finishConnect(SocketChannelImpl.java:717)
	at org.apache.ratis.thirdparty.io.netty.channel.socket.nio.NioSocketChannel.doFinishConnect(NioSocketChannel.java:327)
	at org.apache.ratis.thirdparty.io.netty.channel.nio.AbstractNioChannel$AbstractNioUnsafe.finishConnect(AbstractNioChannel.java:340)
	at org.apache.ratis.thirdparty.io.netty.channel.nio.NioEventLoop.processSelectedKey(NioEventLoop.java:632)
	at org.apache.ratis.thirdparty.io.netty.channel.nio.NioEventLoop.processSelectedKeysOptimized(NioEventLoop.java:579)
	at org.apache.ratis.thirdparty.io.netty.channel.nio.NioEventLoop.processSelectedKeys(NioEventLoop.java:496)
	at org.apache.ratis.thirdparty.io.netty.channel.nio.NioEventLoop.run(NioEventLoop.java:458)
	at org.apache.ratis.thirdparty.io.netty.util.concurrent.SingleThreadEventExecutor$5.run(SingleThreadEventExecutor.java:897)
	at org.apache.ratis.thirdparty.io.netty.util.concurrent.FastThreadLocalRunnable.run(FastThreadLocalRunnable.java:30)
	... 1 more
Caused by: java.net.ConnectException: Connection refused
	... 11 more
2019-10-18 13:01:55,238 [c124d131-afb9-4343-ad4e-aaebde613043@group-FF4202234884-LeaderElection314] INFO  impl.RaftServerImpl (RaftServerImpl.java:setRole(184)) - c124d131-afb9-4343-ad4e-aaebde613043@group-FF4202234884: changes role from CANDIDATE to FOLLOWER at term 171 for DISCOVERED_A_NEW_TERM
2019-10-18 13:01:55,238 [c124d131-afb9-4343-ad4e-aaebde613043@group-FF4202234884-LeaderElection314] INFO  impl.RoleInfo (RoleInfo.java:shutdownLeaderElection(134)) - c124d131-afb9-4343-ad4e-aaebde613043: shutdown LeaderElection
2019-10-18 13:01:55,239 [c124d131-afb9-4343-ad4e-aaebde613043@group-FF4202234884-LeaderElection314] INFO  impl.RoleInfo (RoleInfo.java:updateAndGet(143)) - c124d131-afb9-4343-ad4e-aaebde613043: start FollowerState
2019-10-18 13:01:55,307 [018b3f78-d19f-4e26-a796-cb8ddc4f97cf@group-187684C21557-LeaderElection313] INFO  impl.LeaderElection (LeaderElection.java:askForVotes(178)) - 018b3f78-d19f-4e26-a796-cb8ddc4f97cf@group-187684C21557-LeaderElection313: begin an election at term 185 for -1: [893cf03e-f2cf-478a-892a-a746717e50e3:192.168.34.56:40750, 8697df36-98d2-41b1-bdc7-60597b3b5526:192.168.34.56:46415, 018b3f78-d19f-4e26-a796-cb8ddc4f97cf:192.168.34.56:35845], old=null
2019-10-18 13:01:55,311 [grpc-default-executor-2] INFO  impl.RaftServerImpl (RaftServerImpl.java:setRole(184)) - 893cf03e-f2cf-478a-892a-a746717e50e3@group-187684C21557: changes role from  FOLLOWER to FOLLOWER at term 185 for recognizeCandidate:018b3f78-d19f-4e26-a796-cb8ddc4f97cf
2019-10-18 13:01:55,311 [grpc-default-executor-2] INFO  impl.RoleInfo (RoleInfo.java:shutdownFollowerState(121)) - 893cf03e-f2cf-478a-892a-a746717e50e3: shutdown FollowerState
2019-10-18 13:01:55,311 [grpc-default-executor-7] INFO  impl.RaftServerImpl (RaftServerImpl.java:setRole(184)) - 8697df36-98d2-41b1-bdc7-60597b3b5526@group-187684C21557: changes role from  FOLLOWER to FOLLOWER at term 185 for recognizeCandidate:018b3f78-d19f-4e26-a796-cb8ddc4f97cf
2019-10-18 13:01:55,312 [grpc-default-executor-7] INFO  impl.RoleInfo (RoleInfo.java:shutdownFollowerState(121)) - 8697df36-98d2-41b1-bdc7-60597b3b5526: shutdown FollowerState
2019-10-18 13:01:55,311 [grpc-default-executor-2] INFO  impl.RoleInfo (RoleInfo.java:updateAndGet(143)) - 893cf03e-f2cf-478a-892a-a746717e50e3: start FollowerState
2019-10-18 13:01:55,312 [Thread-2616] INFO  impl.FollowerState (FollowerState.java:run(117)) - 8697df36-98d2-41b1-bdc7-60597b3b5526@group-187684C21557-FollowerState was interrupted: java.lang.InterruptedException: sleep interrupted
2019-10-18 13:01:55,312 [Thread-2617] INFO  impl.FollowerState (FollowerState.java:run(117)) - 893cf03e-f2cf-478a-892a-a746717e50e3@group-187684C21557-FollowerState was interrupted: java.lang.InterruptedException: sleep interrupted
2019-10-18 13:01:55,312 [grpc-default-executor-7] INFO  impl.RoleInfo (RoleInfo.java:updateAndGet(143)) - 8697df36-98d2-41b1-bdc7-60597b3b5526: start FollowerState
2019-10-18 13:01:55,365 [018b3f78-d19f-4e26-a796-cb8ddc4f97cf@group-187684C21557-LeaderElection313] INFO  impl.LeaderElection (LeaderElection.java:logAndReturn(56)) - 018b3f78-d19f-4e26-a796-cb8ddc4f97cf@group-187684C21557-LeaderElection313: Election REJECTED; received 2 response(s) [018b3f78-d19f-4e26-a796-cb8ddc4f97cf<-893cf03e-f2cf-478a-892a-a746717e50e3#0:FAIL-t185, 018b3f78-d19f-4e26-a796-cb8ddc4f97cf<-8697df36-98d2-41b1-bdc7-60597b3b5526#0:FAIL-t185] and 0 exception(s); 018b3f78-d19f-4e26-a796-cb8ddc4f97cf@group-187684C21557:t185, leader=null, voted=018b3f78-d19f-4e26-a796-cb8ddc4f97cf, raftlog=018b3f78-d19f-4e26-a796-cb8ddc4f97cf@group-187684C21557-SegmentedRaftLog:OPENED:c-1,f-1,i0, conf=-1: [893cf03e-f2cf-478a-892a-a746717e50e3:192.168.34.56:40750, 8697df36-98d2-41b1-bdc7-60597b3b5526:192.168.34.56:46415, 018b3f78-d19f-4e26-a796-cb8ddc4f97cf:192.168.34.56:35845], old=null
2019-10-18 13:01:55,365 [018b3f78-d19f-4e26-a796-cb8ddc4f97cf@group-187684C21557-LeaderElection313] INFO  impl.RaftServerImpl (RaftServerImpl.java:setRole(184)) - 018b3f78-d19f-4e26-a796-cb8ddc4f97cf@group-187684C21557: changes role from CANDIDATE to FOLLOWER at term 185 for DISCOVERED_A_NEW_TERM
2019-10-18 13:01:55,365 [018b3f78-d19f-4e26-a796-cb8ddc4f97cf@group-187684C21557-LeaderElection313] INFO  impl.RoleInfo (RoleInfo.java:shutdownLeaderElection(134)) - 018b3f78-d19f-4e26-a796-cb8ddc4f97cf: shutdown LeaderElection
2019-10-18 13:01:55,366 [018b3f78-d19f-4e26-a796-cb8ddc4f97cf@group-187684C21557-LeaderElection313] INFO  impl.RoleInfo (RoleInfo.java:updateAndGet(143)) - 018b3f78-d19f-4e26-a796-cb8ddc4f97cf: start FollowerState
2019-10-18 13:01:55,377 [Thread-2620] INFO  impl.FollowerState (FollowerState.java:run(108)) - c124d131-afb9-4343-ad4e-aaebde613043@group-FF4202234884-FollowerState: change to CANDIDATE, lastRpcTime:138ms, electionTimeout:138ms
2019-10-18 13:01:55,377 [Thread-2620] INFO  impl.RoleInfo (RoleInfo.java:shutdownFollowerState(121)) - c124d131-afb9-4343-ad4e-aaebde613043: shutdown FollowerState
2019-10-18 13:01:55,377 [Thread-2620] INFO  impl.RaftServerImpl (RaftServerImpl.java:setRole(184)) - c124d131-afb9-4343-ad4e-aaebde613043@group-FF4202234884: changes role from  FOLLOWER to CANDIDATE at term 171 for changeToCandidate
2019-10-18 13:01:55,378 [Thread-2620] INFO  impl.RoleInfo (RoleInfo.java:updateAndGet(143)) - c124d131-afb9-4343-ad4e-aaebde613043: start LeaderElection
2019-10-18 13:01:55,419 [c124d131-afb9-4343-ad4e-aaebde613043@group-FF4202234884-LeaderElection315] INFO  impl.LeaderElection (LeaderElection.java:askForVotes(178)) - c124d131-afb9-4343-ad4e-aaebde613043@group-FF4202234884-LeaderElection315: begin an election at term 172 for -1: [999343e7-0330-4874-a345-91eca72585e0:192.168.34.56:44872, c124d131-afb9-4343-ad4e-aaebde613043:192.168.34.56:42116, e5bb327f-cdd7-4e49-919e-13a4c895fddf:192.168.34.56:36658], old=null
2019-10-18 13:01:55,421 [c124d131-afb9-4343-ad4e-aaebde613043@group-FF4202234884-LeaderElection315] INFO  impl.LeaderElection (LogUtils.java:infoOrTrace(149)) - c124d131-afb9-4343-ad4e-aaebde613043@group-FF4202234884-LeaderElection315 got exception when requesting votes: {}
java.util.concurrent.ExecutionException: org.apache.ratis.thirdparty.io.grpc.StatusRuntimeException: UNAVAILABLE: io exception
	at java.util.concurrent.FutureTask.report(FutureTask.java:122)
	at java.util.concurrent.FutureTask.get(FutureTask.java:192)
	at org.apache.ratis.server.impl.LeaderElection.waitForResults(LeaderElection.java:259)
	at org.apache.ratis.server.impl.LeaderElection.askForVotes(LeaderElection.java:197)
	at org.apache.ratis.server.impl.LeaderElection.run(LeaderElection.java:133)
	at java.lang.Thread.run(Thread.java:748)
Caused by: org.apache.ratis.thirdparty.io.grpc.StatusRuntimeException: UNAVAILABLE: io exception
	at org.apache.ratis.thirdparty.io.grpc.stub.ClientCalls.toStatusRuntimeException(ClientCalls.java:233)
	at org.apache.ratis.thirdparty.io.grpc.stub.ClientCalls.getUnchecked(ClientCalls.java:214)
	at org.apache.ratis.thirdparty.io.grpc.stub.ClientCalls.blockingUnaryCall(ClientCalls.java:139)
	at org.apache.ratis.proto.grpc.RaftServerProtocolServiceGrpc$RaftServerProtocolServiceBlockingStub.requestVote(RaftServerProtocolServiceGrpc.java:265)
	at org.apache.ratis.grpc.server.GrpcServerProtocolClient.requestVote(GrpcServerProtocolClient.java:99)
	at org.apache.ratis.grpc.server.GrpcService.requestVote(GrpcService.java:204)
	at org.apache.ratis.server.impl.LeaderElection.lambda$submitRequests$1(LeaderElection.java:234)
	at java.util.concurrent.FutureTask.run(FutureTask.java:266)
	at java.util.concurrent.Executors$RunnableAdapter.call(Executors.java:511)
	at java.util.concurrent.FutureTask.run(FutureTask.java:266)
	at java.util.concurrent.ThreadPoolExecutor.runWorker(ThreadPoolExecutor.java:1149)
	at java.util.concurrent.ThreadPoolExecutor$Worker.run(ThreadPoolExecutor.java:624)
	... 1 more
Caused by: org.apache.ratis.thirdparty.io.netty.channel.AbstractChannel$AnnotatedConnectException: Connection refused: /192.168.34.56:36658
	at sun.nio.ch.SocketChannelImpl.checkConnect(Native Method)
	at sun.nio.ch.SocketChannelImpl.finishConnect(SocketChannelImpl.java:717)
	at org.apache.ratis.thirdparty.io.netty.channel.socket.nio.NioSocketChannel.doFinishConnect(NioSocketChannel.java:327)
	at org.apache.ratis.thirdparty.io.netty.channel.nio.AbstractNioChannel$AbstractNioUnsafe.finishConnect(AbstractNioChannel.java:340)
	at org.apache.ratis.thirdparty.io.netty.channel.nio.NioEventLoop.processSelectedKey(NioEventLoop.java:632)
	at org.apache.ratis.thirdparty.io.netty.channel.nio.NioEventLoop.processSelectedKeysOptimized(NioEventLoop.java:579)
	at org.apache.ratis.thirdparty.io.netty.channel.nio.NioEventLoop.processSelectedKeys(NioEventLoop.java:496)
	at org.apache.ratis.thirdparty.io.netty.channel.nio.NioEventLoop.run(NioEventLoop.java:458)
	at org.apache.ratis.thirdparty.io.netty.util.concurrent.SingleThreadEventExecutor$5.run(SingleThreadEventExecutor.java:897)
	at org.apache.ratis.thirdparty.io.netty.util.concurrent.FastThreadLocalRunnable.run(FastThreadLocalRunnable.java:30)
	... 1 more
Caused by: java.net.ConnectException: Connection refused
	... 11 more
2019-10-18 13:01:55,422 [c124d131-afb9-4343-ad4e-aaebde613043@group-FF4202234884-LeaderElection315] INFO  impl.LeaderElection (LogUtils.java:infoOrTrace(149)) - c124d131-afb9-4343-ad4e-aaebde613043@group-FF4202234884-LeaderElection315 got exception when requesting votes: {}
java.util.concurrent.ExecutionException: org.apache.ratis.thirdparty.io.grpc.StatusRuntimeException: UNAVAILABLE: io exception
	at java.util.concurrent.FutureTask.report(FutureTask.java:122)
	at java.util.concurrent.FutureTask.get(FutureTask.java:192)
	at org.apache.ratis.server.impl.LeaderElection.waitForResults(LeaderElection.java:259)
	at org.apache.ratis.server.impl.LeaderElection.askForVotes(LeaderElection.java:197)
	at org.apache.ratis.server.impl.LeaderElection.run(LeaderElection.java:133)
	at java.lang.Thread.run(Thread.java:748)
Caused by: org.apache.ratis.thirdparty.io.grpc.StatusRuntimeException: UNAVAILABLE: io exception
	at org.apache.ratis.thirdparty.io.grpc.stub.ClientCalls.toStatusRuntimeException(ClientCalls.java:233)
	at org.apache.ratis.thirdparty.io.grpc.stub.ClientCalls.getUnchecked(ClientCalls.java:214)
	at org.apache.ratis.thirdparty.io.grpc.stub.ClientCalls.blockingUnaryCall(ClientCalls.java:139)
	at org.apache.ratis.proto.grpc.RaftServerProtocolServiceGrpc$RaftServerProtocolServiceBlockingStub.requestVote(RaftServerProtocolServiceGrpc.java:265)
	at org.apache.ratis.grpc.server.GrpcServerProtocolClient.requestVote(GrpcServerProtocolClient.java:99)
	at org.apache.ratis.grpc.server.GrpcService.requestVote(GrpcService.java:204)
	at org.apache.ratis.server.impl.LeaderElection.lambda$submitRequests$1(LeaderElection.java:234)
	at java.util.concurrent.FutureTask.run(FutureTask.java:266)
	at java.util.concurrent.Executors$RunnableAdapter.call(Executors.java:511)
	at java.util.concurrent.FutureTask.run(FutureTask.java:266)
	at java.util.concurrent.ThreadPoolExecutor.runWorker(ThreadPoolExecutor.java:1149)
	at java.util.concurrent.ThreadPoolExecutor$Worker.run(ThreadPoolExecutor.java:624)
	... 1 more
Caused by: org.apache.ratis.thirdparty.io.netty.channel.AbstractChannel$AnnotatedConnectException: Connection refused: /192.168.34.56:44872
	at sun.nio.ch.SocketChannelImpl.checkConnect(Native Method)
	at sun.nio.ch.SocketChannelImpl.finishConnect(SocketChannelImpl.java:717)
	at org.apache.ratis.thirdparty.io.netty.channel.socket.nio.NioSocketChannel.doFinishConnect(NioSocketChannel.java:327)
	at org.apache.ratis.thirdparty.io.netty.channel.nio.AbstractNioChannel$AbstractNioUnsafe.finishConnect(AbstractNioChannel.java:340)
	at org.apache.ratis.thirdparty.io.netty.channel.nio.NioEventLoop.processSelectedKey(NioEventLoop.java:632)
	at org.apache.ratis.thirdparty.io.netty.channel.nio.NioEventLoop.processSelectedKeysOptimized(NioEventLoop.java:579)
	at org.apache.ratis.thirdparty.io.netty.channel.nio.NioEventLoop.processSelectedKeys(NioEventLoop.java:496)
	at org.apache.ratis.thirdparty.io.netty.channel.nio.NioEventLoop.run(NioEventLoop.java:458)
	at org.apache.ratis.thirdparty.io.netty.util.concurrent.SingleThreadEventExecutor$5.run(SingleThreadEventExecutor.java:897)
	at org.apache.ratis.thirdparty.io.netty.util.concurrent.FastThreadLocalRunnable.run(FastThreadLocalRunnable.java:30)
	... 1 more
Caused by: java.net.ConnectException: Connection refused
	... 11 more
2019-10-18 13:01:55,422 [c124d131-afb9-4343-ad4e-aaebde613043@group-FF4202234884-LeaderElection315] INFO  impl.LeaderElection (LeaderElection.java:logAndReturn(56)) - c124d131-afb9-4343-ad4e-aaebde613043@group-FF4202234884-LeaderElection315: Election REJECTED; received 0 response(s) [] and 2 exception(s); c124d131-afb9-4343-ad4e-aaebde613043@group-FF4202234884:t172, leader=null, voted=c124d131-afb9-4343-ad4e-aaebde613043, raftlog=c124d131-afb9-4343-ad4e-aaebde613043@group-FF4202234884-SegmentedRaftLog:OPENED:c-1,f-1,i0, conf=-1: [999343e7-0330-4874-a345-91eca72585e0:192.168.34.56:44872, c124d131-afb9-4343-ad4e-aaebde613043:192.168.34.56:42116, e5bb327f-cdd7-4e49-919e-13a4c895fddf:192.168.34.56:36658], old=null
2019-10-18 13:01:55,422 [c124d131-afb9-4343-ad4e-aaebde613043@group-FF4202234884-LeaderElection315] INFO  impl.LeaderElection (LogUtils.java:infoOrTrace(149)) -   Exception 0: {}
java.util.concurrent.ExecutionException: org.apache.ratis.thirdparty.io.grpc.StatusRuntimeException: UNAVAILABLE: io exception
	at java.util.concurrent.FutureTask.report(FutureTask.java:122)
	at java.util.concurrent.FutureTask.get(FutureTask.java:192)
	at org.apache.ratis.server.impl.LeaderElection.waitForResults(LeaderElection.java:259)
	at org.apache.ratis.server.impl.LeaderElection.askForVotes(LeaderElection.java:197)
	at org.apache.ratis.server.impl.LeaderElection.run(LeaderElection.java:133)
	at java.lang.Thread.run(Thread.java:748)
Caused by: org.apache.ratis.thirdparty.io.grpc.StatusRuntimeException: UNAVAILABLE: io exception
	at org.apache.ratis.thirdparty.io.grpc.stub.ClientCalls.toStatusRuntimeException(ClientCalls.java:233)
	at org.apache.ratis.thirdparty.io.grpc.stub.ClientCalls.getUnchecked(ClientCalls.java:214)
	at org.apache.ratis.thirdparty.io.grpc.stub.ClientCalls.blockingUnaryCall(ClientCalls.java:139)
	at org.apache.ratis.proto.grpc.RaftServerProtocolServiceGrpc$RaftServerProtocolServiceBlockingStub.requestVote(RaftServerProtocolServiceGrpc.java:265)
	at org.apache.ratis.grpc.server.GrpcServerProtocolClient.requestVote(GrpcServerProtocolClient.java:99)
	at org.apache.ratis.grpc.server.GrpcService.requestVote(GrpcService.java:204)
	at org.apache.ratis.server.impl.LeaderElection.lambda$submitRequests$1(LeaderElection.java:234)
	at java.util.concurrent.FutureTask.run(FutureTask.java:266)
	at java.util.concurrent.Executors$RunnableAdapter.call(Executors.java:511)
	at java.util.concurrent.FutureTask.run(FutureTask.java:266)
	at java.util.concurrent.ThreadPoolExecutor.runWorker(ThreadPoolExecutor.java:1149)
	at java.util.concurrent.ThreadPoolExecutor$Worker.run(ThreadPoolExecutor.java:624)
	... 1 more
Caused by: org.apache.ratis.thirdparty.io.netty.channel.AbstractChannel$AnnotatedConnectException: Connection refused: /192.168.34.56:36658
	at sun.nio.ch.SocketChannelImpl.checkConnect(Native Method)
	at sun.nio.ch.SocketChannelImpl.finishConnect(SocketChannelImpl.java:717)
	at org.apache.ratis.thirdparty.io.netty.channel.socket.nio.NioSocketChannel.doFinishConnect(NioSocketChannel.java:327)
	at org.apache.ratis.thirdparty.io.netty.channel.nio.AbstractNioChannel$AbstractNioUnsafe.finishConnect(AbstractNioChannel.java:340)
	at org.apache.ratis.thirdparty.io.netty.channel.nio.NioEventLoop.processSelectedKey(NioEventLoop.java:632)
	at org.apache.ratis.thirdparty.io.netty.channel.nio.NioEventLoop.processSelectedKeysOptimized(NioEventLoop.java:579)
	at org.apache.ratis.thirdparty.io.netty.channel.nio.NioEventLoop.processSelectedKeys(NioEventLoop.java:496)
	at org.apache.ratis.thirdparty.io.netty.channel.nio.NioEventLoop.run(NioEventLoop.java:458)
	at org.apache.ratis.thirdparty.io.netty.util.concurrent.SingleThreadEventExecutor$5.run(SingleThreadEventExecutor.java:897)
	at org.apache.ratis.thirdparty.io.netty.util.concurrent.FastThreadLocalRunnable.run(FastThreadLocalRunnable.java:30)
	... 1 more
Caused by: java.net.ConnectException: Connection refused
	... 11 more
2019-10-18 13:01:55,423 [c124d131-afb9-4343-ad4e-aaebde613043@group-FF4202234884-LeaderElection315] INFO  impl.LeaderElection (LogUtils.java:infoOrTrace(149)) -   Exception 1: {}
java.util.concurrent.ExecutionException: org.apache.ratis.thirdparty.io.grpc.StatusRuntimeException: UNAVAILABLE: io exception
	at java.util.concurrent.FutureTask.report(FutureTask.java:122)
	at java.util.concurrent.FutureTask.get(FutureTask.java:192)
	at org.apache.ratis.server.impl.LeaderElection.waitForResults(LeaderElection.java:259)
	at org.apache.ratis.server.impl.LeaderElection.askForVotes(LeaderElection.java:197)
	at org.apache.ratis.server.impl.LeaderElection.run(LeaderElection.java:133)
	at java.lang.Thread.run(Thread.java:748)
Caused by: org.apache.ratis.thirdparty.io.grpc.StatusRuntimeException: UNAVAILABLE: io exception
	at org.apache.ratis.thirdparty.io.grpc.stub.ClientCalls.toStatusRuntimeException(ClientCalls.java:233)
	at org.apache.ratis.thirdparty.io.grpc.stub.ClientCalls.getUnchecked(ClientCalls.java:214)
	at org.apache.ratis.thirdparty.io.grpc.stub.ClientCalls.blockingUnaryCall(ClientCalls.java:139)
	at org.apache.ratis.proto.grpc.RaftServerProtocolServiceGrpc$RaftServerProtocolServiceBlockingStub.requestVote(RaftServerProtocolServiceGrpc.java:265)
	at org.apache.ratis.grpc.server.GrpcServerProtocolClient.requestVote(GrpcServerProtocolClient.java:99)
	at org.apache.ratis.grpc.server.GrpcService.requestVote(GrpcService.java:204)
	at org.apache.ratis.server.impl.LeaderElection.lambda$submitRequests$1(LeaderElection.java:234)
	at java.util.concurrent.FutureTask.run(FutureTask.java:266)
	at java.util.concurrent.Executors$RunnableAdapter.call(Executors.java:511)
	at java.util.concurrent.FutureTask.run(FutureTask.java:266)
	at java.util.concurrent.ThreadPoolExecutor.runWorker(ThreadPoolExecutor.java:1149)
	at java.util.concurrent.ThreadPoolExecutor$Worker.run(ThreadPoolExecutor.java:624)
	... 1 more
Caused by: org.apache.ratis.thirdparty.io.netty.channel.AbstractChannel$AnnotatedConnectException: Connection refused: /192.168.34.56:44872
	at sun.nio.ch.SocketChannelImpl.checkConnect(Native Method)
	at sun.nio.ch.SocketChannelImpl.finishConnect(SocketChannelImpl.java:717)
	at org.apache.ratis.thirdparty.io.netty.channel.socket.nio.NioSocketChannel.doFinishConnect(NioSocketChannel.java:327)
	at org.apache.ratis.thirdparty.io.netty.channel.nio.AbstractNioChannel$AbstractNioUnsafe.finishConnect(AbstractNioChannel.java:340)
	at org.apache.ratis.thirdparty.io.netty.channel.nio.NioEventLoop.processSelectedKey(NioEventLoop.java:632)
	at org.apache.ratis.thirdparty.io.netty.channel.nio.NioEventLoop.processSelectedKeysOptimized(NioEventLoop.java:579)
	at org.apache.ratis.thirdparty.io.netty.channel.nio.NioEventLoop.processSelectedKeys(NioEventLoop.java:496)
	at org.apache.ratis.thirdparty.io.netty.channel.nio.NioEventLoop.run(NioEventLoop.java:458)
	at org.apache.ratis.thirdparty.io.netty.util.concurrent.SingleThreadEventExecutor$5.run(SingleThreadEventExecutor.java:897)
	at org.apache.ratis.thirdparty.io.netty.util.concurrent.FastThreadLocalRunnable.run(FastThreadLocalRunnable.java:30)
	... 1 more
Caused by: java.net.ConnectException: Connection refused
	... 11 more
2019-10-18 13:01:55,423 [c124d131-afb9-4343-ad4e-aaebde613043@group-FF4202234884-LeaderElection315] INFO  impl.RaftServerImpl (RaftServerImpl.java:setRole(184)) - c124d131-afb9-4343-ad4e-aaebde613043@group-FF4202234884: changes role from CANDIDATE to FOLLOWER at term 172 for DISCOVERED_A_NEW_TERM
2019-10-18 13:01:55,423 [c124d131-afb9-4343-ad4e-aaebde613043@group-FF4202234884-LeaderElection315] INFO  impl.RoleInfo (RoleInfo.java:shutdownLeaderElection(134)) - c124d131-afb9-4343-ad4e-aaebde613043: shutdown LeaderElection
2019-10-18 13:01:55,424 [c124d131-afb9-4343-ad4e-aaebde613043@group-FF4202234884-LeaderElection315] INFO  impl.RoleInfo (RoleInfo.java:updateAndGet(143)) - c124d131-afb9-4343-ad4e-aaebde613043: start FollowerState
2019-10-18 13:01:55,454 [Thread-2625] INFO  impl.FollowerState (FollowerState.java:run(108)) - 018b3f78-d19f-4e26-a796-cb8ddc4f97cf@group-187684C21557-FollowerState: change to CANDIDATE, lastRpcTime:88ms, electionTimeout:88ms
2019-10-18 13:01:55,454 [Thread-2625] INFO  impl.RoleInfo (RoleInfo.java:shutdownFollowerState(121)) - 018b3f78-d19f-4e26-a796-cb8ddc4f97cf: shutdown FollowerState
2019-10-18 13:01:55,454 [Thread-2625] INFO  impl.RaftServerImpl (RaftServerImpl.java:setRole(184)) - 018b3f78-d19f-4e26-a796-cb8ddc4f97cf@group-187684C21557: changes role from  FOLLOWER to CANDIDATE at term 185 for changeToCandidate
2019-10-18 13:01:55,455 [Thread-2625] INFO  impl.RoleInfo (RoleInfo.java:updateAndGet(143)) - 018b3f78-d19f-4e26-a796-cb8ddc4f97cf: start LeaderElection
2019-10-18 13:01:55,505 [018b3f78-d19f-4e26-a796-cb8ddc4f97cf@group-187684C21557-LeaderElection316] INFO  impl.LeaderElection (LeaderElection.java:askForVotes(178)) - 018b3f78-d19f-4e26-a796-cb8ddc4f97cf@group-187684C21557-LeaderElection316: begin an election at term 186 for -1: [893cf03e-f2cf-478a-892a-a746717e50e3:192.168.34.56:40750, 8697df36-98d2-41b1-bdc7-60597b3b5526:192.168.34.56:46415, 018b3f78-d19f-4e26-a796-cb8ddc4f97cf:192.168.34.56:35845], old=null
2019-10-18 13:01:55,507 [grpc-default-executor-7] INFO  impl.RaftServerImpl (RaftServerImpl.java:setRole(184)) - 8697df36-98d2-41b1-bdc7-60597b3b5526@group-187684C21557: changes role from  FOLLOWER to FOLLOWER at term 186 for recognizeCandidate:018b3f78-d19f-4e26-a796-cb8ddc4f97cf
2019-10-18 13:01:55,507 [grpc-default-executor-2] INFO  impl.RaftServerImpl (RaftServerImpl.java:setRole(184)) - 893cf03e-f2cf-478a-892a-a746717e50e3@group-187684C21557: changes role from  FOLLOWER to FOLLOWER at term 186 for recognizeCandidate:018b3f78-d19f-4e26-a796-cb8ddc4f97cf
2019-10-18 13:01:55,508 [grpc-default-executor-7] INFO  impl.RoleInfo (RoleInfo.java:shutdownFollowerState(121)) - 8697df36-98d2-41b1-bdc7-60597b3b5526: shutdown FollowerState
2019-10-18 13:01:55,508 [grpc-default-executor-2] INFO  impl.RoleInfo (RoleInfo.java:shutdownFollowerState(121)) - 893cf03e-f2cf-478a-892a-a746717e50e3: shutdown FollowerState
2019-10-18 13:01:55,508 [grpc-default-executor-7] INFO  impl.RoleInfo (RoleInfo.java:updateAndGet(143)) - 8697df36-98d2-41b1-bdc7-60597b3b5526: start FollowerState
2019-10-18 13:01:55,508 [Thread-2623] INFO  impl.FollowerState (FollowerState.java:run(117)) - 893cf03e-f2cf-478a-892a-a746717e50e3@group-187684C21557-FollowerState was interrupted: java.lang.InterruptedException: sleep interrupted
2019-10-18 13:01:55,508 [grpc-default-executor-2] INFO  impl.RoleInfo (RoleInfo.java:updateAndGet(143)) - 893cf03e-f2cf-478a-892a-a746717e50e3: start FollowerState
2019-10-18 13:01:55,508 [Thread-2624] INFO  impl.FollowerState (FollowerState.java:run(117)) - 8697df36-98d2-41b1-bdc7-60597b3b5526@group-187684C21557-FollowerState was interrupted: java.lang.InterruptedException: sleep interrupted
2019-10-18 13:01:55,542 [018b3f78-d19f-4e26-a796-cb8ddc4f97cf@group-187684C21557-LeaderElection316] INFO  impl.LeaderElection (LeaderElection.java:logAndReturn(56)) - 018b3f78-d19f-4e26-a796-cb8ddc4f97cf@group-187684C21557-LeaderElection316: Election REJECTED; received 2 response(s) [018b3f78-d19f-4e26-a796-cb8ddc4f97cf<-893cf03e-f2cf-478a-892a-a746717e50e3#0:FAIL-t186, 018b3f78-d19f-4e26-a796-cb8ddc4f97cf<-8697df36-98d2-41b1-bdc7-60597b3b5526#0:FAIL-t186] and 0 exception(s); 018b3f78-d19f-4e26-a796-cb8ddc4f97cf@group-187684C21557:t186, leader=null, voted=018b3f78-d19f-4e26-a796-cb8ddc4f97cf, raftlog=018b3f78-d19f-4e26-a796-cb8ddc4f97cf@group-187684C21557-SegmentedRaftLog:OPENED:c-1,f-1,i0, conf=-1: [893cf03e-f2cf-478a-892a-a746717e50e3:192.168.34.56:40750, 8697df36-98d2-41b1-bdc7-60597b3b5526:192.168.34.56:46415, 018b3f78-d19f-4e26-a796-cb8ddc4f97cf:192.168.34.56:35845], old=null
2019-10-18 13:01:55,542 [018b3f78-d19f-4e26-a796-cb8ddc4f97cf@group-187684C21557-LeaderElection316] INFO  impl.RaftServerImpl (RaftServerImpl.java:setRole(184)) - 018b3f78-d19f-4e26-a796-cb8ddc4f97cf@group-187684C21557: changes role from CANDIDATE to FOLLOWER at term 186 for DISCOVERED_A_NEW_TERM
2019-10-18 13:01:55,542 [018b3f78-d19f-4e26-a796-cb8ddc4f97cf@group-187684C21557-LeaderElection316] INFO  impl.RoleInfo (RoleInfo.java:shutdownLeaderElection(134)) - 018b3f78-d19f-4e26-a796-cb8ddc4f97cf: shutdown LeaderElection
2019-10-18 13:01:55,543 [018b3f78-d19f-4e26-a796-cb8ddc4f97cf@group-187684C21557-LeaderElection316] INFO  impl.RoleInfo (RoleInfo.java:updateAndGet(143)) - 018b3f78-d19f-4e26-a796-cb8ddc4f97cf: start FollowerState
2019-10-18 13:01:55,543 [Thread-2629] INFO  impl.FollowerState (FollowerState.java:run(108)) - c124d131-afb9-4343-ad4e-aaebde613043@group-FF4202234884-FollowerState: change to CANDIDATE, lastRpcTime:119ms, electionTimeout:119ms
2019-10-18 13:01:55,543 [Thread-2629] INFO  impl.RoleInfo (RoleInfo.java:shutdownFollowerState(121)) - c124d131-afb9-4343-ad4e-aaebde613043: shutdown FollowerState
2019-10-18 13:01:55,543 [Thread-2629] INFO  impl.RaftServerImpl (RaftServerImpl.java:setRole(184)) - c124d131-afb9-4343-ad4e-aaebde613043@group-FF4202234884: changes role from  FOLLOWER to CANDIDATE at term 172 for changeToCandidate
2019-10-18 13:01:55,543 [Thread-2629] INFO  impl.RoleInfo (RoleInfo.java:updateAndGet(143)) - c124d131-afb9-4343-ad4e-aaebde613043: start LeaderElection
2019-10-18 13:01:55,570 [c124d131-afb9-4343-ad4e-aaebde613043@group-FF4202234884-LeaderElection317] INFO  impl.LeaderElection (LeaderElection.java:askForVotes(178)) - c124d131-afb9-4343-ad4e-aaebde613043@group-FF4202234884-LeaderElection317: begin an election at term 173 for -1: [999343e7-0330-4874-a345-91eca72585e0:192.168.34.56:44872, c124d131-afb9-4343-ad4e-aaebde613043:192.168.34.56:42116, e5bb327f-cdd7-4e49-919e-13a4c895fddf:192.168.34.56:36658], old=null
2019-10-18 13:01:55,571 [c124d131-afb9-4343-ad4e-aaebde613043@group-FF4202234884-LeaderElection317] INFO  impl.LeaderElection (LogUtils.java:infoOrTrace(149)) - c124d131-afb9-4343-ad4e-aaebde613043@group-FF4202234884-LeaderElection317 got exception when requesting votes: {}
java.util.concurrent.ExecutionException: org.apache.ratis.thirdparty.io.grpc.StatusRuntimeException: UNAVAILABLE: io exception
	at java.util.concurrent.FutureTask.report(FutureTask.java:122)
	at java.util.concurrent.FutureTask.get(FutureTask.java:192)
	at org.apache.ratis.server.impl.LeaderElection.waitForResults(LeaderElection.java:259)
	at org.apache.ratis.server.impl.LeaderElection.askForVotes(LeaderElection.java:197)
	at org.apache.ratis.server.impl.LeaderElection.run(LeaderElection.java:133)
	at java.lang.Thread.run(Thread.java:748)
Caused by: org.apache.ratis.thirdparty.io.grpc.StatusRuntimeException: UNAVAILABLE: io exception
	at org.apache.ratis.thirdparty.io.grpc.stub.ClientCalls.toStatusRuntimeException(ClientCalls.java:233)
	at org.apache.ratis.thirdparty.io.grpc.stub.ClientCalls.getUnchecked(ClientCalls.java:214)
	at org.apache.ratis.thirdparty.io.grpc.stub.ClientCalls.blockingUnaryCall(ClientCalls.java:139)
	at org.apache.ratis.proto.grpc.RaftServerProtocolServiceGrpc$RaftServerProtocolServiceBlockingStub.requestVote(RaftServerProtocolServiceGrpc.java:265)
	at org.apache.ratis.grpc.server.GrpcServerProtocolClient.requestVote(GrpcServerProtocolClient.java:99)
	at org.apache.ratis.grpc.server.GrpcService.requestVote(GrpcService.java:204)
	at org.apache.ratis.server.impl.LeaderElection.lambda$submitRequests$1(LeaderElection.java:234)
	at java.util.concurrent.FutureTask.run(FutureTask.java:266)
	at java.util.concurrent.Executors$RunnableAdapter.call(Executors.java:511)
	at java.util.concurrent.FutureTask.run(FutureTask.java:266)
	at java.util.concurrent.ThreadPoolExecutor.runWorker(ThreadPoolExecutor.java:1149)
	at java.util.concurrent.ThreadPoolExecutor$Worker.run(ThreadPoolExecutor.java:624)
	... 1 more
Caused by: org.apache.ratis.thirdparty.io.netty.channel.AbstractChannel$AnnotatedConnectException: Connection refused: /192.168.34.56:44872
	at sun.nio.ch.SocketChannelImpl.checkConnect(Native Method)
	at sun.nio.ch.SocketChannelImpl.finishConnect(SocketChannelImpl.java:717)
	at org.apache.ratis.thirdparty.io.netty.channel.socket.nio.NioSocketChannel.doFinishConnect(NioSocketChannel.java:327)
	at org.apache.ratis.thirdparty.io.netty.channel.nio.AbstractNioChannel$AbstractNioUnsafe.finishConnect(AbstractNioChannel.java:340)
	at org.apache.ratis.thirdparty.io.netty.channel.nio.NioEventLoop.processSelectedKey(NioEventLoop.java:632)
	at org.apache.ratis.thirdparty.io.netty.channel.nio.NioEventLoop.processSelectedKeysOptimized(NioEventLoop.java:579)
	at org.apache.ratis.thirdparty.io.netty.channel.nio.NioEventLoop.processSelectedKeys(NioEventLoop.java:496)
	at org.apache.ratis.thirdparty.io.netty.channel.nio.NioEventLoop.run(NioEventLoop.java:458)
	at org.apache.ratis.thirdparty.io.netty.util.concurrent.SingleThreadEventExecutor$5.run(SingleThreadEventExecutor.java:897)
	at org.apache.ratis.thirdparty.io.netty.util.concurrent.FastThreadLocalRunnable.run(FastThreadLocalRunnable.java:30)
	... 1 more
Caused by: java.net.ConnectException: Connection refused
	... 11 more
2019-10-18 13:01:55,571 [c124d131-afb9-4343-ad4e-aaebde613043@group-FF4202234884-LeaderElection317] INFO  impl.LeaderElection (LogUtils.java:infoOrTrace(149)) - c124d131-afb9-4343-ad4e-aaebde613043@group-FF4202234884-LeaderElection317 got exception when requesting votes: {}
java.util.concurrent.ExecutionException: org.apache.ratis.thirdparty.io.grpc.StatusRuntimeException: UNAVAILABLE: io exception
	at java.util.concurrent.FutureTask.report(FutureTask.java:122)
	at java.util.concurrent.FutureTask.get(FutureTask.java:192)
	at org.apache.ratis.server.impl.LeaderElection.waitForResults(LeaderElection.java:259)
	at org.apache.ratis.server.impl.LeaderElection.askForVotes(LeaderElection.java:197)
	at org.apache.ratis.server.impl.LeaderElection.run(LeaderElection.java:133)
	at java.lang.Thread.run(Thread.java:748)
Caused by: org.apache.ratis.thirdparty.io.grpc.StatusRuntimeException: UNAVAILABLE: io exception
	at org.apache.ratis.thirdparty.io.grpc.stub.ClientCalls.toStatusRuntimeException(ClientCalls.java:233)
	at org.apache.ratis.thirdparty.io.grpc.stub.ClientCalls.getUnchecked(ClientCalls.java:214)
	at org.apache.ratis.thirdparty.io.grpc.stub.ClientCalls.blockingUnaryCall(ClientCalls.java:139)
	at org.apache.ratis.proto.grpc.RaftServerProtocolServiceGrpc$RaftServerProtocolServiceBlockingStub.requestVote(RaftServerProtocolServiceGrpc.java:265)
	at org.apache.ratis.grpc.server.GrpcServerProtocolClient.requestVote(GrpcServerProtocolClient.java:99)
	at org.apache.ratis.grpc.server.GrpcService.requestVote(GrpcService.java:204)
	at org.apache.ratis.server.impl.LeaderElection.lambda$submitRequests$1(LeaderElection.java:234)
	at java.util.concurrent.FutureTask.run(FutureTask.java:266)
	at java.util.concurrent.Executors$RunnableAdapter.call(Executors.java:511)
	at java.util.concurrent.FutureTask.run(FutureTask.java:266)
	at java.util.concurrent.ThreadPoolExecutor.runWorker(ThreadPoolExecutor.java:1149)
	at java.util.concurrent.ThreadPoolExecutor$Worker.run(ThreadPoolExecutor.java:624)
	... 1 more
Caused by: org.apache.ratis.thirdparty.io.netty.channel.AbstractChannel$AnnotatedConnectException: Connection refused: /192.168.34.56:36658
	at sun.nio.ch.SocketChannelImpl.checkConnect(Native Method)
	at sun.nio.ch.SocketChannelImpl.finishConnect(SocketChannelImpl.java:717)
	at org.apache.ratis.thirdparty.io.netty.channel.socket.nio.NioSocketChannel.doFinishConnect(NioSocketChannel.java:327)
	at org.apache.ratis.thirdparty.io.netty.channel.nio.AbstractNioChannel$AbstractNioUnsafe.finishConnect(AbstractNioChannel.java:340)
	at org.apache.ratis.thirdparty.io.netty.channel.nio.NioEventLoop.processSelectedKey(NioEventLoop.java:632)
	at org.apache.ratis.thirdparty.io.netty.channel.nio.NioEventLoop.processSelectedKeysOptimized(NioEventLoop.java:579)
	at org.apache.ratis.thirdparty.io.netty.channel.nio.NioEventLoop.processSelectedKeys(NioEventLoop.java:496)
	at org.apache.ratis.thirdparty.io.netty.channel.nio.NioEventLoop.run(NioEventLoop.java:458)
	at org.apache.ratis.thirdparty.io.netty.util.concurrent.SingleThreadEventExecutor$5.run(SingleThreadEventExecutor.java:897)
	at org.apache.ratis.thirdparty.io.netty.util.concurrent.FastThreadLocalRunnable.run(FastThreadLocalRunnable.java:30)
	... 1 more
Caused by: java.net.ConnectException: Connection refused
	... 11 more
2019-10-18 13:01:55,571 [c124d131-afb9-4343-ad4e-aaebde613043@group-FF4202234884-LeaderElection317] INFO  impl.LeaderElection (LeaderElection.java:logAndReturn(56)) - c124d131-afb9-4343-ad4e-aaebde613043@group-FF4202234884-LeaderElection317: Election REJECTED; received 0 response(s) [] and 2 exception(s); c124d131-afb9-4343-ad4e-aaebde613043@group-FF4202234884:t173, leader=null, voted=c124d131-afb9-4343-ad4e-aaebde613043, raftlog=c124d131-afb9-4343-ad4e-aaebde613043@group-FF4202234884-SegmentedRaftLog:OPENED:c-1,f-1,i0, conf=-1: [999343e7-0330-4874-a345-91eca72585e0:192.168.34.56:44872, c124d131-afb9-4343-ad4e-aaebde613043:192.168.34.56:42116, e5bb327f-cdd7-4e49-919e-13a4c895fddf:192.168.34.56:36658], old=null
2019-10-18 13:01:55,571 [c124d131-afb9-4343-ad4e-aaebde613043@group-FF4202234884-LeaderElection317] INFO  impl.LeaderElection (LogUtils.java:infoOrTrace(149)) -   Exception 0: {}
java.util.concurrent.ExecutionException: org.apache.ratis.thirdparty.io.grpc.StatusRuntimeException: UNAVAILABLE: io exception
	at java.util.concurrent.FutureTask.report(FutureTask.java:122)
	at java.util.concurrent.FutureTask.get(FutureTask.java:192)
	at org.apache.ratis.server.impl.LeaderElection.waitForResults(LeaderElection.java:259)
	at org.apache.ratis.server.impl.LeaderElection.askForVotes(LeaderElection.java:197)
	at org.apache.ratis.server.impl.LeaderElection.run(LeaderElection.java:133)
	at java.lang.Thread.run(Thread.java:748)
Caused by: org.apache.ratis.thirdparty.io.grpc.StatusRuntimeException: UNAVAILABLE: io exception
	at org.apache.ratis.thirdparty.io.grpc.stub.ClientCalls.toStatusRuntimeException(ClientCalls.java:233)
	at org.apache.ratis.thirdparty.io.grpc.stub.ClientCalls.getUnchecked(ClientCalls.java:214)
	at org.apache.ratis.thirdparty.io.grpc.stub.ClientCalls.blockingUnaryCall(ClientCalls.java:139)
	at org.apache.ratis.proto.grpc.RaftServerProtocolServiceGrpc$RaftServerProtocolServiceBlockingStub.requestVote(RaftServerProtocolServiceGrpc.java:265)
	at org.apache.ratis.grpc.server.GrpcServerProtocolClient.requestVote(GrpcServerProtocolClient.java:99)
	at org.apache.ratis.grpc.server.GrpcService.requestVote(GrpcService.java:204)
	at org.apache.ratis.server.impl.LeaderElection.lambda$submitRequests$1(LeaderElection.java:234)
	at java.util.concurrent.FutureTask.run(FutureTask.java:266)
	at java.util.concurrent.Executors$RunnableAdapter.call(Executors.java:511)
	at java.util.concurrent.FutureTask.run(FutureTask.java:266)
	at java.util.concurrent.ThreadPoolExecutor.runWorker(ThreadPoolExecutor.java:1149)
	at java.util.concurrent.ThreadPoolExecutor$Worker.run(ThreadPoolExecutor.java:624)
	... 1 more
Caused by: org.apache.ratis.thirdparty.io.netty.channel.AbstractChannel$AnnotatedConnectException: Connection refused: /192.168.34.56:44872
	at sun.nio.ch.SocketChannelImpl.checkConnect(Native Method)
	at sun.nio.ch.SocketChannelImpl.finishConnect(SocketChannelImpl.java:717)
	at org.apache.ratis.thirdparty.io.netty.channel.socket.nio.NioSocketChannel.doFinishConnect(NioSocketChannel.java:327)
	at org.apache.ratis.thirdparty.io.netty.channel.nio.AbstractNioChannel$AbstractNioUnsafe.finishConnect(AbstractNioChannel.java:340)
	at org.apache.ratis.thirdparty.io.netty.channel.nio.NioEventLoop.processSelectedKey(NioEventLoop.java:632)
	at org.apache.ratis.thirdparty.io.netty.channel.nio.NioEventLoop.processSelectedKeysOptimized(NioEventLoop.java:579)
	at org.apache.ratis.thirdparty.io.netty.channel.nio.NioEventLoop.processSelectedKeys(NioEventLoop.java:496)
	at org.apache.ratis.thirdparty.io.netty.channel.nio.NioEventLoop.run(NioEventLoop.java:458)
	at org.apache.ratis.thirdparty.io.netty.util.concurrent.SingleThreadEventExecutor$5.run(SingleThreadEventExecutor.java:897)
	at org.apache.ratis.thirdparty.io.netty.util.concurrent.FastThreadLocalRunnable.run(FastThreadLocalRunnable.java:30)
	... 1 more
Caused by: java.net.ConnectException: Connection refused
	... 11 more
2019-10-18 13:01:55,572 [c124d131-afb9-4343-ad4e-aaebde613043@group-FF4202234884-LeaderElection317] INFO  impl.LeaderElection (LogUtils.java:infoOrTrace(149)) -   Exception 1: {}
java.util.concurrent.ExecutionException: org.apache.ratis.thirdparty.io.grpc.StatusRuntimeException: UNAVAILABLE: io exception
	at java.util.concurrent.FutureTask.report(FutureTask.java:122)
	at java.util.concurrent.FutureTask.get(FutureTask.java:192)
	at org.apache.ratis.server.impl.LeaderElection.waitForResults(LeaderElection.java:259)
	at org.apache.ratis.server.impl.LeaderElection.askForVotes(LeaderElection.java:197)
	at org.apache.ratis.server.impl.LeaderElection.run(LeaderElection.java:133)
	at java.lang.Thread.run(Thread.java:748)
Caused by: org.apache.ratis.thirdparty.io.grpc.StatusRuntimeException: UNAVAILABLE: io exception
	at org.apache.ratis.thirdparty.io.grpc.stub.ClientCalls.toStatusRuntimeException(ClientCalls.java:233)
	at org.apache.ratis.thirdparty.io.grpc.stub.ClientCalls.getUnchecked(ClientCalls.java:214)
	at org.apache.ratis.thirdparty.io.grpc.stub.ClientCalls.blockingUnaryCall(ClientCalls.java:139)
	at org.apache.ratis.proto.grpc.RaftServerProtocolServiceGrpc$RaftServerProtocolServiceBlockingStub.requestVote(RaftServerProtocolServiceGrpc.java:265)
	at org.apache.ratis.grpc.server.GrpcServerProtocolClient.requestVote(GrpcServerProtocolClient.java:99)
	at org.apache.ratis.grpc.server.GrpcService.requestVote(GrpcService.java:204)
	at org.apache.ratis.server.impl.LeaderElection.lambda$submitRequests$1(LeaderElection.java:234)
	at java.util.concurrent.FutureTask.run(FutureTask.java:266)
	at java.util.concurrent.Executors$RunnableAdapter.call(Executors.java:511)
	at java.util.concurrent.FutureTask.run(FutureTask.java:266)
	at java.util.concurrent.ThreadPoolExecutor.runWorker(ThreadPoolExecutor.java:1149)
	at java.util.concurrent.ThreadPoolExecutor$Worker.run(ThreadPoolExecutor.java:624)
	... 1 more
Caused by: org.apache.ratis.thirdparty.io.netty.channel.AbstractChannel$AnnotatedConnectException: Connection refused: /192.168.34.56:36658
	at sun.nio.ch.SocketChannelImpl.checkConnect(Native Method)
	at sun.nio.ch.SocketChannelImpl.finishConnect(SocketChannelImpl.java:717)
	at org.apache.ratis.thirdparty.io.netty.channel.socket.nio.NioSocketChannel.doFinishConnect(NioSocketChannel.java:327)
	at org.apache.ratis.thirdparty.io.netty.channel.nio.AbstractNioChannel$AbstractNioUnsafe.finishConnect(AbstractNioChannel.java:340)
	at org.apache.ratis.thirdparty.io.netty.channel.nio.NioEventLoop.processSelectedKey(NioEventLoop.java:632)
	at org.apache.ratis.thirdparty.io.netty.channel.nio.NioEventLoop.processSelectedKeysOptimized(NioEventLoop.java:579)
	at org.apache.ratis.thirdparty.io.netty.channel.nio.NioEventLoop.processSelectedKeys(NioEventLoop.java:496)
	at org.apache.ratis.thirdparty.io.netty.channel.nio.NioEventLoop.run(NioEventLoop.java:458)
	at org.apache.ratis.thirdparty.io.netty.util.concurrent.SingleThreadEventExecutor$5.run(SingleThreadEventExecutor.java:897)
	at org.apache.ratis.thirdparty.io.netty.util.concurrent.FastThreadLocalRunnable.run(FastThreadLocalRunnable.java:30)
	... 1 more
Caused by: java.net.ConnectException: Connection refused
	... 11 more
2019-10-18 13:01:55,572 [c124d131-afb9-4343-ad4e-aaebde613043@group-FF4202234884-LeaderElection317] INFO  impl.RaftServerImpl (RaftServerImpl.java:setRole(184)) - c124d131-afb9-4343-ad4e-aaebde613043@group-FF4202234884: changes role from CANDIDATE to FOLLOWER at term 173 for DISCOVERED_A_NEW_TERM
2019-10-18 13:01:55,572 [c124d131-afb9-4343-ad4e-aaebde613043@group-FF4202234884-LeaderElection317] INFO  impl.RoleInfo (RoleInfo.java:shutdownLeaderElection(134)) - c124d131-afb9-4343-ad4e-aaebde613043: shutdown LeaderElection
2019-10-18 13:01:55,572 [c124d131-afb9-4343-ad4e-aaebde613043@group-FF4202234884-LeaderElection317] INFO  impl.RoleInfo (RoleInfo.java:updateAndGet(143)) - c124d131-afb9-4343-ad4e-aaebde613043: start FollowerState
2019-10-18 13:01:55,621 [Thread-2639] INFO  impl.FollowerState (FollowerState.java:run(108)) - c124d131-afb9-4343-ad4e-aaebde613043@group-FF4202234884-FollowerState: change to CANDIDATE, lastRpcTime:49ms, electionTimeout:49ms
2019-10-18 13:01:55,622 [Thread-2639] INFO  impl.RoleInfo (RoleInfo.java:shutdownFollowerState(121)) - c124d131-afb9-4343-ad4e-aaebde613043: shutdown FollowerState
2019-10-18 13:01:55,622 [Thread-2639] INFO  impl.RaftServerImpl (RaftServerImpl.java:setRole(184)) - c124d131-afb9-4343-ad4e-aaebde613043@group-FF4202234884: changes role from  FOLLOWER to CANDIDATE at term 173 for changeToCandidate
2019-10-18 13:01:55,622 [Thread-2639] INFO  impl.RoleInfo (RoleInfo.java:updateAndGet(143)) - c124d131-afb9-4343-ad4e-aaebde613043: start LeaderElection
2019-10-18 13:01:55,659 [c124d131-afb9-4343-ad4e-aaebde613043@group-FF4202234884-LeaderElection318] INFO  impl.LeaderElection (LeaderElection.java:askForVotes(178)) - c124d131-afb9-4343-ad4e-aaebde613043@group-FF4202234884-LeaderElection318: begin an election at term 174 for -1: [999343e7-0330-4874-a345-91eca72585e0:192.168.34.56:44872, c124d131-afb9-4343-ad4e-aaebde613043:192.168.34.56:42116, e5bb327f-cdd7-4e49-919e-13a4c895fddf:192.168.34.56:36658], old=null
2019-10-18 13:01:55,660 [c124d131-afb9-4343-ad4e-aaebde613043@group-FF4202234884-LeaderElection318] INFO  impl.LeaderElection (LogUtils.java:infoOrTrace(149)) - c124d131-afb9-4343-ad4e-aaebde613043@group-FF4202234884-LeaderElection318 got exception when requesting votes: {}
java.util.concurrent.ExecutionException: org.apache.ratis.thirdparty.io.grpc.StatusRuntimeException: UNAVAILABLE: io exception
	at java.util.concurrent.FutureTask.report(FutureTask.java:122)
	at java.util.concurrent.FutureTask.get(FutureTask.java:192)
	at org.apache.ratis.server.impl.LeaderElection.waitForResults(LeaderElection.java:259)
	at org.apache.ratis.server.impl.LeaderElection.askForVotes(LeaderElection.java:197)
	at org.apache.ratis.server.impl.LeaderElection.run(LeaderElection.java:133)
	at java.lang.Thread.run(Thread.java:748)
Caused by: org.apache.ratis.thirdparty.io.grpc.StatusRuntimeException: UNAVAILABLE: io exception
	at org.apache.ratis.thirdparty.io.grpc.stub.ClientCalls.toStatusRuntimeException(ClientCalls.java:233)
	at org.apache.ratis.thirdparty.io.grpc.stub.ClientCalls.getUnchecked(ClientCalls.java:214)
	at org.apache.ratis.thirdparty.io.grpc.stub.ClientCalls.blockingUnaryCall(ClientCalls.java:139)
	at org.apache.ratis.proto.grpc.RaftServerProtocolServiceGrpc$RaftServerProtocolServiceBlockingStub.requestVote(RaftServerProtocolServiceGrpc.java:265)
	at org.apache.ratis.grpc.server.GrpcServerProtocolClient.requestVote(GrpcServerProtocolClient.java:99)
	at org.apache.ratis.grpc.server.GrpcService.requestVote(GrpcService.java:204)
	at org.apache.ratis.server.impl.LeaderElection.lambda$submitRequests$1(LeaderElection.java:234)
	at java.util.concurrent.FutureTask.run(FutureTask.java:266)
	at java.util.concurrent.Executors$RunnableAdapter.call(Executors.java:511)
	at java.util.concurrent.FutureTask.run(FutureTask.java:266)
	at java.util.concurrent.ThreadPoolExecutor.runWorker(ThreadPoolExecutor.java:1149)
	at java.util.concurrent.ThreadPoolExecutor$Worker.run(ThreadPoolExecutor.java:624)
	... 1 more
Caused by: org.apache.ratis.thirdparty.io.netty.channel.AbstractChannel$AnnotatedConnectException: Connection refused: /192.168.34.56:44872
	at sun.nio.ch.SocketChannelImpl.checkConnect(Native Method)
	at sun.nio.ch.SocketChannelImpl.finishConnect(SocketChannelImpl.java:717)
	at org.apache.ratis.thirdparty.io.netty.channel.socket.nio.NioSocketChannel.doFinishConnect(NioSocketChannel.java:327)
	at org.apache.ratis.thirdparty.io.netty.channel.nio.AbstractNioChannel$AbstractNioUnsafe.finishConnect(AbstractNioChannel.java:340)
	at org.apache.ratis.thirdparty.io.netty.channel.nio.NioEventLoop.processSelectedKey(NioEventLoop.java:632)
	at org.apache.ratis.thirdparty.io.netty.channel.nio.NioEventLoop.processSelectedKeysOptimized(NioEventLoop.java:579)
	at org.apache.ratis.thirdparty.io.netty.channel.nio.NioEventLoop.processSelectedKeys(NioEventLoop.java:496)
	at org.apache.ratis.thirdparty.io.netty.channel.nio.NioEventLoop.run(NioEventLoop.java:458)
	at org.apache.ratis.thirdparty.io.netty.util.concurrent.SingleThreadEventExecutor$5.run(SingleThreadEventExecutor.java:897)
	at org.apache.ratis.thirdparty.io.netty.util.concurrent.FastThreadLocalRunnable.run(FastThreadLocalRunnable.java:30)
	... 1 more
Caused by: java.net.ConnectException: Connection refused
	... 11 more
2019-10-18 13:01:55,660 [c124d131-afb9-4343-ad4e-aaebde613043@group-FF4202234884-LeaderElection318] INFO  impl.LeaderElection (LogUtils.java:infoOrTrace(149)) - c124d131-afb9-4343-ad4e-aaebde613043@group-FF4202234884-LeaderElection318 got exception when requesting votes: {}
java.util.concurrent.ExecutionException: org.apache.ratis.thirdparty.io.grpc.StatusRuntimeException: UNAVAILABLE: io exception
	at java.util.concurrent.FutureTask.report(FutureTask.java:122)
	at java.util.concurrent.FutureTask.get(FutureTask.java:192)
	at org.apache.ratis.server.impl.LeaderElection.waitForResults(LeaderElection.java:259)
	at org.apache.ratis.server.impl.LeaderElection.askForVotes(LeaderElection.java:197)
	at org.apache.ratis.server.impl.LeaderElection.run(LeaderElection.java:133)
	at java.lang.Thread.run(Thread.java:748)
Caused by: org.apache.ratis.thirdparty.io.grpc.StatusRuntimeException: UNAVAILABLE: io exception
	at org.apache.ratis.thirdparty.io.grpc.stub.ClientCalls.toStatusRuntimeException(ClientCalls.java:233)
	at org.apache.ratis.thirdparty.io.grpc.stub.ClientCalls.getUnchecked(ClientCalls.java:214)
	at org.apache.ratis.thirdparty.io.grpc.stub.ClientCalls.blockingUnaryCall(ClientCalls.java:139)
	at org.apache.ratis.proto.grpc.RaftServerProtocolServiceGrpc$RaftServerProtocolServiceBlockingStub.requestVote(RaftServerProtocolServiceGrpc.java:265)
	at org.apache.ratis.grpc.server.GrpcServerProtocolClient.requestVote(GrpcServerProtocolClient.java:99)
	at org.apache.ratis.grpc.server.GrpcService.requestVote(GrpcService.java:204)
	at org.apache.ratis.server.impl.LeaderElection.lambda$submitRequests$1(LeaderElection.java:234)
	at java.util.concurrent.FutureTask.run(FutureTask.java:266)
	at java.util.concurrent.Executors$RunnableAdapter.call(Executors.java:511)
	at java.util.concurrent.FutureTask.run(FutureTask.java:266)
	at java.util.concurrent.ThreadPoolExecutor.runWorker(ThreadPoolExecutor.java:1149)
	at java.util.concurrent.ThreadPoolExecutor$Worker.run(ThreadPoolExecutor.java:624)
	... 1 more
Caused by: org.apache.ratis.thirdparty.io.netty.channel.AbstractChannel$AnnotatedConnectException: Connection refused: /192.168.34.56:36658
	at sun.nio.ch.SocketChannelImpl.checkConnect(Native Method)
	at sun.nio.ch.SocketChannelImpl.finishConnect(SocketChannelImpl.java:717)
	at org.apache.ratis.thirdparty.io.netty.channel.socket.nio.NioSocketChannel.doFinishConnect(NioSocketChannel.java:327)
	at org.apache.ratis.thirdparty.io.netty.channel.nio.AbstractNioChannel$AbstractNioUnsafe.finishConnect(AbstractNioChannel.java:340)
	at org.apache.ratis.thirdparty.io.netty.channel.nio.NioEventLoop.processSelectedKey(NioEventLoop.java:632)
	at org.apache.ratis.thirdparty.io.netty.channel.nio.NioEventLoop.processSelectedKeysOptimized(NioEventLoop.java:579)
	at org.apache.ratis.thirdparty.io.netty.channel.nio.NioEventLoop.processSelectedKeys(NioEventLoop.java:496)
	at org.apache.ratis.thirdparty.io.netty.channel.nio.NioEventLoop.run(NioEventLoop.java:458)
	at org.apache.ratis.thirdparty.io.netty.util.concurrent.SingleThreadEventExecutor$5.run(SingleThreadEventExecutor.java:897)
	at org.apache.ratis.thirdparty.io.netty.util.concurrent.FastThreadLocalRunnable.run(FastThreadLocalRunnable.java:30)
	... 1 more
Caused by: java.net.ConnectException: Connection refused
	... 11 more
2019-10-18 13:01:55,661 [c124d131-afb9-4343-ad4e-aaebde613043@group-FF4202234884-LeaderElection318] INFO  impl.LeaderElection (LeaderElection.java:logAndReturn(56)) - c124d131-afb9-4343-ad4e-aaebde613043@group-FF4202234884-LeaderElection318: Election REJECTED; received 0 response(s) [] and 2 exception(s); c124d131-afb9-4343-ad4e-aaebde613043@group-FF4202234884:t174, leader=null, voted=c124d131-afb9-4343-ad4e-aaebde613043, raftlog=c124d131-afb9-4343-ad4e-aaebde613043@group-FF4202234884-SegmentedRaftLog:OPENED:c-1,f-1,i0, conf=-1: [999343e7-0330-4874-a345-91eca72585e0:192.168.34.56:44872, c124d131-afb9-4343-ad4e-aaebde613043:192.168.34.56:42116, e5bb327f-cdd7-4e49-919e-13a4c895fddf:192.168.34.56:36658], old=null
2019-10-18 13:01:55,661 [c124d131-afb9-4343-ad4e-aaebde613043@group-FF4202234884-LeaderElection318] INFO  impl.LeaderElection (LogUtils.java:infoOrTrace(149)) -   Exception 0: {}
java.util.concurrent.ExecutionException: org.apache.ratis.thirdparty.io.grpc.StatusRuntimeException: UNAVAILABLE: io exception
	at java.util.concurrent.FutureTask.report(FutureTask.java:122)
	at java.util.concurrent.FutureTask.get(FutureTask.java:192)
	at org.apache.ratis.server.impl.LeaderElection.waitForResults(LeaderElection.java:259)
	at org.apache.ratis.server.impl.LeaderElection.askForVotes(LeaderElection.java:197)
	at org.apache.ratis.server.impl.LeaderElection.run(LeaderElection.java:133)
	at java.lang.Thread.run(Thread.java:748)
Caused by: org.apache.ratis.thirdparty.io.grpc.StatusRuntimeException: UNAVAILABLE: io exception
	at org.apache.ratis.thirdparty.io.grpc.stub.ClientCalls.toStatusRuntimeException(ClientCalls.java:233)
	at org.apache.ratis.thirdparty.io.grpc.stub.ClientCalls.getUnchecked(ClientCalls.java:214)
	at org.apache.ratis.thirdparty.io.grpc.stub.ClientCalls.blockingUnaryCall(ClientCalls.java:139)
	at org.apache.ratis.proto.grpc.RaftServerProtocolServiceGrpc$RaftServerProtocolServiceBlockingStub.requestVote(RaftServerProtocolServiceGrpc.java:265)
	at org.apache.ratis.grpc.server.GrpcServerProtocolClient.requestVote(GrpcServerProtocolClient.java:99)
	at org.apache.ratis.grpc.server.GrpcService.requestVote(GrpcService.java:204)
	at org.apache.ratis.server.impl.LeaderElection.lambda$submitRequests$1(LeaderElection.java:234)
	at java.util.concurrent.FutureTask.run(FutureTask.java:266)
	at java.util.concurrent.Executors$RunnableAdapter.call(Executors.java:511)
	at java.util.concurrent.FutureTask.run(FutureTask.java:266)
	at java.util.concurrent.ThreadPoolExecutor.runWorker(ThreadPoolExecutor.java:1149)
	at java.util.concurrent.ThreadPoolExecutor$Worker.run(ThreadPoolExecutor.java:624)
	... 1 more
Caused by: org.apache.ratis.thirdparty.io.netty.channel.AbstractChannel$AnnotatedConnectException: Connection refused: /192.168.34.56:44872
	at sun.nio.ch.SocketChannelImpl.checkConnect(Native Method)
	at sun.nio.ch.SocketChannelImpl.finishConnect(SocketChannelImpl.java:717)
	at org.apache.ratis.thirdparty.io.netty.channel.socket.nio.NioSocketChannel.doFinishConnect(NioSocketChannel.java:327)
	at org.apache.ratis.thirdparty.io.netty.channel.nio.AbstractNioChannel$AbstractNioUnsafe.finishConnect(AbstractNioChannel.java:340)
	at org.apache.ratis.thirdparty.io.netty.channel.nio.NioEventLoop.processSelectedKey(NioEventLoop.java:632)
	at org.apache.ratis.thirdparty.io.netty.channel.nio.NioEventLoop.processSelectedKeysOptimized(NioEventLoop.java:579)
	at org.apache.ratis.thirdparty.io.netty.channel.nio.NioEventLoop.processSelectedKeys(NioEventLoop.java:496)
	at org.apache.ratis.thirdparty.io.netty.channel.nio.NioEventLoop.run(NioEventLoop.java:458)
	at org.apache.ratis.thirdparty.io.netty.util.concurrent.SingleThreadEventExecutor$5.run(SingleThreadEventExecutor.java:897)
	at org.apache.ratis.thirdparty.io.netty.util.concurrent.FastThreadLocalRunnable.run(FastThreadLocalRunnable.java:30)
	... 1 more
Caused by: java.net.ConnectException: Connection refused
	... 11 more
2019-10-18 13:01:55,661 [c124d131-afb9-4343-ad4e-aaebde613043@group-FF4202234884-LeaderElection318] INFO  impl.LeaderElection (LogUtils.java:infoOrTrace(149)) -   Exception 1: {}
java.util.concurrent.ExecutionException: org.apache.ratis.thirdparty.io.grpc.StatusRuntimeException: UNAVAILABLE: io exception
	at java.util.concurrent.FutureTask.report(FutureTask.java:122)
	at java.util.concurrent.FutureTask.get(FutureTask.java:192)
	at org.apache.ratis.server.impl.LeaderElection.waitForResults(LeaderElection.java:259)
	at org.apache.ratis.server.impl.LeaderElection.askForVotes(LeaderElection.java:197)
	at org.apache.ratis.server.impl.LeaderElection.run(LeaderElection.java:133)
	at java.lang.Thread.run(Thread.java:748)
Caused by: org.apache.ratis.thirdparty.io.grpc.StatusRuntimeException: UNAVAILABLE: io exception
	at org.apache.ratis.thirdparty.io.grpc.stub.ClientCalls.toStatusRuntimeException(ClientCalls.java:233)
	at org.apache.ratis.thirdparty.io.grpc.stub.ClientCalls.getUnchecked(ClientCalls.java:214)
	at org.apache.ratis.thirdparty.io.grpc.stub.ClientCalls.blockingUnaryCall(ClientCalls.java:139)
	at org.apache.ratis.proto.grpc.RaftServerProtocolServiceGrpc$RaftServerProtocolServiceBlockingStub.requestVote(RaftServerProtocolServiceGrpc.java:265)
	at org.apache.ratis.grpc.server.GrpcServerProtocolClient.requestVote(GrpcServerProtocolClient.java:99)
	at org.apache.ratis.grpc.server.GrpcService.requestVote(GrpcService.java:204)
	at org.apache.ratis.server.impl.LeaderElection.lambda$submitRequests$1(LeaderElection.java:234)
	at java.util.concurrent.FutureTask.run(FutureTask.java:266)
	at java.util.concurrent.Executors$RunnableAdapter.call(Executors.java:511)
	at java.util.concurrent.FutureTask.run(FutureTask.java:266)
	at java.util.concurrent.ThreadPoolExecutor.runWorker(ThreadPoolExecutor.java:1149)
	at java.util.concurrent.ThreadPoolExecutor$Worker.run(ThreadPoolExecutor.java:624)
	... 1 more
Caused by: org.apache.ratis.thirdparty.io.netty.channel.AbstractChannel$AnnotatedConnectException: Connection refused: /192.168.34.56:36658
	at sun.nio.ch.SocketChannelImpl.checkConnect(Native Method)
	at sun.nio.ch.SocketChannelImpl.finishConnect(SocketChannelImpl.java:717)
	at org.apache.ratis.thirdparty.io.netty.channel.socket.nio.NioSocketChannel.doFinishConnect(NioSocketChannel.java:327)
	at org.apache.ratis.thirdparty.io.netty.channel.nio.AbstractNioChannel$AbstractNioUnsafe.finishConnect(AbstractNioChannel.java:340)
	at org.apache.ratis.thirdparty.io.netty.channel.nio.NioEventLoop.processSelectedKey(NioEventLoop.java:632)
	at org.apache.ratis.thirdparty.io.netty.channel.nio.NioEventLoop.processSelectedKeysOptimized(NioEventLoop.java:579)
	at org.apache.ratis.thirdparty.io.netty.channel.nio.NioEventLoop.processSelectedKeys(NioEventLoop.java:496)
	at org.apache.ratis.thirdparty.io.netty.channel.nio.NioEventLoop.run(NioEventLoop.java:458)
	at org.apache.ratis.thirdparty.io.netty.util.concurrent.SingleThreadEventExecutor$5.run(SingleThreadEventExecutor.java:897)
	at org.apache.ratis.thirdparty.io.netty.util.concurrent.FastThreadLocalRunnable.run(FastThreadLocalRunnable.java:30)
	... 1 more
Caused by: java.net.ConnectException: Connection refused
	... 11 more
2019-10-18 13:01:55,661 [c124d131-afb9-4343-ad4e-aaebde613043@group-FF4202234884-LeaderElection318] INFO  impl.RaftServerImpl (RaftServerImpl.java:setRole(184)) - c124d131-afb9-4343-ad4e-aaebde613043@group-FF4202234884: changes role from CANDIDATE to FOLLOWER at term 174 for DISCOVERED_A_NEW_TERM
2019-10-18 13:01:55,661 [c124d131-afb9-4343-ad4e-aaebde613043@group-FF4202234884-LeaderElection318] INFO  impl.RoleInfo (RoleInfo.java:shutdownLeaderElection(134)) - c124d131-afb9-4343-ad4e-aaebde613043: shutdown LeaderElection
2019-10-18 13:01:55,661 [c124d131-afb9-4343-ad4e-aaebde613043@group-FF4202234884-LeaderElection318] INFO  impl.RoleInfo (RoleInfo.java:updateAndGet(143)) - c124d131-afb9-4343-ad4e-aaebde613043: start FollowerState
2019-10-18 13:01:55,683 [java.util.concurrent.ThreadPoolExecutor$Worker@7a2507ec[State = -1, empty queue]] WARN  server.GrpcLogAppender (GrpcLogAppender.java:timeoutAppendRequest(209)) - 17618ccc-f51c-4f14-92cf-842ef2c05e35@group-08BD6F798C58->32d97539-eb73-46c6-a759-05f11ff00f4c-GrpcLogAppender: appendEntries Timeout, request=17618ccc-f51c-4f14-92cf-842ef2c05e35->32d97539-eb73-46c6-a759-05f11ff00f4c#75-t10, previous=(t:10, i:19), leaderCommit=19, initializing? false, entries: <empty>
2019-10-18 13:01:55,719 [java.util.concurrent.ThreadPoolExecutor$Worker@b7e5976[State = -1, empty queue]] WARN  server.GrpcLogAppender (GrpcLogAppender.java:timeoutAppendRequest(209)) - 17618ccc-f51c-4f14-92cf-842ef2c05e35@group-08BD6F798C58->896cef04-248b-470f-8c5c-c9acb81bb157-GrpcLogAppender: appendEntries Timeout, request=17618ccc-f51c-4f14-92cf-842ef2c05e35->896cef04-248b-470f-8c5c-c9acb81bb157#77-t10, previous=(t:10, i:19), leaderCommit=19, initializing? false, entries: <empty>
2019-10-18 13:01:55,723 [Thread-2635] INFO  impl.FollowerState (FollowerState.java:run(108)) - 018b3f78-d19f-4e26-a796-cb8ddc4f97cf@group-187684C21557-FollowerState: change to CANDIDATE, lastRpcTime:180ms, electionTimeout:180ms
2019-10-18 13:01:55,723 [Thread-2635] INFO  impl.RoleInfo (RoleInfo.java:shutdownFollowerState(121)) - 018b3f78-d19f-4e26-a796-cb8ddc4f97cf: shutdown FollowerState
2019-10-18 13:01:55,723 [Thread-2635] INFO  impl.RaftServerImpl (RaftServerImpl.java:setRole(184)) - 018b3f78-d19f-4e26-a796-cb8ddc4f97cf@group-187684C21557: changes role from  FOLLOWER to CANDIDATE at term 186 for changeToCandidate
2019-10-18 13:01:55,724 [Thread-2635] INFO  impl.RoleInfo (RoleInfo.java:updateAndGet(143)) - 018b3f78-d19f-4e26-a796-cb8ddc4f97cf: start LeaderElection
2019-10-18 13:01:55,751 [018b3f78-d19f-4e26-a796-cb8ddc4f97cf@group-187684C21557-LeaderElection319] INFO  impl.LeaderElection (LeaderElection.java:askForVotes(178)) - 018b3f78-d19f-4e26-a796-cb8ddc4f97cf@group-187684C21557-LeaderElection319: begin an election at term 187 for -1: [893cf03e-f2cf-478a-892a-a746717e50e3:192.168.34.56:40750, 8697df36-98d2-41b1-bdc7-60597b3b5526:192.168.34.56:46415, 018b3f78-d19f-4e26-a796-cb8ddc4f97cf:192.168.34.56:35845], old=null
2019-10-18 13:01:55,752 [grpc-default-executor-7] INFO  impl.RaftServerImpl (RaftServerImpl.java:setRole(184)) - 893cf03e-f2cf-478a-892a-a746717e50e3@group-187684C21557: changes role from  FOLLOWER to FOLLOWER at term 187 for recognizeCandidate:018b3f78-d19f-4e26-a796-cb8ddc4f97cf
2019-10-18 13:01:55,752 [grpc-default-executor-2] INFO  impl.RaftServerImpl (RaftServerImpl.java:setRole(184)) - 8697df36-98d2-41b1-bdc7-60597b3b5526@group-187684C21557: changes role from  FOLLOWER to FOLLOWER at term 187 for recognizeCandidate:018b3f78-d19f-4e26-a796-cb8ddc4f97cf
2019-10-18 13:01:55,752 [grpc-default-executor-7] INFO  impl.RoleInfo (RoleInfo.java:shutdownFollowerState(121)) - 893cf03e-f2cf-478a-892a-a746717e50e3: shutdown FollowerState
2019-10-18 13:01:55,753 [grpc-default-executor-2] INFO  impl.RoleInfo (RoleInfo.java:shutdownFollowerState(121)) - 8697df36-98d2-41b1-bdc7-60597b3b5526: shutdown FollowerState
2019-10-18 13:01:55,753 [Thread-2634] INFO  impl.FollowerState (FollowerState.java:run(117)) - 893cf03e-f2cf-478a-892a-a746717e50e3@group-187684C21557-FollowerState was interrupted: java.lang.InterruptedException: sleep interrupted
2019-10-18 13:01:55,753 [Thread-2633] INFO  impl.FollowerState (FollowerState.java:run(117)) - 8697df36-98d2-41b1-bdc7-60597b3b5526@group-187684C21557-FollowerState was interrupted: java.lang.InterruptedException: sleep interrupted
2019-10-18 13:01:55,753 [grpc-default-executor-7] INFO  impl.RoleInfo (RoleInfo.java:updateAndGet(143)) - 893cf03e-f2cf-478a-892a-a746717e50e3: start FollowerState
2019-10-18 13:01:55,753 [grpc-default-executor-2] INFO  impl.RoleInfo (RoleInfo.java:updateAndGet(143)) - 8697df36-98d2-41b1-bdc7-60597b3b5526: start FollowerState
2019-10-18 13:01:55,764 [018b3f78-d19f-4e26-a796-cb8ddc4f97cf@group-187684C21557-LeaderElection319] INFO  impl.LeaderElection (LeaderElection.java:logAndReturn(56)) - 018b3f78-d19f-4e26-a796-cb8ddc4f97cf@group-187684C21557-LeaderElection319: Election TIMEOUT; received 0 response(s) [] and 0 exception(s); 018b3f78-d19f-4e26-a796-cb8ddc4f97cf@group-187684C21557:t187, leader=null, voted=018b3f78-d19f-4e26-a796-cb8ddc4f97cf, raftlog=018b3f78-d19f-4e26-a796-cb8ddc4f97cf@group-187684C21557-SegmentedRaftLog:OPENED:c-1,f-1,i0, conf=-1: [893cf03e-f2cf-478a-892a-a746717e50e3:192.168.34.56:40750, 8697df36-98d2-41b1-bdc7-60597b3b5526:192.168.34.56:46415, 018b3f78-d19f-4e26-a796-cb8ddc4f97cf:192.168.34.56:35845], old=null
2019-10-18 13:01:55,823 [018b3f78-d19f-4e26-a796-cb8ddc4f97cf@group-187684C21557-LeaderElection319] INFO  impl.LeaderElection (LeaderElection.java:askForVotes(178)) - 018b3f78-d19f-4e26-a796-cb8ddc4f97cf@group-187684C21557-LeaderElection319: begin an election at term 188 for -1: [893cf03e-f2cf-478a-892a-a746717e50e3:192.168.34.56:40750, 8697df36-98d2-41b1-bdc7-60597b3b5526:192.168.34.56:46415, 018b3f78-d19f-4e26-a796-cb8ddc4f97cf:192.168.34.56:35845], old=null
2019-10-18 13:01:55,824 [grpc-default-executor-2] INFO  impl.RaftServerImpl (RaftServerImpl.java:setRole(184)) - 8697df36-98d2-41b1-bdc7-60597b3b5526@group-187684C21557: changes role from  FOLLOWER to FOLLOWER at term 188 for recognizeCandidate:018b3f78-d19f-4e26-a796-cb8ddc4f97cf
2019-10-18 13:01:55,824 [grpc-default-executor-7] INFO  impl.RaftServerImpl (RaftServerImpl.java:setRole(184)) - 893cf03e-f2cf-478a-892a-a746717e50e3@group-187684C21557: changes role from  FOLLOWER to FOLLOWER at term 188 for recognizeCandidate:018b3f78-d19f-4e26-a796-cb8ddc4f97cf
2019-10-18 13:01:55,825 [grpc-default-executor-2] INFO  impl.RoleInfo (RoleInfo.java:shutdownFollowerState(121)) - 8697df36-98d2-41b1-bdc7-60597b3b5526: shutdown FollowerState
2019-10-18 13:01:55,825 [grpc-default-executor-7] INFO  impl.RoleInfo (RoleInfo.java:shutdownFollowerState(121)) - 893cf03e-f2cf-478a-892a-a746717e50e3: shutdown FollowerState
2019-10-18 13:01:55,825 [Thread-2648] INFO  impl.FollowerState (FollowerState.java:run(117)) - 8697df36-98d2-41b1-bdc7-60597b3b5526@group-187684C21557-FollowerState was interrupted: java.lang.InterruptedException: sleep interrupted
2019-10-18 13:01:55,825 [grpc-default-executor-2] INFO  impl.RoleInfo (RoleInfo.java:updateAndGet(143)) - 8697df36-98d2-41b1-bdc7-60597b3b5526: start FollowerState
2019-10-18 13:01:55,825 [grpc-default-executor-7] INFO  impl.RoleInfo (RoleInfo.java:updateAndGet(143)) - 893cf03e-f2cf-478a-892a-a746717e50e3: start FollowerState
2019-10-18 13:01:55,825 [Thread-2647] INFO  impl.FollowerState (FollowerState.java:run(117)) - 893cf03e-f2cf-478a-892a-a746717e50e3@group-187684C21557-FollowerState was interrupted: java.lang.InterruptedException: sleep interrupted
2019-10-18 13:01:55,843 [Thread-2643] INFO  impl.FollowerState (FollowerState.java:run(108)) - c124d131-afb9-4343-ad4e-aaebde613043@group-FF4202234884-FollowerState: change to CANDIDATE, lastRpcTime:181ms, electionTimeout:181ms
2019-10-18 13:01:55,843 [Thread-2643] INFO  impl.RoleInfo (RoleInfo.java:shutdownFollowerState(121)) - c124d131-afb9-4343-ad4e-aaebde613043: shutdown FollowerState
2019-10-18 13:01:55,843 [Thread-2643] INFO  impl.RaftServerImpl (RaftServerImpl.java:setRole(184)) - c124d131-afb9-4343-ad4e-aaebde613043@group-FF4202234884: changes role from  FOLLOWER to CANDIDATE at term 174 for changeToCandidate
2019-10-18 13:01:55,843 [Thread-2643] INFO  impl.RoleInfo (RoleInfo.java:updateAndGet(143)) - c124d131-afb9-4343-ad4e-aaebde613043: start LeaderElection
2019-10-18 13:01:55,850 [018b3f78-d19f-4e26-a796-cb8ddc4f97cf@group-187684C21557-LeaderElection319] INFO  impl.LeaderElection (LeaderElection.java:logAndReturn(56)) - 018b3f78-d19f-4e26-a796-cb8ddc4f97cf@group-187684C21557-LeaderElection319: Election REJECTED; received 2 response(s) [018b3f78-d19f-4e26-a796-cb8ddc4f97cf<-893cf03e-f2cf-478a-892a-a746717e50e3#0:FAIL-t188, 018b3f78-d19f-4e26-a796-cb8ddc4f97cf<-8697df36-98d2-41b1-bdc7-60597b3b5526#0:FAIL-t188] and 0 exception(s); 018b3f78-d19f-4e26-a796-cb8ddc4f97cf@group-187684C21557:t188, leader=null, voted=018b3f78-d19f-4e26-a796-cb8ddc4f97cf, raftlog=018b3f78-d19f-4e26-a796-cb8ddc4f97cf@group-187684C21557-SegmentedRaftLog:OPENED:c-1,f-1,i0, conf=-1: [893cf03e-f2cf-478a-892a-a746717e50e3:192.168.34.56:40750, 8697df36-98d2-41b1-bdc7-60597b3b5526:192.168.34.56:46415, 018b3f78-d19f-4e26-a796-cb8ddc4f97cf:192.168.34.56:35845], old=null
2019-10-18 13:01:55,850 [018b3f78-d19f-4e26-a796-cb8ddc4f97cf@group-187684C21557-LeaderElection319] INFO  impl.RaftServerImpl (RaftServerImpl.java:setRole(184)) - 018b3f78-d19f-4e26-a796-cb8ddc4f97cf@group-187684C21557: changes role from CANDIDATE to FOLLOWER at term 188 for DISCOVERED_A_NEW_TERM
2019-10-18 13:01:55,850 [018b3f78-d19f-4e26-a796-cb8ddc4f97cf@group-187684C21557-LeaderElection319] INFO  impl.RoleInfo (RoleInfo.java:shutdownLeaderElection(134)) - 018b3f78-d19f-4e26-a796-cb8ddc4f97cf: shutdown LeaderElection
2019-10-18 13:01:55,850 [018b3f78-d19f-4e26-a796-cb8ddc4f97cf@group-187684C21557-LeaderElection319] INFO  impl.RoleInfo (RoleInfo.java:updateAndGet(143)) - 018b3f78-d19f-4e26-a796-cb8ddc4f97cf: start FollowerState
2019-10-18 13:01:55,862 [Thread-2654] INFO  impl.FollowerState (FollowerState.java:run(108)) - 018b3f78-d19f-4e26-a796-cb8ddc4f97cf@group-187684C21557-FollowerState: change to CANDIDATE, lastRpcTime:11ms, electionTimeout:11ms
2019-10-18 13:01:55,862 [Thread-2654] INFO  impl.RoleInfo (RoleInfo.java:shutdownFollowerState(121)) - 018b3f78-d19f-4e26-a796-cb8ddc4f97cf: shutdown FollowerState
2019-10-18 13:01:55,862 [Thread-2654] INFO  impl.RaftServerImpl (RaftServerImpl.java:setRole(184)) - 018b3f78-d19f-4e26-a796-cb8ddc4f97cf@group-187684C21557: changes role from  FOLLOWER to CANDIDATE at term 188 for changeToCandidate
2019-10-18 13:01:55,862 [Thread-2654] INFO  impl.RoleInfo (RoleInfo.java:updateAndGet(143)) - 018b3f78-d19f-4e26-a796-cb8ddc4f97cf: start LeaderElection
2019-10-18 13:01:55,931 [c124d131-afb9-4343-ad4e-aaebde613043@group-FF4202234884-LeaderElection320] INFO  impl.LeaderElection (LeaderElection.java:askForVotes(178)) - c124d131-afb9-4343-ad4e-aaebde613043@group-FF4202234884-LeaderElection320: begin an election at term 175 for -1: [999343e7-0330-4874-a345-91eca72585e0:192.168.34.56:44872, c124d131-afb9-4343-ad4e-aaebde613043:192.168.34.56:42116, e5bb327f-cdd7-4e49-919e-13a4c895fddf:192.168.34.56:36658], old=null
2019-10-18 13:01:55,932 [c124d131-afb9-4343-ad4e-aaebde613043@group-FF4202234884-LeaderElection320] INFO  impl.LeaderElection (LogUtils.java:infoOrTrace(149)) - c124d131-afb9-4343-ad4e-aaebde613043@group-FF4202234884-LeaderElection320 got exception when requesting votes: {}
java.util.concurrent.ExecutionException: org.apache.ratis.thirdparty.io.grpc.StatusRuntimeException: UNAVAILABLE: io exception
	at java.util.concurrent.FutureTask.report(FutureTask.java:122)
	at java.util.concurrent.FutureTask.get(FutureTask.java:192)
	at org.apache.ratis.server.impl.LeaderElection.waitForResults(LeaderElection.java:259)
	at org.apache.ratis.server.impl.LeaderElection.askForVotes(LeaderElection.java:197)
	at org.apache.ratis.server.impl.LeaderElection.run(LeaderElection.java:133)
	at java.lang.Thread.run(Thread.java:748)
Caused by: org.apache.ratis.thirdparty.io.grpc.StatusRuntimeException: UNAVAILABLE: io exception
	at org.apache.ratis.thirdparty.io.grpc.stub.ClientCalls.toStatusRuntimeException(ClientCalls.java:233)
	at org.apache.ratis.thirdparty.io.grpc.stub.ClientCalls.getUnchecked(ClientCalls.java:214)
	at org.apache.ratis.thirdparty.io.grpc.stub.ClientCalls.blockingUnaryCall(ClientCalls.java:139)
	at org.apache.ratis.proto.grpc.RaftServerProtocolServiceGrpc$RaftServerProtocolServiceBlockingStub.requestVote(RaftServerProtocolServiceGrpc.java:265)
	at org.apache.ratis.grpc.server.GrpcServerProtocolClient.requestVote(GrpcServerProtocolClient.java:99)
	at org.apache.ratis.grpc.server.GrpcService.requestVote(GrpcService.java:204)
	at org.apache.ratis.server.impl.LeaderElection.lambda$submitRequests$1(LeaderElection.java:234)
	at java.util.concurrent.FutureTask.run(FutureTask.java:266)
	at java.util.concurrent.Executors$RunnableAdapter.call(Executors.java:511)
	at java.util.concurrent.FutureTask.run(FutureTask.java:266)
	at java.util.concurrent.ThreadPoolExecutor.runWorker(ThreadPoolExecutor.java:1149)
	at java.util.concurrent.ThreadPoolExecutor$Worker.run(ThreadPoolExecutor.java:624)
	... 1 more
Caused by: org.apache.ratis.thirdparty.io.netty.channel.AbstractChannel$AnnotatedConnectException: Connection refused: /192.168.34.56:44872
	at sun.nio.ch.SocketChannelImpl.checkConnect(Native Method)
	at sun.nio.ch.SocketChannelImpl.finishConnect(SocketChannelImpl.java:717)
	at org.apache.ratis.thirdparty.io.netty.channel.socket.nio.NioSocketChannel.doFinishConnect(NioSocketChannel.java:327)
	at org.apache.ratis.thirdparty.io.netty.channel.nio.AbstractNioChannel$AbstractNioUnsafe.finishConnect(AbstractNioChannel.java:340)
	at org.apache.ratis.thirdparty.io.netty.channel.nio.NioEventLoop.processSelectedKey(NioEventLoop.java:632)
	at org.apache.ratis.thirdparty.io.netty.channel.nio.NioEventLoop.processSelectedKeysOptimized(NioEventLoop.java:579)
	at org.apache.ratis.thirdparty.io.netty.channel.nio.NioEventLoop.processSelectedKeys(NioEventLoop.java:496)
	at org.apache.ratis.thirdparty.io.netty.channel.nio.NioEventLoop.run(NioEventLoop.java:458)
	at org.apache.ratis.thirdparty.io.netty.util.concurrent.SingleThreadEventExecutor$5.run(SingleThreadEventExecutor.java:897)
	at org.apache.ratis.thirdparty.io.netty.util.concurrent.FastThreadLocalRunnable.run(FastThreadLocalRunnable.java:30)
	... 1 more
Caused by: java.net.ConnectException: Connection refused
	... 11 more
2019-10-18 13:01:55,933 [c124d131-afb9-4343-ad4e-aaebde613043@group-FF4202234884-LeaderElection320] INFO  impl.LeaderElection (LogUtils.java:infoOrTrace(149)) - c124d131-afb9-4343-ad4e-aaebde613043@group-FF4202234884-LeaderElection320 got exception when requesting votes: {}
java.util.concurrent.ExecutionException: org.apache.ratis.thirdparty.io.grpc.StatusRuntimeException: UNAVAILABLE: io exception
	at java.util.concurrent.FutureTask.report(FutureTask.java:122)
	at java.util.concurrent.FutureTask.get(FutureTask.java:192)
	at org.apache.ratis.server.impl.LeaderElection.waitForResults(LeaderElection.java:259)
	at org.apache.ratis.server.impl.LeaderElection.askForVotes(LeaderElection.java:197)
	at org.apache.ratis.server.impl.LeaderElection.run(LeaderElection.java:133)
	at java.lang.Thread.run(Thread.java:748)
Caused by: org.apache.ratis.thirdparty.io.grpc.StatusRuntimeException: UNAVAILABLE: io exception
	at org.apache.ratis.thirdparty.io.grpc.stub.ClientCalls.toStatusRuntimeException(ClientCalls.java:233)
	at org.apache.ratis.thirdparty.io.grpc.stub.ClientCalls.getUnchecked(ClientCalls.java:214)
	at org.apache.ratis.thirdparty.io.grpc.stub.ClientCalls.blockingUnaryCall(ClientCalls.java:139)
	at org.apache.ratis.proto.grpc.RaftServerProtocolServiceGrpc$RaftServerProtocolServiceBlockingStub.requestVote(RaftServerProtocolServiceGrpc.java:265)
	at org.apache.ratis.grpc.server.GrpcServerProtocolClient.requestVote(GrpcServerProtocolClient.java:99)
	at org.apache.ratis.grpc.server.GrpcService.requestVote(GrpcService.java:204)
	at org.apache.ratis.server.impl.LeaderElection.lambda$submitRequests$1(LeaderElection.java:234)
	at java.util.concurrent.FutureTask.run(FutureTask.java:266)
	at java.util.concurrent.Executors$RunnableAdapter.call(Executors.java:511)
	at java.util.concurrent.FutureTask.run(FutureTask.java:266)
	at java.util.concurrent.ThreadPoolExecutor.runWorker(ThreadPoolExecutor.java:1149)
	at java.util.concurrent.ThreadPoolExecutor$Worker.run(ThreadPoolExecutor.java:624)
	... 1 more
Caused by: org.apache.ratis.thirdparty.io.netty.channel.AbstractChannel$AnnotatedConnectException: Connection refused: /192.168.34.56:36658
	at sun.nio.ch.SocketChannelImpl.checkConnect(Native Method)
	at sun.nio.ch.SocketChannelImpl.finishConnect(SocketChannelImpl.java:717)
	at org.apache.ratis.thirdparty.io.netty.channel.socket.nio.NioSocketChannel.doFinishConnect(NioSocketChannel.java:327)
	at org.apache.ratis.thirdparty.io.netty.channel.nio.AbstractNioChannel$AbstractNioUnsafe.finishConnect(AbstractNioChannel.java:340)
	at org.apache.ratis.thirdparty.io.netty.channel.nio.NioEventLoop.processSelectedKey(NioEventLoop.java:632)
	at org.apache.ratis.thirdparty.io.netty.channel.nio.NioEventLoop.processSelectedKeysOptimized(NioEventLoop.java:579)
	at org.apache.ratis.thirdparty.io.netty.channel.nio.NioEventLoop.processSelectedKeys(NioEventLoop.java:496)
	at org.apache.ratis.thirdparty.io.netty.channel.nio.NioEventLoop.run(NioEventLoop.java:458)
	at org.apache.ratis.thirdparty.io.netty.util.concurrent.SingleThreadEventExecutor$5.run(SingleThreadEventExecutor.java:897)
	at org.apache.ratis.thirdparty.io.netty.util.concurrent.FastThreadLocalRunnable.run(FastThreadLocalRunnable.java:30)
	... 1 more
Caused by: java.net.ConnectException: Connection refused
	... 11 more
2019-10-18 13:01:55,933 [c124d131-afb9-4343-ad4e-aaebde613043@group-FF4202234884-LeaderElection320] INFO  impl.LeaderElection (LeaderElection.java:logAndReturn(56)) - c124d131-afb9-4343-ad4e-aaebde613043@group-FF4202234884-LeaderElection320: Election REJECTED; received 0 response(s) [] and 2 exception(s); c124d131-afb9-4343-ad4e-aaebde613043@group-FF4202234884:t175, leader=null, voted=c124d131-afb9-4343-ad4e-aaebde613043, raftlog=c124d131-afb9-4343-ad4e-aaebde613043@group-FF4202234884-SegmentedRaftLog:OPENED:c-1,f-1,i0, conf=-1: [999343e7-0330-4874-a345-91eca72585e0:192.168.34.56:44872, c124d131-afb9-4343-ad4e-aaebde613043:192.168.34.56:42116, e5bb327f-cdd7-4e49-919e-13a4c895fddf:192.168.34.56:36658], old=null
2019-10-18 13:01:55,934 [c124d131-afb9-4343-ad4e-aaebde613043@group-FF4202234884-LeaderElection320] INFO  impl.LeaderElection (LogUtils.java:infoOrTrace(149)) -   Exception 0: {}
java.util.concurrent.ExecutionException: org.apache.ratis.thirdparty.io.grpc.StatusRuntimeException: UNAVAILABLE: io exception
	at java.util.concurrent.FutureTask.report(FutureTask.java:122)
	at java.util.concurrent.FutureTask.get(FutureTask.java:192)
	at org.apache.ratis.server.impl.LeaderElection.waitForResults(LeaderElection.java:259)
	at org.apache.ratis.server.impl.LeaderElection.askForVotes(LeaderElection.java:197)
	at org.apache.ratis.server.impl.LeaderElection.run(LeaderElection.java:133)
	at java.lang.Thread.run(Thread.java:748)
Caused by: org.apache.ratis.thirdparty.io.grpc.StatusRuntimeException: UNAVAILABLE: io exception
	at org.apache.ratis.thirdparty.io.grpc.stub.ClientCalls.toStatusRuntimeException(ClientCalls.java:233)
	at org.apache.ratis.thirdparty.io.grpc.stub.ClientCalls.getUnchecked(ClientCalls.java:214)
	at org.apache.ratis.thirdparty.io.grpc.stub.ClientCalls.blockingUnaryCall(ClientCalls.java:139)
	at org.apache.ratis.proto.grpc.RaftServerProtocolServiceGrpc$RaftServerProtocolServiceBlockingStub.requestVote(RaftServerProtocolServiceGrpc.java:265)
	at org.apache.ratis.grpc.server.GrpcServerProtocolClient.requestVote(GrpcServerProtocolClient.java:99)
	at org.apache.ratis.grpc.server.GrpcService.requestVote(GrpcService.java:204)
	at org.apache.ratis.server.impl.LeaderElection.lambda$submitRequests$1(LeaderElection.java:234)
	at java.util.concurrent.FutureTask.run(FutureTask.java:266)
	at java.util.concurrent.Executors$RunnableAdapter.call(Executors.java:511)
	at java.util.concurrent.FutureTask.run(FutureTask.java:266)
	at java.util.concurrent.ThreadPoolExecutor.runWorker(ThreadPoolExecutor.java:1149)
	at java.util.concurrent.ThreadPoolExecutor$Worker.run(ThreadPoolExecutor.java:624)
	... 1 more
Caused by: org.apache.ratis.thirdparty.io.netty.channel.AbstractChannel$AnnotatedConnectException: Connection refused: /192.168.34.56:44872
	at sun.nio.ch.SocketChannelImpl.checkConnect(Native Method)
	at sun.nio.ch.SocketChannelImpl.finishConnect(SocketChannelImpl.java:717)
	at org.apache.ratis.thirdparty.io.netty.channel.socket.nio.NioSocketChannel.doFinishConnect(NioSocketChannel.java:327)
	at org.apache.ratis.thirdparty.io.netty.channel.nio.AbstractNioChannel$AbstractNioUnsafe.finishConnect(AbstractNioChannel.java:340)
	at org.apache.ratis.thirdparty.io.netty.channel.nio.NioEventLoop.processSelectedKey(NioEventLoop.java:632)
	at org.apache.ratis.thirdparty.io.netty.channel.nio.NioEventLoop.processSelectedKeysOptimized(NioEventLoop.java:579)
	at org.apache.ratis.thirdparty.io.netty.channel.nio.NioEventLoop.processSelectedKeys(NioEventLoop.java:496)
	at org.apache.ratis.thirdparty.io.netty.channel.nio.NioEventLoop.run(NioEventLoop.java:458)
	at org.apache.ratis.thirdparty.io.netty.util.concurrent.SingleThreadEventExecutor$5.run(SingleThreadEventExecutor.java:897)
	at org.apache.ratis.thirdparty.io.netty.util.concurrent.FastThreadLocalRunnable.run(FastThreadLocalRunnable.java:30)
	... 1 more
Caused by: java.net.ConnectException: Connection refused
	... 11 more
2019-10-18 13:01:55,934 [c124d131-afb9-4343-ad4e-aaebde613043@group-FF4202234884-LeaderElection320] INFO  impl.LeaderElection (LogUtils.java:infoOrTrace(149)) -   Exception 1: {}
java.util.concurrent.ExecutionException: org.apache.ratis.thirdparty.io.grpc.StatusRuntimeException: UNAVAILABLE: io exception
	at java.util.concurrent.FutureTask.report(FutureTask.java:122)
	at java.util.concurrent.FutureTask.get(FutureTask.java:192)
	at org.apache.ratis.server.impl.LeaderElection.waitForResults(LeaderElection.java:259)
	at org.apache.ratis.server.impl.LeaderElection.askForVotes(LeaderElection.java:197)
	at org.apache.ratis.server.impl.LeaderElection.run(LeaderElection.java:133)
	at java.lang.Thread.run(Thread.java:748)
Caused by: org.apache.ratis.thirdparty.io.grpc.StatusRuntimeException: UNAVAILABLE: io exception
	at org.apache.ratis.thirdparty.io.grpc.stub.ClientCalls.toStatusRuntimeException(ClientCalls.java:233)
	at org.apache.ratis.thirdparty.io.grpc.stub.ClientCalls.getUnchecked(ClientCalls.java:214)
	at org.apache.ratis.thirdparty.io.grpc.stub.ClientCalls.blockingUnaryCall(ClientCalls.java:139)
	at org.apache.ratis.proto.grpc.RaftServerProtocolServiceGrpc$RaftServerProtocolServiceBlockingStub.requestVote(RaftServerProtocolServiceGrpc.java:265)
	at org.apache.ratis.grpc.server.GrpcServerProtocolClient.requestVote(GrpcServerProtocolClient.java:99)
	at org.apache.ratis.grpc.server.GrpcService.requestVote(GrpcService.java:204)
	at org.apache.ratis.server.impl.LeaderElection.lambda$submitRequests$1(LeaderElection.java:234)
	at java.util.concurrent.FutureTask.run(FutureTask.java:266)
	at java.util.concurrent.Executors$RunnableAdapter.call(Executors.java:511)
	at java.util.concurrent.FutureTask.run(FutureTask.java:266)
	at java.util.concurrent.ThreadPoolExecutor.runWorker(ThreadPoolExecutor.java:1149)
	at java.util.concurrent.ThreadPoolExecutor$Worker.run(ThreadPoolExecutor.java:624)
	... 1 more
Caused by: org.apache.ratis.thirdparty.io.netty.channel.AbstractChannel$AnnotatedConnectException: Connection refused: /192.168.34.56:36658
	at sun.nio.ch.SocketChannelImpl.checkConnect(Native Method)
	at sun.nio.ch.SocketChannelImpl.finishConnect(SocketChannelImpl.java:717)
	at org.apache.ratis.thirdparty.io.netty.channel.socket.nio.NioSocketChannel.doFinishConnect(NioSocketChannel.java:327)
	at org.apache.ratis.thirdparty.io.netty.channel.nio.AbstractNioChannel$AbstractNioUnsafe.finishConnect(AbstractNioChannel.java:340)
	at org.apache.ratis.thirdparty.io.netty.channel.nio.NioEventLoop.processSelectedKey(NioEventLoop.java:632)
	at org.apache.ratis.thirdparty.io.netty.channel.nio.NioEventLoop.processSelectedKeysOptimized(NioEventLoop.java:579)
	at org.apache.ratis.thirdparty.io.netty.channel.nio.NioEventLoop.processSelectedKeys(NioEventLoop.java:496)
	at org.apache.ratis.thirdparty.io.netty.channel.nio.NioEventLoop.run(NioEventLoop.java:458)
	at org.apache.ratis.thirdparty.io.netty.util.concurrent.SingleThreadEventExecutor$5.run(SingleThreadEventExecutor.java:897)
	at org.apache.ratis.thirdparty.io.netty.util.concurrent.FastThreadLocalRunnable.run(FastThreadLocalRunnable.java:30)
	... 1 more
Caused by: java.net.ConnectException: Connection refused
	... 11 more
2019-10-18 13:01:55,935 [c124d131-afb9-4343-ad4e-aaebde613043@group-FF4202234884-LeaderElection320] INFO  impl.RaftServerImpl (RaftServerImpl.java:setRole(184)) - c124d131-afb9-4343-ad4e-aaebde613043@group-FF4202234884: changes role from CANDIDATE to FOLLOWER at term 175 for DISCOVERED_A_NEW_TERM
2019-10-18 13:01:55,935 [c124d131-afb9-4343-ad4e-aaebde613043@group-FF4202234884-LeaderElection320] INFO  impl.RoleInfo (RoleInfo.java:shutdownLeaderElection(134)) - c124d131-afb9-4343-ad4e-aaebde613043: shutdown LeaderElection
2019-10-18 13:01:55,935 [c124d131-afb9-4343-ad4e-aaebde613043@group-FF4202234884-LeaderElection320] INFO  impl.RoleInfo (RoleInfo.java:updateAndGet(143)) - c124d131-afb9-4343-ad4e-aaebde613043: start FollowerState
2019-10-18 13:01:55,951 [018b3f78-d19f-4e26-a796-cb8ddc4f97cf@group-187684C21557-LeaderElection321] INFO  impl.LeaderElection (LeaderElection.java:askForVotes(178)) - 018b3f78-d19f-4e26-a796-cb8ddc4f97cf@group-187684C21557-LeaderElection321: begin an election at term 189 for -1: [893cf03e-f2cf-478a-892a-a746717e50e3:192.168.34.56:40750, 8697df36-98d2-41b1-bdc7-60597b3b5526:192.168.34.56:46415, 018b3f78-d19f-4e26-a796-cb8ddc4f97cf:192.168.34.56:35845], old=null
2019-10-18 13:01:55,953 [grpc-default-executor-7] INFO  impl.RaftServerImpl (RaftServerImpl.java:setRole(184)) - 8697df36-98d2-41b1-bdc7-60597b3b5526@group-187684C21557: changes role from  FOLLOWER to FOLLOWER at term 189 for recognizeCandidate:018b3f78-d19f-4e26-a796-cb8ddc4f97cf
2019-10-18 13:01:55,953 [grpc-default-executor-7] INFO  impl.RoleInfo (RoleInfo.java:shutdownFollowerState(121)) - 8697df36-98d2-41b1-bdc7-60597b3b5526: shutdown FollowerState
2019-10-18 13:01:55,953 [grpc-default-executor-2] INFO  impl.RaftServerImpl (RaftServerImpl.java:setRole(184)) - 893cf03e-f2cf-478a-892a-a746717e50e3@group-187684C21557: changes role from  FOLLOWER to FOLLOWER at term 189 for recognizeCandidate:018b3f78-d19f-4e26-a796-cb8ddc4f97cf
2019-10-18 13:01:55,953 [Thread-2651] INFO  impl.FollowerState (FollowerState.java:run(117)) - 8697df36-98d2-41b1-bdc7-60597b3b5526@group-187684C21557-FollowerState was interrupted: java.lang.InterruptedException: sleep interrupted
2019-10-18 13:01:55,953 [grpc-default-executor-7] INFO  impl.RoleInfo (RoleInfo.java:updateAndGet(143)) - 8697df36-98d2-41b1-bdc7-60597b3b5526: start FollowerState
2019-10-18 13:01:55,953 [grpc-default-executor-2] INFO  impl.RoleInfo (RoleInfo.java:shutdownFollowerState(121)) - 893cf03e-f2cf-478a-892a-a746717e50e3: shutdown FollowerState
2019-10-18 13:01:55,954 [grpc-default-executor-2] INFO  impl.RoleInfo (RoleInfo.java:updateAndGet(143)) - 893cf03e-f2cf-478a-892a-a746717e50e3: start FollowerState
2019-10-18 13:01:55,954 [Thread-2652] INFO  impl.FollowerState (FollowerState.java:run(117)) - 893cf03e-f2cf-478a-892a-a746717e50e3@group-187684C21557-FollowerState was interrupted: java.lang.InterruptedException: sleep interrupted
2019-10-18 13:01:55,989 [018b3f78-d19f-4e26-a796-cb8ddc4f97cf@group-187684C21557-LeaderElection321] INFO  impl.LeaderElection (LeaderElection.java:logAndReturn(56)) - 018b3f78-d19f-4e26-a796-cb8ddc4f97cf@group-187684C21557-LeaderElection321: Election REJECTED; received 2 response(s) [018b3f78-d19f-4e26-a796-cb8ddc4f97cf<-893cf03e-f2cf-478a-892a-a746717e50e3#0:FAIL-t189, 018b3f78-d19f-4e26-a796-cb8ddc4f97cf<-8697df36-98d2-41b1-bdc7-60597b3b5526#0:FAIL-t189] and 0 exception(s); 018b3f78-d19f-4e26-a796-cb8ddc4f97cf@group-187684C21557:t189, leader=null, voted=018b3f78-d19f-4e26-a796-cb8ddc4f97cf, raftlog=018b3f78-d19f-4e26-a796-cb8ddc4f97cf@group-187684C21557-SegmentedRaftLog:OPENED:c-1,f-1,i0, conf=-1: [893cf03e-f2cf-478a-892a-a746717e50e3:192.168.34.56:40750, 8697df36-98d2-41b1-bdc7-60597b3b5526:192.168.34.56:46415, 018b3f78-d19f-4e26-a796-cb8ddc4f97cf:192.168.34.56:35845], old=null
2019-10-18 13:01:55,989 [018b3f78-d19f-4e26-a796-cb8ddc4f97cf@group-187684C21557-LeaderElection321] INFO  impl.RaftServerImpl (RaftServerImpl.java:setRole(184)) - 018b3f78-d19f-4e26-a796-cb8ddc4f97cf@group-187684C21557: changes role from CANDIDATE to FOLLOWER at term 189 for DISCOVERED_A_NEW_TERM
2019-10-18 13:01:55,989 [018b3f78-d19f-4e26-a796-cb8ddc4f97cf@group-187684C21557-LeaderElection321] INFO  impl.RoleInfo (RoleInfo.java:shutdownLeaderElection(134)) - 018b3f78-d19f-4e26-a796-cb8ddc4f97cf: shutdown LeaderElection
2019-10-18 13:01:55,989 [018b3f78-d19f-4e26-a796-cb8ddc4f97cf@group-187684C21557-LeaderElection321] INFO  impl.RoleInfo (RoleInfo.java:updateAndGet(143)) - 018b3f78-d19f-4e26-a796-cb8ddc4f97cf: start FollowerState
2019-10-18 13:01:56,061 [Thread-2658] INFO  impl.FollowerState (FollowerState.java:run(108)) - c124d131-afb9-4343-ad4e-aaebde613043@group-FF4202234884-FollowerState: change to CANDIDATE, lastRpcTime:125ms, electionTimeout:125ms
2019-10-18 13:01:56,061 [Thread-2658] INFO  impl.RoleInfo (RoleInfo.java:shutdownFollowerState(121)) - c124d131-afb9-4343-ad4e-aaebde613043: shutdown FollowerState
2019-10-18 13:01:56,061 [Thread-2658] INFO  impl.RaftServerImpl (RaftServerImpl.java:setRole(184)) - c124d131-afb9-4343-ad4e-aaebde613043@group-FF4202234884: changes role from  FOLLOWER to CANDIDATE at term 175 for changeToCandidate
2019-10-18 13:01:56,062 [Thread-2658] INFO  impl.RoleInfo (RoleInfo.java:updateAndGet(143)) - c124d131-afb9-4343-ad4e-aaebde613043: start LeaderElection
2019-10-18 13:01:56,087 [c124d131-afb9-4343-ad4e-aaebde613043@group-FF4202234884-LeaderElection322] INFO  impl.LeaderElection (LeaderElection.java:askForVotes(178)) - c124d131-afb9-4343-ad4e-aaebde613043@group-FF4202234884-LeaderElection322: begin an election at term 176 for -1: [999343e7-0330-4874-a345-91eca72585e0:192.168.34.56:44872, c124d131-afb9-4343-ad4e-aaebde613043:192.168.34.56:42116, e5bb327f-cdd7-4e49-919e-13a4c895fddf:192.168.34.56:36658], old=null
2019-10-18 13:01:56,088 [c124d131-afb9-4343-ad4e-aaebde613043@group-FF4202234884-LeaderElection322] INFO  impl.LeaderElection (LogUtils.java:infoOrTrace(149)) - c124d131-afb9-4343-ad4e-aaebde613043@group-FF4202234884-LeaderElection322 got exception when requesting votes: {}
java.util.concurrent.ExecutionException: org.apache.ratis.thirdparty.io.grpc.StatusRuntimeException: UNAVAILABLE: io exception
	at java.util.concurrent.FutureTask.report(FutureTask.java:122)
	at java.util.concurrent.FutureTask.get(FutureTask.java:192)
	at org.apache.ratis.server.impl.LeaderElection.waitForResults(LeaderElection.java:259)
	at org.apache.ratis.server.impl.LeaderElection.askForVotes(LeaderElection.java:197)
	at org.apache.ratis.server.impl.LeaderElection.run(LeaderElection.java:133)
	at java.lang.Thread.run(Thread.java:748)
Caused by: org.apache.ratis.thirdparty.io.grpc.StatusRuntimeException: UNAVAILABLE: io exception
	at org.apache.ratis.thirdparty.io.grpc.stub.ClientCalls.toStatusRuntimeException(ClientCalls.java:233)
	at org.apache.ratis.thirdparty.io.grpc.stub.ClientCalls.getUnchecked(ClientCalls.java:214)
	at org.apache.ratis.thirdparty.io.grpc.stub.ClientCalls.blockingUnaryCall(ClientCalls.java:139)
	at org.apache.ratis.proto.grpc.RaftServerProtocolServiceGrpc$RaftServerProtocolServiceBlockingStub.requestVote(RaftServerProtocolServiceGrpc.java:265)
	at org.apache.ratis.grpc.server.GrpcServerProtocolClient.requestVote(GrpcServerProtocolClient.java:99)
	at org.apache.ratis.grpc.server.GrpcService.requestVote(GrpcService.java:204)
	at org.apache.ratis.server.impl.LeaderElection.lambda$submitRequests$1(LeaderElection.java:234)
	at java.util.concurrent.FutureTask.run(FutureTask.java:266)
	at java.util.concurrent.Executors$RunnableAdapter.call(Executors.java:511)
	at java.util.concurrent.FutureTask.run(FutureTask.java:266)
	at java.util.concurrent.ThreadPoolExecutor.runWorker(ThreadPoolExecutor.java:1149)
	at java.util.concurrent.ThreadPoolExecutor$Worker.run(ThreadPoolExecutor.java:624)
	... 1 more
Caused by: org.apache.ratis.thirdparty.io.netty.channel.AbstractChannel$AnnotatedConnectException: Connection refused: /192.168.34.56:36658
	at sun.nio.ch.SocketChannelImpl.checkConnect(Native Method)
	at sun.nio.ch.SocketChannelImpl.finishConnect(SocketChannelImpl.java:717)
	at org.apache.ratis.thirdparty.io.netty.channel.socket.nio.NioSocketChannel.doFinishConnect(NioSocketChannel.java:327)
	at org.apache.ratis.thirdparty.io.netty.channel.nio.AbstractNioChannel$AbstractNioUnsafe.finishConnect(AbstractNioChannel.java:340)
	at org.apache.ratis.thirdparty.io.netty.channel.nio.NioEventLoop.processSelectedKey(NioEventLoop.java:632)
	at org.apache.ratis.thirdparty.io.netty.channel.nio.NioEventLoop.processSelectedKeysOptimized(NioEventLoop.java:579)
	at org.apache.ratis.thirdparty.io.netty.channel.nio.NioEventLoop.processSelectedKeys(NioEventLoop.java:496)
	at org.apache.ratis.thirdparty.io.netty.channel.nio.NioEventLoop.run(NioEventLoop.java:458)
	at org.apache.ratis.thirdparty.io.netty.util.concurrent.SingleThreadEventExecutor$5.run(SingleThreadEventExecutor.java:897)
	at org.apache.ratis.thirdparty.io.netty.util.concurrent.FastThreadLocalRunnable.run(FastThreadLocalRunnable.java:30)
	... 1 more
Caused by: java.net.ConnectException: Connection refused
	... 11 more
2019-10-18 13:01:56,088 [c124d131-afb9-4343-ad4e-aaebde613043@group-FF4202234884-LeaderElection322] INFO  impl.LeaderElection (LogUtils.java:infoOrTrace(149)) - c124d131-afb9-4343-ad4e-aaebde613043@group-FF4202234884-LeaderElection322 got exception when requesting votes: {}
java.util.concurrent.ExecutionException: org.apache.ratis.thirdparty.io.grpc.StatusRuntimeException: UNAVAILABLE: io exception
	at java.util.concurrent.FutureTask.report(FutureTask.java:122)
	at java.util.concurrent.FutureTask.get(FutureTask.java:192)
	at org.apache.ratis.server.impl.LeaderElection.waitForResults(LeaderElection.java:259)
	at org.apache.ratis.server.impl.LeaderElection.askForVotes(LeaderElection.java:197)
	at org.apache.ratis.server.impl.LeaderElection.run(LeaderElection.java:133)
	at java.lang.Thread.run(Thread.java:748)
Caused by: org.apache.ratis.thirdparty.io.grpc.StatusRuntimeException: UNAVAILABLE: io exception
	at org.apache.ratis.thirdparty.io.grpc.stub.ClientCalls.toStatusRuntimeException(ClientCalls.java:233)
	at org.apache.ratis.thirdparty.io.grpc.stub.ClientCalls.getUnchecked(ClientCalls.java:214)
	at org.apache.ratis.thirdparty.io.grpc.stub.ClientCalls.blockingUnaryCall(ClientCalls.java:139)
	at org.apache.ratis.proto.grpc.RaftServerProtocolServiceGrpc$RaftServerProtocolServiceBlockingStub.requestVote(RaftServerProtocolServiceGrpc.java:265)
	at org.apache.ratis.grpc.server.GrpcServerProtocolClient.requestVote(GrpcServerProtocolClient.java:99)
	at org.apache.ratis.grpc.server.GrpcService.requestVote(GrpcService.java:204)
	at org.apache.ratis.server.impl.LeaderElection.lambda$submitRequests$1(LeaderElection.java:234)
	at java.util.concurrent.FutureTask.run(FutureTask.java:266)
	at java.util.concurrent.Executors$RunnableAdapter.call(Executors.java:511)
	at java.util.concurrent.FutureTask.run(FutureTask.java:266)
	at java.util.concurrent.ThreadPoolExecutor.runWorker(ThreadPoolExecutor.java:1149)
	at java.util.concurrent.ThreadPoolExecutor$Worker.run(ThreadPoolExecutor.java:624)
	... 1 more
Caused by: org.apache.ratis.thirdparty.io.netty.channel.AbstractChannel$AnnotatedConnectException: Connection refused: /192.168.34.56:44872
	at sun.nio.ch.SocketChannelImpl.checkConnect(Native Method)
	at sun.nio.ch.SocketChannelImpl.finishConnect(SocketChannelImpl.java:717)
	at org.apache.ratis.thirdparty.io.netty.channel.socket.nio.NioSocketChannel.doFinishConnect(NioSocketChannel.java:327)
	at org.apache.ratis.thirdparty.io.netty.channel.nio.AbstractNioChannel$AbstractNioUnsafe.finishConnect(AbstractNioChannel.java:340)
	at org.apache.ratis.thirdparty.io.netty.channel.nio.NioEventLoop.processSelectedKey(NioEventLoop.java:632)
	at org.apache.ratis.thirdparty.io.netty.channel.nio.NioEventLoop.processSelectedKeysOptimized(NioEventLoop.java:579)
	at org.apache.ratis.thirdparty.io.netty.channel.nio.NioEventLoop.processSelectedKeys(NioEventLoop.java:496)
	at org.apache.ratis.thirdparty.io.netty.channel.nio.NioEventLoop.run(NioEventLoop.java:458)
	at org.apache.ratis.thirdparty.io.netty.util.concurrent.SingleThreadEventExecutor$5.run(SingleThreadEventExecutor.java:897)
	at org.apache.ratis.thirdparty.io.netty.util.concurrent.FastThreadLocalRunnable.run(FastThreadLocalRunnable.java:30)
	... 1 more
Caused by: java.net.ConnectException: Connection refused
	... 11 more
2019-10-18 13:01:56,089 [c124d131-afb9-4343-ad4e-aaebde613043@group-FF4202234884-LeaderElection322] INFO  impl.LeaderElection (LeaderElection.java:logAndReturn(56)) - c124d131-afb9-4343-ad4e-aaebde613043@group-FF4202234884-LeaderElection322: Election REJECTED; received 0 response(s) [] and 2 exception(s); c124d131-afb9-4343-ad4e-aaebde613043@group-FF4202234884:t176, leader=null, voted=c124d131-afb9-4343-ad4e-aaebde613043, raftlog=c124d131-afb9-4343-ad4e-aaebde613043@group-FF4202234884-SegmentedRaftLog:OPENED:c-1,f-1,i0, conf=-1: [999343e7-0330-4874-a345-91eca72585e0:192.168.34.56:44872, c124d131-afb9-4343-ad4e-aaebde613043:192.168.34.56:42116, e5bb327f-cdd7-4e49-919e-13a4c895fddf:192.168.34.56:36658], old=null
2019-10-18 13:01:56,089 [c124d131-afb9-4343-ad4e-aaebde613043@group-FF4202234884-LeaderElection322] INFO  impl.LeaderElection (LogUtils.java:infoOrTrace(149)) -   Exception 0: {}
java.util.concurrent.ExecutionException: org.apache.ratis.thirdparty.io.grpc.StatusRuntimeException: UNAVAILABLE: io exception
	at java.util.concurrent.FutureTask.report(FutureTask.java:122)
	at java.util.concurrent.FutureTask.get(FutureTask.java:192)
	at org.apache.ratis.server.impl.LeaderElection.waitForResults(LeaderElection.java:259)
	at org.apache.ratis.server.impl.LeaderElection.askForVotes(LeaderElection.java:197)
	at org.apache.ratis.server.impl.LeaderElection.run(LeaderElection.java:133)
	at java.lang.Thread.run(Thread.java:748)
Caused by: org.apache.ratis.thirdparty.io.grpc.StatusRuntimeException: UNAVAILABLE: io exception
	at org.apache.ratis.thirdparty.io.grpc.stub.ClientCalls.toStatusRuntimeException(ClientCalls.java:233)
	at org.apache.ratis.thirdparty.io.grpc.stub.ClientCalls.getUnchecked(ClientCalls.java:214)
	at org.apache.ratis.thirdparty.io.grpc.stub.ClientCalls.blockingUnaryCall(ClientCalls.java:139)
	at org.apache.ratis.proto.grpc.RaftServerProtocolServiceGrpc$RaftServerProtocolServiceBlockingStub.requestVote(RaftServerProtocolServiceGrpc.java:265)
	at org.apache.ratis.grpc.server.GrpcServerProtocolClient.requestVote(GrpcServerProtocolClient.java:99)
	at org.apache.ratis.grpc.server.GrpcService.requestVote(GrpcService.java:204)
	at org.apache.ratis.server.impl.LeaderElection.lambda$submitRequests$1(LeaderElection.java:234)
	at java.util.concurrent.FutureTask.run(FutureTask.java:266)
	at java.util.concurrent.Executors$RunnableAdapter.call(Executors.java:511)
	at java.util.concurrent.FutureTask.run(FutureTask.java:266)
	at java.util.concurrent.ThreadPoolExecutor.runWorker(ThreadPoolExecutor.java:1149)
	at java.util.concurrent.ThreadPoolExecutor$Worker.run(ThreadPoolExecutor.java:624)
	... 1 more
Caused by: org.apache.ratis.thirdparty.io.netty.channel.AbstractChannel$AnnotatedConnectException: Connection refused: /192.168.34.56:36658
	at sun.nio.ch.SocketChannelImpl.checkConnect(Native Method)
	at sun.nio.ch.SocketChannelImpl.finishConnect(SocketChannelImpl.java:717)
	at org.apache.ratis.thirdparty.io.netty.channel.socket.nio.NioSocketChannel.doFinishConnect(NioSocketChannel.java:327)
	at org.apache.ratis.thirdparty.io.netty.channel.nio.AbstractNioChannel$AbstractNioUnsafe.finishConnect(AbstractNioChannel.java:340)
	at org.apache.ratis.thirdparty.io.netty.channel.nio.NioEventLoop.processSelectedKey(NioEventLoop.java:632)
	at org.apache.ratis.thirdparty.io.netty.channel.nio.NioEventLoop.processSelectedKeysOptimized(NioEventLoop.java:579)
	at org.apache.ratis.thirdparty.io.netty.channel.nio.NioEventLoop.processSelectedKeys(NioEventLoop.java:496)
	at org.apache.ratis.thirdparty.io.netty.channel.nio.NioEventLoop.run(NioEventLoop.java:458)
	at org.apache.ratis.thirdparty.io.netty.util.concurrent.SingleThreadEventExecutor$5.run(SingleThreadEventExecutor.java:897)
	at org.apache.ratis.thirdparty.io.netty.util.concurrent.FastThreadLocalRunnable.run(FastThreadLocalRunnable.java:30)
	... 1 more
Caused by: java.net.ConnectException: Connection refused
	... 11 more
2019-10-18 13:01:56,089 [c124d131-afb9-4343-ad4e-aaebde613043@group-FF4202234884-LeaderElection322] INFO  impl.LeaderElection (LogUtils.java:infoOrTrace(149)) -   Exception 1: {}
java.util.concurrent.ExecutionException: org.apache.ratis.thirdparty.io.grpc.StatusRuntimeException: UNAVAILABLE: io exception
	at java.util.concurrent.FutureTask.report(FutureTask.java:122)
	at java.util.concurrent.FutureTask.get(FutureTask.java:192)
	at org.apache.ratis.server.impl.LeaderElection.waitForResults(LeaderElection.java:259)
	at org.apache.ratis.server.impl.LeaderElection.askForVotes(LeaderElection.java:197)
	at org.apache.ratis.server.impl.LeaderElection.run(LeaderElection.java:133)
	at java.lang.Thread.run(Thread.java:748)
Caused by: org.apache.ratis.thirdparty.io.grpc.StatusRuntimeException: UNAVAILABLE: io exception
	at org.apache.ratis.thirdparty.io.grpc.stub.ClientCalls.toStatusRuntimeException(ClientCalls.java:233)
	at org.apache.ratis.thirdparty.io.grpc.stub.ClientCalls.getUnchecked(ClientCalls.java:214)
	at org.apache.ratis.thirdparty.io.grpc.stub.ClientCalls.blockingUnaryCall(ClientCalls.java:139)
	at org.apache.ratis.proto.grpc.RaftServerProtocolServiceGrpc$RaftServerProtocolServiceBlockingStub.requestVote(RaftServerProtocolServiceGrpc.java:265)
	at org.apache.ratis.grpc.server.GrpcServerProtocolClient.requestVote(GrpcServerProtocolClient.java:99)
	at org.apache.ratis.grpc.server.GrpcService.requestVote(GrpcService.java:204)
	at org.apache.ratis.server.impl.LeaderElection.lambda$submitRequests$1(LeaderElection.java:234)
	at java.util.concurrent.FutureTask.run(FutureTask.java:266)
	at java.util.concurrent.Executors$RunnableAdapter.call(Executors.java:511)
	at java.util.concurrent.FutureTask.run(FutureTask.java:266)
	at java.util.concurrent.ThreadPoolExecutor.runWorker(ThreadPoolExecutor.java:1149)
	at java.util.concurrent.ThreadPoolExecutor$Worker.run(ThreadPoolExecutor.java:624)
	... 1 more
Caused by: org.apache.ratis.thirdparty.io.netty.channel.AbstractChannel$AnnotatedConnectException: Connection refused: /192.168.34.56:44872
	at sun.nio.ch.SocketChannelImpl.checkConnect(Native Method)
	at sun.nio.ch.SocketChannelImpl.finishConnect(SocketChannelImpl.java:717)
	at org.apache.ratis.thirdparty.io.netty.channel.socket.nio.NioSocketChannel.doFinishConnect(NioSocketChannel.java:327)
	at org.apache.ratis.thirdparty.io.netty.channel.nio.AbstractNioChannel$AbstractNioUnsafe.finishConnect(AbstractNioChannel.java:340)
	at org.apache.ratis.thirdparty.io.netty.channel.nio.NioEventLoop.processSelectedKey(NioEventLoop.java:632)
	at org.apache.ratis.thirdparty.io.netty.channel.nio.NioEventLoop.processSelectedKeysOptimized(NioEventLoop.java:579)
	at org.apache.ratis.thirdparty.io.netty.channel.nio.NioEventLoop.processSelectedKeys(NioEventLoop.java:496)
	at org.apache.ratis.thirdparty.io.netty.channel.nio.NioEventLoop.run(NioEventLoop.java:458)
	at org.apache.ratis.thirdparty.io.netty.util.concurrent.SingleThreadEventExecutor$5.run(SingleThreadEventExecutor.java:897)
	at org.apache.ratis.thirdparty.io.netty.util.concurrent.FastThreadLocalRunnable.run(FastThreadLocalRunnable.java:30)
	... 1 more
Caused by: java.net.ConnectException: Connection refused
	... 11 more
2019-10-18 13:01:56,090 [c124d131-afb9-4343-ad4e-aaebde613043@group-FF4202234884-LeaderElection322] INFO  impl.RaftServerImpl (RaftServerImpl.java:setRole(184)) - c124d131-afb9-4343-ad4e-aaebde613043@group-FF4202234884: changes role from CANDIDATE to FOLLOWER at term 176 for DISCOVERED_A_NEW_TERM
2019-10-18 13:01:56,090 [c124d131-afb9-4343-ad4e-aaebde613043@group-FF4202234884-LeaderElection322] INFO  impl.RoleInfo (RoleInfo.java:shutdownLeaderElection(134)) - c124d131-afb9-4343-ad4e-aaebde613043: shutdown LeaderElection
2019-10-18 13:01:56,090 [c124d131-afb9-4343-ad4e-aaebde613043@group-FF4202234884-LeaderElection322] INFO  impl.RoleInfo (RoleInfo.java:updateAndGet(143)) - c124d131-afb9-4343-ad4e-aaebde613043: start FollowerState
2019-10-18 13:01:56,169 [Thread-2663] INFO  impl.FollowerState (FollowerState.java:run(108)) - 018b3f78-d19f-4e26-a796-cb8ddc4f97cf@group-187684C21557-FollowerState: change to CANDIDATE, lastRpcTime:179ms, electionTimeout:179ms
2019-10-18 13:01:56,169 [Thread-2663] INFO  impl.RoleInfo (RoleInfo.java:shutdownFollowerState(121)) - 018b3f78-d19f-4e26-a796-cb8ddc4f97cf: shutdown FollowerState
2019-10-18 13:01:56,169 [Thread-2663] INFO  impl.RaftServerImpl (RaftServerImpl.java:setRole(184)) - 018b3f78-d19f-4e26-a796-cb8ddc4f97cf@group-187684C21557: changes role from  FOLLOWER to CANDIDATE at term 189 for changeToCandidate
2019-10-18 13:01:56,169 [Thread-2663] INFO  impl.RoleInfo (RoleInfo.java:updateAndGet(143)) - 018b3f78-d19f-4e26-a796-cb8ddc4f97cf: start LeaderElection
2019-10-18 13:01:56,183 [java.util.concurrent.ThreadPoolExecutor$Worker@7a2507ec[State = -1, empty queue]] WARN  server.GrpcLogAppender (GrpcLogAppender.java:timeoutAppendRequest(209)) - 17618ccc-f51c-4f14-92cf-842ef2c05e35@group-08BD6F798C58->32d97539-eb73-46c6-a759-05f11ff00f4c-GrpcLogAppender: appendEntries Timeout, request=17618ccc-f51c-4f14-92cf-842ef2c05e35->32d97539-eb73-46c6-a759-05f11ff00f4c#76-t10, previous=(t:10, i:19), leaderCommit=19, initializing? false, entries: <empty>
2019-10-18 13:01:56,187 [018b3f78-d19f-4e26-a796-cb8ddc4f97cf@group-187684C21557-LeaderElection323] INFO  impl.LeaderElection (LeaderElection.java:askForVotes(178)) - 018b3f78-d19f-4e26-a796-cb8ddc4f97cf@group-187684C21557-LeaderElection323: begin an election at term 190 for -1: [893cf03e-f2cf-478a-892a-a746717e50e3:192.168.34.56:40750, 8697df36-98d2-41b1-bdc7-60597b3b5526:192.168.34.56:46415, 018b3f78-d19f-4e26-a796-cb8ddc4f97cf:192.168.34.56:35845], old=null
2019-10-18 13:01:56,188 [grpc-default-executor-2] INFO  impl.RaftServerImpl (RaftServerImpl.java:setRole(184)) - 8697df36-98d2-41b1-bdc7-60597b3b5526@group-187684C21557: changes role from  FOLLOWER to FOLLOWER at term 190 for recognizeCandidate:018b3f78-d19f-4e26-a796-cb8ddc4f97cf
2019-10-18 13:01:56,188 [grpc-default-executor-7] INFO  impl.RaftServerImpl (RaftServerImpl.java:setRole(184)) - 893cf03e-f2cf-478a-892a-a746717e50e3@group-187684C21557: changes role from  FOLLOWER to FOLLOWER at term 190 for recognizeCandidate:018b3f78-d19f-4e26-a796-cb8ddc4f97cf
2019-10-18 13:01:56,189 [grpc-default-executor-2] INFO  impl.RoleInfo (RoleInfo.java:shutdownFollowerState(121)) - 8697df36-98d2-41b1-bdc7-60597b3b5526: shutdown FollowerState
2019-10-18 13:01:56,189 [grpc-default-executor-7] INFO  impl.RoleInfo (RoleInfo.java:shutdownFollowerState(121)) - 893cf03e-f2cf-478a-892a-a746717e50e3: shutdown FollowerState
2019-10-18 13:01:56,189 [Thread-2661] INFO  impl.FollowerState (FollowerState.java:run(117)) - 8697df36-98d2-41b1-bdc7-60597b3b5526@group-187684C21557-FollowerState was interrupted: java.lang.InterruptedException: sleep interrupted
2019-10-18 13:01:56,189 [grpc-default-executor-2] INFO  impl.RoleInfo (RoleInfo.java:updateAndGet(143)) - 8697df36-98d2-41b1-bdc7-60597b3b5526: start FollowerState
2019-10-18 13:01:56,189 [Thread-2662] INFO  impl.FollowerState (FollowerState.java:run(117)) - 893cf03e-f2cf-478a-892a-a746717e50e3@group-187684C21557-FollowerState was interrupted: java.lang.InterruptedException: sleep interrupted
2019-10-18 13:01:56,189 [grpc-default-executor-7] INFO  impl.RoleInfo (RoleInfo.java:updateAndGet(143)) - 893cf03e-f2cf-478a-892a-a746717e50e3: start FollowerState
2019-10-18 13:01:56,220 [java.util.concurrent.ThreadPoolExecutor$Worker@b7e5976[State = -1, empty queue]] WARN  server.GrpcLogAppender (GrpcLogAppender.java:timeoutAppendRequest(209)) - 17618ccc-f51c-4f14-92cf-842ef2c05e35@group-08BD6F798C58->896cef04-248b-470f-8c5c-c9acb81bb157-GrpcLogAppender: appendEntries Timeout, request=17618ccc-f51c-4f14-92cf-842ef2c05e35->896cef04-248b-470f-8c5c-c9acb81bb157#78-t10, previous=(t:10, i:19), leaderCommit=19, initializing? false, entries: <empty>
2019-10-18 13:01:56,228 [Thread-2667] INFO  impl.FollowerState (FollowerState.java:run(108)) - c124d131-afb9-4343-ad4e-aaebde613043@group-FF4202234884-FollowerState: change to CANDIDATE, lastRpcTime:137ms, electionTimeout:137ms
2019-10-18 13:01:56,228 [Thread-2667] INFO  impl.RoleInfo (RoleInfo.java:shutdownFollowerState(121)) - c124d131-afb9-4343-ad4e-aaebde613043: shutdown FollowerState
2019-10-18 13:01:56,228 [Thread-2667] INFO  impl.RaftServerImpl (RaftServerImpl.java:setRole(184)) - c124d131-afb9-4343-ad4e-aaebde613043@group-FF4202234884: changes role from  FOLLOWER to CANDIDATE at term 176 for changeToCandidate
2019-10-18 13:01:56,228 [Thread-2667] INFO  impl.RoleInfo (RoleInfo.java:updateAndGet(143)) - c124d131-afb9-4343-ad4e-aaebde613043: start LeaderElection
2019-10-18 13:01:56,233 [018b3f78-d19f-4e26-a796-cb8ddc4f97cf@group-187684C21557-LeaderElection323] INFO  impl.LeaderElection (LeaderElection.java:logAndReturn(56)) - 018b3f78-d19f-4e26-a796-cb8ddc4f97cf@group-187684C21557-LeaderElection323: Election REJECTED; received 2 response(s) [018b3f78-d19f-4e26-a796-cb8ddc4f97cf<-893cf03e-f2cf-478a-892a-a746717e50e3#0:FAIL-t190, 018b3f78-d19f-4e26-a796-cb8ddc4f97cf<-8697df36-98d2-41b1-bdc7-60597b3b5526#0:FAIL-t190] and 0 exception(s); 018b3f78-d19f-4e26-a796-cb8ddc4f97cf@group-187684C21557:t190, leader=null, voted=018b3f78-d19f-4e26-a796-cb8ddc4f97cf, raftlog=018b3f78-d19f-4e26-a796-cb8ddc4f97cf@group-187684C21557-SegmentedRaftLog:OPENED:c-1,f-1,i0, conf=-1: [893cf03e-f2cf-478a-892a-a746717e50e3:192.168.34.56:40750, 8697df36-98d2-41b1-bdc7-60597b3b5526:192.168.34.56:46415, 018b3f78-d19f-4e26-a796-cb8ddc4f97cf:192.168.34.56:35845], old=null
2019-10-18 13:01:56,233 [018b3f78-d19f-4e26-a796-cb8ddc4f97cf@group-187684C21557-LeaderElection323] INFO  impl.RaftServerImpl (RaftServerImpl.java:setRole(184)) - 018b3f78-d19f-4e26-a796-cb8ddc4f97cf@group-187684C21557: changes role from CANDIDATE to FOLLOWER at term 190 for DISCOVERED_A_NEW_TERM
2019-10-18 13:01:56,233 [018b3f78-d19f-4e26-a796-cb8ddc4f97cf@group-187684C21557-LeaderElection323] INFO  impl.RoleInfo (RoleInfo.java:shutdownLeaderElection(134)) - 018b3f78-d19f-4e26-a796-cb8ddc4f97cf: shutdown LeaderElection
2019-10-18 13:01:56,234 [018b3f78-d19f-4e26-a796-cb8ddc4f97cf@group-187684C21557-LeaderElection323] INFO  impl.RoleInfo (RoleInfo.java:updateAndGet(143)) - 018b3f78-d19f-4e26-a796-cb8ddc4f97cf: start FollowerState
2019-10-18 13:01:56,247 [Thread-2674] INFO  impl.FollowerState (FollowerState.java:run(108)) - 018b3f78-d19f-4e26-a796-cb8ddc4f97cf@group-187684C21557-FollowerState: change to CANDIDATE, lastRpcTime:13ms, electionTimeout:13ms
2019-10-18 13:01:56,247 [Thread-2674] INFO  impl.RoleInfo (RoleInfo.java:shutdownFollowerState(121)) - 018b3f78-d19f-4e26-a796-cb8ddc4f97cf: shutdown FollowerState
2019-10-18 13:01:56,247 [Thread-2674] INFO  impl.RaftServerImpl (RaftServerImpl.java:setRole(184)) - 018b3f78-d19f-4e26-a796-cb8ddc4f97cf@group-187684C21557: changes role from  FOLLOWER to CANDIDATE at term 190 for changeToCandidate
2019-10-18 13:01:56,247 [Thread-2674] INFO  impl.RoleInfo (RoleInfo.java:updateAndGet(143)) - 018b3f78-d19f-4e26-a796-cb8ddc4f97cf: start LeaderElection
2019-10-18 13:01:56,301 [c124d131-afb9-4343-ad4e-aaebde613043@group-FF4202234884-LeaderElection324] INFO  impl.LeaderElection (LeaderElection.java:askForVotes(178)) - c124d131-afb9-4343-ad4e-aaebde613043@group-FF4202234884-LeaderElection324: begin an election at term 177 for -1: [999343e7-0330-4874-a345-91eca72585e0:192.168.34.56:44872, c124d131-afb9-4343-ad4e-aaebde613043:192.168.34.56:42116, e5bb327f-cdd7-4e49-919e-13a4c895fddf:192.168.34.56:36658], old=null
2019-10-18 13:01:56,302 [c124d131-afb9-4343-ad4e-aaebde613043@group-FF4202234884-LeaderElection324] INFO  impl.LeaderElection (LogUtils.java:infoOrTrace(149)) - c124d131-afb9-4343-ad4e-aaebde613043@group-FF4202234884-LeaderElection324 got exception when requesting votes: {}
java.util.concurrent.ExecutionException: org.apache.ratis.thirdparty.io.grpc.StatusRuntimeException: UNAVAILABLE: io exception
	at java.util.concurrent.FutureTask.report(FutureTask.java:122)
	at java.util.concurrent.FutureTask.get(FutureTask.java:192)
	at org.apache.ratis.server.impl.LeaderElection.waitForResults(LeaderElection.java:259)
	at org.apache.ratis.server.impl.LeaderElection.askForVotes(LeaderElection.java:197)
	at org.apache.ratis.server.impl.LeaderElection.run(LeaderElection.java:133)
	at java.lang.Thread.run(Thread.java:748)
Caused by: org.apache.ratis.thirdparty.io.grpc.StatusRuntimeException: UNAVAILABLE: io exception
	at org.apache.ratis.thirdparty.io.grpc.stub.ClientCalls.toStatusRuntimeException(ClientCalls.java:233)
	at org.apache.ratis.thirdparty.io.grpc.stub.ClientCalls.getUnchecked(ClientCalls.java:214)
	at org.apache.ratis.thirdparty.io.grpc.stub.ClientCalls.blockingUnaryCall(ClientCalls.java:139)
	at org.apache.ratis.proto.grpc.RaftServerProtocolServiceGrpc$RaftServerProtocolServiceBlockingStub.requestVote(RaftServerProtocolServiceGrpc.java:265)
	at org.apache.ratis.grpc.server.GrpcServerProtocolClient.requestVote(GrpcServerProtocolClient.java:99)
	at org.apache.ratis.grpc.server.GrpcService.requestVote(GrpcService.java:204)
	at org.apache.ratis.server.impl.LeaderElection.lambda$submitRequests$1(LeaderElection.java:234)
	at java.util.concurrent.FutureTask.run(FutureTask.java:266)
	at java.util.concurrent.Executors$RunnableAdapter.call(Executors.java:511)
	at java.util.concurrent.FutureTask.run(FutureTask.java:266)
	at java.util.concurrent.ThreadPoolExecutor.runWorker(ThreadPoolExecutor.java:1149)
	at java.util.concurrent.ThreadPoolExecutor$Worker.run(ThreadPoolExecutor.java:624)
	... 1 more
Caused by: org.apache.ratis.thirdparty.io.netty.channel.AbstractChannel$AnnotatedConnectException: Connection refused: /192.168.34.56:44872
	at sun.nio.ch.SocketChannelImpl.checkConnect(Native Method)
	at sun.nio.ch.SocketChannelImpl.finishConnect(SocketChannelImpl.java:717)
	at org.apache.ratis.thirdparty.io.netty.channel.socket.nio.NioSocketChannel.doFinishConnect(NioSocketChannel.java:327)
	at org.apache.ratis.thirdparty.io.netty.channel.nio.AbstractNioChannel$AbstractNioUnsafe.finishConnect(AbstractNioChannel.java:340)
	at org.apache.ratis.thirdparty.io.netty.channel.nio.NioEventLoop.processSelectedKey(NioEventLoop.java:632)
	at org.apache.ratis.thirdparty.io.netty.channel.nio.NioEventLoop.processSelectedKeysOptimized(NioEventLoop.java:579)
	at org.apache.ratis.thirdparty.io.netty.channel.nio.NioEventLoop.processSelectedKeys(NioEventLoop.java:496)
	at org.apache.ratis.thirdparty.io.netty.channel.nio.NioEventLoop.run(NioEventLoop.java:458)
	at org.apache.ratis.thirdparty.io.netty.util.concurrent.SingleThreadEventExecutor$5.run(SingleThreadEventExecutor.java:897)
	at org.apache.ratis.thirdparty.io.netty.util.concurrent.FastThreadLocalRunnable.run(FastThreadLocalRunnable.java:30)
	... 1 more
Caused by: java.net.ConnectException: Connection refused
	... 11 more
2019-10-18 13:01:56,302 [c124d131-afb9-4343-ad4e-aaebde613043@group-FF4202234884-LeaderElection324] INFO  impl.LeaderElection (LogUtils.java:infoOrTrace(149)) - c124d131-afb9-4343-ad4e-aaebde613043@group-FF4202234884-LeaderElection324 got exception when requesting votes: {}
java.util.concurrent.ExecutionException: org.apache.ratis.thirdparty.io.grpc.StatusRuntimeException: UNAVAILABLE: io exception
	at java.util.concurrent.FutureTask.report(FutureTask.java:122)
	at java.util.concurrent.FutureTask.get(FutureTask.java:192)
	at org.apache.ratis.server.impl.LeaderElection.waitForResults(LeaderElection.java:259)
	at org.apache.ratis.server.impl.LeaderElection.askForVotes(LeaderElection.java:197)
	at org.apache.ratis.server.impl.LeaderElection.run(LeaderElection.java:133)
	at java.lang.Thread.run(Thread.java:748)
Caused by: org.apache.ratis.thirdparty.io.grpc.StatusRuntimeException: UNAVAILABLE: io exception
	at org.apache.ratis.thirdparty.io.grpc.stub.ClientCalls.toStatusRuntimeException(ClientCalls.java:233)
	at org.apache.ratis.thirdparty.io.grpc.stub.ClientCalls.getUnchecked(ClientCalls.java:214)
	at org.apache.ratis.thirdparty.io.grpc.stub.ClientCalls.blockingUnaryCall(ClientCalls.java:139)
	at org.apache.ratis.proto.grpc.RaftServerProtocolServiceGrpc$RaftServerProtocolServiceBlockingStub.requestVote(RaftServerProtocolServiceGrpc.java:265)
	at org.apache.ratis.grpc.server.GrpcServerProtocolClient.requestVote(GrpcServerProtocolClient.java:99)
	at org.apache.ratis.grpc.server.GrpcService.requestVote(GrpcService.java:204)
	at org.apache.ratis.server.impl.LeaderElection.lambda$submitRequests$1(LeaderElection.java:234)
	at java.util.concurrent.FutureTask.run(FutureTask.java:266)
	at java.util.concurrent.Executors$RunnableAdapter.call(Executors.java:511)
	at java.util.concurrent.FutureTask.run(FutureTask.java:266)
	at java.util.concurrent.ThreadPoolExecutor.runWorker(ThreadPoolExecutor.java:1149)
	at java.util.concurrent.ThreadPoolExecutor$Worker.run(ThreadPoolExecutor.java:624)
	... 1 more
Caused by: org.apache.ratis.thirdparty.io.netty.channel.AbstractChannel$AnnotatedConnectException: Connection refused: /192.168.34.56:36658
	at sun.nio.ch.SocketChannelImpl.checkConnect(Native Method)
	at sun.nio.ch.SocketChannelImpl.finishConnect(SocketChannelImpl.java:717)
	at org.apache.ratis.thirdparty.io.netty.channel.socket.nio.NioSocketChannel.doFinishConnect(NioSocketChannel.java:327)
	at org.apache.ratis.thirdparty.io.netty.channel.nio.AbstractNioChannel$AbstractNioUnsafe.finishConnect(AbstractNioChannel.java:340)
	at org.apache.ratis.thirdparty.io.netty.channel.nio.NioEventLoop.processSelectedKey(NioEventLoop.java:632)
	at org.apache.ratis.thirdparty.io.netty.channel.nio.NioEventLoop.processSelectedKeysOptimized(NioEventLoop.java:579)
	at org.apache.ratis.thirdparty.io.netty.channel.nio.NioEventLoop.processSelectedKeys(NioEventLoop.java:496)
	at org.apache.ratis.thirdparty.io.netty.channel.nio.NioEventLoop.run(NioEventLoop.java:458)
	at org.apache.ratis.thirdparty.io.netty.util.concurrent.SingleThreadEventExecutor$5.run(SingleThreadEventExecutor.java:897)
	at org.apache.ratis.thirdparty.io.netty.util.concurrent.FastThreadLocalRunnable.run(FastThreadLocalRunnable.java:30)
	... 1 more
Caused by: java.net.ConnectException: Connection refused
	... 11 more
2019-10-18 13:01:56,302 [018b3f78-d19f-4e26-a796-cb8ddc4f97cf@group-187684C21557-LeaderElection325] INFO  impl.LeaderElection (LeaderElection.java:askForVotes(178)) - 018b3f78-d19f-4e26-a796-cb8ddc4f97cf@group-187684C21557-LeaderElection325: begin an election at term 191 for -1: [893cf03e-f2cf-478a-892a-a746717e50e3:192.168.34.56:40750, 8697df36-98d2-41b1-bdc7-60597b3b5526:192.168.34.56:46415, 018b3f78-d19f-4e26-a796-cb8ddc4f97cf:192.168.34.56:35845], old=null
2019-10-18 13:01:56,303 [c124d131-afb9-4343-ad4e-aaebde613043@group-FF4202234884-LeaderElection324] INFO  impl.LeaderElection (LeaderElection.java:logAndReturn(56)) - c124d131-afb9-4343-ad4e-aaebde613043@group-FF4202234884-LeaderElection324: Election REJECTED; received 0 response(s) [] and 2 exception(s); c124d131-afb9-4343-ad4e-aaebde613043@group-FF4202234884:t177, leader=null, voted=c124d131-afb9-4343-ad4e-aaebde613043, raftlog=c124d131-afb9-4343-ad4e-aaebde613043@group-FF4202234884-SegmentedRaftLog:OPENED:c-1,f-1,i0, conf=-1: [999343e7-0330-4874-a345-91eca72585e0:192.168.34.56:44872, c124d131-afb9-4343-ad4e-aaebde613043:192.168.34.56:42116, e5bb327f-cdd7-4e49-919e-13a4c895fddf:192.168.34.56:36658], old=null
2019-10-18 13:01:56,303 [c124d131-afb9-4343-ad4e-aaebde613043@group-FF4202234884-LeaderElection324] INFO  impl.LeaderElection (LogUtils.java:infoOrTrace(149)) -   Exception 0: {}
java.util.concurrent.ExecutionException: org.apache.ratis.thirdparty.io.grpc.StatusRuntimeException: UNAVAILABLE: io exception
	at java.util.concurrent.FutureTask.report(FutureTask.java:122)
	at java.util.concurrent.FutureTask.get(FutureTask.java:192)
	at org.apache.ratis.server.impl.LeaderElection.waitForResults(LeaderElection.java:259)
	at org.apache.ratis.server.impl.LeaderElection.askForVotes(LeaderElection.java:197)
	at org.apache.ratis.server.impl.LeaderElection.run(LeaderElection.java:133)
	at java.lang.Thread.run(Thread.java:748)
Caused by: org.apache.ratis.thirdparty.io.grpc.StatusRuntimeException: UNAVAILABLE: io exception
	at org.apache.ratis.thirdparty.io.grpc.stub.ClientCalls.toStatusRuntimeException(ClientCalls.java:233)
	at org.apache.ratis.thirdparty.io.grpc.stub.ClientCalls.getUnchecked(ClientCalls.java:214)
	at org.apache.ratis.thirdparty.io.grpc.stub.ClientCalls.blockingUnaryCall(ClientCalls.java:139)
	at org.apache.ratis.proto.grpc.RaftServerProtocolServiceGrpc$RaftServerProtocolServiceBlockingStub.requestVote(RaftServerProtocolServiceGrpc.java:265)
	at org.apache.ratis.grpc.server.GrpcServerProtocolClient.requestVote(GrpcServerProtocolClient.java:99)
	at org.apache.ratis.grpc.server.GrpcService.requestVote(GrpcService.java:204)
	at org.apache.ratis.server.impl.LeaderElection.lambda$submitRequests$1(LeaderElection.java:234)
	at java.util.concurrent.FutureTask.run(FutureTask.java:266)
	at java.util.concurrent.Executors$RunnableAdapter.call(Executors.java:511)
	at java.util.concurrent.FutureTask.run(FutureTask.java:266)
	at java.util.concurrent.ThreadPoolExecutor.runWorker(ThreadPoolExecutor.java:1149)
	at java.util.concurrent.ThreadPoolExecutor$Worker.run(ThreadPoolExecutor.java:624)
	... 1 more
Caused by: org.apache.ratis.thirdparty.io.netty.channel.AbstractChannel$AnnotatedConnectException: Connection refused: /192.168.34.56:44872
	at sun.nio.ch.SocketChannelImpl.checkConnect(Native Method)
	at sun.nio.ch.SocketChannelImpl.finishConnect(SocketChannelImpl.java:717)
	at org.apache.ratis.thirdparty.io.netty.channel.socket.nio.NioSocketChannel.doFinishConnect(NioSocketChannel.java:327)
	at org.apache.ratis.thirdparty.io.netty.channel.nio.AbstractNioChannel$AbstractNioUnsafe.finishConnect(AbstractNioChannel.java:340)
	at org.apache.ratis.thirdparty.io.netty.channel.nio.NioEventLoop.processSelectedKey(NioEventLoop.java:632)
	at org.apache.ratis.thirdparty.io.netty.channel.nio.NioEventLoop.processSelectedKeysOptimized(NioEventLoop.java:579)
	at org.apache.ratis.thirdparty.io.netty.channel.nio.NioEventLoop.processSelectedKeys(NioEventLoop.java:496)
	at org.apache.ratis.thirdparty.io.netty.channel.nio.NioEventLoop.run(NioEventLoop.java:458)
	at org.apache.ratis.thirdparty.io.netty.util.concurrent.SingleThreadEventExecutor$5.run(SingleThreadEventExecutor.java:897)
	at org.apache.ratis.thirdparty.io.netty.util.concurrent.FastThreadLocalRunnable.run(FastThreadLocalRunnable.java:30)
	... 1 more
Caused by: java.net.ConnectException: Connection refused
	... 11 more
2019-10-18 13:01:56,304 [c124d131-afb9-4343-ad4e-aaebde613043@group-FF4202234884-LeaderElection324] INFO  impl.LeaderElection (LogUtils.java:infoOrTrace(149)) -   Exception 1: {}
java.util.concurrent.ExecutionException: org.apache.ratis.thirdparty.io.grpc.StatusRuntimeException: UNAVAILABLE: io exception
	at java.util.concurrent.FutureTask.report(FutureTask.java:122)
	at java.util.concurrent.FutureTask.get(FutureTask.java:192)
	at org.apache.ratis.server.impl.LeaderElection.waitForResults(LeaderElection.java:259)
	at org.apache.ratis.server.impl.LeaderElection.askForVotes(LeaderElection.java:197)
	at org.apache.ratis.server.impl.LeaderElection.run(LeaderElection.java:133)
	at java.lang.Thread.run(Thread.java:748)
Caused by: org.apache.ratis.thirdparty.io.grpc.StatusRuntimeException: UNAVAILABLE: io exception
	at org.apache.ratis.thirdparty.io.grpc.stub.ClientCalls.toStatusRuntimeException(ClientCalls.java:233)
	at org.apache.ratis.thirdparty.io.grpc.stub.ClientCalls.getUnchecked(ClientCalls.java:214)
	at org.apache.ratis.thirdparty.io.grpc.stub.ClientCalls.blockingUnaryCall(ClientCalls.java:139)
	at org.apache.ratis.proto.grpc.RaftServerProtocolServiceGrpc$RaftServerProtocolServiceBlockingStub.requestVote(RaftServerProtocolServiceGrpc.java:265)
	at org.apache.ratis.grpc.server.GrpcServerProtocolClient.requestVote(GrpcServerProtocolClient.java:99)
	at org.apache.ratis.grpc.server.GrpcService.requestVote(GrpcService.java:204)
	at org.apache.ratis.server.impl.LeaderElection.lambda$submitRequests$1(LeaderElection.java:234)
	at java.util.concurrent.FutureTask.run(FutureTask.java:266)
	at java.util.concurrent.Executors$RunnableAdapter.call(Executors.java:511)
	at java.util.concurrent.FutureTask.run(FutureTask.java:266)
	at java.util.concurrent.ThreadPoolExecutor.runWorker(ThreadPoolExecutor.java:1149)
	at java.util.concurrent.ThreadPoolExecutor$Worker.run(ThreadPoolExecutor.java:624)
	... 1 more
Caused by: org.apache.ratis.thirdparty.io.netty.channel.AbstractChannel$AnnotatedConnectException: Connection refused: /192.168.34.56:36658
	at sun.nio.ch.SocketChannelImpl.checkConnect(Native Method)
	at sun.nio.ch.SocketChannelImpl.finishConnect(SocketChannelImpl.java:717)
	at org.apache.ratis.thirdparty.io.netty.channel.socket.nio.NioSocketChannel.doFinishConnect(NioSocketChannel.java:327)
	at org.apache.ratis.thirdparty.io.netty.channel.nio.AbstractNioChannel$AbstractNioUnsafe.finishConnect(AbstractNioChannel.java:340)
	at org.apache.ratis.thirdparty.io.netty.channel.nio.NioEventLoop.processSelectedKey(NioEventLoop.java:632)
	at org.apache.ratis.thirdparty.io.netty.channel.nio.NioEventLoop.processSelectedKeysOptimized(NioEventLoop.java:579)
	at org.apache.ratis.thirdparty.io.netty.channel.nio.NioEventLoop.processSelectedKeys(NioEventLoop.java:496)
	at org.apache.ratis.thirdparty.io.netty.channel.nio.NioEventLoop.run(NioEventLoop.java:458)
	at org.apache.ratis.thirdparty.io.netty.util.concurrent.SingleThreadEventExecutor$5.run(SingleThreadEventExecutor.java:897)
	at org.apache.ratis.thirdparty.io.netty.util.concurrent.FastThreadLocalRunnable.run(FastThreadLocalRunnable.java:30)
	... 1 more
Caused by: java.net.ConnectException: Connection refused
	... 11 more
2019-10-18 13:01:56,304 [c124d131-afb9-4343-ad4e-aaebde613043@group-FF4202234884-LeaderElection324] INFO  impl.RaftServerImpl (RaftServerImpl.java:setRole(184)) - c124d131-afb9-4343-ad4e-aaebde613043@group-FF4202234884: changes role from CANDIDATE to FOLLOWER at term 177 for DISCOVERED_A_NEW_TERM
2019-10-18 13:01:56,304 [c124d131-afb9-4343-ad4e-aaebde613043@group-FF4202234884-LeaderElection324] INFO  impl.RoleInfo (RoleInfo.java:shutdownLeaderElection(134)) - c124d131-afb9-4343-ad4e-aaebde613043: shutdown LeaderElection
2019-10-18 13:01:56,305 [c124d131-afb9-4343-ad4e-aaebde613043@group-FF4202234884-LeaderElection324] INFO  impl.RoleInfo (RoleInfo.java:updateAndGet(143)) - c124d131-afb9-4343-ad4e-aaebde613043: start FollowerState
2019-10-18 13:01:56,305 [grpc-default-executor-7] INFO  impl.RaftServerImpl (RaftServerImpl.java:setRole(184)) - 8697df36-98d2-41b1-bdc7-60597b3b5526@group-187684C21557: changes role from  FOLLOWER to FOLLOWER at term 191 for recognizeCandidate:018b3f78-d19f-4e26-a796-cb8ddc4f97cf
2019-10-18 13:01:56,305 [grpc-default-executor-2] INFO  impl.RaftServerImpl (RaftServerImpl.java:setRole(184)) - 893cf03e-f2cf-478a-892a-a746717e50e3@group-187684C21557: changes role from  FOLLOWER to FOLLOWER at term 191 for recognizeCandidate:018b3f78-d19f-4e26-a796-cb8ddc4f97cf
2019-10-18 13:01:56,305 [grpc-default-executor-7] INFO  impl.RoleInfo (RoleInfo.java:shutdownFollowerState(121)) - 8697df36-98d2-41b1-bdc7-60597b3b5526: shutdown FollowerState
2019-10-18 13:01:56,305 [grpc-default-executor-2] INFO  impl.RoleInfo (RoleInfo.java:shutdownFollowerState(121)) - 893cf03e-f2cf-478a-892a-a746717e50e3: shutdown FollowerState
2019-10-18 13:01:56,305 [Thread-2671] INFO  impl.FollowerState (FollowerState.java:run(117)) - 8697df36-98d2-41b1-bdc7-60597b3b5526@group-187684C21557-FollowerState was interrupted: java.lang.InterruptedException: sleep interrupted
2019-10-18 13:01:56,305 [grpc-default-executor-7] INFO  impl.RoleInfo (RoleInfo.java:updateAndGet(143)) - 8697df36-98d2-41b1-bdc7-60597b3b5526: start FollowerState
2019-10-18 13:01:56,305 [Thread-2672] INFO  impl.FollowerState (FollowerState.java:run(117)) - 893cf03e-f2cf-478a-892a-a746717e50e3@group-187684C21557-FollowerState was interrupted: java.lang.InterruptedException: sleep interrupted
2019-10-18 13:01:56,305 [grpc-default-executor-2] INFO  impl.RoleInfo (RoleInfo.java:updateAndGet(143)) - 893cf03e-f2cf-478a-892a-a746717e50e3: start FollowerState
2019-10-18 13:01:56,311 [018b3f78-d19f-4e26-a796-cb8ddc4f97cf@group-187684C21557-LeaderElection325] INFO  impl.LeaderElection (LeaderElection.java:logAndReturn(56)) - 018b3f78-d19f-4e26-a796-cb8ddc4f97cf@group-187684C21557-LeaderElection325: Election TIMEOUT; received 0 response(s) [] and 0 exception(s); 018b3f78-d19f-4e26-a796-cb8ddc4f97cf@group-187684C21557:t191, leader=null, voted=018b3f78-d19f-4e26-a796-cb8ddc4f97cf, raftlog=018b3f78-d19f-4e26-a796-cb8ddc4f97cf@group-187684C21557-SegmentedRaftLog:OPENED:c-1,f-1,i0, conf=-1: [893cf03e-f2cf-478a-892a-a746717e50e3:192.168.34.56:40750, 8697df36-98d2-41b1-bdc7-60597b3b5526:192.168.34.56:46415, 018b3f78-d19f-4e26-a796-cb8ddc4f97cf:192.168.34.56:35845], old=null
2019-10-18 13:01:56,330 [018b3f78-d19f-4e26-a796-cb8ddc4f97cf@group-187684C21557-LeaderElection325] INFO  impl.LeaderElection (LeaderElection.java:askForVotes(178)) - 018b3f78-d19f-4e26-a796-cb8ddc4f97cf@group-187684C21557-LeaderElection325: begin an election at term 192 for -1: [893cf03e-f2cf-478a-892a-a746717e50e3:192.168.34.56:40750, 8697df36-98d2-41b1-bdc7-60597b3b5526:192.168.34.56:46415, 018b3f78-d19f-4e26-a796-cb8ddc4f97cf:192.168.34.56:35845], old=null
2019-10-18 13:01:56,331 [grpc-default-executor-2] INFO  impl.RaftServerImpl (RaftServerImpl.java:setRole(184)) - 893cf03e-f2cf-478a-892a-a746717e50e3@group-187684C21557: changes role from  FOLLOWER to FOLLOWER at term 192 for recognizeCandidate:018b3f78-d19f-4e26-a796-cb8ddc4f97cf
2019-10-18 13:01:56,331 [grpc-default-executor-7] INFO  impl.RaftServerImpl (RaftServerImpl.java:setRole(184)) - 8697df36-98d2-41b1-bdc7-60597b3b5526@group-187684C21557: changes role from  FOLLOWER to FOLLOWER at term 192 for recognizeCandidate:018b3f78-d19f-4e26-a796-cb8ddc4f97cf
2019-10-18 13:01:56,331 [grpc-default-executor-2] INFO  impl.RoleInfo (RoleInfo.java:shutdownFollowerState(121)) - 893cf03e-f2cf-478a-892a-a746717e50e3: shutdown FollowerState
2019-10-18 13:01:56,331 [grpc-default-executor-7] INFO  impl.RoleInfo (RoleInfo.java:shutdownFollowerState(121)) - 8697df36-98d2-41b1-bdc7-60597b3b5526: shutdown FollowerState
2019-10-18 13:01:56,332 [Thread-2682] INFO  impl.FollowerState (FollowerState.java:run(117)) - 893cf03e-f2cf-478a-892a-a746717e50e3@group-187684C21557-FollowerState was interrupted: java.lang.InterruptedException: sleep interrupted
2019-10-18 13:01:56,332 [grpc-default-executor-2] INFO  impl.RoleInfo (RoleInfo.java:updateAndGet(143)) - 893cf03e-f2cf-478a-892a-a746717e50e3: start FollowerState
2019-10-18 13:01:56,332 [Thread-2681] INFO  impl.FollowerState (FollowerState.java:run(117)) - 8697df36-98d2-41b1-bdc7-60597b3b5526@group-187684C21557-FollowerState was interrupted: java.lang.InterruptedException: sleep interrupted
2019-10-18 13:01:56,332 [grpc-default-executor-7] INFO  impl.RoleInfo (RoleInfo.java:updateAndGet(143)) - 8697df36-98d2-41b1-bdc7-60597b3b5526: start FollowerState
2019-10-18 13:01:56,349 [018b3f78-d19f-4e26-a796-cb8ddc4f97cf@group-187684C21557-LeaderElection325] INFO  impl.LeaderElection (LeaderElection.java:logAndReturn(56)) - 018b3f78-d19f-4e26-a796-cb8ddc4f97cf@group-187684C21557-LeaderElection325: Election TIMEOUT; received 0 response(s) [] and 0 exception(s); 018b3f78-d19f-4e26-a796-cb8ddc4f97cf@group-187684C21557:t192, leader=null, voted=018b3f78-d19f-4e26-a796-cb8ddc4f97cf, raftlog=018b3f78-d19f-4e26-a796-cb8ddc4f97cf@group-187684C21557-SegmentedRaftLog:OPENED:c-1,f-1,i0, conf=-1: [893cf03e-f2cf-478a-892a-a746717e50e3:192.168.34.56:40750, 8697df36-98d2-41b1-bdc7-60597b3b5526:192.168.34.56:46415, 018b3f78-d19f-4e26-a796-cb8ddc4f97cf:192.168.34.56:35845], old=null
2019-10-18 13:01:56,366 [Thread-2680] INFO  impl.FollowerState (FollowerState.java:run(108)) - c124d131-afb9-4343-ad4e-aaebde613043@group-FF4202234884-FollowerState: change to CANDIDATE, lastRpcTime:61ms, electionTimeout:61ms
2019-10-18 13:01:56,366 [Thread-2680] INFO  impl.RoleInfo (RoleInfo.java:shutdownFollowerState(121)) - c124d131-afb9-4343-ad4e-aaebde613043: shutdown FollowerState
2019-10-18 13:01:56,366 [Thread-2680] INFO  impl.RaftServerImpl (RaftServerImpl.java:setRole(184)) - c124d131-afb9-4343-ad4e-aaebde613043@group-FF4202234884: changes role from  FOLLOWER to CANDIDATE at term 177 for changeToCandidate
2019-10-18 13:01:56,366 [Thread-2680] INFO  impl.RoleInfo (RoleInfo.java:updateAndGet(143)) - c124d131-afb9-4343-ad4e-aaebde613043: start LeaderElection
2019-10-18 13:01:56,441 [018b3f78-d19f-4e26-a796-cb8ddc4f97cf@group-187684C21557-LeaderElection325] INFO  impl.LeaderElection (LeaderElection.java:askForVotes(178)) - 018b3f78-d19f-4e26-a796-cb8ddc4f97cf@group-187684C21557-LeaderElection325: begin an election at term 193 for -1: [893cf03e-f2cf-478a-892a-a746717e50e3:192.168.34.56:40750, 8697df36-98d2-41b1-bdc7-60597b3b5526:192.168.34.56:46415, 018b3f78-d19f-4e26-a796-cb8ddc4f97cf:192.168.34.56:35845], old=null
2019-10-18 13:01:56,441 [c124d131-afb9-4343-ad4e-aaebde613043@group-FF4202234884-LeaderElection326] INFO  impl.LeaderElection (LeaderElection.java:askForVotes(178)) - c124d131-afb9-4343-ad4e-aaebde613043@group-FF4202234884-LeaderElection326: begin an election at term 178 for -1: [999343e7-0330-4874-a345-91eca72585e0:192.168.34.56:44872, c124d131-afb9-4343-ad4e-aaebde613043:192.168.34.56:42116, e5bb327f-cdd7-4e49-919e-13a4c895fddf:192.168.34.56:36658], old=null
2019-10-18 13:01:56,442 [c124d131-afb9-4343-ad4e-aaebde613043@group-FF4202234884-LeaderElection326] INFO  impl.LeaderElection (LogUtils.java:infoOrTrace(149)) - c124d131-afb9-4343-ad4e-aaebde613043@group-FF4202234884-LeaderElection326 got exception when requesting votes: {}
java.util.concurrent.ExecutionException: org.apache.ratis.thirdparty.io.grpc.StatusRuntimeException: UNAVAILABLE: io exception
	at java.util.concurrent.FutureTask.report(FutureTask.java:122)
	at java.util.concurrent.FutureTask.get(FutureTask.java:192)
	at org.apache.ratis.server.impl.LeaderElection.waitForResults(LeaderElection.java:259)
	at org.apache.ratis.server.impl.LeaderElection.askForVotes(LeaderElection.java:197)
	at org.apache.ratis.server.impl.LeaderElection.run(LeaderElection.java:133)
	at java.lang.Thread.run(Thread.java:748)
Caused by: org.apache.ratis.thirdparty.io.grpc.StatusRuntimeException: UNAVAILABLE: io exception
	at org.apache.ratis.thirdparty.io.grpc.stub.ClientCalls.toStatusRuntimeException(ClientCalls.java:233)
	at org.apache.ratis.thirdparty.io.grpc.stub.ClientCalls.getUnchecked(ClientCalls.java:214)
	at org.apache.ratis.thirdparty.io.grpc.stub.ClientCalls.blockingUnaryCall(ClientCalls.java:139)
	at org.apache.ratis.proto.grpc.RaftServerProtocolServiceGrpc$RaftServerProtocolServiceBlockingStub.requestVote(RaftServerProtocolServiceGrpc.java:265)
	at org.apache.ratis.grpc.server.GrpcServerProtocolClient.requestVote(GrpcServerProtocolClient.java:99)
	at org.apache.ratis.grpc.server.GrpcService.requestVote(GrpcService.java:204)
	at org.apache.ratis.server.impl.LeaderElection.lambda$submitRequests$1(LeaderElection.java:234)
	at java.util.concurrent.FutureTask.run(FutureTask.java:266)
	at java.util.concurrent.Executors$RunnableAdapter.call(Executors.java:511)
	at java.util.concurrent.FutureTask.run(FutureTask.java:266)
	at java.util.concurrent.ThreadPoolExecutor.runWorker(ThreadPoolExecutor.java:1149)
	at java.util.concurrent.ThreadPoolExecutor$Worker.run(ThreadPoolExecutor.java:624)
	... 1 more
Caused by: org.apache.ratis.thirdparty.io.netty.channel.AbstractChannel$AnnotatedConnectException: Connection refused: /192.168.34.56:44872
	at sun.nio.ch.SocketChannelImpl.checkConnect(Native Method)
	at sun.nio.ch.SocketChannelImpl.finishConnect(SocketChannelImpl.java:717)
	at org.apache.ratis.thirdparty.io.netty.channel.socket.nio.NioSocketChannel.doFinishConnect(NioSocketChannel.java:327)
	at org.apache.ratis.thirdparty.io.netty.channel.nio.AbstractNioChannel$AbstractNioUnsafe.finishConnect(AbstractNioChannel.java:340)
	at org.apache.ratis.thirdparty.io.netty.channel.nio.NioEventLoop.processSelectedKey(NioEventLoop.java:632)
	at org.apache.ratis.thirdparty.io.netty.channel.nio.NioEventLoop.processSelectedKeysOptimized(NioEventLoop.java:579)
	at org.apache.ratis.thirdparty.io.netty.channel.nio.NioEventLoop.processSelectedKeys(NioEventLoop.java:496)
	at org.apache.ratis.thirdparty.io.netty.channel.nio.NioEventLoop.run(NioEventLoop.java:458)
	at org.apache.ratis.thirdparty.io.netty.util.concurrent.SingleThreadEventExecutor$5.run(SingleThreadEventExecutor.java:897)
	at org.apache.ratis.thirdparty.io.netty.util.concurrent.FastThreadLocalRunnable.run(FastThreadLocalRunnable.java:30)
	... 1 more
Caused by: java.net.ConnectException: Connection refused
	... 11 more
2019-10-18 13:01:56,443 [c124d131-afb9-4343-ad4e-aaebde613043@group-FF4202234884-LeaderElection326] INFO  impl.LeaderElection (LogUtils.java:infoOrTrace(149)) - c124d131-afb9-4343-ad4e-aaebde613043@group-FF4202234884-LeaderElection326 got exception when requesting votes: {}
java.util.concurrent.ExecutionException: org.apache.ratis.thirdparty.io.grpc.StatusRuntimeException: UNAVAILABLE: io exception
	at java.util.concurrent.FutureTask.report(FutureTask.java:122)
	at java.util.concurrent.FutureTask.get(FutureTask.java:192)
	at org.apache.ratis.server.impl.LeaderElection.waitForResults(LeaderElection.java:259)
	at org.apache.ratis.server.impl.LeaderElection.askForVotes(LeaderElection.java:197)
	at org.apache.ratis.server.impl.LeaderElection.run(LeaderElection.java:133)
	at java.lang.Thread.run(Thread.java:748)
Caused by: org.apache.ratis.thirdparty.io.grpc.StatusRuntimeException: UNAVAILABLE: io exception
	at org.apache.ratis.thirdparty.io.grpc.stub.ClientCalls.toStatusRuntimeException(ClientCalls.java:233)
	at org.apache.ratis.thirdparty.io.grpc.stub.ClientCalls.getUnchecked(ClientCalls.java:214)
	at org.apache.ratis.thirdparty.io.grpc.stub.ClientCalls.blockingUnaryCall(ClientCalls.java:139)
	at org.apache.ratis.proto.grpc.RaftServerProtocolServiceGrpc$RaftServerProtocolServiceBlockingStub.requestVote(RaftServerProtocolServiceGrpc.java:265)
	at org.apache.ratis.grpc.server.GrpcServerProtocolClient.requestVote(GrpcServerProtocolClient.java:99)
	at org.apache.ratis.grpc.server.GrpcService.requestVote(GrpcService.java:204)
	at org.apache.ratis.server.impl.LeaderElection.lambda$submitRequests$1(LeaderElection.java:234)
	at java.util.concurrent.FutureTask.run(FutureTask.java:266)
	at java.util.concurrent.Executors$RunnableAdapter.call(Executors.java:511)
	at java.util.concurrent.FutureTask.run(FutureTask.java:266)
	at java.util.concurrent.ThreadPoolExecutor.runWorker(ThreadPoolExecutor.java:1149)
	at java.util.concurrent.ThreadPoolExecutor$Worker.run(ThreadPoolExecutor.java:624)
	... 1 more
Caused by: org.apache.ratis.thirdparty.io.netty.channel.AbstractChannel$AnnotatedConnectException: Connection refused: /192.168.34.56:36658
	at sun.nio.ch.SocketChannelImpl.checkConnect(Native Method)
	at sun.nio.ch.SocketChannelImpl.finishConnect(SocketChannelImpl.java:717)
	at org.apache.ratis.thirdparty.io.netty.channel.socket.nio.NioSocketChannel.doFinishConnect(NioSocketChannel.java:327)
	at org.apache.ratis.thirdparty.io.netty.channel.nio.AbstractNioChannel$AbstractNioUnsafe.finishConnect(AbstractNioChannel.java:340)
	at org.apache.ratis.thirdparty.io.netty.channel.nio.NioEventLoop.processSelectedKey(NioEventLoop.java:632)
	at org.apache.ratis.thirdparty.io.netty.channel.nio.NioEventLoop.processSelectedKeysOptimized(NioEventLoop.java:579)
	at org.apache.ratis.thirdparty.io.netty.channel.nio.NioEventLoop.processSelectedKeys(NioEventLoop.java:496)
	at org.apache.ratis.thirdparty.io.netty.channel.nio.NioEventLoop.run(NioEventLoop.java:458)
	at org.apache.ratis.thirdparty.io.netty.util.concurrent.SingleThreadEventExecutor$5.run(SingleThreadEventExecutor.java:897)
	at org.apache.ratis.thirdparty.io.netty.util.concurrent.FastThreadLocalRunnable.run(FastThreadLocalRunnable.java:30)
	... 1 more
Caused by: java.net.ConnectException: Connection refused
	... 11 more
2019-10-18 13:01:56,443 [grpc-default-executor-2] INFO  impl.RaftServerImpl (RaftServerImpl.java:setRole(184)) - 893cf03e-f2cf-478a-892a-a746717e50e3@group-187684C21557: changes role from  FOLLOWER to FOLLOWER at term 193 for recognizeCandidate:018b3f78-d19f-4e26-a796-cb8ddc4f97cf
2019-10-18 13:01:56,443 [grpc-default-executor-7] INFO  impl.RaftServerImpl (RaftServerImpl.java:setRole(184)) - 8697df36-98d2-41b1-bdc7-60597b3b5526@group-187684C21557: changes role from  FOLLOWER to FOLLOWER at term 193 for recognizeCandidate:018b3f78-d19f-4e26-a796-cb8ddc4f97cf
2019-10-18 13:01:56,444 [grpc-default-executor-2] INFO  impl.RoleInfo (RoleInfo.java:shutdownFollowerState(121)) - 893cf03e-f2cf-478a-892a-a746717e50e3: shutdown FollowerState
2019-10-18 13:01:56,444 [c124d131-afb9-4343-ad4e-aaebde613043@group-FF4202234884-LeaderElection326] INFO  impl.LeaderElection (LeaderElection.java:logAndReturn(56)) - c124d131-afb9-4343-ad4e-aaebde613043@group-FF4202234884-LeaderElection326: Election REJECTED; received 0 response(s) [] and 2 exception(s); c124d131-afb9-4343-ad4e-aaebde613043@group-FF4202234884:t178, leader=null, voted=c124d131-afb9-4343-ad4e-aaebde613043, raftlog=c124d131-afb9-4343-ad4e-aaebde613043@group-FF4202234884-SegmentedRaftLog:OPENED:c-1,f-1,i0, conf=-1: [999343e7-0330-4874-a345-91eca72585e0:192.168.34.56:44872, c124d131-afb9-4343-ad4e-aaebde613043:192.168.34.56:42116, e5bb327f-cdd7-4e49-919e-13a4c895fddf:192.168.34.56:36658], old=null
2019-10-18 13:01:56,444 [Thread-2685] INFO  impl.FollowerState (FollowerState.java:run(117)) - 893cf03e-f2cf-478a-892a-a746717e50e3@group-187684C21557-FollowerState was interrupted: java.lang.InterruptedException: sleep interrupted
2019-10-18 13:01:56,444 [grpc-default-executor-2] INFO  impl.RoleInfo (RoleInfo.java:updateAndGet(143)) - 893cf03e-f2cf-478a-892a-a746717e50e3: start FollowerState
2019-10-18 13:01:56,444 [grpc-default-executor-7] INFO  impl.RoleInfo (RoleInfo.java:shutdownFollowerState(121)) - 8697df36-98d2-41b1-bdc7-60597b3b5526: shutdown FollowerState
2019-10-18 13:01:56,444 [c124d131-afb9-4343-ad4e-aaebde613043@group-FF4202234884-LeaderElection326] INFO  impl.LeaderElection (LogUtils.java:infoOrTrace(149)) -   Exception 0: {}
java.util.concurrent.ExecutionException: org.apache.ratis.thirdparty.io.grpc.StatusRuntimeException: UNAVAILABLE: io exception
	at java.util.concurrent.FutureTask.report(FutureTask.java:122)
	at java.util.concurrent.FutureTask.get(FutureTask.java:192)
	at org.apache.ratis.server.impl.LeaderElection.waitForResults(LeaderElection.java:259)
	at org.apache.ratis.server.impl.LeaderElection.askForVotes(LeaderElection.java:197)
	at org.apache.ratis.server.impl.LeaderElection.run(LeaderElection.java:133)
	at java.lang.Thread.run(Thread.java:748)
Caused by: org.apache.ratis.thirdparty.io.grpc.StatusRuntimeException: UNAVAILABLE: io exception
	at org.apache.ratis.thirdparty.io.grpc.stub.ClientCalls.toStatusRuntimeException(ClientCalls.java:233)
	at org.apache.ratis.thirdparty.io.grpc.stub.ClientCalls.getUnchecked(ClientCalls.java:214)
	at org.apache.ratis.thirdparty.io.grpc.stub.ClientCalls.blockingUnaryCall(ClientCalls.java:139)
	at org.apache.ratis.proto.grpc.RaftServerProtocolServiceGrpc$RaftServerProtocolServiceBlockingStub.requestVote(RaftServerProtocolServiceGrpc.java:265)
	at org.apache.ratis.grpc.server.GrpcServerProtocolClient.requestVote(GrpcServerProtocolClient.java:99)
	at org.apache.ratis.grpc.server.GrpcService.requestVote(GrpcService.java:204)
	at org.apache.ratis.server.impl.LeaderElection.lambda$submitRequests$1(LeaderElection.java:234)
	at java.util.concurrent.FutureTask.run(FutureTask.java:266)
	at java.util.concurrent.Executors$RunnableAdapter.call(Executors.java:511)
	at java.util.concurrent.FutureTask.run(FutureTask.java:266)
	at java.util.concurrent.ThreadPoolExecutor.runWorker(ThreadPoolExecutor.java:1149)
	at java.util.concurrent.ThreadPoolExecutor$Worker.run(ThreadPoolExecutor.java:624)
	... 1 more
Caused by: org.apache.ratis.thirdparty.io.netty.channel.AbstractChannel$AnnotatedConnectException: Connection refused: /192.168.34.56:44872
	at sun.nio.ch.SocketChannelImpl.checkConnect(Native Method)
	at sun.nio.ch.SocketChannelImpl.finishConnect(SocketChannelImpl.java:717)
	at org.apache.ratis.thirdparty.io.netty.channel.socket.nio.NioSocketChannel.doFinishConnect(NioSocketChannel.java:327)
	at org.apache.ratis.thirdparty.io.netty.channel.nio.AbstractNioChannel$AbstractNioUnsafe.finishConnect(AbstractNioChannel.java:340)
	at org.apache.ratis.thirdparty.io.netty.channel.nio.NioEventLoop.processSelectedKey(NioEventLoop.java:632)
	at org.apache.ratis.thirdparty.io.netty.channel.nio.NioEventLoop.processSelectedKeysOptimized(NioEventLoop.java:579)
	at org.apache.ratis.thirdparty.io.netty.channel.nio.NioEventLoop.processSelectedKeys(NioEventLoop.java:496)
	at org.apache.ratis.thirdparty.io.netty.channel.nio.NioEventLoop.run(NioEventLoop.java:458)
	at org.apache.ratis.thirdparty.io.netty.util.concurrent.SingleThreadEventExecutor$5.run(SingleThreadEventExecutor.java:897)
	at org.apache.ratis.thirdparty.io.netty.util.concurrent.FastThreadLocalRunnable.run(FastThreadLocalRunnable.java:30)
	... 1 more
Caused by: java.net.ConnectException: Connection refused
	... 11 more
2019-10-18 13:01:56,445 [Thread-2686] INFO  impl.FollowerState (FollowerState.java:run(117)) - 8697df36-98d2-41b1-bdc7-60597b3b5526@group-187684C21557-FollowerState was interrupted: java.lang.InterruptedException: sleep interrupted
2019-10-18 13:01:56,445 [grpc-default-executor-7] INFO  impl.RoleInfo (RoleInfo.java:updateAndGet(143)) - 8697df36-98d2-41b1-bdc7-60597b3b5526: start FollowerState
2019-10-18 13:01:56,445 [c124d131-afb9-4343-ad4e-aaebde613043@group-FF4202234884-LeaderElection326] INFO  impl.LeaderElection (LogUtils.java:infoOrTrace(149)) -   Exception 1: {}
java.util.concurrent.ExecutionException: org.apache.ratis.thirdparty.io.grpc.StatusRuntimeException: UNAVAILABLE: io exception
	at java.util.concurrent.FutureTask.report(FutureTask.java:122)
	at java.util.concurrent.FutureTask.get(FutureTask.java:192)
	at org.apache.ratis.server.impl.LeaderElection.waitForResults(LeaderElection.java:259)
	at org.apache.ratis.server.impl.LeaderElection.askForVotes(LeaderElection.java:197)
	at org.apache.ratis.server.impl.LeaderElection.run(LeaderElection.java:133)
	at java.lang.Thread.run(Thread.java:748)
Caused by: org.apache.ratis.thirdparty.io.grpc.StatusRuntimeException: UNAVAILABLE: io exception
	at org.apache.ratis.thirdparty.io.grpc.stub.ClientCalls.toStatusRuntimeException(ClientCalls.java:233)
	at org.apache.ratis.thirdparty.io.grpc.stub.ClientCalls.getUnchecked(ClientCalls.java:214)
	at org.apache.ratis.thirdparty.io.grpc.stub.ClientCalls.blockingUnaryCall(ClientCalls.java:139)
	at org.apache.ratis.proto.grpc.RaftServerProtocolServiceGrpc$RaftServerProtocolServiceBlockingStub.requestVote(RaftServerProtocolServiceGrpc.java:265)
	at org.apache.ratis.grpc.server.GrpcServerProtocolClient.requestVote(GrpcServerProtocolClient.java:99)
	at org.apache.ratis.grpc.server.GrpcService.requestVote(GrpcService.java:204)
	at org.apache.ratis.server.impl.LeaderElection.lambda$submitRequests$1(LeaderElection.java:234)
	at java.util.concurrent.FutureTask.run(FutureTask.java:266)
	at java.util.concurrent.Executors$RunnableAdapter.call(Executors.java:511)
	at java.util.concurrent.FutureTask.run(FutureTask.java:266)
	at java.util.concurrent.ThreadPoolExecutor.runWorker(ThreadPoolExecutor.java:1149)
	at java.util.concurrent.ThreadPoolExecutor$Worker.run(ThreadPoolExecutor.java:624)
	... 1 more
Caused by: org.apache.ratis.thirdparty.io.netty.channel.AbstractChannel$AnnotatedConnectException: Connection refused: /192.168.34.56:36658
	at sun.nio.ch.SocketChannelImpl.checkConnect(Native Method)
	at sun.nio.ch.SocketChannelImpl.finishConnect(SocketChannelImpl.java:717)
	at org.apache.ratis.thirdparty.io.netty.channel.socket.nio.NioSocketChannel.doFinishConnect(NioSocketChannel.java:327)
	at org.apache.ratis.thirdparty.io.netty.channel.nio.AbstractNioChannel$AbstractNioUnsafe.finishConnect(AbstractNioChannel.java:340)
	at org.apache.ratis.thirdparty.io.netty.channel.nio.NioEventLoop.processSelectedKey(NioEventLoop.java:632)
	at org.apache.ratis.thirdparty.io.netty.channel.nio.NioEventLoop.processSelectedKeysOptimized(NioEventLoop.java:579)
	at org.apache.ratis.thirdparty.io.netty.channel.nio.NioEventLoop.processSelectedKeys(NioEventLoop.java:496)
	at org.apache.ratis.thirdparty.io.netty.channel.nio.NioEventLoop.run(NioEventLoop.java:458)
	at org.apache.ratis.thirdparty.io.netty.util.concurrent.SingleThreadEventExecutor$5.run(SingleThreadEventExecutor.java:897)
	at org.apache.ratis.thirdparty.io.netty.util.concurrent.FastThreadLocalRunnable.run(FastThreadLocalRunnable.java:30)
	... 1 more
Caused by: java.net.ConnectException: Connection refused
	... 11 more
2019-10-18 13:01:56,446 [c124d131-afb9-4343-ad4e-aaebde613043@group-FF4202234884-LeaderElection326] INFO  impl.RaftServerImpl (RaftServerImpl.java:setRole(184)) - c124d131-afb9-4343-ad4e-aaebde613043@group-FF4202234884: changes role from CANDIDATE to FOLLOWER at term 178 for DISCOVERED_A_NEW_TERM
2019-10-18 13:01:56,446 [c124d131-afb9-4343-ad4e-aaebde613043@group-FF4202234884-LeaderElection326] INFO  impl.RoleInfo (RoleInfo.java:shutdownLeaderElection(134)) - c124d131-afb9-4343-ad4e-aaebde613043: shutdown LeaderElection
2019-10-18 13:01:56,446 [c124d131-afb9-4343-ad4e-aaebde613043@group-FF4202234884-LeaderElection326] INFO  impl.RoleInfo (RoleInfo.java:updateAndGet(143)) - c124d131-afb9-4343-ad4e-aaebde613043: start FollowerState
2019-10-18 13:01:56,452 [Thread-2694] INFO  impl.FollowerState (FollowerState.java:run(108)) - c124d131-afb9-4343-ad4e-aaebde613043@group-FF4202234884-FollowerState: change to CANDIDATE, lastRpcTime:5ms, electionTimeout:5ms
2019-10-18 13:01:56,452 [Thread-2694] INFO  impl.RoleInfo (RoleInfo.java:shutdownFollowerState(121)) - c124d131-afb9-4343-ad4e-aaebde613043: shutdown FollowerState
2019-10-18 13:01:56,452 [Thread-2694] INFO  impl.RaftServerImpl (RaftServerImpl.java:setRole(184)) - c124d131-afb9-4343-ad4e-aaebde613043@group-FF4202234884: changes role from  FOLLOWER to CANDIDATE at term 178 for changeToCandidate
2019-10-18 13:01:56,452 [Thread-2694] INFO  impl.RoleInfo (RoleInfo.java:updateAndGet(143)) - c124d131-afb9-4343-ad4e-aaebde613043: start LeaderElection
2019-10-18 13:01:56,506 [c124d131-afb9-4343-ad4e-aaebde613043@group-FF4202234884-LeaderElection327] INFO  impl.LeaderElection (LeaderElection.java:askForVotes(178)) - c124d131-afb9-4343-ad4e-aaebde613043@group-FF4202234884-LeaderElection327: begin an election at term 179 for -1: [999343e7-0330-4874-a345-91eca72585e0:192.168.34.56:44872, c124d131-afb9-4343-ad4e-aaebde613043:192.168.34.56:42116, e5bb327f-cdd7-4e49-919e-13a4c895fddf:192.168.34.56:36658], old=null
2019-10-18 13:01:56,507 [018b3f78-d19f-4e26-a796-cb8ddc4f97cf@group-187684C21557-LeaderElection325] INFO  impl.LeaderElection (LeaderElection.java:logAndReturn(56)) - 018b3f78-d19f-4e26-a796-cb8ddc4f97cf@group-187684C21557-LeaderElection325: Election REJECTED; received 2 response(s) [018b3f78-d19f-4e26-a796-cb8ddc4f97cf<-893cf03e-f2cf-478a-892a-a746717e50e3#0:FAIL-t193, 018b3f78-d19f-4e26-a796-cb8ddc4f97cf<-8697df36-98d2-41b1-bdc7-60597b3b5526#0:FAIL-t193] and 0 exception(s); 018b3f78-d19f-4e26-a796-cb8ddc4f97cf@group-187684C21557:t193, leader=null, voted=018b3f78-d19f-4e26-a796-cb8ddc4f97cf, raftlog=018b3f78-d19f-4e26-a796-cb8ddc4f97cf@group-187684C21557-SegmentedRaftLog:OPENED:c-1,f-1,i0, conf=-1: [893cf03e-f2cf-478a-892a-a746717e50e3:192.168.34.56:40750, 8697df36-98d2-41b1-bdc7-60597b3b5526:192.168.34.56:46415, 018b3f78-d19f-4e26-a796-cb8ddc4f97cf:192.168.34.56:35845], old=null
2019-10-18 13:01:56,507 [c124d131-afb9-4343-ad4e-aaebde613043@group-FF4202234884-LeaderElection327] INFO  impl.LeaderElection (LogUtils.java:infoOrTrace(149)) - c124d131-afb9-4343-ad4e-aaebde613043@group-FF4202234884-LeaderElection327 got exception when requesting votes: {}
java.util.concurrent.ExecutionException: org.apache.ratis.thirdparty.io.grpc.StatusRuntimeException: UNAVAILABLE: io exception
	at java.util.concurrent.FutureTask.report(FutureTask.java:122)
	at java.util.concurrent.FutureTask.get(FutureTask.java:192)
	at org.apache.ratis.server.impl.LeaderElection.waitForResults(LeaderElection.java:259)
	at org.apache.ratis.server.impl.LeaderElection.askForVotes(LeaderElection.java:197)
	at org.apache.ratis.server.impl.LeaderElection.run(LeaderElection.java:133)
	at java.lang.Thread.run(Thread.java:748)
Caused by: org.apache.ratis.thirdparty.io.grpc.StatusRuntimeException: UNAVAILABLE: io exception
	at org.apache.ratis.thirdparty.io.grpc.stub.ClientCalls.toStatusRuntimeException(ClientCalls.java:233)
	at org.apache.ratis.thirdparty.io.grpc.stub.ClientCalls.getUnchecked(ClientCalls.java:214)
	at org.apache.ratis.thirdparty.io.grpc.stub.ClientCalls.blockingUnaryCall(ClientCalls.java:139)
	at org.apache.ratis.proto.grpc.RaftServerProtocolServiceGrpc$RaftServerProtocolServiceBlockingStub.requestVote(RaftServerProtocolServiceGrpc.java:265)
	at org.apache.ratis.grpc.server.GrpcServerProtocolClient.requestVote(GrpcServerProtocolClient.java:99)
	at org.apache.ratis.grpc.server.GrpcService.requestVote(GrpcService.java:204)
	at org.apache.ratis.server.impl.LeaderElection.lambda$submitRequests$1(LeaderElection.java:234)
	at java.util.concurrent.FutureTask.run(FutureTask.java:266)
	at java.util.concurrent.Executors$RunnableAdapter.call(Executors.java:511)
	at java.util.concurrent.FutureTask.run(FutureTask.java:266)
	at java.util.concurrent.ThreadPoolExecutor.runWorker(ThreadPoolExecutor.java:1149)
	at java.util.concurrent.ThreadPoolExecutor$Worker.run(ThreadPoolExecutor.java:624)
	... 1 more
Caused by: org.apache.ratis.thirdparty.io.netty.channel.AbstractChannel$AnnotatedConnectException: Connection refused: /192.168.34.56:44872
	at sun.nio.ch.SocketChannelImpl.checkConnect(Native Method)
	at sun.nio.ch.SocketChannelImpl.finishConnect(SocketChannelImpl.java:717)
	at org.apache.ratis.thirdparty.io.netty.channel.socket.nio.NioSocketChannel.doFinishConnect(NioSocketChannel.java:327)
	at org.apache.ratis.thirdparty.io.netty.channel.nio.AbstractNioChannel$AbstractNioUnsafe.finishConnect(AbstractNioChannel.java:340)
	at org.apache.ratis.thirdparty.io.netty.channel.nio.NioEventLoop.processSelectedKey(NioEventLoop.java:632)
	at org.apache.ratis.thirdparty.io.netty.channel.nio.NioEventLoop.processSelectedKeysOptimized(NioEventLoop.java:579)
	at org.apache.ratis.thirdparty.io.netty.channel.nio.NioEventLoop.processSelectedKeys(NioEventLoop.java:496)
	at org.apache.ratis.thirdparty.io.netty.channel.nio.NioEventLoop.run(NioEventLoop.java:458)
	at org.apache.ratis.thirdparty.io.netty.util.concurrent.SingleThreadEventExecutor$5.run(SingleThreadEventExecutor.java:897)
	at org.apache.ratis.thirdparty.io.netty.util.concurrent.FastThreadLocalRunnable.run(FastThreadLocalRunnable.java:30)
	... 1 more
Caused by: java.net.ConnectException: Connection refused
	... 11 more
2019-10-18 13:01:56,507 [018b3f78-d19f-4e26-a796-cb8ddc4f97cf@group-187684C21557-LeaderElection325] INFO  impl.RaftServerImpl (RaftServerImpl.java:setRole(184)) - 018b3f78-d19f-4e26-a796-cb8ddc4f97cf@group-187684C21557: changes role from CANDIDATE to FOLLOWER at term 193 for DISCOVERED_A_NEW_TERM
2019-10-18 13:01:56,508 [018b3f78-d19f-4e26-a796-cb8ddc4f97cf@group-187684C21557-LeaderElection325] INFO  impl.RoleInfo (RoleInfo.java:shutdownLeaderElection(134)) - 018b3f78-d19f-4e26-a796-cb8ddc4f97cf: shutdown LeaderElection
2019-10-18 13:01:56,508 [c124d131-afb9-4343-ad4e-aaebde613043@group-FF4202234884-LeaderElection327] INFO  impl.LeaderElection (LogUtils.java:infoOrTrace(149)) - c124d131-afb9-4343-ad4e-aaebde613043@group-FF4202234884-LeaderElection327 got exception when requesting votes: {}
java.util.concurrent.ExecutionException: org.apache.ratis.thirdparty.io.grpc.StatusRuntimeException: UNAVAILABLE: io exception
	at java.util.concurrent.FutureTask.report(FutureTask.java:122)
	at java.util.concurrent.FutureTask.get(FutureTask.java:192)
	at org.apache.ratis.server.impl.LeaderElection.waitForResults(LeaderElection.java:259)
	at org.apache.ratis.server.impl.LeaderElection.askForVotes(LeaderElection.java:197)
	at org.apache.ratis.server.impl.LeaderElection.run(LeaderElection.java:133)
	at java.lang.Thread.run(Thread.java:748)
Caused by: org.apache.ratis.thirdparty.io.grpc.StatusRuntimeException: UNAVAILABLE: io exception
	at org.apache.ratis.thirdparty.io.grpc.stub.ClientCalls.toStatusRuntimeException(ClientCalls.java:233)
	at org.apache.ratis.thirdparty.io.grpc.stub.ClientCalls.getUnchecked(ClientCalls.java:214)
	at org.apache.ratis.thirdparty.io.grpc.stub.ClientCalls.blockingUnaryCall(ClientCalls.java:139)
	at org.apache.ratis.proto.grpc.RaftServerProtocolServiceGrpc$RaftServerProtocolServiceBlockingStub.requestVote(RaftServerProtocolServiceGrpc.java:265)
	at org.apache.ratis.grpc.server.GrpcServerProtocolClient.requestVote(GrpcServerProtocolClient.java:99)
	at org.apache.ratis.grpc.server.GrpcService.requestVote(GrpcService.java:204)
	at org.apache.ratis.server.impl.LeaderElection.lambda$submitRequests$1(LeaderElection.java:234)
	at java.util.concurrent.FutureTask.run(FutureTask.java:266)
	at java.util.concurrent.Executors$RunnableAdapter.call(Executors.java:511)
	at java.util.concurrent.FutureTask.run(FutureTask.java:266)
	at java.util.concurrent.ThreadPoolExecutor.runWorker(ThreadPoolExecutor.java:1149)
	at java.util.concurrent.ThreadPoolExecutor$Worker.run(ThreadPoolExecutor.java:624)
	... 1 more
Caused by: org.apache.ratis.thirdparty.io.netty.channel.AbstractChannel$AnnotatedConnectException: Connection refused: /192.168.34.56:36658
	at sun.nio.ch.SocketChannelImpl.checkConnect(Native Method)
	at sun.nio.ch.SocketChannelImpl.finishConnect(SocketChannelImpl.java:717)
	at org.apache.ratis.thirdparty.io.netty.channel.socket.nio.NioSocketChannel.doFinishConnect(NioSocketChannel.java:327)
	at org.apache.ratis.thirdparty.io.netty.channel.nio.AbstractNioChannel$AbstractNioUnsafe.finishConnect(AbstractNioChannel.java:340)
	at org.apache.ratis.thirdparty.io.netty.channel.nio.NioEventLoop.processSelectedKey(NioEventLoop.java:632)
	at org.apache.ratis.thirdparty.io.netty.channel.nio.NioEventLoop.processSelectedKeysOptimized(NioEventLoop.java:579)
	at org.apache.ratis.thirdparty.io.netty.channel.nio.NioEventLoop.processSelectedKeys(NioEventLoop.java:496)
	at org.apache.ratis.thirdparty.io.netty.channel.nio.NioEventLoop.run(NioEventLoop.java:458)
	at org.apache.ratis.thirdparty.io.netty.util.concurrent.SingleThreadEventExecutor$5.run(SingleThreadEventExecutor.java:897)
	at org.apache.ratis.thirdparty.io.netty.util.concurrent.FastThreadLocalRunnable.run(FastThreadLocalRunnable.java:30)
	... 1 more
Caused by: java.net.ConnectException: Connection refused
	... 11 more
2019-10-18 13:01:56,508 [018b3f78-d19f-4e26-a796-cb8ddc4f97cf@group-187684C21557-LeaderElection325] INFO  impl.RoleInfo (RoleInfo.java:updateAndGet(143)) - 018b3f78-d19f-4e26-a796-cb8ddc4f97cf: start FollowerState
2019-10-18 13:01:56,508 [c124d131-afb9-4343-ad4e-aaebde613043@group-FF4202234884-LeaderElection327] INFO  impl.LeaderElection (LeaderElection.java:logAndReturn(56)) - c124d131-afb9-4343-ad4e-aaebde613043@group-FF4202234884-LeaderElection327: Election REJECTED; received 0 response(s) [] and 2 exception(s); c124d131-afb9-4343-ad4e-aaebde613043@group-FF4202234884:t179, leader=null, voted=c124d131-afb9-4343-ad4e-aaebde613043, raftlog=c124d131-afb9-4343-ad4e-aaebde613043@group-FF4202234884-SegmentedRaftLog:OPENED:c-1,f-1,i0, conf=-1: [999343e7-0330-4874-a345-91eca72585e0:192.168.34.56:44872, c124d131-afb9-4343-ad4e-aaebde613043:192.168.34.56:42116, e5bb327f-cdd7-4e49-919e-13a4c895fddf:192.168.34.56:36658], old=null
2019-10-18 13:01:56,508 [c124d131-afb9-4343-ad4e-aaebde613043@group-FF4202234884-LeaderElection327] INFO  impl.LeaderElection (LogUtils.java:infoOrTrace(149)) -   Exception 0: {}
java.util.concurrent.ExecutionException: org.apache.ratis.thirdparty.io.grpc.StatusRuntimeException: UNAVAILABLE: io exception
	at java.util.concurrent.FutureTask.report(FutureTask.java:122)
	at java.util.concurrent.FutureTask.get(FutureTask.java:192)
	at org.apache.ratis.server.impl.LeaderElection.waitForResults(LeaderElection.java:259)
	at org.apache.ratis.server.impl.LeaderElection.askForVotes(LeaderElection.java:197)
	at org.apache.ratis.server.impl.LeaderElection.run(LeaderElection.java:133)
	at java.lang.Thread.run(Thread.java:748)
Caused by: org.apache.ratis.thirdparty.io.grpc.StatusRuntimeException: UNAVAILABLE: io exception
	at org.apache.ratis.thirdparty.io.grpc.stub.ClientCalls.toStatusRuntimeException(ClientCalls.java:233)
	at org.apache.ratis.thirdparty.io.grpc.stub.ClientCalls.getUnchecked(ClientCalls.java:214)
	at org.apache.ratis.thirdparty.io.grpc.stub.ClientCalls.blockingUnaryCall(ClientCalls.java:139)
	at org.apache.ratis.proto.grpc.RaftServerProtocolServiceGrpc$RaftServerProtocolServiceBlockingStub.requestVote(RaftServerProtocolServiceGrpc.java:265)
	at org.apache.ratis.grpc.server.GrpcServerProtocolClient.requestVote(GrpcServerProtocolClient.java:99)
	at org.apache.ratis.grpc.server.GrpcService.requestVote(GrpcService.java:204)
	at org.apache.ratis.server.impl.LeaderElection.lambda$submitRequests$1(LeaderElection.java:234)
	at java.util.concurrent.FutureTask.run(FutureTask.java:266)
	at java.util.concurrent.Executors$RunnableAdapter.call(Executors.java:511)
	at java.util.concurrent.FutureTask.run(FutureTask.java:266)
	at java.util.concurrent.ThreadPoolExecutor.runWorker(ThreadPoolExecutor.java:1149)
	at java.util.concurrent.ThreadPoolExecutor$Worker.run(ThreadPoolExecutor.java:624)
	... 1 more
Caused by: org.apache.ratis.thirdparty.io.netty.channel.AbstractChannel$AnnotatedConnectException: Connection refused: /192.168.34.56:44872
	at sun.nio.ch.SocketChannelImpl.checkConnect(Native Method)
	at sun.nio.ch.SocketChannelImpl.finishConnect(SocketChannelImpl.java:717)
	at org.apache.ratis.thirdparty.io.netty.channel.socket.nio.NioSocketChannel.doFinishConnect(NioSocketChannel.java:327)
	at org.apache.ratis.thirdparty.io.netty.channel.nio.AbstractNioChannel$AbstractNioUnsafe.finishConnect(AbstractNioChannel.java:340)
	at org.apache.ratis.thirdparty.io.netty.channel.nio.NioEventLoop.processSelectedKey(NioEventLoop.java:632)
	at org.apache.ratis.thirdparty.io.netty.channel.nio.NioEventLoop.processSelectedKeysOptimized(NioEventLoop.java:579)
	at org.apache.ratis.thirdparty.io.netty.channel.nio.NioEventLoop.processSelectedKeys(NioEventLoop.java:496)
	at org.apache.ratis.thirdparty.io.netty.channel.nio.NioEventLoop.run(NioEventLoop.java:458)
	at org.apache.ratis.thirdparty.io.netty.util.concurrent.SingleThreadEventExecutor$5.run(SingleThreadEventExecutor.java:897)
	at org.apache.ratis.thirdparty.io.netty.util.concurrent.FastThreadLocalRunnable.run(FastThreadLocalRunnable.java:30)
	... 1 more
Caused by: java.net.ConnectException: Connection refused
	... 11 more
2019-10-18 13:01:56,509 [c124d131-afb9-4343-ad4e-aaebde613043@group-FF4202234884-LeaderElection327] INFO  impl.LeaderElection (LogUtils.java:infoOrTrace(149)) -   Exception 1: {}
java.util.concurrent.ExecutionException: org.apache.ratis.thirdparty.io.grpc.StatusRuntimeException: UNAVAILABLE: io exception
	at java.util.concurrent.FutureTask.report(FutureTask.java:122)
	at java.util.concurrent.FutureTask.get(FutureTask.java:192)
	at org.apache.ratis.server.impl.LeaderElection.waitForResults(LeaderElection.java:259)
	at org.apache.ratis.server.impl.LeaderElection.askForVotes(LeaderElection.java:197)
	at org.apache.ratis.server.impl.LeaderElection.run(LeaderElection.java:133)
	at java.lang.Thread.run(Thread.java:748)
Caused by: org.apache.ratis.thirdparty.io.grpc.StatusRuntimeException: UNAVAILABLE: io exception
	at org.apache.ratis.thirdparty.io.grpc.stub.ClientCalls.toStatusRuntimeException(ClientCalls.java:233)
	at org.apache.ratis.thirdparty.io.grpc.stub.ClientCalls.getUnchecked(ClientCalls.java:214)
	at org.apache.ratis.thirdparty.io.grpc.stub.ClientCalls.blockingUnaryCall(ClientCalls.java:139)
	at org.apache.ratis.proto.grpc.RaftServerProtocolServiceGrpc$RaftServerProtocolServiceBlockingStub.requestVote(RaftServerProtocolServiceGrpc.java:265)
	at org.apache.ratis.grpc.server.GrpcServerProtocolClient.requestVote(GrpcServerProtocolClient.java:99)
	at org.apache.ratis.grpc.server.GrpcService.requestVote(GrpcService.java:204)
	at org.apache.ratis.server.impl.LeaderElection.lambda$submitRequests$1(LeaderElection.java:234)
	at java.util.concurrent.FutureTask.run(FutureTask.java:266)
	at java.util.concurrent.Executors$RunnableAdapter.call(Executors.java:511)
	at java.util.concurrent.FutureTask.run(FutureTask.java:266)
	at java.util.concurrent.ThreadPoolExecutor.runWorker(ThreadPoolExecutor.java:1149)
	at java.util.concurrent.ThreadPoolExecutor$Worker.run(ThreadPoolExecutor.java:624)
	... 1 more
Caused by: org.apache.ratis.thirdparty.io.netty.channel.AbstractChannel$AnnotatedConnectException: Connection refused: /192.168.34.56:36658
	at sun.nio.ch.SocketChannelImpl.checkConnect(Native Method)
	at sun.nio.ch.SocketChannelImpl.finishConnect(SocketChannelImpl.java:717)
	at org.apache.ratis.thirdparty.io.netty.channel.socket.nio.NioSocketChannel.doFinishConnect(NioSocketChannel.java:327)
	at org.apache.ratis.thirdparty.io.netty.channel.nio.AbstractNioChannel$AbstractNioUnsafe.finishConnect(AbstractNioChannel.java:340)
	at org.apache.ratis.thirdparty.io.netty.channel.nio.NioEventLoop.processSelectedKey(NioEventLoop.java:632)
	at org.apache.ratis.thirdparty.io.netty.channel.nio.NioEventLoop.processSelectedKeysOptimized(NioEventLoop.java:579)
	at org.apache.ratis.thirdparty.io.netty.channel.nio.NioEventLoop.processSelectedKeys(NioEventLoop.java:496)
	at org.apache.ratis.thirdparty.io.netty.channel.nio.NioEventLoop.run(NioEventLoop.java:458)
	at org.apache.ratis.thirdparty.io.netty.util.concurrent.SingleThreadEventExecutor$5.run(SingleThreadEventExecutor.java:897)
	at org.apache.ratis.thirdparty.io.netty.util.concurrent.FastThreadLocalRunnable.run(FastThreadLocalRunnable.java:30)
	... 1 more
Caused by: java.net.ConnectException: Connection refused
	... 11 more
2019-10-18 13:01:56,509 [c124d131-afb9-4343-ad4e-aaebde613043@group-FF4202234884-LeaderElection327] INFO  impl.RaftServerImpl (RaftServerImpl.java:setRole(184)) - c124d131-afb9-4343-ad4e-aaebde613043@group-FF4202234884: changes role from CANDIDATE to FOLLOWER at term 179 for DISCOVERED_A_NEW_TERM
2019-10-18 13:01:56,509 [c124d131-afb9-4343-ad4e-aaebde613043@group-FF4202234884-LeaderElection327] INFO  impl.RoleInfo (RoleInfo.java:shutdownLeaderElection(134)) - c124d131-afb9-4343-ad4e-aaebde613043: shutdown LeaderElection
2019-10-18 13:01:56,509 [c124d131-afb9-4343-ad4e-aaebde613043@group-FF4202234884-LeaderElection327] INFO  impl.RoleInfo (RoleInfo.java:updateAndGet(143)) - c124d131-afb9-4343-ad4e-aaebde613043: start FollowerState
2019-10-18 13:01:56,639 [Thread-2698] INFO  impl.FollowerState (FollowerState.java:run(108)) - 018b3f78-d19f-4e26-a796-cb8ddc4f97cf@group-187684C21557-FollowerState: change to CANDIDATE, lastRpcTime:131ms, electionTimeout:131ms
2019-10-18 13:01:56,640 [Thread-2698] INFO  impl.RoleInfo (RoleInfo.java:shutdownFollowerState(121)) - 018b3f78-d19f-4e26-a796-cb8ddc4f97cf: shutdown FollowerState
2019-10-18 13:01:56,640 [Thread-2698] INFO  impl.RaftServerImpl (RaftServerImpl.java:setRole(184)) - 018b3f78-d19f-4e26-a796-cb8ddc4f97cf@group-187684C21557: changes role from  FOLLOWER to CANDIDATE at term 193 for changeToCandidate
2019-10-18 13:01:56,640 [Thread-2698] INFO  impl.RoleInfo (RoleInfo.java:updateAndGet(143)) - 018b3f78-d19f-4e26-a796-cb8ddc4f97cf: start LeaderElection
2019-10-18 13:01:56,684 [java.util.concurrent.ThreadPoolExecutor$Worker@7a2507ec[State = -1, empty queue]] WARN  server.GrpcLogAppender (GrpcLogAppender.java:timeoutAppendRequest(209)) - 17618ccc-f51c-4f14-92cf-842ef2c05e35@group-08BD6F798C58->32d97539-eb73-46c6-a759-05f11ff00f4c-GrpcLogAppender: appendEntries Timeout, request=17618ccc-f51c-4f14-92cf-842ef2c05e35->32d97539-eb73-46c6-a759-05f11ff00f4c#77-t10, previous=(t:10, i:19), leaderCommit=19, initializing? false, entries: <empty>
2019-10-18 13:01:56,692 [018b3f78-d19f-4e26-a796-cb8ddc4f97cf@group-187684C21557-LeaderElection328] INFO  impl.LeaderElection (LeaderElection.java:askForVotes(178)) - 018b3f78-d19f-4e26-a796-cb8ddc4f97cf@group-187684C21557-LeaderElection328: begin an election at term 194 for -1: [893cf03e-f2cf-478a-892a-a746717e50e3:192.168.34.56:40750, 8697df36-98d2-41b1-bdc7-60597b3b5526:192.168.34.56:46415, 018b3f78-d19f-4e26-a796-cb8ddc4f97cf:192.168.34.56:35845], old=null
2019-10-18 13:01:56,694 [grpc-default-executor-2] INFO  impl.RaftServerImpl (RaftServerImpl.java:setRole(184)) - 893cf03e-f2cf-478a-892a-a746717e50e3@group-187684C21557: changes role from  FOLLOWER to FOLLOWER at term 194 for recognizeCandidate:018b3f78-d19f-4e26-a796-cb8ddc4f97cf
2019-10-18 13:01:56,694 [grpc-default-executor-7] INFO  impl.RaftServerImpl (RaftServerImpl.java:setRole(184)) - 8697df36-98d2-41b1-bdc7-60597b3b5526@group-187684C21557: changes role from  FOLLOWER to FOLLOWER at term 194 for recognizeCandidate:018b3f78-d19f-4e26-a796-cb8ddc4f97cf
2019-10-18 13:01:56,694 [grpc-default-executor-2] INFO  impl.RoleInfo (RoleInfo.java:shutdownFollowerState(121)) - 893cf03e-f2cf-478a-892a-a746717e50e3: shutdown FollowerState
2019-10-18 13:01:56,694 [grpc-default-executor-7] INFO  impl.RoleInfo (RoleInfo.java:shutdownFollowerState(121)) - 8697df36-98d2-41b1-bdc7-60597b3b5526: shutdown FollowerState
2019-10-18 13:01:56,694 [Thread-2692] INFO  impl.FollowerState (FollowerState.java:run(117)) - 893cf03e-f2cf-478a-892a-a746717e50e3@group-187684C21557-FollowerState was interrupted: java.lang.InterruptedException: sleep interrupted
2019-10-18 13:01:56,694 [grpc-default-executor-2] INFO  impl.RoleInfo (RoleInfo.java:updateAndGet(143)) - 893cf03e-f2cf-478a-892a-a746717e50e3: start FollowerState
2019-10-18 13:01:56,694 [Thread-2693] INFO  impl.FollowerState (FollowerState.java:run(117)) - 8697df36-98d2-41b1-bdc7-60597b3b5526@group-187684C21557-FollowerState was interrupted: java.lang.InterruptedException: sleep interrupted
2019-10-18 13:01:56,694 [grpc-default-executor-7] INFO  impl.RoleInfo (RoleInfo.java:updateAndGet(143)) - 8697df36-98d2-41b1-bdc7-60597b3b5526: start FollowerState
2019-10-18 13:01:56,700 [Thread-2699] INFO  impl.FollowerState (FollowerState.java:run(108)) - c124d131-afb9-4343-ad4e-aaebde613043@group-FF4202234884-FollowerState: change to CANDIDATE, lastRpcTime:190ms, electionTimeout:190ms
2019-10-18 13:01:56,700 [Thread-2699] INFO  impl.RoleInfo (RoleInfo.java:shutdownFollowerState(121)) - c124d131-afb9-4343-ad4e-aaebde613043: shutdown FollowerState
2019-10-18 13:01:56,700 [Thread-2699] INFO  impl.RaftServerImpl (RaftServerImpl.java:setRole(184)) - c124d131-afb9-4343-ad4e-aaebde613043@group-FF4202234884: changes role from  FOLLOWER to CANDIDATE at term 179 for changeToCandidate
2019-10-18 13:01:56,700 [Thread-2699] INFO  impl.RoleInfo (RoleInfo.java:updateAndGet(143)) - c124d131-afb9-4343-ad4e-aaebde613043: start LeaderElection
2019-10-18 13:01:56,714 [c124d131-afb9-4343-ad4e-aaebde613043@group-FF4202234884-LeaderElection329] INFO  impl.LeaderElection (LeaderElection.java:askForVotes(178)) - c124d131-afb9-4343-ad4e-aaebde613043@group-FF4202234884-LeaderElection329: begin an election at term 180 for -1: [999343e7-0330-4874-a345-91eca72585e0:192.168.34.56:44872, c124d131-afb9-4343-ad4e-aaebde613043:192.168.34.56:42116, e5bb327f-cdd7-4e49-919e-13a4c895fddf:192.168.34.56:36658], old=null
2019-10-18 13:01:56,715 [018b3f78-d19f-4e26-a796-cb8ddc4f97cf@group-187684C21557-LeaderElection328] INFO  impl.LeaderElection (LeaderElection.java:logAndReturn(56)) - 018b3f78-d19f-4e26-a796-cb8ddc4f97cf@group-187684C21557-LeaderElection328: Election REJECTED; received 2 response(s) [018b3f78-d19f-4e26-a796-cb8ddc4f97cf<-893cf03e-f2cf-478a-892a-a746717e50e3#0:FAIL-t194, 018b3f78-d19f-4e26-a796-cb8ddc4f97cf<-8697df36-98d2-41b1-bdc7-60597b3b5526#0:FAIL-t194] and 0 exception(s); 018b3f78-d19f-4e26-a796-cb8ddc4f97cf@group-187684C21557:t194, leader=null, voted=018b3f78-d19f-4e26-a796-cb8ddc4f97cf, raftlog=018b3f78-d19f-4e26-a796-cb8ddc4f97cf@group-187684C21557-SegmentedRaftLog:OPENED:c-1,f-1,i0, conf=-1: [893cf03e-f2cf-478a-892a-a746717e50e3:192.168.34.56:40750, 8697df36-98d2-41b1-bdc7-60597b3b5526:192.168.34.56:46415, 018b3f78-d19f-4e26-a796-cb8ddc4f97cf:192.168.34.56:35845], old=null
2019-10-18 13:01:56,715 [c124d131-afb9-4343-ad4e-aaebde613043@group-FF4202234884-LeaderElection329] INFO  impl.LeaderElection (LogUtils.java:infoOrTrace(149)) - c124d131-afb9-4343-ad4e-aaebde613043@group-FF4202234884-LeaderElection329 got exception when requesting votes: {}
java.util.concurrent.ExecutionException: org.apache.ratis.thirdparty.io.grpc.StatusRuntimeException: UNAVAILABLE: io exception
	at java.util.concurrent.FutureTask.report(FutureTask.java:122)
	at java.util.concurrent.FutureTask.get(FutureTask.java:192)
	at org.apache.ratis.server.impl.LeaderElection.waitForResults(LeaderElection.java:259)
	at org.apache.ratis.server.impl.LeaderElection.askForVotes(LeaderElection.java:197)
	at org.apache.ratis.server.impl.LeaderElection.run(LeaderElection.java:133)
	at java.lang.Thread.run(Thread.java:748)
Caused by: org.apache.ratis.thirdparty.io.grpc.StatusRuntimeException: UNAVAILABLE: io exception
	at org.apache.ratis.thirdparty.io.grpc.stub.ClientCalls.toStatusRuntimeException(ClientCalls.java:233)
	at org.apache.ratis.thirdparty.io.grpc.stub.ClientCalls.getUnchecked(ClientCalls.java:214)
	at org.apache.ratis.thirdparty.io.grpc.stub.ClientCalls.blockingUnaryCall(ClientCalls.java:139)
	at org.apache.ratis.proto.grpc.RaftServerProtocolServiceGrpc$RaftServerProtocolServiceBlockingStub.requestVote(RaftServerProtocolServiceGrpc.java:265)
	at org.apache.ratis.grpc.server.GrpcServerProtocolClient.requestVote(GrpcServerProtocolClient.java:99)
	at org.apache.ratis.grpc.server.GrpcService.requestVote(GrpcService.java:204)
	at org.apache.ratis.server.impl.LeaderElection.lambda$submitRequests$1(LeaderElection.java:234)
	at java.util.concurrent.FutureTask.run(FutureTask.java:266)
	at java.util.concurrent.Executors$RunnableAdapter.call(Executors.java:511)
	at java.util.concurrent.FutureTask.run(FutureTask.java:266)
	at java.util.concurrent.ThreadPoolExecutor.runWorker(ThreadPoolExecutor.java:1149)
	at java.util.concurrent.ThreadPoolExecutor$Worker.run(ThreadPoolExecutor.java:624)
	... 1 more
Caused by: org.apache.ratis.thirdparty.io.netty.channel.AbstractChannel$AnnotatedConnectException: Connection refused: /192.168.34.56:36658
	at sun.nio.ch.SocketChannelImpl.checkConnect(Native Method)
	at sun.nio.ch.SocketChannelImpl.finishConnect(SocketChannelImpl.java:717)
	at org.apache.ratis.thirdparty.io.netty.channel.socket.nio.NioSocketChannel.doFinishConnect(NioSocketChannel.java:327)
	at org.apache.ratis.thirdparty.io.netty.channel.nio.AbstractNioChannel$AbstractNioUnsafe.finishConnect(AbstractNioChannel.java:340)
	at org.apache.ratis.thirdparty.io.netty.channel.nio.NioEventLoop.processSelectedKey(NioEventLoop.java:632)
	at org.apache.ratis.thirdparty.io.netty.channel.nio.NioEventLoop.processSelectedKeysOptimized(NioEventLoop.java:579)
	at org.apache.ratis.thirdparty.io.netty.channel.nio.NioEventLoop.processSelectedKeys(NioEventLoop.java:496)
	at org.apache.ratis.thirdparty.io.netty.channel.nio.NioEventLoop.run(NioEventLoop.java:458)
	at org.apache.ratis.thirdparty.io.netty.util.concurrent.SingleThreadEventExecutor$5.run(SingleThreadEventExecutor.java:897)
	at org.apache.ratis.thirdparty.io.netty.util.concurrent.FastThreadLocalRunnable.run(FastThreadLocalRunnable.java:30)
	... 1 more
Caused by: java.net.ConnectException: Connection refused
	... 11 more
2019-10-18 13:01:56,715 [018b3f78-d19f-4e26-a796-cb8ddc4f97cf@group-187684C21557-LeaderElection328] INFO  impl.RaftServerImpl (RaftServerImpl.java:setRole(184)) - 018b3f78-d19f-4e26-a796-cb8ddc4f97cf@group-187684C21557: changes role from CANDIDATE to FOLLOWER at term 194 for DISCOVERED_A_NEW_TERM
2019-10-18 13:01:56,715 [018b3f78-d19f-4e26-a796-cb8ddc4f97cf@group-187684C21557-LeaderElection328] INFO  impl.RoleInfo (RoleInfo.java:shutdownLeaderElection(134)) - 018b3f78-d19f-4e26-a796-cb8ddc4f97cf: shutdown LeaderElection
2019-10-18 13:01:56,715 [c124d131-afb9-4343-ad4e-aaebde613043@group-FF4202234884-LeaderElection329] INFO  impl.LeaderElection (LogUtils.java:infoOrTrace(149)) - c124d131-afb9-4343-ad4e-aaebde613043@group-FF4202234884-LeaderElection329 got exception when requesting votes: {}
java.util.concurrent.ExecutionException: org.apache.ratis.thirdparty.io.grpc.StatusRuntimeException: UNAVAILABLE: io exception
	at java.util.concurrent.FutureTask.report(FutureTask.java:122)
	at java.util.concurrent.FutureTask.get(FutureTask.java:192)
	at org.apache.ratis.server.impl.LeaderElection.waitForResults(LeaderElection.java:259)
	at org.apache.ratis.server.impl.LeaderElection.askForVotes(LeaderElection.java:197)
	at org.apache.ratis.server.impl.LeaderElection.run(LeaderElection.java:133)
	at java.lang.Thread.run(Thread.java:748)
Caused by: org.apache.ratis.thirdparty.io.grpc.StatusRuntimeException: UNAVAILABLE: io exception
	at org.apache.ratis.thirdparty.io.grpc.stub.ClientCalls.toStatusRuntimeException(ClientCalls.java:233)
	at org.apache.ratis.thirdparty.io.grpc.stub.ClientCalls.getUnchecked(ClientCalls.java:214)
	at org.apache.ratis.thirdparty.io.grpc.stub.ClientCalls.blockingUnaryCall(ClientCalls.java:139)
	at org.apache.ratis.proto.grpc.RaftServerProtocolServiceGrpc$RaftServerProtocolServiceBlockingStub.requestVote(RaftServerProtocolServiceGrpc.java:265)
	at org.apache.ratis.grpc.server.GrpcServerProtocolClient.requestVote(GrpcServerProtocolClient.java:99)
	at org.apache.ratis.grpc.server.GrpcService.requestVote(GrpcService.java:204)
	at org.apache.ratis.server.impl.LeaderElection.lambda$submitRequests$1(LeaderElection.java:234)
	at java.util.concurrent.FutureTask.run(FutureTask.java:266)
	at java.util.concurrent.Executors$RunnableAdapter.call(Executors.java:511)
	at java.util.concurrent.FutureTask.run(FutureTask.java:266)
	at java.util.concurrent.ThreadPoolExecutor.runWorker(ThreadPoolExecutor.java:1149)
	at java.util.concurrent.ThreadPoolExecutor$Worker.run(ThreadPoolExecutor.java:624)
	... 1 more
Caused by: org.apache.ratis.thirdparty.io.netty.channel.AbstractChannel$AnnotatedConnectException: Connection refused: /192.168.34.56:44872
	at sun.nio.ch.SocketChannelImpl.checkConnect(Native Method)
	at sun.nio.ch.SocketChannelImpl.finishConnect(SocketChannelImpl.java:717)
	at org.apache.ratis.thirdparty.io.netty.channel.socket.nio.NioSocketChannel.doFinishConnect(NioSocketChannel.java:327)
	at org.apache.ratis.thirdparty.io.netty.channel.nio.AbstractNioChannel$AbstractNioUnsafe.finishConnect(AbstractNioChannel.java:340)
	at org.apache.ratis.thirdparty.io.netty.channel.nio.NioEventLoop.processSelectedKey(NioEventLoop.java:632)
	at org.apache.ratis.thirdparty.io.netty.channel.nio.NioEventLoop.processSelectedKeysOptimized(NioEventLoop.java:579)
	at org.apache.ratis.thirdparty.io.netty.channel.nio.NioEventLoop.processSelectedKeys(NioEventLoop.java:496)
	at org.apache.ratis.thirdparty.io.netty.channel.nio.NioEventLoop.run(NioEventLoop.java:458)
	at org.apache.ratis.thirdparty.io.netty.util.concurrent.SingleThreadEventExecutor$5.run(SingleThreadEventExecutor.java:897)
	at org.apache.ratis.thirdparty.io.netty.util.concurrent.FastThreadLocalRunnable.run(FastThreadLocalRunnable.java:30)
	... 1 more
Caused by: java.net.ConnectException: Connection refused
	... 11 more
2019-10-18 13:01:56,715 [018b3f78-d19f-4e26-a796-cb8ddc4f97cf@group-187684C21557-LeaderElection328] INFO  impl.RoleInfo (RoleInfo.java:updateAndGet(143)) - 018b3f78-d19f-4e26-a796-cb8ddc4f97cf: start FollowerState
2019-10-18 13:01:56,716 [c124d131-afb9-4343-ad4e-aaebde613043@group-FF4202234884-LeaderElection329] INFO  impl.LeaderElection (LeaderElection.java:logAndReturn(56)) - c124d131-afb9-4343-ad4e-aaebde613043@group-FF4202234884-LeaderElection329: Election REJECTED; received 0 response(s) [] and 2 exception(s); c124d131-afb9-4343-ad4e-aaebde613043@group-FF4202234884:t180, leader=null, voted=c124d131-afb9-4343-ad4e-aaebde613043, raftlog=c124d131-afb9-4343-ad4e-aaebde613043@group-FF4202234884-SegmentedRaftLog:OPENED:c-1,f-1,i0, conf=-1: [999343e7-0330-4874-a345-91eca72585e0:192.168.34.56:44872, c124d131-afb9-4343-ad4e-aaebde613043:192.168.34.56:42116, e5bb327f-cdd7-4e49-919e-13a4c895fddf:192.168.34.56:36658], old=null
2019-10-18 13:01:56,716 [c124d131-afb9-4343-ad4e-aaebde613043@group-FF4202234884-LeaderElection329] INFO  impl.LeaderElection (LogUtils.java:infoOrTrace(149)) -   Exception 0: {}
java.util.concurrent.ExecutionException: org.apache.ratis.thirdparty.io.grpc.StatusRuntimeException: UNAVAILABLE: io exception
	at java.util.concurrent.FutureTask.report(FutureTask.java:122)
	at java.util.concurrent.FutureTask.get(FutureTask.java:192)
	at org.apache.ratis.server.impl.LeaderElection.waitForResults(LeaderElection.java:259)
	at org.apache.ratis.server.impl.LeaderElection.askForVotes(LeaderElection.java:197)
	at org.apache.ratis.server.impl.LeaderElection.run(LeaderElection.java:133)
	at java.lang.Thread.run(Thread.java:748)
Caused by: org.apache.ratis.thirdparty.io.grpc.StatusRuntimeException: UNAVAILABLE: io exception
	at org.apache.ratis.thirdparty.io.grpc.stub.ClientCalls.toStatusRuntimeException(ClientCalls.java:233)
	at org.apache.ratis.thirdparty.io.grpc.stub.ClientCalls.getUnchecked(ClientCalls.java:214)
	at org.apache.ratis.thirdparty.io.grpc.stub.ClientCalls.blockingUnaryCall(ClientCalls.java:139)
	at org.apache.ratis.proto.grpc.RaftServerProtocolServiceGrpc$RaftServerProtocolServiceBlockingStub.requestVote(RaftServerProtocolServiceGrpc.java:265)
	at org.apache.ratis.grpc.server.GrpcServerProtocolClient.requestVote(GrpcServerProtocolClient.java:99)
	at org.apache.ratis.grpc.server.GrpcService.requestVote(GrpcService.java:204)
	at org.apache.ratis.server.impl.LeaderElection.lambda$submitRequests$1(LeaderElection.java:234)
	at java.util.concurrent.FutureTask.run(FutureTask.java:266)
	at java.util.concurrent.Executors$RunnableAdapter.call(Executors.java:511)
	at java.util.concurrent.FutureTask.run(FutureTask.java:266)
	at java.util.concurrent.ThreadPoolExecutor.runWorker(ThreadPoolExecutor.java:1149)
	at java.util.concurrent.ThreadPoolExecutor$Worker.run(ThreadPoolExecutor.java:624)
	... 1 more
Caused by: org.apache.ratis.thirdparty.io.netty.channel.AbstractChannel$AnnotatedConnectException: Connection refused: /192.168.34.56:36658
	at sun.nio.ch.SocketChannelImpl.checkConnect(Native Method)
	at sun.nio.ch.SocketChannelImpl.finishConnect(SocketChannelImpl.java:717)
	at org.apache.ratis.thirdparty.io.netty.channel.socket.nio.NioSocketChannel.doFinishConnect(NioSocketChannel.java:327)
	at org.apache.ratis.thirdparty.io.netty.channel.nio.AbstractNioChannel$AbstractNioUnsafe.finishConnect(AbstractNioChannel.java:340)
	at org.apache.ratis.thirdparty.io.netty.channel.nio.NioEventLoop.processSelectedKey(NioEventLoop.java:632)
	at org.apache.ratis.thirdparty.io.netty.channel.nio.NioEventLoop.processSelectedKeysOptimized(NioEventLoop.java:579)
	at org.apache.ratis.thirdparty.io.netty.channel.nio.NioEventLoop.processSelectedKeys(NioEventLoop.java:496)
	at org.apache.ratis.thirdparty.io.netty.channel.nio.NioEventLoop.run(NioEventLoop.java:458)
	at org.apache.ratis.thirdparty.io.netty.util.concurrent.SingleThreadEventExecutor$5.run(SingleThreadEventExecutor.java:897)
	at org.apache.ratis.thirdparty.io.netty.util.concurrent.FastThreadLocalRunnable.run(FastThreadLocalRunnable.java:30)
	... 1 more
Caused by: java.net.ConnectException: Connection refused
	... 11 more
2019-10-18 13:01:56,716 [c124d131-afb9-4343-ad4e-aaebde613043@group-FF4202234884-LeaderElection329] INFO  impl.LeaderElection (LogUtils.java:infoOrTrace(149)) -   Exception 1: {}
java.util.concurrent.ExecutionException: org.apache.ratis.thirdparty.io.grpc.StatusRuntimeException: UNAVAILABLE: io exception
	at java.util.concurrent.FutureTask.report(FutureTask.java:122)
	at java.util.concurrent.FutureTask.get(FutureTask.java:192)
	at org.apache.ratis.server.impl.LeaderElection.waitForResults(LeaderElection.java:259)
	at org.apache.ratis.server.impl.LeaderElection.askForVotes(LeaderElection.java:197)
	at org.apache.ratis.server.impl.LeaderElection.run(LeaderElection.java:133)
	at java.lang.Thread.run(Thread.java:748)
Caused by: org.apache.ratis.thirdparty.io.grpc.StatusRuntimeException: UNAVAILABLE: io exception
	at org.apache.ratis.thirdparty.io.grpc.stub.ClientCalls.toStatusRuntimeException(ClientCalls.java:233)
	at org.apache.ratis.thirdparty.io.grpc.stub.ClientCalls.getUnchecked(ClientCalls.java:214)
	at org.apache.ratis.thirdparty.io.grpc.stub.ClientCalls.blockingUnaryCall(ClientCalls.java:139)
	at org.apache.ratis.proto.grpc.RaftServerProtocolServiceGrpc$RaftServerProtocolServiceBlockingStub.requestVote(RaftServerProtocolServiceGrpc.java:265)
	at org.apache.ratis.grpc.server.GrpcServerProtocolClient.requestVote(GrpcServerProtocolClient.java:99)
	at org.apache.ratis.grpc.server.GrpcService.requestVote(GrpcService.java:204)
	at org.apache.ratis.server.impl.LeaderElection.lambda$submitRequests$1(LeaderElection.java:234)
	at java.util.concurrent.FutureTask.run(FutureTask.java:266)
	at java.util.concurrent.Executors$RunnableAdapter.call(Executors.java:511)
	at java.util.concurrent.FutureTask.run(FutureTask.java:266)
	at java.util.concurrent.ThreadPoolExecutor.runWorker(ThreadPoolExecutor.java:1149)
	at java.util.concurrent.ThreadPoolExecutor$Worker.run(ThreadPoolExecutor.java:624)
	... 1 more
Caused by: org.apache.ratis.thirdparty.io.netty.channel.AbstractChannel$AnnotatedConnectException: Connection refused: /192.168.34.56:44872
	at sun.nio.ch.SocketChannelImpl.checkConnect(Native Method)
	at sun.nio.ch.SocketChannelImpl.finishConnect(SocketChannelImpl.java:717)
	at org.apache.ratis.thirdparty.io.netty.channel.socket.nio.NioSocketChannel.doFinishConnect(NioSocketChannel.java:327)
	at org.apache.ratis.thirdparty.io.netty.channel.nio.AbstractNioChannel$AbstractNioUnsafe.finishConnect(AbstractNioChannel.java:340)
	at org.apache.ratis.thirdparty.io.netty.channel.nio.NioEventLoop.processSelectedKey(NioEventLoop.java:632)
	at org.apache.ratis.thirdparty.io.netty.channel.nio.NioEventLoop.processSelectedKeysOptimized(NioEventLoop.java:579)
	at org.apache.ratis.thirdparty.io.netty.channel.nio.NioEventLoop.processSelectedKeys(NioEventLoop.java:496)
	at org.apache.ratis.thirdparty.io.netty.channel.nio.NioEventLoop.run(NioEventLoop.java:458)
	at org.apache.ratis.thirdparty.io.netty.util.concurrent.SingleThreadEventExecutor$5.run(SingleThreadEventExecutor.java:897)
	at org.apache.ratis.thirdparty.io.netty.util.concurrent.FastThreadLocalRunnable.run(FastThreadLocalRunnable.java:30)
	... 1 more
Caused by: java.net.ConnectException: Connection refused
	... 11 more
2019-10-18 13:01:56,717 [c124d131-afb9-4343-ad4e-aaebde613043@group-FF4202234884-LeaderElection329] INFO  impl.RaftServerImpl (RaftServerImpl.java:setRole(184)) - c124d131-afb9-4343-ad4e-aaebde613043@group-FF4202234884: changes role from CANDIDATE to FOLLOWER at term 180 for DISCOVERED_A_NEW_TERM
2019-10-18 13:01:56,717 [c124d131-afb9-4343-ad4e-aaebde613043@group-FF4202234884-LeaderElection329] INFO  impl.RoleInfo (RoleInfo.java:shutdownLeaderElection(134)) - c124d131-afb9-4343-ad4e-aaebde613043: shutdown LeaderElection
2019-10-18 13:01:56,717 [c124d131-afb9-4343-ad4e-aaebde613043@group-FF4202234884-LeaderElection329] INFO  impl.RoleInfo (RoleInfo.java:updateAndGet(143)) - c124d131-afb9-4343-ad4e-aaebde613043: start FollowerState
2019-10-18 13:01:56,720 [java.util.concurrent.ThreadPoolExecutor$Worker@b7e5976[State = -1, empty queue]] WARN  server.GrpcLogAppender (GrpcLogAppender.java:timeoutAppendRequest(209)) - 17618ccc-f51c-4f14-92cf-842ef2c05e35@group-08BD6F798C58->896cef04-248b-470f-8c5c-c9acb81bb157-GrpcLogAppender: appendEntries Timeout, request=17618ccc-f51c-4f14-92cf-842ef2c05e35->896cef04-248b-470f-8c5c-c9acb81bb157#79-t10, previous=(t:10, i:19), leaderCommit=19, initializing? false, entries: <empty>
2019-10-18 13:01:56,742 [Thread-2708] INFO  impl.FollowerState (FollowerState.java:run(108)) - 018b3f78-d19f-4e26-a796-cb8ddc4f97cf@group-187684C21557-FollowerState: change to CANDIDATE, lastRpcTime:26ms, electionTimeout:26ms
2019-10-18 13:01:56,742 [Thread-2708] INFO  impl.RoleInfo (RoleInfo.java:shutdownFollowerState(121)) - 018b3f78-d19f-4e26-a796-cb8ddc4f97cf: shutdown FollowerState
2019-10-18 13:01:56,742 [Thread-2708] INFO  impl.RaftServerImpl (RaftServerImpl.java:setRole(184)) - 018b3f78-d19f-4e26-a796-cb8ddc4f97cf@group-187684C21557: changes role from  FOLLOWER to CANDIDATE at term 194 for changeToCandidate
2019-10-18 13:01:56,742 [Thread-2708] INFO  impl.RoleInfo (RoleInfo.java:updateAndGet(143)) - 018b3f78-d19f-4e26-a796-cb8ddc4f97cf: start LeaderElection
2019-10-18 13:01:56,761 [Thread-2709] INFO  impl.FollowerState (FollowerState.java:run(108)) - c124d131-afb9-4343-ad4e-aaebde613043@group-FF4202234884-FollowerState: change to CANDIDATE, lastRpcTime:44ms, electionTimeout:44ms
2019-10-18 13:01:56,761 [Thread-2709] INFO  impl.RoleInfo (RoleInfo.java:shutdownFollowerState(121)) - c124d131-afb9-4343-ad4e-aaebde613043: shutdown FollowerState
2019-10-18 13:01:56,761 [Thread-2709] INFO  impl.RaftServerImpl (RaftServerImpl.java:setRole(184)) - c124d131-afb9-4343-ad4e-aaebde613043@group-FF4202234884: changes role from  FOLLOWER to CANDIDATE at term 180 for changeToCandidate
2019-10-18 13:01:56,761 [Thread-2709] INFO  impl.RoleInfo (RoleInfo.java:updateAndGet(143)) - c124d131-afb9-4343-ad4e-aaebde613043: start LeaderElection
2019-10-18 13:01:56,845 [018b3f78-d19f-4e26-a796-cb8ddc4f97cf@group-187684C21557-LeaderElection330] INFO  impl.LeaderElection (LeaderElection.java:askForVotes(178)) - 018b3f78-d19f-4e26-a796-cb8ddc4f97cf@group-187684C21557-LeaderElection330: begin an election at term 195 for -1: [893cf03e-f2cf-478a-892a-a746717e50e3:192.168.34.56:40750, 8697df36-98d2-41b1-bdc7-60597b3b5526:192.168.34.56:46415, 018b3f78-d19f-4e26-a796-cb8ddc4f97cf:192.168.34.56:35845], old=null
2019-10-18 13:01:56,847 [grpc-default-executor-7] INFO  impl.RaftServerImpl (RaftServerImpl.java:setRole(184)) - 8697df36-98d2-41b1-bdc7-60597b3b5526@group-187684C21557: changes role from  FOLLOWER to FOLLOWER at term 195 for recognizeCandidate:018b3f78-d19f-4e26-a796-cb8ddc4f97cf
2019-10-18 13:01:56,847 [grpc-default-executor-7] INFO  impl.RoleInfo (RoleInfo.java:shutdownFollowerState(121)) - 8697df36-98d2-41b1-bdc7-60597b3b5526: shutdown FollowerState
2019-10-18 13:01:56,847 [grpc-default-executor-2] INFO  impl.RaftServerImpl (RaftServerImpl.java:setRole(184)) - 893cf03e-f2cf-478a-892a-a746717e50e3@group-187684C21557: changes role from  FOLLOWER to FOLLOWER at term 195 for recognizeCandidate:018b3f78-d19f-4e26-a796-cb8ddc4f97cf
2019-10-18 13:01:56,847 [Thread-2704] INFO  impl.FollowerState (FollowerState.java:run(117)) - 8697df36-98d2-41b1-bdc7-60597b3b5526@group-187684C21557-FollowerState was interrupted: java.lang.InterruptedException: sleep interrupted
2019-10-18 13:01:56,847 [grpc-default-executor-7] INFO  impl.RoleInfo (RoleInfo.java:updateAndGet(143)) - 8697df36-98d2-41b1-bdc7-60597b3b5526: start FollowerState
2019-10-18 13:01:56,847 [grpc-default-executor-2] INFO  impl.RoleInfo (RoleInfo.java:shutdownFollowerState(121)) - 893cf03e-f2cf-478a-892a-a746717e50e3: shutdown FollowerState
2019-10-18 13:01:56,848 [Thread-2703] INFO  impl.FollowerState (FollowerState.java:run(117)) - 893cf03e-f2cf-478a-892a-a746717e50e3@group-187684C21557-FollowerState was interrupted: java.lang.InterruptedException: sleep interrupted
2019-10-18 13:01:56,848 [grpc-default-executor-2] INFO  impl.RoleInfo (RoleInfo.java:updateAndGet(143)) - 893cf03e-f2cf-478a-892a-a746717e50e3: start FollowerState
2019-10-18 13:01:56,858 [c124d131-afb9-4343-ad4e-aaebde613043@group-FF4202234884-LeaderElection331] INFO  impl.LeaderElection (LeaderElection.java:askForVotes(178)) - c124d131-afb9-4343-ad4e-aaebde613043@group-FF4202234884-LeaderElection331: begin an election at term 181 for -1: [999343e7-0330-4874-a345-91eca72585e0:192.168.34.56:44872, c124d131-afb9-4343-ad4e-aaebde613043:192.168.34.56:42116, e5bb327f-cdd7-4e49-919e-13a4c895fddf:192.168.34.56:36658], old=null
2019-10-18 13:01:56,858 [c124d131-afb9-4343-ad4e-aaebde613043@group-FF4202234884-LeaderElection331] INFO  impl.LeaderElection (LogUtils.java:infoOrTrace(149)) - c124d131-afb9-4343-ad4e-aaebde613043@group-FF4202234884-LeaderElection331 got exception when requesting votes: {}
java.util.concurrent.ExecutionException: org.apache.ratis.thirdparty.io.grpc.StatusRuntimeException: UNAVAILABLE: io exception
	at java.util.concurrent.FutureTask.report(FutureTask.java:122)
	at java.util.concurrent.FutureTask.get(FutureTask.java:192)
	at org.apache.ratis.server.impl.LeaderElection.waitForResults(LeaderElection.java:259)
	at org.apache.ratis.server.impl.LeaderElection.askForVotes(LeaderElection.java:197)
	at org.apache.ratis.server.impl.LeaderElection.run(LeaderElection.java:133)
	at java.lang.Thread.run(Thread.java:748)
Caused by: org.apache.ratis.thirdparty.io.grpc.StatusRuntimeException: UNAVAILABLE: io exception
	at org.apache.ratis.thirdparty.io.grpc.stub.ClientCalls.toStatusRuntimeException(ClientCalls.java:233)
	at org.apache.ratis.thirdparty.io.grpc.stub.ClientCalls.getUnchecked(ClientCalls.java:214)
	at org.apache.ratis.thirdparty.io.grpc.stub.ClientCalls.blockingUnaryCall(ClientCalls.java:139)
	at org.apache.ratis.proto.grpc.RaftServerProtocolServiceGrpc$RaftServerProtocolServiceBlockingStub.requestVote(RaftServerProtocolServiceGrpc.java:265)
	at org.apache.ratis.grpc.server.GrpcServerProtocolClient.requestVote(GrpcServerProtocolClient.java:99)
	at org.apache.ratis.grpc.server.GrpcService.requestVote(GrpcService.java:204)
	at org.apache.ratis.server.impl.LeaderElection.lambda$submitRequests$1(LeaderElection.java:234)
	at java.util.concurrent.FutureTask.run(FutureTask.java:266)
	at java.util.concurrent.Executors$RunnableAdapter.call(Executors.java:511)
	at java.util.concurrent.FutureTask.run(FutureTask.java:266)
	at java.util.concurrent.ThreadPoolExecutor.runWorker(ThreadPoolExecutor.java:1149)
	at java.util.concurrent.ThreadPoolExecutor$Worker.run(ThreadPoolExecutor.java:624)
	... 1 more
Caused by: org.apache.ratis.thirdparty.io.netty.channel.AbstractChannel$AnnotatedConnectException: Connection refused: /192.168.34.56:44872
	at sun.nio.ch.SocketChannelImpl.checkConnect(Native Method)
	at sun.nio.ch.SocketChannelImpl.finishConnect(SocketChannelImpl.java:717)
	at org.apache.ratis.thirdparty.io.netty.channel.socket.nio.NioSocketChannel.doFinishConnect(NioSocketChannel.java:327)
	at org.apache.ratis.thirdparty.io.netty.channel.nio.AbstractNioChannel$AbstractNioUnsafe.finishConnect(AbstractNioChannel.java:340)
	at org.apache.ratis.thirdparty.io.netty.channel.nio.NioEventLoop.processSelectedKey(NioEventLoop.java:632)
	at org.apache.ratis.thirdparty.io.netty.channel.nio.NioEventLoop.processSelectedKeysOptimized(NioEventLoop.java:579)
	at org.apache.ratis.thirdparty.io.netty.channel.nio.NioEventLoop.processSelectedKeys(NioEventLoop.java:496)
	at org.apache.ratis.thirdparty.io.netty.channel.nio.NioEventLoop.run(NioEventLoop.java:458)
	at org.apache.ratis.thirdparty.io.netty.util.concurrent.SingleThreadEventExecutor$5.run(SingleThreadEventExecutor.java:897)
	at org.apache.ratis.thirdparty.io.netty.util.concurrent.FastThreadLocalRunnable.run(FastThreadLocalRunnable.java:30)
	... 1 more
Caused by: java.net.ConnectException: Connection refused
	... 11 more
2019-10-18 13:01:56,859 [c124d131-afb9-4343-ad4e-aaebde613043@group-FF4202234884-LeaderElection331] INFO  impl.LeaderElection (LogUtils.java:infoOrTrace(149)) - c124d131-afb9-4343-ad4e-aaebde613043@group-FF4202234884-LeaderElection331 got exception when requesting votes: {}
java.util.concurrent.ExecutionException: org.apache.ratis.thirdparty.io.grpc.StatusRuntimeException: UNAVAILABLE: io exception
	at java.util.concurrent.FutureTask.report(FutureTask.java:122)
	at java.util.concurrent.FutureTask.get(FutureTask.java:192)
	at org.apache.ratis.server.impl.LeaderElection.waitForResults(LeaderElection.java:259)
	at org.apache.ratis.server.impl.LeaderElection.askForVotes(LeaderElection.java:197)
	at org.apache.ratis.server.impl.LeaderElection.run(LeaderElection.java:133)
	at java.lang.Thread.run(Thread.java:748)
Caused by: org.apache.ratis.thirdparty.io.grpc.StatusRuntimeException: UNAVAILABLE: io exception
	at org.apache.ratis.thirdparty.io.grpc.stub.ClientCalls.toStatusRuntimeException(ClientCalls.java:233)
	at org.apache.ratis.thirdparty.io.grpc.stub.ClientCalls.getUnchecked(ClientCalls.java:214)
	at org.apache.ratis.thirdparty.io.grpc.stub.ClientCalls.blockingUnaryCall(ClientCalls.java:139)
	at org.apache.ratis.proto.grpc.RaftServerProtocolServiceGrpc$RaftServerProtocolServiceBlockingStub.requestVote(RaftServerProtocolServiceGrpc.java:265)
	at org.apache.ratis.grpc.server.GrpcServerProtocolClient.requestVote(GrpcServerProtocolClient.java:99)
	at org.apache.ratis.grpc.server.GrpcService.requestVote(GrpcService.java:204)
	at org.apache.ratis.server.impl.LeaderElection.lambda$submitRequests$1(LeaderElection.java:234)
	at java.util.concurrent.FutureTask.run(FutureTask.java:266)
	at java.util.concurrent.Executors$RunnableAdapter.call(Executors.java:511)
	at java.util.concurrent.FutureTask.run(FutureTask.java:266)
	at java.util.concurrent.ThreadPoolExecutor.runWorker(ThreadPoolExecutor.java:1149)
	at java.util.concurrent.ThreadPoolExecutor$Worker.run(ThreadPoolExecutor.java:624)
	... 1 more
Caused by: org.apache.ratis.thirdparty.io.netty.channel.AbstractChannel$AnnotatedConnectException: Connection refused: /192.168.34.56:36658
	at sun.nio.ch.SocketChannelImpl.checkConnect(Native Method)
	at sun.nio.ch.SocketChannelImpl.finishConnect(SocketChannelImpl.java:717)
	at org.apache.ratis.thirdparty.io.netty.channel.socket.nio.NioSocketChannel.doFinishConnect(NioSocketChannel.java:327)
	at org.apache.ratis.thirdparty.io.netty.channel.nio.AbstractNioChannel$AbstractNioUnsafe.finishConnect(AbstractNioChannel.java:340)
	at org.apache.ratis.thirdparty.io.netty.channel.nio.NioEventLoop.processSelectedKey(NioEventLoop.java:632)
	at org.apache.ratis.thirdparty.io.netty.channel.nio.NioEventLoop.processSelectedKeysOptimized(NioEventLoop.java:579)
	at org.apache.ratis.thirdparty.io.netty.channel.nio.NioEventLoop.processSelectedKeys(NioEventLoop.java:496)
	at org.apache.ratis.thirdparty.io.netty.channel.nio.NioEventLoop.run(NioEventLoop.java:458)
	at org.apache.ratis.thirdparty.io.netty.util.concurrent.SingleThreadEventExecutor$5.run(SingleThreadEventExecutor.java:897)
	at org.apache.ratis.thirdparty.io.netty.util.concurrent.FastThreadLocalRunnable.run(FastThreadLocalRunnable.java:30)
	... 1 more
Caused by: java.net.ConnectException: Connection refused
	... 11 more
2019-10-18 13:01:56,859 [c124d131-afb9-4343-ad4e-aaebde613043@group-FF4202234884-LeaderElection331] INFO  impl.LeaderElection (LeaderElection.java:logAndReturn(56)) - c124d131-afb9-4343-ad4e-aaebde613043@group-FF4202234884-LeaderElection331: Election REJECTED; received 0 response(s) [] and 2 exception(s); c124d131-afb9-4343-ad4e-aaebde613043@group-FF4202234884:t181, leader=null, voted=c124d131-afb9-4343-ad4e-aaebde613043, raftlog=c124d131-afb9-4343-ad4e-aaebde613043@group-FF4202234884-SegmentedRaftLog:OPENED:c-1,f-1,i0, conf=-1: [999343e7-0330-4874-a345-91eca72585e0:192.168.34.56:44872, c124d131-afb9-4343-ad4e-aaebde613043:192.168.34.56:42116, e5bb327f-cdd7-4e49-919e-13a4c895fddf:192.168.34.56:36658], old=null
2019-10-18 13:01:56,859 [c124d131-afb9-4343-ad4e-aaebde613043@group-FF4202234884-LeaderElection331] INFO  impl.LeaderElection (LogUtils.java:infoOrTrace(149)) -   Exception 0: {}
java.util.concurrent.ExecutionException: org.apache.ratis.thirdparty.io.grpc.StatusRuntimeException: UNAVAILABLE: io exception
	at java.util.concurrent.FutureTask.report(FutureTask.java:122)
	at java.util.concurrent.FutureTask.get(FutureTask.java:192)
	at org.apache.ratis.server.impl.LeaderElection.waitForResults(LeaderElection.java:259)
	at org.apache.ratis.server.impl.LeaderElection.askForVotes(LeaderElection.java:197)
	at org.apache.ratis.server.impl.LeaderElection.run(LeaderElection.java:133)
	at java.lang.Thread.run(Thread.java:748)
Caused by: org.apache.ratis.thirdparty.io.grpc.StatusRuntimeException: UNAVAILABLE: io exception
	at org.apache.ratis.thirdparty.io.grpc.stub.ClientCalls.toStatusRuntimeException(ClientCalls.java:233)
	at org.apache.ratis.thirdparty.io.grpc.stub.ClientCalls.getUnchecked(ClientCalls.java:214)
	at org.apache.ratis.thirdparty.io.grpc.stub.ClientCalls.blockingUnaryCall(ClientCalls.java:139)
	at org.apache.ratis.proto.grpc.RaftServerProtocolServiceGrpc$RaftServerProtocolServiceBlockingStub.requestVote(RaftServerProtocolServiceGrpc.java:265)
	at org.apache.ratis.grpc.server.GrpcServerProtocolClient.requestVote(GrpcServerProtocolClient.java:99)
	at org.apache.ratis.grpc.server.GrpcService.requestVote(GrpcService.java:204)
	at org.apache.ratis.server.impl.LeaderElection.lambda$submitRequests$1(LeaderElection.java:234)
	at java.util.concurrent.FutureTask.run(FutureTask.java:266)
	at java.util.concurrent.Executors$RunnableAdapter.call(Executors.java:511)
	at java.util.concurrent.FutureTask.run(FutureTask.java:266)
	at java.util.concurrent.ThreadPoolExecutor.runWorker(ThreadPoolExecutor.java:1149)
	at java.util.concurrent.ThreadPoolExecutor$Worker.run(ThreadPoolExecutor.java:624)
	... 1 more
Caused by: org.apache.ratis.thirdparty.io.netty.channel.AbstractChannel$AnnotatedConnectException: Connection refused: /192.168.34.56:44872
	at sun.nio.ch.SocketChannelImpl.checkConnect(Native Method)
	at sun.nio.ch.SocketChannelImpl.finishConnect(SocketChannelImpl.java:717)
	at org.apache.ratis.thirdparty.io.netty.channel.socket.nio.NioSocketChannel.doFinishConnect(NioSocketChannel.java:327)
	at org.apache.ratis.thirdparty.io.netty.channel.nio.AbstractNioChannel$AbstractNioUnsafe.finishConnect(AbstractNioChannel.java:340)
	at org.apache.ratis.thirdparty.io.netty.channel.nio.NioEventLoop.processSelectedKey(NioEventLoop.java:632)
	at org.apache.ratis.thirdparty.io.netty.channel.nio.NioEventLoop.processSelectedKeysOptimized(NioEventLoop.java:579)
	at org.apache.ratis.thirdparty.io.netty.channel.nio.NioEventLoop.processSelectedKeys(NioEventLoop.java:496)
	at org.apache.ratis.thirdparty.io.netty.channel.nio.NioEventLoop.run(NioEventLoop.java:458)
	at org.apache.ratis.thirdparty.io.netty.util.concurrent.SingleThreadEventExecutor$5.run(SingleThreadEventExecutor.java:897)
	at org.apache.ratis.thirdparty.io.netty.util.concurrent.FastThreadLocalRunnable.run(FastThreadLocalRunnable.java:30)
	... 1 more
Caused by: java.net.ConnectException: Connection refused
	... 11 more
2019-10-18 13:01:56,859 [c124d131-afb9-4343-ad4e-aaebde613043@group-FF4202234884-LeaderElection331] INFO  impl.LeaderElection (LogUtils.java:infoOrTrace(149)) -   Exception 1: {}
java.util.concurrent.ExecutionException: org.apache.ratis.thirdparty.io.grpc.StatusRuntimeException: UNAVAILABLE: io exception
	at java.util.concurrent.FutureTask.report(FutureTask.java:122)
	at java.util.concurrent.FutureTask.get(FutureTask.java:192)
	at org.apache.ratis.server.impl.LeaderElection.waitForResults(LeaderElection.java:259)
	at org.apache.ratis.server.impl.LeaderElection.askForVotes(LeaderElection.java:197)
	at org.apache.ratis.server.impl.LeaderElection.run(LeaderElection.java:133)
	at java.lang.Thread.run(Thread.java:748)
Caused by: org.apache.ratis.thirdparty.io.grpc.StatusRuntimeException: UNAVAILABLE: io exception
	at org.apache.ratis.thirdparty.io.grpc.stub.ClientCalls.toStatusRuntimeException(ClientCalls.java:233)
	at org.apache.ratis.thirdparty.io.grpc.stub.ClientCalls.getUnchecked(ClientCalls.java:214)
	at org.apache.ratis.thirdparty.io.grpc.stub.ClientCalls.blockingUnaryCall(ClientCalls.java:139)
	at org.apache.ratis.proto.grpc.RaftServerProtocolServiceGrpc$RaftServerProtocolServiceBlockingStub.requestVote(RaftServerProtocolServiceGrpc.java:265)
	at org.apache.ratis.grpc.server.GrpcServerProtocolClient.requestVote(GrpcServerProtocolClient.java:99)
	at org.apache.ratis.grpc.server.GrpcService.requestVote(GrpcService.java:204)
	at org.apache.ratis.server.impl.LeaderElection.lambda$submitRequests$1(LeaderElection.java:234)
	at java.util.concurrent.FutureTask.run(FutureTask.java:266)
	at java.util.concurrent.Executors$RunnableAdapter.call(Executors.java:511)
	at java.util.concurrent.FutureTask.run(FutureTask.java:266)
	at java.util.concurrent.ThreadPoolExecutor.runWorker(ThreadPoolExecutor.java:1149)
	at java.util.concurrent.ThreadPoolExecutor$Worker.run(ThreadPoolExecutor.java:624)
	... 1 more
Caused by: org.apache.ratis.thirdparty.io.netty.channel.AbstractChannel$AnnotatedConnectException: Connection refused: /192.168.34.56:36658
	at sun.nio.ch.SocketChannelImpl.checkConnect(Native Method)
	at sun.nio.ch.SocketChannelImpl.finishConnect(SocketChannelImpl.java:717)
	at org.apache.ratis.thirdparty.io.netty.channel.socket.nio.NioSocketChannel.doFinishConnect(NioSocketChannel.java:327)
	at org.apache.ratis.thirdparty.io.netty.channel.nio.AbstractNioChannel$AbstractNioUnsafe.finishConnect(AbstractNioChannel.java:340)
	at org.apache.ratis.thirdparty.io.netty.channel.nio.NioEventLoop.processSelectedKey(NioEventLoop.java:632)
	at org.apache.ratis.thirdparty.io.netty.channel.nio.NioEventLoop.processSelectedKeysOptimized(NioEventLoop.java:579)
	at org.apache.ratis.thirdparty.io.netty.channel.nio.NioEventLoop.processSelectedKeys(NioEventLoop.java:496)
	at org.apache.ratis.thirdparty.io.netty.channel.nio.NioEventLoop.run(NioEventLoop.java:458)
	at org.apache.ratis.thirdparty.io.netty.util.concurrent.SingleThreadEventExecutor$5.run(SingleThreadEventExecutor.java:897)
	at org.apache.ratis.thirdparty.io.netty.util.concurrent.FastThreadLocalRunnable.run(FastThreadLocalRunnable.java:30)
	... 1 more
Caused by: java.net.ConnectException: Connection refused
	... 11 more
2019-10-18 13:01:56,860 [c124d131-afb9-4343-ad4e-aaebde613043@group-FF4202234884-LeaderElection331] INFO  impl.RaftServerImpl (RaftServerImpl.java:setRole(184)) - c124d131-afb9-4343-ad4e-aaebde613043@group-FF4202234884: changes role from CANDIDATE to FOLLOWER at term 181 for DISCOVERED_A_NEW_TERM
2019-10-18 13:01:56,860 [c124d131-afb9-4343-ad4e-aaebde613043@group-FF4202234884-LeaderElection331] INFO  impl.RoleInfo (RoleInfo.java:shutdownLeaderElection(134)) - c124d131-afb9-4343-ad4e-aaebde613043: shutdown LeaderElection
2019-10-18 13:01:56,860 [c124d131-afb9-4343-ad4e-aaebde613043@group-FF4202234884-LeaderElection331] INFO  impl.RoleInfo (RoleInfo.java:updateAndGet(143)) - c124d131-afb9-4343-ad4e-aaebde613043: start FollowerState
2019-10-18 13:01:56,886 [018b3f78-d19f-4e26-a796-cb8ddc4f97cf@group-187684C21557-LeaderElection330] INFO  impl.LeaderElection (LeaderElection.java:logAndReturn(56)) - 018b3f78-d19f-4e26-a796-cb8ddc4f97cf@group-187684C21557-LeaderElection330: Election REJECTED; received 2 response(s) [018b3f78-d19f-4e26-a796-cb8ddc4f97cf<-893cf03e-f2cf-478a-892a-a746717e50e3#0:FAIL-t195, 018b3f78-d19f-4e26-a796-cb8ddc4f97cf<-8697df36-98d2-41b1-bdc7-60597b3b5526#0:FAIL-t195] and 0 exception(s); 018b3f78-d19f-4e26-a796-cb8ddc4f97cf@group-187684C21557:t195, leader=null, voted=018b3f78-d19f-4e26-a796-cb8ddc4f97cf, raftlog=018b3f78-d19f-4e26-a796-cb8ddc4f97cf@group-187684C21557-SegmentedRaftLog:OPENED:c-1,f-1,i0, conf=-1: [893cf03e-f2cf-478a-892a-a746717e50e3:192.168.34.56:40750, 8697df36-98d2-41b1-bdc7-60597b3b5526:192.168.34.56:46415, 018b3f78-d19f-4e26-a796-cb8ddc4f97cf:192.168.34.56:35845], old=null
2019-10-18 13:01:56,886 [018b3f78-d19f-4e26-a796-cb8ddc4f97cf@group-187684C21557-LeaderElection330] INFO  impl.RaftServerImpl (RaftServerImpl.java:setRole(184)) - 018b3f78-d19f-4e26-a796-cb8ddc4f97cf@group-187684C21557: changes role from CANDIDATE to FOLLOWER at term 195 for DISCOVERED_A_NEW_TERM
2019-10-18 13:01:56,886 [018b3f78-d19f-4e26-a796-cb8ddc4f97cf@group-187684C21557-LeaderElection330] INFO  impl.RoleInfo (RoleInfo.java:shutdownLeaderElection(134)) - 018b3f78-d19f-4e26-a796-cb8ddc4f97cf: shutdown LeaderElection
2019-10-18 13:01:56,886 [018b3f78-d19f-4e26-a796-cb8ddc4f97cf@group-187684C21557-LeaderElection330] INFO  impl.RoleInfo (RoleInfo.java:updateAndGet(143)) - 018b3f78-d19f-4e26-a796-cb8ddc4f97cf: start FollowerState
2019-10-18 13:01:56,901 [main] INFO  ozoneimpl.OzoneContainer (OzoneContainer.java:stop(227)) - Attempting to stop container services.
2019-10-18 13:01:56,902 [main] INFO  impl.RaftServerProxy (RaftServerProxy.java:lambda$close$4(314)) - 8697df36-98d2-41b1-bdc7-60597b3b5526: close
2019-10-18 13:01:56,903 [main] INFO  impl.RaftServerImpl (RaftServerImpl.java:lambda$shutdown$3(261)) - 8697df36-98d2-41b1-bdc7-60597b3b5526@group-6B75CA392A58: shutdown
2019-10-18 13:01:56,903 [main] INFO  util.JmxRegister (JmxRegister.java:unregister(73)) - Successfully un-registered JMX Bean with object name Ratis:service=RaftServer,group=group-6B75CA392A58,id=8697df36-98d2-41b1-bdc7-60597b3b5526
2019-10-18 13:01:56,904 [main] INFO  impl.RoleInfo (RoleInfo.java:shutdownLeaderState(104)) - 8697df36-98d2-41b1-bdc7-60597b3b5526: shutdown LeaderState
2019-10-18 13:01:56,904 [main] INFO  impl.PendingRequests (PendingRequests.java:sendNotLeaderResponses(202)) - 8697df36-98d2-41b1-bdc7-60597b3b5526@group-6B75CA392A58-PendingRequests: sendNotLeaderResponses
2019-10-18 13:01:56,905 [main] INFO  impl.StateMachineUpdater (StateMachineUpdater.java:stopAndJoin(136)) - 8697df36-98d2-41b1-bdc7-60597b3b5526@group-6B75CA392A58-StateMachineUpdater: set stopIndex = 0
2019-10-18 13:01:56,905 [main] INFO  impl.RaftServerImpl (ServerState.java:close(388)) - 8697df36-98d2-41b1-bdc7-60597b3b5526@group-6B75CA392A58: closes. applyIndex: 0
2019-10-18 13:01:56,905 [ForkJoinPool.commonPool-worker-0] INFO  ozoneimpl.OzoneContainer (OzoneContainer.java:stop(227)) - Attempting to stop container services.
2019-10-18 13:01:56,906 [8697df36-98d2-41b1-bdc7-60597b3b5526@group-6B75CA392A58-SegmentedRaftLogWorker] INFO  segmented.SegmentedRaftLogWorker (SegmentedRaftLogWorker.java:run(316)) - 8697df36-98d2-41b1-bdc7-60597b3b5526@group-6B75CA392A58-SegmentedRaftLogWorker was interrupted, exiting. There are 0 tasks remaining in the queue.
2019-10-18 13:01:56,906 [ForkJoinPool.commonPool-worker-0] INFO  impl.RaftServerProxy (RaftServerProxy.java:lambda$close$4(314)) - 854811ee-a3a8-4b6b-9252-e41564569ef8: close
2019-10-18 13:01:56,908 [main] INFO  segmented.SegmentedRaftLogWorker (SegmentedRaftLogWorker.java:close(224)) - 8697df36-98d2-41b1-bdc7-60597b3b5526@group-6B75CA392A58-SegmentedRaftLogWorker close()
2019-10-18 13:01:56,908 [ForkJoinPool.commonPool-worker-0] INFO  impl.RaftServerImpl (RaftServerImpl.java:lambda$shutdown$3(261)) - 854811ee-a3a8-4b6b-9252-e41564569ef8@group-B9E977692206: shutdown
2019-10-18 13:01:56,913 [main] INFO  impl.RaftServerImpl (RaftServerImpl.java:lambda$shutdown$3(261)) - 8697df36-98d2-41b1-bdc7-60597b3b5526@group-187684C21557: shutdown
2019-10-18 13:01:56,913 [ForkJoinPool.commonPool-worker-0] INFO  util.JmxRegister (JmxRegister.java:unregister(73)) - Successfully un-registered JMX Bean with object name Ratis:service=RaftServer,group=group-B9E977692206,id=854811ee-a3a8-4b6b-9252-e41564569ef8
2019-10-18 13:01:56,913 [main] INFO  util.JmxRegister (JmxRegister.java:unregister(73)) - Successfully un-registered JMX Bean with object name Ratis:service=RaftServer,group=group-187684C21557,id=8697df36-98d2-41b1-bdc7-60597b3b5526
2019-10-18 13:01:56,914 [main] INFO  impl.RoleInfo (RoleInfo.java:shutdownFollowerState(121)) - 8697df36-98d2-41b1-bdc7-60597b3b5526: shutdown FollowerState
2019-10-18 13:01:56,913 [ForkJoinPool.commonPool-worker-0] INFO  impl.RoleInfo (RoleInfo.java:shutdownLeaderState(104)) - 854811ee-a3a8-4b6b-9252-e41564569ef8: shutdown LeaderState
2019-10-18 13:01:56,914 [Thread-2714] INFO  impl.FollowerState (FollowerState.java:run(117)) - 8697df36-98d2-41b1-bdc7-60597b3b5526@group-187684C21557-FollowerState was interrupted: java.lang.InterruptedException: sleep interrupted
2019-10-18 13:01:56,914 [main] INFO  impl.StateMachineUpdater (StateMachineUpdater.java:stopAndJoin(136)) - 8697df36-98d2-41b1-bdc7-60597b3b5526@group-187684C21557-StateMachineUpdater: set stopIndex = -1
2019-10-18 13:01:56,915 [main] INFO  impl.RaftServerImpl (ServerState.java:close(388)) - 8697df36-98d2-41b1-bdc7-60597b3b5526@group-187684C21557: closes. applyIndex: -1
2019-10-18 13:01:56,914 [ForkJoinPool.commonPool-worker-0] INFO  impl.PendingRequests (PendingRequests.java:sendNotLeaderResponses(202)) - 854811ee-a3a8-4b6b-9252-e41564569ef8@group-B9E977692206-PendingRequests: sendNotLeaderResponses
2019-10-18 13:01:56,915 [8697df36-98d2-41b1-bdc7-60597b3b5526@group-187684C21557-SegmentedRaftLogWorker] INFO  segmented.SegmentedRaftLogWorker (SegmentedRaftLogWorker.java:run(316)) - 8697df36-98d2-41b1-bdc7-60597b3b5526@group-187684C21557-SegmentedRaftLogWorker was interrupted, exiting. There are 0 tasks remaining in the queue.
2019-10-18 13:01:56,915 [ForkJoinPool.commonPool-worker-0] INFO  impl.StateMachineUpdater (StateMachineUpdater.java:stopAndJoin(136)) - 854811ee-a3a8-4b6b-9252-e41564569ef8@group-B9E977692206-StateMachineUpdater: set stopIndex = 0
2019-10-18 13:01:56,917 [main] INFO  segmented.SegmentedRaftLogWorker (SegmentedRaftLogWorker.java:close(224)) - 8697df36-98d2-41b1-bdc7-60597b3b5526@group-187684C21557-SegmentedRaftLogWorker close()
2019-10-18 13:01:56,924 [main] INFO  server.GrpcService (GrpcService.java:closeImpl(164)) - 8697df36-98d2-41b1-bdc7-60597b3b5526: shutdown server with port 46415 now
2019-10-18 13:01:56,924 [ForkJoinPool.commonPool-worker-0] INFO  impl.RaftServerImpl (ServerState.java:close(388)) - 854811ee-a3a8-4b6b-9252-e41564569ef8@group-B9E977692206: closes. applyIndex: 0
2019-10-18 13:01:56,925 [854811ee-a3a8-4b6b-9252-e41564569ef8@group-B9E977692206-SegmentedRaftLogWorker] INFO  segmented.SegmentedRaftLogWorker (SegmentedRaftLogWorker.java:run(316)) - 854811ee-a3a8-4b6b-9252-e41564569ef8@group-B9E977692206-SegmentedRaftLogWorker was interrupted, exiting. There are 0 tasks remaining in the queue.
2019-10-18 13:01:56,925 [ForkJoinPool.commonPool-worker-0] INFO  segmented.SegmentedRaftLogWorker (SegmentedRaftLogWorker.java:close(224)) - 854811ee-a3a8-4b6b-9252-e41564569ef8@group-B9E977692206-SegmentedRaftLogWorker close()
2019-10-18 13:01:56,926 [ForkJoinPool.commonPool-worker-0] INFO  server.GrpcService (GrpcService.java:closeImpl(164)) - 854811ee-a3a8-4b6b-9252-e41564569ef8: shutdown server with port 42500 now
2019-10-18 13:01:56,928 [Thread-2718] INFO  impl.FollowerState (FollowerState.java:run(108)) - c124d131-afb9-4343-ad4e-aaebde613043@group-FF4202234884-FollowerState: change to CANDIDATE, lastRpcTime:67ms, electionTimeout:67ms
2019-10-18 13:01:56,928 [Thread-2718] INFO  impl.RoleInfo (RoleInfo.java:shutdownFollowerState(121)) - c124d131-afb9-4343-ad4e-aaebde613043: shutdown FollowerState
2019-10-18 13:01:56,928 [ForkJoinPool.commonPool-worker-0] INFO  server.GrpcService (GrpcService.java:closeImpl(172)) - 854811ee-a3a8-4b6b-9252-e41564569ef8: shutdown server with port 42500 successfully
2019-10-18 13:01:56,928 [Thread-2718] INFO  impl.RaftServerImpl (RaftServerImpl.java:setRole(184)) - c124d131-afb9-4343-ad4e-aaebde613043@group-FF4202234884: changes role from  FOLLOWER to CANDIDATE at term 181 for changeToCandidate
2019-10-18 13:01:56,929 [main] INFO  server.GrpcService (GrpcService.java:closeImpl(172)) - 8697df36-98d2-41b1-bdc7-60597b3b5526: shutdown server with port 46415 successfully
2019-10-18 13:01:56,929 [Thread-2718] INFO  impl.RoleInfo (RoleInfo.java:updateAndGet(143)) - c124d131-afb9-4343-ad4e-aaebde613043: start LeaderElection
2019-10-18 13:01:56,930 [refreshUsed-/workdir/hadoop-ozone/integration-test/target/test-dir/MiniOzoneClusterImpl-206d85c3-6704-4dbf-80de-7c3e9cc4f072/datanode-8/data/containers] WARN  fs.CachingGetSpaceUsed (CachingGetSpaceUsed.java:run(183)) - Thread Interrupted waiting to refresh disk information: sleep interrupted
2019-10-18 13:01:56,932 [refreshUsed-/workdir/hadoop-ozone/integration-test/target/test-dir/MiniOzoneClusterImpl-206d85c3-6704-4dbf-80de-7c3e9cc4f072/datanode-4/data/containers] WARN  fs.CachingGetSpaceUsed (CachingGetSpaceUsed.java:run(183)) - Thread Interrupted waiting to refresh disk information: sleep interrupted
2019-10-18 13:01:56,951 [ForkJoinPool.commonPool-worker-0] INFO  utils.BackgroundService (BackgroundService.java:shutdown(151)) - Shutting down service BlockDeletingService
2019-10-18 13:01:56,955 [ForkJoinPool.commonPool-worker-0] INFO  statemachine.DatanodeStateMachine (DatanodeStateMachine.java:stopDaemon(395)) - Ozone container server stopped.
2019-10-18 13:01:56,960 [ForkJoinPool.commonPool-worker-0] INFO  handler.ContextHandler (ContextHandler.java:doStop(910)) - Stopped o.e.j.w.WebAppContext@5a6fa56e{/,null,UNAVAILABLE}{/hddsDatanode}
2019-10-18 13:01:56,960 [ForkJoinPool.commonPool-worker-0] INFO  server.AbstractConnector (AbstractConnector.java:doStop(318)) - Stopped ServerConnector@1981d861{HTTP/1.1,[http/1.1]}{0.0.0.0:0}
2019-10-18 13:01:56,962 [ForkJoinPool.commonPool-worker-0] INFO  handler.ContextHandler (ContextHandler.java:doStop(910)) - Stopped o.e.j.s.ServletContextHandler@15639440{/static,jar:file:/home/user/.m2/repository/org/apache/hadoop/hadoop-hdds-container-service/0.5.0-SNAPSHOT/hadoop-hdds-container-service-0.5.0-SNAPSHOT.jar!/webapps/static,UNAVAILABLE}
2019-10-18 13:01:56,964 [main] INFO  utils.BackgroundService (BackgroundService.java:shutdown(151)) - Shutting down service BlockDeletingService
2019-10-18 13:01:56,964 [c124d131-afb9-4343-ad4e-aaebde613043@group-FF4202234884-LeaderElection332] INFO  impl.LeaderElection (LeaderElection.java:askForVotes(178)) - c124d131-afb9-4343-ad4e-aaebde613043@group-FF4202234884-LeaderElection332: begin an election at term 182 for -1: [999343e7-0330-4874-a345-91eca72585e0:192.168.34.56:44872, c124d131-afb9-4343-ad4e-aaebde613043:192.168.34.56:42116, e5bb327f-cdd7-4e49-919e-13a4c895fddf:192.168.34.56:36658], old=null
2019-10-18 13:01:56,965 [c124d131-afb9-4343-ad4e-aaebde613043@group-FF4202234884-LeaderElection332] INFO  impl.LeaderElection (LogUtils.java:infoOrTrace(149)) - c124d131-afb9-4343-ad4e-aaebde613043@group-FF4202234884-LeaderElection332 got exception when requesting votes: {}
java.util.concurrent.ExecutionException: org.apache.ratis.thirdparty.io.grpc.StatusRuntimeException: UNAVAILABLE: io exception
	at java.util.concurrent.FutureTask.report(FutureTask.java:122)
	at java.util.concurrent.FutureTask.get(FutureTask.java:192)
	at org.apache.ratis.server.impl.LeaderElection.waitForResults(LeaderElection.java:259)
	at org.apache.ratis.server.impl.LeaderElection.askForVotes(LeaderElection.java:197)
	at org.apache.ratis.server.impl.LeaderElection.run(LeaderElection.java:133)
	at java.lang.Thread.run(Thread.java:748)
Caused by: org.apache.ratis.thirdparty.io.grpc.StatusRuntimeException: UNAVAILABLE: io exception
	at org.apache.ratis.thirdparty.io.grpc.stub.ClientCalls.toStatusRuntimeException(ClientCalls.java:233)
	at org.apache.ratis.thirdparty.io.grpc.stub.ClientCalls.getUnchecked(ClientCalls.java:214)
	at org.apache.ratis.thirdparty.io.grpc.stub.ClientCalls.blockingUnaryCall(ClientCalls.java:139)
	at org.apache.ratis.proto.grpc.RaftServerProtocolServiceGrpc$RaftServerProtocolServiceBlockingStub.requestVote(RaftServerProtocolServiceGrpc.java:265)
	at org.apache.ratis.grpc.server.GrpcServerProtocolClient.requestVote(GrpcServerProtocolClient.java:99)
	at org.apache.ratis.grpc.server.GrpcService.requestVote(GrpcService.java:204)
	at org.apache.ratis.server.impl.LeaderElection.lambda$submitRequests$1(LeaderElection.java:234)
	at java.util.concurrent.FutureTask.run(FutureTask.java:266)
	at java.util.concurrent.Executors$RunnableAdapter.call(Executors.java:511)
	at java.util.concurrent.FutureTask.run(FutureTask.java:266)
	at java.util.concurrent.ThreadPoolExecutor.runWorker(ThreadPoolExecutor.java:1149)
	at java.util.concurrent.ThreadPoolExecutor$Worker.run(ThreadPoolExecutor.java:624)
	... 1 more
Caused by: org.apache.ratis.thirdparty.io.netty.channel.AbstractChannel$AnnotatedConnectException: Connection refused: /192.168.34.56:36658
	at sun.nio.ch.SocketChannelImpl.checkConnect(Native Method)
	at sun.nio.ch.SocketChannelImpl.finishConnect(SocketChannelImpl.java:717)
	at org.apache.ratis.thirdparty.io.netty.channel.socket.nio.NioSocketChannel.doFinishConnect(NioSocketChannel.java:327)
	at org.apache.ratis.thirdparty.io.netty.channel.nio.AbstractNioChannel$AbstractNioUnsafe.finishConnect(AbstractNioChannel.java:340)
	at org.apache.ratis.thirdparty.io.netty.channel.nio.NioEventLoop.processSelectedKey(NioEventLoop.java:632)
	at org.apache.ratis.thirdparty.io.netty.channel.nio.NioEventLoop.processSelectedKeysOptimized(NioEventLoop.java:579)
	at org.apache.ratis.thirdparty.io.netty.channel.nio.NioEventLoop.processSelectedKeys(NioEventLoop.java:496)
	at org.apache.ratis.thirdparty.io.netty.channel.nio.NioEventLoop.run(NioEventLoop.java:458)
	at org.apache.ratis.thirdparty.io.netty.util.concurrent.SingleThreadEventExecutor$5.run(SingleThreadEventExecutor.java:897)
	at org.apache.ratis.thirdparty.io.netty.util.concurrent.FastThreadLocalRunnable.run(FastThreadLocalRunnable.java:30)
	... 1 more
Caused by: java.net.ConnectException: Connection refused
	... 11 more
2019-10-18 13:01:56,965 [c124d131-afb9-4343-ad4e-aaebde613043@group-FF4202234884-LeaderElection332] INFO  impl.LeaderElection (LogUtils.java:infoOrTrace(149)) - c124d131-afb9-4343-ad4e-aaebde613043@group-FF4202234884-LeaderElection332 got exception when requesting votes: {}
java.util.concurrent.ExecutionException: org.apache.ratis.thirdparty.io.grpc.StatusRuntimeException: UNAVAILABLE: io exception
	at java.util.concurrent.FutureTask.report(FutureTask.java:122)
	at java.util.concurrent.FutureTask.get(FutureTask.java:192)
	at org.apache.ratis.server.impl.LeaderElection.waitForResults(LeaderElection.java:259)
	at org.apache.ratis.server.impl.LeaderElection.askForVotes(LeaderElection.java:197)
	at org.apache.ratis.server.impl.LeaderElection.run(LeaderElection.java:133)
	at java.lang.Thread.run(Thread.java:748)
Caused by: org.apache.ratis.thirdparty.io.grpc.StatusRuntimeException: UNAVAILABLE: io exception
	at org.apache.ratis.thirdparty.io.grpc.stub.ClientCalls.toStatusRuntimeException(ClientCalls.java:233)
	at org.apache.ratis.thirdparty.io.grpc.stub.ClientCalls.getUnchecked(ClientCalls.java:214)
	at org.apache.ratis.thirdparty.io.grpc.stub.ClientCalls.blockingUnaryCall(ClientCalls.java:139)
	at org.apache.ratis.proto.grpc.RaftServerProtocolServiceGrpc$RaftServerProtocolServiceBlockingStub.requestVote(RaftServerProtocolServiceGrpc.java:265)
	at org.apache.ratis.grpc.server.GrpcServerProtocolClient.requestVote(GrpcServerProtocolClient.java:99)
	at org.apache.ratis.grpc.server.GrpcService.requestVote(GrpcService.java:204)
	at org.apache.ratis.server.impl.LeaderElection.lambda$submitRequests$1(LeaderElection.java:234)
	at java.util.concurrent.FutureTask.run(FutureTask.java:266)
	at java.util.concurrent.Executors$RunnableAdapter.call(Executors.java:511)
	at java.util.concurrent.FutureTask.run(FutureTask.java:266)
	at java.util.concurrent.ThreadPoolExecutor.runWorker(ThreadPoolExecutor.java:1149)
	at java.util.concurrent.ThreadPoolExecutor$Worker.run(ThreadPoolExecutor.java:624)
	... 1 more
Caused by: org.apache.ratis.thirdparty.io.netty.channel.AbstractChannel$AnnotatedConnectException: Connection refused: /192.168.34.56:44872
	at sun.nio.ch.SocketChannelImpl.checkConnect(Native Method)
	at sun.nio.ch.SocketChannelImpl.finishConnect(SocketChannelImpl.java:717)
	at org.apache.ratis.thirdparty.io.netty.channel.socket.nio.NioSocketChannel.doFinishConnect(NioSocketChannel.java:327)
	at org.apache.ratis.thirdparty.io.netty.channel.nio.AbstractNioChannel$AbstractNioUnsafe.finishConnect(AbstractNioChannel.java:340)
	at org.apache.ratis.thirdparty.io.netty.channel.nio.NioEventLoop.processSelectedKey(NioEventLoop.java:632)
	at org.apache.ratis.thirdparty.io.netty.channel.nio.NioEventLoop.processSelectedKeysOptimized(NioEventLoop.java:579)
	at org.apache.ratis.thirdparty.io.netty.channel.nio.NioEventLoop.processSelectedKeys(NioEventLoop.java:496)
	at org.apache.ratis.thirdparty.io.netty.channel.nio.NioEventLoop.run(NioEventLoop.java:458)
	at org.apache.ratis.thirdparty.io.netty.util.concurrent.SingleThreadEventExecutor$5.run(SingleThreadEventExecutor.java:897)
	at org.apache.ratis.thirdparty.io.netty.util.concurrent.FastThreadLocalRunnable.run(FastThreadLocalRunnable.java:30)
	... 1 more
Caused by: java.net.ConnectException: Connection refused
	... 11 more
2019-10-18 13:01:56,966 [c124d131-afb9-4343-ad4e-aaebde613043@group-FF4202234884-LeaderElection332] INFO  impl.LeaderElection (LeaderElection.java:logAndReturn(56)) - c124d131-afb9-4343-ad4e-aaebde613043@group-FF4202234884-LeaderElection332: Election REJECTED; received 0 response(s) [] and 2 exception(s); c124d131-afb9-4343-ad4e-aaebde613043@group-FF4202234884:t182, leader=null, voted=c124d131-afb9-4343-ad4e-aaebde613043, raftlog=c124d131-afb9-4343-ad4e-aaebde613043@group-FF4202234884-SegmentedRaftLog:OPENED:c-1,f-1,i0, conf=-1: [999343e7-0330-4874-a345-91eca72585e0:192.168.34.56:44872, c124d131-afb9-4343-ad4e-aaebde613043:192.168.34.56:42116, e5bb327f-cdd7-4e49-919e-13a4c895fddf:192.168.34.56:36658], old=null
2019-10-18 13:01:56,966 [c124d131-afb9-4343-ad4e-aaebde613043@group-FF4202234884-LeaderElection332] INFO  impl.LeaderElection (LogUtils.java:infoOrTrace(149)) -   Exception 0: {}
java.util.concurrent.ExecutionException: org.apache.ratis.thirdparty.io.grpc.StatusRuntimeException: UNAVAILABLE: io exception
	at java.util.concurrent.FutureTask.report(FutureTask.java:122)
	at java.util.concurrent.FutureTask.get(FutureTask.java:192)
	at org.apache.ratis.server.impl.LeaderElection.waitForResults(LeaderElection.java:259)
	at org.apache.ratis.server.impl.LeaderElection.askForVotes(LeaderElection.java:197)
	at org.apache.ratis.server.impl.LeaderElection.run(LeaderElection.java:133)
	at java.lang.Thread.run(Thread.java:748)
Caused by: org.apache.ratis.thirdparty.io.grpc.StatusRuntimeException: UNAVAILABLE: io exception
	at org.apache.ratis.thirdparty.io.grpc.stub.ClientCalls.toStatusRuntimeException(ClientCalls.java:233)
	at org.apache.ratis.thirdparty.io.grpc.stub.ClientCalls.getUnchecked(ClientCalls.java:214)
	at org.apache.ratis.thirdparty.io.grpc.stub.ClientCalls.blockingUnaryCall(ClientCalls.java:139)
	at org.apache.ratis.proto.grpc.RaftServerProtocolServiceGrpc$RaftServerProtocolServiceBlockingStub.requestVote(RaftServerProtocolServiceGrpc.java:265)
	at org.apache.ratis.grpc.server.GrpcServerProtocolClient.requestVote(GrpcServerProtocolClient.java:99)
	at org.apache.ratis.grpc.server.GrpcService.requestVote(GrpcService.java:204)
	at org.apache.ratis.server.impl.LeaderElection.lambda$submitRequests$1(LeaderElection.java:234)
	at java.util.concurrent.FutureTask.run(FutureTask.java:266)
	at java.util.concurrent.Executors$RunnableAdapter.call(Executors.java:511)
	at java.util.concurrent.FutureTask.run(FutureTask.java:266)
	at java.util.concurrent.ThreadPoolExecutor.runWorker(ThreadPoolExecutor.java:1149)
	at java.util.concurrent.ThreadPoolExecutor$Worker.run(ThreadPoolExecutor.java:624)
	... 1 more
Caused by: org.apache.ratis.thirdparty.io.netty.channel.AbstractChannel$AnnotatedConnectException: Connection refused: /192.168.34.56:36658
	at sun.nio.ch.SocketChannelImpl.checkConnect(Native Method)
	at sun.nio.ch.SocketChannelImpl.finishConnect(SocketChannelImpl.java:717)
	at org.apache.ratis.thirdparty.io.netty.channel.socket.nio.NioSocketChannel.doFinishConnect(NioSocketChannel.java:327)
	at org.apache.ratis.thirdparty.io.netty.channel.nio.AbstractNioChannel$AbstractNioUnsafe.finishConnect(AbstractNioChannel.java:340)
	at org.apache.ratis.thirdparty.io.netty.channel.nio.NioEventLoop.processSelectedKey(NioEventLoop.java:632)
	at org.apache.ratis.thirdparty.io.netty.channel.nio.NioEventLoop.processSelectedKeysOptimized(NioEventLoop.java:579)
	at org.apache.ratis.thirdparty.io.netty.channel.nio.NioEventLoop.processSelectedKeys(NioEventLoop.java:496)
	at org.apache.ratis.thirdparty.io.netty.channel.nio.NioEventLoop.run(NioEventLoop.java:458)
	at org.apache.ratis.thirdparty.io.netty.util.concurrent.SingleThreadEventExecutor$5.run(SingleThreadEventExecutor.java:897)
	at org.apache.ratis.thirdparty.io.netty.util.concurrent.FastThreadLocalRunnable.run(FastThreadLocalRunnable.java:30)
	... 1 more
Caused by: java.net.ConnectException: Connection refused
	... 11 more
2019-10-18 13:01:56,966 [c124d131-afb9-4343-ad4e-aaebde613043@group-FF4202234884-LeaderElection332] INFO  impl.LeaderElection (LogUtils.java:infoOrTrace(149)) -   Exception 1: {}
java.util.concurrent.ExecutionException: org.apache.ratis.thirdparty.io.grpc.StatusRuntimeException: UNAVAILABLE: io exception
	at java.util.concurrent.FutureTask.report(FutureTask.java:122)
	at java.util.concurrent.FutureTask.get(FutureTask.java:192)
	at org.apache.ratis.server.impl.LeaderElection.waitForResults(LeaderElection.java:259)
	at org.apache.ratis.server.impl.LeaderElection.askForVotes(LeaderElection.java:197)
	at org.apache.ratis.server.impl.LeaderElection.run(LeaderElection.java:133)
	at java.lang.Thread.run(Thread.java:748)
Caused by: org.apache.ratis.thirdparty.io.grpc.StatusRuntimeException: UNAVAILABLE: io exception
	at org.apache.ratis.thirdparty.io.grpc.stub.ClientCalls.toStatusRuntimeException(ClientCalls.java:233)
	at org.apache.ratis.thirdparty.io.grpc.stub.ClientCalls.getUnchecked(ClientCalls.java:214)
	at org.apache.ratis.thirdparty.io.grpc.stub.ClientCalls.blockingUnaryCall(ClientCalls.java:139)
	at org.apache.ratis.proto.grpc.RaftServerProtocolServiceGrpc$RaftServerProtocolServiceBlockingStub.requestVote(RaftServerProtocolServiceGrpc.java:265)
	at org.apache.ratis.grpc.server.GrpcServerProtocolClient.requestVote(GrpcServerProtocolClient.java:99)
	at org.apache.ratis.grpc.server.GrpcService.requestVote(GrpcService.java:204)
	at org.apache.ratis.server.impl.LeaderElection.lambda$submitRequests$1(LeaderElection.java:234)
	at java.util.concurrent.FutureTask.run(FutureTask.java:266)
	at java.util.concurrent.Executors$RunnableAdapter.call(Executors.java:511)
	at java.util.concurrent.FutureTask.run(FutureTask.java:266)
	at java.util.concurrent.ThreadPoolExecutor.runWorker(ThreadPoolExecutor.java:1149)
	at java.util.concurrent.ThreadPoolExecutor$Worker.run(ThreadPoolExecutor.java:624)
	... 1 more
Caused by: org.apache.ratis.thirdparty.io.netty.channel.AbstractChannel$AnnotatedConnectException: Connection refused: /192.168.34.56:44872
	at sun.nio.ch.SocketChannelImpl.checkConnect(Native Method)
	at sun.nio.ch.SocketChannelImpl.finishConnect(SocketChannelImpl.java:717)
	at org.apache.ratis.thirdparty.io.netty.channel.socket.nio.NioSocketChannel.doFinishConnect(NioSocketChannel.java:327)
	at org.apache.ratis.thirdparty.io.netty.channel.nio.AbstractNioChannel$AbstractNioUnsafe.finishConnect(AbstractNioChannel.java:340)
	at org.apache.ratis.thirdparty.io.netty.channel.nio.NioEventLoop.processSelectedKey(NioEventLoop.java:632)
	at org.apache.ratis.thirdparty.io.netty.channel.nio.NioEventLoop.processSelectedKeysOptimized(NioEventLoop.java:579)
	at org.apache.ratis.thirdparty.io.netty.channel.nio.NioEventLoop.processSelectedKeys(NioEventLoop.java:496)
	at org.apache.ratis.thirdparty.io.netty.channel.nio.NioEventLoop.run(NioEventLoop.java:458)
	at org.apache.ratis.thirdparty.io.netty.util.concurrent.SingleThreadEventExecutor$5.run(SingleThreadEventExecutor.java:897)
	at org.apache.ratis.thirdparty.io.netty.util.concurrent.FastThreadLocalRunnable.run(FastThreadLocalRunnable.java:30)
	... 1 more
Caused by: java.net.ConnectException: Connection refused
	... 11 more
2019-10-18 13:01:56,966 [c124d131-afb9-4343-ad4e-aaebde613043@group-FF4202234884-LeaderElection332] INFO  impl.RaftServerImpl (RaftServerImpl.java:setRole(184)) - c124d131-afb9-4343-ad4e-aaebde613043@group-FF4202234884: changes role from CANDIDATE to FOLLOWER at term 182 for DISCOVERED_A_NEW_TERM
2019-10-18 13:01:56,966 [c124d131-afb9-4343-ad4e-aaebde613043@group-FF4202234884-LeaderElection332] INFO  impl.RoleInfo (RoleInfo.java:shutdownLeaderElection(134)) - c124d131-afb9-4343-ad4e-aaebde613043: shutdown LeaderElection
2019-10-18 13:01:56,966 [c124d131-afb9-4343-ad4e-aaebde613043@group-FF4202234884-LeaderElection332] INFO  impl.RoleInfo (RoleInfo.java:updateAndGet(143)) - c124d131-afb9-4343-ad4e-aaebde613043: start FollowerState
2019-10-18 13:01:56,973 [main] INFO  statemachine.DatanodeStateMachine (DatanodeStateMachine.java:stopDaemon(395)) - Ozone container server stopped.
2019-10-18 13:01:56,973 [ForkJoinPool.commonPool-worker-0] INFO  handler.ContextHandler (ContextHandler.java:doStop(910)) - Stopped o.e.j.s.ServletContextHandler@712cfb63{/logs,file:///workdir/hadoop-ozone/integration-test/target/log,UNAVAILABLE}
2019-10-18 13:01:56,974 [main] INFO  handler.ContextHandler (ContextHandler.java:doStop(910)) - Stopped o.e.j.w.WebAppContext@57272109{/,null,UNAVAILABLE}{/hddsDatanode}
2019-10-18 13:01:56,975 [main] INFO  server.AbstractConnector (AbstractConnector.java:doStop(318)) - Stopped ServerConnector@59696551{HTTP/1.1,[http/1.1]}{0.0.0.0:0}
2019-10-18 13:01:56,976 [main] INFO  handler.ContextHandler (ContextHandler.java:doStop(910)) - Stopped o.e.j.s.ServletContextHandler@66b59b7d{/static,jar:file:/home/user/.m2/repository/org/apache/hadoop/hadoop-hdds-container-service/0.5.0-SNAPSHOT/hadoop-hdds-container-service-0.5.0-SNAPSHOT.jar!/webapps/static,UNAVAILABLE}
2019-10-18 13:01:56,976 [main] INFO  handler.ContextHandler (ContextHandler.java:doStop(910)) - Stopped o.e.j.s.ServletContextHandler@6edf29c1{/logs,file:///workdir/hadoop-ozone/integration-test/target/log,UNAVAILABLE}
2019-10-18 13:01:57,076 [Thread-2719] INFO  impl.FollowerState (FollowerState.java:run(108)) - 018b3f78-d19f-4e26-a796-cb8ddc4f97cf@group-187684C21557-FollowerState: change to CANDIDATE, lastRpcTime:189ms, electionTimeout:189ms
2019-10-18 13:01:57,076 [Thread-2719] INFO  impl.RoleInfo (RoleInfo.java:shutdownFollowerState(121)) - 018b3f78-d19f-4e26-a796-cb8ddc4f97cf: shutdown FollowerState
2019-10-18 13:01:57,076 [Thread-2719] INFO  impl.RaftServerImpl (RaftServerImpl.java:setRole(184)) - 018b3f78-d19f-4e26-a796-cb8ddc4f97cf@group-187684C21557: changes role from  FOLLOWER to CANDIDATE at term 195 for changeToCandidate
2019-10-18 13:01:57,076 [Thread-2719] INFO  impl.RoleInfo (RoleInfo.java:updateAndGet(143)) - 018b3f78-d19f-4e26-a796-cb8ddc4f97cf: start LeaderElection
2019-10-18 13:01:57,088 [Thread-2723] INFO  impl.FollowerState (FollowerState.java:run(108)) - c124d131-afb9-4343-ad4e-aaebde613043@group-FF4202234884-FollowerState: change to CANDIDATE, lastRpcTime:122ms, electionTimeout:122ms
2019-10-18 13:01:57,089 [Thread-2723] INFO  impl.RoleInfo (RoleInfo.java:shutdownFollowerState(121)) - c124d131-afb9-4343-ad4e-aaebde613043: shutdown FollowerState
2019-10-18 13:01:57,089 [Thread-2723] INFO  impl.RaftServerImpl (RaftServerImpl.java:setRole(184)) - c124d131-afb9-4343-ad4e-aaebde613043@group-FF4202234884: changes role from  FOLLOWER to CANDIDATE at term 182 for changeToCandidate
2019-10-18 13:01:57,089 [Thread-2723] INFO  impl.RoleInfo (RoleInfo.java:updateAndGet(143)) - c124d131-afb9-4343-ad4e-aaebde613043: start LeaderElection
2019-10-18 13:01:57,160 [018b3f78-d19f-4e26-a796-cb8ddc4f97cf@group-187684C21557-LeaderElection333] INFO  impl.LeaderElection (LeaderElection.java:askForVotes(178)) - 018b3f78-d19f-4e26-a796-cb8ddc4f97cf@group-187684C21557-LeaderElection333: begin an election at term 196 for -1: [893cf03e-f2cf-478a-892a-a746717e50e3:192.168.34.56:40750, 8697df36-98d2-41b1-bdc7-60597b3b5526:192.168.34.56:46415, 018b3f78-d19f-4e26-a796-cb8ddc4f97cf:192.168.34.56:35845], old=null
2019-10-18 13:01:57,162 [grpc-default-executor-7] INFO  impl.RaftServerImpl (RaftServerImpl.java:setRole(184)) - 893cf03e-f2cf-478a-892a-a746717e50e3@group-187684C21557: changes role from  FOLLOWER to FOLLOWER at term 196 for recognizeCandidate:018b3f78-d19f-4e26-a796-cb8ddc4f97cf
2019-10-18 13:01:57,162 [grpc-default-executor-7] INFO  impl.RoleInfo (RoleInfo.java:shutdownFollowerState(121)) - 893cf03e-f2cf-478a-892a-a746717e50e3: shutdown FollowerState
2019-10-18 13:01:57,162 [grpc-default-executor-7] INFO  impl.RoleInfo (RoleInfo.java:updateAndGet(143)) - 893cf03e-f2cf-478a-892a-a746717e50e3: start FollowerState
2019-10-18 13:01:57,162 [Thread-2715] INFO  impl.FollowerState (FollowerState.java:run(117)) - 893cf03e-f2cf-478a-892a-a746717e50e3@group-187684C21557-FollowerState was interrupted: java.lang.InterruptedException: sleep interrupted
2019-10-18 13:01:57,163 [018b3f78-d19f-4e26-a796-cb8ddc4f97cf@group-187684C21557-LeaderElection333] INFO  impl.LeaderElection (LogUtils.java:infoOrTrace(149)) - 018b3f78-d19f-4e26-a796-cb8ddc4f97cf@group-187684C21557-LeaderElection333 got exception when requesting votes: {}
java.util.concurrent.ExecutionException: org.apache.ratis.thirdparty.io.grpc.StatusRuntimeException: UNAVAILABLE: io exception
	at java.util.concurrent.FutureTask.report(FutureTask.java:122)
	at java.util.concurrent.FutureTask.get(FutureTask.java:192)
	at org.apache.ratis.server.impl.LeaderElection.waitForResults(LeaderElection.java:259)
	at org.apache.ratis.server.impl.LeaderElection.askForVotes(LeaderElection.java:197)
	at org.apache.ratis.server.impl.LeaderElection.run(LeaderElection.java:133)
	at java.lang.Thread.run(Thread.java:748)
Caused by: org.apache.ratis.thirdparty.io.grpc.StatusRuntimeException: UNAVAILABLE: io exception
	at org.apache.ratis.thirdparty.io.grpc.stub.ClientCalls.toStatusRuntimeException(ClientCalls.java:233)
	at org.apache.ratis.thirdparty.io.grpc.stub.ClientCalls.getUnchecked(ClientCalls.java:214)
	at org.apache.ratis.thirdparty.io.grpc.stub.ClientCalls.blockingUnaryCall(ClientCalls.java:139)
	at org.apache.ratis.proto.grpc.RaftServerProtocolServiceGrpc$RaftServerProtocolServiceBlockingStub.requestVote(RaftServerProtocolServiceGrpc.java:265)
	at org.apache.ratis.grpc.server.GrpcServerProtocolClient.requestVote(GrpcServerProtocolClient.java:99)
	at org.apache.ratis.grpc.server.GrpcService.requestVote(GrpcService.java:204)
	at org.apache.ratis.server.impl.LeaderElection.lambda$submitRequests$1(LeaderElection.java:234)
	at java.util.concurrent.FutureTask.run(FutureTask.java:266)
	at java.util.concurrent.Executors$RunnableAdapter.call(Executors.java:511)
	at java.util.concurrent.FutureTask.run(FutureTask.java:266)
	at java.util.concurrent.ThreadPoolExecutor.runWorker(ThreadPoolExecutor.java:1149)
	at java.util.concurrent.ThreadPoolExecutor$Worker.run(ThreadPoolExecutor.java:624)
	... 1 more
Caused by: org.apache.ratis.thirdparty.io.netty.channel.AbstractChannel$AnnotatedConnectException: Connection refused: /192.168.34.56:46415
	at sun.nio.ch.SocketChannelImpl.checkConnect(Native Method)
	at sun.nio.ch.SocketChannelImpl.finishConnect(SocketChannelImpl.java:717)
	at org.apache.ratis.thirdparty.io.netty.channel.socket.nio.NioSocketChannel.doFinishConnect(NioSocketChannel.java:327)
	at org.apache.ratis.thirdparty.io.netty.channel.nio.AbstractNioChannel$AbstractNioUnsafe.finishConnect(AbstractNioChannel.java:340)
	at org.apache.ratis.thirdparty.io.netty.channel.nio.NioEventLoop.processSelectedKey(NioEventLoop.java:632)
	at org.apache.ratis.thirdparty.io.netty.channel.nio.NioEventLoop.processSelectedKeysOptimized(NioEventLoop.java:579)
	at org.apache.ratis.thirdparty.io.netty.channel.nio.NioEventLoop.processSelectedKeys(NioEventLoop.java:496)
	at org.apache.ratis.thirdparty.io.netty.channel.nio.NioEventLoop.run(NioEventLoop.java:458)
	at org.apache.ratis.thirdparty.io.netty.util.concurrent.SingleThreadEventExecutor$5.run(SingleThreadEventExecutor.java:897)
	at org.apache.ratis.thirdparty.io.netty.util.concurrent.FastThreadLocalRunnable.run(FastThreadLocalRunnable.java:30)
	... 1 more
Caused by: java.net.ConnectException: Connection refused
	... 11 more
2019-10-18 13:01:57,172 [c124d131-afb9-4343-ad4e-aaebde613043@group-FF4202234884-LeaderElection334] INFO  impl.LeaderElection (LeaderElection.java:askForVotes(178)) - c124d131-afb9-4343-ad4e-aaebde613043@group-FF4202234884-LeaderElection334: begin an election at term 183 for -1: [999343e7-0330-4874-a345-91eca72585e0:192.168.34.56:44872, c124d131-afb9-4343-ad4e-aaebde613043:192.168.34.56:42116, e5bb327f-cdd7-4e49-919e-13a4c895fddf:192.168.34.56:36658], old=null
2019-10-18 13:01:57,172 [c124d131-afb9-4343-ad4e-aaebde613043@group-FF4202234884-LeaderElection334] INFO  impl.LeaderElection (LogUtils.java:infoOrTrace(149)) - c124d131-afb9-4343-ad4e-aaebde613043@group-FF4202234884-LeaderElection334 got exception when requesting votes: {}
java.util.concurrent.ExecutionException: org.apache.ratis.thirdparty.io.grpc.StatusRuntimeException: UNAVAILABLE: io exception
	at java.util.concurrent.FutureTask.report(FutureTask.java:122)
	at java.util.concurrent.FutureTask.get(FutureTask.java:192)
	at org.apache.ratis.server.impl.LeaderElection.waitForResults(LeaderElection.java:259)
	at org.apache.ratis.server.impl.LeaderElection.askForVotes(LeaderElection.java:197)
	at org.apache.ratis.server.impl.LeaderElection.run(LeaderElection.java:133)
	at java.lang.Thread.run(Thread.java:748)
Caused by: org.apache.ratis.thirdparty.io.grpc.StatusRuntimeException: UNAVAILABLE: io exception
	at org.apache.ratis.thirdparty.io.grpc.stub.ClientCalls.toStatusRuntimeException(ClientCalls.java:233)
	at org.apache.ratis.thirdparty.io.grpc.stub.ClientCalls.getUnchecked(ClientCalls.java:214)
	at org.apache.ratis.thirdparty.io.grpc.stub.ClientCalls.blockingUnaryCall(ClientCalls.java:139)
	at org.apache.ratis.proto.grpc.RaftServerProtocolServiceGrpc$RaftServerProtocolServiceBlockingStub.requestVote(RaftServerProtocolServiceGrpc.java:265)
	at org.apache.ratis.grpc.server.GrpcServerProtocolClient.requestVote(GrpcServerProtocolClient.java:99)
	at org.apache.ratis.grpc.server.GrpcService.requestVote(GrpcService.java:204)
	at org.apache.ratis.server.impl.LeaderElection.lambda$submitRequests$1(LeaderElection.java:234)
	at java.util.concurrent.FutureTask.run(FutureTask.java:266)
	at java.util.concurrent.Executors$RunnableAdapter.call(Executors.java:511)
	at java.util.concurrent.FutureTask.run(FutureTask.java:266)
	at java.util.concurrent.ThreadPoolExecutor.runWorker(ThreadPoolExecutor.java:1149)
	at java.util.concurrent.ThreadPoolExecutor$Worker.run(ThreadPoolExecutor.java:624)
	... 1 more
Caused by: org.apache.ratis.thirdparty.io.netty.channel.AbstractChannel$AnnotatedConnectException: Connection refused: /192.168.34.56:36658
	at sun.nio.ch.SocketChannelImpl.checkConnect(Native Method)
	at sun.nio.ch.SocketChannelImpl.finishConnect(SocketChannelImpl.java:717)
	at org.apache.ratis.thirdparty.io.netty.channel.socket.nio.NioSocketChannel.doFinishConnect(NioSocketChannel.java:327)
	at org.apache.ratis.thirdparty.io.netty.channel.nio.AbstractNioChannel$AbstractNioUnsafe.finishConnect(AbstractNioChannel.java:340)
	at org.apache.ratis.thirdparty.io.netty.channel.nio.NioEventLoop.processSelectedKey(NioEventLoop.java:632)
	at org.apache.ratis.thirdparty.io.netty.channel.nio.NioEventLoop.processSelectedKeysOptimized(NioEventLoop.java:579)
	at org.apache.ratis.thirdparty.io.netty.channel.nio.NioEventLoop.processSelectedKeys(NioEventLoop.java:496)
	at org.apache.ratis.thirdparty.io.netty.channel.nio.NioEventLoop.run(NioEventLoop.java:458)
	at org.apache.ratis.thirdparty.io.netty.util.concurrent.SingleThreadEventExecutor$5.run(SingleThreadEventExecutor.java:897)
	at org.apache.ratis.thirdparty.io.netty.util.concurrent.FastThreadLocalRunnable.run(FastThreadLocalRunnable.java:30)
	... 1 more
Caused by: java.net.ConnectException: Connection refused
	... 11 more
2019-10-18 13:01:57,173 [c124d131-afb9-4343-ad4e-aaebde613043@group-FF4202234884-LeaderElection334] INFO  impl.LeaderElection (LogUtils.java:infoOrTrace(149)) - c124d131-afb9-4343-ad4e-aaebde613043@group-FF4202234884-LeaderElection334 got exception when requesting votes: {}
java.util.concurrent.ExecutionException: org.apache.ratis.thirdparty.io.grpc.StatusRuntimeException: UNAVAILABLE: io exception
	at java.util.concurrent.FutureTask.report(FutureTask.java:122)
	at java.util.concurrent.FutureTask.get(FutureTask.java:192)
	at org.apache.ratis.server.impl.LeaderElection.waitForResults(LeaderElection.java:259)
	at org.apache.ratis.server.impl.LeaderElection.askForVotes(LeaderElection.java:197)
	at org.apache.ratis.server.impl.LeaderElection.run(LeaderElection.java:133)
	at java.lang.Thread.run(Thread.java:748)
Caused by: org.apache.ratis.thirdparty.io.grpc.StatusRuntimeException: UNAVAILABLE: io exception
	at org.apache.ratis.thirdparty.io.grpc.stub.ClientCalls.toStatusRuntimeException(ClientCalls.java:233)
	at org.apache.ratis.thirdparty.io.grpc.stub.ClientCalls.getUnchecked(ClientCalls.java:214)
	at org.apache.ratis.thirdparty.io.grpc.stub.ClientCalls.blockingUnaryCall(ClientCalls.java:139)
	at org.apache.ratis.proto.grpc.RaftServerProtocolServiceGrpc$RaftServerProtocolServiceBlockingStub.requestVote(RaftServerProtocolServiceGrpc.java:265)
	at org.apache.ratis.grpc.server.GrpcServerProtocolClient.requestVote(GrpcServerProtocolClient.java:99)
	at org.apache.ratis.grpc.server.GrpcService.requestVote(GrpcService.java:204)
	at org.apache.ratis.server.impl.LeaderElection.lambda$submitRequests$1(LeaderElection.java:234)
	at java.util.concurrent.FutureTask.run(FutureTask.java:266)
	at java.util.concurrent.Executors$RunnableAdapter.call(Executors.java:511)
	at java.util.concurrent.FutureTask.run(FutureTask.java:266)
	at java.util.concurrent.ThreadPoolExecutor.runWorker(ThreadPoolExecutor.java:1149)
	at java.util.concurrent.ThreadPoolExecutor$Worker.run(ThreadPoolExecutor.java:624)
	... 1 more
Caused by: org.apache.ratis.thirdparty.io.netty.channel.AbstractChannel$AnnotatedConnectException: Connection refused: /192.168.34.56:44872
	at sun.nio.ch.SocketChannelImpl.checkConnect(Native Method)
	at sun.nio.ch.SocketChannelImpl.finishConnect(SocketChannelImpl.java:717)
	at org.apache.ratis.thirdparty.io.netty.channel.socket.nio.NioSocketChannel.doFinishConnect(NioSocketChannel.java:327)
	at org.apache.ratis.thirdparty.io.netty.channel.nio.AbstractNioChannel$AbstractNioUnsafe.finishConnect(AbstractNioChannel.java:340)
	at org.apache.ratis.thirdparty.io.netty.channel.nio.NioEventLoop.processSelectedKey(NioEventLoop.java:632)
	at org.apache.ratis.thirdparty.io.netty.channel.nio.NioEventLoop.processSelectedKeysOptimized(NioEventLoop.java:579)
	at org.apache.ratis.thirdparty.io.netty.channel.nio.NioEventLoop.processSelectedKeys(NioEventLoop.java:496)
	at org.apache.ratis.thirdparty.io.netty.channel.nio.NioEventLoop.run(NioEventLoop.java:458)
	at org.apache.ratis.thirdparty.io.netty.util.concurrent.SingleThreadEventExecutor$5.run(SingleThreadEventExecutor.java:897)
	at org.apache.ratis.thirdparty.io.netty.util.concurrent.FastThreadLocalRunnable.run(FastThreadLocalRunnable.java:30)
	... 1 more
Caused by: java.net.ConnectException: Connection refused
	... 11 more
2019-10-18 13:01:57,173 [c124d131-afb9-4343-ad4e-aaebde613043@group-FF4202234884-LeaderElection334] INFO  impl.LeaderElection (LeaderElection.java:logAndReturn(56)) - c124d131-afb9-4343-ad4e-aaebde613043@group-FF4202234884-LeaderElection334: Election REJECTED; received 0 response(s) [] and 2 exception(s); c124d131-afb9-4343-ad4e-aaebde613043@group-FF4202234884:t183, leader=null, voted=c124d131-afb9-4343-ad4e-aaebde613043, raftlog=c124d131-afb9-4343-ad4e-aaebde613043@group-FF4202234884-SegmentedRaftLog:OPENED:c-1,f-1,i0, conf=-1: [999343e7-0330-4874-a345-91eca72585e0:192.168.34.56:44872, c124d131-afb9-4343-ad4e-aaebde613043:192.168.34.56:42116, e5bb327f-cdd7-4e49-919e-13a4c895fddf:192.168.34.56:36658], old=null
2019-10-18 13:01:57,173 [c124d131-afb9-4343-ad4e-aaebde613043@group-FF4202234884-LeaderElection334] INFO  impl.LeaderElection (LogUtils.java:infoOrTrace(149)) -   Exception 0: {}
java.util.concurrent.ExecutionException: org.apache.ratis.thirdparty.io.grpc.StatusRuntimeException: UNAVAILABLE: io exception
	at java.util.concurrent.FutureTask.report(FutureTask.java:122)
	at java.util.concurrent.FutureTask.get(FutureTask.java:192)
	at org.apache.ratis.server.impl.LeaderElection.waitForResults(LeaderElection.java:259)
	at org.apache.ratis.server.impl.LeaderElection.askForVotes(LeaderElection.java:197)
	at org.apache.ratis.server.impl.LeaderElection.run(LeaderElection.java:133)
	at java.lang.Thread.run(Thread.java:748)
Caused by: org.apache.ratis.thirdparty.io.grpc.StatusRuntimeException: UNAVAILABLE: io exception
	at org.apache.ratis.thirdparty.io.grpc.stub.ClientCalls.toStatusRuntimeException(ClientCalls.java:233)
	at org.apache.ratis.thirdparty.io.grpc.stub.ClientCalls.getUnchecked(ClientCalls.java:214)
	at org.apache.ratis.thirdparty.io.grpc.stub.ClientCalls.blockingUnaryCall(ClientCalls.java:139)
	at org.apache.ratis.proto.grpc.RaftServerProtocolServiceGrpc$RaftServerProtocolServiceBlockingStub.requestVote(RaftServerProtocolServiceGrpc.java:265)
	at org.apache.ratis.grpc.server.GrpcServerProtocolClient.requestVote(GrpcServerProtocolClient.java:99)
	at org.apache.ratis.grpc.server.GrpcService.requestVote(GrpcService.java:204)
	at org.apache.ratis.server.impl.LeaderElection.lambda$submitRequests$1(LeaderElection.java:234)
	at java.util.concurrent.FutureTask.run(FutureTask.java:266)
	at java.util.concurrent.Executors$RunnableAdapter.call(Executors.java:511)
	at java.util.concurrent.FutureTask.run(FutureTask.java:266)
	at java.util.concurrent.ThreadPoolExecutor.runWorker(ThreadPoolExecutor.java:1149)
	at java.util.concurrent.ThreadPoolExecutor$Worker.run(ThreadPoolExecutor.java:624)
	... 1 more
Caused by: org.apache.ratis.thirdparty.io.netty.channel.AbstractChannel$AnnotatedConnectException: Connection refused: /192.168.34.56:36658
	at sun.nio.ch.SocketChannelImpl.checkConnect(Native Method)
	at sun.nio.ch.SocketChannelImpl.finishConnect(SocketChannelImpl.java:717)
	at org.apache.ratis.thirdparty.io.netty.channel.socket.nio.NioSocketChannel.doFinishConnect(NioSocketChannel.java:327)
	at org.apache.ratis.thirdparty.io.netty.channel.nio.AbstractNioChannel$AbstractNioUnsafe.finishConnect(AbstractNioChannel.java:340)
	at org.apache.ratis.thirdparty.io.netty.channel.nio.NioEventLoop.processSelectedKey(NioEventLoop.java:632)
	at org.apache.ratis.thirdparty.io.netty.channel.nio.NioEventLoop.processSelectedKeysOptimized(NioEventLoop.java:579)
	at org.apache.ratis.thirdparty.io.netty.channel.nio.NioEventLoop.processSelectedKeys(NioEventLoop.java:496)
	at org.apache.ratis.thirdparty.io.netty.channel.nio.NioEventLoop.run(NioEventLoop.java:458)
	at org.apache.ratis.thirdparty.io.netty.util.concurrent.SingleThreadEventExecutor$5.run(SingleThreadEventExecutor.java:897)
	at org.apache.ratis.thirdparty.io.netty.util.concurrent.FastThreadLocalRunnable.run(FastThreadLocalRunnable.java:30)
	... 1 more
Caused by: java.net.ConnectException: Connection refused
	... 11 more
2019-10-18 13:01:57,173 [c124d131-afb9-4343-ad4e-aaebde613043@group-FF4202234884-LeaderElection334] INFO  impl.LeaderElection (LogUtils.java:infoOrTrace(149)) -   Exception 1: {}
java.util.concurrent.ExecutionException: org.apache.ratis.thirdparty.io.grpc.StatusRuntimeException: UNAVAILABLE: io exception
	at java.util.concurrent.FutureTask.report(FutureTask.java:122)
	at java.util.concurrent.FutureTask.get(FutureTask.java:192)
	at org.apache.ratis.server.impl.LeaderElection.waitForResults(LeaderElection.java:259)
	at org.apache.ratis.server.impl.LeaderElection.askForVotes(LeaderElection.java:197)
	at org.apache.ratis.server.impl.LeaderElection.run(LeaderElection.java:133)
	at java.lang.Thread.run(Thread.java:748)
Caused by: org.apache.ratis.thirdparty.io.grpc.StatusRuntimeException: UNAVAILABLE: io exception
	at org.apache.ratis.thirdparty.io.grpc.stub.ClientCalls.toStatusRuntimeException(ClientCalls.java:233)
	at org.apache.ratis.thirdparty.io.grpc.stub.ClientCalls.getUnchecked(ClientCalls.java:214)
	at org.apache.ratis.thirdparty.io.grpc.stub.ClientCalls.blockingUnaryCall(ClientCalls.java:139)
	at org.apache.ratis.proto.grpc.RaftServerProtocolServiceGrpc$RaftServerProtocolServiceBlockingStub.requestVote(RaftServerProtocolServiceGrpc.java:265)
	at org.apache.ratis.grpc.server.GrpcServerProtocolClient.requestVote(GrpcServerProtocolClient.java:99)
	at org.apache.ratis.grpc.server.GrpcService.requestVote(GrpcService.java:204)
	at org.apache.ratis.server.impl.LeaderElection.lambda$submitRequests$1(LeaderElection.java:234)
	at java.util.concurrent.FutureTask.run(FutureTask.java:266)
	at java.util.concurrent.Executors$RunnableAdapter.call(Executors.java:511)
	at java.util.concurrent.FutureTask.run(FutureTask.java:266)
	at java.util.concurrent.ThreadPoolExecutor.runWorker(ThreadPoolExecutor.java:1149)
	at java.util.concurrent.ThreadPoolExecutor$Worker.run(ThreadPoolExecutor.java:624)
	... 1 more
Caused by: org.apache.ratis.thirdparty.io.netty.channel.AbstractChannel$AnnotatedConnectException: Connection refused: /192.168.34.56:44872
	at sun.nio.ch.SocketChannelImpl.checkConnect(Native Method)
	at sun.nio.ch.SocketChannelImpl.finishConnect(SocketChannelImpl.java:717)
	at org.apache.ratis.thirdparty.io.netty.channel.socket.nio.NioSocketChannel.doFinishConnect(NioSocketChannel.java:327)
	at org.apache.ratis.thirdparty.io.netty.channel.nio.AbstractNioChannel$AbstractNioUnsafe.finishConnect(AbstractNioChannel.java:340)
	at org.apache.ratis.thirdparty.io.netty.channel.nio.NioEventLoop.processSelectedKey(NioEventLoop.java:632)
	at org.apache.ratis.thirdparty.io.netty.channel.nio.NioEventLoop.processSelectedKeysOptimized(NioEventLoop.java:579)
	at org.apache.ratis.thirdparty.io.netty.channel.nio.NioEventLoop.processSelectedKeys(NioEventLoop.java:496)
	at org.apache.ratis.thirdparty.io.netty.channel.nio.NioEventLoop.run(NioEventLoop.java:458)
	at org.apache.ratis.thirdparty.io.netty.util.concurrent.SingleThreadEventExecutor$5.run(SingleThreadEventExecutor.java:897)
	at org.apache.ratis.thirdparty.io.netty.util.concurrent.FastThreadLocalRunnable.run(FastThreadLocalRunnable.java:30)
	... 1 more
Caused by: java.net.ConnectException: Connection refused
	... 11 more
2019-10-18 13:01:57,173 [c124d131-afb9-4343-ad4e-aaebde613043@group-FF4202234884-LeaderElection334] INFO  impl.RaftServerImpl (RaftServerImpl.java:setRole(184)) - c124d131-afb9-4343-ad4e-aaebde613043@group-FF4202234884: changes role from CANDIDATE to FOLLOWER at term 183 for DISCOVERED_A_NEW_TERM
2019-10-18 13:01:57,173 [c124d131-afb9-4343-ad4e-aaebde613043@group-FF4202234884-LeaderElection334] INFO  impl.RoleInfo (RoleInfo.java:shutdownLeaderElection(134)) - c124d131-afb9-4343-ad4e-aaebde613043: shutdown LeaderElection
2019-10-18 13:01:57,174 [c124d131-afb9-4343-ad4e-aaebde613043@group-FF4202234884-LeaderElection334] INFO  impl.RoleInfo (RoleInfo.java:updateAndGet(143)) - c124d131-afb9-4343-ad4e-aaebde613043: start FollowerState
2019-10-18 13:01:57,180 [018b3f78-d19f-4e26-a796-cb8ddc4f97cf@group-187684C21557-LeaderElection333] INFO  impl.LeaderElection (LeaderElection.java:logAndReturn(56)) - 018b3f78-d19f-4e26-a796-cb8ddc4f97cf@group-187684C21557-LeaderElection333: Election TIMEOUT; received 0 response(s) [] and 1 exception(s); 018b3f78-d19f-4e26-a796-cb8ddc4f97cf@group-187684C21557:t196, leader=null, voted=018b3f78-d19f-4e26-a796-cb8ddc4f97cf, raftlog=018b3f78-d19f-4e26-a796-cb8ddc4f97cf@group-187684C21557-SegmentedRaftLog:OPENED:c-1,f-1,i0, conf=-1: [893cf03e-f2cf-478a-892a-a746717e50e3:192.168.34.56:40750, 8697df36-98d2-41b1-bdc7-60597b3b5526:192.168.34.56:46415, 018b3f78-d19f-4e26-a796-cb8ddc4f97cf:192.168.34.56:35845], old=null
2019-10-18 13:01:57,180 [018b3f78-d19f-4e26-a796-cb8ddc4f97cf@group-187684C21557-LeaderElection333] INFO  impl.LeaderElection (LogUtils.java:infoOrTrace(149)) -   Exception 0: {}
java.util.concurrent.ExecutionException: org.apache.ratis.thirdparty.io.grpc.StatusRuntimeException: UNAVAILABLE: io exception
	at java.util.concurrent.FutureTask.report(FutureTask.java:122)
	at java.util.concurrent.FutureTask.get(FutureTask.java:192)
	at org.apache.ratis.server.impl.LeaderElection.waitForResults(LeaderElection.java:259)
	at org.apache.ratis.server.impl.LeaderElection.askForVotes(LeaderElection.java:197)
	at org.apache.ratis.server.impl.LeaderElection.run(LeaderElection.java:133)
	at java.lang.Thread.run(Thread.java:748)
Caused by: org.apache.ratis.thirdparty.io.grpc.StatusRuntimeException: UNAVAILABLE: io exception
	at org.apache.ratis.thirdparty.io.grpc.stub.ClientCalls.toStatusRuntimeException(ClientCalls.java:233)
	at org.apache.ratis.thirdparty.io.grpc.stub.ClientCalls.getUnchecked(ClientCalls.java:214)
	at org.apache.ratis.thirdparty.io.grpc.stub.ClientCalls.blockingUnaryCall(ClientCalls.java:139)
	at org.apache.ratis.proto.grpc.RaftServerProtocolServiceGrpc$RaftServerProtocolServiceBlockingStub.requestVote(RaftServerProtocolServiceGrpc.java:265)
	at org.apache.ratis.grpc.server.GrpcServerProtocolClient.requestVote(GrpcServerProtocolClient.java:99)
	at org.apache.ratis.grpc.server.GrpcService.requestVote(GrpcService.java:204)
	at org.apache.ratis.server.impl.LeaderElection.lambda$submitRequests$1(LeaderElection.java:234)
	at java.util.concurrent.FutureTask.run(FutureTask.java:266)
	at java.util.concurrent.Executors$RunnableAdapter.call(Executors.java:511)
	at java.util.concurrent.FutureTask.run(FutureTask.java:266)
	at java.util.concurrent.ThreadPoolExecutor.runWorker(ThreadPoolExecutor.java:1149)
	at java.util.concurrent.ThreadPoolExecutor$Worker.run(ThreadPoolExecutor.java:624)
	... 1 more
Caused by: org.apache.ratis.thirdparty.io.netty.channel.AbstractChannel$AnnotatedConnectException: Connection refused: /192.168.34.56:46415
	at sun.nio.ch.SocketChannelImpl.checkConnect(Native Method)
	at sun.nio.ch.SocketChannelImpl.finishConnect(SocketChannelImpl.java:717)
	at org.apache.ratis.thirdparty.io.netty.channel.socket.nio.NioSocketChannel.doFinishConnect(NioSocketChannel.java:327)
	at org.apache.ratis.thirdparty.io.netty.channel.nio.AbstractNioChannel$AbstractNioUnsafe.finishConnect(AbstractNioChannel.java:340)
	at org.apache.ratis.thirdparty.io.netty.channel.nio.NioEventLoop.processSelectedKey(NioEventLoop.java:632)
	at org.apache.ratis.thirdparty.io.netty.channel.nio.NioEventLoop.processSelectedKeysOptimized(NioEventLoop.java:579)
	at org.apache.ratis.thirdparty.io.netty.channel.nio.NioEventLoop.processSelectedKeys(NioEventLoop.java:496)
	at org.apache.ratis.thirdparty.io.netty.channel.nio.NioEventLoop.run(NioEventLoop.java:458)
	at org.apache.ratis.thirdparty.io.netty.util.concurrent.SingleThreadEventExecutor$5.run(SingleThreadEventExecutor.java:897)
	at org.apache.ratis.thirdparty.io.netty.util.concurrent.FastThreadLocalRunnable.run(FastThreadLocalRunnable.java:30)
	... 1 more
Caused by: java.net.ConnectException: Connection refused
	... 11 more
2019-10-18 13:01:57,184 [java.util.concurrent.ThreadPoolExecutor$Worker@7a2507ec[State = -1, empty queue]] WARN  server.GrpcLogAppender (GrpcLogAppender.java:timeoutAppendRequest(209)) - 17618ccc-f51c-4f14-92cf-842ef2c05e35@group-08BD6F798C58->32d97539-eb73-46c6-a759-05f11ff00f4c-GrpcLogAppender: appendEntries Timeout, request=17618ccc-f51c-4f14-92cf-842ef2c05e35->32d97539-eb73-46c6-a759-05f11ff00f4c#78-t10, previous=(t:10, i:19), leaderCommit=19, initializing? false, entries: <empty>
2019-10-18 13:01:57,221 [java.util.concurrent.ThreadPoolExecutor$Worker@b7e5976[State = -1, empty queue]] WARN  server.GrpcLogAppender (GrpcLogAppender.java:timeoutAppendRequest(209)) - 17618ccc-f51c-4f14-92cf-842ef2c05e35@group-08BD6F798C58->896cef04-248b-470f-8c5c-c9acb81bb157-GrpcLogAppender: appendEntries Timeout, request=17618ccc-f51c-4f14-92cf-842ef2c05e35->896cef04-248b-470f-8c5c-c9acb81bb157#80-t10, previous=(t:10, i:19), leaderCommit=19, initializing? false, entries: <empty>
2019-10-18 13:01:57,237 [018b3f78-d19f-4e26-a796-cb8ddc4f97cf@group-187684C21557-LeaderElection333] INFO  impl.LeaderElection (LeaderElection.java:askForVotes(178)) - 018b3f78-d19f-4e26-a796-cb8ddc4f97cf@group-187684C21557-LeaderElection333: begin an election at term 197 for -1: [893cf03e-f2cf-478a-892a-a746717e50e3:192.168.34.56:40750, 8697df36-98d2-41b1-bdc7-60597b3b5526:192.168.34.56:46415, 018b3f78-d19f-4e26-a796-cb8ddc4f97cf:192.168.34.56:35845], old=null
2019-10-18 13:01:57,237 [018b3f78-d19f-4e26-a796-cb8ddc4f97cf@group-187684C21557-LeaderElection333] INFO  impl.LeaderElection (LogUtils.java:infoOrTrace(149)) - 018b3f78-d19f-4e26-a796-cb8ddc4f97cf@group-187684C21557-LeaderElection333 got exception when requesting votes: {}
java.util.concurrent.ExecutionException: org.apache.ratis.thirdparty.io.grpc.StatusRuntimeException: UNAVAILABLE: io exception
	at java.util.concurrent.FutureTask.report(FutureTask.java:122)
	at java.util.concurrent.FutureTask.get(FutureTask.java:192)
	at org.apache.ratis.server.impl.LeaderElection.waitForResults(LeaderElection.java:259)
	at org.apache.ratis.server.impl.LeaderElection.askForVotes(LeaderElection.java:197)
	at org.apache.ratis.server.impl.LeaderElection.run(LeaderElection.java:133)
	at java.lang.Thread.run(Thread.java:748)
Caused by: org.apache.ratis.thirdparty.io.grpc.StatusRuntimeException: UNAVAILABLE: io exception
	at org.apache.ratis.thirdparty.io.grpc.stub.ClientCalls.toStatusRuntimeException(ClientCalls.java:233)
	at org.apache.ratis.thirdparty.io.grpc.stub.ClientCalls.getUnchecked(ClientCalls.java:214)
	at org.apache.ratis.thirdparty.io.grpc.stub.ClientCalls.blockingUnaryCall(ClientCalls.java:139)
	at org.apache.ratis.proto.grpc.RaftServerProtocolServiceGrpc$RaftServerProtocolServiceBlockingStub.requestVote(RaftServerProtocolServiceGrpc.java:265)
	at org.apache.ratis.grpc.server.GrpcServerProtocolClient.requestVote(GrpcServerProtocolClient.java:99)
	at org.apache.ratis.grpc.server.GrpcService.requestVote(GrpcService.java:204)
	at org.apache.ratis.server.impl.LeaderElection.lambda$submitRequests$1(LeaderElection.java:234)
	at java.util.concurrent.FutureTask.run(FutureTask.java:266)
	at java.util.concurrent.Executors$RunnableAdapter.call(Executors.java:511)
	at java.util.concurrent.FutureTask.run(FutureTask.java:266)
	at java.util.concurrent.ThreadPoolExecutor.runWorker(ThreadPoolExecutor.java:1149)
	at java.util.concurrent.ThreadPoolExecutor$Worker.run(ThreadPoolExecutor.java:624)
	... 1 more
Caused by: org.apache.ratis.thirdparty.io.netty.channel.AbstractChannel$AnnotatedConnectException: Connection refused: /192.168.34.56:46415
	at sun.nio.ch.SocketChannelImpl.checkConnect(Native Method)
	at sun.nio.ch.SocketChannelImpl.finishConnect(SocketChannelImpl.java:717)
	at org.apache.ratis.thirdparty.io.netty.channel.socket.nio.NioSocketChannel.doFinishConnect(NioSocketChannel.java:327)
	at org.apache.ratis.thirdparty.io.netty.channel.nio.AbstractNioChannel$AbstractNioUnsafe.finishConnect(AbstractNioChannel.java:340)
	at org.apache.ratis.thirdparty.io.netty.channel.nio.NioEventLoop.processSelectedKey(NioEventLoop.java:632)
	at org.apache.ratis.thirdparty.io.netty.channel.nio.NioEventLoop.processSelectedKeysOptimized(NioEventLoop.java:579)
	at org.apache.ratis.thirdparty.io.netty.channel.nio.NioEventLoop.processSelectedKeys(NioEventLoop.java:496)
	at org.apache.ratis.thirdparty.io.netty.channel.nio.NioEventLoop.run(NioEventLoop.java:458)
	at org.apache.ratis.thirdparty.io.netty.util.concurrent.SingleThreadEventExecutor$5.run(SingleThreadEventExecutor.java:897)
	at org.apache.ratis.thirdparty.io.netty.util.concurrent.FastThreadLocalRunnable.run(FastThreadLocalRunnable.java:30)
	... 1 more
Caused by: java.net.ConnectException: Connection refused
	... 11 more
2019-10-18 13:01:57,238 [grpc-default-executor-7] INFO  impl.RaftServerImpl (RaftServerImpl.java:setRole(184)) - 893cf03e-f2cf-478a-892a-a746717e50e3@group-187684C21557: changes role from  FOLLOWER to FOLLOWER at term 197 for recognizeCandidate:018b3f78-d19f-4e26-a796-cb8ddc4f97cf
2019-10-18 13:01:57,238 [grpc-default-executor-7] INFO  impl.RoleInfo (RoleInfo.java:shutdownFollowerState(121)) - 893cf03e-f2cf-478a-892a-a746717e50e3: shutdown FollowerState
2019-10-18 13:01:57,238 [grpc-default-executor-7] INFO  impl.RoleInfo (RoleInfo.java:updateAndGet(143)) - 893cf03e-f2cf-478a-892a-a746717e50e3: start FollowerState
2019-10-18 13:01:57,238 [Thread-2728] INFO  impl.FollowerState (FollowerState.java:run(117)) - 893cf03e-f2cf-478a-892a-a746717e50e3@group-187684C21557-FollowerState was interrupted: java.lang.InterruptedException: sleep interrupted
2019-10-18 13:01:57,244 [Datanode State Machine Thread - 0] INFO  statemachine.DatanodeStateMachine (DatanodeStateMachine.java:lambda$startDaemon$0(350)) - Ozone container server started.
2019-10-18 13:01:57,262 [018b3f78-d19f-4e26-a796-cb8ddc4f97cf@group-187684C21557-LeaderElection333] INFO  impl.LeaderElection (LeaderElection.java:logAndReturn(56)) - 018b3f78-d19f-4e26-a796-cb8ddc4f97cf@group-187684C21557-LeaderElection333: Election REJECTED; received 1 response(s) [018b3f78-d19f-4e26-a796-cb8ddc4f97cf<-893cf03e-f2cf-478a-892a-a746717e50e3#0:FAIL-t197] and 1 exception(s); 018b3f78-d19f-4e26-a796-cb8ddc4f97cf@group-187684C21557:t197, leader=null, voted=018b3f78-d19f-4e26-a796-cb8ddc4f97cf, raftlog=018b3f78-d19f-4e26-a796-cb8ddc4f97cf@group-187684C21557-SegmentedRaftLog:OPENED:c-1,f-1,i0, conf=-1: [893cf03e-f2cf-478a-892a-a746717e50e3:192.168.34.56:40750, 8697df36-98d2-41b1-bdc7-60597b3b5526:192.168.34.56:46415, 018b3f78-d19f-4e26-a796-cb8ddc4f97cf:192.168.34.56:35845], old=null
2019-10-18 13:01:57,263 [018b3f78-d19f-4e26-a796-cb8ddc4f97cf@group-187684C21557-LeaderElection333] INFO  impl.LeaderElection (LogUtils.java:infoOrTrace(149)) -   Exception 0: {}
java.util.concurrent.ExecutionException: org.apache.ratis.thirdparty.io.grpc.StatusRuntimeException: UNAVAILABLE: io exception
	at java.util.concurrent.FutureTask.report(FutureTask.java:122)
	at java.util.concurrent.FutureTask.get(FutureTask.java:192)
	at org.apache.ratis.server.impl.LeaderElection.waitForResults(LeaderElection.java:259)
	at org.apache.ratis.server.impl.LeaderElection.askForVotes(LeaderElection.java:197)
	at org.apache.ratis.server.impl.LeaderElection.run(LeaderElection.java:133)
	at java.lang.Thread.run(Thread.java:748)
Caused by: org.apache.ratis.thirdparty.io.grpc.StatusRuntimeException: UNAVAILABLE: io exception
	at org.apache.ratis.thirdparty.io.grpc.stub.ClientCalls.toStatusRuntimeException(ClientCalls.java:233)
	at org.apache.ratis.thirdparty.io.grpc.stub.ClientCalls.getUnchecked(ClientCalls.java:214)
	at org.apache.ratis.thirdparty.io.grpc.stub.ClientCalls.blockingUnaryCall(ClientCalls.java:139)
	at org.apache.ratis.proto.grpc.RaftServerProtocolServiceGrpc$RaftServerProtocolServiceBlockingStub.requestVote(RaftServerProtocolServiceGrpc.java:265)
	at org.apache.ratis.grpc.server.GrpcServerProtocolClient.requestVote(GrpcServerProtocolClient.java:99)
	at org.apache.ratis.grpc.server.GrpcService.requestVote(GrpcService.java:204)
	at org.apache.ratis.server.impl.LeaderElection.lambda$submitRequests$1(LeaderElection.java:234)
	at java.util.concurrent.FutureTask.run(FutureTask.java:266)
	at java.util.concurrent.Executors$RunnableAdapter.call(Executors.java:511)
	at java.util.concurrent.FutureTask.run(FutureTask.java:266)
	at java.util.concurrent.ThreadPoolExecutor.runWorker(ThreadPoolExecutor.java:1149)
	at java.util.concurrent.ThreadPoolExecutor$Worker.run(ThreadPoolExecutor.java:624)
	... 1 more
Caused by: org.apache.ratis.thirdparty.io.netty.channel.AbstractChannel$AnnotatedConnectException: Connection refused: /192.168.34.56:46415
	at sun.nio.ch.SocketChannelImpl.checkConnect(Native Method)
	at sun.nio.ch.SocketChannelImpl.finishConnect(SocketChannelImpl.java:717)
	at org.apache.ratis.thirdparty.io.netty.channel.socket.nio.NioSocketChannel.doFinishConnect(NioSocketChannel.java:327)
	at org.apache.ratis.thirdparty.io.netty.channel.nio.AbstractNioChannel$AbstractNioUnsafe.finishConnect(AbstractNioChannel.java:340)
	at org.apache.ratis.thirdparty.io.netty.channel.nio.NioEventLoop.processSelectedKey(NioEventLoop.java:632)
	at org.apache.ratis.thirdparty.io.netty.channel.nio.NioEventLoop.processSelectedKeysOptimized(NioEventLoop.java:579)
	at org.apache.ratis.thirdparty.io.netty.channel.nio.NioEventLoop.processSelectedKeys(NioEventLoop.java:496)
	at org.apache.ratis.thirdparty.io.netty.channel.nio.NioEventLoop.run(NioEventLoop.java:458)
	at org.apache.ratis.thirdparty.io.netty.util.concurrent.SingleThreadEventExecutor$5.run(SingleThreadEventExecutor.java:897)
	at org.apache.ratis.thirdparty.io.netty.util.concurrent.FastThreadLocalRunnable.run(FastThreadLocalRunnable.java:30)
	... 1 more
Caused by: java.net.ConnectException: Connection refused
	... 11 more
2019-10-18 13:01:57,263 [018b3f78-d19f-4e26-a796-cb8ddc4f97cf@group-187684C21557-LeaderElection333] INFO  impl.RaftServerImpl (RaftServerImpl.java:setRole(184)) - 018b3f78-d19f-4e26-a796-cb8ddc4f97cf@group-187684C21557: changes role from CANDIDATE to FOLLOWER at term 197 for DISCOVERED_A_NEW_TERM
2019-10-18 13:01:57,263 [018b3f78-d19f-4e26-a796-cb8ddc4f97cf@group-187684C21557-LeaderElection333] INFO  impl.RoleInfo (RoleInfo.java:shutdownLeaderElection(134)) - 018b3f78-d19f-4e26-a796-cb8ddc4f97cf: shutdown LeaderElection
2019-10-18 13:01:57,263 [018b3f78-d19f-4e26-a796-cb8ddc4f97cf@group-187684C21557-LeaderElection333] INFO  impl.RoleInfo (RoleInfo.java:updateAndGet(143)) - 018b3f78-d19f-4e26-a796-cb8ddc4f97cf: start FollowerState
2019-10-18 13:01:57,309 [Thread-2731] INFO  impl.FollowerState (FollowerState.java:run(108)) - c124d131-afb9-4343-ad4e-aaebde613043@group-FF4202234884-FollowerState: change to CANDIDATE, lastRpcTime:135ms, electionTimeout:135ms
2019-10-18 13:01:57,309 [Thread-2731] INFO  impl.RoleInfo (RoleInfo.java:shutdownFollowerState(121)) - c124d131-afb9-4343-ad4e-aaebde613043: shutdown FollowerState
2019-10-18 13:01:57,309 [Thread-2731] INFO  impl.RaftServerImpl (RaftServerImpl.java:setRole(184)) - c124d131-afb9-4343-ad4e-aaebde613043@group-FF4202234884: changes role from  FOLLOWER to CANDIDATE at term 183 for changeToCandidate
2019-10-18 13:01:57,309 [Thread-2731] INFO  impl.RoleInfo (RoleInfo.java:updateAndGet(143)) - c124d131-afb9-4343-ad4e-aaebde613043: start LeaderElection
2019-10-18 13:01:57,375 [c124d131-afb9-4343-ad4e-aaebde613043@group-FF4202234884-LeaderElection335] INFO  impl.LeaderElection (LeaderElection.java:askForVotes(178)) - c124d131-afb9-4343-ad4e-aaebde613043@group-FF4202234884-LeaderElection335: begin an election at term 184 for -1: [999343e7-0330-4874-a345-91eca72585e0:192.168.34.56:44872, c124d131-afb9-4343-ad4e-aaebde613043:192.168.34.56:42116, e5bb327f-cdd7-4e49-919e-13a4c895fddf:192.168.34.56:36658], old=null
2019-10-18 13:01:57,376 [c124d131-afb9-4343-ad4e-aaebde613043@group-FF4202234884-LeaderElection335] INFO  impl.LeaderElection (LogUtils.java:infoOrTrace(149)) - c124d131-afb9-4343-ad4e-aaebde613043@group-FF4202234884-LeaderElection335 got exception when requesting votes: {}
java.util.concurrent.ExecutionException: org.apache.ratis.thirdparty.io.grpc.StatusRuntimeException: UNAVAILABLE: io exception
	at java.util.concurrent.FutureTask.report(FutureTask.java:122)
	at java.util.concurrent.FutureTask.get(FutureTask.java:192)
	at org.apache.ratis.server.impl.LeaderElection.waitForResults(LeaderElection.java:259)
	at org.apache.ratis.server.impl.LeaderElection.askForVotes(LeaderElection.java:197)
	at org.apache.ratis.server.impl.LeaderElection.run(LeaderElection.java:133)
	at java.lang.Thread.run(Thread.java:748)
Caused by: org.apache.ratis.thirdparty.io.grpc.StatusRuntimeException: UNAVAILABLE: io exception
	at org.apache.ratis.thirdparty.io.grpc.stub.ClientCalls.toStatusRuntimeException(ClientCalls.java:233)
	at org.apache.ratis.thirdparty.io.grpc.stub.ClientCalls.getUnchecked(ClientCalls.java:214)
	at org.apache.ratis.thirdparty.io.grpc.stub.ClientCalls.blockingUnaryCall(ClientCalls.java:139)
	at org.apache.ratis.proto.grpc.RaftServerProtocolServiceGrpc$RaftServerProtocolServiceBlockingStub.requestVote(RaftServerProtocolServiceGrpc.java:265)
	at org.apache.ratis.grpc.server.GrpcServerProtocolClient.requestVote(GrpcServerProtocolClient.java:99)
	at org.apache.ratis.grpc.server.GrpcService.requestVote(GrpcService.java:204)
	at org.apache.ratis.server.impl.LeaderElection.lambda$submitRequests$1(LeaderElection.java:234)
	at java.util.concurrent.FutureTask.run(FutureTask.java:266)
	at java.util.concurrent.Executors$RunnableAdapter.call(Executors.java:511)
	at java.util.concurrent.FutureTask.run(FutureTask.java:266)
	at java.util.concurrent.ThreadPoolExecutor.runWorker(ThreadPoolExecutor.java:1149)
	at java.util.concurrent.ThreadPoolExecutor$Worker.run(ThreadPoolExecutor.java:624)
	... 1 more
Caused by: org.apache.ratis.thirdparty.io.netty.channel.AbstractChannel$AnnotatedConnectException: Connection refused: /192.168.34.56:44872
	at sun.nio.ch.SocketChannelImpl.checkConnect(Native Method)
	at sun.nio.ch.SocketChannelImpl.finishConnect(SocketChannelImpl.java:717)
	at org.apache.ratis.thirdparty.io.netty.channel.socket.nio.NioSocketChannel.doFinishConnect(NioSocketChannel.java:327)
	at org.apache.ratis.thirdparty.io.netty.channel.nio.AbstractNioChannel$AbstractNioUnsafe.finishConnect(AbstractNioChannel.java:340)
	at org.apache.ratis.thirdparty.io.netty.channel.nio.NioEventLoop.processSelectedKey(NioEventLoop.java:632)
	at org.apache.ratis.thirdparty.io.netty.channel.nio.NioEventLoop.processSelectedKeysOptimized(NioEventLoop.java:579)
	at org.apache.ratis.thirdparty.io.netty.channel.nio.NioEventLoop.processSelectedKeys(NioEventLoop.java:496)
	at org.apache.ratis.thirdparty.io.netty.channel.nio.NioEventLoop.run(NioEventLoop.java:458)
	at org.apache.ratis.thirdparty.io.netty.util.concurrent.SingleThreadEventExecutor$5.run(SingleThreadEventExecutor.java:897)
	at org.apache.ratis.thirdparty.io.netty.util.concurrent.FastThreadLocalRunnable.run(FastThreadLocalRunnable.java:30)
	... 1 more
Caused by: java.net.ConnectException: Connection refused
	... 11 more
2019-10-18 13:01:57,376 [c124d131-afb9-4343-ad4e-aaebde613043@group-FF4202234884-LeaderElection335] INFO  impl.LeaderElection (LogUtils.java:infoOrTrace(149)) - c124d131-afb9-4343-ad4e-aaebde613043@group-FF4202234884-LeaderElection335 got exception when requesting votes: {}
java.util.concurrent.ExecutionException: org.apache.ratis.thirdparty.io.grpc.StatusRuntimeException: UNAVAILABLE: io exception
	at java.util.concurrent.FutureTask.report(FutureTask.java:122)
	at java.util.concurrent.FutureTask.get(FutureTask.java:192)
	at org.apache.ratis.server.impl.LeaderElection.waitForResults(LeaderElection.java:259)
	at org.apache.ratis.server.impl.LeaderElection.askForVotes(LeaderElection.java:197)
	at org.apache.ratis.server.impl.LeaderElection.run(LeaderElection.java:133)
	at java.lang.Thread.run(Thread.java:748)
Caused by: org.apache.ratis.thirdparty.io.grpc.StatusRuntimeException: UNAVAILABLE: io exception
	at org.apache.ratis.thirdparty.io.grpc.stub.ClientCalls.toStatusRuntimeException(ClientCalls.java:233)
	at org.apache.ratis.thirdparty.io.grpc.stub.ClientCalls.getUnchecked(ClientCalls.java:214)
	at org.apache.ratis.thirdparty.io.grpc.stub.ClientCalls.blockingUnaryCall(ClientCalls.java:139)
	at org.apache.ratis.proto.grpc.RaftServerProtocolServiceGrpc$RaftServerProtocolServiceBlockingStub.requestVote(RaftServerProtocolServiceGrpc.java:265)
	at org.apache.ratis.grpc.server.GrpcServerProtocolClient.requestVote(GrpcServerProtocolClient.java:99)
	at org.apache.ratis.grpc.server.GrpcService.requestVote(GrpcService.java:204)
	at org.apache.ratis.server.impl.LeaderElection.lambda$submitRequests$1(LeaderElection.java:234)
	at java.util.concurrent.FutureTask.run(FutureTask.java:266)
	at java.util.concurrent.Executors$RunnableAdapter.call(Executors.java:511)
	at java.util.concurrent.FutureTask.run(FutureTask.java:266)
	at java.util.concurrent.ThreadPoolExecutor.runWorker(ThreadPoolExecutor.java:1149)
	at java.util.concurrent.ThreadPoolExecutor$Worker.run(ThreadPoolExecutor.java:624)
	... 1 more
Caused by: org.apache.ratis.thirdparty.io.netty.channel.AbstractChannel$AnnotatedConnectException: Connection refused: /192.168.34.56:36658
	at sun.nio.ch.SocketChannelImpl.checkConnect(Native Method)
	at sun.nio.ch.SocketChannelImpl.finishConnect(SocketChannelImpl.java:717)
	at org.apache.ratis.thirdparty.io.netty.channel.socket.nio.NioSocketChannel.doFinishConnect(NioSocketChannel.java:327)
	at org.apache.ratis.thirdparty.io.netty.channel.nio.AbstractNioChannel$AbstractNioUnsafe.finishConnect(AbstractNioChannel.java:340)
	at org.apache.ratis.thirdparty.io.netty.channel.nio.NioEventLoop.processSelectedKey(NioEventLoop.java:632)
	at org.apache.ratis.thirdparty.io.netty.channel.nio.NioEventLoop.processSelectedKeysOptimized(NioEventLoop.java:579)
	at org.apache.ratis.thirdparty.io.netty.channel.nio.NioEventLoop.processSelectedKeys(NioEventLoop.java:496)
	at org.apache.ratis.thirdparty.io.netty.channel.nio.NioEventLoop.run(NioEventLoop.java:458)
	at org.apache.ratis.thirdparty.io.netty.util.concurrent.SingleThreadEventExecutor$5.run(SingleThreadEventExecutor.java:897)
	at org.apache.ratis.thirdparty.io.netty.util.concurrent.FastThreadLocalRunnable.run(FastThreadLocalRunnable.java:30)
	... 1 more
Caused by: java.net.ConnectException: Connection refused
	... 11 more
2019-10-18 13:01:57,376 [c124d131-afb9-4343-ad4e-aaebde613043@group-FF4202234884-LeaderElection335] INFO  impl.LeaderElection (LeaderElection.java:logAndReturn(56)) - c124d131-afb9-4343-ad4e-aaebde613043@group-FF4202234884-LeaderElection335: Election REJECTED; received 0 response(s) [] and 2 exception(s); c124d131-afb9-4343-ad4e-aaebde613043@group-FF4202234884:t184, leader=null, voted=c124d131-afb9-4343-ad4e-aaebde613043, raftlog=c124d131-afb9-4343-ad4e-aaebde613043@group-FF4202234884-SegmentedRaftLog:OPENED:c-1,f-1,i0, conf=-1: [999343e7-0330-4874-a345-91eca72585e0:192.168.34.56:44872, c124d131-afb9-4343-ad4e-aaebde613043:192.168.34.56:42116, e5bb327f-cdd7-4e49-919e-13a4c895fddf:192.168.34.56:36658], old=null
2019-10-18 13:01:57,377 [c124d131-afb9-4343-ad4e-aaebde613043@group-FF4202234884-LeaderElection335] INFO  impl.LeaderElection (LogUtils.java:infoOrTrace(149)) -   Exception 0: {}
java.util.concurrent.ExecutionException: org.apache.ratis.thirdparty.io.grpc.StatusRuntimeException: UNAVAILABLE: io exception
	at java.util.concurrent.FutureTask.report(FutureTask.java:122)
	at java.util.concurrent.FutureTask.get(FutureTask.java:192)
	at org.apache.ratis.server.impl.LeaderElection.waitForResults(LeaderElection.java:259)
	at org.apache.ratis.server.impl.LeaderElection.askForVotes(LeaderElection.java:197)
	at org.apache.ratis.server.impl.LeaderElection.run(LeaderElection.java:133)
	at java.lang.Thread.run(Thread.java:748)
Caused by: org.apache.ratis.thirdparty.io.grpc.StatusRuntimeException: UNAVAILABLE: io exception
	at org.apache.ratis.thirdparty.io.grpc.stub.ClientCalls.toStatusRuntimeException(ClientCalls.java:233)
	at org.apache.ratis.thirdparty.io.grpc.stub.ClientCalls.getUnchecked(ClientCalls.java:214)
	at org.apache.ratis.thirdparty.io.grpc.stub.ClientCalls.blockingUnaryCall(ClientCalls.java:139)
	at org.apache.ratis.proto.grpc.RaftServerProtocolServiceGrpc$RaftServerProtocolServiceBlockingStub.requestVote(RaftServerProtocolServiceGrpc.java:265)
	at org.apache.ratis.grpc.server.GrpcServerProtocolClient.requestVote(GrpcServerProtocolClient.java:99)
	at org.apache.ratis.grpc.server.GrpcService.requestVote(GrpcService.java:204)
	at org.apache.ratis.server.impl.LeaderElection.lambda$submitRequests$1(LeaderElection.java:234)
	at java.util.concurrent.FutureTask.run(FutureTask.java:266)
	at java.util.concurrent.Executors$RunnableAdapter.call(Executors.java:511)
	at java.util.concurrent.FutureTask.run(FutureTask.java:266)
	at java.util.concurrent.ThreadPoolExecutor.runWorker(ThreadPoolExecutor.java:1149)
	at java.util.concurrent.ThreadPoolExecutor$Worker.run(ThreadPoolExecutor.java:624)
	... 1 more
Caused by: org.apache.ratis.thirdparty.io.netty.channel.AbstractChannel$AnnotatedConnectException: Connection refused: /192.168.34.56:44872
	at sun.nio.ch.SocketChannelImpl.checkConnect(Native Method)
	at sun.nio.ch.SocketChannelImpl.finishConnect(SocketChannelImpl.java:717)
	at org.apache.ratis.thirdparty.io.netty.channel.socket.nio.NioSocketChannel.doFinishConnect(NioSocketChannel.java:327)
	at org.apache.ratis.thirdparty.io.netty.channel.nio.AbstractNioChannel$AbstractNioUnsafe.finishConnect(AbstractNioChannel.java:340)
	at org.apache.ratis.thirdparty.io.netty.channel.nio.NioEventLoop.processSelectedKey(NioEventLoop.java:632)
	at org.apache.ratis.thirdparty.io.netty.channel.nio.NioEventLoop.processSelectedKeysOptimized(NioEventLoop.java:579)
	at org.apache.ratis.thirdparty.io.netty.channel.nio.NioEventLoop.processSelectedKeys(NioEventLoop.java:496)
	at org.apache.ratis.thirdparty.io.netty.channel.nio.NioEventLoop.run(NioEventLoop.java:458)
	at org.apache.ratis.thirdparty.io.netty.util.concurrent.SingleThreadEventExecutor$5.run(SingleThreadEventExecutor.java:897)
	at org.apache.ratis.thirdparty.io.netty.util.concurrent.FastThreadLocalRunnable.run(FastThreadLocalRunnable.java:30)
	... 1 more
Caused by: java.net.ConnectException: Connection refused
	... 11 more
2019-10-18 13:01:57,377 [c124d131-afb9-4343-ad4e-aaebde613043@group-FF4202234884-LeaderElection335] INFO  impl.LeaderElection (LogUtils.java:infoOrTrace(149)) -   Exception 1: {}
java.util.concurrent.ExecutionException: org.apache.ratis.thirdparty.io.grpc.StatusRuntimeException: UNAVAILABLE: io exception
	at java.util.concurrent.FutureTask.report(FutureTask.java:122)
	at java.util.concurrent.FutureTask.get(FutureTask.java:192)
	at org.apache.ratis.server.impl.LeaderElection.waitForResults(LeaderElection.java:259)
	at org.apache.ratis.server.impl.LeaderElection.askForVotes(LeaderElection.java:197)
	at org.apache.ratis.server.impl.LeaderElection.run(LeaderElection.java:133)
	at java.lang.Thread.run(Thread.java:748)
Caused by: org.apache.ratis.thirdparty.io.grpc.StatusRuntimeException: UNAVAILABLE: io exception
	at org.apache.ratis.thirdparty.io.grpc.stub.ClientCalls.toStatusRuntimeException(ClientCalls.java:233)
	at org.apache.ratis.thirdparty.io.grpc.stub.ClientCalls.getUnchecked(ClientCalls.java:214)
	at org.apache.ratis.thirdparty.io.grpc.stub.ClientCalls.blockingUnaryCall(ClientCalls.java:139)
	at org.apache.ratis.proto.grpc.RaftServerProtocolServiceGrpc$RaftServerProtocolServiceBlockingStub.requestVote(RaftServerProtocolServiceGrpc.java:265)
	at org.apache.ratis.grpc.server.GrpcServerProtocolClient.requestVote(GrpcServerProtocolClient.java:99)
	at org.apache.ratis.grpc.server.GrpcService.requestVote(GrpcService.java:204)
	at org.apache.ratis.server.impl.LeaderElection.lambda$submitRequests$1(LeaderElection.java:234)
	at java.util.concurrent.FutureTask.run(FutureTask.java:266)
	at java.util.concurrent.Executors$RunnableAdapter.call(Executors.java:511)
	at java.util.concurrent.FutureTask.run(FutureTask.java:266)
	at java.util.concurrent.ThreadPoolExecutor.runWorker(ThreadPoolExecutor.java:1149)
	at java.util.concurrent.ThreadPoolExecutor$Worker.run(ThreadPoolExecutor.java:624)
	... 1 more
Caused by: org.apache.ratis.thirdparty.io.netty.channel.AbstractChannel$AnnotatedConnectException: Connection refused: /192.168.34.56:36658
	at sun.nio.ch.SocketChannelImpl.checkConnect(Native Method)
	at sun.nio.ch.SocketChannelImpl.finishConnect(SocketChannelImpl.java:717)
	at org.apache.ratis.thirdparty.io.netty.channel.socket.nio.NioSocketChannel.doFinishConnect(NioSocketChannel.java:327)
	at org.apache.ratis.thirdparty.io.netty.channel.nio.AbstractNioChannel$AbstractNioUnsafe.finishConnect(AbstractNioChannel.java:340)
	at org.apache.ratis.thirdparty.io.netty.channel.nio.NioEventLoop.processSelectedKey(NioEventLoop.java:632)
	at org.apache.ratis.thirdparty.io.netty.channel.nio.NioEventLoop.processSelectedKeysOptimized(NioEventLoop.java:579)
	at org.apache.ratis.thirdparty.io.netty.channel.nio.NioEventLoop.processSelectedKeys(NioEventLoop.java:496)
	at org.apache.ratis.thirdparty.io.netty.channel.nio.NioEventLoop.run(NioEventLoop.java:458)
	at org.apache.ratis.thirdparty.io.netty.util.concurrent.SingleThreadEventExecutor$5.run(SingleThreadEventExecutor.java:897)
	at org.apache.ratis.thirdparty.io.netty.util.concurrent.FastThreadLocalRunnable.run(FastThreadLocalRunnable.java:30)
	... 1 more
Caused by: java.net.ConnectException: Connection refused
	... 11 more
2019-10-18 13:01:57,377 [c124d131-afb9-4343-ad4e-aaebde613043@group-FF4202234884-LeaderElection335] INFO  impl.RaftServerImpl (RaftServerImpl.java:setRole(184)) - c124d131-afb9-4343-ad4e-aaebde613043@group-FF4202234884: changes role from CANDIDATE to FOLLOWER at term 184 for DISCOVERED_A_NEW_TERM
2019-10-18 13:01:57,377 [c124d131-afb9-4343-ad4e-aaebde613043@group-FF4202234884-LeaderElection335] INFO  impl.RoleInfo (RoleInfo.java:shutdownLeaderElection(134)) - c124d131-afb9-4343-ad4e-aaebde613043: shutdown LeaderElection
2019-10-18 13:01:57,377 [c124d131-afb9-4343-ad4e-aaebde613043@group-FF4202234884-LeaderElection335] INFO  impl.RoleInfo (RoleInfo.java:updateAndGet(143)) - c124d131-afb9-4343-ad4e-aaebde613043: start FollowerState
2019-10-18 13:01:57,442 [Thread-2735] INFO  impl.FollowerState (FollowerState.java:run(108)) - 018b3f78-d19f-4e26-a796-cb8ddc4f97cf@group-187684C21557-FollowerState: change to CANDIDATE, lastRpcTime:178ms, electionTimeout:178ms
2019-10-18 13:01:57,442 [Thread-2735] INFO  impl.RoleInfo (RoleInfo.java:shutdownFollowerState(121)) - 018b3f78-d19f-4e26-a796-cb8ddc4f97cf: shutdown FollowerState
2019-10-18 13:01:57,442 [Thread-2735] INFO  impl.RaftServerImpl (RaftServerImpl.java:setRole(184)) - 018b3f78-d19f-4e26-a796-cb8ddc4f97cf@group-187684C21557: changes role from  FOLLOWER to CANDIDATE at term 197 for changeToCandidate
2019-10-18 13:01:57,442 [Thread-2735] INFO  impl.RoleInfo (RoleInfo.java:updateAndGet(143)) - 018b3f78-d19f-4e26-a796-cb8ddc4f97cf: start LeaderElection
2019-10-18 13:01:57,547 [Thread-2739] INFO  impl.FollowerState (FollowerState.java:run(108)) - c124d131-afb9-4343-ad4e-aaebde613043@group-FF4202234884-FollowerState: change to CANDIDATE, lastRpcTime:170ms, electionTimeout:170ms
2019-10-18 13:01:57,548 [Thread-2739] INFO  impl.RoleInfo (RoleInfo.java:shutdownFollowerState(121)) - c124d131-afb9-4343-ad4e-aaebde613043: shutdown FollowerState
2019-10-18 13:01:57,548 [Thread-2739] INFO  impl.RaftServerImpl (RaftServerImpl.java:setRole(184)) - c124d131-afb9-4343-ad4e-aaebde613043@group-FF4202234884: changes role from  FOLLOWER to CANDIDATE at term 184 for changeToCandidate
2019-10-18 13:01:57,548 [Thread-2739] INFO  impl.RoleInfo (RoleInfo.java:updateAndGet(143)) - c124d131-afb9-4343-ad4e-aaebde613043: start LeaderElection
2019-10-18 13:01:57,561 [Datanode State Machine Thread - 0] INFO  statemachine.DatanodeStateMachine (DatanodeStateMachine.java:lambda$startDaemon$0(350)) - Ozone container server started.
2019-10-18 13:01:57,685 [java.util.concurrent.ThreadPoolExecutor$Worker@7a2507ec[State = -1, empty queue]] WARN  server.GrpcLogAppender (GrpcLogAppender.java:timeoutAppendRequest(209)) - 17618ccc-f51c-4f14-92cf-842ef2c05e35@group-08BD6F798C58->32d97539-eb73-46c6-a759-05f11ff00f4c-GrpcLogAppender: appendEntries Timeout, request=17618ccc-f51c-4f14-92cf-842ef2c05e35->32d97539-eb73-46c6-a759-05f11ff00f4c#79-t10, previous=(t:10, i:19), leaderCommit=19, initializing? false, entries: <empty>
2019-10-18 13:01:57,721 [java.util.concurrent.ThreadPoolExecutor$Worker@b7e5976[State = -1, empty queue]] WARN  server.GrpcLogAppender (GrpcLogAppender.java:timeoutAppendRequest(209)) - 17618ccc-f51c-4f14-92cf-842ef2c05e35@group-08BD6F798C58->896cef04-248b-470f-8c5c-c9acb81bb157-GrpcLogAppender: appendEntries Timeout, request=17618ccc-f51c-4f14-92cf-842ef2c05e35->896cef04-248b-470f-8c5c-c9acb81bb157#81-t10, previous=(t:10, i:19), leaderCommit=19, initializing? false, entries: <empty>
2019-10-18 13:01:58,186 [java.util.concurrent.ThreadPoolExecutor$Worker@7a2507ec[State = -1, empty queue]] WARN  server.GrpcLogAppender (GrpcLogAppender.java:timeoutAppendRequest(209)) - 17618ccc-f51c-4f14-92cf-842ef2c05e35@group-08BD6F798C58->32d97539-eb73-46c6-a759-05f11ff00f4c-GrpcLogAppender: appendEntries Timeout, request=17618ccc-f51c-4f14-92cf-842ef2c05e35->32d97539-eb73-46c6-a759-05f11ff00f4c#80-t10, previous=(t:10, i:19), leaderCommit=19, initializing? false, entries: <empty>
2019-10-18 13:01:58,223 [java.util.concurrent.ThreadPoolExecutor$Worker@b7e5976[State = -1, empty queue]] WARN  server.GrpcLogAppender (GrpcLogAppender.java:timeoutAppendRequest(209)) - 17618ccc-f51c-4f14-92cf-842ef2c05e35@group-08BD6F798C58->896cef04-248b-470f-8c5c-c9acb81bb157-GrpcLogAppender: appendEntries Timeout, request=17618ccc-f51c-4f14-92cf-842ef2c05e35->896cef04-248b-470f-8c5c-c9acb81bb157#82-t10, previous=(t:10, i:19), leaderCommit=19, initializing? false, entries: <empty>
2019-10-18 13:01:58,287 [Thread-2734] INFO  impl.FollowerState (FollowerState.java:run(108)) - 893cf03e-f2cf-478a-892a-a746717e50e3@group-187684C21557-FollowerState: change to CANDIDATE, lastRpcTime:1048ms, electionTimeout:1048ms
2019-10-18 13:01:58,287 [Thread-2734] INFO  impl.RoleInfo (RoleInfo.java:shutdownFollowerState(121)) - 893cf03e-f2cf-478a-892a-a746717e50e3: shutdown FollowerState
2019-10-18 13:01:58,287 [Thread-2734] INFO  impl.RaftServerImpl (RaftServerImpl.java:setRole(184)) - 893cf03e-f2cf-478a-892a-a746717e50e3@group-187684C21557: changes role from  FOLLOWER to CANDIDATE at term 197 for changeToCandidate
2019-10-18 13:01:58,287 [Thread-2734] INFO  impl.RoleInfo (RoleInfo.java:updateAndGet(143)) - 893cf03e-f2cf-478a-892a-a746717e50e3: start LeaderElection
2019-10-18 13:01:58,687 [java.util.concurrent.ThreadPoolExecutor$Worker@7a2507ec[State = -1, empty queue]] WARN  server.GrpcLogAppender (GrpcLogAppender.java:timeoutAppendRequest(209)) - 17618ccc-f51c-4f14-92cf-842ef2c05e35@group-08BD6F798C58->32d97539-eb73-46c6-a759-05f11ff00f4c-GrpcLogAppender: appendEntries Timeout, request=17618ccc-f51c-4f14-92cf-842ef2c05e35->32d97539-eb73-46c6-a759-05f11ff00f4c#81-t10, previous=(t:10, i:19), leaderCommit=19, initializing? false, entries: <empty>
2019-10-18 13:01:58,724 [java.util.concurrent.ThreadPoolExecutor$Worker@b7e5976[State = -1, empty queue]] WARN  server.GrpcLogAppender (GrpcLogAppender.java:timeoutAppendRequest(209)) - 17618ccc-f51c-4f14-92cf-842ef2c05e35@group-08BD6F798C58->896cef04-248b-470f-8c5c-c9acb81bb157-GrpcLogAppender: appendEntries Timeout, request=17618ccc-f51c-4f14-92cf-842ef2c05e35->896cef04-248b-470f-8c5c-c9acb81bb157#83-t10, previous=(t:10, i:19), leaderCommit=19, initializing? false, entries: <empty>
2019-10-18 13:01:58,886 [018b3f78-d19f-4e26-a796-cb8ddc4f97cf@group-187684C21557-LeaderElection336] INFO  impl.LeaderElection (LeaderElection.java:askForVotes(178)) - 018b3f78-d19f-4e26-a796-cb8ddc4f97cf@group-187684C21557-LeaderElection336: begin an election at term 198 for -1: [893cf03e-f2cf-478a-892a-a746717e50e3:192.168.34.56:40750, 8697df36-98d2-41b1-bdc7-60597b3b5526:192.168.34.56:46415, 018b3f78-d19f-4e26-a796-cb8ddc4f97cf:192.168.34.56:35845], old=null
2019-10-18 13:01:58,887 [018b3f78-d19f-4e26-a796-cb8ddc4f97cf@group-187684C21557-LeaderElection336] INFO  impl.LeaderElection (LogUtils.java:infoOrTrace(149)) - 018b3f78-d19f-4e26-a796-cb8ddc4f97cf@group-187684C21557-LeaderElection336 got exception when requesting votes: {}
java.util.concurrent.ExecutionException: org.apache.ratis.thirdparty.io.grpc.StatusRuntimeException: UNAVAILABLE: io exception
	at java.util.concurrent.FutureTask.report(FutureTask.java:122)
	at java.util.concurrent.FutureTask.get(FutureTask.java:192)
	at org.apache.ratis.server.impl.LeaderElection.waitForResults(LeaderElection.java:259)
	at org.apache.ratis.server.impl.LeaderElection.askForVotes(LeaderElection.java:197)
	at org.apache.ratis.server.impl.LeaderElection.run(LeaderElection.java:133)
	at java.lang.Thread.run(Thread.java:748)
Caused by: org.apache.ratis.thirdparty.io.grpc.StatusRuntimeException: UNAVAILABLE: io exception
	at org.apache.ratis.thirdparty.io.grpc.stub.ClientCalls.toStatusRuntimeException(ClientCalls.java:233)
	at org.apache.ratis.thirdparty.io.grpc.stub.ClientCalls.getUnchecked(ClientCalls.java:214)
	at org.apache.ratis.thirdparty.io.grpc.stub.ClientCalls.blockingUnaryCall(ClientCalls.java:139)
	at org.apache.ratis.proto.grpc.RaftServerProtocolServiceGrpc$RaftServerProtocolServiceBlockingStub.requestVote(RaftServerProtocolServiceGrpc.java:265)
	at org.apache.ratis.grpc.server.GrpcServerProtocolClient.requestVote(GrpcServerProtocolClient.java:99)
	at org.apache.ratis.grpc.server.GrpcService.requestVote(GrpcService.java:204)
	at org.apache.ratis.server.impl.LeaderElection.lambda$submitRequests$1(LeaderElection.java:234)
	at java.util.concurrent.FutureTask.run(FutureTask.java:266)
	at java.util.concurrent.Executors$RunnableAdapter.call(Executors.java:511)
	at java.util.concurrent.FutureTask.run(FutureTask.java:266)
	at java.util.concurrent.ThreadPoolExecutor.runWorker(ThreadPoolExecutor.java:1149)
	at java.util.concurrent.ThreadPoolExecutor$Worker.run(ThreadPoolExecutor.java:624)
	... 1 more
Caused by: org.apache.ratis.thirdparty.io.netty.channel.AbstractChannel$AnnotatedConnectException: Connection refused: /192.168.34.56:46415
	at sun.nio.ch.SocketChannelImpl.checkConnect(Native Method)
	at sun.nio.ch.SocketChannelImpl.finishConnect(SocketChannelImpl.java:717)
	at org.apache.ratis.thirdparty.io.netty.channel.socket.nio.NioSocketChannel.doFinishConnect(NioSocketChannel.java:327)
	at org.apache.ratis.thirdparty.io.netty.channel.nio.AbstractNioChannel$AbstractNioUnsafe.finishConnect(AbstractNioChannel.java:340)
	at org.apache.ratis.thirdparty.io.netty.channel.nio.NioEventLoop.processSelectedKey(NioEventLoop.java:632)
	at org.apache.ratis.thirdparty.io.netty.channel.nio.NioEventLoop.processSelectedKeysOptimized(NioEventLoop.java:579)
	at org.apache.ratis.thirdparty.io.netty.channel.nio.NioEventLoop.processSelectedKeys(NioEventLoop.java:496)
	at org.apache.ratis.thirdparty.io.netty.channel.nio.NioEventLoop.run(NioEventLoop.java:458)
	at org.apache.ratis.thirdparty.io.netty.util.concurrent.SingleThreadEventExecutor$5.run(SingleThreadEventExecutor.java:897)
	at org.apache.ratis.thirdparty.io.netty.util.concurrent.FastThreadLocalRunnable.run(FastThreadLocalRunnable.java:30)
	... 1 more
Caused by: java.net.ConnectException: Connection refused
	... 11 more
2019-10-18 13:01:58,908 [c124d131-afb9-4343-ad4e-aaebde613043@group-FF4202234884-LeaderElection337] INFO  impl.LeaderElection (LeaderElection.java:askForVotes(178)) - c124d131-afb9-4343-ad4e-aaebde613043@group-FF4202234884-LeaderElection337: begin an election at term 185 for -1: [999343e7-0330-4874-a345-91eca72585e0:192.168.34.56:44872, c124d131-afb9-4343-ad4e-aaebde613043:192.168.34.56:42116, e5bb327f-cdd7-4e49-919e-13a4c895fddf:192.168.34.56:36658], old=null
2019-10-18 13:01:58,908 [893cf03e-f2cf-478a-892a-a746717e50e3@group-187684C21557-LeaderElection338] INFO  impl.LeaderElection (LeaderElection.java:askForVotes(178)) - 893cf03e-f2cf-478a-892a-a746717e50e3@group-187684C21557-LeaderElection338: begin an election at term 198 for 0: [893cf03e-f2cf-478a-892a-a746717e50e3:192.168.34.56:40750, 8697df36-98d2-41b1-bdc7-60597b3b5526:192.168.34.56:46415, 018b3f78-d19f-4e26-a796-cb8ddc4f97cf:192.168.34.56:35845], old=null
2019-10-18 13:01:58,909 [c124d131-afb9-4343-ad4e-aaebde613043@group-FF4202234884-LeaderElection337] INFO  impl.LeaderElection (LogUtils.java:infoOrTrace(149)) - c124d131-afb9-4343-ad4e-aaebde613043@group-FF4202234884-LeaderElection337 got exception when requesting votes: {}
java.util.concurrent.ExecutionException: org.apache.ratis.thirdparty.io.grpc.StatusRuntimeException: UNAVAILABLE: io exception
	at java.util.concurrent.FutureTask.report(FutureTask.java:122)
	at java.util.concurrent.FutureTask.get(FutureTask.java:192)
	at org.apache.ratis.server.impl.LeaderElection.waitForResults(LeaderElection.java:259)
	at org.apache.ratis.server.impl.LeaderElection.askForVotes(LeaderElection.java:197)
	at org.apache.ratis.server.impl.LeaderElection.run(LeaderElection.java:133)
	at java.lang.Thread.run(Thread.java:748)
Caused by: org.apache.ratis.thirdparty.io.grpc.StatusRuntimeException: UNAVAILABLE: io exception
	at org.apache.ratis.thirdparty.io.grpc.stub.ClientCalls.toStatusRuntimeException(ClientCalls.java:233)
	at org.apache.ratis.thirdparty.io.grpc.stub.ClientCalls.getUnchecked(ClientCalls.java:214)
	at org.apache.ratis.thirdparty.io.grpc.stub.ClientCalls.blockingUnaryCall(ClientCalls.java:139)
	at org.apache.ratis.proto.grpc.RaftServerProtocolServiceGrpc$RaftServerProtocolServiceBlockingStub.requestVote(RaftServerProtocolServiceGrpc.java:265)
	at org.apache.ratis.grpc.server.GrpcServerProtocolClient.requestVote(GrpcServerProtocolClient.java:99)
	at org.apache.ratis.grpc.server.GrpcService.requestVote(GrpcService.java:204)
	at org.apache.ratis.server.impl.LeaderElection.lambda$submitRequests$1(LeaderElection.java:234)
	at java.util.concurrent.FutureTask.run(FutureTask.java:266)
	at java.util.concurrent.Executors$RunnableAdapter.call(Executors.java:511)
	at java.util.concurrent.FutureTask.run(FutureTask.java:266)
	at java.util.concurrent.ThreadPoolExecutor.runWorker(ThreadPoolExecutor.java:1149)
	at java.util.concurrent.ThreadPoolExecutor$Worker.run(ThreadPoolExecutor.java:624)
	... 1 more
Caused by: org.apache.ratis.thirdparty.io.netty.channel.AbstractChannel$AnnotatedConnectException: Connection refused: /192.168.34.56:44872
	at sun.nio.ch.SocketChannelImpl.checkConnect(Native Method)
	at sun.nio.ch.SocketChannelImpl.finishConnect(SocketChannelImpl.java:717)
	at org.apache.ratis.thirdparty.io.netty.channel.socket.nio.NioSocketChannel.doFinishConnect(NioSocketChannel.java:327)
	at org.apache.ratis.thirdparty.io.netty.channel.nio.AbstractNioChannel$AbstractNioUnsafe.finishConnect(AbstractNioChannel.java:340)
	at org.apache.ratis.thirdparty.io.netty.channel.nio.NioEventLoop.processSelectedKey(NioEventLoop.java:632)
	at org.apache.ratis.thirdparty.io.netty.channel.nio.NioEventLoop.processSelectedKeysOptimized(NioEventLoop.java:579)
	at org.apache.ratis.thirdparty.io.netty.channel.nio.NioEventLoop.processSelectedKeys(NioEventLoop.java:496)
	at org.apache.ratis.thirdparty.io.netty.channel.nio.NioEventLoop.run(NioEventLoop.java:458)
	at org.apache.ratis.thirdparty.io.netty.util.concurrent.SingleThreadEventExecutor$5.run(SingleThreadEventExecutor.java:897)
	at org.apache.ratis.thirdparty.io.netty.util.concurrent.FastThreadLocalRunnable.run(FastThreadLocalRunnable.java:30)
	... 1 more
Caused by: java.net.ConnectException: Connection refused
	... 11 more
2019-10-18 13:01:58,909 [018b3f78-d19f-4e26-a796-cb8ddc4f97cf@group-187684C21557-LeaderElection336] INFO  impl.LeaderElection (LeaderElection.java:logAndReturn(56)) - 018b3f78-d19f-4e26-a796-cb8ddc4f97cf@group-187684C21557-LeaderElection336: Election REJECTED; received 1 response(s) [018b3f78-d19f-4e26-a796-cb8ddc4f97cf<-893cf03e-f2cf-478a-892a-a746717e50e3#0:FAIL-t198] and 1 exception(s); 018b3f78-d19f-4e26-a796-cb8ddc4f97cf@group-187684C21557:t198, leader=null, voted=018b3f78-d19f-4e26-a796-cb8ddc4f97cf, raftlog=018b3f78-d19f-4e26-a796-cb8ddc4f97cf@group-187684C21557-SegmentedRaftLog:OPENED:c-1,f-1,i0, conf=-1: [893cf03e-f2cf-478a-892a-a746717e50e3:192.168.34.56:40750, 8697df36-98d2-41b1-bdc7-60597b3b5526:192.168.34.56:46415, 018b3f78-d19f-4e26-a796-cb8ddc4f97cf:192.168.34.56:35845], old=null
2019-10-18 13:01:58,909 [c124d131-afb9-4343-ad4e-aaebde613043@group-FF4202234884-LeaderElection337] INFO  impl.LeaderElection (LogUtils.java:infoOrTrace(149)) - c124d131-afb9-4343-ad4e-aaebde613043@group-FF4202234884-LeaderElection337 got exception when requesting votes: {}
java.util.concurrent.ExecutionException: org.apache.ratis.thirdparty.io.grpc.StatusRuntimeException: UNAVAILABLE: io exception
	at java.util.concurrent.FutureTask.report(FutureTask.java:122)
	at java.util.concurrent.FutureTask.get(FutureTask.java:192)
	at org.apache.ratis.server.impl.LeaderElection.waitForResults(LeaderElection.java:259)
	at org.apache.ratis.server.impl.LeaderElection.askForVotes(LeaderElection.java:197)
	at org.apache.ratis.server.impl.LeaderElection.run(LeaderElection.java:133)
	at java.lang.Thread.run(Thread.java:748)
Caused by: org.apache.ratis.thirdparty.io.grpc.StatusRuntimeException: UNAVAILABLE: io exception
	at org.apache.ratis.thirdparty.io.grpc.stub.ClientCalls.toStatusRuntimeException(ClientCalls.java:233)
	at org.apache.ratis.thirdparty.io.grpc.stub.ClientCalls.getUnchecked(ClientCalls.java:214)
	at org.apache.ratis.thirdparty.io.grpc.stub.ClientCalls.blockingUnaryCall(ClientCalls.java:139)
	at org.apache.ratis.proto.grpc.RaftServerProtocolServiceGrpc$RaftServerProtocolServiceBlockingStub.requestVote(RaftServerProtocolServiceGrpc.java:265)
	at org.apache.ratis.grpc.server.GrpcServerProtocolClient.requestVote(GrpcServerProtocolClient.java:99)
	at org.apache.ratis.grpc.server.GrpcService.requestVote(GrpcService.java:204)
	at org.apache.ratis.server.impl.LeaderElection.lambda$submitRequests$1(LeaderElection.java:234)
	at java.util.concurrent.FutureTask.run(FutureTask.java:266)
	at java.util.concurrent.Executors$RunnableAdapter.call(Executors.java:511)
	at java.util.concurrent.FutureTask.run(FutureTask.java:266)
	at java.util.concurrent.ThreadPoolExecutor.runWorker(ThreadPoolExecutor.java:1149)
	at java.util.concurrent.ThreadPoolExecutor$Worker.run(ThreadPoolExecutor.java:624)
	... 1 more
Caused by: org.apache.ratis.thirdparty.io.netty.channel.AbstractChannel$AnnotatedConnectException: Connection refused: /192.168.34.56:36658
	at sun.nio.ch.SocketChannelImpl.checkConnect(Native Method)
	at sun.nio.ch.SocketChannelImpl.finishConnect(SocketChannelImpl.java:717)
	at org.apache.ratis.thirdparty.io.netty.channel.socket.nio.NioSocketChannel.doFinishConnect(NioSocketChannel.java:327)
	at org.apache.ratis.thirdparty.io.netty.channel.nio.AbstractNioChannel$AbstractNioUnsafe.finishConnect(AbstractNioChannel.java:340)
	at org.apache.ratis.thirdparty.io.netty.channel.nio.NioEventLoop.processSelectedKey(NioEventLoop.java:632)
	at org.apache.ratis.thirdparty.io.netty.channel.nio.NioEventLoop.processSelectedKeysOptimized(NioEventLoop.java:579)
	at org.apache.ratis.thirdparty.io.netty.channel.nio.NioEventLoop.processSelectedKeys(NioEventLoop.java:496)
	at org.apache.ratis.thirdparty.io.netty.channel.nio.NioEventLoop.run(NioEventLoop.java:458)
	at org.apache.ratis.thirdparty.io.netty.util.concurrent.SingleThreadEventExecutor$5.run(SingleThreadEventExecutor.java:897)
	at org.apache.ratis.thirdparty.io.netty.util.concurrent.FastThreadLocalRunnable.run(FastThreadLocalRunnable.java:30)
	... 1 more
Caused by: java.net.ConnectException: Connection refused
	... 11 more
2019-10-18 13:01:58,909 [018b3f78-d19f-4e26-a796-cb8ddc4f97cf@group-187684C21557-LeaderElection336] INFO  impl.LeaderElection (LogUtils.java:infoOrTrace(149)) -   Exception 0: {}
java.util.concurrent.ExecutionException: org.apache.ratis.thirdparty.io.grpc.StatusRuntimeException: UNAVAILABLE: io exception
	at java.util.concurrent.FutureTask.report(FutureTask.java:122)
	at java.util.concurrent.FutureTask.get(FutureTask.java:192)
	at org.apache.ratis.server.impl.LeaderElection.waitForResults(LeaderElection.java:259)
	at org.apache.ratis.server.impl.LeaderElection.askForVotes(LeaderElection.java:197)
	at org.apache.ratis.server.impl.LeaderElection.run(LeaderElection.java:133)
	at java.lang.Thread.run(Thread.java:748)
Caused by: org.apache.ratis.thirdparty.io.grpc.StatusRuntimeException: UNAVAILABLE: io exception
	at org.apache.ratis.thirdparty.io.grpc.stub.ClientCalls.toStatusRuntimeException(ClientCalls.java:233)
	at org.apache.ratis.thirdparty.io.grpc.stub.ClientCalls.getUnchecked(ClientCalls.java:214)
	at org.apache.ratis.thirdparty.io.grpc.stub.ClientCalls.blockingUnaryCall(ClientCalls.java:139)
	at org.apache.ratis.proto.grpc.RaftServerProtocolServiceGrpc$RaftServerProtocolServiceBlockingStub.requestVote(RaftServerProtocolServiceGrpc.java:265)
	at org.apache.ratis.grpc.server.GrpcServerProtocolClient.requestVote(GrpcServerProtocolClient.java:99)
	at org.apache.ratis.grpc.server.GrpcService.requestVote(GrpcService.java:204)
	at org.apache.ratis.server.impl.LeaderElection.lambda$submitRequests$1(LeaderElection.java:234)
	at java.util.concurrent.FutureTask.run(FutureTask.java:266)
	at java.util.concurrent.Executors$RunnableAdapter.call(Executors.java:511)
	at java.util.concurrent.FutureTask.run(FutureTask.java:266)
	at java.util.concurrent.ThreadPoolExecutor.runWorker(ThreadPoolExecutor.java:1149)
	at java.util.concurrent.ThreadPoolExecutor$Worker.run(ThreadPoolExecutor.java:624)
	... 1 more
Caused by: org.apache.ratis.thirdparty.io.netty.channel.AbstractChannel$AnnotatedConnectException: Connection refused: /192.168.34.56:46415
	at sun.nio.ch.SocketChannelImpl.checkConnect(Native Method)
	at sun.nio.ch.SocketChannelImpl.finishConnect(SocketChannelImpl.java:717)
	at org.apache.ratis.thirdparty.io.netty.channel.socket.nio.NioSocketChannel.doFinishConnect(NioSocketChannel.java:327)
	at org.apache.ratis.thirdparty.io.netty.channel.nio.AbstractNioChannel$AbstractNioUnsafe.finishConnect(AbstractNioChannel.java:340)
	at org.apache.ratis.thirdparty.io.netty.channel.nio.NioEventLoop.processSelectedKey(NioEventLoop.java:632)
	at org.apache.ratis.thirdparty.io.netty.channel.nio.NioEventLoop.processSelectedKeysOptimized(NioEventLoop.java:579)
	at org.apache.ratis.thirdparty.io.netty.channel.nio.NioEventLoop.processSelectedKeys(NioEventLoop.java:496)
	at org.apache.ratis.thirdparty.io.netty.channel.nio.NioEventLoop.run(NioEventLoop.java:458)
	at org.apache.ratis.thirdparty.io.netty.util.concurrent.SingleThreadEventExecutor$5.run(SingleThreadEventExecutor.java:897)
	at org.apache.ratis.thirdparty.io.netty.util.concurrent.FastThreadLocalRunnable.run(FastThreadLocalRunnable.java:30)
	... 1 more
Caused by: java.net.ConnectException: Connection refused
	... 11 more
2019-10-18 13:01:58,910 [c124d131-afb9-4343-ad4e-aaebde613043@group-FF4202234884-LeaderElection337] INFO  impl.LeaderElection (LeaderElection.java:logAndReturn(56)) - c124d131-afb9-4343-ad4e-aaebde613043@group-FF4202234884-LeaderElection337: Election REJECTED; received 0 response(s) [] and 2 exception(s); c124d131-afb9-4343-ad4e-aaebde613043@group-FF4202234884:t185, leader=null, voted=c124d131-afb9-4343-ad4e-aaebde613043, raftlog=c124d131-afb9-4343-ad4e-aaebde613043@group-FF4202234884-SegmentedRaftLog:OPENED:c-1,f-1,i0, conf=-1: [999343e7-0330-4874-a345-91eca72585e0:192.168.34.56:44872, c124d131-afb9-4343-ad4e-aaebde613043:192.168.34.56:42116, e5bb327f-cdd7-4e49-919e-13a4c895fddf:192.168.34.56:36658], old=null
2019-10-18 13:01:58,910 [018b3f78-d19f-4e26-a796-cb8ddc4f97cf@group-187684C21557-LeaderElection336] INFO  impl.RaftServerImpl (RaftServerImpl.java:setRole(184)) - 018b3f78-d19f-4e26-a796-cb8ddc4f97cf@group-187684C21557: changes role from CANDIDATE to FOLLOWER at term 198 for DISCOVERED_A_NEW_TERM
2019-10-18 13:01:58,910 [c124d131-afb9-4343-ad4e-aaebde613043@group-FF4202234884-LeaderElection337] INFO  impl.LeaderElection (LogUtils.java:infoOrTrace(149)) -   Exception 0: {}
java.util.concurrent.ExecutionException: org.apache.ratis.thirdparty.io.grpc.StatusRuntimeException: UNAVAILABLE: io exception
	at java.util.concurrent.FutureTask.report(FutureTask.java:122)
	at java.util.concurrent.FutureTask.get(FutureTask.java:192)
	at org.apache.ratis.server.impl.LeaderElection.waitForResults(LeaderElection.java:259)
	at org.apache.ratis.server.impl.LeaderElection.askForVotes(LeaderElection.java:197)
	at org.apache.ratis.server.impl.LeaderElection.run(LeaderElection.java:133)
	at java.lang.Thread.run(Thread.java:748)
Caused by: org.apache.ratis.thirdparty.io.grpc.StatusRuntimeException: UNAVAILABLE: io exception
	at org.apache.ratis.thirdparty.io.grpc.stub.ClientCalls.toStatusRuntimeException(ClientCalls.java:233)
	at org.apache.ratis.thirdparty.io.grpc.stub.ClientCalls.getUnchecked(ClientCalls.java:214)
	at org.apache.ratis.thirdparty.io.grpc.stub.ClientCalls.blockingUnaryCall(ClientCalls.java:139)
	at org.apache.ratis.proto.grpc.RaftServerProtocolServiceGrpc$RaftServerProtocolServiceBlockingStub.requestVote(RaftServerProtocolServiceGrpc.java:265)
	at org.apache.ratis.grpc.server.GrpcServerProtocolClient.requestVote(GrpcServerProtocolClient.java:99)
	at org.apache.ratis.grpc.server.GrpcService.requestVote(GrpcService.java:204)
	at org.apache.ratis.server.impl.LeaderElection.lambda$submitRequests$1(LeaderElection.java:234)
	at java.util.concurrent.FutureTask.run(FutureTask.java:266)
	at java.util.concurrent.Executors$RunnableAdapter.call(Executors.java:511)
	at java.util.concurrent.FutureTask.run(FutureTask.java:266)
	at java.util.concurrent.ThreadPoolExecutor.runWorker(ThreadPoolExecutor.java:1149)
	at java.util.concurrent.ThreadPoolExecutor$Worker.run(ThreadPoolExecutor.java:624)
	... 1 more
Caused by: org.apache.ratis.thirdparty.io.netty.channel.AbstractChannel$AnnotatedConnectException: Connection refused: /192.168.34.56:44872
	at sun.nio.ch.SocketChannelImpl.checkConnect(Native Method)
	at sun.nio.ch.SocketChannelImpl.finishConnect(SocketChannelImpl.java:717)
	at org.apache.ratis.thirdparty.io.netty.channel.socket.nio.NioSocketChannel.doFinishConnect(NioSocketChannel.java:327)
	at org.apache.ratis.thirdparty.io.netty.channel.nio.AbstractNioChannel$AbstractNioUnsafe.finishConnect(AbstractNioChannel.java:340)
	at org.apache.ratis.thirdparty.io.netty.channel.nio.NioEventLoop.processSelectedKey(NioEventLoop.java:632)
	at org.apache.ratis.thirdparty.io.netty.channel.nio.NioEventLoop.processSelectedKeysOptimized(NioEventLoop.java:579)
	at org.apache.ratis.thirdparty.io.netty.channel.nio.NioEventLoop.processSelectedKeys(NioEventLoop.java:496)
	at org.apache.ratis.thirdparty.io.netty.channel.nio.NioEventLoop.run(NioEventLoop.java:458)
	at org.apache.ratis.thirdparty.io.netty.util.concurrent.SingleThreadEventExecutor$5.run(SingleThreadEventExecutor.java:897)
	at org.apache.ratis.thirdparty.io.netty.util.concurrent.FastThreadLocalRunnable.run(FastThreadLocalRunnable.java:30)
	... 1 more
Caused by: java.net.ConnectException: Connection refused
	... 11 more
2019-10-18 13:01:58,910 [893cf03e-f2cf-478a-892a-a746717e50e3@group-187684C21557-LeaderElection338] INFO  impl.LeaderElection (LogUtils.java:infoOrTrace(149)) - 893cf03e-f2cf-478a-892a-a746717e50e3@group-187684C21557-LeaderElection338 got exception when requesting votes: {}
java.util.concurrent.ExecutionException: org.apache.ratis.thirdparty.io.grpc.StatusRuntimeException: UNAVAILABLE: io exception
	at java.util.concurrent.FutureTask.report(FutureTask.java:122)
	at java.util.concurrent.FutureTask.get(FutureTask.java:192)
	at org.apache.ratis.server.impl.LeaderElection.waitForResults(LeaderElection.java:259)
	at org.apache.ratis.server.impl.LeaderElection.askForVotes(LeaderElection.java:197)
	at org.apache.ratis.server.impl.LeaderElection.run(LeaderElection.java:133)
	at java.lang.Thread.run(Thread.java:748)
Caused by: org.apache.ratis.thirdparty.io.grpc.StatusRuntimeException: UNAVAILABLE: io exception
	at org.apache.ratis.thirdparty.io.grpc.stub.ClientCalls.toStatusRuntimeException(ClientCalls.java:233)
	at org.apache.ratis.thirdparty.io.grpc.stub.ClientCalls.getUnchecked(ClientCalls.java:214)
	at org.apache.ratis.thirdparty.io.grpc.stub.ClientCalls.blockingUnaryCall(ClientCalls.java:139)
	at org.apache.ratis.proto.grpc.RaftServerProtocolServiceGrpc$RaftServerProtocolServiceBlockingStub.requestVote(RaftServerProtocolServiceGrpc.java:265)
	at org.apache.ratis.grpc.server.GrpcServerProtocolClient.requestVote(GrpcServerProtocolClient.java:99)
	at org.apache.ratis.grpc.server.GrpcService.requestVote(GrpcService.java:204)
	at org.apache.ratis.server.impl.LeaderElection.lambda$submitRequests$1(LeaderElection.java:234)
	at java.util.concurrent.FutureTask.run(FutureTask.java:266)
	at java.util.concurrent.Executors$RunnableAdapter.call(Executors.java:511)
	at java.util.concurrent.FutureTask.run(FutureTask.java:266)
	at java.util.concurrent.ThreadPoolExecutor.runWorker(ThreadPoolExecutor.java:1149)
	at java.util.concurrent.ThreadPoolExecutor$Worker.run(ThreadPoolExecutor.java:624)
	... 1 more
Caused by: org.apache.ratis.thirdparty.io.netty.channel.AbstractChannel$AnnotatedConnectException: Connection refused: /192.168.34.56:46415
	at sun.nio.ch.SocketChannelImpl.checkConnect(Native Method)
	at sun.nio.ch.SocketChannelImpl.finishConnect(SocketChannelImpl.java:717)
	at org.apache.ratis.thirdparty.io.netty.channel.socket.nio.NioSocketChannel.doFinishConnect(NioSocketChannel.java:327)
	at org.apache.ratis.thirdparty.io.netty.channel.nio.AbstractNioChannel$AbstractNioUnsafe.finishConnect(AbstractNioChannel.java:340)
	at org.apache.ratis.thirdparty.io.netty.channel.nio.NioEventLoop.processSelectedKey(NioEventLoop.java:632)
	at org.apache.ratis.thirdparty.io.netty.channel.nio.NioEventLoop.processSelectedKeysOptimized(NioEventLoop.java:579)
	at org.apache.ratis.thirdparty.io.netty.channel.nio.NioEventLoop.processSelectedKeys(NioEventLoop.java:496)
	at org.apache.ratis.thirdparty.io.netty.channel.nio.NioEventLoop.run(NioEventLoop.java:458)
	at org.apache.ratis.thirdparty.io.netty.util.concurrent.SingleThreadEventExecutor$5.run(SingleThreadEventExecutor.java:897)
	at org.apache.ratis.thirdparty.io.netty.util.concurrent.FastThreadLocalRunnable.run(FastThreadLocalRunnable.java:30)
	... 1 more
Caused by: java.net.ConnectException: Connection refused
	... 11 more
2019-10-18 13:01:58,910 [018b3f78-d19f-4e26-a796-cb8ddc4f97cf@group-187684C21557-LeaderElection336] INFO  impl.RoleInfo (RoleInfo.java:shutdownLeaderElection(134)) - 018b3f78-d19f-4e26-a796-cb8ddc4f97cf: shutdown LeaderElection
2019-10-18 13:01:58,911 [893cf03e-f2cf-478a-892a-a746717e50e3@group-187684C21557-LeaderElection338] INFO  impl.LeaderElection (LeaderElection.java:logAndReturn(56)) - 893cf03e-f2cf-478a-892a-a746717e50e3@group-187684C21557-LeaderElection338: Election REJECTED; received 1 response(s) [893cf03e-f2cf-478a-892a-a746717e50e3<-018b3f78-d19f-4e26-a796-cb8ddc4f97cf#0:FAIL-t198] and 1 exception(s); 893cf03e-f2cf-478a-892a-a746717e50e3@group-187684C21557:t198, leader=null, voted=893cf03e-f2cf-478a-892a-a746717e50e3, raftlog=893cf03e-f2cf-478a-892a-a746717e50e3@group-187684C21557-SegmentedRaftLog:OPENED:c-1,f0,i0, conf=0: [893cf03e-f2cf-478a-892a-a746717e50e3:192.168.34.56:40750, 8697df36-98d2-41b1-bdc7-60597b3b5526:192.168.34.56:46415, 018b3f78-d19f-4e26-a796-cb8ddc4f97cf:192.168.34.56:35845], old=null
2019-10-18 13:01:58,911 [893cf03e-f2cf-478a-892a-a746717e50e3@group-187684C21557-LeaderElection338] INFO  impl.LeaderElection (LogUtils.java:infoOrTrace(149)) -   Exception 0: {}
java.util.concurrent.ExecutionException: org.apache.ratis.thirdparty.io.grpc.StatusRuntimeException: UNAVAILABLE: io exception
	at java.util.concurrent.FutureTask.report(FutureTask.java:122)
	at java.util.concurrent.FutureTask.get(FutureTask.java:192)
	at org.apache.ratis.server.impl.LeaderElection.waitForResults(LeaderElection.java:259)
	at org.apache.ratis.server.impl.LeaderElection.askForVotes(LeaderElection.java:197)
	at org.apache.ratis.server.impl.LeaderElection.run(LeaderElection.java:133)
	at java.lang.Thread.run(Thread.java:748)
Caused by: org.apache.ratis.thirdparty.io.grpc.StatusRuntimeException: UNAVAILABLE: io exception
	at org.apache.ratis.thirdparty.io.grpc.stub.ClientCalls.toStatusRuntimeException(ClientCalls.java:233)
	at org.apache.ratis.thirdparty.io.grpc.stub.ClientCalls.getUnchecked(ClientCalls.java:214)
	at org.apache.ratis.thirdparty.io.grpc.stub.ClientCalls.blockingUnaryCall(ClientCalls.java:139)
	at org.apache.ratis.proto.grpc.RaftServerProtocolServiceGrpc$RaftServerProtocolServiceBlockingStub.requestVote(RaftServerProtocolServiceGrpc.java:265)
	at org.apache.ratis.grpc.server.GrpcServerProtocolClient.requestVote(GrpcServerProtocolClient.java:99)
	at org.apache.ratis.grpc.server.GrpcService.requestVote(GrpcService.java:204)
	at org.apache.ratis.server.impl.LeaderElection.lambda$submitRequests$1(LeaderElection.java:234)
	at java.util.concurrent.FutureTask.run(FutureTask.java:266)
	at java.util.concurrent.Executors$RunnableAdapter.call(Executors.java:511)
	at java.util.concurrent.FutureTask.run(FutureTask.java:266)
	at java.util.concurrent.ThreadPoolExecutor.runWorker(ThreadPoolExecutor.java:1149)
	at java.util.concurrent.ThreadPoolExecutor$Worker.run(ThreadPoolExecutor.java:624)
	... 1 more
Caused by: org.apache.ratis.thirdparty.io.netty.channel.AbstractChannel$AnnotatedConnectException: Connection refused: /192.168.34.56:46415
	at sun.nio.ch.SocketChannelImpl.checkConnect(Native Method)
	at sun.nio.ch.SocketChannelImpl.finishConnect(SocketChannelImpl.java:717)
	at org.apache.ratis.thirdparty.io.netty.channel.socket.nio.NioSocketChannel.doFinishConnect(NioSocketChannel.java:327)
	at org.apache.ratis.thirdparty.io.netty.channel.nio.AbstractNioChannel$AbstractNioUnsafe.finishConnect(AbstractNioChannel.java:340)
	at org.apache.ratis.thirdparty.io.netty.channel.nio.NioEventLoop.processSelectedKey(NioEventLoop.java:632)
	at org.apache.ratis.thirdparty.io.netty.channel.nio.NioEventLoop.processSelectedKeysOptimized(NioEventLoop.java:579)
	at org.apache.ratis.thirdparty.io.netty.channel.nio.NioEventLoop.processSelectedKeys(NioEventLoop.java:496)
	at org.apache.ratis.thirdparty.io.netty.channel.nio.NioEventLoop.run(NioEventLoop.java:458)
	at org.apache.ratis.thirdparty.io.netty.util.concurrent.SingleThreadEventExecutor$5.run(SingleThreadEventExecutor.java:897)
	at org.apache.ratis.thirdparty.io.netty.util.concurrent.FastThreadLocalRunnable.run(FastThreadLocalRunnable.java:30)
	... 1 more
Caused by: java.net.ConnectException: Connection refused
	... 11 more
2019-10-18 13:01:58,910 [c124d131-afb9-4343-ad4e-aaebde613043@group-FF4202234884-LeaderElection337] INFO  impl.LeaderElection (LogUtils.java:infoOrTrace(149)) -   Exception 1: {}
java.util.concurrent.ExecutionException: org.apache.ratis.thirdparty.io.grpc.StatusRuntimeException: UNAVAILABLE: io exception
	at java.util.concurrent.FutureTask.report(FutureTask.java:122)
	at java.util.concurrent.FutureTask.get(FutureTask.java:192)
	at org.apache.ratis.server.impl.LeaderElection.waitForResults(LeaderElection.java:259)
	at org.apache.ratis.server.impl.LeaderElection.askForVotes(LeaderElection.java:197)
	at org.apache.ratis.server.impl.LeaderElection.run(LeaderElection.java:133)
	at java.lang.Thread.run(Thread.java:748)
Caused by: org.apache.ratis.thirdparty.io.grpc.StatusRuntimeException: UNAVAILABLE: io exception
	at org.apache.ratis.thirdparty.io.grpc.stub.ClientCalls.toStatusRuntimeException(ClientCalls.java:233)
	at org.apache.ratis.thirdparty.io.grpc.stub.ClientCalls.getUnchecked(ClientCalls.java:214)
	at org.apache.ratis.thirdparty.io.grpc.stub.ClientCalls.blockingUnaryCall(ClientCalls.java:139)
	at org.apache.ratis.proto.grpc.RaftServerProtocolServiceGrpc$RaftServerProtocolServiceBlockingStub.requestVote(RaftServerProtocolServiceGrpc.java:265)
	at org.apache.ratis.grpc.server.GrpcServerProtocolClient.requestVote(GrpcServerProtocolClient.java:99)
	at org.apache.ratis.grpc.server.GrpcService.requestVote(GrpcService.java:204)
	at org.apache.ratis.server.impl.LeaderElection.lambda$submitRequests$1(LeaderElection.java:234)
	at java.util.concurrent.FutureTask.run(FutureTask.java:266)
	at java.util.concurrent.Executors$RunnableAdapter.call(Executors.java:511)
	at java.util.concurrent.FutureTask.run(FutureTask.java:266)
	at java.util.concurrent.ThreadPoolExecutor.runWorker(ThreadPoolExecutor.java:1149)
	at java.util.concurrent.ThreadPoolExecutor$Worker.run(ThreadPoolExecutor.java:624)
	... 1 more
Caused by: org.apache.ratis.thirdparty.io.netty.channel.AbstractChannel$AnnotatedConnectException: Connection refused: /192.168.34.56:36658
	at sun.nio.ch.SocketChannelImpl.checkConnect(Native Method)
	at sun.nio.ch.SocketChannelImpl.finishConnect(SocketChannelImpl.java:717)
	at org.apache.ratis.thirdparty.io.netty.channel.socket.nio.NioSocketChannel.doFinishConnect(NioSocketChannel.java:327)
	at org.apache.ratis.thirdparty.io.netty.channel.nio.AbstractNioChannel$AbstractNioUnsafe.finishConnect(AbstractNioChannel.java:340)
	at org.apache.ratis.thirdparty.io.netty.channel.nio.NioEventLoop.processSelectedKey(NioEventLoop.java:632)
	at org.apache.ratis.thirdparty.io.netty.channel.nio.NioEventLoop.processSelectedKeysOptimized(NioEventLoop.java:579)
	at org.apache.ratis.thirdparty.io.netty.channel.nio.NioEventLoop.processSelectedKeys(NioEventLoop.java:496)
	at org.apache.ratis.thirdparty.io.netty.channel.nio.NioEventLoop.run(NioEventLoop.java:458)
	at org.apache.ratis.thirdparty.io.netty.util.concurrent.SingleThreadEventExecutor$5.run(SingleThreadEventExecutor.java:897)
	at org.apache.ratis.thirdparty.io.netty.util.concurrent.FastThreadLocalRunnable.run(FastThreadLocalRunnable.java:30)
	... 1 more
Caused by: java.net.ConnectException: Connection refused
	... 11 more
2019-10-18 13:01:58,911 [893cf03e-f2cf-478a-892a-a746717e50e3@group-187684C21557-LeaderElection338] INFO  impl.RaftServerImpl (RaftServerImpl.java:setRole(184)) - 893cf03e-f2cf-478a-892a-a746717e50e3@group-187684C21557: changes role from CANDIDATE to FOLLOWER at term 198 for DISCOVERED_A_NEW_TERM
2019-10-18 13:01:58,912 [893cf03e-f2cf-478a-892a-a746717e50e3@group-187684C21557-LeaderElection338] INFO  impl.RoleInfo (RoleInfo.java:shutdownLeaderElection(134)) - 893cf03e-f2cf-478a-892a-a746717e50e3: shutdown LeaderElection
2019-10-18 13:01:58,911 [018b3f78-d19f-4e26-a796-cb8ddc4f97cf@group-187684C21557-LeaderElection336] INFO  impl.RoleInfo (RoleInfo.java:updateAndGet(143)) - 018b3f78-d19f-4e26-a796-cb8ddc4f97cf: start FollowerState
2019-10-18 13:01:58,912 [893cf03e-f2cf-478a-892a-a746717e50e3@group-187684C21557-LeaderElection338] INFO  impl.RoleInfo (RoleInfo.java:updateAndGet(143)) - 893cf03e-f2cf-478a-892a-a746717e50e3: start FollowerState
2019-10-18 13:01:58,912 [c124d131-afb9-4343-ad4e-aaebde613043@group-FF4202234884-LeaderElection337] INFO  impl.RaftServerImpl (RaftServerImpl.java:setRole(184)) - c124d131-afb9-4343-ad4e-aaebde613043@group-FF4202234884: changes role from CANDIDATE to FOLLOWER at term 185 for DISCOVERED_A_NEW_TERM
2019-10-18 13:01:58,912 [c124d131-afb9-4343-ad4e-aaebde613043@group-FF4202234884-LeaderElection337] INFO  impl.RoleInfo (RoleInfo.java:shutdownLeaderElection(134)) - c124d131-afb9-4343-ad4e-aaebde613043: shutdown LeaderElection
2019-10-18 13:01:58,912 [c124d131-afb9-4343-ad4e-aaebde613043@group-FF4202234884-LeaderElection337] INFO  impl.RoleInfo (RoleInfo.java:updateAndGet(143)) - c124d131-afb9-4343-ad4e-aaebde613043: start FollowerState
2019-10-18 13:01:59,062 [Thread-2749] INFO  impl.FollowerState (FollowerState.java:run(108)) - 018b3f78-d19f-4e26-a796-cb8ddc4f97cf@group-187684C21557-FollowerState: change to CANDIDATE, lastRpcTime:151ms, electionTimeout:150ms
2019-10-18 13:01:59,062 [Thread-2749] INFO  impl.RoleInfo (RoleInfo.java:shutdownFollowerState(121)) - 018b3f78-d19f-4e26-a796-cb8ddc4f97cf: shutdown FollowerState
2019-10-18 13:01:59,063 [Thread-2749] INFO  impl.RaftServerImpl (RaftServerImpl.java:setRole(184)) - 018b3f78-d19f-4e26-a796-cb8ddc4f97cf@group-187684C21557: changes role from  FOLLOWER to CANDIDATE at term 198 for changeToCandidate
2019-10-18 13:01:59,063 [Thread-2749] INFO  impl.RoleInfo (RoleInfo.java:updateAndGet(143)) - 018b3f78-d19f-4e26-a796-cb8ddc4f97cf: start LeaderElection
2019-10-18 13:01:59,072 [Thread-2751] INFO  impl.FollowerState (FollowerState.java:run(108)) - c124d131-afb9-4343-ad4e-aaebde613043@group-FF4202234884-FollowerState: change to CANDIDATE, lastRpcTime:159ms, electionTimeout:159ms
2019-10-18 13:01:59,072 [Thread-2751] INFO  impl.RoleInfo (RoleInfo.java:shutdownFollowerState(121)) - c124d131-afb9-4343-ad4e-aaebde613043: shutdown FollowerState
2019-10-18 13:01:59,072 [Thread-2751] INFO  impl.RaftServerImpl (RaftServerImpl.java:setRole(184)) - c124d131-afb9-4343-ad4e-aaebde613043@group-FF4202234884: changes role from  FOLLOWER to CANDIDATE at term 185 for changeToCandidate
2019-10-18 13:01:59,072 [Thread-2751] INFO  impl.RoleInfo (RoleInfo.java:updateAndGet(143)) - c124d131-afb9-4343-ad4e-aaebde613043: start LeaderElection
2019-10-18 13:01:59,088 [018b3f78-d19f-4e26-a796-cb8ddc4f97cf@group-187684C21557-LeaderElection339] INFO  impl.LeaderElection (LeaderElection.java:askForVotes(178)) - 018b3f78-d19f-4e26-a796-cb8ddc4f97cf@group-187684C21557-LeaderElection339: begin an election at term 199 for -1: [893cf03e-f2cf-478a-892a-a746717e50e3:192.168.34.56:40750, 8697df36-98d2-41b1-bdc7-60597b3b5526:192.168.34.56:46415, 018b3f78-d19f-4e26-a796-cb8ddc4f97cf:192.168.34.56:35845], old=null
2019-10-18 13:01:59,088 [c124d131-afb9-4343-ad4e-aaebde613043@group-FF4202234884-LeaderElection340] INFO  impl.LeaderElection (LeaderElection.java:askForVotes(178)) - c124d131-afb9-4343-ad4e-aaebde613043@group-FF4202234884-LeaderElection340: begin an election at term 186 for -1: [999343e7-0330-4874-a345-91eca72585e0:192.168.34.56:44872, c124d131-afb9-4343-ad4e-aaebde613043:192.168.34.56:42116, e5bb327f-cdd7-4e49-919e-13a4c895fddf:192.168.34.56:36658], old=null
2019-10-18 13:01:59,089 [c124d131-afb9-4343-ad4e-aaebde613043@group-FF4202234884-LeaderElection340] INFO  impl.LeaderElection (LogUtils.java:infoOrTrace(149)) - c124d131-afb9-4343-ad4e-aaebde613043@group-FF4202234884-LeaderElection340 got exception when requesting votes: {}
java.util.concurrent.ExecutionException: org.apache.ratis.thirdparty.io.grpc.StatusRuntimeException: UNAVAILABLE: io exception
	at java.util.concurrent.FutureTask.report(FutureTask.java:122)
	at java.util.concurrent.FutureTask.get(FutureTask.java:192)
	at org.apache.ratis.server.impl.LeaderElection.waitForResults(LeaderElection.java:259)
	at org.apache.ratis.server.impl.LeaderElection.askForVotes(LeaderElection.java:197)
	at org.apache.ratis.server.impl.LeaderElection.run(LeaderElection.java:133)
	at java.lang.Thread.run(Thread.java:748)
Caused by: org.apache.ratis.thirdparty.io.grpc.StatusRuntimeException: UNAVAILABLE: io exception
	at org.apache.ratis.thirdparty.io.grpc.stub.ClientCalls.toStatusRuntimeException(ClientCalls.java:233)
	at org.apache.ratis.thirdparty.io.grpc.stub.ClientCalls.getUnchecked(ClientCalls.java:214)
	at org.apache.ratis.thirdparty.io.grpc.stub.ClientCalls.blockingUnaryCall(ClientCalls.java:139)
	at org.apache.ratis.proto.grpc.RaftServerProtocolServiceGrpc$RaftServerProtocolServiceBlockingStub.requestVote(RaftServerProtocolServiceGrpc.java:265)
	at org.apache.ratis.grpc.server.GrpcServerProtocolClient.requestVote(GrpcServerProtocolClient.java:99)
	at org.apache.ratis.grpc.server.GrpcService.requestVote(GrpcService.java:204)
	at org.apache.ratis.server.impl.LeaderElection.lambda$submitRequests$1(LeaderElection.java:234)
	at java.util.concurrent.FutureTask.run(FutureTask.java:266)
	at java.util.concurrent.Executors$RunnableAdapter.call(Executors.java:511)
	at java.util.concurrent.FutureTask.run(FutureTask.java:266)
	at java.util.concurrent.ThreadPoolExecutor.runWorker(ThreadPoolExecutor.java:1149)
	at java.util.concurrent.ThreadPoolExecutor$Worker.run(ThreadPoolExecutor.java:624)
	... 1 more
Caused by: org.apache.ratis.thirdparty.io.netty.channel.AbstractChannel$AnnotatedConnectException: Connection refused: /192.168.34.56:44872
	at sun.nio.ch.SocketChannelImpl.checkConnect(Native Method)
	at sun.nio.ch.SocketChannelImpl.finishConnect(SocketChannelImpl.java:717)
	at org.apache.ratis.thirdparty.io.netty.channel.socket.nio.NioSocketChannel.doFinishConnect(NioSocketChannel.java:327)
	at org.apache.ratis.thirdparty.io.netty.channel.nio.AbstractNioChannel$AbstractNioUnsafe.finishConnect(AbstractNioChannel.java:340)
	at org.apache.ratis.thirdparty.io.netty.channel.nio.NioEventLoop.processSelectedKey(NioEventLoop.java:632)
	at org.apache.ratis.thirdparty.io.netty.channel.nio.NioEventLoop.processSelectedKeysOptimized(NioEventLoop.java:579)
	at org.apache.ratis.thirdparty.io.netty.channel.nio.NioEventLoop.processSelectedKeys(NioEventLoop.java:496)
	at org.apache.ratis.thirdparty.io.netty.channel.nio.NioEventLoop.run(NioEventLoop.java:458)
	at org.apache.ratis.thirdparty.io.netty.util.concurrent.SingleThreadEventExecutor$5.run(SingleThreadEventExecutor.java:897)
	at org.apache.ratis.thirdparty.io.netty.util.concurrent.FastThreadLocalRunnable.run(FastThreadLocalRunnable.java:30)
	... 1 more
Caused by: java.net.ConnectException: Connection refused
	... 11 more
2019-10-18 13:01:59,089 [018b3f78-d19f-4e26-a796-cb8ddc4f97cf@group-187684C21557-LeaderElection339] INFO  impl.LeaderElection (LogUtils.java:infoOrTrace(149)) - 018b3f78-d19f-4e26-a796-cb8ddc4f97cf@group-187684C21557-LeaderElection339 got exception when requesting votes: {}
java.util.concurrent.ExecutionException: org.apache.ratis.thirdparty.io.grpc.StatusRuntimeException: UNAVAILABLE: io exception
	at java.util.concurrent.FutureTask.report(FutureTask.java:122)
	at java.util.concurrent.FutureTask.get(FutureTask.java:192)
	at org.apache.ratis.server.impl.LeaderElection.waitForResults(LeaderElection.java:259)
	at org.apache.ratis.server.impl.LeaderElection.askForVotes(LeaderElection.java:197)
	at org.apache.ratis.server.impl.LeaderElection.run(LeaderElection.java:133)
	at java.lang.Thread.run(Thread.java:748)
Caused by: org.apache.ratis.thirdparty.io.grpc.StatusRuntimeException: UNAVAILABLE: io exception
	at org.apache.ratis.thirdparty.io.grpc.stub.ClientCalls.toStatusRuntimeException(ClientCalls.java:233)
	at org.apache.ratis.thirdparty.io.grpc.stub.ClientCalls.getUnchecked(ClientCalls.java:214)
	at org.apache.ratis.thirdparty.io.grpc.stub.ClientCalls.blockingUnaryCall(ClientCalls.java:139)
	at org.apache.ratis.proto.grpc.RaftServerProtocolServiceGrpc$RaftServerProtocolServiceBlockingStub.requestVote(RaftServerProtocolServiceGrpc.java:265)
	at org.apache.ratis.grpc.server.GrpcServerProtocolClient.requestVote(GrpcServerProtocolClient.java:99)
	at org.apache.ratis.grpc.server.GrpcService.requestVote(GrpcService.java:204)
	at org.apache.ratis.server.impl.LeaderElection.lambda$submitRequests$1(LeaderElection.java:234)
	at java.util.concurrent.FutureTask.run(FutureTask.java:266)
	at java.util.concurrent.Executors$RunnableAdapter.call(Executors.java:511)
	at java.util.concurrent.FutureTask.run(FutureTask.java:266)
	at java.util.concurrent.ThreadPoolExecutor.runWorker(ThreadPoolExecutor.java:1149)
	at java.util.concurrent.ThreadPoolExecutor$Worker.run(ThreadPoolExecutor.java:624)
	... 1 more
Caused by: org.apache.ratis.thirdparty.io.netty.channel.AbstractChannel$AnnotatedConnectException: Connection refused: /192.168.34.56:46415
	at sun.nio.ch.SocketChannelImpl.checkConnect(Native Method)
	at sun.nio.ch.SocketChannelImpl.finishConnect(SocketChannelImpl.java:717)
	at org.apache.ratis.thirdparty.io.netty.channel.socket.nio.NioSocketChannel.doFinishConnect(NioSocketChannel.java:327)
	at org.apache.ratis.thirdparty.io.netty.channel.nio.AbstractNioChannel$AbstractNioUnsafe.finishConnect(AbstractNioChannel.java:340)
	at org.apache.ratis.thirdparty.io.netty.channel.nio.NioEventLoop.processSelectedKey(NioEventLoop.java:632)
	at org.apache.ratis.thirdparty.io.netty.channel.nio.NioEventLoop.processSelectedKeysOptimized(NioEventLoop.java:579)
	at org.apache.ratis.thirdparty.io.netty.channel.nio.NioEventLoop.processSelectedKeys(NioEventLoop.java:496)
	at org.apache.ratis.thirdparty.io.netty.channel.nio.NioEventLoop.run(NioEventLoop.java:458)
	at org.apache.ratis.thirdparty.io.netty.util.concurrent.SingleThreadEventExecutor$5.run(SingleThreadEventExecutor.java:897)
	at org.apache.ratis.thirdparty.io.netty.util.concurrent.FastThreadLocalRunnable.run(FastThreadLocalRunnable.java:30)
	... 1 more
Caused by: java.net.ConnectException: Connection refused
	... 11 more
2019-10-18 13:01:59,090 [c124d131-afb9-4343-ad4e-aaebde613043@group-FF4202234884-LeaderElection340] INFO  impl.LeaderElection (LogUtils.java:infoOrTrace(149)) - c124d131-afb9-4343-ad4e-aaebde613043@group-FF4202234884-LeaderElection340 got exception when requesting votes: {}
java.util.concurrent.ExecutionException: org.apache.ratis.thirdparty.io.grpc.StatusRuntimeException: UNAVAILABLE: io exception
	at java.util.concurrent.FutureTask.report(FutureTask.java:122)
	at java.util.concurrent.FutureTask.get(FutureTask.java:192)
	at org.apache.ratis.server.impl.LeaderElection.waitForResults(LeaderElection.java:259)
	at org.apache.ratis.server.impl.LeaderElection.askForVotes(LeaderElection.java:197)
	at org.apache.ratis.server.impl.LeaderElection.run(LeaderElection.java:133)
	at java.lang.Thread.run(Thread.java:748)
Caused by: org.apache.ratis.thirdparty.io.grpc.StatusRuntimeException: UNAVAILABLE: io exception
	at org.apache.ratis.thirdparty.io.grpc.stub.ClientCalls.toStatusRuntimeException(ClientCalls.java:233)
	at org.apache.ratis.thirdparty.io.grpc.stub.ClientCalls.getUnchecked(ClientCalls.java:214)
	at org.apache.ratis.thirdparty.io.grpc.stub.ClientCalls.blockingUnaryCall(ClientCalls.java:139)
	at org.apache.ratis.proto.grpc.RaftServerProtocolServiceGrpc$RaftServerProtocolServiceBlockingStub.requestVote(RaftServerProtocolServiceGrpc.java:265)
	at org.apache.ratis.grpc.server.GrpcServerProtocolClient.requestVote(GrpcServerProtocolClient.java:99)
	at org.apache.ratis.grpc.server.GrpcService.requestVote(GrpcService.java:204)
	at org.apache.ratis.server.impl.LeaderElection.lambda$submitRequests$1(LeaderElection.java:234)
	at java.util.concurrent.FutureTask.run(FutureTask.java:266)
	at java.util.concurrent.Executors$RunnableAdapter.call(Executors.java:511)
	at java.util.concurrent.FutureTask.run(FutureTask.java:266)
	at java.util.concurrent.ThreadPoolExecutor.runWorker(ThreadPoolExecutor.java:1149)
	at java.util.concurrent.ThreadPoolExecutor$Worker.run(ThreadPoolExecutor.java:624)
	... 1 more
Caused by: org.apache.ratis.thirdparty.io.netty.channel.AbstractChannel$AnnotatedConnectException: Connection refused: /192.168.34.56:36658
	at sun.nio.ch.SocketChannelImpl.checkConnect(Native Method)
	at sun.nio.ch.SocketChannelImpl.finishConnect(SocketChannelImpl.java:717)
	at org.apache.ratis.thirdparty.io.netty.channel.socket.nio.NioSocketChannel.doFinishConnect(NioSocketChannel.java:327)
	at org.apache.ratis.thirdparty.io.netty.channel.nio.AbstractNioChannel$AbstractNioUnsafe.finishConnect(AbstractNioChannel.java:340)
	at org.apache.ratis.thirdparty.io.netty.channel.nio.NioEventLoop.processSelectedKey(NioEventLoop.java:632)
	at org.apache.ratis.thirdparty.io.netty.channel.nio.NioEventLoop.processSelectedKeysOptimized(NioEventLoop.java:579)
	at org.apache.ratis.thirdparty.io.netty.channel.nio.NioEventLoop.processSelectedKeys(NioEventLoop.java:496)
	at org.apache.ratis.thirdparty.io.netty.channel.nio.NioEventLoop.run(NioEventLoop.java:458)
	at org.apache.ratis.thirdparty.io.netty.util.concurrent.SingleThreadEventExecutor$5.run(SingleThreadEventExecutor.java:897)
	at org.apache.ratis.thirdparty.io.netty.util.concurrent.FastThreadLocalRunnable.run(FastThreadLocalRunnable.java:30)
	... 1 more
Caused by: java.net.ConnectException: Connection refused
	... 11 more
2019-10-18 13:01:59,090 [grpc-default-executor-7] INFO  impl.RaftServerImpl (RaftServerImpl.java:setRole(184)) - 893cf03e-f2cf-478a-892a-a746717e50e3@group-187684C21557: changes role from  FOLLOWER to FOLLOWER at term 199 for recognizeCandidate:018b3f78-d19f-4e26-a796-cb8ddc4f97cf
2019-10-18 13:01:59,090 [c124d131-afb9-4343-ad4e-aaebde613043@group-FF4202234884-LeaderElection340] INFO  impl.LeaderElection (LeaderElection.java:logAndReturn(56)) - c124d131-afb9-4343-ad4e-aaebde613043@group-FF4202234884-LeaderElection340: Election REJECTED; received 0 response(s) [] and 2 exception(s); c124d131-afb9-4343-ad4e-aaebde613043@group-FF4202234884:t186, leader=null, voted=c124d131-afb9-4343-ad4e-aaebde613043, raftlog=c124d131-afb9-4343-ad4e-aaebde613043@group-FF4202234884-SegmentedRaftLog:OPENED:c-1,f-1,i0, conf=-1: [999343e7-0330-4874-a345-91eca72585e0:192.168.34.56:44872, c124d131-afb9-4343-ad4e-aaebde613043:192.168.34.56:42116, e5bb327f-cdd7-4e49-919e-13a4c895fddf:192.168.34.56:36658], old=null
2019-10-18 13:01:59,090 [grpc-default-executor-7] INFO  impl.RoleInfo (RoleInfo.java:shutdownFollowerState(121)) - 893cf03e-f2cf-478a-892a-a746717e50e3: shutdown FollowerState
2019-10-18 13:01:59,090 [c124d131-afb9-4343-ad4e-aaebde613043@group-FF4202234884-LeaderElection340] INFO  impl.LeaderElection (LogUtils.java:infoOrTrace(149)) -   Exception 0: {}
java.util.concurrent.ExecutionException: org.apache.ratis.thirdparty.io.grpc.StatusRuntimeException: UNAVAILABLE: io exception
	at java.util.concurrent.FutureTask.report(FutureTask.java:122)
	at java.util.concurrent.FutureTask.get(FutureTask.java:192)
	at org.apache.ratis.server.impl.LeaderElection.waitForResults(LeaderElection.java:259)
	at org.apache.ratis.server.impl.LeaderElection.askForVotes(LeaderElection.java:197)
	at org.apache.ratis.server.impl.LeaderElection.run(LeaderElection.java:133)
	at java.lang.Thread.run(Thread.java:748)
Caused by: org.apache.ratis.thirdparty.io.grpc.StatusRuntimeException: UNAVAILABLE: io exception
	at org.apache.ratis.thirdparty.io.grpc.stub.ClientCalls.toStatusRuntimeException(ClientCalls.java:233)
	at org.apache.ratis.thirdparty.io.grpc.stub.ClientCalls.getUnchecked(ClientCalls.java:214)
	at org.apache.ratis.thirdparty.io.grpc.stub.ClientCalls.blockingUnaryCall(ClientCalls.java:139)
	at org.apache.ratis.proto.grpc.RaftServerProtocolServiceGrpc$RaftServerProtocolServiceBlockingStub.requestVote(RaftServerProtocolServiceGrpc.java:265)
	at org.apache.ratis.grpc.server.GrpcServerProtocolClient.requestVote(GrpcServerProtocolClient.java:99)
	at org.apache.ratis.grpc.server.GrpcService.requestVote(GrpcService.java:204)
	at org.apache.ratis.server.impl.LeaderElection.lambda$submitRequests$1(LeaderElection.java:234)
	at java.util.concurrent.FutureTask.run(FutureTask.java:266)
	at java.util.concurrent.Executors$RunnableAdapter.call(Executors.java:511)
	at java.util.concurrent.FutureTask.run(FutureTask.java:266)
	at java.util.concurrent.ThreadPoolExecutor.runWorker(ThreadPoolExecutor.java:1149)
	at java.util.concurrent.ThreadPoolExecutor$Worker.run(ThreadPoolExecutor.java:624)
	... 1 more
Caused by: org.apache.ratis.thirdparty.io.netty.channel.AbstractChannel$AnnotatedConnectException: Connection refused: /192.168.34.56:44872
	at sun.nio.ch.SocketChannelImpl.checkConnect(Native Method)
	at sun.nio.ch.SocketChannelImpl.finishConnect(SocketChannelImpl.java:717)
	at org.apache.ratis.thirdparty.io.netty.channel.socket.nio.NioSocketChannel.doFinishConnect(NioSocketChannel.java:327)
	at org.apache.ratis.thirdparty.io.netty.channel.nio.AbstractNioChannel$AbstractNioUnsafe.finishConnect(AbstractNioChannel.java:340)
	at org.apache.ratis.thirdparty.io.netty.channel.nio.NioEventLoop.processSelectedKey(NioEventLoop.java:632)
	at org.apache.ratis.thirdparty.io.netty.channel.nio.NioEventLoop.processSelectedKeysOptimized(NioEventLoop.java:579)
	at org.apache.ratis.thirdparty.io.netty.channel.nio.NioEventLoop.processSelectedKeys(NioEventLoop.java:496)
	at org.apache.ratis.thirdparty.io.netty.channel.nio.NioEventLoop.run(NioEventLoop.java:458)
	at org.apache.ratis.thirdparty.io.netty.util.concurrent.SingleThreadEventExecutor$5.run(SingleThreadEventExecutor.java:897)
	at org.apache.ratis.thirdparty.io.netty.util.concurrent.FastThreadLocalRunnable.run(FastThreadLocalRunnable.java:30)
	... 1 more
Caused by: java.net.ConnectException: Connection refused
	... 11 more
2019-10-18 13:01:59,091 [Thread-2750] INFO  impl.FollowerState (FollowerState.java:run(117)) - 893cf03e-f2cf-478a-892a-a746717e50e3@group-187684C21557-FollowerState was interrupted: java.lang.InterruptedException: sleep interrupted
2019-10-18 13:01:59,091 [grpc-default-executor-7] INFO  impl.RoleInfo (RoleInfo.java:updateAndGet(143)) - 893cf03e-f2cf-478a-892a-a746717e50e3: start FollowerState
2019-10-18 13:01:59,091 [c124d131-afb9-4343-ad4e-aaebde613043@group-FF4202234884-LeaderElection340] INFO  impl.LeaderElection (LogUtils.java:infoOrTrace(149)) -   Exception 1: {}
java.util.concurrent.ExecutionException: org.apache.ratis.thirdparty.io.grpc.StatusRuntimeException: UNAVAILABLE: io exception
	at java.util.concurrent.FutureTask.report(FutureTask.java:122)
	at java.util.concurrent.FutureTask.get(FutureTask.java:192)
	at org.apache.ratis.server.impl.LeaderElection.waitForResults(LeaderElection.java:259)
	at org.apache.ratis.server.impl.LeaderElection.askForVotes(LeaderElection.java:197)
	at org.apache.ratis.server.impl.LeaderElection.run(LeaderElection.java:133)
	at java.lang.Thread.run(Thread.java:748)
Caused by: org.apache.ratis.thirdparty.io.grpc.StatusRuntimeException: UNAVAILABLE: io exception
	at org.apache.ratis.thirdparty.io.grpc.stub.ClientCalls.toStatusRuntimeException(ClientCalls.java:233)
	at org.apache.ratis.thirdparty.io.grpc.stub.ClientCalls.getUnchecked(ClientCalls.java:214)
	at org.apache.ratis.thirdparty.io.grpc.stub.ClientCalls.blockingUnaryCall(ClientCalls.java:139)
	at org.apache.ratis.proto.grpc.RaftServerProtocolServiceGrpc$RaftServerProtocolServiceBlockingStub.requestVote(RaftServerProtocolServiceGrpc.java:265)
	at org.apache.ratis.grpc.server.GrpcServerProtocolClient.requestVote(GrpcServerProtocolClient.java:99)
	at org.apache.ratis.grpc.server.GrpcService.requestVote(GrpcService.java:204)
	at org.apache.ratis.server.impl.LeaderElection.lambda$submitRequests$1(LeaderElection.java:234)
	at java.util.concurrent.FutureTask.run(FutureTask.java:266)
	at java.util.concurrent.Executors$RunnableAdapter.call(Executors.java:511)
	at java.util.concurrent.FutureTask.run(FutureTask.java:266)
	at java.util.concurrent.ThreadPoolExecutor.runWorker(ThreadPoolExecutor.java:1149)
	at java.util.concurrent.ThreadPoolExecutor$Worker.run(ThreadPoolExecutor.java:624)
	... 1 more
Caused by: org.apache.ratis.thirdparty.io.netty.channel.AbstractChannel$AnnotatedConnectException: Connection refused: /192.168.34.56:36658
	at sun.nio.ch.SocketChannelImpl.checkConnect(Native Method)
	at sun.nio.ch.SocketChannelImpl.finishConnect(SocketChannelImpl.java:717)
	at org.apache.ratis.thirdparty.io.netty.channel.socket.nio.NioSocketChannel.doFinishConnect(NioSocketChannel.java:327)
	at org.apache.ratis.thirdparty.io.netty.channel.nio.AbstractNioChannel$AbstractNioUnsafe.finishConnect(AbstractNioChannel.java:340)
	at org.apache.ratis.thirdparty.io.netty.channel.nio.NioEventLoop.processSelectedKey(NioEventLoop.java:632)
	at org.apache.ratis.thirdparty.io.netty.channel.nio.NioEventLoop.processSelectedKeysOptimized(NioEventLoop.java:579)
	at org.apache.ratis.thirdparty.io.netty.channel.nio.NioEventLoop.processSelectedKeys(NioEventLoop.java:496)
	at org.apache.ratis.thirdparty.io.netty.channel.nio.NioEventLoop.run(NioEventLoop.java:458)
	at org.apache.ratis.thirdparty.io.netty.util.concurrent.SingleThreadEventExecutor$5.run(SingleThreadEventExecutor.java:897)
	at org.apache.ratis.thirdparty.io.netty.util.concurrent.FastThreadLocalRunnable.run(FastThreadLocalRunnable.java:30)
	... 1 more
Caused by: java.net.ConnectException: Connection refused
	... 11 more
2019-10-18 13:01:59,091 [c124d131-afb9-4343-ad4e-aaebde613043@group-FF4202234884-LeaderElection340] INFO  impl.RaftServerImpl (RaftServerImpl.java:setRole(184)) - c124d131-afb9-4343-ad4e-aaebde613043@group-FF4202234884: changes role from CANDIDATE to FOLLOWER at term 186 for DISCOVERED_A_NEW_TERM
2019-10-18 13:01:59,091 [c124d131-afb9-4343-ad4e-aaebde613043@group-FF4202234884-LeaderElection340] INFO  impl.RoleInfo (RoleInfo.java:shutdownLeaderElection(134)) - c124d131-afb9-4343-ad4e-aaebde613043: shutdown LeaderElection
2019-10-18 13:01:59,092 [c124d131-afb9-4343-ad4e-aaebde613043@group-FF4202234884-LeaderElection340] INFO  impl.RoleInfo (RoleInfo.java:updateAndGet(143)) - c124d131-afb9-4343-ad4e-aaebde613043: start FollowerState
2019-10-18 13:01:59,156 [018b3f78-d19f-4e26-a796-cb8ddc4f97cf@group-187684C21557-LeaderElection339] INFO  impl.LeaderElection (LeaderElection.java:logAndReturn(56)) - 018b3f78-d19f-4e26-a796-cb8ddc4f97cf@group-187684C21557-LeaderElection339: Election REJECTED; received 1 response(s) [018b3f78-d19f-4e26-a796-cb8ddc4f97cf<-893cf03e-f2cf-478a-892a-a746717e50e3#0:FAIL-t199] and 1 exception(s); 018b3f78-d19f-4e26-a796-cb8ddc4f97cf@group-187684C21557:t199, leader=null, voted=018b3f78-d19f-4e26-a796-cb8ddc4f97cf, raftlog=018b3f78-d19f-4e26-a796-cb8ddc4f97cf@group-187684C21557-SegmentedRaftLog:OPENED:c-1,f-1,i0, conf=-1: [893cf03e-f2cf-478a-892a-a746717e50e3:192.168.34.56:40750, 8697df36-98d2-41b1-bdc7-60597b3b5526:192.168.34.56:46415, 018b3f78-d19f-4e26-a796-cb8ddc4f97cf:192.168.34.56:35845], old=null
2019-10-18 13:01:59,156 [018b3f78-d19f-4e26-a796-cb8ddc4f97cf@group-187684C21557-LeaderElection339] INFO  impl.LeaderElection (LogUtils.java:infoOrTrace(149)) -   Exception 0: {}
java.util.concurrent.ExecutionException: org.apache.ratis.thirdparty.io.grpc.StatusRuntimeException: UNAVAILABLE: io exception
	at java.util.concurrent.FutureTask.report(FutureTask.java:122)
	at java.util.concurrent.FutureTask.get(FutureTask.java:192)
	at org.apache.ratis.server.impl.LeaderElection.waitForResults(LeaderElection.java:259)
	at org.apache.ratis.server.impl.LeaderElection.askForVotes(LeaderElection.java:197)
	at org.apache.ratis.server.impl.LeaderElection.run(LeaderElection.java:133)
	at java.lang.Thread.run(Thread.java:748)
Caused by: org.apache.ratis.thirdparty.io.grpc.StatusRuntimeException: UNAVAILABLE: io exception
	at org.apache.ratis.thirdparty.io.grpc.stub.ClientCalls.toStatusRuntimeException(ClientCalls.java:233)
	at org.apache.ratis.thirdparty.io.grpc.stub.ClientCalls.getUnchecked(ClientCalls.java:214)
	at org.apache.ratis.thirdparty.io.grpc.stub.ClientCalls.blockingUnaryCall(ClientCalls.java:139)
	at org.apache.ratis.proto.grpc.RaftServerProtocolServiceGrpc$RaftServerProtocolServiceBlockingStub.requestVote(RaftServerProtocolServiceGrpc.java:265)
	at org.apache.ratis.grpc.server.GrpcServerProtocolClient.requestVote(GrpcServerProtocolClient.java:99)
	at org.apache.ratis.grpc.server.GrpcService.requestVote(GrpcService.java:204)
	at org.apache.ratis.server.impl.LeaderElection.lambda$submitRequests$1(LeaderElection.java:234)
	at java.util.concurrent.FutureTask.run(FutureTask.java:266)
	at java.util.concurrent.Executors$RunnableAdapter.call(Executors.java:511)
	at java.util.concurrent.FutureTask.run(FutureTask.java:266)
	at java.util.concurrent.ThreadPoolExecutor.runWorker(ThreadPoolExecutor.java:1149)
	at java.util.concurrent.ThreadPoolExecutor$Worker.run(ThreadPoolExecutor.java:624)
	... 1 more
Caused by: org.apache.ratis.thirdparty.io.netty.channel.AbstractChannel$AnnotatedConnectException: Connection refused: /192.168.34.56:46415
	at sun.nio.ch.SocketChannelImpl.checkConnect(Native Method)
	at sun.nio.ch.SocketChannelImpl.finishConnect(SocketChannelImpl.java:717)
	at org.apache.ratis.thirdparty.io.netty.channel.socket.nio.NioSocketChannel.doFinishConnect(NioSocketChannel.java:327)
	at org.apache.ratis.thirdparty.io.netty.channel.nio.AbstractNioChannel$AbstractNioUnsafe.finishConnect(AbstractNioChannel.java:340)
	at org.apache.ratis.thirdparty.io.netty.channel.nio.NioEventLoop.processSelectedKey(NioEventLoop.java:632)
	at org.apache.ratis.thirdparty.io.netty.channel.nio.NioEventLoop.processSelectedKeysOptimized(NioEventLoop.java:579)
	at org.apache.ratis.thirdparty.io.netty.channel.nio.NioEventLoop.processSelectedKeys(NioEventLoop.java:496)
	at org.apache.ratis.thirdparty.io.netty.channel.nio.NioEventLoop.run(NioEventLoop.java:458)
	at org.apache.ratis.thirdparty.io.netty.util.concurrent.SingleThreadEventExecutor$5.run(SingleThreadEventExecutor.java:897)
	at org.apache.ratis.thirdparty.io.netty.util.concurrent.FastThreadLocalRunnable.run(FastThreadLocalRunnable.java:30)
	... 1 more
Caused by: java.net.ConnectException: Connection refused
	... 11 more
2019-10-18 13:01:59,157 [018b3f78-d19f-4e26-a796-cb8ddc4f97cf@group-187684C21557-LeaderElection339] INFO  impl.RaftServerImpl (RaftServerImpl.java:setRole(184)) - 018b3f78-d19f-4e26-a796-cb8ddc4f97cf@group-187684C21557: changes role from CANDIDATE to FOLLOWER at term 199 for DISCOVERED_A_NEW_TERM
2019-10-18 13:01:59,157 [018b3f78-d19f-4e26-a796-cb8ddc4f97cf@group-187684C21557-LeaderElection339] INFO  impl.RoleInfo (RoleInfo.java:shutdownLeaderElection(134)) - 018b3f78-d19f-4e26-a796-cb8ddc4f97cf: shutdown LeaderElection
2019-10-18 13:01:59,157 [018b3f78-d19f-4e26-a796-cb8ddc4f97cf@group-187684C21557-LeaderElection339] INFO  impl.RoleInfo (RoleInfo.java:updateAndGet(143)) - 018b3f78-d19f-4e26-a796-cb8ddc4f97cf: start FollowerState
2019-10-18 13:01:59,187 [java.util.concurrent.ThreadPoolExecutor$Worker@7a2507ec[State = -1, empty queue]] WARN  server.GrpcLogAppender (GrpcLogAppender.java:timeoutAppendRequest(209)) - 17618ccc-f51c-4f14-92cf-842ef2c05e35@group-08BD6F798C58->32d97539-eb73-46c6-a759-05f11ff00f4c-GrpcLogAppender: appendEntries Timeout, request=17618ccc-f51c-4f14-92cf-842ef2c05e35->32d97539-eb73-46c6-a759-05f11ff00f4c#82-t10, previous=(t:10, i:19), leaderCommit=19, initializing? false, entries: <empty>
2019-10-18 13:01:59,193 [Thread-2760] INFO  impl.FollowerState (FollowerState.java:run(108)) - 018b3f78-d19f-4e26-a796-cb8ddc4f97cf@group-187684C21557-FollowerState: change to CANDIDATE, lastRpcTime:36ms, electionTimeout:36ms
2019-10-18 13:01:59,193 [Thread-2760] INFO  impl.RoleInfo (RoleInfo.java:shutdownFollowerState(121)) - 018b3f78-d19f-4e26-a796-cb8ddc4f97cf: shutdown FollowerState
2019-10-18 13:01:59,193 [Thread-2760] INFO  impl.RaftServerImpl (RaftServerImpl.java:setRole(184)) - 018b3f78-d19f-4e26-a796-cb8ddc4f97cf@group-187684C21557: changes role from  FOLLOWER to CANDIDATE at term 199 for changeToCandidate
2019-10-18 13:01:59,194 [Thread-2760] INFO  impl.RoleInfo (RoleInfo.java:updateAndGet(143)) - 018b3f78-d19f-4e26-a796-cb8ddc4f97cf: start LeaderElection
2019-10-18 13:01:59,224 [java.util.concurrent.ThreadPoolExecutor$Worker@b7e5976[State = -1, empty queue]] WARN  server.GrpcLogAppender (GrpcLogAppender.java:timeoutAppendRequest(209)) - 17618ccc-f51c-4f14-92cf-842ef2c05e35@group-08BD6F798C58->896cef04-248b-470f-8c5c-c9acb81bb157-GrpcLogAppender: appendEntries Timeout, request=17618ccc-f51c-4f14-92cf-842ef2c05e35->896cef04-248b-470f-8c5c-c9acb81bb157#84-t10, previous=(t:10, i:19), leaderCommit=19, initializing? false, entries: <empty>
2019-10-18 13:01:59,262 [018b3f78-d19f-4e26-a796-cb8ddc4f97cf@group-187684C21557-LeaderElection341] INFO  impl.LeaderElection (LeaderElection.java:askForVotes(178)) - 018b3f78-d19f-4e26-a796-cb8ddc4f97cf@group-187684C21557-LeaderElection341: begin an election at term 200 for -1: [893cf03e-f2cf-478a-892a-a746717e50e3:192.168.34.56:40750, 8697df36-98d2-41b1-bdc7-60597b3b5526:192.168.34.56:46415, 018b3f78-d19f-4e26-a796-cb8ddc4f97cf:192.168.34.56:35845], old=null
2019-10-18 13:01:59,263 [018b3f78-d19f-4e26-a796-cb8ddc4f97cf@group-187684C21557-LeaderElection341] INFO  impl.LeaderElection (LogUtils.java:infoOrTrace(149)) - 018b3f78-d19f-4e26-a796-cb8ddc4f97cf@group-187684C21557-LeaderElection341 got exception when requesting votes: {}
java.util.concurrent.ExecutionException: org.apache.ratis.thirdparty.io.grpc.StatusRuntimeException: UNAVAILABLE: io exception
	at java.util.concurrent.FutureTask.report(FutureTask.java:122)
	at java.util.concurrent.FutureTask.get(FutureTask.java:192)
	at org.apache.ratis.server.impl.LeaderElection.waitForResults(LeaderElection.java:259)
	at org.apache.ratis.server.impl.LeaderElection.askForVotes(LeaderElection.java:197)
	at org.apache.ratis.server.impl.LeaderElection.run(LeaderElection.java:133)
	at java.lang.Thread.run(Thread.java:748)
Caused by: org.apache.ratis.thirdparty.io.grpc.StatusRuntimeException: UNAVAILABLE: io exception
	at org.apache.ratis.thirdparty.io.grpc.stub.ClientCalls.toStatusRuntimeException(ClientCalls.java:233)
	at org.apache.ratis.thirdparty.io.grpc.stub.ClientCalls.getUnchecked(ClientCalls.java:214)
	at org.apache.ratis.thirdparty.io.grpc.stub.ClientCalls.blockingUnaryCall(ClientCalls.java:139)
	at org.apache.ratis.proto.grpc.RaftServerProtocolServiceGrpc$RaftServerProtocolServiceBlockingStub.requestVote(RaftServerProtocolServiceGrpc.java:265)
	at org.apache.ratis.grpc.server.GrpcServerProtocolClient.requestVote(GrpcServerProtocolClient.java:99)
	at org.apache.ratis.grpc.server.GrpcService.requestVote(GrpcService.java:204)
	at org.apache.ratis.server.impl.LeaderElection.lambda$submitRequests$1(LeaderElection.java:234)
	at java.util.concurrent.FutureTask.run(FutureTask.java:266)
	at java.util.concurrent.Executors$RunnableAdapter.call(Executors.java:511)
	at java.util.concurrent.FutureTask.run(FutureTask.java:266)
	at java.util.concurrent.ThreadPoolExecutor.runWorker(ThreadPoolExecutor.java:1149)
	at java.util.concurrent.ThreadPoolExecutor$Worker.run(ThreadPoolExecutor.java:624)
	... 1 more
Caused by: org.apache.ratis.thirdparty.io.netty.channel.AbstractChannel$AnnotatedConnectException: Connection refused: /192.168.34.56:46415
	at sun.nio.ch.SocketChannelImpl.checkConnect(Native Method)
	at sun.nio.ch.SocketChannelImpl.finishConnect(SocketChannelImpl.java:717)
	at org.apache.ratis.thirdparty.io.netty.channel.socket.nio.NioSocketChannel.doFinishConnect(NioSocketChannel.java:327)
	at org.apache.ratis.thirdparty.io.netty.channel.nio.AbstractNioChannel$AbstractNioUnsafe.finishConnect(AbstractNioChannel.java:340)
	at org.apache.ratis.thirdparty.io.netty.channel.nio.NioEventLoop.processSelectedKey(NioEventLoop.java:632)
	at org.apache.ratis.thirdparty.io.netty.channel.nio.NioEventLoop.processSelectedKeysOptimized(NioEventLoop.java:579)
	at org.apache.ratis.thirdparty.io.netty.channel.nio.NioEventLoop.processSelectedKeys(NioEventLoop.java:496)
	at org.apache.ratis.thirdparty.io.netty.channel.nio.NioEventLoop.run(NioEventLoop.java:458)
	at org.apache.ratis.thirdparty.io.netty.util.concurrent.SingleThreadEventExecutor$5.run(SingleThreadEventExecutor.java:897)
	at org.apache.ratis.thirdparty.io.netty.util.concurrent.FastThreadLocalRunnable.run(FastThreadLocalRunnable.java:30)
	... 1 more
Caused by: java.net.ConnectException: Connection refused
	... 11 more
2019-10-18 13:01:59,263 [grpc-default-executor-7] INFO  impl.RaftServerImpl (RaftServerImpl.java:setRole(184)) - 893cf03e-f2cf-478a-892a-a746717e50e3@group-187684C21557: changes role from  FOLLOWER to FOLLOWER at term 200 for recognizeCandidate:018b3f78-d19f-4e26-a796-cb8ddc4f97cf
2019-10-18 13:01:59,264 [grpc-default-executor-7] INFO  impl.RoleInfo (RoleInfo.java:shutdownFollowerState(121)) - 893cf03e-f2cf-478a-892a-a746717e50e3: shutdown FollowerState
2019-10-18 13:01:59,264 [grpc-default-executor-7] INFO  impl.RoleInfo (RoleInfo.java:updateAndGet(143)) - 893cf03e-f2cf-478a-892a-a746717e50e3: start FollowerState
2019-10-18 13:01:59,264 [Thread-2758] INFO  impl.FollowerState (FollowerState.java:run(117)) - 893cf03e-f2cf-478a-892a-a746717e50e3@group-187684C21557-FollowerState was interrupted: java.lang.InterruptedException: sleep interrupted
2019-10-18 13:01:59,278 [Thread-2759] INFO  impl.FollowerState (FollowerState.java:run(108)) - c124d131-afb9-4343-ad4e-aaebde613043@group-FF4202234884-FollowerState: change to CANDIDATE, lastRpcTime:186ms, electionTimeout:186ms
2019-10-18 13:01:59,278 [Thread-2759] INFO  impl.RoleInfo (RoleInfo.java:shutdownFollowerState(121)) - c124d131-afb9-4343-ad4e-aaebde613043: shutdown FollowerState
2019-10-18 13:01:59,278 [Thread-2759] INFO  impl.RaftServerImpl (RaftServerImpl.java:setRole(184)) - c124d131-afb9-4343-ad4e-aaebde613043@group-FF4202234884: changes role from  FOLLOWER to CANDIDATE at term 186 for changeToCandidate
2019-10-18 13:01:59,278 [Thread-2759] INFO  impl.RoleInfo (RoleInfo.java:updateAndGet(143)) - c124d131-afb9-4343-ad4e-aaebde613043: start LeaderElection
2019-10-18 13:01:59,325 [018b3f78-d19f-4e26-a796-cb8ddc4f97cf@group-187684C21557-LeaderElection341] INFO  impl.LeaderElection (LeaderElection.java:logAndReturn(56)) - 018b3f78-d19f-4e26-a796-cb8ddc4f97cf@group-187684C21557-LeaderElection341: Election REJECTED; received 1 response(s) [018b3f78-d19f-4e26-a796-cb8ddc4f97cf<-893cf03e-f2cf-478a-892a-a746717e50e3#0:FAIL-t200] and 1 exception(s); 018b3f78-d19f-4e26-a796-cb8ddc4f97cf@group-187684C21557:t200, leader=null, voted=018b3f78-d19f-4e26-a796-cb8ddc4f97cf, raftlog=018b3f78-d19f-4e26-a796-cb8ddc4f97cf@group-187684C21557-SegmentedRaftLog:OPENED:c-1,f-1,i0, conf=-1: [893cf03e-f2cf-478a-892a-a746717e50e3:192.168.34.56:40750, 8697df36-98d2-41b1-bdc7-60597b3b5526:192.168.34.56:46415, 018b3f78-d19f-4e26-a796-cb8ddc4f97cf:192.168.34.56:35845], old=null
2019-10-18 13:01:59,325 [018b3f78-d19f-4e26-a796-cb8ddc4f97cf@group-187684C21557-LeaderElection341] INFO  impl.LeaderElection (LogUtils.java:infoOrTrace(149)) -   Exception 0: {}
java.util.concurrent.ExecutionException: org.apache.ratis.thirdparty.io.grpc.StatusRuntimeException: UNAVAILABLE: io exception
	at java.util.concurrent.FutureTask.report(FutureTask.java:122)
	at java.util.concurrent.FutureTask.get(FutureTask.java:192)
	at org.apache.ratis.server.impl.LeaderElection.waitForResults(LeaderElection.java:259)
	at org.apache.ratis.server.impl.LeaderElection.askForVotes(LeaderElection.java:197)
	at org.apache.ratis.server.impl.LeaderElection.run(LeaderElection.java:133)
	at java.lang.Thread.run(Thread.java:748)
Caused by: org.apache.ratis.thirdparty.io.grpc.StatusRuntimeException: UNAVAILABLE: io exception
	at org.apache.ratis.thirdparty.io.grpc.stub.ClientCalls.toStatusRuntimeException(ClientCalls.java:233)
	at org.apache.ratis.thirdparty.io.grpc.stub.ClientCalls.getUnchecked(ClientCalls.java:214)
	at org.apache.ratis.thirdparty.io.grpc.stub.ClientCalls.blockingUnaryCall(ClientCalls.java:139)
	at org.apache.ratis.proto.grpc.RaftServerProtocolServiceGrpc$RaftServerProtocolServiceBlockingStub.requestVote(RaftServerProtocolServiceGrpc.java:265)
	at org.apache.ratis.grpc.server.GrpcServerProtocolClient.requestVote(GrpcServerProtocolClient.java:99)
	at org.apache.ratis.grpc.server.GrpcService.requestVote(GrpcService.java:204)
	at org.apache.ratis.server.impl.LeaderElection.lambda$submitRequests$1(LeaderElection.java:234)
	at java.util.concurrent.FutureTask.run(FutureTask.java:266)
	at java.util.concurrent.Executors$RunnableAdapter.call(Executors.java:511)
	at java.util.concurrent.FutureTask.run(FutureTask.java:266)
	at java.util.concurrent.ThreadPoolExecutor.runWorker(ThreadPoolExecutor.java:1149)
	at java.util.concurrent.ThreadPoolExecutor$Worker.run(ThreadPoolExecutor.java:624)
	... 1 more
Caused by: org.apache.ratis.thirdparty.io.netty.channel.AbstractChannel$AnnotatedConnectException: Connection refused: /192.168.34.56:46415
	at sun.nio.ch.SocketChannelImpl.checkConnect(Native Method)
	at sun.nio.ch.SocketChannelImpl.finishConnect(SocketChannelImpl.java:717)
	at org.apache.ratis.thirdparty.io.netty.channel.socket.nio.NioSocketChannel.doFinishConnect(NioSocketChannel.java:327)
	at org.apache.ratis.thirdparty.io.netty.channel.nio.AbstractNioChannel$AbstractNioUnsafe.finishConnect(AbstractNioChannel.java:340)
	at org.apache.ratis.thirdparty.io.netty.channel.nio.NioEventLoop.processSelectedKey(NioEventLoop.java:632)
	at org.apache.ratis.thirdparty.io.netty.channel.nio.NioEventLoop.processSelectedKeysOptimized(NioEventLoop.java:579)
	at org.apache.ratis.thirdparty.io.netty.channel.nio.NioEventLoop.processSelectedKeys(NioEventLoop.java:496)
	at org.apache.ratis.thirdparty.io.netty.channel.nio.NioEventLoop.run(NioEventLoop.java:458)
	at org.apache.ratis.thirdparty.io.netty.util.concurrent.SingleThreadEventExecutor$5.run(SingleThreadEventExecutor.java:897)
	at org.apache.ratis.thirdparty.io.netty.util.concurrent.FastThreadLocalRunnable.run(FastThreadLocalRunnable.java:30)
	... 1 more
Caused by: java.net.ConnectException: Connection refused
	... 11 more
2019-10-18 13:01:59,326 [018b3f78-d19f-4e26-a796-cb8ddc4f97cf@group-187684C21557-LeaderElection341] INFO  impl.RaftServerImpl (RaftServerImpl.java:setRole(184)) - 018b3f78-d19f-4e26-a796-cb8ddc4f97cf@group-187684C21557: changes role from CANDIDATE to FOLLOWER at term 200 for DISCOVERED_A_NEW_TERM
2019-10-18 13:01:59,326 [018b3f78-d19f-4e26-a796-cb8ddc4f97cf@group-187684C21557-LeaderElection341] INFO  impl.RoleInfo (RoleInfo.java:shutdownLeaderElection(134)) - 018b3f78-d19f-4e26-a796-cb8ddc4f97cf: shutdown LeaderElection
2019-10-18 13:01:59,326 [018b3f78-d19f-4e26-a796-cb8ddc4f97cf@group-187684C21557-LeaderElection341] INFO  impl.RoleInfo (RoleInfo.java:updateAndGet(143)) - 018b3f78-d19f-4e26-a796-cb8ddc4f97cf: start FollowerState
2019-10-18 13:01:59,372 [c124d131-afb9-4343-ad4e-aaebde613043@group-FF4202234884-LeaderElection342] INFO  impl.LeaderElection (LeaderElection.java:askForVotes(178)) - c124d131-afb9-4343-ad4e-aaebde613043@group-FF4202234884-LeaderElection342: begin an election at term 187 for -1: [999343e7-0330-4874-a345-91eca72585e0:192.168.34.56:44872, c124d131-afb9-4343-ad4e-aaebde613043:192.168.34.56:42116, e5bb327f-cdd7-4e49-919e-13a4c895fddf:192.168.34.56:36658], old=null
2019-10-18 13:01:59,372 [c124d131-afb9-4343-ad4e-aaebde613043@group-FF4202234884-LeaderElection342] INFO  impl.LeaderElection (LogUtils.java:infoOrTrace(149)) - c124d131-afb9-4343-ad4e-aaebde613043@group-FF4202234884-LeaderElection342 got exception when requesting votes: {}
java.util.concurrent.ExecutionException: org.apache.ratis.thirdparty.io.grpc.StatusRuntimeException: UNAVAILABLE: io exception
	at java.util.concurrent.FutureTask.report(FutureTask.java:122)
	at java.util.concurrent.FutureTask.get(FutureTask.java:192)
	at org.apache.ratis.server.impl.LeaderElection.waitForResults(LeaderElection.java:259)
	at org.apache.ratis.server.impl.LeaderElection.askForVotes(LeaderElection.java:197)
	at org.apache.ratis.server.impl.LeaderElection.run(LeaderElection.java:133)
	at java.lang.Thread.run(Thread.java:748)
Caused by: org.apache.ratis.thirdparty.io.grpc.StatusRuntimeException: UNAVAILABLE: io exception
	at org.apache.ratis.thirdparty.io.grpc.stub.ClientCalls.toStatusRuntimeException(ClientCalls.java:233)
	at org.apache.ratis.thirdparty.io.grpc.stub.ClientCalls.getUnchecked(ClientCalls.java:214)
	at org.apache.ratis.thirdparty.io.grpc.stub.ClientCalls.blockingUnaryCall(ClientCalls.java:139)
	at org.apache.ratis.proto.grpc.RaftServerProtocolServiceGrpc$RaftServerProtocolServiceBlockingStub.requestVote(RaftServerProtocolServiceGrpc.java:265)
	at org.apache.ratis.grpc.server.GrpcServerProtocolClient.requestVote(GrpcServerProtocolClient.java:99)
	at org.apache.ratis.grpc.server.GrpcService.requestVote(GrpcService.java:204)
	at org.apache.ratis.server.impl.LeaderElection.lambda$submitRequests$1(LeaderElection.java:234)
	at java.util.concurrent.FutureTask.run(FutureTask.java:266)
	at java.util.concurrent.Executors$RunnableAdapter.call(Executors.java:511)
	at java.util.concurrent.FutureTask.run(FutureTask.java:266)
	at java.util.concurrent.ThreadPoolExecutor.runWorker(ThreadPoolExecutor.java:1149)
	at java.util.concurrent.ThreadPoolExecutor$Worker.run(ThreadPoolExecutor.java:624)
	... 1 more
Caused by: org.apache.ratis.thirdparty.io.netty.channel.AbstractChannel$AnnotatedConnectException: Connection refused: /192.168.34.56:44872
	at sun.nio.ch.SocketChannelImpl.checkConnect(Native Method)
	at sun.nio.ch.SocketChannelImpl.finishConnect(SocketChannelImpl.java:717)
	at org.apache.ratis.thirdparty.io.netty.channel.socket.nio.NioSocketChannel.doFinishConnect(NioSocketChannel.java:327)
	at org.apache.ratis.thirdparty.io.netty.channel.nio.AbstractNioChannel$AbstractNioUnsafe.finishConnect(AbstractNioChannel.java:340)
	at org.apache.ratis.thirdparty.io.netty.channel.nio.NioEventLoop.processSelectedKey(NioEventLoop.java:632)
	at org.apache.ratis.thirdparty.io.netty.channel.nio.NioEventLoop.processSelectedKeysOptimized(NioEventLoop.java:579)
	at org.apache.ratis.thirdparty.io.netty.channel.nio.NioEventLoop.processSelectedKeys(NioEventLoop.java:496)
	at org.apache.ratis.thirdparty.io.netty.channel.nio.NioEventLoop.run(NioEventLoop.java:458)
	at org.apache.ratis.thirdparty.io.netty.util.concurrent.SingleThreadEventExecutor$5.run(SingleThreadEventExecutor.java:897)
	at org.apache.ratis.thirdparty.io.netty.util.concurrent.FastThreadLocalRunnable.run(FastThreadLocalRunnable.java:30)
	... 1 more
Caused by: java.net.ConnectException: Connection refused
	... 11 more
2019-10-18 13:01:59,373 [c124d131-afb9-4343-ad4e-aaebde613043@group-FF4202234884-LeaderElection342] INFO  impl.LeaderElection (LogUtils.java:infoOrTrace(149)) - c124d131-afb9-4343-ad4e-aaebde613043@group-FF4202234884-LeaderElection342 got exception when requesting votes: {}
java.util.concurrent.ExecutionException: org.apache.ratis.thirdparty.io.grpc.StatusRuntimeException: UNAVAILABLE: io exception
	at java.util.concurrent.FutureTask.report(FutureTask.java:122)
	at java.util.concurrent.FutureTask.get(FutureTask.java:192)
	at org.apache.ratis.server.impl.LeaderElection.waitForResults(LeaderElection.java:259)
	at org.apache.ratis.server.impl.LeaderElection.askForVotes(LeaderElection.java:197)
	at org.apache.ratis.server.impl.LeaderElection.run(LeaderElection.java:133)
	at java.lang.Thread.run(Thread.java:748)
Caused by: org.apache.ratis.thirdparty.io.grpc.StatusRuntimeException: UNAVAILABLE: io exception
	at org.apache.ratis.thirdparty.io.grpc.stub.ClientCalls.toStatusRuntimeException(ClientCalls.java:233)
	at org.apache.ratis.thirdparty.io.grpc.stub.ClientCalls.getUnchecked(ClientCalls.java:214)
	at org.apache.ratis.thirdparty.io.grpc.stub.ClientCalls.blockingUnaryCall(ClientCalls.java:139)
	at org.apache.ratis.proto.grpc.RaftServerProtocolServiceGrpc$RaftServerProtocolServiceBlockingStub.requestVote(RaftServerProtocolServiceGrpc.java:265)
	at org.apache.ratis.grpc.server.GrpcServerProtocolClient.requestVote(GrpcServerProtocolClient.java:99)
	at org.apache.ratis.grpc.server.GrpcService.requestVote(GrpcService.java:204)
	at org.apache.ratis.server.impl.LeaderElection.lambda$submitRequests$1(LeaderElection.java:234)
	at java.util.concurrent.FutureTask.run(FutureTask.java:266)
	at java.util.concurrent.Executors$RunnableAdapter.call(Executors.java:511)
	at java.util.concurrent.FutureTask.run(FutureTask.java:266)
	at java.util.concurrent.ThreadPoolExecutor.runWorker(ThreadPoolExecutor.java:1149)
	at java.util.concurrent.ThreadPoolExecutor$Worker.run(ThreadPoolExecutor.java:624)
	... 1 more
Caused by: org.apache.ratis.thirdparty.io.netty.channel.AbstractChannel$AnnotatedConnectException: Connection refused: /192.168.34.56:36658
	at sun.nio.ch.SocketChannelImpl.checkConnect(Native Method)
	at sun.nio.ch.SocketChannelImpl.finishConnect(SocketChannelImpl.java:717)
	at org.apache.ratis.thirdparty.io.netty.channel.socket.nio.NioSocketChannel.doFinishConnect(NioSocketChannel.java:327)
	at org.apache.ratis.thirdparty.io.netty.channel.nio.AbstractNioChannel$AbstractNioUnsafe.finishConnect(AbstractNioChannel.java:340)
	at org.apache.ratis.thirdparty.io.netty.channel.nio.NioEventLoop.processSelectedKey(NioEventLoop.java:632)
	at org.apache.ratis.thirdparty.io.netty.channel.nio.NioEventLoop.processSelectedKeysOptimized(NioEventLoop.java:579)
	at org.apache.ratis.thirdparty.io.netty.channel.nio.NioEventLoop.processSelectedKeys(NioEventLoop.java:496)
	at org.apache.ratis.thirdparty.io.netty.channel.nio.NioEventLoop.run(NioEventLoop.java:458)
	at org.apache.ratis.thirdparty.io.netty.util.concurrent.SingleThreadEventExecutor$5.run(SingleThreadEventExecutor.java:897)
	at org.apache.ratis.thirdparty.io.netty.util.concurrent.FastThreadLocalRunnable.run(FastThreadLocalRunnable.java:30)
	... 1 more
Caused by: java.net.ConnectException: Connection refused
	... 11 more
2019-10-18 13:01:59,373 [c124d131-afb9-4343-ad4e-aaebde613043@group-FF4202234884-LeaderElection342] INFO  impl.LeaderElection (LeaderElection.java:logAndReturn(56)) - c124d131-afb9-4343-ad4e-aaebde613043@group-FF4202234884-LeaderElection342: Election REJECTED; received 0 response(s) [] and 2 exception(s); c124d131-afb9-4343-ad4e-aaebde613043@group-FF4202234884:t187, leader=null, voted=c124d131-afb9-4343-ad4e-aaebde613043, raftlog=c124d131-afb9-4343-ad4e-aaebde613043@group-FF4202234884-SegmentedRaftLog:OPENED:c-1,f-1,i0, conf=-1: [999343e7-0330-4874-a345-91eca72585e0:192.168.34.56:44872, c124d131-afb9-4343-ad4e-aaebde613043:192.168.34.56:42116, e5bb327f-cdd7-4e49-919e-13a4c895fddf:192.168.34.56:36658], old=null
2019-10-18 13:01:59,373 [c124d131-afb9-4343-ad4e-aaebde613043@group-FF4202234884-LeaderElection342] INFO  impl.LeaderElection (LogUtils.java:infoOrTrace(149)) -   Exception 0: {}
java.util.concurrent.ExecutionException: org.apache.ratis.thirdparty.io.grpc.StatusRuntimeException: UNAVAILABLE: io exception
	at java.util.concurrent.FutureTask.report(FutureTask.java:122)
	at java.util.concurrent.FutureTask.get(FutureTask.java:192)
	at org.apache.ratis.server.impl.LeaderElection.waitForResults(LeaderElection.java:259)
	at org.apache.ratis.server.impl.LeaderElection.askForVotes(LeaderElection.java:197)
	at org.apache.ratis.server.impl.LeaderElection.run(LeaderElection.java:133)
	at java.lang.Thread.run(Thread.java:748)
Caused by: org.apache.ratis.thirdparty.io.grpc.StatusRuntimeException: UNAVAILABLE: io exception
	at org.apache.ratis.thirdparty.io.grpc.stub.ClientCalls.toStatusRuntimeException(ClientCalls.java:233)
	at org.apache.ratis.thirdparty.io.grpc.stub.ClientCalls.getUnchecked(ClientCalls.java:214)
	at org.apache.ratis.thirdparty.io.grpc.stub.ClientCalls.blockingUnaryCall(ClientCalls.java:139)
	at org.apache.ratis.proto.grpc.RaftServerProtocolServiceGrpc$RaftServerProtocolServiceBlockingStub.requestVote(RaftServerProtocolServiceGrpc.java:265)
	at org.apache.ratis.grpc.server.GrpcServerProtocolClient.requestVote(GrpcServerProtocolClient.java:99)
	at org.apache.ratis.grpc.server.GrpcService.requestVote(GrpcService.java:204)
	at org.apache.ratis.server.impl.LeaderElection.lambda$submitRequests$1(LeaderElection.java:234)
	at java.util.concurrent.FutureTask.run(FutureTask.java:266)
	at java.util.concurrent.Executors$RunnableAdapter.call(Executors.java:511)
	at java.util.concurrent.FutureTask.run(FutureTask.java:266)
	at java.util.concurrent.ThreadPoolExecutor.runWorker(ThreadPoolExecutor.java:1149)
	at java.util.concurrent.ThreadPoolExecutor$Worker.run(ThreadPoolExecutor.java:624)
	... 1 more
Caused by: org.apache.ratis.thirdparty.io.netty.channel.AbstractChannel$AnnotatedConnectException: Connection refused: /192.168.34.56:44872
	at sun.nio.ch.SocketChannelImpl.checkConnect(Native Method)
	at sun.nio.ch.SocketChannelImpl.finishConnect(SocketChannelImpl.java:717)
	at org.apache.ratis.thirdparty.io.netty.channel.socket.nio.NioSocketChannel.doFinishConnect(NioSocketChannel.java:327)
	at org.apache.ratis.thirdparty.io.netty.channel.nio.AbstractNioChannel$AbstractNioUnsafe.finishConnect(AbstractNioChannel.java:340)
	at org.apache.ratis.thirdparty.io.netty.channel.nio.NioEventLoop.processSelectedKey(NioEventLoop.java:632)
	at org.apache.ratis.thirdparty.io.netty.channel.nio.NioEventLoop.processSelectedKeysOptimized(NioEventLoop.java:579)
	at org.apache.ratis.thirdparty.io.netty.channel.nio.NioEventLoop.processSelectedKeys(NioEventLoop.java:496)
	at org.apache.ratis.thirdparty.io.netty.channel.nio.NioEventLoop.run(NioEventLoop.java:458)
	at org.apache.ratis.thirdparty.io.netty.util.concurrent.SingleThreadEventExecutor$5.run(SingleThreadEventExecutor.java:897)
	at org.apache.ratis.thirdparty.io.netty.util.concurrent.FastThreadLocalRunnable.run(FastThreadLocalRunnable.java:30)
	... 1 more
Caused by: java.net.ConnectException: Connection refused
	... 11 more
2019-10-18 13:01:59,373 [c124d131-afb9-4343-ad4e-aaebde613043@group-FF4202234884-LeaderElection342] INFO  impl.LeaderElection (LogUtils.java:infoOrTrace(149)) -   Exception 1: {}
java.util.concurrent.ExecutionException: org.apache.ratis.thirdparty.io.grpc.StatusRuntimeException: UNAVAILABLE: io exception
	at java.util.concurrent.FutureTask.report(FutureTask.java:122)
	at java.util.concurrent.FutureTask.get(FutureTask.java:192)
	at org.apache.ratis.server.impl.LeaderElection.waitForResults(LeaderElection.java:259)
	at org.apache.ratis.server.impl.LeaderElection.askForVotes(LeaderElection.java:197)
	at org.apache.ratis.server.impl.LeaderElection.run(LeaderElection.java:133)
	at java.lang.Thread.run(Thread.java:748)
Caused by: org.apache.ratis.thirdparty.io.grpc.StatusRuntimeException: UNAVAILABLE: io exception
	at org.apache.ratis.thirdparty.io.grpc.stub.ClientCalls.toStatusRuntimeException(ClientCalls.java:233)
	at org.apache.ratis.thirdparty.io.grpc.stub.ClientCalls.getUnchecked(ClientCalls.java:214)
	at org.apache.ratis.thirdparty.io.grpc.stub.ClientCalls.blockingUnaryCall(ClientCalls.java:139)
	at org.apache.ratis.proto.grpc.RaftServerProtocolServiceGrpc$RaftServerProtocolServiceBlockingStub.requestVote(RaftServerProtocolServiceGrpc.java:265)
	at org.apache.ratis.grpc.server.GrpcServerProtocolClient.requestVote(GrpcServerProtocolClient.java:99)
	at org.apache.ratis.grpc.server.GrpcService.requestVote(GrpcService.java:204)
	at org.apache.ratis.server.impl.LeaderElection.lambda$submitRequests$1(LeaderElection.java:234)
	at java.util.concurrent.FutureTask.run(FutureTask.java:266)
	at java.util.concurrent.Executors$RunnableAdapter.call(Executors.java:511)
	at java.util.concurrent.FutureTask.run(FutureTask.java:266)
	at java.util.concurrent.ThreadPoolExecutor.runWorker(ThreadPoolExecutor.java:1149)
	at java.util.concurrent.ThreadPoolExecutor$Worker.run(ThreadPoolExecutor.java:624)
	... 1 more
Caused by: org.apache.ratis.thirdparty.io.netty.channel.AbstractChannel$AnnotatedConnectException: Connection refused: /192.168.34.56:36658
	at sun.nio.ch.SocketChannelImpl.checkConnect(Native Method)
	at sun.nio.ch.SocketChannelImpl.finishConnect(SocketChannelImpl.java:717)
	at org.apache.ratis.thirdparty.io.netty.channel.socket.nio.NioSocketChannel.doFinishConnect(NioSocketChannel.java:327)
	at org.apache.ratis.thirdparty.io.netty.channel.nio.AbstractNioChannel$AbstractNioUnsafe.finishConnect(AbstractNioChannel.java:340)
	at org.apache.ratis.thirdparty.io.netty.channel.nio.NioEventLoop.processSelectedKey(NioEventLoop.java:632)
	at org.apache.ratis.thirdparty.io.netty.channel.nio.NioEventLoop.processSelectedKeysOptimized(NioEventLoop.java:579)
	at org.apache.ratis.thirdparty.io.netty.channel.nio.NioEventLoop.processSelectedKeys(NioEventLoop.java:496)
	at org.apache.ratis.thirdparty.io.netty.channel.nio.NioEventLoop.run(NioEventLoop.java:458)
	at org.apache.ratis.thirdparty.io.netty.util.concurrent.SingleThreadEventExecutor$5.run(SingleThreadEventExecutor.java:897)
	at org.apache.ratis.thirdparty.io.netty.util.concurrent.FastThreadLocalRunnable.run(FastThreadLocalRunnable.java:30)
	... 1 more
Caused by: java.net.ConnectException: Connection refused
	... 11 more
2019-10-18 13:01:59,374 [c124d131-afb9-4343-ad4e-aaebde613043@group-FF4202234884-LeaderElection342] INFO  impl.RaftServerImpl (RaftServerImpl.java:setRole(184)) - c124d131-afb9-4343-ad4e-aaebde613043@group-FF4202234884: changes role from CANDIDATE to FOLLOWER at term 187 for DISCOVERED_A_NEW_TERM
2019-10-18 13:01:59,374 [c124d131-afb9-4343-ad4e-aaebde613043@group-FF4202234884-LeaderElection342] INFO  impl.RoleInfo (RoleInfo.java:shutdownLeaderElection(134)) - c124d131-afb9-4343-ad4e-aaebde613043: shutdown LeaderElection
2019-10-18 13:01:59,374 [c124d131-afb9-4343-ad4e-aaebde613043@group-FF4202234884-LeaderElection342] INFO  impl.RoleInfo (RoleInfo.java:updateAndGet(143)) - c124d131-afb9-4343-ad4e-aaebde613043: start FollowerState
2019-10-18 13:01:59,482 [Thread-2766] INFO  impl.FollowerState (FollowerState.java:run(108)) - 018b3f78-d19f-4e26-a796-cb8ddc4f97cf@group-187684C21557-FollowerState: change to CANDIDATE, lastRpcTime:156ms, electionTimeout:156ms
2019-10-18 13:01:59,483 [Thread-2766] INFO  impl.RoleInfo (RoleInfo.java:shutdownFollowerState(121)) - 018b3f78-d19f-4e26-a796-cb8ddc4f97cf: shutdown FollowerState
2019-10-18 13:01:59,483 [Thread-2766] INFO  impl.RaftServerImpl (RaftServerImpl.java:setRole(184)) - 018b3f78-d19f-4e26-a796-cb8ddc4f97cf@group-187684C21557: changes role from  FOLLOWER to CANDIDATE at term 200 for changeToCandidate
2019-10-18 13:01:59,483 [Thread-2766] INFO  impl.RoleInfo (RoleInfo.java:updateAndGet(143)) - 018b3f78-d19f-4e26-a796-cb8ddc4f97cf: start LeaderElection
2019-10-18 13:01:59,509 [018b3f78-d19f-4e26-a796-cb8ddc4f97cf@group-187684C21557-LeaderElection343] INFO  impl.LeaderElection (LeaderElection.java:askForVotes(178)) - 018b3f78-d19f-4e26-a796-cb8ddc4f97cf@group-187684C21557-LeaderElection343: begin an election at term 201 for -1: [893cf03e-f2cf-478a-892a-a746717e50e3:192.168.34.56:40750, 8697df36-98d2-41b1-bdc7-60597b3b5526:192.168.34.56:46415, 018b3f78-d19f-4e26-a796-cb8ddc4f97cf:192.168.34.56:35845], old=null
2019-10-18 13:01:59,510 [018b3f78-d19f-4e26-a796-cb8ddc4f97cf@group-187684C21557-LeaderElection343] INFO  impl.LeaderElection (LogUtils.java:infoOrTrace(149)) - 018b3f78-d19f-4e26-a796-cb8ddc4f97cf@group-187684C21557-LeaderElection343 got exception when requesting votes: {}
java.util.concurrent.ExecutionException: org.apache.ratis.thirdparty.io.grpc.StatusRuntimeException: UNAVAILABLE: io exception
	at java.util.concurrent.FutureTask.report(FutureTask.java:122)
	at java.util.concurrent.FutureTask.get(FutureTask.java:192)
	at org.apache.ratis.server.impl.LeaderElection.waitForResults(LeaderElection.java:259)
	at org.apache.ratis.server.impl.LeaderElection.askForVotes(LeaderElection.java:197)
	at org.apache.ratis.server.impl.LeaderElection.run(LeaderElection.java:133)
	at java.lang.Thread.run(Thread.java:748)
Caused by: org.apache.ratis.thirdparty.io.grpc.StatusRuntimeException: UNAVAILABLE: io exception
	at org.apache.ratis.thirdparty.io.grpc.stub.ClientCalls.toStatusRuntimeException(ClientCalls.java:233)
	at org.apache.ratis.thirdparty.io.grpc.stub.ClientCalls.getUnchecked(ClientCalls.java:214)
	at org.apache.ratis.thirdparty.io.grpc.stub.ClientCalls.blockingUnaryCall(ClientCalls.java:139)
	at org.apache.ratis.proto.grpc.RaftServerProtocolServiceGrpc$RaftServerProtocolServiceBlockingStub.requestVote(RaftServerProtocolServiceGrpc.java:265)
	at org.apache.ratis.grpc.server.GrpcServerProtocolClient.requestVote(GrpcServerProtocolClient.java:99)
	at org.apache.ratis.grpc.server.GrpcService.requestVote(GrpcService.java:204)
	at org.apache.ratis.server.impl.LeaderElection.lambda$submitRequests$1(LeaderElection.java:234)
	at java.util.concurrent.FutureTask.run(FutureTask.java:266)
	at java.util.concurrent.Executors$RunnableAdapter.call(Executors.java:511)
	at java.util.concurrent.FutureTask.run(FutureTask.java:266)
	at java.util.concurrent.ThreadPoolExecutor.runWorker(ThreadPoolExecutor.java:1149)
	at java.util.concurrent.ThreadPoolExecutor$Worker.run(ThreadPoolExecutor.java:624)
	... 1 more
Caused by: org.apache.ratis.thirdparty.io.netty.channel.AbstractChannel$AnnotatedConnectException: Connection refused: /192.168.34.56:46415
	at sun.nio.ch.SocketChannelImpl.checkConnect(Native Method)
	at sun.nio.ch.SocketChannelImpl.finishConnect(SocketChannelImpl.java:717)
	at org.apache.ratis.thirdparty.io.netty.channel.socket.nio.NioSocketChannel.doFinishConnect(NioSocketChannel.java:327)
	at org.apache.ratis.thirdparty.io.netty.channel.nio.AbstractNioChannel$AbstractNioUnsafe.finishConnect(AbstractNioChannel.java:340)
	at org.apache.ratis.thirdparty.io.netty.channel.nio.NioEventLoop.processSelectedKey(NioEventLoop.java:632)
	at org.apache.ratis.thirdparty.io.netty.channel.nio.NioEventLoop.processSelectedKeysOptimized(NioEventLoop.java:579)
	at org.apache.ratis.thirdparty.io.netty.channel.nio.NioEventLoop.processSelectedKeys(NioEventLoop.java:496)
	at org.apache.ratis.thirdparty.io.netty.channel.nio.NioEventLoop.run(NioEventLoop.java:458)
	at org.apache.ratis.thirdparty.io.netty.util.concurrent.SingleThreadEventExecutor$5.run(SingleThreadEventExecutor.java:897)
	at org.apache.ratis.thirdparty.io.netty.util.concurrent.FastThreadLocalRunnable.run(FastThreadLocalRunnable.java:30)
	... 1 more
Caused by: java.net.ConnectException: Connection refused
	... 11 more
2019-10-18 13:01:59,510 [Thread-2769] INFO  impl.FollowerState (FollowerState.java:run(108)) - c124d131-afb9-4343-ad4e-aaebde613043@group-FF4202234884-FollowerState: change to CANDIDATE, lastRpcTime:136ms, electionTimeout:136ms
2019-10-18 13:01:59,511 [Thread-2769] INFO  impl.RoleInfo (RoleInfo.java:shutdownFollowerState(121)) - c124d131-afb9-4343-ad4e-aaebde613043: shutdown FollowerState
2019-10-18 13:01:59,511 [Thread-2769] INFO  impl.RaftServerImpl (RaftServerImpl.java:setRole(184)) - c124d131-afb9-4343-ad4e-aaebde613043@group-FF4202234884: changes role from  FOLLOWER to CANDIDATE at term 187 for changeToCandidate
2019-10-18 13:01:59,511 [grpc-default-executor-7] INFO  impl.RaftServerImpl (RaftServerImpl.java:setRole(184)) - 893cf03e-f2cf-478a-892a-a746717e50e3@group-187684C21557: changes role from  FOLLOWER to FOLLOWER at term 201 for recognizeCandidate:018b3f78-d19f-4e26-a796-cb8ddc4f97cf
2019-10-18 13:01:59,511 [Thread-2769] INFO  impl.RoleInfo (RoleInfo.java:updateAndGet(143)) - c124d131-afb9-4343-ad4e-aaebde613043: start LeaderElection
2019-10-18 13:01:59,511 [grpc-default-executor-7] INFO  impl.RoleInfo (RoleInfo.java:shutdownFollowerState(121)) - 893cf03e-f2cf-478a-892a-a746717e50e3: shutdown FollowerState
2019-10-18 13:01:59,511 [Thread-2764] INFO  impl.FollowerState (FollowerState.java:run(117)) - 893cf03e-f2cf-478a-892a-a746717e50e3@group-187684C21557-FollowerState was interrupted: java.lang.InterruptedException: sleep interrupted
2019-10-18 13:01:59,511 [grpc-default-executor-7] INFO  impl.RoleInfo (RoleInfo.java:updateAndGet(143)) - 893cf03e-f2cf-478a-892a-a746717e50e3: start FollowerState
2019-10-18 13:01:59,584 [c124d131-afb9-4343-ad4e-aaebde613043@group-FF4202234884-LeaderElection344] INFO  impl.LeaderElection (LeaderElection.java:askForVotes(178)) - c124d131-afb9-4343-ad4e-aaebde613043@group-FF4202234884-LeaderElection344: begin an election at term 188 for -1: [999343e7-0330-4874-a345-91eca72585e0:192.168.34.56:44872, c124d131-afb9-4343-ad4e-aaebde613043:192.168.34.56:42116, e5bb327f-cdd7-4e49-919e-13a4c895fddf:192.168.34.56:36658], old=null
2019-10-18 13:01:59,584 [018b3f78-d19f-4e26-a796-cb8ddc4f97cf@group-187684C21557-LeaderElection343] INFO  impl.LeaderElection (LeaderElection.java:logAndReturn(56)) - 018b3f78-d19f-4e26-a796-cb8ddc4f97cf@group-187684C21557-LeaderElection343: Election REJECTED; received 1 response(s) [018b3f78-d19f-4e26-a796-cb8ddc4f97cf<-893cf03e-f2cf-478a-892a-a746717e50e3#0:FAIL-t201] and 1 exception(s); 018b3f78-d19f-4e26-a796-cb8ddc4f97cf@group-187684C21557:t201, leader=null, voted=018b3f78-d19f-4e26-a796-cb8ddc4f97cf, raftlog=018b3f78-d19f-4e26-a796-cb8ddc4f97cf@group-187684C21557-SegmentedRaftLog:OPENED:c-1,f-1,i0, conf=-1: [893cf03e-f2cf-478a-892a-a746717e50e3:192.168.34.56:40750, 8697df36-98d2-41b1-bdc7-60597b3b5526:192.168.34.56:46415, 018b3f78-d19f-4e26-a796-cb8ddc4f97cf:192.168.34.56:35845], old=null
2019-10-18 13:01:59,584 [018b3f78-d19f-4e26-a796-cb8ddc4f97cf@group-187684C21557-LeaderElection343] INFO  impl.LeaderElection (LogUtils.java:infoOrTrace(149)) -   Exception 0: {}
java.util.concurrent.ExecutionException: org.apache.ratis.thirdparty.io.grpc.StatusRuntimeException: UNAVAILABLE: io exception
	at java.util.concurrent.FutureTask.report(FutureTask.java:122)
	at java.util.concurrent.FutureTask.get(FutureTask.java:192)
	at org.apache.ratis.server.impl.LeaderElection.waitForResults(LeaderElection.java:259)
	at org.apache.ratis.server.impl.LeaderElection.askForVotes(LeaderElection.java:197)
	at org.apache.ratis.server.impl.LeaderElection.run(LeaderElection.java:133)
	at java.lang.Thread.run(Thread.java:748)
Caused by: org.apache.ratis.thirdparty.io.grpc.StatusRuntimeException: UNAVAILABLE: io exception
	at org.apache.ratis.thirdparty.io.grpc.stub.ClientCalls.toStatusRuntimeException(ClientCalls.java:233)
	at org.apache.ratis.thirdparty.io.grpc.stub.ClientCalls.getUnchecked(ClientCalls.java:214)
	at org.apache.ratis.thirdparty.io.grpc.stub.ClientCalls.blockingUnaryCall(ClientCalls.java:139)
	at org.apache.ratis.proto.grpc.RaftServerProtocolServiceGrpc$RaftServerProtocolServiceBlockingStub.requestVote(RaftServerProtocolServiceGrpc.java:265)
	at org.apache.ratis.grpc.server.GrpcServerProtocolClient.requestVote(GrpcServerProtocolClient.java:99)
	at org.apache.ratis.grpc.server.GrpcService.requestVote(GrpcService.java:204)
	at org.apache.ratis.server.impl.LeaderElection.lambda$submitRequests$1(LeaderElection.java:234)
	at java.util.concurrent.FutureTask.run(FutureTask.java:266)
	at java.util.concurrent.Executors$RunnableAdapter.call(Executors.java:511)
	at java.util.concurrent.FutureTask.run(FutureTask.java:266)
	at java.util.concurrent.ThreadPoolExecutor.runWorker(ThreadPoolExecutor.java:1149)
	at java.util.concurrent.ThreadPoolExecutor$Worker.run(ThreadPoolExecutor.java:624)
	... 1 more
Caused by: org.apache.ratis.thirdparty.io.netty.channel.AbstractChannel$AnnotatedConnectException: Connection refused: /192.168.34.56:46415
	at sun.nio.ch.SocketChannelImpl.checkConnect(Native Method)
	at sun.nio.ch.SocketChannelImpl.finishConnect(SocketChannelImpl.java:717)
	at org.apache.ratis.thirdparty.io.netty.channel.socket.nio.NioSocketChannel.doFinishConnect(NioSocketChannel.java:327)
	at org.apache.ratis.thirdparty.io.netty.channel.nio.AbstractNioChannel$AbstractNioUnsafe.finishConnect(AbstractNioChannel.java:340)
	at org.apache.ratis.thirdparty.io.netty.channel.nio.NioEventLoop.processSelectedKey(NioEventLoop.java:632)
	at org.apache.ratis.thirdparty.io.netty.channel.nio.NioEventLoop.processSelectedKeysOptimized(NioEventLoop.java:579)
	at org.apache.ratis.thirdparty.io.netty.channel.nio.NioEventLoop.processSelectedKeys(NioEventLoop.java:496)
	at org.apache.ratis.thirdparty.io.netty.channel.nio.NioEventLoop.run(NioEventLoop.java:458)
	at org.apache.ratis.thirdparty.io.netty.util.concurrent.SingleThreadEventExecutor$5.run(SingleThreadEventExecutor.java:897)
	at org.apache.ratis.thirdparty.io.netty.util.concurrent.FastThreadLocalRunnable.run(FastThreadLocalRunnable.java:30)
	... 1 more
Caused by: java.net.ConnectException: Connection refused
	... 11 more
2019-10-18 13:01:59,584 [c124d131-afb9-4343-ad4e-aaebde613043@group-FF4202234884-LeaderElection344] INFO  impl.LeaderElection (LogUtils.java:infoOrTrace(149)) - c124d131-afb9-4343-ad4e-aaebde613043@group-FF4202234884-LeaderElection344 got exception when requesting votes: {}
java.util.concurrent.ExecutionException: org.apache.ratis.thirdparty.io.grpc.StatusRuntimeException: UNAVAILABLE: io exception
	at java.util.concurrent.FutureTask.report(FutureTask.java:122)
	at java.util.concurrent.FutureTask.get(FutureTask.java:192)
	at org.apache.ratis.server.impl.LeaderElection.waitForResults(LeaderElection.java:259)
	at org.apache.ratis.server.impl.LeaderElection.askForVotes(LeaderElection.java:197)
	at org.apache.ratis.server.impl.LeaderElection.run(LeaderElection.java:133)
	at java.lang.Thread.run(Thread.java:748)
Caused by: org.apache.ratis.thirdparty.io.grpc.StatusRuntimeException: UNAVAILABLE: io exception
	at org.apache.ratis.thirdparty.io.grpc.stub.ClientCalls.toStatusRuntimeException(ClientCalls.java:233)
	at org.apache.ratis.thirdparty.io.grpc.stub.ClientCalls.getUnchecked(ClientCalls.java:214)
	at org.apache.ratis.thirdparty.io.grpc.stub.ClientCalls.blockingUnaryCall(ClientCalls.java:139)
	at org.apache.ratis.proto.grpc.RaftServerProtocolServiceGrpc$RaftServerProtocolServiceBlockingStub.requestVote(RaftServerProtocolServiceGrpc.java:265)
	at org.apache.ratis.grpc.server.GrpcServerProtocolClient.requestVote(GrpcServerProtocolClient.java:99)
	at org.apache.ratis.grpc.server.GrpcService.requestVote(GrpcService.java:204)
	at org.apache.ratis.server.impl.LeaderElection.lambda$submitRequests$1(LeaderElection.java:234)
	at java.util.concurrent.FutureTask.run(FutureTask.java:266)
	at java.util.concurrent.Executors$RunnableAdapter.call(Executors.java:511)
	at java.util.concurrent.FutureTask.run(FutureTask.java:266)
	at java.util.concurrent.ThreadPoolExecutor.runWorker(ThreadPoolExecutor.java:1149)
	at java.util.concurrent.ThreadPoolExecutor$Worker.run(ThreadPoolExecutor.java:624)
	... 1 more
Caused by: org.apache.ratis.thirdparty.io.netty.channel.AbstractChannel$AnnotatedConnectException: Connection refused: /192.168.34.56:36658
	at sun.nio.ch.SocketChannelImpl.checkConnect(Native Method)
	at sun.nio.ch.SocketChannelImpl.finishConnect(SocketChannelImpl.java:717)
	at org.apache.ratis.thirdparty.io.netty.channel.socket.nio.NioSocketChannel.doFinishConnect(NioSocketChannel.java:327)
	at org.apache.ratis.thirdparty.io.netty.channel.nio.AbstractNioChannel$AbstractNioUnsafe.finishConnect(AbstractNioChannel.java:340)
	at org.apache.ratis.thirdparty.io.netty.channel.nio.NioEventLoop.processSelectedKey(NioEventLoop.java:632)
	at org.apache.ratis.thirdparty.io.netty.channel.nio.NioEventLoop.processSelectedKeysOptimized(NioEventLoop.java:579)
	at org.apache.ratis.thirdparty.io.netty.channel.nio.NioEventLoop.processSelectedKeys(NioEventLoop.java:496)
	at org.apache.ratis.thirdparty.io.netty.channel.nio.NioEventLoop.run(NioEventLoop.java:458)
	at org.apache.ratis.thirdparty.io.netty.util.concurrent.SingleThreadEventExecutor$5.run(SingleThreadEventExecutor.java:897)
	at org.apache.ratis.thirdparty.io.netty.util.concurrent.FastThreadLocalRunnable.run(FastThreadLocalRunnable.java:30)
	... 1 more
Caused by: java.net.ConnectException: Connection refused
	... 11 more
2019-10-18 13:01:59,585 [018b3f78-d19f-4e26-a796-cb8ddc4f97cf@group-187684C21557-LeaderElection343] INFO  impl.RaftServerImpl (RaftServerImpl.java:setRole(184)) - 018b3f78-d19f-4e26-a796-cb8ddc4f97cf@group-187684C21557: changes role from CANDIDATE to FOLLOWER at term 201 for DISCOVERED_A_NEW_TERM
2019-10-18 13:01:59,585 [018b3f78-d19f-4e26-a796-cb8ddc4f97cf@group-187684C21557-LeaderElection343] INFO  impl.RoleInfo (RoleInfo.java:shutdownLeaderElection(134)) - 018b3f78-d19f-4e26-a796-cb8ddc4f97cf: shutdown LeaderElection
2019-10-18 13:01:59,585 [c124d131-afb9-4343-ad4e-aaebde613043@group-FF4202234884-LeaderElection344] INFO  impl.LeaderElection (LogUtils.java:infoOrTrace(149)) - c124d131-afb9-4343-ad4e-aaebde613043@group-FF4202234884-LeaderElection344 got exception when requesting votes: {}
java.util.concurrent.ExecutionException: org.apache.ratis.thirdparty.io.grpc.StatusRuntimeException: UNAVAILABLE: io exception
	at java.util.concurrent.FutureTask.report(FutureTask.java:122)
	at java.util.concurrent.FutureTask.get(FutureTask.java:192)
	at org.apache.ratis.server.impl.LeaderElection.waitForResults(LeaderElection.java:259)
	at org.apache.ratis.server.impl.LeaderElection.askForVotes(LeaderElection.java:197)
	at org.apache.ratis.server.impl.LeaderElection.run(LeaderElection.java:133)
	at java.lang.Thread.run(Thread.java:748)
Caused by: org.apache.ratis.thirdparty.io.grpc.StatusRuntimeException: UNAVAILABLE: io exception
	at org.apache.ratis.thirdparty.io.grpc.stub.ClientCalls.toStatusRuntimeException(ClientCalls.java:233)
	at org.apache.ratis.thirdparty.io.grpc.stub.ClientCalls.getUnchecked(ClientCalls.java:214)
	at org.apache.ratis.thirdparty.io.grpc.stub.ClientCalls.blockingUnaryCall(ClientCalls.java:139)
	at org.apache.ratis.proto.grpc.RaftServerProtocolServiceGrpc$RaftServerProtocolServiceBlockingStub.requestVote(RaftServerProtocolServiceGrpc.java:265)
	at org.apache.ratis.grpc.server.GrpcServerProtocolClient.requestVote(GrpcServerProtocolClient.java:99)
	at org.apache.ratis.grpc.server.GrpcService.requestVote(GrpcService.java:204)
	at org.apache.ratis.server.impl.LeaderElection.lambda$submitRequests$1(LeaderElection.java:234)
	at java.util.concurrent.FutureTask.run(FutureTask.java:266)
	at java.util.concurrent.Executors$RunnableAdapter.call(Executors.java:511)
	at java.util.concurrent.FutureTask.run(FutureTask.java:266)
	at java.util.concurrent.ThreadPoolExecutor.runWorker(ThreadPoolExecutor.java:1149)
	at java.util.concurrent.ThreadPoolExecutor$Worker.run(ThreadPoolExecutor.java:624)
	... 1 more
Caused by: org.apache.ratis.thirdparty.io.netty.channel.AbstractChannel$AnnotatedConnectException: Connection refused: /192.168.34.56:44872
	at sun.nio.ch.SocketChannelImpl.checkConnect(Native Method)
	at sun.nio.ch.SocketChannelImpl.finishConnect(SocketChannelImpl.java:717)
	at org.apache.ratis.thirdparty.io.netty.channel.socket.nio.NioSocketChannel.doFinishConnect(NioSocketChannel.java:327)
	at org.apache.ratis.thirdparty.io.netty.channel.nio.AbstractNioChannel$AbstractNioUnsafe.finishConnect(AbstractNioChannel.java:340)
	at org.apache.ratis.thirdparty.io.netty.channel.nio.NioEventLoop.processSelectedKey(NioEventLoop.java:632)
	at org.apache.ratis.thirdparty.io.netty.channel.nio.NioEventLoop.processSelectedKeysOptimized(NioEventLoop.java:579)
	at org.apache.ratis.thirdparty.io.netty.channel.nio.NioEventLoop.processSelectedKeys(NioEventLoop.java:496)
	at org.apache.ratis.thirdparty.io.netty.channel.nio.NioEventLoop.run(NioEventLoop.java:458)
	at org.apache.ratis.thirdparty.io.netty.util.concurrent.SingleThreadEventExecutor$5.run(SingleThreadEventExecutor.java:897)
	at org.apache.ratis.thirdparty.io.netty.util.concurrent.FastThreadLocalRunnable.run(FastThreadLocalRunnable.java:30)
	... 1 more
Caused by: java.net.ConnectException: Connection refused
	... 11 more
2019-10-18 13:01:59,585 [018b3f78-d19f-4e26-a796-cb8ddc4f97cf@group-187684C21557-LeaderElection343] INFO  impl.RoleInfo (RoleInfo.java:updateAndGet(143)) - 018b3f78-d19f-4e26-a796-cb8ddc4f97cf: start FollowerState
2019-10-18 13:01:59,586 [c124d131-afb9-4343-ad4e-aaebde613043@group-FF4202234884-LeaderElection344] INFO  impl.LeaderElection (LeaderElection.java:logAndReturn(56)) - c124d131-afb9-4343-ad4e-aaebde613043@group-FF4202234884-LeaderElection344: Election REJECTED; received 0 response(s) [] and 2 exception(s); c124d131-afb9-4343-ad4e-aaebde613043@group-FF4202234884:t188, leader=null, voted=c124d131-afb9-4343-ad4e-aaebde613043, raftlog=c124d131-afb9-4343-ad4e-aaebde613043@group-FF4202234884-SegmentedRaftLog:OPENED:c-1,f-1,i0, conf=-1: [999343e7-0330-4874-a345-91eca72585e0:192.168.34.56:44872, c124d131-afb9-4343-ad4e-aaebde613043:192.168.34.56:42116, e5bb327f-cdd7-4e49-919e-13a4c895fddf:192.168.34.56:36658], old=null
2019-10-18 13:01:59,586 [c124d131-afb9-4343-ad4e-aaebde613043@group-FF4202234884-LeaderElection344] INFO  impl.LeaderElection (LogUtils.java:infoOrTrace(149)) -   Exception 0: {}
java.util.concurrent.ExecutionException: org.apache.ratis.thirdparty.io.grpc.StatusRuntimeException: UNAVAILABLE: io exception
	at java.util.concurrent.FutureTask.report(FutureTask.java:122)
	at java.util.concurrent.FutureTask.get(FutureTask.java:192)
	at org.apache.ratis.server.impl.LeaderElection.waitForResults(LeaderElection.java:259)
	at org.apache.ratis.server.impl.LeaderElection.askForVotes(LeaderElection.java:197)
	at org.apache.ratis.server.impl.LeaderElection.run(LeaderElection.java:133)
	at java.lang.Thread.run(Thread.java:748)
Caused by: org.apache.ratis.thirdparty.io.grpc.StatusRuntimeException: UNAVAILABLE: io exception
	at org.apache.ratis.thirdparty.io.grpc.stub.ClientCalls.toStatusRuntimeException(ClientCalls.java:233)
	at org.apache.ratis.thirdparty.io.grpc.stub.ClientCalls.getUnchecked(ClientCalls.java:214)
	at org.apache.ratis.thirdparty.io.grpc.stub.ClientCalls.blockingUnaryCall(ClientCalls.java:139)
	at org.apache.ratis.proto.grpc.RaftServerProtocolServiceGrpc$RaftServerProtocolServiceBlockingStub.requestVote(RaftServerProtocolServiceGrpc.java:265)
	at org.apache.ratis.grpc.server.GrpcServerProtocolClient.requestVote(GrpcServerProtocolClient.java:99)
	at org.apache.ratis.grpc.server.GrpcService.requestVote(GrpcService.java:204)
	at org.apache.ratis.server.impl.LeaderElection.lambda$submitRequests$1(LeaderElection.java:234)
	at java.util.concurrent.FutureTask.run(FutureTask.java:266)
	at java.util.concurrent.Executors$RunnableAdapter.call(Executors.java:511)
	at java.util.concurrent.FutureTask.run(FutureTask.java:266)
	at java.util.concurrent.ThreadPoolExecutor.runWorker(ThreadPoolExecutor.java:1149)
	at java.util.concurrent.ThreadPoolExecutor$Worker.run(ThreadPoolExecutor.java:624)
	... 1 more
Caused by: org.apache.ratis.thirdparty.io.netty.channel.AbstractChannel$AnnotatedConnectException: Connection refused: /192.168.34.56:36658
	at sun.nio.ch.SocketChannelImpl.checkConnect(Native Method)
	at sun.nio.ch.SocketChannelImpl.finishConnect(SocketChannelImpl.java:717)
	at org.apache.ratis.thirdparty.io.netty.channel.socket.nio.NioSocketChannel.doFinishConnect(NioSocketChannel.java:327)
	at org.apache.ratis.thirdparty.io.netty.channel.nio.AbstractNioChannel$AbstractNioUnsafe.finishConnect(AbstractNioChannel.java:340)
	at org.apache.ratis.thirdparty.io.netty.channel.nio.NioEventLoop.processSelectedKey(NioEventLoop.java:632)
	at org.apache.ratis.thirdparty.io.netty.channel.nio.NioEventLoop.processSelectedKeysOptimized(NioEventLoop.java:579)
	at org.apache.ratis.thirdparty.io.netty.channel.nio.NioEventLoop.processSelectedKeys(NioEventLoop.java:496)
	at org.apache.ratis.thirdparty.io.netty.channel.nio.NioEventLoop.run(NioEventLoop.java:458)
	at org.apache.ratis.thirdparty.io.netty.util.concurrent.SingleThreadEventExecutor$5.run(SingleThreadEventExecutor.java:897)
	at org.apache.ratis.thirdparty.io.netty.util.concurrent.FastThreadLocalRunnable.run(FastThreadLocalRunnable.java:30)
	... 1 more
Caused by: java.net.ConnectException: Connection refused
	... 11 more
2019-10-18 13:01:59,586 [c124d131-afb9-4343-ad4e-aaebde613043@group-FF4202234884-LeaderElection344] INFO  impl.LeaderElection (LogUtils.java:infoOrTrace(149)) -   Exception 1: {}
java.util.concurrent.ExecutionException: org.apache.ratis.thirdparty.io.grpc.StatusRuntimeException: UNAVAILABLE: io exception
	at java.util.concurrent.FutureTask.report(FutureTask.java:122)
	at java.util.concurrent.FutureTask.get(FutureTask.java:192)
	at org.apache.ratis.server.impl.LeaderElection.waitForResults(LeaderElection.java:259)
	at org.apache.ratis.server.impl.LeaderElection.askForVotes(LeaderElection.java:197)
	at org.apache.ratis.server.impl.LeaderElection.run(LeaderElection.java:133)
	at java.lang.Thread.run(Thread.java:748)
Caused by: org.apache.ratis.thirdparty.io.grpc.StatusRuntimeException: UNAVAILABLE: io exception
	at org.apache.ratis.thirdparty.io.grpc.stub.ClientCalls.toStatusRuntimeException(ClientCalls.java:233)
	at org.apache.ratis.thirdparty.io.grpc.stub.ClientCalls.getUnchecked(ClientCalls.java:214)
	at org.apache.ratis.thirdparty.io.grpc.stub.ClientCalls.blockingUnaryCall(ClientCalls.java:139)
	at org.apache.ratis.proto.grpc.RaftServerProtocolServiceGrpc$RaftServerProtocolServiceBlockingStub.requestVote(RaftServerProtocolServiceGrpc.java:265)
	at org.apache.ratis.grpc.server.GrpcServerProtocolClient.requestVote(GrpcServerProtocolClient.java:99)
	at org.apache.ratis.grpc.server.GrpcService.requestVote(GrpcService.java:204)
	at org.apache.ratis.server.impl.LeaderElection.lambda$submitRequests$1(LeaderElection.java:234)
	at java.util.concurrent.FutureTask.run(FutureTask.java:266)
	at java.util.concurrent.Executors$RunnableAdapter.call(Executors.java:511)
	at java.util.concurrent.FutureTask.run(FutureTask.java:266)
	at java.util.concurrent.ThreadPoolExecutor.runWorker(ThreadPoolExecutor.java:1149)
	at java.util.concurrent.ThreadPoolExecutor$Worker.run(ThreadPoolExecutor.java:624)
	... 1 more
Caused by: org.apache.ratis.thirdparty.io.netty.channel.AbstractChannel$AnnotatedConnectException: Connection refused: /192.168.34.56:44872
	at sun.nio.ch.SocketChannelImpl.checkConnect(Native Method)
	at sun.nio.ch.SocketChannelImpl.finishConnect(SocketChannelImpl.java:717)
	at org.apache.ratis.thirdparty.io.netty.channel.socket.nio.NioSocketChannel.doFinishConnect(NioSocketChannel.java:327)
	at org.apache.ratis.thirdparty.io.netty.channel.nio.AbstractNioChannel$AbstractNioUnsafe.finishConnect(AbstractNioChannel.java:340)
	at org.apache.ratis.thirdparty.io.netty.channel.nio.NioEventLoop.processSelectedKey(NioEventLoop.java:632)
	at org.apache.ratis.thirdparty.io.netty.channel.nio.NioEventLoop.processSelectedKeysOptimized(NioEventLoop.java:579)
	at org.apache.ratis.thirdparty.io.netty.channel.nio.NioEventLoop.processSelectedKeys(NioEventLoop.java:496)
	at org.apache.ratis.thirdparty.io.netty.channel.nio.NioEventLoop.run(NioEventLoop.java:458)
	at org.apache.ratis.thirdparty.io.netty.util.concurrent.SingleThreadEventExecutor$5.run(SingleThreadEventExecutor.java:897)
	at org.apache.ratis.thirdparty.io.netty.util.concurrent.FastThreadLocalRunnable.run(FastThreadLocalRunnable.java:30)
	... 1 more
Caused by: java.net.ConnectException: Connection refused
	... 11 more
2019-10-18 13:01:59,587 [c124d131-afb9-4343-ad4e-aaebde613043@group-FF4202234884-LeaderElection344] INFO  impl.RaftServerImpl (RaftServerImpl.java:setRole(184)) - c124d131-afb9-4343-ad4e-aaebde613043@group-FF4202234884: changes role from CANDIDATE to FOLLOWER at term 188 for DISCOVERED_A_NEW_TERM
2019-10-18 13:01:59,587 [c124d131-afb9-4343-ad4e-aaebde613043@group-FF4202234884-LeaderElection344] INFO  impl.RoleInfo (RoleInfo.java:shutdownLeaderElection(134)) - c124d131-afb9-4343-ad4e-aaebde613043: shutdown LeaderElection
2019-10-18 13:01:59,587 [c124d131-afb9-4343-ad4e-aaebde613043@group-FF4202234884-LeaderElection344] INFO  impl.RoleInfo (RoleInfo.java:updateAndGet(143)) - c124d131-afb9-4343-ad4e-aaebde613043: start FollowerState
2019-10-18 13:01:59,687 [Thread-2777] INFO  impl.FollowerState (FollowerState.java:run(108)) - 018b3f78-d19f-4e26-a796-cb8ddc4f97cf@group-187684C21557-FollowerState: change to CANDIDATE, lastRpcTime:101ms, electionTimeout:101ms
2019-10-18 13:01:59,687 [Thread-2777] INFO  impl.RoleInfo (RoleInfo.java:shutdownFollowerState(121)) - 018b3f78-d19f-4e26-a796-cb8ddc4f97cf: shutdown FollowerState
2019-10-18 13:01:59,687 [Thread-2777] INFO  impl.RaftServerImpl (RaftServerImpl.java:setRole(184)) - 018b3f78-d19f-4e26-a796-cb8ddc4f97cf@group-187684C21557: changes role from  FOLLOWER to CANDIDATE at term 201 for changeToCandidate
2019-10-18 13:01:59,687 [Thread-2777] INFO  impl.RoleInfo (RoleInfo.java:updateAndGet(143)) - 018b3f78-d19f-4e26-a796-cb8ddc4f97cf: start LeaderElection
2019-10-18 13:01:59,687 [java.util.concurrent.ThreadPoolExecutor$Worker@7a2507ec[State = -1, empty queue]] WARN  server.GrpcLogAppender (GrpcLogAppender.java:timeoutAppendRequest(209)) - 17618ccc-f51c-4f14-92cf-842ef2c05e35@group-08BD6F798C58->32d97539-eb73-46c6-a759-05f11ff00f4c-GrpcLogAppender: appendEntries Timeout, request=17618ccc-f51c-4f14-92cf-842ef2c05e35->32d97539-eb73-46c6-a759-05f11ff00f4c#83-t10, previous=(t:10, i:19), leaderCommit=19, initializing? false, entries: <empty>
2019-10-18 13:01:59,715 [018b3f78-d19f-4e26-a796-cb8ddc4f97cf@group-187684C21557-LeaderElection345] INFO  impl.LeaderElection (LeaderElection.java:askForVotes(178)) - 018b3f78-d19f-4e26-a796-cb8ddc4f97cf@group-187684C21557-LeaderElection345: begin an election at term 202 for -1: [893cf03e-f2cf-478a-892a-a746717e50e3:192.168.34.56:40750, 8697df36-98d2-41b1-bdc7-60597b3b5526:192.168.34.56:46415, 018b3f78-d19f-4e26-a796-cb8ddc4f97cf:192.168.34.56:35845], old=null
2019-10-18 13:01:59,716 [018b3f78-d19f-4e26-a796-cb8ddc4f97cf@group-187684C21557-LeaderElection345] INFO  impl.LeaderElection (LogUtils.java:infoOrTrace(149)) - 018b3f78-d19f-4e26-a796-cb8ddc4f97cf@group-187684C21557-LeaderElection345 got exception when requesting votes: {}
java.util.concurrent.ExecutionException: org.apache.ratis.thirdparty.io.grpc.StatusRuntimeException: UNAVAILABLE: io exception
	at java.util.concurrent.FutureTask.report(FutureTask.java:122)
	at java.util.concurrent.FutureTask.get(FutureTask.java:192)
	at org.apache.ratis.server.impl.LeaderElection.waitForResults(LeaderElection.java:259)
	at org.apache.ratis.server.impl.LeaderElection.askForVotes(LeaderElection.java:197)
	at org.apache.ratis.server.impl.LeaderElection.run(LeaderElection.java:133)
	at java.lang.Thread.run(Thread.java:748)
Caused by: org.apache.ratis.thirdparty.io.grpc.StatusRuntimeException: UNAVAILABLE: io exception
	at org.apache.ratis.thirdparty.io.grpc.stub.ClientCalls.toStatusRuntimeException(ClientCalls.java:233)
	at org.apache.ratis.thirdparty.io.grpc.stub.ClientCalls.getUnchecked(ClientCalls.java:214)
	at org.apache.ratis.thirdparty.io.grpc.stub.ClientCalls.blockingUnaryCall(ClientCalls.java:139)
	at org.apache.ratis.proto.grpc.RaftServerProtocolServiceGrpc$RaftServerProtocolServiceBlockingStub.requestVote(RaftServerProtocolServiceGrpc.java:265)
	at org.apache.ratis.grpc.server.GrpcServerProtocolClient.requestVote(GrpcServerProtocolClient.java:99)
	at org.apache.ratis.grpc.server.GrpcService.requestVote(GrpcService.java:204)
	at org.apache.ratis.server.impl.LeaderElection.lambda$submitRequests$1(LeaderElection.java:234)
	at java.util.concurrent.FutureTask.run(FutureTask.java:266)
	at java.util.concurrent.Executors$RunnableAdapter.call(Executors.java:511)
	at java.util.concurrent.FutureTask.run(FutureTask.java:266)
	at java.util.concurrent.ThreadPoolExecutor.runWorker(ThreadPoolExecutor.java:1149)
	at java.util.concurrent.ThreadPoolExecutor$Worker.run(ThreadPoolExecutor.java:624)
	... 1 more
Caused by: org.apache.ratis.thirdparty.io.netty.channel.AbstractChannel$AnnotatedConnectException: Connection refused: /192.168.34.56:46415
	at sun.nio.ch.SocketChannelImpl.checkConnect(Native Method)
	at sun.nio.ch.SocketChannelImpl.finishConnect(SocketChannelImpl.java:717)
	at org.apache.ratis.thirdparty.io.netty.channel.socket.nio.NioSocketChannel.doFinishConnect(NioSocketChannel.java:327)
	at org.apache.ratis.thirdparty.io.netty.channel.nio.AbstractNioChannel$AbstractNioUnsafe.finishConnect(AbstractNioChannel.java:340)
	at org.apache.ratis.thirdparty.io.netty.channel.nio.NioEventLoop.processSelectedKey(NioEventLoop.java:632)
	at org.apache.ratis.thirdparty.io.netty.channel.nio.NioEventLoop.processSelectedKeysOptimized(NioEventLoop.java:579)
	at org.apache.ratis.thirdparty.io.netty.channel.nio.NioEventLoop.processSelectedKeys(NioEventLoop.java:496)
	at org.apache.ratis.thirdparty.io.netty.channel.nio.NioEventLoop.run(NioEventLoop.java:458)
	at org.apache.ratis.thirdparty.io.netty.util.concurrent.SingleThreadEventExecutor$5.run(SingleThreadEventExecutor.java:897)
	at org.apache.ratis.thirdparty.io.netty.util.concurrent.FastThreadLocalRunnable.run(FastThreadLocalRunnable.java:30)
	... 1 more
Caused by: java.net.ConnectException: Connection refused
	... 11 more
2019-10-18 13:01:59,718 [grpc-default-executor-7] INFO  impl.RaftServerImpl (RaftServerImpl.java:setRole(184)) - 893cf03e-f2cf-478a-892a-a746717e50e3@group-187684C21557: changes role from  FOLLOWER to FOLLOWER at term 202 for recognizeCandidate:018b3f78-d19f-4e26-a796-cb8ddc4f97cf
2019-10-18 13:01:59,718 [grpc-default-executor-7] INFO  impl.RoleInfo (RoleInfo.java:shutdownFollowerState(121)) - 893cf03e-f2cf-478a-892a-a746717e50e3: shutdown FollowerState
2019-10-18 13:01:59,718 [grpc-default-executor-7] INFO  impl.RoleInfo (RoleInfo.java:updateAndGet(143)) - 893cf03e-f2cf-478a-892a-a746717e50e3: start FollowerState
2019-10-18 13:01:59,718 [Thread-2774] INFO  impl.FollowerState (FollowerState.java:run(117)) - 893cf03e-f2cf-478a-892a-a746717e50e3@group-187684C21557-FollowerState was interrupted: java.lang.InterruptedException: sleep interrupted
2019-10-18 13:01:59,725 [java.util.concurrent.ThreadPoolExecutor$Worker@b7e5976[State = -1, empty queue]] WARN  server.GrpcLogAppender (GrpcLogAppender.java:timeoutAppendRequest(209)) - 17618ccc-f51c-4f14-92cf-842ef2c05e35@group-08BD6F798C58->896cef04-248b-470f-8c5c-c9acb81bb157-GrpcLogAppender: appendEntries Timeout, request=17618ccc-f51c-4f14-92cf-842ef2c05e35->896cef04-248b-470f-8c5c-c9acb81bb157#85-t10, previous=(t:10, i:19), leaderCommit=19, initializing? false, entries: <empty>
2019-10-18 13:01:59,734 [Thread-2778] INFO  impl.FollowerState (FollowerState.java:run(108)) - c124d131-afb9-4343-ad4e-aaebde613043@group-FF4202234884-FollowerState: change to CANDIDATE, lastRpcTime:147ms, electionTimeout:147ms
2019-10-18 13:01:59,734 [Thread-2778] INFO  impl.RoleInfo (RoleInfo.java:shutdownFollowerState(121)) - c124d131-afb9-4343-ad4e-aaebde613043: shutdown FollowerState
2019-10-18 13:01:59,734 [Thread-2778] INFO  impl.RaftServerImpl (RaftServerImpl.java:setRole(184)) - c124d131-afb9-4343-ad4e-aaebde613043@group-FF4202234884: changes role from  FOLLOWER to CANDIDATE at term 188 for changeToCandidate
2019-10-18 13:01:59,734 [Thread-2778] INFO  impl.RoleInfo (RoleInfo.java:updateAndGet(143)) - c124d131-afb9-4343-ad4e-aaebde613043: start LeaderElection
2019-10-18 13:01:59,781 [018b3f78-d19f-4e26-a796-cb8ddc4f97cf@group-187684C21557-LeaderElection345] INFO  impl.LeaderElection (LeaderElection.java:logAndReturn(56)) - 018b3f78-d19f-4e26-a796-cb8ddc4f97cf@group-187684C21557-LeaderElection345: Election REJECTED; received 1 response(s) [018b3f78-d19f-4e26-a796-cb8ddc4f97cf<-893cf03e-f2cf-478a-892a-a746717e50e3#0:FAIL-t202] and 1 exception(s); 018b3f78-d19f-4e26-a796-cb8ddc4f97cf@group-187684C21557:t202, leader=null, voted=018b3f78-d19f-4e26-a796-cb8ddc4f97cf, raftlog=018b3f78-d19f-4e26-a796-cb8ddc4f97cf@group-187684C21557-SegmentedRaftLog:OPENED:c-1,f-1,i0, conf=-1: [893cf03e-f2cf-478a-892a-a746717e50e3:192.168.34.56:40750, 8697df36-98d2-41b1-bdc7-60597b3b5526:192.168.34.56:46415, 018b3f78-d19f-4e26-a796-cb8ddc4f97cf:192.168.34.56:35845], old=null
2019-10-18 13:01:59,781 [c124d131-afb9-4343-ad4e-aaebde613043@group-FF4202234884-LeaderElection346] INFO  impl.LeaderElection (LeaderElection.java:askForVotes(178)) - c124d131-afb9-4343-ad4e-aaebde613043@group-FF4202234884-LeaderElection346: begin an election at term 189 for -1: [999343e7-0330-4874-a345-91eca72585e0:192.168.34.56:44872, c124d131-afb9-4343-ad4e-aaebde613043:192.168.34.56:42116, e5bb327f-cdd7-4e49-919e-13a4c895fddf:192.168.34.56:36658], old=null
2019-10-18 13:01:59,781 [018b3f78-d19f-4e26-a796-cb8ddc4f97cf@group-187684C21557-LeaderElection345] INFO  impl.LeaderElection (LogUtils.java:infoOrTrace(149)) -   Exception 0: {}
java.util.concurrent.ExecutionException: org.apache.ratis.thirdparty.io.grpc.StatusRuntimeException: UNAVAILABLE: io exception
	at java.util.concurrent.FutureTask.report(FutureTask.java:122)
	at java.util.concurrent.FutureTask.get(FutureTask.java:192)
	at org.apache.ratis.server.impl.LeaderElection.waitForResults(LeaderElection.java:259)
	at org.apache.ratis.server.impl.LeaderElection.askForVotes(LeaderElection.java:197)
	at org.apache.ratis.server.impl.LeaderElection.run(LeaderElection.java:133)
	at java.lang.Thread.run(Thread.java:748)
Caused by: org.apache.ratis.thirdparty.io.grpc.StatusRuntimeException: UNAVAILABLE: io exception
	at org.apache.ratis.thirdparty.io.grpc.stub.ClientCalls.toStatusRuntimeException(ClientCalls.java:233)
	at org.apache.ratis.thirdparty.io.grpc.stub.ClientCalls.getUnchecked(ClientCalls.java:214)
	at org.apache.ratis.thirdparty.io.grpc.stub.ClientCalls.blockingUnaryCall(ClientCalls.java:139)
	at org.apache.ratis.proto.grpc.RaftServerProtocolServiceGrpc$RaftServerProtocolServiceBlockingStub.requestVote(RaftServerProtocolServiceGrpc.java:265)
	at org.apache.ratis.grpc.server.GrpcServerProtocolClient.requestVote(GrpcServerProtocolClient.java:99)
	at org.apache.ratis.grpc.server.GrpcService.requestVote(GrpcService.java:204)
	at org.apache.ratis.server.impl.LeaderElection.lambda$submitRequests$1(LeaderElection.java:234)
	at java.util.concurrent.FutureTask.run(FutureTask.java:266)
	at java.util.concurrent.Executors$RunnableAdapter.call(Executors.java:511)
	at java.util.concurrent.FutureTask.run(FutureTask.java:266)
	at java.util.concurrent.ThreadPoolExecutor.runWorker(ThreadPoolExecutor.java:1149)
	at java.util.concurrent.ThreadPoolExecutor$Worker.run(ThreadPoolExecutor.java:624)
	... 1 more
Caused by: org.apache.ratis.thirdparty.io.netty.channel.AbstractChannel$AnnotatedConnectException: Connection refused: /192.168.34.56:46415
	at sun.nio.ch.SocketChannelImpl.checkConnect(Native Method)
	at sun.nio.ch.SocketChannelImpl.finishConnect(SocketChannelImpl.java:717)
	at org.apache.ratis.thirdparty.io.netty.channel.socket.nio.NioSocketChannel.doFinishConnect(NioSocketChannel.java:327)
	at org.apache.ratis.thirdparty.io.netty.channel.nio.AbstractNioChannel$AbstractNioUnsafe.finishConnect(AbstractNioChannel.java:340)
	at org.apache.ratis.thirdparty.io.netty.channel.nio.NioEventLoop.processSelectedKey(NioEventLoop.java:632)
	at org.apache.ratis.thirdparty.io.netty.channel.nio.NioEventLoop.processSelectedKeysOptimized(NioEventLoop.java:579)
	at org.apache.ratis.thirdparty.io.netty.channel.nio.NioEventLoop.processSelectedKeys(NioEventLoop.java:496)
	at org.apache.ratis.thirdparty.io.netty.channel.nio.NioEventLoop.run(NioEventLoop.java:458)
	at org.apache.ratis.thirdparty.io.netty.util.concurrent.SingleThreadEventExecutor$5.run(SingleThreadEventExecutor.java:897)
	at org.apache.ratis.thirdparty.io.netty.util.concurrent.FastThreadLocalRunnable.run(FastThreadLocalRunnable.java:30)
	... 1 more
Caused by: java.net.ConnectException: Connection refused
	... 11 more
2019-10-18 13:01:59,782 [018b3f78-d19f-4e26-a796-cb8ddc4f97cf@group-187684C21557-LeaderElection345] INFO  impl.RaftServerImpl (RaftServerImpl.java:setRole(184)) - 018b3f78-d19f-4e26-a796-cb8ddc4f97cf@group-187684C21557: changes role from CANDIDATE to FOLLOWER at term 202 for DISCOVERED_A_NEW_TERM
2019-10-18 13:01:59,782 [018b3f78-d19f-4e26-a796-cb8ddc4f97cf@group-187684C21557-LeaderElection345] INFO  impl.RoleInfo (RoleInfo.java:shutdownLeaderElection(134)) - 018b3f78-d19f-4e26-a796-cb8ddc4f97cf: shutdown LeaderElection
2019-10-18 13:01:59,782 [018b3f78-d19f-4e26-a796-cb8ddc4f97cf@group-187684C21557-LeaderElection345] INFO  impl.RoleInfo (RoleInfo.java:updateAndGet(143)) - 018b3f78-d19f-4e26-a796-cb8ddc4f97cf: start FollowerState
2019-10-18 13:01:59,782 [c124d131-afb9-4343-ad4e-aaebde613043@group-FF4202234884-LeaderElection346] INFO  impl.LeaderElection (LogUtils.java:infoOrTrace(149)) - c124d131-afb9-4343-ad4e-aaebde613043@group-FF4202234884-LeaderElection346 got exception when requesting votes: {}
java.util.concurrent.ExecutionException: org.apache.ratis.thirdparty.io.grpc.StatusRuntimeException: UNAVAILABLE: io exception
	at java.util.concurrent.FutureTask.report(FutureTask.java:122)
	at java.util.concurrent.FutureTask.get(FutureTask.java:192)
	at org.apache.ratis.server.impl.LeaderElection.waitForResults(LeaderElection.java:259)
	at org.apache.ratis.server.impl.LeaderElection.askForVotes(LeaderElection.java:197)
	at org.apache.ratis.server.impl.LeaderElection.run(LeaderElection.java:133)
	at java.lang.Thread.run(Thread.java:748)
Caused by: org.apache.ratis.thirdparty.io.grpc.StatusRuntimeException: UNAVAILABLE: io exception
	at org.apache.ratis.thirdparty.io.grpc.stub.ClientCalls.toStatusRuntimeException(ClientCalls.java:233)
	at org.apache.ratis.thirdparty.io.grpc.stub.ClientCalls.getUnchecked(ClientCalls.java:214)
	at org.apache.ratis.thirdparty.io.grpc.stub.ClientCalls.blockingUnaryCall(ClientCalls.java:139)
	at org.apache.ratis.proto.grpc.RaftServerProtocolServiceGrpc$RaftServerProtocolServiceBlockingStub.requestVote(RaftServerProtocolServiceGrpc.java:265)
	at org.apache.ratis.grpc.server.GrpcServerProtocolClient.requestVote(GrpcServerProtocolClient.java:99)
	at org.apache.ratis.grpc.server.GrpcService.requestVote(GrpcService.java:204)
	at org.apache.ratis.server.impl.LeaderElection.lambda$submitRequests$1(LeaderElection.java:234)
	at java.util.concurrent.FutureTask.run(FutureTask.java:266)
	at java.util.concurrent.Executors$RunnableAdapter.call(Executors.java:511)
	at java.util.concurrent.FutureTask.run(FutureTask.java:266)
	at java.util.concurrent.ThreadPoolExecutor.runWorker(ThreadPoolExecutor.java:1149)
	at java.util.concurrent.ThreadPoolExecutor$Worker.run(ThreadPoolExecutor.java:624)
	... 1 more
Caused by: org.apache.ratis.thirdparty.io.netty.channel.AbstractChannel$AnnotatedConnectException: Connection refused: /192.168.34.56:36658
	at sun.nio.ch.SocketChannelImpl.checkConnect(Native Method)
	at sun.nio.ch.SocketChannelImpl.finishConnect(SocketChannelImpl.java:717)
	at org.apache.ratis.thirdparty.io.netty.channel.socket.nio.NioSocketChannel.doFinishConnect(NioSocketChannel.java:327)
	at org.apache.ratis.thirdparty.io.netty.channel.nio.AbstractNioChannel$AbstractNioUnsafe.finishConnect(AbstractNioChannel.java:340)
	at org.apache.ratis.thirdparty.io.netty.channel.nio.NioEventLoop.processSelectedKey(NioEventLoop.java:632)
	at org.apache.ratis.thirdparty.io.netty.channel.nio.NioEventLoop.processSelectedKeysOptimized(NioEventLoop.java:579)
	at org.apache.ratis.thirdparty.io.netty.channel.nio.NioEventLoop.processSelectedKeys(NioEventLoop.java:496)
	at org.apache.ratis.thirdparty.io.netty.channel.nio.NioEventLoop.run(NioEventLoop.java:458)
	at org.apache.ratis.thirdparty.io.netty.util.concurrent.SingleThreadEventExecutor$5.run(SingleThreadEventExecutor.java:897)
	at org.apache.ratis.thirdparty.io.netty.util.concurrent.FastThreadLocalRunnable.run(FastThreadLocalRunnable.java:30)
	... 1 more
Caused by: java.net.ConnectException: Connection refused
	... 11 more
2019-10-18 13:01:59,783 [c124d131-afb9-4343-ad4e-aaebde613043@group-FF4202234884-LeaderElection346] INFO  impl.LeaderElection (LogUtils.java:infoOrTrace(149)) - c124d131-afb9-4343-ad4e-aaebde613043@group-FF4202234884-LeaderElection346 got exception when requesting votes: {}
java.util.concurrent.ExecutionException: org.apache.ratis.thirdparty.io.grpc.StatusRuntimeException: UNAVAILABLE: io exception
	at java.util.concurrent.FutureTask.report(FutureTask.java:122)
	at java.util.concurrent.FutureTask.get(FutureTask.java:192)
	at org.apache.ratis.server.impl.LeaderElection.waitForResults(LeaderElection.java:259)
	at org.apache.ratis.server.impl.LeaderElection.askForVotes(LeaderElection.java:197)
	at org.apache.ratis.server.impl.LeaderElection.run(LeaderElection.java:133)
	at java.lang.Thread.run(Thread.java:748)
Caused by: org.apache.ratis.thirdparty.io.grpc.StatusRuntimeException: UNAVAILABLE: io exception
	at org.apache.ratis.thirdparty.io.grpc.stub.ClientCalls.toStatusRuntimeException(ClientCalls.java:233)
	at org.apache.ratis.thirdparty.io.grpc.stub.ClientCalls.getUnchecked(ClientCalls.java:214)
	at org.apache.ratis.thirdparty.io.grpc.stub.ClientCalls.blockingUnaryCall(ClientCalls.java:139)
	at org.apache.ratis.proto.grpc.RaftServerProtocolServiceGrpc$RaftServerProtocolServiceBlockingStub.requestVote(RaftServerProtocolServiceGrpc.java:265)
	at org.apache.ratis.grpc.server.GrpcServerProtocolClient.requestVote(GrpcServerProtocolClient.java:99)
	at org.apache.ratis.grpc.server.GrpcService.requestVote(GrpcService.java:204)
	at org.apache.ratis.server.impl.LeaderElection.lambda$submitRequests$1(LeaderElection.java:234)
	at java.util.concurrent.FutureTask.run(FutureTask.java:266)
	at java.util.concurrent.Executors$RunnableAdapter.call(Executors.java:511)
	at java.util.concurrent.FutureTask.run(FutureTask.java:266)
	at java.util.concurrent.ThreadPoolExecutor.runWorker(ThreadPoolExecutor.java:1149)
	at java.util.concurrent.ThreadPoolExecutor$Worker.run(ThreadPoolExecutor.java:624)
	... 1 more
Caused by: org.apache.ratis.thirdparty.io.netty.channel.AbstractChannel$AnnotatedConnectException: Connection refused: /192.168.34.56:44872
	at sun.nio.ch.SocketChannelImpl.checkConnect(Native Method)
	at sun.nio.ch.SocketChannelImpl.finishConnect(SocketChannelImpl.java:717)
	at org.apache.ratis.thirdparty.io.netty.channel.socket.nio.NioSocketChannel.doFinishConnect(NioSocketChannel.java:327)
	at org.apache.ratis.thirdparty.io.netty.channel.nio.AbstractNioChannel$AbstractNioUnsafe.finishConnect(AbstractNioChannel.java:340)
	at org.apache.ratis.thirdparty.io.netty.channel.nio.NioEventLoop.processSelectedKey(NioEventLoop.java:632)
	at org.apache.ratis.thirdparty.io.netty.channel.nio.NioEventLoop.processSelectedKeysOptimized(NioEventLoop.java:579)
	at org.apache.ratis.thirdparty.io.netty.channel.nio.NioEventLoop.processSelectedKeys(NioEventLoop.java:496)
	at org.apache.ratis.thirdparty.io.netty.channel.nio.NioEventLoop.run(NioEventLoop.java:458)
	at org.apache.ratis.thirdparty.io.netty.util.concurrent.SingleThreadEventExecutor$5.run(SingleThreadEventExecutor.java:897)
	at org.apache.ratis.thirdparty.io.netty.util.concurrent.FastThreadLocalRunnable.run(FastThreadLocalRunnable.java:30)
	... 1 more
Caused by: java.net.ConnectException: Connection refused
	... 11 more
2019-10-18 13:01:59,783 [c124d131-afb9-4343-ad4e-aaebde613043@group-FF4202234884-LeaderElection346] INFO  impl.LeaderElection (LeaderElection.java:logAndReturn(56)) - c124d131-afb9-4343-ad4e-aaebde613043@group-FF4202234884-LeaderElection346: Election REJECTED; received 0 response(s) [] and 2 exception(s); c124d131-afb9-4343-ad4e-aaebde613043@group-FF4202234884:t189, leader=null, voted=c124d131-afb9-4343-ad4e-aaebde613043, raftlog=c124d131-afb9-4343-ad4e-aaebde613043@group-FF4202234884-SegmentedRaftLog:OPENED:c-1,f-1,i0, conf=-1: [999343e7-0330-4874-a345-91eca72585e0:192.168.34.56:44872, c124d131-afb9-4343-ad4e-aaebde613043:192.168.34.56:42116, e5bb327f-cdd7-4e49-919e-13a4c895fddf:192.168.34.56:36658], old=null
2019-10-18 13:01:59,783 [c124d131-afb9-4343-ad4e-aaebde613043@group-FF4202234884-LeaderElection346] INFO  impl.LeaderElection (LogUtils.java:infoOrTrace(149)) -   Exception 0: {}
java.util.concurrent.ExecutionException: org.apache.ratis.thirdparty.io.grpc.StatusRuntimeException: UNAVAILABLE: io exception
	at java.util.concurrent.FutureTask.report(FutureTask.java:122)
	at java.util.concurrent.FutureTask.get(FutureTask.java:192)
	at org.apache.ratis.server.impl.LeaderElection.waitForResults(LeaderElection.java:259)
	at org.apache.ratis.server.impl.LeaderElection.askForVotes(LeaderElection.java:197)
	at org.apache.ratis.server.impl.LeaderElection.run(LeaderElection.java:133)
	at java.lang.Thread.run(Thread.java:748)
Caused by: org.apache.ratis.thirdparty.io.grpc.StatusRuntimeException: UNAVAILABLE: io exception
	at org.apache.ratis.thirdparty.io.grpc.stub.ClientCalls.toStatusRuntimeException(ClientCalls.java:233)
	at org.apache.ratis.thirdparty.io.grpc.stub.ClientCalls.getUnchecked(ClientCalls.java:214)
	at org.apache.ratis.thirdparty.io.grpc.stub.ClientCalls.blockingUnaryCall(ClientCalls.java:139)
	at org.apache.ratis.proto.grpc.RaftServerProtocolServiceGrpc$RaftServerProtocolServiceBlockingStub.requestVote(RaftServerProtocolServiceGrpc.java:265)
	at org.apache.ratis.grpc.server.GrpcServerProtocolClient.requestVote(GrpcServerProtocolClient.java:99)
	at org.apache.ratis.grpc.server.GrpcService.requestVote(GrpcService.java:204)
	at org.apache.ratis.server.impl.LeaderElection.lambda$submitRequests$1(LeaderElection.java:234)
	at java.util.concurrent.FutureTask.run(FutureTask.java:266)
	at java.util.concurrent.Executors$RunnableAdapter.call(Executors.java:511)
	at java.util.concurrent.FutureTask.run(FutureTask.java:266)
	at java.util.concurrent.ThreadPoolExecutor.runWorker(ThreadPoolExecutor.java:1149)
	at java.util.concurrent.ThreadPoolExecutor$Worker.run(ThreadPoolExecutor.java:624)
	... 1 more
Caused by: org.apache.ratis.thirdparty.io.netty.channel.AbstractChannel$AnnotatedConnectException: Connection refused: /192.168.34.56:36658
	at sun.nio.ch.SocketChannelImpl.checkConnect(Native Method)
	at sun.nio.ch.SocketChannelImpl.finishConnect(SocketChannelImpl.java:717)
	at org.apache.ratis.thirdparty.io.netty.channel.socket.nio.NioSocketChannel.doFinishConnect(NioSocketChannel.java:327)
	at org.apache.ratis.thirdparty.io.netty.channel.nio.AbstractNioChannel$AbstractNioUnsafe.finishConnect(AbstractNioChannel.java:340)
	at org.apache.ratis.thirdparty.io.netty.channel.nio.NioEventLoop.processSelectedKey(NioEventLoop.java:632)
	at org.apache.ratis.thirdparty.io.netty.channel.nio.NioEventLoop.processSelectedKeysOptimized(NioEventLoop.java:579)
	at org.apache.ratis.thirdparty.io.netty.channel.nio.NioEventLoop.processSelectedKeys(NioEventLoop.java:496)
	at org.apache.ratis.thirdparty.io.netty.channel.nio.NioEventLoop.run(NioEventLoop.java:458)
	at org.apache.ratis.thirdparty.io.netty.util.concurrent.SingleThreadEventExecutor$5.run(SingleThreadEventExecutor.java:897)
	at org.apache.ratis.thirdparty.io.netty.util.concurrent.FastThreadLocalRunnable.run(FastThreadLocalRunnable.java:30)
	... 1 more
Caused by: java.net.ConnectException: Connection refused
	... 11 more
2019-10-18 13:01:59,783 [c124d131-afb9-4343-ad4e-aaebde613043@group-FF4202234884-LeaderElection346] INFO  impl.LeaderElection (LogUtils.java:infoOrTrace(149)) -   Exception 1: {}
java.util.concurrent.ExecutionException: org.apache.ratis.thirdparty.io.grpc.StatusRuntimeException: UNAVAILABLE: io exception
	at java.util.concurrent.FutureTask.report(FutureTask.java:122)
	at java.util.concurrent.FutureTask.get(FutureTask.java:192)
	at org.apache.ratis.server.impl.LeaderElection.waitForResults(LeaderElection.java:259)
	at org.apache.ratis.server.impl.LeaderElection.askForVotes(LeaderElection.java:197)
	at org.apache.ratis.server.impl.LeaderElection.run(LeaderElection.java:133)
	at java.lang.Thread.run(Thread.java:748)
Caused by: org.apache.ratis.thirdparty.io.grpc.StatusRuntimeException: UNAVAILABLE: io exception
	at org.apache.ratis.thirdparty.io.grpc.stub.ClientCalls.toStatusRuntimeException(ClientCalls.java:233)
	at org.apache.ratis.thirdparty.io.grpc.stub.ClientCalls.getUnchecked(ClientCalls.java:214)
	at org.apache.ratis.thirdparty.io.grpc.stub.ClientCalls.blockingUnaryCall(ClientCalls.java:139)
	at org.apache.ratis.proto.grpc.RaftServerProtocolServiceGrpc$RaftServerProtocolServiceBlockingStub.requestVote(RaftServerProtocolServiceGrpc.java:265)
	at org.apache.ratis.grpc.server.GrpcServerProtocolClient.requestVote(GrpcServerProtocolClient.java:99)
	at org.apache.ratis.grpc.server.GrpcService.requestVote(GrpcService.java:204)
	at org.apache.ratis.server.impl.LeaderElection.lambda$submitRequests$1(LeaderElection.java:234)
	at java.util.concurrent.FutureTask.run(FutureTask.java:266)
	at java.util.concurrent.Executors$RunnableAdapter.call(Executors.java:511)
	at java.util.concurrent.FutureTask.run(FutureTask.java:266)
	at java.util.concurrent.ThreadPoolExecutor.runWorker(ThreadPoolExecutor.java:1149)
	at java.util.concurrent.ThreadPoolExecutor$Worker.run(ThreadPoolExecutor.java:624)
	... 1 more
Caused by: org.apache.ratis.thirdparty.io.netty.channel.AbstractChannel$AnnotatedConnectException: Connection refused: /192.168.34.56:44872
	at sun.nio.ch.SocketChannelImpl.checkConnect(Native Method)
	at sun.nio.ch.SocketChannelImpl.finishConnect(SocketChannelImpl.java:717)
	at org.apache.ratis.thirdparty.io.netty.channel.socket.nio.NioSocketChannel.doFinishConnect(NioSocketChannel.java:327)
	at org.apache.ratis.thirdparty.io.netty.channel.nio.AbstractNioChannel$AbstractNioUnsafe.finishConnect(AbstractNioChannel.java:340)
	at org.apache.ratis.thirdparty.io.netty.channel.nio.NioEventLoop.processSelectedKey(NioEventLoop.java:632)
	at org.apache.ratis.thirdparty.io.netty.channel.nio.NioEventLoop.processSelectedKeysOptimized(NioEventLoop.java:579)
	at org.apache.ratis.thirdparty.io.netty.channel.nio.NioEventLoop.processSelectedKeys(NioEventLoop.java:496)
	at org.apache.ratis.thirdparty.io.netty.channel.nio.NioEventLoop.run(NioEventLoop.java:458)
	at org.apache.ratis.thirdparty.io.netty.util.concurrent.SingleThreadEventExecutor$5.run(SingleThreadEventExecutor.java:897)
	at org.apache.ratis.thirdparty.io.netty.util.concurrent.FastThreadLocalRunnable.run(FastThreadLocalRunnable.java:30)
	... 1 more
Caused by: java.net.ConnectException: Connection refused
	... 11 more
2019-10-18 13:01:59,783 [c124d131-afb9-4343-ad4e-aaebde613043@group-FF4202234884-LeaderElection346] INFO  impl.RaftServerImpl (RaftServerImpl.java:setRole(184)) - c124d131-afb9-4343-ad4e-aaebde613043@group-FF4202234884: changes role from CANDIDATE to FOLLOWER at term 189 for DISCOVERED_A_NEW_TERM
2019-10-18 13:01:59,784 [c124d131-afb9-4343-ad4e-aaebde613043@group-FF4202234884-LeaderElection346] INFO  impl.RoleInfo (RoleInfo.java:shutdownLeaderElection(134)) - c124d131-afb9-4343-ad4e-aaebde613043: shutdown LeaderElection
2019-10-18 13:01:59,784 [c124d131-afb9-4343-ad4e-aaebde613043@group-FF4202234884-LeaderElection346] INFO  impl.RoleInfo (RoleInfo.java:updateAndGet(143)) - c124d131-afb9-4343-ad4e-aaebde613043: start FollowerState
2019-10-18 13:01:59,945 [Thread-2787] INFO  impl.FollowerState (FollowerState.java:run(108)) - c124d131-afb9-4343-ad4e-aaebde613043@group-FF4202234884-FollowerState: change to CANDIDATE, lastRpcTime:161ms, electionTimeout:161ms
2019-10-18 13:01:59,945 [Thread-2787] INFO  impl.RoleInfo (RoleInfo.java:shutdownFollowerState(121)) - c124d131-afb9-4343-ad4e-aaebde613043: shutdown FollowerState
2019-10-18 13:01:59,945 [Thread-2787] INFO  impl.RaftServerImpl (RaftServerImpl.java:setRole(184)) - c124d131-afb9-4343-ad4e-aaebde613043@group-FF4202234884: changes role from  FOLLOWER to CANDIDATE at term 189 for changeToCandidate
2019-10-18 13:01:59,946 [Thread-2787] INFO  impl.RoleInfo (RoleInfo.java:updateAndGet(143)) - c124d131-afb9-4343-ad4e-aaebde613043: start LeaderElection
2019-10-18 13:01:59,957 [Thread-2786] INFO  impl.FollowerState (FollowerState.java:run(108)) - 018b3f78-d19f-4e26-a796-cb8ddc4f97cf@group-187684C21557-FollowerState: change to CANDIDATE, lastRpcTime:175ms, electionTimeout:175ms
2019-10-18 13:01:59,957 [Thread-2786] INFO  impl.RoleInfo (RoleInfo.java:shutdownFollowerState(121)) - 018b3f78-d19f-4e26-a796-cb8ddc4f97cf: shutdown FollowerState
2019-10-18 13:01:59,958 [Thread-2786] INFO  impl.RaftServerImpl (RaftServerImpl.java:setRole(184)) - 018b3f78-d19f-4e26-a796-cb8ddc4f97cf@group-187684C21557: changes role from  FOLLOWER to CANDIDATE at term 202 for changeToCandidate
2019-10-18 13:01:59,958 [Thread-2786] INFO  impl.RoleInfo (RoleInfo.java:updateAndGet(143)) - 018b3f78-d19f-4e26-a796-cb8ddc4f97cf: start LeaderElection
2019-10-18 13:01:59,972 [c124d131-afb9-4343-ad4e-aaebde613043@group-FF4202234884-LeaderElection347] INFO  impl.LeaderElection (LeaderElection.java:askForVotes(178)) - c124d131-afb9-4343-ad4e-aaebde613043@group-FF4202234884-LeaderElection347: begin an election at term 190 for -1: [999343e7-0330-4874-a345-91eca72585e0:192.168.34.56:44872, c124d131-afb9-4343-ad4e-aaebde613043:192.168.34.56:42116, e5bb327f-cdd7-4e49-919e-13a4c895fddf:192.168.34.56:36658], old=null
2019-10-18 13:01:59,974 [c124d131-afb9-4343-ad4e-aaebde613043@group-FF4202234884-LeaderElection347] INFO  impl.LeaderElection (LogUtils.java:infoOrTrace(149)) - c124d131-afb9-4343-ad4e-aaebde613043@group-FF4202234884-LeaderElection347 got exception when requesting votes: {}
java.util.concurrent.ExecutionException: org.apache.ratis.thirdparty.io.grpc.StatusRuntimeException: UNAVAILABLE: io exception
	at java.util.concurrent.FutureTask.report(FutureTask.java:122)
	at java.util.concurrent.FutureTask.get(FutureTask.java:192)
	at org.apache.ratis.server.impl.LeaderElection.waitForResults(LeaderElection.java:259)
	at org.apache.ratis.server.impl.LeaderElection.askForVotes(LeaderElection.java:197)
	at org.apache.ratis.server.impl.LeaderElection.run(LeaderElection.java:133)
	at java.lang.Thread.run(Thread.java:748)
Caused by: org.apache.ratis.thirdparty.io.grpc.StatusRuntimeException: UNAVAILABLE: io exception
	at org.apache.ratis.thirdparty.io.grpc.stub.ClientCalls.toStatusRuntimeException(ClientCalls.java:233)
	at org.apache.ratis.thirdparty.io.grpc.stub.ClientCalls.getUnchecked(ClientCalls.java:214)
	at org.apache.ratis.thirdparty.io.grpc.stub.ClientCalls.blockingUnaryCall(ClientCalls.java:139)
	at org.apache.ratis.proto.grpc.RaftServerProtocolServiceGrpc$RaftServerProtocolServiceBlockingStub.requestVote(RaftServerProtocolServiceGrpc.java:265)
	at org.apache.ratis.grpc.server.GrpcServerProtocolClient.requestVote(GrpcServerProtocolClient.java:99)
	at org.apache.ratis.grpc.server.GrpcService.requestVote(GrpcService.java:204)
	at org.apache.ratis.server.impl.LeaderElection.lambda$submitRequests$1(LeaderElection.java:234)
	at java.util.concurrent.FutureTask.run(FutureTask.java:266)
	at java.util.concurrent.Executors$RunnableAdapter.call(Executors.java:511)
	at java.util.concurrent.FutureTask.run(FutureTask.java:266)
	at java.util.concurrent.ThreadPoolExecutor.runWorker(ThreadPoolExecutor.java:1149)
	at java.util.concurrent.ThreadPoolExecutor$Worker.run(ThreadPoolExecutor.java:624)
	... 1 more
Caused by: org.apache.ratis.thirdparty.io.netty.channel.AbstractChannel$AnnotatedConnectException: Connection refused: /192.168.34.56:36658
	at sun.nio.ch.SocketChannelImpl.checkConnect(Native Method)
	at sun.nio.ch.SocketChannelImpl.finishConnect(SocketChannelImpl.java:717)
	at org.apache.ratis.thirdparty.io.netty.channel.socket.nio.NioSocketChannel.doFinishConnect(NioSocketChannel.java:327)
	at org.apache.ratis.thirdparty.io.netty.channel.nio.AbstractNioChannel$AbstractNioUnsafe.finishConnect(AbstractNioChannel.java:340)
	at org.apache.ratis.thirdparty.io.netty.channel.nio.NioEventLoop.processSelectedKey(NioEventLoop.java:632)
	at org.apache.ratis.thirdparty.io.netty.channel.nio.NioEventLoop.processSelectedKeysOptimized(NioEventLoop.java:579)
	at org.apache.ratis.thirdparty.io.netty.channel.nio.NioEventLoop.processSelectedKeys(NioEventLoop.java:496)
	at org.apache.ratis.thirdparty.io.netty.channel.nio.NioEventLoop.run(NioEventLoop.java:458)
	at org.apache.ratis.thirdparty.io.netty.util.concurrent.SingleThreadEventExecutor$5.run(SingleThreadEventExecutor.java:897)
	at org.apache.ratis.thirdparty.io.netty.util.concurrent.FastThreadLocalRunnable.run(FastThreadLocalRunnable.java:30)
	... 1 more
Caused by: java.net.ConnectException: Connection refused
	... 11 more
2019-10-18 13:01:59,975 [c124d131-afb9-4343-ad4e-aaebde613043@group-FF4202234884-LeaderElection347] INFO  impl.LeaderElection (LogUtils.java:infoOrTrace(149)) - c124d131-afb9-4343-ad4e-aaebde613043@group-FF4202234884-LeaderElection347 got exception when requesting votes: {}
java.util.concurrent.ExecutionException: org.apache.ratis.thirdparty.io.grpc.StatusRuntimeException: UNAVAILABLE: io exception
	at java.util.concurrent.FutureTask.report(FutureTask.java:122)
	at java.util.concurrent.FutureTask.get(FutureTask.java:192)
	at org.apache.ratis.server.impl.LeaderElection.waitForResults(LeaderElection.java:259)
	at org.apache.ratis.server.impl.LeaderElection.askForVotes(LeaderElection.java:197)
	at org.apache.ratis.server.impl.LeaderElection.run(LeaderElection.java:133)
	at java.lang.Thread.run(Thread.java:748)
Caused by: org.apache.ratis.thirdparty.io.grpc.StatusRuntimeException: UNAVAILABLE: io exception
	at org.apache.ratis.thirdparty.io.grpc.stub.ClientCalls.toStatusRuntimeException(ClientCalls.java:233)
	at org.apache.ratis.thirdparty.io.grpc.stub.ClientCalls.getUnchecked(ClientCalls.java:214)
	at org.apache.ratis.thirdparty.io.grpc.stub.ClientCalls.blockingUnaryCall(ClientCalls.java:139)
	at org.apache.ratis.proto.grpc.RaftServerProtocolServiceGrpc$RaftServerProtocolServiceBlockingStub.requestVote(RaftServerProtocolServiceGrpc.java:265)
	at org.apache.ratis.grpc.server.GrpcServerProtocolClient.requestVote(GrpcServerProtocolClient.java:99)
	at org.apache.ratis.grpc.server.GrpcService.requestVote(GrpcService.java:204)
	at org.apache.ratis.server.impl.LeaderElection.lambda$submitRequests$1(LeaderElection.java:234)
	at java.util.concurrent.FutureTask.run(FutureTask.java:266)
	at java.util.concurrent.Executors$RunnableAdapter.call(Executors.java:511)
	at java.util.concurrent.FutureTask.run(FutureTask.java:266)
	at java.util.concurrent.ThreadPoolExecutor.runWorker(ThreadPoolExecutor.java:1149)
	at java.util.concurrent.ThreadPoolExecutor$Worker.run(ThreadPoolExecutor.java:624)
	... 1 more
Caused by: org.apache.ratis.thirdparty.io.netty.channel.AbstractChannel$AnnotatedConnectException: Connection refused: /192.168.34.56:44872
	at sun.nio.ch.SocketChannelImpl.checkConnect(Native Method)
	at sun.nio.ch.SocketChannelImpl.finishConnect(SocketChannelImpl.java:717)
	at org.apache.ratis.thirdparty.io.netty.channel.socket.nio.NioSocketChannel.doFinishConnect(NioSocketChannel.java:327)
	at org.apache.ratis.thirdparty.io.netty.channel.nio.AbstractNioChannel$AbstractNioUnsafe.finishConnect(AbstractNioChannel.java:340)
	at org.apache.ratis.thirdparty.io.netty.channel.nio.NioEventLoop.processSelectedKey(NioEventLoop.java:632)
	at org.apache.ratis.thirdparty.io.netty.channel.nio.NioEventLoop.processSelectedKeysOptimized(NioEventLoop.java:579)
	at org.apache.ratis.thirdparty.io.netty.channel.nio.NioEventLoop.processSelectedKeys(NioEventLoop.java:496)
	at org.apache.ratis.thirdparty.io.netty.channel.nio.NioEventLoop.run(NioEventLoop.java:458)
	at org.apache.ratis.thirdparty.io.netty.util.concurrent.SingleThreadEventExecutor$5.run(SingleThreadEventExecutor.java:897)
	at org.apache.ratis.thirdparty.io.netty.util.concurrent.FastThreadLocalRunnable.run(FastThreadLocalRunnable.java:30)
	... 1 more
Caused by: java.net.ConnectException: Connection refused
	... 11 more
2019-10-18 13:01:59,975 [c124d131-afb9-4343-ad4e-aaebde613043@group-FF4202234884-LeaderElection347] INFO  impl.LeaderElection (LeaderElection.java:logAndReturn(56)) - c124d131-afb9-4343-ad4e-aaebde613043@group-FF4202234884-LeaderElection347: Election REJECTED; received 0 response(s) [] and 2 exception(s); c124d131-afb9-4343-ad4e-aaebde613043@group-FF4202234884:t190, leader=null, voted=c124d131-afb9-4343-ad4e-aaebde613043, raftlog=c124d131-afb9-4343-ad4e-aaebde613043@group-FF4202234884-SegmentedRaftLog:OPENED:c-1,f-1,i0, conf=-1: [999343e7-0330-4874-a345-91eca72585e0:192.168.34.56:44872, c124d131-afb9-4343-ad4e-aaebde613043:192.168.34.56:42116, e5bb327f-cdd7-4e49-919e-13a4c895fddf:192.168.34.56:36658], old=null
2019-10-18 13:01:59,975 [c124d131-afb9-4343-ad4e-aaebde613043@group-FF4202234884-LeaderElection347] INFO  impl.LeaderElection (LogUtils.java:infoOrTrace(149)) -   Exception 0: {}
java.util.concurrent.ExecutionException: org.apache.ratis.thirdparty.io.grpc.StatusRuntimeException: UNAVAILABLE: io exception
	at java.util.concurrent.FutureTask.report(FutureTask.java:122)
	at java.util.concurrent.FutureTask.get(FutureTask.java:192)
	at org.apache.ratis.server.impl.LeaderElection.waitForResults(LeaderElection.java:259)
	at org.apache.ratis.server.impl.LeaderElection.askForVotes(LeaderElection.java:197)
	at org.apache.ratis.server.impl.LeaderElection.run(LeaderElection.java:133)
	at java.lang.Thread.run(Thread.java:748)
Caused by: org.apache.ratis.thirdparty.io.grpc.StatusRuntimeException: UNAVAILABLE: io exception
	at org.apache.ratis.thirdparty.io.grpc.stub.ClientCalls.toStatusRuntimeException(ClientCalls.java:233)
	at org.apache.ratis.thirdparty.io.grpc.stub.ClientCalls.getUnchecked(ClientCalls.java:214)
	at org.apache.ratis.thirdparty.io.grpc.stub.ClientCalls.blockingUnaryCall(ClientCalls.java:139)
	at org.apache.ratis.proto.grpc.RaftServerProtocolServiceGrpc$RaftServerProtocolServiceBlockingStub.requestVote(RaftServerProtocolServiceGrpc.java:265)
	at org.apache.ratis.grpc.server.GrpcServerProtocolClient.requestVote(GrpcServerProtocolClient.java:99)
	at org.apache.ratis.grpc.server.GrpcService.requestVote(GrpcService.java:204)
	at org.apache.ratis.server.impl.LeaderElection.lambda$submitRequests$1(LeaderElection.java:234)
	at java.util.concurrent.FutureTask.run(FutureTask.java:266)
	at java.util.concurrent.Executors$RunnableAdapter.call(Executors.java:511)
	at java.util.concurrent.FutureTask.run(FutureTask.java:266)
	at java.util.concurrent.ThreadPoolExecutor.runWorker(ThreadPoolExecutor.java:1149)
	at java.util.concurrent.ThreadPoolExecutor$Worker.run(ThreadPoolExecutor.java:624)
	... 1 more
Caused by: org.apache.ratis.thirdparty.io.netty.channel.AbstractChannel$AnnotatedConnectException: Connection refused: /192.168.34.56:36658
	at sun.nio.ch.SocketChannelImpl.checkConnect(Native Method)
	at sun.nio.ch.SocketChannelImpl.finishConnect(SocketChannelImpl.java:717)
	at org.apache.ratis.thirdparty.io.netty.channel.socket.nio.NioSocketChannel.doFinishConnect(NioSocketChannel.java:327)
	at org.apache.ratis.thirdparty.io.netty.channel.nio.AbstractNioChannel$AbstractNioUnsafe.finishConnect(AbstractNioChannel.java:340)
	at org.apache.ratis.thirdparty.io.netty.channel.nio.NioEventLoop.processSelectedKey(NioEventLoop.java:632)
	at org.apache.ratis.thirdparty.io.netty.channel.nio.NioEventLoop.processSelectedKeysOptimized(NioEventLoop.java:579)
	at org.apache.ratis.thirdparty.io.netty.channel.nio.NioEventLoop.processSelectedKeys(NioEventLoop.java:496)
	at org.apache.ratis.thirdparty.io.netty.channel.nio.NioEventLoop.run(NioEventLoop.java:458)
	at org.apache.ratis.thirdparty.io.netty.util.concurrent.SingleThreadEventExecutor$5.run(SingleThreadEventExecutor.java:897)
	at org.apache.ratis.thirdparty.io.netty.util.concurrent.FastThreadLocalRunnable.run(FastThreadLocalRunnable.java:30)
	... 1 more
Caused by: java.net.ConnectException: Connection refused
	... 11 more
2019-10-18 13:01:59,976 [c124d131-afb9-4343-ad4e-aaebde613043@group-FF4202234884-LeaderElection347] INFO  impl.LeaderElection (LogUtils.java:infoOrTrace(149)) -   Exception 1: {}
java.util.concurrent.ExecutionException: org.apache.ratis.thirdparty.io.grpc.StatusRuntimeException: UNAVAILABLE: io exception
	at java.util.concurrent.FutureTask.report(FutureTask.java:122)
	at java.util.concurrent.FutureTask.get(FutureTask.java:192)
	at org.apache.ratis.server.impl.LeaderElection.waitForResults(LeaderElection.java:259)
	at org.apache.ratis.server.impl.LeaderElection.askForVotes(LeaderElection.java:197)
	at org.apache.ratis.server.impl.LeaderElection.run(LeaderElection.java:133)
	at java.lang.Thread.run(Thread.java:748)
Caused by: org.apache.ratis.thirdparty.io.grpc.StatusRuntimeException: UNAVAILABLE: io exception
	at org.apache.ratis.thirdparty.io.grpc.stub.ClientCalls.toStatusRuntimeException(ClientCalls.java:233)
	at org.apache.ratis.thirdparty.io.grpc.stub.ClientCalls.getUnchecked(ClientCalls.java:214)
	at org.apache.ratis.thirdparty.io.grpc.stub.ClientCalls.blockingUnaryCall(ClientCalls.java:139)
	at org.apache.ratis.proto.grpc.RaftServerProtocolServiceGrpc$RaftServerProtocolServiceBlockingStub.requestVote(RaftServerProtocolServiceGrpc.java:265)
	at org.apache.ratis.grpc.server.GrpcServerProtocolClient.requestVote(GrpcServerProtocolClient.java:99)
	at org.apache.ratis.grpc.server.GrpcService.requestVote(GrpcService.java:204)
	at org.apache.ratis.server.impl.LeaderElection.lambda$submitRequests$1(LeaderElection.java:234)
	at java.util.concurrent.FutureTask.run(FutureTask.java:266)
	at java.util.concurrent.Executors$RunnableAdapter.call(Executors.java:511)
	at java.util.concurrent.FutureTask.run(FutureTask.java:266)
	at java.util.concurrent.ThreadPoolExecutor.runWorker(ThreadPoolExecutor.java:1149)
	at java.util.concurrent.ThreadPoolExecutor$Worker.run(ThreadPoolExecutor.java:624)
	... 1 more
Caused by: org.apache.ratis.thirdparty.io.netty.channel.AbstractChannel$AnnotatedConnectException: Connection refused: /192.168.34.56:44872
	at sun.nio.ch.SocketChannelImpl.checkConnect(Native Method)
	at sun.nio.ch.SocketChannelImpl.finishConnect(SocketChannelImpl.java:717)
	at org.apache.ratis.thirdparty.io.netty.channel.socket.nio.NioSocketChannel.doFinishConnect(NioSocketChannel.java:327)
	at org.apache.ratis.thirdparty.io.netty.channel.nio.AbstractNioChannel$AbstractNioUnsafe.finishConnect(AbstractNioChannel.java:340)
	at org.apache.ratis.thirdparty.io.netty.channel.nio.NioEventLoop.processSelectedKey(NioEventLoop.java:632)
	at org.apache.ratis.thirdparty.io.netty.channel.nio.NioEventLoop.processSelectedKeysOptimized(NioEventLoop.java:579)
	at org.apache.ratis.thirdparty.io.netty.channel.nio.NioEventLoop.processSelectedKeys(NioEventLoop.java:496)
	at org.apache.ratis.thirdparty.io.netty.channel.nio.NioEventLoop.run(NioEventLoop.java:458)
	at org.apache.ratis.thirdparty.io.netty.util.concurrent.SingleThreadEventExecutor$5.run(SingleThreadEventExecutor.java:897)
	at org.apache.ratis.thirdparty.io.netty.util.concurrent.FastThreadLocalRunnable.run(FastThreadLocalRunnable.java:30)
	... 1 more
Caused by: java.net.ConnectException: Connection refused
	... 11 more
2019-10-18 13:01:59,976 [c124d131-afb9-4343-ad4e-aaebde613043@group-FF4202234884-LeaderElection347] INFO  impl.RaftServerImpl (RaftServerImpl.java:setRole(184)) - c124d131-afb9-4343-ad4e-aaebde613043@group-FF4202234884: changes role from CANDIDATE to FOLLOWER at term 190 for DISCOVERED_A_NEW_TERM
2019-10-18 13:01:59,976 [c124d131-afb9-4343-ad4e-aaebde613043@group-FF4202234884-LeaderElection347] INFO  impl.RoleInfo (RoleInfo.java:shutdownLeaderElection(134)) - c124d131-afb9-4343-ad4e-aaebde613043: shutdown LeaderElection
2019-10-18 13:01:59,976 [c124d131-afb9-4343-ad4e-aaebde613043@group-FF4202234884-LeaderElection347] INFO  impl.RoleInfo (RoleInfo.java:updateAndGet(143)) - c124d131-afb9-4343-ad4e-aaebde613043: start FollowerState
2019-10-18 13:02:00,001 [018b3f78-d19f-4e26-a796-cb8ddc4f97cf@group-187684C21557-LeaderElection348] INFO  impl.LeaderElection (LeaderElection.java:askForVotes(178)) - 018b3f78-d19f-4e26-a796-cb8ddc4f97cf@group-187684C21557-LeaderElection348: begin an election at term 203 for -1: [893cf03e-f2cf-478a-892a-a746717e50e3:192.168.34.56:40750, 8697df36-98d2-41b1-bdc7-60597b3b5526:192.168.34.56:46415, 018b3f78-d19f-4e26-a796-cb8ddc4f97cf:192.168.34.56:35845], old=null
2019-10-18 13:02:00,002 [018b3f78-d19f-4e26-a796-cb8ddc4f97cf@group-187684C21557-LeaderElection348] INFO  impl.LeaderElection (LogUtils.java:infoOrTrace(149)) - 018b3f78-d19f-4e26-a796-cb8ddc4f97cf@group-187684C21557-LeaderElection348 got exception when requesting votes: {}
java.util.concurrent.ExecutionException: org.apache.ratis.thirdparty.io.grpc.StatusRuntimeException: UNAVAILABLE: io exception
	at java.util.concurrent.FutureTask.report(FutureTask.java:122)
	at java.util.concurrent.FutureTask.get(FutureTask.java:192)
	at org.apache.ratis.server.impl.LeaderElection.waitForResults(LeaderElection.java:259)
	at org.apache.ratis.server.impl.LeaderElection.askForVotes(LeaderElection.java:197)
	at org.apache.ratis.server.impl.LeaderElection.run(LeaderElection.java:133)
	at java.lang.Thread.run(Thread.java:748)
Caused by: org.apache.ratis.thirdparty.io.grpc.StatusRuntimeException: UNAVAILABLE: io exception
	at org.apache.ratis.thirdparty.io.grpc.stub.ClientCalls.toStatusRuntimeException(ClientCalls.java:233)
	at org.apache.ratis.thirdparty.io.grpc.stub.ClientCalls.getUnchecked(ClientCalls.java:214)
	at org.apache.ratis.thirdparty.io.grpc.stub.ClientCalls.blockingUnaryCall(ClientCalls.java:139)
	at org.apache.ratis.proto.grpc.RaftServerProtocolServiceGrpc$RaftServerProtocolServiceBlockingStub.requestVote(RaftServerProtocolServiceGrpc.java:265)
	at org.apache.ratis.grpc.server.GrpcServerProtocolClient.requestVote(GrpcServerProtocolClient.java:99)
	at org.apache.ratis.grpc.server.GrpcService.requestVote(GrpcService.java:204)
	at org.apache.ratis.server.impl.LeaderElection.lambda$submitRequests$1(LeaderElection.java:234)
	at java.util.concurrent.FutureTask.run(FutureTask.java:266)
	at java.util.concurrent.Executors$RunnableAdapter.call(Executors.java:511)
	at java.util.concurrent.FutureTask.run(FutureTask.java:266)
	at java.util.concurrent.ThreadPoolExecutor.runWorker(ThreadPoolExecutor.java:1149)
	at java.util.concurrent.ThreadPoolExecutor$Worker.run(ThreadPoolExecutor.java:624)
	... 1 more
Caused by: org.apache.ratis.thirdparty.io.netty.channel.AbstractChannel$AnnotatedConnectException: Connection refused: /192.168.34.56:46415
	at sun.nio.ch.SocketChannelImpl.checkConnect(Native Method)
	at sun.nio.ch.SocketChannelImpl.finishConnect(SocketChannelImpl.java:717)
	at org.apache.ratis.thirdparty.io.netty.channel.socket.nio.NioSocketChannel.doFinishConnect(NioSocketChannel.java:327)
	at org.apache.ratis.thirdparty.io.netty.channel.nio.AbstractNioChannel$AbstractNioUnsafe.finishConnect(AbstractNioChannel.java:340)
	at org.apache.ratis.thirdparty.io.netty.channel.nio.NioEventLoop.processSelectedKey(NioEventLoop.java:632)
	at org.apache.ratis.thirdparty.io.netty.channel.nio.NioEventLoop.processSelectedKeysOptimized(NioEventLoop.java:579)
	at org.apache.ratis.thirdparty.io.netty.channel.nio.NioEventLoop.processSelectedKeys(NioEventLoop.java:496)
	at org.apache.ratis.thirdparty.io.netty.channel.nio.NioEventLoop.run(NioEventLoop.java:458)
	at org.apache.ratis.thirdparty.io.netty.util.concurrent.SingleThreadEventExecutor$5.run(SingleThreadEventExecutor.java:897)
	at org.apache.ratis.thirdparty.io.netty.util.concurrent.FastThreadLocalRunnable.run(FastThreadLocalRunnable.java:30)
	... 1 more
Caused by: java.net.ConnectException: Connection refused
	... 11 more
2019-10-18 13:02:00,003 [grpc-default-executor-7] INFO  impl.RaftServerImpl (RaftServerImpl.java:setRole(184)) - 893cf03e-f2cf-478a-892a-a746717e50e3@group-187684C21557: changes role from  FOLLOWER to FOLLOWER at term 203 for recognizeCandidate:018b3f78-d19f-4e26-a796-cb8ddc4f97cf
2019-10-18 13:02:00,004 [grpc-default-executor-7] INFO  impl.RoleInfo (RoleInfo.java:shutdownFollowerState(121)) - 893cf03e-f2cf-478a-892a-a746717e50e3: shutdown FollowerState
2019-10-18 13:02:00,004 [grpc-default-executor-7] INFO  impl.RoleInfo (RoleInfo.java:updateAndGet(143)) - 893cf03e-f2cf-478a-892a-a746717e50e3: start FollowerState
2019-10-18 13:02:00,004 [Thread-2782] INFO  impl.FollowerState (FollowerState.java:run(117)) - 893cf03e-f2cf-478a-892a-a746717e50e3@group-187684C21557-FollowerState was interrupted: java.lang.InterruptedException: sleep interrupted
2019-10-18 13:02:00,028 [018b3f78-d19f-4e26-a796-cb8ddc4f97cf@group-187684C21557-LeaderElection348] INFO  impl.LeaderElection (LeaderElection.java:logAndReturn(56)) - 018b3f78-d19f-4e26-a796-cb8ddc4f97cf@group-187684C21557-LeaderElection348: Election REJECTED; received 1 response(s) [018b3f78-d19f-4e26-a796-cb8ddc4f97cf<-893cf03e-f2cf-478a-892a-a746717e50e3#0:FAIL-t203] and 1 exception(s); 018b3f78-d19f-4e26-a796-cb8ddc4f97cf@group-187684C21557:t203, leader=null, voted=018b3f78-d19f-4e26-a796-cb8ddc4f97cf, raftlog=018b3f78-d19f-4e26-a796-cb8ddc4f97cf@group-187684C21557-SegmentedRaftLog:OPENED:c-1,f-1,i0, conf=-1: [893cf03e-f2cf-478a-892a-a746717e50e3:192.168.34.56:40750, 8697df36-98d2-41b1-bdc7-60597b3b5526:192.168.34.56:46415, 018b3f78-d19f-4e26-a796-cb8ddc4f97cf:192.168.34.56:35845], old=null
2019-10-18 13:02:00,028 [018b3f78-d19f-4e26-a796-cb8ddc4f97cf@group-187684C21557-LeaderElection348] INFO  impl.LeaderElection (LogUtils.java:infoOrTrace(149)) -   Exception 0: {}
java.util.concurrent.ExecutionException: org.apache.ratis.thirdparty.io.grpc.StatusRuntimeException: UNAVAILABLE: io exception
	at java.util.concurrent.FutureTask.report(FutureTask.java:122)
	at java.util.concurrent.FutureTask.get(FutureTask.java:192)
	at org.apache.ratis.server.impl.LeaderElection.waitForResults(LeaderElection.java:259)
	at org.apache.ratis.server.impl.LeaderElection.askForVotes(LeaderElection.java:197)
	at org.apache.ratis.server.impl.LeaderElection.run(LeaderElection.java:133)
	at java.lang.Thread.run(Thread.java:748)
Caused by: org.apache.ratis.thirdparty.io.grpc.StatusRuntimeException: UNAVAILABLE: io exception
	at org.apache.ratis.thirdparty.io.grpc.stub.ClientCalls.toStatusRuntimeException(ClientCalls.java:233)
	at org.apache.ratis.thirdparty.io.grpc.stub.ClientCalls.getUnchecked(ClientCalls.java:214)
	at org.apache.ratis.thirdparty.io.grpc.stub.ClientCalls.blockingUnaryCall(ClientCalls.java:139)
	at org.apache.ratis.proto.grpc.RaftServerProtocolServiceGrpc$RaftServerProtocolServiceBlockingStub.requestVote(RaftServerProtocolServiceGrpc.java:265)
	at org.apache.ratis.grpc.server.GrpcServerProtocolClient.requestVote(GrpcServerProtocolClient.java:99)
	at org.apache.ratis.grpc.server.GrpcService.requestVote(GrpcService.java:204)
	at org.apache.ratis.server.impl.LeaderElection.lambda$submitRequests$1(LeaderElection.java:234)
	at java.util.concurrent.FutureTask.run(FutureTask.java:266)
	at java.util.concurrent.Executors$RunnableAdapter.call(Executors.java:511)
	at java.util.concurrent.FutureTask.run(FutureTask.java:266)
	at java.util.concurrent.ThreadPoolExecutor.runWorker(ThreadPoolExecutor.java:1149)
	at java.util.concurrent.ThreadPoolExecutor$Worker.run(ThreadPoolExecutor.java:624)
	... 1 more
Caused by: org.apache.ratis.thirdparty.io.netty.channel.AbstractChannel$AnnotatedConnectException: Connection refused: /192.168.34.56:46415
	at sun.nio.ch.SocketChannelImpl.checkConnect(Native Method)
	at sun.nio.ch.SocketChannelImpl.finishConnect(SocketChannelImpl.java:717)
	at org.apache.ratis.thirdparty.io.netty.channel.socket.nio.NioSocketChannel.doFinishConnect(NioSocketChannel.java:327)
	at org.apache.ratis.thirdparty.io.netty.channel.nio.AbstractNioChannel$AbstractNioUnsafe.finishConnect(AbstractNioChannel.java:340)
	at org.apache.ratis.thirdparty.io.netty.channel.nio.NioEventLoop.processSelectedKey(NioEventLoop.java:632)
	at org.apache.ratis.thirdparty.io.netty.channel.nio.NioEventLoop.processSelectedKeysOptimized(NioEventLoop.java:579)
	at org.apache.ratis.thirdparty.io.netty.channel.nio.NioEventLoop.processSelectedKeys(NioEventLoop.java:496)
	at org.apache.ratis.thirdparty.io.netty.channel.nio.NioEventLoop.run(NioEventLoop.java:458)
	at org.apache.ratis.thirdparty.io.netty.util.concurrent.SingleThreadEventExecutor$5.run(SingleThreadEventExecutor.java:897)
	at org.apache.ratis.thirdparty.io.netty.util.concurrent.FastThreadLocalRunnable.run(FastThreadLocalRunnable.java:30)
	... 1 more
Caused by: java.net.ConnectException: Connection refused
	... 11 more
2019-10-18 13:02:00,029 [018b3f78-d19f-4e26-a796-cb8ddc4f97cf@group-187684C21557-LeaderElection348] INFO  impl.RaftServerImpl (RaftServerImpl.java:setRole(184)) - 018b3f78-d19f-4e26-a796-cb8ddc4f97cf@group-187684C21557: changes role from CANDIDATE to FOLLOWER at term 203 for DISCOVERED_A_NEW_TERM
2019-10-18 13:02:00,029 [018b3f78-d19f-4e26-a796-cb8ddc4f97cf@group-187684C21557-LeaderElection348] INFO  impl.RoleInfo (RoleInfo.java:shutdownLeaderElection(134)) - 018b3f78-d19f-4e26-a796-cb8ddc4f97cf: shutdown LeaderElection
2019-10-18 13:02:00,029 [018b3f78-d19f-4e26-a796-cb8ddc4f97cf@group-187684C21557-LeaderElection348] INFO  impl.RoleInfo (RoleInfo.java:updateAndGet(143)) - 018b3f78-d19f-4e26-a796-cb8ddc4f97cf: start FollowerState
2019-10-18 13:02:00,108 [Thread-2792] INFO  impl.FollowerState (FollowerState.java:run(108)) - c124d131-afb9-4343-ad4e-aaebde613043@group-FF4202234884-FollowerState: change to CANDIDATE, lastRpcTime:131ms, electionTimeout:131ms
2019-10-18 13:02:00,108 [Thread-2792] INFO  impl.RoleInfo (RoleInfo.java:shutdownFollowerState(121)) - c124d131-afb9-4343-ad4e-aaebde613043: shutdown FollowerState
2019-10-18 13:02:00,108 [Thread-2792] INFO  impl.RaftServerImpl (RaftServerImpl.java:setRole(184)) - c124d131-afb9-4343-ad4e-aaebde613043@group-FF4202234884: changes role from  FOLLOWER to CANDIDATE at term 190 for changeToCandidate
2019-10-18 13:02:00,108 [Thread-2792] INFO  impl.RoleInfo (RoleInfo.java:updateAndGet(143)) - c124d131-afb9-4343-ad4e-aaebde613043: start LeaderElection
2019-10-18 13:02:00,157 [c124d131-afb9-4343-ad4e-aaebde613043@group-FF4202234884-LeaderElection349] INFO  impl.LeaderElection (LeaderElection.java:askForVotes(178)) - c124d131-afb9-4343-ad4e-aaebde613043@group-FF4202234884-LeaderElection349: begin an election at term 191 for -1: [999343e7-0330-4874-a345-91eca72585e0:192.168.34.56:44872, c124d131-afb9-4343-ad4e-aaebde613043:192.168.34.56:42116, e5bb327f-cdd7-4e49-919e-13a4c895fddf:192.168.34.56:36658], old=null
2019-10-18 13:02:00,158 [c124d131-afb9-4343-ad4e-aaebde613043@group-FF4202234884-LeaderElection349] INFO  impl.LeaderElection (LogUtils.java:infoOrTrace(149)) - c124d131-afb9-4343-ad4e-aaebde613043@group-FF4202234884-LeaderElection349 got exception when requesting votes: {}
java.util.concurrent.ExecutionException: org.apache.ratis.thirdparty.io.grpc.StatusRuntimeException: UNAVAILABLE: io exception
	at java.util.concurrent.FutureTask.report(FutureTask.java:122)
	at java.util.concurrent.FutureTask.get(FutureTask.java:192)
	at org.apache.ratis.server.impl.LeaderElection.waitForResults(LeaderElection.java:259)
	at org.apache.ratis.server.impl.LeaderElection.askForVotes(LeaderElection.java:197)
	at org.apache.ratis.server.impl.LeaderElection.run(LeaderElection.java:133)
	at java.lang.Thread.run(Thread.java:748)
Caused by: org.apache.ratis.thirdparty.io.grpc.StatusRuntimeException: UNAVAILABLE: io exception
	at org.apache.ratis.thirdparty.io.grpc.stub.ClientCalls.toStatusRuntimeException(ClientCalls.java:233)
	at org.apache.ratis.thirdparty.io.grpc.stub.ClientCalls.getUnchecked(ClientCalls.java:214)
	at org.apache.ratis.thirdparty.io.grpc.stub.ClientCalls.blockingUnaryCall(ClientCalls.java:139)
	at org.apache.ratis.proto.grpc.RaftServerProtocolServiceGrpc$RaftServerProtocolServiceBlockingStub.requestVote(RaftServerProtocolServiceGrpc.java:265)
	at org.apache.ratis.grpc.server.GrpcServerProtocolClient.requestVote(GrpcServerProtocolClient.java:99)
	at org.apache.ratis.grpc.server.GrpcService.requestVote(GrpcService.java:204)
	at org.apache.ratis.server.impl.LeaderElection.lambda$submitRequests$1(LeaderElection.java:234)
	at java.util.concurrent.FutureTask.run(FutureTask.java:266)
	at java.util.concurrent.Executors$RunnableAdapter.call(Executors.java:511)
	at java.util.concurrent.FutureTask.run(FutureTask.java:266)
	at java.util.concurrent.ThreadPoolExecutor.runWorker(ThreadPoolExecutor.java:1149)
	at java.util.concurrent.ThreadPoolExecutor$Worker.run(ThreadPoolExecutor.java:624)
	... 1 more
Caused by: org.apache.ratis.thirdparty.io.netty.channel.AbstractChannel$AnnotatedConnectException: Connection refused: /192.168.34.56:36658
	at sun.nio.ch.SocketChannelImpl.checkConnect(Native Method)
	at sun.nio.ch.SocketChannelImpl.finishConnect(SocketChannelImpl.java:717)
	at org.apache.ratis.thirdparty.io.netty.channel.socket.nio.NioSocketChannel.doFinishConnect(NioSocketChannel.java:327)
	at org.apache.ratis.thirdparty.io.netty.channel.nio.AbstractNioChannel$AbstractNioUnsafe.finishConnect(AbstractNioChannel.java:340)
	at org.apache.ratis.thirdparty.io.netty.channel.nio.NioEventLoop.processSelectedKey(NioEventLoop.java:632)
	at org.apache.ratis.thirdparty.io.netty.channel.nio.NioEventLoop.processSelectedKeysOptimized(NioEventLoop.java:579)
	at org.apache.ratis.thirdparty.io.netty.channel.nio.NioEventLoop.processSelectedKeys(NioEventLoop.java:496)
	at org.apache.ratis.thirdparty.io.netty.channel.nio.NioEventLoop.run(NioEventLoop.java:458)
	at org.apache.ratis.thirdparty.io.netty.util.concurrent.SingleThreadEventExecutor$5.run(SingleThreadEventExecutor.java:897)
	at org.apache.ratis.thirdparty.io.netty.util.concurrent.FastThreadLocalRunnable.run(FastThreadLocalRunnable.java:30)
	... 1 more
Caused by: java.net.ConnectException: Connection refused
	... 11 more
2019-10-18 13:02:00,159 [c124d131-afb9-4343-ad4e-aaebde613043@group-FF4202234884-LeaderElection349] INFO  impl.LeaderElection (LogUtils.java:infoOrTrace(149)) - c124d131-afb9-4343-ad4e-aaebde613043@group-FF4202234884-LeaderElection349 got exception when requesting votes: {}
java.util.concurrent.ExecutionException: org.apache.ratis.thirdparty.io.grpc.StatusRuntimeException: UNAVAILABLE: io exception
	at java.util.concurrent.FutureTask.report(FutureTask.java:122)
	at java.util.concurrent.FutureTask.get(FutureTask.java:192)
	at org.apache.ratis.server.impl.LeaderElection.waitForResults(LeaderElection.java:259)
	at org.apache.ratis.server.impl.LeaderElection.askForVotes(LeaderElection.java:197)
	at org.apache.ratis.server.impl.LeaderElection.run(LeaderElection.java:133)
	at java.lang.Thread.run(Thread.java:748)
Caused by: org.apache.ratis.thirdparty.io.grpc.StatusRuntimeException: UNAVAILABLE: io exception
	at org.apache.ratis.thirdparty.io.grpc.stub.ClientCalls.toStatusRuntimeException(ClientCalls.java:233)
	at org.apache.ratis.thirdparty.io.grpc.stub.ClientCalls.getUnchecked(ClientCalls.java:214)
	at org.apache.ratis.thirdparty.io.grpc.stub.ClientCalls.blockingUnaryCall(ClientCalls.java:139)
	at org.apache.ratis.proto.grpc.RaftServerProtocolServiceGrpc$RaftServerProtocolServiceBlockingStub.requestVote(RaftServerProtocolServiceGrpc.java:265)
	at org.apache.ratis.grpc.server.GrpcServerProtocolClient.requestVote(GrpcServerProtocolClient.java:99)
	at org.apache.ratis.grpc.server.GrpcService.requestVote(GrpcService.java:204)
	at org.apache.ratis.server.impl.LeaderElection.lambda$submitRequests$1(LeaderElection.java:234)
	at java.util.concurrent.FutureTask.run(FutureTask.java:266)
	at java.util.concurrent.Executors$RunnableAdapter.call(Executors.java:511)
	at java.util.concurrent.FutureTask.run(FutureTask.java:266)
	at java.util.concurrent.ThreadPoolExecutor.runWorker(ThreadPoolExecutor.java:1149)
	at java.util.concurrent.ThreadPoolExecutor$Worker.run(ThreadPoolExecutor.java:624)
	... 1 more
Caused by: org.apache.ratis.thirdparty.io.netty.channel.AbstractChannel$AnnotatedConnectException: Connection refused: /192.168.34.56:44872
	at sun.nio.ch.SocketChannelImpl.checkConnect(Native Method)
	at sun.nio.ch.SocketChannelImpl.finishConnect(SocketChannelImpl.java:717)
	at org.apache.ratis.thirdparty.io.netty.channel.socket.nio.NioSocketChannel.doFinishConnect(NioSocketChannel.java:327)
	at org.apache.ratis.thirdparty.io.netty.channel.nio.AbstractNioChannel$AbstractNioUnsafe.finishConnect(AbstractNioChannel.java:340)
	at org.apache.ratis.thirdparty.io.netty.channel.nio.NioEventLoop.processSelectedKey(NioEventLoop.java:632)
	at org.apache.ratis.thirdparty.io.netty.channel.nio.NioEventLoop.processSelectedKeysOptimized(NioEventLoop.java:579)
	at org.apache.ratis.thirdparty.io.netty.channel.nio.NioEventLoop.processSelectedKeys(NioEventLoop.java:496)
	at org.apache.ratis.thirdparty.io.netty.channel.nio.NioEventLoop.run(NioEventLoop.java:458)
	at org.apache.ratis.thirdparty.io.netty.util.concurrent.SingleThreadEventExecutor$5.run(SingleThreadEventExecutor.java:897)
	at org.apache.ratis.thirdparty.io.netty.util.concurrent.FastThreadLocalRunnable.run(FastThreadLocalRunnable.java:30)
	... 1 more
Caused by: java.net.ConnectException: Connection refused
	... 11 more
2019-10-18 13:02:00,159 [c124d131-afb9-4343-ad4e-aaebde613043@group-FF4202234884-LeaderElection349] INFO  impl.LeaderElection (LeaderElection.java:logAndReturn(56)) - c124d131-afb9-4343-ad4e-aaebde613043@group-FF4202234884-LeaderElection349: Election REJECTED; received 0 response(s) [] and 2 exception(s); c124d131-afb9-4343-ad4e-aaebde613043@group-FF4202234884:t191, leader=null, voted=c124d131-afb9-4343-ad4e-aaebde613043, raftlog=c124d131-afb9-4343-ad4e-aaebde613043@group-FF4202234884-SegmentedRaftLog:OPENED:c-1,f-1,i0, conf=-1: [999343e7-0330-4874-a345-91eca72585e0:192.168.34.56:44872, c124d131-afb9-4343-ad4e-aaebde613043:192.168.34.56:42116, e5bb327f-cdd7-4e49-919e-13a4c895fddf:192.168.34.56:36658], old=null
2019-10-18 13:02:00,159 [c124d131-afb9-4343-ad4e-aaebde613043@group-FF4202234884-LeaderElection349] INFO  impl.LeaderElection (LogUtils.java:infoOrTrace(149)) -   Exception 0: {}
java.util.concurrent.ExecutionException: org.apache.ratis.thirdparty.io.grpc.StatusRuntimeException: UNAVAILABLE: io exception
	at java.util.concurrent.FutureTask.report(FutureTask.java:122)
	at java.util.concurrent.FutureTask.get(FutureTask.java:192)
	at org.apache.ratis.server.impl.LeaderElection.waitForResults(LeaderElection.java:259)
	at org.apache.ratis.server.impl.LeaderElection.askForVotes(LeaderElection.java:197)
	at org.apache.ratis.server.impl.LeaderElection.run(LeaderElection.java:133)
	at java.lang.Thread.run(Thread.java:748)
Caused by: org.apache.ratis.thirdparty.io.grpc.StatusRuntimeException: UNAVAILABLE: io exception
	at org.apache.ratis.thirdparty.io.grpc.stub.ClientCalls.toStatusRuntimeException(ClientCalls.java:233)
	at org.apache.ratis.thirdparty.io.grpc.stub.ClientCalls.getUnchecked(ClientCalls.java:214)
	at org.apache.ratis.thirdparty.io.grpc.stub.ClientCalls.blockingUnaryCall(ClientCalls.java:139)
	at org.apache.ratis.proto.grpc.RaftServerProtocolServiceGrpc$RaftServerProtocolServiceBlockingStub.requestVote(RaftServerProtocolServiceGrpc.java:265)
	at org.apache.ratis.grpc.server.GrpcServerProtocolClient.requestVote(GrpcServerProtocolClient.java:99)
	at org.apache.ratis.grpc.server.GrpcService.requestVote(GrpcService.java:204)
	at org.apache.ratis.server.impl.LeaderElection.lambda$submitRequests$1(LeaderElection.java:234)
	at java.util.concurrent.FutureTask.run(FutureTask.java:266)
	at java.util.concurrent.Executors$RunnableAdapter.call(Executors.java:511)
	at java.util.concurrent.FutureTask.run(FutureTask.java:266)
	at java.util.concurrent.ThreadPoolExecutor.runWorker(ThreadPoolExecutor.java:1149)
	at java.util.concurrent.ThreadPoolExecutor$Worker.run(ThreadPoolExecutor.java:624)
	... 1 more
Caused by: org.apache.ratis.thirdparty.io.netty.channel.AbstractChannel$AnnotatedConnectException: Connection refused: /192.168.34.56:36658
	at sun.nio.ch.SocketChannelImpl.checkConnect(Native Method)
	at sun.nio.ch.SocketChannelImpl.finishConnect(SocketChannelImpl.java:717)
	at org.apache.ratis.thirdparty.io.netty.channel.socket.nio.NioSocketChannel.doFinishConnect(NioSocketChannel.java:327)
	at org.apache.ratis.thirdparty.io.netty.channel.nio.AbstractNioChannel$AbstractNioUnsafe.finishConnect(AbstractNioChannel.java:340)
	at org.apache.ratis.thirdparty.io.netty.channel.nio.NioEventLoop.processSelectedKey(NioEventLoop.java:632)
	at org.apache.ratis.thirdparty.io.netty.channel.nio.NioEventLoop.processSelectedKeysOptimized(NioEventLoop.java:579)
	at org.apache.ratis.thirdparty.io.netty.channel.nio.NioEventLoop.processSelectedKeys(NioEventLoop.java:496)
	at org.apache.ratis.thirdparty.io.netty.channel.nio.NioEventLoop.run(NioEventLoop.java:458)
	at org.apache.ratis.thirdparty.io.netty.util.concurrent.SingleThreadEventExecutor$5.run(SingleThreadEventExecutor.java:897)
	at org.apache.ratis.thirdparty.io.netty.util.concurrent.FastThreadLocalRunnable.run(FastThreadLocalRunnable.java:30)
	... 1 more
Caused by: java.net.ConnectException: Connection refused
	... 11 more
2019-10-18 13:02:00,159 [c124d131-afb9-4343-ad4e-aaebde613043@group-FF4202234884-LeaderElection349] INFO  impl.LeaderElection (LogUtils.java:infoOrTrace(149)) -   Exception 1: {}
java.util.concurrent.ExecutionException: org.apache.ratis.thirdparty.io.grpc.StatusRuntimeException: UNAVAILABLE: io exception
	at java.util.concurrent.FutureTask.report(FutureTask.java:122)
	at java.util.concurrent.FutureTask.get(FutureTask.java:192)
	at org.apache.ratis.server.impl.LeaderElection.waitForResults(LeaderElection.java:259)
	at org.apache.ratis.server.impl.LeaderElection.askForVotes(LeaderElection.java:197)
	at org.apache.ratis.server.impl.LeaderElection.run(LeaderElection.java:133)
	at java.lang.Thread.run(Thread.java:748)
Caused by: org.apache.ratis.thirdparty.io.grpc.StatusRuntimeException: UNAVAILABLE: io exception
	at org.apache.ratis.thirdparty.io.grpc.stub.ClientCalls.toStatusRuntimeException(ClientCalls.java:233)
	at org.apache.ratis.thirdparty.io.grpc.stub.ClientCalls.getUnchecked(ClientCalls.java:214)
	at org.apache.ratis.thirdparty.io.grpc.stub.ClientCalls.blockingUnaryCall(ClientCalls.java:139)
	at org.apache.ratis.proto.grpc.RaftServerProtocolServiceGrpc$RaftServerProtocolServiceBlockingStub.requestVote(RaftServerProtocolServiceGrpc.java:265)
	at org.apache.ratis.grpc.server.GrpcServerProtocolClient.requestVote(GrpcServerProtocolClient.java:99)
	at org.apache.ratis.grpc.server.GrpcService.requestVote(GrpcService.java:204)
	at org.apache.ratis.server.impl.LeaderElection.lambda$submitRequests$1(LeaderElection.java:234)
	at java.util.concurrent.FutureTask.run(FutureTask.java:266)
	at java.util.concurrent.Executors$RunnableAdapter.call(Executors.java:511)
	at java.util.concurrent.FutureTask.run(FutureTask.java:266)
	at java.util.concurrent.ThreadPoolExecutor.runWorker(ThreadPoolExecutor.java:1149)
	at java.util.concurrent.ThreadPoolExecutor$Worker.run(ThreadPoolExecutor.java:624)
	... 1 more
Caused by: org.apache.ratis.thirdparty.io.netty.channel.AbstractChannel$AnnotatedConnectException: Connection refused: /192.168.34.56:44872
	at sun.nio.ch.SocketChannelImpl.checkConnect(Native Method)
	at sun.nio.ch.SocketChannelImpl.finishConnect(SocketChannelImpl.java:717)
	at org.apache.ratis.thirdparty.io.netty.channel.socket.nio.NioSocketChannel.doFinishConnect(NioSocketChannel.java:327)
	at org.apache.ratis.thirdparty.io.netty.channel.nio.AbstractNioChannel$AbstractNioUnsafe.finishConnect(AbstractNioChannel.java:340)
	at org.apache.ratis.thirdparty.io.netty.channel.nio.NioEventLoop.processSelectedKey(NioEventLoop.java:632)
	at org.apache.ratis.thirdparty.io.netty.channel.nio.NioEventLoop.processSelectedKeysOptimized(NioEventLoop.java:579)
	at org.apache.ratis.thirdparty.io.netty.channel.nio.NioEventLoop.processSelectedKeys(NioEventLoop.java:496)
	at org.apache.ratis.thirdparty.io.netty.channel.nio.NioEventLoop.run(NioEventLoop.java:458)
	at org.apache.ratis.thirdparty.io.netty.util.concurrent.SingleThreadEventExecutor$5.run(SingleThreadEventExecutor.java:897)
	at org.apache.ratis.thirdparty.io.netty.util.concurrent.FastThreadLocalRunnable.run(FastThreadLocalRunnable.java:30)
	... 1 more
Caused by: java.net.ConnectException: Connection refused
	... 11 more
2019-10-18 13:02:00,160 [c124d131-afb9-4343-ad4e-aaebde613043@group-FF4202234884-LeaderElection349] INFO  impl.RaftServerImpl (RaftServerImpl.java:setRole(184)) - c124d131-afb9-4343-ad4e-aaebde613043@group-FF4202234884: changes role from CANDIDATE to FOLLOWER at term 191 for DISCOVERED_A_NEW_TERM
2019-10-18 13:02:00,160 [c124d131-afb9-4343-ad4e-aaebde613043@group-FF4202234884-LeaderElection349] INFO  impl.RoleInfo (RoleInfo.java:shutdownLeaderElection(134)) - c124d131-afb9-4343-ad4e-aaebde613043: shutdown LeaderElection
2019-10-18 13:02:00,160 [c124d131-afb9-4343-ad4e-aaebde613043@group-FF4202234884-LeaderElection349] INFO  impl.RoleInfo (RoleInfo.java:updateAndGet(143)) - c124d131-afb9-4343-ad4e-aaebde613043: start FollowerState
2019-10-18 13:02:00,188 [java.util.concurrent.ThreadPoolExecutor$Worker@7a2507ec[State = -1, empty queue]] WARN  server.GrpcLogAppender (GrpcLogAppender.java:timeoutAppendRequest(209)) - 17618ccc-f51c-4f14-92cf-842ef2c05e35@group-08BD6F798C58->32d97539-eb73-46c6-a759-05f11ff00f4c-GrpcLogAppender: appendEntries Timeout, request=17618ccc-f51c-4f14-92cf-842ef2c05e35->32d97539-eb73-46c6-a759-05f11ff00f4c#84-t10, previous=(t:10, i:19), leaderCommit=19, initializing? false, entries: <empty>
2019-10-18 13:02:00,201 [Thread-2796] INFO  impl.FollowerState (FollowerState.java:run(108)) - 018b3f78-d19f-4e26-a796-cb8ddc4f97cf@group-187684C21557-FollowerState: change to CANDIDATE, lastRpcTime:172ms, electionTimeout:172ms
2019-10-18 13:02:00,201 [Thread-2796] INFO  impl.RoleInfo (RoleInfo.java:shutdownFollowerState(121)) - 018b3f78-d19f-4e26-a796-cb8ddc4f97cf: shutdown FollowerState
2019-10-18 13:02:00,201 [Thread-2796] INFO  impl.RaftServerImpl (RaftServerImpl.java:setRole(184)) - 018b3f78-d19f-4e26-a796-cb8ddc4f97cf@group-187684C21557: changes role from  FOLLOWER to CANDIDATE at term 203 for changeToCandidate
2019-10-18 13:02:00,202 [Thread-2796] INFO  impl.RoleInfo (RoleInfo.java:updateAndGet(143)) - 018b3f78-d19f-4e26-a796-cb8ddc4f97cf: start LeaderElection
2019-10-18 13:02:00,225 [java.util.concurrent.ThreadPoolExecutor$Worker@b7e5976[State = -1, empty queue]] WARN  server.GrpcLogAppender (GrpcLogAppender.java:timeoutAppendRequest(209)) - 17618ccc-f51c-4f14-92cf-842ef2c05e35@group-08BD6F798C58->896cef04-248b-470f-8c5c-c9acb81bb157-GrpcLogAppender: appendEntries Timeout, request=17618ccc-f51c-4f14-92cf-842ef2c05e35->896cef04-248b-470f-8c5c-c9acb81bb157#86-t10, previous=(t:10, i:19), leaderCommit=19, initializing? false, entries: <empty>
2019-10-18 13:02:00,227 [018b3f78-d19f-4e26-a796-cb8ddc4f97cf@group-187684C21557-LeaderElection350] INFO  impl.LeaderElection (LeaderElection.java:askForVotes(178)) - 018b3f78-d19f-4e26-a796-cb8ddc4f97cf@group-187684C21557-LeaderElection350: begin an election at term 204 for -1: [893cf03e-f2cf-478a-892a-a746717e50e3:192.168.34.56:40750, 8697df36-98d2-41b1-bdc7-60597b3b5526:192.168.34.56:46415, 018b3f78-d19f-4e26-a796-cb8ddc4f97cf:192.168.34.56:35845], old=null
2019-10-18 13:02:00,228 [018b3f78-d19f-4e26-a796-cb8ddc4f97cf@group-187684C21557-LeaderElection350] INFO  impl.LeaderElection (LogUtils.java:infoOrTrace(149)) - 018b3f78-d19f-4e26-a796-cb8ddc4f97cf@group-187684C21557-LeaderElection350 got exception when requesting votes: {}
java.util.concurrent.ExecutionException: org.apache.ratis.thirdparty.io.grpc.StatusRuntimeException: UNAVAILABLE: io exception
	at java.util.concurrent.FutureTask.report(FutureTask.java:122)
	at java.util.concurrent.FutureTask.get(FutureTask.java:192)
	at org.apache.ratis.server.impl.LeaderElection.waitForResults(LeaderElection.java:259)
	at org.apache.ratis.server.impl.LeaderElection.askForVotes(LeaderElection.java:197)
	at org.apache.ratis.server.impl.LeaderElection.run(LeaderElection.java:133)
	at java.lang.Thread.run(Thread.java:748)
Caused by: org.apache.ratis.thirdparty.io.grpc.StatusRuntimeException: UNAVAILABLE: io exception
	at org.apache.ratis.thirdparty.io.grpc.stub.ClientCalls.toStatusRuntimeException(ClientCalls.java:233)
	at org.apache.ratis.thirdparty.io.grpc.stub.ClientCalls.getUnchecked(ClientCalls.java:214)
	at org.apache.ratis.thirdparty.io.grpc.stub.ClientCalls.blockingUnaryCall(ClientCalls.java:139)
	at org.apache.ratis.proto.grpc.RaftServerProtocolServiceGrpc$RaftServerProtocolServiceBlockingStub.requestVote(RaftServerProtocolServiceGrpc.java:265)
	at org.apache.ratis.grpc.server.GrpcServerProtocolClient.requestVote(GrpcServerProtocolClient.java:99)
	at org.apache.ratis.grpc.server.GrpcService.requestVote(GrpcService.java:204)
	at org.apache.ratis.server.impl.LeaderElection.lambda$submitRequests$1(LeaderElection.java:234)
	at java.util.concurrent.FutureTask.run(FutureTask.java:266)
	at java.util.concurrent.Executors$RunnableAdapter.call(Executors.java:511)
	at java.util.concurrent.FutureTask.run(FutureTask.java:266)
	at java.util.concurrent.ThreadPoolExecutor.runWorker(ThreadPoolExecutor.java:1149)
	at java.util.concurrent.ThreadPoolExecutor$Worker.run(ThreadPoolExecutor.java:624)
	... 1 more
Caused by: org.apache.ratis.thirdparty.io.netty.channel.AbstractChannel$AnnotatedConnectException: Connection refused: /192.168.34.56:46415
	at sun.nio.ch.SocketChannelImpl.checkConnect(Native Method)
	at sun.nio.ch.SocketChannelImpl.finishConnect(SocketChannelImpl.java:717)
	at org.apache.ratis.thirdparty.io.netty.channel.socket.nio.NioSocketChannel.doFinishConnect(NioSocketChannel.java:327)
	at org.apache.ratis.thirdparty.io.netty.channel.nio.AbstractNioChannel$AbstractNioUnsafe.finishConnect(AbstractNioChannel.java:340)
	at org.apache.ratis.thirdparty.io.netty.channel.nio.NioEventLoop.processSelectedKey(NioEventLoop.java:632)
	at org.apache.ratis.thirdparty.io.netty.channel.nio.NioEventLoop.processSelectedKeysOptimized(NioEventLoop.java:579)
	at org.apache.ratis.thirdparty.io.netty.channel.nio.NioEventLoop.processSelectedKeys(NioEventLoop.java:496)
	at org.apache.ratis.thirdparty.io.netty.channel.nio.NioEventLoop.run(NioEventLoop.java:458)
	at org.apache.ratis.thirdparty.io.netty.util.concurrent.SingleThreadEventExecutor$5.run(SingleThreadEventExecutor.java:897)
	at org.apache.ratis.thirdparty.io.netty.util.concurrent.FastThreadLocalRunnable.run(FastThreadLocalRunnable.java:30)
	... 1 more
Caused by: java.net.ConnectException: Connection refused
	... 11 more
2019-10-18 13:02:00,229 [grpc-default-executor-7] INFO  impl.RaftServerImpl (RaftServerImpl.java:setRole(184)) - 893cf03e-f2cf-478a-892a-a746717e50e3@group-187684C21557: changes role from  FOLLOWER to FOLLOWER at term 204 for recognizeCandidate:018b3f78-d19f-4e26-a796-cb8ddc4f97cf
2019-10-18 13:02:00,229 [grpc-default-executor-7] INFO  impl.RoleInfo (RoleInfo.java:shutdownFollowerState(121)) - 893cf03e-f2cf-478a-892a-a746717e50e3: shutdown FollowerState
2019-10-18 13:02:00,229 [grpc-default-executor-7] INFO  impl.RoleInfo (RoleInfo.java:updateAndGet(143)) - 893cf03e-f2cf-478a-892a-a746717e50e3: start FollowerState
2019-10-18 13:02:00,229 [Thread-2795] INFO  impl.FollowerState (FollowerState.java:run(117)) - 893cf03e-f2cf-478a-892a-a746717e50e3@group-187684C21557-FollowerState was interrupted: java.lang.InterruptedException: sleep interrupted
2019-10-18 13:02:00,258 [018b3f78-d19f-4e26-a796-cb8ddc4f97cf@group-187684C21557-LeaderElection350] INFO  impl.LeaderElection (LeaderElection.java:logAndReturn(56)) - 018b3f78-d19f-4e26-a796-cb8ddc4f97cf@group-187684C21557-LeaderElection350: Election REJECTED; received 1 response(s) [018b3f78-d19f-4e26-a796-cb8ddc4f97cf<-893cf03e-f2cf-478a-892a-a746717e50e3#0:FAIL-t204] and 1 exception(s); 018b3f78-d19f-4e26-a796-cb8ddc4f97cf@group-187684C21557:t204, leader=null, voted=018b3f78-d19f-4e26-a796-cb8ddc4f97cf, raftlog=018b3f78-d19f-4e26-a796-cb8ddc4f97cf@group-187684C21557-SegmentedRaftLog:OPENED:c-1,f-1,i0, conf=-1: [893cf03e-f2cf-478a-892a-a746717e50e3:192.168.34.56:40750, 8697df36-98d2-41b1-bdc7-60597b3b5526:192.168.34.56:46415, 018b3f78-d19f-4e26-a796-cb8ddc4f97cf:192.168.34.56:35845], old=null
2019-10-18 13:02:00,258 [018b3f78-d19f-4e26-a796-cb8ddc4f97cf@group-187684C21557-LeaderElection350] INFO  impl.LeaderElection (LogUtils.java:infoOrTrace(149)) -   Exception 0: {}
java.util.concurrent.ExecutionException: org.apache.ratis.thirdparty.io.grpc.StatusRuntimeException: UNAVAILABLE: io exception
	at java.util.concurrent.FutureTask.report(FutureTask.java:122)
	at java.util.concurrent.FutureTask.get(FutureTask.java:192)
	at org.apache.ratis.server.impl.LeaderElection.waitForResults(LeaderElection.java:259)
	at org.apache.ratis.server.impl.LeaderElection.askForVotes(LeaderElection.java:197)
	at org.apache.ratis.server.impl.LeaderElection.run(LeaderElection.java:133)
	at java.lang.Thread.run(Thread.java:748)
Caused by: org.apache.ratis.thirdparty.io.grpc.StatusRuntimeException: UNAVAILABLE: io exception
	at org.apache.ratis.thirdparty.io.grpc.stub.ClientCalls.toStatusRuntimeException(ClientCalls.java:233)
	at org.apache.ratis.thirdparty.io.grpc.stub.ClientCalls.getUnchecked(ClientCalls.java:214)
	at org.apache.ratis.thirdparty.io.grpc.stub.ClientCalls.blockingUnaryCall(ClientCalls.java:139)
	at org.apache.ratis.proto.grpc.RaftServerProtocolServiceGrpc$RaftServerProtocolServiceBlockingStub.requestVote(RaftServerProtocolServiceGrpc.java:265)
	at org.apache.ratis.grpc.server.GrpcServerProtocolClient.requestVote(GrpcServerProtocolClient.java:99)
	at org.apache.ratis.grpc.server.GrpcService.requestVote(GrpcService.java:204)
	at org.apache.ratis.server.impl.LeaderElection.lambda$submitRequests$1(LeaderElection.java:234)
	at java.util.concurrent.FutureTask.run(FutureTask.java:266)
	at java.util.concurrent.Executors$RunnableAdapter.call(Executors.java:511)
	at java.util.concurrent.FutureTask.run(FutureTask.java:266)
	at java.util.concurrent.ThreadPoolExecutor.runWorker(ThreadPoolExecutor.java:1149)
	at java.util.concurrent.ThreadPoolExecutor$Worker.run(ThreadPoolExecutor.java:624)
	... 1 more
Caused by: org.apache.ratis.thirdparty.io.netty.channel.AbstractChannel$AnnotatedConnectException: Connection refused: /192.168.34.56:46415
	at sun.nio.ch.SocketChannelImpl.checkConnect(Native Method)
	at sun.nio.ch.SocketChannelImpl.finishConnect(SocketChannelImpl.java:717)
	at org.apache.ratis.thirdparty.io.netty.channel.socket.nio.NioSocketChannel.doFinishConnect(NioSocketChannel.java:327)
	at org.apache.ratis.thirdparty.io.netty.channel.nio.AbstractNioChannel$AbstractNioUnsafe.finishConnect(AbstractNioChannel.java:340)
	at org.apache.ratis.thirdparty.io.netty.channel.nio.NioEventLoop.processSelectedKey(NioEventLoop.java:632)
	at org.apache.ratis.thirdparty.io.netty.channel.nio.NioEventLoop.processSelectedKeysOptimized(NioEventLoop.java:579)
	at org.apache.ratis.thirdparty.io.netty.channel.nio.NioEventLoop.processSelectedKeys(NioEventLoop.java:496)
	at org.apache.ratis.thirdparty.io.netty.channel.nio.NioEventLoop.run(NioEventLoop.java:458)
	at org.apache.ratis.thirdparty.io.netty.util.concurrent.SingleThreadEventExecutor$5.run(SingleThreadEventExecutor.java:897)
	at org.apache.ratis.thirdparty.io.netty.util.concurrent.FastThreadLocalRunnable.run(FastThreadLocalRunnable.java:30)
	... 1 more
Caused by: java.net.ConnectException: Connection refused
	... 11 more
2019-10-18 13:02:00,258 [018b3f78-d19f-4e26-a796-cb8ddc4f97cf@group-187684C21557-LeaderElection350] INFO  impl.RaftServerImpl (RaftServerImpl.java:setRole(184)) - 018b3f78-d19f-4e26-a796-cb8ddc4f97cf@group-187684C21557: changes role from CANDIDATE to FOLLOWER at term 204 for DISCOVERED_A_NEW_TERM
2019-10-18 13:02:00,259 [018b3f78-d19f-4e26-a796-cb8ddc4f97cf@group-187684C21557-LeaderElection350] INFO  impl.RoleInfo (RoleInfo.java:shutdownLeaderElection(134)) - 018b3f78-d19f-4e26-a796-cb8ddc4f97cf: shutdown LeaderElection
2019-10-18 13:02:00,259 [018b3f78-d19f-4e26-a796-cb8ddc4f97cf@group-187684C21557-LeaderElection350] INFO  impl.RoleInfo (RoleInfo.java:updateAndGet(143)) - 018b3f78-d19f-4e26-a796-cb8ddc4f97cf: start FollowerState
2019-10-18 13:02:00,305 [Thread-2800] INFO  impl.FollowerState (FollowerState.java:run(108)) - c124d131-afb9-4343-ad4e-aaebde613043@group-FF4202234884-FollowerState: change to CANDIDATE, lastRpcTime:145ms, electionTimeout:145ms
2019-10-18 13:02:00,306 [Thread-2800] INFO  impl.RoleInfo (RoleInfo.java:shutdownFollowerState(121)) - c124d131-afb9-4343-ad4e-aaebde613043: shutdown FollowerState
2019-10-18 13:02:00,306 [Thread-2800] INFO  impl.RaftServerImpl (RaftServerImpl.java:setRole(184)) - c124d131-afb9-4343-ad4e-aaebde613043@group-FF4202234884: changes role from  FOLLOWER to CANDIDATE at term 191 for changeToCandidate
2019-10-18 13:02:00,306 [Thread-2800] INFO  impl.RoleInfo (RoleInfo.java:updateAndGet(143)) - c124d131-afb9-4343-ad4e-aaebde613043: start LeaderElection
2019-10-18 13:02:00,332 [Thread-2805] INFO  impl.FollowerState (FollowerState.java:run(108)) - 018b3f78-d19f-4e26-a796-cb8ddc4f97cf@group-187684C21557-FollowerState: change to CANDIDATE, lastRpcTime:73ms, electionTimeout:73ms
2019-10-18 13:02:00,332 [Thread-2805] INFO  impl.RoleInfo (RoleInfo.java:shutdownFollowerState(121)) - 018b3f78-d19f-4e26-a796-cb8ddc4f97cf: shutdown FollowerState
2019-10-18 13:02:00,332 [Thread-2805] INFO  impl.RaftServerImpl (RaftServerImpl.java:setRole(184)) - 018b3f78-d19f-4e26-a796-cb8ddc4f97cf@group-187684C21557: changes role from  FOLLOWER to CANDIDATE at term 204 for changeToCandidate
2019-10-18 13:02:00,332 [Thread-2805] INFO  impl.RoleInfo (RoleInfo.java:updateAndGet(143)) - 018b3f78-d19f-4e26-a796-cb8ddc4f97cf: start LeaderElection
2019-10-18 13:02:00,354 [c124d131-afb9-4343-ad4e-aaebde613043@group-FF4202234884-LeaderElection351] INFO  impl.LeaderElection (LeaderElection.java:askForVotes(178)) - c124d131-afb9-4343-ad4e-aaebde613043@group-FF4202234884-LeaderElection351: begin an election at term 192 for -1: [999343e7-0330-4874-a345-91eca72585e0:192.168.34.56:44872, c124d131-afb9-4343-ad4e-aaebde613043:192.168.34.56:42116, e5bb327f-cdd7-4e49-919e-13a4c895fddf:192.168.34.56:36658], old=null
2019-10-18 13:02:00,355 [c124d131-afb9-4343-ad4e-aaebde613043@group-FF4202234884-LeaderElection351] INFO  impl.LeaderElection (LogUtils.java:infoOrTrace(149)) - c124d131-afb9-4343-ad4e-aaebde613043@group-FF4202234884-LeaderElection351 got exception when requesting votes: {}
java.util.concurrent.ExecutionException: org.apache.ratis.thirdparty.io.grpc.StatusRuntimeException: UNAVAILABLE: io exception
	at java.util.concurrent.FutureTask.report(FutureTask.java:122)
	at java.util.concurrent.FutureTask.get(FutureTask.java:192)
	at org.apache.ratis.server.impl.LeaderElection.waitForResults(LeaderElection.java:259)
	at org.apache.ratis.server.impl.LeaderElection.askForVotes(LeaderElection.java:197)
	at org.apache.ratis.server.impl.LeaderElection.run(LeaderElection.java:133)
	at java.lang.Thread.run(Thread.java:748)
Caused by: org.apache.ratis.thirdparty.io.grpc.StatusRuntimeException: UNAVAILABLE: io exception
	at org.apache.ratis.thirdparty.io.grpc.stub.ClientCalls.toStatusRuntimeException(ClientCalls.java:233)
	at org.apache.ratis.thirdparty.io.grpc.stub.ClientCalls.getUnchecked(ClientCalls.java:214)
	at org.apache.ratis.thirdparty.io.grpc.stub.ClientCalls.blockingUnaryCall(ClientCalls.java:139)
	at org.apache.ratis.proto.grpc.RaftServerProtocolServiceGrpc$RaftServerProtocolServiceBlockingStub.requestVote(RaftServerProtocolServiceGrpc.java:265)
	at org.apache.ratis.grpc.server.GrpcServerProtocolClient.requestVote(GrpcServerProtocolClient.java:99)
	at org.apache.ratis.grpc.server.GrpcService.requestVote(GrpcService.java:204)
	at org.apache.ratis.server.impl.LeaderElection.lambda$submitRequests$1(LeaderElection.java:234)
	at java.util.concurrent.FutureTask.run(FutureTask.java:266)
	at java.util.concurrent.Executors$RunnableAdapter.call(Executors.java:511)
	at java.util.concurrent.FutureTask.run(FutureTask.java:266)
	at java.util.concurrent.ThreadPoolExecutor.runWorker(ThreadPoolExecutor.java:1149)
	at java.util.concurrent.ThreadPoolExecutor$Worker.run(ThreadPoolExecutor.java:624)
	... 1 more
Caused by: org.apache.ratis.thirdparty.io.netty.channel.AbstractChannel$AnnotatedConnectException: Connection refused: /192.168.34.56:44872
	at sun.nio.ch.SocketChannelImpl.checkConnect(Native Method)
	at sun.nio.ch.SocketChannelImpl.finishConnect(SocketChannelImpl.java:717)
	at org.apache.ratis.thirdparty.io.netty.channel.socket.nio.NioSocketChannel.doFinishConnect(NioSocketChannel.java:327)
	at org.apache.ratis.thirdparty.io.netty.channel.nio.AbstractNioChannel$AbstractNioUnsafe.finishConnect(AbstractNioChannel.java:340)
	at org.apache.ratis.thirdparty.io.netty.channel.nio.NioEventLoop.processSelectedKey(NioEventLoop.java:632)
	at org.apache.ratis.thirdparty.io.netty.channel.nio.NioEventLoop.processSelectedKeysOptimized(NioEventLoop.java:579)
	at org.apache.ratis.thirdparty.io.netty.channel.nio.NioEventLoop.processSelectedKeys(NioEventLoop.java:496)
	at org.apache.ratis.thirdparty.io.netty.channel.nio.NioEventLoop.run(NioEventLoop.java:458)
	at org.apache.ratis.thirdparty.io.netty.util.concurrent.SingleThreadEventExecutor$5.run(SingleThreadEventExecutor.java:897)
	at org.apache.ratis.thirdparty.io.netty.util.concurrent.FastThreadLocalRunnable.run(FastThreadLocalRunnable.java:30)
	... 1 more
Caused by: java.net.ConnectException: Connection refused
	... 11 more
2019-10-18 13:02:00,355 [c124d131-afb9-4343-ad4e-aaebde613043@group-FF4202234884-LeaderElection351] INFO  impl.LeaderElection (LogUtils.java:infoOrTrace(149)) - c124d131-afb9-4343-ad4e-aaebde613043@group-FF4202234884-LeaderElection351 got exception when requesting votes: {}
java.util.concurrent.ExecutionException: org.apache.ratis.thirdparty.io.grpc.StatusRuntimeException: UNAVAILABLE: io exception
	at java.util.concurrent.FutureTask.report(FutureTask.java:122)
	at java.util.concurrent.FutureTask.get(FutureTask.java:192)
	at org.apache.ratis.server.impl.LeaderElection.waitForResults(LeaderElection.java:259)
	at org.apache.ratis.server.impl.LeaderElection.askForVotes(LeaderElection.java:197)
	at org.apache.ratis.server.impl.LeaderElection.run(LeaderElection.java:133)
	at java.lang.Thread.run(Thread.java:748)
Caused by: org.apache.ratis.thirdparty.io.grpc.StatusRuntimeException: UNAVAILABLE: io exception
	at org.apache.ratis.thirdparty.io.grpc.stub.ClientCalls.toStatusRuntimeException(ClientCalls.java:233)
	at org.apache.ratis.thirdparty.io.grpc.stub.ClientCalls.getUnchecked(ClientCalls.java:214)
	at org.apache.ratis.thirdparty.io.grpc.stub.ClientCalls.blockingUnaryCall(ClientCalls.java:139)
	at org.apache.ratis.proto.grpc.RaftServerProtocolServiceGrpc$RaftServerProtocolServiceBlockingStub.requestVote(RaftServerProtocolServiceGrpc.java:265)
	at org.apache.ratis.grpc.server.GrpcServerProtocolClient.requestVote(GrpcServerProtocolClient.java:99)
	at org.apache.ratis.grpc.server.GrpcService.requestVote(GrpcService.java:204)
	at org.apache.ratis.server.impl.LeaderElection.lambda$submitRequests$1(LeaderElection.java:234)
	at java.util.concurrent.FutureTask.run(FutureTask.java:266)
	at java.util.concurrent.Executors$RunnableAdapter.call(Executors.java:511)
	at java.util.concurrent.FutureTask.run(FutureTask.java:266)
	at java.util.concurrent.ThreadPoolExecutor.runWorker(ThreadPoolExecutor.java:1149)
	at java.util.concurrent.ThreadPoolExecutor$Worker.run(ThreadPoolExecutor.java:624)
	... 1 more
Caused by: org.apache.ratis.thirdparty.io.netty.channel.AbstractChannel$AnnotatedConnectException: Connection refused: /192.168.34.56:36658
	at sun.nio.ch.SocketChannelImpl.checkConnect(Native Method)
	at sun.nio.ch.SocketChannelImpl.finishConnect(SocketChannelImpl.java:717)
	at org.apache.ratis.thirdparty.io.netty.channel.socket.nio.NioSocketChannel.doFinishConnect(NioSocketChannel.java:327)
	at org.apache.ratis.thirdparty.io.netty.channel.nio.AbstractNioChannel$AbstractNioUnsafe.finishConnect(AbstractNioChannel.java:340)
	at org.apache.ratis.thirdparty.io.netty.channel.nio.NioEventLoop.processSelectedKey(NioEventLoop.java:632)
	at org.apache.ratis.thirdparty.io.netty.channel.nio.NioEventLoop.processSelectedKeysOptimized(NioEventLoop.java:579)
	at org.apache.ratis.thirdparty.io.netty.channel.nio.NioEventLoop.processSelectedKeys(NioEventLoop.java:496)
	at org.apache.ratis.thirdparty.io.netty.channel.nio.NioEventLoop.run(NioEventLoop.java:458)
	at org.apache.ratis.thirdparty.io.netty.util.concurrent.SingleThreadEventExecutor$5.run(SingleThreadEventExecutor.java:897)
	at org.apache.ratis.thirdparty.io.netty.util.concurrent.FastThreadLocalRunnable.run(FastThreadLocalRunnable.java:30)
	... 1 more
Caused by: java.net.ConnectException: Connection refused
	... 11 more
2019-10-18 13:02:00,355 [c124d131-afb9-4343-ad4e-aaebde613043@group-FF4202234884-LeaderElection351] INFO  impl.LeaderElection (LeaderElection.java:logAndReturn(56)) - c124d131-afb9-4343-ad4e-aaebde613043@group-FF4202234884-LeaderElection351: Election REJECTED; received 0 response(s) [] and 2 exception(s); c124d131-afb9-4343-ad4e-aaebde613043@group-FF4202234884:t192, leader=null, voted=c124d131-afb9-4343-ad4e-aaebde613043, raftlog=c124d131-afb9-4343-ad4e-aaebde613043@group-FF4202234884-SegmentedRaftLog:OPENED:c-1,f-1,i0, conf=-1: [999343e7-0330-4874-a345-91eca72585e0:192.168.34.56:44872, c124d131-afb9-4343-ad4e-aaebde613043:192.168.34.56:42116, e5bb327f-cdd7-4e49-919e-13a4c895fddf:192.168.34.56:36658], old=null
2019-10-18 13:02:00,355 [c124d131-afb9-4343-ad4e-aaebde613043@group-FF4202234884-LeaderElection351] INFO  impl.LeaderElection (LogUtils.java:infoOrTrace(149)) -   Exception 0: {}
java.util.concurrent.ExecutionException: org.apache.ratis.thirdparty.io.grpc.StatusRuntimeException: UNAVAILABLE: io exception
	at java.util.concurrent.FutureTask.report(FutureTask.java:122)
	at java.util.concurrent.FutureTask.get(FutureTask.java:192)
	at org.apache.ratis.server.impl.LeaderElection.waitForResults(LeaderElection.java:259)
	at org.apache.ratis.server.impl.LeaderElection.askForVotes(LeaderElection.java:197)
	at org.apache.ratis.server.impl.LeaderElection.run(LeaderElection.java:133)
	at java.lang.Thread.run(Thread.java:748)
Caused by: org.apache.ratis.thirdparty.io.grpc.StatusRuntimeException: UNAVAILABLE: io exception
	at org.apache.ratis.thirdparty.io.grpc.stub.ClientCalls.toStatusRuntimeException(ClientCalls.java:233)
	at org.apache.ratis.thirdparty.io.grpc.stub.ClientCalls.getUnchecked(ClientCalls.java:214)
	at org.apache.ratis.thirdparty.io.grpc.stub.ClientCalls.blockingUnaryCall(ClientCalls.java:139)
	at org.apache.ratis.proto.grpc.RaftServerProtocolServiceGrpc$RaftServerProtocolServiceBlockingStub.requestVote(RaftServerProtocolServiceGrpc.java:265)
	at org.apache.ratis.grpc.server.GrpcServerProtocolClient.requestVote(GrpcServerProtocolClient.java:99)
	at org.apache.ratis.grpc.server.GrpcService.requestVote(GrpcService.java:204)
	at org.apache.ratis.server.impl.LeaderElection.lambda$submitRequests$1(LeaderElection.java:234)
	at java.util.concurrent.FutureTask.run(FutureTask.java:266)
	at java.util.concurrent.Executors$RunnableAdapter.call(Executors.java:511)
	at java.util.concurrent.FutureTask.run(FutureTask.java:266)
	at java.util.concurrent.ThreadPoolExecutor.runWorker(ThreadPoolExecutor.java:1149)
	at java.util.concurrent.ThreadPoolExecutor$Worker.run(ThreadPoolExecutor.java:624)
	... 1 more
Caused by: org.apache.ratis.thirdparty.io.netty.channel.AbstractChannel$AnnotatedConnectException: Connection refused: /192.168.34.56:44872
	at sun.nio.ch.SocketChannelImpl.checkConnect(Native Method)
	at sun.nio.ch.SocketChannelImpl.finishConnect(SocketChannelImpl.java:717)
	at org.apache.ratis.thirdparty.io.netty.channel.socket.nio.NioSocketChannel.doFinishConnect(NioSocketChannel.java:327)
	at org.apache.ratis.thirdparty.io.netty.channel.nio.AbstractNioChannel$AbstractNioUnsafe.finishConnect(AbstractNioChannel.java:340)
	at org.apache.ratis.thirdparty.io.netty.channel.nio.NioEventLoop.processSelectedKey(NioEventLoop.java:632)
	at org.apache.ratis.thirdparty.io.netty.channel.nio.NioEventLoop.processSelectedKeysOptimized(NioEventLoop.java:579)
	at org.apache.ratis.thirdparty.io.netty.channel.nio.NioEventLoop.processSelectedKeys(NioEventLoop.java:496)
	at org.apache.ratis.thirdparty.io.netty.channel.nio.NioEventLoop.run(NioEventLoop.java:458)
	at org.apache.ratis.thirdparty.io.netty.util.concurrent.SingleThreadEventExecutor$5.run(SingleThreadEventExecutor.java:897)
	at org.apache.ratis.thirdparty.io.netty.util.concurrent.FastThreadLocalRunnable.run(FastThreadLocalRunnable.java:30)
	... 1 more
Caused by: java.net.ConnectException: Connection refused
	... 11 more
2019-10-18 13:02:00,356 [c124d131-afb9-4343-ad4e-aaebde613043@group-FF4202234884-LeaderElection351] INFO  impl.LeaderElection (LogUtils.java:infoOrTrace(149)) -   Exception 1: {}
java.util.concurrent.ExecutionException: org.apache.ratis.thirdparty.io.grpc.StatusRuntimeException: UNAVAILABLE: io exception
	at java.util.concurrent.FutureTask.report(FutureTask.java:122)
	at java.util.concurrent.FutureTask.get(FutureTask.java:192)
	at org.apache.ratis.server.impl.LeaderElection.waitForResults(LeaderElection.java:259)
	at org.apache.ratis.server.impl.LeaderElection.askForVotes(LeaderElection.java:197)
	at org.apache.ratis.server.impl.LeaderElection.run(LeaderElection.java:133)
	at java.lang.Thread.run(Thread.java:748)
Caused by: org.apache.ratis.thirdparty.io.grpc.StatusRuntimeException: UNAVAILABLE: io exception
	at org.apache.ratis.thirdparty.io.grpc.stub.ClientCalls.toStatusRuntimeException(ClientCalls.java:233)
	at org.apache.ratis.thirdparty.io.grpc.stub.ClientCalls.getUnchecked(ClientCalls.java:214)
	at org.apache.ratis.thirdparty.io.grpc.stub.ClientCalls.blockingUnaryCall(ClientCalls.java:139)
	at org.apache.ratis.proto.grpc.RaftServerProtocolServiceGrpc$RaftServerProtocolServiceBlockingStub.requestVote(RaftServerProtocolServiceGrpc.java:265)
	at org.apache.ratis.grpc.server.GrpcServerProtocolClient.requestVote(GrpcServerProtocolClient.java:99)
	at org.apache.ratis.grpc.server.GrpcService.requestVote(GrpcService.java:204)
	at org.apache.ratis.server.impl.LeaderElection.lambda$submitRequests$1(LeaderElection.java:234)
	at java.util.concurrent.FutureTask.run(FutureTask.java:266)
	at java.util.concurrent.Executors$RunnableAdapter.call(Executors.java:511)
	at java.util.concurrent.FutureTask.run(FutureTask.java:266)
	at java.util.concurrent.ThreadPoolExecutor.runWorker(ThreadPoolExecutor.java:1149)
	at java.util.concurrent.ThreadPoolExecutor$Worker.run(ThreadPoolExecutor.java:624)
	... 1 more
Caused by: org.apache.ratis.thirdparty.io.netty.channel.AbstractChannel$AnnotatedConnectException: Connection refused: /192.168.34.56:36658
	at sun.nio.ch.SocketChannelImpl.checkConnect(Native Method)
	at sun.nio.ch.SocketChannelImpl.finishConnect(SocketChannelImpl.java:717)
	at org.apache.ratis.thirdparty.io.netty.channel.socket.nio.NioSocketChannel.doFinishConnect(NioSocketChannel.java:327)
	at org.apache.ratis.thirdparty.io.netty.channel.nio.AbstractNioChannel$AbstractNioUnsafe.finishConnect(AbstractNioChannel.java:340)
	at org.apache.ratis.thirdparty.io.netty.channel.nio.NioEventLoop.processSelectedKey(NioEventLoop.java:632)
	at org.apache.ratis.thirdparty.io.netty.channel.nio.NioEventLoop.processSelectedKeysOptimized(NioEventLoop.java:579)
	at org.apache.ratis.thirdparty.io.netty.channel.nio.NioEventLoop.processSelectedKeys(NioEventLoop.java:496)
	at org.apache.ratis.thirdparty.io.netty.channel.nio.NioEventLoop.run(NioEventLoop.java:458)
	at org.apache.ratis.thirdparty.io.netty.util.concurrent.SingleThreadEventExecutor$5.run(SingleThreadEventExecutor.java:897)
	at org.apache.ratis.thirdparty.io.netty.util.concurrent.FastThreadLocalRunnable.run(FastThreadLocalRunnable.java:30)
	... 1 more
Caused by: java.net.ConnectException: Connection refused
	... 11 more
2019-10-18 13:02:00,356 [c124d131-afb9-4343-ad4e-aaebde613043@group-FF4202234884-LeaderElection351] INFO  impl.RaftServerImpl (RaftServerImpl.java:setRole(184)) - c124d131-afb9-4343-ad4e-aaebde613043@group-FF4202234884: changes role from CANDIDATE to FOLLOWER at term 192 for DISCOVERED_A_NEW_TERM
2019-10-18 13:02:00,356 [c124d131-afb9-4343-ad4e-aaebde613043@group-FF4202234884-LeaderElection351] INFO  impl.RoleInfo (RoleInfo.java:shutdownLeaderElection(134)) - c124d131-afb9-4343-ad4e-aaebde613043: shutdown LeaderElection
2019-10-18 13:02:00,356 [c124d131-afb9-4343-ad4e-aaebde613043@group-FF4202234884-LeaderElection351] INFO  impl.RoleInfo (RoleInfo.java:updateAndGet(143)) - c124d131-afb9-4343-ad4e-aaebde613043: start FollowerState
2019-10-18 13:02:00,363 [018b3f78-d19f-4e26-a796-cb8ddc4f97cf@group-187684C21557-LeaderElection352] INFO  impl.LeaderElection (LeaderElection.java:askForVotes(178)) - 018b3f78-d19f-4e26-a796-cb8ddc4f97cf@group-187684C21557-LeaderElection352: begin an election at term 205 for -1: [893cf03e-f2cf-478a-892a-a746717e50e3:192.168.34.56:40750, 8697df36-98d2-41b1-bdc7-60597b3b5526:192.168.34.56:46415, 018b3f78-d19f-4e26-a796-cb8ddc4f97cf:192.168.34.56:35845], old=null
2019-10-18 13:02:00,363 [018b3f78-d19f-4e26-a796-cb8ddc4f97cf@group-187684C21557-LeaderElection352] INFO  impl.LeaderElection (LogUtils.java:infoOrTrace(149)) - 018b3f78-d19f-4e26-a796-cb8ddc4f97cf@group-187684C21557-LeaderElection352 got exception when requesting votes: {}
java.util.concurrent.ExecutionException: org.apache.ratis.thirdparty.io.grpc.StatusRuntimeException: UNAVAILABLE: io exception
	at java.util.concurrent.FutureTask.report(FutureTask.java:122)
	at java.util.concurrent.FutureTask.get(FutureTask.java:192)
	at org.apache.ratis.server.impl.LeaderElection.waitForResults(LeaderElection.java:259)
	at org.apache.ratis.server.impl.LeaderElection.askForVotes(LeaderElection.java:197)
	at org.apache.ratis.server.impl.LeaderElection.run(LeaderElection.java:133)
	at java.lang.Thread.run(Thread.java:748)
Caused by: org.apache.ratis.thirdparty.io.grpc.StatusRuntimeException: UNAVAILABLE: io exception
	at org.apache.ratis.thirdparty.io.grpc.stub.ClientCalls.toStatusRuntimeException(ClientCalls.java:233)
	at org.apache.ratis.thirdparty.io.grpc.stub.ClientCalls.getUnchecked(ClientCalls.java:214)
	at org.apache.ratis.thirdparty.io.grpc.stub.ClientCalls.blockingUnaryCall(ClientCalls.java:139)
	at org.apache.ratis.proto.grpc.RaftServerProtocolServiceGrpc$RaftServerProtocolServiceBlockingStub.requestVote(RaftServerProtocolServiceGrpc.java:265)
	at org.apache.ratis.grpc.server.GrpcServerProtocolClient.requestVote(GrpcServerProtocolClient.java:99)
	at org.apache.ratis.grpc.server.GrpcService.requestVote(GrpcService.java:204)
	at org.apache.ratis.server.impl.LeaderElection.lambda$submitRequests$1(LeaderElection.java:234)
	at java.util.concurrent.FutureTask.run(FutureTask.java:266)
	at java.util.concurrent.Executors$RunnableAdapter.call(Executors.java:511)
	at java.util.concurrent.FutureTask.run(FutureTask.java:266)
	at java.util.concurrent.ThreadPoolExecutor.runWorker(ThreadPoolExecutor.java:1149)
	at java.util.concurrent.ThreadPoolExecutor$Worker.run(ThreadPoolExecutor.java:624)
	... 1 more
Caused by: org.apache.ratis.thirdparty.io.netty.channel.AbstractChannel$AnnotatedConnectException: Connection refused: /192.168.34.56:46415
	at sun.nio.ch.SocketChannelImpl.checkConnect(Native Method)
	at sun.nio.ch.SocketChannelImpl.finishConnect(SocketChannelImpl.java:717)
	at org.apache.ratis.thirdparty.io.netty.channel.socket.nio.NioSocketChannel.doFinishConnect(NioSocketChannel.java:327)
	at org.apache.ratis.thirdparty.io.netty.channel.nio.AbstractNioChannel$AbstractNioUnsafe.finishConnect(AbstractNioChannel.java:340)
	at org.apache.ratis.thirdparty.io.netty.channel.nio.NioEventLoop.processSelectedKey(NioEventLoop.java:632)
	at org.apache.ratis.thirdparty.io.netty.channel.nio.NioEventLoop.processSelectedKeysOptimized(NioEventLoop.java:579)
	at org.apache.ratis.thirdparty.io.netty.channel.nio.NioEventLoop.processSelectedKeys(NioEventLoop.java:496)
	at org.apache.ratis.thirdparty.io.netty.channel.nio.NioEventLoop.run(NioEventLoop.java:458)
	at org.apache.ratis.thirdparty.io.netty.util.concurrent.SingleThreadEventExecutor$5.run(SingleThreadEventExecutor.java:897)
	at org.apache.ratis.thirdparty.io.netty.util.concurrent.FastThreadLocalRunnable.run(FastThreadLocalRunnable.java:30)
	... 1 more
Caused by: java.net.ConnectException: Connection refused
	... 11 more
2019-10-18 13:02:00,364 [grpc-default-executor-7] INFO  impl.RaftServerImpl (RaftServerImpl.java:setRole(184)) - 893cf03e-f2cf-478a-892a-a746717e50e3@group-187684C21557: changes role from  FOLLOWER to FOLLOWER at term 205 for recognizeCandidate:018b3f78-d19f-4e26-a796-cb8ddc4f97cf
2019-10-18 13:02:00,364 [grpc-default-executor-7] INFO  impl.RoleInfo (RoleInfo.java:shutdownFollowerState(121)) - 893cf03e-f2cf-478a-892a-a746717e50e3: shutdown FollowerState
2019-10-18 13:02:00,364 [grpc-default-executor-7] INFO  impl.RoleInfo (RoleInfo.java:updateAndGet(143)) - 893cf03e-f2cf-478a-892a-a746717e50e3: start FollowerState
2019-10-18 13:02:00,364 [Thread-2804] INFO  impl.FollowerState (FollowerState.java:run(117)) - 893cf03e-f2cf-478a-892a-a746717e50e3@group-187684C21557-FollowerState was interrupted: java.lang.InterruptedException: sleep interrupted
2019-10-18 13:02:00,389 [018b3f78-d19f-4e26-a796-cb8ddc4f97cf@group-187684C21557-LeaderElection352] INFO  impl.LeaderElection (LeaderElection.java:logAndReturn(56)) - 018b3f78-d19f-4e26-a796-cb8ddc4f97cf@group-187684C21557-LeaderElection352: Election REJECTED; received 1 response(s) [018b3f78-d19f-4e26-a796-cb8ddc4f97cf<-893cf03e-f2cf-478a-892a-a746717e50e3#0:FAIL-t205] and 1 exception(s); 018b3f78-d19f-4e26-a796-cb8ddc4f97cf@group-187684C21557:t205, leader=null, voted=018b3f78-d19f-4e26-a796-cb8ddc4f97cf, raftlog=018b3f78-d19f-4e26-a796-cb8ddc4f97cf@group-187684C21557-SegmentedRaftLog:OPENED:c-1,f-1,i0, conf=-1: [893cf03e-f2cf-478a-892a-a746717e50e3:192.168.34.56:40750, 8697df36-98d2-41b1-bdc7-60597b3b5526:192.168.34.56:46415, 018b3f78-d19f-4e26-a796-cb8ddc4f97cf:192.168.34.56:35845], old=null
2019-10-18 13:02:00,389 [018b3f78-d19f-4e26-a796-cb8ddc4f97cf@group-187684C21557-LeaderElection352] INFO  impl.LeaderElection (LogUtils.java:infoOrTrace(149)) -   Exception 0: {}
java.util.concurrent.ExecutionException: org.apache.ratis.thirdparty.io.grpc.StatusRuntimeException: UNAVAILABLE: io exception
	at java.util.concurrent.FutureTask.report(FutureTask.java:122)
	at java.util.concurrent.FutureTask.get(FutureTask.java:192)
	at org.apache.ratis.server.impl.LeaderElection.waitForResults(LeaderElection.java:259)
	at org.apache.ratis.server.impl.LeaderElection.askForVotes(LeaderElection.java:197)
	at org.apache.ratis.server.impl.LeaderElection.run(LeaderElection.java:133)
	at java.lang.Thread.run(Thread.java:748)
Caused by: org.apache.ratis.thirdparty.io.grpc.StatusRuntimeException: UNAVAILABLE: io exception
	at org.apache.ratis.thirdparty.io.grpc.stub.ClientCalls.toStatusRuntimeException(ClientCalls.java:233)
	at org.apache.ratis.thirdparty.io.grpc.stub.ClientCalls.getUnchecked(ClientCalls.java:214)
	at org.apache.ratis.thirdparty.io.grpc.stub.ClientCalls.blockingUnaryCall(ClientCalls.java:139)
	at org.apache.ratis.proto.grpc.RaftServerProtocolServiceGrpc$RaftServerProtocolServiceBlockingStub.requestVote(RaftServerProtocolServiceGrpc.java:265)
	at org.apache.ratis.grpc.server.GrpcServerProtocolClient.requestVote(GrpcServerProtocolClient.java:99)
	at org.apache.ratis.grpc.server.GrpcService.requestVote(GrpcService.java:204)
	at org.apache.ratis.server.impl.LeaderElection.lambda$submitRequests$1(LeaderElection.java:234)
	at java.util.concurrent.FutureTask.run(FutureTask.java:266)
	at java.util.concurrent.Executors$RunnableAdapter.call(Executors.java:511)
	at java.util.concurrent.FutureTask.run(FutureTask.java:266)
	at java.util.concurrent.ThreadPoolExecutor.runWorker(ThreadPoolExecutor.java:1149)
	at java.util.concurrent.ThreadPoolExecutor$Worker.run(ThreadPoolExecutor.java:624)
	... 1 more
Caused by: org.apache.ratis.thirdparty.io.netty.channel.AbstractChannel$AnnotatedConnectException: Connection refused: /192.168.34.56:46415
	at sun.nio.ch.SocketChannelImpl.checkConnect(Native Method)
	at sun.nio.ch.SocketChannelImpl.finishConnect(SocketChannelImpl.java:717)
	at org.apache.ratis.thirdparty.io.netty.channel.socket.nio.NioSocketChannel.doFinishConnect(NioSocketChannel.java:327)
	at org.apache.ratis.thirdparty.io.netty.channel.nio.AbstractNioChannel$AbstractNioUnsafe.finishConnect(AbstractNioChannel.java:340)
	at org.apache.ratis.thirdparty.io.netty.channel.nio.NioEventLoop.processSelectedKey(NioEventLoop.java:632)
	at org.apache.ratis.thirdparty.io.netty.channel.nio.NioEventLoop.processSelectedKeysOptimized(NioEventLoop.java:579)
	at org.apache.ratis.thirdparty.io.netty.channel.nio.NioEventLoop.processSelectedKeys(NioEventLoop.java:496)
	at org.apache.ratis.thirdparty.io.netty.channel.nio.NioEventLoop.run(NioEventLoop.java:458)
	at org.apache.ratis.thirdparty.io.netty.util.concurrent.SingleThreadEventExecutor$5.run(SingleThreadEventExecutor.java:897)
	at org.apache.ratis.thirdparty.io.netty.util.concurrent.FastThreadLocalRunnable.run(FastThreadLocalRunnable.java:30)
	... 1 more
Caused by: java.net.ConnectException: Connection refused
	... 11 more
2019-10-18 13:02:00,390 [018b3f78-d19f-4e26-a796-cb8ddc4f97cf@group-187684C21557-LeaderElection352] INFO  impl.RaftServerImpl (RaftServerImpl.java:setRole(184)) - 018b3f78-d19f-4e26-a796-cb8ddc4f97cf@group-187684C21557: changes role from CANDIDATE to FOLLOWER at term 205 for DISCOVERED_A_NEW_TERM
2019-10-18 13:02:00,390 [018b3f78-d19f-4e26-a796-cb8ddc4f97cf@group-187684C21557-LeaderElection352] INFO  impl.RoleInfo (RoleInfo.java:shutdownLeaderElection(134)) - 018b3f78-d19f-4e26-a796-cb8ddc4f97cf: shutdown LeaderElection
2019-10-18 13:02:00,390 [018b3f78-d19f-4e26-a796-cb8ddc4f97cf@group-187684C21557-LeaderElection352] INFO  impl.RoleInfo (RoleInfo.java:updateAndGet(143)) - 018b3f78-d19f-4e26-a796-cb8ddc4f97cf: start FollowerState
2019-10-18 13:02:00,404 [Thread-2810] INFO  impl.FollowerState (FollowerState.java:run(108)) - c124d131-afb9-4343-ad4e-aaebde613043@group-FF4202234884-FollowerState: change to CANDIDATE, lastRpcTime:48ms, electionTimeout:48ms
2019-10-18 13:02:00,404 [Thread-2810] INFO  impl.RoleInfo (RoleInfo.java:shutdownFollowerState(121)) - c124d131-afb9-4343-ad4e-aaebde613043: shutdown FollowerState
2019-10-18 13:02:00,404 [Thread-2810] INFO  impl.RaftServerImpl (RaftServerImpl.java:setRole(184)) - c124d131-afb9-4343-ad4e-aaebde613043@group-FF4202234884: changes role from  FOLLOWER to CANDIDATE at term 192 for changeToCandidate
2019-10-18 13:02:00,405 [Thread-2810] INFO  impl.RoleInfo (RoleInfo.java:updateAndGet(143)) - c124d131-afb9-4343-ad4e-aaebde613043: start LeaderElection
2019-10-18 13:02:00,432 [c124d131-afb9-4343-ad4e-aaebde613043@group-FF4202234884-LeaderElection353] INFO  impl.LeaderElection (LeaderElection.java:askForVotes(178)) - c124d131-afb9-4343-ad4e-aaebde613043@group-FF4202234884-LeaderElection353: begin an election at term 193 for -1: [999343e7-0330-4874-a345-91eca72585e0:192.168.34.56:44872, c124d131-afb9-4343-ad4e-aaebde613043:192.168.34.56:42116, e5bb327f-cdd7-4e49-919e-13a4c895fddf:192.168.34.56:36658], old=null
2019-10-18 13:02:00,433 [c124d131-afb9-4343-ad4e-aaebde613043@group-FF4202234884-LeaderElection353] INFO  impl.LeaderElection (LogUtils.java:infoOrTrace(149)) - c124d131-afb9-4343-ad4e-aaebde613043@group-FF4202234884-LeaderElection353 got exception when requesting votes: {}
java.util.concurrent.ExecutionException: org.apache.ratis.thirdparty.io.grpc.StatusRuntimeException: UNAVAILABLE: io exception
	at java.util.concurrent.FutureTask.report(FutureTask.java:122)
	at java.util.concurrent.FutureTask.get(FutureTask.java:192)
	at org.apache.ratis.server.impl.LeaderElection.waitForResults(LeaderElection.java:259)
	at org.apache.ratis.server.impl.LeaderElection.askForVotes(LeaderElection.java:197)
	at org.apache.ratis.server.impl.LeaderElection.run(LeaderElection.java:133)
	at java.lang.Thread.run(Thread.java:748)
Caused by: org.apache.ratis.thirdparty.io.grpc.StatusRuntimeException: UNAVAILABLE: io exception
	at org.apache.ratis.thirdparty.io.grpc.stub.ClientCalls.toStatusRuntimeException(ClientCalls.java:233)
	at org.apache.ratis.thirdparty.io.grpc.stub.ClientCalls.getUnchecked(ClientCalls.java:214)
	at org.apache.ratis.thirdparty.io.grpc.stub.ClientCalls.blockingUnaryCall(ClientCalls.java:139)
	at org.apache.ratis.proto.grpc.RaftServerProtocolServiceGrpc$RaftServerProtocolServiceBlockingStub.requestVote(RaftServerProtocolServiceGrpc.java:265)
	at org.apache.ratis.grpc.server.GrpcServerProtocolClient.requestVote(GrpcServerProtocolClient.java:99)
	at org.apache.ratis.grpc.server.GrpcService.requestVote(GrpcService.java:204)
	at org.apache.ratis.server.impl.LeaderElection.lambda$submitRequests$1(LeaderElection.java:234)
	at java.util.concurrent.FutureTask.run(FutureTask.java:266)
	at java.util.concurrent.Executors$RunnableAdapter.call(Executors.java:511)
	at java.util.concurrent.FutureTask.run(FutureTask.java:266)
	at java.util.concurrent.ThreadPoolExecutor.runWorker(ThreadPoolExecutor.java:1149)
	at java.util.concurrent.ThreadPoolExecutor$Worker.run(ThreadPoolExecutor.java:624)
	... 1 more
Caused by: org.apache.ratis.thirdparty.io.netty.channel.AbstractChannel$AnnotatedConnectException: Connection refused: /192.168.34.56:44872
	at sun.nio.ch.SocketChannelImpl.checkConnect(Native Method)
	at sun.nio.ch.SocketChannelImpl.finishConnect(SocketChannelImpl.java:717)
	at org.apache.ratis.thirdparty.io.netty.channel.socket.nio.NioSocketChannel.doFinishConnect(NioSocketChannel.java:327)
	at org.apache.ratis.thirdparty.io.netty.channel.nio.AbstractNioChannel$AbstractNioUnsafe.finishConnect(AbstractNioChannel.java:340)
	at org.apache.ratis.thirdparty.io.netty.channel.nio.NioEventLoop.processSelectedKey(NioEventLoop.java:632)
	at org.apache.ratis.thirdparty.io.netty.channel.nio.NioEventLoop.processSelectedKeysOptimized(NioEventLoop.java:579)
	at org.apache.ratis.thirdparty.io.netty.channel.nio.NioEventLoop.processSelectedKeys(NioEventLoop.java:496)
	at org.apache.ratis.thirdparty.io.netty.channel.nio.NioEventLoop.run(NioEventLoop.java:458)
	at org.apache.ratis.thirdparty.io.netty.util.concurrent.SingleThreadEventExecutor$5.run(SingleThreadEventExecutor.java:897)
	at org.apache.ratis.thirdparty.io.netty.util.concurrent.FastThreadLocalRunnable.run(FastThreadLocalRunnable.java:30)
	... 1 more
Caused by: java.net.ConnectException: Connection refused
	... 11 more
2019-10-18 13:02:00,434 [c124d131-afb9-4343-ad4e-aaebde613043@group-FF4202234884-LeaderElection353] INFO  impl.LeaderElection (LogUtils.java:infoOrTrace(149)) - c124d131-afb9-4343-ad4e-aaebde613043@group-FF4202234884-LeaderElection353 got exception when requesting votes: {}
java.util.concurrent.ExecutionException: org.apache.ratis.thirdparty.io.grpc.StatusRuntimeException: UNAVAILABLE: io exception
	at java.util.concurrent.FutureTask.report(FutureTask.java:122)
	at java.util.concurrent.FutureTask.get(FutureTask.java:192)
	at org.apache.ratis.server.impl.LeaderElection.waitForResults(LeaderElection.java:259)
	at org.apache.ratis.server.impl.LeaderElection.askForVotes(LeaderElection.java:197)
	at org.apache.ratis.server.impl.LeaderElection.run(LeaderElection.java:133)
	at java.lang.Thread.run(Thread.java:748)
Caused by: org.apache.ratis.thirdparty.io.grpc.StatusRuntimeException: UNAVAILABLE: io exception
	at org.apache.ratis.thirdparty.io.grpc.stub.ClientCalls.toStatusRuntimeException(ClientCalls.java:233)
	at org.apache.ratis.thirdparty.io.grpc.stub.ClientCalls.getUnchecked(ClientCalls.java:214)
	at org.apache.ratis.thirdparty.io.grpc.stub.ClientCalls.blockingUnaryCall(ClientCalls.java:139)
	at org.apache.ratis.proto.grpc.RaftServerProtocolServiceGrpc$RaftServerProtocolServiceBlockingStub.requestVote(RaftServerProtocolServiceGrpc.java:265)
	at org.apache.ratis.grpc.server.GrpcServerProtocolClient.requestVote(GrpcServerProtocolClient.java:99)
	at org.apache.ratis.grpc.server.GrpcService.requestVote(GrpcService.java:204)
	at org.apache.ratis.server.impl.LeaderElection.lambda$submitRequests$1(LeaderElection.java:234)
	at java.util.concurrent.FutureTask.run(FutureTask.java:266)
	at java.util.concurrent.Executors$RunnableAdapter.call(Executors.java:511)
	at java.util.concurrent.FutureTask.run(FutureTask.java:266)
	at java.util.concurrent.ThreadPoolExecutor.runWorker(ThreadPoolExecutor.java:1149)
	at java.util.concurrent.ThreadPoolExecutor$Worker.run(ThreadPoolExecutor.java:624)
	... 1 more
Caused by: org.apache.ratis.thirdparty.io.netty.channel.AbstractChannel$AnnotatedConnectException: Connection refused: /192.168.34.56:36658
	at sun.nio.ch.SocketChannelImpl.checkConnect(Native Method)
	at sun.nio.ch.SocketChannelImpl.finishConnect(SocketChannelImpl.java:717)
	at org.apache.ratis.thirdparty.io.netty.channel.socket.nio.NioSocketChannel.doFinishConnect(NioSocketChannel.java:327)
	at org.apache.ratis.thirdparty.io.netty.channel.nio.AbstractNioChannel$AbstractNioUnsafe.finishConnect(AbstractNioChannel.java:340)
	at org.apache.ratis.thirdparty.io.netty.channel.nio.NioEventLoop.processSelectedKey(NioEventLoop.java:632)
	at org.apache.ratis.thirdparty.io.netty.channel.nio.NioEventLoop.processSelectedKeysOptimized(NioEventLoop.java:579)
	at org.apache.ratis.thirdparty.io.netty.channel.nio.NioEventLoop.processSelectedKeys(NioEventLoop.java:496)
	at org.apache.ratis.thirdparty.io.netty.channel.nio.NioEventLoop.run(NioEventLoop.java:458)
	at org.apache.ratis.thirdparty.io.netty.util.concurrent.SingleThreadEventExecutor$5.run(SingleThreadEventExecutor.java:897)
	at org.apache.ratis.thirdparty.io.netty.util.concurrent.FastThreadLocalRunnable.run(FastThreadLocalRunnable.java:30)
	... 1 more
Caused by: java.net.ConnectException: Connection refused
	... 11 more
2019-10-18 13:02:00,434 [c124d131-afb9-4343-ad4e-aaebde613043@group-FF4202234884-LeaderElection353] INFO  impl.LeaderElection (LeaderElection.java:logAndReturn(56)) - c124d131-afb9-4343-ad4e-aaebde613043@group-FF4202234884-LeaderElection353: Election REJECTED; received 0 response(s) [] and 2 exception(s); c124d131-afb9-4343-ad4e-aaebde613043@group-FF4202234884:t193, leader=null, voted=c124d131-afb9-4343-ad4e-aaebde613043, raftlog=c124d131-afb9-4343-ad4e-aaebde613043@group-FF4202234884-SegmentedRaftLog:OPENED:c-1,f-1,i0, conf=-1: [999343e7-0330-4874-a345-91eca72585e0:192.168.34.56:44872, c124d131-afb9-4343-ad4e-aaebde613043:192.168.34.56:42116, e5bb327f-cdd7-4e49-919e-13a4c895fddf:192.168.34.56:36658], old=null
2019-10-18 13:02:00,435 [c124d131-afb9-4343-ad4e-aaebde613043@group-FF4202234884-LeaderElection353] INFO  impl.LeaderElection (LogUtils.java:infoOrTrace(149)) -   Exception 0: {}
java.util.concurrent.ExecutionException: org.apache.ratis.thirdparty.io.grpc.StatusRuntimeException: UNAVAILABLE: io exception
	at java.util.concurrent.FutureTask.report(FutureTask.java:122)
	at java.util.concurrent.FutureTask.get(FutureTask.java:192)
	at org.apache.ratis.server.impl.LeaderElection.waitForResults(LeaderElection.java:259)
	at org.apache.ratis.server.impl.LeaderElection.askForVotes(LeaderElection.java:197)
	at org.apache.ratis.server.impl.LeaderElection.run(LeaderElection.java:133)
	at java.lang.Thread.run(Thread.java:748)
Caused by: org.apache.ratis.thirdparty.io.grpc.StatusRuntimeException: UNAVAILABLE: io exception
	at org.apache.ratis.thirdparty.io.grpc.stub.ClientCalls.toStatusRuntimeException(ClientCalls.java:233)
	at org.apache.ratis.thirdparty.io.grpc.stub.ClientCalls.getUnchecked(ClientCalls.java:214)
	at org.apache.ratis.thirdparty.io.grpc.stub.ClientCalls.blockingUnaryCall(ClientCalls.java:139)
	at org.apache.ratis.proto.grpc.RaftServerProtocolServiceGrpc$RaftServerProtocolServiceBlockingStub.requestVote(RaftServerProtocolServiceGrpc.java:265)
	at org.apache.ratis.grpc.server.GrpcServerProtocolClient.requestVote(GrpcServerProtocolClient.java:99)
	at org.apache.ratis.grpc.server.GrpcService.requestVote(GrpcService.java:204)
	at org.apache.ratis.server.impl.LeaderElection.lambda$submitRequests$1(LeaderElection.java:234)
	at java.util.concurrent.FutureTask.run(FutureTask.java:266)
	at java.util.concurrent.Executors$RunnableAdapter.call(Executors.java:511)
	at java.util.concurrent.FutureTask.run(FutureTask.java:266)
	at java.util.concurrent.ThreadPoolExecutor.runWorker(ThreadPoolExecutor.java:1149)
	at java.util.concurrent.ThreadPoolExecutor$Worker.run(ThreadPoolExecutor.java:624)
	... 1 more
Caused by: org.apache.ratis.thirdparty.io.netty.channel.AbstractChannel$AnnotatedConnectException: Connection refused: /192.168.34.56:44872
	at sun.nio.ch.SocketChannelImpl.checkConnect(Native Method)
	at sun.nio.ch.SocketChannelImpl.finishConnect(SocketChannelImpl.java:717)
	at org.apache.ratis.thirdparty.io.netty.channel.socket.nio.NioSocketChannel.doFinishConnect(NioSocketChannel.java:327)
	at org.apache.ratis.thirdparty.io.netty.channel.nio.AbstractNioChannel$AbstractNioUnsafe.finishConnect(AbstractNioChannel.java:340)
	at org.apache.ratis.thirdparty.io.netty.channel.nio.NioEventLoop.processSelectedKey(NioEventLoop.java:632)
	at org.apache.ratis.thirdparty.io.netty.channel.nio.NioEventLoop.processSelectedKeysOptimized(NioEventLoop.java:579)
	at org.apache.ratis.thirdparty.io.netty.channel.nio.NioEventLoop.processSelectedKeys(NioEventLoop.java:496)
	at org.apache.ratis.thirdparty.io.netty.channel.nio.NioEventLoop.run(NioEventLoop.java:458)
	at org.apache.ratis.thirdparty.io.netty.util.concurrent.SingleThreadEventExecutor$5.run(SingleThreadEventExecutor.java:897)
	at org.apache.ratis.thirdparty.io.netty.util.concurrent.FastThreadLocalRunnable.run(FastThreadLocalRunnable.java:30)
	... 1 more
Caused by: java.net.ConnectException: Connection refused
	... 11 more
2019-10-18 13:02:00,435 [c124d131-afb9-4343-ad4e-aaebde613043@group-FF4202234884-LeaderElection353] INFO  impl.LeaderElection (LogUtils.java:infoOrTrace(149)) -   Exception 1: {}
java.util.concurrent.ExecutionException: org.apache.ratis.thirdparty.io.grpc.StatusRuntimeException: UNAVAILABLE: io exception
	at java.util.concurrent.FutureTask.report(FutureTask.java:122)
	at java.util.concurrent.FutureTask.get(FutureTask.java:192)
	at org.apache.ratis.server.impl.LeaderElection.waitForResults(LeaderElection.java:259)
	at org.apache.ratis.server.impl.LeaderElection.askForVotes(LeaderElection.java:197)
	at org.apache.ratis.server.impl.LeaderElection.run(LeaderElection.java:133)
	at java.lang.Thread.run(Thread.java:748)
Caused by: org.apache.ratis.thirdparty.io.grpc.StatusRuntimeException: UNAVAILABLE: io exception
	at org.apache.ratis.thirdparty.io.grpc.stub.ClientCalls.toStatusRuntimeException(ClientCalls.java:233)
	at org.apache.ratis.thirdparty.io.grpc.stub.ClientCalls.getUnchecked(ClientCalls.java:214)
	at org.apache.ratis.thirdparty.io.grpc.stub.ClientCalls.blockingUnaryCall(ClientCalls.java:139)
	at org.apache.ratis.proto.grpc.RaftServerProtocolServiceGrpc$RaftServerProtocolServiceBlockingStub.requestVote(RaftServerProtocolServiceGrpc.java:265)
	at org.apache.ratis.grpc.server.GrpcServerProtocolClient.requestVote(GrpcServerProtocolClient.java:99)
	at org.apache.ratis.grpc.server.GrpcService.requestVote(GrpcService.java:204)
	at org.apache.ratis.server.impl.LeaderElection.lambda$submitRequests$1(LeaderElection.java:234)
	at java.util.concurrent.FutureTask.run(FutureTask.java:266)
	at java.util.concurrent.Executors$RunnableAdapter.call(Executors.java:511)
	at java.util.concurrent.FutureTask.run(FutureTask.java:266)
	at java.util.concurrent.ThreadPoolExecutor.runWorker(ThreadPoolExecutor.java:1149)
	at java.util.concurrent.ThreadPoolExecutor$Worker.run(ThreadPoolExecutor.java:624)
	... 1 more
Caused by: org.apache.ratis.thirdparty.io.netty.channel.AbstractChannel$AnnotatedConnectException: Connection refused: /192.168.34.56:36658
	at sun.nio.ch.SocketChannelImpl.checkConnect(Native Method)
	at sun.nio.ch.SocketChannelImpl.finishConnect(SocketChannelImpl.java:717)
	at org.apache.ratis.thirdparty.io.netty.channel.socket.nio.NioSocketChannel.doFinishConnect(NioSocketChannel.java:327)
	at org.apache.ratis.thirdparty.io.netty.channel.nio.AbstractNioChannel$AbstractNioUnsafe.finishConnect(AbstractNioChannel.java:340)
	at org.apache.ratis.thirdparty.io.netty.channel.nio.NioEventLoop.processSelectedKey(NioEventLoop.java:632)
	at org.apache.ratis.thirdparty.io.netty.channel.nio.NioEventLoop.processSelectedKeysOptimized(NioEventLoop.java:579)
	at org.apache.ratis.thirdparty.io.netty.channel.nio.NioEventLoop.processSelectedKeys(NioEventLoop.java:496)
	at org.apache.ratis.thirdparty.io.netty.channel.nio.NioEventLoop.run(NioEventLoop.java:458)
	at org.apache.ratis.thirdparty.io.netty.util.concurrent.SingleThreadEventExecutor$5.run(SingleThreadEventExecutor.java:897)
	at org.apache.ratis.thirdparty.io.netty.util.concurrent.FastThreadLocalRunnable.run(FastThreadLocalRunnable.java:30)
	... 1 more
Caused by: java.net.ConnectException: Connection refused
	... 11 more
2019-10-18 13:02:00,435 [c124d131-afb9-4343-ad4e-aaebde613043@group-FF4202234884-LeaderElection353] INFO  impl.RaftServerImpl (RaftServerImpl.java:setRole(184)) - c124d131-afb9-4343-ad4e-aaebde613043@group-FF4202234884: changes role from CANDIDATE to FOLLOWER at term 193 for DISCOVERED_A_NEW_TERM
2019-10-18 13:02:00,435 [c124d131-afb9-4343-ad4e-aaebde613043@group-FF4202234884-LeaderElection353] INFO  impl.RoleInfo (RoleInfo.java:shutdownLeaderElection(134)) - c124d131-afb9-4343-ad4e-aaebde613043: shutdown LeaderElection
2019-10-18 13:02:00,435 [c124d131-afb9-4343-ad4e-aaebde613043@group-FF4202234884-LeaderElection353] INFO  impl.RoleInfo (RoleInfo.java:updateAndGet(143)) - c124d131-afb9-4343-ad4e-aaebde613043: start FollowerState
2019-10-18 13:02:00,489 [Thread-2814] INFO  impl.FollowerState (FollowerState.java:run(108)) - 018b3f78-d19f-4e26-a796-cb8ddc4f97cf@group-187684C21557-FollowerState: change to CANDIDATE, lastRpcTime:99ms, electionTimeout:99ms
2019-10-18 13:02:00,489 [Thread-2814] INFO  impl.RoleInfo (RoleInfo.java:shutdownFollowerState(121)) - 018b3f78-d19f-4e26-a796-cb8ddc4f97cf: shutdown FollowerState
2019-10-18 13:02:00,489 [Thread-2814] INFO  impl.RaftServerImpl (RaftServerImpl.java:setRole(184)) - 018b3f78-d19f-4e26-a796-cb8ddc4f97cf@group-187684C21557: changes role from  FOLLOWER to CANDIDATE at term 205 for changeToCandidate
2019-10-18 13:02:00,490 [Thread-2814] INFO  impl.RoleInfo (RoleInfo.java:updateAndGet(143)) - 018b3f78-d19f-4e26-a796-cb8ddc4f97cf: start LeaderElection
2019-10-18 13:02:00,530 [Thread-2818] INFO  impl.FollowerState (FollowerState.java:run(108)) - c124d131-afb9-4343-ad4e-aaebde613043@group-FF4202234884-FollowerState: change to CANDIDATE, lastRpcTime:94ms, electionTimeout:94ms
2019-10-18 13:02:00,530 [Thread-2818] INFO  impl.RoleInfo (RoleInfo.java:shutdownFollowerState(121)) - c124d131-afb9-4343-ad4e-aaebde613043: shutdown FollowerState
2019-10-18 13:02:00,530 [Thread-2818] INFO  impl.RaftServerImpl (RaftServerImpl.java:setRole(184)) - c124d131-afb9-4343-ad4e-aaebde613043@group-FF4202234884: changes role from  FOLLOWER to CANDIDATE at term 193 for changeToCandidate
2019-10-18 13:02:00,530 [Thread-2818] INFO  impl.RoleInfo (RoleInfo.java:updateAndGet(143)) - c124d131-afb9-4343-ad4e-aaebde613043: start LeaderElection
2019-10-18 13:02:00,578 [018b3f78-d19f-4e26-a796-cb8ddc4f97cf@group-187684C21557-LeaderElection354] INFO  impl.LeaderElection (LeaderElection.java:askForVotes(178)) - 018b3f78-d19f-4e26-a796-cb8ddc4f97cf@group-187684C21557-LeaderElection354: begin an election at term 206 for -1: [893cf03e-f2cf-478a-892a-a746717e50e3:192.168.34.56:40750, 8697df36-98d2-41b1-bdc7-60597b3b5526:192.168.34.56:46415, 018b3f78-d19f-4e26-a796-cb8ddc4f97cf:192.168.34.56:35845], old=null
2019-10-18 13:02:00,579 [018b3f78-d19f-4e26-a796-cb8ddc4f97cf@group-187684C21557-LeaderElection354] INFO  impl.LeaderElection (LogUtils.java:infoOrTrace(149)) - 018b3f78-d19f-4e26-a796-cb8ddc4f97cf@group-187684C21557-LeaderElection354 got exception when requesting votes: {}
java.util.concurrent.ExecutionException: org.apache.ratis.thirdparty.io.grpc.StatusRuntimeException: UNAVAILABLE: io exception
	at java.util.concurrent.FutureTask.report(FutureTask.java:122)
	at java.util.concurrent.FutureTask.get(FutureTask.java:192)
	at org.apache.ratis.server.impl.LeaderElection.waitForResults(LeaderElection.java:259)
	at org.apache.ratis.server.impl.LeaderElection.askForVotes(LeaderElection.java:197)
	at org.apache.ratis.server.impl.LeaderElection.run(LeaderElection.java:133)
	at java.lang.Thread.run(Thread.java:748)
Caused by: org.apache.ratis.thirdparty.io.grpc.StatusRuntimeException: UNAVAILABLE: io exception
	at org.apache.ratis.thirdparty.io.grpc.stub.ClientCalls.toStatusRuntimeException(ClientCalls.java:233)
	at org.apache.ratis.thirdparty.io.grpc.stub.ClientCalls.getUnchecked(ClientCalls.java:214)
	at org.apache.ratis.thirdparty.io.grpc.stub.ClientCalls.blockingUnaryCall(ClientCalls.java:139)
	at org.apache.ratis.proto.grpc.RaftServerProtocolServiceGrpc$RaftServerProtocolServiceBlockingStub.requestVote(RaftServerProtocolServiceGrpc.java:265)
	at org.apache.ratis.grpc.server.GrpcServerProtocolClient.requestVote(GrpcServerProtocolClient.java:99)
	at org.apache.ratis.grpc.server.GrpcService.requestVote(GrpcService.java:204)
	at org.apache.ratis.server.impl.LeaderElection.lambda$submitRequests$1(LeaderElection.java:234)
	at java.util.concurrent.FutureTask.run(FutureTask.java:266)
	at java.util.concurrent.Executors$RunnableAdapter.call(Executors.java:511)
	at java.util.concurrent.FutureTask.run(FutureTask.java:266)
	at java.util.concurrent.ThreadPoolExecutor.runWorker(ThreadPoolExecutor.java:1149)
	at java.util.concurrent.ThreadPoolExecutor$Worker.run(ThreadPoolExecutor.java:624)
	... 1 more
Caused by: org.apache.ratis.thirdparty.io.netty.channel.AbstractChannel$AnnotatedConnectException: Connection refused: /192.168.34.56:46415
	at sun.nio.ch.SocketChannelImpl.checkConnect(Native Method)
	at sun.nio.ch.SocketChannelImpl.finishConnect(SocketChannelImpl.java:717)
	at org.apache.ratis.thirdparty.io.netty.channel.socket.nio.NioSocketChannel.doFinishConnect(NioSocketChannel.java:327)
	at org.apache.ratis.thirdparty.io.netty.channel.nio.AbstractNioChannel$AbstractNioUnsafe.finishConnect(AbstractNioChannel.java:340)
	at org.apache.ratis.thirdparty.io.netty.channel.nio.NioEventLoop.processSelectedKey(NioEventLoop.java:632)
	at org.apache.ratis.thirdparty.io.netty.channel.nio.NioEventLoop.processSelectedKeysOptimized(NioEventLoop.java:579)
	at org.apache.ratis.thirdparty.io.netty.channel.nio.NioEventLoop.processSelectedKeys(NioEventLoop.java:496)
	at org.apache.ratis.thirdparty.io.netty.channel.nio.NioEventLoop.run(NioEventLoop.java:458)
	at org.apache.ratis.thirdparty.io.netty.util.concurrent.SingleThreadEventExecutor$5.run(SingleThreadEventExecutor.java:897)
	at org.apache.ratis.thirdparty.io.netty.util.concurrent.FastThreadLocalRunnable.run(FastThreadLocalRunnable.java:30)
	... 1 more
Caused by: java.net.ConnectException: Connection refused
	... 11 more
2019-10-18 13:02:00,580 [grpc-default-executor-7] INFO  impl.RaftServerImpl (RaftServerImpl.java:setRole(184)) - 893cf03e-f2cf-478a-892a-a746717e50e3@group-187684C21557: changes role from  FOLLOWER to FOLLOWER at term 206 for recognizeCandidate:018b3f78-d19f-4e26-a796-cb8ddc4f97cf
2019-10-18 13:02:00,580 [grpc-default-executor-7] INFO  impl.RoleInfo (RoleInfo.java:shutdownFollowerState(121)) - 893cf03e-f2cf-478a-892a-a746717e50e3: shutdown FollowerState
2019-10-18 13:02:00,580 [grpc-default-executor-7] INFO  impl.RoleInfo (RoleInfo.java:updateAndGet(143)) - 893cf03e-f2cf-478a-892a-a746717e50e3: start FollowerState
2019-10-18 13:02:00,580 [Thread-2813] INFO  impl.FollowerState (FollowerState.java:run(117)) - 893cf03e-f2cf-478a-892a-a746717e50e3@group-187684C21557-FollowerState was interrupted: java.lang.InterruptedException: sleep interrupted
2019-10-18 13:02:00,618 [018b3f78-d19f-4e26-a796-cb8ddc4f97cf@group-187684C21557-LeaderElection354] INFO  impl.LeaderElection (LeaderElection.java:logAndReturn(56)) - 018b3f78-d19f-4e26-a796-cb8ddc4f97cf@group-187684C21557-LeaderElection354: Election TIMEOUT; received 0 response(s) [] and 1 exception(s); 018b3f78-d19f-4e26-a796-cb8ddc4f97cf@group-187684C21557:t206, leader=null, voted=018b3f78-d19f-4e26-a796-cb8ddc4f97cf, raftlog=018b3f78-d19f-4e26-a796-cb8ddc4f97cf@group-187684C21557-SegmentedRaftLog:OPENED:c-1,f-1,i0, conf=-1: [893cf03e-f2cf-478a-892a-a746717e50e3:192.168.34.56:40750, 8697df36-98d2-41b1-bdc7-60597b3b5526:192.168.34.56:46415, 018b3f78-d19f-4e26-a796-cb8ddc4f97cf:192.168.34.56:35845], old=null
2019-10-18 13:02:00,618 [018b3f78-d19f-4e26-a796-cb8ddc4f97cf@group-187684C21557-LeaderElection354] INFO  impl.LeaderElection (LogUtils.java:infoOrTrace(149)) -   Exception 0: {}
java.util.concurrent.ExecutionException: org.apache.ratis.thirdparty.io.grpc.StatusRuntimeException: UNAVAILABLE: io exception
	at java.util.concurrent.FutureTask.report(FutureTask.java:122)
	at java.util.concurrent.FutureTask.get(FutureTask.java:192)
	at org.apache.ratis.server.impl.LeaderElection.waitForResults(LeaderElection.java:259)
	at org.apache.ratis.server.impl.LeaderElection.askForVotes(LeaderElection.java:197)
	at org.apache.ratis.server.impl.LeaderElection.run(LeaderElection.java:133)
	at java.lang.Thread.run(Thread.java:748)
Caused by: org.apache.ratis.thirdparty.io.grpc.StatusRuntimeException: UNAVAILABLE: io exception
	at org.apache.ratis.thirdparty.io.grpc.stub.ClientCalls.toStatusRuntimeException(ClientCalls.java:233)
	at org.apache.ratis.thirdparty.io.grpc.stub.ClientCalls.getUnchecked(ClientCalls.java:214)
	at org.apache.ratis.thirdparty.io.grpc.stub.ClientCalls.blockingUnaryCall(ClientCalls.java:139)
	at org.apache.ratis.proto.grpc.RaftServerProtocolServiceGrpc$RaftServerProtocolServiceBlockingStub.requestVote(RaftServerProtocolServiceGrpc.java:265)
	at org.apache.ratis.grpc.server.GrpcServerProtocolClient.requestVote(GrpcServerProtocolClient.java:99)
	at org.apache.ratis.grpc.server.GrpcService.requestVote(GrpcService.java:204)
	at org.apache.ratis.server.impl.LeaderElection.lambda$submitRequests$1(LeaderElection.java:234)
	at java.util.concurrent.FutureTask.run(FutureTask.java:266)
	at java.util.concurrent.Executors$RunnableAdapter.call(Executors.java:511)
	at java.util.concurrent.FutureTask.run(FutureTask.java:266)
	at java.util.concurrent.ThreadPoolExecutor.runWorker(ThreadPoolExecutor.java:1149)
	at java.util.concurrent.ThreadPoolExecutor$Worker.run(ThreadPoolExecutor.java:624)
	... 1 more
Caused by: org.apache.ratis.thirdparty.io.netty.channel.AbstractChannel$AnnotatedConnectException: Connection refused: /192.168.34.56:46415
	at sun.nio.ch.SocketChannelImpl.checkConnect(Native Method)
	at sun.nio.ch.SocketChannelImpl.finishConnect(SocketChannelImpl.java:717)
	at org.apache.ratis.thirdparty.io.netty.channel.socket.nio.NioSocketChannel.doFinishConnect(NioSocketChannel.java:327)
	at org.apache.ratis.thirdparty.io.netty.channel.nio.AbstractNioChannel$AbstractNioUnsafe.finishConnect(AbstractNioChannel.java:340)
	at org.apache.ratis.thirdparty.io.netty.channel.nio.NioEventLoop.processSelectedKey(NioEventLoop.java:632)
	at org.apache.ratis.thirdparty.io.netty.channel.nio.NioEventLoop.processSelectedKeysOptimized(NioEventLoop.java:579)
	at org.apache.ratis.thirdparty.io.netty.channel.nio.NioEventLoop.processSelectedKeys(NioEventLoop.java:496)
	at org.apache.ratis.thirdparty.io.netty.channel.nio.NioEventLoop.run(NioEventLoop.java:458)
	at org.apache.ratis.thirdparty.io.netty.util.concurrent.SingleThreadEventExecutor$5.run(SingleThreadEventExecutor.java:897)
	at org.apache.ratis.thirdparty.io.netty.util.concurrent.FastThreadLocalRunnable.run(FastThreadLocalRunnable.java:30)
	... 1 more
Caused by: java.net.ConnectException: Connection refused
	... 11 more
2019-10-18 13:02:00,628 [c124d131-afb9-4343-ad4e-aaebde613043@group-FF4202234884-LeaderElection355] INFO  impl.LeaderElection (LeaderElection.java:askForVotes(178)) - c124d131-afb9-4343-ad4e-aaebde613043@group-FF4202234884-LeaderElection355: begin an election at term 194 for -1: [999343e7-0330-4874-a345-91eca72585e0:192.168.34.56:44872, c124d131-afb9-4343-ad4e-aaebde613043:192.168.34.56:42116, e5bb327f-cdd7-4e49-919e-13a4c895fddf:192.168.34.56:36658], old=null
2019-10-18 13:02:00,629 [c124d131-afb9-4343-ad4e-aaebde613043@group-FF4202234884-LeaderElection355] INFO  impl.LeaderElection (LogUtils.java:infoOrTrace(149)) - c124d131-afb9-4343-ad4e-aaebde613043@group-FF4202234884-LeaderElection355 got exception when requesting votes: {}
java.util.concurrent.ExecutionException: org.apache.ratis.thirdparty.io.grpc.StatusRuntimeException: UNAVAILABLE: io exception
	at java.util.concurrent.FutureTask.report(FutureTask.java:122)
	at java.util.concurrent.FutureTask.get(FutureTask.java:192)
	at org.apache.ratis.server.impl.LeaderElection.waitForResults(LeaderElection.java:259)
	at org.apache.ratis.server.impl.LeaderElection.askForVotes(LeaderElection.java:197)
	at org.apache.ratis.server.impl.LeaderElection.run(LeaderElection.java:133)
	at java.lang.Thread.run(Thread.java:748)
Caused by: org.apache.ratis.thirdparty.io.grpc.StatusRuntimeException: UNAVAILABLE: io exception
	at org.apache.ratis.thirdparty.io.grpc.stub.ClientCalls.toStatusRuntimeException(ClientCalls.java:233)
	at org.apache.ratis.thirdparty.io.grpc.stub.ClientCalls.getUnchecked(ClientCalls.java:214)
	at org.apache.ratis.thirdparty.io.grpc.stub.ClientCalls.blockingUnaryCall(ClientCalls.java:139)
	at org.apache.ratis.proto.grpc.RaftServerProtocolServiceGrpc$RaftServerProtocolServiceBlockingStub.requestVote(RaftServerProtocolServiceGrpc.java:265)
	at org.apache.ratis.grpc.server.GrpcServerProtocolClient.requestVote(GrpcServerProtocolClient.java:99)
	at org.apache.ratis.grpc.server.GrpcService.requestVote(GrpcService.java:204)
	at org.apache.ratis.server.impl.LeaderElection.lambda$submitRequests$1(LeaderElection.java:234)
	at java.util.concurrent.FutureTask.run(FutureTask.java:266)
	at java.util.concurrent.Executors$RunnableAdapter.call(Executors.java:511)
	at java.util.concurrent.FutureTask.run(FutureTask.java:266)
	at java.util.concurrent.ThreadPoolExecutor.runWorker(ThreadPoolExecutor.java:1149)
	at java.util.concurrent.ThreadPoolExecutor$Worker.run(ThreadPoolExecutor.java:624)
	... 1 more
Caused by: org.apache.ratis.thirdparty.io.netty.channel.AbstractChannel$AnnotatedConnectException: Connection refused: /192.168.34.56:44872
	at sun.nio.ch.SocketChannelImpl.checkConnect(Native Method)
	at sun.nio.ch.SocketChannelImpl.finishConnect(SocketChannelImpl.java:717)
	at org.apache.ratis.thirdparty.io.netty.channel.socket.nio.NioSocketChannel.doFinishConnect(NioSocketChannel.java:327)
	at org.apache.ratis.thirdparty.io.netty.channel.nio.AbstractNioChannel$AbstractNioUnsafe.finishConnect(AbstractNioChannel.java:340)
	at org.apache.ratis.thirdparty.io.netty.channel.nio.NioEventLoop.processSelectedKey(NioEventLoop.java:632)
	at org.apache.ratis.thirdparty.io.netty.channel.nio.NioEventLoop.processSelectedKeysOptimized(NioEventLoop.java:579)
	at org.apache.ratis.thirdparty.io.netty.channel.nio.NioEventLoop.processSelectedKeys(NioEventLoop.java:496)
	at org.apache.ratis.thirdparty.io.netty.channel.nio.NioEventLoop.run(NioEventLoop.java:458)
	at org.apache.ratis.thirdparty.io.netty.util.concurrent.SingleThreadEventExecutor$5.run(SingleThreadEventExecutor.java:897)
	at org.apache.ratis.thirdparty.io.netty.util.concurrent.FastThreadLocalRunnable.run(FastThreadLocalRunnable.java:30)
	... 1 more
Caused by: java.net.ConnectException: Connection refused
	... 11 more
2019-10-18 13:02:00,629 [c124d131-afb9-4343-ad4e-aaebde613043@group-FF4202234884-LeaderElection355] INFO  impl.LeaderElection (LogUtils.java:infoOrTrace(149)) - c124d131-afb9-4343-ad4e-aaebde613043@group-FF4202234884-LeaderElection355 got exception when requesting votes: {}
java.util.concurrent.ExecutionException: org.apache.ratis.thirdparty.io.grpc.StatusRuntimeException: UNAVAILABLE: io exception
	at java.util.concurrent.FutureTask.report(FutureTask.java:122)
	at java.util.concurrent.FutureTask.get(FutureTask.java:192)
	at org.apache.ratis.server.impl.LeaderElection.waitForResults(LeaderElection.java:259)
	at org.apache.ratis.server.impl.LeaderElection.askForVotes(LeaderElection.java:197)
	at org.apache.ratis.server.impl.LeaderElection.run(LeaderElection.java:133)
	at java.lang.Thread.run(Thread.java:748)
Caused by: org.apache.ratis.thirdparty.io.grpc.StatusRuntimeException: UNAVAILABLE: io exception
	at org.apache.ratis.thirdparty.io.grpc.stub.ClientCalls.toStatusRuntimeException(ClientCalls.java:233)
	at org.apache.ratis.thirdparty.io.grpc.stub.ClientCalls.getUnchecked(ClientCalls.java:214)
	at org.apache.ratis.thirdparty.io.grpc.stub.ClientCalls.blockingUnaryCall(ClientCalls.java:139)
	at org.apache.ratis.proto.grpc.RaftServerProtocolServiceGrpc$RaftServerProtocolServiceBlockingStub.requestVote(RaftServerProtocolServiceGrpc.java:265)
	at org.apache.ratis.grpc.server.GrpcServerProtocolClient.requestVote(GrpcServerProtocolClient.java:99)
	at org.apache.ratis.grpc.server.GrpcService.requestVote(GrpcService.java:204)
	at org.apache.ratis.server.impl.LeaderElection.lambda$submitRequests$1(LeaderElection.java:234)
	at java.util.concurrent.FutureTask.run(FutureTask.java:266)
	at java.util.concurrent.Executors$RunnableAdapter.call(Executors.java:511)
	at java.util.concurrent.FutureTask.run(FutureTask.java:266)
	at java.util.concurrent.ThreadPoolExecutor.runWorker(ThreadPoolExecutor.java:1149)
	at java.util.concurrent.ThreadPoolExecutor$Worker.run(ThreadPoolExecutor.java:624)
	... 1 more
Caused by: org.apache.ratis.thirdparty.io.netty.channel.AbstractChannel$AnnotatedConnectException: Connection refused: /192.168.34.56:36658
	at sun.nio.ch.SocketChannelImpl.checkConnect(Native Method)
	at sun.nio.ch.SocketChannelImpl.finishConnect(SocketChannelImpl.java:717)
	at org.apache.ratis.thirdparty.io.netty.channel.socket.nio.NioSocketChannel.doFinishConnect(NioSocketChannel.java:327)
	at org.apache.ratis.thirdparty.io.netty.channel.nio.AbstractNioChannel$AbstractNioUnsafe.finishConnect(AbstractNioChannel.java:340)
	at org.apache.ratis.thirdparty.io.netty.channel.nio.NioEventLoop.processSelectedKey(NioEventLoop.java:632)
	at org.apache.ratis.thirdparty.io.netty.channel.nio.NioEventLoop.processSelectedKeysOptimized(NioEventLoop.java:579)
	at org.apache.ratis.thirdparty.io.netty.channel.nio.NioEventLoop.processSelectedKeys(NioEventLoop.java:496)
	at org.apache.ratis.thirdparty.io.netty.channel.nio.NioEventLoop.run(NioEventLoop.java:458)
	at org.apache.ratis.thirdparty.io.netty.util.concurrent.SingleThreadEventExecutor$5.run(SingleThreadEventExecutor.java:897)
	at org.apache.ratis.thirdparty.io.netty.util.concurrent.FastThreadLocalRunnable.run(FastThreadLocalRunnable.java:30)
	... 1 more
Caused by: java.net.ConnectException: Connection refused
	... 11 more
2019-10-18 13:02:00,629 [c124d131-afb9-4343-ad4e-aaebde613043@group-FF4202234884-LeaderElection355] INFO  impl.LeaderElection (LeaderElection.java:logAndReturn(56)) - c124d131-afb9-4343-ad4e-aaebde613043@group-FF4202234884-LeaderElection355: Election REJECTED; received 0 response(s) [] and 2 exception(s); c124d131-afb9-4343-ad4e-aaebde613043@group-FF4202234884:t194, leader=null, voted=c124d131-afb9-4343-ad4e-aaebde613043, raftlog=c124d131-afb9-4343-ad4e-aaebde613043@group-FF4202234884-SegmentedRaftLog:OPENED:c-1,f-1,i0, conf=-1: [999343e7-0330-4874-a345-91eca72585e0:192.168.34.56:44872, c124d131-afb9-4343-ad4e-aaebde613043:192.168.34.56:42116, e5bb327f-cdd7-4e49-919e-13a4c895fddf:192.168.34.56:36658], old=null
2019-10-18 13:02:00,629 [c124d131-afb9-4343-ad4e-aaebde613043@group-FF4202234884-LeaderElection355] INFO  impl.LeaderElection (LogUtils.java:infoOrTrace(149)) -   Exception 0: {}
java.util.concurrent.ExecutionException: org.apache.ratis.thirdparty.io.grpc.StatusRuntimeException: UNAVAILABLE: io exception
	at java.util.concurrent.FutureTask.report(FutureTask.java:122)
	at java.util.concurrent.FutureTask.get(FutureTask.java:192)
	at org.apache.ratis.server.impl.LeaderElection.waitForResults(LeaderElection.java:259)
	at org.apache.ratis.server.impl.LeaderElection.askForVotes(LeaderElection.java:197)
	at org.apache.ratis.server.impl.LeaderElection.run(LeaderElection.java:133)
	at java.lang.Thread.run(Thread.java:748)
Caused by: org.apache.ratis.thirdparty.io.grpc.StatusRuntimeException: UNAVAILABLE: io exception
	at org.apache.ratis.thirdparty.io.grpc.stub.ClientCalls.toStatusRuntimeException(ClientCalls.java:233)
	at org.apache.ratis.thirdparty.io.grpc.stub.ClientCalls.getUnchecked(ClientCalls.java:214)
	at org.apache.ratis.thirdparty.io.grpc.stub.ClientCalls.blockingUnaryCall(ClientCalls.java:139)
	at org.apache.ratis.proto.grpc.RaftServerProtocolServiceGrpc$RaftServerProtocolServiceBlockingStub.requestVote(RaftServerProtocolServiceGrpc.java:265)
	at org.apache.ratis.grpc.server.GrpcServerProtocolClient.requestVote(GrpcServerProtocolClient.java:99)
	at org.apache.ratis.grpc.server.GrpcService.requestVote(GrpcService.java:204)
	at org.apache.ratis.server.impl.LeaderElection.lambda$submitRequests$1(LeaderElection.java:234)
	at java.util.concurrent.FutureTask.run(FutureTask.java:266)
	at java.util.concurrent.Executors$RunnableAdapter.call(Executors.java:511)
	at java.util.concurrent.FutureTask.run(FutureTask.java:266)
	at java.util.concurrent.ThreadPoolExecutor.runWorker(ThreadPoolExecutor.java:1149)
	at java.util.concurrent.ThreadPoolExecutor$Worker.run(ThreadPoolExecutor.java:624)
	... 1 more
Caused by: org.apache.ratis.thirdparty.io.netty.channel.AbstractChannel$AnnotatedConnectException: Connection refused: /192.168.34.56:44872
	at sun.nio.ch.SocketChannelImpl.checkConnect(Native Method)
	at sun.nio.ch.SocketChannelImpl.finishConnect(SocketChannelImpl.java:717)
	at org.apache.ratis.thirdparty.io.netty.channel.socket.nio.NioSocketChannel.doFinishConnect(NioSocketChannel.java:327)
	at org.apache.ratis.thirdparty.io.netty.channel.nio.AbstractNioChannel$AbstractNioUnsafe.finishConnect(AbstractNioChannel.java:340)
	at org.apache.ratis.thirdparty.io.netty.channel.nio.NioEventLoop.processSelectedKey(NioEventLoop.java:632)
	at org.apache.ratis.thirdparty.io.netty.channel.nio.NioEventLoop.processSelectedKeysOptimized(NioEventLoop.java:579)
	at org.apache.ratis.thirdparty.io.netty.channel.nio.NioEventLoop.processSelectedKeys(NioEventLoop.java:496)
	at org.apache.ratis.thirdparty.io.netty.channel.nio.NioEventLoop.run(NioEventLoop.java:458)
	at org.apache.ratis.thirdparty.io.netty.util.concurrent.SingleThreadEventExecutor$5.run(SingleThreadEventExecutor.java:897)
	at org.apache.ratis.thirdparty.io.netty.util.concurrent.FastThreadLocalRunnable.run(FastThreadLocalRunnable.java:30)
	... 1 more
Caused by: java.net.ConnectException: Connection refused
	... 11 more
2019-10-18 13:02:00,630 [c124d131-afb9-4343-ad4e-aaebde613043@group-FF4202234884-LeaderElection355] INFO  impl.LeaderElection (LogUtils.java:infoOrTrace(149)) -   Exception 1: {}
java.util.concurrent.ExecutionException: org.apache.ratis.thirdparty.io.grpc.StatusRuntimeException: UNAVAILABLE: io exception
	at java.util.concurrent.FutureTask.report(FutureTask.java:122)
	at java.util.concurrent.FutureTask.get(FutureTask.java:192)
	at org.apache.ratis.server.impl.LeaderElection.waitForResults(LeaderElection.java:259)
	at org.apache.ratis.server.impl.LeaderElection.askForVotes(LeaderElection.java:197)
	at org.apache.ratis.server.impl.LeaderElection.run(LeaderElection.java:133)
	at java.lang.Thread.run(Thread.java:748)
Caused by: org.apache.ratis.thirdparty.io.grpc.StatusRuntimeException: UNAVAILABLE: io exception
	at org.apache.ratis.thirdparty.io.grpc.stub.ClientCalls.toStatusRuntimeException(ClientCalls.java:233)
	at org.apache.ratis.thirdparty.io.grpc.stub.ClientCalls.getUnchecked(ClientCalls.java:214)
	at org.apache.ratis.thirdparty.io.grpc.stub.ClientCalls.blockingUnaryCall(ClientCalls.java:139)
	at org.apache.ratis.proto.grpc.RaftServerProtocolServiceGrpc$RaftServerProtocolServiceBlockingStub.requestVote(RaftServerProtocolServiceGrpc.java:265)
	at org.apache.ratis.grpc.server.GrpcServerProtocolClient.requestVote(GrpcServerProtocolClient.java:99)
	at org.apache.ratis.grpc.server.GrpcService.requestVote(GrpcService.java:204)
	at org.apache.ratis.server.impl.LeaderElection.lambda$submitRequests$1(LeaderElection.java:234)
	at java.util.concurrent.FutureTask.run(FutureTask.java:266)
	at java.util.concurrent.Executors$RunnableAdapter.call(Executors.java:511)
	at java.util.concurrent.FutureTask.run(FutureTask.java:266)
	at java.util.concurrent.ThreadPoolExecutor.runWorker(ThreadPoolExecutor.java:1149)
	at java.util.concurrent.ThreadPoolExecutor$Worker.run(ThreadPoolExecutor.java:624)
	... 1 more
Caused by: org.apache.ratis.thirdparty.io.netty.channel.AbstractChannel$AnnotatedConnectException: Connection refused: /192.168.34.56:36658
	at sun.nio.ch.SocketChannelImpl.checkConnect(Native Method)
	at sun.nio.ch.SocketChannelImpl.finishConnect(SocketChannelImpl.java:717)
	at org.apache.ratis.thirdparty.io.netty.channel.socket.nio.NioSocketChannel.doFinishConnect(NioSocketChannel.java:327)
	at org.apache.ratis.thirdparty.io.netty.channel.nio.AbstractNioChannel$AbstractNioUnsafe.finishConnect(AbstractNioChannel.java:340)
	at org.apache.ratis.thirdparty.io.netty.channel.nio.NioEventLoop.processSelectedKey(NioEventLoop.java:632)
	at org.apache.ratis.thirdparty.io.netty.channel.nio.NioEventLoop.processSelectedKeysOptimized(NioEventLoop.java:579)
	at org.apache.ratis.thirdparty.io.netty.channel.nio.NioEventLoop.processSelectedKeys(NioEventLoop.java:496)
	at org.apache.ratis.thirdparty.io.netty.channel.nio.NioEventLoop.run(NioEventLoop.java:458)
	at org.apache.ratis.thirdparty.io.netty.util.concurrent.SingleThreadEventExecutor$5.run(SingleThreadEventExecutor.java:897)
	at org.apache.ratis.thirdparty.io.netty.util.concurrent.FastThreadLocalRunnable.run(FastThreadLocalRunnable.java:30)
	... 1 more
Caused by: java.net.ConnectException: Connection refused
	... 11 more
2019-10-18 13:02:00,630 [c124d131-afb9-4343-ad4e-aaebde613043@group-FF4202234884-LeaderElection355] INFO  impl.RaftServerImpl (RaftServerImpl.java:setRole(184)) - c124d131-afb9-4343-ad4e-aaebde613043@group-FF4202234884: changes role from CANDIDATE to FOLLOWER at term 194 for DISCOVERED_A_NEW_TERM
2019-10-18 13:02:00,630 [c124d131-afb9-4343-ad4e-aaebde613043@group-FF4202234884-LeaderElection355] INFO  impl.RoleInfo (RoleInfo.java:shutdownLeaderElection(134)) - c124d131-afb9-4343-ad4e-aaebde613043: shutdown LeaderElection
2019-10-18 13:02:00,630 [c124d131-afb9-4343-ad4e-aaebde613043@group-FF4202234884-LeaderElection355] INFO  impl.RoleInfo (RoleInfo.java:updateAndGet(143)) - c124d131-afb9-4343-ad4e-aaebde613043: start FollowerState
2019-10-18 13:02:00,641 [018b3f78-d19f-4e26-a796-cb8ddc4f97cf@group-187684C21557-LeaderElection354] INFO  impl.LeaderElection (LeaderElection.java:askForVotes(178)) - 018b3f78-d19f-4e26-a796-cb8ddc4f97cf@group-187684C21557-LeaderElection354: begin an election at term 207 for -1: [893cf03e-f2cf-478a-892a-a746717e50e3:192.168.34.56:40750, 8697df36-98d2-41b1-bdc7-60597b3b5526:192.168.34.56:46415, 018b3f78-d19f-4e26-a796-cb8ddc4f97cf:192.168.34.56:35845], old=null
2019-10-18 13:02:00,642 [018b3f78-d19f-4e26-a796-cb8ddc4f97cf@group-187684C21557-LeaderElection354] INFO  impl.LeaderElection (LogUtils.java:infoOrTrace(149)) - 018b3f78-d19f-4e26-a796-cb8ddc4f97cf@group-187684C21557-LeaderElection354 got exception when requesting votes: {}
java.util.concurrent.ExecutionException: org.apache.ratis.thirdparty.io.grpc.StatusRuntimeException: UNAVAILABLE: io exception
	at java.util.concurrent.FutureTask.report(FutureTask.java:122)
	at java.util.concurrent.FutureTask.get(FutureTask.java:192)
	at org.apache.ratis.server.impl.LeaderElection.waitForResults(LeaderElection.java:259)
	at org.apache.ratis.server.impl.LeaderElection.askForVotes(LeaderElection.java:197)
	at org.apache.ratis.server.impl.LeaderElection.run(LeaderElection.java:133)
	at java.lang.Thread.run(Thread.java:748)
Caused by: org.apache.ratis.thirdparty.io.grpc.StatusRuntimeException: UNAVAILABLE: io exception
	at org.apache.ratis.thirdparty.io.grpc.stub.ClientCalls.toStatusRuntimeException(ClientCalls.java:233)
	at org.apache.ratis.thirdparty.io.grpc.stub.ClientCalls.getUnchecked(ClientCalls.java:214)
	at org.apache.ratis.thirdparty.io.grpc.stub.ClientCalls.blockingUnaryCall(ClientCalls.java:139)
	at org.apache.ratis.proto.grpc.RaftServerProtocolServiceGrpc$RaftServerProtocolServiceBlockingStub.requestVote(RaftServerProtocolServiceGrpc.java:265)
	at org.apache.ratis.grpc.server.GrpcServerProtocolClient.requestVote(GrpcServerProtocolClient.java:99)
	at org.apache.ratis.grpc.server.GrpcService.requestVote(GrpcService.java:204)
	at org.apache.ratis.server.impl.LeaderElection.lambda$submitRequests$1(LeaderElection.java:234)
	at java.util.concurrent.FutureTask.run(FutureTask.java:266)
	at java.util.concurrent.Executors$RunnableAdapter.call(Executors.java:511)
	at java.util.concurrent.FutureTask.run(FutureTask.java:266)
	at java.util.concurrent.ThreadPoolExecutor.runWorker(ThreadPoolExecutor.java:1149)
	at java.util.concurrent.ThreadPoolExecutor$Worker.run(ThreadPoolExecutor.java:624)
	... 1 more
Caused by: org.apache.ratis.thirdparty.io.netty.channel.AbstractChannel$AnnotatedConnectException: Connection refused: /192.168.34.56:46415
	at sun.nio.ch.SocketChannelImpl.checkConnect(Native Method)
	at sun.nio.ch.SocketChannelImpl.finishConnect(SocketChannelImpl.java:717)
	at org.apache.ratis.thirdparty.io.netty.channel.socket.nio.NioSocketChannel.doFinishConnect(NioSocketChannel.java:327)
	at org.apache.ratis.thirdparty.io.netty.channel.nio.AbstractNioChannel$AbstractNioUnsafe.finishConnect(AbstractNioChannel.java:340)
	at org.apache.ratis.thirdparty.io.netty.channel.nio.NioEventLoop.processSelectedKey(NioEventLoop.java:632)
	at org.apache.ratis.thirdparty.io.netty.channel.nio.NioEventLoop.processSelectedKeysOptimized(NioEventLoop.java:579)
	at org.apache.ratis.thirdparty.io.netty.channel.nio.NioEventLoop.processSelectedKeys(NioEventLoop.java:496)
	at org.apache.ratis.thirdparty.io.netty.channel.nio.NioEventLoop.run(NioEventLoop.java:458)
	at org.apache.ratis.thirdparty.io.netty.util.concurrent.SingleThreadEventExecutor$5.run(SingleThreadEventExecutor.java:897)
	at org.apache.ratis.thirdparty.io.netty.util.concurrent.FastThreadLocalRunnable.run(FastThreadLocalRunnable.java:30)
	... 1 more
Caused by: java.net.ConnectException: Connection refused
	... 11 more
2019-10-18 13:02:00,643 [grpc-default-executor-7] INFO  impl.RaftServerImpl (RaftServerImpl.java:setRole(184)) - 893cf03e-f2cf-478a-892a-a746717e50e3@group-187684C21557: changes role from  FOLLOWER to FOLLOWER at term 207 for recognizeCandidate:018b3f78-d19f-4e26-a796-cb8ddc4f97cf
2019-10-18 13:02:00,643 [grpc-default-executor-7] INFO  impl.RoleInfo (RoleInfo.java:shutdownFollowerState(121)) - 893cf03e-f2cf-478a-892a-a746717e50e3: shutdown FollowerState
2019-10-18 13:02:00,643 [grpc-default-executor-7] INFO  impl.RoleInfo (RoleInfo.java:updateAndGet(143)) - 893cf03e-f2cf-478a-892a-a746717e50e3: start FollowerState
2019-10-18 13:02:00,643 [Thread-2823] INFO  impl.FollowerState (FollowerState.java:run(117)) - 893cf03e-f2cf-478a-892a-a746717e50e3@group-187684C21557-FollowerState was interrupted: java.lang.InterruptedException: sleep interrupted
2019-10-18 13:02:00,673 [018b3f78-d19f-4e26-a796-cb8ddc4f97cf@group-187684C21557-LeaderElection354] INFO  impl.LeaderElection (LeaderElection.java:logAndReturn(56)) - 018b3f78-d19f-4e26-a796-cb8ddc4f97cf@group-187684C21557-LeaderElection354: Election REJECTED; received 1 response(s) [018b3f78-d19f-4e26-a796-cb8ddc4f97cf<-893cf03e-f2cf-478a-892a-a746717e50e3#0:FAIL-t207] and 1 exception(s); 018b3f78-d19f-4e26-a796-cb8ddc4f97cf@group-187684C21557:t207, leader=null, voted=018b3f78-d19f-4e26-a796-cb8ddc4f97cf, raftlog=018b3f78-d19f-4e26-a796-cb8ddc4f97cf@group-187684C21557-SegmentedRaftLog:OPENED:c-1,f-1,i0, conf=-1: [893cf03e-f2cf-478a-892a-a746717e50e3:192.168.34.56:40750, 8697df36-98d2-41b1-bdc7-60597b3b5526:192.168.34.56:46415, 018b3f78-d19f-4e26-a796-cb8ddc4f97cf:192.168.34.56:35845], old=null
2019-10-18 13:02:00,673 [018b3f78-d19f-4e26-a796-cb8ddc4f97cf@group-187684C21557-LeaderElection354] INFO  impl.LeaderElection (LogUtils.java:infoOrTrace(149)) -   Exception 0: {}
java.util.concurrent.ExecutionException: org.apache.ratis.thirdparty.io.grpc.StatusRuntimeException: UNAVAILABLE: io exception
	at java.util.concurrent.FutureTask.report(FutureTask.java:122)
	at java.util.concurrent.FutureTask.get(FutureTask.java:192)
	at org.apache.ratis.server.impl.LeaderElection.waitForResults(LeaderElection.java:259)
	at org.apache.ratis.server.impl.LeaderElection.askForVotes(LeaderElection.java:197)
	at org.apache.ratis.server.impl.LeaderElection.run(LeaderElection.java:133)
	at java.lang.Thread.run(Thread.java:748)
Caused by: org.apache.ratis.thirdparty.io.grpc.StatusRuntimeException: UNAVAILABLE: io exception
	at org.apache.ratis.thirdparty.io.grpc.stub.ClientCalls.toStatusRuntimeException(ClientCalls.java:233)
	at org.apache.ratis.thirdparty.io.grpc.stub.ClientCalls.getUnchecked(ClientCalls.java:214)
	at org.apache.ratis.thirdparty.io.grpc.stub.ClientCalls.blockingUnaryCall(ClientCalls.java:139)
	at org.apache.ratis.proto.grpc.RaftServerProtocolServiceGrpc$RaftServerProtocolServiceBlockingStub.requestVote(RaftServerProtocolServiceGrpc.java:265)
	at org.apache.ratis.grpc.server.GrpcServerProtocolClient.requestVote(GrpcServerProtocolClient.java:99)
	at org.apache.ratis.grpc.server.GrpcService.requestVote(GrpcService.java:204)
	at org.apache.ratis.server.impl.LeaderElection.lambda$submitRequests$1(LeaderElection.java:234)
	at java.util.concurrent.FutureTask.run(FutureTask.java:266)
	at java.util.concurrent.Executors$RunnableAdapter.call(Executors.java:511)
	at java.util.concurrent.FutureTask.run(FutureTask.java:266)
	at java.util.concurrent.ThreadPoolExecutor.runWorker(ThreadPoolExecutor.java:1149)
	at java.util.concurrent.ThreadPoolExecutor$Worker.run(ThreadPoolExecutor.java:624)
	... 1 more
Caused by: org.apache.ratis.thirdparty.io.netty.channel.AbstractChannel$AnnotatedConnectException: Connection refused: /192.168.34.56:46415
	at sun.nio.ch.SocketChannelImpl.checkConnect(Native Method)
	at sun.nio.ch.SocketChannelImpl.finishConnect(SocketChannelImpl.java:717)
	at org.apache.ratis.thirdparty.io.netty.channel.socket.nio.NioSocketChannel.doFinishConnect(NioSocketChannel.java:327)
	at org.apache.ratis.thirdparty.io.netty.channel.nio.AbstractNioChannel$AbstractNioUnsafe.finishConnect(AbstractNioChannel.java:340)
	at org.apache.ratis.thirdparty.io.netty.channel.nio.NioEventLoop.processSelectedKey(NioEventLoop.java:632)
	at org.apache.ratis.thirdparty.io.netty.channel.nio.NioEventLoop.processSelectedKeysOptimized(NioEventLoop.java:579)
	at org.apache.ratis.thirdparty.io.netty.channel.nio.NioEventLoop.processSelectedKeys(NioEventLoop.java:496)
	at org.apache.ratis.thirdparty.io.netty.channel.nio.NioEventLoop.run(NioEventLoop.java:458)
	at org.apache.ratis.thirdparty.io.netty.util.concurrent.SingleThreadEventExecutor$5.run(SingleThreadEventExecutor.java:897)
	at org.apache.ratis.thirdparty.io.netty.util.concurrent.FastThreadLocalRunnable.run(FastThreadLocalRunnable.java:30)
	... 1 more
Caused by: java.net.ConnectException: Connection refused
	... 11 more
2019-10-18 13:02:00,674 [018b3f78-d19f-4e26-a796-cb8ddc4f97cf@group-187684C21557-LeaderElection354] INFO  impl.RaftServerImpl (RaftServerImpl.java:setRole(184)) - 018b3f78-d19f-4e26-a796-cb8ddc4f97cf@group-187684C21557: changes role from CANDIDATE to FOLLOWER at term 207 for DISCOVERED_A_NEW_TERM
2019-10-18 13:02:00,674 [018b3f78-d19f-4e26-a796-cb8ddc4f97cf@group-187684C21557-LeaderElection354] INFO  impl.RoleInfo (RoleInfo.java:shutdownLeaderElection(134)) - 018b3f78-d19f-4e26-a796-cb8ddc4f97cf: shutdown LeaderElection
2019-10-18 13:02:00,674 [018b3f78-d19f-4e26-a796-cb8ddc4f97cf@group-187684C21557-LeaderElection354] INFO  impl.RoleInfo (RoleInfo.java:updateAndGet(143)) - 018b3f78-d19f-4e26-a796-cb8ddc4f97cf: start FollowerState
2019-10-18 13:02:00,689 [java.util.concurrent.ThreadPoolExecutor$Worker@7a2507ec[State = -1, empty queue]] WARN  server.GrpcLogAppender (GrpcLogAppender.java:timeoutAppendRequest(209)) - 17618ccc-f51c-4f14-92cf-842ef2c05e35@group-08BD6F798C58->32d97539-eb73-46c6-a759-05f11ff00f4c-GrpcLogAppender: appendEntries Timeout, request=17618ccc-f51c-4f14-92cf-842ef2c05e35->32d97539-eb73-46c6-a759-05f11ff00f4c#85-t10, previous=(t:10, i:19), leaderCommit=19, initializing? false, entries: <empty>
2019-10-18 13:02:00,726 [java.util.concurrent.ThreadPoolExecutor$Worker@b7e5976[State = -1, empty queue]] WARN  server.GrpcLogAppender (GrpcLogAppender.java:timeoutAppendRequest(209)) - 17618ccc-f51c-4f14-92cf-842ef2c05e35@group-08BD6F798C58->896cef04-248b-470f-8c5c-c9acb81bb157-GrpcLogAppender: appendEntries Timeout, request=17618ccc-f51c-4f14-92cf-842ef2c05e35->896cef04-248b-470f-8c5c-c9acb81bb157#87-t10, previous=(t:10, i:19), leaderCommit=19, initializing? false, entries: <empty>
2019-10-18 13:02:00,754 [Thread-2826] INFO  impl.FollowerState (FollowerState.java:run(108)) - c124d131-afb9-4343-ad4e-aaebde613043@group-FF4202234884-FollowerState: change to CANDIDATE, lastRpcTime:124ms, electionTimeout:124ms
2019-10-18 13:02:00,755 [Thread-2826] INFO  impl.RoleInfo (RoleInfo.java:shutdownFollowerState(121)) - c124d131-afb9-4343-ad4e-aaebde613043: shutdown FollowerState
2019-10-18 13:02:00,755 [Thread-2826] INFO  impl.RaftServerImpl (RaftServerImpl.java:setRole(184)) - c124d131-afb9-4343-ad4e-aaebde613043@group-FF4202234884: changes role from  FOLLOWER to CANDIDATE at term 194 for changeToCandidate
2019-10-18 13:02:00,755 [Thread-2826] INFO  impl.RoleInfo (RoleInfo.java:updateAndGet(143)) - c124d131-afb9-4343-ad4e-aaebde613043: start LeaderElection
2019-10-18 13:02:00,801 [c124d131-afb9-4343-ad4e-aaebde613043@group-FF4202234884-LeaderElection356] INFO  impl.LeaderElection (LeaderElection.java:askForVotes(178)) - c124d131-afb9-4343-ad4e-aaebde613043@group-FF4202234884-LeaderElection356: begin an election at term 195 for -1: [999343e7-0330-4874-a345-91eca72585e0:192.168.34.56:44872, c124d131-afb9-4343-ad4e-aaebde613043:192.168.34.56:42116, e5bb327f-cdd7-4e49-919e-13a4c895fddf:192.168.34.56:36658], old=null
2019-10-18 13:02:00,802 [c124d131-afb9-4343-ad4e-aaebde613043@group-FF4202234884-LeaderElection356] INFO  impl.LeaderElection (LogUtils.java:infoOrTrace(149)) - c124d131-afb9-4343-ad4e-aaebde613043@group-FF4202234884-LeaderElection356 got exception when requesting votes: {}
java.util.concurrent.ExecutionException: org.apache.ratis.thirdparty.io.grpc.StatusRuntimeException: UNAVAILABLE: io exception
	at java.util.concurrent.FutureTask.report(FutureTask.java:122)
	at java.util.concurrent.FutureTask.get(FutureTask.java:192)
	at org.apache.ratis.server.impl.LeaderElection.waitForResults(LeaderElection.java:259)
	at org.apache.ratis.server.impl.LeaderElection.askForVotes(LeaderElection.java:197)
	at org.apache.ratis.server.impl.LeaderElection.run(LeaderElection.java:133)
	at java.lang.Thread.run(Thread.java:748)
Caused by: org.apache.ratis.thirdparty.io.grpc.StatusRuntimeException: UNAVAILABLE: io exception
	at org.apache.ratis.thirdparty.io.grpc.stub.ClientCalls.toStatusRuntimeException(ClientCalls.java:233)
	at org.apache.ratis.thirdparty.io.grpc.stub.ClientCalls.getUnchecked(ClientCalls.java:214)
	at org.apache.ratis.thirdparty.io.grpc.stub.ClientCalls.blockingUnaryCall(ClientCalls.java:139)
	at org.apache.ratis.proto.grpc.RaftServerProtocolServiceGrpc$RaftServerProtocolServiceBlockingStub.requestVote(RaftServerProtocolServiceGrpc.java:265)
	at org.apache.ratis.grpc.server.GrpcServerProtocolClient.requestVote(GrpcServerProtocolClient.java:99)
	at org.apache.ratis.grpc.server.GrpcService.requestVote(GrpcService.java:204)
	at org.apache.ratis.server.impl.LeaderElection.lambda$submitRequests$1(LeaderElection.java:234)
	at java.util.concurrent.FutureTask.run(FutureTask.java:266)
	at java.util.concurrent.Executors$RunnableAdapter.call(Executors.java:511)
	at java.util.concurrent.FutureTask.run(FutureTask.java:266)
	at java.util.concurrent.ThreadPoolExecutor.runWorker(ThreadPoolExecutor.java:1149)
	at java.util.concurrent.ThreadPoolExecutor$Worker.run(ThreadPoolExecutor.java:624)
	... 1 more
Caused by: org.apache.ratis.thirdparty.io.netty.channel.AbstractChannel$AnnotatedConnectException: Connection refused: /192.168.34.56:44872
	at sun.nio.ch.SocketChannelImpl.checkConnect(Native Method)
	at sun.nio.ch.SocketChannelImpl.finishConnect(SocketChannelImpl.java:717)
	at org.apache.ratis.thirdparty.io.netty.channel.socket.nio.NioSocketChannel.doFinishConnect(NioSocketChannel.java:327)
	at org.apache.ratis.thirdparty.io.netty.channel.nio.AbstractNioChannel$AbstractNioUnsafe.finishConnect(AbstractNioChannel.java:340)
	at org.apache.ratis.thirdparty.io.netty.channel.nio.NioEventLoop.processSelectedKey(NioEventLoop.java:632)
	at org.apache.ratis.thirdparty.io.netty.channel.nio.NioEventLoop.processSelectedKeysOptimized(NioEventLoop.java:579)
	at org.apache.ratis.thirdparty.io.netty.channel.nio.NioEventLoop.processSelectedKeys(NioEventLoop.java:496)
	at org.apache.ratis.thirdparty.io.netty.channel.nio.NioEventLoop.run(NioEventLoop.java:458)
	at org.apache.ratis.thirdparty.io.netty.util.concurrent.SingleThreadEventExecutor$5.run(SingleThreadEventExecutor.java:897)
	at org.apache.ratis.thirdparty.io.netty.util.concurrent.FastThreadLocalRunnable.run(FastThreadLocalRunnable.java:30)
	... 1 more
Caused by: java.net.ConnectException: Connection refused
	... 11 more
2019-10-18 13:02:00,803 [c124d131-afb9-4343-ad4e-aaebde613043@group-FF4202234884-LeaderElection356] INFO  impl.LeaderElection (LogUtils.java:infoOrTrace(149)) - c124d131-afb9-4343-ad4e-aaebde613043@group-FF4202234884-LeaderElection356 got exception when requesting votes: {}
java.util.concurrent.ExecutionException: org.apache.ratis.thirdparty.io.grpc.StatusRuntimeException: UNAVAILABLE: io exception
	at java.util.concurrent.FutureTask.report(FutureTask.java:122)
	at java.util.concurrent.FutureTask.get(FutureTask.java:192)
	at org.apache.ratis.server.impl.LeaderElection.waitForResults(LeaderElection.java:259)
	at org.apache.ratis.server.impl.LeaderElection.askForVotes(LeaderElection.java:197)
	at org.apache.ratis.server.impl.LeaderElection.run(LeaderElection.java:133)
	at java.lang.Thread.run(Thread.java:748)
Caused by: org.apache.ratis.thirdparty.io.grpc.StatusRuntimeException: UNAVAILABLE: io exception
	at org.apache.ratis.thirdparty.io.grpc.stub.ClientCalls.toStatusRuntimeException(ClientCalls.java:233)
	at org.apache.ratis.thirdparty.io.grpc.stub.ClientCalls.getUnchecked(ClientCalls.java:214)
	at org.apache.ratis.thirdparty.io.grpc.stub.ClientCalls.blockingUnaryCall(ClientCalls.java:139)
	at org.apache.ratis.proto.grpc.RaftServerProtocolServiceGrpc$RaftServerProtocolServiceBlockingStub.requestVote(RaftServerProtocolServiceGrpc.java:265)
	at org.apache.ratis.grpc.server.GrpcServerProtocolClient.requestVote(GrpcServerProtocolClient.java:99)
	at org.apache.ratis.grpc.server.GrpcService.requestVote(GrpcService.java:204)
	at org.apache.ratis.server.impl.LeaderElection.lambda$submitRequests$1(LeaderElection.java:234)
	at java.util.concurrent.FutureTask.run(FutureTask.java:266)
	at java.util.concurrent.Executors$RunnableAdapter.call(Executors.java:511)
	at java.util.concurrent.FutureTask.run(FutureTask.java:266)
	at java.util.concurrent.ThreadPoolExecutor.runWorker(ThreadPoolExecutor.java:1149)
	at java.util.concurrent.ThreadPoolExecutor$Worker.run(ThreadPoolExecutor.java:624)
	... 1 more
Caused by: org.apache.ratis.thirdparty.io.netty.channel.AbstractChannel$AnnotatedConnectException: Connection refused: /192.168.34.56:36658
	at sun.nio.ch.SocketChannelImpl.checkConnect(Native Method)
	at sun.nio.ch.SocketChannelImpl.finishConnect(SocketChannelImpl.java:717)
	at org.apache.ratis.thirdparty.io.netty.channel.socket.nio.NioSocketChannel.doFinishConnect(NioSocketChannel.java:327)
	at org.apache.ratis.thirdparty.io.netty.channel.nio.AbstractNioChannel$AbstractNioUnsafe.finishConnect(AbstractNioChannel.java:340)
	at org.apache.ratis.thirdparty.io.netty.channel.nio.NioEventLoop.processSelectedKey(NioEventLoop.java:632)
	at org.apache.ratis.thirdparty.io.netty.channel.nio.NioEventLoop.processSelectedKeysOptimized(NioEventLoop.java:579)
	at org.apache.ratis.thirdparty.io.netty.channel.nio.NioEventLoop.processSelectedKeys(NioEventLoop.java:496)
	at org.apache.ratis.thirdparty.io.netty.channel.nio.NioEventLoop.run(NioEventLoop.java:458)
	at org.apache.ratis.thirdparty.io.netty.util.concurrent.SingleThreadEventExecutor$5.run(SingleThreadEventExecutor.java:897)
	at org.apache.ratis.thirdparty.io.netty.util.concurrent.FastThreadLocalRunnable.run(FastThreadLocalRunnable.java:30)
	... 1 more
Caused by: java.net.ConnectException: Connection refused
	... 11 more
2019-10-18 13:02:00,803 [c124d131-afb9-4343-ad4e-aaebde613043@group-FF4202234884-LeaderElection356] INFO  impl.LeaderElection (LeaderElection.java:logAndReturn(56)) - c124d131-afb9-4343-ad4e-aaebde613043@group-FF4202234884-LeaderElection356: Election REJECTED; received 0 response(s) [] and 2 exception(s); c124d131-afb9-4343-ad4e-aaebde613043@group-FF4202234884:t195, leader=null, voted=c124d131-afb9-4343-ad4e-aaebde613043, raftlog=c124d131-afb9-4343-ad4e-aaebde613043@group-FF4202234884-SegmentedRaftLog:OPENED:c-1,f-1,i0, conf=-1: [999343e7-0330-4874-a345-91eca72585e0:192.168.34.56:44872, c124d131-afb9-4343-ad4e-aaebde613043:192.168.34.56:42116, e5bb327f-cdd7-4e49-919e-13a4c895fddf:192.168.34.56:36658], old=null
2019-10-18 13:02:00,803 [c124d131-afb9-4343-ad4e-aaebde613043@group-FF4202234884-LeaderElection356] INFO  impl.LeaderElection (LogUtils.java:infoOrTrace(149)) -   Exception 0: {}
java.util.concurrent.ExecutionException: org.apache.ratis.thirdparty.io.grpc.StatusRuntimeException: UNAVAILABLE: io exception
	at java.util.concurrent.FutureTask.report(FutureTask.java:122)
	at java.util.concurrent.FutureTask.get(FutureTask.java:192)
	at org.apache.ratis.server.impl.LeaderElection.waitForResults(LeaderElection.java:259)
	at org.apache.ratis.server.impl.LeaderElection.askForVotes(LeaderElection.java:197)
	at org.apache.ratis.server.impl.LeaderElection.run(LeaderElection.java:133)
	at java.lang.Thread.run(Thread.java:748)
Caused by: org.apache.ratis.thirdparty.io.grpc.StatusRuntimeException: UNAVAILABLE: io exception
	at org.apache.ratis.thirdparty.io.grpc.stub.ClientCalls.toStatusRuntimeException(ClientCalls.java:233)
	at org.apache.ratis.thirdparty.io.grpc.stub.ClientCalls.getUnchecked(ClientCalls.java:214)
	at org.apache.ratis.thirdparty.io.grpc.stub.ClientCalls.blockingUnaryCall(ClientCalls.java:139)
	at org.apache.ratis.proto.grpc.RaftServerProtocolServiceGrpc$RaftServerProtocolServiceBlockingStub.requestVote(RaftServerProtocolServiceGrpc.java:265)
	at org.apache.ratis.grpc.server.GrpcServerProtocolClient.requestVote(GrpcServerProtocolClient.java:99)
	at org.apache.ratis.grpc.server.GrpcService.requestVote(GrpcService.java:204)
	at org.apache.ratis.server.impl.LeaderElection.lambda$submitRequests$1(LeaderElection.java:234)
	at java.util.concurrent.FutureTask.run(FutureTask.java:266)
	at java.util.concurrent.Executors$RunnableAdapter.call(Executors.java:511)
	at java.util.concurrent.FutureTask.run(FutureTask.java:266)
	at java.util.concurrent.ThreadPoolExecutor.runWorker(ThreadPoolExecutor.java:1149)
	at java.util.concurrent.ThreadPoolExecutor$Worker.run(ThreadPoolExecutor.java:624)
	... 1 more
Caused by: org.apache.ratis.thirdparty.io.netty.channel.AbstractChannel$AnnotatedConnectException: Connection refused: /192.168.34.56:44872
	at sun.nio.ch.SocketChannelImpl.checkConnect(Native Method)
	at sun.nio.ch.SocketChannelImpl.finishConnect(SocketChannelImpl.java:717)
	at org.apache.ratis.thirdparty.io.netty.channel.socket.nio.NioSocketChannel.doFinishConnect(NioSocketChannel.java:327)
	at org.apache.ratis.thirdparty.io.netty.channel.nio.AbstractNioChannel$AbstractNioUnsafe.finishConnect(AbstractNioChannel.java:340)
	at org.apache.ratis.thirdparty.io.netty.channel.nio.NioEventLoop.processSelectedKey(NioEventLoop.java:632)
	at org.apache.ratis.thirdparty.io.netty.channel.nio.NioEventLoop.processSelectedKeysOptimized(NioEventLoop.java:579)
	at org.apache.ratis.thirdparty.io.netty.channel.nio.NioEventLoop.processSelectedKeys(NioEventLoop.java:496)
	at org.apache.ratis.thirdparty.io.netty.channel.nio.NioEventLoop.run(NioEventLoop.java:458)
	at org.apache.ratis.thirdparty.io.netty.util.concurrent.SingleThreadEventExecutor$5.run(SingleThreadEventExecutor.java:897)
	at org.apache.ratis.thirdparty.io.netty.util.concurrent.FastThreadLocalRunnable.run(FastThreadLocalRunnable.java:30)
	... 1 more
Caused by: java.net.ConnectException: Connection refused
	... 11 more
2019-10-18 13:02:00,803 [c124d131-afb9-4343-ad4e-aaebde613043@group-FF4202234884-LeaderElection356] INFO  impl.LeaderElection (LogUtils.java:infoOrTrace(149)) -   Exception 1: {}
java.util.concurrent.ExecutionException: org.apache.ratis.thirdparty.io.grpc.StatusRuntimeException: UNAVAILABLE: io exception
	at java.util.concurrent.FutureTask.report(FutureTask.java:122)
	at java.util.concurrent.FutureTask.get(FutureTask.java:192)
	at org.apache.ratis.server.impl.LeaderElection.waitForResults(LeaderElection.java:259)
	at org.apache.ratis.server.impl.LeaderElection.askForVotes(LeaderElection.java:197)
	at org.apache.ratis.server.impl.LeaderElection.run(LeaderElection.java:133)
	at java.lang.Thread.run(Thread.java:748)
Caused by: org.apache.ratis.thirdparty.io.grpc.StatusRuntimeException: UNAVAILABLE: io exception
	at org.apache.ratis.thirdparty.io.grpc.stub.ClientCalls.toStatusRuntimeException(ClientCalls.java:233)
	at org.apache.ratis.thirdparty.io.grpc.stub.ClientCalls.getUnchecked(ClientCalls.java:214)
	at org.apache.ratis.thirdparty.io.grpc.stub.ClientCalls.blockingUnaryCall(ClientCalls.java:139)
	at org.apache.ratis.proto.grpc.RaftServerProtocolServiceGrpc$RaftServerProtocolServiceBlockingStub.requestVote(RaftServerProtocolServiceGrpc.java:265)
	at org.apache.ratis.grpc.server.GrpcServerProtocolClient.requestVote(GrpcServerProtocolClient.java:99)
	at org.apache.ratis.grpc.server.GrpcService.requestVote(GrpcService.java:204)
	at org.apache.ratis.server.impl.LeaderElection.lambda$submitRequests$1(LeaderElection.java:234)
	at java.util.concurrent.FutureTask.run(FutureTask.java:266)
	at java.util.concurrent.Executors$RunnableAdapter.call(Executors.java:511)
	at java.util.concurrent.FutureTask.run(FutureTask.java:266)
	at java.util.concurrent.ThreadPoolExecutor.runWorker(ThreadPoolExecutor.java:1149)
	at java.util.concurrent.ThreadPoolExecutor$Worker.run(ThreadPoolExecutor.java:624)
	... 1 more
Caused by: org.apache.ratis.thirdparty.io.netty.channel.AbstractChannel$AnnotatedConnectException: Connection refused: /192.168.34.56:36658
	at sun.nio.ch.SocketChannelImpl.checkConnect(Native Method)
	at sun.nio.ch.SocketChannelImpl.finishConnect(SocketChannelImpl.java:717)
	at org.apache.ratis.thirdparty.io.netty.channel.socket.nio.NioSocketChannel.doFinishConnect(NioSocketChannel.java:327)
	at org.apache.ratis.thirdparty.io.netty.channel.nio.AbstractNioChannel$AbstractNioUnsafe.finishConnect(AbstractNioChannel.java:340)
	at org.apache.ratis.thirdparty.io.netty.channel.nio.NioEventLoop.processSelectedKey(NioEventLoop.java:632)
	at org.apache.ratis.thirdparty.io.netty.channel.nio.NioEventLoop.processSelectedKeysOptimized(NioEventLoop.java:579)
	at org.apache.ratis.thirdparty.io.netty.channel.nio.NioEventLoop.processSelectedKeys(NioEventLoop.java:496)
	at org.apache.ratis.thirdparty.io.netty.channel.nio.NioEventLoop.run(NioEventLoop.java:458)
	at org.apache.ratis.thirdparty.io.netty.util.concurrent.SingleThreadEventExecutor$5.run(SingleThreadEventExecutor.java:897)
	at org.apache.ratis.thirdparty.io.netty.util.concurrent.FastThreadLocalRunnable.run(FastThreadLocalRunnable.java:30)
	... 1 more
Caused by: java.net.ConnectException: Connection refused
	... 11 more
2019-10-18 13:02:00,803 [c124d131-afb9-4343-ad4e-aaebde613043@group-FF4202234884-LeaderElection356] INFO  impl.RaftServerImpl (RaftServerImpl.java:setRole(184)) - c124d131-afb9-4343-ad4e-aaebde613043@group-FF4202234884: changes role from CANDIDATE to FOLLOWER at term 195 for DISCOVERED_A_NEW_TERM
2019-10-18 13:02:00,803 [c124d131-afb9-4343-ad4e-aaebde613043@group-FF4202234884-LeaderElection356] INFO  impl.RoleInfo (RoleInfo.java:shutdownLeaderElection(134)) - c124d131-afb9-4343-ad4e-aaebde613043: shutdown LeaderElection
2019-10-18 13:02:00,803 [c124d131-afb9-4343-ad4e-aaebde613043@group-FF4202234884-LeaderElection356] INFO  impl.RoleInfo (RoleInfo.java:updateAndGet(143)) - c124d131-afb9-4343-ad4e-aaebde613043: start FollowerState
2019-10-18 13:02:00,817 [Thread-2834] INFO  impl.FollowerState (FollowerState.java:run(108)) - c124d131-afb9-4343-ad4e-aaebde613043@group-FF4202234884-FollowerState: change to CANDIDATE, lastRpcTime:13ms, electionTimeout:13ms
2019-10-18 13:02:00,817 [Thread-2834] INFO  impl.RoleInfo (RoleInfo.java:shutdownFollowerState(121)) - c124d131-afb9-4343-ad4e-aaebde613043: shutdown FollowerState
2019-10-18 13:02:00,817 [Thread-2834] INFO  impl.RaftServerImpl (RaftServerImpl.java:setRole(184)) - c124d131-afb9-4343-ad4e-aaebde613043@group-FF4202234884: changes role from  FOLLOWER to CANDIDATE at term 195 for changeToCandidate
2019-10-18 13:02:00,817 [Thread-2834] INFO  impl.RoleInfo (RoleInfo.java:updateAndGet(143)) - c124d131-afb9-4343-ad4e-aaebde613043: start LeaderElection
2019-10-18 13:02:00,841 [c124d131-afb9-4343-ad4e-aaebde613043@group-FF4202234884-LeaderElection357] INFO  impl.LeaderElection (LeaderElection.java:askForVotes(178)) - c124d131-afb9-4343-ad4e-aaebde613043@group-FF4202234884-LeaderElection357: begin an election at term 196 for -1: [999343e7-0330-4874-a345-91eca72585e0:192.168.34.56:44872, c124d131-afb9-4343-ad4e-aaebde613043:192.168.34.56:42116, e5bb327f-cdd7-4e49-919e-13a4c895fddf:192.168.34.56:36658], old=null
2019-10-18 13:02:00,842 [c124d131-afb9-4343-ad4e-aaebde613043@group-FF4202234884-LeaderElection357] INFO  impl.LeaderElection (LogUtils.java:infoOrTrace(149)) - c124d131-afb9-4343-ad4e-aaebde613043@group-FF4202234884-LeaderElection357 got exception when requesting votes: {}
java.util.concurrent.ExecutionException: org.apache.ratis.thirdparty.io.grpc.StatusRuntimeException: UNAVAILABLE: io exception
	at java.util.concurrent.FutureTask.report(FutureTask.java:122)
	at java.util.concurrent.FutureTask.get(FutureTask.java:192)
	at org.apache.ratis.server.impl.LeaderElection.waitForResults(LeaderElection.java:259)
	at org.apache.ratis.server.impl.LeaderElection.askForVotes(LeaderElection.java:197)
	at org.apache.ratis.server.impl.LeaderElection.run(LeaderElection.java:133)
	at java.lang.Thread.run(Thread.java:748)
Caused by: org.apache.ratis.thirdparty.io.grpc.StatusRuntimeException: UNAVAILABLE: io exception
	at org.apache.ratis.thirdparty.io.grpc.stub.ClientCalls.toStatusRuntimeException(ClientCalls.java:233)
	at org.apache.ratis.thirdparty.io.grpc.stub.ClientCalls.getUnchecked(ClientCalls.java:214)
	at org.apache.ratis.thirdparty.io.grpc.stub.ClientCalls.blockingUnaryCall(ClientCalls.java:139)
	at org.apache.ratis.proto.grpc.RaftServerProtocolServiceGrpc$RaftServerProtocolServiceBlockingStub.requestVote(RaftServerProtocolServiceGrpc.java:265)
	at org.apache.ratis.grpc.server.GrpcServerProtocolClient.requestVote(GrpcServerProtocolClient.java:99)
	at org.apache.ratis.grpc.server.GrpcService.requestVote(GrpcService.java:204)
	at org.apache.ratis.server.impl.LeaderElection.lambda$submitRequests$1(LeaderElection.java:234)
	at java.util.concurrent.FutureTask.run(FutureTask.java:266)
	at java.util.concurrent.Executors$RunnableAdapter.call(Executors.java:511)
	at java.util.concurrent.FutureTask.run(FutureTask.java:266)
	at java.util.concurrent.ThreadPoolExecutor.runWorker(ThreadPoolExecutor.java:1149)
	at java.util.concurrent.ThreadPoolExecutor$Worker.run(ThreadPoolExecutor.java:624)
	... 1 more
Caused by: org.apache.ratis.thirdparty.io.netty.channel.AbstractChannel$AnnotatedConnectException: Connection refused: /192.168.34.56:36658
	at sun.nio.ch.SocketChannelImpl.checkConnect(Native Method)
	at sun.nio.ch.SocketChannelImpl.finishConnect(SocketChannelImpl.java:717)
	at org.apache.ratis.thirdparty.io.netty.channel.socket.nio.NioSocketChannel.doFinishConnect(NioSocketChannel.java:327)
	at org.apache.ratis.thirdparty.io.netty.channel.nio.AbstractNioChannel$AbstractNioUnsafe.finishConnect(AbstractNioChannel.java:340)
	at org.apache.ratis.thirdparty.io.netty.channel.nio.NioEventLoop.processSelectedKey(NioEventLoop.java:632)
	at org.apache.ratis.thirdparty.io.netty.channel.nio.NioEventLoop.processSelectedKeysOptimized(NioEventLoop.java:579)
	at org.apache.ratis.thirdparty.io.netty.channel.nio.NioEventLoop.processSelectedKeys(NioEventLoop.java:496)
	at org.apache.ratis.thirdparty.io.netty.channel.nio.NioEventLoop.run(NioEventLoop.java:458)
	at org.apache.ratis.thirdparty.io.netty.util.concurrent.SingleThreadEventExecutor$5.run(SingleThreadEventExecutor.java:897)
	at org.apache.ratis.thirdparty.io.netty.util.concurrent.FastThreadLocalRunnable.run(FastThreadLocalRunnable.java:30)
	... 1 more
Caused by: java.net.ConnectException: Connection refused
	... 11 more
2019-10-18 13:02:00,842 [c124d131-afb9-4343-ad4e-aaebde613043@group-FF4202234884-LeaderElection357] INFO  impl.LeaderElection (LogUtils.java:infoOrTrace(149)) - c124d131-afb9-4343-ad4e-aaebde613043@group-FF4202234884-LeaderElection357 got exception when requesting votes: {}
java.util.concurrent.ExecutionException: org.apache.ratis.thirdparty.io.grpc.StatusRuntimeException: UNAVAILABLE: io exception
	at java.util.concurrent.FutureTask.report(FutureTask.java:122)
	at java.util.concurrent.FutureTask.get(FutureTask.java:192)
	at org.apache.ratis.server.impl.LeaderElection.waitForResults(LeaderElection.java:259)
	at org.apache.ratis.server.impl.LeaderElection.askForVotes(LeaderElection.java:197)
	at org.apache.ratis.server.impl.LeaderElection.run(LeaderElection.java:133)
	at java.lang.Thread.run(Thread.java:748)
Caused by: org.apache.ratis.thirdparty.io.grpc.StatusRuntimeException: UNAVAILABLE: io exception
	at org.apache.ratis.thirdparty.io.grpc.stub.ClientCalls.toStatusRuntimeException(ClientCalls.java:233)
	at org.apache.ratis.thirdparty.io.grpc.stub.ClientCalls.getUnchecked(ClientCalls.java:214)
	at org.apache.ratis.thirdparty.io.grpc.stub.ClientCalls.blockingUnaryCall(ClientCalls.java:139)
	at org.apache.ratis.proto.grpc.RaftServerProtocolServiceGrpc$RaftServerProtocolServiceBlockingStub.requestVote(RaftServerProtocolServiceGrpc.java:265)
	at org.apache.ratis.grpc.server.GrpcServerProtocolClient.requestVote(GrpcServerProtocolClient.java:99)
	at org.apache.ratis.grpc.server.GrpcService.requestVote(GrpcService.java:204)
	at org.apache.ratis.server.impl.LeaderElection.lambda$submitRequests$1(LeaderElection.java:234)
	at java.util.concurrent.FutureTask.run(FutureTask.java:266)
	at java.util.concurrent.Executors$RunnableAdapter.call(Executors.java:511)
	at java.util.concurrent.FutureTask.run(FutureTask.java:266)
	at java.util.concurrent.ThreadPoolExecutor.runWorker(ThreadPoolExecutor.java:1149)
	at java.util.concurrent.ThreadPoolExecutor$Worker.run(ThreadPoolExecutor.java:624)
	... 1 more
Caused by: org.apache.ratis.thirdparty.io.netty.channel.AbstractChannel$AnnotatedConnectException: Connection refused: /192.168.34.56:44872
	at sun.nio.ch.SocketChannelImpl.checkConnect(Native Method)
	at sun.nio.ch.SocketChannelImpl.finishConnect(SocketChannelImpl.java:717)
	at org.apache.ratis.thirdparty.io.netty.channel.socket.nio.NioSocketChannel.doFinishConnect(NioSocketChannel.java:327)
	at org.apache.ratis.thirdparty.io.netty.channel.nio.AbstractNioChannel$AbstractNioUnsafe.finishConnect(AbstractNioChannel.java:340)
	at org.apache.ratis.thirdparty.io.netty.channel.nio.NioEventLoop.processSelectedKey(NioEventLoop.java:632)
	at org.apache.ratis.thirdparty.io.netty.channel.nio.NioEventLoop.processSelectedKeysOptimized(NioEventLoop.java:579)
	at org.apache.ratis.thirdparty.io.netty.channel.nio.NioEventLoop.processSelectedKeys(NioEventLoop.java:496)
	at org.apache.ratis.thirdparty.io.netty.channel.nio.NioEventLoop.run(NioEventLoop.java:458)
	at org.apache.ratis.thirdparty.io.netty.util.concurrent.SingleThreadEventExecutor$5.run(SingleThreadEventExecutor.java:897)
	at org.apache.ratis.thirdparty.io.netty.util.concurrent.FastThreadLocalRunnable.run(FastThreadLocalRunnable.java:30)
	... 1 more
Caused by: java.net.ConnectException: Connection refused
	... 11 more
2019-10-18 13:02:00,843 [c124d131-afb9-4343-ad4e-aaebde613043@group-FF4202234884-LeaderElection357] INFO  impl.LeaderElection (LeaderElection.java:logAndReturn(56)) - c124d131-afb9-4343-ad4e-aaebde613043@group-FF4202234884-LeaderElection357: Election REJECTED; received 0 response(s) [] and 2 exception(s); c124d131-afb9-4343-ad4e-aaebde613043@group-FF4202234884:t196, leader=null, voted=c124d131-afb9-4343-ad4e-aaebde613043, raftlog=c124d131-afb9-4343-ad4e-aaebde613043@group-FF4202234884-SegmentedRaftLog:OPENED:c-1,f-1,i0, conf=-1: [999343e7-0330-4874-a345-91eca72585e0:192.168.34.56:44872, c124d131-afb9-4343-ad4e-aaebde613043:192.168.34.56:42116, e5bb327f-cdd7-4e49-919e-13a4c895fddf:192.168.34.56:36658], old=null
2019-10-18 13:02:00,843 [c124d131-afb9-4343-ad4e-aaebde613043@group-FF4202234884-LeaderElection357] INFO  impl.LeaderElection (LogUtils.java:infoOrTrace(149)) -   Exception 0: {}
java.util.concurrent.ExecutionException: org.apache.ratis.thirdparty.io.grpc.StatusRuntimeException: UNAVAILABLE: io exception
	at java.util.concurrent.FutureTask.report(FutureTask.java:122)
	at java.util.concurrent.FutureTask.get(FutureTask.java:192)
	at org.apache.ratis.server.impl.LeaderElection.waitForResults(LeaderElection.java:259)
	at org.apache.ratis.server.impl.LeaderElection.askForVotes(LeaderElection.java:197)
	at org.apache.ratis.server.impl.LeaderElection.run(LeaderElection.java:133)
	at java.lang.Thread.run(Thread.java:748)
Caused by: org.apache.ratis.thirdparty.io.grpc.StatusRuntimeException: UNAVAILABLE: io exception
	at org.apache.ratis.thirdparty.io.grpc.stub.ClientCalls.toStatusRuntimeException(ClientCalls.java:233)
	at org.apache.ratis.thirdparty.io.grpc.stub.ClientCalls.getUnchecked(ClientCalls.java:214)
	at org.apache.ratis.thirdparty.io.grpc.stub.ClientCalls.blockingUnaryCall(ClientCalls.java:139)
	at org.apache.ratis.proto.grpc.RaftServerProtocolServiceGrpc$RaftServerProtocolServiceBlockingStub.requestVote(RaftServerProtocolServiceGrpc.java:265)
	at org.apache.ratis.grpc.server.GrpcServerProtocolClient.requestVote(GrpcServerProtocolClient.java:99)
	at org.apache.ratis.grpc.server.GrpcService.requestVote(GrpcService.java:204)
	at org.apache.ratis.server.impl.LeaderElection.lambda$submitRequests$1(LeaderElection.java:234)
	at java.util.concurrent.FutureTask.run(FutureTask.java:266)
	at java.util.concurrent.Executors$RunnableAdapter.call(Executors.java:511)
	at java.util.concurrent.FutureTask.run(FutureTask.java:266)
	at java.util.concurrent.ThreadPoolExecutor.runWorker(ThreadPoolExecutor.java:1149)
	at java.util.concurrent.ThreadPoolExecutor$Worker.run(ThreadPoolExecutor.java:624)
	... 1 more
Caused by: org.apache.ratis.thirdparty.io.netty.channel.AbstractChannel$AnnotatedConnectException: Connection refused: /192.168.34.56:36658
	at sun.nio.ch.SocketChannelImpl.checkConnect(Native Method)
	at sun.nio.ch.SocketChannelImpl.finishConnect(SocketChannelImpl.java:717)
	at org.apache.ratis.thirdparty.io.netty.channel.socket.nio.NioSocketChannel.doFinishConnect(NioSocketChannel.java:327)
	at org.apache.ratis.thirdparty.io.netty.channel.nio.AbstractNioChannel$AbstractNioUnsafe.finishConnect(AbstractNioChannel.java:340)
	at org.apache.ratis.thirdparty.io.netty.channel.nio.NioEventLoop.processSelectedKey(NioEventLoop.java:632)
	at org.apache.ratis.thirdparty.io.netty.channel.nio.NioEventLoop.processSelectedKeysOptimized(NioEventLoop.java:579)
	at org.apache.ratis.thirdparty.io.netty.channel.nio.NioEventLoop.processSelectedKeys(NioEventLoop.java:496)
	at org.apache.ratis.thirdparty.io.netty.channel.nio.NioEventLoop.run(NioEventLoop.java:458)
	at org.apache.ratis.thirdparty.io.netty.util.concurrent.SingleThreadEventExecutor$5.run(SingleThreadEventExecutor.java:897)
	at org.apache.ratis.thirdparty.io.netty.util.concurrent.FastThreadLocalRunnable.run(FastThreadLocalRunnable.java:30)
	... 1 more
Caused by: java.net.ConnectException: Connection refused
	... 11 more
2019-10-18 13:02:00,844 [c124d131-afb9-4343-ad4e-aaebde613043@group-FF4202234884-LeaderElection357] INFO  impl.LeaderElection (LogUtils.java:infoOrTrace(149)) -   Exception 1: {}
java.util.concurrent.ExecutionException: org.apache.ratis.thirdparty.io.grpc.StatusRuntimeException: UNAVAILABLE: io exception
	at java.util.concurrent.FutureTask.report(FutureTask.java:122)
	at java.util.concurrent.FutureTask.get(FutureTask.java:192)
	at org.apache.ratis.server.impl.LeaderElection.waitForResults(LeaderElection.java:259)
	at org.apache.ratis.server.impl.LeaderElection.askForVotes(LeaderElection.java:197)
	at org.apache.ratis.server.impl.LeaderElection.run(LeaderElection.java:133)
	at java.lang.Thread.run(Thread.java:748)
Caused by: org.apache.ratis.thirdparty.io.grpc.StatusRuntimeException: UNAVAILABLE: io exception
	at org.apache.ratis.thirdparty.io.grpc.stub.ClientCalls.toStatusRuntimeException(ClientCalls.java:233)
	at org.apache.ratis.thirdparty.io.grpc.stub.ClientCalls.getUnchecked(ClientCalls.java:214)
	at org.apache.ratis.thirdparty.io.grpc.stub.ClientCalls.blockingUnaryCall(ClientCalls.java:139)
	at org.apache.ratis.proto.grpc.RaftServerProtocolServiceGrpc$RaftServerProtocolServiceBlockingStub.requestVote(RaftServerProtocolServiceGrpc.java:265)
	at org.apache.ratis.grpc.server.GrpcServerProtocolClient.requestVote(GrpcServerProtocolClient.java:99)
	at org.apache.ratis.grpc.server.GrpcService.requestVote(GrpcService.java:204)
	at org.apache.ratis.server.impl.LeaderElection.lambda$submitRequests$1(LeaderElection.java:234)
	at java.util.concurrent.FutureTask.run(FutureTask.java:266)
	at java.util.concurrent.Executors$RunnableAdapter.call(Executors.java:511)
	at java.util.concurrent.FutureTask.run(FutureTask.java:266)
	at java.util.concurrent.ThreadPoolExecutor.runWorker(ThreadPoolExecutor.java:1149)
	at java.util.concurrent.ThreadPoolExecutor$Worker.run(ThreadPoolExecutor.java:624)
	... 1 more
Caused by: org.apache.ratis.thirdparty.io.netty.channel.AbstractChannel$AnnotatedConnectException: Connection refused: /192.168.34.56:44872
	at sun.nio.ch.SocketChannelImpl.checkConnect(Native Method)
	at sun.nio.ch.SocketChannelImpl.finishConnect(SocketChannelImpl.java:717)
	at org.apache.ratis.thirdparty.io.netty.channel.socket.nio.NioSocketChannel.doFinishConnect(NioSocketChannel.java:327)
	at org.apache.ratis.thirdparty.io.netty.channel.nio.AbstractNioChannel$AbstractNioUnsafe.finishConnect(AbstractNioChannel.java:340)
	at org.apache.ratis.thirdparty.io.netty.channel.nio.NioEventLoop.processSelectedKey(NioEventLoop.java:632)
	at org.apache.ratis.thirdparty.io.netty.channel.nio.NioEventLoop.processSelectedKeysOptimized(NioEventLoop.java:579)
	at org.apache.ratis.thirdparty.io.netty.channel.nio.NioEventLoop.processSelectedKeys(NioEventLoop.java:496)
	at org.apache.ratis.thirdparty.io.netty.channel.nio.NioEventLoop.run(NioEventLoop.java:458)
	at org.apache.ratis.thirdparty.io.netty.util.concurrent.SingleThreadEventExecutor$5.run(SingleThreadEventExecutor.java:897)
	at org.apache.ratis.thirdparty.io.netty.util.concurrent.FastThreadLocalRunnable.run(FastThreadLocalRunnable.java:30)
	... 1 more
Caused by: java.net.ConnectException: Connection refused
	... 11 more
2019-10-18 13:02:00,844 [c124d131-afb9-4343-ad4e-aaebde613043@group-FF4202234884-LeaderElection357] INFO  impl.RaftServerImpl (RaftServerImpl.java:setRole(184)) - c124d131-afb9-4343-ad4e-aaebde613043@group-FF4202234884: changes role from CANDIDATE to FOLLOWER at term 196 for DISCOVERED_A_NEW_TERM
2019-10-18 13:02:00,844 [c124d131-afb9-4343-ad4e-aaebde613043@group-FF4202234884-LeaderElection357] INFO  impl.RoleInfo (RoleInfo.java:shutdownLeaderElection(134)) - c124d131-afb9-4343-ad4e-aaebde613043: shutdown LeaderElection
2019-10-18 13:02:00,844 [c124d131-afb9-4343-ad4e-aaebde613043@group-FF4202234884-LeaderElection357] INFO  impl.RoleInfo (RoleInfo.java:updateAndGet(143)) - c124d131-afb9-4343-ad4e-aaebde613043: start FollowerState
2019-10-18 13:02:00,852 [Thread-2830] INFO  impl.FollowerState (FollowerState.java:run(108)) - 018b3f78-d19f-4e26-a796-cb8ddc4f97cf@group-187684C21557-FollowerState: change to CANDIDATE, lastRpcTime:178ms, electionTimeout:178ms
2019-10-18 13:02:00,852 [Thread-2830] INFO  impl.RoleInfo (RoleInfo.java:shutdownFollowerState(121)) - 018b3f78-d19f-4e26-a796-cb8ddc4f97cf: shutdown FollowerState
2019-10-18 13:02:00,853 [Thread-2830] INFO  impl.RaftServerImpl (RaftServerImpl.java:setRole(184)) - 018b3f78-d19f-4e26-a796-cb8ddc4f97cf@group-187684C21557: changes role from  FOLLOWER to CANDIDATE at term 207 for changeToCandidate
2019-10-18 13:02:00,853 [Thread-2830] INFO  impl.RoleInfo (RoleInfo.java:updateAndGet(143)) - 018b3f78-d19f-4e26-a796-cb8ddc4f97cf: start LeaderElection
2019-10-18 13:02:00,876 [018b3f78-d19f-4e26-a796-cb8ddc4f97cf@group-187684C21557-LeaderElection358] INFO  impl.LeaderElection (LeaderElection.java:askForVotes(178)) - 018b3f78-d19f-4e26-a796-cb8ddc4f97cf@group-187684C21557-LeaderElection358: begin an election at term 208 for -1: [893cf03e-f2cf-478a-892a-a746717e50e3:192.168.34.56:40750, 8697df36-98d2-41b1-bdc7-60597b3b5526:192.168.34.56:46415, 018b3f78-d19f-4e26-a796-cb8ddc4f97cf:192.168.34.56:35845], old=null
2019-10-18 13:02:00,877 [018b3f78-d19f-4e26-a796-cb8ddc4f97cf@group-187684C21557-LeaderElection358] INFO  impl.LeaderElection (LogUtils.java:infoOrTrace(149)) - 018b3f78-d19f-4e26-a796-cb8ddc4f97cf@group-187684C21557-LeaderElection358 got exception when requesting votes: {}
java.util.concurrent.ExecutionException: org.apache.ratis.thirdparty.io.grpc.StatusRuntimeException: UNAVAILABLE: io exception
	at java.util.concurrent.FutureTask.report(FutureTask.java:122)
	at java.util.concurrent.FutureTask.get(FutureTask.java:192)
	at org.apache.ratis.server.impl.LeaderElection.waitForResults(LeaderElection.java:259)
	at org.apache.ratis.server.impl.LeaderElection.askForVotes(LeaderElection.java:197)
	at org.apache.ratis.server.impl.LeaderElection.run(LeaderElection.java:133)
	at java.lang.Thread.run(Thread.java:748)
Caused by: org.apache.ratis.thirdparty.io.grpc.StatusRuntimeException: UNAVAILABLE: io exception
	at org.apache.ratis.thirdparty.io.grpc.stub.ClientCalls.toStatusRuntimeException(ClientCalls.java:233)
	at org.apache.ratis.thirdparty.io.grpc.stub.ClientCalls.getUnchecked(ClientCalls.java:214)
	at org.apache.ratis.thirdparty.io.grpc.stub.ClientCalls.blockingUnaryCall(ClientCalls.java:139)
	at org.apache.ratis.proto.grpc.RaftServerProtocolServiceGrpc$RaftServerProtocolServiceBlockingStub.requestVote(RaftServerProtocolServiceGrpc.java:265)
	at org.apache.ratis.grpc.server.GrpcServerProtocolClient.requestVote(GrpcServerProtocolClient.java:99)
	at org.apache.ratis.grpc.server.GrpcService.requestVote(GrpcService.java:204)
	at org.apache.ratis.server.impl.LeaderElection.lambda$submitRequests$1(LeaderElection.java:234)
	at java.util.concurrent.FutureTask.run(FutureTask.java:266)
	at java.util.concurrent.Executors$RunnableAdapter.call(Executors.java:511)
	at java.util.concurrent.FutureTask.run(FutureTask.java:266)
	at java.util.concurrent.ThreadPoolExecutor.runWorker(ThreadPoolExecutor.java:1149)
	at java.util.concurrent.ThreadPoolExecutor$Worker.run(ThreadPoolExecutor.java:624)
	... 1 more
Caused by: org.apache.ratis.thirdparty.io.netty.channel.AbstractChannel$AnnotatedConnectException: Connection refused: /192.168.34.56:46415
	at sun.nio.ch.SocketChannelImpl.checkConnect(Native Method)
	at sun.nio.ch.SocketChannelImpl.finishConnect(SocketChannelImpl.java:717)
	at org.apache.ratis.thirdparty.io.netty.channel.socket.nio.NioSocketChannel.doFinishConnect(NioSocketChannel.java:327)
	at org.apache.ratis.thirdparty.io.netty.channel.nio.AbstractNioChannel$AbstractNioUnsafe.finishConnect(AbstractNioChannel.java:340)
	at org.apache.ratis.thirdparty.io.netty.channel.nio.NioEventLoop.processSelectedKey(NioEventLoop.java:632)
	at org.apache.ratis.thirdparty.io.netty.channel.nio.NioEventLoop.processSelectedKeysOptimized(NioEventLoop.java:579)
	at org.apache.ratis.thirdparty.io.netty.channel.nio.NioEventLoop.processSelectedKeys(NioEventLoop.java:496)
	at org.apache.ratis.thirdparty.io.netty.channel.nio.NioEventLoop.run(NioEventLoop.java:458)
	at org.apache.ratis.thirdparty.io.netty.util.concurrent.SingleThreadEventExecutor$5.run(SingleThreadEventExecutor.java:897)
	at org.apache.ratis.thirdparty.io.netty.util.concurrent.FastThreadLocalRunnable.run(FastThreadLocalRunnable.java:30)
	... 1 more
Caused by: java.net.ConnectException: Connection refused
	... 11 more
2019-10-18 13:02:00,878 [grpc-default-executor-7] INFO  impl.RaftServerImpl (RaftServerImpl.java:setRole(184)) - 893cf03e-f2cf-478a-892a-a746717e50e3@group-187684C21557: changes role from  FOLLOWER to FOLLOWER at term 208 for recognizeCandidate:018b3f78-d19f-4e26-a796-cb8ddc4f97cf
2019-10-18 13:02:00,878 [grpc-default-executor-7] INFO  impl.RoleInfo (RoleInfo.java:shutdownFollowerState(121)) - 893cf03e-f2cf-478a-892a-a746717e50e3: shutdown FollowerState
2019-10-18 13:02:00,878 [grpc-default-executor-7] INFO  impl.RoleInfo (RoleInfo.java:updateAndGet(143)) - 893cf03e-f2cf-478a-892a-a746717e50e3: start FollowerState
2019-10-18 13:02:00,878 [Thread-2829] INFO  impl.FollowerState (FollowerState.java:run(117)) - 893cf03e-f2cf-478a-892a-a746717e50e3@group-187684C21557-FollowerState was interrupted: java.lang.InterruptedException: sleep interrupted
2019-10-18 13:02:00,890 [018b3f78-d19f-4e26-a796-cb8ddc4f97cf@group-187684C21557-LeaderElection358] INFO  impl.LeaderElection (LeaderElection.java:logAndReturn(56)) - 018b3f78-d19f-4e26-a796-cb8ddc4f97cf@group-187684C21557-LeaderElection358: Election TIMEOUT; received 0 response(s) [] and 1 exception(s); 018b3f78-d19f-4e26-a796-cb8ddc4f97cf@group-187684C21557:t208, leader=null, voted=018b3f78-d19f-4e26-a796-cb8ddc4f97cf, raftlog=018b3f78-d19f-4e26-a796-cb8ddc4f97cf@group-187684C21557-SegmentedRaftLog:OPENED:c-1,f-1,i0, conf=-1: [893cf03e-f2cf-478a-892a-a746717e50e3:192.168.34.56:40750, 8697df36-98d2-41b1-bdc7-60597b3b5526:192.168.34.56:46415, 018b3f78-d19f-4e26-a796-cb8ddc4f97cf:192.168.34.56:35845], old=null
2019-10-18 13:02:00,890 [018b3f78-d19f-4e26-a796-cb8ddc4f97cf@group-187684C21557-LeaderElection358] INFO  impl.LeaderElection (LogUtils.java:infoOrTrace(149)) -   Exception 0: {}
java.util.concurrent.ExecutionException: org.apache.ratis.thirdparty.io.grpc.StatusRuntimeException: UNAVAILABLE: io exception
	at java.util.concurrent.FutureTask.report(FutureTask.java:122)
	at java.util.concurrent.FutureTask.get(FutureTask.java:192)
	at org.apache.ratis.server.impl.LeaderElection.waitForResults(LeaderElection.java:259)
	at org.apache.ratis.server.impl.LeaderElection.askForVotes(LeaderElection.java:197)
	at org.apache.ratis.server.impl.LeaderElection.run(LeaderElection.java:133)
	at java.lang.Thread.run(Thread.java:748)
Caused by: org.apache.ratis.thirdparty.io.grpc.StatusRuntimeException: UNAVAILABLE: io exception
	at org.apache.ratis.thirdparty.io.grpc.stub.ClientCalls.toStatusRuntimeException(ClientCalls.java:233)
	at org.apache.ratis.thirdparty.io.grpc.stub.ClientCalls.getUnchecked(ClientCalls.java:214)
	at org.apache.ratis.thirdparty.io.grpc.stub.ClientCalls.blockingUnaryCall(ClientCalls.java:139)
	at org.apache.ratis.proto.grpc.RaftServerProtocolServiceGrpc$RaftServerProtocolServiceBlockingStub.requestVote(RaftServerProtocolServiceGrpc.java:265)
	at org.apache.ratis.grpc.server.GrpcServerProtocolClient.requestVote(GrpcServerProtocolClient.java:99)
	at org.apache.ratis.grpc.server.GrpcService.requestVote(GrpcService.java:204)
	at org.apache.ratis.server.impl.LeaderElection.lambda$submitRequests$1(LeaderElection.java:234)
	at java.util.concurrent.FutureTask.run(FutureTask.java:266)
	at java.util.concurrent.Executors$RunnableAdapter.call(Executors.java:511)
	at java.util.concurrent.FutureTask.run(FutureTask.java:266)
	at java.util.concurrent.ThreadPoolExecutor.runWorker(ThreadPoolExecutor.java:1149)
	at java.util.concurrent.ThreadPoolExecutor$Worker.run(ThreadPoolExecutor.java:624)
	... 1 more
Caused by: org.apache.ratis.thirdparty.io.netty.channel.AbstractChannel$AnnotatedConnectException: Connection refused: /192.168.34.56:46415
	at sun.nio.ch.SocketChannelImpl.checkConnect(Native Method)
	at sun.nio.ch.SocketChannelImpl.finishConnect(SocketChannelImpl.java:717)
	at org.apache.ratis.thirdparty.io.netty.channel.socket.nio.NioSocketChannel.doFinishConnect(NioSocketChannel.java:327)
	at org.apache.ratis.thirdparty.io.netty.channel.nio.AbstractNioChannel$AbstractNioUnsafe.finishConnect(AbstractNioChannel.java:340)
	at org.apache.ratis.thirdparty.io.netty.channel.nio.NioEventLoop.processSelectedKey(NioEventLoop.java:632)
	at org.apache.ratis.thirdparty.io.netty.channel.nio.NioEventLoop.processSelectedKeysOptimized(NioEventLoop.java:579)
	at org.apache.ratis.thirdparty.io.netty.channel.nio.NioEventLoop.processSelectedKeys(NioEventLoop.java:496)
	at org.apache.ratis.thirdparty.io.netty.channel.nio.NioEventLoop.run(NioEventLoop.java:458)
	at org.apache.ratis.thirdparty.io.netty.util.concurrent.SingleThreadEventExecutor$5.run(SingleThreadEventExecutor.java:897)
	at org.apache.ratis.thirdparty.io.netty.util.concurrent.FastThreadLocalRunnable.run(FastThreadLocalRunnable.java:30)
	... 1 more
Caused by: java.net.ConnectException: Connection refused
	... 11 more
2019-10-18 13:02:00,937 [Thread-2838] INFO  impl.FollowerState (FollowerState.java:run(108)) - c124d131-afb9-4343-ad4e-aaebde613043@group-FF4202234884-FollowerState: change to CANDIDATE, lastRpcTime:92ms, electionTimeout:92ms
2019-10-18 13:02:00,937 [Thread-2838] INFO  impl.RoleInfo (RoleInfo.java:shutdownFollowerState(121)) - c124d131-afb9-4343-ad4e-aaebde613043: shutdown FollowerState
2019-10-18 13:02:00,937 [018b3f78-d19f-4e26-a796-cb8ddc4f97cf@group-187684C21557-LeaderElection358] INFO  impl.LeaderElection (LeaderElection.java:askForVotes(178)) - 018b3f78-d19f-4e26-a796-cb8ddc4f97cf@group-187684C21557-LeaderElection358: begin an election at term 209 for -1: [893cf03e-f2cf-478a-892a-a746717e50e3:192.168.34.56:40750, 8697df36-98d2-41b1-bdc7-60597b3b5526:192.168.34.56:46415, 018b3f78-d19f-4e26-a796-cb8ddc4f97cf:192.168.34.56:35845], old=null
2019-10-18 13:02:00,937 [Thread-2838] INFO  impl.RaftServerImpl (RaftServerImpl.java:setRole(184)) - c124d131-afb9-4343-ad4e-aaebde613043@group-FF4202234884: changes role from  FOLLOWER to CANDIDATE at term 196 for changeToCandidate
2019-10-18 13:02:00,937 [Thread-2838] INFO  impl.RoleInfo (RoleInfo.java:updateAndGet(143)) - c124d131-afb9-4343-ad4e-aaebde613043: start LeaderElection
2019-10-18 13:02:00,938 [018b3f78-d19f-4e26-a796-cb8ddc4f97cf@group-187684C21557-LeaderElection358] INFO  impl.LeaderElection (LogUtils.java:infoOrTrace(149)) - 018b3f78-d19f-4e26-a796-cb8ddc4f97cf@group-187684C21557-LeaderElection358 got exception when requesting votes: {}
java.util.concurrent.ExecutionException: org.apache.ratis.thirdparty.io.grpc.StatusRuntimeException: UNAVAILABLE: io exception
	at java.util.concurrent.FutureTask.report(FutureTask.java:122)
	at java.util.concurrent.FutureTask.get(FutureTask.java:192)
	at org.apache.ratis.server.impl.LeaderElection.waitForResults(LeaderElection.java:259)
	at org.apache.ratis.server.impl.LeaderElection.askForVotes(LeaderElection.java:197)
	at org.apache.ratis.server.impl.LeaderElection.run(LeaderElection.java:133)
	at java.lang.Thread.run(Thread.java:748)
Caused by: org.apache.ratis.thirdparty.io.grpc.StatusRuntimeException: UNAVAILABLE: io exception
	at org.apache.ratis.thirdparty.io.grpc.stub.ClientCalls.toStatusRuntimeException(ClientCalls.java:233)
	at org.apache.ratis.thirdparty.io.grpc.stub.ClientCalls.getUnchecked(ClientCalls.java:214)
	at org.apache.ratis.thirdparty.io.grpc.stub.ClientCalls.blockingUnaryCall(ClientCalls.java:139)
	at org.apache.ratis.proto.grpc.RaftServerProtocolServiceGrpc$RaftServerProtocolServiceBlockingStub.requestVote(RaftServerProtocolServiceGrpc.java:265)
	at org.apache.ratis.grpc.server.GrpcServerProtocolClient.requestVote(GrpcServerProtocolClient.java:99)
	at org.apache.ratis.grpc.server.GrpcService.requestVote(GrpcService.java:204)
	at org.apache.ratis.server.impl.LeaderElection.lambda$submitRequests$1(LeaderElection.java:234)
	at java.util.concurrent.FutureTask.run(FutureTask.java:266)
	at java.util.concurrent.Executors$RunnableAdapter.call(Executors.java:511)
	at java.util.concurrent.FutureTask.run(FutureTask.java:266)
	at java.util.concurrent.ThreadPoolExecutor.runWorker(ThreadPoolExecutor.java:1149)
	at java.util.concurrent.ThreadPoolExecutor$Worker.run(ThreadPoolExecutor.java:624)
	... 1 more
Caused by: org.apache.ratis.thirdparty.io.netty.channel.AbstractChannel$AnnotatedConnectException: Connection refused: /192.168.34.56:46415
	at sun.nio.ch.SocketChannelImpl.checkConnect(Native Method)
	at sun.nio.ch.SocketChannelImpl.finishConnect(SocketChannelImpl.java:717)
	at org.apache.ratis.thirdparty.io.netty.channel.socket.nio.NioSocketChannel.doFinishConnect(NioSocketChannel.java:327)
	at org.apache.ratis.thirdparty.io.netty.channel.nio.AbstractNioChannel$AbstractNioUnsafe.finishConnect(AbstractNioChannel.java:340)
	at org.apache.ratis.thirdparty.io.netty.channel.nio.NioEventLoop.processSelectedKey(NioEventLoop.java:632)
	at org.apache.ratis.thirdparty.io.netty.channel.nio.NioEventLoop.processSelectedKeysOptimized(NioEventLoop.java:579)
	at org.apache.ratis.thirdparty.io.netty.channel.nio.NioEventLoop.processSelectedKeys(NioEventLoop.java:496)
	at org.apache.ratis.thirdparty.io.netty.channel.nio.NioEventLoop.run(NioEventLoop.java:458)
	at org.apache.ratis.thirdparty.io.netty.util.concurrent.SingleThreadEventExecutor$5.run(SingleThreadEventExecutor.java:897)
	at org.apache.ratis.thirdparty.io.netty.util.concurrent.FastThreadLocalRunnable.run(FastThreadLocalRunnable.java:30)
	... 1 more
Caused by: java.net.ConnectException: Connection refused
	... 11 more
2019-10-18 13:02:00,938 [grpc-default-executor-7] INFO  impl.RaftServerImpl (RaftServerImpl.java:setRole(184)) - 893cf03e-f2cf-478a-892a-a746717e50e3@group-187684C21557: changes role from  FOLLOWER to FOLLOWER at term 209 for recognizeCandidate:018b3f78-d19f-4e26-a796-cb8ddc4f97cf
2019-10-18 13:02:00,938 [grpc-default-executor-7] INFO  impl.RoleInfo (RoleInfo.java:shutdownFollowerState(121)) - 893cf03e-f2cf-478a-892a-a746717e50e3: shutdown FollowerState
2019-10-18 13:02:00,939 [grpc-default-executor-7] INFO  impl.RoleInfo (RoleInfo.java:updateAndGet(143)) - 893cf03e-f2cf-478a-892a-a746717e50e3: start FollowerState
2019-10-18 13:02:00,939 [Thread-2842] INFO  impl.FollowerState (FollowerState.java:run(117)) - 893cf03e-f2cf-478a-892a-a746717e50e3@group-187684C21557-FollowerState was interrupted: java.lang.InterruptedException: sleep interrupted
2019-10-18 13:02:00,961 [c124d131-afb9-4343-ad4e-aaebde613043@group-FF4202234884-LeaderElection359] INFO  impl.LeaderElection (LeaderElection.java:askForVotes(178)) - c124d131-afb9-4343-ad4e-aaebde613043@group-FF4202234884-LeaderElection359: begin an election at term 197 for -1: [999343e7-0330-4874-a345-91eca72585e0:192.168.34.56:44872, c124d131-afb9-4343-ad4e-aaebde613043:192.168.34.56:42116, e5bb327f-cdd7-4e49-919e-13a4c895fddf:192.168.34.56:36658], old=null
2019-10-18 13:02:00,964 [c124d131-afb9-4343-ad4e-aaebde613043@group-FF4202234884-LeaderElection359] INFO  impl.LeaderElection (LogUtils.java:infoOrTrace(149)) - c124d131-afb9-4343-ad4e-aaebde613043@group-FF4202234884-LeaderElection359 got exception when requesting votes: {}
java.util.concurrent.ExecutionException: org.apache.ratis.thirdparty.io.grpc.StatusRuntimeException: UNAVAILABLE: io exception
	at java.util.concurrent.FutureTask.report(FutureTask.java:122)
	at java.util.concurrent.FutureTask.get(FutureTask.java:192)
	at org.apache.ratis.server.impl.LeaderElection.waitForResults(LeaderElection.java:259)
	at org.apache.ratis.server.impl.LeaderElection.askForVotes(LeaderElection.java:197)
	at org.apache.ratis.server.impl.LeaderElection.run(LeaderElection.java:133)
	at java.lang.Thread.run(Thread.java:748)
Caused by: org.apache.ratis.thirdparty.io.grpc.StatusRuntimeException: UNAVAILABLE: io exception
	at org.apache.ratis.thirdparty.io.grpc.stub.ClientCalls.toStatusRuntimeException(ClientCalls.java:233)
	at org.apache.ratis.thirdparty.io.grpc.stub.ClientCalls.getUnchecked(ClientCalls.java:214)
	at org.apache.ratis.thirdparty.io.grpc.stub.ClientCalls.blockingUnaryCall(ClientCalls.java:139)
	at org.apache.ratis.proto.grpc.RaftServerProtocolServiceGrpc$RaftServerProtocolServiceBlockingStub.requestVote(RaftServerProtocolServiceGrpc.java:265)
	at org.apache.ratis.grpc.server.GrpcServerProtocolClient.requestVote(GrpcServerProtocolClient.java:99)
	at org.apache.ratis.grpc.server.GrpcService.requestVote(GrpcService.java:204)
	at org.apache.ratis.server.impl.LeaderElection.lambda$submitRequests$1(LeaderElection.java:234)
	at java.util.concurrent.FutureTask.run(FutureTask.java:266)
	at java.util.concurrent.Executors$RunnableAdapter.call(Executors.java:511)
	at java.util.concurrent.FutureTask.run(FutureTask.java:266)
	at java.util.concurrent.ThreadPoolExecutor.runWorker(ThreadPoolExecutor.java:1149)
	at java.util.concurrent.ThreadPoolExecutor$Worker.run(ThreadPoolExecutor.java:624)
	... 1 more
Caused by: org.apache.ratis.thirdparty.io.netty.channel.AbstractChannel$AnnotatedConnectException: Connection refused: /192.168.34.56:36658
	at sun.nio.ch.SocketChannelImpl.checkConnect(Native Method)
	at sun.nio.ch.SocketChannelImpl.finishConnect(SocketChannelImpl.java:717)
	at org.apache.ratis.thirdparty.io.netty.channel.socket.nio.NioSocketChannel.doFinishConnect(NioSocketChannel.java:327)
	at org.apache.ratis.thirdparty.io.netty.channel.nio.AbstractNioChannel$AbstractNioUnsafe.finishConnect(AbstractNioChannel.java:340)
	at org.apache.ratis.thirdparty.io.netty.channel.nio.NioEventLoop.processSelectedKey(NioEventLoop.java:632)
	at org.apache.ratis.thirdparty.io.netty.channel.nio.NioEventLoop.processSelectedKeysOptimized(NioEventLoop.java:579)
	at org.apache.ratis.thirdparty.io.netty.channel.nio.NioEventLoop.processSelectedKeys(NioEventLoop.java:496)
	at org.apache.ratis.thirdparty.io.netty.channel.nio.NioEventLoop.run(NioEventLoop.java:458)
	at org.apache.ratis.thirdparty.io.netty.util.concurrent.SingleThreadEventExecutor$5.run(SingleThreadEventExecutor.java:897)
	at org.apache.ratis.thirdparty.io.netty.util.concurrent.FastThreadLocalRunnable.run(FastThreadLocalRunnable.java:30)
	... 1 more
Caused by: java.net.ConnectException: Connection refused
	... 11 more
2019-10-18 13:02:00,964 [018b3f78-d19f-4e26-a796-cb8ddc4f97cf@group-187684C21557-LeaderElection358] INFO  impl.LeaderElection (LeaderElection.java:logAndReturn(56)) - 018b3f78-d19f-4e26-a796-cb8ddc4f97cf@group-187684C21557-LeaderElection358: Election REJECTED; received 1 response(s) [018b3f78-d19f-4e26-a796-cb8ddc4f97cf<-893cf03e-f2cf-478a-892a-a746717e50e3#0:FAIL-t209] and 1 exception(s); 018b3f78-d19f-4e26-a796-cb8ddc4f97cf@group-187684C21557:t209, leader=null, voted=018b3f78-d19f-4e26-a796-cb8ddc4f97cf, raftlog=018b3f78-d19f-4e26-a796-cb8ddc4f97cf@group-187684C21557-SegmentedRaftLog:OPENED:c-1,f-1,i0, conf=-1: [893cf03e-f2cf-478a-892a-a746717e50e3:192.168.34.56:40750, 8697df36-98d2-41b1-bdc7-60597b3b5526:192.168.34.56:46415, 018b3f78-d19f-4e26-a796-cb8ddc4f97cf:192.168.34.56:35845], old=null
2019-10-18 13:02:00,964 [c124d131-afb9-4343-ad4e-aaebde613043@group-FF4202234884-LeaderElection359] INFO  impl.LeaderElection (LogUtils.java:infoOrTrace(149)) - c124d131-afb9-4343-ad4e-aaebde613043@group-FF4202234884-LeaderElection359 got exception when requesting votes: {}
java.util.concurrent.ExecutionException: org.apache.ratis.thirdparty.io.grpc.StatusRuntimeException: UNAVAILABLE: io exception
	at java.util.concurrent.FutureTask.report(FutureTask.java:122)
	at java.util.concurrent.FutureTask.get(FutureTask.java:192)
	at org.apache.ratis.server.impl.LeaderElection.waitForResults(LeaderElection.java:259)
	at org.apache.ratis.server.impl.LeaderElection.askForVotes(LeaderElection.java:197)
	at org.apache.ratis.server.impl.LeaderElection.run(LeaderElection.java:133)
	at java.lang.Thread.run(Thread.java:748)
Caused by: org.apache.ratis.thirdparty.io.grpc.StatusRuntimeException: UNAVAILABLE: io exception
	at org.apache.ratis.thirdparty.io.grpc.stub.ClientCalls.toStatusRuntimeException(ClientCalls.java:233)
	at org.apache.ratis.thirdparty.io.grpc.stub.ClientCalls.getUnchecked(ClientCalls.java:214)
	at org.apache.ratis.thirdparty.io.grpc.stub.ClientCalls.blockingUnaryCall(ClientCalls.java:139)
	at org.apache.ratis.proto.grpc.RaftServerProtocolServiceGrpc$RaftServerProtocolServiceBlockingStub.requestVote(RaftServerProtocolServiceGrpc.java:265)
	at org.apache.ratis.grpc.server.GrpcServerProtocolClient.requestVote(GrpcServerProtocolClient.java:99)
	at org.apache.ratis.grpc.server.GrpcService.requestVote(GrpcService.java:204)
	at org.apache.ratis.server.impl.LeaderElection.lambda$submitRequests$1(LeaderElection.java:234)
	at java.util.concurrent.FutureTask.run(FutureTask.java:266)
	at java.util.concurrent.Executors$RunnableAdapter.call(Executors.java:511)
	at java.util.concurrent.FutureTask.run(FutureTask.java:266)
	at java.util.concurrent.ThreadPoolExecutor.runWorker(ThreadPoolExecutor.java:1149)
	at java.util.concurrent.ThreadPoolExecutor$Worker.run(ThreadPoolExecutor.java:624)
	... 1 more
Caused by: org.apache.ratis.thirdparty.io.netty.channel.AbstractChannel$AnnotatedConnectException: Connection refused: /192.168.34.56:44872
	at sun.nio.ch.SocketChannelImpl.checkConnect(Native Method)
	at sun.nio.ch.SocketChannelImpl.finishConnect(SocketChannelImpl.java:717)
	at org.apache.ratis.thirdparty.io.netty.channel.socket.nio.NioSocketChannel.doFinishConnect(NioSocketChannel.java:327)
	at org.apache.ratis.thirdparty.io.netty.channel.nio.AbstractNioChannel$AbstractNioUnsafe.finishConnect(AbstractNioChannel.java:340)
	at org.apache.ratis.thirdparty.io.netty.channel.nio.NioEventLoop.processSelectedKey(NioEventLoop.java:632)
	at org.apache.ratis.thirdparty.io.netty.channel.nio.NioEventLoop.processSelectedKeysOptimized(NioEventLoop.java:579)
	at org.apache.ratis.thirdparty.io.netty.channel.nio.NioEventLoop.processSelectedKeys(NioEventLoop.java:496)
	at org.apache.ratis.thirdparty.io.netty.channel.nio.NioEventLoop.run(NioEventLoop.java:458)
	at org.apache.ratis.thirdparty.io.netty.util.concurrent.SingleThreadEventExecutor$5.run(SingleThreadEventExecutor.java:897)
	at org.apache.ratis.thirdparty.io.netty.util.concurrent.FastThreadLocalRunnable.run(FastThreadLocalRunnable.java:30)
	... 1 more
Caused by: java.net.ConnectException: Connection refused
	... 11 more
2019-10-18 13:02:00,964 [018b3f78-d19f-4e26-a796-cb8ddc4f97cf@group-187684C21557-LeaderElection358] INFO  impl.LeaderElection (LogUtils.java:infoOrTrace(149)) -   Exception 0: {}
java.util.concurrent.ExecutionException: org.apache.ratis.thirdparty.io.grpc.StatusRuntimeException: UNAVAILABLE: io exception
	at java.util.concurrent.FutureTask.report(FutureTask.java:122)
	at java.util.concurrent.FutureTask.get(FutureTask.java:192)
	at org.apache.ratis.server.impl.LeaderElection.waitForResults(LeaderElection.java:259)
	at org.apache.ratis.server.impl.LeaderElection.askForVotes(LeaderElection.java:197)
	at org.apache.ratis.server.impl.LeaderElection.run(LeaderElection.java:133)
	at java.lang.Thread.run(Thread.java:748)
Caused by: org.apache.ratis.thirdparty.io.grpc.StatusRuntimeException: UNAVAILABLE: io exception
	at org.apache.ratis.thirdparty.io.grpc.stub.ClientCalls.toStatusRuntimeException(ClientCalls.java:233)
	at org.apache.ratis.thirdparty.io.grpc.stub.ClientCalls.getUnchecked(ClientCalls.java:214)
	at org.apache.ratis.thirdparty.io.grpc.stub.ClientCalls.blockingUnaryCall(ClientCalls.java:139)
	at org.apache.ratis.proto.grpc.RaftServerProtocolServiceGrpc$RaftServerProtocolServiceBlockingStub.requestVote(RaftServerProtocolServiceGrpc.java:265)
	at org.apache.ratis.grpc.server.GrpcServerProtocolClient.requestVote(GrpcServerProtocolClient.java:99)
	at org.apache.ratis.grpc.server.GrpcService.requestVote(GrpcService.java:204)
	at org.apache.ratis.server.impl.LeaderElection.lambda$submitRequests$1(LeaderElection.java:234)
	at java.util.concurrent.FutureTask.run(FutureTask.java:266)
	at java.util.concurrent.Executors$RunnableAdapter.call(Executors.java:511)
	at java.util.concurrent.FutureTask.run(FutureTask.java:266)
	at java.util.concurrent.ThreadPoolExecutor.runWorker(ThreadPoolExecutor.java:1149)
	at java.util.concurrent.ThreadPoolExecutor$Worker.run(ThreadPoolExecutor.java:624)
	... 1 more
Caused by: org.apache.ratis.thirdparty.io.netty.channel.AbstractChannel$AnnotatedConnectException: Connection refused: /192.168.34.56:46415
	at sun.nio.ch.SocketChannelImpl.checkConnect(Native Method)
	at sun.nio.ch.SocketChannelImpl.finishConnect(SocketChannelImpl.java:717)
	at org.apache.ratis.thirdparty.io.netty.channel.socket.nio.NioSocketChannel.doFinishConnect(NioSocketChannel.java:327)
	at org.apache.ratis.thirdparty.io.netty.channel.nio.AbstractNioChannel$AbstractNioUnsafe.finishConnect(AbstractNioChannel.java:340)
	at org.apache.ratis.thirdparty.io.netty.channel.nio.NioEventLoop.processSelectedKey(NioEventLoop.java:632)
	at org.apache.ratis.thirdparty.io.netty.channel.nio.NioEventLoop.processSelectedKeysOptimized(NioEventLoop.java:579)
	at org.apache.ratis.thirdparty.io.netty.channel.nio.NioEventLoop.processSelectedKeys(NioEventLoop.java:496)
	at org.apache.ratis.thirdparty.io.netty.channel.nio.NioEventLoop.run(NioEventLoop.java:458)
	at org.apache.ratis.thirdparty.io.netty.util.concurrent.SingleThreadEventExecutor$5.run(SingleThreadEventExecutor.java:897)
	at org.apache.ratis.thirdparty.io.netty.util.concurrent.FastThreadLocalRunnable.run(FastThreadLocalRunnable.java:30)
	... 1 more
Caused by: java.net.ConnectException: Connection refused
	... 11 more
2019-10-18 13:02:00,965 [c124d131-afb9-4343-ad4e-aaebde613043@group-FF4202234884-LeaderElection359] INFO  impl.LeaderElection (LeaderElection.java:logAndReturn(56)) - c124d131-afb9-4343-ad4e-aaebde613043@group-FF4202234884-LeaderElection359: Election REJECTED; received 0 response(s) [] and 2 exception(s); c124d131-afb9-4343-ad4e-aaebde613043@group-FF4202234884:t197, leader=null, voted=c124d131-afb9-4343-ad4e-aaebde613043, raftlog=c124d131-afb9-4343-ad4e-aaebde613043@group-FF4202234884-SegmentedRaftLog:OPENED:c-1,f-1,i0, conf=-1: [999343e7-0330-4874-a345-91eca72585e0:192.168.34.56:44872, c124d131-afb9-4343-ad4e-aaebde613043:192.168.34.56:42116, e5bb327f-cdd7-4e49-919e-13a4c895fddf:192.168.34.56:36658], old=null
2019-10-18 13:02:00,965 [c124d131-afb9-4343-ad4e-aaebde613043@group-FF4202234884-LeaderElection359] INFO  impl.LeaderElection (LogUtils.java:infoOrTrace(149)) -   Exception 0: {}
java.util.concurrent.ExecutionException: org.apache.ratis.thirdparty.io.grpc.StatusRuntimeException: UNAVAILABLE: io exception
	at java.util.concurrent.FutureTask.report(FutureTask.java:122)
	at java.util.concurrent.FutureTask.get(FutureTask.java:192)
	at org.apache.ratis.server.impl.LeaderElection.waitForResults(LeaderElection.java:259)
	at org.apache.ratis.server.impl.LeaderElection.askForVotes(LeaderElection.java:197)
	at org.apache.ratis.server.impl.LeaderElection.run(LeaderElection.java:133)
	at java.lang.Thread.run(Thread.java:748)
Caused by: org.apache.ratis.thirdparty.io.grpc.StatusRuntimeException: UNAVAILABLE: io exception
	at org.apache.ratis.thirdparty.io.grpc.stub.ClientCalls.toStatusRuntimeException(ClientCalls.java:233)
	at org.apache.ratis.thirdparty.io.grpc.stub.ClientCalls.getUnchecked(ClientCalls.java:214)
	at org.apache.ratis.thirdparty.io.grpc.stub.ClientCalls.blockingUnaryCall(ClientCalls.java:139)
	at org.apache.ratis.proto.grpc.RaftServerProtocolServiceGrpc$RaftServerProtocolServiceBlockingStub.requestVote(RaftServerProtocolServiceGrpc.java:265)
	at org.apache.ratis.grpc.server.GrpcServerProtocolClient.requestVote(GrpcServerProtocolClient.java:99)
	at org.apache.ratis.grpc.server.GrpcService.requestVote(GrpcService.java:204)
	at org.apache.ratis.server.impl.LeaderElection.lambda$submitRequests$1(LeaderElection.java:234)
	at java.util.concurrent.FutureTask.run(FutureTask.java:266)
	at java.util.concurrent.Executors$RunnableAdapter.call(Executors.java:511)
	at java.util.concurrent.FutureTask.run(FutureTask.java:266)
	at java.util.concurrent.ThreadPoolExecutor.runWorker(ThreadPoolExecutor.java:1149)
	at java.util.concurrent.ThreadPoolExecutor$Worker.run(ThreadPoolExecutor.java:624)
	... 1 more
Caused by: org.apache.ratis.thirdparty.io.netty.channel.AbstractChannel$AnnotatedConnectException: Connection refused: /192.168.34.56:36658
	at sun.nio.ch.SocketChannelImpl.checkConnect(Native Method)
	at sun.nio.ch.SocketChannelImpl.finishConnect(SocketChannelImpl.java:717)
	at org.apache.ratis.thirdparty.io.netty.channel.socket.nio.NioSocketChannel.doFinishConnect(NioSocketChannel.java:327)
	at org.apache.ratis.thirdparty.io.netty.channel.nio.AbstractNioChannel$AbstractNioUnsafe.finishConnect(AbstractNioChannel.java:340)
	at org.apache.ratis.thirdparty.io.netty.channel.nio.NioEventLoop.processSelectedKey(NioEventLoop.java:632)
	at org.apache.ratis.thirdparty.io.netty.channel.nio.NioEventLoop.processSelectedKeysOptimized(NioEventLoop.java:579)
	at org.apache.ratis.thirdparty.io.netty.channel.nio.NioEventLoop.processSelectedKeys(NioEventLoop.java:496)
	at org.apache.ratis.thirdparty.io.netty.channel.nio.NioEventLoop.run(NioEventLoop.java:458)
	at org.apache.ratis.thirdparty.io.netty.util.concurrent.SingleThreadEventExecutor$5.run(SingleThreadEventExecutor.java:897)
	at org.apache.ratis.thirdparty.io.netty.util.concurrent.FastThreadLocalRunnable.run(FastThreadLocalRunnable.java:30)
	... 1 more
Caused by: java.net.ConnectException: Connection refused
	... 11 more
2019-10-18 13:02:00,965 [c124d131-afb9-4343-ad4e-aaebde613043@group-FF4202234884-LeaderElection359] INFO  impl.LeaderElection (LogUtils.java:infoOrTrace(149)) -   Exception 1: {}
java.util.concurrent.ExecutionException: org.apache.ratis.thirdparty.io.grpc.StatusRuntimeException: UNAVAILABLE: io exception
	at java.util.concurrent.FutureTask.report(FutureTask.java:122)
	at java.util.concurrent.FutureTask.get(FutureTask.java:192)
	at org.apache.ratis.server.impl.LeaderElection.waitForResults(LeaderElection.java:259)
	at org.apache.ratis.server.impl.LeaderElection.askForVotes(LeaderElection.java:197)
	at org.apache.ratis.server.impl.LeaderElection.run(LeaderElection.java:133)
	at java.lang.Thread.run(Thread.java:748)
Caused by: org.apache.ratis.thirdparty.io.grpc.StatusRuntimeException: UNAVAILABLE: io exception
	at org.apache.ratis.thirdparty.io.grpc.stub.ClientCalls.toStatusRuntimeException(ClientCalls.java:233)
	at org.apache.ratis.thirdparty.io.grpc.stub.ClientCalls.getUnchecked(ClientCalls.java:214)
	at org.apache.ratis.thirdparty.io.grpc.stub.ClientCalls.blockingUnaryCall(ClientCalls.java:139)
	at org.apache.ratis.proto.grpc.RaftServerProtocolServiceGrpc$RaftServerProtocolServiceBlockingStub.requestVote(RaftServerProtocolServiceGrpc.java:265)
	at org.apache.ratis.grpc.server.GrpcServerProtocolClient.requestVote(GrpcServerProtocolClient.java:99)
	at org.apache.ratis.grpc.server.GrpcService.requestVote(GrpcService.java:204)
	at org.apache.ratis.server.impl.LeaderElection.lambda$submitRequests$1(LeaderElection.java:234)
	at java.util.concurrent.FutureTask.run(FutureTask.java:266)
	at java.util.concurrent.Executors$RunnableAdapter.call(Executors.java:511)
	at java.util.concurrent.FutureTask.run(FutureTask.java:266)
	at java.util.concurrent.ThreadPoolExecutor.runWorker(ThreadPoolExecutor.java:1149)
	at java.util.concurrent.ThreadPoolExecutor$Worker.run(ThreadPoolExecutor.java:624)
	... 1 more
Caused by: org.apache.ratis.thirdparty.io.netty.channel.AbstractChannel$AnnotatedConnectException: Connection refused: /192.168.34.56:44872
	at sun.nio.ch.SocketChannelImpl.checkConnect(Native Method)
	at sun.nio.ch.SocketChannelImpl.finishConnect(SocketChannelImpl.java:717)
	at org.apache.ratis.thirdparty.io.netty.channel.socket.nio.NioSocketChannel.doFinishConnect(NioSocketChannel.java:327)
	at org.apache.ratis.thirdparty.io.netty.channel.nio.AbstractNioChannel$AbstractNioUnsafe.finishConnect(AbstractNioChannel.java:340)
	at org.apache.ratis.thirdparty.io.netty.channel.nio.NioEventLoop.processSelectedKey(NioEventLoop.java:632)
	at org.apache.ratis.thirdparty.io.netty.channel.nio.NioEventLoop.processSelectedKeysOptimized(NioEventLoop.java:579)
	at org.apache.ratis.thirdparty.io.netty.channel.nio.NioEventLoop.processSelectedKeys(NioEventLoop.java:496)
	at org.apache.ratis.thirdparty.io.netty.channel.nio.NioEventLoop.run(NioEventLoop.java:458)
	at org.apache.ratis.thirdparty.io.netty.util.concurrent.SingleThreadEventExecutor$5.run(SingleThreadEventExecutor.java:897)
	at org.apache.ratis.thirdparty.io.netty.util.concurrent.FastThreadLocalRunnable.run(FastThreadLocalRunnable.java:30)
	... 1 more
Caused by: java.net.ConnectException: Connection refused
	... 11 more
2019-10-18 13:02:00,965 [018b3f78-d19f-4e26-a796-cb8ddc4f97cf@group-187684C21557-LeaderElection358] INFO  impl.RaftServerImpl (RaftServerImpl.java:setRole(184)) - 018b3f78-d19f-4e26-a796-cb8ddc4f97cf@group-187684C21557: changes role from CANDIDATE to FOLLOWER at term 209 for DISCOVERED_A_NEW_TERM
2019-10-18 13:02:00,966 [c124d131-afb9-4343-ad4e-aaebde613043@group-FF4202234884-LeaderElection359] INFO  impl.RaftServerImpl (RaftServerImpl.java:setRole(184)) - c124d131-afb9-4343-ad4e-aaebde613043@group-FF4202234884: changes role from CANDIDATE to FOLLOWER at term 197 for DISCOVERED_A_NEW_TERM
2019-10-18 13:02:00,966 [c124d131-afb9-4343-ad4e-aaebde613043@group-FF4202234884-LeaderElection359] INFO  impl.RoleInfo (RoleInfo.java:shutdownLeaderElection(134)) - c124d131-afb9-4343-ad4e-aaebde613043: shutdown LeaderElection
2019-10-18 13:02:00,966 [018b3f78-d19f-4e26-a796-cb8ddc4f97cf@group-187684C21557-LeaderElection358] INFO  impl.RoleInfo (RoleInfo.java:shutdownLeaderElection(134)) - 018b3f78-d19f-4e26-a796-cb8ddc4f97cf: shutdown LeaderElection
2019-10-18 13:02:00,966 [c124d131-afb9-4343-ad4e-aaebde613043@group-FF4202234884-LeaderElection359] INFO  impl.RoleInfo (RoleInfo.java:updateAndGet(143)) - c124d131-afb9-4343-ad4e-aaebde613043: start FollowerState
2019-10-18 13:02:00,966 [018b3f78-d19f-4e26-a796-cb8ddc4f97cf@group-187684C21557-LeaderElection358] INFO  impl.RoleInfo (RoleInfo.java:updateAndGet(143)) - 018b3f78-d19f-4e26-a796-cb8ddc4f97cf: start FollowerState
2019-10-18 13:02:01,039 [Thread-2850] INFO  impl.FollowerState (FollowerState.java:run(108)) - 018b3f78-d19f-4e26-a796-cb8ddc4f97cf@group-187684C21557-FollowerState: change to CANDIDATE, lastRpcTime:72ms, electionTimeout:72ms
2019-10-18 13:02:01,039 [Thread-2850] INFO  impl.RoleInfo (RoleInfo.java:shutdownFollowerState(121)) - 018b3f78-d19f-4e26-a796-cb8ddc4f97cf: shutdown FollowerState
2019-10-18 13:02:01,039 [Thread-2850] INFO  impl.RaftServerImpl (RaftServerImpl.java:setRole(184)) - 018b3f78-d19f-4e26-a796-cb8ddc4f97cf@group-187684C21557: changes role from  FOLLOWER to CANDIDATE at term 209 for changeToCandidate
2019-10-18 13:02:01,039 [Thread-2850] INFO  impl.RoleInfo (RoleInfo.java:updateAndGet(143)) - 018b3f78-d19f-4e26-a796-cb8ddc4f97cf: start LeaderElection
2019-10-18 13:02:01,063 [Thread-2849] INFO  impl.FollowerState (FollowerState.java:run(108)) - c124d131-afb9-4343-ad4e-aaebde613043@group-FF4202234884-FollowerState: change to CANDIDATE, lastRpcTime:96ms, electionTimeout:96ms
2019-10-18 13:02:01,063 [Thread-2849] INFO  impl.RoleInfo (RoleInfo.java:shutdownFollowerState(121)) - c124d131-afb9-4343-ad4e-aaebde613043: shutdown FollowerState
2019-10-18 13:02:01,063 [Thread-2849] INFO  impl.RaftServerImpl (RaftServerImpl.java:setRole(184)) - c124d131-afb9-4343-ad4e-aaebde613043@group-FF4202234884: changes role from  FOLLOWER to CANDIDATE at term 197 for changeToCandidate
2019-10-18 13:02:01,063 [Thread-2849] INFO  impl.RoleInfo (RoleInfo.java:updateAndGet(143)) - c124d131-afb9-4343-ad4e-aaebde613043: start LeaderElection
2019-10-18 13:02:01,121 [018b3f78-d19f-4e26-a796-cb8ddc4f97cf@group-187684C21557-LeaderElection360] INFO  impl.LeaderElection (LeaderElection.java:askForVotes(178)) - 018b3f78-d19f-4e26-a796-cb8ddc4f97cf@group-187684C21557-LeaderElection360: begin an election at term 210 for -1: [893cf03e-f2cf-478a-892a-a746717e50e3:192.168.34.56:40750, 8697df36-98d2-41b1-bdc7-60597b3b5526:192.168.34.56:46415, 018b3f78-d19f-4e26-a796-cb8ddc4f97cf:192.168.34.56:35845], old=null
2019-10-18 13:02:01,122 [018b3f78-d19f-4e26-a796-cb8ddc4f97cf@group-187684C21557-LeaderElection360] INFO  impl.LeaderElection (LogUtils.java:infoOrTrace(149)) - 018b3f78-d19f-4e26-a796-cb8ddc4f97cf@group-187684C21557-LeaderElection360 got exception when requesting votes: {}
java.util.concurrent.ExecutionException: org.apache.ratis.thirdparty.io.grpc.StatusRuntimeException: UNAVAILABLE: io exception
	at java.util.concurrent.FutureTask.report(FutureTask.java:122)
	at java.util.concurrent.FutureTask.get(FutureTask.java:192)
	at org.apache.ratis.server.impl.LeaderElection.waitForResults(LeaderElection.java:259)
	at org.apache.ratis.server.impl.LeaderElection.askForVotes(LeaderElection.java:197)
	at org.apache.ratis.server.impl.LeaderElection.run(LeaderElection.java:133)
	at java.lang.Thread.run(Thread.java:748)
Caused by: org.apache.ratis.thirdparty.io.grpc.StatusRuntimeException: UNAVAILABLE: io exception
	at org.apache.ratis.thirdparty.io.grpc.stub.ClientCalls.toStatusRuntimeException(ClientCalls.java:233)
	at org.apache.ratis.thirdparty.io.grpc.stub.ClientCalls.getUnchecked(ClientCalls.java:214)
	at org.apache.ratis.thirdparty.io.grpc.stub.ClientCalls.blockingUnaryCall(ClientCalls.java:139)
	at org.apache.ratis.proto.grpc.RaftServerProtocolServiceGrpc$RaftServerProtocolServiceBlockingStub.requestVote(RaftServerProtocolServiceGrpc.java:265)
	at org.apache.ratis.grpc.server.GrpcServerProtocolClient.requestVote(GrpcServerProtocolClient.java:99)
	at org.apache.ratis.grpc.server.GrpcService.requestVote(GrpcService.java:204)
	at org.apache.ratis.server.impl.LeaderElection.lambda$submitRequests$1(LeaderElection.java:234)
	at java.util.concurrent.FutureTask.run(FutureTask.java:266)
	at java.util.concurrent.Executors$RunnableAdapter.call(Executors.java:511)
	at java.util.concurrent.FutureTask.run(FutureTask.java:266)
	at java.util.concurrent.ThreadPoolExecutor.runWorker(ThreadPoolExecutor.java:1149)
	at java.util.concurrent.ThreadPoolExecutor$Worker.run(ThreadPoolExecutor.java:624)
	... 1 more
Caused by: org.apache.ratis.thirdparty.io.netty.channel.AbstractChannel$AnnotatedConnectException: Connection refused: /192.168.34.56:46415
	at sun.nio.ch.SocketChannelImpl.checkConnect(Native Method)
	at sun.nio.ch.SocketChannelImpl.finishConnect(SocketChannelImpl.java:717)
	at org.apache.ratis.thirdparty.io.netty.channel.socket.nio.NioSocketChannel.doFinishConnect(NioSocketChannel.java:327)
	at org.apache.ratis.thirdparty.io.netty.channel.nio.AbstractNioChannel$AbstractNioUnsafe.finishConnect(AbstractNioChannel.java:340)
	at org.apache.ratis.thirdparty.io.netty.channel.nio.NioEventLoop.processSelectedKey(NioEventLoop.java:632)
	at org.apache.ratis.thirdparty.io.netty.channel.nio.NioEventLoop.processSelectedKeysOptimized(NioEventLoop.java:579)
	at org.apache.ratis.thirdparty.io.netty.channel.nio.NioEventLoop.processSelectedKeys(NioEventLoop.java:496)
	at org.apache.ratis.thirdparty.io.netty.channel.nio.NioEventLoop.run(NioEventLoop.java:458)
	at org.apache.ratis.thirdparty.io.netty.util.concurrent.SingleThreadEventExecutor$5.run(SingleThreadEventExecutor.java:897)
	at org.apache.ratis.thirdparty.io.netty.util.concurrent.FastThreadLocalRunnable.run(FastThreadLocalRunnable.java:30)
	... 1 more
Caused by: java.net.ConnectException: Connection refused
	... 11 more
2019-10-18 13:02:01,123 [grpc-default-executor-7] INFO  impl.RaftServerImpl (RaftServerImpl.java:setRole(184)) - 893cf03e-f2cf-478a-892a-a746717e50e3@group-187684C21557: changes role from  FOLLOWER to FOLLOWER at term 210 for recognizeCandidate:018b3f78-d19f-4e26-a796-cb8ddc4f97cf
2019-10-18 13:02:01,124 [grpc-default-executor-7] INFO  impl.RoleInfo (RoleInfo.java:shutdownFollowerState(121)) - 893cf03e-f2cf-478a-892a-a746717e50e3: shutdown FollowerState
2019-10-18 13:02:01,124 [grpc-default-executor-7] INFO  impl.RoleInfo (RoleInfo.java:updateAndGet(143)) - 893cf03e-f2cf-478a-892a-a746717e50e3: start FollowerState
2019-10-18 13:02:01,124 [Thread-2846] INFO  impl.FollowerState (FollowerState.java:run(117)) - 893cf03e-f2cf-478a-892a-a746717e50e3@group-187684C21557-FollowerState was interrupted: java.lang.InterruptedException: sleep interrupted
2019-10-18 13:02:01,135 [c124d131-afb9-4343-ad4e-aaebde613043@group-FF4202234884-LeaderElection361] INFO  impl.LeaderElection (LeaderElection.java:askForVotes(178)) - c124d131-afb9-4343-ad4e-aaebde613043@group-FF4202234884-LeaderElection361: begin an election at term 198 for -1: [999343e7-0330-4874-a345-91eca72585e0:192.168.34.56:44872, c124d131-afb9-4343-ad4e-aaebde613043:192.168.34.56:42116, e5bb327f-cdd7-4e49-919e-13a4c895fddf:192.168.34.56:36658], old=null
2019-10-18 13:02:01,135 [c124d131-afb9-4343-ad4e-aaebde613043@group-FF4202234884-LeaderElection361] INFO  impl.LeaderElection (LogUtils.java:infoOrTrace(149)) - c124d131-afb9-4343-ad4e-aaebde613043@group-FF4202234884-LeaderElection361 got exception when requesting votes: {}
java.util.concurrent.ExecutionException: org.apache.ratis.thirdparty.io.grpc.StatusRuntimeException: UNAVAILABLE: io exception
	at java.util.concurrent.FutureTask.report(FutureTask.java:122)
	at java.util.concurrent.FutureTask.get(FutureTask.java:192)
	at org.apache.ratis.server.impl.LeaderElection.waitForResults(LeaderElection.java:259)
	at org.apache.ratis.server.impl.LeaderElection.askForVotes(LeaderElection.java:197)
	at org.apache.ratis.server.impl.LeaderElection.run(LeaderElection.java:133)
	at java.lang.Thread.run(Thread.java:748)
Caused by: org.apache.ratis.thirdparty.io.grpc.StatusRuntimeException: UNAVAILABLE: io exception
	at org.apache.ratis.thirdparty.io.grpc.stub.ClientCalls.toStatusRuntimeException(ClientCalls.java:233)
	at org.apache.ratis.thirdparty.io.grpc.stub.ClientCalls.getUnchecked(ClientCalls.java:214)
	at org.apache.ratis.thirdparty.io.grpc.stub.ClientCalls.blockingUnaryCall(ClientCalls.java:139)
	at org.apache.ratis.proto.grpc.RaftServerProtocolServiceGrpc$RaftServerProtocolServiceBlockingStub.requestVote(RaftServerProtocolServiceGrpc.java:265)
	at org.apache.ratis.grpc.server.GrpcServerProtocolClient.requestVote(GrpcServerProtocolClient.java:99)
	at org.apache.ratis.grpc.server.GrpcService.requestVote(GrpcService.java:204)
	at org.apache.ratis.server.impl.LeaderElection.lambda$submitRequests$1(LeaderElection.java:234)
	at java.util.concurrent.FutureTask.run(FutureTask.java:266)
	at java.util.concurrent.Executors$RunnableAdapter.call(Executors.java:511)
	at java.util.concurrent.FutureTask.run(FutureTask.java:266)
	at java.util.concurrent.ThreadPoolExecutor.runWorker(ThreadPoolExecutor.java:1149)
	at java.util.concurrent.ThreadPoolExecutor$Worker.run(ThreadPoolExecutor.java:624)
	... 1 more
Caused by: org.apache.ratis.thirdparty.io.netty.channel.AbstractChannel$AnnotatedConnectException: Connection refused: /192.168.34.56:44872
	at sun.nio.ch.SocketChannelImpl.checkConnect(Native Method)
	at sun.nio.ch.SocketChannelImpl.finishConnect(SocketChannelImpl.java:717)
	at org.apache.ratis.thirdparty.io.netty.channel.socket.nio.NioSocketChannel.doFinishConnect(NioSocketChannel.java:327)
	at org.apache.ratis.thirdparty.io.netty.channel.nio.AbstractNioChannel$AbstractNioUnsafe.finishConnect(AbstractNioChannel.java:340)
	at org.apache.ratis.thirdparty.io.netty.channel.nio.NioEventLoop.processSelectedKey(NioEventLoop.java:632)
	at org.apache.ratis.thirdparty.io.netty.channel.nio.NioEventLoop.processSelectedKeysOptimized(NioEventLoop.java:579)
	at org.apache.ratis.thirdparty.io.netty.channel.nio.NioEventLoop.processSelectedKeys(NioEventLoop.java:496)
	at org.apache.ratis.thirdparty.io.netty.channel.nio.NioEventLoop.run(NioEventLoop.java:458)
	at org.apache.ratis.thirdparty.io.netty.util.concurrent.SingleThreadEventExecutor$5.run(SingleThreadEventExecutor.java:897)
	at org.apache.ratis.thirdparty.io.netty.util.concurrent.FastThreadLocalRunnable.run(FastThreadLocalRunnable.java:30)
	... 1 more
Caused by: java.net.ConnectException: Connection refused
	... 11 more
2019-10-18 13:02:01,136 [c124d131-afb9-4343-ad4e-aaebde613043@group-FF4202234884-LeaderElection361] INFO  impl.LeaderElection (LogUtils.java:infoOrTrace(149)) - c124d131-afb9-4343-ad4e-aaebde613043@group-FF4202234884-LeaderElection361 got exception when requesting votes: {}
java.util.concurrent.ExecutionException: org.apache.ratis.thirdparty.io.grpc.StatusRuntimeException: UNAVAILABLE: io exception
	at java.util.concurrent.FutureTask.report(FutureTask.java:122)
	at java.util.concurrent.FutureTask.get(FutureTask.java:192)
	at org.apache.ratis.server.impl.LeaderElection.waitForResults(LeaderElection.java:259)
	at org.apache.ratis.server.impl.LeaderElection.askForVotes(LeaderElection.java:197)
	at org.apache.ratis.server.impl.LeaderElection.run(LeaderElection.java:133)
	at java.lang.Thread.run(Thread.java:748)
Caused by: org.apache.ratis.thirdparty.io.grpc.StatusRuntimeException: UNAVAILABLE: io exception
	at org.apache.ratis.thirdparty.io.grpc.stub.ClientCalls.toStatusRuntimeException(ClientCalls.java:233)
	at org.apache.ratis.thirdparty.io.grpc.stub.ClientCalls.getUnchecked(ClientCalls.java:214)
	at org.apache.ratis.thirdparty.io.grpc.stub.ClientCalls.blockingUnaryCall(ClientCalls.java:139)
	at org.apache.ratis.proto.grpc.RaftServerProtocolServiceGrpc$RaftServerProtocolServiceBlockingStub.requestVote(RaftServerProtocolServiceGrpc.java:265)
	at org.apache.ratis.grpc.server.GrpcServerProtocolClient.requestVote(GrpcServerProtocolClient.java:99)
	at org.apache.ratis.grpc.server.GrpcService.requestVote(GrpcService.java:204)
	at org.apache.ratis.server.impl.LeaderElection.lambda$submitRequests$1(LeaderElection.java:234)
	at java.util.concurrent.FutureTask.run(FutureTask.java:266)
	at java.util.concurrent.Executors$RunnableAdapter.call(Executors.java:511)
	at java.util.concurrent.FutureTask.run(FutureTask.java:266)
	at java.util.concurrent.ThreadPoolExecutor.runWorker(ThreadPoolExecutor.java:1149)
	at java.util.concurrent.ThreadPoolExecutor$Worker.run(ThreadPoolExecutor.java:624)
	... 1 more
Caused by: org.apache.ratis.thirdparty.io.netty.channel.AbstractChannel$AnnotatedConnectException: Connection refused: /192.168.34.56:36658
	at sun.nio.ch.SocketChannelImpl.checkConnect(Native Method)
	at sun.nio.ch.SocketChannelImpl.finishConnect(SocketChannelImpl.java:717)
	at org.apache.ratis.thirdparty.io.netty.channel.socket.nio.NioSocketChannel.doFinishConnect(NioSocketChannel.java:327)
	at org.apache.ratis.thirdparty.io.netty.channel.nio.AbstractNioChannel$AbstractNioUnsafe.finishConnect(AbstractNioChannel.java:340)
	at org.apache.ratis.thirdparty.io.netty.channel.nio.NioEventLoop.processSelectedKey(NioEventLoop.java:632)
	at org.apache.ratis.thirdparty.io.netty.channel.nio.NioEventLoop.processSelectedKeysOptimized(NioEventLoop.java:579)
	at org.apache.ratis.thirdparty.io.netty.channel.nio.NioEventLoop.processSelectedKeys(NioEventLoop.java:496)
	at org.apache.ratis.thirdparty.io.netty.channel.nio.NioEventLoop.run(NioEventLoop.java:458)
	at org.apache.ratis.thirdparty.io.netty.util.concurrent.SingleThreadEventExecutor$5.run(SingleThreadEventExecutor.java:897)
	at org.apache.ratis.thirdparty.io.netty.util.concurrent.FastThreadLocalRunnable.run(FastThreadLocalRunnable.java:30)
	... 1 more
Caused by: java.net.ConnectException: Connection refused
	... 11 more
2019-10-18 13:02:01,136 [c124d131-afb9-4343-ad4e-aaebde613043@group-FF4202234884-LeaderElection361] INFO  impl.LeaderElection (LeaderElection.java:logAndReturn(56)) - c124d131-afb9-4343-ad4e-aaebde613043@group-FF4202234884-LeaderElection361: Election REJECTED; received 0 response(s) [] and 2 exception(s); c124d131-afb9-4343-ad4e-aaebde613043@group-FF4202234884:t198, leader=null, voted=c124d131-afb9-4343-ad4e-aaebde613043, raftlog=c124d131-afb9-4343-ad4e-aaebde613043@group-FF4202234884-SegmentedRaftLog:OPENED:c-1,f-1,i0, conf=-1: [999343e7-0330-4874-a345-91eca72585e0:192.168.34.56:44872, c124d131-afb9-4343-ad4e-aaebde613043:192.168.34.56:42116, e5bb327f-cdd7-4e49-919e-13a4c895fddf:192.168.34.56:36658], old=null
2019-10-18 13:02:01,136 [c124d131-afb9-4343-ad4e-aaebde613043@group-FF4202234884-LeaderElection361] INFO  impl.LeaderElection (LogUtils.java:infoOrTrace(149)) -   Exception 0: {}
java.util.concurrent.ExecutionException: org.apache.ratis.thirdparty.io.grpc.StatusRuntimeException: UNAVAILABLE: io exception
	at java.util.concurrent.FutureTask.report(FutureTask.java:122)
	at java.util.concurrent.FutureTask.get(FutureTask.java:192)
	at org.apache.ratis.server.impl.LeaderElection.waitForResults(LeaderElection.java:259)
	at org.apache.ratis.server.impl.LeaderElection.askForVotes(LeaderElection.java:197)
	at org.apache.ratis.server.impl.LeaderElection.run(LeaderElection.java:133)
	at java.lang.Thread.run(Thread.java:748)
Caused by: org.apache.ratis.thirdparty.io.grpc.StatusRuntimeException: UNAVAILABLE: io exception
	at org.apache.ratis.thirdparty.io.grpc.stub.ClientCalls.toStatusRuntimeException(ClientCalls.java:233)
	at org.apache.ratis.thirdparty.io.grpc.stub.ClientCalls.getUnchecked(ClientCalls.java:214)
	at org.apache.ratis.thirdparty.io.grpc.stub.ClientCalls.blockingUnaryCall(ClientCalls.java:139)
	at org.apache.ratis.proto.grpc.RaftServerProtocolServiceGrpc$RaftServerProtocolServiceBlockingStub.requestVote(RaftServerProtocolServiceGrpc.java:265)
	at org.apache.ratis.grpc.server.GrpcServerProtocolClient.requestVote(GrpcServerProtocolClient.java:99)
	at org.apache.ratis.grpc.server.GrpcService.requestVote(GrpcService.java:204)
	at org.apache.ratis.server.impl.LeaderElection.lambda$submitRequests$1(LeaderElection.java:234)
	at java.util.concurrent.FutureTask.run(FutureTask.java:266)
	at java.util.concurrent.Executors$RunnableAdapter.call(Executors.java:511)
	at java.util.concurrent.FutureTask.run(FutureTask.java:266)
	at java.util.concurrent.ThreadPoolExecutor.runWorker(ThreadPoolExecutor.java:1149)
	at java.util.concurrent.ThreadPoolExecutor$Worker.run(ThreadPoolExecutor.java:624)
	... 1 more
Caused by: org.apache.ratis.thirdparty.io.netty.channel.AbstractChannel$AnnotatedConnectException: Connection refused: /192.168.34.56:44872
	at sun.nio.ch.SocketChannelImpl.checkConnect(Native Method)
	at sun.nio.ch.SocketChannelImpl.finishConnect(SocketChannelImpl.java:717)
	at org.apache.ratis.thirdparty.io.netty.channel.socket.nio.NioSocketChannel.doFinishConnect(NioSocketChannel.java:327)
	at org.apache.ratis.thirdparty.io.netty.channel.nio.AbstractNioChannel$AbstractNioUnsafe.finishConnect(AbstractNioChannel.java:340)
	at org.apache.ratis.thirdparty.io.netty.channel.nio.NioEventLoop.processSelectedKey(NioEventLoop.java:632)
	at org.apache.ratis.thirdparty.io.netty.channel.nio.NioEventLoop.processSelectedKeysOptimized(NioEventLoop.java:579)
	at org.apache.ratis.thirdparty.io.netty.channel.nio.NioEventLoop.processSelectedKeys(NioEventLoop.java:496)
	at org.apache.ratis.thirdparty.io.netty.channel.nio.NioEventLoop.run(NioEventLoop.java:458)
	at org.apache.ratis.thirdparty.io.netty.util.concurrent.SingleThreadEventExecutor$5.run(SingleThreadEventExecutor.java:897)
	at org.apache.ratis.thirdparty.io.netty.util.concurrent.FastThreadLocalRunnable.run(FastThreadLocalRunnable.java:30)
	... 1 more
Caused by: java.net.ConnectException: Connection refused
	... 11 more
2019-10-18 13:02:01,136 [c124d131-afb9-4343-ad4e-aaebde613043@group-FF4202234884-LeaderElection361] INFO  impl.LeaderElection (LogUtils.java:infoOrTrace(149)) -   Exception 1: {}
java.util.concurrent.ExecutionException: org.apache.ratis.thirdparty.io.grpc.StatusRuntimeException: UNAVAILABLE: io exception
	at java.util.concurrent.FutureTask.report(FutureTask.java:122)
	at java.util.concurrent.FutureTask.get(FutureTask.java:192)
	at org.apache.ratis.server.impl.LeaderElection.waitForResults(LeaderElection.java:259)
	at org.apache.ratis.server.impl.LeaderElection.askForVotes(LeaderElection.java:197)
	at org.apache.ratis.server.impl.LeaderElection.run(LeaderElection.java:133)
	at java.lang.Thread.run(Thread.java:748)
Caused by: org.apache.ratis.thirdparty.io.grpc.StatusRuntimeException: UNAVAILABLE: io exception
	at org.apache.ratis.thirdparty.io.grpc.stub.ClientCalls.toStatusRuntimeException(ClientCalls.java:233)
	at org.apache.ratis.thirdparty.io.grpc.stub.ClientCalls.getUnchecked(ClientCalls.java:214)
	at org.apache.ratis.thirdparty.io.grpc.stub.ClientCalls.blockingUnaryCall(ClientCalls.java:139)
	at org.apache.ratis.proto.grpc.RaftServerProtocolServiceGrpc$RaftServerProtocolServiceBlockingStub.requestVote(RaftServerProtocolServiceGrpc.java:265)
	at org.apache.ratis.grpc.server.GrpcServerProtocolClient.requestVote(GrpcServerProtocolClient.java:99)
	at org.apache.ratis.grpc.server.GrpcService.requestVote(GrpcService.java:204)
	at org.apache.ratis.server.impl.LeaderElection.lambda$submitRequests$1(LeaderElection.java:234)
	at java.util.concurrent.FutureTask.run(FutureTask.java:266)
	at java.util.concurrent.Executors$RunnableAdapter.call(Executors.java:511)
	at java.util.concurrent.FutureTask.run(FutureTask.java:266)
	at java.util.concurrent.ThreadPoolExecutor.runWorker(ThreadPoolExecutor.java:1149)
	at java.util.concurrent.ThreadPoolExecutor$Worker.run(ThreadPoolExecutor.java:624)
	... 1 more
Caused by: org.apache.ratis.thirdparty.io.netty.channel.AbstractChannel$AnnotatedConnectException: Connection refused: /192.168.34.56:36658
	at sun.nio.ch.SocketChannelImpl.checkConnect(Native Method)
	at sun.nio.ch.SocketChannelImpl.finishConnect(SocketChannelImpl.java:717)
	at org.apache.ratis.thirdparty.io.netty.channel.socket.nio.NioSocketChannel.doFinishConnect(NioSocketChannel.java:327)
	at org.apache.ratis.thirdparty.io.netty.channel.nio.AbstractNioChannel$AbstractNioUnsafe.finishConnect(AbstractNioChannel.java:340)
	at org.apache.ratis.thirdparty.io.netty.channel.nio.NioEventLoop.processSelectedKey(NioEventLoop.java:632)
	at org.apache.ratis.thirdparty.io.netty.channel.nio.NioEventLoop.processSelectedKeysOptimized(NioEventLoop.java:579)
	at org.apache.ratis.thirdparty.io.netty.channel.nio.NioEventLoop.processSelectedKeys(NioEventLoop.java:496)
	at org.apache.ratis.thirdparty.io.netty.channel.nio.NioEventLoop.run(NioEventLoop.java:458)
	at org.apache.ratis.thirdparty.io.netty.util.concurrent.SingleThreadEventExecutor$5.run(SingleThreadEventExecutor.java:897)
	at org.apache.ratis.thirdparty.io.netty.util.concurrent.FastThreadLocalRunnable.run(FastThreadLocalRunnable.java:30)
	... 1 more
Caused by: java.net.ConnectException: Connection refused
	... 11 more
2019-10-18 13:02:01,136 [c124d131-afb9-4343-ad4e-aaebde613043@group-FF4202234884-LeaderElection361] INFO  impl.RaftServerImpl (RaftServerImpl.java:setRole(184)) - c124d131-afb9-4343-ad4e-aaebde613043@group-FF4202234884: changes role from CANDIDATE to FOLLOWER at term 198 for DISCOVERED_A_NEW_TERM
2019-10-18 13:02:01,136 [c124d131-afb9-4343-ad4e-aaebde613043@group-FF4202234884-LeaderElection361] INFO  impl.RoleInfo (RoleInfo.java:shutdownLeaderElection(134)) - c124d131-afb9-4343-ad4e-aaebde613043: shutdown LeaderElection
2019-10-18 13:02:01,136 [c124d131-afb9-4343-ad4e-aaebde613043@group-FF4202234884-LeaderElection361] INFO  impl.RoleInfo (RoleInfo.java:updateAndGet(143)) - c124d131-afb9-4343-ad4e-aaebde613043: start FollowerState
2019-10-18 13:02:01,149 [018b3f78-d19f-4e26-a796-cb8ddc4f97cf@group-187684C21557-LeaderElection360] INFO  impl.LeaderElection (LeaderElection.java:logAndReturn(56)) - 018b3f78-d19f-4e26-a796-cb8ddc4f97cf@group-187684C21557-LeaderElection360: Election REJECTED; received 1 response(s) [018b3f78-d19f-4e26-a796-cb8ddc4f97cf<-893cf03e-f2cf-478a-892a-a746717e50e3#0:FAIL-t210] and 1 exception(s); 018b3f78-d19f-4e26-a796-cb8ddc4f97cf@group-187684C21557:t210, leader=null, voted=018b3f78-d19f-4e26-a796-cb8ddc4f97cf, raftlog=018b3f78-d19f-4e26-a796-cb8ddc4f97cf@group-187684C21557-SegmentedRaftLog:OPENED:c-1,f-1,i0, conf=-1: [893cf03e-f2cf-478a-892a-a746717e50e3:192.168.34.56:40750, 8697df36-98d2-41b1-bdc7-60597b3b5526:192.168.34.56:46415, 018b3f78-d19f-4e26-a796-cb8ddc4f97cf:192.168.34.56:35845], old=null
2019-10-18 13:02:01,149 [018b3f78-d19f-4e26-a796-cb8ddc4f97cf@group-187684C21557-LeaderElection360] INFO  impl.LeaderElection (LogUtils.java:infoOrTrace(149)) -   Exception 0: {}
java.util.concurrent.ExecutionException: org.apache.ratis.thirdparty.io.grpc.StatusRuntimeException: UNAVAILABLE: io exception
	at java.util.concurrent.FutureTask.report(FutureTask.java:122)
	at java.util.concurrent.FutureTask.get(FutureTask.java:192)
	at org.apache.ratis.server.impl.LeaderElection.waitForResults(LeaderElection.java:259)
	at org.apache.ratis.server.impl.LeaderElection.askForVotes(LeaderElection.java:197)
	at org.apache.ratis.server.impl.LeaderElection.run(LeaderElection.java:133)
	at java.lang.Thread.run(Thread.java:748)
Caused by: org.apache.ratis.thirdparty.io.grpc.StatusRuntimeException: UNAVAILABLE: io exception
	at org.apache.ratis.thirdparty.io.grpc.stub.ClientCalls.toStatusRuntimeException(ClientCalls.java:233)
	at org.apache.ratis.thirdparty.io.grpc.stub.ClientCalls.getUnchecked(ClientCalls.java:214)
	at org.apache.ratis.thirdparty.io.grpc.stub.ClientCalls.blockingUnaryCall(ClientCalls.java:139)
	at org.apache.ratis.proto.grpc.RaftServerProtocolServiceGrpc$RaftServerProtocolServiceBlockingStub.requestVote(RaftServerProtocolServiceGrpc.java:265)
	at org.apache.ratis.grpc.server.GrpcServerProtocolClient.requestVote(GrpcServerProtocolClient.java:99)
	at org.apache.ratis.grpc.server.GrpcService.requestVote(GrpcService.java:204)
	at org.apache.ratis.server.impl.LeaderElection.lambda$submitRequests$1(LeaderElection.java:234)
	at java.util.concurrent.FutureTask.run(FutureTask.java:266)
	at java.util.concurrent.Executors$RunnableAdapter.call(Executors.java:511)
	at java.util.concurrent.FutureTask.run(FutureTask.java:266)
	at java.util.concurrent.ThreadPoolExecutor.runWorker(ThreadPoolExecutor.java:1149)
	at java.util.concurrent.ThreadPoolExecutor$Worker.run(ThreadPoolExecutor.java:624)
	... 1 more
Caused by: org.apache.ratis.thirdparty.io.netty.channel.AbstractChannel$AnnotatedConnectException: Connection refused: /192.168.34.56:46415
	at sun.nio.ch.SocketChannelImpl.checkConnect(Native Method)
	at sun.nio.ch.SocketChannelImpl.finishConnect(SocketChannelImpl.java:717)
	at org.apache.ratis.thirdparty.io.netty.channel.socket.nio.NioSocketChannel.doFinishConnect(NioSocketChannel.java:327)
	at org.apache.ratis.thirdparty.io.netty.channel.nio.AbstractNioChannel$AbstractNioUnsafe.finishConnect(AbstractNioChannel.java:340)
	at org.apache.ratis.thirdparty.io.netty.channel.nio.NioEventLoop.processSelectedKey(NioEventLoop.java:632)
	at org.apache.ratis.thirdparty.io.netty.channel.nio.NioEventLoop.processSelectedKeysOptimized(NioEventLoop.java:579)
	at org.apache.ratis.thirdparty.io.netty.channel.nio.NioEventLoop.processSelectedKeys(NioEventLoop.java:496)
	at org.apache.ratis.thirdparty.io.netty.channel.nio.NioEventLoop.run(NioEventLoop.java:458)
	at org.apache.ratis.thirdparty.io.netty.util.concurrent.SingleThreadEventExecutor$5.run(SingleThreadEventExecutor.java:897)
	at org.apache.ratis.thirdparty.io.netty.util.concurrent.FastThreadLocalRunnable.run(FastThreadLocalRunnable.java:30)
	... 1 more
Caused by: java.net.ConnectException: Connection refused
	... 11 more
2019-10-18 13:02:01,149 [018b3f78-d19f-4e26-a796-cb8ddc4f97cf@group-187684C21557-LeaderElection360] INFO  impl.RaftServerImpl (RaftServerImpl.java:setRole(184)) - 018b3f78-d19f-4e26-a796-cb8ddc4f97cf@group-187684C21557: changes role from CANDIDATE to FOLLOWER at term 210 for DISCOVERED_A_NEW_TERM
2019-10-18 13:02:01,149 [018b3f78-d19f-4e26-a796-cb8ddc4f97cf@group-187684C21557-LeaderElection360] INFO  impl.RoleInfo (RoleInfo.java:shutdownLeaderElection(134)) - 018b3f78-d19f-4e26-a796-cb8ddc4f97cf: shutdown LeaderElection
2019-10-18 13:02:01,150 [018b3f78-d19f-4e26-a796-cb8ddc4f97cf@group-187684C21557-LeaderElection360] INFO  impl.RoleInfo (RoleInfo.java:updateAndGet(143)) - 018b3f78-d19f-4e26-a796-cb8ddc4f97cf: start FollowerState
2019-10-18 13:02:01,189 [java.util.concurrent.ThreadPoolExecutor$Worker@7a2507ec[State = -1, empty queue]] WARN  server.GrpcLogAppender (GrpcLogAppender.java:timeoutAppendRequest(209)) - 17618ccc-f51c-4f14-92cf-842ef2c05e35@group-08BD6F798C58->32d97539-eb73-46c6-a759-05f11ff00f4c-GrpcLogAppender: appendEntries Timeout, request=17618ccc-f51c-4f14-92cf-842ef2c05e35->32d97539-eb73-46c6-a759-05f11ff00f4c#86-t10, previous=(t:10, i:19), leaderCommit=19, initializing? false, entries: <empty>
2019-10-18 13:02:01,209 [Thread-2859] INFO  impl.FollowerState (FollowerState.java:run(108)) - 018b3f78-d19f-4e26-a796-cb8ddc4f97cf@group-187684C21557-FollowerState: change to CANDIDATE, lastRpcTime:59ms, electionTimeout:59ms
2019-10-18 13:02:01,209 [Thread-2859] INFO  impl.RoleInfo (RoleInfo.java:shutdownFollowerState(121)) - 018b3f78-d19f-4e26-a796-cb8ddc4f97cf: shutdown FollowerState
2019-10-18 13:02:01,209 [Thread-2859] INFO  impl.RaftServerImpl (RaftServerImpl.java:setRole(184)) - 018b3f78-d19f-4e26-a796-cb8ddc4f97cf@group-187684C21557: changes role from  FOLLOWER to CANDIDATE at term 210 for changeToCandidate
2019-10-18 13:02:01,210 [Thread-2859] INFO  impl.RoleInfo (RoleInfo.java:updateAndGet(143)) - 018b3f78-d19f-4e26-a796-cb8ddc4f97cf: start LeaderElection
2019-10-18 13:02:01,226 [java.util.concurrent.ThreadPoolExecutor$Worker@b7e5976[State = -1, empty queue]] WARN  server.GrpcLogAppender (GrpcLogAppender.java:timeoutAppendRequest(209)) - 17618ccc-f51c-4f14-92cf-842ef2c05e35@group-08BD6F798C58->896cef04-248b-470f-8c5c-c9acb81bb157-GrpcLogAppender: appendEntries Timeout, request=17618ccc-f51c-4f14-92cf-842ef2c05e35->896cef04-248b-470f-8c5c-c9acb81bb157#88-t10, previous=(t:10, i:19), leaderCommit=19, initializing? false, entries: <empty>
2019-10-18 13:02:01,299 [Thread-2858] INFO  impl.FollowerState (FollowerState.java:run(108)) - c124d131-afb9-4343-ad4e-aaebde613043@group-FF4202234884-FollowerState: change to CANDIDATE, lastRpcTime:162ms, electionTimeout:162ms
2019-10-18 13:02:01,299 [Thread-2858] INFO  impl.RoleInfo (RoleInfo.java:shutdownFollowerState(121)) - c124d131-afb9-4343-ad4e-aaebde613043: shutdown FollowerState
2019-10-18 13:02:01,300 [Thread-2858] INFO  impl.RaftServerImpl (RaftServerImpl.java:setRole(184)) - c124d131-afb9-4343-ad4e-aaebde613043@group-FF4202234884: changes role from  FOLLOWER to CANDIDATE at term 198 for changeToCandidate
2019-10-18 13:02:01,300 [Thread-2858] INFO  impl.RoleInfo (RoleInfo.java:updateAndGet(143)) - c124d131-afb9-4343-ad4e-aaebde613043: start LeaderElection
2019-10-18 13:02:01,308 [018b3f78-d19f-4e26-a796-cb8ddc4f97cf@group-187684C21557-LeaderElection362] INFO  impl.LeaderElection (LeaderElection.java:askForVotes(178)) - 018b3f78-d19f-4e26-a796-cb8ddc4f97cf@group-187684C21557-LeaderElection362: begin an election at term 211 for -1: [893cf03e-f2cf-478a-892a-a746717e50e3:192.168.34.56:40750, 8697df36-98d2-41b1-bdc7-60597b3b5526:192.168.34.56:46415, 018b3f78-d19f-4e26-a796-cb8ddc4f97cf:192.168.34.56:35845], old=null
2019-10-18 13:02:01,309 [018b3f78-d19f-4e26-a796-cb8ddc4f97cf@group-187684C21557-LeaderElection362] INFO  impl.LeaderElection (LogUtils.java:infoOrTrace(149)) - 018b3f78-d19f-4e26-a796-cb8ddc4f97cf@group-187684C21557-LeaderElection362 got exception when requesting votes: {}
java.util.concurrent.ExecutionException: org.apache.ratis.thirdparty.io.grpc.StatusRuntimeException: UNAVAILABLE: io exception
	at java.util.concurrent.FutureTask.report(FutureTask.java:122)
	at java.util.concurrent.FutureTask.get(FutureTask.java:192)
	at org.apache.ratis.server.impl.LeaderElection.waitForResults(LeaderElection.java:259)
	at org.apache.ratis.server.impl.LeaderElection.askForVotes(LeaderElection.java:197)
	at org.apache.ratis.server.impl.LeaderElection.run(LeaderElection.java:133)
	at java.lang.Thread.run(Thread.java:748)
Caused by: org.apache.ratis.thirdparty.io.grpc.StatusRuntimeException: UNAVAILABLE: io exception
	at org.apache.ratis.thirdparty.io.grpc.stub.ClientCalls.toStatusRuntimeException(ClientCalls.java:233)
	at org.apache.ratis.thirdparty.io.grpc.stub.ClientCalls.getUnchecked(ClientCalls.java:214)
	at org.apache.ratis.thirdparty.io.grpc.stub.ClientCalls.blockingUnaryCall(ClientCalls.java:139)
	at org.apache.ratis.proto.grpc.RaftServerProtocolServiceGrpc$RaftServerProtocolServiceBlockingStub.requestVote(RaftServerProtocolServiceGrpc.java:265)
	at org.apache.ratis.grpc.server.GrpcServerProtocolClient.requestVote(GrpcServerProtocolClient.java:99)
	at org.apache.ratis.grpc.server.GrpcService.requestVote(GrpcService.java:204)
	at org.apache.ratis.server.impl.LeaderElection.lambda$submitRequests$1(LeaderElection.java:234)
	at java.util.concurrent.FutureTask.run(FutureTask.java:266)
	at java.util.concurrent.Executors$RunnableAdapter.call(Executors.java:511)
	at java.util.concurrent.FutureTask.run(FutureTask.java:266)
	at java.util.concurrent.ThreadPoolExecutor.runWorker(ThreadPoolExecutor.java:1149)
	at java.util.concurrent.ThreadPoolExecutor$Worker.run(ThreadPoolExecutor.java:624)
	... 1 more
Caused by: org.apache.ratis.thirdparty.io.netty.channel.AbstractChannel$AnnotatedConnectException: Connection refused: /192.168.34.56:46415
	at sun.nio.ch.SocketChannelImpl.checkConnect(Native Method)
	at sun.nio.ch.SocketChannelImpl.finishConnect(SocketChannelImpl.java:717)
	at org.apache.ratis.thirdparty.io.netty.channel.socket.nio.NioSocketChannel.doFinishConnect(NioSocketChannel.java:327)
	at org.apache.ratis.thirdparty.io.netty.channel.nio.AbstractNioChannel$AbstractNioUnsafe.finishConnect(AbstractNioChannel.java:340)
	at org.apache.ratis.thirdparty.io.netty.channel.nio.NioEventLoop.processSelectedKey(NioEventLoop.java:632)
	at org.apache.ratis.thirdparty.io.netty.channel.nio.NioEventLoop.processSelectedKeysOptimized(NioEventLoop.java:579)
	at org.apache.ratis.thirdparty.io.netty.channel.nio.NioEventLoop.processSelectedKeys(NioEventLoop.java:496)
	at org.apache.ratis.thirdparty.io.netty.channel.nio.NioEventLoop.run(NioEventLoop.java:458)
	at org.apache.ratis.thirdparty.io.netty.util.concurrent.SingleThreadEventExecutor$5.run(SingleThreadEventExecutor.java:897)
	at org.apache.ratis.thirdparty.io.netty.util.concurrent.FastThreadLocalRunnable.run(FastThreadLocalRunnable.java:30)
	... 1 more
Caused by: java.net.ConnectException: Connection refused
	... 11 more
2019-10-18 13:02:01,309 [grpc-default-executor-7] INFO  impl.RaftServerImpl (RaftServerImpl.java:setRole(184)) - 893cf03e-f2cf-478a-892a-a746717e50e3@group-187684C21557: changes role from  FOLLOWER to FOLLOWER at term 211 for recognizeCandidate:018b3f78-d19f-4e26-a796-cb8ddc4f97cf
2019-10-18 13:02:01,310 [grpc-default-executor-7] INFO  impl.RoleInfo (RoleInfo.java:shutdownFollowerState(121)) - 893cf03e-f2cf-478a-892a-a746717e50e3: shutdown FollowerState
2019-10-18 13:02:01,310 [grpc-default-executor-7] INFO  impl.RoleInfo (RoleInfo.java:updateAndGet(143)) - 893cf03e-f2cf-478a-892a-a746717e50e3: start FollowerState
2019-10-18 13:02:01,310 [Thread-2855] INFO  impl.FollowerState (FollowerState.java:run(117)) - 893cf03e-f2cf-478a-892a-a746717e50e3@group-187684C21557-FollowerState was interrupted: java.lang.InterruptedException: sleep interrupted
2019-10-18 13:02:01,325 [c124d131-afb9-4343-ad4e-aaebde613043@group-FF4202234884-LeaderElection363] INFO  impl.LeaderElection (LeaderElection.java:askForVotes(178)) - c124d131-afb9-4343-ad4e-aaebde613043@group-FF4202234884-LeaderElection363: begin an election at term 199 for -1: [999343e7-0330-4874-a345-91eca72585e0:192.168.34.56:44872, c124d131-afb9-4343-ad4e-aaebde613043:192.168.34.56:42116, e5bb327f-cdd7-4e49-919e-13a4c895fddf:192.168.34.56:36658], old=null
2019-10-18 13:02:01,325 [018b3f78-d19f-4e26-a796-cb8ddc4f97cf@group-187684C21557-LeaderElection362] INFO  impl.LeaderElection (LeaderElection.java:logAndReturn(56)) - 018b3f78-d19f-4e26-a796-cb8ddc4f97cf@group-187684C21557-LeaderElection362: Election REJECTED; received 1 response(s) [018b3f78-d19f-4e26-a796-cb8ddc4f97cf<-893cf03e-f2cf-478a-892a-a746717e50e3#0:FAIL-t211] and 1 exception(s); 018b3f78-d19f-4e26-a796-cb8ddc4f97cf@group-187684C21557:t211, leader=null, voted=018b3f78-d19f-4e26-a796-cb8ddc4f97cf, raftlog=018b3f78-d19f-4e26-a796-cb8ddc4f97cf@group-187684C21557-SegmentedRaftLog:OPENED:c-1,f-1,i0, conf=-1: [893cf03e-f2cf-478a-892a-a746717e50e3:192.168.34.56:40750, 8697df36-98d2-41b1-bdc7-60597b3b5526:192.168.34.56:46415, 018b3f78-d19f-4e26-a796-cb8ddc4f97cf:192.168.34.56:35845], old=null
2019-10-18 13:02:01,325 [018b3f78-d19f-4e26-a796-cb8ddc4f97cf@group-187684C21557-LeaderElection362] INFO  impl.LeaderElection (LogUtils.java:infoOrTrace(149)) -   Exception 0: {}
java.util.concurrent.ExecutionException: org.apache.ratis.thirdparty.io.grpc.StatusRuntimeException: UNAVAILABLE: io exception
	at java.util.concurrent.FutureTask.report(FutureTask.java:122)
	at java.util.concurrent.FutureTask.get(FutureTask.java:192)
	at org.apache.ratis.server.impl.LeaderElection.waitForResults(LeaderElection.java:259)
	at org.apache.ratis.server.impl.LeaderElection.askForVotes(LeaderElection.java:197)
	at org.apache.ratis.server.impl.LeaderElection.run(LeaderElection.java:133)
	at java.lang.Thread.run(Thread.java:748)
Caused by: org.apache.ratis.thirdparty.io.grpc.StatusRuntimeException: UNAVAILABLE: io exception
	at org.apache.ratis.thirdparty.io.grpc.stub.ClientCalls.toStatusRuntimeException(ClientCalls.java:233)
	at org.apache.ratis.thirdparty.io.grpc.stub.ClientCalls.getUnchecked(ClientCalls.java:214)
	at org.apache.ratis.thirdparty.io.grpc.stub.ClientCalls.blockingUnaryCall(ClientCalls.java:139)
	at org.apache.ratis.proto.grpc.RaftServerProtocolServiceGrpc$RaftServerProtocolServiceBlockingStub.requestVote(RaftServerProtocolServiceGrpc.java:265)
	at org.apache.ratis.grpc.server.GrpcServerProtocolClient.requestVote(GrpcServerProtocolClient.java:99)
	at org.apache.ratis.grpc.server.GrpcService.requestVote(GrpcService.java:204)
	at org.apache.ratis.server.impl.LeaderElection.lambda$submitRequests$1(LeaderElection.java:234)
	at java.util.concurrent.FutureTask.run(FutureTask.java:266)
	at java.util.concurrent.Executors$RunnableAdapter.call(Executors.java:511)
	at java.util.concurrent.FutureTask.run(FutureTask.java:266)
	at java.util.concurrent.ThreadPoolExecutor.runWorker(ThreadPoolExecutor.java:1149)
	at java.util.concurrent.ThreadPoolExecutor$Worker.run(ThreadPoolExecutor.java:624)
	... 1 more
Caused by: org.apache.ratis.thirdparty.io.netty.channel.AbstractChannel$AnnotatedConnectException: Connection refused: /192.168.34.56:46415
	at sun.nio.ch.SocketChannelImpl.checkConnect(Native Method)
	at sun.nio.ch.SocketChannelImpl.finishConnect(SocketChannelImpl.java:717)
	at org.apache.ratis.thirdparty.io.netty.channel.socket.nio.NioSocketChannel.doFinishConnect(NioSocketChannel.java:327)
	at org.apache.ratis.thirdparty.io.netty.channel.nio.AbstractNioChannel$AbstractNioUnsafe.finishConnect(AbstractNioChannel.java:340)
	at org.apache.ratis.thirdparty.io.netty.channel.nio.NioEventLoop.processSelectedKey(NioEventLoop.java:632)
	at org.apache.ratis.thirdparty.io.netty.channel.nio.NioEventLoop.processSelectedKeysOptimized(NioEventLoop.java:579)
	at org.apache.ratis.thirdparty.io.netty.channel.nio.NioEventLoop.processSelectedKeys(NioEventLoop.java:496)
	at org.apache.ratis.thirdparty.io.netty.channel.nio.NioEventLoop.run(NioEventLoop.java:458)
	at org.apache.ratis.thirdparty.io.netty.util.concurrent.SingleThreadEventExecutor$5.run(SingleThreadEventExecutor.java:897)
	at org.apache.ratis.thirdparty.io.netty.util.concurrent.FastThreadLocalRunnable.run(FastThreadLocalRunnable.java:30)
	... 1 more
Caused by: java.net.ConnectException: Connection refused
	... 11 more
2019-10-18 13:02:01,325 [c124d131-afb9-4343-ad4e-aaebde613043@group-FF4202234884-LeaderElection363] INFO  impl.LeaderElection (LogUtils.java:infoOrTrace(149)) - c124d131-afb9-4343-ad4e-aaebde613043@group-FF4202234884-LeaderElection363 got exception when requesting votes: {}
java.util.concurrent.ExecutionException: org.apache.ratis.thirdparty.io.grpc.StatusRuntimeException: UNAVAILABLE: io exception
	at java.util.concurrent.FutureTask.report(FutureTask.java:122)
	at java.util.concurrent.FutureTask.get(FutureTask.java:192)
	at org.apache.ratis.server.impl.LeaderElection.waitForResults(LeaderElection.java:259)
	at org.apache.ratis.server.impl.LeaderElection.askForVotes(LeaderElection.java:197)
	at org.apache.ratis.server.impl.LeaderElection.run(LeaderElection.java:133)
	at java.lang.Thread.run(Thread.java:748)
Caused by: org.apache.ratis.thirdparty.io.grpc.StatusRuntimeException: UNAVAILABLE: io exception
	at org.apache.ratis.thirdparty.io.grpc.stub.ClientCalls.toStatusRuntimeException(ClientCalls.java:233)
	at org.apache.ratis.thirdparty.io.grpc.stub.ClientCalls.getUnchecked(ClientCalls.java:214)
	at org.apache.ratis.thirdparty.io.grpc.stub.ClientCalls.blockingUnaryCall(ClientCalls.java:139)
	at org.apache.ratis.proto.grpc.RaftServerProtocolServiceGrpc$RaftServerProtocolServiceBlockingStub.requestVote(RaftServerProtocolServiceGrpc.java:265)
	at org.apache.ratis.grpc.server.GrpcServerProtocolClient.requestVote(GrpcServerProtocolClient.java:99)
	at org.apache.ratis.grpc.server.GrpcService.requestVote(GrpcService.java:204)
	at org.apache.ratis.server.impl.LeaderElection.lambda$submitRequests$1(LeaderElection.java:234)
	at java.util.concurrent.FutureTask.run(FutureTask.java:266)
	at java.util.concurrent.Executors$RunnableAdapter.call(Executors.java:511)
	at java.util.concurrent.FutureTask.run(FutureTask.java:266)
	at java.util.concurrent.ThreadPoolExecutor.runWorker(ThreadPoolExecutor.java:1149)
	at java.util.concurrent.ThreadPoolExecutor$Worker.run(ThreadPoolExecutor.java:624)
	... 1 more
Caused by: org.apache.ratis.thirdparty.io.netty.channel.AbstractChannel$AnnotatedConnectException: Connection refused: /192.168.34.56:44872
	at sun.nio.ch.SocketChannelImpl.checkConnect(Native Method)
	at sun.nio.ch.SocketChannelImpl.finishConnect(SocketChannelImpl.java:717)
	at org.apache.ratis.thirdparty.io.netty.channel.socket.nio.NioSocketChannel.doFinishConnect(NioSocketChannel.java:327)
	at org.apache.ratis.thirdparty.io.netty.channel.nio.AbstractNioChannel$AbstractNioUnsafe.finishConnect(AbstractNioChannel.java:340)
	at org.apache.ratis.thirdparty.io.netty.channel.nio.NioEventLoop.processSelectedKey(NioEventLoop.java:632)
	at org.apache.ratis.thirdparty.io.netty.channel.nio.NioEventLoop.processSelectedKeysOptimized(NioEventLoop.java:579)
	at org.apache.ratis.thirdparty.io.netty.channel.nio.NioEventLoop.processSelectedKeys(NioEventLoop.java:496)
	at org.apache.ratis.thirdparty.io.netty.channel.nio.NioEventLoop.run(NioEventLoop.java:458)
	at org.apache.ratis.thirdparty.io.netty.util.concurrent.SingleThreadEventExecutor$5.run(SingleThreadEventExecutor.java:897)
	at org.apache.ratis.thirdparty.io.netty.util.concurrent.FastThreadLocalRunnable.run(FastThreadLocalRunnable.java:30)
	... 1 more
Caused by: java.net.ConnectException: Connection refused
	... 11 more
2019-10-18 13:02:01,326 [018b3f78-d19f-4e26-a796-cb8ddc4f97cf@group-187684C21557-LeaderElection362] INFO  impl.RaftServerImpl (RaftServerImpl.java:setRole(184)) - 018b3f78-d19f-4e26-a796-cb8ddc4f97cf@group-187684C21557: changes role from CANDIDATE to FOLLOWER at term 211 for DISCOVERED_A_NEW_TERM
2019-10-18 13:02:01,326 [c124d131-afb9-4343-ad4e-aaebde613043@group-FF4202234884-LeaderElection363] INFO  impl.LeaderElection (LogUtils.java:infoOrTrace(149)) - c124d131-afb9-4343-ad4e-aaebde613043@group-FF4202234884-LeaderElection363 got exception when requesting votes: {}
java.util.concurrent.ExecutionException: org.apache.ratis.thirdparty.io.grpc.StatusRuntimeException: UNAVAILABLE: io exception
	at java.util.concurrent.FutureTask.report(FutureTask.java:122)
	at java.util.concurrent.FutureTask.get(FutureTask.java:192)
	at org.apache.ratis.server.impl.LeaderElection.waitForResults(LeaderElection.java:259)
	at org.apache.ratis.server.impl.LeaderElection.askForVotes(LeaderElection.java:197)
	at org.apache.ratis.server.impl.LeaderElection.run(LeaderElection.java:133)
	at java.lang.Thread.run(Thread.java:748)
Caused by: org.apache.ratis.thirdparty.io.grpc.StatusRuntimeException: UNAVAILABLE: io exception
	at org.apache.ratis.thirdparty.io.grpc.stub.ClientCalls.toStatusRuntimeException(ClientCalls.java:233)
	at org.apache.ratis.thirdparty.io.grpc.stub.ClientCalls.getUnchecked(ClientCalls.java:214)
	at org.apache.ratis.thirdparty.io.grpc.stub.ClientCalls.blockingUnaryCall(ClientCalls.java:139)
	at org.apache.ratis.proto.grpc.RaftServerProtocolServiceGrpc$RaftServerProtocolServiceBlockingStub.requestVote(RaftServerProtocolServiceGrpc.java:265)
	at org.apache.ratis.grpc.server.GrpcServerProtocolClient.requestVote(GrpcServerProtocolClient.java:99)
	at org.apache.ratis.grpc.server.GrpcService.requestVote(GrpcService.java:204)
	at org.apache.ratis.server.impl.LeaderElection.lambda$submitRequests$1(LeaderElection.java:234)
	at java.util.concurrent.FutureTask.run(FutureTask.java:266)
	at java.util.concurrent.Executors$RunnableAdapter.call(Executors.java:511)
	at java.util.concurrent.FutureTask.run(FutureTask.java:266)
	at java.util.concurrent.ThreadPoolExecutor.runWorker(ThreadPoolExecutor.java:1149)
	at java.util.concurrent.ThreadPoolExecutor$Worker.run(ThreadPoolExecutor.java:624)
	... 1 more
Caused by: org.apache.ratis.thirdparty.io.netty.channel.AbstractChannel$AnnotatedConnectException: Connection refused: /192.168.34.56:36658
	at sun.nio.ch.SocketChannelImpl.checkConnect(Native Method)
	at sun.nio.ch.SocketChannelImpl.finishConnect(SocketChannelImpl.java:717)
	at org.apache.ratis.thirdparty.io.netty.channel.socket.nio.NioSocketChannel.doFinishConnect(NioSocketChannel.java:327)
	at org.apache.ratis.thirdparty.io.netty.channel.nio.AbstractNioChannel$AbstractNioUnsafe.finishConnect(AbstractNioChannel.java:340)
	at org.apache.ratis.thirdparty.io.netty.channel.nio.NioEventLoop.processSelectedKey(NioEventLoop.java:632)
	at org.apache.ratis.thirdparty.io.netty.channel.nio.NioEventLoop.processSelectedKeysOptimized(NioEventLoop.java:579)
	at org.apache.ratis.thirdparty.io.netty.channel.nio.NioEventLoop.processSelectedKeys(NioEventLoop.java:496)
	at org.apache.ratis.thirdparty.io.netty.channel.nio.NioEventLoop.run(NioEventLoop.java:458)
	at org.apache.ratis.thirdparty.io.netty.util.concurrent.SingleThreadEventExecutor$5.run(SingleThreadEventExecutor.java:897)
	at org.apache.ratis.thirdparty.io.netty.util.concurrent.FastThreadLocalRunnable.run(FastThreadLocalRunnable.java:30)
	... 1 more
Caused by: java.net.ConnectException: Connection refused
	... 11 more
2019-10-18 13:02:01,326 [018b3f78-d19f-4e26-a796-cb8ddc4f97cf@group-187684C21557-LeaderElection362] INFO  impl.RoleInfo (RoleInfo.java:shutdownLeaderElection(134)) - 018b3f78-d19f-4e26-a796-cb8ddc4f97cf: shutdown LeaderElection
2019-10-18 13:02:01,326 [c124d131-afb9-4343-ad4e-aaebde613043@group-FF4202234884-LeaderElection363] INFO  impl.LeaderElection (LeaderElection.java:logAndReturn(56)) - c124d131-afb9-4343-ad4e-aaebde613043@group-FF4202234884-LeaderElection363: Election REJECTED; received 0 response(s) [] and 2 exception(s); c124d131-afb9-4343-ad4e-aaebde613043@group-FF4202234884:t199, leader=null, voted=c124d131-afb9-4343-ad4e-aaebde613043, raftlog=c124d131-afb9-4343-ad4e-aaebde613043@group-FF4202234884-SegmentedRaftLog:OPENED:c-1,f-1,i0, conf=-1: [999343e7-0330-4874-a345-91eca72585e0:192.168.34.56:44872, c124d131-afb9-4343-ad4e-aaebde613043:192.168.34.56:42116, e5bb327f-cdd7-4e49-919e-13a4c895fddf:192.168.34.56:36658], old=null
2019-10-18 13:02:01,326 [018b3f78-d19f-4e26-a796-cb8ddc4f97cf@group-187684C21557-LeaderElection362] INFO  impl.RoleInfo (RoleInfo.java:updateAndGet(143)) - 018b3f78-d19f-4e26-a796-cb8ddc4f97cf: start FollowerState
2019-10-18 13:02:01,326 [c124d131-afb9-4343-ad4e-aaebde613043@group-FF4202234884-LeaderElection363] INFO  impl.LeaderElection (LogUtils.java:infoOrTrace(149)) -   Exception 0: {}
java.util.concurrent.ExecutionException: org.apache.ratis.thirdparty.io.grpc.StatusRuntimeException: UNAVAILABLE: io exception
	at java.util.concurrent.FutureTask.report(FutureTask.java:122)
	at java.util.concurrent.FutureTask.get(FutureTask.java:192)
	at org.apache.ratis.server.impl.LeaderElection.waitForResults(LeaderElection.java:259)
	at org.apache.ratis.server.impl.LeaderElection.askForVotes(LeaderElection.java:197)
	at org.apache.ratis.server.impl.LeaderElection.run(LeaderElection.java:133)
	at java.lang.Thread.run(Thread.java:748)
Caused by: org.apache.ratis.thirdparty.io.grpc.StatusRuntimeException: UNAVAILABLE: io exception
	at org.apache.ratis.thirdparty.io.grpc.stub.ClientCalls.toStatusRuntimeException(ClientCalls.java:233)
	at org.apache.ratis.thirdparty.io.grpc.stub.ClientCalls.getUnchecked(ClientCalls.java:214)
	at org.apache.ratis.thirdparty.io.grpc.stub.ClientCalls.blockingUnaryCall(ClientCalls.java:139)
	at org.apache.ratis.proto.grpc.RaftServerProtocolServiceGrpc$RaftServerProtocolServiceBlockingStub.requestVote(RaftServerProtocolServiceGrpc.java:265)
	at org.apache.ratis.grpc.server.GrpcServerProtocolClient.requestVote(GrpcServerProtocolClient.java:99)
	at org.apache.ratis.grpc.server.GrpcService.requestVote(GrpcService.java:204)
	at org.apache.ratis.server.impl.LeaderElection.lambda$submitRequests$1(LeaderElection.java:234)
	at java.util.concurrent.FutureTask.run(FutureTask.java:266)
	at java.util.concurrent.Executors$RunnableAdapter.call(Executors.java:511)
	at java.util.concurrent.FutureTask.run(FutureTask.java:266)
	at java.util.concurrent.ThreadPoolExecutor.runWorker(ThreadPoolExecutor.java:1149)
	at java.util.concurrent.ThreadPoolExecutor$Worker.run(ThreadPoolExecutor.java:624)
	... 1 more
Caused by: org.apache.ratis.thirdparty.io.netty.channel.AbstractChannel$AnnotatedConnectException: Connection refused: /192.168.34.56:44872
	at sun.nio.ch.SocketChannelImpl.checkConnect(Native Method)
	at sun.nio.ch.SocketChannelImpl.finishConnect(SocketChannelImpl.java:717)
	at org.apache.ratis.thirdparty.io.netty.channel.socket.nio.NioSocketChannel.doFinishConnect(NioSocketChannel.java:327)
	at org.apache.ratis.thirdparty.io.netty.channel.nio.AbstractNioChannel$AbstractNioUnsafe.finishConnect(AbstractNioChannel.java:340)
	at org.apache.ratis.thirdparty.io.netty.channel.nio.NioEventLoop.processSelectedKey(NioEventLoop.java:632)
	at org.apache.ratis.thirdparty.io.netty.channel.nio.NioEventLoop.processSelectedKeysOptimized(NioEventLoop.java:579)
	at org.apache.ratis.thirdparty.io.netty.channel.nio.NioEventLoop.processSelectedKeys(NioEventLoop.java:496)
	at org.apache.ratis.thirdparty.io.netty.channel.nio.NioEventLoop.run(NioEventLoop.java:458)
	at org.apache.ratis.thirdparty.io.netty.util.concurrent.SingleThreadEventExecutor$5.run(SingleThreadEventExecutor.java:897)
	at org.apache.ratis.thirdparty.io.netty.util.concurrent.FastThreadLocalRunnable.run(FastThreadLocalRunnable.java:30)
	... 1 more
Caused by: java.net.ConnectException: Connection refused
	... 11 more
2019-10-18 13:02:01,327 [c124d131-afb9-4343-ad4e-aaebde613043@group-FF4202234884-LeaderElection363] INFO  impl.LeaderElection (LogUtils.java:infoOrTrace(149)) -   Exception 1: {}
java.util.concurrent.ExecutionException: org.apache.ratis.thirdparty.io.grpc.StatusRuntimeException: UNAVAILABLE: io exception
	at java.util.concurrent.FutureTask.report(FutureTask.java:122)
	at java.util.concurrent.FutureTask.get(FutureTask.java:192)
	at org.apache.ratis.server.impl.LeaderElection.waitForResults(LeaderElection.java:259)
	at org.apache.ratis.server.impl.LeaderElection.askForVotes(LeaderElection.java:197)
	at org.apache.ratis.server.impl.LeaderElection.run(LeaderElection.java:133)
	at java.lang.Thread.run(Thread.java:748)
Caused by: org.apache.ratis.thirdparty.io.grpc.StatusRuntimeException: UNAVAILABLE: io exception
	at org.apache.ratis.thirdparty.io.grpc.stub.ClientCalls.toStatusRuntimeException(ClientCalls.java:233)
	at org.apache.ratis.thirdparty.io.grpc.stub.ClientCalls.getUnchecked(ClientCalls.java:214)
	at org.apache.ratis.thirdparty.io.grpc.stub.ClientCalls.blockingUnaryCall(ClientCalls.java:139)
	at org.apache.ratis.proto.grpc.RaftServerProtocolServiceGrpc$RaftServerProtocolServiceBlockingStub.requestVote(RaftServerProtocolServiceGrpc.java:265)
	at org.apache.ratis.grpc.server.GrpcServerProtocolClient.requestVote(GrpcServerProtocolClient.java:99)
	at org.apache.ratis.grpc.server.GrpcService.requestVote(GrpcService.java:204)
	at org.apache.ratis.server.impl.LeaderElection.lambda$submitRequests$1(LeaderElection.java:234)
	at java.util.concurrent.FutureTask.run(FutureTask.java:266)
	at java.util.concurrent.Executors$RunnableAdapter.call(Executors.java:511)
	at java.util.concurrent.FutureTask.run(FutureTask.java:266)
	at java.util.concurrent.ThreadPoolExecutor.runWorker(ThreadPoolExecutor.java:1149)
	at java.util.concurrent.ThreadPoolExecutor$Worker.run(ThreadPoolExecutor.java:624)
	... 1 more
Caused by: org.apache.ratis.thirdparty.io.netty.channel.AbstractChannel$AnnotatedConnectException: Connection refused: /192.168.34.56:36658
	at sun.nio.ch.SocketChannelImpl.checkConnect(Native Method)
	at sun.nio.ch.SocketChannelImpl.finishConnect(SocketChannelImpl.java:717)
	at org.apache.ratis.thirdparty.io.netty.channel.socket.nio.NioSocketChannel.doFinishConnect(NioSocketChannel.java:327)
	at org.apache.ratis.thirdparty.io.netty.channel.nio.AbstractNioChannel$AbstractNioUnsafe.finishConnect(AbstractNioChannel.java:340)
	at org.apache.ratis.thirdparty.io.netty.channel.nio.NioEventLoop.processSelectedKey(NioEventLoop.java:632)
	at org.apache.ratis.thirdparty.io.netty.channel.nio.NioEventLoop.processSelectedKeysOptimized(NioEventLoop.java:579)
	at org.apache.ratis.thirdparty.io.netty.channel.nio.NioEventLoop.processSelectedKeys(NioEventLoop.java:496)
	at org.apache.ratis.thirdparty.io.netty.channel.nio.NioEventLoop.run(NioEventLoop.java:458)
	at org.apache.ratis.thirdparty.io.netty.util.concurrent.SingleThreadEventExecutor$5.run(SingleThreadEventExecutor.java:897)
	at org.apache.ratis.thirdparty.io.netty.util.concurrent.FastThreadLocalRunnable.run(FastThreadLocalRunnable.java:30)
	... 1 more
Caused by: java.net.ConnectException: Connection refused
	... 11 more
2019-10-18 13:02:01,327 [c124d131-afb9-4343-ad4e-aaebde613043@group-FF4202234884-LeaderElection363] INFO  impl.RaftServerImpl (RaftServerImpl.java:setRole(184)) - c124d131-afb9-4343-ad4e-aaebde613043@group-FF4202234884: changes role from CANDIDATE to FOLLOWER at term 199 for DISCOVERED_A_NEW_TERM
2019-10-18 13:02:01,327 [c124d131-afb9-4343-ad4e-aaebde613043@group-FF4202234884-LeaderElection363] INFO  impl.RoleInfo (RoleInfo.java:shutdownLeaderElection(134)) - c124d131-afb9-4343-ad4e-aaebde613043: shutdown LeaderElection
2019-10-18 13:02:01,327 [c124d131-afb9-4343-ad4e-aaebde613043@group-FF4202234884-LeaderElection363] INFO  impl.RoleInfo (RoleInfo.java:updateAndGet(143)) - c124d131-afb9-4343-ad4e-aaebde613043: start FollowerState
2019-10-18 13:02:01,340 [Thread-2868] INFO  impl.FollowerState (FollowerState.java:run(108)) - c124d131-afb9-4343-ad4e-aaebde613043@group-FF4202234884-FollowerState: change to CANDIDATE, lastRpcTime:12ms, electionTimeout:12ms
2019-10-18 13:02:01,340 [Thread-2868] INFO  impl.RoleInfo (RoleInfo.java:shutdownFollowerState(121)) - c124d131-afb9-4343-ad4e-aaebde613043: shutdown FollowerState
2019-10-18 13:02:01,340 [Thread-2868] INFO  impl.RaftServerImpl (RaftServerImpl.java:setRole(184)) - c124d131-afb9-4343-ad4e-aaebde613043@group-FF4202234884: changes role from  FOLLOWER to CANDIDATE at term 199 for changeToCandidate
2019-10-18 13:02:01,340 [Thread-2868] INFO  impl.RoleInfo (RoleInfo.java:updateAndGet(143)) - c124d131-afb9-4343-ad4e-aaebde613043: start LeaderElection
2019-10-18 13:02:01,363 [c124d131-afb9-4343-ad4e-aaebde613043@group-FF4202234884-LeaderElection364] INFO  impl.LeaderElection (LeaderElection.java:askForVotes(178)) - c124d131-afb9-4343-ad4e-aaebde613043@group-FF4202234884-LeaderElection364: begin an election at term 200 for -1: [999343e7-0330-4874-a345-91eca72585e0:192.168.34.56:44872, c124d131-afb9-4343-ad4e-aaebde613043:192.168.34.56:42116, e5bb327f-cdd7-4e49-919e-13a4c895fddf:192.168.34.56:36658], old=null
2019-10-18 13:02:01,364 [c124d131-afb9-4343-ad4e-aaebde613043@group-FF4202234884-LeaderElection364] INFO  impl.LeaderElection (LogUtils.java:infoOrTrace(149)) - c124d131-afb9-4343-ad4e-aaebde613043@group-FF4202234884-LeaderElection364 got exception when requesting votes: {}
java.util.concurrent.ExecutionException: org.apache.ratis.thirdparty.io.grpc.StatusRuntimeException: UNAVAILABLE: io exception
	at java.util.concurrent.FutureTask.report(FutureTask.java:122)
	at java.util.concurrent.FutureTask.get(FutureTask.java:192)
	at org.apache.ratis.server.impl.LeaderElection.waitForResults(LeaderElection.java:259)
	at org.apache.ratis.server.impl.LeaderElection.askForVotes(LeaderElection.java:197)
	at org.apache.ratis.server.impl.LeaderElection.run(LeaderElection.java:133)
	at java.lang.Thread.run(Thread.java:748)
Caused by: org.apache.ratis.thirdparty.io.grpc.StatusRuntimeException: UNAVAILABLE: io exception
	at org.apache.ratis.thirdparty.io.grpc.stub.ClientCalls.toStatusRuntimeException(ClientCalls.java:233)
	at org.apache.ratis.thirdparty.io.grpc.stub.ClientCalls.getUnchecked(ClientCalls.java:214)
	at org.apache.ratis.thirdparty.io.grpc.stub.ClientCalls.blockingUnaryCall(ClientCalls.java:139)
	at org.apache.ratis.proto.grpc.RaftServerProtocolServiceGrpc$RaftServerProtocolServiceBlockingStub.requestVote(RaftServerProtocolServiceGrpc.java:265)
	at org.apache.ratis.grpc.server.GrpcServerProtocolClient.requestVote(GrpcServerProtocolClient.java:99)
	at org.apache.ratis.grpc.server.GrpcService.requestVote(GrpcService.java:204)
	at org.apache.ratis.server.impl.LeaderElection.lambda$submitRequests$1(LeaderElection.java:234)
	at java.util.concurrent.FutureTask.run(FutureTask.java:266)
	at java.util.concurrent.Executors$RunnableAdapter.call(Executors.java:511)
	at java.util.concurrent.FutureTask.run(FutureTask.java:266)
	at java.util.concurrent.ThreadPoolExecutor.runWorker(ThreadPoolExecutor.java:1149)
	at java.util.concurrent.ThreadPoolExecutor$Worker.run(ThreadPoolExecutor.java:624)
	... 1 more
Caused by: org.apache.ratis.thirdparty.io.netty.channel.AbstractChannel$AnnotatedConnectException: Connection refused: /192.168.34.56:44872
	at sun.nio.ch.SocketChannelImpl.checkConnect(Native Method)
	at sun.nio.ch.SocketChannelImpl.finishConnect(SocketChannelImpl.java:717)
	at org.apache.ratis.thirdparty.io.netty.channel.socket.nio.NioSocketChannel.doFinishConnect(NioSocketChannel.java:327)
	at org.apache.ratis.thirdparty.io.netty.channel.nio.AbstractNioChannel$AbstractNioUnsafe.finishConnect(AbstractNioChannel.java:340)
	at org.apache.ratis.thirdparty.io.netty.channel.nio.NioEventLoop.processSelectedKey(NioEventLoop.java:632)
	at org.apache.ratis.thirdparty.io.netty.channel.nio.NioEventLoop.processSelectedKeysOptimized(NioEventLoop.java:579)
	at org.apache.ratis.thirdparty.io.netty.channel.nio.NioEventLoop.processSelectedKeys(NioEventLoop.java:496)
	at org.apache.ratis.thirdparty.io.netty.channel.nio.NioEventLoop.run(NioEventLoop.java:458)
	at org.apache.ratis.thirdparty.io.netty.util.concurrent.SingleThreadEventExecutor$5.run(SingleThreadEventExecutor.java:897)
	at org.apache.ratis.thirdparty.io.netty.util.concurrent.FastThreadLocalRunnable.run(FastThreadLocalRunnable.java:30)
	... 1 more
Caused by: java.net.ConnectException: Connection refused
	... 11 more
2019-10-18 13:02:01,364 [c124d131-afb9-4343-ad4e-aaebde613043@group-FF4202234884-LeaderElection364] INFO  impl.LeaderElection (LogUtils.java:infoOrTrace(149)) - c124d131-afb9-4343-ad4e-aaebde613043@group-FF4202234884-LeaderElection364 got exception when requesting votes: {}
java.util.concurrent.ExecutionException: org.apache.ratis.thirdparty.io.grpc.StatusRuntimeException: UNAVAILABLE: io exception
	at java.util.concurrent.FutureTask.report(FutureTask.java:122)
	at java.util.concurrent.FutureTask.get(FutureTask.java:192)
	at org.apache.ratis.server.impl.LeaderElection.waitForResults(LeaderElection.java:259)
	at org.apache.ratis.server.impl.LeaderElection.askForVotes(LeaderElection.java:197)
	at org.apache.ratis.server.impl.LeaderElection.run(LeaderElection.java:133)
	at java.lang.Thread.run(Thread.java:748)
Caused by: org.apache.ratis.thirdparty.io.grpc.StatusRuntimeException: UNAVAILABLE: io exception
	at org.apache.ratis.thirdparty.io.grpc.stub.ClientCalls.toStatusRuntimeException(ClientCalls.java:233)
	at org.apache.ratis.thirdparty.io.grpc.stub.ClientCalls.getUnchecked(ClientCalls.java:214)
	at org.apache.ratis.thirdparty.io.grpc.stub.ClientCalls.blockingUnaryCall(ClientCalls.java:139)
	at org.apache.ratis.proto.grpc.RaftServerProtocolServiceGrpc$RaftServerProtocolServiceBlockingStub.requestVote(RaftServerProtocolServiceGrpc.java:265)
	at org.apache.ratis.grpc.server.GrpcServerProtocolClient.requestVote(GrpcServerProtocolClient.java:99)
	at org.apache.ratis.grpc.server.GrpcService.requestVote(GrpcService.java:204)
	at org.apache.ratis.server.impl.LeaderElection.lambda$submitRequests$1(LeaderElection.java:234)
	at java.util.concurrent.FutureTask.run(FutureTask.java:266)
	at java.util.concurrent.Executors$RunnableAdapter.call(Executors.java:511)
	at java.util.concurrent.FutureTask.run(FutureTask.java:266)
	at java.util.concurrent.ThreadPoolExecutor.runWorker(ThreadPoolExecutor.java:1149)
	at java.util.concurrent.ThreadPoolExecutor$Worker.run(ThreadPoolExecutor.java:624)
	... 1 more
Caused by: org.apache.ratis.thirdparty.io.netty.channel.AbstractChannel$AnnotatedConnectException: Connection refused: /192.168.34.56:36658
	at sun.nio.ch.SocketChannelImpl.checkConnect(Native Method)
	at sun.nio.ch.SocketChannelImpl.finishConnect(SocketChannelImpl.java:717)
	at org.apache.ratis.thirdparty.io.netty.channel.socket.nio.NioSocketChannel.doFinishConnect(NioSocketChannel.java:327)
	at org.apache.ratis.thirdparty.io.netty.channel.nio.AbstractNioChannel$AbstractNioUnsafe.finishConnect(AbstractNioChannel.java:340)
	at org.apache.ratis.thirdparty.io.netty.channel.nio.NioEventLoop.processSelectedKey(NioEventLoop.java:632)
	at org.apache.ratis.thirdparty.io.netty.channel.nio.NioEventLoop.processSelectedKeysOptimized(NioEventLoop.java:579)
	at org.apache.ratis.thirdparty.io.netty.channel.nio.NioEventLoop.processSelectedKeys(NioEventLoop.java:496)
	at org.apache.ratis.thirdparty.io.netty.channel.nio.NioEventLoop.run(NioEventLoop.java:458)
	at org.apache.ratis.thirdparty.io.netty.util.concurrent.SingleThreadEventExecutor$5.run(SingleThreadEventExecutor.java:897)
	at org.apache.ratis.thirdparty.io.netty.util.concurrent.FastThreadLocalRunnable.run(FastThreadLocalRunnable.java:30)
	... 1 more
Caused by: java.net.ConnectException: Connection refused
	... 11 more
2019-10-18 13:02:01,364 [c124d131-afb9-4343-ad4e-aaebde613043@group-FF4202234884-LeaderElection364] INFO  impl.LeaderElection (LeaderElection.java:logAndReturn(56)) - c124d131-afb9-4343-ad4e-aaebde613043@group-FF4202234884-LeaderElection364: Election REJECTED; received 0 response(s) [] and 2 exception(s); c124d131-afb9-4343-ad4e-aaebde613043@group-FF4202234884:t200, leader=null, voted=c124d131-afb9-4343-ad4e-aaebde613043, raftlog=c124d131-afb9-4343-ad4e-aaebde613043@group-FF4202234884-SegmentedRaftLog:OPENED:c-1,f-1,i0, conf=-1: [999343e7-0330-4874-a345-91eca72585e0:192.168.34.56:44872, c124d131-afb9-4343-ad4e-aaebde613043:192.168.34.56:42116, e5bb327f-cdd7-4e49-919e-13a4c895fddf:192.168.34.56:36658], old=null
2019-10-18 13:02:01,365 [c124d131-afb9-4343-ad4e-aaebde613043@group-FF4202234884-LeaderElection364] INFO  impl.LeaderElection (LogUtils.java:infoOrTrace(149)) -   Exception 0: {}
java.util.concurrent.ExecutionException: org.apache.ratis.thirdparty.io.grpc.StatusRuntimeException: UNAVAILABLE: io exception
	at java.util.concurrent.FutureTask.report(FutureTask.java:122)
	at java.util.concurrent.FutureTask.get(FutureTask.java:192)
	at org.apache.ratis.server.impl.LeaderElection.waitForResults(LeaderElection.java:259)
	at org.apache.ratis.server.impl.LeaderElection.askForVotes(LeaderElection.java:197)
	at org.apache.ratis.server.impl.LeaderElection.run(LeaderElection.java:133)
	at java.lang.Thread.run(Thread.java:748)
Caused by: org.apache.ratis.thirdparty.io.grpc.StatusRuntimeException: UNAVAILABLE: io exception
	at org.apache.ratis.thirdparty.io.grpc.stub.ClientCalls.toStatusRuntimeException(ClientCalls.java:233)
	at org.apache.ratis.thirdparty.io.grpc.stub.ClientCalls.getUnchecked(ClientCalls.java:214)
	at org.apache.ratis.thirdparty.io.grpc.stub.ClientCalls.blockingUnaryCall(ClientCalls.java:139)
	at org.apache.ratis.proto.grpc.RaftServerProtocolServiceGrpc$RaftServerProtocolServiceBlockingStub.requestVote(RaftServerProtocolServiceGrpc.java:265)
	at org.apache.ratis.grpc.server.GrpcServerProtocolClient.requestVote(GrpcServerProtocolClient.java:99)
	at org.apache.ratis.grpc.server.GrpcService.requestVote(GrpcService.java:204)
	at org.apache.ratis.server.impl.LeaderElection.lambda$submitRequests$1(LeaderElection.java:234)
	at java.util.concurrent.FutureTask.run(FutureTask.java:266)
	at java.util.concurrent.Executors$RunnableAdapter.call(Executors.java:511)
	at java.util.concurrent.FutureTask.run(FutureTask.java:266)
	at java.util.concurrent.ThreadPoolExecutor.runWorker(ThreadPoolExecutor.java:1149)
	at java.util.concurrent.ThreadPoolExecutor$Worker.run(ThreadPoolExecutor.java:624)
	... 1 more
Caused by: org.apache.ratis.thirdparty.io.netty.channel.AbstractChannel$AnnotatedConnectException: Connection refused: /192.168.34.56:44872
	at sun.nio.ch.SocketChannelImpl.checkConnect(Native Method)
	at sun.nio.ch.SocketChannelImpl.finishConnect(SocketChannelImpl.java:717)
	at org.apache.ratis.thirdparty.io.netty.channel.socket.nio.NioSocketChannel.doFinishConnect(NioSocketChannel.java:327)
	at org.apache.ratis.thirdparty.io.netty.channel.nio.AbstractNioChannel$AbstractNioUnsafe.finishConnect(AbstractNioChannel.java:340)
	at org.apache.ratis.thirdparty.io.netty.channel.nio.NioEventLoop.processSelectedKey(NioEventLoop.java:632)
	at org.apache.ratis.thirdparty.io.netty.channel.nio.NioEventLoop.processSelectedKeysOptimized(NioEventLoop.java:579)
	at org.apache.ratis.thirdparty.io.netty.channel.nio.NioEventLoop.processSelectedKeys(NioEventLoop.java:496)
	at org.apache.ratis.thirdparty.io.netty.channel.nio.NioEventLoop.run(NioEventLoop.java:458)
	at org.apache.ratis.thirdparty.io.netty.util.concurrent.SingleThreadEventExecutor$5.run(SingleThreadEventExecutor.java:897)
	at org.apache.ratis.thirdparty.io.netty.util.concurrent.FastThreadLocalRunnable.run(FastThreadLocalRunnable.java:30)
	... 1 more
Caused by: java.net.ConnectException: Connection refused
	... 11 more
2019-10-18 13:02:01,365 [c124d131-afb9-4343-ad4e-aaebde613043@group-FF4202234884-LeaderElection364] INFO  impl.LeaderElection (LogUtils.java:infoOrTrace(149)) -   Exception 1: {}
java.util.concurrent.ExecutionException: org.apache.ratis.thirdparty.io.grpc.StatusRuntimeException: UNAVAILABLE: io exception
	at java.util.concurrent.FutureTask.report(FutureTask.java:122)
	at java.util.concurrent.FutureTask.get(FutureTask.java:192)
	at org.apache.ratis.server.impl.LeaderElection.waitForResults(LeaderElection.java:259)
	at org.apache.ratis.server.impl.LeaderElection.askForVotes(LeaderElection.java:197)
	at org.apache.ratis.server.impl.LeaderElection.run(LeaderElection.java:133)
	at java.lang.Thread.run(Thread.java:748)
Caused by: org.apache.ratis.thirdparty.io.grpc.StatusRuntimeException: UNAVAILABLE: io exception
	at org.apache.ratis.thirdparty.io.grpc.stub.ClientCalls.toStatusRuntimeException(ClientCalls.java:233)
	at org.apache.ratis.thirdparty.io.grpc.stub.ClientCalls.getUnchecked(ClientCalls.java:214)
	at org.apache.ratis.thirdparty.io.grpc.stub.ClientCalls.blockingUnaryCall(ClientCalls.java:139)
	at org.apache.ratis.proto.grpc.RaftServerProtocolServiceGrpc$RaftServerProtocolServiceBlockingStub.requestVote(RaftServerProtocolServiceGrpc.java:265)
	at org.apache.ratis.grpc.server.GrpcServerProtocolClient.requestVote(GrpcServerProtocolClient.java:99)
	at org.apache.ratis.grpc.server.GrpcService.requestVote(GrpcService.java:204)
	at org.apache.ratis.server.impl.LeaderElection.lambda$submitRequests$1(LeaderElection.java:234)
	at java.util.concurrent.FutureTask.run(FutureTask.java:266)
	at java.util.concurrent.Executors$RunnableAdapter.call(Executors.java:511)
	at java.util.concurrent.FutureTask.run(FutureTask.java:266)
	at java.util.concurrent.ThreadPoolExecutor.runWorker(ThreadPoolExecutor.java:1149)
	at java.util.concurrent.ThreadPoolExecutor$Worker.run(ThreadPoolExecutor.java:624)
	... 1 more
Caused by: org.apache.ratis.thirdparty.io.netty.channel.AbstractChannel$AnnotatedConnectException: Connection refused: /192.168.34.56:36658
	at sun.nio.ch.SocketChannelImpl.checkConnect(Native Method)
	at sun.nio.ch.SocketChannelImpl.finishConnect(SocketChannelImpl.java:717)
	at org.apache.ratis.thirdparty.io.netty.channel.socket.nio.NioSocketChannel.doFinishConnect(NioSocketChannel.java:327)
	at org.apache.ratis.thirdparty.io.netty.channel.nio.AbstractNioChannel$AbstractNioUnsafe.finishConnect(AbstractNioChannel.java:340)
	at org.apache.ratis.thirdparty.io.netty.channel.nio.NioEventLoop.processSelectedKey(NioEventLoop.java:632)
	at org.apache.ratis.thirdparty.io.netty.channel.nio.NioEventLoop.processSelectedKeysOptimized(NioEventLoop.java:579)
	at org.apache.ratis.thirdparty.io.netty.channel.nio.NioEventLoop.processSelectedKeys(NioEventLoop.java:496)
	at org.apache.ratis.thirdparty.io.netty.channel.nio.NioEventLoop.run(NioEventLoop.java:458)
	at org.apache.ratis.thirdparty.io.netty.util.concurrent.SingleThreadEventExecutor$5.run(SingleThreadEventExecutor.java:897)
	at org.apache.ratis.thirdparty.io.netty.util.concurrent.FastThreadLocalRunnable.run(FastThreadLocalRunnable.java:30)
	... 1 more
Caused by: java.net.ConnectException: Connection refused
	... 11 more
2019-10-18 13:02:01,365 [c124d131-afb9-4343-ad4e-aaebde613043@group-FF4202234884-LeaderElection364] INFO  impl.RaftServerImpl (RaftServerImpl.java:setRole(184)) - c124d131-afb9-4343-ad4e-aaebde613043@group-FF4202234884: changes role from CANDIDATE to FOLLOWER at term 200 for DISCOVERED_A_NEW_TERM
2019-10-18 13:02:01,365 [c124d131-afb9-4343-ad4e-aaebde613043@group-FF4202234884-LeaderElection364] INFO  impl.RoleInfo (RoleInfo.java:shutdownLeaderElection(134)) - c124d131-afb9-4343-ad4e-aaebde613043: shutdown LeaderElection
2019-10-18 13:02:01,365 [c124d131-afb9-4343-ad4e-aaebde613043@group-FF4202234884-LeaderElection364] INFO  impl.RoleInfo (RoleInfo.java:updateAndGet(143)) - c124d131-afb9-4343-ad4e-aaebde613043: start FollowerState
2019-10-18 13:02:01,379 [Thread-2872] INFO  impl.FollowerState (FollowerState.java:run(108)) - c124d131-afb9-4343-ad4e-aaebde613043@group-FF4202234884-FollowerState: change to CANDIDATE, lastRpcTime:13ms, electionTimeout:13ms
2019-10-18 13:02:01,379 [Thread-2872] INFO  impl.RoleInfo (RoleInfo.java:shutdownFollowerState(121)) - c124d131-afb9-4343-ad4e-aaebde613043: shutdown FollowerState
2019-10-18 13:02:01,379 [Thread-2872] INFO  impl.RaftServerImpl (RaftServerImpl.java:setRole(184)) - c124d131-afb9-4343-ad4e-aaebde613043@group-FF4202234884: changes role from  FOLLOWER to CANDIDATE at term 200 for changeToCandidate
2019-10-18 13:02:01,379 [Thread-2872] INFO  impl.RoleInfo (RoleInfo.java:updateAndGet(143)) - c124d131-afb9-4343-ad4e-aaebde613043: start LeaderElection
2019-10-18 13:02:01,402 [c124d131-afb9-4343-ad4e-aaebde613043@group-FF4202234884-LeaderElection365] INFO  impl.LeaderElection (LeaderElection.java:askForVotes(178)) - c124d131-afb9-4343-ad4e-aaebde613043@group-FF4202234884-LeaderElection365: begin an election at term 201 for -1: [999343e7-0330-4874-a345-91eca72585e0:192.168.34.56:44872, c124d131-afb9-4343-ad4e-aaebde613043:192.168.34.56:42116, e5bb327f-cdd7-4e49-919e-13a4c895fddf:192.168.34.56:36658], old=null
2019-10-18 13:02:01,403 [c124d131-afb9-4343-ad4e-aaebde613043@group-FF4202234884-LeaderElection365] INFO  impl.LeaderElection (LogUtils.java:infoOrTrace(149)) - c124d131-afb9-4343-ad4e-aaebde613043@group-FF4202234884-LeaderElection365 got exception when requesting votes: {}
java.util.concurrent.ExecutionException: org.apache.ratis.thirdparty.io.grpc.StatusRuntimeException: UNAVAILABLE: io exception
	at java.util.concurrent.FutureTask.report(FutureTask.java:122)
	at java.util.concurrent.FutureTask.get(FutureTask.java:192)
	at org.apache.ratis.server.impl.LeaderElection.waitForResults(LeaderElection.java:259)
	at org.apache.ratis.server.impl.LeaderElection.askForVotes(LeaderElection.java:197)
	at org.apache.ratis.server.impl.LeaderElection.run(LeaderElection.java:133)
	at java.lang.Thread.run(Thread.java:748)
Caused by: org.apache.ratis.thirdparty.io.grpc.StatusRuntimeException: UNAVAILABLE: io exception
	at org.apache.ratis.thirdparty.io.grpc.stub.ClientCalls.toStatusRuntimeException(ClientCalls.java:233)
	at org.apache.ratis.thirdparty.io.grpc.stub.ClientCalls.getUnchecked(ClientCalls.java:214)
	at org.apache.ratis.thirdparty.io.grpc.stub.ClientCalls.blockingUnaryCall(ClientCalls.java:139)
	at org.apache.ratis.proto.grpc.RaftServerProtocolServiceGrpc$RaftServerProtocolServiceBlockingStub.requestVote(RaftServerProtocolServiceGrpc.java:265)
	at org.apache.ratis.grpc.server.GrpcServerProtocolClient.requestVote(GrpcServerProtocolClient.java:99)
	at org.apache.ratis.grpc.server.GrpcService.requestVote(GrpcService.java:204)
	at org.apache.ratis.server.impl.LeaderElection.lambda$submitRequests$1(LeaderElection.java:234)
	at java.util.concurrent.FutureTask.run(FutureTask.java:266)
	at java.util.concurrent.Executors$RunnableAdapter.call(Executors.java:511)
	at java.util.concurrent.FutureTask.run(FutureTask.java:266)
	at java.util.concurrent.ThreadPoolExecutor.runWorker(ThreadPoolExecutor.java:1149)
	at java.util.concurrent.ThreadPoolExecutor$Worker.run(ThreadPoolExecutor.java:624)
	... 1 more
Caused by: org.apache.ratis.thirdparty.io.netty.channel.AbstractChannel$AnnotatedConnectException: Connection refused: /192.168.34.56:36658
	at sun.nio.ch.SocketChannelImpl.checkConnect(Native Method)
	at sun.nio.ch.SocketChannelImpl.finishConnect(SocketChannelImpl.java:717)
	at org.apache.ratis.thirdparty.io.netty.channel.socket.nio.NioSocketChannel.doFinishConnect(NioSocketChannel.java:327)
	at org.apache.ratis.thirdparty.io.netty.channel.nio.AbstractNioChannel$AbstractNioUnsafe.finishConnect(AbstractNioChannel.java:340)
	at org.apache.ratis.thirdparty.io.netty.channel.nio.NioEventLoop.processSelectedKey(NioEventLoop.java:632)
	at org.apache.ratis.thirdparty.io.netty.channel.nio.NioEventLoop.processSelectedKeysOptimized(NioEventLoop.java:579)
	at org.apache.ratis.thirdparty.io.netty.channel.nio.NioEventLoop.processSelectedKeys(NioEventLoop.java:496)
	at org.apache.ratis.thirdparty.io.netty.channel.nio.NioEventLoop.run(NioEventLoop.java:458)
	at org.apache.ratis.thirdparty.io.netty.util.concurrent.SingleThreadEventExecutor$5.run(SingleThreadEventExecutor.java:897)
	at org.apache.ratis.thirdparty.io.netty.util.concurrent.FastThreadLocalRunnable.run(FastThreadLocalRunnable.java:30)
	... 1 more
Caused by: java.net.ConnectException: Connection refused
	... 11 more
2019-10-18 13:02:01,403 [c124d131-afb9-4343-ad4e-aaebde613043@group-FF4202234884-LeaderElection365] INFO  impl.LeaderElection (LogUtils.java:infoOrTrace(149)) - c124d131-afb9-4343-ad4e-aaebde613043@group-FF4202234884-LeaderElection365 got exception when requesting votes: {}
java.util.concurrent.ExecutionException: org.apache.ratis.thirdparty.io.grpc.StatusRuntimeException: UNAVAILABLE: io exception
	at java.util.concurrent.FutureTask.report(FutureTask.java:122)
	at java.util.concurrent.FutureTask.get(FutureTask.java:192)
	at org.apache.ratis.server.impl.LeaderElection.waitForResults(LeaderElection.java:259)
	at org.apache.ratis.server.impl.LeaderElection.askForVotes(LeaderElection.java:197)
	at org.apache.ratis.server.impl.LeaderElection.run(LeaderElection.java:133)
	at java.lang.Thread.run(Thread.java:748)
Caused by: org.apache.ratis.thirdparty.io.grpc.StatusRuntimeException: UNAVAILABLE: io exception
	at org.apache.ratis.thirdparty.io.grpc.stub.ClientCalls.toStatusRuntimeException(ClientCalls.java:233)
	at org.apache.ratis.thirdparty.io.grpc.stub.ClientCalls.getUnchecked(ClientCalls.java:214)
	at org.apache.ratis.thirdparty.io.grpc.stub.ClientCalls.blockingUnaryCall(ClientCalls.java:139)
	at org.apache.ratis.proto.grpc.RaftServerProtocolServiceGrpc$RaftServerProtocolServiceBlockingStub.requestVote(RaftServerProtocolServiceGrpc.java:265)
	at org.apache.ratis.grpc.server.GrpcServerProtocolClient.requestVote(GrpcServerProtocolClient.java:99)
	at org.apache.ratis.grpc.server.GrpcService.requestVote(GrpcService.java:204)
	at org.apache.ratis.server.impl.LeaderElection.lambda$submitRequests$1(LeaderElection.java:234)
	at java.util.concurrent.FutureTask.run(FutureTask.java:266)
	at java.util.concurrent.Executors$RunnableAdapter.call(Executors.java:511)
	at java.util.concurrent.FutureTask.run(FutureTask.java:266)
	at java.util.concurrent.ThreadPoolExecutor.runWorker(ThreadPoolExecutor.java:1149)
	at java.util.concurrent.ThreadPoolExecutor$Worker.run(ThreadPoolExecutor.java:624)
	... 1 more
Caused by: org.apache.ratis.thirdparty.io.netty.channel.AbstractChannel$AnnotatedConnectException: Connection refused: /192.168.34.56:44872
	at sun.nio.ch.SocketChannelImpl.checkConnect(Native Method)
	at sun.nio.ch.SocketChannelImpl.finishConnect(SocketChannelImpl.java:717)
	at org.apache.ratis.thirdparty.io.netty.channel.socket.nio.NioSocketChannel.doFinishConnect(NioSocketChannel.java:327)
	at org.apache.ratis.thirdparty.io.netty.channel.nio.AbstractNioChannel$AbstractNioUnsafe.finishConnect(AbstractNioChannel.java:340)
	at org.apache.ratis.thirdparty.io.netty.channel.nio.NioEventLoop.processSelectedKey(NioEventLoop.java:632)
	at org.apache.ratis.thirdparty.io.netty.channel.nio.NioEventLoop.processSelectedKeysOptimized(NioEventLoop.java:579)
	at org.apache.ratis.thirdparty.io.netty.channel.nio.NioEventLoop.processSelectedKeys(NioEventLoop.java:496)
	at org.apache.ratis.thirdparty.io.netty.channel.nio.NioEventLoop.run(NioEventLoop.java:458)
	at org.apache.ratis.thirdparty.io.netty.util.concurrent.SingleThreadEventExecutor$5.run(SingleThreadEventExecutor.java:897)
	at org.apache.ratis.thirdparty.io.netty.util.concurrent.FastThreadLocalRunnable.run(FastThreadLocalRunnable.java:30)
	... 1 more
Caused by: java.net.ConnectException: Connection refused
	... 11 more
2019-10-18 13:02:01,404 [c124d131-afb9-4343-ad4e-aaebde613043@group-FF4202234884-LeaderElection365] INFO  impl.LeaderElection (LeaderElection.java:logAndReturn(56)) - c124d131-afb9-4343-ad4e-aaebde613043@group-FF4202234884-LeaderElection365: Election REJECTED; received 0 response(s) [] and 2 exception(s); c124d131-afb9-4343-ad4e-aaebde613043@group-FF4202234884:t201, leader=null, voted=c124d131-afb9-4343-ad4e-aaebde613043, raftlog=c124d131-afb9-4343-ad4e-aaebde613043@group-FF4202234884-SegmentedRaftLog:OPENED:c-1,f-1,i0, conf=-1: [999343e7-0330-4874-a345-91eca72585e0:192.168.34.56:44872, c124d131-afb9-4343-ad4e-aaebde613043:192.168.34.56:42116, e5bb327f-cdd7-4e49-919e-13a4c895fddf:192.168.34.56:36658], old=null
2019-10-18 13:02:01,404 [c124d131-afb9-4343-ad4e-aaebde613043@group-FF4202234884-LeaderElection365] INFO  impl.LeaderElection (LogUtils.java:infoOrTrace(149)) -   Exception 0: {}
java.util.concurrent.ExecutionException: org.apache.ratis.thirdparty.io.grpc.StatusRuntimeException: UNAVAILABLE: io exception
	at java.util.concurrent.FutureTask.report(FutureTask.java:122)
	at java.util.concurrent.FutureTask.get(FutureTask.java:192)
	at org.apache.ratis.server.impl.LeaderElection.waitForResults(LeaderElection.java:259)
	at org.apache.ratis.server.impl.LeaderElection.askForVotes(LeaderElection.java:197)
	at org.apache.ratis.server.impl.LeaderElection.run(LeaderElection.java:133)
	at java.lang.Thread.run(Thread.java:748)
Caused by: org.apache.ratis.thirdparty.io.grpc.StatusRuntimeException: UNAVAILABLE: io exception
	at org.apache.ratis.thirdparty.io.grpc.stub.ClientCalls.toStatusRuntimeException(ClientCalls.java:233)
	at org.apache.ratis.thirdparty.io.grpc.stub.ClientCalls.getUnchecked(ClientCalls.java:214)
	at org.apache.ratis.thirdparty.io.grpc.stub.ClientCalls.blockingUnaryCall(ClientCalls.java:139)
	at org.apache.ratis.proto.grpc.RaftServerProtocolServiceGrpc$RaftServerProtocolServiceBlockingStub.requestVote(RaftServerProtocolServiceGrpc.java:265)
	at org.apache.ratis.grpc.server.GrpcServerProtocolClient.requestVote(GrpcServerProtocolClient.java:99)
	at org.apache.ratis.grpc.server.GrpcService.requestVote(GrpcService.java:204)
	at org.apache.ratis.server.impl.LeaderElection.lambda$submitRequests$1(LeaderElection.java:234)
	at java.util.concurrent.FutureTask.run(FutureTask.java:266)
	at java.util.concurrent.Executors$RunnableAdapter.call(Executors.java:511)
	at java.util.concurrent.FutureTask.run(FutureTask.java:266)
	at java.util.concurrent.ThreadPoolExecutor.runWorker(ThreadPoolExecutor.java:1149)
	at java.util.concurrent.ThreadPoolExecutor$Worker.run(ThreadPoolExecutor.java:624)
	... 1 more
Caused by: org.apache.ratis.thirdparty.io.netty.channel.AbstractChannel$AnnotatedConnectException: Connection refused: /192.168.34.56:36658
	at sun.nio.ch.SocketChannelImpl.checkConnect(Native Method)
	at sun.nio.ch.SocketChannelImpl.finishConnect(SocketChannelImpl.java:717)
	at org.apache.ratis.thirdparty.io.netty.channel.socket.nio.NioSocketChannel.doFinishConnect(NioSocketChannel.java:327)
	at org.apache.ratis.thirdparty.io.netty.channel.nio.AbstractNioChannel$AbstractNioUnsafe.finishConnect(AbstractNioChannel.java:340)
	at org.apache.ratis.thirdparty.io.netty.channel.nio.NioEventLoop.processSelectedKey(NioEventLoop.java:632)
	at org.apache.ratis.thirdparty.io.netty.channel.nio.NioEventLoop.processSelectedKeysOptimized(NioEventLoop.java:579)
	at org.apache.ratis.thirdparty.io.netty.channel.nio.NioEventLoop.processSelectedKeys(NioEventLoop.java:496)
	at org.apache.ratis.thirdparty.io.netty.channel.nio.NioEventLoop.run(NioEventLoop.java:458)
	at org.apache.ratis.thirdparty.io.netty.util.concurrent.SingleThreadEventExecutor$5.run(SingleThreadEventExecutor.java:897)
	at org.apache.ratis.thirdparty.io.netty.util.concurrent.FastThreadLocalRunnable.run(FastThreadLocalRunnable.java:30)
	... 1 more
Caused by: java.net.ConnectException: Connection refused
	... 11 more
2019-10-18 13:02:01,404 [c124d131-afb9-4343-ad4e-aaebde613043@group-FF4202234884-LeaderElection365] INFO  impl.LeaderElection (LogUtils.java:infoOrTrace(149)) -   Exception 1: {}
java.util.concurrent.ExecutionException: org.apache.ratis.thirdparty.io.grpc.StatusRuntimeException: UNAVAILABLE: io exception
	at java.util.concurrent.FutureTask.report(FutureTask.java:122)
	at java.util.concurrent.FutureTask.get(FutureTask.java:192)
	at org.apache.ratis.server.impl.LeaderElection.waitForResults(LeaderElection.java:259)
	at org.apache.ratis.server.impl.LeaderElection.askForVotes(LeaderElection.java:197)
	at org.apache.ratis.server.impl.LeaderElection.run(LeaderElection.java:133)
	at java.lang.Thread.run(Thread.java:748)
Caused by: org.apache.ratis.thirdparty.io.grpc.StatusRuntimeException: UNAVAILABLE: io exception
	at org.apache.ratis.thirdparty.io.grpc.stub.ClientCalls.toStatusRuntimeException(ClientCalls.java:233)
	at org.apache.ratis.thirdparty.io.grpc.stub.ClientCalls.getUnchecked(ClientCalls.java:214)
	at org.apache.ratis.thirdparty.io.grpc.stub.ClientCalls.blockingUnaryCall(ClientCalls.java:139)
	at org.apache.ratis.proto.grpc.RaftServerProtocolServiceGrpc$RaftServerProtocolServiceBlockingStub.requestVote(RaftServerProtocolServiceGrpc.java:265)
	at org.apache.ratis.grpc.server.GrpcServerProtocolClient.requestVote(GrpcServerProtocolClient.java:99)
	at org.apache.ratis.grpc.server.GrpcService.requestVote(GrpcService.java:204)
	at org.apache.ratis.server.impl.LeaderElection.lambda$submitRequests$1(LeaderElection.java:234)
	at java.util.concurrent.FutureTask.run(FutureTask.java:266)
	at java.util.concurrent.Executors$RunnableAdapter.call(Executors.java:511)
	at java.util.concurrent.FutureTask.run(FutureTask.java:266)
	at java.util.concurrent.ThreadPoolExecutor.runWorker(ThreadPoolExecutor.java:1149)
	at java.util.concurrent.ThreadPoolExecutor$Worker.run(ThreadPoolExecutor.java:624)
	... 1 more
Caused by: org.apache.ratis.thirdparty.io.netty.channel.AbstractChannel$AnnotatedConnectException: Connection refused: /192.168.34.56:44872
	at sun.nio.ch.SocketChannelImpl.checkConnect(Native Method)
	at sun.nio.ch.SocketChannelImpl.finishConnect(SocketChannelImpl.java:717)
	at org.apache.ratis.thirdparty.io.netty.channel.socket.nio.NioSocketChannel.doFinishConnect(NioSocketChannel.java:327)
	at org.apache.ratis.thirdparty.io.netty.channel.nio.AbstractNioChannel$AbstractNioUnsafe.finishConnect(AbstractNioChannel.java:340)
	at org.apache.ratis.thirdparty.io.netty.channel.nio.NioEventLoop.processSelectedKey(NioEventLoop.java:632)
	at org.apache.ratis.thirdparty.io.netty.channel.nio.NioEventLoop.processSelectedKeysOptimized(NioEventLoop.java:579)
	at org.apache.ratis.thirdparty.io.netty.channel.nio.NioEventLoop.processSelectedKeys(NioEventLoop.java:496)
	at org.apache.ratis.thirdparty.io.netty.channel.nio.NioEventLoop.run(NioEventLoop.java:458)
	at org.apache.ratis.thirdparty.io.netty.util.concurrent.SingleThreadEventExecutor$5.run(SingleThreadEventExecutor.java:897)
	at org.apache.ratis.thirdparty.io.netty.util.concurrent.FastThreadLocalRunnable.run(FastThreadLocalRunnable.java:30)
	... 1 more
Caused by: java.net.ConnectException: Connection refused
	... 11 more
2019-10-18 13:02:01,404 [c124d131-afb9-4343-ad4e-aaebde613043@group-FF4202234884-LeaderElection365] INFO  impl.RaftServerImpl (RaftServerImpl.java:setRole(184)) - c124d131-afb9-4343-ad4e-aaebde613043@group-FF4202234884: changes role from CANDIDATE to FOLLOWER at term 201 for DISCOVERED_A_NEW_TERM
2019-10-18 13:02:01,404 [c124d131-afb9-4343-ad4e-aaebde613043@group-FF4202234884-LeaderElection365] INFO  impl.RoleInfo (RoleInfo.java:shutdownLeaderElection(134)) - c124d131-afb9-4343-ad4e-aaebde613043: shutdown LeaderElection
2019-10-18 13:02:01,405 [c124d131-afb9-4343-ad4e-aaebde613043@group-FF4202234884-LeaderElection365] INFO  impl.RoleInfo (RoleInfo.java:updateAndGet(143)) - c124d131-afb9-4343-ad4e-aaebde613043: start FollowerState
2019-10-18 13:02:01,466 [Thread-2867] INFO  impl.FollowerState (FollowerState.java:run(108)) - 018b3f78-d19f-4e26-a796-cb8ddc4f97cf@group-187684C21557-FollowerState: change to CANDIDATE, lastRpcTime:139ms, electionTimeout:139ms
2019-10-18 13:02:01,466 [Thread-2867] INFO  impl.RoleInfo (RoleInfo.java:shutdownFollowerState(121)) - 018b3f78-d19f-4e26-a796-cb8ddc4f97cf: shutdown FollowerState
2019-10-18 13:02:01,466 [Thread-2867] INFO  impl.RaftServerImpl (RaftServerImpl.java:setRole(184)) - 018b3f78-d19f-4e26-a796-cb8ddc4f97cf@group-187684C21557: changes role from  FOLLOWER to CANDIDATE at term 211 for changeToCandidate
2019-10-18 13:02:01,466 [Thread-2867] INFO  impl.RoleInfo (RoleInfo.java:updateAndGet(143)) - 018b3f78-d19f-4e26-a796-cb8ddc4f97cf: start LeaderElection
2019-10-18 13:02:01,489 [Thread-2876] INFO  impl.FollowerState (FollowerState.java:run(108)) - c124d131-afb9-4343-ad4e-aaebde613043@group-FF4202234884-FollowerState: change to CANDIDATE, lastRpcTime:84ms, electionTimeout:84ms
2019-10-18 13:02:01,489 [Thread-2876] INFO  impl.RoleInfo (RoleInfo.java:shutdownFollowerState(121)) - c124d131-afb9-4343-ad4e-aaebde613043: shutdown FollowerState
2019-10-18 13:02:01,489 [Thread-2876] INFO  impl.RaftServerImpl (RaftServerImpl.java:setRole(184)) - c124d131-afb9-4343-ad4e-aaebde613043@group-FF4202234884: changes role from  FOLLOWER to CANDIDATE at term 201 for changeToCandidate
2019-10-18 13:02:01,489 [Thread-2876] INFO  impl.RoleInfo (RoleInfo.java:updateAndGet(143)) - c124d131-afb9-4343-ad4e-aaebde613043: start LeaderElection
2019-10-18 13:02:01,534 [018b3f78-d19f-4e26-a796-cb8ddc4f97cf@group-187684C21557-LeaderElection366] INFO  impl.LeaderElection (LeaderElection.java:askForVotes(178)) - 018b3f78-d19f-4e26-a796-cb8ddc4f97cf@group-187684C21557-LeaderElection366: begin an election at term 212 for -1: [893cf03e-f2cf-478a-892a-a746717e50e3:192.168.34.56:40750, 8697df36-98d2-41b1-bdc7-60597b3b5526:192.168.34.56:46415, 018b3f78-d19f-4e26-a796-cb8ddc4f97cf:192.168.34.56:35845], old=null
2019-10-18 13:02:01,535 [c124d131-afb9-4343-ad4e-aaebde613043@group-FF4202234884-LeaderElection367] INFO  impl.LeaderElection (LeaderElection.java:askForVotes(178)) - c124d131-afb9-4343-ad4e-aaebde613043@group-FF4202234884-LeaderElection367: begin an election at term 202 for -1: [999343e7-0330-4874-a345-91eca72585e0:192.168.34.56:44872, c124d131-afb9-4343-ad4e-aaebde613043:192.168.34.56:42116, e5bb327f-cdd7-4e49-919e-13a4c895fddf:192.168.34.56:36658], old=null
2019-10-18 13:02:01,535 [018b3f78-d19f-4e26-a796-cb8ddc4f97cf@group-187684C21557-LeaderElection366] INFO  impl.LeaderElection (LogUtils.java:infoOrTrace(149)) - 018b3f78-d19f-4e26-a796-cb8ddc4f97cf@group-187684C21557-LeaderElection366 got exception when requesting votes: {}
java.util.concurrent.ExecutionException: org.apache.ratis.thirdparty.io.grpc.StatusRuntimeException: UNAVAILABLE: io exception
	at java.util.concurrent.FutureTask.report(FutureTask.java:122)
	at java.util.concurrent.FutureTask.get(FutureTask.java:192)
	at org.apache.ratis.server.impl.LeaderElection.waitForResults(LeaderElection.java:259)
	at org.apache.ratis.server.impl.LeaderElection.askForVotes(LeaderElection.java:197)
	at org.apache.ratis.server.impl.LeaderElection.run(LeaderElection.java:133)
	at java.lang.Thread.run(Thread.java:748)
Caused by: org.apache.ratis.thirdparty.io.grpc.StatusRuntimeException: UNAVAILABLE: io exception
	at org.apache.ratis.thirdparty.io.grpc.stub.ClientCalls.toStatusRuntimeException(ClientCalls.java:233)
	at org.apache.ratis.thirdparty.io.grpc.stub.ClientCalls.getUnchecked(ClientCalls.java:214)
	at org.apache.ratis.thirdparty.io.grpc.stub.ClientCalls.blockingUnaryCall(ClientCalls.java:139)
	at org.apache.ratis.proto.grpc.RaftServerProtocolServiceGrpc$RaftServerProtocolServiceBlockingStub.requestVote(RaftServerProtocolServiceGrpc.java:265)
	at org.apache.ratis.grpc.server.GrpcServerProtocolClient.requestVote(GrpcServerProtocolClient.java:99)
	at org.apache.ratis.grpc.server.GrpcService.requestVote(GrpcService.java:204)
	at org.apache.ratis.server.impl.LeaderElection.lambda$submitRequests$1(LeaderElection.java:234)
	at java.util.concurrent.FutureTask.run(FutureTask.java:266)
	at java.util.concurrent.Executors$RunnableAdapter.call(Executors.java:511)
	at java.util.concurrent.FutureTask.run(FutureTask.java:266)
	at java.util.concurrent.ThreadPoolExecutor.runWorker(ThreadPoolExecutor.java:1149)
	at java.util.concurrent.ThreadPoolExecutor$Worker.run(ThreadPoolExecutor.java:624)
	... 1 more
Caused by: org.apache.ratis.thirdparty.io.netty.channel.AbstractChannel$AnnotatedConnectException: Connection refused: /192.168.34.56:46415
	at sun.nio.ch.SocketChannelImpl.checkConnect(Native Method)
	at sun.nio.ch.SocketChannelImpl.finishConnect(SocketChannelImpl.java:717)
	at org.apache.ratis.thirdparty.io.netty.channel.socket.nio.NioSocketChannel.doFinishConnect(NioSocketChannel.java:327)
	at org.apache.ratis.thirdparty.io.netty.channel.nio.AbstractNioChannel$AbstractNioUnsafe.finishConnect(AbstractNioChannel.java:340)
	at org.apache.ratis.thirdparty.io.netty.channel.nio.NioEventLoop.processSelectedKey(NioEventLoop.java:632)
	at org.apache.ratis.thirdparty.io.netty.channel.nio.NioEventLoop.processSelectedKeysOptimized(NioEventLoop.java:579)
	at org.apache.ratis.thirdparty.io.netty.channel.nio.NioEventLoop.processSelectedKeys(NioEventLoop.java:496)
	at org.apache.ratis.thirdparty.io.netty.channel.nio.NioEventLoop.run(NioEventLoop.java:458)
	at org.apache.ratis.thirdparty.io.netty.util.concurrent.SingleThreadEventExecutor$5.run(SingleThreadEventExecutor.java:897)
	at org.apache.ratis.thirdparty.io.netty.util.concurrent.FastThreadLocalRunnable.run(FastThreadLocalRunnable.java:30)
	... 1 more
Caused by: java.net.ConnectException: Connection refused
	... 11 more
2019-10-18 13:02:01,535 [c124d131-afb9-4343-ad4e-aaebde613043@group-FF4202234884-LeaderElection367] INFO  impl.LeaderElection (LogUtils.java:infoOrTrace(149)) - c124d131-afb9-4343-ad4e-aaebde613043@group-FF4202234884-LeaderElection367 got exception when requesting votes: {}
java.util.concurrent.ExecutionException: org.apache.ratis.thirdparty.io.grpc.StatusRuntimeException: UNAVAILABLE: io exception
	at java.util.concurrent.FutureTask.report(FutureTask.java:122)
	at java.util.concurrent.FutureTask.get(FutureTask.java:192)
	at org.apache.ratis.server.impl.LeaderElection.waitForResults(LeaderElection.java:259)
	at org.apache.ratis.server.impl.LeaderElection.askForVotes(LeaderElection.java:197)
	at org.apache.ratis.server.impl.LeaderElection.run(LeaderElection.java:133)
	at java.lang.Thread.run(Thread.java:748)
Caused by: org.apache.ratis.thirdparty.io.grpc.StatusRuntimeException: UNAVAILABLE: io exception
	at org.apache.ratis.thirdparty.io.grpc.stub.ClientCalls.toStatusRuntimeException(ClientCalls.java:233)
	at org.apache.ratis.thirdparty.io.grpc.stub.ClientCalls.getUnchecked(ClientCalls.java:214)
	at org.apache.ratis.thirdparty.io.grpc.stub.ClientCalls.blockingUnaryCall(ClientCalls.java:139)
	at org.apache.ratis.proto.grpc.RaftServerProtocolServiceGrpc$RaftServerProtocolServiceBlockingStub.requestVote(RaftServerProtocolServiceGrpc.java:265)
	at org.apache.ratis.grpc.server.GrpcServerProtocolClient.requestVote(GrpcServerProtocolClient.java:99)
	at org.apache.ratis.grpc.server.GrpcService.requestVote(GrpcService.java:204)
	at org.apache.ratis.server.impl.LeaderElection.lambda$submitRequests$1(LeaderElection.java:234)
	at java.util.concurrent.FutureTask.run(FutureTask.java:266)
	at java.util.concurrent.Executors$RunnableAdapter.call(Executors.java:511)
	at java.util.concurrent.FutureTask.run(FutureTask.java:266)
	at java.util.concurrent.ThreadPoolExecutor.runWorker(ThreadPoolExecutor.java:1149)
	at java.util.concurrent.ThreadPoolExecutor$Worker.run(ThreadPoolExecutor.java:624)
	... 1 more
Caused by: org.apache.ratis.thirdparty.io.netty.channel.AbstractChannel$AnnotatedConnectException: Connection refused: /192.168.34.56:44872
	at sun.nio.ch.SocketChannelImpl.checkConnect(Native Method)
	at sun.nio.ch.SocketChannelImpl.finishConnect(SocketChannelImpl.java:717)
	at org.apache.ratis.thirdparty.io.netty.channel.socket.nio.NioSocketChannel.doFinishConnect(NioSocketChannel.java:327)
	at org.apache.ratis.thirdparty.io.netty.channel.nio.AbstractNioChannel$AbstractNioUnsafe.finishConnect(AbstractNioChannel.java:340)
	at org.apache.ratis.thirdparty.io.netty.channel.nio.NioEventLoop.processSelectedKey(NioEventLoop.java:632)
	at org.apache.ratis.thirdparty.io.netty.channel.nio.NioEventLoop.processSelectedKeysOptimized(NioEventLoop.java:579)
	at org.apache.ratis.thirdparty.io.netty.channel.nio.NioEventLoop.processSelectedKeys(NioEventLoop.java:496)
	at org.apache.ratis.thirdparty.io.netty.channel.nio.NioEventLoop.run(NioEventLoop.java:458)
	at org.apache.ratis.thirdparty.io.netty.util.concurrent.SingleThreadEventExecutor$5.run(SingleThreadEventExecutor.java:897)
	at org.apache.ratis.thirdparty.io.netty.util.concurrent.FastThreadLocalRunnable.run(FastThreadLocalRunnable.java:30)
	... 1 more
Caused by: java.net.ConnectException: Connection refused
	... 11 more
2019-10-18 13:02:01,536 [c124d131-afb9-4343-ad4e-aaebde613043@group-FF4202234884-LeaderElection367] INFO  impl.LeaderElection (LogUtils.java:infoOrTrace(149)) - c124d131-afb9-4343-ad4e-aaebde613043@group-FF4202234884-LeaderElection367 got exception when requesting votes: {}
java.util.concurrent.ExecutionException: org.apache.ratis.thirdparty.io.grpc.StatusRuntimeException: UNAVAILABLE: io exception
	at java.util.concurrent.FutureTask.report(FutureTask.java:122)
	at java.util.concurrent.FutureTask.get(FutureTask.java:192)
	at org.apache.ratis.server.impl.LeaderElection.waitForResults(LeaderElection.java:259)
	at org.apache.ratis.server.impl.LeaderElection.askForVotes(LeaderElection.java:197)
	at org.apache.ratis.server.impl.LeaderElection.run(LeaderElection.java:133)
	at java.lang.Thread.run(Thread.java:748)
Caused by: org.apache.ratis.thirdparty.io.grpc.StatusRuntimeException: UNAVAILABLE: io exception
	at org.apache.ratis.thirdparty.io.grpc.stub.ClientCalls.toStatusRuntimeException(ClientCalls.java:233)
	at org.apache.ratis.thirdparty.io.grpc.stub.ClientCalls.getUnchecked(ClientCalls.java:214)
	at org.apache.ratis.thirdparty.io.grpc.stub.ClientCalls.blockingUnaryCall(ClientCalls.java:139)
	at org.apache.ratis.proto.grpc.RaftServerProtocolServiceGrpc$RaftServerProtocolServiceBlockingStub.requestVote(RaftServerProtocolServiceGrpc.java:265)
	at org.apache.ratis.grpc.server.GrpcServerProtocolClient.requestVote(GrpcServerProtocolClient.java:99)
	at org.apache.ratis.grpc.server.GrpcService.requestVote(GrpcService.java:204)
	at org.apache.ratis.server.impl.LeaderElection.lambda$submitRequests$1(LeaderElection.java:234)
	at java.util.concurrent.FutureTask.run(FutureTask.java:266)
	at java.util.concurrent.Executors$RunnableAdapter.call(Executors.java:511)
	at java.util.concurrent.FutureTask.run(FutureTask.java:266)
	at java.util.concurrent.ThreadPoolExecutor.runWorker(ThreadPoolExecutor.java:1149)
	at java.util.concurrent.ThreadPoolExecutor$Worker.run(ThreadPoolExecutor.java:624)
	... 1 more
Caused by: org.apache.ratis.thirdparty.io.netty.channel.AbstractChannel$AnnotatedConnectException: Connection refused: /192.168.34.56:36658
	at sun.nio.ch.SocketChannelImpl.checkConnect(Native Method)
	at sun.nio.ch.SocketChannelImpl.finishConnect(SocketChannelImpl.java:717)
	at org.apache.ratis.thirdparty.io.netty.channel.socket.nio.NioSocketChannel.doFinishConnect(NioSocketChannel.java:327)
	at org.apache.ratis.thirdparty.io.netty.channel.nio.AbstractNioChannel$AbstractNioUnsafe.finishConnect(AbstractNioChannel.java:340)
	at org.apache.ratis.thirdparty.io.netty.channel.nio.NioEventLoop.processSelectedKey(NioEventLoop.java:632)
	at org.apache.ratis.thirdparty.io.netty.channel.nio.NioEventLoop.processSelectedKeysOptimized(NioEventLoop.java:579)
	at org.apache.ratis.thirdparty.io.netty.channel.nio.NioEventLoop.processSelectedKeys(NioEventLoop.java:496)
	at org.apache.ratis.thirdparty.io.netty.channel.nio.NioEventLoop.run(NioEventLoop.java:458)
	at org.apache.ratis.thirdparty.io.netty.util.concurrent.SingleThreadEventExecutor$5.run(SingleThreadEventExecutor.java:897)
	at org.apache.ratis.thirdparty.io.netty.util.concurrent.FastThreadLocalRunnable.run(FastThreadLocalRunnable.java:30)
	... 1 more
Caused by: java.net.ConnectException: Connection refused
	... 11 more
2019-10-18 13:02:01,536 [grpc-default-executor-7] INFO  impl.RaftServerImpl (RaftServerImpl.java:setRole(184)) - 893cf03e-f2cf-478a-892a-a746717e50e3@group-187684C21557: changes role from  FOLLOWER to FOLLOWER at term 212 for recognizeCandidate:018b3f78-d19f-4e26-a796-cb8ddc4f97cf
2019-10-18 13:02:01,537 [grpc-default-executor-7] INFO  impl.RoleInfo (RoleInfo.java:shutdownFollowerState(121)) - 893cf03e-f2cf-478a-892a-a746717e50e3: shutdown FollowerState
2019-10-18 13:02:01,536 [c124d131-afb9-4343-ad4e-aaebde613043@group-FF4202234884-LeaderElection367] INFO  impl.LeaderElection (LeaderElection.java:logAndReturn(56)) - c124d131-afb9-4343-ad4e-aaebde613043@group-FF4202234884-LeaderElection367: Election REJECTED; received 0 response(s) [] and 2 exception(s); c124d131-afb9-4343-ad4e-aaebde613043@group-FF4202234884:t202, leader=null, voted=c124d131-afb9-4343-ad4e-aaebde613043, raftlog=c124d131-afb9-4343-ad4e-aaebde613043@group-FF4202234884-SegmentedRaftLog:OPENED:c-1,f-1,i0, conf=-1: [999343e7-0330-4874-a345-91eca72585e0:192.168.34.56:44872, c124d131-afb9-4343-ad4e-aaebde613043:192.168.34.56:42116, e5bb327f-cdd7-4e49-919e-13a4c895fddf:192.168.34.56:36658], old=null
2019-10-18 13:02:01,537 [grpc-default-executor-7] INFO  impl.RoleInfo (RoleInfo.java:updateAndGet(143)) - 893cf03e-f2cf-478a-892a-a746717e50e3: start FollowerState
2019-10-18 13:02:01,537 [Thread-2864] INFO  impl.FollowerState (FollowerState.java:run(117)) - 893cf03e-f2cf-478a-892a-a746717e50e3@group-187684C21557-FollowerState was interrupted: java.lang.InterruptedException: sleep interrupted
2019-10-18 13:02:01,537 [c124d131-afb9-4343-ad4e-aaebde613043@group-FF4202234884-LeaderElection367] INFO  impl.LeaderElection (LogUtils.java:infoOrTrace(149)) -   Exception 0: {}
java.util.concurrent.ExecutionException: org.apache.ratis.thirdparty.io.grpc.StatusRuntimeException: UNAVAILABLE: io exception
	at java.util.concurrent.FutureTask.report(FutureTask.java:122)
	at java.util.concurrent.FutureTask.get(FutureTask.java:192)
	at org.apache.ratis.server.impl.LeaderElection.waitForResults(LeaderElection.java:259)
	at org.apache.ratis.server.impl.LeaderElection.askForVotes(LeaderElection.java:197)
	at org.apache.ratis.server.impl.LeaderElection.run(LeaderElection.java:133)
	at java.lang.Thread.run(Thread.java:748)
Caused by: org.apache.ratis.thirdparty.io.grpc.StatusRuntimeException: UNAVAILABLE: io exception
	at org.apache.ratis.thirdparty.io.grpc.stub.ClientCalls.toStatusRuntimeException(ClientCalls.java:233)
	at org.apache.ratis.thirdparty.io.grpc.stub.ClientCalls.getUnchecked(ClientCalls.java:214)
	at org.apache.ratis.thirdparty.io.grpc.stub.ClientCalls.blockingUnaryCall(ClientCalls.java:139)
	at org.apache.ratis.proto.grpc.RaftServerProtocolServiceGrpc$RaftServerProtocolServiceBlockingStub.requestVote(RaftServerProtocolServiceGrpc.java:265)
	at org.apache.ratis.grpc.server.GrpcServerProtocolClient.requestVote(GrpcServerProtocolClient.java:99)
	at org.apache.ratis.grpc.server.GrpcService.requestVote(GrpcService.java:204)
	at org.apache.ratis.server.impl.LeaderElection.lambda$submitRequests$1(LeaderElection.java:234)
	at java.util.concurrent.FutureTask.run(FutureTask.java:266)
	at java.util.concurrent.Executors$RunnableAdapter.call(Executors.java:511)
	at java.util.concurrent.FutureTask.run(FutureTask.java:266)
	at java.util.concurrent.ThreadPoolExecutor.runWorker(ThreadPoolExecutor.java:1149)
	at java.util.concurrent.ThreadPoolExecutor$Worker.run(ThreadPoolExecutor.java:624)
	... 1 more
Caused by: org.apache.ratis.thirdparty.io.netty.channel.AbstractChannel$AnnotatedConnectException: Connection refused: /192.168.34.56:44872
	at sun.nio.ch.SocketChannelImpl.checkConnect(Native Method)
	at sun.nio.ch.SocketChannelImpl.finishConnect(SocketChannelImpl.java:717)
	at org.apache.ratis.thirdparty.io.netty.channel.socket.nio.NioSocketChannel.doFinishConnect(NioSocketChannel.java:327)
	at org.apache.ratis.thirdparty.io.netty.channel.nio.AbstractNioChannel$AbstractNioUnsafe.finishConnect(AbstractNioChannel.java:340)
	at org.apache.ratis.thirdparty.io.netty.channel.nio.NioEventLoop.processSelectedKey(NioEventLoop.java:632)
	at org.apache.ratis.thirdparty.io.netty.channel.nio.NioEventLoop.processSelectedKeysOptimized(NioEventLoop.java:579)
	at org.apache.ratis.thirdparty.io.netty.channel.nio.NioEventLoop.processSelectedKeys(NioEventLoop.java:496)
	at org.apache.ratis.thirdparty.io.netty.channel.nio.NioEventLoop.run(NioEventLoop.java:458)
	at org.apache.ratis.thirdparty.io.netty.util.concurrent.SingleThreadEventExecutor$5.run(SingleThreadEventExecutor.java:897)
	at org.apache.ratis.thirdparty.io.netty.util.concurrent.FastThreadLocalRunnable.run(FastThreadLocalRunnable.java:30)
	... 1 more
Caused by: java.net.ConnectException: Connection refused
	... 11 more
2019-10-18 13:02:01,537 [c124d131-afb9-4343-ad4e-aaebde613043@group-FF4202234884-LeaderElection367] INFO  impl.LeaderElection (LogUtils.java:infoOrTrace(149)) -   Exception 1: {}
java.util.concurrent.ExecutionException: org.apache.ratis.thirdparty.io.grpc.StatusRuntimeException: UNAVAILABLE: io exception
	at java.util.concurrent.FutureTask.report(FutureTask.java:122)
	at java.util.concurrent.FutureTask.get(FutureTask.java:192)
	at org.apache.ratis.server.impl.LeaderElection.waitForResults(LeaderElection.java:259)
	at org.apache.ratis.server.impl.LeaderElection.askForVotes(LeaderElection.java:197)
	at org.apache.ratis.server.impl.LeaderElection.run(LeaderElection.java:133)
	at java.lang.Thread.run(Thread.java:748)
Caused by: org.apache.ratis.thirdparty.io.grpc.StatusRuntimeException: UNAVAILABLE: io exception
	at org.apache.ratis.thirdparty.io.grpc.stub.ClientCalls.toStatusRuntimeException(ClientCalls.java:233)
	at org.apache.ratis.thirdparty.io.grpc.stub.ClientCalls.getUnchecked(ClientCalls.java:214)
	at org.apache.ratis.thirdparty.io.grpc.stub.ClientCalls.blockingUnaryCall(ClientCalls.java:139)
	at org.apache.ratis.proto.grpc.RaftServerProtocolServiceGrpc$RaftServerProtocolServiceBlockingStub.requestVote(RaftServerProtocolServiceGrpc.java:265)
	at org.apache.ratis.grpc.server.GrpcServerProtocolClient.requestVote(GrpcServerProtocolClient.java:99)
	at org.apache.ratis.grpc.server.GrpcService.requestVote(GrpcService.java:204)
	at org.apache.ratis.server.impl.LeaderElection.lambda$submitRequests$1(LeaderElection.java:234)
	at java.util.concurrent.FutureTask.run(FutureTask.java:266)
	at java.util.concurrent.Executors$RunnableAdapter.call(Executors.java:511)
	at java.util.concurrent.FutureTask.run(FutureTask.java:266)
	at java.util.concurrent.ThreadPoolExecutor.runWorker(ThreadPoolExecutor.java:1149)
	at java.util.concurrent.ThreadPoolExecutor$Worker.run(ThreadPoolExecutor.java:624)
	... 1 more
Caused by: org.apache.ratis.thirdparty.io.netty.channel.AbstractChannel$AnnotatedConnectException: Connection refused: /192.168.34.56:36658
	at sun.nio.ch.SocketChannelImpl.checkConnect(Native Method)
	at sun.nio.ch.SocketChannelImpl.finishConnect(SocketChannelImpl.java:717)
	at org.apache.ratis.thirdparty.io.netty.channel.socket.nio.NioSocketChannel.doFinishConnect(NioSocketChannel.java:327)
	at org.apache.ratis.thirdparty.io.netty.channel.nio.AbstractNioChannel$AbstractNioUnsafe.finishConnect(AbstractNioChannel.java:340)
	at org.apache.ratis.thirdparty.io.netty.channel.nio.NioEventLoop.processSelectedKey(NioEventLoop.java:632)
	at org.apache.ratis.thirdparty.io.netty.channel.nio.NioEventLoop.processSelectedKeysOptimized(NioEventLoop.java:579)
	at org.apache.ratis.thirdparty.io.netty.channel.nio.NioEventLoop.processSelectedKeys(NioEventLoop.java:496)
	at org.apache.ratis.thirdparty.io.netty.channel.nio.NioEventLoop.run(NioEventLoop.java:458)
	at org.apache.ratis.thirdparty.io.netty.util.concurrent.SingleThreadEventExecutor$5.run(SingleThreadEventExecutor.java:897)
	at org.apache.ratis.thirdparty.io.netty.util.concurrent.FastThreadLocalRunnable.run(FastThreadLocalRunnable.java:30)
	... 1 more
Caused by: java.net.ConnectException: Connection refused
	... 11 more
2019-10-18 13:02:01,537 [c124d131-afb9-4343-ad4e-aaebde613043@group-FF4202234884-LeaderElection367] INFO  impl.RaftServerImpl (RaftServerImpl.java:setRole(184)) - c124d131-afb9-4343-ad4e-aaebde613043@group-FF4202234884: changes role from CANDIDATE to FOLLOWER at term 202 for DISCOVERED_A_NEW_TERM
2019-10-18 13:02:01,538 [c124d131-afb9-4343-ad4e-aaebde613043@group-FF4202234884-LeaderElection367] INFO  impl.RoleInfo (RoleInfo.java:shutdownLeaderElection(134)) - c124d131-afb9-4343-ad4e-aaebde613043: shutdown LeaderElection
2019-10-18 13:02:01,538 [c124d131-afb9-4343-ad4e-aaebde613043@group-FF4202234884-LeaderElection367] INFO  impl.RoleInfo (RoleInfo.java:updateAndGet(143)) - c124d131-afb9-4343-ad4e-aaebde613043: start FollowerState
2019-10-18 13:02:01,539 [Thread-2884] INFO  impl.FollowerState (FollowerState.java:run(108)) - c124d131-afb9-4343-ad4e-aaebde613043@group-FF4202234884-FollowerState: change to CANDIDATE, lastRpcTime:1ms, electionTimeout:1ms
2019-10-18 13:02:01,539 [Thread-2884] INFO  impl.RoleInfo (RoleInfo.java:shutdownFollowerState(121)) - c124d131-afb9-4343-ad4e-aaebde613043: shutdown FollowerState
2019-10-18 13:02:01,539 [Thread-2884] INFO  impl.RaftServerImpl (RaftServerImpl.java:setRole(184)) - c124d131-afb9-4343-ad4e-aaebde613043@group-FF4202234884: changes role from  FOLLOWER to CANDIDATE at term 202 for changeToCandidate
2019-10-18 13:02:01,539 [Thread-2884] INFO  impl.RoleInfo (RoleInfo.java:updateAndGet(143)) - c124d131-afb9-4343-ad4e-aaebde613043: start LeaderElection
2019-10-18 13:02:01,554 [018b3f78-d19f-4e26-a796-cb8ddc4f97cf@group-187684C21557-LeaderElection366] INFO  impl.LeaderElection (LeaderElection.java:logAndReturn(56)) - 018b3f78-d19f-4e26-a796-cb8ddc4f97cf@group-187684C21557-LeaderElection366: Election TIMEOUT; received 0 response(s) [] and 1 exception(s); 018b3f78-d19f-4e26-a796-cb8ddc4f97cf@group-187684C21557:t212, leader=null, voted=018b3f78-d19f-4e26-a796-cb8ddc4f97cf, raftlog=018b3f78-d19f-4e26-a796-cb8ddc4f97cf@group-187684C21557-SegmentedRaftLog:OPENED:c-1,f-1,i0, conf=-1: [893cf03e-f2cf-478a-892a-a746717e50e3:192.168.34.56:40750, 8697df36-98d2-41b1-bdc7-60597b3b5526:192.168.34.56:46415, 018b3f78-d19f-4e26-a796-cb8ddc4f97cf:192.168.34.56:35845], old=null
2019-10-18 13:02:01,554 [018b3f78-d19f-4e26-a796-cb8ddc4f97cf@group-187684C21557-LeaderElection366] INFO  impl.LeaderElection (LogUtils.java:infoOrTrace(149)) -   Exception 0: {}
java.util.concurrent.ExecutionException: org.apache.ratis.thirdparty.io.grpc.StatusRuntimeException: UNAVAILABLE: io exception
	at java.util.concurrent.FutureTask.report(FutureTask.java:122)
	at java.util.concurrent.FutureTask.get(FutureTask.java:192)
	at org.apache.ratis.server.impl.LeaderElection.waitForResults(LeaderElection.java:259)
	at org.apache.ratis.server.impl.LeaderElection.askForVotes(LeaderElection.java:197)
	at org.apache.ratis.server.impl.LeaderElection.run(LeaderElection.java:133)
	at java.lang.Thread.run(Thread.java:748)
Caused by: org.apache.ratis.thirdparty.io.grpc.StatusRuntimeException: UNAVAILABLE: io exception
	at org.apache.ratis.thirdparty.io.grpc.stub.ClientCalls.toStatusRuntimeException(ClientCalls.java:233)
	at org.apache.ratis.thirdparty.io.grpc.stub.ClientCalls.getUnchecked(ClientCalls.java:214)
	at org.apache.ratis.thirdparty.io.grpc.stub.ClientCalls.blockingUnaryCall(ClientCalls.java:139)
	at org.apache.ratis.proto.grpc.RaftServerProtocolServiceGrpc$RaftServerProtocolServiceBlockingStub.requestVote(RaftServerProtocolServiceGrpc.java:265)
	at org.apache.ratis.grpc.server.GrpcServerProtocolClient.requestVote(GrpcServerProtocolClient.java:99)
	at org.apache.ratis.grpc.server.GrpcService.requestVote(GrpcService.java:204)
	at org.apache.ratis.server.impl.LeaderElection.lambda$submitRequests$1(LeaderElection.java:234)
	at java.util.concurrent.FutureTask.run(FutureTask.java:266)
	at java.util.concurrent.Executors$RunnableAdapter.call(Executors.java:511)
	at java.util.concurrent.FutureTask.run(FutureTask.java:266)
	at java.util.concurrent.ThreadPoolExecutor.runWorker(ThreadPoolExecutor.java:1149)
	at java.util.concurrent.ThreadPoolExecutor$Worker.run(ThreadPoolExecutor.java:624)
	... 1 more
Caused by: org.apache.ratis.thirdparty.io.netty.channel.AbstractChannel$AnnotatedConnectException: Connection refused: /192.168.34.56:46415
	at sun.nio.ch.SocketChannelImpl.checkConnect(Native Method)
	at sun.nio.ch.SocketChannelImpl.finishConnect(SocketChannelImpl.java:717)
	at org.apache.ratis.thirdparty.io.netty.channel.socket.nio.NioSocketChannel.doFinishConnect(NioSocketChannel.java:327)
	at org.apache.ratis.thirdparty.io.netty.channel.nio.AbstractNioChannel$AbstractNioUnsafe.finishConnect(AbstractNioChannel.java:340)
	at org.apache.ratis.thirdparty.io.netty.channel.nio.NioEventLoop.processSelectedKey(NioEventLoop.java:632)
	at org.apache.ratis.thirdparty.io.netty.channel.nio.NioEventLoop.processSelectedKeysOptimized(NioEventLoop.java:579)
	at org.apache.ratis.thirdparty.io.netty.channel.nio.NioEventLoop.processSelectedKeys(NioEventLoop.java:496)
	at org.apache.ratis.thirdparty.io.netty.channel.nio.NioEventLoop.run(NioEventLoop.java:458)
	at org.apache.ratis.thirdparty.io.netty.util.concurrent.SingleThreadEventExecutor$5.run(SingleThreadEventExecutor.java:897)
	at org.apache.ratis.thirdparty.io.netty.util.concurrent.FastThreadLocalRunnable.run(FastThreadLocalRunnable.java:30)
	... 1 more
Caused by: java.net.ConnectException: Connection refused
	... 11 more
2019-10-18 13:02:01,565 [c124d131-afb9-4343-ad4e-aaebde613043@group-FF4202234884-LeaderElection368] INFO  impl.LeaderElection (LeaderElection.java:askForVotes(178)) - c124d131-afb9-4343-ad4e-aaebde613043@group-FF4202234884-LeaderElection368: begin an election at term 203 for -1: [999343e7-0330-4874-a345-91eca72585e0:192.168.34.56:44872, c124d131-afb9-4343-ad4e-aaebde613043:192.168.34.56:42116, e5bb327f-cdd7-4e49-919e-13a4c895fddf:192.168.34.56:36658], old=null
2019-10-18 13:02:01,566 [c124d131-afb9-4343-ad4e-aaebde613043@group-FF4202234884-LeaderElection368] INFO  impl.LeaderElection (LogUtils.java:infoOrTrace(149)) - c124d131-afb9-4343-ad4e-aaebde613043@group-FF4202234884-LeaderElection368 got exception when requesting votes: {}
java.util.concurrent.ExecutionException: org.apache.ratis.thirdparty.io.grpc.StatusRuntimeException: UNAVAILABLE: io exception
	at java.util.concurrent.FutureTask.report(FutureTask.java:122)
	at java.util.concurrent.FutureTask.get(FutureTask.java:192)
	at org.apache.ratis.server.impl.LeaderElection.waitForResults(LeaderElection.java:259)
	at org.apache.ratis.server.impl.LeaderElection.askForVotes(LeaderElection.java:197)
	at org.apache.ratis.server.impl.LeaderElection.run(LeaderElection.java:133)
	at java.lang.Thread.run(Thread.java:748)
Caused by: org.apache.ratis.thirdparty.io.grpc.StatusRuntimeException: UNAVAILABLE: io exception
	at org.apache.ratis.thirdparty.io.grpc.stub.ClientCalls.toStatusRuntimeException(ClientCalls.java:233)
	at org.apache.ratis.thirdparty.io.grpc.stub.ClientCalls.getUnchecked(ClientCalls.java:214)
	at org.apache.ratis.thirdparty.io.grpc.stub.ClientCalls.blockingUnaryCall(ClientCalls.java:139)
	at org.apache.ratis.proto.grpc.RaftServerProtocolServiceGrpc$RaftServerProtocolServiceBlockingStub.requestVote(RaftServerProtocolServiceGrpc.java:265)
	at org.apache.ratis.grpc.server.GrpcServerProtocolClient.requestVote(GrpcServerProtocolClient.java:99)
	at org.apache.ratis.grpc.server.GrpcService.requestVote(GrpcService.java:204)
	at org.apache.ratis.server.impl.LeaderElection.lambda$submitRequests$1(LeaderElection.java:234)
	at java.util.concurrent.FutureTask.run(FutureTask.java:266)
	at java.util.concurrent.Executors$RunnableAdapter.call(Executors.java:511)
	at java.util.concurrent.FutureTask.run(FutureTask.java:266)
	at java.util.concurrent.ThreadPoolExecutor.runWorker(ThreadPoolExecutor.java:1149)
	at java.util.concurrent.ThreadPoolExecutor$Worker.run(ThreadPoolExecutor.java:624)
	... 1 more
Caused by: org.apache.ratis.thirdparty.io.netty.channel.AbstractChannel$AnnotatedConnectException: Connection refused: /192.168.34.56:44872
	at sun.nio.ch.SocketChannelImpl.checkConnect(Native Method)
	at sun.nio.ch.SocketChannelImpl.finishConnect(SocketChannelImpl.java:717)
	at org.apache.ratis.thirdparty.io.netty.channel.socket.nio.NioSocketChannel.doFinishConnect(NioSocketChannel.java:327)
	at org.apache.ratis.thirdparty.io.netty.channel.nio.AbstractNioChannel$AbstractNioUnsafe.finishConnect(AbstractNioChannel.java:340)
	at org.apache.ratis.thirdparty.io.netty.channel.nio.NioEventLoop.processSelectedKey(NioEventLoop.java:632)
	at org.apache.ratis.thirdparty.io.netty.channel.nio.NioEventLoop.processSelectedKeysOptimized(NioEventLoop.java:579)
	at org.apache.ratis.thirdparty.io.netty.channel.nio.NioEventLoop.processSelectedKeys(NioEventLoop.java:496)
	at org.apache.ratis.thirdparty.io.netty.channel.nio.NioEventLoop.run(NioEventLoop.java:458)
	at org.apache.ratis.thirdparty.io.netty.util.concurrent.SingleThreadEventExecutor$5.run(SingleThreadEventExecutor.java:897)
	at org.apache.ratis.thirdparty.io.netty.util.concurrent.FastThreadLocalRunnable.run(FastThreadLocalRunnable.java:30)
	... 1 more
Caused by: java.net.ConnectException: Connection refused
	... 11 more
2019-10-18 13:02:01,566 [c124d131-afb9-4343-ad4e-aaebde613043@group-FF4202234884-LeaderElection368] INFO  impl.LeaderElection (LogUtils.java:infoOrTrace(149)) - c124d131-afb9-4343-ad4e-aaebde613043@group-FF4202234884-LeaderElection368 got exception when requesting votes: {}
java.util.concurrent.ExecutionException: org.apache.ratis.thirdparty.io.grpc.StatusRuntimeException: UNAVAILABLE: io exception
	at java.util.concurrent.FutureTask.report(FutureTask.java:122)
	at java.util.concurrent.FutureTask.get(FutureTask.java:192)
	at org.apache.ratis.server.impl.LeaderElection.waitForResults(LeaderElection.java:259)
	at org.apache.ratis.server.impl.LeaderElection.askForVotes(LeaderElection.java:197)
	at org.apache.ratis.server.impl.LeaderElection.run(LeaderElection.java:133)
	at java.lang.Thread.run(Thread.java:748)
Caused by: org.apache.ratis.thirdparty.io.grpc.StatusRuntimeException: UNAVAILABLE: io exception
	at org.apache.ratis.thirdparty.io.grpc.stub.ClientCalls.toStatusRuntimeException(ClientCalls.java:233)
	at org.apache.ratis.thirdparty.io.grpc.stub.ClientCalls.getUnchecked(ClientCalls.java:214)
	at org.apache.ratis.thirdparty.io.grpc.stub.ClientCalls.blockingUnaryCall(ClientCalls.java:139)
	at org.apache.ratis.proto.grpc.RaftServerProtocolServiceGrpc$RaftServerProtocolServiceBlockingStub.requestVote(RaftServerProtocolServiceGrpc.java:265)
	at org.apache.ratis.grpc.server.GrpcServerProtocolClient.requestVote(GrpcServerProtocolClient.java:99)
	at org.apache.ratis.grpc.server.GrpcService.requestVote(GrpcService.java:204)
	at org.apache.ratis.server.impl.LeaderElection.lambda$submitRequests$1(LeaderElection.java:234)
	at java.util.concurrent.FutureTask.run(FutureTask.java:266)
	at java.util.concurrent.Executors$RunnableAdapter.call(Executors.java:511)
	at java.util.concurrent.FutureTask.run(FutureTask.java:266)
	at java.util.concurrent.ThreadPoolExecutor.runWorker(ThreadPoolExecutor.java:1149)
	at java.util.concurrent.ThreadPoolExecutor$Worker.run(ThreadPoolExecutor.java:624)
	... 1 more
Caused by: org.apache.ratis.thirdparty.io.netty.channel.AbstractChannel$AnnotatedConnectException: Connection refused: /192.168.34.56:36658
	at sun.nio.ch.SocketChannelImpl.checkConnect(Native Method)
	at sun.nio.ch.SocketChannelImpl.finishConnect(SocketChannelImpl.java:717)
	at org.apache.ratis.thirdparty.io.netty.channel.socket.nio.NioSocketChannel.doFinishConnect(NioSocketChannel.java:327)
	at org.apache.ratis.thirdparty.io.netty.channel.nio.AbstractNioChannel$AbstractNioUnsafe.finishConnect(AbstractNioChannel.java:340)
	at org.apache.ratis.thirdparty.io.netty.channel.nio.NioEventLoop.processSelectedKey(NioEventLoop.java:632)
	at org.apache.ratis.thirdparty.io.netty.channel.nio.NioEventLoop.processSelectedKeysOptimized(NioEventLoop.java:579)
	at org.apache.ratis.thirdparty.io.netty.channel.nio.NioEventLoop.processSelectedKeys(NioEventLoop.java:496)
	at org.apache.ratis.thirdparty.io.netty.channel.nio.NioEventLoop.run(NioEventLoop.java:458)
	at org.apache.ratis.thirdparty.io.netty.util.concurrent.SingleThreadEventExecutor$5.run(SingleThreadEventExecutor.java:897)
	at org.apache.ratis.thirdparty.io.netty.util.concurrent.FastThreadLocalRunnable.run(FastThreadLocalRunnable.java:30)
	... 1 more
Caused by: java.net.ConnectException: Connection refused
	... 11 more
2019-10-18 13:02:01,566 [c124d131-afb9-4343-ad4e-aaebde613043@group-FF4202234884-LeaderElection368] INFO  impl.LeaderElection (LeaderElection.java:logAndReturn(56)) - c124d131-afb9-4343-ad4e-aaebde613043@group-FF4202234884-LeaderElection368: Election REJECTED; received 0 response(s) [] and 2 exception(s); c124d131-afb9-4343-ad4e-aaebde613043@group-FF4202234884:t203, leader=null, voted=c124d131-afb9-4343-ad4e-aaebde613043, raftlog=c124d131-afb9-4343-ad4e-aaebde613043@group-FF4202234884-SegmentedRaftLog:OPENED:c-1,f-1,i0, conf=-1: [999343e7-0330-4874-a345-91eca72585e0:192.168.34.56:44872, c124d131-afb9-4343-ad4e-aaebde613043:192.168.34.56:42116, e5bb327f-cdd7-4e49-919e-13a4c895fddf:192.168.34.56:36658], old=null
2019-10-18 13:02:01,566 [c124d131-afb9-4343-ad4e-aaebde613043@group-FF4202234884-LeaderElection368] INFO  impl.LeaderElection (LogUtils.java:infoOrTrace(149)) -   Exception 0: {}
java.util.concurrent.ExecutionException: org.apache.ratis.thirdparty.io.grpc.StatusRuntimeException: UNAVAILABLE: io exception
	at java.util.concurrent.FutureTask.report(FutureTask.java:122)
	at java.util.concurrent.FutureTask.get(FutureTask.java:192)
	at org.apache.ratis.server.impl.LeaderElection.waitForResults(LeaderElection.java:259)
	at org.apache.ratis.server.impl.LeaderElection.askForVotes(LeaderElection.java:197)
	at org.apache.ratis.server.impl.LeaderElection.run(LeaderElection.java:133)
	at java.lang.Thread.run(Thread.java:748)
Caused by: org.apache.ratis.thirdparty.io.grpc.StatusRuntimeException: UNAVAILABLE: io exception
	at org.apache.ratis.thirdparty.io.grpc.stub.ClientCalls.toStatusRuntimeException(ClientCalls.java:233)
	at org.apache.ratis.thirdparty.io.grpc.stub.ClientCalls.getUnchecked(ClientCalls.java:214)
	at org.apache.ratis.thirdparty.io.grpc.stub.ClientCalls.blockingUnaryCall(ClientCalls.java:139)
	at org.apache.ratis.proto.grpc.RaftServerProtocolServiceGrpc$RaftServerProtocolServiceBlockingStub.requestVote(RaftServerProtocolServiceGrpc.java:265)
	at org.apache.ratis.grpc.server.GrpcServerProtocolClient.requestVote(GrpcServerProtocolClient.java:99)
	at org.apache.ratis.grpc.server.GrpcService.requestVote(GrpcService.java:204)
	at org.apache.ratis.server.impl.LeaderElection.lambda$submitRequests$1(LeaderElection.java:234)
	at java.util.concurrent.FutureTask.run(FutureTask.java:266)
	at java.util.concurrent.Executors$RunnableAdapter.call(Executors.java:511)
	at java.util.concurrent.FutureTask.run(FutureTask.java:266)
	at java.util.concurrent.ThreadPoolExecutor.runWorker(ThreadPoolExecutor.java:1149)
	at java.util.concurrent.ThreadPoolExecutor$Worker.run(ThreadPoolExecutor.java:624)
	... 1 more
Caused by: org.apache.ratis.thirdparty.io.netty.channel.AbstractChannel$AnnotatedConnectException: Connection refused: /192.168.34.56:44872
	at sun.nio.ch.SocketChannelImpl.checkConnect(Native Method)
	at sun.nio.ch.SocketChannelImpl.finishConnect(SocketChannelImpl.java:717)
	at org.apache.ratis.thirdparty.io.netty.channel.socket.nio.NioSocketChannel.doFinishConnect(NioSocketChannel.java:327)
	at org.apache.ratis.thirdparty.io.netty.channel.nio.AbstractNioChannel$AbstractNioUnsafe.finishConnect(AbstractNioChannel.java:340)
	at org.apache.ratis.thirdparty.io.netty.channel.nio.NioEventLoop.processSelectedKey(NioEventLoop.java:632)
	at org.apache.ratis.thirdparty.io.netty.channel.nio.NioEventLoop.processSelectedKeysOptimized(NioEventLoop.java:579)
	at org.apache.ratis.thirdparty.io.netty.channel.nio.NioEventLoop.processSelectedKeys(NioEventLoop.java:496)
	at org.apache.ratis.thirdparty.io.netty.channel.nio.NioEventLoop.run(NioEventLoop.java:458)
	at org.apache.ratis.thirdparty.io.netty.util.concurrent.SingleThreadEventExecutor$5.run(SingleThreadEventExecutor.java:897)
	at org.apache.ratis.thirdparty.io.netty.util.concurrent.FastThreadLocalRunnable.run(FastThreadLocalRunnable.java:30)
	... 1 more
Caused by: java.net.ConnectException: Connection refused
	... 11 more
2019-10-18 13:02:01,567 [c124d131-afb9-4343-ad4e-aaebde613043@group-FF4202234884-LeaderElection368] INFO  impl.LeaderElection (LogUtils.java:infoOrTrace(149)) -   Exception 1: {}
java.util.concurrent.ExecutionException: org.apache.ratis.thirdparty.io.grpc.StatusRuntimeException: UNAVAILABLE: io exception
	at java.util.concurrent.FutureTask.report(FutureTask.java:122)
	at java.util.concurrent.FutureTask.get(FutureTask.java:192)
	at org.apache.ratis.server.impl.LeaderElection.waitForResults(LeaderElection.java:259)
	at org.apache.ratis.server.impl.LeaderElection.askForVotes(LeaderElection.java:197)
	at org.apache.ratis.server.impl.LeaderElection.run(LeaderElection.java:133)
	at java.lang.Thread.run(Thread.java:748)
Caused by: org.apache.ratis.thirdparty.io.grpc.StatusRuntimeException: UNAVAILABLE: io exception
	at org.apache.ratis.thirdparty.io.grpc.stub.ClientCalls.toStatusRuntimeException(ClientCalls.java:233)
	at org.apache.ratis.thirdparty.io.grpc.stub.ClientCalls.getUnchecked(ClientCalls.java:214)
	at org.apache.ratis.thirdparty.io.grpc.stub.ClientCalls.blockingUnaryCall(ClientCalls.java:139)
	at org.apache.ratis.proto.grpc.RaftServerProtocolServiceGrpc$RaftServerProtocolServiceBlockingStub.requestVote(RaftServerProtocolServiceGrpc.java:265)
	at org.apache.ratis.grpc.server.GrpcServerProtocolClient.requestVote(GrpcServerProtocolClient.java:99)
	at org.apache.ratis.grpc.server.GrpcService.requestVote(GrpcService.java:204)
	at org.apache.ratis.server.impl.LeaderElection.lambda$submitRequests$1(LeaderElection.java:234)
	at java.util.concurrent.FutureTask.run(FutureTask.java:266)
	at java.util.concurrent.Executors$RunnableAdapter.call(Executors.java:511)
	at java.util.concurrent.FutureTask.run(FutureTask.java:266)
	at java.util.concurrent.ThreadPoolExecutor.runWorker(ThreadPoolExecutor.java:1149)
	at java.util.concurrent.ThreadPoolExecutor$Worker.run(ThreadPoolExecutor.java:624)
	... 1 more
Caused by: org.apache.ratis.thirdparty.io.netty.channel.AbstractChannel$AnnotatedConnectException: Connection refused: /192.168.34.56:36658
	at sun.nio.ch.SocketChannelImpl.checkConnect(Native Method)
	at sun.nio.ch.SocketChannelImpl.finishConnect(SocketChannelImpl.java:717)
	at org.apache.ratis.thirdparty.io.netty.channel.socket.nio.NioSocketChannel.doFinishConnect(NioSocketChannel.java:327)
	at org.apache.ratis.thirdparty.io.netty.channel.nio.AbstractNioChannel$AbstractNioUnsafe.finishConnect(AbstractNioChannel.java:340)
	at org.apache.ratis.thirdparty.io.netty.channel.nio.NioEventLoop.processSelectedKey(NioEventLoop.java:632)
	at org.apache.ratis.thirdparty.io.netty.channel.nio.NioEventLoop.processSelectedKeysOptimized(NioEventLoop.java:579)
	at org.apache.ratis.thirdparty.io.netty.channel.nio.NioEventLoop.processSelectedKeys(NioEventLoop.java:496)
	at org.apache.ratis.thirdparty.io.netty.channel.nio.NioEventLoop.run(NioEventLoop.java:458)
	at org.apache.ratis.thirdparty.io.netty.util.concurrent.SingleThreadEventExecutor$5.run(SingleThreadEventExecutor.java:897)
	at org.apache.ratis.thirdparty.io.netty.util.concurrent.FastThreadLocalRunnable.run(FastThreadLocalRunnable.java:30)
	... 1 more
Caused by: java.net.ConnectException: Connection refused
	... 11 more
2019-10-18 13:02:01,567 [c124d131-afb9-4343-ad4e-aaebde613043@group-FF4202234884-LeaderElection368] INFO  impl.RaftServerImpl (RaftServerImpl.java:setRole(184)) - c124d131-afb9-4343-ad4e-aaebde613043@group-FF4202234884: changes role from CANDIDATE to FOLLOWER at term 203 for DISCOVERED_A_NEW_TERM
2019-10-18 13:02:01,567 [c124d131-afb9-4343-ad4e-aaebde613043@group-FF4202234884-LeaderElection368] INFO  impl.RoleInfo (RoleInfo.java:shutdownLeaderElection(134)) - c124d131-afb9-4343-ad4e-aaebde613043: shutdown LeaderElection
2019-10-18 13:02:01,567 [c124d131-afb9-4343-ad4e-aaebde613043@group-FF4202234884-LeaderElection368] INFO  impl.RoleInfo (RoleInfo.java:updateAndGet(143)) - c124d131-afb9-4343-ad4e-aaebde613043: start FollowerState
2019-10-18 13:02:01,588 [018b3f78-d19f-4e26-a796-cb8ddc4f97cf@group-187684C21557-LeaderElection366] INFO  impl.LeaderElection (LeaderElection.java:askForVotes(178)) - 018b3f78-d19f-4e26-a796-cb8ddc4f97cf@group-187684C21557-LeaderElection366: begin an election at term 213 for -1: [893cf03e-f2cf-478a-892a-a746717e50e3:192.168.34.56:40750, 8697df36-98d2-41b1-bdc7-60597b3b5526:192.168.34.56:46415, 018b3f78-d19f-4e26-a796-cb8ddc4f97cf:192.168.34.56:35845], old=null
2019-10-18 13:02:01,589 [018b3f78-d19f-4e26-a796-cb8ddc4f97cf@group-187684C21557-LeaderElection366] INFO  impl.LeaderElection (LogUtils.java:infoOrTrace(149)) - 018b3f78-d19f-4e26-a796-cb8ddc4f97cf@group-187684C21557-LeaderElection366 got exception when requesting votes: {}
java.util.concurrent.ExecutionException: org.apache.ratis.thirdparty.io.grpc.StatusRuntimeException: UNAVAILABLE: io exception
	at java.util.concurrent.FutureTask.report(FutureTask.java:122)
	at java.util.concurrent.FutureTask.get(FutureTask.java:192)
	at org.apache.ratis.server.impl.LeaderElection.waitForResults(LeaderElection.java:259)
	at org.apache.ratis.server.impl.LeaderElection.askForVotes(LeaderElection.java:197)
	at org.apache.ratis.server.impl.LeaderElection.run(LeaderElection.java:133)
	at java.lang.Thread.run(Thread.java:748)
Caused by: org.apache.ratis.thirdparty.io.grpc.StatusRuntimeException: UNAVAILABLE: io exception
	at org.apache.ratis.thirdparty.io.grpc.stub.ClientCalls.toStatusRuntimeException(ClientCalls.java:233)
	at org.apache.ratis.thirdparty.io.grpc.stub.ClientCalls.getUnchecked(ClientCalls.java:214)
	at org.apache.ratis.thirdparty.io.grpc.stub.ClientCalls.blockingUnaryCall(ClientCalls.java:139)
	at org.apache.ratis.proto.grpc.RaftServerProtocolServiceGrpc$RaftServerProtocolServiceBlockingStub.requestVote(RaftServerProtocolServiceGrpc.java:265)
	at org.apache.ratis.grpc.server.GrpcServerProtocolClient.requestVote(GrpcServerProtocolClient.java:99)
	at org.apache.ratis.grpc.server.GrpcService.requestVote(GrpcService.java:204)
	at org.apache.ratis.server.impl.LeaderElection.lambda$submitRequests$1(LeaderElection.java:234)
	at java.util.concurrent.FutureTask.run(FutureTask.java:266)
	at java.util.concurrent.Executors$RunnableAdapter.call(Executors.java:511)
	at java.util.concurrent.FutureTask.run(FutureTask.java:266)
	at java.util.concurrent.ThreadPoolExecutor.runWorker(ThreadPoolExecutor.java:1149)
	at java.util.concurrent.ThreadPoolExecutor$Worker.run(ThreadPoolExecutor.java:624)
	... 1 more
Caused by: org.apache.ratis.thirdparty.io.netty.channel.AbstractChannel$AnnotatedConnectException: Connection refused: /192.168.34.56:46415
	at sun.nio.ch.SocketChannelImpl.checkConnect(Native Method)
	at sun.nio.ch.SocketChannelImpl.finishConnect(SocketChannelImpl.java:717)
	at org.apache.ratis.thirdparty.io.netty.channel.socket.nio.NioSocketChannel.doFinishConnect(NioSocketChannel.java:327)
	at org.apache.ratis.thirdparty.io.netty.channel.nio.AbstractNioChannel$AbstractNioUnsafe.finishConnect(AbstractNioChannel.java:340)
	at org.apache.ratis.thirdparty.io.netty.channel.nio.NioEventLoop.processSelectedKey(NioEventLoop.java:632)
	at org.apache.ratis.thirdparty.io.netty.channel.nio.NioEventLoop.processSelectedKeysOptimized(NioEventLoop.java:579)
	at org.apache.ratis.thirdparty.io.netty.channel.nio.NioEventLoop.processSelectedKeys(NioEventLoop.java:496)
	at org.apache.ratis.thirdparty.io.netty.channel.nio.NioEventLoop.run(NioEventLoop.java:458)
	at org.apache.ratis.thirdparty.io.netty.util.concurrent.SingleThreadEventExecutor$5.run(SingleThreadEventExecutor.java:897)
	at org.apache.ratis.thirdparty.io.netty.util.concurrent.FastThreadLocalRunnable.run(FastThreadLocalRunnable.java:30)
	... 1 more
Caused by: java.net.ConnectException: Connection refused
	... 11 more
2019-10-18 13:02:01,589 [grpc-default-executor-7] INFO  impl.RaftServerImpl (RaftServerImpl.java:setRole(184)) - 893cf03e-f2cf-478a-892a-a746717e50e3@group-187684C21557: changes role from  FOLLOWER to FOLLOWER at term 213 for recognizeCandidate:018b3f78-d19f-4e26-a796-cb8ddc4f97cf
2019-10-18 13:02:01,589 [grpc-default-executor-7] INFO  impl.RoleInfo (RoleInfo.java:shutdownFollowerState(121)) - 893cf03e-f2cf-478a-892a-a746717e50e3: shutdown FollowerState
2019-10-18 13:02:01,589 [grpc-default-executor-7] INFO  impl.RoleInfo (RoleInfo.java:updateAndGet(143)) - 893cf03e-f2cf-478a-892a-a746717e50e3: start FollowerState
2019-10-18 13:02:01,589 [Thread-2883] INFO  impl.FollowerState (FollowerState.java:run(117)) - 893cf03e-f2cf-478a-892a-a746717e50e3@group-187684C21557-FollowerState was interrupted: java.lang.InterruptedException: sleep interrupted
2019-10-18 13:02:01,614 [018b3f78-d19f-4e26-a796-cb8ddc4f97cf@group-187684C21557-LeaderElection366] INFO  impl.LeaderElection (LeaderElection.java:logAndReturn(56)) - 018b3f78-d19f-4e26-a796-cb8ddc4f97cf@group-187684C21557-LeaderElection366: Election REJECTED; received 1 response(s) [018b3f78-d19f-4e26-a796-cb8ddc4f97cf<-893cf03e-f2cf-478a-892a-a746717e50e3#0:FAIL-t213] and 1 exception(s); 018b3f78-d19f-4e26-a796-cb8ddc4f97cf@group-187684C21557:t213, leader=null, voted=018b3f78-d19f-4e26-a796-cb8ddc4f97cf, raftlog=018b3f78-d19f-4e26-a796-cb8ddc4f97cf@group-187684C21557-SegmentedRaftLog:OPENED:c-1,f-1,i0, conf=-1: [893cf03e-f2cf-478a-892a-a746717e50e3:192.168.34.56:40750, 8697df36-98d2-41b1-bdc7-60597b3b5526:192.168.34.56:46415, 018b3f78-d19f-4e26-a796-cb8ddc4f97cf:192.168.34.56:35845], old=null
2019-10-18 13:02:01,614 [018b3f78-d19f-4e26-a796-cb8ddc4f97cf@group-187684C21557-LeaderElection366] INFO  impl.LeaderElection (LogUtils.java:infoOrTrace(149)) -   Exception 0: {}
java.util.concurrent.ExecutionException: org.apache.ratis.thirdparty.io.grpc.StatusRuntimeException: UNAVAILABLE: io exception
	at java.util.concurrent.FutureTask.report(FutureTask.java:122)
	at java.util.concurrent.FutureTask.get(FutureTask.java:192)
	at org.apache.ratis.server.impl.LeaderElection.waitForResults(LeaderElection.java:259)
	at org.apache.ratis.server.impl.LeaderElection.askForVotes(LeaderElection.java:197)
	at org.apache.ratis.server.impl.LeaderElection.run(LeaderElection.java:133)
	at java.lang.Thread.run(Thread.java:748)
Caused by: org.apache.ratis.thirdparty.io.grpc.StatusRuntimeException: UNAVAILABLE: io exception
	at org.apache.ratis.thirdparty.io.grpc.stub.ClientCalls.toStatusRuntimeException(ClientCalls.java:233)
	at org.apache.ratis.thirdparty.io.grpc.stub.ClientCalls.getUnchecked(ClientCalls.java:214)
	at org.apache.ratis.thirdparty.io.grpc.stub.ClientCalls.blockingUnaryCall(ClientCalls.java:139)
	at org.apache.ratis.proto.grpc.RaftServerProtocolServiceGrpc$RaftServerProtocolServiceBlockingStub.requestVote(RaftServerProtocolServiceGrpc.java:265)
	at org.apache.ratis.grpc.server.GrpcServerProtocolClient.requestVote(GrpcServerProtocolClient.java:99)
	at org.apache.ratis.grpc.server.GrpcService.requestVote(GrpcService.java:204)
	at org.apache.ratis.server.impl.LeaderElection.lambda$submitRequests$1(LeaderElection.java:234)
	at java.util.concurrent.FutureTask.run(FutureTask.java:266)
	at java.util.concurrent.Executors$RunnableAdapter.call(Executors.java:511)
	at java.util.concurrent.FutureTask.run(FutureTask.java:266)
	at java.util.concurrent.ThreadPoolExecutor.runWorker(ThreadPoolExecutor.java:1149)
	at java.util.concurrent.ThreadPoolExecutor$Worker.run(ThreadPoolExecutor.java:624)
	... 1 more
Caused by: org.apache.ratis.thirdparty.io.netty.channel.AbstractChannel$AnnotatedConnectException: Connection refused: /192.168.34.56:46415
	at sun.nio.ch.SocketChannelImpl.checkConnect(Native Method)
	at sun.nio.ch.SocketChannelImpl.finishConnect(SocketChannelImpl.java:717)
	at org.apache.ratis.thirdparty.io.netty.channel.socket.nio.NioSocketChannel.doFinishConnect(NioSocketChannel.java:327)
	at org.apache.ratis.thirdparty.io.netty.channel.nio.AbstractNioChannel$AbstractNioUnsafe.finishConnect(AbstractNioChannel.java:340)
	at org.apache.ratis.thirdparty.io.netty.channel.nio.NioEventLoop.processSelectedKey(NioEventLoop.java:632)
	at org.apache.ratis.thirdparty.io.netty.channel.nio.NioEventLoop.processSelectedKeysOptimized(NioEventLoop.java:579)
	at org.apache.ratis.thirdparty.io.netty.channel.nio.NioEventLoop.processSelectedKeys(NioEventLoop.java:496)
	at org.apache.ratis.thirdparty.io.netty.channel.nio.NioEventLoop.run(NioEventLoop.java:458)
	at org.apache.ratis.thirdparty.io.netty.util.concurrent.SingleThreadEventExecutor$5.run(SingleThreadEventExecutor.java:897)
	at org.apache.ratis.thirdparty.io.netty.util.concurrent.FastThreadLocalRunnable.run(FastThreadLocalRunnable.java:30)
	... 1 more
Caused by: java.net.ConnectException: Connection refused
	... 11 more
2019-10-18 13:02:01,614 [018b3f78-d19f-4e26-a796-cb8ddc4f97cf@group-187684C21557-LeaderElection366] INFO  impl.RaftServerImpl (RaftServerImpl.java:setRole(184)) - 018b3f78-d19f-4e26-a796-cb8ddc4f97cf@group-187684C21557: changes role from CANDIDATE to FOLLOWER at term 213 for DISCOVERED_A_NEW_TERM
2019-10-18 13:02:01,614 [018b3f78-d19f-4e26-a796-cb8ddc4f97cf@group-187684C21557-LeaderElection366] INFO  impl.RoleInfo (RoleInfo.java:shutdownLeaderElection(134)) - 018b3f78-d19f-4e26-a796-cb8ddc4f97cf: shutdown LeaderElection
2019-10-18 13:02:01,614 [018b3f78-d19f-4e26-a796-cb8ddc4f97cf@group-187684C21557-LeaderElection366] INFO  impl.RoleInfo (RoleInfo.java:updateAndGet(143)) - 018b3f78-d19f-4e26-a796-cb8ddc4f97cf: start FollowerState
2019-10-18 13:02:01,626 [Thread-2892] INFO  impl.FollowerState (FollowerState.java:run(108)) - 018b3f78-d19f-4e26-a796-cb8ddc4f97cf@group-187684C21557-FollowerState: change to CANDIDATE, lastRpcTime:12ms, electionTimeout:12ms
2019-10-18 13:02:01,627 [Thread-2892] INFO  impl.RoleInfo (RoleInfo.java:shutdownFollowerState(121)) - 018b3f78-d19f-4e26-a796-cb8ddc4f97cf: shutdown FollowerState
2019-10-18 13:02:01,627 [Thread-2892] INFO  impl.RaftServerImpl (RaftServerImpl.java:setRole(184)) - 018b3f78-d19f-4e26-a796-cb8ddc4f97cf@group-187684C21557: changes role from  FOLLOWER to CANDIDATE at term 213 for changeToCandidate
2019-10-18 13:02:01,627 [Thread-2892] INFO  impl.RoleInfo (RoleInfo.java:updateAndGet(143)) - 018b3f78-d19f-4e26-a796-cb8ddc4f97cf: start LeaderElection
2019-10-18 13:02:01,651 [018b3f78-d19f-4e26-a796-cb8ddc4f97cf@group-187684C21557-LeaderElection369] INFO  impl.LeaderElection (LeaderElection.java:askForVotes(178)) - 018b3f78-d19f-4e26-a796-cb8ddc4f97cf@group-187684C21557-LeaderElection369: begin an election at term 214 for -1: [893cf03e-f2cf-478a-892a-a746717e50e3:192.168.34.56:40750, 8697df36-98d2-41b1-bdc7-60597b3b5526:192.168.34.56:46415, 018b3f78-d19f-4e26-a796-cb8ddc4f97cf:192.168.34.56:35845], old=null
2019-10-18 13:02:01,652 [018b3f78-d19f-4e26-a796-cb8ddc4f97cf@group-187684C21557-LeaderElection369] INFO  impl.LeaderElection (LogUtils.java:infoOrTrace(149)) - 018b3f78-d19f-4e26-a796-cb8ddc4f97cf@group-187684C21557-LeaderElection369 got exception when requesting votes: {}
java.util.concurrent.ExecutionException: org.apache.ratis.thirdparty.io.grpc.StatusRuntimeException: UNAVAILABLE: io exception
	at java.util.concurrent.FutureTask.report(FutureTask.java:122)
	at java.util.concurrent.FutureTask.get(FutureTask.java:192)
	at org.apache.ratis.server.impl.LeaderElection.waitForResults(LeaderElection.java:259)
	at org.apache.ratis.server.impl.LeaderElection.askForVotes(LeaderElection.java:197)
	at org.apache.ratis.server.impl.LeaderElection.run(LeaderElection.java:133)
	at java.lang.Thread.run(Thread.java:748)
Caused by: org.apache.ratis.thirdparty.io.grpc.StatusRuntimeException: UNAVAILABLE: io exception
	at org.apache.ratis.thirdparty.io.grpc.stub.ClientCalls.toStatusRuntimeException(ClientCalls.java:233)
	at org.apache.ratis.thirdparty.io.grpc.stub.ClientCalls.getUnchecked(ClientCalls.java:214)
	at org.apache.ratis.thirdparty.io.grpc.stub.ClientCalls.blockingUnaryCall(ClientCalls.java:139)
	at org.apache.ratis.proto.grpc.RaftServerProtocolServiceGrpc$RaftServerProtocolServiceBlockingStub.requestVote(RaftServerProtocolServiceGrpc.java:265)
	at org.apache.ratis.grpc.server.GrpcServerProtocolClient.requestVote(GrpcServerProtocolClient.java:99)
	at org.apache.ratis.grpc.server.GrpcService.requestVote(GrpcService.java:204)
	at org.apache.ratis.server.impl.LeaderElection.lambda$submitRequests$1(LeaderElection.java:234)
	at java.util.concurrent.FutureTask.run(FutureTask.java:266)
	at java.util.concurrent.Executors$RunnableAdapter.call(Executors.java:511)
	at java.util.concurrent.FutureTask.run(FutureTask.java:266)
	at java.util.concurrent.ThreadPoolExecutor.runWorker(ThreadPoolExecutor.java:1149)
	at java.util.concurrent.ThreadPoolExecutor$Worker.run(ThreadPoolExecutor.java:624)
	... 1 more
Caused by: org.apache.ratis.thirdparty.io.netty.channel.AbstractChannel$AnnotatedConnectException: Connection refused: /192.168.34.56:46415
	at sun.nio.ch.SocketChannelImpl.checkConnect(Native Method)
	at sun.nio.ch.SocketChannelImpl.finishConnect(SocketChannelImpl.java:717)
	at org.apache.ratis.thirdparty.io.netty.channel.socket.nio.NioSocketChannel.doFinishConnect(NioSocketChannel.java:327)
	at org.apache.ratis.thirdparty.io.netty.channel.nio.AbstractNioChannel$AbstractNioUnsafe.finishConnect(AbstractNioChannel.java:340)
	at org.apache.ratis.thirdparty.io.netty.channel.nio.NioEventLoop.processSelectedKey(NioEventLoop.java:632)
	at org.apache.ratis.thirdparty.io.netty.channel.nio.NioEventLoop.processSelectedKeysOptimized(NioEventLoop.java:579)
	at org.apache.ratis.thirdparty.io.netty.channel.nio.NioEventLoop.processSelectedKeys(NioEventLoop.java:496)
	at org.apache.ratis.thirdparty.io.netty.channel.nio.NioEventLoop.run(NioEventLoop.java:458)
	at org.apache.ratis.thirdparty.io.netty.util.concurrent.SingleThreadEventExecutor$5.run(SingleThreadEventExecutor.java:897)
	at org.apache.ratis.thirdparty.io.netty.util.concurrent.FastThreadLocalRunnable.run(FastThreadLocalRunnable.java:30)
	... 1 more
Caused by: java.net.ConnectException: Connection refused
	... 11 more
2019-10-18 13:02:01,653 [grpc-default-executor-7] INFO  impl.RaftServerImpl (RaftServerImpl.java:setRole(184)) - 893cf03e-f2cf-478a-892a-a746717e50e3@group-187684C21557: changes role from  FOLLOWER to FOLLOWER at term 214 for recognizeCandidate:018b3f78-d19f-4e26-a796-cb8ddc4f97cf
2019-10-18 13:02:01,653 [grpc-default-executor-7] INFO  impl.RoleInfo (RoleInfo.java:shutdownFollowerState(121)) - 893cf03e-f2cf-478a-892a-a746717e50e3: shutdown FollowerState
2019-10-18 13:02:01,653 [grpc-default-executor-7] INFO  impl.RoleInfo (RoleInfo.java:updateAndGet(143)) - 893cf03e-f2cf-478a-892a-a746717e50e3: start FollowerState
2019-10-18 13:02:01,653 [Thread-2891] INFO  impl.FollowerState (FollowerState.java:run(117)) - 893cf03e-f2cf-478a-892a-a746717e50e3@group-187684C21557-FollowerState was interrupted: java.lang.InterruptedException: sleep interrupted
2019-10-18 13:02:01,676 [018b3f78-d19f-4e26-a796-cb8ddc4f97cf@group-187684C21557-LeaderElection369] INFO  impl.LeaderElection (LeaderElection.java:logAndReturn(56)) - 018b3f78-d19f-4e26-a796-cb8ddc4f97cf@group-187684C21557-LeaderElection369: Election REJECTED; received 1 response(s) [018b3f78-d19f-4e26-a796-cb8ddc4f97cf<-893cf03e-f2cf-478a-892a-a746717e50e3#0:FAIL-t214] and 1 exception(s); 018b3f78-d19f-4e26-a796-cb8ddc4f97cf@group-187684C21557:t214, leader=null, voted=018b3f78-d19f-4e26-a796-cb8ddc4f97cf, raftlog=018b3f78-d19f-4e26-a796-cb8ddc4f97cf@group-187684C21557-SegmentedRaftLog:OPENED:c-1,f-1,i0, conf=-1: [893cf03e-f2cf-478a-892a-a746717e50e3:192.168.34.56:40750, 8697df36-98d2-41b1-bdc7-60597b3b5526:192.168.34.56:46415, 018b3f78-d19f-4e26-a796-cb8ddc4f97cf:192.168.34.56:35845], old=null
2019-10-18 13:02:01,677 [018b3f78-d19f-4e26-a796-cb8ddc4f97cf@group-187684C21557-LeaderElection369] INFO  impl.LeaderElection (LogUtils.java:infoOrTrace(149)) -   Exception 0: {}
java.util.concurrent.ExecutionException: org.apache.ratis.thirdparty.io.grpc.StatusRuntimeException: UNAVAILABLE: io exception
	at java.util.concurrent.FutureTask.report(FutureTask.java:122)
	at java.util.concurrent.FutureTask.get(FutureTask.java:192)
	at org.apache.ratis.server.impl.LeaderElection.waitForResults(LeaderElection.java:259)
	at org.apache.ratis.server.impl.LeaderElection.askForVotes(LeaderElection.java:197)
	at org.apache.ratis.server.impl.LeaderElection.run(LeaderElection.java:133)
	at java.lang.Thread.run(Thread.java:748)
Caused by: org.apache.ratis.thirdparty.io.grpc.StatusRuntimeException: UNAVAILABLE: io exception
	at org.apache.ratis.thirdparty.io.grpc.stub.ClientCalls.toStatusRuntimeException(ClientCalls.java:233)
	at org.apache.ratis.thirdparty.io.grpc.stub.ClientCalls.getUnchecked(ClientCalls.java:214)
	at org.apache.ratis.thirdparty.io.grpc.stub.ClientCalls.blockingUnaryCall(ClientCalls.java:139)
	at org.apache.ratis.proto.grpc.RaftServerProtocolServiceGrpc$RaftServerProtocolServiceBlockingStub.requestVote(RaftServerProtocolServiceGrpc.java:265)
	at org.apache.ratis.grpc.server.GrpcServerProtocolClient.requestVote(GrpcServerProtocolClient.java:99)
	at org.apache.ratis.grpc.server.GrpcService.requestVote(GrpcService.java:204)
	at org.apache.ratis.server.impl.LeaderElection.lambda$submitRequests$1(LeaderElection.java:234)
	at java.util.concurrent.FutureTask.run(FutureTask.java:266)
	at java.util.concurrent.Executors$RunnableAdapter.call(Executors.java:511)
	at java.util.concurrent.FutureTask.run(FutureTask.java:266)
	at java.util.concurrent.ThreadPoolExecutor.runWorker(ThreadPoolExecutor.java:1149)
	at java.util.concurrent.ThreadPoolExecutor$Worker.run(ThreadPoolExecutor.java:624)
	... 1 more
Caused by: org.apache.ratis.thirdparty.io.netty.channel.AbstractChannel$AnnotatedConnectException: Connection refused: /192.168.34.56:46415
	at sun.nio.ch.SocketChannelImpl.checkConnect(Native Method)
	at sun.nio.ch.SocketChannelImpl.finishConnect(SocketChannelImpl.java:717)
	at org.apache.ratis.thirdparty.io.netty.channel.socket.nio.NioSocketChannel.doFinishConnect(NioSocketChannel.java:327)
	at org.apache.ratis.thirdparty.io.netty.channel.nio.AbstractNioChannel$AbstractNioUnsafe.finishConnect(AbstractNioChannel.java:340)
	at org.apache.ratis.thirdparty.io.netty.channel.nio.NioEventLoop.processSelectedKey(NioEventLoop.java:632)
	at org.apache.ratis.thirdparty.io.netty.channel.nio.NioEventLoop.processSelectedKeysOptimized(NioEventLoop.java:579)
	at org.apache.ratis.thirdparty.io.netty.channel.nio.NioEventLoop.processSelectedKeys(NioEventLoop.java:496)
	at org.apache.ratis.thirdparty.io.netty.channel.nio.NioEventLoop.run(NioEventLoop.java:458)
	at org.apache.ratis.thirdparty.io.netty.util.concurrent.SingleThreadEventExecutor$5.run(SingleThreadEventExecutor.java:897)
	at org.apache.ratis.thirdparty.io.netty.util.concurrent.FastThreadLocalRunnable.run(FastThreadLocalRunnable.java:30)
	... 1 more
Caused by: java.net.ConnectException: Connection refused
	... 11 more
2019-10-18 13:02:01,677 [018b3f78-d19f-4e26-a796-cb8ddc4f97cf@group-187684C21557-LeaderElection369] INFO  impl.RaftServerImpl (RaftServerImpl.java:setRole(184)) - 018b3f78-d19f-4e26-a796-cb8ddc4f97cf@group-187684C21557: changes role from CANDIDATE to FOLLOWER at term 214 for DISCOVERED_A_NEW_TERM
2019-10-18 13:02:01,677 [018b3f78-d19f-4e26-a796-cb8ddc4f97cf@group-187684C21557-LeaderElection369] INFO  impl.RoleInfo (RoleInfo.java:shutdownLeaderElection(134)) - 018b3f78-d19f-4e26-a796-cb8ddc4f97cf: shutdown LeaderElection
2019-10-18 13:02:01,677 [018b3f78-d19f-4e26-a796-cb8ddc4f97cf@group-187684C21557-LeaderElection369] INFO  impl.RoleInfo (RoleInfo.java:updateAndGet(143)) - 018b3f78-d19f-4e26-a796-cb8ddc4f97cf: start FollowerState
2019-10-18 13:02:01,689 [java.util.concurrent.ThreadPoolExecutor$Worker@7a2507ec[State = -1, empty queue]] WARN  server.GrpcLogAppender (GrpcLogAppender.java:timeoutAppendRequest(209)) - 17618ccc-f51c-4f14-92cf-842ef2c05e35@group-08BD6F798C58->32d97539-eb73-46c6-a759-05f11ff00f4c-GrpcLogAppender: appendEntries Timeout, request=17618ccc-f51c-4f14-92cf-842ef2c05e35->32d97539-eb73-46c6-a759-05f11ff00f4c#87-t10, previous=(t:10, i:19), leaderCommit=19, initializing? false, entries: <empty>
2019-10-18 13:02:01,697 [Thread-2888] INFO  impl.FollowerState (FollowerState.java:run(108)) - c124d131-afb9-4343-ad4e-aaebde613043@group-FF4202234884-FollowerState: change to CANDIDATE, lastRpcTime:130ms, electionTimeout:130ms
2019-10-18 13:02:01,697 [Thread-2888] INFO  impl.RoleInfo (RoleInfo.java:shutdownFollowerState(121)) - c124d131-afb9-4343-ad4e-aaebde613043: shutdown FollowerState
2019-10-18 13:02:01,697 [Thread-2888] INFO  impl.RaftServerImpl (RaftServerImpl.java:setRole(184)) - c124d131-afb9-4343-ad4e-aaebde613043@group-FF4202234884: changes role from  FOLLOWER to CANDIDATE at term 203 for changeToCandidate
2019-10-18 13:02:01,698 [Thread-2888] INFO  impl.RoleInfo (RoleInfo.java:updateAndGet(143)) - c124d131-afb9-4343-ad4e-aaebde613043: start LeaderElection
2019-10-18 13:02:01,721 [c124d131-afb9-4343-ad4e-aaebde613043@group-FF4202234884-LeaderElection370] INFO  impl.LeaderElection (LeaderElection.java:askForVotes(178)) - c124d131-afb9-4343-ad4e-aaebde613043@group-FF4202234884-LeaderElection370: begin an election at term 204 for -1: [999343e7-0330-4874-a345-91eca72585e0:192.168.34.56:44872, c124d131-afb9-4343-ad4e-aaebde613043:192.168.34.56:42116, e5bb327f-cdd7-4e49-919e-13a4c895fddf:192.168.34.56:36658], old=null
2019-10-18 13:02:01,722 [c124d131-afb9-4343-ad4e-aaebde613043@group-FF4202234884-LeaderElection370] INFO  impl.LeaderElection (LogUtils.java:infoOrTrace(149)) - c124d131-afb9-4343-ad4e-aaebde613043@group-FF4202234884-LeaderElection370 got exception when requesting votes: {}
java.util.concurrent.ExecutionException: org.apache.ratis.thirdparty.io.grpc.StatusRuntimeException: UNAVAILABLE: io exception
	at java.util.concurrent.FutureTask.report(FutureTask.java:122)
	at java.util.concurrent.FutureTask.get(FutureTask.java:192)
	at org.apache.ratis.server.impl.LeaderElection.waitForResults(LeaderElection.java:259)
	at org.apache.ratis.server.impl.LeaderElection.askForVotes(LeaderElection.java:197)
	at org.apache.ratis.server.impl.LeaderElection.run(LeaderElection.java:133)
	at java.lang.Thread.run(Thread.java:748)
Caused by: org.apache.ratis.thirdparty.io.grpc.StatusRuntimeException: UNAVAILABLE: io exception
	at org.apache.ratis.thirdparty.io.grpc.stub.ClientCalls.toStatusRuntimeException(ClientCalls.java:233)
	at org.apache.ratis.thirdparty.io.grpc.stub.ClientCalls.getUnchecked(ClientCalls.java:214)
	at org.apache.ratis.thirdparty.io.grpc.stub.ClientCalls.blockingUnaryCall(ClientCalls.java:139)
	at org.apache.ratis.proto.grpc.RaftServerProtocolServiceGrpc$RaftServerProtocolServiceBlockingStub.requestVote(RaftServerProtocolServiceGrpc.java:265)
	at org.apache.ratis.grpc.server.GrpcServerProtocolClient.requestVote(GrpcServerProtocolClient.java:99)
	at org.apache.ratis.grpc.server.GrpcService.requestVote(GrpcService.java:204)
	at org.apache.ratis.server.impl.LeaderElection.lambda$submitRequests$1(LeaderElection.java:234)
	at java.util.concurrent.FutureTask.run(FutureTask.java:266)
	at java.util.concurrent.Executors$RunnableAdapter.call(Executors.java:511)
	at java.util.concurrent.FutureTask.run(FutureTask.java:266)
	at java.util.concurrent.ThreadPoolExecutor.runWorker(ThreadPoolExecutor.java:1149)
	at java.util.concurrent.ThreadPoolExecutor$Worker.run(ThreadPoolExecutor.java:624)
	... 1 more
Caused by: org.apache.ratis.thirdparty.io.netty.channel.AbstractChannel$AnnotatedConnectException: Connection refused: /192.168.34.56:44872
	at sun.nio.ch.SocketChannelImpl.checkConnect(Native Method)
	at sun.nio.ch.SocketChannelImpl.finishConnect(SocketChannelImpl.java:717)
	at org.apache.ratis.thirdparty.io.netty.channel.socket.nio.NioSocketChannel.doFinishConnect(NioSocketChannel.java:327)
	at org.apache.ratis.thirdparty.io.netty.channel.nio.AbstractNioChannel$AbstractNioUnsafe.finishConnect(AbstractNioChannel.java:340)
	at org.apache.ratis.thirdparty.io.netty.channel.nio.NioEventLoop.processSelectedKey(NioEventLoop.java:632)
	at org.apache.ratis.thirdparty.io.netty.channel.nio.NioEventLoop.processSelectedKeysOptimized(NioEventLoop.java:579)
	at org.apache.ratis.thirdparty.io.netty.channel.nio.NioEventLoop.processSelectedKeys(NioEventLoop.java:496)
	at org.apache.ratis.thirdparty.io.netty.channel.nio.NioEventLoop.run(NioEventLoop.java:458)
	at org.apache.ratis.thirdparty.io.netty.util.concurrent.SingleThreadEventExecutor$5.run(SingleThreadEventExecutor.java:897)
	at org.apache.ratis.thirdparty.io.netty.util.concurrent.FastThreadLocalRunnable.run(FastThreadLocalRunnable.java:30)
	... 1 more
Caused by: java.net.ConnectException: Connection refused
	... 11 more
2019-10-18 13:02:01,722 [c124d131-afb9-4343-ad4e-aaebde613043@group-FF4202234884-LeaderElection370] INFO  impl.LeaderElection (LogUtils.java:infoOrTrace(149)) - c124d131-afb9-4343-ad4e-aaebde613043@group-FF4202234884-LeaderElection370 got exception when requesting votes: {}
java.util.concurrent.ExecutionException: org.apache.ratis.thirdparty.io.grpc.StatusRuntimeException: UNAVAILABLE: io exception
	at java.util.concurrent.FutureTask.report(FutureTask.java:122)
	at java.util.concurrent.FutureTask.get(FutureTask.java:192)
	at org.apache.ratis.server.impl.LeaderElection.waitForResults(LeaderElection.java:259)
	at org.apache.ratis.server.impl.LeaderElection.askForVotes(LeaderElection.java:197)
	at org.apache.ratis.server.impl.LeaderElection.run(LeaderElection.java:133)
	at java.lang.Thread.run(Thread.java:748)
Caused by: org.apache.ratis.thirdparty.io.grpc.StatusRuntimeException: UNAVAILABLE: io exception
	at org.apache.ratis.thirdparty.io.grpc.stub.ClientCalls.toStatusRuntimeException(ClientCalls.java:233)
	at org.apache.ratis.thirdparty.io.grpc.stub.ClientCalls.getUnchecked(ClientCalls.java:214)
	at org.apache.ratis.thirdparty.io.grpc.stub.ClientCalls.blockingUnaryCall(ClientCalls.java:139)
	at org.apache.ratis.proto.grpc.RaftServerProtocolServiceGrpc$RaftServerProtocolServiceBlockingStub.requestVote(RaftServerProtocolServiceGrpc.java:265)
	at org.apache.ratis.grpc.server.GrpcServerProtocolClient.requestVote(GrpcServerProtocolClient.java:99)
	at org.apache.ratis.grpc.server.GrpcService.requestVote(GrpcService.java:204)
	at org.apache.ratis.server.impl.LeaderElection.lambda$submitRequests$1(LeaderElection.java:234)
	at java.util.concurrent.FutureTask.run(FutureTask.java:266)
	at java.util.concurrent.Executors$RunnableAdapter.call(Executors.java:511)
	at java.util.concurrent.FutureTask.run(FutureTask.java:266)
	at java.util.concurrent.ThreadPoolExecutor.runWorker(ThreadPoolExecutor.java:1149)
	at java.util.concurrent.ThreadPoolExecutor$Worker.run(ThreadPoolExecutor.java:624)
	... 1 more
Caused by: org.apache.ratis.thirdparty.io.netty.channel.AbstractChannel$AnnotatedConnectException: Connection refused: /192.168.34.56:36658
	at sun.nio.ch.SocketChannelImpl.checkConnect(Native Method)
	at sun.nio.ch.SocketChannelImpl.finishConnect(SocketChannelImpl.java:717)
	at org.apache.ratis.thirdparty.io.netty.channel.socket.nio.NioSocketChannel.doFinishConnect(NioSocketChannel.java:327)
	at org.apache.ratis.thirdparty.io.netty.channel.nio.AbstractNioChannel$AbstractNioUnsafe.finishConnect(AbstractNioChannel.java:340)
	at org.apache.ratis.thirdparty.io.netty.channel.nio.NioEventLoop.processSelectedKey(NioEventLoop.java:632)
	at org.apache.ratis.thirdparty.io.netty.channel.nio.NioEventLoop.processSelectedKeysOptimized(NioEventLoop.java:579)
	at org.apache.ratis.thirdparty.io.netty.channel.nio.NioEventLoop.processSelectedKeys(NioEventLoop.java:496)
	at org.apache.ratis.thirdparty.io.netty.channel.nio.NioEventLoop.run(NioEventLoop.java:458)
	at org.apache.ratis.thirdparty.io.netty.util.concurrent.SingleThreadEventExecutor$5.run(SingleThreadEventExecutor.java:897)
	at org.apache.ratis.thirdparty.io.netty.util.concurrent.FastThreadLocalRunnable.run(FastThreadLocalRunnable.java:30)
	... 1 more
Caused by: java.net.ConnectException: Connection refused
	... 11 more
2019-10-18 13:02:01,723 [c124d131-afb9-4343-ad4e-aaebde613043@group-FF4202234884-LeaderElection370] INFO  impl.LeaderElection (LeaderElection.java:logAndReturn(56)) - c124d131-afb9-4343-ad4e-aaebde613043@group-FF4202234884-LeaderElection370: Election REJECTED; received 0 response(s) [] and 2 exception(s); c124d131-afb9-4343-ad4e-aaebde613043@group-FF4202234884:t204, leader=null, voted=c124d131-afb9-4343-ad4e-aaebde613043, raftlog=c124d131-afb9-4343-ad4e-aaebde613043@group-FF4202234884-SegmentedRaftLog:OPENED:c-1,f-1,i0, conf=-1: [999343e7-0330-4874-a345-91eca72585e0:192.168.34.56:44872, c124d131-afb9-4343-ad4e-aaebde613043:192.168.34.56:42116, e5bb327f-cdd7-4e49-919e-13a4c895fddf:192.168.34.56:36658], old=null
2019-10-18 13:02:01,723 [c124d131-afb9-4343-ad4e-aaebde613043@group-FF4202234884-LeaderElection370] INFO  impl.LeaderElection (LogUtils.java:infoOrTrace(149)) -   Exception 0: {}
java.util.concurrent.ExecutionException: org.apache.ratis.thirdparty.io.grpc.StatusRuntimeException: UNAVAILABLE: io exception
	at java.util.concurrent.FutureTask.report(FutureTask.java:122)
	at java.util.concurrent.FutureTask.get(FutureTask.java:192)
	at org.apache.ratis.server.impl.LeaderElection.waitForResults(LeaderElection.java:259)
	at org.apache.ratis.server.impl.LeaderElection.askForVotes(LeaderElection.java:197)
	at org.apache.ratis.server.impl.LeaderElection.run(LeaderElection.java:133)
	at java.lang.Thread.run(Thread.java:748)
Caused by: org.apache.ratis.thirdparty.io.grpc.StatusRuntimeException: UNAVAILABLE: io exception
	at org.apache.ratis.thirdparty.io.grpc.stub.ClientCalls.toStatusRuntimeException(ClientCalls.java:233)
	at org.apache.ratis.thirdparty.io.grpc.stub.ClientCalls.getUnchecked(ClientCalls.java:214)
	at org.apache.ratis.thirdparty.io.grpc.stub.ClientCalls.blockingUnaryCall(ClientCalls.java:139)
	at org.apache.ratis.proto.grpc.RaftServerProtocolServiceGrpc$RaftServerProtocolServiceBlockingStub.requestVote(RaftServerProtocolServiceGrpc.java:265)
	at org.apache.ratis.grpc.server.GrpcServerProtocolClient.requestVote(GrpcServerProtocolClient.java:99)
	at org.apache.ratis.grpc.server.GrpcService.requestVote(GrpcService.java:204)
	at org.apache.ratis.server.impl.LeaderElection.lambda$submitRequests$1(LeaderElection.java:234)
	at java.util.concurrent.FutureTask.run(FutureTask.java:266)
	at java.util.concurrent.Executors$RunnableAdapter.call(Executors.java:511)
	at java.util.concurrent.FutureTask.run(FutureTask.java:266)
	at java.util.concurrent.ThreadPoolExecutor.runWorker(ThreadPoolExecutor.java:1149)
	at java.util.concurrent.ThreadPoolExecutor$Worker.run(ThreadPoolExecutor.java:624)
	... 1 more
Caused by: org.apache.ratis.thirdparty.io.netty.channel.AbstractChannel$AnnotatedConnectException: Connection refused: /192.168.34.56:44872
	at sun.nio.ch.SocketChannelImpl.checkConnect(Native Method)
	at sun.nio.ch.SocketChannelImpl.finishConnect(SocketChannelImpl.java:717)
	at org.apache.ratis.thirdparty.io.netty.channel.socket.nio.NioSocketChannel.doFinishConnect(NioSocketChannel.java:327)
	at org.apache.ratis.thirdparty.io.netty.channel.nio.AbstractNioChannel$AbstractNioUnsafe.finishConnect(AbstractNioChannel.java:340)
	at org.apache.ratis.thirdparty.io.netty.channel.nio.NioEventLoop.processSelectedKey(NioEventLoop.java:632)
	at org.apache.ratis.thirdparty.io.netty.channel.nio.NioEventLoop.processSelectedKeysOptimized(NioEventLoop.java:579)
	at org.apache.ratis.thirdparty.io.netty.channel.nio.NioEventLoop.processSelectedKeys(NioEventLoop.java:496)
	at org.apache.ratis.thirdparty.io.netty.channel.nio.NioEventLoop.run(NioEventLoop.java:458)
	at org.apache.ratis.thirdparty.io.netty.util.concurrent.SingleThreadEventExecutor$5.run(SingleThreadEventExecutor.java:897)
	at org.apache.ratis.thirdparty.io.netty.util.concurrent.FastThreadLocalRunnable.run(FastThreadLocalRunnable.java:30)
	... 1 more
Caused by: java.net.ConnectException: Connection refused
	... 11 more
2019-10-18 13:02:01,723 [c124d131-afb9-4343-ad4e-aaebde613043@group-FF4202234884-LeaderElection370] INFO  impl.LeaderElection (LogUtils.java:infoOrTrace(149)) -   Exception 1: {}
java.util.concurrent.ExecutionException: org.apache.ratis.thirdparty.io.grpc.StatusRuntimeException: UNAVAILABLE: io exception
	at java.util.concurrent.FutureTask.report(FutureTask.java:122)
	at java.util.concurrent.FutureTask.get(FutureTask.java:192)
	at org.apache.ratis.server.impl.LeaderElection.waitForResults(LeaderElection.java:259)
	at org.apache.ratis.server.impl.LeaderElection.askForVotes(LeaderElection.java:197)
	at org.apache.ratis.server.impl.LeaderElection.run(LeaderElection.java:133)
	at java.lang.Thread.run(Thread.java:748)
Caused by: org.apache.ratis.thirdparty.io.grpc.StatusRuntimeException: UNAVAILABLE: io exception
	at org.apache.ratis.thirdparty.io.grpc.stub.ClientCalls.toStatusRuntimeException(ClientCalls.java:233)
	at org.apache.ratis.thirdparty.io.grpc.stub.ClientCalls.getUnchecked(ClientCalls.java:214)
	at org.apache.ratis.thirdparty.io.grpc.stub.ClientCalls.blockingUnaryCall(ClientCalls.java:139)
	at org.apache.ratis.proto.grpc.RaftServerProtocolServiceGrpc$RaftServerProtocolServiceBlockingStub.requestVote(RaftServerProtocolServiceGrpc.java:265)
	at org.apache.ratis.grpc.server.GrpcServerProtocolClient.requestVote(GrpcServerProtocolClient.java:99)
	at org.apache.ratis.grpc.server.GrpcService.requestVote(GrpcService.java:204)
	at org.apache.ratis.server.impl.LeaderElection.lambda$submitRequests$1(LeaderElection.java:234)
	at java.util.concurrent.FutureTask.run(FutureTask.java:266)
	at java.util.concurrent.Executors$RunnableAdapter.call(Executors.java:511)
	at java.util.concurrent.FutureTask.run(FutureTask.java:266)
	at java.util.concurrent.ThreadPoolExecutor.runWorker(ThreadPoolExecutor.java:1149)
	at java.util.concurrent.ThreadPoolExecutor$Worker.run(ThreadPoolExecutor.java:624)
	... 1 more
Caused by: org.apache.ratis.thirdparty.io.netty.channel.AbstractChannel$AnnotatedConnectException: Connection refused: /192.168.34.56:36658
	at sun.nio.ch.SocketChannelImpl.checkConnect(Native Method)
	at sun.nio.ch.SocketChannelImpl.finishConnect(SocketChannelImpl.java:717)
	at org.apache.ratis.thirdparty.io.netty.channel.socket.nio.NioSocketChannel.doFinishConnect(NioSocketChannel.java:327)
	at org.apache.ratis.thirdparty.io.netty.channel.nio.AbstractNioChannel$AbstractNioUnsafe.finishConnect(AbstractNioChannel.java:340)
	at org.apache.ratis.thirdparty.io.netty.channel.nio.NioEventLoop.processSelectedKey(NioEventLoop.java:632)
	at org.apache.ratis.thirdparty.io.netty.channel.nio.NioEventLoop.processSelectedKeysOptimized(NioEventLoop.java:579)
	at org.apache.ratis.thirdparty.io.netty.channel.nio.NioEventLoop.processSelectedKeys(NioEventLoop.java:496)
	at org.apache.ratis.thirdparty.io.netty.channel.nio.NioEventLoop.run(NioEventLoop.java:458)
	at org.apache.ratis.thirdparty.io.netty.util.concurrent.SingleThreadEventExecutor$5.run(SingleThreadEventExecutor.java:897)
	at org.apache.ratis.thirdparty.io.netty.util.concurrent.FastThreadLocalRunnable.run(FastThreadLocalRunnable.java:30)
	... 1 more
Caused by: java.net.ConnectException: Connection refused
	... 11 more
2019-10-18 13:02:01,724 [c124d131-afb9-4343-ad4e-aaebde613043@group-FF4202234884-LeaderElection370] INFO  impl.RaftServerImpl (RaftServerImpl.java:setRole(184)) - c124d131-afb9-4343-ad4e-aaebde613043@group-FF4202234884: changes role from CANDIDATE to FOLLOWER at term 204 for DISCOVERED_A_NEW_TERM
2019-10-18 13:02:01,724 [c124d131-afb9-4343-ad4e-aaebde613043@group-FF4202234884-LeaderElection370] INFO  impl.RoleInfo (RoleInfo.java:shutdownLeaderElection(134)) - c124d131-afb9-4343-ad4e-aaebde613043: shutdown LeaderElection
2019-10-18 13:02:01,724 [c124d131-afb9-4343-ad4e-aaebde613043@group-FF4202234884-LeaderElection370] INFO  impl.RoleInfo (RoleInfo.java:updateAndGet(143)) - c124d131-afb9-4343-ad4e-aaebde613043: start FollowerState
2019-10-18 13:02:01,726 [java.util.concurrent.ThreadPoolExecutor$Worker@b7e5976[State = -1, empty queue]] WARN  server.GrpcLogAppender (GrpcLogAppender.java:timeoutAppendRequest(209)) - 17618ccc-f51c-4f14-92cf-842ef2c05e35@group-08BD6F798C58->896cef04-248b-470f-8c5c-c9acb81bb157-GrpcLogAppender: appendEntries Timeout, request=17618ccc-f51c-4f14-92cf-842ef2c05e35->896cef04-248b-470f-8c5c-c9acb81bb157#89-t10, previous=(t:10, i:19), leaderCommit=19, initializing? false, entries: <empty>
2019-10-18 13:02:01,752 [Thread-2897] INFO  impl.FollowerState (FollowerState.java:run(108)) - 018b3f78-d19f-4e26-a796-cb8ddc4f97cf@group-187684C21557-FollowerState: change to CANDIDATE, lastRpcTime:75ms, electionTimeout:75ms
2019-10-18 13:02:01,753 [Thread-2897] INFO  impl.RoleInfo (RoleInfo.java:shutdownFollowerState(121)) - 018b3f78-d19f-4e26-a796-cb8ddc4f97cf: shutdown FollowerState
2019-10-18 13:02:01,753 [Thread-2897] INFO  impl.RaftServerImpl (RaftServerImpl.java:setRole(184)) - 018b3f78-d19f-4e26-a796-cb8ddc4f97cf@group-187684C21557: changes role from  FOLLOWER to CANDIDATE at term 214 for changeToCandidate
2019-10-18 13:02:01,753 [Thread-2897] INFO  impl.RoleInfo (RoleInfo.java:updateAndGet(143)) - 018b3f78-d19f-4e26-a796-cb8ddc4f97cf: start LeaderElection
2019-10-18 13:02:01,870 [Thread-2901] INFO  impl.FollowerState (FollowerState.java:run(108)) - c124d131-afb9-4343-ad4e-aaebde613043@group-FF4202234884-FollowerState: change to CANDIDATE, lastRpcTime:146ms, electionTimeout:146ms
2019-10-18 13:02:01,870 [Thread-2901] INFO  impl.RoleInfo (RoleInfo.java:shutdownFollowerState(121)) - c124d131-afb9-4343-ad4e-aaebde613043: shutdown FollowerState
2019-10-18 13:02:01,871 [Thread-2901] INFO  impl.RaftServerImpl (RaftServerImpl.java:setRole(184)) - c124d131-afb9-4343-ad4e-aaebde613043@group-FF4202234884: changes role from  FOLLOWER to CANDIDATE at term 204 for changeToCandidate
2019-10-18 13:02:01,871 [Thread-2901] INFO  impl.RoleInfo (RoleInfo.java:updateAndGet(143)) - c124d131-afb9-4343-ad4e-aaebde613043: start LeaderElection
2019-10-18 13:02:01,976 [ForkJoinPool.commonPool-worker-0] INFO  ozoneimpl.OzoneContainer (OzoneContainer.java:stop(227)) - Attempting to stop container services.
2019-10-18 13:02:01,977 [ForkJoinPool.commonPool-worker-0] INFO  impl.RaftServerProxy (RaftServerProxy.java:lambda$close$4(314)) - 893cf03e-f2cf-478a-892a-a746717e50e3: close
2019-10-18 13:02:01,977 [ForkJoinPool.commonPool-worker-0] INFO  impl.RaftServerImpl (RaftServerImpl.java:lambda$shutdown$3(261)) - 893cf03e-f2cf-478a-892a-a746717e50e3@group-BC2C93E61854: shutdown
2019-10-18 13:02:01,977 [ForkJoinPool.commonPool-worker-0] INFO  util.JmxRegister (JmxRegister.java:unregister(73)) - Successfully un-registered JMX Bean with object name Ratis:service=RaftServer,group=group-BC2C93E61854,id=893cf03e-f2cf-478a-892a-a746717e50e3
2019-10-18 13:02:01,977 [main] INFO  ozoneimpl.OzoneContainer (OzoneContainer.java:stop(227)) - Attempting to stop container services.
2019-10-18 13:02:01,978 [ForkJoinPool.commonPool-worker-0] INFO  impl.RoleInfo (RoleInfo.java:shutdownLeaderState(104)) - 893cf03e-f2cf-478a-892a-a746717e50e3: shutdown LeaderState
2019-10-18 13:02:01,978 [main] INFO  impl.RaftServerProxy (RaftServerProxy.java:lambda$close$4(314)) - 018b3f78-d19f-4e26-a796-cb8ddc4f97cf: close
2019-10-18 13:02:01,978 [ForkJoinPool.commonPool-worker-0] INFO  impl.PendingRequests (PendingRequests.java:sendNotLeaderResponses(202)) - 893cf03e-f2cf-478a-892a-a746717e50e3@group-BC2C93E61854-PendingRequests: sendNotLeaderResponses
2019-10-18 13:02:01,978 [main] INFO  impl.RaftServerImpl (RaftServerImpl.java:lambda$shutdown$3(261)) - 018b3f78-d19f-4e26-a796-cb8ddc4f97cf@group-BC4BE0D760EF: shutdown
2019-10-18 13:02:01,979 [main] INFO  util.JmxRegister (JmxRegister.java:unregister(73)) - Successfully un-registered JMX Bean with object name Ratis:service=RaftServer,group=group-BC4BE0D760EF,id=018b3f78-d19f-4e26-a796-cb8ddc4f97cf
2019-10-18 13:02:01,979 [ForkJoinPool.commonPool-worker-0] INFO  impl.StateMachineUpdater (StateMachineUpdater.java:stopAndJoin(136)) - 893cf03e-f2cf-478a-892a-a746717e50e3@group-BC2C93E61854-StateMachineUpdater: set stopIndex = 0
2019-10-18 13:02:01,979 [main] INFO  impl.RoleInfo (RoleInfo.java:shutdownLeaderState(104)) - 018b3f78-d19f-4e26-a796-cb8ddc4f97cf: shutdown LeaderState
2019-10-18 13:02:01,979 [main] INFO  impl.PendingRequests (PendingRequests.java:sendNotLeaderResponses(202)) - 018b3f78-d19f-4e26-a796-cb8ddc4f97cf@group-BC4BE0D760EF-PendingRequests: sendNotLeaderResponses
2019-10-18 13:02:01,980 [main] INFO  impl.StateMachineUpdater (StateMachineUpdater.java:stopAndJoin(136)) - 018b3f78-d19f-4e26-a796-cb8ddc4f97cf@group-BC4BE0D760EF-StateMachineUpdater: set stopIndex = 0
2019-10-18 13:02:01,980 [ForkJoinPool.commonPool-worker-0] INFO  impl.RaftServerImpl (ServerState.java:close(388)) - 893cf03e-f2cf-478a-892a-a746717e50e3@group-BC2C93E61854: closes. applyIndex: 0
2019-10-18 13:02:01,980 [893cf03e-f2cf-478a-892a-a746717e50e3@group-BC2C93E61854-SegmentedRaftLogWorker] INFO  segmented.SegmentedRaftLogWorker (SegmentedRaftLogWorker.java:run(316)) - 893cf03e-f2cf-478a-892a-a746717e50e3@group-BC2C93E61854-SegmentedRaftLogWorker was interrupted, exiting. There are 0 tasks remaining in the queue.
2019-10-18 13:02:01,981 [main] INFO  impl.RaftServerImpl (ServerState.java:close(388)) - 018b3f78-d19f-4e26-a796-cb8ddc4f97cf@group-BC4BE0D760EF: closes. applyIndex: 0
2019-10-18 13:02:01,981 [ForkJoinPool.commonPool-worker-0] INFO  segmented.SegmentedRaftLogWorker (SegmentedRaftLogWorker.java:close(224)) - 893cf03e-f2cf-478a-892a-a746717e50e3@group-BC2C93E61854-SegmentedRaftLogWorker close()
2019-10-18 13:02:01,981 [018b3f78-d19f-4e26-a796-cb8ddc4f97cf@group-BC4BE0D760EF-SegmentedRaftLogWorker] INFO  segmented.SegmentedRaftLogWorker (SegmentedRaftLogWorker.java:run(316)) - 018b3f78-d19f-4e26-a796-cb8ddc4f97cf@group-BC4BE0D760EF-SegmentedRaftLogWorker was interrupted, exiting. There are 0 tasks remaining in the queue.
2019-10-18 13:02:01,982 [ForkJoinPool.commonPool-worker-0] INFO  impl.RaftServerImpl (RaftServerImpl.java:lambda$shutdown$3(261)) - 893cf03e-f2cf-478a-892a-a746717e50e3@group-187684C21557: shutdown
2019-10-18 13:02:01,982 [ForkJoinPool.commonPool-worker-0] INFO  util.JmxRegister (JmxRegister.java:unregister(73)) - Successfully un-registered JMX Bean with object name Ratis:service=RaftServer,group=group-187684C21557,id=893cf03e-f2cf-478a-892a-a746717e50e3
2019-10-18 13:02:01,983 [ForkJoinPool.commonPool-worker-0] INFO  impl.RoleInfo (RoleInfo.java:shutdownFollowerState(121)) - 893cf03e-f2cf-478a-892a-a746717e50e3: shutdown FollowerState
2019-10-18 13:02:01,983 [ForkJoinPool.commonPool-worker-0] INFO  impl.StateMachineUpdater (StateMachineUpdater.java:stopAndJoin(136)) - 893cf03e-f2cf-478a-892a-a746717e50e3@group-187684C21557-StateMachineUpdater: set stopIndex = -1
2019-10-18 13:02:01,983 [Thread-2896] INFO  impl.FollowerState (FollowerState.java:run(117)) - 893cf03e-f2cf-478a-892a-a746717e50e3@group-187684C21557-FollowerState was interrupted: java.lang.InterruptedException: sleep interrupted
2019-10-18 13:02:01,983 [ForkJoinPool.commonPool-worker-0] INFO  impl.RaftServerImpl (ServerState.java:close(388)) - 893cf03e-f2cf-478a-892a-a746717e50e3@group-187684C21557: closes. applyIndex: -1
2019-10-18 13:02:01,983 [893cf03e-f2cf-478a-892a-a746717e50e3@group-187684C21557-SegmentedRaftLogWorker] INFO  segmented.SegmentedRaftLogWorker (SegmentedRaftLogWorker.java:run(316)) - 893cf03e-f2cf-478a-892a-a746717e50e3@group-187684C21557-SegmentedRaftLogWorker was interrupted, exiting. There are 0 tasks remaining in the queue.
2019-10-18 13:02:01,983 [ForkJoinPool.commonPool-worker-0] INFO  segmented.SegmentedRaftLogWorker (SegmentedRaftLogWorker.java:close(224)) - 893cf03e-f2cf-478a-892a-a746717e50e3@group-187684C21557-SegmentedRaftLogWorker close()
2019-10-18 13:02:01,984 [ForkJoinPool.commonPool-worker-0] INFO  server.GrpcService (GrpcService.java:closeImpl(164)) - 893cf03e-f2cf-478a-892a-a746717e50e3: shutdown server with port 40750 now
2019-10-18 13:02:01,985 [ForkJoinPool.commonPool-worker-0] INFO  server.GrpcService (GrpcService.java:closeImpl(172)) - 893cf03e-f2cf-478a-892a-a746717e50e3: shutdown server with port 40750 successfully
2019-10-18 13:02:02,159 [c124d131-afb9-4343-ad4e-aaebde613043@group-FF4202234884-LeaderElection372] INFO  impl.LeaderElection (LeaderElection.java:askForVotes(178)) - c124d131-afb9-4343-ad4e-aaebde613043@group-FF4202234884-LeaderElection372: begin an election at term 205 for -1: [999343e7-0330-4874-a345-91eca72585e0:192.168.34.56:44872, c124d131-afb9-4343-ad4e-aaebde613043:192.168.34.56:42116, e5bb327f-cdd7-4e49-919e-13a4c895fddf:192.168.34.56:36658], old=null
2019-10-18 13:02:02,159 [main] INFO  segmented.SegmentedRaftLogWorker (SegmentedRaftLogWorker.java:close(224)) - 018b3f78-d19f-4e26-a796-cb8ddc4f97cf@group-BC4BE0D760EF-SegmentedRaftLogWorker close()
2019-10-18 13:02:02,164 [018b3f78-d19f-4e26-a796-cb8ddc4f97cf@group-187684C21557-LeaderElection371] INFO  impl.LeaderElection (LeaderElection.java:askForVotes(178)) - 018b3f78-d19f-4e26-a796-cb8ddc4f97cf@group-187684C21557-LeaderElection371: begin an election at term 215 for -1: [893cf03e-f2cf-478a-892a-a746717e50e3:192.168.34.56:40750, 8697df36-98d2-41b1-bdc7-60597b3b5526:192.168.34.56:46415, 018b3f78-d19f-4e26-a796-cb8ddc4f97cf:192.168.34.56:35845], old=null
2019-10-18 13:02:02,194 [main] INFO  impl.RaftServerImpl (RaftServerImpl.java:lambda$shutdown$3(261)) - 018b3f78-d19f-4e26-a796-cb8ddc4f97cf@group-187684C21557: shutdown
2019-10-18 13:02:02,198 [018b3f78-d19f-4e26-a796-cb8ddc4f97cf@group-187684C21557-LeaderElection371] INFO  impl.LeaderElection (LeaderElection.java:logAndReturn(56)) - 018b3f78-d19f-4e26-a796-cb8ddc4f97cf@group-187684C21557-LeaderElection371: Election REJECTED; received 0 response(s) [] and 0 exception(s); 018b3f78-d19f-4e26-a796-cb8ddc4f97cf@group-187684C21557:t215, leader=null, voted=018b3f78-d19f-4e26-a796-cb8ddc4f97cf, raftlog=018b3f78-d19f-4e26-a796-cb8ddc4f97cf@group-187684C21557-SegmentedRaftLog:OPENED:c-1,f-1,i0, conf=-1: [893cf03e-f2cf-478a-892a-a746717e50e3:192.168.34.56:40750, 8697df36-98d2-41b1-bdc7-60597b3b5526:192.168.34.56:46415, 018b3f78-d19f-4e26-a796-cb8ddc4f97cf:192.168.34.56:35845], old=null
2019-10-18 13:02:02,198 [c124d131-afb9-4343-ad4e-aaebde613043@group-FF4202234884-LeaderElection372] INFO  impl.LeaderElection (LogUtils.java:infoOrTrace(149)) - c124d131-afb9-4343-ad4e-aaebde613043@group-FF4202234884-LeaderElection372 got exception when requesting votes: {}
java.util.concurrent.ExecutionException: org.apache.ratis.thirdparty.io.grpc.StatusRuntimeException: UNAVAILABLE: io exception
	at java.util.concurrent.FutureTask.report(FutureTask.java:122)
	at java.util.concurrent.FutureTask.get(FutureTask.java:192)
	at org.apache.ratis.server.impl.LeaderElection.waitForResults(LeaderElection.java:259)
	at org.apache.ratis.server.impl.LeaderElection.askForVotes(LeaderElection.java:197)
	at org.apache.ratis.server.impl.LeaderElection.run(LeaderElection.java:133)
	at java.lang.Thread.run(Thread.java:748)
Caused by: org.apache.ratis.thirdparty.io.grpc.StatusRuntimeException: UNAVAILABLE: io exception
	at org.apache.ratis.thirdparty.io.grpc.stub.ClientCalls.toStatusRuntimeException(ClientCalls.java:233)
	at org.apache.ratis.thirdparty.io.grpc.stub.ClientCalls.getUnchecked(ClientCalls.java:214)
	at org.apache.ratis.thirdparty.io.grpc.stub.ClientCalls.blockingUnaryCall(ClientCalls.java:139)
	at org.apache.ratis.proto.grpc.RaftServerProtocolServiceGrpc$RaftServerProtocolServiceBlockingStub.requestVote(RaftServerProtocolServiceGrpc.java:265)
	at org.apache.ratis.grpc.server.GrpcServerProtocolClient.requestVote(GrpcServerProtocolClient.java:99)
	at org.apache.ratis.grpc.server.GrpcService.requestVote(GrpcService.java:204)
	at org.apache.ratis.server.impl.LeaderElection.lambda$submitRequests$1(LeaderElection.java:234)
	at java.util.concurrent.FutureTask.run(FutureTask.java:266)
	at java.util.concurrent.Executors$RunnableAdapter.call(Executors.java:511)
	at java.util.concurrent.FutureTask.run(FutureTask.java:266)
	at java.util.concurrent.ThreadPoolExecutor.runWorker(ThreadPoolExecutor.java:1149)
	at java.util.concurrent.ThreadPoolExecutor$Worker.run(ThreadPoolExecutor.java:624)
	... 1 more
Caused by: org.apache.ratis.thirdparty.io.netty.channel.AbstractChannel$AnnotatedConnectException: Connection refused: /192.168.34.56:44872
	at sun.nio.ch.SocketChannelImpl.checkConnect(Native Method)
	at sun.nio.ch.SocketChannelImpl.finishConnect(SocketChannelImpl.java:717)
	at org.apache.ratis.thirdparty.io.netty.channel.socket.nio.NioSocketChannel.doFinishConnect(NioSocketChannel.java:327)
	at org.apache.ratis.thirdparty.io.netty.channel.nio.AbstractNioChannel$AbstractNioUnsafe.finishConnect(AbstractNioChannel.java:340)
	at org.apache.ratis.thirdparty.io.netty.channel.nio.NioEventLoop.processSelectedKey(NioEventLoop.java:632)
	at org.apache.ratis.thirdparty.io.netty.channel.nio.NioEventLoop.processSelectedKeysOptimized(NioEventLoop.java:579)
	at org.apache.ratis.thirdparty.io.netty.channel.nio.NioEventLoop.processSelectedKeys(NioEventLoop.java:496)
	at org.apache.ratis.thirdparty.io.netty.channel.nio.NioEventLoop.run(NioEventLoop.java:458)
	at org.apache.ratis.thirdparty.io.netty.util.concurrent.SingleThreadEventExecutor$5.run(SingleThreadEventExecutor.java:897)
	at org.apache.ratis.thirdparty.io.netty.util.concurrent.FastThreadLocalRunnable.run(FastThreadLocalRunnable.java:30)
	... 1 more
Caused by: java.net.ConnectException: Connection refused
	... 11 more
2019-10-18 13:02:02,198 [c124d131-afb9-4343-ad4e-aaebde613043@group-FF4202234884-LeaderElection372] INFO  impl.LeaderElection (LogUtils.java:infoOrTrace(149)) - c124d131-afb9-4343-ad4e-aaebde613043@group-FF4202234884-LeaderElection372 got exception when requesting votes: {}
java.util.concurrent.ExecutionException: org.apache.ratis.thirdparty.io.grpc.StatusRuntimeException: UNAVAILABLE: io exception
	at java.util.concurrent.FutureTask.report(FutureTask.java:122)
	at java.util.concurrent.FutureTask.get(FutureTask.java:192)
	at org.apache.ratis.server.impl.LeaderElection.waitForResults(LeaderElection.java:259)
	at org.apache.ratis.server.impl.LeaderElection.askForVotes(LeaderElection.java:197)
	at org.apache.ratis.server.impl.LeaderElection.run(LeaderElection.java:133)
	at java.lang.Thread.run(Thread.java:748)
Caused by: org.apache.ratis.thirdparty.io.grpc.StatusRuntimeException: UNAVAILABLE: io exception
	at org.apache.ratis.thirdparty.io.grpc.stub.ClientCalls.toStatusRuntimeException(ClientCalls.java:233)
	at org.apache.ratis.thirdparty.io.grpc.stub.ClientCalls.getUnchecked(ClientCalls.java:214)
	at org.apache.ratis.thirdparty.io.grpc.stub.ClientCalls.blockingUnaryCall(ClientCalls.java:139)
	at org.apache.ratis.proto.grpc.RaftServerProtocolServiceGrpc$RaftServerProtocolServiceBlockingStub.requestVote(RaftServerProtocolServiceGrpc.java:265)
	at org.apache.ratis.grpc.server.GrpcServerProtocolClient.requestVote(GrpcServerProtocolClient.java:99)
	at org.apache.ratis.grpc.server.GrpcService.requestVote(GrpcService.java:204)
	at org.apache.ratis.server.impl.LeaderElection.lambda$submitRequests$1(LeaderElection.java:234)
	at java.util.concurrent.FutureTask.run(FutureTask.java:266)
	at java.util.concurrent.Executors$RunnableAdapter.call(Executors.java:511)
	at java.util.concurrent.FutureTask.run(FutureTask.java:266)
	at java.util.concurrent.ThreadPoolExecutor.runWorker(ThreadPoolExecutor.java:1149)
	at java.util.concurrent.ThreadPoolExecutor$Worker.run(ThreadPoolExecutor.java:624)
	... 1 more
Caused by: org.apache.ratis.thirdparty.io.netty.channel.AbstractChannel$AnnotatedConnectException: Connection refused: /192.168.34.56:36658
	at sun.nio.ch.SocketChannelImpl.checkConnect(Native Method)
	at sun.nio.ch.SocketChannelImpl.finishConnect(SocketChannelImpl.java:717)
	at org.apache.ratis.thirdparty.io.netty.channel.socket.nio.NioSocketChannel.doFinishConnect(NioSocketChannel.java:327)
	at org.apache.ratis.thirdparty.io.netty.channel.nio.AbstractNioChannel$AbstractNioUnsafe.finishConnect(AbstractNioChannel.java:340)
	at org.apache.ratis.thirdparty.io.netty.channel.nio.NioEventLoop.processSelectedKey(NioEventLoop.java:632)
	at org.apache.ratis.thirdparty.io.netty.channel.nio.NioEventLoop.processSelectedKeysOptimized(NioEventLoop.java:579)
	at org.apache.ratis.thirdparty.io.netty.channel.nio.NioEventLoop.processSelectedKeys(NioEventLoop.java:496)
	at org.apache.ratis.thirdparty.io.netty.channel.nio.NioEventLoop.run(NioEventLoop.java:458)
	at org.apache.ratis.thirdparty.io.netty.util.concurrent.SingleThreadEventExecutor$5.run(SingleThreadEventExecutor.java:897)
	at org.apache.ratis.thirdparty.io.netty.util.concurrent.FastThreadLocalRunnable.run(FastThreadLocalRunnable.java:30)
	... 1 more
Caused by: java.net.ConnectException: Connection refused
	... 11 more
2019-10-18 13:02:02,198 [main] INFO  util.JmxRegister (JmxRegister.java:unregister(73)) - Successfully un-registered JMX Bean with object name Ratis:service=RaftServer,group=group-187684C21557,id=018b3f78-d19f-4e26-a796-cb8ddc4f97cf
2019-10-18 13:02:02,198 [java.util.concurrent.ThreadPoolExecutor$Worker@7a2507ec[State = -1, empty queue]] WARN  server.GrpcLogAppender (GrpcLogAppender.java:timeoutAppendRequest(209)) - 17618ccc-f51c-4f14-92cf-842ef2c05e35@group-08BD6F798C58->32d97539-eb73-46c6-a759-05f11ff00f4c-GrpcLogAppender: appendEntries Timeout, request=17618ccc-f51c-4f14-92cf-842ef2c05e35->32d97539-eb73-46c6-a759-05f11ff00f4c#88-t10, previous=(t:10, i:19), leaderCommit=19, initializing? false, entries: <empty>
2019-10-18 13:02:02,200 [main] INFO  impl.RoleInfo (RoleInfo.java:shutdownLeaderElection(134)) - 018b3f78-d19f-4e26-a796-cb8ddc4f97cf: shutdown LeaderElection
2019-10-18 13:02:02,199 [c124d131-afb9-4343-ad4e-aaebde613043@group-FF4202234884-LeaderElection372] INFO  impl.LeaderElection (LeaderElection.java:logAndReturn(56)) - c124d131-afb9-4343-ad4e-aaebde613043@group-FF4202234884-LeaderElection372: Election REJECTED; received 0 response(s) [] and 2 exception(s); c124d131-afb9-4343-ad4e-aaebde613043@group-FF4202234884:t205, leader=null, voted=c124d131-afb9-4343-ad4e-aaebde613043, raftlog=c124d131-afb9-4343-ad4e-aaebde613043@group-FF4202234884-SegmentedRaftLog:OPENED:c-1,f-1,i0, conf=-1: [999343e7-0330-4874-a345-91eca72585e0:192.168.34.56:44872, c124d131-afb9-4343-ad4e-aaebde613043:192.168.34.56:42116, e5bb327f-cdd7-4e49-919e-13a4c895fddf:192.168.34.56:36658], old=null
2019-10-18 13:02:02,211 [c124d131-afb9-4343-ad4e-aaebde613043@group-FF4202234884-LeaderElection372] INFO  impl.LeaderElection (LogUtils.java:infoOrTrace(149)) -   Exception 0: {}
java.util.concurrent.ExecutionException: org.apache.ratis.thirdparty.io.grpc.StatusRuntimeException: UNAVAILABLE: io exception
	at java.util.concurrent.FutureTask.report(FutureTask.java:122)
	at java.util.concurrent.FutureTask.get(FutureTask.java:192)
	at org.apache.ratis.server.impl.LeaderElection.waitForResults(LeaderElection.java:259)
	at org.apache.ratis.server.impl.LeaderElection.askForVotes(LeaderElection.java:197)
	at org.apache.ratis.server.impl.LeaderElection.run(LeaderElection.java:133)
	at java.lang.Thread.run(Thread.java:748)
Caused by: org.apache.ratis.thirdparty.io.grpc.StatusRuntimeException: UNAVAILABLE: io exception
	at org.apache.ratis.thirdparty.io.grpc.stub.ClientCalls.toStatusRuntimeException(ClientCalls.java:233)
	at org.apache.ratis.thirdparty.io.grpc.stub.ClientCalls.getUnchecked(ClientCalls.java:214)
	at org.apache.ratis.thirdparty.io.grpc.stub.ClientCalls.blockingUnaryCall(ClientCalls.java:139)
	at org.apache.ratis.proto.grpc.RaftServerProtocolServiceGrpc$RaftServerProtocolServiceBlockingStub.requestVote(RaftServerProtocolServiceGrpc.java:265)
	at org.apache.ratis.grpc.server.GrpcServerProtocolClient.requestVote(GrpcServerProtocolClient.java:99)
	at org.apache.ratis.grpc.server.GrpcService.requestVote(GrpcService.java:204)
	at org.apache.ratis.server.impl.LeaderElection.lambda$submitRequests$1(LeaderElection.java:234)
	at java.util.concurrent.FutureTask.run(FutureTask.java:266)
	at java.util.concurrent.Executors$RunnableAdapter.call(Executors.java:511)
	at java.util.concurrent.FutureTask.run(FutureTask.java:266)
	at java.util.concurrent.ThreadPoolExecutor.runWorker(ThreadPoolExecutor.java:1149)
	at java.util.concurrent.ThreadPoolExecutor$Worker.run(ThreadPoolExecutor.java:624)
	... 1 more
Caused by: org.apache.ratis.thirdparty.io.netty.channel.AbstractChannel$AnnotatedConnectException: Connection refused: /192.168.34.56:44872
	at sun.nio.ch.SocketChannelImpl.checkConnect(Native Method)
	at sun.nio.ch.SocketChannelImpl.finishConnect(SocketChannelImpl.java:717)
	at org.apache.ratis.thirdparty.io.netty.channel.socket.nio.NioSocketChannel.doFinishConnect(NioSocketChannel.java:327)
	at org.apache.ratis.thirdparty.io.netty.channel.nio.AbstractNioChannel$AbstractNioUnsafe.finishConnect(AbstractNioChannel.java:340)
	at org.apache.ratis.thirdparty.io.netty.channel.nio.NioEventLoop.processSelectedKey(NioEventLoop.java:632)
	at org.apache.ratis.thirdparty.io.netty.channel.nio.NioEventLoop.processSelectedKeysOptimized(NioEventLoop.java:579)
	at org.apache.ratis.thirdparty.io.netty.channel.nio.NioEventLoop.processSelectedKeys(NioEventLoop.java:496)
	at org.apache.ratis.thirdparty.io.netty.channel.nio.NioEventLoop.run(NioEventLoop.java:458)
	at org.apache.ratis.thirdparty.io.netty.util.concurrent.SingleThreadEventExecutor$5.run(SingleThreadEventExecutor.java:897)
	at org.apache.ratis.thirdparty.io.netty.util.concurrent.FastThreadLocalRunnable.run(FastThreadLocalRunnable.java:30)
	... 1 more
Caused by: java.net.ConnectException: Connection refused
	... 11 more
2019-10-18 13:02:02,206 [main] INFO  impl.StateMachineUpdater (StateMachineUpdater.java:stopAndJoin(136)) - 018b3f78-d19f-4e26-a796-cb8ddc4f97cf@group-187684C21557-StateMachineUpdater: set stopIndex = -1
2019-10-18 13:02:02,211 [c124d131-afb9-4343-ad4e-aaebde613043@group-FF4202234884-LeaderElection372] INFO  impl.LeaderElection (LogUtils.java:infoOrTrace(149)) -   Exception 1: {}
java.util.concurrent.ExecutionException: org.apache.ratis.thirdparty.io.grpc.StatusRuntimeException: UNAVAILABLE: io exception
	at java.util.concurrent.FutureTask.report(FutureTask.java:122)
	at java.util.concurrent.FutureTask.get(FutureTask.java:192)
	at org.apache.ratis.server.impl.LeaderElection.waitForResults(LeaderElection.java:259)
	at org.apache.ratis.server.impl.LeaderElection.askForVotes(LeaderElection.java:197)
	at org.apache.ratis.server.impl.LeaderElection.run(LeaderElection.java:133)
	at java.lang.Thread.run(Thread.java:748)
Caused by: org.apache.ratis.thirdparty.io.grpc.StatusRuntimeException: UNAVAILABLE: io exception
	at org.apache.ratis.thirdparty.io.grpc.stub.ClientCalls.toStatusRuntimeException(ClientCalls.java:233)
	at org.apache.ratis.thirdparty.io.grpc.stub.ClientCalls.getUnchecked(ClientCalls.java:214)
	at org.apache.ratis.thirdparty.io.grpc.stub.ClientCalls.blockingUnaryCall(ClientCalls.java:139)
	at org.apache.ratis.proto.grpc.RaftServerProtocolServiceGrpc$RaftServerProtocolServiceBlockingStub.requestVote(RaftServerProtocolServiceGrpc.java:265)
	at org.apache.ratis.grpc.server.GrpcServerProtocolClient.requestVote(GrpcServerProtocolClient.java:99)
	at org.apache.ratis.grpc.server.GrpcService.requestVote(GrpcService.java:204)
	at org.apache.ratis.server.impl.LeaderElection.lambda$submitRequests$1(LeaderElection.java:234)
	at java.util.concurrent.FutureTask.run(FutureTask.java:266)
	at java.util.concurrent.Executors$RunnableAdapter.call(Executors.java:511)
	at java.util.concurrent.FutureTask.run(FutureTask.java:266)
	at java.util.concurrent.ThreadPoolExecutor.runWorker(ThreadPoolExecutor.java:1149)
	at java.util.concurrent.ThreadPoolExecutor$Worker.run(ThreadPoolExecutor.java:624)
	... 1 more
Caused by: org.apache.ratis.thirdparty.io.netty.channel.AbstractChannel$AnnotatedConnectException: Connection refused: /192.168.34.56:36658
	at sun.nio.ch.SocketChannelImpl.checkConnect(Native Method)
	at sun.nio.ch.SocketChannelImpl.finishConnect(SocketChannelImpl.java:717)
	at org.apache.ratis.thirdparty.io.netty.channel.socket.nio.NioSocketChannel.doFinishConnect(NioSocketChannel.java:327)
	at org.apache.ratis.thirdparty.io.netty.channel.nio.AbstractNioChannel$AbstractNioUnsafe.finishConnect(AbstractNioChannel.java:340)
	at org.apache.ratis.thirdparty.io.netty.channel.nio.NioEventLoop.processSelectedKey(NioEventLoop.java:632)
	at org.apache.ratis.thirdparty.io.netty.channel.nio.NioEventLoop.processSelectedKeysOptimized(NioEventLoop.java:579)
	at org.apache.ratis.thirdparty.io.netty.channel.nio.NioEventLoop.processSelectedKeys(NioEventLoop.java:496)
	at org.apache.ratis.thirdparty.io.netty.channel.nio.NioEventLoop.run(NioEventLoop.java:458)
	at org.apache.ratis.thirdparty.io.netty.util.concurrent.SingleThreadEventExecutor$5.run(SingleThreadEventExecutor.java:897)
	at org.apache.ratis.thirdparty.io.netty.util.concurrent.FastThreadLocalRunnable.run(FastThreadLocalRunnable.java:30)
	... 1 more
Caused by: java.net.ConnectException: Connection refused
	... 11 more
2019-10-18 13:02:02,212 [refreshUsed-/workdir/hadoop-ozone/integration-test/target/test-dir/MiniOzoneClusterImpl-206d85c3-6704-4dbf-80de-7c3e9cc4f072/datanode-0/data/containers] WARN  fs.CachingGetSpaceUsed (CachingGetSpaceUsed.java:run(183)) - Thread Interrupted waiting to refresh disk information: sleep interrupted
2019-10-18 13:02:02,212 [main] INFO  impl.RaftServerImpl (ServerState.java:close(388)) - 018b3f78-d19f-4e26-a796-cb8ddc4f97cf@group-187684C21557: closes. applyIndex: -1
2019-10-18 13:02:02,218 [c124d131-afb9-4343-ad4e-aaebde613043@group-FF4202234884-LeaderElection372] INFO  impl.RaftServerImpl (RaftServerImpl.java:setRole(184)) - c124d131-afb9-4343-ad4e-aaebde613043@group-FF4202234884: changes role from CANDIDATE to FOLLOWER at term 205 for DISCOVERED_A_NEW_TERM
2019-10-18 13:02:02,219 [c124d131-afb9-4343-ad4e-aaebde613043@group-FF4202234884-LeaderElection372] INFO  impl.RoleInfo (RoleInfo.java:shutdownLeaderElection(134)) - c124d131-afb9-4343-ad4e-aaebde613043: shutdown LeaderElection
2019-10-18 13:02:02,219 [018b3f78-d19f-4e26-a796-cb8ddc4f97cf@group-187684C21557-SegmentedRaftLogWorker] INFO  segmented.SegmentedRaftLogWorker (SegmentedRaftLogWorker.java:run(316)) - 018b3f78-d19f-4e26-a796-cb8ddc4f97cf@group-187684C21557-SegmentedRaftLogWorker was interrupted, exiting. There are 0 tasks remaining in the queue.
2019-10-18 13:02:02,219 [c124d131-afb9-4343-ad4e-aaebde613043@group-FF4202234884-LeaderElection372] INFO  impl.RoleInfo (RoleInfo.java:updateAndGet(143)) - c124d131-afb9-4343-ad4e-aaebde613043: start FollowerState
2019-10-18 13:02:02,219 [main] INFO  segmented.SegmentedRaftLogWorker (SegmentedRaftLogWorker.java:close(224)) - 018b3f78-d19f-4e26-a796-cb8ddc4f97cf@group-187684C21557-SegmentedRaftLogWorker close()
2019-10-18 13:02:02,220 [main] INFO  server.GrpcService (GrpcService.java:closeImpl(164)) - 018b3f78-d19f-4e26-a796-cb8ddc4f97cf: shutdown server with port 35845 now
2019-10-18 13:02:02,221 [main] INFO  server.GrpcService (GrpcService.java:closeImpl(172)) - 018b3f78-d19f-4e26-a796-cb8ddc4f97cf: shutdown server with port 35845 successfully
2019-10-18 13:02:02,222 [Thread-2908] INFO  impl.FollowerState (FollowerState.java:run(108)) - c124d131-afb9-4343-ad4e-aaebde613043@group-FF4202234884-FollowerState: change to CANDIDATE, lastRpcTime:2ms, electionTimeout:2ms
2019-10-18 13:02:02,222 [Thread-2908] INFO  impl.RoleInfo (RoleInfo.java:shutdownFollowerState(121)) - c124d131-afb9-4343-ad4e-aaebde613043: shutdown FollowerState
2019-10-18 13:02:02,222 [Thread-2908] INFO  impl.RaftServerImpl (RaftServerImpl.java:setRole(184)) - c124d131-afb9-4343-ad4e-aaebde613043@group-FF4202234884: changes role from  FOLLOWER to CANDIDATE at term 205 for changeToCandidate
2019-10-18 13:02:02,222 [Thread-2908] INFO  impl.RoleInfo (RoleInfo.java:updateAndGet(143)) - c124d131-afb9-4343-ad4e-aaebde613043: start LeaderElection
2019-10-18 13:02:02,223 [refreshUsed-/workdir/hadoop-ozone/integration-test/target/test-dir/MiniOzoneClusterImpl-206d85c3-6704-4dbf-80de-7c3e9cc4f072/datanode-9/data/containers] WARN  fs.CachingGetSpaceUsed (CachingGetSpaceUsed.java:run(183)) - Thread Interrupted waiting to refresh disk information: sleep interrupted
2019-10-18 13:02:02,227 [java.util.concurrent.ThreadPoolExecutor$Worker@b7e5976[State = -1, empty queue]] WARN  server.GrpcLogAppender (GrpcLogAppender.java:timeoutAppendRequest(209)) - 17618ccc-f51c-4f14-92cf-842ef2c05e35@group-08BD6F798C58->896cef04-248b-470f-8c5c-c9acb81bb157-GrpcLogAppender: appendEntries Timeout, request=17618ccc-f51c-4f14-92cf-842ef2c05e35->896cef04-248b-470f-8c5c-c9acb81bb157#90-t10, previous=(t:10, i:19), leaderCommit=19, initializing? false, entries: <empty>
2019-10-18 13:02:02,242 [ForkJoinPool.commonPool-worker-0] INFO  utils.BackgroundService (BackgroundService.java:shutdown(151)) - Shutting down service BlockDeletingService
2019-10-18 13:02:02,242 [main] INFO  utils.BackgroundService (BackgroundService.java:shutdown(151)) - Shutting down service BlockDeletingService
2019-10-18 13:02:02,244 [ForkJoinPool.commonPool-worker-0] INFO  statemachine.DatanodeStateMachine (DatanodeStateMachine.java:stopDaemon(395)) - Ozone container server stopped.
2019-10-18 13:02:02,247 [main] INFO  statemachine.DatanodeStateMachine (DatanodeStateMachine.java:stopDaemon(395)) - Ozone container server stopped.
2019-10-18 13:02:02,249 [ForkJoinPool.commonPool-worker-0] INFO  handler.ContextHandler (ContextHandler.java:doStop(910)) - Stopped o.e.j.w.WebAppContext@61cd1c71{/,null,UNAVAILABLE}{/hddsDatanode}
2019-10-18 13:02:02,249 [main] INFO  handler.ContextHandler (ContextHandler.java:doStop(910)) - Stopped o.e.j.w.WebAppContext@10c72a6f{/,null,UNAVAILABLE}{/hddsDatanode}
2019-10-18 13:02:02,249 [main] INFO  server.AbstractConnector (AbstractConnector.java:doStop(318)) - Stopped ServerConnector@70e94ecb{HTTP/1.1,[http/1.1]}{0.0.0.0:0}
2019-10-18 13:02:02,249 [ForkJoinPool.commonPool-worker-0] INFO  server.AbstractConnector (AbstractConnector.java:doStop(318)) - Stopped ServerConnector@6724cdec{HTTP/1.1,[http/1.1]}{0.0.0.0:0}
2019-10-18 13:02:02,250 [main] INFO  handler.ContextHandler (ContextHandler.java:doStop(910)) - Stopped o.e.j.s.ServletContextHandler@19a64eae{/static,jar:file:/home/user/.m2/repository/org/apache/hadoop/hadoop-hdds-container-service/0.5.0-SNAPSHOT/hadoop-hdds-container-service-0.5.0-SNAPSHOT.jar!/webapps/static,UNAVAILABLE}
2019-10-18 13:02:02,250 [ForkJoinPool.commonPool-worker-0] INFO  handler.ContextHandler (ContextHandler.java:doStop(910)) - Stopped o.e.j.s.ServletContextHandler@13d9261f{/static,jar:file:/home/user/.m2/repository/org/apache/hadoop/hadoop-hdds-container-service/0.5.0-SNAPSHOT/hadoop-hdds-container-service-0.5.0-SNAPSHOT.jar!/webapps/static,UNAVAILABLE}
2019-10-18 13:02:02,251 [main] INFO  handler.ContextHandler (ContextHandler.java:doStop(910)) - Stopped o.e.j.s.ServletContextHandler@6cbd0674{/logs,file:///workdir/hadoop-ozone/integration-test/target/log,UNAVAILABLE}
2019-10-18 13:02:02,251 [ForkJoinPool.commonPool-worker-0] INFO  handler.ContextHandler (ContextHandler.java:doStop(910)) - Stopped o.e.j.s.ServletContextHandler@644ded04{/logs,file:///workdir/hadoop-ozone/integration-test/target/log,UNAVAILABLE}
2019-10-18 13:02:02,257 [c124d131-afb9-4343-ad4e-aaebde613043@group-FF4202234884-LeaderElection373] INFO  impl.LeaderElection (LeaderElection.java:askForVotes(178)) - c124d131-afb9-4343-ad4e-aaebde613043@group-FF4202234884-LeaderElection373: begin an election at term 206 for -1: [999343e7-0330-4874-a345-91eca72585e0:192.168.34.56:44872, c124d131-afb9-4343-ad4e-aaebde613043:192.168.34.56:42116, e5bb327f-cdd7-4e49-919e-13a4c895fddf:192.168.34.56:36658], old=null
2019-10-18 13:02:02,258 [c124d131-afb9-4343-ad4e-aaebde613043@group-FF4202234884-LeaderElection373] INFO  impl.LeaderElection (LogUtils.java:infoOrTrace(149)) - c124d131-afb9-4343-ad4e-aaebde613043@group-FF4202234884-LeaderElection373 got exception when requesting votes: {}
java.util.concurrent.ExecutionException: org.apache.ratis.thirdparty.io.grpc.StatusRuntimeException: UNAVAILABLE: io exception
	at java.util.concurrent.FutureTask.report(FutureTask.java:122)
	at java.util.concurrent.FutureTask.get(FutureTask.java:192)
	at org.apache.ratis.server.impl.LeaderElection.waitForResults(LeaderElection.java:259)
	at org.apache.ratis.server.impl.LeaderElection.askForVotes(LeaderElection.java:197)
	at org.apache.ratis.server.impl.LeaderElection.run(LeaderElection.java:133)
	at java.lang.Thread.run(Thread.java:748)
Caused by: org.apache.ratis.thirdparty.io.grpc.StatusRuntimeException: UNAVAILABLE: io exception
	at org.apache.ratis.thirdparty.io.grpc.stub.ClientCalls.toStatusRuntimeException(ClientCalls.java:233)
	at org.apache.ratis.thirdparty.io.grpc.stub.ClientCalls.getUnchecked(ClientCalls.java:214)
	at org.apache.ratis.thirdparty.io.grpc.stub.ClientCalls.blockingUnaryCall(ClientCalls.java:139)
	at org.apache.ratis.proto.grpc.RaftServerProtocolServiceGrpc$RaftServerProtocolServiceBlockingStub.requestVote(RaftServerProtocolServiceGrpc.java:265)
	at org.apache.ratis.grpc.server.GrpcServerProtocolClient.requestVote(GrpcServerProtocolClient.java:99)
	at org.apache.ratis.grpc.server.GrpcService.requestVote(GrpcService.java:204)
	at org.apache.ratis.server.impl.LeaderElection.lambda$submitRequests$1(LeaderElection.java:234)
	at java.util.concurrent.FutureTask.run(FutureTask.java:266)
	at java.util.concurrent.Executors$RunnableAdapter.call(Executors.java:511)
	at java.util.concurrent.FutureTask.run(FutureTask.java:266)
	at java.util.concurrent.ThreadPoolExecutor.runWorker(ThreadPoolExecutor.java:1149)
	at java.util.concurrent.ThreadPoolExecutor$Worker.run(ThreadPoolExecutor.java:624)
	... 1 more
Caused by: org.apache.ratis.thirdparty.io.netty.channel.AbstractChannel$AnnotatedConnectException: Connection refused: /192.168.34.56:36658
	at sun.nio.ch.SocketChannelImpl.checkConnect(Native Method)
	at sun.nio.ch.SocketChannelImpl.finishConnect(SocketChannelImpl.java:717)
	at org.apache.ratis.thirdparty.io.netty.channel.socket.nio.NioSocketChannel.doFinishConnect(NioSocketChannel.java:327)
	at org.apache.ratis.thirdparty.io.netty.channel.nio.AbstractNioChannel$AbstractNioUnsafe.finishConnect(AbstractNioChannel.java:340)
	at org.apache.ratis.thirdparty.io.netty.channel.nio.NioEventLoop.processSelectedKey(NioEventLoop.java:632)
	at org.apache.ratis.thirdparty.io.netty.channel.nio.NioEventLoop.processSelectedKeysOptimized(NioEventLoop.java:579)
	at org.apache.ratis.thirdparty.io.netty.channel.nio.NioEventLoop.processSelectedKeys(NioEventLoop.java:496)
	at org.apache.ratis.thirdparty.io.netty.channel.nio.NioEventLoop.run(NioEventLoop.java:458)
	at org.apache.ratis.thirdparty.io.netty.util.concurrent.SingleThreadEventExecutor$5.run(SingleThreadEventExecutor.java:897)
	at org.apache.ratis.thirdparty.io.netty.util.concurrent.FastThreadLocalRunnable.run(FastThreadLocalRunnable.java:30)
	... 1 more
Caused by: java.net.ConnectException: Connection refused
	... 11 more
2019-10-18 13:02:02,258 [c124d131-afb9-4343-ad4e-aaebde613043@group-FF4202234884-LeaderElection373] INFO  impl.LeaderElection (LogUtils.java:infoOrTrace(149)) - c124d131-afb9-4343-ad4e-aaebde613043@group-FF4202234884-LeaderElection373 got exception when requesting votes: {}
java.util.concurrent.ExecutionException: org.apache.ratis.thirdparty.io.grpc.StatusRuntimeException: UNAVAILABLE: io exception
	at java.util.concurrent.FutureTask.report(FutureTask.java:122)
	at java.util.concurrent.FutureTask.get(FutureTask.java:192)
	at org.apache.ratis.server.impl.LeaderElection.waitForResults(LeaderElection.java:259)
	at org.apache.ratis.server.impl.LeaderElection.askForVotes(LeaderElection.java:197)
	at org.apache.ratis.server.impl.LeaderElection.run(LeaderElection.java:133)
	at java.lang.Thread.run(Thread.java:748)
Caused by: org.apache.ratis.thirdparty.io.grpc.StatusRuntimeException: UNAVAILABLE: io exception
	at org.apache.ratis.thirdparty.io.grpc.stub.ClientCalls.toStatusRuntimeException(ClientCalls.java:233)
	at org.apache.ratis.thirdparty.io.grpc.stub.ClientCalls.getUnchecked(ClientCalls.java:214)
	at org.apache.ratis.thirdparty.io.grpc.stub.ClientCalls.blockingUnaryCall(ClientCalls.java:139)
	at org.apache.ratis.proto.grpc.RaftServerProtocolServiceGrpc$RaftServerProtocolServiceBlockingStub.requestVote(RaftServerProtocolServiceGrpc.java:265)
	at org.apache.ratis.grpc.server.GrpcServerProtocolClient.requestVote(GrpcServerProtocolClient.java:99)
	at org.apache.ratis.grpc.server.GrpcService.requestVote(GrpcService.java:204)
	at org.apache.ratis.server.impl.LeaderElection.lambda$submitRequests$1(LeaderElection.java:234)
	at java.util.concurrent.FutureTask.run(FutureTask.java:266)
	at java.util.concurrent.Executors$RunnableAdapter.call(Executors.java:511)
	at java.util.concurrent.FutureTask.run(FutureTask.java:266)
	at java.util.concurrent.ThreadPoolExecutor.runWorker(ThreadPoolExecutor.java:1149)
	at java.util.concurrent.ThreadPoolExecutor$Worker.run(ThreadPoolExecutor.java:624)
	... 1 more
Caused by: org.apache.ratis.thirdparty.io.netty.channel.AbstractChannel$AnnotatedConnectException: Connection refused: /192.168.34.56:44872
	at sun.nio.ch.SocketChannelImpl.checkConnect(Native Method)
	at sun.nio.ch.SocketChannelImpl.finishConnect(SocketChannelImpl.java:717)
	at org.apache.ratis.thirdparty.io.netty.channel.socket.nio.NioSocketChannel.doFinishConnect(NioSocketChannel.java:327)
	at org.apache.ratis.thirdparty.io.netty.channel.nio.AbstractNioChannel$AbstractNioUnsafe.finishConnect(AbstractNioChannel.java:340)
	at org.apache.ratis.thirdparty.io.netty.channel.nio.NioEventLoop.processSelectedKey(NioEventLoop.java:632)
	at org.apache.ratis.thirdparty.io.netty.channel.nio.NioEventLoop.processSelectedKeysOptimized(NioEventLoop.java:579)
	at org.apache.ratis.thirdparty.io.netty.channel.nio.NioEventLoop.processSelectedKeys(NioEventLoop.java:496)
	at org.apache.ratis.thirdparty.io.netty.channel.nio.NioEventLoop.run(NioEventLoop.java:458)
	at org.apache.ratis.thirdparty.io.netty.util.concurrent.SingleThreadEventExecutor$5.run(SingleThreadEventExecutor.java:897)
	at org.apache.ratis.thirdparty.io.netty.util.concurrent.FastThreadLocalRunnable.run(FastThreadLocalRunnable.java:30)
	... 1 more
Caused by: java.net.ConnectException: Connection refused
	... 11 more
2019-10-18 13:02:02,259 [c124d131-afb9-4343-ad4e-aaebde613043@group-FF4202234884-LeaderElection373] INFO  impl.LeaderElection (LeaderElection.java:logAndReturn(56)) - c124d131-afb9-4343-ad4e-aaebde613043@group-FF4202234884-LeaderElection373: Election REJECTED; received 0 response(s) [] and 2 exception(s); c124d131-afb9-4343-ad4e-aaebde613043@group-FF4202234884:t206, leader=null, voted=c124d131-afb9-4343-ad4e-aaebde613043, raftlog=c124d131-afb9-4343-ad4e-aaebde613043@group-FF4202234884-SegmentedRaftLog:OPENED:c-1,f-1,i0, conf=-1: [999343e7-0330-4874-a345-91eca72585e0:192.168.34.56:44872, c124d131-afb9-4343-ad4e-aaebde613043:192.168.34.56:42116, e5bb327f-cdd7-4e49-919e-13a4c895fddf:192.168.34.56:36658], old=null
2019-10-18 13:02:02,259 [c124d131-afb9-4343-ad4e-aaebde613043@group-FF4202234884-LeaderElection373] INFO  impl.LeaderElection (LogUtils.java:infoOrTrace(149)) -   Exception 0: {}
java.util.concurrent.ExecutionException: org.apache.ratis.thirdparty.io.grpc.StatusRuntimeException: UNAVAILABLE: io exception
	at java.util.concurrent.FutureTask.report(FutureTask.java:122)
	at java.util.concurrent.FutureTask.get(FutureTask.java:192)
	at org.apache.ratis.server.impl.LeaderElection.waitForResults(LeaderElection.java:259)
	at org.apache.ratis.server.impl.LeaderElection.askForVotes(LeaderElection.java:197)
	at org.apache.ratis.server.impl.LeaderElection.run(LeaderElection.java:133)
	at java.lang.Thread.run(Thread.java:748)
Caused by: org.apache.ratis.thirdparty.io.grpc.StatusRuntimeException: UNAVAILABLE: io exception
	at org.apache.ratis.thirdparty.io.grpc.stub.ClientCalls.toStatusRuntimeException(ClientCalls.java:233)
	at org.apache.ratis.thirdparty.io.grpc.stub.ClientCalls.getUnchecked(ClientCalls.java:214)
	at org.apache.ratis.thirdparty.io.grpc.stub.ClientCalls.blockingUnaryCall(ClientCalls.java:139)
	at org.apache.ratis.proto.grpc.RaftServerProtocolServiceGrpc$RaftServerProtocolServiceBlockingStub.requestVote(RaftServerProtocolServiceGrpc.java:265)
	at org.apache.ratis.grpc.server.GrpcServerProtocolClient.requestVote(GrpcServerProtocolClient.java:99)
	at org.apache.ratis.grpc.server.GrpcService.requestVote(GrpcService.java:204)
	at org.apache.ratis.server.impl.LeaderElection.lambda$submitRequests$1(LeaderElection.java:234)
	at java.util.concurrent.FutureTask.run(FutureTask.java:266)
	at java.util.concurrent.Executors$RunnableAdapter.call(Executors.java:511)
	at java.util.concurrent.FutureTask.run(FutureTask.java:266)
	at java.util.concurrent.ThreadPoolExecutor.runWorker(ThreadPoolExecutor.java:1149)
	at java.util.concurrent.ThreadPoolExecutor$Worker.run(ThreadPoolExecutor.java:624)
	... 1 more
Caused by: org.apache.ratis.thirdparty.io.netty.channel.AbstractChannel$AnnotatedConnectException: Connection refused: /192.168.34.56:36658
	at sun.nio.ch.SocketChannelImpl.checkConnect(Native Method)
	at sun.nio.ch.SocketChannelImpl.finishConnect(SocketChannelImpl.java:717)
	at org.apache.ratis.thirdparty.io.netty.channel.socket.nio.NioSocketChannel.doFinishConnect(NioSocketChannel.java:327)
	at org.apache.ratis.thirdparty.io.netty.channel.nio.AbstractNioChannel$AbstractNioUnsafe.finishConnect(AbstractNioChannel.java:340)
	at org.apache.ratis.thirdparty.io.netty.channel.nio.NioEventLoop.processSelectedKey(NioEventLoop.java:632)
	at org.apache.ratis.thirdparty.io.netty.channel.nio.NioEventLoop.processSelectedKeysOptimized(NioEventLoop.java:579)
	at org.apache.ratis.thirdparty.io.netty.channel.nio.NioEventLoop.processSelectedKeys(NioEventLoop.java:496)
	at org.apache.ratis.thirdparty.io.netty.channel.nio.NioEventLoop.run(NioEventLoop.java:458)
	at org.apache.ratis.thirdparty.io.netty.util.concurrent.SingleThreadEventExecutor$5.run(SingleThreadEventExecutor.java:897)
	at org.apache.ratis.thirdparty.io.netty.util.concurrent.FastThreadLocalRunnable.run(FastThreadLocalRunnable.java:30)
	... 1 more
Caused by: java.net.ConnectException: Connection refused
	... 11 more
2019-10-18 13:02:02,259 [c124d131-afb9-4343-ad4e-aaebde613043@group-FF4202234884-LeaderElection373] INFO  impl.LeaderElection (LogUtils.java:infoOrTrace(149)) -   Exception 1: {}
java.util.concurrent.ExecutionException: org.apache.ratis.thirdparty.io.grpc.StatusRuntimeException: UNAVAILABLE: io exception
	at java.util.concurrent.FutureTask.report(FutureTask.java:122)
	at java.util.concurrent.FutureTask.get(FutureTask.java:192)
	at org.apache.ratis.server.impl.LeaderElection.waitForResults(LeaderElection.java:259)
	at org.apache.ratis.server.impl.LeaderElection.askForVotes(LeaderElection.java:197)
	at org.apache.ratis.server.impl.LeaderElection.run(LeaderElection.java:133)
	at java.lang.Thread.run(Thread.java:748)
Caused by: org.apache.ratis.thirdparty.io.grpc.StatusRuntimeException: UNAVAILABLE: io exception
	at org.apache.ratis.thirdparty.io.grpc.stub.ClientCalls.toStatusRuntimeException(ClientCalls.java:233)
	at org.apache.ratis.thirdparty.io.grpc.stub.ClientCalls.getUnchecked(ClientCalls.java:214)
	at org.apache.ratis.thirdparty.io.grpc.stub.ClientCalls.blockingUnaryCall(ClientCalls.java:139)
	at org.apache.ratis.proto.grpc.RaftServerProtocolServiceGrpc$RaftServerProtocolServiceBlockingStub.requestVote(RaftServerProtocolServiceGrpc.java:265)
	at org.apache.ratis.grpc.server.GrpcServerProtocolClient.requestVote(GrpcServerProtocolClient.java:99)
	at org.apache.ratis.grpc.server.GrpcService.requestVote(GrpcService.java:204)
	at org.apache.ratis.server.impl.LeaderElection.lambda$submitRequests$1(LeaderElection.java:234)
	at java.util.concurrent.FutureTask.run(FutureTask.java:266)
	at java.util.concurrent.Executors$RunnableAdapter.call(Executors.java:511)
	at java.util.concurrent.FutureTask.run(FutureTask.java:266)
	at java.util.concurrent.ThreadPoolExecutor.runWorker(ThreadPoolExecutor.java:1149)
	at java.util.concurrent.ThreadPoolExecutor$Worker.run(ThreadPoolExecutor.java:624)
	... 1 more
Caused by: org.apache.ratis.thirdparty.io.netty.channel.AbstractChannel$AnnotatedConnectException: Connection refused: /192.168.34.56:44872
	at sun.nio.ch.SocketChannelImpl.checkConnect(Native Method)
	at sun.nio.ch.SocketChannelImpl.finishConnect(SocketChannelImpl.java:717)
	at org.apache.ratis.thirdparty.io.netty.channel.socket.nio.NioSocketChannel.doFinishConnect(NioSocketChannel.java:327)
	at org.apache.ratis.thirdparty.io.netty.channel.nio.AbstractNioChannel$AbstractNioUnsafe.finishConnect(AbstractNioChannel.java:340)
	at org.apache.ratis.thirdparty.io.netty.channel.nio.NioEventLoop.processSelectedKey(NioEventLoop.java:632)
	at org.apache.ratis.thirdparty.io.netty.channel.nio.NioEventLoop.processSelectedKeysOptimized(NioEventLoop.java:579)
	at org.apache.ratis.thirdparty.io.netty.channel.nio.NioEventLoop.processSelectedKeys(NioEventLoop.java:496)
	at org.apache.ratis.thirdparty.io.netty.channel.nio.NioEventLoop.run(NioEventLoop.java:458)
	at org.apache.ratis.thirdparty.io.netty.util.concurrent.SingleThreadEventExecutor$5.run(SingleThreadEventExecutor.java:897)
	at org.apache.ratis.thirdparty.io.netty.util.concurrent.FastThreadLocalRunnable.run(FastThreadLocalRunnable.java:30)
	... 1 more
Caused by: java.net.ConnectException: Connection refused
	... 11 more
2019-10-18 13:02:02,260 [c124d131-afb9-4343-ad4e-aaebde613043@group-FF4202234884-LeaderElection373] INFO  impl.RaftServerImpl (RaftServerImpl.java:setRole(184)) - c124d131-afb9-4343-ad4e-aaebde613043@group-FF4202234884: changes role from CANDIDATE to FOLLOWER at term 206 for DISCOVERED_A_NEW_TERM
2019-10-18 13:02:02,260 [c124d131-afb9-4343-ad4e-aaebde613043@group-FF4202234884-LeaderElection373] INFO  impl.RoleInfo (RoleInfo.java:shutdownLeaderElection(134)) - c124d131-afb9-4343-ad4e-aaebde613043: shutdown LeaderElection
2019-10-18 13:02:02,260 [c124d131-afb9-4343-ad4e-aaebde613043@group-FF4202234884-LeaderElection373] INFO  impl.RoleInfo (RoleInfo.java:updateAndGet(143)) - c124d131-afb9-4343-ad4e-aaebde613043: start FollowerState
2019-10-18 13:02:02,454 [Thread-2912] INFO  impl.FollowerState (FollowerState.java:run(108)) - c124d131-afb9-4343-ad4e-aaebde613043@group-FF4202234884-FollowerState: change to CANDIDATE, lastRpcTime:194ms, electionTimeout:194ms
2019-10-18 13:02:02,454 [Thread-2912] INFO  impl.RoleInfo (RoleInfo.java:shutdownFollowerState(121)) - c124d131-afb9-4343-ad4e-aaebde613043: shutdown FollowerState
2019-10-18 13:02:02,455 [Thread-2912] INFO  impl.RaftServerImpl (RaftServerImpl.java:setRole(184)) - c124d131-afb9-4343-ad4e-aaebde613043@group-FF4202234884: changes role from  FOLLOWER to CANDIDATE at term 206 for changeToCandidate
2019-10-18 13:02:02,455 [Thread-2912] INFO  impl.RoleInfo (RoleInfo.java:updateAndGet(143)) - c124d131-afb9-4343-ad4e-aaebde613043: start LeaderElection
2019-10-18 13:02:02,495 [c124d131-afb9-4343-ad4e-aaebde613043@group-FF4202234884-LeaderElection374] INFO  impl.LeaderElection (LeaderElection.java:askForVotes(178)) - c124d131-afb9-4343-ad4e-aaebde613043@group-FF4202234884-LeaderElection374: begin an election at term 207 for -1: [999343e7-0330-4874-a345-91eca72585e0:192.168.34.56:44872, c124d131-afb9-4343-ad4e-aaebde613043:192.168.34.56:42116, e5bb327f-cdd7-4e49-919e-13a4c895fddf:192.168.34.56:36658], old=null
2019-10-18 13:02:02,496 [c124d131-afb9-4343-ad4e-aaebde613043@group-FF4202234884-LeaderElection374] INFO  impl.LeaderElection (LogUtils.java:infoOrTrace(149)) - c124d131-afb9-4343-ad4e-aaebde613043@group-FF4202234884-LeaderElection374 got exception when requesting votes: {}
java.util.concurrent.ExecutionException: org.apache.ratis.thirdparty.io.grpc.StatusRuntimeException: UNAVAILABLE: io exception
	at java.util.concurrent.FutureTask.report(FutureTask.java:122)
	at java.util.concurrent.FutureTask.get(FutureTask.java:192)
	at org.apache.ratis.server.impl.LeaderElection.waitForResults(LeaderElection.java:259)
	at org.apache.ratis.server.impl.LeaderElection.askForVotes(LeaderElection.java:197)
	at org.apache.ratis.server.impl.LeaderElection.run(LeaderElection.java:133)
	at java.lang.Thread.run(Thread.java:748)
Caused by: org.apache.ratis.thirdparty.io.grpc.StatusRuntimeException: UNAVAILABLE: io exception
	at org.apache.ratis.thirdparty.io.grpc.stub.ClientCalls.toStatusRuntimeException(ClientCalls.java:233)
	at org.apache.ratis.thirdparty.io.grpc.stub.ClientCalls.getUnchecked(ClientCalls.java:214)
	at org.apache.ratis.thirdparty.io.grpc.stub.ClientCalls.blockingUnaryCall(ClientCalls.java:139)
	at org.apache.ratis.proto.grpc.RaftServerProtocolServiceGrpc$RaftServerProtocolServiceBlockingStub.requestVote(RaftServerProtocolServiceGrpc.java:265)
	at org.apache.ratis.grpc.server.GrpcServerProtocolClient.requestVote(GrpcServerProtocolClient.java:99)
	at org.apache.ratis.grpc.server.GrpcService.requestVote(GrpcService.java:204)
	at org.apache.ratis.server.impl.LeaderElection.lambda$submitRequests$1(LeaderElection.java:234)
	at java.util.concurrent.FutureTask.run(FutureTask.java:266)
	at java.util.concurrent.Executors$RunnableAdapter.call(Executors.java:511)
	at java.util.concurrent.FutureTask.run(FutureTask.java:266)
	at java.util.concurrent.ThreadPoolExecutor.runWorker(ThreadPoolExecutor.java:1149)
	at java.util.concurrent.ThreadPoolExecutor$Worker.run(ThreadPoolExecutor.java:624)
	... 1 more
Caused by: org.apache.ratis.thirdparty.io.netty.channel.AbstractChannel$AnnotatedConnectException: Connection refused: /192.168.34.56:44872
	at sun.nio.ch.SocketChannelImpl.checkConnect(Native Method)
	at sun.nio.ch.SocketChannelImpl.finishConnect(SocketChannelImpl.java:717)
	at org.apache.ratis.thirdparty.io.netty.channel.socket.nio.NioSocketChannel.doFinishConnect(NioSocketChannel.java:327)
	at org.apache.ratis.thirdparty.io.netty.channel.nio.AbstractNioChannel$AbstractNioUnsafe.finishConnect(AbstractNioChannel.java:340)
	at org.apache.ratis.thirdparty.io.netty.channel.nio.NioEventLoop.processSelectedKey(NioEventLoop.java:632)
	at org.apache.ratis.thirdparty.io.netty.channel.nio.NioEventLoop.processSelectedKeysOptimized(NioEventLoop.java:579)
	at org.apache.ratis.thirdparty.io.netty.channel.nio.NioEventLoop.processSelectedKeys(NioEventLoop.java:496)
	at org.apache.ratis.thirdparty.io.netty.channel.nio.NioEventLoop.run(NioEventLoop.java:458)
	at org.apache.ratis.thirdparty.io.netty.util.concurrent.SingleThreadEventExecutor$5.run(SingleThreadEventExecutor.java:897)
	at org.apache.ratis.thirdparty.io.netty.util.concurrent.FastThreadLocalRunnable.run(FastThreadLocalRunnable.java:30)
	... 1 more
Caused by: java.net.ConnectException: Connection refused
	... 11 more
2019-10-18 13:02:02,496 [c124d131-afb9-4343-ad4e-aaebde613043@group-FF4202234884-LeaderElection374] INFO  impl.LeaderElection (LogUtils.java:infoOrTrace(149)) - c124d131-afb9-4343-ad4e-aaebde613043@group-FF4202234884-LeaderElection374 got exception when requesting votes: {}
java.util.concurrent.ExecutionException: org.apache.ratis.thirdparty.io.grpc.StatusRuntimeException: UNAVAILABLE: io exception
	at java.util.concurrent.FutureTask.report(FutureTask.java:122)
	at java.util.concurrent.FutureTask.get(FutureTask.java:192)
	at org.apache.ratis.server.impl.LeaderElection.waitForResults(LeaderElection.java:259)
	at org.apache.ratis.server.impl.LeaderElection.askForVotes(LeaderElection.java:197)
	at org.apache.ratis.server.impl.LeaderElection.run(LeaderElection.java:133)
	at java.lang.Thread.run(Thread.java:748)
Caused by: org.apache.ratis.thirdparty.io.grpc.StatusRuntimeException: UNAVAILABLE: io exception
	at org.apache.ratis.thirdparty.io.grpc.stub.ClientCalls.toStatusRuntimeException(ClientCalls.java:233)
	at org.apache.ratis.thirdparty.io.grpc.stub.ClientCalls.getUnchecked(ClientCalls.java:214)
	at org.apache.ratis.thirdparty.io.grpc.stub.ClientCalls.blockingUnaryCall(ClientCalls.java:139)
	at org.apache.ratis.proto.grpc.RaftServerProtocolServiceGrpc$RaftServerProtocolServiceBlockingStub.requestVote(RaftServerProtocolServiceGrpc.java:265)
	at org.apache.ratis.grpc.server.GrpcServerProtocolClient.requestVote(GrpcServerProtocolClient.java:99)
	at org.apache.ratis.grpc.server.GrpcService.requestVote(GrpcService.java:204)
	at org.apache.ratis.server.impl.LeaderElection.lambda$submitRequests$1(LeaderElection.java:234)
	at java.util.concurrent.FutureTask.run(FutureTask.java:266)
	at java.util.concurrent.Executors$RunnableAdapter.call(Executors.java:511)
	at java.util.concurrent.FutureTask.run(FutureTask.java:266)
	at java.util.concurrent.ThreadPoolExecutor.runWorker(ThreadPoolExecutor.java:1149)
	at java.util.concurrent.ThreadPoolExecutor$Worker.run(ThreadPoolExecutor.java:624)
	... 1 more
Caused by: org.apache.ratis.thirdparty.io.netty.channel.AbstractChannel$AnnotatedConnectException: Connection refused: /192.168.34.56:36658
	at sun.nio.ch.SocketChannelImpl.checkConnect(Native Method)
	at sun.nio.ch.SocketChannelImpl.finishConnect(SocketChannelImpl.java:717)
	at org.apache.ratis.thirdparty.io.netty.channel.socket.nio.NioSocketChannel.doFinishConnect(NioSocketChannel.java:327)
	at org.apache.ratis.thirdparty.io.netty.channel.nio.AbstractNioChannel$AbstractNioUnsafe.finishConnect(AbstractNioChannel.java:340)
	at org.apache.ratis.thirdparty.io.netty.channel.nio.NioEventLoop.processSelectedKey(NioEventLoop.java:632)
	at org.apache.ratis.thirdparty.io.netty.channel.nio.NioEventLoop.processSelectedKeysOptimized(NioEventLoop.java:579)
	at org.apache.ratis.thirdparty.io.netty.channel.nio.NioEventLoop.processSelectedKeys(NioEventLoop.java:496)
	at org.apache.ratis.thirdparty.io.netty.channel.nio.NioEventLoop.run(NioEventLoop.java:458)
	at org.apache.ratis.thirdparty.io.netty.util.concurrent.SingleThreadEventExecutor$5.run(SingleThreadEventExecutor.java:897)
	at org.apache.ratis.thirdparty.io.netty.util.concurrent.FastThreadLocalRunnable.run(FastThreadLocalRunnable.java:30)
	... 1 more
Caused by: java.net.ConnectException: Connection refused
	... 11 more
2019-10-18 13:02:02,496 [c124d131-afb9-4343-ad4e-aaebde613043@group-FF4202234884-LeaderElection374] INFO  impl.LeaderElection (LeaderElection.java:logAndReturn(56)) - c124d131-afb9-4343-ad4e-aaebde613043@group-FF4202234884-LeaderElection374: Election REJECTED; received 0 response(s) [] and 2 exception(s); c124d131-afb9-4343-ad4e-aaebde613043@group-FF4202234884:t207, leader=null, voted=c124d131-afb9-4343-ad4e-aaebde613043, raftlog=c124d131-afb9-4343-ad4e-aaebde613043@group-FF4202234884-SegmentedRaftLog:OPENED:c-1,f-1,i0, conf=-1: [999343e7-0330-4874-a345-91eca72585e0:192.168.34.56:44872, c124d131-afb9-4343-ad4e-aaebde613043:192.168.34.56:42116, e5bb327f-cdd7-4e49-919e-13a4c895fddf:192.168.34.56:36658], old=null
2019-10-18 13:02:02,496 [c124d131-afb9-4343-ad4e-aaebde613043@group-FF4202234884-LeaderElection374] INFO  impl.LeaderElection (LogUtils.java:infoOrTrace(149)) -   Exception 0: {}
java.util.concurrent.ExecutionException: org.apache.ratis.thirdparty.io.grpc.StatusRuntimeException: UNAVAILABLE: io exception
	at java.util.concurrent.FutureTask.report(FutureTask.java:122)
	at java.util.concurrent.FutureTask.get(FutureTask.java:192)
	at org.apache.ratis.server.impl.LeaderElection.waitForResults(LeaderElection.java:259)
	at org.apache.ratis.server.impl.LeaderElection.askForVotes(LeaderElection.java:197)
	at org.apache.ratis.server.impl.LeaderElection.run(LeaderElection.java:133)
	at java.lang.Thread.run(Thread.java:748)
Caused by: org.apache.ratis.thirdparty.io.grpc.StatusRuntimeException: UNAVAILABLE: io exception
	at org.apache.ratis.thirdparty.io.grpc.stub.ClientCalls.toStatusRuntimeException(ClientCalls.java:233)
	at org.apache.ratis.thirdparty.io.grpc.stub.ClientCalls.getUnchecked(ClientCalls.java:214)
	at org.apache.ratis.thirdparty.io.grpc.stub.ClientCalls.blockingUnaryCall(ClientCalls.java:139)
	at org.apache.ratis.proto.grpc.RaftServerProtocolServiceGrpc$RaftServerProtocolServiceBlockingStub.requestVote(RaftServerProtocolServiceGrpc.java:265)
	at org.apache.ratis.grpc.server.GrpcServerProtocolClient.requestVote(GrpcServerProtocolClient.java:99)
	at org.apache.ratis.grpc.server.GrpcService.requestVote(GrpcService.java:204)
	at org.apache.ratis.server.impl.LeaderElection.lambda$submitRequests$1(LeaderElection.java:234)
	at java.util.concurrent.FutureTask.run(FutureTask.java:266)
	at java.util.concurrent.Executors$RunnableAdapter.call(Executors.java:511)
	at java.util.concurrent.FutureTask.run(FutureTask.java:266)
	at java.util.concurrent.ThreadPoolExecutor.runWorker(ThreadPoolExecutor.java:1149)
	at java.util.concurrent.ThreadPoolExecutor$Worker.run(ThreadPoolExecutor.java:624)
	... 1 more
Caused by: org.apache.ratis.thirdparty.io.netty.channel.AbstractChannel$AnnotatedConnectException: Connection refused: /192.168.34.56:44872
	at sun.nio.ch.SocketChannelImpl.checkConnect(Native Method)
	at sun.nio.ch.SocketChannelImpl.finishConnect(SocketChannelImpl.java:717)
	at org.apache.ratis.thirdparty.io.netty.channel.socket.nio.NioSocketChannel.doFinishConnect(NioSocketChannel.java:327)
	at org.apache.ratis.thirdparty.io.netty.channel.nio.AbstractNioChannel$AbstractNioUnsafe.finishConnect(AbstractNioChannel.java:340)
	at org.apache.ratis.thirdparty.io.netty.channel.nio.NioEventLoop.processSelectedKey(NioEventLoop.java:632)
	at org.apache.ratis.thirdparty.io.netty.channel.nio.NioEventLoop.processSelectedKeysOptimized(NioEventLoop.java:579)
	at org.apache.ratis.thirdparty.io.netty.channel.nio.NioEventLoop.processSelectedKeys(NioEventLoop.java:496)
	at org.apache.ratis.thirdparty.io.netty.channel.nio.NioEventLoop.run(NioEventLoop.java:458)
	at org.apache.ratis.thirdparty.io.netty.util.concurrent.SingleThreadEventExecutor$5.run(SingleThreadEventExecutor.java:897)
	at org.apache.ratis.thirdparty.io.netty.util.concurrent.FastThreadLocalRunnable.run(FastThreadLocalRunnable.java:30)
	... 1 more
Caused by: java.net.ConnectException: Connection refused
	... 11 more
2019-10-18 13:02:02,496 [c124d131-afb9-4343-ad4e-aaebde613043@group-FF4202234884-LeaderElection374] INFO  impl.LeaderElection (LogUtils.java:infoOrTrace(149)) -   Exception 1: {}
java.util.concurrent.ExecutionException: org.apache.ratis.thirdparty.io.grpc.StatusRuntimeException: UNAVAILABLE: io exception
	at java.util.concurrent.FutureTask.report(FutureTask.java:122)
	at java.util.concurrent.FutureTask.get(FutureTask.java:192)
	at org.apache.ratis.server.impl.LeaderElection.waitForResults(LeaderElection.java:259)
	at org.apache.ratis.server.impl.LeaderElection.askForVotes(LeaderElection.java:197)
	at org.apache.ratis.server.impl.LeaderElection.run(LeaderElection.java:133)
	at java.lang.Thread.run(Thread.java:748)
Caused by: org.apache.ratis.thirdparty.io.grpc.StatusRuntimeException: UNAVAILABLE: io exception
	at org.apache.ratis.thirdparty.io.grpc.stub.ClientCalls.toStatusRuntimeException(ClientCalls.java:233)
	at org.apache.ratis.thirdparty.io.grpc.stub.ClientCalls.getUnchecked(ClientCalls.java:214)
	at org.apache.ratis.thirdparty.io.grpc.stub.ClientCalls.blockingUnaryCall(ClientCalls.java:139)
	at org.apache.ratis.proto.grpc.RaftServerProtocolServiceGrpc$RaftServerProtocolServiceBlockingStub.requestVote(RaftServerProtocolServiceGrpc.java:265)
	at org.apache.ratis.grpc.server.GrpcServerProtocolClient.requestVote(GrpcServerProtocolClient.java:99)
	at org.apache.ratis.grpc.server.GrpcService.requestVote(GrpcService.java:204)
	at org.apache.ratis.server.impl.LeaderElection.lambda$submitRequests$1(LeaderElection.java:234)
	at java.util.concurrent.FutureTask.run(FutureTask.java:266)
	at java.util.concurrent.Executors$RunnableAdapter.call(Executors.java:511)
	at java.util.concurrent.FutureTask.run(FutureTask.java:266)
	at java.util.concurrent.ThreadPoolExecutor.runWorker(ThreadPoolExecutor.java:1149)
	at java.util.concurrent.ThreadPoolExecutor$Worker.run(ThreadPoolExecutor.java:624)
	... 1 more
Caused by: org.apache.ratis.thirdparty.io.netty.channel.AbstractChannel$AnnotatedConnectException: Connection refused: /192.168.34.56:36658
	at sun.nio.ch.SocketChannelImpl.checkConnect(Native Method)
	at sun.nio.ch.SocketChannelImpl.finishConnect(SocketChannelImpl.java:717)
	at org.apache.ratis.thirdparty.io.netty.channel.socket.nio.NioSocketChannel.doFinishConnect(NioSocketChannel.java:327)
	at org.apache.ratis.thirdparty.io.netty.channel.nio.AbstractNioChannel$AbstractNioUnsafe.finishConnect(AbstractNioChannel.java:340)
	at org.apache.ratis.thirdparty.io.netty.channel.nio.NioEventLoop.processSelectedKey(NioEventLoop.java:632)
	at org.apache.ratis.thirdparty.io.netty.channel.nio.NioEventLoop.processSelectedKeysOptimized(NioEventLoop.java:579)
	at org.apache.ratis.thirdparty.io.netty.channel.nio.NioEventLoop.processSelectedKeys(NioEventLoop.java:496)
	at org.apache.ratis.thirdparty.io.netty.channel.nio.NioEventLoop.run(NioEventLoop.java:458)
	at org.apache.ratis.thirdparty.io.netty.util.concurrent.SingleThreadEventExecutor$5.run(SingleThreadEventExecutor.java:897)
	at org.apache.ratis.thirdparty.io.netty.util.concurrent.FastThreadLocalRunnable.run(FastThreadLocalRunnable.java:30)
	... 1 more
Caused by: java.net.ConnectException: Connection refused
	... 11 more
2019-10-18 13:02:02,497 [c124d131-afb9-4343-ad4e-aaebde613043@group-FF4202234884-LeaderElection374] INFO  impl.RaftServerImpl (RaftServerImpl.java:setRole(184)) - c124d131-afb9-4343-ad4e-aaebde613043@group-FF4202234884: changes role from CANDIDATE to FOLLOWER at term 207 for DISCOVERED_A_NEW_TERM
2019-10-18 13:02:02,497 [c124d131-afb9-4343-ad4e-aaebde613043@group-FF4202234884-LeaderElection374] INFO  impl.RoleInfo (RoleInfo.java:shutdownLeaderElection(134)) - c124d131-afb9-4343-ad4e-aaebde613043: shutdown LeaderElection
2019-10-18 13:02:02,497 [c124d131-afb9-4343-ad4e-aaebde613043@group-FF4202234884-LeaderElection374] INFO  impl.RoleInfo (RoleInfo.java:updateAndGet(143)) - c124d131-afb9-4343-ad4e-aaebde613043: start FollowerState
2019-10-18 13:02:02,620 [Datanode State Machine Thread - 0] INFO  statemachine.DatanodeStateMachine (DatanodeStateMachine.java:lambda$startDaemon$0(350)) - Ozone container server started.
2019-10-18 13:02:02,633 [Thread-2916] INFO  impl.FollowerState (FollowerState.java:run(108)) - c124d131-afb9-4343-ad4e-aaebde613043@group-FF4202234884-FollowerState: change to CANDIDATE, lastRpcTime:136ms, electionTimeout:136ms
2019-10-18 13:02:02,633 [Thread-2916] INFO  impl.RoleInfo (RoleInfo.java:shutdownFollowerState(121)) - c124d131-afb9-4343-ad4e-aaebde613043: shutdown FollowerState
2019-10-18 13:02:02,633 [Thread-2916] INFO  impl.RaftServerImpl (RaftServerImpl.java:setRole(184)) - c124d131-afb9-4343-ad4e-aaebde613043@group-FF4202234884: changes role from  FOLLOWER to CANDIDATE at term 207 for changeToCandidate
2019-10-18 13:02:02,634 [Thread-2916] INFO  impl.RoleInfo (RoleInfo.java:updateAndGet(143)) - c124d131-afb9-4343-ad4e-aaebde613043: start LeaderElection
2019-10-18 13:02:02,654 [c124d131-afb9-4343-ad4e-aaebde613043@group-FF4202234884-LeaderElection375] INFO  impl.LeaderElection (LeaderElection.java:askForVotes(178)) - c124d131-afb9-4343-ad4e-aaebde613043@group-FF4202234884-LeaderElection375: begin an election at term 208 for -1: [999343e7-0330-4874-a345-91eca72585e0:192.168.34.56:44872, c124d131-afb9-4343-ad4e-aaebde613043:192.168.34.56:42116, e5bb327f-cdd7-4e49-919e-13a4c895fddf:192.168.34.56:36658], old=null
2019-10-18 13:02:02,655 [c124d131-afb9-4343-ad4e-aaebde613043@group-FF4202234884-LeaderElection375] INFO  impl.LeaderElection (LogUtils.java:infoOrTrace(149)) - c124d131-afb9-4343-ad4e-aaebde613043@group-FF4202234884-LeaderElection375 got exception when requesting votes: {}
java.util.concurrent.ExecutionException: org.apache.ratis.thirdparty.io.grpc.StatusRuntimeException: UNAVAILABLE: io exception
	at java.util.concurrent.FutureTask.report(FutureTask.java:122)
	at java.util.concurrent.FutureTask.get(FutureTask.java:192)
	at org.apache.ratis.server.impl.LeaderElection.waitForResults(LeaderElection.java:259)
	at org.apache.ratis.server.impl.LeaderElection.askForVotes(LeaderElection.java:197)
	at org.apache.ratis.server.impl.LeaderElection.run(LeaderElection.java:133)
	at java.lang.Thread.run(Thread.java:748)
Caused by: org.apache.ratis.thirdparty.io.grpc.StatusRuntimeException: UNAVAILABLE: io exception
	at org.apache.ratis.thirdparty.io.grpc.stub.ClientCalls.toStatusRuntimeException(ClientCalls.java:233)
	at org.apache.ratis.thirdparty.io.grpc.stub.ClientCalls.getUnchecked(ClientCalls.java:214)
	at org.apache.ratis.thirdparty.io.grpc.stub.ClientCalls.blockingUnaryCall(ClientCalls.java:139)
	at org.apache.ratis.proto.grpc.RaftServerProtocolServiceGrpc$RaftServerProtocolServiceBlockingStub.requestVote(RaftServerProtocolServiceGrpc.java:265)
	at org.apache.ratis.grpc.server.GrpcServerProtocolClient.requestVote(GrpcServerProtocolClient.java:99)
	at org.apache.ratis.grpc.server.GrpcService.requestVote(GrpcService.java:204)
	at org.apache.ratis.server.impl.LeaderElection.lambda$submitRequests$1(LeaderElection.java:234)
	at java.util.concurrent.FutureTask.run(FutureTask.java:266)
	at java.util.concurrent.Executors$RunnableAdapter.call(Executors.java:511)
	at java.util.concurrent.FutureTask.run(FutureTask.java:266)
	at java.util.concurrent.ThreadPoolExecutor.runWorker(ThreadPoolExecutor.java:1149)
	at java.util.concurrent.ThreadPoolExecutor$Worker.run(ThreadPoolExecutor.java:624)
	... 1 more
Caused by: org.apache.ratis.thirdparty.io.netty.channel.AbstractChannel$AnnotatedConnectException: Connection refused: /192.168.34.56:36658
	at sun.nio.ch.SocketChannelImpl.checkConnect(Native Method)
	at sun.nio.ch.SocketChannelImpl.finishConnect(SocketChannelImpl.java:717)
	at org.apache.ratis.thirdparty.io.netty.channel.socket.nio.NioSocketChannel.doFinishConnect(NioSocketChannel.java:327)
	at org.apache.ratis.thirdparty.io.netty.channel.nio.AbstractNioChannel$AbstractNioUnsafe.finishConnect(AbstractNioChannel.java:340)
	at org.apache.ratis.thirdparty.io.netty.channel.nio.NioEventLoop.processSelectedKey(NioEventLoop.java:632)
	at org.apache.ratis.thirdparty.io.netty.channel.nio.NioEventLoop.processSelectedKeysOptimized(NioEventLoop.java:579)
	at org.apache.ratis.thirdparty.io.netty.channel.nio.NioEventLoop.processSelectedKeys(NioEventLoop.java:496)
	at org.apache.ratis.thirdparty.io.netty.channel.nio.NioEventLoop.run(NioEventLoop.java:458)
	at org.apache.ratis.thirdparty.io.netty.util.concurrent.SingleThreadEventExecutor$5.run(SingleThreadEventExecutor.java:897)
	at org.apache.ratis.thirdparty.io.netty.util.concurrent.FastThreadLocalRunnable.run(FastThreadLocalRunnable.java:30)
	... 1 more
Caused by: java.net.ConnectException: Connection refused
	... 11 more
2019-10-18 13:02:02,655 [c124d131-afb9-4343-ad4e-aaebde613043@group-FF4202234884-LeaderElection375] INFO  impl.LeaderElection (LogUtils.java:infoOrTrace(149)) - c124d131-afb9-4343-ad4e-aaebde613043@group-FF4202234884-LeaderElection375 got exception when requesting votes: {}
java.util.concurrent.ExecutionException: org.apache.ratis.thirdparty.io.grpc.StatusRuntimeException: UNAVAILABLE: io exception
	at java.util.concurrent.FutureTask.report(FutureTask.java:122)
	at java.util.concurrent.FutureTask.get(FutureTask.java:192)
	at org.apache.ratis.server.impl.LeaderElection.waitForResults(LeaderElection.java:259)
	at org.apache.ratis.server.impl.LeaderElection.askForVotes(LeaderElection.java:197)
	at org.apache.ratis.server.impl.LeaderElection.run(LeaderElection.java:133)
	at java.lang.Thread.run(Thread.java:748)
Caused by: org.apache.ratis.thirdparty.io.grpc.StatusRuntimeException: UNAVAILABLE: io exception
	at org.apache.ratis.thirdparty.io.grpc.stub.ClientCalls.toStatusRuntimeException(ClientCalls.java:233)
	at org.apache.ratis.thirdparty.io.grpc.stub.ClientCalls.getUnchecked(ClientCalls.java:214)
	at org.apache.ratis.thirdparty.io.grpc.stub.ClientCalls.blockingUnaryCall(ClientCalls.java:139)
	at org.apache.ratis.proto.grpc.RaftServerProtocolServiceGrpc$RaftServerProtocolServiceBlockingStub.requestVote(RaftServerProtocolServiceGrpc.java:265)
	at org.apache.ratis.grpc.server.GrpcServerProtocolClient.requestVote(GrpcServerProtocolClient.java:99)
	at org.apache.ratis.grpc.server.GrpcService.requestVote(GrpcService.java:204)
	at org.apache.ratis.server.impl.LeaderElection.lambda$submitRequests$1(LeaderElection.java:234)
	at java.util.concurrent.FutureTask.run(FutureTask.java:266)
	at java.util.concurrent.Executors$RunnableAdapter.call(Executors.java:511)
	at java.util.concurrent.FutureTask.run(FutureTask.java:266)
	at java.util.concurrent.ThreadPoolExecutor.runWorker(ThreadPoolExecutor.java:1149)
	at java.util.concurrent.ThreadPoolExecutor$Worker.run(ThreadPoolExecutor.java:624)
	... 1 more
Caused by: org.apache.ratis.thirdparty.io.netty.channel.AbstractChannel$AnnotatedConnectException: Connection refused: /192.168.34.56:44872
	at sun.nio.ch.SocketChannelImpl.checkConnect(Native Method)
	at sun.nio.ch.SocketChannelImpl.finishConnect(SocketChannelImpl.java:717)
	at org.apache.ratis.thirdparty.io.netty.channel.socket.nio.NioSocketChannel.doFinishConnect(NioSocketChannel.java:327)
	at org.apache.ratis.thirdparty.io.netty.channel.nio.AbstractNioChannel$AbstractNioUnsafe.finishConnect(AbstractNioChannel.java:340)
	at org.apache.ratis.thirdparty.io.netty.channel.nio.NioEventLoop.processSelectedKey(NioEventLoop.java:632)
	at org.apache.ratis.thirdparty.io.netty.channel.nio.NioEventLoop.processSelectedKeysOptimized(NioEventLoop.java:579)
	at org.apache.ratis.thirdparty.io.netty.channel.nio.NioEventLoop.processSelectedKeys(NioEventLoop.java:496)
	at org.apache.ratis.thirdparty.io.netty.channel.nio.NioEventLoop.run(NioEventLoop.java:458)
	at org.apache.ratis.thirdparty.io.netty.util.concurrent.SingleThreadEventExecutor$5.run(SingleThreadEventExecutor.java:897)
	at org.apache.ratis.thirdparty.io.netty.util.concurrent.FastThreadLocalRunnable.run(FastThreadLocalRunnable.java:30)
	... 1 more
Caused by: java.net.ConnectException: Connection refused
	... 11 more
2019-10-18 13:02:02,656 [c124d131-afb9-4343-ad4e-aaebde613043@group-FF4202234884-LeaderElection375] INFO  impl.LeaderElection (LeaderElection.java:logAndReturn(56)) - c124d131-afb9-4343-ad4e-aaebde613043@group-FF4202234884-LeaderElection375: Election REJECTED; received 0 response(s) [] and 2 exception(s); c124d131-afb9-4343-ad4e-aaebde613043@group-FF4202234884:t208, leader=null, voted=c124d131-afb9-4343-ad4e-aaebde613043, raftlog=c124d131-afb9-4343-ad4e-aaebde613043@group-FF4202234884-SegmentedRaftLog:OPENED:c-1,f-1,i0, conf=-1: [999343e7-0330-4874-a345-91eca72585e0:192.168.34.56:44872, c124d131-afb9-4343-ad4e-aaebde613043:192.168.34.56:42116, e5bb327f-cdd7-4e49-919e-13a4c895fddf:192.168.34.56:36658], old=null
2019-10-18 13:02:02,656 [c124d131-afb9-4343-ad4e-aaebde613043@group-FF4202234884-LeaderElection375] INFO  impl.LeaderElection (LogUtils.java:infoOrTrace(149)) -   Exception 0: {}
java.util.concurrent.ExecutionException: org.apache.ratis.thirdparty.io.grpc.StatusRuntimeException: UNAVAILABLE: io exception
	at java.util.concurrent.FutureTask.report(FutureTask.java:122)
	at java.util.concurrent.FutureTask.get(FutureTask.java:192)
	at org.apache.ratis.server.impl.LeaderElection.waitForResults(LeaderElection.java:259)
	at org.apache.ratis.server.impl.LeaderElection.askForVotes(LeaderElection.java:197)
	at org.apache.ratis.server.impl.LeaderElection.run(LeaderElection.java:133)
	at java.lang.Thread.run(Thread.java:748)
Caused by: org.apache.ratis.thirdparty.io.grpc.StatusRuntimeException: UNAVAILABLE: io exception
	at org.apache.ratis.thirdparty.io.grpc.stub.ClientCalls.toStatusRuntimeException(ClientCalls.java:233)
	at org.apache.ratis.thirdparty.io.grpc.stub.ClientCalls.getUnchecked(ClientCalls.java:214)
	at org.apache.ratis.thirdparty.io.grpc.stub.ClientCalls.blockingUnaryCall(ClientCalls.java:139)
	at org.apache.ratis.proto.grpc.RaftServerProtocolServiceGrpc$RaftServerProtocolServiceBlockingStub.requestVote(RaftServerProtocolServiceGrpc.java:265)
	at org.apache.ratis.grpc.server.GrpcServerProtocolClient.requestVote(GrpcServerProtocolClient.java:99)
	at org.apache.ratis.grpc.server.GrpcService.requestVote(GrpcService.java:204)
	at org.apache.ratis.server.impl.LeaderElection.lambda$submitRequests$1(LeaderElection.java:234)
	at java.util.concurrent.FutureTask.run(FutureTask.java:266)
	at java.util.concurrent.Executors$RunnableAdapter.call(Executors.java:511)
	at java.util.concurrent.FutureTask.run(FutureTask.java:266)
	at java.util.concurrent.ThreadPoolExecutor.runWorker(ThreadPoolExecutor.java:1149)
	at java.util.concurrent.ThreadPoolExecutor$Worker.run(ThreadPoolExecutor.java:624)
	... 1 more
Caused by: org.apache.ratis.thirdparty.io.netty.channel.AbstractChannel$AnnotatedConnectException: Connection refused: /192.168.34.56:36658
	at sun.nio.ch.SocketChannelImpl.checkConnect(Native Method)
	at sun.nio.ch.SocketChannelImpl.finishConnect(SocketChannelImpl.java:717)
	at org.apache.ratis.thirdparty.io.netty.channel.socket.nio.NioSocketChannel.doFinishConnect(NioSocketChannel.java:327)
	at org.apache.ratis.thirdparty.io.netty.channel.nio.AbstractNioChannel$AbstractNioUnsafe.finishConnect(AbstractNioChannel.java:340)
	at org.apache.ratis.thirdparty.io.netty.channel.nio.NioEventLoop.processSelectedKey(NioEventLoop.java:632)
	at org.apache.ratis.thirdparty.io.netty.channel.nio.NioEventLoop.processSelectedKeysOptimized(NioEventLoop.java:579)
	at org.apache.ratis.thirdparty.io.netty.channel.nio.NioEventLoop.processSelectedKeys(NioEventLoop.java:496)
	at org.apache.ratis.thirdparty.io.netty.channel.nio.NioEventLoop.run(NioEventLoop.java:458)
	at org.apache.ratis.thirdparty.io.netty.util.concurrent.SingleThreadEventExecutor$5.run(SingleThreadEventExecutor.java:897)
	at org.apache.ratis.thirdparty.io.netty.util.concurrent.FastThreadLocalRunnable.run(FastThreadLocalRunnable.java:30)
	... 1 more
Caused by: java.net.ConnectException: Connection refused
	... 11 more
2019-10-18 13:02:02,656 [c124d131-afb9-4343-ad4e-aaebde613043@group-FF4202234884-LeaderElection375] INFO  impl.LeaderElection (LogUtils.java:infoOrTrace(149)) -   Exception 1: {}
java.util.concurrent.ExecutionException: org.apache.ratis.thirdparty.io.grpc.StatusRuntimeException: UNAVAILABLE: io exception
	at java.util.concurrent.FutureTask.report(FutureTask.java:122)
	at java.util.concurrent.FutureTask.get(FutureTask.java:192)
	at org.apache.ratis.server.impl.LeaderElection.waitForResults(LeaderElection.java:259)
	at org.apache.ratis.server.impl.LeaderElection.askForVotes(LeaderElection.java:197)
	at org.apache.ratis.server.impl.LeaderElection.run(LeaderElection.java:133)
	at java.lang.Thread.run(Thread.java:748)
Caused by: org.apache.ratis.thirdparty.io.grpc.StatusRuntimeException: UNAVAILABLE: io exception
	at org.apache.ratis.thirdparty.io.grpc.stub.ClientCalls.toStatusRuntimeException(ClientCalls.java:233)
	at org.apache.ratis.thirdparty.io.grpc.stub.ClientCalls.getUnchecked(ClientCalls.java:214)
	at org.apache.ratis.thirdparty.io.grpc.stub.ClientCalls.blockingUnaryCall(ClientCalls.java:139)
	at org.apache.ratis.proto.grpc.RaftServerProtocolServiceGrpc$RaftServerProtocolServiceBlockingStub.requestVote(RaftServerProtocolServiceGrpc.java:265)
	at org.apache.ratis.grpc.server.GrpcServerProtocolClient.requestVote(GrpcServerProtocolClient.java:99)
	at org.apache.ratis.grpc.server.GrpcService.requestVote(GrpcService.java:204)
	at org.apache.ratis.server.impl.LeaderElection.lambda$submitRequests$1(LeaderElection.java:234)
	at java.util.concurrent.FutureTask.run(FutureTask.java:266)
	at java.util.concurrent.Executors$RunnableAdapter.call(Executors.java:511)
	at java.util.concurrent.FutureTask.run(FutureTask.java:266)
	at java.util.concurrent.ThreadPoolExecutor.runWorker(ThreadPoolExecutor.java:1149)
	at java.util.concurrent.ThreadPoolExecutor$Worker.run(ThreadPoolExecutor.java:624)
	... 1 more
Caused by: org.apache.ratis.thirdparty.io.netty.channel.AbstractChannel$AnnotatedConnectException: Connection refused: /192.168.34.56:44872
	at sun.nio.ch.SocketChannelImpl.checkConnect(Native Method)
	at sun.nio.ch.SocketChannelImpl.finishConnect(SocketChannelImpl.java:717)
	at org.apache.ratis.thirdparty.io.netty.channel.socket.nio.NioSocketChannel.doFinishConnect(NioSocketChannel.java:327)
	at org.apache.ratis.thirdparty.io.netty.channel.nio.AbstractNioChannel$AbstractNioUnsafe.finishConnect(AbstractNioChannel.java:340)
	at org.apache.ratis.thirdparty.io.netty.channel.nio.NioEventLoop.processSelectedKey(NioEventLoop.java:632)
	at org.apache.ratis.thirdparty.io.netty.channel.nio.NioEventLoop.processSelectedKeysOptimized(NioEventLoop.java:579)
	at org.apache.ratis.thirdparty.io.netty.channel.nio.NioEventLoop.processSelectedKeys(NioEventLoop.java:496)
	at org.apache.ratis.thirdparty.io.netty.channel.nio.NioEventLoop.run(NioEventLoop.java:458)
	at org.apache.ratis.thirdparty.io.netty.util.concurrent.SingleThreadEventExecutor$5.run(SingleThreadEventExecutor.java:897)
	at org.apache.ratis.thirdparty.io.netty.util.concurrent.FastThreadLocalRunnable.run(FastThreadLocalRunnable.java:30)
	... 1 more
Caused by: java.net.ConnectException: Connection refused
	... 11 more
2019-10-18 13:02:02,656 [c124d131-afb9-4343-ad4e-aaebde613043@group-FF4202234884-LeaderElection375] INFO  impl.RaftServerImpl (RaftServerImpl.java:setRole(184)) - c124d131-afb9-4343-ad4e-aaebde613043@group-FF4202234884: changes role from CANDIDATE to FOLLOWER at term 208 for DISCOVERED_A_NEW_TERM
2019-10-18 13:02:02,657 [c124d131-afb9-4343-ad4e-aaebde613043@group-FF4202234884-LeaderElection375] INFO  impl.RoleInfo (RoleInfo.java:shutdownLeaderElection(134)) - c124d131-afb9-4343-ad4e-aaebde613043: shutdown LeaderElection
2019-10-18 13:02:02,657 [c124d131-afb9-4343-ad4e-aaebde613043@group-FF4202234884-LeaderElection375] INFO  impl.RoleInfo (RoleInfo.java:updateAndGet(143)) - c124d131-afb9-4343-ad4e-aaebde613043: start FollowerState
2019-10-18 13:02:02,691 [java.util.concurrent.ThreadPoolExecutor$Worker@7a2507ec[State = -1, empty queue]] WARN  server.GrpcLogAppender (GrpcLogAppender.java:timeoutAppendRequest(209)) - 17618ccc-f51c-4f14-92cf-842ef2c05e35@group-08BD6F798C58->32d97539-eb73-46c6-a759-05f11ff00f4c-GrpcLogAppender: appendEntries Timeout, request=17618ccc-f51c-4f14-92cf-842ef2c05e35->32d97539-eb73-46c6-a759-05f11ff00f4c#89-t10, previous=(t:10, i:19), leaderCommit=19, initializing? false, entries: <empty>
2019-10-18 13:02:02,727 [java.util.concurrent.ThreadPoolExecutor$Worker@b7e5976[State = -1, empty queue]] WARN  server.GrpcLogAppender (GrpcLogAppender.java:timeoutAppendRequest(209)) - 17618ccc-f51c-4f14-92cf-842ef2c05e35@group-08BD6F798C58->896cef04-248b-470f-8c5c-c9acb81bb157-GrpcLogAppender: appendEntries Timeout, request=17618ccc-f51c-4f14-92cf-842ef2c05e35->896cef04-248b-470f-8c5c-c9acb81bb157#91-t10, previous=(t:10, i:19), leaderCommit=19, initializing? false, entries: <empty>
2019-10-18 13:02:02,827 [Thread-2920] INFO  impl.FollowerState (FollowerState.java:run(108)) - c124d131-afb9-4343-ad4e-aaebde613043@group-FF4202234884-FollowerState: change to CANDIDATE, lastRpcTime:170ms, electionTimeout:170ms
2019-10-18 13:02:02,827 [Thread-2920] INFO  impl.RoleInfo (RoleInfo.java:shutdownFollowerState(121)) - c124d131-afb9-4343-ad4e-aaebde613043: shutdown FollowerState
2019-10-18 13:02:02,827 [Thread-2920] INFO  impl.RaftServerImpl (RaftServerImpl.java:setRole(184)) - c124d131-afb9-4343-ad4e-aaebde613043@group-FF4202234884: changes role from  FOLLOWER to CANDIDATE at term 208 for changeToCandidate
2019-10-18 13:02:02,827 [Thread-2920] INFO  impl.RoleInfo (RoleInfo.java:updateAndGet(143)) - c124d131-afb9-4343-ad4e-aaebde613043: start LeaderElection
2019-10-18 13:02:02,871 [c124d131-afb9-4343-ad4e-aaebde613043@group-FF4202234884-LeaderElection376] INFO  impl.LeaderElection (LeaderElection.java:askForVotes(178)) - c124d131-afb9-4343-ad4e-aaebde613043@group-FF4202234884-LeaderElection376: begin an election at term 209 for -1: [999343e7-0330-4874-a345-91eca72585e0:192.168.34.56:44872, c124d131-afb9-4343-ad4e-aaebde613043:192.168.34.56:42116, e5bb327f-cdd7-4e49-919e-13a4c895fddf:192.168.34.56:36658], old=null
2019-10-18 13:02:02,872 [c124d131-afb9-4343-ad4e-aaebde613043@group-FF4202234884-LeaderElection376] INFO  impl.LeaderElection (LogUtils.java:infoOrTrace(149)) - c124d131-afb9-4343-ad4e-aaebde613043@group-FF4202234884-LeaderElection376 got exception when requesting votes: {}
java.util.concurrent.ExecutionException: org.apache.ratis.thirdparty.io.grpc.StatusRuntimeException: UNAVAILABLE: io exception
	at java.util.concurrent.FutureTask.report(FutureTask.java:122)
	at java.util.concurrent.FutureTask.get(FutureTask.java:192)
	at org.apache.ratis.server.impl.LeaderElection.waitForResults(LeaderElection.java:259)
	at org.apache.ratis.server.impl.LeaderElection.askForVotes(LeaderElection.java:197)
	at org.apache.ratis.server.impl.LeaderElection.run(LeaderElection.java:133)
	at java.lang.Thread.run(Thread.java:748)
Caused by: org.apache.ratis.thirdparty.io.grpc.StatusRuntimeException: UNAVAILABLE: io exception
	at org.apache.ratis.thirdparty.io.grpc.stub.ClientCalls.toStatusRuntimeException(ClientCalls.java:233)
	at org.apache.ratis.thirdparty.io.grpc.stub.ClientCalls.getUnchecked(ClientCalls.java:214)
	at org.apache.ratis.thirdparty.io.grpc.stub.ClientCalls.blockingUnaryCall(ClientCalls.java:139)
	at org.apache.ratis.proto.grpc.RaftServerProtocolServiceGrpc$RaftServerProtocolServiceBlockingStub.requestVote(RaftServerProtocolServiceGrpc.java:265)
	at org.apache.ratis.grpc.server.GrpcServerProtocolClient.requestVote(GrpcServerProtocolClient.java:99)
	at org.apache.ratis.grpc.server.GrpcService.requestVote(GrpcService.java:204)
	at org.apache.ratis.server.impl.LeaderElection.lambda$submitRequests$1(LeaderElection.java:234)
	at java.util.concurrent.FutureTask.run(FutureTask.java:266)
	at java.util.concurrent.Executors$RunnableAdapter.call(Executors.java:511)
	at java.util.concurrent.FutureTask.run(FutureTask.java:266)
	at java.util.concurrent.ThreadPoolExecutor.runWorker(ThreadPoolExecutor.java:1149)
	at java.util.concurrent.ThreadPoolExecutor$Worker.run(ThreadPoolExecutor.java:624)
	... 1 more
Caused by: org.apache.ratis.thirdparty.io.netty.channel.AbstractChannel$AnnotatedConnectException: Connection refused: /192.168.34.56:36658
	at sun.nio.ch.SocketChannelImpl.checkConnect(Native Method)
	at sun.nio.ch.SocketChannelImpl.finishConnect(SocketChannelImpl.java:717)
	at org.apache.ratis.thirdparty.io.netty.channel.socket.nio.NioSocketChannel.doFinishConnect(NioSocketChannel.java:327)
	at org.apache.ratis.thirdparty.io.netty.channel.nio.AbstractNioChannel$AbstractNioUnsafe.finishConnect(AbstractNioChannel.java:340)
	at org.apache.ratis.thirdparty.io.netty.channel.nio.NioEventLoop.processSelectedKey(NioEventLoop.java:632)
	at org.apache.ratis.thirdparty.io.netty.channel.nio.NioEventLoop.processSelectedKeysOptimized(NioEventLoop.java:579)
	at org.apache.ratis.thirdparty.io.netty.channel.nio.NioEventLoop.processSelectedKeys(NioEventLoop.java:496)
	at org.apache.ratis.thirdparty.io.netty.channel.nio.NioEventLoop.run(NioEventLoop.java:458)
	at org.apache.ratis.thirdparty.io.netty.util.concurrent.SingleThreadEventExecutor$5.run(SingleThreadEventExecutor.java:897)
	at org.apache.ratis.thirdparty.io.netty.util.concurrent.FastThreadLocalRunnable.run(FastThreadLocalRunnable.java:30)
	... 1 more
Caused by: java.net.ConnectException: Connection refused
	... 11 more
2019-10-18 13:02:02,873 [c124d131-afb9-4343-ad4e-aaebde613043@group-FF4202234884-LeaderElection376] INFO  impl.LeaderElection (LogUtils.java:infoOrTrace(149)) - c124d131-afb9-4343-ad4e-aaebde613043@group-FF4202234884-LeaderElection376 got exception when requesting votes: {}
java.util.concurrent.ExecutionException: org.apache.ratis.thirdparty.io.grpc.StatusRuntimeException: UNAVAILABLE: io exception
	at java.util.concurrent.FutureTask.report(FutureTask.java:122)
	at java.util.concurrent.FutureTask.get(FutureTask.java:192)
	at org.apache.ratis.server.impl.LeaderElection.waitForResults(LeaderElection.java:259)
	at org.apache.ratis.server.impl.LeaderElection.askForVotes(LeaderElection.java:197)
	at org.apache.ratis.server.impl.LeaderElection.run(LeaderElection.java:133)
	at java.lang.Thread.run(Thread.java:748)
Caused by: org.apache.ratis.thirdparty.io.grpc.StatusRuntimeException: UNAVAILABLE: io exception
	at org.apache.ratis.thirdparty.io.grpc.stub.ClientCalls.toStatusRuntimeException(ClientCalls.java:233)
	at org.apache.ratis.thirdparty.io.grpc.stub.ClientCalls.getUnchecked(ClientCalls.java:214)
	at org.apache.ratis.thirdparty.io.grpc.stub.ClientCalls.blockingUnaryCall(ClientCalls.java:139)
	at org.apache.ratis.proto.grpc.RaftServerProtocolServiceGrpc$RaftServerProtocolServiceBlockingStub.requestVote(RaftServerProtocolServiceGrpc.java:265)
	at org.apache.ratis.grpc.server.GrpcServerProtocolClient.requestVote(GrpcServerProtocolClient.java:99)
	at org.apache.ratis.grpc.server.GrpcService.requestVote(GrpcService.java:204)
	at org.apache.ratis.server.impl.LeaderElection.lambda$submitRequests$1(LeaderElection.java:234)
	at java.util.concurrent.FutureTask.run(FutureTask.java:266)
	at java.util.concurrent.Executors$RunnableAdapter.call(Executors.java:511)
	at java.util.concurrent.FutureTask.run(FutureTask.java:266)
	at java.util.concurrent.ThreadPoolExecutor.runWorker(ThreadPoolExecutor.java:1149)
	at java.util.concurrent.ThreadPoolExecutor$Worker.run(ThreadPoolExecutor.java:624)
	... 1 more
Caused by: org.apache.ratis.thirdparty.io.netty.channel.AbstractChannel$AnnotatedConnectException: Connection refused: /192.168.34.56:44872
	at sun.nio.ch.SocketChannelImpl.checkConnect(Native Method)
	at sun.nio.ch.SocketChannelImpl.finishConnect(SocketChannelImpl.java:717)
	at org.apache.ratis.thirdparty.io.netty.channel.socket.nio.NioSocketChannel.doFinishConnect(NioSocketChannel.java:327)
	at org.apache.ratis.thirdparty.io.netty.channel.nio.AbstractNioChannel$AbstractNioUnsafe.finishConnect(AbstractNioChannel.java:340)
	at org.apache.ratis.thirdparty.io.netty.channel.nio.NioEventLoop.processSelectedKey(NioEventLoop.java:632)
	at org.apache.ratis.thirdparty.io.netty.channel.nio.NioEventLoop.processSelectedKeysOptimized(NioEventLoop.java:579)
	at org.apache.ratis.thirdparty.io.netty.channel.nio.NioEventLoop.processSelectedKeys(NioEventLoop.java:496)
	at org.apache.ratis.thirdparty.io.netty.channel.nio.NioEventLoop.run(NioEventLoop.java:458)
	at org.apache.ratis.thirdparty.io.netty.util.concurrent.SingleThreadEventExecutor$5.run(SingleThreadEventExecutor.java:897)
	at org.apache.ratis.thirdparty.io.netty.util.concurrent.FastThreadLocalRunnable.run(FastThreadLocalRunnable.java:30)
	... 1 more
Caused by: java.net.ConnectException: Connection refused
	... 11 more
2019-10-18 13:02:02,873 [c124d131-afb9-4343-ad4e-aaebde613043@group-FF4202234884-LeaderElection376] INFO  impl.LeaderElection (LeaderElection.java:logAndReturn(56)) - c124d131-afb9-4343-ad4e-aaebde613043@group-FF4202234884-LeaderElection376: Election REJECTED; received 0 response(s) [] and 2 exception(s); c124d131-afb9-4343-ad4e-aaebde613043@group-FF4202234884:t209, leader=null, voted=c124d131-afb9-4343-ad4e-aaebde613043, raftlog=c124d131-afb9-4343-ad4e-aaebde613043@group-FF4202234884-SegmentedRaftLog:OPENED:c-1,f-1,i0, conf=-1: [999343e7-0330-4874-a345-91eca72585e0:192.168.34.56:44872, c124d131-afb9-4343-ad4e-aaebde613043:192.168.34.56:42116, e5bb327f-cdd7-4e49-919e-13a4c895fddf:192.168.34.56:36658], old=null
2019-10-18 13:02:02,873 [c124d131-afb9-4343-ad4e-aaebde613043@group-FF4202234884-LeaderElection376] INFO  impl.LeaderElection (LogUtils.java:infoOrTrace(149)) -   Exception 0: {}
java.util.concurrent.ExecutionException: org.apache.ratis.thirdparty.io.grpc.StatusRuntimeException: UNAVAILABLE: io exception
	at java.util.concurrent.FutureTask.report(FutureTask.java:122)
	at java.util.concurrent.FutureTask.get(FutureTask.java:192)
	at org.apache.ratis.server.impl.LeaderElection.waitForResults(LeaderElection.java:259)
	at org.apache.ratis.server.impl.LeaderElection.askForVotes(LeaderElection.java:197)
	at org.apache.ratis.server.impl.LeaderElection.run(LeaderElection.java:133)
	at java.lang.Thread.run(Thread.java:748)
Caused by: org.apache.ratis.thirdparty.io.grpc.StatusRuntimeException: UNAVAILABLE: io exception
	at org.apache.ratis.thirdparty.io.grpc.stub.ClientCalls.toStatusRuntimeException(ClientCalls.java:233)
	at org.apache.ratis.thirdparty.io.grpc.stub.ClientCalls.getUnchecked(ClientCalls.java:214)
	at org.apache.ratis.thirdparty.io.grpc.stub.ClientCalls.blockingUnaryCall(ClientCalls.java:139)
	at org.apache.ratis.proto.grpc.RaftServerProtocolServiceGrpc$RaftServerProtocolServiceBlockingStub.requestVote(RaftServerProtocolServiceGrpc.java:265)
	at org.apache.ratis.grpc.server.GrpcServerProtocolClient.requestVote(GrpcServerProtocolClient.java:99)
	at org.apache.ratis.grpc.server.GrpcService.requestVote(GrpcService.java:204)
	at org.apache.ratis.server.impl.LeaderElection.lambda$submitRequests$1(LeaderElection.java:234)
	at java.util.concurrent.FutureTask.run(FutureTask.java:266)
	at java.util.concurrent.Executors$RunnableAdapter.call(Executors.java:511)
	at java.util.concurrent.FutureTask.run(FutureTask.java:266)
	at java.util.concurrent.ThreadPoolExecutor.runWorker(ThreadPoolExecutor.java:1149)
	at java.util.concurrent.ThreadPoolExecutor$Worker.run(ThreadPoolExecutor.java:624)
	... 1 more
Caused by: org.apache.ratis.thirdparty.io.netty.channel.AbstractChannel$AnnotatedConnectException: Connection refused: /192.168.34.56:36658
	at sun.nio.ch.SocketChannelImpl.checkConnect(Native Method)
	at sun.nio.ch.SocketChannelImpl.finishConnect(SocketChannelImpl.java:717)
	at org.apache.ratis.thirdparty.io.netty.channel.socket.nio.NioSocketChannel.doFinishConnect(NioSocketChannel.java:327)
	at org.apache.ratis.thirdparty.io.netty.channel.nio.AbstractNioChannel$AbstractNioUnsafe.finishConnect(AbstractNioChannel.java:340)
	at org.apache.ratis.thirdparty.io.netty.channel.nio.NioEventLoop.processSelectedKey(NioEventLoop.java:632)
	at org.apache.ratis.thirdparty.io.netty.channel.nio.NioEventLoop.processSelectedKeysOptimized(NioEventLoop.java:579)
	at org.apache.ratis.thirdparty.io.netty.channel.nio.NioEventLoop.processSelectedKeys(NioEventLoop.java:496)
	at org.apache.ratis.thirdparty.io.netty.channel.nio.NioEventLoop.run(NioEventLoop.java:458)
	at org.apache.ratis.thirdparty.io.netty.util.concurrent.SingleThreadEventExecutor$5.run(SingleThreadEventExecutor.java:897)
	at org.apache.ratis.thirdparty.io.netty.util.concurrent.FastThreadLocalRunnable.run(FastThreadLocalRunnable.java:30)
	... 1 more
Caused by: java.net.ConnectException: Connection refused
	... 11 more
2019-10-18 13:02:02,873 [c124d131-afb9-4343-ad4e-aaebde613043@group-FF4202234884-LeaderElection376] INFO  impl.LeaderElection (LogUtils.java:infoOrTrace(149)) -   Exception 1: {}
java.util.concurrent.ExecutionException: org.apache.ratis.thirdparty.io.grpc.StatusRuntimeException: UNAVAILABLE: io exception
	at java.util.concurrent.FutureTask.report(FutureTask.java:122)
	at java.util.concurrent.FutureTask.get(FutureTask.java:192)
	at org.apache.ratis.server.impl.LeaderElection.waitForResults(LeaderElection.java:259)
	at org.apache.ratis.server.impl.LeaderElection.askForVotes(LeaderElection.java:197)
	at org.apache.ratis.server.impl.LeaderElection.run(LeaderElection.java:133)
	at java.lang.Thread.run(Thread.java:748)
Caused by: org.apache.ratis.thirdparty.io.grpc.StatusRuntimeException: UNAVAILABLE: io exception
	at org.apache.ratis.thirdparty.io.grpc.stub.ClientCalls.toStatusRuntimeException(ClientCalls.java:233)
	at org.apache.ratis.thirdparty.io.grpc.stub.ClientCalls.getUnchecked(ClientCalls.java:214)
	at org.apache.ratis.thirdparty.io.grpc.stub.ClientCalls.blockingUnaryCall(ClientCalls.java:139)
	at org.apache.ratis.proto.grpc.RaftServerProtocolServiceGrpc$RaftServerProtocolServiceBlockingStub.requestVote(RaftServerProtocolServiceGrpc.java:265)
	at org.apache.ratis.grpc.server.GrpcServerProtocolClient.requestVote(GrpcServerProtocolClient.java:99)
	at org.apache.ratis.grpc.server.GrpcService.requestVote(GrpcService.java:204)
	at org.apache.ratis.server.impl.LeaderElection.lambda$submitRequests$1(LeaderElection.java:234)
	at java.util.concurrent.FutureTask.run(FutureTask.java:266)
	at java.util.concurrent.Executors$RunnableAdapter.call(Executors.java:511)
	at java.util.concurrent.FutureTask.run(FutureTask.java:266)
	at java.util.concurrent.ThreadPoolExecutor.runWorker(ThreadPoolExecutor.java:1149)
	at java.util.concurrent.ThreadPoolExecutor$Worker.run(ThreadPoolExecutor.java:624)
	... 1 more
Caused by: org.apache.ratis.thirdparty.io.netty.channel.AbstractChannel$AnnotatedConnectException: Connection refused: /192.168.34.56:44872
	at sun.nio.ch.SocketChannelImpl.checkConnect(Native Method)
	at sun.nio.ch.SocketChannelImpl.finishConnect(SocketChannelImpl.java:717)
	at org.apache.ratis.thirdparty.io.netty.channel.socket.nio.NioSocketChannel.doFinishConnect(NioSocketChannel.java:327)
	at org.apache.ratis.thirdparty.io.netty.channel.nio.AbstractNioChannel$AbstractNioUnsafe.finishConnect(AbstractNioChannel.java:340)
	at org.apache.ratis.thirdparty.io.netty.channel.nio.NioEventLoop.processSelectedKey(NioEventLoop.java:632)
	at org.apache.ratis.thirdparty.io.netty.channel.nio.NioEventLoop.processSelectedKeysOptimized(NioEventLoop.java:579)
	at org.apache.ratis.thirdparty.io.netty.channel.nio.NioEventLoop.processSelectedKeys(NioEventLoop.java:496)
	at org.apache.ratis.thirdparty.io.netty.channel.nio.NioEventLoop.run(NioEventLoop.java:458)
	at org.apache.ratis.thirdparty.io.netty.util.concurrent.SingleThreadEventExecutor$5.run(SingleThreadEventExecutor.java:897)
	at org.apache.ratis.thirdparty.io.netty.util.concurrent.FastThreadLocalRunnable.run(FastThreadLocalRunnable.java:30)
	... 1 more
Caused by: java.net.ConnectException: Connection refused
	... 11 more
2019-10-18 13:02:02,874 [c124d131-afb9-4343-ad4e-aaebde613043@group-FF4202234884-LeaderElection376] INFO  impl.RaftServerImpl (RaftServerImpl.java:setRole(184)) - c124d131-afb9-4343-ad4e-aaebde613043@group-FF4202234884: changes role from CANDIDATE to FOLLOWER at term 209 for DISCOVERED_A_NEW_TERM
2019-10-18 13:02:02,874 [c124d131-afb9-4343-ad4e-aaebde613043@group-FF4202234884-LeaderElection376] INFO  impl.RoleInfo (RoleInfo.java:shutdownLeaderElection(134)) - c124d131-afb9-4343-ad4e-aaebde613043: shutdown LeaderElection
2019-10-18 13:02:02,874 [c124d131-afb9-4343-ad4e-aaebde613043@group-FF4202234884-LeaderElection376] INFO  impl.RoleInfo (RoleInfo.java:updateAndGet(143)) - c124d131-afb9-4343-ad4e-aaebde613043: start FollowerState
2019-10-18 13:02:03,036 [Thread-2924] INFO  impl.FollowerState (FollowerState.java:run(108)) - c124d131-afb9-4343-ad4e-aaebde613043@group-FF4202234884-FollowerState: change to CANDIDATE, lastRpcTime:162ms, electionTimeout:162ms
2019-10-18 13:02:03,036 [Thread-2924] INFO  impl.RoleInfo (RoleInfo.java:shutdownFollowerState(121)) - c124d131-afb9-4343-ad4e-aaebde613043: shutdown FollowerState
2019-10-18 13:02:03,036 [Thread-2924] INFO  impl.RaftServerImpl (RaftServerImpl.java:setRole(184)) - c124d131-afb9-4343-ad4e-aaebde613043@group-FF4202234884: changes role from  FOLLOWER to CANDIDATE at term 209 for changeToCandidate
2019-10-18 13:02:03,037 [Thread-2924] INFO  impl.RoleInfo (RoleInfo.java:updateAndGet(143)) - c124d131-afb9-4343-ad4e-aaebde613043: start LeaderElection
2019-10-18 13:02:03,054 [c124d131-afb9-4343-ad4e-aaebde613043@group-FF4202234884-LeaderElection377] INFO  impl.LeaderElection (LeaderElection.java:askForVotes(178)) - c124d131-afb9-4343-ad4e-aaebde613043@group-FF4202234884-LeaderElection377: begin an election at term 210 for -1: [999343e7-0330-4874-a345-91eca72585e0:192.168.34.56:44872, c124d131-afb9-4343-ad4e-aaebde613043:192.168.34.56:42116, e5bb327f-cdd7-4e49-919e-13a4c895fddf:192.168.34.56:36658], old=null
2019-10-18 13:02:03,055 [c124d131-afb9-4343-ad4e-aaebde613043@group-FF4202234884-LeaderElection377] INFO  impl.LeaderElection (LogUtils.java:infoOrTrace(149)) - c124d131-afb9-4343-ad4e-aaebde613043@group-FF4202234884-LeaderElection377 got exception when requesting votes: {}
java.util.concurrent.ExecutionException: org.apache.ratis.thirdparty.io.grpc.StatusRuntimeException: UNAVAILABLE: io exception
	at java.util.concurrent.FutureTask.report(FutureTask.java:122)
	at java.util.concurrent.FutureTask.get(FutureTask.java:192)
	at org.apache.ratis.server.impl.LeaderElection.waitForResults(LeaderElection.java:259)
	at org.apache.ratis.server.impl.LeaderElection.askForVotes(LeaderElection.java:197)
	at org.apache.ratis.server.impl.LeaderElection.run(LeaderElection.java:133)
	at java.lang.Thread.run(Thread.java:748)
Caused by: org.apache.ratis.thirdparty.io.grpc.StatusRuntimeException: UNAVAILABLE: io exception
	at org.apache.ratis.thirdparty.io.grpc.stub.ClientCalls.toStatusRuntimeException(ClientCalls.java:233)
	at org.apache.ratis.thirdparty.io.grpc.stub.ClientCalls.getUnchecked(ClientCalls.java:214)
	at org.apache.ratis.thirdparty.io.grpc.stub.ClientCalls.blockingUnaryCall(ClientCalls.java:139)
	at org.apache.ratis.proto.grpc.RaftServerProtocolServiceGrpc$RaftServerProtocolServiceBlockingStub.requestVote(RaftServerProtocolServiceGrpc.java:265)
	at org.apache.ratis.grpc.server.GrpcServerProtocolClient.requestVote(GrpcServerProtocolClient.java:99)
	at org.apache.ratis.grpc.server.GrpcService.requestVote(GrpcService.java:204)
	at org.apache.ratis.server.impl.LeaderElection.lambda$submitRequests$1(LeaderElection.java:234)
	at java.util.concurrent.FutureTask.run(FutureTask.java:266)
	at java.util.concurrent.Executors$RunnableAdapter.call(Executors.java:511)
	at java.util.concurrent.FutureTask.run(FutureTask.java:266)
	at java.util.concurrent.ThreadPoolExecutor.runWorker(ThreadPoolExecutor.java:1149)
	at java.util.concurrent.ThreadPoolExecutor$Worker.run(ThreadPoolExecutor.java:624)
	... 1 more
Caused by: org.apache.ratis.thirdparty.io.netty.channel.AbstractChannel$AnnotatedConnectException: Connection refused: /192.168.34.56:44872
	at sun.nio.ch.SocketChannelImpl.checkConnect(Native Method)
	at sun.nio.ch.SocketChannelImpl.finishConnect(SocketChannelImpl.java:717)
	at org.apache.ratis.thirdparty.io.netty.channel.socket.nio.NioSocketChannel.doFinishConnect(NioSocketChannel.java:327)
	at org.apache.ratis.thirdparty.io.netty.channel.nio.AbstractNioChannel$AbstractNioUnsafe.finishConnect(AbstractNioChannel.java:340)
	at org.apache.ratis.thirdparty.io.netty.channel.nio.NioEventLoop.processSelectedKey(NioEventLoop.java:632)
	at org.apache.ratis.thirdparty.io.netty.channel.nio.NioEventLoop.processSelectedKeysOptimized(NioEventLoop.java:579)
	at org.apache.ratis.thirdparty.io.netty.channel.nio.NioEventLoop.processSelectedKeys(NioEventLoop.java:496)
	at org.apache.ratis.thirdparty.io.netty.channel.nio.NioEventLoop.run(NioEventLoop.java:458)
	at org.apache.ratis.thirdparty.io.netty.util.concurrent.SingleThreadEventExecutor$5.run(SingleThreadEventExecutor.java:897)
	at org.apache.ratis.thirdparty.io.netty.util.concurrent.FastThreadLocalRunnable.run(FastThreadLocalRunnable.java:30)
	... 1 more
Caused by: java.net.ConnectException: Connection refused
	... 11 more
2019-10-18 13:02:03,055 [c124d131-afb9-4343-ad4e-aaebde613043@group-FF4202234884-LeaderElection377] INFO  impl.LeaderElection (LogUtils.java:infoOrTrace(149)) - c124d131-afb9-4343-ad4e-aaebde613043@group-FF4202234884-LeaderElection377 got exception when requesting votes: {}
java.util.concurrent.ExecutionException: org.apache.ratis.thirdparty.io.grpc.StatusRuntimeException: UNAVAILABLE: io exception
	at java.util.concurrent.FutureTask.report(FutureTask.java:122)
	at java.util.concurrent.FutureTask.get(FutureTask.java:192)
	at org.apache.ratis.server.impl.LeaderElection.waitForResults(LeaderElection.java:259)
	at org.apache.ratis.server.impl.LeaderElection.askForVotes(LeaderElection.java:197)
	at org.apache.ratis.server.impl.LeaderElection.run(LeaderElection.java:133)
	at java.lang.Thread.run(Thread.java:748)
Caused by: org.apache.ratis.thirdparty.io.grpc.StatusRuntimeException: UNAVAILABLE: io exception
	at org.apache.ratis.thirdparty.io.grpc.stub.ClientCalls.toStatusRuntimeException(ClientCalls.java:233)
	at org.apache.ratis.thirdparty.io.grpc.stub.ClientCalls.getUnchecked(ClientCalls.java:214)
	at org.apache.ratis.thirdparty.io.grpc.stub.ClientCalls.blockingUnaryCall(ClientCalls.java:139)
	at org.apache.ratis.proto.grpc.RaftServerProtocolServiceGrpc$RaftServerProtocolServiceBlockingStub.requestVote(RaftServerProtocolServiceGrpc.java:265)
	at org.apache.ratis.grpc.server.GrpcServerProtocolClient.requestVote(GrpcServerProtocolClient.java:99)
	at org.apache.ratis.grpc.server.GrpcService.requestVote(GrpcService.java:204)
	at org.apache.ratis.server.impl.LeaderElection.lambda$submitRequests$1(LeaderElection.java:234)
	at java.util.concurrent.FutureTask.run(FutureTask.java:266)
	at java.util.concurrent.Executors$RunnableAdapter.call(Executors.java:511)
	at java.util.concurrent.FutureTask.run(FutureTask.java:266)
	at java.util.concurrent.ThreadPoolExecutor.runWorker(ThreadPoolExecutor.java:1149)
	at java.util.concurrent.ThreadPoolExecutor$Worker.run(ThreadPoolExecutor.java:624)
	... 1 more
Caused by: org.apache.ratis.thirdparty.io.netty.channel.AbstractChannel$AnnotatedConnectException: Connection refused: /192.168.34.56:36658
	at sun.nio.ch.SocketChannelImpl.checkConnect(Native Method)
	at sun.nio.ch.SocketChannelImpl.finishConnect(SocketChannelImpl.java:717)
	at org.apache.ratis.thirdparty.io.netty.channel.socket.nio.NioSocketChannel.doFinishConnect(NioSocketChannel.java:327)
	at org.apache.ratis.thirdparty.io.netty.channel.nio.AbstractNioChannel$AbstractNioUnsafe.finishConnect(AbstractNioChannel.java:340)
	at org.apache.ratis.thirdparty.io.netty.channel.nio.NioEventLoop.processSelectedKey(NioEventLoop.java:632)
	at org.apache.ratis.thirdparty.io.netty.channel.nio.NioEventLoop.processSelectedKeysOptimized(NioEventLoop.java:579)
	at org.apache.ratis.thirdparty.io.netty.channel.nio.NioEventLoop.processSelectedKeys(NioEventLoop.java:496)
	at org.apache.ratis.thirdparty.io.netty.channel.nio.NioEventLoop.run(NioEventLoop.java:458)
	at org.apache.ratis.thirdparty.io.netty.util.concurrent.SingleThreadEventExecutor$5.run(SingleThreadEventExecutor.java:897)
	at org.apache.ratis.thirdparty.io.netty.util.concurrent.FastThreadLocalRunnable.run(FastThreadLocalRunnable.java:30)
	... 1 more
Caused by: java.net.ConnectException: Connection refused
	... 11 more
2019-10-18 13:02:03,056 [c124d131-afb9-4343-ad4e-aaebde613043@group-FF4202234884-LeaderElection377] INFO  impl.LeaderElection (LeaderElection.java:logAndReturn(56)) - c124d131-afb9-4343-ad4e-aaebde613043@group-FF4202234884-LeaderElection377: Election REJECTED; received 0 response(s) [] and 2 exception(s); c124d131-afb9-4343-ad4e-aaebde613043@group-FF4202234884:t210, leader=null, voted=c124d131-afb9-4343-ad4e-aaebde613043, raftlog=c124d131-afb9-4343-ad4e-aaebde613043@group-FF4202234884-SegmentedRaftLog:OPENED:c-1,f-1,i0, conf=-1: [999343e7-0330-4874-a345-91eca72585e0:192.168.34.56:44872, c124d131-afb9-4343-ad4e-aaebde613043:192.168.34.56:42116, e5bb327f-cdd7-4e49-919e-13a4c895fddf:192.168.34.56:36658], old=null
2019-10-18 13:02:03,056 [c124d131-afb9-4343-ad4e-aaebde613043@group-FF4202234884-LeaderElection377] INFO  impl.LeaderElection (LogUtils.java:infoOrTrace(149)) -   Exception 0: {}
java.util.concurrent.ExecutionException: org.apache.ratis.thirdparty.io.grpc.StatusRuntimeException: UNAVAILABLE: io exception
	at java.util.concurrent.FutureTask.report(FutureTask.java:122)
	at java.util.concurrent.FutureTask.get(FutureTask.java:192)
	at org.apache.ratis.server.impl.LeaderElection.waitForResults(LeaderElection.java:259)
	at org.apache.ratis.server.impl.LeaderElection.askForVotes(LeaderElection.java:197)
	at org.apache.ratis.server.impl.LeaderElection.run(LeaderElection.java:133)
	at java.lang.Thread.run(Thread.java:748)
Caused by: org.apache.ratis.thirdparty.io.grpc.StatusRuntimeException: UNAVAILABLE: io exception
	at org.apache.ratis.thirdparty.io.grpc.stub.ClientCalls.toStatusRuntimeException(ClientCalls.java:233)
	at org.apache.ratis.thirdparty.io.grpc.stub.ClientCalls.getUnchecked(ClientCalls.java:214)
	at org.apache.ratis.thirdparty.io.grpc.stub.ClientCalls.blockingUnaryCall(ClientCalls.java:139)
	at org.apache.ratis.proto.grpc.RaftServerProtocolServiceGrpc$RaftServerProtocolServiceBlockingStub.requestVote(RaftServerProtocolServiceGrpc.java:265)
	at org.apache.ratis.grpc.server.GrpcServerProtocolClient.requestVote(GrpcServerProtocolClient.java:99)
	at org.apache.ratis.grpc.server.GrpcService.requestVote(GrpcService.java:204)
	at org.apache.ratis.server.impl.LeaderElection.lambda$submitRequests$1(LeaderElection.java:234)
	at java.util.concurrent.FutureTask.run(FutureTask.java:266)
	at java.util.concurrent.Executors$RunnableAdapter.call(Executors.java:511)
	at java.util.concurrent.FutureTask.run(FutureTask.java:266)
	at java.util.concurrent.ThreadPoolExecutor.runWorker(ThreadPoolExecutor.java:1149)
	at java.util.concurrent.ThreadPoolExecutor$Worker.run(ThreadPoolExecutor.java:624)
	... 1 more
Caused by: org.apache.ratis.thirdparty.io.netty.channel.AbstractChannel$AnnotatedConnectException: Connection refused: /192.168.34.56:44872
	at sun.nio.ch.SocketChannelImpl.checkConnect(Native Method)
	at sun.nio.ch.SocketChannelImpl.finishConnect(SocketChannelImpl.java:717)
	at org.apache.ratis.thirdparty.io.netty.channel.socket.nio.NioSocketChannel.doFinishConnect(NioSocketChannel.java:327)
	at org.apache.ratis.thirdparty.io.netty.channel.nio.AbstractNioChannel$AbstractNioUnsafe.finishConnect(AbstractNioChannel.java:340)
	at org.apache.ratis.thirdparty.io.netty.channel.nio.NioEventLoop.processSelectedKey(NioEventLoop.java:632)
	at org.apache.ratis.thirdparty.io.netty.channel.nio.NioEventLoop.processSelectedKeysOptimized(NioEventLoop.java:579)
	at org.apache.ratis.thirdparty.io.netty.channel.nio.NioEventLoop.processSelectedKeys(NioEventLoop.java:496)
	at org.apache.ratis.thirdparty.io.netty.channel.nio.NioEventLoop.run(NioEventLoop.java:458)
	at org.apache.ratis.thirdparty.io.netty.util.concurrent.SingleThreadEventExecutor$5.run(SingleThreadEventExecutor.java:897)
	at org.apache.ratis.thirdparty.io.netty.util.concurrent.FastThreadLocalRunnable.run(FastThreadLocalRunnable.java:30)
	... 1 more
Caused by: java.net.ConnectException: Connection refused
	... 11 more
2019-10-18 13:02:03,056 [c124d131-afb9-4343-ad4e-aaebde613043@group-FF4202234884-LeaderElection377] INFO  impl.LeaderElection (LogUtils.java:infoOrTrace(149)) -   Exception 1: {}
java.util.concurrent.ExecutionException: org.apache.ratis.thirdparty.io.grpc.StatusRuntimeException: UNAVAILABLE: io exception
	at java.util.concurrent.FutureTask.report(FutureTask.java:122)
	at java.util.concurrent.FutureTask.get(FutureTask.java:192)
	at org.apache.ratis.server.impl.LeaderElection.waitForResults(LeaderElection.java:259)
	at org.apache.ratis.server.impl.LeaderElection.askForVotes(LeaderElection.java:197)
	at org.apache.ratis.server.impl.LeaderElection.run(LeaderElection.java:133)
	at java.lang.Thread.run(Thread.java:748)
Caused by: org.apache.ratis.thirdparty.io.grpc.StatusRuntimeException: UNAVAILABLE: io exception
	at org.apache.ratis.thirdparty.io.grpc.stub.ClientCalls.toStatusRuntimeException(ClientCalls.java:233)
	at org.apache.ratis.thirdparty.io.grpc.stub.ClientCalls.getUnchecked(ClientCalls.java:214)
	at org.apache.ratis.thirdparty.io.grpc.stub.ClientCalls.blockingUnaryCall(ClientCalls.java:139)
	at org.apache.ratis.proto.grpc.RaftServerProtocolServiceGrpc$RaftServerProtocolServiceBlockingStub.requestVote(RaftServerProtocolServiceGrpc.java:265)
	at org.apache.ratis.grpc.server.GrpcServerProtocolClient.requestVote(GrpcServerProtocolClient.java:99)
	at org.apache.ratis.grpc.server.GrpcService.requestVote(GrpcService.java:204)
	at org.apache.ratis.server.impl.LeaderElection.lambda$submitRequests$1(LeaderElection.java:234)
	at java.util.concurrent.FutureTask.run(FutureTask.java:266)
	at java.util.concurrent.Executors$RunnableAdapter.call(Executors.java:511)
	at java.util.concurrent.FutureTask.run(FutureTask.java:266)
	at java.util.concurrent.ThreadPoolExecutor.runWorker(ThreadPoolExecutor.java:1149)
	at java.util.concurrent.ThreadPoolExecutor$Worker.run(ThreadPoolExecutor.java:624)
	... 1 more
Caused by: org.apache.ratis.thirdparty.io.netty.channel.AbstractChannel$AnnotatedConnectException: Connection refused: /192.168.34.56:36658
	at sun.nio.ch.SocketChannelImpl.checkConnect(Native Method)
	at sun.nio.ch.SocketChannelImpl.finishConnect(SocketChannelImpl.java:717)
	at org.apache.ratis.thirdparty.io.netty.channel.socket.nio.NioSocketChannel.doFinishConnect(NioSocketChannel.java:327)
	at org.apache.ratis.thirdparty.io.netty.channel.nio.AbstractNioChannel$AbstractNioUnsafe.finishConnect(AbstractNioChannel.java:340)
	at org.apache.ratis.thirdparty.io.netty.channel.nio.NioEventLoop.processSelectedKey(NioEventLoop.java:632)
	at org.apache.ratis.thirdparty.io.netty.channel.nio.NioEventLoop.processSelectedKeysOptimized(NioEventLoop.java:579)
	at org.apache.ratis.thirdparty.io.netty.channel.nio.NioEventLoop.processSelectedKeys(NioEventLoop.java:496)
	at org.apache.ratis.thirdparty.io.netty.channel.nio.NioEventLoop.run(NioEventLoop.java:458)
	at org.apache.ratis.thirdparty.io.netty.util.concurrent.SingleThreadEventExecutor$5.run(SingleThreadEventExecutor.java:897)
	at org.apache.ratis.thirdparty.io.netty.util.concurrent.FastThreadLocalRunnable.run(FastThreadLocalRunnable.java:30)
	... 1 more
Caused by: java.net.ConnectException: Connection refused
	... 11 more
2019-10-18 13:02:03,056 [c124d131-afb9-4343-ad4e-aaebde613043@group-FF4202234884-LeaderElection377] INFO  impl.RaftServerImpl (RaftServerImpl.java:setRole(184)) - c124d131-afb9-4343-ad4e-aaebde613043@group-FF4202234884: changes role from CANDIDATE to FOLLOWER at term 210 for DISCOVERED_A_NEW_TERM
2019-10-18 13:02:03,056 [c124d131-afb9-4343-ad4e-aaebde613043@group-FF4202234884-LeaderElection377] INFO  impl.RoleInfo (RoleInfo.java:shutdownLeaderElection(134)) - c124d131-afb9-4343-ad4e-aaebde613043: shutdown LeaderElection
2019-10-18 13:02:03,056 [c124d131-afb9-4343-ad4e-aaebde613043@group-FF4202234884-LeaderElection377] INFO  impl.RoleInfo (RoleInfo.java:updateAndGet(143)) - c124d131-afb9-4343-ad4e-aaebde613043: start FollowerState
2019-10-18 13:02:03,153 [Datanode State Machine Thread - 0] INFO  statemachine.DatanodeStateMachine (DatanodeStateMachine.java:lambda$startDaemon$0(350)) - Ozone container server started.
2019-10-18 13:02:03,191 [java.util.concurrent.ThreadPoolExecutor$Worker@7a2507ec[State = -1, empty queue]] WARN  server.GrpcLogAppender (GrpcLogAppender.java:timeoutAppendRequest(209)) - 17618ccc-f51c-4f14-92cf-842ef2c05e35@group-08BD6F798C58->32d97539-eb73-46c6-a759-05f11ff00f4c-GrpcLogAppender: appendEntries Timeout, request=17618ccc-f51c-4f14-92cf-842ef2c05e35->32d97539-eb73-46c6-a759-05f11ff00f4c#90-t10, previous=(t:10, i:19), leaderCommit=19, initializing? false, entries: <empty>
2019-10-18 13:02:03,215 [Thread-2928] INFO  impl.FollowerState (FollowerState.java:run(108)) - c124d131-afb9-4343-ad4e-aaebde613043@group-FF4202234884-FollowerState: change to CANDIDATE, lastRpcTime:158ms, electionTimeout:158ms
2019-10-18 13:02:03,215 [Thread-2928] INFO  impl.RoleInfo (RoleInfo.java:shutdownFollowerState(121)) - c124d131-afb9-4343-ad4e-aaebde613043: shutdown FollowerState
2019-10-18 13:02:03,215 [Thread-2928] INFO  impl.RaftServerImpl (RaftServerImpl.java:setRole(184)) - c124d131-afb9-4343-ad4e-aaebde613043@group-FF4202234884: changes role from  FOLLOWER to CANDIDATE at term 210 for changeToCandidate
2019-10-18 13:02:03,215 [Thread-2928] INFO  impl.RoleInfo (RoleInfo.java:updateAndGet(143)) - c124d131-afb9-4343-ad4e-aaebde613043: start LeaderElection
2019-10-18 13:02:03,228 [java.util.concurrent.ThreadPoolExecutor$Worker@b7e5976[State = -1, empty queue]] WARN  server.GrpcLogAppender (GrpcLogAppender.java:timeoutAppendRequest(209)) - 17618ccc-f51c-4f14-92cf-842ef2c05e35@group-08BD6F798C58->896cef04-248b-470f-8c5c-c9acb81bb157-GrpcLogAppender: appendEntries Timeout, request=17618ccc-f51c-4f14-92cf-842ef2c05e35->896cef04-248b-470f-8c5c-c9acb81bb157#92-t10, previous=(t:10, i:19), leaderCommit=19, initializing? false, entries: <empty>
2019-10-18 13:02:03,240 [c124d131-afb9-4343-ad4e-aaebde613043@group-FF4202234884-LeaderElection378] INFO  impl.LeaderElection (LeaderElection.java:askForVotes(178)) - c124d131-afb9-4343-ad4e-aaebde613043@group-FF4202234884-LeaderElection378: begin an election at term 211 for -1: [999343e7-0330-4874-a345-91eca72585e0:192.168.34.56:44872, c124d131-afb9-4343-ad4e-aaebde613043:192.168.34.56:42116, e5bb327f-cdd7-4e49-919e-13a4c895fddf:192.168.34.56:36658], old=null
2019-10-18 13:02:03,241 [c124d131-afb9-4343-ad4e-aaebde613043@group-FF4202234884-LeaderElection378] INFO  impl.LeaderElection (LogUtils.java:infoOrTrace(149)) - c124d131-afb9-4343-ad4e-aaebde613043@group-FF4202234884-LeaderElection378 got exception when requesting votes: {}
java.util.concurrent.ExecutionException: org.apache.ratis.thirdparty.io.grpc.StatusRuntimeException: UNAVAILABLE: io exception
	at java.util.concurrent.FutureTask.report(FutureTask.java:122)
	at java.util.concurrent.FutureTask.get(FutureTask.java:192)
	at org.apache.ratis.server.impl.LeaderElection.waitForResults(LeaderElection.java:259)
	at org.apache.ratis.server.impl.LeaderElection.askForVotes(LeaderElection.java:197)
	at org.apache.ratis.server.impl.LeaderElection.run(LeaderElection.java:133)
	at java.lang.Thread.run(Thread.java:748)
Caused by: org.apache.ratis.thirdparty.io.grpc.StatusRuntimeException: UNAVAILABLE: io exception
	at org.apache.ratis.thirdparty.io.grpc.stub.ClientCalls.toStatusRuntimeException(ClientCalls.java:233)
	at org.apache.ratis.thirdparty.io.grpc.stub.ClientCalls.getUnchecked(ClientCalls.java:214)
	at org.apache.ratis.thirdparty.io.grpc.stub.ClientCalls.blockingUnaryCall(ClientCalls.java:139)
	at org.apache.ratis.proto.grpc.RaftServerProtocolServiceGrpc$RaftServerProtocolServiceBlockingStub.requestVote(RaftServerProtocolServiceGrpc.java:265)
	at org.apache.ratis.grpc.server.GrpcServerProtocolClient.requestVote(GrpcServerProtocolClient.java:99)
	at org.apache.ratis.grpc.server.GrpcService.requestVote(GrpcService.java:204)
	at org.apache.ratis.server.impl.LeaderElection.lambda$submitRequests$1(LeaderElection.java:234)
	at java.util.concurrent.FutureTask.run(FutureTask.java:266)
	at java.util.concurrent.Executors$RunnableAdapter.call(Executors.java:511)
	at java.util.concurrent.FutureTask.run(FutureTask.java:266)
	at java.util.concurrent.ThreadPoolExecutor.runWorker(ThreadPoolExecutor.java:1149)
	at java.util.concurrent.ThreadPoolExecutor$Worker.run(ThreadPoolExecutor.java:624)
	... 1 more
Caused by: org.apache.ratis.thirdparty.io.netty.channel.AbstractChannel$AnnotatedConnectException: Connection refused: /192.168.34.56:44872
	at sun.nio.ch.SocketChannelImpl.checkConnect(Native Method)
	at sun.nio.ch.SocketChannelImpl.finishConnect(SocketChannelImpl.java:717)
	at org.apache.ratis.thirdparty.io.netty.channel.socket.nio.NioSocketChannel.doFinishConnect(NioSocketChannel.java:327)
	at org.apache.ratis.thirdparty.io.netty.channel.nio.AbstractNioChannel$AbstractNioUnsafe.finishConnect(AbstractNioChannel.java:340)
	at org.apache.ratis.thirdparty.io.netty.channel.nio.NioEventLoop.processSelectedKey(NioEventLoop.java:632)
	at org.apache.ratis.thirdparty.io.netty.channel.nio.NioEventLoop.processSelectedKeysOptimized(NioEventLoop.java:579)
	at org.apache.ratis.thirdparty.io.netty.channel.nio.NioEventLoop.processSelectedKeys(NioEventLoop.java:496)
	at org.apache.ratis.thirdparty.io.netty.channel.nio.NioEventLoop.run(NioEventLoop.java:458)
	at org.apache.ratis.thirdparty.io.netty.util.concurrent.SingleThreadEventExecutor$5.run(SingleThreadEventExecutor.java:897)
	at org.apache.ratis.thirdparty.io.netty.util.concurrent.FastThreadLocalRunnable.run(FastThreadLocalRunnable.java:30)
	... 1 more
Caused by: java.net.ConnectException: Connection refused
	... 11 more
2019-10-18 13:02:03,241 [c124d131-afb9-4343-ad4e-aaebde613043@group-FF4202234884-LeaderElection378] INFO  impl.LeaderElection (LogUtils.java:infoOrTrace(149)) - c124d131-afb9-4343-ad4e-aaebde613043@group-FF4202234884-LeaderElection378 got exception when requesting votes: {}
java.util.concurrent.ExecutionException: org.apache.ratis.thirdparty.io.grpc.StatusRuntimeException: UNAVAILABLE: io exception
	at java.util.concurrent.FutureTask.report(FutureTask.java:122)
	at java.util.concurrent.FutureTask.get(FutureTask.java:192)
	at org.apache.ratis.server.impl.LeaderElection.waitForResults(LeaderElection.java:259)
	at org.apache.ratis.server.impl.LeaderElection.askForVotes(LeaderElection.java:197)
	at org.apache.ratis.server.impl.LeaderElection.run(LeaderElection.java:133)
	at java.lang.Thread.run(Thread.java:748)
Caused by: org.apache.ratis.thirdparty.io.grpc.StatusRuntimeException: UNAVAILABLE: io exception
	at org.apache.ratis.thirdparty.io.grpc.stub.ClientCalls.toStatusRuntimeException(ClientCalls.java:233)
	at org.apache.ratis.thirdparty.io.grpc.stub.ClientCalls.getUnchecked(ClientCalls.java:214)
	at org.apache.ratis.thirdparty.io.grpc.stub.ClientCalls.blockingUnaryCall(ClientCalls.java:139)
	at org.apache.ratis.proto.grpc.RaftServerProtocolServiceGrpc$RaftServerProtocolServiceBlockingStub.requestVote(RaftServerProtocolServiceGrpc.java:265)
	at org.apache.ratis.grpc.server.GrpcServerProtocolClient.requestVote(GrpcServerProtocolClient.java:99)
	at org.apache.ratis.grpc.server.GrpcService.requestVote(GrpcService.java:204)
	at org.apache.ratis.server.impl.LeaderElection.lambda$submitRequests$1(LeaderElection.java:234)
	at java.util.concurrent.FutureTask.run(FutureTask.java:266)
	at java.util.concurrent.Executors$RunnableAdapter.call(Executors.java:511)
	at java.util.concurrent.FutureTask.run(FutureTask.java:266)
	at java.util.concurrent.ThreadPoolExecutor.runWorker(ThreadPoolExecutor.java:1149)
	at java.util.concurrent.ThreadPoolExecutor$Worker.run(ThreadPoolExecutor.java:624)
	... 1 more
Caused by: org.apache.ratis.thirdparty.io.netty.channel.AbstractChannel$AnnotatedConnectException: Connection refused: /192.168.34.56:36658
	at sun.nio.ch.SocketChannelImpl.checkConnect(Native Method)
	at sun.nio.ch.SocketChannelImpl.finishConnect(SocketChannelImpl.java:717)
	at org.apache.ratis.thirdparty.io.netty.channel.socket.nio.NioSocketChannel.doFinishConnect(NioSocketChannel.java:327)
	at org.apache.ratis.thirdparty.io.netty.channel.nio.AbstractNioChannel$AbstractNioUnsafe.finishConnect(AbstractNioChannel.java:340)
	at org.apache.ratis.thirdparty.io.netty.channel.nio.NioEventLoop.processSelectedKey(NioEventLoop.java:632)
	at org.apache.ratis.thirdparty.io.netty.channel.nio.NioEventLoop.processSelectedKeysOptimized(NioEventLoop.java:579)
	at org.apache.ratis.thirdparty.io.netty.channel.nio.NioEventLoop.processSelectedKeys(NioEventLoop.java:496)
	at org.apache.ratis.thirdparty.io.netty.channel.nio.NioEventLoop.run(NioEventLoop.java:458)
	at org.apache.ratis.thirdparty.io.netty.util.concurrent.SingleThreadEventExecutor$5.run(SingleThreadEventExecutor.java:897)
	at org.apache.ratis.thirdparty.io.netty.util.concurrent.FastThreadLocalRunnable.run(FastThreadLocalRunnable.java:30)
	... 1 more
Caused by: java.net.ConnectException: Connection refused
	... 11 more
2019-10-18 13:02:03,242 [c124d131-afb9-4343-ad4e-aaebde613043@group-FF4202234884-LeaderElection378] INFO  impl.LeaderElection (LeaderElection.java:logAndReturn(56)) - c124d131-afb9-4343-ad4e-aaebde613043@group-FF4202234884-LeaderElection378: Election REJECTED; received 0 response(s) [] and 2 exception(s); c124d131-afb9-4343-ad4e-aaebde613043@group-FF4202234884:t211, leader=null, voted=c124d131-afb9-4343-ad4e-aaebde613043, raftlog=c124d131-afb9-4343-ad4e-aaebde613043@group-FF4202234884-SegmentedRaftLog:OPENED:c-1,f-1,i0, conf=-1: [999343e7-0330-4874-a345-91eca72585e0:192.168.34.56:44872, c124d131-afb9-4343-ad4e-aaebde613043:192.168.34.56:42116, e5bb327f-cdd7-4e49-919e-13a4c895fddf:192.168.34.56:36658], old=null
2019-10-18 13:02:03,242 [c124d131-afb9-4343-ad4e-aaebde613043@group-FF4202234884-LeaderElection378] INFO  impl.LeaderElection (LogUtils.java:infoOrTrace(149)) -   Exception 0: {}
java.util.concurrent.ExecutionException: org.apache.ratis.thirdparty.io.grpc.StatusRuntimeException: UNAVAILABLE: io exception
	at java.util.concurrent.FutureTask.report(FutureTask.java:122)
	at java.util.concurrent.FutureTask.get(FutureTask.java:192)
	at org.apache.ratis.server.impl.LeaderElection.waitForResults(LeaderElection.java:259)
	at org.apache.ratis.server.impl.LeaderElection.askForVotes(LeaderElection.java:197)
	at org.apache.ratis.server.impl.LeaderElection.run(LeaderElection.java:133)
	at java.lang.Thread.run(Thread.java:748)
Caused by: org.apache.ratis.thirdparty.io.grpc.StatusRuntimeException: UNAVAILABLE: io exception
	at org.apache.ratis.thirdparty.io.grpc.stub.ClientCalls.toStatusRuntimeException(ClientCalls.java:233)
	at org.apache.ratis.thirdparty.io.grpc.stub.ClientCalls.getUnchecked(ClientCalls.java:214)
	at org.apache.ratis.thirdparty.io.grpc.stub.ClientCalls.blockingUnaryCall(ClientCalls.java:139)
	at org.apache.ratis.proto.grpc.RaftServerProtocolServiceGrpc$RaftServerProtocolServiceBlockingStub.requestVote(RaftServerProtocolServiceGrpc.java:265)
	at org.apache.ratis.grpc.server.GrpcServerProtocolClient.requestVote(GrpcServerProtocolClient.java:99)
	at org.apache.ratis.grpc.server.GrpcService.requestVote(GrpcService.java:204)
	at org.apache.ratis.server.impl.LeaderElection.lambda$submitRequests$1(LeaderElection.java:234)
	at java.util.concurrent.FutureTask.run(FutureTask.java:266)
	at java.util.concurrent.Executors$RunnableAdapter.call(Executors.java:511)
	at java.util.concurrent.FutureTask.run(FutureTask.java:266)
	at java.util.concurrent.ThreadPoolExecutor.runWorker(ThreadPoolExecutor.java:1149)
	at java.util.concurrent.ThreadPoolExecutor$Worker.run(ThreadPoolExecutor.java:624)
	... 1 more
Caused by: org.apache.ratis.thirdparty.io.netty.channel.AbstractChannel$AnnotatedConnectException: Connection refused: /192.168.34.56:44872
	at sun.nio.ch.SocketChannelImpl.checkConnect(Native Method)
	at sun.nio.ch.SocketChannelImpl.finishConnect(SocketChannelImpl.java:717)
	at org.apache.ratis.thirdparty.io.netty.channel.socket.nio.NioSocketChannel.doFinishConnect(NioSocketChannel.java:327)
	at org.apache.ratis.thirdparty.io.netty.channel.nio.AbstractNioChannel$AbstractNioUnsafe.finishConnect(AbstractNioChannel.java:340)
	at org.apache.ratis.thirdparty.io.netty.channel.nio.NioEventLoop.processSelectedKey(NioEventLoop.java:632)
	at org.apache.ratis.thirdparty.io.netty.channel.nio.NioEventLoop.processSelectedKeysOptimized(NioEventLoop.java:579)
	at org.apache.ratis.thirdparty.io.netty.channel.nio.NioEventLoop.processSelectedKeys(NioEventLoop.java:496)
	at org.apache.ratis.thirdparty.io.netty.channel.nio.NioEventLoop.run(NioEventLoop.java:458)
	at org.apache.ratis.thirdparty.io.netty.util.concurrent.SingleThreadEventExecutor$5.run(SingleThreadEventExecutor.java:897)
	at org.apache.ratis.thirdparty.io.netty.util.concurrent.FastThreadLocalRunnable.run(FastThreadLocalRunnable.java:30)
	... 1 more
Caused by: java.net.ConnectException: Connection refused
	... 11 more
2019-10-18 13:02:03,242 [c124d131-afb9-4343-ad4e-aaebde613043@group-FF4202234884-LeaderElection378] INFO  impl.LeaderElection (LogUtils.java:infoOrTrace(149)) -   Exception 1: {}
java.util.concurrent.ExecutionException: org.apache.ratis.thirdparty.io.grpc.StatusRuntimeException: UNAVAILABLE: io exception
	at java.util.concurrent.FutureTask.report(FutureTask.java:122)
	at java.util.concurrent.FutureTask.get(FutureTask.java:192)
	at org.apache.ratis.server.impl.LeaderElection.waitForResults(LeaderElection.java:259)
	at org.apache.ratis.server.impl.LeaderElection.askForVotes(LeaderElection.java:197)
	at org.apache.ratis.server.impl.LeaderElection.run(LeaderElection.java:133)
	at java.lang.Thread.run(Thread.java:748)
Caused by: org.apache.ratis.thirdparty.io.grpc.StatusRuntimeException: UNAVAILABLE: io exception
	at org.apache.ratis.thirdparty.io.grpc.stub.ClientCalls.toStatusRuntimeException(ClientCalls.java:233)
	at org.apache.ratis.thirdparty.io.grpc.stub.ClientCalls.getUnchecked(ClientCalls.java:214)
	at org.apache.ratis.thirdparty.io.grpc.stub.ClientCalls.blockingUnaryCall(ClientCalls.java:139)
	at org.apache.ratis.proto.grpc.RaftServerProtocolServiceGrpc$RaftServerProtocolServiceBlockingStub.requestVote(RaftServerProtocolServiceGrpc.java:265)
	at org.apache.ratis.grpc.server.GrpcServerProtocolClient.requestVote(GrpcServerProtocolClient.java:99)
	at org.apache.ratis.grpc.server.GrpcService.requestVote(GrpcService.java:204)
	at org.apache.ratis.server.impl.LeaderElection.lambda$submitRequests$1(LeaderElection.java:234)
	at java.util.concurrent.FutureTask.run(FutureTask.java:266)
	at java.util.concurrent.Executors$RunnableAdapter.call(Executors.java:511)
	at java.util.concurrent.FutureTask.run(FutureTask.java:266)
	at java.util.concurrent.ThreadPoolExecutor.runWorker(ThreadPoolExecutor.java:1149)
	at java.util.concurrent.ThreadPoolExecutor$Worker.run(ThreadPoolExecutor.java:624)
	... 1 more
Caused by: org.apache.ratis.thirdparty.io.netty.channel.AbstractChannel$AnnotatedConnectException: Connection refused: /192.168.34.56:36658
	at sun.nio.ch.SocketChannelImpl.checkConnect(Native Method)
	at sun.nio.ch.SocketChannelImpl.finishConnect(SocketChannelImpl.java:717)
	at org.apache.ratis.thirdparty.io.netty.channel.socket.nio.NioSocketChannel.doFinishConnect(NioSocketChannel.java:327)
	at org.apache.ratis.thirdparty.io.netty.channel.nio.AbstractNioChannel$AbstractNioUnsafe.finishConnect(AbstractNioChannel.java:340)
	at org.apache.ratis.thirdparty.io.netty.channel.nio.NioEventLoop.processSelectedKey(NioEventLoop.java:632)
	at org.apache.ratis.thirdparty.io.netty.channel.nio.NioEventLoop.processSelectedKeysOptimized(NioEventLoop.java:579)
	at org.apache.ratis.thirdparty.io.netty.channel.nio.NioEventLoop.processSelectedKeys(NioEventLoop.java:496)
	at org.apache.ratis.thirdparty.io.netty.channel.nio.NioEventLoop.run(NioEventLoop.java:458)
	at org.apache.ratis.thirdparty.io.netty.util.concurrent.SingleThreadEventExecutor$5.run(SingleThreadEventExecutor.java:897)
	at org.apache.ratis.thirdparty.io.netty.util.concurrent.FastThreadLocalRunnable.run(FastThreadLocalRunnable.java:30)
	... 1 more
Caused by: java.net.ConnectException: Connection refused
	... 11 more
2019-10-18 13:02:03,242 [c124d131-afb9-4343-ad4e-aaebde613043@group-FF4202234884-LeaderElection378] INFO  impl.RaftServerImpl (RaftServerImpl.java:setRole(184)) - c124d131-afb9-4343-ad4e-aaebde613043@group-FF4202234884: changes role from CANDIDATE to FOLLOWER at term 211 for DISCOVERED_A_NEW_TERM
2019-10-18 13:02:03,242 [c124d131-afb9-4343-ad4e-aaebde613043@group-FF4202234884-LeaderElection378] INFO  impl.RoleInfo (RoleInfo.java:shutdownLeaderElection(134)) - c124d131-afb9-4343-ad4e-aaebde613043: shutdown LeaderElection
2019-10-18 13:02:03,243 [c124d131-afb9-4343-ad4e-aaebde613043@group-FF4202234884-LeaderElection378] INFO  impl.RoleInfo (RoleInfo.java:updateAndGet(143)) - c124d131-afb9-4343-ad4e-aaebde613043: start FollowerState
2019-10-18 13:02:03,383 [Thread-2932] INFO  impl.FollowerState (FollowerState.java:run(108)) - c124d131-afb9-4343-ad4e-aaebde613043@group-FF4202234884-FollowerState: change to CANDIDATE, lastRpcTime:140ms, electionTimeout:140ms
2019-10-18 13:02:03,383 [Thread-2932] INFO  impl.RoleInfo (RoleInfo.java:shutdownFollowerState(121)) - c124d131-afb9-4343-ad4e-aaebde613043: shutdown FollowerState
2019-10-18 13:02:03,383 [Thread-2932] INFO  impl.RaftServerImpl (RaftServerImpl.java:setRole(184)) - c124d131-afb9-4343-ad4e-aaebde613043@group-FF4202234884: changes role from  FOLLOWER to CANDIDATE at term 211 for changeToCandidate
2019-10-18 13:02:03,383 [Thread-2932] INFO  impl.RoleInfo (RoleInfo.java:updateAndGet(143)) - c124d131-afb9-4343-ad4e-aaebde613043: start LeaderElection
2019-10-18 13:02:03,408 [c124d131-afb9-4343-ad4e-aaebde613043@group-FF4202234884-LeaderElection379] INFO  impl.LeaderElection (LeaderElection.java:askForVotes(178)) - c124d131-afb9-4343-ad4e-aaebde613043@group-FF4202234884-LeaderElection379: begin an election at term 212 for -1: [999343e7-0330-4874-a345-91eca72585e0:192.168.34.56:44872, c124d131-afb9-4343-ad4e-aaebde613043:192.168.34.56:42116, e5bb327f-cdd7-4e49-919e-13a4c895fddf:192.168.34.56:36658], old=null
2019-10-18 13:02:03,409 [c124d131-afb9-4343-ad4e-aaebde613043@group-FF4202234884-LeaderElection379] INFO  impl.LeaderElection (LogUtils.java:infoOrTrace(149)) - c124d131-afb9-4343-ad4e-aaebde613043@group-FF4202234884-LeaderElection379 got exception when requesting votes: {}
java.util.concurrent.ExecutionException: org.apache.ratis.thirdparty.io.grpc.StatusRuntimeException: UNAVAILABLE: io exception
	at java.util.concurrent.FutureTask.report(FutureTask.java:122)
	at java.util.concurrent.FutureTask.get(FutureTask.java:192)
	at org.apache.ratis.server.impl.LeaderElection.waitForResults(LeaderElection.java:259)
	at org.apache.ratis.server.impl.LeaderElection.askForVotes(LeaderElection.java:197)
	at org.apache.ratis.server.impl.LeaderElection.run(LeaderElection.java:133)
	at java.lang.Thread.run(Thread.java:748)
Caused by: org.apache.ratis.thirdparty.io.grpc.StatusRuntimeException: UNAVAILABLE: io exception
	at org.apache.ratis.thirdparty.io.grpc.stub.ClientCalls.toStatusRuntimeException(ClientCalls.java:233)
	at org.apache.ratis.thirdparty.io.grpc.stub.ClientCalls.getUnchecked(ClientCalls.java:214)
	at org.apache.ratis.thirdparty.io.grpc.stub.ClientCalls.blockingUnaryCall(ClientCalls.java:139)
	at org.apache.ratis.proto.grpc.RaftServerProtocolServiceGrpc$RaftServerProtocolServiceBlockingStub.requestVote(RaftServerProtocolServiceGrpc.java:265)
	at org.apache.ratis.grpc.server.GrpcServerProtocolClient.requestVote(GrpcServerProtocolClient.java:99)
	at org.apache.ratis.grpc.server.GrpcService.requestVote(GrpcService.java:204)
	at org.apache.ratis.server.impl.LeaderElection.lambda$submitRequests$1(LeaderElection.java:234)
	at java.util.concurrent.FutureTask.run(FutureTask.java:266)
	at java.util.concurrent.Executors$RunnableAdapter.call(Executors.java:511)
	at java.util.concurrent.FutureTask.run(FutureTask.java:266)
	at java.util.concurrent.ThreadPoolExecutor.runWorker(ThreadPoolExecutor.java:1149)
	at java.util.concurrent.ThreadPoolExecutor$Worker.run(ThreadPoolExecutor.java:624)
	... 1 more
Caused by: org.apache.ratis.thirdparty.io.netty.channel.AbstractChannel$AnnotatedConnectException: Connection refused: /192.168.34.56:36658
	at sun.nio.ch.SocketChannelImpl.checkConnect(Native Method)
	at sun.nio.ch.SocketChannelImpl.finishConnect(SocketChannelImpl.java:717)
	at org.apache.ratis.thirdparty.io.netty.channel.socket.nio.NioSocketChannel.doFinishConnect(NioSocketChannel.java:327)
	at org.apache.ratis.thirdparty.io.netty.channel.nio.AbstractNioChannel$AbstractNioUnsafe.finishConnect(AbstractNioChannel.java:340)
	at org.apache.ratis.thirdparty.io.netty.channel.nio.NioEventLoop.processSelectedKey(NioEventLoop.java:632)
	at org.apache.ratis.thirdparty.io.netty.channel.nio.NioEventLoop.processSelectedKeysOptimized(NioEventLoop.java:579)
	at org.apache.ratis.thirdparty.io.netty.channel.nio.NioEventLoop.processSelectedKeys(NioEventLoop.java:496)
	at org.apache.ratis.thirdparty.io.netty.channel.nio.NioEventLoop.run(NioEventLoop.java:458)
	at org.apache.ratis.thirdparty.io.netty.util.concurrent.SingleThreadEventExecutor$5.run(SingleThreadEventExecutor.java:897)
	at org.apache.ratis.thirdparty.io.netty.util.concurrent.FastThreadLocalRunnable.run(FastThreadLocalRunnable.java:30)
	... 1 more
Caused by: java.net.ConnectException: Connection refused
	... 11 more
2019-10-18 13:02:03,409 [c124d131-afb9-4343-ad4e-aaebde613043@group-FF4202234884-LeaderElection379] INFO  impl.LeaderElection (LogUtils.java:infoOrTrace(149)) - c124d131-afb9-4343-ad4e-aaebde613043@group-FF4202234884-LeaderElection379 got exception when requesting votes: {}
java.util.concurrent.ExecutionException: org.apache.ratis.thirdparty.io.grpc.StatusRuntimeException: UNAVAILABLE: io exception
	at java.util.concurrent.FutureTask.report(FutureTask.java:122)
	at java.util.concurrent.FutureTask.get(FutureTask.java:192)
	at org.apache.ratis.server.impl.LeaderElection.waitForResults(LeaderElection.java:259)
	at org.apache.ratis.server.impl.LeaderElection.askForVotes(LeaderElection.java:197)
	at org.apache.ratis.server.impl.LeaderElection.run(LeaderElection.java:133)
	at java.lang.Thread.run(Thread.java:748)
Caused by: org.apache.ratis.thirdparty.io.grpc.StatusRuntimeException: UNAVAILABLE: io exception
	at org.apache.ratis.thirdparty.io.grpc.stub.ClientCalls.toStatusRuntimeException(ClientCalls.java:233)
	at org.apache.ratis.thirdparty.io.grpc.stub.ClientCalls.getUnchecked(ClientCalls.java:214)
	at org.apache.ratis.thirdparty.io.grpc.stub.ClientCalls.blockingUnaryCall(ClientCalls.java:139)
	at org.apache.ratis.proto.grpc.RaftServerProtocolServiceGrpc$RaftServerProtocolServiceBlockingStub.requestVote(RaftServerProtocolServiceGrpc.java:265)
	at org.apache.ratis.grpc.server.GrpcServerProtocolClient.requestVote(GrpcServerProtocolClient.java:99)
	at org.apache.ratis.grpc.server.GrpcService.requestVote(GrpcService.java:204)
	at org.apache.ratis.server.impl.LeaderElection.lambda$submitRequests$1(LeaderElection.java:234)
	at java.util.concurrent.FutureTask.run(FutureTask.java:266)
	at java.util.concurrent.Executors$RunnableAdapter.call(Executors.java:511)
	at java.util.concurrent.FutureTask.run(FutureTask.java:266)
	at java.util.concurrent.ThreadPoolExecutor.runWorker(ThreadPoolExecutor.java:1149)
	at java.util.concurrent.ThreadPoolExecutor$Worker.run(ThreadPoolExecutor.java:624)
	... 1 more
Caused by: org.apache.ratis.thirdparty.io.netty.channel.AbstractChannel$AnnotatedConnectException: Connection refused: /192.168.34.56:44872
	at sun.nio.ch.SocketChannelImpl.checkConnect(Native Method)
	at sun.nio.ch.SocketChannelImpl.finishConnect(SocketChannelImpl.java:717)
	at org.apache.ratis.thirdparty.io.netty.channel.socket.nio.NioSocketChannel.doFinishConnect(NioSocketChannel.java:327)
	at org.apache.ratis.thirdparty.io.netty.channel.nio.AbstractNioChannel$AbstractNioUnsafe.finishConnect(AbstractNioChannel.java:340)
	at org.apache.ratis.thirdparty.io.netty.channel.nio.NioEventLoop.processSelectedKey(NioEventLoop.java:632)
	at org.apache.ratis.thirdparty.io.netty.channel.nio.NioEventLoop.processSelectedKeysOptimized(NioEventLoop.java:579)
	at org.apache.ratis.thirdparty.io.netty.channel.nio.NioEventLoop.processSelectedKeys(NioEventLoop.java:496)
	at org.apache.ratis.thirdparty.io.netty.channel.nio.NioEventLoop.run(NioEventLoop.java:458)
	at org.apache.ratis.thirdparty.io.netty.util.concurrent.SingleThreadEventExecutor$5.run(SingleThreadEventExecutor.java:897)
	at org.apache.ratis.thirdparty.io.netty.util.concurrent.FastThreadLocalRunnable.run(FastThreadLocalRunnable.java:30)
	... 1 more
Caused by: java.net.ConnectException: Connection refused
	... 11 more
2019-10-18 13:02:03,409 [c124d131-afb9-4343-ad4e-aaebde613043@group-FF4202234884-LeaderElection379] INFO  impl.LeaderElection (LeaderElection.java:logAndReturn(56)) - c124d131-afb9-4343-ad4e-aaebde613043@group-FF4202234884-LeaderElection379: Election REJECTED; received 0 response(s) [] and 2 exception(s); c124d131-afb9-4343-ad4e-aaebde613043@group-FF4202234884:t212, leader=null, voted=c124d131-afb9-4343-ad4e-aaebde613043, raftlog=c124d131-afb9-4343-ad4e-aaebde613043@group-FF4202234884-SegmentedRaftLog:OPENED:c-1,f-1,i0, conf=-1: [999343e7-0330-4874-a345-91eca72585e0:192.168.34.56:44872, c124d131-afb9-4343-ad4e-aaebde613043:192.168.34.56:42116, e5bb327f-cdd7-4e49-919e-13a4c895fddf:192.168.34.56:36658], old=null
2019-10-18 13:02:03,409 [c124d131-afb9-4343-ad4e-aaebde613043@group-FF4202234884-LeaderElection379] INFO  impl.LeaderElection (LogUtils.java:infoOrTrace(149)) -   Exception 0: {}
java.util.concurrent.ExecutionException: org.apache.ratis.thirdparty.io.grpc.StatusRuntimeException: UNAVAILABLE: io exception
	at java.util.concurrent.FutureTask.report(FutureTask.java:122)
	at java.util.concurrent.FutureTask.get(FutureTask.java:192)
	at org.apache.ratis.server.impl.LeaderElection.waitForResults(LeaderElection.java:259)
	at org.apache.ratis.server.impl.LeaderElection.askForVotes(LeaderElection.java:197)
	at org.apache.ratis.server.impl.LeaderElection.run(LeaderElection.java:133)
	at java.lang.Thread.run(Thread.java:748)
Caused by: org.apache.ratis.thirdparty.io.grpc.StatusRuntimeException: UNAVAILABLE: io exception
	at org.apache.ratis.thirdparty.io.grpc.stub.ClientCalls.toStatusRuntimeException(ClientCalls.java:233)
	at org.apache.ratis.thirdparty.io.grpc.stub.ClientCalls.getUnchecked(ClientCalls.java:214)
	at org.apache.ratis.thirdparty.io.grpc.stub.ClientCalls.blockingUnaryCall(ClientCalls.java:139)
	at org.apache.ratis.proto.grpc.RaftServerProtocolServiceGrpc$RaftServerProtocolServiceBlockingStub.requestVote(RaftServerProtocolServiceGrpc.java:265)
	at org.apache.ratis.grpc.server.GrpcServerProtocolClient.requestVote(GrpcServerProtocolClient.java:99)
	at org.apache.ratis.grpc.server.GrpcService.requestVote(GrpcService.java:204)
	at org.apache.ratis.server.impl.LeaderElection.lambda$submitRequests$1(LeaderElection.java:234)
	at java.util.concurrent.FutureTask.run(FutureTask.java:266)
	at java.util.concurrent.Executors$RunnableAdapter.call(Executors.java:511)
	at java.util.concurrent.FutureTask.run(FutureTask.java:266)
	at java.util.concurrent.ThreadPoolExecutor.runWorker(ThreadPoolExecutor.java:1149)
	at java.util.concurrent.ThreadPoolExecutor$Worker.run(ThreadPoolExecutor.java:624)
	... 1 more
Caused by: org.apache.ratis.thirdparty.io.netty.channel.AbstractChannel$AnnotatedConnectException: Connection refused: /192.168.34.56:36658
	at sun.nio.ch.SocketChannelImpl.checkConnect(Native Method)
	at sun.nio.ch.SocketChannelImpl.finishConnect(SocketChannelImpl.java:717)
	at org.apache.ratis.thirdparty.io.netty.channel.socket.nio.NioSocketChannel.doFinishConnect(NioSocketChannel.java:327)
	at org.apache.ratis.thirdparty.io.netty.channel.nio.AbstractNioChannel$AbstractNioUnsafe.finishConnect(AbstractNioChannel.java:340)
	at org.apache.ratis.thirdparty.io.netty.channel.nio.NioEventLoop.processSelectedKey(NioEventLoop.java:632)
	at org.apache.ratis.thirdparty.io.netty.channel.nio.NioEventLoop.processSelectedKeysOptimized(NioEventLoop.java:579)
	at org.apache.ratis.thirdparty.io.netty.channel.nio.NioEventLoop.processSelectedKeys(NioEventLoop.java:496)
	at org.apache.ratis.thirdparty.io.netty.channel.nio.NioEventLoop.run(NioEventLoop.java:458)
	at org.apache.ratis.thirdparty.io.netty.util.concurrent.SingleThreadEventExecutor$5.run(SingleThreadEventExecutor.java:897)
	at org.apache.ratis.thirdparty.io.netty.util.concurrent.FastThreadLocalRunnable.run(FastThreadLocalRunnable.java:30)
	... 1 more
Caused by: java.net.ConnectException: Connection refused
	... 11 more
2019-10-18 13:02:03,409 [c124d131-afb9-4343-ad4e-aaebde613043@group-FF4202234884-LeaderElection379] INFO  impl.LeaderElection (LogUtils.java:infoOrTrace(149)) -   Exception 1: {}
java.util.concurrent.ExecutionException: org.apache.ratis.thirdparty.io.grpc.StatusRuntimeException: UNAVAILABLE: io exception
	at java.util.concurrent.FutureTask.report(FutureTask.java:122)
	at java.util.concurrent.FutureTask.get(FutureTask.java:192)
	at org.apache.ratis.server.impl.LeaderElection.waitForResults(LeaderElection.java:259)
	at org.apache.ratis.server.impl.LeaderElection.askForVotes(LeaderElection.java:197)
	at org.apache.ratis.server.impl.LeaderElection.run(LeaderElection.java:133)
	at java.lang.Thread.run(Thread.java:748)
Caused by: org.apache.ratis.thirdparty.io.grpc.StatusRuntimeException: UNAVAILABLE: io exception
	at org.apache.ratis.thirdparty.io.grpc.stub.ClientCalls.toStatusRuntimeException(ClientCalls.java:233)
	at org.apache.ratis.thirdparty.io.grpc.stub.ClientCalls.getUnchecked(ClientCalls.java:214)
	at org.apache.ratis.thirdparty.io.grpc.stub.ClientCalls.blockingUnaryCall(ClientCalls.java:139)
	at org.apache.ratis.proto.grpc.RaftServerProtocolServiceGrpc$RaftServerProtocolServiceBlockingStub.requestVote(RaftServerProtocolServiceGrpc.java:265)
	at org.apache.ratis.grpc.server.GrpcServerProtocolClient.requestVote(GrpcServerProtocolClient.java:99)
	at org.apache.ratis.grpc.server.GrpcService.requestVote(GrpcService.java:204)
	at org.apache.ratis.server.impl.LeaderElection.lambda$submitRequests$1(LeaderElection.java:234)
	at java.util.concurrent.FutureTask.run(FutureTask.java:266)
	at java.util.concurrent.Executors$RunnableAdapter.call(Executors.java:511)
	at java.util.concurrent.FutureTask.run(FutureTask.java:266)
	at java.util.concurrent.ThreadPoolExecutor.runWorker(ThreadPoolExecutor.java:1149)
	at java.util.concurrent.ThreadPoolExecutor$Worker.run(ThreadPoolExecutor.java:624)
	... 1 more
Caused by: org.apache.ratis.thirdparty.io.netty.channel.AbstractChannel$AnnotatedConnectException: Connection refused: /192.168.34.56:44872
	at sun.nio.ch.SocketChannelImpl.checkConnect(Native Method)
	at sun.nio.ch.SocketChannelImpl.finishConnect(SocketChannelImpl.java:717)
	at org.apache.ratis.thirdparty.io.netty.channel.socket.nio.NioSocketChannel.doFinishConnect(NioSocketChannel.java:327)
	at org.apache.ratis.thirdparty.io.netty.channel.nio.AbstractNioChannel$AbstractNioUnsafe.finishConnect(AbstractNioChannel.java:340)
	at org.apache.ratis.thirdparty.io.netty.channel.nio.NioEventLoop.processSelectedKey(NioEventLoop.java:632)
	at org.apache.ratis.thirdparty.io.netty.channel.nio.NioEventLoop.processSelectedKeysOptimized(NioEventLoop.java:579)
	at org.apache.ratis.thirdparty.io.netty.channel.nio.NioEventLoop.processSelectedKeys(NioEventLoop.java:496)
	at org.apache.ratis.thirdparty.io.netty.channel.nio.NioEventLoop.run(NioEventLoop.java:458)
	at org.apache.ratis.thirdparty.io.netty.util.concurrent.SingleThreadEventExecutor$5.run(SingleThreadEventExecutor.java:897)
	at org.apache.ratis.thirdparty.io.netty.util.concurrent.FastThreadLocalRunnable.run(FastThreadLocalRunnable.java:30)
	... 1 more
Caused by: java.net.ConnectException: Connection refused
	... 11 more
2019-10-18 13:02:03,410 [c124d131-afb9-4343-ad4e-aaebde613043@group-FF4202234884-LeaderElection379] INFO  impl.RaftServerImpl (RaftServerImpl.java:setRole(184)) - c124d131-afb9-4343-ad4e-aaebde613043@group-FF4202234884: changes role from CANDIDATE to FOLLOWER at term 212 for DISCOVERED_A_NEW_TERM
2019-10-18 13:02:03,410 [c124d131-afb9-4343-ad4e-aaebde613043@group-FF4202234884-LeaderElection379] INFO  impl.RoleInfo (RoleInfo.java:shutdownLeaderElection(134)) - c124d131-afb9-4343-ad4e-aaebde613043: shutdown LeaderElection
2019-10-18 13:02:03,410 [c124d131-afb9-4343-ad4e-aaebde613043@group-FF4202234884-LeaderElection379] INFO  impl.RoleInfo (RoleInfo.java:updateAndGet(143)) - c124d131-afb9-4343-ad4e-aaebde613043: start FollowerState
2019-10-18 13:02:03,526 [Thread-2936] INFO  impl.FollowerState (FollowerState.java:run(108)) - c124d131-afb9-4343-ad4e-aaebde613043@group-FF4202234884-FollowerState: change to CANDIDATE, lastRpcTime:116ms, electionTimeout:116ms
2019-10-18 13:02:03,526 [Thread-2936] INFO  impl.RoleInfo (RoleInfo.java:shutdownFollowerState(121)) - c124d131-afb9-4343-ad4e-aaebde613043: shutdown FollowerState
2019-10-18 13:02:03,526 [Thread-2936] INFO  impl.RaftServerImpl (RaftServerImpl.java:setRole(184)) - c124d131-afb9-4343-ad4e-aaebde613043@group-FF4202234884: changes role from  FOLLOWER to CANDIDATE at term 212 for changeToCandidate
2019-10-18 13:02:03,527 [Thread-2936] INFO  impl.RoleInfo (RoleInfo.java:updateAndGet(143)) - c124d131-afb9-4343-ad4e-aaebde613043: start LeaderElection
2019-10-18 13:02:03,550 [c124d131-afb9-4343-ad4e-aaebde613043@group-FF4202234884-LeaderElection380] INFO  impl.LeaderElection (LeaderElection.java:askForVotes(178)) - c124d131-afb9-4343-ad4e-aaebde613043@group-FF4202234884-LeaderElection380: begin an election at term 213 for -1: [999343e7-0330-4874-a345-91eca72585e0:192.168.34.56:44872, c124d131-afb9-4343-ad4e-aaebde613043:192.168.34.56:42116, e5bb327f-cdd7-4e49-919e-13a4c895fddf:192.168.34.56:36658], old=null
2019-10-18 13:02:03,551 [c124d131-afb9-4343-ad4e-aaebde613043@group-FF4202234884-LeaderElection380] INFO  impl.LeaderElection (LogUtils.java:infoOrTrace(149)) - c124d131-afb9-4343-ad4e-aaebde613043@group-FF4202234884-LeaderElection380 got exception when requesting votes: {}
java.util.concurrent.ExecutionException: org.apache.ratis.thirdparty.io.grpc.StatusRuntimeException: UNAVAILABLE: io exception
	at java.util.concurrent.FutureTask.report(FutureTask.java:122)
	at java.util.concurrent.FutureTask.get(FutureTask.java:192)
	at org.apache.ratis.server.impl.LeaderElection.waitForResults(LeaderElection.java:259)
	at org.apache.ratis.server.impl.LeaderElection.askForVotes(LeaderElection.java:197)
	at org.apache.ratis.server.impl.LeaderElection.run(LeaderElection.java:133)
	at java.lang.Thread.run(Thread.java:748)
Caused by: org.apache.ratis.thirdparty.io.grpc.StatusRuntimeException: UNAVAILABLE: io exception
	at org.apache.ratis.thirdparty.io.grpc.stub.ClientCalls.toStatusRuntimeException(ClientCalls.java:233)
	at org.apache.ratis.thirdparty.io.grpc.stub.ClientCalls.getUnchecked(ClientCalls.java:214)
	at org.apache.ratis.thirdparty.io.grpc.stub.ClientCalls.blockingUnaryCall(ClientCalls.java:139)
	at org.apache.ratis.proto.grpc.RaftServerProtocolServiceGrpc$RaftServerProtocolServiceBlockingStub.requestVote(RaftServerProtocolServiceGrpc.java:265)
	at org.apache.ratis.grpc.server.GrpcServerProtocolClient.requestVote(GrpcServerProtocolClient.java:99)
	at org.apache.ratis.grpc.server.GrpcService.requestVote(GrpcService.java:204)
	at org.apache.ratis.server.impl.LeaderElection.lambda$submitRequests$1(LeaderElection.java:234)
	at java.util.concurrent.FutureTask.run(FutureTask.java:266)
	at java.util.concurrent.Executors$RunnableAdapter.call(Executors.java:511)
	at java.util.concurrent.FutureTask.run(FutureTask.java:266)
	at java.util.concurrent.ThreadPoolExecutor.runWorker(ThreadPoolExecutor.java:1149)
	at java.util.concurrent.ThreadPoolExecutor$Worker.run(ThreadPoolExecutor.java:624)
	... 1 more
Caused by: org.apache.ratis.thirdparty.io.netty.channel.AbstractChannel$AnnotatedConnectException: Connection refused: /192.168.34.56:36658
	at sun.nio.ch.SocketChannelImpl.checkConnect(Native Method)
	at sun.nio.ch.SocketChannelImpl.finishConnect(SocketChannelImpl.java:717)
	at org.apache.ratis.thirdparty.io.netty.channel.socket.nio.NioSocketChannel.doFinishConnect(NioSocketChannel.java:327)
	at org.apache.ratis.thirdparty.io.netty.channel.nio.AbstractNioChannel$AbstractNioUnsafe.finishConnect(AbstractNioChannel.java:340)
	at org.apache.ratis.thirdparty.io.netty.channel.nio.NioEventLoop.processSelectedKey(NioEventLoop.java:632)
	at org.apache.ratis.thirdparty.io.netty.channel.nio.NioEventLoop.processSelectedKeysOptimized(NioEventLoop.java:579)
	at org.apache.ratis.thirdparty.io.netty.channel.nio.NioEventLoop.processSelectedKeys(NioEventLoop.java:496)
	at org.apache.ratis.thirdparty.io.netty.channel.nio.NioEventLoop.run(NioEventLoop.java:458)
	at org.apache.ratis.thirdparty.io.netty.util.concurrent.SingleThreadEventExecutor$5.run(SingleThreadEventExecutor.java:897)
	at org.apache.ratis.thirdparty.io.netty.util.concurrent.FastThreadLocalRunnable.run(FastThreadLocalRunnable.java:30)
	... 1 more
Caused by: java.net.ConnectException: Connection refused
	... 11 more
2019-10-18 13:02:03,552 [c124d131-afb9-4343-ad4e-aaebde613043@group-FF4202234884-LeaderElection380] INFO  impl.LeaderElection (LogUtils.java:infoOrTrace(149)) - c124d131-afb9-4343-ad4e-aaebde613043@group-FF4202234884-LeaderElection380 got exception when requesting votes: {}
java.util.concurrent.ExecutionException: org.apache.ratis.thirdparty.io.grpc.StatusRuntimeException: UNAVAILABLE: io exception
	at java.util.concurrent.FutureTask.report(FutureTask.java:122)
	at java.util.concurrent.FutureTask.get(FutureTask.java:192)
	at org.apache.ratis.server.impl.LeaderElection.waitForResults(LeaderElection.java:259)
	at org.apache.ratis.server.impl.LeaderElection.askForVotes(LeaderElection.java:197)
	at org.apache.ratis.server.impl.LeaderElection.run(LeaderElection.java:133)
	at java.lang.Thread.run(Thread.java:748)
Caused by: org.apache.ratis.thirdparty.io.grpc.StatusRuntimeException: UNAVAILABLE: io exception
	at org.apache.ratis.thirdparty.io.grpc.stub.ClientCalls.toStatusRuntimeException(ClientCalls.java:233)
	at org.apache.ratis.thirdparty.io.grpc.stub.ClientCalls.getUnchecked(ClientCalls.java:214)
	at org.apache.ratis.thirdparty.io.grpc.stub.ClientCalls.blockingUnaryCall(ClientCalls.java:139)
	at org.apache.ratis.proto.grpc.RaftServerProtocolServiceGrpc$RaftServerProtocolServiceBlockingStub.requestVote(RaftServerProtocolServiceGrpc.java:265)
	at org.apache.ratis.grpc.server.GrpcServerProtocolClient.requestVote(GrpcServerProtocolClient.java:99)
	at org.apache.ratis.grpc.server.GrpcService.requestVote(GrpcService.java:204)
	at org.apache.ratis.server.impl.LeaderElection.lambda$submitRequests$1(LeaderElection.java:234)
	at java.util.concurrent.FutureTask.run(FutureTask.java:266)
	at java.util.concurrent.Executors$RunnableAdapter.call(Executors.java:511)
	at java.util.concurrent.FutureTask.run(FutureTask.java:266)
	at java.util.concurrent.ThreadPoolExecutor.runWorker(ThreadPoolExecutor.java:1149)
	at java.util.concurrent.ThreadPoolExecutor$Worker.run(ThreadPoolExecutor.java:624)
	... 1 more
Caused by: org.apache.ratis.thirdparty.io.netty.channel.AbstractChannel$AnnotatedConnectException: Connection refused: /192.168.34.56:44872
	at sun.nio.ch.SocketChannelImpl.checkConnect(Native Method)
	at sun.nio.ch.SocketChannelImpl.finishConnect(SocketChannelImpl.java:717)
	at org.apache.ratis.thirdparty.io.netty.channel.socket.nio.NioSocketChannel.doFinishConnect(NioSocketChannel.java:327)
	at org.apache.ratis.thirdparty.io.netty.channel.nio.AbstractNioChannel$AbstractNioUnsafe.finishConnect(AbstractNioChannel.java:340)
	at org.apache.ratis.thirdparty.io.netty.channel.nio.NioEventLoop.processSelectedKey(NioEventLoop.java:632)
	at org.apache.ratis.thirdparty.io.netty.channel.nio.NioEventLoop.processSelectedKeysOptimized(NioEventLoop.java:579)
	at org.apache.ratis.thirdparty.io.netty.channel.nio.NioEventLoop.processSelectedKeys(NioEventLoop.java:496)
	at org.apache.ratis.thirdparty.io.netty.channel.nio.NioEventLoop.run(NioEventLoop.java:458)
	at org.apache.ratis.thirdparty.io.netty.util.concurrent.SingleThreadEventExecutor$5.run(SingleThreadEventExecutor.java:897)
	at org.apache.ratis.thirdparty.io.netty.util.concurrent.FastThreadLocalRunnable.run(FastThreadLocalRunnable.java:30)
	... 1 more
Caused by: java.net.ConnectException: Connection refused
	... 11 more
2019-10-18 13:02:03,552 [c124d131-afb9-4343-ad4e-aaebde613043@group-FF4202234884-LeaderElection380] INFO  impl.LeaderElection (LeaderElection.java:logAndReturn(56)) - c124d131-afb9-4343-ad4e-aaebde613043@group-FF4202234884-LeaderElection380: Election REJECTED; received 0 response(s) [] and 2 exception(s); c124d131-afb9-4343-ad4e-aaebde613043@group-FF4202234884:t213, leader=null, voted=c124d131-afb9-4343-ad4e-aaebde613043, raftlog=c124d131-afb9-4343-ad4e-aaebde613043@group-FF4202234884-SegmentedRaftLog:OPENED:c-1,f-1,i0, conf=-1: [999343e7-0330-4874-a345-91eca72585e0:192.168.34.56:44872, c124d131-afb9-4343-ad4e-aaebde613043:192.168.34.56:42116, e5bb327f-cdd7-4e49-919e-13a4c895fddf:192.168.34.56:36658], old=null
2019-10-18 13:02:03,552 [c124d131-afb9-4343-ad4e-aaebde613043@group-FF4202234884-LeaderElection380] INFO  impl.LeaderElection (LogUtils.java:infoOrTrace(149)) -   Exception 0: {}
java.util.concurrent.ExecutionException: org.apache.ratis.thirdparty.io.grpc.StatusRuntimeException: UNAVAILABLE: io exception
	at java.util.concurrent.FutureTask.report(FutureTask.java:122)
	at java.util.concurrent.FutureTask.get(FutureTask.java:192)
	at org.apache.ratis.server.impl.LeaderElection.waitForResults(LeaderElection.java:259)
	at org.apache.ratis.server.impl.LeaderElection.askForVotes(LeaderElection.java:197)
	at org.apache.ratis.server.impl.LeaderElection.run(LeaderElection.java:133)
	at java.lang.Thread.run(Thread.java:748)
Caused by: org.apache.ratis.thirdparty.io.grpc.StatusRuntimeException: UNAVAILABLE: io exception
	at org.apache.ratis.thirdparty.io.grpc.stub.ClientCalls.toStatusRuntimeException(ClientCalls.java:233)
	at org.apache.ratis.thirdparty.io.grpc.stub.ClientCalls.getUnchecked(ClientCalls.java:214)
	at org.apache.ratis.thirdparty.io.grpc.stub.ClientCalls.blockingUnaryCall(ClientCalls.java:139)
	at org.apache.ratis.proto.grpc.RaftServerProtocolServiceGrpc$RaftServerProtocolServiceBlockingStub.requestVote(RaftServerProtocolServiceGrpc.java:265)
	at org.apache.ratis.grpc.server.GrpcServerProtocolClient.requestVote(GrpcServerProtocolClient.java:99)
	at org.apache.ratis.grpc.server.GrpcService.requestVote(GrpcService.java:204)
	at org.apache.ratis.server.impl.LeaderElection.lambda$submitRequests$1(LeaderElection.java:234)
	at java.util.concurrent.FutureTask.run(FutureTask.java:266)
	at java.util.concurrent.Executors$RunnableAdapter.call(Executors.java:511)
	at java.util.concurrent.FutureTask.run(FutureTask.java:266)
	at java.util.concurrent.ThreadPoolExecutor.runWorker(ThreadPoolExecutor.java:1149)
	at java.util.concurrent.ThreadPoolExecutor$Worker.run(ThreadPoolExecutor.java:624)
	... 1 more
Caused by: org.apache.ratis.thirdparty.io.netty.channel.AbstractChannel$AnnotatedConnectException: Connection refused: /192.168.34.56:36658
	at sun.nio.ch.SocketChannelImpl.checkConnect(Native Method)
	at sun.nio.ch.SocketChannelImpl.finishConnect(SocketChannelImpl.java:717)
	at org.apache.ratis.thirdparty.io.netty.channel.socket.nio.NioSocketChannel.doFinishConnect(NioSocketChannel.java:327)
	at org.apache.ratis.thirdparty.io.netty.channel.nio.AbstractNioChannel$AbstractNioUnsafe.finishConnect(AbstractNioChannel.java:340)
	at org.apache.ratis.thirdparty.io.netty.channel.nio.NioEventLoop.processSelectedKey(NioEventLoop.java:632)
	at org.apache.ratis.thirdparty.io.netty.channel.nio.NioEventLoop.processSelectedKeysOptimized(NioEventLoop.java:579)
	at org.apache.ratis.thirdparty.io.netty.channel.nio.NioEventLoop.processSelectedKeys(NioEventLoop.java:496)
	at org.apache.ratis.thirdparty.io.netty.channel.nio.NioEventLoop.run(NioEventLoop.java:458)
	at org.apache.ratis.thirdparty.io.netty.util.concurrent.SingleThreadEventExecutor$5.run(SingleThreadEventExecutor.java:897)
	at org.apache.ratis.thirdparty.io.netty.util.concurrent.FastThreadLocalRunnable.run(FastThreadLocalRunnable.java:30)
	... 1 more
Caused by: java.net.ConnectException: Connection refused
	... 11 more
2019-10-18 13:02:03,552 [c124d131-afb9-4343-ad4e-aaebde613043@group-FF4202234884-LeaderElection380] INFO  impl.LeaderElection (LogUtils.java:infoOrTrace(149)) -   Exception 1: {}
java.util.concurrent.ExecutionException: org.apache.ratis.thirdparty.io.grpc.StatusRuntimeException: UNAVAILABLE: io exception
	at java.util.concurrent.FutureTask.report(FutureTask.java:122)
	at java.util.concurrent.FutureTask.get(FutureTask.java:192)
	at org.apache.ratis.server.impl.LeaderElection.waitForResults(LeaderElection.java:259)
	at org.apache.ratis.server.impl.LeaderElection.askForVotes(LeaderElection.java:197)
	at org.apache.ratis.server.impl.LeaderElection.run(LeaderElection.java:133)
	at java.lang.Thread.run(Thread.java:748)
Caused by: org.apache.ratis.thirdparty.io.grpc.StatusRuntimeException: UNAVAILABLE: io exception
	at org.apache.ratis.thirdparty.io.grpc.stub.ClientCalls.toStatusRuntimeException(ClientCalls.java:233)
	at org.apache.ratis.thirdparty.io.grpc.stub.ClientCalls.getUnchecked(ClientCalls.java:214)
	at org.apache.ratis.thirdparty.io.grpc.stub.ClientCalls.blockingUnaryCall(ClientCalls.java:139)
	at org.apache.ratis.proto.grpc.RaftServerProtocolServiceGrpc$RaftServerProtocolServiceBlockingStub.requestVote(RaftServerProtocolServiceGrpc.java:265)
	at org.apache.ratis.grpc.server.GrpcServerProtocolClient.requestVote(GrpcServerProtocolClient.java:99)
	at org.apache.ratis.grpc.server.GrpcService.requestVote(GrpcService.java:204)
	at org.apache.ratis.server.impl.LeaderElection.lambda$submitRequests$1(LeaderElection.java:234)
	at java.util.concurrent.FutureTask.run(FutureTask.java:266)
	at java.util.concurrent.Executors$RunnableAdapter.call(Executors.java:511)
	at java.util.concurrent.FutureTask.run(FutureTask.java:266)
	at java.util.concurrent.ThreadPoolExecutor.runWorker(ThreadPoolExecutor.java:1149)
	at java.util.concurrent.ThreadPoolExecutor$Worker.run(ThreadPoolExecutor.java:624)
	... 1 more
Caused by: org.apache.ratis.thirdparty.io.netty.channel.AbstractChannel$AnnotatedConnectException: Connection refused: /192.168.34.56:44872
	at sun.nio.ch.SocketChannelImpl.checkConnect(Native Method)
	at sun.nio.ch.SocketChannelImpl.finishConnect(SocketChannelImpl.java:717)
	at org.apache.ratis.thirdparty.io.netty.channel.socket.nio.NioSocketChannel.doFinishConnect(NioSocketChannel.java:327)
	at org.apache.ratis.thirdparty.io.netty.channel.nio.AbstractNioChannel$AbstractNioUnsafe.finishConnect(AbstractNioChannel.java:340)
	at org.apache.ratis.thirdparty.io.netty.channel.nio.NioEventLoop.processSelectedKey(NioEventLoop.java:632)
	at org.apache.ratis.thirdparty.io.netty.channel.nio.NioEventLoop.processSelectedKeysOptimized(NioEventLoop.java:579)
	at org.apache.ratis.thirdparty.io.netty.channel.nio.NioEventLoop.processSelectedKeys(NioEventLoop.java:496)
	at org.apache.ratis.thirdparty.io.netty.channel.nio.NioEventLoop.run(NioEventLoop.java:458)
	at org.apache.ratis.thirdparty.io.netty.util.concurrent.SingleThreadEventExecutor$5.run(SingleThreadEventExecutor.java:897)
	at org.apache.ratis.thirdparty.io.netty.util.concurrent.FastThreadLocalRunnable.run(FastThreadLocalRunnable.java:30)
	... 1 more
Caused by: java.net.ConnectException: Connection refused
	... 11 more
2019-10-18 13:02:03,553 [c124d131-afb9-4343-ad4e-aaebde613043@group-FF4202234884-LeaderElection380] INFO  impl.RaftServerImpl (RaftServerImpl.java:setRole(184)) - c124d131-afb9-4343-ad4e-aaebde613043@group-FF4202234884: changes role from CANDIDATE to FOLLOWER at term 213 for DISCOVERED_A_NEW_TERM
2019-10-18 13:02:03,553 [c124d131-afb9-4343-ad4e-aaebde613043@group-FF4202234884-LeaderElection380] INFO  impl.RoleInfo (RoleInfo.java:shutdownLeaderElection(134)) - c124d131-afb9-4343-ad4e-aaebde613043: shutdown LeaderElection
2019-10-18 13:02:03,553 [c124d131-afb9-4343-ad4e-aaebde613043@group-FF4202234884-LeaderElection380] INFO  impl.RoleInfo (RoleInfo.java:updateAndGet(143)) - c124d131-afb9-4343-ad4e-aaebde613043: start FollowerState
2019-10-18 13:02:03,692 [java.util.concurrent.ThreadPoolExecutor$Worker@7a2507ec[State = -1, empty queue]] WARN  server.GrpcLogAppender (GrpcLogAppender.java:timeoutAppendRequest(209)) - 17618ccc-f51c-4f14-92cf-842ef2c05e35@group-08BD6F798C58->32d97539-eb73-46c6-a759-05f11ff00f4c-GrpcLogAppender: appendEntries Timeout, request=17618ccc-f51c-4f14-92cf-842ef2c05e35->32d97539-eb73-46c6-a759-05f11ff00f4c#91-t10, previous=(t:10, i:19), leaderCommit=19, initializing? false, entries: <empty>
2019-10-18 13:02:03,717 [Thread-2940] INFO  impl.FollowerState (FollowerState.java:run(108)) - c124d131-afb9-4343-ad4e-aaebde613043@group-FF4202234884-FollowerState: change to CANDIDATE, lastRpcTime:164ms, electionTimeout:164ms
2019-10-18 13:02:03,718 [Thread-2940] INFO  impl.RoleInfo (RoleInfo.java:shutdownFollowerState(121)) - c124d131-afb9-4343-ad4e-aaebde613043: shutdown FollowerState
2019-10-18 13:02:03,718 [Thread-2940] INFO  impl.RaftServerImpl (RaftServerImpl.java:setRole(184)) - c124d131-afb9-4343-ad4e-aaebde613043@group-FF4202234884: changes role from  FOLLOWER to CANDIDATE at term 213 for changeToCandidate
2019-10-18 13:02:03,718 [Thread-2940] INFO  impl.RoleInfo (RoleInfo.java:updateAndGet(143)) - c124d131-afb9-4343-ad4e-aaebde613043: start LeaderElection
2019-10-18 13:02:03,728 [java.util.concurrent.ThreadPoolExecutor$Worker@b7e5976[State = -1, empty queue]] WARN  server.GrpcLogAppender (GrpcLogAppender.java:timeoutAppendRequest(209)) - 17618ccc-f51c-4f14-92cf-842ef2c05e35@group-08BD6F798C58->896cef04-248b-470f-8c5c-c9acb81bb157-GrpcLogAppender: appendEntries Timeout, request=17618ccc-f51c-4f14-92cf-842ef2c05e35->896cef04-248b-470f-8c5c-c9acb81bb157#93-t10, previous=(t:10, i:19), leaderCommit=19, initializing? false, entries: <empty>
2019-10-18 13:02:04,192 [java.util.concurrent.ThreadPoolExecutor$Worker@7a2507ec[State = -1, empty queue]] WARN  server.GrpcLogAppender (GrpcLogAppender.java:timeoutAppendRequest(209)) - 17618ccc-f51c-4f14-92cf-842ef2c05e35@group-08BD6F798C58->32d97539-eb73-46c6-a759-05f11ff00f4c-GrpcLogAppender: appendEntries Timeout, request=17618ccc-f51c-4f14-92cf-842ef2c05e35->32d97539-eb73-46c6-a759-05f11ff00f4c#92-t10, previous=(t:10, i:19), leaderCommit=19, initializing? false, entries: <empty>
2019-10-18 13:02:04,229 [java.util.concurrent.ThreadPoolExecutor$Worker@b7e5976[State = -1, empty queue]] WARN  server.GrpcLogAppender (GrpcLogAppender.java:timeoutAppendRequest(209)) - 17618ccc-f51c-4f14-92cf-842ef2c05e35@group-08BD6F798C58->896cef04-248b-470f-8c5c-c9acb81bb157-GrpcLogAppender: appendEntries Timeout, request=17618ccc-f51c-4f14-92cf-842ef2c05e35->896cef04-248b-470f-8c5c-c9acb81bb157#94-t10, previous=(t:10, i:19), leaderCommit=19, initializing? false, entries: <empty>
2019-10-18 13:02:04,392 [c124d131-afb9-4343-ad4e-aaebde613043@group-FF4202234884-LeaderElection381] INFO  impl.LeaderElection (LeaderElection.java:askForVotes(178)) - c124d131-afb9-4343-ad4e-aaebde613043@group-FF4202234884-LeaderElection381: begin an election at term 214 for -1: [999343e7-0330-4874-a345-91eca72585e0:192.168.34.56:44872, c124d131-afb9-4343-ad4e-aaebde613043:192.168.34.56:42116, e5bb327f-cdd7-4e49-919e-13a4c895fddf:192.168.34.56:36658], old=null
2019-10-18 13:02:04,393 [c124d131-afb9-4343-ad4e-aaebde613043@group-FF4202234884-LeaderElection381] INFO  impl.LeaderElection (LogUtils.java:infoOrTrace(149)) - c124d131-afb9-4343-ad4e-aaebde613043@group-FF4202234884-LeaderElection381 got exception when requesting votes: {}
java.util.concurrent.ExecutionException: org.apache.ratis.thirdparty.io.grpc.StatusRuntimeException: UNAVAILABLE: io exception
	at java.util.concurrent.FutureTask.report(FutureTask.java:122)
	at java.util.concurrent.FutureTask.get(FutureTask.java:192)
	at org.apache.ratis.server.impl.LeaderElection.waitForResults(LeaderElection.java:259)
	at org.apache.ratis.server.impl.LeaderElection.askForVotes(LeaderElection.java:197)
	at org.apache.ratis.server.impl.LeaderElection.run(LeaderElection.java:133)
	at java.lang.Thread.run(Thread.java:748)
Caused by: org.apache.ratis.thirdparty.io.grpc.StatusRuntimeException: UNAVAILABLE: io exception
	at org.apache.ratis.thirdparty.io.grpc.stub.ClientCalls.toStatusRuntimeException(ClientCalls.java:233)
	at org.apache.ratis.thirdparty.io.grpc.stub.ClientCalls.getUnchecked(ClientCalls.java:214)
	at org.apache.ratis.thirdparty.io.grpc.stub.ClientCalls.blockingUnaryCall(ClientCalls.java:139)
	at org.apache.ratis.proto.grpc.RaftServerProtocolServiceGrpc$RaftServerProtocolServiceBlockingStub.requestVote(RaftServerProtocolServiceGrpc.java:265)
	at org.apache.ratis.grpc.server.GrpcServerProtocolClient.requestVote(GrpcServerProtocolClient.java:99)
	at org.apache.ratis.grpc.server.GrpcService.requestVote(GrpcService.java:204)
	at org.apache.ratis.server.impl.LeaderElection.lambda$submitRequests$1(LeaderElection.java:234)
	at java.util.concurrent.FutureTask.run(FutureTask.java:266)
	at java.util.concurrent.Executors$RunnableAdapter.call(Executors.java:511)
	at java.util.concurrent.FutureTask.run(FutureTask.java:266)
	at java.util.concurrent.ThreadPoolExecutor.runWorker(ThreadPoolExecutor.java:1149)
	at java.util.concurrent.ThreadPoolExecutor$Worker.run(ThreadPoolExecutor.java:624)
	... 1 more
Caused by: org.apache.ratis.thirdparty.io.netty.channel.AbstractChannel$AnnotatedConnectException: Connection refused: /192.168.34.56:36658
	at sun.nio.ch.SocketChannelImpl.checkConnect(Native Method)
	at sun.nio.ch.SocketChannelImpl.finishConnect(SocketChannelImpl.java:717)
	at org.apache.ratis.thirdparty.io.netty.channel.socket.nio.NioSocketChannel.doFinishConnect(NioSocketChannel.java:327)
	at org.apache.ratis.thirdparty.io.netty.channel.nio.AbstractNioChannel$AbstractNioUnsafe.finishConnect(AbstractNioChannel.java:340)
	at org.apache.ratis.thirdparty.io.netty.channel.nio.NioEventLoop.processSelectedKey(NioEventLoop.java:632)
	at org.apache.ratis.thirdparty.io.netty.channel.nio.NioEventLoop.processSelectedKeysOptimized(NioEventLoop.java:579)
	at org.apache.ratis.thirdparty.io.netty.channel.nio.NioEventLoop.processSelectedKeys(NioEventLoop.java:496)
	at org.apache.ratis.thirdparty.io.netty.channel.nio.NioEventLoop.run(NioEventLoop.java:458)
	at org.apache.ratis.thirdparty.io.netty.util.concurrent.SingleThreadEventExecutor$5.run(SingleThreadEventExecutor.java:897)
	at org.apache.ratis.thirdparty.io.netty.util.concurrent.FastThreadLocalRunnable.run(FastThreadLocalRunnable.java:30)
	... 1 more
Caused by: java.net.ConnectException: Connection refused
	... 11 more
2019-10-18 13:02:04,393 [c124d131-afb9-4343-ad4e-aaebde613043@group-FF4202234884-LeaderElection381] INFO  impl.LeaderElection (LogUtils.java:infoOrTrace(149)) - c124d131-afb9-4343-ad4e-aaebde613043@group-FF4202234884-LeaderElection381 got exception when requesting votes: {}
java.util.concurrent.ExecutionException: org.apache.ratis.thirdparty.io.grpc.StatusRuntimeException: UNAVAILABLE: io exception
	at java.util.concurrent.FutureTask.report(FutureTask.java:122)
	at java.util.concurrent.FutureTask.get(FutureTask.java:192)
	at org.apache.ratis.server.impl.LeaderElection.waitForResults(LeaderElection.java:259)
	at org.apache.ratis.server.impl.LeaderElection.askForVotes(LeaderElection.java:197)
	at org.apache.ratis.server.impl.LeaderElection.run(LeaderElection.java:133)
	at java.lang.Thread.run(Thread.java:748)
Caused by: org.apache.ratis.thirdparty.io.grpc.StatusRuntimeException: UNAVAILABLE: io exception
	at org.apache.ratis.thirdparty.io.grpc.stub.ClientCalls.toStatusRuntimeException(ClientCalls.java:233)
	at org.apache.ratis.thirdparty.io.grpc.stub.ClientCalls.getUnchecked(ClientCalls.java:214)
	at org.apache.ratis.thirdparty.io.grpc.stub.ClientCalls.blockingUnaryCall(ClientCalls.java:139)
	at org.apache.ratis.proto.grpc.RaftServerProtocolServiceGrpc$RaftServerProtocolServiceBlockingStub.requestVote(RaftServerProtocolServiceGrpc.java:265)
	at org.apache.ratis.grpc.server.GrpcServerProtocolClient.requestVote(GrpcServerProtocolClient.java:99)
	at org.apache.ratis.grpc.server.GrpcService.requestVote(GrpcService.java:204)
	at org.apache.ratis.server.impl.LeaderElection.lambda$submitRequests$1(LeaderElection.java:234)
	at java.util.concurrent.FutureTask.run(FutureTask.java:266)
	at java.util.concurrent.Executors$RunnableAdapter.call(Executors.java:511)
	at java.util.concurrent.FutureTask.run(FutureTask.java:266)
	at java.util.concurrent.ThreadPoolExecutor.runWorker(ThreadPoolExecutor.java:1149)
	at java.util.concurrent.ThreadPoolExecutor$Worker.run(ThreadPoolExecutor.java:624)
	... 1 more
Caused by: org.apache.ratis.thirdparty.io.netty.channel.AbstractChannel$AnnotatedConnectException: Connection refused: /192.168.34.56:44872
	at sun.nio.ch.SocketChannelImpl.checkConnect(Native Method)
	at sun.nio.ch.SocketChannelImpl.finishConnect(SocketChannelImpl.java:717)
	at org.apache.ratis.thirdparty.io.netty.channel.socket.nio.NioSocketChannel.doFinishConnect(NioSocketChannel.java:327)
	at org.apache.ratis.thirdparty.io.netty.channel.nio.AbstractNioChannel$AbstractNioUnsafe.finishConnect(AbstractNioChannel.java:340)
	at org.apache.ratis.thirdparty.io.netty.channel.nio.NioEventLoop.processSelectedKey(NioEventLoop.java:632)
	at org.apache.ratis.thirdparty.io.netty.channel.nio.NioEventLoop.processSelectedKeysOptimized(NioEventLoop.java:579)
	at org.apache.ratis.thirdparty.io.netty.channel.nio.NioEventLoop.processSelectedKeys(NioEventLoop.java:496)
	at org.apache.ratis.thirdparty.io.netty.channel.nio.NioEventLoop.run(NioEventLoop.java:458)
	at org.apache.ratis.thirdparty.io.netty.util.concurrent.SingleThreadEventExecutor$5.run(SingleThreadEventExecutor.java:897)
	at org.apache.ratis.thirdparty.io.netty.util.concurrent.FastThreadLocalRunnable.run(FastThreadLocalRunnable.java:30)
	... 1 more
Caused by: java.net.ConnectException: Connection refused
	... 11 more
2019-10-18 13:02:04,393 [c124d131-afb9-4343-ad4e-aaebde613043@group-FF4202234884-LeaderElection381] INFO  impl.LeaderElection (LeaderElection.java:logAndReturn(56)) - c124d131-afb9-4343-ad4e-aaebde613043@group-FF4202234884-LeaderElection381: Election REJECTED; received 0 response(s) [] and 2 exception(s); c124d131-afb9-4343-ad4e-aaebde613043@group-FF4202234884:t214, leader=null, voted=c124d131-afb9-4343-ad4e-aaebde613043, raftlog=c124d131-afb9-4343-ad4e-aaebde613043@group-FF4202234884-SegmentedRaftLog:OPENED:c-1,f-1,i0, conf=-1: [999343e7-0330-4874-a345-91eca72585e0:192.168.34.56:44872, c124d131-afb9-4343-ad4e-aaebde613043:192.168.34.56:42116, e5bb327f-cdd7-4e49-919e-13a4c895fddf:192.168.34.56:36658], old=null
2019-10-18 13:02:04,393 [c124d131-afb9-4343-ad4e-aaebde613043@group-FF4202234884-LeaderElection381] INFO  impl.LeaderElection (LogUtils.java:infoOrTrace(149)) -   Exception 0: {}
java.util.concurrent.ExecutionException: org.apache.ratis.thirdparty.io.grpc.StatusRuntimeException: UNAVAILABLE: io exception
	at java.util.concurrent.FutureTask.report(FutureTask.java:122)
	at java.util.concurrent.FutureTask.get(FutureTask.java:192)
	at org.apache.ratis.server.impl.LeaderElection.waitForResults(LeaderElection.java:259)
	at org.apache.ratis.server.impl.LeaderElection.askForVotes(LeaderElection.java:197)
	at org.apache.ratis.server.impl.LeaderElection.run(LeaderElection.java:133)
	at java.lang.Thread.run(Thread.java:748)
Caused by: org.apache.ratis.thirdparty.io.grpc.StatusRuntimeException: UNAVAILABLE: io exception
	at org.apache.ratis.thirdparty.io.grpc.stub.ClientCalls.toStatusRuntimeException(ClientCalls.java:233)
	at org.apache.ratis.thirdparty.io.grpc.stub.ClientCalls.getUnchecked(ClientCalls.java:214)
	at org.apache.ratis.thirdparty.io.grpc.stub.ClientCalls.blockingUnaryCall(ClientCalls.java:139)
	at org.apache.ratis.proto.grpc.RaftServerProtocolServiceGrpc$RaftServerProtocolServiceBlockingStub.requestVote(RaftServerProtocolServiceGrpc.java:265)
	at org.apache.ratis.grpc.server.GrpcServerProtocolClient.requestVote(GrpcServerProtocolClient.java:99)
	at org.apache.ratis.grpc.server.GrpcService.requestVote(GrpcService.java:204)
	at org.apache.ratis.server.impl.LeaderElection.lambda$submitRequests$1(LeaderElection.java:234)
	at java.util.concurrent.FutureTask.run(FutureTask.java:266)
	at java.util.concurrent.Executors$RunnableAdapter.call(Executors.java:511)
	at java.util.concurrent.FutureTask.run(FutureTask.java:266)
	at java.util.concurrent.ThreadPoolExecutor.runWorker(ThreadPoolExecutor.java:1149)
	at java.util.concurrent.ThreadPoolExecutor$Worker.run(ThreadPoolExecutor.java:624)
	... 1 more
Caused by: org.apache.ratis.thirdparty.io.netty.channel.AbstractChannel$AnnotatedConnectException: Connection refused: /192.168.34.56:36658
	at sun.nio.ch.SocketChannelImpl.checkConnect(Native Method)
	at sun.nio.ch.SocketChannelImpl.finishConnect(SocketChannelImpl.java:717)
	at org.apache.ratis.thirdparty.io.netty.channel.socket.nio.NioSocketChannel.doFinishConnect(NioSocketChannel.java:327)
	at org.apache.ratis.thirdparty.io.netty.channel.nio.AbstractNioChannel$AbstractNioUnsafe.finishConnect(AbstractNioChannel.java:340)
	at org.apache.ratis.thirdparty.io.netty.channel.nio.NioEventLoop.processSelectedKey(NioEventLoop.java:632)
	at org.apache.ratis.thirdparty.io.netty.channel.nio.NioEventLoop.processSelectedKeysOptimized(NioEventLoop.java:579)
	at org.apache.ratis.thirdparty.io.netty.channel.nio.NioEventLoop.processSelectedKeys(NioEventLoop.java:496)
	at org.apache.ratis.thirdparty.io.netty.channel.nio.NioEventLoop.run(NioEventLoop.java:458)
	at org.apache.ratis.thirdparty.io.netty.util.concurrent.SingleThreadEventExecutor$5.run(SingleThreadEventExecutor.java:897)
	at org.apache.ratis.thirdparty.io.netty.util.concurrent.FastThreadLocalRunnable.run(FastThreadLocalRunnable.java:30)
	... 1 more
Caused by: java.net.ConnectException: Connection refused
	... 11 more
2019-10-18 13:02:04,393 [c124d131-afb9-4343-ad4e-aaebde613043@group-FF4202234884-LeaderElection381] INFO  impl.LeaderElection (LogUtils.java:infoOrTrace(149)) -   Exception 1: {}
java.util.concurrent.ExecutionException: org.apache.ratis.thirdparty.io.grpc.StatusRuntimeException: UNAVAILABLE: io exception
	at java.util.concurrent.FutureTask.report(FutureTask.java:122)
	at java.util.concurrent.FutureTask.get(FutureTask.java:192)
	at org.apache.ratis.server.impl.LeaderElection.waitForResults(LeaderElection.java:259)
	at org.apache.ratis.server.impl.LeaderElection.askForVotes(LeaderElection.java:197)
	at org.apache.ratis.server.impl.LeaderElection.run(LeaderElection.java:133)
	at java.lang.Thread.run(Thread.java:748)
Caused by: org.apache.ratis.thirdparty.io.grpc.StatusRuntimeException: UNAVAILABLE: io exception
	at org.apache.ratis.thirdparty.io.grpc.stub.ClientCalls.toStatusRuntimeException(ClientCalls.java:233)
	at org.apache.ratis.thirdparty.io.grpc.stub.ClientCalls.getUnchecked(ClientCalls.java:214)
	at org.apache.ratis.thirdparty.io.grpc.stub.ClientCalls.blockingUnaryCall(ClientCalls.java:139)
	at org.apache.ratis.proto.grpc.RaftServerProtocolServiceGrpc$RaftServerProtocolServiceBlockingStub.requestVote(RaftServerProtocolServiceGrpc.java:265)
	at org.apache.ratis.grpc.server.GrpcServerProtocolClient.requestVote(GrpcServerProtocolClient.java:99)
	at org.apache.ratis.grpc.server.GrpcService.requestVote(GrpcService.java:204)
	at org.apache.ratis.server.impl.LeaderElection.lambda$submitRequests$1(LeaderElection.java:234)
	at java.util.concurrent.FutureTask.run(FutureTask.java:266)
	at java.util.concurrent.Executors$RunnableAdapter.call(Executors.java:511)
	at java.util.concurrent.FutureTask.run(FutureTask.java:266)
	at java.util.concurrent.ThreadPoolExecutor.runWorker(ThreadPoolExecutor.java:1149)
	at java.util.concurrent.ThreadPoolExecutor$Worker.run(ThreadPoolExecutor.java:624)
	... 1 more
Caused by: org.apache.ratis.thirdparty.io.netty.channel.AbstractChannel$AnnotatedConnectException: Connection refused: /192.168.34.56:44872
	at sun.nio.ch.SocketChannelImpl.checkConnect(Native Method)
	at sun.nio.ch.SocketChannelImpl.finishConnect(SocketChannelImpl.java:717)
	at org.apache.ratis.thirdparty.io.netty.channel.socket.nio.NioSocketChannel.doFinishConnect(NioSocketChannel.java:327)
	at org.apache.ratis.thirdparty.io.netty.channel.nio.AbstractNioChannel$AbstractNioUnsafe.finishConnect(AbstractNioChannel.java:340)
	at org.apache.ratis.thirdparty.io.netty.channel.nio.NioEventLoop.processSelectedKey(NioEventLoop.java:632)
	at org.apache.ratis.thirdparty.io.netty.channel.nio.NioEventLoop.processSelectedKeysOptimized(NioEventLoop.java:579)
	at org.apache.ratis.thirdparty.io.netty.channel.nio.NioEventLoop.processSelectedKeys(NioEventLoop.java:496)
	at org.apache.ratis.thirdparty.io.netty.channel.nio.NioEventLoop.run(NioEventLoop.java:458)
	at org.apache.ratis.thirdparty.io.netty.util.concurrent.SingleThreadEventExecutor$5.run(SingleThreadEventExecutor.java:897)
	at org.apache.ratis.thirdparty.io.netty.util.concurrent.FastThreadLocalRunnable.run(FastThreadLocalRunnable.java:30)
	... 1 more
Caused by: java.net.ConnectException: Connection refused
	... 11 more
2019-10-18 13:02:04,394 [c124d131-afb9-4343-ad4e-aaebde613043@group-FF4202234884-LeaderElection381] INFO  impl.RaftServerImpl (RaftServerImpl.java:setRole(184)) - c124d131-afb9-4343-ad4e-aaebde613043@group-FF4202234884: changes role from CANDIDATE to FOLLOWER at term 214 for DISCOVERED_A_NEW_TERM
2019-10-18 13:02:04,394 [c124d131-afb9-4343-ad4e-aaebde613043@group-FF4202234884-LeaderElection381] INFO  impl.RoleInfo (RoleInfo.java:shutdownLeaderElection(134)) - c124d131-afb9-4343-ad4e-aaebde613043: shutdown LeaderElection
2019-10-18 13:02:04,394 [c124d131-afb9-4343-ad4e-aaebde613043@group-FF4202234884-LeaderElection381] INFO  impl.RoleInfo (RoleInfo.java:updateAndGet(143)) - c124d131-afb9-4343-ad4e-aaebde613043: start FollowerState
2019-10-18 13:02:04,412 [Thread-2944] INFO  impl.FollowerState (FollowerState.java:run(108)) - c124d131-afb9-4343-ad4e-aaebde613043@group-FF4202234884-FollowerState: change to CANDIDATE, lastRpcTime:18ms, electionTimeout:18ms
2019-10-18 13:02:04,412 [Thread-2944] INFO  impl.RoleInfo (RoleInfo.java:shutdownFollowerState(121)) - c124d131-afb9-4343-ad4e-aaebde613043: shutdown FollowerState
2019-10-18 13:02:04,413 [Thread-2944] INFO  impl.RaftServerImpl (RaftServerImpl.java:setRole(184)) - c124d131-afb9-4343-ad4e-aaebde613043@group-FF4202234884: changes role from  FOLLOWER to CANDIDATE at term 214 for changeToCandidate
2019-10-18 13:02:04,413 [Thread-2944] INFO  impl.RoleInfo (RoleInfo.java:updateAndGet(143)) - c124d131-afb9-4343-ad4e-aaebde613043: start LeaderElection
2019-10-18 13:02:04,438 [c124d131-afb9-4343-ad4e-aaebde613043@group-FF4202234884-LeaderElection382] INFO  impl.LeaderElection (LeaderElection.java:askForVotes(178)) - c124d131-afb9-4343-ad4e-aaebde613043@group-FF4202234884-LeaderElection382: begin an election at term 215 for -1: [999343e7-0330-4874-a345-91eca72585e0:192.168.34.56:44872, c124d131-afb9-4343-ad4e-aaebde613043:192.168.34.56:42116, e5bb327f-cdd7-4e49-919e-13a4c895fddf:192.168.34.56:36658], old=null
2019-10-18 13:02:04,439 [c124d131-afb9-4343-ad4e-aaebde613043@group-FF4202234884-LeaderElection382] INFO  impl.LeaderElection (LogUtils.java:infoOrTrace(149)) - c124d131-afb9-4343-ad4e-aaebde613043@group-FF4202234884-LeaderElection382 got exception when requesting votes: {}
java.util.concurrent.ExecutionException: org.apache.ratis.thirdparty.io.grpc.StatusRuntimeException: UNAVAILABLE: io exception
	at java.util.concurrent.FutureTask.report(FutureTask.java:122)
	at java.util.concurrent.FutureTask.get(FutureTask.java:192)
	at org.apache.ratis.server.impl.LeaderElection.waitForResults(LeaderElection.java:259)
	at org.apache.ratis.server.impl.LeaderElection.askForVotes(LeaderElection.java:197)
	at org.apache.ratis.server.impl.LeaderElection.run(LeaderElection.java:133)
	at java.lang.Thread.run(Thread.java:748)
Caused by: org.apache.ratis.thirdparty.io.grpc.StatusRuntimeException: UNAVAILABLE: io exception
	at org.apache.ratis.thirdparty.io.grpc.stub.ClientCalls.toStatusRuntimeException(ClientCalls.java:233)
	at org.apache.ratis.thirdparty.io.grpc.stub.ClientCalls.getUnchecked(ClientCalls.java:214)
	at org.apache.ratis.thirdparty.io.grpc.stub.ClientCalls.blockingUnaryCall(ClientCalls.java:139)
	at org.apache.ratis.proto.grpc.RaftServerProtocolServiceGrpc$RaftServerProtocolServiceBlockingStub.requestVote(RaftServerProtocolServiceGrpc.java:265)
	at org.apache.ratis.grpc.server.GrpcServerProtocolClient.requestVote(GrpcServerProtocolClient.java:99)
	at org.apache.ratis.grpc.server.GrpcService.requestVote(GrpcService.java:204)
	at org.apache.ratis.server.impl.LeaderElection.lambda$submitRequests$1(LeaderElection.java:234)
	at java.util.concurrent.FutureTask.run(FutureTask.java:266)
	at java.util.concurrent.Executors$RunnableAdapter.call(Executors.java:511)
	at java.util.concurrent.FutureTask.run(FutureTask.java:266)
	at java.util.concurrent.ThreadPoolExecutor.runWorker(ThreadPoolExecutor.java:1149)
	at java.util.concurrent.ThreadPoolExecutor$Worker.run(ThreadPoolExecutor.java:624)
	... 1 more
Caused by: org.apache.ratis.thirdparty.io.netty.channel.AbstractChannel$AnnotatedConnectException: Connection refused: /192.168.34.56:36658
	at sun.nio.ch.SocketChannelImpl.checkConnect(Native Method)
	at sun.nio.ch.SocketChannelImpl.finishConnect(SocketChannelImpl.java:717)
	at org.apache.ratis.thirdparty.io.netty.channel.socket.nio.NioSocketChannel.doFinishConnect(NioSocketChannel.java:327)
	at org.apache.ratis.thirdparty.io.netty.channel.nio.AbstractNioChannel$AbstractNioUnsafe.finishConnect(AbstractNioChannel.java:340)
	at org.apache.ratis.thirdparty.io.netty.channel.nio.NioEventLoop.processSelectedKey(NioEventLoop.java:632)
	at org.apache.ratis.thirdparty.io.netty.channel.nio.NioEventLoop.processSelectedKeysOptimized(NioEventLoop.java:579)
	at org.apache.ratis.thirdparty.io.netty.channel.nio.NioEventLoop.processSelectedKeys(NioEventLoop.java:496)
	at org.apache.ratis.thirdparty.io.netty.channel.nio.NioEventLoop.run(NioEventLoop.java:458)
	at org.apache.ratis.thirdparty.io.netty.util.concurrent.SingleThreadEventExecutor$5.run(SingleThreadEventExecutor.java:897)
	at org.apache.ratis.thirdparty.io.netty.util.concurrent.FastThreadLocalRunnable.run(FastThreadLocalRunnable.java:30)
	... 1 more
Caused by: java.net.ConnectException: Connection refused
	... 11 more
2019-10-18 13:02:04,439 [c124d131-afb9-4343-ad4e-aaebde613043@group-FF4202234884-LeaderElection382] INFO  impl.LeaderElection (LogUtils.java:infoOrTrace(149)) - c124d131-afb9-4343-ad4e-aaebde613043@group-FF4202234884-LeaderElection382 got exception when requesting votes: {}
java.util.concurrent.ExecutionException: org.apache.ratis.thirdparty.io.grpc.StatusRuntimeException: UNAVAILABLE: io exception
	at java.util.concurrent.FutureTask.report(FutureTask.java:122)
	at java.util.concurrent.FutureTask.get(FutureTask.java:192)
	at org.apache.ratis.server.impl.LeaderElection.waitForResults(LeaderElection.java:259)
	at org.apache.ratis.server.impl.LeaderElection.askForVotes(LeaderElection.java:197)
	at org.apache.ratis.server.impl.LeaderElection.run(LeaderElection.java:133)
	at java.lang.Thread.run(Thread.java:748)
Caused by: org.apache.ratis.thirdparty.io.grpc.StatusRuntimeException: UNAVAILABLE: io exception
	at org.apache.ratis.thirdparty.io.grpc.stub.ClientCalls.toStatusRuntimeException(ClientCalls.java:233)
	at org.apache.ratis.thirdparty.io.grpc.stub.ClientCalls.getUnchecked(ClientCalls.java:214)
	at org.apache.ratis.thirdparty.io.grpc.stub.ClientCalls.blockingUnaryCall(ClientCalls.java:139)
	at org.apache.ratis.proto.grpc.RaftServerProtocolServiceGrpc$RaftServerProtocolServiceBlockingStub.requestVote(RaftServerProtocolServiceGrpc.java:265)
	at org.apache.ratis.grpc.server.GrpcServerProtocolClient.requestVote(GrpcServerProtocolClient.java:99)
	at org.apache.ratis.grpc.server.GrpcService.requestVote(GrpcService.java:204)
	at org.apache.ratis.server.impl.LeaderElection.lambda$submitRequests$1(LeaderElection.java:234)
	at java.util.concurrent.FutureTask.run(FutureTask.java:266)
	at java.util.concurrent.Executors$RunnableAdapter.call(Executors.java:511)
	at java.util.concurrent.FutureTask.run(FutureTask.java:266)
	at java.util.concurrent.ThreadPoolExecutor.runWorker(ThreadPoolExecutor.java:1149)
	at java.util.concurrent.ThreadPoolExecutor$Worker.run(ThreadPoolExecutor.java:624)
	... 1 more
Caused by: org.apache.ratis.thirdparty.io.netty.channel.AbstractChannel$AnnotatedConnectException: Connection refused: /192.168.34.56:44872
	at sun.nio.ch.SocketChannelImpl.checkConnect(Native Method)
	at sun.nio.ch.SocketChannelImpl.finishConnect(SocketChannelImpl.java:717)
	at org.apache.ratis.thirdparty.io.netty.channel.socket.nio.NioSocketChannel.doFinishConnect(NioSocketChannel.java:327)
	at org.apache.ratis.thirdparty.io.netty.channel.nio.AbstractNioChannel$AbstractNioUnsafe.finishConnect(AbstractNioChannel.java:340)
	at org.apache.ratis.thirdparty.io.netty.channel.nio.NioEventLoop.processSelectedKey(NioEventLoop.java:632)
	at org.apache.ratis.thirdparty.io.netty.channel.nio.NioEventLoop.processSelectedKeysOptimized(NioEventLoop.java:579)
	at org.apache.ratis.thirdparty.io.netty.channel.nio.NioEventLoop.processSelectedKeys(NioEventLoop.java:496)
	at org.apache.ratis.thirdparty.io.netty.channel.nio.NioEventLoop.run(NioEventLoop.java:458)
	at org.apache.ratis.thirdparty.io.netty.util.concurrent.SingleThreadEventExecutor$5.run(SingleThreadEventExecutor.java:897)
	at org.apache.ratis.thirdparty.io.netty.util.concurrent.FastThreadLocalRunnable.run(FastThreadLocalRunnable.java:30)
	... 1 more
Caused by: java.net.ConnectException: Connection refused
	... 11 more
2019-10-18 13:02:04,439 [c124d131-afb9-4343-ad4e-aaebde613043@group-FF4202234884-LeaderElection382] INFO  impl.LeaderElection (LeaderElection.java:logAndReturn(56)) - c124d131-afb9-4343-ad4e-aaebde613043@group-FF4202234884-LeaderElection382: Election REJECTED; received 0 response(s) [] and 2 exception(s); c124d131-afb9-4343-ad4e-aaebde613043@group-FF4202234884:t215, leader=null, voted=c124d131-afb9-4343-ad4e-aaebde613043, raftlog=c124d131-afb9-4343-ad4e-aaebde613043@group-FF4202234884-SegmentedRaftLog:OPENED:c-1,f-1,i0, conf=-1: [999343e7-0330-4874-a345-91eca72585e0:192.168.34.56:44872, c124d131-afb9-4343-ad4e-aaebde613043:192.168.34.56:42116, e5bb327f-cdd7-4e49-919e-13a4c895fddf:192.168.34.56:36658], old=null
2019-10-18 13:02:04,439 [c124d131-afb9-4343-ad4e-aaebde613043@group-FF4202234884-LeaderElection382] INFO  impl.LeaderElection (LogUtils.java:infoOrTrace(149)) -   Exception 0: {}
java.util.concurrent.ExecutionException: org.apache.ratis.thirdparty.io.grpc.StatusRuntimeException: UNAVAILABLE: io exception
	at java.util.concurrent.FutureTask.report(FutureTask.java:122)
	at java.util.concurrent.FutureTask.get(FutureTask.java:192)
	at org.apache.ratis.server.impl.LeaderElection.waitForResults(LeaderElection.java:259)
	at org.apache.ratis.server.impl.LeaderElection.askForVotes(LeaderElection.java:197)
	at org.apache.ratis.server.impl.LeaderElection.run(LeaderElection.java:133)
	at java.lang.Thread.run(Thread.java:748)
Caused by: org.apache.ratis.thirdparty.io.grpc.StatusRuntimeException: UNAVAILABLE: io exception
	at org.apache.ratis.thirdparty.io.grpc.stub.ClientCalls.toStatusRuntimeException(ClientCalls.java:233)
	at org.apache.ratis.thirdparty.io.grpc.stub.ClientCalls.getUnchecked(ClientCalls.java:214)
	at org.apache.ratis.thirdparty.io.grpc.stub.ClientCalls.blockingUnaryCall(ClientCalls.java:139)
	at org.apache.ratis.proto.grpc.RaftServerProtocolServiceGrpc$RaftServerProtocolServiceBlockingStub.requestVote(RaftServerProtocolServiceGrpc.java:265)
	at org.apache.ratis.grpc.server.GrpcServerProtocolClient.requestVote(GrpcServerProtocolClient.java:99)
	at org.apache.ratis.grpc.server.GrpcService.requestVote(GrpcService.java:204)
	at org.apache.ratis.server.impl.LeaderElection.lambda$submitRequests$1(LeaderElection.java:234)
	at java.util.concurrent.FutureTask.run(FutureTask.java:266)
	at java.util.concurrent.Executors$RunnableAdapter.call(Executors.java:511)
	at java.util.concurrent.FutureTask.run(FutureTask.java:266)
	at java.util.concurrent.ThreadPoolExecutor.runWorker(ThreadPoolExecutor.java:1149)
	at java.util.concurrent.ThreadPoolExecutor$Worker.run(ThreadPoolExecutor.java:624)
	... 1 more
Caused by: org.apache.ratis.thirdparty.io.netty.channel.AbstractChannel$AnnotatedConnectException: Connection refused: /192.168.34.56:36658
	at sun.nio.ch.SocketChannelImpl.checkConnect(Native Method)
	at sun.nio.ch.SocketChannelImpl.finishConnect(SocketChannelImpl.java:717)
	at org.apache.ratis.thirdparty.io.netty.channel.socket.nio.NioSocketChannel.doFinishConnect(NioSocketChannel.java:327)
	at org.apache.ratis.thirdparty.io.netty.channel.nio.AbstractNioChannel$AbstractNioUnsafe.finishConnect(AbstractNioChannel.java:340)
	at org.apache.ratis.thirdparty.io.netty.channel.nio.NioEventLoop.processSelectedKey(NioEventLoop.java:632)
	at org.apache.ratis.thirdparty.io.netty.channel.nio.NioEventLoop.processSelectedKeysOptimized(NioEventLoop.java:579)
	at org.apache.ratis.thirdparty.io.netty.channel.nio.NioEventLoop.processSelectedKeys(NioEventLoop.java:496)
	at org.apache.ratis.thirdparty.io.netty.channel.nio.NioEventLoop.run(NioEventLoop.java:458)
	at org.apache.ratis.thirdparty.io.netty.util.concurrent.SingleThreadEventExecutor$5.run(SingleThreadEventExecutor.java:897)
	at org.apache.ratis.thirdparty.io.netty.util.concurrent.FastThreadLocalRunnable.run(FastThreadLocalRunnable.java:30)
	... 1 more
Caused by: java.net.ConnectException: Connection refused
	... 11 more
2019-10-18 13:02:04,439 [c124d131-afb9-4343-ad4e-aaebde613043@group-FF4202234884-LeaderElection382] INFO  impl.LeaderElection (LogUtils.java:infoOrTrace(149)) -   Exception 1: {}
java.util.concurrent.ExecutionException: org.apache.ratis.thirdparty.io.grpc.StatusRuntimeException: UNAVAILABLE: io exception
	at java.util.concurrent.FutureTask.report(FutureTask.java:122)
	at java.util.concurrent.FutureTask.get(FutureTask.java:192)
	at org.apache.ratis.server.impl.LeaderElection.waitForResults(LeaderElection.java:259)
	at org.apache.ratis.server.impl.LeaderElection.askForVotes(LeaderElection.java:197)
	at org.apache.ratis.server.impl.LeaderElection.run(LeaderElection.java:133)
	at java.lang.Thread.run(Thread.java:748)
Caused by: org.apache.ratis.thirdparty.io.grpc.StatusRuntimeException: UNAVAILABLE: io exception
	at org.apache.ratis.thirdparty.io.grpc.stub.ClientCalls.toStatusRuntimeException(ClientCalls.java:233)
	at org.apache.ratis.thirdparty.io.grpc.stub.ClientCalls.getUnchecked(ClientCalls.java:214)
	at org.apache.ratis.thirdparty.io.grpc.stub.ClientCalls.blockingUnaryCall(ClientCalls.java:139)
	at org.apache.ratis.proto.grpc.RaftServerProtocolServiceGrpc$RaftServerProtocolServiceBlockingStub.requestVote(RaftServerProtocolServiceGrpc.java:265)
	at org.apache.ratis.grpc.server.GrpcServerProtocolClient.requestVote(GrpcServerProtocolClient.java:99)
	at org.apache.ratis.grpc.server.GrpcService.requestVote(GrpcService.java:204)
	at org.apache.ratis.server.impl.LeaderElection.lambda$submitRequests$1(LeaderElection.java:234)
	at java.util.concurrent.FutureTask.run(FutureTask.java:266)
	at java.util.concurrent.Executors$RunnableAdapter.call(Executors.java:511)
	at java.util.concurrent.FutureTask.run(FutureTask.java:266)
	at java.util.concurrent.ThreadPoolExecutor.runWorker(ThreadPoolExecutor.java:1149)
	at java.util.concurrent.ThreadPoolExecutor$Worker.run(ThreadPoolExecutor.java:624)
	... 1 more
Caused by: org.apache.ratis.thirdparty.io.netty.channel.AbstractChannel$AnnotatedConnectException: Connection refused: /192.168.34.56:44872
	at sun.nio.ch.SocketChannelImpl.checkConnect(Native Method)
	at sun.nio.ch.SocketChannelImpl.finishConnect(SocketChannelImpl.java:717)
	at org.apache.ratis.thirdparty.io.netty.channel.socket.nio.NioSocketChannel.doFinishConnect(NioSocketChannel.java:327)
	at org.apache.ratis.thirdparty.io.netty.channel.nio.AbstractNioChannel$AbstractNioUnsafe.finishConnect(AbstractNioChannel.java:340)
	at org.apache.ratis.thirdparty.io.netty.channel.nio.NioEventLoop.processSelectedKey(NioEventLoop.java:632)
	at org.apache.ratis.thirdparty.io.netty.channel.nio.NioEventLoop.processSelectedKeysOptimized(NioEventLoop.java:579)
	at org.apache.ratis.thirdparty.io.netty.channel.nio.NioEventLoop.processSelectedKeys(NioEventLoop.java:496)
	at org.apache.ratis.thirdparty.io.netty.channel.nio.NioEventLoop.run(NioEventLoop.java:458)
	at org.apache.ratis.thirdparty.io.netty.util.concurrent.SingleThreadEventExecutor$5.run(SingleThreadEventExecutor.java:897)
	at org.apache.ratis.thirdparty.io.netty.util.concurrent.FastThreadLocalRunnable.run(FastThreadLocalRunnable.java:30)
	... 1 more
Caused by: java.net.ConnectException: Connection refused
	... 11 more
2019-10-18 13:02:04,439 [c124d131-afb9-4343-ad4e-aaebde613043@group-FF4202234884-LeaderElection382] INFO  impl.RaftServerImpl (RaftServerImpl.java:setRole(184)) - c124d131-afb9-4343-ad4e-aaebde613043@group-FF4202234884: changes role from CANDIDATE to FOLLOWER at term 215 for DISCOVERED_A_NEW_TERM
2019-10-18 13:02:04,439 [c124d131-afb9-4343-ad4e-aaebde613043@group-FF4202234884-LeaderElection382] INFO  impl.RoleInfo (RoleInfo.java:shutdownLeaderElection(134)) - c124d131-afb9-4343-ad4e-aaebde613043: shutdown LeaderElection
2019-10-18 13:02:04,440 [c124d131-afb9-4343-ad4e-aaebde613043@group-FF4202234884-LeaderElection382] INFO  impl.RoleInfo (RoleInfo.java:updateAndGet(143)) - c124d131-afb9-4343-ad4e-aaebde613043: start FollowerState
2019-10-18 13:02:04,512 [Thread-2948] INFO  impl.FollowerState (FollowerState.java:run(108)) - c124d131-afb9-4343-ad4e-aaebde613043@group-FF4202234884-FollowerState: change to CANDIDATE, lastRpcTime:72ms, electionTimeout:72ms
2019-10-18 13:02:04,512 [Thread-2948] INFO  impl.RoleInfo (RoleInfo.java:shutdownFollowerState(121)) - c124d131-afb9-4343-ad4e-aaebde613043: shutdown FollowerState
2019-10-18 13:02:04,512 [Thread-2948] INFO  impl.RaftServerImpl (RaftServerImpl.java:setRole(184)) - c124d131-afb9-4343-ad4e-aaebde613043@group-FF4202234884: changes role from  FOLLOWER to CANDIDATE at term 215 for changeToCandidate
2019-10-18 13:02:04,512 [Thread-2948] INFO  impl.RoleInfo (RoleInfo.java:updateAndGet(143)) - c124d131-afb9-4343-ad4e-aaebde613043: start LeaderElection
2019-10-18 13:02:04,534 [c124d131-afb9-4343-ad4e-aaebde613043@group-FF4202234884-LeaderElection383] INFO  impl.LeaderElection (LeaderElection.java:askForVotes(178)) - c124d131-afb9-4343-ad4e-aaebde613043@group-FF4202234884-LeaderElection383: begin an election at term 216 for -1: [999343e7-0330-4874-a345-91eca72585e0:192.168.34.56:44872, c124d131-afb9-4343-ad4e-aaebde613043:192.168.34.56:42116, e5bb327f-cdd7-4e49-919e-13a4c895fddf:192.168.34.56:36658], old=null
2019-10-18 13:02:04,534 [c124d131-afb9-4343-ad4e-aaebde613043@group-FF4202234884-LeaderElection383] INFO  impl.LeaderElection (LogUtils.java:infoOrTrace(149)) - c124d131-afb9-4343-ad4e-aaebde613043@group-FF4202234884-LeaderElection383 got exception when requesting votes: {}
java.util.concurrent.ExecutionException: org.apache.ratis.thirdparty.io.grpc.StatusRuntimeException: UNAVAILABLE: io exception
	at java.util.concurrent.FutureTask.report(FutureTask.java:122)
	at java.util.concurrent.FutureTask.get(FutureTask.java:192)
	at org.apache.ratis.server.impl.LeaderElection.waitForResults(LeaderElection.java:259)
	at org.apache.ratis.server.impl.LeaderElection.askForVotes(LeaderElection.java:197)
	at org.apache.ratis.server.impl.LeaderElection.run(LeaderElection.java:133)
	at java.lang.Thread.run(Thread.java:748)
Caused by: org.apache.ratis.thirdparty.io.grpc.StatusRuntimeException: UNAVAILABLE: io exception
	at org.apache.ratis.thirdparty.io.grpc.stub.ClientCalls.toStatusRuntimeException(ClientCalls.java:233)
	at org.apache.ratis.thirdparty.io.grpc.stub.ClientCalls.getUnchecked(ClientCalls.java:214)
	at org.apache.ratis.thirdparty.io.grpc.stub.ClientCalls.blockingUnaryCall(ClientCalls.java:139)
	at org.apache.ratis.proto.grpc.RaftServerProtocolServiceGrpc$RaftServerProtocolServiceBlockingStub.requestVote(RaftServerProtocolServiceGrpc.java:265)
	at org.apache.ratis.grpc.server.GrpcServerProtocolClient.requestVote(GrpcServerProtocolClient.java:99)
	at org.apache.ratis.grpc.server.GrpcService.requestVote(GrpcService.java:204)
	at org.apache.ratis.server.impl.LeaderElection.lambda$submitRequests$1(LeaderElection.java:234)
	at java.util.concurrent.FutureTask.run(FutureTask.java:266)
	at java.util.concurrent.Executors$RunnableAdapter.call(Executors.java:511)
	at java.util.concurrent.FutureTask.run(FutureTask.java:266)
	at java.util.concurrent.ThreadPoolExecutor.runWorker(ThreadPoolExecutor.java:1149)
	at java.util.concurrent.ThreadPoolExecutor$Worker.run(ThreadPoolExecutor.java:624)
	... 1 more
Caused by: org.apache.ratis.thirdparty.io.netty.channel.AbstractChannel$AnnotatedConnectException: Connection refused: /192.168.34.56:36658
	at sun.nio.ch.SocketChannelImpl.checkConnect(Native Method)
	at sun.nio.ch.SocketChannelImpl.finishConnect(SocketChannelImpl.java:717)
	at org.apache.ratis.thirdparty.io.netty.channel.socket.nio.NioSocketChannel.doFinishConnect(NioSocketChannel.java:327)
	at org.apache.ratis.thirdparty.io.netty.channel.nio.AbstractNioChannel$AbstractNioUnsafe.finishConnect(AbstractNioChannel.java:340)
	at org.apache.ratis.thirdparty.io.netty.channel.nio.NioEventLoop.processSelectedKey(NioEventLoop.java:632)
	at org.apache.ratis.thirdparty.io.netty.channel.nio.NioEventLoop.processSelectedKeysOptimized(NioEventLoop.java:579)
	at org.apache.ratis.thirdparty.io.netty.channel.nio.NioEventLoop.processSelectedKeys(NioEventLoop.java:496)
	at org.apache.ratis.thirdparty.io.netty.channel.nio.NioEventLoop.run(NioEventLoop.java:458)
	at org.apache.ratis.thirdparty.io.netty.util.concurrent.SingleThreadEventExecutor$5.run(SingleThreadEventExecutor.java:897)
	at org.apache.ratis.thirdparty.io.netty.util.concurrent.FastThreadLocalRunnable.run(FastThreadLocalRunnable.java:30)
	... 1 more
Caused by: java.net.ConnectException: Connection refused
	... 11 more
2019-10-18 13:02:04,535 [c124d131-afb9-4343-ad4e-aaebde613043@group-FF4202234884-LeaderElection383] INFO  impl.LeaderElection (LogUtils.java:infoOrTrace(149)) - c124d131-afb9-4343-ad4e-aaebde613043@group-FF4202234884-LeaderElection383 got exception when requesting votes: {}
java.util.concurrent.ExecutionException: org.apache.ratis.thirdparty.io.grpc.StatusRuntimeException: UNAVAILABLE: io exception
	at java.util.concurrent.FutureTask.report(FutureTask.java:122)
	at java.util.concurrent.FutureTask.get(FutureTask.java:192)
	at org.apache.ratis.server.impl.LeaderElection.waitForResults(LeaderElection.java:259)
	at org.apache.ratis.server.impl.LeaderElection.askForVotes(LeaderElection.java:197)
	at org.apache.ratis.server.impl.LeaderElection.run(LeaderElection.java:133)
	at java.lang.Thread.run(Thread.java:748)
Caused by: org.apache.ratis.thirdparty.io.grpc.StatusRuntimeException: UNAVAILABLE: io exception
	at org.apache.ratis.thirdparty.io.grpc.stub.ClientCalls.toStatusRuntimeException(ClientCalls.java:233)
	at org.apache.ratis.thirdparty.io.grpc.stub.ClientCalls.getUnchecked(ClientCalls.java:214)
	at org.apache.ratis.thirdparty.io.grpc.stub.ClientCalls.blockingUnaryCall(ClientCalls.java:139)
	at org.apache.ratis.proto.grpc.RaftServerProtocolServiceGrpc$RaftServerProtocolServiceBlockingStub.requestVote(RaftServerProtocolServiceGrpc.java:265)
	at org.apache.ratis.grpc.server.GrpcServerProtocolClient.requestVote(GrpcServerProtocolClient.java:99)
	at org.apache.ratis.grpc.server.GrpcService.requestVote(GrpcService.java:204)
	at org.apache.ratis.server.impl.LeaderElection.lambda$submitRequests$1(LeaderElection.java:234)
	at java.util.concurrent.FutureTask.run(FutureTask.java:266)
	at java.util.concurrent.Executors$RunnableAdapter.call(Executors.java:511)
	at java.util.concurrent.FutureTask.run(FutureTask.java:266)
	at java.util.concurrent.ThreadPoolExecutor.runWorker(ThreadPoolExecutor.java:1149)
	at java.util.concurrent.ThreadPoolExecutor$Worker.run(ThreadPoolExecutor.java:624)
	... 1 more
Caused by: org.apache.ratis.thirdparty.io.netty.channel.AbstractChannel$AnnotatedConnectException: Connection refused: /192.168.34.56:44872
	at sun.nio.ch.SocketChannelImpl.checkConnect(Native Method)
	at sun.nio.ch.SocketChannelImpl.finishConnect(SocketChannelImpl.java:717)
	at org.apache.ratis.thirdparty.io.netty.channel.socket.nio.NioSocketChannel.doFinishConnect(NioSocketChannel.java:327)
	at org.apache.ratis.thirdparty.io.netty.channel.nio.AbstractNioChannel$AbstractNioUnsafe.finishConnect(AbstractNioChannel.java:340)
	at org.apache.ratis.thirdparty.io.netty.channel.nio.NioEventLoop.processSelectedKey(NioEventLoop.java:632)
	at org.apache.ratis.thirdparty.io.netty.channel.nio.NioEventLoop.processSelectedKeysOptimized(NioEventLoop.java:579)
	at org.apache.ratis.thirdparty.io.netty.channel.nio.NioEventLoop.processSelectedKeys(NioEventLoop.java:496)
	at org.apache.ratis.thirdparty.io.netty.channel.nio.NioEventLoop.run(NioEventLoop.java:458)
	at org.apache.ratis.thirdparty.io.netty.util.concurrent.SingleThreadEventExecutor$5.run(SingleThreadEventExecutor.java:897)
	at org.apache.ratis.thirdparty.io.netty.util.concurrent.FastThreadLocalRunnable.run(FastThreadLocalRunnable.java:30)
	... 1 more
Caused by: java.net.ConnectException: Connection refused
	... 11 more
2019-10-18 13:02:04,535 [c124d131-afb9-4343-ad4e-aaebde613043@group-FF4202234884-LeaderElection383] INFO  impl.LeaderElection (LeaderElection.java:logAndReturn(56)) - c124d131-afb9-4343-ad4e-aaebde613043@group-FF4202234884-LeaderElection383: Election REJECTED; received 0 response(s) [] and 2 exception(s); c124d131-afb9-4343-ad4e-aaebde613043@group-FF4202234884:t216, leader=null, voted=c124d131-afb9-4343-ad4e-aaebde613043, raftlog=c124d131-afb9-4343-ad4e-aaebde613043@group-FF4202234884-SegmentedRaftLog:OPENED:c-1,f-1,i0, conf=-1: [999343e7-0330-4874-a345-91eca72585e0:192.168.34.56:44872, c124d131-afb9-4343-ad4e-aaebde613043:192.168.34.56:42116, e5bb327f-cdd7-4e49-919e-13a4c895fddf:192.168.34.56:36658], old=null
2019-10-18 13:02:04,535 [c124d131-afb9-4343-ad4e-aaebde613043@group-FF4202234884-LeaderElection383] INFO  impl.LeaderElection (LogUtils.java:infoOrTrace(149)) -   Exception 0: {}
java.util.concurrent.ExecutionException: org.apache.ratis.thirdparty.io.grpc.StatusRuntimeException: UNAVAILABLE: io exception
	at java.util.concurrent.FutureTask.report(FutureTask.java:122)
	at java.util.concurrent.FutureTask.get(FutureTask.java:192)
	at org.apache.ratis.server.impl.LeaderElection.waitForResults(LeaderElection.java:259)
	at org.apache.ratis.server.impl.LeaderElection.askForVotes(LeaderElection.java:197)
	at org.apache.ratis.server.impl.LeaderElection.run(LeaderElection.java:133)
	at java.lang.Thread.run(Thread.java:748)
Caused by: org.apache.ratis.thirdparty.io.grpc.StatusRuntimeException: UNAVAILABLE: io exception
	at org.apache.ratis.thirdparty.io.grpc.stub.ClientCalls.toStatusRuntimeException(ClientCalls.java:233)
	at org.apache.ratis.thirdparty.io.grpc.stub.ClientCalls.getUnchecked(ClientCalls.java:214)
	at org.apache.ratis.thirdparty.io.grpc.stub.ClientCalls.blockingUnaryCall(ClientCalls.java:139)
	at org.apache.ratis.proto.grpc.RaftServerProtocolServiceGrpc$RaftServerProtocolServiceBlockingStub.requestVote(RaftServerProtocolServiceGrpc.java:265)
	at org.apache.ratis.grpc.server.GrpcServerProtocolClient.requestVote(GrpcServerProtocolClient.java:99)
	at org.apache.ratis.grpc.server.GrpcService.requestVote(GrpcService.java:204)
	at org.apache.ratis.server.impl.LeaderElection.lambda$submitRequests$1(LeaderElection.java:234)
	at java.util.concurrent.FutureTask.run(FutureTask.java:266)
	at java.util.concurrent.Executors$RunnableAdapter.call(Executors.java:511)
	at java.util.concurrent.FutureTask.run(FutureTask.java:266)
	at java.util.concurrent.ThreadPoolExecutor.runWorker(ThreadPoolExecutor.java:1149)
	at java.util.concurrent.ThreadPoolExecutor$Worker.run(ThreadPoolExecutor.java:624)
	... 1 more
Caused by: org.apache.ratis.thirdparty.io.netty.channel.AbstractChannel$AnnotatedConnectException: Connection refused: /192.168.34.56:36658
	at sun.nio.ch.SocketChannelImpl.checkConnect(Native Method)
	at sun.nio.ch.SocketChannelImpl.finishConnect(SocketChannelImpl.java:717)
	at org.apache.ratis.thirdparty.io.netty.channel.socket.nio.NioSocketChannel.doFinishConnect(NioSocketChannel.java:327)
	at org.apache.ratis.thirdparty.io.netty.channel.nio.AbstractNioChannel$AbstractNioUnsafe.finishConnect(AbstractNioChannel.java:340)
	at org.apache.ratis.thirdparty.io.netty.channel.nio.NioEventLoop.processSelectedKey(NioEventLoop.java:632)
	at org.apache.ratis.thirdparty.io.netty.channel.nio.NioEventLoop.processSelectedKeysOptimized(NioEventLoop.java:579)
	at org.apache.ratis.thirdparty.io.netty.channel.nio.NioEventLoop.processSelectedKeys(NioEventLoop.java:496)
	at org.apache.ratis.thirdparty.io.netty.channel.nio.NioEventLoop.run(NioEventLoop.java:458)
	at org.apache.ratis.thirdparty.io.netty.util.concurrent.SingleThreadEventExecutor$5.run(SingleThreadEventExecutor.java:897)
	at org.apache.ratis.thirdparty.io.netty.util.concurrent.FastThreadLocalRunnable.run(FastThreadLocalRunnable.java:30)
	... 1 more
Caused by: java.net.ConnectException: Connection refused
	... 11 more
2019-10-18 13:02:04,536 [c124d131-afb9-4343-ad4e-aaebde613043@group-FF4202234884-LeaderElection383] INFO  impl.LeaderElection (LogUtils.java:infoOrTrace(149)) -   Exception 1: {}
java.util.concurrent.ExecutionException: org.apache.ratis.thirdparty.io.grpc.StatusRuntimeException: UNAVAILABLE: io exception
	at java.util.concurrent.FutureTask.report(FutureTask.java:122)
	at java.util.concurrent.FutureTask.get(FutureTask.java:192)
	at org.apache.ratis.server.impl.LeaderElection.waitForResults(LeaderElection.java:259)
	at org.apache.ratis.server.impl.LeaderElection.askForVotes(LeaderElection.java:197)
	at org.apache.ratis.server.impl.LeaderElection.run(LeaderElection.java:133)
	at java.lang.Thread.run(Thread.java:748)
Caused by: org.apache.ratis.thirdparty.io.grpc.StatusRuntimeException: UNAVAILABLE: io exception
	at org.apache.ratis.thirdparty.io.grpc.stub.ClientCalls.toStatusRuntimeException(ClientCalls.java:233)
	at org.apache.ratis.thirdparty.io.grpc.stub.ClientCalls.getUnchecked(ClientCalls.java:214)
	at org.apache.ratis.thirdparty.io.grpc.stub.ClientCalls.blockingUnaryCall(ClientCalls.java:139)
	at org.apache.ratis.proto.grpc.RaftServerProtocolServiceGrpc$RaftServerProtocolServiceBlockingStub.requestVote(RaftServerProtocolServiceGrpc.java:265)
	at org.apache.ratis.grpc.server.GrpcServerProtocolClient.requestVote(GrpcServerProtocolClient.java:99)
	at org.apache.ratis.grpc.server.GrpcService.requestVote(GrpcService.java:204)
	at org.apache.ratis.server.impl.LeaderElection.lambda$submitRequests$1(LeaderElection.java:234)
	at java.util.concurrent.FutureTask.run(FutureTask.java:266)
	at java.util.concurrent.Executors$RunnableAdapter.call(Executors.java:511)
	at java.util.concurrent.FutureTask.run(FutureTask.java:266)
	at java.util.concurrent.ThreadPoolExecutor.runWorker(ThreadPoolExecutor.java:1149)
	at java.util.concurrent.ThreadPoolExecutor$Worker.run(ThreadPoolExecutor.java:624)
	... 1 more
Caused by: org.apache.ratis.thirdparty.io.netty.channel.AbstractChannel$AnnotatedConnectException: Connection refused: /192.168.34.56:44872
	at sun.nio.ch.SocketChannelImpl.checkConnect(Native Method)
	at sun.nio.ch.SocketChannelImpl.finishConnect(SocketChannelImpl.java:717)
	at org.apache.ratis.thirdparty.io.netty.channel.socket.nio.NioSocketChannel.doFinishConnect(NioSocketChannel.java:327)
	at org.apache.ratis.thirdparty.io.netty.channel.nio.AbstractNioChannel$AbstractNioUnsafe.finishConnect(AbstractNioChannel.java:340)
	at org.apache.ratis.thirdparty.io.netty.channel.nio.NioEventLoop.processSelectedKey(NioEventLoop.java:632)
	at org.apache.ratis.thirdparty.io.netty.channel.nio.NioEventLoop.processSelectedKeysOptimized(NioEventLoop.java:579)
	at org.apache.ratis.thirdparty.io.netty.channel.nio.NioEventLoop.processSelectedKeys(NioEventLoop.java:496)
	at org.apache.ratis.thirdparty.io.netty.channel.nio.NioEventLoop.run(NioEventLoop.java:458)
	at org.apache.ratis.thirdparty.io.netty.util.concurrent.SingleThreadEventExecutor$5.run(SingleThreadEventExecutor.java:897)
	at org.apache.ratis.thirdparty.io.netty.util.concurrent.FastThreadLocalRunnable.run(FastThreadLocalRunnable.java:30)
	... 1 more
Caused by: java.net.ConnectException: Connection refused
	... 11 more
2019-10-18 13:02:04,536 [c124d131-afb9-4343-ad4e-aaebde613043@group-FF4202234884-LeaderElection383] INFO  impl.RaftServerImpl (RaftServerImpl.java:setRole(184)) - c124d131-afb9-4343-ad4e-aaebde613043@group-FF4202234884: changes role from CANDIDATE to FOLLOWER at term 216 for DISCOVERED_A_NEW_TERM
2019-10-18 13:02:04,536 [c124d131-afb9-4343-ad4e-aaebde613043@group-FF4202234884-LeaderElection383] INFO  impl.RoleInfo (RoleInfo.java:shutdownLeaderElection(134)) - c124d131-afb9-4343-ad4e-aaebde613043: shutdown LeaderElection
2019-10-18 13:02:04,536 [c124d131-afb9-4343-ad4e-aaebde613043@group-FF4202234884-LeaderElection383] INFO  impl.RoleInfo (RoleInfo.java:updateAndGet(143)) - c124d131-afb9-4343-ad4e-aaebde613043: start FollowerState
2019-10-18 13:02:04,659 [Thread-2952] INFO  impl.FollowerState (FollowerState.java:run(108)) - c124d131-afb9-4343-ad4e-aaebde613043@group-FF4202234884-FollowerState: change to CANDIDATE, lastRpcTime:123ms, electionTimeout:123ms
2019-10-18 13:02:04,660 [Thread-2952] INFO  impl.RoleInfo (RoleInfo.java:shutdownFollowerState(121)) - c124d131-afb9-4343-ad4e-aaebde613043: shutdown FollowerState
2019-10-18 13:02:04,660 [Thread-2952] INFO  impl.RaftServerImpl (RaftServerImpl.java:setRole(184)) - c124d131-afb9-4343-ad4e-aaebde613043@group-FF4202234884: changes role from  FOLLOWER to CANDIDATE at term 216 for changeToCandidate
2019-10-18 13:02:04,660 [Thread-2952] INFO  impl.RoleInfo (RoleInfo.java:updateAndGet(143)) - c124d131-afb9-4343-ad4e-aaebde613043: start LeaderElection
2019-10-18 13:02:04,666 [c124d131-afb9-4343-ad4e-aaebde613043@group-FF4202234884-LeaderElection384] INFO  impl.LeaderElection (LeaderElection.java:askForVotes(178)) - c124d131-afb9-4343-ad4e-aaebde613043@group-FF4202234884-LeaderElection384: begin an election at term 217 for -1: [999343e7-0330-4874-a345-91eca72585e0:192.168.34.56:44872, c124d131-afb9-4343-ad4e-aaebde613043:192.168.34.56:42116, e5bb327f-cdd7-4e49-919e-13a4c895fddf:192.168.34.56:36658], old=null
2019-10-18 13:02:04,666 [c124d131-afb9-4343-ad4e-aaebde613043@group-FF4202234884-LeaderElection384] INFO  impl.LeaderElection (LogUtils.java:infoOrTrace(149)) - c124d131-afb9-4343-ad4e-aaebde613043@group-FF4202234884-LeaderElection384 got exception when requesting votes: {}
java.util.concurrent.ExecutionException: org.apache.ratis.thirdparty.io.grpc.StatusRuntimeException: UNAVAILABLE: io exception
	at java.util.concurrent.FutureTask.report(FutureTask.java:122)
	at java.util.concurrent.FutureTask.get(FutureTask.java:192)
	at org.apache.ratis.server.impl.LeaderElection.waitForResults(LeaderElection.java:259)
	at org.apache.ratis.server.impl.LeaderElection.askForVotes(LeaderElection.java:197)
	at org.apache.ratis.server.impl.LeaderElection.run(LeaderElection.java:133)
	at java.lang.Thread.run(Thread.java:748)
Caused by: org.apache.ratis.thirdparty.io.grpc.StatusRuntimeException: UNAVAILABLE: io exception
	at org.apache.ratis.thirdparty.io.grpc.stub.ClientCalls.toStatusRuntimeException(ClientCalls.java:233)
	at org.apache.ratis.thirdparty.io.grpc.stub.ClientCalls.getUnchecked(ClientCalls.java:214)
	at org.apache.ratis.thirdparty.io.grpc.stub.ClientCalls.blockingUnaryCall(ClientCalls.java:139)
	at org.apache.ratis.proto.grpc.RaftServerProtocolServiceGrpc$RaftServerProtocolServiceBlockingStub.requestVote(RaftServerProtocolServiceGrpc.java:265)
	at org.apache.ratis.grpc.server.GrpcServerProtocolClient.requestVote(GrpcServerProtocolClient.java:99)
	at org.apache.ratis.grpc.server.GrpcService.requestVote(GrpcService.java:204)
	at org.apache.ratis.server.impl.LeaderElection.lambda$submitRequests$1(LeaderElection.java:234)
	at java.util.concurrent.FutureTask.run(FutureTask.java:266)
	at java.util.concurrent.Executors$RunnableAdapter.call(Executors.java:511)
	at java.util.concurrent.FutureTask.run(FutureTask.java:266)
	at java.util.concurrent.ThreadPoolExecutor.runWorker(ThreadPoolExecutor.java:1149)
	at java.util.concurrent.ThreadPoolExecutor$Worker.run(ThreadPoolExecutor.java:624)
	... 1 more
Caused by: org.apache.ratis.thirdparty.io.netty.channel.AbstractChannel$AnnotatedConnectException: Connection refused: /192.168.34.56:44872
	at sun.nio.ch.SocketChannelImpl.checkConnect(Native Method)
	at sun.nio.ch.SocketChannelImpl.finishConnect(SocketChannelImpl.java:717)
	at org.apache.ratis.thirdparty.io.netty.channel.socket.nio.NioSocketChannel.doFinishConnect(NioSocketChannel.java:327)
	at org.apache.ratis.thirdparty.io.netty.channel.nio.AbstractNioChannel$AbstractNioUnsafe.finishConnect(AbstractNioChannel.java:340)
	at org.apache.ratis.thirdparty.io.netty.channel.nio.NioEventLoop.processSelectedKey(NioEventLoop.java:632)
	at org.apache.ratis.thirdparty.io.netty.channel.nio.NioEventLoop.processSelectedKeysOptimized(NioEventLoop.java:579)
	at org.apache.ratis.thirdparty.io.netty.channel.nio.NioEventLoop.processSelectedKeys(NioEventLoop.java:496)
	at org.apache.ratis.thirdparty.io.netty.channel.nio.NioEventLoop.run(NioEventLoop.java:458)
	at org.apache.ratis.thirdparty.io.netty.util.concurrent.SingleThreadEventExecutor$5.run(SingleThreadEventExecutor.java:897)
	at org.apache.ratis.thirdparty.io.netty.util.concurrent.FastThreadLocalRunnable.run(FastThreadLocalRunnable.java:30)
	... 1 more
Caused by: java.net.ConnectException: Connection refused
	... 11 more
2019-10-18 13:02:04,667 [c124d131-afb9-4343-ad4e-aaebde613043@group-FF4202234884-LeaderElection384] INFO  impl.LeaderElection (LogUtils.java:infoOrTrace(149)) - c124d131-afb9-4343-ad4e-aaebde613043@group-FF4202234884-LeaderElection384 got exception when requesting votes: {}
java.util.concurrent.ExecutionException: org.apache.ratis.thirdparty.io.grpc.StatusRuntimeException: UNAVAILABLE: io exception
	at java.util.concurrent.FutureTask.report(FutureTask.java:122)
	at java.util.concurrent.FutureTask.get(FutureTask.java:192)
	at org.apache.ratis.server.impl.LeaderElection.waitForResults(LeaderElection.java:259)
	at org.apache.ratis.server.impl.LeaderElection.askForVotes(LeaderElection.java:197)
	at org.apache.ratis.server.impl.LeaderElection.run(LeaderElection.java:133)
	at java.lang.Thread.run(Thread.java:748)
Caused by: org.apache.ratis.thirdparty.io.grpc.StatusRuntimeException: UNAVAILABLE: io exception
	at org.apache.ratis.thirdparty.io.grpc.stub.ClientCalls.toStatusRuntimeException(ClientCalls.java:233)
	at org.apache.ratis.thirdparty.io.grpc.stub.ClientCalls.getUnchecked(ClientCalls.java:214)
	at org.apache.ratis.thirdparty.io.grpc.stub.ClientCalls.blockingUnaryCall(ClientCalls.java:139)
	at org.apache.ratis.proto.grpc.RaftServerProtocolServiceGrpc$RaftServerProtocolServiceBlockingStub.requestVote(RaftServerProtocolServiceGrpc.java:265)
	at org.apache.ratis.grpc.server.GrpcServerProtocolClient.requestVote(GrpcServerProtocolClient.java:99)
	at org.apache.ratis.grpc.server.GrpcService.requestVote(GrpcService.java:204)
	at org.apache.ratis.server.impl.LeaderElection.lambda$submitRequests$1(LeaderElection.java:234)
	at java.util.concurrent.FutureTask.run(FutureTask.java:266)
	at java.util.concurrent.Executors$RunnableAdapter.call(Executors.java:511)
	at java.util.concurrent.FutureTask.run(FutureTask.java:266)
	at java.util.concurrent.ThreadPoolExecutor.runWorker(ThreadPoolExecutor.java:1149)
	at java.util.concurrent.ThreadPoolExecutor$Worker.run(ThreadPoolExecutor.java:624)
	... 1 more
Caused by: org.apache.ratis.thirdparty.io.netty.channel.AbstractChannel$AnnotatedConnectException: Connection refused: /192.168.34.56:36658
	at sun.nio.ch.SocketChannelImpl.checkConnect(Native Method)
	at sun.nio.ch.SocketChannelImpl.finishConnect(SocketChannelImpl.java:717)
	at org.apache.ratis.thirdparty.io.netty.channel.socket.nio.NioSocketChannel.doFinishConnect(NioSocketChannel.java:327)
	at org.apache.ratis.thirdparty.io.netty.channel.nio.AbstractNioChannel$AbstractNioUnsafe.finishConnect(AbstractNioChannel.java:340)
	at org.apache.ratis.thirdparty.io.netty.channel.nio.NioEventLoop.processSelectedKey(NioEventLoop.java:632)
	at org.apache.ratis.thirdparty.io.netty.channel.nio.NioEventLoop.processSelectedKeysOptimized(NioEventLoop.java:579)
	at org.apache.ratis.thirdparty.io.netty.channel.nio.NioEventLoop.processSelectedKeys(NioEventLoop.java:496)
	at org.apache.ratis.thirdparty.io.netty.channel.nio.NioEventLoop.run(NioEventLoop.java:458)
	at org.apache.ratis.thirdparty.io.netty.util.concurrent.SingleThreadEventExecutor$5.run(SingleThreadEventExecutor.java:897)
	at org.apache.ratis.thirdparty.io.netty.util.concurrent.FastThreadLocalRunnable.run(FastThreadLocalRunnable.java:30)
	... 1 more
Caused by: java.net.ConnectException: Connection refused
	... 11 more
2019-10-18 13:02:04,667 [c124d131-afb9-4343-ad4e-aaebde613043@group-FF4202234884-LeaderElection384] INFO  impl.LeaderElection (LeaderElection.java:logAndReturn(56)) - c124d131-afb9-4343-ad4e-aaebde613043@group-FF4202234884-LeaderElection384: Election REJECTED; received 0 response(s) [] and 2 exception(s); c124d131-afb9-4343-ad4e-aaebde613043@group-FF4202234884:t217, leader=null, voted=c124d131-afb9-4343-ad4e-aaebde613043, raftlog=c124d131-afb9-4343-ad4e-aaebde613043@group-FF4202234884-SegmentedRaftLog:OPENED:c-1,f-1,i0, conf=-1: [999343e7-0330-4874-a345-91eca72585e0:192.168.34.56:44872, c124d131-afb9-4343-ad4e-aaebde613043:192.168.34.56:42116, e5bb327f-cdd7-4e49-919e-13a4c895fddf:192.168.34.56:36658], old=null
2019-10-18 13:02:04,667 [c124d131-afb9-4343-ad4e-aaebde613043@group-FF4202234884-LeaderElection384] INFO  impl.LeaderElection (LogUtils.java:infoOrTrace(149)) -   Exception 0: {}
java.util.concurrent.ExecutionException: org.apache.ratis.thirdparty.io.grpc.StatusRuntimeException: UNAVAILABLE: io exception
	at java.util.concurrent.FutureTask.report(FutureTask.java:122)
	at java.util.concurrent.FutureTask.get(FutureTask.java:192)
	at org.apache.ratis.server.impl.LeaderElection.waitForResults(LeaderElection.java:259)
	at org.apache.ratis.server.impl.LeaderElection.askForVotes(LeaderElection.java:197)
	at org.apache.ratis.server.impl.LeaderElection.run(LeaderElection.java:133)
	at java.lang.Thread.run(Thread.java:748)
Caused by: org.apache.ratis.thirdparty.io.grpc.StatusRuntimeException: UNAVAILABLE: io exception
	at org.apache.ratis.thirdparty.io.grpc.stub.ClientCalls.toStatusRuntimeException(ClientCalls.java:233)
	at org.apache.ratis.thirdparty.io.grpc.stub.ClientCalls.getUnchecked(ClientCalls.java:214)
	at org.apache.ratis.thirdparty.io.grpc.stub.ClientCalls.blockingUnaryCall(ClientCalls.java:139)
	at org.apache.ratis.proto.grpc.RaftServerProtocolServiceGrpc$RaftServerProtocolServiceBlockingStub.requestVote(RaftServerProtocolServiceGrpc.java:265)
	at org.apache.ratis.grpc.server.GrpcServerProtocolClient.requestVote(GrpcServerProtocolClient.java:99)
	at org.apache.ratis.grpc.server.GrpcService.requestVote(GrpcService.java:204)
	at org.apache.ratis.server.impl.LeaderElection.lambda$submitRequests$1(LeaderElection.java:234)
	at java.util.concurrent.FutureTask.run(FutureTask.java:266)
	at java.util.concurrent.Executors$RunnableAdapter.call(Executors.java:511)
	at java.util.concurrent.FutureTask.run(FutureTask.java:266)
	at java.util.concurrent.ThreadPoolExecutor.runWorker(ThreadPoolExecutor.java:1149)
	at java.util.concurrent.ThreadPoolExecutor$Worker.run(ThreadPoolExecutor.java:624)
	... 1 more
Caused by: org.apache.ratis.thirdparty.io.netty.channel.AbstractChannel$AnnotatedConnectException: Connection refused: /192.168.34.56:44872
	at sun.nio.ch.SocketChannelImpl.checkConnect(Native Method)
	at sun.nio.ch.SocketChannelImpl.finishConnect(SocketChannelImpl.java:717)
	at org.apache.ratis.thirdparty.io.netty.channel.socket.nio.NioSocketChannel.doFinishConnect(NioSocketChannel.java:327)
	at org.apache.ratis.thirdparty.io.netty.channel.nio.AbstractNioChannel$AbstractNioUnsafe.finishConnect(AbstractNioChannel.java:340)
	at org.apache.ratis.thirdparty.io.netty.channel.nio.NioEventLoop.processSelectedKey(NioEventLoop.java:632)
	at org.apache.ratis.thirdparty.io.netty.channel.nio.NioEventLoop.processSelectedKeysOptimized(NioEventLoop.java:579)
	at org.apache.ratis.thirdparty.io.netty.channel.nio.NioEventLoop.processSelectedKeys(NioEventLoop.java:496)
	at org.apache.ratis.thirdparty.io.netty.channel.nio.NioEventLoop.run(NioEventLoop.java:458)
	at org.apache.ratis.thirdparty.io.netty.util.concurrent.SingleThreadEventExecutor$5.run(SingleThreadEventExecutor.java:897)
	at org.apache.ratis.thirdparty.io.netty.util.concurrent.FastThreadLocalRunnable.run(FastThreadLocalRunnable.java:30)
	... 1 more
Caused by: java.net.ConnectException: Connection refused
	... 11 more
2019-10-18 13:02:04,667 [c124d131-afb9-4343-ad4e-aaebde613043@group-FF4202234884-LeaderElection384] INFO  impl.LeaderElection (LogUtils.java:infoOrTrace(149)) -   Exception 1: {}
java.util.concurrent.ExecutionException: org.apache.ratis.thirdparty.io.grpc.StatusRuntimeException: UNAVAILABLE: io exception
	at java.util.concurrent.FutureTask.report(FutureTask.java:122)
	at java.util.concurrent.FutureTask.get(FutureTask.java:192)
	at org.apache.ratis.server.impl.LeaderElection.waitForResults(LeaderElection.java:259)
	at org.apache.ratis.server.impl.LeaderElection.askForVotes(LeaderElection.java:197)
	at org.apache.ratis.server.impl.LeaderElection.run(LeaderElection.java:133)
	at java.lang.Thread.run(Thread.java:748)
Caused by: org.apache.ratis.thirdparty.io.grpc.StatusRuntimeException: UNAVAILABLE: io exception
	at org.apache.ratis.thirdparty.io.grpc.stub.ClientCalls.toStatusRuntimeException(ClientCalls.java:233)
	at org.apache.ratis.thirdparty.io.grpc.stub.ClientCalls.getUnchecked(ClientCalls.java:214)
	at org.apache.ratis.thirdparty.io.grpc.stub.ClientCalls.blockingUnaryCall(ClientCalls.java:139)
	at org.apache.ratis.proto.grpc.RaftServerProtocolServiceGrpc$RaftServerProtocolServiceBlockingStub.requestVote(RaftServerProtocolServiceGrpc.java:265)
	at org.apache.ratis.grpc.server.GrpcServerProtocolClient.requestVote(GrpcServerProtocolClient.java:99)
	at org.apache.ratis.grpc.server.GrpcService.requestVote(GrpcService.java:204)
	at org.apache.ratis.server.impl.LeaderElection.lambda$submitRequests$1(LeaderElection.java:234)
	at java.util.concurrent.FutureTask.run(FutureTask.java:266)
	at java.util.concurrent.Executors$RunnableAdapter.call(Executors.java:511)
	at java.util.concurrent.FutureTask.run(FutureTask.java:266)
	at java.util.concurrent.ThreadPoolExecutor.runWorker(ThreadPoolExecutor.java:1149)
	at java.util.concurrent.ThreadPoolExecutor$Worker.run(ThreadPoolExecutor.java:624)
	... 1 more
Caused by: org.apache.ratis.thirdparty.io.netty.channel.AbstractChannel$AnnotatedConnectException: Connection refused: /192.168.34.56:36658
	at sun.nio.ch.SocketChannelImpl.checkConnect(Native Method)
	at sun.nio.ch.SocketChannelImpl.finishConnect(SocketChannelImpl.java:717)
	at org.apache.ratis.thirdparty.io.netty.channel.socket.nio.NioSocketChannel.doFinishConnect(NioSocketChannel.java:327)
	at org.apache.ratis.thirdparty.io.netty.channel.nio.AbstractNioChannel$AbstractNioUnsafe.finishConnect(AbstractNioChannel.java:340)
	at org.apache.ratis.thirdparty.io.netty.channel.nio.NioEventLoop.processSelectedKey(NioEventLoop.java:632)
	at org.apache.ratis.thirdparty.io.netty.channel.nio.NioEventLoop.processSelectedKeysOptimized(NioEventLoop.java:579)
	at org.apache.ratis.thirdparty.io.netty.channel.nio.NioEventLoop.processSelectedKeys(NioEventLoop.java:496)
	at org.apache.ratis.thirdparty.io.netty.channel.nio.NioEventLoop.run(NioEventLoop.java:458)
	at org.apache.ratis.thirdparty.io.netty.util.concurrent.SingleThreadEventExecutor$5.run(SingleThreadEventExecutor.java:897)
	at org.apache.ratis.thirdparty.io.netty.util.concurrent.FastThreadLocalRunnable.run(FastThreadLocalRunnable.java:30)
	... 1 more
Caused by: java.net.ConnectException: Connection refused
	... 11 more
2019-10-18 13:02:04,667 [c124d131-afb9-4343-ad4e-aaebde613043@group-FF4202234884-LeaderElection384] INFO  impl.RaftServerImpl (RaftServerImpl.java:setRole(184)) - c124d131-afb9-4343-ad4e-aaebde613043@group-FF4202234884: changes role from CANDIDATE to FOLLOWER at term 217 for DISCOVERED_A_NEW_TERM
2019-10-18 13:02:04,668 [c124d131-afb9-4343-ad4e-aaebde613043@group-FF4202234884-LeaderElection384] INFO  impl.RoleInfo (RoleInfo.java:shutdownLeaderElection(134)) - c124d131-afb9-4343-ad4e-aaebde613043: shutdown LeaderElection
2019-10-18 13:02:04,668 [c124d131-afb9-4343-ad4e-aaebde613043@group-FF4202234884-LeaderElection384] INFO  impl.RoleInfo (RoleInfo.java:updateAndGet(143)) - c124d131-afb9-4343-ad4e-aaebde613043: start FollowerState
2019-10-18 13:02:04,693 [java.util.concurrent.ThreadPoolExecutor$Worker@7a2507ec[State = -1, empty queue]] WARN  server.GrpcLogAppender (GrpcLogAppender.java:timeoutAppendRequest(209)) - 17618ccc-f51c-4f14-92cf-842ef2c05e35@group-08BD6F798C58->32d97539-eb73-46c6-a759-05f11ff00f4c-GrpcLogAppender: appendEntries Timeout, request=17618ccc-f51c-4f14-92cf-842ef2c05e35->32d97539-eb73-46c6-a759-05f11ff00f4c#93-t10, previous=(t:10, i:19), leaderCommit=19, initializing? false, entries: <empty>
2019-10-18 13:02:04,729 [java.util.concurrent.ThreadPoolExecutor$Worker@b7e5976[State = -1, empty queue]] WARN  server.GrpcLogAppender (GrpcLogAppender.java:timeoutAppendRequest(209)) - 17618ccc-f51c-4f14-92cf-842ef2c05e35@group-08BD6F798C58->896cef04-248b-470f-8c5c-c9acb81bb157-GrpcLogAppender: appendEntries Timeout, request=17618ccc-f51c-4f14-92cf-842ef2c05e35->896cef04-248b-470f-8c5c-c9acb81bb157#95-t10, previous=(t:10, i:19), leaderCommit=19, initializing? false, entries: <empty>
2019-10-18 13:02:04,798 [Thread-2956] INFO  impl.FollowerState (FollowerState.java:run(108)) - c124d131-afb9-4343-ad4e-aaebde613043@group-FF4202234884-FollowerState: change to CANDIDATE, lastRpcTime:130ms, electionTimeout:130ms
2019-10-18 13:02:04,798 [Thread-2956] INFO  impl.RoleInfo (RoleInfo.java:shutdownFollowerState(121)) - c124d131-afb9-4343-ad4e-aaebde613043: shutdown FollowerState
2019-10-18 13:02:04,798 [Thread-2956] INFO  impl.RaftServerImpl (RaftServerImpl.java:setRole(184)) - c124d131-afb9-4343-ad4e-aaebde613043@group-FF4202234884: changes role from  FOLLOWER to CANDIDATE at term 217 for changeToCandidate
2019-10-18 13:02:04,799 [Thread-2956] INFO  impl.RoleInfo (RoleInfo.java:updateAndGet(143)) - c124d131-afb9-4343-ad4e-aaebde613043: start LeaderElection
2019-10-18 13:02:04,826 [c124d131-afb9-4343-ad4e-aaebde613043@group-FF4202234884-LeaderElection385] INFO  impl.LeaderElection (LeaderElection.java:askForVotes(178)) - c124d131-afb9-4343-ad4e-aaebde613043@group-FF4202234884-LeaderElection385: begin an election at term 218 for -1: [999343e7-0330-4874-a345-91eca72585e0:192.168.34.56:44872, c124d131-afb9-4343-ad4e-aaebde613043:192.168.34.56:42116, e5bb327f-cdd7-4e49-919e-13a4c895fddf:192.168.34.56:36658], old=null
2019-10-18 13:02:04,827 [c124d131-afb9-4343-ad4e-aaebde613043@group-FF4202234884-LeaderElection385] INFO  impl.LeaderElection (LogUtils.java:infoOrTrace(149)) - c124d131-afb9-4343-ad4e-aaebde613043@group-FF4202234884-LeaderElection385 got exception when requesting votes: {}
java.util.concurrent.ExecutionException: org.apache.ratis.thirdparty.io.grpc.StatusRuntimeException: UNAVAILABLE: io exception
	at java.util.concurrent.FutureTask.report(FutureTask.java:122)
	at java.util.concurrent.FutureTask.get(FutureTask.java:192)
	at org.apache.ratis.server.impl.LeaderElection.waitForResults(LeaderElection.java:259)
	at org.apache.ratis.server.impl.LeaderElection.askForVotes(LeaderElection.java:197)
	at org.apache.ratis.server.impl.LeaderElection.run(LeaderElection.java:133)
	at java.lang.Thread.run(Thread.java:748)
Caused by: org.apache.ratis.thirdparty.io.grpc.StatusRuntimeException: UNAVAILABLE: io exception
	at org.apache.ratis.thirdparty.io.grpc.stub.ClientCalls.toStatusRuntimeException(ClientCalls.java:233)
	at org.apache.ratis.thirdparty.io.grpc.stub.ClientCalls.getUnchecked(ClientCalls.java:214)
	at org.apache.ratis.thirdparty.io.grpc.stub.ClientCalls.blockingUnaryCall(ClientCalls.java:139)
	at org.apache.ratis.proto.grpc.RaftServerProtocolServiceGrpc$RaftServerProtocolServiceBlockingStub.requestVote(RaftServerProtocolServiceGrpc.java:265)
	at org.apache.ratis.grpc.server.GrpcServerProtocolClient.requestVote(GrpcServerProtocolClient.java:99)
	at org.apache.ratis.grpc.server.GrpcService.requestVote(GrpcService.java:204)
	at org.apache.ratis.server.impl.LeaderElection.lambda$submitRequests$1(LeaderElection.java:234)
	at java.util.concurrent.FutureTask.run(FutureTask.java:266)
	at java.util.concurrent.Executors$RunnableAdapter.call(Executors.java:511)
	at java.util.concurrent.FutureTask.run(FutureTask.java:266)
	at java.util.concurrent.ThreadPoolExecutor.runWorker(ThreadPoolExecutor.java:1149)
	at java.util.concurrent.ThreadPoolExecutor$Worker.run(ThreadPoolExecutor.java:624)
	... 1 more
Caused by: org.apache.ratis.thirdparty.io.netty.channel.AbstractChannel$AnnotatedConnectException: Connection refused: /192.168.34.56:44872
	at sun.nio.ch.SocketChannelImpl.checkConnect(Native Method)
	at sun.nio.ch.SocketChannelImpl.finishConnect(SocketChannelImpl.java:717)
	at org.apache.ratis.thirdparty.io.netty.channel.socket.nio.NioSocketChannel.doFinishConnect(NioSocketChannel.java:327)
	at org.apache.ratis.thirdparty.io.netty.channel.nio.AbstractNioChannel$AbstractNioUnsafe.finishConnect(AbstractNioChannel.java:340)
	at org.apache.ratis.thirdparty.io.netty.channel.nio.NioEventLoop.processSelectedKey(NioEventLoop.java:632)
	at org.apache.ratis.thirdparty.io.netty.channel.nio.NioEventLoop.processSelectedKeysOptimized(NioEventLoop.java:579)
	at org.apache.ratis.thirdparty.io.netty.channel.nio.NioEventLoop.processSelectedKeys(NioEventLoop.java:496)
	at org.apache.ratis.thirdparty.io.netty.channel.nio.NioEventLoop.run(NioEventLoop.java:458)
	at org.apache.ratis.thirdparty.io.netty.util.concurrent.SingleThreadEventExecutor$5.run(SingleThreadEventExecutor.java:897)
	at org.apache.ratis.thirdparty.io.netty.util.concurrent.FastThreadLocalRunnable.run(FastThreadLocalRunnable.java:30)
	... 1 more
Caused by: java.net.ConnectException: Connection refused
	... 11 more
2019-10-18 13:02:04,828 [c124d131-afb9-4343-ad4e-aaebde613043@group-FF4202234884-LeaderElection385] INFO  impl.LeaderElection (LogUtils.java:infoOrTrace(149)) - c124d131-afb9-4343-ad4e-aaebde613043@group-FF4202234884-LeaderElection385 got exception when requesting votes: {}
java.util.concurrent.ExecutionException: org.apache.ratis.thirdparty.io.grpc.StatusRuntimeException: UNAVAILABLE: io exception
	at java.util.concurrent.FutureTask.report(FutureTask.java:122)
	at java.util.concurrent.FutureTask.get(FutureTask.java:192)
	at org.apache.ratis.server.impl.LeaderElection.waitForResults(LeaderElection.java:259)
	at org.apache.ratis.server.impl.LeaderElection.askForVotes(LeaderElection.java:197)
	at org.apache.ratis.server.impl.LeaderElection.run(LeaderElection.java:133)
	at java.lang.Thread.run(Thread.java:748)
Caused by: org.apache.ratis.thirdparty.io.grpc.StatusRuntimeException: UNAVAILABLE: io exception
	at org.apache.ratis.thirdparty.io.grpc.stub.ClientCalls.toStatusRuntimeException(ClientCalls.java:233)
	at org.apache.ratis.thirdparty.io.grpc.stub.ClientCalls.getUnchecked(ClientCalls.java:214)
	at org.apache.ratis.thirdparty.io.grpc.stub.ClientCalls.blockingUnaryCall(ClientCalls.java:139)
	at org.apache.ratis.proto.grpc.RaftServerProtocolServiceGrpc$RaftServerProtocolServiceBlockingStub.requestVote(RaftServerProtocolServiceGrpc.java:265)
	at org.apache.ratis.grpc.server.GrpcServerProtocolClient.requestVote(GrpcServerProtocolClient.java:99)
	at org.apache.ratis.grpc.server.GrpcService.requestVote(GrpcService.java:204)
	at org.apache.ratis.server.impl.LeaderElection.lambda$submitRequests$1(LeaderElection.java:234)
	at java.util.concurrent.FutureTask.run(FutureTask.java:266)
	at java.util.concurrent.Executors$RunnableAdapter.call(Executors.java:511)
	at java.util.concurrent.FutureTask.run(FutureTask.java:266)
	at java.util.concurrent.ThreadPoolExecutor.runWorker(ThreadPoolExecutor.java:1149)
	at java.util.concurrent.ThreadPoolExecutor$Worker.run(ThreadPoolExecutor.java:624)
	... 1 more
Caused by: org.apache.ratis.thirdparty.io.netty.channel.AbstractChannel$AnnotatedConnectException: Connection refused: /192.168.34.56:36658
	at sun.nio.ch.SocketChannelImpl.checkConnect(Native Method)
	at sun.nio.ch.SocketChannelImpl.finishConnect(SocketChannelImpl.java:717)
	at org.apache.ratis.thirdparty.io.netty.channel.socket.nio.NioSocketChannel.doFinishConnect(NioSocketChannel.java:327)
	at org.apache.ratis.thirdparty.io.netty.channel.nio.AbstractNioChannel$AbstractNioUnsafe.finishConnect(AbstractNioChannel.java:340)
	at org.apache.ratis.thirdparty.io.netty.channel.nio.NioEventLoop.processSelectedKey(NioEventLoop.java:632)
	at org.apache.ratis.thirdparty.io.netty.channel.nio.NioEventLoop.processSelectedKeysOptimized(NioEventLoop.java:579)
	at org.apache.ratis.thirdparty.io.netty.channel.nio.NioEventLoop.processSelectedKeys(NioEventLoop.java:496)
	at org.apache.ratis.thirdparty.io.netty.channel.nio.NioEventLoop.run(NioEventLoop.java:458)
	at org.apache.ratis.thirdparty.io.netty.util.concurrent.SingleThreadEventExecutor$5.run(SingleThreadEventExecutor.java:897)
	at org.apache.ratis.thirdparty.io.netty.util.concurrent.FastThreadLocalRunnable.run(FastThreadLocalRunnable.java:30)
	... 1 more
Caused by: java.net.ConnectException: Connection refused
	... 11 more
2019-10-18 13:02:04,828 [c124d131-afb9-4343-ad4e-aaebde613043@group-FF4202234884-LeaderElection385] INFO  impl.LeaderElection (LeaderElection.java:logAndReturn(56)) - c124d131-afb9-4343-ad4e-aaebde613043@group-FF4202234884-LeaderElection385: Election REJECTED; received 0 response(s) [] and 2 exception(s); c124d131-afb9-4343-ad4e-aaebde613043@group-FF4202234884:t218, leader=null, voted=c124d131-afb9-4343-ad4e-aaebde613043, raftlog=c124d131-afb9-4343-ad4e-aaebde613043@group-FF4202234884-SegmentedRaftLog:OPENED:c-1,f-1,i0, conf=-1: [999343e7-0330-4874-a345-91eca72585e0:192.168.34.56:44872, c124d131-afb9-4343-ad4e-aaebde613043:192.168.34.56:42116, e5bb327f-cdd7-4e49-919e-13a4c895fddf:192.168.34.56:36658], old=null
2019-10-18 13:02:04,828 [c124d131-afb9-4343-ad4e-aaebde613043@group-FF4202234884-LeaderElection385] INFO  impl.LeaderElection (LogUtils.java:infoOrTrace(149)) -   Exception 0: {}
java.util.concurrent.ExecutionException: org.apache.ratis.thirdparty.io.grpc.StatusRuntimeException: UNAVAILABLE: io exception
	at java.util.concurrent.FutureTask.report(FutureTask.java:122)
	at java.util.concurrent.FutureTask.get(FutureTask.java:192)
	at org.apache.ratis.server.impl.LeaderElection.waitForResults(LeaderElection.java:259)
	at org.apache.ratis.server.impl.LeaderElection.askForVotes(LeaderElection.java:197)
	at org.apache.ratis.server.impl.LeaderElection.run(LeaderElection.java:133)
	at java.lang.Thread.run(Thread.java:748)
Caused by: org.apache.ratis.thirdparty.io.grpc.StatusRuntimeException: UNAVAILABLE: io exception
	at org.apache.ratis.thirdparty.io.grpc.stub.ClientCalls.toStatusRuntimeException(ClientCalls.java:233)
	at org.apache.ratis.thirdparty.io.grpc.stub.ClientCalls.getUnchecked(ClientCalls.java:214)
	at org.apache.ratis.thirdparty.io.grpc.stub.ClientCalls.blockingUnaryCall(ClientCalls.java:139)
	at org.apache.ratis.proto.grpc.RaftServerProtocolServiceGrpc$RaftServerProtocolServiceBlockingStub.requestVote(RaftServerProtocolServiceGrpc.java:265)
	at org.apache.ratis.grpc.server.GrpcServerProtocolClient.requestVote(GrpcServerProtocolClient.java:99)
	at org.apache.ratis.grpc.server.GrpcService.requestVote(GrpcService.java:204)
	at org.apache.ratis.server.impl.LeaderElection.lambda$submitRequests$1(LeaderElection.java:234)
	at java.util.concurrent.FutureTask.run(FutureTask.java:266)
	at java.util.concurrent.Executors$RunnableAdapter.call(Executors.java:511)
	at java.util.concurrent.FutureTask.run(FutureTask.java:266)
	at java.util.concurrent.ThreadPoolExecutor.runWorker(ThreadPoolExecutor.java:1149)
	at java.util.concurrent.ThreadPoolExecutor$Worker.run(ThreadPoolExecutor.java:624)
	... 1 more
Caused by: org.apache.ratis.thirdparty.io.netty.channel.AbstractChannel$AnnotatedConnectException: Connection refused: /192.168.34.56:44872
	at sun.nio.ch.SocketChannelImpl.checkConnect(Native Method)
	at sun.nio.ch.SocketChannelImpl.finishConnect(SocketChannelImpl.java:717)
	at org.apache.ratis.thirdparty.io.netty.channel.socket.nio.NioSocketChannel.doFinishConnect(NioSocketChannel.java:327)
	at org.apache.ratis.thirdparty.io.netty.channel.nio.AbstractNioChannel$AbstractNioUnsafe.finishConnect(AbstractNioChannel.java:340)
	at org.apache.ratis.thirdparty.io.netty.channel.nio.NioEventLoop.processSelectedKey(NioEventLoop.java:632)
	at org.apache.ratis.thirdparty.io.netty.channel.nio.NioEventLoop.processSelectedKeysOptimized(NioEventLoop.java:579)
	at org.apache.ratis.thirdparty.io.netty.channel.nio.NioEventLoop.processSelectedKeys(NioEventLoop.java:496)
	at org.apache.ratis.thirdparty.io.netty.channel.nio.NioEventLoop.run(NioEventLoop.java:458)
	at org.apache.ratis.thirdparty.io.netty.util.concurrent.SingleThreadEventExecutor$5.run(SingleThreadEventExecutor.java:897)
	at org.apache.ratis.thirdparty.io.netty.util.concurrent.FastThreadLocalRunnable.run(FastThreadLocalRunnable.java:30)
	... 1 more
Caused by: java.net.ConnectException: Connection refused
	... 11 more
2019-10-18 13:02:04,828 [c124d131-afb9-4343-ad4e-aaebde613043@group-FF4202234884-LeaderElection385] INFO  impl.LeaderElection (LogUtils.java:infoOrTrace(149)) -   Exception 1: {}
java.util.concurrent.ExecutionException: org.apache.ratis.thirdparty.io.grpc.StatusRuntimeException: UNAVAILABLE: io exception
	at java.util.concurrent.FutureTask.report(FutureTask.java:122)
	at java.util.concurrent.FutureTask.get(FutureTask.java:192)
	at org.apache.ratis.server.impl.LeaderElection.waitForResults(LeaderElection.java:259)
	at org.apache.ratis.server.impl.LeaderElection.askForVotes(LeaderElection.java:197)
	at org.apache.ratis.server.impl.LeaderElection.run(LeaderElection.java:133)
	at java.lang.Thread.run(Thread.java:748)
Caused by: org.apache.ratis.thirdparty.io.grpc.StatusRuntimeException: UNAVAILABLE: io exception
	at org.apache.ratis.thirdparty.io.grpc.stub.ClientCalls.toStatusRuntimeException(ClientCalls.java:233)
	at org.apache.ratis.thirdparty.io.grpc.stub.ClientCalls.getUnchecked(ClientCalls.java:214)
	at org.apache.ratis.thirdparty.io.grpc.stub.ClientCalls.blockingUnaryCall(ClientCalls.java:139)
	at org.apache.ratis.proto.grpc.RaftServerProtocolServiceGrpc$RaftServerProtocolServiceBlockingStub.requestVote(RaftServerProtocolServiceGrpc.java:265)
	at org.apache.ratis.grpc.server.GrpcServerProtocolClient.requestVote(GrpcServerProtocolClient.java:99)
	at org.apache.ratis.grpc.server.GrpcService.requestVote(GrpcService.java:204)
	at org.apache.ratis.server.impl.LeaderElection.lambda$submitRequests$1(LeaderElection.java:234)
	at java.util.concurrent.FutureTask.run(FutureTask.java:266)
	at java.util.concurrent.Executors$RunnableAdapter.call(Executors.java:511)
	at java.util.concurrent.FutureTask.run(FutureTask.java:266)
	at java.util.concurrent.ThreadPoolExecutor.runWorker(ThreadPoolExecutor.java:1149)
	at java.util.concurrent.ThreadPoolExecutor$Worker.run(ThreadPoolExecutor.java:624)
	... 1 more
Caused by: org.apache.ratis.thirdparty.io.netty.channel.AbstractChannel$AnnotatedConnectException: Connection refused: /192.168.34.56:36658
	at sun.nio.ch.SocketChannelImpl.checkConnect(Native Method)
	at sun.nio.ch.SocketChannelImpl.finishConnect(SocketChannelImpl.java:717)
	at org.apache.ratis.thirdparty.io.netty.channel.socket.nio.NioSocketChannel.doFinishConnect(NioSocketChannel.java:327)
	at org.apache.ratis.thirdparty.io.netty.channel.nio.AbstractNioChannel$AbstractNioUnsafe.finishConnect(AbstractNioChannel.java:340)
	at org.apache.ratis.thirdparty.io.netty.channel.nio.NioEventLoop.processSelectedKey(NioEventLoop.java:632)
	at org.apache.ratis.thirdparty.io.netty.channel.nio.NioEventLoop.processSelectedKeysOptimized(NioEventLoop.java:579)
	at org.apache.ratis.thirdparty.io.netty.channel.nio.NioEventLoop.processSelectedKeys(NioEventLoop.java:496)
	at org.apache.ratis.thirdparty.io.netty.channel.nio.NioEventLoop.run(NioEventLoop.java:458)
	at org.apache.ratis.thirdparty.io.netty.util.concurrent.SingleThreadEventExecutor$5.run(SingleThreadEventExecutor.java:897)
	at org.apache.ratis.thirdparty.io.netty.util.concurrent.FastThreadLocalRunnable.run(FastThreadLocalRunnable.java:30)
	... 1 more
Caused by: java.net.ConnectException: Connection refused
	... 11 more
2019-10-18 13:02:04,829 [c124d131-afb9-4343-ad4e-aaebde613043@group-FF4202234884-LeaderElection385] INFO  impl.RaftServerImpl (RaftServerImpl.java:setRole(184)) - c124d131-afb9-4343-ad4e-aaebde613043@group-FF4202234884: changes role from CANDIDATE to FOLLOWER at term 218 for DISCOVERED_A_NEW_TERM
2019-10-18 13:02:04,829 [c124d131-afb9-4343-ad4e-aaebde613043@group-FF4202234884-LeaderElection385] INFO  impl.RoleInfo (RoleInfo.java:shutdownLeaderElection(134)) - c124d131-afb9-4343-ad4e-aaebde613043: shutdown LeaderElection
2019-10-18 13:02:04,829 [c124d131-afb9-4343-ad4e-aaebde613043@group-FF4202234884-LeaderElection385] INFO  impl.RoleInfo (RoleInfo.java:updateAndGet(143)) - c124d131-afb9-4343-ad4e-aaebde613043: start FollowerState
2019-10-18 13:02:04,846 [Thread-2960] INFO  impl.FollowerState (FollowerState.java:run(108)) - c124d131-afb9-4343-ad4e-aaebde613043@group-FF4202234884-FollowerState: change to CANDIDATE, lastRpcTime:17ms, electionTimeout:17ms
2019-10-18 13:02:04,846 [Thread-2960] INFO  impl.RoleInfo (RoleInfo.java:shutdownFollowerState(121)) - c124d131-afb9-4343-ad4e-aaebde613043: shutdown FollowerState
2019-10-18 13:02:04,847 [Thread-2960] INFO  impl.RaftServerImpl (RaftServerImpl.java:setRole(184)) - c124d131-afb9-4343-ad4e-aaebde613043@group-FF4202234884: changes role from  FOLLOWER to CANDIDATE at term 218 for changeToCandidate
2019-10-18 13:02:04,847 [Thread-2960] INFO  impl.RoleInfo (RoleInfo.java:updateAndGet(143)) - c124d131-afb9-4343-ad4e-aaebde613043: start LeaderElection
2019-10-18 13:02:04,870 [c124d131-afb9-4343-ad4e-aaebde613043@group-FF4202234884-LeaderElection386] INFO  impl.LeaderElection (LeaderElection.java:askForVotes(178)) - c124d131-afb9-4343-ad4e-aaebde613043@group-FF4202234884-LeaderElection386: begin an election at term 219 for -1: [999343e7-0330-4874-a345-91eca72585e0:192.168.34.56:44872, c124d131-afb9-4343-ad4e-aaebde613043:192.168.34.56:42116, e5bb327f-cdd7-4e49-919e-13a4c895fddf:192.168.34.56:36658], old=null
2019-10-18 13:02:04,871 [c124d131-afb9-4343-ad4e-aaebde613043@group-FF4202234884-LeaderElection386] INFO  impl.LeaderElection (LogUtils.java:infoOrTrace(149)) - c124d131-afb9-4343-ad4e-aaebde613043@group-FF4202234884-LeaderElection386 got exception when requesting votes: {}
java.util.concurrent.ExecutionException: org.apache.ratis.thirdparty.io.grpc.StatusRuntimeException: UNAVAILABLE: io exception
	at java.util.concurrent.FutureTask.report(FutureTask.java:122)
	at java.util.concurrent.FutureTask.get(FutureTask.java:192)
	at org.apache.ratis.server.impl.LeaderElection.waitForResults(LeaderElection.java:259)
	at org.apache.ratis.server.impl.LeaderElection.askForVotes(LeaderElection.java:197)
	at org.apache.ratis.server.impl.LeaderElection.run(LeaderElection.java:133)
	at java.lang.Thread.run(Thread.java:748)
Caused by: org.apache.ratis.thirdparty.io.grpc.StatusRuntimeException: UNAVAILABLE: io exception
	at org.apache.ratis.thirdparty.io.grpc.stub.ClientCalls.toStatusRuntimeException(ClientCalls.java:233)
	at org.apache.ratis.thirdparty.io.grpc.stub.ClientCalls.getUnchecked(ClientCalls.java:214)
	at org.apache.ratis.thirdparty.io.grpc.stub.ClientCalls.blockingUnaryCall(ClientCalls.java:139)
	at org.apache.ratis.proto.grpc.RaftServerProtocolServiceGrpc$RaftServerProtocolServiceBlockingStub.requestVote(RaftServerProtocolServiceGrpc.java:265)
	at org.apache.ratis.grpc.server.GrpcServerProtocolClient.requestVote(GrpcServerProtocolClient.java:99)
	at org.apache.ratis.grpc.server.GrpcService.requestVote(GrpcService.java:204)
	at org.apache.ratis.server.impl.LeaderElection.lambda$submitRequests$1(LeaderElection.java:234)
	at java.util.concurrent.FutureTask.run(FutureTask.java:266)
	at java.util.concurrent.Executors$RunnableAdapter.call(Executors.java:511)
	at java.util.concurrent.FutureTask.run(FutureTask.java:266)
	at java.util.concurrent.ThreadPoolExecutor.runWorker(ThreadPoolExecutor.java:1149)
	at java.util.concurrent.ThreadPoolExecutor$Worker.run(ThreadPoolExecutor.java:624)
	... 1 more
Caused by: org.apache.ratis.thirdparty.io.netty.channel.AbstractChannel$AnnotatedConnectException: Connection refused: /192.168.34.56:44872
	at sun.nio.ch.SocketChannelImpl.checkConnect(Native Method)
	at sun.nio.ch.SocketChannelImpl.finishConnect(SocketChannelImpl.java:717)
	at org.apache.ratis.thirdparty.io.netty.channel.socket.nio.NioSocketChannel.doFinishConnect(NioSocketChannel.java:327)
	at org.apache.ratis.thirdparty.io.netty.channel.nio.AbstractNioChannel$AbstractNioUnsafe.finishConnect(AbstractNioChannel.java:340)
	at org.apache.ratis.thirdparty.io.netty.channel.nio.NioEventLoop.processSelectedKey(NioEventLoop.java:632)
	at org.apache.ratis.thirdparty.io.netty.channel.nio.NioEventLoop.processSelectedKeysOptimized(NioEventLoop.java:579)
	at org.apache.ratis.thirdparty.io.netty.channel.nio.NioEventLoop.processSelectedKeys(NioEventLoop.java:496)
	at org.apache.ratis.thirdparty.io.netty.channel.nio.NioEventLoop.run(NioEventLoop.java:458)
	at org.apache.ratis.thirdparty.io.netty.util.concurrent.SingleThreadEventExecutor$5.run(SingleThreadEventExecutor.java:897)
	at org.apache.ratis.thirdparty.io.netty.util.concurrent.FastThreadLocalRunnable.run(FastThreadLocalRunnable.java:30)
	... 1 more
Caused by: java.net.ConnectException: Connection refused
	... 11 more
2019-10-18 13:02:04,871 [c124d131-afb9-4343-ad4e-aaebde613043@group-FF4202234884-LeaderElection386] INFO  impl.LeaderElection (LogUtils.java:infoOrTrace(149)) - c124d131-afb9-4343-ad4e-aaebde613043@group-FF4202234884-LeaderElection386 got exception when requesting votes: {}
java.util.concurrent.ExecutionException: org.apache.ratis.thirdparty.io.grpc.StatusRuntimeException: UNAVAILABLE: io exception
	at java.util.concurrent.FutureTask.report(FutureTask.java:122)
	at java.util.concurrent.FutureTask.get(FutureTask.java:192)
	at org.apache.ratis.server.impl.LeaderElection.waitForResults(LeaderElection.java:259)
	at org.apache.ratis.server.impl.LeaderElection.askForVotes(LeaderElection.java:197)
	at org.apache.ratis.server.impl.LeaderElection.run(LeaderElection.java:133)
	at java.lang.Thread.run(Thread.java:748)
Caused by: org.apache.ratis.thirdparty.io.grpc.StatusRuntimeException: UNAVAILABLE: io exception
	at org.apache.ratis.thirdparty.io.grpc.stub.ClientCalls.toStatusRuntimeException(ClientCalls.java:233)
	at org.apache.ratis.thirdparty.io.grpc.stub.ClientCalls.getUnchecked(ClientCalls.java:214)
	at org.apache.ratis.thirdparty.io.grpc.stub.ClientCalls.blockingUnaryCall(ClientCalls.java:139)
	at org.apache.ratis.proto.grpc.RaftServerProtocolServiceGrpc$RaftServerProtocolServiceBlockingStub.requestVote(RaftServerProtocolServiceGrpc.java:265)
	at org.apache.ratis.grpc.server.GrpcServerProtocolClient.requestVote(GrpcServerProtocolClient.java:99)
	at org.apache.ratis.grpc.server.GrpcService.requestVote(GrpcService.java:204)
	at org.apache.ratis.server.impl.LeaderElection.lambda$submitRequests$1(LeaderElection.java:234)
	at java.util.concurrent.FutureTask.run(FutureTask.java:266)
	at java.util.concurrent.Executors$RunnableAdapter.call(Executors.java:511)
	at java.util.concurrent.FutureTask.run(FutureTask.java:266)
	at java.util.concurrent.ThreadPoolExecutor.runWorker(ThreadPoolExecutor.java:1149)
	at java.util.concurrent.ThreadPoolExecutor$Worker.run(ThreadPoolExecutor.java:624)
	... 1 more
Caused by: org.apache.ratis.thirdparty.io.netty.channel.AbstractChannel$AnnotatedConnectException: Connection refused: /192.168.34.56:36658
	at sun.nio.ch.SocketChannelImpl.checkConnect(Native Method)
	at sun.nio.ch.SocketChannelImpl.finishConnect(SocketChannelImpl.java:717)
	at org.apache.ratis.thirdparty.io.netty.channel.socket.nio.NioSocketChannel.doFinishConnect(NioSocketChannel.java:327)
	at org.apache.ratis.thirdparty.io.netty.channel.nio.AbstractNioChannel$AbstractNioUnsafe.finishConnect(AbstractNioChannel.java:340)
	at org.apache.ratis.thirdparty.io.netty.channel.nio.NioEventLoop.processSelectedKey(NioEventLoop.java:632)
	at org.apache.ratis.thirdparty.io.netty.channel.nio.NioEventLoop.processSelectedKeysOptimized(NioEventLoop.java:579)
	at org.apache.ratis.thirdparty.io.netty.channel.nio.NioEventLoop.processSelectedKeys(NioEventLoop.java:496)
	at org.apache.ratis.thirdparty.io.netty.channel.nio.NioEventLoop.run(NioEventLoop.java:458)
	at org.apache.ratis.thirdparty.io.netty.util.concurrent.SingleThreadEventExecutor$5.run(SingleThreadEventExecutor.java:897)
	at org.apache.ratis.thirdparty.io.netty.util.concurrent.FastThreadLocalRunnable.run(FastThreadLocalRunnable.java:30)
	... 1 more
Caused by: java.net.ConnectException: Connection refused
	... 11 more
2019-10-18 13:02:04,872 [c124d131-afb9-4343-ad4e-aaebde613043@group-FF4202234884-LeaderElection386] INFO  impl.LeaderElection (LeaderElection.java:logAndReturn(56)) - c124d131-afb9-4343-ad4e-aaebde613043@group-FF4202234884-LeaderElection386: Election REJECTED; received 0 response(s) [] and 2 exception(s); c124d131-afb9-4343-ad4e-aaebde613043@group-FF4202234884:t219, leader=null, voted=c124d131-afb9-4343-ad4e-aaebde613043, raftlog=c124d131-afb9-4343-ad4e-aaebde613043@group-FF4202234884-SegmentedRaftLog:OPENED:c-1,f-1,i0, conf=-1: [999343e7-0330-4874-a345-91eca72585e0:192.168.34.56:44872, c124d131-afb9-4343-ad4e-aaebde613043:192.168.34.56:42116, e5bb327f-cdd7-4e49-919e-13a4c895fddf:192.168.34.56:36658], old=null
2019-10-18 13:02:04,872 [c124d131-afb9-4343-ad4e-aaebde613043@group-FF4202234884-LeaderElection386] INFO  impl.LeaderElection (LogUtils.java:infoOrTrace(149)) -   Exception 0: {}
java.util.concurrent.ExecutionException: org.apache.ratis.thirdparty.io.grpc.StatusRuntimeException: UNAVAILABLE: io exception
	at java.util.concurrent.FutureTask.report(FutureTask.java:122)
	at java.util.concurrent.FutureTask.get(FutureTask.java:192)
	at org.apache.ratis.server.impl.LeaderElection.waitForResults(LeaderElection.java:259)
	at org.apache.ratis.server.impl.LeaderElection.askForVotes(LeaderElection.java:197)
	at org.apache.ratis.server.impl.LeaderElection.run(LeaderElection.java:133)
	at java.lang.Thread.run(Thread.java:748)
Caused by: org.apache.ratis.thirdparty.io.grpc.StatusRuntimeException: UNAVAILABLE: io exception
	at org.apache.ratis.thirdparty.io.grpc.stub.ClientCalls.toStatusRuntimeException(ClientCalls.java:233)
	at org.apache.ratis.thirdparty.io.grpc.stub.ClientCalls.getUnchecked(ClientCalls.java:214)
	at org.apache.ratis.thirdparty.io.grpc.stub.ClientCalls.blockingUnaryCall(ClientCalls.java:139)
	at org.apache.ratis.proto.grpc.RaftServerProtocolServiceGrpc$RaftServerProtocolServiceBlockingStub.requestVote(RaftServerProtocolServiceGrpc.java:265)
	at org.apache.ratis.grpc.server.GrpcServerProtocolClient.requestVote(GrpcServerProtocolClient.java:99)
	at org.apache.ratis.grpc.server.GrpcService.requestVote(GrpcService.java:204)
	at org.apache.ratis.server.impl.LeaderElection.lambda$submitRequests$1(LeaderElection.java:234)
	at java.util.concurrent.FutureTask.run(FutureTask.java:266)
	at java.util.concurrent.Executors$RunnableAdapter.call(Executors.java:511)
	at java.util.concurrent.FutureTask.run(FutureTask.java:266)
	at java.util.concurrent.ThreadPoolExecutor.runWorker(ThreadPoolExecutor.java:1149)
	at java.util.concurrent.ThreadPoolExecutor$Worker.run(ThreadPoolExecutor.java:624)
	... 1 more
Caused by: org.apache.ratis.thirdparty.io.netty.channel.AbstractChannel$AnnotatedConnectException: Connection refused: /192.168.34.56:44872
	at sun.nio.ch.SocketChannelImpl.checkConnect(Native Method)
	at sun.nio.ch.SocketChannelImpl.finishConnect(SocketChannelImpl.java:717)
	at org.apache.ratis.thirdparty.io.netty.channel.socket.nio.NioSocketChannel.doFinishConnect(NioSocketChannel.java:327)
	at org.apache.ratis.thirdparty.io.netty.channel.nio.AbstractNioChannel$AbstractNioUnsafe.finishConnect(AbstractNioChannel.java:340)
	at org.apache.ratis.thirdparty.io.netty.channel.nio.NioEventLoop.processSelectedKey(NioEventLoop.java:632)
	at org.apache.ratis.thirdparty.io.netty.channel.nio.NioEventLoop.processSelectedKeysOptimized(NioEventLoop.java:579)
	at org.apache.ratis.thirdparty.io.netty.channel.nio.NioEventLoop.processSelectedKeys(NioEventLoop.java:496)
	at org.apache.ratis.thirdparty.io.netty.channel.nio.NioEventLoop.run(NioEventLoop.java:458)
	at org.apache.ratis.thirdparty.io.netty.util.concurrent.SingleThreadEventExecutor$5.run(SingleThreadEventExecutor.java:897)
	at org.apache.ratis.thirdparty.io.netty.util.concurrent.FastThreadLocalRunnable.run(FastThreadLocalRunnable.java:30)
	... 1 more
Caused by: java.net.ConnectException: Connection refused
	... 11 more
2019-10-18 13:02:04,872 [c124d131-afb9-4343-ad4e-aaebde613043@group-FF4202234884-LeaderElection386] INFO  impl.LeaderElection (LogUtils.java:infoOrTrace(149)) -   Exception 1: {}
java.util.concurrent.ExecutionException: org.apache.ratis.thirdparty.io.grpc.StatusRuntimeException: UNAVAILABLE: io exception
	at java.util.concurrent.FutureTask.report(FutureTask.java:122)
	at java.util.concurrent.FutureTask.get(FutureTask.java:192)
	at org.apache.ratis.server.impl.LeaderElection.waitForResults(LeaderElection.java:259)
	at org.apache.ratis.server.impl.LeaderElection.askForVotes(LeaderElection.java:197)
	at org.apache.ratis.server.impl.LeaderElection.run(LeaderElection.java:133)
	at java.lang.Thread.run(Thread.java:748)
Caused by: org.apache.ratis.thirdparty.io.grpc.StatusRuntimeException: UNAVAILABLE: io exception
	at org.apache.ratis.thirdparty.io.grpc.stub.ClientCalls.toStatusRuntimeException(ClientCalls.java:233)
	at org.apache.ratis.thirdparty.io.grpc.stub.ClientCalls.getUnchecked(ClientCalls.java:214)
	at org.apache.ratis.thirdparty.io.grpc.stub.ClientCalls.blockingUnaryCall(ClientCalls.java:139)
	at org.apache.ratis.proto.grpc.RaftServerProtocolServiceGrpc$RaftServerProtocolServiceBlockingStub.requestVote(RaftServerProtocolServiceGrpc.java:265)
	at org.apache.ratis.grpc.server.GrpcServerProtocolClient.requestVote(GrpcServerProtocolClient.java:99)
	at org.apache.ratis.grpc.server.GrpcService.requestVote(GrpcService.java:204)
	at org.apache.ratis.server.impl.LeaderElection.lambda$submitRequests$1(LeaderElection.java:234)
	at java.util.concurrent.FutureTask.run(FutureTask.java:266)
	at java.util.concurrent.Executors$RunnableAdapter.call(Executors.java:511)
	at java.util.concurrent.FutureTask.run(FutureTask.java:266)
	at java.util.concurrent.ThreadPoolExecutor.runWorker(ThreadPoolExecutor.java:1149)
	at java.util.concurrent.ThreadPoolExecutor$Worker.run(ThreadPoolExecutor.java:624)
	... 1 more
Caused by: org.apache.ratis.thirdparty.io.netty.channel.AbstractChannel$AnnotatedConnectException: Connection refused: /192.168.34.56:36658
	at sun.nio.ch.SocketChannelImpl.checkConnect(Native Method)
	at sun.nio.ch.SocketChannelImpl.finishConnect(SocketChannelImpl.java:717)
	at org.apache.ratis.thirdparty.io.netty.channel.socket.nio.NioSocketChannel.doFinishConnect(NioSocketChannel.java:327)
	at org.apache.ratis.thirdparty.io.netty.channel.nio.AbstractNioChannel$AbstractNioUnsafe.finishConnect(AbstractNioChannel.java:340)
	at org.apache.ratis.thirdparty.io.netty.channel.nio.NioEventLoop.processSelectedKey(NioEventLoop.java:632)
	at org.apache.ratis.thirdparty.io.netty.channel.nio.NioEventLoop.processSelectedKeysOptimized(NioEventLoop.java:579)
	at org.apache.ratis.thirdparty.io.netty.channel.nio.NioEventLoop.processSelectedKeys(NioEventLoop.java:496)
	at org.apache.ratis.thirdparty.io.netty.channel.nio.NioEventLoop.run(NioEventLoop.java:458)
	at org.apache.ratis.thirdparty.io.netty.util.concurrent.SingleThreadEventExecutor$5.run(SingleThreadEventExecutor.java:897)
	at org.apache.ratis.thirdparty.io.netty.util.concurrent.FastThreadLocalRunnable.run(FastThreadLocalRunnable.java:30)
	... 1 more
Caused by: java.net.ConnectException: Connection refused
	... 11 more
2019-10-18 13:02:04,872 [c124d131-afb9-4343-ad4e-aaebde613043@group-FF4202234884-LeaderElection386] INFO  impl.RaftServerImpl (RaftServerImpl.java:setRole(184)) - c124d131-afb9-4343-ad4e-aaebde613043@group-FF4202234884: changes role from CANDIDATE to FOLLOWER at term 219 for DISCOVERED_A_NEW_TERM
2019-10-18 13:02:04,872 [c124d131-afb9-4343-ad4e-aaebde613043@group-FF4202234884-LeaderElection386] INFO  impl.RoleInfo (RoleInfo.java:shutdownLeaderElection(134)) - c124d131-afb9-4343-ad4e-aaebde613043: shutdown LeaderElection
2019-10-18 13:02:04,873 [c124d131-afb9-4343-ad4e-aaebde613043@group-FF4202234884-LeaderElection386] INFO  impl.RoleInfo (RoleInfo.java:updateAndGet(143)) - c124d131-afb9-4343-ad4e-aaebde613043: start FollowerState
2019-10-18 13:02:04,930 [Thread-2964] INFO  impl.FollowerState (FollowerState.java:run(108)) - c124d131-afb9-4343-ad4e-aaebde613043@group-FF4202234884-FollowerState: change to CANDIDATE, lastRpcTime:57ms, electionTimeout:57ms
2019-10-18 13:02:04,930 [Thread-2964] INFO  impl.RoleInfo (RoleInfo.java:shutdownFollowerState(121)) - c124d131-afb9-4343-ad4e-aaebde613043: shutdown FollowerState
2019-10-18 13:02:04,930 [Thread-2964] INFO  impl.RaftServerImpl (RaftServerImpl.java:setRole(184)) - c124d131-afb9-4343-ad4e-aaebde613043@group-FF4202234884: changes role from  FOLLOWER to CANDIDATE at term 219 for changeToCandidate
2019-10-18 13:02:04,931 [Thread-2964] INFO  impl.RoleInfo (RoleInfo.java:updateAndGet(143)) - c124d131-afb9-4343-ad4e-aaebde613043: start LeaderElection
2019-10-18 13:02:04,954 [c124d131-afb9-4343-ad4e-aaebde613043@group-FF4202234884-LeaderElection387] INFO  impl.LeaderElection (LeaderElection.java:askForVotes(178)) - c124d131-afb9-4343-ad4e-aaebde613043@group-FF4202234884-LeaderElection387: begin an election at term 220 for -1: [999343e7-0330-4874-a345-91eca72585e0:192.168.34.56:44872, c124d131-afb9-4343-ad4e-aaebde613043:192.168.34.56:42116, e5bb327f-cdd7-4e49-919e-13a4c895fddf:192.168.34.56:36658], old=null
2019-10-18 13:02:04,955 [c124d131-afb9-4343-ad4e-aaebde613043@group-FF4202234884-LeaderElection387] INFO  impl.LeaderElection (LogUtils.java:infoOrTrace(149)) - c124d131-afb9-4343-ad4e-aaebde613043@group-FF4202234884-LeaderElection387 got exception when requesting votes: {}
java.util.concurrent.ExecutionException: org.apache.ratis.thirdparty.io.grpc.StatusRuntimeException: UNAVAILABLE: io exception
	at java.util.concurrent.FutureTask.report(FutureTask.java:122)
	at java.util.concurrent.FutureTask.get(FutureTask.java:192)
	at org.apache.ratis.server.impl.LeaderElection.waitForResults(LeaderElection.java:259)
	at org.apache.ratis.server.impl.LeaderElection.askForVotes(LeaderElection.java:197)
	at org.apache.ratis.server.impl.LeaderElection.run(LeaderElection.java:133)
	at java.lang.Thread.run(Thread.java:748)
Caused by: org.apache.ratis.thirdparty.io.grpc.StatusRuntimeException: UNAVAILABLE: io exception
	at org.apache.ratis.thirdparty.io.grpc.stub.ClientCalls.toStatusRuntimeException(ClientCalls.java:233)
	at org.apache.ratis.thirdparty.io.grpc.stub.ClientCalls.getUnchecked(ClientCalls.java:214)
	at org.apache.ratis.thirdparty.io.grpc.stub.ClientCalls.blockingUnaryCall(ClientCalls.java:139)
	at org.apache.ratis.proto.grpc.RaftServerProtocolServiceGrpc$RaftServerProtocolServiceBlockingStub.requestVote(RaftServerProtocolServiceGrpc.java:265)
	at org.apache.ratis.grpc.server.GrpcServerProtocolClient.requestVote(GrpcServerProtocolClient.java:99)
	at org.apache.ratis.grpc.server.GrpcService.requestVote(GrpcService.java:204)
	at org.apache.ratis.server.impl.LeaderElection.lambda$submitRequests$1(LeaderElection.java:234)
	at java.util.concurrent.FutureTask.run(FutureTask.java:266)
	at java.util.concurrent.Executors$RunnableAdapter.call(Executors.java:511)
	at java.util.concurrent.FutureTask.run(FutureTask.java:266)
	at java.util.concurrent.ThreadPoolExecutor.runWorker(ThreadPoolExecutor.java:1149)
	at java.util.concurrent.ThreadPoolExecutor$Worker.run(ThreadPoolExecutor.java:624)
	... 1 more
Caused by: org.apache.ratis.thirdparty.io.netty.channel.AbstractChannel$AnnotatedConnectException: Connection refused: /192.168.34.56:36658
	at sun.nio.ch.SocketChannelImpl.checkConnect(Native Method)
	at sun.nio.ch.SocketChannelImpl.finishConnect(SocketChannelImpl.java:717)
	at org.apache.ratis.thirdparty.io.netty.channel.socket.nio.NioSocketChannel.doFinishConnect(NioSocketChannel.java:327)
	at org.apache.ratis.thirdparty.io.netty.channel.nio.AbstractNioChannel$AbstractNioUnsafe.finishConnect(AbstractNioChannel.java:340)
	at org.apache.ratis.thirdparty.io.netty.channel.nio.NioEventLoop.processSelectedKey(NioEventLoop.java:632)
	at org.apache.ratis.thirdparty.io.netty.channel.nio.NioEventLoop.processSelectedKeysOptimized(NioEventLoop.java:579)
	at org.apache.ratis.thirdparty.io.netty.channel.nio.NioEventLoop.processSelectedKeys(NioEventLoop.java:496)
	at org.apache.ratis.thirdparty.io.netty.channel.nio.NioEventLoop.run(NioEventLoop.java:458)
	at org.apache.ratis.thirdparty.io.netty.util.concurrent.SingleThreadEventExecutor$5.run(SingleThreadEventExecutor.java:897)
	at org.apache.ratis.thirdparty.io.netty.util.concurrent.FastThreadLocalRunnable.run(FastThreadLocalRunnable.java:30)
	... 1 more
Caused by: java.net.ConnectException: Connection refused
	... 11 more
2019-10-18 13:02:04,956 [c124d131-afb9-4343-ad4e-aaebde613043@group-FF4202234884-LeaderElection387] INFO  impl.LeaderElection (LogUtils.java:infoOrTrace(149)) - c124d131-afb9-4343-ad4e-aaebde613043@group-FF4202234884-LeaderElection387 got exception when requesting votes: {}
java.util.concurrent.ExecutionException: org.apache.ratis.thirdparty.io.grpc.StatusRuntimeException: UNAVAILABLE: io exception
	at java.util.concurrent.FutureTask.report(FutureTask.java:122)
	at java.util.concurrent.FutureTask.get(FutureTask.java:192)
	at org.apache.ratis.server.impl.LeaderElection.waitForResults(LeaderElection.java:259)
	at org.apache.ratis.server.impl.LeaderElection.askForVotes(LeaderElection.java:197)
	at org.apache.ratis.server.impl.LeaderElection.run(LeaderElection.java:133)
	at java.lang.Thread.run(Thread.java:748)
Caused by: org.apache.ratis.thirdparty.io.grpc.StatusRuntimeException: UNAVAILABLE: io exception
	at org.apache.ratis.thirdparty.io.grpc.stub.ClientCalls.toStatusRuntimeException(ClientCalls.java:233)
	at org.apache.ratis.thirdparty.io.grpc.stub.ClientCalls.getUnchecked(ClientCalls.java:214)
	at org.apache.ratis.thirdparty.io.grpc.stub.ClientCalls.blockingUnaryCall(ClientCalls.java:139)
	at org.apache.ratis.proto.grpc.RaftServerProtocolServiceGrpc$RaftServerProtocolServiceBlockingStub.requestVote(RaftServerProtocolServiceGrpc.java:265)
	at org.apache.ratis.grpc.server.GrpcServerProtocolClient.requestVote(GrpcServerProtocolClient.java:99)
	at org.apache.ratis.grpc.server.GrpcService.requestVote(GrpcService.java:204)
	at org.apache.ratis.server.impl.LeaderElection.lambda$submitRequests$1(LeaderElection.java:234)
	at java.util.concurrent.FutureTask.run(FutureTask.java:266)
	at java.util.concurrent.Executors$RunnableAdapter.call(Executors.java:511)
	at java.util.concurrent.FutureTask.run(FutureTask.java:266)
	at java.util.concurrent.ThreadPoolExecutor.runWorker(ThreadPoolExecutor.java:1149)
	at java.util.concurrent.ThreadPoolExecutor$Worker.run(ThreadPoolExecutor.java:624)
	... 1 more
Caused by: org.apache.ratis.thirdparty.io.netty.channel.AbstractChannel$AnnotatedConnectException: Connection refused: /192.168.34.56:44872
	at sun.nio.ch.SocketChannelImpl.checkConnect(Native Method)
	at sun.nio.ch.SocketChannelImpl.finishConnect(SocketChannelImpl.java:717)
	at org.apache.ratis.thirdparty.io.netty.channel.socket.nio.NioSocketChannel.doFinishConnect(NioSocketChannel.java:327)
	at org.apache.ratis.thirdparty.io.netty.channel.nio.AbstractNioChannel$AbstractNioUnsafe.finishConnect(AbstractNioChannel.java:340)
	at org.apache.ratis.thirdparty.io.netty.channel.nio.NioEventLoop.processSelectedKey(NioEventLoop.java:632)
	at org.apache.ratis.thirdparty.io.netty.channel.nio.NioEventLoop.processSelectedKeysOptimized(NioEventLoop.java:579)
	at org.apache.ratis.thirdparty.io.netty.channel.nio.NioEventLoop.processSelectedKeys(NioEventLoop.java:496)
	at org.apache.ratis.thirdparty.io.netty.channel.nio.NioEventLoop.run(NioEventLoop.java:458)
	at org.apache.ratis.thirdparty.io.netty.util.concurrent.SingleThreadEventExecutor$5.run(SingleThreadEventExecutor.java:897)
	at org.apache.ratis.thirdparty.io.netty.util.concurrent.FastThreadLocalRunnable.run(FastThreadLocalRunnable.java:30)
	... 1 more
Caused by: java.net.ConnectException: Connection refused
	... 11 more
2019-10-18 13:02:04,956 [c124d131-afb9-4343-ad4e-aaebde613043@group-FF4202234884-LeaderElection387] INFO  impl.LeaderElection (LeaderElection.java:logAndReturn(56)) - c124d131-afb9-4343-ad4e-aaebde613043@group-FF4202234884-LeaderElection387: Election REJECTED; received 0 response(s) [] and 2 exception(s); c124d131-afb9-4343-ad4e-aaebde613043@group-FF4202234884:t220, leader=null, voted=c124d131-afb9-4343-ad4e-aaebde613043, raftlog=c124d131-afb9-4343-ad4e-aaebde613043@group-FF4202234884-SegmentedRaftLog:OPENED:c-1,f-1,i0, conf=-1: [999343e7-0330-4874-a345-91eca72585e0:192.168.34.56:44872, c124d131-afb9-4343-ad4e-aaebde613043:192.168.34.56:42116, e5bb327f-cdd7-4e49-919e-13a4c895fddf:192.168.34.56:36658], old=null
2019-10-18 13:02:04,957 [c124d131-afb9-4343-ad4e-aaebde613043@group-FF4202234884-LeaderElection387] INFO  impl.LeaderElection (LogUtils.java:infoOrTrace(149)) -   Exception 0: {}
java.util.concurrent.ExecutionException: org.apache.ratis.thirdparty.io.grpc.StatusRuntimeException: UNAVAILABLE: io exception
	at java.util.concurrent.FutureTask.report(FutureTask.java:122)
	at java.util.concurrent.FutureTask.get(FutureTask.java:192)
	at org.apache.ratis.server.impl.LeaderElection.waitForResults(LeaderElection.java:259)
	at org.apache.ratis.server.impl.LeaderElection.askForVotes(LeaderElection.java:197)
	at org.apache.ratis.server.impl.LeaderElection.run(LeaderElection.java:133)
	at java.lang.Thread.run(Thread.java:748)
Caused by: org.apache.ratis.thirdparty.io.grpc.StatusRuntimeException: UNAVAILABLE: io exception
	at org.apache.ratis.thirdparty.io.grpc.stub.ClientCalls.toStatusRuntimeException(ClientCalls.java:233)
	at org.apache.ratis.thirdparty.io.grpc.stub.ClientCalls.getUnchecked(ClientCalls.java:214)
	at org.apache.ratis.thirdparty.io.grpc.stub.ClientCalls.blockingUnaryCall(ClientCalls.java:139)
	at org.apache.ratis.proto.grpc.RaftServerProtocolServiceGrpc$RaftServerProtocolServiceBlockingStub.requestVote(RaftServerProtocolServiceGrpc.java:265)
	at org.apache.ratis.grpc.server.GrpcServerProtocolClient.requestVote(GrpcServerProtocolClient.java:99)
	at org.apache.ratis.grpc.server.GrpcService.requestVote(GrpcService.java:204)
	at org.apache.ratis.server.impl.LeaderElection.lambda$submitRequests$1(LeaderElection.java:234)
	at java.util.concurrent.FutureTask.run(FutureTask.java:266)
	at java.util.concurrent.Executors$RunnableAdapter.call(Executors.java:511)
	at java.util.concurrent.FutureTask.run(FutureTask.java:266)
	at java.util.concurrent.ThreadPoolExecutor.runWorker(ThreadPoolExecutor.java:1149)
	at java.util.concurrent.ThreadPoolExecutor$Worker.run(ThreadPoolExecutor.java:624)
	... 1 more
Caused by: org.apache.ratis.thirdparty.io.netty.channel.AbstractChannel$AnnotatedConnectException: Connection refused: /192.168.34.56:36658
	at sun.nio.ch.SocketChannelImpl.checkConnect(Native Method)
	at sun.nio.ch.SocketChannelImpl.finishConnect(SocketChannelImpl.java:717)
	at org.apache.ratis.thirdparty.io.netty.channel.socket.nio.NioSocketChannel.doFinishConnect(NioSocketChannel.java:327)
	at org.apache.ratis.thirdparty.io.netty.channel.nio.AbstractNioChannel$AbstractNioUnsafe.finishConnect(AbstractNioChannel.java:340)
	at org.apache.ratis.thirdparty.io.netty.channel.nio.NioEventLoop.processSelectedKey(NioEventLoop.java:632)
	at org.apache.ratis.thirdparty.io.netty.channel.nio.NioEventLoop.processSelectedKeysOptimized(NioEventLoop.java:579)
	at org.apache.ratis.thirdparty.io.netty.channel.nio.NioEventLoop.processSelectedKeys(NioEventLoop.java:496)
	at org.apache.ratis.thirdparty.io.netty.channel.nio.NioEventLoop.run(NioEventLoop.java:458)
	at org.apache.ratis.thirdparty.io.netty.util.concurrent.SingleThreadEventExecutor$5.run(SingleThreadEventExecutor.java:897)
	at org.apache.ratis.thirdparty.io.netty.util.concurrent.FastThreadLocalRunnable.run(FastThreadLocalRunnable.java:30)
	... 1 more
Caused by: java.net.ConnectException: Connection refused
	... 11 more
2019-10-18 13:02:04,957 [c124d131-afb9-4343-ad4e-aaebde613043@group-FF4202234884-LeaderElection387] INFO  impl.LeaderElection (LogUtils.java:infoOrTrace(149)) -   Exception 1: {}
java.util.concurrent.ExecutionException: org.apache.ratis.thirdparty.io.grpc.StatusRuntimeException: UNAVAILABLE: io exception
	at java.util.concurrent.FutureTask.report(FutureTask.java:122)
	at java.util.concurrent.FutureTask.get(FutureTask.java:192)
	at org.apache.ratis.server.impl.LeaderElection.waitForResults(LeaderElection.java:259)
	at org.apache.ratis.server.impl.LeaderElection.askForVotes(LeaderElection.java:197)
	at org.apache.ratis.server.impl.LeaderElection.run(LeaderElection.java:133)
	at java.lang.Thread.run(Thread.java:748)
Caused by: org.apache.ratis.thirdparty.io.grpc.StatusRuntimeException: UNAVAILABLE: io exception
	at org.apache.ratis.thirdparty.io.grpc.stub.ClientCalls.toStatusRuntimeException(ClientCalls.java:233)
	at org.apache.ratis.thirdparty.io.grpc.stub.ClientCalls.getUnchecked(ClientCalls.java:214)
	at org.apache.ratis.thirdparty.io.grpc.stub.ClientCalls.blockingUnaryCall(ClientCalls.java:139)
	at org.apache.ratis.proto.grpc.RaftServerProtocolServiceGrpc$RaftServerProtocolServiceBlockingStub.requestVote(RaftServerProtocolServiceGrpc.java:265)
	at org.apache.ratis.grpc.server.GrpcServerProtocolClient.requestVote(GrpcServerProtocolClient.java:99)
	at org.apache.ratis.grpc.server.GrpcService.requestVote(GrpcService.java:204)
	at org.apache.ratis.server.impl.LeaderElection.lambda$submitRequests$1(LeaderElection.java:234)
	at java.util.concurrent.FutureTask.run(FutureTask.java:266)
	at java.util.concurrent.Executors$RunnableAdapter.call(Executors.java:511)
	at java.util.concurrent.FutureTask.run(FutureTask.java:266)
	at java.util.concurrent.ThreadPoolExecutor.runWorker(ThreadPoolExecutor.java:1149)
	at java.util.concurrent.ThreadPoolExecutor$Worker.run(ThreadPoolExecutor.java:624)
	... 1 more
Caused by: org.apache.ratis.thirdparty.io.netty.channel.AbstractChannel$AnnotatedConnectException: Connection refused: /192.168.34.56:44872
	at sun.nio.ch.SocketChannelImpl.checkConnect(Native Method)
	at sun.nio.ch.SocketChannelImpl.finishConnect(SocketChannelImpl.java:717)
	at org.apache.ratis.thirdparty.io.netty.channel.socket.nio.NioSocketChannel.doFinishConnect(NioSocketChannel.java:327)
	at org.apache.ratis.thirdparty.io.netty.channel.nio.AbstractNioChannel$AbstractNioUnsafe.finishConnect(AbstractNioChannel.java:340)
	at org.apache.ratis.thirdparty.io.netty.channel.nio.NioEventLoop.processSelectedKey(NioEventLoop.java:632)
	at org.apache.ratis.thirdparty.io.netty.channel.nio.NioEventLoop.processSelectedKeysOptimized(NioEventLoop.java:579)
	at org.apache.ratis.thirdparty.io.netty.channel.nio.NioEventLoop.processSelectedKeys(NioEventLoop.java:496)
	at org.apache.ratis.thirdparty.io.netty.channel.nio.NioEventLoop.run(NioEventLoop.java:458)
	at org.apache.ratis.thirdparty.io.netty.util.concurrent.SingleThreadEventExecutor$5.run(SingleThreadEventExecutor.java:897)
	at org.apache.ratis.thirdparty.io.netty.util.concurrent.FastThreadLocalRunnable.run(FastThreadLocalRunnable.java:30)
	... 1 more
Caused by: java.net.ConnectException: Connection refused
	... 11 more
2019-10-18 13:02:04,957 [c124d131-afb9-4343-ad4e-aaebde613043@group-FF4202234884-LeaderElection387] INFO  impl.RaftServerImpl (RaftServerImpl.java:setRole(184)) - c124d131-afb9-4343-ad4e-aaebde613043@group-FF4202234884: changes role from CANDIDATE to FOLLOWER at term 220 for DISCOVERED_A_NEW_TERM
2019-10-18 13:02:04,957 [c124d131-afb9-4343-ad4e-aaebde613043@group-FF4202234884-LeaderElection387] INFO  impl.RoleInfo (RoleInfo.java:shutdownLeaderElection(134)) - c124d131-afb9-4343-ad4e-aaebde613043: shutdown LeaderElection
2019-10-18 13:02:04,957 [c124d131-afb9-4343-ad4e-aaebde613043@group-FF4202234884-LeaderElection387] INFO  impl.RoleInfo (RoleInfo.java:updateAndGet(143)) - c124d131-afb9-4343-ad4e-aaebde613043: start FollowerState
2019-10-18 13:02:05,056 [Thread-2968] INFO  impl.FollowerState (FollowerState.java:run(108)) - c124d131-afb9-4343-ad4e-aaebde613043@group-FF4202234884-FollowerState: change to CANDIDATE, lastRpcTime:98ms, electionTimeout:98ms
2019-10-18 13:02:05,056 [Thread-2968] INFO  impl.RoleInfo (RoleInfo.java:shutdownFollowerState(121)) - c124d131-afb9-4343-ad4e-aaebde613043: shutdown FollowerState
2019-10-18 13:02:05,056 [Thread-2968] INFO  impl.RaftServerImpl (RaftServerImpl.java:setRole(184)) - c124d131-afb9-4343-ad4e-aaebde613043@group-FF4202234884: changes role from  FOLLOWER to CANDIDATE at term 220 for changeToCandidate
2019-10-18 13:02:05,056 [Thread-2968] INFO  impl.RoleInfo (RoleInfo.java:updateAndGet(143)) - c124d131-afb9-4343-ad4e-aaebde613043: start LeaderElection
2019-10-18 13:02:05,080 [c124d131-afb9-4343-ad4e-aaebde613043@group-FF4202234884-LeaderElection388] INFO  impl.LeaderElection (LeaderElection.java:askForVotes(178)) - c124d131-afb9-4343-ad4e-aaebde613043@group-FF4202234884-LeaderElection388: begin an election at term 221 for -1: [999343e7-0330-4874-a345-91eca72585e0:192.168.34.56:44872, c124d131-afb9-4343-ad4e-aaebde613043:192.168.34.56:42116, e5bb327f-cdd7-4e49-919e-13a4c895fddf:192.168.34.56:36658], old=null
2019-10-18 13:02:05,081 [c124d131-afb9-4343-ad4e-aaebde613043@group-FF4202234884-LeaderElection388] INFO  impl.LeaderElection (LogUtils.java:infoOrTrace(149)) - c124d131-afb9-4343-ad4e-aaebde613043@group-FF4202234884-LeaderElection388 got exception when requesting votes: {}
java.util.concurrent.ExecutionException: org.apache.ratis.thirdparty.io.grpc.StatusRuntimeException: UNAVAILABLE: io exception
	at java.util.concurrent.FutureTask.report(FutureTask.java:122)
	at java.util.concurrent.FutureTask.get(FutureTask.java:192)
	at org.apache.ratis.server.impl.LeaderElection.waitForResults(LeaderElection.java:259)
	at org.apache.ratis.server.impl.LeaderElection.askForVotes(LeaderElection.java:197)
	at org.apache.ratis.server.impl.LeaderElection.run(LeaderElection.java:133)
	at java.lang.Thread.run(Thread.java:748)
Caused by: org.apache.ratis.thirdparty.io.grpc.StatusRuntimeException: UNAVAILABLE: io exception
	at org.apache.ratis.thirdparty.io.grpc.stub.ClientCalls.toStatusRuntimeException(ClientCalls.java:233)
	at org.apache.ratis.thirdparty.io.grpc.stub.ClientCalls.getUnchecked(ClientCalls.java:214)
	at org.apache.ratis.thirdparty.io.grpc.stub.ClientCalls.blockingUnaryCall(ClientCalls.java:139)
	at org.apache.ratis.proto.grpc.RaftServerProtocolServiceGrpc$RaftServerProtocolServiceBlockingStub.requestVote(RaftServerProtocolServiceGrpc.java:265)
	at org.apache.ratis.grpc.server.GrpcServerProtocolClient.requestVote(GrpcServerProtocolClient.java:99)
	at org.apache.ratis.grpc.server.GrpcService.requestVote(GrpcService.java:204)
	at org.apache.ratis.server.impl.LeaderElection.lambda$submitRequests$1(LeaderElection.java:234)
	at java.util.concurrent.FutureTask.run(FutureTask.java:266)
	at java.util.concurrent.Executors$RunnableAdapter.call(Executors.java:511)
	at java.util.concurrent.FutureTask.run(FutureTask.java:266)
	at java.util.concurrent.ThreadPoolExecutor.runWorker(ThreadPoolExecutor.java:1149)
	at java.util.concurrent.ThreadPoolExecutor$Worker.run(ThreadPoolExecutor.java:624)
	... 1 more
Caused by: org.apache.ratis.thirdparty.io.netty.channel.AbstractChannel$AnnotatedConnectException: Connection refused: /192.168.34.56:44872
	at sun.nio.ch.SocketChannelImpl.checkConnect(Native Method)
	at sun.nio.ch.SocketChannelImpl.finishConnect(SocketChannelImpl.java:717)
	at org.apache.ratis.thirdparty.io.netty.channel.socket.nio.NioSocketChannel.doFinishConnect(NioSocketChannel.java:327)
	at org.apache.ratis.thirdparty.io.netty.channel.nio.AbstractNioChannel$AbstractNioUnsafe.finishConnect(AbstractNioChannel.java:340)
	at org.apache.ratis.thirdparty.io.netty.channel.nio.NioEventLoop.processSelectedKey(NioEventLoop.java:632)
	at org.apache.ratis.thirdparty.io.netty.channel.nio.NioEventLoop.processSelectedKeysOptimized(NioEventLoop.java:579)
	at org.apache.ratis.thirdparty.io.netty.channel.nio.NioEventLoop.processSelectedKeys(NioEventLoop.java:496)
	at org.apache.ratis.thirdparty.io.netty.channel.nio.NioEventLoop.run(NioEventLoop.java:458)
	at org.apache.ratis.thirdparty.io.netty.util.concurrent.SingleThreadEventExecutor$5.run(SingleThreadEventExecutor.java:897)
	at org.apache.ratis.thirdparty.io.netty.util.concurrent.FastThreadLocalRunnable.run(FastThreadLocalRunnable.java:30)
	... 1 more
Caused by: java.net.ConnectException: Connection refused
	... 11 more
2019-10-18 13:02:05,082 [c124d131-afb9-4343-ad4e-aaebde613043@group-FF4202234884-LeaderElection388] INFO  impl.LeaderElection (LogUtils.java:infoOrTrace(149)) - c124d131-afb9-4343-ad4e-aaebde613043@group-FF4202234884-LeaderElection388 got exception when requesting votes: {}
java.util.concurrent.ExecutionException: org.apache.ratis.thirdparty.io.grpc.StatusRuntimeException: UNAVAILABLE: io exception
	at java.util.concurrent.FutureTask.report(FutureTask.java:122)
	at java.util.concurrent.FutureTask.get(FutureTask.java:192)
	at org.apache.ratis.server.impl.LeaderElection.waitForResults(LeaderElection.java:259)
	at org.apache.ratis.server.impl.LeaderElection.askForVotes(LeaderElection.java:197)
	at org.apache.ratis.server.impl.LeaderElection.run(LeaderElection.java:133)
	at java.lang.Thread.run(Thread.java:748)
Caused by: org.apache.ratis.thirdparty.io.grpc.StatusRuntimeException: UNAVAILABLE: io exception
	at org.apache.ratis.thirdparty.io.grpc.stub.ClientCalls.toStatusRuntimeException(ClientCalls.java:233)
	at org.apache.ratis.thirdparty.io.grpc.stub.ClientCalls.getUnchecked(ClientCalls.java:214)
	at org.apache.ratis.thirdparty.io.grpc.stub.ClientCalls.blockingUnaryCall(ClientCalls.java:139)
	at org.apache.ratis.proto.grpc.RaftServerProtocolServiceGrpc$RaftServerProtocolServiceBlockingStub.requestVote(RaftServerProtocolServiceGrpc.java:265)
	at org.apache.ratis.grpc.server.GrpcServerProtocolClient.requestVote(GrpcServerProtocolClient.java:99)
	at org.apache.ratis.grpc.server.GrpcService.requestVote(GrpcService.java:204)
	at org.apache.ratis.server.impl.LeaderElection.lambda$submitRequests$1(LeaderElection.java:234)
	at java.util.concurrent.FutureTask.run(FutureTask.java:266)
	at java.util.concurrent.Executors$RunnableAdapter.call(Executors.java:511)
	at java.util.concurrent.FutureTask.run(FutureTask.java:266)
	at java.util.concurrent.ThreadPoolExecutor.runWorker(ThreadPoolExecutor.java:1149)
	at java.util.concurrent.ThreadPoolExecutor$Worker.run(ThreadPoolExecutor.java:624)
	... 1 more
Caused by: org.apache.ratis.thirdparty.io.netty.channel.AbstractChannel$AnnotatedConnectException: Connection refused: /192.168.34.56:36658
	at sun.nio.ch.SocketChannelImpl.checkConnect(Native Method)
	at sun.nio.ch.SocketChannelImpl.finishConnect(SocketChannelImpl.java:717)
	at org.apache.ratis.thirdparty.io.netty.channel.socket.nio.NioSocketChannel.doFinishConnect(NioSocketChannel.java:327)
	at org.apache.ratis.thirdparty.io.netty.channel.nio.AbstractNioChannel$AbstractNioUnsafe.finishConnect(AbstractNioChannel.java:340)
	at org.apache.ratis.thirdparty.io.netty.channel.nio.NioEventLoop.processSelectedKey(NioEventLoop.java:632)
	at org.apache.ratis.thirdparty.io.netty.channel.nio.NioEventLoop.processSelectedKeysOptimized(NioEventLoop.java:579)
	at org.apache.ratis.thirdparty.io.netty.channel.nio.NioEventLoop.processSelectedKeys(NioEventLoop.java:496)
	at org.apache.ratis.thirdparty.io.netty.channel.nio.NioEventLoop.run(NioEventLoop.java:458)
	at org.apache.ratis.thirdparty.io.netty.util.concurrent.SingleThreadEventExecutor$5.run(SingleThreadEventExecutor.java:897)
	at org.apache.ratis.thirdparty.io.netty.util.concurrent.FastThreadLocalRunnable.run(FastThreadLocalRunnable.java:30)
	... 1 more
Caused by: java.net.ConnectException: Connection refused
	... 11 more
2019-10-18 13:02:05,082 [c124d131-afb9-4343-ad4e-aaebde613043@group-FF4202234884-LeaderElection388] INFO  impl.LeaderElection (LeaderElection.java:logAndReturn(56)) - c124d131-afb9-4343-ad4e-aaebde613043@group-FF4202234884-LeaderElection388: Election REJECTED; received 0 response(s) [] and 2 exception(s); c124d131-afb9-4343-ad4e-aaebde613043@group-FF4202234884:t221, leader=null, voted=c124d131-afb9-4343-ad4e-aaebde613043, raftlog=c124d131-afb9-4343-ad4e-aaebde613043@group-FF4202234884-SegmentedRaftLog:OPENED:c-1,f-1,i0, conf=-1: [999343e7-0330-4874-a345-91eca72585e0:192.168.34.56:44872, c124d131-afb9-4343-ad4e-aaebde613043:192.168.34.56:42116, e5bb327f-cdd7-4e49-919e-13a4c895fddf:192.168.34.56:36658], old=null
2019-10-18 13:02:05,082 [c124d131-afb9-4343-ad4e-aaebde613043@group-FF4202234884-LeaderElection388] INFO  impl.LeaderElection (LogUtils.java:infoOrTrace(149)) -   Exception 0: {}
java.util.concurrent.ExecutionException: org.apache.ratis.thirdparty.io.grpc.StatusRuntimeException: UNAVAILABLE: io exception
	at java.util.concurrent.FutureTask.report(FutureTask.java:122)
	at java.util.concurrent.FutureTask.get(FutureTask.java:192)
	at org.apache.ratis.server.impl.LeaderElection.waitForResults(LeaderElection.java:259)
	at org.apache.ratis.server.impl.LeaderElection.askForVotes(LeaderElection.java:197)
	at org.apache.ratis.server.impl.LeaderElection.run(LeaderElection.java:133)
	at java.lang.Thread.run(Thread.java:748)
Caused by: org.apache.ratis.thirdparty.io.grpc.StatusRuntimeException: UNAVAILABLE: io exception
	at org.apache.ratis.thirdparty.io.grpc.stub.ClientCalls.toStatusRuntimeException(ClientCalls.java:233)
	at org.apache.ratis.thirdparty.io.grpc.stub.ClientCalls.getUnchecked(ClientCalls.java:214)
	at org.apache.ratis.thirdparty.io.grpc.stub.ClientCalls.blockingUnaryCall(ClientCalls.java:139)
	at org.apache.ratis.proto.grpc.RaftServerProtocolServiceGrpc$RaftServerProtocolServiceBlockingStub.requestVote(RaftServerProtocolServiceGrpc.java:265)
	at org.apache.ratis.grpc.server.GrpcServerProtocolClient.requestVote(GrpcServerProtocolClient.java:99)
	at org.apache.ratis.grpc.server.GrpcService.requestVote(GrpcService.java:204)
	at org.apache.ratis.server.impl.LeaderElection.lambda$submitRequests$1(LeaderElection.java:234)
	at java.util.concurrent.FutureTask.run(FutureTask.java:266)
	at java.util.concurrent.Executors$RunnableAdapter.call(Executors.java:511)
	at java.util.concurrent.FutureTask.run(FutureTask.java:266)
	at java.util.concurrent.ThreadPoolExecutor.runWorker(ThreadPoolExecutor.java:1149)
	at java.util.concurrent.ThreadPoolExecutor$Worker.run(ThreadPoolExecutor.java:624)
	... 1 more
Caused by: org.apache.ratis.thirdparty.io.netty.channel.AbstractChannel$AnnotatedConnectException: Connection refused: /192.168.34.56:44872
	at sun.nio.ch.SocketChannelImpl.checkConnect(Native Method)
	at sun.nio.ch.SocketChannelImpl.finishConnect(SocketChannelImpl.java:717)
	at org.apache.ratis.thirdparty.io.netty.channel.socket.nio.NioSocketChannel.doFinishConnect(NioSocketChannel.java:327)
	at org.apache.ratis.thirdparty.io.netty.channel.nio.AbstractNioChannel$AbstractNioUnsafe.finishConnect(AbstractNioChannel.java:340)
	at org.apache.ratis.thirdparty.io.netty.channel.nio.NioEventLoop.processSelectedKey(NioEventLoop.java:632)
	at org.apache.ratis.thirdparty.io.netty.channel.nio.NioEventLoop.processSelectedKeysOptimized(NioEventLoop.java:579)
	at org.apache.ratis.thirdparty.io.netty.channel.nio.NioEventLoop.processSelectedKeys(NioEventLoop.java:496)
	at org.apache.ratis.thirdparty.io.netty.channel.nio.NioEventLoop.run(NioEventLoop.java:458)
	at org.apache.ratis.thirdparty.io.netty.util.concurrent.SingleThreadEventExecutor$5.run(SingleThreadEventExecutor.java:897)
	at org.apache.ratis.thirdparty.io.netty.util.concurrent.FastThreadLocalRunnable.run(FastThreadLocalRunnable.java:30)
	... 1 more
Caused by: java.net.ConnectException: Connection refused
	... 11 more
2019-10-18 13:02:05,082 [c124d131-afb9-4343-ad4e-aaebde613043@group-FF4202234884-LeaderElection388] INFO  impl.LeaderElection (LogUtils.java:infoOrTrace(149)) -   Exception 1: {}
java.util.concurrent.ExecutionException: org.apache.ratis.thirdparty.io.grpc.StatusRuntimeException: UNAVAILABLE: io exception
	at java.util.concurrent.FutureTask.report(FutureTask.java:122)
	at java.util.concurrent.FutureTask.get(FutureTask.java:192)
	at org.apache.ratis.server.impl.LeaderElection.waitForResults(LeaderElection.java:259)
	at org.apache.ratis.server.impl.LeaderElection.askForVotes(LeaderElection.java:197)
	at org.apache.ratis.server.impl.LeaderElection.run(LeaderElection.java:133)
	at java.lang.Thread.run(Thread.java:748)
Caused by: org.apache.ratis.thirdparty.io.grpc.StatusRuntimeException: UNAVAILABLE: io exception
	at org.apache.ratis.thirdparty.io.grpc.stub.ClientCalls.toStatusRuntimeException(ClientCalls.java:233)
	at org.apache.ratis.thirdparty.io.grpc.stub.ClientCalls.getUnchecked(ClientCalls.java:214)
	at org.apache.ratis.thirdparty.io.grpc.stub.ClientCalls.blockingUnaryCall(ClientCalls.java:139)
	at org.apache.ratis.proto.grpc.RaftServerProtocolServiceGrpc$RaftServerProtocolServiceBlockingStub.requestVote(RaftServerProtocolServiceGrpc.java:265)
	at org.apache.ratis.grpc.server.GrpcServerProtocolClient.requestVote(GrpcServerProtocolClient.java:99)
	at org.apache.ratis.grpc.server.GrpcService.requestVote(GrpcService.java:204)
	at org.apache.ratis.server.impl.LeaderElection.lambda$submitRequests$1(LeaderElection.java:234)
	at java.util.concurrent.FutureTask.run(FutureTask.java:266)
	at java.util.concurrent.Executors$RunnableAdapter.call(Executors.java:511)
	at java.util.concurrent.FutureTask.run(FutureTask.java:266)
	at java.util.concurrent.ThreadPoolExecutor.runWorker(ThreadPoolExecutor.java:1149)
	at java.util.concurrent.ThreadPoolExecutor$Worker.run(ThreadPoolExecutor.java:624)
	... 1 more
Caused by: org.apache.ratis.thirdparty.io.netty.channel.AbstractChannel$AnnotatedConnectException: Connection refused: /192.168.34.56:36658
	at sun.nio.ch.SocketChannelImpl.checkConnect(Native Method)
	at sun.nio.ch.SocketChannelImpl.finishConnect(SocketChannelImpl.java:717)
	at org.apache.ratis.thirdparty.io.netty.channel.socket.nio.NioSocketChannel.doFinishConnect(NioSocketChannel.java:327)
	at org.apache.ratis.thirdparty.io.netty.channel.nio.AbstractNioChannel$AbstractNioUnsafe.finishConnect(AbstractNioChannel.java:340)
	at org.apache.ratis.thirdparty.io.netty.channel.nio.NioEventLoop.processSelectedKey(NioEventLoop.java:632)
	at org.apache.ratis.thirdparty.io.netty.channel.nio.NioEventLoop.processSelectedKeysOptimized(NioEventLoop.java:579)
	at org.apache.ratis.thirdparty.io.netty.channel.nio.NioEventLoop.processSelectedKeys(NioEventLoop.java:496)
	at org.apache.ratis.thirdparty.io.netty.channel.nio.NioEventLoop.run(NioEventLoop.java:458)
	at org.apache.ratis.thirdparty.io.netty.util.concurrent.SingleThreadEventExecutor$5.run(SingleThreadEventExecutor.java:897)
	at org.apache.ratis.thirdparty.io.netty.util.concurrent.FastThreadLocalRunnable.run(FastThreadLocalRunnable.java:30)
	... 1 more
Caused by: java.net.ConnectException: Connection refused
	... 11 more
2019-10-18 13:02:05,083 [c124d131-afb9-4343-ad4e-aaebde613043@group-FF4202234884-LeaderElection388] INFO  impl.RaftServerImpl (RaftServerImpl.java:setRole(184)) - c124d131-afb9-4343-ad4e-aaebde613043@group-FF4202234884: changes role from CANDIDATE to FOLLOWER at term 221 for DISCOVERED_A_NEW_TERM
2019-10-18 13:02:05,083 [c124d131-afb9-4343-ad4e-aaebde613043@group-FF4202234884-LeaderElection388] INFO  impl.RoleInfo (RoleInfo.java:shutdownLeaderElection(134)) - c124d131-afb9-4343-ad4e-aaebde613043: shutdown LeaderElection
2019-10-18 13:02:05,083 [c124d131-afb9-4343-ad4e-aaebde613043@group-FF4202234884-LeaderElection388] INFO  impl.RoleInfo (RoleInfo.java:updateAndGet(143)) - c124d131-afb9-4343-ad4e-aaebde613043: start FollowerState
2019-10-18 13:02:05,198 [java.util.concurrent.ThreadPoolExecutor$Worker@7a2507ec[State = -1, empty queue]] WARN  server.GrpcLogAppender (GrpcLogAppender.java:timeoutAppendRequest(209)) - 17618ccc-f51c-4f14-92cf-842ef2c05e35@group-08BD6F798C58->32d97539-eb73-46c6-a759-05f11ff00f4c-GrpcLogAppender: appendEntries Timeout, request=17618ccc-f51c-4f14-92cf-842ef2c05e35->32d97539-eb73-46c6-a759-05f11ff00f4c#94-t10, previous=(t:10, i:19), leaderCommit=19, initializing? false, entries: <empty>
2019-10-18 13:02:05,235 [java.util.concurrent.ThreadPoolExecutor$Worker@b7e5976[State = -1, empty queue]] WARN  server.GrpcLogAppender (GrpcLogAppender.java:timeoutAppendRequest(209)) - 17618ccc-f51c-4f14-92cf-842ef2c05e35@group-08BD6F798C58->896cef04-248b-470f-8c5c-c9acb81bb157-GrpcLogAppender: appendEntries Timeout, request=17618ccc-f51c-4f14-92cf-842ef2c05e35->896cef04-248b-470f-8c5c-c9acb81bb157#96-t10, previous=(t:10, i:19), leaderCommit=19, initializing? false, entries: <empty>
2019-10-18 13:02:05,255 [Thread-2972] INFO  impl.FollowerState (FollowerState.java:run(108)) - c124d131-afb9-4343-ad4e-aaebde613043@group-FF4202234884-FollowerState: change to CANDIDATE, lastRpcTime:172ms, electionTimeout:172ms
2019-10-18 13:02:05,255 [Thread-2972] INFO  impl.RoleInfo (RoleInfo.java:shutdownFollowerState(121)) - c124d131-afb9-4343-ad4e-aaebde613043: shutdown FollowerState
2019-10-18 13:02:05,255 [Thread-2972] INFO  impl.RaftServerImpl (RaftServerImpl.java:setRole(184)) - c124d131-afb9-4343-ad4e-aaebde613043@group-FF4202234884: changes role from  FOLLOWER to CANDIDATE at term 221 for changeToCandidate
2019-10-18 13:02:05,256 [Thread-2972] INFO  impl.RoleInfo (RoleInfo.java:updateAndGet(143)) - c124d131-afb9-4343-ad4e-aaebde613043: start LeaderElection
2019-10-18 13:02:05,309 [c124d131-afb9-4343-ad4e-aaebde613043@group-FF4202234884-LeaderElection389] INFO  impl.LeaderElection (LeaderElection.java:askForVotes(178)) - c124d131-afb9-4343-ad4e-aaebde613043@group-FF4202234884-LeaderElection389: begin an election at term 222 for -1: [999343e7-0330-4874-a345-91eca72585e0:192.168.34.56:44872, c124d131-afb9-4343-ad4e-aaebde613043:192.168.34.56:42116, e5bb327f-cdd7-4e49-919e-13a4c895fddf:192.168.34.56:36658], old=null
2019-10-18 13:02:05,310 [c124d131-afb9-4343-ad4e-aaebde613043@group-FF4202234884-LeaderElection389] INFO  impl.LeaderElection (LogUtils.java:infoOrTrace(149)) - c124d131-afb9-4343-ad4e-aaebde613043@group-FF4202234884-LeaderElection389 got exception when requesting votes: {}
java.util.concurrent.ExecutionException: org.apache.ratis.thirdparty.io.grpc.StatusRuntimeException: UNAVAILABLE: io exception
	at java.util.concurrent.FutureTask.report(FutureTask.java:122)
	at java.util.concurrent.FutureTask.get(FutureTask.java:192)
	at org.apache.ratis.server.impl.LeaderElection.waitForResults(LeaderElection.java:259)
	at org.apache.ratis.server.impl.LeaderElection.askForVotes(LeaderElection.java:197)
	at org.apache.ratis.server.impl.LeaderElection.run(LeaderElection.java:133)
	at java.lang.Thread.run(Thread.java:748)
Caused by: org.apache.ratis.thirdparty.io.grpc.StatusRuntimeException: UNAVAILABLE: io exception
	at org.apache.ratis.thirdparty.io.grpc.stub.ClientCalls.toStatusRuntimeException(ClientCalls.java:233)
	at org.apache.ratis.thirdparty.io.grpc.stub.ClientCalls.getUnchecked(ClientCalls.java:214)
	at org.apache.ratis.thirdparty.io.grpc.stub.ClientCalls.blockingUnaryCall(ClientCalls.java:139)
	at org.apache.ratis.proto.grpc.RaftServerProtocolServiceGrpc$RaftServerProtocolServiceBlockingStub.requestVote(RaftServerProtocolServiceGrpc.java:265)
	at org.apache.ratis.grpc.server.GrpcServerProtocolClient.requestVote(GrpcServerProtocolClient.java:99)
	at org.apache.ratis.grpc.server.GrpcService.requestVote(GrpcService.java:204)
	at org.apache.ratis.server.impl.LeaderElection.lambda$submitRequests$1(LeaderElection.java:234)
	at java.util.concurrent.FutureTask.run(FutureTask.java:266)
	at java.util.concurrent.Executors$RunnableAdapter.call(Executors.java:511)
	at java.util.concurrent.FutureTask.run(FutureTask.java:266)
	at java.util.concurrent.ThreadPoolExecutor.runWorker(ThreadPoolExecutor.java:1149)
	at java.util.concurrent.ThreadPoolExecutor$Worker.run(ThreadPoolExecutor.java:624)
	... 1 more
Caused by: org.apache.ratis.thirdparty.io.netty.channel.AbstractChannel$AnnotatedConnectException: Connection refused: /192.168.34.56:44872
	at sun.nio.ch.SocketChannelImpl.checkConnect(Native Method)
	at sun.nio.ch.SocketChannelImpl.finishConnect(SocketChannelImpl.java:717)
	at org.apache.ratis.thirdparty.io.netty.channel.socket.nio.NioSocketChannel.doFinishConnect(NioSocketChannel.java:327)
	at org.apache.ratis.thirdparty.io.netty.channel.nio.AbstractNioChannel$AbstractNioUnsafe.finishConnect(AbstractNioChannel.java:340)
	at org.apache.ratis.thirdparty.io.netty.channel.nio.NioEventLoop.processSelectedKey(NioEventLoop.java:632)
	at org.apache.ratis.thirdparty.io.netty.channel.nio.NioEventLoop.processSelectedKeysOptimized(NioEventLoop.java:579)
	at org.apache.ratis.thirdparty.io.netty.channel.nio.NioEventLoop.processSelectedKeys(NioEventLoop.java:496)
	at org.apache.ratis.thirdparty.io.netty.channel.nio.NioEventLoop.run(NioEventLoop.java:458)
	at org.apache.ratis.thirdparty.io.netty.util.concurrent.SingleThreadEventExecutor$5.run(SingleThreadEventExecutor.java:897)
	at org.apache.ratis.thirdparty.io.netty.util.concurrent.FastThreadLocalRunnable.run(FastThreadLocalRunnable.java:30)
	... 1 more
Caused by: java.net.ConnectException: Connection refused
	... 11 more
2019-10-18 13:02:05,311 [c124d131-afb9-4343-ad4e-aaebde613043@group-FF4202234884-LeaderElection389] INFO  impl.LeaderElection (LogUtils.java:infoOrTrace(149)) - c124d131-afb9-4343-ad4e-aaebde613043@group-FF4202234884-LeaderElection389 got exception when requesting votes: {}
java.util.concurrent.ExecutionException: org.apache.ratis.thirdparty.io.grpc.StatusRuntimeException: UNAVAILABLE: io exception
	at java.util.concurrent.FutureTask.report(FutureTask.java:122)
	at java.util.concurrent.FutureTask.get(FutureTask.java:192)
	at org.apache.ratis.server.impl.LeaderElection.waitForResults(LeaderElection.java:259)
	at org.apache.ratis.server.impl.LeaderElection.askForVotes(LeaderElection.java:197)
	at org.apache.ratis.server.impl.LeaderElection.run(LeaderElection.java:133)
	at java.lang.Thread.run(Thread.java:748)
Caused by: org.apache.ratis.thirdparty.io.grpc.StatusRuntimeException: UNAVAILABLE: io exception
	at org.apache.ratis.thirdparty.io.grpc.stub.ClientCalls.toStatusRuntimeException(ClientCalls.java:233)
	at org.apache.ratis.thirdparty.io.grpc.stub.ClientCalls.getUnchecked(ClientCalls.java:214)
	at org.apache.ratis.thirdparty.io.grpc.stub.ClientCalls.blockingUnaryCall(ClientCalls.java:139)
	at org.apache.ratis.proto.grpc.RaftServerProtocolServiceGrpc$RaftServerProtocolServiceBlockingStub.requestVote(RaftServerProtocolServiceGrpc.java:265)
	at org.apache.ratis.grpc.server.GrpcServerProtocolClient.requestVote(GrpcServerProtocolClient.java:99)
	at org.apache.ratis.grpc.server.GrpcService.requestVote(GrpcService.java:204)
	at org.apache.ratis.server.impl.LeaderElection.lambda$submitRequests$1(LeaderElection.java:234)
	at java.util.concurrent.FutureTask.run(FutureTask.java:266)
	at java.util.concurrent.Executors$RunnableAdapter.call(Executors.java:511)
	at java.util.concurrent.FutureTask.run(FutureTask.java:266)
	at java.util.concurrent.ThreadPoolExecutor.runWorker(ThreadPoolExecutor.java:1149)
	at java.util.concurrent.ThreadPoolExecutor$Worker.run(ThreadPoolExecutor.java:624)
	... 1 more
Caused by: org.apache.ratis.thirdparty.io.netty.channel.AbstractChannel$AnnotatedConnectException: Connection refused: /192.168.34.56:36658
	at sun.nio.ch.SocketChannelImpl.checkConnect(Native Method)
	at sun.nio.ch.SocketChannelImpl.finishConnect(SocketChannelImpl.java:717)
	at org.apache.ratis.thirdparty.io.netty.channel.socket.nio.NioSocketChannel.doFinishConnect(NioSocketChannel.java:327)
	at org.apache.ratis.thirdparty.io.netty.channel.nio.AbstractNioChannel$AbstractNioUnsafe.finishConnect(AbstractNioChannel.java:340)
	at org.apache.ratis.thirdparty.io.netty.channel.nio.NioEventLoop.processSelectedKey(NioEventLoop.java:632)
	at org.apache.ratis.thirdparty.io.netty.channel.nio.NioEventLoop.processSelectedKeysOptimized(NioEventLoop.java:579)
	at org.apache.ratis.thirdparty.io.netty.channel.nio.NioEventLoop.processSelectedKeys(NioEventLoop.java:496)
	at org.apache.ratis.thirdparty.io.netty.channel.nio.NioEventLoop.run(NioEventLoop.java:458)
	at org.apache.ratis.thirdparty.io.netty.util.concurrent.SingleThreadEventExecutor$5.run(SingleThreadEventExecutor.java:897)
	at org.apache.ratis.thirdparty.io.netty.util.concurrent.FastThreadLocalRunnable.run(FastThreadLocalRunnable.java:30)
	... 1 more
Caused by: java.net.ConnectException: Connection refused
	... 11 more
2019-10-18 13:02:05,311 [c124d131-afb9-4343-ad4e-aaebde613043@group-FF4202234884-LeaderElection389] INFO  impl.LeaderElection (LeaderElection.java:logAndReturn(56)) - c124d131-afb9-4343-ad4e-aaebde613043@group-FF4202234884-LeaderElection389: Election REJECTED; received 0 response(s) [] and 2 exception(s); c124d131-afb9-4343-ad4e-aaebde613043@group-FF4202234884:t222, leader=null, voted=c124d131-afb9-4343-ad4e-aaebde613043, raftlog=c124d131-afb9-4343-ad4e-aaebde613043@group-FF4202234884-SegmentedRaftLog:OPENED:c-1,f-1,i0, conf=-1: [999343e7-0330-4874-a345-91eca72585e0:192.168.34.56:44872, c124d131-afb9-4343-ad4e-aaebde613043:192.168.34.56:42116, e5bb327f-cdd7-4e49-919e-13a4c895fddf:192.168.34.56:36658], old=null
2019-10-18 13:02:05,311 [c124d131-afb9-4343-ad4e-aaebde613043@group-FF4202234884-LeaderElection389] INFO  impl.LeaderElection (LogUtils.java:infoOrTrace(149)) -   Exception 0: {}
java.util.concurrent.ExecutionException: org.apache.ratis.thirdparty.io.grpc.StatusRuntimeException: UNAVAILABLE: io exception
	at java.util.concurrent.FutureTask.report(FutureTask.java:122)
	at java.util.concurrent.FutureTask.get(FutureTask.java:192)
	at org.apache.ratis.server.impl.LeaderElection.waitForResults(LeaderElection.java:259)
	at org.apache.ratis.server.impl.LeaderElection.askForVotes(LeaderElection.java:197)
	at org.apache.ratis.server.impl.LeaderElection.run(LeaderElection.java:133)
	at java.lang.Thread.run(Thread.java:748)
Caused by: org.apache.ratis.thirdparty.io.grpc.StatusRuntimeException: UNAVAILABLE: io exception
	at org.apache.ratis.thirdparty.io.grpc.stub.ClientCalls.toStatusRuntimeException(ClientCalls.java:233)
	at org.apache.ratis.thirdparty.io.grpc.stub.ClientCalls.getUnchecked(ClientCalls.java:214)
	at org.apache.ratis.thirdparty.io.grpc.stub.ClientCalls.blockingUnaryCall(ClientCalls.java:139)
	at org.apache.ratis.proto.grpc.RaftServerProtocolServiceGrpc$RaftServerProtocolServiceBlockingStub.requestVote(RaftServerProtocolServiceGrpc.java:265)
	at org.apache.ratis.grpc.server.GrpcServerProtocolClient.requestVote(GrpcServerProtocolClient.java:99)
	at org.apache.ratis.grpc.server.GrpcService.requestVote(GrpcService.java:204)
	at org.apache.ratis.server.impl.LeaderElection.lambda$submitRequests$1(LeaderElection.java:234)
	at java.util.concurrent.FutureTask.run(FutureTask.java:266)
	at java.util.concurrent.Executors$RunnableAdapter.call(Executors.java:511)
	at java.util.concurrent.FutureTask.run(FutureTask.java:266)
	at java.util.concurrent.ThreadPoolExecutor.runWorker(ThreadPoolExecutor.java:1149)
	at java.util.concurrent.ThreadPoolExecutor$Worker.run(ThreadPoolExecutor.java:624)
	... 1 more
Caused by: org.apache.ratis.thirdparty.io.netty.channel.AbstractChannel$AnnotatedConnectException: Connection refused: /192.168.34.56:44872
	at sun.nio.ch.SocketChannelImpl.checkConnect(Native Method)
	at sun.nio.ch.SocketChannelImpl.finishConnect(SocketChannelImpl.java:717)
	at org.apache.ratis.thirdparty.io.netty.channel.socket.nio.NioSocketChannel.doFinishConnect(NioSocketChannel.java:327)
	at org.apache.ratis.thirdparty.io.netty.channel.nio.AbstractNioChannel$AbstractNioUnsafe.finishConnect(AbstractNioChannel.java:340)
	at org.apache.ratis.thirdparty.io.netty.channel.nio.NioEventLoop.processSelectedKey(NioEventLoop.java:632)
	at org.apache.ratis.thirdparty.io.netty.channel.nio.NioEventLoop.processSelectedKeysOptimized(NioEventLoop.java:579)
	at org.apache.ratis.thirdparty.io.netty.channel.nio.NioEventLoop.processSelectedKeys(NioEventLoop.java:496)
	at org.apache.ratis.thirdparty.io.netty.channel.nio.NioEventLoop.run(NioEventLoop.java:458)
	at org.apache.ratis.thirdparty.io.netty.util.concurrent.SingleThreadEventExecutor$5.run(SingleThreadEventExecutor.java:897)
	at org.apache.ratis.thirdparty.io.netty.util.concurrent.FastThreadLocalRunnable.run(FastThreadLocalRunnable.java:30)
	... 1 more
Caused by: java.net.ConnectException: Connection refused
	... 11 more
2019-10-18 13:02:05,311 [c124d131-afb9-4343-ad4e-aaebde613043@group-FF4202234884-LeaderElection389] INFO  impl.LeaderElection (LogUtils.java:infoOrTrace(149)) -   Exception 1: {}
java.util.concurrent.ExecutionException: org.apache.ratis.thirdparty.io.grpc.StatusRuntimeException: UNAVAILABLE: io exception
	at java.util.concurrent.FutureTask.report(FutureTask.java:122)
	at java.util.concurrent.FutureTask.get(FutureTask.java:192)
	at org.apache.ratis.server.impl.LeaderElection.waitForResults(LeaderElection.java:259)
	at org.apache.ratis.server.impl.LeaderElection.askForVotes(LeaderElection.java:197)
	at org.apache.ratis.server.impl.LeaderElection.run(LeaderElection.java:133)
	at java.lang.Thread.run(Thread.java:748)
Caused by: org.apache.ratis.thirdparty.io.grpc.StatusRuntimeException: UNAVAILABLE: io exception
	at org.apache.ratis.thirdparty.io.grpc.stub.ClientCalls.toStatusRuntimeException(ClientCalls.java:233)
	at org.apache.ratis.thirdparty.io.grpc.stub.ClientCalls.getUnchecked(ClientCalls.java:214)
	at org.apache.ratis.thirdparty.io.grpc.stub.ClientCalls.blockingUnaryCall(ClientCalls.java:139)
	at org.apache.ratis.proto.grpc.RaftServerProtocolServiceGrpc$RaftServerProtocolServiceBlockingStub.requestVote(RaftServerProtocolServiceGrpc.java:265)
	at org.apache.ratis.grpc.server.GrpcServerProtocolClient.requestVote(GrpcServerProtocolClient.java:99)
	at org.apache.ratis.grpc.server.GrpcService.requestVote(GrpcService.java:204)
	at org.apache.ratis.server.impl.LeaderElection.lambda$submitRequests$1(LeaderElection.java:234)
	at java.util.concurrent.FutureTask.run(FutureTask.java:266)
	at java.util.concurrent.Executors$RunnableAdapter.call(Executors.java:511)
	at java.util.concurrent.FutureTask.run(FutureTask.java:266)
	at java.util.concurrent.ThreadPoolExecutor.runWorker(ThreadPoolExecutor.java:1149)
	at java.util.concurrent.ThreadPoolExecutor$Worker.run(ThreadPoolExecutor.java:624)
	... 1 more
Caused by: org.apache.ratis.thirdparty.io.netty.channel.AbstractChannel$AnnotatedConnectException: Connection refused: /192.168.34.56:36658
	at sun.nio.ch.SocketChannelImpl.checkConnect(Native Method)
	at sun.nio.ch.SocketChannelImpl.finishConnect(SocketChannelImpl.java:717)
	at org.apache.ratis.thirdparty.io.netty.channel.socket.nio.NioSocketChannel.doFinishConnect(NioSocketChannel.java:327)
	at org.apache.ratis.thirdparty.io.netty.channel.nio.AbstractNioChannel$AbstractNioUnsafe.finishConnect(AbstractNioChannel.java:340)
	at org.apache.ratis.thirdparty.io.netty.channel.nio.NioEventLoop.processSelectedKey(NioEventLoop.java:632)
	at org.apache.ratis.thirdparty.io.netty.channel.nio.NioEventLoop.processSelectedKeysOptimized(NioEventLoop.java:579)
	at org.apache.ratis.thirdparty.io.netty.channel.nio.NioEventLoop.processSelectedKeys(NioEventLoop.java:496)
	at org.apache.ratis.thirdparty.io.netty.channel.nio.NioEventLoop.run(NioEventLoop.java:458)
	at org.apache.ratis.thirdparty.io.netty.util.concurrent.SingleThreadEventExecutor$5.run(SingleThreadEventExecutor.java:897)
	at org.apache.ratis.thirdparty.io.netty.util.concurrent.FastThreadLocalRunnable.run(FastThreadLocalRunnable.java:30)
	... 1 more
Caused by: java.net.ConnectException: Connection refused
	... 11 more
2019-10-18 13:02:05,312 [c124d131-afb9-4343-ad4e-aaebde613043@group-FF4202234884-LeaderElection389] INFO  impl.RaftServerImpl (RaftServerImpl.java:setRole(184)) - c124d131-afb9-4343-ad4e-aaebde613043@group-FF4202234884: changes role from CANDIDATE to FOLLOWER at term 222 for DISCOVERED_A_NEW_TERM
2019-10-18 13:02:05,312 [c124d131-afb9-4343-ad4e-aaebde613043@group-FF4202234884-LeaderElection389] INFO  impl.RoleInfo (RoleInfo.java:shutdownLeaderElection(134)) - c124d131-afb9-4343-ad4e-aaebde613043: shutdown LeaderElection
2019-10-18 13:02:05,312 [c124d131-afb9-4343-ad4e-aaebde613043@group-FF4202234884-LeaderElection389] INFO  impl.RoleInfo (RoleInfo.java:updateAndGet(143)) - c124d131-afb9-4343-ad4e-aaebde613043: start FollowerState
2019-10-18 13:02:05,398 [Thread-2976] INFO  impl.FollowerState (FollowerState.java:run(108)) - c124d131-afb9-4343-ad4e-aaebde613043@group-FF4202234884-FollowerState: change to CANDIDATE, lastRpcTime:86ms, electionTimeout:86ms
2019-10-18 13:02:05,398 [Thread-2976] INFO  impl.RoleInfo (RoleInfo.java:shutdownFollowerState(121)) - c124d131-afb9-4343-ad4e-aaebde613043: shutdown FollowerState
2019-10-18 13:02:05,398 [Thread-2976] INFO  impl.RaftServerImpl (RaftServerImpl.java:setRole(184)) - c124d131-afb9-4343-ad4e-aaebde613043@group-FF4202234884: changes role from  FOLLOWER to CANDIDATE at term 222 for changeToCandidate
2019-10-18 13:02:05,399 [Thread-2976] INFO  impl.RoleInfo (RoleInfo.java:updateAndGet(143)) - c124d131-afb9-4343-ad4e-aaebde613043: start LeaderElection
2019-10-18 13:02:05,438 [c124d131-afb9-4343-ad4e-aaebde613043@group-FF4202234884-LeaderElection390] INFO  impl.LeaderElection (LeaderElection.java:askForVotes(178)) - c124d131-afb9-4343-ad4e-aaebde613043@group-FF4202234884-LeaderElection390: begin an election at term 223 for -1: [999343e7-0330-4874-a345-91eca72585e0:192.168.34.56:44872, c124d131-afb9-4343-ad4e-aaebde613043:192.168.34.56:42116, e5bb327f-cdd7-4e49-919e-13a4c895fddf:192.168.34.56:36658], old=null
2019-10-18 13:02:05,439 [c124d131-afb9-4343-ad4e-aaebde613043@group-FF4202234884-LeaderElection390] INFO  impl.LeaderElection (LogUtils.java:infoOrTrace(149)) - c124d131-afb9-4343-ad4e-aaebde613043@group-FF4202234884-LeaderElection390 got exception when requesting votes: {}
java.util.concurrent.ExecutionException: org.apache.ratis.thirdparty.io.grpc.StatusRuntimeException: UNAVAILABLE: io exception
	at java.util.concurrent.FutureTask.report(FutureTask.java:122)
	at java.util.concurrent.FutureTask.get(FutureTask.java:192)
	at org.apache.ratis.server.impl.LeaderElection.waitForResults(LeaderElection.java:259)
	at org.apache.ratis.server.impl.LeaderElection.askForVotes(LeaderElection.java:197)
	at org.apache.ratis.server.impl.LeaderElection.run(LeaderElection.java:133)
	at java.lang.Thread.run(Thread.java:748)
Caused by: org.apache.ratis.thirdparty.io.grpc.StatusRuntimeException: UNAVAILABLE: io exception
	at org.apache.ratis.thirdparty.io.grpc.stub.ClientCalls.toStatusRuntimeException(ClientCalls.java:233)
	at org.apache.ratis.thirdparty.io.grpc.stub.ClientCalls.getUnchecked(ClientCalls.java:214)
	at org.apache.ratis.thirdparty.io.grpc.stub.ClientCalls.blockingUnaryCall(ClientCalls.java:139)
	at org.apache.ratis.proto.grpc.RaftServerProtocolServiceGrpc$RaftServerProtocolServiceBlockingStub.requestVote(RaftServerProtocolServiceGrpc.java:265)
	at org.apache.ratis.grpc.server.GrpcServerProtocolClient.requestVote(GrpcServerProtocolClient.java:99)
	at org.apache.ratis.grpc.server.GrpcService.requestVote(GrpcService.java:204)
	at org.apache.ratis.server.impl.LeaderElection.lambda$submitRequests$1(LeaderElection.java:234)
	at java.util.concurrent.FutureTask.run(FutureTask.java:266)
	at java.util.concurrent.Executors$RunnableAdapter.call(Executors.java:511)
	at java.util.concurrent.FutureTask.run(FutureTask.java:266)
	at java.util.concurrent.ThreadPoolExecutor.runWorker(ThreadPoolExecutor.java:1149)
	at java.util.concurrent.ThreadPoolExecutor$Worker.run(ThreadPoolExecutor.java:624)
	... 1 more
Caused by: org.apache.ratis.thirdparty.io.netty.channel.AbstractChannel$AnnotatedConnectException: Connection refused: /192.168.34.56:36658
	at sun.nio.ch.SocketChannelImpl.checkConnect(Native Method)
	at sun.nio.ch.SocketChannelImpl.finishConnect(SocketChannelImpl.java:717)
	at org.apache.ratis.thirdparty.io.netty.channel.socket.nio.NioSocketChannel.doFinishConnect(NioSocketChannel.java:327)
	at org.apache.ratis.thirdparty.io.netty.channel.nio.AbstractNioChannel$AbstractNioUnsafe.finishConnect(AbstractNioChannel.java:340)
	at org.apache.ratis.thirdparty.io.netty.channel.nio.NioEventLoop.processSelectedKey(NioEventLoop.java:632)
	at org.apache.ratis.thirdparty.io.netty.channel.nio.NioEventLoop.processSelectedKeysOptimized(NioEventLoop.java:579)
	at org.apache.ratis.thirdparty.io.netty.channel.nio.NioEventLoop.processSelectedKeys(NioEventLoop.java:496)
	at org.apache.ratis.thirdparty.io.netty.channel.nio.NioEventLoop.run(NioEventLoop.java:458)
	at org.apache.ratis.thirdparty.io.netty.util.concurrent.SingleThreadEventExecutor$5.run(SingleThreadEventExecutor.java:897)
	at org.apache.ratis.thirdparty.io.netty.util.concurrent.FastThreadLocalRunnable.run(FastThreadLocalRunnable.java:30)
	... 1 more
Caused by: java.net.ConnectException: Connection refused
	... 11 more
2019-10-18 13:02:05,439 [c124d131-afb9-4343-ad4e-aaebde613043@group-FF4202234884-LeaderElection390] INFO  impl.LeaderElection (LogUtils.java:infoOrTrace(149)) - c124d131-afb9-4343-ad4e-aaebde613043@group-FF4202234884-LeaderElection390 got exception when requesting votes: {}
java.util.concurrent.ExecutionException: org.apache.ratis.thirdparty.io.grpc.StatusRuntimeException: UNAVAILABLE: io exception
	at java.util.concurrent.FutureTask.report(FutureTask.java:122)
	at java.util.concurrent.FutureTask.get(FutureTask.java:192)
	at org.apache.ratis.server.impl.LeaderElection.waitForResults(LeaderElection.java:259)
	at org.apache.ratis.server.impl.LeaderElection.askForVotes(LeaderElection.java:197)
	at org.apache.ratis.server.impl.LeaderElection.run(LeaderElection.java:133)
	at java.lang.Thread.run(Thread.java:748)
Caused by: org.apache.ratis.thirdparty.io.grpc.StatusRuntimeException: UNAVAILABLE: io exception
	at org.apache.ratis.thirdparty.io.grpc.stub.ClientCalls.toStatusRuntimeException(ClientCalls.java:233)
	at org.apache.ratis.thirdparty.io.grpc.stub.ClientCalls.getUnchecked(ClientCalls.java:214)
	at org.apache.ratis.thirdparty.io.grpc.stub.ClientCalls.blockingUnaryCall(ClientCalls.java:139)
	at org.apache.ratis.proto.grpc.RaftServerProtocolServiceGrpc$RaftServerProtocolServiceBlockingStub.requestVote(RaftServerProtocolServiceGrpc.java:265)
	at org.apache.ratis.grpc.server.GrpcServerProtocolClient.requestVote(GrpcServerProtocolClient.java:99)
	at org.apache.ratis.grpc.server.GrpcService.requestVote(GrpcService.java:204)
	at org.apache.ratis.server.impl.LeaderElection.lambda$submitRequests$1(LeaderElection.java:234)
	at java.util.concurrent.FutureTask.run(FutureTask.java:266)
	at java.util.concurrent.Executors$RunnableAdapter.call(Executors.java:511)
	at java.util.concurrent.FutureTask.run(FutureTask.java:266)
	at java.util.concurrent.ThreadPoolExecutor.runWorker(ThreadPoolExecutor.java:1149)
	at java.util.concurrent.ThreadPoolExecutor$Worker.run(ThreadPoolExecutor.java:624)
	... 1 more
Caused by: org.apache.ratis.thirdparty.io.netty.channel.AbstractChannel$AnnotatedConnectException: Connection refused: /192.168.34.56:44872
	at sun.nio.ch.SocketChannelImpl.checkConnect(Native Method)
	at sun.nio.ch.SocketChannelImpl.finishConnect(SocketChannelImpl.java:717)
	at org.apache.ratis.thirdparty.io.netty.channel.socket.nio.NioSocketChannel.doFinishConnect(NioSocketChannel.java:327)
	at org.apache.ratis.thirdparty.io.netty.channel.nio.AbstractNioChannel$AbstractNioUnsafe.finishConnect(AbstractNioChannel.java:340)
	at org.apache.ratis.thirdparty.io.netty.channel.nio.NioEventLoop.processSelectedKey(NioEventLoop.java:632)
	at org.apache.ratis.thirdparty.io.netty.channel.nio.NioEventLoop.processSelectedKeysOptimized(NioEventLoop.java:579)
	at org.apache.ratis.thirdparty.io.netty.channel.nio.NioEventLoop.processSelectedKeys(NioEventLoop.java:496)
	at org.apache.ratis.thirdparty.io.netty.channel.nio.NioEventLoop.run(NioEventLoop.java:458)
	at org.apache.ratis.thirdparty.io.netty.util.concurrent.SingleThreadEventExecutor$5.run(SingleThreadEventExecutor.java:897)
	at org.apache.ratis.thirdparty.io.netty.util.concurrent.FastThreadLocalRunnable.run(FastThreadLocalRunnable.java:30)
	... 1 more
Caused by: java.net.ConnectException: Connection refused
	... 11 more
2019-10-18 13:02:05,440 [c124d131-afb9-4343-ad4e-aaebde613043@group-FF4202234884-LeaderElection390] INFO  impl.LeaderElection (LeaderElection.java:logAndReturn(56)) - c124d131-afb9-4343-ad4e-aaebde613043@group-FF4202234884-LeaderElection390: Election REJECTED; received 0 response(s) [] and 2 exception(s); c124d131-afb9-4343-ad4e-aaebde613043@group-FF4202234884:t223, leader=null, voted=c124d131-afb9-4343-ad4e-aaebde613043, raftlog=c124d131-afb9-4343-ad4e-aaebde613043@group-FF4202234884-SegmentedRaftLog:OPENED:c-1,f-1,i0, conf=-1: [999343e7-0330-4874-a345-91eca72585e0:192.168.34.56:44872, c124d131-afb9-4343-ad4e-aaebde613043:192.168.34.56:42116, e5bb327f-cdd7-4e49-919e-13a4c895fddf:192.168.34.56:36658], old=null
2019-10-18 13:02:05,440 [c124d131-afb9-4343-ad4e-aaebde613043@group-FF4202234884-LeaderElection390] INFO  impl.LeaderElection (LogUtils.java:infoOrTrace(149)) -   Exception 0: {}
java.util.concurrent.ExecutionException: org.apache.ratis.thirdparty.io.grpc.StatusRuntimeException: UNAVAILABLE: io exception
	at java.util.concurrent.FutureTask.report(FutureTask.java:122)
	at java.util.concurrent.FutureTask.get(FutureTask.java:192)
	at org.apache.ratis.server.impl.LeaderElection.waitForResults(LeaderElection.java:259)
	at org.apache.ratis.server.impl.LeaderElection.askForVotes(LeaderElection.java:197)
	at org.apache.ratis.server.impl.LeaderElection.run(LeaderElection.java:133)
	at java.lang.Thread.run(Thread.java:748)
Caused by: org.apache.ratis.thirdparty.io.grpc.StatusRuntimeException: UNAVAILABLE: io exception
	at org.apache.ratis.thirdparty.io.grpc.stub.ClientCalls.toStatusRuntimeException(ClientCalls.java:233)
	at org.apache.ratis.thirdparty.io.grpc.stub.ClientCalls.getUnchecked(ClientCalls.java:214)
	at org.apache.ratis.thirdparty.io.grpc.stub.ClientCalls.blockingUnaryCall(ClientCalls.java:139)
	at org.apache.ratis.proto.grpc.RaftServerProtocolServiceGrpc$RaftServerProtocolServiceBlockingStub.requestVote(RaftServerProtocolServiceGrpc.java:265)
	at org.apache.ratis.grpc.server.GrpcServerProtocolClient.requestVote(GrpcServerProtocolClient.java:99)
	at org.apache.ratis.grpc.server.GrpcService.requestVote(GrpcService.java:204)
	at org.apache.ratis.server.impl.LeaderElection.lambda$submitRequests$1(LeaderElection.java:234)
	at java.util.concurrent.FutureTask.run(FutureTask.java:266)
	at java.util.concurrent.Executors$RunnableAdapter.call(Executors.java:511)
	at java.util.concurrent.FutureTask.run(FutureTask.java:266)
	at java.util.concurrent.ThreadPoolExecutor.runWorker(ThreadPoolExecutor.java:1149)
	at java.util.concurrent.ThreadPoolExecutor$Worker.run(ThreadPoolExecutor.java:624)
	... 1 more
Caused by: org.apache.ratis.thirdparty.io.netty.channel.AbstractChannel$AnnotatedConnectException: Connection refused: /192.168.34.56:36658
	at sun.nio.ch.SocketChannelImpl.checkConnect(Native Method)
	at sun.nio.ch.SocketChannelImpl.finishConnect(SocketChannelImpl.java:717)
	at org.apache.ratis.thirdparty.io.netty.channel.socket.nio.NioSocketChannel.doFinishConnect(NioSocketChannel.java:327)
	at org.apache.ratis.thirdparty.io.netty.channel.nio.AbstractNioChannel$AbstractNioUnsafe.finishConnect(AbstractNioChannel.java:340)
	at org.apache.ratis.thirdparty.io.netty.channel.nio.NioEventLoop.processSelectedKey(NioEventLoop.java:632)
	at org.apache.ratis.thirdparty.io.netty.channel.nio.NioEventLoop.processSelectedKeysOptimized(NioEventLoop.java:579)
	at org.apache.ratis.thirdparty.io.netty.channel.nio.NioEventLoop.processSelectedKeys(NioEventLoop.java:496)
	at org.apache.ratis.thirdparty.io.netty.channel.nio.NioEventLoop.run(NioEventLoop.java:458)
	at org.apache.ratis.thirdparty.io.netty.util.concurrent.SingleThreadEventExecutor$5.run(SingleThreadEventExecutor.java:897)
	at org.apache.ratis.thirdparty.io.netty.util.concurrent.FastThreadLocalRunnable.run(FastThreadLocalRunnable.java:30)
	... 1 more
Caused by: java.net.ConnectException: Connection refused
	... 11 more
2019-10-18 13:02:05,440 [c124d131-afb9-4343-ad4e-aaebde613043@group-FF4202234884-LeaderElection390] INFO  impl.LeaderElection (LogUtils.java:infoOrTrace(149)) -   Exception 1: {}
java.util.concurrent.ExecutionException: org.apache.ratis.thirdparty.io.grpc.StatusRuntimeException: UNAVAILABLE: io exception
	at java.util.concurrent.FutureTask.report(FutureTask.java:122)
	at java.util.concurrent.FutureTask.get(FutureTask.java:192)
	at org.apache.ratis.server.impl.LeaderElection.waitForResults(LeaderElection.java:259)
	at org.apache.ratis.server.impl.LeaderElection.askForVotes(LeaderElection.java:197)
	at org.apache.ratis.server.impl.LeaderElection.run(LeaderElection.java:133)
	at java.lang.Thread.run(Thread.java:748)
Caused by: org.apache.ratis.thirdparty.io.grpc.StatusRuntimeException: UNAVAILABLE: io exception
	at org.apache.ratis.thirdparty.io.grpc.stub.ClientCalls.toStatusRuntimeException(ClientCalls.java:233)
	at org.apache.ratis.thirdparty.io.grpc.stub.ClientCalls.getUnchecked(ClientCalls.java:214)
	at org.apache.ratis.thirdparty.io.grpc.stub.ClientCalls.blockingUnaryCall(ClientCalls.java:139)
	at org.apache.ratis.proto.grpc.RaftServerProtocolServiceGrpc$RaftServerProtocolServiceBlockingStub.requestVote(RaftServerProtocolServiceGrpc.java:265)
	at org.apache.ratis.grpc.server.GrpcServerProtocolClient.requestVote(GrpcServerProtocolClient.java:99)
	at org.apache.ratis.grpc.server.GrpcService.requestVote(GrpcService.java:204)
	at org.apache.ratis.server.impl.LeaderElection.lambda$submitRequests$1(LeaderElection.java:234)
	at java.util.concurrent.FutureTask.run(FutureTask.java:266)
	at java.util.concurrent.Executors$RunnableAdapter.call(Executors.java:511)
	at java.util.concurrent.FutureTask.run(FutureTask.java:266)
	at java.util.concurrent.ThreadPoolExecutor.runWorker(ThreadPoolExecutor.java:1149)
	at java.util.concurrent.ThreadPoolExecutor$Worker.run(ThreadPoolExecutor.java:624)
	... 1 more
Caused by: org.apache.ratis.thirdparty.io.netty.channel.AbstractChannel$AnnotatedConnectException: Connection refused: /192.168.34.56:44872
	at sun.nio.ch.SocketChannelImpl.checkConnect(Native Method)
	at sun.nio.ch.SocketChannelImpl.finishConnect(SocketChannelImpl.java:717)
	at org.apache.ratis.thirdparty.io.netty.channel.socket.nio.NioSocketChannel.doFinishConnect(NioSocketChannel.java:327)
	at org.apache.ratis.thirdparty.io.netty.channel.nio.AbstractNioChannel$AbstractNioUnsafe.finishConnect(AbstractNioChannel.java:340)
	at org.apache.ratis.thirdparty.io.netty.channel.nio.NioEventLoop.processSelectedKey(NioEventLoop.java:632)
	at org.apache.ratis.thirdparty.io.netty.channel.nio.NioEventLoop.processSelectedKeysOptimized(NioEventLoop.java:579)
	at org.apache.ratis.thirdparty.io.netty.channel.nio.NioEventLoop.processSelectedKeys(NioEventLoop.java:496)
	at org.apache.ratis.thirdparty.io.netty.channel.nio.NioEventLoop.run(NioEventLoop.java:458)
	at org.apache.ratis.thirdparty.io.netty.util.concurrent.SingleThreadEventExecutor$5.run(SingleThreadEventExecutor.java:897)
	at org.apache.ratis.thirdparty.io.netty.util.concurrent.FastThreadLocalRunnable.run(FastThreadLocalRunnable.java:30)
	... 1 more
Caused by: java.net.ConnectException: Connection refused
	... 11 more
2019-10-18 13:02:05,440 [c124d131-afb9-4343-ad4e-aaebde613043@group-FF4202234884-LeaderElection390] INFO  impl.RaftServerImpl (RaftServerImpl.java:setRole(184)) - c124d131-afb9-4343-ad4e-aaebde613043@group-FF4202234884: changes role from CANDIDATE to FOLLOWER at term 223 for DISCOVERED_A_NEW_TERM
2019-10-18 13:02:05,440 [c124d131-afb9-4343-ad4e-aaebde613043@group-FF4202234884-LeaderElection390] INFO  impl.RoleInfo (RoleInfo.java:shutdownLeaderElection(134)) - c124d131-afb9-4343-ad4e-aaebde613043: shutdown LeaderElection
2019-10-18 13:02:05,440 [c124d131-afb9-4343-ad4e-aaebde613043@group-FF4202234884-LeaderElection390] INFO  impl.RoleInfo (RoleInfo.java:updateAndGet(143)) - c124d131-afb9-4343-ad4e-aaebde613043: start FollowerState
2019-10-18 13:02:05,612 [Thread-2980] INFO  impl.FollowerState (FollowerState.java:run(108)) - c124d131-afb9-4343-ad4e-aaebde613043@group-FF4202234884-FollowerState: change to CANDIDATE, lastRpcTime:172ms, electionTimeout:172ms
2019-10-18 13:02:05,613 [Thread-2980] INFO  impl.RoleInfo (RoleInfo.java:shutdownFollowerState(121)) - c124d131-afb9-4343-ad4e-aaebde613043: shutdown FollowerState
2019-10-18 13:02:05,613 [Thread-2980] INFO  impl.RaftServerImpl (RaftServerImpl.java:setRole(184)) - c124d131-afb9-4343-ad4e-aaebde613043@group-FF4202234884: changes role from  FOLLOWER to CANDIDATE at term 223 for changeToCandidate
2019-10-18 13:02:05,613 [Thread-2980] INFO  impl.RoleInfo (RoleInfo.java:updateAndGet(143)) - c124d131-afb9-4343-ad4e-aaebde613043: start LeaderElection
2019-10-18 13:02:05,652 [c124d131-afb9-4343-ad4e-aaebde613043@group-FF4202234884-LeaderElection391] INFO  impl.LeaderElection (LeaderElection.java:askForVotes(178)) - c124d131-afb9-4343-ad4e-aaebde613043@group-FF4202234884-LeaderElection391: begin an election at term 224 for -1: [999343e7-0330-4874-a345-91eca72585e0:192.168.34.56:44872, c124d131-afb9-4343-ad4e-aaebde613043:192.168.34.56:42116, e5bb327f-cdd7-4e49-919e-13a4c895fddf:192.168.34.56:36658], old=null
2019-10-18 13:02:05,653 [c124d131-afb9-4343-ad4e-aaebde613043@group-FF4202234884-LeaderElection391] INFO  impl.LeaderElection (LogUtils.java:infoOrTrace(149)) - c124d131-afb9-4343-ad4e-aaebde613043@group-FF4202234884-LeaderElection391 got exception when requesting votes: {}
java.util.concurrent.ExecutionException: org.apache.ratis.thirdparty.io.grpc.StatusRuntimeException: UNAVAILABLE: io exception
	at java.util.concurrent.FutureTask.report(FutureTask.java:122)
	at java.util.concurrent.FutureTask.get(FutureTask.java:192)
	at org.apache.ratis.server.impl.LeaderElection.waitForResults(LeaderElection.java:259)
	at org.apache.ratis.server.impl.LeaderElection.askForVotes(LeaderElection.java:197)
	at org.apache.ratis.server.impl.LeaderElection.run(LeaderElection.java:133)
	at java.lang.Thread.run(Thread.java:748)
Caused by: org.apache.ratis.thirdparty.io.grpc.StatusRuntimeException: UNAVAILABLE: io exception
	at org.apache.ratis.thirdparty.io.grpc.stub.ClientCalls.toStatusRuntimeException(ClientCalls.java:233)
	at org.apache.ratis.thirdparty.io.grpc.stub.ClientCalls.getUnchecked(ClientCalls.java:214)
	at org.apache.ratis.thirdparty.io.grpc.stub.ClientCalls.blockingUnaryCall(ClientCalls.java:139)
	at org.apache.ratis.proto.grpc.RaftServerProtocolServiceGrpc$RaftServerProtocolServiceBlockingStub.requestVote(RaftServerProtocolServiceGrpc.java:265)
	at org.apache.ratis.grpc.server.GrpcServerProtocolClient.requestVote(GrpcServerProtocolClient.java:99)
	at org.apache.ratis.grpc.server.GrpcService.requestVote(GrpcService.java:204)
	at org.apache.ratis.server.impl.LeaderElection.lambda$submitRequests$1(LeaderElection.java:234)
	at java.util.concurrent.FutureTask.run(FutureTask.java:266)
	at java.util.concurrent.Executors$RunnableAdapter.call(Executors.java:511)
	at java.util.concurrent.FutureTask.run(FutureTask.java:266)
	at java.util.concurrent.ThreadPoolExecutor.runWorker(ThreadPoolExecutor.java:1149)
	at java.util.concurrent.ThreadPoolExecutor$Worker.run(ThreadPoolExecutor.java:624)
	... 1 more
Caused by: org.apache.ratis.thirdparty.io.netty.channel.AbstractChannel$AnnotatedConnectException: Connection refused: /192.168.34.56:44872
	at sun.nio.ch.SocketChannelImpl.checkConnect(Native Method)
	at sun.nio.ch.SocketChannelImpl.finishConnect(SocketChannelImpl.java:717)
	at org.apache.ratis.thirdparty.io.netty.channel.socket.nio.NioSocketChannel.doFinishConnect(NioSocketChannel.java:327)
	at org.apache.ratis.thirdparty.io.netty.channel.nio.AbstractNioChannel$AbstractNioUnsafe.finishConnect(AbstractNioChannel.java:340)
	at org.apache.ratis.thirdparty.io.netty.channel.nio.NioEventLoop.processSelectedKey(NioEventLoop.java:632)
	at org.apache.ratis.thirdparty.io.netty.channel.nio.NioEventLoop.processSelectedKeysOptimized(NioEventLoop.java:579)
	at org.apache.ratis.thirdparty.io.netty.channel.nio.NioEventLoop.processSelectedKeys(NioEventLoop.java:496)
	at org.apache.ratis.thirdparty.io.netty.channel.nio.NioEventLoop.run(NioEventLoop.java:458)
	at org.apache.ratis.thirdparty.io.netty.util.concurrent.SingleThreadEventExecutor$5.run(SingleThreadEventExecutor.java:897)
	at org.apache.ratis.thirdparty.io.netty.util.concurrent.FastThreadLocalRunnable.run(FastThreadLocalRunnable.java:30)
	... 1 more
Caused by: java.net.ConnectException: Connection refused
	... 11 more
2019-10-18 13:02:05,653 [c124d131-afb9-4343-ad4e-aaebde613043@group-FF4202234884-LeaderElection391] INFO  impl.LeaderElection (LogUtils.java:infoOrTrace(149)) - c124d131-afb9-4343-ad4e-aaebde613043@group-FF4202234884-LeaderElection391 got exception when requesting votes: {}
java.util.concurrent.ExecutionException: org.apache.ratis.thirdparty.io.grpc.StatusRuntimeException: UNAVAILABLE: io exception
	at java.util.concurrent.FutureTask.report(FutureTask.java:122)
	at java.util.concurrent.FutureTask.get(FutureTask.java:192)
	at org.apache.ratis.server.impl.LeaderElection.waitForResults(LeaderElection.java:259)
	at org.apache.ratis.server.impl.LeaderElection.askForVotes(LeaderElection.java:197)
	at org.apache.ratis.server.impl.LeaderElection.run(LeaderElection.java:133)
	at java.lang.Thread.run(Thread.java:748)
Caused by: org.apache.ratis.thirdparty.io.grpc.StatusRuntimeException: UNAVAILABLE: io exception
	at org.apache.ratis.thirdparty.io.grpc.stub.ClientCalls.toStatusRuntimeException(ClientCalls.java:233)
	at org.apache.ratis.thirdparty.io.grpc.stub.ClientCalls.getUnchecked(ClientCalls.java:214)
	at org.apache.ratis.thirdparty.io.grpc.stub.ClientCalls.blockingUnaryCall(ClientCalls.java:139)
	at org.apache.ratis.proto.grpc.RaftServerProtocolServiceGrpc$RaftServerProtocolServiceBlockingStub.requestVote(RaftServerProtocolServiceGrpc.java:265)
	at org.apache.ratis.grpc.server.GrpcServerProtocolClient.requestVote(GrpcServerProtocolClient.java:99)
	at org.apache.ratis.grpc.server.GrpcService.requestVote(GrpcService.java:204)
	at org.apache.ratis.server.impl.LeaderElection.lambda$submitRequests$1(LeaderElection.java:234)
	at java.util.concurrent.FutureTask.run(FutureTask.java:266)
	at java.util.concurrent.Executors$RunnableAdapter.call(Executors.java:511)
	at java.util.concurrent.FutureTask.run(FutureTask.java:266)
	at java.util.concurrent.ThreadPoolExecutor.runWorker(ThreadPoolExecutor.java:1149)
	at java.util.concurrent.ThreadPoolExecutor$Worker.run(ThreadPoolExecutor.java:624)
	... 1 more
Caused by: org.apache.ratis.thirdparty.io.netty.channel.AbstractChannel$AnnotatedConnectException: Connection refused: /192.168.34.56:36658
	at sun.nio.ch.SocketChannelImpl.checkConnect(Native Method)
	at sun.nio.ch.SocketChannelImpl.finishConnect(SocketChannelImpl.java:717)
	at org.apache.ratis.thirdparty.io.netty.channel.socket.nio.NioSocketChannel.doFinishConnect(NioSocketChannel.java:327)
	at org.apache.ratis.thirdparty.io.netty.channel.nio.AbstractNioChannel$AbstractNioUnsafe.finishConnect(AbstractNioChannel.java:340)
	at org.apache.ratis.thirdparty.io.netty.channel.nio.NioEventLoop.processSelectedKey(NioEventLoop.java:632)
	at org.apache.ratis.thirdparty.io.netty.channel.nio.NioEventLoop.processSelectedKeysOptimized(NioEventLoop.java:579)
	at org.apache.ratis.thirdparty.io.netty.channel.nio.NioEventLoop.processSelectedKeys(NioEventLoop.java:496)
	at org.apache.ratis.thirdparty.io.netty.channel.nio.NioEventLoop.run(NioEventLoop.java:458)
	at org.apache.ratis.thirdparty.io.netty.util.concurrent.SingleThreadEventExecutor$5.run(SingleThreadEventExecutor.java:897)
	at org.apache.ratis.thirdparty.io.netty.util.concurrent.FastThreadLocalRunnable.run(FastThreadLocalRunnable.java:30)
	... 1 more
Caused by: java.net.ConnectException: Connection refused
	... 11 more
2019-10-18 13:02:05,653 [c124d131-afb9-4343-ad4e-aaebde613043@group-FF4202234884-LeaderElection391] INFO  impl.LeaderElection (LeaderElection.java:logAndReturn(56)) - c124d131-afb9-4343-ad4e-aaebde613043@group-FF4202234884-LeaderElection391: Election REJECTED; received 0 response(s) [] and 2 exception(s); c124d131-afb9-4343-ad4e-aaebde613043@group-FF4202234884:t224, leader=null, voted=c124d131-afb9-4343-ad4e-aaebde613043, raftlog=c124d131-afb9-4343-ad4e-aaebde613043@group-FF4202234884-SegmentedRaftLog:OPENED:c-1,f-1,i0, conf=-1: [999343e7-0330-4874-a345-91eca72585e0:192.168.34.56:44872, c124d131-afb9-4343-ad4e-aaebde613043:192.168.34.56:42116, e5bb327f-cdd7-4e49-919e-13a4c895fddf:192.168.34.56:36658], old=null
2019-10-18 13:02:05,654 [c124d131-afb9-4343-ad4e-aaebde613043@group-FF4202234884-LeaderElection391] INFO  impl.LeaderElection (LogUtils.java:infoOrTrace(149)) -   Exception 0: {}
java.util.concurrent.ExecutionException: org.apache.ratis.thirdparty.io.grpc.StatusRuntimeException: UNAVAILABLE: io exception
	at java.util.concurrent.FutureTask.report(FutureTask.java:122)
	at java.util.concurrent.FutureTask.get(FutureTask.java:192)
	at org.apache.ratis.server.impl.LeaderElection.waitForResults(LeaderElection.java:259)
	at org.apache.ratis.server.impl.LeaderElection.askForVotes(LeaderElection.java:197)
	at org.apache.ratis.server.impl.LeaderElection.run(LeaderElection.java:133)
	at java.lang.Thread.run(Thread.java:748)
Caused by: org.apache.ratis.thirdparty.io.grpc.StatusRuntimeException: UNAVAILABLE: io exception
	at org.apache.ratis.thirdparty.io.grpc.stub.ClientCalls.toStatusRuntimeException(ClientCalls.java:233)
	at org.apache.ratis.thirdparty.io.grpc.stub.ClientCalls.getUnchecked(ClientCalls.java:214)
	at org.apache.ratis.thirdparty.io.grpc.stub.ClientCalls.blockingUnaryCall(ClientCalls.java:139)
	at org.apache.ratis.proto.grpc.RaftServerProtocolServiceGrpc$RaftServerProtocolServiceBlockingStub.requestVote(RaftServerProtocolServiceGrpc.java:265)
	at org.apache.ratis.grpc.server.GrpcServerProtocolClient.requestVote(GrpcServerProtocolClient.java:99)
	at org.apache.ratis.grpc.server.GrpcService.requestVote(GrpcService.java:204)
	at org.apache.ratis.server.impl.LeaderElection.lambda$submitRequests$1(LeaderElection.java:234)
	at java.util.concurrent.FutureTask.run(FutureTask.java:266)
	at java.util.concurrent.Executors$RunnableAdapter.call(Executors.java:511)
	at java.util.concurrent.FutureTask.run(FutureTask.java:266)
	at java.util.concurrent.ThreadPoolExecutor.runWorker(ThreadPoolExecutor.java:1149)
	at java.util.concurrent.ThreadPoolExecutor$Worker.run(ThreadPoolExecutor.java:624)
	... 1 more
Caused by: org.apache.ratis.thirdparty.io.netty.channel.AbstractChannel$AnnotatedConnectException: Connection refused: /192.168.34.56:44872
	at sun.nio.ch.SocketChannelImpl.checkConnect(Native Method)
	at sun.nio.ch.SocketChannelImpl.finishConnect(SocketChannelImpl.java:717)
	at org.apache.ratis.thirdparty.io.netty.channel.socket.nio.NioSocketChannel.doFinishConnect(NioSocketChannel.java:327)
	at org.apache.ratis.thirdparty.io.netty.channel.nio.AbstractNioChannel$AbstractNioUnsafe.finishConnect(AbstractNioChannel.java:340)
	at org.apache.ratis.thirdparty.io.netty.channel.nio.NioEventLoop.processSelectedKey(NioEventLoop.java:632)
	at org.apache.ratis.thirdparty.io.netty.channel.nio.NioEventLoop.processSelectedKeysOptimized(NioEventLoop.java:579)
	at org.apache.ratis.thirdparty.io.netty.channel.nio.NioEventLoop.processSelectedKeys(NioEventLoop.java:496)
	at org.apache.ratis.thirdparty.io.netty.channel.nio.NioEventLoop.run(NioEventLoop.java:458)
	at org.apache.ratis.thirdparty.io.netty.util.concurrent.SingleThreadEventExecutor$5.run(SingleThreadEventExecutor.java:897)
	at org.apache.ratis.thirdparty.io.netty.util.concurrent.FastThreadLocalRunnable.run(FastThreadLocalRunnable.java:30)
	... 1 more
Caused by: java.net.ConnectException: Connection refused
	... 11 more
2019-10-18 13:02:05,654 [c124d131-afb9-4343-ad4e-aaebde613043@group-FF4202234884-LeaderElection391] INFO  impl.LeaderElection (LogUtils.java:infoOrTrace(149)) -   Exception 1: {}
java.util.concurrent.ExecutionException: org.apache.ratis.thirdparty.io.grpc.StatusRuntimeException: UNAVAILABLE: io exception
	at java.util.concurrent.FutureTask.report(FutureTask.java:122)
	at java.util.concurrent.FutureTask.get(FutureTask.java:192)
	at org.apache.ratis.server.impl.LeaderElection.waitForResults(LeaderElection.java:259)
	at org.apache.ratis.server.impl.LeaderElection.askForVotes(LeaderElection.java:197)
	at org.apache.ratis.server.impl.LeaderElection.run(LeaderElection.java:133)
	at java.lang.Thread.run(Thread.java:748)
Caused by: org.apache.ratis.thirdparty.io.grpc.StatusRuntimeException: UNAVAILABLE: io exception
	at org.apache.ratis.thirdparty.io.grpc.stub.ClientCalls.toStatusRuntimeException(ClientCalls.java:233)
	at org.apache.ratis.thirdparty.io.grpc.stub.ClientCalls.getUnchecked(ClientCalls.java:214)
	at org.apache.ratis.thirdparty.io.grpc.stub.ClientCalls.blockingUnaryCall(ClientCalls.java:139)
	at org.apache.ratis.proto.grpc.RaftServerProtocolServiceGrpc$RaftServerProtocolServiceBlockingStub.requestVote(RaftServerProtocolServiceGrpc.java:265)
	at org.apache.ratis.grpc.server.GrpcServerProtocolClient.requestVote(GrpcServerProtocolClient.java:99)
	at org.apache.ratis.grpc.server.GrpcService.requestVote(GrpcService.java:204)
	at org.apache.ratis.server.impl.LeaderElection.lambda$submitRequests$1(LeaderElection.java:234)
	at java.util.concurrent.FutureTask.run(FutureTask.java:266)
	at java.util.concurrent.Executors$RunnableAdapter.call(Executors.java:511)
	at java.util.concurrent.FutureTask.run(FutureTask.java:266)
	at java.util.concurrent.ThreadPoolExecutor.runWorker(ThreadPoolExecutor.java:1149)
	at java.util.concurrent.ThreadPoolExecutor$Worker.run(ThreadPoolExecutor.java:624)
	... 1 more
Caused by: org.apache.ratis.thirdparty.io.netty.channel.AbstractChannel$AnnotatedConnectException: Connection refused: /192.168.34.56:36658
	at sun.nio.ch.SocketChannelImpl.checkConnect(Native Method)
	at sun.nio.ch.SocketChannelImpl.finishConnect(SocketChannelImpl.java:717)
	at org.apache.ratis.thirdparty.io.netty.channel.socket.nio.NioSocketChannel.doFinishConnect(NioSocketChannel.java:327)
	at org.apache.ratis.thirdparty.io.netty.channel.nio.AbstractNioChannel$AbstractNioUnsafe.finishConnect(AbstractNioChannel.java:340)
	at org.apache.ratis.thirdparty.io.netty.channel.nio.NioEventLoop.processSelectedKey(NioEventLoop.java:632)
	at org.apache.ratis.thirdparty.io.netty.channel.nio.NioEventLoop.processSelectedKeysOptimized(NioEventLoop.java:579)
	at org.apache.ratis.thirdparty.io.netty.channel.nio.NioEventLoop.processSelectedKeys(NioEventLoop.java:496)
	at org.apache.ratis.thirdparty.io.netty.channel.nio.NioEventLoop.run(NioEventLoop.java:458)
	at org.apache.ratis.thirdparty.io.netty.util.concurrent.SingleThreadEventExecutor$5.run(SingleThreadEventExecutor.java:897)
	at org.apache.ratis.thirdparty.io.netty.util.concurrent.FastThreadLocalRunnable.run(FastThreadLocalRunnable.java:30)
	... 1 more
Caused by: java.net.ConnectException: Connection refused
	... 11 more
2019-10-18 13:02:05,654 [c124d131-afb9-4343-ad4e-aaebde613043@group-FF4202234884-LeaderElection391] INFO  impl.RaftServerImpl (RaftServerImpl.java:setRole(184)) - c124d131-afb9-4343-ad4e-aaebde613043@group-FF4202234884: changes role from CANDIDATE to FOLLOWER at term 224 for DISCOVERED_A_NEW_TERM
2019-10-18 13:02:05,654 [c124d131-afb9-4343-ad4e-aaebde613043@group-FF4202234884-LeaderElection391] INFO  impl.RoleInfo (RoleInfo.java:shutdownLeaderElection(134)) - c124d131-afb9-4343-ad4e-aaebde613043: shutdown LeaderElection
2019-10-18 13:02:05,654 [c124d131-afb9-4343-ad4e-aaebde613043@group-FF4202234884-LeaderElection391] INFO  impl.RoleInfo (RoleInfo.java:updateAndGet(143)) - c124d131-afb9-4343-ad4e-aaebde613043: start FollowerState
2019-10-18 13:02:05,699 [java.util.concurrent.ThreadPoolExecutor$Worker@7a2507ec[State = -1, empty queue]] WARN  server.GrpcLogAppender (GrpcLogAppender.java:timeoutAppendRequest(209)) - 17618ccc-f51c-4f14-92cf-842ef2c05e35@group-08BD6F798C58->32d97539-eb73-46c6-a759-05f11ff00f4c-GrpcLogAppender: appendEntries Timeout, request=17618ccc-f51c-4f14-92cf-842ef2c05e35->32d97539-eb73-46c6-a759-05f11ff00f4c#95-t10, previous=(t:10, i:19), leaderCommit=19, initializing? false, entries: <empty>
2019-10-18 13:02:05,704 [Thread-2984] INFO  impl.FollowerState (FollowerState.java:run(108)) - c124d131-afb9-4343-ad4e-aaebde613043@group-FF4202234884-FollowerState: change to CANDIDATE, lastRpcTime:49ms, electionTimeout:49ms
2019-10-18 13:02:05,704 [Thread-2984] INFO  impl.RoleInfo (RoleInfo.java:shutdownFollowerState(121)) - c124d131-afb9-4343-ad4e-aaebde613043: shutdown FollowerState
2019-10-18 13:02:05,704 [Thread-2984] INFO  impl.RaftServerImpl (RaftServerImpl.java:setRole(184)) - c124d131-afb9-4343-ad4e-aaebde613043@group-FF4202234884: changes role from  FOLLOWER to CANDIDATE at term 224 for changeToCandidate
2019-10-18 13:02:05,704 [Thread-2984] INFO  impl.RoleInfo (RoleInfo.java:updateAndGet(143)) - c124d131-afb9-4343-ad4e-aaebde613043: start LeaderElection
2019-10-18 13:02:05,735 [java.util.concurrent.ThreadPoolExecutor$Worker@b7e5976[State = -1, empty queue]] WARN  server.GrpcLogAppender (GrpcLogAppender.java:timeoutAppendRequest(209)) - 17618ccc-f51c-4f14-92cf-842ef2c05e35@group-08BD6F798C58->896cef04-248b-470f-8c5c-c9acb81bb157-GrpcLogAppender: appendEntries Timeout, request=17618ccc-f51c-4f14-92cf-842ef2c05e35->896cef04-248b-470f-8c5c-c9acb81bb157#97-t10, previous=(t:10, i:19), leaderCommit=19, initializing? false, entries: <empty>
2019-10-18 13:02:05,739 [c124d131-afb9-4343-ad4e-aaebde613043@group-FF4202234884-LeaderElection392] INFO  impl.LeaderElection (LeaderElection.java:askForVotes(178)) - c124d131-afb9-4343-ad4e-aaebde613043@group-FF4202234884-LeaderElection392: begin an election at term 225 for -1: [999343e7-0330-4874-a345-91eca72585e0:192.168.34.56:44872, c124d131-afb9-4343-ad4e-aaebde613043:192.168.34.56:42116, e5bb327f-cdd7-4e49-919e-13a4c895fddf:192.168.34.56:36658], old=null
2019-10-18 13:02:05,740 [c124d131-afb9-4343-ad4e-aaebde613043@group-FF4202234884-LeaderElection392] INFO  impl.LeaderElection (LogUtils.java:infoOrTrace(149)) - c124d131-afb9-4343-ad4e-aaebde613043@group-FF4202234884-LeaderElection392 got exception when requesting votes: {}
java.util.concurrent.ExecutionException: org.apache.ratis.thirdparty.io.grpc.StatusRuntimeException: UNAVAILABLE: io exception
	at java.util.concurrent.FutureTask.report(FutureTask.java:122)
	at java.util.concurrent.FutureTask.get(FutureTask.java:192)
	at org.apache.ratis.server.impl.LeaderElection.waitForResults(LeaderElection.java:259)
	at org.apache.ratis.server.impl.LeaderElection.askForVotes(LeaderElection.java:197)
	at org.apache.ratis.server.impl.LeaderElection.run(LeaderElection.java:133)
	at java.lang.Thread.run(Thread.java:748)
Caused by: org.apache.ratis.thirdparty.io.grpc.StatusRuntimeException: UNAVAILABLE: io exception
	at org.apache.ratis.thirdparty.io.grpc.stub.ClientCalls.toStatusRuntimeException(ClientCalls.java:233)
	at org.apache.ratis.thirdparty.io.grpc.stub.ClientCalls.getUnchecked(ClientCalls.java:214)
	at org.apache.ratis.thirdparty.io.grpc.stub.ClientCalls.blockingUnaryCall(ClientCalls.java:139)
	at org.apache.ratis.proto.grpc.RaftServerProtocolServiceGrpc$RaftServerProtocolServiceBlockingStub.requestVote(RaftServerProtocolServiceGrpc.java:265)
	at org.apache.ratis.grpc.server.GrpcServerProtocolClient.requestVote(GrpcServerProtocolClient.java:99)
	at org.apache.ratis.grpc.server.GrpcService.requestVote(GrpcService.java:204)
	at org.apache.ratis.server.impl.LeaderElection.lambda$submitRequests$1(LeaderElection.java:234)
	at java.util.concurrent.FutureTask.run(FutureTask.java:266)
	at java.util.concurrent.Executors$RunnableAdapter.call(Executors.java:511)
	at java.util.concurrent.FutureTask.run(FutureTask.java:266)
	at java.util.concurrent.ThreadPoolExecutor.runWorker(ThreadPoolExecutor.java:1149)
	at java.util.concurrent.ThreadPoolExecutor$Worker.run(ThreadPoolExecutor.java:624)
	... 1 more
Caused by: org.apache.ratis.thirdparty.io.netty.channel.AbstractChannel$AnnotatedConnectException: Connection refused: /192.168.34.56:44872
	at sun.nio.ch.SocketChannelImpl.checkConnect(Native Method)
	at sun.nio.ch.SocketChannelImpl.finishConnect(SocketChannelImpl.java:717)
	at org.apache.ratis.thirdparty.io.netty.channel.socket.nio.NioSocketChannel.doFinishConnect(NioSocketChannel.java:327)
	at org.apache.ratis.thirdparty.io.netty.channel.nio.AbstractNioChannel$AbstractNioUnsafe.finishConnect(AbstractNioChannel.java:340)
	at org.apache.ratis.thirdparty.io.netty.channel.nio.NioEventLoop.processSelectedKey(NioEventLoop.java:632)
	at org.apache.ratis.thirdparty.io.netty.channel.nio.NioEventLoop.processSelectedKeysOptimized(NioEventLoop.java:579)
	at org.apache.ratis.thirdparty.io.netty.channel.nio.NioEventLoop.processSelectedKeys(NioEventLoop.java:496)
	at org.apache.ratis.thirdparty.io.netty.channel.nio.NioEventLoop.run(NioEventLoop.java:458)
	at org.apache.ratis.thirdparty.io.netty.util.concurrent.SingleThreadEventExecutor$5.run(SingleThreadEventExecutor.java:897)
	at org.apache.ratis.thirdparty.io.netty.util.concurrent.FastThreadLocalRunnable.run(FastThreadLocalRunnable.java:30)
	... 1 more
Caused by: java.net.ConnectException: Connection refused
	... 11 more
2019-10-18 13:02:05,740 [c124d131-afb9-4343-ad4e-aaebde613043@group-FF4202234884-LeaderElection392] INFO  impl.LeaderElection (LogUtils.java:infoOrTrace(149)) - c124d131-afb9-4343-ad4e-aaebde613043@group-FF4202234884-LeaderElection392 got exception when requesting votes: {}
java.util.concurrent.ExecutionException: org.apache.ratis.thirdparty.io.grpc.StatusRuntimeException: UNAVAILABLE: io exception
	at java.util.concurrent.FutureTask.report(FutureTask.java:122)
	at java.util.concurrent.FutureTask.get(FutureTask.java:192)
	at org.apache.ratis.server.impl.LeaderElection.waitForResults(LeaderElection.java:259)
	at org.apache.ratis.server.impl.LeaderElection.askForVotes(LeaderElection.java:197)
	at org.apache.ratis.server.impl.LeaderElection.run(LeaderElection.java:133)
	at java.lang.Thread.run(Thread.java:748)
Caused by: org.apache.ratis.thirdparty.io.grpc.StatusRuntimeException: UNAVAILABLE: io exception
	at org.apache.ratis.thirdparty.io.grpc.stub.ClientCalls.toStatusRuntimeException(ClientCalls.java:233)
	at org.apache.ratis.thirdparty.io.grpc.stub.ClientCalls.getUnchecked(ClientCalls.java:214)
	at org.apache.ratis.thirdparty.io.grpc.stub.ClientCalls.blockingUnaryCall(ClientCalls.java:139)
	at org.apache.ratis.proto.grpc.RaftServerProtocolServiceGrpc$RaftServerProtocolServiceBlockingStub.requestVote(RaftServerProtocolServiceGrpc.java:265)
	at org.apache.ratis.grpc.server.GrpcServerProtocolClient.requestVote(GrpcServerProtocolClient.java:99)
	at org.apache.ratis.grpc.server.GrpcService.requestVote(GrpcService.java:204)
	at org.apache.ratis.server.impl.LeaderElection.lambda$submitRequests$1(LeaderElection.java:234)
	at java.util.concurrent.FutureTask.run(FutureTask.java:266)
	at java.util.concurrent.Executors$RunnableAdapter.call(Executors.java:511)
	at java.util.concurrent.FutureTask.run(FutureTask.java:266)
	at java.util.concurrent.ThreadPoolExecutor.runWorker(ThreadPoolExecutor.java:1149)
	at java.util.concurrent.ThreadPoolExecutor$Worker.run(ThreadPoolExecutor.java:624)
	... 1 more
Caused by: org.apache.ratis.thirdparty.io.netty.channel.AbstractChannel$AnnotatedConnectException: Connection refused: /192.168.34.56:36658
	at sun.nio.ch.SocketChannelImpl.checkConnect(Native Method)
	at sun.nio.ch.SocketChannelImpl.finishConnect(SocketChannelImpl.java:717)
	at org.apache.ratis.thirdparty.io.netty.channel.socket.nio.NioSocketChannel.doFinishConnect(NioSocketChannel.java:327)
	at org.apache.ratis.thirdparty.io.netty.channel.nio.AbstractNioChannel$AbstractNioUnsafe.finishConnect(AbstractNioChannel.java:340)
	at org.apache.ratis.thirdparty.io.netty.channel.nio.NioEventLoop.processSelectedKey(NioEventLoop.java:632)
	at org.apache.ratis.thirdparty.io.netty.channel.nio.NioEventLoop.processSelectedKeysOptimized(NioEventLoop.java:579)
	at org.apache.ratis.thirdparty.io.netty.channel.nio.NioEventLoop.processSelectedKeys(NioEventLoop.java:496)
	at org.apache.ratis.thirdparty.io.netty.channel.nio.NioEventLoop.run(NioEventLoop.java:458)
	at org.apache.ratis.thirdparty.io.netty.util.concurrent.SingleThreadEventExecutor$5.run(SingleThreadEventExecutor.java:897)
	at org.apache.ratis.thirdparty.io.netty.util.concurrent.FastThreadLocalRunnable.run(FastThreadLocalRunnable.java:30)
	... 1 more
Caused by: java.net.ConnectException: Connection refused
	... 11 more
2019-10-18 13:02:05,741 [c124d131-afb9-4343-ad4e-aaebde613043@group-FF4202234884-LeaderElection392] INFO  impl.LeaderElection (LeaderElection.java:logAndReturn(56)) - c124d131-afb9-4343-ad4e-aaebde613043@group-FF4202234884-LeaderElection392: Election REJECTED; received 0 response(s) [] and 2 exception(s); c124d131-afb9-4343-ad4e-aaebde613043@group-FF4202234884:t225, leader=null, voted=c124d131-afb9-4343-ad4e-aaebde613043, raftlog=c124d131-afb9-4343-ad4e-aaebde613043@group-FF4202234884-SegmentedRaftLog:OPENED:c-1,f-1,i0, conf=-1: [999343e7-0330-4874-a345-91eca72585e0:192.168.34.56:44872, c124d131-afb9-4343-ad4e-aaebde613043:192.168.34.56:42116, e5bb327f-cdd7-4e49-919e-13a4c895fddf:192.168.34.56:36658], old=null
2019-10-18 13:02:05,741 [c124d131-afb9-4343-ad4e-aaebde613043@group-FF4202234884-LeaderElection392] INFO  impl.LeaderElection (LogUtils.java:infoOrTrace(149)) -   Exception 0: {}
java.util.concurrent.ExecutionException: org.apache.ratis.thirdparty.io.grpc.StatusRuntimeException: UNAVAILABLE: io exception
	at java.util.concurrent.FutureTask.report(FutureTask.java:122)
	at java.util.concurrent.FutureTask.get(FutureTask.java:192)
	at org.apache.ratis.server.impl.LeaderElection.waitForResults(LeaderElection.java:259)
	at org.apache.ratis.server.impl.LeaderElection.askForVotes(LeaderElection.java:197)
	at org.apache.ratis.server.impl.LeaderElection.run(LeaderElection.java:133)
	at java.lang.Thread.run(Thread.java:748)
Caused by: org.apache.ratis.thirdparty.io.grpc.StatusRuntimeException: UNAVAILABLE: io exception
	at org.apache.ratis.thirdparty.io.grpc.stub.ClientCalls.toStatusRuntimeException(ClientCalls.java:233)
	at org.apache.ratis.thirdparty.io.grpc.stub.ClientCalls.getUnchecked(ClientCalls.java:214)
	at org.apache.ratis.thirdparty.io.grpc.stub.ClientCalls.blockingUnaryCall(ClientCalls.java:139)
	at org.apache.ratis.proto.grpc.RaftServerProtocolServiceGrpc$RaftServerProtocolServiceBlockingStub.requestVote(RaftServerProtocolServiceGrpc.java:265)
	at org.apache.ratis.grpc.server.GrpcServerProtocolClient.requestVote(GrpcServerProtocolClient.java:99)
	at org.apache.ratis.grpc.server.GrpcService.requestVote(GrpcService.java:204)
	at org.apache.ratis.server.impl.LeaderElection.lambda$submitRequests$1(LeaderElection.java:234)
	at java.util.concurrent.FutureTask.run(FutureTask.java:266)
	at java.util.concurrent.Executors$RunnableAdapter.call(Executors.java:511)
	at java.util.concurrent.FutureTask.run(FutureTask.java:266)
	at java.util.concurrent.ThreadPoolExecutor.runWorker(ThreadPoolExecutor.java:1149)
	at java.util.concurrent.ThreadPoolExecutor$Worker.run(ThreadPoolExecutor.java:624)
	... 1 more
Caused by: org.apache.ratis.thirdparty.io.netty.channel.AbstractChannel$AnnotatedConnectException: Connection refused: /192.168.34.56:44872
	at sun.nio.ch.SocketChannelImpl.checkConnect(Native Method)
	at sun.nio.ch.SocketChannelImpl.finishConnect(SocketChannelImpl.java:717)
	at org.apache.ratis.thirdparty.io.netty.channel.socket.nio.NioSocketChannel.doFinishConnect(NioSocketChannel.java:327)
	at org.apache.ratis.thirdparty.io.netty.channel.nio.AbstractNioChannel$AbstractNioUnsafe.finishConnect(AbstractNioChannel.java:340)
	at org.apache.ratis.thirdparty.io.netty.channel.nio.NioEventLoop.processSelectedKey(NioEventLoop.java:632)
	at org.apache.ratis.thirdparty.io.netty.channel.nio.NioEventLoop.processSelectedKeysOptimized(NioEventLoop.java:579)
	at org.apache.ratis.thirdparty.io.netty.channel.nio.NioEventLoop.processSelectedKeys(NioEventLoop.java:496)
	at org.apache.ratis.thirdparty.io.netty.channel.nio.NioEventLoop.run(NioEventLoop.java:458)
	at org.apache.ratis.thirdparty.io.netty.util.concurrent.SingleThreadEventExecutor$5.run(SingleThreadEventExecutor.java:897)
	at org.apache.ratis.thirdparty.io.netty.util.concurrent.FastThreadLocalRunnable.run(FastThreadLocalRunnable.java:30)
	... 1 more
Caused by: java.net.ConnectException: Connection refused
	... 11 more
2019-10-18 13:02:05,741 [c124d131-afb9-4343-ad4e-aaebde613043@group-FF4202234884-LeaderElection392] INFO  impl.LeaderElection (LogUtils.java:infoOrTrace(149)) -   Exception 1: {}
java.util.concurrent.ExecutionException: org.apache.ratis.thirdparty.io.grpc.StatusRuntimeException: UNAVAILABLE: io exception
	at java.util.concurrent.FutureTask.report(FutureTask.java:122)
	at java.util.concurrent.FutureTask.get(FutureTask.java:192)
	at org.apache.ratis.server.impl.LeaderElection.waitForResults(LeaderElection.java:259)
	at org.apache.ratis.server.impl.LeaderElection.askForVotes(LeaderElection.java:197)
	at org.apache.ratis.server.impl.LeaderElection.run(LeaderElection.java:133)
	at java.lang.Thread.run(Thread.java:748)
Caused by: org.apache.ratis.thirdparty.io.grpc.StatusRuntimeException: UNAVAILABLE: io exception
	at org.apache.ratis.thirdparty.io.grpc.stub.ClientCalls.toStatusRuntimeException(ClientCalls.java:233)
	at org.apache.ratis.thirdparty.io.grpc.stub.ClientCalls.getUnchecked(ClientCalls.java:214)
	at org.apache.ratis.thirdparty.io.grpc.stub.ClientCalls.blockingUnaryCall(ClientCalls.java:139)
	at org.apache.ratis.proto.grpc.RaftServerProtocolServiceGrpc$RaftServerProtocolServiceBlockingStub.requestVote(RaftServerProtocolServiceGrpc.java:265)
	at org.apache.ratis.grpc.server.GrpcServerProtocolClient.requestVote(GrpcServerProtocolClient.java:99)
	at org.apache.ratis.grpc.server.GrpcService.requestVote(GrpcService.java:204)
	at org.apache.ratis.server.impl.LeaderElection.lambda$submitRequests$1(LeaderElection.java:234)
	at java.util.concurrent.FutureTask.run(FutureTask.java:266)
	at java.util.concurrent.Executors$RunnableAdapter.call(Executors.java:511)
	at java.util.concurrent.FutureTask.run(FutureTask.java:266)
	at java.util.concurrent.ThreadPoolExecutor.runWorker(ThreadPoolExecutor.java:1149)
	at java.util.concurrent.ThreadPoolExecutor$Worker.run(ThreadPoolExecutor.java:624)
	... 1 more
Caused by: org.apache.ratis.thirdparty.io.netty.channel.AbstractChannel$AnnotatedConnectException: Connection refused: /192.168.34.56:36658
	at sun.nio.ch.SocketChannelImpl.checkConnect(Native Method)
	at sun.nio.ch.SocketChannelImpl.finishConnect(SocketChannelImpl.java:717)
	at org.apache.ratis.thirdparty.io.netty.channel.socket.nio.NioSocketChannel.doFinishConnect(NioSocketChannel.java:327)
	at org.apache.ratis.thirdparty.io.netty.channel.nio.AbstractNioChannel$AbstractNioUnsafe.finishConnect(AbstractNioChannel.java:340)
	at org.apache.ratis.thirdparty.io.netty.channel.nio.NioEventLoop.processSelectedKey(NioEventLoop.java:632)
	at org.apache.ratis.thirdparty.io.netty.channel.nio.NioEventLoop.processSelectedKeysOptimized(NioEventLoop.java:579)
	at org.apache.ratis.thirdparty.io.netty.channel.nio.NioEventLoop.processSelectedKeys(NioEventLoop.java:496)
	at org.apache.ratis.thirdparty.io.netty.channel.nio.NioEventLoop.run(NioEventLoop.java:458)
	at org.apache.ratis.thirdparty.io.netty.util.concurrent.SingleThreadEventExecutor$5.run(SingleThreadEventExecutor.java:897)
	at org.apache.ratis.thirdparty.io.netty.util.concurrent.FastThreadLocalRunnable.run(FastThreadLocalRunnable.java:30)
	... 1 more
Caused by: java.net.ConnectException: Connection refused
	... 11 more
2019-10-18 13:02:05,741 [c124d131-afb9-4343-ad4e-aaebde613043@group-FF4202234884-LeaderElection392] INFO  impl.RaftServerImpl (RaftServerImpl.java:setRole(184)) - c124d131-afb9-4343-ad4e-aaebde613043@group-FF4202234884: changes role from CANDIDATE to FOLLOWER at term 225 for DISCOVERED_A_NEW_TERM
2019-10-18 13:02:05,741 [c124d131-afb9-4343-ad4e-aaebde613043@group-FF4202234884-LeaderElection392] INFO  impl.RoleInfo (RoleInfo.java:shutdownLeaderElection(134)) - c124d131-afb9-4343-ad4e-aaebde613043: shutdown LeaderElection
2019-10-18 13:02:05,741 [c124d131-afb9-4343-ad4e-aaebde613043@group-FF4202234884-LeaderElection392] INFO  impl.RoleInfo (RoleInfo.java:updateAndGet(143)) - c124d131-afb9-4343-ad4e-aaebde613043: start FollowerState
2019-10-18 13:02:05,886 [Thread-2988] INFO  impl.FollowerState (FollowerState.java:run(108)) - c124d131-afb9-4343-ad4e-aaebde613043@group-FF4202234884-FollowerState: change to CANDIDATE, lastRpcTime:144ms, electionTimeout:144ms
2019-10-18 13:02:05,886 [Thread-2988] INFO  impl.RoleInfo (RoleInfo.java:shutdownFollowerState(121)) - c124d131-afb9-4343-ad4e-aaebde613043: shutdown FollowerState
2019-10-18 13:02:05,886 [Thread-2988] INFO  impl.RaftServerImpl (RaftServerImpl.java:setRole(184)) - c124d131-afb9-4343-ad4e-aaebde613043@group-FF4202234884: changes role from  FOLLOWER to CANDIDATE at term 225 for changeToCandidate
2019-10-18 13:02:05,886 [Thread-2988] INFO  impl.RoleInfo (RoleInfo.java:updateAndGet(143)) - c124d131-afb9-4343-ad4e-aaebde613043: start LeaderElection
2019-10-18 13:02:05,964 [c124d131-afb9-4343-ad4e-aaebde613043@group-FF4202234884-LeaderElection393] INFO  impl.LeaderElection (LeaderElection.java:askForVotes(178)) - c124d131-afb9-4343-ad4e-aaebde613043@group-FF4202234884-LeaderElection393: begin an election at term 226 for -1: [999343e7-0330-4874-a345-91eca72585e0:192.168.34.56:44872, c124d131-afb9-4343-ad4e-aaebde613043:192.168.34.56:42116, e5bb327f-cdd7-4e49-919e-13a4c895fddf:192.168.34.56:36658], old=null
2019-10-18 13:02:05,965 [c124d131-afb9-4343-ad4e-aaebde613043@group-FF4202234884-LeaderElection393] INFO  impl.LeaderElection (LogUtils.java:infoOrTrace(149)) - c124d131-afb9-4343-ad4e-aaebde613043@group-FF4202234884-LeaderElection393 got exception when requesting votes: {}
java.util.concurrent.ExecutionException: org.apache.ratis.thirdparty.io.grpc.StatusRuntimeException: UNAVAILABLE: io exception
	at java.util.concurrent.FutureTask.report(FutureTask.java:122)
	at java.util.concurrent.FutureTask.get(FutureTask.java:192)
	at org.apache.ratis.server.impl.LeaderElection.waitForResults(LeaderElection.java:259)
	at org.apache.ratis.server.impl.LeaderElection.askForVotes(LeaderElection.java:197)
	at org.apache.ratis.server.impl.LeaderElection.run(LeaderElection.java:133)
	at java.lang.Thread.run(Thread.java:748)
Caused by: org.apache.ratis.thirdparty.io.grpc.StatusRuntimeException: UNAVAILABLE: io exception
	at org.apache.ratis.thirdparty.io.grpc.stub.ClientCalls.toStatusRuntimeException(ClientCalls.java:233)
	at org.apache.ratis.thirdparty.io.grpc.stub.ClientCalls.getUnchecked(ClientCalls.java:214)
	at org.apache.ratis.thirdparty.io.grpc.stub.ClientCalls.blockingUnaryCall(ClientCalls.java:139)
	at org.apache.ratis.proto.grpc.RaftServerProtocolServiceGrpc$RaftServerProtocolServiceBlockingStub.requestVote(RaftServerProtocolServiceGrpc.java:265)
	at org.apache.ratis.grpc.server.GrpcServerProtocolClient.requestVote(GrpcServerProtocolClient.java:99)
	at org.apache.ratis.grpc.server.GrpcService.requestVote(GrpcService.java:204)
	at org.apache.ratis.server.impl.LeaderElection.lambda$submitRequests$1(LeaderElection.java:234)
	at java.util.concurrent.FutureTask.run(FutureTask.java:266)
	at java.util.concurrent.Executors$RunnableAdapter.call(Executors.java:511)
	at java.util.concurrent.FutureTask.run(FutureTask.java:266)
	at java.util.concurrent.ThreadPoolExecutor.runWorker(ThreadPoolExecutor.java:1149)
	at java.util.concurrent.ThreadPoolExecutor$Worker.run(ThreadPoolExecutor.java:624)
	... 1 more
Caused by: org.apache.ratis.thirdparty.io.netty.channel.AbstractChannel$AnnotatedConnectException: Connection refused: /192.168.34.56:44872
	at sun.nio.ch.SocketChannelImpl.checkConnect(Native Method)
	at sun.nio.ch.SocketChannelImpl.finishConnect(SocketChannelImpl.java:717)
	at org.apache.ratis.thirdparty.io.netty.channel.socket.nio.NioSocketChannel.doFinishConnect(NioSocketChannel.java:327)
	at org.apache.ratis.thirdparty.io.netty.channel.nio.AbstractNioChannel$AbstractNioUnsafe.finishConnect(AbstractNioChannel.java:340)
	at org.apache.ratis.thirdparty.io.netty.channel.nio.NioEventLoop.processSelectedKey(NioEventLoop.java:632)
	at org.apache.ratis.thirdparty.io.netty.channel.nio.NioEventLoop.processSelectedKeysOptimized(NioEventLoop.java:579)
	at org.apache.ratis.thirdparty.io.netty.channel.nio.NioEventLoop.processSelectedKeys(NioEventLoop.java:496)
	at org.apache.ratis.thirdparty.io.netty.channel.nio.NioEventLoop.run(NioEventLoop.java:458)
	at org.apache.ratis.thirdparty.io.netty.util.concurrent.SingleThreadEventExecutor$5.run(SingleThreadEventExecutor.java:897)
	at org.apache.ratis.thirdparty.io.netty.util.concurrent.FastThreadLocalRunnable.run(FastThreadLocalRunnable.java:30)
	... 1 more
Caused by: java.net.ConnectException: Connection refused
	... 11 more
2019-10-18 13:02:05,966 [c124d131-afb9-4343-ad4e-aaebde613043@group-FF4202234884-LeaderElection393] INFO  impl.LeaderElection (LogUtils.java:infoOrTrace(149)) - c124d131-afb9-4343-ad4e-aaebde613043@group-FF4202234884-LeaderElection393 got exception when requesting votes: {}
java.util.concurrent.ExecutionException: org.apache.ratis.thirdparty.io.grpc.StatusRuntimeException: UNAVAILABLE: io exception
	at java.util.concurrent.FutureTask.report(FutureTask.java:122)
	at java.util.concurrent.FutureTask.get(FutureTask.java:192)
	at org.apache.ratis.server.impl.LeaderElection.waitForResults(LeaderElection.java:259)
	at org.apache.ratis.server.impl.LeaderElection.askForVotes(LeaderElection.java:197)
	at org.apache.ratis.server.impl.LeaderElection.run(LeaderElection.java:133)
	at java.lang.Thread.run(Thread.java:748)
Caused by: org.apache.ratis.thirdparty.io.grpc.StatusRuntimeException: UNAVAILABLE: io exception
	at org.apache.ratis.thirdparty.io.grpc.stub.ClientCalls.toStatusRuntimeException(ClientCalls.java:233)
	at org.apache.ratis.thirdparty.io.grpc.stub.ClientCalls.getUnchecked(ClientCalls.java:214)
	at org.apache.ratis.thirdparty.io.grpc.stub.ClientCalls.blockingUnaryCall(ClientCalls.java:139)
	at org.apache.ratis.proto.grpc.RaftServerProtocolServiceGrpc$RaftServerProtocolServiceBlockingStub.requestVote(RaftServerProtocolServiceGrpc.java:265)
	at org.apache.ratis.grpc.server.GrpcServerProtocolClient.requestVote(GrpcServerProtocolClient.java:99)
	at org.apache.ratis.grpc.server.GrpcService.requestVote(GrpcService.java:204)
	at org.apache.ratis.server.impl.LeaderElection.lambda$submitRequests$1(LeaderElection.java:234)
	at java.util.concurrent.FutureTask.run(FutureTask.java:266)
	at java.util.concurrent.Executors$RunnableAdapter.call(Executors.java:511)
	at java.util.concurrent.FutureTask.run(FutureTask.java:266)
	at java.util.concurrent.ThreadPoolExecutor.runWorker(ThreadPoolExecutor.java:1149)
	at java.util.concurrent.ThreadPoolExecutor$Worker.run(ThreadPoolExecutor.java:624)
	... 1 more
Caused by: org.apache.ratis.thirdparty.io.netty.channel.AbstractChannel$AnnotatedConnectException: Connection refused: /192.168.34.56:36658
	at sun.nio.ch.SocketChannelImpl.checkConnect(Native Method)
	at sun.nio.ch.SocketChannelImpl.finishConnect(SocketChannelImpl.java:717)
	at org.apache.ratis.thirdparty.io.netty.channel.socket.nio.NioSocketChannel.doFinishConnect(NioSocketChannel.java:327)
	at org.apache.ratis.thirdparty.io.netty.channel.nio.AbstractNioChannel$AbstractNioUnsafe.finishConnect(AbstractNioChannel.java:340)
	at org.apache.ratis.thirdparty.io.netty.channel.nio.NioEventLoop.processSelectedKey(NioEventLoop.java:632)
	at org.apache.ratis.thirdparty.io.netty.channel.nio.NioEventLoop.processSelectedKeysOptimized(NioEventLoop.java:579)
	at org.apache.ratis.thirdparty.io.netty.channel.nio.NioEventLoop.processSelectedKeys(NioEventLoop.java:496)
	at org.apache.ratis.thirdparty.io.netty.channel.nio.NioEventLoop.run(NioEventLoop.java:458)
	at org.apache.ratis.thirdparty.io.netty.util.concurrent.SingleThreadEventExecutor$5.run(SingleThreadEventExecutor.java:897)
	at org.apache.ratis.thirdparty.io.netty.util.concurrent.FastThreadLocalRunnable.run(FastThreadLocalRunnable.java:30)
	... 1 more
Caused by: java.net.ConnectException: Connection refused
	... 11 more
2019-10-18 13:02:05,967 [c124d131-afb9-4343-ad4e-aaebde613043@group-FF4202234884-LeaderElection393] INFO  impl.LeaderElection (LeaderElection.java:logAndReturn(56)) - c124d131-afb9-4343-ad4e-aaebde613043@group-FF4202234884-LeaderElection393: Election REJECTED; received 0 response(s) [] and 2 exception(s); c124d131-afb9-4343-ad4e-aaebde613043@group-FF4202234884:t226, leader=null, voted=c124d131-afb9-4343-ad4e-aaebde613043, raftlog=c124d131-afb9-4343-ad4e-aaebde613043@group-FF4202234884-SegmentedRaftLog:OPENED:c-1,f-1,i0, conf=-1: [999343e7-0330-4874-a345-91eca72585e0:192.168.34.56:44872, c124d131-afb9-4343-ad4e-aaebde613043:192.168.34.56:42116, e5bb327f-cdd7-4e49-919e-13a4c895fddf:192.168.34.56:36658], old=null
2019-10-18 13:02:05,967 [c124d131-afb9-4343-ad4e-aaebde613043@group-FF4202234884-LeaderElection393] INFO  impl.LeaderElection (LogUtils.java:infoOrTrace(149)) -   Exception 0: {}
java.util.concurrent.ExecutionException: org.apache.ratis.thirdparty.io.grpc.StatusRuntimeException: UNAVAILABLE: io exception
	at java.util.concurrent.FutureTask.report(FutureTask.java:122)
	at java.util.concurrent.FutureTask.get(FutureTask.java:192)
	at org.apache.ratis.server.impl.LeaderElection.waitForResults(LeaderElection.java:259)
	at org.apache.ratis.server.impl.LeaderElection.askForVotes(LeaderElection.java:197)
	at org.apache.ratis.server.impl.LeaderElection.run(LeaderElection.java:133)
	at java.lang.Thread.run(Thread.java:748)
Caused by: org.apache.ratis.thirdparty.io.grpc.StatusRuntimeException: UNAVAILABLE: io exception
	at org.apache.ratis.thirdparty.io.grpc.stub.ClientCalls.toStatusRuntimeException(ClientCalls.java:233)
	at org.apache.ratis.thirdparty.io.grpc.stub.ClientCalls.getUnchecked(ClientCalls.java:214)
	at org.apache.ratis.thirdparty.io.grpc.stub.ClientCalls.blockingUnaryCall(ClientCalls.java:139)
	at org.apache.ratis.proto.grpc.RaftServerProtocolServiceGrpc$RaftServerProtocolServiceBlockingStub.requestVote(RaftServerProtocolServiceGrpc.java:265)
	at org.apache.ratis.grpc.server.GrpcServerProtocolClient.requestVote(GrpcServerProtocolClient.java:99)
	at org.apache.ratis.grpc.server.GrpcService.requestVote(GrpcService.java:204)
	at org.apache.ratis.server.impl.LeaderElection.lambda$submitRequests$1(LeaderElection.java:234)
	at java.util.concurrent.FutureTask.run(FutureTask.java:266)
	at java.util.concurrent.Executors$RunnableAdapter.call(Executors.java:511)
	at java.util.concurrent.FutureTask.run(FutureTask.java:266)
	at java.util.concurrent.ThreadPoolExecutor.runWorker(ThreadPoolExecutor.java:1149)
	at java.util.concurrent.ThreadPoolExecutor$Worker.run(ThreadPoolExecutor.java:624)
	... 1 more
Caused by: org.apache.ratis.thirdparty.io.netty.channel.AbstractChannel$AnnotatedConnectException: Connection refused: /192.168.34.56:44872
	at sun.nio.ch.SocketChannelImpl.checkConnect(Native Method)
	at sun.nio.ch.SocketChannelImpl.finishConnect(SocketChannelImpl.java:717)
	at org.apache.ratis.thirdparty.io.netty.channel.socket.nio.NioSocketChannel.doFinishConnect(NioSocketChannel.java:327)
	at org.apache.ratis.thirdparty.io.netty.channel.nio.AbstractNioChannel$AbstractNioUnsafe.finishConnect(AbstractNioChannel.java:340)
	at org.apache.ratis.thirdparty.io.netty.channel.nio.NioEventLoop.processSelectedKey(NioEventLoop.java:632)
	at org.apache.ratis.thirdparty.io.netty.channel.nio.NioEventLoop.processSelectedKeysOptimized(NioEventLoop.java:579)
	at org.apache.ratis.thirdparty.io.netty.channel.nio.NioEventLoop.processSelectedKeys(NioEventLoop.java:496)
	at org.apache.ratis.thirdparty.io.netty.channel.nio.NioEventLoop.run(NioEventLoop.java:458)
	at org.apache.ratis.thirdparty.io.netty.util.concurrent.SingleThreadEventExecutor$5.run(SingleThreadEventExecutor.java:897)
	at org.apache.ratis.thirdparty.io.netty.util.concurrent.FastThreadLocalRunnable.run(FastThreadLocalRunnable.java:30)
	... 1 more
Caused by: java.net.ConnectException: Connection refused
	... 11 more
2019-10-18 13:02:05,967 [c124d131-afb9-4343-ad4e-aaebde613043@group-FF4202234884-LeaderElection393] INFO  impl.LeaderElection (LogUtils.java:infoOrTrace(149)) -   Exception 1: {}
java.util.concurrent.ExecutionException: org.apache.ratis.thirdparty.io.grpc.StatusRuntimeException: UNAVAILABLE: io exception
	at java.util.concurrent.FutureTask.report(FutureTask.java:122)
	at java.util.concurrent.FutureTask.get(FutureTask.java:192)
	at org.apache.ratis.server.impl.LeaderElection.waitForResults(LeaderElection.java:259)
	at org.apache.ratis.server.impl.LeaderElection.askForVotes(LeaderElection.java:197)
	at org.apache.ratis.server.impl.LeaderElection.run(LeaderElection.java:133)
	at java.lang.Thread.run(Thread.java:748)
Caused by: org.apache.ratis.thirdparty.io.grpc.StatusRuntimeException: UNAVAILABLE: io exception
	at org.apache.ratis.thirdparty.io.grpc.stub.ClientCalls.toStatusRuntimeException(ClientCalls.java:233)
	at org.apache.ratis.thirdparty.io.grpc.stub.ClientCalls.getUnchecked(ClientCalls.java:214)
	at org.apache.ratis.thirdparty.io.grpc.stub.ClientCalls.blockingUnaryCall(ClientCalls.java:139)
	at org.apache.ratis.proto.grpc.RaftServerProtocolServiceGrpc$RaftServerProtocolServiceBlockingStub.requestVote(RaftServerProtocolServiceGrpc.java:265)
	at org.apache.ratis.grpc.server.GrpcServerProtocolClient.requestVote(GrpcServerProtocolClient.java:99)
	at org.apache.ratis.grpc.server.GrpcService.requestVote(GrpcService.java:204)
	at org.apache.ratis.server.impl.LeaderElection.lambda$submitRequests$1(LeaderElection.java:234)
	at java.util.concurrent.FutureTask.run(FutureTask.java:266)
	at java.util.concurrent.Executors$RunnableAdapter.call(Executors.java:511)
	at java.util.concurrent.FutureTask.run(FutureTask.java:266)
	at java.util.concurrent.ThreadPoolExecutor.runWorker(ThreadPoolExecutor.java:1149)
	at java.util.concurrent.ThreadPoolExecutor$Worker.run(ThreadPoolExecutor.java:624)
	... 1 more
Caused by: org.apache.ratis.thirdparty.io.netty.channel.AbstractChannel$AnnotatedConnectException: Connection refused: /192.168.34.56:36658
	at sun.nio.ch.SocketChannelImpl.checkConnect(Native Method)
	at sun.nio.ch.SocketChannelImpl.finishConnect(SocketChannelImpl.java:717)
	at org.apache.ratis.thirdparty.io.netty.channel.socket.nio.NioSocketChannel.doFinishConnect(NioSocketChannel.java:327)
	at org.apache.ratis.thirdparty.io.netty.channel.nio.AbstractNioChannel$AbstractNioUnsafe.finishConnect(AbstractNioChannel.java:340)
	at org.apache.ratis.thirdparty.io.netty.channel.nio.NioEventLoop.processSelectedKey(NioEventLoop.java:632)
	at org.apache.ratis.thirdparty.io.netty.channel.nio.NioEventLoop.processSelectedKeysOptimized(NioEventLoop.java:579)
	at org.apache.ratis.thirdparty.io.netty.channel.nio.NioEventLoop.processSelectedKeys(NioEventLoop.java:496)
	at org.apache.ratis.thirdparty.io.netty.channel.nio.NioEventLoop.run(NioEventLoop.java:458)
	at org.apache.ratis.thirdparty.io.netty.util.concurrent.SingleThreadEventExecutor$5.run(SingleThreadEventExecutor.java:897)
	at org.apache.ratis.thirdparty.io.netty.util.concurrent.FastThreadLocalRunnable.run(FastThreadLocalRunnable.java:30)
	... 1 more
Caused by: java.net.ConnectException: Connection refused
	... 11 more
2019-10-18 13:02:05,967 [c124d131-afb9-4343-ad4e-aaebde613043@group-FF4202234884-LeaderElection393] INFO  impl.RaftServerImpl (RaftServerImpl.java:setRole(184)) - c124d131-afb9-4343-ad4e-aaebde613043@group-FF4202234884: changes role from CANDIDATE to FOLLOWER at term 226 for DISCOVERED_A_NEW_TERM
2019-10-18 13:02:05,967 [c124d131-afb9-4343-ad4e-aaebde613043@group-FF4202234884-LeaderElection393] INFO  impl.RoleInfo (RoleInfo.java:shutdownLeaderElection(134)) - c124d131-afb9-4343-ad4e-aaebde613043: shutdown LeaderElection
2019-10-18 13:02:05,968 [c124d131-afb9-4343-ad4e-aaebde613043@group-FF4202234884-LeaderElection393] INFO  impl.RoleInfo (RoleInfo.java:updateAndGet(143)) - c124d131-afb9-4343-ad4e-aaebde613043: start FollowerState
2019-10-18 13:02:05,995 [Thread-2992] INFO  impl.FollowerState (FollowerState.java:run(108)) - c124d131-afb9-4343-ad4e-aaebde613043@group-FF4202234884-FollowerState: change to CANDIDATE, lastRpcTime:27ms, electionTimeout:27ms
2019-10-18 13:02:05,995 [Thread-2992] INFO  impl.RoleInfo (RoleInfo.java:shutdownFollowerState(121)) - c124d131-afb9-4343-ad4e-aaebde613043: shutdown FollowerState
2019-10-18 13:02:05,995 [Thread-2992] INFO  impl.RaftServerImpl (RaftServerImpl.java:setRole(184)) - c124d131-afb9-4343-ad4e-aaebde613043@group-FF4202234884: changes role from  FOLLOWER to CANDIDATE at term 226 for changeToCandidate
2019-10-18 13:02:05,996 [Thread-2992] INFO  impl.RoleInfo (RoleInfo.java:updateAndGet(143)) - c124d131-afb9-4343-ad4e-aaebde613043: start LeaderElection
2019-10-18 13:02:06,104 [c124d131-afb9-4343-ad4e-aaebde613043@group-FF4202234884-LeaderElection394] INFO  impl.LeaderElection (LeaderElection.java:askForVotes(178)) - c124d131-afb9-4343-ad4e-aaebde613043@group-FF4202234884-LeaderElection394: begin an election at term 227 for -1: [999343e7-0330-4874-a345-91eca72585e0:192.168.34.56:44872, c124d131-afb9-4343-ad4e-aaebde613043:192.168.34.56:42116, e5bb327f-cdd7-4e49-919e-13a4c895fddf:192.168.34.56:36658], old=null
2019-10-18 13:02:06,106 [c124d131-afb9-4343-ad4e-aaebde613043@group-FF4202234884-LeaderElection394] INFO  impl.LeaderElection (LogUtils.java:infoOrTrace(149)) - c124d131-afb9-4343-ad4e-aaebde613043@group-FF4202234884-LeaderElection394 got exception when requesting votes: {}
java.util.concurrent.ExecutionException: org.apache.ratis.thirdparty.io.grpc.StatusRuntimeException: UNAVAILABLE: io exception
	at java.util.concurrent.FutureTask.report(FutureTask.java:122)
	at java.util.concurrent.FutureTask.get(FutureTask.java:192)
	at org.apache.ratis.server.impl.LeaderElection.waitForResults(LeaderElection.java:259)
	at org.apache.ratis.server.impl.LeaderElection.askForVotes(LeaderElection.java:197)
	at org.apache.ratis.server.impl.LeaderElection.run(LeaderElection.java:133)
	at java.lang.Thread.run(Thread.java:748)
Caused by: org.apache.ratis.thirdparty.io.grpc.StatusRuntimeException: UNAVAILABLE: io exception
	at org.apache.ratis.thirdparty.io.grpc.stub.ClientCalls.toStatusRuntimeException(ClientCalls.java:233)
	at org.apache.ratis.thirdparty.io.grpc.stub.ClientCalls.getUnchecked(ClientCalls.java:214)
	at org.apache.ratis.thirdparty.io.grpc.stub.ClientCalls.blockingUnaryCall(ClientCalls.java:139)
	at org.apache.ratis.proto.grpc.RaftServerProtocolServiceGrpc$RaftServerProtocolServiceBlockingStub.requestVote(RaftServerProtocolServiceGrpc.java:265)
	at org.apache.ratis.grpc.server.GrpcServerProtocolClient.requestVote(GrpcServerProtocolClient.java:99)
	at org.apache.ratis.grpc.server.GrpcService.requestVote(GrpcService.java:204)
	at org.apache.ratis.server.impl.LeaderElection.lambda$submitRequests$1(LeaderElection.java:234)
	at java.util.concurrent.FutureTask.run(FutureTask.java:266)
	at java.util.concurrent.Executors$RunnableAdapter.call(Executors.java:511)
	at java.util.concurrent.FutureTask.run(FutureTask.java:266)
	at java.util.concurrent.ThreadPoolExecutor.runWorker(ThreadPoolExecutor.java:1149)
	at java.util.concurrent.ThreadPoolExecutor$Worker.run(ThreadPoolExecutor.java:624)
	... 1 more
Caused by: org.apache.ratis.thirdparty.io.netty.channel.AbstractChannel$AnnotatedConnectException: Connection refused: /192.168.34.56:36658
	at sun.nio.ch.SocketChannelImpl.checkConnect(Native Method)
	at sun.nio.ch.SocketChannelImpl.finishConnect(SocketChannelImpl.java:717)
	at org.apache.ratis.thirdparty.io.netty.channel.socket.nio.NioSocketChannel.doFinishConnect(NioSocketChannel.java:327)
	at org.apache.ratis.thirdparty.io.netty.channel.nio.AbstractNioChannel$AbstractNioUnsafe.finishConnect(AbstractNioChannel.java:340)
	at org.apache.ratis.thirdparty.io.netty.channel.nio.NioEventLoop.processSelectedKey(NioEventLoop.java:632)
	at org.apache.ratis.thirdparty.io.netty.channel.nio.NioEventLoop.processSelectedKeysOptimized(NioEventLoop.java:579)
	at org.apache.ratis.thirdparty.io.netty.channel.nio.NioEventLoop.processSelectedKeys(NioEventLoop.java:496)
	at org.apache.ratis.thirdparty.io.netty.channel.nio.NioEventLoop.run(NioEventLoop.java:458)
	at org.apache.ratis.thirdparty.io.netty.util.concurrent.SingleThreadEventExecutor$5.run(SingleThreadEventExecutor.java:897)
	at org.apache.ratis.thirdparty.io.netty.util.concurrent.FastThreadLocalRunnable.run(FastThreadLocalRunnable.java:30)
	... 1 more
Caused by: java.net.ConnectException: Connection refused
	... 11 more
2019-10-18 13:02:06,106 [c124d131-afb9-4343-ad4e-aaebde613043@group-FF4202234884-LeaderElection394] INFO  impl.LeaderElection (LogUtils.java:infoOrTrace(149)) - c124d131-afb9-4343-ad4e-aaebde613043@group-FF4202234884-LeaderElection394 got exception when requesting votes: {}
java.util.concurrent.ExecutionException: org.apache.ratis.thirdparty.io.grpc.StatusRuntimeException: UNAVAILABLE: io exception
	at java.util.concurrent.FutureTask.report(FutureTask.java:122)
	at java.util.concurrent.FutureTask.get(FutureTask.java:192)
	at org.apache.ratis.server.impl.LeaderElection.waitForResults(LeaderElection.java:259)
	at org.apache.ratis.server.impl.LeaderElection.askForVotes(LeaderElection.java:197)
	at org.apache.ratis.server.impl.LeaderElection.run(LeaderElection.java:133)
	at java.lang.Thread.run(Thread.java:748)
Caused by: org.apache.ratis.thirdparty.io.grpc.StatusRuntimeException: UNAVAILABLE: io exception
	at org.apache.ratis.thirdparty.io.grpc.stub.ClientCalls.toStatusRuntimeException(ClientCalls.java:233)
	at org.apache.ratis.thirdparty.io.grpc.stub.ClientCalls.getUnchecked(ClientCalls.java:214)
	at org.apache.ratis.thirdparty.io.grpc.stub.ClientCalls.blockingUnaryCall(ClientCalls.java:139)
	at org.apache.ratis.proto.grpc.RaftServerProtocolServiceGrpc$RaftServerProtocolServiceBlockingStub.requestVote(RaftServerProtocolServiceGrpc.java:265)
	at org.apache.ratis.grpc.server.GrpcServerProtocolClient.requestVote(GrpcServerProtocolClient.java:99)
	at org.apache.ratis.grpc.server.GrpcService.requestVote(GrpcService.java:204)
	at org.apache.ratis.server.impl.LeaderElection.lambda$submitRequests$1(LeaderElection.java:234)
	at java.util.concurrent.FutureTask.run(FutureTask.java:266)
	at java.util.concurrent.Executors$RunnableAdapter.call(Executors.java:511)
	at java.util.concurrent.FutureTask.run(FutureTask.java:266)
	at java.util.concurrent.ThreadPoolExecutor.runWorker(ThreadPoolExecutor.java:1149)
	at java.util.concurrent.ThreadPoolExecutor$Worker.run(ThreadPoolExecutor.java:624)
	... 1 more
Caused by: org.apache.ratis.thirdparty.io.netty.channel.AbstractChannel$AnnotatedConnectException: Connection refused: /192.168.34.56:44872
	at sun.nio.ch.SocketChannelImpl.checkConnect(Native Method)
	at sun.nio.ch.SocketChannelImpl.finishConnect(SocketChannelImpl.java:717)
	at org.apache.ratis.thirdparty.io.netty.channel.socket.nio.NioSocketChannel.doFinishConnect(NioSocketChannel.java:327)
	at org.apache.ratis.thirdparty.io.netty.channel.nio.AbstractNioChannel$AbstractNioUnsafe.finishConnect(AbstractNioChannel.java:340)
	at org.apache.ratis.thirdparty.io.netty.channel.nio.NioEventLoop.processSelectedKey(NioEventLoop.java:632)
	at org.apache.ratis.thirdparty.io.netty.channel.nio.NioEventLoop.processSelectedKeysOptimized(NioEventLoop.java:579)
	at org.apache.ratis.thirdparty.io.netty.channel.nio.NioEventLoop.processSelectedKeys(NioEventLoop.java:496)
	at org.apache.ratis.thirdparty.io.netty.channel.nio.NioEventLoop.run(NioEventLoop.java:458)
	at org.apache.ratis.thirdparty.io.netty.util.concurrent.SingleThreadEventExecutor$5.run(SingleThreadEventExecutor.java:897)
	at org.apache.ratis.thirdparty.io.netty.util.concurrent.FastThreadLocalRunnable.run(FastThreadLocalRunnable.java:30)
	... 1 more
Caused by: java.net.ConnectException: Connection refused
	... 11 more
2019-10-18 13:02:06,106 [c124d131-afb9-4343-ad4e-aaebde613043@group-FF4202234884-LeaderElection394] INFO  impl.LeaderElection (LeaderElection.java:logAndReturn(56)) - c124d131-afb9-4343-ad4e-aaebde613043@group-FF4202234884-LeaderElection394: Election REJECTED; received 0 response(s) [] and 2 exception(s); c124d131-afb9-4343-ad4e-aaebde613043@group-FF4202234884:t227, leader=null, voted=c124d131-afb9-4343-ad4e-aaebde613043, raftlog=c124d131-afb9-4343-ad4e-aaebde613043@group-FF4202234884-SegmentedRaftLog:OPENED:c-1,f-1,i0, conf=-1: [999343e7-0330-4874-a345-91eca72585e0:192.168.34.56:44872, c124d131-afb9-4343-ad4e-aaebde613043:192.168.34.56:42116, e5bb327f-cdd7-4e49-919e-13a4c895fddf:192.168.34.56:36658], old=null
2019-10-18 13:02:06,106 [c124d131-afb9-4343-ad4e-aaebde613043@group-FF4202234884-LeaderElection394] INFO  impl.LeaderElection (LogUtils.java:infoOrTrace(149)) -   Exception 0: {}
java.util.concurrent.ExecutionException: org.apache.ratis.thirdparty.io.grpc.StatusRuntimeException: UNAVAILABLE: io exception
	at java.util.concurrent.FutureTask.report(FutureTask.java:122)
	at java.util.concurrent.FutureTask.get(FutureTask.java:192)
	at org.apache.ratis.server.impl.LeaderElection.waitForResults(LeaderElection.java:259)
	at org.apache.ratis.server.impl.LeaderElection.askForVotes(LeaderElection.java:197)
	at org.apache.ratis.server.impl.LeaderElection.run(LeaderElection.java:133)
	at java.lang.Thread.run(Thread.java:748)
Caused by: org.apache.ratis.thirdparty.io.grpc.StatusRuntimeException: UNAVAILABLE: io exception
	at org.apache.ratis.thirdparty.io.grpc.stub.ClientCalls.toStatusRuntimeException(ClientCalls.java:233)
	at org.apache.ratis.thirdparty.io.grpc.stub.ClientCalls.getUnchecked(ClientCalls.java:214)
	at org.apache.ratis.thirdparty.io.grpc.stub.ClientCalls.blockingUnaryCall(ClientCalls.java:139)
	at org.apache.ratis.proto.grpc.RaftServerProtocolServiceGrpc$RaftServerProtocolServiceBlockingStub.requestVote(RaftServerProtocolServiceGrpc.java:265)
	at org.apache.ratis.grpc.server.GrpcServerProtocolClient.requestVote(GrpcServerProtocolClient.java:99)
	at org.apache.ratis.grpc.server.GrpcService.requestVote(GrpcService.java:204)
	at org.apache.ratis.server.impl.LeaderElection.lambda$submitRequests$1(LeaderElection.java:234)
	at java.util.concurrent.FutureTask.run(FutureTask.java:266)
	at java.util.concurrent.Executors$RunnableAdapter.call(Executors.java:511)
	at java.util.concurrent.FutureTask.run(FutureTask.java:266)
	at java.util.concurrent.ThreadPoolExecutor.runWorker(ThreadPoolExecutor.java:1149)
	at java.util.concurrent.ThreadPoolExecutor$Worker.run(ThreadPoolExecutor.java:624)
	... 1 more
Caused by: org.apache.ratis.thirdparty.io.netty.channel.AbstractChannel$AnnotatedConnectException: Connection refused: /192.168.34.56:36658
	at sun.nio.ch.SocketChannelImpl.checkConnect(Native Method)
	at sun.nio.ch.SocketChannelImpl.finishConnect(SocketChannelImpl.java:717)
	at org.apache.ratis.thirdparty.io.netty.channel.socket.nio.NioSocketChannel.doFinishConnect(NioSocketChannel.java:327)
	at org.apache.ratis.thirdparty.io.netty.channel.nio.AbstractNioChannel$AbstractNioUnsafe.finishConnect(AbstractNioChannel.java:340)
	at org.apache.ratis.thirdparty.io.netty.channel.nio.NioEventLoop.processSelectedKey(NioEventLoop.java:632)
	at org.apache.ratis.thirdparty.io.netty.channel.nio.NioEventLoop.processSelectedKeysOptimized(NioEventLoop.java:579)
	at org.apache.ratis.thirdparty.io.netty.channel.nio.NioEventLoop.processSelectedKeys(NioEventLoop.java:496)
	at org.apache.ratis.thirdparty.io.netty.channel.nio.NioEventLoop.run(NioEventLoop.java:458)
	at org.apache.ratis.thirdparty.io.netty.util.concurrent.SingleThreadEventExecutor$5.run(SingleThreadEventExecutor.java:897)
	at org.apache.ratis.thirdparty.io.netty.util.concurrent.FastThreadLocalRunnable.run(FastThreadLocalRunnable.java:30)
	... 1 more
Caused by: java.net.ConnectException: Connection refused
	... 11 more
2019-10-18 13:02:06,107 [c124d131-afb9-4343-ad4e-aaebde613043@group-FF4202234884-LeaderElection394] INFO  impl.LeaderElection (LogUtils.java:infoOrTrace(149)) -   Exception 1: {}
java.util.concurrent.ExecutionException: org.apache.ratis.thirdparty.io.grpc.StatusRuntimeException: UNAVAILABLE: io exception
	at java.util.concurrent.FutureTask.report(FutureTask.java:122)
	at java.util.concurrent.FutureTask.get(FutureTask.java:192)
	at org.apache.ratis.server.impl.LeaderElection.waitForResults(LeaderElection.java:259)
	at org.apache.ratis.server.impl.LeaderElection.askForVotes(LeaderElection.java:197)
	at org.apache.ratis.server.impl.LeaderElection.run(LeaderElection.java:133)
	at java.lang.Thread.run(Thread.java:748)
Caused by: org.apache.ratis.thirdparty.io.grpc.StatusRuntimeException: UNAVAILABLE: io exception
	at org.apache.ratis.thirdparty.io.grpc.stub.ClientCalls.toStatusRuntimeException(ClientCalls.java:233)
	at org.apache.ratis.thirdparty.io.grpc.stub.ClientCalls.getUnchecked(ClientCalls.java:214)
	at org.apache.ratis.thirdparty.io.grpc.stub.ClientCalls.blockingUnaryCall(ClientCalls.java:139)
	at org.apache.ratis.proto.grpc.RaftServerProtocolServiceGrpc$RaftServerProtocolServiceBlockingStub.requestVote(RaftServerProtocolServiceGrpc.java:265)
	at org.apache.ratis.grpc.server.GrpcServerProtocolClient.requestVote(GrpcServerProtocolClient.java:99)
	at org.apache.ratis.grpc.server.GrpcService.requestVote(GrpcService.java:204)
	at org.apache.ratis.server.impl.LeaderElection.lambda$submitRequests$1(LeaderElection.java:234)
	at java.util.concurrent.FutureTask.run(FutureTask.java:266)
	at java.util.concurrent.Executors$RunnableAdapter.call(Executors.java:511)
	at java.util.concurrent.FutureTask.run(FutureTask.java:266)
	at java.util.concurrent.ThreadPoolExecutor.runWorker(ThreadPoolExecutor.java:1149)
	at java.util.concurrent.ThreadPoolExecutor$Worker.run(ThreadPoolExecutor.java:624)
	... 1 more
Caused by: org.apache.ratis.thirdparty.io.netty.channel.AbstractChannel$AnnotatedConnectException: Connection refused: /192.168.34.56:44872
	at sun.nio.ch.SocketChannelImpl.checkConnect(Native Method)
	at sun.nio.ch.SocketChannelImpl.finishConnect(SocketChannelImpl.java:717)
	at org.apache.ratis.thirdparty.io.netty.channel.socket.nio.NioSocketChannel.doFinishConnect(NioSocketChannel.java:327)
	at org.apache.ratis.thirdparty.io.netty.channel.nio.AbstractNioChannel$AbstractNioUnsafe.finishConnect(AbstractNioChannel.java:340)
	at org.apache.ratis.thirdparty.io.netty.channel.nio.NioEventLoop.processSelectedKey(NioEventLoop.java:632)
	at org.apache.ratis.thirdparty.io.netty.channel.nio.NioEventLoop.processSelectedKeysOptimized(NioEventLoop.java:579)
	at org.apache.ratis.thirdparty.io.netty.channel.nio.NioEventLoop.processSelectedKeys(NioEventLoop.java:496)
	at org.apache.ratis.thirdparty.io.netty.channel.nio.NioEventLoop.run(NioEventLoop.java:458)
	at org.apache.ratis.thirdparty.io.netty.util.concurrent.SingleThreadEventExecutor$5.run(SingleThreadEventExecutor.java:897)
	at org.apache.ratis.thirdparty.io.netty.util.concurrent.FastThreadLocalRunnable.run(FastThreadLocalRunnable.java:30)
	... 1 more
Caused by: java.net.ConnectException: Connection refused
	... 11 more
2019-10-18 13:02:06,107 [c124d131-afb9-4343-ad4e-aaebde613043@group-FF4202234884-LeaderElection394] INFO  impl.RaftServerImpl (RaftServerImpl.java:setRole(184)) - c124d131-afb9-4343-ad4e-aaebde613043@group-FF4202234884: changes role from CANDIDATE to FOLLOWER at term 227 for DISCOVERED_A_NEW_TERM
2019-10-18 13:02:06,107 [c124d131-afb9-4343-ad4e-aaebde613043@group-FF4202234884-LeaderElection394] INFO  impl.RoleInfo (RoleInfo.java:shutdownLeaderElection(134)) - c124d131-afb9-4343-ad4e-aaebde613043: shutdown LeaderElection
2019-10-18 13:02:06,107 [c124d131-afb9-4343-ad4e-aaebde613043@group-FF4202234884-LeaderElection394] INFO  impl.RoleInfo (RoleInfo.java:updateAndGet(143)) - c124d131-afb9-4343-ad4e-aaebde613043: start FollowerState
2019-10-18 13:02:06,157 [Thread-2996] INFO  impl.FollowerState (FollowerState.java:run(108)) - c124d131-afb9-4343-ad4e-aaebde613043@group-FF4202234884-FollowerState: change to CANDIDATE, lastRpcTime:49ms, electionTimeout:49ms
2019-10-18 13:02:06,157 [Thread-2996] INFO  impl.RoleInfo (RoleInfo.java:shutdownFollowerState(121)) - c124d131-afb9-4343-ad4e-aaebde613043: shutdown FollowerState
2019-10-18 13:02:06,157 [Thread-2996] INFO  impl.RaftServerImpl (RaftServerImpl.java:setRole(184)) - c124d131-afb9-4343-ad4e-aaebde613043@group-FF4202234884: changes role from  FOLLOWER to CANDIDATE at term 227 for changeToCandidate
2019-10-18 13:02:06,157 [Thread-2996] INFO  impl.RoleInfo (RoleInfo.java:updateAndGet(143)) - c124d131-afb9-4343-ad4e-aaebde613043: start LeaderElection
2019-10-18 13:02:06,199 [java.util.concurrent.ThreadPoolExecutor$Worker@7a2507ec[State = -1, empty queue]] WARN  server.GrpcLogAppender (GrpcLogAppender.java:timeoutAppendRequest(209)) - 17618ccc-f51c-4f14-92cf-842ef2c05e35@group-08BD6F798C58->32d97539-eb73-46c6-a759-05f11ff00f4c-GrpcLogAppender: appendEntries Timeout, request=17618ccc-f51c-4f14-92cf-842ef2c05e35->32d97539-eb73-46c6-a759-05f11ff00f4c#96-t10, previous=(t:10, i:19), leaderCommit=19, initializing? false, entries: <empty>
2019-10-18 13:02:06,225 [c124d131-afb9-4343-ad4e-aaebde613043@group-FF4202234884-LeaderElection395] INFO  impl.LeaderElection (LeaderElection.java:askForVotes(178)) - c124d131-afb9-4343-ad4e-aaebde613043@group-FF4202234884-LeaderElection395: begin an election at term 228 for -1: [999343e7-0330-4874-a345-91eca72585e0:192.168.34.56:44872, c124d131-afb9-4343-ad4e-aaebde613043:192.168.34.56:42116, e5bb327f-cdd7-4e49-919e-13a4c895fddf:192.168.34.56:36658], old=null
2019-10-18 13:02:06,226 [c124d131-afb9-4343-ad4e-aaebde613043@group-FF4202234884-LeaderElection395] INFO  impl.LeaderElection (LogUtils.java:infoOrTrace(149)) - c124d131-afb9-4343-ad4e-aaebde613043@group-FF4202234884-LeaderElection395 got exception when requesting votes: {}
java.util.concurrent.ExecutionException: org.apache.ratis.thirdparty.io.grpc.StatusRuntimeException: UNAVAILABLE: io exception
	at java.util.concurrent.FutureTask.report(FutureTask.java:122)
	at java.util.concurrent.FutureTask.get(FutureTask.java:192)
	at org.apache.ratis.server.impl.LeaderElection.waitForResults(LeaderElection.java:259)
	at org.apache.ratis.server.impl.LeaderElection.askForVotes(LeaderElection.java:197)
	at org.apache.ratis.server.impl.LeaderElection.run(LeaderElection.java:133)
	at java.lang.Thread.run(Thread.java:748)
Caused by: org.apache.ratis.thirdparty.io.grpc.StatusRuntimeException: UNAVAILABLE: io exception
	at org.apache.ratis.thirdparty.io.grpc.stub.ClientCalls.toStatusRuntimeException(ClientCalls.java:233)
	at org.apache.ratis.thirdparty.io.grpc.stub.ClientCalls.getUnchecked(ClientCalls.java:214)
	at org.apache.ratis.thirdparty.io.grpc.stub.ClientCalls.blockingUnaryCall(ClientCalls.java:139)
	at org.apache.ratis.proto.grpc.RaftServerProtocolServiceGrpc$RaftServerProtocolServiceBlockingStub.requestVote(RaftServerProtocolServiceGrpc.java:265)
	at org.apache.ratis.grpc.server.GrpcServerProtocolClient.requestVote(GrpcServerProtocolClient.java:99)
	at org.apache.ratis.grpc.server.GrpcService.requestVote(GrpcService.java:204)
	at org.apache.ratis.server.impl.LeaderElection.lambda$submitRequests$1(LeaderElection.java:234)
	at java.util.concurrent.FutureTask.run(FutureTask.java:266)
	at java.util.concurrent.Executors$RunnableAdapter.call(Executors.java:511)
	at java.util.concurrent.FutureTask.run(FutureTask.java:266)
	at java.util.concurrent.ThreadPoolExecutor.runWorker(ThreadPoolExecutor.java:1149)
	at java.util.concurrent.ThreadPoolExecutor$Worker.run(ThreadPoolExecutor.java:624)
	... 1 more
Caused by: org.apache.ratis.thirdparty.io.netty.channel.AbstractChannel$AnnotatedConnectException: Connection refused: /192.168.34.56:36658
	at sun.nio.ch.SocketChannelImpl.checkConnect(Native Method)
	at sun.nio.ch.SocketChannelImpl.finishConnect(SocketChannelImpl.java:717)
	at org.apache.ratis.thirdparty.io.netty.channel.socket.nio.NioSocketChannel.doFinishConnect(NioSocketChannel.java:327)
	at org.apache.ratis.thirdparty.io.netty.channel.nio.AbstractNioChannel$AbstractNioUnsafe.finishConnect(AbstractNioChannel.java:340)
	at org.apache.ratis.thirdparty.io.netty.channel.nio.NioEventLoop.processSelectedKey(NioEventLoop.java:632)
	at org.apache.ratis.thirdparty.io.netty.channel.nio.NioEventLoop.processSelectedKeysOptimized(NioEventLoop.java:579)
	at org.apache.ratis.thirdparty.io.netty.channel.nio.NioEventLoop.processSelectedKeys(NioEventLoop.java:496)
	at org.apache.ratis.thirdparty.io.netty.channel.nio.NioEventLoop.run(NioEventLoop.java:458)
	at org.apache.ratis.thirdparty.io.netty.util.concurrent.SingleThreadEventExecutor$5.run(SingleThreadEventExecutor.java:897)
	at org.apache.ratis.thirdparty.io.netty.util.concurrent.FastThreadLocalRunnable.run(FastThreadLocalRunnable.java:30)
	... 1 more
Caused by: java.net.ConnectException: Connection refused
	... 11 more
2019-10-18 13:02:06,227 [c124d131-afb9-4343-ad4e-aaebde613043@group-FF4202234884-LeaderElection395] INFO  impl.LeaderElection (LogUtils.java:infoOrTrace(149)) - c124d131-afb9-4343-ad4e-aaebde613043@group-FF4202234884-LeaderElection395 got exception when requesting votes: {}
java.util.concurrent.ExecutionException: org.apache.ratis.thirdparty.io.grpc.StatusRuntimeException: UNAVAILABLE: io exception
	at java.util.concurrent.FutureTask.report(FutureTask.java:122)
	at java.util.concurrent.FutureTask.get(FutureTask.java:192)
	at org.apache.ratis.server.impl.LeaderElection.waitForResults(LeaderElection.java:259)
	at org.apache.ratis.server.impl.LeaderElection.askForVotes(LeaderElection.java:197)
	at org.apache.ratis.server.impl.LeaderElection.run(LeaderElection.java:133)
	at java.lang.Thread.run(Thread.java:748)
Caused by: org.apache.ratis.thirdparty.io.grpc.StatusRuntimeException: UNAVAILABLE: io exception
	at org.apache.ratis.thirdparty.io.grpc.stub.ClientCalls.toStatusRuntimeException(ClientCalls.java:233)
	at org.apache.ratis.thirdparty.io.grpc.stub.ClientCalls.getUnchecked(ClientCalls.java:214)
	at org.apache.ratis.thirdparty.io.grpc.stub.ClientCalls.blockingUnaryCall(ClientCalls.java:139)
	at org.apache.ratis.proto.grpc.RaftServerProtocolServiceGrpc$RaftServerProtocolServiceBlockingStub.requestVote(RaftServerProtocolServiceGrpc.java:265)
	at org.apache.ratis.grpc.server.GrpcServerProtocolClient.requestVote(GrpcServerProtocolClient.java:99)
	at org.apache.ratis.grpc.server.GrpcService.requestVote(GrpcService.java:204)
	at org.apache.ratis.server.impl.LeaderElection.lambda$submitRequests$1(LeaderElection.java:234)
	at java.util.concurrent.FutureTask.run(FutureTask.java:266)
	at java.util.concurrent.Executors$RunnableAdapter.call(Executors.java:511)
	at java.util.concurrent.FutureTask.run(FutureTask.java:266)
	at java.util.concurrent.ThreadPoolExecutor.runWorker(ThreadPoolExecutor.java:1149)
	at java.util.concurrent.ThreadPoolExecutor$Worker.run(ThreadPoolExecutor.java:624)
	... 1 more
Caused by: org.apache.ratis.thirdparty.io.netty.channel.AbstractChannel$AnnotatedConnectException: Connection refused: /192.168.34.56:44872
	at sun.nio.ch.SocketChannelImpl.checkConnect(Native Method)
	at sun.nio.ch.SocketChannelImpl.finishConnect(SocketChannelImpl.java:717)
	at org.apache.ratis.thirdparty.io.netty.channel.socket.nio.NioSocketChannel.doFinishConnect(NioSocketChannel.java:327)
	at org.apache.ratis.thirdparty.io.netty.channel.nio.AbstractNioChannel$AbstractNioUnsafe.finishConnect(AbstractNioChannel.java:340)
	at org.apache.ratis.thirdparty.io.netty.channel.nio.NioEventLoop.processSelectedKey(NioEventLoop.java:632)
	at org.apache.ratis.thirdparty.io.netty.channel.nio.NioEventLoop.processSelectedKeysOptimized(NioEventLoop.java:579)
	at org.apache.ratis.thirdparty.io.netty.channel.nio.NioEventLoop.processSelectedKeys(NioEventLoop.java:496)
	at org.apache.ratis.thirdparty.io.netty.channel.nio.NioEventLoop.run(NioEventLoop.java:458)
	at org.apache.ratis.thirdparty.io.netty.util.concurrent.SingleThreadEventExecutor$5.run(SingleThreadEventExecutor.java:897)
	at org.apache.ratis.thirdparty.io.netty.util.concurrent.FastThreadLocalRunnable.run(FastThreadLocalRunnable.java:30)
	... 1 more
Caused by: java.net.ConnectException: Connection refused
	... 11 more
2019-10-18 13:02:06,227 [c124d131-afb9-4343-ad4e-aaebde613043@group-FF4202234884-LeaderElection395] INFO  impl.LeaderElection (LeaderElection.java:logAndReturn(56)) - c124d131-afb9-4343-ad4e-aaebde613043@group-FF4202234884-LeaderElection395: Election REJECTED; received 0 response(s) [] and 2 exception(s); c124d131-afb9-4343-ad4e-aaebde613043@group-FF4202234884:t228, leader=null, voted=c124d131-afb9-4343-ad4e-aaebde613043, raftlog=c124d131-afb9-4343-ad4e-aaebde613043@group-FF4202234884-SegmentedRaftLog:OPENED:c-1,f-1,i0, conf=-1: [999343e7-0330-4874-a345-91eca72585e0:192.168.34.56:44872, c124d131-afb9-4343-ad4e-aaebde613043:192.168.34.56:42116, e5bb327f-cdd7-4e49-919e-13a4c895fddf:192.168.34.56:36658], old=null
2019-10-18 13:02:06,227 [c124d131-afb9-4343-ad4e-aaebde613043@group-FF4202234884-LeaderElection395] INFO  impl.LeaderElection (LogUtils.java:infoOrTrace(149)) -   Exception 0: {}
java.util.concurrent.ExecutionException: org.apache.ratis.thirdparty.io.grpc.StatusRuntimeException: UNAVAILABLE: io exception
	at java.util.concurrent.FutureTask.report(FutureTask.java:122)
	at java.util.concurrent.FutureTask.get(FutureTask.java:192)
	at org.apache.ratis.server.impl.LeaderElection.waitForResults(LeaderElection.java:259)
	at org.apache.ratis.server.impl.LeaderElection.askForVotes(LeaderElection.java:197)
	at org.apache.ratis.server.impl.LeaderElection.run(LeaderElection.java:133)
	at java.lang.Thread.run(Thread.java:748)
Caused by: org.apache.ratis.thirdparty.io.grpc.StatusRuntimeException: UNAVAILABLE: io exception
	at org.apache.ratis.thirdparty.io.grpc.stub.ClientCalls.toStatusRuntimeException(ClientCalls.java:233)
	at org.apache.ratis.thirdparty.io.grpc.stub.ClientCalls.getUnchecked(ClientCalls.java:214)
	at org.apache.ratis.thirdparty.io.grpc.stub.ClientCalls.blockingUnaryCall(ClientCalls.java:139)
	at org.apache.ratis.proto.grpc.RaftServerProtocolServiceGrpc$RaftServerProtocolServiceBlockingStub.requestVote(RaftServerProtocolServiceGrpc.java:265)
	at org.apache.ratis.grpc.server.GrpcServerProtocolClient.requestVote(GrpcServerProtocolClient.java:99)
	at org.apache.ratis.grpc.server.GrpcService.requestVote(GrpcService.java:204)
	at org.apache.ratis.server.impl.LeaderElection.lambda$submitRequests$1(LeaderElection.java:234)
	at java.util.concurrent.FutureTask.run(FutureTask.java:266)
	at java.util.concurrent.Executors$RunnableAdapter.call(Executors.java:511)
	at java.util.concurrent.FutureTask.run(FutureTask.java:266)
	at java.util.concurrent.ThreadPoolExecutor.runWorker(ThreadPoolExecutor.java:1149)
	at java.util.concurrent.ThreadPoolExecutor$Worker.run(ThreadPoolExecutor.java:624)
	... 1 more
Caused by: org.apache.ratis.thirdparty.io.netty.channel.AbstractChannel$AnnotatedConnectException: Connection refused: /192.168.34.56:36658
	at sun.nio.ch.SocketChannelImpl.checkConnect(Native Method)
	at sun.nio.ch.SocketChannelImpl.finishConnect(SocketChannelImpl.java:717)
	at org.apache.ratis.thirdparty.io.netty.channel.socket.nio.NioSocketChannel.doFinishConnect(NioSocketChannel.java:327)
	at org.apache.ratis.thirdparty.io.netty.channel.nio.AbstractNioChannel$AbstractNioUnsafe.finishConnect(AbstractNioChannel.java:340)
	at org.apache.ratis.thirdparty.io.netty.channel.nio.NioEventLoop.processSelectedKey(NioEventLoop.java:632)
	at org.apache.ratis.thirdparty.io.netty.channel.nio.NioEventLoop.processSelectedKeysOptimized(NioEventLoop.java:579)
	at org.apache.ratis.thirdparty.io.netty.channel.nio.NioEventLoop.processSelectedKeys(NioEventLoop.java:496)
	at org.apache.ratis.thirdparty.io.netty.channel.nio.NioEventLoop.run(NioEventLoop.java:458)
	at org.apache.ratis.thirdparty.io.netty.util.concurrent.SingleThreadEventExecutor$5.run(SingleThreadEventExecutor.java:897)
	at org.apache.ratis.thirdparty.io.netty.util.concurrent.FastThreadLocalRunnable.run(FastThreadLocalRunnable.java:30)
	... 1 more
Caused by: java.net.ConnectException: Connection refused
	... 11 more
2019-10-18 13:02:06,227 [c124d131-afb9-4343-ad4e-aaebde613043@group-FF4202234884-LeaderElection395] INFO  impl.LeaderElection (LogUtils.java:infoOrTrace(149)) -   Exception 1: {}
java.util.concurrent.ExecutionException: org.apache.ratis.thirdparty.io.grpc.StatusRuntimeException: UNAVAILABLE: io exception
	at java.util.concurrent.FutureTask.report(FutureTask.java:122)
	at java.util.concurrent.FutureTask.get(FutureTask.java:192)
	at org.apache.ratis.server.impl.LeaderElection.waitForResults(LeaderElection.java:259)
	at org.apache.ratis.server.impl.LeaderElection.askForVotes(LeaderElection.java:197)
	at org.apache.ratis.server.impl.LeaderElection.run(LeaderElection.java:133)
	at java.lang.Thread.run(Thread.java:748)
Caused by: org.apache.ratis.thirdparty.io.grpc.StatusRuntimeException: UNAVAILABLE: io exception
	at org.apache.ratis.thirdparty.io.grpc.stub.ClientCalls.toStatusRuntimeException(ClientCalls.java:233)
	at org.apache.ratis.thirdparty.io.grpc.stub.ClientCalls.getUnchecked(ClientCalls.java:214)
	at org.apache.ratis.thirdparty.io.grpc.stub.ClientCalls.blockingUnaryCall(ClientCalls.java:139)
	at org.apache.ratis.proto.grpc.RaftServerProtocolServiceGrpc$RaftServerProtocolServiceBlockingStub.requestVote(RaftServerProtocolServiceGrpc.java:265)
	at org.apache.ratis.grpc.server.GrpcServerProtocolClient.requestVote(GrpcServerProtocolClient.java:99)
	at org.apache.ratis.grpc.server.GrpcService.requestVote(GrpcService.java:204)
	at org.apache.ratis.server.impl.LeaderElection.lambda$submitRequests$1(LeaderElection.java:234)
	at java.util.concurrent.FutureTask.run(FutureTask.java:266)
	at java.util.concurrent.Executors$RunnableAdapter.call(Executors.java:511)
	at java.util.concurrent.FutureTask.run(FutureTask.java:266)
	at java.util.concurrent.ThreadPoolExecutor.runWorker(ThreadPoolExecutor.java:1149)
	at java.util.concurrent.ThreadPoolExecutor$Worker.run(ThreadPoolExecutor.java:624)
	... 1 more
Caused by: org.apache.ratis.thirdparty.io.netty.channel.AbstractChannel$AnnotatedConnectException: Connection refused: /192.168.34.56:44872
	at sun.nio.ch.SocketChannelImpl.checkConnect(Native Method)
	at sun.nio.ch.SocketChannelImpl.finishConnect(SocketChannelImpl.java:717)
	at org.apache.ratis.thirdparty.io.netty.channel.socket.nio.NioSocketChannel.doFinishConnect(NioSocketChannel.java:327)
	at org.apache.ratis.thirdparty.io.netty.channel.nio.AbstractNioChannel$AbstractNioUnsafe.finishConnect(AbstractNioChannel.java:340)
	at org.apache.ratis.thirdparty.io.netty.channel.nio.NioEventLoop.processSelectedKey(NioEventLoop.java:632)
	at org.apache.ratis.thirdparty.io.netty.channel.nio.NioEventLoop.processSelectedKeysOptimized(NioEventLoop.java:579)
	at org.apache.ratis.thirdparty.io.netty.channel.nio.NioEventLoop.processSelectedKeys(NioEventLoop.java:496)
	at org.apache.ratis.thirdparty.io.netty.channel.nio.NioEventLoop.run(NioEventLoop.java:458)
	at org.apache.ratis.thirdparty.io.netty.util.concurrent.SingleThreadEventExecutor$5.run(SingleThreadEventExecutor.java:897)
	at org.apache.ratis.thirdparty.io.netty.util.concurrent.FastThreadLocalRunnable.run(FastThreadLocalRunnable.java:30)
	... 1 more
Caused by: java.net.ConnectException: Connection refused
	... 11 more
2019-10-18 13:02:06,228 [c124d131-afb9-4343-ad4e-aaebde613043@group-FF4202234884-LeaderElection395] INFO  impl.RaftServerImpl (RaftServerImpl.java:setRole(184)) - c124d131-afb9-4343-ad4e-aaebde613043@group-FF4202234884: changes role from CANDIDATE to FOLLOWER at term 228 for DISCOVERED_A_NEW_TERM
2019-10-18 13:02:06,228 [c124d131-afb9-4343-ad4e-aaebde613043@group-FF4202234884-LeaderElection395] INFO  impl.RoleInfo (RoleInfo.java:shutdownLeaderElection(134)) - c124d131-afb9-4343-ad4e-aaebde613043: shutdown LeaderElection
2019-10-18 13:02:06,228 [c124d131-afb9-4343-ad4e-aaebde613043@group-FF4202234884-LeaderElection395] INFO  impl.RoleInfo (RoleInfo.java:updateAndGet(143)) - c124d131-afb9-4343-ad4e-aaebde613043: start FollowerState
2019-10-18 13:02:06,236 [java.util.concurrent.ThreadPoolExecutor$Worker@b7e5976[State = -1, empty queue]] WARN  server.GrpcLogAppender (GrpcLogAppender.java:timeoutAppendRequest(209)) - 17618ccc-f51c-4f14-92cf-842ef2c05e35@group-08BD6F798C58->896cef04-248b-470f-8c5c-c9acb81bb157-GrpcLogAppender: appendEntries Timeout, request=17618ccc-f51c-4f14-92cf-842ef2c05e35->896cef04-248b-470f-8c5c-c9acb81bb157#98-t10, previous=(t:10, i:19), leaderCommit=19, initializing? false, entries: <empty>
2019-10-18 13:02:06,280 [Thread-3000] INFO  impl.FollowerState (FollowerState.java:run(108)) - c124d131-afb9-4343-ad4e-aaebde613043@group-FF4202234884-FollowerState: change to CANDIDATE, lastRpcTime:52ms, electionTimeout:52ms
2019-10-18 13:02:06,281 [Thread-3000] INFO  impl.RoleInfo (RoleInfo.java:shutdownFollowerState(121)) - c124d131-afb9-4343-ad4e-aaebde613043: shutdown FollowerState
2019-10-18 13:02:06,281 [Thread-3000] INFO  impl.RaftServerImpl (RaftServerImpl.java:setRole(184)) - c124d131-afb9-4343-ad4e-aaebde613043@group-FF4202234884: changes role from  FOLLOWER to CANDIDATE at term 228 for changeToCandidate
2019-10-18 13:02:06,282 [Thread-3000] INFO  impl.RoleInfo (RoleInfo.java:updateAndGet(143)) - c124d131-afb9-4343-ad4e-aaebde613043: start LeaderElection
2019-10-18 13:02:06,368 [c124d131-afb9-4343-ad4e-aaebde613043@group-FF4202234884-LeaderElection396] INFO  impl.LeaderElection (LeaderElection.java:askForVotes(178)) - c124d131-afb9-4343-ad4e-aaebde613043@group-FF4202234884-LeaderElection396: begin an election at term 229 for -1: [999343e7-0330-4874-a345-91eca72585e0:192.168.34.56:44872, c124d131-afb9-4343-ad4e-aaebde613043:192.168.34.56:42116, e5bb327f-cdd7-4e49-919e-13a4c895fddf:192.168.34.56:36658], old=null
2019-10-18 13:02:06,369 [c124d131-afb9-4343-ad4e-aaebde613043@group-FF4202234884-LeaderElection396] INFO  impl.LeaderElection (LogUtils.java:infoOrTrace(149)) - c124d131-afb9-4343-ad4e-aaebde613043@group-FF4202234884-LeaderElection396 got exception when requesting votes: {}
java.util.concurrent.ExecutionException: org.apache.ratis.thirdparty.io.grpc.StatusRuntimeException: UNAVAILABLE: io exception
	at java.util.concurrent.FutureTask.report(FutureTask.java:122)
	at java.util.concurrent.FutureTask.get(FutureTask.java:192)
	at org.apache.ratis.server.impl.LeaderElection.waitForResults(LeaderElection.java:259)
	at org.apache.ratis.server.impl.LeaderElection.askForVotes(LeaderElection.java:197)
	at org.apache.ratis.server.impl.LeaderElection.run(LeaderElection.java:133)
	at java.lang.Thread.run(Thread.java:748)
Caused by: org.apache.ratis.thirdparty.io.grpc.StatusRuntimeException: UNAVAILABLE: io exception
	at org.apache.ratis.thirdparty.io.grpc.stub.ClientCalls.toStatusRuntimeException(ClientCalls.java:233)
	at org.apache.ratis.thirdparty.io.grpc.stub.ClientCalls.getUnchecked(ClientCalls.java:214)
	at org.apache.ratis.thirdparty.io.grpc.stub.ClientCalls.blockingUnaryCall(ClientCalls.java:139)
	at org.apache.ratis.proto.grpc.RaftServerProtocolServiceGrpc$RaftServerProtocolServiceBlockingStub.requestVote(RaftServerProtocolServiceGrpc.java:265)
	at org.apache.ratis.grpc.server.GrpcServerProtocolClient.requestVote(GrpcServerProtocolClient.java:99)
	at org.apache.ratis.grpc.server.GrpcService.requestVote(GrpcService.java:204)
	at org.apache.ratis.server.impl.LeaderElection.lambda$submitRequests$1(LeaderElection.java:234)
	at java.util.concurrent.FutureTask.run(FutureTask.java:266)
	at java.util.concurrent.Executors$RunnableAdapter.call(Executors.java:511)
	at java.util.concurrent.FutureTask.run(FutureTask.java:266)
	at java.util.concurrent.ThreadPoolExecutor.runWorker(ThreadPoolExecutor.java:1149)
	at java.util.concurrent.ThreadPoolExecutor$Worker.run(ThreadPoolExecutor.java:624)
	... 1 more
Caused by: org.apache.ratis.thirdparty.io.netty.channel.AbstractChannel$AnnotatedConnectException: Connection refused: /192.168.34.56:36658
	at sun.nio.ch.SocketChannelImpl.checkConnect(Native Method)
	at sun.nio.ch.SocketChannelImpl.finishConnect(SocketChannelImpl.java:717)
	at org.apache.ratis.thirdparty.io.netty.channel.socket.nio.NioSocketChannel.doFinishConnect(NioSocketChannel.java:327)
	at org.apache.ratis.thirdparty.io.netty.channel.nio.AbstractNioChannel$AbstractNioUnsafe.finishConnect(AbstractNioChannel.java:340)
	at org.apache.ratis.thirdparty.io.netty.channel.nio.NioEventLoop.processSelectedKey(NioEventLoop.java:632)
	at org.apache.ratis.thirdparty.io.netty.channel.nio.NioEventLoop.processSelectedKeysOptimized(NioEventLoop.java:579)
	at org.apache.ratis.thirdparty.io.netty.channel.nio.NioEventLoop.processSelectedKeys(NioEventLoop.java:496)
	at org.apache.ratis.thirdparty.io.netty.channel.nio.NioEventLoop.run(NioEventLoop.java:458)
	at org.apache.ratis.thirdparty.io.netty.util.concurrent.SingleThreadEventExecutor$5.run(SingleThreadEventExecutor.java:897)
	at org.apache.ratis.thirdparty.io.netty.util.concurrent.FastThreadLocalRunnable.run(FastThreadLocalRunnable.java:30)
	... 1 more
Caused by: java.net.ConnectException: Connection refused
	... 11 more
2019-10-18 13:02:06,370 [c124d131-afb9-4343-ad4e-aaebde613043@group-FF4202234884-LeaderElection396] INFO  impl.LeaderElection (LogUtils.java:infoOrTrace(149)) - c124d131-afb9-4343-ad4e-aaebde613043@group-FF4202234884-LeaderElection396 got exception when requesting votes: {}
java.util.concurrent.ExecutionException: org.apache.ratis.thirdparty.io.grpc.StatusRuntimeException: UNAVAILABLE: io exception
	at java.util.concurrent.FutureTask.report(FutureTask.java:122)
	at java.util.concurrent.FutureTask.get(FutureTask.java:192)
	at org.apache.ratis.server.impl.LeaderElection.waitForResults(LeaderElection.java:259)
	at org.apache.ratis.server.impl.LeaderElection.askForVotes(LeaderElection.java:197)
	at org.apache.ratis.server.impl.LeaderElection.run(LeaderElection.java:133)
	at java.lang.Thread.run(Thread.java:748)
Caused by: org.apache.ratis.thirdparty.io.grpc.StatusRuntimeException: UNAVAILABLE: io exception
	at org.apache.ratis.thirdparty.io.grpc.stub.ClientCalls.toStatusRuntimeException(ClientCalls.java:233)
	at org.apache.ratis.thirdparty.io.grpc.stub.ClientCalls.getUnchecked(ClientCalls.java:214)
	at org.apache.ratis.thirdparty.io.grpc.stub.ClientCalls.blockingUnaryCall(ClientCalls.java:139)
	at org.apache.ratis.proto.grpc.RaftServerProtocolServiceGrpc$RaftServerProtocolServiceBlockingStub.requestVote(RaftServerProtocolServiceGrpc.java:265)
	at org.apache.ratis.grpc.server.GrpcServerProtocolClient.requestVote(GrpcServerProtocolClient.java:99)
	at org.apache.ratis.grpc.server.GrpcService.requestVote(GrpcService.java:204)
	at org.apache.ratis.server.impl.LeaderElection.lambda$submitRequests$1(LeaderElection.java:234)
	at java.util.concurrent.FutureTask.run(FutureTask.java:266)
	at java.util.concurrent.Executors$RunnableAdapter.call(Executors.java:511)
	at java.util.concurrent.FutureTask.run(FutureTask.java:266)
	at java.util.concurrent.ThreadPoolExecutor.runWorker(ThreadPoolExecutor.java:1149)
	at java.util.concurrent.ThreadPoolExecutor$Worker.run(ThreadPoolExecutor.java:624)
	... 1 more
Caused by: org.apache.ratis.thirdparty.io.netty.channel.AbstractChannel$AnnotatedConnectException: Connection refused: /192.168.34.56:44872
	at sun.nio.ch.SocketChannelImpl.checkConnect(Native Method)
	at sun.nio.ch.SocketChannelImpl.finishConnect(SocketChannelImpl.java:717)
	at org.apache.ratis.thirdparty.io.netty.channel.socket.nio.NioSocketChannel.doFinishConnect(NioSocketChannel.java:327)
	at org.apache.ratis.thirdparty.io.netty.channel.nio.AbstractNioChannel$AbstractNioUnsafe.finishConnect(AbstractNioChannel.java:340)
	at org.apache.ratis.thirdparty.io.netty.channel.nio.NioEventLoop.processSelectedKey(NioEventLoop.java:632)
	at org.apache.ratis.thirdparty.io.netty.channel.nio.NioEventLoop.processSelectedKeysOptimized(NioEventLoop.java:579)
	at org.apache.ratis.thirdparty.io.netty.channel.nio.NioEventLoop.processSelectedKeys(NioEventLoop.java:496)
	at org.apache.ratis.thirdparty.io.netty.channel.nio.NioEventLoop.run(NioEventLoop.java:458)
	at org.apache.ratis.thirdparty.io.netty.util.concurrent.SingleThreadEventExecutor$5.run(SingleThreadEventExecutor.java:897)
	at org.apache.ratis.thirdparty.io.netty.util.concurrent.FastThreadLocalRunnable.run(FastThreadLocalRunnable.java:30)
	... 1 more
Caused by: java.net.ConnectException: Connection refused
	... 11 more
2019-10-18 13:02:06,370 [c124d131-afb9-4343-ad4e-aaebde613043@group-FF4202234884-LeaderElection396] INFO  impl.LeaderElection (LeaderElection.java:logAndReturn(56)) - c124d131-afb9-4343-ad4e-aaebde613043@group-FF4202234884-LeaderElection396: Election REJECTED; received 0 response(s) [] and 2 exception(s); c124d131-afb9-4343-ad4e-aaebde613043@group-FF4202234884:t229, leader=null, voted=c124d131-afb9-4343-ad4e-aaebde613043, raftlog=c124d131-afb9-4343-ad4e-aaebde613043@group-FF4202234884-SegmentedRaftLog:OPENED:c-1,f-1,i0, conf=-1: [999343e7-0330-4874-a345-91eca72585e0:192.168.34.56:44872, c124d131-afb9-4343-ad4e-aaebde613043:192.168.34.56:42116, e5bb327f-cdd7-4e49-919e-13a4c895fddf:192.168.34.56:36658], old=null
2019-10-18 13:02:06,371 [c124d131-afb9-4343-ad4e-aaebde613043@group-FF4202234884-LeaderElection396] INFO  impl.LeaderElection (LogUtils.java:infoOrTrace(149)) -   Exception 0: {}
java.util.concurrent.ExecutionException: org.apache.ratis.thirdparty.io.grpc.StatusRuntimeException: UNAVAILABLE: io exception
	at java.util.concurrent.FutureTask.report(FutureTask.java:122)
	at java.util.concurrent.FutureTask.get(FutureTask.java:192)
	at org.apache.ratis.server.impl.LeaderElection.waitForResults(LeaderElection.java:259)
	at org.apache.ratis.server.impl.LeaderElection.askForVotes(LeaderElection.java:197)
	at org.apache.ratis.server.impl.LeaderElection.run(LeaderElection.java:133)
	at java.lang.Thread.run(Thread.java:748)
Caused by: org.apache.ratis.thirdparty.io.grpc.StatusRuntimeException: UNAVAILABLE: io exception
	at org.apache.ratis.thirdparty.io.grpc.stub.ClientCalls.toStatusRuntimeException(ClientCalls.java:233)
	at org.apache.ratis.thirdparty.io.grpc.stub.ClientCalls.getUnchecked(ClientCalls.java:214)
	at org.apache.ratis.thirdparty.io.grpc.stub.ClientCalls.blockingUnaryCall(ClientCalls.java:139)
	at org.apache.ratis.proto.grpc.RaftServerProtocolServiceGrpc$RaftServerProtocolServiceBlockingStub.requestVote(RaftServerProtocolServiceGrpc.java:265)
	at org.apache.ratis.grpc.server.GrpcServerProtocolClient.requestVote(GrpcServerProtocolClient.java:99)
	at org.apache.ratis.grpc.server.GrpcService.requestVote(GrpcService.java:204)
	at org.apache.ratis.server.impl.LeaderElection.lambda$submitRequests$1(LeaderElection.java:234)
	at java.util.concurrent.FutureTask.run(FutureTask.java:266)
	at java.util.concurrent.Executors$RunnableAdapter.call(Executors.java:511)
	at java.util.concurrent.FutureTask.run(FutureTask.java:266)
	at java.util.concurrent.ThreadPoolExecutor.runWorker(ThreadPoolExecutor.java:1149)
	at java.util.concurrent.ThreadPoolExecutor$Worker.run(ThreadPoolExecutor.java:624)
	... 1 more
Caused by: org.apache.ratis.thirdparty.io.netty.channel.AbstractChannel$AnnotatedConnectException: Connection refused: /192.168.34.56:36658
	at sun.nio.ch.SocketChannelImpl.checkConnect(Native Method)
	at sun.nio.ch.SocketChannelImpl.finishConnect(SocketChannelImpl.java:717)
	at org.apache.ratis.thirdparty.io.netty.channel.socket.nio.NioSocketChannel.doFinishConnect(NioSocketChannel.java:327)
	at org.apache.ratis.thirdparty.io.netty.channel.nio.AbstractNioChannel$AbstractNioUnsafe.finishConnect(AbstractNioChannel.java:340)
	at org.apache.ratis.thirdparty.io.netty.channel.nio.NioEventLoop.processSelectedKey(NioEventLoop.java:632)
	at org.apache.ratis.thirdparty.io.netty.channel.nio.NioEventLoop.processSelectedKeysOptimized(NioEventLoop.java:579)
	at org.apache.ratis.thirdparty.io.netty.channel.nio.NioEventLoop.processSelectedKeys(NioEventLoop.java:496)
	at org.apache.ratis.thirdparty.io.netty.channel.nio.NioEventLoop.run(NioEventLoop.java:458)
	at org.apache.ratis.thirdparty.io.netty.util.concurrent.SingleThreadEventExecutor$5.run(SingleThreadEventExecutor.java:897)
	at org.apache.ratis.thirdparty.io.netty.util.concurrent.FastThreadLocalRunnable.run(FastThreadLocalRunnable.java:30)
	... 1 more
Caused by: java.net.ConnectException: Connection refused
	... 11 more
2019-10-18 13:02:06,371 [c124d131-afb9-4343-ad4e-aaebde613043@group-FF4202234884-LeaderElection396] INFO  impl.LeaderElection (LogUtils.java:infoOrTrace(149)) -   Exception 1: {}
java.util.concurrent.ExecutionException: org.apache.ratis.thirdparty.io.grpc.StatusRuntimeException: UNAVAILABLE: io exception
	at java.util.concurrent.FutureTask.report(FutureTask.java:122)
	at java.util.concurrent.FutureTask.get(FutureTask.java:192)
	at org.apache.ratis.server.impl.LeaderElection.waitForResults(LeaderElection.java:259)
	at org.apache.ratis.server.impl.LeaderElection.askForVotes(LeaderElection.java:197)
	at org.apache.ratis.server.impl.LeaderElection.run(LeaderElection.java:133)
	at java.lang.Thread.run(Thread.java:748)
Caused by: org.apache.ratis.thirdparty.io.grpc.StatusRuntimeException: UNAVAILABLE: io exception
	at org.apache.ratis.thirdparty.io.grpc.stub.ClientCalls.toStatusRuntimeException(ClientCalls.java:233)
	at org.apache.ratis.thirdparty.io.grpc.stub.ClientCalls.getUnchecked(ClientCalls.java:214)
	at org.apache.ratis.thirdparty.io.grpc.stub.ClientCalls.blockingUnaryCall(ClientCalls.java:139)
	at org.apache.ratis.proto.grpc.RaftServerProtocolServiceGrpc$RaftServerProtocolServiceBlockingStub.requestVote(RaftServerProtocolServiceGrpc.java:265)
	at org.apache.ratis.grpc.server.GrpcServerProtocolClient.requestVote(GrpcServerProtocolClient.java:99)
	at org.apache.ratis.grpc.server.GrpcService.requestVote(GrpcService.java:204)
	at org.apache.ratis.server.impl.LeaderElection.lambda$submitRequests$1(LeaderElection.java:234)
	at java.util.concurrent.FutureTask.run(FutureTask.java:266)
	at java.util.concurrent.Executors$RunnableAdapter.call(Executors.java:511)
	at java.util.concurrent.FutureTask.run(FutureTask.java:266)
	at java.util.concurrent.ThreadPoolExecutor.runWorker(ThreadPoolExecutor.java:1149)
	at java.util.concurrent.ThreadPoolExecutor$Worker.run(ThreadPoolExecutor.java:624)
	... 1 more
Caused by: org.apache.ratis.thirdparty.io.netty.channel.AbstractChannel$AnnotatedConnectException: Connection refused: /192.168.34.56:44872
	at sun.nio.ch.SocketChannelImpl.checkConnect(Native Method)
	at sun.nio.ch.SocketChannelImpl.finishConnect(SocketChannelImpl.java:717)
	at org.apache.ratis.thirdparty.io.netty.channel.socket.nio.NioSocketChannel.doFinishConnect(NioSocketChannel.java:327)
	at org.apache.ratis.thirdparty.io.netty.channel.nio.AbstractNioChannel$AbstractNioUnsafe.finishConnect(AbstractNioChannel.java:340)
	at org.apache.ratis.thirdparty.io.netty.channel.nio.NioEventLoop.processSelectedKey(NioEventLoop.java:632)
	at org.apache.ratis.thirdparty.io.netty.channel.nio.NioEventLoop.processSelectedKeysOptimized(NioEventLoop.java:579)
	at org.apache.ratis.thirdparty.io.netty.channel.nio.NioEventLoop.processSelectedKeys(NioEventLoop.java:496)
	at org.apache.ratis.thirdparty.io.netty.channel.nio.NioEventLoop.run(NioEventLoop.java:458)
	at org.apache.ratis.thirdparty.io.netty.util.concurrent.SingleThreadEventExecutor$5.run(SingleThreadEventExecutor.java:897)
	at org.apache.ratis.thirdparty.io.netty.util.concurrent.FastThreadLocalRunnable.run(FastThreadLocalRunnable.java:30)
	... 1 more
Caused by: java.net.ConnectException: Connection refused
	... 11 more
2019-10-18 13:02:06,371 [c124d131-afb9-4343-ad4e-aaebde613043@group-FF4202234884-LeaderElection396] INFO  impl.RaftServerImpl (RaftServerImpl.java:setRole(184)) - c124d131-afb9-4343-ad4e-aaebde613043@group-FF4202234884: changes role from CANDIDATE to FOLLOWER at term 229 for DISCOVERED_A_NEW_TERM
2019-10-18 13:02:06,371 [c124d131-afb9-4343-ad4e-aaebde613043@group-FF4202234884-LeaderElection396] INFO  impl.RoleInfo (RoleInfo.java:shutdownLeaderElection(134)) - c124d131-afb9-4343-ad4e-aaebde613043: shutdown LeaderElection
2019-10-18 13:02:06,371 [c124d131-afb9-4343-ad4e-aaebde613043@group-FF4202234884-LeaderElection396] INFO  impl.RoleInfo (RoleInfo.java:updateAndGet(143)) - c124d131-afb9-4343-ad4e-aaebde613043: start FollowerState
2019-10-18 13:02:06,375 [Thread-3004] INFO  impl.FollowerState (FollowerState.java:run(108)) - c124d131-afb9-4343-ad4e-aaebde613043@group-FF4202234884-FollowerState: change to CANDIDATE, lastRpcTime:3ms, electionTimeout:3ms
2019-10-18 13:02:06,375 [Thread-3004] INFO  impl.RoleInfo (RoleInfo.java:shutdownFollowerState(121)) - c124d131-afb9-4343-ad4e-aaebde613043: shutdown FollowerState
2019-10-18 13:02:06,375 [Thread-3004] INFO  impl.RaftServerImpl (RaftServerImpl.java:setRole(184)) - c124d131-afb9-4343-ad4e-aaebde613043@group-FF4202234884: changes role from  FOLLOWER to CANDIDATE at term 229 for changeToCandidate
2019-10-18 13:02:06,375 [Thread-3004] INFO  impl.RoleInfo (RoleInfo.java:updateAndGet(143)) - c124d131-afb9-4343-ad4e-aaebde613043: start LeaderElection
2019-10-18 13:02:06,451 [c124d131-afb9-4343-ad4e-aaebde613043@group-FF4202234884-LeaderElection397] INFO  impl.LeaderElection (LeaderElection.java:askForVotes(178)) - c124d131-afb9-4343-ad4e-aaebde613043@group-FF4202234884-LeaderElection397: begin an election at term 230 for -1: [999343e7-0330-4874-a345-91eca72585e0:192.168.34.56:44872, c124d131-afb9-4343-ad4e-aaebde613043:192.168.34.56:42116, e5bb327f-cdd7-4e49-919e-13a4c895fddf:192.168.34.56:36658], old=null
2019-10-18 13:02:06,452 [c124d131-afb9-4343-ad4e-aaebde613043@group-FF4202234884-LeaderElection397] INFO  impl.LeaderElection (LogUtils.java:infoOrTrace(149)) - c124d131-afb9-4343-ad4e-aaebde613043@group-FF4202234884-LeaderElection397 got exception when requesting votes: {}
java.util.concurrent.ExecutionException: org.apache.ratis.thirdparty.io.grpc.StatusRuntimeException: UNAVAILABLE: io exception
	at java.util.concurrent.FutureTask.report(FutureTask.java:122)
	at java.util.concurrent.FutureTask.get(FutureTask.java:192)
	at org.apache.ratis.server.impl.LeaderElection.waitForResults(LeaderElection.java:259)
	at org.apache.ratis.server.impl.LeaderElection.askForVotes(LeaderElection.java:197)
	at org.apache.ratis.server.impl.LeaderElection.run(LeaderElection.java:133)
	at java.lang.Thread.run(Thread.java:748)
Caused by: org.apache.ratis.thirdparty.io.grpc.StatusRuntimeException: UNAVAILABLE: io exception
	at org.apache.ratis.thirdparty.io.grpc.stub.ClientCalls.toStatusRuntimeException(ClientCalls.java:233)
	at org.apache.ratis.thirdparty.io.grpc.stub.ClientCalls.getUnchecked(ClientCalls.java:214)
	at org.apache.ratis.thirdparty.io.grpc.stub.ClientCalls.blockingUnaryCall(ClientCalls.java:139)
	at org.apache.ratis.proto.grpc.RaftServerProtocolServiceGrpc$RaftServerProtocolServiceBlockingStub.requestVote(RaftServerProtocolServiceGrpc.java:265)
	at org.apache.ratis.grpc.server.GrpcServerProtocolClient.requestVote(GrpcServerProtocolClient.java:99)
	at org.apache.ratis.grpc.server.GrpcService.requestVote(GrpcService.java:204)
	at org.apache.ratis.server.impl.LeaderElection.lambda$submitRequests$1(LeaderElection.java:234)
	at java.util.concurrent.FutureTask.run(FutureTask.java:266)
	at java.util.concurrent.Executors$RunnableAdapter.call(Executors.java:511)
	at java.util.concurrent.FutureTask.run(FutureTask.java:266)
	at java.util.concurrent.ThreadPoolExecutor.runWorker(ThreadPoolExecutor.java:1149)
	at java.util.concurrent.ThreadPoolExecutor$Worker.run(ThreadPoolExecutor.java:624)
	... 1 more
Caused by: org.apache.ratis.thirdparty.io.netty.channel.AbstractChannel$AnnotatedConnectException: Connection refused: /192.168.34.56:36658
	at sun.nio.ch.SocketChannelImpl.checkConnect(Native Method)
	at sun.nio.ch.SocketChannelImpl.finishConnect(SocketChannelImpl.java:717)
	at org.apache.ratis.thirdparty.io.netty.channel.socket.nio.NioSocketChannel.doFinishConnect(NioSocketChannel.java:327)
	at org.apache.ratis.thirdparty.io.netty.channel.nio.AbstractNioChannel$AbstractNioUnsafe.finishConnect(AbstractNioChannel.java:340)
	at org.apache.ratis.thirdparty.io.netty.channel.nio.NioEventLoop.processSelectedKey(NioEventLoop.java:632)
	at org.apache.ratis.thirdparty.io.netty.channel.nio.NioEventLoop.processSelectedKeysOptimized(NioEventLoop.java:579)
	at org.apache.ratis.thirdparty.io.netty.channel.nio.NioEventLoop.processSelectedKeys(NioEventLoop.java:496)
	at org.apache.ratis.thirdparty.io.netty.channel.nio.NioEventLoop.run(NioEventLoop.java:458)
	at org.apache.ratis.thirdparty.io.netty.util.concurrent.SingleThreadEventExecutor$5.run(SingleThreadEventExecutor.java:897)
	at org.apache.ratis.thirdparty.io.netty.util.concurrent.FastThreadLocalRunnable.run(FastThreadLocalRunnable.java:30)
	... 1 more
Caused by: java.net.ConnectException: Connection refused
	... 11 more
2019-10-18 13:02:06,453 [c124d131-afb9-4343-ad4e-aaebde613043@group-FF4202234884-LeaderElection397] INFO  impl.LeaderElection (LogUtils.java:infoOrTrace(149)) - c124d131-afb9-4343-ad4e-aaebde613043@group-FF4202234884-LeaderElection397 got exception when requesting votes: {}
java.util.concurrent.ExecutionException: org.apache.ratis.thirdparty.io.grpc.StatusRuntimeException: UNAVAILABLE: io exception
	at java.util.concurrent.FutureTask.report(FutureTask.java:122)
	at java.util.concurrent.FutureTask.get(FutureTask.java:192)
	at org.apache.ratis.server.impl.LeaderElection.waitForResults(LeaderElection.java:259)
	at org.apache.ratis.server.impl.LeaderElection.askForVotes(LeaderElection.java:197)
	at org.apache.ratis.server.impl.LeaderElection.run(LeaderElection.java:133)
	at java.lang.Thread.run(Thread.java:748)
Caused by: org.apache.ratis.thirdparty.io.grpc.StatusRuntimeException: UNAVAILABLE: io exception
	at org.apache.ratis.thirdparty.io.grpc.stub.ClientCalls.toStatusRuntimeException(ClientCalls.java:233)
	at org.apache.ratis.thirdparty.io.grpc.stub.ClientCalls.getUnchecked(ClientCalls.java:214)
	at org.apache.ratis.thirdparty.io.grpc.stub.ClientCalls.blockingUnaryCall(ClientCalls.java:139)
	at org.apache.ratis.proto.grpc.RaftServerProtocolServiceGrpc$RaftServerProtocolServiceBlockingStub.requestVote(RaftServerProtocolServiceGrpc.java:265)
	at org.apache.ratis.grpc.server.GrpcServerProtocolClient.requestVote(GrpcServerProtocolClient.java:99)
	at org.apache.ratis.grpc.server.GrpcService.requestVote(GrpcService.java:204)
	at org.apache.ratis.server.impl.LeaderElection.lambda$submitRequests$1(LeaderElection.java:234)
	at java.util.concurrent.FutureTask.run(FutureTask.java:266)
	at java.util.concurrent.Executors$RunnableAdapter.call(Executors.java:511)
	at java.util.concurrent.FutureTask.run(FutureTask.java:266)
	at java.util.concurrent.ThreadPoolExecutor.runWorker(ThreadPoolExecutor.java:1149)
	at java.util.concurrent.ThreadPoolExecutor$Worker.run(ThreadPoolExecutor.java:624)
	... 1 more
Caused by: org.apache.ratis.thirdparty.io.netty.channel.AbstractChannel$AnnotatedConnectException: Connection refused: /192.168.34.56:44872
	at sun.nio.ch.SocketChannelImpl.checkConnect(Native Method)
	at sun.nio.ch.SocketChannelImpl.finishConnect(SocketChannelImpl.java:717)
	at org.apache.ratis.thirdparty.io.netty.channel.socket.nio.NioSocketChannel.doFinishConnect(NioSocketChannel.java:327)
	at org.apache.ratis.thirdparty.io.netty.channel.nio.AbstractNioChannel$AbstractNioUnsafe.finishConnect(AbstractNioChannel.java:340)
	at org.apache.ratis.thirdparty.io.netty.channel.nio.NioEventLoop.processSelectedKey(NioEventLoop.java:632)
	at org.apache.ratis.thirdparty.io.netty.channel.nio.NioEventLoop.processSelectedKeysOptimized(NioEventLoop.java:579)
	at org.apache.ratis.thirdparty.io.netty.channel.nio.NioEventLoop.processSelectedKeys(NioEventLoop.java:496)
	at org.apache.ratis.thirdparty.io.netty.channel.nio.NioEventLoop.run(NioEventLoop.java:458)
	at org.apache.ratis.thirdparty.io.netty.util.concurrent.SingleThreadEventExecutor$5.run(SingleThreadEventExecutor.java:897)
	at org.apache.ratis.thirdparty.io.netty.util.concurrent.FastThreadLocalRunnable.run(FastThreadLocalRunnable.java:30)
	... 1 more
Caused by: java.net.ConnectException: Connection refused
	... 11 more
2019-10-18 13:02:06,453 [c124d131-afb9-4343-ad4e-aaebde613043@group-FF4202234884-LeaderElection397] INFO  impl.LeaderElection (LeaderElection.java:logAndReturn(56)) - c124d131-afb9-4343-ad4e-aaebde613043@group-FF4202234884-LeaderElection397: Election REJECTED; received 0 response(s) [] and 2 exception(s); c124d131-afb9-4343-ad4e-aaebde613043@group-FF4202234884:t230, leader=null, voted=c124d131-afb9-4343-ad4e-aaebde613043, raftlog=c124d131-afb9-4343-ad4e-aaebde613043@group-FF4202234884-SegmentedRaftLog:OPENED:c-1,f-1,i0, conf=-1: [999343e7-0330-4874-a345-91eca72585e0:192.168.34.56:44872, c124d131-afb9-4343-ad4e-aaebde613043:192.168.34.56:42116, e5bb327f-cdd7-4e49-919e-13a4c895fddf:192.168.34.56:36658], old=null
2019-10-18 13:02:06,453 [c124d131-afb9-4343-ad4e-aaebde613043@group-FF4202234884-LeaderElection397] INFO  impl.LeaderElection (LogUtils.java:infoOrTrace(149)) -   Exception 0: {}
java.util.concurrent.ExecutionException: org.apache.ratis.thirdparty.io.grpc.StatusRuntimeException: UNAVAILABLE: io exception
	at java.util.concurrent.FutureTask.report(FutureTask.java:122)
	at java.util.concurrent.FutureTask.get(FutureTask.java:192)
	at org.apache.ratis.server.impl.LeaderElection.waitForResults(LeaderElection.java:259)
	at org.apache.ratis.server.impl.LeaderElection.askForVotes(LeaderElection.java:197)
	at org.apache.ratis.server.impl.LeaderElection.run(LeaderElection.java:133)
	at java.lang.Thread.run(Thread.java:748)
Caused by: org.apache.ratis.thirdparty.io.grpc.StatusRuntimeException: UNAVAILABLE: io exception
	at org.apache.ratis.thirdparty.io.grpc.stub.ClientCalls.toStatusRuntimeException(ClientCalls.java:233)
	at org.apache.ratis.thirdparty.io.grpc.stub.ClientCalls.getUnchecked(ClientCalls.java:214)
	at org.apache.ratis.thirdparty.io.grpc.stub.ClientCalls.blockingUnaryCall(ClientCalls.java:139)
	at org.apache.ratis.proto.grpc.RaftServerProtocolServiceGrpc$RaftServerProtocolServiceBlockingStub.requestVote(RaftServerProtocolServiceGrpc.java:265)
	at org.apache.ratis.grpc.server.GrpcServerProtocolClient.requestVote(GrpcServerProtocolClient.java:99)
	at org.apache.ratis.grpc.server.GrpcService.requestVote(GrpcService.java:204)
	at org.apache.ratis.server.impl.LeaderElection.lambda$submitRequests$1(LeaderElection.java:234)
	at java.util.concurrent.FutureTask.run(FutureTask.java:266)
	at java.util.concurrent.Executors$RunnableAdapter.call(Executors.java:511)
	at java.util.concurrent.FutureTask.run(FutureTask.java:266)
	at java.util.concurrent.ThreadPoolExecutor.runWorker(ThreadPoolExecutor.java:1149)
	at java.util.concurrent.ThreadPoolExecutor$Worker.run(ThreadPoolExecutor.java:624)
	... 1 more
Caused by: org.apache.ratis.thirdparty.io.netty.channel.AbstractChannel$AnnotatedConnectException: Connection refused: /192.168.34.56:36658
	at sun.nio.ch.SocketChannelImpl.checkConnect(Native Method)
	at sun.nio.ch.SocketChannelImpl.finishConnect(SocketChannelImpl.java:717)
	at org.apache.ratis.thirdparty.io.netty.channel.socket.nio.NioSocketChannel.doFinishConnect(NioSocketChannel.java:327)
	at org.apache.ratis.thirdparty.io.netty.channel.nio.AbstractNioChannel$AbstractNioUnsafe.finishConnect(AbstractNioChannel.java:340)
	at org.apache.ratis.thirdparty.io.netty.channel.nio.NioEventLoop.processSelectedKey(NioEventLoop.java:632)
	at org.apache.ratis.thirdparty.io.netty.channel.nio.NioEventLoop.processSelectedKeysOptimized(NioEventLoop.java:579)
	at org.apache.ratis.thirdparty.io.netty.channel.nio.NioEventLoop.processSelectedKeys(NioEventLoop.java:496)
	at org.apache.ratis.thirdparty.io.netty.channel.nio.NioEventLoop.run(NioEventLoop.java:458)
	at org.apache.ratis.thirdparty.io.netty.util.concurrent.SingleThreadEventExecutor$5.run(SingleThreadEventExecutor.java:897)
	at org.apache.ratis.thirdparty.io.netty.util.concurrent.FastThreadLocalRunnable.run(FastThreadLocalRunnable.java:30)
	... 1 more
Caused by: java.net.ConnectException: Connection refused
	... 11 more
2019-10-18 13:02:06,453 [c124d131-afb9-4343-ad4e-aaebde613043@group-FF4202234884-LeaderElection397] INFO  impl.LeaderElection (LogUtils.java:infoOrTrace(149)) -   Exception 1: {}
java.util.concurrent.ExecutionException: org.apache.ratis.thirdparty.io.grpc.StatusRuntimeException: UNAVAILABLE: io exception
	at java.util.concurrent.FutureTask.report(FutureTask.java:122)
	at java.util.concurrent.FutureTask.get(FutureTask.java:192)
	at org.apache.ratis.server.impl.LeaderElection.waitForResults(LeaderElection.java:259)
	at org.apache.ratis.server.impl.LeaderElection.askForVotes(LeaderElection.java:197)
	at org.apache.ratis.server.impl.LeaderElection.run(LeaderElection.java:133)
	at java.lang.Thread.run(Thread.java:748)
Caused by: org.apache.ratis.thirdparty.io.grpc.StatusRuntimeException: UNAVAILABLE: io exception
	at org.apache.ratis.thirdparty.io.grpc.stub.ClientCalls.toStatusRuntimeException(ClientCalls.java:233)
	at org.apache.ratis.thirdparty.io.grpc.stub.ClientCalls.getUnchecked(ClientCalls.java:214)
	at org.apache.ratis.thirdparty.io.grpc.stub.ClientCalls.blockingUnaryCall(ClientCalls.java:139)
	at org.apache.ratis.proto.grpc.RaftServerProtocolServiceGrpc$RaftServerProtocolServiceBlockingStub.requestVote(RaftServerProtocolServiceGrpc.java:265)
	at org.apache.ratis.grpc.server.GrpcServerProtocolClient.requestVote(GrpcServerProtocolClient.java:99)
	at org.apache.ratis.grpc.server.GrpcService.requestVote(GrpcService.java:204)
	at org.apache.ratis.server.impl.LeaderElection.lambda$submitRequests$1(LeaderElection.java:234)
	at java.util.concurrent.FutureTask.run(FutureTask.java:266)
	at java.util.concurrent.Executors$RunnableAdapter.call(Executors.java:511)
	at java.util.concurrent.FutureTask.run(FutureTask.java:266)
	at java.util.concurrent.ThreadPoolExecutor.runWorker(ThreadPoolExecutor.java:1149)
	at java.util.concurrent.ThreadPoolExecutor$Worker.run(ThreadPoolExecutor.java:624)
	... 1 more
Caused by: org.apache.ratis.thirdparty.io.netty.channel.AbstractChannel$AnnotatedConnectException: Connection refused: /192.168.34.56:44872
	at sun.nio.ch.SocketChannelImpl.checkConnect(Native Method)
	at sun.nio.ch.SocketChannelImpl.finishConnect(SocketChannelImpl.java:717)
	at org.apache.ratis.thirdparty.io.netty.channel.socket.nio.NioSocketChannel.doFinishConnect(NioSocketChannel.java:327)
	at org.apache.ratis.thirdparty.io.netty.channel.nio.AbstractNioChannel$AbstractNioUnsafe.finishConnect(AbstractNioChannel.java:340)
	at org.apache.ratis.thirdparty.io.netty.channel.nio.NioEventLoop.processSelectedKey(NioEventLoop.java:632)
	at org.apache.ratis.thirdparty.io.netty.channel.nio.NioEventLoop.processSelectedKeysOptimized(NioEventLoop.java:579)
	at org.apache.ratis.thirdparty.io.netty.channel.nio.NioEventLoop.processSelectedKeys(NioEventLoop.java:496)
	at org.apache.ratis.thirdparty.io.netty.channel.nio.NioEventLoop.run(NioEventLoop.java:458)
	at org.apache.ratis.thirdparty.io.netty.util.concurrent.SingleThreadEventExecutor$5.run(SingleThreadEventExecutor.java:897)
	at org.apache.ratis.thirdparty.io.netty.util.concurrent.FastThreadLocalRunnable.run(FastThreadLocalRunnable.java:30)
	... 1 more
Caused by: java.net.ConnectException: Connection refused
	... 11 more
2019-10-18 13:02:06,454 [c124d131-afb9-4343-ad4e-aaebde613043@group-FF4202234884-LeaderElection397] INFO  impl.RaftServerImpl (RaftServerImpl.java:setRole(184)) - c124d131-afb9-4343-ad4e-aaebde613043@group-FF4202234884: changes role from CANDIDATE to FOLLOWER at term 230 for DISCOVERED_A_NEW_TERM
2019-10-18 13:02:06,454 [c124d131-afb9-4343-ad4e-aaebde613043@group-FF4202234884-LeaderElection397] INFO  impl.RoleInfo (RoleInfo.java:shutdownLeaderElection(134)) - c124d131-afb9-4343-ad4e-aaebde613043: shutdown LeaderElection
2019-10-18 13:02:06,454 [c124d131-afb9-4343-ad4e-aaebde613043@group-FF4202234884-LeaderElection397] INFO  impl.RoleInfo (RoleInfo.java:updateAndGet(143)) - c124d131-afb9-4343-ad4e-aaebde613043: start FollowerState
2019-10-18 13:02:06,550 [Thread-3008] INFO  impl.FollowerState (FollowerState.java:run(108)) - c124d131-afb9-4343-ad4e-aaebde613043@group-FF4202234884-FollowerState: change to CANDIDATE, lastRpcTime:96ms, electionTimeout:96ms
2019-10-18 13:02:06,551 [Thread-3008] INFO  impl.RoleInfo (RoleInfo.java:shutdownFollowerState(121)) - c124d131-afb9-4343-ad4e-aaebde613043: shutdown FollowerState
2019-10-18 13:02:06,551 [Thread-3008] INFO  impl.RaftServerImpl (RaftServerImpl.java:setRole(184)) - c124d131-afb9-4343-ad4e-aaebde613043@group-FF4202234884: changes role from  FOLLOWER to CANDIDATE at term 230 for changeToCandidate
2019-10-18 13:02:06,551 [Thread-3008] INFO  impl.RoleInfo (RoleInfo.java:updateAndGet(143)) - c124d131-afb9-4343-ad4e-aaebde613043: start LeaderElection
2019-10-18 13:02:06,689 [c124d131-afb9-4343-ad4e-aaebde613043@group-FF4202234884-LeaderElection398] INFO  impl.LeaderElection (LeaderElection.java:askForVotes(178)) - c124d131-afb9-4343-ad4e-aaebde613043@group-FF4202234884-LeaderElection398: begin an election at term 231 for -1: [999343e7-0330-4874-a345-91eca72585e0:192.168.34.56:44872, c124d131-afb9-4343-ad4e-aaebde613043:192.168.34.56:42116, e5bb327f-cdd7-4e49-919e-13a4c895fddf:192.168.34.56:36658], old=null
2019-10-18 13:02:06,690 [c124d131-afb9-4343-ad4e-aaebde613043@group-FF4202234884-LeaderElection398] INFO  impl.LeaderElection (LogUtils.java:infoOrTrace(149)) - c124d131-afb9-4343-ad4e-aaebde613043@group-FF4202234884-LeaderElection398 got exception when requesting votes: {}
java.util.concurrent.ExecutionException: org.apache.ratis.thirdparty.io.grpc.StatusRuntimeException: UNAVAILABLE: io exception
	at java.util.concurrent.FutureTask.report(FutureTask.java:122)
	at java.util.concurrent.FutureTask.get(FutureTask.java:192)
	at org.apache.ratis.server.impl.LeaderElection.waitForResults(LeaderElection.java:259)
	at org.apache.ratis.server.impl.LeaderElection.askForVotes(LeaderElection.java:197)
	at org.apache.ratis.server.impl.LeaderElection.run(LeaderElection.java:133)
	at java.lang.Thread.run(Thread.java:748)
Caused by: org.apache.ratis.thirdparty.io.grpc.StatusRuntimeException: UNAVAILABLE: io exception
	at org.apache.ratis.thirdparty.io.grpc.stub.ClientCalls.toStatusRuntimeException(ClientCalls.java:233)
	at org.apache.ratis.thirdparty.io.grpc.stub.ClientCalls.getUnchecked(ClientCalls.java:214)
	at org.apache.ratis.thirdparty.io.grpc.stub.ClientCalls.blockingUnaryCall(ClientCalls.java:139)
	at org.apache.ratis.proto.grpc.RaftServerProtocolServiceGrpc$RaftServerProtocolServiceBlockingStub.requestVote(RaftServerProtocolServiceGrpc.java:265)
	at org.apache.ratis.grpc.server.GrpcServerProtocolClient.requestVote(GrpcServerProtocolClient.java:99)
	at org.apache.ratis.grpc.server.GrpcService.requestVote(GrpcService.java:204)
	at org.apache.ratis.server.impl.LeaderElection.lambda$submitRequests$1(LeaderElection.java:234)
	at java.util.concurrent.FutureTask.run(FutureTask.java:266)
	at java.util.concurrent.Executors$RunnableAdapter.call(Executors.java:511)
	at java.util.concurrent.FutureTask.run(FutureTask.java:266)
	at java.util.concurrent.ThreadPoolExecutor.runWorker(ThreadPoolExecutor.java:1149)
	at java.util.concurrent.ThreadPoolExecutor$Worker.run(ThreadPoolExecutor.java:624)
	... 1 more
Caused by: org.apache.ratis.thirdparty.io.netty.channel.AbstractChannel$AnnotatedConnectException: Connection refused: /192.168.34.56:36658
	at sun.nio.ch.SocketChannelImpl.checkConnect(Native Method)
	at sun.nio.ch.SocketChannelImpl.finishConnect(SocketChannelImpl.java:717)
	at org.apache.ratis.thirdparty.io.netty.channel.socket.nio.NioSocketChannel.doFinishConnect(NioSocketChannel.java:327)
	at org.apache.ratis.thirdparty.io.netty.channel.nio.AbstractNioChannel$AbstractNioUnsafe.finishConnect(AbstractNioChannel.java:340)
	at org.apache.ratis.thirdparty.io.netty.channel.nio.NioEventLoop.processSelectedKey(NioEventLoop.java:632)
	at org.apache.ratis.thirdparty.io.netty.channel.nio.NioEventLoop.processSelectedKeysOptimized(NioEventLoop.java:579)
	at org.apache.ratis.thirdparty.io.netty.channel.nio.NioEventLoop.processSelectedKeys(NioEventLoop.java:496)
	at org.apache.ratis.thirdparty.io.netty.channel.nio.NioEventLoop.run(NioEventLoop.java:458)
	at org.apache.ratis.thirdparty.io.netty.util.concurrent.SingleThreadEventExecutor$5.run(SingleThreadEventExecutor.java:897)
	at org.apache.ratis.thirdparty.io.netty.util.concurrent.FastThreadLocalRunnable.run(FastThreadLocalRunnable.java:30)
	... 1 more
Caused by: java.net.ConnectException: Connection refused
	... 11 more
2019-10-18 13:02:06,690 [c124d131-afb9-4343-ad4e-aaebde613043@group-FF4202234884-LeaderElection398] INFO  impl.LeaderElection (LogUtils.java:infoOrTrace(149)) - c124d131-afb9-4343-ad4e-aaebde613043@group-FF4202234884-LeaderElection398 got exception when requesting votes: {}
java.util.concurrent.ExecutionException: org.apache.ratis.thirdparty.io.grpc.StatusRuntimeException: UNAVAILABLE: io exception
	at java.util.concurrent.FutureTask.report(FutureTask.java:122)
	at java.util.concurrent.FutureTask.get(FutureTask.java:192)
	at org.apache.ratis.server.impl.LeaderElection.waitForResults(LeaderElection.java:259)
	at org.apache.ratis.server.impl.LeaderElection.askForVotes(LeaderElection.java:197)
	at org.apache.ratis.server.impl.LeaderElection.run(LeaderElection.java:133)
	at java.lang.Thread.run(Thread.java:748)
Caused by: org.apache.ratis.thirdparty.io.grpc.StatusRuntimeException: UNAVAILABLE: io exception
	at org.apache.ratis.thirdparty.io.grpc.stub.ClientCalls.toStatusRuntimeException(ClientCalls.java:233)
	at org.apache.ratis.thirdparty.io.grpc.stub.ClientCalls.getUnchecked(ClientCalls.java:214)
	at org.apache.ratis.thirdparty.io.grpc.stub.ClientCalls.blockingUnaryCall(ClientCalls.java:139)
	at org.apache.ratis.proto.grpc.RaftServerProtocolServiceGrpc$RaftServerProtocolServiceBlockingStub.requestVote(RaftServerProtocolServiceGrpc.java:265)
	at org.apache.ratis.grpc.server.GrpcServerProtocolClient.requestVote(GrpcServerProtocolClient.java:99)
	at org.apache.ratis.grpc.server.GrpcService.requestVote(GrpcService.java:204)
	at org.apache.ratis.server.impl.LeaderElection.lambda$submitRequests$1(LeaderElection.java:234)
	at java.util.concurrent.FutureTask.run(FutureTask.java:266)
	at java.util.concurrent.Executors$RunnableAdapter.call(Executors.java:511)
	at java.util.concurrent.FutureTask.run(FutureTask.java:266)
	at java.util.concurrent.ThreadPoolExecutor.runWorker(ThreadPoolExecutor.java:1149)
	at java.util.concurrent.ThreadPoolExecutor$Worker.run(ThreadPoolExecutor.java:624)
	... 1 more
Caused by: org.apache.ratis.thirdparty.io.netty.channel.AbstractChannel$AnnotatedConnectException: Connection refused: /192.168.34.56:44872
	at sun.nio.ch.SocketChannelImpl.checkConnect(Native Method)
	at sun.nio.ch.SocketChannelImpl.finishConnect(SocketChannelImpl.java:717)
	at org.apache.ratis.thirdparty.io.netty.channel.socket.nio.NioSocketChannel.doFinishConnect(NioSocketChannel.java:327)
	at org.apache.ratis.thirdparty.io.netty.channel.nio.AbstractNioChannel$AbstractNioUnsafe.finishConnect(AbstractNioChannel.java:340)
	at org.apache.ratis.thirdparty.io.netty.channel.nio.NioEventLoop.processSelectedKey(NioEventLoop.java:632)
	at org.apache.ratis.thirdparty.io.netty.channel.nio.NioEventLoop.processSelectedKeysOptimized(NioEventLoop.java:579)
	at org.apache.ratis.thirdparty.io.netty.channel.nio.NioEventLoop.processSelectedKeys(NioEventLoop.java:496)
	at org.apache.ratis.thirdparty.io.netty.channel.nio.NioEventLoop.run(NioEventLoop.java:458)
	at org.apache.ratis.thirdparty.io.netty.util.concurrent.SingleThreadEventExecutor$5.run(SingleThreadEventExecutor.java:897)
	at org.apache.ratis.thirdparty.io.netty.util.concurrent.FastThreadLocalRunnable.run(FastThreadLocalRunnable.java:30)
	... 1 more
Caused by: java.net.ConnectException: Connection refused
	... 11 more
2019-10-18 13:02:06,690 [c124d131-afb9-4343-ad4e-aaebde613043@group-FF4202234884-LeaderElection398] INFO  impl.LeaderElection (LeaderElection.java:logAndReturn(56)) - c124d131-afb9-4343-ad4e-aaebde613043@group-FF4202234884-LeaderElection398: Election REJECTED; received 0 response(s) [] and 2 exception(s); c124d131-afb9-4343-ad4e-aaebde613043@group-FF4202234884:t231, leader=null, voted=c124d131-afb9-4343-ad4e-aaebde613043, raftlog=c124d131-afb9-4343-ad4e-aaebde613043@group-FF4202234884-SegmentedRaftLog:OPENED:c-1,f-1,i0, conf=-1: [999343e7-0330-4874-a345-91eca72585e0:192.168.34.56:44872, c124d131-afb9-4343-ad4e-aaebde613043:192.168.34.56:42116, e5bb327f-cdd7-4e49-919e-13a4c895fddf:192.168.34.56:36658], old=null
2019-10-18 13:02:06,691 [c124d131-afb9-4343-ad4e-aaebde613043@group-FF4202234884-LeaderElection398] INFO  impl.LeaderElection (LogUtils.java:infoOrTrace(149)) -   Exception 0: {}
java.util.concurrent.ExecutionException: org.apache.ratis.thirdparty.io.grpc.StatusRuntimeException: UNAVAILABLE: io exception
	at java.util.concurrent.FutureTask.report(FutureTask.java:122)
	at java.util.concurrent.FutureTask.get(FutureTask.java:192)
	at org.apache.ratis.server.impl.LeaderElection.waitForResults(LeaderElection.java:259)
	at org.apache.ratis.server.impl.LeaderElection.askForVotes(LeaderElection.java:197)
	at org.apache.ratis.server.impl.LeaderElection.run(LeaderElection.java:133)
	at java.lang.Thread.run(Thread.java:748)
Caused by: org.apache.ratis.thirdparty.io.grpc.StatusRuntimeException: UNAVAILABLE: io exception
	at org.apache.ratis.thirdparty.io.grpc.stub.ClientCalls.toStatusRuntimeException(ClientCalls.java:233)
	at org.apache.ratis.thirdparty.io.grpc.stub.ClientCalls.getUnchecked(ClientCalls.java:214)
	at org.apache.ratis.thirdparty.io.grpc.stub.ClientCalls.blockingUnaryCall(ClientCalls.java:139)
	at org.apache.ratis.proto.grpc.RaftServerProtocolServiceGrpc$RaftServerProtocolServiceBlockingStub.requestVote(RaftServerProtocolServiceGrpc.java:265)
	at org.apache.ratis.grpc.server.GrpcServerProtocolClient.requestVote(GrpcServerProtocolClient.java:99)
	at org.apache.ratis.grpc.server.GrpcService.requestVote(GrpcService.java:204)
	at org.apache.ratis.server.impl.LeaderElection.lambda$submitRequests$1(LeaderElection.java:234)
	at java.util.concurrent.FutureTask.run(FutureTask.java:266)
	at java.util.concurrent.Executors$RunnableAdapter.call(Executors.java:511)
	at java.util.concurrent.FutureTask.run(FutureTask.java:266)
	at java.util.concurrent.ThreadPoolExecutor.runWorker(ThreadPoolExecutor.java:1149)
	at java.util.concurrent.ThreadPoolExecutor$Worker.run(ThreadPoolExecutor.java:624)
	... 1 more
Caused by: org.apache.ratis.thirdparty.io.netty.channel.AbstractChannel$AnnotatedConnectException: Connection refused: /192.168.34.56:36658
	at sun.nio.ch.SocketChannelImpl.checkConnect(Native Method)
	at sun.nio.ch.SocketChannelImpl.finishConnect(SocketChannelImpl.java:717)
	at org.apache.ratis.thirdparty.io.netty.channel.socket.nio.NioSocketChannel.doFinishConnect(NioSocketChannel.java:327)
	at org.apache.ratis.thirdparty.io.netty.channel.nio.AbstractNioChannel$AbstractNioUnsafe.finishConnect(AbstractNioChannel.java:340)
	at org.apache.ratis.thirdparty.io.netty.channel.nio.NioEventLoop.processSelectedKey(NioEventLoop.java:632)
	at org.apache.ratis.thirdparty.io.netty.channel.nio.NioEventLoop.processSelectedKeysOptimized(NioEventLoop.java:579)
	at org.apache.ratis.thirdparty.io.netty.channel.nio.NioEventLoop.processSelectedKeys(NioEventLoop.java:496)
	at org.apache.ratis.thirdparty.io.netty.channel.nio.NioEventLoop.run(NioEventLoop.java:458)
	at org.apache.ratis.thirdparty.io.netty.util.concurrent.SingleThreadEventExecutor$5.run(SingleThreadEventExecutor.java:897)
	at org.apache.ratis.thirdparty.io.netty.util.concurrent.FastThreadLocalRunnable.run(FastThreadLocalRunnable.java:30)
	... 1 more
Caused by: java.net.ConnectException: Connection refused
	... 11 more
2019-10-18 13:02:06,691 [c124d131-afb9-4343-ad4e-aaebde613043@group-FF4202234884-LeaderElection398] INFO  impl.LeaderElection (LogUtils.java:infoOrTrace(149)) -   Exception 1: {}
java.util.concurrent.ExecutionException: org.apache.ratis.thirdparty.io.grpc.StatusRuntimeException: UNAVAILABLE: io exception
	at java.util.concurrent.FutureTask.report(FutureTask.java:122)
	at java.util.concurrent.FutureTask.get(FutureTask.java:192)
	at org.apache.ratis.server.impl.LeaderElection.waitForResults(LeaderElection.java:259)
	at org.apache.ratis.server.impl.LeaderElection.askForVotes(LeaderElection.java:197)
	at org.apache.ratis.server.impl.LeaderElection.run(LeaderElection.java:133)
	at java.lang.Thread.run(Thread.java:748)
Caused by: org.apache.ratis.thirdparty.io.grpc.StatusRuntimeException: UNAVAILABLE: io exception
	at org.apache.ratis.thirdparty.io.grpc.stub.ClientCalls.toStatusRuntimeException(ClientCalls.java:233)
	at org.apache.ratis.thirdparty.io.grpc.stub.ClientCalls.getUnchecked(ClientCalls.java:214)
	at org.apache.ratis.thirdparty.io.grpc.stub.ClientCalls.blockingUnaryCall(ClientCalls.java:139)
	at org.apache.ratis.proto.grpc.RaftServerProtocolServiceGrpc$RaftServerProtocolServiceBlockingStub.requestVote(RaftServerProtocolServiceGrpc.java:265)
	at org.apache.ratis.grpc.server.GrpcServerProtocolClient.requestVote(GrpcServerProtocolClient.java:99)
	at org.apache.ratis.grpc.server.GrpcService.requestVote(GrpcService.java:204)
	at org.apache.ratis.server.impl.LeaderElection.lambda$submitRequests$1(LeaderElection.java:234)
	at java.util.concurrent.FutureTask.run(FutureTask.java:266)
	at java.util.concurrent.Executors$RunnableAdapter.call(Executors.java:511)
	at java.util.concurrent.FutureTask.run(FutureTask.java:266)
	at java.util.concurrent.ThreadPoolExecutor.runWorker(ThreadPoolExecutor.java:1149)
	at java.util.concurrent.ThreadPoolExecutor$Worker.run(ThreadPoolExecutor.java:624)
	... 1 more
Caused by: org.apache.ratis.thirdparty.io.netty.channel.AbstractChannel$AnnotatedConnectException: Connection refused: /192.168.34.56:44872
	at sun.nio.ch.SocketChannelImpl.checkConnect(Native Method)
	at sun.nio.ch.SocketChannelImpl.finishConnect(SocketChannelImpl.java:717)
	at org.apache.ratis.thirdparty.io.netty.channel.socket.nio.NioSocketChannel.doFinishConnect(NioSocketChannel.java:327)
	at org.apache.ratis.thirdparty.io.netty.channel.nio.AbstractNioChannel$AbstractNioUnsafe.finishConnect(AbstractNioChannel.java:340)
	at org.apache.ratis.thirdparty.io.netty.channel.nio.NioEventLoop.processSelectedKey(NioEventLoop.java:632)
	at org.apache.ratis.thirdparty.io.netty.channel.nio.NioEventLoop.processSelectedKeysOptimized(NioEventLoop.java:579)
	at org.apache.ratis.thirdparty.io.netty.channel.nio.NioEventLoop.processSelectedKeys(NioEventLoop.java:496)
	at org.apache.ratis.thirdparty.io.netty.channel.nio.NioEventLoop.run(NioEventLoop.java:458)
	at org.apache.ratis.thirdparty.io.netty.util.concurrent.SingleThreadEventExecutor$5.run(SingleThreadEventExecutor.java:897)
	at org.apache.ratis.thirdparty.io.netty.util.concurrent.FastThreadLocalRunnable.run(FastThreadLocalRunnable.java:30)
	... 1 more
Caused by: java.net.ConnectException: Connection refused
	... 11 more
2019-10-18 13:02:06,691 [c124d131-afb9-4343-ad4e-aaebde613043@group-FF4202234884-LeaderElection398] INFO  impl.RaftServerImpl (RaftServerImpl.java:setRole(184)) - c124d131-afb9-4343-ad4e-aaebde613043@group-FF4202234884: changes role from CANDIDATE to FOLLOWER at term 231 for DISCOVERED_A_NEW_TERM
2019-10-18 13:02:06,691 [c124d131-afb9-4343-ad4e-aaebde613043@group-FF4202234884-LeaderElection398] INFO  impl.RoleInfo (RoleInfo.java:shutdownLeaderElection(134)) - c124d131-afb9-4343-ad4e-aaebde613043: shutdown LeaderElection
2019-10-18 13:02:06,691 [c124d131-afb9-4343-ad4e-aaebde613043@group-FF4202234884-LeaderElection398] INFO  impl.RoleInfo (RoleInfo.java:updateAndGet(143)) - c124d131-afb9-4343-ad4e-aaebde613043: start FollowerState
2019-10-18 13:02:06,700 [java.util.concurrent.ThreadPoolExecutor$Worker@7a2507ec[State = -1, empty queue]] WARN  server.GrpcLogAppender (GrpcLogAppender.java:timeoutAppendRequest(209)) - 17618ccc-f51c-4f14-92cf-842ef2c05e35@group-08BD6F798C58->32d97539-eb73-46c6-a759-05f11ff00f4c-GrpcLogAppender: appendEntries Timeout, request=17618ccc-f51c-4f14-92cf-842ef2c05e35->32d97539-eb73-46c6-a759-05f11ff00f4c#97-t10, previous=(t:10, i:19), leaderCommit=19, initializing? false, entries: <empty>
2019-10-18 13:02:06,736 [java.util.concurrent.ThreadPoolExecutor$Worker@b7e5976[State = -1, empty queue]] WARN  server.GrpcLogAppender (GrpcLogAppender.java:timeoutAppendRequest(209)) - 17618ccc-f51c-4f14-92cf-842ef2c05e35@group-08BD6F798C58->896cef04-248b-470f-8c5c-c9acb81bb157-GrpcLogAppender: appendEntries Timeout, request=17618ccc-f51c-4f14-92cf-842ef2c05e35->896cef04-248b-470f-8c5c-c9acb81bb157#99-t10, previous=(t:10, i:19), leaderCommit=19, initializing? false, entries: <empty>
2019-10-18 13:02:06,798 [Thread-3012] INFO  impl.FollowerState (FollowerState.java:run(108)) - c124d131-afb9-4343-ad4e-aaebde613043@group-FF4202234884-FollowerState: change to CANDIDATE, lastRpcTime:107ms, electionTimeout:107ms
2019-10-18 13:02:06,799 [Thread-3012] INFO  impl.RoleInfo (RoleInfo.java:shutdownFollowerState(121)) - c124d131-afb9-4343-ad4e-aaebde613043: shutdown FollowerState
2019-10-18 13:02:06,799 [Thread-3012] INFO  impl.RaftServerImpl (RaftServerImpl.java:setRole(184)) - c124d131-afb9-4343-ad4e-aaebde613043@group-FF4202234884: changes role from  FOLLOWER to CANDIDATE at term 231 for changeToCandidate
2019-10-18 13:02:06,799 [Thread-3012] INFO  impl.RoleInfo (RoleInfo.java:updateAndGet(143)) - c124d131-afb9-4343-ad4e-aaebde613043: start LeaderElection
2019-10-18 13:02:06,900 [c124d131-afb9-4343-ad4e-aaebde613043@group-FF4202234884-LeaderElection399] INFO  impl.LeaderElection (LeaderElection.java:askForVotes(178)) - c124d131-afb9-4343-ad4e-aaebde613043@group-FF4202234884-LeaderElection399: begin an election at term 232 for -1: [999343e7-0330-4874-a345-91eca72585e0:192.168.34.56:44872, c124d131-afb9-4343-ad4e-aaebde613043:192.168.34.56:42116, e5bb327f-cdd7-4e49-919e-13a4c895fddf:192.168.34.56:36658], old=null
2019-10-18 13:02:06,901 [c124d131-afb9-4343-ad4e-aaebde613043@group-FF4202234884-LeaderElection399] INFO  impl.LeaderElection (LogUtils.java:infoOrTrace(149)) - c124d131-afb9-4343-ad4e-aaebde613043@group-FF4202234884-LeaderElection399 got exception when requesting votes: {}
java.util.concurrent.ExecutionException: org.apache.ratis.thirdparty.io.grpc.StatusRuntimeException: UNAVAILABLE: io exception
	at java.util.concurrent.FutureTask.report(FutureTask.java:122)
	at java.util.concurrent.FutureTask.get(FutureTask.java:192)
	at org.apache.ratis.server.impl.LeaderElection.waitForResults(LeaderElection.java:259)
	at org.apache.ratis.server.impl.LeaderElection.askForVotes(LeaderElection.java:197)
	at org.apache.ratis.server.impl.LeaderElection.run(LeaderElection.java:133)
	at java.lang.Thread.run(Thread.java:748)
Caused by: org.apache.ratis.thirdparty.io.grpc.StatusRuntimeException: UNAVAILABLE: io exception
	at org.apache.ratis.thirdparty.io.grpc.stub.ClientCalls.toStatusRuntimeException(ClientCalls.java:233)
	at org.apache.ratis.thirdparty.io.grpc.stub.ClientCalls.getUnchecked(ClientCalls.java:214)
	at org.apache.ratis.thirdparty.io.grpc.stub.ClientCalls.blockingUnaryCall(ClientCalls.java:139)
	at org.apache.ratis.proto.grpc.RaftServerProtocolServiceGrpc$RaftServerProtocolServiceBlockingStub.requestVote(RaftServerProtocolServiceGrpc.java:265)
	at org.apache.ratis.grpc.server.GrpcServerProtocolClient.requestVote(GrpcServerProtocolClient.java:99)
	at org.apache.ratis.grpc.server.GrpcService.requestVote(GrpcService.java:204)
	at org.apache.ratis.server.impl.LeaderElection.lambda$submitRequests$1(LeaderElection.java:234)
	at java.util.concurrent.FutureTask.run(FutureTask.java:266)
	at java.util.concurrent.Executors$RunnableAdapter.call(Executors.java:511)
	at java.util.concurrent.FutureTask.run(FutureTask.java:266)
	at java.util.concurrent.ThreadPoolExecutor.runWorker(ThreadPoolExecutor.java:1149)
	at java.util.concurrent.ThreadPoolExecutor$Worker.run(ThreadPoolExecutor.java:624)
	... 1 more
Caused by: org.apache.ratis.thirdparty.io.netty.channel.AbstractChannel$AnnotatedConnectException: Connection refused: /192.168.34.56:44872
	at sun.nio.ch.SocketChannelImpl.checkConnect(Native Method)
	at sun.nio.ch.SocketChannelImpl.finishConnect(SocketChannelImpl.java:717)
	at org.apache.ratis.thirdparty.io.netty.channel.socket.nio.NioSocketChannel.doFinishConnect(NioSocketChannel.java:327)
	at org.apache.ratis.thirdparty.io.netty.channel.nio.AbstractNioChannel$AbstractNioUnsafe.finishConnect(AbstractNioChannel.java:340)
	at org.apache.ratis.thirdparty.io.netty.channel.nio.NioEventLoop.processSelectedKey(NioEventLoop.java:632)
	at org.apache.ratis.thirdparty.io.netty.channel.nio.NioEventLoop.processSelectedKeysOptimized(NioEventLoop.java:579)
	at org.apache.ratis.thirdparty.io.netty.channel.nio.NioEventLoop.processSelectedKeys(NioEventLoop.java:496)
	at org.apache.ratis.thirdparty.io.netty.channel.nio.NioEventLoop.run(NioEventLoop.java:458)
	at org.apache.ratis.thirdparty.io.netty.util.concurrent.SingleThreadEventExecutor$5.run(SingleThreadEventExecutor.java:897)
	at org.apache.ratis.thirdparty.io.netty.util.concurrent.FastThreadLocalRunnable.run(FastThreadLocalRunnable.java:30)
	... 1 more
Caused by: java.net.ConnectException: Connection refused
	... 11 more
2019-10-18 13:02:06,901 [c124d131-afb9-4343-ad4e-aaebde613043@group-FF4202234884-LeaderElection399] INFO  impl.LeaderElection (LogUtils.java:infoOrTrace(149)) - c124d131-afb9-4343-ad4e-aaebde613043@group-FF4202234884-LeaderElection399 got exception when requesting votes: {}
java.util.concurrent.ExecutionException: org.apache.ratis.thirdparty.io.grpc.StatusRuntimeException: UNAVAILABLE: io exception
	at java.util.concurrent.FutureTask.report(FutureTask.java:122)
	at java.util.concurrent.FutureTask.get(FutureTask.java:192)
	at org.apache.ratis.server.impl.LeaderElection.waitForResults(LeaderElection.java:259)
	at org.apache.ratis.server.impl.LeaderElection.askForVotes(LeaderElection.java:197)
	at org.apache.ratis.server.impl.LeaderElection.run(LeaderElection.java:133)
	at java.lang.Thread.run(Thread.java:748)
Caused by: org.apache.ratis.thirdparty.io.grpc.StatusRuntimeException: UNAVAILABLE: io exception
	at org.apache.ratis.thirdparty.io.grpc.stub.ClientCalls.toStatusRuntimeException(ClientCalls.java:233)
	at org.apache.ratis.thirdparty.io.grpc.stub.ClientCalls.getUnchecked(ClientCalls.java:214)
	at org.apache.ratis.thirdparty.io.grpc.stub.ClientCalls.blockingUnaryCall(ClientCalls.java:139)
	at org.apache.ratis.proto.grpc.RaftServerProtocolServiceGrpc$RaftServerProtocolServiceBlockingStub.requestVote(RaftServerProtocolServiceGrpc.java:265)
	at org.apache.ratis.grpc.server.GrpcServerProtocolClient.requestVote(GrpcServerProtocolClient.java:99)
	at org.apache.ratis.grpc.server.GrpcService.requestVote(GrpcService.java:204)
	at org.apache.ratis.server.impl.LeaderElection.lambda$submitRequests$1(LeaderElection.java:234)
	at java.util.concurrent.FutureTask.run(FutureTask.java:266)
	at java.util.concurrent.Executors$RunnableAdapter.call(Executors.java:511)
	at java.util.concurrent.FutureTask.run(FutureTask.java:266)
	at java.util.concurrent.ThreadPoolExecutor.runWorker(ThreadPoolExecutor.java:1149)
	at java.util.concurrent.ThreadPoolExecutor$Worker.run(ThreadPoolExecutor.java:624)
	... 1 more
Caused by: org.apache.ratis.thirdparty.io.netty.channel.AbstractChannel$AnnotatedConnectException: Connection refused: /192.168.34.56:36658
	at sun.nio.ch.SocketChannelImpl.checkConnect(Native Method)
	at sun.nio.ch.SocketChannelImpl.finishConnect(SocketChannelImpl.java:717)
	at org.apache.ratis.thirdparty.io.netty.channel.socket.nio.NioSocketChannel.doFinishConnect(NioSocketChannel.java:327)
	at org.apache.ratis.thirdparty.io.netty.channel.nio.AbstractNioChannel$AbstractNioUnsafe.finishConnect(AbstractNioChannel.java:340)
	at org.apache.ratis.thirdparty.io.netty.channel.nio.NioEventLoop.processSelectedKey(NioEventLoop.java:632)
	at org.apache.ratis.thirdparty.io.netty.channel.nio.NioEventLoop.processSelectedKeysOptimized(NioEventLoop.java:579)
	at org.apache.ratis.thirdparty.io.netty.channel.nio.NioEventLoop.processSelectedKeys(NioEventLoop.java:496)
	at org.apache.ratis.thirdparty.io.netty.channel.nio.NioEventLoop.run(NioEventLoop.java:458)
	at org.apache.ratis.thirdparty.io.netty.util.concurrent.SingleThreadEventExecutor$5.run(SingleThreadEventExecutor.java:897)
	at org.apache.ratis.thirdparty.io.netty.util.concurrent.FastThreadLocalRunnable.run(FastThreadLocalRunnable.java:30)
	... 1 more
Caused by: java.net.ConnectException: Connection refused
	... 11 more
2019-10-18 13:02:06,901 [c124d131-afb9-4343-ad4e-aaebde613043@group-FF4202234884-LeaderElection399] INFO  impl.LeaderElection (LeaderElection.java:logAndReturn(56)) - c124d131-afb9-4343-ad4e-aaebde613043@group-FF4202234884-LeaderElection399: Election REJECTED; received 0 response(s) [] and 2 exception(s); c124d131-afb9-4343-ad4e-aaebde613043@group-FF4202234884:t232, leader=null, voted=c124d131-afb9-4343-ad4e-aaebde613043, raftlog=c124d131-afb9-4343-ad4e-aaebde613043@group-FF4202234884-SegmentedRaftLog:OPENED:c-1,f-1,i0, conf=-1: [999343e7-0330-4874-a345-91eca72585e0:192.168.34.56:44872, c124d131-afb9-4343-ad4e-aaebde613043:192.168.34.56:42116, e5bb327f-cdd7-4e49-919e-13a4c895fddf:192.168.34.56:36658], old=null
2019-10-18 13:02:06,902 [c124d131-afb9-4343-ad4e-aaebde613043@group-FF4202234884-LeaderElection399] INFO  impl.LeaderElection (LogUtils.java:infoOrTrace(149)) -   Exception 0: {}
java.util.concurrent.ExecutionException: org.apache.ratis.thirdparty.io.grpc.StatusRuntimeException: UNAVAILABLE: io exception
	at java.util.concurrent.FutureTask.report(FutureTask.java:122)
	at java.util.concurrent.FutureTask.get(FutureTask.java:192)
	at org.apache.ratis.server.impl.LeaderElection.waitForResults(LeaderElection.java:259)
	at org.apache.ratis.server.impl.LeaderElection.askForVotes(LeaderElection.java:197)
	at org.apache.ratis.server.impl.LeaderElection.run(LeaderElection.java:133)
	at java.lang.Thread.run(Thread.java:748)
Caused by: org.apache.ratis.thirdparty.io.grpc.StatusRuntimeException: UNAVAILABLE: io exception
	at org.apache.ratis.thirdparty.io.grpc.stub.ClientCalls.toStatusRuntimeException(ClientCalls.java:233)
	at org.apache.ratis.thirdparty.io.grpc.stub.ClientCalls.getUnchecked(ClientCalls.java:214)
	at org.apache.ratis.thirdparty.io.grpc.stub.ClientCalls.blockingUnaryCall(ClientCalls.java:139)
	at org.apache.ratis.proto.grpc.RaftServerProtocolServiceGrpc$RaftServerProtocolServiceBlockingStub.requestVote(RaftServerProtocolServiceGrpc.java:265)
	at org.apache.ratis.grpc.server.GrpcServerProtocolClient.requestVote(GrpcServerProtocolClient.java:99)
	at org.apache.ratis.grpc.server.GrpcService.requestVote(GrpcService.java:204)
	at org.apache.ratis.server.impl.LeaderElection.lambda$submitRequests$1(LeaderElection.java:234)
	at java.util.concurrent.FutureTask.run(FutureTask.java:266)
	at java.util.concurrent.Executors$RunnableAdapter.call(Executors.java:511)
	at java.util.concurrent.FutureTask.run(FutureTask.java:266)
	at java.util.concurrent.ThreadPoolExecutor.runWorker(ThreadPoolExecutor.java:1149)
	at java.util.concurrent.ThreadPoolExecutor$Worker.run(ThreadPoolExecutor.java:624)
	... 1 more
Caused by: org.apache.ratis.thirdparty.io.netty.channel.AbstractChannel$AnnotatedConnectException: Connection refused: /192.168.34.56:44872
	at sun.nio.ch.SocketChannelImpl.checkConnect(Native Method)
	at sun.nio.ch.SocketChannelImpl.finishConnect(SocketChannelImpl.java:717)
	at org.apache.ratis.thirdparty.io.netty.channel.socket.nio.NioSocketChannel.doFinishConnect(NioSocketChannel.java:327)
	at org.apache.ratis.thirdparty.io.netty.channel.nio.AbstractNioChannel$AbstractNioUnsafe.finishConnect(AbstractNioChannel.java:340)
	at org.apache.ratis.thirdparty.io.netty.channel.nio.NioEventLoop.processSelectedKey(NioEventLoop.java:632)
	at org.apache.ratis.thirdparty.io.netty.channel.nio.NioEventLoop.processSelectedKeysOptimized(NioEventLoop.java:579)
	at org.apache.ratis.thirdparty.io.netty.channel.nio.NioEventLoop.processSelectedKeys(NioEventLoop.java:496)
	at org.apache.ratis.thirdparty.io.netty.channel.nio.NioEventLoop.run(NioEventLoop.java:458)
	at org.apache.ratis.thirdparty.io.netty.util.concurrent.SingleThreadEventExecutor$5.run(SingleThreadEventExecutor.java:897)
	at org.apache.ratis.thirdparty.io.netty.util.concurrent.FastThreadLocalRunnable.run(FastThreadLocalRunnable.java:30)
	... 1 more
Caused by: java.net.ConnectException: Connection refused
	... 11 more
2019-10-18 13:02:06,902 [c124d131-afb9-4343-ad4e-aaebde613043@group-FF4202234884-LeaderElection399] INFO  impl.LeaderElection (LogUtils.java:infoOrTrace(149)) -   Exception 1: {}
java.util.concurrent.ExecutionException: org.apache.ratis.thirdparty.io.grpc.StatusRuntimeException: UNAVAILABLE: io exception
	at java.util.concurrent.FutureTask.report(FutureTask.java:122)
	at java.util.concurrent.FutureTask.get(FutureTask.java:192)
	at org.apache.ratis.server.impl.LeaderElection.waitForResults(LeaderElection.java:259)
	at org.apache.ratis.server.impl.LeaderElection.askForVotes(LeaderElection.java:197)
	at org.apache.ratis.server.impl.LeaderElection.run(LeaderElection.java:133)
	at java.lang.Thread.run(Thread.java:748)
Caused by: org.apache.ratis.thirdparty.io.grpc.StatusRuntimeException: UNAVAILABLE: io exception
	at org.apache.ratis.thirdparty.io.grpc.stub.ClientCalls.toStatusRuntimeException(ClientCalls.java:233)
	at org.apache.ratis.thirdparty.io.grpc.stub.ClientCalls.getUnchecked(ClientCalls.java:214)
	at org.apache.ratis.thirdparty.io.grpc.stub.ClientCalls.blockingUnaryCall(ClientCalls.java:139)
	at org.apache.ratis.proto.grpc.RaftServerProtocolServiceGrpc$RaftServerProtocolServiceBlockingStub.requestVote(RaftServerProtocolServiceGrpc.java:265)
	at org.apache.ratis.grpc.server.GrpcServerProtocolClient.requestVote(GrpcServerProtocolClient.java:99)
	at org.apache.ratis.grpc.server.GrpcService.requestVote(GrpcService.java:204)
	at org.apache.ratis.server.impl.LeaderElection.lambda$submitRequests$1(LeaderElection.java:234)
	at java.util.concurrent.FutureTask.run(FutureTask.java:266)
	at java.util.concurrent.Executors$RunnableAdapter.call(Executors.java:511)
	at java.util.concurrent.FutureTask.run(FutureTask.java:266)
	at java.util.concurrent.ThreadPoolExecutor.runWorker(ThreadPoolExecutor.java:1149)
	at java.util.concurrent.ThreadPoolExecutor$Worker.run(ThreadPoolExecutor.java:624)
	... 1 more
Caused by: org.apache.ratis.thirdparty.io.netty.channel.AbstractChannel$AnnotatedConnectException: Connection refused: /192.168.34.56:36658
	at sun.nio.ch.SocketChannelImpl.checkConnect(Native Method)
	at sun.nio.ch.SocketChannelImpl.finishConnect(SocketChannelImpl.java:717)
	at org.apache.ratis.thirdparty.io.netty.channel.socket.nio.NioSocketChannel.doFinishConnect(NioSocketChannel.java:327)
	at org.apache.ratis.thirdparty.io.netty.channel.nio.AbstractNioChannel$AbstractNioUnsafe.finishConnect(AbstractNioChannel.java:340)
	at org.apache.ratis.thirdparty.io.netty.channel.nio.NioEventLoop.processSelectedKey(NioEventLoop.java:632)
	at org.apache.ratis.thirdparty.io.netty.channel.nio.NioEventLoop.processSelectedKeysOptimized(NioEventLoop.java:579)
	at org.apache.ratis.thirdparty.io.netty.channel.nio.NioEventLoop.processSelectedKeys(NioEventLoop.java:496)
	at org.apache.ratis.thirdparty.io.netty.channel.nio.NioEventLoop.run(NioEventLoop.java:458)
	at org.apache.ratis.thirdparty.io.netty.util.concurrent.SingleThreadEventExecutor$5.run(SingleThreadEventExecutor.java:897)
	at org.apache.ratis.thirdparty.io.netty.util.concurrent.FastThreadLocalRunnable.run(FastThreadLocalRunnable.java:30)
	... 1 more
Caused by: java.net.ConnectException: Connection refused
	... 11 more
2019-10-18 13:02:06,902 [c124d131-afb9-4343-ad4e-aaebde613043@group-FF4202234884-LeaderElection399] INFO  impl.RaftServerImpl (RaftServerImpl.java:setRole(184)) - c124d131-afb9-4343-ad4e-aaebde613043@group-FF4202234884: changes role from CANDIDATE to FOLLOWER at term 232 for DISCOVERED_A_NEW_TERM
2019-10-18 13:02:06,902 [c124d131-afb9-4343-ad4e-aaebde613043@group-FF4202234884-LeaderElection399] INFO  impl.RoleInfo (RoleInfo.java:shutdownLeaderElection(134)) - c124d131-afb9-4343-ad4e-aaebde613043: shutdown LeaderElection
2019-10-18 13:02:06,902 [c124d131-afb9-4343-ad4e-aaebde613043@group-FF4202234884-LeaderElection399] INFO  impl.RoleInfo (RoleInfo.java:updateAndGet(143)) - c124d131-afb9-4343-ad4e-aaebde613043: start FollowerState
2019-10-18 13:02:07,049 [Thread-3016] INFO  impl.FollowerState (FollowerState.java:run(108)) - c124d131-afb9-4343-ad4e-aaebde613043@group-FF4202234884-FollowerState: change to CANDIDATE, lastRpcTime:146ms, electionTimeout:146ms
2019-10-18 13:02:07,049 [Thread-3016] INFO  impl.RoleInfo (RoleInfo.java:shutdownFollowerState(121)) - c124d131-afb9-4343-ad4e-aaebde613043: shutdown FollowerState
2019-10-18 13:02:07,049 [Thread-3016] INFO  impl.RaftServerImpl (RaftServerImpl.java:setRole(184)) - c124d131-afb9-4343-ad4e-aaebde613043@group-FF4202234884: changes role from  FOLLOWER to CANDIDATE at term 232 for changeToCandidate
2019-10-18 13:02:07,049 [Thread-3016] INFO  impl.RoleInfo (RoleInfo.java:updateAndGet(143)) - c124d131-afb9-4343-ad4e-aaebde613043: start LeaderElection
2019-10-18 13:02:07,160 [c124d131-afb9-4343-ad4e-aaebde613043@group-FF4202234884-LeaderElection400] INFO  impl.LeaderElection (LeaderElection.java:askForVotes(178)) - c124d131-afb9-4343-ad4e-aaebde613043@group-FF4202234884-LeaderElection400: begin an election at term 233 for -1: [999343e7-0330-4874-a345-91eca72585e0:192.168.34.56:44872, c124d131-afb9-4343-ad4e-aaebde613043:192.168.34.56:42116, e5bb327f-cdd7-4e49-919e-13a4c895fddf:192.168.34.56:36658], old=null
2019-10-18 13:02:07,161 [c124d131-afb9-4343-ad4e-aaebde613043@group-FF4202234884-LeaderElection400] INFO  impl.LeaderElection (LogUtils.java:infoOrTrace(149)) - c124d131-afb9-4343-ad4e-aaebde613043@group-FF4202234884-LeaderElection400 got exception when requesting votes: {}
java.util.concurrent.ExecutionException: org.apache.ratis.thirdparty.io.grpc.StatusRuntimeException: UNAVAILABLE: io exception
	at java.util.concurrent.FutureTask.report(FutureTask.java:122)
	at java.util.concurrent.FutureTask.get(FutureTask.java:192)
	at org.apache.ratis.server.impl.LeaderElection.waitForResults(LeaderElection.java:259)
	at org.apache.ratis.server.impl.LeaderElection.askForVotes(LeaderElection.java:197)
	at org.apache.ratis.server.impl.LeaderElection.run(LeaderElection.java:133)
	at java.lang.Thread.run(Thread.java:748)
Caused by: org.apache.ratis.thirdparty.io.grpc.StatusRuntimeException: UNAVAILABLE: io exception
	at org.apache.ratis.thirdparty.io.grpc.stub.ClientCalls.toStatusRuntimeException(ClientCalls.java:233)
	at org.apache.ratis.thirdparty.io.grpc.stub.ClientCalls.getUnchecked(ClientCalls.java:214)
	at org.apache.ratis.thirdparty.io.grpc.stub.ClientCalls.blockingUnaryCall(ClientCalls.java:139)
	at org.apache.ratis.proto.grpc.RaftServerProtocolServiceGrpc$RaftServerProtocolServiceBlockingStub.requestVote(RaftServerProtocolServiceGrpc.java:265)
	at org.apache.ratis.grpc.server.GrpcServerProtocolClient.requestVote(GrpcServerProtocolClient.java:99)
	at org.apache.ratis.grpc.server.GrpcService.requestVote(GrpcService.java:204)
	at org.apache.ratis.server.impl.LeaderElection.lambda$submitRequests$1(LeaderElection.java:234)
	at java.util.concurrent.FutureTask.run(FutureTask.java:266)
	at java.util.concurrent.Executors$RunnableAdapter.call(Executors.java:511)
	at java.util.concurrent.FutureTask.run(FutureTask.java:266)
	at java.util.concurrent.ThreadPoolExecutor.runWorker(ThreadPoolExecutor.java:1149)
	at java.util.concurrent.ThreadPoolExecutor$Worker.run(ThreadPoolExecutor.java:624)
	... 1 more
Caused by: org.apache.ratis.thirdparty.io.netty.channel.AbstractChannel$AnnotatedConnectException: Connection refused: /192.168.34.56:44872
	at sun.nio.ch.SocketChannelImpl.checkConnect(Native Method)
	at sun.nio.ch.SocketChannelImpl.finishConnect(SocketChannelImpl.java:717)
	at org.apache.ratis.thirdparty.io.netty.channel.socket.nio.NioSocketChannel.doFinishConnect(NioSocketChannel.java:327)
	at org.apache.ratis.thirdparty.io.netty.channel.nio.AbstractNioChannel$AbstractNioUnsafe.finishConnect(AbstractNioChannel.java:340)
	at org.apache.ratis.thirdparty.io.netty.channel.nio.NioEventLoop.processSelectedKey(NioEventLoop.java:632)
	at org.apache.ratis.thirdparty.io.netty.channel.nio.NioEventLoop.processSelectedKeysOptimized(NioEventLoop.java:579)
	at org.apache.ratis.thirdparty.io.netty.channel.nio.NioEventLoop.processSelectedKeys(NioEventLoop.java:496)
	at org.apache.ratis.thirdparty.io.netty.channel.nio.NioEventLoop.run(NioEventLoop.java:458)
	at org.apache.ratis.thirdparty.io.netty.util.concurrent.SingleThreadEventExecutor$5.run(SingleThreadEventExecutor.java:897)
	at org.apache.ratis.thirdparty.io.netty.util.concurrent.FastThreadLocalRunnable.run(FastThreadLocalRunnable.java:30)
	... 1 more
Caused by: java.net.ConnectException: Connection refused
	... 11 more
2019-10-18 13:02:07,161 [c124d131-afb9-4343-ad4e-aaebde613043@group-FF4202234884-LeaderElection400] INFO  impl.LeaderElection (LogUtils.java:infoOrTrace(149)) - c124d131-afb9-4343-ad4e-aaebde613043@group-FF4202234884-LeaderElection400 got exception when requesting votes: {}
java.util.concurrent.ExecutionException: org.apache.ratis.thirdparty.io.grpc.StatusRuntimeException: UNAVAILABLE: io exception
	at java.util.concurrent.FutureTask.report(FutureTask.java:122)
	at java.util.concurrent.FutureTask.get(FutureTask.java:192)
	at org.apache.ratis.server.impl.LeaderElection.waitForResults(LeaderElection.java:259)
	at org.apache.ratis.server.impl.LeaderElection.askForVotes(LeaderElection.java:197)
	at org.apache.ratis.server.impl.LeaderElection.run(LeaderElection.java:133)
	at java.lang.Thread.run(Thread.java:748)
Caused by: org.apache.ratis.thirdparty.io.grpc.StatusRuntimeException: UNAVAILABLE: io exception
	at org.apache.ratis.thirdparty.io.grpc.stub.ClientCalls.toStatusRuntimeException(ClientCalls.java:233)
	at org.apache.ratis.thirdparty.io.grpc.stub.ClientCalls.getUnchecked(ClientCalls.java:214)
	at org.apache.ratis.thirdparty.io.grpc.stub.ClientCalls.blockingUnaryCall(ClientCalls.java:139)
	at org.apache.ratis.proto.grpc.RaftServerProtocolServiceGrpc$RaftServerProtocolServiceBlockingStub.requestVote(RaftServerProtocolServiceGrpc.java:265)
	at org.apache.ratis.grpc.server.GrpcServerProtocolClient.requestVote(GrpcServerProtocolClient.java:99)
	at org.apache.ratis.grpc.server.GrpcService.requestVote(GrpcService.java:204)
	at org.apache.ratis.server.impl.LeaderElection.lambda$submitRequests$1(LeaderElection.java:234)
	at java.util.concurrent.FutureTask.run(FutureTask.java:266)
	at java.util.concurrent.Executors$RunnableAdapter.call(Executors.java:511)
	at java.util.concurrent.FutureTask.run(FutureTask.java:266)
	at java.util.concurrent.ThreadPoolExecutor.runWorker(ThreadPoolExecutor.java:1149)
	at java.util.concurrent.ThreadPoolExecutor$Worker.run(ThreadPoolExecutor.java:624)
	... 1 more
Caused by: org.apache.ratis.thirdparty.io.netty.channel.AbstractChannel$AnnotatedConnectException: Connection refused: /192.168.34.56:36658
	at sun.nio.ch.SocketChannelImpl.checkConnect(Native Method)
	at sun.nio.ch.SocketChannelImpl.finishConnect(SocketChannelImpl.java:717)
	at org.apache.ratis.thirdparty.io.netty.channel.socket.nio.NioSocketChannel.doFinishConnect(NioSocketChannel.java:327)
	at org.apache.ratis.thirdparty.io.netty.channel.nio.AbstractNioChannel$AbstractNioUnsafe.finishConnect(AbstractNioChannel.java:340)
	at org.apache.ratis.thirdparty.io.netty.channel.nio.NioEventLoop.processSelectedKey(NioEventLoop.java:632)
	at org.apache.ratis.thirdparty.io.netty.channel.nio.NioEventLoop.processSelectedKeysOptimized(NioEventLoop.java:579)
	at org.apache.ratis.thirdparty.io.netty.channel.nio.NioEventLoop.processSelectedKeys(NioEventLoop.java:496)
	at org.apache.ratis.thirdparty.io.netty.channel.nio.NioEventLoop.run(NioEventLoop.java:458)
	at org.apache.ratis.thirdparty.io.netty.util.concurrent.SingleThreadEventExecutor$5.run(SingleThreadEventExecutor.java:897)
	at org.apache.ratis.thirdparty.io.netty.util.concurrent.FastThreadLocalRunnable.run(FastThreadLocalRunnable.java:30)
	... 1 more
Caused by: java.net.ConnectException: Connection refused
	... 11 more
2019-10-18 13:02:07,162 [c124d131-afb9-4343-ad4e-aaebde613043@group-FF4202234884-LeaderElection400] INFO  impl.LeaderElection (LeaderElection.java:logAndReturn(56)) - c124d131-afb9-4343-ad4e-aaebde613043@group-FF4202234884-LeaderElection400: Election REJECTED; received 0 response(s) [] and 2 exception(s); c124d131-afb9-4343-ad4e-aaebde613043@group-FF4202234884:t233, leader=null, voted=c124d131-afb9-4343-ad4e-aaebde613043, raftlog=c124d131-afb9-4343-ad4e-aaebde613043@group-FF4202234884-SegmentedRaftLog:OPENED:c-1,f-1,i0, conf=-1: [999343e7-0330-4874-a345-91eca72585e0:192.168.34.56:44872, c124d131-afb9-4343-ad4e-aaebde613043:192.168.34.56:42116, e5bb327f-cdd7-4e49-919e-13a4c895fddf:192.168.34.56:36658], old=null
2019-10-18 13:02:07,162 [c124d131-afb9-4343-ad4e-aaebde613043@group-FF4202234884-LeaderElection400] INFO  impl.LeaderElection (LogUtils.java:infoOrTrace(149)) -   Exception 0: {}
java.util.concurrent.ExecutionException: org.apache.ratis.thirdparty.io.grpc.StatusRuntimeException: UNAVAILABLE: io exception
	at java.util.concurrent.FutureTask.report(FutureTask.java:122)
	at java.util.concurrent.FutureTask.get(FutureTask.java:192)
	at org.apache.ratis.server.impl.LeaderElection.waitForResults(LeaderElection.java:259)
	at org.apache.ratis.server.impl.LeaderElection.askForVotes(LeaderElection.java:197)
	at org.apache.ratis.server.impl.LeaderElection.run(LeaderElection.java:133)
	at java.lang.Thread.run(Thread.java:748)
Caused by: org.apache.ratis.thirdparty.io.grpc.StatusRuntimeException: UNAVAILABLE: io exception
	at org.apache.ratis.thirdparty.io.grpc.stub.ClientCalls.toStatusRuntimeException(ClientCalls.java:233)
	at org.apache.ratis.thirdparty.io.grpc.stub.ClientCalls.getUnchecked(ClientCalls.java:214)
	at org.apache.ratis.thirdparty.io.grpc.stub.ClientCalls.blockingUnaryCall(ClientCalls.java:139)
	at org.apache.ratis.proto.grpc.RaftServerProtocolServiceGrpc$RaftServerProtocolServiceBlockingStub.requestVote(RaftServerProtocolServiceGrpc.java:265)
	at org.apache.ratis.grpc.server.GrpcServerProtocolClient.requestVote(GrpcServerProtocolClient.java:99)
	at org.apache.ratis.grpc.server.GrpcService.requestVote(GrpcService.java:204)
	at org.apache.ratis.server.impl.LeaderElection.lambda$submitRequests$1(LeaderElection.java:234)
	at java.util.concurrent.FutureTask.run(FutureTask.java:266)
	at java.util.concurrent.Executors$RunnableAdapter.call(Executors.java:511)
	at java.util.concurrent.FutureTask.run(FutureTask.java:266)
	at java.util.concurrent.ThreadPoolExecutor.runWorker(ThreadPoolExecutor.java:1149)
	at java.util.concurrent.ThreadPoolExecutor$Worker.run(ThreadPoolExecutor.java:624)
	... 1 more
Caused by: org.apache.ratis.thirdparty.io.netty.channel.AbstractChannel$AnnotatedConnectException: Connection refused: /192.168.34.56:44872
	at sun.nio.ch.SocketChannelImpl.checkConnect(Native Method)
	at sun.nio.ch.SocketChannelImpl.finishConnect(SocketChannelImpl.java:717)
	at org.apache.ratis.thirdparty.io.netty.channel.socket.nio.NioSocketChannel.doFinishConnect(NioSocketChannel.java:327)
	at org.apache.ratis.thirdparty.io.netty.channel.nio.AbstractNioChannel$AbstractNioUnsafe.finishConnect(AbstractNioChannel.java:340)
	at org.apache.ratis.thirdparty.io.netty.channel.nio.NioEventLoop.processSelectedKey(NioEventLoop.java:632)
	at org.apache.ratis.thirdparty.io.netty.channel.nio.NioEventLoop.processSelectedKeysOptimized(NioEventLoop.java:579)
	at org.apache.ratis.thirdparty.io.netty.channel.nio.NioEventLoop.processSelectedKeys(NioEventLoop.java:496)
	at org.apache.ratis.thirdparty.io.netty.channel.nio.NioEventLoop.run(NioEventLoop.java:458)
	at org.apache.ratis.thirdparty.io.netty.util.concurrent.SingleThreadEventExecutor$5.run(SingleThreadEventExecutor.java:897)
	at org.apache.ratis.thirdparty.io.netty.util.concurrent.FastThreadLocalRunnable.run(FastThreadLocalRunnable.java:30)
	... 1 more
Caused by: java.net.ConnectException: Connection refused
	... 11 more
2019-10-18 13:02:07,162 [c124d131-afb9-4343-ad4e-aaebde613043@group-FF4202234884-LeaderElection400] INFO  impl.LeaderElection (LogUtils.java:infoOrTrace(149)) -   Exception 1: {}
java.util.concurrent.ExecutionException: org.apache.ratis.thirdparty.io.grpc.StatusRuntimeException: UNAVAILABLE: io exception
	at java.util.concurrent.FutureTask.report(FutureTask.java:122)
	at java.util.concurrent.FutureTask.get(FutureTask.java:192)
	at org.apache.ratis.server.impl.LeaderElection.waitForResults(LeaderElection.java:259)
	at org.apache.ratis.server.impl.LeaderElection.askForVotes(LeaderElection.java:197)
	at org.apache.ratis.server.impl.LeaderElection.run(LeaderElection.java:133)
	at java.lang.Thread.run(Thread.java:748)
Caused by: org.apache.ratis.thirdparty.io.grpc.StatusRuntimeException: UNAVAILABLE: io exception
	at org.apache.ratis.thirdparty.io.grpc.stub.ClientCalls.toStatusRuntimeException(ClientCalls.java:233)
	at org.apache.ratis.thirdparty.io.grpc.stub.ClientCalls.getUnchecked(ClientCalls.java:214)
	at org.apache.ratis.thirdparty.io.grpc.stub.ClientCalls.blockingUnaryCall(ClientCalls.java:139)
	at org.apache.ratis.proto.grpc.RaftServerProtocolServiceGrpc$RaftServerProtocolServiceBlockingStub.requestVote(RaftServerProtocolServiceGrpc.java:265)
	at org.apache.ratis.grpc.server.GrpcServerProtocolClient.requestVote(GrpcServerProtocolClient.java:99)
	at org.apache.ratis.grpc.server.GrpcService.requestVote(GrpcService.java:204)
	at org.apache.ratis.server.impl.LeaderElection.lambda$submitRequests$1(LeaderElection.java:234)
	at java.util.concurrent.FutureTask.run(FutureTask.java:266)
	at java.util.concurrent.Executors$RunnableAdapter.call(Executors.java:511)
	at java.util.concurrent.FutureTask.run(FutureTask.java:266)
	at java.util.concurrent.ThreadPoolExecutor.runWorker(ThreadPoolExecutor.java:1149)
	at java.util.concurrent.ThreadPoolExecutor$Worker.run(ThreadPoolExecutor.java:624)
	... 1 more
Caused by: org.apache.ratis.thirdparty.io.netty.channel.AbstractChannel$AnnotatedConnectException: Connection refused: /192.168.34.56:36658
	at sun.nio.ch.SocketChannelImpl.checkConnect(Native Method)
	at sun.nio.ch.SocketChannelImpl.finishConnect(SocketChannelImpl.java:717)
	at org.apache.ratis.thirdparty.io.netty.channel.socket.nio.NioSocketChannel.doFinishConnect(NioSocketChannel.java:327)
	at org.apache.ratis.thirdparty.io.netty.channel.nio.AbstractNioChannel$AbstractNioUnsafe.finishConnect(AbstractNioChannel.java:340)
	at org.apache.ratis.thirdparty.io.netty.channel.nio.NioEventLoop.processSelectedKey(NioEventLoop.java:632)
	at org.apache.ratis.thirdparty.io.netty.channel.nio.NioEventLoop.processSelectedKeysOptimized(NioEventLoop.java:579)
	at org.apache.ratis.thirdparty.io.netty.channel.nio.NioEventLoop.processSelectedKeys(NioEventLoop.java:496)
	at org.apache.ratis.thirdparty.io.netty.channel.nio.NioEventLoop.run(NioEventLoop.java:458)
	at org.apache.ratis.thirdparty.io.netty.util.concurrent.SingleThreadEventExecutor$5.run(SingleThreadEventExecutor.java:897)
	at org.apache.ratis.thirdparty.io.netty.util.concurrent.FastThreadLocalRunnable.run(FastThreadLocalRunnable.java:30)
	... 1 more
Caused by: java.net.ConnectException: Connection refused
	... 11 more
2019-10-18 13:02:07,162 [c124d131-afb9-4343-ad4e-aaebde613043@group-FF4202234884-LeaderElection400] INFO  impl.RaftServerImpl (RaftServerImpl.java:setRole(184)) - c124d131-afb9-4343-ad4e-aaebde613043@group-FF4202234884: changes role from CANDIDATE to FOLLOWER at term 233 for DISCOVERED_A_NEW_TERM
2019-10-18 13:02:07,163 [c124d131-afb9-4343-ad4e-aaebde613043@group-FF4202234884-LeaderElection400] INFO  impl.RoleInfo (RoleInfo.java:shutdownLeaderElection(134)) - c124d131-afb9-4343-ad4e-aaebde613043: shutdown LeaderElection
2019-10-18 13:02:07,163 [c124d131-afb9-4343-ad4e-aaebde613043@group-FF4202234884-LeaderElection400] INFO  impl.RoleInfo (RoleInfo.java:updateAndGet(143)) - c124d131-afb9-4343-ad4e-aaebde613043: start FollowerState
2019-10-18 13:02:07,200 [java.util.concurrent.ThreadPoolExecutor$Worker@7a2507ec[State = -1, empty queue]] WARN  server.GrpcLogAppender (GrpcLogAppender.java:timeoutAppendRequest(209)) - 17618ccc-f51c-4f14-92cf-842ef2c05e35@group-08BD6F798C58->32d97539-eb73-46c6-a759-05f11ff00f4c-GrpcLogAppender: appendEntries Timeout, request=17618ccc-f51c-4f14-92cf-842ef2c05e35->32d97539-eb73-46c6-a759-05f11ff00f4c#98-t10, previous=(t:10, i:19), leaderCommit=19, initializing? false, entries: <empty>
2019-10-18 13:02:07,237 [java.util.concurrent.ThreadPoolExecutor$Worker@b7e5976[State = -1, empty queue]] WARN  server.GrpcLogAppender (GrpcLogAppender.java:timeoutAppendRequest(209)) - 17618ccc-f51c-4f14-92cf-842ef2c05e35@group-08BD6F798C58->896cef04-248b-470f-8c5c-c9acb81bb157-GrpcLogAppender: appendEntries Timeout, request=17618ccc-f51c-4f14-92cf-842ef2c05e35->896cef04-248b-470f-8c5c-c9acb81bb157#100-t10, previous=(t:10, i:19), leaderCommit=19, initializing? false, entries: <empty>
2019-10-18 13:02:07,253 [main] INFO  ozoneimpl.OzoneContainer (OzoneContainer.java:stop(227)) - Attempting to stop container services.
2019-10-18 13:02:07,253 [ForkJoinPool.commonPool-worker-0] INFO  ozoneimpl.OzoneContainer (OzoneContainer.java:stop(227)) - Attempting to stop container services.
2019-10-18 13:02:07,254 [main] INFO  impl.RaftServerProxy (RaftServerProxy.java:lambda$close$4(314)) - c124d131-afb9-4343-ad4e-aaebde613043: close
2019-10-18 13:02:07,254 [ForkJoinPool.commonPool-worker-0] INFO  impl.RaftServerProxy (RaftServerProxy.java:lambda$close$4(314)) - 17618ccc-f51c-4f14-92cf-842ef2c05e35: close
2019-10-18 13:02:07,254 [main] INFO  impl.RaftServerImpl (RaftServerImpl.java:lambda$shutdown$3(261)) - c124d131-afb9-4343-ad4e-aaebde613043@group-5A4D2CC4D3DF: shutdown
2019-10-18 13:02:07,254 [ForkJoinPool.commonPool-worker-0] INFO  impl.RaftServerImpl (RaftServerImpl.java:lambda$shutdown$3(261)) - 17618ccc-f51c-4f14-92cf-842ef2c05e35@group-08BD6F798C58: shutdown
2019-10-18 13:02:07,254 [main] INFO  util.JmxRegister (JmxRegister.java:unregister(73)) - Successfully un-registered JMX Bean with object name Ratis:service=RaftServer,group=group-5A4D2CC4D3DF,id=c124d131-afb9-4343-ad4e-aaebde613043
2019-10-18 13:02:07,255 [ForkJoinPool.commonPool-worker-0] INFO  util.JmxRegister (JmxRegister.java:unregister(73)) - Successfully un-registered JMX Bean with object name Ratis:service=RaftServer,group=group-08BD6F798C58,id=17618ccc-f51c-4f14-92cf-842ef2c05e35
2019-10-18 13:02:07,255 [main] INFO  impl.RoleInfo (RoleInfo.java:shutdownLeaderState(104)) - c124d131-afb9-4343-ad4e-aaebde613043: shutdown LeaderState
2019-10-18 13:02:07,255 [ForkJoinPool.commonPool-worker-0] INFO  impl.RoleInfo (RoleInfo.java:shutdownLeaderState(104)) - 17618ccc-f51c-4f14-92cf-842ef2c05e35: shutdown LeaderState
2019-10-18 13:02:07,255 [main] INFO  impl.PendingRequests (PendingRequests.java:sendNotLeaderResponses(202)) - c124d131-afb9-4343-ad4e-aaebde613043@group-5A4D2CC4D3DF-PendingRequests: sendNotLeaderResponses
2019-10-18 13:02:07,258 [org.apache.ratis.server.impl.LogAppender$AppenderDaemon$$Lambda$514/312296333@7c0554ec] WARN  server.GrpcLogAppender (GrpcLogAppender.java:mayWait(149)) - 17618ccc-f51c-4f14-92cf-842ef2c05e35@group-08BD6F798C58->896cef04-248b-470f-8c5c-c9acb81bb157-GrpcLogAppender: Wait interrupted by java.lang.InterruptedException
2019-10-18 13:02:07,258 [org.apache.ratis.server.impl.LogAppender$AppenderDaemon$$Lambda$514/312296333@4db3caa3] WARN  server.GrpcLogAppender (GrpcLogAppender.java:mayWait(149)) - 17618ccc-f51c-4f14-92cf-842ef2c05e35@group-08BD6F798C58->32d97539-eb73-46c6-a759-05f11ff00f4c-GrpcLogAppender: Wait interrupted by java.lang.InterruptedException
2019-10-18 13:02:07,258 [ForkJoinPool.commonPool-worker-0] INFO  impl.PendingRequests (PendingRequests.java:sendNotLeaderResponses(202)) - 17618ccc-f51c-4f14-92cf-842ef2c05e35@group-08BD6F798C58-PendingRequests: sendNotLeaderResponses
2019-10-18 13:02:07,259 [main] INFO  impl.StateMachineUpdater (StateMachineUpdater.java:stopAndJoin(136)) - c124d131-afb9-4343-ad4e-aaebde613043@group-5A4D2CC4D3DF-StateMachineUpdater: set stopIndex = 0
2019-10-18 13:02:07,260 [main] INFO  impl.RaftServerImpl (ServerState.java:close(388)) - c124d131-afb9-4343-ad4e-aaebde613043@group-5A4D2CC4D3DF: closes. applyIndex: 0
2019-10-18 13:02:07,260 [ForkJoinPool.commonPool-worker-0] INFO  impl.StateMachineUpdater (StateMachineUpdater.java:stopAndJoin(136)) - 17618ccc-f51c-4f14-92cf-842ef2c05e35@group-08BD6F798C58-StateMachineUpdater: set stopIndex = 19
2019-10-18 13:02:07,261 [17618ccc-f51c-4f14-92cf-842ef2c05e35@group-08BD6F798C58-StateMachineUpdater] INFO  ratis.ContainerStateMachine (ContainerStateMachine.java:takeSnapshot(294)) - group-08BD6F798C58: Taking a snapshot at:(t:10, i:19) file /workdir/hadoop-ozone/integration-test/target/test-dir/MiniOzoneClusterImpl-206d85c3-6704-4dbf-80de-7c3e9cc4f072/datanode-1/data/ratis/8d0501bc-c773-46c0-9e33-08bd6f798c58/sm/snapshot.10_19
2019-10-18 13:02:07,261 [c124d131-afb9-4343-ad4e-aaebde613043@group-5A4D2CC4D3DF-SegmentedRaftLogWorker] INFO  segmented.SegmentedRaftLogWorker (SegmentedRaftLogWorker.java:run(316)) - c124d131-afb9-4343-ad4e-aaebde613043@group-5A4D2CC4D3DF-SegmentedRaftLogWorker was interrupted, exiting. There are 0 tasks remaining in the queue.
2019-10-18 13:02:07,261 [main] INFO  segmented.SegmentedRaftLogWorker (SegmentedRaftLogWorker.java:close(224)) - c124d131-afb9-4343-ad4e-aaebde613043@group-5A4D2CC4D3DF-SegmentedRaftLogWorker close()
2019-10-18 13:02:07,262 [main] INFO  impl.RaftServerImpl (RaftServerImpl.java:lambda$shutdown$3(261)) - c124d131-afb9-4343-ad4e-aaebde613043@group-FF4202234884: shutdown
2019-10-18 13:02:07,262 [main] INFO  util.JmxRegister (JmxRegister.java:unregister(73)) - Successfully un-registered JMX Bean with object name Ratis:service=RaftServer,group=group-FF4202234884,id=c124d131-afb9-4343-ad4e-aaebde613043
2019-10-18 13:02:07,262 [main] INFO  impl.RoleInfo (RoleInfo.java:shutdownFollowerState(121)) - c124d131-afb9-4343-ad4e-aaebde613043: shutdown FollowerState
2019-10-18 13:02:07,263 [main] INFO  impl.StateMachineUpdater (StateMachineUpdater.java:stopAndJoin(136)) - c124d131-afb9-4343-ad4e-aaebde613043@group-FF4202234884-StateMachineUpdater: set stopIndex = -1
2019-10-18 13:02:07,263 [Thread-3020] INFO  impl.FollowerState (FollowerState.java:run(117)) - c124d131-afb9-4343-ad4e-aaebde613043@group-FF4202234884-FollowerState was interrupted: java.lang.InterruptedException: sleep interrupted
2019-10-18 13:02:07,263 [main] INFO  impl.RaftServerImpl (ServerState.java:close(388)) - c124d131-afb9-4343-ad4e-aaebde613043@group-FF4202234884: closes. applyIndex: -1
2019-10-18 13:02:07,264 [c124d131-afb9-4343-ad4e-aaebde613043@group-FF4202234884-SegmentedRaftLogWorker] INFO  segmented.SegmentedRaftLogWorker (SegmentedRaftLogWorker.java:run(316)) - c124d131-afb9-4343-ad4e-aaebde613043@group-FF4202234884-SegmentedRaftLogWorker was interrupted, exiting. There are 0 tasks remaining in the queue.
2019-10-18 13:02:07,264 [main] INFO  segmented.SegmentedRaftLogWorker (SegmentedRaftLogWorker.java:close(224)) - c124d131-afb9-4343-ad4e-aaebde613043@group-FF4202234884-SegmentedRaftLogWorker close()
2019-10-18 13:02:07,265 [main] INFO  server.GrpcService (GrpcService.java:closeImpl(164)) - c124d131-afb9-4343-ad4e-aaebde613043: shutdown server with port 42116 now
2019-10-18 13:02:07,265 [main] INFO  server.GrpcService (GrpcService.java:closeImpl(172)) - c124d131-afb9-4343-ad4e-aaebde613043: shutdown server with port 42116 successfully
2019-10-18 13:02:07,267 [refreshUsed-/workdir/hadoop-ozone/integration-test/target/test-dir/MiniOzoneClusterImpl-206d85c3-6704-4dbf-80de-7c3e9cc4f072/datanode-7/data/containers] WARN  fs.CachingGetSpaceUsed (CachingGetSpaceUsed.java:run(183)) - Thread Interrupted waiting to refresh disk information: sleep interrupted
2019-10-18 13:02:07,287 [main] INFO  utils.BackgroundService (BackgroundService.java:shutdown(151)) - Shutting down service BlockDeletingService
2019-10-18 13:02:07,290 [main] INFO  statemachine.DatanodeStateMachine (DatanodeStateMachine.java:stopDaemon(395)) - Ozone container server stopped.
2019-10-18 13:02:07,292 [main] INFO  handler.ContextHandler (ContextHandler.java:doStop(910)) - Stopped o.e.j.w.WebAppContext@10f7918f{/,null,UNAVAILABLE}{/hddsDatanode}
2019-10-18 13:02:07,293 [main] INFO  server.AbstractConnector (AbstractConnector.java:doStop(318)) - Stopped ServerConnector@64d4f7c7{HTTP/1.1,[http/1.1]}{0.0.0.0:0}
2019-10-18 13:02:07,294 [main] INFO  handler.ContextHandler (ContextHandler.java:doStop(910)) - Stopped o.e.j.s.ServletContextHandler@1352434e{/static,jar:file:/home/user/.m2/repository/org/apache/hadoop/hadoop-hdds-container-service/0.5.0-SNAPSHOT/hadoop-hdds-container-service-0.5.0-SNAPSHOT.jar!/webapps/static,UNAVAILABLE}
2019-10-18 13:02:07,294 [main] INFO  handler.ContextHandler (ContextHandler.java:doStop(910)) - Stopped o.e.j.s.ServletContextHandler@12eedfee{/logs,file:///workdir/hadoop-ozone/integration-test/target/log,UNAVAILABLE}
2019-10-18 13:02:07,343 [17618ccc-f51c-4f14-92cf-842ef2c05e35@group-08BD6F798C58-StateMachineUpdater] INFO  ratis.ContainerStateMachine (ContainerStateMachine.java:takeSnapshot(305)) - group-08BD6F798C58: Finished taking a snapshot at:(t:10, i:19) file:/workdir/hadoop-ozone/integration-test/target/test-dir/MiniOzoneClusterImpl-206d85c3-6704-4dbf-80de-7c3e9cc4f072/datanode-1/data/ratis/8d0501bc-c773-46c0-9e33-08bd6f798c58/sm/snapshot.10_19 time:83
2019-10-18 13:02:07,344 [17618ccc-f51c-4f14-92cf-842ef2c05e35@group-08BD6F798C58-StateMachineUpdater] INFO  impl.StateMachineUpdater (StateMachineUpdater.java:takeSnapshot(269)) - 17618ccc-f51c-4f14-92cf-842ef2c05e35@group-08BD6F798C58-StateMachineUpdater: Took a snapshot at index 19
2019-10-18 13:02:07,344 [17618ccc-f51c-4f14-92cf-842ef2c05e35@group-08BD6F798C58-StateMachineUpdater] INFO  impl.StateMachineUpdater (StateMachineUpdater.java:lambda$new$0(84)) - 17618ccc-f51c-4f14-92cf-842ef2c05e35@group-08BD6F798C58-StateMachineUpdater: snapshotIndex: updateIncreasingly -1 -> 19
2019-10-18 13:02:07,345 [ForkJoinPool.commonPool-worker-0] INFO  impl.RaftServerImpl (ServerState.java:close(388)) - 17618ccc-f51c-4f14-92cf-842ef2c05e35@group-08BD6F798C58: closes. applyIndex: 19
2019-10-18 13:02:07,345 [17618ccc-f51c-4f14-92cf-842ef2c05e35@group-08BD6F798C58-SegmentedRaftLogWorker] INFO  segmented.SegmentedRaftLogWorker (SegmentedRaftLogWorker.java:run(316)) - 17618ccc-f51c-4f14-92cf-842ef2c05e35@group-08BD6F798C58-SegmentedRaftLogWorker was interrupted, exiting. There are 0 tasks remaining in the queue.
2019-10-18 13:02:07,345 [ForkJoinPool.commonPool-worker-0] INFO  segmented.SegmentedRaftLogWorker (SegmentedRaftLogWorker.java:close(224)) - 17618ccc-f51c-4f14-92cf-842ef2c05e35@group-08BD6F798C58-SegmentedRaftLogWorker close()
2019-10-18 13:02:07,346 [ForkJoinPool.commonPool-worker-0] INFO  impl.RaftServerImpl (RaftServerImpl.java:lambda$shutdown$3(261)) - 17618ccc-f51c-4f14-92cf-842ef2c05e35@group-000569FFD44D: shutdown
2019-10-18 13:02:07,347 [ForkJoinPool.commonPool-worker-0] INFO  util.JmxRegister (JmxRegister.java:unregister(73)) - Successfully un-registered JMX Bean with object name Ratis:service=RaftServer,group=group-000569FFD44D,id=17618ccc-f51c-4f14-92cf-842ef2c05e35
2019-10-18 13:02:07,347 [ForkJoinPool.commonPool-worker-0] INFO  impl.RoleInfo (RoleInfo.java:shutdownLeaderState(104)) - 17618ccc-f51c-4f14-92cf-842ef2c05e35: shutdown LeaderState
2019-10-18 13:02:07,347 [ForkJoinPool.commonPool-worker-0] INFO  impl.PendingRequests (PendingRequests.java:sendNotLeaderResponses(202)) - 17618ccc-f51c-4f14-92cf-842ef2c05e35@group-000569FFD44D-PendingRequests: sendNotLeaderResponses
2019-10-18 13:02:07,347 [ForkJoinPool.commonPool-worker-0] INFO  impl.StateMachineUpdater (StateMachineUpdater.java:stopAndJoin(136)) - 17618ccc-f51c-4f14-92cf-842ef2c05e35@group-000569FFD44D-StateMachineUpdater: set stopIndex = 0
2019-10-18 13:02:07,347 [ForkJoinPool.commonPool-worker-0] INFO  impl.RaftServerImpl (ServerState.java:close(388)) - 17618ccc-f51c-4f14-92cf-842ef2c05e35@group-000569FFD44D: closes. applyIndex: 0
2019-10-18 13:02:07,348 [17618ccc-f51c-4f14-92cf-842ef2c05e35@group-000569FFD44D-SegmentedRaftLogWorker] INFO  segmented.SegmentedRaftLogWorker (SegmentedRaftLogWorker.java:run(316)) - 17618ccc-f51c-4f14-92cf-842ef2c05e35@group-000569FFD44D-SegmentedRaftLogWorker was interrupted, exiting. There are 0 tasks remaining in the queue.
2019-10-18 13:02:07,348 [ForkJoinPool.commonPool-worker-0] INFO  segmented.SegmentedRaftLogWorker (SegmentedRaftLogWorker.java:close(224)) - 17618ccc-f51c-4f14-92cf-842ef2c05e35@group-000569FFD44D-SegmentedRaftLogWorker close()
2019-10-18 13:02:07,349 [ForkJoinPool.commonPool-worker-0] INFO  server.GrpcService (GrpcService.java:closeImpl(164)) - 17618ccc-f51c-4f14-92cf-842ef2c05e35: shutdown server with port 38851 now
2019-10-18 13:02:07,350 [ForkJoinPool.commonPool-worker-0] INFO  server.GrpcService (GrpcService.java:closeImpl(172)) - 17618ccc-f51c-4f14-92cf-842ef2c05e35: shutdown server with port 38851 successfully
2019-10-18 13:02:07,352 [refreshUsed-/workdir/hadoop-ozone/integration-test/target/test-dir/MiniOzoneClusterImpl-206d85c3-6704-4dbf-80de-7c3e9cc4f072/datanode-1/data/containers] WARN  fs.CachingGetSpaceUsed (CachingGetSpaceUsed.java:run(183)) - Thread Interrupted waiting to refresh disk information: sleep interrupted
2019-10-18 13:02:07,352 [grpc-default-executor-2] WARN  client.GrpcClientProtocolService (LogUtils.java:warn(134)) - 1-UnorderedRequestStreamObserver1: onError: org.apache.ratis.thirdparty.io.grpc.StatusRuntimeException: CANCELLED: cancelled before receiving half close
2019-10-18 13:02:07,365 [ForkJoinPool.commonPool-worker-0] INFO  utils.BackgroundService (BackgroundService.java:shutdown(151)) - Shutting down service BlockDeletingService
2019-10-18 13:02:07,367 [ForkJoinPool.commonPool-worker-0] INFO  statemachine.DatanodeStateMachine (DatanodeStateMachine.java:stopDaemon(395)) - Ozone container server stopped.
2019-10-18 13:02:07,369 [ForkJoinPool.commonPool-worker-0] INFO  handler.ContextHandler (ContextHandler.java:doStop(910)) - Stopped o.e.j.w.WebAppContext@1e58512c{/,null,UNAVAILABLE}{/hddsDatanode}
2019-10-18 13:02:07,370 [ForkJoinPool.commonPool-worker-0] INFO  server.AbstractConnector (AbstractConnector.java:doStop(318)) - Stopped ServerConnector@210308d5{HTTP/1.1,[http/1.1]}{0.0.0.0:0}
2019-10-18 13:02:07,370 [ForkJoinPool.commonPool-worker-0] INFO  handler.ContextHandler (ContextHandler.java:doStop(910)) - Stopped o.e.j.s.ServletContextHandler@1dba4e06{/static,jar:file:/home/user/.m2/repository/org/apache/hadoop/hadoop-hdds-container-service/0.5.0-SNAPSHOT/hadoop-hdds-container-service-0.5.0-SNAPSHOT.jar!/webapps/static,UNAVAILABLE}
2019-10-18 13:02:07,371 [ForkJoinPool.commonPool-worker-0] INFO  handler.ContextHandler (ContextHandler.java:doStop(910)) - Stopped o.e.j.s.ServletContextHandler@6a094db2{/logs,file:///workdir/hadoop-ozone/integration-test/target/log,UNAVAILABLE}
2019-10-18 13:02:07,372 [main] INFO  ozone.MiniOzoneClusterImpl (MiniOzoneClusterImpl.java:stopSCM(392)) - Stopping the StorageContainerManager
2019-10-18 13:02:07,372 [main] INFO  server.StorageContainerManager (StorageContainerManager.java:stop(810)) - Stopping Replication Manager Service.
2019-10-18 13:02:07,372 [main] INFO  container.ReplicationManager (ReplicationManager.java:stop(203)) - Stopping Replication Monitor Thread.
2019-10-18 13:02:07,373 [main] INFO  server.StorageContainerManager (StorageContainerManager.java:stop(817)) - Stopping Lease Manager of the command watchers
2019-10-18 13:02:07,373 [main] INFO  server.StorageContainerManager (StorageContainerManager.java:stop(824)) - Stopping datanode service RPC server
2019-10-18 13:02:07,373 [main] INFO  server.SCMDatanodeProtocolServer (SCMDatanodeProtocolServer.java:stop(346)) - Stopping the RPC server for DataNodes
2019-10-18 13:02:07,373 [main] INFO  ipc.Server (Server.java:stop(3082)) - Stopping server on 35124
2019-10-18 13:02:07,375 [IPC Server listener on 35124] INFO  ipc.Server (Server.java:run(1185)) - Stopping IPC Server listener on 35124
2019-10-18 13:02:07,375 [IPC Server Responder] INFO  ipc.Server (Server.java:run(1319)) - Stopping IPC Server Responder
2019-10-18 13:02:07,466 [SCM Heartbeat Processing Thread - 0] WARN  node.NodeStateManager (NodeStateManager.java:scheduleNextHealthCheck(646)) - Current Thread is interrupted, shutting down HB processing thread for Node Manager.
2019-10-18 13:02:07,467 [main] INFO  server.StorageContainerManager (StorageContainerManager.java:stop(832)) - Stopping block service RPC server
2019-10-18 13:02:07,467 [main] INFO  server.SCMBlockProtocolServer (SCMBlockProtocolServer.java:stop(155)) - Stopping the RPC server for Block Protocol
2019-10-18 13:02:07,467 [main] INFO  ipc.Server (Server.java:stop(3082)) - Stopping server on 37165
2019-10-18 13:02:07,468 [IPC Server listener on 37165] INFO  ipc.Server (Server.java:run(1185)) - Stopping IPC Server listener on 37165
2019-10-18 13:02:07,468 [main] INFO  server.StorageContainerManager (StorageContainerManager.java:stop(839)) - Stopping the StorageContainerLocationProtocol RPC server
2019-10-18 13:02:07,469 [IPC Server Responder] INFO  ipc.Server (Server.java:run(1319)) - Stopping IPC Server Responder
2019-10-18 13:02:07,469 [main] INFO  server.SCMClientProtocolServer (SCMClientProtocolServer.java:stop(168)) - Stopping the RPC server for Client Protocol
2019-10-18 13:02:07,469 [main] INFO  ipc.Server (Server.java:stop(3082)) - Stopping server on 34850
2019-10-18 13:02:07,470 [IPC Server listener on 34850] INFO  ipc.Server (Server.java:run(1185)) - Stopping IPC Server listener on 34850
2019-10-18 13:02:07,470 [main] INFO  server.StorageContainerManager (StorageContainerManager.java:stop(846)) - Stopping Storage Container Manager HTTP server.
2019-10-18 13:02:07,471 [IPC Server Responder] INFO  ipc.Server (Server.java:run(1319)) - Stopping IPC Server Responder
2019-10-18 13:02:07,472 [main] INFO  handler.ContextHandler (ContextHandler.java:doStop(910)) - Stopped o.e.j.w.WebAppContext@3b366632{/,null,UNAVAILABLE}{/scm}
2019-10-18 13:02:07,472 [main] INFO  server.AbstractConnector (AbstractConnector.java:doStop(318)) - Stopped ServerConnector@6815c5f2{HTTP/1.1,[http/1.1]}{0.0.0.0:0}
2019-10-18 13:02:07,473 [main] INFO  handler.ContextHandler (ContextHandler.java:doStop(910)) - Stopped o.e.j.s.ServletContextHandler@37052337{/static,file:///workdir/hadoop-ozone/integration-test/target/test-classes/webapps/static,UNAVAILABLE}
2019-10-18 13:02:07,473 [main] INFO  handler.ContextHandler (ContextHandler.java:doStop(910)) - Stopped o.e.j.s.ServletContextHandler@340da44c{/logs,file:///workdir/hadoop-ozone/integration-test/target/log,UNAVAILABLE}
2019-10-18 13:02:07,474 [main] INFO  server.StorageContainerManager (StorageContainerManager.java:stop(857)) - Stopping Block Manager Service.
2019-10-18 13:02:07,474 [main] INFO  utils.BackgroundService (BackgroundService.java:shutdown(151)) - Shutting down service SCMBlockDeletingService
2019-10-18 13:02:07,474 [main] INFO  utils.BackgroundService (BackgroundService.java:shutdown(151)) - Shutting down service SCMBlockDeletingService
2019-10-18 13:02:07,475 [main] INFO  server.StorageContainerManager (StorageContainerManager.java:stop(879)) - Stopping SCM Event Queue.
2019-10-18 13:02:07,482 [main] INFO  impl.MetricsSystemImpl (MetricsSystemImpl.java:stop(210)) - Stopping XceiverClientMetrics metrics system...
2019-10-18 13:02:07,493 [prometheus] INFO  impl.MetricsSinkAdapter (MetricsSinkAdapter.java:publishMetricsFromQueue(141)) - prometheus thread interrupted.
2019-10-18 13:02:07,493 [main] INFO  impl.MetricsSystemImpl (MetricsSystemImpl.java:stop(216)) - XceiverClientMetrics metrics system stopped.
]]></system-out>
    <system-err><![CDATA[ERROR StatusLogger No Log4j 2 configuration file found. Using default configuration (logging only errors to the console), or user programmatically provided configurations. Set system property 'log4j2.debug' to show Log4j 2 internal initialization logging. See https://logging.apache.org/log4j/2.x/manual/configuration.html for instructions on how to configure Log4j 2
Oct 18, 2019 1:01:51 PM org.apache.ratis.thirdparty.io.grpc.internal.SerializingExecutor run
SEVERE: Exception while executing runnable org.apache.ratis.thirdparty.io.grpc.internal.ServerImpl$JumpToApplicationThreadServerStreamListener$1Closed@11896b7b
org.apache.ratis.thirdparty.io.grpc.StatusRuntimeException: CANCELLED: call already cancelled
	at org.apache.ratis.thirdparty.io.grpc.Status.asRuntimeException(Status.java:517)
	at org.apache.ratis.thirdparty.io.grpc.stub.ServerCalls$ServerCallStreamObserverImpl.onCompleted(ServerCalls.java:356)
	at org.apache.ratis.grpc.server.GrpcServerProtocolService$ServerRequestStreamObserver.onError(GrpcServerProtocolService.java:121)
	at org.apache.ratis.thirdparty.io.grpc.stub.ServerCalls$StreamingServerCallHandler$StreamingServerCallListener.onCancel(ServerCalls.java:269)
	at org.apache.ratis.thirdparty.io.grpc.internal.ServerCallImpl$ServerStreamListenerImpl.closed(ServerCallImpl.java:293)
	at org.apache.ratis.thirdparty.io.grpc.internal.ServerImpl$JumpToApplicationThreadServerStreamListener$1Closed.runInContext(ServerImpl.java:741)
	at org.apache.ratis.thirdparty.io.grpc.internal.ContextRunnable.run(ContextRunnable.java:37)
	at org.apache.ratis.thirdparty.io.grpc.internal.SerializingExecutor.run(SerializingExecutor.java:123)
	at java.util.concurrent.ThreadPoolExecutor.runWorker(ThreadPoolExecutor.java:1149)
	at java.util.concurrent.ThreadPoolExecutor$Worker.run(ThreadPoolExecutor.java:624)
	at java.lang.Thread.run(Thread.java:748)

Oct 18, 2019 1:01:51 PM org.apache.ratis.thirdparty.io.grpc.internal.SerializingExecutor run
SEVERE: Exception while executing runnable org.apache.ratis.thirdparty.io.grpc.internal.ClientCallImpl$ClientStreamListenerImpl$1StreamClosed@577df521
java.lang.NullPointerException
	at org.apache.ratis.grpc.server.GrpcLogAppender$AppendLogResponseHandler.onError(GrpcLogAppender.java:303)
	at org.apache.ratis.thirdparty.io.grpc.stub.ClientCalls$StreamObserverToCallListenerAdapter.onClose(ClientCalls.java:434)
	at org.apache.ratis.thirdparty.io.grpc.PartialForwardingClientCallListener.onClose(PartialForwardingClientCallListener.java:39)
	at org.apache.ratis.thirdparty.io.grpc.ForwardingClientCallListener.onClose(ForwardingClientCallListener.java:23)
	at org.apache.ratis.thirdparty.io.grpc.ForwardingClientCallListener$SimpleForwardingClientCallListener.onClose(ForwardingClientCallListener.java:40)
	at org.apache.ratis.thirdparty.io.grpc.internal.CensusStatsModule$StatsClientInterceptor$1$1.onClose(CensusStatsModule.java:678)
	at org.apache.ratis.thirdparty.io.grpc.PartialForwardingClientCallListener.onClose(PartialForwardingClientCallListener.java:39)
	at org.apache.ratis.thirdparty.io.grpc.ForwardingClientCallListener.onClose(ForwardingClientCallListener.java:23)
	at org.apache.ratis.thirdparty.io.grpc.ForwardingClientCallListener$SimpleForwardingClientCallListener.onClose(ForwardingClientCallListener.java:40)
	at org.apache.ratis.thirdparty.io.grpc.internal.CensusTracingModule$TracingClientInterceptor$1$1.onClose(CensusTracingModule.java:397)
	at org.apache.ratis.thirdparty.io.grpc.internal.ClientCallImpl.closeObserver(ClientCallImpl.java:459)
	at org.apache.ratis.thirdparty.io.grpc.internal.ClientCallImpl.access$300(ClientCallImpl.java:63)
	at org.apache.ratis.thirdparty.io.grpc.internal.ClientCallImpl$ClientStreamListenerImpl.close(ClientCallImpl.java:546)
	at org.apache.ratis.thirdparty.io.grpc.internal.ClientCallImpl$ClientStreamListenerImpl.access$600(ClientCallImpl.java:467)
	at org.apache.ratis.thirdparty.io.grpc.internal.ClientCallImpl$ClientStreamListenerImpl$1StreamClosed.runInContext(ClientCallImpl.java:584)
	at org.apache.ratis.thirdparty.io.grpc.internal.ContextRunnable.run(ContextRunnable.java:37)
	at org.apache.ratis.thirdparty.io.grpc.internal.SerializingExecutor.run(SerializingExecutor.java:123)
	at java.util.concurrent.ThreadPoolExecutor.runWorker(ThreadPoolExecutor.java:1149)
	at java.util.concurrent.ThreadPoolExecutor$Worker.run(ThreadPoolExecutor.java:624)
	at java.lang.Thread.run(Thread.java:748)

Oct 18, 2019 1:01:51 PM org.apache.ratis.thirdparty.io.grpc.internal.SerializingExecutor run
SEVERE: Exception while executing runnable org.apache.ratis.thirdparty.io.grpc.internal.ServerImpl$JumpToApplicationThreadServerStreamListener$1Closed@6c63ef91
org.apache.ratis.thirdparty.io.grpc.StatusRuntimeException: CANCELLED: call already cancelled
	at org.apache.ratis.thirdparty.io.grpc.Status.asRuntimeException(Status.java:517)
	at org.apache.ratis.thirdparty.io.grpc.stub.ServerCalls$ServerCallStreamObserverImpl.onCompleted(ServerCalls.java:356)
	at org.apache.ratis.grpc.server.GrpcServerProtocolService$ServerRequestStreamObserver.onError(GrpcServerProtocolService.java:121)
	at org.apache.ratis.thirdparty.io.grpc.stub.ServerCalls$StreamingServerCallHandler$StreamingServerCallListener.onCancel(ServerCalls.java:269)
	at org.apache.ratis.thirdparty.io.grpc.internal.ServerCallImpl$ServerStreamListenerImpl.closed(ServerCallImpl.java:293)
	at org.apache.ratis.thirdparty.io.grpc.internal.ServerImpl$JumpToApplicationThreadServerStreamListener$1Closed.runInContext(ServerImpl.java:741)
	at org.apache.ratis.thirdparty.io.grpc.internal.ContextRunnable.run(ContextRunnable.java:37)
	at org.apache.ratis.thirdparty.io.grpc.internal.SerializingExecutor.run(SerializingExecutor.java:123)
	at java.util.concurrent.ThreadPoolExecutor.runWorker(ThreadPoolExecutor.java:1149)
	at java.util.concurrent.ThreadPoolExecutor$Worker.run(ThreadPoolExecutor.java:624)
	at java.lang.Thread.run(Thread.java:748)

Oct 18, 2019 1:01:51 PM org.apache.ratis.thirdparty.io.grpc.internal.SerializingExecutor run
SEVERE: Exception while executing runnable org.apache.ratis.thirdparty.io.grpc.internal.ClientCallImpl$ClientStreamListenerImpl$1StreamClosed@4a665116
java.lang.NullPointerException
	at org.apache.ratis.grpc.server.GrpcLogAppender$AppendLogResponseHandler.onError(GrpcLogAppender.java:303)
	at org.apache.ratis.thirdparty.io.grpc.stub.ClientCalls$StreamObserverToCallListenerAdapter.onClose(ClientCalls.java:434)
	at org.apache.ratis.thirdparty.io.grpc.PartialForwardingClientCallListener.onClose(PartialForwardingClientCallListener.java:39)
	at org.apache.ratis.thirdparty.io.grpc.ForwardingClientCallListener.onClose(ForwardingClientCallListener.java:23)
	at org.apache.ratis.thirdparty.io.grpc.ForwardingClientCallListener$SimpleForwardingClientCallListener.onClose(ForwardingClientCallListener.java:40)
	at org.apache.ratis.thirdparty.io.grpc.internal.CensusStatsModule$StatsClientInterceptor$1$1.onClose(CensusStatsModule.java:678)
	at org.apache.ratis.thirdparty.io.grpc.PartialForwardingClientCallListener.onClose(PartialForwardingClientCallListener.java:39)
	at org.apache.ratis.thirdparty.io.grpc.ForwardingClientCallListener.onClose(ForwardingClientCallListener.java:23)
	at org.apache.ratis.thirdparty.io.grpc.ForwardingClientCallListener$SimpleForwardingClientCallListener.onClose(ForwardingClientCallListener.java:40)
	at org.apache.ratis.thirdparty.io.grpc.internal.CensusTracingModule$TracingClientInterceptor$1$1.onClose(CensusTracingModule.java:397)
	at org.apache.ratis.thirdparty.io.grpc.internal.ClientCallImpl.closeObserver(ClientCallImpl.java:459)
	at org.apache.ratis.thirdparty.io.grpc.internal.ClientCallImpl.access$300(ClientCallImpl.java:63)
	at org.apache.ratis.thirdparty.io.grpc.internal.ClientCallImpl$ClientStreamListenerImpl.close(ClientCallImpl.java:546)
	at org.apache.ratis.thirdparty.io.grpc.internal.ClientCallImpl$ClientStreamListenerImpl.access$600(ClientCallImpl.java:467)
	at org.apache.ratis.thirdparty.io.grpc.internal.ClientCallImpl$ClientStreamListenerImpl$1StreamClosed.runInContext(ClientCallImpl.java:584)
	at org.apache.ratis.thirdparty.io.grpc.internal.ContextRunnable.run(ContextRunnable.java:37)
	at org.apache.ratis.thirdparty.io.grpc.internal.SerializingExecutor.run(SerializingExecutor.java:123)
	at java.util.concurrent.ThreadPoolExecutor.runWorker(ThreadPoolExecutor.java:1149)
	at java.util.concurrent.ThreadPoolExecutor$Worker.run(ThreadPoolExecutor.java:624)
	at java.lang.Thread.run(Thread.java:748)

Exception in thread "018b3f78-d19f-4e26-a796-cb8ddc4f97cf@group-187684C21557-LeaderElection371" java.lang.IllegalStateException: ILLEGAL TRANSITION: In 018b3f78-d19f-4e26-a796-cb8ddc4f97cf@group-187684C21557-LeaderElection371, RUNNING -> CLOSED
	at org.apache.ratis.util.Preconditions.assertTrue(Preconditions.java:63)
	at org.apache.ratis.util.LifeCycle$State.validate(LifeCycle.java:123)
	at org.apache.ratis.util.LifeCycle.transition(LifeCycle.java:143)
	at org.apache.ratis.server.impl.LeaderElection.run(LeaderElection.java:151)
	at java.lang.Thread.run(Thread.java:748)
]]></system-err>
  </testcase>
  <testcase name="testMultiBlockWritesWithDnFailures" classname="org.apache.hadoop.ozone.client.rpc.TestMultiBlockWritesWithDnFailures" time="44.719"/>
</testsuite>