<?xml version="1.0" encoding="UTF-8"?>
<testsuite xmlns:xsi="http://www.w3.org/2001/XMLSchema-instance" xsi:noNamespaceSchemaLocation="https://maven.apache.org/surefire/maven-surefire-plugin/xsd/surefire-test-report.xsd" name="org.apache.hadoop.ozone.client.rpc.TestDeleteWithSlowFollower" time="135.737" tests="1" errors="0" skipped="0" failures="1">
  <properties>
    <property name="awt.toolkit" value="sun.awt.X11.XToolkit"/>
    <property name="file.encoding.pkg" value="sun.io"/>
    <property name="java.specification.version" value="1.8"/>
    <property name="sun.cpu.isalist" value=""/>
    <property name="sun.jnu.encoding" value="ANSI_X3.4-1968"/>
    <property name="java.class.path" value="/workdir/hadoop-ozone/integration-test/target/test-classes:/workdir/hadoop-ozone/integration-test/target/classes:/home/user/.m2/repository/org/apache/hadoop/hadoop-ozone-common/0.5.0-SNAPSHOT/hadoop-ozone-common-0.5.0-SNAPSHOT.jar:/home/user/.m2/repository/org/apache/commons/commons-compress/1.4.1/commons-compress-1.4.1.jar:/home/user/.m2/repository/org/tukaani/xz/1.0/xz-1.0.jar:/home/user/.m2/repository/org/apache/hadoop/hadoop-common/3.2.0/hadoop-common-3.2.0.jar:/home/user/.m2/repository/org/apache/hadoop/hadoop-hdfs/3.2.0/hadoop-hdfs-3.2.0.jar:/home/user/.m2/repository/org/apache/hadoop/hadoop-hdfs-client/3.2.0/hadoop-hdfs-client-3.2.0.jar:/home/user/.m2/repository/com/fasterxml/jackson/core/jackson-annotations/2.9.9/jackson-annotations-2.9.9.jar:/home/user/.m2/repository/org/apache/hadoop/hadoop-hdds-common/0.5.0-SNAPSHOT/hadoop-hdds-common-0.5.0-SNAPSHOT.jar:/home/user/.m2/repository/javax/annotation/javax.annotation-api/1.2/javax.annotation-api-1.2.jar:/home/user/.m2/repository/org/apache/ratis/ratis-server/0.5.0-3f446aa-SNAPSHOT/ratis-server-0.5.0-3f446aa-SNAPSHOT.jar:/home/user/.m2/repository/org/apache/ratis/ratis-thirdparty-misc/0.2.0/ratis-thirdparty-misc-0.2.0.jar:/home/user/.m2/repository/org/apache/ratis/ratis-proto/0.5.0-3f446aa-SNAPSHOT/ratis-proto-0.5.0-3f446aa-SNAPSHOT.jar:/home/user/.m2/repository/org/apache/ratis/ratis-common/0.5.0-3f446aa-SNAPSHOT/ratis-common-0.5.0-3f446aa-SNAPSHOT.jar:/home/user/.m2/repository/org/apache/ratis/ratis-client/0.5.0-3f446aa-SNAPSHOT/ratis-client-0.5.0-3f446aa-SNAPSHOT.jar:/home/user/.m2/repository/org/apache/ratis/ratis-metrics/0.5.0-3f446aa-SNAPSHOT/ratis-metrics-0.5.0-3f446aa-SNAPSHOT.jar:/home/user/.m2/repository/com/github/joshelser/dropwizard-metrics-hadoop-metrics2-reporter/0.1.2/dropwizard-metrics-hadoop-metrics2-reporter-0.1.2.jar:/home/user/.m2/repository/io/dropwizard/metrics/metrics-jvm/3.2.5/metrics-jvm-3.2.5.jar:/home/user/.m2/repository/io/dropwizard/metrics/metrics-ganglia/3.2.5/metrics-ganglia-3.2.5.jar:/home/user/.m2/repository/info/ganglia/gmetric4j/gmetric4j/1.0.7/gmetric4j-1.0.7.jar:/home/user/.m2/repository/org/apache/ratis/ratis-netty/0.5.0-3f446aa-SNAPSHOT/ratis-netty-0.5.0-3f446aa-SNAPSHOT.jar:/home/user/.m2/repository/org/apache/ratis/ratis-grpc/0.5.0-3f446aa-SNAPSHOT/ratis-grpc-0.5.0-3f446aa-SNAPSHOT.jar:/home/user/.m2/repository/org/rocksdb/rocksdbjni/6.0.1/rocksdbjni-6.0.1.jar:/home/user/.m2/repository/org/apache/logging/log4j/log4j-api/2.11.0/log4j-api-2.11.0.jar:/home/user/.m2/repository/org/apache/logging/log4j/log4j-core/2.11.0/log4j-core-2.11.0.jar:/home/user/.m2/repository/com/lmax/disruptor/3.4.2/disruptor-3.4.2.jar:/home/user/.m2/repository/org/apache/commons/commons-pool2/2.6.0/commons-pool2-2.6.0.jar:/home/user/.m2/repository/org/bouncycastle/bcpkix-jdk15on/1.60/bcpkix-jdk15on-1.60.jar:/home/user/.m2/repository/commons-validator/commons-validator/1.6/commons-validator-1.6.jar:/home/user/.m2/repository/commons-digester/commons-digester/1.8.1/commons-digester-1.8.1.jar:/home/user/.m2/repository/io/jaegertracing/jaeger-client/0.34.0/jaeger-client-0.34.0.jar:/home/user/.m2/repository/io/jaegertracing/jaeger-thrift/0.34.0/jaeger-thrift-0.34.0.jar:/home/user/.m2/repository/org/apache/thrift/libthrift/0.12.0/libthrift-0.12.0.jar:/home/user/.m2/repository/com/squareup/okhttp3/okhttp/3.9.0/okhttp-3.9.0.jar:/home/user/.m2/repository/com/squareup/okio/okio/1.13.0/okio-1.13.0.jar:/home/user/.m2/repository/io/jaegertracing/jaeger-core/0.34.0/jaeger-core-0.34.0.jar:/home/user/.m2/repository/io/jaegertracing/jaeger-tracerresolver/0.34.0/jaeger-tracerresolver-0.34.0.jar:/home/user/.m2/repository/io/opentracing/contrib/opentracing-tracerresolver/0.1.5/opentracing-tracerresolver-0.1.5.jar:/home/user/.m2/repository/io/opentracing/opentracing-util/0.31.0/opentracing-util-0.31.0.jar:/home/user/.m2/repository/io/opentracing/opentracing-api/0.31.0/opentracing-api-0.31.0.jar:/home/user/.m2/repository/io/opentracing/opentracing-noop/0.31.0/opentracing-noop-0.31.0.jar:/home/user/.m2/repository/org/apache/hadoop/hadoop-hdds-server-framework/0.5.0-SNAPSHOT/hadoop-hdds-server-framework-0.5.0-SNAPSHOT.jar:/home/user/.m2/repository/org/apache/hadoop/hadoop-hdds-container-service/0.5.0-SNAPSHOT/hadoop-hdds-container-service-0.5.0-SNAPSHOT.jar:/home/user/.m2/repository/org/apache/hadoop/hadoop-hdds-client/0.5.0-SNAPSHOT/hadoop-hdds-client-0.5.0-SNAPSHOT.jar:/home/user/.m2/repository/org/apache/hadoop/hadoop-hdds-tools/0.5.0-SNAPSHOT/hadoop-hdds-tools-0.5.0-SNAPSHOT.jar:/home/user/.m2/repository/org/apache/hadoop/hadoop-hdds-server-scm/0.5.0-SNAPSHOT/hadoop-hdds-server-scm-0.5.0-SNAPSHOT.jar:/home/user/.m2/repository/org/apache/hadoop/hadoop-hdds-docs/0.5.0-SNAPSHOT/hadoop-hdds-docs-0.5.0-SNAPSHOT.jar:/home/user/.m2/repository/io/dropwizard/metrics/metrics-core/3.2.4/metrics-core-3.2.4.jar:/home/user/.m2/repository/org/hamcrest/hamcrest-all/1.3/hamcrest-all-1.3.jar:/home/user/.m2/repository/org/bouncycastle/bcprov-jdk15on/1.60/bcprov-jdk15on-1.60.jar:/home/user/.m2/repository/info/picocli/picocli/3.9.6/picocli-3.9.6.jar:/home/user/.m2/repository/com/google/protobuf/protobuf-java/2.5.0/protobuf-java-2.5.0.jar:/home/user/.m2/repository/com/google/guava/guava/11.0.2/guava-11.0.2.jar:/home/user/.m2/repository/org/apache/hadoop/hadoop-ozone-ozone-manager/0.5.0-SNAPSHOT/hadoop-ozone-ozone-manager-0.5.0-SNAPSHOT.jar:/home/user/.m2/repository/org/apache/hadoop/hadoop-minikdc/3.2.0/hadoop-minikdc-3.2.0.jar:/home/user/.m2/repository/commons-io/commons-io/2.5/commons-io-2.5.jar:/home/user/.m2/repository/org/apache/kerby/kerb-simplekdc/1.0.1/kerb-simplekdc-1.0.1.jar:/home/user/.m2/repository/org/apache/kerby/kerb-client/1.0.1/kerb-client-1.0.1.jar:/home/user/.m2/repository/org/apache/kerby/kerby-config/1.0.1/kerby-config-1.0.1.jar:/home/user/.m2/repository/org/apache/kerby/kerb-core/1.0.1/kerb-core-1.0.1.jar:/home/user/.m2/repository/org/apache/kerby/kerby-pkix/1.0.1/kerby-pkix-1.0.1.jar:/home/user/.m2/repository/org/apache/kerby/kerby-asn1/1.0.1/kerby-asn1-1.0.1.jar:/home/user/.m2/repository/org/apache/kerby/kerby-util/1.0.1/kerby-util-1.0.1.jar:/home/user/.m2/repository/org/apache/kerby/kerb-common/1.0.1/kerb-common-1.0.1.jar:/home/user/.m2/repository/org/apache/kerby/kerb-crypto/1.0.1/kerb-crypto-1.0.1.jar:/home/user/.m2/repository/org/apache/kerby/kerb-util/1.0.1/kerb-util-1.0.1.jar:/home/user/.m2/repository/org/apache/kerby/token-provider/1.0.1/token-provider-1.0.1.jar:/home/user/.m2/repository/org/apache/kerby/kerb-admin/1.0.1/kerb-admin-1.0.1.jar:/home/user/.m2/repository/org/apache/kerby/kerb-server/1.0.1/kerb-server-1.0.1.jar:/home/user/.m2/repository/org/apache/kerby/kerb-identity/1.0.1/kerb-identity-1.0.1.jar:/home/user/.m2/repository/org/apache/kerby/kerby-xdr/1.0.1/kerby-xdr-1.0.1.jar:/home/user/.m2/repository/org/slf4j/slf4j-log4j12/1.7.25/slf4j-log4j12-1.7.25.jar:/home/user/.m2/repository/org/apache/hadoop/hadoop-ozone-s3gateway/0.5.0-SNAPSHOT/hadoop-ozone-s3gateway-0.5.0-SNAPSHOT.jar:/home/user/.m2/repository/org/jboss/weld/servlet/weld-servlet/2.4.7.Final/weld-servlet-2.4.7.Final.jar:/home/user/.m2/repository/org/glassfish/jersey/containers/jersey-container-servlet-core/2.27/jersey-container-servlet-core-2.27.jar:/home/user/.m2/repository/org/glassfish/hk2/external/javax.inject/2.5.0-b42/javax.inject-2.5.0-b42.jar:/home/user/.m2/repository/org/glassfish/jersey/core/jersey-common/2.27/jersey-common-2.27.jar:/home/user/.m2/repository/org/glassfish/hk2/osgi-resource-locator/1.0.1/osgi-resource-locator-1.0.1.jar:/home/user/.m2/repository/javax/ws/rs/javax.ws.rs-api/2.1/javax.ws.rs-api-2.1.jar:/home/user/.m2/repository/org/glassfish/jersey/ext/cdi/jersey-cdi1x/2.27/jersey-cdi1x-2.27.jar:/home/user/.m2/repository/org/glassfish/jersey/inject/jersey-hk2/2.27/jersey-hk2-2.27.jar:/home/user/.m2/repository/org/glassfish/hk2/hk2-locator/2.5.0-b42/hk2-locator-2.5.0-b42.jar:/home/user/.m2/repository/org/javassist/javassist/3.22.0-CR2/javassist-3.22.0-CR2.jar:/home/user/.m2/repository/org/glassfish/hk2/hk2-api/2.5.0/hk2-api-2.5.0.jar:/home/user/.m2/repository/org/glassfish/hk2/external/jakarta.inject/2.5.0/jakarta.inject-2.5.0.jar:/home/user/.m2/repository/org/glassfish/hk2/hk2-utils/2.5.0/hk2-utils-2.5.0.jar:/home/user/.m2/repository/jakarta/annotation/jakarta.annotation-api/1.3.4/jakarta.annotation-api-1.3.4.jar:/home/user/.m2/repository/org/glassfish/hk2/external/aopalliance-repackaged/2.5.0/aopalliance-repackaged-2.5.0.jar:/home/user/.m2/repository/com/fasterxml/jackson/dataformat/jackson-dataformat-xml/2.9.0/jackson-dataformat-xml-2.9.0.jar:/home/user/.m2/repository/com/fasterxml/jackson/core/jackson-core/2.9.9/jackson-core-2.9.9.jar:/home/user/.m2/repository/com/fasterxml/jackson/module/jackson-module-jaxb-annotations/2.9.9/jackson-module-jaxb-annotations-2.9.9.jar:/home/user/.m2/repository/javax/enterprise/cdi-api/1.2/cdi-api-1.2.jar:/home/user/.m2/repository/javax/el/javax.el-api/3.0.0/javax.el-api-3.0.0.jar:/home/user/.m2/repository/javax/interceptor/javax.interceptor-api/1.2/javax.interceptor-api-1.2.jar:/home/user/.m2/repository/javax/inject/javax.inject/1/javax.inject-1.jar:/home/user/.m2/repository/com/sun/xml/bind/jaxb-impl/2.3.0.1/jaxb-impl-2.3.0.1.jar:/home/user/.m2/repository/com/sun/xml/bind/jaxb-core/2.3.0.1/jaxb-core-2.3.0.1.jar:/home/user/.m2/repository/javax/xml/bind/jaxb-api/2.3.0/jaxb-api-2.3.0.jar:/home/user/.m2/repository/javax/activation/activation/1.1.1/activation-1.1.1.jar:/home/user/.m2/repository/org/apache/hadoop/hadoop-ozone-csi/0.5.0-SNAPSHOT/hadoop-ozone-csi-0.5.0-SNAPSHOT.jar:/home/user/.m2/repository/com/google/protobuf/protobuf-java-util/3.5.1/protobuf-java-util-3.5.1.jar:/home/user/.m2/repository/org/apache/hadoop/hadoop-hdds-config/0.5.0-SNAPSHOT/hadoop-hdds-config-0.5.0-SNAPSHOT.jar:/home/user/.m2/repository/io/grpc/grpc-netty/1.17.1/grpc-netty-1.17.1.jar:/home/user/.m2/repository/io/grpc/grpc-core/1.17.1/grpc-core-1.17.1.jar:/home/user/.m2/repository/io/grpc/grpc-context/1.17.1/grpc-context-1.17.1.jar:/home/user/.m2/repository/com/google/errorprone/error_prone_annotations/2.2.0/error_prone_annotations-2.2.0.jar:/home/user/.m2/repository/org/codehaus/mojo/animal-sniffer-annotations/1.17/animal-sniffer-annotations-1.17.jar:/home/user/.m2/repository/io/opencensus/opencensus-api/0.17.0/opencensus-api-0.17.0.jar:/home/user/.m2/repository/io/opencensus/opencensus-contrib-grpc-metrics/0.17.0/opencensus-contrib-grpc-metrics-0.17.0.jar:/home/user/.m2/repository/io/netty/netty-codec-http2/4.1.30.Final/netty-codec-http2-4.1.30.Final.jar:/home/user/.m2/repository/io/netty/netty-codec-http/4.1.30.Final/netty-codec-http-4.1.30.Final.jar:/home/user/.m2/repository/io/netty/netty-codec/4.1.30.Final/netty-codec-4.1.30.Final.jar:/home/user/.m2/repository/io/netty/netty-handler/4.1.30.Final/netty-handler-4.1.30.Final.jar:/home/user/.m2/repository/io/netty/netty-handler-proxy/4.1.30.Final/netty-handler-proxy-4.1.30.Final.jar:/home/user/.m2/repository/io/netty/netty-codec-socks/4.1.30.Final/netty-codec-socks-4.1.30.Final.jar:/home/user/.m2/repository/io/netty/netty-transport-native-epoll/4.1.30.Final/netty-transport-native-epoll-4.1.30.Final.jar:/home/user/.m2/repository/io/netty/netty-common/4.1.30.Final/netty-common-4.1.30.Final.jar:/home/user/.m2/repository/io/netty/netty-buffer/4.1.30.Final/netty-buffer-4.1.30.Final.jar:/home/user/.m2/repository/io/netty/netty-transport/4.1.30.Final/netty-transport-4.1.30.Final.jar:/home/user/.m2/repository/io/netty/netty-resolver/4.1.30.Final/netty-resolver-4.1.30.Final.jar:/home/user/.m2/repository/io/netty/netty-transport-native-unix-common/4.1.30.Final/netty-transport-native-unix-common-4.1.30.Final.jar:/home/user/.m2/repository/io/grpc/grpc-protobuf/1.17.1/grpc-protobuf-1.17.1.jar:/home/user/.m2/repository/com/google/api/grpc/proto-google-common-protos/1.0.0/proto-google-common-protos-1.0.0.jar:/home/user/.m2/repository/io/grpc/grpc-protobuf-lite/1.17.1/grpc-protobuf-lite-1.17.1.jar:/home/user/.m2/repository/io/grpc/grpc-stub/1.17.1/grpc-stub-1.17.1.jar:/home/user/.m2/repository/org/apache/hadoop/hadoop-ozone-recon/0.5.0-SNAPSHOT/hadoop-ozone-recon-0.5.0-SNAPSHOT.jar:/home/user/.m2/repository/org/apache/hadoop/hadoop-ozone-reconcodegen/0.5.0-SNAPSHOT/hadoop-ozone-reconcodegen-0.5.0-SNAPSHOT.jar:/home/user/.m2/repository/com/google/inject/extensions/guice-multibindings/4.0/guice-multibindings-4.0.jar:/home/user/.m2/repository/com/google/inject/guice/4.0/guice-4.0.jar:/home/user/.m2/repository/aopalliance/aopalliance/1.0/aopalliance-1.0.jar:/home/user/.m2/repository/com/google/inject/extensions/guice-servlet/4.0/guice-servlet-4.0.jar:/home/user/.m2/repository/org/glassfish/jersey/containers/jersey-container-servlet/2.27/jersey-container-servlet-2.27.jar:/home/user/.m2/repository/org/glassfish/hk2/guice-bridge/2.5.0/guice-bridge-2.5.0.jar:/home/user/.m2/repository/org/glassfish/jersey/core/jersey-server/2.27/jersey-server-2.27.jar:/home/user/.m2/repository/org/glassfish/jersey/core/jersey-client/2.27/jersey-client-2.27.jar:/home/user/.m2/repository/org/glassfish/jersey/media/jersey-media-jaxb/2.27/jersey-media-jaxb-2.27.jar:/home/user/.m2/repository/javax/validation/validation-api/1.1.0.Final/validation-api-1.1.0.Final.jar:/home/user/.m2/repository/org/glassfish/jersey/media/jersey-media-json-jackson/2.27/jersey-media-json-jackson-2.27.jar:/home/user/.m2/repository/org/glassfish/jersey/ext/jersey-entity-filtering/2.27/jersey-entity-filtering-2.27.jar:/home/user/.m2/repository/com/google/inject/extensions/guice-assistedinject/4.0/guice-assistedinject-4.0.jar:/home/user/.m2/repository/org/jooq/jooq/3.11.10/jooq-3.11.10.jar:/home/user/.m2/repository/org/jooq/jooq-meta/3.11.10/jooq-meta-3.11.10.jar:/home/user/.m2/repository/org/jooq/jooq-codegen/3.11.10/jooq-codegen-3.11.10.jar:/home/user/.m2/repository/com/jolbox/bonecp/0.8.0.RELEASE/bonecp-0.8.0.RELEASE.jar:/home/user/.m2/repository/org/xerial/sqlite-jdbc/3.25.2/sqlite-jdbc-3.25.2.jar:/home/user/.m2/repository/org/springframework/spring-jdbc/5.1.3.RELEASE/spring-jdbc-5.1.3.RELEASE.jar:/home/user/.m2/repository/org/springframework/spring-beans/5.1.3.RELEASE/spring-beans-5.1.3.RELEASE.jar:/home/user/.m2/repository/org/springframework/spring-core/5.1.3.RELEASE/spring-core-5.1.3.RELEASE.jar:/home/user/.m2/repository/org/springframework/spring-jcl/5.1.3.RELEASE/spring-jcl-5.1.3.RELEASE.jar:/home/user/.m2/repository/org/springframework/spring-tx/5.1.3.RELEASE/spring-tx-5.1.3.RELEASE.jar:/home/user/.m2/repository/org/apache/hadoop/hadoop-ozone-client/0.5.0-SNAPSHOT/hadoop-ozone-client-0.5.0-SNAPSHOT.jar:/home/user/.m2/repository/commons-lang/commons-lang/2.6/commons-lang-2.6.jar:/home/user/.m2/repository/org/apache/hadoop/hadoop-ozone-ozone-manager/0.5.0-SNAPSHOT/hadoop-ozone-ozone-manager-0.5.0-SNAPSHOT-tests.jar:/home/user/.m2/repository/junit/junit/4.11/junit-4.11.jar:/home/user/.m2/repository/org/hamcrest/hamcrest-core/1.3/hamcrest-core-1.3.jar:/home/user/.m2/repository/org/openjdk/jmh/jmh-core/1.19/jmh-core-1.19.jar:/home/user/.m2/repository/net/sf/jopt-simple/jopt-simple/4.6/jopt-simple-4.6.jar:/home/user/.m2/repository/org/apache/commons/commons-math3/3.1.1/commons-math3-3.1.1.jar:/home/user/.m2/repository/org/openjdk/jmh/jmh-generator-annprocess/1.19/jmh-generator-annprocess-1.19.jar:/home/user/.m2/repository/org/mockito/mockito-all/1.8.5/mockito-all-1.8.5.jar:/home/user/.m2/repository/org/apache/hadoop/hadoop-kms/3.2.0/hadoop-kms-3.2.0.jar:/home/user/.m2/repository/org/apache/hadoop/hadoop-auth/3.2.0/hadoop-auth-3.2.0.jar:/home/user/.m2/repository/com/nimbusds/nimbus-jose-jwt/4.41.1/nimbus-jose-jwt-4.41.1.jar:/home/user/.m2/repository/com/github/stephenc/jcip/jcip-annotations/1.0-1/jcip-annotations-1.0-1.jar:/home/user/.m2/repository/net/minidev/json-smart/2.3/json-smart-2.3.jar:/home/user/.m2/repository/net/minidev/accessors-smart/1.2/accessors-smart-1.2.jar:/home/user/.m2/repository/org/ow2/asm/asm/5.0.4/asm-5.0.4.jar:/home/user/.m2/repository/org/apache/curator/curator-framework/2.12.0/curator-framework-2.12.0.jar:/home/user/.m2/repository/com/sun/jersey/jersey-core/1.19/jersey-core-1.19.jar:/home/user/.m2/repository/javax/ws/rs/jsr311-api/1.1.1/jsr311-api-1.1.1.jar:/home/user/.m2/repository/com/sun/jersey/jersey-server/1.19/jersey-server-1.19.jar:/home/user/.m2/repository/javax/servlet/javax.servlet-api/3.1.0/javax.servlet-api-3.1.0.jar:/home/user/.m2/repository/org/eclipse/jetty/jetty-server/9.3.25.v20180904/jetty-server-9.3.25.v20180904.jar:/home/user/.m2/repository/org/eclipse/jetty/jetty-http/9.3.25.v20180904/jetty-http-9.3.25.v20180904.jar:/home/user/.m2/repository/org/eclipse/jetty/jetty-io/9.3.25.v20180904/jetty-io-9.3.25.v20180904.jar:/home/user/.m2/repository/org/eclipse/jetty/jetty-webapp/9.3.25.v20180904/jetty-webapp-9.3.25.v20180904.jar:/home/user/.m2/repository/org/eclipse/jetty/jetty-xml/9.3.25.v20180904/jetty-xml-9.3.25.v20180904.jar:/home/user/.m2/repository/log4j/log4j/1.2.17/log4j-1.2.17.jar:/home/user/.m2/repository/org/slf4j/slf4j-api/1.7.25/slf4j-api-1.7.25.jar:/home/user/.m2/repository/org/slf4j/jul-to-slf4j/1.7.25/jul-to-slf4j-1.7.25.jar:/home/user/.m2/repository/org/eclipse/jetty/jetty-util/9.3.25.v20180904/jetty-util-9.3.25.v20180904.jar:/home/user/.m2/repository/com/fasterxml/jackson/core/jackson-databind/2.9.9/jackson-databind-2.9.9.jar:/home/user/.m2/repository/org/apache/hadoop/hadoop-kms/3.2.0/hadoop-kms-3.2.0-tests.jar:/home/user/.m2/repository/org/apache/hadoop/hadoop-hdds-server-scm/0.5.0-SNAPSHOT/hadoop-hdds-server-scm-0.5.0-SNAPSHOT-tests.jar:/home/user/.m2/repository/org/apache/hadoop/hadoop-hdds-container-service/0.5.0-SNAPSHOT/hadoop-hdds-container-service-0.5.0-SNAPSHOT-tests.jar:/home/user/.m2/repository/org/yaml/snakeyaml/1.16/snakeyaml-1.16.jar:/home/user/.m2/repository/org/apache/hadoop/hadoop-common/3.2.0/hadoop-common-3.2.0-tests.jar:/home/user/.m2/repository/org/apache/hadoop/hadoop-annotations/3.2.0/hadoop-annotations-3.2.0.jar:/usr/lib/jvm/java-1.8.0-openjdk-1.8.0.222.b10-1.el7_7.x86_64/jre/../lib/tools.jar:/home/user/.m2/repository/commons-cli/commons-cli/1.2/commons-cli-1.2.jar:/home/user/.m2/repository/org/apache/httpcomponents/httpclient/4.5.2/httpclient-4.5.2.jar:/home/user/.m2/repository/org/apache/httpcomponents/httpcore/4.4.4/httpcore-4.4.4.jar:/home/user/.m2/repository/commons-codec/commons-codec/1.11/commons-codec-1.11.jar:/home/user/.m2/repository/commons-net/commons-net/3.6/commons-net-3.6.jar:/home/user/.m2/repository/commons-collections/commons-collections/3.2.2/commons-collections-3.2.2.jar:/home/user/.m2/repository/org/eclipse/jetty/jetty-servlet/9.3.25.v20180904/jetty-servlet-9.3.25.v20180904.jar:/home/user/.m2/repository/org/eclipse/jetty/jetty-security/9.3.25.v20180904/jetty-security-9.3.25.v20180904.jar:/home/user/.m2/repository/javax/servlet/jsp/jsp-api/2.1/jsp-api-2.1.jar:/home/user/.m2/repository/com/sun/jersey/jersey-servlet/1.19/jersey-servlet-1.19.jar:/home/user/.m2/repository/com/sun/jersey/jersey-json/1.19/jersey-json-1.19.jar:/home/user/.m2/repository/org/codehaus/jettison/jettison/1.1/jettison-1.1.jar:/home/user/.m2/repository/org/codehaus/jackson/jackson-core-asl/1.9.13/jackson-core-asl-1.9.13.jar:/home/user/.m2/repository/org/codehaus/jackson/jackson-mapper-asl/1.9.13/jackson-mapper-asl-1.9.13.jar:/home/user/.m2/repository/org/codehaus/jackson/jackson-jaxrs/1.9.13/jackson-jaxrs-1.9.13.jar:/home/user/.m2/repository/org/codehaus/jackson/jackson-xc/1.9.13/jackson-xc-1.9.13.jar:/home/user/.m2/repository/commons-logging/commons-logging/1.1.3/commons-logging-1.1.3.jar:/home/user/.m2/repository/commons-beanutils/commons-beanutils/1.9.4/commons-beanutils-1.9.4.jar:/home/user/.m2/repository/org/apache/commons/commons-configuration2/2.1.1/commons-configuration2-2.1.1.jar:/home/user/.m2/repository/org/apache/commons/commons-lang3/3.7/commons-lang3-3.7.jar:/home/user/.m2/repository/org/apache/commons/commons-text/1.4/commons-text-1.4.jar:/home/user/.m2/repository/org/apache/avro/avro/1.7.7/avro-1.7.7.jar:/home/user/.m2/repository/com/thoughtworks/paranamer/paranamer/2.3/paranamer-2.3.jar:/home/user/.m2/repository/org/xerial/snappy/snappy-java/1.0.5/snappy-java-1.0.5.jar:/home/user/.m2/repository/com/google/re2j/re2j/1.1/re2j-1.1.jar:/home/user/.m2/repository/com/google/code/gson/gson/2.2.4/gson-2.2.4.jar:/home/user/.m2/repository/com/jcraft/jsch/0.1.54/jsch-0.1.54.jar:/home/user/.m2/repository/org/apache/curator/curator-client/2.12.0/curator-client-2.12.0.jar:/home/user/.m2/repository/org/apache/curator/curator-recipes/2.12.0/curator-recipes-2.12.0.jar:/home/user/.m2/repository/com/google/code/findbugs/jsr305/3.0.0/jsr305-3.0.0.jar:/home/user/.m2/repository/org/apache/htrace/htrace-core4/4.1.0-incubating/htrace-core4-4.1.0-incubating.jar:/home/user/.m2/repository/org/apache/zookeeper/zookeeper/3.4.13/zookeeper-3.4.13.jar:/home/user/.m2/repository/jline/jline/0.9.94/jline-0.9.94.jar:/home/user/.m2/repository/org/apache/yetus/audience-annotations/0.5.0/audience-annotations-0.5.0.jar:/home/user/.m2/repository/org/codehaus/woodstox/stax2-api/3.1.4/stax2-api-3.1.4.jar:/home/user/.m2/repository/com/fasterxml/woodstox/woodstox-core/5.0.3/woodstox-core-5.0.3.jar:/home/user/.m2/repository/dnsjava/dnsjava/2.1.7/dnsjava-2.1.7.jar:/home/user/.m2/repository/org/apache/hadoop/hadoop-hdfs/3.2.0/hadoop-hdfs-3.2.0-tests.jar:/home/user/.m2/repository/org/eclipse/jetty/jetty-util-ajax/9.3.25.v20180904/jetty-util-ajax-9.3.25.v20180904.jar:/home/user/.m2/repository/commons-daemon/commons-daemon/1.0.13/commons-daemon-1.0.13.jar:/home/user/.m2/repository/io/netty/netty/3.10.5.Final/netty-3.10.5.Final.jar:/home/user/.m2/repository/io/netty/netty-all/4.0.52.Final/netty-all-4.0.52.Final.jar:/home/user/.m2/repository/org/fusesource/leveldbjni/leveldbjni-all/1.8/leveldbjni-all-1.8.jar:"/>
    <property name="java.vm.vendor" value="Oracle Corporation"/>
    <property name="sun.arch.data.model" value="64"/>
    <property name="test.build.dir" value="/workdir/hadoop-ozone/integration-test/target/test-dir"/>
    <property name="test.cache.data" value=""/>
    <property name="java.vendor.url" value="http://java.oracle.com/"/>
    <property name="user.timezone" value=""/>
    <property name="java.vm.specification.version" value="1.8"/>
    <property name="os.name" value="Linux"/>
    <property name="test.build.data" value="/workdir/hadoop-ozone/integration-test/target/test-dir"/>
    <property name="user.country" value="US"/>
    <property name="sun.java.launcher" value="SUN_STANDARD"/>
    <property name="sun.boot.library.path" value="/usr/lib/jvm/java-1.8.0-openjdk-1.8.0.222.b10-1.el7_7.x86_64/jre/lib/amd64"/>
    <property name="sun.java.command" value="/workdir/hadoop-ozone/integration-test/target/surefire/surefirebooter8109444279961539262.jar /workdir/hadoop-ozone/integration-test/target/surefire 2019-10-21T03-35-53_080-jvmRun1 surefire8609378268559239334tmp surefire_424850058930244683204tmp"/>
    <property name="surefire.test.class.path" value="/workdir/hadoop-ozone/integration-test/target/test-classes:/workdir/hadoop-ozone/integration-test/target/classes:/home/user/.m2/repository/org/apache/hadoop/hadoop-ozone-common/0.5.0-SNAPSHOT/hadoop-ozone-common-0.5.0-SNAPSHOT.jar:/home/user/.m2/repository/org/apache/commons/commons-compress/1.4.1/commons-compress-1.4.1.jar:/home/user/.m2/repository/org/tukaani/xz/1.0/xz-1.0.jar:/home/user/.m2/repository/org/apache/hadoop/hadoop-common/3.2.0/hadoop-common-3.2.0.jar:/home/user/.m2/repository/org/apache/hadoop/hadoop-hdfs/3.2.0/hadoop-hdfs-3.2.0.jar:/home/user/.m2/repository/org/apache/hadoop/hadoop-hdfs-client/3.2.0/hadoop-hdfs-client-3.2.0.jar:/home/user/.m2/repository/com/fasterxml/jackson/core/jackson-annotations/2.9.9/jackson-annotations-2.9.9.jar:/home/user/.m2/repository/org/apache/hadoop/hadoop-hdds-common/0.5.0-SNAPSHOT/hadoop-hdds-common-0.5.0-SNAPSHOT.jar:/home/user/.m2/repository/javax/annotation/javax.annotation-api/1.2/javax.annotation-api-1.2.jar:/home/user/.m2/repository/org/apache/ratis/ratis-server/0.5.0-3f446aa-SNAPSHOT/ratis-server-0.5.0-3f446aa-SNAPSHOT.jar:/home/user/.m2/repository/org/apache/ratis/ratis-thirdparty-misc/0.2.0/ratis-thirdparty-misc-0.2.0.jar:/home/user/.m2/repository/org/apache/ratis/ratis-proto/0.5.0-3f446aa-SNAPSHOT/ratis-proto-0.5.0-3f446aa-SNAPSHOT.jar:/home/user/.m2/repository/org/apache/ratis/ratis-common/0.5.0-3f446aa-SNAPSHOT/ratis-common-0.5.0-3f446aa-SNAPSHOT.jar:/home/user/.m2/repository/org/apache/ratis/ratis-client/0.5.0-3f446aa-SNAPSHOT/ratis-client-0.5.0-3f446aa-SNAPSHOT.jar:/home/user/.m2/repository/org/apache/ratis/ratis-metrics/0.5.0-3f446aa-SNAPSHOT/ratis-metrics-0.5.0-3f446aa-SNAPSHOT.jar:/home/user/.m2/repository/com/github/joshelser/dropwizard-metrics-hadoop-metrics2-reporter/0.1.2/dropwizard-metrics-hadoop-metrics2-reporter-0.1.2.jar:/home/user/.m2/repository/io/dropwizard/metrics/metrics-jvm/3.2.5/metrics-jvm-3.2.5.jar:/home/user/.m2/repository/io/dropwizard/metrics/metrics-ganglia/3.2.5/metrics-ganglia-3.2.5.jar:/home/user/.m2/repository/info/ganglia/gmetric4j/gmetric4j/1.0.7/gmetric4j-1.0.7.jar:/home/user/.m2/repository/org/apache/ratis/ratis-netty/0.5.0-3f446aa-SNAPSHOT/ratis-netty-0.5.0-3f446aa-SNAPSHOT.jar:/home/user/.m2/repository/org/apache/ratis/ratis-grpc/0.5.0-3f446aa-SNAPSHOT/ratis-grpc-0.5.0-3f446aa-SNAPSHOT.jar:/home/user/.m2/repository/org/rocksdb/rocksdbjni/6.0.1/rocksdbjni-6.0.1.jar:/home/user/.m2/repository/org/apache/logging/log4j/log4j-api/2.11.0/log4j-api-2.11.0.jar:/home/user/.m2/repository/org/apache/logging/log4j/log4j-core/2.11.0/log4j-core-2.11.0.jar:/home/user/.m2/repository/com/lmax/disruptor/3.4.2/disruptor-3.4.2.jar:/home/user/.m2/repository/org/apache/commons/commons-pool2/2.6.0/commons-pool2-2.6.0.jar:/home/user/.m2/repository/org/bouncycastle/bcpkix-jdk15on/1.60/bcpkix-jdk15on-1.60.jar:/home/user/.m2/repository/commons-validator/commons-validator/1.6/commons-validator-1.6.jar:/home/user/.m2/repository/commons-digester/commons-digester/1.8.1/commons-digester-1.8.1.jar:/home/user/.m2/repository/io/jaegertracing/jaeger-client/0.34.0/jaeger-client-0.34.0.jar:/home/user/.m2/repository/io/jaegertracing/jaeger-thrift/0.34.0/jaeger-thrift-0.34.0.jar:/home/user/.m2/repository/org/apache/thrift/libthrift/0.12.0/libthrift-0.12.0.jar:/home/user/.m2/repository/com/squareup/okhttp3/okhttp/3.9.0/okhttp-3.9.0.jar:/home/user/.m2/repository/com/squareup/okio/okio/1.13.0/okio-1.13.0.jar:/home/user/.m2/repository/io/jaegertracing/jaeger-core/0.34.0/jaeger-core-0.34.0.jar:/home/user/.m2/repository/io/jaegertracing/jaeger-tracerresolver/0.34.0/jaeger-tracerresolver-0.34.0.jar:/home/user/.m2/repository/io/opentracing/contrib/opentracing-tracerresolver/0.1.5/opentracing-tracerresolver-0.1.5.jar:/home/user/.m2/repository/io/opentracing/opentracing-util/0.31.0/opentracing-util-0.31.0.jar:/home/user/.m2/repository/io/opentracing/opentracing-api/0.31.0/opentracing-api-0.31.0.jar:/home/user/.m2/repository/io/opentracing/opentracing-noop/0.31.0/opentracing-noop-0.31.0.jar:/home/user/.m2/repository/org/apache/hadoop/hadoop-hdds-server-framework/0.5.0-SNAPSHOT/hadoop-hdds-server-framework-0.5.0-SNAPSHOT.jar:/home/user/.m2/repository/org/apache/hadoop/hadoop-hdds-container-service/0.5.0-SNAPSHOT/hadoop-hdds-container-service-0.5.0-SNAPSHOT.jar:/home/user/.m2/repository/org/apache/hadoop/hadoop-hdds-client/0.5.0-SNAPSHOT/hadoop-hdds-client-0.5.0-SNAPSHOT.jar:/home/user/.m2/repository/org/apache/hadoop/hadoop-hdds-tools/0.5.0-SNAPSHOT/hadoop-hdds-tools-0.5.0-SNAPSHOT.jar:/home/user/.m2/repository/org/apache/hadoop/hadoop-hdds-server-scm/0.5.0-SNAPSHOT/hadoop-hdds-server-scm-0.5.0-SNAPSHOT.jar:/home/user/.m2/repository/org/apache/hadoop/hadoop-hdds-docs/0.5.0-SNAPSHOT/hadoop-hdds-docs-0.5.0-SNAPSHOT.jar:/home/user/.m2/repository/io/dropwizard/metrics/metrics-core/3.2.4/metrics-core-3.2.4.jar:/home/user/.m2/repository/org/hamcrest/hamcrest-all/1.3/hamcrest-all-1.3.jar:/home/user/.m2/repository/org/bouncycastle/bcprov-jdk15on/1.60/bcprov-jdk15on-1.60.jar:/home/user/.m2/repository/info/picocli/picocli/3.9.6/picocli-3.9.6.jar:/home/user/.m2/repository/com/google/protobuf/protobuf-java/2.5.0/protobuf-java-2.5.0.jar:/home/user/.m2/repository/com/google/guava/guava/11.0.2/guava-11.0.2.jar:/home/user/.m2/repository/org/apache/hadoop/hadoop-ozone-ozone-manager/0.5.0-SNAPSHOT/hadoop-ozone-ozone-manager-0.5.0-SNAPSHOT.jar:/home/user/.m2/repository/org/apache/hadoop/hadoop-minikdc/3.2.0/hadoop-minikdc-3.2.0.jar:/home/user/.m2/repository/commons-io/commons-io/2.5/commons-io-2.5.jar:/home/user/.m2/repository/org/apache/kerby/kerb-simplekdc/1.0.1/kerb-simplekdc-1.0.1.jar:/home/user/.m2/repository/org/apache/kerby/kerb-client/1.0.1/kerb-client-1.0.1.jar:/home/user/.m2/repository/org/apache/kerby/kerby-config/1.0.1/kerby-config-1.0.1.jar:/home/user/.m2/repository/org/apache/kerby/kerb-core/1.0.1/kerb-core-1.0.1.jar:/home/user/.m2/repository/org/apache/kerby/kerby-pkix/1.0.1/kerby-pkix-1.0.1.jar:/home/user/.m2/repository/org/apache/kerby/kerby-asn1/1.0.1/kerby-asn1-1.0.1.jar:/home/user/.m2/repository/org/apache/kerby/kerby-util/1.0.1/kerby-util-1.0.1.jar:/home/user/.m2/repository/org/apache/kerby/kerb-common/1.0.1/kerb-common-1.0.1.jar:/home/user/.m2/repository/org/apache/kerby/kerb-crypto/1.0.1/kerb-crypto-1.0.1.jar:/home/user/.m2/repository/org/apache/kerby/kerb-util/1.0.1/kerb-util-1.0.1.jar:/home/user/.m2/repository/org/apache/kerby/token-provider/1.0.1/token-provider-1.0.1.jar:/home/user/.m2/repository/org/apache/kerby/kerb-admin/1.0.1/kerb-admin-1.0.1.jar:/home/user/.m2/repository/org/apache/kerby/kerb-server/1.0.1/kerb-server-1.0.1.jar:/home/user/.m2/repository/org/apache/kerby/kerb-identity/1.0.1/kerb-identity-1.0.1.jar:/home/user/.m2/repository/org/apache/kerby/kerby-xdr/1.0.1/kerby-xdr-1.0.1.jar:/home/user/.m2/repository/org/slf4j/slf4j-log4j12/1.7.25/slf4j-log4j12-1.7.25.jar:/home/user/.m2/repository/org/apache/hadoop/hadoop-ozone-s3gateway/0.5.0-SNAPSHOT/hadoop-ozone-s3gateway-0.5.0-SNAPSHOT.jar:/home/user/.m2/repository/org/jboss/weld/servlet/weld-servlet/2.4.7.Final/weld-servlet-2.4.7.Final.jar:/home/user/.m2/repository/org/glassfish/jersey/containers/jersey-container-servlet-core/2.27/jersey-container-servlet-core-2.27.jar:/home/user/.m2/repository/org/glassfish/hk2/external/javax.inject/2.5.0-b42/javax.inject-2.5.0-b42.jar:/home/user/.m2/repository/org/glassfish/jersey/core/jersey-common/2.27/jersey-common-2.27.jar:/home/user/.m2/repository/org/glassfish/hk2/osgi-resource-locator/1.0.1/osgi-resource-locator-1.0.1.jar:/home/user/.m2/repository/javax/ws/rs/javax.ws.rs-api/2.1/javax.ws.rs-api-2.1.jar:/home/user/.m2/repository/org/glassfish/jersey/ext/cdi/jersey-cdi1x/2.27/jersey-cdi1x-2.27.jar:/home/user/.m2/repository/org/glassfish/jersey/inject/jersey-hk2/2.27/jersey-hk2-2.27.jar:/home/user/.m2/repository/org/glassfish/hk2/hk2-locator/2.5.0-b42/hk2-locator-2.5.0-b42.jar:/home/user/.m2/repository/org/javassist/javassist/3.22.0-CR2/javassist-3.22.0-CR2.jar:/home/user/.m2/repository/org/glassfish/hk2/hk2-api/2.5.0/hk2-api-2.5.0.jar:/home/user/.m2/repository/org/glassfish/hk2/external/jakarta.inject/2.5.0/jakarta.inject-2.5.0.jar:/home/user/.m2/repository/org/glassfish/hk2/hk2-utils/2.5.0/hk2-utils-2.5.0.jar:/home/user/.m2/repository/jakarta/annotation/jakarta.annotation-api/1.3.4/jakarta.annotation-api-1.3.4.jar:/home/user/.m2/repository/org/glassfish/hk2/external/aopalliance-repackaged/2.5.0/aopalliance-repackaged-2.5.0.jar:/home/user/.m2/repository/com/fasterxml/jackson/dataformat/jackson-dataformat-xml/2.9.0/jackson-dataformat-xml-2.9.0.jar:/home/user/.m2/repository/com/fasterxml/jackson/core/jackson-core/2.9.9/jackson-core-2.9.9.jar:/home/user/.m2/repository/com/fasterxml/jackson/module/jackson-module-jaxb-annotations/2.9.9/jackson-module-jaxb-annotations-2.9.9.jar:/home/user/.m2/repository/javax/enterprise/cdi-api/1.2/cdi-api-1.2.jar:/home/user/.m2/repository/javax/el/javax.el-api/3.0.0/javax.el-api-3.0.0.jar:/home/user/.m2/repository/javax/interceptor/javax.interceptor-api/1.2/javax.interceptor-api-1.2.jar:/home/user/.m2/repository/javax/inject/javax.inject/1/javax.inject-1.jar:/home/user/.m2/repository/com/sun/xml/bind/jaxb-impl/2.3.0.1/jaxb-impl-2.3.0.1.jar:/home/user/.m2/repository/com/sun/xml/bind/jaxb-core/2.3.0.1/jaxb-core-2.3.0.1.jar:/home/user/.m2/repository/javax/xml/bind/jaxb-api/2.3.0/jaxb-api-2.3.0.jar:/home/user/.m2/repository/javax/activation/activation/1.1.1/activation-1.1.1.jar:/home/user/.m2/repository/org/apache/hadoop/hadoop-ozone-csi/0.5.0-SNAPSHOT/hadoop-ozone-csi-0.5.0-SNAPSHOT.jar:/home/user/.m2/repository/com/google/protobuf/protobuf-java-util/3.5.1/protobuf-java-util-3.5.1.jar:/home/user/.m2/repository/org/apache/hadoop/hadoop-hdds-config/0.5.0-SNAPSHOT/hadoop-hdds-config-0.5.0-SNAPSHOT.jar:/home/user/.m2/repository/io/grpc/grpc-netty/1.17.1/grpc-netty-1.17.1.jar:/home/user/.m2/repository/io/grpc/grpc-core/1.17.1/grpc-core-1.17.1.jar:/home/user/.m2/repository/io/grpc/grpc-context/1.17.1/grpc-context-1.17.1.jar:/home/user/.m2/repository/com/google/errorprone/error_prone_annotations/2.2.0/error_prone_annotations-2.2.0.jar:/home/user/.m2/repository/org/codehaus/mojo/animal-sniffer-annotations/1.17/animal-sniffer-annotations-1.17.jar:/home/user/.m2/repository/io/opencensus/opencensus-api/0.17.0/opencensus-api-0.17.0.jar:/home/user/.m2/repository/io/opencensus/opencensus-contrib-grpc-metrics/0.17.0/opencensus-contrib-grpc-metrics-0.17.0.jar:/home/user/.m2/repository/io/netty/netty-codec-http2/4.1.30.Final/netty-codec-http2-4.1.30.Final.jar:/home/user/.m2/repository/io/netty/netty-codec-http/4.1.30.Final/netty-codec-http-4.1.30.Final.jar:/home/user/.m2/repository/io/netty/netty-codec/4.1.30.Final/netty-codec-4.1.30.Final.jar:/home/user/.m2/repository/io/netty/netty-handler/4.1.30.Final/netty-handler-4.1.30.Final.jar:/home/user/.m2/repository/io/netty/netty-handler-proxy/4.1.30.Final/netty-handler-proxy-4.1.30.Final.jar:/home/user/.m2/repository/io/netty/netty-codec-socks/4.1.30.Final/netty-codec-socks-4.1.30.Final.jar:/home/user/.m2/repository/io/netty/netty-transport-native-epoll/4.1.30.Final/netty-transport-native-epoll-4.1.30.Final.jar:/home/user/.m2/repository/io/netty/netty-common/4.1.30.Final/netty-common-4.1.30.Final.jar:/home/user/.m2/repository/io/netty/netty-buffer/4.1.30.Final/netty-buffer-4.1.30.Final.jar:/home/user/.m2/repository/io/netty/netty-transport/4.1.30.Final/netty-transport-4.1.30.Final.jar:/home/user/.m2/repository/io/netty/netty-resolver/4.1.30.Final/netty-resolver-4.1.30.Final.jar:/home/user/.m2/repository/io/netty/netty-transport-native-unix-common/4.1.30.Final/netty-transport-native-unix-common-4.1.30.Final.jar:/home/user/.m2/repository/io/grpc/grpc-protobuf/1.17.1/grpc-protobuf-1.17.1.jar:/home/user/.m2/repository/com/google/api/grpc/proto-google-common-protos/1.0.0/proto-google-common-protos-1.0.0.jar:/home/user/.m2/repository/io/grpc/grpc-protobuf-lite/1.17.1/grpc-protobuf-lite-1.17.1.jar:/home/user/.m2/repository/io/grpc/grpc-stub/1.17.1/grpc-stub-1.17.1.jar:/home/user/.m2/repository/org/apache/hadoop/hadoop-ozone-recon/0.5.0-SNAPSHOT/hadoop-ozone-recon-0.5.0-SNAPSHOT.jar:/home/user/.m2/repository/org/apache/hadoop/hadoop-ozone-reconcodegen/0.5.0-SNAPSHOT/hadoop-ozone-reconcodegen-0.5.0-SNAPSHOT.jar:/home/user/.m2/repository/com/google/inject/extensions/guice-multibindings/4.0/guice-multibindings-4.0.jar:/home/user/.m2/repository/com/google/inject/guice/4.0/guice-4.0.jar:/home/user/.m2/repository/aopalliance/aopalliance/1.0/aopalliance-1.0.jar:/home/user/.m2/repository/com/google/inject/extensions/guice-servlet/4.0/guice-servlet-4.0.jar:/home/user/.m2/repository/org/glassfish/jersey/containers/jersey-container-servlet/2.27/jersey-container-servlet-2.27.jar:/home/user/.m2/repository/org/glassfish/hk2/guice-bridge/2.5.0/guice-bridge-2.5.0.jar:/home/user/.m2/repository/org/glassfish/jersey/core/jersey-server/2.27/jersey-server-2.27.jar:/home/user/.m2/repository/org/glassfish/jersey/core/jersey-client/2.27/jersey-client-2.27.jar:/home/user/.m2/repository/org/glassfish/jersey/media/jersey-media-jaxb/2.27/jersey-media-jaxb-2.27.jar:/home/user/.m2/repository/javax/validation/validation-api/1.1.0.Final/validation-api-1.1.0.Final.jar:/home/user/.m2/repository/org/glassfish/jersey/media/jersey-media-json-jackson/2.27/jersey-media-json-jackson-2.27.jar:/home/user/.m2/repository/org/glassfish/jersey/ext/jersey-entity-filtering/2.27/jersey-entity-filtering-2.27.jar:/home/user/.m2/repository/com/google/inject/extensions/guice-assistedinject/4.0/guice-assistedinject-4.0.jar:/home/user/.m2/repository/org/jooq/jooq/3.11.10/jooq-3.11.10.jar:/home/user/.m2/repository/org/jooq/jooq-meta/3.11.10/jooq-meta-3.11.10.jar:/home/user/.m2/repository/org/jooq/jooq-codegen/3.11.10/jooq-codegen-3.11.10.jar:/home/user/.m2/repository/com/jolbox/bonecp/0.8.0.RELEASE/bonecp-0.8.0.RELEASE.jar:/home/user/.m2/repository/org/xerial/sqlite-jdbc/3.25.2/sqlite-jdbc-3.25.2.jar:/home/user/.m2/repository/org/springframework/spring-jdbc/5.1.3.RELEASE/spring-jdbc-5.1.3.RELEASE.jar:/home/user/.m2/repository/org/springframework/spring-beans/5.1.3.RELEASE/spring-beans-5.1.3.RELEASE.jar:/home/user/.m2/repository/org/springframework/spring-core/5.1.3.RELEASE/spring-core-5.1.3.RELEASE.jar:/home/user/.m2/repository/org/springframework/spring-jcl/5.1.3.RELEASE/spring-jcl-5.1.3.RELEASE.jar:/home/user/.m2/repository/org/springframework/spring-tx/5.1.3.RELEASE/spring-tx-5.1.3.RELEASE.jar:/home/user/.m2/repository/org/apache/hadoop/hadoop-ozone-client/0.5.0-SNAPSHOT/hadoop-ozone-client-0.5.0-SNAPSHOT.jar:/home/user/.m2/repository/commons-lang/commons-lang/2.6/commons-lang-2.6.jar:/home/user/.m2/repository/org/apache/hadoop/hadoop-ozone-ozone-manager/0.5.0-SNAPSHOT/hadoop-ozone-ozone-manager-0.5.0-SNAPSHOT-tests.jar:/home/user/.m2/repository/junit/junit/4.11/junit-4.11.jar:/home/user/.m2/repository/org/hamcrest/hamcrest-core/1.3/hamcrest-core-1.3.jar:/home/user/.m2/repository/org/openjdk/jmh/jmh-core/1.19/jmh-core-1.19.jar:/home/user/.m2/repository/net/sf/jopt-simple/jopt-simple/4.6/jopt-simple-4.6.jar:/home/user/.m2/repository/org/apache/commons/commons-math3/3.1.1/commons-math3-3.1.1.jar:/home/user/.m2/repository/org/openjdk/jmh/jmh-generator-annprocess/1.19/jmh-generator-annprocess-1.19.jar:/home/user/.m2/repository/org/mockito/mockito-all/1.8.5/mockito-all-1.8.5.jar:/home/user/.m2/repository/org/apache/hadoop/hadoop-kms/3.2.0/hadoop-kms-3.2.0.jar:/home/user/.m2/repository/org/apache/hadoop/hadoop-auth/3.2.0/hadoop-auth-3.2.0.jar:/home/user/.m2/repository/com/nimbusds/nimbus-jose-jwt/4.41.1/nimbus-jose-jwt-4.41.1.jar:/home/user/.m2/repository/com/github/stephenc/jcip/jcip-annotations/1.0-1/jcip-annotations-1.0-1.jar:/home/user/.m2/repository/net/minidev/json-smart/2.3/json-smart-2.3.jar:/home/user/.m2/repository/net/minidev/accessors-smart/1.2/accessors-smart-1.2.jar:/home/user/.m2/repository/org/ow2/asm/asm/5.0.4/asm-5.0.4.jar:/home/user/.m2/repository/org/apache/curator/curator-framework/2.12.0/curator-framework-2.12.0.jar:/home/user/.m2/repository/com/sun/jersey/jersey-core/1.19/jersey-core-1.19.jar:/home/user/.m2/repository/javax/ws/rs/jsr311-api/1.1.1/jsr311-api-1.1.1.jar:/home/user/.m2/repository/com/sun/jersey/jersey-server/1.19/jersey-server-1.19.jar:/home/user/.m2/repository/javax/servlet/javax.servlet-api/3.1.0/javax.servlet-api-3.1.0.jar:/home/user/.m2/repository/org/eclipse/jetty/jetty-server/9.3.25.v20180904/jetty-server-9.3.25.v20180904.jar:/home/user/.m2/repository/org/eclipse/jetty/jetty-http/9.3.25.v20180904/jetty-http-9.3.25.v20180904.jar:/home/user/.m2/repository/org/eclipse/jetty/jetty-io/9.3.25.v20180904/jetty-io-9.3.25.v20180904.jar:/home/user/.m2/repository/org/eclipse/jetty/jetty-webapp/9.3.25.v20180904/jetty-webapp-9.3.25.v20180904.jar:/home/user/.m2/repository/org/eclipse/jetty/jetty-xml/9.3.25.v20180904/jetty-xml-9.3.25.v20180904.jar:/home/user/.m2/repository/log4j/log4j/1.2.17/log4j-1.2.17.jar:/home/user/.m2/repository/org/slf4j/slf4j-api/1.7.25/slf4j-api-1.7.25.jar:/home/user/.m2/repository/org/slf4j/jul-to-slf4j/1.7.25/jul-to-slf4j-1.7.25.jar:/home/user/.m2/repository/org/eclipse/jetty/jetty-util/9.3.25.v20180904/jetty-util-9.3.25.v20180904.jar:/home/user/.m2/repository/com/fasterxml/jackson/core/jackson-databind/2.9.9/jackson-databind-2.9.9.jar:/home/user/.m2/repository/org/apache/hadoop/hadoop-kms/3.2.0/hadoop-kms-3.2.0-tests.jar:/home/user/.m2/repository/org/apache/hadoop/hadoop-hdds-server-scm/0.5.0-SNAPSHOT/hadoop-hdds-server-scm-0.5.0-SNAPSHOT-tests.jar:/home/user/.m2/repository/org/apache/hadoop/hadoop-hdds-container-service/0.5.0-SNAPSHOT/hadoop-hdds-container-service-0.5.0-SNAPSHOT-tests.jar:/home/user/.m2/repository/org/yaml/snakeyaml/1.16/snakeyaml-1.16.jar:/home/user/.m2/repository/org/apache/hadoop/hadoop-common/3.2.0/hadoop-common-3.2.0-tests.jar:/home/user/.m2/repository/org/apache/hadoop/hadoop-annotations/3.2.0/hadoop-annotations-3.2.0.jar:/usr/lib/jvm/java-1.8.0-openjdk-1.8.0.222.b10-1.el7_7.x86_64/jre/../lib/tools.jar:/home/user/.m2/repository/commons-cli/commons-cli/1.2/commons-cli-1.2.jar:/home/user/.m2/repository/org/apache/httpcomponents/httpclient/4.5.2/httpclient-4.5.2.jar:/home/user/.m2/repository/org/apache/httpcomponents/httpcore/4.4.4/httpcore-4.4.4.jar:/home/user/.m2/repository/commons-codec/commons-codec/1.11/commons-codec-1.11.jar:/home/user/.m2/repository/commons-net/commons-net/3.6/commons-net-3.6.jar:/home/user/.m2/repository/commons-collections/commons-collections/3.2.2/commons-collections-3.2.2.jar:/home/user/.m2/repository/org/eclipse/jetty/jetty-servlet/9.3.25.v20180904/jetty-servlet-9.3.25.v20180904.jar:/home/user/.m2/repository/org/eclipse/jetty/jetty-security/9.3.25.v20180904/jetty-security-9.3.25.v20180904.jar:/home/user/.m2/repository/javax/servlet/jsp/jsp-api/2.1/jsp-api-2.1.jar:/home/user/.m2/repository/com/sun/jersey/jersey-servlet/1.19/jersey-servlet-1.19.jar:/home/user/.m2/repository/com/sun/jersey/jersey-json/1.19/jersey-json-1.19.jar:/home/user/.m2/repository/org/codehaus/jettison/jettison/1.1/jettison-1.1.jar:/home/user/.m2/repository/org/codehaus/jackson/jackson-core-asl/1.9.13/jackson-core-asl-1.9.13.jar:/home/user/.m2/repository/org/codehaus/jackson/jackson-mapper-asl/1.9.13/jackson-mapper-asl-1.9.13.jar:/home/user/.m2/repository/org/codehaus/jackson/jackson-jaxrs/1.9.13/jackson-jaxrs-1.9.13.jar:/home/user/.m2/repository/org/codehaus/jackson/jackson-xc/1.9.13/jackson-xc-1.9.13.jar:/home/user/.m2/repository/commons-logging/commons-logging/1.1.3/commons-logging-1.1.3.jar:/home/user/.m2/repository/commons-beanutils/commons-beanutils/1.9.4/commons-beanutils-1.9.4.jar:/home/user/.m2/repository/org/apache/commons/commons-configuration2/2.1.1/commons-configuration2-2.1.1.jar:/home/user/.m2/repository/org/apache/commons/commons-lang3/3.7/commons-lang3-3.7.jar:/home/user/.m2/repository/org/apache/commons/commons-text/1.4/commons-text-1.4.jar:/home/user/.m2/repository/org/apache/avro/avro/1.7.7/avro-1.7.7.jar:/home/user/.m2/repository/com/thoughtworks/paranamer/paranamer/2.3/paranamer-2.3.jar:/home/user/.m2/repository/org/xerial/snappy/snappy-java/1.0.5/snappy-java-1.0.5.jar:/home/user/.m2/repository/com/google/re2j/re2j/1.1/re2j-1.1.jar:/home/user/.m2/repository/com/google/code/gson/gson/2.2.4/gson-2.2.4.jar:/home/user/.m2/repository/com/jcraft/jsch/0.1.54/jsch-0.1.54.jar:/home/user/.m2/repository/org/apache/curator/curator-client/2.12.0/curator-client-2.12.0.jar:/home/user/.m2/repository/org/apache/curator/curator-recipes/2.12.0/curator-recipes-2.12.0.jar:/home/user/.m2/repository/com/google/code/findbugs/jsr305/3.0.0/jsr305-3.0.0.jar:/home/user/.m2/repository/org/apache/htrace/htrace-core4/4.1.0-incubating/htrace-core4-4.1.0-incubating.jar:/home/user/.m2/repository/org/apache/zookeeper/zookeeper/3.4.13/zookeeper-3.4.13.jar:/home/user/.m2/repository/jline/jline/0.9.94/jline-0.9.94.jar:/home/user/.m2/repository/org/apache/yetus/audience-annotations/0.5.0/audience-annotations-0.5.0.jar:/home/user/.m2/repository/org/codehaus/woodstox/stax2-api/3.1.4/stax2-api-3.1.4.jar:/home/user/.m2/repository/com/fasterxml/woodstox/woodstox-core/5.0.3/woodstox-core-5.0.3.jar:/home/user/.m2/repository/dnsjava/dnsjava/2.1.7/dnsjava-2.1.7.jar:/home/user/.m2/repository/org/apache/hadoop/hadoop-hdfs/3.2.0/hadoop-hdfs-3.2.0-tests.jar:/home/user/.m2/repository/org/eclipse/jetty/jetty-util-ajax/9.3.25.v20180904/jetty-util-ajax-9.3.25.v20180904.jar:/home/user/.m2/repository/commons-daemon/commons-daemon/1.0.13/commons-daemon-1.0.13.jar:/home/user/.m2/repository/io/netty/netty/3.10.5.Final/netty-3.10.5.Final.jar:/home/user/.m2/repository/io/netty/netty-all/4.0.52.Final/netty-all-4.0.52.Final.jar:/home/user/.m2/repository/org/fusesource/leveldbjni/leveldbjni-all/1.8/leveldbjni-all-1.8.jar:"/>
    <property name="sun.cpu.endian" value="little"/>
    <property name="user.home" value="/home/user"/>
    <property name="user.language" value="en"/>
    <property name="java.specification.vendor" value="Oracle Corporation"/>
    <property name="java.home" value="/usr/lib/jvm/java-1.8.0-openjdk-1.8.0.222.b10-1.el7_7.x86_64/jre"/>
    <property name="surefire.excludesFile" value="/tools/ozone-bad-unit-tests"/>
    <property name="java.security.krb5.conf" value="/workdir/hadoop-ozone/integration-test/target/test-classes/krb5.conf"/>
    <property name="basedir" value="/workdir/hadoop-ozone/integration-test"/>
    <property name="file.separator" value="/"/>
    <property name="line.separator" value="&#10;"/>
    <property name="java.vm.specification.vendor" value="Oracle Corporation"/>
    <property name="java.specification.name" value="Java Platform API Specification"/>
    <property name="java.awt.graphicsenv" value="sun.awt.X11GraphicsEnvironment"/>
    <property name="surefire.real.class.path" value="/workdir/hadoop-ozone/integration-test/target/surefire/surefirebooter8109444279961539262.jar"/>
    <property name="hadoop.log.dir" value="/workdir/hadoop-ozone/integration-test/target/log"/>
    <property name="sun.boot.class.path" value="/usr/lib/jvm/java-1.8.0-openjdk-1.8.0.222.b10-1.el7_7.x86_64/jre/lib/resources.jar:/usr/lib/jvm/java-1.8.0-openjdk-1.8.0.222.b10-1.el7_7.x86_64/jre/lib/rt.jar:/usr/lib/jvm/java-1.8.0-openjdk-1.8.0.222.b10-1.el7_7.x86_64/jre/lib/sunrsasign.jar:/usr/lib/jvm/java-1.8.0-openjdk-1.8.0.222.b10-1.el7_7.x86_64/jre/lib/jsse.jar:/usr/lib/jvm/java-1.8.0-openjdk-1.8.0.222.b10-1.el7_7.x86_64/jre/lib/jce.jar:/usr/lib/jvm/java-1.8.0-openjdk-1.8.0.222.b10-1.el7_7.x86_64/jre/lib/charsets.jar:/usr/lib/jvm/java-1.8.0-openjdk-1.8.0.222.b10-1.el7_7.x86_64/jre/lib/jfr.jar:/usr/lib/jvm/java-1.8.0-openjdk-1.8.0.222.b10-1.el7_7.x86_64/jre/classes"/>
    <property name="sun.management.compiler" value="HotSpot 64-Bit Tiered Compilers"/>
    <property name="java.runtime.version" value="1.8.0_222-b10"/>
    <property name="java.net.preferIPv4Stack" value="true"/>
    <property name="user.name" value="jenkins1000"/>
    <property name="path.separator" value=":"/>
    <property name="java.security.egd" value="file:///dev/urandom"/>
    <property name="os.version" value="3.10.0-957.12.2.el7.x86_64"/>
    <property name="java.endorsed.dirs" value="/usr/lib/jvm/java-1.8.0-openjdk-1.8.0.222.b10-1.el7_7.x86_64/jre/lib/endorsed"/>
    <property name="java.runtime.name" value="OpenJDK Runtime Environment"/>
    <property name="file.encoding" value="ANSI_X3.4-1968"/>
    <property name="java.vm.name" value="OpenJDK 64-Bit Server VM"/>
    <property name="test.build.webapps" value=""/>
    <property name="localRepository" value="/home/user/.m2/repository"/>
    <property name="java.vendor.url.bug" value="http://bugreport.sun.com/bugreport/"/>
    <property name="java.io.tmpdir" value="/tmp"/>
    <property name="require.test.libhadoop" value=""/>
    <property name="java.version" value="1.8.0_222"/>
    <property name="user.dir" value="/workdir/hadoop-ozone/integration-test"/>
    <property name="os.arch" value="amd64"/>
    <property name="java.vm.specification.name" value="Java Virtual Machine Specification"/>
    <property name="test.build.classes" value="/workdir/hadoop-ozone/integration-test/target/test-classes"/>
    <property name="java.awt.printerjob" value="sun.print.PSPrinterJob"/>
    <property name="sun.os.patch.level" value="unknown"/>
    <property name="hadoop.tmp.dir" value="/workdir/hadoop-ozone/integration-test/target/tmp"/>
    <property name="java.library.path" value="/usr/lib:/workdir/hadoop-ozone/integration-test/target/native/target/usr/local/lib:/workdir/hadoop-ozone/integration-test/../../hadoop-common-project/hadoop-common/target/native/target/usr/local/lib:/usr/java/packages/lib/amd64:/usr/lib64:/lib64:/lib:/usr/lib"/>
    <property name="java.vm.info" value="mixed mode"/>
    <property name="java.vendor" value="Oracle Corporation"/>
    <property name="java.vm.version" value="25.222-b10"/>
    <property name="java.ext.dirs" value="/usr/lib/jvm/java-1.8.0-openjdk-1.8.0.222.b10-1.el7_7.x86_64/jre/lib/ext:/usr/java/packages/lib/ext"/>
    <property name="sun.io.unicode.encoding" value="UnicodeLittle"/>
    <property name="java.class.version" value="52.0"/>
  </properties>
  <testcase name="testDeleteKeyWithSlowFollower" classname="org.apache.hadoop.ozone.client.rpc.TestDeleteWithSlowFollower" time="113.274">
    <failure type="java.lang.AssertionError">java.lang.AssertionError
	at org.junit.Assert.fail(Assert.java:86)
	at org.junit.Assert.assertTrue(Assert.java:41)
	at org.junit.Assert.assertTrue(Assert.java:52)
	at org.apache.hadoop.ozone.client.rpc.TestDeleteWithSlowFollower.testDeleteKeyWithSlowFollower(TestDeleteWithSlowFollower.java:265)
	at sun.reflect.NativeMethodAccessorImpl.invoke0(Native Method)
	at sun.reflect.NativeMethodAccessorImpl.invoke(NativeMethodAccessorImpl.java:62)
	at sun.reflect.DelegatingMethodAccessorImpl.invoke(DelegatingMethodAccessorImpl.java:43)
	at java.lang.reflect.Method.invoke(Method.java:498)
	at org.junit.runners.model.FrameworkMethod$1.runReflectiveCall(FrameworkMethod.java:47)
	at org.junit.internal.runners.model.ReflectiveCallable.run(ReflectiveCallable.java:12)
	at org.junit.runners.model.FrameworkMethod.invokeExplosively(FrameworkMethod.java:44)
	at org.junit.internal.runners.statements.InvokeMethod.evaluate(InvokeMethod.java:17)
	at org.junit.runners.ParentRunner.runLeaf(ParentRunner.java:271)
	at org.junit.runners.BlockJUnit4ClassRunner.runChild(BlockJUnit4ClassRunner.java:70)
	at org.junit.runners.BlockJUnit4ClassRunner.runChild(BlockJUnit4ClassRunner.java:50)
	at org.junit.runners.ParentRunner$3.run(ParentRunner.java:238)
	at org.junit.runners.ParentRunner$1.schedule(ParentRunner.java:63)
	at org.junit.runners.ParentRunner.runChildren(ParentRunner.java:236)
	at org.junit.runners.ParentRunner.access$000(ParentRunner.java:53)
	at org.junit.runners.ParentRunner$2.evaluate(ParentRunner.java:229)
	at org.junit.internal.runners.statements.RunBefores.evaluate(RunBefores.java:26)
	at org.junit.internal.runners.statements.RunAfters.evaluate(RunAfters.java:27)
	at org.junit.runners.ParentRunner.run(ParentRunner.java:309)
	at org.apache.maven.surefire.junit4.JUnit4Provider.execute(JUnit4Provider.java:365)
	at org.apache.maven.surefire.junit4.JUnit4Provider.executeWithRerun(JUnit4Provider.java:273)
	at org.apache.maven.surefire.junit4.JUnit4Provider.executeTestSet(JUnit4Provider.java:238)
	at org.apache.maven.surefire.junit4.JUnit4Provider.invoke(JUnit4Provider.java:159)
	at org.apache.maven.surefire.booter.ForkedBooter.invokeProviderInSameClassLoader(ForkedBooter.java:384)
	at org.apache.maven.surefire.booter.ForkedBooter.runSuitesInProcess(ForkedBooter.java:345)
	at org.apache.maven.surefire.booter.ForkedBooter.execute(ForkedBooter.java:126)
	at org.apache.maven.surefire.booter.ForkedBooter.main(ForkedBooter.java:418)
</failure>
    <system-out><![CDATA[2019-10-21 04:28:42,328 [main] WARN  server.ServerUtils (ServerUtils.java:getScmDbDir(145)) - ozone.scm.db.dirs is not configured. We recommend adding this setting. Falling back to ozone.metadata.dirs instead.
2019-10-21 04:28:42,502 [main] WARN  server.ServerUtils (ServerUtils.java:getScmDbDir(145)) - ozone.scm.db.dirs is not configured. We recommend adding this setting. Falling back to ozone.metadata.dirs instead.
2019-10-21 04:28:42,506 [main] WARN  server.ServerUtils (ServerUtils.java:getScmDbDir(145)) - ozone.scm.db.dirs is not configured. We recommend adding this setting. Falling back to ozone.metadata.dirs instead.
2019-10-21 04:28:42,534 [main] INFO  util.log (Log.java:initialized(192)) - Logging initialized @965ms
2019-10-21 04:28:42,643 [main] INFO  db.DBStoreBuilder (DBStoreBuilder.java:addTable(117)) - using custom profile for table: deletedBlocks
2019-10-21 04:28:42,644 [main] INFO  db.DBStoreBuilder (DBStoreBuilder.java:processTables(168)) - Using default column profile:DBProfile.DISK for Table:deletedBlocks
2019-10-21 04:28:42,644 [main] INFO  db.DBStoreBuilder (DBStoreBuilder.java:addTable(117)) - using custom profile for table: validCerts
2019-10-21 04:28:42,644 [main] INFO  db.DBStoreBuilder (DBStoreBuilder.java:processTables(168)) - Using default column profile:DBProfile.DISK for Table:validCerts
2019-10-21 04:28:42,645 [main] INFO  db.DBStoreBuilder (DBStoreBuilder.java:addTable(117)) - using custom profile for table: revokedCerts
2019-10-21 04:28:42,645 [main] INFO  db.DBStoreBuilder (DBStoreBuilder.java:processTables(168)) - Using default column profile:DBProfile.DISK for Table:revokedCerts
2019-10-21 04:28:42,661 [main] INFO  db.DBStoreBuilder (DBStoreBuilder.java:addTable(117)) - using custom profile for table: default
2019-10-21 04:28:42,661 [main] INFO  db.DBStoreBuilder (DBStoreBuilder.java:processTables(174)) - Using default column profile:DBProfile.DISK for Table:default
2019-10-21 04:28:42,663 [main] INFO  db.DBStoreBuilder (DBStoreBuilder.java:getDbProfile(205)) - Using default options. DBProfile.DISK
2019-10-21 04:28:42,967 [main] INFO  net.NodeSchemaLoader (NodeSchemaLoader.java:loadSchemaFromFile(125)) - Loading file from sun.misc.CompoundEnumeration@74235045
2019-10-21 04:28:42,969 [main] INFO  net.NodeSchemaLoader (NodeSchemaLoader.java:loadSchema(171)) - Loading network topology layer schema file
2019-10-21 04:28:43,040 [main] WARN  server.ServerUtils (ServerUtils.java:sanitizeUserArgs(70)) - ozone.scm.stale.node.interval value = 1000000 is larger than max = 100000 based on the key value of ozone.scm.heartbeat.thread.interval, reset to the max value 100000.
2019-10-21 04:28:43,042 [main] WARN  server.ServerUtils (ServerUtils.java:sanitizeUserArgs(70)) - ozone.scm.stale.node.interval value = 1000000 is larger than max = 100000 based on the key value of ozone.scm.heartbeat.thread.interval, reset to the max value 100000.
2019-10-21 04:28:43,045 [main] INFO  node.SCMNodeManager (SCMNodeManager.java:<init>(116)) - Entering startup safe mode.
2019-10-21 04:28:43,122 [main] INFO  algorithms.ContainerPlacementPolicyFactory (ContainerPlacementPolicyFactory.java:getPolicy(57)) - Create container placement policy of type org.apache.hadoop.hdds.scm.container.placement.algorithms.SCMContainerPlacementRandom
2019-10-21 04:28:43,141 [main] WARN  server.ServerUtils (ServerUtils.java:getScmDbDir(145)) - ozone.scm.db.dirs is not configured. We recommend adding this setting. Falling back to ozone.metadata.dirs instead.
2019-10-21 04:28:43,234 [main] INFO  pipeline.SCMPipelineManager (SCMPipelineManager.java:initializePipelineState(132)) - No pipeline exists in current db
2019-10-21 04:28:43,237 [main] WARN  server.ServerUtils (ServerUtils.java:getScmDbDir(145)) - ozone.scm.db.dirs is not configured. We recommend adding this setting. Falling back to ozone.metadata.dirs instead.
2019-10-21 04:28:43,412 [main] WARN  events.EventQueue (EventQueue.java:fireEvent(183)) - No event handler registered for event TypedEvent{payloadType=SafeModeStatus, name='SafeModeStatus'}
2019-10-21 04:28:43,774 [main] INFO  ipc.CallQueueManager (CallQueueManager.java:<init>(84)) - Using callQueue: class java.util.concurrent.LinkedBlockingQueue, queueCapacity: 2000, scheduler: class org.apache.hadoop.ipc.DefaultRpcScheduler, ipcBackoff: false.
2019-10-21 04:28:43,894 [Socket Reader #1 for port 42217] INFO  ipc.Server (Server.java:run(1074)) - Starting Socket Reader #1 for port 42217
2019-10-21 04:28:43,922 [main] INFO  ipc.CallQueueManager (CallQueueManager.java:<init>(84)) - Using callQueue: class java.util.concurrent.LinkedBlockingQueue, queueCapacity: 2000, scheduler: class org.apache.hadoop.ipc.DefaultRpcScheduler, ipcBackoff: false.
2019-10-21 04:28:43,923 [Socket Reader #1 for port 46344] INFO  ipc.Server (Server.java:run(1074)) - Starting Socket Reader #1 for port 46344
2019-10-21 04:28:43,931 [main] INFO  ipc.CallQueueManager (CallQueueManager.java:<init>(84)) - Using callQueue: class java.util.concurrent.LinkedBlockingQueue, queueCapacity: 2000, scheduler: class org.apache.hadoop.ipc.DefaultRpcScheduler, ipcBackoff: false.
2019-10-21 04:28:43,932 [Socket Reader #1 for port 37400] INFO  ipc.Server (Server.java:run(1074)) - Starting Socket Reader #1 for port 37400
2019-10-21 04:28:43,954 [main] INFO  hdfs.DFSUtil (DFSUtil.java:httpServerTemplateForNNAndJN(1641)) - Starting Web-server for scm at: http://0.0.0.0:0
2019-10-21 04:28:44,126 [main] INFO  server.AuthenticationFilter (AuthenticationFilter.java:constructSecretProvider(240)) - Unable to initialize FileSignerSecretProvider, falling back to use random secrets.
2019-10-21 04:28:44,135 [main] WARN  http.HttpRequestLog (HttpRequestLog.java:getRequestLog(97)) - Jetty request log can only be enabled using Log4j
2019-10-21 04:28:44,144 [main] INFO  http.HttpServer2 (HttpServer2.java:addGlobalFilter(975)) - Added global filter 'safety' (class=org.apache.hadoop.http.HttpServer2$QuotingInputFilter)
2019-10-21 04:28:44,147 [main] INFO  http.HttpServer2 (HttpServer2.java:addFilter(948)) - Added filter static_user_filter (class=org.apache.hadoop.http.lib.StaticUserWebFilter$StaticUserFilter) to context scm
2019-10-21 04:28:44,147 [main] INFO  http.HttpServer2 (HttpServer2.java:addFilter(958)) - Added filter static_user_filter (class=org.apache.hadoop.http.lib.StaticUserWebFilter$StaticUserFilter) to context static
2019-10-21 04:28:44,147 [main] INFO  http.HttpServer2 (HttpServer2.java:addFilter(958)) - Added filter static_user_filter (class=org.apache.hadoop.http.lib.StaticUserWebFilter$StaticUserFilter) to context logs
2019-10-21 04:28:44,184 [main] INFO  server.StorageContainerManager (StorageContainerManager.java:start(772)) - StorageContainerLocationProtocol RPC server is listening at /0.0.0.0:37400
2019-10-21 04:28:44,251 [main] WARN  impl.MetricsConfig (MetricsConfig.java:loadFirst(134)) - Cannot locate configuration: tried hadoop-metrics2-storagecontainermanager.properties,hadoop-metrics2.properties
2019-10-21 04:28:44,264 [main] INFO  impl.MetricsSystemImpl (MetricsSystemImpl.java:startTimer(374)) - Scheduled Metric snapshot period at 10 second(s).
2019-10-21 04:28:44,264 [main] INFO  impl.MetricsSystemImpl (MetricsSystemImpl.java:start(191)) - StorageContainerManager metrics system started
2019-10-21 04:28:44,488 [main] INFO  server.SCMClientProtocolServer (SCMClientProtocolServer.java:start(159)) - RPC server for Client  is listening at /0.0.0.0:37400
2019-10-21 04:28:44,489 [IPC Server Responder] INFO  ipc.Server (Server.java:run(1314)) - IPC Server Responder: starting
2019-10-21 04:28:44,489 [IPC Server listener on 37400] INFO  ipc.Server (Server.java:run(1153)) - IPC Server listener on 37400: starting
2019-10-21 04:28:44,492 [main] INFO  server.StorageContainerManager (StorageContainerManager.java:start(782)) - ScmBlockLocationProtocol RPC server is listening at /0.0.0.0:46344
2019-10-21 04:28:44,493 [main] INFO  server.SCMBlockProtocolServer (SCMBlockProtocolServer.java:start(146)) - RPC server for Block Protocol is listening at /0.0.0.0:46344
2019-10-21 04:28:44,493 [IPC Server Responder] INFO  ipc.Server (Server.java:run(1314)) - IPC Server Responder: starting
2019-10-21 04:28:44,493 [IPC Server listener on 46344] INFO  ipc.Server (Server.java:run(1153)) - IPC Server listener on 46344: starting
2019-10-21 04:28:44,495 [main] INFO  server.StorageContainerManager (StorageContainerManager.java:start(786)) - ScmDatanodeProtocl RPC server is listening at /0.0.0.0:42217
2019-10-21 04:28:44,496 [main] INFO  server.SCMDatanodeProtocolServer (SCMDatanodeProtocolServer.java:start(169)) - RPC server for DataNodes is listening at /0.0.0.0:42217
2019-10-21 04:28:44,496 [IPC Server Responder] INFO  ipc.Server (Server.java:run(1314)) - IPC Server Responder: starting
2019-10-21 04:28:44,496 [IPC Server listener on 42217] INFO  ipc.Server (Server.java:run(1153)) - IPC Server listener on 42217: starting
2019-10-21 04:28:44,500 [main] INFO  http.HttpServer2 (HttpServer2.java:bindListener(1191)) - Jetty bound to port 42566
2019-10-21 04:28:44,502 [main] INFO  server.Server (Server.java:doStart(351)) - jetty-9.3.25.v20180904, build timestamp: 2018-09-04T21:11:46Z, git hash: 3ce520221d0240229c862b122d2b06c12a625732
2019-10-21 04:28:44,537 [main] INFO  handler.ContextHandler (ContextHandler.java:doStart(781)) - Started o.e.j.s.ServletContextHandler@65fe9e33{/logs,file:///workdir/hadoop-ozone/integration-test/target/log,AVAILABLE}
2019-10-21 04:28:44,538 [main] INFO  handler.ContextHandler (ContextHandler.java:doStart(781)) - Started o.e.j.s.ServletContextHandler@42f8285e{/static,file:///workdir/hadoop-ozone/integration-test/target/test-classes/webapps/static,AVAILABLE}
2019-10-21 04:28:44,569 [main] INFO  handler.ContextHandler (ContextHandler.java:doStart(781)) - Started o.e.j.w.WebAppContext@3d6300e8{/,file:///workdir/hadoop-ozone/integration-test/target/test-classes/webapps/scm/,AVAILABLE}{/scm}
2019-10-21 04:28:44,575 [main] INFO  server.AbstractConnector (AbstractConnector.java:doStart(278)) - Started ServerConnector@3af4e0bf{HTTP/1.1,[http/1.1]}{0.0.0.0:42566}
2019-10-21 04:28:44,575 [main] INFO  server.Server (Server.java:doStart(419)) - Started @3007ms
2019-10-21 04:28:44,577 [main] INFO  impl.MetricsSinkAdapter (MetricsSinkAdapter.java:start(204)) - Sink prometheus started
2019-10-21 04:28:44,577 [main] INFO  impl.MetricsSystemImpl (MetricsSystemImpl.java:registerSink(301)) - Registered sink prometheus
2019-10-21 04:28:44,579 [main] INFO  server.BaseHttpServer (BaseHttpServer.java:updateConnectorAddress(215)) - HTTP server of SCM is listening at http://0.0.0.0:42566
2019-10-21 04:28:44,584 [org.apache.hadoop.util.JvmPauseMonitor$Monitor@1a2e2935] INFO  util.JvmPauseMonitor (JvmPauseMonitor.java:run(188)) - Starting JVM pause monitor
2019-10-21 04:28:44,587 [main] WARN  server.ServerUtils (ServerUtils.java:getDBPath(222)) - ozone.om.db.dirs is not configured. We recommend adding this setting. Falling back to ozone.metadata.dirs instead.
2019-10-21 04:28:44,709 [main] INFO  ha.OMHANodeDetails (OMHANodeDetails.java:loadOMHAConfig(190)) - Configuration either no ozone.om.address set. Falling back to the default OM address /127.0.0.1:0
2019-10-21 04:28:44,709 [main] INFO  ha.OMHANodeDetails (OMHANodeDetails.java:getOMNodeDetails(220)) - OM Service ID is not set. Setting it to the default ID: omServiceIdDefault
2019-10-21 04:28:44,711 [main] WARN  server.ServerUtils (ServerUtils.java:getDBPath(222)) - ozone.om.db.dirs is not configured. We recommend adding this setting. Falling back to ozone.metadata.dirs instead.
2019-10-21 04:28:44,712 [main] WARN  server.ServerUtils (ServerUtils.java:getDBPath(222)) - ozone.om.db.dirs is not configured. We recommend adding this setting. Falling back to ozone.metadata.dirs instead.
2019-10-21 04:28:45,333 [main] WARN  server.ServerUtils (ServerUtils.java:getDBPath(222)) - ozone.om.db.dirs is not configured. We recommend adding this setting. Falling back to ozone.metadata.dirs instead.
2019-10-21 04:28:45,343 [main] INFO  db.DBStoreBuilder (DBStoreBuilder.java:addTable(117)) - using custom profile for table: userTable
2019-10-21 04:28:45,344 [main] INFO  db.DBStoreBuilder (DBStoreBuilder.java:processTables(168)) - Using default column profile:DBProfile.DISK for Table:userTable
2019-10-21 04:28:45,344 [main] INFO  db.DBStoreBuilder (DBStoreBuilder.java:addTable(117)) - using custom profile for table: volumeTable
2019-10-21 04:28:45,344 [main] INFO  db.DBStoreBuilder (DBStoreBuilder.java:processTables(168)) - Using default column profile:DBProfile.DISK for Table:volumeTable
2019-10-21 04:28:45,344 [main] INFO  db.DBStoreBuilder (DBStoreBuilder.java:addTable(117)) - using custom profile for table: bucketTable
2019-10-21 04:28:45,345 [main] INFO  db.DBStoreBuilder (DBStoreBuilder.java:processTables(168)) - Using default column profile:DBProfile.DISK for Table:bucketTable
2019-10-21 04:28:45,345 [main] INFO  db.DBStoreBuilder (DBStoreBuilder.java:addTable(117)) - using custom profile for table: keyTable
2019-10-21 04:28:45,345 [main] INFO  db.DBStoreBuilder (DBStoreBuilder.java:processTables(168)) - Using default column profile:DBProfile.DISK for Table:keyTable
2019-10-21 04:28:45,346 [main] INFO  db.DBStoreBuilder (DBStoreBuilder.java:addTable(117)) - using custom profile for table: deletedTable
2019-10-21 04:28:45,346 [main] INFO  db.DBStoreBuilder (DBStoreBuilder.java:processTables(168)) - Using default column profile:DBProfile.DISK for Table:deletedTable
2019-10-21 04:28:45,347 [main] INFO  db.DBStoreBuilder (DBStoreBuilder.java:addTable(117)) - using custom profile for table: openKeyTable
2019-10-21 04:28:45,347 [main] INFO  db.DBStoreBuilder (DBStoreBuilder.java:processTables(168)) - Using default column profile:DBProfile.DISK for Table:openKeyTable
2019-10-21 04:28:45,347 [main] INFO  db.DBStoreBuilder (DBStoreBuilder.java:addTable(117)) - using custom profile for table: s3Table
2019-10-21 04:28:45,347 [main] INFO  db.DBStoreBuilder (DBStoreBuilder.java:processTables(168)) - Using default column profile:DBProfile.DISK for Table:s3Table
2019-10-21 04:28:45,348 [main] INFO  db.DBStoreBuilder (DBStoreBuilder.java:addTable(117)) - using custom profile for table: multipartInfoTable
2019-10-21 04:28:45,348 [main] INFO  db.DBStoreBuilder (DBStoreBuilder.java:processTables(168)) - Using default column profile:DBProfile.DISK for Table:multipartInfoTable
2019-10-21 04:28:45,349 [main] INFO  db.DBStoreBuilder (DBStoreBuilder.java:addTable(117)) - using custom profile for table: dTokenTable
2019-10-21 04:28:45,349 [main] INFO  db.DBStoreBuilder (DBStoreBuilder.java:processTables(168)) - Using default column profile:DBProfile.DISK for Table:dTokenTable
2019-10-21 04:28:45,349 [main] INFO  db.DBStoreBuilder (DBStoreBuilder.java:addTable(117)) - using custom profile for table: s3SecretTable
2019-10-21 04:28:45,350 [main] INFO  db.DBStoreBuilder (DBStoreBuilder.java:processTables(168)) - Using default column profile:DBProfile.DISK for Table:s3SecretTable
2019-10-21 04:28:45,350 [main] INFO  db.DBStoreBuilder (DBStoreBuilder.java:addTable(117)) - using custom profile for table: prefixTable
2019-10-21 04:28:45,350 [main] INFO  db.DBStoreBuilder (DBStoreBuilder.java:processTables(168)) - Using default column profile:DBProfile.DISK for Table:prefixTable
2019-10-21 04:28:45,351 [main] INFO  db.DBStoreBuilder (DBStoreBuilder.java:addTable(117)) - using custom profile for table: default
2019-10-21 04:28:45,351 [main] INFO  db.DBStoreBuilder (DBStoreBuilder.java:processTables(174)) - Using default column profile:DBProfile.DISK for Table:default
2019-10-21 04:28:45,351 [main] INFO  db.DBStoreBuilder (DBStoreBuilder.java:getDbProfile(205)) - Using default options. DBProfile.DISK
2019-10-21 04:28:46,870 [main] INFO  ipc.CallQueueManager (CallQueueManager.java:<init>(84)) - Using callQueue: class java.util.concurrent.LinkedBlockingQueue, queueCapacity: 2000, scheduler: class org.apache.hadoop.ipc.DefaultRpcScheduler, ipcBackoff: false.
2019-10-21 04:28:46,872 [Socket Reader #1 for port 37557] INFO  ipc.Server (Server.java:run(1074)) - Starting Socket Reader #1 for port 37557
2019-10-21 04:28:46,905 [main] INFO  om.OzoneManager (OzoneManager.java:start(1074)) - OzoneManager RPC server is listening at localhost/127.0.0.1:37557
2019-10-21 04:28:46,906 [main] INFO  impl.MetricsSystemImpl (MetricsSystemImpl.java:init(158)) - OzoneManager metrics system started (again)
2019-10-21 04:28:46,918 [IPC Server listener on 37557] INFO  ipc.Server (Server.java:run(1153)) - IPC Server listener on 37557: starting
2019-10-21 04:28:46,918 [IPC Server Responder] INFO  ipc.Server (Server.java:run(1314)) - IPC Server Responder: starting
2019-10-21 04:28:46,926 [main] INFO  hdfs.DFSUtil (DFSUtil.java:httpServerTemplateForNNAndJN(1641)) - Starting Web-server for ozoneManager at: http://0.0.0.0:0
2019-10-21 04:28:46,928 [main] INFO  server.AuthenticationFilter (AuthenticationFilter.java:constructSecretProvider(240)) - Unable to initialize FileSignerSecretProvider, falling back to use random secrets.
2019-10-21 04:28:46,929 [main] WARN  http.HttpRequestLog (HttpRequestLog.java:getRequestLog(97)) - Jetty request log can only be enabled using Log4j
2019-10-21 04:28:46,932 [main] INFO  http.HttpServer2 (HttpServer2.java:addGlobalFilter(975)) - Added global filter 'safety' (class=org.apache.hadoop.http.HttpServer2$QuotingInputFilter)
2019-10-21 04:28:46,933 [main] INFO  http.HttpServer2 (HttpServer2.java:addFilter(948)) - Added filter static_user_filter (class=org.apache.hadoop.http.lib.StaticUserWebFilter$StaticUserFilter) to context ozoneManager
2019-10-21 04:28:46,934 [main] INFO  http.HttpServer2 (HttpServer2.java:addFilter(958)) - Added filter static_user_filter (class=org.apache.hadoop.http.lib.StaticUserWebFilter$StaticUserFilter) to context static
2019-10-21 04:28:46,934 [main] INFO  http.HttpServer2 (HttpServer2.java:addFilter(958)) - Added filter static_user_filter (class=org.apache.hadoop.http.lib.StaticUserWebFilter$StaticUserFilter) to context logs
2019-10-21 04:28:46,937 [main] INFO  http.HttpServer2 (HttpServer2.java:bindListener(1191)) - Jetty bound to port 43301
2019-10-21 04:28:46,937 [main] INFO  server.Server (Server.java:doStart(351)) - jetty-9.3.25.v20180904, build timestamp: 2018-09-04T21:11:46Z, git hash: 3ce520221d0240229c862b122d2b06c12a625732
2019-10-21 04:28:46,941 [main] INFO  handler.ContextHandler (ContextHandler.java:doStart(781)) - Started o.e.j.s.ServletContextHandler@368d5c00{/logs,file:///workdir/hadoop-ozone/integration-test/target/log,AVAILABLE}
2019-10-21 04:28:46,941 [main] INFO  handler.ContextHandler (ContextHandler.java:doStart(781)) - Started o.e.j.s.ServletContextHandler@aa10649{/static,file:///workdir/hadoop-ozone/integration-test/target/test-classes/webapps/static,AVAILABLE}
2019-10-21 04:28:46,949 [main] INFO  handler.ContextHandler (ContextHandler.java:doStart(781)) - Started o.e.j.w.WebAppContext@41aaedaa{/,file:///workdir/hadoop-ozone/integration-test/target/test-classes/webapps/ozoneManager/,AVAILABLE}{/ozoneManager}
2019-10-21 04:28:46,950 [main] INFO  server.AbstractConnector (AbstractConnector.java:doStart(278)) - Started ServerConnector@303a5119{HTTP/1.1,[http/1.1]}{0.0.0.0:43301}
2019-10-21 04:28:46,950 [main] INFO  server.Server (Server.java:doStart(419)) - Started @5381ms
2019-10-21 04:28:46,950 [main] WARN  impl.MetricsSystemImpl (MetricsSystemImpl.java:register(276)) - Sink prometheus already exists!
2019-10-21 04:28:46,952 [main] INFO  server.BaseHttpServer (BaseHttpServer.java:updateConnectorAddress(215)) - HTTP server of OZONEMANAGER is listening at http://0.0.0.0:43301
2019-10-21 04:28:47,207 [main] INFO  impl.MetricsSystemImpl (MetricsSystemImpl.java:init(158)) - HddsDatanode metrics system started (again)
2019-10-21 04:28:47,262 [main] INFO  ozone.HddsDatanodeService (HddsDatanodeService.java:start(184)) - HddsDatanodeService host:trunk-nightly-20191021-4s9dg-2799068384 ip:192.168.34.41
2019-10-21 04:28:47,306 [main] INFO  volume.HddsVolume (HddsVolume.java:<init>(176)) - Creating Volume: /workdir/hadoop-ozone/integration-test/target/test-dir/MiniOzoneClusterImpl-50bd132f-794a-46b6-9d96-2578473f4a2b/datanode-0/data/containers/hdds of  storage type : DISK and capacity : 1482555576320
2019-10-21 04:28:47,308 [main] INFO  volume.VolumeSet (VolumeSet.java:initializeVolumeSet(170)) - Added Volume : /workdir/hadoop-ozone/integration-test/target/test-dir/MiniOzoneClusterImpl-50bd132f-794a-46b6-9d96-2578473f4a2b/datanode-0/data/containers/hdds to VolumeSet
2019-10-21 04:28:47,312 [main] INFO  volume.ThrottledAsyncChecker (ThrottledAsyncChecker.java:schedule(141)) - Scheduling a check for /workdir/hadoop-ozone/integration-test/target/test-dir/MiniOzoneClusterImpl-50bd132f-794a-46b6-9d96-2578473f4a2b/datanode-0/data/containers/hdds
2019-10-21 04:28:47,332 [main] INFO  volume.HddsVolumeChecker (HddsVolumeChecker.java:checkAllVolumes(204)) - Scheduled health check for volume /workdir/hadoop-ozone/integration-test/target/test-dir/MiniOzoneClusterImpl-50bd132f-794a-46b6-9d96-2578473f4a2b/datanode-0/data/containers/hdds
2019-10-21 04:28:47,454 [main] INFO  impl.RaftServerProxy (ConfUtils.java:logGet(43)) - raft.rpc.type = GRPC (default)
2019-10-21 04:28:47,527 [main] INFO  grpc.GrpcFactory (GrpcFactory.java:checkPooledByteBufAllocatorUseCacheForAllThreads(45)) - PERFORMANCE WARNING: useCacheForAllThreads is true that may cause Netty to create a lot garbage objects and, as a result, trigger GC.
	It is recommended to disable useCacheForAllThreads by setting -Dorg.apache.ratis.thirdparty.io.netty.allocator.useCacheForAllThreads=false in command line.
2019-10-21 04:28:47,536 [main] INFO  grpc.GrpcConfigKeys$Server (ConfUtils.java:logGet(43)) - raft.grpc.server.port = 0 (default)
2019-10-21 04:28:47,537 [main] INFO  server.GrpcService (ConfUtils.java:logGet(43)) - raft.grpc.message.size.max = 33570816 (custom)
2019-10-21 04:28:47,539 [main] INFO  server.RaftServerConfigKeys (ConfUtils.java:logGet(43)) - raft.server.log.appender.buffer.byte-limit = 33554432 (custom)
2019-10-21 04:28:47,540 [main] INFO  server.GrpcService (ConfUtils.java:logGet(43)) - raft.grpc.flow.control.window = 1MB (=1048576) (default)
2019-10-21 04:28:47,541 [main] INFO  server.RaftServerConfigKeys (ConfUtils.java:logGet(43)) - raft.server.rpc.request.timeout = 3000ms (default)
2019-10-21 04:28:47,690 [main] INFO  server.RaftServerConfigKeys (ConfUtils.java:logGet(43)) - raft.server.storage.dir = [/workdir/hadoop-ozone/integration-test/target/test-dir/MiniOzoneClusterImpl-50bd132f-794a-46b6-9d96-2578473f4a2b/datanode-0/data/ratis] (custom)
2019-10-21 04:28:47,733 [main] INFO  hdfs.DFSUtil (DFSUtil.java:httpServerTemplateForNNAndJN(1641)) - Starting Web-server for hddsDatanode at: http://0.0.0.0:0
2019-10-21 04:28:47,736 [main] INFO  server.AuthenticationFilter (AuthenticationFilter.java:constructSecretProvider(240)) - Unable to initialize FileSignerSecretProvider, falling back to use random secrets.
2019-10-21 04:28:47,737 [main] WARN  http.HttpRequestLog (HttpRequestLog.java:getRequestLog(97)) - Jetty request log can only be enabled using Log4j
2019-10-21 04:28:47,740 [main] INFO  http.HttpServer2 (HttpServer2.java:addGlobalFilter(975)) - Added global filter 'safety' (class=org.apache.hadoop.http.HttpServer2$QuotingInputFilter)
2019-10-21 04:28:47,741 [main] INFO  http.HttpServer2 (HttpServer2.java:addFilter(948)) - Added filter static_user_filter (class=org.apache.hadoop.http.lib.StaticUserWebFilter$StaticUserFilter) to context hddsDatanode
2019-10-21 04:28:47,741 [main] INFO  http.HttpServer2 (HttpServer2.java:addFilter(958)) - Added filter static_user_filter (class=org.apache.hadoop.http.lib.StaticUserWebFilter$StaticUserFilter) to context static
2019-10-21 04:28:47,741 [main] INFO  http.HttpServer2 (HttpServer2.java:addFilter(958)) - Added filter static_user_filter (class=org.apache.hadoop.http.lib.StaticUserWebFilter$StaticUserFilter) to context logs
2019-10-21 04:28:47,743 [main] INFO  http.HttpServer2 (HttpServer2.java:bindListener(1191)) - Jetty bound to port 33322
2019-10-21 04:28:47,743 [main] INFO  server.Server (Server.java:doStart(351)) - jetty-9.3.25.v20180904, build timestamp: 2018-09-04T21:11:46Z, git hash: 3ce520221d0240229c862b122d2b06c12a625732
2019-10-21 04:28:47,747 [main] INFO  handler.ContextHandler (ContextHandler.java:doStart(781)) - Started o.e.j.s.ServletContextHandler@46185a1b{/logs,file:///workdir/hadoop-ozone/integration-test/target/log,AVAILABLE}
2019-10-21 04:28:47,748 [main] INFO  handler.ContextHandler (ContextHandler.java:doStart(781)) - Started o.e.j.s.ServletContextHandler@60cf62ad{/static,jar:file:/home/user/.m2/repository/org/apache/hadoop/hadoop-hdds-container-service/0.5.0-SNAPSHOT/hadoop-hdds-container-service-0.5.0-SNAPSHOT.jar!/webapps/static,AVAILABLE}
2019-10-21 04:28:47,796 [main] INFO  handler.ContextHandler (ContextHandler.java:doStart(781)) - Started o.e.j.w.WebAppContext@1aabf50d{/,file:///tmp/jetty-0.0.0.0-33322-hddsDatanode-_-any-8068830888151755948.dir/webapp/,AVAILABLE}{/hddsDatanode}
2019-10-21 04:28:47,796 [main] INFO  server.AbstractConnector (AbstractConnector.java:doStart(278)) - Started ServerConnector@73c9e8e8{HTTP/1.1,[http/1.1]}{0.0.0.0:33322}
2019-10-21 04:28:47,797 [main] INFO  server.Server (Server.java:doStart(419)) - Started @6229ms
2019-10-21 04:28:47,798 [main] WARN  impl.MetricsSystemImpl (MetricsSystemImpl.java:register(276)) - Sink prometheus already exists!
2019-10-21 04:28:47,799 [main] INFO  server.BaseHttpServer (BaseHttpServer.java:updateConnectorAddress(215)) - HTTP server of HDDSDATANODE is listening at http://0.0.0.0:33322
2019-10-21 04:28:47,800 [main] INFO  impl.MetricsSystemImpl (MetricsSystemImpl.java:init(158)) - HddsDatanode metrics system started (again)
2019-10-21 04:28:47,803 [main] INFO  ozone.HddsDatanodeService (HddsDatanodeService.java:start(184)) - HddsDatanodeService host:trunk-nightly-20191021-4s9dg-2799068384 ip:192.168.34.41
2019-10-21 04:28:47,806 [org.apache.hadoop.util.JvmPauseMonitor$Monitor@79d75536] INFO  util.JvmPauseMonitor (JvmPauseMonitor.java:run(188)) - Starting JVM pause monitor
2019-10-21 04:28:47,812 [main] INFO  volume.HddsVolume (HddsVolume.java:<init>(176)) - Creating Volume: /workdir/hadoop-ozone/integration-test/target/test-dir/MiniOzoneClusterImpl-50bd132f-794a-46b6-9d96-2578473f4a2b/datanode-1/data/containers/hdds of  storage type : DISK and capacity : 1482555576320
2019-10-21 04:28:47,813 [main] INFO  volume.VolumeSet (VolumeSet.java:initializeVolumeSet(170)) - Added Volume : /workdir/hadoop-ozone/integration-test/target/test-dir/MiniOzoneClusterImpl-50bd132f-794a-46b6-9d96-2578473f4a2b/datanode-1/data/containers/hdds to VolumeSet
2019-10-21 04:28:47,813 [main] INFO  volume.ThrottledAsyncChecker (ThrottledAsyncChecker.java:schedule(141)) - Scheduling a check for /workdir/hadoop-ozone/integration-test/target/test-dir/MiniOzoneClusterImpl-50bd132f-794a-46b6-9d96-2578473f4a2b/datanode-1/data/containers/hdds
2019-10-21 04:28:47,814 [main] INFO  volume.HddsVolumeChecker (HddsVolumeChecker.java:checkAllVolumes(204)) - Scheduled health check for volume /workdir/hadoop-ozone/integration-test/target/test-dir/MiniOzoneClusterImpl-50bd132f-794a-46b6-9d96-2578473f4a2b/datanode-1/data/containers/hdds
2019-10-21 04:28:47,828 [main] INFO  impl.RaftServerProxy (ConfUtils.java:logGet(43)) - raft.rpc.type = GRPC (default)
2019-10-21 04:28:47,829 [main] INFO  grpc.GrpcFactory (GrpcFactory.java:checkPooledByteBufAllocatorUseCacheForAllThreads(45)) - PERFORMANCE WARNING: useCacheForAllThreads is true that may cause Netty to create a lot garbage objects and, as a result, trigger GC.
	It is recommended to disable useCacheForAllThreads by setting -Dorg.apache.ratis.thirdparty.io.netty.allocator.useCacheForAllThreads=false in command line.
2019-10-21 04:28:47,829 [main] INFO  grpc.GrpcConfigKeys$Server (ConfUtils.java:logGet(43)) - raft.grpc.server.port = 0 (default)
2019-10-21 04:28:47,829 [main] INFO  server.GrpcService (ConfUtils.java:logGet(43)) - raft.grpc.message.size.max = 33570816 (custom)
2019-10-21 04:28:47,829 [main] INFO  server.RaftServerConfigKeys (ConfUtils.java:logGet(43)) - raft.server.log.appender.buffer.byte-limit = 33554432 (custom)
2019-10-21 04:28:47,830 [main] INFO  server.GrpcService (ConfUtils.java:logGet(43)) - raft.grpc.flow.control.window = 1MB (=1048576) (default)
2019-10-21 04:28:47,830 [main] INFO  server.RaftServerConfigKeys (ConfUtils.java:logGet(43)) - raft.server.rpc.request.timeout = 3000ms (default)
2019-10-21 04:28:47,830 [main] INFO  server.RaftServerConfigKeys (ConfUtils.java:logGet(43)) - raft.server.storage.dir = [/workdir/hadoop-ozone/integration-test/target/test-dir/MiniOzoneClusterImpl-50bd132f-794a-46b6-9d96-2578473f4a2b/datanode-1/data/ratis] (custom)
2019-10-21 04:28:47,832 [main] INFO  hdfs.DFSUtil (DFSUtil.java:httpServerTemplateForNNAndJN(1641)) - Starting Web-server for hddsDatanode at: http://0.0.0.0:0
2019-10-21 04:28:47,834 [main] INFO  server.AuthenticationFilter (AuthenticationFilter.java:constructSecretProvider(240)) - Unable to initialize FileSignerSecretProvider, falling back to use random secrets.
2019-10-21 04:28:47,834 [main] WARN  http.HttpRequestLog (HttpRequestLog.java:getRequestLog(97)) - Jetty request log can only be enabled using Log4j
2019-10-21 04:28:47,836 [main] INFO  http.HttpServer2 (HttpServer2.java:addGlobalFilter(975)) - Added global filter 'safety' (class=org.apache.hadoop.http.HttpServer2$QuotingInputFilter)
2019-10-21 04:28:47,836 [main] INFO  http.HttpServer2 (HttpServer2.java:addFilter(948)) - Added filter static_user_filter (class=org.apache.hadoop.http.lib.StaticUserWebFilter$StaticUserFilter) to context hddsDatanode
2019-10-21 04:28:47,837 [main] INFO  http.HttpServer2 (HttpServer2.java:addFilter(958)) - Added filter static_user_filter (class=org.apache.hadoop.http.lib.StaticUserWebFilter$StaticUserFilter) to context logs
2019-10-21 04:28:47,837 [main] INFO  http.HttpServer2 (HttpServer2.java:addFilter(958)) - Added filter static_user_filter (class=org.apache.hadoop.http.lib.StaticUserWebFilter$StaticUserFilter) to context static
2019-10-21 04:28:47,837 [main] INFO  http.HttpServer2 (HttpServer2.java:bindListener(1191)) - Jetty bound to port 44195
2019-10-21 04:28:47,838 [main] INFO  server.Server (Server.java:doStart(351)) - jetty-9.3.25.v20180904, build timestamp: 2018-09-04T21:11:46Z, git hash: 3ce520221d0240229c862b122d2b06c12a625732
2019-10-21 04:28:47,841 [main] INFO  handler.ContextHandler (ContextHandler.java:doStart(781)) - Started o.e.j.s.ServletContextHandler@761e788f{/logs,file:///workdir/hadoop-ozone/integration-test/target/log,AVAILABLE}
2019-10-21 04:28:47,841 [main] INFO  handler.ContextHandler (ContextHandler.java:doStart(781)) - Started o.e.j.s.ServletContextHandler@1907874b{/static,jar:file:/home/user/.m2/repository/org/apache/hadoop/hadoop-hdds-container-service/0.5.0-SNAPSHOT/hadoop-hdds-container-service-0.5.0-SNAPSHOT.jar!/webapps/static,AVAILABLE}
2019-10-21 04:28:47,880 [main] INFO  handler.ContextHandler (ContextHandler.java:doStart(781)) - Started o.e.j.w.WebAppContext@22587507{/,file:///tmp/jetty-0.0.0.0-44195-hddsDatanode-_-any-8028959017203650275.dir/webapp/,AVAILABLE}{/hddsDatanode}
2019-10-21 04:28:47,882 [main] INFO  server.AbstractConnector (AbstractConnector.java:doStart(278)) - Started ServerConnector@5c77ba8f{HTTP/1.1,[http/1.1]}{0.0.0.0:44195}
2019-10-21 04:28:47,883 [main] INFO  server.Server (Server.java:doStart(419)) - Started @6314ms
2019-10-21 04:28:47,883 [main] WARN  impl.MetricsSystemImpl (MetricsSystemImpl.java:register(276)) - Sink prometheus already exists!
2019-10-21 04:28:47,884 [main] INFO  server.BaseHttpServer (BaseHttpServer.java:updateConnectorAddress(215)) - HTTP server of HDDSDATANODE is listening at http://0.0.0.0:44195
2019-10-21 04:28:47,884 [main] INFO  impl.MetricsSystemImpl (MetricsSystemImpl.java:init(158)) - HddsDatanode metrics system started (again)
2019-10-21 04:28:47,887 [org.apache.hadoop.util.JvmPauseMonitor$Monitor@2479782b] INFO  util.JvmPauseMonitor (JvmPauseMonitor.java:run(188)) - Starting JVM pause monitor
2019-10-21 04:28:47,887 [main] INFO  ozone.HddsDatanodeService (HddsDatanodeService.java:start(184)) - HddsDatanodeService host:trunk-nightly-20191021-4s9dg-2799068384 ip:192.168.34.41
2019-10-21 04:28:47,896 [main] INFO  volume.HddsVolume (HddsVolume.java:<init>(176)) - Creating Volume: /workdir/hadoop-ozone/integration-test/target/test-dir/MiniOzoneClusterImpl-50bd132f-794a-46b6-9d96-2578473f4a2b/datanode-2/data/containers/hdds of  storage type : DISK and capacity : 1482555576320
2019-10-21 04:28:47,896 [main] INFO  volume.VolumeSet (VolumeSet.java:initializeVolumeSet(170)) - Added Volume : /workdir/hadoop-ozone/integration-test/target/test-dir/MiniOzoneClusterImpl-50bd132f-794a-46b6-9d96-2578473f4a2b/datanode-2/data/containers/hdds to VolumeSet
2019-10-21 04:28:47,897 [main] INFO  volume.ThrottledAsyncChecker (ThrottledAsyncChecker.java:schedule(141)) - Scheduling a check for /workdir/hadoop-ozone/integration-test/target/test-dir/MiniOzoneClusterImpl-50bd132f-794a-46b6-9d96-2578473f4a2b/datanode-2/data/containers/hdds
2019-10-21 04:28:47,897 [main] INFO  volume.HddsVolumeChecker (HddsVolumeChecker.java:checkAllVolumes(204)) - Scheduled health check for volume /workdir/hadoop-ozone/integration-test/target/test-dir/MiniOzoneClusterImpl-50bd132f-794a-46b6-9d96-2578473f4a2b/datanode-2/data/containers/hdds
2019-10-21 04:28:47,914 [main] INFO  impl.RaftServerProxy (ConfUtils.java:logGet(43)) - raft.rpc.type = GRPC (default)
2019-10-21 04:28:47,914 [main] INFO  grpc.GrpcFactory (GrpcFactory.java:checkPooledByteBufAllocatorUseCacheForAllThreads(45)) - PERFORMANCE WARNING: useCacheForAllThreads is true that may cause Netty to create a lot garbage objects and, as a result, trigger GC.
	It is recommended to disable useCacheForAllThreads by setting -Dorg.apache.ratis.thirdparty.io.netty.allocator.useCacheForAllThreads=false in command line.
2019-10-21 04:28:47,914 [main] INFO  grpc.GrpcConfigKeys$Server (ConfUtils.java:logGet(43)) - raft.grpc.server.port = 0 (default)
2019-10-21 04:28:47,915 [main] INFO  server.GrpcService (ConfUtils.java:logGet(43)) - raft.grpc.message.size.max = 33570816 (custom)
2019-10-21 04:28:47,915 [main] INFO  server.RaftServerConfigKeys (ConfUtils.java:logGet(43)) - raft.server.log.appender.buffer.byte-limit = 33554432 (custom)
2019-10-21 04:28:47,915 [main] INFO  server.GrpcService (ConfUtils.java:logGet(43)) - raft.grpc.flow.control.window = 1MB (=1048576) (default)
2019-10-21 04:28:47,915 [main] INFO  server.RaftServerConfigKeys (ConfUtils.java:logGet(43)) - raft.server.rpc.request.timeout = 3000ms (default)
2019-10-21 04:28:47,916 [main] INFO  server.RaftServerConfigKeys (ConfUtils.java:logGet(43)) - raft.server.storage.dir = [/workdir/hadoop-ozone/integration-test/target/test-dir/MiniOzoneClusterImpl-50bd132f-794a-46b6-9d96-2578473f4a2b/datanode-2/data/ratis] (custom)
2019-10-21 04:28:47,918 [main] INFO  hdfs.DFSUtil (DFSUtil.java:httpServerTemplateForNNAndJN(1641)) - Starting Web-server for hddsDatanode at: http://0.0.0.0:0
2019-10-21 04:28:47,920 [main] INFO  server.AuthenticationFilter (AuthenticationFilter.java:constructSecretProvider(240)) - Unable to initialize FileSignerSecretProvider, falling back to use random secrets.
2019-10-21 04:28:47,920 [main] WARN  http.HttpRequestLog (HttpRequestLog.java:getRequestLog(97)) - Jetty request log can only be enabled using Log4j
2019-10-21 04:28:47,923 [main] INFO  http.HttpServer2 (HttpServer2.java:addGlobalFilter(975)) - Added global filter 'safety' (class=org.apache.hadoop.http.HttpServer2$QuotingInputFilter)
2019-10-21 04:28:47,924 [main] INFO  http.HttpServer2 (HttpServer2.java:addFilter(948)) - Added filter static_user_filter (class=org.apache.hadoop.http.lib.StaticUserWebFilter$StaticUserFilter) to context hddsDatanode
2019-10-21 04:28:47,924 [main] INFO  http.HttpServer2 (HttpServer2.java:addFilter(958)) - Added filter static_user_filter (class=org.apache.hadoop.http.lib.StaticUserWebFilter$StaticUserFilter) to context static
2019-10-21 04:28:47,924 [main] INFO  http.HttpServer2 (HttpServer2.java:addFilter(958)) - Added filter static_user_filter (class=org.apache.hadoop.http.lib.StaticUserWebFilter$StaticUserFilter) to context logs
2019-10-21 04:28:47,925 [main] INFO  http.HttpServer2 (HttpServer2.java:bindListener(1191)) - Jetty bound to port 37119
2019-10-21 04:28:47,925 [main] INFO  server.Server (Server.java:doStart(351)) - jetty-9.3.25.v20180904, build timestamp: 2018-09-04T21:11:46Z, git hash: 3ce520221d0240229c862b122d2b06c12a625732
2019-10-21 04:28:47,927 [main] INFO  handler.ContextHandler (ContextHandler.java:doStart(781)) - Started o.e.j.s.ServletContextHandler@6920614{/logs,file:///workdir/hadoop-ozone/integration-test/target/log,AVAILABLE}
2019-10-21 04:28:47,928 [main] INFO  handler.ContextHandler (ContextHandler.java:doStart(781)) - Started o.e.j.s.ServletContextHandler@5fa23c{/static,jar:file:/home/user/.m2/repository/org/apache/hadoop/hadoop-hdds-container-service/0.5.0-SNAPSHOT/hadoop-hdds-container-service-0.5.0-SNAPSHOT.jar!/webapps/static,AVAILABLE}
2019-10-21 04:28:47,956 [Datanode State Machine Thread - 0] INFO  datanode.InitDatanodeState (InitDatanodeState.java:persistContainerDatanodeDetails(140)) - DatanodeDetails is persisted to /workdir/hadoop-ozone/integration-test/target/test-dir/MiniOzoneClusterImpl-50bd132f-794a-46b6-9d96-2578473f4a2b/datanode-0/meta/datanode.id
2019-10-21 04:28:47,959 [Datanode State Machine Thread - 0] INFO  datanode.InitDatanodeState (InitDatanodeState.java:persistContainerDatanodeDetails(140)) - DatanodeDetails is persisted to /workdir/hadoop-ozone/integration-test/target/test-dir/MiniOzoneClusterImpl-50bd132f-794a-46b6-9d96-2578473f4a2b/datanode-1/meta/datanode.id
2019-10-21 04:28:47,961 [main] INFO  handler.ContextHandler (ContextHandler.java:doStart(781)) - Started o.e.j.w.WebAppContext@7a0e7ecd{/,file:///tmp/jetty-0.0.0.0-37119-hddsDatanode-_-any-7304800262168270720.dir/webapp/,AVAILABLE}{/hddsDatanode}
2019-10-21 04:28:47,962 [main] INFO  server.AbstractConnector (AbstractConnector.java:doStart(278)) - Started ServerConnector@54e3658c{HTTP/1.1,[http/1.1]}{0.0.0.0:37119}
2019-10-21 04:28:47,963 [main] INFO  server.Server (Server.java:doStart(419)) - Started @6394ms
2019-10-21 04:28:47,963 [main] WARN  impl.MetricsSystemImpl (MetricsSystemImpl.java:register(276)) - Sink prometheus already exists!
2019-10-21 04:28:47,964 [main] INFO  server.BaseHttpServer (BaseHttpServer.java:updateConnectorAddress(215)) - HTTP server of HDDSDATANODE is listening at http://0.0.0.0:37119
2019-10-21 04:28:47,966 [main] INFO  ozone.MiniOzoneClusterImpl (MiniOzoneClusterImpl.java:lambda$waitForClusterToBeReady$0(147)) - Waiting for cluster to be ready. Got 0 of 3 DN Heartbeats.
2019-10-21 04:28:47,967 [org.apache.hadoop.util.JvmPauseMonitor$Monitor@31194036] INFO  util.JvmPauseMonitor (JvmPauseMonitor.java:run(188)) - Starting JVM pause monitor
2019-10-21 04:28:47,969 [Datanode State Machine Thread - 0] INFO  datanode.InitDatanodeState (InitDatanodeState.java:persistContainerDatanodeDetails(140)) - DatanodeDetails is persisted to /workdir/hadoop-ozone/integration-test/target/test-dir/MiniOzoneClusterImpl-50bd132f-794a-46b6-9d96-2578473f4a2b/datanode-2/meta/datanode.id
2019-10-21 04:28:48,966 [main] INFO  ozone.MiniOzoneClusterImpl (MiniOzoneClusterImpl.java:lambda$waitForClusterToBeReady$0(147)) - Waiting for cluster to be ready. Got 0 of 3 DN Heartbeats.
2019-10-21 04:28:49,912 [Datanode State Machine Thread - 0] INFO  ozoneimpl.OzoneContainer (OzoneContainer.java:start(213)) - Attempting to start container services.
2019-10-21 04:28:49,913 [Datanode State Machine Thread - 0] INFO  ozoneimpl.OzoneContainer (OzoneContainer.java:start(213)) - Attempting to start container services.
2019-10-21 04:28:49,915 [Datanode State Machine Thread - 0] INFO  ozoneimpl.OzoneContainer (OzoneContainer.java:startContainerScrub(177)) - Background container scanner has been disabled.
2019-10-21 04:28:49,915 [Datanode State Machine Thread - 0] INFO  ozoneimpl.OzoneContainer (OzoneContainer.java:startContainerScrub(177)) - Background container scanner has been disabled.
2019-10-21 04:28:49,915 [Datanode State Machine Thread - 0] INFO  ratis.XceiverServerRatis (XceiverServerRatis.java:start(418)) - Starting XceiverServerRatis 641380fb-ae96-4755-94e0-fd776bdc090f at port 0
2019-10-21 04:28:49,915 [Datanode State Machine Thread - 0] INFO  ratis.XceiverServerRatis (XceiverServerRatis.java:start(418)) - Starting XceiverServerRatis dd1d24cd-1df3-4428-bf67-9b7dc9bd3e4c at port 0
2019-10-21 04:28:49,949 [Datanode State Machine Thread - 0] INFO  impl.RaftServerProxy (RaftServerProxy.java:lambda$start$3(299)) - dd1d24cd-1df3-4428-bf67-9b7dc9bd3e4c: start RPC server
2019-10-21 04:28:49,949 [Datanode State Machine Thread - 0] INFO  impl.RaftServerProxy (RaftServerProxy.java:lambda$start$3(299)) - 641380fb-ae96-4755-94e0-fd776bdc090f: start RPC server
2019-10-21 04:28:49,967 [main] INFO  ozone.MiniOzoneClusterImpl (MiniOzoneClusterImpl.java:lambda$waitForClusterToBeReady$0(147)) - Waiting for cluster to be ready. Got 0 of 3 DN Heartbeats.
2019-10-21 04:28:49,996 [Datanode State Machine Thread - 0] INFO  ozoneimpl.OzoneContainer (OzoneContainer.java:start(213)) - Attempting to start container services.
2019-10-21 04:28:50,001 [Datanode State Machine Thread - 0] INFO  ozoneimpl.OzoneContainer (OzoneContainer.java:startContainerScrub(177)) - Background container scanner has been disabled.
2019-10-21 04:28:50,001 [Datanode State Machine Thread - 0] INFO  ratis.XceiverServerRatis (XceiverServerRatis.java:start(418)) - Starting XceiverServerRatis f02da163-2c1f-4de2-ab71-b915d7d0ae78 at port 0
2019-10-21 04:28:50,011 [Datanode State Machine Thread - 0] INFO  impl.RaftServerProxy (RaftServerProxy.java:lambda$start$3(299)) - f02da163-2c1f-4de2-ab71-b915d7d0ae78: start RPC server
2019-10-21 04:28:50,095 [Datanode State Machine Thread - 0] INFO  server.GrpcService (GrpcService.java:startImpl(158)) - dd1d24cd-1df3-4428-bf67-9b7dc9bd3e4c: GrpcService started, listening on 0.0.0.0/0.0.0.0:45185
2019-10-21 04:28:50,095 [Datanode State Machine Thread - 0] INFO  server.GrpcService (GrpcService.java:startImpl(158)) - 641380fb-ae96-4755-94e0-fd776bdc090f: GrpcService started, listening on 0.0.0.0/0.0.0.0:39543
2019-10-21 04:28:50,095 [Datanode State Machine Thread - 0] INFO  server.GrpcService (GrpcService.java:startImpl(158)) - f02da163-2c1f-4de2-ab71-b915d7d0ae78: GrpcService started, listening on 0.0.0.0/0.0.0.0:39439
2019-10-21 04:28:50,096 [Datanode State Machine Thread - 0] INFO  ratis.XceiverServerRatis (XceiverServerRatis.java:start(428)) - XceiverServerRatis 641380fb-ae96-4755-94e0-fd776bdc090f is started using port 39543
2019-10-21 04:28:50,096 [Datanode State Machine Thread - 0] INFO  ratis.XceiverServerRatis (XceiverServerRatis.java:start(428)) - XceiverServerRatis dd1d24cd-1df3-4428-bf67-9b7dc9bd3e4c is started using port 45185
2019-10-21 04:28:50,097 [Datanode State Machine Thread - 0] INFO  ratis.XceiverServerRatis (XceiverServerRatis.java:start(428)) - XceiverServerRatis f02da163-2c1f-4de2-ab71-b915d7d0ae78 is started using port 39439
2019-10-21 04:28:50,101 [Datanode State Machine Thread - 0] INFO  server.XceiverServerGrpc (XceiverServerGrpc.java:start(149)) - XceiverServerGrpc f02da163-2c1f-4de2-ab71-b915d7d0ae78 is started using port 33649
2019-10-21 04:28:50,101 [Datanode State Machine Thread - 0] INFO  server.XceiverServerGrpc (XceiverServerGrpc.java:start(149)) - XceiverServerGrpc dd1d24cd-1df3-4428-bf67-9b7dc9bd3e4c is started using port 39742
2019-10-21 04:28:50,101 [Datanode State Machine Thread - 0] INFO  server.XceiverServerGrpc (XceiverServerGrpc.java:start(149)) - XceiverServerGrpc 641380fb-ae96-4755-94e0-fd776bdc090f is started using port 41321
2019-10-21 04:28:50,968 [main] INFO  ozone.MiniOzoneClusterImpl (MiniOzoneClusterImpl.java:lambda$waitForClusterToBeReady$0(147)) - Waiting for cluster to be ready. Got 0 of 3 DN Heartbeats.
2019-10-21 04:28:51,834 [IPC Server handler 0 on 42217] INFO  net.NetworkTopology (NetworkTopologyImpl.java:add(111)) - Added a new node: /default-rack/641380fb-ae96-4755-94e0-fd776bdc090f
2019-10-21 04:28:51,834 [IPC Server handler 0 on 42217] INFO  node.SCMNodeManager (SCMNodeManager.java:register(268)) - Registered Data node : 641380fb-ae96-4755-94e0-fd776bdc090f{ip: 192.168.34.41, host: trunk-nightly-20191021-4s9dg-2799068384, networkLocation: /default-rack, certSerialId: null}
2019-10-21 04:28:51,838 [EventQueue-NodeRegistrationContainerReportForDataNodeSafeModeRule] INFO  safemode.SCMSafeModeManager (DataNodeSafeModeRule.java:process(71)) - SCM in safe mode. 1 DataNodes registered, 1 required.
2019-10-21 04:28:51,839 [EventQueue-NodeRegistrationContainerReportForDataNodeSafeModeRule] INFO  safemode.SCMSafeModeManager (SCMSafeModeManager.java:validateSafeModeExitRules(177)) - ScmSafeModeManager, all rules are successfully validated
2019-10-21 04:28:51,839 [EventQueue-NodeRegistrationContainerReportForDataNodeSafeModeRule] INFO  safemode.SCMSafeModeManager (SCMSafeModeManager.java:exitSafeMode(193)) - SCM exiting safe mode.
2019-10-21 04:28:51,891 [IPC Server handler 2 on 42217] INFO  net.NetworkTopology (NetworkTopologyImpl.java:add(111)) - Added a new node: /default-rack/dd1d24cd-1df3-4428-bf67-9b7dc9bd3e4c
2019-10-21 04:28:51,891 [IPC Server handler 2 on 42217] INFO  node.SCMNodeManager (SCMNodeManager.java:register(268)) - Registered Data node : dd1d24cd-1df3-4428-bf67-9b7dc9bd3e4c{ip: 192.168.34.41, host: trunk-nightly-20191021-4s9dg-2799068384, networkLocation: /default-rack, certSerialId: null}
2019-10-21 04:28:51,969 [main] INFO  ozone.MiniOzoneClusterImpl (MiniOzoneClusterImpl.java:lambda$waitForClusterToBeReady$0(147)) - Waiting for cluster to be ready. Got 2 of 3 DN Heartbeats.
2019-10-21 04:28:51,971 [IPC Server handler 3 on 42217] INFO  net.NetworkTopology (NetworkTopologyImpl.java:add(111)) - Added a new node: /default-rack/f02da163-2c1f-4de2-ab71-b915d7d0ae78
2019-10-21 04:28:51,971 [IPC Server handler 3 on 42217] INFO  node.SCMNodeManager (SCMNodeManager.java:register(268)) - Registered Data node : f02da163-2c1f-4de2-ab71-b915d7d0ae78{ip: 192.168.34.41, host: trunk-nightly-20191021-4s9dg-2799068384, networkLocation: /default-rack, certSerialId: null}
2019-10-21 04:28:52,310 [grpc-default-executor-0] INFO  impl.RaftServerProxy (RaftServerProxy.java:addNew(89)) - 641380fb-ae96-4755-94e0-fd776bdc090f: addNew group-60568A379C4A:[641380fb-ae96-4755-94e0-fd776bdc090f:192.168.34.41:39543] returns group-60568A379C4A:java.util.concurrent.CompletableFuture@5a507e67[Not completed]
2019-10-21 04:28:52,321 [pool-27-thread-1] INFO  impl.RaftServerImpl (RaftServerImpl.java:<init>(104)) - 641380fb-ae96-4755-94e0-fd776bdc090f: new RaftServerImpl for group-60568A379C4A:[641380fb-ae96-4755-94e0-fd776bdc090f:192.168.34.41:39543] with ContainerStateMachine:uninitialized
2019-10-21 04:28:52,323 [pool-27-thread-1] INFO  server.RaftServerConfigKeys (ConfUtils.java:logGet(43)) - raft.server.rpc.timeout.min = 5s (custom)
2019-10-21 04:28:52,324 [pool-27-thread-1] INFO  server.RaftServerConfigKeys (ConfUtils.java:logGet(43)) - raft.server.rpc.timeout.max = 5200ms (custom)
2019-10-21 04:28:52,324 [pool-27-thread-1] INFO  server.RaftServerConfigKeys (ConfUtils.java:logGet(43)) - raft.server.rpcslowness.timeout = 1000s (custom)
2019-10-21 04:28:52,324 [pool-27-thread-1] INFO  server.RaftServerConfigKeys (ConfUtils.java:logGet(43)) - raft.server.sleep.deviation.threshold = 300 (default)
2019-10-21 04:28:52,325 [pool-27-thread-1] INFO  server.RaftServerConfigKeys (ConfUtils.java:logGet(43)) - raft.server.log.appender.install.snapshot.enabled = false (custom)
2019-10-21 04:28:52,334 [pool-27-thread-1] INFO  impl.RaftServerImpl (ServerState.java:<init>(103)) - 641380fb-ae96-4755-94e0-fd776bdc090f@group-60568A379C4A: ConfigurationManager, init=-1: [641380fb-ae96-4755-94e0-fd776bdc090f:192.168.34.41:39543], old=null, confs=<EMPTY_MAP>
2019-10-21 04:28:52,335 [pool-27-thread-1] INFO  server.RaftServerConfigKeys (ConfUtils.java:logGet(43)) - raft.server.storage.dir = [/workdir/hadoop-ozone/integration-test/target/test-dir/MiniOzoneClusterImpl-50bd132f-794a-46b6-9d96-2578473f4a2b/datanode-0/data/ratis] (custom)
2019-10-21 04:28:52,343 [pool-27-thread-1] INFO  server.RaftServerConfigKeys (ConfUtils.java:logGet(43)) - raft.server.log.corruption.policy = EXCEPTION (default)
2019-10-21 04:28:52,345 [pool-27-thread-1] INFO  storage.RaftStorageDirectory (RaftStorageDirectory.java:analyzeStorage(246)) - The storage directory /workdir/hadoop-ozone/integration-test/target/test-dir/MiniOzoneClusterImpl-50bd132f-794a-46b6-9d96-2578473f4a2b/datanode-0/data/ratis/f698623b-ce76-4d00-987b-60568a379c4a does not exist. Creating ...
2019-10-21 04:28:52,378 [pool-27-thread-1] INFO  storage.RaftStorageDirectory (RaftStorageDirectory.java:tryLock(328)) - Lock on /workdir/hadoop-ozone/integration-test/target/test-dir/MiniOzoneClusterImpl-50bd132f-794a-46b6-9d96-2578473f4a2b/datanode-0/data/ratis/f698623b-ce76-4d00-987b-60568a379c4a/in_use.lock acquired by nodename 32149@trunk-nightly-20191021-4s9dg-2799068384
2019-10-21 04:28:52,394 [pool-27-thread-1] INFO  storage.RaftStorage (RaftStorage.java:format(84)) - Storage directory /workdir/hadoop-ozone/integration-test/target/test-dir/MiniOzoneClusterImpl-50bd132f-794a-46b6-9d96-2578473f4a2b/datanode-0/data/ratis/f698623b-ce76-4d00-987b-60568a379c4a has been successfully formatted.
2019-10-21 04:28:52,397 [pool-27-thread-1] INFO  ratis.ContainerStateMachine (ContainerStateMachine.java:loadSnapshot(231)) - group-60568A379C4A: The snapshot info is null. Setting the last applied indexto:(t:0, i:~)
2019-10-21 04:28:52,398 [pool-27-thread-1] INFO  server.RaftServerConfigKeys (ConfUtils.java:logGet(43)) - raft.server.notification.no-leader.timeout = 1000s (custom)
2019-10-21 04:28:52,401 [pool-27-thread-1] INFO  server.RaftServerConfigKeys (ConfUtils.java:logGet(43)) - raft.server.log.use.memory = false (default)
2019-10-21 04:28:52,408 [pool-27-thread-1] INFO  server.RaftServerConfigKeys (ConfUtils.java:logGet(43)) - raft.server.log.purge.gap = 1000000 (custom)
2019-10-21 04:28:52,408 [pool-27-thread-1] INFO  server.RaftServerConfigKeys (ConfUtils.java:logGet(43)) - raft.server.log.appender.buffer.byte-limit = 33554432 (custom)
2019-10-21 04:28:52,411 [pool-27-thread-1] INFO  server.RaftServerConfigKeys (ConfUtils.java:logGet(43)) - raft.server.log.segment.size.max = 1048576 (custom)
2019-10-21 04:28:52,414 [pool-27-thread-1] INFO  impl.MetricsSystemImpl (MetricsSystemImpl.java:init(158)) - ratis metrics system started (again)
2019-10-21 04:28:52,419 [pool-27-thread-1] INFO  metrics.MetricRegistries (MetricRegistriesLoader.java:load(64)) - Loaded MetricRegistries class org.apache.ratis.metrics.impl.MetricRegistriesImpl
2019-10-21 04:28:52,475 [pool-27-thread-1] INFO  server.RaftServerConfigKeys (ConfUtils.java:logGet(43)) - raft.server.log.segment.cache.num.max = 2 (custom)
2019-10-21 04:28:52,480 [pool-27-thread-1] INFO  segmented.SegmentedRaftLogWorker (SegmentedRaftLogWorker.java:<init>(173)) - new 641380fb-ae96-4755-94e0-fd776bdc090f@group-60568A379C4A-SegmentedRaftLogWorker for RaftStorage:Storage Directory /workdir/hadoop-ozone/integration-test/target/test-dir/MiniOzoneClusterImpl-50bd132f-794a-46b6-9d96-2578473f4a2b/datanode-0/data/ratis/f698623b-ce76-4d00-987b-60568a379c4a
2019-10-21 04:28:52,480 [pool-27-thread-1] INFO  server.RaftServerConfigKeys (ConfUtils.java:logGet(43)) - raft.server.log.queue.byte-limit = 2147483647 (custom)
2019-10-21 04:28:52,481 [pool-27-thread-1] INFO  server.RaftServerConfigKeys (ConfUtils.java:logGet(43)) - raft.server.log.queue.element-limit = 1024 (custom)
2019-10-21 04:28:52,482 [pool-27-thread-1] INFO  server.RaftServerConfigKeys (ConfUtils.java:logGet(43)) - raft.server.log.segment.size.max = 1048576 (custom)
2019-10-21 04:28:52,483 [pool-27-thread-1] INFO  server.RaftServerConfigKeys (ConfUtils.java:logGet(43)) - raft.server.log.preallocated.size = 16384 (custom)
2019-10-21 04:28:52,483 [pool-27-thread-1] INFO  server.RaftServerConfigKeys (ConfUtils.java:logGet(43)) - raft.server.log.write.buffer.size = 33554432 (custom)
2019-10-21 04:28:52,484 [pool-27-thread-1] INFO  server.RaftServerConfigKeys (ConfUtils.java:logGet(43)) - raft.server.log.force.sync.num = 128 (default)
2019-10-21 04:28:52,485 [pool-27-thread-1] INFO  server.RaftServerConfigKeys (ConfUtils.java:logGet(43)) - raft.server.log.statemachine.data.sync = true (default)
2019-10-21 04:28:52,485 [pool-27-thread-1] INFO  server.RaftServerConfigKeys (ConfUtils.java:logGet(43)) - raft.server.log.statemachine.data.sync.timeout = 10s (default)
2019-10-21 04:28:52,485 [pool-27-thread-1] INFO  server.RaftServerConfigKeys (ConfUtils.java:logGet(43)) - raft.server.log.statemachine.data.sync.timeout.retry = -1 (default)
2019-10-21 04:28:52,498 [pool-27-thread-1] INFO  server.RaftServerConfigKeys (ConfUtils.java:logGet(43)) - raft.server.log.statemachine.data.caching.enabled = true (custom)
2019-10-21 04:28:52,502 [pool-27-thread-1] INFO  segmented.SegmentedRaftLogWorker (SegmentedRaftLogWorker.java:lambda$new$0(128)) - 641380fb-ae96-4755-94e0-fd776bdc090f@group-60568A379C4A-SegmentedRaftLogWorker: flushIndex: setUnconditionally 0 -> -1
2019-10-21 04:28:52,507 [pool-27-thread-1] INFO  server.RaftServerConfigKeys (ConfUtils.java:logGet(43)) - raft.server.snapshot.auto.trigger.enabled = true (custom)
2019-10-21 04:28:52,507 [pool-27-thread-1] INFO  server.RaftServerConfigKeys (ConfUtils.java:logGet(43)) - raft.server.snapshot.auto.trigger.threshold = 10000 (custom)
2019-10-21 04:28:52,508 [pool-27-thread-1] INFO  server.RaftServerConfigKeys (ConfUtils.java:logGet(43)) - raft.server.snapshot.retention.file.num = 5 (custom)
2019-10-21 04:28:52,509 [pool-27-thread-1] INFO  server.RaftServerConfigKeys (ConfUtils.java:logGet(43)) - raft.server.retrycache.expirytime = 600000ms (custom)
2019-10-21 04:28:52,537 [pool-27-thread-1] INFO  impl.RaftServerImpl (RaftServerImpl.java:start(195)) - 641380fb-ae96-4755-94e0-fd776bdc090f@group-60568A379C4A: start as a follower, conf=-1: [641380fb-ae96-4755-94e0-fd776bdc090f:192.168.34.41:39543], old=null
2019-10-21 04:28:52,539 [pool-27-thread-1] INFO  impl.RaftServerImpl (RaftServerImpl.java:setRole(184)) - 641380fb-ae96-4755-94e0-fd776bdc090f@group-60568A379C4A: changes role from      null to FOLLOWER at term 0 for startAsFollower
2019-10-21 04:28:52,540 [pool-27-thread-1] INFO  impl.RoleInfo (RoleInfo.java:updateAndGet(143)) - 641380fb-ae96-4755-94e0-fd776bdc090f: start FollowerState
2019-10-21 04:28:52,542 [pool-27-thread-1] INFO  util.JmxRegister (JmxRegister.java:tryRegister(44)) - Successfully registered JMX Bean with object name Ratis:service=RaftServer,group=group-60568A379C4A,id=641380fb-ae96-4755-94e0-fd776bdc090f
2019-10-21 04:28:52,594 [Thread-186] INFO  impl.FollowerState (FollowerState.java:run(108)) - 641380fb-ae96-4755-94e0-fd776bdc090f@group-60568A379C4A-FollowerState: change to CANDIDATE, lastRpcTime:54ms, electionTimeout:53ms
2019-10-21 04:28:52,597 [Thread-186] INFO  impl.RoleInfo (RoleInfo.java:shutdownFollowerState(121)) - 641380fb-ae96-4755-94e0-fd776bdc090f: shutdown FollowerState
2019-10-21 04:28:52,598 [Thread-186] INFO  impl.RaftServerImpl (RaftServerImpl.java:setRole(184)) - 641380fb-ae96-4755-94e0-fd776bdc090f@group-60568A379C4A: changes role from  FOLLOWER to CANDIDATE at term 0 for changeToCandidate
2019-10-21 04:28:52,602 [Thread-186] INFO  impl.RoleInfo (RoleInfo.java:updateAndGet(143)) - 641380fb-ae96-4755-94e0-fd776bdc090f: start LeaderElection
2019-10-21 04:28:52,614 [RatisPipelineUtilsThread] INFO  pipeline.PipelineStateManager (PipelineStateManager.java:addPipeline(56)) - Created pipeline Pipeline[ Id: f698623b-ce76-4d00-987b-60568a379c4a, Nodes: 641380fb-ae96-4755-94e0-fd776bdc090f{ip: 192.168.34.41, host: trunk-nightly-20191021-4s9dg-2799068384, networkLocation: /default-rack, certSerialId: null}, Type:RATIS, Factor:ONE, State:OPEN]
2019-10-21 04:28:52,617 [641380fb-ae96-4755-94e0-fd776bdc090f@group-60568A379C4A-LeaderElection1] INFO  impl.LeaderElection (LeaderElection.java:askForVotes(178)) - 641380fb-ae96-4755-94e0-fd776bdc090f@group-60568A379C4A-LeaderElection1: begin an election at term 1 for -1: [641380fb-ae96-4755-94e0-fd776bdc090f:192.168.34.41:39543], old=null
2019-10-21 04:28:52,619 [641380fb-ae96-4755-94e0-fd776bdc090f@group-60568A379C4A-LeaderElection1] INFO  impl.RoleInfo (RoleInfo.java:shutdownLeaderElection(134)) - 641380fb-ae96-4755-94e0-fd776bdc090f: shutdown LeaderElection
2019-10-21 04:28:52,619 [641380fb-ae96-4755-94e0-fd776bdc090f@group-60568A379C4A-LeaderElection1] INFO  impl.RaftServerImpl (RaftServerImpl.java:setRole(184)) - 641380fb-ae96-4755-94e0-fd776bdc090f@group-60568A379C4A: changes role from CANDIDATE to LEADER at term 1 for changeToLeader
2019-10-21 04:28:52,619 [641380fb-ae96-4755-94e0-fd776bdc090f@group-60568A379C4A-LeaderElection1] INFO  impl.RaftServerImpl (ServerState.java:setLeader(256)) - 641380fb-ae96-4755-94e0-fd776bdc090f@group-60568A379C4A: change Leader from null to 641380fb-ae96-4755-94e0-fd776bdc090f at term 1 for becomeLeader, leader elected after 221ms
2019-10-21 04:28:52,628 [641380fb-ae96-4755-94e0-fd776bdc090f@group-60568A379C4A-LeaderElection1] INFO  server.RaftServerConfigKeys (ConfUtils.java:logGet(43)) - raft.server.staging.catchup.gap = 1000 (default)
2019-10-21 04:28:52,628 [641380fb-ae96-4755-94e0-fd776bdc090f@group-60568A379C4A-LeaderElection1] INFO  server.RaftServerConfigKeys (ConfUtils.java:logGet(43)) - raft.server.rpc.sleep.time = 25ms (default)
2019-10-21 04:28:52,633 [grpc-default-executor-0] INFO  impl.RaftServerProxy (RaftServerProxy.java:addNew(89)) - dd1d24cd-1df3-4428-bf67-9b7dc9bd3e4c: addNew group-D632F9BAFAB7:[dd1d24cd-1df3-4428-bf67-9b7dc9bd3e4c:192.168.34.41:45185] returns group-D632F9BAFAB7:java.util.concurrent.CompletableFuture@d519938[Not completed]
2019-10-21 04:28:52,640 [641380fb-ae96-4755-94e0-fd776bdc090f@group-60568A379C4A-LeaderElection1] INFO  server.RaftServerConfigKeys (ConfUtils.java:logGet(43)) - raft.server.write.element-limit = 4096 (default)
2019-10-21 04:28:52,654 [pool-37-thread-1] INFO  impl.RaftServerImpl (RaftServerImpl.java:<init>(104)) - dd1d24cd-1df3-4428-bf67-9b7dc9bd3e4c: new RaftServerImpl for group-D632F9BAFAB7:[dd1d24cd-1df3-4428-bf67-9b7dc9bd3e4c:192.168.34.41:45185] with ContainerStateMachine:uninitialized
2019-10-21 04:28:52,655 [pool-37-thread-1] INFO  server.RaftServerConfigKeys (ConfUtils.java:logGet(43)) - raft.server.rpc.timeout.min = 5s (custom)
2019-10-21 04:28:52,655 [pool-37-thread-1] INFO  server.RaftServerConfigKeys (ConfUtils.java:logGet(43)) - raft.server.rpc.timeout.max = 5200ms (custom)
2019-10-21 04:28:52,655 [pool-37-thread-1] INFO  server.RaftServerConfigKeys (ConfUtils.java:logGet(43)) - raft.server.rpcslowness.timeout = 1000s (custom)
2019-10-21 04:28:52,655 [pool-37-thread-1] INFO  server.RaftServerConfigKeys (ConfUtils.java:logGet(43)) - raft.server.sleep.deviation.threshold = 300 (default)
2019-10-21 04:28:52,655 [641380fb-ae96-4755-94e0-fd776bdc090f@group-60568A379C4A-LeaderElection1] INFO  server.RaftServerConfigKeys (ConfUtils.java:logGet(43)) - raft.server.watch.timeout = 10s (default)
2019-10-21 04:28:52,655 [pool-37-thread-1] INFO  server.RaftServerConfigKeys (ConfUtils.java:logGet(43)) - raft.server.log.appender.install.snapshot.enabled = false (custom)
2019-10-21 04:28:52,656 [641380fb-ae96-4755-94e0-fd776bdc090f@group-60568A379C4A-LeaderElection1] INFO  server.RaftServerConfigKeys (ConfUtils.java:logGet(43)) - raft.server.watch.timeout.denomination = 1s (default)
2019-10-21 04:28:52,656 [pool-37-thread-1] INFO  impl.RaftServerImpl (ServerState.java:<init>(103)) - dd1d24cd-1df3-4428-bf67-9b7dc9bd3e4c@group-D632F9BAFAB7: ConfigurationManager, init=-1: [dd1d24cd-1df3-4428-bf67-9b7dc9bd3e4c:192.168.34.41:45185], old=null, confs=<EMPTY_MAP>
2019-10-21 04:28:52,656 [pool-37-thread-1] INFO  server.RaftServerConfigKeys (ConfUtils.java:logGet(43)) - raft.server.storage.dir = [/workdir/hadoop-ozone/integration-test/target/test-dir/MiniOzoneClusterImpl-50bd132f-794a-46b6-9d96-2578473f4a2b/datanode-1/data/ratis] (custom)
2019-10-21 04:28:52,656 [pool-37-thread-1] INFO  server.RaftServerConfigKeys (ConfUtils.java:logGet(43)) - raft.server.log.corruption.policy = EXCEPTION (default)
2019-10-21 04:28:52,656 [641380fb-ae96-4755-94e0-fd776bdc090f@group-60568A379C4A-LeaderElection1] INFO  server.RaftServerConfigKeys (ConfUtils.java:logGet(43)) - raft.server.watch.element-limit = 65536 (default)
2019-10-21 04:28:52,657 [pool-37-thread-1] INFO  storage.RaftStorageDirectory (RaftStorageDirectory.java:analyzeStorage(246)) - The storage directory /workdir/hadoop-ozone/integration-test/target/test-dir/MiniOzoneClusterImpl-50bd132f-794a-46b6-9d96-2578473f4a2b/datanode-1/data/ratis/133c9bad-46b5-488e-805b-d632f9bafab7 does not exist. Creating ...
2019-10-21 04:28:52,668 [641380fb-ae96-4755-94e0-fd776bdc090f@group-60568A379C4A-LeaderElection1] INFO  impl.RoleInfo (RoleInfo.java:updateAndGet(143)) - 641380fb-ae96-4755-94e0-fd776bdc090f: start LeaderState
2019-10-21 04:28:52,670 [pool-37-thread-1] INFO  storage.RaftStorageDirectory (RaftStorageDirectory.java:tryLock(328)) - Lock on /workdir/hadoop-ozone/integration-test/target/test-dir/MiniOzoneClusterImpl-50bd132f-794a-46b6-9d96-2578473f4a2b/datanode-1/data/ratis/133c9bad-46b5-488e-805b-d632f9bafab7/in_use.lock acquired by nodename 32149@trunk-nightly-20191021-4s9dg-2799068384
2019-10-21 04:28:52,685 [pool-37-thread-1] INFO  storage.RaftStorage (RaftStorage.java:format(84)) - Storage directory /workdir/hadoop-ozone/integration-test/target/test-dir/MiniOzoneClusterImpl-50bd132f-794a-46b6-9d96-2578473f4a2b/datanode-1/data/ratis/133c9bad-46b5-488e-805b-d632f9bafab7 has been successfully formatted.
2019-10-21 04:28:52,689 [pool-37-thread-1] INFO  ratis.ContainerStateMachine (ContainerStateMachine.java:loadSnapshot(231)) - group-D632F9BAFAB7: The snapshot info is null. Setting the last applied indexto:(t:0, i:~)
2019-10-21 04:28:52,691 [pool-37-thread-1] INFO  server.RaftServerConfigKeys (ConfUtils.java:logGet(43)) - raft.server.notification.no-leader.timeout = 1000s (custom)
2019-10-21 04:28:52,693 [pool-37-thread-1] INFO  server.RaftServerConfigKeys (ConfUtils.java:logGet(43)) - raft.server.log.use.memory = false (default)
2019-10-21 04:28:52,693 [pool-37-thread-1] INFO  server.RaftServerConfigKeys (ConfUtils.java:logGet(43)) - raft.server.log.purge.gap = 1000000 (custom)
2019-10-21 04:28:52,693 [pool-37-thread-1] INFO  server.RaftServerConfigKeys (ConfUtils.java:logGet(43)) - raft.server.log.appender.buffer.byte-limit = 33554432 (custom)
2019-10-21 04:28:52,694 [pool-37-thread-1] INFO  server.RaftServerConfigKeys (ConfUtils.java:logGet(43)) - raft.server.log.segment.size.max = 1048576 (custom)
2019-10-21 04:28:52,720 [641380fb-ae96-4755-94e0-fd776bdc090f@group-60568A379C4A-LeaderElection1] INFO  segmented.SegmentedRaftLogWorker (SegmentedRaftLogWorker.java:startLogSegment(385)) - 641380fb-ae96-4755-94e0-fd776bdc090f@group-60568A379C4A-SegmentedRaftLogWorker: Starting segment from index:0
2019-10-21 04:28:52,727 [pool-37-thread-1] INFO  server.RaftServerConfigKeys (ConfUtils.java:logGet(43)) - raft.server.log.segment.cache.num.max = 2 (custom)
2019-10-21 04:28:52,727 [pool-37-thread-1] INFO  segmented.SegmentedRaftLogWorker (SegmentedRaftLogWorker.java:<init>(173)) - new dd1d24cd-1df3-4428-bf67-9b7dc9bd3e4c@group-D632F9BAFAB7-SegmentedRaftLogWorker for RaftStorage:Storage Directory /workdir/hadoop-ozone/integration-test/target/test-dir/MiniOzoneClusterImpl-50bd132f-794a-46b6-9d96-2578473f4a2b/datanode-1/data/ratis/133c9bad-46b5-488e-805b-d632f9bafab7
2019-10-21 04:28:52,727 [pool-37-thread-1] INFO  server.RaftServerConfigKeys (ConfUtils.java:logGet(43)) - raft.server.log.queue.byte-limit = 2147483647 (custom)
2019-10-21 04:28:52,727 [pool-37-thread-1] INFO  server.RaftServerConfigKeys (ConfUtils.java:logGet(43)) - raft.server.log.queue.element-limit = 1024 (custom)
2019-10-21 04:28:52,728 [pool-37-thread-1] INFO  server.RaftServerConfigKeys (ConfUtils.java:logGet(43)) - raft.server.log.segment.size.max = 1048576 (custom)
2019-10-21 04:28:52,728 [pool-37-thread-1] INFO  server.RaftServerConfigKeys (ConfUtils.java:logGet(43)) - raft.server.log.preallocated.size = 16384 (custom)
2019-10-21 04:28:52,728 [pool-37-thread-1] INFO  server.RaftServerConfigKeys (ConfUtils.java:logGet(43)) - raft.server.log.write.buffer.size = 33554432 (custom)
2019-10-21 04:28:52,728 [pool-37-thread-1] INFO  server.RaftServerConfigKeys (ConfUtils.java:logGet(43)) - raft.server.log.force.sync.num = 128 (default)
2019-10-21 04:28:52,728 [pool-37-thread-1] INFO  server.RaftServerConfigKeys (ConfUtils.java:logGet(43)) - raft.server.log.statemachine.data.sync = true (default)
2019-10-21 04:28:52,728 [pool-37-thread-1] INFO  server.RaftServerConfigKeys (ConfUtils.java:logGet(43)) - raft.server.log.statemachine.data.sync.timeout = 10s (default)
2019-10-21 04:28:52,728 [pool-37-thread-1] INFO  server.RaftServerConfigKeys (ConfUtils.java:logGet(43)) - raft.server.log.statemachine.data.sync.timeout.retry = -1 (default)
2019-10-21 04:28:52,729 [pool-37-thread-1] INFO  server.RaftServerConfigKeys (ConfUtils.java:logGet(43)) - raft.server.log.statemachine.data.caching.enabled = true (custom)
2019-10-21 04:28:52,730 [pool-37-thread-1] INFO  segmented.SegmentedRaftLogWorker (SegmentedRaftLogWorker.java:lambda$new$0(128)) - dd1d24cd-1df3-4428-bf67-9b7dc9bd3e4c@group-D632F9BAFAB7-SegmentedRaftLogWorker: flushIndex: setUnconditionally 0 -> -1
2019-10-21 04:28:52,730 [pool-37-thread-1] INFO  server.RaftServerConfigKeys (ConfUtils.java:logGet(43)) - raft.server.snapshot.auto.trigger.enabled = true (custom)
2019-10-21 04:28:52,730 [pool-37-thread-1] INFO  server.RaftServerConfigKeys (ConfUtils.java:logGet(43)) - raft.server.snapshot.auto.trigger.threshold = 10000 (custom)
2019-10-21 04:28:52,730 [pool-37-thread-1] INFO  server.RaftServerConfigKeys (ConfUtils.java:logGet(43)) - raft.server.snapshot.retention.file.num = 5 (custom)
2019-10-21 04:28:52,731 [pool-37-thread-1] INFO  server.RaftServerConfigKeys (ConfUtils.java:logGet(43)) - raft.server.retrycache.expirytime = 600000ms (custom)
2019-10-21 04:28:52,732 [641380fb-ae96-4755-94e0-fd776bdc090f@group-60568A379C4A-LeaderElection1] INFO  impl.RaftServerImpl (ServerState.java:setRaftConf(357)) - 641380fb-ae96-4755-94e0-fd776bdc090f@group-60568A379C4A: set configuration 0: [641380fb-ae96-4755-94e0-fd776bdc090f:192.168.34.41:39543], old=null at 0
2019-10-21 04:28:52,740 [pool-37-thread-1] INFO  impl.RaftServerImpl (RaftServerImpl.java:start(195)) - dd1d24cd-1df3-4428-bf67-9b7dc9bd3e4c@group-D632F9BAFAB7: start as a follower, conf=-1: [dd1d24cd-1df3-4428-bf67-9b7dc9bd3e4c:192.168.34.41:45185], old=null
2019-10-21 04:28:52,740 [pool-37-thread-1] INFO  impl.RaftServerImpl (RaftServerImpl.java:setRole(184)) - dd1d24cd-1df3-4428-bf67-9b7dc9bd3e4c@group-D632F9BAFAB7: changes role from      null to FOLLOWER at term 0 for startAsFollower
2019-10-21 04:28:52,740 [pool-37-thread-1] INFO  impl.RoleInfo (RoleInfo.java:updateAndGet(143)) - dd1d24cd-1df3-4428-bf67-9b7dc9bd3e4c: start FollowerState
2019-10-21 04:28:52,741 [pool-37-thread-1] INFO  util.JmxRegister (JmxRegister.java:tryRegister(44)) - Successfully registered JMX Bean with object name Ratis:service=RaftServer,group=group-D632F9BAFAB7,id=dd1d24cd-1df3-4428-bf67-9b7dc9bd3e4c
2019-10-21 04:28:52,755 [RatisPipelineUtilsThread] INFO  pipeline.PipelineStateManager (PipelineStateManager.java:addPipeline(56)) - Created pipeline Pipeline[ Id: 133c9bad-46b5-488e-805b-d632f9bafab7, Nodes: dd1d24cd-1df3-4428-bf67-9b7dc9bd3e4c{ip: 192.168.34.41, host: trunk-nightly-20191021-4s9dg-2799068384, networkLocation: /default-rack, certSerialId: null}, Type:RATIS, Factor:ONE, State:OPEN]
2019-10-21 04:28:52,773 [grpc-default-executor-0] INFO  impl.RaftServerProxy (RaftServerProxy.java:addNew(89)) - f02da163-2c1f-4de2-ab71-b915d7d0ae78: addNew group-41F56FBD1CCD:[f02da163-2c1f-4de2-ab71-b915d7d0ae78:192.168.34.41:39439] returns group-41F56FBD1CCD:java.util.concurrent.CompletableFuture@54c29463[Not completed]
2019-10-21 04:28:52,775 [pool-47-thread-1] INFO  impl.RaftServerImpl (RaftServerImpl.java:<init>(104)) - f02da163-2c1f-4de2-ab71-b915d7d0ae78: new RaftServerImpl for group-41F56FBD1CCD:[f02da163-2c1f-4de2-ab71-b915d7d0ae78:192.168.34.41:39439] with ContainerStateMachine:uninitialized
2019-10-21 04:28:52,775 [pool-47-thread-1] INFO  server.RaftServerConfigKeys (ConfUtils.java:logGet(43)) - raft.server.rpc.timeout.min = 5s (custom)
2019-10-21 04:28:52,776 [pool-47-thread-1] INFO  server.RaftServerConfigKeys (ConfUtils.java:logGet(43)) - raft.server.rpc.timeout.max = 5200ms (custom)
2019-10-21 04:28:52,776 [pool-47-thread-1] INFO  server.RaftServerConfigKeys (ConfUtils.java:logGet(43)) - raft.server.rpcslowness.timeout = 1000s (custom)
2019-10-21 04:28:52,776 [pool-47-thread-1] INFO  server.RaftServerConfigKeys (ConfUtils.java:logGet(43)) - raft.server.sleep.deviation.threshold = 300 (default)
2019-10-21 04:28:52,776 [pool-47-thread-1] INFO  server.RaftServerConfigKeys (ConfUtils.java:logGet(43)) - raft.server.log.appender.install.snapshot.enabled = false (custom)
2019-10-21 04:28:52,776 [pool-47-thread-1] INFO  impl.RaftServerImpl (ServerState.java:<init>(103)) - f02da163-2c1f-4de2-ab71-b915d7d0ae78@group-41F56FBD1CCD: ConfigurationManager, init=-1: [f02da163-2c1f-4de2-ab71-b915d7d0ae78:192.168.34.41:39439], old=null, confs=<EMPTY_MAP>
2019-10-21 04:28:52,776 [pool-47-thread-1] INFO  server.RaftServerConfigKeys (ConfUtils.java:logGet(43)) - raft.server.storage.dir = [/workdir/hadoop-ozone/integration-test/target/test-dir/MiniOzoneClusterImpl-50bd132f-794a-46b6-9d96-2578473f4a2b/datanode-2/data/ratis] (custom)
2019-10-21 04:28:52,777 [pool-47-thread-1] INFO  server.RaftServerConfigKeys (ConfUtils.java:logGet(43)) - raft.server.log.corruption.policy = EXCEPTION (default)
2019-10-21 04:28:52,777 [pool-47-thread-1] INFO  storage.RaftStorageDirectory (RaftStorageDirectory.java:analyzeStorage(246)) - The storage directory /workdir/hadoop-ozone/integration-test/target/test-dir/MiniOzoneClusterImpl-50bd132f-794a-46b6-9d96-2578473f4a2b/datanode-2/data/ratis/6d405a88-4a05-4aad-a675-41f56fbd1ccd does not exist. Creating ...
2019-10-21 04:28:52,790 [pool-47-thread-1] INFO  storage.RaftStorageDirectory (RaftStorageDirectory.java:tryLock(328)) - Lock on /workdir/hadoop-ozone/integration-test/target/test-dir/MiniOzoneClusterImpl-50bd132f-794a-46b6-9d96-2578473f4a2b/datanode-2/data/ratis/6d405a88-4a05-4aad-a675-41f56fbd1ccd/in_use.lock acquired by nodename 32149@trunk-nightly-20191021-4s9dg-2799068384
2019-10-21 04:28:52,804 [pool-47-thread-1] INFO  storage.RaftStorage (RaftStorage.java:format(84)) - Storage directory /workdir/hadoop-ozone/integration-test/target/test-dir/MiniOzoneClusterImpl-50bd132f-794a-46b6-9d96-2578473f4a2b/datanode-2/data/ratis/6d405a88-4a05-4aad-a675-41f56fbd1ccd has been successfully formatted.
2019-10-21 04:28:52,804 [pool-47-thread-1] INFO  ratis.ContainerStateMachine (ContainerStateMachine.java:loadSnapshot(231)) - group-41F56FBD1CCD: The snapshot info is null. Setting the last applied indexto:(t:0, i:~)
2019-10-21 04:28:52,804 [pool-47-thread-1] INFO  server.RaftServerConfigKeys (ConfUtils.java:logGet(43)) - raft.server.notification.no-leader.timeout = 1000s (custom)
2019-10-21 04:28:52,805 [pool-47-thread-1] INFO  server.RaftServerConfigKeys (ConfUtils.java:logGet(43)) - raft.server.log.use.memory = false (default)
2019-10-21 04:28:52,805 [pool-47-thread-1] INFO  server.RaftServerConfigKeys (ConfUtils.java:logGet(43)) - raft.server.log.purge.gap = 1000000 (custom)
2019-10-21 04:28:52,805 [pool-47-thread-1] INFO  server.RaftServerConfigKeys (ConfUtils.java:logGet(43)) - raft.server.log.appender.buffer.byte-limit = 33554432 (custom)
2019-10-21 04:28:52,805 [pool-47-thread-1] INFO  server.RaftServerConfigKeys (ConfUtils.java:logGet(43)) - raft.server.log.segment.size.max = 1048576 (custom)
2019-10-21 04:28:52,809 [pool-47-thread-1] INFO  server.RaftServerConfigKeys (ConfUtils.java:logGet(43)) - raft.server.log.segment.cache.num.max = 2 (custom)
2019-10-21 04:28:52,809 [pool-47-thread-1] INFO  segmented.SegmentedRaftLogWorker (SegmentedRaftLogWorker.java:<init>(173)) - new f02da163-2c1f-4de2-ab71-b915d7d0ae78@group-41F56FBD1CCD-SegmentedRaftLogWorker for RaftStorage:Storage Directory /workdir/hadoop-ozone/integration-test/target/test-dir/MiniOzoneClusterImpl-50bd132f-794a-46b6-9d96-2578473f4a2b/datanode-2/data/ratis/6d405a88-4a05-4aad-a675-41f56fbd1ccd
2019-10-21 04:28:52,809 [pool-47-thread-1] INFO  server.RaftServerConfigKeys (ConfUtils.java:logGet(43)) - raft.server.log.queue.byte-limit = 2147483647 (custom)
2019-10-21 04:28:52,809 [pool-47-thread-1] INFO  server.RaftServerConfigKeys (ConfUtils.java:logGet(43)) - raft.server.log.queue.element-limit = 1024 (custom)
2019-10-21 04:28:52,810 [pool-47-thread-1] INFO  server.RaftServerConfigKeys (ConfUtils.java:logGet(43)) - raft.server.log.segment.size.max = 1048576 (custom)
2019-10-21 04:28:52,810 [pool-47-thread-1] INFO  server.RaftServerConfigKeys (ConfUtils.java:logGet(43)) - raft.server.log.preallocated.size = 16384 (custom)
2019-10-21 04:28:52,810 [pool-47-thread-1] INFO  server.RaftServerConfigKeys (ConfUtils.java:logGet(43)) - raft.server.log.write.buffer.size = 33554432 (custom)
2019-10-21 04:28:52,810 [pool-47-thread-1] INFO  server.RaftServerConfigKeys (ConfUtils.java:logGet(43)) - raft.server.log.force.sync.num = 128 (default)
2019-10-21 04:28:52,810 [pool-47-thread-1] INFO  server.RaftServerConfigKeys (ConfUtils.java:logGet(43)) - raft.server.log.statemachine.data.sync = true (default)
2019-10-21 04:28:52,810 [pool-47-thread-1] INFO  server.RaftServerConfigKeys (ConfUtils.java:logGet(43)) - raft.server.log.statemachine.data.sync.timeout = 10s (default)
2019-10-21 04:28:52,810 [pool-47-thread-1] INFO  server.RaftServerConfigKeys (ConfUtils.java:logGet(43)) - raft.server.log.statemachine.data.sync.timeout.retry = -1 (default)
2019-10-21 04:28:52,811 [pool-47-thread-1] INFO  server.RaftServerConfigKeys (ConfUtils.java:logGet(43)) - raft.server.log.statemachine.data.caching.enabled = true (custom)
2019-10-21 04:28:52,811 [pool-47-thread-1] INFO  segmented.SegmentedRaftLogWorker (SegmentedRaftLogWorker.java:lambda$new$0(128)) - f02da163-2c1f-4de2-ab71-b915d7d0ae78@group-41F56FBD1CCD-SegmentedRaftLogWorker: flushIndex: setUnconditionally 0 -> -1
2019-10-21 04:28:52,812 [pool-47-thread-1] INFO  server.RaftServerConfigKeys (ConfUtils.java:logGet(43)) - raft.server.snapshot.auto.trigger.enabled = true (custom)
2019-10-21 04:28:52,812 [pool-47-thread-1] INFO  server.RaftServerConfigKeys (ConfUtils.java:logGet(43)) - raft.server.snapshot.auto.trigger.threshold = 10000 (custom)
2019-10-21 04:28:52,812 [pool-47-thread-1] INFO  server.RaftServerConfigKeys (ConfUtils.java:logGet(43)) - raft.server.snapshot.retention.file.num = 5 (custom)
2019-10-21 04:28:52,812 [pool-47-thread-1] INFO  server.RaftServerConfigKeys (ConfUtils.java:logGet(43)) - raft.server.retrycache.expirytime = 600000ms (custom)
2019-10-21 04:28:52,817 [pool-47-thread-1] INFO  impl.RaftServerImpl (RaftServerImpl.java:start(195)) - f02da163-2c1f-4de2-ab71-b915d7d0ae78@group-41F56FBD1CCD: start as a follower, conf=-1: [f02da163-2c1f-4de2-ab71-b915d7d0ae78:192.168.34.41:39439], old=null
2019-10-21 04:28:52,817 [pool-47-thread-1] INFO  impl.RaftServerImpl (RaftServerImpl.java:setRole(184)) - f02da163-2c1f-4de2-ab71-b915d7d0ae78@group-41F56FBD1CCD: changes role from      null to FOLLOWER at term 0 for startAsFollower
2019-10-21 04:28:52,817 [pool-47-thread-1] INFO  impl.RoleInfo (RoleInfo.java:updateAndGet(143)) - f02da163-2c1f-4de2-ab71-b915d7d0ae78: start FollowerState
2019-10-21 04:28:52,818 [pool-47-thread-1] INFO  util.JmxRegister (JmxRegister.java:tryRegister(44)) - Successfully registered JMX Bean with object name Ratis:service=RaftServer,group=group-41F56FBD1CCD,id=f02da163-2c1f-4de2-ab71-b915d7d0ae78
2019-10-21 04:28:52,828 [RatisPipelineUtilsThread] INFO  pipeline.PipelineStateManager (PipelineStateManager.java:addPipeline(56)) - Created pipeline Pipeline[ Id: 6d405a88-4a05-4aad-a675-41f56fbd1ccd, Nodes: f02da163-2c1f-4de2-ab71-b915d7d0ae78{ip: 192.168.34.41, host: trunk-nightly-20191021-4s9dg-2799068384, networkLocation: /default-rack, certSerialId: null}, Type:RATIS, Factor:ONE, State:OPEN]
2019-10-21 04:28:52,853 [grpc-default-executor-1] INFO  impl.RaftServerProxy (RaftServerProxy.java:addNew(89)) - 641380fb-ae96-4755-94e0-fd776bdc090f: addNew group-D606C9B72829:[641380fb-ae96-4755-94e0-fd776bdc090f:192.168.34.41:39543, f02da163-2c1f-4de2-ab71-b915d7d0ae78:192.168.34.41:39439, dd1d24cd-1df3-4428-bf67-9b7dc9bd3e4c:192.168.34.41:45185] returns group-D606C9B72829:java.util.concurrent.CompletableFuture@186af8f3[Not completed]
2019-10-21 04:28:52,854 [grpc-default-executor-2] INFO  impl.RaftServerProxy (RaftServerProxy.java:addNew(89)) - f02da163-2c1f-4de2-ab71-b915d7d0ae78: addNew group-D606C9B72829:[641380fb-ae96-4755-94e0-fd776bdc090f:192.168.34.41:39543, f02da163-2c1f-4de2-ab71-b915d7d0ae78:192.168.34.41:39439, dd1d24cd-1df3-4428-bf67-9b7dc9bd3e4c:192.168.34.41:45185] returns group-D606C9B72829:java.util.concurrent.CompletableFuture@1a06c995[Not completed]
2019-10-21 04:28:52,856 [grpc-default-executor-2] INFO  impl.RaftServerProxy (RaftServerProxy.java:addNew(89)) - dd1d24cd-1df3-4428-bf67-9b7dc9bd3e4c: addNew group-D606C9B72829:[641380fb-ae96-4755-94e0-fd776bdc090f:192.168.34.41:39543, f02da163-2c1f-4de2-ab71-b915d7d0ae78:192.168.34.41:39439, dd1d24cd-1df3-4428-bf67-9b7dc9bd3e4c:192.168.34.41:45185] returns group-D606C9B72829:java.util.concurrent.CompletableFuture@5f0444b1[Not completed]
2019-10-21 04:28:52,856 [pool-27-thread-1] INFO  impl.RaftServerImpl (RaftServerImpl.java:<init>(104)) - 641380fb-ae96-4755-94e0-fd776bdc090f: new RaftServerImpl for group-D606C9B72829:[641380fb-ae96-4755-94e0-fd776bdc090f:192.168.34.41:39543, f02da163-2c1f-4de2-ab71-b915d7d0ae78:192.168.34.41:39439, dd1d24cd-1df3-4428-bf67-9b7dc9bd3e4c:192.168.34.41:45185] with ContainerStateMachine:uninitialized
2019-10-21 04:28:52,857 [pool-27-thread-1] INFO  server.RaftServerConfigKeys (ConfUtils.java:logGet(43)) - raft.server.rpc.timeout.min = 5s (custom)
2019-10-21 04:28:52,857 [pool-27-thread-1] INFO  server.RaftServerConfigKeys (ConfUtils.java:logGet(43)) - raft.server.rpc.timeout.max = 5200ms (custom)
2019-10-21 04:28:52,857 [pool-27-thread-1] INFO  server.RaftServerConfigKeys (ConfUtils.java:logGet(43)) - raft.server.rpcslowness.timeout = 1000s (custom)
2019-10-21 04:28:52,857 [pool-47-thread-1] INFO  impl.RaftServerImpl (RaftServerImpl.java:<init>(104)) - f02da163-2c1f-4de2-ab71-b915d7d0ae78: new RaftServerImpl for group-D606C9B72829:[641380fb-ae96-4755-94e0-fd776bdc090f:192.168.34.41:39543, f02da163-2c1f-4de2-ab71-b915d7d0ae78:192.168.34.41:39439, dd1d24cd-1df3-4428-bf67-9b7dc9bd3e4c:192.168.34.41:45185] with ContainerStateMachine:uninitialized
2019-10-21 04:28:52,857 [pool-27-thread-1] INFO  server.RaftServerConfigKeys (ConfUtils.java:logGet(43)) - raft.server.sleep.deviation.threshold = 300 (default)
2019-10-21 04:28:52,857 [pool-47-thread-1] INFO  server.RaftServerConfigKeys (ConfUtils.java:logGet(43)) - raft.server.rpc.timeout.min = 5s (custom)
2019-10-21 04:28:52,857 [pool-27-thread-1] INFO  server.RaftServerConfigKeys (ConfUtils.java:logGet(43)) - raft.server.log.appender.install.snapshot.enabled = false (custom)
2019-10-21 04:28:52,857 [pool-47-thread-1] INFO  server.RaftServerConfigKeys (ConfUtils.java:logGet(43)) - raft.server.rpc.timeout.max = 5200ms (custom)
2019-10-21 04:28:52,858 [pool-27-thread-1] INFO  impl.RaftServerImpl (ServerState.java:<init>(103)) - 641380fb-ae96-4755-94e0-fd776bdc090f@group-D606C9B72829: ConfigurationManager, init=-1: [641380fb-ae96-4755-94e0-fd776bdc090f:192.168.34.41:39543, f02da163-2c1f-4de2-ab71-b915d7d0ae78:192.168.34.41:39439, dd1d24cd-1df3-4428-bf67-9b7dc9bd3e4c:192.168.34.41:45185], old=null, confs=<EMPTY_MAP>
2019-10-21 04:28:52,858 [pool-47-thread-1] INFO  server.RaftServerConfigKeys (ConfUtils.java:logGet(43)) - raft.server.rpcslowness.timeout = 1000s (custom)
2019-10-21 04:28:52,858 [pool-47-thread-1] INFO  server.RaftServerConfigKeys (ConfUtils.java:logGet(43)) - raft.server.sleep.deviation.threshold = 300 (default)
2019-10-21 04:28:52,858 [pool-27-thread-1] INFO  server.RaftServerConfigKeys (ConfUtils.java:logGet(43)) - raft.server.storage.dir = [/workdir/hadoop-ozone/integration-test/target/test-dir/MiniOzoneClusterImpl-50bd132f-794a-46b6-9d96-2578473f4a2b/datanode-0/data/ratis] (custom)
2019-10-21 04:28:52,858 [pool-47-thread-1] INFO  server.RaftServerConfigKeys (ConfUtils.java:logGet(43)) - raft.server.log.appender.install.snapshot.enabled = false (custom)
2019-10-21 04:28:52,858 [pool-37-thread-1] INFO  impl.RaftServerImpl (RaftServerImpl.java:<init>(104)) - dd1d24cd-1df3-4428-bf67-9b7dc9bd3e4c: new RaftServerImpl for group-D606C9B72829:[641380fb-ae96-4755-94e0-fd776bdc090f:192.168.34.41:39543, f02da163-2c1f-4de2-ab71-b915d7d0ae78:192.168.34.41:39439, dd1d24cd-1df3-4428-bf67-9b7dc9bd3e4c:192.168.34.41:45185] with ContainerStateMachine:uninitialized
2019-10-21 04:28:52,858 [pool-47-thread-1] INFO  impl.RaftServerImpl (ServerState.java:<init>(103)) - f02da163-2c1f-4de2-ab71-b915d7d0ae78@group-D606C9B72829: ConfigurationManager, init=-1: [641380fb-ae96-4755-94e0-fd776bdc090f:192.168.34.41:39543, f02da163-2c1f-4de2-ab71-b915d7d0ae78:192.168.34.41:39439, dd1d24cd-1df3-4428-bf67-9b7dc9bd3e4c:192.168.34.41:45185], old=null, confs=<EMPTY_MAP>
2019-10-21 04:28:52,858 [pool-27-thread-1] INFO  server.RaftServerConfigKeys (ConfUtils.java:logGet(43)) - raft.server.log.corruption.policy = EXCEPTION (default)
2019-10-21 04:28:52,859 [pool-47-thread-1] INFO  server.RaftServerConfigKeys (ConfUtils.java:logGet(43)) - raft.server.storage.dir = [/workdir/hadoop-ozone/integration-test/target/test-dir/MiniOzoneClusterImpl-50bd132f-794a-46b6-9d96-2578473f4a2b/datanode-2/data/ratis] (custom)
2019-10-21 04:28:52,859 [pool-37-thread-1] INFO  server.RaftServerConfigKeys (ConfUtils.java:logGet(43)) - raft.server.rpc.timeout.min = 5s (custom)
2019-10-21 04:28:52,859 [pool-47-thread-1] INFO  server.RaftServerConfigKeys (ConfUtils.java:logGet(43)) - raft.server.log.corruption.policy = EXCEPTION (default)
2019-10-21 04:28:52,859 [pool-27-thread-1] INFO  storage.RaftStorageDirectory (RaftStorageDirectory.java:analyzeStorage(246)) - The storage directory /workdir/hadoop-ozone/integration-test/target/test-dir/MiniOzoneClusterImpl-50bd132f-794a-46b6-9d96-2578473f4a2b/datanode-0/data/ratis/d49b1818-47fb-49d2-b44c-d606c9b72829 does not exist. Creating ...
2019-10-21 04:28:52,859 [pool-47-thread-1] INFO  storage.RaftStorageDirectory (RaftStorageDirectory.java:analyzeStorage(246)) - The storage directory /workdir/hadoop-ozone/integration-test/target/test-dir/MiniOzoneClusterImpl-50bd132f-794a-46b6-9d96-2578473f4a2b/datanode-2/data/ratis/d49b1818-47fb-49d2-b44c-d606c9b72829 does not exist. Creating ...
2019-10-21 04:28:52,859 [pool-37-thread-1] INFO  server.RaftServerConfigKeys (ConfUtils.java:logGet(43)) - raft.server.rpc.timeout.max = 5200ms (custom)
2019-10-21 04:28:52,859 [pool-37-thread-1] INFO  server.RaftServerConfigKeys (ConfUtils.java:logGet(43)) - raft.server.rpcslowness.timeout = 1000s (custom)
2019-10-21 04:28:52,860 [pool-37-thread-1] INFO  server.RaftServerConfigKeys (ConfUtils.java:logGet(43)) - raft.server.sleep.deviation.threshold = 300 (default)
2019-10-21 04:28:52,860 [pool-37-thread-1] INFO  server.RaftServerConfigKeys (ConfUtils.java:logGet(43)) - raft.server.log.appender.install.snapshot.enabled = false (custom)
2019-10-21 04:28:52,860 [pool-37-thread-1] INFO  impl.RaftServerImpl (ServerState.java:<init>(103)) - dd1d24cd-1df3-4428-bf67-9b7dc9bd3e4c@group-D606C9B72829: ConfigurationManager, init=-1: [641380fb-ae96-4755-94e0-fd776bdc090f:192.168.34.41:39543, f02da163-2c1f-4de2-ab71-b915d7d0ae78:192.168.34.41:39439, dd1d24cd-1df3-4428-bf67-9b7dc9bd3e4c:192.168.34.41:45185], old=null, confs=<EMPTY_MAP>
2019-10-21 04:28:52,860 [pool-37-thread-1] INFO  server.RaftServerConfigKeys (ConfUtils.java:logGet(43)) - raft.server.storage.dir = [/workdir/hadoop-ozone/integration-test/target/test-dir/MiniOzoneClusterImpl-50bd132f-794a-46b6-9d96-2578473f4a2b/datanode-1/data/ratis] (custom)
2019-10-21 04:28:52,860 [pool-37-thread-1] INFO  server.RaftServerConfigKeys (ConfUtils.java:logGet(43)) - raft.server.log.corruption.policy = EXCEPTION (default)
2019-10-21 04:28:52,861 [pool-37-thread-1] INFO  storage.RaftStorageDirectory (RaftStorageDirectory.java:analyzeStorage(246)) - The storage directory /workdir/hadoop-ozone/integration-test/target/test-dir/MiniOzoneClusterImpl-50bd132f-794a-46b6-9d96-2578473f4a2b/datanode-1/data/ratis/d49b1818-47fb-49d2-b44c-d606c9b72829 does not exist. Creating ...
2019-10-21 04:28:52,861 [Thread-194] INFO  impl.FollowerState (FollowerState.java:run(108)) - f02da163-2c1f-4de2-ab71-b915d7d0ae78@group-41F56FBD1CCD-FollowerState: change to CANDIDATE, lastRpcTime:43ms, electionTimeout:43ms
2019-10-21 04:28:52,862 [Thread-194] INFO  impl.RoleInfo (RoleInfo.java:shutdownFollowerState(121)) - f02da163-2c1f-4de2-ab71-b915d7d0ae78: shutdown FollowerState
2019-10-21 04:28:52,862 [Thread-194] INFO  impl.RaftServerImpl (RaftServerImpl.java:setRole(184)) - f02da163-2c1f-4de2-ab71-b915d7d0ae78@group-41F56FBD1CCD: changes role from  FOLLOWER to CANDIDATE at term 0 for changeToCandidate
2019-10-21 04:28:52,862 [Thread-194] INFO  impl.RoleInfo (RoleInfo.java:updateAndGet(143)) - f02da163-2c1f-4de2-ab71-b915d7d0ae78: start LeaderElection
2019-10-21 04:28:52,873 [pool-27-thread-1] INFO  storage.RaftStorageDirectory (RaftStorageDirectory.java:tryLock(328)) - Lock on /workdir/hadoop-ozone/integration-test/target/test-dir/MiniOzoneClusterImpl-50bd132f-794a-46b6-9d96-2578473f4a2b/datanode-0/data/ratis/d49b1818-47fb-49d2-b44c-d606c9b72829/in_use.lock acquired by nodename 32149@trunk-nightly-20191021-4s9dg-2799068384
2019-10-21 04:28:52,873 [f02da163-2c1f-4de2-ab71-b915d7d0ae78@group-41F56FBD1CCD-LeaderElection2] INFO  impl.LeaderElection (LeaderElection.java:askForVotes(178)) - f02da163-2c1f-4de2-ab71-b915d7d0ae78@group-41F56FBD1CCD-LeaderElection2: begin an election at term 1 for -1: [f02da163-2c1f-4de2-ab71-b915d7d0ae78:192.168.34.41:39439], old=null
2019-10-21 04:28:52,873 [pool-37-thread-1] INFO  storage.RaftStorageDirectory (RaftStorageDirectory.java:tryLock(328)) - Lock on /workdir/hadoop-ozone/integration-test/target/test-dir/MiniOzoneClusterImpl-50bd132f-794a-46b6-9d96-2578473f4a2b/datanode-1/data/ratis/d49b1818-47fb-49d2-b44c-d606c9b72829/in_use.lock acquired by nodename 32149@trunk-nightly-20191021-4s9dg-2799068384
2019-10-21 04:28:52,873 [pool-47-thread-1] INFO  storage.RaftStorageDirectory (RaftStorageDirectory.java:tryLock(328)) - Lock on /workdir/hadoop-ozone/integration-test/target/test-dir/MiniOzoneClusterImpl-50bd132f-794a-46b6-9d96-2578473f4a2b/datanode-2/data/ratis/d49b1818-47fb-49d2-b44c-d606c9b72829/in_use.lock acquired by nodename 32149@trunk-nightly-20191021-4s9dg-2799068384
2019-10-21 04:28:52,877 [f02da163-2c1f-4de2-ab71-b915d7d0ae78@group-41F56FBD1CCD-LeaderElection2] INFO  impl.RoleInfo (RoleInfo.java:shutdownLeaderElection(134)) - f02da163-2c1f-4de2-ab71-b915d7d0ae78: shutdown LeaderElection
2019-10-21 04:28:52,877 [f02da163-2c1f-4de2-ab71-b915d7d0ae78@group-41F56FBD1CCD-LeaderElection2] INFO  impl.RaftServerImpl (RaftServerImpl.java:setRole(184)) - f02da163-2c1f-4de2-ab71-b915d7d0ae78@group-41F56FBD1CCD: changes role from CANDIDATE to LEADER at term 1 for changeToLeader
2019-10-21 04:28:52,878 [f02da163-2c1f-4de2-ab71-b915d7d0ae78@group-41F56FBD1CCD-LeaderElection2] INFO  impl.RaftServerImpl (ServerState.java:setLeader(256)) - f02da163-2c1f-4de2-ab71-b915d7d0ae78@group-41F56FBD1CCD: change Leader from null to f02da163-2c1f-4de2-ab71-b915d7d0ae78 at term 1 for becomeLeader, leader elected after 73ms
2019-10-21 04:28:52,878 [f02da163-2c1f-4de2-ab71-b915d7d0ae78@group-41F56FBD1CCD-LeaderElection2] INFO  server.RaftServerConfigKeys (ConfUtils.java:logGet(43)) - raft.server.staging.catchup.gap = 1000 (default)
2019-10-21 04:28:52,878 [f02da163-2c1f-4de2-ab71-b915d7d0ae78@group-41F56FBD1CCD-LeaderElection2] INFO  server.RaftServerConfigKeys (ConfUtils.java:logGet(43)) - raft.server.rpc.sleep.time = 25ms (default)
2019-10-21 04:28:52,878 [f02da163-2c1f-4de2-ab71-b915d7d0ae78@group-41F56FBD1CCD-LeaderElection2] INFO  server.RaftServerConfigKeys (ConfUtils.java:logGet(43)) - raft.server.write.element-limit = 4096 (default)
2019-10-21 04:28:52,878 [f02da163-2c1f-4de2-ab71-b915d7d0ae78@group-41F56FBD1CCD-LeaderElection2] INFO  server.RaftServerConfigKeys (ConfUtils.java:logGet(43)) - raft.server.watch.timeout = 10s (default)
2019-10-21 04:28:52,878 [f02da163-2c1f-4de2-ab71-b915d7d0ae78@group-41F56FBD1CCD-LeaderElection2] INFO  server.RaftServerConfigKeys (ConfUtils.java:logGet(43)) - raft.server.watch.timeout.denomination = 1s (default)
2019-10-21 04:28:52,879 [f02da163-2c1f-4de2-ab71-b915d7d0ae78@group-41F56FBD1CCD-LeaderElection2] INFO  server.RaftServerConfigKeys (ConfUtils.java:logGet(43)) - raft.server.watch.element-limit = 65536 (default)
2019-10-21 04:28:52,881 [f02da163-2c1f-4de2-ab71-b915d7d0ae78@group-41F56FBD1CCD-LeaderElection2] INFO  impl.RoleInfo (RoleInfo.java:updateAndGet(143)) - f02da163-2c1f-4de2-ab71-b915d7d0ae78: start LeaderState
2019-10-21 04:28:52,881 [f02da163-2c1f-4de2-ab71-b915d7d0ae78@group-41F56FBD1CCD-LeaderElection2] INFO  segmented.SegmentedRaftLogWorker (SegmentedRaftLogWorker.java:startLogSegment(385)) - f02da163-2c1f-4de2-ab71-b915d7d0ae78@group-41F56FBD1CCD-SegmentedRaftLogWorker: Starting segment from index:0
2019-10-21 04:28:52,882 [f02da163-2c1f-4de2-ab71-b915d7d0ae78@group-41F56FBD1CCD-LeaderElection2] INFO  impl.RaftServerImpl (ServerState.java:setRaftConf(357)) - f02da163-2c1f-4de2-ab71-b915d7d0ae78@group-41F56FBD1CCD: set configuration 0: [f02da163-2c1f-4de2-ab71-b915d7d0ae78:192.168.34.41:39439], old=null at 0
2019-10-21 04:28:52,893 [pool-37-thread-1] INFO  storage.RaftStorage (RaftStorage.java:format(84)) - Storage directory /workdir/hadoop-ozone/integration-test/target/test-dir/MiniOzoneClusterImpl-50bd132f-794a-46b6-9d96-2578473f4a2b/datanode-1/data/ratis/d49b1818-47fb-49d2-b44c-d606c9b72829 has been successfully formatted.
2019-10-21 04:28:52,893 [pool-27-thread-1] INFO  storage.RaftStorage (RaftStorage.java:format(84)) - Storage directory /workdir/hadoop-ozone/integration-test/target/test-dir/MiniOzoneClusterImpl-50bd132f-794a-46b6-9d96-2578473f4a2b/datanode-0/data/ratis/d49b1818-47fb-49d2-b44c-d606c9b72829 has been successfully formatted.
2019-10-21 04:28:52,894 [pool-37-thread-1] INFO  ratis.ContainerStateMachine (ContainerStateMachine.java:loadSnapshot(231)) - group-D606C9B72829: The snapshot info is null. Setting the last applied indexto:(t:0, i:~)
2019-10-21 04:28:52,893 [pool-47-thread-1] INFO  storage.RaftStorage (RaftStorage.java:format(84)) - Storage directory /workdir/hadoop-ozone/integration-test/target/test-dir/MiniOzoneClusterImpl-50bd132f-794a-46b6-9d96-2578473f4a2b/datanode-2/data/ratis/d49b1818-47fb-49d2-b44c-d606c9b72829 has been successfully formatted.
2019-10-21 04:28:52,894 [pool-37-thread-1] INFO  server.RaftServerConfigKeys (ConfUtils.java:logGet(43)) - raft.server.notification.no-leader.timeout = 1000s (custom)
2019-10-21 04:28:52,894 [pool-27-thread-1] INFO  ratis.ContainerStateMachine (ContainerStateMachine.java:loadSnapshot(231)) - group-D606C9B72829: The snapshot info is null. Setting the last applied indexto:(t:0, i:~)
2019-10-21 04:28:52,894 [pool-37-thread-1] INFO  server.RaftServerConfigKeys (ConfUtils.java:logGet(43)) - raft.server.log.use.memory = false (default)
2019-10-21 04:28:52,894 [pool-47-thread-1] INFO  ratis.ContainerStateMachine (ContainerStateMachine.java:loadSnapshot(231)) - group-D606C9B72829: The snapshot info is null. Setting the last applied indexto:(t:0, i:~)
2019-10-21 04:28:52,894 [pool-37-thread-1] INFO  server.RaftServerConfigKeys (ConfUtils.java:logGet(43)) - raft.server.log.purge.gap = 1000000 (custom)
2019-10-21 04:28:52,894 [pool-27-thread-1] INFO  server.RaftServerConfigKeys (ConfUtils.java:logGet(43)) - raft.server.notification.no-leader.timeout = 1000s (custom)
2019-10-21 04:28:52,895 [pool-37-thread-1] INFO  server.RaftServerConfigKeys (ConfUtils.java:logGet(43)) - raft.server.log.appender.buffer.byte-limit = 33554432 (custom)
2019-10-21 04:28:52,895 [pool-47-thread-1] INFO  server.RaftServerConfigKeys (ConfUtils.java:logGet(43)) - raft.server.notification.no-leader.timeout = 1000s (custom)
2019-10-21 04:28:52,895 [pool-37-thread-1] INFO  server.RaftServerConfigKeys (ConfUtils.java:logGet(43)) - raft.server.log.segment.size.max = 1048576 (custom)
2019-10-21 04:28:52,895 [pool-27-thread-1] INFO  server.RaftServerConfigKeys (ConfUtils.java:logGet(43)) - raft.server.log.use.memory = false (default)
2019-10-21 04:28:52,895 [pool-37-thread-1] INFO  server.RaftServerConfigKeys (ConfUtils.java:logGet(43)) - raft.server.log.segment.cache.num.max = 2 (custom)
2019-10-21 04:28:52,895 [pool-47-thread-1] INFO  server.RaftServerConfigKeys (ConfUtils.java:logGet(43)) - raft.server.log.use.memory = false (default)
2019-10-21 04:28:52,895 [pool-37-thread-1] INFO  segmented.SegmentedRaftLogWorker (SegmentedRaftLogWorker.java:<init>(173)) - new dd1d24cd-1df3-4428-bf67-9b7dc9bd3e4c@group-D606C9B72829-SegmentedRaftLogWorker for RaftStorage:Storage Directory /workdir/hadoop-ozone/integration-test/target/test-dir/MiniOzoneClusterImpl-50bd132f-794a-46b6-9d96-2578473f4a2b/datanode-1/data/ratis/d49b1818-47fb-49d2-b44c-d606c9b72829
2019-10-21 04:28:52,895 [pool-27-thread-1] INFO  server.RaftServerConfigKeys (ConfUtils.java:logGet(43)) - raft.server.log.purge.gap = 1000000 (custom)
2019-10-21 04:28:52,896 [pool-37-thread-1] INFO  server.RaftServerConfigKeys (ConfUtils.java:logGet(43)) - raft.server.log.queue.byte-limit = 2147483647 (custom)
2019-10-21 04:28:52,895 [pool-47-thread-1] INFO  server.RaftServerConfigKeys (ConfUtils.java:logGet(43)) - raft.server.log.purge.gap = 1000000 (custom)
2019-10-21 04:28:52,896 [pool-37-thread-1] INFO  server.RaftServerConfigKeys (ConfUtils.java:logGet(43)) - raft.server.log.queue.element-limit = 1024 (custom)
2019-10-21 04:28:52,896 [pool-27-thread-1] INFO  server.RaftServerConfigKeys (ConfUtils.java:logGet(43)) - raft.server.log.appender.buffer.byte-limit = 33554432 (custom)
2019-10-21 04:28:52,896 [pool-37-thread-1] INFO  server.RaftServerConfigKeys (ConfUtils.java:logGet(43)) - raft.server.log.segment.size.max = 1048576 (custom)
2019-10-21 04:28:52,896 [pool-47-thread-1] INFO  server.RaftServerConfigKeys (ConfUtils.java:logGet(43)) - raft.server.log.appender.buffer.byte-limit = 33554432 (custom)
2019-10-21 04:28:52,896 [pool-37-thread-1] INFO  server.RaftServerConfigKeys (ConfUtils.java:logGet(43)) - raft.server.log.preallocated.size = 16384 (custom)
2019-10-21 04:28:52,896 [pool-27-thread-1] INFO  server.RaftServerConfigKeys (ConfUtils.java:logGet(43)) - raft.server.log.segment.size.max = 1048576 (custom)
2019-10-21 04:28:52,897 [pool-37-thread-1] INFO  server.RaftServerConfigKeys (ConfUtils.java:logGet(43)) - raft.server.log.write.buffer.size = 33554432 (custom)
2019-10-21 04:28:52,896 [pool-47-thread-1] INFO  server.RaftServerConfigKeys (ConfUtils.java:logGet(43)) - raft.server.log.segment.size.max = 1048576 (custom)
2019-10-21 04:28:52,897 [pool-37-thread-1] INFO  server.RaftServerConfigKeys (ConfUtils.java:logGet(43)) - raft.server.log.force.sync.num = 128 (default)
2019-10-21 04:28:52,897 [pool-27-thread-1] INFO  server.RaftServerConfigKeys (ConfUtils.java:logGet(43)) - raft.server.log.segment.cache.num.max = 2 (custom)
2019-10-21 04:28:52,897 [pool-37-thread-1] INFO  server.RaftServerConfigKeys (ConfUtils.java:logGet(43)) - raft.server.log.statemachine.data.sync = true (default)
2019-10-21 04:28:52,897 [pool-47-thread-1] INFO  server.RaftServerConfigKeys (ConfUtils.java:logGet(43)) - raft.server.log.segment.cache.num.max = 2 (custom)
2019-10-21 04:28:52,897 [pool-37-thread-1] INFO  server.RaftServerConfigKeys (ConfUtils.java:logGet(43)) - raft.server.log.statemachine.data.sync.timeout = 10s (default)
2019-10-21 04:28:52,897 [pool-27-thread-1] INFO  segmented.SegmentedRaftLogWorker (SegmentedRaftLogWorker.java:<init>(173)) - new 641380fb-ae96-4755-94e0-fd776bdc090f@group-D606C9B72829-SegmentedRaftLogWorker for RaftStorage:Storage Directory /workdir/hadoop-ozone/integration-test/target/test-dir/MiniOzoneClusterImpl-50bd132f-794a-46b6-9d96-2578473f4a2b/datanode-0/data/ratis/d49b1818-47fb-49d2-b44c-d606c9b72829
2019-10-21 04:28:52,897 [pool-37-thread-1] INFO  server.RaftServerConfigKeys (ConfUtils.java:logGet(43)) - raft.server.log.statemachine.data.sync.timeout.retry = -1 (default)
2019-10-21 04:28:52,897 [pool-47-thread-1] INFO  segmented.SegmentedRaftLogWorker (SegmentedRaftLogWorker.java:<init>(173)) - new f02da163-2c1f-4de2-ab71-b915d7d0ae78@group-D606C9B72829-SegmentedRaftLogWorker for RaftStorage:Storage Directory /workdir/hadoop-ozone/integration-test/target/test-dir/MiniOzoneClusterImpl-50bd132f-794a-46b6-9d96-2578473f4a2b/datanode-2/data/ratis/d49b1818-47fb-49d2-b44c-d606c9b72829
2019-10-21 04:28:52,898 [pool-27-thread-1] INFO  server.RaftServerConfigKeys (ConfUtils.java:logGet(43)) - raft.server.log.queue.byte-limit = 2147483647 (custom)
2019-10-21 04:28:52,898 [pool-47-thread-1] INFO  server.RaftServerConfigKeys (ConfUtils.java:logGet(43)) - raft.server.log.queue.byte-limit = 2147483647 (custom)
2019-10-21 04:28:52,898 [pool-37-thread-1] INFO  server.RaftServerConfigKeys (ConfUtils.java:logGet(43)) - raft.server.log.statemachine.data.caching.enabled = true (custom)
2019-10-21 04:28:52,898 [pool-47-thread-1] INFO  server.RaftServerConfigKeys (ConfUtils.java:logGet(43)) - raft.server.log.queue.element-limit = 1024 (custom)
2019-10-21 04:28:52,898 [pool-27-thread-1] INFO  server.RaftServerConfigKeys (ConfUtils.java:logGet(43)) - raft.server.log.queue.element-limit = 1024 (custom)
2019-10-21 04:28:52,898 [pool-47-thread-1] INFO  server.RaftServerConfigKeys (ConfUtils.java:logGet(43)) - raft.server.log.segment.size.max = 1048576 (custom)
2019-10-21 04:28:52,898 [pool-27-thread-1] INFO  server.RaftServerConfigKeys (ConfUtils.java:logGet(43)) - raft.server.log.segment.size.max = 1048576 (custom)
2019-10-21 04:28:52,898 [pool-37-thread-1] INFO  segmented.SegmentedRaftLogWorker (SegmentedRaftLogWorker.java:lambda$new$0(128)) - dd1d24cd-1df3-4428-bf67-9b7dc9bd3e4c@group-D606C9B72829-SegmentedRaftLogWorker: flushIndex: setUnconditionally 0 -> -1
2019-10-21 04:28:52,898 [pool-27-thread-1] INFO  server.RaftServerConfigKeys (ConfUtils.java:logGet(43)) - raft.server.log.preallocated.size = 16384 (custom)
2019-10-21 04:28:52,898 [pool-47-thread-1] INFO  server.RaftServerConfigKeys (ConfUtils.java:logGet(43)) - raft.server.log.preallocated.size = 16384 (custom)
2019-10-21 04:28:52,899 [pool-37-thread-1] INFO  server.RaftServerConfigKeys (ConfUtils.java:logGet(43)) - raft.server.snapshot.auto.trigger.enabled = true (custom)
2019-10-21 04:28:52,899 [pool-27-thread-1] INFO  server.RaftServerConfigKeys (ConfUtils.java:logGet(43)) - raft.server.log.write.buffer.size = 33554432 (custom)
2019-10-21 04:28:52,899 [pool-37-thread-1] INFO  server.RaftServerConfigKeys (ConfUtils.java:logGet(43)) - raft.server.snapshot.auto.trigger.threshold = 10000 (custom)
2019-10-21 04:28:52,899 [pool-47-thread-1] INFO  server.RaftServerConfigKeys (ConfUtils.java:logGet(43)) - raft.server.log.write.buffer.size = 33554432 (custom)
2019-10-21 04:28:52,899 [pool-37-thread-1] INFO  server.RaftServerConfigKeys (ConfUtils.java:logGet(43)) - raft.server.snapshot.retention.file.num = 5 (custom)
2019-10-21 04:28:52,899 [pool-27-thread-1] INFO  server.RaftServerConfigKeys (ConfUtils.java:logGet(43)) - raft.server.log.force.sync.num = 128 (default)
2019-10-21 04:28:52,899 [pool-47-thread-1] INFO  server.RaftServerConfigKeys (ConfUtils.java:logGet(43)) - raft.server.log.force.sync.num = 128 (default)
2019-10-21 04:28:52,900 [pool-27-thread-1] INFO  server.RaftServerConfigKeys (ConfUtils.java:logGet(43)) - raft.server.log.statemachine.data.sync = true (default)
2019-10-21 04:28:52,900 [pool-37-thread-1] INFO  server.RaftServerConfigKeys (ConfUtils.java:logGet(43)) - raft.server.retrycache.expirytime = 600000ms (custom)
2019-10-21 04:28:52,900 [pool-27-thread-1] INFO  server.RaftServerConfigKeys (ConfUtils.java:logGet(43)) - raft.server.log.statemachine.data.sync.timeout = 10s (default)
2019-10-21 04:28:52,900 [pool-47-thread-1] INFO  server.RaftServerConfigKeys (ConfUtils.java:logGet(43)) - raft.server.log.statemachine.data.sync = true (default)
2019-10-21 04:28:52,900 [pool-27-thread-1] INFO  server.RaftServerConfigKeys (ConfUtils.java:logGet(43)) - raft.server.log.statemachine.data.sync.timeout.retry = -1 (default)
2019-10-21 04:28:52,900 [pool-47-thread-1] INFO  server.RaftServerConfigKeys (ConfUtils.java:logGet(43)) - raft.server.log.statemachine.data.sync.timeout = 10s (default)
2019-10-21 04:28:52,900 [pool-27-thread-1] INFO  server.RaftServerConfigKeys (ConfUtils.java:logGet(43)) - raft.server.log.statemachine.data.caching.enabled = true (custom)
2019-10-21 04:28:52,900 [pool-47-thread-1] INFO  server.RaftServerConfigKeys (ConfUtils.java:logGet(43)) - raft.server.log.statemachine.data.sync.timeout.retry = -1 (default)
2019-10-21 04:28:52,901 [pool-27-thread-1] INFO  segmented.SegmentedRaftLogWorker (SegmentedRaftLogWorker.java:lambda$new$0(128)) - 641380fb-ae96-4755-94e0-fd776bdc090f@group-D606C9B72829-SegmentedRaftLogWorker: flushIndex: setUnconditionally 0 -> -1
2019-10-21 04:28:52,901 [pool-47-thread-1] INFO  server.RaftServerConfigKeys (ConfUtils.java:logGet(43)) - raft.server.log.statemachine.data.caching.enabled = true (custom)
2019-10-21 04:28:52,901 [pool-47-thread-1] INFO  segmented.SegmentedRaftLogWorker (SegmentedRaftLogWorker.java:lambda$new$0(128)) - f02da163-2c1f-4de2-ab71-b915d7d0ae78@group-D606C9B72829-SegmentedRaftLogWorker: flushIndex: setUnconditionally 0 -> -1
2019-10-21 04:28:52,901 [pool-27-thread-1] INFO  server.RaftServerConfigKeys (ConfUtils.java:logGet(43)) - raft.server.snapshot.auto.trigger.enabled = true (custom)
2019-10-21 04:28:52,901 [pool-27-thread-1] INFO  server.RaftServerConfigKeys (ConfUtils.java:logGet(43)) - raft.server.snapshot.auto.trigger.threshold = 10000 (custom)
2019-10-21 04:28:52,901 [pool-27-thread-1] INFO  server.RaftServerConfigKeys (ConfUtils.java:logGet(43)) - raft.server.snapshot.retention.file.num = 5 (custom)
2019-10-21 04:28:52,901 [pool-47-thread-1] INFO  server.RaftServerConfigKeys (ConfUtils.java:logGet(43)) - raft.server.snapshot.auto.trigger.enabled = true (custom)
2019-10-21 04:28:52,902 [pool-27-thread-1] INFO  server.RaftServerConfigKeys (ConfUtils.java:logGet(43)) - raft.server.retrycache.expirytime = 600000ms (custom)
2019-10-21 04:28:52,902 [pool-47-thread-1] INFO  server.RaftServerConfigKeys (ConfUtils.java:logGet(43)) - raft.server.snapshot.auto.trigger.threshold = 10000 (custom)
2019-10-21 04:28:52,902 [pool-47-thread-1] INFO  server.RaftServerConfigKeys (ConfUtils.java:logGet(43)) - raft.server.snapshot.retention.file.num = 5 (custom)
2019-10-21 04:28:52,902 [pool-47-thread-1] INFO  server.RaftServerConfigKeys (ConfUtils.java:logGet(43)) - raft.server.retrycache.expirytime = 600000ms (custom)
2019-10-21 04:28:52,902 [pool-37-thread-1] INFO  impl.RaftServerImpl (RaftServerImpl.java:start(195)) - dd1d24cd-1df3-4428-bf67-9b7dc9bd3e4c@group-D606C9B72829: start as a follower, conf=-1: [641380fb-ae96-4755-94e0-fd776bdc090f:192.168.34.41:39543, f02da163-2c1f-4de2-ab71-b915d7d0ae78:192.168.34.41:39439, dd1d24cd-1df3-4428-bf67-9b7dc9bd3e4c:192.168.34.41:45185], old=null
2019-10-21 04:28:52,902 [pool-37-thread-1] INFO  impl.RaftServerImpl (RaftServerImpl.java:setRole(184)) - dd1d24cd-1df3-4428-bf67-9b7dc9bd3e4c@group-D606C9B72829: changes role from      null to FOLLOWER at term 0 for startAsFollower
2019-10-21 04:28:52,903 [pool-37-thread-1] INFO  impl.RoleInfo (RoleInfo.java:updateAndGet(143)) - dd1d24cd-1df3-4428-bf67-9b7dc9bd3e4c: start FollowerState
2019-10-21 04:28:52,903 [pool-37-thread-1] INFO  util.JmxRegister (JmxRegister.java:tryRegister(44)) - Successfully registered JMX Bean with object name Ratis:service=RaftServer,group=group-D606C9B72829,id=dd1d24cd-1df3-4428-bf67-9b7dc9bd3e4c
2019-10-21 04:28:52,904 [pool-27-thread-1] INFO  impl.RaftServerImpl (RaftServerImpl.java:start(195)) - 641380fb-ae96-4755-94e0-fd776bdc090f@group-D606C9B72829: start as a follower, conf=-1: [641380fb-ae96-4755-94e0-fd776bdc090f:192.168.34.41:39543, f02da163-2c1f-4de2-ab71-b915d7d0ae78:192.168.34.41:39439, dd1d24cd-1df3-4428-bf67-9b7dc9bd3e4c:192.168.34.41:45185], old=null
2019-10-21 04:28:52,904 [pool-27-thread-1] INFO  impl.RaftServerImpl (RaftServerImpl.java:setRole(184)) - 641380fb-ae96-4755-94e0-fd776bdc090f@group-D606C9B72829: changes role from      null to FOLLOWER at term 0 for startAsFollower
2019-10-21 04:28:52,904 [pool-27-thread-1] INFO  impl.RoleInfo (RoleInfo.java:updateAndGet(143)) - 641380fb-ae96-4755-94e0-fd776bdc090f: start FollowerState
2019-10-21 04:28:52,904 [pool-27-thread-1] INFO  util.JmxRegister (JmxRegister.java:tryRegister(44)) - Successfully registered JMX Bean with object name Ratis:service=RaftServer,group=group-D606C9B72829,id=641380fb-ae96-4755-94e0-fd776bdc090f
2019-10-21 04:28:52,906 [pool-47-thread-1] INFO  impl.RaftServerImpl (RaftServerImpl.java:start(195)) - f02da163-2c1f-4de2-ab71-b915d7d0ae78@group-D606C9B72829: start as a follower, conf=-1: [641380fb-ae96-4755-94e0-fd776bdc090f:192.168.34.41:39543, f02da163-2c1f-4de2-ab71-b915d7d0ae78:192.168.34.41:39439, dd1d24cd-1df3-4428-bf67-9b7dc9bd3e4c:192.168.34.41:45185], old=null
2019-10-21 04:28:52,906 [pool-47-thread-1] INFO  impl.RaftServerImpl (RaftServerImpl.java:setRole(184)) - f02da163-2c1f-4de2-ab71-b915d7d0ae78@group-D606C9B72829: changes role from      null to FOLLOWER at term 0 for startAsFollower
2019-10-21 04:28:52,906 [pool-47-thread-1] INFO  impl.RoleInfo (RoleInfo.java:updateAndGet(143)) - f02da163-2c1f-4de2-ab71-b915d7d0ae78: start FollowerState
2019-10-21 04:28:52,907 [pool-47-thread-1] INFO  util.JmxRegister (JmxRegister.java:tryRegister(44)) - Successfully registered JMX Bean with object name Ratis:service=RaftServer,group=group-D606C9B72829,id=f02da163-2c1f-4de2-ab71-b915d7d0ae78
2019-10-21 04:28:52,914 [Thread-191] INFO  impl.FollowerState (FollowerState.java:run(108)) - dd1d24cd-1df3-4428-bf67-9b7dc9bd3e4c@group-D632F9BAFAB7-FollowerState: change to CANDIDATE, lastRpcTime:173ms, electionTimeout:168ms
2019-10-21 04:28:52,914 [Thread-203] INFO  impl.FollowerState (FollowerState.java:run(108)) - f02da163-2c1f-4de2-ab71-b915d7d0ae78@group-D606C9B72829-FollowerState: change to CANDIDATE, lastRpcTime:7ms, electionTimeout:1ms
2019-10-21 04:28:52,915 [Thread-203] INFO  impl.RoleInfo (RoleInfo.java:shutdownFollowerState(121)) - f02da163-2c1f-4de2-ab71-b915d7d0ae78: shutdown FollowerState
2019-10-21 04:28:52,915 [Thread-191] INFO  impl.RoleInfo (RoleInfo.java:shutdownFollowerState(121)) - dd1d24cd-1df3-4428-bf67-9b7dc9bd3e4c: shutdown FollowerState
2019-10-21 04:28:52,916 [Thread-203] INFO  impl.RaftServerImpl (RaftServerImpl.java:setRole(184)) - f02da163-2c1f-4de2-ab71-b915d7d0ae78@group-D606C9B72829: changes role from  FOLLOWER to CANDIDATE at term 0 for changeToCandidate
2019-10-21 04:28:52,920 [Thread-191] INFO  impl.RaftServerImpl (RaftServerImpl.java:setRole(184)) - dd1d24cd-1df3-4428-bf67-9b7dc9bd3e4c@group-D632F9BAFAB7: changes role from  FOLLOWER to CANDIDATE at term 0 for changeToCandidate
2019-10-21 04:28:52,920 [Thread-203] INFO  impl.RoleInfo (RoleInfo.java:updateAndGet(143)) - f02da163-2c1f-4de2-ab71-b915d7d0ae78: start LeaderElection
2019-10-21 04:28:52,920 [Thread-191] INFO  impl.RoleInfo (RoleInfo.java:updateAndGet(143)) - dd1d24cd-1df3-4428-bf67-9b7dc9bd3e4c: start LeaderElection
2019-10-21 04:28:52,934 [RatisPipelineUtilsThread] INFO  pipeline.PipelineStateManager (PipelineStateManager.java:addPipeline(56)) - Created pipeline Pipeline[ Id: d49b1818-47fb-49d2-b44c-d606c9b72829, Nodes: dd1d24cd-1df3-4428-bf67-9b7dc9bd3e4c{ip: 192.168.34.41, host: trunk-nightly-20191021-4s9dg-2799068384, networkLocation: /default-rack, certSerialId: null}641380fb-ae96-4755-94e0-fd776bdc090f{ip: 192.168.34.41, host: trunk-nightly-20191021-4s9dg-2799068384, networkLocation: /default-rack, certSerialId: null}f02da163-2c1f-4de2-ab71-b915d7d0ae78{ip: 192.168.34.41, host: trunk-nightly-20191021-4s9dg-2799068384, networkLocation: /default-rack, certSerialId: null}, Type:RATIS, Factor:THREE, State:OPEN]
2019-10-21 04:28:52,938 [641380fb-ae96-4755-94e0-fd776bdc090f@group-60568A379C4A-SegmentedRaftLogWorker] INFO  segmented.SegmentedRaftLogWorker (SegmentedRaftLogWorker.java:execute(576)) - 641380fb-ae96-4755-94e0-fd776bdc090f@group-60568A379C4A-SegmentedRaftLogWorker: created new log segment /workdir/hadoop-ozone/integration-test/target/test-dir/MiniOzoneClusterImpl-50bd132f-794a-46b6-9d96-2578473f4a2b/datanode-0/data/ratis/f698623b-ce76-4d00-987b-60568a379c4a/current/log_inprogress_0
2019-10-21 04:28:52,938 [f02da163-2c1f-4de2-ab71-b915d7d0ae78@group-D606C9B72829-LeaderElection3] INFO  impl.LeaderElection (LeaderElection.java:askForVotes(178)) - f02da163-2c1f-4de2-ab71-b915d7d0ae78@group-D606C9B72829-LeaderElection3: begin an election at term 1 for -1: [641380fb-ae96-4755-94e0-fd776bdc090f:192.168.34.41:39543, f02da163-2c1f-4de2-ab71-b915d7d0ae78:192.168.34.41:39439, dd1d24cd-1df3-4428-bf67-9b7dc9bd3e4c:192.168.34.41:45185], old=null
2019-10-21 04:28:52,938 [dd1d24cd-1df3-4428-bf67-9b7dc9bd3e4c@group-D632F9BAFAB7-LeaderElection4] INFO  impl.LeaderElection (LeaderElection.java:askForVotes(178)) - dd1d24cd-1df3-4428-bf67-9b7dc9bd3e4c@group-D632F9BAFAB7-LeaderElection4: begin an election at term 1 for -1: [dd1d24cd-1df3-4428-bf67-9b7dc9bd3e4c:192.168.34.41:45185], old=null
2019-10-21 04:28:52,938 [f02da163-2c1f-4de2-ab71-b915d7d0ae78@group-41F56FBD1CCD-SegmentedRaftLogWorker] INFO  segmented.SegmentedRaftLogWorker (SegmentedRaftLogWorker.java:execute(576)) - f02da163-2c1f-4de2-ab71-b915d7d0ae78@group-41F56FBD1CCD-SegmentedRaftLogWorker: created new log segment /workdir/hadoop-ozone/integration-test/target/test-dir/MiniOzoneClusterImpl-50bd132f-794a-46b6-9d96-2578473f4a2b/datanode-2/data/ratis/6d405a88-4a05-4aad-a675-41f56fbd1ccd/current/log_inprogress_0
2019-10-21 04:28:52,940 [dd1d24cd-1df3-4428-bf67-9b7dc9bd3e4c@group-D632F9BAFAB7-LeaderElection4] INFO  impl.RoleInfo (RoleInfo.java:shutdownLeaderElection(134)) - dd1d24cd-1df3-4428-bf67-9b7dc9bd3e4c: shutdown LeaderElection
2019-10-21 04:28:52,940 [dd1d24cd-1df3-4428-bf67-9b7dc9bd3e4c@group-D632F9BAFAB7-LeaderElection4] INFO  impl.RaftServerImpl (RaftServerImpl.java:setRole(184)) - dd1d24cd-1df3-4428-bf67-9b7dc9bd3e4c@group-D632F9BAFAB7: changes role from CANDIDATE to LEADER at term 1 for changeToLeader
2019-10-21 04:28:52,940 [dd1d24cd-1df3-4428-bf67-9b7dc9bd3e4c@group-D632F9BAFAB7-LeaderElection4] INFO  impl.RaftServerImpl (ServerState.java:setLeader(256)) - dd1d24cd-1df3-4428-bf67-9b7dc9bd3e4c@group-D632F9BAFAB7: change Leader from null to dd1d24cd-1df3-4428-bf67-9b7dc9bd3e4c at term 1 for becomeLeader, leader elected after 249ms
2019-10-21 04:28:52,940 [dd1d24cd-1df3-4428-bf67-9b7dc9bd3e4c@group-D632F9BAFAB7-LeaderElection4] INFO  server.RaftServerConfigKeys (ConfUtils.java:logGet(43)) - raft.server.staging.catchup.gap = 1000 (default)
2019-10-21 04:28:52,941 [dd1d24cd-1df3-4428-bf67-9b7dc9bd3e4c@group-D632F9BAFAB7-LeaderElection4] INFO  server.RaftServerConfigKeys (ConfUtils.java:logGet(43)) - raft.server.rpc.sleep.time = 25ms (default)
2019-10-21 04:28:52,941 [dd1d24cd-1df3-4428-bf67-9b7dc9bd3e4c@group-D632F9BAFAB7-LeaderElection4] INFO  server.RaftServerConfigKeys (ConfUtils.java:logGet(43)) - raft.server.write.element-limit = 4096 (default)
2019-10-21 04:28:52,941 [dd1d24cd-1df3-4428-bf67-9b7dc9bd3e4c@group-D632F9BAFAB7-LeaderElection4] INFO  server.RaftServerConfigKeys (ConfUtils.java:logGet(43)) - raft.server.watch.timeout = 10s (default)
2019-10-21 04:28:52,941 [dd1d24cd-1df3-4428-bf67-9b7dc9bd3e4c@group-D632F9BAFAB7-LeaderElection4] INFO  server.RaftServerConfigKeys (ConfUtils.java:logGet(43)) - raft.server.watch.timeout.denomination = 1s (default)
2019-10-21 04:28:52,941 [dd1d24cd-1df3-4428-bf67-9b7dc9bd3e4c@group-D632F9BAFAB7-LeaderElection4] INFO  server.RaftServerConfigKeys (ConfUtils.java:logGet(43)) - raft.server.watch.element-limit = 65536 (default)
2019-10-21 04:28:52,943 [dd1d24cd-1df3-4428-bf67-9b7dc9bd3e4c@group-D632F9BAFAB7-LeaderElection4] INFO  impl.RoleInfo (RoleInfo.java:updateAndGet(143)) - dd1d24cd-1df3-4428-bf67-9b7dc9bd3e4c: start LeaderState
2019-10-21 04:28:52,944 [dd1d24cd-1df3-4428-bf67-9b7dc9bd3e4c@group-D632F9BAFAB7-LeaderElection4] INFO  segmented.SegmentedRaftLogWorker (SegmentedRaftLogWorker.java:startLogSegment(385)) - dd1d24cd-1df3-4428-bf67-9b7dc9bd3e4c@group-D632F9BAFAB7-SegmentedRaftLogWorker: Starting segment from index:0
2019-10-21 04:28:52,944 [dd1d24cd-1df3-4428-bf67-9b7dc9bd3e4c@group-D632F9BAFAB7-LeaderElection4] INFO  impl.RaftServerImpl (ServerState.java:setRaftConf(357)) - dd1d24cd-1df3-4428-bf67-9b7dc9bd3e4c@group-D632F9BAFAB7: set configuration 0: [dd1d24cd-1df3-4428-bf67-9b7dc9bd3e4c:192.168.34.41:45185], old=null at 0
2019-10-21 04:28:52,945 [Thread-202] INFO  impl.FollowerState (FollowerState.java:run(108)) - 641380fb-ae96-4755-94e0-fd776bdc090f@group-D606C9B72829-FollowerState: change to CANDIDATE, lastRpcTime:40ms, electionTimeout:40ms
2019-10-21 04:28:52,945 [Thread-202] INFO  impl.RoleInfo (RoleInfo.java:shutdownFollowerState(121)) - 641380fb-ae96-4755-94e0-fd776bdc090f: shutdown FollowerState
2019-10-21 04:28:52,945 [Thread-202] INFO  impl.RaftServerImpl (RaftServerImpl.java:setRole(184)) - 641380fb-ae96-4755-94e0-fd776bdc090f@group-D606C9B72829: changes role from  FOLLOWER to CANDIDATE at term 0 for changeToCandidate
2019-10-21 04:28:52,945 [Thread-202] INFO  impl.RoleInfo (RoleInfo.java:updateAndGet(143)) - 641380fb-ae96-4755-94e0-fd776bdc090f: start LeaderElection
2019-10-21 04:28:52,973 [Thread-201] INFO  impl.FollowerState (FollowerState.java:run(108)) - dd1d24cd-1df3-4428-bf67-9b7dc9bd3e4c@group-D606C9B72829-FollowerState: change to CANDIDATE, lastRpcTime:69ms, electionTimeout:64ms
2019-10-21 04:28:52,973 [main] INFO  ozone.MiniOzoneClusterImpl (MiniOzoneClusterImpl.java:lambda$waitForClusterToBeReady$0(147)) - Cluster is ready. Got 3 of 3 DN Heartbeats.
2019-10-21 04:28:52,974 [Thread-201] INFO  impl.RoleInfo (RoleInfo.java:shutdownFollowerState(121)) - dd1d24cd-1df3-4428-bf67-9b7dc9bd3e4c: shutdown FollowerState
2019-10-21 04:28:52,974 [Thread-201] INFO  impl.RaftServerImpl (RaftServerImpl.java:setRole(184)) - dd1d24cd-1df3-4428-bf67-9b7dc9bd3e4c@group-D606C9B72829: changes role from  FOLLOWER to CANDIDATE at term 0 for changeToCandidate
2019-10-21 04:28:52,974 [Thread-201] INFO  impl.RoleInfo (RoleInfo.java:updateAndGet(143)) - dd1d24cd-1df3-4428-bf67-9b7dc9bd3e4c: start LeaderElection
2019-10-21 04:28:52,986 [dd1d24cd-1df3-4428-bf67-9b7dc9bd3e4c@group-D632F9BAFAB7-SegmentedRaftLogWorker] INFO  segmented.SegmentedRaftLogWorker (SegmentedRaftLogWorker.java:execute(576)) - dd1d24cd-1df3-4428-bf67-9b7dc9bd3e4c@group-D632F9BAFAB7-SegmentedRaftLogWorker: created new log segment /workdir/hadoop-ozone/integration-test/target/test-dir/MiniOzoneClusterImpl-50bd132f-794a-46b6-9d96-2578473f4a2b/datanode-1/data/ratis/133c9bad-46b5-488e-805b-d632f9bafab7/current/log_inprogress_0
2019-10-21 04:28:52,986 [dd1d24cd-1df3-4428-bf67-9b7dc9bd3e4c@group-D606C9B72829-LeaderElection6] INFO  impl.LeaderElection (LeaderElection.java:askForVotes(178)) - dd1d24cd-1df3-4428-bf67-9b7dc9bd3e4c@group-D606C9B72829-LeaderElection6: begin an election at term 1 for -1: [641380fb-ae96-4755-94e0-fd776bdc090f:192.168.34.41:39543, f02da163-2c1f-4de2-ab71-b915d7d0ae78:192.168.34.41:39439, dd1d24cd-1df3-4428-bf67-9b7dc9bd3e4c:192.168.34.41:45185], old=null
2019-10-21 04:28:52,987 [641380fb-ae96-4755-94e0-fd776bdc090f@group-D606C9B72829-LeaderElection5] INFO  impl.LeaderElection (LeaderElection.java:askForVotes(178)) - 641380fb-ae96-4755-94e0-fd776bdc090f@group-D606C9B72829-LeaderElection5: begin an election at term 1 for -1: [641380fb-ae96-4755-94e0-fd776bdc090f:192.168.34.41:39543, f02da163-2c1f-4de2-ab71-b915d7d0ae78:192.168.34.41:39439, dd1d24cd-1df3-4428-bf67-9b7dc9bd3e4c:192.168.34.41:45185], old=null
2019-10-21 04:28:53,034 [dd1d24cd-1df3-4428-bf67-9b7dc9bd3e4c@group-D606C9B72829-LeaderElection6] INFO  impl.LeaderElection (LeaderElection.java:logAndReturn(56)) - dd1d24cd-1df3-4428-bf67-9b7dc9bd3e4c@group-D606C9B72829-LeaderElection6: Election REJECTED; received 2 response(s) [dd1d24cd-1df3-4428-bf67-9b7dc9bd3e4c<-641380fb-ae96-4755-94e0-fd776bdc090f#0:FAIL-t1, dd1d24cd-1df3-4428-bf67-9b7dc9bd3e4c<-f02da163-2c1f-4de2-ab71-b915d7d0ae78#0:FAIL-t1] and 0 exception(s); dd1d24cd-1df3-4428-bf67-9b7dc9bd3e4c@group-D606C9B72829:t1, leader=null, voted=dd1d24cd-1df3-4428-bf67-9b7dc9bd3e4c, raftlog=dd1d24cd-1df3-4428-bf67-9b7dc9bd3e4c@group-D606C9B72829-SegmentedRaftLog:OPENED:c-1,f-1,i0, conf=-1: [641380fb-ae96-4755-94e0-fd776bdc090f:192.168.34.41:39543, f02da163-2c1f-4de2-ab71-b915d7d0ae78:192.168.34.41:39439, dd1d24cd-1df3-4428-bf67-9b7dc9bd3e4c:192.168.34.41:45185], old=null
2019-10-21 04:28:53,034 [641380fb-ae96-4755-94e0-fd776bdc090f@group-D606C9B72829-LeaderElection5] INFO  impl.LeaderElection (LeaderElection.java:logAndReturn(56)) - 641380fb-ae96-4755-94e0-fd776bdc090f@group-D606C9B72829-LeaderElection5: Election REJECTED; received 2 response(s) [641380fb-ae96-4755-94e0-fd776bdc090f<-f02da163-2c1f-4de2-ab71-b915d7d0ae78#0:FAIL-t1, 641380fb-ae96-4755-94e0-fd776bdc090f<-dd1d24cd-1df3-4428-bf67-9b7dc9bd3e4c#0:FAIL-t1] and 0 exception(s); 641380fb-ae96-4755-94e0-fd776bdc090f@group-D606C9B72829:t1, leader=null, voted=641380fb-ae96-4755-94e0-fd776bdc090f, raftlog=641380fb-ae96-4755-94e0-fd776bdc090f@group-D606C9B72829-SegmentedRaftLog:OPENED:c-1,f-1,i0, conf=-1: [641380fb-ae96-4755-94e0-fd776bdc090f:192.168.34.41:39543, f02da163-2c1f-4de2-ab71-b915d7d0ae78:192.168.34.41:39439, dd1d24cd-1df3-4428-bf67-9b7dc9bd3e4c:192.168.34.41:45185], old=null
2019-10-21 04:28:53,034 [f02da163-2c1f-4de2-ab71-b915d7d0ae78@group-D606C9B72829-LeaderElection3] INFO  impl.LeaderElection (LeaderElection.java:logAndReturn(56)) - f02da163-2c1f-4de2-ab71-b915d7d0ae78@group-D606C9B72829-LeaderElection3: Election REJECTED; received 2 response(s) [f02da163-2c1f-4de2-ab71-b915d7d0ae78<-641380fb-ae96-4755-94e0-fd776bdc090f#0:FAIL-t1, f02da163-2c1f-4de2-ab71-b915d7d0ae78<-dd1d24cd-1df3-4428-bf67-9b7dc9bd3e4c#0:FAIL-t1] and 0 exception(s); f02da163-2c1f-4de2-ab71-b915d7d0ae78@group-D606C9B72829:t1, leader=null, voted=f02da163-2c1f-4de2-ab71-b915d7d0ae78, raftlog=f02da163-2c1f-4de2-ab71-b915d7d0ae78@group-D606C9B72829-SegmentedRaftLog:OPENED:c-1,f-1,i0, conf=-1: [641380fb-ae96-4755-94e0-fd776bdc090f:192.168.34.41:39543, f02da163-2c1f-4de2-ab71-b915d7d0ae78:192.168.34.41:39439, dd1d24cd-1df3-4428-bf67-9b7dc9bd3e4c:192.168.34.41:45185], old=null
2019-10-21 04:28:53,038 [641380fb-ae96-4755-94e0-fd776bdc090f@group-D606C9B72829-LeaderElection5] INFO  impl.RaftServerImpl (RaftServerImpl.java:setRole(184)) - 641380fb-ae96-4755-94e0-fd776bdc090f@group-D606C9B72829: changes role from CANDIDATE to FOLLOWER at term 1 for DISCOVERED_A_NEW_TERM
2019-10-21 04:28:53,038 [dd1d24cd-1df3-4428-bf67-9b7dc9bd3e4c@group-D606C9B72829-LeaderElection6] INFO  impl.RaftServerImpl (RaftServerImpl.java:setRole(184)) - dd1d24cd-1df3-4428-bf67-9b7dc9bd3e4c@group-D606C9B72829: changes role from CANDIDATE to FOLLOWER at term 1 for DISCOVERED_A_NEW_TERM
2019-10-21 04:28:53,039 [f02da163-2c1f-4de2-ab71-b915d7d0ae78@group-D606C9B72829-LeaderElection3] INFO  impl.RaftServerImpl (RaftServerImpl.java:setRole(184)) - f02da163-2c1f-4de2-ab71-b915d7d0ae78@group-D606C9B72829: changes role from CANDIDATE to FOLLOWER at term 1 for DISCOVERED_A_NEW_TERM
2019-10-21 04:28:53,039 [641380fb-ae96-4755-94e0-fd776bdc090f@group-D606C9B72829-LeaderElection5] INFO  impl.RoleInfo (RoleInfo.java:shutdownLeaderElection(134)) - 641380fb-ae96-4755-94e0-fd776bdc090f: shutdown LeaderElection
2019-10-21 04:28:53,040 [f02da163-2c1f-4de2-ab71-b915d7d0ae78@group-D606C9B72829-LeaderElection3] INFO  impl.RoleInfo (RoleInfo.java:shutdownLeaderElection(134)) - f02da163-2c1f-4de2-ab71-b915d7d0ae78: shutdown LeaderElection
2019-10-21 04:28:53,039 [dd1d24cd-1df3-4428-bf67-9b7dc9bd3e4c@group-D606C9B72829-LeaderElection6] INFO  impl.RoleInfo (RoleInfo.java:shutdownLeaderElection(134)) - dd1d24cd-1df3-4428-bf67-9b7dc9bd3e4c: shutdown LeaderElection
2019-10-21 04:28:53,040 [f02da163-2c1f-4de2-ab71-b915d7d0ae78@group-D606C9B72829-LeaderElection3] INFO  impl.RoleInfo (RoleInfo.java:updateAndGet(143)) - f02da163-2c1f-4de2-ab71-b915d7d0ae78: start FollowerState
2019-10-21 04:28:53,040 [641380fb-ae96-4755-94e0-fd776bdc090f@group-D606C9B72829-LeaderElection5] INFO  impl.RoleInfo (RoleInfo.java:updateAndGet(143)) - 641380fb-ae96-4755-94e0-fd776bdc090f: start FollowerState
2019-10-21 04:28:53,040 [dd1d24cd-1df3-4428-bf67-9b7dc9bd3e4c@group-D606C9B72829-LeaderElection6] INFO  impl.RoleInfo (RoleInfo.java:updateAndGet(143)) - dd1d24cd-1df3-4428-bf67-9b7dc9bd3e4c: start FollowerState
2019-10-21 04:28:53,159 [Thread-219] INFO  impl.FollowerState (FollowerState.java:run(108)) - f02da163-2c1f-4de2-ab71-b915d7d0ae78@group-D606C9B72829-FollowerState: change to CANDIDATE, lastRpcTime:119ms, electionTimeout:119ms
2019-10-21 04:28:53,160 [Thread-219] INFO  impl.RoleInfo (RoleInfo.java:shutdownFollowerState(121)) - f02da163-2c1f-4de2-ab71-b915d7d0ae78: shutdown FollowerState
2019-10-21 04:28:53,160 [Thread-219] INFO  impl.RaftServerImpl (RaftServerImpl.java:setRole(184)) - f02da163-2c1f-4de2-ab71-b915d7d0ae78@group-D606C9B72829: changes role from  FOLLOWER to CANDIDATE at term 1 for changeToCandidate
2019-10-21 04:28:53,160 [Thread-219] INFO  impl.RoleInfo (RoleInfo.java:updateAndGet(143)) - f02da163-2c1f-4de2-ab71-b915d7d0ae78: start LeaderElection
2019-10-21 04:28:53,175 [f02da163-2c1f-4de2-ab71-b915d7d0ae78@group-D606C9B72829-LeaderElection7] INFO  impl.LeaderElection (LeaderElection.java:askForVotes(178)) - f02da163-2c1f-4de2-ab71-b915d7d0ae78@group-D606C9B72829-LeaderElection7: begin an election at term 2 for -1: [641380fb-ae96-4755-94e0-fd776bdc090f:192.168.34.41:39543, f02da163-2c1f-4de2-ab71-b915d7d0ae78:192.168.34.41:39439, dd1d24cd-1df3-4428-bf67-9b7dc9bd3e4c:192.168.34.41:45185], old=null
2019-10-21 04:28:53,180 [grpc-default-executor-1] INFO  impl.RaftServerImpl (RaftServerImpl.java:setRole(184)) - 641380fb-ae96-4755-94e0-fd776bdc090f@group-D606C9B72829: changes role from  FOLLOWER to FOLLOWER at term 2 for recognizeCandidate:f02da163-2c1f-4de2-ab71-b915d7d0ae78
2019-10-21 04:28:53,180 [grpc-default-executor-0] INFO  impl.RaftServerImpl (RaftServerImpl.java:setRole(184)) - dd1d24cd-1df3-4428-bf67-9b7dc9bd3e4c@group-D606C9B72829: changes role from  FOLLOWER to FOLLOWER at term 2 for recognizeCandidate:f02da163-2c1f-4de2-ab71-b915d7d0ae78
2019-10-21 04:28:53,180 [grpc-default-executor-1] INFO  impl.RoleInfo (RoleInfo.java:shutdownFollowerState(121)) - 641380fb-ae96-4755-94e0-fd776bdc090f: shutdown FollowerState
2019-10-21 04:28:53,180 [grpc-default-executor-0] INFO  impl.RoleInfo (RoleInfo.java:shutdownFollowerState(121)) - dd1d24cd-1df3-4428-bf67-9b7dc9bd3e4c: shutdown FollowerState
2019-10-21 04:28:53,180 [grpc-default-executor-1] INFO  impl.RoleInfo (RoleInfo.java:updateAndGet(143)) - 641380fb-ae96-4755-94e0-fd776bdc090f: start FollowerState
2019-10-21 04:28:53,180 [grpc-default-executor-0] INFO  impl.RoleInfo (RoleInfo.java:updateAndGet(143)) - dd1d24cd-1df3-4428-bf67-9b7dc9bd3e4c: start FollowerState
2019-10-21 04:28:53,180 [Thread-220] INFO  impl.FollowerState (FollowerState.java:run(117)) - dd1d24cd-1df3-4428-bf67-9b7dc9bd3e4c@group-D606C9B72829-FollowerState was interrupted: java.lang.InterruptedException: sleep interrupted
2019-10-21 04:28:53,180 [Thread-218] INFO  impl.FollowerState (FollowerState.java:run(117)) - 641380fb-ae96-4755-94e0-fd776bdc090f@group-D606C9B72829-FollowerState was interrupted: java.lang.InterruptedException: sleep interrupted
2019-10-21 04:28:53,200 [f02da163-2c1f-4de2-ab71-b915d7d0ae78@group-D606C9B72829-LeaderElection7] INFO  impl.LeaderElection (LeaderElection.java:logAndReturn(56)) - f02da163-2c1f-4de2-ab71-b915d7d0ae78@group-D606C9B72829-LeaderElection7: Election PASSED; received 1 response(s) [f02da163-2c1f-4de2-ab71-b915d7d0ae78<-641380fb-ae96-4755-94e0-fd776bdc090f#0:OK-t2] and 0 exception(s); f02da163-2c1f-4de2-ab71-b915d7d0ae78@group-D606C9B72829:t2, leader=null, voted=f02da163-2c1f-4de2-ab71-b915d7d0ae78, raftlog=f02da163-2c1f-4de2-ab71-b915d7d0ae78@group-D606C9B72829-SegmentedRaftLog:OPENED:c-1,f-1,i0, conf=-1: [641380fb-ae96-4755-94e0-fd776bdc090f:192.168.34.41:39543, f02da163-2c1f-4de2-ab71-b915d7d0ae78:192.168.34.41:39439, dd1d24cd-1df3-4428-bf67-9b7dc9bd3e4c:192.168.34.41:45185], old=null
2019-10-21 04:28:53,201 [f02da163-2c1f-4de2-ab71-b915d7d0ae78@group-D606C9B72829-LeaderElection7] INFO  impl.RoleInfo (RoleInfo.java:shutdownLeaderElection(134)) - f02da163-2c1f-4de2-ab71-b915d7d0ae78: shutdown LeaderElection
2019-10-21 04:28:53,202 [f02da163-2c1f-4de2-ab71-b915d7d0ae78@group-D606C9B72829-LeaderElection7] INFO  impl.RaftServerImpl (RaftServerImpl.java:setRole(184)) - f02da163-2c1f-4de2-ab71-b915d7d0ae78@group-D606C9B72829: changes role from CANDIDATE to LEADER at term 2 for changeToLeader
2019-10-21 04:28:53,202 [f02da163-2c1f-4de2-ab71-b915d7d0ae78@group-D606C9B72829-LeaderElection7] INFO  impl.RaftServerImpl (ServerState.java:setLeader(256)) - f02da163-2c1f-4de2-ab71-b915d7d0ae78@group-D606C9B72829: change Leader from null to f02da163-2c1f-4de2-ab71-b915d7d0ae78 at term 2 for becomeLeader, leader elected after 307ms
2019-10-21 04:28:53,202 [f02da163-2c1f-4de2-ab71-b915d7d0ae78@group-D606C9B72829-LeaderElection7] INFO  server.RaftServerConfigKeys (ConfUtils.java:logGet(43)) - raft.server.staging.catchup.gap = 1000 (default)
2019-10-21 04:28:53,202 [f02da163-2c1f-4de2-ab71-b915d7d0ae78@group-D606C9B72829-LeaderElection7] INFO  server.RaftServerConfigKeys (ConfUtils.java:logGet(43)) - raft.server.rpc.sleep.time = 25ms (default)
2019-10-21 04:28:53,203 [f02da163-2c1f-4de2-ab71-b915d7d0ae78@group-D606C9B72829-LeaderElection7] INFO  server.RaftServerConfigKeys (ConfUtils.java:logGet(43)) - raft.server.write.element-limit = 4096 (default)
2019-10-21 04:28:53,203 [f02da163-2c1f-4de2-ab71-b915d7d0ae78@group-D606C9B72829-LeaderElection7] INFO  server.RaftServerConfigKeys (ConfUtils.java:logGet(43)) - raft.server.watch.timeout = 10s (default)
2019-10-21 04:28:53,203 [f02da163-2c1f-4de2-ab71-b915d7d0ae78@group-D606C9B72829-LeaderElection7] INFO  server.RaftServerConfigKeys (ConfUtils.java:logGet(43)) - raft.server.watch.timeout.denomination = 1s (default)
2019-10-21 04:28:53,203 [f02da163-2c1f-4de2-ab71-b915d7d0ae78@group-D606C9B72829-LeaderElection7] INFO  server.RaftServerConfigKeys (ConfUtils.java:logGet(43)) - raft.server.watch.element-limit = 65536 (default)
2019-10-21 04:28:53,212 [f02da163-2c1f-4de2-ab71-b915d7d0ae78@group-D606C9B72829-LeaderElection7] INFO  server.RaftServerConfigKeys (ConfUtils.java:logGet(43)) - raft.server.log.appender.snapshot.chunk.size.max = 16MB (=16777216) (default)
2019-10-21 04:28:53,212 [f02da163-2c1f-4de2-ab71-b915d7d0ae78@group-D606C9B72829-LeaderElection7] INFO  server.RaftServerConfigKeys (ConfUtils.java:logGet(43)) - raft.server.log.appender.buffer.byte-limit = 33554432 (custom)
2019-10-21 04:28:53,213 [f02da163-2c1f-4de2-ab71-b915d7d0ae78@group-D606C9B72829-LeaderElection7] INFO  server.RaftServerConfigKeys (ConfUtils.java:logGet(43)) - raft.server.log.appender.buffer.element-limit = 1 (custom)
2019-10-21 04:28:53,215 [f02da163-2c1f-4de2-ab71-b915d7d0ae78@group-D606C9B72829-LeaderElection7] INFO  grpc.GrpcConfigKeys$Server (ConfUtils.java:logGet(43)) - raft.grpc.server.leader.outstanding.appends.max = 128 (default)
2019-10-21 04:28:53,216 [f02da163-2c1f-4de2-ab71-b915d7d0ae78@group-D606C9B72829-LeaderElection7] INFO  server.RaftServerConfigKeys (ConfUtils.java:logGet(43)) - raft.server.rpc.request.timeout = 3000ms (default)
2019-10-21 04:28:53,216 [f02da163-2c1f-4de2-ab71-b915d7d0ae78@group-D606C9B72829-LeaderElection7] INFO  server.RaftServerConfigKeys (ConfUtils.java:logGet(43)) - raft.server.log.appender.install.snapshot.enabled = false (custom)
2019-10-21 04:28:53,253 [Thread-227] INFO  impl.FollowerState (FollowerState.java:run(108)) - 641380fb-ae96-4755-94e0-fd776bdc090f@group-D606C9B72829-FollowerState: change to CANDIDATE, lastRpcTime:72ms, electionTimeout:72ms
2019-10-21 04:28:53,270 [Thread-227] INFO  impl.RoleInfo (RoleInfo.java:shutdownFollowerState(121)) - 641380fb-ae96-4755-94e0-fd776bdc090f: shutdown FollowerState
2019-10-21 04:28:53,270 [Thread-227] INFO  impl.RaftServerImpl (RaftServerImpl.java:setRole(184)) - 641380fb-ae96-4755-94e0-fd776bdc090f@group-D606C9B72829: changes role from  FOLLOWER to CANDIDATE at term 2 for changeToCandidate
2019-10-21 04:28:53,271 [Thread-227] INFO  impl.RoleInfo (RoleInfo.java:updateAndGet(143)) - 641380fb-ae96-4755-94e0-fd776bdc090f: start LeaderElection
2019-10-21 04:28:53,273 [f02da163-2c1f-4de2-ab71-b915d7d0ae78@group-D606C9B72829-LeaderElection7] INFO  server.RaftServerConfigKeys (ConfUtils.java:logGet(43)) - raft.server.log.appender.snapshot.chunk.size.max = 16MB (=16777216) (default)
2019-10-21 04:28:53,273 [f02da163-2c1f-4de2-ab71-b915d7d0ae78@group-D606C9B72829-LeaderElection7] INFO  server.RaftServerConfigKeys (ConfUtils.java:logGet(43)) - raft.server.log.appender.buffer.byte-limit = 33554432 (custom)
2019-10-21 04:28:53,273 [f02da163-2c1f-4de2-ab71-b915d7d0ae78@group-D606C9B72829-LeaderElection7] INFO  server.RaftServerConfigKeys (ConfUtils.java:logGet(43)) - raft.server.log.appender.buffer.element-limit = 1 (custom)
2019-10-21 04:28:53,274 [f02da163-2c1f-4de2-ab71-b915d7d0ae78@group-D606C9B72829-LeaderElection7] INFO  grpc.GrpcConfigKeys$Server (ConfUtils.java:logGet(43)) - raft.grpc.server.leader.outstanding.appends.max = 128 (default)
2019-10-21 04:28:53,274 [f02da163-2c1f-4de2-ab71-b915d7d0ae78@group-D606C9B72829-LeaderElection7] INFO  server.RaftServerConfigKeys (ConfUtils.java:logGet(43)) - raft.server.rpc.request.timeout = 3000ms (default)
2019-10-21 04:28:53,274 [f02da163-2c1f-4de2-ab71-b915d7d0ae78@group-D606C9B72829-LeaderElection7] INFO  server.RaftServerConfigKeys (ConfUtils.java:logGet(43)) - raft.server.log.appender.install.snapshot.enabled = false (custom)
2019-10-21 04:28:53,278 [f02da163-2c1f-4de2-ab71-b915d7d0ae78@group-D606C9B72829-LeaderElection7] INFO  impl.RoleInfo (RoleInfo.java:updateAndGet(143)) - f02da163-2c1f-4de2-ab71-b915d7d0ae78: start LeaderState
2019-10-21 04:28:53,279 [f02da163-2c1f-4de2-ab71-b915d7d0ae78@group-D606C9B72829-LeaderElection7] INFO  segmented.SegmentedRaftLogWorker (SegmentedRaftLogWorker.java:startLogSegment(385)) - f02da163-2c1f-4de2-ab71-b915d7d0ae78@group-D606C9B72829-SegmentedRaftLogWorker: Starting segment from index:0
2019-10-21 04:28:53,279 [f02da163-2c1f-4de2-ab71-b915d7d0ae78@group-D606C9B72829-LeaderElection7] INFO  impl.RaftServerImpl (ServerState.java:setRaftConf(357)) - f02da163-2c1f-4de2-ab71-b915d7d0ae78@group-D606C9B72829: set configuration 0: [641380fb-ae96-4755-94e0-fd776bdc090f:192.168.34.41:39543, f02da163-2c1f-4de2-ab71-b915d7d0ae78:192.168.34.41:39439, dd1d24cd-1df3-4428-bf67-9b7dc9bd3e4c:192.168.34.41:45185], old=null at 0
2019-10-21 04:28:53,305 [Thread-228] INFO  impl.FollowerState (FollowerState.java:run(108)) - dd1d24cd-1df3-4428-bf67-9b7dc9bd3e4c@group-D606C9B72829-FollowerState: change to CANDIDATE, lastRpcTime:124ms, electionTimeout:118ms
2019-10-21 04:28:53,305 [Thread-228] INFO  impl.RoleInfo (RoleInfo.java:shutdownFollowerState(121)) - dd1d24cd-1df3-4428-bf67-9b7dc9bd3e4c: shutdown FollowerState
2019-10-21 04:28:53,305 [641380fb-ae96-4755-94e0-fd776bdc090f@group-D606C9B72829-LeaderElection8] INFO  impl.LeaderElection (LeaderElection.java:askForVotes(178)) - 641380fb-ae96-4755-94e0-fd776bdc090f@group-D606C9B72829-LeaderElection8: begin an election at term 3 for -1: [641380fb-ae96-4755-94e0-fd776bdc090f:192.168.34.41:39543, f02da163-2c1f-4de2-ab71-b915d7d0ae78:192.168.34.41:39439, dd1d24cd-1df3-4428-bf67-9b7dc9bd3e4c:192.168.34.41:45185], old=null
2019-10-21 04:28:53,305 [Thread-228] INFO  impl.RaftServerImpl (RaftServerImpl.java:setRole(184)) - dd1d24cd-1df3-4428-bf67-9b7dc9bd3e4c@group-D606C9B72829: changes role from  FOLLOWER to CANDIDATE at term 2 for changeToCandidate
2019-10-21 04:28:53,305 [Thread-228] INFO  impl.RoleInfo (RoleInfo.java:updateAndGet(143)) - dd1d24cd-1df3-4428-bf67-9b7dc9bd3e4c: start LeaderElection
2019-10-21 04:28:53,311 [grpc-default-executor-0] INFO  impl.RaftServerImpl (ServerState.java:setLeader(256)) - f02da163-2c1f-4de2-ab71-b915d7d0ae78@group-D606C9B72829: change Leader from f02da163-2c1f-4de2-ab71-b915d7d0ae78 to null at term 3 for updateCurrentTerm
2019-10-21 04:28:53,312 [grpc-default-executor-0] INFO  impl.RaftServerImpl (RaftServerImpl.java:setRole(184)) - f02da163-2c1f-4de2-ab71-b915d7d0ae78@group-D606C9B72829: changes role from    LEADER to FOLLOWER at term 3 for recognizeCandidate:641380fb-ae96-4755-94e0-fd776bdc090f
2019-10-21 04:28:53,312 [grpc-default-executor-0] INFO  impl.RoleInfo (RoleInfo.java:shutdownLeaderState(104)) - f02da163-2c1f-4de2-ab71-b915d7d0ae78: shutdown LeaderState
2019-10-21 04:28:53,314 [grpc-default-executor-0] INFO  impl.PendingRequests (PendingRequests.java:sendNotLeaderResponses(202)) - f02da163-2c1f-4de2-ab71-b915d7d0ae78@group-D606C9B72829-PendingRequests: sendNotLeaderResponses
2019-10-21 04:28:53,317 [grpc-default-executor-0] INFO  impl.RoleInfo (RoleInfo.java:updateAndGet(143)) - f02da163-2c1f-4de2-ab71-b915d7d0ae78: start FollowerState
2019-10-21 04:28:53,318 [f02da163-2c1f-4de2-ab71-b915d7d0ae78@group-D606C9B72829-SegmentedRaftLogWorker] INFO  segmented.SegmentedRaftLogWorker (SegmentedRaftLogWorker.java:execute(576)) - f02da163-2c1f-4de2-ab71-b915d7d0ae78@group-D606C9B72829-SegmentedRaftLogWorker: created new log segment /workdir/hadoop-ozone/integration-test/target/test-dir/MiniOzoneClusterImpl-50bd132f-794a-46b6-9d96-2578473f4a2b/datanode-2/data/ratis/d49b1818-47fb-49d2-b44c-d606c9b72829/current/log_inprogress_0
2019-10-21 04:28:53,318 [dd1d24cd-1df3-4428-bf67-9b7dc9bd3e4c@group-D606C9B72829-LeaderElection9] INFO  impl.LeaderElection (LeaderElection.java:askForVotes(178)) - dd1d24cd-1df3-4428-bf67-9b7dc9bd3e4c@group-D606C9B72829-LeaderElection9: begin an election at term 3 for -1: [641380fb-ae96-4755-94e0-fd776bdc090f:192.168.34.41:39543, f02da163-2c1f-4de2-ab71-b915d7d0ae78:192.168.34.41:39439, dd1d24cd-1df3-4428-bf67-9b7dc9bd3e4c:192.168.34.41:45185], old=null
2019-10-21 04:28:53,319 [org.apache.ratis.server.impl.LogAppender$AppenderDaemon$$Lambda$421/1402255308@66bfb06] WARN  server.GrpcLogAppender (GrpcLogAppender.java:mayWait(149)) - f02da163-2c1f-4de2-ab71-b915d7d0ae78@group-D606C9B72829->dd1d24cd-1df3-4428-bf67-9b7dc9bd3e4c-GrpcLogAppender: Wait interrupted by java.lang.InterruptedException
2019-10-21 04:28:53,319 [org.apache.ratis.server.impl.LogAppender$AppenderDaemon$$Lambda$421/1402255308@7614dfed] WARN  server.GrpcLogAppender (GrpcLogAppender.java:mayWait(149)) - f02da163-2c1f-4de2-ab71-b915d7d0ae78@group-D606C9B72829->641380fb-ae96-4755-94e0-fd776bdc090f-GrpcLogAppender: Wait interrupted by java.lang.InterruptedException
2019-10-21 04:28:53,329 [grpc-default-executor-4] INFO  server.GrpcServerProtocolService (GrpcServerProtocolService.java:onCompleted(113)) - 641380fb-ae96-4755-94e0-fd776bdc090f: Completed APPEND_ENTRIES, lastRequest: null
2019-10-21 04:28:53,329 [grpc-default-executor-1] INFO  server.GrpcServerProtocolService (GrpcServerProtocolService.java:onCompleted(113)) - dd1d24cd-1df3-4428-bf67-9b7dc9bd3e4c: Completed APPEND_ENTRIES, lastRequest: null
2019-10-21 04:28:53,331 [grpc-default-executor-1] INFO  server.GrpcLogAppender (GrpcLogAppender.java:onCompleted(308)) - f02da163-2c1f-4de2-ab71-b915d7d0ae78@group-D606C9B72829->641380fb-ae96-4755-94e0-fd776bdc090f-AppendLogResponseHandler: follower responses appendEntries COMPLETED
2019-10-21 04:28:53,331 [grpc-default-executor-4] INFO  server.GrpcLogAppender (GrpcLogAppender.java:onCompleted(308)) - f02da163-2c1f-4de2-ab71-b915d7d0ae78@group-D606C9B72829->dd1d24cd-1df3-4428-bf67-9b7dc9bd3e4c-AppendLogResponseHandler: follower responses appendEntries COMPLETED
2019-10-21 04:28:53,331 [grpc-default-executor-2] INFO  impl.RaftServerImpl (RaftServerImpl.java:setRole(184)) - f02da163-2c1f-4de2-ab71-b915d7d0ae78@group-D606C9B72829: changes role from  FOLLOWER to FOLLOWER at term 3 for recognizeCandidate:dd1d24cd-1df3-4428-bf67-9b7dc9bd3e4c
2019-10-21 04:28:53,332 [grpc-default-executor-2] INFO  impl.RoleInfo (RoleInfo.java:shutdownFollowerState(121)) - f02da163-2c1f-4de2-ab71-b915d7d0ae78: shutdown FollowerState
2019-10-21 04:28:53,332 [Thread-237] INFO  impl.FollowerState (FollowerState.java:run(117)) - f02da163-2c1f-4de2-ab71-b915d7d0ae78@group-D606C9B72829-FollowerState was interrupted: java.lang.InterruptedException: sleep interrupted
2019-10-21 04:28:53,332 [grpc-default-executor-2] INFO  impl.RoleInfo (RoleInfo.java:updateAndGet(143)) - f02da163-2c1f-4de2-ab71-b915d7d0ae78: start FollowerState
2019-10-21 04:28:53,335 [grpc-default-executor-1] INFO  impl.FollowerInfo (FollowerInfo.java:lambda$new$0(51)) - f02da163-2c1f-4de2-ab71-b915d7d0ae78@group-D606C9B72829->641380fb-ae96-4755-94e0-fd776bdc090f: nextIndex: updateUnconditionally 0 -> 0
2019-10-21 04:28:53,340 [641380fb-ae96-4755-94e0-fd776bdc090f@group-D606C9B72829-LeaderElection8] INFO  impl.LeaderElection (LeaderElection.java:logAndReturn(56)) - 641380fb-ae96-4755-94e0-fd776bdc090f@group-D606C9B72829-LeaderElection8: Election REJECTED; received 2 response(s) [641380fb-ae96-4755-94e0-fd776bdc090f<-f02da163-2c1f-4de2-ab71-b915d7d0ae78#0:FAIL-t3, 641380fb-ae96-4755-94e0-fd776bdc090f<-dd1d24cd-1df3-4428-bf67-9b7dc9bd3e4c#0:FAIL-t3] and 0 exception(s); 641380fb-ae96-4755-94e0-fd776bdc090f@group-D606C9B72829:t3, leader=null, voted=641380fb-ae96-4755-94e0-fd776bdc090f, raftlog=641380fb-ae96-4755-94e0-fd776bdc090f@group-D606C9B72829-SegmentedRaftLog:OPENED:c-1,f-1,i0, conf=-1: [641380fb-ae96-4755-94e0-fd776bdc090f:192.168.34.41:39543, f02da163-2c1f-4de2-ab71-b915d7d0ae78:192.168.34.41:39439, dd1d24cd-1df3-4428-bf67-9b7dc9bd3e4c:192.168.34.41:45185], old=null
2019-10-21 04:28:53,340 [grpc-default-executor-4] INFO  impl.FollowerInfo (FollowerInfo.java:lambda$new$0(51)) - f02da163-2c1f-4de2-ab71-b915d7d0ae78@group-D606C9B72829->dd1d24cd-1df3-4428-bf67-9b7dc9bd3e4c: nextIndex: updateUnconditionally 0 -> 0
2019-10-21 04:28:53,341 [641380fb-ae96-4755-94e0-fd776bdc090f@group-D606C9B72829-LeaderElection8] INFO  impl.RaftServerImpl (RaftServerImpl.java:setRole(184)) - 641380fb-ae96-4755-94e0-fd776bdc090f@group-D606C9B72829: changes role from CANDIDATE to FOLLOWER at term 3 for DISCOVERED_A_NEW_TERM
2019-10-21 04:28:53,343 [641380fb-ae96-4755-94e0-fd776bdc090f@group-D606C9B72829-LeaderElection8] INFO  impl.RoleInfo (RoleInfo.java:shutdownLeaderElection(134)) - 641380fb-ae96-4755-94e0-fd776bdc090f: shutdown LeaderElection
2019-10-21 04:28:53,344 [641380fb-ae96-4755-94e0-fd776bdc090f@group-D606C9B72829-LeaderElection8] INFO  impl.RoleInfo (RoleInfo.java:updateAndGet(143)) - 641380fb-ae96-4755-94e0-fd776bdc090f: start FollowerState
2019-10-21 04:28:53,346 [dd1d24cd-1df3-4428-bf67-9b7dc9bd3e4c@group-D606C9B72829-LeaderElection9] INFO  impl.LeaderElection (LeaderElection.java:logAndReturn(56)) - dd1d24cd-1df3-4428-bf67-9b7dc9bd3e4c@group-D606C9B72829-LeaderElection9: Election REJECTED; received 2 response(s) [dd1d24cd-1df3-4428-bf67-9b7dc9bd3e4c<-641380fb-ae96-4755-94e0-fd776bdc090f#0:FAIL-t3, dd1d24cd-1df3-4428-bf67-9b7dc9bd3e4c<-f02da163-2c1f-4de2-ab71-b915d7d0ae78#0:FAIL-t3] and 0 exception(s); dd1d24cd-1df3-4428-bf67-9b7dc9bd3e4c@group-D606C9B72829:t3, leader=null, voted=dd1d24cd-1df3-4428-bf67-9b7dc9bd3e4c, raftlog=dd1d24cd-1df3-4428-bf67-9b7dc9bd3e4c@group-D606C9B72829-SegmentedRaftLog:OPENED:c-1,f-1,i0, conf=-1: [641380fb-ae96-4755-94e0-fd776bdc090f:192.168.34.41:39543, f02da163-2c1f-4de2-ab71-b915d7d0ae78:192.168.34.41:39439, dd1d24cd-1df3-4428-bf67-9b7dc9bd3e4c:192.168.34.41:45185], old=null
2019-10-21 04:28:53,346 [dd1d24cd-1df3-4428-bf67-9b7dc9bd3e4c@group-D606C9B72829-LeaderElection9] INFO  impl.RaftServerImpl (RaftServerImpl.java:setRole(184)) - dd1d24cd-1df3-4428-bf67-9b7dc9bd3e4c@group-D606C9B72829: changes role from CANDIDATE to FOLLOWER at term 3 for DISCOVERED_A_NEW_TERM
2019-10-21 04:28:53,346 [dd1d24cd-1df3-4428-bf67-9b7dc9bd3e4c@group-D606C9B72829-LeaderElection9] INFO  impl.RoleInfo (RoleInfo.java:shutdownLeaderElection(134)) - dd1d24cd-1df3-4428-bf67-9b7dc9bd3e4c: shutdown LeaderElection
2019-10-21 04:28:53,347 [dd1d24cd-1df3-4428-bf67-9b7dc9bd3e4c@group-D606C9B72829-LeaderElection9] INFO  impl.RoleInfo (RoleInfo.java:updateAndGet(143)) - dd1d24cd-1df3-4428-bf67-9b7dc9bd3e4c: start FollowerState
2019-10-21 04:28:53,355 [Thread-242] INFO  impl.FollowerState (FollowerState.java:run(108)) - dd1d24cd-1df3-4428-bf67-9b7dc9bd3e4c@group-D606C9B72829-FollowerState: change to CANDIDATE, lastRpcTime:8ms, electionTimeout:8ms
2019-10-21 04:28:53,356 [Thread-242] INFO  impl.RoleInfo (RoleInfo.java:shutdownFollowerState(121)) - dd1d24cd-1df3-4428-bf67-9b7dc9bd3e4c: shutdown FollowerState
2019-10-21 04:28:53,356 [Thread-242] INFO  impl.RaftServerImpl (RaftServerImpl.java:setRole(184)) - dd1d24cd-1df3-4428-bf67-9b7dc9bd3e4c@group-D606C9B72829: changes role from  FOLLOWER to CANDIDATE at term 3 for changeToCandidate
2019-10-21 04:28:53,356 [Thread-242] INFO  impl.RoleInfo (RoleInfo.java:updateAndGet(143)) - dd1d24cd-1df3-4428-bf67-9b7dc9bd3e4c: start LeaderElection
2019-10-21 04:28:53,370 [dd1d24cd-1df3-4428-bf67-9b7dc9bd3e4c@group-D606C9B72829-LeaderElection10] INFO  impl.LeaderElection (LeaderElection.java:askForVotes(178)) - dd1d24cd-1df3-4428-bf67-9b7dc9bd3e4c@group-D606C9B72829-LeaderElection10: begin an election at term 4 for -1: [641380fb-ae96-4755-94e0-fd776bdc090f:192.168.34.41:39543, f02da163-2c1f-4de2-ab71-b915d7d0ae78:192.168.34.41:39439, dd1d24cd-1df3-4428-bf67-9b7dc9bd3e4c:192.168.34.41:45185], old=null
2019-10-21 04:28:53,377 [grpc-default-executor-4] INFO  impl.RaftServerImpl (RaftServerImpl.java:setRole(184)) - 641380fb-ae96-4755-94e0-fd776bdc090f@group-D606C9B72829: changes role from  FOLLOWER to FOLLOWER at term 4 for recognizeCandidate:dd1d24cd-1df3-4428-bf67-9b7dc9bd3e4c
2019-10-21 04:28:53,377 [grpc-default-executor-2] INFO  impl.RaftServerImpl (RaftServerImpl.java:setRole(184)) - f02da163-2c1f-4de2-ab71-b915d7d0ae78@group-D606C9B72829: changes role from  FOLLOWER to FOLLOWER at term 4 for recognizeCandidate:dd1d24cd-1df3-4428-bf67-9b7dc9bd3e4c
2019-10-21 04:28:53,377 [grpc-default-executor-4] INFO  impl.RoleInfo (RoleInfo.java:shutdownFollowerState(121)) - 641380fb-ae96-4755-94e0-fd776bdc090f: shutdown FollowerState
2019-10-21 04:28:53,377 [grpc-default-executor-2] INFO  impl.RoleInfo (RoleInfo.java:shutdownFollowerState(121)) - f02da163-2c1f-4de2-ab71-b915d7d0ae78: shutdown FollowerState
2019-10-21 04:28:53,377 [grpc-default-executor-4] INFO  impl.RoleInfo (RoleInfo.java:updateAndGet(143)) - 641380fb-ae96-4755-94e0-fd776bdc090f: start FollowerState
2019-10-21 04:28:53,378 [grpc-default-executor-2] INFO  impl.RoleInfo (RoleInfo.java:updateAndGet(143)) - f02da163-2c1f-4de2-ab71-b915d7d0ae78: start FollowerState
2019-10-21 04:28:53,377 [Thread-241] INFO  impl.FollowerState (FollowerState.java:run(117)) - 641380fb-ae96-4755-94e0-fd776bdc090f@group-D606C9B72829-FollowerState was interrupted: java.lang.InterruptedException: sleep interrupted
2019-10-21 04:28:53,378 [Thread-240] INFO  impl.FollowerState (FollowerState.java:run(117)) - f02da163-2c1f-4de2-ab71-b915d7d0ae78@group-D606C9B72829-FollowerState was interrupted: java.lang.InterruptedException: sleep interrupted
2019-10-21 04:28:53,378 [dd1d24cd-1df3-4428-bf67-9b7dc9bd3e4c@group-D606C9B72829-LeaderElection10] INFO  impl.LeaderElection (LeaderElection.java:logAndReturn(56)) - dd1d24cd-1df3-4428-bf67-9b7dc9bd3e4c@group-D606C9B72829-LeaderElection10: Election TIMEOUT; received 0 response(s) [] and 0 exception(s); dd1d24cd-1df3-4428-bf67-9b7dc9bd3e4c@group-D606C9B72829:t4, leader=null, voted=dd1d24cd-1df3-4428-bf67-9b7dc9bd3e4c, raftlog=dd1d24cd-1df3-4428-bf67-9b7dc9bd3e4c@group-D606C9B72829-SegmentedRaftLog:OPENED:c-1,f-1,i0, conf=-1: [641380fb-ae96-4755-94e0-fd776bdc090f:192.168.34.41:39543, f02da163-2c1f-4de2-ab71-b915d7d0ae78:192.168.34.41:39439, dd1d24cd-1df3-4428-bf67-9b7dc9bd3e4c:192.168.34.41:45185], old=null
2019-10-21 04:28:53,393 [dd1d24cd-1df3-4428-bf67-9b7dc9bd3e4c@group-D606C9B72829-LeaderElection10] INFO  impl.LeaderElection (LeaderElection.java:askForVotes(178)) - dd1d24cd-1df3-4428-bf67-9b7dc9bd3e4c@group-D606C9B72829-LeaderElection10: begin an election at term 5 for -1: [641380fb-ae96-4755-94e0-fd776bdc090f:192.168.34.41:39543, f02da163-2c1f-4de2-ab71-b915d7d0ae78:192.168.34.41:39439, dd1d24cd-1df3-4428-bf67-9b7dc9bd3e4c:192.168.34.41:45185], old=null
2019-10-21 04:28:53,398 [grpc-default-executor-4] INFO  impl.RaftServerImpl (RaftServerImpl.java:setRole(184)) - 641380fb-ae96-4755-94e0-fd776bdc090f@group-D606C9B72829: changes role from  FOLLOWER to FOLLOWER at term 5 for recognizeCandidate:dd1d24cd-1df3-4428-bf67-9b7dc9bd3e4c
2019-10-21 04:28:53,399 [grpc-default-executor-4] INFO  impl.RoleInfo (RoleInfo.java:shutdownFollowerState(121)) - 641380fb-ae96-4755-94e0-fd776bdc090f: shutdown FollowerState
2019-10-21 04:28:53,399 [grpc-default-executor-4] INFO  impl.RoleInfo (RoleInfo.java:updateAndGet(143)) - 641380fb-ae96-4755-94e0-fd776bdc090f: start FollowerState
2019-10-21 04:28:53,400 [Thread-246] INFO  impl.FollowerState (FollowerState.java:run(117)) - 641380fb-ae96-4755-94e0-fd776bdc090f@group-D606C9B72829-FollowerState was interrupted: java.lang.InterruptedException: sleep interrupted
2019-10-21 04:28:53,401 [grpc-default-executor-2] INFO  impl.RaftServerImpl (RaftServerImpl.java:setRole(184)) - f02da163-2c1f-4de2-ab71-b915d7d0ae78@group-D606C9B72829: changes role from  FOLLOWER to FOLLOWER at term 5 for recognizeCandidate:dd1d24cd-1df3-4428-bf67-9b7dc9bd3e4c
2019-10-21 04:28:53,401 [grpc-default-executor-2] INFO  impl.RoleInfo (RoleInfo.java:shutdownFollowerState(121)) - f02da163-2c1f-4de2-ab71-b915d7d0ae78: shutdown FollowerState
2019-10-21 04:28:53,402 [grpc-default-executor-2] INFO  impl.RoleInfo (RoleInfo.java:updateAndGet(143)) - f02da163-2c1f-4de2-ab71-b915d7d0ae78: start FollowerState
2019-10-21 04:28:53,402 [Thread-247] INFO  impl.FollowerState (FollowerState.java:run(117)) - f02da163-2c1f-4de2-ab71-b915d7d0ae78@group-D606C9B72829-FollowerState was interrupted: java.lang.InterruptedException: sleep interrupted
2019-10-21 04:28:53,417 [dd1d24cd-1df3-4428-bf67-9b7dc9bd3e4c@group-D606C9B72829-LeaderElection10] INFO  impl.LeaderElection (LeaderElection.java:logAndReturn(56)) - dd1d24cd-1df3-4428-bf67-9b7dc9bd3e4c@group-D606C9B72829-LeaderElection10: Election PASSED; received 2 response(s) [dd1d24cd-1df3-4428-bf67-9b7dc9bd3e4c<-f02da163-2c1f-4de2-ab71-b915d7d0ae78#0:FAIL-t5, dd1d24cd-1df3-4428-bf67-9b7dc9bd3e4c<-641380fb-ae96-4755-94e0-fd776bdc090f#0:OK-t5] and 0 exception(s); dd1d24cd-1df3-4428-bf67-9b7dc9bd3e4c@group-D606C9B72829:t5, leader=null, voted=dd1d24cd-1df3-4428-bf67-9b7dc9bd3e4c, raftlog=dd1d24cd-1df3-4428-bf67-9b7dc9bd3e4c@group-D606C9B72829-SegmentedRaftLog:OPENED:c-1,f-1,i0, conf=-1: [641380fb-ae96-4755-94e0-fd776bdc090f:192.168.34.41:39543, f02da163-2c1f-4de2-ab71-b915d7d0ae78:192.168.34.41:39439, dd1d24cd-1df3-4428-bf67-9b7dc9bd3e4c:192.168.34.41:45185], old=null
2019-10-21 04:28:53,417 [dd1d24cd-1df3-4428-bf67-9b7dc9bd3e4c@group-D606C9B72829-LeaderElection10] INFO  impl.RoleInfo (RoleInfo.java:shutdownLeaderElection(134)) - dd1d24cd-1df3-4428-bf67-9b7dc9bd3e4c: shutdown LeaderElection
2019-10-21 04:28:53,418 [dd1d24cd-1df3-4428-bf67-9b7dc9bd3e4c@group-D606C9B72829-LeaderElection10] INFO  impl.RaftServerImpl (RaftServerImpl.java:setRole(184)) - dd1d24cd-1df3-4428-bf67-9b7dc9bd3e4c@group-D606C9B72829: changes role from CANDIDATE to LEADER at term 5 for changeToLeader
2019-10-21 04:28:53,420 [dd1d24cd-1df3-4428-bf67-9b7dc9bd3e4c@group-D606C9B72829-LeaderElection10] INFO  impl.RaftServerImpl (ServerState.java:setLeader(256)) - dd1d24cd-1df3-4428-bf67-9b7dc9bd3e4c@group-D606C9B72829: change Leader from null to dd1d24cd-1df3-4428-bf67-9b7dc9bd3e4c at term 5 for becomeLeader, leader elected after 525ms
2019-10-21 04:28:53,420 [dd1d24cd-1df3-4428-bf67-9b7dc9bd3e4c@group-D606C9B72829-LeaderElection10] INFO  server.RaftServerConfigKeys (ConfUtils.java:logGet(43)) - raft.server.staging.catchup.gap = 1000 (default)
2019-10-21 04:28:53,422 [dd1d24cd-1df3-4428-bf67-9b7dc9bd3e4c@group-D606C9B72829-LeaderElection10] INFO  server.RaftServerConfigKeys (ConfUtils.java:logGet(43)) - raft.server.rpc.sleep.time = 25ms (default)
2019-10-21 04:28:53,422 [dd1d24cd-1df3-4428-bf67-9b7dc9bd3e4c@group-D606C9B72829-LeaderElection10] INFO  server.RaftServerConfigKeys (ConfUtils.java:logGet(43)) - raft.server.write.element-limit = 4096 (default)
2019-10-21 04:28:53,422 [dd1d24cd-1df3-4428-bf67-9b7dc9bd3e4c@group-D606C9B72829-LeaderElection10] INFO  server.RaftServerConfigKeys (ConfUtils.java:logGet(43)) - raft.server.watch.timeout = 10s (default)
2019-10-21 04:28:53,422 [dd1d24cd-1df3-4428-bf67-9b7dc9bd3e4c@group-D606C9B72829-LeaderElection10] INFO  server.RaftServerConfigKeys (ConfUtils.java:logGet(43)) - raft.server.watch.timeout.denomination = 1s (default)
2019-10-21 04:28:53,422 [dd1d24cd-1df3-4428-bf67-9b7dc9bd3e4c@group-D606C9B72829-LeaderElection10] INFO  server.RaftServerConfigKeys (ConfUtils.java:logGet(43)) - raft.server.watch.element-limit = 65536 (default)
2019-10-21 04:28:53,424 [dd1d24cd-1df3-4428-bf67-9b7dc9bd3e4c@group-D606C9B72829-LeaderElection10] INFO  server.RaftServerConfigKeys (ConfUtils.java:logGet(43)) - raft.server.log.appender.snapshot.chunk.size.max = 16MB (=16777216) (default)
2019-10-21 04:28:53,424 [dd1d24cd-1df3-4428-bf67-9b7dc9bd3e4c@group-D606C9B72829-LeaderElection10] INFO  server.RaftServerConfigKeys (ConfUtils.java:logGet(43)) - raft.server.log.appender.buffer.byte-limit = 33554432 (custom)
2019-10-21 04:28:53,424 [dd1d24cd-1df3-4428-bf67-9b7dc9bd3e4c@group-D606C9B72829-LeaderElection10] INFO  server.RaftServerConfigKeys (ConfUtils.java:logGet(43)) - raft.server.log.appender.buffer.element-limit = 1 (custom)
2019-10-21 04:28:53,425 [dd1d24cd-1df3-4428-bf67-9b7dc9bd3e4c@group-D606C9B72829-LeaderElection10] INFO  grpc.GrpcConfigKeys$Server (ConfUtils.java:logGet(43)) - raft.grpc.server.leader.outstanding.appends.max = 128 (default)
2019-10-21 04:28:53,425 [dd1d24cd-1df3-4428-bf67-9b7dc9bd3e4c@group-D606C9B72829-LeaderElection10] INFO  server.RaftServerConfigKeys (ConfUtils.java:logGet(43)) - raft.server.rpc.request.timeout = 3000ms (default)
2019-10-21 04:28:53,425 [dd1d24cd-1df3-4428-bf67-9b7dc9bd3e4c@group-D606C9B72829-LeaderElection10] INFO  server.RaftServerConfigKeys (ConfUtils.java:logGet(43)) - raft.server.log.appender.install.snapshot.enabled = false (custom)
2019-10-21 04:28:53,427 [dd1d24cd-1df3-4428-bf67-9b7dc9bd3e4c@group-D606C9B72829-LeaderElection10] INFO  server.RaftServerConfigKeys (ConfUtils.java:logGet(43)) - raft.server.log.appender.snapshot.chunk.size.max = 16MB (=16777216) (default)
2019-10-21 04:28:53,427 [dd1d24cd-1df3-4428-bf67-9b7dc9bd3e4c@group-D606C9B72829-LeaderElection10] INFO  server.RaftServerConfigKeys (ConfUtils.java:logGet(43)) - raft.server.log.appender.buffer.byte-limit = 33554432 (custom)
2019-10-21 04:28:53,427 [dd1d24cd-1df3-4428-bf67-9b7dc9bd3e4c@group-D606C9B72829-LeaderElection10] INFO  server.RaftServerConfigKeys (ConfUtils.java:logGet(43)) - raft.server.log.appender.buffer.element-limit = 1 (custom)
2019-10-21 04:28:53,427 [dd1d24cd-1df3-4428-bf67-9b7dc9bd3e4c@group-D606C9B72829-LeaderElection10] INFO  grpc.GrpcConfigKeys$Server (ConfUtils.java:logGet(43)) - raft.grpc.server.leader.outstanding.appends.max = 128 (default)
2019-10-21 04:28:53,428 [dd1d24cd-1df3-4428-bf67-9b7dc9bd3e4c@group-D606C9B72829-LeaderElection10] INFO  server.RaftServerConfigKeys (ConfUtils.java:logGet(43)) - raft.server.rpc.request.timeout = 3000ms (default)
2019-10-21 04:28:53,428 [dd1d24cd-1df3-4428-bf67-9b7dc9bd3e4c@group-D606C9B72829-LeaderElection10] INFO  server.RaftServerConfigKeys (ConfUtils.java:logGet(43)) - raft.server.log.appender.install.snapshot.enabled = false (custom)
2019-10-21 04:28:53,429 [dd1d24cd-1df3-4428-bf67-9b7dc9bd3e4c@group-D606C9B72829-LeaderElection10] INFO  impl.RoleInfo (RoleInfo.java:updateAndGet(143)) - dd1d24cd-1df3-4428-bf67-9b7dc9bd3e4c: start LeaderState
2019-10-21 04:28:53,429 [dd1d24cd-1df3-4428-bf67-9b7dc9bd3e4c@group-D606C9B72829-LeaderElection10] INFO  segmented.SegmentedRaftLogWorker (SegmentedRaftLogWorker.java:startLogSegment(385)) - dd1d24cd-1df3-4428-bf67-9b7dc9bd3e4c@group-D606C9B72829-SegmentedRaftLogWorker: Starting segment from index:0
2019-10-21 04:28:53,430 [dd1d24cd-1df3-4428-bf67-9b7dc9bd3e4c@group-D606C9B72829-LeaderElection10] INFO  impl.RaftServerImpl (ServerState.java:setRaftConf(357)) - dd1d24cd-1df3-4428-bf67-9b7dc9bd3e4c@group-D606C9B72829: set configuration 0: [641380fb-ae96-4755-94e0-fd776bdc090f:192.168.34.41:39543, f02da163-2c1f-4de2-ab71-b915d7d0ae78:192.168.34.41:39439, dd1d24cd-1df3-4428-bf67-9b7dc9bd3e4c:192.168.34.41:45185], old=null at 0
2019-10-21 04:28:53,462 [grpc-default-executor-2] INFO  impl.RaftServerImpl (ServerState.java:setLeader(256)) - f02da163-2c1f-4de2-ab71-b915d7d0ae78@group-D606C9B72829: change Leader from null to dd1d24cd-1df3-4428-bf67-9b7dc9bd3e4c at term 5 for appendEntries, leader elected after 150ms
2019-10-21 04:28:53,462 [grpc-default-executor-4] INFO  impl.RaftServerImpl (ServerState.java:setLeader(256)) - 641380fb-ae96-4755-94e0-fd776bdc090f@group-D606C9B72829: change Leader from null to dd1d24cd-1df3-4428-bf67-9b7dc9bd3e4c at term 5 for appendEntries, leader elected after 567ms
2019-10-21 04:28:53,466 [dd1d24cd-1df3-4428-bf67-9b7dc9bd3e4c@group-D606C9B72829-SegmentedRaftLogWorker] INFO  segmented.SegmentedRaftLogWorker (SegmentedRaftLogWorker.java:execute(576)) - dd1d24cd-1df3-4428-bf67-9b7dc9bd3e4c@group-D606C9B72829-SegmentedRaftLogWorker: created new log segment /workdir/hadoop-ozone/integration-test/target/test-dir/MiniOzoneClusterImpl-50bd132f-794a-46b6-9d96-2578473f4a2b/datanode-1/data/ratis/d49b1818-47fb-49d2-b44c-d606c9b72829/current/log_inprogress_0
2019-10-21 04:28:53,780 [grpc-default-executor-4] INFO  impl.RaftServerImpl (ServerState.java:setRaftConf(357)) - f02da163-2c1f-4de2-ab71-b915d7d0ae78@group-D606C9B72829: set configuration 0: [641380fb-ae96-4755-94e0-fd776bdc090f:192.168.34.41:39543, f02da163-2c1f-4de2-ab71-b915d7d0ae78:192.168.34.41:39439, dd1d24cd-1df3-4428-bf67-9b7dc9bd3e4c:192.168.34.41:45185], old=null at 0
2019-10-21 04:28:53,780 [grpc-default-executor-2] INFO  impl.RaftServerImpl (ServerState.java:setRaftConf(357)) - 641380fb-ae96-4755-94e0-fd776bdc090f@group-D606C9B72829: set configuration 0: [641380fb-ae96-4755-94e0-fd776bdc090f:192.168.34.41:39543, f02da163-2c1f-4de2-ab71-b915d7d0ae78:192.168.34.41:39439, dd1d24cd-1df3-4428-bf67-9b7dc9bd3e4c:192.168.34.41:45185], old=null at 0
2019-10-21 04:28:53,781 [grpc-default-executor-2] INFO  segmented.SegmentedRaftLogWorker (SegmentedRaftLogWorker.java:startLogSegment(385)) - 641380fb-ae96-4755-94e0-fd776bdc090f@group-D606C9B72829-SegmentedRaftLogWorker: Starting segment from index:0
2019-10-21 04:28:53,832 [grpc-default-executor-4] INFO  segmented.SegmentedRaftLogWorker (SegmentedRaftLogWorker.java:truncate(401)) - f02da163-2c1f-4de2-ab71-b915d7d0ae78@group-D606C9B72829-SegmentedRaftLogWorker: Truncating segments toTruncate: null
  toDelete: [(0, 0) isOpen? true, length=0, newEndIndex=-1], start index 0
2019-10-21 04:28:53,834 [grpc-default-executor-4] INFO  segmented.SegmentedRaftLogWorker (SegmentedRaftLogWorker.java:startLogSegment(385)) - f02da163-2c1f-4de2-ab71-b915d7d0ae78@group-D606C9B72829-SegmentedRaftLogWorker: Starting segment from index:0
2019-10-21 04:28:53,835 [f02da163-2c1f-4de2-ab71-b915d7d0ae78@group-D606C9B72829-SegmentedRaftLogWorker] INFO  segmented.SegmentedRaftLogWorker (SegmentedRaftLogWorker.java:execute(640)) - f02da163-2c1f-4de2-ab71-b915d7d0ae78@group-D606C9B72829-SegmentedRaftLogWorker: Deleted log file /workdir/hadoop-ozone/integration-test/target/test-dir/MiniOzoneClusterImpl-50bd132f-794a-46b6-9d96-2578473f4a2b/datanode-2/data/ratis/d49b1818-47fb-49d2-b44c-d606c9b72829/current/log_inprogress_0
2019-10-21 04:28:53,836 [f02da163-2c1f-4de2-ab71-b915d7d0ae78@group-D606C9B72829-SegmentedRaftLogWorker] INFO  segmented.SegmentedRaftLogWorker (SegmentedRaftLogWorker.java:lambda$new$0(128)) - f02da163-2c1f-4de2-ab71-b915d7d0ae78@group-D606C9B72829-SegmentedRaftLogWorker: flushIndex: setUnconditionally 0 -> -1
2019-10-21 04:28:53,844 [641380fb-ae96-4755-94e0-fd776bdc090f@group-D606C9B72829-SegmentedRaftLogWorker] INFO  segmented.SegmentedRaftLogWorker (SegmentedRaftLogWorker.java:execute(576)) - 641380fb-ae96-4755-94e0-fd776bdc090f@group-D606C9B72829-SegmentedRaftLogWorker: created new log segment /workdir/hadoop-ozone/integration-test/target/test-dir/MiniOzoneClusterImpl-50bd132f-794a-46b6-9d96-2578473f4a2b/datanode-0/data/ratis/d49b1818-47fb-49d2-b44c-d606c9b72829/current/log_inprogress_0
2019-10-21 04:28:53,874 [f02da163-2c1f-4de2-ab71-b915d7d0ae78@group-D606C9B72829-SegmentedRaftLogWorker] INFO  segmented.SegmentedRaftLogWorker (SegmentedRaftLogWorker.java:execute(576)) - f02da163-2c1f-4de2-ab71-b915d7d0ae78@group-D606C9B72829-SegmentedRaftLogWorker: created new log segment /workdir/hadoop-ozone/integration-test/target/test-dir/MiniOzoneClusterImpl-50bd132f-794a-46b6-9d96-2578473f4a2b/datanode-2/data/ratis/d49b1818-47fb-49d2-b44c-d606c9b72829/current/log_inprogress_0
2019-10-21 04:28:53,929 [main] INFO  rpc.RpcClient (RpcClient.java:createVolume(272)) - Creating Volume: testcontainerstatemachinefailures, with jenkins1000 as owner.
2019-10-21 04:28:54,012 [IPC Server handler 0 on 37557] INFO  volume.OMVolumeCreateRequest (OMVolumeCreateRequest.java:validateAndUpdateCache(193)) - created volume:testcontainerstatemachinefailures for user:jenkins1000
2019-10-21 04:28:54,036 [main] INFO  rpc.RpcClient (RpcClient.java:createBucket(411)) - Creating Bucket: testcontainerstatemachinefailures/testcontainerstatemachinefailures, with Versioning false and Storage Type set to DISK and Encryption set to false 
2019-10-21 04:28:54,099 [IPC Server handler 19 on 46344] INFO  server.SCMBlockProtocolServer (SCMBlockProtocolServer.java:allocateBlock(179)) - Allocating 1 blocks of size 4194304, with ExcludeList {datanodes = [], containerIds = [], pipelineIds = []}
2019-10-21 04:28:54,191 [main] INFO  impl.MetricsSystemImpl (MetricsSystemImpl.java:init(158)) - XceiverClientMetrics metrics system started (again)
2019-10-21 04:28:54,828 [Datanode State Machine Thread - 0] INFO  statemachine.DatanodeStateMachine (DatanodeStateMachine.java:lambda$startDaemon$0(350)) - Ozone container server started.
2019-10-21 04:28:54,843 [Thread-181] INFO  container.ReplicationManager (ReplicationManager.java:start(162)) - Starting Replication Monitor Thread.
2019-10-21 04:28:54,845 [ReplicationMonitor] INFO  container.ReplicationManager (ReplicationManager.java:run(225)) - Replication Monitor Thread took 0 milliseconds for processing 1 containers.
2019-10-21 04:28:59,740 [main] INFO  ozoneimpl.OzoneContainer (OzoneContainer.java:stop(227)) - Attempting to stop container services.
2019-10-21 04:28:59,742 [main] INFO  impl.RaftServerProxy (RaftServerProxy.java:lambda$close$4(314)) - f02da163-2c1f-4de2-ab71-b915d7d0ae78: close
2019-10-21 04:28:59,744 [ForkJoinPool.commonPool-worker-0] INFO  impl.RaftServerImpl (RaftServerImpl.java:lambda$shutdown$3(261)) - f02da163-2c1f-4de2-ab71-b915d7d0ae78@group-D606C9B72829: shutdown
2019-10-21 04:28:59,744 [main] INFO  impl.RaftServerImpl (RaftServerImpl.java:lambda$shutdown$3(261)) - f02da163-2c1f-4de2-ab71-b915d7d0ae78@group-41F56FBD1CCD: shutdown
2019-10-21 04:28:59,744 [ForkJoinPool.commonPool-worker-0] INFO  util.JmxRegister (JmxRegister.java:unregister(73)) - Successfully un-registered JMX Bean with object name Ratis:service=RaftServer,group=group-D606C9B72829,id=f02da163-2c1f-4de2-ab71-b915d7d0ae78
2019-10-21 04:28:59,745 [main] INFO  util.JmxRegister (JmxRegister.java:unregister(73)) - Successfully un-registered JMX Bean with object name Ratis:service=RaftServer,group=group-41F56FBD1CCD,id=f02da163-2c1f-4de2-ab71-b915d7d0ae78
2019-10-21 04:28:59,745 [ForkJoinPool.commonPool-worker-0] INFO  impl.RoleInfo (RoleInfo.java:shutdownFollowerState(121)) - f02da163-2c1f-4de2-ab71-b915d7d0ae78: shutdown FollowerState
2019-10-21 04:28:59,745 [main] INFO  impl.RoleInfo (RoleInfo.java:shutdownLeaderState(104)) - f02da163-2c1f-4de2-ab71-b915d7d0ae78: shutdown LeaderState
2019-10-21 04:28:59,745 [Thread-251] INFO  impl.FollowerState (FollowerState.java:run(117)) - f02da163-2c1f-4de2-ab71-b915d7d0ae78@group-D606C9B72829-FollowerState was interrupted: java.lang.InterruptedException: sleep interrupted
2019-10-21 04:28:59,745 [ForkJoinPool.commonPool-worker-0] INFO  impl.StateMachineUpdater (StateMachineUpdater.java:stopAndJoin(136)) - f02da163-2c1f-4de2-ab71-b915d7d0ae78@group-D606C9B72829-StateMachineUpdater: set stopIndex = 4
2019-10-21 04:28:59,746 [main] INFO  impl.PendingRequests (PendingRequests.java:sendNotLeaderResponses(202)) - f02da163-2c1f-4de2-ab71-b915d7d0ae78@group-41F56FBD1CCD-PendingRequests: sendNotLeaderResponses
2019-10-21 04:28:59,746 [f02da163-2c1f-4de2-ab71-b915d7d0ae78@group-D606C9B72829-StateMachineUpdater] INFO  ratis.ContainerStateMachine (ContainerStateMachine.java:takeSnapshot(294)) - group-D606C9B72829: Taking a snapshot at:(t:5, i:3) file /workdir/hadoop-ozone/integration-test/target/test-dir/MiniOzoneClusterImpl-50bd132f-794a-46b6-9d96-2578473f4a2b/datanode-2/data/ratis/d49b1818-47fb-49d2-b44c-d606c9b72829/sm/snapshot.5_3
2019-10-21 04:28:59,748 [main] INFO  impl.StateMachineUpdater (StateMachineUpdater.java:stopAndJoin(136)) - f02da163-2c1f-4de2-ab71-b915d7d0ae78@group-41F56FBD1CCD-StateMachineUpdater: set stopIndex = 0
2019-10-21 04:28:59,749 [main] INFO  impl.RaftServerImpl (ServerState.java:close(388)) - f02da163-2c1f-4de2-ab71-b915d7d0ae78@group-41F56FBD1CCD: closes. applyIndex: 0
2019-10-21 04:28:59,751 [f02da163-2c1f-4de2-ab71-b915d7d0ae78@group-41F56FBD1CCD-SegmentedRaftLogWorker] INFO  segmented.SegmentedRaftLogWorker (SegmentedRaftLogWorker.java:run(316)) - f02da163-2c1f-4de2-ab71-b915d7d0ae78@group-41F56FBD1CCD-SegmentedRaftLogWorker was interrupted, exiting. There are 0 tasks remaining in the queue.
2019-10-21 04:28:59,752 [main] INFO  segmented.SegmentedRaftLogWorker (SegmentedRaftLogWorker.java:close(224)) - f02da163-2c1f-4de2-ab71-b915d7d0ae78@group-41F56FBD1CCD-SegmentedRaftLogWorker close()
2019-10-21 04:28:59,857 [f02da163-2c1f-4de2-ab71-b915d7d0ae78@group-D606C9B72829-StateMachineUpdater] INFO  ratis.ContainerStateMachine (ContainerStateMachine.java:takeSnapshot(305)) - group-D606C9B72829: Finished taking a snapshot at:(t:5, i:3) file:/workdir/hadoop-ozone/integration-test/target/test-dir/MiniOzoneClusterImpl-50bd132f-794a-46b6-9d96-2578473f4a2b/datanode-2/data/ratis/d49b1818-47fb-49d2-b44c-d606c9b72829/sm/snapshot.5_3 time:111
2019-10-21 04:28:59,859 [f02da163-2c1f-4de2-ab71-b915d7d0ae78@group-D606C9B72829-StateMachineUpdater] INFO  impl.StateMachineUpdater (StateMachineUpdater.java:takeSnapshot(269)) - f02da163-2c1f-4de2-ab71-b915d7d0ae78@group-D606C9B72829-StateMachineUpdater: Took a snapshot at index 3
2019-10-21 04:28:59,859 [f02da163-2c1f-4de2-ab71-b915d7d0ae78@group-D606C9B72829-StateMachineUpdater] INFO  impl.StateMachineUpdater (StateMachineUpdater.java:lambda$new$0(84)) - f02da163-2c1f-4de2-ab71-b915d7d0ae78@group-D606C9B72829-StateMachineUpdater: snapshotIndex: updateIncreasingly -1 -> 3
2019-10-21 04:28:59,866 [f02da163-2c1f-4de2-ab71-b915d7d0ae78@group-D606C9B72829-StateMachineUpdater] INFO  ratis.ContainerStateMachine (ContainerStateMachine.java:takeSnapshot(294)) - group-D606C9B72829: Taking a snapshot at:(t:5, i:3) file /workdir/hadoop-ozone/integration-test/target/test-dir/MiniOzoneClusterImpl-50bd132f-794a-46b6-9d96-2578473f4a2b/datanode-2/data/ratis/d49b1818-47fb-49d2-b44c-d606c9b72829/sm/snapshot.5_3
2019-10-21 04:28:59,885 [f02da163-2c1f-4de2-ab71-b915d7d0ae78@group-D606C9B72829-StateMachineUpdater] INFO  ratis.ContainerStateMachine (ContainerStateMachine.java:takeSnapshot(305)) - group-D606C9B72829: Finished taking a snapshot at:(t:5, i:3) file:/workdir/hadoop-ozone/integration-test/target/test-dir/MiniOzoneClusterImpl-50bd132f-794a-46b6-9d96-2578473f4a2b/datanode-2/data/ratis/d49b1818-47fb-49d2-b44c-d606c9b72829/sm/snapshot.5_3 time:20
2019-10-21 04:28:59,886 [f02da163-2c1f-4de2-ab71-b915d7d0ae78@group-D606C9B72829-StateMachineUpdater] INFO  impl.StateMachineUpdater (StateMachineUpdater.java:takeSnapshot(269)) - f02da163-2c1f-4de2-ab71-b915d7d0ae78@group-D606C9B72829-StateMachineUpdater: Took a snapshot at index 3
2019-10-21 04:28:59,886 [f02da163-2c1f-4de2-ab71-b915d7d0ae78@group-D606C9B72829-StateMachineUpdater] INFO  impl.StateMachineUpdater (StateMachineUpdater.java:lambda$new$0(84)) - f02da163-2c1f-4de2-ab71-b915d7d0ae78@group-D606C9B72829-StateMachineUpdater: snapshotIndex: updateIncreasingly 3 -> 3
2019-10-21 04:28:59,886 [ForkJoinPool.commonPool-worker-0] INFO  impl.RaftServerImpl (ServerState.java:close(388)) - f02da163-2c1f-4de2-ab71-b915d7d0ae78@group-D606C9B72829: closes. applyIndex: 4
2019-10-21 04:28:59,887 [f02da163-2c1f-4de2-ab71-b915d7d0ae78@group-D606C9B72829-SegmentedRaftLogWorker] INFO  segmented.SegmentedRaftLogWorker (SegmentedRaftLogWorker.java:run(316)) - f02da163-2c1f-4de2-ab71-b915d7d0ae78@group-D606C9B72829-SegmentedRaftLogWorker was interrupted, exiting. There are 0 tasks remaining in the queue.
2019-10-21 04:28:59,888 [ForkJoinPool.commonPool-worker-0] INFO  segmented.SegmentedRaftLogWorker (SegmentedRaftLogWorker.java:close(224)) - f02da163-2c1f-4de2-ab71-b915d7d0ae78@group-D606C9B72829-SegmentedRaftLogWorker close()
2019-10-21 04:28:59,890 [main] INFO  server.GrpcService (GrpcService.java:closeImpl(164)) - f02da163-2c1f-4de2-ab71-b915d7d0ae78: shutdown server with port 39439 now
2019-10-21 04:28:59,896 [grpc-default-executor-1] WARN  server.GrpcServerProtocolService (LogUtils.java:warn(134)) - f02da163-2c1f-4de2-ab71-b915d7d0ae78: installSnapshot onError, lastRequest: dd1d24cd-1df3-4428-bf67-9b7dc9bd3e4c->f02da163-2c1f-4de2-ab71-b915d7d0ae78#7-t5, previous=(t:5, i:4), leaderCommit=4, initializing? false, entries: <empty>: org.apache.ratis.thirdparty.io.grpc.StatusRuntimeException: CANCELLED: cancelled before receiving half close
2019-10-21 04:28:59,897 [main] INFO  server.GrpcService (GrpcService.java:closeImpl(172)) - f02da163-2c1f-4de2-ab71-b915d7d0ae78: shutdown server with port 39439 successfully
2019-10-21 04:28:59,899 [grpc-default-executor-4] WARN  server.GrpcLogAppender (LogUtils.java:warn(134)) - dd1d24cd-1df3-4428-bf67-9b7dc9bd3e4c@group-D606C9B72829->f02da163-2c1f-4de2-ab71-b915d7d0ae78-AppendLogResponseHandler: Failed appendEntries: org.apache.ratis.thirdparty.io.grpc.StatusRuntimeException: CANCELLED: HTTP/2 error code: CANCEL
Received Rst Stream
2019-10-21 04:28:59,900 [refreshUsed-/workdir/hadoop-ozone/integration-test/target/test-dir/MiniOzoneClusterImpl-50bd132f-794a-46b6-9d96-2578473f4a2b/datanode-2/data/containers] WARN  fs.CachingGetSpaceUsed (CachingGetSpaceUsed.java:run(183)) - Thread Interrupted waiting to refresh disk information: sleep interrupted
2019-10-21 04:28:59,922 [main] INFO  utils.BackgroundService (BackgroundService.java:shutdown(151)) - Shutting down service BlockDeletingService
2019-10-21 04:28:59,926 [main] INFO  statemachine.DatanodeStateMachine (DatanodeStateMachine.java:stopDaemon(395)) - Ozone container server stopped.
2019-10-21 04:28:59,932 [main] INFO  handler.ContextHandler (ContextHandler.java:doStop(910)) - Stopped o.e.j.w.WebAppContext@7a0e7ecd{/,null,UNAVAILABLE}{/hddsDatanode}
2019-10-21 04:28:59,938 [main] INFO  server.AbstractConnector (AbstractConnector.java:doStop(318)) - Stopped ServerConnector@54e3658c{HTTP/1.1,[http/1.1]}{0.0.0.0:0}
2019-10-21 04:28:59,939 [main] INFO  handler.ContextHandler (ContextHandler.java:doStop(910)) - Stopped o.e.j.s.ServletContextHandler@5fa23c{/static,jar:file:/home/user/.m2/repository/org/apache/hadoop/hadoop-hdds-container-service/0.5.0-SNAPSHOT/hadoop-hdds-container-service-0.5.0-SNAPSHOT.jar!/webapps/static,UNAVAILABLE}
2019-10-21 04:28:59,939 [main] INFO  handler.ContextHandler (ContextHandler.java:doStop(910)) - Stopped o.e.j.s.ServletContextHandler@6920614{/logs,file:///workdir/hadoop-ozone/integration-test/target/log,UNAVAILABLE}
2019-10-21 04:29:02,946 [java.util.concurrent.ThreadPoolExecutor$Worker@4c939573[State = -1, empty queue]] WARN  server.GrpcLogAppender (GrpcLogAppender.java:timeoutAppendRequest(209)) - dd1d24cd-1df3-4428-bf67-9b7dc9bd3e4c@group-D606C9B72829->f02da163-2c1f-4de2-ab71-b915d7d0ae78-GrpcLogAppender: appendEntries Timeout, request=dd1d24cd-1df3-4428-bf67-9b7dc9bd3e4c->f02da163-2c1f-4de2-ab71-b915d7d0ae78#8-t5, previous=(t:5, i:4), leaderCommit=4, initializing? false, entries: size=1, first=(t:5, i:5), STATEMACHINELOGENTRY, client-A60227926EB5, cid=8
2019-10-21 04:29:02,947 [java.util.concurrent.ThreadPoolExecutor$Worker@4c939573[State = -1, empty queue]] WARN  server.GrpcLogAppender (GrpcLogAppender.java:timeoutAppendRequest(209)) - dd1d24cd-1df3-4428-bf67-9b7dc9bd3e4c@group-D606C9B72829->f02da163-2c1f-4de2-ab71-b915d7d0ae78-GrpcLogAppender: appendEntries Timeout, request=dd1d24cd-1df3-4428-bf67-9b7dc9bd3e4c->f02da163-2c1f-4de2-ab71-b915d7d0ae78#9-t5, previous=(t:5, i:5), leaderCommit=4, initializing? false, entries: size=1, first=(t:5, i:6), STATEMACHINELOGENTRY, client-A60227926EB5, cid=9
2019-10-21 04:29:02,961 [java.util.concurrent.ThreadPoolExecutor$Worker@4c939573[State = -1, empty queue]] WARN  server.GrpcLogAppender (GrpcLogAppender.java:timeoutAppendRequest(209)) - dd1d24cd-1df3-4428-bf67-9b7dc9bd3e4c@group-D606C9B72829->f02da163-2c1f-4de2-ab71-b915d7d0ae78-GrpcLogAppender: appendEntries Timeout, request=dd1d24cd-1df3-4428-bf67-9b7dc9bd3e4c->f02da163-2c1f-4de2-ab71-b915d7d0ae78#10-t5, previous=(t:5, i:6), leaderCommit=6, initializing? false, entries: size=1, first=(t:5, i:7), METADATAENTRY(c5)
2019-10-21 04:29:02,962 [java.util.concurrent.ThreadPoolExecutor$Worker@4c939573[State = -1, empty queue]] WARN  server.GrpcLogAppender (GrpcLogAppender.java:timeoutAppendRequest(209)) - dd1d24cd-1df3-4428-bf67-9b7dc9bd3e4c@group-D606C9B72829->f02da163-2c1f-4de2-ab71-b915d7d0ae78-GrpcLogAppender: appendEntries Timeout, request=dd1d24cd-1df3-4428-bf67-9b7dc9bd3e4c->f02da163-2c1f-4de2-ab71-b915d7d0ae78#11-t5, previous=(t:5, i:7), leaderCommit=6, initializing? false, entries: size=1, first=(t:5, i:8), METADATAENTRY(c6)
2019-10-21 04:29:05,463 [java.util.concurrent.ThreadPoolExecutor$Worker@4c939573[State = -1, empty queue]] WARN  server.GrpcLogAppender (GrpcLogAppender.java:timeoutAppendRequest(209)) - dd1d24cd-1df3-4428-bf67-9b7dc9bd3e4c@group-D606C9B72829->f02da163-2c1f-4de2-ab71-b915d7d0ae78-GrpcLogAppender: appendEntries Timeout, request=dd1d24cd-1df3-4428-bf67-9b7dc9bd3e4c->f02da163-2c1f-4de2-ab71-b915d7d0ae78#12-t5, previous=(t:5, i:8), leaderCommit=8, initializing? false, entries: <empty>
2019-10-21 04:29:07,964 [java.util.concurrent.ThreadPoolExecutor$Worker@4c939573[State = -1, empty queue]] WARN  server.GrpcLogAppender (GrpcLogAppender.java:timeoutAppendRequest(209)) - dd1d24cd-1df3-4428-bf67-9b7dc9bd3e4c@group-D606C9B72829->f02da163-2c1f-4de2-ab71-b915d7d0ae78-GrpcLogAppender: appendEntries Timeout, request=dd1d24cd-1df3-4428-bf67-9b7dc9bd3e4c->f02da163-2c1f-4de2-ab71-b915d7d0ae78#13-t5, previous=(t:5, i:8), leaderCommit=8, initializing? false, entries: <empty>
2019-10-21 04:29:09,000 [Thread-311] INFO  client.GrpcClientProtocolService (GrpcClientProtocolService.java:lambda$processClientRequest$0(278)) - Failed RaftClientRequest:client-A60227926EB5->641380fb-ae96-4755-94e0-fd776bdc090f@group-D606C9B72829, cid=10, seq=0, Watch-ALL_COMMITTED(6), Message:<EMPTY>, reply=RaftClientReply:client-A60227926EB5->641380fb-ae96-4755-94e0-fd776bdc090f@group-D606C9B72829, cid=10, FAILED org.apache.ratis.protocol.NotLeaderException: Server 641380fb-ae96-4755-94e0-fd776bdc090f@group-D606C9B72829 is not the leader dd1d24cd-1df3-4428-bf67-9b7dc9bd3e4c:192.168.34.41:45185, logIndex=0, commits[641380fb-ae96-4755-94e0-fd776bdc090f:c8, f02da163-2c1f-4de2-ab71-b915d7d0ae78:c4, dd1d24cd-1df3-4428-bf67-9b7dc9bd3e4c:c8]
2019-10-21 04:29:10,469 [java.util.concurrent.ThreadPoolExecutor$Worker@4c939573[State = -1, empty queue]] WARN  server.GrpcLogAppender (GrpcLogAppender.java:timeoutAppendRequest(209)) - dd1d24cd-1df3-4428-bf67-9b7dc9bd3e4c@group-D606C9B72829->f02da163-2c1f-4de2-ab71-b915d7d0ae78-GrpcLogAppender: appendEntries Timeout, request=dd1d24cd-1df3-4428-bf67-9b7dc9bd3e4c->f02da163-2c1f-4de2-ab71-b915d7d0ae78#14-t5, previous=(t:5, i:8), leaderCommit=8, initializing? false, entries: <empty>
2019-10-21 04:29:10,761 [Thread-315] INFO  client.GrpcClientProtocolService (GrpcClientProtocolService.java:lambda$processClientRequest$0(278)) - Failed RaftClientRequest:client-A60227926EB5->dd1d24cd-1df3-4428-bf67-9b7dc9bd3e4c@group-D606C9B72829, cid=10, seq=0, Watch-ALL_COMMITTED(6), Message:<EMPTY>, reply=RaftClientReply:client-A60227926EB5->dd1d24cd-1df3-4428-bf67-9b7dc9bd3e4c@group-D606C9B72829, cid=10, FAILED org.apache.ratis.protocol.NotReplicatedException: Request with call Id 10 and log index 6 is not yet replicated to ALL_COMMITTED, logIndex=6, commits[dd1d24cd-1df3-4428-bf67-9b7dc9bd3e4c:c8, 641380fb-ae96-4755-94e0-fd776bdc090f:c8, f02da163-2c1f-4de2-ab71-b915d7d0ae78:c4]
2019-10-21 04:29:12,970 [java.util.concurrent.ThreadPoolExecutor$Worker@4c939573[State = -1, empty queue]] WARN  server.GrpcLogAppender (GrpcLogAppender.java:timeoutAppendRequest(209)) - dd1d24cd-1df3-4428-bf67-9b7dc9bd3e4c@group-D606C9B72829->f02da163-2c1f-4de2-ab71-b915d7d0ae78-GrpcLogAppender: appendEntries Timeout, request=dd1d24cd-1df3-4428-bf67-9b7dc9bd3e4c->f02da163-2c1f-4de2-ab71-b915d7d0ae78#15-t5, previous=(t:5, i:8), leaderCommit=8, initializing? false, entries: <empty>
2019-10-21 04:29:15,471 [java.util.concurrent.ThreadPoolExecutor$Worker@4c939573[State = -1, empty queue]] WARN  server.GrpcLogAppender (GrpcLogAppender.java:timeoutAppendRequest(209)) - dd1d24cd-1df3-4428-bf67-9b7dc9bd3e4c@group-D606C9B72829->f02da163-2c1f-4de2-ab71-b915d7d0ae78-GrpcLogAppender: appendEntries Timeout, request=dd1d24cd-1df3-4428-bf67-9b7dc9bd3e4c->f02da163-2c1f-4de2-ab71-b915d7d0ae78#16-t5, previous=(t:5, i:8), leaderCommit=8, initializing? false, entries: <empty>
2019-10-21 04:29:17,972 [java.util.concurrent.ThreadPoolExecutor$Worker@4c939573[State = -1, empty queue]] WARN  server.GrpcLogAppender (GrpcLogAppender.java:timeoutAppendRequest(209)) - dd1d24cd-1df3-4428-bf67-9b7dc9bd3e4c@group-D606C9B72829->f02da163-2c1f-4de2-ab71-b915d7d0ae78-GrpcLogAppender: appendEntries Timeout, request=dd1d24cd-1df3-4428-bf67-9b7dc9bd3e4c->f02da163-2c1f-4de2-ab71-b915d7d0ae78#17-t5, previous=(t:5, i:8), leaderCommit=8, initializing? false, entries: <empty>
2019-10-21 04:29:18,053 [Thread-321] INFO  client.GrpcClientProtocolService (GrpcClientProtocolService.java:lambda$processClientRequest$0(278)) - Failed RaftClientRequest:client-A60227926EB5->641380fb-ae96-4755-94e0-fd776bdc090f@group-D606C9B72829, cid=10, seq=0, Watch-ALL_COMMITTED(6), Message:<EMPTY>, reply=RaftClientReply:client-A60227926EB5->641380fb-ae96-4755-94e0-fd776bdc090f@group-D606C9B72829, cid=10, FAILED org.apache.ratis.protocol.NotLeaderException: Server 641380fb-ae96-4755-94e0-fd776bdc090f@group-D606C9B72829 is not the leader dd1d24cd-1df3-4428-bf67-9b7dc9bd3e4c:192.168.34.41:45185, logIndex=0, commits[641380fb-ae96-4755-94e0-fd776bdc090f:c8, f02da163-2c1f-4de2-ab71-b915d7d0ae78:c4, dd1d24cd-1df3-4428-bf67-9b7dc9bd3e4c:c8]
2019-10-21 04:29:19,755 [Thread-324] INFO  client.GrpcClientProtocolService (GrpcClientProtocolService.java:lambda$processClientRequest$0(278)) - Failed RaftClientRequest:client-A60227926EB5->dd1d24cd-1df3-4428-bf67-9b7dc9bd3e4c@group-D606C9B72829, cid=10, seq=0, Watch-ALL_COMMITTED(6), Message:<EMPTY>, reply=RaftClientReply:client-A60227926EB5->dd1d24cd-1df3-4428-bf67-9b7dc9bd3e4c@group-D606C9B72829, cid=10, FAILED org.apache.ratis.protocol.NotReplicatedException: Request with call Id 10 and log index 6 is not yet replicated to ALL_COMMITTED, logIndex=6, commits[dd1d24cd-1df3-4428-bf67-9b7dc9bd3e4c:c8, 641380fb-ae96-4755-94e0-fd776bdc090f:c8, f02da163-2c1f-4de2-ab71-b915d7d0ae78:c4]
2019-10-21 04:29:20,473 [java.util.concurrent.ThreadPoolExecutor$Worker@4c939573[State = -1, empty queue]] WARN  server.GrpcLogAppender (GrpcLogAppender.java:timeoutAppendRequest(209)) - dd1d24cd-1df3-4428-bf67-9b7dc9bd3e4c@group-D606C9B72829->f02da163-2c1f-4de2-ab71-b915d7d0ae78-GrpcLogAppender: appendEntries Timeout, request=dd1d24cd-1df3-4428-bf67-9b7dc9bd3e4c->f02da163-2c1f-4de2-ab71-b915d7d0ae78#18-t5, previous=(t:5, i:8), leaderCommit=8, initializing? false, entries: <empty>
2019-10-21 04:29:22,974 [java.util.concurrent.ThreadPoolExecutor$Worker@4c939573[State = -1, empty queue]] WARN  server.GrpcLogAppender (GrpcLogAppender.java:timeoutAppendRequest(209)) - dd1d24cd-1df3-4428-bf67-9b7dc9bd3e4c@group-D606C9B72829->f02da163-2c1f-4de2-ab71-b915d7d0ae78-GrpcLogAppender: appendEntries Timeout, request=dd1d24cd-1df3-4428-bf67-9b7dc9bd3e4c->f02da163-2c1f-4de2-ab71-b915d7d0ae78#19-t5, previous=(t:5, i:8), leaderCommit=8, initializing? false, entries: <empty>
2019-10-21 04:29:25,476 [java.util.concurrent.ThreadPoolExecutor$Worker@4c939573[State = -1, empty queue]] WARN  server.GrpcLogAppender (GrpcLogAppender.java:timeoutAppendRequest(209)) - dd1d24cd-1df3-4428-bf67-9b7dc9bd3e4c@group-D606C9B72829->f02da163-2c1f-4de2-ab71-b915d7d0ae78-GrpcLogAppender: appendEntries Timeout, request=dd1d24cd-1df3-4428-bf67-9b7dc9bd3e4c->f02da163-2c1f-4de2-ab71-b915d7d0ae78#20-t5, previous=(t:5, i:8), leaderCommit=8, initializing? false, entries: <empty>
2019-10-21 04:29:27,082 [Thread-330] INFO  client.GrpcClientProtocolService (GrpcClientProtocolService.java:lambda$processClientRequest$0(278)) - Failed RaftClientRequest:client-A60227926EB5->641380fb-ae96-4755-94e0-fd776bdc090f@group-D606C9B72829, cid=10, seq=0, Watch-ALL_COMMITTED(6), Message:<EMPTY>, reply=RaftClientReply:client-A60227926EB5->641380fb-ae96-4755-94e0-fd776bdc090f@group-D606C9B72829, cid=10, FAILED org.apache.ratis.protocol.NotLeaderException: Server 641380fb-ae96-4755-94e0-fd776bdc090f@group-D606C9B72829 is not the leader dd1d24cd-1df3-4428-bf67-9b7dc9bd3e4c:192.168.34.41:45185, logIndex=0, commits[641380fb-ae96-4755-94e0-fd776bdc090f:c8, f02da163-2c1f-4de2-ab71-b915d7d0ae78:c4, dd1d24cd-1df3-4428-bf67-9b7dc9bd3e4c:c8]
2019-10-21 04:29:27,980 [java.util.concurrent.ThreadPoolExecutor$Worker@4c939573[State = -1, empty queue]] WARN  server.GrpcLogAppender (GrpcLogAppender.java:timeoutAppendRequest(209)) - dd1d24cd-1df3-4428-bf67-9b7dc9bd3e4c@group-D606C9B72829->f02da163-2c1f-4de2-ab71-b915d7d0ae78-GrpcLogAppender: appendEntries Timeout, request=dd1d24cd-1df3-4428-bf67-9b7dc9bd3e4c->f02da163-2c1f-4de2-ab71-b915d7d0ae78#21-t5, previous=(t:5, i:8), leaderCommit=8, initializing? false, entries: <empty>
2019-10-21 04:29:28,756 [Thread-334] INFO  client.GrpcClientProtocolService (GrpcClientProtocolService.java:lambda$processClientRequest$0(278)) - Failed RaftClientRequest:client-A60227926EB5->dd1d24cd-1df3-4428-bf67-9b7dc9bd3e4c@group-D606C9B72829, cid=10, seq=0, Watch-ALL_COMMITTED(6), Message:<EMPTY>, reply=RaftClientReply:client-A60227926EB5->dd1d24cd-1df3-4428-bf67-9b7dc9bd3e4c@group-D606C9B72829, cid=10, FAILED org.apache.ratis.protocol.NotReplicatedException: Request with call Id 10 and log index 6 is not yet replicated to ALL_COMMITTED, logIndex=6, commits[dd1d24cd-1df3-4428-bf67-9b7dc9bd3e4c:c8, 641380fb-ae96-4755-94e0-fd776bdc090f:c8, f02da163-2c1f-4de2-ab71-b915d7d0ae78:c4]
2019-10-21 04:29:29,976 [main] WARN  scm.XceiverClientRatis (XceiverClientRatis.java:watchForCommit(277)) - 3 way commit failed on pipeline Pipeline[ Id: d49b1818-47fb-49d2-b44c-d606c9b72829, Nodes: dd1d24cd-1df3-4428-bf67-9b7dc9bd3e4c{ip: 192.168.34.41, host: trunk-nightly-20191021-4s9dg-2799068384, networkLocation: /default-rack, certSerialId: null}641380fb-ae96-4755-94e0-fd776bdc090f{ip: 192.168.34.41, host: trunk-nightly-20191021-4s9dg-2799068384, networkLocation: /default-rack, certSerialId: null}f02da163-2c1f-4de2-ab71-b915d7d0ae78{ip: 192.168.34.41, host: trunk-nightly-20191021-4s9dg-2799068384, networkLocation: /default-rack, certSerialId: null}, Type:RATIS, Factor:THREE, State:OPEN]
java.util.concurrent.TimeoutException
	at java.util.concurrent.CompletableFuture.timedGet(CompletableFuture.java:1771)
	at java.util.concurrent.CompletableFuture.get(CompletableFuture.java:1915)
	at org.apache.hadoop.hdds.scm.XceiverClientRatis.watchForCommit(XceiverClientRatis.java:274)
	at org.apache.hadoop.hdds.scm.storage.CommitWatcher.watchForCommit(CommitWatcher.java:198)
	at org.apache.hadoop.hdds.scm.storage.CommitWatcher.watchOnLastIndex(CommitWatcher.java:161)
	at org.apache.hadoop.hdds.scm.storage.BlockOutputStream.watchForCommit(BlockOutputStream.java:346)
	at org.apache.hadoop.hdds.scm.storage.BlockOutputStream.handleFlush(BlockOutputStream.java:482)
	at org.apache.hadoop.hdds.scm.storage.BlockOutputStream.close(BlockOutputStream.java:496)
	at org.apache.hadoop.ozone.client.io.BlockOutputStreamEntry.close(BlockOutputStreamEntry.java:143)
	at org.apache.hadoop.ozone.client.io.KeyOutputStream.handleFlushOrClose(KeyOutputStream.java:435)
	at org.apache.hadoop.ozone.client.io.KeyOutputStream.close(KeyOutputStream.java:473)
	at org.apache.hadoop.ozone.client.io.OzoneOutputStream.close(OzoneOutputStream.java:60)
	at org.apache.hadoop.ozone.client.rpc.TestDeleteWithSlowFollower.testDeleteKeyWithSlowFollower(TestDeleteWithSlowFollower.java:193)
	at sun.reflect.NativeMethodAccessorImpl.invoke0(Native Method)
	at sun.reflect.NativeMethodAccessorImpl.invoke(NativeMethodAccessorImpl.java:62)
	at sun.reflect.DelegatingMethodAccessorImpl.invoke(DelegatingMethodAccessorImpl.java:43)
	at java.lang.reflect.Method.invoke(Method.java:498)
	at org.junit.runners.model.FrameworkMethod$1.runReflectiveCall(FrameworkMethod.java:47)
	at org.junit.internal.runners.model.ReflectiveCallable.run(ReflectiveCallable.java:12)
	at org.junit.runners.model.FrameworkMethod.invokeExplosively(FrameworkMethod.java:44)
	at org.junit.internal.runners.statements.InvokeMethod.evaluate(InvokeMethod.java:17)
	at org.junit.runners.ParentRunner.runLeaf(ParentRunner.java:271)
	at org.junit.runners.BlockJUnit4ClassRunner.runChild(BlockJUnit4ClassRunner.java:70)
	at org.junit.runners.BlockJUnit4ClassRunner.runChild(BlockJUnit4ClassRunner.java:50)
	at org.junit.runners.ParentRunner$3.run(ParentRunner.java:238)
	at org.junit.runners.ParentRunner$1.schedule(ParentRunner.java:63)
	at org.junit.runners.ParentRunner.runChildren(ParentRunner.java:236)
	at org.junit.runners.ParentRunner.access$000(ParentRunner.java:53)
	at org.junit.runners.ParentRunner$2.evaluate(ParentRunner.java:229)
	at org.junit.internal.runners.statements.RunBefores.evaluate(RunBefores.java:26)
	at org.junit.internal.runners.statements.RunAfters.evaluate(RunAfters.java:27)
	at org.junit.runners.ParentRunner.run(ParentRunner.java:309)
	at org.apache.maven.surefire.junit4.JUnit4Provider.execute(JUnit4Provider.java:365)
	at org.apache.maven.surefire.junit4.JUnit4Provider.executeWithRerun(JUnit4Provider.java:273)
	at org.apache.maven.surefire.junit4.JUnit4Provider.executeTestSet(JUnit4Provider.java:238)
	at org.apache.maven.surefire.junit4.JUnit4Provider.invoke(JUnit4Provider.java:159)
	at org.apache.maven.surefire.booter.ForkedBooter.invokeProviderInSameClassLoader(ForkedBooter.java:384)
	at org.apache.maven.surefire.booter.ForkedBooter.runSuitesInProcess(ForkedBooter.java:345)
	at org.apache.maven.surefire.booter.ForkedBooter.execute(ForkedBooter.java:126)
	at org.apache.maven.surefire.booter.ForkedBooter.main(ForkedBooter.java:418)
2019-10-21 04:29:29,986 [main] INFO  scm.XceiverClientRatis (XceiverClientRatis.java:lambda$watchForCommit$5(295)) - Could not commit index 6 on pipeline Pipeline[ Id: d49b1818-47fb-49d2-b44c-d606c9b72829, Nodes: dd1d24cd-1df3-4428-bf67-9b7dc9bd3e4c{ip: 192.168.34.41, host: trunk-nightly-20191021-4s9dg-2799068384, networkLocation: /default-rack, certSerialId: null}641380fb-ae96-4755-94e0-fd776bdc090f{ip: 192.168.34.41, host: trunk-nightly-20191021-4s9dg-2799068384, networkLocation: /default-rack, certSerialId: null}f02da163-2c1f-4de2-ab71-b915d7d0ae78{ip: 192.168.34.41, host: trunk-nightly-20191021-4s9dg-2799068384, networkLocation: /default-rack, certSerialId: null}, Type:RATIS, Factor:THREE, State:OPEN] to all the nodes. Server f02da163-2c1f-4de2-ab71-b915d7d0ae78 has failed. Committed by majority.
2019-10-21 04:29:29,987 [main] WARN  storage.BlockOutputStream (BlockOutputStream.java:watchForCommit(352)) - Failed to commit BlockId conID: 1 locID: 102998483541098496 bcsId: 6 on Pipeline[ Id: d49b1818-47fb-49d2-b44c-d606c9b72829, Nodes: dd1d24cd-1df3-4428-bf67-9b7dc9bd3e4c{ip: 192.168.34.41, host: trunk-nightly-20191021-4s9dg-2799068384, networkLocation: /default-rack, certSerialId: null}641380fb-ae96-4755-94e0-fd776bdc090f{ip: 192.168.34.41, host: trunk-nightly-20191021-4s9dg-2799068384, networkLocation: /default-rack, certSerialId: null}f02da163-2c1f-4de2-ab71-b915d7d0ae78{ip: 192.168.34.41, host: trunk-nightly-20191021-4s9dg-2799068384, networkLocation: /default-rack, certSerialId: null}, Type:RATIS, Factor:THREE, State:OPEN]. Failed nodes: [f02da163-2c1f-4de2-ab71-b915d7d0ae78{ip: null, host: null, networkLocation: /default-rack, certSerialId: null}]
2019-10-21 04:29:30,071 [EventQueue-IncrementalContainerReportForIncrementalContainerReportHandler] WARN  container.IncrementalContainerReportHandler (AbstractContainerReportHandler.java:updateContainerState(145)) - Container #1 is in OPEN state, but the datanode dd1d24cd-1df3-4428-bf67-9b7dc9bd3e4c{ip: 192.168.34.41, host: trunk-nightly-20191021-4s9dg-2799068384, networkLocation: /default-rack, certSerialId: null} reports an CLOSING replica.
2019-10-21 04:29:30,072 [RatisApplyTransactionExecutor 1] INFO  interfaces.Container (KeyValueContainer.java:flushAndSyncDB(386)) - Container 1 is synced with bcsId 6.
2019-10-21 04:29:30,073 [RatisApplyTransactionExecutor 1] INFO  interfaces.Container (KeyValueContainer.java:flushAndSyncDB(386)) - Container 1 is synced with bcsId 6.
2019-10-21 04:29:30,073 [EventQueue-IncrementalContainerReportForIncrementalContainerReportHandler] WARN  container.IncrementalContainerReportHandler (AbstractContainerReportHandler.java:updateContainerState(145)) - Container #1 is in OPEN state, but the datanode 641380fb-ae96-4755-94e0-fd776bdc090f{ip: 192.168.34.41, host: trunk-nightly-20191021-4s9dg-2799068384, networkLocation: /default-rack, certSerialId: null} reports an CLOSING replica.
2019-10-21 04:29:30,085 [RatisApplyTransactionExecutor 1] INFO  interfaces.Container (KeyValueContainer.java:flushAndSyncDB(386)) - Container 1 is synced with bcsId 6.
2019-10-21 04:29:30,086 [RatisApplyTransactionExecutor 1] INFO  interfaces.Container (KeyValueContainer.java:flushAndSyncDB(386)) - Container 1 is synced with bcsId 6.
2019-10-21 04:29:30,101 [RatisApplyTransactionExecutor 1] INFO  interfaces.Container (KeyValueContainer.java:close(335)) - Container 1 is closed with bcsId 6.
2019-10-21 04:29:30,101 [RatisApplyTransactionExecutor 1] INFO  interfaces.Container (KeyValueContainer.java:close(335)) - Container 1 is closed with bcsId 6.
2019-10-21 04:29:30,104 [EventQueue-IncrementalContainerReportForIncrementalContainerReportHandler] WARN  container.IncrementalContainerReportHandler (AbstractContainerReportHandler.java:updateContainerState(145)) - Container #1 is in OPEN state, but the datanode dd1d24cd-1df3-4428-bf67-9b7dc9bd3e4c{ip: 192.168.34.41, host: trunk-nightly-20191021-4s9dg-2799068384, networkLocation: /default-rack, certSerialId: null} reports an CLOSED replica.
2019-10-21 04:29:30,104 [EventQueue-IncrementalContainerReportForIncrementalContainerReportHandler] WARN  container.IncrementalContainerReportHandler (AbstractContainerReportHandler.java:updateContainerState(145)) - Container #1 is in OPEN state, but the datanode 641380fb-ae96-4755-94e0-fd776bdc090f{ip: 192.168.34.41, host: trunk-nightly-20191021-4s9dg-2799068384, networkLocation: /default-rack, certSerialId: null} reports an CLOSED replica.
2019-10-21 04:29:30,132 [BlockDeletingService#2] WARN  background.BlockDeletingService (BlockDeletingService.java:isDeletionAllowed(187)) - Close Container log Index 6 is not replicated across allthe servers in the pipeline d49b1818-47fb-49d2-b44c-d606c9b72829 as the min replicated index is 4. Deletion is not allowed in this container yet.
2019-10-21 04:29:30,132 [BlockDeletingService#2] WARN  background.BlockDeletingService (BlockDeletingService.java:isDeletionAllowed(187)) - Close Container log Index 6 is not replicated across allthe servers in the pipeline d49b1818-47fb-49d2-b44c-d606c9b72829 as the min replicated index is 4. Deletion is not allowed in this container yet.
2019-10-21 04:29:30,203 [EventQueue-ContainerReportForContainerReportHandler] WARN  container.ContainerReportHandler (AbstractContainerReportHandler.java:updateContainerState(145)) - Container #1 is in OPEN state, but the datanode dd1d24cd-1df3-4428-bf67-9b7dc9bd3e4c{ip: 192.168.34.41, host: trunk-nightly-20191021-4s9dg-2799068384, networkLocation: /default-rack, certSerialId: null} reports an CLOSED replica.
2019-10-21 04:29:30,303 [EventQueue-ContainerReportForContainerReportHandler] WARN  container.ContainerReportHandler (AbstractContainerReportHandler.java:updateContainerState(145)) - Container #1 is in OPEN state, but the datanode 641380fb-ae96-4755-94e0-fd776bdc090f{ip: 192.168.34.41, host: trunk-nightly-20191021-4s9dg-2799068384, networkLocation: /default-rack, certSerialId: null} reports an CLOSED replica.
2019-10-21 04:29:30,403 [EventQueue-ContainerReportForContainerReportHandler] WARN  container.ContainerReportHandler (AbstractContainerReportHandler.java:updateContainerState(145)) - Container #1 is in OPEN state, but the datanode dd1d24cd-1df3-4428-bf67-9b7dc9bd3e4c{ip: 192.168.34.41, host: trunk-nightly-20191021-4s9dg-2799068384, networkLocation: /default-rack, certSerialId: null} reports an CLOSED replica.
2019-10-21 04:29:30,481 [java.util.concurrent.ThreadPoolExecutor$Worker@4c939573[State = -1, empty queue]] WARN  server.GrpcLogAppender (GrpcLogAppender.java:timeoutAppendRequest(209)) - dd1d24cd-1df3-4428-bf67-9b7dc9bd3e4c@group-D606C9B72829->f02da163-2c1f-4de2-ab71-b915d7d0ae78-GrpcLogAppender: appendEntries Timeout, request=dd1d24cd-1df3-4428-bf67-9b7dc9bd3e4c->f02da163-2c1f-4de2-ab71-b915d7d0ae78#22-t5, previous=(t:5, i:8), leaderCommit=8, initializing? false, entries: <empty>
2019-10-21 04:29:30,605 [EventQueue-ContainerReportForContainerReportHandler] WARN  container.ContainerReportHandler (AbstractContainerReportHandler.java:updateContainerState(145)) - Container #1 is in OPEN state, but the datanode 641380fb-ae96-4755-94e0-fd776bdc090f{ip: 192.168.34.41, host: trunk-nightly-20191021-4s9dg-2799068384, networkLocation: /default-rack, certSerialId: null} reports an CLOSED replica.
2019-10-21 04:29:30,703 [EventQueue-ContainerReportForContainerReportHandler] WARN  container.ContainerReportHandler (AbstractContainerReportHandler.java:updateContainerState(145)) - Container #1 is in OPEN state, but the datanode dd1d24cd-1df3-4428-bf67-9b7dc9bd3e4c{ip: 192.168.34.41, host: trunk-nightly-20191021-4s9dg-2799068384, networkLocation: /default-rack, certSerialId: null} reports an CLOSED replica.
2019-10-21 04:29:30,904 [EventQueue-ContainerReportForContainerReportHandler] WARN  container.ContainerReportHandler (AbstractContainerReportHandler.java:updateContainerState(145)) - Container #1 is in OPEN state, but the datanode 641380fb-ae96-4755-94e0-fd776bdc090f{ip: 192.168.34.41, host: trunk-nightly-20191021-4s9dg-2799068384, networkLocation: /default-rack, certSerialId: null} reports an CLOSED replica.
2019-10-21 04:29:30,958 [IPC Server handler 19 on 46344] INFO  server.SCMBlockProtocolServer (SCMBlockProtocolServer.java:deleteKeyBlocks(214)) - SCM is informed by OM to delete 1 blocks
2019-10-21 04:29:30,959 [IPC Server handler 19 on 46344] INFO  block.BlockManagerImpl (BlockManagerImpl.java:deleteBlocks(285)) - Deleting blocks conID: 1 locID: 102998483541098496 bcsId: 0
2019-10-21 04:29:31,103 [EventQueue-ContainerReportForContainerReportHandler] WARN  container.ContainerReportHandler (AbstractContainerReportHandler.java:updateContainerState(145)) - Container #1 is in OPEN state, but the datanode dd1d24cd-1df3-4428-bf67-9b7dc9bd3e4c{ip: 192.168.34.41, host: trunk-nightly-20191021-4s9dg-2799068384, networkLocation: /default-rack, certSerialId: null} reports an CLOSED replica.
2019-10-21 04:29:31,135 [BlockDeletingService#7] WARN  background.BlockDeletingService (BlockDeletingService.java:isDeletionAllowed(187)) - Close Container log Index 6 is not replicated across allthe servers in the pipeline d49b1818-47fb-49d2-b44c-d606c9b72829 as the min replicated index is 4. Deletion is not allowed in this container yet.
2019-10-21 04:29:31,135 [BlockDeletingService#2] WARN  background.BlockDeletingService (BlockDeletingService.java:isDeletionAllowed(187)) - Close Container log Index 6 is not replicated across allthe servers in the pipeline d49b1818-47fb-49d2-b44c-d606c9b72829 as the min replicated index is 4. Deletion is not allowed in this container yet.
2019-10-21 04:29:31,205 [EventQueue-ContainerReportForContainerReportHandler] WARN  container.ContainerReportHandler (AbstractContainerReportHandler.java:updateContainerState(145)) - Container #1 is in OPEN state, but the datanode 641380fb-ae96-4755-94e0-fd776bdc090f{ip: 192.168.34.41, host: trunk-nightly-20191021-4s9dg-2799068384, networkLocation: /default-rack, certSerialId: null} reports an CLOSED replica.
2019-10-21 04:29:31,303 [EventQueue-ContainerReportForContainerReportHandler] WARN  container.ContainerReportHandler (AbstractContainerReportHandler.java:updateContainerState(145)) - Container #1 is in OPEN state, but the datanode dd1d24cd-1df3-4428-bf67-9b7dc9bd3e4c{ip: 192.168.34.41, host: trunk-nightly-20191021-4s9dg-2799068384, networkLocation: /default-rack, certSerialId: null} reports an CLOSED replica.
2019-10-21 04:29:31,405 [EventQueue-ContainerReportForContainerReportHandler] WARN  container.ContainerReportHandler (AbstractContainerReportHandler.java:updateContainerState(145)) - Container #1 is in OPEN state, but the datanode 641380fb-ae96-4755-94e0-fd776bdc090f{ip: 192.168.34.41, host: trunk-nightly-20191021-4s9dg-2799068384, networkLocation: /default-rack, certSerialId: null} reports an CLOSED replica.
2019-10-21 04:29:31,602 [EventQueue-ContainerReportForContainerReportHandler] WARN  container.ContainerReportHandler (AbstractContainerReportHandler.java:updateContainerState(145)) - Container #1 is in OPEN state, but the datanode dd1d24cd-1df3-4428-bf67-9b7dc9bd3e4c{ip: 192.168.34.41, host: trunk-nightly-20191021-4s9dg-2799068384, networkLocation: /default-rack, certSerialId: null} reports an CLOSED replica.
2019-10-21 04:29:31,604 [EventQueue-ContainerReportForContainerReportHandler] WARN  container.ContainerReportHandler (AbstractContainerReportHandler.java:updateContainerState(145)) - Container #1 is in OPEN state, but the datanode 641380fb-ae96-4755-94e0-fd776bdc090f{ip: 192.168.34.41, host: trunk-nightly-20191021-4s9dg-2799068384, networkLocation: /default-rack, certSerialId: null} reports an CLOSED replica.
2019-10-21 04:29:31,903 [EventQueue-ContainerReportForContainerReportHandler] WARN  container.ContainerReportHandler (AbstractContainerReportHandler.java:updateContainerState(145)) - Container #1 is in OPEN state, but the datanode dd1d24cd-1df3-4428-bf67-9b7dc9bd3e4c{ip: 192.168.34.41, host: trunk-nightly-20191021-4s9dg-2799068384, networkLocation: /default-rack, certSerialId: null} reports an CLOSED replica.
2019-10-21 04:29:32,004 [EventQueue-ContainerReportForContainerReportHandler] WARN  container.ContainerReportHandler (AbstractContainerReportHandler.java:updateContainerState(145)) - Container #1 is in OPEN state, but the datanode 641380fb-ae96-4755-94e0-fd776bdc090f{ip: 192.168.34.41, host: trunk-nightly-20191021-4s9dg-2799068384, networkLocation: /default-rack, certSerialId: null} reports an CLOSED replica.
2019-10-21 04:29:32,137 [BlockDeletingService#7] WARN  background.BlockDeletingService (BlockDeletingService.java:isDeletionAllowed(187)) - Close Container log Index 6 is not replicated across allthe servers in the pipeline d49b1818-47fb-49d2-b44c-d606c9b72829 as the min replicated index is 4. Deletion is not allowed in this container yet.
2019-10-21 04:29:32,137 [BlockDeletingService#2] WARN  background.BlockDeletingService (BlockDeletingService.java:isDeletionAllowed(187)) - Close Container log Index 6 is not replicated across allthe servers in the pipeline d49b1818-47fb-49d2-b44c-d606c9b72829 as the min replicated index is 4. Deletion is not allowed in this container yet.
2019-10-21 04:29:32,204 [EventQueue-ContainerReportForContainerReportHandler] WARN  container.ContainerReportHandler (AbstractContainerReportHandler.java:updateContainerState(145)) - Container #1 is in OPEN state, but the datanode dd1d24cd-1df3-4428-bf67-9b7dc9bd3e4c{ip: 192.168.34.41, host: trunk-nightly-20191021-4s9dg-2799068384, networkLocation: /default-rack, certSerialId: null} reports an CLOSED replica.
2019-10-21 04:29:32,404 [EventQueue-ContainerReportForContainerReportHandler] WARN  container.ContainerReportHandler (AbstractContainerReportHandler.java:updateContainerState(145)) - Container #1 is in OPEN state, but the datanode dd1d24cd-1df3-4428-bf67-9b7dc9bd3e4c{ip: 192.168.34.41, host: trunk-nightly-20191021-4s9dg-2799068384, networkLocation: /default-rack, certSerialId: null} reports an CLOSED replica.
2019-10-21 04:29:32,405 [EventQueue-ContainerReportForContainerReportHandler] WARN  container.ContainerReportHandler (AbstractContainerReportHandler.java:updateContainerState(145)) - Container #1 is in OPEN state, but the datanode 641380fb-ae96-4755-94e0-fd776bdc090f{ip: 192.168.34.41, host: trunk-nightly-20191021-4s9dg-2799068384, networkLocation: /default-rack, certSerialId: null} reports an CLOSED replica.
2019-10-21 04:29:32,605 [EventQueue-ContainerReportForContainerReportHandler] WARN  container.ContainerReportHandler (AbstractContainerReportHandler.java:updateContainerState(145)) - Container #1 is in OPEN state, but the datanode 641380fb-ae96-4755-94e0-fd776bdc090f{ip: 192.168.34.41, host: trunk-nightly-20191021-4s9dg-2799068384, networkLocation: /default-rack, certSerialId: null} reports an CLOSED replica.
2019-10-21 04:29:32,703 [EventQueue-ContainerReportForContainerReportHandler] WARN  container.ContainerReportHandler (AbstractContainerReportHandler.java:updateContainerState(145)) - Container #1 is in OPEN state, but the datanode dd1d24cd-1df3-4428-bf67-9b7dc9bd3e4c{ip: 192.168.34.41, host: trunk-nightly-20191021-4s9dg-2799068384, networkLocation: /default-rack, certSerialId: null} reports an CLOSED replica.
2019-10-21 04:29:32,982 [java.util.concurrent.ThreadPoolExecutor$Worker@4c939573[State = -1, empty queue]] WARN  server.GrpcLogAppender (GrpcLogAppender.java:timeoutAppendRequest(209)) - dd1d24cd-1df3-4428-bf67-9b7dc9bd3e4c@group-D606C9B72829->f02da163-2c1f-4de2-ab71-b915d7d0ae78-GrpcLogAppender: appendEntries Timeout, request=dd1d24cd-1df3-4428-bf67-9b7dc9bd3e4c->f02da163-2c1f-4de2-ab71-b915d7d0ae78#23-t5, previous=(t:5, i:8), leaderCommit=8, initializing? false, entries: <empty>
2019-10-21 04:29:33,004 [EventQueue-ContainerReportForContainerReportHandler] WARN  container.ContainerReportHandler (AbstractContainerReportHandler.java:updateContainerState(145)) - Container #1 is in OPEN state, but the datanode dd1d24cd-1df3-4428-bf67-9b7dc9bd3e4c{ip: 192.168.34.41, host: trunk-nightly-20191021-4s9dg-2799068384, networkLocation: /default-rack, certSerialId: null} reports an CLOSED replica.
2019-10-21 04:29:33,006 [EventQueue-ContainerReportForContainerReportHandler] WARN  container.ContainerReportHandler (AbstractContainerReportHandler.java:updateContainerState(145)) - Container #1 is in OPEN state, but the datanode 641380fb-ae96-4755-94e0-fd776bdc090f{ip: 192.168.34.41, host: trunk-nightly-20191021-4s9dg-2799068384, networkLocation: /default-rack, certSerialId: null} reports an CLOSED replica.
2019-10-21 04:29:33,020 [java.util.concurrent.ThreadPoolExecutor$Worker@4c939573[State = -1, empty queue]] WARN  server.GrpcLogAppender (GrpcLogAppender.java:timeoutAppendRequest(209)) - dd1d24cd-1df3-4428-bf67-9b7dc9bd3e4c@group-D606C9B72829->f02da163-2c1f-4de2-ab71-b915d7d0ae78-GrpcLogAppender: appendEntries Timeout, request=dd1d24cd-1df3-4428-bf67-9b7dc9bd3e4c->f02da163-2c1f-4de2-ab71-b915d7d0ae78#24-t5, previous=(t:5, i:8), leaderCommit=8, initializing? false, entries: size=1, first=(t:5, i:9), STATEMACHINELOGENTRY, client-3B6E310F19C4, cid=12
2019-10-21 04:29:33,034 [java.util.concurrent.ThreadPoolExecutor$Worker@4c939573[State = -1, empty queue]] WARN  server.GrpcLogAppender (GrpcLogAppender.java:timeoutAppendRequest(209)) - dd1d24cd-1df3-4428-bf67-9b7dc9bd3e4c@group-D606C9B72829->f02da163-2c1f-4de2-ab71-b915d7d0ae78-GrpcLogAppender: appendEntries Timeout, request=dd1d24cd-1df3-4428-bf67-9b7dc9bd3e4c->f02da163-2c1f-4de2-ab71-b915d7d0ae78#25-t5, previous=(t:5, i:9), leaderCommit=9, initializing? false, entries: size=1, first=(t:5, i:10), METADATAENTRY(c9)
2019-10-21 04:29:33,139 [BlockDeletingService#2] WARN  background.BlockDeletingService (BlockDeletingService.java:isDeletionAllowed(187)) - Close Container log Index 6 is not replicated across allthe servers in the pipeline d49b1818-47fb-49d2-b44c-d606c9b72829 as the min replicated index is 4. Deletion is not allowed in this container yet.
2019-10-21 04:29:33,139 [BlockDeletingService#7] WARN  background.BlockDeletingService (BlockDeletingService.java:isDeletionAllowed(187)) - Close Container log Index 6 is not replicated across allthe servers in the pipeline d49b1818-47fb-49d2-b44c-d606c9b72829 as the min replicated index is 4. Deletion is not allowed in this container yet.
2019-10-21 04:29:33,203 [EventQueue-ContainerReportForContainerReportHandler] WARN  container.ContainerReportHandler (AbstractContainerReportHandler.java:updateContainerState(145)) - Container #1 is in OPEN state, but the datanode dd1d24cd-1df3-4428-bf67-9b7dc9bd3e4c{ip: 192.168.34.41, host: trunk-nightly-20191021-4s9dg-2799068384, networkLocation: /default-rack, certSerialId: null} reports an CLOSED replica.
2019-10-21 04:29:33,207 [EventQueue-ContainerReportForContainerReportHandler] WARN  container.ContainerReportHandler (AbstractContainerReportHandler.java:updateContainerState(145)) - Container #1 is in OPEN state, but the datanode 641380fb-ae96-4755-94e0-fd776bdc090f{ip: 192.168.34.41, host: trunk-nightly-20191021-4s9dg-2799068384, networkLocation: /default-rack, certSerialId: null} reports an CLOSED replica.
2019-10-21 04:29:33,504 [EventQueue-ContainerReportForContainerReportHandler] WARN  container.ContainerReportHandler (AbstractContainerReportHandler.java:updateContainerState(145)) - Container #1 is in OPEN state, but the datanode dd1d24cd-1df3-4428-bf67-9b7dc9bd3e4c{ip: 192.168.34.41, host: trunk-nightly-20191021-4s9dg-2799068384, networkLocation: /default-rack, certSerialId: null} reports an CLOSED replica.
2019-10-21 04:29:33,506 [EventQueue-ContainerReportForContainerReportHandler] WARN  container.ContainerReportHandler (AbstractContainerReportHandler.java:updateContainerState(145)) - Container #1 is in OPEN state, but the datanode 641380fb-ae96-4755-94e0-fd776bdc090f{ip: 192.168.34.41, host: trunk-nightly-20191021-4s9dg-2799068384, networkLocation: /default-rack, certSerialId: null} reports an CLOSED replica.
2019-10-21 04:29:33,707 [EventQueue-ContainerReportForContainerReportHandler] WARN  container.ContainerReportHandler (AbstractContainerReportHandler.java:updateContainerState(145)) - Container #1 is in OPEN state, but the datanode 641380fb-ae96-4755-94e0-fd776bdc090f{ip: 192.168.34.41, host: trunk-nightly-20191021-4s9dg-2799068384, networkLocation: /default-rack, certSerialId: null} reports an CLOSED replica.
2019-10-21 04:29:33,903 [EventQueue-ContainerReportForContainerReportHandler] WARN  container.ContainerReportHandler (AbstractContainerReportHandler.java:updateContainerState(145)) - Container #1 is in OPEN state, but the datanode dd1d24cd-1df3-4428-bf67-9b7dc9bd3e4c{ip: 192.168.34.41, host: trunk-nightly-20191021-4s9dg-2799068384, networkLocation: /default-rack, certSerialId: null} reports an CLOSED replica.
2019-10-21 04:29:34,104 [EventQueue-ContainerReportForContainerReportHandler] WARN  container.ContainerReportHandler (AbstractContainerReportHandler.java:updateContainerState(145)) - Container #1 is in OPEN state, but the datanode dd1d24cd-1df3-4428-bf67-9b7dc9bd3e4c{ip: 192.168.34.41, host: trunk-nightly-20191021-4s9dg-2799068384, networkLocation: /default-rack, certSerialId: null} reports an CLOSED replica.
2019-10-21 04:29:34,106 [EventQueue-ContainerReportForContainerReportHandler] WARN  container.ContainerReportHandler (AbstractContainerReportHandler.java:updateContainerState(145)) - Container #1 is in OPEN state, but the datanode 641380fb-ae96-4755-94e0-fd776bdc090f{ip: 192.168.34.41, host: trunk-nightly-20191021-4s9dg-2799068384, networkLocation: /default-rack, certSerialId: null} reports an CLOSED replica.
2019-10-21 04:29:34,143 [BlockDeletingService#7] WARN  background.BlockDeletingService (BlockDeletingService.java:isDeletionAllowed(187)) - Close Container log Index 6 is not replicated across allthe servers in the pipeline d49b1818-47fb-49d2-b44c-d606c9b72829 as the min replicated index is 4. Deletion is not allowed in this container yet.
2019-10-21 04:29:34,143 [BlockDeletingService#2] WARN  background.BlockDeletingService (BlockDeletingService.java:isDeletionAllowed(187)) - Close Container log Index 6 is not replicated across allthe servers in the pipeline d49b1818-47fb-49d2-b44c-d606c9b72829 as the min replicated index is 4. Deletion is not allowed in this container yet.
2019-10-21 04:29:34,404 [EventQueue-ContainerReportForContainerReportHandler] WARN  container.ContainerReportHandler (AbstractContainerReportHandler.java:updateContainerState(145)) - Container #1 is in OPEN state, but the datanode dd1d24cd-1df3-4428-bf67-9b7dc9bd3e4c{ip: 192.168.34.41, host: trunk-nightly-20191021-4s9dg-2799068384, networkLocation: /default-rack, certSerialId: null} reports an CLOSED replica.
2019-10-21 04:29:34,406 [EventQueue-ContainerReportForContainerReportHandler] WARN  container.ContainerReportHandler (AbstractContainerReportHandler.java:updateContainerState(145)) - Container #1 is in OPEN state, but the datanode 641380fb-ae96-4755-94e0-fd776bdc090f{ip: 192.168.34.41, host: trunk-nightly-20191021-4s9dg-2799068384, networkLocation: /default-rack, certSerialId: null} reports an CLOSED replica.
2019-10-21 04:29:34,706 [EventQueue-ContainerReportForContainerReportHandler] WARN  container.ContainerReportHandler (AbstractContainerReportHandler.java:updateContainerState(145)) - Container #1 is in OPEN state, but the datanode dd1d24cd-1df3-4428-bf67-9b7dc9bd3e4c{ip: 192.168.34.41, host: trunk-nightly-20191021-4s9dg-2799068384, networkLocation: /default-rack, certSerialId: null} reports an CLOSED replica.
2019-10-21 04:29:34,707 [EventQueue-ContainerReportForContainerReportHandler] WARN  container.ContainerReportHandler (AbstractContainerReportHandler.java:updateContainerState(145)) - Container #1 is in OPEN state, but the datanode 641380fb-ae96-4755-94e0-fd776bdc090f{ip: 192.168.34.41, host: trunk-nightly-20191021-4s9dg-2799068384, networkLocation: /default-rack, certSerialId: null} reports an CLOSED replica.
2019-10-21 04:29:35,003 [EventQueue-ContainerReportForContainerReportHandler] WARN  container.ContainerReportHandler (AbstractContainerReportHandler.java:updateContainerState(145)) - Container #1 is in OPEN state, but the datanode dd1d24cd-1df3-4428-bf67-9b7dc9bd3e4c{ip: 192.168.34.41, host: trunk-nightly-20191021-4s9dg-2799068384, networkLocation: /default-rack, certSerialId: null} reports an CLOSED replica.
2019-10-21 04:29:35,006 [EventQueue-ContainerReportForContainerReportHandler] WARN  container.ContainerReportHandler (AbstractContainerReportHandler.java:updateContainerState(145)) - Container #1 is in OPEN state, but the datanode 641380fb-ae96-4755-94e0-fd776bdc090f{ip: 192.168.34.41, host: trunk-nightly-20191021-4s9dg-2799068384, networkLocation: /default-rack, certSerialId: null} reports an CLOSED replica.
2019-10-21 04:29:35,144 [BlockDeletingService#7] WARN  background.BlockDeletingService (BlockDeletingService.java:isDeletionAllowed(187)) - Close Container log Index 6 is not replicated across allthe servers in the pipeline d49b1818-47fb-49d2-b44c-d606c9b72829 as the min replicated index is 4. Deletion is not allowed in this container yet.
2019-10-21 04:29:35,144 [BlockDeletingService#2] WARN  background.BlockDeletingService (BlockDeletingService.java:isDeletionAllowed(187)) - Close Container log Index 6 is not replicated across allthe servers in the pipeline d49b1818-47fb-49d2-b44c-d606c9b72829 as the min replicated index is 4. Deletion is not allowed in this container yet.
2019-10-21 04:29:35,206 [EventQueue-ContainerReportForContainerReportHandler] WARN  container.ContainerReportHandler (AbstractContainerReportHandler.java:updateContainerState(145)) - Container #1 is in OPEN state, but the datanode 641380fb-ae96-4755-94e0-fd776bdc090f{ip: 192.168.34.41, host: trunk-nightly-20191021-4s9dg-2799068384, networkLocation: /default-rack, certSerialId: null} reports an CLOSED replica.
2019-10-21 04:29:35,303 [EventQueue-ContainerReportForContainerReportHandler] WARN  container.ContainerReportHandler (AbstractContainerReportHandler.java:updateContainerState(145)) - Container #1 is in OPEN state, but the datanode dd1d24cd-1df3-4428-bf67-9b7dc9bd3e4c{ip: 192.168.34.41, host: trunk-nightly-20191021-4s9dg-2799068384, networkLocation: /default-rack, certSerialId: null} reports an CLOSED replica.
2019-10-21 04:29:35,507 [EventQueue-ContainerReportForContainerReportHandler] WARN  container.ContainerReportHandler (AbstractContainerReportHandler.java:updateContainerState(145)) - Container #1 is in OPEN state, but the datanode 641380fb-ae96-4755-94e0-fd776bdc090f{ip: 192.168.34.41, host: trunk-nightly-20191021-4s9dg-2799068384, networkLocation: /default-rack, certSerialId: null} reports an CLOSED replica.
2019-10-21 04:29:35,535 [java.util.concurrent.ThreadPoolExecutor$Worker@4c939573[State = -1, empty queue]] WARN  server.GrpcLogAppender (GrpcLogAppender.java:timeoutAppendRequest(209)) - dd1d24cd-1df3-4428-bf67-9b7dc9bd3e4c@group-D606C9B72829->f02da163-2c1f-4de2-ab71-b915d7d0ae78-GrpcLogAppender: appendEntries Timeout, request=dd1d24cd-1df3-4428-bf67-9b7dc9bd3e4c->f02da163-2c1f-4de2-ab71-b915d7d0ae78#26-t5, previous=(t:5, i:10), leaderCommit=10, initializing? false, entries: <empty>
2019-10-21 04:29:35,604 [EventQueue-ContainerReportForContainerReportHandler] WARN  container.ContainerReportHandler (AbstractContainerReportHandler.java:updateContainerState(145)) - Container #1 is in OPEN state, but the datanode dd1d24cd-1df3-4428-bf67-9b7dc9bd3e4c{ip: 192.168.34.41, host: trunk-nightly-20191021-4s9dg-2799068384, networkLocation: /default-rack, certSerialId: null} reports an CLOSED replica.
2019-10-21 04:29:35,804 [EventQueue-ContainerReportForContainerReportHandler] WARN  container.ContainerReportHandler (AbstractContainerReportHandler.java:updateContainerState(145)) - Container #1 is in OPEN state, but the datanode dd1d24cd-1df3-4428-bf67-9b7dc9bd3e4c{ip: 192.168.34.41, host: trunk-nightly-20191021-4s9dg-2799068384, networkLocation: /default-rack, certSerialId: null} reports an CLOSED replica.
2019-10-21 04:29:35,907 [EventQueue-ContainerReportForContainerReportHandler] WARN  container.ContainerReportHandler (AbstractContainerReportHandler.java:updateContainerState(145)) - Container #1 is in OPEN state, but the datanode 641380fb-ae96-4755-94e0-fd776bdc090f{ip: 192.168.34.41, host: trunk-nightly-20191021-4s9dg-2799068384, networkLocation: /default-rack, certSerialId: null} reports an CLOSED replica.
2019-10-21 04:29:36,104 [EventQueue-ContainerReportForContainerReportHandler] WARN  container.ContainerReportHandler (AbstractContainerReportHandler.java:updateContainerState(145)) - Container #1 is in OPEN state, but the datanode dd1d24cd-1df3-4428-bf67-9b7dc9bd3e4c{ip: 192.168.34.41, host: trunk-nightly-20191021-4s9dg-2799068384, networkLocation: /default-rack, certSerialId: null} reports an CLOSED replica.
2019-10-21 04:29:36,146 [BlockDeletingService#2] WARN  background.BlockDeletingService (BlockDeletingService.java:isDeletionAllowed(187)) - Close Container log Index 6 is not replicated across allthe servers in the pipeline d49b1818-47fb-49d2-b44c-d606c9b72829 as the min replicated index is 4. Deletion is not allowed in this container yet.
2019-10-21 04:29:36,146 [BlockDeletingService#7] WARN  background.BlockDeletingService (BlockDeletingService.java:isDeletionAllowed(187)) - Close Container log Index 6 is not replicated across allthe servers in the pipeline d49b1818-47fb-49d2-b44c-d606c9b72829 as the min replicated index is 4. Deletion is not allowed in this container yet.
2019-10-21 04:29:36,207 [EventQueue-ContainerReportForContainerReportHandler] WARN  container.ContainerReportHandler (AbstractContainerReportHandler.java:updateContainerState(145)) - Container #1 is in OPEN state, but the datanode 641380fb-ae96-4755-94e0-fd776bdc090f{ip: 192.168.34.41, host: trunk-nightly-20191021-4s9dg-2799068384, networkLocation: /default-rack, certSerialId: null} reports an CLOSED replica.
2019-10-21 04:29:36,405 [EventQueue-ContainerReportForContainerReportHandler] WARN  container.ContainerReportHandler (AbstractContainerReportHandler.java:updateContainerState(145)) - Container #1 is in OPEN state, but the datanode dd1d24cd-1df3-4428-bf67-9b7dc9bd3e4c{ip: 192.168.34.41, host: trunk-nightly-20191021-4s9dg-2799068384, networkLocation: /default-rack, certSerialId: null} reports an CLOSED replica.
2019-10-21 04:29:36,608 [EventQueue-ContainerReportForContainerReportHandler] WARN  container.ContainerReportHandler (AbstractContainerReportHandler.java:updateContainerState(145)) - Container #1 is in OPEN state, but the datanode 641380fb-ae96-4755-94e0-fd776bdc090f{ip: 192.168.34.41, host: trunk-nightly-20191021-4s9dg-2799068384, networkLocation: /default-rack, certSerialId: null} reports an CLOSED replica.
2019-10-21 04:29:36,608 [EventQueue-ContainerReportForContainerReportHandler] WARN  container.ContainerReportHandler (AbstractContainerReportHandler.java:updateContainerState(145)) - Container #1 is in OPEN state, but the datanode dd1d24cd-1df3-4428-bf67-9b7dc9bd3e4c{ip: 192.168.34.41, host: trunk-nightly-20191021-4s9dg-2799068384, networkLocation: /default-rack, certSerialId: null} reports an CLOSED replica.
2019-10-21 04:29:36,808 [EventQueue-ContainerReportForContainerReportHandler] WARN  container.ContainerReportHandler (AbstractContainerReportHandler.java:updateContainerState(145)) - Container #1 is in OPEN state, but the datanode 641380fb-ae96-4755-94e0-fd776bdc090f{ip: 192.168.34.41, host: trunk-nightly-20191021-4s9dg-2799068384, networkLocation: /default-rack, certSerialId: null} reports an CLOSED replica.
2019-10-21 04:29:36,910 [EventQueue-ContainerReportForContainerReportHandler] WARN  container.ContainerReportHandler (AbstractContainerReportHandler.java:updateContainerState(145)) - Container #1 is in OPEN state, but the datanode dd1d24cd-1df3-4428-bf67-9b7dc9bd3e4c{ip: 192.168.34.41, host: trunk-nightly-20191021-4s9dg-2799068384, networkLocation: /default-rack, certSerialId: null} reports an CLOSED replica.
2019-10-21 04:29:37,107 [EventQueue-ContainerReportForContainerReportHandler] WARN  container.ContainerReportHandler (AbstractContainerReportHandler.java:updateContainerState(145)) - Container #1 is in OPEN state, but the datanode dd1d24cd-1df3-4428-bf67-9b7dc9bd3e4c{ip: 192.168.34.41, host: trunk-nightly-20191021-4s9dg-2799068384, networkLocation: /default-rack, certSerialId: null} reports an CLOSED replica.
2019-10-21 04:29:37,110 [EventQueue-ContainerReportForContainerReportHandler] WARN  container.ContainerReportHandler (AbstractContainerReportHandler.java:updateContainerState(145)) - Container #1 is in OPEN state, but the datanode 641380fb-ae96-4755-94e0-fd776bdc090f{ip: 192.168.34.41, host: trunk-nightly-20191021-4s9dg-2799068384, networkLocation: /default-rack, certSerialId: null} reports an CLOSED replica.
2019-10-21 04:29:37,136 [Thread-363] INFO  client.GrpcClientProtocolService (GrpcClientProtocolService.java:lambda$processClientRequest$0(278)) - Failed RaftClientRequest:client-A60227926EB5->641380fb-ae96-4755-94e0-fd776bdc090f@group-D606C9B72829, cid=10, seq=0, Watch-ALL_COMMITTED(6), Message:<EMPTY>, reply=RaftClientReply:client-A60227926EB5->641380fb-ae96-4755-94e0-fd776bdc090f@group-D606C9B72829, cid=10, FAILED org.apache.ratis.protocol.NotLeaderException: Server 641380fb-ae96-4755-94e0-fd776bdc090f@group-D606C9B72829 is not the leader dd1d24cd-1df3-4428-bf67-9b7dc9bd3e4c:192.168.34.41:45185, logIndex=0, commits[641380fb-ae96-4755-94e0-fd776bdc090f:c10, f02da163-2c1f-4de2-ab71-b915d7d0ae78:c4, dd1d24cd-1df3-4428-bf67-9b7dc9bd3e4c:c10]
2019-10-21 04:29:37,149 [BlockDeletingService#7] WARN  background.BlockDeletingService (BlockDeletingService.java:isDeletionAllowed(187)) - Close Container log Index 6 is not replicated across allthe servers in the pipeline d49b1818-47fb-49d2-b44c-d606c9b72829 as the min replicated index is 4. Deletion is not allowed in this container yet.
2019-10-21 04:29:37,149 [BlockDeletingService#2] WARN  background.BlockDeletingService (BlockDeletingService.java:isDeletionAllowed(187)) - Close Container log Index 6 is not replicated across allthe servers in the pipeline d49b1818-47fb-49d2-b44c-d606c9b72829 as the min replicated index is 4. Deletion is not allowed in this container yet.
2019-10-21 04:29:37,307 [EventQueue-ContainerReportForContainerReportHandler] WARN  container.ContainerReportHandler (AbstractContainerReportHandler.java:updateContainerState(145)) - Container #1 is in OPEN state, but the datanode dd1d24cd-1df3-4428-bf67-9b7dc9bd3e4c{ip: 192.168.34.41, host: trunk-nightly-20191021-4s9dg-2799068384, networkLocation: /default-rack, certSerialId: null} reports an CLOSED replica.
2019-10-21 04:29:37,408 [EventQueue-ContainerReportForContainerReportHandler] WARN  container.ContainerReportHandler (AbstractContainerReportHandler.java:updateContainerState(145)) - Container #1 is in OPEN state, but the datanode 641380fb-ae96-4755-94e0-fd776bdc090f{ip: 192.168.34.41, host: trunk-nightly-20191021-4s9dg-2799068384, networkLocation: /default-rack, certSerialId: null} reports an CLOSED replica.
2019-10-21 04:29:37,607 [EventQueue-ContainerReportForContainerReportHandler] WARN  container.ContainerReportHandler (AbstractContainerReportHandler.java:updateContainerState(145)) - Container #1 is in OPEN state, but the datanode dd1d24cd-1df3-4428-bf67-9b7dc9bd3e4c{ip: 192.168.34.41, host: trunk-nightly-20191021-4s9dg-2799068384, networkLocation: /default-rack, certSerialId: null} reports an CLOSED replica.
2019-10-21 04:29:37,709 [EventQueue-ContainerReportForContainerReportHandler] WARN  container.ContainerReportHandler (AbstractContainerReportHandler.java:updateContainerState(145)) - Container #1 is in OPEN state, but the datanode 641380fb-ae96-4755-94e0-fd776bdc090f{ip: 192.168.34.41, host: trunk-nightly-20191021-4s9dg-2799068384, networkLocation: /default-rack, certSerialId: null} reports an CLOSED replica.
2019-10-21 04:29:37,756 [Thread-369] INFO  client.GrpcClientProtocolService (GrpcClientProtocolService.java:lambda$processClientRequest$0(278)) - Failed RaftClientRequest:client-A60227926EB5->dd1d24cd-1df3-4428-bf67-9b7dc9bd3e4c@group-D606C9B72829, cid=10, seq=0, Watch-ALL_COMMITTED(6), Message:<EMPTY>, reply=RaftClientReply:client-A60227926EB5->dd1d24cd-1df3-4428-bf67-9b7dc9bd3e4c@group-D606C9B72829, cid=10, FAILED org.apache.ratis.protocol.NotReplicatedException: Request with call Id 10 and log index 6 is not yet replicated to ALL_COMMITTED, logIndex=6, commits[dd1d24cd-1df3-4428-bf67-9b7dc9bd3e4c:c10, 641380fb-ae96-4755-94e0-fd776bdc090f:c10, f02da163-2c1f-4de2-ab71-b915d7d0ae78:c4]
2019-10-21 04:29:37,908 [EventQueue-ContainerReportForContainerReportHandler] WARN  container.ContainerReportHandler (AbstractContainerReportHandler.java:updateContainerState(145)) - Container #1 is in OPEN state, but the datanode dd1d24cd-1df3-4428-bf67-9b7dc9bd3e4c{ip: 192.168.34.41, host: trunk-nightly-20191021-4s9dg-2799068384, networkLocation: /default-rack, certSerialId: null} reports an CLOSED replica.
2019-10-21 04:29:37,908 [EventQueue-ContainerReportForContainerReportHandler] WARN  container.ContainerReportHandler (AbstractContainerReportHandler.java:updateContainerState(145)) - Container #1 is in OPEN state, but the datanode 641380fb-ae96-4755-94e0-fd776bdc090f{ip: 192.168.34.41, host: trunk-nightly-20191021-4s9dg-2799068384, networkLocation: /default-rack, certSerialId: null} reports an CLOSED replica.
2019-10-21 04:29:38,037 [java.util.concurrent.ThreadPoolExecutor$Worker@4c939573[State = -1, empty queue]] WARN  server.GrpcLogAppender (GrpcLogAppender.java:timeoutAppendRequest(209)) - dd1d24cd-1df3-4428-bf67-9b7dc9bd3e4c@group-D606C9B72829->f02da163-2c1f-4de2-ab71-b915d7d0ae78-GrpcLogAppender: appendEntries Timeout, request=dd1d24cd-1df3-4428-bf67-9b7dc9bd3e4c->f02da163-2c1f-4de2-ab71-b915d7d0ae78#27-t5, previous=(t:5, i:10), leaderCommit=10, initializing? false, entries: <empty>
2019-10-21 04:29:38,109 [EventQueue-ContainerReportForContainerReportHandler] WARN  container.ContainerReportHandler (AbstractContainerReportHandler.java:updateContainerState(145)) - Container #1 is in OPEN state, but the datanode dd1d24cd-1df3-4428-bf67-9b7dc9bd3e4c{ip: 192.168.34.41, host: trunk-nightly-20191021-4s9dg-2799068384, networkLocation: /default-rack, certSerialId: null} reports an CLOSED replica.
2019-10-21 04:29:38,151 [BlockDeletingService#7] WARN  background.BlockDeletingService (BlockDeletingService.java:isDeletionAllowed(187)) - Close Container log Index 6 is not replicated across allthe servers in the pipeline d49b1818-47fb-49d2-b44c-d606c9b72829 as the min replicated index is 4. Deletion is not allowed in this container yet.
2019-10-21 04:29:38,155 [BlockDeletingService#2] WARN  background.BlockDeletingService (BlockDeletingService.java:isDeletionAllowed(187)) - Close Container log Index 6 is not replicated across allthe servers in the pipeline d49b1818-47fb-49d2-b44c-d606c9b72829 as the min replicated index is 4. Deletion is not allowed in this container yet.
2019-10-21 04:29:38,209 [EventQueue-ContainerReportForContainerReportHandler] WARN  container.ContainerReportHandler (AbstractContainerReportHandler.java:updateContainerState(145)) - Container #1 is in OPEN state, but the datanode 641380fb-ae96-4755-94e0-fd776bdc090f{ip: 192.168.34.41, host: trunk-nightly-20191021-4s9dg-2799068384, networkLocation: /default-rack, certSerialId: null} reports an CLOSED replica.
2019-10-21 04:29:38,410 [EventQueue-ContainerReportForContainerReportHandler] WARN  container.ContainerReportHandler (AbstractContainerReportHandler.java:updateContainerState(145)) - Container #1 is in OPEN state, but the datanode 641380fb-ae96-4755-94e0-fd776bdc090f{ip: 192.168.34.41, host: trunk-nightly-20191021-4s9dg-2799068384, networkLocation: /default-rack, certSerialId: null} reports an CLOSED replica.
2019-10-21 04:29:38,410 [EventQueue-ContainerReportForContainerReportHandler] WARN  container.ContainerReportHandler (AbstractContainerReportHandler.java:updateContainerState(145)) - Container #1 is in OPEN state, but the datanode dd1d24cd-1df3-4428-bf67-9b7dc9bd3e4c{ip: 192.168.34.41, host: trunk-nightly-20191021-4s9dg-2799068384, networkLocation: /default-rack, certSerialId: null} reports an CLOSED replica.
2019-10-21 04:29:38,609 [EventQueue-ContainerReportForContainerReportHandler] WARN  container.ContainerReportHandler (AbstractContainerReportHandler.java:updateContainerState(145)) - Container #1 is in OPEN state, but the datanode 641380fb-ae96-4755-94e0-fd776bdc090f{ip: 192.168.34.41, host: trunk-nightly-20191021-4s9dg-2799068384, networkLocation: /default-rack, certSerialId: null} reports an CLOSED replica.
2019-10-21 04:29:38,709 [EventQueue-ContainerReportForContainerReportHandler] WARN  container.ContainerReportHandler (AbstractContainerReportHandler.java:updateContainerState(145)) - Container #1 is in OPEN state, but the datanode dd1d24cd-1df3-4428-bf67-9b7dc9bd3e4c{ip: 192.168.34.41, host: trunk-nightly-20191021-4s9dg-2799068384, networkLocation: /default-rack, certSerialId: null} reports an CLOSED replica.
2019-10-21 04:29:39,009 [EventQueue-ContainerReportForContainerReportHandler] WARN  container.ContainerReportHandler (AbstractContainerReportHandler.java:updateContainerState(145)) - Container #1 is in OPEN state, but the datanode 641380fb-ae96-4755-94e0-fd776bdc090f{ip: 192.168.34.41, host: trunk-nightly-20191021-4s9dg-2799068384, networkLocation: /default-rack, certSerialId: null} reports an CLOSED replica.
2019-10-21 04:29:39,110 [EventQueue-ContainerReportForContainerReportHandler] WARN  container.ContainerReportHandler (AbstractContainerReportHandler.java:updateContainerState(145)) - Container #1 is in OPEN state, but the datanode dd1d24cd-1df3-4428-bf67-9b7dc9bd3e4c{ip: 192.168.34.41, host: trunk-nightly-20191021-4s9dg-2799068384, networkLocation: /default-rack, certSerialId: null} reports an CLOSED replica.
2019-10-21 04:29:39,156 [BlockDeletingService#2] WARN  background.BlockDeletingService (BlockDeletingService.java:isDeletionAllowed(187)) - Close Container log Index 6 is not replicated across allthe servers in the pipeline d49b1818-47fb-49d2-b44c-d606c9b72829 as the min replicated index is 4. Deletion is not allowed in this container yet.
2019-10-21 04:29:39,156 [BlockDeletingService#7] WARN  background.BlockDeletingService (BlockDeletingService.java:isDeletionAllowed(187)) - Close Container log Index 6 is not replicated across allthe servers in the pipeline d49b1818-47fb-49d2-b44c-d606c9b72829 as the min replicated index is 4. Deletion is not allowed in this container yet.
2019-10-21 04:29:39,309 [EventQueue-ContainerReportForContainerReportHandler] WARN  container.ContainerReportHandler (AbstractContainerReportHandler.java:updateContainerState(145)) - Container #1 is in OPEN state, but the datanode 641380fb-ae96-4755-94e0-fd776bdc090f{ip: 192.168.34.41, host: trunk-nightly-20191021-4s9dg-2799068384, networkLocation: /default-rack, certSerialId: null} reports an CLOSED replica.
2019-10-21 04:29:39,512 [EventQueue-ContainerReportForContainerReportHandler] WARN  container.ContainerReportHandler (AbstractContainerReportHandler.java:updateContainerState(145)) - Container #1 is in OPEN state, but the datanode dd1d24cd-1df3-4428-bf67-9b7dc9bd3e4c{ip: 192.168.34.41, host: trunk-nightly-20191021-4s9dg-2799068384, networkLocation: /default-rack, certSerialId: null} reports an CLOSED replica.
2019-10-21 04:29:39,609 [EventQueue-ContainerReportForContainerReportHandler] WARN  container.ContainerReportHandler (AbstractContainerReportHandler.java:updateContainerState(145)) - Container #1 is in OPEN state, but the datanode 641380fb-ae96-4755-94e0-fd776bdc090f{ip: 192.168.34.41, host: trunk-nightly-20191021-4s9dg-2799068384, networkLocation: /default-rack, certSerialId: null} reports an CLOSED replica.
2019-10-21 04:29:39,816 [EventQueue-ContainerReportForContainerReportHandler] WARN  container.ContainerReportHandler (AbstractContainerReportHandler.java:updateContainerState(145)) - Container #1 is in OPEN state, but the datanode 641380fb-ae96-4755-94e0-fd776bdc090f{ip: 192.168.34.41, host: trunk-nightly-20191021-4s9dg-2799068384, networkLocation: /default-rack, certSerialId: null} reports an CLOSED replica.
2019-10-21 04:29:39,913 [EventQueue-ContainerReportForContainerReportHandler] WARN  container.ContainerReportHandler (AbstractContainerReportHandler.java:updateContainerState(145)) - Container #1 is in OPEN state, but the datanode dd1d24cd-1df3-4428-bf67-9b7dc9bd3e4c{ip: 192.168.34.41, host: trunk-nightly-20191021-4s9dg-2799068384, networkLocation: /default-rack, certSerialId: null} reports an CLOSED replica.
2019-10-21 04:29:40,018 [EventQueue-ContainerReportForContainerReportHandler] WARN  container.ContainerReportHandler (AbstractContainerReportHandler.java:updateContainerState(145)) - Container #1 is in OPEN state, but the datanode 641380fb-ae96-4755-94e0-fd776bdc090f{ip: 192.168.34.41, host: trunk-nightly-20191021-4s9dg-2799068384, networkLocation: /default-rack, certSerialId: null} reports an CLOSED replica.
2019-10-21 04:29:40,114 [EventQueue-ContainerReportForContainerReportHandler] WARN  container.ContainerReportHandler (AbstractContainerReportHandler.java:updateContainerState(145)) - Container #1 is in OPEN state, but the datanode dd1d24cd-1df3-4428-bf67-9b7dc9bd3e4c{ip: 192.168.34.41, host: trunk-nightly-20191021-4s9dg-2799068384, networkLocation: /default-rack, certSerialId: null} reports an CLOSED replica.
2019-10-21 04:29:40,158 [BlockDeletingService#2] WARN  background.BlockDeletingService (BlockDeletingService.java:isDeletionAllowed(187)) - Close Container log Index 6 is not replicated across allthe servers in the pipeline d49b1818-47fb-49d2-b44c-d606c9b72829 as the min replicated index is 4. Deletion is not allowed in this container yet.
2019-10-21 04:29:40,158 [BlockDeletingService#7] WARN  background.BlockDeletingService (BlockDeletingService.java:isDeletionAllowed(187)) - Close Container log Index 6 is not replicated across allthe servers in the pipeline d49b1818-47fb-49d2-b44c-d606c9b72829 as the min replicated index is 4. Deletion is not allowed in this container yet.
2019-10-21 04:29:40,414 [EventQueue-ContainerReportForContainerReportHandler] WARN  container.ContainerReportHandler (AbstractContainerReportHandler.java:updateContainerState(145)) - Container #1 is in OPEN state, but the datanode dd1d24cd-1df3-4428-bf67-9b7dc9bd3e4c{ip: 192.168.34.41, host: trunk-nightly-20191021-4s9dg-2799068384, networkLocation: /default-rack, certSerialId: null} reports an CLOSED replica.
2019-10-21 04:29:40,417 [EventQueue-ContainerReportForContainerReportHandler] WARN  container.ContainerReportHandler (AbstractContainerReportHandler.java:updateContainerState(145)) - Container #1 is in OPEN state, but the datanode 641380fb-ae96-4755-94e0-fd776bdc090f{ip: 192.168.34.41, host: trunk-nightly-20191021-4s9dg-2799068384, networkLocation: /default-rack, certSerialId: null} reports an CLOSED replica.
2019-10-21 04:29:40,538 [java.util.concurrent.ThreadPoolExecutor$Worker@4c939573[State = -1, empty queue]] WARN  server.GrpcLogAppender (GrpcLogAppender.java:timeoutAppendRequest(209)) - dd1d24cd-1df3-4428-bf67-9b7dc9bd3e4c@group-D606C9B72829->f02da163-2c1f-4de2-ab71-b915d7d0ae78-GrpcLogAppender: appendEntries Timeout, request=dd1d24cd-1df3-4428-bf67-9b7dc9bd3e4c->f02da163-2c1f-4de2-ab71-b915d7d0ae78#28-t5, previous=(t:5, i:10), leaderCommit=10, initializing? false, entries: <empty>
2019-10-21 04:29:40,614 [EventQueue-ContainerReportForContainerReportHandler] WARN  container.ContainerReportHandler (AbstractContainerReportHandler.java:updateContainerState(145)) - Container #1 is in OPEN state, but the datanode dd1d24cd-1df3-4428-bf67-9b7dc9bd3e4c{ip: 192.168.34.41, host: trunk-nightly-20191021-4s9dg-2799068384, networkLocation: /default-rack, certSerialId: null} reports an CLOSED replica.
2019-10-21 04:29:40,718 [EventQueue-ContainerReportForContainerReportHandler] WARN  container.ContainerReportHandler (AbstractContainerReportHandler.java:updateContainerState(145)) - Container #1 is in OPEN state, but the datanode 641380fb-ae96-4755-94e0-fd776bdc090f{ip: 192.168.34.41, host: trunk-nightly-20191021-4s9dg-2799068384, networkLocation: /default-rack, certSerialId: null} reports an CLOSED replica.
2019-10-21 04:29:40,919 [EventQueue-ContainerReportForContainerReportHandler] WARN  container.ContainerReportHandler (AbstractContainerReportHandler.java:updateContainerState(145)) - Container #1 is in OPEN state, but the datanode 641380fb-ae96-4755-94e0-fd776bdc090f{ip: 192.168.34.41, host: trunk-nightly-20191021-4s9dg-2799068384, networkLocation: /default-rack, certSerialId: null} reports an CLOSED replica.
2019-10-21 04:29:41,013 [EventQueue-ContainerReportForContainerReportHandler] WARN  container.ContainerReportHandler (AbstractContainerReportHandler.java:updateContainerState(145)) - Container #1 is in OPEN state, but the datanode dd1d24cd-1df3-4428-bf67-9b7dc9bd3e4c{ip: 192.168.34.41, host: trunk-nightly-20191021-4s9dg-2799068384, networkLocation: /default-rack, certSerialId: null} reports an CLOSED replica.
2019-10-21 04:29:41,161 [BlockDeletingService#7] WARN  background.BlockDeletingService (BlockDeletingService.java:isDeletionAllowed(187)) - Close Container log Index 6 is not replicated across allthe servers in the pipeline d49b1818-47fb-49d2-b44c-d606c9b72829 as the min replicated index is 4. Deletion is not allowed in this container yet.
2019-10-21 04:29:41,161 [BlockDeletingService#2] WARN  background.BlockDeletingService (BlockDeletingService.java:isDeletionAllowed(187)) - Close Container log Index 6 is not replicated across allthe servers in the pipeline d49b1818-47fb-49d2-b44c-d606c9b72829 as the min replicated index is 4. Deletion is not allowed in this container yet.
2019-10-21 04:29:41,219 [EventQueue-ContainerReportForContainerReportHandler] WARN  container.ContainerReportHandler (AbstractContainerReportHandler.java:updateContainerState(145)) - Container #1 is in OPEN state, but the datanode 641380fb-ae96-4755-94e0-fd776bdc090f{ip: 192.168.34.41, host: trunk-nightly-20191021-4s9dg-2799068384, networkLocation: /default-rack, certSerialId: null} reports an CLOSED replica.
2019-10-21 04:29:41,314 [EventQueue-ContainerReportForContainerReportHandler] WARN  container.ContainerReportHandler (AbstractContainerReportHandler.java:updateContainerState(145)) - Container #1 is in OPEN state, but the datanode dd1d24cd-1df3-4428-bf67-9b7dc9bd3e4c{ip: 192.168.34.41, host: trunk-nightly-20191021-4s9dg-2799068384, networkLocation: /default-rack, certSerialId: null} reports an CLOSED replica.
2019-10-21 04:29:41,614 [EventQueue-ContainerReportForContainerReportHandler] WARN  container.ContainerReportHandler (AbstractContainerReportHandler.java:updateContainerState(145)) - Container #1 is in OPEN state, but the datanode dd1d24cd-1df3-4428-bf67-9b7dc9bd3e4c{ip: 192.168.34.41, host: trunk-nightly-20191021-4s9dg-2799068384, networkLocation: /default-rack, certSerialId: null} reports an CLOSED replica.
2019-10-21 04:29:41,620 [EventQueue-ContainerReportForContainerReportHandler] WARN  container.ContainerReportHandler (AbstractContainerReportHandler.java:updateContainerState(145)) - Container #1 is in OPEN state, but the datanode 641380fb-ae96-4755-94e0-fd776bdc090f{ip: 192.168.34.41, host: trunk-nightly-20191021-4s9dg-2799068384, networkLocation: /default-rack, certSerialId: null} reports an CLOSED replica.
2019-10-21 04:29:41,915 [EventQueue-ContainerReportForContainerReportHandler] WARN  container.ContainerReportHandler (AbstractContainerReportHandler.java:updateContainerState(145)) - Container #1 is in OPEN state, but the datanode dd1d24cd-1df3-4428-bf67-9b7dc9bd3e4c{ip: 192.168.34.41, host: trunk-nightly-20191021-4s9dg-2799068384, networkLocation: /default-rack, certSerialId: null} reports an CLOSED replica.
2019-10-21 04:29:42,021 [EventQueue-ContainerReportForContainerReportHandler] WARN  container.ContainerReportHandler (AbstractContainerReportHandler.java:updateContainerState(145)) - Container #1 is in OPEN state, but the datanode 641380fb-ae96-4755-94e0-fd776bdc090f{ip: 192.168.34.41, host: trunk-nightly-20191021-4s9dg-2799068384, networkLocation: /default-rack, certSerialId: null} reports an CLOSED replica.
2019-10-21 04:29:42,115 [EventQueue-ContainerReportForContainerReportHandler] WARN  container.ContainerReportHandler (AbstractContainerReportHandler.java:updateContainerState(145)) - Container #1 is in OPEN state, but the datanode dd1d24cd-1df3-4428-bf67-9b7dc9bd3e4c{ip: 192.168.34.41, host: trunk-nightly-20191021-4s9dg-2799068384, networkLocation: /default-rack, certSerialId: null} reports an CLOSED replica.
2019-10-21 04:29:42,165 [BlockDeletingService#2] WARN  background.BlockDeletingService (BlockDeletingService.java:isDeletionAllowed(187)) - Close Container log Index 6 is not replicated across allthe servers in the pipeline d49b1818-47fb-49d2-b44c-d606c9b72829 as the min replicated index is 4. Deletion is not allowed in this container yet.
2019-10-21 04:29:42,165 [BlockDeletingService#7] WARN  background.BlockDeletingService (BlockDeletingService.java:isDeletionAllowed(187)) - Close Container log Index 6 is not replicated across allthe servers in the pipeline d49b1818-47fb-49d2-b44c-d606c9b72829 as the min replicated index is 4. Deletion is not allowed in this container yet.
2019-10-21 04:29:42,221 [EventQueue-ContainerReportForContainerReportHandler] WARN  container.ContainerReportHandler (AbstractContainerReportHandler.java:updateContainerState(145)) - Container #1 is in OPEN state, but the datanode 641380fb-ae96-4755-94e0-fd776bdc090f{ip: 192.168.34.41, host: trunk-nightly-20191021-4s9dg-2799068384, networkLocation: /default-rack, certSerialId: null} reports an CLOSED replica.
2019-10-21 04:29:42,416 [EventQueue-ContainerReportForContainerReportHandler] WARN  container.ContainerReportHandler (AbstractContainerReportHandler.java:updateContainerState(145)) - Container #1 is in OPEN state, but the datanode dd1d24cd-1df3-4428-bf67-9b7dc9bd3e4c{ip: 192.168.34.41, host: trunk-nightly-20191021-4s9dg-2799068384, networkLocation: /default-rack, certSerialId: null} reports an CLOSED replica.
2019-10-21 04:29:42,421 [EventQueue-ContainerReportForContainerReportHandler] WARN  container.ContainerReportHandler (AbstractContainerReportHandler.java:updateContainerState(145)) - Container #1 is in OPEN state, but the datanode 641380fb-ae96-4755-94e0-fd776bdc090f{ip: 192.168.34.41, host: trunk-nightly-20191021-4s9dg-2799068384, networkLocation: /default-rack, certSerialId: null} reports an CLOSED replica.
2019-10-21 04:29:42,720 [EventQueue-ContainerReportForContainerReportHandler] WARN  container.ContainerReportHandler (AbstractContainerReportHandler.java:updateContainerState(145)) - Container #1 is in OPEN state, but the datanode 641380fb-ae96-4755-94e0-fd776bdc090f{ip: 192.168.34.41, host: trunk-nightly-20191021-4s9dg-2799068384, networkLocation: /default-rack, certSerialId: null} reports an CLOSED replica.
2019-10-21 04:29:42,816 [EventQueue-ContainerReportForContainerReportHandler] WARN  container.ContainerReportHandler (AbstractContainerReportHandler.java:updateContainerState(145)) - Container #1 is in OPEN state, but the datanode dd1d24cd-1df3-4428-bf67-9b7dc9bd3e4c{ip: 192.168.34.41, host: trunk-nightly-20191021-4s9dg-2799068384, networkLocation: /default-rack, certSerialId: null} reports an CLOSED replica.
2019-10-21 04:29:43,040 [java.util.concurrent.ThreadPoolExecutor$Worker@4c939573[State = -1, empty queue]] WARN  server.GrpcLogAppender (GrpcLogAppender.java:timeoutAppendRequest(209)) - dd1d24cd-1df3-4428-bf67-9b7dc9bd3e4c@group-D606C9B72829->f02da163-2c1f-4de2-ab71-b915d7d0ae78-GrpcLogAppender: appendEntries Timeout, request=dd1d24cd-1df3-4428-bf67-9b7dc9bd3e4c->f02da163-2c1f-4de2-ab71-b915d7d0ae78#29-t5, previous=(t:5, i:10), leaderCommit=10, initializing? false, entries: <empty>
2019-10-21 04:29:43,120 [EventQueue-ContainerReportForContainerReportHandler] WARN  container.ContainerReportHandler (AbstractContainerReportHandler.java:updateContainerState(145)) - Container #1 is in OPEN state, but the datanode 641380fb-ae96-4755-94e0-fd776bdc090f{ip: 192.168.34.41, host: trunk-nightly-20191021-4s9dg-2799068384, networkLocation: /default-rack, certSerialId: null} reports an CLOSED replica.
2019-10-21 04:29:43,167 [BlockDeletingService#7] WARN  background.BlockDeletingService (BlockDeletingService.java:isDeletionAllowed(187)) - Close Container log Index 6 is not replicated across allthe servers in the pipeline d49b1818-47fb-49d2-b44c-d606c9b72829 as the min replicated index is 4. Deletion is not allowed in this container yet.
2019-10-21 04:29:43,167 [BlockDeletingService#2] WARN  background.BlockDeletingService (BlockDeletingService.java:isDeletionAllowed(187)) - Close Container log Index 6 is not replicated across allthe servers in the pipeline d49b1818-47fb-49d2-b44c-d606c9b72829 as the min replicated index is 4. Deletion is not allowed in this container yet.
2019-10-21 04:29:43,216 [EventQueue-ContainerReportForContainerReportHandler] WARN  container.ContainerReportHandler (AbstractContainerReportHandler.java:updateContainerState(145)) - Container #1 is in OPEN state, but the datanode dd1d24cd-1df3-4428-bf67-9b7dc9bd3e4c{ip: 192.168.34.41, host: trunk-nightly-20191021-4s9dg-2799068384, networkLocation: /default-rack, certSerialId: null} reports an CLOSED replica.
2019-10-21 04:29:43,417 [EventQueue-ContainerReportForContainerReportHandler] WARN  container.ContainerReportHandler (AbstractContainerReportHandler.java:updateContainerState(145)) - Container #1 is in OPEN state, but the datanode dd1d24cd-1df3-4428-bf67-9b7dc9bd3e4c{ip: 192.168.34.41, host: trunk-nightly-20191021-4s9dg-2799068384, networkLocation: /default-rack, certSerialId: null} reports an CLOSED replica.
2019-10-21 04:29:43,522 [EventQueue-ContainerReportForContainerReportHandler] WARN  container.ContainerReportHandler (AbstractContainerReportHandler.java:updateContainerState(145)) - Container #1 is in OPEN state, but the datanode 641380fb-ae96-4755-94e0-fd776bdc090f{ip: 192.168.34.41, host: trunk-nightly-20191021-4s9dg-2799068384, networkLocation: /default-rack, certSerialId: null} reports an CLOSED replica.
2019-10-21 04:29:43,717 [EventQueue-ContainerReportForContainerReportHandler] WARN  container.ContainerReportHandler (AbstractContainerReportHandler.java:updateContainerState(145)) - Container #1 is in OPEN state, but the datanode dd1d24cd-1df3-4428-bf67-9b7dc9bd3e4c{ip: 192.168.34.41, host: trunk-nightly-20191021-4s9dg-2799068384, networkLocation: /default-rack, certSerialId: null} reports an CLOSED replica.
2019-10-21 04:29:43,822 [EventQueue-ContainerReportForContainerReportHandler] WARN  container.ContainerReportHandler (AbstractContainerReportHandler.java:updateContainerState(145)) - Container #1 is in OPEN state, but the datanode 641380fb-ae96-4755-94e0-fd776bdc090f{ip: 192.168.34.41, host: trunk-nightly-20191021-4s9dg-2799068384, networkLocation: /default-rack, certSerialId: null} reports an CLOSED replica.
2019-10-21 04:29:43,917 [EventQueue-ContainerReportForContainerReportHandler] WARN  container.ContainerReportHandler (AbstractContainerReportHandler.java:updateContainerState(145)) - Container #1 is in OPEN state, but the datanode dd1d24cd-1df3-4428-bf67-9b7dc9bd3e4c{ip: 192.168.34.41, host: trunk-nightly-20191021-4s9dg-2799068384, networkLocation: /default-rack, certSerialId: null} reports an CLOSED replica.
2019-10-21 04:29:44,169 [BlockDeletingService#7] WARN  background.BlockDeletingService (BlockDeletingService.java:isDeletionAllowed(187)) - Close Container log Index 6 is not replicated across allthe servers in the pipeline d49b1818-47fb-49d2-b44c-d606c9b72829 as the min replicated index is 4. Deletion is not allowed in this container yet.
2019-10-21 04:29:44,169 [BlockDeletingService#2] WARN  background.BlockDeletingService (BlockDeletingService.java:isDeletionAllowed(187)) - Close Container log Index 6 is not replicated across allthe servers in the pipeline d49b1818-47fb-49d2-b44c-d606c9b72829 as the min replicated index is 4. Deletion is not allowed in this container yet.
2019-10-21 04:29:44,222 [EventQueue-ContainerReportForContainerReportHandler] WARN  container.ContainerReportHandler (AbstractContainerReportHandler.java:updateContainerState(145)) - Container #1 is in OPEN state, but the datanode 641380fb-ae96-4755-94e0-fd776bdc090f{ip: 192.168.34.41, host: trunk-nightly-20191021-4s9dg-2799068384, networkLocation: /default-rack, certSerialId: null} reports an CLOSED replica.
2019-10-21 04:29:44,318 [EventQueue-ContainerReportForContainerReportHandler] WARN  container.ContainerReportHandler (AbstractContainerReportHandler.java:updateContainerState(145)) - Container #1 is in OPEN state, but the datanode dd1d24cd-1df3-4428-bf67-9b7dc9bd3e4c{ip: 192.168.34.41, host: trunk-nightly-20191021-4s9dg-2799068384, networkLocation: /default-rack, certSerialId: null} reports an CLOSED replica.
2019-10-21 04:29:44,521 [EventQueue-ContainerReportForContainerReportHandler] WARN  container.ContainerReportHandler (AbstractContainerReportHandler.java:updateContainerState(145)) - Container #1 is in OPEN state, but the datanode 641380fb-ae96-4755-94e0-fd776bdc090f{ip: 192.168.34.41, host: trunk-nightly-20191021-4s9dg-2799068384, networkLocation: /default-rack, certSerialId: null} reports an CLOSED replica.
2019-10-21 04:29:44,619 [EventQueue-ContainerReportForContainerReportHandler] WARN  container.ContainerReportHandler (AbstractContainerReportHandler.java:updateContainerState(145)) - Container #1 is in OPEN state, but the datanode dd1d24cd-1df3-4428-bf67-9b7dc9bd3e4c{ip: 192.168.34.41, host: trunk-nightly-20191021-4s9dg-2799068384, networkLocation: /default-rack, certSerialId: null} reports an CLOSED replica.
2019-10-21 04:29:44,822 [EventQueue-ContainerReportForContainerReportHandler] WARN  container.ContainerReportHandler (AbstractContainerReportHandler.java:updateContainerState(145)) - Container #1 is in OPEN state, but the datanode 641380fb-ae96-4755-94e0-fd776bdc090f{ip: 192.168.34.41, host: trunk-nightly-20191021-4s9dg-2799068384, networkLocation: /default-rack, certSerialId: null} reports an CLOSED replica.
2019-10-21 04:29:44,918 [EventQueue-ContainerReportForContainerReportHandler] WARN  container.ContainerReportHandler (AbstractContainerReportHandler.java:updateContainerState(145)) - Container #1 is in OPEN state, but the datanode dd1d24cd-1df3-4428-bf67-9b7dc9bd3e4c{ip: 192.168.34.41, host: trunk-nightly-20191021-4s9dg-2799068384, networkLocation: /default-rack, certSerialId: null} reports an CLOSED replica.
2019-10-21 04:29:45,121 [EventQueue-ContainerReportForContainerReportHandler] WARN  container.ContainerReportHandler (AbstractContainerReportHandler.java:updateContainerState(145)) - Container #1 is in OPEN state, but the datanode 641380fb-ae96-4755-94e0-fd776bdc090f{ip: 192.168.34.41, host: trunk-nightly-20191021-4s9dg-2799068384, networkLocation: /default-rack, certSerialId: null} reports an CLOSED replica.
2019-10-21 04:29:45,171 [BlockDeletingService#2] WARN  background.BlockDeletingService (BlockDeletingService.java:isDeletionAllowed(187)) - Close Container log Index 6 is not replicated across allthe servers in the pipeline d49b1818-47fb-49d2-b44c-d606c9b72829 as the min replicated index is 4. Deletion is not allowed in this container yet.
2019-10-21 04:29:45,171 [BlockDeletingService#7] WARN  background.BlockDeletingService (BlockDeletingService.java:isDeletionAllowed(187)) - Close Container log Index 6 is not replicated across allthe servers in the pipeline d49b1818-47fb-49d2-b44c-d606c9b72829 as the min replicated index is 4. Deletion is not allowed in this container yet.
2019-10-21 04:29:45,218 [EventQueue-ContainerReportForContainerReportHandler] WARN  container.ContainerReportHandler (AbstractContainerReportHandler.java:updateContainerState(145)) - Container #1 is in OPEN state, but the datanode dd1d24cd-1df3-4428-bf67-9b7dc9bd3e4c{ip: 192.168.34.41, host: trunk-nightly-20191021-4s9dg-2799068384, networkLocation: /default-rack, certSerialId: null} reports an CLOSED replica.
2019-10-21 04:29:45,322 [EventQueue-ContainerReportForContainerReportHandler] WARN  container.ContainerReportHandler (AbstractContainerReportHandler.java:updateContainerState(145)) - Container #1 is in OPEN state, but the datanode 641380fb-ae96-4755-94e0-fd776bdc090f{ip: 192.168.34.41, host: trunk-nightly-20191021-4s9dg-2799068384, networkLocation: /default-rack, certSerialId: null} reports an CLOSED replica.
2019-10-21 04:29:45,543 [java.util.concurrent.ThreadPoolExecutor$Worker@4c939573[State = -1, empty queue]] WARN  server.GrpcLogAppender (GrpcLogAppender.java:timeoutAppendRequest(209)) - dd1d24cd-1df3-4428-bf67-9b7dc9bd3e4c@group-D606C9B72829->f02da163-2c1f-4de2-ab71-b915d7d0ae78-GrpcLogAppender: appendEntries Timeout, request=dd1d24cd-1df3-4428-bf67-9b7dc9bd3e4c->f02da163-2c1f-4de2-ab71-b915d7d0ae78#30-t5, previous=(t:5, i:10), leaderCommit=10, initializing? false, entries: <empty>
2019-10-21 04:29:45,618 [EventQueue-ContainerReportForContainerReportHandler] WARN  container.ContainerReportHandler (AbstractContainerReportHandler.java:updateContainerState(145)) - Container #1 is in OPEN state, but the datanode dd1d24cd-1df3-4428-bf67-9b7dc9bd3e4c{ip: 192.168.34.41, host: trunk-nightly-20191021-4s9dg-2799068384, networkLocation: /default-rack, certSerialId: null} reports an CLOSED replica.
2019-10-21 04:29:45,723 [EventQueue-ContainerReportForContainerReportHandler] WARN  container.ContainerReportHandler (AbstractContainerReportHandler.java:updateContainerState(145)) - Container #1 is in OPEN state, but the datanode 641380fb-ae96-4755-94e0-fd776bdc090f{ip: 192.168.34.41, host: trunk-nightly-20191021-4s9dg-2799068384, networkLocation: /default-rack, certSerialId: null} reports an CLOSED replica.
2019-10-21 04:29:46,018 [EventQueue-ContainerReportForContainerReportHandler] WARN  container.ContainerReportHandler (AbstractContainerReportHandler.java:updateContainerState(145)) - Container #1 is in OPEN state, but the datanode dd1d24cd-1df3-4428-bf67-9b7dc9bd3e4c{ip: 192.168.34.41, host: trunk-nightly-20191021-4s9dg-2799068384, networkLocation: /default-rack, certSerialId: null} reports an CLOSED replica.
2019-10-21 04:29:46,022 [EventQueue-ContainerReportForContainerReportHandler] WARN  container.ContainerReportHandler (AbstractContainerReportHandler.java:updateContainerState(145)) - Container #1 is in OPEN state, but the datanode 641380fb-ae96-4755-94e0-fd776bdc090f{ip: 192.168.34.41, host: trunk-nightly-20191021-4s9dg-2799068384, networkLocation: /default-rack, certSerialId: null} reports an CLOSED replica.
2019-10-21 04:29:46,173 [BlockDeletingService#2] WARN  background.BlockDeletingService (BlockDeletingService.java:isDeletionAllowed(187)) - Close Container log Index 6 is not replicated across allthe servers in the pipeline d49b1818-47fb-49d2-b44c-d606c9b72829 as the min replicated index is 4. Deletion is not allowed in this container yet.
2019-10-21 04:29:46,173 [BlockDeletingService#7] WARN  background.BlockDeletingService (BlockDeletingService.java:isDeletionAllowed(187)) - Close Container log Index 6 is not replicated across allthe servers in the pipeline d49b1818-47fb-49d2-b44c-d606c9b72829 as the min replicated index is 4. Deletion is not allowed in this container yet.
2019-10-21 04:29:46,418 [EventQueue-ContainerReportForContainerReportHandler] WARN  container.ContainerReportHandler (AbstractContainerReportHandler.java:updateContainerState(145)) - Container #1 is in OPEN state, but the datanode dd1d24cd-1df3-4428-bf67-9b7dc9bd3e4c{ip: 192.168.34.41, host: trunk-nightly-20191021-4s9dg-2799068384, networkLocation: /default-rack, certSerialId: null} reports an CLOSED replica.
2019-10-21 04:29:46,422 [EventQueue-ContainerReportForContainerReportHandler] WARN  container.ContainerReportHandler (AbstractContainerReportHandler.java:updateContainerState(145)) - Container #1 is in OPEN state, but the datanode 641380fb-ae96-4755-94e0-fd776bdc090f{ip: 192.168.34.41, host: trunk-nightly-20191021-4s9dg-2799068384, networkLocation: /default-rack, certSerialId: null} reports an CLOSED replica.
2019-10-21 04:29:46,620 [EventQueue-ContainerReportForContainerReportHandler] WARN  container.ContainerReportHandler (AbstractContainerReportHandler.java:updateContainerState(145)) - Container #1 is in OPEN state, but the datanode dd1d24cd-1df3-4428-bf67-9b7dc9bd3e4c{ip: 192.168.34.41, host: trunk-nightly-20191021-4s9dg-2799068384, networkLocation: /default-rack, certSerialId: null} reports an CLOSED replica.
2019-10-21 04:29:46,724 [EventQueue-ContainerReportForContainerReportHandler] WARN  container.ContainerReportHandler (AbstractContainerReportHandler.java:updateContainerState(145)) - Container #1 is in OPEN state, but the datanode 641380fb-ae96-4755-94e0-fd776bdc090f{ip: 192.168.34.41, host: trunk-nightly-20191021-4s9dg-2799068384, networkLocation: /default-rack, certSerialId: null} reports an CLOSED replica.
2019-10-21 04:29:47,019 [EventQueue-ContainerReportForContainerReportHandler] WARN  container.ContainerReportHandler (AbstractContainerReportHandler.java:updateContainerState(145)) - Container #1 is in OPEN state, but the datanode dd1d24cd-1df3-4428-bf67-9b7dc9bd3e4c{ip: 192.168.34.41, host: trunk-nightly-20191021-4s9dg-2799068384, networkLocation: /default-rack, certSerialId: null} reports an CLOSED replica.
2019-10-21 04:29:47,024 [EventQueue-ContainerReportForContainerReportHandler] WARN  container.ContainerReportHandler (AbstractContainerReportHandler.java:updateContainerState(145)) - Container #1 is in OPEN state, but the datanode 641380fb-ae96-4755-94e0-fd776bdc090f{ip: 192.168.34.41, host: trunk-nightly-20191021-4s9dg-2799068384, networkLocation: /default-rack, certSerialId: null} reports an CLOSED replica.
2019-10-21 04:29:47,176 [BlockDeletingService#2] WARN  background.BlockDeletingService (BlockDeletingService.java:isDeletionAllowed(187)) - Close Container log Index 6 is not replicated across allthe servers in the pipeline d49b1818-47fb-49d2-b44c-d606c9b72829 as the min replicated index is 4. Deletion is not allowed in this container yet.
2019-10-21 04:29:47,176 [BlockDeletingService#7] WARN  background.BlockDeletingService (BlockDeletingService.java:isDeletionAllowed(187)) - Close Container log Index 6 is not replicated across allthe servers in the pipeline d49b1818-47fb-49d2-b44c-d606c9b72829 as the min replicated index is 4. Deletion is not allowed in this container yet.
2019-10-21 04:29:47,219 [EventQueue-ContainerReportForContainerReportHandler] WARN  container.ContainerReportHandler (AbstractContainerReportHandler.java:updateContainerState(145)) - Container #1 is in OPEN state, but the datanode dd1d24cd-1df3-4428-bf67-9b7dc9bd3e4c{ip: 192.168.34.41, host: trunk-nightly-20191021-4s9dg-2799068384, networkLocation: /default-rack, certSerialId: null} reports an CLOSED replica.
2019-10-21 04:29:47,323 [EventQueue-ContainerReportForContainerReportHandler] WARN  container.ContainerReportHandler (AbstractContainerReportHandler.java:updateContainerState(145)) - Container #1 is in OPEN state, but the datanode 641380fb-ae96-4755-94e0-fd776bdc090f{ip: 192.168.34.41, host: trunk-nightly-20191021-4s9dg-2799068384, networkLocation: /default-rack, certSerialId: null} reports an CLOSED replica.
2019-10-21 04:29:47,523 [EventQueue-ContainerReportForContainerReportHandler] WARN  container.ContainerReportHandler (AbstractContainerReportHandler.java:updateContainerState(145)) - Container #1 is in OPEN state, but the datanode 641380fb-ae96-4755-94e0-fd776bdc090f{ip: 192.168.34.41, host: trunk-nightly-20191021-4s9dg-2799068384, networkLocation: /default-rack, certSerialId: null} reports an CLOSED replica.
2019-10-21 04:29:47,618 [EventQueue-ContainerReportForContainerReportHandler] WARN  container.ContainerReportHandler (AbstractContainerReportHandler.java:updateContainerState(145)) - Container #1 is in OPEN state, but the datanode dd1d24cd-1df3-4428-bf67-9b7dc9bd3e4c{ip: 192.168.34.41, host: trunk-nightly-20191021-4s9dg-2799068384, networkLocation: /default-rack, certSerialId: null} reports an CLOSED replica.
2019-10-21 04:29:47,723 [EventQueue-ContainerReportForContainerReportHandler] WARN  container.ContainerReportHandler (AbstractContainerReportHandler.java:updateContainerState(145)) - Container #1 is in OPEN state, but the datanode 641380fb-ae96-4755-94e0-fd776bdc090f{ip: 192.168.34.41, host: trunk-nightly-20191021-4s9dg-2799068384, networkLocation: /default-rack, certSerialId: null} reports an CLOSED replica.
2019-10-21 04:29:47,756 [Thread-398] INFO  client.GrpcClientProtocolService (GrpcClientProtocolService.java:lambda$processClientRequest$0(278)) - Failed RaftClientRequest:client-A60227926EB5->dd1d24cd-1df3-4428-bf67-9b7dc9bd3e4c@group-D606C9B72829, cid=10, seq=0, Watch-ALL_COMMITTED(6), Message:<EMPTY>, reply=RaftClientReply:client-A60227926EB5->dd1d24cd-1df3-4428-bf67-9b7dc9bd3e4c@group-D606C9B72829, cid=10, FAILED org.apache.ratis.protocol.NotReplicatedException: Request with call Id 10 and log index 6 is not yet replicated to ALL_COMMITTED, logIndex=6, commits[dd1d24cd-1df3-4428-bf67-9b7dc9bd3e4c:c10, 641380fb-ae96-4755-94e0-fd776bdc090f:c10, f02da163-2c1f-4de2-ab71-b915d7d0ae78:c4]
2019-10-21 04:29:48,019 [EventQueue-ContainerReportForContainerReportHandler] WARN  container.ContainerReportHandler (AbstractContainerReportHandler.java:updateContainerState(145)) - Container #1 is in OPEN state, but the datanode dd1d24cd-1df3-4428-bf67-9b7dc9bd3e4c{ip: 192.168.34.41, host: trunk-nightly-20191021-4s9dg-2799068384, networkLocation: /default-rack, certSerialId: null} reports an CLOSED replica.
2019-10-21 04:29:48,024 [EventQueue-ContainerReportForContainerReportHandler] WARN  container.ContainerReportHandler (AbstractContainerReportHandler.java:updateContainerState(145)) - Container #1 is in OPEN state, but the datanode 641380fb-ae96-4755-94e0-fd776bdc090f{ip: 192.168.34.41, host: trunk-nightly-20191021-4s9dg-2799068384, networkLocation: /default-rack, certSerialId: null} reports an CLOSED replica.
2019-10-21 04:29:48,044 [java.util.concurrent.ThreadPoolExecutor$Worker@4c939573[State = -1, empty queue]] WARN  server.GrpcLogAppender (GrpcLogAppender.java:timeoutAppendRequest(209)) - dd1d24cd-1df3-4428-bf67-9b7dc9bd3e4c@group-D606C9B72829->f02da163-2c1f-4de2-ab71-b915d7d0ae78-GrpcLogAppender: appendEntries Timeout, request=dd1d24cd-1df3-4428-bf67-9b7dc9bd3e4c->f02da163-2c1f-4de2-ab71-b915d7d0ae78#31-t5, previous=(t:5, i:10), leaderCommit=10, initializing? false, entries: <empty>
2019-10-21 04:29:48,178 [BlockDeletingService#2] WARN  background.BlockDeletingService (BlockDeletingService.java:isDeletionAllowed(187)) - Close Container log Index 6 is not replicated across allthe servers in the pipeline d49b1818-47fb-49d2-b44c-d606c9b72829 as the min replicated index is 4. Deletion is not allowed in this container yet.
2019-10-21 04:29:48,178 [BlockDeletingService#7] WARN  background.BlockDeletingService (BlockDeletingService.java:isDeletionAllowed(187)) - Close Container log Index 6 is not replicated across allthe servers in the pipeline d49b1818-47fb-49d2-b44c-d606c9b72829 as the min replicated index is 4. Deletion is not allowed in this container yet.
2019-10-21 04:29:48,318 [EventQueue-ContainerReportForContainerReportHandler] WARN  container.ContainerReportHandler (AbstractContainerReportHandler.java:updateContainerState(145)) - Container #1 is in OPEN state, but the datanode dd1d24cd-1df3-4428-bf67-9b7dc9bd3e4c{ip: 192.168.34.41, host: trunk-nightly-20191021-4s9dg-2799068384, networkLocation: /default-rack, certSerialId: null} reports an CLOSED replica.
2019-10-21 04:29:48,323 [EventQueue-ContainerReportForContainerReportHandler] WARN  container.ContainerReportHandler (AbstractContainerReportHandler.java:updateContainerState(145)) - Container #1 is in OPEN state, but the datanode 641380fb-ae96-4755-94e0-fd776bdc090f{ip: 192.168.34.41, host: trunk-nightly-20191021-4s9dg-2799068384, networkLocation: /default-rack, certSerialId: null} reports an CLOSED replica.
2019-10-21 04:29:48,519 [EventQueue-ContainerReportForContainerReportHandler] WARN  container.ContainerReportHandler (AbstractContainerReportHandler.java:updateContainerState(145)) - Container #1 is in OPEN state, but the datanode dd1d24cd-1df3-4428-bf67-9b7dc9bd3e4c{ip: 192.168.34.41, host: trunk-nightly-20191021-4s9dg-2799068384, networkLocation: /default-rack, certSerialId: null} reports an CLOSED replica.
2019-10-21 04:29:48,623 [EventQueue-ContainerReportForContainerReportHandler] WARN  container.ContainerReportHandler (AbstractContainerReportHandler.java:updateContainerState(145)) - Container #1 is in OPEN state, but the datanode 641380fb-ae96-4755-94e0-fd776bdc090f{ip: 192.168.34.41, host: trunk-nightly-20191021-4s9dg-2799068384, networkLocation: /default-rack, certSerialId: null} reports an CLOSED replica.
2019-10-21 04:29:48,818 [EventQueue-ContainerReportForContainerReportHandler] WARN  container.ContainerReportHandler (AbstractContainerReportHandler.java:updateContainerState(145)) - Container #1 is in OPEN state, but the datanode dd1d24cd-1df3-4428-bf67-9b7dc9bd3e4c{ip: 192.168.34.41, host: trunk-nightly-20191021-4s9dg-2799068384, networkLocation: /default-rack, certSerialId: null} reports an CLOSED replica.
2019-10-21 04:29:49,023 [EventQueue-ContainerReportForContainerReportHandler] WARN  container.ContainerReportHandler (AbstractContainerReportHandler.java:updateContainerState(145)) - Container #1 is in OPEN state, but the datanode 641380fb-ae96-4755-94e0-fd776bdc090f{ip: 192.168.34.41, host: trunk-nightly-20191021-4s9dg-2799068384, networkLocation: /default-rack, certSerialId: null} reports an CLOSED replica.
2019-10-21 04:29:49,179 [BlockDeletingService#7] WARN  background.BlockDeletingService (BlockDeletingService.java:isDeletionAllowed(187)) - Close Container log Index 6 is not replicated across allthe servers in the pipeline d49b1818-47fb-49d2-b44c-d606c9b72829 as the min replicated index is 4. Deletion is not allowed in this container yet.
2019-10-21 04:29:49,179 [BlockDeletingService#2] WARN  background.BlockDeletingService (BlockDeletingService.java:isDeletionAllowed(187)) - Close Container log Index 6 is not replicated across allthe servers in the pipeline d49b1818-47fb-49d2-b44c-d606c9b72829 as the min replicated index is 4. Deletion is not allowed in this container yet.
2019-10-21 04:29:49,219 [EventQueue-ContainerReportForContainerReportHandler] WARN  container.ContainerReportHandler (AbstractContainerReportHandler.java:updateContainerState(145)) - Container #1 is in OPEN state, but the datanode dd1d24cd-1df3-4428-bf67-9b7dc9bd3e4c{ip: 192.168.34.41, host: trunk-nightly-20191021-4s9dg-2799068384, networkLocation: /default-rack, certSerialId: null} reports an CLOSED replica.
2019-10-21 04:29:49,324 [EventQueue-ContainerReportForContainerReportHandler] WARN  container.ContainerReportHandler (AbstractContainerReportHandler.java:updateContainerState(145)) - Container #1 is in OPEN state, but the datanode 641380fb-ae96-4755-94e0-fd776bdc090f{ip: 192.168.34.41, host: trunk-nightly-20191021-4s9dg-2799068384, networkLocation: /default-rack, certSerialId: null} reports an CLOSED replica.
2019-10-21 04:29:49,521 [EventQueue-ContainerReportForContainerReportHandler] WARN  container.ContainerReportHandler (AbstractContainerReportHandler.java:updateContainerState(145)) - Container #1 is in OPEN state, but the datanode dd1d24cd-1df3-4428-bf67-9b7dc9bd3e4c{ip: 192.168.34.41, host: trunk-nightly-20191021-4s9dg-2799068384, networkLocation: /default-rack, certSerialId: null} reports an CLOSED replica.
2019-10-21 04:29:49,623 [EventQueue-ContainerReportForContainerReportHandler] WARN  container.ContainerReportHandler (AbstractContainerReportHandler.java:updateContainerState(145)) - Container #1 is in OPEN state, but the datanode 641380fb-ae96-4755-94e0-fd776bdc090f{ip: 192.168.34.41, host: trunk-nightly-20191021-4s9dg-2799068384, networkLocation: /default-rack, certSerialId: null} reports an CLOSED replica.
2019-10-21 04:29:49,821 [EventQueue-ContainerReportForContainerReportHandler] WARN  container.ContainerReportHandler (AbstractContainerReportHandler.java:updateContainerState(145)) - Container #1 is in OPEN state, but the datanode dd1d24cd-1df3-4428-bf67-9b7dc9bd3e4c{ip: 192.168.34.41, host: trunk-nightly-20191021-4s9dg-2799068384, networkLocation: /default-rack, certSerialId: null} reports an CLOSED replica.
2019-10-21 04:29:49,823 [EventQueue-ContainerReportForContainerReportHandler] WARN  container.ContainerReportHandler (AbstractContainerReportHandler.java:updateContainerState(145)) - Container #1 is in OPEN state, but the datanode 641380fb-ae96-4755-94e0-fd776bdc090f{ip: 192.168.34.41, host: trunk-nightly-20191021-4s9dg-2799068384, networkLocation: /default-rack, certSerialId: null} reports an CLOSED replica.
2019-10-21 04:29:50,121 [EventQueue-ContainerReportForContainerReportHandler] WARN  container.ContainerReportHandler (AbstractContainerReportHandler.java:updateContainerState(145)) - Container #1 is in OPEN state, but the datanode dd1d24cd-1df3-4428-bf67-9b7dc9bd3e4c{ip: 192.168.34.41, host: trunk-nightly-20191021-4s9dg-2799068384, networkLocation: /default-rack, certSerialId: null} reports an CLOSED replica.
2019-10-21 04:29:50,125 [EventQueue-ContainerReportForContainerReportHandler] WARN  container.ContainerReportHandler (AbstractContainerReportHandler.java:updateContainerState(145)) - Container #1 is in OPEN state, but the datanode 641380fb-ae96-4755-94e0-fd776bdc090f{ip: 192.168.34.41, host: trunk-nightly-20191021-4s9dg-2799068384, networkLocation: /default-rack, certSerialId: null} reports an CLOSED replica.
2019-10-21 04:29:50,181 [BlockDeletingService#7] WARN  background.BlockDeletingService (BlockDeletingService.java:isDeletionAllowed(187)) - Close Container log Index 6 is not replicated across allthe servers in the pipeline d49b1818-47fb-49d2-b44c-d606c9b72829 as the min replicated index is 4. Deletion is not allowed in this container yet.
2019-10-21 04:29:50,181 [BlockDeletingService#2] WARN  background.BlockDeletingService (BlockDeletingService.java:isDeletionAllowed(187)) - Close Container log Index 6 is not replicated across allthe servers in the pipeline d49b1818-47fb-49d2-b44c-d606c9b72829 as the min replicated index is 4. Deletion is not allowed in this container yet.
2019-10-21 04:29:50,422 [EventQueue-ContainerReportForContainerReportHandler] WARN  container.ContainerReportHandler (AbstractContainerReportHandler.java:updateContainerState(145)) - Container #1 is in OPEN state, but the datanode dd1d24cd-1df3-4428-bf67-9b7dc9bd3e4c{ip: 192.168.34.41, host: trunk-nightly-20191021-4s9dg-2799068384, networkLocation: /default-rack, certSerialId: null} reports an CLOSED replica.
2019-10-21 04:29:50,425 [EventQueue-ContainerReportForContainerReportHandler] WARN  container.ContainerReportHandler (AbstractContainerReportHandler.java:updateContainerState(145)) - Container #1 is in OPEN state, but the datanode 641380fb-ae96-4755-94e0-fd776bdc090f{ip: 192.168.34.41, host: trunk-nightly-20191021-4s9dg-2799068384, networkLocation: /default-rack, certSerialId: null} reports an CLOSED replica.
2019-10-21 04:29:50,545 [java.util.concurrent.ThreadPoolExecutor$Worker@4c939573[State = -1, empty queue]] WARN  server.GrpcLogAppender (GrpcLogAppender.java:timeoutAppendRequest(209)) - dd1d24cd-1df3-4428-bf67-9b7dc9bd3e4c@group-D606C9B72829->f02da163-2c1f-4de2-ab71-b915d7d0ae78-GrpcLogAppender: appendEntries Timeout, request=dd1d24cd-1df3-4428-bf67-9b7dc9bd3e4c->f02da163-2c1f-4de2-ab71-b915d7d0ae78#32-t5, previous=(t:5, i:10), leaderCommit=10, initializing? false, entries: <empty>
2019-10-21 04:29:50,725 [EventQueue-ContainerReportForContainerReportHandler] WARN  container.ContainerReportHandler (AbstractContainerReportHandler.java:updateContainerState(145)) - Container #1 is in OPEN state, but the datanode 641380fb-ae96-4755-94e0-fd776bdc090f{ip: 192.168.34.41, host: trunk-nightly-20191021-4s9dg-2799068384, networkLocation: /default-rack, certSerialId: null} reports an CLOSED replica.
2019-10-21 04:29:50,822 [EventQueue-ContainerReportForContainerReportHandler] WARN  container.ContainerReportHandler (AbstractContainerReportHandler.java:updateContainerState(145)) - Container #1 is in OPEN state, but the datanode dd1d24cd-1df3-4428-bf67-9b7dc9bd3e4c{ip: 192.168.34.41, host: trunk-nightly-20191021-4s9dg-2799068384, networkLocation: /default-rack, certSerialId: null} reports an CLOSED replica.
2019-10-21 04:29:51,024 [EventQueue-ContainerReportForContainerReportHandler] WARN  container.ContainerReportHandler (AbstractContainerReportHandler.java:updateContainerState(145)) - Container #1 is in OPEN state, but the datanode 641380fb-ae96-4755-94e0-fd776bdc090f{ip: 192.168.34.41, host: trunk-nightly-20191021-4s9dg-2799068384, networkLocation: /default-rack, certSerialId: null} reports an CLOSED replica.
2019-10-21 04:29:51,122 [EventQueue-ContainerReportForContainerReportHandler] WARN  container.ContainerReportHandler (AbstractContainerReportHandler.java:updateContainerState(145)) - Container #1 is in OPEN state, but the datanode dd1d24cd-1df3-4428-bf67-9b7dc9bd3e4c{ip: 192.168.34.41, host: trunk-nightly-20191021-4s9dg-2799068384, networkLocation: /default-rack, certSerialId: null} reports an CLOSED replica.
2019-10-21 04:29:51,183 [BlockDeletingService#2] WARN  background.BlockDeletingService (BlockDeletingService.java:isDeletionAllowed(187)) - Close Container log Index 6 is not replicated across allthe servers in the pipeline d49b1818-47fb-49d2-b44c-d606c9b72829 as the min replicated index is 4. Deletion is not allowed in this container yet.
2019-10-21 04:29:51,183 [BlockDeletingService#7] WARN  background.BlockDeletingService (BlockDeletingService.java:isDeletionAllowed(187)) - Close Container log Index 6 is not replicated across allthe servers in the pipeline d49b1818-47fb-49d2-b44c-d606c9b72829 as the min replicated index is 4. Deletion is not allowed in this container yet.
2019-10-21 04:29:51,322 [EventQueue-ContainerReportForContainerReportHandler] WARN  container.ContainerReportHandler (AbstractContainerReportHandler.java:updateContainerState(145)) - Container #1 is in OPEN state, but the datanode dd1d24cd-1df3-4428-bf67-9b7dc9bd3e4c{ip: 192.168.34.41, host: trunk-nightly-20191021-4s9dg-2799068384, networkLocation: /default-rack, certSerialId: null} reports an CLOSED replica.
2019-10-21 04:29:51,424 [EventQueue-ContainerReportForContainerReportHandler] WARN  container.ContainerReportHandler (AbstractContainerReportHandler.java:updateContainerState(145)) - Container #1 is in OPEN state, but the datanode 641380fb-ae96-4755-94e0-fd776bdc090f{ip: 192.168.34.41, host: trunk-nightly-20191021-4s9dg-2799068384, networkLocation: /default-rack, certSerialId: null} reports an CLOSED replica.
2019-10-21 04:29:51,523 [EventQueue-ContainerReportForContainerReportHandler] WARN  container.ContainerReportHandler (AbstractContainerReportHandler.java:updateContainerState(145)) - Container #1 is in OPEN state, but the datanode dd1d24cd-1df3-4428-bf67-9b7dc9bd3e4c{ip: 192.168.34.41, host: trunk-nightly-20191021-4s9dg-2799068384, networkLocation: /default-rack, certSerialId: null} reports an CLOSED replica.
2019-10-21 04:29:51,724 [EventQueue-ContainerReportForContainerReportHandler] WARN  container.ContainerReportHandler (AbstractContainerReportHandler.java:updateContainerState(145)) - Container #1 is in OPEN state, but the datanode 641380fb-ae96-4755-94e0-fd776bdc090f{ip: 192.168.34.41, host: trunk-nightly-20191021-4s9dg-2799068384, networkLocation: /default-rack, certSerialId: null} reports an CLOSED replica.
2019-10-21 04:29:51,823 [EventQueue-ContainerReportForContainerReportHandler] WARN  container.ContainerReportHandler (AbstractContainerReportHandler.java:updateContainerState(145)) - Container #1 is in OPEN state, but the datanode dd1d24cd-1df3-4428-bf67-9b7dc9bd3e4c{ip: 192.168.34.41, host: trunk-nightly-20191021-4s9dg-2799068384, networkLocation: /default-rack, certSerialId: null} reports an CLOSED replica.
2019-10-21 04:29:52,024 [EventQueue-ContainerReportForContainerReportHandler] WARN  container.ContainerReportHandler (AbstractContainerReportHandler.java:updateContainerState(145)) - Container #1 is in OPEN state, but the datanode 641380fb-ae96-4755-94e0-fd776bdc090f{ip: 192.168.34.41, host: trunk-nightly-20191021-4s9dg-2799068384, networkLocation: /default-rack, certSerialId: null} reports an CLOSED replica.
2019-10-21 04:29:52,186 [BlockDeletingService#7] WARN  background.BlockDeletingService (BlockDeletingService.java:isDeletionAllowed(187)) - Close Container log Index 6 is not replicated across allthe servers in the pipeline d49b1818-47fb-49d2-b44c-d606c9b72829 as the min replicated index is 4. Deletion is not allowed in this container yet.
2019-10-21 04:29:52,186 [BlockDeletingService#2] WARN  background.BlockDeletingService (BlockDeletingService.java:isDeletionAllowed(187)) - Close Container log Index 6 is not replicated across allthe servers in the pipeline d49b1818-47fb-49d2-b44c-d606c9b72829 as the min replicated index is 4. Deletion is not allowed in this container yet.
2019-10-21 04:29:52,225 [EventQueue-ContainerReportForContainerReportHandler] WARN  container.ContainerReportHandler (AbstractContainerReportHandler.java:updateContainerState(145)) - Container #1 is in OPEN state, but the datanode dd1d24cd-1df3-4428-bf67-9b7dc9bd3e4c{ip: 192.168.34.41, host: trunk-nightly-20191021-4s9dg-2799068384, networkLocation: /default-rack, certSerialId: null} reports an CLOSED replica.
2019-10-21 04:29:52,426 [EventQueue-ContainerReportForContainerReportHandler] WARN  container.ContainerReportHandler (AbstractContainerReportHandler.java:updateContainerState(145)) - Container #1 is in OPEN state, but the datanode 641380fb-ae96-4755-94e0-fd776bdc090f{ip: 192.168.34.41, host: trunk-nightly-20191021-4s9dg-2799068384, networkLocation: /default-rack, certSerialId: null} reports an CLOSED replica.
2019-10-21 04:29:52,524 [EventQueue-ContainerReportForContainerReportHandler] WARN  container.ContainerReportHandler (AbstractContainerReportHandler.java:updateContainerState(145)) - Container #1 is in OPEN state, but the datanode dd1d24cd-1df3-4428-bf67-9b7dc9bd3e4c{ip: 192.168.34.41, host: trunk-nightly-20191021-4s9dg-2799068384, networkLocation: /default-rack, certSerialId: null} reports an CLOSED replica.
2019-10-21 04:29:52,627 [EventQueue-ContainerReportForContainerReportHandler] WARN  container.ContainerReportHandler (AbstractContainerReportHandler.java:updateContainerState(145)) - Container #1 is in OPEN state, but the datanode 641380fb-ae96-4755-94e0-fd776bdc090f{ip: 192.168.34.41, host: trunk-nightly-20191021-4s9dg-2799068384, networkLocation: /default-rack, certSerialId: null} reports an CLOSED replica.
2019-10-21 04:29:52,825 [EventQueue-ContainerReportForContainerReportHandler] WARN  container.ContainerReportHandler (AbstractContainerReportHandler.java:updateContainerState(145)) - Container #1 is in OPEN state, but the datanode dd1d24cd-1df3-4428-bf67-9b7dc9bd3e4c{ip: 192.168.34.41, host: trunk-nightly-20191021-4s9dg-2799068384, networkLocation: /default-rack, certSerialId: null} reports an CLOSED replica.
2019-10-21 04:29:52,928 [EventQueue-ContainerReportForContainerReportHandler] WARN  container.ContainerReportHandler (AbstractContainerReportHandler.java:updateContainerState(145)) - Container #1 is in OPEN state, but the datanode 641380fb-ae96-4755-94e0-fd776bdc090f{ip: 192.168.34.41, host: trunk-nightly-20191021-4s9dg-2799068384, networkLocation: /default-rack, certSerialId: null} reports an CLOSED replica.
2019-10-21 04:29:53,025 [EventQueue-ContainerReportForContainerReportHandler] WARN  container.ContainerReportHandler (AbstractContainerReportHandler.java:updateContainerState(145)) - Container #1 is in OPEN state, but the datanode dd1d24cd-1df3-4428-bf67-9b7dc9bd3e4c{ip: 192.168.34.41, host: trunk-nightly-20191021-4s9dg-2799068384, networkLocation: /default-rack, certSerialId: null} reports an CLOSED replica.
2019-10-21 04:29:53,046 [java.util.concurrent.ThreadPoolExecutor$Worker@4c939573[State = -1, empty queue]] WARN  server.GrpcLogAppender (GrpcLogAppender.java:timeoutAppendRequest(209)) - dd1d24cd-1df3-4428-bf67-9b7dc9bd3e4c@group-D606C9B72829->f02da163-2c1f-4de2-ab71-b915d7d0ae78-GrpcLogAppender: appendEntries Timeout, request=dd1d24cd-1df3-4428-bf67-9b7dc9bd3e4c->f02da163-2c1f-4de2-ab71-b915d7d0ae78#33-t5, previous=(t:5, i:10), leaderCommit=10, initializing? false, entries: <empty>
2019-10-21 04:29:53,126 [EventQueue-ContainerReportForContainerReportHandler] WARN  container.ContainerReportHandler (AbstractContainerReportHandler.java:updateContainerState(145)) - Container #1 is in OPEN state, but the datanode 641380fb-ae96-4755-94e0-fd776bdc090f{ip: 192.168.34.41, host: trunk-nightly-20191021-4s9dg-2799068384, networkLocation: /default-rack, certSerialId: null} reports an CLOSED replica.
2019-10-21 04:29:53,189 [BlockDeletingService#7] WARN  background.BlockDeletingService (BlockDeletingService.java:isDeletionAllowed(187)) - Close Container log Index 6 is not replicated across allthe servers in the pipeline d49b1818-47fb-49d2-b44c-d606c9b72829 as the min replicated index is 4. Deletion is not allowed in this container yet.
2019-10-21 04:29:53,189 [BlockDeletingService#2] WARN  background.BlockDeletingService (BlockDeletingService.java:isDeletionAllowed(187)) - Close Container log Index 6 is not replicated across allthe servers in the pipeline d49b1818-47fb-49d2-b44c-d606c9b72829 as the min replicated index is 4. Deletion is not allowed in this container yet.
2019-10-21 04:29:53,227 [EventQueue-ContainerReportForContainerReportHandler] WARN  container.ContainerReportHandler (AbstractContainerReportHandler.java:updateContainerState(145)) - Container #1 is in OPEN state, but the datanode dd1d24cd-1df3-4428-bf67-9b7dc9bd3e4c{ip: 192.168.34.41, host: trunk-nightly-20191021-4s9dg-2799068384, networkLocation: /default-rack, certSerialId: null} reports an CLOSED replica.
2019-10-21 04:29:53,527 [EventQueue-ContainerReportForContainerReportHandler] WARN  container.ContainerReportHandler (AbstractContainerReportHandler.java:updateContainerState(145)) - Container #1 is in OPEN state, but the datanode 641380fb-ae96-4755-94e0-fd776bdc090f{ip: 192.168.34.41, host: trunk-nightly-20191021-4s9dg-2799068384, networkLocation: /default-rack, certSerialId: null} reports an CLOSED replica.
2019-10-21 04:29:53,627 [EventQueue-ContainerReportForContainerReportHandler] WARN  container.ContainerReportHandler (AbstractContainerReportHandler.java:updateContainerState(145)) - Container #1 is in OPEN state, but the datanode dd1d24cd-1df3-4428-bf67-9b7dc9bd3e4c{ip: 192.168.34.41, host: trunk-nightly-20191021-4s9dg-2799068384, networkLocation: /default-rack, certSerialId: null} reports an CLOSED replica.
2019-10-21 04:29:53,927 [EventQueue-ContainerReportForContainerReportHandler] WARN  container.ContainerReportHandler (AbstractContainerReportHandler.java:updateContainerState(145)) - Container #1 is in OPEN state, but the datanode 641380fb-ae96-4755-94e0-fd776bdc090f{ip: 192.168.34.41, host: trunk-nightly-20191021-4s9dg-2799068384, networkLocation: /default-rack, certSerialId: null} reports an CLOSED replica.
2019-10-21 04:29:53,927 [EventQueue-ContainerReportForContainerReportHandler] WARN  container.ContainerReportHandler (AbstractContainerReportHandler.java:updateContainerState(145)) - Container #1 is in OPEN state, but the datanode dd1d24cd-1df3-4428-bf67-9b7dc9bd3e4c{ip: 192.168.34.41, host: trunk-nightly-20191021-4s9dg-2799068384, networkLocation: /default-rack, certSerialId: null} reports an CLOSED replica.
2019-10-21 04:29:54,127 [EventQueue-ContainerReportForContainerReportHandler] WARN  container.ContainerReportHandler (AbstractContainerReportHandler.java:updateContainerState(145)) - Container #1 is in OPEN state, but the datanode 641380fb-ae96-4755-94e0-fd776bdc090f{ip: 192.168.34.41, host: trunk-nightly-20191021-4s9dg-2799068384, networkLocation: /default-rack, certSerialId: null} reports an CLOSED replica.
2019-10-21 04:29:54,190 [BlockDeletingService#7] WARN  background.BlockDeletingService (BlockDeletingService.java:isDeletionAllowed(187)) - Close Container log Index 6 is not replicated across allthe servers in the pipeline d49b1818-47fb-49d2-b44c-d606c9b72829 as the min replicated index is 4. Deletion is not allowed in this container yet.
2019-10-21 04:29:54,190 [BlockDeletingService#2] WARN  background.BlockDeletingService (BlockDeletingService.java:isDeletionAllowed(187)) - Close Container log Index 6 is not replicated across allthe servers in the pipeline d49b1818-47fb-49d2-b44c-d606c9b72829 as the min replicated index is 4. Deletion is not allowed in this container yet.
2019-10-21 04:29:54,329 [EventQueue-ContainerReportForContainerReportHandler] WARN  container.ContainerReportHandler (AbstractContainerReportHandler.java:updateContainerState(145)) - Container #1 is in OPEN state, but the datanode dd1d24cd-1df3-4428-bf67-9b7dc9bd3e4c{ip: 192.168.34.41, host: trunk-nightly-20191021-4s9dg-2799068384, networkLocation: /default-rack, certSerialId: null} reports an CLOSED replica.
2019-10-21 04:29:54,430 [EventQueue-ContainerReportForContainerReportHandler] WARN  container.ContainerReportHandler (AbstractContainerReportHandler.java:updateContainerState(145)) - Container #1 is in OPEN state, but the datanode 641380fb-ae96-4755-94e0-fd776bdc090f{ip: 192.168.34.41, host: trunk-nightly-20191021-4s9dg-2799068384, networkLocation: /default-rack, certSerialId: null} reports an CLOSED replica.
2019-10-21 04:29:54,529 [EventQueue-ContainerReportForContainerReportHandler] WARN  container.ContainerReportHandler (AbstractContainerReportHandler.java:updateContainerState(145)) - Container #1 is in OPEN state, but the datanode dd1d24cd-1df3-4428-bf67-9b7dc9bd3e4c{ip: 192.168.34.41, host: trunk-nightly-20191021-4s9dg-2799068384, networkLocation: /default-rack, certSerialId: null} reports an CLOSED replica.
2019-10-21 04:29:54,829 [EventQueue-ContainerReportForContainerReportHandler] WARN  container.ContainerReportHandler (AbstractContainerReportHandler.java:updateContainerState(145)) - Container #1 is in OPEN state, but the datanode dd1d24cd-1df3-4428-bf67-9b7dc9bd3e4c{ip: 192.168.34.41, host: trunk-nightly-20191021-4s9dg-2799068384, networkLocation: /default-rack, certSerialId: null} reports an CLOSED replica.
2019-10-21 04:29:54,830 [EventQueue-ContainerReportForContainerReportHandler] WARN  container.ContainerReportHandler (AbstractContainerReportHandler.java:updateContainerState(145)) - Container #1 is in OPEN state, but the datanode 641380fb-ae96-4755-94e0-fd776bdc090f{ip: 192.168.34.41, host: trunk-nightly-20191021-4s9dg-2799068384, networkLocation: /default-rack, certSerialId: null} reports an CLOSED replica.
2019-10-21 04:29:55,129 [EventQueue-ContainerReportForContainerReportHandler] WARN  container.ContainerReportHandler (AbstractContainerReportHandler.java:updateContainerState(145)) - Container #1 is in OPEN state, but the datanode 641380fb-ae96-4755-94e0-fd776bdc090f{ip: 192.168.34.41, host: trunk-nightly-20191021-4s9dg-2799068384, networkLocation: /default-rack, certSerialId: null} reports an CLOSED replica.
2019-10-21 04:29:55,130 [EventQueue-ContainerReportForContainerReportHandler] WARN  container.ContainerReportHandler (AbstractContainerReportHandler.java:updateContainerState(145)) - Container #1 is in OPEN state, but the datanode dd1d24cd-1df3-4428-bf67-9b7dc9bd3e4c{ip: 192.168.34.41, host: trunk-nightly-20191021-4s9dg-2799068384, networkLocation: /default-rack, certSerialId: null} reports an CLOSED replica.
2019-10-21 04:29:55,192 [BlockDeletingService#7] WARN  background.BlockDeletingService (BlockDeletingService.java:isDeletionAllowed(187)) - Close Container log Index 6 is not replicated across allthe servers in the pipeline d49b1818-47fb-49d2-b44c-d606c9b72829 as the min replicated index is 4. Deletion is not allowed in this container yet.
2019-10-21 04:29:55,192 [BlockDeletingService#2] WARN  background.BlockDeletingService (BlockDeletingService.java:isDeletionAllowed(187)) - Close Container log Index 6 is not replicated across allthe servers in the pipeline d49b1818-47fb-49d2-b44c-d606c9b72829 as the min replicated index is 4. Deletion is not allowed in this container yet.
2019-10-21 04:29:55,329 [EventQueue-ContainerReportForContainerReportHandler] WARN  container.ContainerReportHandler (AbstractContainerReportHandler.java:updateContainerState(145)) - Container #1 is in OPEN state, but the datanode 641380fb-ae96-4755-94e0-fd776bdc090f{ip: 192.168.34.41, host: trunk-nightly-20191021-4s9dg-2799068384, networkLocation: /default-rack, certSerialId: null} reports an CLOSED replica.
2019-10-21 04:29:55,329 [EventQueue-ContainerReportForContainerReportHandler] WARN  container.ContainerReportHandler (AbstractContainerReportHandler.java:updateContainerState(145)) - Container #1 is in OPEN state, but the datanode dd1d24cd-1df3-4428-bf67-9b7dc9bd3e4c{ip: 192.168.34.41, host: trunk-nightly-20191021-4s9dg-2799068384, networkLocation: /default-rack, certSerialId: null} reports an CLOSED replica.
2019-10-21 04:29:55,549 [java.util.concurrent.ThreadPoolExecutor$Worker@4c939573[State = -1, empty queue]] WARN  server.GrpcLogAppender (GrpcLogAppender.java:timeoutAppendRequest(209)) - dd1d24cd-1df3-4428-bf67-9b7dc9bd3e4c@group-D606C9B72829->f02da163-2c1f-4de2-ab71-b915d7d0ae78-GrpcLogAppender: appendEntries Timeout, request=dd1d24cd-1df3-4428-bf67-9b7dc9bd3e4c->f02da163-2c1f-4de2-ab71-b915d7d0ae78#34-t5, previous=(t:5, i:10), leaderCommit=10, initializing? false, entries: <empty>
2019-10-21 04:29:55,629 [EventQueue-ContainerReportForContainerReportHandler] WARN  container.ContainerReportHandler (AbstractContainerReportHandler.java:updateContainerState(145)) - Container #1 is in OPEN state, but the datanode dd1d24cd-1df3-4428-bf67-9b7dc9bd3e4c{ip: 192.168.34.41, host: trunk-nightly-20191021-4s9dg-2799068384, networkLocation: /default-rack, certSerialId: null} reports an CLOSED replica.
2019-10-21 04:29:55,729 [EventQueue-ContainerReportForContainerReportHandler] WARN  container.ContainerReportHandler (AbstractContainerReportHandler.java:updateContainerState(145)) - Container #1 is in OPEN state, but the datanode 641380fb-ae96-4755-94e0-fd776bdc090f{ip: 192.168.34.41, host: trunk-nightly-20191021-4s9dg-2799068384, networkLocation: /default-rack, certSerialId: null} reports an CLOSED replica.
2019-10-21 04:29:56,029 [EventQueue-ContainerReportForContainerReportHandler] WARN  container.ContainerReportHandler (AbstractContainerReportHandler.java:updateContainerState(145)) - Container #1 is in OPEN state, but the datanode dd1d24cd-1df3-4428-bf67-9b7dc9bd3e4c{ip: 192.168.34.41, host: trunk-nightly-20191021-4s9dg-2799068384, networkLocation: /default-rack, certSerialId: null} reports an CLOSED replica.
2019-10-21 04:29:56,130 [EventQueue-ContainerReportForContainerReportHandler] WARN  container.ContainerReportHandler (AbstractContainerReportHandler.java:updateContainerState(145)) - Container #1 is in OPEN state, but the datanode 641380fb-ae96-4755-94e0-fd776bdc090f{ip: 192.168.34.41, host: trunk-nightly-20191021-4s9dg-2799068384, networkLocation: /default-rack, certSerialId: null} reports an CLOSED replica.
2019-10-21 04:29:56,193 [Thread-421] INFO  client.GrpcClientProtocolService (GrpcClientProtocolService.java:lambda$processClientRequest$0(278)) - Failed RaftClientRequest:client-A60227926EB5->641380fb-ae96-4755-94e0-fd776bdc090f@group-D606C9B72829, cid=10, seq=0, Watch-ALL_COMMITTED(6), Message:<EMPTY>, reply=RaftClientReply:client-A60227926EB5->641380fb-ae96-4755-94e0-fd776bdc090f@group-D606C9B72829, cid=10, FAILED org.apache.ratis.protocol.NotLeaderException: Server 641380fb-ae96-4755-94e0-fd776bdc090f@group-D606C9B72829 is not the leader dd1d24cd-1df3-4428-bf67-9b7dc9bd3e4c:192.168.34.41:45185, logIndex=0, commits[641380fb-ae96-4755-94e0-fd776bdc090f:c10, f02da163-2c1f-4de2-ab71-b915d7d0ae78:c4, dd1d24cd-1df3-4428-bf67-9b7dc9bd3e4c:c10]
2019-10-21 04:29:56,194 [BlockDeletingService#7] WARN  background.BlockDeletingService (BlockDeletingService.java:isDeletionAllowed(187)) - Close Container log Index 6 is not replicated across allthe servers in the pipeline d49b1818-47fb-49d2-b44c-d606c9b72829 as the min replicated index is 4. Deletion is not allowed in this container yet.
2019-10-21 04:29:56,195 [BlockDeletingService#2] WARN  background.BlockDeletingService (BlockDeletingService.java:isDeletionAllowed(187)) - Close Container log Index 6 is not replicated across allthe servers in the pipeline d49b1818-47fb-49d2-b44c-d606c9b72829 as the min replicated index is 4. Deletion is not allowed in this container yet.
2019-10-21 04:29:56,330 [EventQueue-ContainerReportForContainerReportHandler] WARN  container.ContainerReportHandler (AbstractContainerReportHandler.java:updateContainerState(145)) - Container #1 is in OPEN state, but the datanode dd1d24cd-1df3-4428-bf67-9b7dc9bd3e4c{ip: 192.168.34.41, host: trunk-nightly-20191021-4s9dg-2799068384, networkLocation: /default-rack, certSerialId: null} reports an CLOSED replica.
2019-10-21 04:29:56,430 [EventQueue-ContainerReportForContainerReportHandler] WARN  container.ContainerReportHandler (AbstractContainerReportHandler.java:updateContainerState(145)) - Container #1 is in OPEN state, but the datanode 641380fb-ae96-4755-94e0-fd776bdc090f{ip: 192.168.34.41, host: trunk-nightly-20191021-4s9dg-2799068384, networkLocation: /default-rack, certSerialId: null} reports an CLOSED replica.
2019-10-21 04:29:56,630 [EventQueue-ContainerReportForContainerReportHandler] WARN  container.ContainerReportHandler (AbstractContainerReportHandler.java:updateContainerState(145)) - Container #1 is in OPEN state, but the datanode dd1d24cd-1df3-4428-bf67-9b7dc9bd3e4c{ip: 192.168.34.41, host: trunk-nightly-20191021-4s9dg-2799068384, networkLocation: /default-rack, certSerialId: null} reports an CLOSED replica.
2019-10-21 04:29:56,730 [EventQueue-ContainerReportForContainerReportHandler] WARN  container.ContainerReportHandler (AbstractContainerReportHandler.java:updateContainerState(145)) - Container #1 is in OPEN state, but the datanode 641380fb-ae96-4755-94e0-fd776bdc090f{ip: 192.168.34.41, host: trunk-nightly-20191021-4s9dg-2799068384, networkLocation: /default-rack, certSerialId: null} reports an CLOSED replica.
2019-10-21 04:29:56,929 [EventQueue-ContainerReportForContainerReportHandler] WARN  container.ContainerReportHandler (AbstractContainerReportHandler.java:updateContainerState(145)) - Container #1 is in OPEN state, but the datanode 641380fb-ae96-4755-94e0-fd776bdc090f{ip: 192.168.34.41, host: trunk-nightly-20191021-4s9dg-2799068384, networkLocation: /default-rack, certSerialId: null} reports an CLOSED replica.
2019-10-21 04:29:57,031 [EventQueue-ContainerReportForContainerReportHandler] WARN  container.ContainerReportHandler (AbstractContainerReportHandler.java:updateContainerState(145)) - Container #1 is in OPEN state, but the datanode dd1d24cd-1df3-4428-bf67-9b7dc9bd3e4c{ip: 192.168.34.41, host: trunk-nightly-20191021-4s9dg-2799068384, networkLocation: /default-rack, certSerialId: null} reports an CLOSED replica.
2019-10-21 04:29:57,196 [BlockDeletingService#7] WARN  background.BlockDeletingService (BlockDeletingService.java:isDeletionAllowed(187)) - Close Container log Index 6 is not replicated across allthe servers in the pipeline d49b1818-47fb-49d2-b44c-d606c9b72829 as the min replicated index is 4. Deletion is not allowed in this container yet.
2019-10-21 04:29:57,197 [BlockDeletingService#2] WARN  background.BlockDeletingService (BlockDeletingService.java:isDeletionAllowed(187)) - Close Container log Index 6 is not replicated across allthe servers in the pipeline d49b1818-47fb-49d2-b44c-d606c9b72829 as the min replicated index is 4. Deletion is not allowed in this container yet.
2019-10-21 04:29:57,331 [EventQueue-ContainerReportForContainerReportHandler] WARN  container.ContainerReportHandler (AbstractContainerReportHandler.java:updateContainerState(145)) - Container #1 is in OPEN state, but the datanode 641380fb-ae96-4755-94e0-fd776bdc090f{ip: 192.168.34.41, host: trunk-nightly-20191021-4s9dg-2799068384, networkLocation: /default-rack, certSerialId: null} reports an CLOSED replica.
2019-10-21 04:29:57,432 [EventQueue-ContainerReportForContainerReportHandler] WARN  container.ContainerReportHandler (AbstractContainerReportHandler.java:updateContainerState(145)) - Container #1 is in OPEN state, but the datanode dd1d24cd-1df3-4428-bf67-9b7dc9bd3e4c{ip: 192.168.34.41, host: trunk-nightly-20191021-4s9dg-2799068384, networkLocation: /default-rack, certSerialId: null} reports an CLOSED replica.
2019-10-21 04:29:57,632 [EventQueue-ContainerReportForContainerReportHandler] WARN  container.ContainerReportHandler (AbstractContainerReportHandler.java:updateContainerState(145)) - Container #1 is in OPEN state, but the datanode 641380fb-ae96-4755-94e0-fd776bdc090f{ip: 192.168.34.41, host: trunk-nightly-20191021-4s9dg-2799068384, networkLocation: /default-rack, certSerialId: null} reports an CLOSED replica.
2019-10-21 04:29:57,732 [EventQueue-ContainerReportForContainerReportHandler] WARN  container.ContainerReportHandler (AbstractContainerReportHandler.java:updateContainerState(145)) - Container #1 is in OPEN state, but the datanode dd1d24cd-1df3-4428-bf67-9b7dc9bd3e4c{ip: 192.168.34.41, host: trunk-nightly-20191021-4s9dg-2799068384, networkLocation: /default-rack, certSerialId: null} reports an CLOSED replica.
2019-10-21 04:29:57,755 [Thread-429] INFO  client.GrpcClientProtocolService (GrpcClientProtocolService.java:lambda$processClientRequest$0(278)) - Failed RaftClientRequest:client-A60227926EB5->dd1d24cd-1df3-4428-bf67-9b7dc9bd3e4c@group-D606C9B72829, cid=10, seq=0, Watch-ALL_COMMITTED(6), Message:<EMPTY>, reply=RaftClientReply:client-A60227926EB5->dd1d24cd-1df3-4428-bf67-9b7dc9bd3e4c@group-D606C9B72829, cid=10, FAILED org.apache.ratis.protocol.NotReplicatedException: Request with call Id 10 and log index 6 is not yet replicated to ALL_COMMITTED, logIndex=6, commits[dd1d24cd-1df3-4428-bf67-9b7dc9bd3e4c:c10, 641380fb-ae96-4755-94e0-fd776bdc090f:c10, f02da163-2c1f-4de2-ab71-b915d7d0ae78:c4]
2019-10-21 04:29:57,931 [EventQueue-ContainerReportForContainerReportHandler] WARN  container.ContainerReportHandler (AbstractContainerReportHandler.java:updateContainerState(145)) - Container #1 is in OPEN state, but the datanode 641380fb-ae96-4755-94e0-fd776bdc090f{ip: 192.168.34.41, host: trunk-nightly-20191021-4s9dg-2799068384, networkLocation: /default-rack, certSerialId: null} reports an CLOSED replica.
2019-10-21 04:29:58,049 [java.util.concurrent.ThreadPoolExecutor$Worker@4c939573[State = -1, empty queue]] WARN  server.GrpcLogAppender (GrpcLogAppender.java:timeoutAppendRequest(209)) - dd1d24cd-1df3-4428-bf67-9b7dc9bd3e4c@group-D606C9B72829->f02da163-2c1f-4de2-ab71-b915d7d0ae78-GrpcLogAppender: appendEntries Timeout, request=dd1d24cd-1df3-4428-bf67-9b7dc9bd3e4c->f02da163-2c1f-4de2-ab71-b915d7d0ae78#35-t5, previous=(t:5, i:10), leaderCommit=10, initializing? false, entries: <empty>
2019-10-21 04:29:58,132 [EventQueue-ContainerReportForContainerReportHandler] WARN  container.ContainerReportHandler (AbstractContainerReportHandler.java:updateContainerState(145)) - Container #1 is in OPEN state, but the datanode dd1d24cd-1df3-4428-bf67-9b7dc9bd3e4c{ip: 192.168.34.41, host: trunk-nightly-20191021-4s9dg-2799068384, networkLocation: /default-rack, certSerialId: null} reports an CLOSED replica.
2019-10-21 04:29:58,198 [BlockDeletingService#7] WARN  background.BlockDeletingService (BlockDeletingService.java:isDeletionAllowed(187)) - Close Container log Index 6 is not replicated across allthe servers in the pipeline d49b1818-47fb-49d2-b44c-d606c9b72829 as the min replicated index is 4. Deletion is not allowed in this container yet.
2019-10-21 04:29:58,198 [BlockDeletingService#2] WARN  background.BlockDeletingService (BlockDeletingService.java:isDeletionAllowed(187)) - Close Container log Index 6 is not replicated across allthe servers in the pipeline d49b1818-47fb-49d2-b44c-d606c9b72829 as the min replicated index is 4. Deletion is not allowed in this container yet.
2019-10-21 04:29:58,332 [EventQueue-ContainerReportForContainerReportHandler] WARN  container.ContainerReportHandler (AbstractContainerReportHandler.java:updateContainerState(145)) - Container #1 is in OPEN state, but the datanode 641380fb-ae96-4755-94e0-fd776bdc090f{ip: 192.168.34.41, host: trunk-nightly-20191021-4s9dg-2799068384, networkLocation: /default-rack, certSerialId: null} reports an CLOSED replica.
2019-10-21 04:29:58,433 [EventQueue-ContainerReportForContainerReportHandler] WARN  container.ContainerReportHandler (AbstractContainerReportHandler.java:updateContainerState(145)) - Container #1 is in OPEN state, but the datanode dd1d24cd-1df3-4428-bf67-9b7dc9bd3e4c{ip: 192.168.34.41, host: trunk-nightly-20191021-4s9dg-2799068384, networkLocation: /default-rack, certSerialId: null} reports an CLOSED replica.
2019-10-21 04:29:58,632 [EventQueue-ContainerReportForContainerReportHandler] WARN  container.ContainerReportHandler (AbstractContainerReportHandler.java:updateContainerState(145)) - Container #1 is in OPEN state, but the datanode 641380fb-ae96-4755-94e0-fd776bdc090f{ip: 192.168.34.41, host: trunk-nightly-20191021-4s9dg-2799068384, networkLocation: /default-rack, certSerialId: null} reports an CLOSED replica.
2019-10-21 04:29:58,833 [EventQueue-ContainerReportForContainerReportHandler] WARN  container.ContainerReportHandler (AbstractContainerReportHandler.java:updateContainerState(145)) - Container #1 is in OPEN state, but the datanode dd1d24cd-1df3-4428-bf67-9b7dc9bd3e4c{ip: 192.168.34.41, host: trunk-nightly-20191021-4s9dg-2799068384, networkLocation: /default-rack, certSerialId: null} reports an CLOSED replica.
2019-10-21 04:29:58,833 [EventQueue-ContainerReportForContainerReportHandler] WARN  container.ContainerReportHandler (AbstractContainerReportHandler.java:updateContainerState(145)) - Container #1 is in OPEN state, but the datanode 641380fb-ae96-4755-94e0-fd776bdc090f{ip: 192.168.34.41, host: trunk-nightly-20191021-4s9dg-2799068384, networkLocation: /default-rack, certSerialId: null} reports an CLOSED replica.
2019-10-21 04:29:59,133 [EventQueue-ContainerReportForContainerReportHandler] WARN  container.ContainerReportHandler (AbstractContainerReportHandler.java:updateContainerState(145)) - Container #1 is in OPEN state, but the datanode dd1d24cd-1df3-4428-bf67-9b7dc9bd3e4c{ip: 192.168.34.41, host: trunk-nightly-20191021-4s9dg-2799068384, networkLocation: /default-rack, certSerialId: null} reports an CLOSED replica.
2019-10-21 04:29:59,200 [BlockDeletingService#2] WARN  background.BlockDeletingService (BlockDeletingService.java:isDeletionAllowed(187)) - Close Container log Index 6 is not replicated across allthe servers in the pipeline d49b1818-47fb-49d2-b44c-d606c9b72829 as the min replicated index is 4. Deletion is not allowed in this container yet.
2019-10-21 04:29:59,200 [BlockDeletingService#7] WARN  background.BlockDeletingService (BlockDeletingService.java:isDeletionAllowed(187)) - Close Container log Index 6 is not replicated across allthe servers in the pipeline d49b1818-47fb-49d2-b44c-d606c9b72829 as the min replicated index is 4. Deletion is not allowed in this container yet.
2019-10-21 04:29:59,234 [EventQueue-ContainerReportForContainerReportHandler] WARN  container.ContainerReportHandler (AbstractContainerReportHandler.java:updateContainerState(145)) - Container #1 is in OPEN state, but the datanode 641380fb-ae96-4755-94e0-fd776bdc090f{ip: 192.168.34.41, host: trunk-nightly-20191021-4s9dg-2799068384, networkLocation: /default-rack, certSerialId: null} reports an CLOSED replica.
2019-10-21 04:29:59,434 [EventQueue-ContainerReportForContainerReportHandler] WARN  container.ContainerReportHandler (AbstractContainerReportHandler.java:updateContainerState(145)) - Container #1 is in OPEN state, but the datanode dd1d24cd-1df3-4428-bf67-9b7dc9bd3e4c{ip: 192.168.34.41, host: trunk-nightly-20191021-4s9dg-2799068384, networkLocation: /default-rack, certSerialId: null} reports an CLOSED replica.
2019-10-21 04:29:59,435 [EventQueue-ContainerReportForContainerReportHandler] WARN  container.ContainerReportHandler (AbstractContainerReportHandler.java:updateContainerState(145)) - Container #1 is in OPEN state, but the datanode 641380fb-ae96-4755-94e0-fd776bdc090f{ip: 192.168.34.41, host: trunk-nightly-20191021-4s9dg-2799068384, networkLocation: /default-rack, certSerialId: null} reports an CLOSED replica.
2019-10-21 04:29:59,734 [EventQueue-ContainerReportForContainerReportHandler] WARN  container.ContainerReportHandler (AbstractContainerReportHandler.java:updateContainerState(145)) - Container #1 is in OPEN state, but the datanode dd1d24cd-1df3-4428-bf67-9b7dc9bd3e4c{ip: 192.168.34.41, host: trunk-nightly-20191021-4s9dg-2799068384, networkLocation: /default-rack, certSerialId: null} reports an CLOSED replica.
2019-10-21 04:29:59,736 [EventQueue-ContainerReportForContainerReportHandler] WARN  container.ContainerReportHandler (AbstractContainerReportHandler.java:updateContainerState(145)) - Container #1 is in OPEN state, but the datanode 641380fb-ae96-4755-94e0-fd776bdc090f{ip: 192.168.34.41, host: trunk-nightly-20191021-4s9dg-2799068384, networkLocation: /default-rack, certSerialId: null} reports an CLOSED replica.
2019-10-21 04:30:00,035 [EventQueue-ContainerReportForContainerReportHandler] WARN  container.ContainerReportHandler (AbstractContainerReportHandler.java:updateContainerState(145)) - Container #1 is in OPEN state, but the datanode dd1d24cd-1df3-4428-bf67-9b7dc9bd3e4c{ip: 192.168.34.41, host: trunk-nightly-20191021-4s9dg-2799068384, networkLocation: /default-rack, certSerialId: null} reports an CLOSED replica.
2019-10-21 04:30:00,036 [EventQueue-ContainerReportForContainerReportHandler] WARN  container.ContainerReportHandler (AbstractContainerReportHandler.java:updateContainerState(145)) - Container #1 is in OPEN state, but the datanode 641380fb-ae96-4755-94e0-fd776bdc090f{ip: 192.168.34.41, host: trunk-nightly-20191021-4s9dg-2799068384, networkLocation: /default-rack, certSerialId: null} reports an CLOSED replica.
2019-10-21 04:30:00,202 [BlockDeletingService#2] WARN  background.BlockDeletingService (BlockDeletingService.java:isDeletionAllowed(187)) - Close Container log Index 6 is not replicated across allthe servers in the pipeline d49b1818-47fb-49d2-b44c-d606c9b72829 as the min replicated index is 4. Deletion is not allowed in this container yet.
2019-10-21 04:30:00,202 [BlockDeletingService#7] WARN  background.BlockDeletingService (BlockDeletingService.java:isDeletionAllowed(187)) - Close Container log Index 6 is not replicated across allthe servers in the pipeline d49b1818-47fb-49d2-b44c-d606c9b72829 as the min replicated index is 4. Deletion is not allowed in this container yet.
2019-10-21 04:30:00,335 [EventQueue-ContainerReportForContainerReportHandler] WARN  container.ContainerReportHandler (AbstractContainerReportHandler.java:updateContainerState(145)) - Container #1 is in OPEN state, but the datanode dd1d24cd-1df3-4428-bf67-9b7dc9bd3e4c{ip: 192.168.34.41, host: trunk-nightly-20191021-4s9dg-2799068384, networkLocation: /default-rack, certSerialId: null} reports an CLOSED replica.
2019-10-21 04:30:00,435 [EventQueue-ContainerReportForContainerReportHandler] WARN  container.ContainerReportHandler (AbstractContainerReportHandler.java:updateContainerState(145)) - Container #1 is in OPEN state, but the datanode 641380fb-ae96-4755-94e0-fd776bdc090f{ip: 192.168.34.41, host: trunk-nightly-20191021-4s9dg-2799068384, networkLocation: /default-rack, certSerialId: null} reports an CLOSED replica.
2019-10-21 04:30:00,551 [java.util.concurrent.ThreadPoolExecutor$Worker@4c939573[State = -1, empty queue]] WARN  server.GrpcLogAppender (GrpcLogAppender.java:timeoutAppendRequest(209)) - dd1d24cd-1df3-4428-bf67-9b7dc9bd3e4c@group-D606C9B72829->f02da163-2c1f-4de2-ab71-b915d7d0ae78-GrpcLogAppender: appendEntries Timeout, request=dd1d24cd-1df3-4428-bf67-9b7dc9bd3e4c->f02da163-2c1f-4de2-ab71-b915d7d0ae78#36-t5, previous=(t:5, i:10), leaderCommit=10, initializing? false, entries: <empty>
2019-10-21 04:30:00,635 [EventQueue-ContainerReportForContainerReportHandler] WARN  container.ContainerReportHandler (AbstractContainerReportHandler.java:updateContainerState(145)) - Container #1 is in OPEN state, but the datanode dd1d24cd-1df3-4428-bf67-9b7dc9bd3e4c{ip: 192.168.34.41, host: trunk-nightly-20191021-4s9dg-2799068384, networkLocation: /default-rack, certSerialId: null} reports an CLOSED replica.
2019-10-21 04:30:00,735 [EventQueue-ContainerReportForContainerReportHandler] WARN  container.ContainerReportHandler (AbstractContainerReportHandler.java:updateContainerState(145)) - Container #1 is in OPEN state, but the datanode 641380fb-ae96-4755-94e0-fd776bdc090f{ip: 192.168.34.41, host: trunk-nightly-20191021-4s9dg-2799068384, networkLocation: /default-rack, certSerialId: null} reports an CLOSED replica.
2019-10-21 04:30:01,036 [EventQueue-ContainerReportForContainerReportHandler] WARN  container.ContainerReportHandler (AbstractContainerReportHandler.java:updateContainerState(145)) - Container #1 is in OPEN state, but the datanode 641380fb-ae96-4755-94e0-fd776bdc090f{ip: 192.168.34.41, host: trunk-nightly-20191021-4s9dg-2799068384, networkLocation: /default-rack, certSerialId: null} reports an CLOSED replica.
2019-10-21 04:30:01,036 [EventQueue-ContainerReportForContainerReportHandler] WARN  container.ContainerReportHandler (AbstractContainerReportHandler.java:updateContainerState(145)) - Container #1 is in OPEN state, but the datanode dd1d24cd-1df3-4428-bf67-9b7dc9bd3e4c{ip: 192.168.34.41, host: trunk-nightly-20191021-4s9dg-2799068384, networkLocation: /default-rack, certSerialId: null} reports an CLOSED replica.
2019-10-21 04:30:01,205 [BlockDeletingService#2] WARN  background.BlockDeletingService (BlockDeletingService.java:isDeletionAllowed(187)) - Close Container log Index 6 is not replicated across allthe servers in the pipeline d49b1818-47fb-49d2-b44c-d606c9b72829 as the min replicated index is 4. Deletion is not allowed in this container yet.
2019-10-21 04:30:01,205 [BlockDeletingService#7] WARN  background.BlockDeletingService (BlockDeletingService.java:isDeletionAllowed(187)) - Close Container log Index 6 is not replicated across allthe servers in the pipeline d49b1818-47fb-49d2-b44c-d606c9b72829 as the min replicated index is 4. Deletion is not allowed in this container yet.
2019-10-21 04:30:01,236 [EventQueue-ContainerReportForContainerReportHandler] WARN  container.ContainerReportHandler (AbstractContainerReportHandler.java:updateContainerState(145)) - Container #1 is in OPEN state, but the datanode dd1d24cd-1df3-4428-bf67-9b7dc9bd3e4c{ip: 192.168.34.41, host: trunk-nightly-20191021-4s9dg-2799068384, networkLocation: /default-rack, certSerialId: null} reports an CLOSED replica.
2019-10-21 04:30:01,237 [EventQueue-ContainerReportForContainerReportHandler] WARN  container.ContainerReportHandler (AbstractContainerReportHandler.java:updateContainerState(145)) - Container #1 is in OPEN state, but the datanode 641380fb-ae96-4755-94e0-fd776bdc090f{ip: 192.168.34.41, host: trunk-nightly-20191021-4s9dg-2799068384, networkLocation: /default-rack, certSerialId: null} reports an CLOSED replica.
2019-10-21 04:30:01,437 [EventQueue-ContainerReportForContainerReportHandler] WARN  container.ContainerReportHandler (AbstractContainerReportHandler.java:updateContainerState(145)) - Container #1 is in OPEN state, but the datanode dd1d24cd-1df3-4428-bf67-9b7dc9bd3e4c{ip: 192.168.34.41, host: trunk-nightly-20191021-4s9dg-2799068384, networkLocation: /default-rack, certSerialId: null} reports an CLOSED replica.
2019-10-21 04:30:01,537 [EventQueue-ContainerReportForContainerReportHandler] WARN  container.ContainerReportHandler (AbstractContainerReportHandler.java:updateContainerState(145)) - Container #1 is in OPEN state, but the datanode 641380fb-ae96-4755-94e0-fd776bdc090f{ip: 192.168.34.41, host: trunk-nightly-20191021-4s9dg-2799068384, networkLocation: /default-rack, certSerialId: null} reports an CLOSED replica.
2019-10-21 04:30:01,737 [EventQueue-ContainerReportForContainerReportHandler] WARN  container.ContainerReportHandler (AbstractContainerReportHandler.java:updateContainerState(145)) - Container #1 is in OPEN state, but the datanode 641380fb-ae96-4755-94e0-fd776bdc090f{ip: 192.168.34.41, host: trunk-nightly-20191021-4s9dg-2799068384, networkLocation: /default-rack, certSerialId: null} reports an CLOSED replica.
2019-10-21 04:30:01,837 [EventQueue-ContainerReportForContainerReportHandler] WARN  container.ContainerReportHandler (AbstractContainerReportHandler.java:updateContainerState(145)) - Container #1 is in OPEN state, but the datanode dd1d24cd-1df3-4428-bf67-9b7dc9bd3e4c{ip: 192.168.34.41, host: trunk-nightly-20191021-4s9dg-2799068384, networkLocation: /default-rack, certSerialId: null} reports an CLOSED replica.
2019-10-21 04:30:01,937 [EventQueue-ContainerReportForContainerReportHandler] WARN  container.ContainerReportHandler (AbstractContainerReportHandler.java:updateContainerState(145)) - Container #1 is in OPEN state, but the datanode 641380fb-ae96-4755-94e0-fd776bdc090f{ip: 192.168.34.41, host: trunk-nightly-20191021-4s9dg-2799068384, networkLocation: /default-rack, certSerialId: null} reports an CLOSED replica.
2019-10-21 04:30:02,138 [EventQueue-ContainerReportForContainerReportHandler] WARN  container.ContainerReportHandler (AbstractContainerReportHandler.java:updateContainerState(145)) - Container #1 is in OPEN state, but the datanode dd1d24cd-1df3-4428-bf67-9b7dc9bd3e4c{ip: 192.168.34.41, host: trunk-nightly-20191021-4s9dg-2799068384, networkLocation: /default-rack, certSerialId: null} reports an CLOSED replica.
2019-10-21 04:30:02,207 [BlockDeletingService#2] WARN  background.BlockDeletingService (BlockDeletingService.java:isDeletionAllowed(187)) - Close Container log Index 6 is not replicated across allthe servers in the pipeline d49b1818-47fb-49d2-b44c-d606c9b72829 as the min replicated index is 4. Deletion is not allowed in this container yet.
2019-10-21 04:30:02,207 [BlockDeletingService#7] WARN  background.BlockDeletingService (BlockDeletingService.java:isDeletionAllowed(187)) - Close Container log Index 6 is not replicated across allthe servers in the pipeline d49b1818-47fb-49d2-b44c-d606c9b72829 as the min replicated index is 4. Deletion is not allowed in this container yet.
2019-10-21 04:30:02,337 [EventQueue-ContainerReportForContainerReportHandler] WARN  container.ContainerReportHandler (AbstractContainerReportHandler.java:updateContainerState(145)) - Container #1 is in OPEN state, but the datanode 641380fb-ae96-4755-94e0-fd776bdc090f{ip: 192.168.34.41, host: trunk-nightly-20191021-4s9dg-2799068384, networkLocation: /default-rack, certSerialId: null} reports an CLOSED replica.
2019-10-21 04:30:02,438 [EventQueue-ContainerReportForContainerReportHandler] WARN  container.ContainerReportHandler (AbstractContainerReportHandler.java:updateContainerState(145)) - Container #1 is in OPEN state, but the datanode dd1d24cd-1df3-4428-bf67-9b7dc9bd3e4c{ip: 192.168.34.41, host: trunk-nightly-20191021-4s9dg-2799068384, networkLocation: /default-rack, certSerialId: null} reports an CLOSED replica.
2019-10-21 04:30:02,740 [EventQueue-ContainerReportForContainerReportHandler] WARN  container.ContainerReportHandler (AbstractContainerReportHandler.java:updateContainerState(145)) - Container #1 is in OPEN state, but the datanode dd1d24cd-1df3-4428-bf67-9b7dc9bd3e4c{ip: 192.168.34.41, host: trunk-nightly-20191021-4s9dg-2799068384, networkLocation: /default-rack, certSerialId: null} reports an CLOSED replica.
2019-10-21 04:30:02,741 [EventQueue-ContainerReportForContainerReportHandler] WARN  container.ContainerReportHandler (AbstractContainerReportHandler.java:updateContainerState(145)) - Container #1 is in OPEN state, but the datanode 641380fb-ae96-4755-94e0-fd776bdc090f{ip: 192.168.34.41, host: trunk-nightly-20191021-4s9dg-2799068384, networkLocation: /default-rack, certSerialId: null} reports an CLOSED replica.
2019-10-21 04:30:03,039 [EventQueue-ContainerReportForContainerReportHandler] WARN  container.ContainerReportHandler (AbstractContainerReportHandler.java:updateContainerState(145)) - Container #1 is in OPEN state, but the datanode 641380fb-ae96-4755-94e0-fd776bdc090f{ip: 192.168.34.41, host: trunk-nightly-20191021-4s9dg-2799068384, networkLocation: /default-rack, certSerialId: null} reports an CLOSED replica.
2019-10-21 04:30:03,039 [EventQueue-ContainerReportForContainerReportHandler] WARN  container.ContainerReportHandler (AbstractContainerReportHandler.java:updateContainerState(145)) - Container #1 is in OPEN state, but the datanode dd1d24cd-1df3-4428-bf67-9b7dc9bd3e4c{ip: 192.168.34.41, host: trunk-nightly-20191021-4s9dg-2799068384, networkLocation: /default-rack, certSerialId: null} reports an CLOSED replica.
2019-10-21 04:30:03,053 [java.util.concurrent.ThreadPoolExecutor$Worker@4c939573[State = -1, empty queue]] WARN  server.GrpcLogAppender (GrpcLogAppender.java:timeoutAppendRequest(209)) - dd1d24cd-1df3-4428-bf67-9b7dc9bd3e4c@group-D606C9B72829->f02da163-2c1f-4de2-ab71-b915d7d0ae78-GrpcLogAppender: appendEntries Timeout, request=dd1d24cd-1df3-4428-bf67-9b7dc9bd3e4c->f02da163-2c1f-4de2-ab71-b915d7d0ae78#37-t5, previous=(t:5, i:10), leaderCommit=10, initializing? false, entries: <empty>
2019-10-21 04:30:03,209 [BlockDeletingService#7] WARN  background.BlockDeletingService (BlockDeletingService.java:isDeletionAllowed(187)) - Close Container log Index 6 is not replicated across allthe servers in the pipeline d49b1818-47fb-49d2-b44c-d606c9b72829 as the min replicated index is 4. Deletion is not allowed in this container yet.
2019-10-21 04:30:03,209 [BlockDeletingService#2] WARN  background.BlockDeletingService (BlockDeletingService.java:isDeletionAllowed(187)) - Close Container log Index 6 is not replicated across allthe servers in the pipeline d49b1818-47fb-49d2-b44c-d606c9b72829 as the min replicated index is 4. Deletion is not allowed in this container yet.
2019-10-21 04:30:03,239 [EventQueue-ContainerReportForContainerReportHandler] WARN  container.ContainerReportHandler (AbstractContainerReportHandler.java:updateContainerState(145)) - Container #1 is in OPEN state, but the datanode dd1d24cd-1df3-4428-bf67-9b7dc9bd3e4c{ip: 192.168.34.41, host: trunk-nightly-20191021-4s9dg-2799068384, networkLocation: /default-rack, certSerialId: null} reports an CLOSED replica.
2019-10-21 04:30:03,438 [EventQueue-ContainerReportForContainerReportHandler] WARN  container.ContainerReportHandler (AbstractContainerReportHandler.java:updateContainerState(145)) - Container #1 is in OPEN state, but the datanode 641380fb-ae96-4755-94e0-fd776bdc090f{ip: 192.168.34.41, host: trunk-nightly-20191021-4s9dg-2799068384, networkLocation: /default-rack, certSerialId: null} reports an CLOSED replica.
2019-10-21 04:30:03,538 [EventQueue-ContainerReportForContainerReportHandler] WARN  container.ContainerReportHandler (AbstractContainerReportHandler.java:updateContainerState(145)) - Container #1 is in OPEN state, but the datanode dd1d24cd-1df3-4428-bf67-9b7dc9bd3e4c{ip: 192.168.34.41, host: trunk-nightly-20191021-4s9dg-2799068384, networkLocation: /default-rack, certSerialId: null} reports an CLOSED replica.
2019-10-21 04:30:03,638 [EventQueue-ContainerReportForContainerReportHandler] WARN  container.ContainerReportHandler (AbstractContainerReportHandler.java:updateContainerState(145)) - Container #1 is in OPEN state, but the datanode 641380fb-ae96-4755-94e0-fd776bdc090f{ip: 192.168.34.41, host: trunk-nightly-20191021-4s9dg-2799068384, networkLocation: /default-rack, certSerialId: null} reports an CLOSED replica.
2019-10-21 04:30:03,738 [EventQueue-ContainerReportForContainerReportHandler] WARN  container.ContainerReportHandler (AbstractContainerReportHandler.java:updateContainerState(145)) - Container #1 is in OPEN state, but the datanode dd1d24cd-1df3-4428-bf67-9b7dc9bd3e4c{ip: 192.168.34.41, host: trunk-nightly-20191021-4s9dg-2799068384, networkLocation: /default-rack, certSerialId: null} reports an CLOSED replica.
2019-10-21 04:30:04,039 [EventQueue-ContainerReportForContainerReportHandler] WARN  container.ContainerReportHandler (AbstractContainerReportHandler.java:updateContainerState(145)) - Container #1 is in OPEN state, but the datanode dd1d24cd-1df3-4428-bf67-9b7dc9bd3e4c{ip: 192.168.34.41, host: trunk-nightly-20191021-4s9dg-2799068384, networkLocation: /default-rack, certSerialId: null} reports an CLOSED replica.
2019-10-21 04:30:04,040 [EventQueue-ContainerReportForContainerReportHandler] WARN  container.ContainerReportHandler (AbstractContainerReportHandler.java:updateContainerState(145)) - Container #1 is in OPEN state, but the datanode 641380fb-ae96-4755-94e0-fd776bdc090f{ip: 192.168.34.41, host: trunk-nightly-20191021-4s9dg-2799068384, networkLocation: /default-rack, certSerialId: null} reports an CLOSED replica.
2019-10-21 04:30:04,216 [BlockDeletingService#2] WARN  background.BlockDeletingService (BlockDeletingService.java:isDeletionAllowed(187)) - Close Container log Index 6 is not replicated across allthe servers in the pipeline d49b1818-47fb-49d2-b44c-d606c9b72829 as the min replicated index is 4. Deletion is not allowed in this container yet.
2019-10-21 04:30:04,218 [BlockDeletingService#7] WARN  background.BlockDeletingService (BlockDeletingService.java:isDeletionAllowed(187)) - Close Container log Index 6 is not replicated across allthe servers in the pipeline d49b1818-47fb-49d2-b44c-d606c9b72829 as the min replicated index is 4. Deletion is not allowed in this container yet.
2019-10-21 04:30:04,439 [EventQueue-ContainerReportForContainerReportHandler] WARN  container.ContainerReportHandler (AbstractContainerReportHandler.java:updateContainerState(145)) - Container #1 is in OPEN state, but the datanode dd1d24cd-1df3-4428-bf67-9b7dc9bd3e4c{ip: 192.168.34.41, host: trunk-nightly-20191021-4s9dg-2799068384, networkLocation: /default-rack, certSerialId: null} reports an CLOSED replica.
2019-10-21 04:30:04,440 [EventQueue-ContainerReportForContainerReportHandler] WARN  container.ContainerReportHandler (AbstractContainerReportHandler.java:updateContainerState(145)) - Container #1 is in OPEN state, but the datanode 641380fb-ae96-4755-94e0-fd776bdc090f{ip: 192.168.34.41, host: trunk-nightly-20191021-4s9dg-2799068384, networkLocation: /default-rack, certSerialId: null} reports an CLOSED replica.
2019-10-21 04:30:04,639 [EventQueue-ContainerReportForContainerReportHandler] WARN  container.ContainerReportHandler (AbstractContainerReportHandler.java:updateContainerState(145)) - Container #1 is in OPEN state, but the datanode dd1d24cd-1df3-4428-bf67-9b7dc9bd3e4c{ip: 192.168.34.41, host: trunk-nightly-20191021-4s9dg-2799068384, networkLocation: /default-rack, certSerialId: null} reports an CLOSED replica.
2019-10-21 04:30:04,740 [EventQueue-ContainerReportForContainerReportHandler] WARN  container.ContainerReportHandler (AbstractContainerReportHandler.java:updateContainerState(145)) - Container #1 is in OPEN state, but the datanode 641380fb-ae96-4755-94e0-fd776bdc090f{ip: 192.168.34.41, host: trunk-nightly-20191021-4s9dg-2799068384, networkLocation: /default-rack, certSerialId: null} reports an CLOSED replica.
2019-10-21 04:30:04,939 [EventQueue-ContainerReportForContainerReportHandler] WARN  container.ContainerReportHandler (AbstractContainerReportHandler.java:updateContainerState(145)) - Container #1 is in OPEN state, but the datanode dd1d24cd-1df3-4428-bf67-9b7dc9bd3e4c{ip: 192.168.34.41, host: trunk-nightly-20191021-4s9dg-2799068384, networkLocation: /default-rack, certSerialId: null} reports an CLOSED replica.
2019-10-21 04:30:05,039 [EventQueue-ContainerReportForContainerReportHandler] WARN  container.ContainerReportHandler (AbstractContainerReportHandler.java:updateContainerState(145)) - Container #1 is in OPEN state, but the datanode 641380fb-ae96-4755-94e0-fd776bdc090f{ip: 192.168.34.41, host: trunk-nightly-20191021-4s9dg-2799068384, networkLocation: /default-rack, certSerialId: null} reports an CLOSED replica.
2019-10-21 04:30:05,219 [BlockDeletingService#2] WARN  background.BlockDeletingService (BlockDeletingService.java:isDeletionAllowed(187)) - Close Container log Index 6 is not replicated across allthe servers in the pipeline d49b1818-47fb-49d2-b44c-d606c9b72829 as the min replicated index is 4. Deletion is not allowed in this container yet.
2019-10-21 04:30:05,221 [BlockDeletingService#7] WARN  background.BlockDeletingService (BlockDeletingService.java:isDeletionAllowed(187)) - Close Container log Index 6 is not replicated across allthe servers in the pipeline d49b1818-47fb-49d2-b44c-d606c9b72829 as the min replicated index is 4. Deletion is not allowed in this container yet.
2019-10-21 04:30:05,225 [Thread-451] INFO  client.GrpcClientProtocolService (GrpcClientProtocolService.java:lambda$processClientRequest$0(278)) - Failed RaftClientRequest:client-A60227926EB5->641380fb-ae96-4755-94e0-fd776bdc090f@group-D606C9B72829, cid=10, seq=0, Watch-ALL_COMMITTED(6), Message:<EMPTY>, reply=RaftClientReply:client-A60227926EB5->641380fb-ae96-4755-94e0-fd776bdc090f@group-D606C9B72829, cid=10, FAILED org.apache.ratis.protocol.NotLeaderException: Server 641380fb-ae96-4755-94e0-fd776bdc090f@group-D606C9B72829 is not the leader dd1d24cd-1df3-4428-bf67-9b7dc9bd3e4c:192.168.34.41:45185, logIndex=0, commits[641380fb-ae96-4755-94e0-fd776bdc090f:c10, f02da163-2c1f-4de2-ab71-b915d7d0ae78:c4, dd1d24cd-1df3-4428-bf67-9b7dc9bd3e4c:c10]
2019-10-21 04:30:05,246 [EventQueue-ContainerReportForContainerReportHandler] WARN  container.ContainerReportHandler (AbstractContainerReportHandler.java:updateContainerState(145)) - Container #1 is in OPEN state, but the datanode 641380fb-ae96-4755-94e0-fd776bdc090f{ip: 192.168.34.41, host: trunk-nightly-20191021-4s9dg-2799068384, networkLocation: /default-rack, certSerialId: null} reports an CLOSED replica.
2019-10-21 04:30:05,247 [EventQueue-ContainerReportForContainerReportHandler] WARN  container.ContainerReportHandler (AbstractContainerReportHandler.java:updateContainerState(145)) - Container #1 is in OPEN state, but the datanode dd1d24cd-1df3-4428-bf67-9b7dc9bd3e4c{ip: 192.168.34.41, host: trunk-nightly-20191021-4s9dg-2799068384, networkLocation: /default-rack, certSerialId: null} reports an CLOSED replica.
2019-10-21 04:30:05,544 [EventQueue-ContainerReportForContainerReportHandler] WARN  container.ContainerReportHandler (AbstractContainerReportHandler.java:updateContainerState(145)) - Container #1 is in OPEN state, but the datanode 641380fb-ae96-4755-94e0-fd776bdc090f{ip: 192.168.34.41, host: trunk-nightly-20191021-4s9dg-2799068384, networkLocation: /default-rack, certSerialId: null} reports an CLOSED replica.
2019-10-21 04:30:05,545 [EventQueue-ContainerReportForContainerReportHandler] WARN  container.ContainerReportHandler (AbstractContainerReportHandler.java:updateContainerState(145)) - Container #1 is in OPEN state, but the datanode dd1d24cd-1df3-4428-bf67-9b7dc9bd3e4c{ip: 192.168.34.41, host: trunk-nightly-20191021-4s9dg-2799068384, networkLocation: /default-rack, certSerialId: null} reports an CLOSED replica.
2019-10-21 04:30:05,555 [java.util.concurrent.ThreadPoolExecutor$Worker@4c939573[State = -1, empty queue]] WARN  server.GrpcLogAppender (GrpcLogAppender.java:timeoutAppendRequest(209)) - dd1d24cd-1df3-4428-bf67-9b7dc9bd3e4c@group-D606C9B72829->f02da163-2c1f-4de2-ab71-b915d7d0ae78-GrpcLogAppender: appendEntries Timeout, request=dd1d24cd-1df3-4428-bf67-9b7dc9bd3e4c->f02da163-2c1f-4de2-ab71-b915d7d0ae78#38-t5, previous=(t:5, i:10), leaderCommit=10, initializing? false, entries: <empty>
2019-10-21 04:30:05,744 [EventQueue-ContainerReportForContainerReportHandler] WARN  container.ContainerReportHandler (AbstractContainerReportHandler.java:updateContainerState(145)) - Container #1 is in OPEN state, but the datanode dd1d24cd-1df3-4428-bf67-9b7dc9bd3e4c{ip: 192.168.34.41, host: trunk-nightly-20191021-4s9dg-2799068384, networkLocation: /default-rack, certSerialId: null} reports an CLOSED replica.
2019-10-21 04:30:05,844 [EventQueue-ContainerReportForContainerReportHandler] WARN  container.ContainerReportHandler (AbstractContainerReportHandler.java:updateContainerState(145)) - Container #1 is in OPEN state, but the datanode 641380fb-ae96-4755-94e0-fd776bdc090f{ip: 192.168.34.41, host: trunk-nightly-20191021-4s9dg-2799068384, networkLocation: /default-rack, certSerialId: null} reports an CLOSED replica.
2019-10-21 04:30:06,046 [EventQueue-ContainerReportForContainerReportHandler] WARN  container.ContainerReportHandler (AbstractContainerReportHandler.java:updateContainerState(145)) - Container #1 is in OPEN state, but the datanode dd1d24cd-1df3-4428-bf67-9b7dc9bd3e4c{ip: 192.168.34.41, host: trunk-nightly-20191021-4s9dg-2799068384, networkLocation: /default-rack, certSerialId: null} reports an CLOSED replica.
2019-10-21 04:30:06,146 [EventQueue-ContainerReportForContainerReportHandler] WARN  container.ContainerReportHandler (AbstractContainerReportHandler.java:updateContainerState(145)) - Container #1 is in OPEN state, but the datanode 641380fb-ae96-4755-94e0-fd776bdc090f{ip: 192.168.34.41, host: trunk-nightly-20191021-4s9dg-2799068384, networkLocation: /default-rack, certSerialId: null} reports an CLOSED replica.
2019-10-21 04:30:06,222 [BlockDeletingService#2] WARN  background.BlockDeletingService (BlockDeletingService.java:isDeletionAllowed(187)) - Close Container log Index 6 is not replicated across allthe servers in the pipeline d49b1818-47fb-49d2-b44c-d606c9b72829 as the min replicated index is 4. Deletion is not allowed in this container yet.
2019-10-21 04:30:06,223 [BlockDeletingService#7] WARN  background.BlockDeletingService (BlockDeletingService.java:isDeletionAllowed(187)) - Close Container log Index 6 is not replicated across allthe servers in the pipeline d49b1818-47fb-49d2-b44c-d606c9b72829 as the min replicated index is 4. Deletion is not allowed in this container yet.
2019-10-21 04:30:06,346 [EventQueue-ContainerReportForContainerReportHandler] WARN  container.ContainerReportHandler (AbstractContainerReportHandler.java:updateContainerState(145)) - Container #1 is in OPEN state, but the datanode dd1d24cd-1df3-4428-bf67-9b7dc9bd3e4c{ip: 192.168.34.41, host: trunk-nightly-20191021-4s9dg-2799068384, networkLocation: /default-rack, certSerialId: null} reports an CLOSED replica.
2019-10-21 04:30:06,548 [EventQueue-ContainerReportForContainerReportHandler] WARN  container.ContainerReportHandler (AbstractContainerReportHandler.java:updateContainerState(145)) - Container #1 is in OPEN state, but the datanode 641380fb-ae96-4755-94e0-fd776bdc090f{ip: 192.168.34.41, host: trunk-nightly-20191021-4s9dg-2799068384, networkLocation: /default-rack, certSerialId: null} reports an CLOSED replica.
2019-10-21 04:30:06,649 [EventQueue-ContainerReportForContainerReportHandler] WARN  container.ContainerReportHandler (AbstractContainerReportHandler.java:updateContainerState(145)) - Container #1 is in OPEN state, but the datanode dd1d24cd-1df3-4428-bf67-9b7dc9bd3e4c{ip: 192.168.34.41, host: trunk-nightly-20191021-4s9dg-2799068384, networkLocation: /default-rack, certSerialId: null} reports an CLOSED replica.
2019-10-21 04:30:06,756 [Thread-456] INFO  client.GrpcClientProtocolService (GrpcClientProtocolService.java:lambda$processClientRequest$0(278)) - Failed RaftClientRequest:client-A60227926EB5->dd1d24cd-1df3-4428-bf67-9b7dc9bd3e4c@group-D606C9B72829, cid=10, seq=0, Watch-ALL_COMMITTED(6), Message:<EMPTY>, reply=RaftClientReply:client-A60227926EB5->dd1d24cd-1df3-4428-bf67-9b7dc9bd3e4c@group-D606C9B72829, cid=10, FAILED org.apache.ratis.protocol.NotReplicatedException: Request with call Id 10 and log index 6 is not yet replicated to ALL_COMMITTED, logIndex=6, commits[dd1d24cd-1df3-4428-bf67-9b7dc9bd3e4c:c10, 641380fb-ae96-4755-94e0-fd776bdc090f:c10, f02da163-2c1f-4de2-ab71-b915d7d0ae78:c4]
2019-10-21 04:30:06,849 [EventQueue-ContainerReportForContainerReportHandler] WARN  container.ContainerReportHandler (AbstractContainerReportHandler.java:updateContainerState(145)) - Container #1 is in OPEN state, but the datanode 641380fb-ae96-4755-94e0-fd776bdc090f{ip: 192.168.34.41, host: trunk-nightly-20191021-4s9dg-2799068384, networkLocation: /default-rack, certSerialId: null} reports an CLOSED replica.
2019-10-21 04:30:06,949 [EventQueue-ContainerReportForContainerReportHandler] WARN  container.ContainerReportHandler (AbstractContainerReportHandler.java:updateContainerState(145)) - Container #1 is in OPEN state, but the datanode dd1d24cd-1df3-4428-bf67-9b7dc9bd3e4c{ip: 192.168.34.41, host: trunk-nightly-20191021-4s9dg-2799068384, networkLocation: /default-rack, certSerialId: null} reports an CLOSED replica.
2019-10-21 04:30:07,224 [BlockDeletingService#2] WARN  background.BlockDeletingService (BlockDeletingService.java:isDeletionAllowed(187)) - Close Container log Index 6 is not replicated across allthe servers in the pipeline d49b1818-47fb-49d2-b44c-d606c9b72829 as the min replicated index is 4. Deletion is not allowed in this container yet.
2019-10-21 04:30:07,225 [BlockDeletingService#7] WARN  background.BlockDeletingService (BlockDeletingService.java:isDeletionAllowed(187)) - Close Container log Index 6 is not replicated across allthe servers in the pipeline d49b1818-47fb-49d2-b44c-d606c9b72829 as the min replicated index is 4. Deletion is not allowed in this container yet.
2019-10-21 04:30:07,249 [EventQueue-ContainerReportForContainerReportHandler] WARN  container.ContainerReportHandler (AbstractContainerReportHandler.java:updateContainerState(145)) - Container #1 is in OPEN state, but the datanode dd1d24cd-1df3-4428-bf67-9b7dc9bd3e4c{ip: 192.168.34.41, host: trunk-nightly-20191021-4s9dg-2799068384, networkLocation: /default-rack, certSerialId: null} reports an CLOSED replica.
2019-10-21 04:30:07,250 [EventQueue-ContainerReportForContainerReportHandler] WARN  container.ContainerReportHandler (AbstractContainerReportHandler.java:updateContainerState(145)) - Container #1 is in OPEN state, but the datanode 641380fb-ae96-4755-94e0-fd776bdc090f{ip: 192.168.34.41, host: trunk-nightly-20191021-4s9dg-2799068384, networkLocation: /default-rack, certSerialId: null} reports an CLOSED replica.
2019-10-21 04:30:07,449 [EventQueue-ContainerReportForContainerReportHandler] WARN  container.ContainerReportHandler (AbstractContainerReportHandler.java:updateContainerState(145)) - Container #1 is in OPEN state, but the datanode 641380fb-ae96-4755-94e0-fd776bdc090f{ip: 192.168.34.41, host: trunk-nightly-20191021-4s9dg-2799068384, networkLocation: /default-rack, certSerialId: null} reports an CLOSED replica.
2019-10-21 04:30:07,649 [EventQueue-ContainerReportForContainerReportHandler] WARN  container.ContainerReportHandler (AbstractContainerReportHandler.java:updateContainerState(145)) - Container #1 is in OPEN state, but the datanode 641380fb-ae96-4755-94e0-fd776bdc090f{ip: 192.168.34.41, host: trunk-nightly-20191021-4s9dg-2799068384, networkLocation: /default-rack, certSerialId: null} reports an CLOSED replica.
2019-10-21 04:30:07,650 [EventQueue-ContainerReportForContainerReportHandler] WARN  container.ContainerReportHandler (AbstractContainerReportHandler.java:updateContainerState(145)) - Container #1 is in OPEN state, but the datanode dd1d24cd-1df3-4428-bf67-9b7dc9bd3e4c{ip: 192.168.34.41, host: trunk-nightly-20191021-4s9dg-2799068384, networkLocation: /default-rack, certSerialId: null} reports an CLOSED replica.
2019-10-21 04:30:07,849 [EventQueue-ContainerReportForContainerReportHandler] WARN  container.ContainerReportHandler (AbstractContainerReportHandler.java:updateContainerState(145)) - Container #1 is in OPEN state, but the datanode dd1d24cd-1df3-4428-bf67-9b7dc9bd3e4c{ip: 192.168.34.41, host: trunk-nightly-20191021-4s9dg-2799068384, networkLocation: /default-rack, certSerialId: null} reports an CLOSED replica.
2019-10-21 04:30:07,950 [EventQueue-ContainerReportForContainerReportHandler] WARN  container.ContainerReportHandler (AbstractContainerReportHandler.java:updateContainerState(145)) - Container #1 is in OPEN state, but the datanode 641380fb-ae96-4755-94e0-fd776bdc090f{ip: 192.168.34.41, host: trunk-nightly-20191021-4s9dg-2799068384, networkLocation: /default-rack, certSerialId: null} reports an CLOSED replica.
2019-10-21 04:30:08,056 [java.util.concurrent.ThreadPoolExecutor$Worker@4c939573[State = -1, empty queue]] WARN  server.GrpcLogAppender (GrpcLogAppender.java:timeoutAppendRequest(209)) - dd1d24cd-1df3-4428-bf67-9b7dc9bd3e4c@group-D606C9B72829->f02da163-2c1f-4de2-ab71-b915d7d0ae78-GrpcLogAppender: appendEntries Timeout, request=dd1d24cd-1df3-4428-bf67-9b7dc9bd3e4c->f02da163-2c1f-4de2-ab71-b915d7d0ae78#39-t5, previous=(t:5, i:10), leaderCommit=10, initializing? false, entries: <empty>
2019-10-21 04:30:08,151 [EventQueue-ContainerReportForContainerReportHandler] WARN  container.ContainerReportHandler (AbstractContainerReportHandler.java:updateContainerState(145)) - Container #1 is in OPEN state, but the datanode dd1d24cd-1df3-4428-bf67-9b7dc9bd3e4c{ip: 192.168.34.41, host: trunk-nightly-20191021-4s9dg-2799068384, networkLocation: /default-rack, certSerialId: null} reports an CLOSED replica.
2019-10-21 04:30:08,228 [BlockDeletingService#2] WARN  background.BlockDeletingService (BlockDeletingService.java:isDeletionAllowed(187)) - Close Container log Index 6 is not replicated across allthe servers in the pipeline d49b1818-47fb-49d2-b44c-d606c9b72829 as the min replicated index is 4. Deletion is not allowed in this container yet.
2019-10-21 04:30:08,228 [BlockDeletingService#7] WARN  background.BlockDeletingService (BlockDeletingService.java:isDeletionAllowed(187)) - Close Container log Index 6 is not replicated across allthe servers in the pipeline d49b1818-47fb-49d2-b44c-d606c9b72829 as the min replicated index is 4. Deletion is not allowed in this container yet.
2019-10-21 04:30:08,251 [EventQueue-ContainerReportForContainerReportHandler] WARN  container.ContainerReportHandler (AbstractContainerReportHandler.java:updateContainerState(145)) - Container #1 is in OPEN state, but the datanode 641380fb-ae96-4755-94e0-fd776bdc090f{ip: 192.168.34.41, host: trunk-nightly-20191021-4s9dg-2799068384, networkLocation: /default-rack, certSerialId: null} reports an CLOSED replica.
2019-10-21 04:30:08,451 [EventQueue-ContainerReportForContainerReportHandler] WARN  container.ContainerReportHandler (AbstractContainerReportHandler.java:updateContainerState(145)) - Container #1 is in OPEN state, but the datanode dd1d24cd-1df3-4428-bf67-9b7dc9bd3e4c{ip: 192.168.34.41, host: trunk-nightly-20191021-4s9dg-2799068384, networkLocation: /default-rack, certSerialId: null} reports an CLOSED replica.
2019-10-21 04:30:08,552 [EventQueue-ContainerReportForContainerReportHandler] WARN  container.ContainerReportHandler (AbstractContainerReportHandler.java:updateContainerState(145)) - Container #1 is in OPEN state, but the datanode 641380fb-ae96-4755-94e0-fd776bdc090f{ip: 192.168.34.41, host: trunk-nightly-20191021-4s9dg-2799068384, networkLocation: /default-rack, certSerialId: null} reports an CLOSED replica.
2019-10-21 04:30:08,751 [EventQueue-ContainerReportForContainerReportHandler] WARN  container.ContainerReportHandler (AbstractContainerReportHandler.java:updateContainerState(145)) - Container #1 is in OPEN state, but the datanode 641380fb-ae96-4755-94e0-fd776bdc090f{ip: 192.168.34.41, host: trunk-nightly-20191021-4s9dg-2799068384, networkLocation: /default-rack, certSerialId: null} reports an CLOSED replica.
2019-10-21 04:30:08,851 [EventQueue-ContainerReportForContainerReportHandler] WARN  container.ContainerReportHandler (AbstractContainerReportHandler.java:updateContainerState(145)) - Container #1 is in OPEN state, but the datanode dd1d24cd-1df3-4428-bf67-9b7dc9bd3e4c{ip: 192.168.34.41, host: trunk-nightly-20191021-4s9dg-2799068384, networkLocation: /default-rack, certSerialId: null} reports an CLOSED replica.
2019-10-21 04:30:09,152 [EventQueue-ContainerReportForContainerReportHandler] WARN  container.ContainerReportHandler (AbstractContainerReportHandler.java:updateContainerState(145)) - Container #1 is in OPEN state, but the datanode dd1d24cd-1df3-4428-bf67-9b7dc9bd3e4c{ip: 192.168.34.41, host: trunk-nightly-20191021-4s9dg-2799068384, networkLocation: /default-rack, certSerialId: null} reports an CLOSED replica.
2019-10-21 04:30:09,152 [EventQueue-ContainerReportForContainerReportHandler] WARN  container.ContainerReportHandler (AbstractContainerReportHandler.java:updateContainerState(145)) - Container #1 is in OPEN state, but the datanode 641380fb-ae96-4755-94e0-fd776bdc090f{ip: 192.168.34.41, host: trunk-nightly-20191021-4s9dg-2799068384, networkLocation: /default-rack, certSerialId: null} reports an CLOSED replica.
2019-10-21 04:30:09,232 [BlockDeletingService#2] WARN  background.BlockDeletingService (BlockDeletingService.java:isDeletionAllowed(187)) - Close Container log Index 6 is not replicated across allthe servers in the pipeline d49b1818-47fb-49d2-b44c-d606c9b72829 as the min replicated index is 4. Deletion is not allowed in this container yet.
2019-10-21 04:30:09,232 [BlockDeletingService#7] WARN  background.BlockDeletingService (BlockDeletingService.java:isDeletionAllowed(187)) - Close Container log Index 6 is not replicated across allthe servers in the pipeline d49b1818-47fb-49d2-b44c-d606c9b72829 as the min replicated index is 4. Deletion is not allowed in this container yet.
2019-10-21 04:30:09,456 [EventQueue-ContainerReportForContainerReportHandler] WARN  container.ContainerReportHandler (AbstractContainerReportHandler.java:updateContainerState(145)) - Container #1 is in OPEN state, but the datanode dd1d24cd-1df3-4428-bf67-9b7dc9bd3e4c{ip: 192.168.34.41, host: trunk-nightly-20191021-4s9dg-2799068384, networkLocation: /default-rack, certSerialId: null} reports an CLOSED replica.
2019-10-21 04:30:09,556 [EventQueue-ContainerReportForContainerReportHandler] WARN  container.ContainerReportHandler (AbstractContainerReportHandler.java:updateContainerState(145)) - Container #1 is in OPEN state, but the datanode 641380fb-ae96-4755-94e0-fd776bdc090f{ip: 192.168.34.41, host: trunk-nightly-20191021-4s9dg-2799068384, networkLocation: /default-rack, certSerialId: null} reports an CLOSED replica.
2019-10-21 04:30:09,655 [EventQueue-ContainerReportForContainerReportHandler] WARN  container.ContainerReportHandler (AbstractContainerReportHandler.java:updateContainerState(145)) - Container #1 is in OPEN state, but the datanode dd1d24cd-1df3-4428-bf67-9b7dc9bd3e4c{ip: 192.168.34.41, host: trunk-nightly-20191021-4s9dg-2799068384, networkLocation: /default-rack, certSerialId: null} reports an CLOSED replica.
2019-10-21 04:30:09,755 [EventQueue-ContainerReportForContainerReportHandler] WARN  container.ContainerReportHandler (AbstractContainerReportHandler.java:updateContainerState(145)) - Container #1 is in OPEN state, but the datanode 641380fb-ae96-4755-94e0-fd776bdc090f{ip: 192.168.34.41, host: trunk-nightly-20191021-4s9dg-2799068384, networkLocation: /default-rack, certSerialId: null} reports an CLOSED replica.
2019-10-21 04:30:09,956 [EventQueue-ContainerReportForContainerReportHandler] WARN  container.ContainerReportHandler (AbstractContainerReportHandler.java:updateContainerState(145)) - Container #1 is in OPEN state, but the datanode dd1d24cd-1df3-4428-bf67-9b7dc9bd3e4c{ip: 192.168.34.41, host: trunk-nightly-20191021-4s9dg-2799068384, networkLocation: /default-rack, certSerialId: null} reports an CLOSED replica.
2019-10-21 04:30:10,155 [EventQueue-ContainerReportForContainerReportHandler] WARN  container.ContainerReportHandler (AbstractContainerReportHandler.java:updateContainerState(145)) - Container #1 is in OPEN state, but the datanode 641380fb-ae96-4755-94e0-fd776bdc090f{ip: 192.168.34.41, host: trunk-nightly-20191021-4s9dg-2799068384, networkLocation: /default-rack, certSerialId: null} reports an CLOSED replica.
2019-10-21 04:30:10,234 [BlockDeletingService#7] WARN  background.BlockDeletingService (BlockDeletingService.java:isDeletionAllowed(187)) - Close Container log Index 6 is not replicated across allthe servers in the pipeline d49b1818-47fb-49d2-b44c-d606c9b72829 as the min replicated index is 4. Deletion is not allowed in this container yet.
2019-10-21 04:30:10,234 [BlockDeletingService#2] WARN  background.BlockDeletingService (BlockDeletingService.java:isDeletionAllowed(187)) - Close Container log Index 6 is not replicated across allthe servers in the pipeline d49b1818-47fb-49d2-b44c-d606c9b72829 as the min replicated index is 4. Deletion is not allowed in this container yet.
2019-10-21 04:30:10,256 [EventQueue-ContainerReportForContainerReportHandler] WARN  container.ContainerReportHandler (AbstractContainerReportHandler.java:updateContainerState(145)) - Container #1 is in OPEN state, but the datanode dd1d24cd-1df3-4428-bf67-9b7dc9bd3e4c{ip: 192.168.34.41, host: trunk-nightly-20191021-4s9dg-2799068384, networkLocation: /default-rack, certSerialId: null} reports an CLOSED replica.
2019-10-21 04:30:10,357 [EventQueue-ContainerReportForContainerReportHandler] WARN  container.ContainerReportHandler (AbstractContainerReportHandler.java:updateContainerState(145)) - Container #1 is in OPEN state, but the datanode 641380fb-ae96-4755-94e0-fd776bdc090f{ip: 192.168.34.41, host: trunk-nightly-20191021-4s9dg-2799068384, networkLocation: /default-rack, certSerialId: null} reports an CLOSED replica.
2019-10-21 04:30:10,456 [EventQueue-ContainerReportForContainerReportHandler] WARN  container.ContainerReportHandler (AbstractContainerReportHandler.java:updateContainerState(145)) - Container #1 is in OPEN state, but the datanode dd1d24cd-1df3-4428-bf67-9b7dc9bd3e4c{ip: 192.168.34.41, host: trunk-nightly-20191021-4s9dg-2799068384, networkLocation: /default-rack, certSerialId: null} reports an CLOSED replica.
2019-10-21 04:30:10,557 [java.util.concurrent.ThreadPoolExecutor$Worker@4c939573[State = -1, empty queue]] WARN  server.GrpcLogAppender (GrpcLogAppender.java:timeoutAppendRequest(209)) - dd1d24cd-1df3-4428-bf67-9b7dc9bd3e4c@group-D606C9B72829->f02da163-2c1f-4de2-ab71-b915d7d0ae78-GrpcLogAppender: appendEntries Timeout, request=dd1d24cd-1df3-4428-bf67-9b7dc9bd3e4c->f02da163-2c1f-4de2-ab71-b915d7d0ae78#40-t5, previous=(t:5, i:10), leaderCommit=10, initializing? false, entries: <empty>
2019-10-21 04:30:10,657 [EventQueue-ContainerReportForContainerReportHandler] WARN  container.ContainerReportHandler (AbstractContainerReportHandler.java:updateContainerState(145)) - Container #1 is in OPEN state, but the datanode 641380fb-ae96-4755-94e0-fd776bdc090f{ip: 192.168.34.41, host: trunk-nightly-20191021-4s9dg-2799068384, networkLocation: /default-rack, certSerialId: null} reports an CLOSED replica.
2019-10-21 04:30:10,856 [EventQueue-ContainerReportForContainerReportHandler] WARN  container.ContainerReportHandler (AbstractContainerReportHandler.java:updateContainerState(145)) - Container #1 is in OPEN state, but the datanode dd1d24cd-1df3-4428-bf67-9b7dc9bd3e4c{ip: 192.168.34.41, host: trunk-nightly-20191021-4s9dg-2799068384, networkLocation: /default-rack, certSerialId: null} reports an CLOSED replica.
2019-10-21 04:30:10,857 [EventQueue-ContainerReportForContainerReportHandler] WARN  container.ContainerReportHandler (AbstractContainerReportHandler.java:updateContainerState(145)) - Container #1 is in OPEN state, but the datanode 641380fb-ae96-4755-94e0-fd776bdc090f{ip: 192.168.34.41, host: trunk-nightly-20191021-4s9dg-2799068384, networkLocation: /default-rack, certSerialId: null} reports an CLOSED replica.
2019-10-21 04:30:11,056 [EventQueue-ContainerReportForContainerReportHandler] WARN  container.ContainerReportHandler (AbstractContainerReportHandler.java:updateContainerState(145)) - Container #1 is in OPEN state, but the datanode dd1d24cd-1df3-4428-bf67-9b7dc9bd3e4c{ip: 192.168.34.41, host: trunk-nightly-20191021-4s9dg-2799068384, networkLocation: /default-rack, certSerialId: null} reports an CLOSED replica.
2019-10-21 04:30:11,236 [BlockDeletingService#2] WARN  background.BlockDeletingService (BlockDeletingService.java:isDeletionAllowed(187)) - Close Container log Index 6 is not replicated across allthe servers in the pipeline d49b1818-47fb-49d2-b44c-d606c9b72829 as the min replicated index is 4. Deletion is not allowed in this container yet.
2019-10-21 04:30:11,236 [BlockDeletingService#7] WARN  background.BlockDeletingService (BlockDeletingService.java:isDeletionAllowed(187)) - Close Container log Index 6 is not replicated across allthe servers in the pipeline d49b1818-47fb-49d2-b44c-d606c9b72829 as the min replicated index is 4. Deletion is not allowed in this container yet.
2019-10-21 04:30:11,257 [EventQueue-ContainerReportForContainerReportHandler] WARN  container.ContainerReportHandler (AbstractContainerReportHandler.java:updateContainerState(145)) - Container #1 is in OPEN state, but the datanode dd1d24cd-1df3-4428-bf67-9b7dc9bd3e4c{ip: 192.168.34.41, host: trunk-nightly-20191021-4s9dg-2799068384, networkLocation: /default-rack, certSerialId: null} reports an CLOSED replica.
2019-10-21 04:30:11,257 [EventQueue-ContainerReportForContainerReportHandler] WARN  container.ContainerReportHandler (AbstractContainerReportHandler.java:updateContainerState(145)) - Container #1 is in OPEN state, but the datanode 641380fb-ae96-4755-94e0-fd776bdc090f{ip: 192.168.34.41, host: trunk-nightly-20191021-4s9dg-2799068384, networkLocation: /default-rack, certSerialId: null} reports an CLOSED replica.
2019-10-21 04:30:11,558 [EventQueue-ContainerReportForContainerReportHandler] WARN  container.ContainerReportHandler (AbstractContainerReportHandler.java:updateContainerState(145)) - Container #1 is in OPEN state, but the datanode dd1d24cd-1df3-4428-bf67-9b7dc9bd3e4c{ip: 192.168.34.41, host: trunk-nightly-20191021-4s9dg-2799068384, networkLocation: /default-rack, certSerialId: null} reports an CLOSED replica.
2019-10-21 04:30:11,659 [EventQueue-ContainerReportForContainerReportHandler] WARN  container.ContainerReportHandler (AbstractContainerReportHandler.java:updateContainerState(145)) - Container #1 is in OPEN state, but the datanode 641380fb-ae96-4755-94e0-fd776bdc090f{ip: 192.168.34.41, host: trunk-nightly-20191021-4s9dg-2799068384, networkLocation: /default-rack, certSerialId: null} reports an CLOSED replica.
2019-10-21 04:30:11,758 [EventQueue-ContainerReportForContainerReportHandler] WARN  container.ContainerReportHandler (AbstractContainerReportHandler.java:updateContainerState(145)) - Container #1 is in OPEN state, but the datanode dd1d24cd-1df3-4428-bf67-9b7dc9bd3e4c{ip: 192.168.34.41, host: trunk-nightly-20191021-4s9dg-2799068384, networkLocation: /default-rack, certSerialId: null} reports an CLOSED replica.
2019-10-21 04:30:11,857 [EventQueue-ContainerReportForContainerReportHandler] WARN  container.ContainerReportHandler (AbstractContainerReportHandler.java:updateContainerState(145)) - Container #1 is in OPEN state, but the datanode 641380fb-ae96-4755-94e0-fd776bdc090f{ip: 192.168.34.41, host: trunk-nightly-20191021-4s9dg-2799068384, networkLocation: /default-rack, certSerialId: null} reports an CLOSED replica.
2019-10-21 04:30:12,057 [EventQueue-ContainerReportForContainerReportHandler] WARN  container.ContainerReportHandler (AbstractContainerReportHandler.java:updateContainerState(145)) - Container #1 is in OPEN state, but the datanode dd1d24cd-1df3-4428-bf67-9b7dc9bd3e4c{ip: 192.168.34.41, host: trunk-nightly-20191021-4s9dg-2799068384, networkLocation: /default-rack, certSerialId: null} reports an CLOSED replica.
2019-10-21 04:30:12,157 [EventQueue-ContainerReportForContainerReportHandler] WARN  container.ContainerReportHandler (AbstractContainerReportHandler.java:updateContainerState(145)) - Container #1 is in OPEN state, but the datanode 641380fb-ae96-4755-94e0-fd776bdc090f{ip: 192.168.34.41, host: trunk-nightly-20191021-4s9dg-2799068384, networkLocation: /default-rack, certSerialId: null} reports an CLOSED replica.
2019-10-21 04:30:12,239 [BlockDeletingService#2] WARN  background.BlockDeletingService (BlockDeletingService.java:isDeletionAllowed(187)) - Close Container log Index 6 is not replicated across allthe servers in the pipeline d49b1818-47fb-49d2-b44c-d606c9b72829 as the min replicated index is 4. Deletion is not allowed in this container yet.
2019-10-21 04:30:12,239 [BlockDeletingService#7] WARN  background.BlockDeletingService (BlockDeletingService.java:isDeletionAllowed(187)) - Close Container log Index 6 is not replicated across allthe servers in the pipeline d49b1818-47fb-49d2-b44c-d606c9b72829 as the min replicated index is 4. Deletion is not allowed in this container yet.
2019-10-21 04:30:12,361 [EventQueue-ContainerReportForContainerReportHandler] WARN  container.ContainerReportHandler (AbstractContainerReportHandler.java:updateContainerState(145)) - Container #1 is in OPEN state, but the datanode dd1d24cd-1df3-4428-bf67-9b7dc9bd3e4c{ip: 192.168.34.41, host: trunk-nightly-20191021-4s9dg-2799068384, networkLocation: /default-rack, certSerialId: null} reports an CLOSED replica.
2019-10-21 04:30:12,461 [EventQueue-ContainerReportForContainerReportHandler] WARN  container.ContainerReportHandler (AbstractContainerReportHandler.java:updateContainerState(145)) - Container #1 is in OPEN state, but the datanode 641380fb-ae96-4755-94e0-fd776bdc090f{ip: 192.168.34.41, host: trunk-nightly-20191021-4s9dg-2799068384, networkLocation: /default-rack, certSerialId: null} reports an CLOSED replica.
2019-10-21 04:30:12,662 [EventQueue-ContainerReportForContainerReportHandler] WARN  container.ContainerReportHandler (AbstractContainerReportHandler.java:updateContainerState(145)) - Container #1 is in OPEN state, but the datanode 641380fb-ae96-4755-94e0-fd776bdc090f{ip: 192.168.34.41, host: trunk-nightly-20191021-4s9dg-2799068384, networkLocation: /default-rack, certSerialId: null} reports an CLOSED replica.
2019-10-21 04:30:12,662 [EventQueue-ContainerReportForContainerReportHandler] WARN  container.ContainerReportHandler (AbstractContainerReportHandler.java:updateContainerState(145)) - Container #1 is in OPEN state, but the datanode dd1d24cd-1df3-4428-bf67-9b7dc9bd3e4c{ip: 192.168.34.41, host: trunk-nightly-20191021-4s9dg-2799068384, networkLocation: /default-rack, certSerialId: null} reports an CLOSED replica.
2019-10-21 04:30:12,963 [EventQueue-ContainerReportForContainerReportHandler] WARN  container.ContainerReportHandler (AbstractContainerReportHandler.java:updateContainerState(145)) - Container #1 is in OPEN state, but the datanode dd1d24cd-1df3-4428-bf67-9b7dc9bd3e4c{ip: 192.168.34.41, host: trunk-nightly-20191021-4s9dg-2799068384, networkLocation: /default-rack, certSerialId: null} reports an CLOSED replica.
2019-10-21 04:30:12,963 [EventQueue-ContainerReportForContainerReportHandler] WARN  container.ContainerReportHandler (AbstractContainerReportHandler.java:updateContainerState(145)) - Container #1 is in OPEN state, but the datanode 641380fb-ae96-4755-94e0-fd776bdc090f{ip: 192.168.34.41, host: trunk-nightly-20191021-4s9dg-2799068384, networkLocation: /default-rack, certSerialId: null} reports an CLOSED replica.
2019-10-21 04:30:13,060 [java.util.concurrent.ThreadPoolExecutor$Worker@4c939573[State = -1, empty queue]] WARN  server.GrpcLogAppender (GrpcLogAppender.java:timeoutAppendRequest(209)) - dd1d24cd-1df3-4428-bf67-9b7dc9bd3e4c@group-D606C9B72829->f02da163-2c1f-4de2-ab71-b915d7d0ae78-GrpcLogAppender: appendEntries Timeout, request=dd1d24cd-1df3-4428-bf67-9b7dc9bd3e4c->f02da163-2c1f-4de2-ab71-b915d7d0ae78#41-t5, previous=(t:5, i:10), leaderCommit=10, initializing? false, entries: <empty>
2019-10-21 04:30:13,240 [BlockDeletingService#2] WARN  background.BlockDeletingService (BlockDeletingService.java:isDeletionAllowed(187)) - Close Container log Index 6 is not replicated across allthe servers in the pipeline d49b1818-47fb-49d2-b44c-d606c9b72829 as the min replicated index is 4. Deletion is not allowed in this container yet.
2019-10-21 04:30:13,240 [BlockDeletingService#7] WARN  background.BlockDeletingService (BlockDeletingService.java:isDeletionAllowed(187)) - Close Container log Index 6 is not replicated across allthe servers in the pipeline d49b1818-47fb-49d2-b44c-d606c9b72829 as the min replicated index is 4. Deletion is not allowed in this container yet.
2019-10-21 04:30:13,263 [EventQueue-ContainerReportForContainerReportHandler] WARN  container.ContainerReportHandler (AbstractContainerReportHandler.java:updateContainerState(145)) - Container #1 is in OPEN state, but the datanode dd1d24cd-1df3-4428-bf67-9b7dc9bd3e4c{ip: 192.168.34.41, host: trunk-nightly-20191021-4s9dg-2799068384, networkLocation: /default-rack, certSerialId: null} reports an CLOSED replica.
2019-10-21 04:30:13,264 [EventQueue-ContainerReportForContainerReportHandler] WARN  container.ContainerReportHandler (AbstractContainerReportHandler.java:updateContainerState(145)) - Container #1 is in OPEN state, but the datanode 641380fb-ae96-4755-94e0-fd776bdc090f{ip: 192.168.34.41, host: trunk-nightly-20191021-4s9dg-2799068384, networkLocation: /default-rack, certSerialId: null} reports an CLOSED replica.
2019-10-21 04:30:13,464 [EventQueue-ContainerReportForContainerReportHandler] WARN  container.ContainerReportHandler (AbstractContainerReportHandler.java:updateContainerState(145)) - Container #1 is in OPEN state, but the datanode 641380fb-ae96-4755-94e0-fd776bdc090f{ip: 192.168.34.41, host: trunk-nightly-20191021-4s9dg-2799068384, networkLocation: /default-rack, certSerialId: null} reports an CLOSED replica.
2019-10-21 04:30:13,664 [EventQueue-ContainerReportForContainerReportHandler] WARN  container.ContainerReportHandler (AbstractContainerReportHandler.java:updateContainerState(145)) - Container #1 is in OPEN state, but the datanode 641380fb-ae96-4755-94e0-fd776bdc090f{ip: 192.168.34.41, host: trunk-nightly-20191021-4s9dg-2799068384, networkLocation: /default-rack, certSerialId: null} reports an CLOSED replica.
2019-10-21 04:30:13,665 [EventQueue-ContainerReportForContainerReportHandler] WARN  container.ContainerReportHandler (AbstractContainerReportHandler.java:updateContainerState(145)) - Container #1 is in OPEN state, but the datanode dd1d24cd-1df3-4428-bf67-9b7dc9bd3e4c{ip: 192.168.34.41, host: trunk-nightly-20191021-4s9dg-2799068384, networkLocation: /default-rack, certSerialId: null} reports an CLOSED replica.
2019-10-21 04:30:13,964 [EventQueue-ContainerReportForContainerReportHandler] WARN  container.ContainerReportHandler (AbstractContainerReportHandler.java:updateContainerState(145)) - Container #1 is in OPEN state, but the datanode 641380fb-ae96-4755-94e0-fd776bdc090f{ip: 192.168.34.41, host: trunk-nightly-20191021-4s9dg-2799068384, networkLocation: /default-rack, certSerialId: null} reports an CLOSED replica.
2019-10-21 04:30:13,965 [EventQueue-ContainerReportForContainerReportHandler] WARN  container.ContainerReportHandler (AbstractContainerReportHandler.java:updateContainerState(145)) - Container #1 is in OPEN state, but the datanode dd1d24cd-1df3-4428-bf67-9b7dc9bd3e4c{ip: 192.168.34.41, host: trunk-nightly-20191021-4s9dg-2799068384, networkLocation: /default-rack, certSerialId: null} reports an CLOSED replica.
2019-10-21 04:30:14,242 [BlockDeletingService#2] WARN  background.BlockDeletingService (BlockDeletingService.java:isDeletionAllowed(187)) - Close Container log Index 6 is not replicated across allthe servers in the pipeline d49b1818-47fb-49d2-b44c-d606c9b72829 as the min replicated index is 4. Deletion is not allowed in this container yet.
2019-10-21 04:30:14,242 [BlockDeletingService#7] WARN  background.BlockDeletingService (BlockDeletingService.java:isDeletionAllowed(187)) - Close Container log Index 6 is not replicated across allthe servers in the pipeline d49b1818-47fb-49d2-b44c-d606c9b72829 as the min replicated index is 4. Deletion is not allowed in this container yet.
2019-10-21 04:30:14,265 [EventQueue-ContainerReportForContainerReportHandler] WARN  container.ContainerReportHandler (AbstractContainerReportHandler.java:updateContainerState(145)) - Container #1 is in OPEN state, but the datanode dd1d24cd-1df3-4428-bf67-9b7dc9bd3e4c{ip: 192.168.34.41, host: trunk-nightly-20191021-4s9dg-2799068384, networkLocation: /default-rack, certSerialId: null} reports an CLOSED replica.
2019-10-21 04:30:14,365 [EventQueue-ContainerReportForContainerReportHandler] WARN  container.ContainerReportHandler (AbstractContainerReportHandler.java:updateContainerState(145)) - Container #1 is in OPEN state, but the datanode 641380fb-ae96-4755-94e0-fd776bdc090f{ip: 192.168.34.41, host: trunk-nightly-20191021-4s9dg-2799068384, networkLocation: /default-rack, certSerialId: null} reports an CLOSED replica.
2019-10-21 04:30:14,465 [EventQueue-ContainerReportForContainerReportHandler] WARN  container.ContainerReportHandler (AbstractContainerReportHandler.java:updateContainerState(145)) - Container #1 is in OPEN state, but the datanode dd1d24cd-1df3-4428-bf67-9b7dc9bd3e4c{ip: 192.168.34.41, host: trunk-nightly-20191021-4s9dg-2799068384, networkLocation: /default-rack, certSerialId: null} reports an CLOSED replica.
2019-10-21 04:30:14,666 [EventQueue-ContainerReportForContainerReportHandler] WARN  container.ContainerReportHandler (AbstractContainerReportHandler.java:updateContainerState(145)) - Container #1 is in OPEN state, but the datanode 641380fb-ae96-4755-94e0-fd776bdc090f{ip: 192.168.34.41, host: trunk-nightly-20191021-4s9dg-2799068384, networkLocation: /default-rack, certSerialId: null} reports an CLOSED replica.
2019-10-21 04:30:14,666 [EventQueue-ContainerReportForContainerReportHandler] WARN  container.ContainerReportHandler (AbstractContainerReportHandler.java:updateContainerState(145)) - Container #1 is in OPEN state, but the datanode dd1d24cd-1df3-4428-bf67-9b7dc9bd3e4c{ip: 192.168.34.41, host: trunk-nightly-20191021-4s9dg-2799068384, networkLocation: /default-rack, certSerialId: null} reports an CLOSED replica.
2019-10-21 04:30:14,866 [EventQueue-ContainerReportForContainerReportHandler] WARN  container.ContainerReportHandler (AbstractContainerReportHandler.java:updateContainerState(145)) - Container #1 is in OPEN state, but the datanode dd1d24cd-1df3-4428-bf67-9b7dc9bd3e4c{ip: 192.168.34.41, host: trunk-nightly-20191021-4s9dg-2799068384, networkLocation: /default-rack, certSerialId: null} reports an CLOSED replica.
2019-10-21 04:30:15,065 [EventQueue-ContainerReportForContainerReportHandler] WARN  container.ContainerReportHandler (AbstractContainerReportHandler.java:updateContainerState(145)) - Container #1 is in OPEN state, but the datanode 641380fb-ae96-4755-94e0-fd776bdc090f{ip: 192.168.34.41, host: trunk-nightly-20191021-4s9dg-2799068384, networkLocation: /default-rack, certSerialId: null} reports an CLOSED replica.
2019-10-21 04:30:15,243 [BlockDeletingService#7] WARN  background.BlockDeletingService (BlockDeletingService.java:isDeletionAllowed(187)) - Close Container log Index 6 is not replicated across allthe servers in the pipeline d49b1818-47fb-49d2-b44c-d606c9b72829 as the min replicated index is 4. Deletion is not allowed in this container yet.
2019-10-21 04:30:15,243 [BlockDeletingService#2] WARN  background.BlockDeletingService (BlockDeletingService.java:isDeletionAllowed(187)) - Close Container log Index 6 is not replicated across allthe servers in the pipeline d49b1818-47fb-49d2-b44c-d606c9b72829 as the min replicated index is 4. Deletion is not allowed in this container yet.
2019-10-21 04:30:15,265 [EventQueue-ContainerReportForContainerReportHandler] WARN  container.ContainerReportHandler (AbstractContainerReportHandler.java:updateContainerState(145)) - Container #1 is in OPEN state, but the datanode dd1d24cd-1df3-4428-bf67-9b7dc9bd3e4c{ip: 192.168.34.41, host: trunk-nightly-20191021-4s9dg-2799068384, networkLocation: /default-rack, certSerialId: null} reports an CLOSED replica.
2019-10-21 04:30:15,271 [Thread-483] INFO  client.GrpcClientProtocolService (GrpcClientProtocolService.java:lambda$processClientRequest$0(278)) - Failed RaftClientRequest:client-A60227926EB5->641380fb-ae96-4755-94e0-fd776bdc090f@group-D606C9B72829, cid=10, seq=0, Watch-ALL_COMMITTED(6), Message:<EMPTY>, reply=RaftClientReply:client-A60227926EB5->641380fb-ae96-4755-94e0-fd776bdc090f@group-D606C9B72829, cid=10, FAILED org.apache.ratis.protocol.NotLeaderException: Server 641380fb-ae96-4755-94e0-fd776bdc090f@group-D606C9B72829 is not the leader dd1d24cd-1df3-4428-bf67-9b7dc9bd3e4c:192.168.34.41:45185, logIndex=0, commits[641380fb-ae96-4755-94e0-fd776bdc090f:c10, f02da163-2c1f-4de2-ab71-b915d7d0ae78:c4, dd1d24cd-1df3-4428-bf67-9b7dc9bd3e4c:c10]
2019-10-21 04:30:15,465 [EventQueue-ContainerReportForContainerReportHandler] WARN  container.ContainerReportHandler (AbstractContainerReportHandler.java:updateContainerState(145)) - Container #1 is in OPEN state, but the datanode 641380fb-ae96-4755-94e0-fd776bdc090f{ip: 192.168.34.41, host: trunk-nightly-20191021-4s9dg-2799068384, networkLocation: /default-rack, certSerialId: null} reports an CLOSED replica.
2019-10-21 04:30:15,561 [java.util.concurrent.ThreadPoolExecutor$Worker@4c939573[State = -1, empty queue]] WARN  server.GrpcLogAppender (GrpcLogAppender.java:timeoutAppendRequest(209)) - dd1d24cd-1df3-4428-bf67-9b7dc9bd3e4c@group-D606C9B72829->f02da163-2c1f-4de2-ab71-b915d7d0ae78-GrpcLogAppender: appendEntries Timeout, request=dd1d24cd-1df3-4428-bf67-9b7dc9bd3e4c->f02da163-2c1f-4de2-ab71-b915d7d0ae78#42-t5, previous=(t:5, i:10), leaderCommit=10, initializing? false, entries: <empty>
2019-10-21 04:30:15,565 [EventQueue-ContainerReportForContainerReportHandler] WARN  container.ContainerReportHandler (AbstractContainerReportHandler.java:updateContainerState(145)) - Container #1 is in OPEN state, but the datanode dd1d24cd-1df3-4428-bf67-9b7dc9bd3e4c{ip: 192.168.34.41, host: trunk-nightly-20191021-4s9dg-2799068384, networkLocation: /default-rack, certSerialId: null} reports an CLOSED replica.
2019-10-21 04:30:15,755 [Thread-486] INFO  client.GrpcClientProtocolService (GrpcClientProtocolService.java:lambda$processClientRequest$0(278)) - Failed RaftClientRequest:client-A60227926EB5->dd1d24cd-1df3-4428-bf67-9b7dc9bd3e4c@group-D606C9B72829, cid=10, seq=0, Watch-ALL_COMMITTED(6), Message:<EMPTY>, reply=RaftClientReply:client-A60227926EB5->dd1d24cd-1df3-4428-bf67-9b7dc9bd3e4c@group-D606C9B72829, cid=10, FAILED org.apache.ratis.protocol.NotReplicatedException: Request with call Id 10 and log index 6 is not yet replicated to ALL_COMMITTED, logIndex=6, commits[dd1d24cd-1df3-4428-bf67-9b7dc9bd3e4c:c10, 641380fb-ae96-4755-94e0-fd776bdc090f:c10, f02da163-2c1f-4de2-ab71-b915d7d0ae78:c4]
2019-10-21 04:30:15,765 [EventQueue-ContainerReportForContainerReportHandler] WARN  container.ContainerReportHandler (AbstractContainerReportHandler.java:updateContainerState(145)) - Container #1 is in OPEN state, but the datanode 641380fb-ae96-4755-94e0-fd776bdc090f{ip: 192.168.34.41, host: trunk-nightly-20191021-4s9dg-2799068384, networkLocation: /default-rack, certSerialId: null} reports an CLOSED replica.
2019-10-21 04:30:15,765 [EventQueue-ContainerReportForContainerReportHandler] WARN  container.ContainerReportHandler (AbstractContainerReportHandler.java:updateContainerState(145)) - Container #1 is in OPEN state, but the datanode dd1d24cd-1df3-4428-bf67-9b7dc9bd3e4c{ip: 192.168.34.41, host: trunk-nightly-20191021-4s9dg-2799068384, networkLocation: /default-rack, certSerialId: null} reports an CLOSED replica.
2019-10-21 04:30:15,965 [EventQueue-ContainerReportForContainerReportHandler] WARN  container.ContainerReportHandler (AbstractContainerReportHandler.java:updateContainerState(145)) - Container #1 is in OPEN state, but the datanode dd1d24cd-1df3-4428-bf67-9b7dc9bd3e4c{ip: 192.168.34.41, host: trunk-nightly-20191021-4s9dg-2799068384, networkLocation: /default-rack, certSerialId: null} reports an CLOSED replica.
2019-10-21 04:30:16,065 [EventQueue-ContainerReportForContainerReportHandler] WARN  container.ContainerReportHandler (AbstractContainerReportHandler.java:updateContainerState(145)) - Container #1 is in OPEN state, but the datanode 641380fb-ae96-4755-94e0-fd776bdc090f{ip: 192.168.34.41, host: trunk-nightly-20191021-4s9dg-2799068384, networkLocation: /default-rack, certSerialId: null} reports an CLOSED replica.
2019-10-21 04:30:16,245 [BlockDeletingService#7] WARN  background.BlockDeletingService (BlockDeletingService.java:isDeletionAllowed(187)) - Close Container log Index 6 is not replicated across allthe servers in the pipeline d49b1818-47fb-49d2-b44c-d606c9b72829 as the min replicated index is 4. Deletion is not allowed in this container yet.
2019-10-21 04:30:16,245 [BlockDeletingService#2] WARN  background.BlockDeletingService (BlockDeletingService.java:isDeletionAllowed(187)) - Close Container log Index 6 is not replicated across allthe servers in the pipeline d49b1818-47fb-49d2-b44c-d606c9b72829 as the min replicated index is 4. Deletion is not allowed in this container yet.
2019-10-21 04:30:16,265 [EventQueue-ContainerReportForContainerReportHandler] WARN  container.ContainerReportHandler (AbstractContainerReportHandler.java:updateContainerState(145)) - Container #1 is in OPEN state, but the datanode dd1d24cd-1df3-4428-bf67-9b7dc9bd3e4c{ip: 192.168.34.41, host: trunk-nightly-20191021-4s9dg-2799068384, networkLocation: /default-rack, certSerialId: null} reports an CLOSED replica.
2019-10-21 04:30:16,365 [EventQueue-ContainerReportForContainerReportHandler] WARN  container.ContainerReportHandler (AbstractContainerReportHandler.java:updateContainerState(145)) - Container #1 is in OPEN state, but the datanode 641380fb-ae96-4755-94e0-fd776bdc090f{ip: 192.168.34.41, host: trunk-nightly-20191021-4s9dg-2799068384, networkLocation: /default-rack, certSerialId: null} reports an CLOSED replica.
2019-10-21 04:30:16,565 [EventQueue-ContainerReportForContainerReportHandler] WARN  container.ContainerReportHandler (AbstractContainerReportHandler.java:updateContainerState(145)) - Container #1 is in OPEN state, but the datanode dd1d24cd-1df3-4428-bf67-9b7dc9bd3e4c{ip: 192.168.34.41, host: trunk-nightly-20191021-4s9dg-2799068384, networkLocation: /default-rack, certSerialId: null} reports an CLOSED replica.
2019-10-21 04:30:16,667 [EventQueue-ContainerReportForContainerReportHandler] WARN  container.ContainerReportHandler (AbstractContainerReportHandler.java:updateContainerState(145)) - Container #1 is in OPEN state, but the datanode 641380fb-ae96-4755-94e0-fd776bdc090f{ip: 192.168.34.41, host: trunk-nightly-20191021-4s9dg-2799068384, networkLocation: /default-rack, certSerialId: null} reports an CLOSED replica.
2019-10-21 04:30:16,965 [EventQueue-ContainerReportForContainerReportHandler] WARN  container.ContainerReportHandler (AbstractContainerReportHandler.java:updateContainerState(145)) - Container #1 is in OPEN state, but the datanode dd1d24cd-1df3-4428-bf67-9b7dc9bd3e4c{ip: 192.168.34.41, host: trunk-nightly-20191021-4s9dg-2799068384, networkLocation: /default-rack, certSerialId: null} reports an CLOSED replica.
2019-10-21 04:30:16,966 [EventQueue-ContainerReportForContainerReportHandler] WARN  container.ContainerReportHandler (AbstractContainerReportHandler.java:updateContainerState(145)) - Container #1 is in OPEN state, but the datanode 641380fb-ae96-4755-94e0-fd776bdc090f{ip: 192.168.34.41, host: trunk-nightly-20191021-4s9dg-2799068384, networkLocation: /default-rack, certSerialId: null} reports an CLOSED replica.
2019-10-21 04:30:17,248 [BlockDeletingService#2] WARN  background.BlockDeletingService (BlockDeletingService.java:isDeletionAllowed(187)) - Close Container log Index 6 is not replicated across allthe servers in the pipeline d49b1818-47fb-49d2-b44c-d606c9b72829 as the min replicated index is 4. Deletion is not allowed in this container yet.
2019-10-21 04:30:17,248 [BlockDeletingService#7] WARN  background.BlockDeletingService (BlockDeletingService.java:isDeletionAllowed(187)) - Close Container log Index 6 is not replicated across allthe servers in the pipeline d49b1818-47fb-49d2-b44c-d606c9b72829 as the min replicated index is 4. Deletion is not allowed in this container yet.
2019-10-21 04:30:17,266 [EventQueue-ContainerReportForContainerReportHandler] WARN  container.ContainerReportHandler (AbstractContainerReportHandler.java:updateContainerState(145)) - Container #1 is in OPEN state, but the datanode 641380fb-ae96-4755-94e0-fd776bdc090f{ip: 192.168.34.41, host: trunk-nightly-20191021-4s9dg-2799068384, networkLocation: /default-rack, certSerialId: null} reports an CLOSED replica.
2019-10-21 04:30:17,365 [EventQueue-ContainerReportForContainerReportHandler] WARN  container.ContainerReportHandler (AbstractContainerReportHandler.java:updateContainerState(145)) - Container #1 is in OPEN state, but the datanode dd1d24cd-1df3-4428-bf67-9b7dc9bd3e4c{ip: 192.168.34.41, host: trunk-nightly-20191021-4s9dg-2799068384, networkLocation: /default-rack, certSerialId: null} reports an CLOSED replica.
2019-10-21 04:30:17,567 [EventQueue-ContainerReportForContainerReportHandler] WARN  container.ContainerReportHandler (AbstractContainerReportHandler.java:updateContainerState(145)) - Container #1 is in OPEN state, but the datanode 641380fb-ae96-4755-94e0-fd776bdc090f{ip: 192.168.34.41, host: trunk-nightly-20191021-4s9dg-2799068384, networkLocation: /default-rack, certSerialId: null} reports an CLOSED replica.
2019-10-21 04:30:17,665 [EventQueue-ContainerReportForContainerReportHandler] WARN  container.ContainerReportHandler (AbstractContainerReportHandler.java:updateContainerState(145)) - Container #1 is in OPEN state, but the datanode dd1d24cd-1df3-4428-bf67-9b7dc9bd3e4c{ip: 192.168.34.41, host: trunk-nightly-20191021-4s9dg-2799068384, networkLocation: /default-rack, certSerialId: null} reports an CLOSED replica.
2019-10-21 04:30:17,767 [EventQueue-ContainerReportForContainerReportHandler] WARN  container.ContainerReportHandler (AbstractContainerReportHandler.java:updateContainerState(145)) - Container #1 is in OPEN state, but the datanode 641380fb-ae96-4755-94e0-fd776bdc090f{ip: 192.168.34.41, host: trunk-nightly-20191021-4s9dg-2799068384, networkLocation: /default-rack, certSerialId: null} reports an CLOSED replica.
2019-10-21 04:30:18,062 [java.util.concurrent.ThreadPoolExecutor$Worker@4c939573[State = -1, empty queue]] WARN  server.GrpcLogAppender (GrpcLogAppender.java:timeoutAppendRequest(209)) - dd1d24cd-1df3-4428-bf67-9b7dc9bd3e4c@group-D606C9B72829->f02da163-2c1f-4de2-ab71-b915d7d0ae78-GrpcLogAppender: appendEntries Timeout, request=dd1d24cd-1df3-4428-bf67-9b7dc9bd3e4c->f02da163-2c1f-4de2-ab71-b915d7d0ae78#43-t5, previous=(t:5, i:10), leaderCommit=10, initializing? false, entries: <empty>
2019-10-21 04:30:18,066 [EventQueue-ContainerReportForContainerReportHandler] WARN  container.ContainerReportHandler (AbstractContainerReportHandler.java:updateContainerState(145)) - Container #1 is in OPEN state, but the datanode dd1d24cd-1df3-4428-bf67-9b7dc9bd3e4c{ip: 192.168.34.41, host: trunk-nightly-20191021-4s9dg-2799068384, networkLocation: /default-rack, certSerialId: null} reports an CLOSED replica.
2019-10-21 04:30:18,068 [EventQueue-ContainerReportForContainerReportHandler] WARN  container.ContainerReportHandler (AbstractContainerReportHandler.java:updateContainerState(145)) - Container #1 is in OPEN state, but the datanode 641380fb-ae96-4755-94e0-fd776bdc090f{ip: 192.168.34.41, host: trunk-nightly-20191021-4s9dg-2799068384, networkLocation: /default-rack, certSerialId: null} reports an CLOSED replica.
2019-10-21 04:30:18,253 [BlockDeletingService#7] WARN  background.BlockDeletingService (BlockDeletingService.java:isDeletionAllowed(187)) - Close Container log Index 6 is not replicated across allthe servers in the pipeline d49b1818-47fb-49d2-b44c-d606c9b72829 as the min replicated index is 4. Deletion is not allowed in this container yet.
2019-10-21 04:30:18,253 [BlockDeletingService#2] WARN  background.BlockDeletingService (BlockDeletingService.java:isDeletionAllowed(187)) - Close Container log Index 6 is not replicated across allthe servers in the pipeline d49b1818-47fb-49d2-b44c-d606c9b72829 as the min replicated index is 4. Deletion is not allowed in this container yet.
2019-10-21 04:30:18,367 [EventQueue-ContainerReportForContainerReportHandler] WARN  container.ContainerReportHandler (AbstractContainerReportHandler.java:updateContainerState(145)) - Container #1 is in OPEN state, but the datanode dd1d24cd-1df3-4428-bf67-9b7dc9bd3e4c{ip: 192.168.34.41, host: trunk-nightly-20191021-4s9dg-2799068384, networkLocation: /default-rack, certSerialId: null} reports an CLOSED replica.
2019-10-21 04:30:18,368 [EventQueue-ContainerReportForContainerReportHandler] WARN  container.ContainerReportHandler (AbstractContainerReportHandler.java:updateContainerState(145)) - Container #1 is in OPEN state, but the datanode 641380fb-ae96-4755-94e0-fd776bdc090f{ip: 192.168.34.41, host: trunk-nightly-20191021-4s9dg-2799068384, networkLocation: /default-rack, certSerialId: null} reports an CLOSED replica.
2019-10-21 04:30:18,568 [EventQueue-ContainerReportForContainerReportHandler] WARN  container.ContainerReportHandler (AbstractContainerReportHandler.java:updateContainerState(145)) - Container #1 is in OPEN state, but the datanode dd1d24cd-1df3-4428-bf67-9b7dc9bd3e4c{ip: 192.168.34.41, host: trunk-nightly-20191021-4s9dg-2799068384, networkLocation: /default-rack, certSerialId: null} reports an CLOSED replica.
2019-10-21 04:30:18,668 [EventQueue-ContainerReportForContainerReportHandler] WARN  container.ContainerReportHandler (AbstractContainerReportHandler.java:updateContainerState(145)) - Container #1 is in OPEN state, but the datanode 641380fb-ae96-4755-94e0-fd776bdc090f{ip: 192.168.34.41, host: trunk-nightly-20191021-4s9dg-2799068384, networkLocation: /default-rack, certSerialId: null} reports an CLOSED replica.
2019-10-21 04:30:18,767 [EventQueue-ContainerReportForContainerReportHandler] WARN  container.ContainerReportHandler (AbstractContainerReportHandler.java:updateContainerState(145)) - Container #1 is in OPEN state, but the datanode dd1d24cd-1df3-4428-bf67-9b7dc9bd3e4c{ip: 192.168.34.41, host: trunk-nightly-20191021-4s9dg-2799068384, networkLocation: /default-rack, certSerialId: null} reports an CLOSED replica.
2019-10-21 04:30:19,067 [EventQueue-ContainerReportForContainerReportHandler] WARN  container.ContainerReportHandler (AbstractContainerReportHandler.java:updateContainerState(145)) - Container #1 is in OPEN state, but the datanode 641380fb-ae96-4755-94e0-fd776bdc090f{ip: 192.168.34.41, host: trunk-nightly-20191021-4s9dg-2799068384, networkLocation: /default-rack, certSerialId: null} reports an CLOSED replica.
2019-10-21 04:30:19,167 [EventQueue-ContainerReportForContainerReportHandler] WARN  container.ContainerReportHandler (AbstractContainerReportHandler.java:updateContainerState(145)) - Container #1 is in OPEN state, but the datanode dd1d24cd-1df3-4428-bf67-9b7dc9bd3e4c{ip: 192.168.34.41, host: trunk-nightly-20191021-4s9dg-2799068384, networkLocation: /default-rack, certSerialId: null} reports an CLOSED replica.
2019-10-21 04:30:19,255 [BlockDeletingService#7] WARN  background.BlockDeletingService (BlockDeletingService.java:isDeletionAllowed(187)) - Close Container log Index 6 is not replicated across allthe servers in the pipeline d49b1818-47fb-49d2-b44c-d606c9b72829 as the min replicated index is 4. Deletion is not allowed in this container yet.
2019-10-21 04:30:19,255 [BlockDeletingService#2] WARN  background.BlockDeletingService (BlockDeletingService.java:isDeletionAllowed(187)) - Close Container log Index 6 is not replicated across allthe servers in the pipeline d49b1818-47fb-49d2-b44c-d606c9b72829 as the min replicated index is 4. Deletion is not allowed in this container yet.
2019-10-21 04:30:19,368 [EventQueue-ContainerReportForContainerReportHandler] WARN  container.ContainerReportHandler (AbstractContainerReportHandler.java:updateContainerState(145)) - Container #1 is in OPEN state, but the datanode 641380fb-ae96-4755-94e0-fd776bdc090f{ip: 192.168.34.41, host: trunk-nightly-20191021-4s9dg-2799068384, networkLocation: /default-rack, certSerialId: null} reports an CLOSED replica.
2019-10-21 04:30:19,467 [EventQueue-ContainerReportForContainerReportHandler] WARN  container.ContainerReportHandler (AbstractContainerReportHandler.java:updateContainerState(145)) - Container #1 is in OPEN state, but the datanode dd1d24cd-1df3-4428-bf67-9b7dc9bd3e4c{ip: 192.168.34.41, host: trunk-nightly-20191021-4s9dg-2799068384, networkLocation: /default-rack, certSerialId: null} reports an CLOSED replica.
2019-10-21 04:30:19,669 [EventQueue-ContainerReportForContainerReportHandler] WARN  container.ContainerReportHandler (AbstractContainerReportHandler.java:updateContainerState(145)) - Container #1 is in OPEN state, but the datanode 641380fb-ae96-4755-94e0-fd776bdc090f{ip: 192.168.34.41, host: trunk-nightly-20191021-4s9dg-2799068384, networkLocation: /default-rack, certSerialId: null} reports an CLOSED replica.
2019-10-21 04:30:19,767 [EventQueue-ContainerReportForContainerReportHandler] WARN  container.ContainerReportHandler (AbstractContainerReportHandler.java:updateContainerState(145)) - Container #1 is in OPEN state, but the datanode dd1d24cd-1df3-4428-bf67-9b7dc9bd3e4c{ip: 192.168.34.41, host: trunk-nightly-20191021-4s9dg-2799068384, networkLocation: /default-rack, certSerialId: null} reports an CLOSED replica.
2019-10-21 04:30:19,869 [EventQueue-ContainerReportForContainerReportHandler] WARN  container.ContainerReportHandler (AbstractContainerReportHandler.java:updateContainerState(145)) - Container #1 is in OPEN state, but the datanode 641380fb-ae96-4755-94e0-fd776bdc090f{ip: 192.168.34.41, host: trunk-nightly-20191021-4s9dg-2799068384, networkLocation: /default-rack, certSerialId: null} reports an CLOSED replica.
2019-10-21 04:30:20,071 [EventQueue-ContainerReportForContainerReportHandler] WARN  container.ContainerReportHandler (AbstractContainerReportHandler.java:updateContainerState(145)) - Container #1 is in OPEN state, but the datanode 641380fb-ae96-4755-94e0-fd776bdc090f{ip: 192.168.34.41, host: trunk-nightly-20191021-4s9dg-2799068384, networkLocation: /default-rack, certSerialId: null} reports an CLOSED replica.
2019-10-21 04:30:20,168 [EventQueue-ContainerReportForContainerReportHandler] WARN  container.ContainerReportHandler (AbstractContainerReportHandler.java:updateContainerState(145)) - Container #1 is in OPEN state, but the datanode dd1d24cd-1df3-4428-bf67-9b7dc9bd3e4c{ip: 192.168.34.41, host: trunk-nightly-20191021-4s9dg-2799068384, networkLocation: /default-rack, certSerialId: null} reports an CLOSED replica.
2019-10-21 04:30:20,256 [BlockDeletingService#7] WARN  background.BlockDeletingService (BlockDeletingService.java:isDeletionAllowed(187)) - Close Container log Index 6 is not replicated across allthe servers in the pipeline d49b1818-47fb-49d2-b44c-d606c9b72829 as the min replicated index is 4. Deletion is not allowed in this container yet.
2019-10-21 04:30:20,256 [BlockDeletingService#2] WARN  background.BlockDeletingService (BlockDeletingService.java:isDeletionAllowed(187)) - Close Container log Index 6 is not replicated across allthe servers in the pipeline d49b1818-47fb-49d2-b44c-d606c9b72829 as the min replicated index is 4. Deletion is not allowed in this container yet.
2019-10-21 04:30:20,468 [EventQueue-ContainerReportForContainerReportHandler] WARN  container.ContainerReportHandler (AbstractContainerReportHandler.java:updateContainerState(145)) - Container #1 is in OPEN state, but the datanode dd1d24cd-1df3-4428-bf67-9b7dc9bd3e4c{ip: 192.168.34.41, host: trunk-nightly-20191021-4s9dg-2799068384, networkLocation: /default-rack, certSerialId: null} reports an CLOSED replica.
2019-10-21 04:30:20,470 [EventQueue-ContainerReportForContainerReportHandler] WARN  container.ContainerReportHandler (AbstractContainerReportHandler.java:updateContainerState(145)) - Container #1 is in OPEN state, but the datanode 641380fb-ae96-4755-94e0-fd776bdc090f{ip: 192.168.34.41, host: trunk-nightly-20191021-4s9dg-2799068384, networkLocation: /default-rack, certSerialId: null} reports an CLOSED replica.
2019-10-21 04:30:20,564 [java.util.concurrent.ThreadPoolExecutor$Worker@4c939573[State = -1, empty queue]] WARN  server.GrpcLogAppender (GrpcLogAppender.java:timeoutAppendRequest(209)) - dd1d24cd-1df3-4428-bf67-9b7dc9bd3e4c@group-D606C9B72829->f02da163-2c1f-4de2-ab71-b915d7d0ae78-GrpcLogAppender: appendEntries Timeout, request=dd1d24cd-1df3-4428-bf67-9b7dc9bd3e4c->f02da163-2c1f-4de2-ab71-b915d7d0ae78#44-t5, previous=(t:5, i:10), leaderCommit=10, initializing? false, entries: <empty>
2019-10-21 04:30:20,669 [EventQueue-ContainerReportForContainerReportHandler] WARN  container.ContainerReportHandler (AbstractContainerReportHandler.java:updateContainerState(145)) - Container #1 is in OPEN state, but the datanode dd1d24cd-1df3-4428-bf67-9b7dc9bd3e4c{ip: 192.168.34.41, host: trunk-nightly-20191021-4s9dg-2799068384, networkLocation: /default-rack, certSerialId: null} reports an CLOSED replica.
2019-10-21 04:30:20,870 [EventQueue-ContainerReportForContainerReportHandler] WARN  container.ContainerReportHandler (AbstractContainerReportHandler.java:updateContainerState(145)) - Container #1 is in OPEN state, but the datanode 641380fb-ae96-4755-94e0-fd776bdc090f{ip: 192.168.34.41, host: trunk-nightly-20191021-4s9dg-2799068384, networkLocation: /default-rack, certSerialId: null} reports an CLOSED replica.
2019-10-21 04:30:20,969 [EventQueue-ContainerReportForContainerReportHandler] WARN  container.ContainerReportHandler (AbstractContainerReportHandler.java:updateContainerState(145)) - Container #1 is in OPEN state, but the datanode dd1d24cd-1df3-4428-bf67-9b7dc9bd3e4c{ip: 192.168.34.41, host: trunk-nightly-20191021-4s9dg-2799068384, networkLocation: /default-rack, certSerialId: null} reports an CLOSED replica.
2019-10-21 04:30:21,070 [EventQueue-ContainerReportForContainerReportHandler] WARN  container.ContainerReportHandler (AbstractContainerReportHandler.java:updateContainerState(145)) - Container #1 is in OPEN state, but the datanode 641380fb-ae96-4755-94e0-fd776bdc090f{ip: 192.168.34.41, host: trunk-nightly-20191021-4s9dg-2799068384, networkLocation: /default-rack, certSerialId: null} reports an CLOSED replica.
2019-10-21 04:30:21,259 [BlockDeletingService#2] WARN  background.BlockDeletingService (BlockDeletingService.java:isDeletionAllowed(187)) - Close Container log Index 6 is not replicated across allthe servers in the pipeline d49b1818-47fb-49d2-b44c-d606c9b72829 as the min replicated index is 4. Deletion is not allowed in this container yet.
2019-10-21 04:30:21,259 [BlockDeletingService#7] WARN  background.BlockDeletingService (BlockDeletingService.java:isDeletionAllowed(187)) - Close Container log Index 6 is not replicated across allthe servers in the pipeline d49b1818-47fb-49d2-b44c-d606c9b72829 as the min replicated index is 4. Deletion is not allowed in this container yet.
2019-10-21 04:30:21,368 [EventQueue-ContainerReportForContainerReportHandler] WARN  container.ContainerReportHandler (AbstractContainerReportHandler.java:updateContainerState(145)) - Container #1 is in OPEN state, but the datanode dd1d24cd-1df3-4428-bf67-9b7dc9bd3e4c{ip: 192.168.34.41, host: trunk-nightly-20191021-4s9dg-2799068384, networkLocation: /default-rack, certSerialId: null} reports an CLOSED replica.
2019-10-21 04:30:21,470 [EventQueue-ContainerReportForContainerReportHandler] WARN  container.ContainerReportHandler (AbstractContainerReportHandler.java:updateContainerState(145)) - Container #1 is in OPEN state, but the datanode 641380fb-ae96-4755-94e0-fd776bdc090f{ip: 192.168.34.41, host: trunk-nightly-20191021-4s9dg-2799068384, networkLocation: /default-rack, certSerialId: null} reports an CLOSED replica.
2019-10-21 04:30:21,569 [EventQueue-ContainerReportForContainerReportHandler] WARN  container.ContainerReportHandler (AbstractContainerReportHandler.java:updateContainerState(145)) - Container #1 is in OPEN state, but the datanode dd1d24cd-1df3-4428-bf67-9b7dc9bd3e4c{ip: 192.168.34.41, host: trunk-nightly-20191021-4s9dg-2799068384, networkLocation: /default-rack, certSerialId: null} reports an CLOSED replica.
2019-10-21 04:30:21,670 [EventQueue-ContainerReportForContainerReportHandler] WARN  container.ContainerReportHandler (AbstractContainerReportHandler.java:updateContainerState(145)) - Container #1 is in OPEN state, but the datanode 641380fb-ae96-4755-94e0-fd776bdc090f{ip: 192.168.34.41, host: trunk-nightly-20191021-4s9dg-2799068384, networkLocation: /default-rack, certSerialId: null} reports an CLOSED replica.
2019-10-21 04:30:21,869 [EventQueue-ContainerReportForContainerReportHandler] WARN  container.ContainerReportHandler (AbstractContainerReportHandler.java:updateContainerState(145)) - Container #1 is in OPEN state, but the datanode dd1d24cd-1df3-4428-bf67-9b7dc9bd3e4c{ip: 192.168.34.41, host: trunk-nightly-20191021-4s9dg-2799068384, networkLocation: /default-rack, certSerialId: null} reports an CLOSED replica.
2019-10-21 04:30:22,068 [EventQueue-ContainerReportForContainerReportHandler] WARN  container.ContainerReportHandler (AbstractContainerReportHandler.java:updateContainerState(145)) - Container #1 is in OPEN state, but the datanode dd1d24cd-1df3-4428-bf67-9b7dc9bd3e4c{ip: 192.168.34.41, host: trunk-nightly-20191021-4s9dg-2799068384, networkLocation: /default-rack, certSerialId: null} reports an CLOSED replica.
2019-10-21 04:30:22,070 [EventQueue-ContainerReportForContainerReportHandler] WARN  container.ContainerReportHandler (AbstractContainerReportHandler.java:updateContainerState(145)) - Container #1 is in OPEN state, but the datanode 641380fb-ae96-4755-94e0-fd776bdc090f{ip: 192.168.34.41, host: trunk-nightly-20191021-4s9dg-2799068384, networkLocation: /default-rack, certSerialId: null} reports an CLOSED replica.
2019-10-21 04:30:22,262 [BlockDeletingService#2] WARN  background.BlockDeletingService (BlockDeletingService.java:isDeletionAllowed(187)) - Close Container log Index 6 is not replicated across allthe servers in the pipeline d49b1818-47fb-49d2-b44c-d606c9b72829 as the min replicated index is 4. Deletion is not allowed in this container yet.
2019-10-21 04:30:22,262 [BlockDeletingService#7] WARN  background.BlockDeletingService (BlockDeletingService.java:isDeletionAllowed(187)) - Close Container log Index 6 is not replicated across allthe servers in the pipeline d49b1818-47fb-49d2-b44c-d606c9b72829 as the min replicated index is 4. Deletion is not allowed in this container yet.
2019-10-21 04:30:22,469 [EventQueue-ContainerReportForContainerReportHandler] WARN  container.ContainerReportHandler (AbstractContainerReportHandler.java:updateContainerState(145)) - Container #1 is in OPEN state, but the datanode dd1d24cd-1df3-4428-bf67-9b7dc9bd3e4c{ip: 192.168.34.41, host: trunk-nightly-20191021-4s9dg-2799068384, networkLocation: /default-rack, certSerialId: null} reports an CLOSED replica.
2019-10-21 04:30:22,471 [EventQueue-ContainerReportForContainerReportHandler] WARN  container.ContainerReportHandler (AbstractContainerReportHandler.java:updateContainerState(145)) - Container #1 is in OPEN state, but the datanode 641380fb-ae96-4755-94e0-fd776bdc090f{ip: 192.168.34.41, host: trunk-nightly-20191021-4s9dg-2799068384, networkLocation: /default-rack, certSerialId: null} reports an CLOSED replica.
2019-10-21 04:30:22,670 [EventQueue-ContainerReportForContainerReportHandler] WARN  container.ContainerReportHandler (AbstractContainerReportHandler.java:updateContainerState(145)) - Container #1 is in OPEN state, but the datanode dd1d24cd-1df3-4428-bf67-9b7dc9bd3e4c{ip: 192.168.34.41, host: trunk-nightly-20191021-4s9dg-2799068384, networkLocation: /default-rack, certSerialId: null} reports an CLOSED replica.
2019-10-21 04:30:22,671 [EventQueue-ContainerReportForContainerReportHandler] WARN  container.ContainerReportHandler (AbstractContainerReportHandler.java:updateContainerState(145)) - Container #1 is in OPEN state, but the datanode 641380fb-ae96-4755-94e0-fd776bdc090f{ip: 192.168.34.41, host: trunk-nightly-20191021-4s9dg-2799068384, networkLocation: /default-rack, certSerialId: null} reports an CLOSED replica.
2019-10-21 04:30:23,066 [java.util.concurrent.ThreadPoolExecutor$Worker@4c939573[State = -1, empty queue]] WARN  server.GrpcLogAppender (GrpcLogAppender.java:timeoutAppendRequest(209)) - dd1d24cd-1df3-4428-bf67-9b7dc9bd3e4c@group-D606C9B72829->f02da163-2c1f-4de2-ab71-b915d7d0ae78-GrpcLogAppender: appendEntries Timeout, request=dd1d24cd-1df3-4428-bf67-9b7dc9bd3e4c->f02da163-2c1f-4de2-ab71-b915d7d0ae78#45-t5, previous=(t:5, i:10), leaderCommit=10, initializing? false, entries: <empty>
2019-10-21 04:30:23,071 [EventQueue-ContainerReportForContainerReportHandler] WARN  container.ContainerReportHandler (AbstractContainerReportHandler.java:updateContainerState(145)) - Container #1 is in OPEN state, but the datanode dd1d24cd-1df3-4428-bf67-9b7dc9bd3e4c{ip: 192.168.34.41, host: trunk-nightly-20191021-4s9dg-2799068384, networkLocation: /default-rack, certSerialId: null} reports an CLOSED replica.
2019-10-21 04:30:23,073 [EventQueue-ContainerReportForContainerReportHandler] WARN  container.ContainerReportHandler (AbstractContainerReportHandler.java:updateContainerState(145)) - Container #1 is in OPEN state, but the datanode 641380fb-ae96-4755-94e0-fd776bdc090f{ip: 192.168.34.41, host: trunk-nightly-20191021-4s9dg-2799068384, networkLocation: /default-rack, certSerialId: null} reports an CLOSED replica.
2019-10-21 04:30:23,263 [BlockDeletingService#7] WARN  background.BlockDeletingService (BlockDeletingService.java:isDeletionAllowed(187)) - Close Container log Index 6 is not replicated across allthe servers in the pipeline d49b1818-47fb-49d2-b44c-d606c9b72829 as the min replicated index is 4. Deletion is not allowed in this container yet.
2019-10-21 04:30:23,263 [BlockDeletingService#2] WARN  background.BlockDeletingService (BlockDeletingService.java:isDeletionAllowed(187)) - Close Container log Index 6 is not replicated across allthe servers in the pipeline d49b1818-47fb-49d2-b44c-d606c9b72829 as the min replicated index is 4. Deletion is not allowed in this container yet.
2019-10-21 04:30:23,271 [EventQueue-ContainerReportForContainerReportHandler] WARN  container.ContainerReportHandler (AbstractContainerReportHandler.java:updateContainerState(145)) - Container #1 is in OPEN state, but the datanode dd1d24cd-1df3-4428-bf67-9b7dc9bd3e4c{ip: 192.168.34.41, host: trunk-nightly-20191021-4s9dg-2799068384, networkLocation: /default-rack, certSerialId: null} reports an CLOSED replica.
2019-10-21 04:30:23,274 [EventQueue-ContainerReportForContainerReportHandler] WARN  container.ContainerReportHandler (AbstractContainerReportHandler.java:updateContainerState(145)) - Container #1 is in OPEN state, but the datanode 641380fb-ae96-4755-94e0-fd776bdc090f{ip: 192.168.34.41, host: trunk-nightly-20191021-4s9dg-2799068384, networkLocation: /default-rack, certSerialId: null} reports an CLOSED replica.
2019-10-21 04:30:23,572 [EventQueue-ContainerReportForContainerReportHandler] WARN  container.ContainerReportHandler (AbstractContainerReportHandler.java:updateContainerState(145)) - Container #1 is in OPEN state, but the datanode dd1d24cd-1df3-4428-bf67-9b7dc9bd3e4c{ip: 192.168.34.41, host: trunk-nightly-20191021-4s9dg-2799068384, networkLocation: /default-rack, certSerialId: null} reports an CLOSED replica.
2019-10-21 04:30:23,574 [EventQueue-ContainerReportForContainerReportHandler] WARN  container.ContainerReportHandler (AbstractContainerReportHandler.java:updateContainerState(145)) - Container #1 is in OPEN state, but the datanode 641380fb-ae96-4755-94e0-fd776bdc090f{ip: 192.168.34.41, host: trunk-nightly-20191021-4s9dg-2799068384, networkLocation: /default-rack, certSerialId: null} reports an CLOSED replica.
2019-10-21 04:30:23,872 [EventQueue-ContainerReportForContainerReportHandler] WARN  container.ContainerReportHandler (AbstractContainerReportHandler.java:updateContainerState(145)) - Container #1 is in OPEN state, but the datanode dd1d24cd-1df3-4428-bf67-9b7dc9bd3e4c{ip: 192.168.34.41, host: trunk-nightly-20191021-4s9dg-2799068384, networkLocation: /default-rack, certSerialId: null} reports an CLOSED replica.
2019-10-21 04:30:23,974 [EventQueue-ContainerReportForContainerReportHandler] WARN  container.ContainerReportHandler (AbstractContainerReportHandler.java:updateContainerState(145)) - Container #1 is in OPEN state, but the datanode 641380fb-ae96-4755-94e0-fd776bdc090f{ip: 192.168.34.41, host: trunk-nightly-20191021-4s9dg-2799068384, networkLocation: /default-rack, certSerialId: null} reports an CLOSED replica.
2019-10-21 04:30:24,265 [BlockDeletingService#2] WARN  background.BlockDeletingService (BlockDeletingService.java:isDeletionAllowed(187)) - Close Container log Index 6 is not replicated across allthe servers in the pipeline d49b1818-47fb-49d2-b44c-d606c9b72829 as the min replicated index is 4. Deletion is not allowed in this container yet.
2019-10-21 04:30:24,265 [BlockDeletingService#7] WARN  background.BlockDeletingService (BlockDeletingService.java:isDeletionAllowed(187)) - Close Container log Index 6 is not replicated across allthe servers in the pipeline d49b1818-47fb-49d2-b44c-d606c9b72829 as the min replicated index is 4. Deletion is not allowed in this container yet.
2019-10-21 04:30:24,271 [EventQueue-ContainerReportForContainerReportHandler] WARN  container.ContainerReportHandler (AbstractContainerReportHandler.java:updateContainerState(145)) - Container #1 is in OPEN state, but the datanode dd1d24cd-1df3-4428-bf67-9b7dc9bd3e4c{ip: 192.168.34.41, host: trunk-nightly-20191021-4s9dg-2799068384, networkLocation: /default-rack, certSerialId: null} reports an CLOSED replica.
2019-10-21 04:30:24,374 [EventQueue-ContainerReportForContainerReportHandler] WARN  container.ContainerReportHandler (AbstractContainerReportHandler.java:updateContainerState(145)) - Container #1 is in OPEN state, but the datanode 641380fb-ae96-4755-94e0-fd776bdc090f{ip: 192.168.34.41, host: trunk-nightly-20191021-4s9dg-2799068384, networkLocation: /default-rack, certSerialId: null} reports an CLOSED replica.
2019-10-21 04:30:24,471 [EventQueue-ContainerReportForContainerReportHandler] WARN  container.ContainerReportHandler (AbstractContainerReportHandler.java:updateContainerState(145)) - Container #1 is in OPEN state, but the datanode dd1d24cd-1df3-4428-bf67-9b7dc9bd3e4c{ip: 192.168.34.41, host: trunk-nightly-20191021-4s9dg-2799068384, networkLocation: /default-rack, certSerialId: null} reports an CLOSED replica.
2019-10-21 04:30:24,574 [EventQueue-ContainerReportForContainerReportHandler] WARN  container.ContainerReportHandler (AbstractContainerReportHandler.java:updateContainerState(145)) - Container #1 is in OPEN state, but the datanode 641380fb-ae96-4755-94e0-fd776bdc090f{ip: 192.168.34.41, host: trunk-nightly-20191021-4s9dg-2799068384, networkLocation: /default-rack, certSerialId: null} reports an CLOSED replica.
2019-10-21 04:30:24,772 [EventQueue-ContainerReportForContainerReportHandler] WARN  container.ContainerReportHandler (AbstractContainerReportHandler.java:updateContainerState(145)) - Container #1 is in OPEN state, but the datanode dd1d24cd-1df3-4428-bf67-9b7dc9bd3e4c{ip: 192.168.34.41, host: trunk-nightly-20191021-4s9dg-2799068384, networkLocation: /default-rack, certSerialId: null} reports an CLOSED replica.
2019-10-21 04:30:24,874 [EventQueue-ContainerReportForContainerReportHandler] WARN  container.ContainerReportHandler (AbstractContainerReportHandler.java:updateContainerState(145)) - Container #1 is in OPEN state, but the datanode 641380fb-ae96-4755-94e0-fd776bdc090f{ip: 192.168.34.41, host: trunk-nightly-20191021-4s9dg-2799068384, networkLocation: /default-rack, certSerialId: null} reports an CLOSED replica.
2019-10-21 04:30:25,074 [EventQueue-ContainerReportForContainerReportHandler] WARN  container.ContainerReportHandler (AbstractContainerReportHandler.java:updateContainerState(145)) - Container #1 is in OPEN state, but the datanode 641380fb-ae96-4755-94e0-fd776bdc090f{ip: 192.168.34.41, host: trunk-nightly-20191021-4s9dg-2799068384, networkLocation: /default-rack, certSerialId: null} reports an CLOSED replica.
2019-10-21 04:30:25,171 [EventQueue-ContainerReportForContainerReportHandler] WARN  container.ContainerReportHandler (AbstractContainerReportHandler.java:updateContainerState(145)) - Container #1 is in OPEN state, but the datanode dd1d24cd-1df3-4428-bf67-9b7dc9bd3e4c{ip: 192.168.34.41, host: trunk-nightly-20191021-4s9dg-2799068384, networkLocation: /default-rack, certSerialId: null} reports an CLOSED replica.
2019-10-21 04:30:25,267 [BlockDeletingService#2] WARN  background.BlockDeletingService (BlockDeletingService.java:isDeletionAllowed(187)) - Close Container log Index 6 is not replicated across allthe servers in the pipeline d49b1818-47fb-49d2-b44c-d606c9b72829 as the min replicated index is 4. Deletion is not allowed in this container yet.
2019-10-21 04:30:25,267 [BlockDeletingService#7] WARN  background.BlockDeletingService (BlockDeletingService.java:isDeletionAllowed(187)) - Close Container log Index 6 is not replicated across allthe servers in the pipeline d49b1818-47fb-49d2-b44c-d606c9b72829 as the min replicated index is 4. Deletion is not allowed in this container yet.
2019-10-21 04:30:25,320 [Thread-515] INFO  client.GrpcClientProtocolService (GrpcClientProtocolService.java:lambda$processClientRequest$0(278)) - Failed RaftClientRequest:client-A60227926EB5->641380fb-ae96-4755-94e0-fd776bdc090f@group-D606C9B72829, cid=10, seq=0, Watch-ALL_COMMITTED(6), Message:<EMPTY>, reply=RaftClientReply:client-A60227926EB5->641380fb-ae96-4755-94e0-fd776bdc090f@group-D606C9B72829, cid=10, FAILED org.apache.ratis.protocol.NotLeaderException: Server 641380fb-ae96-4755-94e0-fd776bdc090f@group-D606C9B72829 is not the leader dd1d24cd-1df3-4428-bf67-9b7dc9bd3e4c:192.168.34.41:45185, logIndex=0, commits[641380fb-ae96-4755-94e0-fd776bdc090f:c10, f02da163-2c1f-4de2-ab71-b915d7d0ae78:c4, dd1d24cd-1df3-4428-bf67-9b7dc9bd3e4c:c10]
2019-10-21 04:30:25,374 [EventQueue-ContainerReportForContainerReportHandler] WARN  container.ContainerReportHandler (AbstractContainerReportHandler.java:updateContainerState(145)) - Container #1 is in OPEN state, but the datanode 641380fb-ae96-4755-94e0-fd776bdc090f{ip: 192.168.34.41, host: trunk-nightly-20191021-4s9dg-2799068384, networkLocation: /default-rack, certSerialId: null} reports an CLOSED replica.
2019-10-21 04:30:25,471 [EventQueue-ContainerReportForContainerReportHandler] WARN  container.ContainerReportHandler (AbstractContainerReportHandler.java:updateContainerState(145)) - Container #1 is in OPEN state, but the datanode dd1d24cd-1df3-4428-bf67-9b7dc9bd3e4c{ip: 192.168.34.41, host: trunk-nightly-20191021-4s9dg-2799068384, networkLocation: /default-rack, certSerialId: null} reports an CLOSED replica.
2019-10-21 04:30:25,568 [java.util.concurrent.ThreadPoolExecutor$Worker@4c939573[State = -1, empty queue]] WARN  server.GrpcLogAppender (GrpcLogAppender.java:timeoutAppendRequest(209)) - dd1d24cd-1df3-4428-bf67-9b7dc9bd3e4c@group-D606C9B72829->f02da163-2c1f-4de2-ab71-b915d7d0ae78-GrpcLogAppender: appendEntries Timeout, request=dd1d24cd-1df3-4428-bf67-9b7dc9bd3e4c->f02da163-2c1f-4de2-ab71-b915d7d0ae78#46-t5, previous=(t:5, i:10), leaderCommit=10, initializing? false, entries: <empty>
2019-10-21 04:30:25,755 [Thread-518] INFO  client.GrpcClientProtocolService (GrpcClientProtocolService.java:lambda$processClientRequest$0(278)) - Failed RaftClientRequest:client-A60227926EB5->dd1d24cd-1df3-4428-bf67-9b7dc9bd3e4c@group-D606C9B72829, cid=10, seq=0, Watch-ALL_COMMITTED(6), Message:<EMPTY>, reply=RaftClientReply:client-A60227926EB5->dd1d24cd-1df3-4428-bf67-9b7dc9bd3e4c@group-D606C9B72829, cid=10, FAILED org.apache.ratis.protocol.NotReplicatedException: Request with call Id 10 and log index 6 is not yet replicated to ALL_COMMITTED, logIndex=6, commits[dd1d24cd-1df3-4428-bf67-9b7dc9bd3e4c:c10, 641380fb-ae96-4755-94e0-fd776bdc090f:c10, f02da163-2c1f-4de2-ab71-b915d7d0ae78:c4]
2019-10-21 04:30:25,771 [EventQueue-ContainerReportForContainerReportHandler] WARN  container.ContainerReportHandler (AbstractContainerReportHandler.java:updateContainerState(145)) - Container #1 is in OPEN state, but the datanode dd1d24cd-1df3-4428-bf67-9b7dc9bd3e4c{ip: 192.168.34.41, host: trunk-nightly-20191021-4s9dg-2799068384, networkLocation: /default-rack, certSerialId: null} reports an CLOSED replica.
2019-10-21 04:30:25,775 [EventQueue-ContainerReportForContainerReportHandler] WARN  container.ContainerReportHandler (AbstractContainerReportHandler.java:updateContainerState(145)) - Container #1 is in OPEN state, but the datanode 641380fb-ae96-4755-94e0-fd776bdc090f{ip: 192.168.34.41, host: trunk-nightly-20191021-4s9dg-2799068384, networkLocation: /default-rack, certSerialId: null} reports an CLOSED replica.
2019-10-21 04:30:26,071 [EventQueue-ContainerReportForContainerReportHandler] WARN  container.ContainerReportHandler (AbstractContainerReportHandler.java:updateContainerState(145)) - Container #1 is in OPEN state, but the datanode dd1d24cd-1df3-4428-bf67-9b7dc9bd3e4c{ip: 192.168.34.41, host: trunk-nightly-20191021-4s9dg-2799068384, networkLocation: /default-rack, certSerialId: null} reports an CLOSED replica.
2019-10-21 04:30:26,075 [EventQueue-ContainerReportForContainerReportHandler] WARN  container.ContainerReportHandler (AbstractContainerReportHandler.java:updateContainerState(145)) - Container #1 is in OPEN state, but the datanode 641380fb-ae96-4755-94e0-fd776bdc090f{ip: 192.168.34.41, host: trunk-nightly-20191021-4s9dg-2799068384, networkLocation: /default-rack, certSerialId: null} reports an CLOSED replica.
2019-10-21 04:30:26,268 [BlockDeletingService#2] WARN  background.BlockDeletingService (BlockDeletingService.java:isDeletionAllowed(187)) - Close Container log Index 6 is not replicated across allthe servers in the pipeline d49b1818-47fb-49d2-b44c-d606c9b72829 as the min replicated index is 4. Deletion is not allowed in this container yet.
2019-10-21 04:30:26,268 [BlockDeletingService#7] WARN  background.BlockDeletingService (BlockDeletingService.java:isDeletionAllowed(187)) - Close Container log Index 6 is not replicated across allthe servers in the pipeline d49b1818-47fb-49d2-b44c-d606c9b72829 as the min replicated index is 4. Deletion is not allowed in this container yet.
2019-10-21 04:30:26,276 [EventQueue-ContainerReportForContainerReportHandler] WARN  container.ContainerReportHandler (AbstractContainerReportHandler.java:updateContainerState(145)) - Container #1 is in OPEN state, but the datanode 641380fb-ae96-4755-94e0-fd776bdc090f{ip: 192.168.34.41, host: trunk-nightly-20191021-4s9dg-2799068384, networkLocation: /default-rack, certSerialId: null} reports an CLOSED replica.
2019-10-21 04:30:26,471 [EventQueue-ContainerReportForContainerReportHandler] WARN  container.ContainerReportHandler (AbstractContainerReportHandler.java:updateContainerState(145)) - Container #1 is in OPEN state, but the datanode dd1d24cd-1df3-4428-bf67-9b7dc9bd3e4c{ip: 192.168.34.41, host: trunk-nightly-20191021-4s9dg-2799068384, networkLocation: /default-rack, certSerialId: null} reports an CLOSED replica.
2019-10-21 04:30:26,575 [EventQueue-ContainerReportForContainerReportHandler] WARN  container.ContainerReportHandler (AbstractContainerReportHandler.java:updateContainerState(145)) - Container #1 is in OPEN state, but the datanode 641380fb-ae96-4755-94e0-fd776bdc090f{ip: 192.168.34.41, host: trunk-nightly-20191021-4s9dg-2799068384, networkLocation: /default-rack, certSerialId: null} reports an CLOSED replica.
2019-10-21 04:30:26,771 [EventQueue-ContainerReportForContainerReportHandler] WARN  container.ContainerReportHandler (AbstractContainerReportHandler.java:updateContainerState(145)) - Container #1 is in OPEN state, but the datanode dd1d24cd-1df3-4428-bf67-9b7dc9bd3e4c{ip: 192.168.34.41, host: trunk-nightly-20191021-4s9dg-2799068384, networkLocation: /default-rack, certSerialId: null} reports an CLOSED replica.
2019-10-21 04:30:26,875 [EventQueue-ContainerReportForContainerReportHandler] WARN  container.ContainerReportHandler (AbstractContainerReportHandler.java:updateContainerState(145)) - Container #1 is in OPEN state, but the datanode 641380fb-ae96-4755-94e0-fd776bdc090f{ip: 192.168.34.41, host: trunk-nightly-20191021-4s9dg-2799068384, networkLocation: /default-rack, certSerialId: null} reports an CLOSED replica.
2019-10-21 04:30:26,972 [EventQueue-ContainerReportForContainerReportHandler] WARN  container.ContainerReportHandler (AbstractContainerReportHandler.java:updateContainerState(145)) - Container #1 is in OPEN state, but the datanode dd1d24cd-1df3-4428-bf67-9b7dc9bd3e4c{ip: 192.168.34.41, host: trunk-nightly-20191021-4s9dg-2799068384, networkLocation: /default-rack, certSerialId: null} reports an CLOSED replica.
2019-10-21 04:30:27,171 [EventQueue-ContainerReportForContainerReportHandler] WARN  container.ContainerReportHandler (AbstractContainerReportHandler.java:updateContainerState(145)) - Container #1 is in OPEN state, but the datanode dd1d24cd-1df3-4428-bf67-9b7dc9bd3e4c{ip: 192.168.34.41, host: trunk-nightly-20191021-4s9dg-2799068384, networkLocation: /default-rack, certSerialId: null} reports an CLOSED replica.
2019-10-21 04:30:27,176 [EventQueue-ContainerReportForContainerReportHandler] WARN  container.ContainerReportHandler (AbstractContainerReportHandler.java:updateContainerState(145)) - Container #1 is in OPEN state, but the datanode 641380fb-ae96-4755-94e0-fd776bdc090f{ip: 192.168.34.41, host: trunk-nightly-20191021-4s9dg-2799068384, networkLocation: /default-rack, certSerialId: null} reports an CLOSED replica.
2019-10-21 04:30:27,271 [BlockDeletingService#2] WARN  background.BlockDeletingService (BlockDeletingService.java:isDeletionAllowed(187)) - Close Container log Index 6 is not replicated across allthe servers in the pipeline d49b1818-47fb-49d2-b44c-d606c9b72829 as the min replicated index is 4. Deletion is not allowed in this container yet.
2019-10-21 04:30:27,271 [BlockDeletingService#7] WARN  background.BlockDeletingService (BlockDeletingService.java:isDeletionAllowed(187)) - Close Container log Index 6 is not replicated across allthe servers in the pipeline d49b1818-47fb-49d2-b44c-d606c9b72829 as the min replicated index is 4. Deletion is not allowed in this container yet.
2019-10-21 04:30:27,371 [EventQueue-ContainerReportForContainerReportHandler] WARN  container.ContainerReportHandler (AbstractContainerReportHandler.java:updateContainerState(145)) - Container #1 is in OPEN state, but the datanode dd1d24cd-1df3-4428-bf67-9b7dc9bd3e4c{ip: 192.168.34.41, host: trunk-nightly-20191021-4s9dg-2799068384, networkLocation: /default-rack, certSerialId: null} reports an CLOSED replica.
2019-10-21 04:30:27,478 [EventQueue-ContainerReportForContainerReportHandler] WARN  container.ContainerReportHandler (AbstractContainerReportHandler.java:updateContainerState(145)) - Container #1 is in OPEN state, but the datanode 641380fb-ae96-4755-94e0-fd776bdc090f{ip: 192.168.34.41, host: trunk-nightly-20191021-4s9dg-2799068384, networkLocation: /default-rack, certSerialId: null} reports an CLOSED replica.
2019-10-21 04:30:27,677 [EventQueue-ContainerReportForContainerReportHandler] WARN  container.ContainerReportHandler (AbstractContainerReportHandler.java:updateContainerState(145)) - Container #1 is in OPEN state, but the datanode 641380fb-ae96-4755-94e0-fd776bdc090f{ip: 192.168.34.41, host: trunk-nightly-20191021-4s9dg-2799068384, networkLocation: /default-rack, certSerialId: null} reports an CLOSED replica.
2019-10-21 04:30:27,771 [EventQueue-ContainerReportForContainerReportHandler] WARN  container.ContainerReportHandler (AbstractContainerReportHandler.java:updateContainerState(145)) - Container #1 is in OPEN state, but the datanode dd1d24cd-1df3-4428-bf67-9b7dc9bd3e4c{ip: 192.168.34.41, host: trunk-nightly-20191021-4s9dg-2799068384, networkLocation: /default-rack, certSerialId: null} reports an CLOSED replica.
2019-10-21 04:30:27,977 [EventQueue-ContainerReportForContainerReportHandler] WARN  container.ContainerReportHandler (AbstractContainerReportHandler.java:updateContainerState(145)) - Container #1 is in OPEN state, but the datanode 641380fb-ae96-4755-94e0-fd776bdc090f{ip: 192.168.34.41, host: trunk-nightly-20191021-4s9dg-2799068384, networkLocation: /default-rack, certSerialId: null} reports an CLOSED replica.
2019-10-21 04:30:28,070 [java.util.concurrent.ThreadPoolExecutor$Worker@4c939573[State = -1, empty queue]] WARN  server.GrpcLogAppender (GrpcLogAppender.java:timeoutAppendRequest(209)) - dd1d24cd-1df3-4428-bf67-9b7dc9bd3e4c@group-D606C9B72829->f02da163-2c1f-4de2-ab71-b915d7d0ae78-GrpcLogAppender: appendEntries Timeout, request=dd1d24cd-1df3-4428-bf67-9b7dc9bd3e4c->f02da163-2c1f-4de2-ab71-b915d7d0ae78#47-t5, previous=(t:5, i:10), leaderCommit=10, initializing? false, entries: <empty>
2019-10-21 04:30:28,171 [EventQueue-ContainerReportForContainerReportHandler] WARN  container.ContainerReportHandler (AbstractContainerReportHandler.java:updateContainerState(145)) - Container #1 is in OPEN state, but the datanode dd1d24cd-1df3-4428-bf67-9b7dc9bd3e4c{ip: 192.168.34.41, host: trunk-nightly-20191021-4s9dg-2799068384, networkLocation: /default-rack, certSerialId: null} reports an CLOSED replica.
2019-10-21 04:30:28,273 [BlockDeletingService#7] WARN  background.BlockDeletingService (BlockDeletingService.java:isDeletionAllowed(187)) - Close Container log Index 6 is not replicated across allthe servers in the pipeline d49b1818-47fb-49d2-b44c-d606c9b72829 as the min replicated index is 4. Deletion is not allowed in this container yet.
2019-10-21 04:30:28,273 [BlockDeletingService#2] WARN  background.BlockDeletingService (BlockDeletingService.java:isDeletionAllowed(187)) - Close Container log Index 6 is not replicated across allthe servers in the pipeline d49b1818-47fb-49d2-b44c-d606c9b72829 as the min replicated index is 4. Deletion is not allowed in this container yet.
2019-10-21 04:30:28,277 [EventQueue-ContainerReportForContainerReportHandler] WARN  container.ContainerReportHandler (AbstractContainerReportHandler.java:updateContainerState(145)) - Container #1 is in OPEN state, but the datanode 641380fb-ae96-4755-94e0-fd776bdc090f{ip: 192.168.34.41, host: trunk-nightly-20191021-4s9dg-2799068384, networkLocation: /default-rack, certSerialId: null} reports an CLOSED replica.
2019-10-21 04:30:28,477 [EventQueue-ContainerReportForContainerReportHandler] WARN  container.ContainerReportHandler (AbstractContainerReportHandler.java:updateContainerState(145)) - Container #1 is in OPEN state, but the datanode 641380fb-ae96-4755-94e0-fd776bdc090f{ip: 192.168.34.41, host: trunk-nightly-20191021-4s9dg-2799068384, networkLocation: /default-rack, certSerialId: null} reports an CLOSED replica.
2019-10-21 04:30:28,571 [EventQueue-ContainerReportForContainerReportHandler] WARN  container.ContainerReportHandler (AbstractContainerReportHandler.java:updateContainerState(145)) - Container #1 is in OPEN state, but the datanode dd1d24cd-1df3-4428-bf67-9b7dc9bd3e4c{ip: 192.168.34.41, host: trunk-nightly-20191021-4s9dg-2799068384, networkLocation: /default-rack, certSerialId: null} reports an CLOSED replica.
2019-10-21 04:30:28,771 [EventQueue-ContainerReportForContainerReportHandler] WARN  container.ContainerReportHandler (AbstractContainerReportHandler.java:updateContainerState(145)) - Container #1 is in OPEN state, but the datanode dd1d24cd-1df3-4428-bf67-9b7dc9bd3e4c{ip: 192.168.34.41, host: trunk-nightly-20191021-4s9dg-2799068384, networkLocation: /default-rack, certSerialId: null} reports an CLOSED replica.
2019-10-21 04:30:28,778 [EventQueue-ContainerReportForContainerReportHandler] WARN  container.ContainerReportHandler (AbstractContainerReportHandler.java:updateContainerState(145)) - Container #1 is in OPEN state, but the datanode 641380fb-ae96-4755-94e0-fd776bdc090f{ip: 192.168.34.41, host: trunk-nightly-20191021-4s9dg-2799068384, networkLocation: /default-rack, certSerialId: null} reports an CLOSED replica.
2019-10-21 04:30:28,973 [EventQueue-ContainerReportForContainerReportHandler] WARN  container.ContainerReportHandler (AbstractContainerReportHandler.java:updateContainerState(145)) - Container #1 is in OPEN state, but the datanode dd1d24cd-1df3-4428-bf67-9b7dc9bd3e4c{ip: 192.168.34.41, host: trunk-nightly-20191021-4s9dg-2799068384, networkLocation: /default-rack, certSerialId: null} reports an CLOSED replica.
2019-10-21 04:30:28,978 [EventQueue-ContainerReportForContainerReportHandler] WARN  container.ContainerReportHandler (AbstractContainerReportHandler.java:updateContainerState(145)) - Container #1 is in OPEN state, but the datanode 641380fb-ae96-4755-94e0-fd776bdc090f{ip: 192.168.34.41, host: trunk-nightly-20191021-4s9dg-2799068384, networkLocation: /default-rack, certSerialId: null} reports an CLOSED replica.
2019-10-21 04:30:29,179 [EventQueue-ContainerReportForContainerReportHandler] WARN  container.ContainerReportHandler (AbstractContainerReportHandler.java:updateContainerState(145)) - Container #1 is in OPEN state, but the datanode 641380fb-ae96-4755-94e0-fd776bdc090f{ip: 192.168.34.41, host: trunk-nightly-20191021-4s9dg-2799068384, networkLocation: /default-rack, certSerialId: null} reports an CLOSED replica.
2019-10-21 04:30:29,274 [EventQueue-ContainerReportForContainerReportHandler] WARN  container.ContainerReportHandler (AbstractContainerReportHandler.java:updateContainerState(145)) - Container #1 is in OPEN state, but the datanode dd1d24cd-1df3-4428-bf67-9b7dc9bd3e4c{ip: 192.168.34.41, host: trunk-nightly-20191021-4s9dg-2799068384, networkLocation: /default-rack, certSerialId: null} reports an CLOSED replica.
2019-10-21 04:30:29,274 [BlockDeletingService#2] WARN  background.BlockDeletingService (BlockDeletingService.java:isDeletionAllowed(187)) - Close Container log Index 6 is not replicated across allthe servers in the pipeline d49b1818-47fb-49d2-b44c-d606c9b72829 as the min replicated index is 4. Deletion is not allowed in this container yet.
2019-10-21 04:30:29,274 [BlockDeletingService#7] WARN  background.BlockDeletingService (BlockDeletingService.java:isDeletionAllowed(187)) - Close Container log Index 6 is not replicated across allthe servers in the pipeline d49b1818-47fb-49d2-b44c-d606c9b72829 as the min replicated index is 4. Deletion is not allowed in this container yet.
2019-10-21 04:30:29,479 [EventQueue-ContainerReportForContainerReportHandler] WARN  container.ContainerReportHandler (AbstractContainerReportHandler.java:updateContainerState(145)) - Container #1 is in OPEN state, but the datanode 641380fb-ae96-4755-94e0-fd776bdc090f{ip: 192.168.34.41, host: trunk-nightly-20191021-4s9dg-2799068384, networkLocation: /default-rack, certSerialId: null} reports an CLOSED replica.
2019-10-21 04:30:29,573 [EventQueue-ContainerReportForContainerReportHandler] WARN  container.ContainerReportHandler (AbstractContainerReportHandler.java:updateContainerState(145)) - Container #1 is in OPEN state, but the datanode dd1d24cd-1df3-4428-bf67-9b7dc9bd3e4c{ip: 192.168.34.41, host: trunk-nightly-20191021-4s9dg-2799068384, networkLocation: /default-rack, certSerialId: null} reports an CLOSED replica.
2019-10-21 04:30:29,779 [EventQueue-ContainerReportForContainerReportHandler] WARN  container.ContainerReportHandler (AbstractContainerReportHandler.java:updateContainerState(145)) - Container #1 is in OPEN state, but the datanode 641380fb-ae96-4755-94e0-fd776bdc090f{ip: 192.168.34.41, host: trunk-nightly-20191021-4s9dg-2799068384, networkLocation: /default-rack, certSerialId: null} reports an CLOSED replica.
2019-10-21 04:30:29,973 [EventQueue-ContainerReportForContainerReportHandler] WARN  container.ContainerReportHandler (AbstractContainerReportHandler.java:updateContainerState(145)) - Container #1 is in OPEN state, but the datanode dd1d24cd-1df3-4428-bf67-9b7dc9bd3e4c{ip: 192.168.34.41, host: trunk-nightly-20191021-4s9dg-2799068384, networkLocation: /default-rack, certSerialId: null} reports an CLOSED replica.
2019-10-21 04:30:30,180 [EventQueue-ContainerReportForContainerReportHandler] WARN  container.ContainerReportHandler (AbstractContainerReportHandler.java:updateContainerState(145)) - Container #1 is in OPEN state, but the datanode 641380fb-ae96-4755-94e0-fd776bdc090f{ip: 192.168.34.41, host: trunk-nightly-20191021-4s9dg-2799068384, networkLocation: /default-rack, certSerialId: null} reports an CLOSED replica.
2019-10-21 04:30:30,276 [BlockDeletingService#7] WARN  background.BlockDeletingService (BlockDeletingService.java:isDeletionAllowed(187)) - Close Container log Index 6 is not replicated across allthe servers in the pipeline d49b1818-47fb-49d2-b44c-d606c9b72829 as the min replicated index is 4. Deletion is not allowed in this container yet.
2019-10-21 04:30:30,276 [BlockDeletingService#2] WARN  background.BlockDeletingService (BlockDeletingService.java:isDeletionAllowed(187)) - Close Container log Index 6 is not replicated across allthe servers in the pipeline d49b1818-47fb-49d2-b44c-d606c9b72829 as the min replicated index is 4. Deletion is not allowed in this container yet.
2019-10-21 04:30:30,279 [EventQueue-ContainerReportForContainerReportHandler] WARN  container.ContainerReportHandler (AbstractContainerReportHandler.java:updateContainerState(145)) - Container #1 is in OPEN state, but the datanode dd1d24cd-1df3-4428-bf67-9b7dc9bd3e4c{ip: 192.168.34.41, host: trunk-nightly-20191021-4s9dg-2799068384, networkLocation: /default-rack, certSerialId: null} reports an CLOSED replica.
2019-10-21 04:30:30,571 [java.util.concurrent.ThreadPoolExecutor$Worker@4c939573[State = -1, empty queue]] WARN  server.GrpcLogAppender (GrpcLogAppender.java:timeoutAppendRequest(209)) - dd1d24cd-1df3-4428-bf67-9b7dc9bd3e4c@group-D606C9B72829->f02da163-2c1f-4de2-ab71-b915d7d0ae78-GrpcLogAppender: appendEntries Timeout, request=dd1d24cd-1df3-4428-bf67-9b7dc9bd3e4c->f02da163-2c1f-4de2-ab71-b915d7d0ae78#48-t5, previous=(t:5, i:10), leaderCommit=10, initializing? false, entries: <empty>
2019-10-21 04:30:30,580 [EventQueue-ContainerReportForContainerReportHandler] WARN  container.ContainerReportHandler (AbstractContainerReportHandler.java:updateContainerState(145)) - Container #1 is in OPEN state, but the datanode 641380fb-ae96-4755-94e0-fd776bdc090f{ip: 192.168.34.41, host: trunk-nightly-20191021-4s9dg-2799068384, networkLocation: /default-rack, certSerialId: null} reports an CLOSED replica.
2019-10-21 04:30:30,674 [EventQueue-ContainerReportForContainerReportHandler] WARN  container.ContainerReportHandler (AbstractContainerReportHandler.java:updateContainerState(145)) - Container #1 is in OPEN state, but the datanode dd1d24cd-1df3-4428-bf67-9b7dc9bd3e4c{ip: 192.168.34.41, host: trunk-nightly-20191021-4s9dg-2799068384, networkLocation: /default-rack, certSerialId: null} reports an CLOSED replica.
2019-10-21 04:30:30,882 [EventQueue-ContainerReportForContainerReportHandler] WARN  container.ContainerReportHandler (AbstractContainerReportHandler.java:updateContainerState(145)) - Container #1 is in OPEN state, but the datanode 641380fb-ae96-4755-94e0-fd776bdc090f{ip: 192.168.34.41, host: trunk-nightly-20191021-4s9dg-2799068384, networkLocation: /default-rack, certSerialId: null} reports an CLOSED replica.
2019-10-21 04:30:30,974 [EventQueue-ContainerReportForContainerReportHandler] WARN  container.ContainerReportHandler (AbstractContainerReportHandler.java:updateContainerState(145)) - Container #1 is in OPEN state, but the datanode dd1d24cd-1df3-4428-bf67-9b7dc9bd3e4c{ip: 192.168.34.41, host: trunk-nightly-20191021-4s9dg-2799068384, networkLocation: /default-rack, certSerialId: null} reports an CLOSED replica.
2019-10-21 04:30:31,274 [EventQueue-ContainerReportForContainerReportHandler] WARN  container.ContainerReportHandler (AbstractContainerReportHandler.java:updateContainerState(145)) - Container #1 is in OPEN state, but the datanode dd1d24cd-1df3-4428-bf67-9b7dc9bd3e4c{ip: 192.168.34.41, host: trunk-nightly-20191021-4s9dg-2799068384, networkLocation: /default-rack, certSerialId: null} reports an CLOSED replica.
2019-10-21 04:30:31,277 [BlockDeletingService#2] WARN  background.BlockDeletingService (BlockDeletingService.java:isDeletionAllowed(187)) - Close Container log Index 6 is not replicated across allthe servers in the pipeline d49b1818-47fb-49d2-b44c-d606c9b72829 as the min replicated index is 4. Deletion is not allowed in this container yet.
2019-10-21 04:30:31,277 [BlockDeletingService#7] WARN  background.BlockDeletingService (BlockDeletingService.java:isDeletionAllowed(187)) - Close Container log Index 6 is not replicated across allthe servers in the pipeline d49b1818-47fb-49d2-b44c-d606c9b72829 as the min replicated index is 4. Deletion is not allowed in this container yet.
2019-10-21 04:30:31,281 [EventQueue-ContainerReportForContainerReportHandler] WARN  container.ContainerReportHandler (AbstractContainerReportHandler.java:updateContainerState(145)) - Container #1 is in OPEN state, but the datanode 641380fb-ae96-4755-94e0-fd776bdc090f{ip: 192.168.34.41, host: trunk-nightly-20191021-4s9dg-2799068384, networkLocation: /default-rack, certSerialId: null} reports an CLOSED replica.
2019-10-21 04:30:31,474 [EventQueue-ContainerReportForContainerReportHandler] WARN  container.ContainerReportHandler (AbstractContainerReportHandler.java:updateContainerState(145)) - Container #1 is in OPEN state, but the datanode dd1d24cd-1df3-4428-bf67-9b7dc9bd3e4c{ip: 192.168.34.41, host: trunk-nightly-20191021-4s9dg-2799068384, networkLocation: /default-rack, certSerialId: null} reports an CLOSED replica.
2019-10-21 04:30:31,481 [EventQueue-ContainerReportForContainerReportHandler] WARN  container.ContainerReportHandler (AbstractContainerReportHandler.java:updateContainerState(145)) - Container #1 is in OPEN state, but the datanode 641380fb-ae96-4755-94e0-fd776bdc090f{ip: 192.168.34.41, host: trunk-nightly-20191021-4s9dg-2799068384, networkLocation: /default-rack, certSerialId: null} reports an CLOSED replica.
2019-10-21 04:30:31,775 [EventQueue-ContainerReportForContainerReportHandler] WARN  container.ContainerReportHandler (AbstractContainerReportHandler.java:updateContainerState(145)) - Container #1 is in OPEN state, but the datanode dd1d24cd-1df3-4428-bf67-9b7dc9bd3e4c{ip: 192.168.34.41, host: trunk-nightly-20191021-4s9dg-2799068384, networkLocation: /default-rack, certSerialId: null} reports an CLOSED replica.
2019-10-21 04:30:31,882 [EventQueue-ContainerReportForContainerReportHandler] WARN  container.ContainerReportHandler (AbstractContainerReportHandler.java:updateContainerState(145)) - Container #1 is in OPEN state, but the datanode 641380fb-ae96-4755-94e0-fd776bdc090f{ip: 192.168.34.41, host: trunk-nightly-20191021-4s9dg-2799068384, networkLocation: /default-rack, certSerialId: null} reports an CLOSED replica.
2019-10-21 04:30:31,975 [EventQueue-ContainerReportForContainerReportHandler] WARN  container.ContainerReportHandler (AbstractContainerReportHandler.java:updateContainerState(145)) - Container #1 is in OPEN state, but the datanode dd1d24cd-1df3-4428-bf67-9b7dc9bd3e4c{ip: 192.168.34.41, host: trunk-nightly-20191021-4s9dg-2799068384, networkLocation: /default-rack, certSerialId: null} reports an CLOSED replica.
2019-10-21 04:30:32,279 [BlockDeletingService#2] WARN  background.BlockDeletingService (BlockDeletingService.java:isDeletionAllowed(187)) - Close Container log Index 6 is not replicated across allthe servers in the pipeline d49b1818-47fb-49d2-b44c-d606c9b72829 as the min replicated index is 4. Deletion is not allowed in this container yet.
2019-10-21 04:30:32,279 [BlockDeletingService#7] WARN  background.BlockDeletingService (BlockDeletingService.java:isDeletionAllowed(187)) - Close Container log Index 6 is not replicated across allthe servers in the pipeline d49b1818-47fb-49d2-b44c-d606c9b72829 as the min replicated index is 4. Deletion is not allowed in this container yet.
2019-10-21 04:30:32,283 [EventQueue-ContainerReportForContainerReportHandler] WARN  container.ContainerReportHandler (AbstractContainerReportHandler.java:updateContainerState(145)) - Container #1 is in OPEN state, but the datanode 641380fb-ae96-4755-94e0-fd776bdc090f{ip: 192.168.34.41, host: trunk-nightly-20191021-4s9dg-2799068384, networkLocation: /default-rack, certSerialId: null} reports an CLOSED replica.
2019-10-21 04:30:32,375 [EventQueue-ContainerReportForContainerReportHandler] WARN  container.ContainerReportHandler (AbstractContainerReportHandler.java:updateContainerState(145)) - Container #1 is in OPEN state, but the datanode dd1d24cd-1df3-4428-bf67-9b7dc9bd3e4c{ip: 192.168.34.41, host: trunk-nightly-20191021-4s9dg-2799068384, networkLocation: /default-rack, certSerialId: null} reports an CLOSED replica.
2019-10-21 04:30:32,484 [EventQueue-ContainerReportForContainerReportHandler] WARN  container.ContainerReportHandler (AbstractContainerReportHandler.java:updateContainerState(145)) - Container #1 is in OPEN state, but the datanode 641380fb-ae96-4755-94e0-fd776bdc090f{ip: 192.168.34.41, host: trunk-nightly-20191021-4s9dg-2799068384, networkLocation: /default-rack, certSerialId: null} reports an CLOSED replica.
2019-10-21 04:30:32,575 [EventQueue-ContainerReportForContainerReportHandler] WARN  container.ContainerReportHandler (AbstractContainerReportHandler.java:updateContainerState(145)) - Container #1 is in OPEN state, but the datanode dd1d24cd-1df3-4428-bf67-9b7dc9bd3e4c{ip: 192.168.34.41, host: trunk-nightly-20191021-4s9dg-2799068384, networkLocation: /default-rack, certSerialId: null} reports an CLOSED replica.
2019-10-21 04:30:32,683 [EventQueue-ContainerReportForContainerReportHandler] WARN  container.ContainerReportHandler (AbstractContainerReportHandler.java:updateContainerState(145)) - Container #1 is in OPEN state, but the datanode 641380fb-ae96-4755-94e0-fd776bdc090f{ip: 192.168.34.41, host: trunk-nightly-20191021-4s9dg-2799068384, networkLocation: /default-rack, certSerialId: null} reports an CLOSED replica.
2019-10-21 04:30:32,976 [EventQueue-ContainerReportForContainerReportHandler] WARN  container.ContainerReportHandler (AbstractContainerReportHandler.java:updateContainerState(145)) - Container #1 is in OPEN state, but the datanode dd1d24cd-1df3-4428-bf67-9b7dc9bd3e4c{ip: 192.168.34.41, host: trunk-nightly-20191021-4s9dg-2799068384, networkLocation: /default-rack, certSerialId: null} reports an CLOSED replica.
2019-10-21 04:30:33,072 [java.util.concurrent.ThreadPoolExecutor$Worker@4c939573[State = -1, empty queue]] WARN  server.GrpcLogAppender (GrpcLogAppender.java:timeoutAppendRequest(209)) - dd1d24cd-1df3-4428-bf67-9b7dc9bd3e4c@group-D606C9B72829->f02da163-2c1f-4de2-ab71-b915d7d0ae78-GrpcLogAppender: appendEntries Timeout, request=dd1d24cd-1df3-4428-bf67-9b7dc9bd3e4c->f02da163-2c1f-4de2-ab71-b915d7d0ae78#49-t5, previous=(t:5, i:10), leaderCommit=10, initializing? false, entries: <empty>
2019-10-21 04:30:33,083 [EventQueue-ContainerReportForContainerReportHandler] WARN  container.ContainerReportHandler (AbstractContainerReportHandler.java:updateContainerState(145)) - Container #1 is in OPEN state, but the datanode 641380fb-ae96-4755-94e0-fd776bdc090f{ip: 192.168.34.41, host: trunk-nightly-20191021-4s9dg-2799068384, networkLocation: /default-rack, certSerialId: null} reports an CLOSED replica.
2019-10-21 04:30:33,275 [EventQueue-ContainerReportForContainerReportHandler] WARN  container.ContainerReportHandler (AbstractContainerReportHandler.java:updateContainerState(145)) - Container #1 is in OPEN state, but the datanode dd1d24cd-1df3-4428-bf67-9b7dc9bd3e4c{ip: 192.168.34.41, host: trunk-nightly-20191021-4s9dg-2799068384, networkLocation: /default-rack, certSerialId: null} reports an CLOSED replica.
2019-10-21 04:30:33,281 [BlockDeletingService#2] WARN  background.BlockDeletingService (BlockDeletingService.java:isDeletionAllowed(187)) - Close Container log Index 6 is not replicated across allthe servers in the pipeline d49b1818-47fb-49d2-b44c-d606c9b72829 as the min replicated index is 4. Deletion is not allowed in this container yet.
2019-10-21 04:30:33,281 [BlockDeletingService#7] WARN  background.BlockDeletingService (BlockDeletingService.java:isDeletionAllowed(187)) - Close Container log Index 6 is not replicated across allthe servers in the pipeline d49b1818-47fb-49d2-b44c-d606c9b72829 as the min replicated index is 4. Deletion is not allowed in this container yet.
2019-10-21 04:30:33,383 [EventQueue-ContainerReportForContainerReportHandler] WARN  container.ContainerReportHandler (AbstractContainerReportHandler.java:updateContainerState(145)) - Container #1 is in OPEN state, but the datanode 641380fb-ae96-4755-94e0-fd776bdc090f{ip: 192.168.34.41, host: trunk-nightly-20191021-4s9dg-2799068384, networkLocation: /default-rack, certSerialId: null} reports an CLOSED replica.
2019-10-21 04:30:33,576 [EventQueue-ContainerReportForContainerReportHandler] WARN  container.ContainerReportHandler (AbstractContainerReportHandler.java:updateContainerState(145)) - Container #1 is in OPEN state, but the datanode dd1d24cd-1df3-4428-bf67-9b7dc9bd3e4c{ip: 192.168.34.41, host: trunk-nightly-20191021-4s9dg-2799068384, networkLocation: /default-rack, certSerialId: null} reports an CLOSED replica.
2019-10-21 04:30:33,783 [EventQueue-ContainerReportForContainerReportHandler] WARN  container.ContainerReportHandler (AbstractContainerReportHandler.java:updateContainerState(145)) - Container #1 is in OPEN state, but the datanode 641380fb-ae96-4755-94e0-fd776bdc090f{ip: 192.168.34.41, host: trunk-nightly-20191021-4s9dg-2799068384, networkLocation: /default-rack, certSerialId: null} reports an CLOSED replica.
2019-10-21 04:30:33,875 [EventQueue-ContainerReportForContainerReportHandler] WARN  container.ContainerReportHandler (AbstractContainerReportHandler.java:updateContainerState(145)) - Container #1 is in OPEN state, but the datanode dd1d24cd-1df3-4428-bf67-9b7dc9bd3e4c{ip: 192.168.34.41, host: trunk-nightly-20191021-4s9dg-2799068384, networkLocation: /default-rack, certSerialId: null} reports an CLOSED replica.
2019-10-21 04:30:34,083 [EventQueue-ContainerReportForContainerReportHandler] WARN  container.ContainerReportHandler (AbstractContainerReportHandler.java:updateContainerState(145)) - Container #1 is in OPEN state, but the datanode 641380fb-ae96-4755-94e0-fd776bdc090f{ip: 192.168.34.41, host: trunk-nightly-20191021-4s9dg-2799068384, networkLocation: /default-rack, certSerialId: null} reports an CLOSED replica.
2019-10-21 04:30:34,176 [EventQueue-ContainerReportForContainerReportHandler] WARN  container.ContainerReportHandler (AbstractContainerReportHandler.java:updateContainerState(145)) - Container #1 is in OPEN state, but the datanode dd1d24cd-1df3-4428-bf67-9b7dc9bd3e4c{ip: 192.168.34.41, host: trunk-nightly-20191021-4s9dg-2799068384, networkLocation: /default-rack, certSerialId: null} reports an CLOSED replica.
2019-10-21 04:30:34,285 [BlockDeletingService#7] WARN  background.BlockDeletingService (BlockDeletingService.java:isDeletionAllowed(187)) - Close Container log Index 6 is not replicated across allthe servers in the pipeline d49b1818-47fb-49d2-b44c-d606c9b72829 as the min replicated index is 4. Deletion is not allowed in this container yet.
2019-10-21 04:30:34,285 [BlockDeletingService#2] WARN  background.BlockDeletingService (BlockDeletingService.java:isDeletionAllowed(187)) - Close Container log Index 6 is not replicated across allthe servers in the pipeline d49b1818-47fb-49d2-b44c-d606c9b72829 as the min replicated index is 4. Deletion is not allowed in this container yet.
2019-10-21 04:30:34,476 [EventQueue-ContainerReportForContainerReportHandler] WARN  container.ContainerReportHandler (AbstractContainerReportHandler.java:updateContainerState(145)) - Container #1 is in OPEN state, but the datanode dd1d24cd-1df3-4428-bf67-9b7dc9bd3e4c{ip: 192.168.34.41, host: trunk-nightly-20191021-4s9dg-2799068384, networkLocation: /default-rack, certSerialId: null} reports an CLOSED replica.
2019-10-21 04:30:34,483 [EventQueue-ContainerReportForContainerReportHandler] WARN  container.ContainerReportHandler (AbstractContainerReportHandler.java:updateContainerState(145)) - Container #1 is in OPEN state, but the datanode 641380fb-ae96-4755-94e0-fd776bdc090f{ip: 192.168.34.41, host: trunk-nightly-20191021-4s9dg-2799068384, networkLocation: /default-rack, certSerialId: null} reports an CLOSED replica.
2019-10-21 04:30:34,676 [EventQueue-ContainerReportForContainerReportHandler] WARN  container.ContainerReportHandler (AbstractContainerReportHandler.java:updateContainerState(145)) - Container #1 is in OPEN state, but the datanode dd1d24cd-1df3-4428-bf67-9b7dc9bd3e4c{ip: 192.168.34.41, host: trunk-nightly-20191021-4s9dg-2799068384, networkLocation: /default-rack, certSerialId: null} reports an CLOSED replica.
2019-10-21 04:30:34,684 [EventQueue-ContainerReportForContainerReportHandler] WARN  container.ContainerReportHandler (AbstractContainerReportHandler.java:updateContainerState(145)) - Container #1 is in OPEN state, but the datanode 641380fb-ae96-4755-94e0-fd776bdc090f{ip: 192.168.34.41, host: trunk-nightly-20191021-4s9dg-2799068384, networkLocation: /default-rack, certSerialId: null} reports an CLOSED replica.
2019-10-21 04:30:34,747 [EventQueue-StaleNodeForStaleNodeHandler] INFO  node.StaleNodeHandler (StaleNodeHandler.java:onMessage(58)) - Datanode f02da163-2c1f-4de2-ab71-b915d7d0ae78{ip: 192.168.34.41, host: trunk-nightly-20191021-4s9dg-2799068384, networkLocation: /default-rack, certSerialId: null} moved to stale state. Finalizing its pipelines [PipelineID=6d405a88-4a05-4aad-a675-41f56fbd1ccd, PipelineID=d49b1818-47fb-49d2-b44c-d606c9b72829]
2019-10-21 04:30:34,747 [EventQueue-StaleNodeForStaleNodeHandler] INFO  pipeline.SCMPipelineManager (SCMPipelineManager.java:finalizeAndDestroyPipeline(315)) - destroying pipeline:Pipeline[ Id: 6d405a88-4a05-4aad-a675-41f56fbd1ccd, Nodes: f02da163-2c1f-4de2-ab71-b915d7d0ae78{ip: 192.168.34.41, host: trunk-nightly-20191021-4s9dg-2799068384, networkLocation: /default-rack, certSerialId: null}, Type:RATIS, Factor:ONE, State:OPEN]
2019-10-21 04:30:34,750 [EventQueue-StaleNodeForStaleNodeHandler] INFO  pipeline.PipelineStateManager (PipelineStateManager.java:finalizePipeline(123)) - Pipeline Pipeline[ Id: 6d405a88-4a05-4aad-a675-41f56fbd1ccd, Nodes: f02da163-2c1f-4de2-ab71-b915d7d0ae78{ip: 192.168.34.41, host: trunk-nightly-20191021-4s9dg-2799068384, networkLocation: /default-rack, certSerialId: null}, Type:RATIS, Factor:ONE, State:CLOSED] moved to CLOSED state
2019-10-21 04:30:34,751 [EventQueue-StaleNodeForStaleNodeHandler] INFO  pipeline.SCMPipelineManager (SCMPipelineManager.java:finalizeAndDestroyPipeline(315)) - destroying pipeline:Pipeline[ Id: d49b1818-47fb-49d2-b44c-d606c9b72829, Nodes: dd1d24cd-1df3-4428-bf67-9b7dc9bd3e4c{ip: 192.168.34.41, host: trunk-nightly-20191021-4s9dg-2799068384, networkLocation: /default-rack, certSerialId: null}641380fb-ae96-4755-94e0-fd776bdc090f{ip: 192.168.34.41, host: trunk-nightly-20191021-4s9dg-2799068384, networkLocation: /default-rack, certSerialId: null}f02da163-2c1f-4de2-ab71-b915d7d0ae78{ip: 192.168.34.41, host: trunk-nightly-20191021-4s9dg-2799068384, networkLocation: /default-rack, certSerialId: null}, Type:RATIS, Factor:THREE, State:OPEN]
2019-10-21 04:30:34,752 [EventQueue-StaleNodeForStaleNodeHandler] INFO  pipeline.PipelineStateManager (PipelineStateManager.java:finalizePipeline(123)) - Pipeline Pipeline[ Id: d49b1818-47fb-49d2-b44c-d606c9b72829, Nodes: dd1d24cd-1df3-4428-bf67-9b7dc9bd3e4c{ip: 192.168.34.41, host: trunk-nightly-20191021-4s9dg-2799068384, networkLocation: /default-rack, certSerialId: null}641380fb-ae96-4755-94e0-fd776bdc090f{ip: 192.168.34.41, host: trunk-nightly-20191021-4s9dg-2799068384, networkLocation: /default-rack, certSerialId: null}f02da163-2c1f-4de2-ab71-b915d7d0ae78{ip: 192.168.34.41, host: trunk-nightly-20191021-4s9dg-2799068384, networkLocation: /default-rack, certSerialId: null}, Type:RATIS, Factor:THREE, State:CLOSED] moved to CLOSED state
2019-10-21 04:30:34,752 [EventQueue-CloseContainerForCloseContainerEventHandler] INFO  container.CloseContainerEventHandler (CloseContainerEventHandler.java:onMessage(61)) - Close container Event triggered for container : #1
2019-10-21 04:30:34,876 [EventQueue-ContainerReportForContainerReportHandler] INFO  container.ContainerReportHandler (AbstractContainerReportHandler.java:updateContainerState(178)) - Moving container #1 to CLOSED state, datanode dd1d24cd-1df3-4428-bf67-9b7dc9bd3e4c{ip: 192.168.34.41, host: trunk-nightly-20191021-4s9dg-2799068384, networkLocation: /default-rack, certSerialId: null} reported CLOSED replica.
2019-10-21 04:30:35,286 [BlockDeletingService#2] WARN  background.BlockDeletingService (BlockDeletingService.java:isDeletionAllowed(187)) - Close Container log Index 6 is not replicated across allthe servers in the pipeline d49b1818-47fb-49d2-b44c-d606c9b72829 as the min replicated index is 4. Deletion is not allowed in this container yet.
2019-10-21 04:30:35,286 [BlockDeletingService#7] WARN  background.BlockDeletingService (BlockDeletingService.java:isDeletionAllowed(187)) - Close Container log Index 6 is not replicated across allthe servers in the pipeline d49b1818-47fb-49d2-b44c-d606c9b72829 as the min replicated index is 4. Deletion is not allowed in this container yet.
2019-10-21 04:30:35,356 [Thread-550] INFO  client.GrpcClientProtocolService (GrpcClientProtocolService.java:lambda$processClientRequest$0(278)) - Failed RaftClientRequest:client-A60227926EB5->641380fb-ae96-4755-94e0-fd776bdc090f@group-D606C9B72829, cid=10, seq=0, Watch-ALL_COMMITTED(6), Message:<EMPTY>, reply=RaftClientReply:client-A60227926EB5->641380fb-ae96-4755-94e0-fd776bdc090f@group-D606C9B72829, cid=10, FAILED org.apache.ratis.protocol.NotLeaderException: Server 641380fb-ae96-4755-94e0-fd776bdc090f@group-D606C9B72829 is not the leader dd1d24cd-1df3-4428-bf67-9b7dc9bd3e4c:192.168.34.41:45185, logIndex=0, commits[641380fb-ae96-4755-94e0-fd776bdc090f:c10, f02da163-2c1f-4de2-ab71-b915d7d0ae78:c4, dd1d24cd-1df3-4428-bf67-9b7dc9bd3e4c:c10]
2019-10-21 04:30:35,573 [java.util.concurrent.ThreadPoolExecutor$Worker@4c939573[State = -1, empty queue]] WARN  server.GrpcLogAppender (GrpcLogAppender.java:timeoutAppendRequest(209)) - dd1d24cd-1df3-4428-bf67-9b7dc9bd3e4c@group-D606C9B72829->f02da163-2c1f-4de2-ab71-b915d7d0ae78-GrpcLogAppender: appendEntries Timeout, request=dd1d24cd-1df3-4428-bf67-9b7dc9bd3e4c->f02da163-2c1f-4de2-ab71-b915d7d0ae78#50-t5, previous=(t:5, i:10), leaderCommit=10, initializing? false, entries: <empty>
2019-10-21 04:30:35,756 [Thread-553] INFO  client.GrpcClientProtocolService (GrpcClientProtocolService.java:lambda$processClientRequest$0(278)) - Failed RaftClientRequest:client-A60227926EB5->dd1d24cd-1df3-4428-bf67-9b7dc9bd3e4c@group-D606C9B72829, cid=10, seq=0, Watch-ALL_COMMITTED(6), Message:<EMPTY>, reply=RaftClientReply:client-A60227926EB5->dd1d24cd-1df3-4428-bf67-9b7dc9bd3e4c@group-D606C9B72829, cid=10, FAILED org.apache.ratis.protocol.NotReplicatedException: Request with call Id 10 and log index 6 is not yet replicated to ALL_COMMITTED, logIndex=6, commits[dd1d24cd-1df3-4428-bf67-9b7dc9bd3e4c:c10, 641380fb-ae96-4755-94e0-fd776bdc090f:c10, f02da163-2c1f-4de2-ab71-b915d7d0ae78:c4]
2019-10-21 04:30:35,848 [SCMBlockDeletingService#1] INFO  block.SCMBlockDeletingService (SCMBlockDeletingService.java:call(184)) - Totally added 3 delete blocks command for 3 datanodes, task elapsed time: 5ms
2019-10-21 04:30:35,981 [EventQueue-PendingDeleteStatusForPendingDeleteHandler] INFO  block.SCMBlockDeletingService (SCMBlockDeletingService.java:handlePendingDeletes(115)) - Block deletion txnID mismatch in datanode dd1d24cd-1df3-4428-bf67-9b7dc9bd3e4c for containerID 1. Datanode delete txnID: 0, SCM txnID: 1
2019-10-21 04:30:35,983 [EventQueue-PendingDeleteStatusForPendingDeleteHandler] INFO  block.SCMBlockDeletingService (SCMBlockDeletingService.java:handlePendingDeletes(115)) - Block deletion txnID mismatch in datanode 641380fb-ae96-4755-94e0-fd776bdc090f for containerID 1. Datanode delete txnID: 0, SCM txnID: 1
2019-10-21 04:30:35,986 [Command processor thread] INFO  commandhandler.DeleteBlocksCommandHandler (DeleteBlocksCommandHandler.java:handle(106)) - Start to delete container blocks, TXIDs=[1(0)], numOfContainers=1, numOfBlocks=1
2019-10-21 04:30:36,276 [EventQueue-PendingDeleteStatusForPendingDeleteHandler] INFO  block.SCMBlockDeletingService (SCMBlockDeletingService.java:handlePendingDeletes(115)) - Block deletion txnID mismatch in datanode dd1d24cd-1df3-4428-bf67-9b7dc9bd3e4c for containerID 1. Datanode delete txnID: 0, SCM txnID: 1
2019-10-21 04:30:36,288 [BlockDeletingService#7] WARN  background.BlockDeletingService (BlockDeletingService.java:isDeletionAllowed(187)) - Close Container log Index 6 is not replicated across allthe servers in the pipeline d49b1818-47fb-49d2-b44c-d606c9b72829 as the min replicated index is 4. Deletion is not allowed in this container yet.
2019-10-21 04:30:36,288 [BlockDeletingService#2] WARN  background.BlockDeletingService (BlockDeletingService.java:isDeletionAllowed(187)) - Close Container log Index 6 is not replicated across allthe servers in the pipeline d49b1818-47fb-49d2-b44c-d606c9b72829 as the min replicated index is 4. Deletion is not allowed in this container yet.
2019-10-21 04:30:36,577 [EventQueue-PendingDeleteStatusForPendingDeleteHandler] INFO  block.SCMBlockDeletingService (SCMBlockDeletingService.java:handlePendingDeletes(115)) - Block deletion txnID mismatch in datanode dd1d24cd-1df3-4428-bf67-9b7dc9bd3e4c for containerID 1. Datanode delete txnID: 0, SCM txnID: 1
2019-10-21 04:30:36,849 [SCMBlockDeletingService#1] INFO  block.SCMBlockDeletingService (SCMBlockDeletingService.java:call(184)) - Totally added 2 delete blocks command for 2 datanodes, task elapsed time: 1ms
2019-10-21 04:30:36,851 [pool-7-thread-1] INFO  commands.RetriableDatanodeEventWatcher (RetriableDatanodeEventWatcher.java:onTimeout(47)) - RetriableDatanodeCommand type=deleteBlocksCommand with id=1571632235848 timed out. Retrying.
2019-10-21 04:30:36,851 [pool-7-thread-2] INFO  commands.RetriableDatanodeEventWatcher (RetriableDatanodeEventWatcher.java:onTimeout(47)) - RetriableDatanodeCommand type=deleteBlocksCommand with id=1571632235849 timed out. Retrying.
2019-10-21 04:30:36,876 [Command processor thread] INFO  commandhandler.DeleteBlocksCommandHandler (DeleteBlocksCommandHandler.java:handle(106)) - Start to delete container blocks, TXIDs=[1(0)], numOfContainers=1, numOfBlocks=1
2019-10-21 04:30:37,147 [main] INFO  impl.MetricsSystemImpl (MetricsSystemImpl.java:init(158)) - HddsDatanode metrics system started (again)
2019-10-21 04:30:37,189 [main] INFO  ozone.HddsDatanodeService (HddsDatanodeService.java:start(184)) - HddsDatanodeService host:trunk-nightly-20191021-4s9dg-2799068384 ip:192.168.34.41
2019-10-21 04:30:37,193 [main] INFO  volume.VolumeUsage (VolumeUsage.java:loadScmUsed(144)) - Cached ScmUsed found for /workdir/hadoop-ozone/integration-test/target/test-dir/MiniOzoneClusterImpl-50bd132f-794a-46b6-9d96-2578473f4a2b/datanode-2/data/containers : 4096 
2019-10-21 04:30:37,193 [main] INFO  volume.HddsVolume (HddsVolume.java:<init>(176)) - Creating Volume: /workdir/hadoop-ozone/integration-test/target/test-dir/MiniOzoneClusterImpl-50bd132f-794a-46b6-9d96-2578473f4a2b/datanode-2/data/containers/hdds of  storage type : DISK and capacity : 1482555576320
2019-10-21 04:30:37,194 [main] INFO  volume.VolumeSet (VolumeSet.java:initializeVolumeSet(170)) - Added Volume : /workdir/hadoop-ozone/integration-test/target/test-dir/MiniOzoneClusterImpl-50bd132f-794a-46b6-9d96-2578473f4a2b/datanode-2/data/containers/hdds to VolumeSet
2019-10-21 04:30:37,194 [main] INFO  volume.ThrottledAsyncChecker (ThrottledAsyncChecker.java:schedule(141)) - Scheduling a check for /workdir/hadoop-ozone/integration-test/target/test-dir/MiniOzoneClusterImpl-50bd132f-794a-46b6-9d96-2578473f4a2b/datanode-2/data/containers/hdds
2019-10-21 04:30:37,194 [main] INFO  volume.HddsVolumeChecker (HddsVolumeChecker.java:checkAllVolumes(204)) - Scheduled health check for volume /workdir/hadoop-ozone/integration-test/target/test-dir/MiniOzoneClusterImpl-50bd132f-794a-46b6-9d96-2578473f4a2b/datanode-2/data/containers/hdds
2019-10-21 04:30:37,236 [main] INFO  impl.RaftServerProxy (ConfUtils.java:logGet(43)) - raft.rpc.type = GRPC (default)
2019-10-21 04:30:37,236 [main] INFO  grpc.GrpcFactory (GrpcFactory.java:checkPooledByteBufAllocatorUseCacheForAllThreads(45)) - PERFORMANCE WARNING: useCacheForAllThreads is true that may cause Netty to create a lot garbage objects and, as a result, trigger GC.
	It is recommended to disable useCacheForAllThreads by setting -Dorg.apache.ratis.thirdparty.io.netty.allocator.useCacheForAllThreads=false in command line.
2019-10-21 04:30:37,236 [main] INFO  grpc.GrpcConfigKeys$Server (ConfUtils.java:logGet(43)) - raft.grpc.server.port = 39439 (custom)
2019-10-21 04:30:37,237 [main] INFO  server.GrpcService (ConfUtils.java:logGet(43)) - raft.grpc.message.size.max = 33570816 (custom)
2019-10-21 04:30:37,237 [main] INFO  server.RaftServerConfigKeys (ConfUtils.java:logGet(43)) - raft.server.log.appender.buffer.byte-limit = 33554432 (custom)
2019-10-21 04:30:37,237 [main] INFO  server.GrpcService (ConfUtils.java:logGet(43)) - raft.grpc.flow.control.window = 1MB (=1048576) (default)
2019-10-21 04:30:37,238 [main] INFO  server.RaftServerConfigKeys (ConfUtils.java:logGet(43)) - raft.server.rpc.request.timeout = 3000ms (default)
2019-10-21 04:30:37,238 [main] INFO  server.RaftServerConfigKeys (ConfUtils.java:logGet(43)) - raft.server.storage.dir = [/workdir/hadoop-ozone/integration-test/target/test-dir/MiniOzoneClusterImpl-50bd132f-794a-46b6-9d96-2578473f4a2b/datanode-2/data/ratis] (custom)
2019-10-21 04:30:37,239 [main] INFO  impl.RaftServerProxy (RaftServerProxy.java:lambda$null$0(191)) - f02da163-2c1f-4de2-ab71-b915d7d0ae78: found a subdirectory /workdir/hadoop-ozone/integration-test/target/test-dir/MiniOzoneClusterImpl-50bd132f-794a-46b6-9d96-2578473f4a2b/datanode-2/data/ratis/d49b1818-47fb-49d2-b44c-d606c9b72829
2019-10-21 04:30:37,240 [main] INFO  impl.RaftServerProxy (RaftServerProxy.java:addNew(89)) - f02da163-2c1f-4de2-ab71-b915d7d0ae78: addNew group-D606C9B72829:[] returns group-D606C9B72829:java.util.concurrent.CompletableFuture@2f7efd0b[Not completed]
2019-10-21 04:30:37,240 [main] INFO  impl.RaftServerProxy (RaftServerProxy.java:lambda$null$0(191)) - f02da163-2c1f-4de2-ab71-b915d7d0ae78: found a subdirectory /workdir/hadoop-ozone/integration-test/target/test-dir/MiniOzoneClusterImpl-50bd132f-794a-46b6-9d96-2578473f4a2b/datanode-2/data/ratis/6d405a88-4a05-4aad-a675-41f56fbd1ccd
2019-10-21 04:30:37,241 [main] INFO  impl.RaftServerProxy (RaftServerProxy.java:addNew(89)) - f02da163-2c1f-4de2-ab71-b915d7d0ae78: addNew group-41F56FBD1CCD:[] returns group-41F56FBD1CCD:java.util.concurrent.CompletableFuture@41ad373[Not completed]
2019-10-21 04:30:37,243 [pool-59-thread-1] INFO  impl.RaftServerImpl (RaftServerImpl.java:<init>(104)) - f02da163-2c1f-4de2-ab71-b915d7d0ae78: new RaftServerImpl for group-D606C9B72829:[] with ContainerStateMachine:uninitialized
2019-10-21 04:30:37,245 [pool-59-thread-1] INFO  server.RaftServerConfigKeys (ConfUtils.java:logGet(43)) - raft.server.rpc.timeout.min = 5s (custom)
2019-10-21 04:30:37,245 [pool-59-thread-1] INFO  server.RaftServerConfigKeys (ConfUtils.java:logGet(43)) - raft.server.rpc.timeout.max = 5200ms (custom)
2019-10-21 04:30:37,245 [pool-59-thread-1] INFO  server.RaftServerConfigKeys (ConfUtils.java:logGet(43)) - raft.server.rpcslowness.timeout = 1000s (custom)
2019-10-21 04:30:37,245 [pool-59-thread-1] INFO  server.RaftServerConfigKeys (ConfUtils.java:logGet(43)) - raft.server.sleep.deviation.threshold = 300 (default)
2019-10-21 04:30:37,246 [pool-59-thread-1] INFO  server.RaftServerConfigKeys (ConfUtils.java:logGet(43)) - raft.server.log.appender.install.snapshot.enabled = false (custom)
2019-10-21 04:30:37,246 [pool-59-thread-1] INFO  impl.RaftServerImpl (ServerState.java:<init>(103)) - f02da163-2c1f-4de2-ab71-b915d7d0ae78@group-D606C9B72829: ConfigurationManager, init=-1: [], old=null, confs=<EMPTY_MAP>
2019-10-21 04:30:37,246 [pool-59-thread-1] INFO  server.RaftServerConfigKeys (ConfUtils.java:logGet(43)) - raft.server.storage.dir = [/workdir/hadoop-ozone/integration-test/target/test-dir/MiniOzoneClusterImpl-50bd132f-794a-46b6-9d96-2578473f4a2b/datanode-2/data/ratis] (custom)
2019-10-21 04:30:37,246 [pool-59-thread-1] INFO  server.RaftServerConfigKeys (ConfUtils.java:logGet(43)) - raft.server.log.corruption.policy = EXCEPTION (default)
2019-10-21 04:30:37,246 [main] INFO  hdfs.DFSUtil (DFSUtil.java:httpServerTemplateForNNAndJN(1641)) - Starting Web-server for hddsDatanode at: http://0.0.0.0:37119
2019-10-21 04:30:37,248 [main] INFO  server.AuthenticationFilter (AuthenticationFilter.java:constructSecretProvider(240)) - Unable to initialize FileSignerSecretProvider, falling back to use random secrets.
2019-10-21 04:30:37,249 [main] WARN  http.HttpRequestLog (HttpRequestLog.java:getRequestLog(97)) - Jetty request log can only be enabled using Log4j
2019-10-21 04:30:37,251 [main] INFO  http.HttpServer2 (HttpServer2.java:addGlobalFilter(975)) - Added global filter 'safety' (class=org.apache.hadoop.http.HttpServer2$QuotingInputFilter)
2019-10-21 04:30:37,251 [main] INFO  http.HttpServer2 (HttpServer2.java:addFilter(948)) - Added filter static_user_filter (class=org.apache.hadoop.http.lib.StaticUserWebFilter$StaticUserFilter) to context hddsDatanode
2019-10-21 04:30:37,251 [main] INFO  http.HttpServer2 (HttpServer2.java:addFilter(958)) - Added filter static_user_filter (class=org.apache.hadoop.http.lib.StaticUserWebFilter$StaticUserFilter) to context logs
2019-10-21 04:30:37,252 [main] INFO  http.HttpServer2 (HttpServer2.java:addFilter(958)) - Added filter static_user_filter (class=org.apache.hadoop.http.lib.StaticUserWebFilter$StaticUserFilter) to context static
2019-10-21 04:30:37,253 [main] INFO  http.HttpServer2 (HttpServer2.java:bindListener(1191)) - Jetty bound to port 37119
2019-10-21 04:30:37,253 [main] INFO  server.Server (Server.java:doStart(351)) - jetty-9.3.25.v20180904, build timestamp: 2018-09-04T21:11:46Z, git hash: 3ce520221d0240229c862b122d2b06c12a625732
2019-10-21 04:30:37,255 [main] INFO  handler.ContextHandler (ContextHandler.java:doStart(781)) - Started o.e.j.s.ServletContextHandler@d2291de{/logs,file:///workdir/hadoop-ozone/integration-test/target/log,AVAILABLE}
2019-10-21 04:30:37,255 [main] INFO  handler.ContextHandler (ContextHandler.java:doStart(781)) - Started o.e.j.s.ServletContextHandler@41a374be{/static,jar:file:/home/user/.m2/repository/org/apache/hadoop/hadoop-hdds-container-service/0.5.0-SNAPSHOT/hadoop-hdds-container-service-0.5.0-SNAPSHOT.jar!/webapps/static,AVAILABLE}
2019-10-21 04:30:37,260 [pool-59-thread-1] INFO  storage.RaftStorageDirectory (RaftStorageDirectory.java:tryLock(328)) - Lock on /workdir/hadoop-ozone/integration-test/target/test-dir/MiniOzoneClusterImpl-50bd132f-794a-46b6-9d96-2578473f4a2b/datanode-2/data/ratis/d49b1818-47fb-49d2-b44c-d606c9b72829/in_use.lock acquired by nodename 32149@trunk-nightly-20191021-4s9dg-2799068384
2019-10-21 04:30:37,264 [pool-59-thread-1] INFO  ratis.ContainerStateMachine (ContainerStateMachine.java:loadSnapshot(240)) - group-D606C9B72829: Setting the last applied index to (t:5, i:3)
2019-10-21 04:30:37,270 [pool-59-thread-1] INFO  impl.RaftServerImpl (ServerState.java:setRaftConf(357)) - f02da163-2c1f-4de2-ab71-b915d7d0ae78@group-D606C9B72829: set configuration 0: [641380fb-ae96-4755-94e0-fd776bdc090f:192.168.34.41:39543, f02da163-2c1f-4de2-ab71-b915d7d0ae78:192.168.34.41:39439, dd1d24cd-1df3-4428-bf67-9b7dc9bd3e4c:192.168.34.41:45185], old=null at 0
2019-10-21 04:30:37,270 [pool-59-thread-1] INFO  server.RaftServerConfigKeys (ConfUtils.java:logGet(43)) - raft.server.notification.no-leader.timeout = 1000s (custom)
2019-10-21 04:30:37,271 [pool-59-thread-1] INFO  server.RaftServerConfigKeys (ConfUtils.java:logGet(43)) - raft.server.log.use.memory = false (default)
2019-10-21 04:30:37,271 [pool-59-thread-1] INFO  server.RaftServerConfigKeys (ConfUtils.java:logGet(43)) - raft.server.log.purge.gap = 1000000 (custom)
2019-10-21 04:30:37,271 [pool-59-thread-1] INFO  server.RaftServerConfigKeys (ConfUtils.java:logGet(43)) - raft.server.log.appender.buffer.byte-limit = 33554432 (custom)
2019-10-21 04:30:37,271 [pool-59-thread-1] INFO  server.RaftServerConfigKeys (ConfUtils.java:logGet(43)) - raft.server.log.segment.size.max = 1048576 (custom)
2019-10-21 04:30:37,271 [pool-59-thread-1] INFO  server.RaftServerConfigKeys (ConfUtils.java:logGet(43)) - raft.server.log.segment.cache.num.max = 2 (custom)
2019-10-21 04:30:37,271 [pool-59-thread-1] INFO  segmented.SegmentedRaftLogWorker (SegmentedRaftLogWorker.java:<init>(173)) - new f02da163-2c1f-4de2-ab71-b915d7d0ae78@group-D606C9B72829-SegmentedRaftLogWorker for RaftStorage:Storage Directory /workdir/hadoop-ozone/integration-test/target/test-dir/MiniOzoneClusterImpl-50bd132f-794a-46b6-9d96-2578473f4a2b/datanode-2/data/ratis/d49b1818-47fb-49d2-b44c-d606c9b72829
2019-10-21 04:30:37,272 [pool-59-thread-1] INFO  server.RaftServerConfigKeys (ConfUtils.java:logGet(43)) - raft.server.log.queue.byte-limit = 2147483647 (custom)
2019-10-21 04:30:37,272 [pool-59-thread-1] INFO  server.RaftServerConfigKeys (ConfUtils.java:logGet(43)) - raft.server.log.queue.element-limit = 1024 (custom)
2019-10-21 04:30:37,272 [pool-59-thread-1] INFO  server.RaftServerConfigKeys (ConfUtils.java:logGet(43)) - raft.server.log.segment.size.max = 1048576 (custom)
2019-10-21 04:30:37,272 [pool-59-thread-1] INFO  server.RaftServerConfigKeys (ConfUtils.java:logGet(43)) - raft.server.log.preallocated.size = 16384 (custom)
2019-10-21 04:30:37,272 [pool-59-thread-1] INFO  server.RaftServerConfigKeys (ConfUtils.java:logGet(43)) - raft.server.log.write.buffer.size = 33554432 (custom)
2019-10-21 04:30:37,272 [pool-59-thread-1] INFO  server.RaftServerConfigKeys (ConfUtils.java:logGet(43)) - raft.server.log.force.sync.num = 128 (default)
2019-10-21 04:30:37,272 [pool-59-thread-1] INFO  server.RaftServerConfigKeys (ConfUtils.java:logGet(43)) - raft.server.log.statemachine.data.sync = true (default)
2019-10-21 04:30:37,273 [pool-59-thread-1] INFO  server.RaftServerConfigKeys (ConfUtils.java:logGet(43)) - raft.server.log.statemachine.data.sync.timeout = 10s (default)
2019-10-21 04:30:37,273 [pool-59-thread-1] INFO  server.RaftServerConfigKeys (ConfUtils.java:logGet(43)) - raft.server.log.statemachine.data.sync.timeout.retry = -1 (default)
2019-10-21 04:30:37,273 [pool-59-thread-1] INFO  server.RaftServerConfigKeys (ConfUtils.java:logGet(43)) - raft.server.log.statemachine.data.caching.enabled = true (custom)
2019-10-21 04:30:37,281 [pool-59-thread-1] INFO  impl.RaftServerImpl (ServerState.java:setRaftConf(357)) - f02da163-2c1f-4de2-ab71-b915d7d0ae78@group-D606C9B72829: set configuration 0: [641380fb-ae96-4755-94e0-fd776bdc090f:192.168.34.41:39543, f02da163-2c1f-4de2-ab71-b915d7d0ae78:192.168.34.41:39439, dd1d24cd-1df3-4428-bf67-9b7dc9bd3e4c:192.168.34.41:45185], old=null at 0
2019-10-21 04:30:37,282 [pool-59-thread-1] INFO  segmented.LogSegment (LogSegment.java:loadSegment(140)) - Successfully read 5 entries from segment file /workdir/hadoop-ozone/integration-test/target/test-dir/MiniOzoneClusterImpl-50bd132f-794a-46b6-9d96-2578473f4a2b/datanode-2/data/ratis/d49b1818-47fb-49d2-b44c-d606c9b72829/current/log_inprogress_0
2019-10-21 04:30:37,283 [pool-59-thread-1] INFO  segmented.SegmentedRaftLogWorker (SegmentedRaftLogWorker.java:lambda$new$0(128)) - f02da163-2c1f-4de2-ab71-b915d7d0ae78@group-D606C9B72829-SegmentedRaftLogWorker: flushIndex: setUnconditionally 0 -> 4
2019-10-21 04:30:37,295 [BlockDeletingService#7] WARN  background.BlockDeletingService (BlockDeletingService.java:isDeletionAllowed(187)) - Close Container log Index 6 is not replicated across allthe servers in the pipeline d49b1818-47fb-49d2-b44c-d606c9b72829 as the min replicated index is 4. Deletion is not allowed in this container yet.
2019-10-21 04:30:37,295 [BlockDeletingService#2] WARN  background.BlockDeletingService (BlockDeletingService.java:isDeletionAllowed(187)) - Close Container log Index 6 is not replicated across allthe servers in the pipeline d49b1818-47fb-49d2-b44c-d606c9b72829 as the min replicated index is 4. Deletion is not allowed in this container yet.
2019-10-21 04:30:37,304 [main] INFO  handler.ContextHandler (ContextHandler.java:doStart(781)) - Started o.e.j.w.WebAppContext@6fbc1bb{/,file:///tmp/jetty-0.0.0.0-37119-hddsDatanode-_-any-5288858556246759324.dir/webapp/,AVAILABLE}{/hddsDatanode}
2019-10-21 04:30:37,314 [main] INFO  server.AbstractConnector (AbstractConnector.java:doStart(278)) - Started ServerConnector@505fbec2{HTTP/1.1,[http/1.1]}{0.0.0.0:37119}
2019-10-21 04:30:37,314 [pool-59-thread-1] INFO  raftlog.RaftLog (RaftLog.java:lambda$new$0(61)) - f02da163-2c1f-4de2-ab71-b915d7d0ae78@group-D606C9B72829-SegmentedRaftLog: commitIndex: updateToMax old=3, new=3, updated? false
2019-10-21 04:30:37,315 [main] INFO  server.Server (Server.java:doStart(419)) - Started @115746ms
2019-10-21 04:30:37,315 [main] WARN  impl.MetricsSystemImpl (MetricsSystemImpl.java:register(276)) - Sink prometheus already exists!
2019-10-21 04:30:37,315 [pool-59-thread-1] INFO  server.RaftServerConfigKeys (ConfUtils.java:logGet(43)) - raft.server.snapshot.auto.trigger.enabled = true (custom)
2019-10-21 04:30:37,315 [pool-59-thread-1] INFO  server.RaftServerConfigKeys (ConfUtils.java:logGet(43)) - raft.server.snapshot.auto.trigger.threshold = 10000 (custom)
2019-10-21 04:30:37,315 [pool-59-thread-1] INFO  server.RaftServerConfigKeys (ConfUtils.java:logGet(43)) - raft.server.snapshot.retention.file.num = 5 (custom)
2019-10-21 04:30:37,315 [pool-59-thread-1] INFO  server.RaftServerConfigKeys (ConfUtils.java:logGet(43)) - raft.server.retrycache.expirytime = 600000ms (custom)
2019-10-21 04:30:37,316 [main] INFO  server.BaseHttpServer (BaseHttpServer.java:updateConnectorAddress(215)) - HTTP server of HDDSDATANODE is listening at http://0.0.0.0:37119
2019-10-21 04:30:37,317 [pool-59-thread-1] INFO  impl.RaftServerImpl (RaftServerImpl.java:<init>(104)) - f02da163-2c1f-4de2-ab71-b915d7d0ae78: new RaftServerImpl for group-41F56FBD1CCD:[] with ContainerStateMachine:uninitialized
2019-10-21 04:30:37,317 [pool-59-thread-1] INFO  server.RaftServerConfigKeys (ConfUtils.java:logGet(43)) - raft.server.rpc.timeout.min = 5s (custom)
2019-10-21 04:30:37,317 [pool-59-thread-1] INFO  server.RaftServerConfigKeys (ConfUtils.java:logGet(43)) - raft.server.rpc.timeout.max = 5200ms (custom)
2019-10-21 04:30:37,317 [pool-59-thread-1] INFO  server.RaftServerConfigKeys (ConfUtils.java:logGet(43)) - raft.server.rpcslowness.timeout = 1000s (custom)
2019-10-21 04:30:37,318 [pool-59-thread-1] INFO  server.RaftServerConfigKeys (ConfUtils.java:logGet(43)) - raft.server.sleep.deviation.threshold = 300 (default)
2019-10-21 04:30:37,318 [pool-59-thread-1] INFO  server.RaftServerConfigKeys (ConfUtils.java:logGet(43)) - raft.server.log.appender.install.snapshot.enabled = false (custom)
2019-10-21 04:30:37,318 [org.apache.hadoop.util.JvmPauseMonitor$Monitor@7eee780c] INFO  util.JvmPauseMonitor (JvmPauseMonitor.java:run(188)) - Starting JVM pause monitor
2019-10-21 04:30:37,318 [pool-59-thread-1] INFO  impl.RaftServerImpl (ServerState.java:<init>(103)) - f02da163-2c1f-4de2-ab71-b915d7d0ae78@group-41F56FBD1CCD: ConfigurationManager, init=-1: [], old=null, confs=<EMPTY_MAP>
2019-10-21 04:30:37,318 [pool-59-thread-1] INFO  server.RaftServerConfigKeys (ConfUtils.java:logGet(43)) - raft.server.storage.dir = [/workdir/hadoop-ozone/integration-test/target/test-dir/MiniOzoneClusterImpl-50bd132f-794a-46b6-9d96-2578473f4a2b/datanode-2/data/ratis] (custom)
2019-10-21 04:30:37,318 [pool-59-thread-1] INFO  server.RaftServerConfigKeys (ConfUtils.java:logGet(43)) - raft.server.log.corruption.policy = EXCEPTION (default)
2019-10-21 04:30:37,330 [pool-59-thread-1] INFO  storage.RaftStorageDirectory (RaftStorageDirectory.java:tryLock(328)) - Lock on /workdir/hadoop-ozone/integration-test/target/test-dir/MiniOzoneClusterImpl-50bd132f-794a-46b6-9d96-2578473f4a2b/datanode-2/data/ratis/6d405a88-4a05-4aad-a675-41f56fbd1ccd/in_use.lock acquired by nodename 32149@trunk-nightly-20191021-4s9dg-2799068384
2019-10-21 04:30:37,330 [pool-59-thread-1] INFO  ratis.ContainerStateMachine (ContainerStateMachine.java:loadSnapshot(231)) - group-41F56FBD1CCD: The snapshot info is null. Setting the last applied indexto:(t:0, i:~)
2019-10-21 04:30:37,331 [pool-59-thread-1] INFO  server.RaftServerConfigKeys (ConfUtils.java:logGet(43)) - raft.server.notification.no-leader.timeout = 1000s (custom)
2019-10-21 04:30:37,331 [pool-59-thread-1] INFO  server.RaftServerConfigKeys (ConfUtils.java:logGet(43)) - raft.server.log.use.memory = false (default)
2019-10-21 04:30:37,331 [pool-59-thread-1] INFO  server.RaftServerConfigKeys (ConfUtils.java:logGet(43)) - raft.server.log.purge.gap = 1000000 (custom)
2019-10-21 04:30:37,331 [pool-59-thread-1] INFO  server.RaftServerConfigKeys (ConfUtils.java:logGet(43)) - raft.server.log.appender.buffer.byte-limit = 33554432 (custom)
2019-10-21 04:30:37,331 [pool-59-thread-1] INFO  server.RaftServerConfigKeys (ConfUtils.java:logGet(43)) - raft.server.log.segment.size.max = 1048576 (custom)
2019-10-21 04:30:37,331 [pool-59-thread-1] INFO  server.RaftServerConfigKeys (ConfUtils.java:logGet(43)) - raft.server.log.segment.cache.num.max = 2 (custom)
2019-10-21 04:30:37,331 [pool-59-thread-1] INFO  segmented.SegmentedRaftLogWorker (SegmentedRaftLogWorker.java:<init>(173)) - new f02da163-2c1f-4de2-ab71-b915d7d0ae78@group-41F56FBD1CCD-SegmentedRaftLogWorker for RaftStorage:Storage Directory /workdir/hadoop-ozone/integration-test/target/test-dir/MiniOzoneClusterImpl-50bd132f-794a-46b6-9d96-2578473f4a2b/datanode-2/data/ratis/6d405a88-4a05-4aad-a675-41f56fbd1ccd
2019-10-21 04:30:37,331 [pool-59-thread-1] INFO  server.RaftServerConfigKeys (ConfUtils.java:logGet(43)) - raft.server.log.queue.byte-limit = 2147483647 (custom)
2019-10-21 04:30:37,331 [pool-59-thread-1] INFO  server.RaftServerConfigKeys (ConfUtils.java:logGet(43)) - raft.server.log.queue.element-limit = 1024 (custom)
2019-10-21 04:30:37,332 [pool-59-thread-1] INFO  server.RaftServerConfigKeys (ConfUtils.java:logGet(43)) - raft.server.log.segment.size.max = 1048576 (custom)
2019-10-21 04:30:37,332 [pool-59-thread-1] INFO  server.RaftServerConfigKeys (ConfUtils.java:logGet(43)) - raft.server.log.preallocated.size = 16384 (custom)
2019-10-21 04:30:37,332 [pool-59-thread-1] INFO  server.RaftServerConfigKeys (ConfUtils.java:logGet(43)) - raft.server.log.write.buffer.size = 33554432 (custom)
2019-10-21 04:30:37,332 [pool-59-thread-1] INFO  server.RaftServerConfigKeys (ConfUtils.java:logGet(43)) - raft.server.log.force.sync.num = 128 (default)
2019-10-21 04:30:37,332 [pool-59-thread-1] INFO  server.RaftServerConfigKeys (ConfUtils.java:logGet(43)) - raft.server.log.statemachine.data.sync = true (default)
2019-10-21 04:30:37,332 [pool-59-thread-1] INFO  server.RaftServerConfigKeys (ConfUtils.java:logGet(43)) - raft.server.log.statemachine.data.sync.timeout = 10s (default)
2019-10-21 04:30:37,332 [pool-59-thread-1] INFO  server.RaftServerConfigKeys (ConfUtils.java:logGet(43)) - raft.server.log.statemachine.data.sync.timeout.retry = -1 (default)
2019-10-21 04:30:37,332 [pool-59-thread-1] INFO  server.RaftServerConfigKeys (ConfUtils.java:logGet(43)) - raft.server.log.statemachine.data.caching.enabled = true (custom)
2019-10-21 04:30:37,333 [pool-59-thread-1] INFO  impl.RaftServerImpl (ServerState.java:setRaftConf(357)) - f02da163-2c1f-4de2-ab71-b915d7d0ae78@group-41F56FBD1CCD: set configuration 0: [f02da163-2c1f-4de2-ab71-b915d7d0ae78:192.168.34.41:39439], old=null at 0
2019-10-21 04:30:37,333 [pool-59-thread-1] INFO  segmented.LogSegment (LogSegment.java:loadSegment(140)) - Successfully read 1 entries from segment file /workdir/hadoop-ozone/integration-test/target/test-dir/MiniOzoneClusterImpl-50bd132f-794a-46b6-9d96-2578473f4a2b/datanode-2/data/ratis/6d405a88-4a05-4aad-a675-41f56fbd1ccd/current/log_inprogress_0
2019-10-21 04:30:37,333 [pool-59-thread-1] INFO  segmented.SegmentedRaftLogWorker (SegmentedRaftLogWorker.java:lambda$new$0(128)) - f02da163-2c1f-4de2-ab71-b915d7d0ae78@group-41F56FBD1CCD-SegmentedRaftLogWorker: flushIndex: setUnconditionally 0 -> 0
2019-10-21 04:30:37,358 [pool-59-thread-1] INFO  server.RaftServerConfigKeys (ConfUtils.java:logGet(43)) - raft.server.snapshot.auto.trigger.enabled = true (custom)
2019-10-21 04:30:37,358 [pool-59-thread-1] INFO  server.RaftServerConfigKeys (ConfUtils.java:logGet(43)) - raft.server.snapshot.auto.trigger.threshold = 10000 (custom)
2019-10-21 04:30:37,358 [pool-59-thread-1] INFO  server.RaftServerConfigKeys (ConfUtils.java:logGet(43)) - raft.server.snapshot.retention.file.num = 5 (custom)
2019-10-21 04:30:37,359 [pool-59-thread-1] INFO  server.RaftServerConfigKeys (ConfUtils.java:logGet(43)) - raft.server.retrycache.expirytime = 600000ms (custom)
2019-10-21 04:30:37,850 [pool-7-thread-1] INFO  commands.RetriableDatanodeEventWatcher (RetriableDatanodeEventWatcher.java:onTimeout(47)) - RetriableDatanodeCommand type=deleteBlocksCommand with id=1571632235852 timed out. Retrying.
2019-10-21 04:30:37,850 [pool-7-thread-2] INFO  commands.RetriableDatanodeEventWatcher (RetriableDatanodeEventWatcher.java:onTimeout(47)) - RetriableDatanodeCommand type=deleteBlocksCommand with id=1571632235851 timed out. Retrying.
2019-10-21 04:30:37,851 [SCMBlockDeletingService#1] INFO  block.SCMBlockDeletingService (SCMBlockDeletingService.java:call(184)) - Totally added 2 delete blocks command for 2 datanodes, task elapsed time: 1ms
2019-10-21 04:30:37,852 [pool-7-thread-1] INFO  commands.RetriableDatanodeEventWatcher (RetriableDatanodeEventWatcher.java:onTimeout(47)) - RetriableDatanodeCommand type=deleteBlocksCommand with id=1571632235848 timed out. Retrying.
2019-10-21 04:30:37,852 [pool-7-thread-2] INFO  commands.RetriableDatanodeEventWatcher (RetriableDatanodeEventWatcher.java:onTimeout(47)) - RetriableDatanodeCommand type=deleteBlocksCommand with id=1571632235849 timed out. Retrying.
2019-10-21 04:30:37,976 [Command processor thread] INFO  commandhandler.DeleteBlocksCommandHandler (DeleteBlocksCommandHandler.java:handle(106)) - Start to delete container blocks, TXIDs=[1(2)], numOfContainers=1, numOfBlocks=1
2019-10-21 04:30:37,977 [Command processor thread] INFO  commandhandler.DeleteBlocksCommandHandler (DeleteBlocksCommandHandler.java:handle(106)) - Start to delete container blocks, TXIDs=[1(0)], numOfContainers=1, numOfBlocks=1
2019-10-21 04:30:37,977 [Command processor thread] INFO  commandhandler.DeleteBlocksCommandHandler (DeleteBlocksCommandHandler.java:handle(106)) - Start to delete container blocks, TXIDs=[1(2)], numOfContainers=1, numOfBlocks=1
2019-10-21 04:30:37,977 [Command processor thread] INFO  commandhandler.DeleteBlocksCommandHandler (DeleteBlocksCommandHandler.java:handle(106)) - Start to delete container blocks, TXIDs=[1(4)], numOfContainers=1, numOfBlocks=1
2019-10-21 04:30:37,977 [Command processor thread] INFO  commandhandler.DeleteBlocksCommandHandler (DeleteBlocksCommandHandler.java:handle(106)) - Start to delete container blocks, TXIDs=[1(0)], numOfContainers=1, numOfBlocks=1
2019-10-21 04:30:38,074 [java.util.concurrent.ThreadPoolExecutor$Worker@4c939573[State = -1, empty queue]] WARN  server.GrpcLogAppender (GrpcLogAppender.java:timeoutAppendRequest(209)) - dd1d24cd-1df3-4428-bf67-9b7dc9bd3e4c@group-D606C9B72829->f02da163-2c1f-4de2-ab71-b915d7d0ae78-GrpcLogAppender: appendEntries Timeout, request=dd1d24cd-1df3-4428-bf67-9b7dc9bd3e4c->f02da163-2c1f-4de2-ab71-b915d7d0ae78#51-t5, previous=(t:5, i:10), leaderCommit=10, initializing? false, entries: <empty>
2019-10-21 04:30:38,297 [BlockDeletingService#2] WARN  background.BlockDeletingService (BlockDeletingService.java:isDeletionAllowed(187)) - Close Container log Index 6 is not replicated across allthe servers in the pipeline d49b1818-47fb-49d2-b44c-d606c9b72829 as the min replicated index is 4. Deletion is not allowed in this container yet.
2019-10-21 04:30:38,297 [BlockDeletingService#7] WARN  background.BlockDeletingService (BlockDeletingService.java:isDeletionAllowed(187)) - Close Container log Index 6 is not replicated across allthe servers in the pipeline d49b1818-47fb-49d2-b44c-d606c9b72829 as the min replicated index is 4. Deletion is not allowed in this container yet.
2019-10-21 04:30:38,851 [pool-7-thread-2] INFO  commands.RetriableDatanodeEventWatcher (RetriableDatanodeEventWatcher.java:onTimeout(47)) - RetriableDatanodeCommand type=deleteBlocksCommand with id=1571632235852 timed out. Retrying.
2019-10-21 04:30:38,852 [SCMBlockDeletingService#1] INFO  block.SCMBlockDeletingService (SCMBlockDeletingService.java:call(184)) - Totally added 1 delete blocks command for 1 datanodes, task elapsed time: 1ms
2019-10-21 04:30:38,852 [pool-7-thread-1] INFO  commands.RetriableDatanodeEventWatcher (RetriableDatanodeEventWatcher.java:onTimeout(47)) - RetriableDatanodeCommand type=deleteBlocksCommand with id=1571632235854 timed out. Retrying.
2019-10-21 04:30:38,852 [pool-7-thread-2] INFO  commands.RetriableDatanodeEventWatcher (RetriableDatanodeEventWatcher.java:onTimeout(47)) - RetriableDatanodeCommand type=deleteBlocksCommand with id=1571632235849 timed out. Retrying.
2019-10-21 04:30:39,366 [BlockDeletingService#7] WARN  background.BlockDeletingService (BlockDeletingService.java:isDeletionAllowed(187)) - Close Container log Index 6 is not replicated across allthe servers in the pipeline d49b1818-47fb-49d2-b44c-d606c9b72829 as the min replicated index is 4. Deletion is not allowed in this container yet.
2019-10-21 04:30:39,366 [BlockDeletingService#2] WARN  background.BlockDeletingService (BlockDeletingService.java:isDeletionAllowed(187)) - Close Container log Index 6 is not replicated across allthe servers in the pipeline d49b1818-47fb-49d2-b44c-d606c9b72829 as the min replicated index is 4. Deletion is not allowed in this container yet.
2019-10-21 04:30:39,371 [Datanode State Machine Thread - 0] INFO  ozoneimpl.OzoneContainer (OzoneContainer.java:start(213)) - Attempting to start container services.
2019-10-21 04:30:39,371 [Datanode State Machine Thread - 0] INFO  ozoneimpl.OzoneContainer (OzoneContainer.java:startContainerScrub(177)) - Background container scanner has been disabled.
2019-10-21 04:30:39,371 [Datanode State Machine Thread - 0] INFO  ratis.XceiverServerRatis (XceiverServerRatis.java:start(418)) - Starting XceiverServerRatis f02da163-2c1f-4de2-ab71-b915d7d0ae78 at port 39439
2019-10-21 04:30:39,386 [Datanode State Machine Thread - 0] INFO  impl.RaftServerImpl (RaftServerImpl.java:start(195)) - f02da163-2c1f-4de2-ab71-b915d7d0ae78@group-D606C9B72829: start as a follower, conf=0: [641380fb-ae96-4755-94e0-fd776bdc090f:192.168.34.41:39543, f02da163-2c1f-4de2-ab71-b915d7d0ae78:192.168.34.41:39439, dd1d24cd-1df3-4428-bf67-9b7dc9bd3e4c:192.168.34.41:45185], old=null
2019-10-21 04:30:39,386 [ForkJoinPool.commonPool-worker-0] INFO  impl.RaftServerImpl (RaftServerImpl.java:start(195)) - f02da163-2c1f-4de2-ab71-b915d7d0ae78@group-41F56FBD1CCD: start as a follower, conf=0: [f02da163-2c1f-4de2-ab71-b915d7d0ae78:192.168.34.41:39439], old=null
2019-10-21 04:30:39,387 [Datanode State Machine Thread - 0] INFO  impl.RaftServerImpl (RaftServerImpl.java:setRole(184)) - f02da163-2c1f-4de2-ab71-b915d7d0ae78@group-D606C9B72829: changes role from      null to FOLLOWER at term 5 for startAsFollower
2019-10-21 04:30:39,387 [ForkJoinPool.commonPool-worker-0] INFO  impl.RaftServerImpl (RaftServerImpl.java:setRole(184)) - f02da163-2c1f-4de2-ab71-b915d7d0ae78@group-41F56FBD1CCD: changes role from      null to FOLLOWER at term 1 for startAsFollower
2019-10-21 04:30:39,387 [Datanode State Machine Thread - 0] INFO  impl.RoleInfo (RoleInfo.java:updateAndGet(143)) - f02da163-2c1f-4de2-ab71-b915d7d0ae78: start FollowerState
2019-10-21 04:30:39,387 [ForkJoinPool.commonPool-worker-0] INFO  impl.RoleInfo (RoleInfo.java:updateAndGet(143)) - f02da163-2c1f-4de2-ab71-b915d7d0ae78: start FollowerState
2019-10-21 04:30:39,388 [Datanode State Machine Thread - 0] INFO  util.JmxRegister (JmxRegister.java:tryRegister(44)) - Successfully registered JMX Bean with object name Ratis:service=RaftServer,group=group-D606C9B72829,id=f02da163-2c1f-4de2-ab71-b915d7d0ae78
2019-10-21 04:30:39,388 [ForkJoinPool.commonPool-worker-0] INFO  util.JmxRegister (JmxRegister.java:tryRegister(44)) - Successfully registered JMX Bean with object name Ratis:service=RaftServer,group=group-41F56FBD1CCD,id=f02da163-2c1f-4de2-ab71-b915d7d0ae78
2019-10-21 04:30:39,390 [Datanode State Machine Thread - 0] INFO  impl.RaftServerProxy (RaftServerProxy.java:lambda$start$3(299)) - f02da163-2c1f-4de2-ab71-b915d7d0ae78: start RPC server
2019-10-21 04:30:39,391 [Datanode State Machine Thread - 0] INFO  server.GrpcService (GrpcService.java:startImpl(158)) - f02da163-2c1f-4de2-ab71-b915d7d0ae78: GrpcService started, listening on 0.0.0.0/0.0.0.0:39439
2019-10-21 04:30:39,423 [Thread-585] INFO  impl.FollowerState (FollowerState.java:run(108)) - f02da163-2c1f-4de2-ab71-b915d7d0ae78@group-41F56FBD1CCD-FollowerState: change to CANDIDATE, lastRpcTime:35ms, electionTimeout:35ms
2019-10-21 04:30:39,423 [Thread-585] INFO  impl.RoleInfo (RoleInfo.java:shutdownFollowerState(121)) - f02da163-2c1f-4de2-ab71-b915d7d0ae78: shutdown FollowerState
2019-10-21 04:30:39,423 [Thread-585] INFO  impl.RaftServerImpl (RaftServerImpl.java:setRole(184)) - f02da163-2c1f-4de2-ab71-b915d7d0ae78@group-41F56FBD1CCD: changes role from  FOLLOWER to CANDIDATE at term 1 for changeToCandidate
2019-10-21 04:30:39,423 [Thread-585] INFO  impl.RoleInfo (RoleInfo.java:updateAndGet(143)) - f02da163-2c1f-4de2-ab71-b915d7d0ae78: start LeaderElection
2019-10-21 04:30:39,461 [f02da163-2c1f-4de2-ab71-b915d7d0ae78@group-41F56FBD1CCD-LeaderElection11] INFO  impl.LeaderElection (LeaderElection.java:askForVotes(178)) - f02da163-2c1f-4de2-ab71-b915d7d0ae78@group-41F56FBD1CCD-LeaderElection11: begin an election at term 2 for 0: [f02da163-2c1f-4de2-ab71-b915d7d0ae78:192.168.34.41:39439], old=null
2019-10-21 04:30:39,461 [f02da163-2c1f-4de2-ab71-b915d7d0ae78@group-41F56FBD1CCD-LeaderElection11] INFO  impl.RoleInfo (RoleInfo.java:shutdownLeaderElection(134)) - f02da163-2c1f-4de2-ab71-b915d7d0ae78: shutdown LeaderElection
2019-10-21 04:30:39,461 [f02da163-2c1f-4de2-ab71-b915d7d0ae78@group-41F56FBD1CCD-LeaderElection11] INFO  impl.RaftServerImpl (RaftServerImpl.java:setRole(184)) - f02da163-2c1f-4de2-ab71-b915d7d0ae78@group-41F56FBD1CCD: changes role from CANDIDATE to LEADER at term 2 for changeToLeader
2019-10-21 04:30:39,462 [f02da163-2c1f-4de2-ab71-b915d7d0ae78@group-41F56FBD1CCD-LeaderElection11] INFO  impl.RaftServerImpl (ServerState.java:setLeader(256)) - f02da163-2c1f-4de2-ab71-b915d7d0ae78@group-41F56FBD1CCD: change Leader from null to f02da163-2c1f-4de2-ab71-b915d7d0ae78 at term 2 for becomeLeader, leader elected after 2130ms
2019-10-21 04:30:39,463 [f02da163-2c1f-4de2-ab71-b915d7d0ae78@group-41F56FBD1CCD-LeaderElection11] INFO  server.RaftServerConfigKeys (ConfUtils.java:logGet(43)) - raft.server.staging.catchup.gap = 1000 (default)
2019-10-21 04:30:39,463 [f02da163-2c1f-4de2-ab71-b915d7d0ae78@group-41F56FBD1CCD-LeaderElection11] INFO  server.RaftServerConfigKeys (ConfUtils.java:logGet(43)) - raft.server.rpc.sleep.time = 25ms (default)
2019-10-21 04:30:39,464 [f02da163-2c1f-4de2-ab71-b915d7d0ae78@group-41F56FBD1CCD-LeaderElection11] INFO  server.RaftServerConfigKeys (ConfUtils.java:logGet(43)) - raft.server.write.element-limit = 4096 (default)
2019-10-21 04:30:39,464 [f02da163-2c1f-4de2-ab71-b915d7d0ae78@group-41F56FBD1CCD-LeaderElection11] INFO  server.RaftServerConfigKeys (ConfUtils.java:logGet(43)) - raft.server.watch.timeout = 10s (default)
2019-10-21 04:30:39,464 [f02da163-2c1f-4de2-ab71-b915d7d0ae78@group-41F56FBD1CCD-LeaderElection11] INFO  server.RaftServerConfigKeys (ConfUtils.java:logGet(43)) - raft.server.watch.timeout.denomination = 1s (default)
2019-10-21 04:30:39,464 [f02da163-2c1f-4de2-ab71-b915d7d0ae78@group-41F56FBD1CCD-LeaderElection11] INFO  server.RaftServerConfigKeys (ConfUtils.java:logGet(43)) - raft.server.watch.element-limit = 65536 (default)
2019-10-21 04:30:39,465 [f02da163-2c1f-4de2-ab71-b915d7d0ae78@group-41F56FBD1CCD-LeaderElection11] INFO  impl.RoleInfo (RoleInfo.java:updateAndGet(143)) - f02da163-2c1f-4de2-ab71-b915d7d0ae78: start LeaderState
2019-10-21 04:30:39,466 [f02da163-2c1f-4de2-ab71-b915d7d0ae78@group-41F56FBD1CCD-LeaderElection11] INFO  segmented.SegmentedRaftLogWorker (SegmentedRaftLogWorker.java:rollLogSegment(390)) - f02da163-2c1f-4de2-ab71-b915d7d0ae78@group-41F56FBD1CCD-SegmentedRaftLogWorker: Rolling segment log-0_0 to index:0
2019-10-21 04:30:39,469 [f02da163-2c1f-4de2-ab71-b915d7d0ae78@group-41F56FBD1CCD-LeaderElection11] INFO  impl.RaftServerImpl (ServerState.java:setRaftConf(357)) - f02da163-2c1f-4de2-ab71-b915d7d0ae78@group-41F56FBD1CCD: set configuration 1: [f02da163-2c1f-4de2-ab71-b915d7d0ae78:192.168.34.41:39439], old=null at 1
2019-10-21 04:30:39,470 [f02da163-2c1f-4de2-ab71-b915d7d0ae78@group-41F56FBD1CCD-SegmentedRaftLogWorker] INFO  segmented.SegmentedRaftLogWorker (SegmentedRaftLogWorker.java:execute(533)) - f02da163-2c1f-4de2-ab71-b915d7d0ae78@group-41F56FBD1CCD-SegmentedRaftLogWorker: Rolled log segment from /workdir/hadoop-ozone/integration-test/target/test-dir/MiniOzoneClusterImpl-50bd132f-794a-46b6-9d96-2578473f4a2b/datanode-2/data/ratis/6d405a88-4a05-4aad-a675-41f56fbd1ccd/current/log_inprogress_0 to /workdir/hadoop-ozone/integration-test/target/test-dir/MiniOzoneClusterImpl-50bd132f-794a-46b6-9d96-2578473f4a2b/datanode-2/data/ratis/6d405a88-4a05-4aad-a675-41f56fbd1ccd/current/log_0-0
2019-10-21 04:30:39,500 [Thread-584] INFO  impl.FollowerState (FollowerState.java:run(108)) - f02da163-2c1f-4de2-ab71-b915d7d0ae78@group-D606C9B72829-FollowerState: change to CANDIDATE, lastRpcTime:112ms, electionTimeout:112ms
2019-10-21 04:30:39,500 [Thread-584] INFO  impl.RoleInfo (RoleInfo.java:shutdownFollowerState(121)) - f02da163-2c1f-4de2-ab71-b915d7d0ae78: shutdown FollowerState
2019-10-21 04:30:39,500 [Thread-584] INFO  impl.RaftServerImpl (RaftServerImpl.java:setRole(184)) - f02da163-2c1f-4de2-ab71-b915d7d0ae78@group-D606C9B72829: changes role from  FOLLOWER to CANDIDATE at term 5 for changeToCandidate
2019-10-21 04:30:39,500 [Thread-584] INFO  impl.RoleInfo (RoleInfo.java:updateAndGet(143)) - f02da163-2c1f-4de2-ab71-b915d7d0ae78: start LeaderElection
2019-10-21 04:30:39,522 [f02da163-2c1f-4de2-ab71-b915d7d0ae78@group-41F56FBD1CCD-SegmentedRaftLogWorker] INFO  segmented.SegmentedRaftLogWorker (SegmentedRaftLogWorker.java:execute(576)) - f02da163-2c1f-4de2-ab71-b915d7d0ae78@group-41F56FBD1CCD-SegmentedRaftLogWorker: created new log segment /workdir/hadoop-ozone/integration-test/target/test-dir/MiniOzoneClusterImpl-50bd132f-794a-46b6-9d96-2578473f4a2b/datanode-2/data/ratis/6d405a88-4a05-4aad-a675-41f56fbd1ccd/current/log_inprogress_1
2019-10-21 04:30:39,523 [f02da163-2c1f-4de2-ab71-b915d7d0ae78@group-D606C9B72829-LeaderElection12] INFO  impl.LeaderElection (LeaderElection.java:askForVotes(178)) - f02da163-2c1f-4de2-ab71-b915d7d0ae78@group-D606C9B72829-LeaderElection12: begin an election at term 6 for 0: [641380fb-ae96-4755-94e0-fd776bdc090f:192.168.34.41:39543, f02da163-2c1f-4de2-ab71-b915d7d0ae78:192.168.34.41:39439, dd1d24cd-1df3-4428-bf67-9b7dc9bd3e4c:192.168.34.41:45185], old=null
2019-10-21 04:30:39,537 [grpc-default-executor-1] INFO  impl.RaftServerImpl (ServerState.java:setLeader(256)) - 641380fb-ae96-4755-94e0-fd776bdc090f@group-D606C9B72829: change Leader from dd1d24cd-1df3-4428-bf67-9b7dc9bd3e4c to null at term 6 for updateCurrentTerm
2019-10-21 04:30:39,537 [grpc-default-executor-2] INFO  impl.RaftServerImpl (ServerState.java:setLeader(256)) - dd1d24cd-1df3-4428-bf67-9b7dc9bd3e4c@group-D606C9B72829: change Leader from dd1d24cd-1df3-4428-bf67-9b7dc9bd3e4c to null at term 6 for updateCurrentTerm
2019-10-21 04:30:39,537 [grpc-default-executor-1] INFO  impl.RaftServerImpl (RaftServerImpl.java:setRole(184)) - 641380fb-ae96-4755-94e0-fd776bdc090f@group-D606C9B72829: changes role from  FOLLOWER to FOLLOWER at term 6 for recognizeCandidate:f02da163-2c1f-4de2-ab71-b915d7d0ae78
2019-10-21 04:30:39,537 [grpc-default-executor-2] INFO  impl.RaftServerImpl (RaftServerImpl.java:setRole(184)) - dd1d24cd-1df3-4428-bf67-9b7dc9bd3e4c@group-D606C9B72829: changes role from    LEADER to FOLLOWER at term 6 for recognizeCandidate:f02da163-2c1f-4de2-ab71-b915d7d0ae78
2019-10-21 04:30:39,537 [grpc-default-executor-1] INFO  impl.RoleInfo (RoleInfo.java:shutdownFollowerState(121)) - 641380fb-ae96-4755-94e0-fd776bdc090f: shutdown FollowerState
2019-10-21 04:30:39,537 [grpc-default-executor-2] INFO  impl.RoleInfo (RoleInfo.java:shutdownLeaderState(104)) - dd1d24cd-1df3-4428-bf67-9b7dc9bd3e4c: shutdown LeaderState
2019-10-21 04:30:39,538 [grpc-default-executor-1] INFO  impl.RoleInfo (RoleInfo.java:updateAndGet(143)) - 641380fb-ae96-4755-94e0-fd776bdc090f: start FollowerState
2019-10-21 04:30:39,538 [Thread-250] INFO  impl.FollowerState (FollowerState.java:run(117)) - 641380fb-ae96-4755-94e0-fd776bdc090f@group-D606C9B72829-FollowerState was interrupted: java.lang.InterruptedException: sleep interrupted
2019-10-21 04:30:39,539 [org.apache.ratis.server.impl.LogAppender$AppenderDaemon$$Lambda$421/1402255308@16ca6cde] WARN  server.GrpcLogAppender (GrpcLogAppender.java:mayWait(149)) - dd1d24cd-1df3-4428-bf67-9b7dc9bd3e4c@group-D606C9B72829->641380fb-ae96-4755-94e0-fd776bdc090f-GrpcLogAppender: Wait interrupted by java.lang.InterruptedException
2019-10-21 04:30:39,539 [grpc-default-executor-2] INFO  impl.PendingRequests (PendingRequests.java:sendNotLeaderResponses(202)) - dd1d24cd-1df3-4428-bf67-9b7dc9bd3e4c@group-D606C9B72829-PendingRequests: sendNotLeaderResponses
2019-10-21 04:30:39,539 [org.apache.ratis.server.impl.LogAppender$AppenderDaemon$$Lambda$421/1402255308@478874b8] WARN  server.GrpcLogAppender (GrpcLogAppender.java:mayWait(149)) - dd1d24cd-1df3-4428-bf67-9b7dc9bd3e4c@group-D606C9B72829->f02da163-2c1f-4de2-ab71-b915d7d0ae78-GrpcLogAppender: Wait interrupted by java.lang.InterruptedException
2019-10-21 04:30:39,541 [grpc-default-executor-4] INFO  server.GrpcServerProtocolService (GrpcServerProtocolService.java:onCompleted(113)) - 641380fb-ae96-4755-94e0-fd776bdc090f: Completed APPEND_ENTRIES, lastRequest: dd1d24cd-1df3-4428-bf67-9b7dc9bd3e4c->641380fb-ae96-4755-94e0-fd776bdc090f#51-t5, previous=(t:5, i:10), leaderCommit=10, initializing? false, entries: <empty>
2019-10-21 04:30:39,542 [Thread-594] INFO  client.GrpcClientProtocolService (GrpcClientProtocolService.java:lambda$processClientRequest$0(278)) - Failed RaftClientRequest:client-A60227926EB5->dd1d24cd-1df3-4428-bf67-9b7dc9bd3e4c@group-D606C9B72829, cid=10, seq=0, Watch-ALL_COMMITTED(6), Message:<EMPTY>, reply=RaftClientReply:client-A60227926EB5->dd1d24cd-1df3-4428-bf67-9b7dc9bd3e4c@group-D606C9B72829, cid=10, FAILED org.apache.ratis.protocol.NotLeaderException: Server dd1d24cd-1df3-4428-bf67-9b7dc9bd3e4c@group-D606C9B72829 is not the leader, logIndex=0, commits[dd1d24cd-1df3-4428-bf67-9b7dc9bd3e4c:c10, 641380fb-ae96-4755-94e0-fd776bdc090f:c10, f02da163-2c1f-4de2-ab71-b915d7d0ae78:c4]
2019-10-21 04:30:39,542 [grpc-default-executor-2] INFO  impl.RoleInfo (RoleInfo.java:updateAndGet(143)) - dd1d24cd-1df3-4428-bf67-9b7dc9bd3e4c: start FollowerState
2019-10-21 04:30:39,546 [f02da163-2c1f-4de2-ab71-b915d7d0ae78@group-D606C9B72829-LeaderElection12] INFO  impl.LeaderElection (LeaderElection.java:logAndReturn(56)) - f02da163-2c1f-4de2-ab71-b915d7d0ae78@group-D606C9B72829-LeaderElection12: Election TIMEOUT; received 0 response(s) [] and 0 exception(s); f02da163-2c1f-4de2-ab71-b915d7d0ae78@group-D606C9B72829:t6, leader=null, voted=f02da163-2c1f-4de2-ab71-b915d7d0ae78, raftlog=f02da163-2c1f-4de2-ab71-b915d7d0ae78@group-D606C9B72829-SegmentedRaftLog:OPENED:c3,f4,i4, conf=0: [641380fb-ae96-4755-94e0-fd776bdc090f:192.168.34.41:39543, f02da163-2c1f-4de2-ab71-b915d7d0ae78:192.168.34.41:39439, dd1d24cd-1df3-4428-bf67-9b7dc9bd3e4c:192.168.34.41:45185], old=null
2019-10-21 04:30:39,550 [grpc-default-executor-4] INFO  server.GrpcLogAppender (GrpcLogAppender.java:onCompleted(308)) - dd1d24cd-1df3-4428-bf67-9b7dc9bd3e4c@group-D606C9B72829->641380fb-ae96-4755-94e0-fd776bdc090f-AppendLogResponseHandler: follower responses appendEntries COMPLETED
2019-10-21 04:30:39,551 [grpc-default-executor-4] INFO  impl.FollowerInfo (FollowerInfo.java:lambda$new$0(51)) - dd1d24cd-1df3-4428-bf67-9b7dc9bd3e4c@group-D606C9B72829->641380fb-ae96-4755-94e0-fd776bdc090f: nextIndex: updateUnconditionally 11 -> 10
2019-10-21 04:30:39,563 [f02da163-2c1f-4de2-ab71-b915d7d0ae78@group-D606C9B72829-LeaderElection12] INFO  impl.LeaderElection (LeaderElection.java:askForVotes(178)) - f02da163-2c1f-4de2-ab71-b915d7d0ae78@group-D606C9B72829-LeaderElection12: begin an election at term 7 for 0: [641380fb-ae96-4755-94e0-fd776bdc090f:192.168.34.41:39543, f02da163-2c1f-4de2-ab71-b915d7d0ae78:192.168.34.41:39439, dd1d24cd-1df3-4428-bf67-9b7dc9bd3e4c:192.168.34.41:45185], old=null
2019-10-21 04:30:39,569 [grpc-default-executor-2] INFO  impl.RaftServerImpl (RaftServerImpl.java:setRole(184)) - dd1d24cd-1df3-4428-bf67-9b7dc9bd3e4c@group-D606C9B72829: changes role from  FOLLOWER to FOLLOWER at term 7 for recognizeCandidate:f02da163-2c1f-4de2-ab71-b915d7d0ae78
2019-10-21 04:30:39,570 [grpc-default-executor-2] INFO  impl.RoleInfo (RoleInfo.java:shutdownFollowerState(121)) - dd1d24cd-1df3-4428-bf67-9b7dc9bd3e4c: shutdown FollowerState
2019-10-21 04:30:39,570 [grpc-default-executor-4] INFO  impl.RaftServerImpl (RaftServerImpl.java:setRole(184)) - 641380fb-ae96-4755-94e0-fd776bdc090f@group-D606C9B72829: changes role from  FOLLOWER to FOLLOWER at term 7 for recognizeCandidate:f02da163-2c1f-4de2-ab71-b915d7d0ae78
2019-10-21 04:30:39,570 [Thread-595] INFO  impl.FollowerState (FollowerState.java:run(117)) - dd1d24cd-1df3-4428-bf67-9b7dc9bd3e4c@group-D606C9B72829-FollowerState was interrupted: java.lang.InterruptedException: sleep interrupted
2019-10-21 04:30:39,570 [grpc-default-executor-4] INFO  impl.RoleInfo (RoleInfo.java:shutdownFollowerState(121)) - 641380fb-ae96-4755-94e0-fd776bdc090f: shutdown FollowerState
2019-10-21 04:30:39,570 [grpc-default-executor-2] INFO  impl.RoleInfo (RoleInfo.java:updateAndGet(143)) - dd1d24cd-1df3-4428-bf67-9b7dc9bd3e4c: start FollowerState
2019-10-21 04:30:39,571 [grpc-default-executor-4] INFO  impl.RoleInfo (RoleInfo.java:updateAndGet(143)) - 641380fb-ae96-4755-94e0-fd776bdc090f: start FollowerState
2019-10-21 04:30:39,571 [Thread-593] INFO  impl.FollowerState (FollowerState.java:run(117)) - 641380fb-ae96-4755-94e0-fd776bdc090f@group-D606C9B72829-FollowerState was interrupted: java.lang.InterruptedException: sleep interrupted
2019-10-21 04:30:39,586 [f02da163-2c1f-4de2-ab71-b915d7d0ae78@group-D606C9B72829-LeaderElection12] INFO  impl.LeaderElection (LeaderElection.java:logAndReturn(56)) - f02da163-2c1f-4de2-ab71-b915d7d0ae78@group-D606C9B72829-LeaderElection12: Election REJECTED; received 2 response(s) [f02da163-2c1f-4de2-ab71-b915d7d0ae78<-641380fb-ae96-4755-94e0-fd776bdc090f#0:FAIL-t7, f02da163-2c1f-4de2-ab71-b915d7d0ae78<-dd1d24cd-1df3-4428-bf67-9b7dc9bd3e4c#0:FAIL-t7] and 0 exception(s); f02da163-2c1f-4de2-ab71-b915d7d0ae78@group-D606C9B72829:t7, leader=null, voted=f02da163-2c1f-4de2-ab71-b915d7d0ae78, raftlog=f02da163-2c1f-4de2-ab71-b915d7d0ae78@group-D606C9B72829-SegmentedRaftLog:OPENED:c3,f4,i4, conf=0: [641380fb-ae96-4755-94e0-fd776bdc090f:192.168.34.41:39543, f02da163-2c1f-4de2-ab71-b915d7d0ae78:192.168.34.41:39439, dd1d24cd-1df3-4428-bf67-9b7dc9bd3e4c:192.168.34.41:45185], old=null
2019-10-21 04:30:39,586 [f02da163-2c1f-4de2-ab71-b915d7d0ae78@group-D606C9B72829-LeaderElection12] INFO  impl.RaftServerImpl (RaftServerImpl.java:setRole(184)) - f02da163-2c1f-4de2-ab71-b915d7d0ae78@group-D606C9B72829: changes role from CANDIDATE to FOLLOWER at term 7 for DISCOVERED_A_NEW_TERM
2019-10-21 04:30:39,587 [f02da163-2c1f-4de2-ab71-b915d7d0ae78@group-D606C9B72829-LeaderElection12] INFO  impl.RoleInfo (RoleInfo.java:shutdownLeaderElection(134)) - f02da163-2c1f-4de2-ab71-b915d7d0ae78: shutdown LeaderElection
2019-10-21 04:30:39,587 [f02da163-2c1f-4de2-ab71-b915d7d0ae78@group-D606C9B72829-LeaderElection12] INFO  impl.RoleInfo (RoleInfo.java:updateAndGet(143)) - f02da163-2c1f-4de2-ab71-b915d7d0ae78: start FollowerState
2019-10-21 04:30:39,673 [Thread-600] INFO  impl.FollowerState (FollowerState.java:run(108)) - f02da163-2c1f-4de2-ab71-b915d7d0ae78@group-D606C9B72829-FollowerState: change to CANDIDATE, lastRpcTime:85ms, electionTimeout:85ms
2019-10-21 04:30:39,674 [Thread-600] INFO  impl.RoleInfo (RoleInfo.java:shutdownFollowerState(121)) - f02da163-2c1f-4de2-ab71-b915d7d0ae78: shutdown FollowerState
2019-10-21 04:30:39,674 [Thread-600] INFO  impl.RaftServerImpl (RaftServerImpl.java:setRole(184)) - f02da163-2c1f-4de2-ab71-b915d7d0ae78@group-D606C9B72829: changes role from  FOLLOWER to CANDIDATE at term 7 for changeToCandidate
2019-10-21 04:30:39,674 [Thread-600] INFO  impl.RoleInfo (RoleInfo.java:updateAndGet(143)) - f02da163-2c1f-4de2-ab71-b915d7d0ae78: start LeaderElection
2019-10-21 04:30:39,688 [f02da163-2c1f-4de2-ab71-b915d7d0ae78@group-D606C9B72829-LeaderElection13] INFO  impl.LeaderElection (LeaderElection.java:askForVotes(178)) - f02da163-2c1f-4de2-ab71-b915d7d0ae78@group-D606C9B72829-LeaderElection13: begin an election at term 8 for 0: [641380fb-ae96-4755-94e0-fd776bdc090f:192.168.34.41:39543, f02da163-2c1f-4de2-ab71-b915d7d0ae78:192.168.34.41:39439, dd1d24cd-1df3-4428-bf67-9b7dc9bd3e4c:192.168.34.41:45185], old=null
2019-10-21 04:30:39,693 [grpc-default-executor-2] INFO  impl.RaftServerImpl (RaftServerImpl.java:setRole(184)) - dd1d24cd-1df3-4428-bf67-9b7dc9bd3e4c@group-D606C9B72829: changes role from  FOLLOWER to FOLLOWER at term 8 for recognizeCandidate:f02da163-2c1f-4de2-ab71-b915d7d0ae78
2019-10-21 04:30:39,693 [grpc-default-executor-2] INFO  impl.RoleInfo (RoleInfo.java:shutdownFollowerState(121)) - dd1d24cd-1df3-4428-bf67-9b7dc9bd3e4c: shutdown FollowerState
2019-10-21 04:30:39,693 [Thread-598] INFO  impl.FollowerState (FollowerState.java:run(117)) - dd1d24cd-1df3-4428-bf67-9b7dc9bd3e4c@group-D606C9B72829-FollowerState was interrupted: java.lang.InterruptedException: sleep interrupted
2019-10-21 04:30:39,693 [grpc-default-executor-2] INFO  impl.RoleInfo (RoleInfo.java:updateAndGet(143)) - dd1d24cd-1df3-4428-bf67-9b7dc9bd3e4c: start FollowerState
2019-10-21 04:30:39,695 [grpc-default-executor-4] INFO  impl.RaftServerImpl (RaftServerImpl.java:setRole(184)) - 641380fb-ae96-4755-94e0-fd776bdc090f@group-D606C9B72829: changes role from  FOLLOWER to FOLLOWER at term 8 for recognizeCandidate:f02da163-2c1f-4de2-ab71-b915d7d0ae78
2019-10-21 04:30:39,696 [grpc-default-executor-4] INFO  impl.RoleInfo (RoleInfo.java:shutdownFollowerState(121)) - 641380fb-ae96-4755-94e0-fd776bdc090f: shutdown FollowerState
2019-10-21 04:30:39,696 [Thread-599] INFO  impl.FollowerState (FollowerState.java:run(117)) - 641380fb-ae96-4755-94e0-fd776bdc090f@group-D606C9B72829-FollowerState was interrupted: java.lang.InterruptedException: sleep interrupted
2019-10-21 04:30:39,696 [grpc-default-executor-4] INFO  impl.RoleInfo (RoleInfo.java:updateAndGet(143)) - 641380fb-ae96-4755-94e0-fd776bdc090f: start FollowerState
2019-10-21 04:30:39,710 [f02da163-2c1f-4de2-ab71-b915d7d0ae78@group-D606C9B72829-LeaderElection13] INFO  impl.LeaderElection (LeaderElection.java:logAndReturn(56)) - f02da163-2c1f-4de2-ab71-b915d7d0ae78@group-D606C9B72829-LeaderElection13: Election REJECTED; received 2 response(s) [f02da163-2c1f-4de2-ab71-b915d7d0ae78<-641380fb-ae96-4755-94e0-fd776bdc090f#0:FAIL-t8, f02da163-2c1f-4de2-ab71-b915d7d0ae78<-dd1d24cd-1df3-4428-bf67-9b7dc9bd3e4c#0:FAIL-t8] and 0 exception(s); f02da163-2c1f-4de2-ab71-b915d7d0ae78@group-D606C9B72829:t8, leader=null, voted=f02da163-2c1f-4de2-ab71-b915d7d0ae78, raftlog=f02da163-2c1f-4de2-ab71-b915d7d0ae78@group-D606C9B72829-SegmentedRaftLog:OPENED:c3,f4,i4, conf=0: [641380fb-ae96-4755-94e0-fd776bdc090f:192.168.34.41:39543, f02da163-2c1f-4de2-ab71-b915d7d0ae78:192.168.34.41:39439, dd1d24cd-1df3-4428-bf67-9b7dc9bd3e4c:192.168.34.41:45185], old=null
2019-10-21 04:30:39,711 [f02da163-2c1f-4de2-ab71-b915d7d0ae78@group-D606C9B72829-LeaderElection13] INFO  impl.RaftServerImpl (RaftServerImpl.java:setRole(184)) - f02da163-2c1f-4de2-ab71-b915d7d0ae78@group-D606C9B72829: changes role from CANDIDATE to FOLLOWER at term 8 for DISCOVERED_A_NEW_TERM
2019-10-21 04:30:39,711 [f02da163-2c1f-4de2-ab71-b915d7d0ae78@group-D606C9B72829-LeaderElection13] INFO  impl.RoleInfo (RoleInfo.java:shutdownLeaderElection(134)) - f02da163-2c1f-4de2-ab71-b915d7d0ae78: shutdown LeaderElection
2019-10-21 04:30:39,712 [f02da163-2c1f-4de2-ab71-b915d7d0ae78@group-D606C9B72829-LeaderElection13] INFO  impl.RoleInfo (RoleInfo.java:updateAndGet(143)) - f02da163-2c1f-4de2-ab71-b915d7d0ae78: start FollowerState
2019-10-21 04:30:39,852 [pool-7-thread-1] INFO  commands.RetriableDatanodeEventWatcher (RetriableDatanodeEventWatcher.java:onTimeout(47)) - RetriableDatanodeCommand type=deleteBlocksCommand with id=1571632235855 timed out. Retrying.
2019-10-21 04:30:39,853 [pool-7-thread-3] INFO  commands.RetriableDatanodeEventWatcher (RetriableDatanodeEventWatcher.java:onTimeout(47)) - RetriableDatanodeCommand type=deleteBlocksCommand with id=1571632235849 timed out. Retrying.
2019-10-21 04:30:39,854 [pool-7-thread-2] INFO  commands.RetriableDatanodeEventWatcher (RetriableDatanodeEventWatcher.java:onTimeout(47)) - RetriableDatanodeCommand type=deleteBlocksCommand with id=1571632235852 timed out. Retrying.
2019-10-21 04:30:39,854 [pool-7-thread-4] INFO  commands.RetriableDatanodeEventWatcher (RetriableDatanodeEventWatcher.java:onTimeout(47)) - RetriableDatanodeCommand type=deleteBlocksCommand with id=1571632235854 timed out. Retrying.
2019-10-21 04:30:39,854 [SCMBlockDeletingService#1] INFO  block.SCMBlockDeletingService (SCMBlockDeletingService.java:call(184)) - Totally added 1 delete blocks command for 1 datanodes, task elapsed time: 0ms
2019-10-21 04:30:39,902 [Thread-606] INFO  impl.FollowerState (FollowerState.java:run(108)) - f02da163-2c1f-4de2-ab71-b915d7d0ae78@group-D606C9B72829-FollowerState: change to CANDIDATE, lastRpcTime:190ms, electionTimeout:189ms
2019-10-21 04:30:39,902 [Thread-606] INFO  impl.RoleInfo (RoleInfo.java:shutdownFollowerState(121)) - f02da163-2c1f-4de2-ab71-b915d7d0ae78: shutdown FollowerState
2019-10-21 04:30:39,902 [Thread-606] INFO  impl.RaftServerImpl (RaftServerImpl.java:setRole(184)) - f02da163-2c1f-4de2-ab71-b915d7d0ae78@group-D606C9B72829: changes role from  FOLLOWER to CANDIDATE at term 8 for changeToCandidate
2019-10-21 04:30:39,902 [Thread-606] INFO  impl.RoleInfo (RoleInfo.java:updateAndGet(143)) - f02da163-2c1f-4de2-ab71-b915d7d0ae78: start LeaderElection
2019-10-21 04:30:39,917 [f02da163-2c1f-4de2-ab71-b915d7d0ae78@group-D606C9B72829-LeaderElection14] INFO  impl.LeaderElection (LeaderElection.java:askForVotes(178)) - f02da163-2c1f-4de2-ab71-b915d7d0ae78@group-D606C9B72829-LeaderElection14: begin an election at term 9 for 0: [641380fb-ae96-4755-94e0-fd776bdc090f:192.168.34.41:39543, f02da163-2c1f-4de2-ab71-b915d7d0ae78:192.168.34.41:39439, dd1d24cd-1df3-4428-bf67-9b7dc9bd3e4c:192.168.34.41:45185], old=null
2019-10-21 04:30:39,922 [grpc-default-executor-2] INFO  impl.RaftServerImpl (RaftServerImpl.java:setRole(184)) - 641380fb-ae96-4755-94e0-fd776bdc090f@group-D606C9B72829: changes role from  FOLLOWER to FOLLOWER at term 9 for recognizeCandidate:f02da163-2c1f-4de2-ab71-b915d7d0ae78
2019-10-21 04:30:39,922 [grpc-default-executor-4] INFO  impl.RaftServerImpl (RaftServerImpl.java:setRole(184)) - dd1d24cd-1df3-4428-bf67-9b7dc9bd3e4c@group-D606C9B72829: changes role from  FOLLOWER to FOLLOWER at term 9 for recognizeCandidate:f02da163-2c1f-4de2-ab71-b915d7d0ae78
2019-10-21 04:30:39,922 [grpc-default-executor-2] INFO  impl.RoleInfo (RoleInfo.java:shutdownFollowerState(121)) - 641380fb-ae96-4755-94e0-fd776bdc090f: shutdown FollowerState
2019-10-21 04:30:39,923 [grpc-default-executor-4] INFO  impl.RoleInfo (RoleInfo.java:shutdownFollowerState(121)) - dd1d24cd-1df3-4428-bf67-9b7dc9bd3e4c: shutdown FollowerState
2019-10-21 04:30:39,923 [grpc-default-executor-2] INFO  impl.RoleInfo (RoleInfo.java:updateAndGet(143)) - 641380fb-ae96-4755-94e0-fd776bdc090f: start FollowerState
2019-10-21 04:30:39,923 [Thread-604] INFO  impl.FollowerState (FollowerState.java:run(117)) - dd1d24cd-1df3-4428-bf67-9b7dc9bd3e4c@group-D606C9B72829-FollowerState was interrupted: java.lang.InterruptedException: sleep interrupted
2019-10-21 04:30:39,923 [Thread-605] INFO  impl.FollowerState (FollowerState.java:run(117)) - 641380fb-ae96-4755-94e0-fd776bdc090f@group-D606C9B72829-FollowerState was interrupted: java.lang.InterruptedException: sleep interrupted
2019-10-21 04:30:39,923 [grpc-default-executor-4] INFO  impl.RoleInfo (RoleInfo.java:updateAndGet(143)) - dd1d24cd-1df3-4428-bf67-9b7dc9bd3e4c: start FollowerState
2019-10-21 04:30:39,940 [f02da163-2c1f-4de2-ab71-b915d7d0ae78@group-D606C9B72829-LeaderElection14] INFO  impl.LeaderElection (LeaderElection.java:logAndReturn(56)) - f02da163-2c1f-4de2-ab71-b915d7d0ae78@group-D606C9B72829-LeaderElection14: Election REJECTED; received 2 response(s) [f02da163-2c1f-4de2-ab71-b915d7d0ae78<-641380fb-ae96-4755-94e0-fd776bdc090f#0:FAIL-t9, f02da163-2c1f-4de2-ab71-b915d7d0ae78<-dd1d24cd-1df3-4428-bf67-9b7dc9bd3e4c#0:FAIL-t9] and 0 exception(s); f02da163-2c1f-4de2-ab71-b915d7d0ae78@group-D606C9B72829:t9, leader=null, voted=f02da163-2c1f-4de2-ab71-b915d7d0ae78, raftlog=f02da163-2c1f-4de2-ab71-b915d7d0ae78@group-D606C9B72829-SegmentedRaftLog:OPENED:c3,f4,i4, conf=0: [641380fb-ae96-4755-94e0-fd776bdc090f:192.168.34.41:39543, f02da163-2c1f-4de2-ab71-b915d7d0ae78:192.168.34.41:39439, dd1d24cd-1df3-4428-bf67-9b7dc9bd3e4c:192.168.34.41:45185], old=null
2019-10-21 04:30:39,940 [f02da163-2c1f-4de2-ab71-b915d7d0ae78@group-D606C9B72829-LeaderElection14] INFO  impl.RaftServerImpl (RaftServerImpl.java:setRole(184)) - f02da163-2c1f-4de2-ab71-b915d7d0ae78@group-D606C9B72829: changes role from CANDIDATE to FOLLOWER at term 9 for DISCOVERED_A_NEW_TERM
2019-10-21 04:30:39,941 [f02da163-2c1f-4de2-ab71-b915d7d0ae78@group-D606C9B72829-LeaderElection14] INFO  impl.RoleInfo (RoleInfo.java:shutdownLeaderElection(134)) - f02da163-2c1f-4de2-ab71-b915d7d0ae78: shutdown LeaderElection
2019-10-21 04:30:39,941 [f02da163-2c1f-4de2-ab71-b915d7d0ae78@group-D606C9B72829-LeaderElection14] INFO  impl.RoleInfo (RoleInfo.java:updateAndGet(143)) - f02da163-2c1f-4de2-ab71-b915d7d0ae78: start FollowerState
2019-10-21 04:30:40,037 [Thread-612] INFO  impl.FollowerState (FollowerState.java:run(108)) - f02da163-2c1f-4de2-ab71-b915d7d0ae78@group-D606C9B72829-FollowerState: change to CANDIDATE, lastRpcTime:96ms, electionTimeout:95ms
2019-10-21 04:30:40,039 [Thread-612] INFO  impl.RoleInfo (RoleInfo.java:shutdownFollowerState(121)) - f02da163-2c1f-4de2-ab71-b915d7d0ae78: shutdown FollowerState
2019-10-21 04:30:40,039 [Thread-612] INFO  impl.RaftServerImpl (RaftServerImpl.java:setRole(184)) - f02da163-2c1f-4de2-ab71-b915d7d0ae78@group-D606C9B72829: changes role from  FOLLOWER to CANDIDATE at term 9 for changeToCandidate
2019-10-21 04:30:40,040 [Thread-612] INFO  impl.RoleInfo (RoleInfo.java:updateAndGet(143)) - f02da163-2c1f-4de2-ab71-b915d7d0ae78: start LeaderElection
2019-10-21 04:30:40,055 [f02da163-2c1f-4de2-ab71-b915d7d0ae78@group-D606C9B72829-LeaderElection15] INFO  impl.LeaderElection (LeaderElection.java:askForVotes(178)) - f02da163-2c1f-4de2-ab71-b915d7d0ae78@group-D606C9B72829-LeaderElection15: begin an election at term 10 for 0: [641380fb-ae96-4755-94e0-fd776bdc090f:192.168.34.41:39543, f02da163-2c1f-4de2-ab71-b915d7d0ae78:192.168.34.41:39439, dd1d24cd-1df3-4428-bf67-9b7dc9bd3e4c:192.168.34.41:45185], old=null
2019-10-21 04:30:40,061 [grpc-default-executor-2] INFO  impl.RaftServerImpl (RaftServerImpl.java:setRole(184)) - 641380fb-ae96-4755-94e0-fd776bdc090f@group-D606C9B72829: changes role from  FOLLOWER to FOLLOWER at term 10 for recognizeCandidate:f02da163-2c1f-4de2-ab71-b915d7d0ae78
2019-10-21 04:30:40,061 [grpc-default-executor-2] INFO  impl.RoleInfo (RoleInfo.java:shutdownFollowerState(121)) - 641380fb-ae96-4755-94e0-fd776bdc090f: shutdown FollowerState
2019-10-21 04:30:40,061 [grpc-default-executor-4] INFO  impl.RaftServerImpl (RaftServerImpl.java:setRole(184)) - dd1d24cd-1df3-4428-bf67-9b7dc9bd3e4c@group-D606C9B72829: changes role from  FOLLOWER to FOLLOWER at term 10 for recognizeCandidate:f02da163-2c1f-4de2-ab71-b915d7d0ae78
2019-10-21 04:30:40,061 [Thread-610] INFO  impl.FollowerState (FollowerState.java:run(117)) - 641380fb-ae96-4755-94e0-fd776bdc090f@group-D606C9B72829-FollowerState was interrupted: java.lang.InterruptedException: sleep interrupted
2019-10-21 04:30:40,061 [grpc-default-executor-2] INFO  impl.RoleInfo (RoleInfo.java:updateAndGet(143)) - 641380fb-ae96-4755-94e0-fd776bdc090f: start FollowerState
2019-10-21 04:30:40,062 [grpc-default-executor-4] INFO  impl.RoleInfo (RoleInfo.java:shutdownFollowerState(121)) - dd1d24cd-1df3-4428-bf67-9b7dc9bd3e4c: shutdown FollowerState
2019-10-21 04:30:40,063 [Thread-611] INFO  impl.FollowerState (FollowerState.java:run(117)) - dd1d24cd-1df3-4428-bf67-9b7dc9bd3e4c@group-D606C9B72829-FollowerState was interrupted: java.lang.InterruptedException: sleep interrupted
2019-10-21 04:30:40,063 [grpc-default-executor-4] INFO  impl.RoleInfo (RoleInfo.java:updateAndGet(143)) - dd1d24cd-1df3-4428-bf67-9b7dc9bd3e4c: start FollowerState
2019-10-21 04:30:40,079 [f02da163-2c1f-4de2-ab71-b915d7d0ae78@group-D606C9B72829-LeaderElection15] INFO  impl.LeaderElection (LeaderElection.java:logAndReturn(56)) - f02da163-2c1f-4de2-ab71-b915d7d0ae78@group-D606C9B72829-LeaderElection15: Election REJECTED; received 2 response(s) [f02da163-2c1f-4de2-ab71-b915d7d0ae78<-641380fb-ae96-4755-94e0-fd776bdc090f#0:FAIL-t10, f02da163-2c1f-4de2-ab71-b915d7d0ae78<-dd1d24cd-1df3-4428-bf67-9b7dc9bd3e4c#0:FAIL-t10] and 0 exception(s); f02da163-2c1f-4de2-ab71-b915d7d0ae78@group-D606C9B72829:t10, leader=null, voted=f02da163-2c1f-4de2-ab71-b915d7d0ae78, raftlog=f02da163-2c1f-4de2-ab71-b915d7d0ae78@group-D606C9B72829-SegmentedRaftLog:OPENED:c3,f4,i4, conf=0: [641380fb-ae96-4755-94e0-fd776bdc090f:192.168.34.41:39543, f02da163-2c1f-4de2-ab71-b915d7d0ae78:192.168.34.41:39439, dd1d24cd-1df3-4428-bf67-9b7dc9bd3e4c:192.168.34.41:45185], old=null
2019-10-21 04:30:40,079 [f02da163-2c1f-4de2-ab71-b915d7d0ae78@group-D606C9B72829-LeaderElection15] INFO  impl.RaftServerImpl (RaftServerImpl.java:setRole(184)) - f02da163-2c1f-4de2-ab71-b915d7d0ae78@group-D606C9B72829: changes role from CANDIDATE to FOLLOWER at term 10 for DISCOVERED_A_NEW_TERM
2019-10-21 04:30:40,080 [f02da163-2c1f-4de2-ab71-b915d7d0ae78@group-D606C9B72829-LeaderElection15] INFO  impl.RoleInfo (RoleInfo.java:shutdownLeaderElection(134)) - f02da163-2c1f-4de2-ab71-b915d7d0ae78: shutdown LeaderElection
2019-10-21 04:30:40,080 [f02da163-2c1f-4de2-ab71-b915d7d0ae78@group-D606C9B72829-LeaderElection15] INFO  impl.RoleInfo (RoleInfo.java:updateAndGet(143)) - f02da163-2c1f-4de2-ab71-b915d7d0ae78: start FollowerState
2019-10-21 04:30:40,104 [Thread-618] INFO  impl.FollowerState (FollowerState.java:run(108)) - f02da163-2c1f-4de2-ab71-b915d7d0ae78@group-D606C9B72829-FollowerState: change to CANDIDATE, lastRpcTime:23ms, electionTimeout:23ms
2019-10-21 04:30:40,105 [Thread-618] INFO  impl.RoleInfo (RoleInfo.java:shutdownFollowerState(121)) - f02da163-2c1f-4de2-ab71-b915d7d0ae78: shutdown FollowerState
2019-10-21 04:30:40,105 [Thread-618] INFO  impl.RaftServerImpl (RaftServerImpl.java:setRole(184)) - f02da163-2c1f-4de2-ab71-b915d7d0ae78@group-D606C9B72829: changes role from  FOLLOWER to CANDIDATE at term 10 for changeToCandidate
2019-10-21 04:30:40,106 [Thread-618] INFO  impl.RoleInfo (RoleInfo.java:updateAndGet(143)) - f02da163-2c1f-4de2-ab71-b915d7d0ae78: start LeaderElection
2019-10-21 04:30:40,120 [f02da163-2c1f-4de2-ab71-b915d7d0ae78@group-D606C9B72829-LeaderElection16] INFO  impl.LeaderElection (LeaderElection.java:askForVotes(178)) - f02da163-2c1f-4de2-ab71-b915d7d0ae78@group-D606C9B72829-LeaderElection16: begin an election at term 11 for 0: [641380fb-ae96-4755-94e0-fd776bdc090f:192.168.34.41:39543, f02da163-2c1f-4de2-ab71-b915d7d0ae78:192.168.34.41:39439, dd1d24cd-1df3-4428-bf67-9b7dc9bd3e4c:192.168.34.41:45185], old=null
2019-10-21 04:30:40,125 [grpc-default-executor-4] INFO  impl.RaftServerImpl (RaftServerImpl.java:setRole(184)) - 641380fb-ae96-4755-94e0-fd776bdc090f@group-D606C9B72829: changes role from  FOLLOWER to FOLLOWER at term 11 for recognizeCandidate:f02da163-2c1f-4de2-ab71-b915d7d0ae78
2019-10-21 04:30:40,125 [grpc-default-executor-2] INFO  impl.RaftServerImpl (RaftServerImpl.java:setRole(184)) - dd1d24cd-1df3-4428-bf67-9b7dc9bd3e4c@group-D606C9B72829: changes role from  FOLLOWER to FOLLOWER at term 11 for recognizeCandidate:f02da163-2c1f-4de2-ab71-b915d7d0ae78
2019-10-21 04:30:40,126 [grpc-default-executor-4] INFO  impl.RoleInfo (RoleInfo.java:shutdownFollowerState(121)) - 641380fb-ae96-4755-94e0-fd776bdc090f: shutdown FollowerState
2019-10-21 04:30:40,126 [grpc-default-executor-2] INFO  impl.RoleInfo (RoleInfo.java:shutdownFollowerState(121)) - dd1d24cd-1df3-4428-bf67-9b7dc9bd3e4c: shutdown FollowerState
2019-10-21 04:30:40,126 [grpc-default-executor-4] INFO  impl.RoleInfo (RoleInfo.java:updateAndGet(143)) - 641380fb-ae96-4755-94e0-fd776bdc090f: start FollowerState
2019-10-21 04:30:40,126 [Thread-616] INFO  impl.FollowerState (FollowerState.java:run(117)) - 641380fb-ae96-4755-94e0-fd776bdc090f@group-D606C9B72829-FollowerState was interrupted: java.lang.InterruptedException: sleep interrupted
2019-10-21 04:30:40,126 [grpc-default-executor-2] INFO  impl.RoleInfo (RoleInfo.java:updateAndGet(143)) - dd1d24cd-1df3-4428-bf67-9b7dc9bd3e4c: start FollowerState
2019-10-21 04:30:40,126 [Thread-617] INFO  impl.FollowerState (FollowerState.java:run(117)) - dd1d24cd-1df3-4428-bf67-9b7dc9bd3e4c@group-D606C9B72829-FollowerState was interrupted: java.lang.InterruptedException: sleep interrupted
2019-10-21 04:30:40,143 [f02da163-2c1f-4de2-ab71-b915d7d0ae78@group-D606C9B72829-LeaderElection16] INFO  impl.LeaderElection (LeaderElection.java:logAndReturn(56)) - f02da163-2c1f-4de2-ab71-b915d7d0ae78@group-D606C9B72829-LeaderElection16: Election REJECTED; received 2 response(s) [f02da163-2c1f-4de2-ab71-b915d7d0ae78<-641380fb-ae96-4755-94e0-fd776bdc090f#0:FAIL-t11, f02da163-2c1f-4de2-ab71-b915d7d0ae78<-dd1d24cd-1df3-4428-bf67-9b7dc9bd3e4c#0:FAIL-t11] and 0 exception(s); f02da163-2c1f-4de2-ab71-b915d7d0ae78@group-D606C9B72829:t11, leader=null, voted=f02da163-2c1f-4de2-ab71-b915d7d0ae78, raftlog=f02da163-2c1f-4de2-ab71-b915d7d0ae78@group-D606C9B72829-SegmentedRaftLog:OPENED:c3,f4,i4, conf=0: [641380fb-ae96-4755-94e0-fd776bdc090f:192.168.34.41:39543, f02da163-2c1f-4de2-ab71-b915d7d0ae78:192.168.34.41:39439, dd1d24cd-1df3-4428-bf67-9b7dc9bd3e4c:192.168.34.41:45185], old=null
2019-10-21 04:30:40,143 [f02da163-2c1f-4de2-ab71-b915d7d0ae78@group-D606C9B72829-LeaderElection16] INFO  impl.RaftServerImpl (RaftServerImpl.java:setRole(184)) - f02da163-2c1f-4de2-ab71-b915d7d0ae78@group-D606C9B72829: changes role from CANDIDATE to FOLLOWER at term 11 for DISCOVERED_A_NEW_TERM
2019-10-21 04:30:40,147 [f02da163-2c1f-4de2-ab71-b915d7d0ae78@group-D606C9B72829-LeaderElection16] INFO  impl.RoleInfo (RoleInfo.java:shutdownLeaderElection(134)) - f02da163-2c1f-4de2-ab71-b915d7d0ae78: shutdown LeaderElection
2019-10-21 04:30:40,147 [f02da163-2c1f-4de2-ab71-b915d7d0ae78@group-D606C9B72829-LeaderElection16] INFO  impl.RoleInfo (RoleInfo.java:updateAndGet(143)) - f02da163-2c1f-4de2-ab71-b915d7d0ae78: start FollowerState
2019-10-21 04:30:40,192 [Thread-624] INFO  impl.FollowerState (FollowerState.java:run(108)) - f02da163-2c1f-4de2-ab71-b915d7d0ae78@group-D606C9B72829-FollowerState: change to CANDIDATE, lastRpcTime:44ms, electionTimeout:44ms
2019-10-21 04:30:40,194 [Thread-624] INFO  impl.RoleInfo (RoleInfo.java:shutdownFollowerState(121)) - f02da163-2c1f-4de2-ab71-b915d7d0ae78: shutdown FollowerState
2019-10-21 04:30:40,194 [Thread-624] INFO  impl.RaftServerImpl (RaftServerImpl.java:setRole(184)) - f02da163-2c1f-4de2-ab71-b915d7d0ae78@group-D606C9B72829: changes role from  FOLLOWER to CANDIDATE at term 11 for changeToCandidate
2019-10-21 04:30:40,194 [Thread-624] INFO  impl.RoleInfo (RoleInfo.java:updateAndGet(143)) - f02da163-2c1f-4de2-ab71-b915d7d0ae78: start LeaderElection
2019-10-21 04:30:40,208 [f02da163-2c1f-4de2-ab71-b915d7d0ae78@group-D606C9B72829-LeaderElection17] INFO  impl.LeaderElection (LeaderElection.java:askForVotes(178)) - f02da163-2c1f-4de2-ab71-b915d7d0ae78@group-D606C9B72829-LeaderElection17: begin an election at term 12 for 0: [641380fb-ae96-4755-94e0-fd776bdc090f:192.168.34.41:39543, f02da163-2c1f-4de2-ab71-b915d7d0ae78:192.168.34.41:39439, dd1d24cd-1df3-4428-bf67-9b7dc9bd3e4c:192.168.34.41:45185], old=null
2019-10-21 04:30:40,216 [grpc-default-executor-2] INFO  impl.RaftServerImpl (RaftServerImpl.java:setRole(184)) - dd1d24cd-1df3-4428-bf67-9b7dc9bd3e4c@group-D606C9B72829: changes role from  FOLLOWER to FOLLOWER at term 12 for recognizeCandidate:f02da163-2c1f-4de2-ab71-b915d7d0ae78
2019-10-21 04:30:40,216 [grpc-default-executor-4] INFO  impl.RaftServerImpl (RaftServerImpl.java:setRole(184)) - 641380fb-ae96-4755-94e0-fd776bdc090f@group-D606C9B72829: changes role from  FOLLOWER to FOLLOWER at term 12 for recognizeCandidate:f02da163-2c1f-4de2-ab71-b915d7d0ae78
2019-10-21 04:30:40,216 [grpc-default-executor-2] INFO  impl.RoleInfo (RoleInfo.java:shutdownFollowerState(121)) - dd1d24cd-1df3-4428-bf67-9b7dc9bd3e4c: shutdown FollowerState
2019-10-21 04:30:40,216 [grpc-default-executor-4] INFO  impl.RoleInfo (RoleInfo.java:shutdownFollowerState(121)) - 641380fb-ae96-4755-94e0-fd776bdc090f: shutdown FollowerState
2019-10-21 04:30:40,216 [Thread-623] INFO  impl.FollowerState (FollowerState.java:run(117)) - dd1d24cd-1df3-4428-bf67-9b7dc9bd3e4c@group-D606C9B72829-FollowerState was interrupted: java.lang.InterruptedException: sleep interrupted
2019-10-21 04:30:40,216 [grpc-default-executor-2] INFO  impl.RoleInfo (RoleInfo.java:updateAndGet(143)) - dd1d24cd-1df3-4428-bf67-9b7dc9bd3e4c: start FollowerState
2019-10-21 04:30:40,217 [Thread-622] INFO  impl.FollowerState (FollowerState.java:run(117)) - 641380fb-ae96-4755-94e0-fd776bdc090f@group-D606C9B72829-FollowerState was interrupted: java.lang.InterruptedException: sleep interrupted
2019-10-21 04:30:40,217 [grpc-default-executor-4] INFO  impl.RoleInfo (RoleInfo.java:updateAndGet(143)) - 641380fb-ae96-4755-94e0-fd776bdc090f: start FollowerState
2019-10-21 04:30:40,233 [f02da163-2c1f-4de2-ab71-b915d7d0ae78@group-D606C9B72829-LeaderElection17] INFO  impl.LeaderElection (LeaderElection.java:logAndReturn(56)) - f02da163-2c1f-4de2-ab71-b915d7d0ae78@group-D606C9B72829-LeaderElection17: Election REJECTED; received 2 response(s) [f02da163-2c1f-4de2-ab71-b915d7d0ae78<-641380fb-ae96-4755-94e0-fd776bdc090f#0:FAIL-t12, f02da163-2c1f-4de2-ab71-b915d7d0ae78<-dd1d24cd-1df3-4428-bf67-9b7dc9bd3e4c#0:FAIL-t12] and 0 exception(s); f02da163-2c1f-4de2-ab71-b915d7d0ae78@group-D606C9B72829:t12, leader=null, voted=f02da163-2c1f-4de2-ab71-b915d7d0ae78, raftlog=f02da163-2c1f-4de2-ab71-b915d7d0ae78@group-D606C9B72829-SegmentedRaftLog:OPENED:c3,f4,i4, conf=0: [641380fb-ae96-4755-94e0-fd776bdc090f:192.168.34.41:39543, f02da163-2c1f-4de2-ab71-b915d7d0ae78:192.168.34.41:39439, dd1d24cd-1df3-4428-bf67-9b7dc9bd3e4c:192.168.34.41:45185], old=null
2019-10-21 04:30:40,234 [f02da163-2c1f-4de2-ab71-b915d7d0ae78@group-D606C9B72829-LeaderElection17] INFO  impl.RaftServerImpl (RaftServerImpl.java:setRole(184)) - f02da163-2c1f-4de2-ab71-b915d7d0ae78@group-D606C9B72829: changes role from CANDIDATE to FOLLOWER at term 12 for DISCOVERED_A_NEW_TERM
2019-10-21 04:30:40,234 [f02da163-2c1f-4de2-ab71-b915d7d0ae78@group-D606C9B72829-LeaderElection17] INFO  impl.RoleInfo (RoleInfo.java:shutdownLeaderElection(134)) - f02da163-2c1f-4de2-ab71-b915d7d0ae78: shutdown LeaderElection
2019-10-21 04:30:40,234 [f02da163-2c1f-4de2-ab71-b915d7d0ae78@group-D606C9B72829-LeaderElection17] INFO  impl.RoleInfo (RoleInfo.java:updateAndGet(143)) - f02da163-2c1f-4de2-ab71-b915d7d0ae78: start FollowerState
2019-10-21 04:30:40,306 [Thread-630] INFO  impl.FollowerState (FollowerState.java:run(108)) - f02da163-2c1f-4de2-ab71-b915d7d0ae78@group-D606C9B72829-FollowerState: change to CANDIDATE, lastRpcTime:72ms, electionTimeout:72ms
2019-10-21 04:30:40,308 [Thread-630] INFO  impl.RoleInfo (RoleInfo.java:shutdownFollowerState(121)) - f02da163-2c1f-4de2-ab71-b915d7d0ae78: shutdown FollowerState
2019-10-21 04:30:40,308 [Thread-630] INFO  impl.RaftServerImpl (RaftServerImpl.java:setRole(184)) - f02da163-2c1f-4de2-ab71-b915d7d0ae78@group-D606C9B72829: changes role from  FOLLOWER to CANDIDATE at term 12 for changeToCandidate
2019-10-21 04:30:40,308 [Thread-630] INFO  impl.RoleInfo (RoleInfo.java:updateAndGet(143)) - f02da163-2c1f-4de2-ab71-b915d7d0ae78: start LeaderElection
2019-10-21 04:30:40,323 [f02da163-2c1f-4de2-ab71-b915d7d0ae78@group-D606C9B72829-LeaderElection18] INFO  impl.LeaderElection (LeaderElection.java:askForVotes(178)) - f02da163-2c1f-4de2-ab71-b915d7d0ae78@group-D606C9B72829-LeaderElection18: begin an election at term 13 for 0: [641380fb-ae96-4755-94e0-fd776bdc090f:192.168.34.41:39543, f02da163-2c1f-4de2-ab71-b915d7d0ae78:192.168.34.41:39439, dd1d24cd-1df3-4428-bf67-9b7dc9bd3e4c:192.168.34.41:45185], old=null
2019-10-21 04:30:40,327 [grpc-default-executor-4] INFO  impl.RaftServerImpl (RaftServerImpl.java:setRole(184)) - dd1d24cd-1df3-4428-bf67-9b7dc9bd3e4c@group-D606C9B72829: changes role from  FOLLOWER to FOLLOWER at term 13 for recognizeCandidate:f02da163-2c1f-4de2-ab71-b915d7d0ae78
2019-10-21 04:30:40,327 [grpc-default-executor-2] INFO  impl.RaftServerImpl (RaftServerImpl.java:setRole(184)) - 641380fb-ae96-4755-94e0-fd776bdc090f@group-D606C9B72829: changes role from  FOLLOWER to FOLLOWER at term 13 for recognizeCandidate:f02da163-2c1f-4de2-ab71-b915d7d0ae78
2019-10-21 04:30:40,327 [grpc-default-executor-4] INFO  impl.RoleInfo (RoleInfo.java:shutdownFollowerState(121)) - dd1d24cd-1df3-4428-bf67-9b7dc9bd3e4c: shutdown FollowerState
2019-10-21 04:30:40,328 [grpc-default-executor-2] INFO  impl.RoleInfo (RoleInfo.java:shutdownFollowerState(121)) - 641380fb-ae96-4755-94e0-fd776bdc090f: shutdown FollowerState
2019-10-21 04:30:40,328 [grpc-default-executor-4] INFO  impl.RoleInfo (RoleInfo.java:updateAndGet(143)) - dd1d24cd-1df3-4428-bf67-9b7dc9bd3e4c: start FollowerState
2019-10-21 04:30:40,328 [Thread-628] INFO  impl.FollowerState (FollowerState.java:run(117)) - dd1d24cd-1df3-4428-bf67-9b7dc9bd3e4c@group-D606C9B72829-FollowerState was interrupted: java.lang.InterruptedException: sleep interrupted
2019-10-21 04:30:40,328 [Thread-629] INFO  impl.FollowerState (FollowerState.java:run(117)) - 641380fb-ae96-4755-94e0-fd776bdc090f@group-D606C9B72829-FollowerState was interrupted: java.lang.InterruptedException: sleep interrupted
2019-10-21 04:30:40,328 [grpc-default-executor-2] INFO  impl.RoleInfo (RoleInfo.java:updateAndGet(143)) - 641380fb-ae96-4755-94e0-fd776bdc090f: start FollowerState
2019-10-21 04:30:40,347 [f02da163-2c1f-4de2-ab71-b915d7d0ae78@group-D606C9B72829-LeaderElection18] INFO  impl.LeaderElection (LeaderElection.java:logAndReturn(56)) - f02da163-2c1f-4de2-ab71-b915d7d0ae78@group-D606C9B72829-LeaderElection18: Election REJECTED; received 2 response(s) [f02da163-2c1f-4de2-ab71-b915d7d0ae78<-641380fb-ae96-4755-94e0-fd776bdc090f#0:FAIL-t13, f02da163-2c1f-4de2-ab71-b915d7d0ae78<-dd1d24cd-1df3-4428-bf67-9b7dc9bd3e4c#0:FAIL-t13] and 0 exception(s); f02da163-2c1f-4de2-ab71-b915d7d0ae78@group-D606C9B72829:t13, leader=null, voted=f02da163-2c1f-4de2-ab71-b915d7d0ae78, raftlog=f02da163-2c1f-4de2-ab71-b915d7d0ae78@group-D606C9B72829-SegmentedRaftLog:OPENED:c3,f4,i4, conf=0: [641380fb-ae96-4755-94e0-fd776bdc090f:192.168.34.41:39543, f02da163-2c1f-4de2-ab71-b915d7d0ae78:192.168.34.41:39439, dd1d24cd-1df3-4428-bf67-9b7dc9bd3e4c:192.168.34.41:45185], old=null
2019-10-21 04:30:40,347 [f02da163-2c1f-4de2-ab71-b915d7d0ae78@group-D606C9B72829-LeaderElection18] INFO  impl.RaftServerImpl (RaftServerImpl.java:setRole(184)) - f02da163-2c1f-4de2-ab71-b915d7d0ae78@group-D606C9B72829: changes role from CANDIDATE to FOLLOWER at term 13 for DISCOVERED_A_NEW_TERM
2019-10-21 04:30:40,347 [f02da163-2c1f-4de2-ab71-b915d7d0ae78@group-D606C9B72829-LeaderElection18] INFO  impl.RoleInfo (RoleInfo.java:shutdownLeaderElection(134)) - f02da163-2c1f-4de2-ab71-b915d7d0ae78: shutdown LeaderElection
2019-10-21 04:30:40,347 [f02da163-2c1f-4de2-ab71-b915d7d0ae78@group-D606C9B72829-LeaderElection18] INFO  impl.RoleInfo (RoleInfo.java:updateAndGet(143)) - f02da163-2c1f-4de2-ab71-b915d7d0ae78: start FollowerState
2019-10-21 04:30:40,367 [BlockDeletingService#7] WARN  background.BlockDeletingService (BlockDeletingService.java:isDeletionAllowed(187)) - Close Container log Index 6 is not replicated across allthe servers in the pipeline d49b1818-47fb-49d2-b44c-d606c9b72829 as the min replicated index is 4. Deletion is not allowed in this container yet.
2019-10-21 04:30:40,367 [BlockDeletingService#2] WARN  background.BlockDeletingService (BlockDeletingService.java:isDeletionAllowed(187)) - Close Container log Index 6 is not replicated across allthe servers in the pipeline d49b1818-47fb-49d2-b44c-d606c9b72829 as the min replicated index is 4. Deletion is not allowed in this container yet.
2019-10-21 04:30:40,547 [Thread-636] INFO  impl.FollowerState (FollowerState.java:run(108)) - f02da163-2c1f-4de2-ab71-b915d7d0ae78@group-D606C9B72829-FollowerState: change to CANDIDATE, lastRpcTime:199ms, electionTimeout:199ms
2019-10-21 04:30:40,547 [Thread-636] INFO  impl.RoleInfo (RoleInfo.java:shutdownFollowerState(121)) - f02da163-2c1f-4de2-ab71-b915d7d0ae78: shutdown FollowerState
2019-10-21 04:30:40,547 [Thread-636] INFO  impl.RaftServerImpl (RaftServerImpl.java:setRole(184)) - f02da163-2c1f-4de2-ab71-b915d7d0ae78@group-D606C9B72829: changes role from  FOLLOWER to CANDIDATE at term 13 for changeToCandidate
2019-10-21 04:30:40,547 [Thread-636] INFO  impl.RoleInfo (RoleInfo.java:updateAndGet(143)) - f02da163-2c1f-4de2-ab71-b915d7d0ae78: start LeaderElection
2019-10-21 04:30:40,561 [f02da163-2c1f-4de2-ab71-b915d7d0ae78@group-D606C9B72829-LeaderElection19] INFO  impl.LeaderElection (LeaderElection.java:askForVotes(178)) - f02da163-2c1f-4de2-ab71-b915d7d0ae78@group-D606C9B72829-LeaderElection19: begin an election at term 14 for 0: [641380fb-ae96-4755-94e0-fd776bdc090f:192.168.34.41:39543, f02da163-2c1f-4de2-ab71-b915d7d0ae78:192.168.34.41:39439, dd1d24cd-1df3-4428-bf67-9b7dc9bd3e4c:192.168.34.41:45185], old=null
2019-10-21 04:30:40,563 [Thread-644] INFO  client.GrpcClientProtocolService (GrpcClientProtocolService.java:lambda$processClientRequest$0(278)) - Failed RaftClientRequest:client-A60227926EB5->641380fb-ae96-4755-94e0-fd776bdc090f@group-D606C9B72829, cid=10, seq=0, Watch-ALL_COMMITTED(6), Message:<EMPTY>, reply=RaftClientReply:client-A60227926EB5->641380fb-ae96-4755-94e0-fd776bdc090f@group-D606C9B72829, cid=10, FAILED org.apache.ratis.protocol.NotLeaderException: Server 641380fb-ae96-4755-94e0-fd776bdc090f@group-D606C9B72829 is not the leader, logIndex=0, commits[641380fb-ae96-4755-94e0-fd776bdc090f:c10, f02da163-2c1f-4de2-ab71-b915d7d0ae78:c4, dd1d24cd-1df3-4428-bf67-9b7dc9bd3e4c:c10]
2019-10-21 04:30:40,568 [grpc-default-executor-4] INFO  impl.RaftServerImpl (RaftServerImpl.java:setRole(184)) - 641380fb-ae96-4755-94e0-fd776bdc090f@group-D606C9B72829: changes role from  FOLLOWER to FOLLOWER at term 14 for recognizeCandidate:f02da163-2c1f-4de2-ab71-b915d7d0ae78
2019-10-21 04:30:40,568 [grpc-default-executor-2] INFO  impl.RaftServerImpl (RaftServerImpl.java:setRole(184)) - dd1d24cd-1df3-4428-bf67-9b7dc9bd3e4c@group-D606C9B72829: changes role from  FOLLOWER to FOLLOWER at term 14 for recognizeCandidate:f02da163-2c1f-4de2-ab71-b915d7d0ae78
2019-10-21 04:30:40,568 [grpc-default-executor-4] INFO  impl.RoleInfo (RoleInfo.java:shutdownFollowerState(121)) - 641380fb-ae96-4755-94e0-fd776bdc090f: shutdown FollowerState
2019-10-21 04:30:40,569 [grpc-default-executor-2] INFO  impl.RoleInfo (RoleInfo.java:shutdownFollowerState(121)) - dd1d24cd-1df3-4428-bf67-9b7dc9bd3e4c: shutdown FollowerState
2019-10-21 04:30:40,570 [grpc-default-executor-4] INFO  impl.RoleInfo (RoleInfo.java:updateAndGet(143)) - 641380fb-ae96-4755-94e0-fd776bdc090f: start FollowerState
2019-10-21 04:30:40,570 [Thread-635] INFO  impl.FollowerState (FollowerState.java:run(117)) - 641380fb-ae96-4755-94e0-fd776bdc090f@group-D606C9B72829-FollowerState was interrupted: java.lang.InterruptedException: sleep interrupted
2019-10-21 04:30:40,571 [Thread-634] INFO  impl.FollowerState (FollowerState.java:run(117)) - dd1d24cd-1df3-4428-bf67-9b7dc9bd3e4c@group-D606C9B72829-FollowerState was interrupted: java.lang.InterruptedException: sleep interrupted
2019-10-21 04:30:40,571 [grpc-default-executor-2] INFO  impl.RoleInfo (RoleInfo.java:updateAndGet(143)) - dd1d24cd-1df3-4428-bf67-9b7dc9bd3e4c: start FollowerState
2019-10-21 04:30:40,575 [java.util.concurrent.ThreadPoolExecutor$Worker@4c939573[State = -1, empty queue]] WARN  server.GrpcLogAppender (GrpcLogAppender.java:timeoutAppendRequest(209)) - dd1d24cd-1df3-4428-bf67-9b7dc9bd3e4c@group-D606C9B72829->f02da163-2c1f-4de2-ab71-b915d7d0ae78-GrpcLogAppender: appendEntries Timeout, request=dd1d24cd-1df3-4428-bf67-9b7dc9bd3e4c->f02da163-2c1f-4de2-ab71-b915d7d0ae78#52-t5, previous=(t:5, i:10), leaderCommit=10, initializing? false, entries: <empty>
2019-10-21 04:30:40,588 [f02da163-2c1f-4de2-ab71-b915d7d0ae78@group-D606C9B72829-LeaderElection19] INFO  impl.LeaderElection (LeaderElection.java:logAndReturn(56)) - f02da163-2c1f-4de2-ab71-b915d7d0ae78@group-D606C9B72829-LeaderElection19: Election REJECTED; received 2 response(s) [f02da163-2c1f-4de2-ab71-b915d7d0ae78<-641380fb-ae96-4755-94e0-fd776bdc090f#0:FAIL-t14, f02da163-2c1f-4de2-ab71-b915d7d0ae78<-dd1d24cd-1df3-4428-bf67-9b7dc9bd3e4c#0:FAIL-t14] and 0 exception(s); f02da163-2c1f-4de2-ab71-b915d7d0ae78@group-D606C9B72829:t14, leader=null, voted=f02da163-2c1f-4de2-ab71-b915d7d0ae78, raftlog=f02da163-2c1f-4de2-ab71-b915d7d0ae78@group-D606C9B72829-SegmentedRaftLog:OPENED:c3,f4,i4, conf=0: [641380fb-ae96-4755-94e0-fd776bdc090f:192.168.34.41:39543, f02da163-2c1f-4de2-ab71-b915d7d0ae78:192.168.34.41:39439, dd1d24cd-1df3-4428-bf67-9b7dc9bd3e4c:192.168.34.41:45185], old=null
2019-10-21 04:30:40,588 [f02da163-2c1f-4de2-ab71-b915d7d0ae78@group-D606C9B72829-LeaderElection19] INFO  impl.RaftServerImpl (RaftServerImpl.java:setRole(184)) - f02da163-2c1f-4de2-ab71-b915d7d0ae78@group-D606C9B72829: changes role from CANDIDATE to FOLLOWER at term 14 for DISCOVERED_A_NEW_TERM
2019-10-21 04:30:40,588 [f02da163-2c1f-4de2-ab71-b915d7d0ae78@group-D606C9B72829-LeaderElection19] INFO  impl.RoleInfo (RoleInfo.java:shutdownLeaderElection(134)) - f02da163-2c1f-4de2-ab71-b915d7d0ae78: shutdown LeaderElection
2019-10-21 04:30:40,588 [f02da163-2c1f-4de2-ab71-b915d7d0ae78@group-D606C9B72829-LeaderElection19] INFO  impl.RoleInfo (RoleInfo.java:updateAndGet(143)) - f02da163-2c1f-4de2-ab71-b915d7d0ae78: start FollowerState
2019-10-21 04:30:40,595 [Thread-648] INFO  impl.FollowerState (FollowerState.java:run(108)) - f02da163-2c1f-4de2-ab71-b915d7d0ae78@group-D606C9B72829-FollowerState: change to CANDIDATE, lastRpcTime:6ms, electionTimeout:6ms
2019-10-21 04:30:40,595 [Thread-648] INFO  impl.RoleInfo (RoleInfo.java:shutdownFollowerState(121)) - f02da163-2c1f-4de2-ab71-b915d7d0ae78: shutdown FollowerState
2019-10-21 04:30:40,595 [Thread-648] INFO  impl.RaftServerImpl (RaftServerImpl.java:setRole(184)) - f02da163-2c1f-4de2-ab71-b915d7d0ae78@group-D606C9B72829: changes role from  FOLLOWER to CANDIDATE at term 14 for changeToCandidate
2019-10-21 04:30:40,596 [Thread-648] INFO  impl.RoleInfo (RoleInfo.java:updateAndGet(143)) - f02da163-2c1f-4de2-ab71-b915d7d0ae78: start LeaderElection
2019-10-21 04:30:40,609 [f02da163-2c1f-4de2-ab71-b915d7d0ae78@group-D606C9B72829-LeaderElection20] INFO  impl.LeaderElection (LeaderElection.java:askForVotes(178)) - f02da163-2c1f-4de2-ab71-b915d7d0ae78@group-D606C9B72829-LeaderElection20: begin an election at term 15 for 0: [641380fb-ae96-4755-94e0-fd776bdc090f:192.168.34.41:39543, f02da163-2c1f-4de2-ab71-b915d7d0ae78:192.168.34.41:39439, dd1d24cd-1df3-4428-bf67-9b7dc9bd3e4c:192.168.34.41:45185], old=null
2019-10-21 04:30:40,612 [grpc-default-executor-4] INFO  impl.RaftServerImpl (RaftServerImpl.java:setRole(184)) - 641380fb-ae96-4755-94e0-fd776bdc090f@group-D606C9B72829: changes role from  FOLLOWER to FOLLOWER at term 15 for recognizeCandidate:f02da163-2c1f-4de2-ab71-b915d7d0ae78
2019-10-21 04:30:40,613 [grpc-default-executor-2] INFO  impl.RaftServerImpl (RaftServerImpl.java:setRole(184)) - dd1d24cd-1df3-4428-bf67-9b7dc9bd3e4c@group-D606C9B72829: changes role from  FOLLOWER to FOLLOWER at term 15 for recognizeCandidate:f02da163-2c1f-4de2-ab71-b915d7d0ae78
2019-10-21 04:30:40,613 [grpc-default-executor-4] INFO  impl.RoleInfo (RoleInfo.java:shutdownFollowerState(121)) - 641380fb-ae96-4755-94e0-fd776bdc090f: shutdown FollowerState
2019-10-21 04:30:40,613 [grpc-default-executor-2] INFO  impl.RoleInfo (RoleInfo.java:shutdownFollowerState(121)) - dd1d24cd-1df3-4428-bf67-9b7dc9bd3e4c: shutdown FollowerState
2019-10-21 04:30:40,613 [grpc-default-executor-4] INFO  impl.RoleInfo (RoleInfo.java:updateAndGet(143)) - 641380fb-ae96-4755-94e0-fd776bdc090f: start FollowerState
2019-10-21 04:30:40,613 [Thread-645] INFO  impl.FollowerState (FollowerState.java:run(117)) - 641380fb-ae96-4755-94e0-fd776bdc090f@group-D606C9B72829-FollowerState was interrupted: java.lang.InterruptedException: sleep interrupted
2019-10-21 04:30:40,613 [Thread-647] INFO  impl.FollowerState (FollowerState.java:run(117)) - dd1d24cd-1df3-4428-bf67-9b7dc9bd3e4c@group-D606C9B72829-FollowerState was interrupted: java.lang.InterruptedException: sleep interrupted
2019-10-21 04:30:40,613 [grpc-default-executor-2] INFO  impl.RoleInfo (RoleInfo.java:updateAndGet(143)) - dd1d24cd-1df3-4428-bf67-9b7dc9bd3e4c: start FollowerState
2019-10-21 04:30:40,628 [f02da163-2c1f-4de2-ab71-b915d7d0ae78@group-D606C9B72829-LeaderElection20] INFO  impl.LeaderElection (LeaderElection.java:logAndReturn(56)) - f02da163-2c1f-4de2-ab71-b915d7d0ae78@group-D606C9B72829-LeaderElection20: Election REJECTED; received 2 response(s) [f02da163-2c1f-4de2-ab71-b915d7d0ae78<-641380fb-ae96-4755-94e0-fd776bdc090f#0:FAIL-t15, f02da163-2c1f-4de2-ab71-b915d7d0ae78<-dd1d24cd-1df3-4428-bf67-9b7dc9bd3e4c#0:FAIL-t15] and 0 exception(s); f02da163-2c1f-4de2-ab71-b915d7d0ae78@group-D606C9B72829:t15, leader=null, voted=f02da163-2c1f-4de2-ab71-b915d7d0ae78, raftlog=f02da163-2c1f-4de2-ab71-b915d7d0ae78@group-D606C9B72829-SegmentedRaftLog:OPENED:c3,f4,i4, conf=0: [641380fb-ae96-4755-94e0-fd776bdc090f:192.168.34.41:39543, f02da163-2c1f-4de2-ab71-b915d7d0ae78:192.168.34.41:39439, dd1d24cd-1df3-4428-bf67-9b7dc9bd3e4c:192.168.34.41:45185], old=null
2019-10-21 04:30:40,628 [f02da163-2c1f-4de2-ab71-b915d7d0ae78@group-D606C9B72829-LeaderElection20] INFO  impl.RaftServerImpl (RaftServerImpl.java:setRole(184)) - f02da163-2c1f-4de2-ab71-b915d7d0ae78@group-D606C9B72829: changes role from CANDIDATE to FOLLOWER at term 15 for DISCOVERED_A_NEW_TERM
2019-10-21 04:30:40,628 [f02da163-2c1f-4de2-ab71-b915d7d0ae78@group-D606C9B72829-LeaderElection20] INFO  impl.RoleInfo (RoleInfo.java:shutdownLeaderElection(134)) - f02da163-2c1f-4de2-ab71-b915d7d0ae78: shutdown LeaderElection
2019-10-21 04:30:40,628 [f02da163-2c1f-4de2-ab71-b915d7d0ae78@group-D606C9B72829-LeaderElection20] INFO  impl.RoleInfo (RoleInfo.java:updateAndGet(143)) - f02da163-2c1f-4de2-ab71-b915d7d0ae78: start FollowerState
2019-10-21 04:30:40,784 [Thread-654] INFO  impl.FollowerState (FollowerState.java:run(108)) - f02da163-2c1f-4de2-ab71-b915d7d0ae78@group-D606C9B72829-FollowerState: change to CANDIDATE, lastRpcTime:156ms, electionTimeout:156ms
2019-10-21 04:30:40,786 [Thread-654] INFO  impl.RoleInfo (RoleInfo.java:shutdownFollowerState(121)) - f02da163-2c1f-4de2-ab71-b915d7d0ae78: shutdown FollowerState
2019-10-21 04:30:40,786 [Thread-654] INFO  impl.RaftServerImpl (RaftServerImpl.java:setRole(184)) - f02da163-2c1f-4de2-ab71-b915d7d0ae78@group-D606C9B72829: changes role from  FOLLOWER to CANDIDATE at term 15 for changeToCandidate
2019-10-21 04:30:40,786 [Thread-654] INFO  impl.RoleInfo (RoleInfo.java:updateAndGet(143)) - f02da163-2c1f-4de2-ab71-b915d7d0ae78: start LeaderElection
2019-10-21 04:30:40,800 [f02da163-2c1f-4de2-ab71-b915d7d0ae78@group-D606C9B72829-LeaderElection21] INFO  impl.LeaderElection (LeaderElection.java:askForVotes(178)) - f02da163-2c1f-4de2-ab71-b915d7d0ae78@group-D606C9B72829-LeaderElection21: begin an election at term 16 for 0: [641380fb-ae96-4755-94e0-fd776bdc090f:192.168.34.41:39543, f02da163-2c1f-4de2-ab71-b915d7d0ae78:192.168.34.41:39439, dd1d24cd-1df3-4428-bf67-9b7dc9bd3e4c:192.168.34.41:45185], old=null
2019-10-21 04:30:40,805 [grpc-default-executor-2] INFO  impl.RaftServerImpl (RaftServerImpl.java:setRole(184)) - dd1d24cd-1df3-4428-bf67-9b7dc9bd3e4c@group-D606C9B72829: changes role from  FOLLOWER to FOLLOWER at term 16 for recognizeCandidate:f02da163-2c1f-4de2-ab71-b915d7d0ae78
2019-10-21 04:30:40,805 [grpc-default-executor-4] INFO  impl.RaftServerImpl (RaftServerImpl.java:setRole(184)) - 641380fb-ae96-4755-94e0-fd776bdc090f@group-D606C9B72829: changes role from  FOLLOWER to FOLLOWER at term 16 for recognizeCandidate:f02da163-2c1f-4de2-ab71-b915d7d0ae78
2019-10-21 04:30:40,805 [grpc-default-executor-2] INFO  impl.RoleInfo (RoleInfo.java:shutdownFollowerState(121)) - dd1d24cd-1df3-4428-bf67-9b7dc9bd3e4c: shutdown FollowerState
2019-10-21 04:30:40,805 [grpc-default-executor-4] INFO  impl.RoleInfo (RoleInfo.java:shutdownFollowerState(121)) - 641380fb-ae96-4755-94e0-fd776bdc090f: shutdown FollowerState
2019-10-21 04:30:40,805 [Thread-653] INFO  impl.FollowerState (FollowerState.java:run(117)) - dd1d24cd-1df3-4428-bf67-9b7dc9bd3e4c@group-D606C9B72829-FollowerState was interrupted: java.lang.InterruptedException: sleep interrupted
2019-10-21 04:30:40,805 [grpc-default-executor-4] INFO  impl.RoleInfo (RoleInfo.java:updateAndGet(143)) - 641380fb-ae96-4755-94e0-fd776bdc090f: start FollowerState
2019-10-21 04:30:40,805 [Thread-652] INFO  impl.FollowerState (FollowerState.java:run(117)) - 641380fb-ae96-4755-94e0-fd776bdc090f@group-D606C9B72829-FollowerState was interrupted: java.lang.InterruptedException: sleep interrupted
2019-10-21 04:30:40,805 [grpc-default-executor-2] INFO  impl.RoleInfo (RoleInfo.java:updateAndGet(143)) - dd1d24cd-1df3-4428-bf67-9b7dc9bd3e4c: start FollowerState
2019-10-21 04:30:40,817 [f02da163-2c1f-4de2-ab71-b915d7d0ae78@group-D606C9B72829-LeaderElection21] INFO  impl.LeaderElection (LeaderElection.java:logAndReturn(56)) - f02da163-2c1f-4de2-ab71-b915d7d0ae78@group-D606C9B72829-LeaderElection21: Election REJECTED; received 2 response(s) [f02da163-2c1f-4de2-ab71-b915d7d0ae78<-641380fb-ae96-4755-94e0-fd776bdc090f#0:FAIL-t16, f02da163-2c1f-4de2-ab71-b915d7d0ae78<-dd1d24cd-1df3-4428-bf67-9b7dc9bd3e4c#0:FAIL-t16] and 0 exception(s); f02da163-2c1f-4de2-ab71-b915d7d0ae78@group-D606C9B72829:t16, leader=null, voted=f02da163-2c1f-4de2-ab71-b915d7d0ae78, raftlog=f02da163-2c1f-4de2-ab71-b915d7d0ae78@group-D606C9B72829-SegmentedRaftLog:OPENED:c3,f4,i4, conf=0: [641380fb-ae96-4755-94e0-fd776bdc090f:192.168.34.41:39543, f02da163-2c1f-4de2-ab71-b915d7d0ae78:192.168.34.41:39439, dd1d24cd-1df3-4428-bf67-9b7dc9bd3e4c:192.168.34.41:45185], old=null
2019-10-21 04:30:40,818 [f02da163-2c1f-4de2-ab71-b915d7d0ae78@group-D606C9B72829-LeaderElection21] INFO  impl.RaftServerImpl (RaftServerImpl.java:setRole(184)) - f02da163-2c1f-4de2-ab71-b915d7d0ae78@group-D606C9B72829: changes role from CANDIDATE to FOLLOWER at term 16 for DISCOVERED_A_NEW_TERM
2019-10-21 04:30:40,818 [f02da163-2c1f-4de2-ab71-b915d7d0ae78@group-D606C9B72829-LeaderElection21] INFO  impl.RoleInfo (RoleInfo.java:shutdownLeaderElection(134)) - f02da163-2c1f-4de2-ab71-b915d7d0ae78: shutdown LeaderElection
2019-10-21 04:30:40,818 [f02da163-2c1f-4de2-ab71-b915d7d0ae78@group-D606C9B72829-LeaderElection21] INFO  impl.RoleInfo (RoleInfo.java:updateAndGet(143)) - f02da163-2c1f-4de2-ab71-b915d7d0ae78: start FollowerState
2019-10-21 04:30:40,854 [pool-7-thread-4] INFO  commands.RetriableDatanodeEventWatcher (RetriableDatanodeEventWatcher.java:onTimeout(47)) - RetriableDatanodeCommand type=deleteBlocksCommand with id=1571632235849 timed out. Retrying.
2019-10-21 04:30:40,856 [pool-7-thread-5] INFO  commands.RetriableDatanodeEventWatcher (RetriableDatanodeEventWatcher.java:onTimeout(47)) - RetriableDatanodeCommand type=deleteBlocksCommand with id=1571632235856 timed out. Retrying.
2019-10-21 04:30:40,856 [pool-7-thread-1] INFO  commands.RetriableDatanodeEventWatcher (RetriableDatanodeEventWatcher.java:onTimeout(47)) - RetriableDatanodeCommand type=deleteBlocksCommand with id=1571632235854 timed out. Retrying.
2019-10-21 04:30:40,856 [pool-7-thread-2] INFO  commands.RetriableDatanodeEventWatcher (RetriableDatanodeEventWatcher.java:onTimeout(47)) - RetriableDatanodeCommand type=deleteBlocksCommand with id=1571632235852 timed out. Retrying.
2019-10-21 04:30:40,856 [SCMBlockDeletingService#1] INFO  block.SCMBlockDeletingService (SCMBlockDeletingService.java:call(184)) - Totally added 1 delete blocks command for 1 datanodes, task elapsed time: 1ms
2019-10-21 04:30:40,857 [pool-7-thread-3] INFO  commands.RetriableDatanodeEventWatcher (RetriableDatanodeEventWatcher.java:onTimeout(47)) - RetriableDatanodeCommand type=deleteBlocksCommand with id=1571632235855 timed out. Retrying.
2019-10-21 04:30:40,969 [Thread-660] INFO  impl.FollowerState (FollowerState.java:run(108)) - f02da163-2c1f-4de2-ab71-b915d7d0ae78@group-D606C9B72829-FollowerState: change to CANDIDATE, lastRpcTime:151ms, electionTimeout:151ms
2019-10-21 04:30:40,970 [Thread-660] INFO  impl.RoleInfo (RoleInfo.java:shutdownFollowerState(121)) - f02da163-2c1f-4de2-ab71-b915d7d0ae78: shutdown FollowerState
2019-10-21 04:30:40,970 [Thread-660] INFO  impl.RaftServerImpl (RaftServerImpl.java:setRole(184)) - f02da163-2c1f-4de2-ab71-b915d7d0ae78@group-D606C9B72829: changes role from  FOLLOWER to CANDIDATE at term 16 for changeToCandidate
2019-10-21 04:30:40,970 [Thread-660] INFO  impl.RoleInfo (RoleInfo.java:updateAndGet(143)) - f02da163-2c1f-4de2-ab71-b915d7d0ae78: start LeaderElection
2019-10-21 04:30:40,985 [f02da163-2c1f-4de2-ab71-b915d7d0ae78@group-D606C9B72829-LeaderElection22] INFO  impl.LeaderElection (LeaderElection.java:askForVotes(178)) - f02da163-2c1f-4de2-ab71-b915d7d0ae78@group-D606C9B72829-LeaderElection22: begin an election at term 17 for 0: [641380fb-ae96-4755-94e0-fd776bdc090f:192.168.34.41:39543, f02da163-2c1f-4de2-ab71-b915d7d0ae78:192.168.34.41:39439, dd1d24cd-1df3-4428-bf67-9b7dc9bd3e4c:192.168.34.41:45185], old=null
2019-10-21 04:30:40,990 [grpc-default-executor-4] INFO  impl.RaftServerImpl (RaftServerImpl.java:setRole(184)) - 641380fb-ae96-4755-94e0-fd776bdc090f@group-D606C9B72829: changes role from  FOLLOWER to FOLLOWER at term 17 for recognizeCandidate:f02da163-2c1f-4de2-ab71-b915d7d0ae78
2019-10-21 04:30:40,990 [grpc-default-executor-2] INFO  impl.RaftServerImpl (RaftServerImpl.java:setRole(184)) - dd1d24cd-1df3-4428-bf67-9b7dc9bd3e4c@group-D606C9B72829: changes role from  FOLLOWER to FOLLOWER at term 17 for recognizeCandidate:f02da163-2c1f-4de2-ab71-b915d7d0ae78
2019-10-21 04:30:40,990 [grpc-default-executor-4] INFO  impl.RoleInfo (RoleInfo.java:shutdownFollowerState(121)) - 641380fb-ae96-4755-94e0-fd776bdc090f: shutdown FollowerState
2019-10-21 04:30:40,990 [grpc-default-executor-2] INFO  impl.RoleInfo (RoleInfo.java:shutdownFollowerState(121)) - dd1d24cd-1df3-4428-bf67-9b7dc9bd3e4c: shutdown FollowerState
2019-10-21 04:30:40,990 [grpc-default-executor-4] INFO  impl.RoleInfo (RoleInfo.java:updateAndGet(143)) - 641380fb-ae96-4755-94e0-fd776bdc090f: start FollowerState
2019-10-21 04:30:40,990 [Thread-658] INFO  impl.FollowerState (FollowerState.java:run(117)) - dd1d24cd-1df3-4428-bf67-9b7dc9bd3e4c@group-D606C9B72829-FollowerState was interrupted: java.lang.InterruptedException: sleep interrupted
2019-10-21 04:30:40,990 [grpc-default-executor-2] INFO  impl.RoleInfo (RoleInfo.java:updateAndGet(143)) - dd1d24cd-1df3-4428-bf67-9b7dc9bd3e4c: start FollowerState
2019-10-21 04:30:40,990 [Thread-659] INFO  impl.FollowerState (FollowerState.java:run(117)) - 641380fb-ae96-4755-94e0-fd776bdc090f@group-D606C9B72829-FollowerState was interrupted: java.lang.InterruptedException: sleep interrupted
2019-10-21 04:30:41,002 [f02da163-2c1f-4de2-ab71-b915d7d0ae78@group-D606C9B72829-LeaderElection22] INFO  impl.LeaderElection (LeaderElection.java:logAndReturn(56)) - f02da163-2c1f-4de2-ab71-b915d7d0ae78@group-D606C9B72829-LeaderElection22: Election TIMEOUT; received 0 response(s) [] and 0 exception(s); f02da163-2c1f-4de2-ab71-b915d7d0ae78@group-D606C9B72829:t17, leader=null, voted=f02da163-2c1f-4de2-ab71-b915d7d0ae78, raftlog=f02da163-2c1f-4de2-ab71-b915d7d0ae78@group-D606C9B72829-SegmentedRaftLog:OPENED:c3,f4,i4, conf=0: [641380fb-ae96-4755-94e0-fd776bdc090f:192.168.34.41:39543, f02da163-2c1f-4de2-ab71-b915d7d0ae78:192.168.34.41:39439, dd1d24cd-1df3-4428-bf67-9b7dc9bd3e4c:192.168.34.41:45185], old=null
2019-10-21 04:30:41,005 [f02da163-2c1f-4de2-ab71-b915d7d0ae78@group-D606C9B72829-LeaderElection22] INFO  impl.LeaderElection (LeaderElection.java:askForVotes(178)) - f02da163-2c1f-4de2-ab71-b915d7d0ae78@group-D606C9B72829-LeaderElection22: begin an election at term 18 for 0: [641380fb-ae96-4755-94e0-fd776bdc090f:192.168.34.41:39543, f02da163-2c1f-4de2-ab71-b915d7d0ae78:192.168.34.41:39439, dd1d24cd-1df3-4428-bf67-9b7dc9bd3e4c:192.168.34.41:45185], old=null
2019-10-21 04:30:41,009 [grpc-default-executor-2] INFO  impl.RaftServerImpl (RaftServerImpl.java:setRole(184)) - 641380fb-ae96-4755-94e0-fd776bdc090f@group-D606C9B72829: changes role from  FOLLOWER to FOLLOWER at term 18 for recognizeCandidate:f02da163-2c1f-4de2-ab71-b915d7d0ae78
2019-10-21 04:30:41,010 [grpc-default-executor-4] INFO  impl.RaftServerImpl (RaftServerImpl.java:setRole(184)) - dd1d24cd-1df3-4428-bf67-9b7dc9bd3e4c@group-D606C9B72829: changes role from  FOLLOWER to FOLLOWER at term 18 for recognizeCandidate:f02da163-2c1f-4de2-ab71-b915d7d0ae78
2019-10-21 04:30:41,010 [grpc-default-executor-2] INFO  impl.RoleInfo (RoleInfo.java:shutdownFollowerState(121)) - 641380fb-ae96-4755-94e0-fd776bdc090f: shutdown FollowerState
2019-10-21 04:30:41,010 [grpc-default-executor-4] INFO  impl.RoleInfo (RoleInfo.java:shutdownFollowerState(121)) - dd1d24cd-1df3-4428-bf67-9b7dc9bd3e4c: shutdown FollowerState
2019-10-21 04:30:41,011 [grpc-default-executor-2] INFO  impl.RoleInfo (RoleInfo.java:updateAndGet(143)) - 641380fb-ae96-4755-94e0-fd776bdc090f: start FollowerState
2019-10-21 04:30:41,011 [Thread-664] INFO  impl.FollowerState (FollowerState.java:run(117)) - 641380fb-ae96-4755-94e0-fd776bdc090f@group-D606C9B72829-FollowerState was interrupted: java.lang.InterruptedException: sleep interrupted
2019-10-21 04:30:41,011 [grpc-default-executor-4] INFO  impl.RoleInfo (RoleInfo.java:updateAndGet(143)) - dd1d24cd-1df3-4428-bf67-9b7dc9bd3e4c: start FollowerState
2019-10-21 04:30:41,011 [Thread-665] INFO  impl.FollowerState (FollowerState.java:run(117)) - dd1d24cd-1df3-4428-bf67-9b7dc9bd3e4c@group-D606C9B72829-FollowerState was interrupted: java.lang.InterruptedException: sleep interrupted
2019-10-21 04:30:41,026 [f02da163-2c1f-4de2-ab71-b915d7d0ae78@group-D606C9B72829-LeaderElection22] INFO  impl.LeaderElection (LeaderElection.java:logAndReturn(56)) - f02da163-2c1f-4de2-ab71-b915d7d0ae78@group-D606C9B72829-LeaderElection22: Election REJECTED; received 2 response(s) [f02da163-2c1f-4de2-ab71-b915d7d0ae78<-641380fb-ae96-4755-94e0-fd776bdc090f#0:FAIL-t18, f02da163-2c1f-4de2-ab71-b915d7d0ae78<-dd1d24cd-1df3-4428-bf67-9b7dc9bd3e4c#0:FAIL-t18] and 0 exception(s); f02da163-2c1f-4de2-ab71-b915d7d0ae78@group-D606C9B72829:t18, leader=null, voted=f02da163-2c1f-4de2-ab71-b915d7d0ae78, raftlog=f02da163-2c1f-4de2-ab71-b915d7d0ae78@group-D606C9B72829-SegmentedRaftLog:OPENED:c3,f4,i4, conf=0: [641380fb-ae96-4755-94e0-fd776bdc090f:192.168.34.41:39543, f02da163-2c1f-4de2-ab71-b915d7d0ae78:192.168.34.41:39439, dd1d24cd-1df3-4428-bf67-9b7dc9bd3e4c:192.168.34.41:45185], old=null
2019-10-21 04:30:41,026 [f02da163-2c1f-4de2-ab71-b915d7d0ae78@group-D606C9B72829-LeaderElection22] INFO  impl.RaftServerImpl (RaftServerImpl.java:setRole(184)) - f02da163-2c1f-4de2-ab71-b915d7d0ae78@group-D606C9B72829: changes role from CANDIDATE to FOLLOWER at term 18 for DISCOVERED_A_NEW_TERM
2019-10-21 04:30:41,026 [f02da163-2c1f-4de2-ab71-b915d7d0ae78@group-D606C9B72829-LeaderElection22] INFO  impl.RoleInfo (RoleInfo.java:shutdownLeaderElection(134)) - f02da163-2c1f-4de2-ab71-b915d7d0ae78: shutdown LeaderElection
2019-10-21 04:30:41,026 [f02da163-2c1f-4de2-ab71-b915d7d0ae78@group-D606C9B72829-LeaderElection22] INFO  impl.RoleInfo (RoleInfo.java:updateAndGet(143)) - f02da163-2c1f-4de2-ab71-b915d7d0ae78: start FollowerState
2019-10-21 04:30:41,142 [Thread-670] INFO  impl.FollowerState (FollowerState.java:run(108)) - f02da163-2c1f-4de2-ab71-b915d7d0ae78@group-D606C9B72829-FollowerState: change to CANDIDATE, lastRpcTime:115ms, electionTimeout:115ms
2019-10-21 04:30:41,143 [Thread-670] INFO  impl.RoleInfo (RoleInfo.java:shutdownFollowerState(121)) - f02da163-2c1f-4de2-ab71-b915d7d0ae78: shutdown FollowerState
2019-10-21 04:30:41,143 [Thread-670] INFO  impl.RaftServerImpl (RaftServerImpl.java:setRole(184)) - f02da163-2c1f-4de2-ab71-b915d7d0ae78@group-D606C9B72829: changes role from  FOLLOWER to CANDIDATE at term 18 for changeToCandidate
2019-10-21 04:30:41,144 [Thread-670] INFO  impl.RoleInfo (RoleInfo.java:updateAndGet(143)) - f02da163-2c1f-4de2-ab71-b915d7d0ae78: start LeaderElection
2019-10-21 04:30:41,157 [f02da163-2c1f-4de2-ab71-b915d7d0ae78@group-D606C9B72829-LeaderElection23] INFO  impl.LeaderElection (LeaderElection.java:askForVotes(178)) - f02da163-2c1f-4de2-ab71-b915d7d0ae78@group-D606C9B72829-LeaderElection23: begin an election at term 19 for 0: [641380fb-ae96-4755-94e0-fd776bdc090f:192.168.34.41:39543, f02da163-2c1f-4de2-ab71-b915d7d0ae78:192.168.34.41:39439, dd1d24cd-1df3-4428-bf67-9b7dc9bd3e4c:192.168.34.41:45185], old=null
2019-10-21 04:30:41,162 [grpc-default-executor-2] INFO  impl.RaftServerImpl (RaftServerImpl.java:setRole(184)) - dd1d24cd-1df3-4428-bf67-9b7dc9bd3e4c@group-D606C9B72829: changes role from  FOLLOWER to FOLLOWER at term 19 for recognizeCandidate:f02da163-2c1f-4de2-ab71-b915d7d0ae78
2019-10-21 04:30:41,163 [grpc-default-executor-2] INFO  impl.RoleInfo (RoleInfo.java:shutdownFollowerState(121)) - dd1d24cd-1df3-4428-bf67-9b7dc9bd3e4c: shutdown FollowerState
2019-10-21 04:30:41,163 [grpc-default-executor-4] INFO  impl.RaftServerImpl (RaftServerImpl.java:setRole(184)) - 641380fb-ae96-4755-94e0-fd776bdc090f@group-D606C9B72829: changes role from  FOLLOWER to FOLLOWER at term 19 for recognizeCandidate:f02da163-2c1f-4de2-ab71-b915d7d0ae78
2019-10-21 04:30:41,163 [grpc-default-executor-2] INFO  impl.RoleInfo (RoleInfo.java:updateAndGet(143)) - dd1d24cd-1df3-4428-bf67-9b7dc9bd3e4c: start FollowerState
2019-10-21 04:30:41,163 [Thread-669] INFO  impl.FollowerState (FollowerState.java:run(117)) - dd1d24cd-1df3-4428-bf67-9b7dc9bd3e4c@group-D606C9B72829-FollowerState was interrupted: java.lang.InterruptedException: sleep interrupted
2019-10-21 04:30:41,163 [grpc-default-executor-4] INFO  impl.RoleInfo (RoleInfo.java:shutdownFollowerState(121)) - 641380fb-ae96-4755-94e0-fd776bdc090f: shutdown FollowerState
2019-10-21 04:30:41,163 [grpc-default-executor-4] INFO  impl.RoleInfo (RoleInfo.java:updateAndGet(143)) - 641380fb-ae96-4755-94e0-fd776bdc090f: start FollowerState
2019-10-21 04:30:41,163 [Thread-668] INFO  impl.FollowerState (FollowerState.java:run(117)) - 641380fb-ae96-4755-94e0-fd776bdc090f@group-D606C9B72829-FollowerState was interrupted: java.lang.InterruptedException: sleep interrupted
2019-10-21 04:30:41,178 [f02da163-2c1f-4de2-ab71-b915d7d0ae78@group-D606C9B72829-LeaderElection23] INFO  impl.LeaderElection (LeaderElection.java:logAndReturn(56)) - f02da163-2c1f-4de2-ab71-b915d7d0ae78@group-D606C9B72829-LeaderElection23: Election REJECTED; received 2 response(s) [f02da163-2c1f-4de2-ab71-b915d7d0ae78<-641380fb-ae96-4755-94e0-fd776bdc090f#0:FAIL-t19, f02da163-2c1f-4de2-ab71-b915d7d0ae78<-dd1d24cd-1df3-4428-bf67-9b7dc9bd3e4c#0:FAIL-t19] and 0 exception(s); f02da163-2c1f-4de2-ab71-b915d7d0ae78@group-D606C9B72829:t19, leader=null, voted=f02da163-2c1f-4de2-ab71-b915d7d0ae78, raftlog=f02da163-2c1f-4de2-ab71-b915d7d0ae78@group-D606C9B72829-SegmentedRaftLog:OPENED:c3,f4,i4, conf=0: [641380fb-ae96-4755-94e0-fd776bdc090f:192.168.34.41:39543, f02da163-2c1f-4de2-ab71-b915d7d0ae78:192.168.34.41:39439, dd1d24cd-1df3-4428-bf67-9b7dc9bd3e4c:192.168.34.41:45185], old=null
2019-10-21 04:30:41,179 [f02da163-2c1f-4de2-ab71-b915d7d0ae78@group-D606C9B72829-LeaderElection23] INFO  impl.RaftServerImpl (RaftServerImpl.java:setRole(184)) - f02da163-2c1f-4de2-ab71-b915d7d0ae78@group-D606C9B72829: changes role from CANDIDATE to FOLLOWER at term 19 for DISCOVERED_A_NEW_TERM
2019-10-21 04:30:41,179 [f02da163-2c1f-4de2-ab71-b915d7d0ae78@group-D606C9B72829-LeaderElection23] INFO  impl.RoleInfo (RoleInfo.java:shutdownLeaderElection(134)) - f02da163-2c1f-4de2-ab71-b915d7d0ae78: shutdown LeaderElection
2019-10-21 04:30:41,179 [f02da163-2c1f-4de2-ab71-b915d7d0ae78@group-D606C9B72829-LeaderElection23] INFO  impl.RoleInfo (RoleInfo.java:updateAndGet(143)) - f02da163-2c1f-4de2-ab71-b915d7d0ae78: start FollowerState
2019-10-21 04:30:41,243 [Thread-676] INFO  impl.FollowerState (FollowerState.java:run(108)) - f02da163-2c1f-4de2-ab71-b915d7d0ae78@group-D606C9B72829-FollowerState: change to CANDIDATE, lastRpcTime:64ms, electionTimeout:64ms
2019-10-21 04:30:41,245 [Thread-676] INFO  impl.RoleInfo (RoleInfo.java:shutdownFollowerState(121)) - f02da163-2c1f-4de2-ab71-b915d7d0ae78: shutdown FollowerState
2019-10-21 04:30:41,245 [Thread-676] INFO  impl.RaftServerImpl (RaftServerImpl.java:setRole(184)) - f02da163-2c1f-4de2-ab71-b915d7d0ae78@group-D606C9B72829: changes role from  FOLLOWER to CANDIDATE at term 19 for changeToCandidate
2019-10-21 04:30:41,245 [Thread-676] INFO  impl.RoleInfo (RoleInfo.java:updateAndGet(143)) - f02da163-2c1f-4de2-ab71-b915d7d0ae78: start LeaderElection
2019-10-21 04:30:41,259 [f02da163-2c1f-4de2-ab71-b915d7d0ae78@group-D606C9B72829-LeaderElection24] INFO  impl.LeaderElection (LeaderElection.java:askForVotes(178)) - f02da163-2c1f-4de2-ab71-b915d7d0ae78@group-D606C9B72829-LeaderElection24: begin an election at term 20 for 0: [641380fb-ae96-4755-94e0-fd776bdc090f:192.168.34.41:39543, f02da163-2c1f-4de2-ab71-b915d7d0ae78:192.168.34.41:39439, dd1d24cd-1df3-4428-bf67-9b7dc9bd3e4c:192.168.34.41:45185], old=null
2019-10-21 04:30:41,263 [grpc-default-executor-2] INFO  impl.RaftServerImpl (RaftServerImpl.java:setRole(184)) - dd1d24cd-1df3-4428-bf67-9b7dc9bd3e4c@group-D606C9B72829: changes role from  FOLLOWER to FOLLOWER at term 20 for recognizeCandidate:f02da163-2c1f-4de2-ab71-b915d7d0ae78
2019-10-21 04:30:41,263 [grpc-default-executor-4] INFO  impl.RaftServerImpl (RaftServerImpl.java:setRole(184)) - 641380fb-ae96-4755-94e0-fd776bdc090f@group-D606C9B72829: changes role from  FOLLOWER to FOLLOWER at term 20 for recognizeCandidate:f02da163-2c1f-4de2-ab71-b915d7d0ae78
2019-10-21 04:30:41,263 [grpc-default-executor-2] INFO  impl.RoleInfo (RoleInfo.java:shutdownFollowerState(121)) - dd1d24cd-1df3-4428-bf67-9b7dc9bd3e4c: shutdown FollowerState
2019-10-21 04:30:41,264 [grpc-default-executor-4] INFO  impl.RoleInfo (RoleInfo.java:shutdownFollowerState(121)) - 641380fb-ae96-4755-94e0-fd776bdc090f: shutdown FollowerState
2019-10-21 04:30:41,264 [grpc-default-executor-2] INFO  impl.RoleInfo (RoleInfo.java:updateAndGet(143)) - dd1d24cd-1df3-4428-bf67-9b7dc9bd3e4c: start FollowerState
2019-10-21 04:30:41,264 [Thread-674] INFO  impl.FollowerState (FollowerState.java:run(117)) - dd1d24cd-1df3-4428-bf67-9b7dc9bd3e4c@group-D606C9B72829-FollowerState was interrupted: java.lang.InterruptedException: sleep interrupted
2019-10-21 04:30:41,264 [Thread-675] INFO  impl.FollowerState (FollowerState.java:run(117)) - 641380fb-ae96-4755-94e0-fd776bdc090f@group-D606C9B72829-FollowerState was interrupted: java.lang.InterruptedException: sleep interrupted
2019-10-21 04:30:41,264 [grpc-default-executor-4] INFO  impl.RoleInfo (RoleInfo.java:updateAndGet(143)) - 641380fb-ae96-4755-94e0-fd776bdc090f: start FollowerState
2019-10-21 04:30:41,279 [f02da163-2c1f-4de2-ab71-b915d7d0ae78@group-D606C9B72829-LeaderElection24] INFO  impl.LeaderElection (LeaderElection.java:logAndReturn(56)) - f02da163-2c1f-4de2-ab71-b915d7d0ae78@group-D606C9B72829-LeaderElection24: Election REJECTED; received 2 response(s) [f02da163-2c1f-4de2-ab71-b915d7d0ae78<-641380fb-ae96-4755-94e0-fd776bdc090f#0:FAIL-t20, f02da163-2c1f-4de2-ab71-b915d7d0ae78<-dd1d24cd-1df3-4428-bf67-9b7dc9bd3e4c#0:FAIL-t20] and 0 exception(s); f02da163-2c1f-4de2-ab71-b915d7d0ae78@group-D606C9B72829:t20, leader=null, voted=f02da163-2c1f-4de2-ab71-b915d7d0ae78, raftlog=f02da163-2c1f-4de2-ab71-b915d7d0ae78@group-D606C9B72829-SegmentedRaftLog:OPENED:c3,f4,i4, conf=0: [641380fb-ae96-4755-94e0-fd776bdc090f:192.168.34.41:39543, f02da163-2c1f-4de2-ab71-b915d7d0ae78:192.168.34.41:39439, dd1d24cd-1df3-4428-bf67-9b7dc9bd3e4c:192.168.34.41:45185], old=null
2019-10-21 04:30:41,279 [f02da163-2c1f-4de2-ab71-b915d7d0ae78@group-D606C9B72829-LeaderElection24] INFO  impl.RaftServerImpl (RaftServerImpl.java:setRole(184)) - f02da163-2c1f-4de2-ab71-b915d7d0ae78@group-D606C9B72829: changes role from CANDIDATE to FOLLOWER at term 20 for DISCOVERED_A_NEW_TERM
2019-10-21 04:30:41,279 [f02da163-2c1f-4de2-ab71-b915d7d0ae78@group-D606C9B72829-LeaderElection24] INFO  impl.RoleInfo (RoleInfo.java:shutdownLeaderElection(134)) - f02da163-2c1f-4de2-ab71-b915d7d0ae78: shutdown LeaderElection
2019-10-21 04:30:41,279 [f02da163-2c1f-4de2-ab71-b915d7d0ae78@group-D606C9B72829-LeaderElection24] INFO  impl.RoleInfo (RoleInfo.java:updateAndGet(143)) - f02da163-2c1f-4de2-ab71-b915d7d0ae78: start FollowerState
2019-10-21 04:30:41,361 [EventQueue-PendingDeleteStatusForPendingDeleteHandler] INFO  block.SCMBlockDeletingService (SCMBlockDeletingService.java:handlePendingDeletes(115)) - Block deletion txnID mismatch in datanode f02da163-2c1f-4de2-ab71-b915d7d0ae78 for containerID 1. Datanode delete txnID: 0, SCM txnID: 1
2019-10-21 04:30:41,374 [BlockDeletingService#7] WARN  background.BlockDeletingService (BlockDeletingService.java:isDeletionAllowed(187)) - Close Container log Index 6 is not replicated across allthe servers in the pipeline d49b1818-47fb-49d2-b44c-d606c9b72829 as the min replicated index is 4. Deletion is not allowed in this container yet.
2019-10-21 04:30:41,375 [BlockDeletingService#2] WARN  background.BlockDeletingService (BlockDeletingService.java:isDeletionAllowed(187)) - Close Container log Index 6 is not replicated across allthe servers in the pipeline d49b1818-47fb-49d2-b44c-d606c9b72829 as the min replicated index is 4. Deletion is not allowed in this container yet.
2019-10-21 04:30:41,435 [Thread-682] INFO  impl.FollowerState (FollowerState.java:run(108)) - f02da163-2c1f-4de2-ab71-b915d7d0ae78@group-D606C9B72829-FollowerState: change to CANDIDATE, lastRpcTime:155ms, electionTimeout:155ms
2019-10-21 04:30:41,435 [Thread-682] INFO  impl.RoleInfo (RoleInfo.java:shutdownFollowerState(121)) - f02da163-2c1f-4de2-ab71-b915d7d0ae78: shutdown FollowerState
2019-10-21 04:30:41,435 [Thread-682] INFO  impl.RaftServerImpl (RaftServerImpl.java:setRole(184)) - f02da163-2c1f-4de2-ab71-b915d7d0ae78@group-D606C9B72829: changes role from  FOLLOWER to CANDIDATE at term 20 for changeToCandidate
2019-10-21 04:30:41,435 [Thread-682] INFO  impl.RoleInfo (RoleInfo.java:updateAndGet(143)) - f02da163-2c1f-4de2-ab71-b915d7d0ae78: start LeaderElection
2019-10-21 04:30:41,450 [f02da163-2c1f-4de2-ab71-b915d7d0ae78@group-D606C9B72829-LeaderElection25] INFO  impl.LeaderElection (LeaderElection.java:askForVotes(178)) - f02da163-2c1f-4de2-ab71-b915d7d0ae78@group-D606C9B72829-LeaderElection25: begin an election at term 21 for 0: [641380fb-ae96-4755-94e0-fd776bdc090f:192.168.34.41:39543, f02da163-2c1f-4de2-ab71-b915d7d0ae78:192.168.34.41:39439, dd1d24cd-1df3-4428-bf67-9b7dc9bd3e4c:192.168.34.41:45185], old=null
2019-10-21 04:30:41,456 [grpc-default-executor-2] INFO  impl.RaftServerImpl (RaftServerImpl.java:setRole(184)) - dd1d24cd-1df3-4428-bf67-9b7dc9bd3e4c@group-D606C9B72829: changes role from  FOLLOWER to FOLLOWER at term 21 for recognizeCandidate:f02da163-2c1f-4de2-ab71-b915d7d0ae78
2019-10-21 04:30:41,456 [grpc-default-executor-4] INFO  impl.RaftServerImpl (RaftServerImpl.java:setRole(184)) - 641380fb-ae96-4755-94e0-fd776bdc090f@group-D606C9B72829: changes role from  FOLLOWER to FOLLOWER at term 21 for recognizeCandidate:f02da163-2c1f-4de2-ab71-b915d7d0ae78
2019-10-21 04:30:41,456 [grpc-default-executor-2] INFO  impl.RoleInfo (RoleInfo.java:shutdownFollowerState(121)) - dd1d24cd-1df3-4428-bf67-9b7dc9bd3e4c: shutdown FollowerState
2019-10-21 04:30:41,457 [grpc-default-executor-4] INFO  impl.RoleInfo (RoleInfo.java:shutdownFollowerState(121)) - 641380fb-ae96-4755-94e0-fd776bdc090f: shutdown FollowerState
2019-10-21 04:30:41,457 [grpc-default-executor-2] INFO  impl.RoleInfo (RoleInfo.java:updateAndGet(143)) - dd1d24cd-1df3-4428-bf67-9b7dc9bd3e4c: start FollowerState
2019-10-21 04:30:41,457 [Thread-681] INFO  impl.FollowerState (FollowerState.java:run(117)) - 641380fb-ae96-4755-94e0-fd776bdc090f@group-D606C9B72829-FollowerState was interrupted: java.lang.InterruptedException: sleep interrupted
2019-10-21 04:30:41,457 [grpc-default-executor-4] INFO  impl.RoleInfo (RoleInfo.java:updateAndGet(143)) - 641380fb-ae96-4755-94e0-fd776bdc090f: start FollowerState
2019-10-21 04:30:41,457 [Thread-680] INFO  impl.FollowerState (FollowerState.java:run(117)) - dd1d24cd-1df3-4428-bf67-9b7dc9bd3e4c@group-D606C9B72829-FollowerState was interrupted: java.lang.InterruptedException: sleep interrupted
2019-10-21 04:30:41,472 [f02da163-2c1f-4de2-ab71-b915d7d0ae78@group-D606C9B72829-LeaderElection25] INFO  impl.LeaderElection (LeaderElection.java:logAndReturn(56)) - f02da163-2c1f-4de2-ab71-b915d7d0ae78@group-D606C9B72829-LeaderElection25: Election REJECTED; received 2 response(s) [f02da163-2c1f-4de2-ab71-b915d7d0ae78<-641380fb-ae96-4755-94e0-fd776bdc090f#0:FAIL-t21, f02da163-2c1f-4de2-ab71-b915d7d0ae78<-dd1d24cd-1df3-4428-bf67-9b7dc9bd3e4c#0:FAIL-t21] and 0 exception(s); f02da163-2c1f-4de2-ab71-b915d7d0ae78@group-D606C9B72829:t21, leader=null, voted=f02da163-2c1f-4de2-ab71-b915d7d0ae78, raftlog=f02da163-2c1f-4de2-ab71-b915d7d0ae78@group-D606C9B72829-SegmentedRaftLog:OPENED:c3,f4,i4, conf=0: [641380fb-ae96-4755-94e0-fd776bdc090f:192.168.34.41:39543, f02da163-2c1f-4de2-ab71-b915d7d0ae78:192.168.34.41:39439, dd1d24cd-1df3-4428-bf67-9b7dc9bd3e4c:192.168.34.41:45185], old=null
2019-10-21 04:30:41,473 [f02da163-2c1f-4de2-ab71-b915d7d0ae78@group-D606C9B72829-LeaderElection25] INFO  impl.RaftServerImpl (RaftServerImpl.java:setRole(184)) - f02da163-2c1f-4de2-ab71-b915d7d0ae78@group-D606C9B72829: changes role from CANDIDATE to FOLLOWER at term 21 for DISCOVERED_A_NEW_TERM
2019-10-21 04:30:41,473 [f02da163-2c1f-4de2-ab71-b915d7d0ae78@group-D606C9B72829-LeaderElection25] INFO  impl.RoleInfo (RoleInfo.java:shutdownLeaderElection(134)) - f02da163-2c1f-4de2-ab71-b915d7d0ae78: shutdown LeaderElection
2019-10-21 04:30:41,473 [f02da163-2c1f-4de2-ab71-b915d7d0ae78@group-D606C9B72829-LeaderElection25] INFO  impl.RoleInfo (RoleInfo.java:updateAndGet(143)) - f02da163-2c1f-4de2-ab71-b915d7d0ae78: start FollowerState
2019-10-21 04:30:41,486 [Thread-691] INFO  impl.FollowerState (FollowerState.java:run(108)) - f02da163-2c1f-4de2-ab71-b915d7d0ae78@group-D606C9B72829-FollowerState: change to CANDIDATE, lastRpcTime:12ms, electionTimeout:12ms
2019-10-21 04:30:41,487 [Thread-691] INFO  impl.RoleInfo (RoleInfo.java:shutdownFollowerState(121)) - f02da163-2c1f-4de2-ab71-b915d7d0ae78: shutdown FollowerState
2019-10-21 04:30:41,487 [Thread-691] INFO  impl.RaftServerImpl (RaftServerImpl.java:setRole(184)) - f02da163-2c1f-4de2-ab71-b915d7d0ae78@group-D606C9B72829: changes role from  FOLLOWER to CANDIDATE at term 21 for changeToCandidate
2019-10-21 04:30:41,487 [Thread-691] INFO  impl.RoleInfo (RoleInfo.java:updateAndGet(143)) - f02da163-2c1f-4de2-ab71-b915d7d0ae78: start LeaderElection
2019-10-21 04:30:41,501 [f02da163-2c1f-4de2-ab71-b915d7d0ae78@group-D606C9B72829-LeaderElection26] INFO  impl.LeaderElection (LeaderElection.java:askForVotes(178)) - f02da163-2c1f-4de2-ab71-b915d7d0ae78@group-D606C9B72829-LeaderElection26: begin an election at term 22 for 0: [641380fb-ae96-4755-94e0-fd776bdc090f:192.168.34.41:39543, f02da163-2c1f-4de2-ab71-b915d7d0ae78:192.168.34.41:39439, dd1d24cd-1df3-4428-bf67-9b7dc9bd3e4c:192.168.34.41:45185], old=null
2019-10-21 04:30:41,509 [grpc-default-executor-4] INFO  impl.RaftServerImpl (RaftServerImpl.java:setRole(184)) - 641380fb-ae96-4755-94e0-fd776bdc090f@group-D606C9B72829: changes role from  FOLLOWER to FOLLOWER at term 22 for recognizeCandidate:f02da163-2c1f-4de2-ab71-b915d7d0ae78
2019-10-21 04:30:41,509 [grpc-default-executor-2] INFO  impl.RaftServerImpl (RaftServerImpl.java:setRole(184)) - dd1d24cd-1df3-4428-bf67-9b7dc9bd3e4c@group-D606C9B72829: changes role from  FOLLOWER to FOLLOWER at term 22 for recognizeCandidate:f02da163-2c1f-4de2-ab71-b915d7d0ae78
2019-10-21 04:30:41,509 [grpc-default-executor-4] INFO  impl.RoleInfo (RoleInfo.java:shutdownFollowerState(121)) - 641380fb-ae96-4755-94e0-fd776bdc090f: shutdown FollowerState
2019-10-21 04:30:41,509 [grpc-default-executor-2] INFO  impl.RoleInfo (RoleInfo.java:shutdownFollowerState(121)) - dd1d24cd-1df3-4428-bf67-9b7dc9bd3e4c: shutdown FollowerState
2019-10-21 04:30:41,509 [Thread-690] INFO  impl.FollowerState (FollowerState.java:run(117)) - 641380fb-ae96-4755-94e0-fd776bdc090f@group-D606C9B72829-FollowerState was interrupted: java.lang.InterruptedException: sleep interrupted
2019-10-21 04:30:41,509 [grpc-default-executor-4] INFO  impl.RoleInfo (RoleInfo.java:updateAndGet(143)) - 641380fb-ae96-4755-94e0-fd776bdc090f: start FollowerState
2019-10-21 04:30:41,510 [grpc-default-executor-2] INFO  impl.RoleInfo (RoleInfo.java:updateAndGet(143)) - dd1d24cd-1df3-4428-bf67-9b7dc9bd3e4c: start FollowerState
2019-10-21 04:30:41,510 [Thread-689] INFO  impl.FollowerState (FollowerState.java:run(117)) - dd1d24cd-1df3-4428-bf67-9b7dc9bd3e4c@group-D606C9B72829-FollowerState was interrupted: java.lang.InterruptedException: sleep interrupted
2019-10-21 04:30:41,525 [f02da163-2c1f-4de2-ab71-b915d7d0ae78@group-D606C9B72829-LeaderElection26] INFO  impl.LeaderElection (LeaderElection.java:logAndReturn(56)) - f02da163-2c1f-4de2-ab71-b915d7d0ae78@group-D606C9B72829-LeaderElection26: Election REJECTED; received 2 response(s) [f02da163-2c1f-4de2-ab71-b915d7d0ae78<-641380fb-ae96-4755-94e0-fd776bdc090f#0:FAIL-t22, f02da163-2c1f-4de2-ab71-b915d7d0ae78<-dd1d24cd-1df3-4428-bf67-9b7dc9bd3e4c#0:FAIL-t22] and 0 exception(s); f02da163-2c1f-4de2-ab71-b915d7d0ae78@group-D606C9B72829:t22, leader=null, voted=f02da163-2c1f-4de2-ab71-b915d7d0ae78, raftlog=f02da163-2c1f-4de2-ab71-b915d7d0ae78@group-D606C9B72829-SegmentedRaftLog:OPENED:c3,f4,i4, conf=0: [641380fb-ae96-4755-94e0-fd776bdc090f:192.168.34.41:39543, f02da163-2c1f-4de2-ab71-b915d7d0ae78:192.168.34.41:39439, dd1d24cd-1df3-4428-bf67-9b7dc9bd3e4c:192.168.34.41:45185], old=null
2019-10-21 04:30:41,525 [f02da163-2c1f-4de2-ab71-b915d7d0ae78@group-D606C9B72829-LeaderElection26] INFO  impl.RaftServerImpl (RaftServerImpl.java:setRole(184)) - f02da163-2c1f-4de2-ab71-b915d7d0ae78@group-D606C9B72829: changes role from CANDIDATE to FOLLOWER at term 22 for DISCOVERED_A_NEW_TERM
2019-10-21 04:30:41,525 [f02da163-2c1f-4de2-ab71-b915d7d0ae78@group-D606C9B72829-LeaderElection26] INFO  impl.RoleInfo (RoleInfo.java:shutdownLeaderElection(134)) - f02da163-2c1f-4de2-ab71-b915d7d0ae78: shutdown LeaderElection
2019-10-21 04:30:41,525 [f02da163-2c1f-4de2-ab71-b915d7d0ae78@group-D606C9B72829-LeaderElection26] INFO  impl.RoleInfo (RoleInfo.java:updateAndGet(143)) - f02da163-2c1f-4de2-ab71-b915d7d0ae78: start FollowerState
2019-10-21 04:30:41,586 [Thread-699] INFO  client.GrpcClientProtocolService (GrpcClientProtocolService.java:lambda$processClientRequest$0(278)) - Failed RaftClientRequest:client-A60227926EB5->dd1d24cd-1df3-4428-bf67-9b7dc9bd3e4c@group-D606C9B72829, cid=10, seq=0, Watch-ALL_COMMITTED(6), Message:<EMPTY>, reply=RaftClientReply:client-A60227926EB5->dd1d24cd-1df3-4428-bf67-9b7dc9bd3e4c@group-D606C9B72829, cid=10, FAILED org.apache.ratis.protocol.NotLeaderException: Server dd1d24cd-1df3-4428-bf67-9b7dc9bd3e4c@group-D606C9B72829 is not the leader, logIndex=0, commits[dd1d24cd-1df3-4428-bf67-9b7dc9bd3e4c:c10, 641380fb-ae96-4755-94e0-fd776bdc090f:c10, f02da163-2c1f-4de2-ab71-b915d7d0ae78:c4]
2019-10-21 04:30:41,703 [Thread-697] INFO  impl.FollowerState (FollowerState.java:run(108)) - f02da163-2c1f-4de2-ab71-b915d7d0ae78@group-D606C9B72829-FollowerState: change to CANDIDATE, lastRpcTime:177ms, electionTimeout:177ms
2019-10-21 04:30:41,705 [Thread-697] INFO  impl.RoleInfo (RoleInfo.java:shutdownFollowerState(121)) - f02da163-2c1f-4de2-ab71-b915d7d0ae78: shutdown FollowerState
2019-10-21 04:30:41,705 [Thread-697] INFO  impl.RaftServerImpl (RaftServerImpl.java:setRole(184)) - f02da163-2c1f-4de2-ab71-b915d7d0ae78@group-D606C9B72829: changes role from  FOLLOWER to CANDIDATE at term 22 for changeToCandidate
2019-10-21 04:30:41,705 [Thread-697] INFO  impl.RoleInfo (RoleInfo.java:updateAndGet(143)) - f02da163-2c1f-4de2-ab71-b915d7d0ae78: start LeaderElection
2019-10-21 04:30:41,719 [f02da163-2c1f-4de2-ab71-b915d7d0ae78@group-D606C9B72829-LeaderElection27] INFO  impl.LeaderElection (LeaderElection.java:askForVotes(178)) - f02da163-2c1f-4de2-ab71-b915d7d0ae78@group-D606C9B72829-LeaderElection27: begin an election at term 23 for 0: [641380fb-ae96-4755-94e0-fd776bdc090f:192.168.34.41:39543, f02da163-2c1f-4de2-ab71-b915d7d0ae78:192.168.34.41:39439, dd1d24cd-1df3-4428-bf67-9b7dc9bd3e4c:192.168.34.41:45185], old=null
2019-10-21 04:30:41,723 [grpc-default-executor-2] INFO  impl.RaftServerImpl (RaftServerImpl.java:setRole(184)) - dd1d24cd-1df3-4428-bf67-9b7dc9bd3e4c@group-D606C9B72829: changes role from  FOLLOWER to FOLLOWER at term 23 for recognizeCandidate:f02da163-2c1f-4de2-ab71-b915d7d0ae78
2019-10-21 04:30:41,723 [grpc-default-executor-4] INFO  impl.RaftServerImpl (RaftServerImpl.java:setRole(184)) - 641380fb-ae96-4755-94e0-fd776bdc090f@group-D606C9B72829: changes role from  FOLLOWER to FOLLOWER at term 23 for recognizeCandidate:f02da163-2c1f-4de2-ab71-b915d7d0ae78
2019-10-21 04:30:41,723 [grpc-default-executor-2] INFO  impl.RoleInfo (RoleInfo.java:shutdownFollowerState(121)) - dd1d24cd-1df3-4428-bf67-9b7dc9bd3e4c: shutdown FollowerState
2019-10-21 04:30:41,723 [grpc-default-executor-4] INFO  impl.RoleInfo (RoleInfo.java:shutdownFollowerState(121)) - 641380fb-ae96-4755-94e0-fd776bdc090f: shutdown FollowerState
2019-10-21 04:30:41,724 [Thread-696] INFO  impl.FollowerState (FollowerState.java:run(117)) - dd1d24cd-1df3-4428-bf67-9b7dc9bd3e4c@group-D606C9B72829-FollowerState was interrupted: java.lang.InterruptedException: sleep interrupted
2019-10-21 04:30:41,724 [grpc-default-executor-2] INFO  impl.RoleInfo (RoleInfo.java:updateAndGet(143)) - dd1d24cd-1df3-4428-bf67-9b7dc9bd3e4c: start FollowerState
2019-10-21 04:30:41,724 [Thread-695] INFO  impl.FollowerState (FollowerState.java:run(117)) - 641380fb-ae96-4755-94e0-fd776bdc090f@group-D606C9B72829-FollowerState was interrupted: java.lang.InterruptedException: sleep interrupted
2019-10-21 04:30:41,724 [grpc-default-executor-4] INFO  impl.RoleInfo (RoleInfo.java:updateAndGet(143)) - 641380fb-ae96-4755-94e0-fd776bdc090f: start FollowerState
2019-10-21 04:30:41,739 [f02da163-2c1f-4de2-ab71-b915d7d0ae78@group-D606C9B72829-LeaderElection27] INFO  impl.LeaderElection (LeaderElection.java:logAndReturn(56)) - f02da163-2c1f-4de2-ab71-b915d7d0ae78@group-D606C9B72829-LeaderElection27: Election REJECTED; received 2 response(s) [f02da163-2c1f-4de2-ab71-b915d7d0ae78<-641380fb-ae96-4755-94e0-fd776bdc090f#0:FAIL-t23, f02da163-2c1f-4de2-ab71-b915d7d0ae78<-dd1d24cd-1df3-4428-bf67-9b7dc9bd3e4c#0:FAIL-t23] and 0 exception(s); f02da163-2c1f-4de2-ab71-b915d7d0ae78@group-D606C9B72829:t23, leader=null, voted=f02da163-2c1f-4de2-ab71-b915d7d0ae78, raftlog=f02da163-2c1f-4de2-ab71-b915d7d0ae78@group-D606C9B72829-SegmentedRaftLog:OPENED:c3,f4,i4, conf=0: [641380fb-ae96-4755-94e0-fd776bdc090f:192.168.34.41:39543, f02da163-2c1f-4de2-ab71-b915d7d0ae78:192.168.34.41:39439, dd1d24cd-1df3-4428-bf67-9b7dc9bd3e4c:192.168.34.41:45185], old=null
2019-10-21 04:30:41,740 [f02da163-2c1f-4de2-ab71-b915d7d0ae78@group-D606C9B72829-LeaderElection27] INFO  impl.RaftServerImpl (RaftServerImpl.java:setRole(184)) - f02da163-2c1f-4de2-ab71-b915d7d0ae78@group-D606C9B72829: changes role from CANDIDATE to FOLLOWER at term 23 for DISCOVERED_A_NEW_TERM
2019-10-21 04:30:41,740 [f02da163-2c1f-4de2-ab71-b915d7d0ae78@group-D606C9B72829-LeaderElection27] INFO  impl.RoleInfo (RoleInfo.java:shutdownLeaderElection(134)) - f02da163-2c1f-4de2-ab71-b915d7d0ae78: shutdown LeaderElection
2019-10-21 04:30:41,740 [f02da163-2c1f-4de2-ab71-b915d7d0ae78@group-D606C9B72829-LeaderElection27] INFO  impl.RoleInfo (RoleInfo.java:updateAndGet(143)) - f02da163-2c1f-4de2-ab71-b915d7d0ae78: start FollowerState
2019-10-21 04:30:41,810 [Thread-706] INFO  impl.FollowerState (FollowerState.java:run(108)) - f02da163-2c1f-4de2-ab71-b915d7d0ae78@group-D606C9B72829-FollowerState: change to CANDIDATE, lastRpcTime:70ms, electionTimeout:70ms
2019-10-21 04:30:41,812 [Thread-706] INFO  impl.RoleInfo (RoleInfo.java:shutdownFollowerState(121)) - f02da163-2c1f-4de2-ab71-b915d7d0ae78: shutdown FollowerState
2019-10-21 04:30:41,812 [Thread-706] INFO  impl.RaftServerImpl (RaftServerImpl.java:setRole(184)) - f02da163-2c1f-4de2-ab71-b915d7d0ae78@group-D606C9B72829: changes role from  FOLLOWER to CANDIDATE at term 23 for changeToCandidate
2019-10-21 04:30:41,812 [Thread-706] INFO  impl.RoleInfo (RoleInfo.java:updateAndGet(143)) - f02da163-2c1f-4de2-ab71-b915d7d0ae78: start LeaderElection
2019-10-21 04:30:41,827 [f02da163-2c1f-4de2-ab71-b915d7d0ae78@group-D606C9B72829-LeaderElection28] INFO  impl.LeaderElection (LeaderElection.java:askForVotes(178)) - f02da163-2c1f-4de2-ab71-b915d7d0ae78@group-D606C9B72829-LeaderElection28: begin an election at term 24 for 0: [641380fb-ae96-4755-94e0-fd776bdc090f:192.168.34.41:39543, f02da163-2c1f-4de2-ab71-b915d7d0ae78:192.168.34.41:39439, dd1d24cd-1df3-4428-bf67-9b7dc9bd3e4c:192.168.34.41:45185], old=null
2019-10-21 04:30:41,829 [grpc-default-executor-4] INFO  impl.RaftServerImpl (RaftServerImpl.java:setRole(184)) - 641380fb-ae96-4755-94e0-fd776bdc090f@group-D606C9B72829: changes role from  FOLLOWER to FOLLOWER at term 24 for recognizeCandidate:f02da163-2c1f-4de2-ab71-b915d7d0ae78
2019-10-21 04:30:41,829 [grpc-default-executor-2] INFO  impl.RaftServerImpl (RaftServerImpl.java:setRole(184)) - dd1d24cd-1df3-4428-bf67-9b7dc9bd3e4c@group-D606C9B72829: changes role from  FOLLOWER to FOLLOWER at term 24 for recognizeCandidate:f02da163-2c1f-4de2-ab71-b915d7d0ae78
2019-10-21 04:30:41,830 [grpc-default-executor-4] INFO  impl.RoleInfo (RoleInfo.java:shutdownFollowerState(121)) - 641380fb-ae96-4755-94e0-fd776bdc090f: shutdown FollowerState
2019-10-21 04:30:41,830 [grpc-default-executor-2] INFO  impl.RoleInfo (RoleInfo.java:shutdownFollowerState(121)) - dd1d24cd-1df3-4428-bf67-9b7dc9bd3e4c: shutdown FollowerState
2019-10-21 04:30:41,830 [grpc-default-executor-4] INFO  impl.RoleInfo (RoleInfo.java:updateAndGet(143)) - 641380fb-ae96-4755-94e0-fd776bdc090f: start FollowerState
2019-10-21 04:30:41,830 [Thread-704] INFO  impl.FollowerState (FollowerState.java:run(117)) - dd1d24cd-1df3-4428-bf67-9b7dc9bd3e4c@group-D606C9B72829-FollowerState was interrupted: java.lang.InterruptedException: sleep interrupted
2019-10-21 04:30:41,830 [grpc-default-executor-2] INFO  impl.RoleInfo (RoleInfo.java:updateAndGet(143)) - dd1d24cd-1df3-4428-bf67-9b7dc9bd3e4c: start FollowerState
2019-10-21 04:30:41,830 [Thread-705] INFO  impl.FollowerState (FollowerState.java:run(117)) - 641380fb-ae96-4755-94e0-fd776bdc090f@group-D606C9B72829-FollowerState was interrupted: java.lang.InterruptedException: sleep interrupted
2019-10-21 04:30:41,845 [f02da163-2c1f-4de2-ab71-b915d7d0ae78@group-D606C9B72829-LeaderElection28] INFO  impl.LeaderElection (LeaderElection.java:logAndReturn(56)) - f02da163-2c1f-4de2-ab71-b915d7d0ae78@group-D606C9B72829-LeaderElection28: Election REJECTED; received 2 response(s) [f02da163-2c1f-4de2-ab71-b915d7d0ae78<-641380fb-ae96-4755-94e0-fd776bdc090f#0:FAIL-t24, f02da163-2c1f-4de2-ab71-b915d7d0ae78<-dd1d24cd-1df3-4428-bf67-9b7dc9bd3e4c#0:FAIL-t24] and 0 exception(s); f02da163-2c1f-4de2-ab71-b915d7d0ae78@group-D606C9B72829:t24, leader=null, voted=f02da163-2c1f-4de2-ab71-b915d7d0ae78, raftlog=f02da163-2c1f-4de2-ab71-b915d7d0ae78@group-D606C9B72829-SegmentedRaftLog:OPENED:c3,f4,i4, conf=0: [641380fb-ae96-4755-94e0-fd776bdc090f:192.168.34.41:39543, f02da163-2c1f-4de2-ab71-b915d7d0ae78:192.168.34.41:39439, dd1d24cd-1df3-4428-bf67-9b7dc9bd3e4c:192.168.34.41:45185], old=null
2019-10-21 04:30:41,845 [f02da163-2c1f-4de2-ab71-b915d7d0ae78@group-D606C9B72829-LeaderElection28] INFO  impl.RaftServerImpl (RaftServerImpl.java:setRole(184)) - f02da163-2c1f-4de2-ab71-b915d7d0ae78@group-D606C9B72829: changes role from CANDIDATE to FOLLOWER at term 24 for DISCOVERED_A_NEW_TERM
2019-10-21 04:30:41,845 [f02da163-2c1f-4de2-ab71-b915d7d0ae78@group-D606C9B72829-LeaderElection28] INFO  impl.RoleInfo (RoleInfo.java:shutdownLeaderElection(134)) - f02da163-2c1f-4de2-ab71-b915d7d0ae78: shutdown LeaderElection
2019-10-21 04:30:41,846 [f02da163-2c1f-4de2-ab71-b915d7d0ae78@group-D606C9B72829-LeaderElection28] INFO  impl.RoleInfo (RoleInfo.java:updateAndGet(143)) - f02da163-2c1f-4de2-ab71-b915d7d0ae78: start FollowerState
2019-10-21 04:30:41,857 [pool-7-thread-3] INFO  commands.RetriableDatanodeEventWatcher (RetriableDatanodeEventWatcher.java:onTimeout(47)) - RetriableDatanodeCommand type=deleteBlocksCommand with id=1571632235849 timed out. Retrying.
2019-10-21 04:30:41,859 [pool-7-thread-6] INFO  commands.RetriableDatanodeEventWatcher (RetriableDatanodeEventWatcher.java:onTimeout(47)) - RetriableDatanodeCommand type=deleteBlocksCommand with id=1571632235856 timed out. Retrying.
2019-10-21 04:30:41,859 [SCMBlockDeletingService#1] INFO  block.SCMBlockDeletingService (SCMBlockDeletingService.java:call(184)) - Totally added 1 delete blocks command for 1 datanodes, task elapsed time: 2ms
2019-10-21 04:30:41,859 [pool-7-thread-1] INFO  commands.RetriableDatanodeEventWatcher (RetriableDatanodeEventWatcher.java:onTimeout(47)) - RetriableDatanodeCommand type=deleteBlocksCommand with id=1571632235855 timed out. Retrying.
2019-10-21 04:30:41,859 [pool-7-thread-4] INFO  commands.RetriableDatanodeEventWatcher (RetriableDatanodeEventWatcher.java:onTimeout(47)) - RetriableDatanodeCommand type=deleteBlocksCommand with id=1571632235857 timed out. Retrying.
2019-10-21 04:30:41,860 [pool-7-thread-2] INFO  commands.RetriableDatanodeEventWatcher (RetriableDatanodeEventWatcher.java:onTimeout(47)) - RetriableDatanodeCommand type=deleteBlocksCommand with id=1571632235852 timed out. Retrying.
2019-10-21 04:30:41,860 [pool-7-thread-5] INFO  commands.RetriableDatanodeEventWatcher (RetriableDatanodeEventWatcher.java:onTimeout(47)) - RetriableDatanodeCommand type=deleteBlocksCommand with id=1571632235854 timed out. Retrying.
2019-10-21 04:30:41,893 [Thread-712] INFO  impl.FollowerState (FollowerState.java:run(108)) - f02da163-2c1f-4de2-ab71-b915d7d0ae78@group-D606C9B72829-FollowerState: change to CANDIDATE, lastRpcTime:47ms, electionTimeout:47ms
2019-10-21 04:30:41,893 [Thread-712] INFO  impl.RoleInfo (RoleInfo.java:shutdownFollowerState(121)) - f02da163-2c1f-4de2-ab71-b915d7d0ae78: shutdown FollowerState
2019-10-21 04:30:41,893 [Thread-712] INFO  impl.RaftServerImpl (RaftServerImpl.java:setRole(184)) - f02da163-2c1f-4de2-ab71-b915d7d0ae78@group-D606C9B72829: changes role from  FOLLOWER to CANDIDATE at term 24 for changeToCandidate
2019-10-21 04:30:41,893 [Thread-712] INFO  impl.RoleInfo (RoleInfo.java:updateAndGet(143)) - f02da163-2c1f-4de2-ab71-b915d7d0ae78: start LeaderElection
2019-10-21 04:30:41,907 [f02da163-2c1f-4de2-ab71-b915d7d0ae78@group-D606C9B72829-LeaderElection29] INFO  impl.LeaderElection (LeaderElection.java:askForVotes(178)) - f02da163-2c1f-4de2-ab71-b915d7d0ae78@group-D606C9B72829-LeaderElection29: begin an election at term 25 for 0: [641380fb-ae96-4755-94e0-fd776bdc090f:192.168.34.41:39543, f02da163-2c1f-4de2-ab71-b915d7d0ae78:192.168.34.41:39439, dd1d24cd-1df3-4428-bf67-9b7dc9bd3e4c:192.168.34.41:45185], old=null
2019-10-21 04:30:41,910 [grpc-default-executor-2] INFO  impl.RaftServerImpl (RaftServerImpl.java:setRole(184)) - 641380fb-ae96-4755-94e0-fd776bdc090f@group-D606C9B72829: changes role from  FOLLOWER to FOLLOWER at term 25 for recognizeCandidate:f02da163-2c1f-4de2-ab71-b915d7d0ae78
2019-10-21 04:30:41,911 [grpc-default-executor-2] INFO  impl.RoleInfo (RoleInfo.java:shutdownFollowerState(121)) - 641380fb-ae96-4755-94e0-fd776bdc090f: shutdown FollowerState
2019-10-21 04:30:41,911 [grpc-default-executor-2] INFO  impl.RoleInfo (RoleInfo.java:updateAndGet(143)) - 641380fb-ae96-4755-94e0-fd776bdc090f: start FollowerState
2019-10-21 04:30:41,911 [Thread-710] INFO  impl.FollowerState (FollowerState.java:run(117)) - 641380fb-ae96-4755-94e0-fd776bdc090f@group-D606C9B72829-FollowerState was interrupted: java.lang.InterruptedException: sleep interrupted
2019-10-21 04:30:41,911 [grpc-default-executor-4] INFO  impl.RaftServerImpl (RaftServerImpl.java:setRole(184)) - dd1d24cd-1df3-4428-bf67-9b7dc9bd3e4c@group-D606C9B72829: changes role from  FOLLOWER to FOLLOWER at term 25 for recognizeCandidate:f02da163-2c1f-4de2-ab71-b915d7d0ae78
2019-10-21 04:30:41,911 [grpc-default-executor-4] INFO  impl.RoleInfo (RoleInfo.java:shutdownFollowerState(121)) - dd1d24cd-1df3-4428-bf67-9b7dc9bd3e4c: shutdown FollowerState
2019-10-21 04:30:41,912 [grpc-default-executor-4] INFO  impl.RoleInfo (RoleInfo.java:updateAndGet(143)) - dd1d24cd-1df3-4428-bf67-9b7dc9bd3e4c: start FollowerState
2019-10-21 04:30:41,912 [Thread-711] INFO  impl.FollowerState (FollowerState.java:run(117)) - dd1d24cd-1df3-4428-bf67-9b7dc9bd3e4c@group-D606C9B72829-FollowerState was interrupted: java.lang.InterruptedException: sleep interrupted
2019-10-21 04:30:41,927 [f02da163-2c1f-4de2-ab71-b915d7d0ae78@group-D606C9B72829-LeaderElection29] INFO  impl.LeaderElection (LeaderElection.java:logAndReturn(56)) - f02da163-2c1f-4de2-ab71-b915d7d0ae78@group-D606C9B72829-LeaderElection29: Election REJECTED; received 2 response(s) [f02da163-2c1f-4de2-ab71-b915d7d0ae78<-641380fb-ae96-4755-94e0-fd776bdc090f#0:FAIL-t25, f02da163-2c1f-4de2-ab71-b915d7d0ae78<-dd1d24cd-1df3-4428-bf67-9b7dc9bd3e4c#0:FAIL-t25] and 0 exception(s); f02da163-2c1f-4de2-ab71-b915d7d0ae78@group-D606C9B72829:t25, leader=null, voted=f02da163-2c1f-4de2-ab71-b915d7d0ae78, raftlog=f02da163-2c1f-4de2-ab71-b915d7d0ae78@group-D606C9B72829-SegmentedRaftLog:OPENED:c3,f4,i4, conf=0: [641380fb-ae96-4755-94e0-fd776bdc090f:192.168.34.41:39543, f02da163-2c1f-4de2-ab71-b915d7d0ae78:192.168.34.41:39439, dd1d24cd-1df3-4428-bf67-9b7dc9bd3e4c:192.168.34.41:45185], old=null
2019-10-21 04:30:41,927 [f02da163-2c1f-4de2-ab71-b915d7d0ae78@group-D606C9B72829-LeaderElection29] INFO  impl.RaftServerImpl (RaftServerImpl.java:setRole(184)) - f02da163-2c1f-4de2-ab71-b915d7d0ae78@group-D606C9B72829: changes role from CANDIDATE to FOLLOWER at term 25 for DISCOVERED_A_NEW_TERM
2019-10-21 04:30:41,927 [f02da163-2c1f-4de2-ab71-b915d7d0ae78@group-D606C9B72829-LeaderElection29] INFO  impl.RoleInfo (RoleInfo.java:shutdownLeaderElection(134)) - f02da163-2c1f-4de2-ab71-b915d7d0ae78: shutdown LeaderElection
2019-10-21 04:30:41,927 [f02da163-2c1f-4de2-ab71-b915d7d0ae78@group-D606C9B72829-LeaderElection29] INFO  impl.RoleInfo (RoleInfo.java:updateAndGet(143)) - f02da163-2c1f-4de2-ab71-b915d7d0ae78: start FollowerState
2019-10-21 04:30:41,993 [Thread-718] INFO  impl.FollowerState (FollowerState.java:run(108)) - f02da163-2c1f-4de2-ab71-b915d7d0ae78@group-D606C9B72829-FollowerState: change to CANDIDATE, lastRpcTime:65ms, electionTimeout:65ms
2019-10-21 04:30:41,994 [Thread-718] INFO  impl.RoleInfo (RoleInfo.java:shutdownFollowerState(121)) - f02da163-2c1f-4de2-ab71-b915d7d0ae78: shutdown FollowerState
2019-10-21 04:30:41,994 [Thread-718] INFO  impl.RaftServerImpl (RaftServerImpl.java:setRole(184)) - f02da163-2c1f-4de2-ab71-b915d7d0ae78@group-D606C9B72829: changes role from  FOLLOWER to CANDIDATE at term 25 for changeToCandidate
2019-10-21 04:30:41,995 [Thread-718] INFO  impl.RoleInfo (RoleInfo.java:updateAndGet(143)) - f02da163-2c1f-4de2-ab71-b915d7d0ae78: start LeaderElection
2019-10-21 04:30:42,009 [f02da163-2c1f-4de2-ab71-b915d7d0ae78@group-D606C9B72829-LeaderElection30] INFO  impl.LeaderElection (LeaderElection.java:askForVotes(178)) - f02da163-2c1f-4de2-ab71-b915d7d0ae78@group-D606C9B72829-LeaderElection30: begin an election at term 26 for 0: [641380fb-ae96-4755-94e0-fd776bdc090f:192.168.34.41:39543, f02da163-2c1f-4de2-ab71-b915d7d0ae78:192.168.34.41:39439, dd1d24cd-1df3-4428-bf67-9b7dc9bd3e4c:192.168.34.41:45185], old=null
2019-10-21 04:30:42,012 [grpc-default-executor-2] INFO  impl.RaftServerImpl (RaftServerImpl.java:setRole(184)) - 641380fb-ae96-4755-94e0-fd776bdc090f@group-D606C9B72829: changes role from  FOLLOWER to FOLLOWER at term 26 for recognizeCandidate:f02da163-2c1f-4de2-ab71-b915d7d0ae78
2019-10-21 04:30:42,012 [grpc-default-executor-4] INFO  impl.RaftServerImpl (RaftServerImpl.java:setRole(184)) - dd1d24cd-1df3-4428-bf67-9b7dc9bd3e4c@group-D606C9B72829: changes role from  FOLLOWER to FOLLOWER at term 26 for recognizeCandidate:f02da163-2c1f-4de2-ab71-b915d7d0ae78
2019-10-21 04:30:42,012 [grpc-default-executor-2] INFO  impl.RoleInfo (RoleInfo.java:shutdownFollowerState(121)) - 641380fb-ae96-4755-94e0-fd776bdc090f: shutdown FollowerState
2019-10-21 04:30:42,012 [grpc-default-executor-4] INFO  impl.RoleInfo (RoleInfo.java:shutdownFollowerState(121)) - dd1d24cd-1df3-4428-bf67-9b7dc9bd3e4c: shutdown FollowerState
2019-10-21 04:30:42,013 [grpc-default-executor-2] INFO  impl.RoleInfo (RoleInfo.java:updateAndGet(143)) - 641380fb-ae96-4755-94e0-fd776bdc090f: start FollowerState
2019-10-21 04:30:42,013 [grpc-default-executor-4] INFO  impl.RoleInfo (RoleInfo.java:updateAndGet(143)) - dd1d24cd-1df3-4428-bf67-9b7dc9bd3e4c: start FollowerState
2019-10-21 04:30:42,013 [Thread-716] INFO  impl.FollowerState (FollowerState.java:run(117)) - 641380fb-ae96-4755-94e0-fd776bdc090f@group-D606C9B72829-FollowerState was interrupted: java.lang.InterruptedException: sleep interrupted
2019-10-21 04:30:42,013 [Thread-717] INFO  impl.FollowerState (FollowerState.java:run(117)) - dd1d24cd-1df3-4428-bf67-9b7dc9bd3e4c@group-D606C9B72829-FollowerState was interrupted: java.lang.InterruptedException: sleep interrupted
2019-10-21 04:30:42,028 [f02da163-2c1f-4de2-ab71-b915d7d0ae78@group-D606C9B72829-LeaderElection30] INFO  impl.LeaderElection (LeaderElection.java:logAndReturn(56)) - f02da163-2c1f-4de2-ab71-b915d7d0ae78@group-D606C9B72829-LeaderElection30: Election REJECTED; received 2 response(s) [f02da163-2c1f-4de2-ab71-b915d7d0ae78<-641380fb-ae96-4755-94e0-fd776bdc090f#0:FAIL-t26, f02da163-2c1f-4de2-ab71-b915d7d0ae78<-dd1d24cd-1df3-4428-bf67-9b7dc9bd3e4c#0:FAIL-t26] and 0 exception(s); f02da163-2c1f-4de2-ab71-b915d7d0ae78@group-D606C9B72829:t26, leader=null, voted=f02da163-2c1f-4de2-ab71-b915d7d0ae78, raftlog=f02da163-2c1f-4de2-ab71-b915d7d0ae78@group-D606C9B72829-SegmentedRaftLog:OPENED:c3,f4,i4, conf=0: [641380fb-ae96-4755-94e0-fd776bdc090f:192.168.34.41:39543, f02da163-2c1f-4de2-ab71-b915d7d0ae78:192.168.34.41:39439, dd1d24cd-1df3-4428-bf67-9b7dc9bd3e4c:192.168.34.41:45185], old=null
2019-10-21 04:30:42,029 [f02da163-2c1f-4de2-ab71-b915d7d0ae78@group-D606C9B72829-LeaderElection30] INFO  impl.RaftServerImpl (RaftServerImpl.java:setRole(184)) - f02da163-2c1f-4de2-ab71-b915d7d0ae78@group-D606C9B72829: changes role from CANDIDATE to FOLLOWER at term 26 for DISCOVERED_A_NEW_TERM
2019-10-21 04:30:42,029 [f02da163-2c1f-4de2-ab71-b915d7d0ae78@group-D606C9B72829-LeaderElection30] INFO  impl.RoleInfo (RoleInfo.java:shutdownLeaderElection(134)) - f02da163-2c1f-4de2-ab71-b915d7d0ae78: shutdown LeaderElection
2019-10-21 04:30:42,029 [f02da163-2c1f-4de2-ab71-b915d7d0ae78@group-D606C9B72829-LeaderElection30] INFO  impl.RoleInfo (RoleInfo.java:updateAndGet(143)) - f02da163-2c1f-4de2-ab71-b915d7d0ae78: start FollowerState
2019-10-21 04:30:42,139 [Thread-724] INFO  impl.FollowerState (FollowerState.java:run(108)) - f02da163-2c1f-4de2-ab71-b915d7d0ae78@group-D606C9B72829-FollowerState: change to CANDIDATE, lastRpcTime:109ms, electionTimeout:109ms
2019-10-21 04:30:42,141 [Thread-724] INFO  impl.RoleInfo (RoleInfo.java:shutdownFollowerState(121)) - f02da163-2c1f-4de2-ab71-b915d7d0ae78: shutdown FollowerState
2019-10-21 04:30:42,141 [Thread-724] INFO  impl.RaftServerImpl (RaftServerImpl.java:setRole(184)) - f02da163-2c1f-4de2-ab71-b915d7d0ae78@group-D606C9B72829: changes role from  FOLLOWER to CANDIDATE at term 26 for changeToCandidate
2019-10-21 04:30:42,141 [Thread-724] INFO  impl.RoleInfo (RoleInfo.java:updateAndGet(143)) - f02da163-2c1f-4de2-ab71-b915d7d0ae78: start LeaderElection
2019-10-21 04:30:42,365 [f02da163-2c1f-4de2-ab71-b915d7d0ae78@group-D606C9B72829-LeaderElection31] INFO  impl.LeaderElection (LeaderElection.java:askForVotes(178)) - f02da163-2c1f-4de2-ab71-b915d7d0ae78@group-D606C9B72829-LeaderElection31: begin an election at term 27 for 0: [641380fb-ae96-4755-94e0-fd776bdc090f:192.168.34.41:39543, f02da163-2c1f-4de2-ab71-b915d7d0ae78:192.168.34.41:39439, dd1d24cd-1df3-4428-bf67-9b7dc9bd3e4c:192.168.34.41:45185], old=null
2019-10-21 04:30:42,369 [grpc-default-executor-4] INFO  impl.RaftServerImpl (RaftServerImpl.java:setRole(184)) - 641380fb-ae96-4755-94e0-fd776bdc090f@group-D606C9B72829: changes role from  FOLLOWER to FOLLOWER at term 27 for recognizeCandidate:f02da163-2c1f-4de2-ab71-b915d7d0ae78
2019-10-21 04:30:42,369 [grpc-default-executor-4] INFO  impl.RoleInfo (RoleInfo.java:shutdownFollowerState(121)) - 641380fb-ae96-4755-94e0-fd776bdc090f: shutdown FollowerState
2019-10-21 04:30:42,369 [grpc-default-executor-2] INFO  impl.RaftServerImpl (RaftServerImpl.java:setRole(184)) - dd1d24cd-1df3-4428-bf67-9b7dc9bd3e4c@group-D606C9B72829: changes role from  FOLLOWER to FOLLOWER at term 27 for recognizeCandidate:f02da163-2c1f-4de2-ab71-b915d7d0ae78
2019-10-21 04:30:42,369 [Thread-722] INFO  impl.FollowerState (FollowerState.java:run(117)) - 641380fb-ae96-4755-94e0-fd776bdc090f@group-D606C9B72829-FollowerState was interrupted: java.lang.InterruptedException: sleep interrupted
2019-10-21 04:30:42,369 [grpc-default-executor-4] INFO  impl.RoleInfo (RoleInfo.java:updateAndGet(143)) - 641380fb-ae96-4755-94e0-fd776bdc090f: start FollowerState
2019-10-21 04:30:42,369 [grpc-default-executor-2] INFO  impl.RoleInfo (RoleInfo.java:shutdownFollowerState(121)) - dd1d24cd-1df3-4428-bf67-9b7dc9bd3e4c: shutdown FollowerState
2019-10-21 04:30:42,370 [grpc-default-executor-2] INFO  impl.RoleInfo (RoleInfo.java:updateAndGet(143)) - dd1d24cd-1df3-4428-bf67-9b7dc9bd3e4c: start FollowerState
2019-10-21 04:30:42,370 [Thread-723] INFO  impl.FollowerState (FollowerState.java:run(117)) - dd1d24cd-1df3-4428-bf67-9b7dc9bd3e4c@group-D606C9B72829-FollowerState was interrupted: java.lang.InterruptedException: sleep interrupted
2019-10-21 04:30:42,375 [BlockDeletingService#7] WARN  background.BlockDeletingService (BlockDeletingService.java:isDeletionAllowed(187)) - Close Container log Index 6 is not replicated across allthe servers in the pipeline d49b1818-47fb-49d2-b44c-d606c9b72829 as the min replicated index is 4. Deletion is not allowed in this container yet.
2019-10-21 04:30:42,376 [BlockDeletingService#2] WARN  background.BlockDeletingService (BlockDeletingService.java:isDeletionAllowed(187)) - Close Container log Index 6 is not replicated across allthe servers in the pipeline d49b1818-47fb-49d2-b44c-d606c9b72829 as the min replicated index is 4. Deletion is not allowed in this container yet.
2019-10-21 04:30:42,407 [f02da163-2c1f-4de2-ab71-b915d7d0ae78@group-D606C9B72829-LeaderElection31] INFO  impl.LeaderElection (LeaderElection.java:logAndReturn(56)) - f02da163-2c1f-4de2-ab71-b915d7d0ae78@group-D606C9B72829-LeaderElection31: Election TIMEOUT; received 0 response(s) [] and 0 exception(s); f02da163-2c1f-4de2-ab71-b915d7d0ae78@group-D606C9B72829:t27, leader=null, voted=f02da163-2c1f-4de2-ab71-b915d7d0ae78, raftlog=f02da163-2c1f-4de2-ab71-b915d7d0ae78@group-D606C9B72829-SegmentedRaftLog:OPENED:c3,f4,i4, conf=0: [641380fb-ae96-4755-94e0-fd776bdc090f:192.168.34.41:39543, f02da163-2c1f-4de2-ab71-b915d7d0ae78:192.168.34.41:39439, dd1d24cd-1df3-4428-bf67-9b7dc9bd3e4c:192.168.34.41:45185], old=null
2019-10-21 04:30:42,485 [f02da163-2c1f-4de2-ab71-b915d7d0ae78@group-D606C9B72829-LeaderElection31] INFO  impl.LeaderElection (LeaderElection.java:askForVotes(178)) - f02da163-2c1f-4de2-ab71-b915d7d0ae78@group-D606C9B72829-LeaderElection31: begin an election at term 28 for 0: [641380fb-ae96-4755-94e0-fd776bdc090f:192.168.34.41:39543, f02da163-2c1f-4de2-ab71-b915d7d0ae78:192.168.34.41:39439, dd1d24cd-1df3-4428-bf67-9b7dc9bd3e4c:192.168.34.41:45185], old=null
2019-10-21 04:30:42,488 [grpc-default-executor-2] INFO  impl.RaftServerImpl (RaftServerImpl.java:setRole(184)) - 641380fb-ae96-4755-94e0-fd776bdc090f@group-D606C9B72829: changes role from  FOLLOWER to FOLLOWER at term 28 for recognizeCandidate:f02da163-2c1f-4de2-ab71-b915d7d0ae78
2019-10-21 04:30:42,489 [grpc-default-executor-4] INFO  impl.RaftServerImpl (RaftServerImpl.java:setRole(184)) - dd1d24cd-1df3-4428-bf67-9b7dc9bd3e4c@group-D606C9B72829: changes role from  FOLLOWER to FOLLOWER at term 28 for recognizeCandidate:f02da163-2c1f-4de2-ab71-b915d7d0ae78
2019-10-21 04:30:42,489 [grpc-default-executor-2] INFO  impl.RoleInfo (RoleInfo.java:shutdownFollowerState(121)) - 641380fb-ae96-4755-94e0-fd776bdc090f: shutdown FollowerState
2019-10-21 04:30:42,489 [grpc-default-executor-4] INFO  impl.RoleInfo (RoleInfo.java:shutdownFollowerState(121)) - dd1d24cd-1df3-4428-bf67-9b7dc9bd3e4c: shutdown FollowerState
2019-10-21 04:30:42,490 [grpc-default-executor-2] INFO  impl.RoleInfo (RoleInfo.java:updateAndGet(143)) - 641380fb-ae96-4755-94e0-fd776bdc090f: start FollowerState
2019-10-21 04:30:42,490 [Thread-728] INFO  impl.FollowerState (FollowerState.java:run(117)) - 641380fb-ae96-4755-94e0-fd776bdc090f@group-D606C9B72829-FollowerState was interrupted: java.lang.InterruptedException: sleep interrupted
2019-10-21 04:30:42,490 [grpc-default-executor-4] INFO  impl.RoleInfo (RoleInfo.java:updateAndGet(143)) - dd1d24cd-1df3-4428-bf67-9b7dc9bd3e4c: start FollowerState
2019-10-21 04:30:42,490 [Thread-729] INFO  impl.FollowerState (FollowerState.java:run(117)) - dd1d24cd-1df3-4428-bf67-9b7dc9bd3e4c@group-D606C9B72829-FollowerState was interrupted: java.lang.InterruptedException: sleep interrupted
2019-10-21 04:30:42,501 [f02da163-2c1f-4de2-ab71-b915d7d0ae78@group-D606C9B72829-LeaderElection31] INFO  impl.LeaderElection (LeaderElection.java:logAndReturn(56)) - f02da163-2c1f-4de2-ab71-b915d7d0ae78@group-D606C9B72829-LeaderElection31: Election REJECTED; received 2 response(s) [f02da163-2c1f-4de2-ab71-b915d7d0ae78<-641380fb-ae96-4755-94e0-fd776bdc090f#0:FAIL-t28, f02da163-2c1f-4de2-ab71-b915d7d0ae78<-dd1d24cd-1df3-4428-bf67-9b7dc9bd3e4c#0:FAIL-t28] and 0 exception(s); f02da163-2c1f-4de2-ab71-b915d7d0ae78@group-D606C9B72829:t28, leader=null, voted=f02da163-2c1f-4de2-ab71-b915d7d0ae78, raftlog=f02da163-2c1f-4de2-ab71-b915d7d0ae78@group-D606C9B72829-SegmentedRaftLog:OPENED:c3,f4,i4, conf=0: [641380fb-ae96-4755-94e0-fd776bdc090f:192.168.34.41:39543, f02da163-2c1f-4de2-ab71-b915d7d0ae78:192.168.34.41:39439, dd1d24cd-1df3-4428-bf67-9b7dc9bd3e4c:192.168.34.41:45185], old=null
2019-10-21 04:30:42,501 [f02da163-2c1f-4de2-ab71-b915d7d0ae78@group-D606C9B72829-LeaderElection31] INFO  impl.RaftServerImpl (RaftServerImpl.java:setRole(184)) - f02da163-2c1f-4de2-ab71-b915d7d0ae78@group-D606C9B72829: changes role from CANDIDATE to FOLLOWER at term 28 for DISCOVERED_A_NEW_TERM
2019-10-21 04:30:42,502 [f02da163-2c1f-4de2-ab71-b915d7d0ae78@group-D606C9B72829-LeaderElection31] INFO  impl.RoleInfo (RoleInfo.java:shutdownLeaderElection(134)) - f02da163-2c1f-4de2-ab71-b915d7d0ae78: shutdown LeaderElection
2019-10-21 04:30:42,502 [f02da163-2c1f-4de2-ab71-b915d7d0ae78@group-D606C9B72829-LeaderElection31] INFO  impl.RoleInfo (RoleInfo.java:updateAndGet(143)) - f02da163-2c1f-4de2-ab71-b915d7d0ae78: start FollowerState
2019-10-21 04:30:42,536 [Thread-737] INFO  impl.FollowerState (FollowerState.java:run(108)) - f02da163-2c1f-4de2-ab71-b915d7d0ae78@group-D606C9B72829-FollowerState: change to CANDIDATE, lastRpcTime:34ms, electionTimeout:34ms
2019-10-21 04:30:42,538 [Thread-737] INFO  impl.RoleInfo (RoleInfo.java:shutdownFollowerState(121)) - f02da163-2c1f-4de2-ab71-b915d7d0ae78: shutdown FollowerState
2019-10-21 04:30:42,538 [Thread-737] INFO  impl.RaftServerImpl (RaftServerImpl.java:setRole(184)) - f02da163-2c1f-4de2-ab71-b915d7d0ae78@group-D606C9B72829: changes role from  FOLLOWER to CANDIDATE at term 28 for changeToCandidate
2019-10-21 04:30:42,538 [Thread-737] INFO  impl.RoleInfo (RoleInfo.java:updateAndGet(143)) - f02da163-2c1f-4de2-ab71-b915d7d0ae78: start LeaderElection
2019-10-21 04:30:42,552 [f02da163-2c1f-4de2-ab71-b915d7d0ae78@group-D606C9B72829-LeaderElection32] INFO  impl.LeaderElection (LeaderElection.java:askForVotes(178)) - f02da163-2c1f-4de2-ab71-b915d7d0ae78@group-D606C9B72829-LeaderElection32: begin an election at term 29 for 0: [641380fb-ae96-4755-94e0-fd776bdc090f:192.168.34.41:39543, f02da163-2c1f-4de2-ab71-b915d7d0ae78:192.168.34.41:39439, dd1d24cd-1df3-4428-bf67-9b7dc9bd3e4c:192.168.34.41:45185], old=null
2019-10-21 04:30:42,555 [grpc-default-executor-2] INFO  impl.RaftServerImpl (RaftServerImpl.java:setRole(184)) - dd1d24cd-1df3-4428-bf67-9b7dc9bd3e4c@group-D606C9B72829: changes role from  FOLLOWER to FOLLOWER at term 29 for recognizeCandidate:f02da163-2c1f-4de2-ab71-b915d7d0ae78
2019-10-21 04:30:42,555 [grpc-default-executor-4] INFO  impl.RaftServerImpl (RaftServerImpl.java:setRole(184)) - 641380fb-ae96-4755-94e0-fd776bdc090f@group-D606C9B72829: changes role from  FOLLOWER to FOLLOWER at term 29 for recognizeCandidate:f02da163-2c1f-4de2-ab71-b915d7d0ae78
2019-10-21 04:30:42,556 [grpc-default-executor-2] INFO  impl.RoleInfo (RoleInfo.java:shutdownFollowerState(121)) - dd1d24cd-1df3-4428-bf67-9b7dc9bd3e4c: shutdown FollowerState
2019-10-21 04:30:42,556 [grpc-default-executor-4] INFO  impl.RoleInfo (RoleInfo.java:shutdownFollowerState(121)) - 641380fb-ae96-4755-94e0-fd776bdc090f: shutdown FollowerState
2019-10-21 04:30:42,556 [grpc-default-executor-2] INFO  impl.RoleInfo (RoleInfo.java:updateAndGet(143)) - dd1d24cd-1df3-4428-bf67-9b7dc9bd3e4c: start FollowerState
2019-10-21 04:30:42,556 [grpc-default-executor-4] INFO  impl.RoleInfo (RoleInfo.java:updateAndGet(143)) - 641380fb-ae96-4755-94e0-fd776bdc090f: start FollowerState
2019-10-21 04:30:42,556 [Thread-736] INFO  impl.FollowerState (FollowerState.java:run(117)) - dd1d24cd-1df3-4428-bf67-9b7dc9bd3e4c@group-D606C9B72829-FollowerState was interrupted: java.lang.InterruptedException: sleep interrupted
2019-10-21 04:30:42,556 [Thread-735] INFO  impl.FollowerState (FollowerState.java:run(117)) - 641380fb-ae96-4755-94e0-fd776bdc090f@group-D606C9B72829-FollowerState was interrupted: java.lang.InterruptedException: sleep interrupted
2019-10-21 04:30:42,566 [f02da163-2c1f-4de2-ab71-b915d7d0ae78@group-D606C9B72829-LeaderElection32] INFO  impl.LeaderElection (LeaderElection.java:logAndReturn(56)) - f02da163-2c1f-4de2-ab71-b915d7d0ae78@group-D606C9B72829-LeaderElection32: Election REJECTED; received 2 response(s) [f02da163-2c1f-4de2-ab71-b915d7d0ae78<-641380fb-ae96-4755-94e0-fd776bdc090f#0:FAIL-t29, f02da163-2c1f-4de2-ab71-b915d7d0ae78<-dd1d24cd-1df3-4428-bf67-9b7dc9bd3e4c#0:FAIL-t29] and 0 exception(s); f02da163-2c1f-4de2-ab71-b915d7d0ae78@group-D606C9B72829:t29, leader=null, voted=f02da163-2c1f-4de2-ab71-b915d7d0ae78, raftlog=f02da163-2c1f-4de2-ab71-b915d7d0ae78@group-D606C9B72829-SegmentedRaftLog:OPENED:c3,f4,i4, conf=0: [641380fb-ae96-4755-94e0-fd776bdc090f:192.168.34.41:39543, f02da163-2c1f-4de2-ab71-b915d7d0ae78:192.168.34.41:39439, dd1d24cd-1df3-4428-bf67-9b7dc9bd3e4c:192.168.34.41:45185], old=null
2019-10-21 04:30:42,566 [f02da163-2c1f-4de2-ab71-b915d7d0ae78@group-D606C9B72829-LeaderElection32] INFO  impl.RaftServerImpl (RaftServerImpl.java:setRole(184)) - f02da163-2c1f-4de2-ab71-b915d7d0ae78@group-D606C9B72829: changes role from CANDIDATE to FOLLOWER at term 29 for DISCOVERED_A_NEW_TERM
2019-10-21 04:30:42,566 [f02da163-2c1f-4de2-ab71-b915d7d0ae78@group-D606C9B72829-LeaderElection32] INFO  impl.RoleInfo (RoleInfo.java:shutdownLeaderElection(134)) - f02da163-2c1f-4de2-ab71-b915d7d0ae78: shutdown LeaderElection
2019-10-21 04:30:42,566 [f02da163-2c1f-4de2-ab71-b915d7d0ae78@group-D606C9B72829-LeaderElection32] INFO  impl.RoleInfo (RoleInfo.java:updateAndGet(143)) - f02da163-2c1f-4de2-ab71-b915d7d0ae78: start FollowerState
2019-10-21 04:30:42,603 [Thread-745] INFO  client.GrpcClientProtocolService (GrpcClientProtocolService.java:lambda$processClientRequest$0(278)) - Failed RaftClientRequest:client-A60227926EB5->641380fb-ae96-4755-94e0-fd776bdc090f@group-D606C9B72829, cid=10, seq=0, Watch-ALL_COMMITTED(6), Message:<EMPTY>, reply=RaftClientReply:client-A60227926EB5->641380fb-ae96-4755-94e0-fd776bdc090f@group-D606C9B72829, cid=10, FAILED org.apache.ratis.protocol.NotLeaderException: Server 641380fb-ae96-4755-94e0-fd776bdc090f@group-D606C9B72829 is not the leader, logIndex=0, commits[641380fb-ae96-4755-94e0-fd776bdc090f:c10, f02da163-2c1f-4de2-ab71-b915d7d0ae78:c4, dd1d24cd-1df3-4428-bf67-9b7dc9bd3e4c:c10]
2019-10-21 04:30:42,689 [Thread-743] INFO  impl.FollowerState (FollowerState.java:run(108)) - f02da163-2c1f-4de2-ab71-b915d7d0ae78@group-D606C9B72829-FollowerState: change to CANDIDATE, lastRpcTime:122ms, electionTimeout:122ms
2019-10-21 04:30:42,689 [Thread-743] INFO  impl.RoleInfo (RoleInfo.java:shutdownFollowerState(121)) - f02da163-2c1f-4de2-ab71-b915d7d0ae78: shutdown FollowerState
2019-10-21 04:30:42,689 [Thread-743] INFO  impl.RaftServerImpl (RaftServerImpl.java:setRole(184)) - f02da163-2c1f-4de2-ab71-b915d7d0ae78@group-D606C9B72829: changes role from  FOLLOWER to CANDIDATE at term 29 for changeToCandidate
2019-10-21 04:30:42,689 [Thread-743] INFO  impl.RoleInfo (RoleInfo.java:updateAndGet(143)) - f02da163-2c1f-4de2-ab71-b915d7d0ae78: start LeaderElection
2019-10-21 04:30:42,704 [f02da163-2c1f-4de2-ab71-b915d7d0ae78@group-D606C9B72829-LeaderElection33] INFO  impl.LeaderElection (LeaderElection.java:askForVotes(178)) - f02da163-2c1f-4de2-ab71-b915d7d0ae78@group-D606C9B72829-LeaderElection33: begin an election at term 30 for 0: [641380fb-ae96-4755-94e0-fd776bdc090f:192.168.34.41:39543, f02da163-2c1f-4de2-ab71-b915d7d0ae78:192.168.34.41:39439, dd1d24cd-1df3-4428-bf67-9b7dc9bd3e4c:192.168.34.41:45185], old=null
2019-10-21 04:30:42,711 [grpc-default-executor-4] INFO  impl.RaftServerImpl (RaftServerImpl.java:setRole(184)) - 641380fb-ae96-4755-94e0-fd776bdc090f@group-D606C9B72829: changes role from  FOLLOWER to FOLLOWER at term 30 for recognizeCandidate:f02da163-2c1f-4de2-ab71-b915d7d0ae78
2019-10-21 04:30:42,711 [grpc-default-executor-2] INFO  impl.RaftServerImpl (RaftServerImpl.java:setRole(184)) - dd1d24cd-1df3-4428-bf67-9b7dc9bd3e4c@group-D606C9B72829: changes role from  FOLLOWER to FOLLOWER at term 30 for recognizeCandidate:f02da163-2c1f-4de2-ab71-b915d7d0ae78
2019-10-21 04:30:42,711 [grpc-default-executor-4] INFO  impl.RoleInfo (RoleInfo.java:shutdownFollowerState(121)) - 641380fb-ae96-4755-94e0-fd776bdc090f: shutdown FollowerState
2019-10-21 04:30:42,711 [grpc-default-executor-2] INFO  impl.RoleInfo (RoleInfo.java:shutdownFollowerState(121)) - dd1d24cd-1df3-4428-bf67-9b7dc9bd3e4c: shutdown FollowerState
2019-10-21 04:30:42,711 [grpc-default-executor-4] INFO  impl.RoleInfo (RoleInfo.java:updateAndGet(143)) - 641380fb-ae96-4755-94e0-fd776bdc090f: start FollowerState
2019-10-21 04:30:42,711 [Thread-741] INFO  impl.FollowerState (FollowerState.java:run(117)) - dd1d24cd-1df3-4428-bf67-9b7dc9bd3e4c@group-D606C9B72829-FollowerState was interrupted: java.lang.InterruptedException: sleep interrupted
2019-10-21 04:30:42,711 [grpc-default-executor-2] INFO  impl.RoleInfo (RoleInfo.java:updateAndGet(143)) - dd1d24cd-1df3-4428-bf67-9b7dc9bd3e4c: start FollowerState
2019-10-21 04:30:42,711 [Thread-742] INFO  impl.FollowerState (FollowerState.java:run(117)) - 641380fb-ae96-4755-94e0-fd776bdc090f@group-D606C9B72829-FollowerState was interrupted: java.lang.InterruptedException: sleep interrupted
2019-10-21 04:30:42,726 [f02da163-2c1f-4de2-ab71-b915d7d0ae78@group-D606C9B72829-LeaderElection33] INFO  impl.LeaderElection (LeaderElection.java:logAndReturn(56)) - f02da163-2c1f-4de2-ab71-b915d7d0ae78@group-D606C9B72829-LeaderElection33: Election TIMEOUT; received 0 response(s) [] and 0 exception(s); f02da163-2c1f-4de2-ab71-b915d7d0ae78@group-D606C9B72829:t30, leader=null, voted=f02da163-2c1f-4de2-ab71-b915d7d0ae78, raftlog=f02da163-2c1f-4de2-ab71-b915d7d0ae78@group-D606C9B72829-SegmentedRaftLog:OPENED:c3,f4,i4, conf=0: [641380fb-ae96-4755-94e0-fd776bdc090f:192.168.34.41:39543, f02da163-2c1f-4de2-ab71-b915d7d0ae78:192.168.34.41:39439, dd1d24cd-1df3-4428-bf67-9b7dc9bd3e4c:192.168.34.41:45185], old=null
2019-10-21 04:30:42,741 [f02da163-2c1f-4de2-ab71-b915d7d0ae78@group-D606C9B72829-LeaderElection33] INFO  impl.LeaderElection (LeaderElection.java:askForVotes(178)) - f02da163-2c1f-4de2-ab71-b915d7d0ae78@group-D606C9B72829-LeaderElection33: begin an election at term 31 for 0: [641380fb-ae96-4755-94e0-fd776bdc090f:192.168.34.41:39543, f02da163-2c1f-4de2-ab71-b915d7d0ae78:192.168.34.41:39439, dd1d24cd-1df3-4428-bf67-9b7dc9bd3e4c:192.168.34.41:45185], old=null
2019-10-21 04:30:42,743 [grpc-default-executor-4] INFO  impl.RaftServerImpl (RaftServerImpl.java:setRole(184)) - 641380fb-ae96-4755-94e0-fd776bdc090f@group-D606C9B72829: changes role from  FOLLOWER to FOLLOWER at term 31 for recognizeCandidate:f02da163-2c1f-4de2-ab71-b915d7d0ae78
2019-10-21 04:30:42,743 [grpc-default-executor-2] INFO  impl.RaftServerImpl (RaftServerImpl.java:setRole(184)) - dd1d24cd-1df3-4428-bf67-9b7dc9bd3e4c@group-D606C9B72829: changes role from  FOLLOWER to FOLLOWER at term 31 for recognizeCandidate:f02da163-2c1f-4de2-ab71-b915d7d0ae78
2019-10-21 04:30:42,744 [grpc-default-executor-4] INFO  impl.RoleInfo (RoleInfo.java:shutdownFollowerState(121)) - 641380fb-ae96-4755-94e0-fd776bdc090f: shutdown FollowerState
2019-10-21 04:30:42,744 [grpc-default-executor-2] INFO  impl.RoleInfo (RoleInfo.java:shutdownFollowerState(121)) - dd1d24cd-1df3-4428-bf67-9b7dc9bd3e4c: shutdown FollowerState
2019-10-21 04:30:42,744 [grpc-default-executor-4] INFO  impl.RoleInfo (RoleInfo.java:updateAndGet(143)) - 641380fb-ae96-4755-94e0-fd776bdc090f: start FollowerState
2019-10-21 04:30:42,744 [Thread-750] INFO  impl.FollowerState (FollowerState.java:run(117)) - 641380fb-ae96-4755-94e0-fd776bdc090f@group-D606C9B72829-FollowerState was interrupted: java.lang.InterruptedException: sleep interrupted
2019-10-21 04:30:42,744 [grpc-default-executor-2] INFO  impl.RoleInfo (RoleInfo.java:updateAndGet(143)) - dd1d24cd-1df3-4428-bf67-9b7dc9bd3e4c: start FollowerState
2019-10-21 04:30:42,744 [Thread-751] INFO  impl.FollowerState (FollowerState.java:run(117)) - dd1d24cd-1df3-4428-bf67-9b7dc9bd3e4c@group-D606C9B72829-FollowerState was interrupted: java.lang.InterruptedException: sleep interrupted
2019-10-21 04:30:42,755 [f02da163-2c1f-4de2-ab71-b915d7d0ae78@group-D606C9B72829-LeaderElection33] INFO  impl.LeaderElection (LeaderElection.java:logAndReturn(56)) - f02da163-2c1f-4de2-ab71-b915d7d0ae78@group-D606C9B72829-LeaderElection33: Election REJECTED; received 2 response(s) [f02da163-2c1f-4de2-ab71-b915d7d0ae78<-641380fb-ae96-4755-94e0-fd776bdc090f#0:FAIL-t31, f02da163-2c1f-4de2-ab71-b915d7d0ae78<-dd1d24cd-1df3-4428-bf67-9b7dc9bd3e4c#0:FAIL-t31] and 0 exception(s); f02da163-2c1f-4de2-ab71-b915d7d0ae78@group-D606C9B72829:t31, leader=null, voted=f02da163-2c1f-4de2-ab71-b915d7d0ae78, raftlog=f02da163-2c1f-4de2-ab71-b915d7d0ae78@group-D606C9B72829-SegmentedRaftLog:OPENED:c3,f4,i4, conf=0: [641380fb-ae96-4755-94e0-fd776bdc090f:192.168.34.41:39543, f02da163-2c1f-4de2-ab71-b915d7d0ae78:192.168.34.41:39439, dd1d24cd-1df3-4428-bf67-9b7dc9bd3e4c:192.168.34.41:45185], old=null
2019-10-21 04:30:42,755 [f02da163-2c1f-4de2-ab71-b915d7d0ae78@group-D606C9B72829-LeaderElection33] INFO  impl.RaftServerImpl (RaftServerImpl.java:setRole(184)) - f02da163-2c1f-4de2-ab71-b915d7d0ae78@group-D606C9B72829: changes role from CANDIDATE to FOLLOWER at term 31 for DISCOVERED_A_NEW_TERM
2019-10-21 04:30:42,755 [f02da163-2c1f-4de2-ab71-b915d7d0ae78@group-D606C9B72829-LeaderElection33] INFO  impl.RoleInfo (RoleInfo.java:shutdownLeaderElection(134)) - f02da163-2c1f-4de2-ab71-b915d7d0ae78: shutdown LeaderElection
2019-10-21 04:30:42,755 [f02da163-2c1f-4de2-ab71-b915d7d0ae78@group-D606C9B72829-LeaderElection33] INFO  impl.RoleInfo (RoleInfo.java:updateAndGet(143)) - f02da163-2c1f-4de2-ab71-b915d7d0ae78: start FollowerState
2019-10-21 04:30:42,860 [pool-7-thread-2] INFO  commands.RetriableDatanodeEventWatcher (RetriableDatanodeEventWatcher.java:onTimeout(47)) - RetriableDatanodeCommand type=deleteBlocksCommand with id=1571632235852 timed out. Retrying.
2019-10-21 04:30:42,860 [SCMBlockDeletingService#1] INFO  block.SCMBlockDeletingService (SCMBlockDeletingService.java:call(184)) - Totally added 1 delete blocks command for 1 datanodes, task elapsed time: 1ms
2019-10-21 04:30:42,860 [pool-7-thread-3] INFO  commands.RetriableDatanodeEventWatcher (RetriableDatanodeEventWatcher.java:onTimeout(47)) - RetriableDatanodeCommand type=deleteBlocksCommand with id=1571632235856 timed out. Retrying.
2019-10-21 04:30:42,861 [pool-7-thread-6] INFO  commands.RetriableDatanodeEventWatcher (RetriableDatanodeEventWatcher.java:onTimeout(47)) - RetriableDatanodeCommand type=deleteBlocksCommand with id=1571632235857 timed out. Retrying.
2019-10-21 04:30:42,861 [pool-7-thread-1] INFO  commands.RetriableDatanodeEventWatcher (RetriableDatanodeEventWatcher.java:onTimeout(47)) - RetriableDatanodeCommand type=deleteBlocksCommand with id=1571632235854 timed out. Retrying.
2019-10-21 04:30:42,861 [pool-7-thread-4] INFO  commands.RetriableDatanodeEventWatcher (RetriableDatanodeEventWatcher.java:onTimeout(47)) - RetriableDatanodeCommand type=deleteBlocksCommand with id=1571632235855 timed out. Retrying.
2019-10-21 04:30:42,861 [pool-7-thread-5] INFO  commands.RetriableDatanodeEventWatcher (RetriableDatanodeEventWatcher.java:onTimeout(47)) - RetriableDatanodeCommand type=deleteBlocksCommand with id=1571632235849 timed out. Retrying.
2019-10-21 04:30:42,862 [pool-7-thread-7] INFO  commands.RetriableDatanodeEventWatcher (RetriableDatanodeEventWatcher.java:onTimeout(47)) - RetriableDatanodeCommand type=deleteBlocksCommand with id=1571632235858 timed out. Retrying.
2019-10-21 04:30:42,866 [Thread-756] INFO  impl.FollowerState (FollowerState.java:run(108)) - f02da163-2c1f-4de2-ab71-b915d7d0ae78@group-D606C9B72829-FollowerState: change to CANDIDATE, lastRpcTime:110ms, electionTimeout:110ms
2019-10-21 04:30:42,866 [Thread-756] INFO  impl.RoleInfo (RoleInfo.java:shutdownFollowerState(121)) - f02da163-2c1f-4de2-ab71-b915d7d0ae78: shutdown FollowerState
2019-10-21 04:30:42,866 [Thread-756] INFO  impl.RaftServerImpl (RaftServerImpl.java:setRole(184)) - f02da163-2c1f-4de2-ab71-b915d7d0ae78@group-D606C9B72829: changes role from  FOLLOWER to CANDIDATE at term 31 for changeToCandidate
2019-10-21 04:30:42,866 [Thread-756] INFO  impl.RoleInfo (RoleInfo.java:updateAndGet(143)) - f02da163-2c1f-4de2-ab71-b915d7d0ae78: start LeaderElection
2019-10-21 04:30:42,881 [f02da163-2c1f-4de2-ab71-b915d7d0ae78@group-D606C9B72829-LeaderElection34] INFO  impl.LeaderElection (LeaderElection.java:askForVotes(178)) - f02da163-2c1f-4de2-ab71-b915d7d0ae78@group-D606C9B72829-LeaderElection34: begin an election at term 32 for 0: [641380fb-ae96-4755-94e0-fd776bdc090f:192.168.34.41:39543, f02da163-2c1f-4de2-ab71-b915d7d0ae78:192.168.34.41:39439, dd1d24cd-1df3-4428-bf67-9b7dc9bd3e4c:192.168.34.41:45185], old=null
2019-10-21 04:30:42,883 [grpc-default-executor-4] INFO  impl.RaftServerImpl (RaftServerImpl.java:setRole(184)) - dd1d24cd-1df3-4428-bf67-9b7dc9bd3e4c@group-D606C9B72829: changes role from  FOLLOWER to FOLLOWER at term 32 for recognizeCandidate:f02da163-2c1f-4de2-ab71-b915d7d0ae78
2019-10-21 04:30:42,883 [grpc-default-executor-2] INFO  impl.RaftServerImpl (RaftServerImpl.java:setRole(184)) - 641380fb-ae96-4755-94e0-fd776bdc090f@group-D606C9B72829: changes role from  FOLLOWER to FOLLOWER at term 32 for recognizeCandidate:f02da163-2c1f-4de2-ab71-b915d7d0ae78
2019-10-21 04:30:42,884 [grpc-default-executor-4] INFO  impl.RoleInfo (RoleInfo.java:shutdownFollowerState(121)) - dd1d24cd-1df3-4428-bf67-9b7dc9bd3e4c: shutdown FollowerState
2019-10-21 04:30:42,884 [grpc-default-executor-2] INFO  impl.RoleInfo (RoleInfo.java:shutdownFollowerState(121)) - 641380fb-ae96-4755-94e0-fd776bdc090f: shutdown FollowerState
2019-10-21 04:30:42,884 [grpc-default-executor-4] INFO  impl.RoleInfo (RoleInfo.java:updateAndGet(143)) - dd1d24cd-1df3-4428-bf67-9b7dc9bd3e4c: start FollowerState
2019-10-21 04:30:42,884 [Thread-755] INFO  impl.FollowerState (FollowerState.java:run(117)) - dd1d24cd-1df3-4428-bf67-9b7dc9bd3e4c@group-D606C9B72829-FollowerState was interrupted: java.lang.InterruptedException: sleep interrupted
2019-10-21 04:30:42,884 [Thread-754] INFO  impl.FollowerState (FollowerState.java:run(117)) - 641380fb-ae96-4755-94e0-fd776bdc090f@group-D606C9B72829-FollowerState was interrupted: java.lang.InterruptedException: sleep interrupted
2019-10-21 04:30:42,884 [grpc-default-executor-2] INFO  impl.RoleInfo (RoleInfo.java:updateAndGet(143)) - 641380fb-ae96-4755-94e0-fd776bdc090f: start FollowerState
2019-10-21 04:30:42,910 [f02da163-2c1f-4de2-ab71-b915d7d0ae78@group-D606C9B72829-LeaderElection34] INFO  impl.LeaderElection (LeaderElection.java:logAndReturn(56)) - f02da163-2c1f-4de2-ab71-b915d7d0ae78@group-D606C9B72829-LeaderElection34: Election REJECTED; received 2 response(s) [f02da163-2c1f-4de2-ab71-b915d7d0ae78<-641380fb-ae96-4755-94e0-fd776bdc090f#0:FAIL-t32, f02da163-2c1f-4de2-ab71-b915d7d0ae78<-dd1d24cd-1df3-4428-bf67-9b7dc9bd3e4c#0:FAIL-t32] and 0 exception(s); f02da163-2c1f-4de2-ab71-b915d7d0ae78@group-D606C9B72829:t32, leader=null, voted=f02da163-2c1f-4de2-ab71-b915d7d0ae78, raftlog=f02da163-2c1f-4de2-ab71-b915d7d0ae78@group-D606C9B72829-SegmentedRaftLog:OPENED:c3,f4,i4, conf=0: [641380fb-ae96-4755-94e0-fd776bdc090f:192.168.34.41:39543, f02da163-2c1f-4de2-ab71-b915d7d0ae78:192.168.34.41:39439, dd1d24cd-1df3-4428-bf67-9b7dc9bd3e4c:192.168.34.41:45185], old=null
2019-10-21 04:30:42,910 [f02da163-2c1f-4de2-ab71-b915d7d0ae78@group-D606C9B72829-LeaderElection34] INFO  impl.RaftServerImpl (RaftServerImpl.java:setRole(184)) - f02da163-2c1f-4de2-ab71-b915d7d0ae78@group-D606C9B72829: changes role from CANDIDATE to FOLLOWER at term 32 for DISCOVERED_A_NEW_TERM
2019-10-21 04:30:42,910 [f02da163-2c1f-4de2-ab71-b915d7d0ae78@group-D606C9B72829-LeaderElection34] INFO  impl.RoleInfo (RoleInfo.java:shutdownLeaderElection(134)) - f02da163-2c1f-4de2-ab71-b915d7d0ae78: shutdown LeaderElection
2019-10-21 04:30:42,910 [f02da163-2c1f-4de2-ab71-b915d7d0ae78@group-D606C9B72829-LeaderElection34] INFO  impl.RoleInfo (RoleInfo.java:updateAndGet(143)) - f02da163-2c1f-4de2-ab71-b915d7d0ae78: start FollowerState
2019-10-21 04:30:42,943 [Thread-762] INFO  impl.FollowerState (FollowerState.java:run(108)) - f02da163-2c1f-4de2-ab71-b915d7d0ae78@group-D606C9B72829-FollowerState: change to CANDIDATE, lastRpcTime:32ms, electionTimeout:32ms
2019-10-21 04:30:42,943 [Thread-762] INFO  impl.RoleInfo (RoleInfo.java:shutdownFollowerState(121)) - f02da163-2c1f-4de2-ab71-b915d7d0ae78: shutdown FollowerState
2019-10-21 04:30:42,943 [Thread-762] INFO  impl.RaftServerImpl (RaftServerImpl.java:setRole(184)) - f02da163-2c1f-4de2-ab71-b915d7d0ae78@group-D606C9B72829: changes role from  FOLLOWER to CANDIDATE at term 32 for changeToCandidate
2019-10-21 04:30:42,944 [Thread-762] INFO  impl.RoleInfo (RoleInfo.java:updateAndGet(143)) - f02da163-2c1f-4de2-ab71-b915d7d0ae78: start LeaderElection
2019-10-21 04:30:42,958 [f02da163-2c1f-4de2-ab71-b915d7d0ae78@group-D606C9B72829-LeaderElection35] INFO  impl.LeaderElection (LeaderElection.java:askForVotes(178)) - f02da163-2c1f-4de2-ab71-b915d7d0ae78@group-D606C9B72829-LeaderElection35: begin an election at term 33 for 0: [641380fb-ae96-4755-94e0-fd776bdc090f:192.168.34.41:39543, f02da163-2c1f-4de2-ab71-b915d7d0ae78:192.168.34.41:39439, dd1d24cd-1df3-4428-bf67-9b7dc9bd3e4c:192.168.34.41:45185], old=null
2019-10-21 04:30:42,961 [grpc-default-executor-2] INFO  impl.RaftServerImpl (RaftServerImpl.java:setRole(184)) - dd1d24cd-1df3-4428-bf67-9b7dc9bd3e4c@group-D606C9B72829: changes role from  FOLLOWER to FOLLOWER at term 33 for recognizeCandidate:f02da163-2c1f-4de2-ab71-b915d7d0ae78
2019-10-21 04:30:42,961 [grpc-default-executor-4] INFO  impl.RaftServerImpl (RaftServerImpl.java:setRole(184)) - 641380fb-ae96-4755-94e0-fd776bdc090f@group-D606C9B72829: changes role from  FOLLOWER to FOLLOWER at term 33 for recognizeCandidate:f02da163-2c1f-4de2-ab71-b915d7d0ae78
2019-10-21 04:30:42,961 [grpc-default-executor-2] INFO  impl.RoleInfo (RoleInfo.java:shutdownFollowerState(121)) - dd1d24cd-1df3-4428-bf67-9b7dc9bd3e4c: shutdown FollowerState
2019-10-21 04:30:42,961 [grpc-default-executor-4] INFO  impl.RoleInfo (RoleInfo.java:shutdownFollowerState(121)) - 641380fb-ae96-4755-94e0-fd776bdc090f: shutdown FollowerState
2019-10-21 04:30:42,961 [Thread-760] INFO  impl.FollowerState (FollowerState.java:run(117)) - dd1d24cd-1df3-4428-bf67-9b7dc9bd3e4c@group-D606C9B72829-FollowerState was interrupted: java.lang.InterruptedException: sleep interrupted
2019-10-21 04:30:42,962 [Thread-761] INFO  impl.FollowerState (FollowerState.java:run(117)) - 641380fb-ae96-4755-94e0-fd776bdc090f@group-D606C9B72829-FollowerState was interrupted: java.lang.InterruptedException: sleep interrupted
2019-10-21 04:30:42,961 [grpc-default-executor-2] INFO  impl.RoleInfo (RoleInfo.java:updateAndGet(143)) - dd1d24cd-1df3-4428-bf67-9b7dc9bd3e4c: start FollowerState
2019-10-21 04:30:42,962 [grpc-default-executor-4] INFO  impl.RoleInfo (RoleInfo.java:updateAndGet(143)) - 641380fb-ae96-4755-94e0-fd776bdc090f: start FollowerState
2019-10-21 04:30:42,977 [f02da163-2c1f-4de2-ab71-b915d7d0ae78@group-D606C9B72829-LeaderElection35] INFO  impl.LeaderElection (LeaderElection.java:logAndReturn(56)) - f02da163-2c1f-4de2-ab71-b915d7d0ae78@group-D606C9B72829-LeaderElection35: Election REJECTED; received 2 response(s) [f02da163-2c1f-4de2-ab71-b915d7d0ae78<-641380fb-ae96-4755-94e0-fd776bdc090f#0:FAIL-t33, f02da163-2c1f-4de2-ab71-b915d7d0ae78<-dd1d24cd-1df3-4428-bf67-9b7dc9bd3e4c#0:FAIL-t33] and 0 exception(s); f02da163-2c1f-4de2-ab71-b915d7d0ae78@group-D606C9B72829:t33, leader=null, voted=f02da163-2c1f-4de2-ab71-b915d7d0ae78, raftlog=f02da163-2c1f-4de2-ab71-b915d7d0ae78@group-D606C9B72829-SegmentedRaftLog:OPENED:c3,f4,i4, conf=0: [641380fb-ae96-4755-94e0-fd776bdc090f:192.168.34.41:39543, f02da163-2c1f-4de2-ab71-b915d7d0ae78:192.168.34.41:39439, dd1d24cd-1df3-4428-bf67-9b7dc9bd3e4c:192.168.34.41:45185], old=null
2019-10-21 04:30:42,977 [f02da163-2c1f-4de2-ab71-b915d7d0ae78@group-D606C9B72829-LeaderElection35] INFO  impl.RaftServerImpl (RaftServerImpl.java:setRole(184)) - f02da163-2c1f-4de2-ab71-b915d7d0ae78@group-D606C9B72829: changes role from CANDIDATE to FOLLOWER at term 33 for DISCOVERED_A_NEW_TERM
2019-10-21 04:30:42,977 [f02da163-2c1f-4de2-ab71-b915d7d0ae78@group-D606C9B72829-LeaderElection35] INFO  impl.RoleInfo (RoleInfo.java:shutdownLeaderElection(134)) - f02da163-2c1f-4de2-ab71-b915d7d0ae78: shutdown LeaderElection
2019-10-21 04:30:42,977 [f02da163-2c1f-4de2-ab71-b915d7d0ae78@group-D606C9B72829-LeaderElection35] INFO  impl.RoleInfo (RoleInfo.java:updateAndGet(143)) - f02da163-2c1f-4de2-ab71-b915d7d0ae78: start FollowerState
2019-10-21 04:30:43,167 [Thread-768] INFO  impl.FollowerState (FollowerState.java:run(108)) - f02da163-2c1f-4de2-ab71-b915d7d0ae78@group-D606C9B72829-FollowerState: change to CANDIDATE, lastRpcTime:189ms, electionTimeout:189ms
2019-10-21 04:30:43,167 [Thread-768] INFO  impl.RoleInfo (RoleInfo.java:shutdownFollowerState(121)) - f02da163-2c1f-4de2-ab71-b915d7d0ae78: shutdown FollowerState
2019-10-21 04:30:43,167 [Thread-768] INFO  impl.RaftServerImpl (RaftServerImpl.java:setRole(184)) - f02da163-2c1f-4de2-ab71-b915d7d0ae78@group-D606C9B72829: changes role from  FOLLOWER to CANDIDATE at term 33 for changeToCandidate
2019-10-21 04:30:43,167 [Thread-768] INFO  impl.RoleInfo (RoleInfo.java:updateAndGet(143)) - f02da163-2c1f-4de2-ab71-b915d7d0ae78: start LeaderElection
2019-10-21 04:30:43,181 [f02da163-2c1f-4de2-ab71-b915d7d0ae78@group-D606C9B72829-LeaderElection36] INFO  impl.LeaderElection (LeaderElection.java:askForVotes(178)) - f02da163-2c1f-4de2-ab71-b915d7d0ae78@group-D606C9B72829-LeaderElection36: begin an election at term 34 for 0: [641380fb-ae96-4755-94e0-fd776bdc090f:192.168.34.41:39543, f02da163-2c1f-4de2-ab71-b915d7d0ae78:192.168.34.41:39439, dd1d24cd-1df3-4428-bf67-9b7dc9bd3e4c:192.168.34.41:45185], old=null
2019-10-21 04:30:43,184 [grpc-default-executor-2] INFO  impl.RaftServerImpl (RaftServerImpl.java:setRole(184)) - dd1d24cd-1df3-4428-bf67-9b7dc9bd3e4c@group-D606C9B72829: changes role from  FOLLOWER to FOLLOWER at term 34 for recognizeCandidate:f02da163-2c1f-4de2-ab71-b915d7d0ae78
2019-10-21 04:30:43,184 [grpc-default-executor-4] INFO  impl.RaftServerImpl (RaftServerImpl.java:setRole(184)) - 641380fb-ae96-4755-94e0-fd776bdc090f@group-D606C9B72829: changes role from  FOLLOWER to FOLLOWER at term 34 for recognizeCandidate:f02da163-2c1f-4de2-ab71-b915d7d0ae78
2019-10-21 04:30:43,184 [grpc-default-executor-2] INFO  impl.RoleInfo (RoleInfo.java:shutdownFollowerState(121)) - dd1d24cd-1df3-4428-bf67-9b7dc9bd3e4c: shutdown FollowerState
2019-10-21 04:30:43,184 [grpc-default-executor-4] INFO  impl.RoleInfo (RoleInfo.java:shutdownFollowerState(121)) - 641380fb-ae96-4755-94e0-fd776bdc090f: shutdown FollowerState
2019-10-21 04:30:43,185 [grpc-default-executor-2] INFO  impl.RoleInfo (RoleInfo.java:updateAndGet(143)) - dd1d24cd-1df3-4428-bf67-9b7dc9bd3e4c: start FollowerState
2019-10-21 04:30:43,185 [Thread-766] INFO  impl.FollowerState (FollowerState.java:run(117)) - dd1d24cd-1df3-4428-bf67-9b7dc9bd3e4c@group-D606C9B72829-FollowerState was interrupted: java.lang.InterruptedException: sleep interrupted
2019-10-21 04:30:43,185 [grpc-default-executor-4] INFO  impl.RoleInfo (RoleInfo.java:updateAndGet(143)) - 641380fb-ae96-4755-94e0-fd776bdc090f: start FollowerState
2019-10-21 04:30:43,185 [Thread-767] INFO  impl.FollowerState (FollowerState.java:run(117)) - 641380fb-ae96-4755-94e0-fd776bdc090f@group-D606C9B72829-FollowerState was interrupted: java.lang.InterruptedException: sleep interrupted
2019-10-21 04:30:43,194 [f02da163-2c1f-4de2-ab71-b915d7d0ae78@group-D606C9B72829-LeaderElection36] INFO  impl.LeaderElection (LeaderElection.java:logAndReturn(56)) - f02da163-2c1f-4de2-ab71-b915d7d0ae78@group-D606C9B72829-LeaderElection36: Election REJECTED; received 2 response(s) [f02da163-2c1f-4de2-ab71-b915d7d0ae78<-641380fb-ae96-4755-94e0-fd776bdc090f#0:FAIL-t34, f02da163-2c1f-4de2-ab71-b915d7d0ae78<-dd1d24cd-1df3-4428-bf67-9b7dc9bd3e4c#0:FAIL-t34] and 0 exception(s); f02da163-2c1f-4de2-ab71-b915d7d0ae78@group-D606C9B72829:t34, leader=null, voted=f02da163-2c1f-4de2-ab71-b915d7d0ae78, raftlog=f02da163-2c1f-4de2-ab71-b915d7d0ae78@group-D606C9B72829-SegmentedRaftLog:OPENED:c3,f4,i4, conf=0: [641380fb-ae96-4755-94e0-fd776bdc090f:192.168.34.41:39543, f02da163-2c1f-4de2-ab71-b915d7d0ae78:192.168.34.41:39439, dd1d24cd-1df3-4428-bf67-9b7dc9bd3e4c:192.168.34.41:45185], old=null
2019-10-21 04:30:43,194 [f02da163-2c1f-4de2-ab71-b915d7d0ae78@group-D606C9B72829-LeaderElection36] INFO  impl.RaftServerImpl (RaftServerImpl.java:setRole(184)) - f02da163-2c1f-4de2-ab71-b915d7d0ae78@group-D606C9B72829: changes role from CANDIDATE to FOLLOWER at term 34 for DISCOVERED_A_NEW_TERM
2019-10-21 04:30:43,194 [f02da163-2c1f-4de2-ab71-b915d7d0ae78@group-D606C9B72829-LeaderElection36] INFO  impl.RoleInfo (RoleInfo.java:shutdownLeaderElection(134)) - f02da163-2c1f-4de2-ab71-b915d7d0ae78: shutdown LeaderElection
2019-10-21 04:30:43,195 [f02da163-2c1f-4de2-ab71-b915d7d0ae78@group-D606C9B72829-LeaderElection36] INFO  impl.RoleInfo (RoleInfo.java:updateAndGet(143)) - f02da163-2c1f-4de2-ab71-b915d7d0ae78: start FollowerState
2019-10-21 04:30:43,357 [EventQueue-PendingDeleteStatusForPendingDeleteHandler] INFO  block.SCMBlockDeletingService (SCMBlockDeletingService.java:handlePendingDeletes(115)) - Block deletion txnID mismatch in datanode f02da163-2c1f-4de2-ab71-b915d7d0ae78 for containerID 1. Datanode delete txnID: 0, SCM txnID: 1
2019-10-21 04:30:43,365 [Thread-774] INFO  impl.FollowerState (FollowerState.java:run(108)) - f02da163-2c1f-4de2-ab71-b915d7d0ae78@group-D606C9B72829-FollowerState: change to CANDIDATE, lastRpcTime:170ms, electionTimeout:170ms
2019-10-21 04:30:43,367 [Thread-774] INFO  impl.RoleInfo (RoleInfo.java:shutdownFollowerState(121)) - f02da163-2c1f-4de2-ab71-b915d7d0ae78: shutdown FollowerState
2019-10-21 04:30:43,367 [Thread-774] INFO  impl.RaftServerImpl (RaftServerImpl.java:setRole(184)) - f02da163-2c1f-4de2-ab71-b915d7d0ae78@group-D606C9B72829: changes role from  FOLLOWER to CANDIDATE at term 34 for changeToCandidate
2019-10-21 04:30:43,367 [Thread-774] INFO  impl.RoleInfo (RoleInfo.java:updateAndGet(143)) - f02da163-2c1f-4de2-ab71-b915d7d0ae78: start LeaderElection
2019-10-21 04:30:43,377 [BlockDeletingService#2] WARN  background.BlockDeletingService (BlockDeletingService.java:isDeletionAllowed(187)) - Close Container log Index 6 is not replicated across allthe servers in the pipeline d49b1818-47fb-49d2-b44c-d606c9b72829 as the min replicated index is 4. Deletion is not allowed in this container yet.
2019-10-21 04:30:43,377 [BlockDeletingService#7] WARN  background.BlockDeletingService (BlockDeletingService.java:isDeletionAllowed(187)) - Close Container log Index 6 is not replicated across allthe servers in the pipeline d49b1818-47fb-49d2-b44c-d606c9b72829 as the min replicated index is 4. Deletion is not allowed in this container yet.
2019-10-21 04:30:43,379 [grpc-default-executor-2] INFO  impl.RaftServerProxy (RaftServerProxy.java:addNew(89)) - f02da163-2c1f-4de2-ab71-b915d7d0ae78: addNew group-9D77DB7DD8BD:[f02da163-2c1f-4de2-ab71-b915d7d0ae78:192.168.34.41:39439] returns group-9D77DB7DD8BD:java.util.concurrent.CompletableFuture@4d229e41[Not completed]
2019-10-21 04:30:43,381 [pool-59-thread-1] INFO  impl.RaftServerImpl (RaftServerImpl.java:<init>(104)) - f02da163-2c1f-4de2-ab71-b915d7d0ae78: new RaftServerImpl for group-9D77DB7DD8BD:[f02da163-2c1f-4de2-ab71-b915d7d0ae78:192.168.34.41:39439] with ContainerStateMachine:uninitialized
2019-10-21 04:30:43,382 [pool-59-thread-1] INFO  server.RaftServerConfigKeys (ConfUtils.java:logGet(43)) - raft.server.rpc.timeout.min = 5s (custom)
2019-10-21 04:30:43,382 [pool-59-thread-1] INFO  server.RaftServerConfigKeys (ConfUtils.java:logGet(43)) - raft.server.rpc.timeout.max = 5200ms (custom)
2019-10-21 04:30:43,382 [pool-59-thread-1] INFO  server.RaftServerConfigKeys (ConfUtils.java:logGet(43)) - raft.server.rpcslowness.timeout = 1000s (custom)
2019-10-21 04:30:43,382 [pool-59-thread-1] INFO  server.RaftServerConfigKeys (ConfUtils.java:logGet(43)) - raft.server.sleep.deviation.threshold = 300 (default)
2019-10-21 04:30:43,382 [pool-59-thread-1] INFO  server.RaftServerConfigKeys (ConfUtils.java:logGet(43)) - raft.server.log.appender.install.snapshot.enabled = false (custom)
2019-10-21 04:30:43,382 [pool-59-thread-1] INFO  impl.RaftServerImpl (ServerState.java:<init>(103)) - f02da163-2c1f-4de2-ab71-b915d7d0ae78@group-9D77DB7DD8BD: ConfigurationManager, init=-1: [f02da163-2c1f-4de2-ab71-b915d7d0ae78:192.168.34.41:39439], old=null, confs=<EMPTY_MAP>
2019-10-21 04:30:43,383 [pool-59-thread-1] INFO  server.RaftServerConfigKeys (ConfUtils.java:logGet(43)) - raft.server.storage.dir = [/workdir/hadoop-ozone/integration-test/target/test-dir/MiniOzoneClusterImpl-50bd132f-794a-46b6-9d96-2578473f4a2b/datanode-2/data/ratis] (custom)
2019-10-21 04:30:43,383 [pool-59-thread-1] INFO  server.RaftServerConfigKeys (ConfUtils.java:logGet(43)) - raft.server.log.corruption.policy = EXCEPTION (default)
2019-10-21 04:30:43,383 [pool-59-thread-1] INFO  storage.RaftStorageDirectory (RaftStorageDirectory.java:analyzeStorage(246)) - The storage directory /workdir/hadoop-ozone/integration-test/target/test-dir/MiniOzoneClusterImpl-50bd132f-794a-46b6-9d96-2578473f4a2b/datanode-2/data/ratis/617eb29c-e718-4189-bf23-9d77db7dd8bd does not exist. Creating ...
2019-10-21 04:30:43,630 [Thread-781] INFO  client.GrpcClientProtocolService (GrpcClientProtocolService.java:lambda$processClientRequest$0(278)) - Failed RaftClientRequest:client-A60227926EB5->f02da163-2c1f-4de2-ab71-b915d7d0ae78@group-D606C9B72829, cid=10, seq=0, Watch-ALL_COMMITTED(6), Message:<EMPTY>, reply=RaftClientReply:client-A60227926EB5->f02da163-2c1f-4de2-ab71-b915d7d0ae78@group-D606C9B72829, cid=10, FAILED org.apache.ratis.protocol.NotLeaderException: Server f02da163-2c1f-4de2-ab71-b915d7d0ae78@group-D606C9B72829 is not the leader, logIndex=0, commits[f02da163-2c1f-4de2-ab71-b915d7d0ae78:c3]
2019-10-21 04:30:43,639 [pool-59-thread-1] INFO  storage.RaftStorageDirectory (RaftStorageDirectory.java:tryLock(328)) - Lock on /workdir/hadoop-ozone/integration-test/target/test-dir/MiniOzoneClusterImpl-50bd132f-794a-46b6-9d96-2578473f4a2b/datanode-2/data/ratis/617eb29c-e718-4189-bf23-9d77db7dd8bd/in_use.lock acquired by nodename 32149@trunk-nightly-20191021-4s9dg-2799068384
2019-10-21 04:30:43,639 [f02da163-2c1f-4de2-ab71-b915d7d0ae78@group-D606C9B72829-LeaderElection37] INFO  impl.LeaderElection (LeaderElection.java:askForVotes(178)) - f02da163-2c1f-4de2-ab71-b915d7d0ae78@group-D606C9B72829-LeaderElection37: begin an election at term 35 for 0: [641380fb-ae96-4755-94e0-fd776bdc090f:192.168.34.41:39543, f02da163-2c1f-4de2-ab71-b915d7d0ae78:192.168.34.41:39439, dd1d24cd-1df3-4428-bf67-9b7dc9bd3e4c:192.168.34.41:45185], old=null
2019-10-21 04:30:43,643 [grpc-default-executor-2] INFO  impl.RaftServerImpl (RaftServerImpl.java:setRole(184)) - 641380fb-ae96-4755-94e0-fd776bdc090f@group-D606C9B72829: changes role from  FOLLOWER to FOLLOWER at term 35 for recognizeCandidate:f02da163-2c1f-4de2-ab71-b915d7d0ae78
2019-10-21 04:30:43,643 [grpc-default-executor-2] INFO  impl.RoleInfo (RoleInfo.java:shutdownFollowerState(121)) - 641380fb-ae96-4755-94e0-fd776bdc090f: shutdown FollowerState
2019-10-21 04:30:43,643 [grpc-default-executor-4] INFO  impl.RaftServerImpl (RaftServerImpl.java:setRole(184)) - dd1d24cd-1df3-4428-bf67-9b7dc9bd3e4c@group-D606C9B72829: changes role from  FOLLOWER to FOLLOWER at term 35 for recognizeCandidate:f02da163-2c1f-4de2-ab71-b915d7d0ae78
2019-10-21 04:30:43,643 [grpc-default-executor-2] INFO  impl.RoleInfo (RoleInfo.java:updateAndGet(143)) - 641380fb-ae96-4755-94e0-fd776bdc090f: start FollowerState
2019-10-21 04:30:43,643 [Thread-773] INFO  impl.FollowerState (FollowerState.java:run(117)) - 641380fb-ae96-4755-94e0-fd776bdc090f@group-D606C9B72829-FollowerState was interrupted: java.lang.InterruptedException: sleep interrupted
2019-10-21 04:30:43,643 [grpc-default-executor-4] INFO  impl.RoleInfo (RoleInfo.java:shutdownFollowerState(121)) - dd1d24cd-1df3-4428-bf67-9b7dc9bd3e4c: shutdown FollowerState
2019-10-21 04:30:43,644 [Thread-772] INFO  impl.FollowerState (FollowerState.java:run(117)) - dd1d24cd-1df3-4428-bf67-9b7dc9bd3e4c@group-D606C9B72829-FollowerState was interrupted: java.lang.InterruptedException: sleep interrupted
2019-10-21 04:30:43,644 [grpc-default-executor-4] INFO  impl.RoleInfo (RoleInfo.java:updateAndGet(143)) - dd1d24cd-1df3-4428-bf67-9b7dc9bd3e4c: start FollowerState
2019-10-21 04:30:43,654 [pool-59-thread-1] INFO  storage.RaftStorage (RaftStorage.java:format(84)) - Storage directory /workdir/hadoop-ozone/integration-test/target/test-dir/MiniOzoneClusterImpl-50bd132f-794a-46b6-9d96-2578473f4a2b/datanode-2/data/ratis/617eb29c-e718-4189-bf23-9d77db7dd8bd has been successfully formatted.
2019-10-21 04:30:43,655 [pool-59-thread-1] INFO  ratis.ContainerStateMachine (ContainerStateMachine.java:loadSnapshot(231)) - group-9D77DB7DD8BD: The snapshot info is null. Setting the last applied indexto:(t:0, i:~)
2019-10-21 04:30:43,655 [pool-59-thread-1] INFO  server.RaftServerConfigKeys (ConfUtils.java:logGet(43)) - raft.server.notification.no-leader.timeout = 1000s (custom)
2019-10-21 04:30:43,655 [pool-59-thread-1] INFO  server.RaftServerConfigKeys (ConfUtils.java:logGet(43)) - raft.server.log.use.memory = false (default)
2019-10-21 04:30:43,655 [pool-59-thread-1] INFO  server.RaftServerConfigKeys (ConfUtils.java:logGet(43)) - raft.server.log.purge.gap = 1000000 (custom)
2019-10-21 04:30:43,655 [f02da163-2c1f-4de2-ab71-b915d7d0ae78@group-D606C9B72829-LeaderElection37] INFO  impl.LeaderElection (LeaderElection.java:logAndReturn(56)) - f02da163-2c1f-4de2-ab71-b915d7d0ae78@group-D606C9B72829-LeaderElection37: Election REJECTED; received 2 response(s) [f02da163-2c1f-4de2-ab71-b915d7d0ae78<-641380fb-ae96-4755-94e0-fd776bdc090f#0:FAIL-t35, f02da163-2c1f-4de2-ab71-b915d7d0ae78<-dd1d24cd-1df3-4428-bf67-9b7dc9bd3e4c#0:FAIL-t35] and 0 exception(s); f02da163-2c1f-4de2-ab71-b915d7d0ae78@group-D606C9B72829:t35, leader=null, voted=f02da163-2c1f-4de2-ab71-b915d7d0ae78, raftlog=f02da163-2c1f-4de2-ab71-b915d7d0ae78@group-D606C9B72829-SegmentedRaftLog:OPENED:c3,f4,i4, conf=0: [641380fb-ae96-4755-94e0-fd776bdc090f:192.168.34.41:39543, f02da163-2c1f-4de2-ab71-b915d7d0ae78:192.168.34.41:39439, dd1d24cd-1df3-4428-bf67-9b7dc9bd3e4c:192.168.34.41:45185], old=null
2019-10-21 04:30:43,655 [pool-59-thread-1] INFO  server.RaftServerConfigKeys (ConfUtils.java:logGet(43)) - raft.server.log.appender.buffer.byte-limit = 33554432 (custom)
2019-10-21 04:30:43,656 [f02da163-2c1f-4de2-ab71-b915d7d0ae78@group-D606C9B72829-LeaderElection37] INFO  impl.RaftServerImpl (RaftServerImpl.java:setRole(184)) - f02da163-2c1f-4de2-ab71-b915d7d0ae78@group-D606C9B72829: changes role from CANDIDATE to FOLLOWER at term 35 for DISCOVERED_A_NEW_TERM
2019-10-21 04:30:43,656 [pool-59-thread-1] INFO  server.RaftServerConfigKeys (ConfUtils.java:logGet(43)) - raft.server.log.segment.size.max = 1048576 (custom)
2019-10-21 04:30:43,656 [f02da163-2c1f-4de2-ab71-b915d7d0ae78@group-D606C9B72829-LeaderElection37] INFO  impl.RoleInfo (RoleInfo.java:shutdownLeaderElection(134)) - f02da163-2c1f-4de2-ab71-b915d7d0ae78: shutdown LeaderElection
2019-10-21 04:30:43,656 [pool-59-thread-1] INFO  server.RaftServerConfigKeys (ConfUtils.java:logGet(43)) - raft.server.log.segment.cache.num.max = 2 (custom)
2019-10-21 04:30:43,656 [f02da163-2c1f-4de2-ab71-b915d7d0ae78@group-D606C9B72829-LeaderElection37] INFO  impl.RoleInfo (RoleInfo.java:updateAndGet(143)) - f02da163-2c1f-4de2-ab71-b915d7d0ae78: start FollowerState
2019-10-21 04:30:43,656 [pool-59-thread-1] INFO  segmented.SegmentedRaftLogWorker (SegmentedRaftLogWorker.java:<init>(173)) - new f02da163-2c1f-4de2-ab71-b915d7d0ae78@group-9D77DB7DD8BD-SegmentedRaftLogWorker for RaftStorage:Storage Directory /workdir/hadoop-ozone/integration-test/target/test-dir/MiniOzoneClusterImpl-50bd132f-794a-46b6-9d96-2578473f4a2b/datanode-2/data/ratis/617eb29c-e718-4189-bf23-9d77db7dd8bd
2019-10-21 04:30:43,657 [pool-59-thread-1] INFO  server.RaftServerConfigKeys (ConfUtils.java:logGet(43)) - raft.server.log.queue.byte-limit = 2147483647 (custom)
2019-10-21 04:30:43,657 [EventQueue-PendingDeleteStatusForPendingDeleteHandler] INFO  block.SCMBlockDeletingService (SCMBlockDeletingService.java:handlePendingDeletes(115)) - Block deletion txnID mismatch in datanode f02da163-2c1f-4de2-ab71-b915d7d0ae78 for containerID 1. Datanode delete txnID: 0, SCM txnID: 1
2019-10-21 04:30:43,657 [pool-59-thread-1] INFO  server.RaftServerConfigKeys (ConfUtils.java:logGet(43)) - raft.server.log.queue.element-limit = 1024 (custom)
2019-10-21 04:30:43,657 [pool-59-thread-1] INFO  server.RaftServerConfigKeys (ConfUtils.java:logGet(43)) - raft.server.log.segment.size.max = 1048576 (custom)
2019-10-21 04:30:43,658 [pool-59-thread-1] INFO  server.RaftServerConfigKeys (ConfUtils.java:logGet(43)) - raft.server.log.preallocated.size = 16384 (custom)
2019-10-21 04:30:43,658 [pool-59-thread-1] INFO  server.RaftServerConfigKeys (ConfUtils.java:logGet(43)) - raft.server.log.write.buffer.size = 33554432 (custom)
2019-10-21 04:30:43,658 [pool-59-thread-1] INFO  server.RaftServerConfigKeys (ConfUtils.java:logGet(43)) - raft.server.log.force.sync.num = 128 (default)
2019-10-21 04:30:43,658 [pool-59-thread-1] INFO  server.RaftServerConfigKeys (ConfUtils.java:logGet(43)) - raft.server.log.statemachine.data.sync = true (default)
2019-10-21 04:30:43,658 [pool-59-thread-1] INFO  server.RaftServerConfigKeys (ConfUtils.java:logGet(43)) - raft.server.log.statemachine.data.sync.timeout = 10s (default)
2019-10-21 04:30:43,658 [pool-59-thread-1] INFO  server.RaftServerConfigKeys (ConfUtils.java:logGet(43)) - raft.server.log.statemachine.data.sync.timeout.retry = -1 (default)
2019-10-21 04:30:43,659 [pool-59-thread-1] INFO  server.RaftServerConfigKeys (ConfUtils.java:logGet(43)) - raft.server.log.statemachine.data.caching.enabled = true (custom)
2019-10-21 04:30:43,659 [pool-59-thread-1] INFO  segmented.SegmentedRaftLogWorker (SegmentedRaftLogWorker.java:lambda$new$0(128)) - f02da163-2c1f-4de2-ab71-b915d7d0ae78@group-9D77DB7DD8BD-SegmentedRaftLogWorker: flushIndex: setUnconditionally 0 -> -1
2019-10-21 04:30:43,659 [pool-59-thread-1] INFO  server.RaftServerConfigKeys (ConfUtils.java:logGet(43)) - raft.server.snapshot.auto.trigger.enabled = true (custom)
2019-10-21 04:30:43,660 [pool-59-thread-1] INFO  server.RaftServerConfigKeys (ConfUtils.java:logGet(43)) - raft.server.snapshot.auto.trigger.threshold = 10000 (custom)
2019-10-21 04:30:43,660 [pool-59-thread-1] INFO  server.RaftServerConfigKeys (ConfUtils.java:logGet(43)) - raft.server.snapshot.retention.file.num = 5 (custom)
2019-10-21 04:30:43,660 [pool-59-thread-1] INFO  server.RaftServerConfigKeys (ConfUtils.java:logGet(43)) - raft.server.retrycache.expirytime = 600000ms (custom)
2019-10-21 04:30:43,664 [pool-59-thread-1] INFO  impl.RaftServerImpl (RaftServerImpl.java:start(195)) - f02da163-2c1f-4de2-ab71-b915d7d0ae78@group-9D77DB7DD8BD: start as a follower, conf=-1: [f02da163-2c1f-4de2-ab71-b915d7d0ae78:192.168.34.41:39439], old=null
2019-10-21 04:30:43,664 [pool-59-thread-1] INFO  impl.RaftServerImpl (RaftServerImpl.java:setRole(184)) - f02da163-2c1f-4de2-ab71-b915d7d0ae78@group-9D77DB7DD8BD: changes role from      null to FOLLOWER at term 0 for startAsFollower
2019-10-21 04:30:43,664 [pool-59-thread-1] INFO  impl.RoleInfo (RoleInfo.java:updateAndGet(143)) - f02da163-2c1f-4de2-ab71-b915d7d0ae78: start FollowerState
2019-10-21 04:30:43,664 [pool-59-thread-1] INFO  util.JmxRegister (JmxRegister.java:tryRegister(44)) - Successfully registered JMX Bean with object name Ratis:service=RaftServer,group=group-9D77DB7DD8BD,id=f02da163-2c1f-4de2-ab71-b915d7d0ae78
2019-10-21 04:30:43,672 [RatisPipelineUtilsThread] INFO  pipeline.PipelineStateManager (PipelineStateManager.java:addPipeline(56)) - Created pipeline Pipeline[ Id: 617eb29c-e718-4189-bf23-9d77db7dd8bd, Nodes: f02da163-2c1f-4de2-ab71-b915d7d0ae78{ip: 192.168.34.41, host: trunk-nightly-20191021-4s9dg-2799068384, networkLocation: /default-rack, certSerialId: null}, Type:RATIS, Factor:ONE, State:OPEN]
2019-10-21 04:30:43,687 [grpc-default-executor-6] INFO  impl.RaftServerProxy (RaftServerProxy.java:addNew(89)) - dd1d24cd-1df3-4428-bf67-9b7dc9bd3e4c: addNew group-C6EDA00E9FE7:[641380fb-ae96-4755-94e0-fd776bdc090f:192.168.34.41:39543, f02da163-2c1f-4de2-ab71-b915d7d0ae78:192.168.34.41:39439, dd1d24cd-1df3-4428-bf67-9b7dc9bd3e4c:192.168.34.41:45185] returns group-C6EDA00E9FE7:java.util.concurrent.CompletableFuture@1e25d288[Not completed]
2019-10-21 04:30:43,687 [grpc-default-executor-4] INFO  impl.RaftServerProxy (RaftServerProxy.java:addNew(89)) - 641380fb-ae96-4755-94e0-fd776bdc090f: addNew group-C6EDA00E9FE7:[641380fb-ae96-4755-94e0-fd776bdc090f:192.168.34.41:39543, f02da163-2c1f-4de2-ab71-b915d7d0ae78:192.168.34.41:39439, dd1d24cd-1df3-4428-bf67-9b7dc9bd3e4c:192.168.34.41:45185] returns group-C6EDA00E9FE7:java.util.concurrent.CompletableFuture@5917df74[Not completed]
2019-10-21 04:30:43,687 [grpc-default-executor-2] INFO  impl.RaftServerProxy (RaftServerProxy.java:addNew(89)) - f02da163-2c1f-4de2-ab71-b915d7d0ae78: addNew group-C6EDA00E9FE7:[641380fb-ae96-4755-94e0-fd776bdc090f:192.168.34.41:39543, f02da163-2c1f-4de2-ab71-b915d7d0ae78:192.168.34.41:39439, dd1d24cd-1df3-4428-bf67-9b7dc9bd3e4c:192.168.34.41:45185] returns group-C6EDA00E9FE7:java.util.concurrent.CompletableFuture@7cc85165[Not completed]
2019-10-21 04:30:43,689 [pool-27-thread-1] INFO  impl.RaftServerImpl (RaftServerImpl.java:<init>(104)) - 641380fb-ae96-4755-94e0-fd776bdc090f: new RaftServerImpl for group-C6EDA00E9FE7:[641380fb-ae96-4755-94e0-fd776bdc090f:192.168.34.41:39543, f02da163-2c1f-4de2-ab71-b915d7d0ae78:192.168.34.41:39439, dd1d24cd-1df3-4428-bf67-9b7dc9bd3e4c:192.168.34.41:45185] with ContainerStateMachine:uninitialized
2019-10-21 04:30:43,689 [pool-27-thread-1] INFO  server.RaftServerConfigKeys (ConfUtils.java:logGet(43)) - raft.server.rpc.timeout.min = 5s (custom)
2019-10-21 04:30:43,690 [pool-27-thread-1] INFO  server.RaftServerConfigKeys (ConfUtils.java:logGet(43)) - raft.server.rpc.timeout.max = 5200ms (custom)
2019-10-21 04:30:43,690 [pool-27-thread-1] INFO  server.RaftServerConfigKeys (ConfUtils.java:logGet(43)) - raft.server.rpcslowness.timeout = 1000s (custom)
2019-10-21 04:30:43,690 [pool-27-thread-1] INFO  server.RaftServerConfigKeys (ConfUtils.java:logGet(43)) - raft.server.sleep.deviation.threshold = 300 (default)
2019-10-21 04:30:43,690 [pool-27-thread-1] INFO  server.RaftServerConfigKeys (ConfUtils.java:logGet(43)) - raft.server.log.appender.install.snapshot.enabled = false (custom)
2019-10-21 04:30:43,690 [pool-27-thread-1] INFO  impl.RaftServerImpl (ServerState.java:<init>(103)) - 641380fb-ae96-4755-94e0-fd776bdc090f@group-C6EDA00E9FE7: ConfigurationManager, init=-1: [641380fb-ae96-4755-94e0-fd776bdc090f:192.168.34.41:39543, f02da163-2c1f-4de2-ab71-b915d7d0ae78:192.168.34.41:39439, dd1d24cd-1df3-4428-bf67-9b7dc9bd3e4c:192.168.34.41:45185], old=null, confs=<EMPTY_MAP>
2019-10-21 04:30:43,690 [pool-27-thread-1] INFO  server.RaftServerConfigKeys (ConfUtils.java:logGet(43)) - raft.server.storage.dir = [/workdir/hadoop-ozone/integration-test/target/test-dir/MiniOzoneClusterImpl-50bd132f-794a-46b6-9d96-2578473f4a2b/datanode-0/data/ratis] (custom)
2019-10-21 04:30:43,691 [pool-27-thread-1] INFO  server.RaftServerConfigKeys (ConfUtils.java:logGet(43)) - raft.server.log.corruption.policy = EXCEPTION (default)
2019-10-21 04:30:43,691 [pool-27-thread-1] INFO  storage.RaftStorageDirectory (RaftStorageDirectory.java:analyzeStorage(246)) - The storage directory /workdir/hadoop-ozone/integration-test/target/test-dir/MiniOzoneClusterImpl-50bd132f-794a-46b6-9d96-2578473f4a2b/datanode-0/data/ratis/89fac491-5f8a-4e42-9652-c6eda00e9fe7 does not exist. Creating ...
2019-10-21 04:30:43,691 [pool-37-thread-1] INFO  impl.RaftServerImpl (RaftServerImpl.java:<init>(104)) - dd1d24cd-1df3-4428-bf67-9b7dc9bd3e4c: new RaftServerImpl for group-C6EDA00E9FE7:[641380fb-ae96-4755-94e0-fd776bdc090f:192.168.34.41:39543, f02da163-2c1f-4de2-ab71-b915d7d0ae78:192.168.34.41:39439, dd1d24cd-1df3-4428-bf67-9b7dc9bd3e4c:192.168.34.41:45185] with ContainerStateMachine:uninitialized
2019-10-21 04:30:43,691 [pool-37-thread-1] INFO  server.RaftServerConfigKeys (ConfUtils.java:logGet(43)) - raft.server.rpc.timeout.min = 5s (custom)
2019-10-21 04:30:43,692 [pool-37-thread-1] INFO  server.RaftServerConfigKeys (ConfUtils.java:logGet(43)) - raft.server.rpc.timeout.max = 5200ms (custom)
2019-10-21 04:30:43,692 [pool-37-thread-1] INFO  server.RaftServerConfigKeys (ConfUtils.java:logGet(43)) - raft.server.rpcslowness.timeout = 1000s (custom)
2019-10-21 04:30:43,692 [pool-37-thread-1] INFO  server.RaftServerConfigKeys (ConfUtils.java:logGet(43)) - raft.server.sleep.deviation.threshold = 300 (default)
2019-10-21 04:30:43,692 [pool-37-thread-1] INFO  server.RaftServerConfigKeys (ConfUtils.java:logGet(43)) - raft.server.log.appender.install.snapshot.enabled = false (custom)
2019-10-21 04:30:43,692 [pool-59-thread-1] INFO  impl.RaftServerImpl (RaftServerImpl.java:<init>(104)) - f02da163-2c1f-4de2-ab71-b915d7d0ae78: new RaftServerImpl for group-C6EDA00E9FE7:[641380fb-ae96-4755-94e0-fd776bdc090f:192.168.34.41:39543, f02da163-2c1f-4de2-ab71-b915d7d0ae78:192.168.34.41:39439, dd1d24cd-1df3-4428-bf67-9b7dc9bd3e4c:192.168.34.41:45185] with ContainerStateMachine:uninitialized
2019-10-21 04:30:43,692 [pool-37-thread-1] INFO  impl.RaftServerImpl (ServerState.java:<init>(103)) - dd1d24cd-1df3-4428-bf67-9b7dc9bd3e4c@group-C6EDA00E9FE7: ConfigurationManager, init=-1: [641380fb-ae96-4755-94e0-fd776bdc090f:192.168.34.41:39543, f02da163-2c1f-4de2-ab71-b915d7d0ae78:192.168.34.41:39439, dd1d24cd-1df3-4428-bf67-9b7dc9bd3e4c:192.168.34.41:45185], old=null, confs=<EMPTY_MAP>
2019-10-21 04:30:43,692 [pool-59-thread-1] INFO  server.RaftServerConfigKeys (ConfUtils.java:logGet(43)) - raft.server.rpc.timeout.min = 5s (custom)
2019-10-21 04:30:43,693 [pool-37-thread-1] INFO  server.RaftServerConfigKeys (ConfUtils.java:logGet(43)) - raft.server.storage.dir = [/workdir/hadoop-ozone/integration-test/target/test-dir/MiniOzoneClusterImpl-50bd132f-794a-46b6-9d96-2578473f4a2b/datanode-1/data/ratis] (custom)
2019-10-21 04:30:43,693 [pool-59-thread-1] INFO  server.RaftServerConfigKeys (ConfUtils.java:logGet(43)) - raft.server.rpc.timeout.max = 5200ms (custom)
2019-10-21 04:30:43,693 [pool-59-thread-1] INFO  server.RaftServerConfigKeys (ConfUtils.java:logGet(43)) - raft.server.rpcslowness.timeout = 1000s (custom)
2019-10-21 04:30:43,693 [pool-37-thread-1] INFO  server.RaftServerConfigKeys (ConfUtils.java:logGet(43)) - raft.server.log.corruption.policy = EXCEPTION (default)
2019-10-21 04:30:43,693 [pool-59-thread-1] INFO  server.RaftServerConfigKeys (ConfUtils.java:logGet(43)) - raft.server.sleep.deviation.threshold = 300 (default)
2019-10-21 04:30:43,693 [pool-59-thread-1] INFO  server.RaftServerConfigKeys (ConfUtils.java:logGet(43)) - raft.server.log.appender.install.snapshot.enabled = false (custom)
2019-10-21 04:30:43,693 [pool-37-thread-1] INFO  storage.RaftStorageDirectory (RaftStorageDirectory.java:analyzeStorage(246)) - The storage directory /workdir/hadoop-ozone/integration-test/target/test-dir/MiniOzoneClusterImpl-50bd132f-794a-46b6-9d96-2578473f4a2b/datanode-1/data/ratis/89fac491-5f8a-4e42-9652-c6eda00e9fe7 does not exist. Creating ...
2019-10-21 04:30:43,693 [pool-59-thread-1] INFO  impl.RaftServerImpl (ServerState.java:<init>(103)) - f02da163-2c1f-4de2-ab71-b915d7d0ae78@group-C6EDA00E9FE7: ConfigurationManager, init=-1: [641380fb-ae96-4755-94e0-fd776bdc090f:192.168.34.41:39543, f02da163-2c1f-4de2-ab71-b915d7d0ae78:192.168.34.41:39439, dd1d24cd-1df3-4428-bf67-9b7dc9bd3e4c:192.168.34.41:45185], old=null, confs=<EMPTY_MAP>
2019-10-21 04:30:43,694 [pool-59-thread-1] INFO  server.RaftServerConfigKeys (ConfUtils.java:logGet(43)) - raft.server.storage.dir = [/workdir/hadoop-ozone/integration-test/target/test-dir/MiniOzoneClusterImpl-50bd132f-794a-46b6-9d96-2578473f4a2b/datanode-2/data/ratis] (custom)
2019-10-21 04:30:43,694 [pool-59-thread-1] INFO  server.RaftServerConfigKeys (ConfUtils.java:logGet(43)) - raft.server.log.corruption.policy = EXCEPTION (default)
2019-10-21 04:30:43,694 [pool-59-thread-1] INFO  storage.RaftStorageDirectory (RaftStorageDirectory.java:analyzeStorage(246)) - The storage directory /workdir/hadoop-ozone/integration-test/target/test-dir/MiniOzoneClusterImpl-50bd132f-794a-46b6-9d96-2578473f4a2b/datanode-2/data/ratis/89fac491-5f8a-4e42-9652-c6eda00e9fe7 does not exist. Creating ...
2019-10-21 04:30:43,704 [pool-27-thread-1] INFO  storage.RaftStorageDirectory (RaftStorageDirectory.java:tryLock(328)) - Lock on /workdir/hadoop-ozone/integration-test/target/test-dir/MiniOzoneClusterImpl-50bd132f-794a-46b6-9d96-2578473f4a2b/datanode-0/data/ratis/89fac491-5f8a-4e42-9652-c6eda00e9fe7/in_use.lock acquired by nodename 32149@trunk-nightly-20191021-4s9dg-2799068384
2019-10-21 04:30:43,704 [pool-59-thread-1] INFO  storage.RaftStorageDirectory (RaftStorageDirectory.java:tryLock(328)) - Lock on /workdir/hadoop-ozone/integration-test/target/test-dir/MiniOzoneClusterImpl-50bd132f-794a-46b6-9d96-2578473f4a2b/datanode-2/data/ratis/89fac491-5f8a-4e42-9652-c6eda00e9fe7/in_use.lock acquired by nodename 32149@trunk-nightly-20191021-4s9dg-2799068384
2019-10-21 04:30:43,704 [pool-37-thread-1] INFO  storage.RaftStorageDirectory (RaftStorageDirectory.java:tryLock(328)) - Lock on /workdir/hadoop-ozone/integration-test/target/test-dir/MiniOzoneClusterImpl-50bd132f-794a-46b6-9d96-2578473f4a2b/datanode-1/data/ratis/89fac491-5f8a-4e42-9652-c6eda00e9fe7/in_use.lock acquired by nodename 32149@trunk-nightly-20191021-4s9dg-2799068384
2019-10-21 04:30:43,718 [pool-59-thread-1] INFO  storage.RaftStorage (RaftStorage.java:format(84)) - Storage directory /workdir/hadoop-ozone/integration-test/target/test-dir/MiniOzoneClusterImpl-50bd132f-794a-46b6-9d96-2578473f4a2b/datanode-2/data/ratis/89fac491-5f8a-4e42-9652-c6eda00e9fe7 has been successfully formatted.
2019-10-21 04:30:43,718 [pool-27-thread-1] INFO  storage.RaftStorage (RaftStorage.java:format(84)) - Storage directory /workdir/hadoop-ozone/integration-test/target/test-dir/MiniOzoneClusterImpl-50bd132f-794a-46b6-9d96-2578473f4a2b/datanode-0/data/ratis/89fac491-5f8a-4e42-9652-c6eda00e9fe7 has been successfully formatted.
2019-10-21 04:30:43,718 [pool-59-thread-1] INFO  ratis.ContainerStateMachine (ContainerStateMachine.java:loadSnapshot(231)) - group-C6EDA00E9FE7: The snapshot info is null. Setting the last applied indexto:(t:0, i:~)
2019-10-21 04:30:43,718 [pool-37-thread-1] INFO  storage.RaftStorage (RaftStorage.java:format(84)) - Storage directory /workdir/hadoop-ozone/integration-test/target/test-dir/MiniOzoneClusterImpl-50bd132f-794a-46b6-9d96-2578473f4a2b/datanode-1/data/ratis/89fac491-5f8a-4e42-9652-c6eda00e9fe7 has been successfully formatted.
2019-10-21 04:30:43,718 [pool-27-thread-1] INFO  ratis.ContainerStateMachine (ContainerStateMachine.java:loadSnapshot(231)) - group-C6EDA00E9FE7: The snapshot info is null. Setting the last applied indexto:(t:0, i:~)
2019-10-21 04:30:43,718 [pool-59-thread-1] INFO  server.RaftServerConfigKeys (ConfUtils.java:logGet(43)) - raft.server.notification.no-leader.timeout = 1000s (custom)
2019-10-21 04:30:43,718 [pool-27-thread-1] INFO  server.RaftServerConfigKeys (ConfUtils.java:logGet(43)) - raft.server.notification.no-leader.timeout = 1000s (custom)
2019-10-21 04:30:43,718 [pool-37-thread-1] INFO  ratis.ContainerStateMachine (ContainerStateMachine.java:loadSnapshot(231)) - group-C6EDA00E9FE7: The snapshot info is null. Setting the last applied indexto:(t:0, i:~)
2019-10-21 04:30:43,719 [pool-27-thread-1] INFO  server.RaftServerConfigKeys (ConfUtils.java:logGet(43)) - raft.server.log.use.memory = false (default)
2019-10-21 04:30:43,719 [pool-59-thread-1] INFO  server.RaftServerConfigKeys (ConfUtils.java:logGet(43)) - raft.server.log.use.memory = false (default)
2019-10-21 04:30:43,719 [pool-27-thread-1] INFO  server.RaftServerConfigKeys (ConfUtils.java:logGet(43)) - raft.server.log.purge.gap = 1000000 (custom)
2019-10-21 04:30:43,719 [pool-37-thread-1] INFO  server.RaftServerConfigKeys (ConfUtils.java:logGet(43)) - raft.server.notification.no-leader.timeout = 1000s (custom)
2019-10-21 04:30:43,719 [pool-27-thread-1] INFO  server.RaftServerConfigKeys (ConfUtils.java:logGet(43)) - raft.server.log.appender.buffer.byte-limit = 33554432 (custom)
2019-10-21 04:30:43,719 [pool-59-thread-1] INFO  server.RaftServerConfigKeys (ConfUtils.java:logGet(43)) - raft.server.log.purge.gap = 1000000 (custom)
2019-10-21 04:30:43,720 [pool-27-thread-1] INFO  server.RaftServerConfigKeys (ConfUtils.java:logGet(43)) - raft.server.log.segment.size.max = 1048576 (custom)
2019-10-21 04:30:43,719 [pool-37-thread-1] INFO  server.RaftServerConfigKeys (ConfUtils.java:logGet(43)) - raft.server.log.use.memory = false (default)
2019-10-21 04:30:43,720 [pool-27-thread-1] INFO  server.RaftServerConfigKeys (ConfUtils.java:logGet(43)) - raft.server.log.segment.cache.num.max = 2 (custom)
2019-10-21 04:30:43,720 [pool-59-thread-1] INFO  server.RaftServerConfigKeys (ConfUtils.java:logGet(43)) - raft.server.log.appender.buffer.byte-limit = 33554432 (custom)
2019-10-21 04:30:43,720 [pool-27-thread-1] INFO  segmented.SegmentedRaftLogWorker (SegmentedRaftLogWorker.java:<init>(173)) - new 641380fb-ae96-4755-94e0-fd776bdc090f@group-C6EDA00E9FE7-SegmentedRaftLogWorker for RaftStorage:Storage Directory /workdir/hadoop-ozone/integration-test/target/test-dir/MiniOzoneClusterImpl-50bd132f-794a-46b6-9d96-2578473f4a2b/datanode-0/data/ratis/89fac491-5f8a-4e42-9652-c6eda00e9fe7
2019-10-21 04:30:43,720 [pool-37-thread-1] INFO  server.RaftServerConfigKeys (ConfUtils.java:logGet(43)) - raft.server.log.purge.gap = 1000000 (custom)
2019-10-21 04:30:43,720 [pool-27-thread-1] INFO  server.RaftServerConfigKeys (ConfUtils.java:logGet(43)) - raft.server.log.queue.byte-limit = 2147483647 (custom)
2019-10-21 04:30:43,720 [pool-59-thread-1] INFO  server.RaftServerConfigKeys (ConfUtils.java:logGet(43)) - raft.server.log.segment.size.max = 1048576 (custom)
2019-10-21 04:30:43,721 [pool-27-thread-1] INFO  server.RaftServerConfigKeys (ConfUtils.java:logGet(43)) - raft.server.log.queue.element-limit = 1024 (custom)
2019-10-21 04:30:43,721 [pool-37-thread-1] INFO  server.RaftServerConfigKeys (ConfUtils.java:logGet(43)) - raft.server.log.appender.buffer.byte-limit = 33554432 (custom)
2019-10-21 04:30:43,721 [pool-27-thread-1] INFO  server.RaftServerConfigKeys (ConfUtils.java:logGet(43)) - raft.server.log.segment.size.max = 1048576 (custom)
2019-10-21 04:30:43,721 [pool-59-thread-1] INFO  server.RaftServerConfigKeys (ConfUtils.java:logGet(43)) - raft.server.log.segment.cache.num.max = 2 (custom)
2019-10-21 04:30:43,721 [pool-27-thread-1] INFO  server.RaftServerConfigKeys (ConfUtils.java:logGet(43)) - raft.server.log.preallocated.size = 16384 (custom)
2019-10-21 04:30:43,721 [pool-37-thread-1] INFO  server.RaftServerConfigKeys (ConfUtils.java:logGet(43)) - raft.server.log.segment.size.max = 1048576 (custom)
2019-10-21 04:30:43,721 [pool-27-thread-1] INFO  server.RaftServerConfigKeys (ConfUtils.java:logGet(43)) - raft.server.log.write.buffer.size = 33554432 (custom)
2019-10-21 04:30:43,722 [pool-37-thread-1] INFO  server.RaftServerConfigKeys (ConfUtils.java:logGet(43)) - raft.server.log.segment.cache.num.max = 2 (custom)
2019-10-21 04:30:43,721 [pool-59-thread-1] INFO  segmented.SegmentedRaftLogWorker (SegmentedRaftLogWorker.java:<init>(173)) - new f02da163-2c1f-4de2-ab71-b915d7d0ae78@group-C6EDA00E9FE7-SegmentedRaftLogWorker for RaftStorage:Storage Directory /workdir/hadoop-ozone/integration-test/target/test-dir/MiniOzoneClusterImpl-50bd132f-794a-46b6-9d96-2578473f4a2b/datanode-2/data/ratis/89fac491-5f8a-4e42-9652-c6eda00e9fe7
2019-10-21 04:30:43,722 [pool-37-thread-1] INFO  segmented.SegmentedRaftLogWorker (SegmentedRaftLogWorker.java:<init>(173)) - new dd1d24cd-1df3-4428-bf67-9b7dc9bd3e4c@group-C6EDA00E9FE7-SegmentedRaftLogWorker for RaftStorage:Storage Directory /workdir/hadoop-ozone/integration-test/target/test-dir/MiniOzoneClusterImpl-50bd132f-794a-46b6-9d96-2578473f4a2b/datanode-1/data/ratis/89fac491-5f8a-4e42-9652-c6eda00e9fe7
2019-10-21 04:30:43,722 [pool-27-thread-1] INFO  server.RaftServerConfigKeys (ConfUtils.java:logGet(43)) - raft.server.log.force.sync.num = 128 (default)
2019-10-21 04:30:43,722 [pool-37-thread-1] INFO  server.RaftServerConfigKeys (ConfUtils.java:logGet(43)) - raft.server.log.queue.byte-limit = 2147483647 (custom)
2019-10-21 04:30:43,723 [pool-37-thread-1] INFO  server.RaftServerConfigKeys (ConfUtils.java:logGet(43)) - raft.server.log.queue.element-limit = 1024 (custom)
2019-10-21 04:30:43,723 [pool-37-thread-1] INFO  server.RaftServerConfigKeys (ConfUtils.java:logGet(43)) - raft.server.log.segment.size.max = 1048576 (custom)
2019-10-21 04:30:43,723 [pool-37-thread-1] INFO  server.RaftServerConfigKeys (ConfUtils.java:logGet(43)) - raft.server.log.preallocated.size = 16384 (custom)
2019-10-21 04:30:43,722 [pool-59-thread-1] INFO  server.RaftServerConfigKeys (ConfUtils.java:logGet(43)) - raft.server.log.queue.byte-limit = 2147483647 (custom)
2019-10-21 04:30:43,723 [pool-37-thread-1] INFO  server.RaftServerConfigKeys (ConfUtils.java:logGet(43)) - raft.server.log.write.buffer.size = 33554432 (custom)
2019-10-21 04:30:43,722 [pool-27-thread-1] INFO  server.RaftServerConfigKeys (ConfUtils.java:logGet(43)) - raft.server.log.statemachine.data.sync = true (default)
2019-10-21 04:30:43,724 [pool-37-thread-1] INFO  server.RaftServerConfigKeys (ConfUtils.java:logGet(43)) - raft.server.log.force.sync.num = 128 (default)
2019-10-21 04:30:43,724 [pool-59-thread-1] INFO  server.RaftServerConfigKeys (ConfUtils.java:logGet(43)) - raft.server.log.queue.element-limit = 1024 (custom)
2019-10-21 04:30:43,724 [pool-37-thread-1] INFO  server.RaftServerConfigKeys (ConfUtils.java:logGet(43)) - raft.server.log.statemachine.data.sync = true (default)
2019-10-21 04:30:43,724 [pool-27-thread-1] INFO  server.RaftServerConfigKeys (ConfUtils.java:logGet(43)) - raft.server.log.statemachine.data.sync.timeout = 10s (default)
2019-10-21 04:30:43,724 [pool-37-thread-1] INFO  server.RaftServerConfigKeys (ConfUtils.java:logGet(43)) - raft.server.log.statemachine.data.sync.timeout = 10s (default)
2019-10-21 04:30:43,724 [pool-59-thread-1] INFO  server.RaftServerConfigKeys (ConfUtils.java:logGet(43)) - raft.server.log.segment.size.max = 1048576 (custom)
2019-10-21 04:30:43,725 [pool-37-thread-1] INFO  server.RaftServerConfigKeys (ConfUtils.java:logGet(43)) - raft.server.log.statemachine.data.sync.timeout.retry = -1 (default)
2019-10-21 04:30:43,725 [pool-27-thread-1] INFO  server.RaftServerConfigKeys (ConfUtils.java:logGet(43)) - raft.server.log.statemachine.data.sync.timeout.retry = -1 (default)
2019-10-21 04:30:43,725 [pool-37-thread-1] INFO  server.RaftServerConfigKeys (ConfUtils.java:logGet(43)) - raft.server.log.statemachine.data.caching.enabled = true (custom)
2019-10-21 04:30:43,725 [pool-59-thread-1] INFO  server.RaftServerConfigKeys (ConfUtils.java:logGet(43)) - raft.server.log.preallocated.size = 16384 (custom)
2019-10-21 04:30:43,725 [pool-27-thread-1] INFO  server.RaftServerConfigKeys (ConfUtils.java:logGet(43)) - raft.server.log.statemachine.data.caching.enabled = true (custom)
2019-10-21 04:30:43,726 [pool-37-thread-1] INFO  segmented.SegmentedRaftLogWorker (SegmentedRaftLogWorker.java:lambda$new$0(128)) - dd1d24cd-1df3-4428-bf67-9b7dc9bd3e4c@group-C6EDA00E9FE7-SegmentedRaftLogWorker: flushIndex: setUnconditionally 0 -> -1
2019-10-21 04:30:43,726 [pool-59-thread-1] INFO  server.RaftServerConfigKeys (ConfUtils.java:logGet(43)) - raft.server.log.write.buffer.size = 33554432 (custom)
2019-10-21 04:30:43,726 [pool-27-thread-1] INFO  segmented.SegmentedRaftLogWorker (SegmentedRaftLogWorker.java:lambda$new$0(128)) - 641380fb-ae96-4755-94e0-fd776bdc090f@group-C6EDA00E9FE7-SegmentedRaftLogWorker: flushIndex: setUnconditionally 0 -> -1
2019-10-21 04:30:43,726 [pool-37-thread-1] INFO  server.RaftServerConfigKeys (ConfUtils.java:logGet(43)) - raft.server.snapshot.auto.trigger.enabled = true (custom)
2019-10-21 04:30:43,726 [pool-59-thread-1] INFO  server.RaftServerConfigKeys (ConfUtils.java:logGet(43)) - raft.server.log.force.sync.num = 128 (default)
2019-10-21 04:30:43,726 [pool-27-thread-1] INFO  server.RaftServerConfigKeys (ConfUtils.java:logGet(43)) - raft.server.snapshot.auto.trigger.enabled = true (custom)
2019-10-21 04:30:43,726 [pool-37-thread-1] INFO  server.RaftServerConfigKeys (ConfUtils.java:logGet(43)) - raft.server.snapshot.auto.trigger.threshold = 10000 (custom)
2019-10-21 04:30:43,727 [pool-27-thread-1] INFO  server.RaftServerConfigKeys (ConfUtils.java:logGet(43)) - raft.server.snapshot.auto.trigger.threshold = 10000 (custom)
2019-10-21 04:30:43,726 [pool-59-thread-1] INFO  server.RaftServerConfigKeys (ConfUtils.java:logGet(43)) - raft.server.log.statemachine.data.sync = true (default)
2019-10-21 04:30:43,727 [pool-27-thread-1] INFO  server.RaftServerConfigKeys (ConfUtils.java:logGet(43)) - raft.server.snapshot.retention.file.num = 5 (custom)
2019-10-21 04:30:43,727 [pool-37-thread-1] INFO  server.RaftServerConfigKeys (ConfUtils.java:logGet(43)) - raft.server.snapshot.retention.file.num = 5 (custom)
2019-10-21 04:30:43,727 [pool-59-thread-1] INFO  server.RaftServerConfigKeys (ConfUtils.java:logGet(43)) - raft.server.log.statemachine.data.sync.timeout = 10s (default)
2019-10-21 04:30:43,727 [pool-37-thread-1] INFO  server.RaftServerConfigKeys (ConfUtils.java:logGet(43)) - raft.server.retrycache.expirytime = 600000ms (custom)
2019-10-21 04:30:43,727 [pool-27-thread-1] INFO  server.RaftServerConfigKeys (ConfUtils.java:logGet(43)) - raft.server.retrycache.expirytime = 600000ms (custom)
2019-10-21 04:30:43,727 [pool-59-thread-1] INFO  server.RaftServerConfigKeys (ConfUtils.java:logGet(43)) - raft.server.log.statemachine.data.sync.timeout.retry = -1 (default)
2019-10-21 04:30:43,728 [pool-59-thread-1] INFO  server.RaftServerConfigKeys (ConfUtils.java:logGet(43)) - raft.server.log.statemachine.data.caching.enabled = true (custom)
2019-10-21 04:30:43,728 [pool-59-thread-1] INFO  segmented.SegmentedRaftLogWorker (SegmentedRaftLogWorker.java:lambda$new$0(128)) - f02da163-2c1f-4de2-ab71-b915d7d0ae78@group-C6EDA00E9FE7-SegmentedRaftLogWorker: flushIndex: setUnconditionally 0 -> -1
2019-10-21 04:30:43,729 [pool-59-thread-1] INFO  server.RaftServerConfigKeys (ConfUtils.java:logGet(43)) - raft.server.snapshot.auto.trigger.enabled = true (custom)
2019-10-21 04:30:43,729 [pool-59-thread-1] INFO  server.RaftServerConfigKeys (ConfUtils.java:logGet(43)) - raft.server.snapshot.auto.trigger.threshold = 10000 (custom)
2019-10-21 04:30:43,729 [pool-59-thread-1] INFO  server.RaftServerConfigKeys (ConfUtils.java:logGet(43)) - raft.server.snapshot.retention.file.num = 5 (custom)
2019-10-21 04:30:43,729 [pool-59-thread-1] INFO  server.RaftServerConfigKeys (ConfUtils.java:logGet(43)) - raft.server.retrycache.expirytime = 600000ms (custom)
2019-10-21 04:30:43,732 [pool-37-thread-1] INFO  impl.RaftServerImpl (RaftServerImpl.java:start(195)) - dd1d24cd-1df3-4428-bf67-9b7dc9bd3e4c@group-C6EDA00E9FE7: start as a follower, conf=-1: [641380fb-ae96-4755-94e0-fd776bdc090f:192.168.34.41:39543, f02da163-2c1f-4de2-ab71-b915d7d0ae78:192.168.34.41:39439, dd1d24cd-1df3-4428-bf67-9b7dc9bd3e4c:192.168.34.41:45185], old=null
2019-10-21 04:30:43,732 [pool-37-thread-1] INFO  impl.RaftServerImpl (RaftServerImpl.java:setRole(184)) - dd1d24cd-1df3-4428-bf67-9b7dc9bd3e4c@group-C6EDA00E9FE7: changes role from      null to FOLLOWER at term 0 for startAsFollower
2019-10-21 04:30:43,732 [pool-37-thread-1] INFO  impl.RoleInfo (RoleInfo.java:updateAndGet(143)) - dd1d24cd-1df3-4428-bf67-9b7dc9bd3e4c: start FollowerState
2019-10-21 04:30:43,733 [pool-37-thread-1] INFO  util.JmxRegister (JmxRegister.java:tryRegister(44)) - Successfully registered JMX Bean with object name Ratis:service=RaftServer,group=group-C6EDA00E9FE7,id=dd1d24cd-1df3-4428-bf67-9b7dc9bd3e4c
2019-10-21 04:30:43,733 [pool-27-thread-1] INFO  impl.RaftServerImpl (RaftServerImpl.java:start(195)) - 641380fb-ae96-4755-94e0-fd776bdc090f@group-C6EDA00E9FE7: start as a follower, conf=-1: [641380fb-ae96-4755-94e0-fd776bdc090f:192.168.34.41:39543, f02da163-2c1f-4de2-ab71-b915d7d0ae78:192.168.34.41:39439, dd1d24cd-1df3-4428-bf67-9b7dc9bd3e4c:192.168.34.41:45185], old=null
2019-10-21 04:30:43,733 [pool-27-thread-1] INFO  impl.RaftServerImpl (RaftServerImpl.java:setRole(184)) - 641380fb-ae96-4755-94e0-fd776bdc090f@group-C6EDA00E9FE7: changes role from      null to FOLLOWER at term 0 for startAsFollower
2019-10-21 04:30:43,733 [pool-27-thread-1] INFO  impl.RoleInfo (RoleInfo.java:updateAndGet(143)) - 641380fb-ae96-4755-94e0-fd776bdc090f: start FollowerState
2019-10-21 04:30:43,733 [pool-59-thread-1] INFO  impl.RaftServerImpl (RaftServerImpl.java:start(195)) - f02da163-2c1f-4de2-ab71-b915d7d0ae78@group-C6EDA00E9FE7: start as a follower, conf=-1: [641380fb-ae96-4755-94e0-fd776bdc090f:192.168.34.41:39543, f02da163-2c1f-4de2-ab71-b915d7d0ae78:192.168.34.41:39439, dd1d24cd-1df3-4428-bf67-9b7dc9bd3e4c:192.168.34.41:45185], old=null
2019-10-21 04:30:43,734 [pool-59-thread-1] INFO  impl.RaftServerImpl (RaftServerImpl.java:setRole(184)) - f02da163-2c1f-4de2-ab71-b915d7d0ae78@group-C6EDA00E9FE7: changes role from      null to FOLLOWER at term 0 for startAsFollower
2019-10-21 04:30:43,734 [pool-27-thread-1] INFO  util.JmxRegister (JmxRegister.java:tryRegister(44)) - Successfully registered JMX Bean with object name Ratis:service=RaftServer,group=group-C6EDA00E9FE7,id=641380fb-ae96-4755-94e0-fd776bdc090f
2019-10-21 04:30:43,734 [pool-59-thread-1] INFO  impl.RoleInfo (RoleInfo.java:updateAndGet(143)) - f02da163-2c1f-4de2-ab71-b915d7d0ae78: start FollowerState
2019-10-21 04:30:43,734 [pool-59-thread-1] INFO  util.JmxRegister (JmxRegister.java:tryRegister(44)) - Successfully registered JMX Bean with object name Ratis:service=RaftServer,group=group-C6EDA00E9FE7,id=f02da163-2c1f-4de2-ab71-b915d7d0ae78
2019-10-21 04:30:43,745 [RatisPipelineUtilsThread] INFO  pipeline.PipelineStateManager (PipelineStateManager.java:addPipeline(56)) - Created pipeline Pipeline[ Id: 89fac491-5f8a-4e42-9652-c6eda00e9fe7, Nodes: dd1d24cd-1df3-4428-bf67-9b7dc9bd3e4c{ip: 192.168.34.41, host: trunk-nightly-20191021-4s9dg-2799068384, networkLocation: /default-rack, certSerialId: null}641380fb-ae96-4755-94e0-fd776bdc090f{ip: 192.168.34.41, host: trunk-nightly-20191021-4s9dg-2799068384, networkLocation: /default-rack, certSerialId: null}f02da163-2c1f-4de2-ab71-b915d7d0ae78{ip: 192.168.34.41, host: trunk-nightly-20191021-4s9dg-2799068384, networkLocation: /default-rack, certSerialId: null}, Type:RATIS, Factor:THREE, State:OPEN]
2019-10-21 04:30:43,747 [Thread-794] INFO  impl.FollowerState (FollowerState.java:run(108)) - dd1d24cd-1df3-4428-bf67-9b7dc9bd3e4c@group-C6EDA00E9FE7-FollowerState: change to CANDIDATE, lastRpcTime:14ms, electionTimeout:14ms
2019-10-21 04:30:43,747 [Thread-794] INFO  impl.RoleInfo (RoleInfo.java:shutdownFollowerState(121)) - dd1d24cd-1df3-4428-bf67-9b7dc9bd3e4c: shutdown FollowerState
2019-10-21 04:30:43,747 [Thread-794] INFO  impl.RaftServerImpl (RaftServerImpl.java:setRole(184)) - dd1d24cd-1df3-4428-bf67-9b7dc9bd3e4c@group-C6EDA00E9FE7: changes role from  FOLLOWER to CANDIDATE at term 0 for changeToCandidate
2019-10-21 04:30:43,747 [Thread-794] INFO  impl.RoleInfo (RoleInfo.java:updateAndGet(143)) - dd1d24cd-1df3-4428-bf67-9b7dc9bd3e4c: start LeaderElection
2019-10-21 04:30:43,762 [dd1d24cd-1df3-4428-bf67-9b7dc9bd3e4c@group-C6EDA00E9FE7-LeaderElection38] INFO  impl.LeaderElection (LeaderElection.java:askForVotes(178)) - dd1d24cd-1df3-4428-bf67-9b7dc9bd3e4c@group-C6EDA00E9FE7-LeaderElection38: begin an election at term 1 for -1: [641380fb-ae96-4755-94e0-fd776bdc090f:192.168.34.41:39543, f02da163-2c1f-4de2-ab71-b915d7d0ae78:192.168.34.41:39439, dd1d24cd-1df3-4428-bf67-9b7dc9bd3e4c:192.168.34.41:45185], old=null
2019-10-21 04:30:43,770 [grpc-default-executor-2] INFO  impl.RaftServerImpl (RaftServerImpl.java:setRole(184)) - f02da163-2c1f-4de2-ab71-b915d7d0ae78@group-C6EDA00E9FE7: changes role from  FOLLOWER to FOLLOWER at term 1 for recognizeCandidate:dd1d24cd-1df3-4428-bf67-9b7dc9bd3e4c
2019-10-21 04:30:43,770 [Thread-787] INFO  impl.FollowerState (FollowerState.java:run(108)) - f02da163-2c1f-4de2-ab71-b915d7d0ae78@group-D606C9B72829-FollowerState: change to CANDIDATE, lastRpcTime:113ms, electionTimeout:112ms
2019-10-21 04:30:43,770 [grpc-default-executor-2] INFO  impl.RoleInfo (RoleInfo.java:shutdownFollowerState(121)) - f02da163-2c1f-4de2-ab71-b915d7d0ae78: shutdown FollowerState
2019-10-21 04:30:43,770 [Thread-787] INFO  impl.RoleInfo (RoleInfo.java:shutdownFollowerState(121)) - f02da163-2c1f-4de2-ab71-b915d7d0ae78: shutdown FollowerState
2019-10-21 04:30:43,770 [Thread-796] INFO  impl.FollowerState (FollowerState.java:run(117)) - f02da163-2c1f-4de2-ab71-b915d7d0ae78@group-C6EDA00E9FE7-FollowerState was interrupted: java.lang.InterruptedException: sleep interrupted
2019-10-21 04:30:43,770 [Thread-787] INFO  impl.RaftServerImpl (RaftServerImpl.java:setRole(184)) - f02da163-2c1f-4de2-ab71-b915d7d0ae78@group-D606C9B72829: changes role from  FOLLOWER to CANDIDATE at term 35 for changeToCandidate
2019-10-21 04:30:43,770 [grpc-default-executor-2] INFO  impl.RoleInfo (RoleInfo.java:updateAndGet(143)) - f02da163-2c1f-4de2-ab71-b915d7d0ae78: start FollowerState
2019-10-21 04:30:43,771 [Thread-787] INFO  impl.RoleInfo (RoleInfo.java:updateAndGet(143)) - f02da163-2c1f-4de2-ab71-b915d7d0ae78: start LeaderElection
2019-10-21 04:30:43,771 [grpc-default-executor-4] INFO  impl.RaftServerImpl (RaftServerImpl.java:setRole(184)) - 641380fb-ae96-4755-94e0-fd776bdc090f@group-C6EDA00E9FE7: changes role from  FOLLOWER to FOLLOWER at term 1 for recognizeCandidate:dd1d24cd-1df3-4428-bf67-9b7dc9bd3e4c
2019-10-21 04:30:43,771 [grpc-default-executor-4] INFO  impl.RoleInfo (RoleInfo.java:shutdownFollowerState(121)) - 641380fb-ae96-4755-94e0-fd776bdc090f: shutdown FollowerState
2019-10-21 04:30:43,772 [grpc-default-executor-4] INFO  impl.RoleInfo (RoleInfo.java:updateAndGet(143)) - 641380fb-ae96-4755-94e0-fd776bdc090f: start FollowerState
2019-10-21 04:30:43,772 [Thread-795] INFO  impl.FollowerState (FollowerState.java:run(117)) - 641380fb-ae96-4755-94e0-fd776bdc090f@group-C6EDA00E9FE7-FollowerState was interrupted: java.lang.InterruptedException: sleep interrupted
2019-10-21 04:30:43,786 [f02da163-2c1f-4de2-ab71-b915d7d0ae78@group-D606C9B72829-LeaderElection39] INFO  impl.LeaderElection (LeaderElection.java:askForVotes(178)) - f02da163-2c1f-4de2-ab71-b915d7d0ae78@group-D606C9B72829-LeaderElection39: begin an election at term 36 for 0: [641380fb-ae96-4755-94e0-fd776bdc090f:192.168.34.41:39543, f02da163-2c1f-4de2-ab71-b915d7d0ae78:192.168.34.41:39439, dd1d24cd-1df3-4428-bf67-9b7dc9bd3e4c:192.168.34.41:45185], old=null
2019-10-21 04:30:43,788 [dd1d24cd-1df3-4428-bf67-9b7dc9bd3e4c@group-C6EDA00E9FE7-LeaderElection38] INFO  impl.LeaderElection (LeaderElection.java:logAndReturn(56)) - dd1d24cd-1df3-4428-bf67-9b7dc9bd3e4c@group-C6EDA00E9FE7-LeaderElection38: Election PASSED; received 1 response(s) [dd1d24cd-1df3-4428-bf67-9b7dc9bd3e4c<-f02da163-2c1f-4de2-ab71-b915d7d0ae78#0:OK-t1] and 0 exception(s); dd1d24cd-1df3-4428-bf67-9b7dc9bd3e4c@group-C6EDA00E9FE7:t1, leader=null, voted=dd1d24cd-1df3-4428-bf67-9b7dc9bd3e4c, raftlog=dd1d24cd-1df3-4428-bf67-9b7dc9bd3e4c@group-C6EDA00E9FE7-SegmentedRaftLog:OPENED:c-1,f-1,i0, conf=-1: [641380fb-ae96-4755-94e0-fd776bdc090f:192.168.34.41:39543, f02da163-2c1f-4de2-ab71-b915d7d0ae78:192.168.34.41:39439, dd1d24cd-1df3-4428-bf67-9b7dc9bd3e4c:192.168.34.41:45185], old=null
2019-10-21 04:30:43,788 [dd1d24cd-1df3-4428-bf67-9b7dc9bd3e4c@group-C6EDA00E9FE7-LeaderElection38] INFO  impl.RoleInfo (RoleInfo.java:shutdownLeaderElection(134)) - dd1d24cd-1df3-4428-bf67-9b7dc9bd3e4c: shutdown LeaderElection
2019-10-21 04:30:43,788 [dd1d24cd-1df3-4428-bf67-9b7dc9bd3e4c@group-C6EDA00E9FE7-LeaderElection38] INFO  impl.RaftServerImpl (RaftServerImpl.java:setRole(184)) - dd1d24cd-1df3-4428-bf67-9b7dc9bd3e4c@group-C6EDA00E9FE7: changes role from CANDIDATE to LEADER at term 1 for changeToLeader
2019-10-21 04:30:43,789 [dd1d24cd-1df3-4428-bf67-9b7dc9bd3e4c@group-C6EDA00E9FE7-LeaderElection38] INFO  impl.RaftServerImpl (ServerState.java:setLeader(256)) - dd1d24cd-1df3-4428-bf67-9b7dc9bd3e4c@group-C6EDA00E9FE7: change Leader from null to dd1d24cd-1df3-4428-bf67-9b7dc9bd3e4c at term 1 for becomeLeader, leader elected after 69ms
2019-10-21 04:30:43,789 [dd1d24cd-1df3-4428-bf67-9b7dc9bd3e4c@group-C6EDA00E9FE7-LeaderElection38] INFO  server.RaftServerConfigKeys (ConfUtils.java:logGet(43)) - raft.server.staging.catchup.gap = 1000 (default)
2019-10-21 04:30:43,789 [dd1d24cd-1df3-4428-bf67-9b7dc9bd3e4c@group-C6EDA00E9FE7-LeaderElection38] INFO  server.RaftServerConfigKeys (ConfUtils.java:logGet(43)) - raft.server.rpc.sleep.time = 25ms (default)
2019-10-21 04:30:43,789 [dd1d24cd-1df3-4428-bf67-9b7dc9bd3e4c@group-C6EDA00E9FE7-LeaderElection38] INFO  server.RaftServerConfigKeys (ConfUtils.java:logGet(43)) - raft.server.write.element-limit = 4096 (default)
2019-10-21 04:30:43,789 [dd1d24cd-1df3-4428-bf67-9b7dc9bd3e4c@group-C6EDA00E9FE7-LeaderElection38] INFO  server.RaftServerConfigKeys (ConfUtils.java:logGet(43)) - raft.server.watch.timeout = 10s (default)
2019-10-21 04:30:43,789 [grpc-default-executor-2] INFO  impl.RaftServerImpl (RaftServerImpl.java:setRole(184)) - dd1d24cd-1df3-4428-bf67-9b7dc9bd3e4c@group-D606C9B72829: changes role from  FOLLOWER to FOLLOWER at term 36 for recognizeCandidate:f02da163-2c1f-4de2-ab71-b915d7d0ae78
2019-10-21 04:30:43,789 [dd1d24cd-1df3-4428-bf67-9b7dc9bd3e4c@group-C6EDA00E9FE7-LeaderElection38] INFO  server.RaftServerConfigKeys (ConfUtils.java:logGet(43)) - raft.server.watch.timeout.denomination = 1s (default)
2019-10-21 04:30:43,789 [grpc-default-executor-4] INFO  impl.RaftServerImpl (RaftServerImpl.java:setRole(184)) - 641380fb-ae96-4755-94e0-fd776bdc090f@group-D606C9B72829: changes role from  FOLLOWER to FOLLOWER at term 36 for recognizeCandidate:f02da163-2c1f-4de2-ab71-b915d7d0ae78
2019-10-21 04:30:43,789 [grpc-default-executor-2] INFO  impl.RoleInfo (RoleInfo.java:shutdownFollowerState(121)) - dd1d24cd-1df3-4428-bf67-9b7dc9bd3e4c: shutdown FollowerState
2019-10-21 04:30:43,790 [grpc-default-executor-4] INFO  impl.RoleInfo (RoleInfo.java:shutdownFollowerState(121)) - 641380fb-ae96-4755-94e0-fd776bdc090f: shutdown FollowerState
2019-10-21 04:30:43,789 [dd1d24cd-1df3-4428-bf67-9b7dc9bd3e4c@group-C6EDA00E9FE7-LeaderElection38] INFO  server.RaftServerConfigKeys (ConfUtils.java:logGet(43)) - raft.server.watch.element-limit = 65536 (default)
2019-10-21 04:30:43,790 [Thread-785] INFO  impl.FollowerState (FollowerState.java:run(117)) - 641380fb-ae96-4755-94e0-fd776bdc090f@group-D606C9B72829-FollowerState was interrupted: java.lang.InterruptedException: sleep interrupted
2019-10-21 04:30:43,790 [grpc-default-executor-4] INFO  impl.RoleInfo (RoleInfo.java:updateAndGet(143)) - 641380fb-ae96-4755-94e0-fd776bdc090f: start FollowerState
2019-10-21 04:30:43,790 [Thread-786] INFO  impl.FollowerState (FollowerState.java:run(117)) - dd1d24cd-1df3-4428-bf67-9b7dc9bd3e4c@group-D606C9B72829-FollowerState was interrupted: java.lang.InterruptedException: sleep interrupted
2019-10-21 04:30:43,790 [grpc-default-executor-2] INFO  impl.RoleInfo (RoleInfo.java:updateAndGet(143)) - dd1d24cd-1df3-4428-bf67-9b7dc9bd3e4c: start FollowerState
2019-10-21 04:30:43,792 [dd1d24cd-1df3-4428-bf67-9b7dc9bd3e4c@group-C6EDA00E9FE7-LeaderElection38] INFO  server.RaftServerConfigKeys (ConfUtils.java:logGet(43)) - raft.server.log.appender.snapshot.chunk.size.max = 16MB (=16777216) (default)
2019-10-21 04:30:43,792 [dd1d24cd-1df3-4428-bf67-9b7dc9bd3e4c@group-C6EDA00E9FE7-LeaderElection38] INFO  server.RaftServerConfigKeys (ConfUtils.java:logGet(43)) - raft.server.log.appender.buffer.byte-limit = 33554432 (custom)
2019-10-21 04:30:43,792 [dd1d24cd-1df3-4428-bf67-9b7dc9bd3e4c@group-C6EDA00E9FE7-LeaderElection38] INFO  server.RaftServerConfigKeys (ConfUtils.java:logGet(43)) - raft.server.log.appender.buffer.element-limit = 1 (custom)
2019-10-21 04:30:43,792 [dd1d24cd-1df3-4428-bf67-9b7dc9bd3e4c@group-C6EDA00E9FE7-LeaderElection38] INFO  grpc.GrpcConfigKeys$Server (ConfUtils.java:logGet(43)) - raft.grpc.server.leader.outstanding.appends.max = 128 (default)
2019-10-21 04:30:43,792 [dd1d24cd-1df3-4428-bf67-9b7dc9bd3e4c@group-C6EDA00E9FE7-LeaderElection38] INFO  server.RaftServerConfigKeys (ConfUtils.java:logGet(43)) - raft.server.rpc.request.timeout = 3000ms (default)
2019-10-21 04:30:43,792 [dd1d24cd-1df3-4428-bf67-9b7dc9bd3e4c@group-C6EDA00E9FE7-LeaderElection38] INFO  server.RaftServerConfigKeys (ConfUtils.java:logGet(43)) - raft.server.log.appender.install.snapshot.enabled = false (custom)
2019-10-21 04:30:43,794 [dd1d24cd-1df3-4428-bf67-9b7dc9bd3e4c@group-C6EDA00E9FE7-LeaderElection38] INFO  server.RaftServerConfigKeys (ConfUtils.java:logGet(43)) - raft.server.log.appender.snapshot.chunk.size.max = 16MB (=16777216) (default)
2019-10-21 04:30:43,794 [dd1d24cd-1df3-4428-bf67-9b7dc9bd3e4c@group-C6EDA00E9FE7-LeaderElection38] INFO  server.RaftServerConfigKeys (ConfUtils.java:logGet(43)) - raft.server.log.appender.buffer.byte-limit = 33554432 (custom)
2019-10-21 04:30:43,795 [dd1d24cd-1df3-4428-bf67-9b7dc9bd3e4c@group-C6EDA00E9FE7-LeaderElection38] INFO  server.RaftServerConfigKeys (ConfUtils.java:logGet(43)) - raft.server.log.appender.buffer.element-limit = 1 (custom)
2019-10-21 04:30:43,795 [dd1d24cd-1df3-4428-bf67-9b7dc9bd3e4c@group-C6EDA00E9FE7-LeaderElection38] INFO  grpc.GrpcConfigKeys$Server (ConfUtils.java:logGet(43)) - raft.grpc.server.leader.outstanding.appends.max = 128 (default)
2019-10-21 04:30:43,795 [dd1d24cd-1df3-4428-bf67-9b7dc9bd3e4c@group-C6EDA00E9FE7-LeaderElection38] INFO  server.RaftServerConfigKeys (ConfUtils.java:logGet(43)) - raft.server.rpc.request.timeout = 3000ms (default)
2019-10-21 04:30:43,795 [dd1d24cd-1df3-4428-bf67-9b7dc9bd3e4c@group-C6EDA00E9FE7-LeaderElection38] INFO  server.RaftServerConfigKeys (ConfUtils.java:logGet(43)) - raft.server.log.appender.install.snapshot.enabled = false (custom)
2019-10-21 04:30:43,797 [dd1d24cd-1df3-4428-bf67-9b7dc9bd3e4c@group-C6EDA00E9FE7-LeaderElection38] INFO  impl.RoleInfo (RoleInfo.java:updateAndGet(143)) - dd1d24cd-1df3-4428-bf67-9b7dc9bd3e4c: start LeaderState
2019-10-21 04:30:43,797 [dd1d24cd-1df3-4428-bf67-9b7dc9bd3e4c@group-C6EDA00E9FE7-LeaderElection38] INFO  segmented.SegmentedRaftLogWorker (SegmentedRaftLogWorker.java:startLogSegment(385)) - dd1d24cd-1df3-4428-bf67-9b7dc9bd3e4c@group-C6EDA00E9FE7-SegmentedRaftLogWorker: Starting segment from index:0
2019-10-21 04:30:43,798 [dd1d24cd-1df3-4428-bf67-9b7dc9bd3e4c@group-C6EDA00E9FE7-LeaderElection38] INFO  impl.RaftServerImpl (ServerState.java:setRaftConf(357)) - dd1d24cd-1df3-4428-bf67-9b7dc9bd3e4c@group-C6EDA00E9FE7: set configuration 0: [641380fb-ae96-4755-94e0-fd776bdc090f:192.168.34.41:39543, f02da163-2c1f-4de2-ab71-b915d7d0ae78:192.168.34.41:39439, dd1d24cd-1df3-4428-bf67-9b7dc9bd3e4c:192.168.34.41:45185], old=null at 0
2019-10-21 04:30:43,828 [grpc-default-executor-1] INFO  impl.RaftServerImpl (ServerState.java:setLeader(256)) - f02da163-2c1f-4de2-ab71-b915d7d0ae78@group-C6EDA00E9FE7: change Leader from null to dd1d24cd-1df3-4428-bf67-9b7dc9bd3e4c at term 1 for appendEntries, leader elected after 110ms
2019-10-21 04:30:43,830 [grpc-default-executor-6] INFO  impl.RaftServerImpl (ServerState.java:setLeader(256)) - 641380fb-ae96-4755-94e0-fd776bdc090f@group-C6EDA00E9FE7: change Leader from null to dd1d24cd-1df3-4428-bf67-9b7dc9bd3e4c at term 1 for appendEntries, leader elected after 111ms
2019-10-21 04:30:43,830 [f02da163-2c1f-4de2-ab71-b915d7d0ae78@group-D606C9B72829-LeaderElection39] INFO  impl.LeaderElection (LeaderElection.java:logAndReturn(56)) - f02da163-2c1f-4de2-ab71-b915d7d0ae78@group-D606C9B72829-LeaderElection39: Election REJECTED; received 2 response(s) [f02da163-2c1f-4de2-ab71-b915d7d0ae78<-641380fb-ae96-4755-94e0-fd776bdc090f#0:FAIL-t36, f02da163-2c1f-4de2-ab71-b915d7d0ae78<-dd1d24cd-1df3-4428-bf67-9b7dc9bd3e4c#0:FAIL-t36] and 0 exception(s); f02da163-2c1f-4de2-ab71-b915d7d0ae78@group-D606C9B72829:t36, leader=null, voted=f02da163-2c1f-4de2-ab71-b915d7d0ae78, raftlog=f02da163-2c1f-4de2-ab71-b915d7d0ae78@group-D606C9B72829-SegmentedRaftLog:OPENED:c3,f4,i4, conf=0: [641380fb-ae96-4755-94e0-fd776bdc090f:192.168.34.41:39543, f02da163-2c1f-4de2-ab71-b915d7d0ae78:192.168.34.41:39439, dd1d24cd-1df3-4428-bf67-9b7dc9bd3e4c:192.168.34.41:45185], old=null
2019-10-21 04:30:43,831 [f02da163-2c1f-4de2-ab71-b915d7d0ae78@group-D606C9B72829-LeaderElection39] INFO  impl.RaftServerImpl (RaftServerImpl.java:setRole(184)) - f02da163-2c1f-4de2-ab71-b915d7d0ae78@group-D606C9B72829: changes role from CANDIDATE to FOLLOWER at term 36 for DISCOVERED_A_NEW_TERM
2019-10-21 04:30:43,831 [f02da163-2c1f-4de2-ab71-b915d7d0ae78@group-D606C9B72829-LeaderElection39] INFO  impl.RoleInfo (RoleInfo.java:shutdownLeaderElection(134)) - f02da163-2c1f-4de2-ab71-b915d7d0ae78: shutdown LeaderElection
2019-10-21 04:30:43,831 [f02da163-2c1f-4de2-ab71-b915d7d0ae78@group-D606C9B72829-LeaderElection39] INFO  impl.RoleInfo (RoleInfo.java:updateAndGet(143)) - f02da163-2c1f-4de2-ab71-b915d7d0ae78: start FollowerState
2019-10-21 04:30:43,832 [grpc-default-executor-6] INFO  impl.RaftServerImpl (ServerState.java:setRaftConf(357)) - f02da163-2c1f-4de2-ab71-b915d7d0ae78@group-C6EDA00E9FE7: set configuration 0: [641380fb-ae96-4755-94e0-fd776bdc090f:192.168.34.41:39543, f02da163-2c1f-4de2-ab71-b915d7d0ae78:192.168.34.41:39439, dd1d24cd-1df3-4428-bf67-9b7dc9bd3e4c:192.168.34.41:45185], old=null at 0
2019-10-21 04:30:43,832 [grpc-default-executor-6] INFO  segmented.SegmentedRaftLogWorker (SegmentedRaftLogWorker.java:startLogSegment(385)) - f02da163-2c1f-4de2-ab71-b915d7d0ae78@group-C6EDA00E9FE7-SegmentedRaftLogWorker: Starting segment from index:0
2019-10-21 04:30:43,832 [grpc-default-executor-2] INFO  impl.RaftServerImpl (ServerState.java:setRaftConf(357)) - 641380fb-ae96-4755-94e0-fd776bdc090f@group-C6EDA00E9FE7: set configuration 0: [641380fb-ae96-4755-94e0-fd776bdc090f:192.168.34.41:39543, f02da163-2c1f-4de2-ab71-b915d7d0ae78:192.168.34.41:39439, dd1d24cd-1df3-4428-bf67-9b7dc9bd3e4c:192.168.34.41:45185], old=null at 0
2019-10-21 04:30:43,833 [grpc-default-executor-2] INFO  segmented.SegmentedRaftLogWorker (SegmentedRaftLogWorker.java:startLogSegment(385)) - 641380fb-ae96-4755-94e0-fd776bdc090f@group-C6EDA00E9FE7-SegmentedRaftLogWorker: Starting segment from index:0
2019-10-21 04:30:43,841 [dd1d24cd-1df3-4428-bf67-9b7dc9bd3e4c@group-C6EDA00E9FE7-SegmentedRaftLogWorker] INFO  segmented.SegmentedRaftLogWorker (SegmentedRaftLogWorker.java:execute(576)) - dd1d24cd-1df3-4428-bf67-9b7dc9bd3e4c@group-C6EDA00E9FE7-SegmentedRaftLogWorker: created new log segment /workdir/hadoop-ozone/integration-test/target/test-dir/MiniOzoneClusterImpl-50bd132f-794a-46b6-9d96-2578473f4a2b/datanode-1/data/ratis/89fac491-5f8a-4e42-9652-c6eda00e9fe7/current/log_inprogress_0
2019-10-21 04:30:43,849 [Thread-789] INFO  impl.FollowerState (FollowerState.java:run(108)) - f02da163-2c1f-4de2-ab71-b915d7d0ae78@group-9D77DB7DD8BD-FollowerState: change to CANDIDATE, lastRpcTime:185ms, electionTimeout:185ms
2019-10-21 04:30:43,850 [Thread-789] INFO  impl.RoleInfo (RoleInfo.java:shutdownFollowerState(121)) - f02da163-2c1f-4de2-ab71-b915d7d0ae78: shutdown FollowerState
2019-10-21 04:30:43,850 [Thread-789] INFO  impl.RaftServerImpl (RaftServerImpl.java:setRole(184)) - f02da163-2c1f-4de2-ab71-b915d7d0ae78@group-9D77DB7DD8BD: changes role from  FOLLOWER to CANDIDATE at term 0 for changeToCandidate
2019-10-21 04:30:43,850 [Thread-789] INFO  impl.RoleInfo (RoleInfo.java:updateAndGet(143)) - f02da163-2c1f-4de2-ab71-b915d7d0ae78: start LeaderElection
2019-10-21 04:30:43,860 [pool-7-thread-7] INFO  commands.RetriableDatanodeEventWatcher (RetriableDatanodeEventWatcher.java:onTimeout(47)) - RetriableDatanodeCommand type=deleteBlocksCommand with id=1571632235859 timed out. Retrying.
2019-10-21 04:30:43,861 [pool-7-thread-7] INFO  commands.RetriableDatanodeEventWatcher (RetriableDatanodeEventWatcher.java:onTimeout(47)) - RetriableDatanodeCommand type=deleteBlocksCommand with id=1571632235849 timed out. Retrying.
2019-10-21 04:30:43,861 [SCMBlockDeletingService#1] INFO  block.SCMBlockDeletingService (SCMBlockDeletingService.java:call(184)) - Totally added 1 delete blocks command for 1 datanodes, task elapsed time: 1ms
2019-10-21 04:30:43,861 [pool-7-thread-2] INFO  commands.RetriableDatanodeEventWatcher (RetriableDatanodeEventWatcher.java:onTimeout(47)) - RetriableDatanodeCommand type=deleteBlocksCommand with id=1571632235858 timed out. Retrying.
2019-10-21 04:30:43,862 [pool-7-thread-5] INFO  commands.RetriableDatanodeEventWatcher (RetriableDatanodeEventWatcher.java:onTimeout(47)) - RetriableDatanodeCommand type=deleteBlocksCommand with id=1571632235852 timed out. Retrying.
2019-10-21 04:30:43,862 [pool-7-thread-4] INFO  commands.RetriableDatanodeEventWatcher (RetriableDatanodeEventWatcher.java:onTimeout(47)) - RetriableDatanodeCommand type=deleteBlocksCommand with id=1571632235855 timed out. Retrying.
2019-10-21 04:30:43,862 [pool-7-thread-1] INFO  commands.RetriableDatanodeEventWatcher (RetriableDatanodeEventWatcher.java:onTimeout(47)) - RetriableDatanodeCommand type=deleteBlocksCommand with id=1571632235854 timed out. Retrying.
2019-10-21 04:30:43,863 [pool-7-thread-3] INFO  commands.RetriableDatanodeEventWatcher (RetriableDatanodeEventWatcher.java:onTimeout(47)) - RetriableDatanodeCommand type=deleteBlocksCommand with id=1571632235856 timed out. Retrying.
2019-10-21 04:30:43,863 [pool-7-thread-6] INFO  commands.RetriableDatanodeEventWatcher (RetriableDatanodeEventWatcher.java:onTimeout(47)) - RetriableDatanodeCommand type=deleteBlocksCommand with id=1571632235857 timed out. Retrying.
2019-10-21 04:30:43,873 [f02da163-2c1f-4de2-ab71-b915d7d0ae78@group-C6EDA00E9FE7-SegmentedRaftLogWorker] INFO  segmented.SegmentedRaftLogWorker (SegmentedRaftLogWorker.java:execute(576)) - f02da163-2c1f-4de2-ab71-b915d7d0ae78@group-C6EDA00E9FE7-SegmentedRaftLogWorker: created new log segment /workdir/hadoop-ozone/integration-test/target/test-dir/MiniOzoneClusterImpl-50bd132f-794a-46b6-9d96-2578473f4a2b/datanode-2/data/ratis/89fac491-5f8a-4e42-9652-c6eda00e9fe7/current/log_inprogress_0
2019-10-21 04:30:43,873 [641380fb-ae96-4755-94e0-fd776bdc090f@group-C6EDA00E9FE7-SegmentedRaftLogWorker] INFO  segmented.SegmentedRaftLogWorker (SegmentedRaftLogWorker.java:execute(576)) - 641380fb-ae96-4755-94e0-fd776bdc090f@group-C6EDA00E9FE7-SegmentedRaftLogWorker: created new log segment /workdir/hadoop-ozone/integration-test/target/test-dir/MiniOzoneClusterImpl-50bd132f-794a-46b6-9d96-2578473f4a2b/datanode-0/data/ratis/89fac491-5f8a-4e42-9652-c6eda00e9fe7/current/log_inprogress_0
2019-10-21 04:30:43,873 [f02da163-2c1f-4de2-ab71-b915d7d0ae78@group-9D77DB7DD8BD-LeaderElection40] INFO  impl.LeaderElection (LeaderElection.java:askForVotes(178)) - f02da163-2c1f-4de2-ab71-b915d7d0ae78@group-9D77DB7DD8BD-LeaderElection40: begin an election at term 1 for -1: [f02da163-2c1f-4de2-ab71-b915d7d0ae78:192.168.34.41:39439], old=null
2019-10-21 04:30:43,873 [f02da163-2c1f-4de2-ab71-b915d7d0ae78@group-9D77DB7DD8BD-LeaderElection40] INFO  impl.RoleInfo (RoleInfo.java:shutdownLeaderElection(134)) - f02da163-2c1f-4de2-ab71-b915d7d0ae78: shutdown LeaderElection
2019-10-21 04:30:43,873 [f02da163-2c1f-4de2-ab71-b915d7d0ae78@group-9D77DB7DD8BD-LeaderElection40] INFO  impl.RaftServerImpl (RaftServerImpl.java:setRole(184)) - f02da163-2c1f-4de2-ab71-b915d7d0ae78@group-9D77DB7DD8BD: changes role from CANDIDATE to LEADER at term 1 for changeToLeader
2019-10-21 04:30:43,874 [f02da163-2c1f-4de2-ab71-b915d7d0ae78@group-9D77DB7DD8BD-LeaderElection40] INFO  impl.RaftServerImpl (ServerState.java:setLeader(256)) - f02da163-2c1f-4de2-ab71-b915d7d0ae78@group-9D77DB7DD8BD: change Leader from null to f02da163-2c1f-4de2-ab71-b915d7d0ae78 at term 1 for becomeLeader, leader elected after 218ms
2019-10-21 04:30:43,874 [f02da163-2c1f-4de2-ab71-b915d7d0ae78@group-9D77DB7DD8BD-LeaderElection40] INFO  server.RaftServerConfigKeys (ConfUtils.java:logGet(43)) - raft.server.staging.catchup.gap = 1000 (default)
2019-10-21 04:30:43,874 [f02da163-2c1f-4de2-ab71-b915d7d0ae78@group-9D77DB7DD8BD-LeaderElection40] INFO  server.RaftServerConfigKeys (ConfUtils.java:logGet(43)) - raft.server.rpc.sleep.time = 25ms (default)
2019-10-21 04:30:43,874 [f02da163-2c1f-4de2-ab71-b915d7d0ae78@group-9D77DB7DD8BD-LeaderElection40] INFO  server.RaftServerConfigKeys (ConfUtils.java:logGet(43)) - raft.server.write.element-limit = 4096 (default)
2019-10-21 04:30:43,874 [f02da163-2c1f-4de2-ab71-b915d7d0ae78@group-9D77DB7DD8BD-LeaderElection40] INFO  server.RaftServerConfigKeys (ConfUtils.java:logGet(43)) - raft.server.watch.timeout = 10s (default)
2019-10-21 04:30:43,874 [f02da163-2c1f-4de2-ab71-b915d7d0ae78@group-9D77DB7DD8BD-LeaderElection40] INFO  server.RaftServerConfigKeys (ConfUtils.java:logGet(43)) - raft.server.watch.timeout.denomination = 1s (default)
2019-10-21 04:30:43,875 [f02da163-2c1f-4de2-ab71-b915d7d0ae78@group-9D77DB7DD8BD-LeaderElection40] INFO  server.RaftServerConfigKeys (ConfUtils.java:logGet(43)) - raft.server.watch.element-limit = 65536 (default)
2019-10-21 04:30:43,877 [f02da163-2c1f-4de2-ab71-b915d7d0ae78@group-9D77DB7DD8BD-LeaderElection40] INFO  impl.RoleInfo (RoleInfo.java:updateAndGet(143)) - f02da163-2c1f-4de2-ab71-b915d7d0ae78: start LeaderState
2019-10-21 04:30:43,877 [f02da163-2c1f-4de2-ab71-b915d7d0ae78@group-9D77DB7DD8BD-LeaderElection40] INFO  segmented.SegmentedRaftLogWorker (SegmentedRaftLogWorker.java:startLogSegment(385)) - f02da163-2c1f-4de2-ab71-b915d7d0ae78@group-9D77DB7DD8BD-SegmentedRaftLogWorker: Starting segment from index:0
2019-10-21 04:30:43,878 [f02da163-2c1f-4de2-ab71-b915d7d0ae78@group-9D77DB7DD8BD-LeaderElection40] INFO  impl.RaftServerImpl (ServerState.java:setRaftConf(357)) - f02da163-2c1f-4de2-ab71-b915d7d0ae78@group-9D77DB7DD8BD: set configuration 0: [f02da163-2c1f-4de2-ab71-b915d7d0ae78:192.168.34.41:39439], old=null at 0
2019-10-21 04:30:43,915 [f02da163-2c1f-4de2-ab71-b915d7d0ae78@group-9D77DB7DD8BD-SegmentedRaftLogWorker] INFO  segmented.SegmentedRaftLogWorker (SegmentedRaftLogWorker.java:execute(576)) - f02da163-2c1f-4de2-ab71-b915d7d0ae78@group-9D77DB7DD8BD-SegmentedRaftLogWorker: created new log segment /workdir/hadoop-ozone/integration-test/target/test-dir/MiniOzoneClusterImpl-50bd132f-794a-46b6-9d96-2578473f4a2b/datanode-2/data/ratis/617eb29c-e718-4189-bf23-9d77db7dd8bd/current/log_inprogress_0
2019-10-21 04:30:43,960 [EventQueue-PendingDeleteStatusForPendingDeleteHandler] INFO  block.SCMBlockDeletingService (SCMBlockDeletingService.java:handlePendingDeletes(115)) - Block deletion txnID mismatch in datanode f02da163-2c1f-4de2-ab71-b915d7d0ae78 for containerID 1. Datanode delete txnID: 0, SCM txnID: 1
2019-10-21 04:30:44,013 [Thread-817] INFO  impl.FollowerState (FollowerState.java:run(108)) - f02da163-2c1f-4de2-ab71-b915d7d0ae78@group-D606C9B72829-FollowerState: change to CANDIDATE, lastRpcTime:182ms, electionTimeout:182ms
2019-10-21 04:30:44,014 [Thread-817] INFO  impl.RoleInfo (RoleInfo.java:shutdownFollowerState(121)) - f02da163-2c1f-4de2-ab71-b915d7d0ae78: shutdown FollowerState
2019-10-21 04:30:44,014 [Thread-817] INFO  impl.RaftServerImpl (RaftServerImpl.java:setRole(184)) - f02da163-2c1f-4de2-ab71-b915d7d0ae78@group-D606C9B72829: changes role from  FOLLOWER to CANDIDATE at term 36 for changeToCandidate
2019-10-21 04:30:44,014 [Thread-817] INFO  impl.RoleInfo (RoleInfo.java:updateAndGet(143)) - f02da163-2c1f-4de2-ab71-b915d7d0ae78: start LeaderElection
2019-10-21 04:30:44,029 [f02da163-2c1f-4de2-ab71-b915d7d0ae78@group-D606C9B72829-LeaderElection41] INFO  impl.LeaderElection (LeaderElection.java:askForVotes(178)) - f02da163-2c1f-4de2-ab71-b915d7d0ae78@group-D606C9B72829-LeaderElection41: begin an election at term 37 for 0: [641380fb-ae96-4755-94e0-fd776bdc090f:192.168.34.41:39543, f02da163-2c1f-4de2-ab71-b915d7d0ae78:192.168.34.41:39439, dd1d24cd-1df3-4428-bf67-9b7dc9bd3e4c:192.168.34.41:45185], old=null
2019-10-21 04:30:44,032 [grpc-default-executor-2] INFO  impl.RaftServerImpl (RaftServerImpl.java:setRole(184)) - dd1d24cd-1df3-4428-bf67-9b7dc9bd3e4c@group-D606C9B72829: changes role from  FOLLOWER to FOLLOWER at term 37 for recognizeCandidate:f02da163-2c1f-4de2-ab71-b915d7d0ae78
2019-10-21 04:30:44,032 [grpc-default-executor-6] INFO  impl.RaftServerImpl (RaftServerImpl.java:setRole(184)) - 641380fb-ae96-4755-94e0-fd776bdc090f@group-D606C9B72829: changes role from  FOLLOWER to FOLLOWER at term 37 for recognizeCandidate:f02da163-2c1f-4de2-ab71-b915d7d0ae78
2019-10-21 04:30:44,032 [grpc-default-executor-2] INFO  impl.RoleInfo (RoleInfo.java:shutdownFollowerState(121)) - dd1d24cd-1df3-4428-bf67-9b7dc9bd3e4c: shutdown FollowerState
2019-10-21 04:30:44,032 [grpc-default-executor-6] INFO  impl.RoleInfo (RoleInfo.java:shutdownFollowerState(121)) - 641380fb-ae96-4755-94e0-fd776bdc090f: shutdown FollowerState
2019-10-21 04:30:44,032 [grpc-default-executor-2] INFO  impl.RoleInfo (RoleInfo.java:updateAndGet(143)) - dd1d24cd-1df3-4428-bf67-9b7dc9bd3e4c: start FollowerState
2019-10-21 04:30:44,032 [Thread-809] INFO  impl.FollowerState (FollowerState.java:run(117)) - dd1d24cd-1df3-4428-bf67-9b7dc9bd3e4c@group-D606C9B72829-FollowerState was interrupted: java.lang.InterruptedException: sleep interrupted
2019-10-21 04:30:44,033 [grpc-default-executor-6] INFO  impl.RoleInfo (RoleInfo.java:updateAndGet(143)) - 641380fb-ae96-4755-94e0-fd776bdc090f: start FollowerState
2019-10-21 04:30:44,033 [Thread-810] INFO  impl.FollowerState (FollowerState.java:run(117)) - 641380fb-ae96-4755-94e0-fd776bdc090f@group-D606C9B72829-FollowerState was interrupted: java.lang.InterruptedException: sleep interrupted
2019-10-21 04:30:44,039 [f02da163-2c1f-4de2-ab71-b915d7d0ae78@group-D606C9B72829-LeaderElection41] INFO  impl.LeaderElection (LeaderElection.java:logAndReturn(56)) - f02da163-2c1f-4de2-ab71-b915d7d0ae78@group-D606C9B72829-LeaderElection41: Election TIMEOUT; received 0 response(s) [] and 0 exception(s); f02da163-2c1f-4de2-ab71-b915d7d0ae78@group-D606C9B72829:t37, leader=null, voted=f02da163-2c1f-4de2-ab71-b915d7d0ae78, raftlog=f02da163-2c1f-4de2-ab71-b915d7d0ae78@group-D606C9B72829-SegmentedRaftLog:OPENED:c3,f4,i4, conf=0: [641380fb-ae96-4755-94e0-fd776bdc090f:192.168.34.41:39543, f02da163-2c1f-4de2-ab71-b915d7d0ae78:192.168.34.41:39439, dd1d24cd-1df3-4428-bf67-9b7dc9bd3e4c:192.168.34.41:45185], old=null
2019-10-21 04:30:44,046 [f02da163-2c1f-4de2-ab71-b915d7d0ae78@group-D606C9B72829-LeaderElection41] INFO  impl.LeaderElection (LeaderElection.java:askForVotes(178)) - f02da163-2c1f-4de2-ab71-b915d7d0ae78@group-D606C9B72829-LeaderElection41: begin an election at term 38 for 0: [641380fb-ae96-4755-94e0-fd776bdc090f:192.168.34.41:39543, f02da163-2c1f-4de2-ab71-b915d7d0ae78:192.168.34.41:39439, dd1d24cd-1df3-4428-bf67-9b7dc9bd3e4c:192.168.34.41:45185], old=null
2019-10-21 04:30:44,049 [grpc-default-executor-6] INFO  impl.RaftServerImpl (RaftServerImpl.java:setRole(184)) - dd1d24cd-1df3-4428-bf67-9b7dc9bd3e4c@group-D606C9B72829: changes role from  FOLLOWER to FOLLOWER at term 38 for recognizeCandidate:f02da163-2c1f-4de2-ab71-b915d7d0ae78
2019-10-21 04:30:44,049 [grpc-default-executor-6] INFO  impl.RoleInfo (RoleInfo.java:shutdownFollowerState(121)) - dd1d24cd-1df3-4428-bf67-9b7dc9bd3e4c: shutdown FollowerState
2019-10-21 04:30:44,049 [grpc-default-executor-2] INFO  impl.RaftServerImpl (RaftServerImpl.java:setRole(184)) - 641380fb-ae96-4755-94e0-fd776bdc090f@group-D606C9B72829: changes role from  FOLLOWER to FOLLOWER at term 38 for recognizeCandidate:f02da163-2c1f-4de2-ab71-b915d7d0ae78
2019-10-21 04:30:44,049 [grpc-default-executor-6] INFO  impl.RoleInfo (RoleInfo.java:updateAndGet(143)) - dd1d24cd-1df3-4428-bf67-9b7dc9bd3e4c: start FollowerState
2019-10-21 04:30:44,049 [Thread-825] INFO  impl.FollowerState (FollowerState.java:run(117)) - dd1d24cd-1df3-4428-bf67-9b7dc9bd3e4c@group-D606C9B72829-FollowerState was interrupted: java.lang.InterruptedException: sleep interrupted
2019-10-21 04:30:44,049 [grpc-default-executor-2] INFO  impl.RoleInfo (RoleInfo.java:shutdownFollowerState(121)) - 641380fb-ae96-4755-94e0-fd776bdc090f: shutdown FollowerState
2019-10-21 04:30:44,050 [Thread-826] INFO  impl.FollowerState (FollowerState.java:run(117)) - 641380fb-ae96-4755-94e0-fd776bdc090f@group-D606C9B72829-FollowerState was interrupted: java.lang.InterruptedException: sleep interrupted
2019-10-21 04:30:44,050 [grpc-default-executor-2] INFO  impl.RoleInfo (RoleInfo.java:updateAndGet(143)) - 641380fb-ae96-4755-94e0-fd776bdc090f: start FollowerState
2019-10-21 04:30:44,071 [f02da163-2c1f-4de2-ab71-b915d7d0ae78@group-D606C9B72829-LeaderElection41] INFO  impl.LeaderElection (LeaderElection.java:logAndReturn(56)) - f02da163-2c1f-4de2-ab71-b915d7d0ae78@group-D606C9B72829-LeaderElection41: Election REJECTED; received 2 response(s) [f02da163-2c1f-4de2-ab71-b915d7d0ae78<-641380fb-ae96-4755-94e0-fd776bdc090f#0:FAIL-t38, f02da163-2c1f-4de2-ab71-b915d7d0ae78<-dd1d24cd-1df3-4428-bf67-9b7dc9bd3e4c#0:FAIL-t38] and 0 exception(s); f02da163-2c1f-4de2-ab71-b915d7d0ae78@group-D606C9B72829:t38, leader=null, voted=f02da163-2c1f-4de2-ab71-b915d7d0ae78, raftlog=f02da163-2c1f-4de2-ab71-b915d7d0ae78@group-D606C9B72829-SegmentedRaftLog:OPENED:c3,f4,i4, conf=0: [641380fb-ae96-4755-94e0-fd776bdc090f:192.168.34.41:39543, f02da163-2c1f-4de2-ab71-b915d7d0ae78:192.168.34.41:39439, dd1d24cd-1df3-4428-bf67-9b7dc9bd3e4c:192.168.34.41:45185], old=null
2019-10-21 04:30:44,071 [f02da163-2c1f-4de2-ab71-b915d7d0ae78@group-D606C9B72829-LeaderElection41] INFO  impl.RaftServerImpl (RaftServerImpl.java:setRole(184)) - f02da163-2c1f-4de2-ab71-b915d7d0ae78@group-D606C9B72829: changes role from CANDIDATE to FOLLOWER at term 38 for DISCOVERED_A_NEW_TERM
2019-10-21 04:30:44,071 [f02da163-2c1f-4de2-ab71-b915d7d0ae78@group-D606C9B72829-LeaderElection41] INFO  impl.RoleInfo (RoleInfo.java:shutdownLeaderElection(134)) - f02da163-2c1f-4de2-ab71-b915d7d0ae78: shutdown LeaderElection
2019-10-21 04:30:44,072 [f02da163-2c1f-4de2-ab71-b915d7d0ae78@group-D606C9B72829-LeaderElection41] INFO  impl.RoleInfo (RoleInfo.java:updateAndGet(143)) - f02da163-2c1f-4de2-ab71-b915d7d0ae78: start FollowerState
2019-10-21 04:30:44,159 [Thread-831] INFO  impl.FollowerState (FollowerState.java:run(108)) - f02da163-2c1f-4de2-ab71-b915d7d0ae78@group-D606C9B72829-FollowerState: change to CANDIDATE, lastRpcTime:87ms, electionTimeout:87ms
2019-10-21 04:30:44,159 [Thread-831] INFO  impl.RoleInfo (RoleInfo.java:shutdownFollowerState(121)) - f02da163-2c1f-4de2-ab71-b915d7d0ae78: shutdown FollowerState
2019-10-21 04:30:44,160 [Thread-831] INFO  impl.RaftServerImpl (RaftServerImpl.java:setRole(184)) - f02da163-2c1f-4de2-ab71-b915d7d0ae78@group-D606C9B72829: changes role from  FOLLOWER to CANDIDATE at term 38 for changeToCandidate
2019-10-21 04:30:44,160 [Thread-831] INFO  impl.RoleInfo (RoleInfo.java:updateAndGet(143)) - f02da163-2c1f-4de2-ab71-b915d7d0ae78: start LeaderElection
2019-10-21 04:30:44,174 [f02da163-2c1f-4de2-ab71-b915d7d0ae78@group-D606C9B72829-LeaderElection42] INFO  impl.LeaderElection (LeaderElection.java:askForVotes(178)) - f02da163-2c1f-4de2-ab71-b915d7d0ae78@group-D606C9B72829-LeaderElection42: begin an election at term 39 for 0: [641380fb-ae96-4755-94e0-fd776bdc090f:192.168.34.41:39543, f02da163-2c1f-4de2-ab71-b915d7d0ae78:192.168.34.41:39439, dd1d24cd-1df3-4428-bf67-9b7dc9bd3e4c:192.168.34.41:45185], old=null
2019-10-21 04:30:44,176 [grpc-default-executor-2] INFO  impl.RaftServerImpl (RaftServerImpl.java:setRole(184)) - dd1d24cd-1df3-4428-bf67-9b7dc9bd3e4c@group-D606C9B72829: changes role from  FOLLOWER to FOLLOWER at term 39 for recognizeCandidate:f02da163-2c1f-4de2-ab71-b915d7d0ae78
2019-10-21 04:30:44,177 [grpc-default-executor-2] INFO  impl.RoleInfo (RoleInfo.java:shutdownFollowerState(121)) - dd1d24cd-1df3-4428-bf67-9b7dc9bd3e4c: shutdown FollowerState
2019-10-21 04:30:44,177 [grpc-default-executor-2] INFO  impl.RoleInfo (RoleInfo.java:updateAndGet(143)) - dd1d24cd-1df3-4428-bf67-9b7dc9bd3e4c: start FollowerState
2019-10-21 04:30:44,177 [grpc-default-executor-6] INFO  impl.RaftServerImpl (RaftServerImpl.java:setRole(184)) - 641380fb-ae96-4755-94e0-fd776bdc090f@group-D606C9B72829: changes role from  FOLLOWER to FOLLOWER at term 39 for recognizeCandidate:f02da163-2c1f-4de2-ab71-b915d7d0ae78
2019-10-21 04:30:44,177 [Thread-829] INFO  impl.FollowerState (FollowerState.java:run(117)) - dd1d24cd-1df3-4428-bf67-9b7dc9bd3e4c@group-D606C9B72829-FollowerState was interrupted: java.lang.InterruptedException: sleep interrupted
2019-10-21 04:30:44,177 [grpc-default-executor-6] INFO  impl.RoleInfo (RoleInfo.java:shutdownFollowerState(121)) - 641380fb-ae96-4755-94e0-fd776bdc090f: shutdown FollowerState
2019-10-21 04:30:44,177 [Thread-830] INFO  impl.FollowerState (FollowerState.java:run(117)) - 641380fb-ae96-4755-94e0-fd776bdc090f@group-D606C9B72829-FollowerState was interrupted: java.lang.InterruptedException: sleep interrupted
2019-10-21 04:30:44,177 [grpc-default-executor-6] INFO  impl.RoleInfo (RoleInfo.java:updateAndGet(143)) - 641380fb-ae96-4755-94e0-fd776bdc090f: start FollowerState
2019-10-21 04:30:44,192 [f02da163-2c1f-4de2-ab71-b915d7d0ae78@group-D606C9B72829-LeaderElection42] INFO  impl.LeaderElection (LeaderElection.java:logAndReturn(56)) - f02da163-2c1f-4de2-ab71-b915d7d0ae78@group-D606C9B72829-LeaderElection42: Election REJECTED; received 2 response(s) [f02da163-2c1f-4de2-ab71-b915d7d0ae78<-641380fb-ae96-4755-94e0-fd776bdc090f#0:FAIL-t39, f02da163-2c1f-4de2-ab71-b915d7d0ae78<-dd1d24cd-1df3-4428-bf67-9b7dc9bd3e4c#0:FAIL-t39] and 0 exception(s); f02da163-2c1f-4de2-ab71-b915d7d0ae78@group-D606C9B72829:t39, leader=null, voted=f02da163-2c1f-4de2-ab71-b915d7d0ae78, raftlog=f02da163-2c1f-4de2-ab71-b915d7d0ae78@group-D606C9B72829-SegmentedRaftLog:OPENED:c3,f4,i4, conf=0: [641380fb-ae96-4755-94e0-fd776bdc090f:192.168.34.41:39543, f02da163-2c1f-4de2-ab71-b915d7d0ae78:192.168.34.41:39439, dd1d24cd-1df3-4428-bf67-9b7dc9bd3e4c:192.168.34.41:45185], old=null
2019-10-21 04:30:44,193 [f02da163-2c1f-4de2-ab71-b915d7d0ae78@group-D606C9B72829-LeaderElection42] INFO  impl.RaftServerImpl (RaftServerImpl.java:setRole(184)) - f02da163-2c1f-4de2-ab71-b915d7d0ae78@group-D606C9B72829: changes role from CANDIDATE to FOLLOWER at term 39 for DISCOVERED_A_NEW_TERM
2019-10-21 04:30:44,193 [f02da163-2c1f-4de2-ab71-b915d7d0ae78@group-D606C9B72829-LeaderElection42] INFO  impl.RoleInfo (RoleInfo.java:shutdownLeaderElection(134)) - f02da163-2c1f-4de2-ab71-b915d7d0ae78: shutdown LeaderElection
2019-10-21 04:30:44,193 [f02da163-2c1f-4de2-ab71-b915d7d0ae78@group-D606C9B72829-LeaderElection42] INFO  impl.RoleInfo (RoleInfo.java:updateAndGet(143)) - f02da163-2c1f-4de2-ab71-b915d7d0ae78: start FollowerState
2019-10-21 04:30:44,261 [EventQueue-PendingDeleteStatusForPendingDeleteHandler] INFO  block.SCMBlockDeletingService (SCMBlockDeletingService.java:handlePendingDeletes(115)) - Block deletion txnID mismatch in datanode f02da163-2c1f-4de2-ab71-b915d7d0ae78 for containerID 1. Datanode delete txnID: 0, SCM txnID: 1
2019-10-21 04:30:44,346 [Thread-837] INFO  impl.FollowerState (FollowerState.java:run(108)) - f02da163-2c1f-4de2-ab71-b915d7d0ae78@group-D606C9B72829-FollowerState: change to CANDIDATE, lastRpcTime:153ms, electionTimeout:153ms
2019-10-21 04:30:44,346 [Thread-837] INFO  impl.RoleInfo (RoleInfo.java:shutdownFollowerState(121)) - f02da163-2c1f-4de2-ab71-b915d7d0ae78: shutdown FollowerState
2019-10-21 04:30:44,347 [Thread-837] INFO  impl.RaftServerImpl (RaftServerImpl.java:setRole(184)) - f02da163-2c1f-4de2-ab71-b915d7d0ae78@group-D606C9B72829: changes role from  FOLLOWER to CANDIDATE at term 39 for changeToCandidate
2019-10-21 04:30:44,347 [Thread-837] INFO  impl.RoleInfo (RoleInfo.java:updateAndGet(143)) - f02da163-2c1f-4de2-ab71-b915d7d0ae78: start LeaderElection
2019-10-21 04:30:44,361 [f02da163-2c1f-4de2-ab71-b915d7d0ae78@group-D606C9B72829-LeaderElection43] INFO  impl.LeaderElection (LeaderElection.java:askForVotes(178)) - f02da163-2c1f-4de2-ab71-b915d7d0ae78@group-D606C9B72829-LeaderElection43: begin an election at term 40 for 0: [641380fb-ae96-4755-94e0-fd776bdc090f:192.168.34.41:39543, f02da163-2c1f-4de2-ab71-b915d7d0ae78:192.168.34.41:39439, dd1d24cd-1df3-4428-bf67-9b7dc9bd3e4c:192.168.34.41:45185], old=null
2019-10-21 04:30:44,365 [grpc-default-executor-6] INFO  impl.RaftServerImpl (RaftServerImpl.java:setRole(184)) - dd1d24cd-1df3-4428-bf67-9b7dc9bd3e4c@group-D606C9B72829: changes role from  FOLLOWER to FOLLOWER at term 40 for recognizeCandidate:f02da163-2c1f-4de2-ab71-b915d7d0ae78
2019-10-21 04:30:44,365 [grpc-default-executor-2] INFO  impl.RaftServerImpl (RaftServerImpl.java:setRole(184)) - 641380fb-ae96-4755-94e0-fd776bdc090f@group-D606C9B72829: changes role from  FOLLOWER to FOLLOWER at term 40 for recognizeCandidate:f02da163-2c1f-4de2-ab71-b915d7d0ae78
2019-10-21 04:30:44,365 [grpc-default-executor-6] INFO  impl.RoleInfo (RoleInfo.java:shutdownFollowerState(121)) - dd1d24cd-1df3-4428-bf67-9b7dc9bd3e4c: shutdown FollowerState
2019-10-21 04:30:44,365 [grpc-default-executor-2] INFO  impl.RoleInfo (RoleInfo.java:shutdownFollowerState(121)) - 641380fb-ae96-4755-94e0-fd776bdc090f: shutdown FollowerState
2019-10-21 04:30:44,365 [Thread-835] INFO  impl.FollowerState (FollowerState.java:run(117)) - dd1d24cd-1df3-4428-bf67-9b7dc9bd3e4c@group-D606C9B72829-FollowerState was interrupted: java.lang.InterruptedException: sleep interrupted
2019-10-21 04:30:44,366 [Thread-836] INFO  impl.FollowerState (FollowerState.java:run(117)) - 641380fb-ae96-4755-94e0-fd776bdc090f@group-D606C9B72829-FollowerState was interrupted: java.lang.InterruptedException: sleep interrupted
2019-10-21 04:30:44,365 [grpc-default-executor-6] INFO  impl.RoleInfo (RoleInfo.java:updateAndGet(143)) - dd1d24cd-1df3-4428-bf67-9b7dc9bd3e4c: start FollowerState
2019-10-21 04:30:44,366 [grpc-default-executor-2] INFO  impl.RoleInfo (RoleInfo.java:updateAndGet(143)) - 641380fb-ae96-4755-94e0-fd776bdc090f: start FollowerState
2019-10-21 04:30:44,376 [Command processor thread] INFO  commandhandler.DeleteBlocksCommandHandler (DeleteBlocksCommandHandler.java:handle(106)) - Start to delete container blocks, TXIDs=[1(0)], numOfContainers=1, numOfBlocks=1
2019-10-21 04:30:44,376 [f02da163-2c1f-4de2-ab71-b915d7d0ae78@group-D606C9B72829-LeaderElection43] INFO  impl.LeaderElection (LeaderElection.java:logAndReturn(56)) - f02da163-2c1f-4de2-ab71-b915d7d0ae78@group-D606C9B72829-LeaderElection43: Election REJECTED; received 2 response(s) [f02da163-2c1f-4de2-ab71-b915d7d0ae78<-641380fb-ae96-4755-94e0-fd776bdc090f#0:FAIL-t40, f02da163-2c1f-4de2-ab71-b915d7d0ae78<-dd1d24cd-1df3-4428-bf67-9b7dc9bd3e4c#0:FAIL-t40] and 0 exception(s); f02da163-2c1f-4de2-ab71-b915d7d0ae78@group-D606C9B72829:t40, leader=null, voted=f02da163-2c1f-4de2-ab71-b915d7d0ae78, raftlog=f02da163-2c1f-4de2-ab71-b915d7d0ae78@group-D606C9B72829-SegmentedRaftLog:OPENED:c3,f4,i4, conf=0: [641380fb-ae96-4755-94e0-fd776bdc090f:192.168.34.41:39543, f02da163-2c1f-4de2-ab71-b915d7d0ae78:192.168.34.41:39439, dd1d24cd-1df3-4428-bf67-9b7dc9bd3e4c:192.168.34.41:45185], old=null
2019-10-21 04:30:44,376 [f02da163-2c1f-4de2-ab71-b915d7d0ae78@group-D606C9B72829-LeaderElection43] INFO  impl.RaftServerImpl (RaftServerImpl.java:setRole(184)) - f02da163-2c1f-4de2-ab71-b915d7d0ae78@group-D606C9B72829: changes role from CANDIDATE to FOLLOWER at term 40 for DISCOVERED_A_NEW_TERM
2019-10-21 04:30:44,376 [f02da163-2c1f-4de2-ab71-b915d7d0ae78@group-D606C9B72829-LeaderElection43] INFO  impl.RoleInfo (RoleInfo.java:shutdownLeaderElection(134)) - f02da163-2c1f-4de2-ab71-b915d7d0ae78: shutdown LeaderElection
2019-10-21 04:30:44,376 [f02da163-2c1f-4de2-ab71-b915d7d0ae78@group-D606C9B72829-LeaderElection43] INFO  impl.RoleInfo (RoleInfo.java:updateAndGet(143)) - f02da163-2c1f-4de2-ab71-b915d7d0ae78: start FollowerState
2019-10-21 04:30:44,376 [Command processor thread] INFO  commandhandler.DeleteBlocksCommandHandler (DeleteBlocksCommandHandler.java:handle(106)) - Start to delete container blocks, TXIDs=[1(2)], numOfContainers=1, numOfBlocks=1
2019-10-21 04:30:44,377 [Command processor thread] INFO  commandhandler.DeleteBlocksCommandHandler (DeleteBlocksCommandHandler.java:handle(106)) - Start to delete container blocks, TXIDs=[1(0)], numOfContainers=1, numOfBlocks=1
2019-10-21 04:30:44,377 [Command processor thread] INFO  commandhandler.DeleteBlocksCommandHandler (DeleteBlocksCommandHandler.java:handle(106)) - Start to delete container blocks, TXIDs=[1(2)], numOfContainers=1, numOfBlocks=1
2019-10-21 04:30:44,377 [Command processor thread] INFO  commandhandler.DeleteBlocksCommandHandler (DeleteBlocksCommandHandler.java:handle(106)) - Start to delete container blocks, TXIDs=[1(4)], numOfContainers=1, numOfBlocks=1
2019-10-21 04:30:44,377 [Command processor thread] INFO  commandhandler.DeleteBlocksCommandHandler (DeleteBlocksCommandHandler.java:handle(106)) - Start to delete container blocks, TXIDs=[1(0)], numOfContainers=1, numOfBlocks=1
2019-10-21 04:30:44,378 [Command processor thread] INFO  commandhandler.DeleteBlocksCommandHandler (DeleteBlocksCommandHandler.java:handle(106)) - Start to delete container blocks, TXIDs=[1(7)], numOfContainers=1, numOfBlocks=1
2019-10-21 04:30:44,378 [Command processor thread] INFO  commandhandler.DeleteBlocksCommandHandler (DeleteBlocksCommandHandler.java:handle(106)) - Start to delete container blocks, TXIDs=[1(2)], numOfContainers=1, numOfBlocks=1
2019-10-21 04:30:44,378 [BlockDeletingService#2] WARN  background.BlockDeletingService (BlockDeletingService.java:isDeletionAllowed(187)) - Close Container log Index 6 is not replicated across allthe servers in the pipeline d49b1818-47fb-49d2-b44c-d606c9b72829 as the min replicated index is 4. Deletion is not allowed in this container yet.
2019-10-21 04:30:44,378 [Command processor thread] INFO  commandhandler.DeleteBlocksCommandHandler (DeleteBlocksCommandHandler.java:handle(106)) - Start to delete container blocks, TXIDs=[1(4)], numOfContainers=1, numOfBlocks=1
2019-10-21 04:30:44,378 [BlockDeletingService#7] WARN  background.BlockDeletingService (BlockDeletingService.java:isDeletionAllowed(187)) - Close Container log Index 6 is not replicated across allthe servers in the pipeline d49b1818-47fb-49d2-b44c-d606c9b72829 as the min replicated index is 4. Deletion is not allowed in this container yet.
2019-10-21 04:30:44,379 [Command processor thread] INFO  commandhandler.DeleteBlocksCommandHandler (DeleteBlocksCommandHandler.java:handle(106)) - Start to delete container blocks, TXIDs=[1(0)], numOfContainers=1, numOfBlocks=1
2019-10-21 04:30:44,379 [Command processor thread] INFO  commandhandler.DeleteBlocksCommandHandler (DeleteBlocksCommandHandler.java:handle(106)) - Start to delete container blocks, TXIDs=[1(7)], numOfContainers=1, numOfBlocks=1
2019-10-21 04:30:44,379 [Command processor thread] INFO  commandhandler.DeleteBlocksCommandHandler (DeleteBlocksCommandHandler.java:handle(106)) - Start to delete container blocks, TXIDs=[1(7)], numOfContainers=1, numOfBlocks=1
2019-10-21 04:30:44,380 [Command processor thread] INFO  commandhandler.DeleteBlocksCommandHandler (DeleteBlocksCommandHandler.java:handle(106)) - Start to delete container blocks, TXIDs=[1(0)], numOfContainers=1, numOfBlocks=1
2019-10-21 04:30:44,380 [Command processor thread] INFO  commandhandler.DeleteBlocksCommandHandler (DeleteBlocksCommandHandler.java:handle(106)) - Start to delete container blocks, TXIDs=[1(2)], numOfContainers=1, numOfBlocks=1
2019-10-21 04:30:44,380 [Command processor thread] INFO  commandhandler.DeleteBlocksCommandHandler (DeleteBlocksCommandHandler.java:handle(106)) - Start to delete container blocks, TXIDs=[1(4)], numOfContainers=1, numOfBlocks=1
2019-10-21 04:30:44,380 [Command processor thread] INFO  commandhandler.DeleteBlocksCommandHandler (DeleteBlocksCommandHandler.java:handle(106)) - Start to delete container blocks, TXIDs=[1(0)], numOfContainers=1, numOfBlocks=1
2019-10-21 04:30:44,380 [Command processor thread] INFO  commandhandler.DeleteBlocksCommandHandler (DeleteBlocksCommandHandler.java:handle(106)) - Start to delete container blocks, TXIDs=[1(7)], numOfContainers=1, numOfBlocks=1
2019-10-21 04:30:44,380 [Command processor thread] INFO  commandhandler.DeleteBlocksCommandHandler (DeleteBlocksCommandHandler.java:handle(106)) - Start to delete container blocks, TXIDs=[1(7)], numOfContainers=1, numOfBlocks=1
2019-10-21 04:30:44,381 [Command processor thread] INFO  commandhandler.DeleteBlocksCommandHandler (DeleteBlocksCommandHandler.java:handle(106)) - Start to delete container blocks, TXIDs=[1(4)], numOfContainers=1, numOfBlocks=1
2019-10-21 04:30:44,381 [Command processor thread] INFO  commandhandler.DeleteBlocksCommandHandler (DeleteBlocksCommandHandler.java:handle(106)) - Start to delete container blocks, TXIDs=[1(2)], numOfContainers=1, numOfBlocks=1
2019-10-21 04:30:44,381 [Command processor thread] INFO  commandhandler.DeleteBlocksCommandHandler (DeleteBlocksCommandHandler.java:handle(106)) - Start to delete container blocks, TXIDs=[1(7)], numOfContainers=1, numOfBlocks=1
2019-10-21 04:30:44,381 [Command processor thread] INFO  commandhandler.DeleteBlocksCommandHandler (DeleteBlocksCommandHandler.java:handle(106)) - Start to delete container blocks, TXIDs=[1(7)], numOfContainers=1, numOfBlocks=1
2019-10-21 04:30:44,381 [Command processor thread] INFO  commandhandler.DeleteBlocksCommandHandler (DeleteBlocksCommandHandler.java:handle(106)) - Start to delete container blocks, TXIDs=[1(0)], numOfContainers=1, numOfBlocks=1
2019-10-21 04:30:44,382 [Command processor thread] INFO  commandhandler.DeleteBlocksCommandHandler (DeleteBlocksCommandHandler.java:handle(106)) - Start to delete container blocks, TXIDs=[1(7)], numOfContainers=1, numOfBlocks=1
2019-10-21 04:30:44,382 [Command processor thread] INFO  commandhandler.DeleteBlocksCommandHandler (DeleteBlocksCommandHandler.java:handle(106)) - Start to delete container blocks, TXIDs=[1(7)], numOfContainers=1, numOfBlocks=1
2019-10-21 04:30:44,382 [Command processor thread] INFO  commandhandler.DeleteBlocksCommandHandler (DeleteBlocksCommandHandler.java:handle(106)) - Start to delete container blocks, TXIDs=[1(7)], numOfContainers=1, numOfBlocks=1
2019-10-21 04:30:44,382 [Command processor thread] INFO  commandhandler.DeleteBlocksCommandHandler (DeleteBlocksCommandHandler.java:handle(106)) - Start to delete container blocks, TXIDs=[1(2)], numOfContainers=1, numOfBlocks=1
2019-10-21 04:30:44,382 [Command processor thread] INFO  commandhandler.DeleteBlocksCommandHandler (DeleteBlocksCommandHandler.java:handle(106)) - Start to delete container blocks, TXIDs=[1(4)], numOfContainers=1, numOfBlocks=1
2019-10-21 04:30:44,383 [Command processor thread] INFO  commandhandler.DeleteBlocksCommandHandler (DeleteBlocksCommandHandler.java:handle(106)) - Start to delete container blocks, TXIDs=[1(7)], numOfContainers=1, numOfBlocks=1
2019-10-21 04:30:44,383 [Command processor thread] INFO  commandhandler.DeleteBlocksCommandHandler (DeleteBlocksCommandHandler.java:handle(106)) - Start to delete container blocks, TXIDs=[1(2)], numOfContainers=1, numOfBlocks=1
2019-10-21 04:30:44,383 [Command processor thread] INFO  commandhandler.DeleteBlocksCommandHandler (DeleteBlocksCommandHandler.java:handle(106)) - Start to delete container blocks, TXIDs=[1(7)], numOfContainers=1, numOfBlocks=1
2019-10-21 04:30:44,383 [Command processor thread] INFO  commandhandler.DeleteBlocksCommandHandler (DeleteBlocksCommandHandler.java:handle(106)) - Start to delete container blocks, TXIDs=[1(7)], numOfContainers=1, numOfBlocks=1
2019-10-21 04:30:44,383 [Command processor thread] INFO  commandhandler.DeleteBlocksCommandHandler (DeleteBlocksCommandHandler.java:handle(106)) - Start to delete container blocks, TXIDs=[1(4)], numOfContainers=1, numOfBlocks=1
2019-10-21 04:30:44,383 [Command processor thread] INFO  commandhandler.DeleteBlocksCommandHandler (DeleteBlocksCommandHandler.java:handle(106)) - Start to delete container blocks, TXIDs=[1(7)], numOfContainers=1, numOfBlocks=1
2019-10-21 04:30:44,384 [Command processor thread] INFO  commandhandler.DeleteBlocksCommandHandler (DeleteBlocksCommandHandler.java:handle(106)) - Start to delete container blocks, TXIDs=[1(0)], numOfContainers=1, numOfBlocks=1
2019-10-21 04:30:44,384 [Command processor thread] INFO  commandhandler.DeleteBlocksCommandHandler (DeleteBlocksCommandHandler.java:handle(106)) - Start to delete container blocks, TXIDs=[1(7)], numOfContainers=1, numOfBlocks=1
2019-10-21 04:30:44,384 [Command processor thread] INFO  commandhandler.DeleteBlocksCommandHandler (DeleteBlocksCommandHandler.java:handle(106)) - Start to delete container blocks, TXIDs=[1(7)], numOfContainers=1, numOfBlocks=1
2019-10-21 04:30:44,384 [Command processor thread] INFO  commandhandler.DeleteBlocksCommandHandler (DeleteBlocksCommandHandler.java:handle(106)) - Start to delete container blocks, TXIDs=[1(44)], numOfContainers=1, numOfBlocks=1
2019-10-21 04:30:44,384 [Command processor thread] INFO  commandhandler.DeleteBlocksCommandHandler (DeleteBlocksCommandHandler.java:handle(106)) - Start to delete container blocks, TXIDs=[1(0)], numOfContainers=1, numOfBlocks=1
2019-10-21 04:30:44,385 [Command processor thread] INFO  commandhandler.DeleteBlocksCommandHandler (DeleteBlocksCommandHandler.java:handle(106)) - Start to delete container blocks, TXIDs=[1(7)], numOfContainers=1, numOfBlocks=1
2019-10-21 04:30:44,385 [Command processor thread] INFO  commandhandler.DeleteBlocksCommandHandler (DeleteBlocksCommandHandler.java:handle(106)) - Start to delete container blocks, TXIDs=[1(2)], numOfContainers=1, numOfBlocks=1
2019-10-21 04:30:44,385 [Command processor thread] INFO  commandhandler.DeleteBlocksCommandHandler (DeleteBlocksCommandHandler.java:handle(106)) - Start to delete container blocks, TXIDs=[1(7)], numOfContainers=1, numOfBlocks=1
2019-10-21 04:30:44,385 [Command processor thread] INFO  commandhandler.DeleteBlocksCommandHandler (DeleteBlocksCommandHandler.java:handle(106)) - Start to delete container blocks, TXIDs=[1(4)], numOfContainers=1, numOfBlocks=1
2019-10-21 04:30:44,385 [Command processor thread] INFO  commandhandler.DeleteBlocksCommandHandler (DeleteBlocksCommandHandler.java:handle(106)) - Start to delete container blocks, TXIDs=[1(7)], numOfContainers=1, numOfBlocks=1
2019-10-21 04:30:44,385 [Command processor thread] INFO  commandhandler.DeleteBlocksCommandHandler (DeleteBlocksCommandHandler.java:handle(106)) - Start to delete container blocks, TXIDs=[1(7)], numOfContainers=1, numOfBlocks=1
2019-10-21 04:30:44,423 [Thread-843] INFO  impl.FollowerState (FollowerState.java:run(108)) - f02da163-2c1f-4de2-ab71-b915d7d0ae78@group-D606C9B72829-FollowerState: change to CANDIDATE, lastRpcTime:46ms, electionTimeout:46ms
2019-10-21 04:30:44,423 [Thread-843] INFO  impl.RoleInfo (RoleInfo.java:shutdownFollowerState(121)) - f02da163-2c1f-4de2-ab71-b915d7d0ae78: shutdown FollowerState
2019-10-21 04:30:44,423 [Thread-843] INFO  impl.RaftServerImpl (RaftServerImpl.java:setRole(184)) - f02da163-2c1f-4de2-ab71-b915d7d0ae78@group-D606C9B72829: changes role from  FOLLOWER to CANDIDATE at term 40 for changeToCandidate
2019-10-21 04:30:44,423 [Thread-843] INFO  impl.RoleInfo (RoleInfo.java:updateAndGet(143)) - f02da163-2c1f-4de2-ab71-b915d7d0ae78: start LeaderElection
2019-10-21 04:30:44,437 [f02da163-2c1f-4de2-ab71-b915d7d0ae78@group-D606C9B72829-LeaderElection44] INFO  impl.LeaderElection (LeaderElection.java:askForVotes(178)) - f02da163-2c1f-4de2-ab71-b915d7d0ae78@group-D606C9B72829-LeaderElection44: begin an election at term 41 for 0: [641380fb-ae96-4755-94e0-fd776bdc090f:192.168.34.41:39543, f02da163-2c1f-4de2-ab71-b915d7d0ae78:192.168.34.41:39439, dd1d24cd-1df3-4428-bf67-9b7dc9bd3e4c:192.168.34.41:45185], old=null
2019-10-21 04:30:44,441 [grpc-default-executor-6] INFO  impl.RaftServerImpl (RaftServerImpl.java:setRole(184)) - dd1d24cd-1df3-4428-bf67-9b7dc9bd3e4c@group-D606C9B72829: changes role from  FOLLOWER to FOLLOWER at term 41 for recognizeCandidate:f02da163-2c1f-4de2-ab71-b915d7d0ae78
2019-10-21 04:30:44,441 [grpc-default-executor-2] INFO  impl.RaftServerImpl (RaftServerImpl.java:setRole(184)) - 641380fb-ae96-4755-94e0-fd776bdc090f@group-D606C9B72829: changes role from  FOLLOWER to FOLLOWER at term 41 for recognizeCandidate:f02da163-2c1f-4de2-ab71-b915d7d0ae78
2019-10-21 04:30:44,441 [grpc-default-executor-6] INFO  impl.RoleInfo (RoleInfo.java:shutdownFollowerState(121)) - dd1d24cd-1df3-4428-bf67-9b7dc9bd3e4c: shutdown FollowerState
2019-10-21 04:30:44,441 [grpc-default-executor-2] INFO  impl.RoleInfo (RoleInfo.java:shutdownFollowerState(121)) - 641380fb-ae96-4755-94e0-fd776bdc090f: shutdown FollowerState
2019-10-21 04:30:44,441 [grpc-default-executor-6] INFO  impl.RoleInfo (RoleInfo.java:updateAndGet(143)) - dd1d24cd-1df3-4428-bf67-9b7dc9bd3e4c: start FollowerState
2019-10-21 04:30:44,442 [grpc-default-executor-2] INFO  impl.RoleInfo (RoleInfo.java:updateAndGet(143)) - 641380fb-ae96-4755-94e0-fd776bdc090f: start FollowerState
2019-10-21 04:30:44,442 [Thread-842] INFO  impl.FollowerState (FollowerState.java:run(117)) - 641380fb-ae96-4755-94e0-fd776bdc090f@group-D606C9B72829-FollowerState was interrupted: java.lang.InterruptedException: sleep interrupted
2019-10-21 04:30:44,442 [Thread-841] INFO  impl.FollowerState (FollowerState.java:run(117)) - dd1d24cd-1df3-4428-bf67-9b7dc9bd3e4c@group-D606C9B72829-FollowerState was interrupted: java.lang.InterruptedException: sleep interrupted
2019-10-21 04:30:44,457 [f02da163-2c1f-4de2-ab71-b915d7d0ae78@group-D606C9B72829-LeaderElection44] INFO  impl.LeaderElection (LeaderElection.java:logAndReturn(56)) - f02da163-2c1f-4de2-ab71-b915d7d0ae78@group-D606C9B72829-LeaderElection44: Election REJECTED; received 2 response(s) [f02da163-2c1f-4de2-ab71-b915d7d0ae78<-641380fb-ae96-4755-94e0-fd776bdc090f#0:FAIL-t41, f02da163-2c1f-4de2-ab71-b915d7d0ae78<-dd1d24cd-1df3-4428-bf67-9b7dc9bd3e4c#0:FAIL-t41] and 0 exception(s); f02da163-2c1f-4de2-ab71-b915d7d0ae78@group-D606C9B72829:t41, leader=null, voted=f02da163-2c1f-4de2-ab71-b915d7d0ae78, raftlog=f02da163-2c1f-4de2-ab71-b915d7d0ae78@group-D606C9B72829-SegmentedRaftLog:OPENED:c3,f4,i4, conf=0: [641380fb-ae96-4755-94e0-fd776bdc090f:192.168.34.41:39543, f02da163-2c1f-4de2-ab71-b915d7d0ae78:192.168.34.41:39439, dd1d24cd-1df3-4428-bf67-9b7dc9bd3e4c:192.168.34.41:45185], old=null
2019-10-21 04:30:44,457 [f02da163-2c1f-4de2-ab71-b915d7d0ae78@group-D606C9B72829-LeaderElection44] INFO  impl.RaftServerImpl (RaftServerImpl.java:setRole(184)) - f02da163-2c1f-4de2-ab71-b915d7d0ae78@group-D606C9B72829: changes role from CANDIDATE to FOLLOWER at term 41 for DISCOVERED_A_NEW_TERM
2019-10-21 04:30:44,457 [f02da163-2c1f-4de2-ab71-b915d7d0ae78@group-D606C9B72829-LeaderElection44] INFO  impl.RoleInfo (RoleInfo.java:shutdownLeaderElection(134)) - f02da163-2c1f-4de2-ab71-b915d7d0ae78: shutdown LeaderElection
2019-10-21 04:30:44,457 [f02da163-2c1f-4de2-ab71-b915d7d0ae78@group-D606C9B72829-LeaderElection44] INFO  impl.RoleInfo (RoleInfo.java:updateAndGet(143)) - f02da163-2c1f-4de2-ab71-b915d7d0ae78: start FollowerState
2019-10-21 04:30:44,577 [EventQueue-DeleteBlockStatusForDeletedBlockLogImpl] WARN  block.DeletedBlockLogImpl (DeletedBlockLogImpl.java:commitTransactions(205)) - Transaction txId=1 commit by dnId=f02da163-2c1f-4de2-ab71-b915d7d0ae78 for containerID=#1 failed. Corresponding entry not found.
2019-10-21 04:30:44,577 [EventQueue-DeleteBlockStatusForDeletedBlockLogImpl] WARN  block.DeletedBlockLogImpl (DeletedBlockLogImpl.java:commitTransactions(205)) - Transaction txId=1 commit by dnId=f02da163-2c1f-4de2-ab71-b915d7d0ae78 for containerID=#1 failed. Corresponding entry not found.
2019-10-21 04:30:44,577 [EventQueue-DeleteBlockStatusForDeletedBlockLogImpl] WARN  block.DeletedBlockLogImpl (DeletedBlockLogImpl.java:commitTransactions(205)) - Transaction txId=1 commit by dnId=f02da163-2c1f-4de2-ab71-b915d7d0ae78 for containerID=#1 failed. Corresponding entry not found.
2019-10-21 04:30:44,577 [EventQueue-DeleteBlockStatusForDeletedBlockLogImpl] WARN  block.DeletedBlockLogImpl (DeletedBlockLogImpl.java:commitTransactions(205)) - Transaction txId=1 commit by dnId=f02da163-2c1f-4de2-ab71-b915d7d0ae78 for containerID=#1 failed. Corresponding entry not found.
2019-10-21 04:30:44,577 [EventQueue-DeleteBlockStatusForDeletedBlockLogImpl] WARN  block.DeletedBlockLogImpl (DeletedBlockLogImpl.java:commitTransactions(205)) - Transaction txId=1 commit by dnId=f02da163-2c1f-4de2-ab71-b915d7d0ae78 for containerID=#1 failed. Corresponding entry not found.
2019-10-21 04:30:44,577 [EventQueue-DeleteBlockStatusForDeletedBlockLogImpl] WARN  block.DeletedBlockLogImpl (DeletedBlockLogImpl.java:commitTransactions(205)) - Transaction txId=1 commit by dnId=f02da163-2c1f-4de2-ab71-b915d7d0ae78 for containerID=#1 failed. Corresponding entry not found.
2019-10-21 04:30:44,577 [EventQueue-DeleteBlockStatusForDeletedBlockLogImpl] WARN  block.DeletedBlockLogImpl (DeletedBlockLogImpl.java:commitTransactions(205)) - Transaction txId=1 commit by dnId=f02da163-2c1f-4de2-ab71-b915d7d0ae78 for containerID=#1 failed. Corresponding entry not found.
2019-10-21 04:30:44,578 [EventQueue-DeleteBlockStatusForDeletedBlockLogImpl] WARN  block.DeletedBlockLogImpl (DeletedBlockLogImpl.java:commitTransactions(205)) - Transaction txId=1 commit by dnId=f02da163-2c1f-4de2-ab71-b915d7d0ae78 for containerID=#1 failed. Corresponding entry not found.
2019-10-21 04:30:44,619 [Thread-852] INFO  impl.FollowerState (FollowerState.java:run(108)) - f02da163-2c1f-4de2-ab71-b915d7d0ae78@group-D606C9B72829-FollowerState: change to CANDIDATE, lastRpcTime:162ms, electionTimeout:162ms
2019-10-21 04:30:44,620 [Thread-852] INFO  impl.RoleInfo (RoleInfo.java:shutdownFollowerState(121)) - f02da163-2c1f-4de2-ab71-b915d7d0ae78: shutdown FollowerState
2019-10-21 04:30:44,620 [Thread-852] INFO  impl.RaftServerImpl (RaftServerImpl.java:setRole(184)) - f02da163-2c1f-4de2-ab71-b915d7d0ae78@group-D606C9B72829: changes role from  FOLLOWER to CANDIDATE at term 41 for changeToCandidate
2019-10-21 04:30:44,620 [Thread-852] INFO  impl.RoleInfo (RoleInfo.java:updateAndGet(143)) - f02da163-2c1f-4de2-ab71-b915d7d0ae78: start LeaderElection
2019-10-21 04:30:44,649 [Thread-855] INFO  client.GrpcClientProtocolService (GrpcClientProtocolService.java:lambda$processClientRequest$0(278)) - Failed RaftClientRequest:client-A60227926EB5->641380fb-ae96-4755-94e0-fd776bdc090f@group-D606C9B72829, cid=10, seq=0, Watch-ALL_COMMITTED(6), Message:<EMPTY>, reply=RaftClientReply:client-A60227926EB5->641380fb-ae96-4755-94e0-fd776bdc090f@group-D606C9B72829, cid=10, FAILED org.apache.ratis.protocol.NotLeaderException: Server 641380fb-ae96-4755-94e0-fd776bdc090f@group-D606C9B72829 is not the leader, logIndex=0, commits[641380fb-ae96-4755-94e0-fd776bdc090f:c10, f02da163-2c1f-4de2-ab71-b915d7d0ae78:c4, dd1d24cd-1df3-4428-bf67-9b7dc9bd3e4c:c10]
2019-10-21 04:30:44,655 [f02da163-2c1f-4de2-ab71-b915d7d0ae78@group-D606C9B72829-LeaderElection45] INFO  impl.LeaderElection (LeaderElection.java:askForVotes(178)) - f02da163-2c1f-4de2-ab71-b915d7d0ae78@group-D606C9B72829-LeaderElection45: begin an election at term 42 for 0: [641380fb-ae96-4755-94e0-fd776bdc090f:192.168.34.41:39543, f02da163-2c1f-4de2-ab71-b915d7d0ae78:192.168.34.41:39439, dd1d24cd-1df3-4428-bf67-9b7dc9bd3e4c:192.168.34.41:45185], old=null
2019-10-21 04:30:44,658 [grpc-default-executor-2] INFO  impl.RaftServerImpl (RaftServerImpl.java:setRole(184)) - dd1d24cd-1df3-4428-bf67-9b7dc9bd3e4c@group-D606C9B72829: changes role from  FOLLOWER to FOLLOWER at term 42 for recognizeCandidate:f02da163-2c1f-4de2-ab71-b915d7d0ae78
2019-10-21 04:30:44,658 [grpc-default-executor-2] INFO  impl.RoleInfo (RoleInfo.java:shutdownFollowerState(121)) - dd1d24cd-1df3-4428-bf67-9b7dc9bd3e4c: shutdown FollowerState
2019-10-21 04:30:44,658 [grpc-default-executor-6] INFO  impl.RaftServerImpl (RaftServerImpl.java:setRole(184)) - 641380fb-ae96-4755-94e0-fd776bdc090f@group-D606C9B72829: changes role from  FOLLOWER to FOLLOWER at term 42 for recognizeCandidate:f02da163-2c1f-4de2-ab71-b915d7d0ae78
2019-10-21 04:30:44,658 [grpc-default-executor-2] INFO  impl.RoleInfo (RoleInfo.java:updateAndGet(143)) - dd1d24cd-1df3-4428-bf67-9b7dc9bd3e4c: start FollowerState
2019-10-21 04:30:44,658 [Thread-850] INFO  impl.FollowerState (FollowerState.java:run(117)) - dd1d24cd-1df3-4428-bf67-9b7dc9bd3e4c@group-D606C9B72829-FollowerState was interrupted: java.lang.InterruptedException: sleep interrupted
2019-10-21 04:30:44,658 [grpc-default-executor-6] INFO  impl.RoleInfo (RoleInfo.java:shutdownFollowerState(121)) - 641380fb-ae96-4755-94e0-fd776bdc090f: shutdown FollowerState
2019-10-21 04:30:44,659 [grpc-default-executor-6] INFO  impl.RoleInfo (RoleInfo.java:updateAndGet(143)) - 641380fb-ae96-4755-94e0-fd776bdc090f: start FollowerState
2019-10-21 04:30:44,659 [Thread-851] INFO  impl.FollowerState (FollowerState.java:run(117)) - 641380fb-ae96-4755-94e0-fd776bdc090f@group-D606C9B72829-FollowerState was interrupted: java.lang.InterruptedException: sleep interrupted
2019-10-21 04:30:44,673 [f02da163-2c1f-4de2-ab71-b915d7d0ae78@group-D606C9B72829-LeaderElection45] INFO  impl.LeaderElection (LeaderElection.java:logAndReturn(56)) - f02da163-2c1f-4de2-ab71-b915d7d0ae78@group-D606C9B72829-LeaderElection45: Election REJECTED; received 2 response(s) [f02da163-2c1f-4de2-ab71-b915d7d0ae78<-641380fb-ae96-4755-94e0-fd776bdc090f#0:FAIL-t42, f02da163-2c1f-4de2-ab71-b915d7d0ae78<-dd1d24cd-1df3-4428-bf67-9b7dc9bd3e4c#0:FAIL-t42] and 0 exception(s); f02da163-2c1f-4de2-ab71-b915d7d0ae78@group-D606C9B72829:t42, leader=null, voted=f02da163-2c1f-4de2-ab71-b915d7d0ae78, raftlog=f02da163-2c1f-4de2-ab71-b915d7d0ae78@group-D606C9B72829-SegmentedRaftLog:OPENED:c3,f4,i4, conf=0: [641380fb-ae96-4755-94e0-fd776bdc090f:192.168.34.41:39543, f02da163-2c1f-4de2-ab71-b915d7d0ae78:192.168.34.41:39439, dd1d24cd-1df3-4428-bf67-9b7dc9bd3e4c:192.168.34.41:45185], old=null
2019-10-21 04:30:44,673 [f02da163-2c1f-4de2-ab71-b915d7d0ae78@group-D606C9B72829-LeaderElection45] INFO  impl.RaftServerImpl (RaftServerImpl.java:setRole(184)) - f02da163-2c1f-4de2-ab71-b915d7d0ae78@group-D606C9B72829: changes role from CANDIDATE to FOLLOWER at term 42 for DISCOVERED_A_NEW_TERM
2019-10-21 04:30:44,673 [f02da163-2c1f-4de2-ab71-b915d7d0ae78@group-D606C9B72829-LeaderElection45] INFO  impl.RoleInfo (RoleInfo.java:shutdownLeaderElection(134)) - f02da163-2c1f-4de2-ab71-b915d7d0ae78: shutdown LeaderElection
2019-10-21 04:30:44,673 [f02da163-2c1f-4de2-ab71-b915d7d0ae78@group-D606C9B72829-LeaderElection45] INFO  impl.RoleInfo (RoleInfo.java:updateAndGet(143)) - f02da163-2c1f-4de2-ab71-b915d7d0ae78: start FollowerState
2019-10-21 04:30:44,692 [Thread-861] INFO  impl.FollowerState (FollowerState.java:run(108)) - f02da163-2c1f-4de2-ab71-b915d7d0ae78@group-D606C9B72829-FollowerState: change to CANDIDATE, lastRpcTime:18ms, electionTimeout:18ms
2019-10-21 04:30:44,692 [Thread-861] INFO  impl.RoleInfo (RoleInfo.java:shutdownFollowerState(121)) - f02da163-2c1f-4de2-ab71-b915d7d0ae78: shutdown FollowerState
2019-10-21 04:30:44,692 [Thread-861] INFO  impl.RaftServerImpl (RaftServerImpl.java:setRole(184)) - f02da163-2c1f-4de2-ab71-b915d7d0ae78@group-D606C9B72829: changes role from  FOLLOWER to CANDIDATE at term 42 for changeToCandidate
2019-10-21 04:30:44,692 [Thread-861] INFO  impl.RoleInfo (RoleInfo.java:updateAndGet(143)) - f02da163-2c1f-4de2-ab71-b915d7d0ae78: start LeaderElection
2019-10-21 04:30:44,706 [f02da163-2c1f-4de2-ab71-b915d7d0ae78@group-D606C9B72829-LeaderElection46] INFO  impl.LeaderElection (LeaderElection.java:askForVotes(178)) - f02da163-2c1f-4de2-ab71-b915d7d0ae78@group-D606C9B72829-LeaderElection46: begin an election at term 43 for 0: [641380fb-ae96-4755-94e0-fd776bdc090f:192.168.34.41:39543, f02da163-2c1f-4de2-ab71-b915d7d0ae78:192.168.34.41:39439, dd1d24cd-1df3-4428-bf67-9b7dc9bd3e4c:192.168.34.41:45185], old=null
2019-10-21 04:30:44,709 [grpc-default-executor-2] INFO  impl.RaftServerImpl (RaftServerImpl.java:setRole(184)) - 641380fb-ae96-4755-94e0-fd776bdc090f@group-D606C9B72829: changes role from  FOLLOWER to FOLLOWER at term 43 for recognizeCandidate:f02da163-2c1f-4de2-ab71-b915d7d0ae78
2019-10-21 04:30:44,709 [grpc-default-executor-6] INFO  impl.RaftServerImpl (RaftServerImpl.java:setRole(184)) - dd1d24cd-1df3-4428-bf67-9b7dc9bd3e4c@group-D606C9B72829: changes role from  FOLLOWER to FOLLOWER at term 43 for recognizeCandidate:f02da163-2c1f-4de2-ab71-b915d7d0ae78
2019-10-21 04:30:44,709 [grpc-default-executor-2] INFO  impl.RoleInfo (RoleInfo.java:shutdownFollowerState(121)) - 641380fb-ae96-4755-94e0-fd776bdc090f: shutdown FollowerState
2019-10-21 04:30:44,709 [grpc-default-executor-6] INFO  impl.RoleInfo (RoleInfo.java:shutdownFollowerState(121)) - dd1d24cd-1df3-4428-bf67-9b7dc9bd3e4c: shutdown FollowerState
2019-10-21 04:30:44,709 [Thread-860] INFO  impl.FollowerState (FollowerState.java:run(117)) - 641380fb-ae96-4755-94e0-fd776bdc090f@group-D606C9B72829-FollowerState was interrupted: java.lang.InterruptedException: sleep interrupted
2019-10-21 04:30:44,709 [grpc-default-executor-2] INFO  impl.RoleInfo (RoleInfo.java:updateAndGet(143)) - 641380fb-ae96-4755-94e0-fd776bdc090f: start FollowerState
2019-10-21 04:30:44,709 [Thread-859] INFO  impl.FollowerState (FollowerState.java:run(117)) - dd1d24cd-1df3-4428-bf67-9b7dc9bd3e4c@group-D606C9B72829-FollowerState was interrupted: java.lang.InterruptedException: sleep interrupted
2019-10-21 04:30:44,709 [grpc-default-executor-6] INFO  impl.RoleInfo (RoleInfo.java:updateAndGet(143)) - dd1d24cd-1df3-4428-bf67-9b7dc9bd3e4c: start FollowerState
2019-10-21 04:30:44,724 [f02da163-2c1f-4de2-ab71-b915d7d0ae78@group-D606C9B72829-LeaderElection46] INFO  impl.LeaderElection (LeaderElection.java:logAndReturn(56)) - f02da163-2c1f-4de2-ab71-b915d7d0ae78@group-D606C9B72829-LeaderElection46: Election REJECTED; received 2 response(s) [f02da163-2c1f-4de2-ab71-b915d7d0ae78<-641380fb-ae96-4755-94e0-fd776bdc090f#0:FAIL-t43, f02da163-2c1f-4de2-ab71-b915d7d0ae78<-dd1d24cd-1df3-4428-bf67-9b7dc9bd3e4c#0:FAIL-t43] and 0 exception(s); f02da163-2c1f-4de2-ab71-b915d7d0ae78@group-D606C9B72829:t43, leader=null, voted=f02da163-2c1f-4de2-ab71-b915d7d0ae78, raftlog=f02da163-2c1f-4de2-ab71-b915d7d0ae78@group-D606C9B72829-SegmentedRaftLog:OPENED:c3,f4,i4, conf=0: [641380fb-ae96-4755-94e0-fd776bdc090f:192.168.34.41:39543, f02da163-2c1f-4de2-ab71-b915d7d0ae78:192.168.34.41:39439, dd1d24cd-1df3-4428-bf67-9b7dc9bd3e4c:192.168.34.41:45185], old=null
2019-10-21 04:30:44,724 [f02da163-2c1f-4de2-ab71-b915d7d0ae78@group-D606C9B72829-LeaderElection46] INFO  impl.RaftServerImpl (RaftServerImpl.java:setRole(184)) - f02da163-2c1f-4de2-ab71-b915d7d0ae78@group-D606C9B72829: changes role from CANDIDATE to FOLLOWER at term 43 for DISCOVERED_A_NEW_TERM
2019-10-21 04:30:44,724 [f02da163-2c1f-4de2-ab71-b915d7d0ae78@group-D606C9B72829-LeaderElection46] INFO  impl.RoleInfo (RoleInfo.java:shutdownLeaderElection(134)) - f02da163-2c1f-4de2-ab71-b915d7d0ae78: shutdown LeaderElection
2019-10-21 04:30:44,724 [f02da163-2c1f-4de2-ab71-b915d7d0ae78@group-D606C9B72829-LeaderElection46] INFO  impl.RoleInfo (RoleInfo.java:updateAndGet(143)) - f02da163-2c1f-4de2-ab71-b915d7d0ae78: start FollowerState
2019-10-21 04:30:44,825 [Thread-867] INFO  impl.FollowerState (FollowerState.java:run(108)) - f02da163-2c1f-4de2-ab71-b915d7d0ae78@group-D606C9B72829-FollowerState: change to CANDIDATE, lastRpcTime:100ms, electionTimeout:100ms
2019-10-21 04:30:44,825 [Thread-867] INFO  impl.RoleInfo (RoleInfo.java:shutdownFollowerState(121)) - f02da163-2c1f-4de2-ab71-b915d7d0ae78: shutdown FollowerState
2019-10-21 04:30:44,825 [Thread-867] INFO  impl.RaftServerImpl (RaftServerImpl.java:setRole(184)) - f02da163-2c1f-4de2-ab71-b915d7d0ae78@group-D606C9B72829: changes role from  FOLLOWER to CANDIDATE at term 43 for changeToCandidate
2019-10-21 04:30:44,825 [Thread-867] INFO  impl.RoleInfo (RoleInfo.java:updateAndGet(143)) - f02da163-2c1f-4de2-ab71-b915d7d0ae78: start LeaderElection
2019-10-21 04:30:44,839 [f02da163-2c1f-4de2-ab71-b915d7d0ae78@group-D606C9B72829-LeaderElection47] INFO  impl.LeaderElection (LeaderElection.java:askForVotes(178)) - f02da163-2c1f-4de2-ab71-b915d7d0ae78@group-D606C9B72829-LeaderElection47: begin an election at term 44 for 0: [641380fb-ae96-4755-94e0-fd776bdc090f:192.168.34.41:39543, f02da163-2c1f-4de2-ab71-b915d7d0ae78:192.168.34.41:39439, dd1d24cd-1df3-4428-bf67-9b7dc9bd3e4c:192.168.34.41:45185], old=null
2019-10-21 04:30:44,842 [grpc-default-executor-6] INFO  impl.RaftServerImpl (RaftServerImpl.java:setRole(184)) - 641380fb-ae96-4755-94e0-fd776bdc090f@group-D606C9B72829: changes role from  FOLLOWER to FOLLOWER at term 44 for recognizeCandidate:f02da163-2c1f-4de2-ab71-b915d7d0ae78
2019-10-21 04:30:44,842 [grpc-default-executor-2] INFO  impl.RaftServerImpl (RaftServerImpl.java:setRole(184)) - dd1d24cd-1df3-4428-bf67-9b7dc9bd3e4c@group-D606C9B72829: changes role from  FOLLOWER to FOLLOWER at term 44 for recognizeCandidate:f02da163-2c1f-4de2-ab71-b915d7d0ae78
2019-10-21 04:30:44,842 [grpc-default-executor-6] INFO  impl.RoleInfo (RoleInfo.java:shutdownFollowerState(121)) - 641380fb-ae96-4755-94e0-fd776bdc090f: shutdown FollowerState
2019-10-21 04:30:44,842 [grpc-default-executor-2] INFO  impl.RoleInfo (RoleInfo.java:shutdownFollowerState(121)) - dd1d24cd-1df3-4428-bf67-9b7dc9bd3e4c: shutdown FollowerState
2019-10-21 04:30:44,842 [grpc-default-executor-6] INFO  impl.RoleInfo (RoleInfo.java:updateAndGet(143)) - 641380fb-ae96-4755-94e0-fd776bdc090f: start FollowerState
2019-10-21 04:30:44,842 [grpc-default-executor-2] INFO  impl.RoleInfo (RoleInfo.java:updateAndGet(143)) - dd1d24cd-1df3-4428-bf67-9b7dc9bd3e4c: start FollowerState
2019-10-21 04:30:44,842 [Thread-865] INFO  impl.FollowerState (FollowerState.java:run(117)) - 641380fb-ae96-4755-94e0-fd776bdc090f@group-D606C9B72829-FollowerState was interrupted: java.lang.InterruptedException: sleep interrupted
2019-10-21 04:30:44,842 [Thread-866] INFO  impl.FollowerState (FollowerState.java:run(117)) - dd1d24cd-1df3-4428-bf67-9b7dc9bd3e4c@group-D606C9B72829-FollowerState was interrupted: java.lang.InterruptedException: sleep interrupted
2019-10-21 04:30:44,856 [f02da163-2c1f-4de2-ab71-b915d7d0ae78@group-D606C9B72829-LeaderElection47] INFO  impl.LeaderElection (LeaderElection.java:logAndReturn(56)) - f02da163-2c1f-4de2-ab71-b915d7d0ae78@group-D606C9B72829-LeaderElection47: Election REJECTED; received 2 response(s) [f02da163-2c1f-4de2-ab71-b915d7d0ae78<-641380fb-ae96-4755-94e0-fd776bdc090f#0:FAIL-t44, f02da163-2c1f-4de2-ab71-b915d7d0ae78<-dd1d24cd-1df3-4428-bf67-9b7dc9bd3e4c#0:FAIL-t44] and 0 exception(s); f02da163-2c1f-4de2-ab71-b915d7d0ae78@group-D606C9B72829:t44, leader=null, voted=f02da163-2c1f-4de2-ab71-b915d7d0ae78, raftlog=f02da163-2c1f-4de2-ab71-b915d7d0ae78@group-D606C9B72829-SegmentedRaftLog:OPENED:c3,f4,i4, conf=0: [641380fb-ae96-4755-94e0-fd776bdc090f:192.168.34.41:39543, f02da163-2c1f-4de2-ab71-b915d7d0ae78:192.168.34.41:39439, dd1d24cd-1df3-4428-bf67-9b7dc9bd3e4c:192.168.34.41:45185], old=null
2019-10-21 04:30:44,857 [f02da163-2c1f-4de2-ab71-b915d7d0ae78@group-D606C9B72829-LeaderElection47] INFO  impl.RaftServerImpl (RaftServerImpl.java:setRole(184)) - f02da163-2c1f-4de2-ab71-b915d7d0ae78@group-D606C9B72829: changes role from CANDIDATE to FOLLOWER at term 44 for DISCOVERED_A_NEW_TERM
2019-10-21 04:30:44,857 [f02da163-2c1f-4de2-ab71-b915d7d0ae78@group-D606C9B72829-LeaderElection47] INFO  impl.RoleInfo (RoleInfo.java:shutdownLeaderElection(134)) - f02da163-2c1f-4de2-ab71-b915d7d0ae78: shutdown LeaderElection
2019-10-21 04:30:44,857 [f02da163-2c1f-4de2-ab71-b915d7d0ae78@group-D606C9B72829-LeaderElection47] INFO  impl.RoleInfo (RoleInfo.java:updateAndGet(143)) - f02da163-2c1f-4de2-ab71-b915d7d0ae78: start FollowerState
2019-10-21 04:30:44,972 [Thread-873] INFO  impl.FollowerState (FollowerState.java:run(108)) - f02da163-2c1f-4de2-ab71-b915d7d0ae78@group-D606C9B72829-FollowerState: change to CANDIDATE, lastRpcTime:115ms, electionTimeout:115ms
2019-10-21 04:30:44,972 [Thread-873] INFO  impl.RoleInfo (RoleInfo.java:shutdownFollowerState(121)) - f02da163-2c1f-4de2-ab71-b915d7d0ae78: shutdown FollowerState
2019-10-21 04:30:44,973 [Thread-873] INFO  impl.RaftServerImpl (RaftServerImpl.java:setRole(184)) - f02da163-2c1f-4de2-ab71-b915d7d0ae78@group-D606C9B72829: changes role from  FOLLOWER to CANDIDATE at term 44 for changeToCandidate
2019-10-21 04:30:44,973 [Thread-873] INFO  impl.RoleInfo (RoleInfo.java:updateAndGet(143)) - f02da163-2c1f-4de2-ab71-b915d7d0ae78: start LeaderElection
2019-10-21 04:30:44,987 [f02da163-2c1f-4de2-ab71-b915d7d0ae78@group-D606C9B72829-LeaderElection48] INFO  impl.LeaderElection (LeaderElection.java:askForVotes(178)) - f02da163-2c1f-4de2-ab71-b915d7d0ae78@group-D606C9B72829-LeaderElection48: begin an election at term 45 for 0: [641380fb-ae96-4755-94e0-fd776bdc090f:192.168.34.41:39543, f02da163-2c1f-4de2-ab71-b915d7d0ae78:192.168.34.41:39439, dd1d24cd-1df3-4428-bf67-9b7dc9bd3e4c:192.168.34.41:45185], old=null
2019-10-21 04:30:44,990 [grpc-default-executor-6] INFO  impl.RaftServerImpl (RaftServerImpl.java:setRole(184)) - 641380fb-ae96-4755-94e0-fd776bdc090f@group-D606C9B72829: changes role from  FOLLOWER to FOLLOWER at term 45 for recognizeCandidate:f02da163-2c1f-4de2-ab71-b915d7d0ae78
2019-10-21 04:30:44,990 [grpc-default-executor-2] INFO  impl.RaftServerImpl (RaftServerImpl.java:setRole(184)) - dd1d24cd-1df3-4428-bf67-9b7dc9bd3e4c@group-D606C9B72829: changes role from  FOLLOWER to FOLLOWER at term 45 for recognizeCandidate:f02da163-2c1f-4de2-ab71-b915d7d0ae78
2019-10-21 04:30:44,990 [grpc-default-executor-6] INFO  impl.RoleInfo (RoleInfo.java:shutdownFollowerState(121)) - 641380fb-ae96-4755-94e0-fd776bdc090f: shutdown FollowerState
2019-10-21 04:30:44,990 [grpc-default-executor-2] INFO  impl.RoleInfo (RoleInfo.java:shutdownFollowerState(121)) - dd1d24cd-1df3-4428-bf67-9b7dc9bd3e4c: shutdown FollowerState
2019-10-21 04:30:44,990 [grpc-default-executor-6] INFO  impl.RoleInfo (RoleInfo.java:updateAndGet(143)) - 641380fb-ae96-4755-94e0-fd776bdc090f: start FollowerState
2019-10-21 04:30:44,990 [Thread-871] INFO  impl.FollowerState (FollowerState.java:run(117)) - 641380fb-ae96-4755-94e0-fd776bdc090f@group-D606C9B72829-FollowerState was interrupted: java.lang.InterruptedException: sleep interrupted
2019-10-21 04:30:44,991 [Thread-872] INFO  impl.FollowerState (FollowerState.java:run(117)) - dd1d24cd-1df3-4428-bf67-9b7dc9bd3e4c@group-D606C9B72829-FollowerState was interrupted: java.lang.InterruptedException: sleep interrupted
2019-10-21 04:30:44,990 [grpc-default-executor-2] INFO  impl.RoleInfo (RoleInfo.java:updateAndGet(143)) - dd1d24cd-1df3-4428-bf67-9b7dc9bd3e4c: start FollowerState
2019-10-21 04:30:45,006 [f02da163-2c1f-4de2-ab71-b915d7d0ae78@group-D606C9B72829-LeaderElection48] INFO  impl.LeaderElection (LeaderElection.java:logAndReturn(56)) - f02da163-2c1f-4de2-ab71-b915d7d0ae78@group-D606C9B72829-LeaderElection48: Election REJECTED; received 2 response(s) [f02da163-2c1f-4de2-ab71-b915d7d0ae78<-641380fb-ae96-4755-94e0-fd776bdc090f#0:FAIL-t45, f02da163-2c1f-4de2-ab71-b915d7d0ae78<-dd1d24cd-1df3-4428-bf67-9b7dc9bd3e4c#0:FAIL-t45] and 0 exception(s); f02da163-2c1f-4de2-ab71-b915d7d0ae78@group-D606C9B72829:t45, leader=null, voted=f02da163-2c1f-4de2-ab71-b915d7d0ae78, raftlog=f02da163-2c1f-4de2-ab71-b915d7d0ae78@group-D606C9B72829-SegmentedRaftLog:OPENED:c3,f4,i4, conf=0: [641380fb-ae96-4755-94e0-fd776bdc090f:192.168.34.41:39543, f02da163-2c1f-4de2-ab71-b915d7d0ae78:192.168.34.41:39439, dd1d24cd-1df3-4428-bf67-9b7dc9bd3e4c:192.168.34.41:45185], old=null
2019-10-21 04:30:45,006 [f02da163-2c1f-4de2-ab71-b915d7d0ae78@group-D606C9B72829-LeaderElection48] INFO  impl.RaftServerImpl (RaftServerImpl.java:setRole(184)) - f02da163-2c1f-4de2-ab71-b915d7d0ae78@group-D606C9B72829: changes role from CANDIDATE to FOLLOWER at term 45 for DISCOVERED_A_NEW_TERM
2019-10-21 04:30:45,006 [f02da163-2c1f-4de2-ab71-b915d7d0ae78@group-D606C9B72829-LeaderElection48] INFO  impl.RoleInfo (RoleInfo.java:shutdownLeaderElection(134)) - f02da163-2c1f-4de2-ab71-b915d7d0ae78: shutdown LeaderElection
2019-10-21 04:30:45,006 [f02da163-2c1f-4de2-ab71-b915d7d0ae78@group-D606C9B72829-LeaderElection48] INFO  impl.RoleInfo (RoleInfo.java:updateAndGet(143)) - f02da163-2c1f-4de2-ab71-b915d7d0ae78: start FollowerState
2019-10-21 04:30:45,127 [Thread-879] INFO  impl.FollowerState (FollowerState.java:run(108)) - f02da163-2c1f-4de2-ab71-b915d7d0ae78@group-D606C9B72829-FollowerState: change to CANDIDATE, lastRpcTime:120ms, electionTimeout:120ms
2019-10-21 04:30:45,127 [Thread-879] INFO  impl.RoleInfo (RoleInfo.java:shutdownFollowerState(121)) - f02da163-2c1f-4de2-ab71-b915d7d0ae78: shutdown FollowerState
2019-10-21 04:30:45,127 [Thread-879] INFO  impl.RaftServerImpl (RaftServerImpl.java:setRole(184)) - f02da163-2c1f-4de2-ab71-b915d7d0ae78@group-D606C9B72829: changes role from  FOLLOWER to CANDIDATE at term 45 for changeToCandidate
2019-10-21 04:30:45,127 [Thread-879] INFO  impl.RoleInfo (RoleInfo.java:updateAndGet(143)) - f02da163-2c1f-4de2-ab71-b915d7d0ae78: start LeaderElection
2019-10-21 04:30:45,141 [f02da163-2c1f-4de2-ab71-b915d7d0ae78@group-D606C9B72829-LeaderElection49] INFO  impl.LeaderElection (LeaderElection.java:askForVotes(178)) - f02da163-2c1f-4de2-ab71-b915d7d0ae78@group-D606C9B72829-LeaderElection49: begin an election at term 46 for 0: [641380fb-ae96-4755-94e0-fd776bdc090f:192.168.34.41:39543, f02da163-2c1f-4de2-ab71-b915d7d0ae78:192.168.34.41:39439, dd1d24cd-1df3-4428-bf67-9b7dc9bd3e4c:192.168.34.41:45185], old=null
2019-10-21 04:30:45,144 [grpc-default-executor-6] INFO  impl.RaftServerImpl (RaftServerImpl.java:setRole(184)) - 641380fb-ae96-4755-94e0-fd776bdc090f@group-D606C9B72829: changes role from  FOLLOWER to FOLLOWER at term 46 for recognizeCandidate:f02da163-2c1f-4de2-ab71-b915d7d0ae78
2019-10-21 04:30:45,144 [grpc-default-executor-2] INFO  impl.RaftServerImpl (RaftServerImpl.java:setRole(184)) - dd1d24cd-1df3-4428-bf67-9b7dc9bd3e4c@group-D606C9B72829: changes role from  FOLLOWER to FOLLOWER at term 46 for recognizeCandidate:f02da163-2c1f-4de2-ab71-b915d7d0ae78
2019-10-21 04:30:45,144 [grpc-default-executor-6] INFO  impl.RoleInfo (RoleInfo.java:shutdownFollowerState(121)) - 641380fb-ae96-4755-94e0-fd776bdc090f: shutdown FollowerState
2019-10-21 04:30:45,145 [grpc-default-executor-2] INFO  impl.RoleInfo (RoleInfo.java:shutdownFollowerState(121)) - dd1d24cd-1df3-4428-bf67-9b7dc9bd3e4c: shutdown FollowerState
2019-10-21 04:30:45,145 [Thread-877] INFO  impl.FollowerState (FollowerState.java:run(117)) - 641380fb-ae96-4755-94e0-fd776bdc090f@group-D606C9B72829-FollowerState was interrupted: java.lang.InterruptedException: sleep interrupted
2019-10-21 04:30:45,145 [grpc-default-executor-6] INFO  impl.RoleInfo (RoleInfo.java:updateAndGet(143)) - 641380fb-ae96-4755-94e0-fd776bdc090f: start FollowerState
2019-10-21 04:30:45,145 [Thread-878] INFO  impl.FollowerState (FollowerState.java:run(117)) - dd1d24cd-1df3-4428-bf67-9b7dc9bd3e4c@group-D606C9B72829-FollowerState was interrupted: java.lang.InterruptedException: sleep interrupted
2019-10-21 04:30:45,145 [grpc-default-executor-2] INFO  impl.RoleInfo (RoleInfo.java:updateAndGet(143)) - dd1d24cd-1df3-4428-bf67-9b7dc9bd3e4c: start FollowerState
2019-10-21 04:30:45,160 [f02da163-2c1f-4de2-ab71-b915d7d0ae78@group-D606C9B72829-LeaderElection49] INFO  impl.LeaderElection (LeaderElection.java:logAndReturn(56)) - f02da163-2c1f-4de2-ab71-b915d7d0ae78@group-D606C9B72829-LeaderElection49: Election REJECTED; received 2 response(s) [f02da163-2c1f-4de2-ab71-b915d7d0ae78<-641380fb-ae96-4755-94e0-fd776bdc090f#0:FAIL-t46, f02da163-2c1f-4de2-ab71-b915d7d0ae78<-dd1d24cd-1df3-4428-bf67-9b7dc9bd3e4c#0:FAIL-t46] and 0 exception(s); f02da163-2c1f-4de2-ab71-b915d7d0ae78@group-D606C9B72829:t46, leader=null, voted=f02da163-2c1f-4de2-ab71-b915d7d0ae78, raftlog=f02da163-2c1f-4de2-ab71-b915d7d0ae78@group-D606C9B72829-SegmentedRaftLog:OPENED:c3,f4,i4, conf=0: [641380fb-ae96-4755-94e0-fd776bdc090f:192.168.34.41:39543, f02da163-2c1f-4de2-ab71-b915d7d0ae78:192.168.34.41:39439, dd1d24cd-1df3-4428-bf67-9b7dc9bd3e4c:192.168.34.41:45185], old=null
2019-10-21 04:30:45,160 [f02da163-2c1f-4de2-ab71-b915d7d0ae78@group-D606C9B72829-LeaderElection49] INFO  impl.RaftServerImpl (RaftServerImpl.java:setRole(184)) - f02da163-2c1f-4de2-ab71-b915d7d0ae78@group-D606C9B72829: changes role from CANDIDATE to FOLLOWER at term 46 for DISCOVERED_A_NEW_TERM
2019-10-21 04:30:45,161 [f02da163-2c1f-4de2-ab71-b915d7d0ae78@group-D606C9B72829-LeaderElection49] INFO  impl.RoleInfo (RoleInfo.java:shutdownLeaderElection(134)) - f02da163-2c1f-4de2-ab71-b915d7d0ae78: shutdown LeaderElection
2019-10-21 04:30:45,161 [f02da163-2c1f-4de2-ab71-b915d7d0ae78@group-D606C9B72829-LeaderElection49] INFO  impl.RoleInfo (RoleInfo.java:updateAndGet(143)) - f02da163-2c1f-4de2-ab71-b915d7d0ae78: start FollowerState
2019-10-21 04:30:45,274 [Thread-885] INFO  impl.FollowerState (FollowerState.java:run(108)) - f02da163-2c1f-4de2-ab71-b915d7d0ae78@group-D606C9B72829-FollowerState: change to CANDIDATE, lastRpcTime:113ms, electionTimeout:113ms
2019-10-21 04:30:45,274 [Thread-885] INFO  impl.RoleInfo (RoleInfo.java:shutdownFollowerState(121)) - f02da163-2c1f-4de2-ab71-b915d7d0ae78: shutdown FollowerState
2019-10-21 04:30:45,274 [Thread-885] INFO  impl.RaftServerImpl (RaftServerImpl.java:setRole(184)) - f02da163-2c1f-4de2-ab71-b915d7d0ae78@group-D606C9B72829: changes role from  FOLLOWER to CANDIDATE at term 46 for changeToCandidate
2019-10-21 04:30:45,274 [Thread-885] INFO  impl.RoleInfo (RoleInfo.java:updateAndGet(143)) - f02da163-2c1f-4de2-ab71-b915d7d0ae78: start LeaderElection
2019-10-21 04:30:45,288 [f02da163-2c1f-4de2-ab71-b915d7d0ae78@group-D606C9B72829-LeaderElection50] INFO  impl.LeaderElection (LeaderElection.java:askForVotes(178)) - f02da163-2c1f-4de2-ab71-b915d7d0ae78@group-D606C9B72829-LeaderElection50: begin an election at term 47 for 0: [641380fb-ae96-4755-94e0-fd776bdc090f:192.168.34.41:39543, f02da163-2c1f-4de2-ab71-b915d7d0ae78:192.168.34.41:39439, dd1d24cd-1df3-4428-bf67-9b7dc9bd3e4c:192.168.34.41:45185], old=null
2019-10-21 04:30:45,291 [grpc-default-executor-6] INFO  impl.RaftServerImpl (RaftServerImpl.java:setRole(184)) - dd1d24cd-1df3-4428-bf67-9b7dc9bd3e4c@group-D606C9B72829: changes role from  FOLLOWER to FOLLOWER at term 47 for recognizeCandidate:f02da163-2c1f-4de2-ab71-b915d7d0ae78
2019-10-21 04:30:45,291 [grpc-default-executor-6] INFO  impl.RoleInfo (RoleInfo.java:shutdownFollowerState(121)) - dd1d24cd-1df3-4428-bf67-9b7dc9bd3e4c: shutdown FollowerState
2019-10-21 04:30:45,291 [grpc-default-executor-2] INFO  impl.RaftServerImpl (RaftServerImpl.java:setRole(184)) - 641380fb-ae96-4755-94e0-fd776bdc090f@group-D606C9B72829: changes role from  FOLLOWER to FOLLOWER at term 47 for recognizeCandidate:f02da163-2c1f-4de2-ab71-b915d7d0ae78
2019-10-21 04:30:45,291 [Thread-884] INFO  impl.FollowerState (FollowerState.java:run(117)) - dd1d24cd-1df3-4428-bf67-9b7dc9bd3e4c@group-D606C9B72829-FollowerState was interrupted: java.lang.InterruptedException: sleep interrupted
2019-10-21 04:30:45,291 [grpc-default-executor-6] INFO  impl.RoleInfo (RoleInfo.java:updateAndGet(143)) - dd1d24cd-1df3-4428-bf67-9b7dc9bd3e4c: start FollowerState
2019-10-21 04:30:45,292 [grpc-default-executor-2] INFO  impl.RoleInfo (RoleInfo.java:shutdownFollowerState(121)) - 641380fb-ae96-4755-94e0-fd776bdc090f: shutdown FollowerState
2019-10-21 04:30:45,292 [Thread-883] INFO  impl.FollowerState (FollowerState.java:run(117)) - 641380fb-ae96-4755-94e0-fd776bdc090f@group-D606C9B72829-FollowerState was interrupted: java.lang.InterruptedException: sleep interrupted
2019-10-21 04:30:45,292 [grpc-default-executor-2] INFO  impl.RoleInfo (RoleInfo.java:updateAndGet(143)) - 641380fb-ae96-4755-94e0-fd776bdc090f: start FollowerState
2019-10-21 04:30:45,307 [f02da163-2c1f-4de2-ab71-b915d7d0ae78@group-D606C9B72829-LeaderElection50] INFO  impl.LeaderElection (LeaderElection.java:logAndReturn(56)) - f02da163-2c1f-4de2-ab71-b915d7d0ae78@group-D606C9B72829-LeaderElection50: Election REJECTED; received 2 response(s) [f02da163-2c1f-4de2-ab71-b915d7d0ae78<-641380fb-ae96-4755-94e0-fd776bdc090f#0:FAIL-t47, f02da163-2c1f-4de2-ab71-b915d7d0ae78<-dd1d24cd-1df3-4428-bf67-9b7dc9bd3e4c#0:FAIL-t47] and 0 exception(s); f02da163-2c1f-4de2-ab71-b915d7d0ae78@group-D606C9B72829:t47, leader=null, voted=f02da163-2c1f-4de2-ab71-b915d7d0ae78, raftlog=f02da163-2c1f-4de2-ab71-b915d7d0ae78@group-D606C9B72829-SegmentedRaftLog:OPENED:c3,f4,i4, conf=0: [641380fb-ae96-4755-94e0-fd776bdc090f:192.168.34.41:39543, f02da163-2c1f-4de2-ab71-b915d7d0ae78:192.168.34.41:39439, dd1d24cd-1df3-4428-bf67-9b7dc9bd3e4c:192.168.34.41:45185], old=null
2019-10-21 04:30:45,307 [f02da163-2c1f-4de2-ab71-b915d7d0ae78@group-D606C9B72829-LeaderElection50] INFO  impl.RaftServerImpl (RaftServerImpl.java:setRole(184)) - f02da163-2c1f-4de2-ab71-b915d7d0ae78@group-D606C9B72829: changes role from CANDIDATE to FOLLOWER at term 47 for DISCOVERED_A_NEW_TERM
2019-10-21 04:30:45,308 [f02da163-2c1f-4de2-ab71-b915d7d0ae78@group-D606C9B72829-LeaderElection50] INFO  impl.RoleInfo (RoleInfo.java:shutdownLeaderElection(134)) - f02da163-2c1f-4de2-ab71-b915d7d0ae78: shutdown LeaderElection
2019-10-21 04:30:45,308 [f02da163-2c1f-4de2-ab71-b915d7d0ae78@group-D606C9B72829-LeaderElection50] INFO  impl.RoleInfo (RoleInfo.java:updateAndGet(143)) - f02da163-2c1f-4de2-ab71-b915d7d0ae78: start FollowerState
2019-10-21 04:30:45,380 [BlockDeletingService#2] WARN  background.BlockDeletingService (BlockDeletingService.java:isDeletionAllowed(187)) - Close Container log Index 6 is not replicated across allthe servers in the pipeline d49b1818-47fb-49d2-b44c-d606c9b72829 as the min replicated index is 4. Deletion is not allowed in this container yet.
2019-10-21 04:30:45,380 [BlockDeletingService#7] WARN  background.BlockDeletingService (BlockDeletingService.java:isDeletionAllowed(187)) - Close Container log Index 6 is not replicated across allthe servers in the pipeline d49b1818-47fb-49d2-b44c-d606c9b72829 as the min replicated index is 4. Deletion is not allowed in this container yet.
2019-10-21 04:30:45,470 [Thread-891] INFO  impl.FollowerState (FollowerState.java:run(108)) - f02da163-2c1f-4de2-ab71-b915d7d0ae78@group-D606C9B72829-FollowerState: change to CANDIDATE, lastRpcTime:162ms, electionTimeout:162ms
2019-10-21 04:30:45,470 [Thread-891] INFO  impl.RoleInfo (RoleInfo.java:shutdownFollowerState(121)) - f02da163-2c1f-4de2-ab71-b915d7d0ae78: shutdown FollowerState
2019-10-21 04:30:45,471 [Thread-891] INFO  impl.RaftServerImpl (RaftServerImpl.java:setRole(184)) - f02da163-2c1f-4de2-ab71-b915d7d0ae78@group-D606C9B72829: changes role from  FOLLOWER to CANDIDATE at term 47 for changeToCandidate
2019-10-21 04:30:45,471 [Thread-891] INFO  impl.RoleInfo (RoleInfo.java:updateAndGet(143)) - f02da163-2c1f-4de2-ab71-b915d7d0ae78: start LeaderElection
2019-10-21 04:30:45,485 [f02da163-2c1f-4de2-ab71-b915d7d0ae78@group-D606C9B72829-LeaderElection51] INFO  impl.LeaderElection (LeaderElection.java:askForVotes(178)) - f02da163-2c1f-4de2-ab71-b915d7d0ae78@group-D606C9B72829-LeaderElection51: begin an election at term 48 for 0: [641380fb-ae96-4755-94e0-fd776bdc090f:192.168.34.41:39543, f02da163-2c1f-4de2-ab71-b915d7d0ae78:192.168.34.41:39439, dd1d24cd-1df3-4428-bf67-9b7dc9bd3e4c:192.168.34.41:45185], old=null
2019-10-21 04:30:45,488 [grpc-default-executor-6] INFO  impl.RaftServerImpl (RaftServerImpl.java:setRole(184)) - 641380fb-ae96-4755-94e0-fd776bdc090f@group-D606C9B72829: changes role from  FOLLOWER to FOLLOWER at term 48 for recognizeCandidate:f02da163-2c1f-4de2-ab71-b915d7d0ae78
2019-10-21 04:30:45,488 [grpc-default-executor-2] INFO  impl.RaftServerImpl (RaftServerImpl.java:setRole(184)) - dd1d24cd-1df3-4428-bf67-9b7dc9bd3e4c@group-D606C9B72829: changes role from  FOLLOWER to FOLLOWER at term 48 for recognizeCandidate:f02da163-2c1f-4de2-ab71-b915d7d0ae78
2019-10-21 04:30:45,488 [grpc-default-executor-6] INFO  impl.RoleInfo (RoleInfo.java:shutdownFollowerState(121)) - 641380fb-ae96-4755-94e0-fd776bdc090f: shutdown FollowerState
2019-10-21 04:30:45,488 [grpc-default-executor-2] INFO  impl.RoleInfo (RoleInfo.java:shutdownFollowerState(121)) - dd1d24cd-1df3-4428-bf67-9b7dc9bd3e4c: shutdown FollowerState
2019-10-21 04:30:45,489 [Thread-890] INFO  impl.FollowerState (FollowerState.java:run(117)) - 641380fb-ae96-4755-94e0-fd776bdc090f@group-D606C9B72829-FollowerState was interrupted: java.lang.InterruptedException: sleep interrupted
2019-10-21 04:30:45,488 [grpc-default-executor-6] INFO  impl.RoleInfo (RoleInfo.java:updateAndGet(143)) - 641380fb-ae96-4755-94e0-fd776bdc090f: start FollowerState
2019-10-21 04:30:45,489 [Thread-889] INFO  impl.FollowerState (FollowerState.java:run(117)) - dd1d24cd-1df3-4428-bf67-9b7dc9bd3e4c@group-D606C9B72829-FollowerState was interrupted: java.lang.InterruptedException: sleep interrupted
2019-10-21 04:30:45,489 [grpc-default-executor-2] INFO  impl.RoleInfo (RoleInfo.java:updateAndGet(143)) - dd1d24cd-1df3-4428-bf67-9b7dc9bd3e4c: start FollowerState
2019-10-21 04:30:45,504 [f02da163-2c1f-4de2-ab71-b915d7d0ae78@group-D606C9B72829-LeaderElection51] INFO  impl.LeaderElection (LeaderElection.java:logAndReturn(56)) - f02da163-2c1f-4de2-ab71-b915d7d0ae78@group-D606C9B72829-LeaderElection51: Election REJECTED; received 2 response(s) [f02da163-2c1f-4de2-ab71-b915d7d0ae78<-641380fb-ae96-4755-94e0-fd776bdc090f#0:FAIL-t48, f02da163-2c1f-4de2-ab71-b915d7d0ae78<-dd1d24cd-1df3-4428-bf67-9b7dc9bd3e4c#0:FAIL-t48] and 0 exception(s); f02da163-2c1f-4de2-ab71-b915d7d0ae78@group-D606C9B72829:t48, leader=null, voted=f02da163-2c1f-4de2-ab71-b915d7d0ae78, raftlog=f02da163-2c1f-4de2-ab71-b915d7d0ae78@group-D606C9B72829-SegmentedRaftLog:OPENED:c3,f4,i4, conf=0: [641380fb-ae96-4755-94e0-fd776bdc090f:192.168.34.41:39543, f02da163-2c1f-4de2-ab71-b915d7d0ae78:192.168.34.41:39439, dd1d24cd-1df3-4428-bf67-9b7dc9bd3e4c:192.168.34.41:45185], old=null
2019-10-21 04:30:45,504 [f02da163-2c1f-4de2-ab71-b915d7d0ae78@group-D606C9B72829-LeaderElection51] INFO  impl.RaftServerImpl (RaftServerImpl.java:setRole(184)) - f02da163-2c1f-4de2-ab71-b915d7d0ae78@group-D606C9B72829: changes role from CANDIDATE to FOLLOWER at term 48 for DISCOVERED_A_NEW_TERM
2019-10-21 04:30:45,504 [f02da163-2c1f-4de2-ab71-b915d7d0ae78@group-D606C9B72829-LeaderElection51] INFO  impl.RoleInfo (RoleInfo.java:shutdownLeaderElection(134)) - f02da163-2c1f-4de2-ab71-b915d7d0ae78: shutdown LeaderElection
2019-10-21 04:30:45,504 [f02da163-2c1f-4de2-ab71-b915d7d0ae78@group-D606C9B72829-LeaderElection51] INFO  impl.RoleInfo (RoleInfo.java:updateAndGet(143)) - f02da163-2c1f-4de2-ab71-b915d7d0ae78: start FollowerState
2019-10-21 04:30:45,646 [Thread-900] INFO  impl.FollowerState (FollowerState.java:run(108)) - f02da163-2c1f-4de2-ab71-b915d7d0ae78@group-D606C9B72829-FollowerState: change to CANDIDATE, lastRpcTime:141ms, electionTimeout:141ms
2019-10-21 04:30:45,646 [Thread-900] INFO  impl.RoleInfo (RoleInfo.java:shutdownFollowerState(121)) - f02da163-2c1f-4de2-ab71-b915d7d0ae78: shutdown FollowerState
2019-10-21 04:30:45,646 [Thread-900] INFO  impl.RaftServerImpl (RaftServerImpl.java:setRole(184)) - f02da163-2c1f-4de2-ab71-b915d7d0ae78@group-D606C9B72829: changes role from  FOLLOWER to CANDIDATE at term 48 for changeToCandidate
2019-10-21 04:30:45,646 [Thread-900] INFO  impl.RoleInfo (RoleInfo.java:updateAndGet(143)) - f02da163-2c1f-4de2-ab71-b915d7d0ae78: start LeaderElection
2019-10-21 04:30:45,660 [f02da163-2c1f-4de2-ab71-b915d7d0ae78@group-D606C9B72829-LeaderElection52] INFO  impl.LeaderElection (LeaderElection.java:askForVotes(178)) - f02da163-2c1f-4de2-ab71-b915d7d0ae78@group-D606C9B72829-LeaderElection52: begin an election at term 49 for 0: [641380fb-ae96-4755-94e0-fd776bdc090f:192.168.34.41:39543, f02da163-2c1f-4de2-ab71-b915d7d0ae78:192.168.34.41:39439, dd1d24cd-1df3-4428-bf67-9b7dc9bd3e4c:192.168.34.41:45185], old=null
2019-10-21 04:30:45,669 [grpc-default-executor-6] INFO  impl.RaftServerImpl (RaftServerImpl.java:setRole(184)) - dd1d24cd-1df3-4428-bf67-9b7dc9bd3e4c@group-D606C9B72829: changes role from  FOLLOWER to FOLLOWER at term 49 for recognizeCandidate:f02da163-2c1f-4de2-ab71-b915d7d0ae78
2019-10-21 04:30:45,669 [grpc-default-executor-6] INFO  impl.RoleInfo (RoleInfo.java:shutdownFollowerState(121)) - dd1d24cd-1df3-4428-bf67-9b7dc9bd3e4c: shutdown FollowerState
2019-10-21 04:30:45,669 [grpc-default-executor-6] INFO  impl.RoleInfo (RoleInfo.java:updateAndGet(143)) - dd1d24cd-1df3-4428-bf67-9b7dc9bd3e4c: start FollowerState
2019-10-21 04:30:45,669 [Thread-899] INFO  impl.FollowerState (FollowerState.java:run(117)) - dd1d24cd-1df3-4428-bf67-9b7dc9bd3e4c@group-D606C9B72829-FollowerState was interrupted: java.lang.InterruptedException: sleep interrupted
2019-10-21 04:30:45,669 [grpc-default-executor-2] INFO  impl.RaftServerImpl (RaftServerImpl.java:setRole(184)) - 641380fb-ae96-4755-94e0-fd776bdc090f@group-D606C9B72829: changes role from  FOLLOWER to FOLLOWER at term 49 for recognizeCandidate:f02da163-2c1f-4de2-ab71-b915d7d0ae78
2019-10-21 04:30:45,669 [grpc-default-executor-2] INFO  impl.RoleInfo (RoleInfo.java:shutdownFollowerState(121)) - 641380fb-ae96-4755-94e0-fd776bdc090f: shutdown FollowerState
2019-10-21 04:30:45,670 [Thread-898] INFO  impl.FollowerState (FollowerState.java:run(117)) - 641380fb-ae96-4755-94e0-fd776bdc090f@group-D606C9B72829-FollowerState was interrupted: java.lang.InterruptedException: sleep interrupted
2019-10-21 04:30:45,670 [grpc-default-executor-2] INFO  impl.RoleInfo (RoleInfo.java:updateAndGet(143)) - 641380fb-ae96-4755-94e0-fd776bdc090f: start FollowerState
2019-10-21 04:30:45,670 [Thread-906] INFO  client.GrpcClientProtocolService (GrpcClientProtocolService.java:lambda$processClientRequest$0(278)) - Failed RaftClientRequest:client-A60227926EB5->dd1d24cd-1df3-4428-bf67-9b7dc9bd3e4c@group-D606C9B72829, cid=10, seq=0, Watch-ALL_COMMITTED(6), Message:<EMPTY>, reply=RaftClientReply:client-A60227926EB5->dd1d24cd-1df3-4428-bf67-9b7dc9bd3e4c@group-D606C9B72829, cid=10, FAILED org.apache.ratis.protocol.NotLeaderException: Server dd1d24cd-1df3-4428-bf67-9b7dc9bd3e4c@group-D606C9B72829 is not the leader, logIndex=0, commits[dd1d24cd-1df3-4428-bf67-9b7dc9bd3e4c:c10, 641380fb-ae96-4755-94e0-fd776bdc090f:c10, f02da163-2c1f-4de2-ab71-b915d7d0ae78:c4]
2019-10-21 04:30:45,684 [f02da163-2c1f-4de2-ab71-b915d7d0ae78@group-D606C9B72829-LeaderElection52] INFO  impl.LeaderElection (LeaderElection.java:logAndReturn(56)) - f02da163-2c1f-4de2-ab71-b915d7d0ae78@group-D606C9B72829-LeaderElection52: Election REJECTED; received 2 response(s) [f02da163-2c1f-4de2-ab71-b915d7d0ae78<-641380fb-ae96-4755-94e0-fd776bdc090f#0:FAIL-t49, f02da163-2c1f-4de2-ab71-b915d7d0ae78<-dd1d24cd-1df3-4428-bf67-9b7dc9bd3e4c#0:FAIL-t49] and 0 exception(s); f02da163-2c1f-4de2-ab71-b915d7d0ae78@group-D606C9B72829:t49, leader=null, voted=f02da163-2c1f-4de2-ab71-b915d7d0ae78, raftlog=f02da163-2c1f-4de2-ab71-b915d7d0ae78@group-D606C9B72829-SegmentedRaftLog:OPENED:c3,f4,i4, conf=0: [641380fb-ae96-4755-94e0-fd776bdc090f:192.168.34.41:39543, f02da163-2c1f-4de2-ab71-b915d7d0ae78:192.168.34.41:39439, dd1d24cd-1df3-4428-bf67-9b7dc9bd3e4c:192.168.34.41:45185], old=null
2019-10-21 04:30:45,684 [f02da163-2c1f-4de2-ab71-b915d7d0ae78@group-D606C9B72829-LeaderElection52] INFO  impl.RaftServerImpl (RaftServerImpl.java:setRole(184)) - f02da163-2c1f-4de2-ab71-b915d7d0ae78@group-D606C9B72829: changes role from CANDIDATE to FOLLOWER at term 49 for DISCOVERED_A_NEW_TERM
2019-10-21 04:30:45,684 [f02da163-2c1f-4de2-ab71-b915d7d0ae78@group-D606C9B72829-LeaderElection52] INFO  impl.RoleInfo (RoleInfo.java:shutdownLeaderElection(134)) - f02da163-2c1f-4de2-ab71-b915d7d0ae78: shutdown LeaderElection
2019-10-21 04:30:45,685 [f02da163-2c1f-4de2-ab71-b915d7d0ae78@group-D606C9B72829-LeaderElection52] INFO  impl.RoleInfo (RoleInfo.java:updateAndGet(143)) - f02da163-2c1f-4de2-ab71-b915d7d0ae78: start FollowerState
2019-10-21 04:30:45,707 [Thread-909] INFO  impl.FollowerState (FollowerState.java:run(108)) - f02da163-2c1f-4de2-ab71-b915d7d0ae78@group-D606C9B72829-FollowerState: change to CANDIDATE, lastRpcTime:22ms, electionTimeout:22ms
2019-10-21 04:30:45,707 [Thread-909] INFO  impl.RoleInfo (RoleInfo.java:shutdownFollowerState(121)) - f02da163-2c1f-4de2-ab71-b915d7d0ae78: shutdown FollowerState
2019-10-21 04:30:45,707 [Thread-909] INFO  impl.RaftServerImpl (RaftServerImpl.java:setRole(184)) - f02da163-2c1f-4de2-ab71-b915d7d0ae78@group-D606C9B72829: changes role from  FOLLOWER to CANDIDATE at term 49 for changeToCandidate
2019-10-21 04:30:45,708 [Thread-909] INFO  impl.RoleInfo (RoleInfo.java:updateAndGet(143)) - f02da163-2c1f-4de2-ab71-b915d7d0ae78: start LeaderElection
2019-10-21 04:30:45,721 [f02da163-2c1f-4de2-ab71-b915d7d0ae78@group-D606C9B72829-LeaderElection53] INFO  impl.LeaderElection (LeaderElection.java:askForVotes(178)) - f02da163-2c1f-4de2-ab71-b915d7d0ae78@group-D606C9B72829-LeaderElection53: begin an election at term 50 for 0: [641380fb-ae96-4755-94e0-fd776bdc090f:192.168.34.41:39543, f02da163-2c1f-4de2-ab71-b915d7d0ae78:192.168.34.41:39439, dd1d24cd-1df3-4428-bf67-9b7dc9bd3e4c:192.168.34.41:45185], old=null
2019-10-21 04:30:45,725 [grpc-default-executor-6] INFO  impl.RaftServerImpl (RaftServerImpl.java:setRole(184)) - 641380fb-ae96-4755-94e0-fd776bdc090f@group-D606C9B72829: changes role from  FOLLOWER to FOLLOWER at term 50 for recognizeCandidate:f02da163-2c1f-4de2-ab71-b915d7d0ae78
2019-10-21 04:30:45,725 [grpc-default-executor-6] INFO  impl.RoleInfo (RoleInfo.java:shutdownFollowerState(121)) - 641380fb-ae96-4755-94e0-fd776bdc090f: shutdown FollowerState
2019-10-21 04:30:45,725 [grpc-default-executor-6] INFO  impl.RoleInfo (RoleInfo.java:updateAndGet(143)) - 641380fb-ae96-4755-94e0-fd776bdc090f: start FollowerState
2019-10-21 04:30:45,725 [Thread-907] INFO  impl.FollowerState (FollowerState.java:run(117)) - 641380fb-ae96-4755-94e0-fd776bdc090f@group-D606C9B72829-FollowerState was interrupted: java.lang.InterruptedException: sleep interrupted
2019-10-21 04:30:45,726 [grpc-default-executor-2] INFO  impl.RaftServerImpl (RaftServerImpl.java:setRole(184)) - dd1d24cd-1df3-4428-bf67-9b7dc9bd3e4c@group-D606C9B72829: changes role from  FOLLOWER to FOLLOWER at term 50 for recognizeCandidate:f02da163-2c1f-4de2-ab71-b915d7d0ae78
2019-10-21 04:30:45,726 [grpc-default-executor-2] INFO  impl.RoleInfo (RoleInfo.java:shutdownFollowerState(121)) - dd1d24cd-1df3-4428-bf67-9b7dc9bd3e4c: shutdown FollowerState
2019-10-21 04:30:45,726 [Thread-905] INFO  impl.FollowerState (FollowerState.java:run(117)) - dd1d24cd-1df3-4428-bf67-9b7dc9bd3e4c@group-D606C9B72829-FollowerState was interrupted: java.lang.InterruptedException: sleep interrupted
2019-10-21 04:30:45,727 [grpc-default-executor-2] INFO  impl.RoleInfo (RoleInfo.java:updateAndGet(143)) - dd1d24cd-1df3-4428-bf67-9b7dc9bd3e4c: start FollowerState
2019-10-21 04:30:45,743 [f02da163-2c1f-4de2-ab71-b915d7d0ae78@group-D606C9B72829-LeaderElection53] INFO  impl.LeaderElection (LeaderElection.java:logAndReturn(56)) - f02da163-2c1f-4de2-ab71-b915d7d0ae78@group-D606C9B72829-LeaderElection53: Election REJECTED; received 2 response(s) [f02da163-2c1f-4de2-ab71-b915d7d0ae78<-641380fb-ae96-4755-94e0-fd776bdc090f#0:FAIL-t50, f02da163-2c1f-4de2-ab71-b915d7d0ae78<-dd1d24cd-1df3-4428-bf67-9b7dc9bd3e4c#0:FAIL-t50] and 0 exception(s); f02da163-2c1f-4de2-ab71-b915d7d0ae78@group-D606C9B72829:t50, leader=null, voted=f02da163-2c1f-4de2-ab71-b915d7d0ae78, raftlog=f02da163-2c1f-4de2-ab71-b915d7d0ae78@group-D606C9B72829-SegmentedRaftLog:OPENED:c3,f4,i4, conf=0: [641380fb-ae96-4755-94e0-fd776bdc090f:192.168.34.41:39543, f02da163-2c1f-4de2-ab71-b915d7d0ae78:192.168.34.41:39439, dd1d24cd-1df3-4428-bf67-9b7dc9bd3e4c:192.168.34.41:45185], old=null
2019-10-21 04:30:45,743 [f02da163-2c1f-4de2-ab71-b915d7d0ae78@group-D606C9B72829-LeaderElection53] INFO  impl.RaftServerImpl (RaftServerImpl.java:setRole(184)) - f02da163-2c1f-4de2-ab71-b915d7d0ae78@group-D606C9B72829: changes role from CANDIDATE to FOLLOWER at term 50 for DISCOVERED_A_NEW_TERM
2019-10-21 04:30:45,743 [f02da163-2c1f-4de2-ab71-b915d7d0ae78@group-D606C9B72829-LeaderElection53] INFO  impl.RoleInfo (RoleInfo.java:shutdownLeaderElection(134)) - f02da163-2c1f-4de2-ab71-b915d7d0ae78: shutdown LeaderElection
2019-10-21 04:30:45,743 [f02da163-2c1f-4de2-ab71-b915d7d0ae78@group-D606C9B72829-LeaderElection53] INFO  impl.RoleInfo (RoleInfo.java:updateAndGet(143)) - f02da163-2c1f-4de2-ab71-b915d7d0ae78: start FollowerState
2019-10-21 04:30:45,882 [Thread-915] INFO  impl.FollowerState (FollowerState.java:run(108)) - f02da163-2c1f-4de2-ab71-b915d7d0ae78@group-D606C9B72829-FollowerState: change to CANDIDATE, lastRpcTime:138ms, electionTimeout:138ms
2019-10-21 04:30:45,882 [Thread-915] INFO  impl.RoleInfo (RoleInfo.java:shutdownFollowerState(121)) - f02da163-2c1f-4de2-ab71-b915d7d0ae78: shutdown FollowerState
2019-10-21 04:30:45,882 [Thread-915] INFO  impl.RaftServerImpl (RaftServerImpl.java:setRole(184)) - f02da163-2c1f-4de2-ab71-b915d7d0ae78@group-D606C9B72829: changes role from  FOLLOWER to CANDIDATE at term 50 for changeToCandidate
2019-10-21 04:30:45,882 [Thread-915] INFO  impl.RoleInfo (RoleInfo.java:updateAndGet(143)) - f02da163-2c1f-4de2-ab71-b915d7d0ae78: start LeaderElection
2019-10-21 04:30:45,896 [f02da163-2c1f-4de2-ab71-b915d7d0ae78@group-D606C9B72829-LeaderElection54] INFO  impl.LeaderElection (LeaderElection.java:askForVotes(178)) - f02da163-2c1f-4de2-ab71-b915d7d0ae78@group-D606C9B72829-LeaderElection54: begin an election at term 51 for 0: [641380fb-ae96-4755-94e0-fd776bdc090f:192.168.34.41:39543, f02da163-2c1f-4de2-ab71-b915d7d0ae78:192.168.34.41:39439, dd1d24cd-1df3-4428-bf67-9b7dc9bd3e4c:192.168.34.41:45185], old=null
2019-10-21 04:30:45,899 [grpc-default-executor-2] INFO  impl.RaftServerImpl (RaftServerImpl.java:setRole(184)) - 641380fb-ae96-4755-94e0-fd776bdc090f@group-D606C9B72829: changes role from  FOLLOWER to FOLLOWER at term 51 for recognizeCandidate:f02da163-2c1f-4de2-ab71-b915d7d0ae78
2019-10-21 04:30:45,899 [grpc-default-executor-6] INFO  impl.RaftServerImpl (RaftServerImpl.java:setRole(184)) - dd1d24cd-1df3-4428-bf67-9b7dc9bd3e4c@group-D606C9B72829: changes role from  FOLLOWER to FOLLOWER at term 51 for recognizeCandidate:f02da163-2c1f-4de2-ab71-b915d7d0ae78
2019-10-21 04:30:45,899 [grpc-default-executor-2] INFO  impl.RoleInfo (RoleInfo.java:shutdownFollowerState(121)) - 641380fb-ae96-4755-94e0-fd776bdc090f: shutdown FollowerState
2019-10-21 04:30:45,899 [grpc-default-executor-6] INFO  impl.RoleInfo (RoleInfo.java:shutdownFollowerState(121)) - dd1d24cd-1df3-4428-bf67-9b7dc9bd3e4c: shutdown FollowerState
2019-10-21 04:30:45,899 [grpc-default-executor-2] INFO  impl.RoleInfo (RoleInfo.java:updateAndGet(143)) - 641380fb-ae96-4755-94e0-fd776bdc090f: start FollowerState
2019-10-21 04:30:45,900 [Thread-914] INFO  impl.FollowerState (FollowerState.java:run(117)) - dd1d24cd-1df3-4428-bf67-9b7dc9bd3e4c@group-D606C9B72829-FollowerState was interrupted: java.lang.InterruptedException: sleep interrupted
2019-10-21 04:30:45,899 [Thread-913] INFO  impl.FollowerState (FollowerState.java:run(117)) - 641380fb-ae96-4755-94e0-fd776bdc090f@group-D606C9B72829-FollowerState was interrupted: java.lang.InterruptedException: sleep interrupted
2019-10-21 04:30:45,900 [grpc-default-executor-6] INFO  impl.RoleInfo (RoleInfo.java:updateAndGet(143)) - dd1d24cd-1df3-4428-bf67-9b7dc9bd3e4c: start FollowerState
2019-10-21 04:30:45,915 [f02da163-2c1f-4de2-ab71-b915d7d0ae78@group-D606C9B72829-LeaderElection54] INFO  impl.LeaderElection (LeaderElection.java:logAndReturn(56)) - f02da163-2c1f-4de2-ab71-b915d7d0ae78@group-D606C9B72829-LeaderElection54: Election REJECTED; received 2 response(s) [f02da163-2c1f-4de2-ab71-b915d7d0ae78<-641380fb-ae96-4755-94e0-fd776bdc090f#0:FAIL-t51, f02da163-2c1f-4de2-ab71-b915d7d0ae78<-dd1d24cd-1df3-4428-bf67-9b7dc9bd3e4c#0:FAIL-t51] and 0 exception(s); f02da163-2c1f-4de2-ab71-b915d7d0ae78@group-D606C9B72829:t51, leader=null, voted=f02da163-2c1f-4de2-ab71-b915d7d0ae78, raftlog=f02da163-2c1f-4de2-ab71-b915d7d0ae78@group-D606C9B72829-SegmentedRaftLog:OPENED:c3,f4,i4, conf=0: [641380fb-ae96-4755-94e0-fd776bdc090f:192.168.34.41:39543, f02da163-2c1f-4de2-ab71-b915d7d0ae78:192.168.34.41:39439, dd1d24cd-1df3-4428-bf67-9b7dc9bd3e4c:192.168.34.41:45185], old=null
2019-10-21 04:30:45,915 [f02da163-2c1f-4de2-ab71-b915d7d0ae78@group-D606C9B72829-LeaderElection54] INFO  impl.RaftServerImpl (RaftServerImpl.java:setRole(184)) - f02da163-2c1f-4de2-ab71-b915d7d0ae78@group-D606C9B72829: changes role from CANDIDATE to FOLLOWER at term 51 for DISCOVERED_A_NEW_TERM
2019-10-21 04:30:45,915 [f02da163-2c1f-4de2-ab71-b915d7d0ae78@group-D606C9B72829-LeaderElection54] INFO  impl.RoleInfo (RoleInfo.java:shutdownLeaderElection(134)) - f02da163-2c1f-4de2-ab71-b915d7d0ae78: shutdown LeaderElection
2019-10-21 04:30:45,915 [f02da163-2c1f-4de2-ab71-b915d7d0ae78@group-D606C9B72829-LeaderElection54] INFO  impl.RoleInfo (RoleInfo.java:updateAndGet(143)) - f02da163-2c1f-4de2-ab71-b915d7d0ae78: start FollowerState
2019-10-21 04:30:46,037 [Thread-921] INFO  impl.FollowerState (FollowerState.java:run(108)) - f02da163-2c1f-4de2-ab71-b915d7d0ae78@group-D606C9B72829-FollowerState: change to CANDIDATE, lastRpcTime:121ms, electionTimeout:121ms
2019-10-21 04:30:46,037 [Thread-921] INFO  impl.RoleInfo (RoleInfo.java:shutdownFollowerState(121)) - f02da163-2c1f-4de2-ab71-b915d7d0ae78: shutdown FollowerState
2019-10-21 04:30:46,037 [Thread-921] INFO  impl.RaftServerImpl (RaftServerImpl.java:setRole(184)) - f02da163-2c1f-4de2-ab71-b915d7d0ae78@group-D606C9B72829: changes role from  FOLLOWER to CANDIDATE at term 51 for changeToCandidate
2019-10-21 04:30:46,037 [Thread-921] INFO  impl.RoleInfo (RoleInfo.java:updateAndGet(143)) - f02da163-2c1f-4de2-ab71-b915d7d0ae78: start LeaderElection
2019-10-21 04:30:46,065 [f02da163-2c1f-4de2-ab71-b915d7d0ae78@group-D606C9B72829-LeaderElection55] INFO  impl.LeaderElection (LeaderElection.java:askForVotes(178)) - f02da163-2c1f-4de2-ab71-b915d7d0ae78@group-D606C9B72829-LeaderElection55: begin an election at term 52 for 0: [641380fb-ae96-4755-94e0-fd776bdc090f:192.168.34.41:39543, f02da163-2c1f-4de2-ab71-b915d7d0ae78:192.168.34.41:39439, dd1d24cd-1df3-4428-bf67-9b7dc9bd3e4c:192.168.34.41:45185], old=null
2019-10-21 04:30:46,069 [grpc-default-executor-6] INFO  impl.RaftServerImpl (RaftServerImpl.java:setRole(184)) - dd1d24cd-1df3-4428-bf67-9b7dc9bd3e4c@group-D606C9B72829: changes role from  FOLLOWER to FOLLOWER at term 52 for recognizeCandidate:f02da163-2c1f-4de2-ab71-b915d7d0ae78
2019-10-21 04:30:46,069 [grpc-default-executor-2] INFO  impl.RaftServerImpl (RaftServerImpl.java:setRole(184)) - 641380fb-ae96-4755-94e0-fd776bdc090f@group-D606C9B72829: changes role from  FOLLOWER to FOLLOWER at term 52 for recognizeCandidate:f02da163-2c1f-4de2-ab71-b915d7d0ae78
2019-10-21 04:30:46,069 [grpc-default-executor-6] INFO  impl.RoleInfo (RoleInfo.java:shutdownFollowerState(121)) - dd1d24cd-1df3-4428-bf67-9b7dc9bd3e4c: shutdown FollowerState
2019-10-21 04:30:46,069 [grpc-default-executor-2] INFO  impl.RoleInfo (RoleInfo.java:shutdownFollowerState(121)) - 641380fb-ae96-4755-94e0-fd776bdc090f: shutdown FollowerState
2019-10-21 04:30:46,069 [Thread-920] INFO  impl.FollowerState (FollowerState.java:run(117)) - dd1d24cd-1df3-4428-bf67-9b7dc9bd3e4c@group-D606C9B72829-FollowerState was interrupted: java.lang.InterruptedException: sleep interrupted
2019-10-21 04:30:46,069 [grpc-default-executor-6] INFO  impl.RoleInfo (RoleInfo.java:updateAndGet(143)) - dd1d24cd-1df3-4428-bf67-9b7dc9bd3e4c: start FollowerState
2019-10-21 04:30:46,070 [Thread-919] INFO  impl.FollowerState (FollowerState.java:run(117)) - 641380fb-ae96-4755-94e0-fd776bdc090f@group-D606C9B72829-FollowerState was interrupted: java.lang.InterruptedException: sleep interrupted
2019-10-21 04:30:46,070 [grpc-default-executor-2] INFO  impl.RoleInfo (RoleInfo.java:updateAndGet(143)) - 641380fb-ae96-4755-94e0-fd776bdc090f: start FollowerState
2019-10-21 04:30:46,084 [f02da163-2c1f-4de2-ab71-b915d7d0ae78@group-D606C9B72829-LeaderElection55] INFO  impl.LeaderElection (LeaderElection.java:logAndReturn(56)) - f02da163-2c1f-4de2-ab71-b915d7d0ae78@group-D606C9B72829-LeaderElection55: Election REJECTED; received 2 response(s) [f02da163-2c1f-4de2-ab71-b915d7d0ae78<-641380fb-ae96-4755-94e0-fd776bdc090f#0:FAIL-t52, f02da163-2c1f-4de2-ab71-b915d7d0ae78<-dd1d24cd-1df3-4428-bf67-9b7dc9bd3e4c#0:FAIL-t52] and 0 exception(s); f02da163-2c1f-4de2-ab71-b915d7d0ae78@group-D606C9B72829:t52, leader=null, voted=f02da163-2c1f-4de2-ab71-b915d7d0ae78, raftlog=f02da163-2c1f-4de2-ab71-b915d7d0ae78@group-D606C9B72829-SegmentedRaftLog:OPENED:c3,f4,i4, conf=0: [641380fb-ae96-4755-94e0-fd776bdc090f:192.168.34.41:39543, f02da163-2c1f-4de2-ab71-b915d7d0ae78:192.168.34.41:39439, dd1d24cd-1df3-4428-bf67-9b7dc9bd3e4c:192.168.34.41:45185], old=null
2019-10-21 04:30:46,085 [f02da163-2c1f-4de2-ab71-b915d7d0ae78@group-D606C9B72829-LeaderElection55] INFO  impl.RaftServerImpl (RaftServerImpl.java:setRole(184)) - f02da163-2c1f-4de2-ab71-b915d7d0ae78@group-D606C9B72829: changes role from CANDIDATE to FOLLOWER at term 52 for DISCOVERED_A_NEW_TERM
2019-10-21 04:30:46,085 [f02da163-2c1f-4de2-ab71-b915d7d0ae78@group-D606C9B72829-LeaderElection55] INFO  impl.RoleInfo (RoleInfo.java:shutdownLeaderElection(134)) - f02da163-2c1f-4de2-ab71-b915d7d0ae78: shutdown LeaderElection
2019-10-21 04:30:46,085 [f02da163-2c1f-4de2-ab71-b915d7d0ae78@group-D606C9B72829-LeaderElection55] INFO  impl.RoleInfo (RoleInfo.java:updateAndGet(143)) - f02da163-2c1f-4de2-ab71-b915d7d0ae78: start FollowerState
2019-10-21 04:30:46,118 [Thread-927] INFO  impl.FollowerState (FollowerState.java:run(108)) - f02da163-2c1f-4de2-ab71-b915d7d0ae78@group-D606C9B72829-FollowerState: change to CANDIDATE, lastRpcTime:33ms, electionTimeout:33ms
2019-10-21 04:30:46,119 [Thread-927] INFO  impl.RoleInfo (RoleInfo.java:shutdownFollowerState(121)) - f02da163-2c1f-4de2-ab71-b915d7d0ae78: shutdown FollowerState
2019-10-21 04:30:46,119 [Thread-927] INFO  impl.RaftServerImpl (RaftServerImpl.java:setRole(184)) - f02da163-2c1f-4de2-ab71-b915d7d0ae78@group-D606C9B72829: changes role from  FOLLOWER to CANDIDATE at term 52 for changeToCandidate
2019-10-21 04:30:46,119 [Thread-927] INFO  impl.RoleInfo (RoleInfo.java:updateAndGet(143)) - f02da163-2c1f-4de2-ab71-b915d7d0ae78: start LeaderElection
2019-10-21 04:30:46,133 [f02da163-2c1f-4de2-ab71-b915d7d0ae78@group-D606C9B72829-LeaderElection56] INFO  impl.LeaderElection (LeaderElection.java:askForVotes(178)) - f02da163-2c1f-4de2-ab71-b915d7d0ae78@group-D606C9B72829-LeaderElection56: begin an election at term 53 for 0: [641380fb-ae96-4755-94e0-fd776bdc090f:192.168.34.41:39543, f02da163-2c1f-4de2-ab71-b915d7d0ae78:192.168.34.41:39439, dd1d24cd-1df3-4428-bf67-9b7dc9bd3e4c:192.168.34.41:45185], old=null
2019-10-21 04:30:46,136 [grpc-default-executor-2] INFO  impl.RaftServerImpl (RaftServerImpl.java:setRole(184)) - dd1d24cd-1df3-4428-bf67-9b7dc9bd3e4c@group-D606C9B72829: changes role from  FOLLOWER to FOLLOWER at term 53 for recognizeCandidate:f02da163-2c1f-4de2-ab71-b915d7d0ae78
2019-10-21 04:30:46,136 [grpc-default-executor-6] INFO  impl.RaftServerImpl (RaftServerImpl.java:setRole(184)) - 641380fb-ae96-4755-94e0-fd776bdc090f@group-D606C9B72829: changes role from  FOLLOWER to FOLLOWER at term 53 for recognizeCandidate:f02da163-2c1f-4de2-ab71-b915d7d0ae78
2019-10-21 04:30:46,136 [grpc-default-executor-2] INFO  impl.RoleInfo (RoleInfo.java:shutdownFollowerState(121)) - dd1d24cd-1df3-4428-bf67-9b7dc9bd3e4c: shutdown FollowerState
2019-10-21 04:30:46,136 [grpc-default-executor-6] INFO  impl.RoleInfo (RoleInfo.java:shutdownFollowerState(121)) - 641380fb-ae96-4755-94e0-fd776bdc090f: shutdown FollowerState
2019-10-21 04:30:46,136 [grpc-default-executor-2] INFO  impl.RoleInfo (RoleInfo.java:updateAndGet(143)) - dd1d24cd-1df3-4428-bf67-9b7dc9bd3e4c: start FollowerState
2019-10-21 04:30:46,136 [Thread-925] INFO  impl.FollowerState (FollowerState.java:run(117)) - dd1d24cd-1df3-4428-bf67-9b7dc9bd3e4c@group-D606C9B72829-FollowerState was interrupted: java.lang.InterruptedException: sleep interrupted
2019-10-21 04:30:46,137 [Thread-926] INFO  impl.FollowerState (FollowerState.java:run(117)) - 641380fb-ae96-4755-94e0-fd776bdc090f@group-D606C9B72829-FollowerState was interrupted: java.lang.InterruptedException: sleep interrupted
2019-10-21 04:30:46,137 [grpc-default-executor-6] INFO  impl.RoleInfo (RoleInfo.java:updateAndGet(143)) - 641380fb-ae96-4755-94e0-fd776bdc090f: start FollowerState
2019-10-21 04:30:46,151 [f02da163-2c1f-4de2-ab71-b915d7d0ae78@group-D606C9B72829-LeaderElection56] INFO  impl.LeaderElection (LeaderElection.java:logAndReturn(56)) - f02da163-2c1f-4de2-ab71-b915d7d0ae78@group-D606C9B72829-LeaderElection56: Election REJECTED; received 2 response(s) [f02da163-2c1f-4de2-ab71-b915d7d0ae78<-641380fb-ae96-4755-94e0-fd776bdc090f#0:FAIL-t53, f02da163-2c1f-4de2-ab71-b915d7d0ae78<-dd1d24cd-1df3-4428-bf67-9b7dc9bd3e4c#0:FAIL-t53] and 0 exception(s); f02da163-2c1f-4de2-ab71-b915d7d0ae78@group-D606C9B72829:t53, leader=null, voted=f02da163-2c1f-4de2-ab71-b915d7d0ae78, raftlog=f02da163-2c1f-4de2-ab71-b915d7d0ae78@group-D606C9B72829-SegmentedRaftLog:OPENED:c3,f4,i4, conf=0: [641380fb-ae96-4755-94e0-fd776bdc090f:192.168.34.41:39543, f02da163-2c1f-4de2-ab71-b915d7d0ae78:192.168.34.41:39439, dd1d24cd-1df3-4428-bf67-9b7dc9bd3e4c:192.168.34.41:45185], old=null
2019-10-21 04:30:46,152 [f02da163-2c1f-4de2-ab71-b915d7d0ae78@group-D606C9B72829-LeaderElection56] INFO  impl.RaftServerImpl (RaftServerImpl.java:setRole(184)) - f02da163-2c1f-4de2-ab71-b915d7d0ae78@group-D606C9B72829: changes role from CANDIDATE to FOLLOWER at term 53 for DISCOVERED_A_NEW_TERM
2019-10-21 04:30:46,152 [f02da163-2c1f-4de2-ab71-b915d7d0ae78@group-D606C9B72829-LeaderElection56] INFO  impl.RoleInfo (RoleInfo.java:shutdownLeaderElection(134)) - f02da163-2c1f-4de2-ab71-b915d7d0ae78: shutdown LeaderElection
2019-10-21 04:30:46,152 [f02da163-2c1f-4de2-ab71-b915d7d0ae78@group-D606C9B72829-LeaderElection56] INFO  impl.RoleInfo (RoleInfo.java:updateAndGet(143)) - f02da163-2c1f-4de2-ab71-b915d7d0ae78: start FollowerState
2019-10-21 04:30:46,298 [Thread-933] INFO  impl.FollowerState (FollowerState.java:run(108)) - f02da163-2c1f-4de2-ab71-b915d7d0ae78@group-D606C9B72829-FollowerState: change to CANDIDATE, lastRpcTime:146ms, electionTimeout:146ms
2019-10-21 04:30:46,298 [Thread-933] INFO  impl.RoleInfo (RoleInfo.java:shutdownFollowerState(121)) - f02da163-2c1f-4de2-ab71-b915d7d0ae78: shutdown FollowerState
2019-10-21 04:30:46,299 [Thread-933] INFO  impl.RaftServerImpl (RaftServerImpl.java:setRole(184)) - f02da163-2c1f-4de2-ab71-b915d7d0ae78@group-D606C9B72829: changes role from  FOLLOWER to CANDIDATE at term 53 for changeToCandidate
2019-10-21 04:30:46,299 [Thread-933] INFO  impl.RoleInfo (RoleInfo.java:updateAndGet(143)) - f02da163-2c1f-4de2-ab71-b915d7d0ae78: start LeaderElection
2019-10-21 04:30:46,313 [f02da163-2c1f-4de2-ab71-b915d7d0ae78@group-D606C9B72829-LeaderElection57] INFO  impl.LeaderElection (LeaderElection.java:askForVotes(178)) - f02da163-2c1f-4de2-ab71-b915d7d0ae78@group-D606C9B72829-LeaderElection57: begin an election at term 54 for 0: [641380fb-ae96-4755-94e0-fd776bdc090f:192.168.34.41:39543, f02da163-2c1f-4de2-ab71-b915d7d0ae78:192.168.34.41:39439, dd1d24cd-1df3-4428-bf67-9b7dc9bd3e4c:192.168.34.41:45185], old=null
2019-10-21 04:30:46,316 [grpc-default-executor-2] INFO  impl.RaftServerImpl (RaftServerImpl.java:setRole(184)) - 641380fb-ae96-4755-94e0-fd776bdc090f@group-D606C9B72829: changes role from  FOLLOWER to FOLLOWER at term 54 for recognizeCandidate:f02da163-2c1f-4de2-ab71-b915d7d0ae78
2019-10-21 04:30:46,316 [grpc-default-executor-6] INFO  impl.RaftServerImpl (RaftServerImpl.java:setRole(184)) - dd1d24cd-1df3-4428-bf67-9b7dc9bd3e4c@group-D606C9B72829: changes role from  FOLLOWER to FOLLOWER at term 54 for recognizeCandidate:f02da163-2c1f-4de2-ab71-b915d7d0ae78
2019-10-21 04:30:46,316 [grpc-default-executor-6] INFO  impl.RoleInfo (RoleInfo.java:shutdownFollowerState(121)) - dd1d24cd-1df3-4428-bf67-9b7dc9bd3e4c: shutdown FollowerState
2019-10-21 04:30:46,316 [grpc-default-executor-2] INFO  impl.RoleInfo (RoleInfo.java:shutdownFollowerState(121)) - 641380fb-ae96-4755-94e0-fd776bdc090f: shutdown FollowerState
2019-10-21 04:30:46,316 [Thread-931] INFO  impl.FollowerState (FollowerState.java:run(117)) - dd1d24cd-1df3-4428-bf67-9b7dc9bd3e4c@group-D606C9B72829-FollowerState was interrupted: java.lang.InterruptedException: sleep interrupted
2019-10-21 04:30:46,317 [grpc-default-executor-2] INFO  impl.RoleInfo (RoleInfo.java:updateAndGet(143)) - 641380fb-ae96-4755-94e0-fd776bdc090f: start FollowerState
2019-10-21 04:30:46,317 [Thread-932] INFO  impl.FollowerState (FollowerState.java:run(117)) - 641380fb-ae96-4755-94e0-fd776bdc090f@group-D606C9B72829-FollowerState was interrupted: java.lang.InterruptedException: sleep interrupted
2019-10-21 04:30:46,316 [grpc-default-executor-6] INFO  impl.RoleInfo (RoleInfo.java:updateAndGet(143)) - dd1d24cd-1df3-4428-bf67-9b7dc9bd3e4c: start FollowerState
2019-10-21 04:30:46,332 [f02da163-2c1f-4de2-ab71-b915d7d0ae78@group-D606C9B72829-LeaderElection57] INFO  impl.LeaderElection (LeaderElection.java:logAndReturn(56)) - f02da163-2c1f-4de2-ab71-b915d7d0ae78@group-D606C9B72829-LeaderElection57: Election REJECTED; received 2 response(s) [f02da163-2c1f-4de2-ab71-b915d7d0ae78<-641380fb-ae96-4755-94e0-fd776bdc090f#0:FAIL-t54, f02da163-2c1f-4de2-ab71-b915d7d0ae78<-dd1d24cd-1df3-4428-bf67-9b7dc9bd3e4c#0:FAIL-t54] and 0 exception(s); f02da163-2c1f-4de2-ab71-b915d7d0ae78@group-D606C9B72829:t54, leader=null, voted=f02da163-2c1f-4de2-ab71-b915d7d0ae78, raftlog=f02da163-2c1f-4de2-ab71-b915d7d0ae78@group-D606C9B72829-SegmentedRaftLog:OPENED:c3,f4,i4, conf=0: [641380fb-ae96-4755-94e0-fd776bdc090f:192.168.34.41:39543, f02da163-2c1f-4de2-ab71-b915d7d0ae78:192.168.34.41:39439, dd1d24cd-1df3-4428-bf67-9b7dc9bd3e4c:192.168.34.41:45185], old=null
2019-10-21 04:30:46,332 [f02da163-2c1f-4de2-ab71-b915d7d0ae78@group-D606C9B72829-LeaderElection57] INFO  impl.RaftServerImpl (RaftServerImpl.java:setRole(184)) - f02da163-2c1f-4de2-ab71-b915d7d0ae78@group-D606C9B72829: changes role from CANDIDATE to FOLLOWER at term 54 for DISCOVERED_A_NEW_TERM
2019-10-21 04:30:46,332 [f02da163-2c1f-4de2-ab71-b915d7d0ae78@group-D606C9B72829-LeaderElection57] INFO  impl.RoleInfo (RoleInfo.java:shutdownLeaderElection(134)) - f02da163-2c1f-4de2-ab71-b915d7d0ae78: shutdown LeaderElection
2019-10-21 04:30:46,333 [f02da163-2c1f-4de2-ab71-b915d7d0ae78@group-D606C9B72829-LeaderElection57] INFO  impl.RoleInfo (RoleInfo.java:updateAndGet(143)) - f02da163-2c1f-4de2-ab71-b915d7d0ae78: start FollowerState
2019-10-21 04:30:46,381 [BlockDeletingService#2] WARN  background.BlockDeletingService (BlockDeletingService.java:isDeletionAllowed(187)) - Close Container log Index 6 is not replicated across allthe servers in the pipeline d49b1818-47fb-49d2-b44c-d606c9b72829 as the min replicated index is 4. Deletion is not allowed in this container yet.
2019-10-21 04:30:46,381 [BlockDeletingService#7] WARN  background.BlockDeletingService (BlockDeletingService.java:isDeletionAllowed(187)) - Close Container log Index 6 is not replicated across allthe servers in the pipeline d49b1818-47fb-49d2-b44c-d606c9b72829 as the min replicated index is 4. Deletion is not allowed in this container yet.
2019-10-21 04:30:46,510 [Thread-939] INFO  impl.FollowerState (FollowerState.java:run(108)) - f02da163-2c1f-4de2-ab71-b915d7d0ae78@group-D606C9B72829-FollowerState: change to CANDIDATE, lastRpcTime:177ms, electionTimeout:177ms
2019-10-21 04:30:46,510 [Thread-939] INFO  impl.RoleInfo (RoleInfo.java:shutdownFollowerState(121)) - f02da163-2c1f-4de2-ab71-b915d7d0ae78: shutdown FollowerState
2019-10-21 04:30:46,511 [Thread-939] INFO  impl.RaftServerImpl (RaftServerImpl.java:setRole(184)) - f02da163-2c1f-4de2-ab71-b915d7d0ae78@group-D606C9B72829: changes role from  FOLLOWER to CANDIDATE at term 54 for changeToCandidate
2019-10-21 04:30:46,511 [Thread-939] INFO  impl.RoleInfo (RoleInfo.java:updateAndGet(143)) - f02da163-2c1f-4de2-ab71-b915d7d0ae78: start LeaderElection
2019-10-21 04:30:46,533 [f02da163-2c1f-4de2-ab71-b915d7d0ae78@group-D606C9B72829-LeaderElection58] INFO  impl.LeaderElection (LeaderElection.java:askForVotes(178)) - f02da163-2c1f-4de2-ab71-b915d7d0ae78@group-D606C9B72829-LeaderElection58: begin an election at term 55 for 0: [641380fb-ae96-4755-94e0-fd776bdc090f:192.168.34.41:39543, f02da163-2c1f-4de2-ab71-b915d7d0ae78:192.168.34.41:39439, dd1d24cd-1df3-4428-bf67-9b7dc9bd3e4c:192.168.34.41:45185], old=null
2019-10-21 04:30:46,536 [grpc-default-executor-2] INFO  impl.RaftServerImpl (RaftServerImpl.java:setRole(184)) - 641380fb-ae96-4755-94e0-fd776bdc090f@group-D606C9B72829: changes role from  FOLLOWER to FOLLOWER at term 55 for recognizeCandidate:f02da163-2c1f-4de2-ab71-b915d7d0ae78
2019-10-21 04:30:46,536 [grpc-default-executor-6] INFO  impl.RaftServerImpl (RaftServerImpl.java:setRole(184)) - dd1d24cd-1df3-4428-bf67-9b7dc9bd3e4c@group-D606C9B72829: changes role from  FOLLOWER to FOLLOWER at term 55 for recognizeCandidate:f02da163-2c1f-4de2-ab71-b915d7d0ae78
2019-10-21 04:30:46,536 [grpc-default-executor-2] INFO  impl.RoleInfo (RoleInfo.java:shutdownFollowerState(121)) - 641380fb-ae96-4755-94e0-fd776bdc090f: shutdown FollowerState
2019-10-21 04:30:46,536 [grpc-default-executor-6] INFO  impl.RoleInfo (RoleInfo.java:shutdownFollowerState(121)) - dd1d24cd-1df3-4428-bf67-9b7dc9bd3e4c: shutdown FollowerState
2019-10-21 04:30:46,536 [grpc-default-executor-2] INFO  impl.RoleInfo (RoleInfo.java:updateAndGet(143)) - 641380fb-ae96-4755-94e0-fd776bdc090f: start FollowerState
2019-10-21 04:30:46,537 [grpc-default-executor-6] INFO  impl.RoleInfo (RoleInfo.java:updateAndGet(143)) - dd1d24cd-1df3-4428-bf67-9b7dc9bd3e4c: start FollowerState
2019-10-21 04:30:46,536 [Thread-938] INFO  impl.FollowerState (FollowerState.java:run(117)) - 641380fb-ae96-4755-94e0-fd776bdc090f@group-D606C9B72829-FollowerState was interrupted: java.lang.InterruptedException: sleep interrupted
2019-10-21 04:30:46,537 [Thread-937] INFO  impl.FollowerState (FollowerState.java:run(117)) - dd1d24cd-1df3-4428-bf67-9b7dc9bd3e4c@group-D606C9B72829-FollowerState was interrupted: java.lang.InterruptedException: sleep interrupted
2019-10-21 04:30:46,550 [f02da163-2c1f-4de2-ab71-b915d7d0ae78@group-D606C9B72829-LeaderElection58] INFO  impl.LeaderElection (LeaderElection.java:logAndReturn(56)) - f02da163-2c1f-4de2-ab71-b915d7d0ae78@group-D606C9B72829-LeaderElection58: Election REJECTED; received 2 response(s) [f02da163-2c1f-4de2-ab71-b915d7d0ae78<-641380fb-ae96-4755-94e0-fd776bdc090f#0:FAIL-t55, f02da163-2c1f-4de2-ab71-b915d7d0ae78<-dd1d24cd-1df3-4428-bf67-9b7dc9bd3e4c#0:FAIL-t55] and 0 exception(s); f02da163-2c1f-4de2-ab71-b915d7d0ae78@group-D606C9B72829:t55, leader=null, voted=f02da163-2c1f-4de2-ab71-b915d7d0ae78, raftlog=f02da163-2c1f-4de2-ab71-b915d7d0ae78@group-D606C9B72829-SegmentedRaftLog:OPENED:c3,f4,i4, conf=0: [641380fb-ae96-4755-94e0-fd776bdc090f:192.168.34.41:39543, f02da163-2c1f-4de2-ab71-b915d7d0ae78:192.168.34.41:39439, dd1d24cd-1df3-4428-bf67-9b7dc9bd3e4c:192.168.34.41:45185], old=null
2019-10-21 04:30:46,550 [f02da163-2c1f-4de2-ab71-b915d7d0ae78@group-D606C9B72829-LeaderElection58] INFO  impl.RaftServerImpl (RaftServerImpl.java:setRole(184)) - f02da163-2c1f-4de2-ab71-b915d7d0ae78@group-D606C9B72829: changes role from CANDIDATE to FOLLOWER at term 55 for DISCOVERED_A_NEW_TERM
2019-10-21 04:30:46,550 [f02da163-2c1f-4de2-ab71-b915d7d0ae78@group-D606C9B72829-LeaderElection58] INFO  impl.RoleInfo (RoleInfo.java:shutdownLeaderElection(134)) - f02da163-2c1f-4de2-ab71-b915d7d0ae78: shutdown LeaderElection
2019-10-21 04:30:46,551 [f02da163-2c1f-4de2-ab71-b915d7d0ae78@group-D606C9B72829-LeaderElection58] INFO  impl.RoleInfo (RoleInfo.java:updateAndGet(143)) - f02da163-2c1f-4de2-ab71-b915d7d0ae78: start FollowerState
2019-10-21 04:30:46,622 [Thread-950] INFO  impl.FollowerState (FollowerState.java:run(108)) - f02da163-2c1f-4de2-ab71-b915d7d0ae78@group-D606C9B72829-FollowerState: change to CANDIDATE, lastRpcTime:71ms, electionTimeout:71ms
2019-10-21 04:30:46,622 [Thread-950] INFO  impl.RoleInfo (RoleInfo.java:shutdownFollowerState(121)) - f02da163-2c1f-4de2-ab71-b915d7d0ae78: shutdown FollowerState
2019-10-21 04:30:46,622 [Thread-950] INFO  impl.RaftServerImpl (RaftServerImpl.java:setRole(184)) - f02da163-2c1f-4de2-ab71-b915d7d0ae78@group-D606C9B72829: changes role from  FOLLOWER to CANDIDATE at term 55 for changeToCandidate
2019-10-21 04:30:46,622 [Thread-950] INFO  impl.RoleInfo (RoleInfo.java:updateAndGet(143)) - f02da163-2c1f-4de2-ab71-b915d7d0ae78: start LeaderElection
2019-10-21 04:30:46,637 [f02da163-2c1f-4de2-ab71-b915d7d0ae78@group-D606C9B72829-LeaderElection59] INFO  impl.LeaderElection (LeaderElection.java:askForVotes(178)) - f02da163-2c1f-4de2-ab71-b915d7d0ae78@group-D606C9B72829-LeaderElection59: begin an election at term 56 for 0: [641380fb-ae96-4755-94e0-fd776bdc090f:192.168.34.41:39543, f02da163-2c1f-4de2-ab71-b915d7d0ae78:192.168.34.41:39439, dd1d24cd-1df3-4428-bf67-9b7dc9bd3e4c:192.168.34.41:45185], old=null
2019-10-21 04:30:46,639 [grpc-default-executor-6] INFO  impl.RaftServerImpl (RaftServerImpl.java:setRole(184)) - 641380fb-ae96-4755-94e0-fd776bdc090f@group-D606C9B72829: changes role from  FOLLOWER to FOLLOWER at term 56 for recognizeCandidate:f02da163-2c1f-4de2-ab71-b915d7d0ae78
2019-10-21 04:30:46,640 [grpc-default-executor-6] INFO  impl.RoleInfo (RoleInfo.java:shutdownFollowerState(121)) - 641380fb-ae96-4755-94e0-fd776bdc090f: shutdown FollowerState
2019-10-21 04:30:46,640 [Thread-948] INFO  impl.FollowerState (FollowerState.java:run(117)) - 641380fb-ae96-4755-94e0-fd776bdc090f@group-D606C9B72829-FollowerState was interrupted: java.lang.InterruptedException: sleep interrupted
2019-10-21 04:30:46,640 [grpc-default-executor-6] INFO  impl.RoleInfo (RoleInfo.java:updateAndGet(143)) - 641380fb-ae96-4755-94e0-fd776bdc090f: start FollowerState
2019-10-21 04:30:46,640 [grpc-default-executor-2] INFO  impl.RaftServerImpl (RaftServerImpl.java:setRole(184)) - dd1d24cd-1df3-4428-bf67-9b7dc9bd3e4c@group-D606C9B72829: changes role from  FOLLOWER to FOLLOWER at term 56 for recognizeCandidate:f02da163-2c1f-4de2-ab71-b915d7d0ae78
2019-10-21 04:30:46,640 [grpc-default-executor-2] INFO  impl.RoleInfo (RoleInfo.java:shutdownFollowerState(121)) - dd1d24cd-1df3-4428-bf67-9b7dc9bd3e4c: shutdown FollowerState
2019-10-21 04:30:46,640 [grpc-default-executor-2] INFO  impl.RoleInfo (RoleInfo.java:updateAndGet(143)) - dd1d24cd-1df3-4428-bf67-9b7dc9bd3e4c: start FollowerState
2019-10-21 04:30:46,640 [Thread-949] INFO  impl.FollowerState (FollowerState.java:run(117)) - dd1d24cd-1df3-4428-bf67-9b7dc9bd3e4c@group-D606C9B72829-FollowerState was interrupted: java.lang.InterruptedException: sleep interrupted
2019-10-21 04:30:46,655 [f02da163-2c1f-4de2-ab71-b915d7d0ae78@group-D606C9B72829-LeaderElection59] INFO  impl.LeaderElection (LeaderElection.java:logAndReturn(56)) - f02da163-2c1f-4de2-ab71-b915d7d0ae78@group-D606C9B72829-LeaderElection59: Election REJECTED; received 2 response(s) [f02da163-2c1f-4de2-ab71-b915d7d0ae78<-641380fb-ae96-4755-94e0-fd776bdc090f#0:FAIL-t56, f02da163-2c1f-4de2-ab71-b915d7d0ae78<-dd1d24cd-1df3-4428-bf67-9b7dc9bd3e4c#0:FAIL-t56] and 0 exception(s); f02da163-2c1f-4de2-ab71-b915d7d0ae78@group-D606C9B72829:t56, leader=null, voted=f02da163-2c1f-4de2-ab71-b915d7d0ae78, raftlog=f02da163-2c1f-4de2-ab71-b915d7d0ae78@group-D606C9B72829-SegmentedRaftLog:OPENED:c3,f4,i4, conf=0: [641380fb-ae96-4755-94e0-fd776bdc090f:192.168.34.41:39543, f02da163-2c1f-4de2-ab71-b915d7d0ae78:192.168.34.41:39439, dd1d24cd-1df3-4428-bf67-9b7dc9bd3e4c:192.168.34.41:45185], old=null
2019-10-21 04:30:46,655 [f02da163-2c1f-4de2-ab71-b915d7d0ae78@group-D606C9B72829-LeaderElection59] INFO  impl.RaftServerImpl (RaftServerImpl.java:setRole(184)) - f02da163-2c1f-4de2-ab71-b915d7d0ae78@group-D606C9B72829: changes role from CANDIDATE to FOLLOWER at term 56 for DISCOVERED_A_NEW_TERM
2019-10-21 04:30:46,655 [f02da163-2c1f-4de2-ab71-b915d7d0ae78@group-D606C9B72829-LeaderElection59] INFO  impl.RoleInfo (RoleInfo.java:shutdownLeaderElection(134)) - f02da163-2c1f-4de2-ab71-b915d7d0ae78: shutdown LeaderElection
2019-10-21 04:30:46,655 [f02da163-2c1f-4de2-ab71-b915d7d0ae78@group-D606C9B72829-LeaderElection59] INFO  impl.RoleInfo (RoleInfo.java:updateAndGet(143)) - f02da163-2c1f-4de2-ab71-b915d7d0ae78: start FollowerState
2019-10-21 04:30:46,684 [Thread-958] INFO  client.GrpcClientProtocolService (GrpcClientProtocolService.java:lambda$processClientRequest$0(278)) - Failed RaftClientRequest:client-A60227926EB5->f02da163-2c1f-4de2-ab71-b915d7d0ae78@group-D606C9B72829, cid=10, seq=0, Watch-ALL_COMMITTED(6), Message:<EMPTY>, reply=RaftClientReply:client-A60227926EB5->f02da163-2c1f-4de2-ab71-b915d7d0ae78@group-D606C9B72829, cid=10, FAILED org.apache.ratis.protocol.NotLeaderException: Server f02da163-2c1f-4de2-ab71-b915d7d0ae78@group-D606C9B72829 is not the leader, logIndex=0, commits[f02da163-2c1f-4de2-ab71-b915d7d0ae78:c3]
2019-10-21 04:30:46,747 [Thread-956] INFO  impl.FollowerState (FollowerState.java:run(108)) - f02da163-2c1f-4de2-ab71-b915d7d0ae78@group-D606C9B72829-FollowerState: change to CANDIDATE, lastRpcTime:91ms, electionTimeout:91ms
2019-10-21 04:30:46,747 [Thread-956] INFO  impl.RoleInfo (RoleInfo.java:shutdownFollowerState(121)) - f02da163-2c1f-4de2-ab71-b915d7d0ae78: shutdown FollowerState
2019-10-21 04:30:46,747 [Thread-956] INFO  impl.RaftServerImpl (RaftServerImpl.java:setRole(184)) - f02da163-2c1f-4de2-ab71-b915d7d0ae78@group-D606C9B72829: changes role from  FOLLOWER to CANDIDATE at term 56 for changeToCandidate
2019-10-21 04:30:46,747 [Thread-956] INFO  impl.RoleInfo (RoleInfo.java:updateAndGet(143)) - f02da163-2c1f-4de2-ab71-b915d7d0ae78: start LeaderElection
2019-10-21 04:30:46,761 [f02da163-2c1f-4de2-ab71-b915d7d0ae78@group-D606C9B72829-LeaderElection60] INFO  impl.LeaderElection (LeaderElection.java:askForVotes(178)) - f02da163-2c1f-4de2-ab71-b915d7d0ae78@group-D606C9B72829-LeaderElection60: begin an election at term 57 for 0: [641380fb-ae96-4755-94e0-fd776bdc090f:192.168.34.41:39543, f02da163-2c1f-4de2-ab71-b915d7d0ae78:192.168.34.41:39439, dd1d24cd-1df3-4428-bf67-9b7dc9bd3e4c:192.168.34.41:45185], old=null
2019-10-21 04:30:46,764 [grpc-default-executor-6] INFO  impl.RaftServerImpl (RaftServerImpl.java:setRole(184)) - 641380fb-ae96-4755-94e0-fd776bdc090f@group-D606C9B72829: changes role from  FOLLOWER to FOLLOWER at term 57 for recognizeCandidate:f02da163-2c1f-4de2-ab71-b915d7d0ae78
2019-10-21 04:30:46,764 [grpc-default-executor-6] INFO  impl.RoleInfo (RoleInfo.java:shutdownFollowerState(121)) - 641380fb-ae96-4755-94e0-fd776bdc090f: shutdown FollowerState
2019-10-21 04:30:46,765 [grpc-default-executor-6] INFO  impl.RoleInfo (RoleInfo.java:updateAndGet(143)) - 641380fb-ae96-4755-94e0-fd776bdc090f: start FollowerState
2019-10-21 04:30:46,765 [Thread-954] INFO  impl.FollowerState (FollowerState.java:run(117)) - 641380fb-ae96-4755-94e0-fd776bdc090f@group-D606C9B72829-FollowerState was interrupted: java.lang.InterruptedException: sleep interrupted
2019-10-21 04:30:46,765 [grpc-default-executor-2] INFO  impl.RaftServerImpl (RaftServerImpl.java:setRole(184)) - dd1d24cd-1df3-4428-bf67-9b7dc9bd3e4c@group-D606C9B72829: changes role from  FOLLOWER to FOLLOWER at term 57 for recognizeCandidate:f02da163-2c1f-4de2-ab71-b915d7d0ae78
2019-10-21 04:30:46,765 [grpc-default-executor-2] INFO  impl.RoleInfo (RoleInfo.java:shutdownFollowerState(121)) - dd1d24cd-1df3-4428-bf67-9b7dc9bd3e4c: shutdown FollowerState
2019-10-21 04:30:46,765 [Thread-955] INFO  impl.FollowerState (FollowerState.java:run(117)) - dd1d24cd-1df3-4428-bf67-9b7dc9bd3e4c@group-D606C9B72829-FollowerState was interrupted: java.lang.InterruptedException: sleep interrupted
2019-10-21 04:30:46,765 [grpc-default-executor-2] INFO  impl.RoleInfo (RoleInfo.java:updateAndGet(143)) - dd1d24cd-1df3-4428-bf67-9b7dc9bd3e4c: start FollowerState
2019-10-21 04:30:46,780 [f02da163-2c1f-4de2-ab71-b915d7d0ae78@group-D606C9B72829-LeaderElection60] INFO  impl.LeaderElection (LeaderElection.java:logAndReturn(56)) - f02da163-2c1f-4de2-ab71-b915d7d0ae78@group-D606C9B72829-LeaderElection60: Election REJECTED; received 2 response(s) [f02da163-2c1f-4de2-ab71-b915d7d0ae78<-641380fb-ae96-4755-94e0-fd776bdc090f#0:FAIL-t57, f02da163-2c1f-4de2-ab71-b915d7d0ae78<-dd1d24cd-1df3-4428-bf67-9b7dc9bd3e4c#0:FAIL-t57] and 0 exception(s); f02da163-2c1f-4de2-ab71-b915d7d0ae78@group-D606C9B72829:t57, leader=null, voted=f02da163-2c1f-4de2-ab71-b915d7d0ae78, raftlog=f02da163-2c1f-4de2-ab71-b915d7d0ae78@group-D606C9B72829-SegmentedRaftLog:OPENED:c3,f4,i4, conf=0: [641380fb-ae96-4755-94e0-fd776bdc090f:192.168.34.41:39543, f02da163-2c1f-4de2-ab71-b915d7d0ae78:192.168.34.41:39439, dd1d24cd-1df3-4428-bf67-9b7dc9bd3e4c:192.168.34.41:45185], old=null
2019-10-21 04:30:46,780 [f02da163-2c1f-4de2-ab71-b915d7d0ae78@group-D606C9B72829-LeaderElection60] INFO  impl.RaftServerImpl (RaftServerImpl.java:setRole(184)) - f02da163-2c1f-4de2-ab71-b915d7d0ae78@group-D606C9B72829: changes role from CANDIDATE to FOLLOWER at term 57 for DISCOVERED_A_NEW_TERM
2019-10-21 04:30:46,780 [f02da163-2c1f-4de2-ab71-b915d7d0ae78@group-D606C9B72829-LeaderElection60] INFO  impl.RoleInfo (RoleInfo.java:shutdownLeaderElection(134)) - f02da163-2c1f-4de2-ab71-b915d7d0ae78: shutdown LeaderElection
2019-10-21 04:30:46,780 [f02da163-2c1f-4de2-ab71-b915d7d0ae78@group-D606C9B72829-LeaderElection60] INFO  impl.RoleInfo (RoleInfo.java:updateAndGet(143)) - f02da163-2c1f-4de2-ab71-b915d7d0ae78: start FollowerState
2019-10-21 04:30:46,975 [Thread-965] INFO  impl.FollowerState (FollowerState.java:run(108)) - f02da163-2c1f-4de2-ab71-b915d7d0ae78@group-D606C9B72829-FollowerState: change to CANDIDATE, lastRpcTime:194ms, electionTimeout:194ms
2019-10-21 04:30:46,975 [Thread-965] INFO  impl.RoleInfo (RoleInfo.java:shutdownFollowerState(121)) - f02da163-2c1f-4de2-ab71-b915d7d0ae78: shutdown FollowerState
2019-10-21 04:30:46,975 [Thread-965] INFO  impl.RaftServerImpl (RaftServerImpl.java:setRole(184)) - f02da163-2c1f-4de2-ab71-b915d7d0ae78@group-D606C9B72829: changes role from  FOLLOWER to CANDIDATE at term 57 for changeToCandidate
2019-10-21 04:30:46,976 [Thread-965] INFO  impl.RoleInfo (RoleInfo.java:updateAndGet(143)) - f02da163-2c1f-4de2-ab71-b915d7d0ae78: start LeaderElection
2019-10-21 04:30:46,990 [f02da163-2c1f-4de2-ab71-b915d7d0ae78@group-D606C9B72829-LeaderElection61] INFO  impl.LeaderElection (LeaderElection.java:askForVotes(178)) - f02da163-2c1f-4de2-ab71-b915d7d0ae78@group-D606C9B72829-LeaderElection61: begin an election at term 58 for 0: [641380fb-ae96-4755-94e0-fd776bdc090f:192.168.34.41:39543, f02da163-2c1f-4de2-ab71-b915d7d0ae78:192.168.34.41:39439, dd1d24cd-1df3-4428-bf67-9b7dc9bd3e4c:192.168.34.41:45185], old=null
2019-10-21 04:30:46,993 [grpc-default-executor-2] INFO  impl.RaftServerImpl (RaftServerImpl.java:setRole(184)) - 641380fb-ae96-4755-94e0-fd776bdc090f@group-D606C9B72829: changes role from  FOLLOWER to FOLLOWER at term 58 for recognizeCandidate:f02da163-2c1f-4de2-ab71-b915d7d0ae78
2019-10-21 04:30:46,993 [grpc-default-executor-6] INFO  impl.RaftServerImpl (RaftServerImpl.java:setRole(184)) - dd1d24cd-1df3-4428-bf67-9b7dc9bd3e4c@group-D606C9B72829: changes role from  FOLLOWER to FOLLOWER at term 58 for recognizeCandidate:f02da163-2c1f-4de2-ab71-b915d7d0ae78
2019-10-21 04:30:46,993 [grpc-default-executor-2] INFO  impl.RoleInfo (RoleInfo.java:shutdownFollowerState(121)) - 641380fb-ae96-4755-94e0-fd776bdc090f: shutdown FollowerState
2019-10-21 04:30:46,993 [grpc-default-executor-6] INFO  impl.RoleInfo (RoleInfo.java:shutdownFollowerState(121)) - dd1d24cd-1df3-4428-bf67-9b7dc9bd3e4c: shutdown FollowerState
2019-10-21 04:30:46,993 [Thread-963] INFO  impl.FollowerState (FollowerState.java:run(117)) - 641380fb-ae96-4755-94e0-fd776bdc090f@group-D606C9B72829-FollowerState was interrupted: java.lang.InterruptedException: sleep interrupted
2019-10-21 04:30:46,993 [Thread-964] INFO  impl.FollowerState (FollowerState.java:run(117)) - dd1d24cd-1df3-4428-bf67-9b7dc9bd3e4c@group-D606C9B72829-FollowerState was interrupted: java.lang.InterruptedException: sleep interrupted
2019-10-21 04:30:46,993 [grpc-default-executor-6] INFO  impl.RoleInfo (RoleInfo.java:updateAndGet(143)) - dd1d24cd-1df3-4428-bf67-9b7dc9bd3e4c: start FollowerState
2019-10-21 04:30:46,993 [grpc-default-executor-2] INFO  impl.RoleInfo (RoleInfo.java:updateAndGet(143)) - 641380fb-ae96-4755-94e0-fd776bdc090f: start FollowerState
2019-10-21 04:30:47,009 [f02da163-2c1f-4de2-ab71-b915d7d0ae78@group-D606C9B72829-LeaderElection61] INFO  impl.LeaderElection (LeaderElection.java:logAndReturn(56)) - f02da163-2c1f-4de2-ab71-b915d7d0ae78@group-D606C9B72829-LeaderElection61: Election REJECTED; received 2 response(s) [f02da163-2c1f-4de2-ab71-b915d7d0ae78<-641380fb-ae96-4755-94e0-fd776bdc090f#0:FAIL-t58, f02da163-2c1f-4de2-ab71-b915d7d0ae78<-dd1d24cd-1df3-4428-bf67-9b7dc9bd3e4c#0:FAIL-t58] and 0 exception(s); f02da163-2c1f-4de2-ab71-b915d7d0ae78@group-D606C9B72829:t58, leader=null, voted=f02da163-2c1f-4de2-ab71-b915d7d0ae78, raftlog=f02da163-2c1f-4de2-ab71-b915d7d0ae78@group-D606C9B72829-SegmentedRaftLog:OPENED:c3,f4,i4, conf=0: [641380fb-ae96-4755-94e0-fd776bdc090f:192.168.34.41:39543, f02da163-2c1f-4de2-ab71-b915d7d0ae78:192.168.34.41:39439, dd1d24cd-1df3-4428-bf67-9b7dc9bd3e4c:192.168.34.41:45185], old=null
2019-10-21 04:30:47,009 [f02da163-2c1f-4de2-ab71-b915d7d0ae78@group-D606C9B72829-LeaderElection61] INFO  impl.RaftServerImpl (RaftServerImpl.java:setRole(184)) - f02da163-2c1f-4de2-ab71-b915d7d0ae78@group-D606C9B72829: changes role from CANDIDATE to FOLLOWER at term 58 for DISCOVERED_A_NEW_TERM
2019-10-21 04:30:47,009 [f02da163-2c1f-4de2-ab71-b915d7d0ae78@group-D606C9B72829-LeaderElection61] INFO  impl.RoleInfo (RoleInfo.java:shutdownLeaderElection(134)) - f02da163-2c1f-4de2-ab71-b915d7d0ae78: shutdown LeaderElection
2019-10-21 04:30:47,010 [f02da163-2c1f-4de2-ab71-b915d7d0ae78@group-D606C9B72829-LeaderElection61] INFO  impl.RoleInfo (RoleInfo.java:updateAndGet(143)) - f02da163-2c1f-4de2-ab71-b915d7d0ae78: start FollowerState
2019-10-21 04:30:47,049 [Thread-971] INFO  impl.FollowerState (FollowerState.java:run(108)) - f02da163-2c1f-4de2-ab71-b915d7d0ae78@group-D606C9B72829-FollowerState: change to CANDIDATE, lastRpcTime:39ms, electionTimeout:39ms
2019-10-21 04:30:47,049 [Thread-971] INFO  impl.RoleInfo (RoleInfo.java:shutdownFollowerState(121)) - f02da163-2c1f-4de2-ab71-b915d7d0ae78: shutdown FollowerState
2019-10-21 04:30:47,049 [Thread-971] INFO  impl.RaftServerImpl (RaftServerImpl.java:setRole(184)) - f02da163-2c1f-4de2-ab71-b915d7d0ae78@group-D606C9B72829: changes role from  FOLLOWER to CANDIDATE at term 58 for changeToCandidate
2019-10-21 04:30:47,049 [Thread-971] INFO  impl.RoleInfo (RoleInfo.java:updateAndGet(143)) - f02da163-2c1f-4de2-ab71-b915d7d0ae78: start LeaderElection
2019-10-21 04:30:47,063 [f02da163-2c1f-4de2-ab71-b915d7d0ae78@group-D606C9B72829-LeaderElection62] INFO  impl.LeaderElection (LeaderElection.java:askForVotes(178)) - f02da163-2c1f-4de2-ab71-b915d7d0ae78@group-D606C9B72829-LeaderElection62: begin an election at term 59 for 0: [641380fb-ae96-4755-94e0-fd776bdc090f:192.168.34.41:39543, f02da163-2c1f-4de2-ab71-b915d7d0ae78:192.168.34.41:39439, dd1d24cd-1df3-4428-bf67-9b7dc9bd3e4c:192.168.34.41:45185], old=null
2019-10-21 04:30:47,065 [grpc-default-executor-2] INFO  impl.RaftServerImpl (RaftServerImpl.java:setRole(184)) - dd1d24cd-1df3-4428-bf67-9b7dc9bd3e4c@group-D606C9B72829: changes role from  FOLLOWER to FOLLOWER at term 59 for recognizeCandidate:f02da163-2c1f-4de2-ab71-b915d7d0ae78
2019-10-21 04:30:47,065 [grpc-default-executor-2] INFO  impl.RoleInfo (RoleInfo.java:shutdownFollowerState(121)) - dd1d24cd-1df3-4428-bf67-9b7dc9bd3e4c: shutdown FollowerState
2019-10-21 04:30:47,065 [grpc-default-executor-6] INFO  impl.RaftServerImpl (RaftServerImpl.java:setRole(184)) - 641380fb-ae96-4755-94e0-fd776bdc090f@group-D606C9B72829: changes role from  FOLLOWER to FOLLOWER at term 59 for recognizeCandidate:f02da163-2c1f-4de2-ab71-b915d7d0ae78
2019-10-21 04:30:47,065 [Thread-970] INFO  impl.FollowerState (FollowerState.java:run(117)) - dd1d24cd-1df3-4428-bf67-9b7dc9bd3e4c@group-D606C9B72829-FollowerState was interrupted: java.lang.InterruptedException: sleep interrupted
2019-10-21 04:30:47,065 [grpc-default-executor-2] INFO  impl.RoleInfo (RoleInfo.java:updateAndGet(143)) - dd1d24cd-1df3-4428-bf67-9b7dc9bd3e4c: start FollowerState
2019-10-21 04:30:47,065 [grpc-default-executor-6] INFO  impl.RoleInfo (RoleInfo.java:shutdownFollowerState(121)) - 641380fb-ae96-4755-94e0-fd776bdc090f: shutdown FollowerState
2019-10-21 04:30:47,066 [grpc-default-executor-6] INFO  impl.RoleInfo (RoleInfo.java:updateAndGet(143)) - 641380fb-ae96-4755-94e0-fd776bdc090f: start FollowerState
2019-10-21 04:30:47,066 [Thread-969] INFO  impl.FollowerState (FollowerState.java:run(117)) - 641380fb-ae96-4755-94e0-fd776bdc090f@group-D606C9B72829-FollowerState was interrupted: java.lang.InterruptedException: sleep interrupted
2019-10-21 04:30:47,080 [f02da163-2c1f-4de2-ab71-b915d7d0ae78@group-D606C9B72829-LeaderElection62] INFO  impl.LeaderElection (LeaderElection.java:logAndReturn(56)) - f02da163-2c1f-4de2-ab71-b915d7d0ae78@group-D606C9B72829-LeaderElection62: Election REJECTED; received 2 response(s) [f02da163-2c1f-4de2-ab71-b915d7d0ae78<-641380fb-ae96-4755-94e0-fd776bdc090f#0:FAIL-t59, f02da163-2c1f-4de2-ab71-b915d7d0ae78<-dd1d24cd-1df3-4428-bf67-9b7dc9bd3e4c#0:FAIL-t59] and 0 exception(s); f02da163-2c1f-4de2-ab71-b915d7d0ae78@group-D606C9B72829:t59, leader=null, voted=f02da163-2c1f-4de2-ab71-b915d7d0ae78, raftlog=f02da163-2c1f-4de2-ab71-b915d7d0ae78@group-D606C9B72829-SegmentedRaftLog:OPENED:c3,f4,i4, conf=0: [641380fb-ae96-4755-94e0-fd776bdc090f:192.168.34.41:39543, f02da163-2c1f-4de2-ab71-b915d7d0ae78:192.168.34.41:39439, dd1d24cd-1df3-4428-bf67-9b7dc9bd3e4c:192.168.34.41:45185], old=null
2019-10-21 04:30:47,080 [f02da163-2c1f-4de2-ab71-b915d7d0ae78@group-D606C9B72829-LeaderElection62] INFO  impl.RaftServerImpl (RaftServerImpl.java:setRole(184)) - f02da163-2c1f-4de2-ab71-b915d7d0ae78@group-D606C9B72829: changes role from CANDIDATE to FOLLOWER at term 59 for DISCOVERED_A_NEW_TERM
2019-10-21 04:30:47,080 [f02da163-2c1f-4de2-ab71-b915d7d0ae78@group-D606C9B72829-LeaderElection62] INFO  impl.RoleInfo (RoleInfo.java:shutdownLeaderElection(134)) - f02da163-2c1f-4de2-ab71-b915d7d0ae78: shutdown LeaderElection
2019-10-21 04:30:47,080 [f02da163-2c1f-4de2-ab71-b915d7d0ae78@group-D606C9B72829-LeaderElection62] INFO  impl.RoleInfo (RoleInfo.java:updateAndGet(143)) - f02da163-2c1f-4de2-ab71-b915d7d0ae78: start FollowerState
2019-10-21 04:30:47,192 [Thread-977] INFO  impl.FollowerState (FollowerState.java:run(108)) - f02da163-2c1f-4de2-ab71-b915d7d0ae78@group-D606C9B72829-FollowerState: change to CANDIDATE, lastRpcTime:111ms, electionTimeout:111ms
2019-10-21 04:30:47,192 [Thread-977] INFO  impl.RoleInfo (RoleInfo.java:shutdownFollowerState(121)) - f02da163-2c1f-4de2-ab71-b915d7d0ae78: shutdown FollowerState
2019-10-21 04:30:47,192 [Thread-977] INFO  impl.RaftServerImpl (RaftServerImpl.java:setRole(184)) - f02da163-2c1f-4de2-ab71-b915d7d0ae78@group-D606C9B72829: changes role from  FOLLOWER to CANDIDATE at term 59 for changeToCandidate
2019-10-21 04:30:47,192 [Thread-977] INFO  impl.RoleInfo (RoleInfo.java:updateAndGet(143)) - f02da163-2c1f-4de2-ab71-b915d7d0ae78: start LeaderElection
2019-10-21 04:30:47,206 [f02da163-2c1f-4de2-ab71-b915d7d0ae78@group-D606C9B72829-LeaderElection63] INFO  impl.LeaderElection (LeaderElection.java:askForVotes(178)) - f02da163-2c1f-4de2-ab71-b915d7d0ae78@group-D606C9B72829-LeaderElection63: begin an election at term 60 for 0: [641380fb-ae96-4755-94e0-fd776bdc090f:192.168.34.41:39543, f02da163-2c1f-4de2-ab71-b915d7d0ae78:192.168.34.41:39439, dd1d24cd-1df3-4428-bf67-9b7dc9bd3e4c:192.168.34.41:45185], old=null
2019-10-21 04:30:47,209 [grpc-default-executor-2] INFO  impl.RaftServerImpl (RaftServerImpl.java:setRole(184)) - 641380fb-ae96-4755-94e0-fd776bdc090f@group-D606C9B72829: changes role from  FOLLOWER to FOLLOWER at term 60 for recognizeCandidate:f02da163-2c1f-4de2-ab71-b915d7d0ae78
2019-10-21 04:30:47,209 [grpc-default-executor-2] INFO  impl.RoleInfo (RoleInfo.java:shutdownFollowerState(121)) - 641380fb-ae96-4755-94e0-fd776bdc090f: shutdown FollowerState
2019-10-21 04:30:47,209 [grpc-default-executor-2] INFO  impl.RoleInfo (RoleInfo.java:updateAndGet(143)) - 641380fb-ae96-4755-94e0-fd776bdc090f: start FollowerState
2019-10-21 04:30:47,209 [Thread-976] INFO  impl.FollowerState (FollowerState.java:run(117)) - 641380fb-ae96-4755-94e0-fd776bdc090f@group-D606C9B72829-FollowerState was interrupted: java.lang.InterruptedException: sleep interrupted
2019-10-21 04:30:47,209 [grpc-default-executor-6] INFO  impl.RaftServerImpl (RaftServerImpl.java:setRole(184)) - dd1d24cd-1df3-4428-bf67-9b7dc9bd3e4c@group-D606C9B72829: changes role from  FOLLOWER to FOLLOWER at term 60 for recognizeCandidate:f02da163-2c1f-4de2-ab71-b915d7d0ae78
2019-10-21 04:30:47,210 [grpc-default-executor-6] INFO  impl.RoleInfo (RoleInfo.java:shutdownFollowerState(121)) - dd1d24cd-1df3-4428-bf67-9b7dc9bd3e4c: shutdown FollowerState
2019-10-21 04:30:47,210 [grpc-default-executor-6] INFO  impl.RoleInfo (RoleInfo.java:updateAndGet(143)) - dd1d24cd-1df3-4428-bf67-9b7dc9bd3e4c: start FollowerState
2019-10-21 04:30:47,210 [Thread-975] INFO  impl.FollowerState (FollowerState.java:run(117)) - dd1d24cd-1df3-4428-bf67-9b7dc9bd3e4c@group-D606C9B72829-FollowerState was interrupted: java.lang.InterruptedException: sleep interrupted
2019-10-21 04:30:47,224 [f02da163-2c1f-4de2-ab71-b915d7d0ae78@group-D606C9B72829-LeaderElection63] INFO  impl.LeaderElection (LeaderElection.java:logAndReturn(56)) - f02da163-2c1f-4de2-ab71-b915d7d0ae78@group-D606C9B72829-LeaderElection63: Election REJECTED; received 2 response(s) [f02da163-2c1f-4de2-ab71-b915d7d0ae78<-641380fb-ae96-4755-94e0-fd776bdc090f#0:FAIL-t60, f02da163-2c1f-4de2-ab71-b915d7d0ae78<-dd1d24cd-1df3-4428-bf67-9b7dc9bd3e4c#0:FAIL-t60] and 0 exception(s); f02da163-2c1f-4de2-ab71-b915d7d0ae78@group-D606C9B72829:t60, leader=null, voted=f02da163-2c1f-4de2-ab71-b915d7d0ae78, raftlog=f02da163-2c1f-4de2-ab71-b915d7d0ae78@group-D606C9B72829-SegmentedRaftLog:OPENED:c3,f4,i4, conf=0: [641380fb-ae96-4755-94e0-fd776bdc090f:192.168.34.41:39543, f02da163-2c1f-4de2-ab71-b915d7d0ae78:192.168.34.41:39439, dd1d24cd-1df3-4428-bf67-9b7dc9bd3e4c:192.168.34.41:45185], old=null
2019-10-21 04:30:47,225 [f02da163-2c1f-4de2-ab71-b915d7d0ae78@group-D606C9B72829-LeaderElection63] INFO  impl.RaftServerImpl (RaftServerImpl.java:setRole(184)) - f02da163-2c1f-4de2-ab71-b915d7d0ae78@group-D606C9B72829: changes role from CANDIDATE to FOLLOWER at term 60 for DISCOVERED_A_NEW_TERM
2019-10-21 04:30:47,225 [f02da163-2c1f-4de2-ab71-b915d7d0ae78@group-D606C9B72829-LeaderElection63] INFO  impl.RoleInfo (RoleInfo.java:shutdownLeaderElection(134)) - f02da163-2c1f-4de2-ab71-b915d7d0ae78: shutdown LeaderElection
2019-10-21 04:30:47,225 [f02da163-2c1f-4de2-ab71-b915d7d0ae78@group-D606C9B72829-LeaderElection63] INFO  impl.RoleInfo (RoleInfo.java:updateAndGet(143)) - f02da163-2c1f-4de2-ab71-b915d7d0ae78: start FollowerState
]]></system-out>
    <system-err><![CDATA[ERROR StatusLogger No Log4j 2 configuration file found. Using default configuration (logging only errors to the console), or user programmatically provided configurations. Set system property 'log4j2.debug' to show Log4j 2 internal initialization logging. See https://logging.apache.org/log4j/2.x/manual/configuration.html for instructions on how to configure Log4j 2
Oct 21, 2019 4:28:59 AM org.apache.ratis.thirdparty.io.grpc.internal.SerializingExecutor run
SEVERE: Exception while executing runnable org.apache.ratis.thirdparty.io.grpc.internal.ServerImpl$JumpToApplicationThreadServerStreamListener$1Closed@397f3690
org.apache.ratis.thirdparty.io.grpc.StatusRuntimeException: CANCELLED: call already cancelled
	at org.apache.ratis.thirdparty.io.grpc.Status.asRuntimeException(Status.java:517)
	at org.apache.ratis.thirdparty.io.grpc.stub.ServerCalls$ServerCallStreamObserverImpl.onCompleted(ServerCalls.java:356)
	at org.apache.ratis.grpc.server.GrpcServerProtocolService$ServerRequestStreamObserver.onError(GrpcServerProtocolService.java:121)
	at org.apache.ratis.thirdparty.io.grpc.stub.ServerCalls$StreamingServerCallHandler$StreamingServerCallListener.onCancel(ServerCalls.java:269)
	at org.apache.ratis.thirdparty.io.grpc.internal.ServerCallImpl$ServerStreamListenerImpl.closed(ServerCallImpl.java:293)
	at org.apache.ratis.thirdparty.io.grpc.internal.ServerImpl$JumpToApplicationThreadServerStreamListener$1Closed.runInContext(ServerImpl.java:741)
	at org.apache.ratis.thirdparty.io.grpc.internal.ContextRunnable.run(ContextRunnable.java:37)
	at org.apache.ratis.thirdparty.io.grpc.internal.SerializingExecutor.run(SerializingExecutor.java:123)
	at java.util.concurrent.ThreadPoolExecutor.runWorker(ThreadPoolExecutor.java:1149)
	at java.util.concurrent.ThreadPoolExecutor$Worker.run(ThreadPoolExecutor.java:624)
	at java.lang.Thread.run(Thread.java:748)

Oct 21, 2019 4:28:59 AM org.apache.ratis.thirdparty.io.grpc.internal.SerializingExecutor run
SEVERE: Exception while executing runnable org.apache.ratis.thirdparty.io.grpc.internal.ClientCallImpl$ClientStreamListenerImpl$1StreamClosed@67ddeef6
java.lang.NullPointerException
	at org.apache.ratis.grpc.server.GrpcLogAppender$AppendLogResponseHandler.onError(GrpcLogAppender.java:303)
	at org.apache.ratis.thirdparty.io.grpc.stub.ClientCalls$StreamObserverToCallListenerAdapter.onClose(ClientCalls.java:434)
	at org.apache.ratis.thirdparty.io.grpc.PartialForwardingClientCallListener.onClose(PartialForwardingClientCallListener.java:39)
	at org.apache.ratis.thirdparty.io.grpc.ForwardingClientCallListener.onClose(ForwardingClientCallListener.java:23)
	at org.apache.ratis.thirdparty.io.grpc.ForwardingClientCallListener$SimpleForwardingClientCallListener.onClose(ForwardingClientCallListener.java:40)
	at org.apache.ratis.thirdparty.io.grpc.internal.CensusStatsModule$StatsClientInterceptor$1$1.onClose(CensusStatsModule.java:678)
	at org.apache.ratis.thirdparty.io.grpc.PartialForwardingClientCallListener.onClose(PartialForwardingClientCallListener.java:39)
	at org.apache.ratis.thirdparty.io.grpc.ForwardingClientCallListener.onClose(ForwardingClientCallListener.java:23)
	at org.apache.ratis.thirdparty.io.grpc.ForwardingClientCallListener$SimpleForwardingClientCallListener.onClose(ForwardingClientCallListener.java:40)
	at org.apache.ratis.thirdparty.io.grpc.internal.CensusTracingModule$TracingClientInterceptor$1$1.onClose(CensusTracingModule.java:397)
	at org.apache.ratis.thirdparty.io.grpc.internal.ClientCallImpl.closeObserver(ClientCallImpl.java:459)
	at org.apache.ratis.thirdparty.io.grpc.internal.ClientCallImpl.access$300(ClientCallImpl.java:63)
	at org.apache.ratis.thirdparty.io.grpc.internal.ClientCallImpl$ClientStreamListenerImpl.close(ClientCallImpl.java:546)
	at org.apache.ratis.thirdparty.io.grpc.internal.ClientCallImpl$ClientStreamListenerImpl.access$600(ClientCallImpl.java:467)
	at org.apache.ratis.thirdparty.io.grpc.internal.ClientCallImpl$ClientStreamListenerImpl$1StreamClosed.runInContext(ClientCallImpl.java:584)
	at org.apache.ratis.thirdparty.io.grpc.internal.ContextRunnable.run(ContextRunnable.java:37)
	at org.apache.ratis.thirdparty.io.grpc.internal.SerializingExecutor.run(SerializingExecutor.java:123)
	at java.util.concurrent.ThreadPoolExecutor.runWorker(ThreadPoolExecutor.java:1149)
	at java.util.concurrent.ThreadPoolExecutor$Worker.run(ThreadPoolExecutor.java:624)
	at java.lang.Thread.run(Thread.java:748)

]]></system-err>
  </testcase>
</testsuite>