<?xml version="1.0" encoding="UTF-8"?>
<testsuite xmlns:xsi="http://www.w3.org/2001/XMLSchema-instance" xsi:noNamespaceSchemaLocation="https://maven.apache.org/surefire/maven-surefire-plugin/xsd/surefire-test-report.xsd" name="org.apache.hadoop.ozone.client.rpc.TestWatchForCommit" time="272.584" tests="5" errors="1" skipped="0" failures="0">
  <properties>
    <property name="awt.toolkit" value="sun.awt.X11.XToolkit"/>
    <property name="file.encoding.pkg" value="sun.io"/>
    <property name="java.specification.version" value="1.8"/>
    <property name="sun.cpu.isalist" value=""/>
    <property name="sun.jnu.encoding" value="UTF-8"/>
    <property name="java.class.path" value="/workdir/hadoop-ozone/integration-test/target/test-classes:/workdir/hadoop-ozone/integration-test/target/classes:/home/user/.m2/repository/org/apache/hadoop/hadoop-ozone-common/0.5.0-SNAPSHOT/hadoop-ozone-common-0.5.0-SNAPSHOT.jar:/home/user/.m2/repository/org/apache/commons/commons-compress/1.4.1/commons-compress-1.4.1.jar:/home/user/.m2/repository/org/tukaani/xz/1.0/xz-1.0.jar:/home/user/.m2/repository/org/apache/hadoop/hadoop-common/3.2.0/hadoop-common-3.2.0.jar:/home/user/.m2/repository/org/apache/hadoop/hadoop-hdfs/3.2.0/hadoop-hdfs-3.2.0.jar:/home/user/.m2/repository/org/apache/hadoop/hadoop-hdfs-client/3.2.0/hadoop-hdfs-client-3.2.0.jar:/home/user/.m2/repository/com/fasterxml/jackson/core/jackson-annotations/2.9.9/jackson-annotations-2.9.9.jar:/home/user/.m2/repository/org/apache/hadoop/hadoop-hdds-common/0.5.0-SNAPSHOT/hadoop-hdds-common-0.5.0-SNAPSHOT.jar:/home/user/.m2/repository/javax/annotation/javax.annotation-api/1.2/javax.annotation-api-1.2.jar:/home/user/.m2/repository/org/apache/ratis/ratis-server/0.5.0-201fc85-SNAPSHOT/ratis-server-0.5.0-201fc85-SNAPSHOT.jar:/home/user/.m2/repository/org/apache/ratis/ratis-thirdparty-misc/0.2.0/ratis-thirdparty-misc-0.2.0.jar:/home/user/.m2/repository/org/apache/ratis/ratis-proto/0.5.0-201fc85-SNAPSHOT/ratis-proto-0.5.0-201fc85-SNAPSHOT.jar:/home/user/.m2/repository/org/apache/ratis/ratis-common/0.5.0-201fc85-SNAPSHOT/ratis-common-0.5.0-201fc85-SNAPSHOT.jar:/home/user/.m2/repository/org/apache/ratis/ratis-client/0.5.0-201fc85-SNAPSHOT/ratis-client-0.5.0-201fc85-SNAPSHOT.jar:/home/user/.m2/repository/org/apache/ratis/ratis-metrics/0.5.0-201fc85-SNAPSHOT/ratis-metrics-0.5.0-201fc85-SNAPSHOT.jar:/home/user/.m2/repository/com/github/joshelser/dropwizard-metrics-hadoop-metrics2-reporter/0.1.2/dropwizard-metrics-hadoop-metrics2-reporter-0.1.2.jar:/home/user/.m2/repository/io/dropwizard/metrics/metrics-jvm/3.2.5/metrics-jvm-3.2.5.jar:/home/user/.m2/repository/io/dropwizard/metrics/metrics-ganglia/3.2.5/metrics-ganglia-3.2.5.jar:/home/user/.m2/repository/info/ganglia/gmetric4j/gmetric4j/1.0.7/gmetric4j-1.0.7.jar:/home/user/.m2/repository/org/apache/ratis/ratis-netty/0.5.0-201fc85-SNAPSHOT/ratis-netty-0.5.0-201fc85-SNAPSHOT.jar:/home/user/.m2/repository/org/apache/ratis/ratis-grpc/0.5.0-201fc85-SNAPSHOT/ratis-grpc-0.5.0-201fc85-SNAPSHOT.jar:/home/user/.m2/repository/org/rocksdb/rocksdbjni/6.0.1/rocksdbjni-6.0.1.jar:/home/user/.m2/repository/org/apache/logging/log4j/log4j-api/2.11.0/log4j-api-2.11.0.jar:/home/user/.m2/repository/org/apache/logging/log4j/log4j-core/2.11.0/log4j-core-2.11.0.jar:/home/user/.m2/repository/com/lmax/disruptor/3.4.2/disruptor-3.4.2.jar:/home/user/.m2/repository/org/apache/commons/commons-pool2/2.6.0/commons-pool2-2.6.0.jar:/home/user/.m2/repository/org/bouncycastle/bcpkix-jdk15on/1.60/bcpkix-jdk15on-1.60.jar:/home/user/.m2/repository/commons-validator/commons-validator/1.6/commons-validator-1.6.jar:/home/user/.m2/repository/commons-digester/commons-digester/1.8.1/commons-digester-1.8.1.jar:/home/user/.m2/repository/io/jaegertracing/jaeger-client/0.34.0/jaeger-client-0.34.0.jar:/home/user/.m2/repository/io/jaegertracing/jaeger-thrift/0.34.0/jaeger-thrift-0.34.0.jar:/home/user/.m2/repository/org/apache/thrift/libthrift/0.12.0/libthrift-0.12.0.jar:/home/user/.m2/repository/com/squareup/okhttp3/okhttp/3.9.0/okhttp-3.9.0.jar:/home/user/.m2/repository/com/squareup/okio/okio/1.13.0/okio-1.13.0.jar:/home/user/.m2/repository/io/jaegertracing/jaeger-core/0.34.0/jaeger-core-0.34.0.jar:/home/user/.m2/repository/io/jaegertracing/jaeger-tracerresolver/0.34.0/jaeger-tracerresolver-0.34.0.jar:/home/user/.m2/repository/io/opentracing/contrib/opentracing-tracerresolver/0.1.5/opentracing-tracerresolver-0.1.5.jar:/home/user/.m2/repository/io/opentracing/opentracing-util/0.31.0/opentracing-util-0.31.0.jar:/home/user/.m2/repository/io/opentracing/opentracing-api/0.31.0/opentracing-api-0.31.0.jar:/home/user/.m2/repository/io/opentracing/opentracing-noop/0.31.0/opentracing-noop-0.31.0.jar:/home/user/.m2/repository/org/apache/hadoop/hadoop-hdds-server-framework/0.5.0-SNAPSHOT/hadoop-hdds-server-framework-0.5.0-SNAPSHOT.jar:/home/user/.m2/repository/org/apache/hadoop/hadoop-hdds-container-service/0.5.0-SNAPSHOT/hadoop-hdds-container-service-0.5.0-SNAPSHOT.jar:/home/user/.m2/repository/org/apache/hadoop/hadoop-hdds-client/0.5.0-SNAPSHOT/hadoop-hdds-client-0.5.0-SNAPSHOT.jar:/home/user/.m2/repository/org/apache/hadoop/hadoop-hdds-tools/0.5.0-SNAPSHOT/hadoop-hdds-tools-0.5.0-SNAPSHOT.jar:/home/user/.m2/repository/org/apache/hadoop/hadoop-hdds-server-scm/0.5.0-SNAPSHOT/hadoop-hdds-server-scm-0.5.0-SNAPSHOT.jar:/home/user/.m2/repository/org/apache/hadoop/hadoop-hdds-docs/0.5.0-SNAPSHOT/hadoop-hdds-docs-0.5.0-SNAPSHOT.jar:/home/user/.m2/repository/io/dropwizard/metrics/metrics-core/3.2.4/metrics-core-3.2.4.jar:/home/user/.m2/repository/org/hamcrest/hamcrest-all/1.3/hamcrest-all-1.3.jar:/home/user/.m2/repository/org/bouncycastle/bcprov-jdk15on/1.60/bcprov-jdk15on-1.60.jar:/home/user/.m2/repository/info/picocli/picocli/3.9.6/picocli-3.9.6.jar:/home/user/.m2/repository/com/google/protobuf/protobuf-java/2.5.0/protobuf-java-2.5.0.jar:/home/user/.m2/repository/com/google/guava/guava/11.0.2/guava-11.0.2.jar:/home/user/.m2/repository/org/apache/hadoop/hadoop-ozone-ozone-manager/0.5.0-SNAPSHOT/hadoop-ozone-ozone-manager-0.5.0-SNAPSHOT.jar:/home/user/.m2/repository/org/apache/hadoop/hadoop-minikdc/3.2.0/hadoop-minikdc-3.2.0.jar:/home/user/.m2/repository/commons-io/commons-io/2.5/commons-io-2.5.jar:/home/user/.m2/repository/org/apache/kerby/kerb-simplekdc/1.0.1/kerb-simplekdc-1.0.1.jar:/home/user/.m2/repository/org/apache/kerby/kerb-client/1.0.1/kerb-client-1.0.1.jar:/home/user/.m2/repository/org/apache/kerby/kerby-config/1.0.1/kerby-config-1.0.1.jar:/home/user/.m2/repository/org/apache/kerby/kerb-core/1.0.1/kerb-core-1.0.1.jar:/home/user/.m2/repository/org/apache/kerby/kerby-pkix/1.0.1/kerby-pkix-1.0.1.jar:/home/user/.m2/repository/org/apache/kerby/kerby-asn1/1.0.1/kerby-asn1-1.0.1.jar:/home/user/.m2/repository/org/apache/kerby/kerby-util/1.0.1/kerby-util-1.0.1.jar:/home/user/.m2/repository/org/apache/kerby/kerb-common/1.0.1/kerb-common-1.0.1.jar:/home/user/.m2/repository/org/apache/kerby/kerb-crypto/1.0.1/kerb-crypto-1.0.1.jar:/home/user/.m2/repository/org/apache/kerby/kerb-util/1.0.1/kerb-util-1.0.1.jar:/home/user/.m2/repository/org/apache/kerby/token-provider/1.0.1/token-provider-1.0.1.jar:/home/user/.m2/repository/org/apache/kerby/kerb-admin/1.0.1/kerb-admin-1.0.1.jar:/home/user/.m2/repository/org/apache/kerby/kerb-server/1.0.1/kerb-server-1.0.1.jar:/home/user/.m2/repository/org/apache/kerby/kerb-identity/1.0.1/kerb-identity-1.0.1.jar:/home/user/.m2/repository/org/apache/kerby/kerby-xdr/1.0.1/kerby-xdr-1.0.1.jar:/home/user/.m2/repository/org/slf4j/slf4j-log4j12/1.7.25/slf4j-log4j12-1.7.25.jar:/home/user/.m2/repository/org/apache/hadoop/hadoop-ozone-s3gateway/0.5.0-SNAPSHOT/hadoop-ozone-s3gateway-0.5.0-SNAPSHOT.jar:/home/user/.m2/repository/org/jboss/weld/servlet/weld-servlet/2.4.7.Final/weld-servlet-2.4.7.Final.jar:/home/user/.m2/repository/org/glassfish/jersey/containers/jersey-container-servlet-core/2.27/jersey-container-servlet-core-2.27.jar:/home/user/.m2/repository/org/glassfish/hk2/external/javax.inject/2.5.0-b42/javax.inject-2.5.0-b42.jar:/home/user/.m2/repository/org/glassfish/jersey/core/jersey-common/2.27/jersey-common-2.27.jar:/home/user/.m2/repository/org/glassfish/hk2/osgi-resource-locator/1.0.1/osgi-resource-locator-1.0.1.jar:/home/user/.m2/repository/javax/ws/rs/javax.ws.rs-api/2.1/javax.ws.rs-api-2.1.jar:/home/user/.m2/repository/org/glassfish/jersey/ext/cdi/jersey-cdi1x/2.27/jersey-cdi1x-2.27.jar:/home/user/.m2/repository/org/glassfish/jersey/inject/jersey-hk2/2.27/jersey-hk2-2.27.jar:/home/user/.m2/repository/org/glassfish/hk2/hk2-locator/2.5.0-b42/hk2-locator-2.5.0-b42.jar:/home/user/.m2/repository/org/javassist/javassist/3.22.0-CR2/javassist-3.22.0-CR2.jar:/home/user/.m2/repository/org/glassfish/hk2/hk2-api/2.5.0/hk2-api-2.5.0.jar:/home/user/.m2/repository/org/glassfish/hk2/external/jakarta.inject/2.5.0/jakarta.inject-2.5.0.jar:/home/user/.m2/repository/org/glassfish/hk2/hk2-utils/2.5.0/hk2-utils-2.5.0.jar:/home/user/.m2/repository/jakarta/annotation/jakarta.annotation-api/1.3.4/jakarta.annotation-api-1.3.4.jar:/home/user/.m2/repository/org/glassfish/hk2/external/aopalliance-repackaged/2.5.0/aopalliance-repackaged-2.5.0.jar:/home/user/.m2/repository/com/fasterxml/jackson/dataformat/jackson-dataformat-xml/2.9.0/jackson-dataformat-xml-2.9.0.jar:/home/user/.m2/repository/com/fasterxml/jackson/core/jackson-core/2.9.9/jackson-core-2.9.9.jar:/home/user/.m2/repository/com/fasterxml/jackson/module/jackson-module-jaxb-annotations/2.9.9/jackson-module-jaxb-annotations-2.9.9.jar:/home/user/.m2/repository/javax/enterprise/cdi-api/1.2/cdi-api-1.2.jar:/home/user/.m2/repository/javax/el/javax.el-api/3.0.0/javax.el-api-3.0.0.jar:/home/user/.m2/repository/javax/interceptor/javax.interceptor-api/1.2/javax.interceptor-api-1.2.jar:/home/user/.m2/repository/javax/inject/javax.inject/1/javax.inject-1.jar:/home/user/.m2/repository/com/sun/xml/bind/jaxb-impl/2.3.0.1/jaxb-impl-2.3.0.1.jar:/home/user/.m2/repository/com/sun/xml/bind/jaxb-core/2.3.0.1/jaxb-core-2.3.0.1.jar:/home/user/.m2/repository/javax/xml/bind/jaxb-api/2.3.0/jaxb-api-2.3.0.jar:/home/user/.m2/repository/javax/activation/activation/1.1.1/activation-1.1.1.jar:/home/user/.m2/repository/org/apache/hadoop/hadoop-ozone-csi/0.5.0-SNAPSHOT/hadoop-ozone-csi-0.5.0-SNAPSHOT.jar:/home/user/.m2/repository/com/google/protobuf/protobuf-java-util/3.5.1/protobuf-java-util-3.5.1.jar:/home/user/.m2/repository/org/apache/hadoop/hadoop-hdds-config/0.5.0-SNAPSHOT/hadoop-hdds-config-0.5.0-SNAPSHOT.jar:/home/user/.m2/repository/io/grpc/grpc-netty/1.17.1/grpc-netty-1.17.1.jar:/home/user/.m2/repository/io/grpc/grpc-core/1.17.1/grpc-core-1.17.1.jar:/home/user/.m2/repository/io/grpc/grpc-context/1.17.1/grpc-context-1.17.1.jar:/home/user/.m2/repository/com/google/errorprone/error_prone_annotations/2.2.0/error_prone_annotations-2.2.0.jar:/home/user/.m2/repository/org/codehaus/mojo/animal-sniffer-annotations/1.17/animal-sniffer-annotations-1.17.jar:/home/user/.m2/repository/io/opencensus/opencensus-api/0.17.0/opencensus-api-0.17.0.jar:/home/user/.m2/repository/io/opencensus/opencensus-contrib-grpc-metrics/0.17.0/opencensus-contrib-grpc-metrics-0.17.0.jar:/home/user/.m2/repository/io/netty/netty-codec-http2/4.1.30.Final/netty-codec-http2-4.1.30.Final.jar:/home/user/.m2/repository/io/netty/netty-codec-http/4.1.30.Final/netty-codec-http-4.1.30.Final.jar:/home/user/.m2/repository/io/netty/netty-codec/4.1.30.Final/netty-codec-4.1.30.Final.jar:/home/user/.m2/repository/io/netty/netty-handler/4.1.30.Final/netty-handler-4.1.30.Final.jar:/home/user/.m2/repository/io/netty/netty-handler-proxy/4.1.30.Final/netty-handler-proxy-4.1.30.Final.jar:/home/user/.m2/repository/io/netty/netty-codec-socks/4.1.30.Final/netty-codec-socks-4.1.30.Final.jar:/home/user/.m2/repository/io/netty/netty-transport-native-epoll/4.1.30.Final/netty-transport-native-epoll-4.1.30.Final.jar:/home/user/.m2/repository/io/netty/netty-common/4.1.30.Final/netty-common-4.1.30.Final.jar:/home/user/.m2/repository/io/netty/netty-buffer/4.1.30.Final/netty-buffer-4.1.30.Final.jar:/home/user/.m2/repository/io/netty/netty-transport/4.1.30.Final/netty-transport-4.1.30.Final.jar:/home/user/.m2/repository/io/netty/netty-resolver/4.1.30.Final/netty-resolver-4.1.30.Final.jar:/home/user/.m2/repository/io/netty/netty-transport-native-unix-common/4.1.30.Final/netty-transport-native-unix-common-4.1.30.Final.jar:/home/user/.m2/repository/io/grpc/grpc-protobuf/1.17.1/grpc-protobuf-1.17.1.jar:/home/user/.m2/repository/com/google/api/grpc/proto-google-common-protos/1.0.0/proto-google-common-protos-1.0.0.jar:/home/user/.m2/repository/io/grpc/grpc-protobuf-lite/1.17.1/grpc-protobuf-lite-1.17.1.jar:/home/user/.m2/repository/io/grpc/grpc-stub/1.17.1/grpc-stub-1.17.1.jar:/home/user/.m2/repository/org/apache/hadoop/hadoop-ozone-recon/0.5.0-SNAPSHOT/hadoop-ozone-recon-0.5.0-SNAPSHOT.jar:/home/user/.m2/repository/org/apache/hadoop/hadoop-ozone-reconcodegen/0.5.0-SNAPSHOT/hadoop-ozone-reconcodegen-0.5.0-SNAPSHOT.jar:/home/user/.m2/repository/com/google/inject/extensions/guice-multibindings/4.0/guice-multibindings-4.0.jar:/home/user/.m2/repository/com/google/inject/guice/4.0/guice-4.0.jar:/home/user/.m2/repository/aopalliance/aopalliance/1.0/aopalliance-1.0.jar:/home/user/.m2/repository/com/google/inject/extensions/guice-servlet/4.0/guice-servlet-4.0.jar:/home/user/.m2/repository/org/glassfish/jersey/containers/jersey-container-servlet/2.27/jersey-container-servlet-2.27.jar:/home/user/.m2/repository/org/glassfish/hk2/guice-bridge/2.5.0/guice-bridge-2.5.0.jar:/home/user/.m2/repository/org/glassfish/jersey/core/jersey-server/2.27/jersey-server-2.27.jar:/home/user/.m2/repository/org/glassfish/jersey/core/jersey-client/2.27/jersey-client-2.27.jar:/home/user/.m2/repository/org/glassfish/jersey/media/jersey-media-jaxb/2.27/jersey-media-jaxb-2.27.jar:/home/user/.m2/repository/javax/validation/validation-api/1.1.0.Final/validation-api-1.1.0.Final.jar:/home/user/.m2/repository/org/glassfish/jersey/media/jersey-media-json-jackson/2.27/jersey-media-json-jackson-2.27.jar:/home/user/.m2/repository/org/glassfish/jersey/ext/jersey-entity-filtering/2.27/jersey-entity-filtering-2.27.jar:/home/user/.m2/repository/com/google/inject/extensions/guice-assistedinject/4.0/guice-assistedinject-4.0.jar:/home/user/.m2/repository/org/jooq/jooq/3.11.10/jooq-3.11.10.jar:/home/user/.m2/repository/org/jooq/jooq-meta/3.11.10/jooq-meta-3.11.10.jar:/home/user/.m2/repository/org/jooq/jooq-codegen/3.11.10/jooq-codegen-3.11.10.jar:/home/user/.m2/repository/com/jolbox/bonecp/0.8.0.RELEASE/bonecp-0.8.0.RELEASE.jar:/home/user/.m2/repository/org/xerial/sqlite-jdbc/3.25.2/sqlite-jdbc-3.25.2.jar:/home/user/.m2/repository/org/springframework/spring-jdbc/5.1.3.RELEASE/spring-jdbc-5.1.3.RELEASE.jar:/home/user/.m2/repository/org/springframework/spring-beans/5.1.3.RELEASE/spring-beans-5.1.3.RELEASE.jar:/home/user/.m2/repository/org/springframework/spring-core/5.1.3.RELEASE/spring-core-5.1.3.RELEASE.jar:/home/user/.m2/repository/org/springframework/spring-jcl/5.1.3.RELEASE/spring-jcl-5.1.3.RELEASE.jar:/home/user/.m2/repository/org/springframework/spring-tx/5.1.3.RELEASE/spring-tx-5.1.3.RELEASE.jar:/home/user/.m2/repository/org/apache/hadoop/hadoop-ozone-client/0.5.0-SNAPSHOT/hadoop-ozone-client-0.5.0-SNAPSHOT.jar:/home/user/.m2/repository/commons-lang/commons-lang/2.6/commons-lang-2.6.jar:/home/user/.m2/repository/org/apache/hadoop/hadoop-ozone-ozone-manager/0.5.0-SNAPSHOT/hadoop-ozone-ozone-manager-0.5.0-SNAPSHOT-tests.jar:/home/user/.m2/repository/junit/junit/4.11/junit-4.11.jar:/home/user/.m2/repository/org/hamcrest/hamcrest-core/1.3/hamcrest-core-1.3.jar:/home/user/.m2/repository/org/openjdk/jmh/jmh-core/1.19/jmh-core-1.19.jar:/home/user/.m2/repository/net/sf/jopt-simple/jopt-simple/4.6/jopt-simple-4.6.jar:/home/user/.m2/repository/org/apache/commons/commons-math3/3.1.1/commons-math3-3.1.1.jar:/home/user/.m2/repository/org/openjdk/jmh/jmh-generator-annprocess/1.19/jmh-generator-annprocess-1.19.jar:/home/user/.m2/repository/org/mockito/mockito-all/1.8.5/mockito-all-1.8.5.jar:/home/user/.m2/repository/org/apache/hadoop/hadoop-kms/3.2.0/hadoop-kms-3.2.0.jar:/home/user/.m2/repository/org/apache/hadoop/hadoop-auth/3.2.0/hadoop-auth-3.2.0.jar:/home/user/.m2/repository/com/nimbusds/nimbus-jose-jwt/4.41.1/nimbus-jose-jwt-4.41.1.jar:/home/user/.m2/repository/com/github/stephenc/jcip/jcip-annotations/1.0-1/jcip-annotations-1.0-1.jar:/home/user/.m2/repository/net/minidev/json-smart/2.3/json-smart-2.3.jar:/home/user/.m2/repository/net/minidev/accessors-smart/1.2/accessors-smart-1.2.jar:/home/user/.m2/repository/org/ow2/asm/asm/5.0.4/asm-5.0.4.jar:/home/user/.m2/repository/org/apache/curator/curator-framework/2.12.0/curator-framework-2.12.0.jar:/home/user/.m2/repository/com/sun/jersey/jersey-core/1.19/jersey-core-1.19.jar:/home/user/.m2/repository/javax/ws/rs/jsr311-api/1.1.1/jsr311-api-1.1.1.jar:/home/user/.m2/repository/com/sun/jersey/jersey-server/1.19/jersey-server-1.19.jar:/home/user/.m2/repository/javax/servlet/javax.servlet-api/3.1.0/javax.servlet-api-3.1.0.jar:/home/user/.m2/repository/org/eclipse/jetty/jetty-server/9.3.25.v20180904/jetty-server-9.3.25.v20180904.jar:/home/user/.m2/repository/org/eclipse/jetty/jetty-http/9.3.25.v20180904/jetty-http-9.3.25.v20180904.jar:/home/user/.m2/repository/org/eclipse/jetty/jetty-io/9.3.25.v20180904/jetty-io-9.3.25.v20180904.jar:/home/user/.m2/repository/org/eclipse/jetty/jetty-webapp/9.3.25.v20180904/jetty-webapp-9.3.25.v20180904.jar:/home/user/.m2/repository/org/eclipse/jetty/jetty-xml/9.3.25.v20180904/jetty-xml-9.3.25.v20180904.jar:/home/user/.m2/repository/log4j/log4j/1.2.17/log4j-1.2.17.jar:/home/user/.m2/repository/org/slf4j/slf4j-api/1.7.25/slf4j-api-1.7.25.jar:/home/user/.m2/repository/org/slf4j/jul-to-slf4j/1.7.25/jul-to-slf4j-1.7.25.jar:/home/user/.m2/repository/org/eclipse/jetty/jetty-util/9.3.25.v20180904/jetty-util-9.3.25.v20180904.jar:/home/user/.m2/repository/com/fasterxml/jackson/core/jackson-databind/2.9.9/jackson-databind-2.9.9.jar:/home/user/.m2/repository/org/apache/hadoop/hadoop-kms/3.2.0/hadoop-kms-3.2.0-tests.jar:/home/user/.m2/repository/org/apache/hadoop/hadoop-hdds-server-scm/0.5.0-SNAPSHOT/hadoop-hdds-server-scm-0.5.0-SNAPSHOT-tests.jar:/home/user/.m2/repository/org/apache/hadoop/hadoop-hdds-container-service/0.5.0-SNAPSHOT/hadoop-hdds-container-service-0.5.0-SNAPSHOT-tests.jar:/home/user/.m2/repository/org/yaml/snakeyaml/1.16/snakeyaml-1.16.jar:/home/user/.m2/repository/org/apache/hadoop/hadoop-common/3.2.0/hadoop-common-3.2.0-tests.jar:/home/user/.m2/repository/org/apache/hadoop/hadoop-annotations/3.2.0/hadoop-annotations-3.2.0.jar:/usr/lib/jvm/java-1.8-openjdk/jre/../lib/tools.jar:/home/user/.m2/repository/commons-cli/commons-cli/1.2/commons-cli-1.2.jar:/home/user/.m2/repository/org/apache/httpcomponents/httpclient/4.5.2/httpclient-4.5.2.jar:/home/user/.m2/repository/org/apache/httpcomponents/httpcore/4.4.4/httpcore-4.4.4.jar:/home/user/.m2/repository/commons-codec/commons-codec/1.11/commons-codec-1.11.jar:/home/user/.m2/repository/commons-net/commons-net/3.6/commons-net-3.6.jar:/home/user/.m2/repository/commons-collections/commons-collections/3.2.2/commons-collections-3.2.2.jar:/home/user/.m2/repository/org/eclipse/jetty/jetty-servlet/9.3.25.v20180904/jetty-servlet-9.3.25.v20180904.jar:/home/user/.m2/repository/org/eclipse/jetty/jetty-security/9.3.25.v20180904/jetty-security-9.3.25.v20180904.jar:/home/user/.m2/repository/javax/servlet/jsp/jsp-api/2.1/jsp-api-2.1.jar:/home/user/.m2/repository/com/sun/jersey/jersey-servlet/1.19/jersey-servlet-1.19.jar:/home/user/.m2/repository/com/sun/jersey/jersey-json/1.19/jersey-json-1.19.jar:/home/user/.m2/repository/org/codehaus/jettison/jettison/1.1/jettison-1.1.jar:/home/user/.m2/repository/org/codehaus/jackson/jackson-core-asl/1.9.13/jackson-core-asl-1.9.13.jar:/home/user/.m2/repository/org/codehaus/jackson/jackson-mapper-asl/1.9.13/jackson-mapper-asl-1.9.13.jar:/home/user/.m2/repository/org/codehaus/jackson/jackson-jaxrs/1.9.13/jackson-jaxrs-1.9.13.jar:/home/user/.m2/repository/org/codehaus/jackson/jackson-xc/1.9.13/jackson-xc-1.9.13.jar:/home/user/.m2/repository/commons-logging/commons-logging/1.1.3/commons-logging-1.1.3.jar:/home/user/.m2/repository/commons-beanutils/commons-beanutils/1.9.4/commons-beanutils-1.9.4.jar:/home/user/.m2/repository/org/apache/commons/commons-configuration2/2.1.1/commons-configuration2-2.1.1.jar:/home/user/.m2/repository/org/apache/commons/commons-lang3/3.7/commons-lang3-3.7.jar:/home/user/.m2/repository/org/apache/commons/commons-text/1.4/commons-text-1.4.jar:/home/user/.m2/repository/org/apache/avro/avro/1.7.7/avro-1.7.7.jar:/home/user/.m2/repository/com/thoughtworks/paranamer/paranamer/2.3/paranamer-2.3.jar:/home/user/.m2/repository/org/xerial/snappy/snappy-java/1.0.5/snappy-java-1.0.5.jar:/home/user/.m2/repository/com/google/re2j/re2j/1.1/re2j-1.1.jar:/home/user/.m2/repository/com/google/code/gson/gson/2.2.4/gson-2.2.4.jar:/home/user/.m2/repository/com/jcraft/jsch/0.1.54/jsch-0.1.54.jar:/home/user/.m2/repository/org/apache/curator/curator-client/2.12.0/curator-client-2.12.0.jar:/home/user/.m2/repository/org/apache/curator/curator-recipes/2.12.0/curator-recipes-2.12.0.jar:/home/user/.m2/repository/com/google/code/findbugs/jsr305/3.0.0/jsr305-3.0.0.jar:/home/user/.m2/repository/org/apache/htrace/htrace-core4/4.1.0-incubating/htrace-core4-4.1.0-incubating.jar:/home/user/.m2/repository/org/apache/zookeeper/zookeeper/3.4.13/zookeeper-3.4.13.jar:/home/user/.m2/repository/jline/jline/0.9.94/jline-0.9.94.jar:/home/user/.m2/repository/org/apache/yetus/audience-annotations/0.5.0/audience-annotations-0.5.0.jar:/home/user/.m2/repository/org/codehaus/woodstox/stax2-api/3.1.4/stax2-api-3.1.4.jar:/home/user/.m2/repository/com/fasterxml/woodstox/woodstox-core/5.0.3/woodstox-core-5.0.3.jar:/home/user/.m2/repository/dnsjava/dnsjava/2.1.7/dnsjava-2.1.7.jar:/home/user/.m2/repository/org/apache/hadoop/hadoop-hdfs/3.2.0/hadoop-hdfs-3.2.0-tests.jar:/home/user/.m2/repository/org/eclipse/jetty/jetty-util-ajax/9.3.25.v20180904/jetty-util-ajax-9.3.25.v20180904.jar:/home/user/.m2/repository/commons-daemon/commons-daemon/1.0.13/commons-daemon-1.0.13.jar:/home/user/.m2/repository/io/netty/netty/3.10.5.Final/netty-3.10.5.Final.jar:/home/user/.m2/repository/io/netty/netty-all/4.0.52.Final/netty-all-4.0.52.Final.jar:/home/user/.m2/repository/org/fusesource/leveldbjni/leveldbjni-all/1.8/leveldbjni-all-1.8.jar:"/>
    <property name="java.vm.vendor" value="IcedTea"/>
    <property name="sun.arch.data.model" value="64"/>
    <property name="test.build.dir" value="/workdir/hadoop-ozone/integration-test/target/test-dir"/>
    <property name="test.cache.data" value=""/>
    <property name="java.vendor.url" value="https://icedtea.classpath.org"/>
    <property name="user.timezone" value=""/>
    <property name="java.vm.specification.version" value="1.8"/>
    <property name="os.name" value="Linux"/>
    <property name="test.build.data" value="/workdir/hadoop-ozone/integration-test/target/test-dir"/>
    <property name="user.country" value="US"/>
    <property name="sun.java.launcher" value="SUN_STANDARD"/>
    <property name="sun.boot.library.path" value="/usr/lib/jvm/java-1.8-openjdk/jre/lib/amd64"/>
    <property name="sun.java.command" value="/workdir/hadoop-ozone/integration-test/target/surefire/surefirebooter1004855690591962393.jar /workdir/hadoop-ozone/integration-test/target/surefire 2019-10-04T20-53-56_161-jvmRun1 surefire2180635015353443185tmp surefire_628006901693283933694tmp"/>
    <property name="test" value="!TestMiniChaosOzoneCluster"/>
    <property name="surefire.test.class.path" value="/workdir/hadoop-ozone/integration-test/target/test-classes:/workdir/hadoop-ozone/integration-test/target/classes:/home/user/.m2/repository/org/apache/hadoop/hadoop-ozone-common/0.5.0-SNAPSHOT/hadoop-ozone-common-0.5.0-SNAPSHOT.jar:/home/user/.m2/repository/org/apache/commons/commons-compress/1.4.1/commons-compress-1.4.1.jar:/home/user/.m2/repository/org/tukaani/xz/1.0/xz-1.0.jar:/home/user/.m2/repository/org/apache/hadoop/hadoop-common/3.2.0/hadoop-common-3.2.0.jar:/home/user/.m2/repository/org/apache/hadoop/hadoop-hdfs/3.2.0/hadoop-hdfs-3.2.0.jar:/home/user/.m2/repository/org/apache/hadoop/hadoop-hdfs-client/3.2.0/hadoop-hdfs-client-3.2.0.jar:/home/user/.m2/repository/com/fasterxml/jackson/core/jackson-annotations/2.9.9/jackson-annotations-2.9.9.jar:/home/user/.m2/repository/org/apache/hadoop/hadoop-hdds-common/0.5.0-SNAPSHOT/hadoop-hdds-common-0.5.0-SNAPSHOT.jar:/home/user/.m2/repository/javax/annotation/javax.annotation-api/1.2/javax.annotation-api-1.2.jar:/home/user/.m2/repository/org/apache/ratis/ratis-server/0.5.0-201fc85-SNAPSHOT/ratis-server-0.5.0-201fc85-SNAPSHOT.jar:/home/user/.m2/repository/org/apache/ratis/ratis-thirdparty-misc/0.2.0/ratis-thirdparty-misc-0.2.0.jar:/home/user/.m2/repository/org/apache/ratis/ratis-proto/0.5.0-201fc85-SNAPSHOT/ratis-proto-0.5.0-201fc85-SNAPSHOT.jar:/home/user/.m2/repository/org/apache/ratis/ratis-common/0.5.0-201fc85-SNAPSHOT/ratis-common-0.5.0-201fc85-SNAPSHOT.jar:/home/user/.m2/repository/org/apache/ratis/ratis-client/0.5.0-201fc85-SNAPSHOT/ratis-client-0.5.0-201fc85-SNAPSHOT.jar:/home/user/.m2/repository/org/apache/ratis/ratis-metrics/0.5.0-201fc85-SNAPSHOT/ratis-metrics-0.5.0-201fc85-SNAPSHOT.jar:/home/user/.m2/repository/com/github/joshelser/dropwizard-metrics-hadoop-metrics2-reporter/0.1.2/dropwizard-metrics-hadoop-metrics2-reporter-0.1.2.jar:/home/user/.m2/repository/io/dropwizard/metrics/metrics-jvm/3.2.5/metrics-jvm-3.2.5.jar:/home/user/.m2/repository/io/dropwizard/metrics/metrics-ganglia/3.2.5/metrics-ganglia-3.2.5.jar:/home/user/.m2/repository/info/ganglia/gmetric4j/gmetric4j/1.0.7/gmetric4j-1.0.7.jar:/home/user/.m2/repository/org/apache/ratis/ratis-netty/0.5.0-201fc85-SNAPSHOT/ratis-netty-0.5.0-201fc85-SNAPSHOT.jar:/home/user/.m2/repository/org/apache/ratis/ratis-grpc/0.5.0-201fc85-SNAPSHOT/ratis-grpc-0.5.0-201fc85-SNAPSHOT.jar:/home/user/.m2/repository/org/rocksdb/rocksdbjni/6.0.1/rocksdbjni-6.0.1.jar:/home/user/.m2/repository/org/apache/logging/log4j/log4j-api/2.11.0/log4j-api-2.11.0.jar:/home/user/.m2/repository/org/apache/logging/log4j/log4j-core/2.11.0/log4j-core-2.11.0.jar:/home/user/.m2/repository/com/lmax/disruptor/3.4.2/disruptor-3.4.2.jar:/home/user/.m2/repository/org/apache/commons/commons-pool2/2.6.0/commons-pool2-2.6.0.jar:/home/user/.m2/repository/org/bouncycastle/bcpkix-jdk15on/1.60/bcpkix-jdk15on-1.60.jar:/home/user/.m2/repository/commons-validator/commons-validator/1.6/commons-validator-1.6.jar:/home/user/.m2/repository/commons-digester/commons-digester/1.8.1/commons-digester-1.8.1.jar:/home/user/.m2/repository/io/jaegertracing/jaeger-client/0.34.0/jaeger-client-0.34.0.jar:/home/user/.m2/repository/io/jaegertracing/jaeger-thrift/0.34.0/jaeger-thrift-0.34.0.jar:/home/user/.m2/repository/org/apache/thrift/libthrift/0.12.0/libthrift-0.12.0.jar:/home/user/.m2/repository/com/squareup/okhttp3/okhttp/3.9.0/okhttp-3.9.0.jar:/home/user/.m2/repository/com/squareup/okio/okio/1.13.0/okio-1.13.0.jar:/home/user/.m2/repository/io/jaegertracing/jaeger-core/0.34.0/jaeger-core-0.34.0.jar:/home/user/.m2/repository/io/jaegertracing/jaeger-tracerresolver/0.34.0/jaeger-tracerresolver-0.34.0.jar:/home/user/.m2/repository/io/opentracing/contrib/opentracing-tracerresolver/0.1.5/opentracing-tracerresolver-0.1.5.jar:/home/user/.m2/repository/io/opentracing/opentracing-util/0.31.0/opentracing-util-0.31.0.jar:/home/user/.m2/repository/io/opentracing/opentracing-api/0.31.0/opentracing-api-0.31.0.jar:/home/user/.m2/repository/io/opentracing/opentracing-noop/0.31.0/opentracing-noop-0.31.0.jar:/home/user/.m2/repository/org/apache/hadoop/hadoop-hdds-server-framework/0.5.0-SNAPSHOT/hadoop-hdds-server-framework-0.5.0-SNAPSHOT.jar:/home/user/.m2/repository/org/apache/hadoop/hadoop-hdds-container-service/0.5.0-SNAPSHOT/hadoop-hdds-container-service-0.5.0-SNAPSHOT.jar:/home/user/.m2/repository/org/apache/hadoop/hadoop-hdds-client/0.5.0-SNAPSHOT/hadoop-hdds-client-0.5.0-SNAPSHOT.jar:/home/user/.m2/repository/org/apache/hadoop/hadoop-hdds-tools/0.5.0-SNAPSHOT/hadoop-hdds-tools-0.5.0-SNAPSHOT.jar:/home/user/.m2/repository/org/apache/hadoop/hadoop-hdds-server-scm/0.5.0-SNAPSHOT/hadoop-hdds-server-scm-0.5.0-SNAPSHOT.jar:/home/user/.m2/repository/org/apache/hadoop/hadoop-hdds-docs/0.5.0-SNAPSHOT/hadoop-hdds-docs-0.5.0-SNAPSHOT.jar:/home/user/.m2/repository/io/dropwizard/metrics/metrics-core/3.2.4/metrics-core-3.2.4.jar:/home/user/.m2/repository/org/hamcrest/hamcrest-all/1.3/hamcrest-all-1.3.jar:/home/user/.m2/repository/org/bouncycastle/bcprov-jdk15on/1.60/bcprov-jdk15on-1.60.jar:/home/user/.m2/repository/info/picocli/picocli/3.9.6/picocli-3.9.6.jar:/home/user/.m2/repository/com/google/protobuf/protobuf-java/2.5.0/protobuf-java-2.5.0.jar:/home/user/.m2/repository/com/google/guava/guava/11.0.2/guava-11.0.2.jar:/home/user/.m2/repository/org/apache/hadoop/hadoop-ozone-ozone-manager/0.5.0-SNAPSHOT/hadoop-ozone-ozone-manager-0.5.0-SNAPSHOT.jar:/home/user/.m2/repository/org/apache/hadoop/hadoop-minikdc/3.2.0/hadoop-minikdc-3.2.0.jar:/home/user/.m2/repository/commons-io/commons-io/2.5/commons-io-2.5.jar:/home/user/.m2/repository/org/apache/kerby/kerb-simplekdc/1.0.1/kerb-simplekdc-1.0.1.jar:/home/user/.m2/repository/org/apache/kerby/kerb-client/1.0.1/kerb-client-1.0.1.jar:/home/user/.m2/repository/org/apache/kerby/kerby-config/1.0.1/kerby-config-1.0.1.jar:/home/user/.m2/repository/org/apache/kerby/kerb-core/1.0.1/kerb-core-1.0.1.jar:/home/user/.m2/repository/org/apache/kerby/kerby-pkix/1.0.1/kerby-pkix-1.0.1.jar:/home/user/.m2/repository/org/apache/kerby/kerby-asn1/1.0.1/kerby-asn1-1.0.1.jar:/home/user/.m2/repository/org/apache/kerby/kerby-util/1.0.1/kerby-util-1.0.1.jar:/home/user/.m2/repository/org/apache/kerby/kerb-common/1.0.1/kerb-common-1.0.1.jar:/home/user/.m2/repository/org/apache/kerby/kerb-crypto/1.0.1/kerb-crypto-1.0.1.jar:/home/user/.m2/repository/org/apache/kerby/kerb-util/1.0.1/kerb-util-1.0.1.jar:/home/user/.m2/repository/org/apache/kerby/token-provider/1.0.1/token-provider-1.0.1.jar:/home/user/.m2/repository/org/apache/kerby/kerb-admin/1.0.1/kerb-admin-1.0.1.jar:/home/user/.m2/repository/org/apache/kerby/kerb-server/1.0.1/kerb-server-1.0.1.jar:/home/user/.m2/repository/org/apache/kerby/kerb-identity/1.0.1/kerb-identity-1.0.1.jar:/home/user/.m2/repository/org/apache/kerby/kerby-xdr/1.0.1/kerby-xdr-1.0.1.jar:/home/user/.m2/repository/org/slf4j/slf4j-log4j12/1.7.25/slf4j-log4j12-1.7.25.jar:/home/user/.m2/repository/org/apache/hadoop/hadoop-ozone-s3gateway/0.5.0-SNAPSHOT/hadoop-ozone-s3gateway-0.5.0-SNAPSHOT.jar:/home/user/.m2/repository/org/jboss/weld/servlet/weld-servlet/2.4.7.Final/weld-servlet-2.4.7.Final.jar:/home/user/.m2/repository/org/glassfish/jersey/containers/jersey-container-servlet-core/2.27/jersey-container-servlet-core-2.27.jar:/home/user/.m2/repository/org/glassfish/hk2/external/javax.inject/2.5.0-b42/javax.inject-2.5.0-b42.jar:/home/user/.m2/repository/org/glassfish/jersey/core/jersey-common/2.27/jersey-common-2.27.jar:/home/user/.m2/repository/org/glassfish/hk2/osgi-resource-locator/1.0.1/osgi-resource-locator-1.0.1.jar:/home/user/.m2/repository/javax/ws/rs/javax.ws.rs-api/2.1/javax.ws.rs-api-2.1.jar:/home/user/.m2/repository/org/glassfish/jersey/ext/cdi/jersey-cdi1x/2.27/jersey-cdi1x-2.27.jar:/home/user/.m2/repository/org/glassfish/jersey/inject/jersey-hk2/2.27/jersey-hk2-2.27.jar:/home/user/.m2/repository/org/glassfish/hk2/hk2-locator/2.5.0-b42/hk2-locator-2.5.0-b42.jar:/home/user/.m2/repository/org/javassist/javassist/3.22.0-CR2/javassist-3.22.0-CR2.jar:/home/user/.m2/repository/org/glassfish/hk2/hk2-api/2.5.0/hk2-api-2.5.0.jar:/home/user/.m2/repository/org/glassfish/hk2/external/jakarta.inject/2.5.0/jakarta.inject-2.5.0.jar:/home/user/.m2/repository/org/glassfish/hk2/hk2-utils/2.5.0/hk2-utils-2.5.0.jar:/home/user/.m2/repository/jakarta/annotation/jakarta.annotation-api/1.3.4/jakarta.annotation-api-1.3.4.jar:/home/user/.m2/repository/org/glassfish/hk2/external/aopalliance-repackaged/2.5.0/aopalliance-repackaged-2.5.0.jar:/home/user/.m2/repository/com/fasterxml/jackson/dataformat/jackson-dataformat-xml/2.9.0/jackson-dataformat-xml-2.9.0.jar:/home/user/.m2/repository/com/fasterxml/jackson/core/jackson-core/2.9.9/jackson-core-2.9.9.jar:/home/user/.m2/repository/com/fasterxml/jackson/module/jackson-module-jaxb-annotations/2.9.9/jackson-module-jaxb-annotations-2.9.9.jar:/home/user/.m2/repository/javax/enterprise/cdi-api/1.2/cdi-api-1.2.jar:/home/user/.m2/repository/javax/el/javax.el-api/3.0.0/javax.el-api-3.0.0.jar:/home/user/.m2/repository/javax/interceptor/javax.interceptor-api/1.2/javax.interceptor-api-1.2.jar:/home/user/.m2/repository/javax/inject/javax.inject/1/javax.inject-1.jar:/home/user/.m2/repository/com/sun/xml/bind/jaxb-impl/2.3.0.1/jaxb-impl-2.3.0.1.jar:/home/user/.m2/repository/com/sun/xml/bind/jaxb-core/2.3.0.1/jaxb-core-2.3.0.1.jar:/home/user/.m2/repository/javax/xml/bind/jaxb-api/2.3.0/jaxb-api-2.3.0.jar:/home/user/.m2/repository/javax/activation/activation/1.1.1/activation-1.1.1.jar:/home/user/.m2/repository/org/apache/hadoop/hadoop-ozone-csi/0.5.0-SNAPSHOT/hadoop-ozone-csi-0.5.0-SNAPSHOT.jar:/home/user/.m2/repository/com/google/protobuf/protobuf-java-util/3.5.1/protobuf-java-util-3.5.1.jar:/home/user/.m2/repository/org/apache/hadoop/hadoop-hdds-config/0.5.0-SNAPSHOT/hadoop-hdds-config-0.5.0-SNAPSHOT.jar:/home/user/.m2/repository/io/grpc/grpc-netty/1.17.1/grpc-netty-1.17.1.jar:/home/user/.m2/repository/io/grpc/grpc-core/1.17.1/grpc-core-1.17.1.jar:/home/user/.m2/repository/io/grpc/grpc-context/1.17.1/grpc-context-1.17.1.jar:/home/user/.m2/repository/com/google/errorprone/error_prone_annotations/2.2.0/error_prone_annotations-2.2.0.jar:/home/user/.m2/repository/org/codehaus/mojo/animal-sniffer-annotations/1.17/animal-sniffer-annotations-1.17.jar:/home/user/.m2/repository/io/opencensus/opencensus-api/0.17.0/opencensus-api-0.17.0.jar:/home/user/.m2/repository/io/opencensus/opencensus-contrib-grpc-metrics/0.17.0/opencensus-contrib-grpc-metrics-0.17.0.jar:/home/user/.m2/repository/io/netty/netty-codec-http2/4.1.30.Final/netty-codec-http2-4.1.30.Final.jar:/home/user/.m2/repository/io/netty/netty-codec-http/4.1.30.Final/netty-codec-http-4.1.30.Final.jar:/home/user/.m2/repository/io/netty/netty-codec/4.1.30.Final/netty-codec-4.1.30.Final.jar:/home/user/.m2/repository/io/netty/netty-handler/4.1.30.Final/netty-handler-4.1.30.Final.jar:/home/user/.m2/repository/io/netty/netty-handler-proxy/4.1.30.Final/netty-handler-proxy-4.1.30.Final.jar:/home/user/.m2/repository/io/netty/netty-codec-socks/4.1.30.Final/netty-codec-socks-4.1.30.Final.jar:/home/user/.m2/repository/io/netty/netty-transport-native-epoll/4.1.30.Final/netty-transport-native-epoll-4.1.30.Final.jar:/home/user/.m2/repository/io/netty/netty-common/4.1.30.Final/netty-common-4.1.30.Final.jar:/home/user/.m2/repository/io/netty/netty-buffer/4.1.30.Final/netty-buffer-4.1.30.Final.jar:/home/user/.m2/repository/io/netty/netty-transport/4.1.30.Final/netty-transport-4.1.30.Final.jar:/home/user/.m2/repository/io/netty/netty-resolver/4.1.30.Final/netty-resolver-4.1.30.Final.jar:/home/user/.m2/repository/io/netty/netty-transport-native-unix-common/4.1.30.Final/netty-transport-native-unix-common-4.1.30.Final.jar:/home/user/.m2/repository/io/grpc/grpc-protobuf/1.17.1/grpc-protobuf-1.17.1.jar:/home/user/.m2/repository/com/google/api/grpc/proto-google-common-protos/1.0.0/proto-google-common-protos-1.0.0.jar:/home/user/.m2/repository/io/grpc/grpc-protobuf-lite/1.17.1/grpc-protobuf-lite-1.17.1.jar:/home/user/.m2/repository/io/grpc/grpc-stub/1.17.1/grpc-stub-1.17.1.jar:/home/user/.m2/repository/org/apache/hadoop/hadoop-ozone-recon/0.5.0-SNAPSHOT/hadoop-ozone-recon-0.5.0-SNAPSHOT.jar:/home/user/.m2/repository/org/apache/hadoop/hadoop-ozone-reconcodegen/0.5.0-SNAPSHOT/hadoop-ozone-reconcodegen-0.5.0-SNAPSHOT.jar:/home/user/.m2/repository/com/google/inject/extensions/guice-multibindings/4.0/guice-multibindings-4.0.jar:/home/user/.m2/repository/com/google/inject/guice/4.0/guice-4.0.jar:/home/user/.m2/repository/aopalliance/aopalliance/1.0/aopalliance-1.0.jar:/home/user/.m2/repository/com/google/inject/extensions/guice-servlet/4.0/guice-servlet-4.0.jar:/home/user/.m2/repository/org/glassfish/jersey/containers/jersey-container-servlet/2.27/jersey-container-servlet-2.27.jar:/home/user/.m2/repository/org/glassfish/hk2/guice-bridge/2.5.0/guice-bridge-2.5.0.jar:/home/user/.m2/repository/org/glassfish/jersey/core/jersey-server/2.27/jersey-server-2.27.jar:/home/user/.m2/repository/org/glassfish/jersey/core/jersey-client/2.27/jersey-client-2.27.jar:/home/user/.m2/repository/org/glassfish/jersey/media/jersey-media-jaxb/2.27/jersey-media-jaxb-2.27.jar:/home/user/.m2/repository/javax/validation/validation-api/1.1.0.Final/validation-api-1.1.0.Final.jar:/home/user/.m2/repository/org/glassfish/jersey/media/jersey-media-json-jackson/2.27/jersey-media-json-jackson-2.27.jar:/home/user/.m2/repository/org/glassfish/jersey/ext/jersey-entity-filtering/2.27/jersey-entity-filtering-2.27.jar:/home/user/.m2/repository/com/google/inject/extensions/guice-assistedinject/4.0/guice-assistedinject-4.0.jar:/home/user/.m2/repository/org/jooq/jooq/3.11.10/jooq-3.11.10.jar:/home/user/.m2/repository/org/jooq/jooq-meta/3.11.10/jooq-meta-3.11.10.jar:/home/user/.m2/repository/org/jooq/jooq-codegen/3.11.10/jooq-codegen-3.11.10.jar:/home/user/.m2/repository/com/jolbox/bonecp/0.8.0.RELEASE/bonecp-0.8.0.RELEASE.jar:/home/user/.m2/repository/org/xerial/sqlite-jdbc/3.25.2/sqlite-jdbc-3.25.2.jar:/home/user/.m2/repository/org/springframework/spring-jdbc/5.1.3.RELEASE/spring-jdbc-5.1.3.RELEASE.jar:/home/user/.m2/repository/org/springframework/spring-beans/5.1.3.RELEASE/spring-beans-5.1.3.RELEASE.jar:/home/user/.m2/repository/org/springframework/spring-core/5.1.3.RELEASE/spring-core-5.1.3.RELEASE.jar:/home/user/.m2/repository/org/springframework/spring-jcl/5.1.3.RELEASE/spring-jcl-5.1.3.RELEASE.jar:/home/user/.m2/repository/org/springframework/spring-tx/5.1.3.RELEASE/spring-tx-5.1.3.RELEASE.jar:/home/user/.m2/repository/org/apache/hadoop/hadoop-ozone-client/0.5.0-SNAPSHOT/hadoop-ozone-client-0.5.0-SNAPSHOT.jar:/home/user/.m2/repository/commons-lang/commons-lang/2.6/commons-lang-2.6.jar:/home/user/.m2/repository/org/apache/hadoop/hadoop-ozone-ozone-manager/0.5.0-SNAPSHOT/hadoop-ozone-ozone-manager-0.5.0-SNAPSHOT-tests.jar:/home/user/.m2/repository/junit/junit/4.11/junit-4.11.jar:/home/user/.m2/repository/org/hamcrest/hamcrest-core/1.3/hamcrest-core-1.3.jar:/home/user/.m2/repository/org/openjdk/jmh/jmh-core/1.19/jmh-core-1.19.jar:/home/user/.m2/repository/net/sf/jopt-simple/jopt-simple/4.6/jopt-simple-4.6.jar:/home/user/.m2/repository/org/apache/commons/commons-math3/3.1.1/commons-math3-3.1.1.jar:/home/user/.m2/repository/org/openjdk/jmh/jmh-generator-annprocess/1.19/jmh-generator-annprocess-1.19.jar:/home/user/.m2/repository/org/mockito/mockito-all/1.8.5/mockito-all-1.8.5.jar:/home/user/.m2/repository/org/apache/hadoop/hadoop-kms/3.2.0/hadoop-kms-3.2.0.jar:/home/user/.m2/repository/org/apache/hadoop/hadoop-auth/3.2.0/hadoop-auth-3.2.0.jar:/home/user/.m2/repository/com/nimbusds/nimbus-jose-jwt/4.41.1/nimbus-jose-jwt-4.41.1.jar:/home/user/.m2/repository/com/github/stephenc/jcip/jcip-annotations/1.0-1/jcip-annotations-1.0-1.jar:/home/user/.m2/repository/net/minidev/json-smart/2.3/json-smart-2.3.jar:/home/user/.m2/repository/net/minidev/accessors-smart/1.2/accessors-smart-1.2.jar:/home/user/.m2/repository/org/ow2/asm/asm/5.0.4/asm-5.0.4.jar:/home/user/.m2/repository/org/apache/curator/curator-framework/2.12.0/curator-framework-2.12.0.jar:/home/user/.m2/repository/com/sun/jersey/jersey-core/1.19/jersey-core-1.19.jar:/home/user/.m2/repository/javax/ws/rs/jsr311-api/1.1.1/jsr311-api-1.1.1.jar:/home/user/.m2/repository/com/sun/jersey/jersey-server/1.19/jersey-server-1.19.jar:/home/user/.m2/repository/javax/servlet/javax.servlet-api/3.1.0/javax.servlet-api-3.1.0.jar:/home/user/.m2/repository/org/eclipse/jetty/jetty-server/9.3.25.v20180904/jetty-server-9.3.25.v20180904.jar:/home/user/.m2/repository/org/eclipse/jetty/jetty-http/9.3.25.v20180904/jetty-http-9.3.25.v20180904.jar:/home/user/.m2/repository/org/eclipse/jetty/jetty-io/9.3.25.v20180904/jetty-io-9.3.25.v20180904.jar:/home/user/.m2/repository/org/eclipse/jetty/jetty-webapp/9.3.25.v20180904/jetty-webapp-9.3.25.v20180904.jar:/home/user/.m2/repository/org/eclipse/jetty/jetty-xml/9.3.25.v20180904/jetty-xml-9.3.25.v20180904.jar:/home/user/.m2/repository/log4j/log4j/1.2.17/log4j-1.2.17.jar:/home/user/.m2/repository/org/slf4j/slf4j-api/1.7.25/slf4j-api-1.7.25.jar:/home/user/.m2/repository/org/slf4j/jul-to-slf4j/1.7.25/jul-to-slf4j-1.7.25.jar:/home/user/.m2/repository/org/eclipse/jetty/jetty-util/9.3.25.v20180904/jetty-util-9.3.25.v20180904.jar:/home/user/.m2/repository/com/fasterxml/jackson/core/jackson-databind/2.9.9/jackson-databind-2.9.9.jar:/home/user/.m2/repository/org/apache/hadoop/hadoop-kms/3.2.0/hadoop-kms-3.2.0-tests.jar:/home/user/.m2/repository/org/apache/hadoop/hadoop-hdds-server-scm/0.5.0-SNAPSHOT/hadoop-hdds-server-scm-0.5.0-SNAPSHOT-tests.jar:/home/user/.m2/repository/org/apache/hadoop/hadoop-hdds-container-service/0.5.0-SNAPSHOT/hadoop-hdds-container-service-0.5.0-SNAPSHOT-tests.jar:/home/user/.m2/repository/org/yaml/snakeyaml/1.16/snakeyaml-1.16.jar:/home/user/.m2/repository/org/apache/hadoop/hadoop-common/3.2.0/hadoop-common-3.2.0-tests.jar:/home/user/.m2/repository/org/apache/hadoop/hadoop-annotations/3.2.0/hadoop-annotations-3.2.0.jar:/usr/lib/jvm/java-1.8-openjdk/jre/../lib/tools.jar:/home/user/.m2/repository/commons-cli/commons-cli/1.2/commons-cli-1.2.jar:/home/user/.m2/repository/org/apache/httpcomponents/httpclient/4.5.2/httpclient-4.5.2.jar:/home/user/.m2/repository/org/apache/httpcomponents/httpcore/4.4.4/httpcore-4.4.4.jar:/home/user/.m2/repository/commons-codec/commons-codec/1.11/commons-codec-1.11.jar:/home/user/.m2/repository/commons-net/commons-net/3.6/commons-net-3.6.jar:/home/user/.m2/repository/commons-collections/commons-collections/3.2.2/commons-collections-3.2.2.jar:/home/user/.m2/repository/org/eclipse/jetty/jetty-servlet/9.3.25.v20180904/jetty-servlet-9.3.25.v20180904.jar:/home/user/.m2/repository/org/eclipse/jetty/jetty-security/9.3.25.v20180904/jetty-security-9.3.25.v20180904.jar:/home/user/.m2/repository/javax/servlet/jsp/jsp-api/2.1/jsp-api-2.1.jar:/home/user/.m2/repository/com/sun/jersey/jersey-servlet/1.19/jersey-servlet-1.19.jar:/home/user/.m2/repository/com/sun/jersey/jersey-json/1.19/jersey-json-1.19.jar:/home/user/.m2/repository/org/codehaus/jettison/jettison/1.1/jettison-1.1.jar:/home/user/.m2/repository/org/codehaus/jackson/jackson-core-asl/1.9.13/jackson-core-asl-1.9.13.jar:/home/user/.m2/repository/org/codehaus/jackson/jackson-mapper-asl/1.9.13/jackson-mapper-asl-1.9.13.jar:/home/user/.m2/repository/org/codehaus/jackson/jackson-jaxrs/1.9.13/jackson-jaxrs-1.9.13.jar:/home/user/.m2/repository/org/codehaus/jackson/jackson-xc/1.9.13/jackson-xc-1.9.13.jar:/home/user/.m2/repository/commons-logging/commons-logging/1.1.3/commons-logging-1.1.3.jar:/home/user/.m2/repository/commons-beanutils/commons-beanutils/1.9.4/commons-beanutils-1.9.4.jar:/home/user/.m2/repository/org/apache/commons/commons-configuration2/2.1.1/commons-configuration2-2.1.1.jar:/home/user/.m2/repository/org/apache/commons/commons-lang3/3.7/commons-lang3-3.7.jar:/home/user/.m2/repository/org/apache/commons/commons-text/1.4/commons-text-1.4.jar:/home/user/.m2/repository/org/apache/avro/avro/1.7.7/avro-1.7.7.jar:/home/user/.m2/repository/com/thoughtworks/paranamer/paranamer/2.3/paranamer-2.3.jar:/home/user/.m2/repository/org/xerial/snappy/snappy-java/1.0.5/snappy-java-1.0.5.jar:/home/user/.m2/repository/com/google/re2j/re2j/1.1/re2j-1.1.jar:/home/user/.m2/repository/com/google/code/gson/gson/2.2.4/gson-2.2.4.jar:/home/user/.m2/repository/com/jcraft/jsch/0.1.54/jsch-0.1.54.jar:/home/user/.m2/repository/org/apache/curator/curator-client/2.12.0/curator-client-2.12.0.jar:/home/user/.m2/repository/org/apache/curator/curator-recipes/2.12.0/curator-recipes-2.12.0.jar:/home/user/.m2/repository/com/google/code/findbugs/jsr305/3.0.0/jsr305-3.0.0.jar:/home/user/.m2/repository/org/apache/htrace/htrace-core4/4.1.0-incubating/htrace-core4-4.1.0-incubating.jar:/home/user/.m2/repository/org/apache/zookeeper/zookeeper/3.4.13/zookeeper-3.4.13.jar:/home/user/.m2/repository/jline/jline/0.9.94/jline-0.9.94.jar:/home/user/.m2/repository/org/apache/yetus/audience-annotations/0.5.0/audience-annotations-0.5.0.jar:/home/user/.m2/repository/org/codehaus/woodstox/stax2-api/3.1.4/stax2-api-3.1.4.jar:/home/user/.m2/repository/com/fasterxml/woodstox/woodstox-core/5.0.3/woodstox-core-5.0.3.jar:/home/user/.m2/repository/dnsjava/dnsjava/2.1.7/dnsjava-2.1.7.jar:/home/user/.m2/repository/org/apache/hadoop/hadoop-hdfs/3.2.0/hadoop-hdfs-3.2.0-tests.jar:/home/user/.m2/repository/org/eclipse/jetty/jetty-util-ajax/9.3.25.v20180904/jetty-util-ajax-9.3.25.v20180904.jar:/home/user/.m2/repository/commons-daemon/commons-daemon/1.0.13/commons-daemon-1.0.13.jar:/home/user/.m2/repository/io/netty/netty/3.10.5.Final/netty-3.10.5.Final.jar:/home/user/.m2/repository/io/netty/netty-all/4.0.52.Final/netty-all-4.0.52.Final.jar:/home/user/.m2/repository/org/fusesource/leveldbjni/leveldbjni-all/1.8/leveldbjni-all-1.8.jar:"/>
    <property name="sun.cpu.endian" value="little"/>
    <property name="user.home" value="/home/user"/>
    <property name="user.language" value="en"/>
    <property name="java.specification.vendor" value="Oracle Corporation"/>
    <property name="java.home" value="/usr/lib/jvm/java-1.8-openjdk/jre"/>
    <property name="java.security.krb5.conf" value="/workdir/hadoop-ozone/integration-test/target/test-classes/krb5.conf"/>
    <property name="basedir" value="/workdir/hadoop-ozone/integration-test"/>
    <property name="file.separator" value="/"/>
    <property name="line.separator" value="&#10;"/>
    <property name="java.vm.specification.vendor" value="Oracle Corporation"/>
    <property name="java.specification.name" value="Java Platform API Specification"/>
    <property name="java.awt.graphicsenv" value="sun.awt.X11GraphicsEnvironment"/>
    <property name="surefire.real.class.path" value="/workdir/hadoop-ozone/integration-test/target/surefire/surefirebooter1004855690591962393.jar"/>
    <property name="hadoop.log.dir" value="/workdir/hadoop-ozone/integration-test/target/log"/>
    <property name="sun.boot.class.path" value="/usr/lib/jvm/java-1.8-openjdk/jre/lib/resources.jar:/usr/lib/jvm/java-1.8-openjdk/jre/lib/rt.jar:/usr/lib/jvm/java-1.8-openjdk/jre/lib/sunrsasign.jar:/usr/lib/jvm/java-1.8-openjdk/jre/lib/jsse.jar:/usr/lib/jvm/java-1.8-openjdk/jre/lib/jce.jar:/usr/lib/jvm/java-1.8-openjdk/jre/lib/charsets.jar:/usr/lib/jvm/java-1.8-openjdk/jre/lib/jfr.jar:/usr/lib/jvm/java-1.8-openjdk/jre/classes"/>
    <property name="sun.management.compiler" value="HotSpot 64-Bit Tiered Compilers"/>
    <property name="java.runtime.version" value="1.8.0_212-b04"/>
    <property name="java.net.preferIPv4Stack" value="true"/>
    <property name="user.name" value="jenkins1000"/>
    <property name="path.separator" value=":"/>
    <property name="java.security.egd" value="file:///dev/urandom"/>
    <property name="os.version" value="3.10.0-957.12.2.el7.x86_64"/>
    <property name="java.endorsed.dirs" value="/usr/lib/jvm/java-1.8-openjdk/jre/lib/endorsed"/>
    <property name="java.runtime.name" value="OpenJDK Runtime Environment"/>
    <property name="file.encoding" value="UTF-8"/>
    <property name="java.vm.name" value="OpenJDK 64-Bit Server VM"/>
    <property name="test.build.webapps" value=""/>
    <property name="localRepository" value="/home/user/.m2/repository"/>
    <property name="java.vendor.url.bug" value="https://icedtea.classpath.org/bugzilla"/>
    <property name="java.io.tmpdir" value="/tmp"/>
    <property name="require.test.libhadoop" value=""/>
    <property name="java.version" value="1.8.0_212"/>
    <property name="user.dir" value="/workdir/hadoop-ozone/integration-test"/>
    <property name="os.arch" value="amd64"/>
    <property name="java.vm.specification.name" value="Java Virtual Machine Specification"/>
    <property name="test.build.classes" value="/workdir/hadoop-ozone/integration-test/target/test-classes"/>
    <property name="java.awt.printerjob" value="sun.print.PSPrinterJob"/>
    <property name="sun.os.patch.level" value="unknown"/>
    <property name="hadoop.tmp.dir" value="/workdir/hadoop-ozone/integration-test/target/tmp"/>
    <property name="java.library.path" value="/usr/lib/jvm/java-1.8-openjdk/jre/lib/amd64/server:/usr/lib/jvm/java-1.8-openjdk/jre/lib/amd64:/usr/lib/jvm/java-1.8-openjdk/jre/../lib/amd64:/workdir/hadoop-ozone/integration-test/target/native/target/usr/local/lib:/workdir/hadoop-ozone/integration-test/../../hadoop-common-project/hadoop-common/target/native/target/usr/local/lib:/usr/java/packages/lib/amd64:/usr/lib64:/lib64:/lib:/usr/lib"/>
    <property name="java.vm.info" value="mixed mode"/>
    <property name="java.vendor" value="IcedTea"/>
    <property name="java.vm.version" value="25.212-b04"/>
    <property name="java.ext.dirs" value="/usr/lib/jvm/java-1.8-openjdk/jre/lib/ext:/usr/java/packages/lib/ext"/>
    <property name="sun.io.unicode.encoding" value="UnicodeLittle"/>
    <property name="java.class.version" value="52.0"/>
  </properties>
  <testcase name="testWatchForCommitWithKeyWrite" classname="org.apache.hadoop.ozone.client.rpc.TestWatchForCommit" time="90.717"/>
  <testcase name="testWatchForCommitWithSmallerTimeoutValue" classname="org.apache.hadoop.ozone.client.rpc.TestWatchForCommit" time="42.272"/>
  <testcase name="testWatchForCommitForRetryfailure" classname="org.apache.hadoop.ozone.client.rpc.TestWatchForCommit" time="75.082"/>
  <testcase name="testWatchForCommitForGroupMismatchException" classname="org.apache.hadoop.ozone.client.rpc.TestWatchForCommit" time="32.022"/>
  <testcase name="test2WayCommitForTimeoutException" classname="org.apache.hadoop.ozone.client.rpc.TestWatchForCommit" time="32.43">
    <error type="java.util.concurrent.TimeoutException">java.util.concurrent.TimeoutException
	at java.util.concurrent.CompletableFuture.timedGet(CompletableFuture.java:1771)
	at java.util.concurrent.CompletableFuture.get(CompletableFuture.java:1915)
	at org.apache.hadoop.hdds.scm.XceiverClientRatis.watchForCommit(XceiverClientRatis.java:298)
	at org.apache.hadoop.ozone.client.rpc.TestWatchForCommit.test2WayCommitForTimeoutException(TestWatchForCommit.java:391)
	at sun.reflect.NativeMethodAccessorImpl.invoke0(Native Method)
	at sun.reflect.NativeMethodAccessorImpl.invoke(NativeMethodAccessorImpl.java:62)
	at sun.reflect.DelegatingMethodAccessorImpl.invoke(DelegatingMethodAccessorImpl.java:43)
	at java.lang.reflect.Method.invoke(Method.java:498)
	at org.junit.runners.model.FrameworkMethod$1.runReflectiveCall(FrameworkMethod.java:47)
	at org.junit.internal.runners.model.ReflectiveCallable.run(ReflectiveCallable.java:12)
	at org.junit.runners.model.FrameworkMethod.invokeExplosively(FrameworkMethod.java:44)
	at org.junit.internal.runners.statements.InvokeMethod.evaluate(InvokeMethod.java:17)
	at org.junit.runners.ParentRunner.runLeaf(ParentRunner.java:271)
	at org.junit.runners.BlockJUnit4ClassRunner.runChild(BlockJUnit4ClassRunner.java:70)
	at org.junit.runners.BlockJUnit4ClassRunner.runChild(BlockJUnit4ClassRunner.java:50)
	at org.junit.runners.ParentRunner$3.run(ParentRunner.java:238)
	at org.junit.runners.ParentRunner$1.schedule(ParentRunner.java:63)
	at org.junit.runners.ParentRunner.runChildren(ParentRunner.java:236)
	at org.junit.runners.ParentRunner.access$000(ParentRunner.java:53)
	at org.junit.runners.ParentRunner$2.evaluate(ParentRunner.java:229)
	at org.junit.runners.ParentRunner.run(ParentRunner.java:309)
	at org.apache.maven.surefire.junit4.JUnit4Provider.execute(JUnit4Provider.java:365)
	at org.apache.maven.surefire.junit4.JUnit4Provider.executeWithRerun(JUnit4Provider.java:273)
	at org.apache.maven.surefire.junit4.JUnit4Provider.executeTestSet(JUnit4Provider.java:238)
	at org.apache.maven.surefire.junit4.JUnit4Provider.invoke(JUnit4Provider.java:159)
	at org.apache.maven.surefire.booter.ForkedBooter.invokeProviderInSameClassLoader(ForkedBooter.java:384)
	at org.apache.maven.surefire.booter.ForkedBooter.runSuitesInProcess(ForkedBooter.java:345)
	at org.apache.maven.surefire.booter.ForkedBooter.execute(ForkedBooter.java:126)
	at org.apache.maven.surefire.booter.ForkedBooter.main(ForkedBooter.java:418)
</error>
    <system-out><![CDATA[2019-10-04 21:58:30,482 [main] WARN  server.ServerUtils (ServerUtils.java:getScmDbDir(145)) - ozone.scm.db.dirs is not configured. We recommend adding this setting. Falling back to ozone.metadata.dirs instead.
2019-10-04 21:58:30,497 [main] WARN  server.ServerUtils (ServerUtils.java:getScmDbDir(145)) - ozone.scm.db.dirs is not configured. We recommend adding this setting. Falling back to ozone.metadata.dirs instead.
2019-10-04 21:58:30,498 [main] WARN  server.ServerUtils (ServerUtils.java:getScmDbDir(145)) - ozone.scm.db.dirs is not configured. We recommend adding this setting. Falling back to ozone.metadata.dirs instead.
2019-10-04 21:58:30,499 [main] INFO  db.DBStoreBuilder (DBStoreBuilder.java:addTable(117)) - using custom profile for table: deletedBlocks
2019-10-04 21:58:30,499 [main] INFO  db.DBStoreBuilder (DBStoreBuilder.java:processTables(168)) - Using default column profile:DBProfile.DISK for Table:deletedBlocks
2019-10-04 21:58:30,499 [main] INFO  db.DBStoreBuilder (DBStoreBuilder.java:addTable(117)) - using custom profile for table: validCerts
2019-10-04 21:58:30,499 [main] INFO  db.DBStoreBuilder (DBStoreBuilder.java:processTables(168)) - Using default column profile:DBProfile.DISK for Table:validCerts
2019-10-04 21:58:30,499 [main] INFO  db.DBStoreBuilder (DBStoreBuilder.java:addTable(117)) - using custom profile for table: revokedCerts
2019-10-04 21:58:30,499 [main] INFO  db.DBStoreBuilder (DBStoreBuilder.java:processTables(168)) - Using default column profile:DBProfile.DISK for Table:revokedCerts
2019-10-04 21:58:30,500 [main] INFO  db.DBStoreBuilder (DBStoreBuilder.java:addTable(117)) - using custom profile for table: default
2019-10-04 21:58:30,500 [main] INFO  db.DBStoreBuilder (DBStoreBuilder.java:processTables(174)) - Using default column profile:DBProfile.DISK for Table:default
2019-10-04 21:58:30,500 [main] INFO  db.DBStoreBuilder (DBStoreBuilder.java:getDbProfile(205)) - Using default options. DBProfile.DISK
2019-10-04 21:58:30,652 [main] INFO  net.NodeSchemaLoader (NodeSchemaLoader.java:loadSchemaFromFile(125)) - Loading file from sun.misc.CompoundEnumeration@7c7e73c5
2019-10-04 21:58:30,652 [main] INFO  net.NodeSchemaLoader (NodeSchemaLoader.java:loadSchema(171)) - Loading network topology layer schema file
2019-10-04 21:58:30,658 [main] WARN  server.ServerUtils (ServerUtils.java:sanitizeUserArgs(70)) - ozone.scm.stale.node.interval value = 300000 is larger than max = 100000 based on the key value of ozone.scm.heartbeat.thread.interval, reset to the max value 100000.
2019-10-04 21:58:30,658 [main] WARN  server.ServerUtils (ServerUtils.java:sanitizeUserArgs(70)) - ozone.scm.stale.node.interval value = 300000 is larger than max = 100000 based on the key value of ozone.scm.heartbeat.thread.interval, reset to the max value 100000.
2019-10-04 21:58:30,658 [main] INFO  node.SCMNodeManager (SCMNodeManager.java:<init>(116)) - Entering startup safe mode.
2019-10-04 21:58:30,659 [main] INFO  algorithms.ContainerPlacementPolicyFactory (ContainerPlacementPolicyFactory.java:getPolicy(57)) - Create container placement policy of type org.apache.hadoop.hdds.scm.container.placement.algorithms.SCMContainerPlacementRandom
2019-10-04 21:58:30,659 [main] WARN  server.ServerUtils (ServerUtils.java:getScmDbDir(145)) - ozone.scm.db.dirs is not configured. We recommend adding this setting. Falling back to ozone.metadata.dirs instead.
2019-10-04 21:58:30,701 [main] INFO  pipeline.SCMPipelineManager (SCMPipelineManager.java:initializePipelineState(132)) - No pipeline exists in current db
2019-10-04 21:58:30,701 [main] WARN  server.ServerUtils (ServerUtils.java:getScmDbDir(145)) - ozone.scm.db.dirs is not configured. We recommend adding this setting. Falling back to ozone.metadata.dirs instead.
2019-10-04 21:58:30,752 [main] WARN  events.EventQueue (EventQueue.java:fireEvent(183)) - No event handler registered for event TypedEvent{payloadType=SafeModeStatus, name='SafeModeStatus'}
2019-10-04 21:58:30,754 [main] INFO  ipc.CallQueueManager (CallQueueManager.java:<init>(84)) - Using callQueue: class java.util.concurrent.LinkedBlockingQueue, queueCapacity: 2000, scheduler: class org.apache.hadoop.ipc.DefaultRpcScheduler, ipcBackoff: false.
2019-10-04 21:58:30,755 [Socket Reader #1 for port 34912] INFO  ipc.Server (Server.java:run(1074)) - Starting Socket Reader #1 for port 34912
2019-10-04 21:58:30,757 [main] INFO  ipc.CallQueueManager (CallQueueManager.java:<init>(84)) - Using callQueue: class java.util.concurrent.LinkedBlockingQueue, queueCapacity: 2000, scheduler: class org.apache.hadoop.ipc.DefaultRpcScheduler, ipcBackoff: false.
2019-10-04 21:58:30,758 [Socket Reader #1 for port 34516] INFO  ipc.Server (Server.java:run(1074)) - Starting Socket Reader #1 for port 34516
2019-10-04 21:58:30,760 [main] INFO  ipc.CallQueueManager (CallQueueManager.java:<init>(84)) - Using callQueue: class java.util.concurrent.LinkedBlockingQueue, queueCapacity: 2000, scheduler: class org.apache.hadoop.ipc.DefaultRpcScheduler, ipcBackoff: false.
2019-10-04 21:58:30,760 [Socket Reader #1 for port 42344] INFO  ipc.Server (Server.java:run(1074)) - Starting Socket Reader #1 for port 42344
2019-10-04 21:58:30,762 [main] INFO  hdfs.DFSUtil (DFSUtil.java:httpServerTemplateForNNAndJN(1641)) - Starting Web-server for scm at: http://0.0.0.0:0
2019-10-04 21:58:30,764 [main] INFO  server.AuthenticationFilter (AuthenticationFilter.java:constructSecretProvider(240)) - Unable to initialize FileSignerSecretProvider, falling back to use random secrets.
2019-10-04 21:58:30,765 [main] WARN  http.HttpRequestLog (HttpRequestLog.java:getRequestLog(97)) - Jetty request log can only be enabled using Log4j
2019-10-04 21:58:30,766 [main] INFO  http.HttpServer2 (HttpServer2.java:addGlobalFilter(975)) - Added global filter 'safety' (class=org.apache.hadoop.http.HttpServer2$QuotingInputFilter)
2019-10-04 21:58:30,766 [main] INFO  http.HttpServer2 (HttpServer2.java:addFilter(948)) - Added filter static_user_filter (class=org.apache.hadoop.http.lib.StaticUserWebFilter$StaticUserFilter) to context scm
2019-10-04 21:58:30,767 [main] INFO  http.HttpServer2 (HttpServer2.java:addFilter(958)) - Added filter static_user_filter (class=org.apache.hadoop.http.lib.StaticUserWebFilter$StaticUserFilter) to context static
2019-10-04 21:58:30,767 [main] INFO  http.HttpServer2 (HttpServer2.java:addFilter(958)) - Added filter static_user_filter (class=org.apache.hadoop.http.lib.StaticUserWebFilter$StaticUserFilter) to context logs
2019-10-04 21:58:30,768 [main] INFO  server.StorageContainerManager (StorageContainerManager.java:start(770)) - StorageContainerLocationProtocol RPC server is listening at /0.0.0.0:42344
2019-10-04 21:58:30,770 [main] WARN  impl.MetricsConfig (MetricsConfig.java:loadFirst(134)) - Cannot locate configuration: tried hadoop-metrics2-storagecontainermanager.properties,hadoop-metrics2.properties
2019-10-04 21:58:30,771 [main] INFO  impl.MetricsSystemImpl (MetricsSystemImpl.java:startTimer(374)) - Scheduled Metric snapshot period at 10 second(s).
2019-10-04 21:58:30,771 [main] INFO  impl.MetricsSystemImpl (MetricsSystemImpl.java:start(191)) - StorageContainerManager metrics system started
2019-10-04 21:58:30,850 [main] WARN  impl.MetricsSystemImpl (MetricsSystemImpl.java:register(276)) - Sink prometheus already exists!
2019-10-04 21:58:30,951 [main] INFO  server.SCMClientProtocolServer (SCMClientProtocolServer.java:start(159)) - RPC server for Client  is listening at /0.0.0.0:42344
2019-10-04 21:58:30,952 [IPC Server Responder] INFO  ipc.Server (Server.java:run(1314)) - IPC Server Responder: starting
2019-10-04 21:58:30,952 [IPC Server listener on 42344] INFO  ipc.Server (Server.java:run(1153)) - IPC Server listener on 42344: starting
2019-10-04 21:58:30,955 [main] INFO  server.StorageContainerManager (StorageContainerManager.java:start(780)) - ScmBlockLocationProtocol RPC server is listening at /0.0.0.0:34516
2019-10-04 21:58:30,956 [main] INFO  server.SCMBlockProtocolServer (SCMBlockProtocolServer.java:start(146)) - RPC server for Block Protocol is listening at /0.0.0.0:34516
2019-10-04 21:58:30,956 [IPC Server listener on 34516] INFO  ipc.Server (Server.java:run(1153)) - IPC Server listener on 34516: starting
2019-10-04 21:58:30,956 [IPC Server Responder] INFO  ipc.Server (Server.java:run(1314)) - IPC Server Responder: starting
2019-10-04 21:58:30,960 [main] INFO  server.StorageContainerManager (StorageContainerManager.java:start(784)) - ScmDatanodeProtocl RPC server is listening at /0.0.0.0:34912
2019-10-04 21:58:30,960 [main] INFO  server.SCMDatanodeProtocolServer (SCMDatanodeProtocolServer.java:start(169)) - RPC server for DataNodes is listening at /0.0.0.0:34912
2019-10-04 21:58:30,961 [IPC Server Responder] INFO  ipc.Server (Server.java:run(1314)) - IPC Server Responder: starting
2019-10-04 21:58:30,961 [IPC Server listener on 34912] INFO  ipc.Server (Server.java:run(1153)) - IPC Server listener on 34912: starting
2019-10-04 21:58:30,967 [main] INFO  http.HttpServer2 (HttpServer2.java:bindListener(1191)) - Jetty bound to port 37102
2019-10-04 21:58:30,968 [main] INFO  server.Server (Server.java:doStart(351)) - jetty-9.3.25.v20180904, build timestamp: 2018-09-04T21:11:46Z, git hash: 3ce520221d0240229c862b122d2b06c12a625732
2019-10-04 21:58:30,969 [main] INFO  handler.ContextHandler (ContextHandler.java:doStart(781)) - Started o.e.j.s.ServletContextHandler@6af609ea{/logs,file:///workdir/hadoop-ozone/integration-test/target/log,AVAILABLE}
2019-10-04 21:58:30,970 [main] INFO  handler.ContextHandler (ContextHandler.java:doStart(781)) - Started o.e.j.s.ServletContextHandler@39e53bef{/static,file:///workdir/hadoop-ozone/integration-test/target/test-classes/webapps/static,AVAILABLE}
2019-10-04 21:58:30,973 [main] INFO  handler.ContextHandler (ContextHandler.java:doStart(781)) - Started o.e.j.w.WebAppContext@291a4791{/,file:///workdir/hadoop-ozone/integration-test/target/test-classes/webapps/scm/,AVAILABLE}{/scm}
2019-10-04 21:58:30,974 [main] INFO  server.AbstractConnector (AbstractConnector.java:doStart(278)) - Started ServerConnector@5b1e88f{HTTP/1.1,[http/1.1]}{0.0.0.0:37102}
2019-10-04 21:58:30,974 [main] INFO  server.Server (Server.java:doStart(419)) - Started @240973ms
2019-10-04 21:58:30,975 [main] WARN  impl.MetricsSystemImpl (MetricsSystemImpl.java:register(276)) - Sink prometheus already exists!
2019-10-04 21:58:30,975 [main] INFO  server.BaseHttpServer (BaseHttpServer.java:updateConnectorAddress(215)) - HTTP server of SCM is listening at http://0.0.0.0:37102
2019-10-04 21:58:30,976 [main] WARN  server.ServerUtils (ServerUtils.java:getDBPath(222)) - ozone.om.db.dirs is not configured. We recommend adding this setting. Falling back to ozone.metadata.dirs instead.
2019-10-04 21:58:30,976 [org.apache.hadoop.util.JvmPauseMonitor$Monitor@6a1568d6] INFO  util.JvmPauseMonitor (JvmPauseMonitor.java:run(188)) - Starting JVM pause monitor
2019-10-04 21:58:30,983 [main] INFO  ha.OMHANodeDetails (OMHANodeDetails.java:loadOMHAConfig(190)) - Configuration either no ozone.om.address set. Falling back to the default OM address /127.0.0.1:0
2019-10-04 21:58:30,983 [main] INFO  ha.OMHANodeDetails (OMHANodeDetails.java:getOMNodeDetails(220)) - OM Service ID is not set. Setting it to the default ID: omServiceIdDefault
2019-10-04 21:58:30,983 [main] WARN  server.ServerUtils (ServerUtils.java:getDBPath(222)) - ozone.om.db.dirs is not configured. We recommend adding this setting. Falling back to ozone.metadata.dirs instead.
2019-10-04 21:58:30,984 [main] WARN  server.ServerUtils (ServerUtils.java:getDBPath(222)) - ozone.om.db.dirs is not configured. We recommend adding this setting. Falling back to ozone.metadata.dirs instead.
2019-10-04 21:58:30,991 [main] WARN  server.ServerUtils (ServerUtils.java:getDBPath(222)) - ozone.om.db.dirs is not configured. We recommend adding this setting. Falling back to ozone.metadata.dirs instead.
2019-10-04 21:58:30,992 [main] INFO  db.DBStoreBuilder (DBStoreBuilder.java:addTable(117)) - using custom profile for table: userTable
2019-10-04 21:58:30,992 [main] INFO  db.DBStoreBuilder (DBStoreBuilder.java:processTables(168)) - Using default column profile:DBProfile.DISK for Table:userTable
2019-10-04 21:58:30,993 [main] INFO  db.DBStoreBuilder (DBStoreBuilder.java:addTable(117)) - using custom profile for table: volumeTable
2019-10-04 21:58:30,993 [main] INFO  db.DBStoreBuilder (DBStoreBuilder.java:processTables(168)) - Using default column profile:DBProfile.DISK for Table:volumeTable
2019-10-04 21:58:30,993 [main] INFO  db.DBStoreBuilder (DBStoreBuilder.java:addTable(117)) - using custom profile for table: bucketTable
2019-10-04 21:58:30,993 [main] INFO  db.DBStoreBuilder (DBStoreBuilder.java:processTables(168)) - Using default column profile:DBProfile.DISK for Table:bucketTable
2019-10-04 21:58:30,994 [main] INFO  db.DBStoreBuilder (DBStoreBuilder.java:addTable(117)) - using custom profile for table: keyTable
2019-10-04 21:58:30,994 [main] INFO  db.DBStoreBuilder (DBStoreBuilder.java:processTables(168)) - Using default column profile:DBProfile.DISK for Table:keyTable
2019-10-04 21:58:30,994 [main] INFO  db.DBStoreBuilder (DBStoreBuilder.java:addTable(117)) - using custom profile for table: deletedTable
2019-10-04 21:58:30,994 [main] INFO  db.DBStoreBuilder (DBStoreBuilder.java:processTables(168)) - Using default column profile:DBProfile.DISK for Table:deletedTable
2019-10-04 21:58:30,995 [main] INFO  db.DBStoreBuilder (DBStoreBuilder.java:addTable(117)) - using custom profile for table: openKeyTable
2019-10-04 21:58:30,995 [main] INFO  db.DBStoreBuilder (DBStoreBuilder.java:processTables(168)) - Using default column profile:DBProfile.DISK for Table:openKeyTable
2019-10-04 21:58:30,995 [main] INFO  db.DBStoreBuilder (DBStoreBuilder.java:addTable(117)) - using custom profile for table: s3Table
2019-10-04 21:58:30,995 [main] INFO  db.DBStoreBuilder (DBStoreBuilder.java:processTables(168)) - Using default column profile:DBProfile.DISK for Table:s3Table
2019-10-04 21:58:30,996 [main] INFO  db.DBStoreBuilder (DBStoreBuilder.java:addTable(117)) - using custom profile for table: multipartInfoTable
2019-10-04 21:58:30,996 [main] INFO  db.DBStoreBuilder (DBStoreBuilder.java:processTables(168)) - Using default column profile:DBProfile.DISK for Table:multipartInfoTable
2019-10-04 21:58:30,996 [main] INFO  db.DBStoreBuilder (DBStoreBuilder.java:addTable(117)) - using custom profile for table: dTokenTable
2019-10-04 21:58:30,996 [main] INFO  db.DBStoreBuilder (DBStoreBuilder.java:processTables(168)) - Using default column profile:DBProfile.DISK for Table:dTokenTable
2019-10-04 21:58:30,996 [main] INFO  db.DBStoreBuilder (DBStoreBuilder.java:addTable(117)) - using custom profile for table: s3SecretTable
2019-10-04 21:58:30,997 [main] INFO  db.DBStoreBuilder (DBStoreBuilder.java:processTables(168)) - Using default column profile:DBProfile.DISK for Table:s3SecretTable
2019-10-04 21:58:30,997 [main] INFO  db.DBStoreBuilder (DBStoreBuilder.java:addTable(117)) - using custom profile for table: prefixTable
2019-10-04 21:58:30,997 [main] INFO  db.DBStoreBuilder (DBStoreBuilder.java:processTables(168)) - Using default column profile:DBProfile.DISK for Table:prefixTable
2019-10-04 21:58:30,998 [main] INFO  db.DBStoreBuilder (DBStoreBuilder.java:addTable(117)) - using custom profile for table: default
2019-10-04 21:58:30,998 [main] INFO  db.DBStoreBuilder (DBStoreBuilder.java:processTables(174)) - Using default column profile:DBProfile.DISK for Table:default
2019-10-04 21:58:30,998 [main] INFO  db.DBStoreBuilder (DBStoreBuilder.java:getDbProfile(205)) - Using default options. DBProfile.DISK
2019-10-04 21:58:31,460 [main] INFO  ipc.CallQueueManager (CallQueueManager.java:<init>(84)) - Using callQueue: class java.util.concurrent.LinkedBlockingQueue, queueCapacity: 2000, scheduler: class org.apache.hadoop.ipc.DefaultRpcScheduler, ipcBackoff: false.
2019-10-04 21:58:31,461 [Socket Reader #1 for port 41256] INFO  ipc.Server (Server.java:run(1074)) - Starting Socket Reader #1 for port 41256
2019-10-04 21:58:31,477 [main] INFO  om.OzoneManager (OzoneManager.java:start(1069)) - OzoneManager RPC server is listening at localhost/127.0.0.1:41256
2019-10-04 21:58:31,477 [main] INFO  impl.MetricsSystemImpl (MetricsSystemImpl.java:init(158)) - OzoneManager metrics system started (again)
2019-10-04 21:58:31,478 [IPC Server Responder] INFO  ipc.Server (Server.java:run(1314)) - IPC Server Responder: starting
2019-10-04 21:58:31,478 [IPC Server listener on 41256] INFO  ipc.Server (Server.java:run(1153)) - IPC Server listener on 41256: starting
2019-10-04 21:58:31,484 [main] INFO  hdfs.DFSUtil (DFSUtil.java:httpServerTemplateForNNAndJN(1641)) - Starting Web-server for ozoneManager at: http://0.0.0.0:0
2019-10-04 21:58:31,486 [main] INFO  server.AuthenticationFilter (AuthenticationFilter.java:constructSecretProvider(240)) - Unable to initialize FileSignerSecretProvider, falling back to use random secrets.
2019-10-04 21:58:31,486 [main] WARN  http.HttpRequestLog (HttpRequestLog.java:getRequestLog(97)) - Jetty request log can only be enabled using Log4j
2019-10-04 21:58:31,488 [main] INFO  http.HttpServer2 (HttpServer2.java:addGlobalFilter(975)) - Added global filter 'safety' (class=org.apache.hadoop.http.HttpServer2$QuotingInputFilter)
2019-10-04 21:58:31,489 [main] INFO  http.HttpServer2 (HttpServer2.java:addFilter(948)) - Added filter static_user_filter (class=org.apache.hadoop.http.lib.StaticUserWebFilter$StaticUserFilter) to context ozoneManager
2019-10-04 21:58:31,489 [main] INFO  http.HttpServer2 (HttpServer2.java:addFilter(958)) - Added filter static_user_filter (class=org.apache.hadoop.http.lib.StaticUserWebFilter$StaticUserFilter) to context static
2019-10-04 21:58:31,489 [main] INFO  http.HttpServer2 (HttpServer2.java:addFilter(958)) - Added filter static_user_filter (class=org.apache.hadoop.http.lib.StaticUserWebFilter$StaticUserFilter) to context logs
2019-10-04 21:58:31,490 [main] INFO  http.HttpServer2 (HttpServer2.java:bindListener(1191)) - Jetty bound to port 33502
2019-10-04 21:58:31,490 [main] INFO  server.Server (Server.java:doStart(351)) - jetty-9.3.25.v20180904, build timestamp: 2018-09-04T21:11:46Z, git hash: 3ce520221d0240229c862b122d2b06c12a625732
2019-10-04 21:58:31,492 [main] INFO  handler.ContextHandler (ContextHandler.java:doStart(781)) - Started o.e.j.s.ServletContextHandler@6bce313{/logs,file:///workdir/hadoop-ozone/integration-test/target/log,AVAILABLE}
2019-10-04 21:58:31,492 [main] INFO  handler.ContextHandler (ContextHandler.java:doStart(781)) - Started o.e.j.s.ServletContextHandler@74b00247{/static,file:///workdir/hadoop-ozone/integration-test/target/test-classes/webapps/static,AVAILABLE}
2019-10-04 21:58:31,496 [main] INFO  handler.ContextHandler (ContextHandler.java:doStart(781)) - Started o.e.j.w.WebAppContext@73f6e07{/,file:///workdir/hadoop-ozone/integration-test/target/test-classes/webapps/ozoneManager/,AVAILABLE}{/ozoneManager}
2019-10-04 21:58:31,497 [main] INFO  server.AbstractConnector (AbstractConnector.java:doStart(278)) - Started ServerConnector@2c9d90fc{HTTP/1.1,[http/1.1]}{0.0.0.0:33502}
2019-10-04 21:58:31,499 [main] INFO  server.Server (Server.java:doStart(419)) - Started @241497ms
2019-10-04 21:58:31,499 [main] WARN  impl.MetricsSystemImpl (MetricsSystemImpl.java:register(276)) - Sink prometheus already exists!
2019-10-04 21:58:31,500 [main] INFO  server.BaseHttpServer (BaseHttpServer.java:updateConnectorAddress(215)) - HTTP server of OZONEMANAGER is listening at http://0.0.0.0:33502
2019-10-04 21:58:31,518 [main] INFO  impl.MetricsSystemImpl (MetricsSystemImpl.java:init(158)) - HddsDatanode metrics system started (again)
2019-10-04 21:58:31,523 [main] INFO  ozone.HddsDatanodeService (HddsDatanodeService.java:start(184)) - HddsDatanodeService host:pr-hdds-2252-dqfx9-1550151176 ip:192.168.30.43
2019-10-04 21:58:31,534 [main] INFO  volume.HddsVolume (HddsVolume.java:<init>(176)) - Creating Volume: /workdir/hadoop-ozone/integration-test/target/test-dir/MiniOzoneClusterImpl-ac9d142f-b000-48ce-8db6-0047c3f5b70d/datanode-0/data/containers/hdds of  storage type : DISK and capacity : 1482555576320
2019-10-04 21:58:31,534 [main] INFO  volume.VolumeSet (VolumeSet.java:initializeVolumeSet(170)) - Added Volume : /workdir/hadoop-ozone/integration-test/target/test-dir/MiniOzoneClusterImpl-ac9d142f-b000-48ce-8db6-0047c3f5b70d/datanode-0/data/containers/hdds to VolumeSet
2019-10-04 21:58:31,534 [main] INFO  volume.ThrottledAsyncChecker (ThrottledAsyncChecker.java:schedule(139)) - Scheduling a check for org.apache.hadoop.ozone.container.common.volume.HddsVolume@52a7928a
2019-10-04 21:58:31,535 [main] INFO  volume.HddsVolumeChecker (HddsVolumeChecker.java:checkAllVolumes(202)) - Scheduled health check for volume org.apache.hadoop.ozone.container.common.volume.HddsVolume@52a7928a
2019-10-04 21:58:31,547 [main] INFO  impl.RaftServerProxy (ConfUtils.java:logGet(43)) - raft.rpc.type = GRPC (default)
2019-10-04 21:58:31,548 [main] INFO  grpc.GrpcFactory (GrpcFactory.java:checkPooledByteBufAllocatorUseCacheForAllThreads(45)) - PERFORMANCE WARNING: useCacheForAllThreads is true that may cause Netty to create a lot garbage objects and, as a result, trigger GC.
	It is recommended to disable useCacheForAllThreads by setting -Dorg.apache.ratis.thirdparty.io.netty.allocator.useCacheForAllThreads=false in command line.
2019-10-04 21:58:31,548 [main] INFO  grpc.GrpcConfigKeys$Server (ConfUtils.java:logGet(43)) - raft.grpc.server.port = 0 (default)
2019-10-04 21:58:31,548 [main] INFO  server.GrpcService (ConfUtils.java:logGet(43)) - raft.grpc.message.size.max = 33570816 (custom)
2019-10-04 21:58:31,548 [main] INFO  server.RaftServerConfigKeys (ConfUtils.java:logGet(43)) - raft.server.log.appender.buffer.byte-limit = 33554432 (custom)
2019-10-04 21:58:31,549 [main] INFO  server.GrpcService (ConfUtils.java:logGet(43)) - raft.grpc.flow.control.window = 1MB (=1048576) (default)
2019-10-04 21:58:31,549 [main] INFO  server.RaftServerConfigKeys (ConfUtils.java:logGet(43)) - raft.server.rpc.request.timeout = 3000ms (default)
2019-10-04 21:58:31,549 [main] INFO  server.RaftServerConfigKeys (ConfUtils.java:logGet(43)) - raft.server.storage.dir = [/workdir/hadoop-ozone/integration-test/target/test-dir/MiniOzoneClusterImpl-ac9d142f-b000-48ce-8db6-0047c3f5b70d/datanode-0/data/ratis] (custom)
2019-10-04 21:58:31,551 [main] INFO  hdfs.DFSUtil (DFSUtil.java:httpServerTemplateForNNAndJN(1641)) - Starting Web-server for hddsDatanode at: http://0.0.0.0:0
2019-10-04 21:58:31,552 [main] INFO  server.AuthenticationFilter (AuthenticationFilter.java:constructSecretProvider(240)) - Unable to initialize FileSignerSecretProvider, falling back to use random secrets.
2019-10-04 21:58:31,552 [main] WARN  http.HttpRequestLog (HttpRequestLog.java:getRequestLog(97)) - Jetty request log can only be enabled using Log4j
2019-10-04 21:58:31,554 [main] INFO  http.HttpServer2 (HttpServer2.java:addGlobalFilter(975)) - Added global filter 'safety' (class=org.apache.hadoop.http.HttpServer2$QuotingInputFilter)
2019-10-04 21:58:31,554 [main] INFO  http.HttpServer2 (HttpServer2.java:addFilter(948)) - Added filter static_user_filter (class=org.apache.hadoop.http.lib.StaticUserWebFilter$StaticUserFilter) to context hddsDatanode
2019-10-04 21:58:31,554 [main] INFO  http.HttpServer2 (HttpServer2.java:addFilter(958)) - Added filter static_user_filter (class=org.apache.hadoop.http.lib.StaticUserWebFilter$StaticUserFilter) to context static
2019-10-04 21:58:31,555 [main] INFO  http.HttpServer2 (HttpServer2.java:addFilter(958)) - Added filter static_user_filter (class=org.apache.hadoop.http.lib.StaticUserWebFilter$StaticUserFilter) to context logs
2019-10-04 21:58:31,555 [main] INFO  http.HttpServer2 (HttpServer2.java:bindListener(1191)) - Jetty bound to port 43562
2019-10-04 21:58:31,555 [main] INFO  server.Server (Server.java:doStart(351)) - jetty-9.3.25.v20180904, build timestamp: 2018-09-04T21:11:46Z, git hash: 3ce520221d0240229c862b122d2b06c12a625732
2019-10-04 21:58:31,557 [main] INFO  handler.ContextHandler (ContextHandler.java:doStart(781)) - Started o.e.j.s.ServletContextHandler@7aded903{/logs,file:///workdir/hadoop-ozone/integration-test/target/log,AVAILABLE}
2019-10-04 21:58:31,557 [main] INFO  handler.ContextHandler (ContextHandler.java:doStart(781)) - Started o.e.j.s.ServletContextHandler@261f359f{/static,jar:file:/home/user/.m2/repository/org/apache/hadoop/hadoop-hdds-container-service/0.5.0-SNAPSHOT/hadoop-hdds-container-service-0.5.0-SNAPSHOT.jar!/webapps/static,AVAILABLE}
2019-10-04 21:58:31,582 [main] INFO  handler.ContextHandler (ContextHandler.java:doStart(781)) - Started o.e.j.w.WebAppContext@33ec2c0c{/,file:///tmp/jetty-0.0.0.0-43562-hddsDatanode-_-any-4991918929038117740.dir/webapp/,AVAILABLE}{/hddsDatanode}
2019-10-04 21:58:31,583 [main] INFO  server.AbstractConnector (AbstractConnector.java:doStart(278)) - Started ServerConnector@5968800d{HTTP/1.1,[http/1.1]}{0.0.0.0:43562}
2019-10-04 21:58:31,584 [main] INFO  server.Server (Server.java:doStart(419)) - Started @241582ms
2019-10-04 21:58:31,584 [main] WARN  impl.MetricsSystemImpl (MetricsSystemImpl.java:register(276)) - Sink prometheus already exists!
2019-10-04 21:58:31,585 [main] INFO  server.BaseHttpServer (BaseHttpServer.java:updateConnectorAddress(215)) - HTTP server of HDDSDATANODE is listening at http://0.0.0.0:43562
2019-10-04 21:58:31,586 [main] INFO  impl.MetricsSystemImpl (MetricsSystemImpl.java:init(158)) - HddsDatanode metrics system started (again)
2019-10-04 21:58:31,589 [org.apache.hadoop.util.JvmPauseMonitor$Monitor@6be376b] INFO  util.JvmPauseMonitor (JvmPauseMonitor.java:run(188)) - Starting JVM pause monitor
2019-10-04 21:58:31,590 [main] INFO  ozone.HddsDatanodeService (HddsDatanodeService.java:start(184)) - HddsDatanodeService host:pr-hdds-2252-dqfx9-1550151176 ip:192.168.30.43
2019-10-04 21:58:31,590 [Datanode State Machine Thread - 0] INFO  datanode.InitDatanodeState (InitDatanodeState.java:persistContainerDatanodeDetails(140)) - DatanodeDetails is persisted to /workdir/hadoop-ozone/integration-test/target/test-dir/MiniOzoneClusterImpl-ac9d142f-b000-48ce-8db6-0047c3f5b70d/datanode-0/meta/datanode.id
2019-10-04 21:58:31,596 [main] INFO  volume.HddsVolume (HddsVolume.java:<init>(176)) - Creating Volume: /workdir/hadoop-ozone/integration-test/target/test-dir/MiniOzoneClusterImpl-ac9d142f-b000-48ce-8db6-0047c3f5b70d/datanode-1/data/containers/hdds of  storage type : DISK and capacity : 1482555576320
2019-10-04 21:58:31,597 [main] INFO  volume.VolumeSet (VolumeSet.java:initializeVolumeSet(170)) - Added Volume : /workdir/hadoop-ozone/integration-test/target/test-dir/MiniOzoneClusterImpl-ac9d142f-b000-48ce-8db6-0047c3f5b70d/datanode-1/data/containers/hdds to VolumeSet
2019-10-04 21:58:31,597 [main] INFO  volume.ThrottledAsyncChecker (ThrottledAsyncChecker.java:schedule(139)) - Scheduling a check for org.apache.hadoop.ozone.container.common.volume.HddsVolume@6da54910
2019-10-04 21:58:31,598 [main] INFO  volume.HddsVolumeChecker (HddsVolumeChecker.java:checkAllVolumes(202)) - Scheduled health check for volume org.apache.hadoop.ozone.container.common.volume.HddsVolume@6da54910
2019-10-04 21:58:31,619 [main] INFO  impl.RaftServerProxy (ConfUtils.java:logGet(43)) - raft.rpc.type = GRPC (default)
2019-10-04 21:58:31,619 [main] INFO  grpc.GrpcFactory (GrpcFactory.java:checkPooledByteBufAllocatorUseCacheForAllThreads(45)) - PERFORMANCE WARNING: useCacheForAllThreads is true that may cause Netty to create a lot garbage objects and, as a result, trigger GC.
	It is recommended to disable useCacheForAllThreads by setting -Dorg.apache.ratis.thirdparty.io.netty.allocator.useCacheForAllThreads=false in command line.
2019-10-04 21:58:31,620 [main] INFO  grpc.GrpcConfigKeys$Server (ConfUtils.java:logGet(43)) - raft.grpc.server.port = 0 (default)
2019-10-04 21:58:31,620 [main] INFO  server.GrpcService (ConfUtils.java:logGet(43)) - raft.grpc.message.size.max = 33570816 (custom)
2019-10-04 21:58:31,620 [main] INFO  server.RaftServerConfigKeys (ConfUtils.java:logGet(43)) - raft.server.log.appender.buffer.byte-limit = 33554432 (custom)
2019-10-04 21:58:31,621 [main] INFO  server.GrpcService (ConfUtils.java:logGet(43)) - raft.grpc.flow.control.window = 1MB (=1048576) (default)
2019-10-04 21:58:31,621 [main] INFO  server.RaftServerConfigKeys (ConfUtils.java:logGet(43)) - raft.server.rpc.request.timeout = 3000ms (default)
2019-10-04 21:58:31,621 [main] INFO  server.RaftServerConfigKeys (ConfUtils.java:logGet(43)) - raft.server.storage.dir = [/workdir/hadoop-ozone/integration-test/target/test-dir/MiniOzoneClusterImpl-ac9d142f-b000-48ce-8db6-0047c3f5b70d/datanode-1/data/ratis] (custom)
2019-10-04 21:58:31,623 [main] INFO  hdfs.DFSUtil (DFSUtil.java:httpServerTemplateForNNAndJN(1641)) - Starting Web-server for hddsDatanode at: http://0.0.0.0:0
2019-10-04 21:58:31,624 [main] INFO  server.AuthenticationFilter (AuthenticationFilter.java:constructSecretProvider(240)) - Unable to initialize FileSignerSecretProvider, falling back to use random secrets.
2019-10-04 21:58:31,625 [main] WARN  http.HttpRequestLog (HttpRequestLog.java:getRequestLog(97)) - Jetty request log can only be enabled using Log4j
2019-10-04 21:58:31,626 [main] INFO  http.HttpServer2 (HttpServer2.java:addGlobalFilter(975)) - Added global filter 'safety' (class=org.apache.hadoop.http.HttpServer2$QuotingInputFilter)
2019-10-04 21:58:31,627 [main] INFO  http.HttpServer2 (HttpServer2.java:addFilter(948)) - Added filter static_user_filter (class=org.apache.hadoop.http.lib.StaticUserWebFilter$StaticUserFilter) to context hddsDatanode
2019-10-04 21:58:31,627 [main] INFO  http.HttpServer2 (HttpServer2.java:addFilter(958)) - Added filter static_user_filter (class=org.apache.hadoop.http.lib.StaticUserWebFilter$StaticUserFilter) to context static
2019-10-04 21:58:31,627 [main] INFO  http.HttpServer2 (HttpServer2.java:addFilter(958)) - Added filter static_user_filter (class=org.apache.hadoop.http.lib.StaticUserWebFilter$StaticUserFilter) to context logs
2019-10-04 21:58:31,628 [main] INFO  http.HttpServer2 (HttpServer2.java:bindListener(1191)) - Jetty bound to port 40189
2019-10-04 21:58:31,628 [main] INFO  server.Server (Server.java:doStart(351)) - jetty-9.3.25.v20180904, build timestamp: 2018-09-04T21:11:46Z, git hash: 3ce520221d0240229c862b122d2b06c12a625732
2019-10-04 21:58:31,630 [main] INFO  handler.ContextHandler (ContextHandler.java:doStart(781)) - Started o.e.j.s.ServletContextHandler@119290b9{/logs,file:///workdir/hadoop-ozone/integration-test/target/log,AVAILABLE}
2019-10-04 21:58:31,630 [main] INFO  handler.ContextHandler (ContextHandler.java:doStart(781)) - Started o.e.j.s.ServletContextHandler@62cbc478{/static,jar:file:/home/user/.m2/repository/org/apache/hadoop/hadoop-hdds-container-service/0.5.0-SNAPSHOT/hadoop-hdds-container-service-0.5.0-SNAPSHOT.jar!/webapps/static,AVAILABLE}
2019-10-04 21:58:31,658 [main] INFO  handler.ContextHandler (ContextHandler.java:doStart(781)) - Started o.e.j.w.WebAppContext@de77146{/,file:///tmp/jetty-0.0.0.0-40189-hddsDatanode-_-any-19361239837729523.dir/webapp/,AVAILABLE}{/hddsDatanode}
2019-10-04 21:58:31,658 [main] INFO  server.AbstractConnector (AbstractConnector.java:doStart(278)) - Started ServerConnector@691567ea{HTTP/1.1,[http/1.1]}{0.0.0.0:40189}
2019-10-04 21:58:31,660 [main] INFO  server.Server (Server.java:doStart(419)) - Started @241659ms
2019-10-04 21:58:31,661 [main] WARN  impl.MetricsSystemImpl (MetricsSystemImpl.java:register(276)) - Sink prometheus already exists!
2019-10-04 21:58:31,661 [main] INFO  server.BaseHttpServer (BaseHttpServer.java:updateConnectorAddress(215)) - HTTP server of HDDSDATANODE is listening at http://0.0.0.0:40189
2019-10-04 21:58:31,661 [main] INFO  impl.MetricsSystemImpl (MetricsSystemImpl.java:init(158)) - HddsDatanode metrics system started (again)
2019-10-04 21:58:31,665 [org.apache.hadoop.util.JvmPauseMonitor$Monitor@1b8d1528] INFO  util.JvmPauseMonitor (JvmPauseMonitor.java:run(188)) - Starting JVM pause monitor
2019-10-04 21:58:31,666 [main] INFO  ozone.HddsDatanodeService (HddsDatanodeService.java:start(184)) - HddsDatanodeService host:pr-hdds-2252-dqfx9-1550151176 ip:192.168.30.43
2019-10-04 21:58:31,666 [Datanode State Machine Thread - 0] INFO  datanode.InitDatanodeState (InitDatanodeState.java:persistContainerDatanodeDetails(140)) - DatanodeDetails is persisted to /workdir/hadoop-ozone/integration-test/target/test-dir/MiniOzoneClusterImpl-ac9d142f-b000-48ce-8db6-0047c3f5b70d/datanode-1/meta/datanode.id
2019-10-04 21:58:31,672 [main] INFO  volume.HddsVolume (HddsVolume.java:<init>(176)) - Creating Volume: /workdir/hadoop-ozone/integration-test/target/test-dir/MiniOzoneClusterImpl-ac9d142f-b000-48ce-8db6-0047c3f5b70d/datanode-2/data/containers/hdds of  storage type : DISK and capacity : 1482555576320
2019-10-04 21:58:31,672 [main] INFO  volume.VolumeSet (VolumeSet.java:initializeVolumeSet(170)) - Added Volume : /workdir/hadoop-ozone/integration-test/target/test-dir/MiniOzoneClusterImpl-ac9d142f-b000-48ce-8db6-0047c3f5b70d/datanode-2/data/containers/hdds to VolumeSet
2019-10-04 21:58:31,672 [main] INFO  volume.ThrottledAsyncChecker (ThrottledAsyncChecker.java:schedule(139)) - Scheduling a check for org.apache.hadoop.ozone.container.common.volume.HddsVolume@285a4fe3
2019-10-04 21:58:31,673 [main] INFO  volume.HddsVolumeChecker (HddsVolumeChecker.java:checkAllVolumes(202)) - Scheduled health check for volume org.apache.hadoop.ozone.container.common.volume.HddsVolume@285a4fe3
2019-10-04 21:58:31,689 [main] INFO  impl.RaftServerProxy (ConfUtils.java:logGet(43)) - raft.rpc.type = GRPC (default)
2019-10-04 21:58:31,689 [main] INFO  grpc.GrpcFactory (GrpcFactory.java:checkPooledByteBufAllocatorUseCacheForAllThreads(45)) - PERFORMANCE WARNING: useCacheForAllThreads is true that may cause Netty to create a lot garbage objects and, as a result, trigger GC.
	It is recommended to disable useCacheForAllThreads by setting -Dorg.apache.ratis.thirdparty.io.netty.allocator.useCacheForAllThreads=false in command line.
2019-10-04 21:58:31,690 [main] INFO  grpc.GrpcConfigKeys$Server (ConfUtils.java:logGet(43)) - raft.grpc.server.port = 0 (default)
2019-10-04 21:58:31,690 [main] INFO  server.GrpcService (ConfUtils.java:logGet(43)) - raft.grpc.message.size.max = 33570816 (custom)
2019-10-04 21:58:31,690 [main] INFO  server.RaftServerConfigKeys (ConfUtils.java:logGet(43)) - raft.server.log.appender.buffer.byte-limit = 33554432 (custom)
2019-10-04 21:58:31,690 [main] INFO  server.GrpcService (ConfUtils.java:logGet(43)) - raft.grpc.flow.control.window = 1MB (=1048576) (default)
2019-10-04 21:58:31,690 [main] INFO  server.RaftServerConfigKeys (ConfUtils.java:logGet(43)) - raft.server.rpc.request.timeout = 3000ms (default)
2019-10-04 21:58:31,691 [main] INFO  server.RaftServerConfigKeys (ConfUtils.java:logGet(43)) - raft.server.storage.dir = [/workdir/hadoop-ozone/integration-test/target/test-dir/MiniOzoneClusterImpl-ac9d142f-b000-48ce-8db6-0047c3f5b70d/datanode-2/data/ratis] (custom)
2019-10-04 21:58:31,692 [main] INFO  hdfs.DFSUtil (DFSUtil.java:httpServerTemplateForNNAndJN(1641)) - Starting Web-server for hddsDatanode at: http://0.0.0.0:0
2019-10-04 21:58:31,693 [main] INFO  server.AuthenticationFilter (AuthenticationFilter.java:constructSecretProvider(240)) - Unable to initialize FileSignerSecretProvider, falling back to use random secrets.
2019-10-04 21:58:31,694 [main] WARN  http.HttpRequestLog (HttpRequestLog.java:getRequestLog(97)) - Jetty request log can only be enabled using Log4j
2019-10-04 21:58:31,695 [main] INFO  http.HttpServer2 (HttpServer2.java:addGlobalFilter(975)) - Added global filter 'safety' (class=org.apache.hadoop.http.HttpServer2$QuotingInputFilter)
2019-10-04 21:58:31,695 [main] INFO  http.HttpServer2 (HttpServer2.java:addFilter(948)) - Added filter static_user_filter (class=org.apache.hadoop.http.lib.StaticUserWebFilter$StaticUserFilter) to context hddsDatanode
2019-10-04 21:58:31,696 [main] INFO  http.HttpServer2 (HttpServer2.java:addFilter(958)) - Added filter static_user_filter (class=org.apache.hadoop.http.lib.StaticUserWebFilter$StaticUserFilter) to context static
2019-10-04 21:58:31,696 [main] INFO  http.HttpServer2 (HttpServer2.java:addFilter(958)) - Added filter static_user_filter (class=org.apache.hadoop.http.lib.StaticUserWebFilter$StaticUserFilter) to context logs
2019-10-04 21:58:31,696 [main] INFO  http.HttpServer2 (HttpServer2.java:bindListener(1191)) - Jetty bound to port 41174
2019-10-04 21:58:31,697 [main] INFO  server.Server (Server.java:doStart(351)) - jetty-9.3.25.v20180904, build timestamp: 2018-09-04T21:11:46Z, git hash: 3ce520221d0240229c862b122d2b06c12a625732
2019-10-04 21:58:31,698 [main] INFO  handler.ContextHandler (ContextHandler.java:doStart(781)) - Started o.e.j.s.ServletContextHandler@6222391a{/logs,file:///workdir/hadoop-ozone/integration-test/target/log,AVAILABLE}
2019-10-04 21:58:31,699 [main] INFO  handler.ContextHandler (ContextHandler.java:doStart(781)) - Started o.e.j.s.ServletContextHandler@d2708a7{/static,jar:file:/home/user/.m2/repository/org/apache/hadoop/hadoop-hdds-container-service/0.5.0-SNAPSHOT/hadoop-hdds-container-service-0.5.0-SNAPSHOT.jar!/webapps/static,AVAILABLE}
2019-10-04 21:58:31,727 [main] INFO  handler.ContextHandler (ContextHandler.java:doStart(781)) - Started o.e.j.w.WebAppContext@3fb450d7{/,file:///tmp/jetty-0.0.0.0-41174-hddsDatanode-_-any-4898526785131401524.dir/webapp/,AVAILABLE}{/hddsDatanode}
2019-10-04 21:58:31,727 [main] INFO  server.AbstractConnector (AbstractConnector.java:doStart(278)) - Started ServerConnector@4b7ed03e{HTTP/1.1,[http/1.1]}{0.0.0.0:41174}
2019-10-04 21:58:31,729 [main] INFO  server.Server (Server.java:doStart(419)) - Started @241727ms
2019-10-04 21:58:31,729 [main] WARN  impl.MetricsSystemImpl (MetricsSystemImpl.java:register(276)) - Sink prometheus already exists!
2019-10-04 21:58:31,730 [main] INFO  server.BaseHttpServer (BaseHttpServer.java:updateConnectorAddress(215)) - HTTP server of HDDSDATANODE is listening at http://0.0.0.0:41174
2019-10-04 21:58:31,730 [main] INFO  impl.MetricsSystemImpl (MetricsSystemImpl.java:init(158)) - HddsDatanode metrics system started (again)
2019-10-04 21:58:31,734 [org.apache.hadoop.util.JvmPauseMonitor$Monitor@7efb34a6] INFO  util.JvmPauseMonitor (JvmPauseMonitor.java:run(188)) - Starting JVM pause monitor
2019-10-04 21:58:31,735 [main] INFO  ozone.HddsDatanodeService (HddsDatanodeService.java:start(184)) - HddsDatanodeService host:pr-hdds-2252-dqfx9-1550151176 ip:192.168.30.43
2019-10-04 21:58:31,735 [Datanode State Machine Thread - 0] INFO  datanode.InitDatanodeState (InitDatanodeState.java:persistContainerDatanodeDetails(140)) - DatanodeDetails is persisted to /workdir/hadoop-ozone/integration-test/target/test-dir/MiniOzoneClusterImpl-ac9d142f-b000-48ce-8db6-0047c3f5b70d/datanode-2/meta/datanode.id
2019-10-04 21:58:31,741 [main] INFO  volume.HddsVolume (HddsVolume.java:<init>(176)) - Creating Volume: /workdir/hadoop-ozone/integration-test/target/test-dir/MiniOzoneClusterImpl-ac9d142f-b000-48ce-8db6-0047c3f5b70d/datanode-3/data/containers/hdds of  storage type : DISK and capacity : 1482555576320
2019-10-04 21:58:31,741 [main] INFO  volume.VolumeSet (VolumeSet.java:initializeVolumeSet(170)) - Added Volume : /workdir/hadoop-ozone/integration-test/target/test-dir/MiniOzoneClusterImpl-ac9d142f-b000-48ce-8db6-0047c3f5b70d/datanode-3/data/containers/hdds to VolumeSet
2019-10-04 21:58:31,741 [main] INFO  volume.ThrottledAsyncChecker (ThrottledAsyncChecker.java:schedule(139)) - Scheduling a check for org.apache.hadoop.ozone.container.common.volume.HddsVolume@251c90f
2019-10-04 21:58:31,742 [main] INFO  volume.HddsVolumeChecker (HddsVolumeChecker.java:checkAllVolumes(202)) - Scheduled health check for volume org.apache.hadoop.ozone.container.common.volume.HddsVolume@251c90f
2019-10-04 21:58:31,756 [main] INFO  impl.RaftServerProxy (ConfUtils.java:logGet(43)) - raft.rpc.type = GRPC (default)
2019-10-04 21:58:31,756 [main] INFO  grpc.GrpcFactory (GrpcFactory.java:checkPooledByteBufAllocatorUseCacheForAllThreads(45)) - PERFORMANCE WARNING: useCacheForAllThreads is true that may cause Netty to create a lot garbage objects and, as a result, trigger GC.
	It is recommended to disable useCacheForAllThreads by setting -Dorg.apache.ratis.thirdparty.io.netty.allocator.useCacheForAllThreads=false in command line.
2019-10-04 21:58:31,756 [main] INFO  grpc.GrpcConfigKeys$Server (ConfUtils.java:logGet(43)) - raft.grpc.server.port = 0 (default)
2019-10-04 21:58:31,757 [main] INFO  server.GrpcService (ConfUtils.java:logGet(43)) - raft.grpc.message.size.max = 33570816 (custom)
2019-10-04 21:58:31,757 [main] INFO  server.RaftServerConfigKeys (ConfUtils.java:logGet(43)) - raft.server.log.appender.buffer.byte-limit = 33554432 (custom)
2019-10-04 21:58:31,757 [main] INFO  server.GrpcService (ConfUtils.java:logGet(43)) - raft.grpc.flow.control.window = 1MB (=1048576) (default)
2019-10-04 21:58:31,757 [main] INFO  server.RaftServerConfigKeys (ConfUtils.java:logGet(43)) - raft.server.rpc.request.timeout = 3000ms (default)
2019-10-04 21:58:31,758 [main] INFO  server.RaftServerConfigKeys (ConfUtils.java:logGet(43)) - raft.server.storage.dir = [/workdir/hadoop-ozone/integration-test/target/test-dir/MiniOzoneClusterImpl-ac9d142f-b000-48ce-8db6-0047c3f5b70d/datanode-3/data/ratis] (custom)
2019-10-04 21:58:31,759 [main] INFO  hdfs.DFSUtil (DFSUtil.java:httpServerTemplateForNNAndJN(1641)) - Starting Web-server for hddsDatanode at: http://0.0.0.0:0
2019-10-04 21:58:31,760 [main] INFO  server.AuthenticationFilter (AuthenticationFilter.java:constructSecretProvider(240)) - Unable to initialize FileSignerSecretProvider, falling back to use random secrets.
2019-10-04 21:58:31,760 [main] WARN  http.HttpRequestLog (HttpRequestLog.java:getRequestLog(97)) - Jetty request log can only be enabled using Log4j
2019-10-04 21:58:31,762 [main] INFO  http.HttpServer2 (HttpServer2.java:addGlobalFilter(975)) - Added global filter 'safety' (class=org.apache.hadoop.http.HttpServer2$QuotingInputFilter)
2019-10-04 21:58:31,762 [main] INFO  http.HttpServer2 (HttpServer2.java:addFilter(948)) - Added filter static_user_filter (class=org.apache.hadoop.http.lib.StaticUserWebFilter$StaticUserFilter) to context hddsDatanode
2019-10-04 21:58:31,762 [main] INFO  http.HttpServer2 (HttpServer2.java:addFilter(958)) - Added filter static_user_filter (class=org.apache.hadoop.http.lib.StaticUserWebFilter$StaticUserFilter) to context logs
2019-10-04 21:58:31,763 [main] INFO  http.HttpServer2 (HttpServer2.java:addFilter(958)) - Added filter static_user_filter (class=org.apache.hadoop.http.lib.StaticUserWebFilter$StaticUserFilter) to context static
2019-10-04 21:58:31,763 [main] INFO  http.HttpServer2 (HttpServer2.java:bindListener(1191)) - Jetty bound to port 45392
2019-10-04 21:58:31,763 [main] INFO  server.Server (Server.java:doStart(351)) - jetty-9.3.25.v20180904, build timestamp: 2018-09-04T21:11:46Z, git hash: 3ce520221d0240229c862b122d2b06c12a625732
2019-10-04 21:58:31,765 [main] INFO  handler.ContextHandler (ContextHandler.java:doStart(781)) - Started o.e.j.s.ServletContextHandler@7d0cd23c{/logs,file:///workdir/hadoop-ozone/integration-test/target/log,AVAILABLE}
2019-10-04 21:58:31,765 [main] INFO  handler.ContextHandler (ContextHandler.java:doStart(781)) - Started o.e.j.s.ServletContextHandler@6b0f266e{/static,jar:file:/home/user/.m2/repository/org/apache/hadoop/hadoop-hdds-container-service/0.5.0-SNAPSHOT/hadoop-hdds-container-service-0.5.0-SNAPSHOT.jar!/webapps/static,AVAILABLE}
2019-10-04 21:58:31,795 [main] INFO  handler.ContextHandler (ContextHandler.java:doStart(781)) - Started o.e.j.w.WebAppContext@6b70d1fb{/,file:///tmp/jetty-0.0.0.0-45392-hddsDatanode-_-any-5101469795087608350.dir/webapp/,AVAILABLE}{/hddsDatanode}
2019-10-04 21:58:31,795 [main] INFO  server.AbstractConnector (AbstractConnector.java:doStart(278)) - Started ServerConnector@3002e397{HTTP/1.1,[http/1.1]}{0.0.0.0:45392}
2019-10-04 21:58:31,799 [main] INFO  server.Server (Server.java:doStart(419)) - Started @241797ms
2019-10-04 21:58:31,799 [main] WARN  impl.MetricsSystemImpl (MetricsSystemImpl.java:register(276)) - Sink prometheus already exists!
2019-10-04 21:58:31,800 [main] INFO  server.BaseHttpServer (BaseHttpServer.java:updateConnectorAddress(215)) - HTTP server of HDDSDATANODE is listening at http://0.0.0.0:45392
2019-10-04 21:58:31,800 [main] INFO  impl.MetricsSystemImpl (MetricsSystemImpl.java:init(158)) - HddsDatanode metrics system started (again)
2019-10-04 21:58:31,805 [org.apache.hadoop.util.JvmPauseMonitor$Monitor@508dc7a6] INFO  util.JvmPauseMonitor (JvmPauseMonitor.java:run(188)) - Starting JVM pause monitor
2019-10-04 21:58:31,805 [main] INFO  ozone.HddsDatanodeService (HddsDatanodeService.java:start(184)) - HddsDatanodeService host:pr-hdds-2252-dqfx9-1550151176 ip:192.168.30.43
2019-10-04 21:58:31,807 [Datanode State Machine Thread - 0] INFO  datanode.InitDatanodeState (InitDatanodeState.java:persistContainerDatanodeDetails(140)) - DatanodeDetails is persisted to /workdir/hadoop-ozone/integration-test/target/test-dir/MiniOzoneClusterImpl-ac9d142f-b000-48ce-8db6-0047c3f5b70d/datanode-3/meta/datanode.id
2019-10-04 21:58:31,815 [main] INFO  volume.HddsVolume (HddsVolume.java:<init>(176)) - Creating Volume: /workdir/hadoop-ozone/integration-test/target/test-dir/MiniOzoneClusterImpl-ac9d142f-b000-48ce-8db6-0047c3f5b70d/datanode-4/data/containers/hdds of  storage type : DISK and capacity : 1482555576320
2019-10-04 21:58:31,816 [main] INFO  volume.VolumeSet (VolumeSet.java:initializeVolumeSet(170)) - Added Volume : /workdir/hadoop-ozone/integration-test/target/test-dir/MiniOzoneClusterImpl-ac9d142f-b000-48ce-8db6-0047c3f5b70d/datanode-4/data/containers/hdds to VolumeSet
2019-10-04 21:58:31,816 [main] INFO  volume.ThrottledAsyncChecker (ThrottledAsyncChecker.java:schedule(139)) - Scheduling a check for org.apache.hadoop.ozone.container.common.volume.HddsVolume@55361f03
2019-10-04 21:58:31,816 [main] INFO  volume.HddsVolumeChecker (HddsVolumeChecker.java:checkAllVolumes(202)) - Scheduled health check for volume org.apache.hadoop.ozone.container.common.volume.HddsVolume@55361f03
2019-10-04 21:58:31,832 [main] INFO  impl.RaftServerProxy (ConfUtils.java:logGet(43)) - raft.rpc.type = GRPC (default)
2019-10-04 21:58:31,833 [main] INFO  grpc.GrpcFactory (GrpcFactory.java:checkPooledByteBufAllocatorUseCacheForAllThreads(45)) - PERFORMANCE WARNING: useCacheForAllThreads is true that may cause Netty to create a lot garbage objects and, as a result, trigger GC.
	It is recommended to disable useCacheForAllThreads by setting -Dorg.apache.ratis.thirdparty.io.netty.allocator.useCacheForAllThreads=false in command line.
2019-10-04 21:58:31,833 [main] INFO  grpc.GrpcConfigKeys$Server (ConfUtils.java:logGet(43)) - raft.grpc.server.port = 0 (default)
2019-10-04 21:58:31,833 [main] INFO  server.GrpcService (ConfUtils.java:logGet(43)) - raft.grpc.message.size.max = 33570816 (custom)
2019-10-04 21:58:31,833 [main] INFO  server.RaftServerConfigKeys (ConfUtils.java:logGet(43)) - raft.server.log.appender.buffer.byte-limit = 33554432 (custom)
2019-10-04 21:58:31,833 [main] INFO  server.GrpcService (ConfUtils.java:logGet(43)) - raft.grpc.flow.control.window = 1MB (=1048576) (default)
2019-10-04 21:58:31,834 [main] INFO  server.RaftServerConfigKeys (ConfUtils.java:logGet(43)) - raft.server.rpc.request.timeout = 3000ms (default)
2019-10-04 21:58:31,834 [main] INFO  server.RaftServerConfigKeys (ConfUtils.java:logGet(43)) - raft.server.storage.dir = [/workdir/hadoop-ozone/integration-test/target/test-dir/MiniOzoneClusterImpl-ac9d142f-b000-48ce-8db6-0047c3f5b70d/datanode-4/data/ratis] (custom)
2019-10-04 21:58:31,835 [main] INFO  hdfs.DFSUtil (DFSUtil.java:httpServerTemplateForNNAndJN(1641)) - Starting Web-server for hddsDatanode at: http://0.0.0.0:0
2019-10-04 21:58:31,836 [main] INFO  server.AuthenticationFilter (AuthenticationFilter.java:constructSecretProvider(240)) - Unable to initialize FileSignerSecretProvider, falling back to use random secrets.
2019-10-04 21:58:31,837 [main] WARN  http.HttpRequestLog (HttpRequestLog.java:getRequestLog(97)) - Jetty request log can only be enabled using Log4j
2019-10-04 21:58:31,838 [main] INFO  http.HttpServer2 (HttpServer2.java:addGlobalFilter(975)) - Added global filter 'safety' (class=org.apache.hadoop.http.HttpServer2$QuotingInputFilter)
2019-10-04 21:58:31,838 [main] INFO  http.HttpServer2 (HttpServer2.java:addFilter(948)) - Added filter static_user_filter (class=org.apache.hadoop.http.lib.StaticUserWebFilter$StaticUserFilter) to context hddsDatanode
2019-10-04 21:58:31,839 [main] INFO  http.HttpServer2 (HttpServer2.java:addFilter(958)) - Added filter static_user_filter (class=org.apache.hadoop.http.lib.StaticUserWebFilter$StaticUserFilter) to context logs
2019-10-04 21:58:31,839 [main] INFO  http.HttpServer2 (HttpServer2.java:addFilter(958)) - Added filter static_user_filter (class=org.apache.hadoop.http.lib.StaticUserWebFilter$StaticUserFilter) to context static
2019-10-04 21:58:31,839 [main] INFO  http.HttpServer2 (HttpServer2.java:bindListener(1191)) - Jetty bound to port 33562
2019-10-04 21:58:31,840 [main] INFO  server.Server (Server.java:doStart(351)) - jetty-9.3.25.v20180904, build timestamp: 2018-09-04T21:11:46Z, git hash: 3ce520221d0240229c862b122d2b06c12a625732
2019-10-04 21:58:31,841 [main] INFO  handler.ContextHandler (ContextHandler.java:doStart(781)) - Started o.e.j.s.ServletContextHandler@5fb3111a{/logs,file:///workdir/hadoop-ozone/integration-test/target/log,AVAILABLE}
2019-10-04 21:58:31,841 [main] INFO  handler.ContextHandler (ContextHandler.java:doStart(781)) - Started o.e.j.s.ServletContextHandler@23bd0c81{/static,jar:file:/home/user/.m2/repository/org/apache/hadoop/hadoop-hdds-container-service/0.5.0-SNAPSHOT/hadoop-hdds-container-service-0.5.0-SNAPSHOT.jar!/webapps/static,AVAILABLE}
2019-10-04 21:58:31,866 [main] INFO  handler.ContextHandler (ContextHandler.java:doStart(781)) - Started o.e.j.w.WebAppContext@3487442d{/,file:///tmp/jetty-0.0.0.0-33562-hddsDatanode-_-any-2531584276126710865.dir/webapp/,AVAILABLE}{/hddsDatanode}
2019-10-04 21:58:31,867 [main] INFO  server.AbstractConnector (AbstractConnector.java:doStart(278)) - Started ServerConnector@530ee28b{HTTP/1.1,[http/1.1]}{0.0.0.0:33562}
2019-10-04 21:58:31,869 [main] INFO  server.Server (Server.java:doStart(419)) - Started @241867ms
2019-10-04 21:58:31,869 [main] WARN  impl.MetricsSystemImpl (MetricsSystemImpl.java:register(276)) - Sink prometheus already exists!
2019-10-04 21:58:31,870 [main] INFO  server.BaseHttpServer (BaseHttpServer.java:updateConnectorAddress(215)) - HTTP server of HDDSDATANODE is listening at http://0.0.0.0:33562
2019-10-04 21:58:31,870 [main] INFO  impl.MetricsSystemImpl (MetricsSystemImpl.java:init(158)) - HddsDatanode metrics system started (again)
2019-10-04 21:58:31,875 [org.apache.hadoop.util.JvmPauseMonitor$Monitor@2c649d49] INFO  util.JvmPauseMonitor (JvmPauseMonitor.java:run(188)) - Starting JVM pause monitor
2019-10-04 21:58:31,875 [main] INFO  ozone.HddsDatanodeService (HddsDatanodeService.java:start(184)) - HddsDatanodeService host:pr-hdds-2252-dqfx9-1550151176 ip:192.168.30.43
2019-10-04 21:58:31,876 [Datanode State Machine Thread - 0] INFO  datanode.InitDatanodeState (InitDatanodeState.java:persistContainerDatanodeDetails(140)) - DatanodeDetails is persisted to /workdir/hadoop-ozone/integration-test/target/test-dir/MiniOzoneClusterImpl-ac9d142f-b000-48ce-8db6-0047c3f5b70d/datanode-4/meta/datanode.id
2019-10-04 21:58:31,881 [main] INFO  volume.HddsVolume (HddsVolume.java:<init>(176)) - Creating Volume: /workdir/hadoop-ozone/integration-test/target/test-dir/MiniOzoneClusterImpl-ac9d142f-b000-48ce-8db6-0047c3f5b70d/datanode-5/data/containers/hdds of  storage type : DISK and capacity : 1482555576320
2019-10-04 21:58:31,882 [main] INFO  volume.VolumeSet (VolumeSet.java:initializeVolumeSet(170)) - Added Volume : /workdir/hadoop-ozone/integration-test/target/test-dir/MiniOzoneClusterImpl-ac9d142f-b000-48ce-8db6-0047c3f5b70d/datanode-5/data/containers/hdds to VolumeSet
2019-10-04 21:58:31,882 [main] INFO  volume.ThrottledAsyncChecker (ThrottledAsyncChecker.java:schedule(139)) - Scheduling a check for org.apache.hadoop.ozone.container.common.volume.HddsVolume@1b8aaeab
2019-10-04 21:58:31,882 [main] INFO  volume.HddsVolumeChecker (HddsVolumeChecker.java:checkAllVolumes(202)) - Scheduled health check for volume org.apache.hadoop.ozone.container.common.volume.HddsVolume@1b8aaeab
2019-10-04 21:58:31,896 [main] INFO  impl.RaftServerProxy (ConfUtils.java:logGet(43)) - raft.rpc.type = GRPC (default)
2019-10-04 21:58:31,896 [main] INFO  grpc.GrpcFactory (GrpcFactory.java:checkPooledByteBufAllocatorUseCacheForAllThreads(45)) - PERFORMANCE WARNING: useCacheForAllThreads is true that may cause Netty to create a lot garbage objects and, as a result, trigger GC.
	It is recommended to disable useCacheForAllThreads by setting -Dorg.apache.ratis.thirdparty.io.netty.allocator.useCacheForAllThreads=false in command line.
2019-10-04 21:58:31,897 [main] INFO  grpc.GrpcConfigKeys$Server (ConfUtils.java:logGet(43)) - raft.grpc.server.port = 0 (default)
2019-10-04 21:58:31,897 [main] INFO  server.GrpcService (ConfUtils.java:logGet(43)) - raft.grpc.message.size.max = 33570816 (custom)
2019-10-04 21:58:31,897 [main] INFO  server.RaftServerConfigKeys (ConfUtils.java:logGet(43)) - raft.server.log.appender.buffer.byte-limit = 33554432 (custom)
2019-10-04 21:58:31,897 [main] INFO  server.GrpcService (ConfUtils.java:logGet(43)) - raft.grpc.flow.control.window = 1MB (=1048576) (default)
2019-10-04 21:58:31,897 [main] INFO  server.RaftServerConfigKeys (ConfUtils.java:logGet(43)) - raft.server.rpc.request.timeout = 3000ms (default)
2019-10-04 21:58:31,898 [main] INFO  server.RaftServerConfigKeys (ConfUtils.java:logGet(43)) - raft.server.storage.dir = [/workdir/hadoop-ozone/integration-test/target/test-dir/MiniOzoneClusterImpl-ac9d142f-b000-48ce-8db6-0047c3f5b70d/datanode-5/data/ratis] (custom)
2019-10-04 21:58:31,899 [main] INFO  hdfs.DFSUtil (DFSUtil.java:httpServerTemplateForNNAndJN(1641)) - Starting Web-server for hddsDatanode at: http://0.0.0.0:0
2019-10-04 21:58:31,900 [main] INFO  server.AuthenticationFilter (AuthenticationFilter.java:constructSecretProvider(240)) - Unable to initialize FileSignerSecretProvider, falling back to use random secrets.
2019-10-04 21:58:31,900 [main] WARN  http.HttpRequestLog (HttpRequestLog.java:getRequestLog(97)) - Jetty request log can only be enabled using Log4j
2019-10-04 21:58:31,901 [main] INFO  http.HttpServer2 (HttpServer2.java:addGlobalFilter(975)) - Added global filter 'safety' (class=org.apache.hadoop.http.HttpServer2$QuotingInputFilter)
2019-10-04 21:58:31,902 [main] INFO  http.HttpServer2 (HttpServer2.java:addFilter(948)) - Added filter static_user_filter (class=org.apache.hadoop.http.lib.StaticUserWebFilter$StaticUserFilter) to context hddsDatanode
2019-10-04 21:58:31,902 [main] INFO  http.HttpServer2 (HttpServer2.java:addFilter(958)) - Added filter static_user_filter (class=org.apache.hadoop.http.lib.StaticUserWebFilter$StaticUserFilter) to context logs
2019-10-04 21:58:31,902 [main] INFO  http.HttpServer2 (HttpServer2.java:addFilter(958)) - Added filter static_user_filter (class=org.apache.hadoop.http.lib.StaticUserWebFilter$StaticUserFilter) to context static
2019-10-04 21:58:31,903 [main] INFO  http.HttpServer2 (HttpServer2.java:bindListener(1191)) - Jetty bound to port 32879
2019-10-04 21:58:31,903 [main] INFO  server.Server (Server.java:doStart(351)) - jetty-9.3.25.v20180904, build timestamp: 2018-09-04T21:11:46Z, git hash: 3ce520221d0240229c862b122d2b06c12a625732
2019-10-04 21:58:31,904 [main] INFO  handler.ContextHandler (ContextHandler.java:doStart(781)) - Started o.e.j.s.ServletContextHandler@27ec8754{/logs,file:///workdir/hadoop-ozone/integration-test/target/log,AVAILABLE}
2019-10-04 21:58:31,904 [main] INFO  handler.ContextHandler (ContextHandler.java:doStart(781)) - Started o.e.j.s.ServletContextHandler@19662208{/static,jar:file:/home/user/.m2/repository/org/apache/hadoop/hadoop-hdds-container-service/0.5.0-SNAPSHOT/hadoop-hdds-container-service-0.5.0-SNAPSHOT.jar!/webapps/static,AVAILABLE}
2019-10-04 21:58:31,933 [main] INFO  handler.ContextHandler (ContextHandler.java:doStart(781)) - Started o.e.j.w.WebAppContext@6f1fa1d0{/,file:///tmp/jetty-0.0.0.0-32879-hddsDatanode-_-any-5023360596130019770.dir/webapp/,AVAILABLE}{/hddsDatanode}
2019-10-04 21:58:31,934 [main] INFO  server.AbstractConnector (AbstractConnector.java:doStart(278)) - Started ServerConnector@28b523a{HTTP/1.1,[http/1.1]}{0.0.0.0:32879}
2019-10-04 21:58:31,936 [main] INFO  server.Server (Server.java:doStart(419)) - Started @241934ms
2019-10-04 21:58:31,936 [main] WARN  impl.MetricsSystemImpl (MetricsSystemImpl.java:register(276)) - Sink prometheus already exists!
2019-10-04 21:58:31,937 [main] INFO  server.BaseHttpServer (BaseHttpServer.java:updateConnectorAddress(215)) - HTTP server of HDDSDATANODE is listening at http://0.0.0.0:32879
2019-10-04 21:58:31,937 [main] INFO  impl.MetricsSystemImpl (MetricsSystemImpl.java:init(158)) - HddsDatanode metrics system started (again)
2019-10-04 21:58:31,942 [org.apache.hadoop.util.JvmPauseMonitor$Monitor@5d68cbae] INFO  util.JvmPauseMonitor (JvmPauseMonitor.java:run(188)) - Starting JVM pause monitor
2019-10-04 21:58:31,943 [main] INFO  ozone.HddsDatanodeService (HddsDatanodeService.java:start(184)) - HddsDatanodeService host:pr-hdds-2252-dqfx9-1550151176 ip:192.168.30.43
2019-10-04 21:58:31,943 [Datanode State Machine Thread - 0] INFO  datanode.InitDatanodeState (InitDatanodeState.java:persistContainerDatanodeDetails(140)) - DatanodeDetails is persisted to /workdir/hadoop-ozone/integration-test/target/test-dir/MiniOzoneClusterImpl-ac9d142f-b000-48ce-8db6-0047c3f5b70d/datanode-5/meta/datanode.id
2019-10-04 21:58:31,949 [main] INFO  volume.HddsVolume (HddsVolume.java:<init>(176)) - Creating Volume: /workdir/hadoop-ozone/integration-test/target/test-dir/MiniOzoneClusterImpl-ac9d142f-b000-48ce-8db6-0047c3f5b70d/datanode-6/data/containers/hdds of  storage type : DISK and capacity : 1482555576320
2019-10-04 21:58:31,950 [main] INFO  volume.VolumeSet (VolumeSet.java:initializeVolumeSet(170)) - Added Volume : /workdir/hadoop-ozone/integration-test/target/test-dir/MiniOzoneClusterImpl-ac9d142f-b000-48ce-8db6-0047c3f5b70d/datanode-6/data/containers/hdds to VolumeSet
2019-10-04 21:58:31,950 [main] INFO  volume.ThrottledAsyncChecker (ThrottledAsyncChecker.java:schedule(139)) - Scheduling a check for org.apache.hadoop.ozone.container.common.volume.HddsVolume@c48b543
2019-10-04 21:58:31,952 [main] INFO  volume.HddsVolumeChecker (HddsVolumeChecker.java:checkAllVolumes(202)) - Scheduled health check for volume org.apache.hadoop.ozone.container.common.volume.HddsVolume@c48b543
2019-10-04 21:58:31,968 [main] INFO  impl.RaftServerProxy (ConfUtils.java:logGet(43)) - raft.rpc.type = GRPC (default)
2019-10-04 21:58:31,968 [main] INFO  grpc.GrpcFactory (GrpcFactory.java:checkPooledByteBufAllocatorUseCacheForAllThreads(45)) - PERFORMANCE WARNING: useCacheForAllThreads is true that may cause Netty to create a lot garbage objects and, as a result, trigger GC.
	It is recommended to disable useCacheForAllThreads by setting -Dorg.apache.ratis.thirdparty.io.netty.allocator.useCacheForAllThreads=false in command line.
2019-10-04 21:58:31,968 [main] INFO  grpc.GrpcConfigKeys$Server (ConfUtils.java:logGet(43)) - raft.grpc.server.port = 0 (default)
2019-10-04 21:58:31,968 [main] INFO  server.GrpcService (ConfUtils.java:logGet(43)) - raft.grpc.message.size.max = 33570816 (custom)
2019-10-04 21:58:31,969 [main] INFO  server.RaftServerConfigKeys (ConfUtils.java:logGet(43)) - raft.server.log.appender.buffer.byte-limit = 33554432 (custom)
2019-10-04 21:58:31,969 [main] INFO  server.GrpcService (ConfUtils.java:logGet(43)) - raft.grpc.flow.control.window = 1MB (=1048576) (default)
2019-10-04 21:58:31,969 [main] INFO  server.RaftServerConfigKeys (ConfUtils.java:logGet(43)) - raft.server.rpc.request.timeout = 3000ms (default)
2019-10-04 21:58:31,970 [main] INFO  server.RaftServerConfigKeys (ConfUtils.java:logGet(43)) - raft.server.storage.dir = [/workdir/hadoop-ozone/integration-test/target/test-dir/MiniOzoneClusterImpl-ac9d142f-b000-48ce-8db6-0047c3f5b70d/datanode-6/data/ratis] (custom)
2019-10-04 21:58:31,971 [main] INFO  hdfs.DFSUtil (DFSUtil.java:httpServerTemplateForNNAndJN(1641)) - Starting Web-server for hddsDatanode at: http://0.0.0.0:0
2019-10-04 21:58:31,972 [main] INFO  server.AuthenticationFilter (AuthenticationFilter.java:constructSecretProvider(240)) - Unable to initialize FileSignerSecretProvider, falling back to use random secrets.
2019-10-04 21:58:31,972 [main] WARN  http.HttpRequestLog (HttpRequestLog.java:getRequestLog(97)) - Jetty request log can only be enabled using Log4j
2019-10-04 21:58:31,973 [main] INFO  http.HttpServer2 (HttpServer2.java:addGlobalFilter(975)) - Added global filter 'safety' (class=org.apache.hadoop.http.HttpServer2$QuotingInputFilter)
2019-10-04 21:58:31,974 [main] INFO  http.HttpServer2 (HttpServer2.java:addFilter(948)) - Added filter static_user_filter (class=org.apache.hadoop.http.lib.StaticUserWebFilter$StaticUserFilter) to context hddsDatanode
2019-10-04 21:58:31,974 [main] INFO  http.HttpServer2 (HttpServer2.java:addFilter(958)) - Added filter static_user_filter (class=org.apache.hadoop.http.lib.StaticUserWebFilter$StaticUserFilter) to context logs
2019-10-04 21:58:31,974 [main] INFO  http.HttpServer2 (HttpServer2.java:addFilter(958)) - Added filter static_user_filter (class=org.apache.hadoop.http.lib.StaticUserWebFilter$StaticUserFilter) to context static
2019-10-04 21:58:31,975 [main] INFO  http.HttpServer2 (HttpServer2.java:bindListener(1191)) - Jetty bound to port 44274
2019-10-04 21:58:31,975 [main] INFO  server.Server (Server.java:doStart(351)) - jetty-9.3.25.v20180904, build timestamp: 2018-09-04T21:11:46Z, git hash: 3ce520221d0240229c862b122d2b06c12a625732
2019-10-04 21:58:31,976 [main] INFO  handler.ContextHandler (ContextHandler.java:doStart(781)) - Started o.e.j.s.ServletContextHandler@39c87b42{/logs,file:///workdir/hadoop-ozone/integration-test/target/log,AVAILABLE}
2019-10-04 21:58:31,977 [main] INFO  handler.ContextHandler (ContextHandler.java:doStart(781)) - Started o.e.j.s.ServletContextHandler@236c098{/static,jar:file:/home/user/.m2/repository/org/apache/hadoop/hadoop-hdds-container-service/0.5.0-SNAPSHOT/hadoop-hdds-container-service-0.5.0-SNAPSHOT.jar!/webapps/static,AVAILABLE}
2019-10-04 21:58:32,011 [main] INFO  handler.ContextHandler (ContextHandler.java:doStart(781)) - Started o.e.j.w.WebAppContext@2ee4706d{/,file:///tmp/jetty-0.0.0.0-44274-hddsDatanode-_-any-766658425651815095.dir/webapp/,AVAILABLE}{/hddsDatanode}
2019-10-04 21:58:32,011 [main] INFO  server.AbstractConnector (AbstractConnector.java:doStart(278)) - Started ServerConnector@6650a6c{HTTP/1.1,[http/1.1]}{0.0.0.0:44274}
2019-10-04 21:58:32,013 [main] INFO  server.Server (Server.java:doStart(419)) - Started @242011ms
2019-10-04 21:58:32,013 [main] WARN  impl.MetricsSystemImpl (MetricsSystemImpl.java:register(276)) - Sink prometheus already exists!
2019-10-04 21:58:32,014 [main] INFO  server.BaseHttpServer (BaseHttpServer.java:updateConnectorAddress(215)) - HTTP server of HDDSDATANODE is listening at http://0.0.0.0:44274
2019-10-04 21:58:32,014 [main] INFO  ozone.MiniOzoneClusterImpl (MiniOzoneClusterImpl.java:lambda$waitForClusterToBeReady$0(147)) - Waiting for cluster to be ready. Got 0 of 7 DN Heartbeats.
2019-10-04 21:58:32,015 [org.apache.hadoop.util.JvmPauseMonitor$Monitor@7805043d] INFO  util.JvmPauseMonitor (JvmPauseMonitor.java:run(188)) - Starting JVM pause monitor
2019-10-04 21:58:32,016 [Datanode State Machine Thread - 0] INFO  datanode.InitDatanodeState (InitDatanodeState.java:persistContainerDatanodeDetails(140)) - DatanodeDetails is persisted to /workdir/hadoop-ozone/integration-test/target/test-dir/MiniOzoneClusterImpl-ac9d142f-b000-48ce-8db6-0047c3f5b70d/datanode-6/meta/datanode.id
2019-10-04 21:58:33,014 [main] INFO  ozone.MiniOzoneClusterImpl (MiniOzoneClusterImpl.java:lambda$waitForClusterToBeReady$0(147)) - Waiting for cluster to be ready. Got 0 of 7 DN Heartbeats.
2019-10-04 21:58:33,634 [Datanode State Machine Thread - 0] INFO  ozoneimpl.OzoneContainer (OzoneContainer.java:start(217)) - Attempting to start container services.
2019-10-04 21:58:33,635 [Datanode State Machine Thread - 0] INFO  ozoneimpl.OzoneContainer (OzoneContainer.java:startContainerScrub(179)) - Background container scanner has been disabled.
2019-10-04 21:58:33,635 [Datanode State Machine Thread - 0] INFO  ratis.XceiverServerRatis (XceiverServerRatis.java:start(417)) - Starting XceiverServerRatis ad1a2d63-2d60-4868-a73e-6dcf7d06ccb5 at port 0
2019-10-04 21:58:33,643 [Datanode State Machine Thread - 0] INFO  impl.RaftServerProxy (RaftServerProxy.java:lambda$start$3(299)) - ad1a2d63-2d60-4868-a73e-6dcf7d06ccb5: start RPC server
2019-10-04 21:58:33,645 [Datanode State Machine Thread - 0] INFO  server.GrpcService (GrpcService.java:startImpl(158)) - ad1a2d63-2d60-4868-a73e-6dcf7d06ccb5: GrpcService started, listening on 0.0.0.0/0.0.0.0:36804
2019-10-04 21:58:33,645 [Datanode State Machine Thread - 0] INFO  ratis.XceiverServerRatis (XceiverServerRatis.java:start(427)) - XceiverServerRatis ad1a2d63-2d60-4868-a73e-6dcf7d06ccb5 is started using port 36804
2019-10-04 21:58:33,646 [Datanode State Machine Thread - 0] INFO  server.XceiverServerGrpc (XceiverServerGrpc.java:start(149)) - XceiverServerGrpc ad1a2d63-2d60-4868-a73e-6dcf7d06ccb5 is started using port 46765
2019-10-04 21:58:33,692 [Datanode State Machine Thread - 0] INFO  ozoneimpl.OzoneContainer (OzoneContainer.java:start(217)) - Attempting to start container services.
2019-10-04 21:58:33,693 [Datanode State Machine Thread - 0] INFO  ozoneimpl.OzoneContainer (OzoneContainer.java:startContainerScrub(179)) - Background container scanner has been disabled.
2019-10-04 21:58:33,693 [Datanode State Machine Thread - 0] INFO  ratis.XceiverServerRatis (XceiverServerRatis.java:start(417)) - Starting XceiverServerRatis 5fcbd5a2-5389-4956-8319-81964adfb395 at port 0
2019-10-04 21:58:33,702 [Datanode State Machine Thread - 0] INFO  impl.RaftServerProxy (RaftServerProxy.java:lambda$start$3(299)) - 5fcbd5a2-5389-4956-8319-81964adfb395: start RPC server
2019-10-04 21:58:33,703 [Datanode State Machine Thread - 0] INFO  server.GrpcService (GrpcService.java:startImpl(158)) - 5fcbd5a2-5389-4956-8319-81964adfb395: GrpcService started, listening on 0.0.0.0/0.0.0.0:36852
2019-10-04 21:58:33,703 [Datanode State Machine Thread - 0] INFO  ratis.XceiverServerRatis (XceiverServerRatis.java:start(427)) - XceiverServerRatis 5fcbd5a2-5389-4956-8319-81964adfb395 is started using port 36852
2019-10-04 21:58:33,703 [Datanode State Machine Thread - 0] INFO  server.XceiverServerGrpc (XceiverServerGrpc.java:start(149)) - XceiverServerGrpc 5fcbd5a2-5389-4956-8319-81964adfb395 is started using port 44650
2019-10-04 21:58:33,748 [Datanode State Machine Thread - 0] INFO  ozoneimpl.OzoneContainer (OzoneContainer.java:start(217)) - Attempting to start container services.
2019-10-04 21:58:33,749 [Datanode State Machine Thread - 0] INFO  ozoneimpl.OzoneContainer (OzoneContainer.java:startContainerScrub(179)) - Background container scanner has been disabled.
2019-10-04 21:58:33,749 [Datanode State Machine Thread - 0] INFO  ratis.XceiverServerRatis (XceiverServerRatis.java:start(417)) - Starting XceiverServerRatis e2dfd3a4-2705-4c7d-a081-96e4411721bd at port 0
2019-10-04 21:58:33,756 [Datanode State Machine Thread - 0] INFO  impl.RaftServerProxy (RaftServerProxy.java:lambda$start$3(299)) - e2dfd3a4-2705-4c7d-a081-96e4411721bd: start RPC server
2019-10-04 21:58:33,757 [Datanode State Machine Thread - 0] INFO  server.GrpcService (GrpcService.java:startImpl(158)) - e2dfd3a4-2705-4c7d-a081-96e4411721bd: GrpcService started, listening on 0.0.0.0/0.0.0.0:39979
2019-10-04 21:58:33,757 [Datanode State Machine Thread - 0] INFO  ratis.XceiverServerRatis (XceiverServerRatis.java:start(427)) - XceiverServerRatis e2dfd3a4-2705-4c7d-a081-96e4411721bd is started using port 39979
2019-10-04 21:58:33,757 [Datanode State Machine Thread - 0] INFO  server.XceiverServerGrpc (XceiverServerGrpc.java:start(149)) - XceiverServerGrpc e2dfd3a4-2705-4c7d-a081-96e4411721bd is started using port 34947
2019-10-04 21:58:33,819 [Datanode State Machine Thread - 0] INFO  ozoneimpl.OzoneContainer (OzoneContainer.java:start(217)) - Attempting to start container services.
2019-10-04 21:58:33,820 [Datanode State Machine Thread - 0] INFO  ozoneimpl.OzoneContainer (OzoneContainer.java:startContainerScrub(179)) - Background container scanner has been disabled.
2019-10-04 21:58:33,820 [Datanode State Machine Thread - 0] INFO  ratis.XceiverServerRatis (XceiverServerRatis.java:start(417)) - Starting XceiverServerRatis 830b047c-d83d-4cac-9bf3-b637015f42cb at port 0
2019-10-04 21:58:33,829 [Datanode State Machine Thread - 0] INFO  impl.RaftServerProxy (RaftServerProxy.java:lambda$start$3(299)) - 830b047c-d83d-4cac-9bf3-b637015f42cb: start RPC server
2019-10-04 21:58:33,830 [Datanode State Machine Thread - 0] INFO  server.GrpcService (GrpcService.java:startImpl(158)) - 830b047c-d83d-4cac-9bf3-b637015f42cb: GrpcService started, listening on 0.0.0.0/0.0.0.0:34251
2019-10-04 21:58:33,830 [Datanode State Machine Thread - 0] INFO  ratis.XceiverServerRatis (XceiverServerRatis.java:start(427)) - XceiverServerRatis 830b047c-d83d-4cac-9bf3-b637015f42cb is started using port 34251
2019-10-04 21:58:33,831 [Datanode State Machine Thread - 0] INFO  server.XceiverServerGrpc (XceiverServerGrpc.java:start(149)) - XceiverServerGrpc 830b047c-d83d-4cac-9bf3-b637015f42cb is started using port 39664
2019-10-04 21:58:33,889 [Datanode State Machine Thread - 0] INFO  ozoneimpl.OzoneContainer (OzoneContainer.java:start(217)) - Attempting to start container services.
2019-10-04 21:58:33,889 [Datanode State Machine Thread - 0] INFO  ozoneimpl.OzoneContainer (OzoneContainer.java:startContainerScrub(179)) - Background container scanner has been disabled.
2019-10-04 21:58:33,890 [Datanode State Machine Thread - 0] INFO  ratis.XceiverServerRatis (XceiverServerRatis.java:start(417)) - Starting XceiverServerRatis 5e6f749b-20dc-4c27-b2cb-9fbd1e2e10b9 at port 0
2019-10-04 21:58:33,896 [Datanode State Machine Thread - 0] INFO  impl.RaftServerProxy (RaftServerProxy.java:lambda$start$3(299)) - 5e6f749b-20dc-4c27-b2cb-9fbd1e2e10b9: start RPC server
2019-10-04 21:58:33,897 [Datanode State Machine Thread - 0] INFO  server.GrpcService (GrpcService.java:startImpl(158)) - 5e6f749b-20dc-4c27-b2cb-9fbd1e2e10b9: GrpcService started, listening on 0.0.0.0/0.0.0.0:35294
2019-10-04 21:58:33,897 [Datanode State Machine Thread - 0] INFO  ratis.XceiverServerRatis (XceiverServerRatis.java:start(427)) - XceiverServerRatis 5e6f749b-20dc-4c27-b2cb-9fbd1e2e10b9 is started using port 35294
2019-10-04 21:58:33,898 [Datanode State Machine Thread - 0] INFO  server.XceiverServerGrpc (XceiverServerGrpc.java:start(149)) - XceiverServerGrpc 5e6f749b-20dc-4c27-b2cb-9fbd1e2e10b9 is started using port 34395
2019-10-04 21:58:33,956 [Datanode State Machine Thread - 0] INFO  ozoneimpl.OzoneContainer (OzoneContainer.java:start(217)) - Attempting to start container services.
2019-10-04 21:58:33,956 [Datanode State Machine Thread - 0] INFO  ozoneimpl.OzoneContainer (OzoneContainer.java:startContainerScrub(179)) - Background container scanner has been disabled.
2019-10-04 21:58:33,956 [Datanode State Machine Thread - 0] INFO  ratis.XceiverServerRatis (XceiverServerRatis.java:start(417)) - Starting XceiverServerRatis f256f2de-b8b7-4d16-b3a1-c2d66db0fe2c at port 0
2019-10-04 21:58:33,963 [Datanode State Machine Thread - 0] INFO  impl.RaftServerProxy (RaftServerProxy.java:lambda$start$3(299)) - f256f2de-b8b7-4d16-b3a1-c2d66db0fe2c: start RPC server
2019-10-04 21:58:33,963 [Datanode State Machine Thread - 0] INFO  server.GrpcService (GrpcService.java:startImpl(158)) - f256f2de-b8b7-4d16-b3a1-c2d66db0fe2c: GrpcService started, listening on 0.0.0.0/0.0.0.0:38194
2019-10-04 21:58:33,963 [Datanode State Machine Thread - 0] INFO  ratis.XceiverServerRatis (XceiverServerRatis.java:start(427)) - XceiverServerRatis f256f2de-b8b7-4d16-b3a1-c2d66db0fe2c is started using port 38194
2019-10-04 21:58:33,965 [Datanode State Machine Thread - 0] INFO  server.XceiverServerGrpc (XceiverServerGrpc.java:start(149)) - XceiverServerGrpc f256f2de-b8b7-4d16-b3a1-c2d66db0fe2c is started using port 42201
2019-10-04 21:58:34,015 [main] INFO  ozone.MiniOzoneClusterImpl (MiniOzoneClusterImpl.java:lambda$waitForClusterToBeReady$0(147)) - Waiting for cluster to be ready. Got 0 of 7 DN Heartbeats.
2019-10-04 21:58:34,029 [Datanode State Machine Thread - 0] INFO  ozoneimpl.OzoneContainer (OzoneContainer.java:start(217)) - Attempting to start container services.
2019-10-04 21:58:34,030 [Datanode State Machine Thread - 0] INFO  ozoneimpl.OzoneContainer (OzoneContainer.java:startContainerScrub(179)) - Background container scanner has been disabled.
2019-10-04 21:58:34,030 [Datanode State Machine Thread - 0] INFO  ratis.XceiverServerRatis (XceiverServerRatis.java:start(417)) - Starting XceiverServerRatis 35654f43-9330-49b0-b09a-152575b653d0 at port 0
2019-10-04 21:58:34,036 [Datanode State Machine Thread - 0] INFO  impl.RaftServerProxy (RaftServerProxy.java:lambda$start$3(299)) - 35654f43-9330-49b0-b09a-152575b653d0: start RPC server
2019-10-04 21:58:34,037 [Datanode State Machine Thread - 0] INFO  server.GrpcService (GrpcService.java:startImpl(158)) - 35654f43-9330-49b0-b09a-152575b653d0: GrpcService started, listening on 0.0.0.0/0.0.0.0:43471
2019-10-04 21:58:34,037 [Datanode State Machine Thread - 0] INFO  ratis.XceiverServerRatis (XceiverServerRatis.java:start(427)) - XceiverServerRatis 35654f43-9330-49b0-b09a-152575b653d0 is started using port 43471
2019-10-04 21:58:34,038 [Datanode State Machine Thread - 0] INFO  server.XceiverServerGrpc (XceiverServerGrpc.java:start(149)) - XceiverServerGrpc 35654f43-9330-49b0-b09a-152575b653d0 is started using port 42197
2019-10-04 21:58:35,016 [main] INFO  ozone.MiniOzoneClusterImpl (MiniOzoneClusterImpl.java:lambda$waitForClusterToBeReady$0(147)) - Waiting for cluster to be ready. Got 0 of 7 DN Heartbeats.
2019-10-04 21:58:35,595 [IPC Server handler 2 on 34912] INFO  net.NetworkTopology (NetworkTopologyImpl.java:add(111)) - Added a new node: /default-rack/ad1a2d63-2d60-4868-a73e-6dcf7d06ccb5
2019-10-04 21:58:35,599 [IPC Server handler 2 on 34912] INFO  node.SCMNodeManager (SCMNodeManager.java:register(268)) - Registered Data node : ad1a2d63-2d60-4868-a73e-6dcf7d06ccb5{ip: 192.168.30.43, host: pr-hdds-2252-dqfx9-1550151176, networkLocation: /default-rack, certSerialId: null}
2019-10-04 21:58:35,600 [EventQueue-NodeRegistrationContainerReportForDataNodeSafeModeRule] INFO  safemode.SCMSafeModeManager (DataNodeSafeModeRule.java:process(71)) - SCM in safe mode. 1 DataNodes registered, 1 required.
2019-10-04 21:58:35,602 [EventQueue-NodeRegistrationContainerReportForDataNodeSafeModeRule] INFO  safemode.SCMSafeModeManager (SCMSafeModeManager.java:validateSafeModeExitRules(177)) - ScmSafeModeManager, all rules are successfully validated
2019-10-04 21:58:35,602 [EventQueue-NodeRegistrationContainerReportForDataNodeSafeModeRule] INFO  safemode.SCMSafeModeManager (SCMSafeModeManager.java:exitSafeMode(193)) - SCM exiting safe mode.
2019-10-04 21:58:35,616 [grpc-default-executor-1] INFO  impl.RaftServerProxy (RaftServerProxy.java:addNew(89)) - ad1a2d63-2d60-4868-a73e-6dcf7d06ccb5: addNew group-27852BA40723:[ad1a2d63-2d60-4868-a73e-6dcf7d06ccb5:192.168.30.43:36804] returns group-27852BA40723:java.util.concurrent.CompletableFuture@13786ccd[Not completed]
2019-10-04 21:58:35,620 [pool-383-thread-1] INFO  impl.RaftServerImpl (RaftServerImpl.java:<init>(95)) - ad1a2d63-2d60-4868-a73e-6dcf7d06ccb5: new RaftServerImpl for group-27852BA40723:[ad1a2d63-2d60-4868-a73e-6dcf7d06ccb5:192.168.30.43:36804] with ContainerStateMachine:uninitialized
2019-10-04 21:58:35,620 [pool-383-thread-1] INFO  server.RaftServerConfigKeys (ConfUtils.java:logGet(43)) - raft.server.rpc.timeout.min = 5s (custom)
2019-10-04 21:58:35,620 [pool-383-thread-1] INFO  server.RaftServerConfigKeys (ConfUtils.java:logGet(43)) - raft.server.rpc.timeout.max = 5200ms (custom)
2019-10-04 21:58:35,620 [pool-383-thread-1] INFO  server.RaftServerConfigKeys (ConfUtils.java:logGet(43)) - raft.server.rpcslowness.timeout = 120s (custom)
2019-10-04 21:58:35,620 [pool-383-thread-1] INFO  server.RaftServerConfigKeys (ConfUtils.java:logGet(43)) - raft.server.sleep.deviation.threshold = 300 (default)
2019-10-04 21:58:35,621 [pool-383-thread-1] INFO  server.RaftServerConfigKeys (ConfUtils.java:logGet(43)) - raft.server.log.appender.install.snapshot.enabled = false (custom)
2019-10-04 21:58:35,621 [pool-383-thread-1] INFO  impl.RaftServerImpl (ServerState.java:<init>(103)) - ad1a2d63-2d60-4868-a73e-6dcf7d06ccb5@group-27852BA40723: ConfigurationManager, init=-1: [ad1a2d63-2d60-4868-a73e-6dcf7d06ccb5:192.168.30.43:36804], old=null, confs=<EMPTY_MAP>
2019-10-04 21:58:35,621 [pool-383-thread-1] INFO  server.RaftServerConfigKeys (ConfUtils.java:logGet(43)) - raft.server.storage.dir = [/workdir/hadoop-ozone/integration-test/target/test-dir/MiniOzoneClusterImpl-ac9d142f-b000-48ce-8db6-0047c3f5b70d/datanode-0/data/ratis] (custom)
2019-10-04 21:58:35,622 [pool-383-thread-1] INFO  server.RaftServerConfigKeys (ConfUtils.java:logGet(43)) - raft.server.log.corruption.policy = EXCEPTION (default)
2019-10-04 21:58:35,622 [pool-383-thread-1] INFO  storage.RaftStorageDirectory (RaftStorageDirectory.java:analyzeStorage(246)) - The storage directory /workdir/hadoop-ozone/integration-test/target/test-dir/MiniOzoneClusterImpl-ac9d142f-b000-48ce-8db6-0047c3f5b70d/datanode-0/data/ratis/d0476b63-7159-4e01-bd95-27852ba40723 does not exist. Creating ...
2019-10-04 21:58:35,636 [pool-383-thread-1] INFO  storage.RaftStorageDirectory (RaftStorageDirectory.java:tryLock(328)) - Lock on /workdir/hadoop-ozone/integration-test/target/test-dir/MiniOzoneClusterImpl-ac9d142f-b000-48ce-8db6-0047c3f5b70d/datanode-0/data/ratis/d0476b63-7159-4e01-bd95-27852ba40723/in_use.lock acquired by nodename 4850@pr-hdds-2252-dqfx9-1550151176
2019-10-04 21:58:35,649 [pool-383-thread-1] INFO  storage.RaftStorage (RaftStorage.java:format(84)) - Storage directory /workdir/hadoop-ozone/integration-test/target/test-dir/MiniOzoneClusterImpl-ac9d142f-b000-48ce-8db6-0047c3f5b70d/datanode-0/data/ratis/d0476b63-7159-4e01-bd95-27852ba40723 has been successfully formatted.
2019-10-04 21:58:35,649 [pool-383-thread-1] INFO  ratis.ContainerStateMachine (ContainerStateMachine.java:loadSnapshot(230)) - group-27852BA40723: The snapshot info is null. Setting the last applied indexto:(t:0, i:~)
2019-10-04 21:58:35,649 [pool-383-thread-1] INFO  server.RaftServerConfigKeys (ConfUtils.java:logGet(43)) - raft.server.notification.no-leader.timeout = 120s (custom)
2019-10-04 21:58:35,649 [pool-383-thread-1] INFO  server.RaftServerConfigKeys (ConfUtils.java:logGet(43)) - raft.server.log.use.memory = false (default)
2019-10-04 21:58:35,650 [pool-383-thread-1] INFO  server.RaftServerConfigKeys (ConfUtils.java:logGet(43)) - raft.server.log.purge.gap = 1000000 (custom)
2019-10-04 21:58:35,650 [pool-383-thread-1] INFO  server.RaftServerConfigKeys (ConfUtils.java:logGet(43)) - raft.server.log.appender.buffer.byte-limit = 33554432 (custom)
2019-10-04 21:58:35,650 [pool-383-thread-1] INFO  server.RaftServerConfigKeys (ConfUtils.java:logGet(43)) - raft.server.log.segment.size.max = 1048576 (custom)
2019-10-04 21:58:35,652 [pool-383-thread-1] INFO  server.RaftServerConfigKeys (ConfUtils.java:logGet(43)) - raft.server.log.segment.cache.num.max = 2 (custom)
2019-10-04 21:58:35,652 [pool-383-thread-1] INFO  segmented.SegmentedRaftLogWorker (SegmentedRaftLogWorker.java:<init>(173)) - new ad1a2d63-2d60-4868-a73e-6dcf7d06ccb5@group-27852BA40723-SegmentedRaftLogWorker for RaftStorage:Storage Directory /workdir/hadoop-ozone/integration-test/target/test-dir/MiniOzoneClusterImpl-ac9d142f-b000-48ce-8db6-0047c3f5b70d/datanode-0/data/ratis/d0476b63-7159-4e01-bd95-27852ba40723
2019-10-04 21:58:35,653 [pool-383-thread-1] INFO  server.RaftServerConfigKeys (ConfUtils.java:logGet(43)) - raft.server.log.queue.byte-limit = 2147483647 (custom)
2019-10-04 21:58:35,653 [pool-383-thread-1] INFO  server.RaftServerConfigKeys (ConfUtils.java:logGet(43)) - raft.server.log.queue.element-limit = 1024 (custom)
2019-10-04 21:58:35,653 [pool-383-thread-1] INFO  server.RaftServerConfigKeys (ConfUtils.java:logGet(43)) - raft.server.log.segment.size.max = 1048576 (custom)
2019-10-04 21:58:35,653 [pool-383-thread-1] INFO  server.RaftServerConfigKeys (ConfUtils.java:logGet(43)) - raft.server.log.preallocated.size = 16384 (custom)
2019-10-04 21:58:35,653 [pool-383-thread-1] INFO  server.RaftServerConfigKeys (ConfUtils.java:logGet(43)) - raft.server.log.write.buffer.size = 33554432 (custom)
2019-10-04 21:58:35,653 [pool-383-thread-1] INFO  server.RaftServerConfigKeys (ConfUtils.java:logGet(43)) - raft.server.log.force.sync.num = 128 (default)
2019-10-04 21:58:35,653 [pool-383-thread-1] INFO  server.RaftServerConfigKeys (ConfUtils.java:logGet(43)) - raft.server.log.statemachine.data.sync = true (default)
2019-10-04 21:58:35,654 [pool-383-thread-1] INFO  server.RaftServerConfigKeys (ConfUtils.java:logGet(43)) - raft.server.log.statemachine.data.sync.timeout = 10s (default)
2019-10-04 21:58:35,654 [pool-383-thread-1] INFO  server.RaftServerConfigKeys (ConfUtils.java:logGet(43)) - raft.server.log.statemachine.data.sync.timeout.retry = -1 (default)
2019-10-04 21:58:35,654 [pool-383-thread-1] INFO  server.RaftServerConfigKeys (ConfUtils.java:logGet(43)) - raft.server.log.statemachine.data.caching.enabled = true (custom)
2019-10-04 21:58:35,655 [pool-383-thread-1] INFO  segmented.SegmentedRaftLogWorker (SegmentedRaftLogWorker.java:lambda$new$0(128)) - ad1a2d63-2d60-4868-a73e-6dcf7d06ccb5@group-27852BA40723-SegmentedRaftLogWorker: flushIndex: setUnconditionally 0 -> -1
2019-10-04 21:58:35,656 [pool-383-thread-1] INFO  server.RaftServerConfigKeys (ConfUtils.java:logGet(43)) - raft.server.snapshot.auto.trigger.enabled = true (custom)
2019-10-04 21:58:35,656 [pool-383-thread-1] INFO  server.RaftServerConfigKeys (ConfUtils.java:logGet(43)) - raft.server.snapshot.auto.trigger.threshold = 10000 (custom)
2019-10-04 21:58:35,656 [pool-383-thread-1] INFO  server.RaftServerConfigKeys (ConfUtils.java:logGet(43)) - raft.server.snapshot.retention.file.num = 5 (custom)
2019-10-04 21:58:35,656 [pool-383-thread-1] INFO  server.RaftServerConfigKeys (ConfUtils.java:logGet(43)) - raft.server.retrycache.expirytime = 600000ms (custom)
2019-10-04 21:58:35,658 [pool-383-thread-1] INFO  impl.RaftServerImpl (RaftServerImpl.java:start(181)) - ad1a2d63-2d60-4868-a73e-6dcf7d06ccb5@group-27852BA40723: start as a follower, conf=-1: [ad1a2d63-2d60-4868-a73e-6dcf7d06ccb5:192.168.30.43:36804], old=null
2019-10-04 21:58:35,658 [pool-383-thread-1] INFO  impl.RaftServerImpl (RaftServerImpl.java:setRole(170)) - ad1a2d63-2d60-4868-a73e-6dcf7d06ccb5@group-27852BA40723: changes role from      null to FOLLOWER at term 0 for startAsFollower
2019-10-04 21:58:35,659 [pool-383-thread-1] INFO  impl.RoleInfo (RoleInfo.java:updateAndGet(143)) - ad1a2d63-2d60-4868-a73e-6dcf7d06ccb5: start FollowerState
2019-10-04 21:58:35,659 [pool-383-thread-1] INFO  util.JmxRegister (JmxRegister.java:tryRegister(44)) - Successfully registered JMX Bean with object name Ratis:service=RaftServer,group=group-27852BA40723,id=ad1a2d63-2d60-4868-a73e-6dcf7d06ccb5
2019-10-04 21:58:35,664 [RatisPipelineUtilsThread] INFO  pipeline.PipelineStateManager (PipelineStateManager.java:addPipeline(56)) - Created pipeline Pipeline[ Id: d0476b63-7159-4e01-bd95-27852ba40723, Nodes: ad1a2d63-2d60-4868-a73e-6dcf7d06ccb5{ip: 192.168.30.43, host: pr-hdds-2252-dqfx9-1550151176, networkLocation: /default-rack, certSerialId: null}, Type:RATIS, Factor:ONE, State:OPEN]
2019-10-04 21:58:35,667 [IPC Server handler 3 on 34912] INFO  net.NetworkTopology (NetworkTopologyImpl.java:add(111)) - Added a new node: /default-rack/5fcbd5a2-5389-4956-8319-81964adfb395
2019-10-04 21:58:35,667 [IPC Server handler 3 on 34912] INFO  node.SCMNodeManager (SCMNodeManager.java:register(268)) - Registered Data node : 5fcbd5a2-5389-4956-8319-81964adfb395{ip: 192.168.30.43, host: pr-hdds-2252-dqfx9-1550151176, networkLocation: /default-rack, certSerialId: null}
2019-10-04 21:58:35,673 [grpc-default-executor-1] INFO  impl.RaftServerProxy (RaftServerProxy.java:addNew(89)) - 5fcbd5a2-5389-4956-8319-81964adfb395: addNew group-B3C5BB280FC9:[5fcbd5a2-5389-4956-8319-81964adfb395:192.168.30.43:36852] returns group-B3C5BB280FC9:java.util.concurrent.CompletableFuture@104af8e7[Not completed]
2019-10-04 21:58:35,675 [pool-393-thread-1] INFO  impl.RaftServerImpl (RaftServerImpl.java:<init>(95)) - 5fcbd5a2-5389-4956-8319-81964adfb395: new RaftServerImpl for group-B3C5BB280FC9:[5fcbd5a2-5389-4956-8319-81964adfb395:192.168.30.43:36852] with ContainerStateMachine:uninitialized
2019-10-04 21:58:35,675 [pool-393-thread-1] INFO  server.RaftServerConfigKeys (ConfUtils.java:logGet(43)) - raft.server.rpc.timeout.min = 5s (custom)
2019-10-04 21:58:35,675 [pool-393-thread-1] INFO  server.RaftServerConfigKeys (ConfUtils.java:logGet(43)) - raft.server.rpc.timeout.max = 5200ms (custom)
2019-10-04 21:58:35,675 [pool-393-thread-1] INFO  server.RaftServerConfigKeys (ConfUtils.java:logGet(43)) - raft.server.rpcslowness.timeout = 120s (custom)
2019-10-04 21:58:35,675 [pool-393-thread-1] INFO  server.RaftServerConfigKeys (ConfUtils.java:logGet(43)) - raft.server.sleep.deviation.threshold = 300 (default)
2019-10-04 21:58:35,675 [pool-393-thread-1] INFO  server.RaftServerConfigKeys (ConfUtils.java:logGet(43)) - raft.server.log.appender.install.snapshot.enabled = false (custom)
2019-10-04 21:58:35,675 [pool-393-thread-1] INFO  impl.RaftServerImpl (ServerState.java:<init>(103)) - 5fcbd5a2-5389-4956-8319-81964adfb395@group-B3C5BB280FC9: ConfigurationManager, init=-1: [5fcbd5a2-5389-4956-8319-81964adfb395:192.168.30.43:36852], old=null, confs=<EMPTY_MAP>
2019-10-04 21:58:35,675 [pool-393-thread-1] INFO  server.RaftServerConfigKeys (ConfUtils.java:logGet(43)) - raft.server.storage.dir = [/workdir/hadoop-ozone/integration-test/target/test-dir/MiniOzoneClusterImpl-ac9d142f-b000-48ce-8db6-0047c3f5b70d/datanode-1/data/ratis] (custom)
2019-10-04 21:58:35,676 [pool-393-thread-1] INFO  server.RaftServerConfigKeys (ConfUtils.java:logGet(43)) - raft.server.log.corruption.policy = EXCEPTION (default)
2019-10-04 21:58:35,676 [pool-393-thread-1] INFO  storage.RaftStorageDirectory (RaftStorageDirectory.java:analyzeStorage(246)) - The storage directory /workdir/hadoop-ozone/integration-test/target/test-dir/MiniOzoneClusterImpl-ac9d142f-b000-48ce-8db6-0047c3f5b70d/datanode-1/data/ratis/880ed241-13d5-44f1-b9d2-b3c5bb280fc9 does not exist. Creating ...
2019-10-04 21:58:35,689 [pool-393-thread-1] INFO  storage.RaftStorageDirectory (RaftStorageDirectory.java:tryLock(328)) - Lock on /workdir/hadoop-ozone/integration-test/target/test-dir/MiniOzoneClusterImpl-ac9d142f-b000-48ce-8db6-0047c3f5b70d/datanode-1/data/ratis/880ed241-13d5-44f1-b9d2-b3c5bb280fc9/in_use.lock acquired by nodename 4850@pr-hdds-2252-dqfx9-1550151176
2019-10-04 21:58:35,701 [pool-393-thread-1] INFO  storage.RaftStorage (RaftStorage.java:format(84)) - Storage directory /workdir/hadoop-ozone/integration-test/target/test-dir/MiniOzoneClusterImpl-ac9d142f-b000-48ce-8db6-0047c3f5b70d/datanode-1/data/ratis/880ed241-13d5-44f1-b9d2-b3c5bb280fc9 has been successfully formatted.
2019-10-04 21:58:35,702 [pool-393-thread-1] INFO  ratis.ContainerStateMachine (ContainerStateMachine.java:loadSnapshot(230)) - group-B3C5BB280FC9: The snapshot info is null. Setting the last applied indexto:(t:0, i:~)
2019-10-04 21:58:35,702 [pool-393-thread-1] INFO  server.RaftServerConfigKeys (ConfUtils.java:logGet(43)) - raft.server.notification.no-leader.timeout = 120s (custom)
2019-10-04 21:58:35,702 [pool-393-thread-1] INFO  server.RaftServerConfigKeys (ConfUtils.java:logGet(43)) - raft.server.log.use.memory = false (default)
2019-10-04 21:58:35,702 [pool-393-thread-1] INFO  server.RaftServerConfigKeys (ConfUtils.java:logGet(43)) - raft.server.log.purge.gap = 1000000 (custom)
2019-10-04 21:58:35,702 [pool-393-thread-1] INFO  server.RaftServerConfigKeys (ConfUtils.java:logGet(43)) - raft.server.log.appender.buffer.byte-limit = 33554432 (custom)
2019-10-04 21:58:35,702 [pool-393-thread-1] INFO  server.RaftServerConfigKeys (ConfUtils.java:logGet(43)) - raft.server.log.segment.size.max = 1048576 (custom)
2019-10-04 21:58:35,704 [pool-393-thread-1] INFO  server.RaftServerConfigKeys (ConfUtils.java:logGet(43)) - raft.server.log.segment.cache.num.max = 2 (custom)
2019-10-04 21:58:35,704 [pool-393-thread-1] INFO  segmented.SegmentedRaftLogWorker (SegmentedRaftLogWorker.java:<init>(173)) - new 5fcbd5a2-5389-4956-8319-81964adfb395@group-B3C5BB280FC9-SegmentedRaftLogWorker for RaftStorage:Storage Directory /workdir/hadoop-ozone/integration-test/target/test-dir/MiniOzoneClusterImpl-ac9d142f-b000-48ce-8db6-0047c3f5b70d/datanode-1/data/ratis/880ed241-13d5-44f1-b9d2-b3c5bb280fc9
2019-10-04 21:58:35,704 [pool-393-thread-1] INFO  server.RaftServerConfigKeys (ConfUtils.java:logGet(43)) - raft.server.log.queue.byte-limit = 2147483647 (custom)
2019-10-04 21:58:35,704 [pool-393-thread-1] INFO  server.RaftServerConfigKeys (ConfUtils.java:logGet(43)) - raft.server.log.queue.element-limit = 1024 (custom)
2019-10-04 21:58:35,704 [pool-393-thread-1] INFO  server.RaftServerConfigKeys (ConfUtils.java:logGet(43)) - raft.server.log.segment.size.max = 1048576 (custom)
2019-10-04 21:58:35,704 [pool-393-thread-1] INFO  server.RaftServerConfigKeys (ConfUtils.java:logGet(43)) - raft.server.log.preallocated.size = 16384 (custom)
2019-10-04 21:58:35,704 [pool-393-thread-1] INFO  server.RaftServerConfigKeys (ConfUtils.java:logGet(43)) - raft.server.log.write.buffer.size = 33554432 (custom)
2019-10-04 21:58:35,705 [pool-393-thread-1] INFO  server.RaftServerConfigKeys (ConfUtils.java:logGet(43)) - raft.server.log.force.sync.num = 128 (default)
2019-10-04 21:58:35,705 [pool-393-thread-1] INFO  server.RaftServerConfigKeys (ConfUtils.java:logGet(43)) - raft.server.log.statemachine.data.sync = true (default)
2019-10-04 21:58:35,705 [pool-393-thread-1] INFO  server.RaftServerConfigKeys (ConfUtils.java:logGet(43)) - raft.server.log.statemachine.data.sync.timeout = 10s (default)
2019-10-04 21:58:35,705 [pool-393-thread-1] INFO  server.RaftServerConfigKeys (ConfUtils.java:logGet(43)) - raft.server.log.statemachine.data.sync.timeout.retry = -1 (default)
2019-10-04 21:58:35,705 [pool-393-thread-1] INFO  server.RaftServerConfigKeys (ConfUtils.java:logGet(43)) - raft.server.log.statemachine.data.caching.enabled = true (custom)
2019-10-04 21:58:35,705 [pool-393-thread-1] INFO  segmented.SegmentedRaftLogWorker (SegmentedRaftLogWorker.java:lambda$new$0(128)) - 5fcbd5a2-5389-4956-8319-81964adfb395@group-B3C5BB280FC9-SegmentedRaftLogWorker: flushIndex: setUnconditionally 0 -> -1
2019-10-04 21:58:35,706 [pool-393-thread-1] INFO  server.RaftServerConfigKeys (ConfUtils.java:logGet(43)) - raft.server.snapshot.auto.trigger.enabled = true (custom)
2019-10-04 21:58:35,706 [pool-393-thread-1] INFO  server.RaftServerConfigKeys (ConfUtils.java:logGet(43)) - raft.server.snapshot.auto.trigger.threshold = 10000 (custom)
2019-10-04 21:58:35,706 [pool-393-thread-1] INFO  server.RaftServerConfigKeys (ConfUtils.java:logGet(43)) - raft.server.snapshot.retention.file.num = 5 (custom)
2019-10-04 21:58:35,706 [pool-393-thread-1] INFO  server.RaftServerConfigKeys (ConfUtils.java:logGet(43)) - raft.server.retrycache.expirytime = 600000ms (custom)
2019-10-04 21:58:35,707 [pool-393-thread-1] INFO  impl.RaftServerImpl (RaftServerImpl.java:start(181)) - 5fcbd5a2-5389-4956-8319-81964adfb395@group-B3C5BB280FC9: start as a follower, conf=-1: [5fcbd5a2-5389-4956-8319-81964adfb395:192.168.30.43:36852], old=null
2019-10-04 21:58:35,708 [pool-393-thread-1] INFO  impl.RaftServerImpl (RaftServerImpl.java:setRole(170)) - 5fcbd5a2-5389-4956-8319-81964adfb395@group-B3C5BB280FC9: changes role from      null to FOLLOWER at term 0 for startAsFollower
2019-10-04 21:58:35,708 [pool-393-thread-1] INFO  impl.RoleInfo (RoleInfo.java:updateAndGet(143)) - 5fcbd5a2-5389-4956-8319-81964adfb395: start FollowerState
2019-10-04 21:58:35,708 [pool-393-thread-1] INFO  util.JmxRegister (JmxRegister.java:tryRegister(44)) - Successfully registered JMX Bean with object name Ratis:service=RaftServer,group=group-B3C5BB280FC9,id=5fcbd5a2-5389-4956-8319-81964adfb395
2019-10-04 21:58:35,712 [RatisPipelineUtilsThread] INFO  pipeline.PipelineStateManager (PipelineStateManager.java:addPipeline(56)) - Created pipeline Pipeline[ Id: 880ed241-13d5-44f1-b9d2-b3c5bb280fc9, Nodes: 5fcbd5a2-5389-4956-8319-81964adfb395{ip: 192.168.30.43, host: pr-hdds-2252-dqfx9-1550151176, networkLocation: /default-rack, certSerialId: null}, Type:RATIS, Factor:ONE, State:OPEN]
2019-10-04 21:58:35,736 [IPC Server handler 4 on 34912] INFO  net.NetworkTopology (NetworkTopologyImpl.java:add(111)) - Added a new node: /default-rack/e2dfd3a4-2705-4c7d-a081-96e4411721bd
2019-10-04 21:58:35,736 [IPC Server handler 4 on 34912] INFO  node.SCMNodeManager (SCMNodeManager.java:register(268)) - Registered Data node : e2dfd3a4-2705-4c7d-a081-96e4411721bd{ip: 192.168.30.43, host: pr-hdds-2252-dqfx9-1550151176, networkLocation: /default-rack, certSerialId: null}
2019-10-04 21:58:35,743 [grpc-default-executor-1] INFO  impl.RaftServerProxy (RaftServerProxy.java:addNew(89)) - e2dfd3a4-2705-4c7d-a081-96e4411721bd: addNew group-8F1B55FD044C:[e2dfd3a4-2705-4c7d-a081-96e4411721bd:192.168.30.43:39979] returns group-8F1B55FD044C:java.util.concurrent.CompletableFuture@7dc505ea[Not completed]
2019-10-04 21:58:35,744 [pool-403-thread-1] INFO  impl.RaftServerImpl (RaftServerImpl.java:<init>(95)) - e2dfd3a4-2705-4c7d-a081-96e4411721bd: new RaftServerImpl for group-8F1B55FD044C:[e2dfd3a4-2705-4c7d-a081-96e4411721bd:192.168.30.43:39979] with ContainerStateMachine:uninitialized
2019-10-04 21:58:35,744 [pool-403-thread-1] INFO  server.RaftServerConfigKeys (ConfUtils.java:logGet(43)) - raft.server.rpc.timeout.min = 5s (custom)
2019-10-04 21:58:35,744 [pool-403-thread-1] INFO  server.RaftServerConfigKeys (ConfUtils.java:logGet(43)) - raft.server.rpc.timeout.max = 5200ms (custom)
2019-10-04 21:58:35,744 [pool-403-thread-1] INFO  server.RaftServerConfigKeys (ConfUtils.java:logGet(43)) - raft.server.rpcslowness.timeout = 120s (custom)
2019-10-04 21:58:35,744 [pool-403-thread-1] INFO  server.RaftServerConfigKeys (ConfUtils.java:logGet(43)) - raft.server.sleep.deviation.threshold = 300 (default)
2019-10-04 21:58:35,744 [pool-403-thread-1] INFO  server.RaftServerConfigKeys (ConfUtils.java:logGet(43)) - raft.server.log.appender.install.snapshot.enabled = false (custom)
2019-10-04 21:58:35,745 [pool-403-thread-1] INFO  impl.RaftServerImpl (ServerState.java:<init>(103)) - e2dfd3a4-2705-4c7d-a081-96e4411721bd@group-8F1B55FD044C: ConfigurationManager, init=-1: [e2dfd3a4-2705-4c7d-a081-96e4411721bd:192.168.30.43:39979], old=null, confs=<EMPTY_MAP>
2019-10-04 21:58:35,745 [pool-403-thread-1] INFO  server.RaftServerConfigKeys (ConfUtils.java:logGet(43)) - raft.server.storage.dir = [/workdir/hadoop-ozone/integration-test/target/test-dir/MiniOzoneClusterImpl-ac9d142f-b000-48ce-8db6-0047c3f5b70d/datanode-2/data/ratis] (custom)
2019-10-04 21:58:35,745 [pool-403-thread-1] INFO  server.RaftServerConfigKeys (ConfUtils.java:logGet(43)) - raft.server.log.corruption.policy = EXCEPTION (default)
2019-10-04 21:58:35,745 [pool-403-thread-1] INFO  storage.RaftStorageDirectory (RaftStorageDirectory.java:analyzeStorage(246)) - The storage directory /workdir/hadoop-ozone/integration-test/target/test-dir/MiniOzoneClusterImpl-ac9d142f-b000-48ce-8db6-0047c3f5b70d/datanode-2/data/ratis/b305b6ca-1204-477d-aa5d-8f1b55fd044c does not exist. Creating ...
2019-10-04 21:58:35,757 [pool-403-thread-1] INFO  storage.RaftStorageDirectory (RaftStorageDirectory.java:tryLock(328)) - Lock on /workdir/hadoop-ozone/integration-test/target/test-dir/MiniOzoneClusterImpl-ac9d142f-b000-48ce-8db6-0047c3f5b70d/datanode-2/data/ratis/b305b6ca-1204-477d-aa5d-8f1b55fd044c/in_use.lock acquired by nodename 4850@pr-hdds-2252-dqfx9-1550151176
2019-10-04 21:58:35,770 [pool-403-thread-1] INFO  storage.RaftStorage (RaftStorage.java:format(84)) - Storage directory /workdir/hadoop-ozone/integration-test/target/test-dir/MiniOzoneClusterImpl-ac9d142f-b000-48ce-8db6-0047c3f5b70d/datanode-2/data/ratis/b305b6ca-1204-477d-aa5d-8f1b55fd044c has been successfully formatted.
2019-10-04 21:58:35,770 [pool-403-thread-1] INFO  ratis.ContainerStateMachine (ContainerStateMachine.java:loadSnapshot(230)) - group-8F1B55FD044C: The snapshot info is null. Setting the last applied indexto:(t:0, i:~)
2019-10-04 21:58:35,770 [pool-403-thread-1] INFO  server.RaftServerConfigKeys (ConfUtils.java:logGet(43)) - raft.server.notification.no-leader.timeout = 120s (custom)
2019-10-04 21:58:35,770 [pool-403-thread-1] INFO  server.RaftServerConfigKeys (ConfUtils.java:logGet(43)) - raft.server.log.use.memory = false (default)
2019-10-04 21:58:35,771 [pool-403-thread-1] INFO  server.RaftServerConfigKeys (ConfUtils.java:logGet(43)) - raft.server.log.purge.gap = 1000000 (custom)
2019-10-04 21:58:35,771 [pool-403-thread-1] INFO  server.RaftServerConfigKeys (ConfUtils.java:logGet(43)) - raft.server.log.appender.buffer.byte-limit = 33554432 (custom)
2019-10-04 21:58:35,771 [pool-403-thread-1] INFO  server.RaftServerConfigKeys (ConfUtils.java:logGet(43)) - raft.server.log.segment.size.max = 1048576 (custom)
2019-10-04 21:58:35,773 [pool-403-thread-1] INFO  server.RaftServerConfigKeys (ConfUtils.java:logGet(43)) - raft.server.log.segment.cache.num.max = 2 (custom)
2019-10-04 21:58:35,773 [pool-403-thread-1] INFO  segmented.SegmentedRaftLogWorker (SegmentedRaftLogWorker.java:<init>(173)) - new e2dfd3a4-2705-4c7d-a081-96e4411721bd@group-8F1B55FD044C-SegmentedRaftLogWorker for RaftStorage:Storage Directory /workdir/hadoop-ozone/integration-test/target/test-dir/MiniOzoneClusterImpl-ac9d142f-b000-48ce-8db6-0047c3f5b70d/datanode-2/data/ratis/b305b6ca-1204-477d-aa5d-8f1b55fd044c
2019-10-04 21:58:35,773 [pool-403-thread-1] INFO  server.RaftServerConfigKeys (ConfUtils.java:logGet(43)) - raft.server.log.queue.byte-limit = 2147483647 (custom)
2019-10-04 21:58:35,773 [pool-403-thread-1] INFO  server.RaftServerConfigKeys (ConfUtils.java:logGet(43)) - raft.server.log.queue.element-limit = 1024 (custom)
2019-10-04 21:58:35,773 [pool-403-thread-1] INFO  server.RaftServerConfigKeys (ConfUtils.java:logGet(43)) - raft.server.log.segment.size.max = 1048576 (custom)
2019-10-04 21:58:35,773 [pool-403-thread-1] INFO  server.RaftServerConfigKeys (ConfUtils.java:logGet(43)) - raft.server.log.preallocated.size = 16384 (custom)
2019-10-04 21:58:35,773 [pool-403-thread-1] INFO  server.RaftServerConfigKeys (ConfUtils.java:logGet(43)) - raft.server.log.write.buffer.size = 33554432 (custom)
2019-10-04 21:58:35,773 [pool-403-thread-1] INFO  server.RaftServerConfigKeys (ConfUtils.java:logGet(43)) - raft.server.log.force.sync.num = 128 (default)
2019-10-04 21:58:35,774 [pool-403-thread-1] INFO  server.RaftServerConfigKeys (ConfUtils.java:logGet(43)) - raft.server.log.statemachine.data.sync = true (default)
2019-10-04 21:58:35,774 [pool-403-thread-1] INFO  server.RaftServerConfigKeys (ConfUtils.java:logGet(43)) - raft.server.log.statemachine.data.sync.timeout = 10s (default)
2019-10-04 21:58:35,774 [pool-403-thread-1] INFO  server.RaftServerConfigKeys (ConfUtils.java:logGet(43)) - raft.server.log.statemachine.data.sync.timeout.retry = -1 (default)
2019-10-04 21:58:35,774 [pool-403-thread-1] INFO  server.RaftServerConfigKeys (ConfUtils.java:logGet(43)) - raft.server.log.statemachine.data.caching.enabled = true (custom)
2019-10-04 21:58:35,774 [pool-403-thread-1] INFO  segmented.SegmentedRaftLogWorker (SegmentedRaftLogWorker.java:lambda$new$0(128)) - e2dfd3a4-2705-4c7d-a081-96e4411721bd@group-8F1B55FD044C-SegmentedRaftLogWorker: flushIndex: setUnconditionally 0 -> -1
2019-10-04 21:58:35,775 [pool-403-thread-1] INFO  server.RaftServerConfigKeys (ConfUtils.java:logGet(43)) - raft.server.snapshot.auto.trigger.enabled = true (custom)
2019-10-04 21:58:35,775 [pool-403-thread-1] INFO  server.RaftServerConfigKeys (ConfUtils.java:logGet(43)) - raft.server.snapshot.auto.trigger.threshold = 10000 (custom)
2019-10-04 21:58:35,776 [pool-403-thread-1] INFO  server.RaftServerConfigKeys (ConfUtils.java:logGet(43)) - raft.server.snapshot.retention.file.num = 5 (custom)
2019-10-04 21:58:35,776 [pool-403-thread-1] INFO  server.RaftServerConfigKeys (ConfUtils.java:logGet(43)) - raft.server.retrycache.expirytime = 600000ms (custom)
2019-10-04 21:58:35,777 [pool-403-thread-1] INFO  impl.RaftServerImpl (RaftServerImpl.java:start(181)) - e2dfd3a4-2705-4c7d-a081-96e4411721bd@group-8F1B55FD044C: start as a follower, conf=-1: [e2dfd3a4-2705-4c7d-a081-96e4411721bd:192.168.30.43:39979], old=null
2019-10-04 21:58:35,778 [pool-403-thread-1] INFO  impl.RaftServerImpl (RaftServerImpl.java:setRole(170)) - e2dfd3a4-2705-4c7d-a081-96e4411721bd@group-8F1B55FD044C: changes role from      null to FOLLOWER at term 0 for startAsFollower
2019-10-04 21:58:35,778 [pool-403-thread-1] INFO  impl.RoleInfo (RoleInfo.java:updateAndGet(143)) - e2dfd3a4-2705-4c7d-a081-96e4411721bd: start FollowerState
2019-10-04 21:58:35,778 [pool-403-thread-1] INFO  util.JmxRegister (JmxRegister.java:tryRegister(44)) - Successfully registered JMX Bean with object name Ratis:service=RaftServer,group=group-8F1B55FD044C,id=e2dfd3a4-2705-4c7d-a081-96e4411721bd
2019-10-04 21:58:35,782 [RatisPipelineUtilsThread] INFO  pipeline.PipelineStateManager (PipelineStateManager.java:addPipeline(56)) - Created pipeline Pipeline[ Id: b305b6ca-1204-477d-aa5d-8f1b55fd044c, Nodes: e2dfd3a4-2705-4c7d-a081-96e4411721bd{ip: 192.168.30.43, host: pr-hdds-2252-dqfx9-1550151176, networkLocation: /default-rack, certSerialId: null}, Type:RATIS, Factor:ONE, State:OPEN]
2019-10-04 21:58:35,796 [grpc-default-executor-4] INFO  impl.RaftServerProxy (RaftServerProxy.java:addNew(89)) - 5fcbd5a2-5389-4956-8319-81964adfb395: addNew group-3E4670F0C74D:[5fcbd5a2-5389-4956-8319-81964adfb395:192.168.30.43:36852, e2dfd3a4-2705-4c7d-a081-96e4411721bd:192.168.30.43:39979, ad1a2d63-2d60-4868-a73e-6dcf7d06ccb5:192.168.30.43:36804] returns group-3E4670F0C74D:java.util.concurrent.CompletableFuture@2676ca56[Not completed]
2019-10-04 21:58:35,796 [grpc-default-executor-1] INFO  impl.RaftServerProxy (RaftServerProxy.java:addNew(89)) - ad1a2d63-2d60-4868-a73e-6dcf7d06ccb5: addNew group-3E4670F0C74D:[5fcbd5a2-5389-4956-8319-81964adfb395:192.168.30.43:36852, e2dfd3a4-2705-4c7d-a081-96e4411721bd:192.168.30.43:39979, ad1a2d63-2d60-4868-a73e-6dcf7d06ccb5:192.168.30.43:36804] returns group-3E4670F0C74D:java.util.concurrent.CompletableFuture@7c00e6d3[Not completed]
2019-10-04 21:58:35,797 [grpc-default-executor-3] INFO  impl.RaftServerProxy (RaftServerProxy.java:addNew(89)) - e2dfd3a4-2705-4c7d-a081-96e4411721bd: addNew group-3E4670F0C74D:[5fcbd5a2-5389-4956-8319-81964adfb395:192.168.30.43:36852, e2dfd3a4-2705-4c7d-a081-96e4411721bd:192.168.30.43:39979, ad1a2d63-2d60-4868-a73e-6dcf7d06ccb5:192.168.30.43:36804] returns group-3E4670F0C74D:java.util.concurrent.CompletableFuture@6120abe0[Not completed]
2019-10-04 21:58:35,798 [pool-393-thread-1] INFO  impl.RaftServerImpl (RaftServerImpl.java:<init>(95)) - 5fcbd5a2-5389-4956-8319-81964adfb395: new RaftServerImpl for group-3E4670F0C74D:[5fcbd5a2-5389-4956-8319-81964adfb395:192.168.30.43:36852, e2dfd3a4-2705-4c7d-a081-96e4411721bd:192.168.30.43:39979, ad1a2d63-2d60-4868-a73e-6dcf7d06ccb5:192.168.30.43:36804] with ContainerStateMachine:uninitialized
2019-10-04 21:58:35,798 [pool-393-thread-1] INFO  server.RaftServerConfigKeys (ConfUtils.java:logGet(43)) - raft.server.rpc.timeout.min = 5s (custom)
2019-10-04 21:58:35,798 [pool-393-thread-1] INFO  server.RaftServerConfigKeys (ConfUtils.java:logGet(43)) - raft.server.rpc.timeout.max = 5200ms (custom)
2019-10-04 21:58:35,798 [pool-393-thread-1] INFO  server.RaftServerConfigKeys (ConfUtils.java:logGet(43)) - raft.server.rpcslowness.timeout = 120s (custom)
2019-10-04 21:58:35,798 [pool-393-thread-1] INFO  server.RaftServerConfigKeys (ConfUtils.java:logGet(43)) - raft.server.sleep.deviation.threshold = 300 (default)
2019-10-04 21:58:35,799 [pool-403-thread-1] INFO  impl.RaftServerImpl (RaftServerImpl.java:<init>(95)) - e2dfd3a4-2705-4c7d-a081-96e4411721bd: new RaftServerImpl for group-3E4670F0C74D:[5fcbd5a2-5389-4956-8319-81964adfb395:192.168.30.43:36852, e2dfd3a4-2705-4c7d-a081-96e4411721bd:192.168.30.43:39979, ad1a2d63-2d60-4868-a73e-6dcf7d06ccb5:192.168.30.43:36804] with ContainerStateMachine:uninitialized
2019-10-04 21:58:35,799 [pool-393-thread-1] INFO  server.RaftServerConfigKeys (ConfUtils.java:logGet(43)) - raft.server.log.appender.install.snapshot.enabled = false (custom)
2019-10-04 21:58:35,799 [pool-403-thread-1] INFO  server.RaftServerConfigKeys (ConfUtils.java:logGet(43)) - raft.server.rpc.timeout.min = 5s (custom)
2019-10-04 21:58:35,799 [pool-393-thread-1] INFO  impl.RaftServerImpl (ServerState.java:<init>(103)) - 5fcbd5a2-5389-4956-8319-81964adfb395@group-3E4670F0C74D: ConfigurationManager, init=-1: [5fcbd5a2-5389-4956-8319-81964adfb395:192.168.30.43:36852, e2dfd3a4-2705-4c7d-a081-96e4411721bd:192.168.30.43:39979, ad1a2d63-2d60-4868-a73e-6dcf7d06ccb5:192.168.30.43:36804], old=null, confs=<EMPTY_MAP>
2019-10-04 21:58:35,799 [pool-403-thread-1] INFO  server.RaftServerConfigKeys (ConfUtils.java:logGet(43)) - raft.server.rpc.timeout.max = 5200ms (custom)
2019-10-04 21:58:35,799 [pool-393-thread-1] INFO  server.RaftServerConfigKeys (ConfUtils.java:logGet(43)) - raft.server.storage.dir = [/workdir/hadoop-ozone/integration-test/target/test-dir/MiniOzoneClusterImpl-ac9d142f-b000-48ce-8db6-0047c3f5b70d/datanode-1/data/ratis] (custom)
2019-10-04 21:58:35,799 [pool-383-thread-1] INFO  impl.RaftServerImpl (RaftServerImpl.java:<init>(95)) - ad1a2d63-2d60-4868-a73e-6dcf7d06ccb5: new RaftServerImpl for group-3E4670F0C74D:[5fcbd5a2-5389-4956-8319-81964adfb395:192.168.30.43:36852, e2dfd3a4-2705-4c7d-a081-96e4411721bd:192.168.30.43:39979, ad1a2d63-2d60-4868-a73e-6dcf7d06ccb5:192.168.30.43:36804] with ContainerStateMachine:uninitialized
2019-10-04 21:58:35,799 [pool-403-thread-1] INFO  server.RaftServerConfigKeys (ConfUtils.java:logGet(43)) - raft.server.rpcslowness.timeout = 120s (custom)
2019-10-04 21:58:35,799 [pool-393-thread-1] INFO  server.RaftServerConfigKeys (ConfUtils.java:logGet(43)) - raft.server.log.corruption.policy = EXCEPTION (default)
2019-10-04 21:58:35,799 [pool-383-thread-1] INFO  server.RaftServerConfigKeys (ConfUtils.java:logGet(43)) - raft.server.rpc.timeout.min = 5s (custom)
2019-10-04 21:58:35,800 [pool-393-thread-1] INFO  storage.RaftStorageDirectory (RaftStorageDirectory.java:analyzeStorage(246)) - The storage directory /workdir/hadoop-ozone/integration-test/target/test-dir/MiniOzoneClusterImpl-ac9d142f-b000-48ce-8db6-0047c3f5b70d/datanode-1/data/ratis/89cfbe00-5e70-4895-a99d-3e4670f0c74d does not exist. Creating ...
2019-10-04 21:58:35,800 [pool-403-thread-1] INFO  server.RaftServerConfigKeys (ConfUtils.java:logGet(43)) - raft.server.sleep.deviation.threshold = 300 (default)
2019-10-04 21:58:35,800 [pool-383-thread-1] INFO  server.RaftServerConfigKeys (ConfUtils.java:logGet(43)) - raft.server.rpc.timeout.max = 5200ms (custom)
2019-10-04 21:58:35,800 [pool-403-thread-1] INFO  server.RaftServerConfigKeys (ConfUtils.java:logGet(43)) - raft.server.log.appender.install.snapshot.enabled = false (custom)
2019-10-04 21:58:35,800 [pool-383-thread-1] INFO  server.RaftServerConfigKeys (ConfUtils.java:logGet(43)) - raft.server.rpcslowness.timeout = 120s (custom)
2019-10-04 21:58:35,800 [pool-403-thread-1] INFO  impl.RaftServerImpl (ServerState.java:<init>(103)) - e2dfd3a4-2705-4c7d-a081-96e4411721bd@group-3E4670F0C74D: ConfigurationManager, init=-1: [5fcbd5a2-5389-4956-8319-81964adfb395:192.168.30.43:36852, e2dfd3a4-2705-4c7d-a081-96e4411721bd:192.168.30.43:39979, ad1a2d63-2d60-4868-a73e-6dcf7d06ccb5:192.168.30.43:36804], old=null, confs=<EMPTY_MAP>
2019-10-04 21:58:35,800 [pool-383-thread-1] INFO  server.RaftServerConfigKeys (ConfUtils.java:logGet(43)) - raft.server.sleep.deviation.threshold = 300 (default)
2019-10-04 21:58:35,801 [pool-403-thread-1] INFO  server.RaftServerConfigKeys (ConfUtils.java:logGet(43)) - raft.server.storage.dir = [/workdir/hadoop-ozone/integration-test/target/test-dir/MiniOzoneClusterImpl-ac9d142f-b000-48ce-8db6-0047c3f5b70d/datanode-2/data/ratis] (custom)
2019-10-04 21:58:35,801 [pool-383-thread-1] INFO  server.RaftServerConfigKeys (ConfUtils.java:logGet(43)) - raft.server.log.appender.install.snapshot.enabled = false (custom)
2019-10-04 21:58:35,801 [pool-403-thread-1] INFO  server.RaftServerConfigKeys (ConfUtils.java:logGet(43)) - raft.server.log.corruption.policy = EXCEPTION (default)
2019-10-04 21:58:35,801 [pool-383-thread-1] INFO  impl.RaftServerImpl (ServerState.java:<init>(103)) - ad1a2d63-2d60-4868-a73e-6dcf7d06ccb5@group-3E4670F0C74D: ConfigurationManager, init=-1: [5fcbd5a2-5389-4956-8319-81964adfb395:192.168.30.43:36852, e2dfd3a4-2705-4c7d-a081-96e4411721bd:192.168.30.43:39979, ad1a2d63-2d60-4868-a73e-6dcf7d06ccb5:192.168.30.43:36804], old=null, confs=<EMPTY_MAP>
2019-10-04 21:58:35,801 [pool-403-thread-1] INFO  storage.RaftStorageDirectory (RaftStorageDirectory.java:analyzeStorage(246)) - The storage directory /workdir/hadoop-ozone/integration-test/target/test-dir/MiniOzoneClusterImpl-ac9d142f-b000-48ce-8db6-0047c3f5b70d/datanode-2/data/ratis/89cfbe00-5e70-4895-a99d-3e4670f0c74d does not exist. Creating ...
2019-10-04 21:58:35,801 [pool-383-thread-1] INFO  server.RaftServerConfigKeys (ConfUtils.java:logGet(43)) - raft.server.storage.dir = [/workdir/hadoop-ozone/integration-test/target/test-dir/MiniOzoneClusterImpl-ac9d142f-b000-48ce-8db6-0047c3f5b70d/datanode-0/data/ratis] (custom)
2019-10-04 21:58:35,802 [pool-383-thread-1] INFO  server.RaftServerConfigKeys (ConfUtils.java:logGet(43)) - raft.server.log.corruption.policy = EXCEPTION (default)
2019-10-04 21:58:35,802 [pool-383-thread-1] INFO  storage.RaftStorageDirectory (RaftStorageDirectory.java:analyzeStorage(246)) - The storage directory /workdir/hadoop-ozone/integration-test/target/test-dir/MiniOzoneClusterImpl-ac9d142f-b000-48ce-8db6-0047c3f5b70d/datanode-0/data/ratis/89cfbe00-5e70-4895-a99d-3e4670f0c74d does not exist. Creating ...
2019-10-04 21:58:35,806 [IPC Server handler 5 on 34912] INFO  net.NetworkTopology (NetworkTopologyImpl.java:add(111)) - Added a new node: /default-rack/830b047c-d83d-4cac-9bf3-b637015f42cb
2019-10-04 21:58:35,806 [IPC Server handler 5 on 34912] INFO  node.SCMNodeManager (SCMNodeManager.java:register(268)) - Registered Data node : 830b047c-d83d-4cac-9bf3-b637015f42cb{ip: 192.168.30.43, host: pr-hdds-2252-dqfx9-1550151176, networkLocation: /default-rack, certSerialId: null}
2019-10-04 21:58:35,813 [pool-383-thread-1] INFO  storage.RaftStorageDirectory (RaftStorageDirectory.java:tryLock(328)) - Lock on /workdir/hadoop-ozone/integration-test/target/test-dir/MiniOzoneClusterImpl-ac9d142f-b000-48ce-8db6-0047c3f5b70d/datanode-0/data/ratis/89cfbe00-5e70-4895-a99d-3e4670f0c74d/in_use.lock acquired by nodename 4850@pr-hdds-2252-dqfx9-1550151176
2019-10-04 21:58:35,813 [pool-393-thread-1] INFO  storage.RaftStorageDirectory (RaftStorageDirectory.java:tryLock(328)) - Lock on /workdir/hadoop-ozone/integration-test/target/test-dir/MiniOzoneClusterImpl-ac9d142f-b000-48ce-8db6-0047c3f5b70d/datanode-1/data/ratis/89cfbe00-5e70-4895-a99d-3e4670f0c74d/in_use.lock acquired by nodename 4850@pr-hdds-2252-dqfx9-1550151176
2019-10-04 21:58:35,813 [pool-403-thread-1] INFO  storage.RaftStorageDirectory (RaftStorageDirectory.java:tryLock(328)) - Lock on /workdir/hadoop-ozone/integration-test/target/test-dir/MiniOzoneClusterImpl-ac9d142f-b000-48ce-8db6-0047c3f5b70d/datanode-2/data/ratis/89cfbe00-5e70-4895-a99d-3e4670f0c74d/in_use.lock acquired by nodename 4850@pr-hdds-2252-dqfx9-1550151176
2019-10-04 21:58:35,827 [pool-403-thread-1] INFO  storage.RaftStorage (RaftStorage.java:format(84)) - Storage directory /workdir/hadoop-ozone/integration-test/target/test-dir/MiniOzoneClusterImpl-ac9d142f-b000-48ce-8db6-0047c3f5b70d/datanode-2/data/ratis/89cfbe00-5e70-4895-a99d-3e4670f0c74d has been successfully formatted.
2019-10-04 21:58:35,827 [pool-393-thread-1] INFO  storage.RaftStorage (RaftStorage.java:format(84)) - Storage directory /workdir/hadoop-ozone/integration-test/target/test-dir/MiniOzoneClusterImpl-ac9d142f-b000-48ce-8db6-0047c3f5b70d/datanode-1/data/ratis/89cfbe00-5e70-4895-a99d-3e4670f0c74d has been successfully formatted.
2019-10-04 21:58:35,827 [pool-403-thread-1] INFO  ratis.ContainerStateMachine (ContainerStateMachine.java:loadSnapshot(230)) - group-3E4670F0C74D: The snapshot info is null. Setting the last applied indexto:(t:0, i:~)
2019-10-04 21:58:35,827 [pool-383-thread-1] INFO  storage.RaftStorage (RaftStorage.java:format(84)) - Storage directory /workdir/hadoop-ozone/integration-test/target/test-dir/MiniOzoneClusterImpl-ac9d142f-b000-48ce-8db6-0047c3f5b70d/datanode-0/data/ratis/89cfbe00-5e70-4895-a99d-3e4670f0c74d has been successfully formatted.
2019-10-04 21:58:35,827 [pool-393-thread-1] INFO  ratis.ContainerStateMachine (ContainerStateMachine.java:loadSnapshot(230)) - group-3E4670F0C74D: The snapshot info is null. Setting the last applied indexto:(t:0, i:~)
2019-10-04 21:58:35,827 [pool-403-thread-1] INFO  server.RaftServerConfigKeys (ConfUtils.java:logGet(43)) - raft.server.notification.no-leader.timeout = 120s (custom)
2019-10-04 21:58:35,828 [pool-393-thread-1] INFO  server.RaftServerConfigKeys (ConfUtils.java:logGet(43)) - raft.server.notification.no-leader.timeout = 120s (custom)
2019-10-04 21:58:35,828 [pool-383-thread-1] INFO  ratis.ContainerStateMachine (ContainerStateMachine.java:loadSnapshot(230)) - group-3E4670F0C74D: The snapshot info is null. Setting the last applied indexto:(t:0, i:~)
2019-10-04 21:58:35,828 [pool-393-thread-1] INFO  server.RaftServerConfigKeys (ConfUtils.java:logGet(43)) - raft.server.log.use.memory = false (default)
2019-10-04 21:58:35,828 [pool-403-thread-1] INFO  server.RaftServerConfigKeys (ConfUtils.java:logGet(43)) - raft.server.log.use.memory = false (default)
2019-10-04 21:58:35,828 [pool-393-thread-1] INFO  server.RaftServerConfigKeys (ConfUtils.java:logGet(43)) - raft.server.log.purge.gap = 1000000 (custom)
2019-10-04 21:58:35,828 [pool-383-thread-1] INFO  server.RaftServerConfigKeys (ConfUtils.java:logGet(43)) - raft.server.notification.no-leader.timeout = 120s (custom)
2019-10-04 21:58:35,829 [pool-393-thread-1] INFO  server.RaftServerConfigKeys (ConfUtils.java:logGet(43)) - raft.server.log.appender.buffer.byte-limit = 33554432 (custom)
2019-10-04 21:58:35,828 [pool-403-thread-1] INFO  server.RaftServerConfigKeys (ConfUtils.java:logGet(43)) - raft.server.log.purge.gap = 1000000 (custom)
2019-10-04 21:58:35,829 [pool-393-thread-1] INFO  server.RaftServerConfigKeys (ConfUtils.java:logGet(43)) - raft.server.log.segment.size.max = 1048576 (custom)
2019-10-04 21:58:35,829 [pool-383-thread-1] INFO  server.RaftServerConfigKeys (ConfUtils.java:logGet(43)) - raft.server.log.use.memory = false (default)
2019-10-04 21:58:35,829 [pool-393-thread-1] INFO  server.RaftServerConfigKeys (ConfUtils.java:logGet(43)) - raft.server.log.segment.cache.num.max = 2 (custom)
2019-10-04 21:58:35,829 [pool-403-thread-1] INFO  server.RaftServerConfigKeys (ConfUtils.java:logGet(43)) - raft.server.log.appender.buffer.byte-limit = 33554432 (custom)
2019-10-04 21:58:35,829 [pool-393-thread-1] INFO  segmented.SegmentedRaftLogWorker (SegmentedRaftLogWorker.java:<init>(173)) - new 5fcbd5a2-5389-4956-8319-81964adfb395@group-3E4670F0C74D-SegmentedRaftLogWorker for RaftStorage:Storage Directory /workdir/hadoop-ozone/integration-test/target/test-dir/MiniOzoneClusterImpl-ac9d142f-b000-48ce-8db6-0047c3f5b70d/datanode-1/data/ratis/89cfbe00-5e70-4895-a99d-3e4670f0c74d
2019-10-04 21:58:35,829 [pool-383-thread-1] INFO  server.RaftServerConfigKeys (ConfUtils.java:logGet(43)) - raft.server.log.purge.gap = 1000000 (custom)
2019-10-04 21:58:35,830 [pool-393-thread-1] INFO  server.RaftServerConfigKeys (ConfUtils.java:logGet(43)) - raft.server.log.queue.byte-limit = 2147483647 (custom)
2019-10-04 21:58:35,829 [pool-403-thread-1] INFO  server.RaftServerConfigKeys (ConfUtils.java:logGet(43)) - raft.server.log.segment.size.max = 1048576 (custom)
2019-10-04 21:58:35,830 [pool-393-thread-1] INFO  server.RaftServerConfigKeys (ConfUtils.java:logGet(43)) - raft.server.log.queue.element-limit = 1024 (custom)
2019-10-04 21:58:35,830 [pool-383-thread-1] INFO  server.RaftServerConfigKeys (ConfUtils.java:logGet(43)) - raft.server.log.appender.buffer.byte-limit = 33554432 (custom)
2019-10-04 21:58:35,830 [pool-393-thread-1] INFO  server.RaftServerConfigKeys (ConfUtils.java:logGet(43)) - raft.server.log.segment.size.max = 1048576 (custom)
2019-10-04 21:58:35,830 [pool-393-thread-1] INFO  server.RaftServerConfigKeys (ConfUtils.java:logGet(43)) - raft.server.log.preallocated.size = 16384 (custom)
2019-10-04 21:58:35,830 [pool-403-thread-1] INFO  server.RaftServerConfigKeys (ConfUtils.java:logGet(43)) - raft.server.log.segment.cache.num.max = 2 (custom)
2019-10-04 21:58:35,830 [pool-393-thread-1] INFO  server.RaftServerConfigKeys (ConfUtils.java:logGet(43)) - raft.server.log.write.buffer.size = 33554432 (custom)
2019-10-04 21:58:35,830 [pool-383-thread-1] INFO  server.RaftServerConfigKeys (ConfUtils.java:logGet(43)) - raft.server.log.segment.size.max = 1048576 (custom)
2019-10-04 21:58:35,831 [pool-393-thread-1] INFO  server.RaftServerConfigKeys (ConfUtils.java:logGet(43)) - raft.server.log.force.sync.num = 128 (default)
2019-10-04 21:58:35,831 [pool-403-thread-1] INFO  segmented.SegmentedRaftLogWorker (SegmentedRaftLogWorker.java:<init>(173)) - new e2dfd3a4-2705-4c7d-a081-96e4411721bd@group-3E4670F0C74D-SegmentedRaftLogWorker for RaftStorage:Storage Directory /workdir/hadoop-ozone/integration-test/target/test-dir/MiniOzoneClusterImpl-ac9d142f-b000-48ce-8db6-0047c3f5b70d/datanode-2/data/ratis/89cfbe00-5e70-4895-a99d-3e4670f0c74d
2019-10-04 21:58:35,831 [pool-393-thread-1] INFO  server.RaftServerConfigKeys (ConfUtils.java:logGet(43)) - raft.server.log.statemachine.data.sync = true (default)
2019-10-04 21:58:35,831 [pool-383-thread-1] INFO  server.RaftServerConfigKeys (ConfUtils.java:logGet(43)) - raft.server.log.segment.cache.num.max = 2 (custom)
2019-10-04 21:58:35,831 [pool-393-thread-1] INFO  server.RaftServerConfigKeys (ConfUtils.java:logGet(43)) - raft.server.log.statemachine.data.sync.timeout = 10s (default)
2019-10-04 21:58:35,831 [pool-403-thread-1] INFO  server.RaftServerConfigKeys (ConfUtils.java:logGet(43)) - raft.server.log.queue.byte-limit = 2147483647 (custom)
2019-10-04 21:58:35,831 [pool-393-thread-1] INFO  server.RaftServerConfigKeys (ConfUtils.java:logGet(43)) - raft.server.log.statemachine.data.sync.timeout.retry = -1 (default)
2019-10-04 21:58:35,831 [pool-383-thread-1] INFO  segmented.SegmentedRaftLogWorker (SegmentedRaftLogWorker.java:<init>(173)) - new ad1a2d63-2d60-4868-a73e-6dcf7d06ccb5@group-3E4670F0C74D-SegmentedRaftLogWorker for RaftStorage:Storage Directory /workdir/hadoop-ozone/integration-test/target/test-dir/MiniOzoneClusterImpl-ac9d142f-b000-48ce-8db6-0047c3f5b70d/datanode-0/data/ratis/89cfbe00-5e70-4895-a99d-3e4670f0c74d
2019-10-04 21:58:35,832 [pool-403-thread-1] INFO  server.RaftServerConfigKeys (ConfUtils.java:logGet(43)) - raft.server.log.queue.element-limit = 1024 (custom)
2019-10-04 21:58:35,832 [pool-393-thread-1] INFO  server.RaftServerConfigKeys (ConfUtils.java:logGet(43)) - raft.server.log.statemachine.data.caching.enabled = true (custom)
2019-10-04 21:58:35,832 [pool-383-thread-1] INFO  server.RaftServerConfigKeys (ConfUtils.java:logGet(43)) - raft.server.log.queue.byte-limit = 2147483647 (custom)
2019-10-04 21:58:35,832 [pool-403-thread-1] INFO  server.RaftServerConfigKeys (ConfUtils.java:logGet(43)) - raft.server.log.segment.size.max = 1048576 (custom)
2019-10-04 21:58:35,832 [pool-393-thread-1] INFO  segmented.SegmentedRaftLogWorker (SegmentedRaftLogWorker.java:lambda$new$0(128)) - 5fcbd5a2-5389-4956-8319-81964adfb395@group-3E4670F0C74D-SegmentedRaftLogWorker: flushIndex: setUnconditionally 0 -> -1
2019-10-04 21:58:35,832 [pool-383-thread-1] INFO  server.RaftServerConfigKeys (ConfUtils.java:logGet(43)) - raft.server.log.queue.element-limit = 1024 (custom)
2019-10-04 21:58:35,832 [pool-403-thread-1] INFO  server.RaftServerConfigKeys (ConfUtils.java:logGet(43)) - raft.server.log.preallocated.size = 16384 (custom)
2019-10-04 21:58:35,832 [pool-383-thread-1] INFO  server.RaftServerConfigKeys (ConfUtils.java:logGet(43)) - raft.server.log.segment.size.max = 1048576 (custom)
2019-10-04 21:58:35,833 [pool-403-thread-1] INFO  server.RaftServerConfigKeys (ConfUtils.java:logGet(43)) - raft.server.log.write.buffer.size = 33554432 (custom)
2019-10-04 21:58:35,833 [pool-393-thread-1] INFO  server.RaftServerConfigKeys (ConfUtils.java:logGet(43)) - raft.server.snapshot.auto.trigger.enabled = true (custom)
2019-10-04 21:58:35,833 [pool-383-thread-1] INFO  server.RaftServerConfigKeys (ConfUtils.java:logGet(43)) - raft.server.log.preallocated.size = 16384 (custom)
2019-10-04 21:58:35,833 [pool-393-thread-1] INFO  server.RaftServerConfigKeys (ConfUtils.java:logGet(43)) - raft.server.snapshot.auto.trigger.threshold = 10000 (custom)
2019-10-04 21:58:35,833 [pool-403-thread-1] INFO  server.RaftServerConfigKeys (ConfUtils.java:logGet(43)) - raft.server.log.force.sync.num = 128 (default)
2019-10-04 21:58:35,833 [pool-393-thread-1] INFO  server.RaftServerConfigKeys (ConfUtils.java:logGet(43)) - raft.server.snapshot.retention.file.num = 5 (custom)
2019-10-04 21:58:35,833 [pool-383-thread-1] INFO  server.RaftServerConfigKeys (ConfUtils.java:logGet(43)) - raft.server.log.write.buffer.size = 33554432 (custom)
2019-10-04 21:58:35,833 [pool-393-thread-1] INFO  server.RaftServerConfigKeys (ConfUtils.java:logGet(43)) - raft.server.retrycache.expirytime = 600000ms (custom)
2019-10-04 21:58:35,833 [pool-403-thread-1] INFO  server.RaftServerConfigKeys (ConfUtils.java:logGet(43)) - raft.server.log.statemachine.data.sync = true (default)
2019-10-04 21:58:35,833 [pool-383-thread-1] INFO  server.RaftServerConfigKeys (ConfUtils.java:logGet(43)) - raft.server.log.force.sync.num = 128 (default)
2019-10-04 21:58:35,834 [pool-403-thread-1] INFO  server.RaftServerConfigKeys (ConfUtils.java:logGet(43)) - raft.server.log.statemachine.data.sync.timeout = 10s (default)
2019-10-04 21:58:35,834 [pool-383-thread-1] INFO  server.RaftServerConfigKeys (ConfUtils.java:logGet(43)) - raft.server.log.statemachine.data.sync = true (default)
2019-10-04 21:58:35,834 [pool-403-thread-1] INFO  server.RaftServerConfigKeys (ConfUtils.java:logGet(43)) - raft.server.log.statemachine.data.sync.timeout.retry = -1 (default)
2019-10-04 21:58:35,834 [pool-383-thread-1] INFO  server.RaftServerConfigKeys (ConfUtils.java:logGet(43)) - raft.server.log.statemachine.data.sync.timeout = 10s (default)
2019-10-04 21:58:35,834 [pool-403-thread-1] INFO  server.RaftServerConfigKeys (ConfUtils.java:logGet(43)) - raft.server.log.statemachine.data.caching.enabled = true (custom)
2019-10-04 21:58:35,834 [pool-383-thread-1] INFO  server.RaftServerConfigKeys (ConfUtils.java:logGet(43)) - raft.server.log.statemachine.data.sync.timeout.retry = -1 (default)
2019-10-04 21:58:35,834 [pool-403-thread-1] INFO  segmented.SegmentedRaftLogWorker (SegmentedRaftLogWorker.java:lambda$new$0(128)) - e2dfd3a4-2705-4c7d-a081-96e4411721bd@group-3E4670F0C74D-SegmentedRaftLogWorker: flushIndex: setUnconditionally 0 -> -1
2019-10-04 21:58:35,834 [pool-383-thread-1] INFO  server.RaftServerConfigKeys (ConfUtils.java:logGet(43)) - raft.server.log.statemachine.data.caching.enabled = true (custom)
2019-10-04 21:58:35,835 [pool-403-thread-1] INFO  server.RaftServerConfigKeys (ConfUtils.java:logGet(43)) - raft.server.snapshot.auto.trigger.enabled = true (custom)
2019-10-04 21:58:35,835 [pool-383-thread-1] INFO  segmented.SegmentedRaftLogWorker (SegmentedRaftLogWorker.java:lambda$new$0(128)) - ad1a2d63-2d60-4868-a73e-6dcf7d06ccb5@group-3E4670F0C74D-SegmentedRaftLogWorker: flushIndex: setUnconditionally 0 -> -1
2019-10-04 21:58:35,835 [pool-403-thread-1] INFO  server.RaftServerConfigKeys (ConfUtils.java:logGet(43)) - raft.server.snapshot.auto.trigger.threshold = 10000 (custom)
2019-10-04 21:58:35,835 [pool-403-thread-1] INFO  server.RaftServerConfigKeys (ConfUtils.java:logGet(43)) - raft.server.snapshot.retention.file.num = 5 (custom)
2019-10-04 21:58:35,835 [pool-403-thread-1] INFO  server.RaftServerConfigKeys (ConfUtils.java:logGet(43)) - raft.server.retrycache.expirytime = 600000ms (custom)
2019-10-04 21:58:35,835 [pool-383-thread-1] INFO  server.RaftServerConfigKeys (ConfUtils.java:logGet(43)) - raft.server.snapshot.auto.trigger.enabled = true (custom)
2019-10-04 21:58:35,835 [pool-383-thread-1] INFO  server.RaftServerConfigKeys (ConfUtils.java:logGet(43)) - raft.server.snapshot.auto.trigger.threshold = 10000 (custom)
2019-10-04 21:58:35,835 [pool-383-thread-1] INFO  server.RaftServerConfigKeys (ConfUtils.java:logGet(43)) - raft.server.snapshot.retention.file.num = 5 (custom)
2019-10-04 21:58:35,835 [pool-383-thread-1] INFO  server.RaftServerConfigKeys (ConfUtils.java:logGet(43)) - raft.server.retrycache.expirytime = 600000ms (custom)
2019-10-04 21:58:35,836 [pool-393-thread-1] INFO  impl.RaftServerImpl (RaftServerImpl.java:start(181)) - 5fcbd5a2-5389-4956-8319-81964adfb395@group-3E4670F0C74D: start as a follower, conf=-1: [5fcbd5a2-5389-4956-8319-81964adfb395:192.168.30.43:36852, e2dfd3a4-2705-4c7d-a081-96e4411721bd:192.168.30.43:39979, ad1a2d63-2d60-4868-a73e-6dcf7d06ccb5:192.168.30.43:36804], old=null
2019-10-04 21:58:35,836 [pool-393-thread-1] INFO  impl.RaftServerImpl (RaftServerImpl.java:setRole(170)) - 5fcbd5a2-5389-4956-8319-81964adfb395@group-3E4670F0C74D: changes role from      null to FOLLOWER at term 0 for startAsFollower
2019-10-04 21:58:35,836 [pool-393-thread-1] INFO  impl.RoleInfo (RoleInfo.java:updateAndGet(143)) - 5fcbd5a2-5389-4956-8319-81964adfb395: start FollowerState
2019-10-04 21:58:35,837 [pool-393-thread-1] INFO  util.JmxRegister (JmxRegister.java:tryRegister(44)) - Successfully registered JMX Bean with object name Ratis:service=RaftServer,group=group-3E4670F0C74D,id=5fcbd5a2-5389-4956-8319-81964adfb395
2019-10-04 21:58:35,837 [pool-403-thread-1] INFO  impl.RaftServerImpl (RaftServerImpl.java:start(181)) - e2dfd3a4-2705-4c7d-a081-96e4411721bd@group-3E4670F0C74D: start as a follower, conf=-1: [5fcbd5a2-5389-4956-8319-81964adfb395:192.168.30.43:36852, e2dfd3a4-2705-4c7d-a081-96e4411721bd:192.168.30.43:39979, ad1a2d63-2d60-4868-a73e-6dcf7d06ccb5:192.168.30.43:36804], old=null
2019-10-04 21:58:35,837 [pool-403-thread-1] INFO  impl.RaftServerImpl (RaftServerImpl.java:setRole(170)) - e2dfd3a4-2705-4c7d-a081-96e4411721bd@group-3E4670F0C74D: changes role from      null to FOLLOWER at term 0 for startAsFollower
2019-10-04 21:58:35,837 [pool-403-thread-1] INFO  impl.RoleInfo (RoleInfo.java:updateAndGet(143)) - e2dfd3a4-2705-4c7d-a081-96e4411721bd: start FollowerState
2019-10-04 21:58:35,838 [pool-383-thread-1] INFO  impl.RaftServerImpl (RaftServerImpl.java:start(181)) - ad1a2d63-2d60-4868-a73e-6dcf7d06ccb5@group-3E4670F0C74D: start as a follower, conf=-1: [5fcbd5a2-5389-4956-8319-81964adfb395:192.168.30.43:36852, e2dfd3a4-2705-4c7d-a081-96e4411721bd:192.168.30.43:39979, ad1a2d63-2d60-4868-a73e-6dcf7d06ccb5:192.168.30.43:36804], old=null
2019-10-04 21:58:35,838 [pool-383-thread-1] INFO  impl.RaftServerImpl (RaftServerImpl.java:setRole(170)) - ad1a2d63-2d60-4868-a73e-6dcf7d06ccb5@group-3E4670F0C74D: changes role from      null to FOLLOWER at term 0 for startAsFollower
2019-10-04 21:58:35,838 [pool-403-thread-1] INFO  util.JmxRegister (JmxRegister.java:tryRegister(44)) - Successfully registered JMX Bean with object name Ratis:service=RaftServer,group=group-3E4670F0C74D,id=e2dfd3a4-2705-4c7d-a081-96e4411721bd
2019-10-04 21:58:35,838 [pool-383-thread-1] INFO  impl.RoleInfo (RoleInfo.java:updateAndGet(143)) - ad1a2d63-2d60-4868-a73e-6dcf7d06ccb5: start FollowerState
2019-10-04 21:58:35,838 [pool-383-thread-1] INFO  util.JmxRegister (JmxRegister.java:tryRegister(44)) - Successfully registered JMX Bean with object name Ratis:service=RaftServer,group=group-3E4670F0C74D,id=ad1a2d63-2d60-4868-a73e-6dcf7d06ccb5
2019-10-04 21:58:35,844 [RatisPipelineUtilsThread] INFO  pipeline.PipelineStateManager (PipelineStateManager.java:addPipeline(56)) - Created pipeline Pipeline[ Id: 89cfbe00-5e70-4895-a99d-3e4670f0c74d, Nodes: ad1a2d63-2d60-4868-a73e-6dcf7d06ccb5{ip: 192.168.30.43, host: pr-hdds-2252-dqfx9-1550151176, networkLocation: /default-rack, certSerialId: null}5fcbd5a2-5389-4956-8319-81964adfb395{ip: 192.168.30.43, host: pr-hdds-2252-dqfx9-1550151176, networkLocation: /default-rack, certSerialId: null}e2dfd3a4-2705-4c7d-a081-96e4411721bd{ip: 192.168.30.43, host: pr-hdds-2252-dqfx9-1550151176, networkLocation: /default-rack, certSerialId: null}, Type:RATIS, Factor:THREE, State:OPEN]
2019-10-04 21:58:35,876 [IPC Server handler 1 on 34912] INFO  net.NetworkTopology (NetworkTopologyImpl.java:add(111)) - Added a new node: /default-rack/5e6f749b-20dc-4c27-b2cb-9fbd1e2e10b9
2019-10-04 21:58:35,877 [IPC Server handler 1 on 34912] INFO  node.SCMNodeManager (SCMNodeManager.java:register(268)) - Registered Data node : 5e6f749b-20dc-4c27-b2cb-9fbd1e2e10b9{ip: 192.168.30.43, host: pr-hdds-2252-dqfx9-1550151176, networkLocation: /default-rack, certSerialId: null}
2019-10-04 21:58:35,884 [grpc-default-executor-3] INFO  impl.RaftServerProxy (RaftServerProxy.java:addNew(89)) - 830b047c-d83d-4cac-9bf3-b637015f42cb: addNew group-DFD869609F34:[830b047c-d83d-4cac-9bf3-b637015f42cb:192.168.30.43:34251] returns group-DFD869609F34:java.util.concurrent.CompletableFuture@1a5f29c2[Not completed]
2019-10-04 21:58:35,886 [pool-413-thread-1] INFO  impl.RaftServerImpl (RaftServerImpl.java:<init>(95)) - 830b047c-d83d-4cac-9bf3-b637015f42cb: new RaftServerImpl for group-DFD869609F34:[830b047c-d83d-4cac-9bf3-b637015f42cb:192.168.30.43:34251] with ContainerStateMachine:uninitialized
2019-10-04 21:58:35,886 [pool-413-thread-1] INFO  server.RaftServerConfigKeys (ConfUtils.java:logGet(43)) - raft.server.rpc.timeout.min = 5s (custom)
2019-10-04 21:58:35,887 [pool-413-thread-1] INFO  server.RaftServerConfigKeys (ConfUtils.java:logGet(43)) - raft.server.rpc.timeout.max = 5200ms (custom)
2019-10-04 21:58:35,887 [pool-413-thread-1] INFO  server.RaftServerConfigKeys (ConfUtils.java:logGet(43)) - raft.server.rpcslowness.timeout = 120s (custom)
2019-10-04 21:58:35,887 [pool-413-thread-1] INFO  server.RaftServerConfigKeys (ConfUtils.java:logGet(43)) - raft.server.sleep.deviation.threshold = 300 (default)
2019-10-04 21:58:35,887 [pool-413-thread-1] INFO  server.RaftServerConfigKeys (ConfUtils.java:logGet(43)) - raft.server.log.appender.install.snapshot.enabled = false (custom)
2019-10-04 21:58:35,887 [pool-413-thread-1] INFO  impl.RaftServerImpl (ServerState.java:<init>(103)) - 830b047c-d83d-4cac-9bf3-b637015f42cb@group-DFD869609F34: ConfigurationManager, init=-1: [830b047c-d83d-4cac-9bf3-b637015f42cb:192.168.30.43:34251], old=null, confs=<EMPTY_MAP>
2019-10-04 21:58:35,887 [pool-413-thread-1] INFO  server.RaftServerConfigKeys (ConfUtils.java:logGet(43)) - raft.server.storage.dir = [/workdir/hadoop-ozone/integration-test/target/test-dir/MiniOzoneClusterImpl-ac9d142f-b000-48ce-8db6-0047c3f5b70d/datanode-3/data/ratis] (custom)
2019-10-04 21:58:35,887 [pool-413-thread-1] INFO  server.RaftServerConfigKeys (ConfUtils.java:logGet(43)) - raft.server.log.corruption.policy = EXCEPTION (default)
2019-10-04 21:58:35,888 [pool-413-thread-1] INFO  storage.RaftStorageDirectory (RaftStorageDirectory.java:analyzeStorage(246)) - The storage directory /workdir/hadoop-ozone/integration-test/target/test-dir/MiniOzoneClusterImpl-ac9d142f-b000-48ce-8db6-0047c3f5b70d/datanode-3/data/ratis/53ed6498-8cdb-4027-956c-dfd869609f34 does not exist. Creating ...
2019-10-04 21:58:35,901 [pool-413-thread-1] INFO  storage.RaftStorageDirectory (RaftStorageDirectory.java:tryLock(328)) - Lock on /workdir/hadoop-ozone/integration-test/target/test-dir/MiniOzoneClusterImpl-ac9d142f-b000-48ce-8db6-0047c3f5b70d/datanode-3/data/ratis/53ed6498-8cdb-4027-956c-dfd869609f34/in_use.lock acquired by nodename 4850@pr-hdds-2252-dqfx9-1550151176
2019-10-04 21:58:35,913 [pool-413-thread-1] INFO  storage.RaftStorage (RaftStorage.java:format(84)) - Storage directory /workdir/hadoop-ozone/integration-test/target/test-dir/MiniOzoneClusterImpl-ac9d142f-b000-48ce-8db6-0047c3f5b70d/datanode-3/data/ratis/53ed6498-8cdb-4027-956c-dfd869609f34 has been successfully formatted.
2019-10-04 21:58:35,914 [pool-413-thread-1] INFO  ratis.ContainerStateMachine (ContainerStateMachine.java:loadSnapshot(230)) - group-DFD869609F34: The snapshot info is null. Setting the last applied indexto:(t:0, i:~)
2019-10-04 21:58:35,914 [pool-413-thread-1] INFO  server.RaftServerConfigKeys (ConfUtils.java:logGet(43)) - raft.server.notification.no-leader.timeout = 120s (custom)
2019-10-04 21:58:35,914 [pool-413-thread-1] INFO  server.RaftServerConfigKeys (ConfUtils.java:logGet(43)) - raft.server.log.use.memory = false (default)
2019-10-04 21:58:35,914 [pool-413-thread-1] INFO  server.RaftServerConfigKeys (ConfUtils.java:logGet(43)) - raft.server.log.purge.gap = 1000000 (custom)
2019-10-04 21:58:35,914 [pool-413-thread-1] INFO  server.RaftServerConfigKeys (ConfUtils.java:logGet(43)) - raft.server.log.appender.buffer.byte-limit = 33554432 (custom)
2019-10-04 21:58:35,914 [pool-413-thread-1] INFO  server.RaftServerConfigKeys (ConfUtils.java:logGet(43)) - raft.server.log.segment.size.max = 1048576 (custom)
2019-10-04 21:58:35,915 [pool-413-thread-1] INFO  server.RaftServerConfigKeys (ConfUtils.java:logGet(43)) - raft.server.log.segment.cache.num.max = 2 (custom)
2019-10-04 21:58:35,915 [pool-413-thread-1] INFO  segmented.SegmentedRaftLogWorker (SegmentedRaftLogWorker.java:<init>(173)) - new 830b047c-d83d-4cac-9bf3-b637015f42cb@group-DFD869609F34-SegmentedRaftLogWorker for RaftStorage:Storage Directory /workdir/hadoop-ozone/integration-test/target/test-dir/MiniOzoneClusterImpl-ac9d142f-b000-48ce-8db6-0047c3f5b70d/datanode-3/data/ratis/53ed6498-8cdb-4027-956c-dfd869609f34
2019-10-04 21:58:35,916 [pool-413-thread-1] INFO  server.RaftServerConfigKeys (ConfUtils.java:logGet(43)) - raft.server.log.queue.byte-limit = 2147483647 (custom)
2019-10-04 21:58:35,916 [pool-413-thread-1] INFO  server.RaftServerConfigKeys (ConfUtils.java:logGet(43)) - raft.server.log.queue.element-limit = 1024 (custom)
2019-10-04 21:58:35,916 [pool-413-thread-1] INFO  server.RaftServerConfigKeys (ConfUtils.java:logGet(43)) - raft.server.log.segment.size.max = 1048576 (custom)
2019-10-04 21:58:35,916 [pool-413-thread-1] INFO  server.RaftServerConfigKeys (ConfUtils.java:logGet(43)) - raft.server.log.preallocated.size = 16384 (custom)
2019-10-04 21:58:35,916 [pool-413-thread-1] INFO  server.RaftServerConfigKeys (ConfUtils.java:logGet(43)) - raft.server.log.write.buffer.size = 33554432 (custom)
2019-10-04 21:58:35,916 [pool-413-thread-1] INFO  server.RaftServerConfigKeys (ConfUtils.java:logGet(43)) - raft.server.log.force.sync.num = 128 (default)
2019-10-04 21:58:35,916 [pool-413-thread-1] INFO  server.RaftServerConfigKeys (ConfUtils.java:logGet(43)) - raft.server.log.statemachine.data.sync = true (default)
2019-10-04 21:58:35,916 [pool-413-thread-1] INFO  server.RaftServerConfigKeys (ConfUtils.java:logGet(43)) - raft.server.log.statemachine.data.sync.timeout = 10s (default)
2019-10-04 21:58:35,916 [pool-413-thread-1] INFO  server.RaftServerConfigKeys (ConfUtils.java:logGet(43)) - raft.server.log.statemachine.data.sync.timeout.retry = -1 (default)
2019-10-04 21:58:35,917 [pool-413-thread-1] INFO  server.RaftServerConfigKeys (ConfUtils.java:logGet(43)) - raft.server.log.statemachine.data.caching.enabled = true (custom)
2019-10-04 21:58:35,917 [pool-413-thread-1] INFO  segmented.SegmentedRaftLogWorker (SegmentedRaftLogWorker.java:lambda$new$0(128)) - 830b047c-d83d-4cac-9bf3-b637015f42cb@group-DFD869609F34-SegmentedRaftLogWorker: flushIndex: setUnconditionally 0 -> -1
2019-10-04 21:58:35,917 [pool-413-thread-1] INFO  server.RaftServerConfigKeys (ConfUtils.java:logGet(43)) - raft.server.snapshot.auto.trigger.enabled = true (custom)
2019-10-04 21:58:35,917 [pool-413-thread-1] INFO  server.RaftServerConfigKeys (ConfUtils.java:logGet(43)) - raft.server.snapshot.auto.trigger.threshold = 10000 (custom)
2019-10-04 21:58:35,917 [pool-413-thread-1] INFO  server.RaftServerConfigKeys (ConfUtils.java:logGet(43)) - raft.server.snapshot.retention.file.num = 5 (custom)
2019-10-04 21:58:35,917 [pool-413-thread-1] INFO  server.RaftServerConfigKeys (ConfUtils.java:logGet(43)) - raft.server.retrycache.expirytime = 600000ms (custom)
2019-10-04 21:58:35,919 [pool-413-thread-1] INFO  impl.RaftServerImpl (RaftServerImpl.java:start(181)) - 830b047c-d83d-4cac-9bf3-b637015f42cb@group-DFD869609F34: start as a follower, conf=-1: [830b047c-d83d-4cac-9bf3-b637015f42cb:192.168.30.43:34251], old=null
2019-10-04 21:58:35,919 [pool-413-thread-1] INFO  impl.RaftServerImpl (RaftServerImpl.java:setRole(170)) - 830b047c-d83d-4cac-9bf3-b637015f42cb@group-DFD869609F34: changes role from      null to FOLLOWER at term 0 for startAsFollower
2019-10-04 21:58:35,919 [pool-413-thread-1] INFO  impl.RoleInfo (RoleInfo.java:updateAndGet(143)) - 830b047c-d83d-4cac-9bf3-b637015f42cb: start FollowerState
2019-10-04 21:58:35,919 [pool-413-thread-1] INFO  util.JmxRegister (JmxRegister.java:tryRegister(44)) - Successfully registered JMX Bean with object name Ratis:service=RaftServer,group=group-DFD869609F34,id=830b047c-d83d-4cac-9bf3-b637015f42cb
2019-10-04 21:58:35,923 [RatisPipelineUtilsThread] INFO  pipeline.PipelineStateManager (PipelineStateManager.java:addPipeline(56)) - Created pipeline Pipeline[ Id: 53ed6498-8cdb-4027-956c-dfd869609f34, Nodes: 830b047c-d83d-4cac-9bf3-b637015f42cb{ip: 192.168.30.43, host: pr-hdds-2252-dqfx9-1550151176, networkLocation: /default-rack, certSerialId: null}, Type:RATIS, Factor:ONE, State:OPEN]
2019-10-04 21:58:35,930 [grpc-default-executor-3] INFO  impl.RaftServerProxy (RaftServerProxy.java:addNew(89)) - 5e6f749b-20dc-4c27-b2cb-9fbd1e2e10b9: addNew group-6A47F6FF6BC6:[5e6f749b-20dc-4c27-b2cb-9fbd1e2e10b9:192.168.30.43:35294] returns group-6A47F6FF6BC6:java.util.concurrent.CompletableFuture@d8f150a[Not completed]
2019-10-04 21:58:35,931 [pool-423-thread-1] INFO  impl.RaftServerImpl (RaftServerImpl.java:<init>(95)) - 5e6f749b-20dc-4c27-b2cb-9fbd1e2e10b9: new RaftServerImpl for group-6A47F6FF6BC6:[5e6f749b-20dc-4c27-b2cb-9fbd1e2e10b9:192.168.30.43:35294] with ContainerStateMachine:uninitialized
2019-10-04 21:58:35,931 [pool-423-thread-1] INFO  server.RaftServerConfigKeys (ConfUtils.java:logGet(43)) - raft.server.rpc.timeout.min = 5s (custom)
2019-10-04 21:58:35,931 [pool-423-thread-1] INFO  server.RaftServerConfigKeys (ConfUtils.java:logGet(43)) - raft.server.rpc.timeout.max = 5200ms (custom)
2019-10-04 21:58:35,932 [pool-423-thread-1] INFO  server.RaftServerConfigKeys (ConfUtils.java:logGet(43)) - raft.server.rpcslowness.timeout = 120s (custom)
2019-10-04 21:58:35,932 [pool-423-thread-1] INFO  server.RaftServerConfigKeys (ConfUtils.java:logGet(43)) - raft.server.sleep.deviation.threshold = 300 (default)
2019-10-04 21:58:35,932 [pool-423-thread-1] INFO  server.RaftServerConfigKeys (ConfUtils.java:logGet(43)) - raft.server.log.appender.install.snapshot.enabled = false (custom)
2019-10-04 21:58:35,932 [pool-423-thread-1] INFO  impl.RaftServerImpl (ServerState.java:<init>(103)) - 5e6f749b-20dc-4c27-b2cb-9fbd1e2e10b9@group-6A47F6FF6BC6: ConfigurationManager, init=-1: [5e6f749b-20dc-4c27-b2cb-9fbd1e2e10b9:192.168.30.43:35294], old=null, confs=<EMPTY_MAP>
2019-10-04 21:58:35,932 [pool-423-thread-1] INFO  server.RaftServerConfigKeys (ConfUtils.java:logGet(43)) - raft.server.storage.dir = [/workdir/hadoop-ozone/integration-test/target/test-dir/MiniOzoneClusterImpl-ac9d142f-b000-48ce-8db6-0047c3f5b70d/datanode-4/data/ratis] (custom)
2019-10-04 21:58:35,932 [pool-423-thread-1] INFO  server.RaftServerConfigKeys (ConfUtils.java:logGet(43)) - raft.server.log.corruption.policy = EXCEPTION (default)
2019-10-04 21:58:35,932 [pool-423-thread-1] INFO  storage.RaftStorageDirectory (RaftStorageDirectory.java:analyzeStorage(246)) - The storage directory /workdir/hadoop-ozone/integration-test/target/test-dir/MiniOzoneClusterImpl-ac9d142f-b000-48ce-8db6-0047c3f5b70d/datanode-4/data/ratis/b28bddea-66ee-4704-aaf9-6a47f6ff6bc6 does not exist. Creating ...
2019-10-04 21:58:35,937 [pool-423-thread-1] INFO  storage.RaftStorageDirectory (RaftStorageDirectory.java:tryLock(328)) - Lock on /workdir/hadoop-ozone/integration-test/target/test-dir/MiniOzoneClusterImpl-ac9d142f-b000-48ce-8db6-0047c3f5b70d/datanode-4/data/ratis/b28bddea-66ee-4704-aaf9-6a47f6ff6bc6/in_use.lock acquired by nodename 4850@pr-hdds-2252-dqfx9-1550151176
2019-10-04 21:58:35,943 [IPC Server handler 7 on 34912] INFO  net.NetworkTopology (NetworkTopologyImpl.java:add(111)) - Added a new node: /default-rack/f256f2de-b8b7-4d16-b3a1-c2d66db0fe2c
2019-10-04 21:58:35,943 [IPC Server handler 7 on 34912] INFO  node.SCMNodeManager (SCMNodeManager.java:register(268)) - Registered Data node : f256f2de-b8b7-4d16-b3a1-c2d66db0fe2c{ip: 192.168.30.43, host: pr-hdds-2252-dqfx9-1550151176, networkLocation: /default-rack, certSerialId: null}
2019-10-04 21:58:35,949 [pool-423-thread-1] INFO  storage.RaftStorage (RaftStorage.java:format(84)) - Storage directory /workdir/hadoop-ozone/integration-test/target/test-dir/MiniOzoneClusterImpl-ac9d142f-b000-48ce-8db6-0047c3f5b70d/datanode-4/data/ratis/b28bddea-66ee-4704-aaf9-6a47f6ff6bc6 has been successfully formatted.
2019-10-04 21:58:35,950 [pool-423-thread-1] INFO  ratis.ContainerStateMachine (ContainerStateMachine.java:loadSnapshot(230)) - group-6A47F6FF6BC6: The snapshot info is null. Setting the last applied indexto:(t:0, i:~)
2019-10-04 21:58:35,950 [pool-423-thread-1] INFO  server.RaftServerConfigKeys (ConfUtils.java:logGet(43)) - raft.server.notification.no-leader.timeout = 120s (custom)
2019-10-04 21:58:35,950 [pool-423-thread-1] INFO  server.RaftServerConfigKeys (ConfUtils.java:logGet(43)) - raft.server.log.use.memory = false (default)
2019-10-04 21:58:35,950 [pool-423-thread-1] INFO  server.RaftServerConfigKeys (ConfUtils.java:logGet(43)) - raft.server.log.purge.gap = 1000000 (custom)
2019-10-04 21:58:35,950 [pool-423-thread-1] INFO  server.RaftServerConfigKeys (ConfUtils.java:logGet(43)) - raft.server.log.appender.buffer.byte-limit = 33554432 (custom)
2019-10-04 21:58:35,950 [pool-423-thread-1] INFO  server.RaftServerConfigKeys (ConfUtils.java:logGet(43)) - raft.server.log.segment.size.max = 1048576 (custom)
2019-10-04 21:58:35,951 [pool-423-thread-1] INFO  server.RaftServerConfigKeys (ConfUtils.java:logGet(43)) - raft.server.log.segment.cache.num.max = 2 (custom)
2019-10-04 21:58:35,951 [pool-423-thread-1] INFO  segmented.SegmentedRaftLogWorker (SegmentedRaftLogWorker.java:<init>(173)) - new 5e6f749b-20dc-4c27-b2cb-9fbd1e2e10b9@group-6A47F6FF6BC6-SegmentedRaftLogWorker for RaftStorage:Storage Directory /workdir/hadoop-ozone/integration-test/target/test-dir/MiniOzoneClusterImpl-ac9d142f-b000-48ce-8db6-0047c3f5b70d/datanode-4/data/ratis/b28bddea-66ee-4704-aaf9-6a47f6ff6bc6
2019-10-04 21:58:35,951 [pool-423-thread-1] INFO  server.RaftServerConfigKeys (ConfUtils.java:logGet(43)) - raft.server.log.queue.byte-limit = 2147483647 (custom)
2019-10-04 21:58:35,951 [pool-423-thread-1] INFO  server.RaftServerConfigKeys (ConfUtils.java:logGet(43)) - raft.server.log.queue.element-limit = 1024 (custom)
2019-10-04 21:58:35,951 [pool-423-thread-1] INFO  server.RaftServerConfigKeys (ConfUtils.java:logGet(43)) - raft.server.log.segment.size.max = 1048576 (custom)
2019-10-04 21:58:35,951 [pool-423-thread-1] INFO  server.RaftServerConfigKeys (ConfUtils.java:logGet(43)) - raft.server.log.preallocated.size = 16384 (custom)
2019-10-04 21:58:35,951 [pool-423-thread-1] INFO  server.RaftServerConfigKeys (ConfUtils.java:logGet(43)) - raft.server.log.write.buffer.size = 33554432 (custom)
2019-10-04 21:58:35,952 [pool-423-thread-1] INFO  server.RaftServerConfigKeys (ConfUtils.java:logGet(43)) - raft.server.log.force.sync.num = 128 (default)
2019-10-04 21:58:35,952 [pool-423-thread-1] INFO  server.RaftServerConfigKeys (ConfUtils.java:logGet(43)) - raft.server.log.statemachine.data.sync = true (default)
2019-10-04 21:58:35,952 [pool-423-thread-1] INFO  server.RaftServerConfigKeys (ConfUtils.java:logGet(43)) - raft.server.log.statemachine.data.sync.timeout = 10s (default)
2019-10-04 21:58:35,952 [pool-423-thread-1] INFO  server.RaftServerConfigKeys (ConfUtils.java:logGet(43)) - raft.server.log.statemachine.data.sync.timeout.retry = -1 (default)
2019-10-04 21:58:35,952 [pool-423-thread-1] INFO  server.RaftServerConfigKeys (ConfUtils.java:logGet(43)) - raft.server.log.statemachine.data.caching.enabled = true (custom)
2019-10-04 21:58:35,952 [pool-423-thread-1] INFO  segmented.SegmentedRaftLogWorker (SegmentedRaftLogWorker.java:lambda$new$0(128)) - 5e6f749b-20dc-4c27-b2cb-9fbd1e2e10b9@group-6A47F6FF6BC6-SegmentedRaftLogWorker: flushIndex: setUnconditionally 0 -> -1
2019-10-04 21:58:35,953 [pool-423-thread-1] INFO  server.RaftServerConfigKeys (ConfUtils.java:logGet(43)) - raft.server.snapshot.auto.trigger.enabled = true (custom)
2019-10-04 21:58:35,953 [pool-423-thread-1] INFO  server.RaftServerConfigKeys (ConfUtils.java:logGet(43)) - raft.server.snapshot.auto.trigger.threshold = 10000 (custom)
2019-10-04 21:58:35,953 [pool-423-thread-1] INFO  server.RaftServerConfigKeys (ConfUtils.java:logGet(43)) - raft.server.snapshot.retention.file.num = 5 (custom)
2019-10-04 21:58:35,953 [pool-423-thread-1] INFO  server.RaftServerConfigKeys (ConfUtils.java:logGet(43)) - raft.server.retrycache.expirytime = 600000ms (custom)
2019-10-04 21:58:35,955 [pool-423-thread-1] INFO  impl.RaftServerImpl (RaftServerImpl.java:start(181)) - 5e6f749b-20dc-4c27-b2cb-9fbd1e2e10b9@group-6A47F6FF6BC6: start as a follower, conf=-1: [5e6f749b-20dc-4c27-b2cb-9fbd1e2e10b9:192.168.30.43:35294], old=null
2019-10-04 21:58:35,955 [pool-423-thread-1] INFO  impl.RaftServerImpl (RaftServerImpl.java:setRole(170)) - 5e6f749b-20dc-4c27-b2cb-9fbd1e2e10b9@group-6A47F6FF6BC6: changes role from      null to FOLLOWER at term 0 for startAsFollower
2019-10-04 21:58:35,955 [pool-423-thread-1] INFO  impl.RoleInfo (RoleInfo.java:updateAndGet(143)) - 5e6f749b-20dc-4c27-b2cb-9fbd1e2e10b9: start FollowerState
2019-10-04 21:58:35,956 [pool-423-thread-1] INFO  util.JmxRegister (JmxRegister.java:tryRegister(44)) - Successfully registered JMX Bean with object name Ratis:service=RaftServer,group=group-6A47F6FF6BC6,id=5e6f749b-20dc-4c27-b2cb-9fbd1e2e10b9
2019-10-04 21:58:35,960 [RatisPipelineUtilsThread] INFO  pipeline.PipelineStateManager (PipelineStateManager.java:addPipeline(56)) - Created pipeline Pipeline[ Id: b28bddea-66ee-4704-aaf9-6a47f6ff6bc6, Nodes: 5e6f749b-20dc-4c27-b2cb-9fbd1e2e10b9{ip: 192.168.30.43, host: pr-hdds-2252-dqfx9-1550151176, networkLocation: /default-rack, certSerialId: null}, Type:RATIS, Factor:ONE, State:OPEN]
2019-10-04 21:58:35,966 [grpc-default-executor-3] INFO  impl.RaftServerProxy (RaftServerProxy.java:addNew(89)) - f256f2de-b8b7-4d16-b3a1-c2d66db0fe2c: addNew group-1A738674AE3C:[f256f2de-b8b7-4d16-b3a1-c2d66db0fe2c:192.168.30.43:38194] returns group-1A738674AE3C:java.util.concurrent.CompletableFuture@7589dffa[Not completed]
2019-10-04 21:58:35,968 [pool-433-thread-1] INFO  impl.RaftServerImpl (RaftServerImpl.java:<init>(95)) - f256f2de-b8b7-4d16-b3a1-c2d66db0fe2c: new RaftServerImpl for group-1A738674AE3C:[f256f2de-b8b7-4d16-b3a1-c2d66db0fe2c:192.168.30.43:38194] with ContainerStateMachine:uninitialized
2019-10-04 21:58:35,968 [pool-433-thread-1] INFO  server.RaftServerConfigKeys (ConfUtils.java:logGet(43)) - raft.server.rpc.timeout.min = 5s (custom)
2019-10-04 21:58:35,968 [pool-433-thread-1] INFO  server.RaftServerConfigKeys (ConfUtils.java:logGet(43)) - raft.server.rpc.timeout.max = 5200ms (custom)
2019-10-04 21:58:35,968 [pool-433-thread-1] INFO  server.RaftServerConfigKeys (ConfUtils.java:logGet(43)) - raft.server.rpcslowness.timeout = 120s (custom)
2019-10-04 21:58:35,968 [pool-433-thread-1] INFO  server.RaftServerConfigKeys (ConfUtils.java:logGet(43)) - raft.server.sleep.deviation.threshold = 300 (default)
2019-10-04 21:58:35,968 [pool-433-thread-1] INFO  server.RaftServerConfigKeys (ConfUtils.java:logGet(43)) - raft.server.log.appender.install.snapshot.enabled = false (custom)
2019-10-04 21:58:35,968 [pool-433-thread-1] INFO  impl.RaftServerImpl (ServerState.java:<init>(103)) - f256f2de-b8b7-4d16-b3a1-c2d66db0fe2c@group-1A738674AE3C: ConfigurationManager, init=-1: [f256f2de-b8b7-4d16-b3a1-c2d66db0fe2c:192.168.30.43:38194], old=null, confs=<EMPTY_MAP>
2019-10-04 21:58:35,968 [pool-433-thread-1] INFO  server.RaftServerConfigKeys (ConfUtils.java:logGet(43)) - raft.server.storage.dir = [/workdir/hadoop-ozone/integration-test/target/test-dir/MiniOzoneClusterImpl-ac9d142f-b000-48ce-8db6-0047c3f5b70d/datanode-5/data/ratis] (custom)
2019-10-04 21:58:35,969 [pool-433-thread-1] INFO  server.RaftServerConfigKeys (ConfUtils.java:logGet(43)) - raft.server.log.corruption.policy = EXCEPTION (default)
2019-10-04 21:58:35,969 [pool-433-thread-1] INFO  storage.RaftStorageDirectory (RaftStorageDirectory.java:analyzeStorage(246)) - The storage directory /workdir/hadoop-ozone/integration-test/target/test-dir/MiniOzoneClusterImpl-ac9d142f-b000-48ce-8db6-0047c3f5b70d/datanode-5/data/ratis/6743bfdb-bbeb-462d-a042-1a738674ae3c does not exist. Creating ...
2019-10-04 21:58:35,981 [pool-433-thread-1] INFO  storage.RaftStorageDirectory (RaftStorageDirectory.java:tryLock(328)) - Lock on /workdir/hadoop-ozone/integration-test/target/test-dir/MiniOzoneClusterImpl-ac9d142f-b000-48ce-8db6-0047c3f5b70d/datanode-5/data/ratis/6743bfdb-bbeb-462d-a042-1a738674ae3c/in_use.lock acquired by nodename 4850@pr-hdds-2252-dqfx9-1550151176
2019-10-04 21:58:35,994 [pool-433-thread-1] INFO  storage.RaftStorage (RaftStorage.java:format(84)) - Storage directory /workdir/hadoop-ozone/integration-test/target/test-dir/MiniOzoneClusterImpl-ac9d142f-b000-48ce-8db6-0047c3f5b70d/datanode-5/data/ratis/6743bfdb-bbeb-462d-a042-1a738674ae3c has been successfully formatted.
2019-10-04 21:58:35,995 [pool-433-thread-1] INFO  ratis.ContainerStateMachine (ContainerStateMachine.java:loadSnapshot(230)) - group-1A738674AE3C: The snapshot info is null. Setting the last applied indexto:(t:0, i:~)
2019-10-04 21:58:35,995 [pool-433-thread-1] INFO  server.RaftServerConfigKeys (ConfUtils.java:logGet(43)) - raft.server.notification.no-leader.timeout = 120s (custom)
2019-10-04 21:58:35,995 [pool-433-thread-1] INFO  server.RaftServerConfigKeys (ConfUtils.java:logGet(43)) - raft.server.log.use.memory = false (default)
2019-10-04 21:58:35,995 [pool-433-thread-1] INFO  server.RaftServerConfigKeys (ConfUtils.java:logGet(43)) - raft.server.log.purge.gap = 1000000 (custom)
2019-10-04 21:58:35,995 [pool-433-thread-1] INFO  server.RaftServerConfigKeys (ConfUtils.java:logGet(43)) - raft.server.log.appender.buffer.byte-limit = 33554432 (custom)
2019-10-04 21:58:35,995 [pool-433-thread-1] INFO  server.RaftServerConfigKeys (ConfUtils.java:logGet(43)) - raft.server.log.segment.size.max = 1048576 (custom)
2019-10-04 21:58:35,997 [pool-433-thread-1] INFO  server.RaftServerConfigKeys (ConfUtils.java:logGet(43)) - raft.server.log.segment.cache.num.max = 2 (custom)
2019-10-04 21:58:35,997 [pool-433-thread-1] INFO  segmented.SegmentedRaftLogWorker (SegmentedRaftLogWorker.java:<init>(173)) - new f256f2de-b8b7-4d16-b3a1-c2d66db0fe2c@group-1A738674AE3C-SegmentedRaftLogWorker for RaftStorage:Storage Directory /workdir/hadoop-ozone/integration-test/target/test-dir/MiniOzoneClusterImpl-ac9d142f-b000-48ce-8db6-0047c3f5b70d/datanode-5/data/ratis/6743bfdb-bbeb-462d-a042-1a738674ae3c
2019-10-04 21:58:35,997 [pool-433-thread-1] INFO  server.RaftServerConfigKeys (ConfUtils.java:logGet(43)) - raft.server.log.queue.byte-limit = 2147483647 (custom)
2019-10-04 21:58:35,997 [pool-433-thread-1] INFO  server.RaftServerConfigKeys (ConfUtils.java:logGet(43)) - raft.server.log.queue.element-limit = 1024 (custom)
2019-10-04 21:58:35,997 [pool-433-thread-1] INFO  server.RaftServerConfigKeys (ConfUtils.java:logGet(43)) - raft.server.log.segment.size.max = 1048576 (custom)
2019-10-04 21:58:35,997 [pool-433-thread-1] INFO  server.RaftServerConfigKeys (ConfUtils.java:logGet(43)) - raft.server.log.preallocated.size = 16384 (custom)
2019-10-04 21:58:35,998 [pool-433-thread-1] INFO  server.RaftServerConfigKeys (ConfUtils.java:logGet(43)) - raft.server.log.write.buffer.size = 33554432 (custom)
2019-10-04 21:58:35,998 [pool-433-thread-1] INFO  server.RaftServerConfigKeys (ConfUtils.java:logGet(43)) - raft.server.log.force.sync.num = 128 (default)
2019-10-04 21:58:35,998 [pool-433-thread-1] INFO  server.RaftServerConfigKeys (ConfUtils.java:logGet(43)) - raft.server.log.statemachine.data.sync = true (default)
2019-10-04 21:58:35,998 [pool-433-thread-1] INFO  server.RaftServerConfigKeys (ConfUtils.java:logGet(43)) - raft.server.log.statemachine.data.sync.timeout = 10s (default)
2019-10-04 21:58:35,998 [pool-433-thread-1] INFO  server.RaftServerConfigKeys (ConfUtils.java:logGet(43)) - raft.server.log.statemachine.data.sync.timeout.retry = -1 (default)
2019-10-04 21:58:35,998 [pool-433-thread-1] INFO  server.RaftServerConfigKeys (ConfUtils.java:logGet(43)) - raft.server.log.statemachine.data.caching.enabled = true (custom)
2019-10-04 21:58:35,999 [pool-433-thread-1] INFO  segmented.SegmentedRaftLogWorker (SegmentedRaftLogWorker.java:lambda$new$0(128)) - f256f2de-b8b7-4d16-b3a1-c2d66db0fe2c@group-1A738674AE3C-SegmentedRaftLogWorker: flushIndex: setUnconditionally 0 -> -1
2019-10-04 21:58:35,999 [pool-433-thread-1] INFO  server.RaftServerConfigKeys (ConfUtils.java:logGet(43)) - raft.server.snapshot.auto.trigger.enabled = true (custom)
2019-10-04 21:58:35,999 [pool-433-thread-1] INFO  server.RaftServerConfigKeys (ConfUtils.java:logGet(43)) - raft.server.snapshot.auto.trigger.threshold = 10000 (custom)
2019-10-04 21:58:35,999 [pool-433-thread-1] INFO  server.RaftServerConfigKeys (ConfUtils.java:logGet(43)) - raft.server.snapshot.retention.file.num = 5 (custom)
2019-10-04 21:58:35,999 [pool-433-thread-1] INFO  server.RaftServerConfigKeys (ConfUtils.java:logGet(43)) - raft.server.retrycache.expirytime = 600000ms (custom)
2019-10-04 21:58:36,001 [pool-433-thread-1] INFO  impl.RaftServerImpl (RaftServerImpl.java:start(181)) - f256f2de-b8b7-4d16-b3a1-c2d66db0fe2c@group-1A738674AE3C: start as a follower, conf=-1: [f256f2de-b8b7-4d16-b3a1-c2d66db0fe2c:192.168.30.43:38194], old=null
2019-10-04 21:58:36,001 [pool-433-thread-1] INFO  impl.RaftServerImpl (RaftServerImpl.java:setRole(170)) - f256f2de-b8b7-4d16-b3a1-c2d66db0fe2c@group-1A738674AE3C: changes role from      null to FOLLOWER at term 0 for startAsFollower
2019-10-04 21:58:36,001 [pool-433-thread-1] INFO  impl.RoleInfo (RoleInfo.java:updateAndGet(143)) - f256f2de-b8b7-4d16-b3a1-c2d66db0fe2c: start FollowerState
2019-10-04 21:58:36,001 [pool-433-thread-1] INFO  util.JmxRegister (JmxRegister.java:tryRegister(44)) - Successfully registered JMX Bean with object name Ratis:service=RaftServer,group=group-1A738674AE3C,id=f256f2de-b8b7-4d16-b3a1-c2d66db0fe2c
2019-10-04 21:58:36,005 [RatisPipelineUtilsThread] INFO  pipeline.PipelineStateManager (PipelineStateManager.java:addPipeline(56)) - Created pipeline Pipeline[ Id: 6743bfdb-bbeb-462d-a042-1a738674ae3c, Nodes: f256f2de-b8b7-4d16-b3a1-c2d66db0fe2c{ip: 192.168.30.43, host: pr-hdds-2252-dqfx9-1550151176, networkLocation: /default-rack, certSerialId: null}, Type:RATIS, Factor:ONE, State:OPEN]
2019-10-04 21:58:36,016 [main] INFO  ozone.MiniOzoneClusterImpl (MiniOzoneClusterImpl.java:lambda$waitForClusterToBeReady$0(147)) - Waiting for cluster to be ready. Got 6 of 7 DN Heartbeats.
2019-10-04 21:58:36,017 [IPC Server handler 0 on 34912] INFO  net.NetworkTopology (NetworkTopologyImpl.java:add(111)) - Added a new node: /default-rack/35654f43-9330-49b0-b09a-152575b653d0
2019-10-04 21:58:36,017 [IPC Server handler 0 on 34912] INFO  node.SCMNodeManager (SCMNodeManager.java:register(268)) - Registered Data node : 35654f43-9330-49b0-b09a-152575b653d0{ip: 192.168.30.43, host: pr-hdds-2252-dqfx9-1550151176, networkLocation: /default-rack, certSerialId: null}
2019-10-04 21:58:36,018 [grpc-default-executor-4] INFO  impl.RaftServerProxy (RaftServerProxy.java:addNew(89)) - 830b047c-d83d-4cac-9bf3-b637015f42cb: addNew group-74B60D058B9C:[5e6f749b-20dc-4c27-b2cb-9fbd1e2e10b9:192.168.30.43:35294, f256f2de-b8b7-4d16-b3a1-c2d66db0fe2c:192.168.30.43:38194, 830b047c-d83d-4cac-9bf3-b637015f42cb:192.168.30.43:34251] returns group-74B60D058B9C:java.util.concurrent.CompletableFuture@2e310772[Not completed]
2019-10-04 21:58:36,018 [grpc-default-executor-1] INFO  impl.RaftServerProxy (RaftServerProxy.java:addNew(89)) - 5e6f749b-20dc-4c27-b2cb-9fbd1e2e10b9: addNew group-74B60D058B9C:[5e6f749b-20dc-4c27-b2cb-9fbd1e2e10b9:192.168.30.43:35294, f256f2de-b8b7-4d16-b3a1-c2d66db0fe2c:192.168.30.43:38194, 830b047c-d83d-4cac-9bf3-b637015f42cb:192.168.30.43:34251] returns group-74B60D058B9C:java.util.concurrent.CompletableFuture@69cb8841[Not completed]
2019-10-04 21:58:36,018 [grpc-default-executor-3] INFO  impl.RaftServerProxy (RaftServerProxy.java:addNew(89)) - f256f2de-b8b7-4d16-b3a1-c2d66db0fe2c: addNew group-74B60D058B9C:[5e6f749b-20dc-4c27-b2cb-9fbd1e2e10b9:192.168.30.43:35294, f256f2de-b8b7-4d16-b3a1-c2d66db0fe2c:192.168.30.43:38194, 830b047c-d83d-4cac-9bf3-b637015f42cb:192.168.30.43:34251] returns group-74B60D058B9C:java.util.concurrent.CompletableFuture@7c39063[Not completed]
2019-10-04 21:58:36,020 [pool-433-thread-1] INFO  impl.RaftServerImpl (RaftServerImpl.java:<init>(95)) - f256f2de-b8b7-4d16-b3a1-c2d66db0fe2c: new RaftServerImpl for group-74B60D058B9C:[5e6f749b-20dc-4c27-b2cb-9fbd1e2e10b9:192.168.30.43:35294, f256f2de-b8b7-4d16-b3a1-c2d66db0fe2c:192.168.30.43:38194, 830b047c-d83d-4cac-9bf3-b637015f42cb:192.168.30.43:34251] with ContainerStateMachine:uninitialized
2019-10-04 21:58:36,020 [pool-433-thread-1] INFO  server.RaftServerConfigKeys (ConfUtils.java:logGet(43)) - raft.server.rpc.timeout.min = 5s (custom)
2019-10-04 21:58:36,020 [pool-433-thread-1] INFO  server.RaftServerConfigKeys (ConfUtils.java:logGet(43)) - raft.server.rpc.timeout.max = 5200ms (custom)
2019-10-04 21:58:36,020 [pool-433-thread-1] INFO  server.RaftServerConfigKeys (ConfUtils.java:logGet(43)) - raft.server.rpcslowness.timeout = 120s (custom)
2019-10-04 21:58:36,020 [pool-433-thread-1] INFO  server.RaftServerConfigKeys (ConfUtils.java:logGet(43)) - raft.server.sleep.deviation.threshold = 300 (default)
2019-10-04 21:58:36,020 [pool-433-thread-1] INFO  server.RaftServerConfigKeys (ConfUtils.java:logGet(43)) - raft.server.log.appender.install.snapshot.enabled = false (custom)
2019-10-04 21:58:36,020 [pool-433-thread-1] INFO  impl.RaftServerImpl (ServerState.java:<init>(103)) - f256f2de-b8b7-4d16-b3a1-c2d66db0fe2c@group-74B60D058B9C: ConfigurationManager, init=-1: [5e6f749b-20dc-4c27-b2cb-9fbd1e2e10b9:192.168.30.43:35294, f256f2de-b8b7-4d16-b3a1-c2d66db0fe2c:192.168.30.43:38194, 830b047c-d83d-4cac-9bf3-b637015f42cb:192.168.30.43:34251], old=null, confs=<EMPTY_MAP>
2019-10-04 21:58:36,021 [pool-433-thread-1] INFO  server.RaftServerConfigKeys (ConfUtils.java:logGet(43)) - raft.server.storage.dir = [/workdir/hadoop-ozone/integration-test/target/test-dir/MiniOzoneClusterImpl-ac9d142f-b000-48ce-8db6-0047c3f5b70d/datanode-5/data/ratis] (custom)
2019-10-04 21:58:36,021 [pool-433-thread-1] INFO  server.RaftServerConfigKeys (ConfUtils.java:logGet(43)) - raft.server.log.corruption.policy = EXCEPTION (default)
2019-10-04 21:58:36,021 [pool-423-thread-1] INFO  impl.RaftServerImpl (RaftServerImpl.java:<init>(95)) - 5e6f749b-20dc-4c27-b2cb-9fbd1e2e10b9: new RaftServerImpl for group-74B60D058B9C:[5e6f749b-20dc-4c27-b2cb-9fbd1e2e10b9:192.168.30.43:35294, f256f2de-b8b7-4d16-b3a1-c2d66db0fe2c:192.168.30.43:38194, 830b047c-d83d-4cac-9bf3-b637015f42cb:192.168.30.43:34251] with ContainerStateMachine:uninitialized
2019-10-04 21:58:36,021 [pool-433-thread-1] INFO  storage.RaftStorageDirectory (RaftStorageDirectory.java:analyzeStorage(246)) - The storage directory /workdir/hadoop-ozone/integration-test/target/test-dir/MiniOzoneClusterImpl-ac9d142f-b000-48ce-8db6-0047c3f5b70d/datanode-5/data/ratis/550772bf-7f4b-45a4-8f49-74b60d058b9c does not exist. Creating ...
2019-10-04 21:58:36,021 [pool-423-thread-1] INFO  server.RaftServerConfigKeys (ConfUtils.java:logGet(43)) - raft.server.rpc.timeout.min = 5s (custom)
2019-10-04 21:58:36,022 [pool-423-thread-1] INFO  server.RaftServerConfigKeys (ConfUtils.java:logGet(43)) - raft.server.rpc.timeout.max = 5200ms (custom)
2019-10-04 21:58:36,022 [pool-423-thread-1] INFO  server.RaftServerConfigKeys (ConfUtils.java:logGet(43)) - raft.server.rpcslowness.timeout = 120s (custom)
2019-10-04 21:58:36,022 [pool-423-thread-1] INFO  server.RaftServerConfigKeys (ConfUtils.java:logGet(43)) - raft.server.sleep.deviation.threshold = 300 (default)
2019-10-04 21:58:36,022 [pool-423-thread-1] INFO  server.RaftServerConfigKeys (ConfUtils.java:logGet(43)) - raft.server.log.appender.install.snapshot.enabled = false (custom)
2019-10-04 21:58:36,022 [pool-413-thread-1] INFO  impl.RaftServerImpl (RaftServerImpl.java:<init>(95)) - 830b047c-d83d-4cac-9bf3-b637015f42cb: new RaftServerImpl for group-74B60D058B9C:[5e6f749b-20dc-4c27-b2cb-9fbd1e2e10b9:192.168.30.43:35294, f256f2de-b8b7-4d16-b3a1-c2d66db0fe2c:192.168.30.43:38194, 830b047c-d83d-4cac-9bf3-b637015f42cb:192.168.30.43:34251] with ContainerStateMachine:uninitialized
2019-10-04 21:58:36,022 [pool-423-thread-1] INFO  impl.RaftServerImpl (ServerState.java:<init>(103)) - 5e6f749b-20dc-4c27-b2cb-9fbd1e2e10b9@group-74B60D058B9C: ConfigurationManager, init=-1: [5e6f749b-20dc-4c27-b2cb-9fbd1e2e10b9:192.168.30.43:35294, f256f2de-b8b7-4d16-b3a1-c2d66db0fe2c:192.168.30.43:38194, 830b047c-d83d-4cac-9bf3-b637015f42cb:192.168.30.43:34251], old=null, confs=<EMPTY_MAP>
2019-10-04 21:58:36,022 [pool-413-thread-1] INFO  server.RaftServerConfigKeys (ConfUtils.java:logGet(43)) - raft.server.rpc.timeout.min = 5s (custom)
2019-10-04 21:58:36,022 [pool-413-thread-1] INFO  server.RaftServerConfigKeys (ConfUtils.java:logGet(43)) - raft.server.rpc.timeout.max = 5200ms (custom)
2019-10-04 21:58:36,022 [pool-423-thread-1] INFO  server.RaftServerConfigKeys (ConfUtils.java:logGet(43)) - raft.server.storage.dir = [/workdir/hadoop-ozone/integration-test/target/test-dir/MiniOzoneClusterImpl-ac9d142f-b000-48ce-8db6-0047c3f5b70d/datanode-4/data/ratis] (custom)
2019-10-04 21:58:36,022 [pool-413-thread-1] INFO  server.RaftServerConfigKeys (ConfUtils.java:logGet(43)) - raft.server.rpcslowness.timeout = 120s (custom)
2019-10-04 21:58:36,023 [pool-413-thread-1] INFO  server.RaftServerConfigKeys (ConfUtils.java:logGet(43)) - raft.server.sleep.deviation.threshold = 300 (default)
2019-10-04 21:58:36,023 [pool-413-thread-1] INFO  server.RaftServerConfigKeys (ConfUtils.java:logGet(43)) - raft.server.log.appender.install.snapshot.enabled = false (custom)
2019-10-04 21:58:36,023 [pool-423-thread-1] INFO  server.RaftServerConfigKeys (ConfUtils.java:logGet(43)) - raft.server.log.corruption.policy = EXCEPTION (default)
2019-10-04 21:58:36,023 [pool-413-thread-1] INFO  impl.RaftServerImpl (ServerState.java:<init>(103)) - 830b047c-d83d-4cac-9bf3-b637015f42cb@group-74B60D058B9C: ConfigurationManager, init=-1: [5e6f749b-20dc-4c27-b2cb-9fbd1e2e10b9:192.168.30.43:35294, f256f2de-b8b7-4d16-b3a1-c2d66db0fe2c:192.168.30.43:38194, 830b047c-d83d-4cac-9bf3-b637015f42cb:192.168.30.43:34251], old=null, confs=<EMPTY_MAP>
2019-10-04 21:58:36,023 [pool-423-thread-1] INFO  storage.RaftStorageDirectory (RaftStorageDirectory.java:analyzeStorage(246)) - The storage directory /workdir/hadoop-ozone/integration-test/target/test-dir/MiniOzoneClusterImpl-ac9d142f-b000-48ce-8db6-0047c3f5b70d/datanode-4/data/ratis/550772bf-7f4b-45a4-8f49-74b60d058b9c does not exist. Creating ...
2019-10-04 21:58:36,023 [pool-413-thread-1] INFO  server.RaftServerConfigKeys (ConfUtils.java:logGet(43)) - raft.server.storage.dir = [/workdir/hadoop-ozone/integration-test/target/test-dir/MiniOzoneClusterImpl-ac9d142f-b000-48ce-8db6-0047c3f5b70d/datanode-3/data/ratis] (custom)
2019-10-04 21:58:36,023 [pool-413-thread-1] INFO  server.RaftServerConfigKeys (ConfUtils.java:logGet(43)) - raft.server.log.corruption.policy = EXCEPTION (default)
2019-10-04 21:58:36,023 [pool-413-thread-1] INFO  storage.RaftStorageDirectory (RaftStorageDirectory.java:analyzeStorage(246)) - The storage directory /workdir/hadoop-ozone/integration-test/target/test-dir/MiniOzoneClusterImpl-ac9d142f-b000-48ce-8db6-0047c3f5b70d/datanode-3/data/ratis/550772bf-7f4b-45a4-8f49-74b60d058b9c does not exist. Creating ...
2019-10-04 21:58:36,035 [pool-423-thread-1] INFO  storage.RaftStorageDirectory (RaftStorageDirectory.java:tryLock(328)) - Lock on /workdir/hadoop-ozone/integration-test/target/test-dir/MiniOzoneClusterImpl-ac9d142f-b000-48ce-8db6-0047c3f5b70d/datanode-4/data/ratis/550772bf-7f4b-45a4-8f49-74b60d058b9c/in_use.lock acquired by nodename 4850@pr-hdds-2252-dqfx9-1550151176
2019-10-04 21:58:36,035 [pool-413-thread-1] INFO  storage.RaftStorageDirectory (RaftStorageDirectory.java:tryLock(328)) - Lock on /workdir/hadoop-ozone/integration-test/target/test-dir/MiniOzoneClusterImpl-ac9d142f-b000-48ce-8db6-0047c3f5b70d/datanode-3/data/ratis/550772bf-7f4b-45a4-8f49-74b60d058b9c/in_use.lock acquired by nodename 4850@pr-hdds-2252-dqfx9-1550151176
2019-10-04 21:58:36,035 [pool-433-thread-1] INFO  storage.RaftStorageDirectory (RaftStorageDirectory.java:tryLock(328)) - Lock on /workdir/hadoop-ozone/integration-test/target/test-dir/MiniOzoneClusterImpl-ac9d142f-b000-48ce-8db6-0047c3f5b70d/datanode-5/data/ratis/550772bf-7f4b-45a4-8f49-74b60d058b9c/in_use.lock acquired by nodename 4850@pr-hdds-2252-dqfx9-1550151176
2019-10-04 21:58:36,048 [pool-433-thread-1] INFO  storage.RaftStorage (RaftStorage.java:format(84)) - Storage directory /workdir/hadoop-ozone/integration-test/target/test-dir/MiniOzoneClusterImpl-ac9d142f-b000-48ce-8db6-0047c3f5b70d/datanode-5/data/ratis/550772bf-7f4b-45a4-8f49-74b60d058b9c has been successfully formatted.
2019-10-04 21:58:36,048 [pool-413-thread-1] INFO  storage.RaftStorage (RaftStorage.java:format(84)) - Storage directory /workdir/hadoop-ozone/integration-test/target/test-dir/MiniOzoneClusterImpl-ac9d142f-b000-48ce-8db6-0047c3f5b70d/datanode-3/data/ratis/550772bf-7f4b-45a4-8f49-74b60d058b9c has been successfully formatted.
2019-10-04 21:58:36,048 [pool-423-thread-1] INFO  storage.RaftStorage (RaftStorage.java:format(84)) - Storage directory /workdir/hadoop-ozone/integration-test/target/test-dir/MiniOzoneClusterImpl-ac9d142f-b000-48ce-8db6-0047c3f5b70d/datanode-4/data/ratis/550772bf-7f4b-45a4-8f49-74b60d058b9c has been successfully formatted.
2019-10-04 21:58:36,049 [pool-413-thread-1] INFO  ratis.ContainerStateMachine (ContainerStateMachine.java:loadSnapshot(230)) - group-74B60D058B9C: The snapshot info is null. Setting the last applied indexto:(t:0, i:~)
2019-10-04 21:58:36,049 [pool-433-thread-1] INFO  ratis.ContainerStateMachine (ContainerStateMachine.java:loadSnapshot(230)) - group-74B60D058B9C: The snapshot info is null. Setting the last applied indexto:(t:0, i:~)
2019-10-04 21:58:36,049 [pool-413-thread-1] INFO  server.RaftServerConfigKeys (ConfUtils.java:logGet(43)) - raft.server.notification.no-leader.timeout = 120s (custom)
2019-10-04 21:58:36,049 [pool-423-thread-1] INFO  ratis.ContainerStateMachine (ContainerStateMachine.java:loadSnapshot(230)) - group-74B60D058B9C: The snapshot info is null. Setting the last applied indexto:(t:0, i:~)
2019-10-04 21:58:36,049 [pool-413-thread-1] INFO  server.RaftServerConfigKeys (ConfUtils.java:logGet(43)) - raft.server.log.use.memory = false (default)
2019-10-04 21:58:36,049 [pool-433-thread-1] INFO  server.RaftServerConfigKeys (ConfUtils.java:logGet(43)) - raft.server.notification.no-leader.timeout = 120s (custom)
2019-10-04 21:58:36,049 [pool-413-thread-1] INFO  server.RaftServerConfigKeys (ConfUtils.java:logGet(43)) - raft.server.log.purge.gap = 1000000 (custom)
2019-10-04 21:58:36,049 [pool-423-thread-1] INFO  server.RaftServerConfigKeys (ConfUtils.java:logGet(43)) - raft.server.notification.no-leader.timeout = 120s (custom)
2019-10-04 21:58:36,050 [pool-413-thread-1] INFO  server.RaftServerConfigKeys (ConfUtils.java:logGet(43)) - raft.server.log.appender.buffer.byte-limit = 33554432 (custom)
2019-10-04 21:58:36,049 [pool-433-thread-1] INFO  server.RaftServerConfigKeys (ConfUtils.java:logGet(43)) - raft.server.log.use.memory = false (default)
2019-10-04 21:58:36,050 [pool-413-thread-1] INFO  server.RaftServerConfigKeys (ConfUtils.java:logGet(43)) - raft.server.log.segment.size.max = 1048576 (custom)
2019-10-04 21:58:36,050 [pool-423-thread-1] INFO  server.RaftServerConfigKeys (ConfUtils.java:logGet(43)) - raft.server.log.use.memory = false (default)
2019-10-04 21:58:36,050 [pool-413-thread-1] INFO  server.RaftServerConfigKeys (ConfUtils.java:logGet(43)) - raft.server.log.segment.cache.num.max = 2 (custom)
2019-10-04 21:58:36,050 [pool-433-thread-1] INFO  server.RaftServerConfigKeys (ConfUtils.java:logGet(43)) - raft.server.log.purge.gap = 1000000 (custom)
2019-10-04 21:58:36,050 [pool-413-thread-1] INFO  segmented.SegmentedRaftLogWorker (SegmentedRaftLogWorker.java:<init>(173)) - new 830b047c-d83d-4cac-9bf3-b637015f42cb@group-74B60D058B9C-SegmentedRaftLogWorker for RaftStorage:Storage Directory /workdir/hadoop-ozone/integration-test/target/test-dir/MiniOzoneClusterImpl-ac9d142f-b000-48ce-8db6-0047c3f5b70d/datanode-3/data/ratis/550772bf-7f4b-45a4-8f49-74b60d058b9c
2019-10-04 21:58:36,050 [pool-423-thread-1] INFO  server.RaftServerConfigKeys (ConfUtils.java:logGet(43)) - raft.server.log.purge.gap = 1000000 (custom)
2019-10-04 21:58:36,051 [pool-413-thread-1] INFO  server.RaftServerConfigKeys (ConfUtils.java:logGet(43)) - raft.server.log.queue.byte-limit = 2147483647 (custom)
2019-10-04 21:58:36,050 [pool-433-thread-1] INFO  server.RaftServerConfigKeys (ConfUtils.java:logGet(43)) - raft.server.log.appender.buffer.byte-limit = 33554432 (custom)
2019-10-04 21:58:36,051 [pool-413-thread-1] INFO  server.RaftServerConfigKeys (ConfUtils.java:logGet(43)) - raft.server.log.queue.element-limit = 1024 (custom)
2019-10-04 21:58:36,051 [pool-423-thread-1] INFO  server.RaftServerConfigKeys (ConfUtils.java:logGet(43)) - raft.server.log.appender.buffer.byte-limit = 33554432 (custom)
2019-10-04 21:58:36,051 [pool-413-thread-1] INFO  server.RaftServerConfigKeys (ConfUtils.java:logGet(43)) - raft.server.log.segment.size.max = 1048576 (custom)
2019-10-04 21:58:36,051 [pool-433-thread-1] INFO  server.RaftServerConfigKeys (ConfUtils.java:logGet(43)) - raft.server.log.segment.size.max = 1048576 (custom)
2019-10-04 21:58:36,051 [pool-413-thread-1] INFO  server.RaftServerConfigKeys (ConfUtils.java:logGet(43)) - raft.server.log.preallocated.size = 16384 (custom)
2019-10-04 21:58:36,051 [pool-423-thread-1] INFO  server.RaftServerConfigKeys (ConfUtils.java:logGet(43)) - raft.server.log.segment.size.max = 1048576 (custom)
2019-10-04 21:58:36,052 [pool-413-thread-1] INFO  server.RaftServerConfigKeys (ConfUtils.java:logGet(43)) - raft.server.log.write.buffer.size = 33554432 (custom)
2019-10-04 21:58:36,052 [pool-433-thread-1] INFO  server.RaftServerConfigKeys (ConfUtils.java:logGet(43)) - raft.server.log.segment.cache.num.max = 2 (custom)
2019-10-04 21:58:36,052 [pool-413-thread-1] INFO  server.RaftServerConfigKeys (ConfUtils.java:logGet(43)) - raft.server.log.force.sync.num = 128 (default)
2019-10-04 21:58:36,052 [pool-423-thread-1] INFO  server.RaftServerConfigKeys (ConfUtils.java:logGet(43)) - raft.server.log.segment.cache.num.max = 2 (custom)
2019-10-04 21:58:36,052 [pool-413-thread-1] INFO  server.RaftServerConfigKeys (ConfUtils.java:logGet(43)) - raft.server.log.statemachine.data.sync = true (default)
2019-10-04 21:58:36,052 [pool-433-thread-1] INFO  segmented.SegmentedRaftLogWorker (SegmentedRaftLogWorker.java:<init>(173)) - new f256f2de-b8b7-4d16-b3a1-c2d66db0fe2c@group-74B60D058B9C-SegmentedRaftLogWorker for RaftStorage:Storage Directory /workdir/hadoop-ozone/integration-test/target/test-dir/MiniOzoneClusterImpl-ac9d142f-b000-48ce-8db6-0047c3f5b70d/datanode-5/data/ratis/550772bf-7f4b-45a4-8f49-74b60d058b9c
2019-10-04 21:58:36,053 [pool-413-thread-1] INFO  server.RaftServerConfigKeys (ConfUtils.java:logGet(43)) - raft.server.log.statemachine.data.sync.timeout = 10s (default)
2019-10-04 21:58:36,052 [pool-423-thread-1] INFO  segmented.SegmentedRaftLogWorker (SegmentedRaftLogWorker.java:<init>(173)) - new 5e6f749b-20dc-4c27-b2cb-9fbd1e2e10b9@group-74B60D058B9C-SegmentedRaftLogWorker for RaftStorage:Storage Directory /workdir/hadoop-ozone/integration-test/target/test-dir/MiniOzoneClusterImpl-ac9d142f-b000-48ce-8db6-0047c3f5b70d/datanode-4/data/ratis/550772bf-7f4b-45a4-8f49-74b60d058b9c
2019-10-04 21:58:36,053 [pool-413-thread-1] INFO  server.RaftServerConfigKeys (ConfUtils.java:logGet(43)) - raft.server.log.statemachine.data.sync.timeout.retry = -1 (default)
2019-10-04 21:58:36,053 [pool-433-thread-1] INFO  server.RaftServerConfigKeys (ConfUtils.java:logGet(43)) - raft.server.log.queue.byte-limit = 2147483647 (custom)
2019-10-04 21:58:36,053 [pool-413-thread-1] INFO  server.RaftServerConfigKeys (ConfUtils.java:logGet(43)) - raft.server.log.statemachine.data.caching.enabled = true (custom)
2019-10-04 21:58:36,053 [pool-423-thread-1] INFO  server.RaftServerConfigKeys (ConfUtils.java:logGet(43)) - raft.server.log.queue.byte-limit = 2147483647 (custom)
2019-10-04 21:58:36,053 [pool-433-thread-1] INFO  server.RaftServerConfigKeys (ConfUtils.java:logGet(43)) - raft.server.log.queue.element-limit = 1024 (custom)
2019-10-04 21:58:36,053 [pool-423-thread-1] INFO  server.RaftServerConfigKeys (ConfUtils.java:logGet(43)) - raft.server.log.queue.element-limit = 1024 (custom)
2019-10-04 21:58:36,053 [pool-413-thread-1] INFO  segmented.SegmentedRaftLogWorker (SegmentedRaftLogWorker.java:lambda$new$0(128)) - 830b047c-d83d-4cac-9bf3-b637015f42cb@group-74B60D058B9C-SegmentedRaftLogWorker: flushIndex: setUnconditionally 0 -> -1
2019-10-04 21:58:36,054 [pool-423-thread-1] INFO  server.RaftServerConfigKeys (ConfUtils.java:logGet(43)) - raft.server.log.segment.size.max = 1048576 (custom)
2019-10-04 21:58:36,054 [pool-433-thread-1] INFO  server.RaftServerConfigKeys (ConfUtils.java:logGet(43)) - raft.server.log.segment.size.max = 1048576 (custom)
2019-10-04 21:58:36,054 [pool-413-thread-1] INFO  server.RaftServerConfigKeys (ConfUtils.java:logGet(43)) - raft.server.snapshot.auto.trigger.enabled = true (custom)
2019-10-04 21:58:36,054 [pool-423-thread-1] INFO  server.RaftServerConfigKeys (ConfUtils.java:logGet(43)) - raft.server.log.preallocated.size = 16384 (custom)
2019-10-04 21:58:36,054 [pool-413-thread-1] INFO  server.RaftServerConfigKeys (ConfUtils.java:logGet(43)) - raft.server.snapshot.auto.trigger.threshold = 10000 (custom)
2019-10-04 21:58:36,054 [pool-433-thread-1] INFO  server.RaftServerConfigKeys (ConfUtils.java:logGet(43)) - raft.server.log.preallocated.size = 16384 (custom)
2019-10-04 21:58:36,054 [pool-413-thread-1] INFO  server.RaftServerConfigKeys (ConfUtils.java:logGet(43)) - raft.server.snapshot.retention.file.num = 5 (custom)
2019-10-04 21:58:36,054 [pool-423-thread-1] INFO  server.RaftServerConfigKeys (ConfUtils.java:logGet(43)) - raft.server.log.write.buffer.size = 33554432 (custom)
2019-10-04 21:58:36,055 [pool-413-thread-1] INFO  server.RaftServerConfigKeys (ConfUtils.java:logGet(43)) - raft.server.retrycache.expirytime = 600000ms (custom)
2019-10-04 21:58:36,054 [pool-433-thread-1] INFO  server.RaftServerConfigKeys (ConfUtils.java:logGet(43)) - raft.server.log.write.buffer.size = 33554432 (custom)
2019-10-04 21:58:36,055 [pool-423-thread-1] INFO  server.RaftServerConfigKeys (ConfUtils.java:logGet(43)) - raft.server.log.force.sync.num = 128 (default)
2019-10-04 21:58:36,055 [pool-433-thread-1] INFO  server.RaftServerConfigKeys (ConfUtils.java:logGet(43)) - raft.server.log.force.sync.num = 128 (default)
2019-10-04 21:58:36,055 [pool-423-thread-1] INFO  server.RaftServerConfigKeys (ConfUtils.java:logGet(43)) - raft.server.log.statemachine.data.sync = true (default)
2019-10-04 21:58:36,055 [pool-433-thread-1] INFO  server.RaftServerConfigKeys (ConfUtils.java:logGet(43)) - raft.server.log.statemachine.data.sync = true (default)
2019-10-04 21:58:36,055 [pool-423-thread-1] INFO  server.RaftServerConfigKeys (ConfUtils.java:logGet(43)) - raft.server.log.statemachine.data.sync.timeout = 10s (default)
2019-10-04 21:58:36,055 [pool-433-thread-1] INFO  server.RaftServerConfigKeys (ConfUtils.java:logGet(43)) - raft.server.log.statemachine.data.sync.timeout = 10s (default)
2019-10-04 21:58:36,055 [pool-423-thread-1] INFO  server.RaftServerConfigKeys (ConfUtils.java:logGet(43)) - raft.server.log.statemachine.data.sync.timeout.retry = -1 (default)
2019-10-04 21:58:36,056 [pool-433-thread-1] INFO  server.RaftServerConfigKeys (ConfUtils.java:logGet(43)) - raft.server.log.statemachine.data.sync.timeout.retry = -1 (default)
2019-10-04 21:58:36,056 [pool-423-thread-1] INFO  server.RaftServerConfigKeys (ConfUtils.java:logGet(43)) - raft.server.log.statemachine.data.caching.enabled = true (custom)
2019-10-04 21:58:36,056 [pool-433-thread-1] INFO  server.RaftServerConfigKeys (ConfUtils.java:logGet(43)) - raft.server.log.statemachine.data.caching.enabled = true (custom)
2019-10-04 21:58:36,056 [pool-423-thread-1] INFO  segmented.SegmentedRaftLogWorker (SegmentedRaftLogWorker.java:lambda$new$0(128)) - 5e6f749b-20dc-4c27-b2cb-9fbd1e2e10b9@group-74B60D058B9C-SegmentedRaftLogWorker: flushIndex: setUnconditionally 0 -> -1
2019-10-04 21:58:36,056 [pool-433-thread-1] INFO  segmented.SegmentedRaftLogWorker (SegmentedRaftLogWorker.java:lambda$new$0(128)) - f256f2de-b8b7-4d16-b3a1-c2d66db0fe2c@group-74B60D058B9C-SegmentedRaftLogWorker: flushIndex: setUnconditionally 0 -> -1
2019-10-04 21:58:36,057 [pool-423-thread-1] INFO  server.RaftServerConfigKeys (ConfUtils.java:logGet(43)) - raft.server.snapshot.auto.trigger.enabled = true (custom)
2019-10-04 21:58:36,056 [pool-413-thread-1] INFO  impl.RaftServerImpl (RaftServerImpl.java:start(181)) - 830b047c-d83d-4cac-9bf3-b637015f42cb@group-74B60D058B9C: start as a follower, conf=-1: [5e6f749b-20dc-4c27-b2cb-9fbd1e2e10b9:192.168.30.43:35294, f256f2de-b8b7-4d16-b3a1-c2d66db0fe2c:192.168.30.43:38194, 830b047c-d83d-4cac-9bf3-b637015f42cb:192.168.30.43:34251], old=null
2019-10-04 21:58:36,057 [pool-433-thread-1] INFO  server.RaftServerConfigKeys (ConfUtils.java:logGet(43)) - raft.server.snapshot.auto.trigger.enabled = true (custom)
2019-10-04 21:58:36,057 [pool-423-thread-1] INFO  server.RaftServerConfigKeys (ConfUtils.java:logGet(43)) - raft.server.snapshot.auto.trigger.threshold = 10000 (custom)
2019-10-04 21:58:36,057 [pool-433-thread-1] INFO  server.RaftServerConfigKeys (ConfUtils.java:logGet(43)) - raft.server.snapshot.auto.trigger.threshold = 10000 (custom)
2019-10-04 21:58:36,057 [pool-413-thread-1] INFO  impl.RaftServerImpl (RaftServerImpl.java:setRole(170)) - 830b047c-d83d-4cac-9bf3-b637015f42cb@group-74B60D058B9C: changes role from      null to FOLLOWER at term 0 for startAsFollower
2019-10-04 21:58:36,057 [pool-433-thread-1] INFO  server.RaftServerConfigKeys (ConfUtils.java:logGet(43)) - raft.server.snapshot.retention.file.num = 5 (custom)
2019-10-04 21:58:36,057 [pool-423-thread-1] INFO  server.RaftServerConfigKeys (ConfUtils.java:logGet(43)) - raft.server.snapshot.retention.file.num = 5 (custom)
2019-10-04 21:58:36,057 [pool-433-thread-1] INFO  server.RaftServerConfigKeys (ConfUtils.java:logGet(43)) - raft.server.retrycache.expirytime = 600000ms (custom)
2019-10-04 21:58:36,057 [pool-413-thread-1] INFO  impl.RoleInfo (RoleInfo.java:updateAndGet(143)) - 830b047c-d83d-4cac-9bf3-b637015f42cb: start FollowerState
2019-10-04 21:58:36,058 [pool-423-thread-1] INFO  server.RaftServerConfigKeys (ConfUtils.java:logGet(43)) - raft.server.retrycache.expirytime = 600000ms (custom)
2019-10-04 21:58:36,058 [pool-413-thread-1] INFO  util.JmxRegister (JmxRegister.java:tryRegister(44)) - Successfully registered JMX Bean with object name Ratis:service=RaftServer,group=group-74B60D058B9C,id=830b047c-d83d-4cac-9bf3-b637015f42cb
2019-10-04 21:58:36,061 [pool-433-thread-1] INFO  impl.RaftServerImpl (RaftServerImpl.java:start(181)) - f256f2de-b8b7-4d16-b3a1-c2d66db0fe2c@group-74B60D058B9C: start as a follower, conf=-1: [5e6f749b-20dc-4c27-b2cb-9fbd1e2e10b9:192.168.30.43:35294, f256f2de-b8b7-4d16-b3a1-c2d66db0fe2c:192.168.30.43:38194, 830b047c-d83d-4cac-9bf3-b637015f42cb:192.168.30.43:34251], old=null
2019-10-04 21:58:36,062 [pool-433-thread-1] INFO  impl.RaftServerImpl (RaftServerImpl.java:setRole(170)) - f256f2de-b8b7-4d16-b3a1-c2d66db0fe2c@group-74B60D058B9C: changes role from      null to FOLLOWER at term 0 for startAsFollower
2019-10-04 21:58:36,062 [pool-433-thread-1] INFO  impl.RoleInfo (RoleInfo.java:updateAndGet(143)) - f256f2de-b8b7-4d16-b3a1-c2d66db0fe2c: start FollowerState
2019-10-04 21:58:36,062 [pool-423-thread-1] INFO  impl.RaftServerImpl (RaftServerImpl.java:start(181)) - 5e6f749b-20dc-4c27-b2cb-9fbd1e2e10b9@group-74B60D058B9C: start as a follower, conf=-1: [5e6f749b-20dc-4c27-b2cb-9fbd1e2e10b9:192.168.30.43:35294, f256f2de-b8b7-4d16-b3a1-c2d66db0fe2c:192.168.30.43:38194, 830b047c-d83d-4cac-9bf3-b637015f42cb:192.168.30.43:34251], old=null
2019-10-04 21:58:36,062 [pool-433-thread-1] INFO  util.JmxRegister (JmxRegister.java:tryRegister(44)) - Successfully registered JMX Bean with object name Ratis:service=RaftServer,group=group-74B60D058B9C,id=f256f2de-b8b7-4d16-b3a1-c2d66db0fe2c
2019-10-04 21:58:36,062 [pool-423-thread-1] INFO  impl.RaftServerImpl (RaftServerImpl.java:setRole(170)) - 5e6f749b-20dc-4c27-b2cb-9fbd1e2e10b9@group-74B60D058B9C: changes role from      null to FOLLOWER at term 0 for startAsFollower
2019-10-04 21:58:36,062 [pool-423-thread-1] INFO  impl.RoleInfo (RoleInfo.java:updateAndGet(143)) - 5e6f749b-20dc-4c27-b2cb-9fbd1e2e10b9: start FollowerState
2019-10-04 21:58:36,063 [pool-423-thread-1] INFO  util.JmxRegister (JmxRegister.java:tryRegister(44)) - Successfully registered JMX Bean with object name Ratis:service=RaftServer,group=group-74B60D058B9C,id=5e6f749b-20dc-4c27-b2cb-9fbd1e2e10b9
2019-10-04 21:58:36,066 [RatisPipelineUtilsThread] INFO  pipeline.PipelineStateManager (PipelineStateManager.java:addPipeline(56)) - Created pipeline Pipeline[ Id: 550772bf-7f4b-45a4-8f49-74b60d058b9c, Nodes: f256f2de-b8b7-4d16-b3a1-c2d66db0fe2c{ip: 192.168.30.43, host: pr-hdds-2252-dqfx9-1550151176, networkLocation: /default-rack, certSerialId: null}830b047c-d83d-4cac-9bf3-b637015f42cb{ip: 192.168.30.43, host: pr-hdds-2252-dqfx9-1550151176, networkLocation: /default-rack, certSerialId: null}5e6f749b-20dc-4c27-b2cb-9fbd1e2e10b9{ip: 192.168.30.43, host: pr-hdds-2252-dqfx9-1550151176, networkLocation: /default-rack, certSerialId: null}, Type:RATIS, Factor:THREE, State:OPEN]
2019-10-04 21:58:37,016 [main] INFO  ozone.MiniOzoneClusterImpl (MiniOzoneClusterImpl.java:lambda$waitForClusterToBeReady$0(147)) - Cluster is ready. Got 7 of 7 DN Heartbeats.
2019-10-04 21:58:37,067 [main] INFO  rpc.RpcClient (RpcClient.java:createVolume(277)) - Creating Volume: watchforcommithandlingtest, with jenkins1000 as owner.
2019-10-04 21:58:37,070 [IPC Server handler 1 on 41256] INFO  volume.OMVolumeCreateRequest (OMVolumeCreateRequest.java:validateAndUpdateCache(193)) - created volume:watchforcommithandlingtest for user:jenkins1000
2019-10-04 21:58:37,095 [main] INFO  rpc.RpcClient (RpcClient.java:createBucket(416)) - Creating Bucket: watchforcommithandlingtest/watchforcommithandlingtest, with Versioning false and Storage Type set to DISK and Encryption set to false 
2019-10-04 21:58:37,099 [main] INFO  ozone.MiniOzoneClusterImpl (MiniOzoneClusterImpl.java:getStorageContainerLocationClient(234)) - Creating StorageContainerLocationProtocol RPC client with address /0.0.0.0:42344
2019-10-04 21:58:38,604 [Thread-2369] INFO  container.ReplicationManager (ReplicationManager.java:start(162)) - Starting Replication Monitor Thread.
2019-10-04 21:58:38,615 [ReplicationMonitor] INFO  container.ReplicationManager (ReplicationManager.java:run(225)) - Replication Monitor Thread took 0 milliseconds for processing 1 containers.
2019-10-04 21:58:40,692 [Thread-2371] INFO  impl.FollowerState (FollowerState.java:run(108)) - ad1a2d63-2d60-4868-a73e-6dcf7d06ccb5@group-27852BA40723-FollowerState: change to CANDIDATE, lastRpcTime:5033ms, electionTimeout:5033ms
2019-10-04 21:58:40,693 [Thread-2371] INFO  impl.RoleInfo (RoleInfo.java:shutdownFollowerState(121)) - ad1a2d63-2d60-4868-a73e-6dcf7d06ccb5: shutdown FollowerState
2019-10-04 21:58:40,694 [Thread-2371] INFO  impl.RaftServerImpl (RaftServerImpl.java:setRole(170)) - ad1a2d63-2d60-4868-a73e-6dcf7d06ccb5@group-27852BA40723: changes role from  FOLLOWER to CANDIDATE at term 0 for changeToCandidate
2019-10-04 21:58:40,694 [Thread-2371] INFO  impl.RoleInfo (RoleInfo.java:updateAndGet(143)) - ad1a2d63-2d60-4868-a73e-6dcf7d06ccb5: start LeaderElection
2019-10-04 21:58:40,714 [ad1a2d63-2d60-4868-a73e-6dcf7d06ccb5@group-27852BA40723-LeaderElection55] INFO  impl.LeaderElection (LeaderElection.java:askForVotes(178)) - ad1a2d63-2d60-4868-a73e-6dcf7d06ccb5@group-27852BA40723-LeaderElection55: begin an election at term 1 for -1: [ad1a2d63-2d60-4868-a73e-6dcf7d06ccb5:192.168.30.43:36804], old=null
2019-10-04 21:58:40,714 [ad1a2d63-2d60-4868-a73e-6dcf7d06ccb5@group-27852BA40723-LeaderElection55] INFO  impl.RoleInfo (RoleInfo.java:shutdownLeaderElection(134)) - ad1a2d63-2d60-4868-a73e-6dcf7d06ccb5: shutdown LeaderElection
2019-10-04 21:58:40,714 [ad1a2d63-2d60-4868-a73e-6dcf7d06ccb5@group-27852BA40723-LeaderElection55] INFO  impl.RaftServerImpl (RaftServerImpl.java:setRole(170)) - ad1a2d63-2d60-4868-a73e-6dcf7d06ccb5@group-27852BA40723: changes role from CANDIDATE to LEADER at term 1 for changeToLeader
2019-10-04 21:58:40,715 [ad1a2d63-2d60-4868-a73e-6dcf7d06ccb5@group-27852BA40723-LeaderElection55] INFO  impl.RaftServerImpl (ServerState.java:setLeader(255)) - ad1a2d63-2d60-4868-a73e-6dcf7d06ccb5@group-27852BA40723: change Leader from null to ad1a2d63-2d60-4868-a73e-6dcf7d06ccb5 at term 1 for becomeLeader, leader elected after 5065ms
2019-10-04 21:58:40,715 [ad1a2d63-2d60-4868-a73e-6dcf7d06ccb5@group-27852BA40723-LeaderElection55] INFO  server.RaftServerConfigKeys (ConfUtils.java:logGet(43)) - raft.server.staging.catchup.gap = 1000 (default)
2019-10-04 21:58:40,715 [ad1a2d63-2d60-4868-a73e-6dcf7d06ccb5@group-27852BA40723-LeaderElection55] INFO  server.RaftServerConfigKeys (ConfUtils.java:logGet(43)) - raft.server.rpc.sleep.time = 25ms (default)
2019-10-04 21:58:40,715 [ad1a2d63-2d60-4868-a73e-6dcf7d06ccb5@group-27852BA40723-LeaderElection55] INFO  server.RaftServerConfigKeys (ConfUtils.java:logGet(43)) - raft.server.write.element-limit = 4096 (default)
2019-10-04 21:58:40,716 [ad1a2d63-2d60-4868-a73e-6dcf7d06ccb5@group-27852BA40723-LeaderElection55] INFO  server.RaftServerConfigKeys (ConfUtils.java:logGet(43)) - raft.server.watch.timeout = 10s (default)
2019-10-04 21:58:40,716 [ad1a2d63-2d60-4868-a73e-6dcf7d06ccb5@group-27852BA40723-LeaderElection55] INFO  server.RaftServerConfigKeys (ConfUtils.java:logGet(43)) - raft.server.watch.timeout.denomination = 1s (default)
2019-10-04 21:58:40,716 [ad1a2d63-2d60-4868-a73e-6dcf7d06ccb5@group-27852BA40723-LeaderElection55] INFO  server.RaftServerConfigKeys (ConfUtils.java:logGet(43)) - raft.server.watch.element-limit = 65536 (default)
2019-10-04 21:58:40,719 [ad1a2d63-2d60-4868-a73e-6dcf7d06ccb5@group-27852BA40723-LeaderElection55] INFO  impl.RoleInfo (RoleInfo.java:updateAndGet(143)) - ad1a2d63-2d60-4868-a73e-6dcf7d06ccb5: start LeaderState
2019-10-04 21:58:40,720 [ad1a2d63-2d60-4868-a73e-6dcf7d06ccb5@group-27852BA40723-LeaderElection55] INFO  segmented.SegmentedRaftLogWorker (SegmentedRaftLogWorker.java:startLogSegment(385)) - ad1a2d63-2d60-4868-a73e-6dcf7d06ccb5@group-27852BA40723-SegmentedRaftLogWorker: Starting segment from index:0
2019-10-04 21:58:40,721 [ad1a2d63-2d60-4868-a73e-6dcf7d06ccb5@group-27852BA40723-LeaderElection55] INFO  impl.RaftServerImpl (ServerState.java:setRaftConf(356)) - ad1a2d63-2d60-4868-a73e-6dcf7d06ccb5@group-27852BA40723: set configuration 0: [ad1a2d63-2d60-4868-a73e-6dcf7d06ccb5:192.168.30.43:36804], old=null at 0
2019-10-04 21:58:40,771 [ad1a2d63-2d60-4868-a73e-6dcf7d06ccb5@group-27852BA40723-SegmentedRaftLogWorker] INFO  segmented.SegmentedRaftLogWorker (SegmentedRaftLogWorker.java:execute(574)) - ad1a2d63-2d60-4868-a73e-6dcf7d06ccb5@group-27852BA40723-SegmentedRaftLogWorker: created new log segment /workdir/hadoop-ozone/integration-test/target/test-dir/MiniOzoneClusterImpl-ac9d142f-b000-48ce-8db6-0047c3f5b70d/datanode-0/data/ratis/d0476b63-7159-4e01-bd95-27852ba40723/current/log_inprogress_0
2019-10-04 21:58:40,851 [Thread-2384] INFO  impl.FollowerState (FollowerState.java:run(108)) - ad1a2d63-2d60-4868-a73e-6dcf7d06ccb5@group-3E4670F0C74D-FollowerState: change to CANDIDATE, lastRpcTime:5012ms, electionTimeout:5012ms
2019-10-04 21:58:40,851 [Thread-2384] INFO  impl.RoleInfo (RoleInfo.java:shutdownFollowerState(121)) - ad1a2d63-2d60-4868-a73e-6dcf7d06ccb5: shutdown FollowerState
2019-10-04 21:58:40,851 [Thread-2384] INFO  impl.RaftServerImpl (RaftServerImpl.java:setRole(170)) - ad1a2d63-2d60-4868-a73e-6dcf7d06ccb5@group-3E4670F0C74D: changes role from  FOLLOWER to CANDIDATE at term 0 for changeToCandidate
2019-10-04 21:58:40,851 [Thread-2384] INFO  impl.RoleInfo (RoleInfo.java:updateAndGet(143)) - ad1a2d63-2d60-4868-a73e-6dcf7d06ccb5: start LeaderElection
2019-10-04 21:58:40,873 [Thread-2374] INFO  impl.FollowerState (FollowerState.java:run(108)) - 5fcbd5a2-5389-4956-8319-81964adfb395@group-B3C5BB280FC9-FollowerState: change to CANDIDATE, lastRpcTime:5165ms, electionTimeout:5165ms
2019-10-04 21:58:40,873 [Thread-2374] INFO  impl.RoleInfo (RoleInfo.java:shutdownFollowerState(121)) - 5fcbd5a2-5389-4956-8319-81964adfb395: shutdown FollowerState
2019-10-04 21:58:40,873 [Thread-2374] INFO  impl.RaftServerImpl (RaftServerImpl.java:setRole(170)) - 5fcbd5a2-5389-4956-8319-81964adfb395@group-B3C5BB280FC9: changes role from  FOLLOWER to CANDIDATE at term 0 for changeToCandidate
2019-10-04 21:58:40,873 [Thread-2374] INFO  impl.RoleInfo (RoleInfo.java:updateAndGet(143)) - 5fcbd5a2-5389-4956-8319-81964adfb395: start LeaderElection
2019-10-04 21:58:40,882 [ad1a2d63-2d60-4868-a73e-6dcf7d06ccb5@group-3E4670F0C74D-LeaderElection56] INFO  impl.LeaderElection (LeaderElection.java:askForVotes(178)) - ad1a2d63-2d60-4868-a73e-6dcf7d06ccb5@group-3E4670F0C74D-LeaderElection56: begin an election at term 1 for -1: [5fcbd5a2-5389-4956-8319-81964adfb395:192.168.30.43:36852, e2dfd3a4-2705-4c7d-a081-96e4411721bd:192.168.30.43:39979, ad1a2d63-2d60-4868-a73e-6dcf7d06ccb5:192.168.30.43:36804], old=null
2019-10-04 21:58:40,883 [5fcbd5a2-5389-4956-8319-81964adfb395@group-B3C5BB280FC9-LeaderElection57] INFO  impl.LeaderElection (LeaderElection.java:askForVotes(178)) - 5fcbd5a2-5389-4956-8319-81964adfb395@group-B3C5BB280FC9-LeaderElection57: begin an election at term 1 for -1: [5fcbd5a2-5389-4956-8319-81964adfb395:192.168.30.43:36852], old=null
2019-10-04 21:58:40,884 [5fcbd5a2-5389-4956-8319-81964adfb395@group-B3C5BB280FC9-LeaderElection57] INFO  impl.RoleInfo (RoleInfo.java:shutdownLeaderElection(134)) - 5fcbd5a2-5389-4956-8319-81964adfb395: shutdown LeaderElection
2019-10-04 21:58:40,884 [5fcbd5a2-5389-4956-8319-81964adfb395@group-B3C5BB280FC9-LeaderElection57] INFO  impl.RaftServerImpl (RaftServerImpl.java:setRole(170)) - 5fcbd5a2-5389-4956-8319-81964adfb395@group-B3C5BB280FC9: changes role from CANDIDATE to LEADER at term 1 for changeToLeader
2019-10-04 21:58:40,886 [5fcbd5a2-5389-4956-8319-81964adfb395@group-B3C5BB280FC9-LeaderElection57] INFO  impl.RaftServerImpl (ServerState.java:setLeader(255)) - 5fcbd5a2-5389-4956-8319-81964adfb395@group-B3C5BB280FC9: change Leader from null to 5fcbd5a2-5389-4956-8319-81964adfb395 at term 1 for becomeLeader, leader elected after 5182ms
2019-10-04 21:58:40,886 [5fcbd5a2-5389-4956-8319-81964adfb395@group-B3C5BB280FC9-LeaderElection57] INFO  server.RaftServerConfigKeys (ConfUtils.java:logGet(43)) - raft.server.staging.catchup.gap = 1000 (default)
2019-10-04 21:58:40,886 [5fcbd5a2-5389-4956-8319-81964adfb395@group-B3C5BB280FC9-LeaderElection57] INFO  server.RaftServerConfigKeys (ConfUtils.java:logGet(43)) - raft.server.rpc.sleep.time = 25ms (default)
2019-10-04 21:58:40,886 [5fcbd5a2-5389-4956-8319-81964adfb395@group-B3C5BB280FC9-LeaderElection57] INFO  server.RaftServerConfigKeys (ConfUtils.java:logGet(43)) - raft.server.write.element-limit = 4096 (default)
2019-10-04 21:58:40,886 [5fcbd5a2-5389-4956-8319-81964adfb395@group-B3C5BB280FC9-LeaderElection57] INFO  server.RaftServerConfigKeys (ConfUtils.java:logGet(43)) - raft.server.watch.timeout = 10s (default)
2019-10-04 21:58:40,887 [5fcbd5a2-5389-4956-8319-81964adfb395@group-B3C5BB280FC9-LeaderElection57] INFO  server.RaftServerConfigKeys (ConfUtils.java:logGet(43)) - raft.server.watch.timeout.denomination = 1s (default)
2019-10-04 21:58:40,887 [5fcbd5a2-5389-4956-8319-81964adfb395@group-B3C5BB280FC9-LeaderElection57] INFO  server.RaftServerConfigKeys (ConfUtils.java:logGet(43)) - raft.server.watch.element-limit = 65536 (default)
2019-10-04 21:58:40,889 [5fcbd5a2-5389-4956-8319-81964adfb395@group-B3C5BB280FC9-LeaderElection57] INFO  impl.RoleInfo (RoleInfo.java:updateAndGet(143)) - 5fcbd5a2-5389-4956-8319-81964adfb395: start LeaderState
2019-10-04 21:58:40,889 [grpc-default-executor-3] INFO  impl.RaftServerImpl (RaftServerImpl.java:setRole(170)) - e2dfd3a4-2705-4c7d-a081-96e4411721bd@group-3E4670F0C74D: changes role from  FOLLOWER to FOLLOWER at term 1 for recognizeCandidate:ad1a2d63-2d60-4868-a73e-6dcf7d06ccb5
2019-10-04 21:58:40,889 [grpc-default-executor-1] INFO  impl.RaftServerImpl (RaftServerImpl.java:setRole(170)) - 5fcbd5a2-5389-4956-8319-81964adfb395@group-3E4670F0C74D: changes role from  FOLLOWER to FOLLOWER at term 1 for recognizeCandidate:ad1a2d63-2d60-4868-a73e-6dcf7d06ccb5
2019-10-04 21:58:40,889 [5fcbd5a2-5389-4956-8319-81964adfb395@group-B3C5BB280FC9-LeaderElection57] INFO  segmented.SegmentedRaftLogWorker (SegmentedRaftLogWorker.java:startLogSegment(385)) - 5fcbd5a2-5389-4956-8319-81964adfb395@group-B3C5BB280FC9-SegmentedRaftLogWorker: Starting segment from index:0
2019-10-04 21:58:40,889 [grpc-default-executor-1] INFO  impl.RoleInfo (RoleInfo.java:shutdownFollowerState(121)) - 5fcbd5a2-5389-4956-8319-81964adfb395: shutdown FollowerState
2019-10-04 21:58:40,889 [grpc-default-executor-3] INFO  impl.RoleInfo (RoleInfo.java:shutdownFollowerState(121)) - e2dfd3a4-2705-4c7d-a081-96e4411721bd: shutdown FollowerState
2019-10-04 21:58:40,889 [grpc-default-executor-1] INFO  impl.RoleInfo (RoleInfo.java:updateAndGet(143)) - 5fcbd5a2-5389-4956-8319-81964adfb395: start FollowerState
2019-10-04 21:58:40,890 [5fcbd5a2-5389-4956-8319-81964adfb395@group-B3C5BB280FC9-LeaderElection57] INFO  impl.RaftServerImpl (ServerState.java:setRaftConf(356)) - 5fcbd5a2-5389-4956-8319-81964adfb395@group-B3C5BB280FC9: set configuration 0: [5fcbd5a2-5389-4956-8319-81964adfb395:192.168.30.43:36852], old=null at 0
2019-10-04 21:58:40,890 [grpc-default-executor-3] INFO  impl.RoleInfo (RoleInfo.java:updateAndGet(143)) - e2dfd3a4-2705-4c7d-a081-96e4411721bd: start FollowerState
2019-10-04 21:58:40,890 [Thread-2382] INFO  impl.FollowerState (FollowerState.java:run(117)) - 5fcbd5a2-5389-4956-8319-81964adfb395@group-3E4670F0C74D-FollowerState was interrupted: java.lang.InterruptedException: sleep interrupted
2019-10-04 21:58:40,890 [Thread-2383] INFO  impl.FollowerState (FollowerState.java:run(117)) - e2dfd3a4-2705-4c7d-a081-96e4411721bd@group-3E4670F0C74D-FollowerState was interrupted: java.lang.InterruptedException: sleep interrupted
2019-10-04 21:58:40,927 [Thread-2377] INFO  impl.FollowerState (FollowerState.java:run(108)) - e2dfd3a4-2705-4c7d-a081-96e4411721bd@group-8F1B55FD044C-FollowerState: change to CANDIDATE, lastRpcTime:5149ms, electionTimeout:5122ms
2019-10-04 21:58:40,929 [Thread-2377] INFO  impl.RoleInfo (RoleInfo.java:shutdownFollowerState(121)) - e2dfd3a4-2705-4c7d-a081-96e4411721bd: shutdown FollowerState
2019-10-04 21:58:40,929 [Thread-2377] INFO  impl.RaftServerImpl (RaftServerImpl.java:setRole(170)) - e2dfd3a4-2705-4c7d-a081-96e4411721bd@group-8F1B55FD044C: changes role from  FOLLOWER to CANDIDATE at term 0 for changeToCandidate
2019-10-04 21:58:40,929 [Thread-2377] INFO  impl.RoleInfo (RoleInfo.java:updateAndGet(143)) - e2dfd3a4-2705-4c7d-a081-96e4411721bd: start LeaderElection
2019-10-04 21:58:40,937 [Thread-2389] INFO  impl.FollowerState (FollowerState.java:run(108)) - 830b047c-d83d-4cac-9bf3-b637015f42cb@group-DFD869609F34-FollowerState: change to CANDIDATE, lastRpcTime:5017ms, electionTimeout:5017ms
2019-10-04 21:58:40,937 [Thread-2389] INFO  impl.RoleInfo (RoleInfo.java:shutdownFollowerState(121)) - 830b047c-d83d-4cac-9bf3-b637015f42cb: shutdown FollowerState
2019-10-04 21:58:40,937 [Thread-2389] INFO  impl.RaftServerImpl (RaftServerImpl.java:setRole(170)) - 830b047c-d83d-4cac-9bf3-b637015f42cb@group-DFD869609F34: changes role from  FOLLOWER to CANDIDATE at term 0 for changeToCandidate
2019-10-04 21:58:40,937 [Thread-2389] INFO  impl.RoleInfo (RoleInfo.java:updateAndGet(143)) - 830b047c-d83d-4cac-9bf3-b637015f42cb: start LeaderElection
2019-10-04 21:58:40,950 [5fcbd5a2-5389-4956-8319-81964adfb395@group-B3C5BB280FC9-SegmentedRaftLogWorker] INFO  segmented.SegmentedRaftLogWorker (SegmentedRaftLogWorker.java:execute(574)) - 5fcbd5a2-5389-4956-8319-81964adfb395@group-B3C5BB280FC9-SegmentedRaftLogWorker: created new log segment /workdir/hadoop-ozone/integration-test/target/test-dir/MiniOzoneClusterImpl-ac9d142f-b000-48ce-8db6-0047c3f5b70d/datanode-1/data/ratis/880ed241-13d5-44f1-b9d2-b3c5bb280fc9/current/log_inprogress_0
2019-10-04 21:58:40,950 [e2dfd3a4-2705-4c7d-a081-96e4411721bd@group-8F1B55FD044C-LeaderElection58] INFO  impl.LeaderElection (LeaderElection.java:askForVotes(178)) - e2dfd3a4-2705-4c7d-a081-96e4411721bd@group-8F1B55FD044C-LeaderElection58: begin an election at term 1 for -1: [e2dfd3a4-2705-4c7d-a081-96e4411721bd:192.168.30.43:39979], old=null
2019-10-04 21:58:40,950 [e2dfd3a4-2705-4c7d-a081-96e4411721bd@group-8F1B55FD044C-LeaderElection58] INFO  impl.RoleInfo (RoleInfo.java:shutdownLeaderElection(134)) - e2dfd3a4-2705-4c7d-a081-96e4411721bd: shutdown LeaderElection
2019-10-04 21:58:40,950 [e2dfd3a4-2705-4c7d-a081-96e4411721bd@group-8F1B55FD044C-LeaderElection58] INFO  impl.RaftServerImpl (RaftServerImpl.java:setRole(170)) - e2dfd3a4-2705-4c7d-a081-96e4411721bd@group-8F1B55FD044C: changes role from CANDIDATE to LEADER at term 1 for changeToLeader
2019-10-04 21:58:40,950 [e2dfd3a4-2705-4c7d-a081-96e4411721bd@group-8F1B55FD044C-LeaderElection58] INFO  impl.RaftServerImpl (ServerState.java:setLeader(255)) - e2dfd3a4-2705-4c7d-a081-96e4411721bd@group-8F1B55FD044C: change Leader from null to e2dfd3a4-2705-4c7d-a081-96e4411721bd at term 1 for becomeLeader, leader elected after 5179ms
2019-10-04 21:58:40,950 [e2dfd3a4-2705-4c7d-a081-96e4411721bd@group-8F1B55FD044C-LeaderElection58] INFO  server.RaftServerConfigKeys (ConfUtils.java:logGet(43)) - raft.server.staging.catchup.gap = 1000 (default)
2019-10-04 21:58:40,951 [e2dfd3a4-2705-4c7d-a081-96e4411721bd@group-8F1B55FD044C-LeaderElection58] INFO  server.RaftServerConfigKeys (ConfUtils.java:logGet(43)) - raft.server.rpc.sleep.time = 25ms (default)
2019-10-04 21:58:40,951 [ad1a2d63-2d60-4868-a73e-6dcf7d06ccb5@group-3E4670F0C74D-LeaderElection56] INFO  impl.LeaderElection (LeaderElection.java:logAndReturn(56)) - ad1a2d63-2d60-4868-a73e-6dcf7d06ccb5@group-3E4670F0C74D-LeaderElection56: Election PASSED; received 1 response(s) [ad1a2d63-2d60-4868-a73e-6dcf7d06ccb5<-5fcbd5a2-5389-4956-8319-81964adfb395#0:OK-t1] and 0 exception(s); ad1a2d63-2d60-4868-a73e-6dcf7d06ccb5@group-3E4670F0C74D:t1, leader=null, voted=ad1a2d63-2d60-4868-a73e-6dcf7d06ccb5, raftlog=ad1a2d63-2d60-4868-a73e-6dcf7d06ccb5@group-3E4670F0C74D-SegmentedRaftLog:OPENED:c-1,f-1,i0, conf=-1: [5fcbd5a2-5389-4956-8319-81964adfb395:192.168.30.43:36852, e2dfd3a4-2705-4c7d-a081-96e4411721bd:192.168.30.43:39979, ad1a2d63-2d60-4868-a73e-6dcf7d06ccb5:192.168.30.43:36804], old=null
2019-10-04 21:58:40,951 [e2dfd3a4-2705-4c7d-a081-96e4411721bd@group-8F1B55FD044C-LeaderElection58] INFO  server.RaftServerConfigKeys (ConfUtils.java:logGet(43)) - raft.server.write.element-limit = 4096 (default)
2019-10-04 21:58:40,951 [ad1a2d63-2d60-4868-a73e-6dcf7d06ccb5@group-3E4670F0C74D-LeaderElection56] INFO  impl.RoleInfo (RoleInfo.java:shutdownLeaderElection(134)) - ad1a2d63-2d60-4868-a73e-6dcf7d06ccb5: shutdown LeaderElection
2019-10-04 21:58:40,954 [e2dfd3a4-2705-4c7d-a081-96e4411721bd@group-8F1B55FD044C-LeaderElection58] INFO  server.RaftServerConfigKeys (ConfUtils.java:logGet(43)) - raft.server.watch.timeout = 10s (default)
2019-10-04 21:58:40,954 [ad1a2d63-2d60-4868-a73e-6dcf7d06ccb5@group-3E4670F0C74D-LeaderElection56] INFO  impl.RaftServerImpl (RaftServerImpl.java:setRole(170)) - ad1a2d63-2d60-4868-a73e-6dcf7d06ccb5@group-3E4670F0C74D: changes role from CANDIDATE to LEADER at term 1 for changeToLeader
2019-10-04 21:58:40,954 [e2dfd3a4-2705-4c7d-a081-96e4411721bd@group-8F1B55FD044C-LeaderElection58] INFO  server.RaftServerConfigKeys (ConfUtils.java:logGet(43)) - raft.server.watch.timeout.denomination = 1s (default)
2019-10-04 21:58:40,954 [ad1a2d63-2d60-4868-a73e-6dcf7d06ccb5@group-3E4670F0C74D-LeaderElection56] INFO  impl.RaftServerImpl (ServerState.java:setLeader(255)) - ad1a2d63-2d60-4868-a73e-6dcf7d06ccb5@group-3E4670F0C74D: change Leader from null to ad1a2d63-2d60-4868-a73e-6dcf7d06ccb5 at term 1 for becomeLeader, leader elected after 5126ms
2019-10-04 21:58:40,954 [e2dfd3a4-2705-4c7d-a081-96e4411721bd@group-8F1B55FD044C-LeaderElection58] INFO  server.RaftServerConfigKeys (ConfUtils.java:logGet(43)) - raft.server.watch.element-limit = 65536 (default)
2019-10-04 21:58:40,955 [ad1a2d63-2d60-4868-a73e-6dcf7d06ccb5@group-3E4670F0C74D-LeaderElection56] INFO  server.RaftServerConfigKeys (ConfUtils.java:logGet(43)) - raft.server.staging.catchup.gap = 1000 (default)
2019-10-04 21:58:40,955 [ad1a2d63-2d60-4868-a73e-6dcf7d06ccb5@group-3E4670F0C74D-LeaderElection56] INFO  server.RaftServerConfigKeys (ConfUtils.java:logGet(43)) - raft.server.rpc.sleep.time = 25ms (default)
2019-10-04 21:58:40,955 [ad1a2d63-2d60-4868-a73e-6dcf7d06ccb5@group-3E4670F0C74D-LeaderElection56] INFO  server.RaftServerConfigKeys (ConfUtils.java:logGet(43)) - raft.server.write.element-limit = 4096 (default)
2019-10-04 21:58:40,955 [ad1a2d63-2d60-4868-a73e-6dcf7d06ccb5@group-3E4670F0C74D-LeaderElection56] INFO  server.RaftServerConfigKeys (ConfUtils.java:logGet(43)) - raft.server.watch.timeout = 10s (default)
2019-10-04 21:58:40,955 [ad1a2d63-2d60-4868-a73e-6dcf7d06ccb5@group-3E4670F0C74D-LeaderElection56] INFO  server.RaftServerConfigKeys (ConfUtils.java:logGet(43)) - raft.server.watch.timeout.denomination = 1s (default)
2019-10-04 21:58:40,955 [ad1a2d63-2d60-4868-a73e-6dcf7d06ccb5@group-3E4670F0C74D-LeaderElection56] INFO  server.RaftServerConfigKeys (ConfUtils.java:logGet(43)) - raft.server.watch.element-limit = 65536 (default)
2019-10-04 21:58:40,957 [e2dfd3a4-2705-4c7d-a081-96e4411721bd@group-8F1B55FD044C-LeaderElection58] INFO  impl.RoleInfo (RoleInfo.java:updateAndGet(143)) - e2dfd3a4-2705-4c7d-a081-96e4411721bd: start LeaderState
2019-10-04 21:58:40,957 [e2dfd3a4-2705-4c7d-a081-96e4411721bd@group-8F1B55FD044C-LeaderElection58] INFO  segmented.SegmentedRaftLogWorker (SegmentedRaftLogWorker.java:startLogSegment(385)) - e2dfd3a4-2705-4c7d-a081-96e4411721bd@group-8F1B55FD044C-SegmentedRaftLogWorker: Starting segment from index:0
2019-10-04 21:58:40,957 [e2dfd3a4-2705-4c7d-a081-96e4411721bd@group-8F1B55FD044C-LeaderElection58] INFO  impl.RaftServerImpl (ServerState.java:setRaftConf(356)) - e2dfd3a4-2705-4c7d-a081-96e4411721bd@group-8F1B55FD044C: set configuration 0: [e2dfd3a4-2705-4c7d-a081-96e4411721bd:192.168.30.43:39979], old=null at 0
2019-10-04 21:58:40,958 [ad1a2d63-2d60-4868-a73e-6dcf7d06ccb5@group-3E4670F0C74D-LeaderElection56] INFO  server.RaftServerConfigKeys (ConfUtils.java:logGet(43)) - raft.server.log.appender.snapshot.chunk.size.max = 16MB (=16777216) (default)
2019-10-04 21:58:40,958 [ad1a2d63-2d60-4868-a73e-6dcf7d06ccb5@group-3E4670F0C74D-LeaderElection56] INFO  server.RaftServerConfigKeys (ConfUtils.java:logGet(43)) - raft.server.log.appender.buffer.byte-limit = 33554432 (custom)
2019-10-04 21:58:40,958 [ad1a2d63-2d60-4868-a73e-6dcf7d06ccb5@group-3E4670F0C74D-LeaderElection56] INFO  server.RaftServerConfigKeys (ConfUtils.java:logGet(43)) - raft.server.log.appender.buffer.element-limit = 1 (custom)
2019-10-04 21:58:40,958 [ad1a2d63-2d60-4868-a73e-6dcf7d06ccb5@group-3E4670F0C74D-LeaderElection56] INFO  grpc.GrpcConfigKeys$Server (ConfUtils.java:logGet(43)) - raft.grpc.server.leader.outstanding.appends.max = 128 (default)
2019-10-04 21:58:40,958 [ad1a2d63-2d60-4868-a73e-6dcf7d06ccb5@group-3E4670F0C74D-LeaderElection56] INFO  server.RaftServerConfigKeys (ConfUtils.java:logGet(43)) - raft.server.rpc.request.timeout = 3000ms (default)
2019-10-04 21:58:40,959 [ad1a2d63-2d60-4868-a73e-6dcf7d06ccb5@group-3E4670F0C74D-LeaderElection56] INFO  server.RaftServerConfigKeys (ConfUtils.java:logGet(43)) - raft.server.log.appender.install.snapshot.enabled = false (custom)
2019-10-04 21:58:40,959 [ad1a2d63-2d60-4868-a73e-6dcf7d06ccb5@group-3E4670F0C74D-LeaderElection56] INFO  server.RaftServerConfigKeys (ConfUtils.java:logGet(43)) - raft.server.log.appender.snapshot.chunk.size.max = 16MB (=16777216) (default)
2019-10-04 21:58:40,959 [ad1a2d63-2d60-4868-a73e-6dcf7d06ccb5@group-3E4670F0C74D-LeaderElection56] INFO  server.RaftServerConfigKeys (ConfUtils.java:logGet(43)) - raft.server.log.appender.buffer.byte-limit = 33554432 (custom)
2019-10-04 21:58:40,959 [ad1a2d63-2d60-4868-a73e-6dcf7d06ccb5@group-3E4670F0C74D-LeaderElection56] INFO  server.RaftServerConfigKeys (ConfUtils.java:logGet(43)) - raft.server.log.appender.buffer.element-limit = 1 (custom)
2019-10-04 21:58:40,959 [ad1a2d63-2d60-4868-a73e-6dcf7d06ccb5@group-3E4670F0C74D-LeaderElection56] INFO  grpc.GrpcConfigKeys$Server (ConfUtils.java:logGet(43)) - raft.grpc.server.leader.outstanding.appends.max = 128 (default)
2019-10-04 21:58:40,959 [ad1a2d63-2d60-4868-a73e-6dcf7d06ccb5@group-3E4670F0C74D-LeaderElection56] INFO  server.RaftServerConfigKeys (ConfUtils.java:logGet(43)) - raft.server.rpc.request.timeout = 3000ms (default)
2019-10-04 21:58:40,960 [ad1a2d63-2d60-4868-a73e-6dcf7d06ccb5@group-3E4670F0C74D-LeaderElection56] INFO  server.RaftServerConfigKeys (ConfUtils.java:logGet(43)) - raft.server.log.appender.install.snapshot.enabled = false (custom)
2019-10-04 21:58:40,960 [ad1a2d63-2d60-4868-a73e-6dcf7d06ccb5@group-3E4670F0C74D-LeaderElection56] INFO  impl.RoleInfo (RoleInfo.java:updateAndGet(143)) - ad1a2d63-2d60-4868-a73e-6dcf7d06ccb5: start LeaderState
2019-10-04 21:58:40,960 [ad1a2d63-2d60-4868-a73e-6dcf7d06ccb5@group-3E4670F0C74D-LeaderElection56] INFO  segmented.SegmentedRaftLogWorker (SegmentedRaftLogWorker.java:startLogSegment(385)) - ad1a2d63-2d60-4868-a73e-6dcf7d06ccb5@group-3E4670F0C74D-SegmentedRaftLogWorker: Starting segment from index:0
2019-10-04 21:58:40,961 [ad1a2d63-2d60-4868-a73e-6dcf7d06ccb5@group-3E4670F0C74D-LeaderElection56] INFO  impl.RaftServerImpl (ServerState.java:setRaftConf(356)) - ad1a2d63-2d60-4868-a73e-6dcf7d06ccb5@group-3E4670F0C74D: set configuration 0: [5fcbd5a2-5389-4956-8319-81964adfb395:192.168.30.43:36852, e2dfd3a4-2705-4c7d-a081-96e4411721bd:192.168.30.43:39979, ad1a2d63-2d60-4868-a73e-6dcf7d06ccb5:192.168.30.43:36804], old=null at 0
2019-10-04 21:58:40,961 [830b047c-d83d-4cac-9bf3-b637015f42cb@group-DFD869609F34-LeaderElection59] INFO  impl.LeaderElection (LeaderElection.java:askForVotes(178)) - 830b047c-d83d-4cac-9bf3-b637015f42cb@group-DFD869609F34-LeaderElection59: begin an election at term 1 for -1: [830b047c-d83d-4cac-9bf3-b637015f42cb:192.168.30.43:34251], old=null
2019-10-04 21:58:40,989 [Thread-2392] INFO  impl.FollowerState (FollowerState.java:run(108)) - 5e6f749b-20dc-4c27-b2cb-9fbd1e2e10b9@group-6A47F6FF6BC6-FollowerState: change to CANDIDATE, lastRpcTime:5033ms, electionTimeout:5031ms
2019-10-04 21:58:40,990 [830b047c-d83d-4cac-9bf3-b637015f42cb@group-DFD869609F34-LeaderElection59] INFO  impl.RoleInfo (RoleInfo.java:shutdownLeaderElection(134)) - 830b047c-d83d-4cac-9bf3-b637015f42cb: shutdown LeaderElection
2019-10-04 21:58:40,990 [Thread-2392] INFO  impl.RoleInfo (RoleInfo.java:shutdownFollowerState(121)) - 5e6f749b-20dc-4c27-b2cb-9fbd1e2e10b9: shutdown FollowerState
2019-10-04 21:58:40,990 [830b047c-d83d-4cac-9bf3-b637015f42cb@group-DFD869609F34-LeaderElection59] INFO  impl.RaftServerImpl (RaftServerImpl.java:setRole(170)) - 830b047c-d83d-4cac-9bf3-b637015f42cb@group-DFD869609F34: changes role from CANDIDATE to LEADER at term 1 for changeToLeader
2019-10-04 21:58:40,990 [Thread-2392] INFO  impl.RaftServerImpl (RaftServerImpl.java:setRole(170)) - 5e6f749b-20dc-4c27-b2cb-9fbd1e2e10b9@group-6A47F6FF6BC6: changes role from  FOLLOWER to CANDIDATE at term 0 for changeToCandidate
2019-10-04 21:58:40,990 [830b047c-d83d-4cac-9bf3-b637015f42cb@group-DFD869609F34-LeaderElection59] INFO  impl.RaftServerImpl (ServerState.java:setLeader(255)) - 830b047c-d83d-4cac-9bf3-b637015f42cb@group-DFD869609F34: change Leader from null to 830b047c-d83d-4cac-9bf3-b637015f42cb at term 1 for becomeLeader, leader elected after 5076ms
2019-10-04 21:58:40,991 [830b047c-d83d-4cac-9bf3-b637015f42cb@group-DFD869609F34-LeaderElection59] INFO  server.RaftServerConfigKeys (ConfUtils.java:logGet(43)) - raft.server.staging.catchup.gap = 1000 (default)
2019-10-04 21:58:40,991 [Thread-2392] INFO  impl.RoleInfo (RoleInfo.java:updateAndGet(143)) - 5e6f749b-20dc-4c27-b2cb-9fbd1e2e10b9: start LeaderElection
2019-10-04 21:58:40,991 [830b047c-d83d-4cac-9bf3-b637015f42cb@group-DFD869609F34-LeaderElection59] INFO  server.RaftServerConfigKeys (ConfUtils.java:logGet(43)) - raft.server.rpc.sleep.time = 25ms (default)
2019-10-04 21:58:41,003 [grpc-default-executor-3] INFO  impl.RaftServerImpl (ServerState.java:setLeader(255)) - 5fcbd5a2-5389-4956-8319-81964adfb395@group-3E4670F0C74D: change Leader from null to ad1a2d63-2d60-4868-a73e-6dcf7d06ccb5 at term 1 for appendEntries, leader elected after 5175ms
2019-10-04 21:58:40,993 [grpc-default-executor-1] INFO  impl.RaftServerImpl (ServerState.java:setLeader(255)) - e2dfd3a4-2705-4c7d-a081-96e4411721bd@group-3E4670F0C74D: change Leader from null to ad1a2d63-2d60-4868-a73e-6dcf7d06ccb5 at term 1 for appendEntries, leader elected after 5165ms
2019-10-04 21:58:41,003 [830b047c-d83d-4cac-9bf3-b637015f42cb@group-DFD869609F34-LeaderElection59] INFO  server.RaftServerConfigKeys (ConfUtils.java:logGet(43)) - raft.server.write.element-limit = 4096 (default)
2019-10-04 21:58:41,003 [ad1a2d63-2d60-4868-a73e-6dcf7d06ccb5@group-3E4670F0C74D-SegmentedRaftLogWorker] INFO  segmented.SegmentedRaftLogWorker (SegmentedRaftLogWorker.java:execute(574)) - ad1a2d63-2d60-4868-a73e-6dcf7d06ccb5@group-3E4670F0C74D-SegmentedRaftLogWorker: created new log segment /workdir/hadoop-ozone/integration-test/target/test-dir/MiniOzoneClusterImpl-ac9d142f-b000-48ce-8db6-0047c3f5b70d/datanode-0/data/ratis/89cfbe00-5e70-4895-a99d-3e4670f0c74d/current/log_inprogress_0
2019-10-04 21:58:41,003 [e2dfd3a4-2705-4c7d-a081-96e4411721bd@group-8F1B55FD044C-SegmentedRaftLogWorker] INFO  segmented.SegmentedRaftLogWorker (SegmentedRaftLogWorker.java:execute(574)) - e2dfd3a4-2705-4c7d-a081-96e4411721bd@group-8F1B55FD044C-SegmentedRaftLogWorker: created new log segment /workdir/hadoop-ozone/integration-test/target/test-dir/MiniOzoneClusterImpl-ac9d142f-b000-48ce-8db6-0047c3f5b70d/datanode-2/data/ratis/b305b6ca-1204-477d-aa5d-8f1b55fd044c/current/log_inprogress_0
2019-10-04 21:58:41,004 [830b047c-d83d-4cac-9bf3-b637015f42cb@group-DFD869609F34-LeaderElection59] INFO  server.RaftServerConfigKeys (ConfUtils.java:logGet(43)) - raft.server.watch.timeout = 10s (default)
2019-10-04 21:58:41,004 [830b047c-d83d-4cac-9bf3-b637015f42cb@group-DFD869609F34-LeaderElection59] INFO  server.RaftServerConfigKeys (ConfUtils.java:logGet(43)) - raft.server.watch.timeout.denomination = 1s (default)
2019-10-04 21:58:41,004 [830b047c-d83d-4cac-9bf3-b637015f42cb@group-DFD869609F34-LeaderElection59] INFO  server.RaftServerConfigKeys (ConfUtils.java:logGet(43)) - raft.server.watch.element-limit = 65536 (default)
2019-10-04 21:58:41,006 [Thread-2395] INFO  impl.FollowerState (FollowerState.java:run(108)) - f256f2de-b8b7-4d16-b3a1-c2d66db0fe2c@group-1A738674AE3C-FollowerState: change to CANDIDATE, lastRpcTime:5004ms, electionTimeout:5004ms
2019-10-04 21:58:41,006 [grpc-default-executor-1] INFO  impl.RaftServerImpl (ServerState.java:setRaftConf(356)) - 5fcbd5a2-5389-4956-8319-81964adfb395@group-3E4670F0C74D: set configuration 0: [5fcbd5a2-5389-4956-8319-81964adfb395:192.168.30.43:36852, e2dfd3a4-2705-4c7d-a081-96e4411721bd:192.168.30.43:39979, ad1a2d63-2d60-4868-a73e-6dcf7d06ccb5:192.168.30.43:36804], old=null at 0
2019-10-04 21:58:41,006 [Thread-2395] INFO  impl.RoleInfo (RoleInfo.java:shutdownFollowerState(121)) - f256f2de-b8b7-4d16-b3a1-c2d66db0fe2c: shutdown FollowerState
2019-10-04 21:58:41,006 [grpc-default-executor-1] INFO  segmented.SegmentedRaftLogWorker (SegmentedRaftLogWorker.java:startLogSegment(385)) - 5fcbd5a2-5389-4956-8319-81964adfb395@group-3E4670F0C74D-SegmentedRaftLogWorker: Starting segment from index:0
2019-10-04 21:58:41,006 [830b047c-d83d-4cac-9bf3-b637015f42cb@group-DFD869609F34-LeaderElection59] INFO  impl.RoleInfo (RoleInfo.java:updateAndGet(143)) - 830b047c-d83d-4cac-9bf3-b637015f42cb: start LeaderState
2019-10-04 21:58:41,006 [grpc-default-executor-3] INFO  impl.RaftServerImpl (ServerState.java:setRaftConf(356)) - e2dfd3a4-2705-4c7d-a081-96e4411721bd@group-3E4670F0C74D: set configuration 0: [5fcbd5a2-5389-4956-8319-81964adfb395:192.168.30.43:36852, e2dfd3a4-2705-4c7d-a081-96e4411721bd:192.168.30.43:39979, ad1a2d63-2d60-4868-a73e-6dcf7d06ccb5:192.168.30.43:36804], old=null at 0
2019-10-04 21:58:41,006 [830b047c-d83d-4cac-9bf3-b637015f42cb@group-DFD869609F34-LeaderElection59] INFO  segmented.SegmentedRaftLogWorker (SegmentedRaftLogWorker.java:startLogSegment(385)) - 830b047c-d83d-4cac-9bf3-b637015f42cb@group-DFD869609F34-SegmentedRaftLogWorker: Starting segment from index:0
2019-10-04 21:58:41,006 [Thread-2395] INFO  impl.RaftServerImpl (RaftServerImpl.java:setRole(170)) - f256f2de-b8b7-4d16-b3a1-c2d66db0fe2c@group-1A738674AE3C: changes role from  FOLLOWER to CANDIDATE at term 0 for changeToCandidate
2019-10-04 21:58:41,006 [grpc-default-executor-3] INFO  segmented.SegmentedRaftLogWorker (SegmentedRaftLogWorker.java:startLogSegment(385)) - e2dfd3a4-2705-4c7d-a081-96e4411721bd@group-3E4670F0C74D-SegmentedRaftLogWorker: Starting segment from index:0
2019-10-04 21:58:41,007 [Thread-2395] INFO  impl.RoleInfo (RoleInfo.java:updateAndGet(143)) - f256f2de-b8b7-4d16-b3a1-c2d66db0fe2c: start LeaderElection
2019-10-04 21:58:41,007 [830b047c-d83d-4cac-9bf3-b637015f42cb@group-DFD869609F34-LeaderElection59] INFO  impl.RaftServerImpl (ServerState.java:setRaftConf(356)) - 830b047c-d83d-4cac-9bf3-b637015f42cb@group-DFD869609F34: set configuration 0: [830b047c-d83d-4cac-9bf3-b637015f42cb:192.168.30.43:34251], old=null at 0
2019-10-04 21:58:41,045 [5e6f749b-20dc-4c27-b2cb-9fbd1e2e10b9@group-6A47F6FF6BC6-LeaderElection60] INFO  impl.LeaderElection (LeaderElection.java:askForVotes(178)) - 5e6f749b-20dc-4c27-b2cb-9fbd1e2e10b9@group-6A47F6FF6BC6-LeaderElection60: begin an election at term 1 for -1: [5e6f749b-20dc-4c27-b2cb-9fbd1e2e10b9:192.168.30.43:35294], old=null
2019-10-04 21:58:41,049 [5e6f749b-20dc-4c27-b2cb-9fbd1e2e10b9@group-6A47F6FF6BC6-LeaderElection60] INFO  impl.RoleInfo (RoleInfo.java:shutdownLeaderElection(134)) - 5e6f749b-20dc-4c27-b2cb-9fbd1e2e10b9: shutdown LeaderElection
2019-10-04 21:58:41,049 [5e6f749b-20dc-4c27-b2cb-9fbd1e2e10b9@group-6A47F6FF6BC6-LeaderElection60] INFO  impl.RaftServerImpl (RaftServerImpl.java:setRole(170)) - 5e6f749b-20dc-4c27-b2cb-9fbd1e2e10b9@group-6A47F6FF6BC6: changes role from CANDIDATE to LEADER at term 1 for changeToLeader
2019-10-04 21:58:41,049 [5e6f749b-20dc-4c27-b2cb-9fbd1e2e10b9@group-6A47F6FF6BC6-LeaderElection60] INFO  impl.RaftServerImpl (ServerState.java:setLeader(255)) - 5e6f749b-20dc-4c27-b2cb-9fbd1e2e10b9@group-6A47F6FF6BC6: change Leader from null to 5e6f749b-20dc-4c27-b2cb-9fbd1e2e10b9 at term 1 for becomeLeader, leader elected after 5099ms
2019-10-04 21:58:41,049 [5e6f749b-20dc-4c27-b2cb-9fbd1e2e10b9@group-6A47F6FF6BC6-LeaderElection60] INFO  server.RaftServerConfigKeys (ConfUtils.java:logGet(43)) - raft.server.staging.catchup.gap = 1000 (default)
2019-10-04 21:58:41,049 [5e6f749b-20dc-4c27-b2cb-9fbd1e2e10b9@group-6A47F6FF6BC6-LeaderElection60] INFO  server.RaftServerConfigKeys (ConfUtils.java:logGet(43)) - raft.server.rpc.sleep.time = 25ms (default)
2019-10-04 21:58:41,049 [5e6f749b-20dc-4c27-b2cb-9fbd1e2e10b9@group-6A47F6FF6BC6-LeaderElection60] INFO  server.RaftServerConfigKeys (ConfUtils.java:logGet(43)) - raft.server.write.element-limit = 4096 (default)
2019-10-04 21:58:41,049 [5e6f749b-20dc-4c27-b2cb-9fbd1e2e10b9@group-6A47F6FF6BC6-LeaderElection60] INFO  server.RaftServerConfigKeys (ConfUtils.java:logGet(43)) - raft.server.watch.timeout = 10s (default)
2019-10-04 21:58:41,049 [5e6f749b-20dc-4c27-b2cb-9fbd1e2e10b9@group-6A47F6FF6BC6-LeaderElection60] INFO  server.RaftServerConfigKeys (ConfUtils.java:logGet(43)) - raft.server.watch.timeout.denomination = 1s (default)
2019-10-04 21:58:41,049 [5e6f749b-20dc-4c27-b2cb-9fbd1e2e10b9@group-6A47F6FF6BC6-LeaderElection60] INFO  server.RaftServerConfigKeys (ConfUtils.java:logGet(43)) - raft.server.watch.element-limit = 65536 (default)
2019-10-04 21:58:41,051 [5e6f749b-20dc-4c27-b2cb-9fbd1e2e10b9@group-6A47F6FF6BC6-LeaderElection60] INFO  impl.RoleInfo (RoleInfo.java:updateAndGet(143)) - 5e6f749b-20dc-4c27-b2cb-9fbd1e2e10b9: start LeaderState
2019-10-04 21:58:41,051 [5e6f749b-20dc-4c27-b2cb-9fbd1e2e10b9@group-6A47F6FF6BC6-LeaderElection60] INFO  segmented.SegmentedRaftLogWorker (SegmentedRaftLogWorker.java:startLogSegment(385)) - 5e6f749b-20dc-4c27-b2cb-9fbd1e2e10b9@group-6A47F6FF6BC6-SegmentedRaftLogWorker: Starting segment from index:0
2019-10-04 21:58:41,051 [5e6f749b-20dc-4c27-b2cb-9fbd1e2e10b9@group-6A47F6FF6BC6-LeaderElection60] INFO  impl.RaftServerImpl (ServerState.java:setRaftConf(356)) - 5e6f749b-20dc-4c27-b2cb-9fbd1e2e10b9@group-6A47F6FF6BC6: set configuration 0: [5e6f749b-20dc-4c27-b2cb-9fbd1e2e10b9:192.168.30.43:35294], old=null at 0
2019-10-04 21:58:41,072 [5fcbd5a2-5389-4956-8319-81964adfb395@group-3E4670F0C74D-SegmentedRaftLogWorker] INFO  segmented.SegmentedRaftLogWorker (SegmentedRaftLogWorker.java:execute(574)) - 5fcbd5a2-5389-4956-8319-81964adfb395@group-3E4670F0C74D-SegmentedRaftLogWorker: created new log segment /workdir/hadoop-ozone/integration-test/target/test-dir/MiniOzoneClusterImpl-ac9d142f-b000-48ce-8db6-0047c3f5b70d/datanode-1/data/ratis/89cfbe00-5e70-4895-a99d-3e4670f0c74d/current/log_inprogress_0
2019-10-04 21:58:41,072 [f256f2de-b8b7-4d16-b3a1-c2d66db0fe2c@group-1A738674AE3C-LeaderElection61] INFO  impl.LeaderElection (LeaderElection.java:askForVotes(178)) - f256f2de-b8b7-4d16-b3a1-c2d66db0fe2c@group-1A738674AE3C-LeaderElection61: begin an election at term 1 for -1: [f256f2de-b8b7-4d16-b3a1-c2d66db0fe2c:192.168.30.43:38194], old=null
2019-10-04 21:58:41,072 [830b047c-d83d-4cac-9bf3-b637015f42cb@group-DFD869609F34-SegmentedRaftLogWorker] INFO  segmented.SegmentedRaftLogWorker (SegmentedRaftLogWorker.java:execute(574)) - 830b047c-d83d-4cac-9bf3-b637015f42cb@group-DFD869609F34-SegmentedRaftLogWorker: created new log segment /workdir/hadoop-ozone/integration-test/target/test-dir/MiniOzoneClusterImpl-ac9d142f-b000-48ce-8db6-0047c3f5b70d/datanode-3/data/ratis/53ed6498-8cdb-4027-956c-dfd869609f34/current/log_inprogress_0
2019-10-04 21:58:41,072 [f256f2de-b8b7-4d16-b3a1-c2d66db0fe2c@group-1A738674AE3C-LeaderElection61] INFO  impl.RoleInfo (RoleInfo.java:shutdownLeaderElection(134)) - f256f2de-b8b7-4d16-b3a1-c2d66db0fe2c: shutdown LeaderElection
2019-10-04 21:58:41,072 [f256f2de-b8b7-4d16-b3a1-c2d66db0fe2c@group-1A738674AE3C-LeaderElection61] INFO  impl.RaftServerImpl (RaftServerImpl.java:setRole(170)) - f256f2de-b8b7-4d16-b3a1-c2d66db0fe2c@group-1A738674AE3C: changes role from CANDIDATE to LEADER at term 1 for changeToLeader
2019-10-04 21:58:41,073 [f256f2de-b8b7-4d16-b3a1-c2d66db0fe2c@group-1A738674AE3C-LeaderElection61] INFO  impl.RaftServerImpl (ServerState.java:setLeader(255)) - f256f2de-b8b7-4d16-b3a1-c2d66db0fe2c@group-1A738674AE3C: change Leader from null to f256f2de-b8b7-4d16-b3a1-c2d66db0fe2c at term 1 for becomeLeader, leader elected after 5077ms
2019-10-04 21:58:41,073 [f256f2de-b8b7-4d16-b3a1-c2d66db0fe2c@group-1A738674AE3C-LeaderElection61] INFO  server.RaftServerConfigKeys (ConfUtils.java:logGet(43)) - raft.server.staging.catchup.gap = 1000 (default)
2019-10-04 21:58:41,073 [f256f2de-b8b7-4d16-b3a1-c2d66db0fe2c@group-1A738674AE3C-LeaderElection61] INFO  server.RaftServerConfigKeys (ConfUtils.java:logGet(43)) - raft.server.rpc.sleep.time = 25ms (default)
2019-10-04 21:58:41,073 [f256f2de-b8b7-4d16-b3a1-c2d66db0fe2c@group-1A738674AE3C-LeaderElection61] INFO  server.RaftServerConfigKeys (ConfUtils.java:logGet(43)) - raft.server.write.element-limit = 4096 (default)
2019-10-04 21:58:41,073 [f256f2de-b8b7-4d16-b3a1-c2d66db0fe2c@group-1A738674AE3C-LeaderElection61] INFO  server.RaftServerConfigKeys (ConfUtils.java:logGet(43)) - raft.server.watch.timeout = 10s (default)
2019-10-04 21:58:41,073 [f256f2de-b8b7-4d16-b3a1-c2d66db0fe2c@group-1A738674AE3C-LeaderElection61] INFO  server.RaftServerConfigKeys (ConfUtils.java:logGet(43)) - raft.server.watch.timeout.denomination = 1s (default)
2019-10-04 21:58:41,073 [f256f2de-b8b7-4d16-b3a1-c2d66db0fe2c@group-1A738674AE3C-LeaderElection61] INFO  server.RaftServerConfigKeys (ConfUtils.java:logGet(43)) - raft.server.watch.element-limit = 65536 (default)
2019-10-04 21:58:41,075 [f256f2de-b8b7-4d16-b3a1-c2d66db0fe2c@group-1A738674AE3C-LeaderElection61] INFO  impl.RoleInfo (RoleInfo.java:updateAndGet(143)) - f256f2de-b8b7-4d16-b3a1-c2d66db0fe2c: start LeaderState
2019-10-04 21:58:41,076 [f256f2de-b8b7-4d16-b3a1-c2d66db0fe2c@group-1A738674AE3C-LeaderElection61] INFO  segmented.SegmentedRaftLogWorker (SegmentedRaftLogWorker.java:startLogSegment(385)) - f256f2de-b8b7-4d16-b3a1-c2d66db0fe2c@group-1A738674AE3C-SegmentedRaftLogWorker: Starting segment from index:0
2019-10-04 21:58:41,076 [f256f2de-b8b7-4d16-b3a1-c2d66db0fe2c@group-1A738674AE3C-LeaderElection61] INFO  impl.RaftServerImpl (ServerState.java:setRaftConf(356)) - f256f2de-b8b7-4d16-b3a1-c2d66db0fe2c@group-1A738674AE3C: set configuration 0: [f256f2de-b8b7-4d16-b3a1-c2d66db0fe2c:192.168.30.43:38194], old=null at 0
2019-10-04 21:58:41,085 [5e6f749b-20dc-4c27-b2cb-9fbd1e2e10b9@group-6A47F6FF6BC6-SegmentedRaftLogWorker] INFO  segmented.SegmentedRaftLogWorker (SegmentedRaftLogWorker.java:execute(574)) - 5e6f749b-20dc-4c27-b2cb-9fbd1e2e10b9@group-6A47F6FF6BC6-SegmentedRaftLogWorker: created new log segment /workdir/hadoop-ozone/integration-test/target/test-dir/MiniOzoneClusterImpl-ac9d142f-b000-48ce-8db6-0047c3f5b70d/datanode-4/data/ratis/b28bddea-66ee-4704-aaf9-6a47f6ff6bc6/current/log_inprogress_0
2019-10-04 21:58:41,085 [e2dfd3a4-2705-4c7d-a081-96e4411721bd@group-3E4670F0C74D-SegmentedRaftLogWorker] INFO  segmented.SegmentedRaftLogWorker (SegmentedRaftLogWorker.java:execute(574)) - e2dfd3a4-2705-4c7d-a081-96e4411721bd@group-3E4670F0C74D-SegmentedRaftLogWorker: created new log segment /workdir/hadoop-ozone/integration-test/target/test-dir/MiniOzoneClusterImpl-ac9d142f-b000-48ce-8db6-0047c3f5b70d/datanode-2/data/ratis/89cfbe00-5e70-4895-a99d-3e4670f0c74d/current/log_inprogress_0
2019-10-04 21:58:41,099 [Thread-2403] INFO  impl.FollowerState (FollowerState.java:run(108)) - 5e6f749b-20dc-4c27-b2cb-9fbd1e2e10b9@group-74B60D058B9C-FollowerState: change to CANDIDATE, lastRpcTime:5036ms, electionTimeout:5036ms
2019-10-04 21:58:41,099 [Thread-2403] INFO  impl.RoleInfo (RoleInfo.java:shutdownFollowerState(121)) - 5e6f749b-20dc-4c27-b2cb-9fbd1e2e10b9: shutdown FollowerState
2019-10-04 21:58:41,099 [Thread-2403] INFO  impl.RaftServerImpl (RaftServerImpl.java:setRole(170)) - 5e6f749b-20dc-4c27-b2cb-9fbd1e2e10b9@group-74B60D058B9C: changes role from  FOLLOWER to CANDIDATE at term 0 for changeToCandidate
2019-10-04 21:58:41,099 [Thread-2403] INFO  impl.RoleInfo (RoleInfo.java:updateAndGet(143)) - 5e6f749b-20dc-4c27-b2cb-9fbd1e2e10b9: start LeaderElection
2019-10-04 21:58:41,106 [Thread-2398] INFO  impl.FollowerState (FollowerState.java:run(108)) - 830b047c-d83d-4cac-9bf3-b637015f42cb@group-74B60D058B9C-FollowerState: change to CANDIDATE, lastRpcTime:5048ms, electionTimeout:5046ms
2019-10-04 21:58:41,106 [Thread-2398] INFO  impl.RoleInfo (RoleInfo.java:shutdownFollowerState(121)) - 830b047c-d83d-4cac-9bf3-b637015f42cb: shutdown FollowerState
2019-10-04 21:58:41,106 [Thread-2398] INFO  impl.RaftServerImpl (RaftServerImpl.java:setRole(170)) - 830b047c-d83d-4cac-9bf3-b637015f42cb@group-74B60D058B9C: changes role from  FOLLOWER to CANDIDATE at term 0 for changeToCandidate
2019-10-04 21:58:41,107 [Thread-2398] INFO  impl.RoleInfo (RoleInfo.java:updateAndGet(143)) - 830b047c-d83d-4cac-9bf3-b637015f42cb: start LeaderElection
2019-10-04 21:58:41,129 [f256f2de-b8b7-4d16-b3a1-c2d66db0fe2c@group-1A738674AE3C-SegmentedRaftLogWorker] INFO  segmented.SegmentedRaftLogWorker (SegmentedRaftLogWorker.java:execute(574)) - f256f2de-b8b7-4d16-b3a1-c2d66db0fe2c@group-1A738674AE3C-SegmentedRaftLogWorker: created new log segment /workdir/hadoop-ozone/integration-test/target/test-dir/MiniOzoneClusterImpl-ac9d142f-b000-48ce-8db6-0047c3f5b70d/datanode-5/data/ratis/6743bfdb-bbeb-462d-a042-1a738674ae3c/current/log_inprogress_0
2019-10-04 21:58:41,129 [5e6f749b-20dc-4c27-b2cb-9fbd1e2e10b9@group-74B60D058B9C-LeaderElection62] INFO  impl.LeaderElection (LeaderElection.java:askForVotes(178)) - 5e6f749b-20dc-4c27-b2cb-9fbd1e2e10b9@group-74B60D058B9C-LeaderElection62: begin an election at term 1 for -1: [5e6f749b-20dc-4c27-b2cb-9fbd1e2e10b9:192.168.30.43:35294, f256f2de-b8b7-4d16-b3a1-c2d66db0fe2c:192.168.30.43:38194, 830b047c-d83d-4cac-9bf3-b637015f42cb:192.168.30.43:34251], old=null
2019-10-04 21:58:41,129 [830b047c-d83d-4cac-9bf3-b637015f42cb@group-74B60D058B9C-LeaderElection63] INFO  impl.LeaderElection (LeaderElection.java:askForVotes(178)) - 830b047c-d83d-4cac-9bf3-b637015f42cb@group-74B60D058B9C-LeaderElection63: begin an election at term 1 for -1: [5e6f749b-20dc-4c27-b2cb-9fbd1e2e10b9:192.168.30.43:35294, f256f2de-b8b7-4d16-b3a1-c2d66db0fe2c:192.168.30.43:38194, 830b047c-d83d-4cac-9bf3-b637015f42cb:192.168.30.43:34251], old=null
2019-10-04 21:58:41,139 [grpc-default-executor-8] INFO  impl.RaftServerImpl (RaftServerImpl.java:setRole(170)) - f256f2de-b8b7-4d16-b3a1-c2d66db0fe2c@group-74B60D058B9C: changes role from  FOLLOWER to FOLLOWER at term 1 for recognizeCandidate:5e6f749b-20dc-4c27-b2cb-9fbd1e2e10b9
2019-10-04 21:58:41,139 [grpc-default-executor-8] INFO  impl.RoleInfo (RoleInfo.java:shutdownFollowerState(121)) - f256f2de-b8b7-4d16-b3a1-c2d66db0fe2c: shutdown FollowerState
2019-10-04 21:58:41,139 [grpc-default-executor-8] INFO  impl.RoleInfo (RoleInfo.java:updateAndGet(143)) - f256f2de-b8b7-4d16-b3a1-c2d66db0fe2c: start FollowerState
2019-10-04 21:58:41,139 [Thread-2401] INFO  impl.FollowerState (FollowerState.java:run(117)) - f256f2de-b8b7-4d16-b3a1-c2d66db0fe2c@group-74B60D058B9C-FollowerState was interrupted: java.lang.InterruptedException: sleep interrupted
2019-10-04 21:58:41,170 [5e6f749b-20dc-4c27-b2cb-9fbd1e2e10b9@group-74B60D058B9C-LeaderElection62] INFO  impl.LeaderElection (LeaderElection.java:logAndReturn(56)) - 5e6f749b-20dc-4c27-b2cb-9fbd1e2e10b9@group-74B60D058B9C-LeaderElection62: Election PASSED; received 2 response(s) [5e6f749b-20dc-4c27-b2cb-9fbd1e2e10b9<-830b047c-d83d-4cac-9bf3-b637015f42cb#0:FAIL-t1, 5e6f749b-20dc-4c27-b2cb-9fbd1e2e10b9<-f256f2de-b8b7-4d16-b3a1-c2d66db0fe2c#0:OK-t1] and 0 exception(s); 5e6f749b-20dc-4c27-b2cb-9fbd1e2e10b9@group-74B60D058B9C:t1, leader=null, voted=5e6f749b-20dc-4c27-b2cb-9fbd1e2e10b9, raftlog=5e6f749b-20dc-4c27-b2cb-9fbd1e2e10b9@group-74B60D058B9C-SegmentedRaftLog:OPENED:c-1,f-1,i0, conf=-1: [5e6f749b-20dc-4c27-b2cb-9fbd1e2e10b9:192.168.30.43:35294, f256f2de-b8b7-4d16-b3a1-c2d66db0fe2c:192.168.30.43:38194, 830b047c-d83d-4cac-9bf3-b637015f42cb:192.168.30.43:34251], old=null
2019-10-04 21:58:41,170 [830b047c-d83d-4cac-9bf3-b637015f42cb@group-74B60D058B9C-LeaderElection63] INFO  impl.LeaderElection (LeaderElection.java:logAndReturn(56)) - 830b047c-d83d-4cac-9bf3-b637015f42cb@group-74B60D058B9C-LeaderElection63: Election REJECTED; received 2 response(s) [830b047c-d83d-4cac-9bf3-b637015f42cb<-5e6f749b-20dc-4c27-b2cb-9fbd1e2e10b9#0:FAIL-t1, 830b047c-d83d-4cac-9bf3-b637015f42cb<-f256f2de-b8b7-4d16-b3a1-c2d66db0fe2c#0:FAIL-t1] and 0 exception(s); 830b047c-d83d-4cac-9bf3-b637015f42cb@group-74B60D058B9C:t1, leader=null, voted=830b047c-d83d-4cac-9bf3-b637015f42cb, raftlog=830b047c-d83d-4cac-9bf3-b637015f42cb@group-74B60D058B9C-SegmentedRaftLog:OPENED:c-1,f-1,i0, conf=-1: [5e6f749b-20dc-4c27-b2cb-9fbd1e2e10b9:192.168.30.43:35294, f256f2de-b8b7-4d16-b3a1-c2d66db0fe2c:192.168.30.43:38194, 830b047c-d83d-4cac-9bf3-b637015f42cb:192.168.30.43:34251], old=null
2019-10-04 21:58:41,170 [5e6f749b-20dc-4c27-b2cb-9fbd1e2e10b9@group-74B60D058B9C-LeaderElection62] INFO  impl.RoleInfo (RoleInfo.java:shutdownLeaderElection(134)) - 5e6f749b-20dc-4c27-b2cb-9fbd1e2e10b9: shutdown LeaderElection
2019-10-04 21:58:41,173 [830b047c-d83d-4cac-9bf3-b637015f42cb@group-74B60D058B9C-LeaderElection63] INFO  impl.RaftServerImpl (RaftServerImpl.java:setRole(170)) - 830b047c-d83d-4cac-9bf3-b637015f42cb@group-74B60D058B9C: changes role from CANDIDATE to FOLLOWER at term 1 for DISCOVERED_A_NEW_TERM
2019-10-04 21:58:41,175 [830b047c-d83d-4cac-9bf3-b637015f42cb@group-74B60D058B9C-LeaderElection63] INFO  impl.RoleInfo (RoleInfo.java:shutdownLeaderElection(134)) - 830b047c-d83d-4cac-9bf3-b637015f42cb: shutdown LeaderElection
2019-10-04 21:58:41,175 [5e6f749b-20dc-4c27-b2cb-9fbd1e2e10b9@group-74B60D058B9C-LeaderElection62] INFO  impl.RaftServerImpl (RaftServerImpl.java:setRole(170)) - 5e6f749b-20dc-4c27-b2cb-9fbd1e2e10b9@group-74B60D058B9C: changes role from CANDIDATE to LEADER at term 1 for changeToLeader
2019-10-04 21:58:41,175 [830b047c-d83d-4cac-9bf3-b637015f42cb@group-74B60D058B9C-LeaderElection63] INFO  impl.RoleInfo (RoleInfo.java:updateAndGet(143)) - 830b047c-d83d-4cac-9bf3-b637015f42cb: start FollowerState
2019-10-04 21:58:41,175 [5e6f749b-20dc-4c27-b2cb-9fbd1e2e10b9@group-74B60D058B9C-LeaderElection62] INFO  impl.RaftServerImpl (ServerState.java:setLeader(255)) - 5e6f749b-20dc-4c27-b2cb-9fbd1e2e10b9@group-74B60D058B9C: change Leader from null to 5e6f749b-20dc-4c27-b2cb-9fbd1e2e10b9 at term 1 for becomeLeader, leader elected after 5125ms
2019-10-04 21:58:41,175 [5e6f749b-20dc-4c27-b2cb-9fbd1e2e10b9@group-74B60D058B9C-LeaderElection62] INFO  server.RaftServerConfigKeys (ConfUtils.java:logGet(43)) - raft.server.staging.catchup.gap = 1000 (default)
2019-10-04 21:58:41,175 [5e6f749b-20dc-4c27-b2cb-9fbd1e2e10b9@group-74B60D058B9C-LeaderElection62] INFO  server.RaftServerConfigKeys (ConfUtils.java:logGet(43)) - raft.server.rpc.sleep.time = 25ms (default)
2019-10-04 21:58:41,175 [5e6f749b-20dc-4c27-b2cb-9fbd1e2e10b9@group-74B60D058B9C-LeaderElection62] INFO  server.RaftServerConfigKeys (ConfUtils.java:logGet(43)) - raft.server.write.element-limit = 4096 (default)
2019-10-04 21:58:41,176 [5e6f749b-20dc-4c27-b2cb-9fbd1e2e10b9@group-74B60D058B9C-LeaderElection62] INFO  server.RaftServerConfigKeys (ConfUtils.java:logGet(43)) - raft.server.watch.timeout = 10s (default)
2019-10-04 21:58:41,176 [5e6f749b-20dc-4c27-b2cb-9fbd1e2e10b9@group-74B60D058B9C-LeaderElection62] INFO  server.RaftServerConfigKeys (ConfUtils.java:logGet(43)) - raft.server.watch.timeout.denomination = 1s (default)
2019-10-04 21:58:41,176 [5e6f749b-20dc-4c27-b2cb-9fbd1e2e10b9@group-74B60D058B9C-LeaderElection62] INFO  server.RaftServerConfigKeys (ConfUtils.java:logGet(43)) - raft.server.watch.element-limit = 65536 (default)
2019-10-04 21:58:41,177 [5e6f749b-20dc-4c27-b2cb-9fbd1e2e10b9@group-74B60D058B9C-LeaderElection62] INFO  server.RaftServerConfigKeys (ConfUtils.java:logGet(43)) - raft.server.log.appender.snapshot.chunk.size.max = 16MB (=16777216) (default)
2019-10-04 21:58:41,177 [5e6f749b-20dc-4c27-b2cb-9fbd1e2e10b9@group-74B60D058B9C-LeaderElection62] INFO  server.RaftServerConfigKeys (ConfUtils.java:logGet(43)) - raft.server.log.appender.buffer.byte-limit = 33554432 (custom)
2019-10-04 21:58:41,177 [5e6f749b-20dc-4c27-b2cb-9fbd1e2e10b9@group-74B60D058B9C-LeaderElection62] INFO  server.RaftServerConfigKeys (ConfUtils.java:logGet(43)) - raft.server.log.appender.buffer.element-limit = 1 (custom)
2019-10-04 21:58:41,178 [5e6f749b-20dc-4c27-b2cb-9fbd1e2e10b9@group-74B60D058B9C-LeaderElection62] INFO  grpc.GrpcConfigKeys$Server (ConfUtils.java:logGet(43)) - raft.grpc.server.leader.outstanding.appends.max = 128 (default)
2019-10-04 21:58:41,178 [5e6f749b-20dc-4c27-b2cb-9fbd1e2e10b9@group-74B60D058B9C-LeaderElection62] INFO  server.RaftServerConfigKeys (ConfUtils.java:logGet(43)) - raft.server.rpc.request.timeout = 3000ms (default)
2019-10-04 21:58:41,178 [5e6f749b-20dc-4c27-b2cb-9fbd1e2e10b9@group-74B60D058B9C-LeaderElection62] INFO  server.RaftServerConfigKeys (ConfUtils.java:logGet(43)) - raft.server.log.appender.install.snapshot.enabled = false (custom)
2019-10-04 21:58:41,178 [5e6f749b-20dc-4c27-b2cb-9fbd1e2e10b9@group-74B60D058B9C-LeaderElection62] INFO  server.RaftServerConfigKeys (ConfUtils.java:logGet(43)) - raft.server.log.appender.snapshot.chunk.size.max = 16MB (=16777216) (default)
2019-10-04 21:58:41,178 [5e6f749b-20dc-4c27-b2cb-9fbd1e2e10b9@group-74B60D058B9C-LeaderElection62] INFO  server.RaftServerConfigKeys (ConfUtils.java:logGet(43)) - raft.server.log.appender.buffer.byte-limit = 33554432 (custom)
2019-10-04 21:58:41,178 [5e6f749b-20dc-4c27-b2cb-9fbd1e2e10b9@group-74B60D058B9C-LeaderElection62] INFO  server.RaftServerConfigKeys (ConfUtils.java:logGet(43)) - raft.server.log.appender.buffer.element-limit = 1 (custom)
2019-10-04 21:58:41,178 [5e6f749b-20dc-4c27-b2cb-9fbd1e2e10b9@group-74B60D058B9C-LeaderElection62] INFO  grpc.GrpcConfigKeys$Server (ConfUtils.java:logGet(43)) - raft.grpc.server.leader.outstanding.appends.max = 128 (default)
2019-10-04 21:58:41,178 [5e6f749b-20dc-4c27-b2cb-9fbd1e2e10b9@group-74B60D058B9C-LeaderElection62] INFO  server.RaftServerConfigKeys (ConfUtils.java:logGet(43)) - raft.server.rpc.request.timeout = 3000ms (default)
2019-10-04 21:58:41,179 [5e6f749b-20dc-4c27-b2cb-9fbd1e2e10b9@group-74B60D058B9C-LeaderElection62] INFO  server.RaftServerConfigKeys (ConfUtils.java:logGet(43)) - raft.server.log.appender.install.snapshot.enabled = false (custom)
2019-10-04 21:58:41,179 [5e6f749b-20dc-4c27-b2cb-9fbd1e2e10b9@group-74B60D058B9C-LeaderElection62] INFO  impl.RoleInfo (RoleInfo.java:updateAndGet(143)) - 5e6f749b-20dc-4c27-b2cb-9fbd1e2e10b9: start LeaderState
2019-10-04 21:58:41,179 [5e6f749b-20dc-4c27-b2cb-9fbd1e2e10b9@group-74B60D058B9C-LeaderElection62] INFO  segmented.SegmentedRaftLogWorker (SegmentedRaftLogWorker.java:startLogSegment(385)) - 5e6f749b-20dc-4c27-b2cb-9fbd1e2e10b9@group-74B60D058B9C-SegmentedRaftLogWorker: Starting segment from index:0
2019-10-04 21:58:41,180 [5e6f749b-20dc-4c27-b2cb-9fbd1e2e10b9@group-74B60D058B9C-LeaderElection62] INFO  impl.RaftServerImpl (ServerState.java:setRaftConf(356)) - 5e6f749b-20dc-4c27-b2cb-9fbd1e2e10b9@group-74B60D058B9C: set configuration 0: [5e6f749b-20dc-4c27-b2cb-9fbd1e2e10b9:192.168.30.43:35294, f256f2de-b8b7-4d16-b3a1-c2d66db0fe2c:192.168.30.43:38194, 830b047c-d83d-4cac-9bf3-b637015f42cb:192.168.30.43:34251], old=null at 0
2019-10-04 21:58:41,181 [grpc-default-executor-1] INFO  impl.RaftServerImpl (ServerState.java:setLeader(255)) - f256f2de-b8b7-4d16-b3a1-c2d66db0fe2c@group-74B60D058B9C: change Leader from null to 5e6f749b-20dc-4c27-b2cb-9fbd1e2e10b9 at term 1 for appendEntries, leader elected after 5132ms
2019-10-04 21:58:41,207 [grpc-default-executor-1] INFO  impl.RaftServerImpl (ServerState.java:setLeader(255)) - 830b047c-d83d-4cac-9bf3-b637015f42cb@group-74B60D058B9C: change Leader from null to 5e6f749b-20dc-4c27-b2cb-9fbd1e2e10b9 at term 1 for appendEntries, leader elected after 5158ms
2019-10-04 21:58:41,214 [grpc-default-executor-8] INFO  impl.RaftServerImpl (ServerState.java:setRaftConf(356)) - 830b047c-d83d-4cac-9bf3-b637015f42cb@group-74B60D058B9C: set configuration 0: [5e6f749b-20dc-4c27-b2cb-9fbd1e2e10b9:192.168.30.43:35294, f256f2de-b8b7-4d16-b3a1-c2d66db0fe2c:192.168.30.43:38194, 830b047c-d83d-4cac-9bf3-b637015f42cb:192.168.30.43:34251], old=null at 0
2019-10-04 21:58:41,214 [grpc-default-executor-8] INFO  segmented.SegmentedRaftLogWorker (SegmentedRaftLogWorker.java:startLogSegment(385)) - 830b047c-d83d-4cac-9bf3-b637015f42cb@group-74B60D058B9C-SegmentedRaftLogWorker: Starting segment from index:0
2019-10-04 21:58:41,215 [grpc-default-executor-1] INFO  impl.RaftServerImpl (ServerState.java:setRaftConf(356)) - f256f2de-b8b7-4d16-b3a1-c2d66db0fe2c@group-74B60D058B9C: set configuration 0: [5e6f749b-20dc-4c27-b2cb-9fbd1e2e10b9:192.168.30.43:35294, f256f2de-b8b7-4d16-b3a1-c2d66db0fe2c:192.168.30.43:38194, 830b047c-d83d-4cac-9bf3-b637015f42cb:192.168.30.43:34251], old=null at 0
2019-10-04 21:58:41,215 [grpc-default-executor-1] INFO  segmented.SegmentedRaftLogWorker (SegmentedRaftLogWorker.java:startLogSegment(385)) - f256f2de-b8b7-4d16-b3a1-c2d66db0fe2c@group-74B60D058B9C-SegmentedRaftLogWorker: Starting segment from index:0
2019-10-04 21:58:41,221 [5e6f749b-20dc-4c27-b2cb-9fbd1e2e10b9@group-74B60D058B9C-SegmentedRaftLogWorker] INFO  segmented.SegmentedRaftLogWorker (SegmentedRaftLogWorker.java:execute(574)) - 5e6f749b-20dc-4c27-b2cb-9fbd1e2e10b9@group-74B60D058B9C-SegmentedRaftLogWorker: created new log segment /workdir/hadoop-ozone/integration-test/target/test-dir/MiniOzoneClusterImpl-ac9d142f-b000-48ce-8db6-0047c3f5b70d/datanode-4/data/ratis/550772bf-7f4b-45a4-8f49-74b60d058b9c/current/log_inprogress_0
2019-10-04 21:58:41,265 [830b047c-d83d-4cac-9bf3-b637015f42cb@group-74B60D058B9C-SegmentedRaftLogWorker] INFO  segmented.SegmentedRaftLogWorker (SegmentedRaftLogWorker.java:execute(574)) - 830b047c-d83d-4cac-9bf3-b637015f42cb@group-74B60D058B9C-SegmentedRaftLogWorker: created new log segment /workdir/hadoop-ozone/integration-test/target/test-dir/MiniOzoneClusterImpl-ac9d142f-b000-48ce-8db6-0047c3f5b70d/datanode-3/data/ratis/550772bf-7f4b-45a4-8f49-74b60d058b9c/current/log_inprogress_0
2019-10-04 21:58:41,265 [f256f2de-b8b7-4d16-b3a1-c2d66db0fe2c@group-74B60D058B9C-SegmentedRaftLogWorker] INFO  segmented.SegmentedRaftLogWorker (SegmentedRaftLogWorker.java:execute(574)) - f256f2de-b8b7-4d16-b3a1-c2d66db0fe2c@group-74B60D058B9C-SegmentedRaftLogWorker: created new log segment /workdir/hadoop-ozone/integration-test/target/test-dir/MiniOzoneClusterImpl-ac9d142f-b000-48ce-8db6-0047c3f5b70d/datanode-5/data/ratis/550772bf-7f4b-45a4-8f49-74b60d058b9c/current/log_inprogress_0
2019-10-04 21:58:42,368 [Datanode State Machine Thread - 0] INFO  statemachine.DatanodeStateMachine (DatanodeStateMachine.java:lambda$startDaemon$0(350)) - Ozone container server started.
2019-10-04 21:58:46,394 [main] INFO  ozoneimpl.OzoneContainer (OzoneContainer.java:stop(231)) - Attempting to stop container services.
2019-10-04 21:58:46,395 [main] INFO  impl.RaftServerProxy (RaftServerProxy.java:lambda$close$4(314)) - ad1a2d63-2d60-4868-a73e-6dcf7d06ccb5: close
2019-10-04 21:58:46,396 [main] INFO  impl.RaftServerImpl (RaftServerImpl.java:lambda$shutdown$3(247)) - ad1a2d63-2d60-4868-a73e-6dcf7d06ccb5@group-27852BA40723: shutdown
2019-10-04 21:58:46,397 [main] INFO  util.JmxRegister (JmxRegister.java:unregister(73)) - Successfully un-registered JMX Bean with object name Ratis:service=RaftServer,group=group-27852BA40723,id=ad1a2d63-2d60-4868-a73e-6dcf7d06ccb5
2019-10-04 21:58:46,397 [main] INFO  impl.RoleInfo (RoleInfo.java:shutdownLeaderState(104)) - ad1a2d63-2d60-4868-a73e-6dcf7d06ccb5: shutdown LeaderState
2019-10-04 21:58:46,398 [main] INFO  impl.PendingRequests (PendingRequests.java:sendNotLeaderResponses(202)) - ad1a2d63-2d60-4868-a73e-6dcf7d06ccb5@group-27852BA40723-PendingRequests: sendNotLeaderResponses
2019-10-04 21:58:46,398 [main] INFO  impl.StateMachineUpdater (StateMachineUpdater.java:stopAndJoin(136)) - ad1a2d63-2d60-4868-a73e-6dcf7d06ccb5@group-27852BA40723-StateMachineUpdater: set stopIndex = 0
2019-10-04 21:58:46,400 [main] INFO  impl.RaftServerImpl (ServerState.java:close(387)) - ad1a2d63-2d60-4868-a73e-6dcf7d06ccb5@group-27852BA40723: closes. applyIndex: 0
2019-10-04 21:58:46,400 [ad1a2d63-2d60-4868-a73e-6dcf7d06ccb5@group-27852BA40723-SegmentedRaftLogWorker] INFO  segmented.SegmentedRaftLogWorker (SegmentedRaftLogWorker.java:run(316)) - ad1a2d63-2d60-4868-a73e-6dcf7d06ccb5@group-27852BA40723-SegmentedRaftLogWorker was interrupted, exiting. There are 0 tasks remaining in the queue.
2019-10-04 21:58:46,405 [main] INFO  segmented.SegmentedRaftLogWorker (SegmentedRaftLogWorker.java:close(224)) - ad1a2d63-2d60-4868-a73e-6dcf7d06ccb5@group-27852BA40723-SegmentedRaftLogWorker close()
2019-10-04 21:58:46,411 [main] INFO  impl.RaftServerImpl (RaftServerImpl.java:lambda$shutdown$3(247)) - ad1a2d63-2d60-4868-a73e-6dcf7d06ccb5@group-3E4670F0C74D: shutdown
2019-10-04 21:58:46,411 [main] INFO  util.JmxRegister (JmxRegister.java:unregister(73)) - Successfully un-registered JMX Bean with object name Ratis:service=RaftServer,group=group-3E4670F0C74D,id=ad1a2d63-2d60-4868-a73e-6dcf7d06ccb5
2019-10-04 21:58:46,412 [main] INFO  impl.RoleInfo (RoleInfo.java:shutdownLeaderState(104)) - ad1a2d63-2d60-4868-a73e-6dcf7d06ccb5: shutdown LeaderState
2019-10-04 21:58:46,417 [main] INFO  impl.PendingRequests (PendingRequests.java:sendNotLeaderResponses(202)) - ad1a2d63-2d60-4868-a73e-6dcf7d06ccb5@group-3E4670F0C74D-PendingRequests: sendNotLeaderResponses
2019-10-04 21:58:46,417 [org.apache.ratis.server.impl.LogAppender$AppenderDaemon$$Lambda$418/793403833@17524c39] WARN  server.GrpcLogAppender (GrpcLogAppender.java:mayWait(143)) - ad1a2d63-2d60-4868-a73e-6dcf7d06ccb5@group-3E4670F0C74D->e2dfd3a4-2705-4c7d-a081-96e4411721bd-GrpcLogAppender: Wait interrupted by java.lang.InterruptedException
2019-10-04 21:58:46,417 [org.apache.ratis.server.impl.LogAppender$AppenderDaemon$$Lambda$418/793403833@5521fa42] WARN  server.GrpcLogAppender (GrpcLogAppender.java:mayWait(143)) - ad1a2d63-2d60-4868-a73e-6dcf7d06ccb5@group-3E4670F0C74D->5fcbd5a2-5389-4956-8319-81964adfb395-GrpcLogAppender: Wait interrupted by java.lang.InterruptedException
2019-10-04 21:58:46,435 [main] INFO  impl.StateMachineUpdater (StateMachineUpdater.java:stopAndJoin(136)) - ad1a2d63-2d60-4868-a73e-6dcf7d06ccb5@group-3E4670F0C74D-StateMachineUpdater: set stopIndex = 2
2019-10-04 21:58:46,436 [ad1a2d63-2d60-4868-a73e-6dcf7d06ccb5@group-3E4670F0C74D-StateMachineUpdater] INFO  ratis.ContainerStateMachine (ContainerStateMachine.java:takeSnapshot(293)) - group-3E4670F0C74D: Taking a snapshot at:(t:1, i:2) file /workdir/hadoop-ozone/integration-test/target/test-dir/MiniOzoneClusterImpl-ac9d142f-b000-48ce-8db6-0047c3f5b70d/datanode-0/data/ratis/89cfbe00-5e70-4895-a99d-3e4670f0c74d/sm/snapshot.1_2
2019-10-04 21:58:46,436 [grpc-default-executor-1] INFO  server.GrpcServerProtocolService (GrpcServerProtocolService.java:onCompleted(113)) - e2dfd3a4-2705-4c7d-a081-96e4411721bd: Completed APPEND_ENTRIES, lastRequest: ad1a2d63-2d60-4868-a73e-6dcf7d06ccb5->e2dfd3a4-2705-4c7d-a081-96e4411721bd#5-t1, previous=(t:1, i:2), leaderCommit=2, initializing? false, entries: <empty>
2019-10-04 21:58:46,437 [grpc-default-executor-1] INFO  server.GrpcServerProtocolService (GrpcServerProtocolService.java:onCompleted(113)) - 5fcbd5a2-5389-4956-8319-81964adfb395: Completed APPEND_ENTRIES, lastRequest: ad1a2d63-2d60-4868-a73e-6dcf7d06ccb5->5fcbd5a2-5389-4956-8319-81964adfb395#5-t1, previous=(t:1, i:2), leaderCommit=2, initializing? false, entries: <empty>
2019-10-04 21:58:46,437 [grpc-default-executor-1] INFO  server.GrpcLogAppender (GrpcLogAppender.java:onCompleted(293)) - ad1a2d63-2d60-4868-a73e-6dcf7d06ccb5@group-3E4670F0C74D->e2dfd3a4-2705-4c7d-a081-96e4411721bd-AppendLogResponseHandler: follower responses appendEntries COMPLETED
2019-10-04 21:58:46,437 [grpc-default-executor-8] INFO  server.GrpcLogAppender (GrpcLogAppender.java:onCompleted(293)) - ad1a2d63-2d60-4868-a73e-6dcf7d06ccb5@group-3E4670F0C74D->5fcbd5a2-5389-4956-8319-81964adfb395-AppendLogResponseHandler: follower responses appendEntries COMPLETED
2019-10-04 21:58:46,439 [grpc-default-executor-1] INFO  impl.FollowerInfo (FollowerInfo.java:lambda$new$0(51)) - ad1a2d63-2d60-4868-a73e-6dcf7d06ccb5@group-3E4670F0C74D->e2dfd3a4-2705-4c7d-a081-96e4411721bd: nextIndex: updateUnconditionally 3 -> 2
2019-10-04 21:58:46,439 [grpc-default-executor-8] INFO  impl.FollowerInfo (FollowerInfo.java:lambda$new$0(51)) - ad1a2d63-2d60-4868-a73e-6dcf7d06ccb5@group-3E4670F0C74D->5fcbd5a2-5389-4956-8319-81964adfb395: nextIndex: updateUnconditionally 3 -> 2
2019-10-04 21:58:46,449 [ad1a2d63-2d60-4868-a73e-6dcf7d06ccb5@group-3E4670F0C74D-StateMachineUpdater] INFO  ratis.ContainerStateMachine (ContainerStateMachine.java:takeSnapshot(304)) - group-3E4670F0C74D: Finished taking a snapshot at:(t:1, i:2) file:/workdir/hadoop-ozone/integration-test/target/test-dir/MiniOzoneClusterImpl-ac9d142f-b000-48ce-8db6-0047c3f5b70d/datanode-0/data/ratis/89cfbe00-5e70-4895-a99d-3e4670f0c74d/sm/snapshot.1_2 time:13
2019-10-04 21:58:46,449 [ad1a2d63-2d60-4868-a73e-6dcf7d06ccb5@group-3E4670F0C74D-StateMachineUpdater] INFO  impl.StateMachineUpdater (StateMachineUpdater.java:takeSnapshot(269)) - ad1a2d63-2d60-4868-a73e-6dcf7d06ccb5@group-3E4670F0C74D-StateMachineUpdater: Took a snapshot at index 2
2019-10-04 21:58:46,450 [ad1a2d63-2d60-4868-a73e-6dcf7d06ccb5@group-3E4670F0C74D-StateMachineUpdater] INFO  impl.StateMachineUpdater (StateMachineUpdater.java:lambda$new$0(84)) - ad1a2d63-2d60-4868-a73e-6dcf7d06ccb5@group-3E4670F0C74D-StateMachineUpdater: snapshotIndex: updateIncreasingly -1 -> 2
2019-10-04 21:58:46,450 [main] INFO  impl.RaftServerImpl (ServerState.java:close(387)) - ad1a2d63-2d60-4868-a73e-6dcf7d06ccb5@group-3E4670F0C74D: closes. applyIndex: 2
2019-10-04 21:58:46,451 [ad1a2d63-2d60-4868-a73e-6dcf7d06ccb5@group-3E4670F0C74D-SegmentedRaftLogWorker] INFO  segmented.SegmentedRaftLogWorker (SegmentedRaftLogWorker.java:run(316)) - ad1a2d63-2d60-4868-a73e-6dcf7d06ccb5@group-3E4670F0C74D-SegmentedRaftLogWorker was interrupted, exiting. There are 0 tasks remaining in the queue.
2019-10-04 21:58:46,454 [main] INFO  segmented.SegmentedRaftLogWorker (SegmentedRaftLogWorker.java:close(224)) - ad1a2d63-2d60-4868-a73e-6dcf7d06ccb5@group-3E4670F0C74D-SegmentedRaftLogWorker close()
2019-10-04 21:58:46,460 [main] INFO  server.GrpcService (GrpcService.java:closeImpl(164)) - ad1a2d63-2d60-4868-a73e-6dcf7d06ccb5: shutdown server with port 36804 now
2019-10-04 21:58:46,462 [main] INFO  server.GrpcService (GrpcService.java:closeImpl(172)) - ad1a2d63-2d60-4868-a73e-6dcf7d06ccb5: shutdown server with port 36804 successfully
2019-10-04 21:58:46,464 [refreshUsed-/workdir/hadoop-ozone/integration-test/target/test-dir/MiniOzoneClusterImpl-ac9d142f-b000-48ce-8db6-0047c3f5b70d/datanode-0/data/containers] WARN  fs.CachingGetSpaceUsed (CachingGetSpaceUsed.java:run(183)) - Thread Interrupted waiting to refresh disk information: sleep interrupted
2019-10-04 21:58:46,486 [main] INFO  utils.BackgroundService (BackgroundService.java:shutdown(148)) - Shutting down service BlockDeletingService
2019-10-04 21:58:46,493 [main] INFO  statemachine.DatanodeStateMachine (DatanodeStateMachine.java:stopDaemon(395)) - Ozone container server stopped.
2019-10-04 21:58:46,495 [main] INFO  handler.ContextHandler (ContextHandler.java:doStop(910)) - Stopped o.e.j.w.WebAppContext@33ec2c0c{/,null,UNAVAILABLE}{/hddsDatanode}
2019-10-04 21:58:46,497 [main] INFO  server.AbstractConnector (AbstractConnector.java:doStop(318)) - Stopped ServerConnector@5968800d{HTTP/1.1,[http/1.1]}{0.0.0.0:0}
2019-10-04 21:58:46,497 [main] INFO  handler.ContextHandler (ContextHandler.java:doStop(910)) - Stopped o.e.j.s.ServletContextHandler@261f359f{/static,jar:file:/home/user/.m2/repository/org/apache/hadoop/hadoop-hdds-container-service/0.5.0-SNAPSHOT/hadoop-hdds-container-service-0.5.0-SNAPSHOT.jar!/webapps/static,UNAVAILABLE}
2019-10-04 21:58:46,498 [main] INFO  handler.ContextHandler (ContextHandler.java:doStop(910)) - Stopped o.e.j.s.ServletContextHandler@7aded903{/logs,file:///workdir/hadoop-ozone/integration-test/target/log,UNAVAILABLE}
2019-10-04 21:58:56,092 [Thread-2425] INFO  impl.FollowerState (FollowerState.java:run(108)) - 5fcbd5a2-5389-4956-8319-81964adfb395@group-3E4670F0C74D-FollowerState: change to CANDIDATE, lastRpcTime:9858ms, electionTimeout:5109ms
2019-10-04 21:58:56,093 [Thread-2425] INFO  impl.RoleInfo (RoleInfo.java:shutdownFollowerState(121)) - 5fcbd5a2-5389-4956-8319-81964adfb395: shutdown FollowerState
2019-10-04 21:58:56,093 [Thread-2425] INFO  impl.RaftServerImpl (RaftServerImpl.java:setRole(170)) - 5fcbd5a2-5389-4956-8319-81964adfb395@group-3E4670F0C74D: changes role from  FOLLOWER to CANDIDATE at term 1 for changeToCandidate
2019-10-04 21:58:56,093 [Thread-2425] INFO  impl.RoleInfo (RoleInfo.java:updateAndGet(143)) - 5fcbd5a2-5389-4956-8319-81964adfb395: start LeaderElection
2019-10-04 21:58:56,097 [5fcbd5a2-5389-4956-8319-81964adfb395@group-3E4670F0C74D-LeaderElection64] INFO  impl.RaftServerImpl (ServerState.java:setLeader(255)) - 5fcbd5a2-5389-4956-8319-81964adfb395@group-3E4670F0C74D: change Leader from ad1a2d63-2d60-4868-a73e-6dcf7d06ccb5 to null at term 1 for initElection
2019-10-04 21:58:56,112 [5fcbd5a2-5389-4956-8319-81964adfb395@group-3E4670F0C74D-LeaderElection64] INFO  impl.LeaderElection (LeaderElection.java:askForVotes(178)) - 5fcbd5a2-5389-4956-8319-81964adfb395@group-3E4670F0C74D-LeaderElection64: begin an election at term 2 for 0: [5fcbd5a2-5389-4956-8319-81964adfb395:192.168.30.43:36852, e2dfd3a4-2705-4c7d-a081-96e4411721bd:192.168.30.43:39979, ad1a2d63-2d60-4868-a73e-6dcf7d06ccb5:192.168.30.43:36804], old=null
2019-10-04 21:58:56,115 [5fcbd5a2-5389-4956-8319-81964adfb395@group-3E4670F0C74D-LeaderElection64] INFO  impl.LeaderElection (LogUtils.java:infoOrTrace(149)) - 5fcbd5a2-5389-4956-8319-81964adfb395@group-3E4670F0C74D-LeaderElection64 got exception when requesting votes: {}
java.util.concurrent.ExecutionException: org.apache.ratis.thirdparty.io.grpc.StatusRuntimeException: UNAVAILABLE: io exception
	at java.util.concurrent.FutureTask.report(FutureTask.java:122)
	at java.util.concurrent.FutureTask.get(FutureTask.java:192)
	at org.apache.ratis.server.impl.LeaderElection.waitForResults(LeaderElection.java:259)
	at org.apache.ratis.server.impl.LeaderElection.askForVotes(LeaderElection.java:197)
	at org.apache.ratis.server.impl.LeaderElection.run(LeaderElection.java:133)
	at java.lang.Thread.run(Thread.java:748)
Caused by: org.apache.ratis.thirdparty.io.grpc.StatusRuntimeException: UNAVAILABLE: io exception
	at org.apache.ratis.thirdparty.io.grpc.stub.ClientCalls.toStatusRuntimeException(ClientCalls.java:233)
	at org.apache.ratis.thirdparty.io.grpc.stub.ClientCalls.getUnchecked(ClientCalls.java:214)
	at org.apache.ratis.thirdparty.io.grpc.stub.ClientCalls.blockingUnaryCall(ClientCalls.java:139)
	at org.apache.ratis.proto.grpc.RaftServerProtocolServiceGrpc$RaftServerProtocolServiceBlockingStub.requestVote(RaftServerProtocolServiceGrpc.java:265)
	at org.apache.ratis.grpc.server.GrpcServerProtocolClient.requestVote(GrpcServerProtocolClient.java:99)
	at org.apache.ratis.grpc.server.GrpcService.requestVote(GrpcService.java:204)
	at org.apache.ratis.server.impl.LeaderElection.lambda$submitRequests$1(LeaderElection.java:234)
	at java.util.concurrent.FutureTask.run(FutureTask.java:266)
	at java.util.concurrent.Executors$RunnableAdapter.call(Executors.java:511)
	at java.util.concurrent.FutureTask.run(FutureTask.java:266)
	at java.util.concurrent.ThreadPoolExecutor.runWorker(ThreadPoolExecutor.java:1149)
	at java.util.concurrent.ThreadPoolExecutor$Worker.run(ThreadPoolExecutor.java:624)
	... 1 more
Caused by: org.apache.ratis.thirdparty.io.netty.channel.AbstractChannel$AnnotatedConnectException: Connection refused: /192.168.30.43:36804
	at sun.nio.ch.SocketChannelImpl.checkConnect(Native Method)
	at sun.nio.ch.SocketChannelImpl.finishConnect(SocketChannelImpl.java:717)
	at org.apache.ratis.thirdparty.io.netty.channel.socket.nio.NioSocketChannel.doFinishConnect(NioSocketChannel.java:327)
	at org.apache.ratis.thirdparty.io.netty.channel.nio.AbstractNioChannel$AbstractNioUnsafe.finishConnect(AbstractNioChannel.java:340)
	at org.apache.ratis.thirdparty.io.netty.channel.nio.NioEventLoop.processSelectedKey(NioEventLoop.java:632)
	at org.apache.ratis.thirdparty.io.netty.channel.nio.NioEventLoop.processSelectedKeysOptimized(NioEventLoop.java:579)
	at org.apache.ratis.thirdparty.io.netty.channel.nio.NioEventLoop.processSelectedKeys(NioEventLoop.java:496)
	at org.apache.ratis.thirdparty.io.netty.channel.nio.NioEventLoop.run(NioEventLoop.java:458)
	at org.apache.ratis.thirdparty.io.netty.util.concurrent.SingleThreadEventExecutor$5.run(SingleThreadEventExecutor.java:897)
	at org.apache.ratis.thirdparty.io.netty.util.concurrent.FastThreadLocalRunnable.run(FastThreadLocalRunnable.java:30)
	... 1 more
Caused by: java.net.ConnectException: Connection refused
	... 11 more
2019-10-04 21:58:56,119 [grpc-default-executor-4] INFO  impl.RaftServerImpl (ServerState.java:setLeader(255)) - e2dfd3a4-2705-4c7d-a081-96e4411721bd@group-3E4670F0C74D: change Leader from ad1a2d63-2d60-4868-a73e-6dcf7d06ccb5 to null at term 2 for updateCurrentTerm
2019-10-04 21:58:56,120 [grpc-default-executor-4] INFO  impl.RaftServerImpl (RaftServerImpl.java:setRole(170)) - e2dfd3a4-2705-4c7d-a081-96e4411721bd@group-3E4670F0C74D: changes role from  FOLLOWER to FOLLOWER at term 2 for recognizeCandidate:5fcbd5a2-5389-4956-8319-81964adfb395
2019-10-04 21:58:56,120 [grpc-default-executor-4] INFO  impl.RoleInfo (RoleInfo.java:shutdownFollowerState(121)) - e2dfd3a4-2705-4c7d-a081-96e4411721bd: shutdown FollowerState
2019-10-04 21:58:56,120 [grpc-default-executor-4] INFO  impl.RoleInfo (RoleInfo.java:updateAndGet(143)) - e2dfd3a4-2705-4c7d-a081-96e4411721bd: start FollowerState
2019-10-04 21:58:56,120 [Thread-2426] INFO  impl.FollowerState (FollowerState.java:run(117)) - e2dfd3a4-2705-4c7d-a081-96e4411721bd@group-3E4670F0C74D-FollowerState was interrupted: java.lang.InterruptedException: sleep interrupted
2019-10-04 21:58:56,136 [5fcbd5a2-5389-4956-8319-81964adfb395@group-3E4670F0C74D-LeaderElection64] INFO  impl.LeaderElection (LeaderElection.java:logAndReturn(56)) - 5fcbd5a2-5389-4956-8319-81964adfb395@group-3E4670F0C74D-LeaderElection64: Election PASSED; received 1 response(s) [5fcbd5a2-5389-4956-8319-81964adfb395<-e2dfd3a4-2705-4c7d-a081-96e4411721bd#0:OK-t2] and 1 exception(s); 5fcbd5a2-5389-4956-8319-81964adfb395@group-3E4670F0C74D:t2, leader=null, voted=5fcbd5a2-5389-4956-8319-81964adfb395, raftlog=5fcbd5a2-5389-4956-8319-81964adfb395@group-3E4670F0C74D-SegmentedRaftLog:OPENED:c2,f2,i2, conf=0: [5fcbd5a2-5389-4956-8319-81964adfb395:192.168.30.43:36852, e2dfd3a4-2705-4c7d-a081-96e4411721bd:192.168.30.43:39979, ad1a2d63-2d60-4868-a73e-6dcf7d06ccb5:192.168.30.43:36804], old=null
2019-10-04 21:58:56,137 [5fcbd5a2-5389-4956-8319-81964adfb395@group-3E4670F0C74D-LeaderElection64] INFO  impl.LeaderElection (LogUtils.java:infoOrTrace(149)) -   Exception 0: {}
java.util.concurrent.ExecutionException: org.apache.ratis.thirdparty.io.grpc.StatusRuntimeException: UNAVAILABLE: io exception
	at java.util.concurrent.FutureTask.report(FutureTask.java:122)
	at java.util.concurrent.FutureTask.get(FutureTask.java:192)
	at org.apache.ratis.server.impl.LeaderElection.waitForResults(LeaderElection.java:259)
	at org.apache.ratis.server.impl.LeaderElection.askForVotes(LeaderElection.java:197)
	at org.apache.ratis.server.impl.LeaderElection.run(LeaderElection.java:133)
	at java.lang.Thread.run(Thread.java:748)
Caused by: org.apache.ratis.thirdparty.io.grpc.StatusRuntimeException: UNAVAILABLE: io exception
	at org.apache.ratis.thirdparty.io.grpc.stub.ClientCalls.toStatusRuntimeException(ClientCalls.java:233)
	at org.apache.ratis.thirdparty.io.grpc.stub.ClientCalls.getUnchecked(ClientCalls.java:214)
	at org.apache.ratis.thirdparty.io.grpc.stub.ClientCalls.blockingUnaryCall(ClientCalls.java:139)
	at org.apache.ratis.proto.grpc.RaftServerProtocolServiceGrpc$RaftServerProtocolServiceBlockingStub.requestVote(RaftServerProtocolServiceGrpc.java:265)
	at org.apache.ratis.grpc.server.GrpcServerProtocolClient.requestVote(GrpcServerProtocolClient.java:99)
	at org.apache.ratis.grpc.server.GrpcService.requestVote(GrpcService.java:204)
	at org.apache.ratis.server.impl.LeaderElection.lambda$submitRequests$1(LeaderElection.java:234)
	at java.util.concurrent.FutureTask.run(FutureTask.java:266)
	at java.util.concurrent.Executors$RunnableAdapter.call(Executors.java:511)
	at java.util.concurrent.FutureTask.run(FutureTask.java:266)
	at java.util.concurrent.ThreadPoolExecutor.runWorker(ThreadPoolExecutor.java:1149)
	at java.util.concurrent.ThreadPoolExecutor$Worker.run(ThreadPoolExecutor.java:624)
	... 1 more
Caused by: org.apache.ratis.thirdparty.io.netty.channel.AbstractChannel$AnnotatedConnectException: Connection refused: /192.168.30.43:36804
	at sun.nio.ch.SocketChannelImpl.checkConnect(Native Method)
	at sun.nio.ch.SocketChannelImpl.finishConnect(SocketChannelImpl.java:717)
	at org.apache.ratis.thirdparty.io.netty.channel.socket.nio.NioSocketChannel.doFinishConnect(NioSocketChannel.java:327)
	at org.apache.ratis.thirdparty.io.netty.channel.nio.AbstractNioChannel$AbstractNioUnsafe.finishConnect(AbstractNioChannel.java:340)
	at org.apache.ratis.thirdparty.io.netty.channel.nio.NioEventLoop.processSelectedKey(NioEventLoop.java:632)
	at org.apache.ratis.thirdparty.io.netty.channel.nio.NioEventLoop.processSelectedKeysOptimized(NioEventLoop.java:579)
	at org.apache.ratis.thirdparty.io.netty.channel.nio.NioEventLoop.processSelectedKeys(NioEventLoop.java:496)
	at org.apache.ratis.thirdparty.io.netty.channel.nio.NioEventLoop.run(NioEventLoop.java:458)
	at org.apache.ratis.thirdparty.io.netty.util.concurrent.SingleThreadEventExecutor$5.run(SingleThreadEventExecutor.java:897)
	at org.apache.ratis.thirdparty.io.netty.util.concurrent.FastThreadLocalRunnable.run(FastThreadLocalRunnable.java:30)
	... 1 more
Caused by: java.net.ConnectException: Connection refused
	... 11 more
2019-10-04 21:58:56,137 [5fcbd5a2-5389-4956-8319-81964adfb395@group-3E4670F0C74D-LeaderElection64] INFO  impl.RoleInfo (RoleInfo.java:shutdownLeaderElection(134)) - 5fcbd5a2-5389-4956-8319-81964adfb395: shutdown LeaderElection
2019-10-04 21:58:56,137 [5fcbd5a2-5389-4956-8319-81964adfb395@group-3E4670F0C74D-LeaderElection64] INFO  impl.RaftServerImpl (RaftServerImpl.java:setRole(170)) - 5fcbd5a2-5389-4956-8319-81964adfb395@group-3E4670F0C74D: changes role from CANDIDATE to LEADER at term 2 for changeToLeader
2019-10-04 21:58:56,137 [5fcbd5a2-5389-4956-8319-81964adfb395@group-3E4670F0C74D-LeaderElection64] INFO  impl.RaftServerImpl (ServerState.java:setLeader(255)) - 5fcbd5a2-5389-4956-8319-81964adfb395@group-3E4670F0C74D: change Leader from null to 5fcbd5a2-5389-4956-8319-81964adfb395 at term 2 for becomeLeader, leader elected after 40ms
2019-10-04 21:58:56,138 [5fcbd5a2-5389-4956-8319-81964adfb395@group-3E4670F0C74D-LeaderElection64] INFO  server.RaftServerConfigKeys (ConfUtils.java:logGet(43)) - raft.server.staging.catchup.gap = 1000 (default)
2019-10-04 21:58:56,138 [5fcbd5a2-5389-4956-8319-81964adfb395@group-3E4670F0C74D-LeaderElection64] INFO  server.RaftServerConfigKeys (ConfUtils.java:logGet(43)) - raft.server.rpc.sleep.time = 25ms (default)
2019-10-04 21:58:56,138 [5fcbd5a2-5389-4956-8319-81964adfb395@group-3E4670F0C74D-LeaderElection64] INFO  server.RaftServerConfigKeys (ConfUtils.java:logGet(43)) - raft.server.write.element-limit = 4096 (default)
2019-10-04 21:58:56,139 [5fcbd5a2-5389-4956-8319-81964adfb395@group-3E4670F0C74D-LeaderElection64] INFO  server.RaftServerConfigKeys (ConfUtils.java:logGet(43)) - raft.server.watch.timeout = 10s (default)
2019-10-04 21:58:56,139 [5fcbd5a2-5389-4956-8319-81964adfb395@group-3E4670F0C74D-LeaderElection64] INFO  server.RaftServerConfigKeys (ConfUtils.java:logGet(43)) - raft.server.watch.timeout.denomination = 1s (default)
2019-10-04 21:58:56,139 [5fcbd5a2-5389-4956-8319-81964adfb395@group-3E4670F0C74D-LeaderElection64] INFO  server.RaftServerConfigKeys (ConfUtils.java:logGet(43)) - raft.server.watch.element-limit = 65536 (default)
2019-10-04 21:58:56,144 [5fcbd5a2-5389-4956-8319-81964adfb395@group-3E4670F0C74D-LeaderElection64] INFO  server.RaftServerConfigKeys (ConfUtils.java:logGet(43)) - raft.server.log.appender.snapshot.chunk.size.max = 16MB (=16777216) (default)
2019-10-04 21:58:56,144 [5fcbd5a2-5389-4956-8319-81964adfb395@group-3E4670F0C74D-LeaderElection64] INFO  server.RaftServerConfigKeys (ConfUtils.java:logGet(43)) - raft.server.log.appender.buffer.byte-limit = 33554432 (custom)
2019-10-04 21:58:56,144 [5fcbd5a2-5389-4956-8319-81964adfb395@group-3E4670F0C74D-LeaderElection64] INFO  server.RaftServerConfigKeys (ConfUtils.java:logGet(43)) - raft.server.log.appender.buffer.element-limit = 1 (custom)
2019-10-04 21:58:56,145 [5fcbd5a2-5389-4956-8319-81964adfb395@group-3E4670F0C74D-LeaderElection64] INFO  grpc.GrpcConfigKeys$Server (ConfUtils.java:logGet(43)) - raft.grpc.server.leader.outstanding.appends.max = 128 (default)
2019-10-04 21:58:56,145 [5fcbd5a2-5389-4956-8319-81964adfb395@group-3E4670F0C74D-LeaderElection64] INFO  server.RaftServerConfigKeys (ConfUtils.java:logGet(43)) - raft.server.rpc.request.timeout = 3000ms (default)
2019-10-04 21:58:56,145 [5fcbd5a2-5389-4956-8319-81964adfb395@group-3E4670F0C74D-LeaderElection64] INFO  server.RaftServerConfigKeys (ConfUtils.java:logGet(43)) - raft.server.log.appender.install.snapshot.enabled = false (custom)
2019-10-04 21:58:56,145 [5fcbd5a2-5389-4956-8319-81964adfb395@group-3E4670F0C74D-LeaderElection64] INFO  server.RaftServerConfigKeys (ConfUtils.java:logGet(43)) - raft.server.log.appender.snapshot.chunk.size.max = 16MB (=16777216) (default)
2019-10-04 21:58:56,145 [5fcbd5a2-5389-4956-8319-81964adfb395@group-3E4670F0C74D-LeaderElection64] INFO  server.RaftServerConfigKeys (ConfUtils.java:logGet(43)) - raft.server.log.appender.buffer.byte-limit = 33554432 (custom)
2019-10-04 21:58:56,146 [5fcbd5a2-5389-4956-8319-81964adfb395@group-3E4670F0C74D-LeaderElection64] INFO  server.RaftServerConfigKeys (ConfUtils.java:logGet(43)) - raft.server.log.appender.buffer.element-limit = 1 (custom)
2019-10-04 21:58:56,146 [5fcbd5a2-5389-4956-8319-81964adfb395@group-3E4670F0C74D-LeaderElection64] INFO  grpc.GrpcConfigKeys$Server (ConfUtils.java:logGet(43)) - raft.grpc.server.leader.outstanding.appends.max = 128 (default)
2019-10-04 21:58:56,146 [5fcbd5a2-5389-4956-8319-81964adfb395@group-3E4670F0C74D-LeaderElection64] INFO  server.RaftServerConfigKeys (ConfUtils.java:logGet(43)) - raft.server.rpc.request.timeout = 3000ms (default)
2019-10-04 21:58:56,146 [5fcbd5a2-5389-4956-8319-81964adfb395@group-3E4670F0C74D-LeaderElection64] INFO  server.RaftServerConfigKeys (ConfUtils.java:logGet(43)) - raft.server.log.appender.install.snapshot.enabled = false (custom)
2019-10-04 21:58:56,146 [5fcbd5a2-5389-4956-8319-81964adfb395@group-3E4670F0C74D-LeaderElection64] INFO  impl.RoleInfo (RoleInfo.java:updateAndGet(143)) - 5fcbd5a2-5389-4956-8319-81964adfb395: start LeaderState
2019-10-04 21:58:56,147 [5fcbd5a2-5389-4956-8319-81964adfb395@group-3E4670F0C74D-LeaderElection64] INFO  segmented.SegmentedRaftLogWorker (SegmentedRaftLogWorker.java:rollLogSegment(390)) - 5fcbd5a2-5389-4956-8319-81964adfb395@group-3E4670F0C74D-SegmentedRaftLogWorker: Rolling segment log-0_2 to index:2
2019-10-04 21:58:56,148 [5fcbd5a2-5389-4956-8319-81964adfb395@group-3E4670F0C74D-LeaderElection64] INFO  impl.RaftServerImpl (ServerState.java:setRaftConf(356)) - 5fcbd5a2-5389-4956-8319-81964adfb395@group-3E4670F0C74D: set configuration 3: [5fcbd5a2-5389-4956-8319-81964adfb395:192.168.30.43:36852, e2dfd3a4-2705-4c7d-a081-96e4411721bd:192.168.30.43:39979, ad1a2d63-2d60-4868-a73e-6dcf7d06ccb5:192.168.30.43:36804], old=null at 3
2019-10-04 21:58:56,149 [5fcbd5a2-5389-4956-8319-81964adfb395@group-3E4670F0C74D-SegmentedRaftLogWorker] INFO  segmented.SegmentedRaftLogWorker (SegmentedRaftLogWorker.java:execute(531)) - 5fcbd5a2-5389-4956-8319-81964adfb395@group-3E4670F0C74D-SegmentedRaftLogWorker: Rolled log segment from /workdir/hadoop-ozone/integration-test/target/test-dir/MiniOzoneClusterImpl-ac9d142f-b000-48ce-8db6-0047c3f5b70d/datanode-1/data/ratis/89cfbe00-5e70-4895-a99d-3e4670f0c74d/current/log_inprogress_0 to /workdir/hadoop-ozone/integration-test/target/test-dir/MiniOzoneClusterImpl-ac9d142f-b000-48ce-8db6-0047c3f5b70d/datanode-1/data/ratis/89cfbe00-5e70-4895-a99d-3e4670f0c74d/current/log_0-2
2019-10-04 21:58:56,149 [grpc-default-executor-4] WARN  server.GrpcLogAppender (LogUtils.java:warn(134)) - 5fcbd5a2-5389-4956-8319-81964adfb395@group-3E4670F0C74D->ad1a2d63-2d60-4868-a73e-6dcf7d06ccb5-AppendLogResponseHandler: Failed appendEntries: org.apache.ratis.thirdparty.io.grpc.StatusRuntimeException: UNAVAILABLE: io exception
2019-10-04 21:58:56,153 [grpc-default-executor-4] INFO  impl.FollowerInfo (FollowerInfo.java:lambda$new$0(51)) - 5fcbd5a2-5389-4956-8319-81964adfb395@group-3E4670F0C74D->ad1a2d63-2d60-4868-a73e-6dcf7d06ccb5: nextIndex: updateUnconditionally 3 -> 1
2019-10-04 21:58:56,154 [grpc-default-executor-8] INFO  impl.RaftServerImpl (ServerState.java:setLeader(255)) - e2dfd3a4-2705-4c7d-a081-96e4411721bd@group-3E4670F0C74D: change Leader from null to 5fcbd5a2-5389-4956-8319-81964adfb395 at term 2 for appendEntries, leader elected after 34ms
2019-10-04 21:58:56,194 [grpc-default-executor-8] INFO  impl.RaftServerImpl (ServerState.java:setRaftConf(356)) - e2dfd3a4-2705-4c7d-a081-96e4411721bd@group-3E4670F0C74D: set configuration 3: [5fcbd5a2-5389-4956-8319-81964adfb395:192.168.30.43:36852, e2dfd3a4-2705-4c7d-a081-96e4411721bd:192.168.30.43:39979, ad1a2d63-2d60-4868-a73e-6dcf7d06ccb5:192.168.30.43:36804], old=null at 3
2019-10-04 21:58:56,195 [grpc-default-executor-8] INFO  segmented.SegmentedRaftLogWorker (SegmentedRaftLogWorker.java:rollLogSegment(390)) - e2dfd3a4-2705-4c7d-a081-96e4411721bd@group-3E4670F0C74D-SegmentedRaftLogWorker: Rolling segment log-0_2 to index:2
2019-10-04 21:58:56,196 [e2dfd3a4-2705-4c7d-a081-96e4411721bd@group-3E4670F0C74D-SegmentedRaftLogWorker] INFO  segmented.SegmentedRaftLogWorker (SegmentedRaftLogWorker.java:execute(531)) - e2dfd3a4-2705-4c7d-a081-96e4411721bd@group-3E4670F0C74D-SegmentedRaftLogWorker: Rolled log segment from /workdir/hadoop-ozone/integration-test/target/test-dir/MiniOzoneClusterImpl-ac9d142f-b000-48ce-8db6-0047c3f5b70d/datanode-2/data/ratis/89cfbe00-5e70-4895-a99d-3e4670f0c74d/current/log_inprogress_0 to /workdir/hadoop-ozone/integration-test/target/test-dir/MiniOzoneClusterImpl-ac9d142f-b000-48ce-8db6-0047c3f5b70d/datanode-2/data/ratis/89cfbe00-5e70-4895-a99d-3e4670f0c74d/current/log_0-2
2019-10-04 21:58:56,216 [5fcbd5a2-5389-4956-8319-81964adfb395@group-3E4670F0C74D-SegmentedRaftLogWorker] INFO  segmented.SegmentedRaftLogWorker (SegmentedRaftLogWorker.java:execute(574)) - 5fcbd5a2-5389-4956-8319-81964adfb395@group-3E4670F0C74D-SegmentedRaftLogWorker: created new log segment /workdir/hadoop-ozone/integration-test/target/test-dir/MiniOzoneClusterImpl-ac9d142f-b000-48ce-8db6-0047c3f5b70d/datanode-1/data/ratis/89cfbe00-5e70-4895-a99d-3e4670f0c74d/current/log_inprogress_3
2019-10-04 21:58:56,243 [e2dfd3a4-2705-4c7d-a081-96e4411721bd@group-3E4670F0C74D-SegmentedRaftLogWorker] INFO  segmented.SegmentedRaftLogWorker (SegmentedRaftLogWorker.java:execute(574)) - e2dfd3a4-2705-4c7d-a081-96e4411721bd@group-3E4670F0C74D-SegmentedRaftLogWorker: created new log segment /workdir/hadoop-ozone/integration-test/target/test-dir/MiniOzoneClusterImpl-ac9d142f-b000-48ce-8db6-0047c3f5b70d/datanode-2/data/ratis/89cfbe00-5e70-4895-a99d-3e4670f0c74d/current/log_inprogress_3
2019-10-04 21:58:56,255 [grpc-default-executor-4] WARN  server.GrpcLogAppender (LogUtils.java:warn(134)) - 5fcbd5a2-5389-4956-8319-81964adfb395@group-3E4670F0C74D->ad1a2d63-2d60-4868-a73e-6dcf7d06ccb5-AppendLogResponseHandler: Failed appendEntries: org.apache.ratis.thirdparty.io.grpc.StatusRuntimeException: UNAVAILABLE: io exception
2019-10-04 21:58:56,256 [grpc-default-executor-4] INFO  impl.FollowerInfo (FollowerInfo.java:lambda$new$0(51)) - 5fcbd5a2-5389-4956-8319-81964adfb395@group-3E4670F0C74D->ad1a2d63-2d60-4868-a73e-6dcf7d06ccb5: nextIndex: updateUnconditionally 2 -> 1
2019-10-04 21:58:56,268 [grpc-default-executor-4] WARN  server.GrpcLogAppender (LogUtils.java:warn(134)) - 5fcbd5a2-5389-4956-8319-81964adfb395@group-3E4670F0C74D->ad1a2d63-2d60-4868-a73e-6dcf7d06ccb5-AppendLogResponseHandler: Failed appendEntries: org.apache.ratis.thirdparty.io.grpc.StatusRuntimeException: UNAVAILABLE: io exception
2019-10-04 21:58:56,268 [grpc-default-executor-4] INFO  impl.FollowerInfo (FollowerInfo.java:lambda$new$0(51)) - 5fcbd5a2-5389-4956-8319-81964adfb395@group-3E4670F0C74D->ad1a2d63-2d60-4868-a73e-6dcf7d06ccb5: nextIndex: updateUnconditionally 2 -> 1
2019-10-04 21:58:56,710 [grpc-default-executor-1] WARN  server.GrpcLogAppender (LogUtils.java:warn(134)) - 5fcbd5a2-5389-4956-8319-81964adfb395@group-3E4670F0C74D->ad1a2d63-2d60-4868-a73e-6dcf7d06ccb5-AppendLogResponseHandler: Failed appendEntries: org.apache.ratis.thirdparty.io.grpc.StatusRuntimeException: UNAVAILABLE: io exception
2019-10-04 21:58:56,711 [grpc-default-executor-1] INFO  impl.FollowerInfo (FollowerInfo.java:lambda$new$0(51)) - 5fcbd5a2-5389-4956-8319-81964adfb395@group-3E4670F0C74D->ad1a2d63-2d60-4868-a73e-6dcf7d06ccb5: nextIndex: updateUnconditionally 2 -> 1
2019-10-04 21:58:56,723 [grpc-default-executor-8] WARN  server.GrpcLogAppender (LogUtils.java:warn(134)) - 5fcbd5a2-5389-4956-8319-81964adfb395@group-3E4670F0C74D->ad1a2d63-2d60-4868-a73e-6dcf7d06ccb5-AppendLogResponseHandler: Failed appendEntries: org.apache.ratis.thirdparty.io.grpc.StatusRuntimeException: UNAVAILABLE: io exception
2019-10-04 21:58:56,724 [grpc-default-executor-8] INFO  impl.FollowerInfo (FollowerInfo.java:lambda$new$0(51)) - 5fcbd5a2-5389-4956-8319-81964adfb395@group-3E4670F0C74D->ad1a2d63-2d60-4868-a73e-6dcf7d06ccb5: nextIndex: updateUnconditionally 2 -> 1
2019-10-04 21:58:56,736 [grpc-default-executor-1] WARN  server.GrpcLogAppender (LogUtils.java:warn(134)) - 5fcbd5a2-5389-4956-8319-81964adfb395@group-3E4670F0C74D->ad1a2d63-2d60-4868-a73e-6dcf7d06ccb5-AppendLogResponseHandler: Failed appendEntries: org.apache.ratis.thirdparty.io.grpc.StatusRuntimeException: UNAVAILABLE: io exception
2019-10-04 21:58:56,736 [grpc-default-executor-1] INFO  impl.FollowerInfo (FollowerInfo.java:lambda$new$0(51)) - 5fcbd5a2-5389-4956-8319-81964adfb395@group-3E4670F0C74D->ad1a2d63-2d60-4868-a73e-6dcf7d06ccb5: nextIndex: updateUnconditionally 2 -> 1
2019-10-04 21:58:56,738 [EventQueue-IncrementalContainerReportForIncrementalContainerReportHandler] WARN  container.IncrementalContainerReportHandler (AbstractContainerReportHandler.java:updateContainerState(143)) - Container #1 is in OPEN state, but the datanode 5fcbd5a2-5389-4956-8319-81964adfb395{ip: 192.168.30.43, host: pr-hdds-2252-dqfx9-1550151176, networkLocation: /default-rack, certSerialId: null} reports an CLOSING replica.
2019-10-04 21:58:56,750 [EventQueue-IncrementalContainerReportForIncrementalContainerReportHandler] WARN  container.IncrementalContainerReportHandler (AbstractContainerReportHandler.java:updateContainerState(143)) - Container #1 is in OPEN state, but the datanode e2dfd3a4-2705-4c7d-a081-96e4411721bd{ip: 192.168.30.43, host: pr-hdds-2252-dqfx9-1550151176, networkLocation: /default-rack, certSerialId: null} reports an CLOSING replica.
2019-10-04 21:58:56,781 [RatisApplyTransactionExecutor 1] INFO  interfaces.Container (KeyValueContainer.java:flushAndSyncDB(386)) - Container 1 is synced with bcsId 0.
2019-10-04 21:58:56,826 [RatisApplyTransactionExecutor 1] INFO  interfaces.Container (KeyValueContainer.java:flushAndSyncDB(386)) - Container 1 is synced with bcsId 0.
2019-10-04 21:58:56,837 [RatisApplyTransactionExecutor 1] INFO  interfaces.Container (KeyValueContainer.java:flushAndSyncDB(386)) - Container 1 is synced with bcsId 0.
2019-10-04 21:58:56,837 [RatisApplyTransactionExecutor 1] INFO  interfaces.Container (KeyValueContainer.java:flushAndSyncDB(386)) - Container 1 is synced with bcsId 0.
2019-10-04 21:58:56,851 [RatisApplyTransactionExecutor 1] INFO  interfaces.Container (KeyValueContainer.java:close(335)) - Container 1 is closed with bcsId 0.
2019-10-04 21:58:56,851 [RatisApplyTransactionExecutor 1] INFO  interfaces.Container (KeyValueContainer.java:close(335)) - Container 1 is closed with bcsId 0.
2019-10-04 21:58:56,863 [EventQueue-IncrementalContainerReportForIncrementalContainerReportHandler] WARN  container.IncrementalContainerReportHandler (AbstractContainerReportHandler.java:updateContainerState(143)) - Container #1 is in OPEN state, but the datanode e2dfd3a4-2705-4c7d-a081-96e4411721bd{ip: 192.168.30.43, host: pr-hdds-2252-dqfx9-1550151176, networkLocation: /default-rack, certSerialId: null} reports an CLOSED replica.
2019-10-04 21:58:56,864 [EventQueue-IncrementalContainerReportForIncrementalContainerReportHandler] WARN  container.IncrementalContainerReportHandler (AbstractContainerReportHandler.java:updateContainerState(143)) - Container #1 is in OPEN state, but the datanode 5fcbd5a2-5389-4956-8319-81964adfb395{ip: 192.168.30.43, host: pr-hdds-2252-dqfx9-1550151176, networkLocation: /default-rack, certSerialId: null} reports an CLOSED replica.
2019-10-04 21:58:59,238 [grpc-default-executor-8] WARN  server.GrpcLogAppender (LogUtils.java:warn(134)) - 5fcbd5a2-5389-4956-8319-81964adfb395@group-3E4670F0C74D->ad1a2d63-2d60-4868-a73e-6dcf7d06ccb5-AppendLogResponseHandler: Failed appendEntries: org.apache.ratis.thirdparty.io.grpc.StatusRuntimeException: UNAVAILABLE: io exception
2019-10-04 21:58:59,239 [grpc-default-executor-8] INFO  impl.FollowerInfo (FollowerInfo.java:lambda$new$0(51)) - 5fcbd5a2-5389-4956-8319-81964adfb395@group-3E4670F0C74D->ad1a2d63-2d60-4868-a73e-6dcf7d06ccb5: nextIndex: updateUnconditionally 1 -> 0
2019-10-04 21:58:59,869 [main] WARN  scm.XceiverClientRatis (XceiverClientRatis.java:watchForCommit(292)) - 3 way commit failed on pipeline Pipeline[ Id: 89cfbe00-5e70-4895-a99d-3e4670f0c74d, Nodes: ad1a2d63-2d60-4868-a73e-6dcf7d06ccb5{ip: 192.168.30.43, host: pr-hdds-2252-dqfx9-1550151176, networkLocation: /default-rack, certSerialId: null}5fcbd5a2-5389-4956-8319-81964adfb395{ip: 192.168.30.43, host: pr-hdds-2252-dqfx9-1550151176, networkLocation: /default-rack, certSerialId: null}e2dfd3a4-2705-4c7d-a081-96e4411721bd{ip: 192.168.30.43, host: pr-hdds-2252-dqfx9-1550151176, networkLocation: /default-rack, certSerialId: null}, Type:RATIS, Factor:THREE, State:OPEN]
java.util.concurrent.TimeoutException
	at java.util.concurrent.CompletableFuture.timedGet(CompletableFuture.java:1771)
	at java.util.concurrent.CompletableFuture.get(CompletableFuture.java:1915)
	at org.apache.hadoop.hdds.scm.XceiverClientRatis.watchForCommit(XceiverClientRatis.java:289)
	at org.apache.hadoop.ozone.client.rpc.TestWatchForCommit.test2WayCommitForTimeoutException(TestWatchForCommit.java:391)
	at sun.reflect.NativeMethodAccessorImpl.invoke0(Native Method)
	at sun.reflect.NativeMethodAccessorImpl.invoke(NativeMethodAccessorImpl.java:62)
	at sun.reflect.DelegatingMethodAccessorImpl.invoke(DelegatingMethodAccessorImpl.java:43)
	at java.lang.reflect.Method.invoke(Method.java:498)
	at org.junit.runners.model.FrameworkMethod$1.runReflectiveCall(FrameworkMethod.java:47)
	at org.junit.internal.runners.model.ReflectiveCallable.run(ReflectiveCallable.java:12)
	at org.junit.runners.model.FrameworkMethod.invokeExplosively(FrameworkMethod.java:44)
	at org.junit.internal.runners.statements.InvokeMethod.evaluate(InvokeMethod.java:17)
	at org.junit.runners.ParentRunner.runLeaf(ParentRunner.java:271)
	at org.junit.runners.BlockJUnit4ClassRunner.runChild(BlockJUnit4ClassRunner.java:70)
	at org.junit.runners.BlockJUnit4ClassRunner.runChild(BlockJUnit4ClassRunner.java:50)
	at org.junit.runners.ParentRunner$3.run(ParentRunner.java:238)
	at org.junit.runners.ParentRunner$1.schedule(ParentRunner.java:63)
	at org.junit.runners.ParentRunner.runChildren(ParentRunner.java:236)
	at org.junit.runners.ParentRunner.access$000(ParentRunner.java:53)
	at org.junit.runners.ParentRunner$2.evaluate(ParentRunner.java:229)
	at org.junit.runners.ParentRunner.run(ParentRunner.java:309)
	at org.apache.maven.surefire.junit4.JUnit4Provider.execute(JUnit4Provider.java:365)
	at org.apache.maven.surefire.junit4.JUnit4Provider.executeWithRerun(JUnit4Provider.java:273)
	at org.apache.maven.surefire.junit4.JUnit4Provider.executeTestSet(JUnit4Provider.java:238)
	at org.apache.maven.surefire.junit4.JUnit4Provider.invoke(JUnit4Provider.java:159)
	at org.apache.maven.surefire.booter.ForkedBooter.invokeProviderInSameClassLoader(ForkedBooter.java:384)
	at org.apache.maven.surefire.booter.ForkedBooter.runSuitesInProcess(ForkedBooter.java:345)
	at org.apache.maven.surefire.booter.ForkedBooter.execute(ForkedBooter.java:126)
	at org.apache.maven.surefire.booter.ForkedBooter.main(ForkedBooter.java:418)
2019-10-04 21:59:01,739 [grpc-default-executor-4] WARN  server.GrpcLogAppender (LogUtils.java:warn(134)) - 5fcbd5a2-5389-4956-8319-81964adfb395@group-3E4670F0C74D->ad1a2d63-2d60-4868-a73e-6dcf7d06ccb5-AppendLogResponseHandler: Failed appendEntries: org.apache.ratis.thirdparty.io.grpc.StatusRuntimeException: UNAVAILABLE: io exception
2019-10-04 21:59:01,743 [grpc-default-executor-4] INFO  impl.FollowerInfo (FollowerInfo.java:lambda$new$0(51)) - 5fcbd5a2-5389-4956-8319-81964adfb395@group-3E4670F0C74D->ad1a2d63-2d60-4868-a73e-6dcf7d06ccb5: nextIndex: updateUnconditionally 0 -> 0
]]></system-out>
  </testcase>
</testsuite>