<?xml version="1.0" encoding="UTF-8"?>
<testsuite xmlns:xsi="http://www.w3.org/2001/XMLSchema-instance" xsi:noNamespaceSchemaLocation="https://maven.apache.org/surefire/maven-surefire-plugin/xsd/surefire-test-report.xsd" name="org.apache.hadoop.ozone.client.rpc.TestBlockOutputStreamWithFailures" time="730.4" tests="8" errors="0" skipped="0" failures="1">
  <properties>
    <property name="awt.toolkit" value="sun.awt.X11.XToolkit"/>
    <property name="file.encoding.pkg" value="sun.io"/>
    <property name="java.specification.version" value="1.8"/>
    <property name="sun.cpu.isalist" value=""/>
    <property name="sun.jnu.encoding" value="UTF-8"/>
    <property name="java.class.path" value="/workdir/hadoop-ozone/integration-test/target/test-classes:/workdir/hadoop-ozone/integration-test/target/classes:/home/user/.m2/repository/org/apache/hadoop/hadoop-ozone-common/0.5.0-SNAPSHOT/hadoop-ozone-common-0.5.0-SNAPSHOT.jar:/home/user/.m2/repository/org/apache/commons/commons-compress/1.4.1/commons-compress-1.4.1.jar:/home/user/.m2/repository/org/tukaani/xz/1.0/xz-1.0.jar:/home/user/.m2/repository/org/apache/hadoop/hadoop-common/3.2.0/hadoop-common-3.2.0.jar:/home/user/.m2/repository/org/apache/hadoop/hadoop-hdfs/3.2.0/hadoop-hdfs-3.2.0.jar:/home/user/.m2/repository/org/apache/hadoop/hadoop-hdfs-client/3.2.0/hadoop-hdfs-client-3.2.0.jar:/home/user/.m2/repository/com/fasterxml/jackson/core/jackson-annotations/2.9.9/jackson-annotations-2.9.9.jar:/home/user/.m2/repository/org/apache/hadoop/hadoop-hdds-common/0.5.0-SNAPSHOT/hadoop-hdds-common-0.5.0-SNAPSHOT.jar:/home/user/.m2/repository/javax/annotation/javax.annotation-api/1.2/javax.annotation-api-1.2.jar:/home/user/.m2/repository/org/apache/ratis/ratis-server/0.5.0-201fc85-SNAPSHOT/ratis-server-0.5.0-201fc85-SNAPSHOT.jar:/home/user/.m2/repository/org/apache/ratis/ratis-thirdparty-misc/0.2.0/ratis-thirdparty-misc-0.2.0.jar:/home/user/.m2/repository/org/apache/ratis/ratis-proto/0.5.0-201fc85-SNAPSHOT/ratis-proto-0.5.0-201fc85-SNAPSHOT.jar:/home/user/.m2/repository/org/apache/ratis/ratis-common/0.5.0-201fc85-SNAPSHOT/ratis-common-0.5.0-201fc85-SNAPSHOT.jar:/home/user/.m2/repository/org/apache/ratis/ratis-client/0.5.0-201fc85-SNAPSHOT/ratis-client-0.5.0-201fc85-SNAPSHOT.jar:/home/user/.m2/repository/org/apache/ratis/ratis-metrics/0.5.0-201fc85-SNAPSHOT/ratis-metrics-0.5.0-201fc85-SNAPSHOT.jar:/home/user/.m2/repository/com/github/joshelser/dropwizard-metrics-hadoop-metrics2-reporter/0.1.2/dropwizard-metrics-hadoop-metrics2-reporter-0.1.2.jar:/home/user/.m2/repository/io/dropwizard/metrics/metrics-jvm/3.2.5/metrics-jvm-3.2.5.jar:/home/user/.m2/repository/io/dropwizard/metrics/metrics-ganglia/3.2.5/metrics-ganglia-3.2.5.jar:/home/user/.m2/repository/info/ganglia/gmetric4j/gmetric4j/1.0.7/gmetric4j-1.0.7.jar:/home/user/.m2/repository/org/apache/ratis/ratis-netty/0.5.0-201fc85-SNAPSHOT/ratis-netty-0.5.0-201fc85-SNAPSHOT.jar:/home/user/.m2/repository/org/apache/ratis/ratis-grpc/0.5.0-201fc85-SNAPSHOT/ratis-grpc-0.5.0-201fc85-SNAPSHOT.jar:/home/user/.m2/repository/org/rocksdb/rocksdbjni/6.0.1/rocksdbjni-6.0.1.jar:/home/user/.m2/repository/org/apache/logging/log4j/log4j-api/2.11.0/log4j-api-2.11.0.jar:/home/user/.m2/repository/org/apache/logging/log4j/log4j-core/2.11.0/log4j-core-2.11.0.jar:/home/user/.m2/repository/com/lmax/disruptor/3.4.2/disruptor-3.4.2.jar:/home/user/.m2/repository/org/apache/commons/commons-pool2/2.6.0/commons-pool2-2.6.0.jar:/home/user/.m2/repository/org/bouncycastle/bcpkix-jdk15on/1.60/bcpkix-jdk15on-1.60.jar:/home/user/.m2/repository/commons-validator/commons-validator/1.6/commons-validator-1.6.jar:/home/user/.m2/repository/commons-digester/commons-digester/1.8.1/commons-digester-1.8.1.jar:/home/user/.m2/repository/io/jaegertracing/jaeger-client/0.34.0/jaeger-client-0.34.0.jar:/home/user/.m2/repository/io/jaegertracing/jaeger-thrift/0.34.0/jaeger-thrift-0.34.0.jar:/home/user/.m2/repository/org/apache/thrift/libthrift/0.12.0/libthrift-0.12.0.jar:/home/user/.m2/repository/com/squareup/okhttp3/okhttp/3.9.0/okhttp-3.9.0.jar:/home/user/.m2/repository/com/squareup/okio/okio/1.13.0/okio-1.13.0.jar:/home/user/.m2/repository/io/jaegertracing/jaeger-core/0.34.0/jaeger-core-0.34.0.jar:/home/user/.m2/repository/io/jaegertracing/jaeger-tracerresolver/0.34.0/jaeger-tracerresolver-0.34.0.jar:/home/user/.m2/repository/io/opentracing/contrib/opentracing-tracerresolver/0.1.5/opentracing-tracerresolver-0.1.5.jar:/home/user/.m2/repository/io/opentracing/opentracing-util/0.31.0/opentracing-util-0.31.0.jar:/home/user/.m2/repository/io/opentracing/opentracing-api/0.31.0/opentracing-api-0.31.0.jar:/home/user/.m2/repository/io/opentracing/opentracing-noop/0.31.0/opentracing-noop-0.31.0.jar:/home/user/.m2/repository/org/apache/hadoop/hadoop-hdds-server-framework/0.5.0-SNAPSHOT/hadoop-hdds-server-framework-0.5.0-SNAPSHOT.jar:/home/user/.m2/repository/org/apache/hadoop/hadoop-hdds-container-service/0.5.0-SNAPSHOT/hadoop-hdds-container-service-0.5.0-SNAPSHOT.jar:/home/user/.m2/repository/org/apache/hadoop/hadoop-hdds-client/0.5.0-SNAPSHOT/hadoop-hdds-client-0.5.0-SNAPSHOT.jar:/home/user/.m2/repository/org/apache/hadoop/hadoop-hdds-tools/0.5.0-SNAPSHOT/hadoop-hdds-tools-0.5.0-SNAPSHOT.jar:/home/user/.m2/repository/org/apache/hadoop/hadoop-hdds-server-scm/0.5.0-SNAPSHOT/hadoop-hdds-server-scm-0.5.0-SNAPSHOT.jar:/home/user/.m2/repository/org/apache/hadoop/hadoop-hdds-docs/0.5.0-SNAPSHOT/hadoop-hdds-docs-0.5.0-SNAPSHOT.jar:/home/user/.m2/repository/io/dropwizard/metrics/metrics-core/3.2.4/metrics-core-3.2.4.jar:/home/user/.m2/repository/org/hamcrest/hamcrest-all/1.3/hamcrest-all-1.3.jar:/home/user/.m2/repository/org/bouncycastle/bcprov-jdk15on/1.60/bcprov-jdk15on-1.60.jar:/home/user/.m2/repository/info/picocli/picocli/3.9.6/picocli-3.9.6.jar:/home/user/.m2/repository/com/google/protobuf/protobuf-java/2.5.0/protobuf-java-2.5.0.jar:/home/user/.m2/repository/com/google/guava/guava/11.0.2/guava-11.0.2.jar:/home/user/.m2/repository/org/apache/hadoop/hadoop-ozone-ozone-manager/0.5.0-SNAPSHOT/hadoop-ozone-ozone-manager-0.5.0-SNAPSHOT.jar:/home/user/.m2/repository/org/apache/hadoop/hadoop-minikdc/3.2.0/hadoop-minikdc-3.2.0.jar:/home/user/.m2/repository/commons-io/commons-io/2.5/commons-io-2.5.jar:/home/user/.m2/repository/org/apache/kerby/kerb-simplekdc/1.0.1/kerb-simplekdc-1.0.1.jar:/home/user/.m2/repository/org/apache/kerby/kerb-client/1.0.1/kerb-client-1.0.1.jar:/home/user/.m2/repository/org/apache/kerby/kerby-config/1.0.1/kerby-config-1.0.1.jar:/home/user/.m2/repository/org/apache/kerby/kerb-core/1.0.1/kerb-core-1.0.1.jar:/home/user/.m2/repository/org/apache/kerby/kerby-pkix/1.0.1/kerby-pkix-1.0.1.jar:/home/user/.m2/repository/org/apache/kerby/kerby-asn1/1.0.1/kerby-asn1-1.0.1.jar:/home/user/.m2/repository/org/apache/kerby/kerby-util/1.0.1/kerby-util-1.0.1.jar:/home/user/.m2/repository/org/apache/kerby/kerb-common/1.0.1/kerb-common-1.0.1.jar:/home/user/.m2/repository/org/apache/kerby/kerb-crypto/1.0.1/kerb-crypto-1.0.1.jar:/home/user/.m2/repository/org/apache/kerby/kerb-util/1.0.1/kerb-util-1.0.1.jar:/home/user/.m2/repository/org/apache/kerby/token-provider/1.0.1/token-provider-1.0.1.jar:/home/user/.m2/repository/org/apache/kerby/kerb-admin/1.0.1/kerb-admin-1.0.1.jar:/home/user/.m2/repository/org/apache/kerby/kerb-server/1.0.1/kerb-server-1.0.1.jar:/home/user/.m2/repository/org/apache/kerby/kerb-identity/1.0.1/kerb-identity-1.0.1.jar:/home/user/.m2/repository/org/apache/kerby/kerby-xdr/1.0.1/kerby-xdr-1.0.1.jar:/home/user/.m2/repository/org/slf4j/slf4j-log4j12/1.7.25/slf4j-log4j12-1.7.25.jar:/home/user/.m2/repository/org/apache/hadoop/hadoop-ozone-s3gateway/0.5.0-SNAPSHOT/hadoop-ozone-s3gateway-0.5.0-SNAPSHOT.jar:/home/user/.m2/repository/org/jboss/weld/servlet/weld-servlet/2.4.7.Final/weld-servlet-2.4.7.Final.jar:/home/user/.m2/repository/org/glassfish/jersey/containers/jersey-container-servlet-core/2.27/jersey-container-servlet-core-2.27.jar:/home/user/.m2/repository/org/glassfish/hk2/external/javax.inject/2.5.0-b42/javax.inject-2.5.0-b42.jar:/home/user/.m2/repository/org/glassfish/jersey/core/jersey-common/2.27/jersey-common-2.27.jar:/home/user/.m2/repository/org/glassfish/hk2/osgi-resource-locator/1.0.1/osgi-resource-locator-1.0.1.jar:/home/user/.m2/repository/javax/ws/rs/javax.ws.rs-api/2.1/javax.ws.rs-api-2.1.jar:/home/user/.m2/repository/org/glassfish/jersey/ext/cdi/jersey-cdi1x/2.27/jersey-cdi1x-2.27.jar:/home/user/.m2/repository/org/glassfish/jersey/inject/jersey-hk2/2.27/jersey-hk2-2.27.jar:/home/user/.m2/repository/org/glassfish/hk2/hk2-locator/2.5.0-b42/hk2-locator-2.5.0-b42.jar:/home/user/.m2/repository/org/javassist/javassist/3.22.0-CR2/javassist-3.22.0-CR2.jar:/home/user/.m2/repository/org/glassfish/hk2/hk2-api/2.5.0/hk2-api-2.5.0.jar:/home/user/.m2/repository/org/glassfish/hk2/external/jakarta.inject/2.5.0/jakarta.inject-2.5.0.jar:/home/user/.m2/repository/org/glassfish/hk2/hk2-utils/2.5.0/hk2-utils-2.5.0.jar:/home/user/.m2/repository/jakarta/annotation/jakarta.annotation-api/1.3.4/jakarta.annotation-api-1.3.4.jar:/home/user/.m2/repository/org/glassfish/hk2/external/aopalliance-repackaged/2.5.0/aopalliance-repackaged-2.5.0.jar:/home/user/.m2/repository/com/fasterxml/jackson/dataformat/jackson-dataformat-xml/2.9.0/jackson-dataformat-xml-2.9.0.jar:/home/user/.m2/repository/com/fasterxml/jackson/core/jackson-core/2.9.9/jackson-core-2.9.9.jar:/home/user/.m2/repository/com/fasterxml/jackson/module/jackson-module-jaxb-annotations/2.9.9/jackson-module-jaxb-annotations-2.9.9.jar:/home/user/.m2/repository/javax/enterprise/cdi-api/1.2/cdi-api-1.2.jar:/home/user/.m2/repository/javax/el/javax.el-api/3.0.0/javax.el-api-3.0.0.jar:/home/user/.m2/repository/javax/interceptor/javax.interceptor-api/1.2/javax.interceptor-api-1.2.jar:/home/user/.m2/repository/javax/inject/javax.inject/1/javax.inject-1.jar:/home/user/.m2/repository/com/sun/xml/bind/jaxb-impl/2.3.0.1/jaxb-impl-2.3.0.1.jar:/home/user/.m2/repository/com/sun/xml/bind/jaxb-core/2.3.0.1/jaxb-core-2.3.0.1.jar:/home/user/.m2/repository/javax/xml/bind/jaxb-api/2.3.0/jaxb-api-2.3.0.jar:/home/user/.m2/repository/javax/activation/activation/1.1.1/activation-1.1.1.jar:/home/user/.m2/repository/org/apache/hadoop/hadoop-ozone-csi/0.5.0-SNAPSHOT/hadoop-ozone-csi-0.5.0-SNAPSHOT.jar:/home/user/.m2/repository/com/google/protobuf/protobuf-java-util/3.5.1/protobuf-java-util-3.5.1.jar:/home/user/.m2/repository/org/apache/hadoop/hadoop-hdds-config/0.5.0-SNAPSHOT/hadoop-hdds-config-0.5.0-SNAPSHOT.jar:/home/user/.m2/repository/io/grpc/grpc-netty/1.17.1/grpc-netty-1.17.1.jar:/home/user/.m2/repository/io/grpc/grpc-core/1.17.1/grpc-core-1.17.1.jar:/home/user/.m2/repository/io/grpc/grpc-context/1.17.1/grpc-context-1.17.1.jar:/home/user/.m2/repository/com/google/errorprone/error_prone_annotations/2.2.0/error_prone_annotations-2.2.0.jar:/home/user/.m2/repository/org/codehaus/mojo/animal-sniffer-annotations/1.17/animal-sniffer-annotations-1.17.jar:/home/user/.m2/repository/io/opencensus/opencensus-api/0.17.0/opencensus-api-0.17.0.jar:/home/user/.m2/repository/io/opencensus/opencensus-contrib-grpc-metrics/0.17.0/opencensus-contrib-grpc-metrics-0.17.0.jar:/home/user/.m2/repository/io/netty/netty-codec-http2/4.1.30.Final/netty-codec-http2-4.1.30.Final.jar:/home/user/.m2/repository/io/netty/netty-codec-http/4.1.30.Final/netty-codec-http-4.1.30.Final.jar:/home/user/.m2/repository/io/netty/netty-codec/4.1.30.Final/netty-codec-4.1.30.Final.jar:/home/user/.m2/repository/io/netty/netty-handler/4.1.30.Final/netty-handler-4.1.30.Final.jar:/home/user/.m2/repository/io/netty/netty-handler-proxy/4.1.30.Final/netty-handler-proxy-4.1.30.Final.jar:/home/user/.m2/repository/io/netty/netty-codec-socks/4.1.30.Final/netty-codec-socks-4.1.30.Final.jar:/home/user/.m2/repository/io/netty/netty-transport-native-epoll/4.1.30.Final/netty-transport-native-epoll-4.1.30.Final.jar:/home/user/.m2/repository/io/netty/netty-common/4.1.30.Final/netty-common-4.1.30.Final.jar:/home/user/.m2/repository/io/netty/netty-buffer/4.1.30.Final/netty-buffer-4.1.30.Final.jar:/home/user/.m2/repository/io/netty/netty-transport/4.1.30.Final/netty-transport-4.1.30.Final.jar:/home/user/.m2/repository/io/netty/netty-resolver/4.1.30.Final/netty-resolver-4.1.30.Final.jar:/home/user/.m2/repository/io/netty/netty-transport-native-unix-common/4.1.30.Final/netty-transport-native-unix-common-4.1.30.Final.jar:/home/user/.m2/repository/io/grpc/grpc-protobuf/1.17.1/grpc-protobuf-1.17.1.jar:/home/user/.m2/repository/com/google/api/grpc/proto-google-common-protos/1.0.0/proto-google-common-protos-1.0.0.jar:/home/user/.m2/repository/io/grpc/grpc-protobuf-lite/1.17.1/grpc-protobuf-lite-1.17.1.jar:/home/user/.m2/repository/io/grpc/grpc-stub/1.17.1/grpc-stub-1.17.1.jar:/home/user/.m2/repository/org/apache/hadoop/hadoop-ozone-recon/0.5.0-SNAPSHOT/hadoop-ozone-recon-0.5.0-SNAPSHOT.jar:/home/user/.m2/repository/org/apache/hadoop/hadoop-ozone-reconcodegen/0.5.0-SNAPSHOT/hadoop-ozone-reconcodegen-0.5.0-SNAPSHOT.jar:/home/user/.m2/repository/com/google/inject/extensions/guice-multibindings/4.0/guice-multibindings-4.0.jar:/home/user/.m2/repository/com/google/inject/guice/4.0/guice-4.0.jar:/home/user/.m2/repository/aopalliance/aopalliance/1.0/aopalliance-1.0.jar:/home/user/.m2/repository/com/google/inject/extensions/guice-servlet/4.0/guice-servlet-4.0.jar:/home/user/.m2/repository/org/glassfish/jersey/containers/jersey-container-servlet/2.27/jersey-container-servlet-2.27.jar:/home/user/.m2/repository/org/glassfish/hk2/guice-bridge/2.5.0/guice-bridge-2.5.0.jar:/home/user/.m2/repository/org/glassfish/jersey/core/jersey-server/2.27/jersey-server-2.27.jar:/home/user/.m2/repository/org/glassfish/jersey/core/jersey-client/2.27/jersey-client-2.27.jar:/home/user/.m2/repository/org/glassfish/jersey/media/jersey-media-jaxb/2.27/jersey-media-jaxb-2.27.jar:/home/user/.m2/repository/javax/validation/validation-api/1.1.0.Final/validation-api-1.1.0.Final.jar:/home/user/.m2/repository/org/glassfish/jersey/media/jersey-media-json-jackson/2.27/jersey-media-json-jackson-2.27.jar:/home/user/.m2/repository/org/glassfish/jersey/ext/jersey-entity-filtering/2.27/jersey-entity-filtering-2.27.jar:/home/user/.m2/repository/com/google/inject/extensions/guice-assistedinject/4.0/guice-assistedinject-4.0.jar:/home/user/.m2/repository/org/jooq/jooq/3.11.10/jooq-3.11.10.jar:/home/user/.m2/repository/org/jooq/jooq-meta/3.11.10/jooq-meta-3.11.10.jar:/home/user/.m2/repository/org/jooq/jooq-codegen/3.11.10/jooq-codegen-3.11.10.jar:/home/user/.m2/repository/com/jolbox/bonecp/0.8.0.RELEASE/bonecp-0.8.0.RELEASE.jar:/home/user/.m2/repository/org/xerial/sqlite-jdbc/3.25.2/sqlite-jdbc-3.25.2.jar:/home/user/.m2/repository/org/springframework/spring-jdbc/5.1.3.RELEASE/spring-jdbc-5.1.3.RELEASE.jar:/home/user/.m2/repository/org/springframework/spring-beans/5.1.3.RELEASE/spring-beans-5.1.3.RELEASE.jar:/home/user/.m2/repository/org/springframework/spring-core/5.1.3.RELEASE/spring-core-5.1.3.RELEASE.jar:/home/user/.m2/repository/org/springframework/spring-jcl/5.1.3.RELEASE/spring-jcl-5.1.3.RELEASE.jar:/home/user/.m2/repository/org/springframework/spring-tx/5.1.3.RELEASE/spring-tx-5.1.3.RELEASE.jar:/home/user/.m2/repository/org/apache/hadoop/hadoop-ozone-client/0.5.0-SNAPSHOT/hadoop-ozone-client-0.5.0-SNAPSHOT.jar:/home/user/.m2/repository/commons-lang/commons-lang/2.6/commons-lang-2.6.jar:/home/user/.m2/repository/org/apache/hadoop/hadoop-ozone-ozone-manager/0.5.0-SNAPSHOT/hadoop-ozone-ozone-manager-0.5.0-SNAPSHOT-tests.jar:/home/user/.m2/repository/junit/junit/4.11/junit-4.11.jar:/home/user/.m2/repository/org/hamcrest/hamcrest-core/1.3/hamcrest-core-1.3.jar:/home/user/.m2/repository/org/openjdk/jmh/jmh-core/1.19/jmh-core-1.19.jar:/home/user/.m2/repository/net/sf/jopt-simple/jopt-simple/4.6/jopt-simple-4.6.jar:/home/user/.m2/repository/org/apache/commons/commons-math3/3.1.1/commons-math3-3.1.1.jar:/home/user/.m2/repository/org/openjdk/jmh/jmh-generator-annprocess/1.19/jmh-generator-annprocess-1.19.jar:/home/user/.m2/repository/org/mockito/mockito-all/1.8.5/mockito-all-1.8.5.jar:/home/user/.m2/repository/org/apache/hadoop/hadoop-kms/3.2.0/hadoop-kms-3.2.0.jar:/home/user/.m2/repository/org/apache/hadoop/hadoop-auth/3.2.0/hadoop-auth-3.2.0.jar:/home/user/.m2/repository/com/nimbusds/nimbus-jose-jwt/4.41.1/nimbus-jose-jwt-4.41.1.jar:/home/user/.m2/repository/com/github/stephenc/jcip/jcip-annotations/1.0-1/jcip-annotations-1.0-1.jar:/home/user/.m2/repository/net/minidev/json-smart/2.3/json-smart-2.3.jar:/home/user/.m2/repository/net/minidev/accessors-smart/1.2/accessors-smart-1.2.jar:/home/user/.m2/repository/org/ow2/asm/asm/5.0.4/asm-5.0.4.jar:/home/user/.m2/repository/org/apache/curator/curator-framework/2.12.0/curator-framework-2.12.0.jar:/home/user/.m2/repository/com/sun/jersey/jersey-core/1.19/jersey-core-1.19.jar:/home/user/.m2/repository/javax/ws/rs/jsr311-api/1.1.1/jsr311-api-1.1.1.jar:/home/user/.m2/repository/com/sun/jersey/jersey-server/1.19/jersey-server-1.19.jar:/home/user/.m2/repository/javax/servlet/javax.servlet-api/3.1.0/javax.servlet-api-3.1.0.jar:/home/user/.m2/repository/org/eclipse/jetty/jetty-server/9.3.25.v20180904/jetty-server-9.3.25.v20180904.jar:/home/user/.m2/repository/org/eclipse/jetty/jetty-http/9.3.25.v20180904/jetty-http-9.3.25.v20180904.jar:/home/user/.m2/repository/org/eclipse/jetty/jetty-io/9.3.25.v20180904/jetty-io-9.3.25.v20180904.jar:/home/user/.m2/repository/org/eclipse/jetty/jetty-webapp/9.3.25.v20180904/jetty-webapp-9.3.25.v20180904.jar:/home/user/.m2/repository/org/eclipse/jetty/jetty-xml/9.3.25.v20180904/jetty-xml-9.3.25.v20180904.jar:/home/user/.m2/repository/log4j/log4j/1.2.17/log4j-1.2.17.jar:/home/user/.m2/repository/org/slf4j/slf4j-api/1.7.25/slf4j-api-1.7.25.jar:/home/user/.m2/repository/org/slf4j/jul-to-slf4j/1.7.25/jul-to-slf4j-1.7.25.jar:/home/user/.m2/repository/org/eclipse/jetty/jetty-util/9.3.25.v20180904/jetty-util-9.3.25.v20180904.jar:/home/user/.m2/repository/com/fasterxml/jackson/core/jackson-databind/2.9.9/jackson-databind-2.9.9.jar:/home/user/.m2/repository/org/apache/hadoop/hadoop-kms/3.2.0/hadoop-kms-3.2.0-tests.jar:/home/user/.m2/repository/org/apache/hadoop/hadoop-hdds-server-scm/0.5.0-SNAPSHOT/hadoop-hdds-server-scm-0.5.0-SNAPSHOT-tests.jar:/home/user/.m2/repository/org/apache/hadoop/hadoop-hdds-container-service/0.5.0-SNAPSHOT/hadoop-hdds-container-service-0.5.0-SNAPSHOT-tests.jar:/home/user/.m2/repository/org/yaml/snakeyaml/1.16/snakeyaml-1.16.jar:/home/user/.m2/repository/org/apache/hadoop/hadoop-common/3.2.0/hadoop-common-3.2.0-tests.jar:/home/user/.m2/repository/org/apache/hadoop/hadoop-annotations/3.2.0/hadoop-annotations-3.2.0.jar:/usr/lib/jvm/java-1.8-openjdk/jre/../lib/tools.jar:/home/user/.m2/repository/commons-cli/commons-cli/1.2/commons-cli-1.2.jar:/home/user/.m2/repository/org/apache/httpcomponents/httpclient/4.5.2/httpclient-4.5.2.jar:/home/user/.m2/repository/org/apache/httpcomponents/httpcore/4.4.4/httpcore-4.4.4.jar:/home/user/.m2/repository/commons-codec/commons-codec/1.11/commons-codec-1.11.jar:/home/user/.m2/repository/commons-net/commons-net/3.6/commons-net-3.6.jar:/home/user/.m2/repository/commons-collections/commons-collections/3.2.2/commons-collections-3.2.2.jar:/home/user/.m2/repository/org/eclipse/jetty/jetty-servlet/9.3.25.v20180904/jetty-servlet-9.3.25.v20180904.jar:/home/user/.m2/repository/org/eclipse/jetty/jetty-security/9.3.25.v20180904/jetty-security-9.3.25.v20180904.jar:/home/user/.m2/repository/javax/servlet/jsp/jsp-api/2.1/jsp-api-2.1.jar:/home/user/.m2/repository/com/sun/jersey/jersey-servlet/1.19/jersey-servlet-1.19.jar:/home/user/.m2/repository/com/sun/jersey/jersey-json/1.19/jersey-json-1.19.jar:/home/user/.m2/repository/org/codehaus/jettison/jettison/1.1/jettison-1.1.jar:/home/user/.m2/repository/org/codehaus/jackson/jackson-core-asl/1.9.13/jackson-core-asl-1.9.13.jar:/home/user/.m2/repository/org/codehaus/jackson/jackson-mapper-asl/1.9.13/jackson-mapper-asl-1.9.13.jar:/home/user/.m2/repository/org/codehaus/jackson/jackson-jaxrs/1.9.13/jackson-jaxrs-1.9.13.jar:/home/user/.m2/repository/org/codehaus/jackson/jackson-xc/1.9.13/jackson-xc-1.9.13.jar:/home/user/.m2/repository/commons-logging/commons-logging/1.1.3/commons-logging-1.1.3.jar:/home/user/.m2/repository/commons-beanutils/commons-beanutils/1.9.4/commons-beanutils-1.9.4.jar:/home/user/.m2/repository/org/apache/commons/commons-configuration2/2.1.1/commons-configuration2-2.1.1.jar:/home/user/.m2/repository/org/apache/commons/commons-lang3/3.7/commons-lang3-3.7.jar:/home/user/.m2/repository/org/apache/commons/commons-text/1.4/commons-text-1.4.jar:/home/user/.m2/repository/org/apache/avro/avro/1.7.7/avro-1.7.7.jar:/home/user/.m2/repository/com/thoughtworks/paranamer/paranamer/2.3/paranamer-2.3.jar:/home/user/.m2/repository/org/xerial/snappy/snappy-java/1.0.5/snappy-java-1.0.5.jar:/home/user/.m2/repository/com/google/re2j/re2j/1.1/re2j-1.1.jar:/home/user/.m2/repository/com/google/code/gson/gson/2.2.4/gson-2.2.4.jar:/home/user/.m2/repository/com/jcraft/jsch/0.1.54/jsch-0.1.54.jar:/home/user/.m2/repository/org/apache/curator/curator-client/2.12.0/curator-client-2.12.0.jar:/home/user/.m2/repository/org/apache/curator/curator-recipes/2.12.0/curator-recipes-2.12.0.jar:/home/user/.m2/repository/com/google/code/findbugs/jsr305/3.0.0/jsr305-3.0.0.jar:/home/user/.m2/repository/org/apache/htrace/htrace-core4/4.1.0-incubating/htrace-core4-4.1.0-incubating.jar:/home/user/.m2/repository/org/apache/zookeeper/zookeeper/3.4.13/zookeeper-3.4.13.jar:/home/user/.m2/repository/jline/jline/0.9.94/jline-0.9.94.jar:/home/user/.m2/repository/org/apache/yetus/audience-annotations/0.5.0/audience-annotations-0.5.0.jar:/home/user/.m2/repository/org/codehaus/woodstox/stax2-api/3.1.4/stax2-api-3.1.4.jar:/home/user/.m2/repository/com/fasterxml/woodstox/woodstox-core/5.0.3/woodstox-core-5.0.3.jar:/home/user/.m2/repository/dnsjava/dnsjava/2.1.7/dnsjava-2.1.7.jar:/home/user/.m2/repository/org/apache/hadoop/hadoop-hdfs/3.2.0/hadoop-hdfs-3.2.0-tests.jar:/home/user/.m2/repository/org/eclipse/jetty/jetty-util-ajax/9.3.25.v20180904/jetty-util-ajax-9.3.25.v20180904.jar:/home/user/.m2/repository/commons-daemon/commons-daemon/1.0.13/commons-daemon-1.0.13.jar:/home/user/.m2/repository/io/netty/netty/3.10.5.Final/netty-3.10.5.Final.jar:/home/user/.m2/repository/io/netty/netty-all/4.0.52.Final/netty-all-4.0.52.Final.jar:/home/user/.m2/repository/org/fusesource/leveldbjni/leveldbjni-all/1.8/leveldbjni-all-1.8.jar:"/>
    <property name="java.vm.vendor" value="IcedTea"/>
    <property name="sun.arch.data.model" value="64"/>
    <property name="test.build.dir" value="/workdir/hadoop-ozone/integration-test/target/test-dir"/>
    <property name="test.cache.data" value=""/>
    <property name="java.vendor.url" value="https://icedtea.classpath.org"/>
    <property name="user.timezone" value=""/>
    <property name="java.vm.specification.version" value="1.8"/>
    <property name="os.name" value="Linux"/>
    <property name="test.build.data" value="/workdir/hadoop-ozone/integration-test/target/test-dir"/>
    <property name="user.country" value="US"/>
    <property name="sun.java.launcher" value="SUN_STANDARD"/>
    <property name="sun.boot.library.path" value="/usr/lib/jvm/java-1.8-openjdk/jre/lib/amd64"/>
    <property name="sun.java.command" value="/workdir/hadoop-ozone/integration-test/target/surefire/surefirebooter4827720436778198988.jar /workdir/hadoop-ozone/integration-test/target/surefire 2019-10-04T20-53-56_161-jvmRun1 surefire4721885739911543359tmp surefire_564223798903614031502tmp"/>
    <property name="test" value="!TestMiniChaosOzoneCluster"/>
    <property name="surefire.test.class.path" value="/workdir/hadoop-ozone/integration-test/target/test-classes:/workdir/hadoop-ozone/integration-test/target/classes:/home/user/.m2/repository/org/apache/hadoop/hadoop-ozone-common/0.5.0-SNAPSHOT/hadoop-ozone-common-0.5.0-SNAPSHOT.jar:/home/user/.m2/repository/org/apache/commons/commons-compress/1.4.1/commons-compress-1.4.1.jar:/home/user/.m2/repository/org/tukaani/xz/1.0/xz-1.0.jar:/home/user/.m2/repository/org/apache/hadoop/hadoop-common/3.2.0/hadoop-common-3.2.0.jar:/home/user/.m2/repository/org/apache/hadoop/hadoop-hdfs/3.2.0/hadoop-hdfs-3.2.0.jar:/home/user/.m2/repository/org/apache/hadoop/hadoop-hdfs-client/3.2.0/hadoop-hdfs-client-3.2.0.jar:/home/user/.m2/repository/com/fasterxml/jackson/core/jackson-annotations/2.9.9/jackson-annotations-2.9.9.jar:/home/user/.m2/repository/org/apache/hadoop/hadoop-hdds-common/0.5.0-SNAPSHOT/hadoop-hdds-common-0.5.0-SNAPSHOT.jar:/home/user/.m2/repository/javax/annotation/javax.annotation-api/1.2/javax.annotation-api-1.2.jar:/home/user/.m2/repository/org/apache/ratis/ratis-server/0.5.0-201fc85-SNAPSHOT/ratis-server-0.5.0-201fc85-SNAPSHOT.jar:/home/user/.m2/repository/org/apache/ratis/ratis-thirdparty-misc/0.2.0/ratis-thirdparty-misc-0.2.0.jar:/home/user/.m2/repository/org/apache/ratis/ratis-proto/0.5.0-201fc85-SNAPSHOT/ratis-proto-0.5.0-201fc85-SNAPSHOT.jar:/home/user/.m2/repository/org/apache/ratis/ratis-common/0.5.0-201fc85-SNAPSHOT/ratis-common-0.5.0-201fc85-SNAPSHOT.jar:/home/user/.m2/repository/org/apache/ratis/ratis-client/0.5.0-201fc85-SNAPSHOT/ratis-client-0.5.0-201fc85-SNAPSHOT.jar:/home/user/.m2/repository/org/apache/ratis/ratis-metrics/0.5.0-201fc85-SNAPSHOT/ratis-metrics-0.5.0-201fc85-SNAPSHOT.jar:/home/user/.m2/repository/com/github/joshelser/dropwizard-metrics-hadoop-metrics2-reporter/0.1.2/dropwizard-metrics-hadoop-metrics2-reporter-0.1.2.jar:/home/user/.m2/repository/io/dropwizard/metrics/metrics-jvm/3.2.5/metrics-jvm-3.2.5.jar:/home/user/.m2/repository/io/dropwizard/metrics/metrics-ganglia/3.2.5/metrics-ganglia-3.2.5.jar:/home/user/.m2/repository/info/ganglia/gmetric4j/gmetric4j/1.0.7/gmetric4j-1.0.7.jar:/home/user/.m2/repository/org/apache/ratis/ratis-netty/0.5.0-201fc85-SNAPSHOT/ratis-netty-0.5.0-201fc85-SNAPSHOT.jar:/home/user/.m2/repository/org/apache/ratis/ratis-grpc/0.5.0-201fc85-SNAPSHOT/ratis-grpc-0.5.0-201fc85-SNAPSHOT.jar:/home/user/.m2/repository/org/rocksdb/rocksdbjni/6.0.1/rocksdbjni-6.0.1.jar:/home/user/.m2/repository/org/apache/logging/log4j/log4j-api/2.11.0/log4j-api-2.11.0.jar:/home/user/.m2/repository/org/apache/logging/log4j/log4j-core/2.11.0/log4j-core-2.11.0.jar:/home/user/.m2/repository/com/lmax/disruptor/3.4.2/disruptor-3.4.2.jar:/home/user/.m2/repository/org/apache/commons/commons-pool2/2.6.0/commons-pool2-2.6.0.jar:/home/user/.m2/repository/org/bouncycastle/bcpkix-jdk15on/1.60/bcpkix-jdk15on-1.60.jar:/home/user/.m2/repository/commons-validator/commons-validator/1.6/commons-validator-1.6.jar:/home/user/.m2/repository/commons-digester/commons-digester/1.8.1/commons-digester-1.8.1.jar:/home/user/.m2/repository/io/jaegertracing/jaeger-client/0.34.0/jaeger-client-0.34.0.jar:/home/user/.m2/repository/io/jaegertracing/jaeger-thrift/0.34.0/jaeger-thrift-0.34.0.jar:/home/user/.m2/repository/org/apache/thrift/libthrift/0.12.0/libthrift-0.12.0.jar:/home/user/.m2/repository/com/squareup/okhttp3/okhttp/3.9.0/okhttp-3.9.0.jar:/home/user/.m2/repository/com/squareup/okio/okio/1.13.0/okio-1.13.0.jar:/home/user/.m2/repository/io/jaegertracing/jaeger-core/0.34.0/jaeger-core-0.34.0.jar:/home/user/.m2/repository/io/jaegertracing/jaeger-tracerresolver/0.34.0/jaeger-tracerresolver-0.34.0.jar:/home/user/.m2/repository/io/opentracing/contrib/opentracing-tracerresolver/0.1.5/opentracing-tracerresolver-0.1.5.jar:/home/user/.m2/repository/io/opentracing/opentracing-util/0.31.0/opentracing-util-0.31.0.jar:/home/user/.m2/repository/io/opentracing/opentracing-api/0.31.0/opentracing-api-0.31.0.jar:/home/user/.m2/repository/io/opentracing/opentracing-noop/0.31.0/opentracing-noop-0.31.0.jar:/home/user/.m2/repository/org/apache/hadoop/hadoop-hdds-server-framework/0.5.0-SNAPSHOT/hadoop-hdds-server-framework-0.5.0-SNAPSHOT.jar:/home/user/.m2/repository/org/apache/hadoop/hadoop-hdds-container-service/0.5.0-SNAPSHOT/hadoop-hdds-container-service-0.5.0-SNAPSHOT.jar:/home/user/.m2/repository/org/apache/hadoop/hadoop-hdds-client/0.5.0-SNAPSHOT/hadoop-hdds-client-0.5.0-SNAPSHOT.jar:/home/user/.m2/repository/org/apache/hadoop/hadoop-hdds-tools/0.5.0-SNAPSHOT/hadoop-hdds-tools-0.5.0-SNAPSHOT.jar:/home/user/.m2/repository/org/apache/hadoop/hadoop-hdds-server-scm/0.5.0-SNAPSHOT/hadoop-hdds-server-scm-0.5.0-SNAPSHOT.jar:/home/user/.m2/repository/org/apache/hadoop/hadoop-hdds-docs/0.5.0-SNAPSHOT/hadoop-hdds-docs-0.5.0-SNAPSHOT.jar:/home/user/.m2/repository/io/dropwizard/metrics/metrics-core/3.2.4/metrics-core-3.2.4.jar:/home/user/.m2/repository/org/hamcrest/hamcrest-all/1.3/hamcrest-all-1.3.jar:/home/user/.m2/repository/org/bouncycastle/bcprov-jdk15on/1.60/bcprov-jdk15on-1.60.jar:/home/user/.m2/repository/info/picocli/picocli/3.9.6/picocli-3.9.6.jar:/home/user/.m2/repository/com/google/protobuf/protobuf-java/2.5.0/protobuf-java-2.5.0.jar:/home/user/.m2/repository/com/google/guava/guava/11.0.2/guava-11.0.2.jar:/home/user/.m2/repository/org/apache/hadoop/hadoop-ozone-ozone-manager/0.5.0-SNAPSHOT/hadoop-ozone-ozone-manager-0.5.0-SNAPSHOT.jar:/home/user/.m2/repository/org/apache/hadoop/hadoop-minikdc/3.2.0/hadoop-minikdc-3.2.0.jar:/home/user/.m2/repository/commons-io/commons-io/2.5/commons-io-2.5.jar:/home/user/.m2/repository/org/apache/kerby/kerb-simplekdc/1.0.1/kerb-simplekdc-1.0.1.jar:/home/user/.m2/repository/org/apache/kerby/kerb-client/1.0.1/kerb-client-1.0.1.jar:/home/user/.m2/repository/org/apache/kerby/kerby-config/1.0.1/kerby-config-1.0.1.jar:/home/user/.m2/repository/org/apache/kerby/kerb-core/1.0.1/kerb-core-1.0.1.jar:/home/user/.m2/repository/org/apache/kerby/kerby-pkix/1.0.1/kerby-pkix-1.0.1.jar:/home/user/.m2/repository/org/apache/kerby/kerby-asn1/1.0.1/kerby-asn1-1.0.1.jar:/home/user/.m2/repository/org/apache/kerby/kerby-util/1.0.1/kerby-util-1.0.1.jar:/home/user/.m2/repository/org/apache/kerby/kerb-common/1.0.1/kerb-common-1.0.1.jar:/home/user/.m2/repository/org/apache/kerby/kerb-crypto/1.0.1/kerb-crypto-1.0.1.jar:/home/user/.m2/repository/org/apache/kerby/kerb-util/1.0.1/kerb-util-1.0.1.jar:/home/user/.m2/repository/org/apache/kerby/token-provider/1.0.1/token-provider-1.0.1.jar:/home/user/.m2/repository/org/apache/kerby/kerb-admin/1.0.1/kerb-admin-1.0.1.jar:/home/user/.m2/repository/org/apache/kerby/kerb-server/1.0.1/kerb-server-1.0.1.jar:/home/user/.m2/repository/org/apache/kerby/kerb-identity/1.0.1/kerb-identity-1.0.1.jar:/home/user/.m2/repository/org/apache/kerby/kerby-xdr/1.0.1/kerby-xdr-1.0.1.jar:/home/user/.m2/repository/org/slf4j/slf4j-log4j12/1.7.25/slf4j-log4j12-1.7.25.jar:/home/user/.m2/repository/org/apache/hadoop/hadoop-ozone-s3gateway/0.5.0-SNAPSHOT/hadoop-ozone-s3gateway-0.5.0-SNAPSHOT.jar:/home/user/.m2/repository/org/jboss/weld/servlet/weld-servlet/2.4.7.Final/weld-servlet-2.4.7.Final.jar:/home/user/.m2/repository/org/glassfish/jersey/containers/jersey-container-servlet-core/2.27/jersey-container-servlet-core-2.27.jar:/home/user/.m2/repository/org/glassfish/hk2/external/javax.inject/2.5.0-b42/javax.inject-2.5.0-b42.jar:/home/user/.m2/repository/org/glassfish/jersey/core/jersey-common/2.27/jersey-common-2.27.jar:/home/user/.m2/repository/org/glassfish/hk2/osgi-resource-locator/1.0.1/osgi-resource-locator-1.0.1.jar:/home/user/.m2/repository/javax/ws/rs/javax.ws.rs-api/2.1/javax.ws.rs-api-2.1.jar:/home/user/.m2/repository/org/glassfish/jersey/ext/cdi/jersey-cdi1x/2.27/jersey-cdi1x-2.27.jar:/home/user/.m2/repository/org/glassfish/jersey/inject/jersey-hk2/2.27/jersey-hk2-2.27.jar:/home/user/.m2/repository/org/glassfish/hk2/hk2-locator/2.5.0-b42/hk2-locator-2.5.0-b42.jar:/home/user/.m2/repository/org/javassist/javassist/3.22.0-CR2/javassist-3.22.0-CR2.jar:/home/user/.m2/repository/org/glassfish/hk2/hk2-api/2.5.0/hk2-api-2.5.0.jar:/home/user/.m2/repository/org/glassfish/hk2/external/jakarta.inject/2.5.0/jakarta.inject-2.5.0.jar:/home/user/.m2/repository/org/glassfish/hk2/hk2-utils/2.5.0/hk2-utils-2.5.0.jar:/home/user/.m2/repository/jakarta/annotation/jakarta.annotation-api/1.3.4/jakarta.annotation-api-1.3.4.jar:/home/user/.m2/repository/org/glassfish/hk2/external/aopalliance-repackaged/2.5.0/aopalliance-repackaged-2.5.0.jar:/home/user/.m2/repository/com/fasterxml/jackson/dataformat/jackson-dataformat-xml/2.9.0/jackson-dataformat-xml-2.9.0.jar:/home/user/.m2/repository/com/fasterxml/jackson/core/jackson-core/2.9.9/jackson-core-2.9.9.jar:/home/user/.m2/repository/com/fasterxml/jackson/module/jackson-module-jaxb-annotations/2.9.9/jackson-module-jaxb-annotations-2.9.9.jar:/home/user/.m2/repository/javax/enterprise/cdi-api/1.2/cdi-api-1.2.jar:/home/user/.m2/repository/javax/el/javax.el-api/3.0.0/javax.el-api-3.0.0.jar:/home/user/.m2/repository/javax/interceptor/javax.interceptor-api/1.2/javax.interceptor-api-1.2.jar:/home/user/.m2/repository/javax/inject/javax.inject/1/javax.inject-1.jar:/home/user/.m2/repository/com/sun/xml/bind/jaxb-impl/2.3.0.1/jaxb-impl-2.3.0.1.jar:/home/user/.m2/repository/com/sun/xml/bind/jaxb-core/2.3.0.1/jaxb-core-2.3.0.1.jar:/home/user/.m2/repository/javax/xml/bind/jaxb-api/2.3.0/jaxb-api-2.3.0.jar:/home/user/.m2/repository/javax/activation/activation/1.1.1/activation-1.1.1.jar:/home/user/.m2/repository/org/apache/hadoop/hadoop-ozone-csi/0.5.0-SNAPSHOT/hadoop-ozone-csi-0.5.0-SNAPSHOT.jar:/home/user/.m2/repository/com/google/protobuf/protobuf-java-util/3.5.1/protobuf-java-util-3.5.1.jar:/home/user/.m2/repository/org/apache/hadoop/hadoop-hdds-config/0.5.0-SNAPSHOT/hadoop-hdds-config-0.5.0-SNAPSHOT.jar:/home/user/.m2/repository/io/grpc/grpc-netty/1.17.1/grpc-netty-1.17.1.jar:/home/user/.m2/repository/io/grpc/grpc-core/1.17.1/grpc-core-1.17.1.jar:/home/user/.m2/repository/io/grpc/grpc-context/1.17.1/grpc-context-1.17.1.jar:/home/user/.m2/repository/com/google/errorprone/error_prone_annotations/2.2.0/error_prone_annotations-2.2.0.jar:/home/user/.m2/repository/org/codehaus/mojo/animal-sniffer-annotations/1.17/animal-sniffer-annotations-1.17.jar:/home/user/.m2/repository/io/opencensus/opencensus-api/0.17.0/opencensus-api-0.17.0.jar:/home/user/.m2/repository/io/opencensus/opencensus-contrib-grpc-metrics/0.17.0/opencensus-contrib-grpc-metrics-0.17.0.jar:/home/user/.m2/repository/io/netty/netty-codec-http2/4.1.30.Final/netty-codec-http2-4.1.30.Final.jar:/home/user/.m2/repository/io/netty/netty-codec-http/4.1.30.Final/netty-codec-http-4.1.30.Final.jar:/home/user/.m2/repository/io/netty/netty-codec/4.1.30.Final/netty-codec-4.1.30.Final.jar:/home/user/.m2/repository/io/netty/netty-handler/4.1.30.Final/netty-handler-4.1.30.Final.jar:/home/user/.m2/repository/io/netty/netty-handler-proxy/4.1.30.Final/netty-handler-proxy-4.1.30.Final.jar:/home/user/.m2/repository/io/netty/netty-codec-socks/4.1.30.Final/netty-codec-socks-4.1.30.Final.jar:/home/user/.m2/repository/io/netty/netty-transport-native-epoll/4.1.30.Final/netty-transport-native-epoll-4.1.30.Final.jar:/home/user/.m2/repository/io/netty/netty-common/4.1.30.Final/netty-common-4.1.30.Final.jar:/home/user/.m2/repository/io/netty/netty-buffer/4.1.30.Final/netty-buffer-4.1.30.Final.jar:/home/user/.m2/repository/io/netty/netty-transport/4.1.30.Final/netty-transport-4.1.30.Final.jar:/home/user/.m2/repository/io/netty/netty-resolver/4.1.30.Final/netty-resolver-4.1.30.Final.jar:/home/user/.m2/repository/io/netty/netty-transport-native-unix-common/4.1.30.Final/netty-transport-native-unix-common-4.1.30.Final.jar:/home/user/.m2/repository/io/grpc/grpc-protobuf/1.17.1/grpc-protobuf-1.17.1.jar:/home/user/.m2/repository/com/google/api/grpc/proto-google-common-protos/1.0.0/proto-google-common-protos-1.0.0.jar:/home/user/.m2/repository/io/grpc/grpc-protobuf-lite/1.17.1/grpc-protobuf-lite-1.17.1.jar:/home/user/.m2/repository/io/grpc/grpc-stub/1.17.1/grpc-stub-1.17.1.jar:/home/user/.m2/repository/org/apache/hadoop/hadoop-ozone-recon/0.5.0-SNAPSHOT/hadoop-ozone-recon-0.5.0-SNAPSHOT.jar:/home/user/.m2/repository/org/apache/hadoop/hadoop-ozone-reconcodegen/0.5.0-SNAPSHOT/hadoop-ozone-reconcodegen-0.5.0-SNAPSHOT.jar:/home/user/.m2/repository/com/google/inject/extensions/guice-multibindings/4.0/guice-multibindings-4.0.jar:/home/user/.m2/repository/com/google/inject/guice/4.0/guice-4.0.jar:/home/user/.m2/repository/aopalliance/aopalliance/1.0/aopalliance-1.0.jar:/home/user/.m2/repository/com/google/inject/extensions/guice-servlet/4.0/guice-servlet-4.0.jar:/home/user/.m2/repository/org/glassfish/jersey/containers/jersey-container-servlet/2.27/jersey-container-servlet-2.27.jar:/home/user/.m2/repository/org/glassfish/hk2/guice-bridge/2.5.0/guice-bridge-2.5.0.jar:/home/user/.m2/repository/org/glassfish/jersey/core/jersey-server/2.27/jersey-server-2.27.jar:/home/user/.m2/repository/org/glassfish/jersey/core/jersey-client/2.27/jersey-client-2.27.jar:/home/user/.m2/repository/org/glassfish/jersey/media/jersey-media-jaxb/2.27/jersey-media-jaxb-2.27.jar:/home/user/.m2/repository/javax/validation/validation-api/1.1.0.Final/validation-api-1.1.0.Final.jar:/home/user/.m2/repository/org/glassfish/jersey/media/jersey-media-json-jackson/2.27/jersey-media-json-jackson-2.27.jar:/home/user/.m2/repository/org/glassfish/jersey/ext/jersey-entity-filtering/2.27/jersey-entity-filtering-2.27.jar:/home/user/.m2/repository/com/google/inject/extensions/guice-assistedinject/4.0/guice-assistedinject-4.0.jar:/home/user/.m2/repository/org/jooq/jooq/3.11.10/jooq-3.11.10.jar:/home/user/.m2/repository/org/jooq/jooq-meta/3.11.10/jooq-meta-3.11.10.jar:/home/user/.m2/repository/org/jooq/jooq-codegen/3.11.10/jooq-codegen-3.11.10.jar:/home/user/.m2/repository/com/jolbox/bonecp/0.8.0.RELEASE/bonecp-0.8.0.RELEASE.jar:/home/user/.m2/repository/org/xerial/sqlite-jdbc/3.25.2/sqlite-jdbc-3.25.2.jar:/home/user/.m2/repository/org/springframework/spring-jdbc/5.1.3.RELEASE/spring-jdbc-5.1.3.RELEASE.jar:/home/user/.m2/repository/org/springframework/spring-beans/5.1.3.RELEASE/spring-beans-5.1.3.RELEASE.jar:/home/user/.m2/repository/org/springframework/spring-core/5.1.3.RELEASE/spring-core-5.1.3.RELEASE.jar:/home/user/.m2/repository/org/springframework/spring-jcl/5.1.3.RELEASE/spring-jcl-5.1.3.RELEASE.jar:/home/user/.m2/repository/org/springframework/spring-tx/5.1.3.RELEASE/spring-tx-5.1.3.RELEASE.jar:/home/user/.m2/repository/org/apache/hadoop/hadoop-ozone-client/0.5.0-SNAPSHOT/hadoop-ozone-client-0.5.0-SNAPSHOT.jar:/home/user/.m2/repository/commons-lang/commons-lang/2.6/commons-lang-2.6.jar:/home/user/.m2/repository/org/apache/hadoop/hadoop-ozone-ozone-manager/0.5.0-SNAPSHOT/hadoop-ozone-ozone-manager-0.5.0-SNAPSHOT-tests.jar:/home/user/.m2/repository/junit/junit/4.11/junit-4.11.jar:/home/user/.m2/repository/org/hamcrest/hamcrest-core/1.3/hamcrest-core-1.3.jar:/home/user/.m2/repository/org/openjdk/jmh/jmh-core/1.19/jmh-core-1.19.jar:/home/user/.m2/repository/net/sf/jopt-simple/jopt-simple/4.6/jopt-simple-4.6.jar:/home/user/.m2/repository/org/apache/commons/commons-math3/3.1.1/commons-math3-3.1.1.jar:/home/user/.m2/repository/org/openjdk/jmh/jmh-generator-annprocess/1.19/jmh-generator-annprocess-1.19.jar:/home/user/.m2/repository/org/mockito/mockito-all/1.8.5/mockito-all-1.8.5.jar:/home/user/.m2/repository/org/apache/hadoop/hadoop-kms/3.2.0/hadoop-kms-3.2.0.jar:/home/user/.m2/repository/org/apache/hadoop/hadoop-auth/3.2.0/hadoop-auth-3.2.0.jar:/home/user/.m2/repository/com/nimbusds/nimbus-jose-jwt/4.41.1/nimbus-jose-jwt-4.41.1.jar:/home/user/.m2/repository/com/github/stephenc/jcip/jcip-annotations/1.0-1/jcip-annotations-1.0-1.jar:/home/user/.m2/repository/net/minidev/json-smart/2.3/json-smart-2.3.jar:/home/user/.m2/repository/net/minidev/accessors-smart/1.2/accessors-smart-1.2.jar:/home/user/.m2/repository/org/ow2/asm/asm/5.0.4/asm-5.0.4.jar:/home/user/.m2/repository/org/apache/curator/curator-framework/2.12.0/curator-framework-2.12.0.jar:/home/user/.m2/repository/com/sun/jersey/jersey-core/1.19/jersey-core-1.19.jar:/home/user/.m2/repository/javax/ws/rs/jsr311-api/1.1.1/jsr311-api-1.1.1.jar:/home/user/.m2/repository/com/sun/jersey/jersey-server/1.19/jersey-server-1.19.jar:/home/user/.m2/repository/javax/servlet/javax.servlet-api/3.1.0/javax.servlet-api-3.1.0.jar:/home/user/.m2/repository/org/eclipse/jetty/jetty-server/9.3.25.v20180904/jetty-server-9.3.25.v20180904.jar:/home/user/.m2/repository/org/eclipse/jetty/jetty-http/9.3.25.v20180904/jetty-http-9.3.25.v20180904.jar:/home/user/.m2/repository/org/eclipse/jetty/jetty-io/9.3.25.v20180904/jetty-io-9.3.25.v20180904.jar:/home/user/.m2/repository/org/eclipse/jetty/jetty-webapp/9.3.25.v20180904/jetty-webapp-9.3.25.v20180904.jar:/home/user/.m2/repository/org/eclipse/jetty/jetty-xml/9.3.25.v20180904/jetty-xml-9.3.25.v20180904.jar:/home/user/.m2/repository/log4j/log4j/1.2.17/log4j-1.2.17.jar:/home/user/.m2/repository/org/slf4j/slf4j-api/1.7.25/slf4j-api-1.7.25.jar:/home/user/.m2/repository/org/slf4j/jul-to-slf4j/1.7.25/jul-to-slf4j-1.7.25.jar:/home/user/.m2/repository/org/eclipse/jetty/jetty-util/9.3.25.v20180904/jetty-util-9.3.25.v20180904.jar:/home/user/.m2/repository/com/fasterxml/jackson/core/jackson-databind/2.9.9/jackson-databind-2.9.9.jar:/home/user/.m2/repository/org/apache/hadoop/hadoop-kms/3.2.0/hadoop-kms-3.2.0-tests.jar:/home/user/.m2/repository/org/apache/hadoop/hadoop-hdds-server-scm/0.5.0-SNAPSHOT/hadoop-hdds-server-scm-0.5.0-SNAPSHOT-tests.jar:/home/user/.m2/repository/org/apache/hadoop/hadoop-hdds-container-service/0.5.0-SNAPSHOT/hadoop-hdds-container-service-0.5.0-SNAPSHOT-tests.jar:/home/user/.m2/repository/org/yaml/snakeyaml/1.16/snakeyaml-1.16.jar:/home/user/.m2/repository/org/apache/hadoop/hadoop-common/3.2.0/hadoop-common-3.2.0-tests.jar:/home/user/.m2/repository/org/apache/hadoop/hadoop-annotations/3.2.0/hadoop-annotations-3.2.0.jar:/usr/lib/jvm/java-1.8-openjdk/jre/../lib/tools.jar:/home/user/.m2/repository/commons-cli/commons-cli/1.2/commons-cli-1.2.jar:/home/user/.m2/repository/org/apache/httpcomponents/httpclient/4.5.2/httpclient-4.5.2.jar:/home/user/.m2/repository/org/apache/httpcomponents/httpcore/4.4.4/httpcore-4.4.4.jar:/home/user/.m2/repository/commons-codec/commons-codec/1.11/commons-codec-1.11.jar:/home/user/.m2/repository/commons-net/commons-net/3.6/commons-net-3.6.jar:/home/user/.m2/repository/commons-collections/commons-collections/3.2.2/commons-collections-3.2.2.jar:/home/user/.m2/repository/org/eclipse/jetty/jetty-servlet/9.3.25.v20180904/jetty-servlet-9.3.25.v20180904.jar:/home/user/.m2/repository/org/eclipse/jetty/jetty-security/9.3.25.v20180904/jetty-security-9.3.25.v20180904.jar:/home/user/.m2/repository/javax/servlet/jsp/jsp-api/2.1/jsp-api-2.1.jar:/home/user/.m2/repository/com/sun/jersey/jersey-servlet/1.19/jersey-servlet-1.19.jar:/home/user/.m2/repository/com/sun/jersey/jersey-json/1.19/jersey-json-1.19.jar:/home/user/.m2/repository/org/codehaus/jettison/jettison/1.1/jettison-1.1.jar:/home/user/.m2/repository/org/codehaus/jackson/jackson-core-asl/1.9.13/jackson-core-asl-1.9.13.jar:/home/user/.m2/repository/org/codehaus/jackson/jackson-mapper-asl/1.9.13/jackson-mapper-asl-1.9.13.jar:/home/user/.m2/repository/org/codehaus/jackson/jackson-jaxrs/1.9.13/jackson-jaxrs-1.9.13.jar:/home/user/.m2/repository/org/codehaus/jackson/jackson-xc/1.9.13/jackson-xc-1.9.13.jar:/home/user/.m2/repository/commons-logging/commons-logging/1.1.3/commons-logging-1.1.3.jar:/home/user/.m2/repository/commons-beanutils/commons-beanutils/1.9.4/commons-beanutils-1.9.4.jar:/home/user/.m2/repository/org/apache/commons/commons-configuration2/2.1.1/commons-configuration2-2.1.1.jar:/home/user/.m2/repository/org/apache/commons/commons-lang3/3.7/commons-lang3-3.7.jar:/home/user/.m2/repository/org/apache/commons/commons-text/1.4/commons-text-1.4.jar:/home/user/.m2/repository/org/apache/avro/avro/1.7.7/avro-1.7.7.jar:/home/user/.m2/repository/com/thoughtworks/paranamer/paranamer/2.3/paranamer-2.3.jar:/home/user/.m2/repository/org/xerial/snappy/snappy-java/1.0.5/snappy-java-1.0.5.jar:/home/user/.m2/repository/com/google/re2j/re2j/1.1/re2j-1.1.jar:/home/user/.m2/repository/com/google/code/gson/gson/2.2.4/gson-2.2.4.jar:/home/user/.m2/repository/com/jcraft/jsch/0.1.54/jsch-0.1.54.jar:/home/user/.m2/repository/org/apache/curator/curator-client/2.12.0/curator-client-2.12.0.jar:/home/user/.m2/repository/org/apache/curator/curator-recipes/2.12.0/curator-recipes-2.12.0.jar:/home/user/.m2/repository/com/google/code/findbugs/jsr305/3.0.0/jsr305-3.0.0.jar:/home/user/.m2/repository/org/apache/htrace/htrace-core4/4.1.0-incubating/htrace-core4-4.1.0-incubating.jar:/home/user/.m2/repository/org/apache/zookeeper/zookeeper/3.4.13/zookeeper-3.4.13.jar:/home/user/.m2/repository/jline/jline/0.9.94/jline-0.9.94.jar:/home/user/.m2/repository/org/apache/yetus/audience-annotations/0.5.0/audience-annotations-0.5.0.jar:/home/user/.m2/repository/org/codehaus/woodstox/stax2-api/3.1.4/stax2-api-3.1.4.jar:/home/user/.m2/repository/com/fasterxml/woodstox/woodstox-core/5.0.3/woodstox-core-5.0.3.jar:/home/user/.m2/repository/dnsjava/dnsjava/2.1.7/dnsjava-2.1.7.jar:/home/user/.m2/repository/org/apache/hadoop/hadoop-hdfs/3.2.0/hadoop-hdfs-3.2.0-tests.jar:/home/user/.m2/repository/org/eclipse/jetty/jetty-util-ajax/9.3.25.v20180904/jetty-util-ajax-9.3.25.v20180904.jar:/home/user/.m2/repository/commons-daemon/commons-daemon/1.0.13/commons-daemon-1.0.13.jar:/home/user/.m2/repository/io/netty/netty/3.10.5.Final/netty-3.10.5.Final.jar:/home/user/.m2/repository/io/netty/netty-all/4.0.52.Final/netty-all-4.0.52.Final.jar:/home/user/.m2/repository/org/fusesource/leveldbjni/leveldbjni-all/1.8/leveldbjni-all-1.8.jar:"/>
    <property name="sun.cpu.endian" value="little"/>
    <property name="user.home" value="/home/user"/>
    <property name="user.language" value="en"/>
    <property name="java.specification.vendor" value="Oracle Corporation"/>
    <property name="java.home" value="/usr/lib/jvm/java-1.8-openjdk/jre"/>
    <property name="java.security.krb5.conf" value="/workdir/hadoop-ozone/integration-test/target/test-classes/krb5.conf"/>
    <property name="basedir" value="/workdir/hadoop-ozone/integration-test"/>
    <property name="file.separator" value="/"/>
    <property name="line.separator" value="&#10;"/>
    <property name="java.vm.specification.vendor" value="Oracle Corporation"/>
    <property name="java.specification.name" value="Java Platform API Specification"/>
    <property name="java.awt.graphicsenv" value="sun.awt.X11GraphicsEnvironment"/>
    <property name="surefire.real.class.path" value="/workdir/hadoop-ozone/integration-test/target/surefire/surefirebooter4827720436778198988.jar"/>
    <property name="hadoop.log.dir" value="/workdir/hadoop-ozone/integration-test/target/log"/>
    <property name="sun.boot.class.path" value="/usr/lib/jvm/java-1.8-openjdk/jre/lib/resources.jar:/usr/lib/jvm/java-1.8-openjdk/jre/lib/rt.jar:/usr/lib/jvm/java-1.8-openjdk/jre/lib/sunrsasign.jar:/usr/lib/jvm/java-1.8-openjdk/jre/lib/jsse.jar:/usr/lib/jvm/java-1.8-openjdk/jre/lib/jce.jar:/usr/lib/jvm/java-1.8-openjdk/jre/lib/charsets.jar:/usr/lib/jvm/java-1.8-openjdk/jre/lib/jfr.jar:/usr/lib/jvm/java-1.8-openjdk/jre/classes"/>
    <property name="sun.management.compiler" value="HotSpot 64-Bit Tiered Compilers"/>
    <property name="java.runtime.version" value="1.8.0_212-b04"/>
    <property name="java.net.preferIPv4Stack" value="true"/>
    <property name="user.name" value="jenkins1000"/>
    <property name="path.separator" value=":"/>
    <property name="java.security.egd" value="file:///dev/urandom"/>
    <property name="os.version" value="3.10.0-957.12.2.el7.x86_64"/>
    <property name="java.endorsed.dirs" value="/usr/lib/jvm/java-1.8-openjdk/jre/lib/endorsed"/>
    <property name="java.runtime.name" value="OpenJDK Runtime Environment"/>
    <property name="file.encoding" value="UTF-8"/>
    <property name="java.vm.name" value="OpenJDK 64-Bit Server VM"/>
    <property name="test.build.webapps" value=""/>
    <property name="localRepository" value="/home/user/.m2/repository"/>
    <property name="java.vendor.url.bug" value="https://icedtea.classpath.org/bugzilla"/>
    <property name="java.io.tmpdir" value="/tmp"/>
    <property name="require.test.libhadoop" value=""/>
    <property name="java.version" value="1.8.0_212"/>
    <property name="user.dir" value="/workdir/hadoop-ozone/integration-test"/>
    <property name="os.arch" value="amd64"/>
    <property name="java.vm.specification.name" value="Java Virtual Machine Specification"/>
    <property name="test.build.classes" value="/workdir/hadoop-ozone/integration-test/target/test-classes"/>
    <property name="java.awt.printerjob" value="sun.print.PSPrinterJob"/>
    <property name="sun.os.patch.level" value="unknown"/>
    <property name="hadoop.tmp.dir" value="/workdir/hadoop-ozone/integration-test/target/tmp"/>
    <property name="java.library.path" value="/usr/lib/jvm/java-1.8-openjdk/jre/lib/amd64/server:/usr/lib/jvm/java-1.8-openjdk/jre/lib/amd64:/usr/lib/jvm/java-1.8-openjdk/jre/../lib/amd64:/workdir/hadoop-ozone/integration-test/target/native/target/usr/local/lib:/workdir/hadoop-ozone/integration-test/../../hadoop-common-project/hadoop-common/target/native/target/usr/local/lib:/usr/java/packages/lib/amd64:/usr/lib64:/lib64:/lib:/usr/lib"/>
    <property name="java.vm.info" value="mixed mode"/>
    <property name="java.vendor" value="IcedTea"/>
    <property name="java.vm.version" value="25.212-b04"/>
    <property name="java.ext.dirs" value="/usr/lib/jvm/java-1.8-openjdk/jre/lib/ext:/usr/java/packages/lib/ext"/>
    <property name="sun.io.unicode.encoding" value="UnicodeLittle"/>
    <property name="java.class.version" value="52.0"/>
  </properties>
  <testcase name="test2DatanodesFailure" classname="org.apache.hadoop.ozone.client.rpc.TestBlockOutputStreamWithFailures" time="104.755"/>
  <testcase name="testDatanodeFailureWithPreAllocation" classname="org.apache.hadoop.ozone.client.rpc.TestBlockOutputStreamWithFailures" time="223.696"/>
  <testcase name="testDatanodeFailureWithSingleNodeRatis" classname="org.apache.hadoop.ozone.client.rpc.TestBlockOutputStreamWithFailures" time="222.478"/>
  <testcase name="testWatchForCommitWithSingleNodeRatis" classname="org.apache.hadoop.ozone.client.rpc.TestBlockOutputStreamWithFailures" time="35.297"/>
  <testcase name="testWatchForCommitDatanodeFailure" classname="org.apache.hadoop.ozone.client.rpc.TestBlockOutputStreamWithFailures" time="42.334">
    <failure message="expected:&lt;2&gt; but was:&lt;3&gt;" type="java.lang.AssertionError"><![CDATA[java.lang.AssertionError: expected:<2> but was:<3>
	at org.junit.Assert.fail(Assert.java:88)
	at org.junit.Assert.failNotEquals(Assert.java:743)
	at org.junit.Assert.assertEquals(Assert.java:118)
	at org.junit.Assert.assertEquals(Assert.java:555)
	at org.junit.Assert.assertEquals(Assert.java:542)
	at org.apache.hadoop.ozone.client.rpc.TestBlockOutputStreamWithFailures.testWatchForCommitDatanodeFailure(TestBlockOutputStreamWithFailures.java:366)
	at sun.reflect.NativeMethodAccessorImpl.invoke0(Native Method)
	at sun.reflect.NativeMethodAccessorImpl.invoke(NativeMethodAccessorImpl.java:62)
	at sun.reflect.DelegatingMethodAccessorImpl.invoke(DelegatingMethodAccessorImpl.java:43)
	at java.lang.reflect.Method.invoke(Method.java:498)
	at org.junit.runners.model.FrameworkMethod$1.runReflectiveCall(FrameworkMethod.java:47)
	at org.junit.internal.runners.model.ReflectiveCallable.run(ReflectiveCallable.java:12)
	at org.junit.runners.model.FrameworkMethod.invokeExplosively(FrameworkMethod.java:44)
	at org.junit.internal.runners.statements.InvokeMethod.evaluate(InvokeMethod.java:17)
	at org.junit.internal.runners.statements.RunBefores.evaluate(RunBefores.java:26)
	at org.junit.internal.runners.statements.RunAfters.evaluate(RunAfters.java:27)
	at org.junit.runners.ParentRunner.runLeaf(ParentRunner.java:271)
	at org.junit.runners.BlockJUnit4ClassRunner.runChild(BlockJUnit4ClassRunner.java:70)
	at org.junit.runners.BlockJUnit4ClassRunner.runChild(BlockJUnit4ClassRunner.java:50)
	at org.junit.runners.ParentRunner$3.run(ParentRunner.java:238)
	at org.junit.runners.ParentRunner$1.schedule(ParentRunner.java:63)
	at org.junit.runners.ParentRunner.runChildren(ParentRunner.java:236)
	at org.junit.runners.ParentRunner.access$000(ParentRunner.java:53)
	at org.junit.runners.ParentRunner$2.evaluate(ParentRunner.java:229)
	at org.junit.runners.ParentRunner.run(ParentRunner.java:309)
	at org.apache.maven.surefire.junit4.JUnit4Provider.execute(JUnit4Provider.java:365)
	at org.apache.maven.surefire.junit4.JUnit4Provider.executeWithRerun(JUnit4Provider.java:273)
	at org.apache.maven.surefire.junit4.JUnit4Provider.executeTestSet(JUnit4Provider.java:238)
	at org.apache.maven.surefire.junit4.JUnit4Provider.invoke(JUnit4Provider.java:159)
	at org.apache.maven.surefire.booter.ForkedBooter.invokeProviderInSameClassLoader(ForkedBooter.java:384)
	at org.apache.maven.surefire.booter.ForkedBooter.runSuitesInProcess(ForkedBooter.java:345)
	at org.apache.maven.surefire.booter.ForkedBooter.execute(ForkedBooter.java:126)
	at org.apache.maven.surefire.booter.ForkedBooter.main(ForkedBooter.java:418)
]]></failure>
    <system-out><![CDATA[2019-10-04 21:46:45,250 [main] WARN  server.ServerUtils (ServerUtils.java:getScmDbDir(145)) - ozone.scm.db.dirs is not configured. We recommend adding this setting. Falling back to ozone.metadata.dirs instead.
2019-10-04 21:46:45,265 [main] WARN  server.ServerUtils (ServerUtils.java:getScmDbDir(145)) - ozone.scm.db.dirs is not configured. We recommend adding this setting. Falling back to ozone.metadata.dirs instead.
2019-10-04 21:46:45,265 [main] WARN  server.ServerUtils (ServerUtils.java:getScmDbDir(145)) - ozone.scm.db.dirs is not configured. We recommend adding this setting. Falling back to ozone.metadata.dirs instead.
2019-10-04 21:46:45,266 [main] INFO  db.DBStoreBuilder (DBStoreBuilder.java:addTable(117)) - using custom profile for table: deletedBlocks
2019-10-04 21:46:45,266 [main] INFO  db.DBStoreBuilder (DBStoreBuilder.java:processTables(168)) - Using default column profile:DBProfile.DISK for Table:deletedBlocks
2019-10-04 21:46:45,267 [main] INFO  db.DBStoreBuilder (DBStoreBuilder.java:addTable(117)) - using custom profile for table: validCerts
2019-10-04 21:46:45,267 [main] INFO  db.DBStoreBuilder (DBStoreBuilder.java:processTables(168)) - Using default column profile:DBProfile.DISK for Table:validCerts
2019-10-04 21:46:45,267 [main] INFO  db.DBStoreBuilder (DBStoreBuilder.java:addTable(117)) - using custom profile for table: revokedCerts
2019-10-04 21:46:45,267 [main] INFO  db.DBStoreBuilder (DBStoreBuilder.java:processTables(168)) - Using default column profile:DBProfile.DISK for Table:revokedCerts
2019-10-04 21:46:45,268 [main] INFO  db.DBStoreBuilder (DBStoreBuilder.java:addTable(117)) - using custom profile for table: default
2019-10-04 21:46:45,268 [main] INFO  db.DBStoreBuilder (DBStoreBuilder.java:processTables(174)) - Using default column profile:DBProfile.DISK for Table:default
2019-10-04 21:46:45,268 [main] INFO  db.DBStoreBuilder (DBStoreBuilder.java:getDbProfile(205)) - Using default options. DBProfile.DISK
2019-10-04 21:46:45,416 [main] INFO  net.NodeSchemaLoader (NodeSchemaLoader.java:loadSchemaFromFile(125)) - Loading file from sun.misc.CompoundEnumeration@45554613
2019-10-04 21:46:45,417 [main] INFO  net.NodeSchemaLoader (NodeSchemaLoader.java:loadSchema(171)) - Loading network topology layer schema file
2019-10-04 21:46:45,421 [main] INFO  node.SCMNodeManager (SCMNodeManager.java:<init>(116)) - Entering startup safe mode.
2019-10-04 21:46:45,422 [main] INFO  algorithms.ContainerPlacementPolicyFactory (ContainerPlacementPolicyFactory.java:getPolicy(57)) - Create container placement policy of type org.apache.hadoop.hdds.scm.container.placement.algorithms.SCMContainerPlacementRandom
2019-10-04 21:46:45,422 [main] WARN  server.ServerUtils (ServerUtils.java:getScmDbDir(145)) - ozone.scm.db.dirs is not configured. We recommend adding this setting. Falling back to ozone.metadata.dirs instead.
2019-10-04 21:46:45,472 [main] INFO  pipeline.SCMPipelineManager (SCMPipelineManager.java:initializePipelineState(132)) - No pipeline exists in current db
2019-10-04 21:46:45,472 [main] WARN  server.ServerUtils (ServerUtils.java:getScmDbDir(145)) - ozone.scm.db.dirs is not configured. We recommend adding this setting. Falling back to ozone.metadata.dirs instead.
2019-10-04 21:46:45,527 [main] WARN  events.EventQueue (EventQueue.java:fireEvent(183)) - No event handler registered for event TypedEvent{payloadType=SafeModeStatus, name='SafeModeStatus'}
2019-10-04 21:46:45,528 [main] INFO  ipc.CallQueueManager (CallQueueManager.java:<init>(84)) - Using callQueue: class java.util.concurrent.LinkedBlockingQueue, queueCapacity: 2000, scheduler: class org.apache.hadoop.ipc.DefaultRpcScheduler, ipcBackoff: false.
2019-10-04 21:46:45,529 [Socket Reader #1 for port 35416] INFO  ipc.Server (Server.java:run(1074)) - Starting Socket Reader #1 for port 35416
2019-10-04 21:46:45,531 [main] INFO  ipc.CallQueueManager (CallQueueManager.java:<init>(84)) - Using callQueue: class java.util.concurrent.LinkedBlockingQueue, queueCapacity: 2000, scheduler: class org.apache.hadoop.ipc.DefaultRpcScheduler, ipcBackoff: false.
2019-10-04 21:46:45,532 [Socket Reader #1 for port 38241] INFO  ipc.Server (Server.java:run(1074)) - Starting Socket Reader #1 for port 38241
2019-10-04 21:46:45,534 [main] INFO  ipc.CallQueueManager (CallQueueManager.java:<init>(84)) - Using callQueue: class java.util.concurrent.LinkedBlockingQueue, queueCapacity: 2000, scheduler: class org.apache.hadoop.ipc.DefaultRpcScheduler, ipcBackoff: false.
2019-10-04 21:46:45,534 [Socket Reader #1 for port 34277] INFO  ipc.Server (Server.java:run(1074)) - Starting Socket Reader #1 for port 34277
2019-10-04 21:46:45,537 [main] INFO  hdfs.DFSUtil (DFSUtil.java:httpServerTemplateForNNAndJN(1641)) - Starting Web-server for scm at: http://0.0.0.0:0
2019-10-04 21:46:45,540 [main] INFO  server.AuthenticationFilter (AuthenticationFilter.java:constructSecretProvider(240)) - Unable to initialize FileSignerSecretProvider, falling back to use random secrets.
2019-10-04 21:46:45,540 [main] WARN  http.HttpRequestLog (HttpRequestLog.java:getRequestLog(97)) - Jetty request log can only be enabled using Log4j
2019-10-04 21:46:45,543 [main] INFO  http.HttpServer2 (HttpServer2.java:addGlobalFilter(975)) - Added global filter 'safety' (class=org.apache.hadoop.http.HttpServer2$QuotingInputFilter)
2019-10-04 21:46:45,543 [main] INFO  http.HttpServer2 (HttpServer2.java:addFilter(948)) - Added filter static_user_filter (class=org.apache.hadoop.http.lib.StaticUserWebFilter$StaticUserFilter) to context scm
2019-10-04 21:46:45,543 [main] INFO  http.HttpServer2 (HttpServer2.java:addFilter(958)) - Added filter static_user_filter (class=org.apache.hadoop.http.lib.StaticUserWebFilter$StaticUserFilter) to context static
2019-10-04 21:46:45,544 [main] INFO  http.HttpServer2 (HttpServer2.java:addFilter(958)) - Added filter static_user_filter (class=org.apache.hadoop.http.lib.StaticUserWebFilter$StaticUserFilter) to context logs
2019-10-04 21:46:45,546 [main] INFO  server.StorageContainerManager (StorageContainerManager.java:start(770)) - StorageContainerLocationProtocol RPC server is listening at /0.0.0.0:34277
2019-10-04 21:46:45,549 [main] WARN  impl.MetricsConfig (MetricsConfig.java:loadFirst(134)) - Cannot locate configuration: tried hadoop-metrics2-storagecontainermanager.properties,hadoop-metrics2.properties
2019-10-04 21:46:45,550 [main] INFO  impl.MetricsSystemImpl (MetricsSystemImpl.java:startTimer(374)) - Scheduled Metric snapshot period at 10 second(s).
2019-10-04 21:46:45,550 [main] INFO  impl.MetricsSystemImpl (MetricsSystemImpl.java:start(191)) - StorageContainerManager metrics system started
2019-10-04 21:46:45,667 [main] WARN  impl.MetricsSystemImpl (MetricsSystemImpl.java:register(276)) - Sink prometheus already exists!
2019-10-04 21:46:45,721 [main] INFO  server.SCMClientProtocolServer (SCMClientProtocolServer.java:start(159)) - RPC server for Client  is listening at /0.0.0.0:34277
2019-10-04 21:46:45,722 [IPC Server Responder] INFO  ipc.Server (Server.java:run(1314)) - IPC Server Responder: starting
2019-10-04 21:46:45,722 [IPC Server listener on 34277] INFO  ipc.Server (Server.java:run(1153)) - IPC Server listener on 34277: starting
2019-10-04 21:46:45,727 [main] INFO  server.StorageContainerManager (StorageContainerManager.java:start(780)) - ScmBlockLocationProtocol RPC server is listening at /0.0.0.0:38241
2019-10-04 21:46:45,727 [main] INFO  server.SCMBlockProtocolServer (SCMBlockProtocolServer.java:start(146)) - RPC server for Block Protocol is listening at /0.0.0.0:38241
2019-10-04 21:46:45,728 [IPC Server Responder] INFO  ipc.Server (Server.java:run(1314)) - IPC Server Responder: starting
2019-10-04 21:46:45,728 [IPC Server listener on 38241] INFO  ipc.Server (Server.java:run(1153)) - IPC Server listener on 38241: starting
2019-10-04 21:46:45,733 [main] INFO  server.StorageContainerManager (StorageContainerManager.java:start(784)) - ScmDatanodeProtocl RPC server is listening at /0.0.0.0:35416
2019-10-04 21:46:45,733 [main] INFO  server.SCMDatanodeProtocolServer (SCMDatanodeProtocolServer.java:start(169)) - RPC server for DataNodes is listening at /0.0.0.0:35416
2019-10-04 21:46:45,734 [IPC Server Responder] INFO  ipc.Server (Server.java:run(1314)) - IPC Server Responder: starting
2019-10-04 21:46:45,734 [IPC Server listener on 35416] INFO  ipc.Server (Server.java:run(1153)) - IPC Server listener on 35416: starting
2019-10-04 21:46:45,739 [main] INFO  http.HttpServer2 (HttpServer2.java:bindListener(1191)) - Jetty bound to port 33399
2019-10-04 21:46:45,739 [main] INFO  server.Server (Server.java:doStart(351)) - jetty-9.3.25.v20180904, build timestamp: 2018-09-04T21:11:46Z, git hash: 3ce520221d0240229c862b122d2b06c12a625732
2019-10-04 21:46:45,741 [main] INFO  handler.ContextHandler (ContextHandler.java:doStart(781)) - Started o.e.j.s.ServletContextHandler@62a6674f{/logs,file:///workdir/hadoop-ozone/integration-test/target/log,AVAILABLE}
2019-10-04 21:46:45,741 [main] INFO  handler.ContextHandler (ContextHandler.java:doStart(781)) - Started o.e.j.s.ServletContextHandler@703fa45{/static,file:///workdir/hadoop-ozone/integration-test/target/test-classes/webapps/static,AVAILABLE}
2019-10-04 21:46:45,745 [main] INFO  handler.ContextHandler (ContextHandler.java:doStart(781)) - Started o.e.j.w.WebAppContext@6812c8cc{/,file:///workdir/hadoop-ozone/integration-test/target/test-classes/webapps/scm/,AVAILABLE}{/scm}
2019-10-04 21:46:45,745 [main] INFO  server.AbstractConnector (AbstractConnector.java:doStart(278)) - Started ServerConnector@3457cc8d{HTTP/1.1,[http/1.1]}{0.0.0.0:33399}
2019-10-04 21:46:45,747 [main] INFO  server.Server (Server.java:doStart(419)) - Started @587300ms
2019-10-04 21:46:45,747 [main] WARN  impl.MetricsSystemImpl (MetricsSystemImpl.java:register(276)) - Sink prometheus already exists!
2019-10-04 21:46:45,747 [main] INFO  server.BaseHttpServer (BaseHttpServer.java:updateConnectorAddress(215)) - HTTP server of SCM is listening at http://0.0.0.0:33399
2019-10-04 21:46:45,748 [main] WARN  server.ServerUtils (ServerUtils.java:getDBPath(222)) - ozone.om.db.dirs is not configured. We recommend adding this setting. Falling back to ozone.metadata.dirs instead.
2019-10-04 21:46:45,750 [org.apache.hadoop.util.JvmPauseMonitor$Monitor@7994a0d1] INFO  util.JvmPauseMonitor (JvmPauseMonitor.java:run(188)) - Starting JVM pause monitor
2019-10-04 21:46:45,762 [main] INFO  ha.OMHANodeDetails (OMHANodeDetails.java:loadOMHAConfig(190)) - Configuration either no ozone.om.address set. Falling back to the default OM address /127.0.0.1:0
2019-10-04 21:46:45,763 [main] INFO  ha.OMHANodeDetails (OMHANodeDetails.java:getOMNodeDetails(220)) - OM Service ID is not set. Setting it to the default ID: omServiceIdDefault
2019-10-04 21:46:45,763 [main] WARN  server.ServerUtils (ServerUtils.java:getDBPath(222)) - ozone.om.db.dirs is not configured. We recommend adding this setting. Falling back to ozone.metadata.dirs instead.
2019-10-04 21:46:45,763 [main] WARN  server.ServerUtils (ServerUtils.java:getDBPath(222)) - ozone.om.db.dirs is not configured. We recommend adding this setting. Falling back to ozone.metadata.dirs instead.
2019-10-04 21:46:45,770 [main] WARN  server.ServerUtils (ServerUtils.java:getDBPath(222)) - ozone.om.db.dirs is not configured. We recommend adding this setting. Falling back to ozone.metadata.dirs instead.
2019-10-04 21:46:45,771 [main] INFO  db.DBStoreBuilder (DBStoreBuilder.java:addTable(117)) - using custom profile for table: userTable
2019-10-04 21:46:45,771 [main] INFO  db.DBStoreBuilder (DBStoreBuilder.java:processTables(168)) - Using default column profile:DBProfile.DISK for Table:userTable
2019-10-04 21:46:45,771 [main] INFO  db.DBStoreBuilder (DBStoreBuilder.java:addTable(117)) - using custom profile for table: volumeTable
2019-10-04 21:46:45,771 [main] INFO  db.DBStoreBuilder (DBStoreBuilder.java:processTables(168)) - Using default column profile:DBProfile.DISK for Table:volumeTable
2019-10-04 21:46:45,771 [main] INFO  db.DBStoreBuilder (DBStoreBuilder.java:addTable(117)) - using custom profile for table: bucketTable
2019-10-04 21:46:45,772 [main] INFO  db.DBStoreBuilder (DBStoreBuilder.java:processTables(168)) - Using default column profile:DBProfile.DISK for Table:bucketTable
2019-10-04 21:46:45,772 [main] INFO  db.DBStoreBuilder (DBStoreBuilder.java:addTable(117)) - using custom profile for table: keyTable
2019-10-04 21:46:45,772 [main] INFO  db.DBStoreBuilder (DBStoreBuilder.java:processTables(168)) - Using default column profile:DBProfile.DISK for Table:keyTable
2019-10-04 21:46:45,772 [main] INFO  db.DBStoreBuilder (DBStoreBuilder.java:addTable(117)) - using custom profile for table: deletedTable
2019-10-04 21:46:45,772 [main] INFO  db.DBStoreBuilder (DBStoreBuilder.java:processTables(168)) - Using default column profile:DBProfile.DISK for Table:deletedTable
2019-10-04 21:46:45,772 [main] INFO  db.DBStoreBuilder (DBStoreBuilder.java:addTable(117)) - using custom profile for table: openKeyTable
2019-10-04 21:46:45,773 [main] INFO  db.DBStoreBuilder (DBStoreBuilder.java:processTables(168)) - Using default column profile:DBProfile.DISK for Table:openKeyTable
2019-10-04 21:46:45,773 [main] INFO  db.DBStoreBuilder (DBStoreBuilder.java:addTable(117)) - using custom profile for table: s3Table
2019-10-04 21:46:45,773 [main] INFO  db.DBStoreBuilder (DBStoreBuilder.java:processTables(168)) - Using default column profile:DBProfile.DISK for Table:s3Table
2019-10-04 21:46:45,773 [main] INFO  db.DBStoreBuilder (DBStoreBuilder.java:addTable(117)) - using custom profile for table: multipartInfoTable
2019-10-04 21:46:45,773 [main] INFO  db.DBStoreBuilder (DBStoreBuilder.java:processTables(168)) - Using default column profile:DBProfile.DISK for Table:multipartInfoTable
2019-10-04 21:46:45,773 [main] INFO  db.DBStoreBuilder (DBStoreBuilder.java:addTable(117)) - using custom profile for table: dTokenTable
2019-10-04 21:46:45,774 [main] INFO  db.DBStoreBuilder (DBStoreBuilder.java:processTables(168)) - Using default column profile:DBProfile.DISK for Table:dTokenTable
2019-10-04 21:46:45,774 [main] INFO  db.DBStoreBuilder (DBStoreBuilder.java:addTable(117)) - using custom profile for table: s3SecretTable
2019-10-04 21:46:45,774 [main] INFO  db.DBStoreBuilder (DBStoreBuilder.java:processTables(168)) - Using default column profile:DBProfile.DISK for Table:s3SecretTable
2019-10-04 21:46:45,774 [main] INFO  db.DBStoreBuilder (DBStoreBuilder.java:addTable(117)) - using custom profile for table: prefixTable
2019-10-04 21:46:45,774 [main] INFO  db.DBStoreBuilder (DBStoreBuilder.java:processTables(168)) - Using default column profile:DBProfile.DISK for Table:prefixTable
2019-10-04 21:46:45,774 [main] INFO  db.DBStoreBuilder (DBStoreBuilder.java:addTable(117)) - using custom profile for table: default
2019-10-04 21:46:45,775 [main] INFO  db.DBStoreBuilder (DBStoreBuilder.java:processTables(174)) - Using default column profile:DBProfile.DISK for Table:default
2019-10-04 21:46:45,775 [main] INFO  db.DBStoreBuilder (DBStoreBuilder.java:getDbProfile(205)) - Using default options. DBProfile.DISK
2019-10-04 21:46:46,189 [main] INFO  ipc.CallQueueManager (CallQueueManager.java:<init>(84)) - Using callQueue: class java.util.concurrent.LinkedBlockingQueue, queueCapacity: 2000, scheduler: class org.apache.hadoop.ipc.DefaultRpcScheduler, ipcBackoff: false.
2019-10-04 21:46:46,190 [Socket Reader #1 for port 46208] INFO  ipc.Server (Server.java:run(1074)) - Starting Socket Reader #1 for port 46208
2019-10-04 21:46:46,202 [main] INFO  om.OzoneManager (OzoneManager.java:start(1069)) - OzoneManager RPC server is listening at localhost/127.0.0.1:46208
2019-10-04 21:46:46,203 [main] INFO  impl.MetricsSystemImpl (MetricsSystemImpl.java:init(158)) - OzoneManager metrics system started (again)
2019-10-04 21:46:46,203 [IPC Server Responder] INFO  ipc.Server (Server.java:run(1314)) - IPC Server Responder: starting
2019-10-04 21:46:46,205 [IPC Server listener on 46208] INFO  ipc.Server (Server.java:run(1153)) - IPC Server listener on 46208: starting
2019-10-04 21:46:46,211 [main] INFO  hdfs.DFSUtil (DFSUtil.java:httpServerTemplateForNNAndJN(1641)) - Starting Web-server for ozoneManager at: http://0.0.0.0:0
2019-10-04 21:46:46,212 [main] INFO  server.AuthenticationFilter (AuthenticationFilter.java:constructSecretProvider(240)) - Unable to initialize FileSignerSecretProvider, falling back to use random secrets.
2019-10-04 21:46:46,212 [main] WARN  http.HttpRequestLog (HttpRequestLog.java:getRequestLog(97)) - Jetty request log can only be enabled using Log4j
2019-10-04 21:46:46,214 [main] INFO  http.HttpServer2 (HttpServer2.java:addGlobalFilter(975)) - Added global filter 'safety' (class=org.apache.hadoop.http.HttpServer2$QuotingInputFilter)
2019-10-04 21:46:46,214 [main] INFO  http.HttpServer2 (HttpServer2.java:addFilter(948)) - Added filter static_user_filter (class=org.apache.hadoop.http.lib.StaticUserWebFilter$StaticUserFilter) to context ozoneManager
2019-10-04 21:46:46,214 [main] INFO  http.HttpServer2 (HttpServer2.java:addFilter(958)) - Added filter static_user_filter (class=org.apache.hadoop.http.lib.StaticUserWebFilter$StaticUserFilter) to context logs
2019-10-04 21:46:46,214 [main] INFO  http.HttpServer2 (HttpServer2.java:addFilter(958)) - Added filter static_user_filter (class=org.apache.hadoop.http.lib.StaticUserWebFilter$StaticUserFilter) to context static
2019-10-04 21:46:46,215 [main] INFO  http.HttpServer2 (HttpServer2.java:bindListener(1191)) - Jetty bound to port 35702
2019-10-04 21:46:46,215 [main] INFO  server.Server (Server.java:doStart(351)) - jetty-9.3.25.v20180904, build timestamp: 2018-09-04T21:11:46Z, git hash: 3ce520221d0240229c862b122d2b06c12a625732
2019-10-04 21:46:46,216 [main] INFO  handler.ContextHandler (ContextHandler.java:doStart(781)) - Started o.e.j.s.ServletContextHandler@39c87b42{/logs,file:///workdir/hadoop-ozone/integration-test/target/log,AVAILABLE}
2019-10-04 21:46:46,217 [main] INFO  handler.ContextHandler (ContextHandler.java:doStart(781)) - Started o.e.j.s.ServletContextHandler@236c098{/static,file:///workdir/hadoop-ozone/integration-test/target/test-classes/webapps/static,AVAILABLE}
2019-10-04 21:46:46,220 [main] INFO  handler.ContextHandler (ContextHandler.java:doStart(781)) - Started o.e.j.w.WebAppContext@64279ab{/,file:///workdir/hadoop-ozone/integration-test/target/test-classes/webapps/ozoneManager/,AVAILABLE}{/ozoneManager}
2019-10-04 21:46:46,220 [main] INFO  server.AbstractConnector (AbstractConnector.java:doStart(278)) - Started ServerConnector@794240e2{HTTP/1.1,[http/1.1]}{0.0.0.0:35702}
2019-10-04 21:46:46,221 [main] INFO  server.Server (Server.java:doStart(419)) - Started @587774ms
2019-10-04 21:46:46,222 [main] WARN  impl.MetricsSystemImpl (MetricsSystemImpl.java:register(276)) - Sink prometheus already exists!
2019-10-04 21:46:46,223 [main] INFO  server.BaseHttpServer (BaseHttpServer.java:updateConnectorAddress(215)) - HTTP server of OZONEMANAGER is listening at http://0.0.0.0:35702
2019-10-04 21:46:46,235 [main] INFO  impl.MetricsSystemImpl (MetricsSystemImpl.java:init(158)) - HddsDatanode metrics system started (again)
2019-10-04 21:46:46,238 [main] INFO  ozone.HddsDatanodeService (HddsDatanodeService.java:start(184)) - HddsDatanodeService host:pr-hdds-2252-dqfx9-1550151176 ip:192.168.30.43
2019-10-04 21:46:46,245 [main] INFO  volume.HddsVolume (HddsVolume.java:<init>(176)) - Creating Volume: /workdir/hadoop-ozone/integration-test/target/test-dir/MiniOzoneClusterImpl-efe61e54-dcf4-4ce1-9515-f66e262f6b8a/datanode-0/data/containers/hdds of  storage type : DISK and capacity : 1482555576320
2019-10-04 21:46:46,246 [main] INFO  volume.VolumeSet (VolumeSet.java:initializeVolumeSet(170)) - Added Volume : /workdir/hadoop-ozone/integration-test/target/test-dir/MiniOzoneClusterImpl-efe61e54-dcf4-4ce1-9515-f66e262f6b8a/datanode-0/data/containers/hdds to VolumeSet
2019-10-04 21:46:46,246 [main] INFO  volume.ThrottledAsyncChecker (ThrottledAsyncChecker.java:schedule(139)) - Scheduling a check for org.apache.hadoop.ozone.container.common.volume.HddsVolume@49232c6f
2019-10-04 21:46:46,248 [main] INFO  volume.HddsVolumeChecker (HddsVolumeChecker.java:checkAllVolumes(202)) - Scheduled health check for volume org.apache.hadoop.ozone.container.common.volume.HddsVolume@49232c6f
2019-10-04 21:46:46,264 [main] INFO  impl.RaftServerProxy (ConfUtils.java:logGet(43)) - raft.rpc.type = GRPC (default)
2019-10-04 21:46:46,265 [main] INFO  grpc.GrpcFactory (GrpcFactory.java:checkPooledByteBufAllocatorUseCacheForAllThreads(45)) - PERFORMANCE WARNING: useCacheForAllThreads is true that may cause Netty to create a lot garbage objects and, as a result, trigger GC.
	It is recommended to disable useCacheForAllThreads by setting -Dorg.apache.ratis.thirdparty.io.netty.allocator.useCacheForAllThreads=false in command line.
2019-10-04 21:46:46,265 [main] INFO  grpc.GrpcConfigKeys$Server (ConfUtils.java:logGet(43)) - raft.grpc.server.port = 0 (default)
2019-10-04 21:46:46,265 [main] INFO  server.GrpcService (ConfUtils.java:logGet(43)) - raft.grpc.message.size.max = 33570816 (custom)
2019-10-04 21:46:46,266 [main] INFO  server.RaftServerConfigKeys (ConfUtils.java:logGet(43)) - raft.server.log.appender.buffer.byte-limit = 33554432 (custom)
2019-10-04 21:46:46,266 [main] INFO  server.GrpcService (ConfUtils.java:logGet(43)) - raft.grpc.flow.control.window = 1MB (=1048576) (default)
2019-10-04 21:46:46,266 [main] INFO  server.RaftServerConfigKeys (ConfUtils.java:logGet(43)) - raft.server.rpc.request.timeout = 3000ms (default)
2019-10-04 21:46:46,267 [main] INFO  server.RaftServerConfigKeys (ConfUtils.java:logGet(43)) - raft.server.storage.dir = [/workdir/hadoop-ozone/integration-test/target/test-dir/MiniOzoneClusterImpl-efe61e54-dcf4-4ce1-9515-f66e262f6b8a/datanode-0/data/ratis] (custom)
2019-10-04 21:46:46,269 [main] INFO  hdfs.DFSUtil (DFSUtil.java:httpServerTemplateForNNAndJN(1641)) - Starting Web-server for hddsDatanode at: http://0.0.0.0:0
2019-10-04 21:46:46,271 [main] INFO  server.AuthenticationFilter (AuthenticationFilter.java:constructSecretProvider(240)) - Unable to initialize FileSignerSecretProvider, falling back to use random secrets.
2019-10-04 21:46:46,272 [main] WARN  http.HttpRequestLog (HttpRequestLog.java:getRequestLog(97)) - Jetty request log can only be enabled using Log4j
2019-10-04 21:46:46,274 [main] INFO  http.HttpServer2 (HttpServer2.java:addGlobalFilter(975)) - Added global filter 'safety' (class=org.apache.hadoop.http.HttpServer2$QuotingInputFilter)
2019-10-04 21:46:46,274 [main] INFO  http.HttpServer2 (HttpServer2.java:addFilter(948)) - Added filter static_user_filter (class=org.apache.hadoop.http.lib.StaticUserWebFilter$StaticUserFilter) to context hddsDatanode
2019-10-04 21:46:46,275 [main] INFO  http.HttpServer2 (HttpServer2.java:addFilter(958)) - Added filter static_user_filter (class=org.apache.hadoop.http.lib.StaticUserWebFilter$StaticUserFilter) to context static
2019-10-04 21:46:46,275 [main] INFO  http.HttpServer2 (HttpServer2.java:addFilter(958)) - Added filter static_user_filter (class=org.apache.hadoop.http.lib.StaticUserWebFilter$StaticUserFilter) to context logs
2019-10-04 21:46:46,276 [main] INFO  http.HttpServer2 (HttpServer2.java:bindListener(1191)) - Jetty bound to port 39156
2019-10-04 21:46:46,276 [main] INFO  server.Server (Server.java:doStart(351)) - jetty-9.3.25.v20180904, build timestamp: 2018-09-04T21:11:46Z, git hash: 3ce520221d0240229c862b122d2b06c12a625732
2019-10-04 21:46:46,278 [main] INFO  handler.ContextHandler (ContextHandler.java:doStart(781)) - Started o.e.j.s.ServletContextHandler@40bd0f8{/logs,file:///workdir/hadoop-ozone/integration-test/target/log,AVAILABLE}
2019-10-04 21:46:46,278 [main] INFO  handler.ContextHandler (ContextHandler.java:doStart(781)) - Started o.e.j.s.ServletContextHandler@6169be09{/static,jar:file:/home/user/.m2/repository/org/apache/hadoop/hadoop-hdds-container-service/0.5.0-SNAPSHOT/hadoop-hdds-container-service-0.5.0-SNAPSHOT.jar!/webapps/static,AVAILABLE}
2019-10-04 21:46:46,320 [main] INFO  handler.ContextHandler (ContextHandler.java:doStart(781)) - Started o.e.j.w.WebAppContext@1c6a0103{/,file:///tmp/jetty-0.0.0.0-39156-hddsDatanode-_-any-9222878124842863386.dir/webapp/,AVAILABLE}{/hddsDatanode}
2019-10-04 21:46:46,320 [main] INFO  server.AbstractConnector (AbstractConnector.java:doStart(278)) - Started ServerConnector@7841bd30{HTTP/1.1,[http/1.1]}{0.0.0.0:39156}
2019-10-04 21:46:46,322 [main] INFO  server.Server (Server.java:doStart(419)) - Started @587876ms
2019-10-04 21:46:46,322 [main] WARN  impl.MetricsSystemImpl (MetricsSystemImpl.java:register(276)) - Sink prometheus already exists!
2019-10-04 21:46:46,323 [main] INFO  server.BaseHttpServer (BaseHttpServer.java:updateConnectorAddress(215)) - HTTP server of HDDSDATANODE is listening at http://0.0.0.0:39156
2019-10-04 21:46:46,323 [main] INFO  impl.MetricsSystemImpl (MetricsSystemImpl.java:init(158)) - HddsDatanode metrics system started (again)
2019-10-04 21:46:46,328 [org.apache.hadoop.util.JvmPauseMonitor$Monitor@5431836c] INFO  util.JvmPauseMonitor (JvmPauseMonitor.java:run(188)) - Starting JVM pause monitor
2019-10-04 21:46:46,330 [main] INFO  ozone.HddsDatanodeService (HddsDatanodeService.java:start(184)) - HddsDatanodeService host:pr-hdds-2252-dqfx9-1550151176 ip:192.168.30.43
2019-10-04 21:46:46,330 [Datanode State Machine Thread - 0] INFO  datanode.InitDatanodeState (InitDatanodeState.java:persistContainerDatanodeDetails(140)) - DatanodeDetails is persisted to /workdir/hadoop-ozone/integration-test/target/test-dir/MiniOzoneClusterImpl-efe61e54-dcf4-4ce1-9515-f66e262f6b8a/datanode-0/meta/datanode.id
2019-10-04 21:46:46,336 [main] INFO  volume.HddsVolume (HddsVolume.java:<init>(176)) - Creating Volume: /workdir/hadoop-ozone/integration-test/target/test-dir/MiniOzoneClusterImpl-efe61e54-dcf4-4ce1-9515-f66e262f6b8a/datanode-1/data/containers/hdds of  storage type : DISK and capacity : 1482555576320
2019-10-04 21:46:46,336 [main] INFO  volume.VolumeSet (VolumeSet.java:initializeVolumeSet(170)) - Added Volume : /workdir/hadoop-ozone/integration-test/target/test-dir/MiniOzoneClusterImpl-efe61e54-dcf4-4ce1-9515-f66e262f6b8a/datanode-1/data/containers/hdds to VolumeSet
2019-10-04 21:46:46,337 [main] INFO  volume.ThrottledAsyncChecker (ThrottledAsyncChecker.java:schedule(139)) - Scheduling a check for org.apache.hadoop.ozone.container.common.volume.HddsVolume@629075f4
2019-10-04 21:46:46,337 [main] INFO  volume.HddsVolumeChecker (HddsVolumeChecker.java:checkAllVolumes(202)) - Scheduled health check for volume org.apache.hadoop.ozone.container.common.volume.HddsVolume@629075f4
2019-10-04 21:46:46,355 [main] INFO  impl.RaftServerProxy (ConfUtils.java:logGet(43)) - raft.rpc.type = GRPC (default)
2019-10-04 21:46:46,356 [main] INFO  grpc.GrpcFactory (GrpcFactory.java:checkPooledByteBufAllocatorUseCacheForAllThreads(45)) - PERFORMANCE WARNING: useCacheForAllThreads is true that may cause Netty to create a lot garbage objects and, as a result, trigger GC.
	It is recommended to disable useCacheForAllThreads by setting -Dorg.apache.ratis.thirdparty.io.netty.allocator.useCacheForAllThreads=false in command line.
2019-10-04 21:46:46,356 [main] INFO  grpc.GrpcConfigKeys$Server (ConfUtils.java:logGet(43)) - raft.grpc.server.port = 0 (default)
2019-10-04 21:46:46,356 [main] INFO  server.GrpcService (ConfUtils.java:logGet(43)) - raft.grpc.message.size.max = 33570816 (custom)
2019-10-04 21:46:46,356 [main] INFO  server.RaftServerConfigKeys (ConfUtils.java:logGet(43)) - raft.server.log.appender.buffer.byte-limit = 33554432 (custom)
2019-10-04 21:46:46,357 [main] INFO  server.GrpcService (ConfUtils.java:logGet(43)) - raft.grpc.flow.control.window = 1MB (=1048576) (default)
2019-10-04 21:46:46,357 [main] INFO  server.RaftServerConfigKeys (ConfUtils.java:logGet(43)) - raft.server.rpc.request.timeout = 3000ms (default)
2019-10-04 21:46:46,357 [main] INFO  server.RaftServerConfigKeys (ConfUtils.java:logGet(43)) - raft.server.storage.dir = [/workdir/hadoop-ozone/integration-test/target/test-dir/MiniOzoneClusterImpl-efe61e54-dcf4-4ce1-9515-f66e262f6b8a/datanode-1/data/ratis] (custom)
2019-10-04 21:46:46,359 [main] INFO  hdfs.DFSUtil (DFSUtil.java:httpServerTemplateForNNAndJN(1641)) - Starting Web-server for hddsDatanode at: http://0.0.0.0:0
2019-10-04 21:46:46,360 [main] INFO  server.AuthenticationFilter (AuthenticationFilter.java:constructSecretProvider(240)) - Unable to initialize FileSignerSecretProvider, falling back to use random secrets.
2019-10-04 21:46:46,361 [main] WARN  http.HttpRequestLog (HttpRequestLog.java:getRequestLog(97)) - Jetty request log can only be enabled using Log4j
2019-10-04 21:46:46,362 [main] INFO  http.HttpServer2 (HttpServer2.java:addGlobalFilter(975)) - Added global filter 'safety' (class=org.apache.hadoop.http.HttpServer2$QuotingInputFilter)
2019-10-04 21:46:46,362 [main] INFO  http.HttpServer2 (HttpServer2.java:addFilter(948)) - Added filter static_user_filter (class=org.apache.hadoop.http.lib.StaticUserWebFilter$StaticUserFilter) to context hddsDatanode
2019-10-04 21:46:46,363 [main] INFO  http.HttpServer2 (HttpServer2.java:addFilter(958)) - Added filter static_user_filter (class=org.apache.hadoop.http.lib.StaticUserWebFilter$StaticUserFilter) to context logs
2019-10-04 21:46:46,363 [main] INFO  http.HttpServer2 (HttpServer2.java:addFilter(958)) - Added filter static_user_filter (class=org.apache.hadoop.http.lib.StaticUserWebFilter$StaticUserFilter) to context static
2019-10-04 21:46:46,363 [main] INFO  http.HttpServer2 (HttpServer2.java:bindListener(1191)) - Jetty bound to port 42884
2019-10-04 21:46:46,364 [main] INFO  server.Server (Server.java:doStart(351)) - jetty-9.3.25.v20180904, build timestamp: 2018-09-04T21:11:46Z, git hash: 3ce520221d0240229c862b122d2b06c12a625732
2019-10-04 21:46:46,365 [main] INFO  handler.ContextHandler (ContextHandler.java:doStart(781)) - Started o.e.j.s.ServletContextHandler@39133244{/logs,file:///workdir/hadoop-ozone/integration-test/target/log,AVAILABLE}
2019-10-04 21:46:46,366 [main] INFO  handler.ContextHandler (ContextHandler.java:doStart(781)) - Started o.e.j.s.ServletContextHandler@5e193ef5{/static,jar:file:/home/user/.m2/repository/org/apache/hadoop/hadoop-hdds-container-service/0.5.0-SNAPSHOT/hadoop-hdds-container-service-0.5.0-SNAPSHOT.jar!/webapps/static,AVAILABLE}
2019-10-04 21:46:46,398 [main] INFO  handler.ContextHandler (ContextHandler.java:doStart(781)) - Started o.e.j.w.WebAppContext@6c2a95d5{/,file:///tmp/jetty-0.0.0.0-42884-hddsDatanode-_-any-931760159149368689.dir/webapp/,AVAILABLE}{/hddsDatanode}
2019-10-04 21:46:46,399 [main] INFO  server.AbstractConnector (AbstractConnector.java:doStart(278)) - Started ServerConnector@24d8f87a{HTTP/1.1,[http/1.1]}{0.0.0.0:42884}
2019-10-04 21:46:46,400 [main] INFO  server.Server (Server.java:doStart(419)) - Started @587954ms
2019-10-04 21:46:46,401 [main] WARN  impl.MetricsSystemImpl (MetricsSystemImpl.java:register(276)) - Sink prometheus already exists!
2019-10-04 21:46:46,401 [main] INFO  server.BaseHttpServer (BaseHttpServer.java:updateConnectorAddress(215)) - HTTP server of HDDSDATANODE is listening at http://0.0.0.0:42884
2019-10-04 21:46:46,402 [main] INFO  impl.MetricsSystemImpl (MetricsSystemImpl.java:init(158)) - HddsDatanode metrics system started (again)
2019-10-04 21:46:46,405 [main] INFO  ozone.HddsDatanodeService (HddsDatanodeService.java:start(184)) - HddsDatanodeService host:pr-hdds-2252-dqfx9-1550151176 ip:192.168.30.43
2019-10-04 21:46:46,406 [org.apache.hadoop.util.JvmPauseMonitor$Monitor@6eb1c138] INFO  util.JvmPauseMonitor (JvmPauseMonitor.java:run(188)) - Starting JVM pause monitor
2019-10-04 21:46:46,407 [Datanode State Machine Thread - 0] INFO  datanode.InitDatanodeState (InitDatanodeState.java:persistContainerDatanodeDetails(140)) - DatanodeDetails is persisted to /workdir/hadoop-ozone/integration-test/target/test-dir/MiniOzoneClusterImpl-efe61e54-dcf4-4ce1-9515-f66e262f6b8a/datanode-1/meta/datanode.id
2019-10-04 21:46:46,412 [main] INFO  volume.HddsVolume (HddsVolume.java:<init>(176)) - Creating Volume: /workdir/hadoop-ozone/integration-test/target/test-dir/MiniOzoneClusterImpl-efe61e54-dcf4-4ce1-9515-f66e262f6b8a/datanode-2/data/containers/hdds of  storage type : DISK and capacity : 1482555576320
2019-10-04 21:46:46,412 [main] INFO  volume.VolumeSet (VolumeSet.java:initializeVolumeSet(170)) - Added Volume : /workdir/hadoop-ozone/integration-test/target/test-dir/MiniOzoneClusterImpl-efe61e54-dcf4-4ce1-9515-f66e262f6b8a/datanode-2/data/containers/hdds to VolumeSet
2019-10-04 21:46:46,413 [main] INFO  volume.ThrottledAsyncChecker (ThrottledAsyncChecker.java:schedule(139)) - Scheduling a check for org.apache.hadoop.ozone.container.common.volume.HddsVolume@53ea380b
2019-10-04 21:46:46,413 [main] INFO  volume.HddsVolumeChecker (HddsVolumeChecker.java:checkAllVolumes(202)) - Scheduled health check for volume org.apache.hadoop.ozone.container.common.volume.HddsVolume@53ea380b
2019-10-04 21:46:46,432 [main] INFO  impl.RaftServerProxy (ConfUtils.java:logGet(43)) - raft.rpc.type = GRPC (default)
2019-10-04 21:46:46,432 [main] INFO  grpc.GrpcFactory (GrpcFactory.java:checkPooledByteBufAllocatorUseCacheForAllThreads(45)) - PERFORMANCE WARNING: useCacheForAllThreads is true that may cause Netty to create a lot garbage objects and, as a result, trigger GC.
	It is recommended to disable useCacheForAllThreads by setting -Dorg.apache.ratis.thirdparty.io.netty.allocator.useCacheForAllThreads=false in command line.
2019-10-04 21:46:46,432 [main] INFO  grpc.GrpcConfigKeys$Server (ConfUtils.java:logGet(43)) - raft.grpc.server.port = 0 (default)
2019-10-04 21:46:46,433 [main] INFO  server.GrpcService (ConfUtils.java:logGet(43)) - raft.grpc.message.size.max = 33570816 (custom)
2019-10-04 21:46:46,433 [main] INFO  server.RaftServerConfigKeys (ConfUtils.java:logGet(43)) - raft.server.log.appender.buffer.byte-limit = 33554432 (custom)
2019-10-04 21:46:46,433 [main] INFO  server.GrpcService (ConfUtils.java:logGet(43)) - raft.grpc.flow.control.window = 1MB (=1048576) (default)
2019-10-04 21:46:46,433 [main] INFO  server.RaftServerConfigKeys (ConfUtils.java:logGet(43)) - raft.server.rpc.request.timeout = 3000ms (default)
2019-10-04 21:46:46,434 [main] INFO  server.RaftServerConfigKeys (ConfUtils.java:logGet(43)) - raft.server.storage.dir = [/workdir/hadoop-ozone/integration-test/target/test-dir/MiniOzoneClusterImpl-efe61e54-dcf4-4ce1-9515-f66e262f6b8a/datanode-2/data/ratis] (custom)
2019-10-04 21:46:46,435 [main] INFO  hdfs.DFSUtil (DFSUtil.java:httpServerTemplateForNNAndJN(1641)) - Starting Web-server for hddsDatanode at: http://0.0.0.0:0
2019-10-04 21:46:46,436 [main] INFO  server.AuthenticationFilter (AuthenticationFilter.java:constructSecretProvider(240)) - Unable to initialize FileSignerSecretProvider, falling back to use random secrets.
2019-10-04 21:46:46,437 [main] WARN  http.HttpRequestLog (HttpRequestLog.java:getRequestLog(97)) - Jetty request log can only be enabled using Log4j
2019-10-04 21:46:46,439 [main] INFO  http.HttpServer2 (HttpServer2.java:addGlobalFilter(975)) - Added global filter 'safety' (class=org.apache.hadoop.http.HttpServer2$QuotingInputFilter)
2019-10-04 21:46:46,439 [main] INFO  http.HttpServer2 (HttpServer2.java:addFilter(948)) - Added filter static_user_filter (class=org.apache.hadoop.http.lib.StaticUserWebFilter$StaticUserFilter) to context hddsDatanode
2019-10-04 21:46:46,439 [main] INFO  http.HttpServer2 (HttpServer2.java:addFilter(958)) - Added filter static_user_filter (class=org.apache.hadoop.http.lib.StaticUserWebFilter$StaticUserFilter) to context logs
2019-10-04 21:46:46,439 [main] INFO  http.HttpServer2 (HttpServer2.java:addFilter(958)) - Added filter static_user_filter (class=org.apache.hadoop.http.lib.StaticUserWebFilter$StaticUserFilter) to context static
2019-10-04 21:46:46,440 [main] INFO  http.HttpServer2 (HttpServer2.java:bindListener(1191)) - Jetty bound to port 41845
2019-10-04 21:46:46,441 [main] INFO  server.Server (Server.java:doStart(351)) - jetty-9.3.25.v20180904, build timestamp: 2018-09-04T21:11:46Z, git hash: 3ce520221d0240229c862b122d2b06c12a625732
2019-10-04 21:46:46,442 [main] INFO  handler.ContextHandler (ContextHandler.java:doStart(781)) - Started o.e.j.s.ServletContextHandler@34c62fdf{/logs,file:///workdir/hadoop-ozone/integration-test/target/log,AVAILABLE}
2019-10-04 21:46:46,443 [main] INFO  handler.ContextHandler (ContextHandler.java:doStart(781)) - Started o.e.j.s.ServletContextHandler@1eb85a47{/static,jar:file:/home/user/.m2/repository/org/apache/hadoop/hadoop-hdds-container-service/0.5.0-SNAPSHOT/hadoop-hdds-container-service-0.5.0-SNAPSHOT.jar!/webapps/static,AVAILABLE}
2019-10-04 21:46:46,480 [main] INFO  handler.ContextHandler (ContextHandler.java:doStart(781)) - Started o.e.j.w.WebAppContext@6af87130{/,file:///tmp/jetty-0.0.0.0-41845-hddsDatanode-_-any-6508641966557452737.dir/webapp/,AVAILABLE}{/hddsDatanode}
2019-10-04 21:46:46,480 [main] INFO  server.AbstractConnector (AbstractConnector.java:doStart(278)) - Started ServerConnector@22a4ca4a{HTTP/1.1,[http/1.1]}{0.0.0.0:41845}
2019-10-04 21:46:46,482 [main] INFO  server.Server (Server.java:doStart(419)) - Started @588036ms
2019-10-04 21:46:46,482 [main] WARN  impl.MetricsSystemImpl (MetricsSystemImpl.java:register(276)) - Sink prometheus already exists!
2019-10-04 21:46:46,483 [main] INFO  server.BaseHttpServer (BaseHttpServer.java:updateConnectorAddress(215)) - HTTP server of HDDSDATANODE is listening at http://0.0.0.0:41845
2019-10-04 21:46:46,483 [main] INFO  impl.MetricsSystemImpl (MetricsSystemImpl.java:init(158)) - HddsDatanode metrics system started (again)
2019-10-04 21:46:46,488 [main] INFO  ozone.HddsDatanodeService (HddsDatanodeService.java:start(184)) - HddsDatanodeService host:pr-hdds-2252-dqfx9-1550151176 ip:192.168.30.43
2019-10-04 21:46:46,488 [org.apache.hadoop.util.JvmPauseMonitor$Monitor@534c6455] INFO  util.JvmPauseMonitor (JvmPauseMonitor.java:run(188)) - Starting JVM pause monitor
2019-10-04 21:46:46,489 [Datanode State Machine Thread - 0] INFO  datanode.InitDatanodeState (InitDatanodeState.java:persistContainerDatanodeDetails(140)) - DatanodeDetails is persisted to /workdir/hadoop-ozone/integration-test/target/test-dir/MiniOzoneClusterImpl-efe61e54-dcf4-4ce1-9515-f66e262f6b8a/datanode-2/meta/datanode.id
2019-10-04 21:46:46,494 [main] INFO  volume.HddsVolume (HddsVolume.java:<init>(176)) - Creating Volume: /workdir/hadoop-ozone/integration-test/target/test-dir/MiniOzoneClusterImpl-efe61e54-dcf4-4ce1-9515-f66e262f6b8a/datanode-3/data/containers/hdds of  storage type : DISK and capacity : 1482555576320
2019-10-04 21:46:46,494 [main] INFO  volume.VolumeSet (VolumeSet.java:initializeVolumeSet(170)) - Added Volume : /workdir/hadoop-ozone/integration-test/target/test-dir/MiniOzoneClusterImpl-efe61e54-dcf4-4ce1-9515-f66e262f6b8a/datanode-3/data/containers/hdds to VolumeSet
2019-10-04 21:46:46,495 [main] INFO  volume.ThrottledAsyncChecker (ThrottledAsyncChecker.java:schedule(139)) - Scheduling a check for org.apache.hadoop.ozone.container.common.volume.HddsVolume@5403907
2019-10-04 21:46:46,495 [main] INFO  volume.HddsVolumeChecker (HddsVolumeChecker.java:checkAllVolumes(202)) - Scheduled health check for volume org.apache.hadoop.ozone.container.common.volume.HddsVolume@5403907
2019-10-04 21:46:46,508 [main] INFO  impl.RaftServerProxy (ConfUtils.java:logGet(43)) - raft.rpc.type = GRPC (default)
2019-10-04 21:46:46,508 [main] INFO  grpc.GrpcFactory (GrpcFactory.java:checkPooledByteBufAllocatorUseCacheForAllThreads(45)) - PERFORMANCE WARNING: useCacheForAllThreads is true that may cause Netty to create a lot garbage objects and, as a result, trigger GC.
	It is recommended to disable useCacheForAllThreads by setting -Dorg.apache.ratis.thirdparty.io.netty.allocator.useCacheForAllThreads=false in command line.
2019-10-04 21:46:46,508 [main] INFO  grpc.GrpcConfigKeys$Server (ConfUtils.java:logGet(43)) - raft.grpc.server.port = 0 (default)
2019-10-04 21:46:46,508 [main] INFO  server.GrpcService (ConfUtils.java:logGet(43)) - raft.grpc.message.size.max = 33570816 (custom)
2019-10-04 21:46:46,508 [main] INFO  server.RaftServerConfigKeys (ConfUtils.java:logGet(43)) - raft.server.log.appender.buffer.byte-limit = 33554432 (custom)
2019-10-04 21:46:46,509 [main] INFO  server.GrpcService (ConfUtils.java:logGet(43)) - raft.grpc.flow.control.window = 1MB (=1048576) (default)
2019-10-04 21:46:46,509 [main] INFO  server.RaftServerConfigKeys (ConfUtils.java:logGet(43)) - raft.server.rpc.request.timeout = 3000ms (default)
2019-10-04 21:46:46,509 [main] INFO  server.RaftServerConfigKeys (ConfUtils.java:logGet(43)) - raft.server.storage.dir = [/workdir/hadoop-ozone/integration-test/target/test-dir/MiniOzoneClusterImpl-efe61e54-dcf4-4ce1-9515-f66e262f6b8a/datanode-3/data/ratis] (custom)
2019-10-04 21:46:46,510 [main] INFO  hdfs.DFSUtil (DFSUtil.java:httpServerTemplateForNNAndJN(1641)) - Starting Web-server for hddsDatanode at: http://0.0.0.0:0
2019-10-04 21:46:46,512 [main] INFO  server.AuthenticationFilter (AuthenticationFilter.java:constructSecretProvider(240)) - Unable to initialize FileSignerSecretProvider, falling back to use random secrets.
2019-10-04 21:46:46,512 [main] WARN  http.HttpRequestLog (HttpRequestLog.java:getRequestLog(97)) - Jetty request log can only be enabled using Log4j
2019-10-04 21:46:46,513 [main] INFO  http.HttpServer2 (HttpServer2.java:addGlobalFilter(975)) - Added global filter 'safety' (class=org.apache.hadoop.http.HttpServer2$QuotingInputFilter)
2019-10-04 21:46:46,513 [main] INFO  http.HttpServer2 (HttpServer2.java:addFilter(948)) - Added filter static_user_filter (class=org.apache.hadoop.http.lib.StaticUserWebFilter$StaticUserFilter) to context hddsDatanode
2019-10-04 21:46:46,513 [main] INFO  http.HttpServer2 (HttpServer2.java:addFilter(958)) - Added filter static_user_filter (class=org.apache.hadoop.http.lib.StaticUserWebFilter$StaticUserFilter) to context logs
2019-10-04 21:46:46,514 [main] INFO  http.HttpServer2 (HttpServer2.java:addFilter(958)) - Added filter static_user_filter (class=org.apache.hadoop.http.lib.StaticUserWebFilter$StaticUserFilter) to context static
2019-10-04 21:46:46,514 [main] INFO  http.HttpServer2 (HttpServer2.java:bindListener(1191)) - Jetty bound to port 37952
2019-10-04 21:46:46,514 [main] INFO  server.Server (Server.java:doStart(351)) - jetty-9.3.25.v20180904, build timestamp: 2018-09-04T21:11:46Z, git hash: 3ce520221d0240229c862b122d2b06c12a625732
2019-10-04 21:46:46,515 [main] INFO  handler.ContextHandler (ContextHandler.java:doStart(781)) - Started o.e.j.s.ServletContextHandler@191ec193{/logs,file:///workdir/hadoop-ozone/integration-test/target/log,AVAILABLE}
2019-10-04 21:46:46,524 [main] INFO  handler.ContextHandler (ContextHandler.java:doStart(781)) - Started o.e.j.s.ServletContextHandler@1c7f9861{/static,jar:file:/home/user/.m2/repository/org/apache/hadoop/hadoop-hdds-container-service/0.5.0-SNAPSHOT/hadoop-hdds-container-service-0.5.0-SNAPSHOT.jar!/webapps/static,AVAILABLE}
2019-10-04 21:46:46,552 [main] INFO  handler.ContextHandler (ContextHandler.java:doStart(781)) - Started o.e.j.w.WebAppContext@5520f675{/,file:///tmp/jetty-0.0.0.0-37952-hddsDatanode-_-any-2398853589991576208.dir/webapp/,AVAILABLE}{/hddsDatanode}
2019-10-04 21:46:46,552 [main] INFO  server.AbstractConnector (AbstractConnector.java:doStart(278)) - Started ServerConnector@2d237460{HTTP/1.1,[http/1.1]}{0.0.0.0:37952}
2019-10-04 21:46:46,554 [main] INFO  server.Server (Server.java:doStart(419)) - Started @588107ms
2019-10-04 21:46:46,554 [main] WARN  impl.MetricsSystemImpl (MetricsSystemImpl.java:register(276)) - Sink prometheus already exists!
2019-10-04 21:46:46,555 [main] INFO  server.BaseHttpServer (BaseHttpServer.java:updateConnectorAddress(215)) - HTTP server of HDDSDATANODE is listening at http://0.0.0.0:37952
2019-10-04 21:46:46,555 [main] INFO  impl.MetricsSystemImpl (MetricsSystemImpl.java:init(158)) - HddsDatanode metrics system started (again)
2019-10-04 21:46:46,560 [org.apache.hadoop.util.JvmPauseMonitor$Monitor@1b71fa7a] INFO  util.JvmPauseMonitor (JvmPauseMonitor.java:run(188)) - Starting JVM pause monitor
2019-10-04 21:46:46,560 [main] INFO  ozone.HddsDatanodeService (HddsDatanodeService.java:start(184)) - HddsDatanodeService host:pr-hdds-2252-dqfx9-1550151176 ip:192.168.30.43
2019-10-04 21:46:46,561 [Datanode State Machine Thread - 0] INFO  datanode.InitDatanodeState (InitDatanodeState.java:persistContainerDatanodeDetails(140)) - DatanodeDetails is persisted to /workdir/hadoop-ozone/integration-test/target/test-dir/MiniOzoneClusterImpl-efe61e54-dcf4-4ce1-9515-f66e262f6b8a/datanode-3/meta/datanode.id
2019-10-04 21:46:46,566 [main] INFO  volume.HddsVolume (HddsVolume.java:<init>(176)) - Creating Volume: /workdir/hadoop-ozone/integration-test/target/test-dir/MiniOzoneClusterImpl-efe61e54-dcf4-4ce1-9515-f66e262f6b8a/datanode-4/data/containers/hdds of  storage type : DISK and capacity : 1482555576320
2019-10-04 21:46:46,567 [main] INFO  volume.VolumeSet (VolumeSet.java:initializeVolumeSet(170)) - Added Volume : /workdir/hadoop-ozone/integration-test/target/test-dir/MiniOzoneClusterImpl-efe61e54-dcf4-4ce1-9515-f66e262f6b8a/datanode-4/data/containers/hdds to VolumeSet
2019-10-04 21:46:46,567 [main] INFO  volume.ThrottledAsyncChecker (ThrottledAsyncChecker.java:schedule(139)) - Scheduling a check for org.apache.hadoop.ozone.container.common.volume.HddsVolume@5866731
2019-10-04 21:46:46,567 [main] INFO  volume.HddsVolumeChecker (HddsVolumeChecker.java:checkAllVolumes(202)) - Scheduled health check for volume org.apache.hadoop.ozone.container.common.volume.HddsVolume@5866731
2019-10-04 21:46:46,579 [main] INFO  impl.RaftServerProxy (ConfUtils.java:logGet(43)) - raft.rpc.type = GRPC (default)
2019-10-04 21:46:46,579 [main] INFO  grpc.GrpcFactory (GrpcFactory.java:checkPooledByteBufAllocatorUseCacheForAllThreads(45)) - PERFORMANCE WARNING: useCacheForAllThreads is true that may cause Netty to create a lot garbage objects and, as a result, trigger GC.
	It is recommended to disable useCacheForAllThreads by setting -Dorg.apache.ratis.thirdparty.io.netty.allocator.useCacheForAllThreads=false in command line.
2019-10-04 21:46:46,579 [main] INFO  grpc.GrpcConfigKeys$Server (ConfUtils.java:logGet(43)) - raft.grpc.server.port = 0 (default)
2019-10-04 21:46:46,579 [main] INFO  server.GrpcService (ConfUtils.java:logGet(43)) - raft.grpc.message.size.max = 33570816 (custom)
2019-10-04 21:46:46,579 [main] INFO  server.RaftServerConfigKeys (ConfUtils.java:logGet(43)) - raft.server.log.appender.buffer.byte-limit = 33554432 (custom)
2019-10-04 21:46:46,579 [main] INFO  server.GrpcService (ConfUtils.java:logGet(43)) - raft.grpc.flow.control.window = 1MB (=1048576) (default)
2019-10-04 21:46:46,580 [main] INFO  server.RaftServerConfigKeys (ConfUtils.java:logGet(43)) - raft.server.rpc.request.timeout = 3000ms (default)
2019-10-04 21:46:46,580 [main] INFO  server.RaftServerConfigKeys (ConfUtils.java:logGet(43)) - raft.server.storage.dir = [/workdir/hadoop-ozone/integration-test/target/test-dir/MiniOzoneClusterImpl-efe61e54-dcf4-4ce1-9515-f66e262f6b8a/datanode-4/data/ratis] (custom)
2019-10-04 21:46:46,581 [main] INFO  hdfs.DFSUtil (DFSUtil.java:httpServerTemplateForNNAndJN(1641)) - Starting Web-server for hddsDatanode at: http://0.0.0.0:0
2019-10-04 21:46:46,582 [main] INFO  server.AuthenticationFilter (AuthenticationFilter.java:constructSecretProvider(240)) - Unable to initialize FileSignerSecretProvider, falling back to use random secrets.
2019-10-04 21:46:46,582 [main] WARN  http.HttpRequestLog (HttpRequestLog.java:getRequestLog(97)) - Jetty request log can only be enabled using Log4j
2019-10-04 21:46:46,583 [main] INFO  http.HttpServer2 (HttpServer2.java:addGlobalFilter(975)) - Added global filter 'safety' (class=org.apache.hadoop.http.HttpServer2$QuotingInputFilter)
2019-10-04 21:46:46,584 [main] INFO  http.HttpServer2 (HttpServer2.java:addFilter(948)) - Added filter static_user_filter (class=org.apache.hadoop.http.lib.StaticUserWebFilter$StaticUserFilter) to context hddsDatanode
2019-10-04 21:46:46,584 [main] INFO  http.HttpServer2 (HttpServer2.java:addFilter(958)) - Added filter static_user_filter (class=org.apache.hadoop.http.lib.StaticUserWebFilter$StaticUserFilter) to context static
2019-10-04 21:46:46,584 [main] INFO  http.HttpServer2 (HttpServer2.java:addFilter(958)) - Added filter static_user_filter (class=org.apache.hadoop.http.lib.StaticUserWebFilter$StaticUserFilter) to context logs
2019-10-04 21:46:46,585 [main] INFO  http.HttpServer2 (HttpServer2.java:bindListener(1191)) - Jetty bound to port 39301
2019-10-04 21:46:46,585 [main] INFO  server.Server (Server.java:doStart(351)) - jetty-9.3.25.v20180904, build timestamp: 2018-09-04T21:11:46Z, git hash: 3ce520221d0240229c862b122d2b06c12a625732
2019-10-04 21:46:46,586 [main] INFO  handler.ContextHandler (ContextHandler.java:doStart(781)) - Started o.e.j.s.ServletContextHandler@7ea71fc2{/logs,file:///workdir/hadoop-ozone/integration-test/target/log,AVAILABLE}
2019-10-04 21:46:46,586 [main] INFO  handler.ContextHandler (ContextHandler.java:doStart(781)) - Started o.e.j.s.ServletContextHandler@7cd5fcf4{/static,jar:file:/home/user/.m2/repository/org/apache/hadoop/hadoop-hdds-container-service/0.5.0-SNAPSHOT/hadoop-hdds-container-service-0.5.0-SNAPSHOT.jar!/webapps/static,AVAILABLE}
2019-10-04 21:46:46,614 [main] INFO  handler.ContextHandler (ContextHandler.java:doStart(781)) - Started o.e.j.w.WebAppContext@3cc9632d{/,file:///tmp/jetty-0.0.0.0-39301-hddsDatanode-_-any-9000779448822406279.dir/webapp/,AVAILABLE}{/hddsDatanode}
2019-10-04 21:46:46,614 [main] INFO  server.AbstractConnector (AbstractConnector.java:doStart(278)) - Started ServerConnector@53982523{HTTP/1.1,[http/1.1]}{0.0.0.0:39301}
2019-10-04 21:46:46,614 [main] INFO  server.Server (Server.java:doStart(419)) - Started @588168ms
2019-10-04 21:46:46,616 [main] WARN  impl.MetricsSystemImpl (MetricsSystemImpl.java:register(276)) - Sink prometheus already exists!
2019-10-04 21:46:46,617 [main] INFO  server.BaseHttpServer (BaseHttpServer.java:updateConnectorAddress(215)) - HTTP server of HDDSDATANODE is listening at http://0.0.0.0:39301
2019-10-04 21:46:46,617 [main] INFO  impl.MetricsSystemImpl (MetricsSystemImpl.java:init(158)) - HddsDatanode metrics system started (again)
2019-10-04 21:46:46,622 [org.apache.hadoop.util.JvmPauseMonitor$Monitor@4a45b4e2] INFO  util.JvmPauseMonitor (JvmPauseMonitor.java:run(188)) - Starting JVM pause monitor
2019-10-04 21:46:46,623 [main] INFO  ozone.HddsDatanodeService (HddsDatanodeService.java:start(184)) - HddsDatanodeService host:pr-hdds-2252-dqfx9-1550151176 ip:192.168.30.43
2019-10-04 21:46:46,623 [Datanode State Machine Thread - 0] INFO  datanode.InitDatanodeState (InitDatanodeState.java:persistContainerDatanodeDetails(140)) - DatanodeDetails is persisted to /workdir/hadoop-ozone/integration-test/target/test-dir/MiniOzoneClusterImpl-efe61e54-dcf4-4ce1-9515-f66e262f6b8a/datanode-4/meta/datanode.id
2019-10-04 21:46:46,630 [main] INFO  volume.HddsVolume (HddsVolume.java:<init>(176)) - Creating Volume: /workdir/hadoop-ozone/integration-test/target/test-dir/MiniOzoneClusterImpl-efe61e54-dcf4-4ce1-9515-f66e262f6b8a/datanode-5/data/containers/hdds of  storage type : DISK and capacity : 1482555576320
2019-10-04 21:46:46,630 [main] INFO  volume.VolumeSet (VolumeSet.java:initializeVolumeSet(170)) - Added Volume : /workdir/hadoop-ozone/integration-test/target/test-dir/MiniOzoneClusterImpl-efe61e54-dcf4-4ce1-9515-f66e262f6b8a/datanode-5/data/containers/hdds to VolumeSet
2019-10-04 21:46:46,630 [main] INFO  volume.ThrottledAsyncChecker (ThrottledAsyncChecker.java:schedule(139)) - Scheduling a check for org.apache.hadoop.ozone.container.common.volume.HddsVolume@2315052d
2019-10-04 21:46:46,631 [main] INFO  volume.HddsVolumeChecker (HddsVolumeChecker.java:checkAllVolumes(202)) - Scheduled health check for volume org.apache.hadoop.ozone.container.common.volume.HddsVolume@2315052d
2019-10-04 21:46:46,643 [main] INFO  impl.RaftServerProxy (ConfUtils.java:logGet(43)) - raft.rpc.type = GRPC (default)
2019-10-04 21:46:46,643 [main] INFO  grpc.GrpcFactory (GrpcFactory.java:checkPooledByteBufAllocatorUseCacheForAllThreads(45)) - PERFORMANCE WARNING: useCacheForAllThreads is true that may cause Netty to create a lot garbage objects and, as a result, trigger GC.
	It is recommended to disable useCacheForAllThreads by setting -Dorg.apache.ratis.thirdparty.io.netty.allocator.useCacheForAllThreads=false in command line.
2019-10-04 21:46:46,643 [main] INFO  grpc.GrpcConfigKeys$Server (ConfUtils.java:logGet(43)) - raft.grpc.server.port = 0 (default)
2019-10-04 21:46:46,643 [main] INFO  server.GrpcService (ConfUtils.java:logGet(43)) - raft.grpc.message.size.max = 33570816 (custom)
2019-10-04 21:46:46,644 [main] INFO  server.RaftServerConfigKeys (ConfUtils.java:logGet(43)) - raft.server.log.appender.buffer.byte-limit = 33554432 (custom)
2019-10-04 21:46:46,644 [main] INFO  server.GrpcService (ConfUtils.java:logGet(43)) - raft.grpc.flow.control.window = 1MB (=1048576) (default)
2019-10-04 21:46:46,644 [main] INFO  server.RaftServerConfigKeys (ConfUtils.java:logGet(43)) - raft.server.rpc.request.timeout = 3000ms (default)
2019-10-04 21:46:46,644 [main] INFO  server.RaftServerConfigKeys (ConfUtils.java:logGet(43)) - raft.server.storage.dir = [/workdir/hadoop-ozone/integration-test/target/test-dir/MiniOzoneClusterImpl-efe61e54-dcf4-4ce1-9515-f66e262f6b8a/datanode-5/data/ratis] (custom)
2019-10-04 21:46:46,645 [main] INFO  hdfs.DFSUtil (DFSUtil.java:httpServerTemplateForNNAndJN(1641)) - Starting Web-server for hddsDatanode at: http://0.0.0.0:0
2019-10-04 21:46:46,646 [main] INFO  server.AuthenticationFilter (AuthenticationFilter.java:constructSecretProvider(240)) - Unable to initialize FileSignerSecretProvider, falling back to use random secrets.
2019-10-04 21:46:46,647 [main] WARN  http.HttpRequestLog (HttpRequestLog.java:getRequestLog(97)) - Jetty request log can only be enabled using Log4j
2019-10-04 21:46:46,648 [main] INFO  http.HttpServer2 (HttpServer2.java:addGlobalFilter(975)) - Added global filter 'safety' (class=org.apache.hadoop.http.HttpServer2$QuotingInputFilter)
2019-10-04 21:46:46,648 [main] INFO  http.HttpServer2 (HttpServer2.java:addFilter(948)) - Added filter static_user_filter (class=org.apache.hadoop.http.lib.StaticUserWebFilter$StaticUserFilter) to context hddsDatanode
2019-10-04 21:46:46,648 [main] INFO  http.HttpServer2 (HttpServer2.java:addFilter(958)) - Added filter static_user_filter (class=org.apache.hadoop.http.lib.StaticUserWebFilter$StaticUserFilter) to context static
2019-10-04 21:46:46,648 [main] INFO  http.HttpServer2 (HttpServer2.java:addFilter(958)) - Added filter static_user_filter (class=org.apache.hadoop.http.lib.StaticUserWebFilter$StaticUserFilter) to context logs
2019-10-04 21:46:46,649 [main] INFO  http.HttpServer2 (HttpServer2.java:bindListener(1191)) - Jetty bound to port 40083
2019-10-04 21:46:46,649 [main] INFO  server.Server (Server.java:doStart(351)) - jetty-9.3.25.v20180904, build timestamp: 2018-09-04T21:11:46Z, git hash: 3ce520221d0240229c862b122d2b06c12a625732
2019-10-04 21:46:46,650 [main] INFO  handler.ContextHandler (ContextHandler.java:doStart(781)) - Started o.e.j.s.ServletContextHandler@4b93dd6a{/logs,file:///workdir/hadoop-ozone/integration-test/target/log,AVAILABLE}
2019-10-04 21:46:46,651 [main] INFO  handler.ContextHandler (ContextHandler.java:doStart(781)) - Started o.e.j.s.ServletContextHandler@2b0454d2{/static,jar:file:/home/user/.m2/repository/org/apache/hadoop/hadoop-hdds-container-service/0.5.0-SNAPSHOT/hadoop-hdds-container-service-0.5.0-SNAPSHOT.jar!/webapps/static,AVAILABLE}
2019-10-04 21:46:46,678 [main] INFO  handler.ContextHandler (ContextHandler.java:doStart(781)) - Started o.e.j.w.WebAppContext@7d7ceca8{/,file:///tmp/jetty-0.0.0.0-40083-hddsDatanode-_-any-3523128941474435177.dir/webapp/,AVAILABLE}{/hddsDatanode}
2019-10-04 21:46:46,679 [main] INFO  server.AbstractConnector (AbstractConnector.java:doStart(278)) - Started ServerConnector@2bba35ef{HTTP/1.1,[http/1.1]}{0.0.0.0:40083}
2019-10-04 21:46:46,680 [main] INFO  server.Server (Server.java:doStart(419)) - Started @588232ms
2019-10-04 21:46:46,681 [main] WARN  impl.MetricsSystemImpl (MetricsSystemImpl.java:register(276)) - Sink prometheus already exists!
2019-10-04 21:46:46,681 [main] INFO  server.BaseHttpServer (BaseHttpServer.java:updateConnectorAddress(215)) - HTTP server of HDDSDATANODE is listening at http://0.0.0.0:40083
2019-10-04 21:46:46,681 [main] INFO  impl.MetricsSystemImpl (MetricsSystemImpl.java:init(158)) - HddsDatanode metrics system started (again)
2019-10-04 21:46:46,687 [main] INFO  ozone.HddsDatanodeService (HddsDatanodeService.java:start(184)) - HddsDatanodeService host:pr-hdds-2252-dqfx9-1550151176 ip:192.168.30.43
2019-10-04 21:46:46,687 [org.apache.hadoop.util.JvmPauseMonitor$Monitor@12ab93f8] INFO  util.JvmPauseMonitor (JvmPauseMonitor.java:run(188)) - Starting JVM pause monitor
2019-10-04 21:46:46,688 [Datanode State Machine Thread - 0] INFO  datanode.InitDatanodeState (InitDatanodeState.java:persistContainerDatanodeDetails(140)) - DatanodeDetails is persisted to /workdir/hadoop-ozone/integration-test/target/test-dir/MiniOzoneClusterImpl-efe61e54-dcf4-4ce1-9515-f66e262f6b8a/datanode-5/meta/datanode.id
2019-10-04 21:46:46,694 [main] INFO  volume.HddsVolume (HddsVolume.java:<init>(176)) - Creating Volume: /workdir/hadoop-ozone/integration-test/target/test-dir/MiniOzoneClusterImpl-efe61e54-dcf4-4ce1-9515-f66e262f6b8a/datanode-6/data/containers/hdds of  storage type : DISK and capacity : 1482555576320
2019-10-04 21:46:46,694 [main] INFO  volume.VolumeSet (VolumeSet.java:initializeVolumeSet(170)) - Added Volume : /workdir/hadoop-ozone/integration-test/target/test-dir/MiniOzoneClusterImpl-efe61e54-dcf4-4ce1-9515-f66e262f6b8a/datanode-6/data/containers/hdds to VolumeSet
2019-10-04 21:46:46,694 [main] INFO  volume.ThrottledAsyncChecker (ThrottledAsyncChecker.java:schedule(139)) - Scheduling a check for org.apache.hadoop.ozone.container.common.volume.HddsVolume@787178b1
2019-10-04 21:46:46,694 [main] INFO  volume.HddsVolumeChecker (HddsVolumeChecker.java:checkAllVolumes(202)) - Scheduled health check for volume org.apache.hadoop.ozone.container.common.volume.HddsVolume@787178b1
2019-10-04 21:46:46,708 [main] INFO  impl.RaftServerProxy (ConfUtils.java:logGet(43)) - raft.rpc.type = GRPC (default)
2019-10-04 21:46:46,708 [main] INFO  grpc.GrpcFactory (GrpcFactory.java:checkPooledByteBufAllocatorUseCacheForAllThreads(45)) - PERFORMANCE WARNING: useCacheForAllThreads is true that may cause Netty to create a lot garbage objects and, as a result, trigger GC.
	It is recommended to disable useCacheForAllThreads by setting -Dorg.apache.ratis.thirdparty.io.netty.allocator.useCacheForAllThreads=false in command line.
2019-10-04 21:46:46,708 [main] INFO  grpc.GrpcConfigKeys$Server (ConfUtils.java:logGet(43)) - raft.grpc.server.port = 0 (default)
2019-10-04 21:46:46,708 [main] INFO  server.GrpcService (ConfUtils.java:logGet(43)) - raft.grpc.message.size.max = 33570816 (custom)
2019-10-04 21:46:46,709 [main] INFO  server.RaftServerConfigKeys (ConfUtils.java:logGet(43)) - raft.server.log.appender.buffer.byte-limit = 33554432 (custom)
2019-10-04 21:46:46,709 [main] INFO  server.GrpcService (ConfUtils.java:logGet(43)) - raft.grpc.flow.control.window = 1MB (=1048576) (default)
2019-10-04 21:46:46,709 [main] INFO  server.RaftServerConfigKeys (ConfUtils.java:logGet(43)) - raft.server.rpc.request.timeout = 3000ms (default)
2019-10-04 21:46:46,709 [main] INFO  server.RaftServerConfigKeys (ConfUtils.java:logGet(43)) - raft.server.storage.dir = [/workdir/hadoop-ozone/integration-test/target/test-dir/MiniOzoneClusterImpl-efe61e54-dcf4-4ce1-9515-f66e262f6b8a/datanode-6/data/ratis] (custom)
2019-10-04 21:46:46,710 [main] INFO  hdfs.DFSUtil (DFSUtil.java:httpServerTemplateForNNAndJN(1641)) - Starting Web-server for hddsDatanode at: http://0.0.0.0:0
2019-10-04 21:46:46,711 [main] INFO  server.AuthenticationFilter (AuthenticationFilter.java:constructSecretProvider(240)) - Unable to initialize FileSignerSecretProvider, falling back to use random secrets.
2019-10-04 21:46:46,712 [main] WARN  http.HttpRequestLog (HttpRequestLog.java:getRequestLog(97)) - Jetty request log can only be enabled using Log4j
2019-10-04 21:46:46,713 [main] INFO  http.HttpServer2 (HttpServer2.java:addGlobalFilter(975)) - Added global filter 'safety' (class=org.apache.hadoop.http.HttpServer2$QuotingInputFilter)
2019-10-04 21:46:46,713 [main] INFO  http.HttpServer2 (HttpServer2.java:addFilter(948)) - Added filter static_user_filter (class=org.apache.hadoop.http.lib.StaticUserWebFilter$StaticUserFilter) to context hddsDatanode
2019-10-04 21:46:46,713 [main] INFO  http.HttpServer2 (HttpServer2.java:addFilter(958)) - Added filter static_user_filter (class=org.apache.hadoop.http.lib.StaticUserWebFilter$StaticUserFilter) to context static
2019-10-04 21:46:46,714 [main] INFO  http.HttpServer2 (HttpServer2.java:addFilter(958)) - Added filter static_user_filter (class=org.apache.hadoop.http.lib.StaticUserWebFilter$StaticUserFilter) to context logs
2019-10-04 21:46:46,714 [main] INFO  http.HttpServer2 (HttpServer2.java:bindListener(1191)) - Jetty bound to port 45951
2019-10-04 21:46:46,714 [main] INFO  server.Server (Server.java:doStart(351)) - jetty-9.3.25.v20180904, build timestamp: 2018-09-04T21:11:46Z, git hash: 3ce520221d0240229c862b122d2b06c12a625732
2019-10-04 21:46:46,716 [main] INFO  handler.ContextHandler (ContextHandler.java:doStart(781)) - Started o.e.j.s.ServletContextHandler@5bf4764d{/logs,file:///workdir/hadoop-ozone/integration-test/target/log,AVAILABLE}
2019-10-04 21:46:46,716 [main] INFO  handler.ContextHandler (ContextHandler.java:doStart(781)) - Started o.e.j.s.ServletContextHandler@23ee2ccf{/static,jar:file:/home/user/.m2/repository/org/apache/hadoop/hadoop-hdds-container-service/0.5.0-SNAPSHOT/hadoop-hdds-container-service-0.5.0-SNAPSHOT.jar!/webapps/static,AVAILABLE}
2019-10-04 21:46:46,743 [main] INFO  handler.ContextHandler (ContextHandler.java:doStart(781)) - Started o.e.j.w.WebAppContext@9b3be1c{/,file:///tmp/jetty-0.0.0.0-45951-hddsDatanode-_-any-2587750739965745153.dir/webapp/,AVAILABLE}{/hddsDatanode}
2019-10-04 21:46:46,744 [main] INFO  server.AbstractConnector (AbstractConnector.java:doStart(278)) - Started ServerConnector@74e497ae{HTTP/1.1,[http/1.1]}{0.0.0.0:45951}
2019-10-04 21:46:46,744 [main] INFO  server.Server (Server.java:doStart(419)) - Started @588298ms
2019-10-04 21:46:46,751 [main] WARN  impl.MetricsSystemImpl (MetricsSystemImpl.java:register(276)) - Sink prometheus already exists!
2019-10-04 21:46:46,751 [main] INFO  server.BaseHttpServer (BaseHttpServer.java:updateConnectorAddress(215)) - HTTP server of HDDSDATANODE is listening at http://0.0.0.0:45951
2019-10-04 21:46:46,752 [main] INFO  ozone.MiniOzoneClusterImpl (MiniOzoneClusterImpl.java:lambda$waitForClusterToBeReady$0(147)) - Waiting for cluster to be ready. Got 0 of 7 DN Heartbeats.
2019-10-04 21:46:46,753 [org.apache.hadoop.util.JvmPauseMonitor$Monitor@42b09d1d] INFO  util.JvmPauseMonitor (JvmPauseMonitor.java:run(188)) - Starting JVM pause monitor
2019-10-04 21:46:46,754 [Datanode State Machine Thread - 0] INFO  datanode.InitDatanodeState (InitDatanodeState.java:persistContainerDatanodeDetails(140)) - DatanodeDetails is persisted to /workdir/hadoop-ozone/integration-test/target/test-dir/MiniOzoneClusterImpl-efe61e54-dcf4-4ce1-9515-f66e262f6b8a/datanode-6/meta/datanode.id
2019-10-04 21:46:47,752 [main] INFO  ozone.MiniOzoneClusterImpl (MiniOzoneClusterImpl.java:lambda$waitForClusterToBeReady$0(147)) - Waiting for cluster to be ready. Got 0 of 7 DN Heartbeats.
2019-10-04 21:46:48,383 [Datanode State Machine Thread - 0] INFO  ozoneimpl.OzoneContainer (OzoneContainer.java:start(217)) - Attempting to start container services.
2019-10-04 21:46:48,384 [Datanode State Machine Thread - 0] INFO  ozoneimpl.OzoneContainer (OzoneContainer.java:startContainerScrub(179)) - Background container scanner has been disabled.
2019-10-04 21:46:48,384 [Datanode State Machine Thread - 0] INFO  ratis.XceiverServerRatis (XceiverServerRatis.java:start(417)) - Starting XceiverServerRatis b7267918-c736-4221-b207-45a52eb765d9 at port 0
2019-10-04 21:46:48,391 [Datanode State Machine Thread - 0] INFO  impl.RaftServerProxy (RaftServerProxy.java:lambda$start$3(299)) - b7267918-c736-4221-b207-45a52eb765d9: start RPC server
2019-10-04 21:46:48,393 [Datanode State Machine Thread - 0] INFO  server.GrpcService (GrpcService.java:startImpl(158)) - b7267918-c736-4221-b207-45a52eb765d9: GrpcService started, listening on 0.0.0.0/0.0.0.0:40328
2019-10-04 21:46:48,393 [Datanode State Machine Thread - 0] INFO  ratis.XceiverServerRatis (XceiverServerRatis.java:start(427)) - XceiverServerRatis b7267918-c736-4221-b207-45a52eb765d9 is started using port 40328
2019-10-04 21:46:48,396 [Datanode State Machine Thread - 0] INFO  server.XceiverServerGrpc (XceiverServerGrpc.java:start(149)) - XceiverServerGrpc b7267918-c736-4221-b207-45a52eb765d9 is started using port 33406
2019-10-04 21:46:48,422 [Datanode State Machine Thread - 0] INFO  ozoneimpl.OzoneContainer (OzoneContainer.java:start(217)) - Attempting to start container services.
2019-10-04 21:46:48,422 [Datanode State Machine Thread - 0] INFO  ozoneimpl.OzoneContainer (OzoneContainer.java:startContainerScrub(179)) - Background container scanner has been disabled.
2019-10-04 21:46:48,423 [Datanode State Machine Thread - 0] INFO  ratis.XceiverServerRatis (XceiverServerRatis.java:start(417)) - Starting XceiverServerRatis a7f943cb-bb18-497b-82a4-8777e8f57d3f at port 0
2019-10-04 21:46:48,429 [Datanode State Machine Thread - 0] INFO  impl.RaftServerProxy (RaftServerProxy.java:lambda$start$3(299)) - a7f943cb-bb18-497b-82a4-8777e8f57d3f: start RPC server
2019-10-04 21:46:48,430 [Datanode State Machine Thread - 0] INFO  server.GrpcService (GrpcService.java:startImpl(158)) - a7f943cb-bb18-497b-82a4-8777e8f57d3f: GrpcService started, listening on 0.0.0.0/0.0.0.0:46115
2019-10-04 21:46:48,430 [Datanode State Machine Thread - 0] INFO  ratis.XceiverServerRatis (XceiverServerRatis.java:start(427)) - XceiverServerRatis a7f943cb-bb18-497b-82a4-8777e8f57d3f is started using port 46115
2019-10-04 21:46:48,432 [Datanode State Machine Thread - 0] INFO  server.XceiverServerGrpc (XceiverServerGrpc.java:start(149)) - XceiverServerGrpc a7f943cb-bb18-497b-82a4-8777e8f57d3f is started using port 36384
2019-10-04 21:46:48,504 [Datanode State Machine Thread - 0] INFO  ozoneimpl.OzoneContainer (OzoneContainer.java:start(217)) - Attempting to start container services.
2019-10-04 21:46:48,505 [Datanode State Machine Thread - 0] INFO  ozoneimpl.OzoneContainer (OzoneContainer.java:startContainerScrub(179)) - Background container scanner has been disabled.
2019-10-04 21:46:48,505 [Datanode State Machine Thread - 0] INFO  ratis.XceiverServerRatis (XceiverServerRatis.java:start(417)) - Starting XceiverServerRatis a87e6d7a-5484-427a-9ae7-491f17ac9191 at port 0
2019-10-04 21:46:48,515 [Datanode State Machine Thread - 0] INFO  impl.RaftServerProxy (RaftServerProxy.java:lambda$start$3(299)) - a87e6d7a-5484-427a-9ae7-491f17ac9191: start RPC server
2019-10-04 21:46:48,516 [Datanode State Machine Thread - 0] INFO  server.GrpcService (GrpcService.java:startImpl(158)) - a87e6d7a-5484-427a-9ae7-491f17ac9191: GrpcService started, listening on 0.0.0.0/0.0.0.0:36628
2019-10-04 21:46:48,516 [Datanode State Machine Thread - 0] INFO  ratis.XceiverServerRatis (XceiverServerRatis.java:start(427)) - XceiverServerRatis a87e6d7a-5484-427a-9ae7-491f17ac9191 is started using port 36628
2019-10-04 21:46:48,516 [Datanode State Machine Thread - 0] INFO  server.XceiverServerGrpc (XceiverServerGrpc.java:start(149)) - XceiverServerGrpc a87e6d7a-5484-427a-9ae7-491f17ac9191 is started using port 46597
2019-10-04 21:46:48,574 [Datanode State Machine Thread - 0] INFO  ozoneimpl.OzoneContainer (OzoneContainer.java:start(217)) - Attempting to start container services.
2019-10-04 21:46:48,574 [Datanode State Machine Thread - 0] INFO  ozoneimpl.OzoneContainer (OzoneContainer.java:startContainerScrub(179)) - Background container scanner has been disabled.
2019-10-04 21:46:48,575 [Datanode State Machine Thread - 0] INFO  ratis.XceiverServerRatis (XceiverServerRatis.java:start(417)) - Starting XceiverServerRatis 2a7cbac8-731e-4451-bef1-f907eaf770d2 at port 0
2019-10-04 21:46:48,583 [Datanode State Machine Thread - 0] INFO  impl.RaftServerProxy (RaftServerProxy.java:lambda$start$3(299)) - 2a7cbac8-731e-4451-bef1-f907eaf770d2: start RPC server
2019-10-04 21:46:48,584 [Datanode State Machine Thread - 0] INFO  server.GrpcService (GrpcService.java:startImpl(158)) - 2a7cbac8-731e-4451-bef1-f907eaf770d2: GrpcService started, listening on 0.0.0.0/0.0.0.0:34947
2019-10-04 21:46:48,584 [Datanode State Machine Thread - 0] INFO  ratis.XceiverServerRatis (XceiverServerRatis.java:start(427)) - XceiverServerRatis 2a7cbac8-731e-4451-bef1-f907eaf770d2 is started using port 34947
2019-10-04 21:46:48,584 [Datanode State Machine Thread - 0] INFO  server.XceiverServerGrpc (XceiverServerGrpc.java:start(149)) - XceiverServerGrpc 2a7cbac8-731e-4451-bef1-f907eaf770d2 is started using port 33226
2019-10-04 21:46:48,637 [Datanode State Machine Thread - 0] INFO  ozoneimpl.OzoneContainer (OzoneContainer.java:start(217)) - Attempting to start container services.
2019-10-04 21:46:48,637 [Datanode State Machine Thread - 0] INFO  ozoneimpl.OzoneContainer (OzoneContainer.java:startContainerScrub(179)) - Background container scanner has been disabled.
2019-10-04 21:46:48,637 [Datanode State Machine Thread - 0] INFO  ratis.XceiverServerRatis (XceiverServerRatis.java:start(417)) - Starting XceiverServerRatis ff9ce1e9-ce56-48e1-bfc3-746497777d5b at port 0
2019-10-04 21:46:48,646 [Datanode State Machine Thread - 0] INFO  impl.RaftServerProxy (RaftServerProxy.java:lambda$start$3(299)) - ff9ce1e9-ce56-48e1-bfc3-746497777d5b: start RPC server
2019-10-04 21:46:48,647 [Datanode State Machine Thread - 0] INFO  server.GrpcService (GrpcService.java:startImpl(158)) - ff9ce1e9-ce56-48e1-bfc3-746497777d5b: GrpcService started, listening on 0.0.0.0/0.0.0.0:34770
2019-10-04 21:46:48,647 [Datanode State Machine Thread - 0] INFO  ratis.XceiverServerRatis (XceiverServerRatis.java:start(427)) - XceiverServerRatis ff9ce1e9-ce56-48e1-bfc3-746497777d5b is started using port 34770
2019-10-04 21:46:48,647 [Datanode State Machine Thread - 0] INFO  server.XceiverServerGrpc (XceiverServerGrpc.java:start(149)) - XceiverServerGrpc ff9ce1e9-ce56-48e1-bfc3-746497777d5b is started using port 40884
2019-10-04 21:46:48,700 [Datanode State Machine Thread - 0] INFO  ozoneimpl.OzoneContainer (OzoneContainer.java:start(217)) - Attempting to start container services.
2019-10-04 21:46:48,700 [Datanode State Machine Thread - 0] INFO  ozoneimpl.OzoneContainer (OzoneContainer.java:startContainerScrub(179)) - Background container scanner has been disabled.
2019-10-04 21:46:48,701 [Datanode State Machine Thread - 0] INFO  ratis.XceiverServerRatis (XceiverServerRatis.java:start(417)) - Starting XceiverServerRatis 30434be4-12dc-4776-9a92-54252ab8e913 at port 0
2019-10-04 21:46:48,708 [Datanode State Machine Thread - 0] INFO  impl.RaftServerProxy (RaftServerProxy.java:lambda$start$3(299)) - 30434be4-12dc-4776-9a92-54252ab8e913: start RPC server
2019-10-04 21:46:48,709 [Datanode State Machine Thread - 0] INFO  server.GrpcService (GrpcService.java:startImpl(158)) - 30434be4-12dc-4776-9a92-54252ab8e913: GrpcService started, listening on 0.0.0.0/0.0.0.0:41864
2019-10-04 21:46:48,709 [Datanode State Machine Thread - 0] INFO  ratis.XceiverServerRatis (XceiverServerRatis.java:start(427)) - XceiverServerRatis 30434be4-12dc-4776-9a92-54252ab8e913 is started using port 41864
2019-10-04 21:46:48,714 [Datanode State Machine Thread - 0] INFO  server.XceiverServerGrpc (XceiverServerGrpc.java:start(149)) - XceiverServerGrpc 30434be4-12dc-4776-9a92-54252ab8e913 is started using port 42797
2019-10-04 21:46:48,753 [main] INFO  ozone.MiniOzoneClusterImpl (MiniOzoneClusterImpl.java:lambda$waitForClusterToBeReady$0(147)) - Waiting for cluster to be ready. Got 0 of 7 DN Heartbeats.
2019-10-04 21:46:48,766 [Datanode State Machine Thread - 0] INFO  ozoneimpl.OzoneContainer (OzoneContainer.java:start(217)) - Attempting to start container services.
2019-10-04 21:46:48,766 [Datanode State Machine Thread - 0] INFO  ozoneimpl.OzoneContainer (OzoneContainer.java:startContainerScrub(179)) - Background container scanner has been disabled.
2019-10-04 21:46:48,766 [Datanode State Machine Thread - 0] INFO  ratis.XceiverServerRatis (XceiverServerRatis.java:start(417)) - Starting XceiverServerRatis ed32ec4f-f88d-40f8-90b3-1e363f965dce at port 0
2019-10-04 21:46:48,774 [Datanode State Machine Thread - 0] INFO  impl.RaftServerProxy (RaftServerProxy.java:lambda$start$3(299)) - ed32ec4f-f88d-40f8-90b3-1e363f965dce: start RPC server
2019-10-04 21:46:48,799 [Datanode State Machine Thread - 0] INFO  server.GrpcService (GrpcService.java:startImpl(158)) - ed32ec4f-f88d-40f8-90b3-1e363f965dce: GrpcService started, listening on 0.0.0.0/0.0.0.0:39828
2019-10-04 21:46:48,799 [Datanode State Machine Thread - 0] INFO  ratis.XceiverServerRatis (XceiverServerRatis.java:start(427)) - XceiverServerRatis ed32ec4f-f88d-40f8-90b3-1e363f965dce is started using port 39828
2019-10-04 21:46:48,799 [Datanode State Machine Thread - 0] INFO  server.XceiverServerGrpc (XceiverServerGrpc.java:start(149)) - XceiverServerGrpc ed32ec4f-f88d-40f8-90b3-1e363f965dce is started using port 37755
2019-10-04 21:46:49,753 [main] INFO  ozone.MiniOzoneClusterImpl (MiniOzoneClusterImpl.java:lambda$waitForClusterToBeReady$0(147)) - Waiting for cluster to be ready. Got 0 of 7 DN Heartbeats.
2019-10-04 21:46:50,340 [IPC Server handler 0 on 35416] INFO  net.NetworkTopology (NetworkTopologyImpl.java:add(111)) - Added a new node: /default-rack/b7267918-c736-4221-b207-45a52eb765d9
2019-10-04 21:46:50,343 [IPC Server handler 0 on 35416] INFO  node.SCMNodeManager (SCMNodeManager.java:register(268)) - Registered Data node : b7267918-c736-4221-b207-45a52eb765d9{ip: 192.168.30.43, host: pr-hdds-2252-dqfx9-1550151176, networkLocation: /default-rack, certSerialId: null}
2019-10-04 21:46:50,345 [EventQueue-NodeRegistrationContainerReportForDataNodeSafeModeRule] INFO  safemode.SCMSafeModeManager (DataNodeSafeModeRule.java:process(71)) - SCM in safe mode. 1 DataNodes registered, 1 required.
2019-10-04 21:46:50,347 [EventQueue-NodeRegistrationContainerReportForDataNodeSafeModeRule] INFO  safemode.SCMSafeModeManager (SCMSafeModeManager.java:validateSafeModeExitRules(177)) - ScmSafeModeManager, all rules are successfully validated
2019-10-04 21:46:50,348 [EventQueue-NodeRegistrationContainerReportForDataNodeSafeModeRule] INFO  safemode.SCMSafeModeManager (SCMSafeModeManager.java:exitSafeMode(193)) - SCM exiting safe mode.
2019-10-04 21:46:50,359 [grpc-default-executor-6] INFO  impl.RaftServerProxy (RaftServerProxy.java:addNew(89)) - b7267918-c736-4221-b207-45a52eb765d9: addNew group-FB5FF80D8940:[b7267918-c736-4221-b207-45a52eb765d9:192.168.30.43:40328] returns group-FB5FF80D8940:java.util.concurrent.CompletableFuture@60537be5[Not completed]
2019-10-04 21:46:50,362 [pool-409-thread-1] INFO  impl.RaftServerImpl (RaftServerImpl.java:<init>(95)) - b7267918-c736-4221-b207-45a52eb765d9: new RaftServerImpl for group-FB5FF80D8940:[b7267918-c736-4221-b207-45a52eb765d9:192.168.30.43:40328] with ContainerStateMachine:uninitialized
2019-10-04 21:46:50,362 [pool-409-thread-1] INFO  server.RaftServerConfigKeys (ConfUtils.java:logGet(43)) - raft.server.rpc.timeout.min = 5s (custom)
2019-10-04 21:46:50,363 [pool-409-thread-1] INFO  server.RaftServerConfigKeys (ConfUtils.java:logGet(43)) - raft.server.rpc.timeout.max = 5200ms (custom)
2019-10-04 21:46:50,363 [pool-409-thread-1] INFO  server.RaftServerConfigKeys (ConfUtils.java:logGet(43)) - raft.server.rpcslowness.timeout = 120s (custom)
2019-10-04 21:46:50,363 [pool-409-thread-1] INFO  server.RaftServerConfigKeys (ConfUtils.java:logGet(43)) - raft.server.sleep.deviation.threshold = 300 (default)
2019-10-04 21:46:50,363 [pool-409-thread-1] INFO  server.RaftServerConfigKeys (ConfUtils.java:logGet(43)) - raft.server.log.appender.install.snapshot.enabled = false (custom)
2019-10-04 21:46:50,363 [pool-409-thread-1] INFO  impl.RaftServerImpl (ServerState.java:<init>(103)) - b7267918-c736-4221-b207-45a52eb765d9@group-FB5FF80D8940: ConfigurationManager, init=-1: [b7267918-c736-4221-b207-45a52eb765d9:192.168.30.43:40328], old=null, confs=<EMPTY_MAP>
2019-10-04 21:46:50,363 [pool-409-thread-1] INFO  server.RaftServerConfigKeys (ConfUtils.java:logGet(43)) - raft.server.storage.dir = [/workdir/hadoop-ozone/integration-test/target/test-dir/MiniOzoneClusterImpl-efe61e54-dcf4-4ce1-9515-f66e262f6b8a/datanode-0/data/ratis] (custom)
2019-10-04 21:46:50,364 [pool-409-thread-1] INFO  server.RaftServerConfigKeys (ConfUtils.java:logGet(43)) - raft.server.log.corruption.policy = EXCEPTION (default)
2019-10-04 21:46:50,364 [pool-409-thread-1] INFO  storage.RaftStorageDirectory (RaftStorageDirectory.java:analyzeStorage(246)) - The storage directory /workdir/hadoop-ozone/integration-test/target/test-dir/MiniOzoneClusterImpl-efe61e54-dcf4-4ce1-9515-f66e262f6b8a/datanode-0/data/ratis/df3badb5-e9d2-44ec-bcd9-fb5ff80d8940 does not exist. Creating ...
2019-10-04 21:46:50,377 [pool-409-thread-1] INFO  storage.RaftStorageDirectory (RaftStorageDirectory.java:tryLock(328)) - Lock on /workdir/hadoop-ozone/integration-test/target/test-dir/MiniOzoneClusterImpl-efe61e54-dcf4-4ce1-9515-f66e262f6b8a/datanode-0/data/ratis/df3badb5-e9d2-44ec-bcd9-fb5ff80d8940/in_use.lock acquired by nodename 17388@pr-hdds-2252-dqfx9-1550151176
2019-10-04 21:46:50,391 [pool-409-thread-1] INFO  storage.RaftStorage (RaftStorage.java:format(84)) - Storage directory /workdir/hadoop-ozone/integration-test/target/test-dir/MiniOzoneClusterImpl-efe61e54-dcf4-4ce1-9515-f66e262f6b8a/datanode-0/data/ratis/df3badb5-e9d2-44ec-bcd9-fb5ff80d8940 has been successfully formatted.
2019-10-04 21:46:50,391 [pool-409-thread-1] INFO  ratis.ContainerStateMachine (ContainerStateMachine.java:loadSnapshot(230)) - group-FB5FF80D8940: The snapshot info is null. Setting the last applied indexto:(t:0, i:~)
2019-10-04 21:46:50,391 [pool-409-thread-1] INFO  server.RaftServerConfigKeys (ConfUtils.java:logGet(43)) - raft.server.notification.no-leader.timeout = 120s (custom)
2019-10-04 21:46:50,391 [pool-409-thread-1] INFO  server.RaftServerConfigKeys (ConfUtils.java:logGet(43)) - raft.server.log.use.memory = false (default)
2019-10-04 21:46:50,392 [pool-409-thread-1] INFO  server.RaftServerConfigKeys (ConfUtils.java:logGet(43)) - raft.server.log.purge.gap = 1000000 (custom)
2019-10-04 21:46:50,392 [pool-409-thread-1] INFO  server.RaftServerConfigKeys (ConfUtils.java:logGet(43)) - raft.server.log.appender.buffer.byte-limit = 33554432 (custom)
2019-10-04 21:46:50,392 [pool-409-thread-1] INFO  server.RaftServerConfigKeys (ConfUtils.java:logGet(43)) - raft.server.log.segment.size.max = 1048576 (custom)
2019-10-04 21:46:50,395 [pool-409-thread-1] INFO  server.RaftServerConfigKeys (ConfUtils.java:logGet(43)) - raft.server.log.segment.cache.num.max = 2 (custom)
2019-10-04 21:46:50,395 [pool-409-thread-1] INFO  segmented.SegmentedRaftLogWorker (SegmentedRaftLogWorker.java:<init>(173)) - new b7267918-c736-4221-b207-45a52eb765d9@group-FB5FF80D8940-SegmentedRaftLogWorker for RaftStorage:Storage Directory /workdir/hadoop-ozone/integration-test/target/test-dir/MiniOzoneClusterImpl-efe61e54-dcf4-4ce1-9515-f66e262f6b8a/datanode-0/data/ratis/df3badb5-e9d2-44ec-bcd9-fb5ff80d8940
2019-10-04 21:46:50,395 [pool-409-thread-1] INFO  server.RaftServerConfigKeys (ConfUtils.java:logGet(43)) - raft.server.log.queue.byte-limit = 2147483647 (custom)
2019-10-04 21:46:50,395 [pool-409-thread-1] INFO  server.RaftServerConfigKeys (ConfUtils.java:logGet(43)) - raft.server.log.queue.element-limit = 1024 (custom)
2019-10-04 21:46:50,395 [pool-409-thread-1] INFO  server.RaftServerConfigKeys (ConfUtils.java:logGet(43)) - raft.server.log.segment.size.max = 1048576 (custom)
2019-10-04 21:46:50,395 [pool-409-thread-1] INFO  server.RaftServerConfigKeys (ConfUtils.java:logGet(43)) - raft.server.log.preallocated.size = 16384 (custom)
2019-10-04 21:46:50,395 [pool-409-thread-1] INFO  server.RaftServerConfigKeys (ConfUtils.java:logGet(43)) - raft.server.log.write.buffer.size = 33554432 (custom)
2019-10-04 21:46:50,396 [pool-409-thread-1] INFO  server.RaftServerConfigKeys (ConfUtils.java:logGet(43)) - raft.server.log.force.sync.num = 128 (default)
2019-10-04 21:46:50,396 [pool-409-thread-1] INFO  server.RaftServerConfigKeys (ConfUtils.java:logGet(43)) - raft.server.log.statemachine.data.sync = true (default)
2019-10-04 21:46:50,396 [pool-409-thread-1] INFO  server.RaftServerConfigKeys (ConfUtils.java:logGet(43)) - raft.server.log.statemachine.data.sync.timeout = 10s (default)
2019-10-04 21:46:50,396 [pool-409-thread-1] INFO  server.RaftServerConfigKeys (ConfUtils.java:logGet(43)) - raft.server.log.statemachine.data.sync.timeout.retry = -1 (default)
2019-10-04 21:46:50,397 [pool-409-thread-1] INFO  server.RaftServerConfigKeys (ConfUtils.java:logGet(43)) - raft.server.log.statemachine.data.caching.enabled = true (custom)
2019-10-04 21:46:50,397 [pool-409-thread-1] INFO  segmented.SegmentedRaftLogWorker (SegmentedRaftLogWorker.java:lambda$new$0(128)) - b7267918-c736-4221-b207-45a52eb765d9@group-FB5FF80D8940-SegmentedRaftLogWorker: flushIndex: setUnconditionally 0 -> -1
2019-10-04 21:46:50,398 [pool-409-thread-1] INFO  server.RaftServerConfigKeys (ConfUtils.java:logGet(43)) - raft.server.snapshot.auto.trigger.enabled = true (custom)
2019-10-04 21:46:50,398 [pool-409-thread-1] INFO  server.RaftServerConfigKeys (ConfUtils.java:logGet(43)) - raft.server.snapshot.auto.trigger.threshold = 10000 (custom)
2019-10-04 21:46:50,398 [pool-409-thread-1] INFO  server.RaftServerConfigKeys (ConfUtils.java:logGet(43)) - raft.server.snapshot.retention.file.num = 5 (custom)
2019-10-04 21:46:50,398 [pool-409-thread-1] INFO  server.RaftServerConfigKeys (ConfUtils.java:logGet(43)) - raft.server.retrycache.expirytime = 600000ms (custom)
2019-10-04 21:46:50,400 [pool-409-thread-1] INFO  impl.RaftServerImpl (RaftServerImpl.java:start(181)) - b7267918-c736-4221-b207-45a52eb765d9@group-FB5FF80D8940: start as a follower, conf=-1: [b7267918-c736-4221-b207-45a52eb765d9:192.168.30.43:40328], old=null
2019-10-04 21:46:50,400 [pool-409-thread-1] INFO  impl.RaftServerImpl (RaftServerImpl.java:setRole(170)) - b7267918-c736-4221-b207-45a52eb765d9@group-FB5FF80D8940: changes role from      null to FOLLOWER at term 0 for startAsFollower
2019-10-04 21:46:50,400 [pool-409-thread-1] INFO  impl.RoleInfo (RoleInfo.java:updateAndGet(143)) - b7267918-c736-4221-b207-45a52eb765d9: start FollowerState
2019-10-04 21:46:50,401 [pool-409-thread-1] INFO  util.JmxRegister (JmxRegister.java:tryRegister(44)) - Successfully registered JMX Bean with object name Ratis:service=RaftServer,group=group-FB5FF80D8940,id=b7267918-c736-4221-b207-45a52eb765d9
2019-10-04 21:46:50,406 [RatisPipelineUtilsThread] INFO  pipeline.PipelineStateManager (PipelineStateManager.java:addPipeline(56)) - Created pipeline Pipeline[ Id: df3badb5-e9d2-44ec-bcd9-fb5ff80d8940, Nodes: b7267918-c736-4221-b207-45a52eb765d9{ip: 192.168.30.43, host: pr-hdds-2252-dqfx9-1550151176, networkLocation: /default-rack, certSerialId: null}, Type:RATIS, Factor:ONE, State:OPEN]
2019-10-04 21:46:50,407 [IPC Server handler 3 on 35416] INFO  net.NetworkTopology (NetworkTopologyImpl.java:add(111)) - Added a new node: /default-rack/a7f943cb-bb18-497b-82a4-8777e8f57d3f
2019-10-04 21:46:50,408 [IPC Server handler 3 on 35416] INFO  node.SCMNodeManager (SCMNodeManager.java:register(268)) - Registered Data node : a7f943cb-bb18-497b-82a4-8777e8f57d3f{ip: 192.168.30.43, host: pr-hdds-2252-dqfx9-1550151176, networkLocation: /default-rack, certSerialId: null}
2019-10-04 21:46:50,413 [grpc-default-executor-6] INFO  impl.RaftServerProxy (RaftServerProxy.java:addNew(89)) - a7f943cb-bb18-497b-82a4-8777e8f57d3f: addNew group-CDF3AD41164B:[a7f943cb-bb18-497b-82a4-8777e8f57d3f:192.168.30.43:46115] returns group-CDF3AD41164B:java.util.concurrent.CompletableFuture@2d8d2cbb[Not completed]
2019-10-04 21:46:50,415 [pool-419-thread-1] INFO  impl.RaftServerImpl (RaftServerImpl.java:<init>(95)) - a7f943cb-bb18-497b-82a4-8777e8f57d3f: new RaftServerImpl for group-CDF3AD41164B:[a7f943cb-bb18-497b-82a4-8777e8f57d3f:192.168.30.43:46115] with ContainerStateMachine:uninitialized
2019-10-04 21:46:50,415 [pool-419-thread-1] INFO  server.RaftServerConfigKeys (ConfUtils.java:logGet(43)) - raft.server.rpc.timeout.min = 5s (custom)
2019-10-04 21:46:50,415 [pool-419-thread-1] INFO  server.RaftServerConfigKeys (ConfUtils.java:logGet(43)) - raft.server.rpc.timeout.max = 5200ms (custom)
2019-10-04 21:46:50,415 [pool-419-thread-1] INFO  server.RaftServerConfigKeys (ConfUtils.java:logGet(43)) - raft.server.rpcslowness.timeout = 120s (custom)
2019-10-04 21:46:50,415 [pool-419-thread-1] INFO  server.RaftServerConfigKeys (ConfUtils.java:logGet(43)) - raft.server.sleep.deviation.threshold = 300 (default)
2019-10-04 21:46:50,415 [pool-419-thread-1] INFO  server.RaftServerConfigKeys (ConfUtils.java:logGet(43)) - raft.server.log.appender.install.snapshot.enabled = false (custom)
2019-10-04 21:46:50,415 [pool-419-thread-1] INFO  impl.RaftServerImpl (ServerState.java:<init>(103)) - a7f943cb-bb18-497b-82a4-8777e8f57d3f@group-CDF3AD41164B: ConfigurationManager, init=-1: [a7f943cb-bb18-497b-82a4-8777e8f57d3f:192.168.30.43:46115], old=null, confs=<EMPTY_MAP>
2019-10-04 21:46:50,416 [pool-419-thread-1] INFO  server.RaftServerConfigKeys (ConfUtils.java:logGet(43)) - raft.server.storage.dir = [/workdir/hadoop-ozone/integration-test/target/test-dir/MiniOzoneClusterImpl-efe61e54-dcf4-4ce1-9515-f66e262f6b8a/datanode-1/data/ratis] (custom)
2019-10-04 21:46:50,416 [pool-419-thread-1] INFO  server.RaftServerConfigKeys (ConfUtils.java:logGet(43)) - raft.server.log.corruption.policy = EXCEPTION (default)
2019-10-04 21:46:50,416 [pool-419-thread-1] INFO  storage.RaftStorageDirectory (RaftStorageDirectory.java:analyzeStorage(246)) - The storage directory /workdir/hadoop-ozone/integration-test/target/test-dir/MiniOzoneClusterImpl-efe61e54-dcf4-4ce1-9515-f66e262f6b8a/datanode-1/data/ratis/6b9f65ef-38dd-424d-84ee-cdf3ad41164b does not exist. Creating ...
2019-10-04 21:46:50,429 [pool-419-thread-1] INFO  storage.RaftStorageDirectory (RaftStorageDirectory.java:tryLock(328)) - Lock on /workdir/hadoop-ozone/integration-test/target/test-dir/MiniOzoneClusterImpl-efe61e54-dcf4-4ce1-9515-f66e262f6b8a/datanode-1/data/ratis/6b9f65ef-38dd-424d-84ee-cdf3ad41164b/in_use.lock acquired by nodename 17388@pr-hdds-2252-dqfx9-1550151176
2019-10-04 21:46:50,442 [pool-419-thread-1] INFO  storage.RaftStorage (RaftStorage.java:format(84)) - Storage directory /workdir/hadoop-ozone/integration-test/target/test-dir/MiniOzoneClusterImpl-efe61e54-dcf4-4ce1-9515-f66e262f6b8a/datanode-1/data/ratis/6b9f65ef-38dd-424d-84ee-cdf3ad41164b has been successfully formatted.
2019-10-04 21:46:50,442 [pool-419-thread-1] INFO  ratis.ContainerStateMachine (ContainerStateMachine.java:loadSnapshot(230)) - group-CDF3AD41164B: The snapshot info is null. Setting the last applied indexto:(t:0, i:~)
2019-10-04 21:46:50,442 [pool-419-thread-1] INFO  server.RaftServerConfigKeys (ConfUtils.java:logGet(43)) - raft.server.notification.no-leader.timeout = 120s (custom)
2019-10-04 21:46:50,442 [pool-419-thread-1] INFO  server.RaftServerConfigKeys (ConfUtils.java:logGet(43)) - raft.server.log.use.memory = false (default)
2019-10-04 21:46:50,442 [pool-419-thread-1] INFO  server.RaftServerConfigKeys (ConfUtils.java:logGet(43)) - raft.server.log.purge.gap = 1000000 (custom)
2019-10-04 21:46:50,443 [pool-419-thread-1] INFO  server.RaftServerConfigKeys (ConfUtils.java:logGet(43)) - raft.server.log.appender.buffer.byte-limit = 33554432 (custom)
2019-10-04 21:46:50,443 [pool-419-thread-1] INFO  server.RaftServerConfigKeys (ConfUtils.java:logGet(43)) - raft.server.log.segment.size.max = 1048576 (custom)
2019-10-04 21:46:50,445 [pool-419-thread-1] INFO  server.RaftServerConfigKeys (ConfUtils.java:logGet(43)) - raft.server.log.segment.cache.num.max = 2 (custom)
2019-10-04 21:46:50,445 [pool-419-thread-1] INFO  segmented.SegmentedRaftLogWorker (SegmentedRaftLogWorker.java:<init>(173)) - new a7f943cb-bb18-497b-82a4-8777e8f57d3f@group-CDF3AD41164B-SegmentedRaftLogWorker for RaftStorage:Storage Directory /workdir/hadoop-ozone/integration-test/target/test-dir/MiniOzoneClusterImpl-efe61e54-dcf4-4ce1-9515-f66e262f6b8a/datanode-1/data/ratis/6b9f65ef-38dd-424d-84ee-cdf3ad41164b
2019-10-04 21:46:50,445 [pool-419-thread-1] INFO  server.RaftServerConfigKeys (ConfUtils.java:logGet(43)) - raft.server.log.queue.byte-limit = 2147483647 (custom)
2019-10-04 21:46:50,445 [pool-419-thread-1] INFO  server.RaftServerConfigKeys (ConfUtils.java:logGet(43)) - raft.server.log.queue.element-limit = 1024 (custom)
2019-10-04 21:46:50,445 [pool-419-thread-1] INFO  server.RaftServerConfigKeys (ConfUtils.java:logGet(43)) - raft.server.log.segment.size.max = 1048576 (custom)
2019-10-04 21:46:50,445 [pool-419-thread-1] INFO  server.RaftServerConfigKeys (ConfUtils.java:logGet(43)) - raft.server.log.preallocated.size = 16384 (custom)
2019-10-04 21:46:50,445 [pool-419-thread-1] INFO  server.RaftServerConfigKeys (ConfUtils.java:logGet(43)) - raft.server.log.write.buffer.size = 33554432 (custom)
2019-10-04 21:46:50,446 [pool-419-thread-1] INFO  server.RaftServerConfigKeys (ConfUtils.java:logGet(43)) - raft.server.log.force.sync.num = 128 (default)
2019-10-04 21:46:50,446 [pool-419-thread-1] INFO  server.RaftServerConfigKeys (ConfUtils.java:logGet(43)) - raft.server.log.statemachine.data.sync = true (default)
2019-10-04 21:46:50,446 [pool-419-thread-1] INFO  server.RaftServerConfigKeys (ConfUtils.java:logGet(43)) - raft.server.log.statemachine.data.sync.timeout = 10s (default)
2019-10-04 21:46:50,446 [pool-419-thread-1] INFO  server.RaftServerConfigKeys (ConfUtils.java:logGet(43)) - raft.server.log.statemachine.data.sync.timeout.retry = -1 (default)
2019-10-04 21:46:50,446 [pool-419-thread-1] INFO  server.RaftServerConfigKeys (ConfUtils.java:logGet(43)) - raft.server.log.statemachine.data.caching.enabled = true (custom)
2019-10-04 21:46:50,447 [pool-419-thread-1] INFO  segmented.SegmentedRaftLogWorker (SegmentedRaftLogWorker.java:lambda$new$0(128)) - a7f943cb-bb18-497b-82a4-8777e8f57d3f@group-CDF3AD41164B-SegmentedRaftLogWorker: flushIndex: setUnconditionally 0 -> -1
2019-10-04 21:46:50,447 [pool-419-thread-1] INFO  server.RaftServerConfigKeys (ConfUtils.java:logGet(43)) - raft.server.snapshot.auto.trigger.enabled = true (custom)
2019-10-04 21:46:50,447 [pool-419-thread-1] INFO  server.RaftServerConfigKeys (ConfUtils.java:logGet(43)) - raft.server.snapshot.auto.trigger.threshold = 10000 (custom)
2019-10-04 21:46:50,447 [pool-419-thread-1] INFO  server.RaftServerConfigKeys (ConfUtils.java:logGet(43)) - raft.server.snapshot.retention.file.num = 5 (custom)
2019-10-04 21:46:50,447 [pool-419-thread-1] INFO  server.RaftServerConfigKeys (ConfUtils.java:logGet(43)) - raft.server.retrycache.expirytime = 600000ms (custom)
2019-10-04 21:46:50,449 [pool-419-thread-1] INFO  impl.RaftServerImpl (RaftServerImpl.java:start(181)) - a7f943cb-bb18-497b-82a4-8777e8f57d3f@group-CDF3AD41164B: start as a follower, conf=-1: [a7f943cb-bb18-497b-82a4-8777e8f57d3f:192.168.30.43:46115], old=null
2019-10-04 21:46:50,449 [pool-419-thread-1] INFO  impl.RaftServerImpl (RaftServerImpl.java:setRole(170)) - a7f943cb-bb18-497b-82a4-8777e8f57d3f@group-CDF3AD41164B: changes role from      null to FOLLOWER at term 0 for startAsFollower
2019-10-04 21:46:50,450 [pool-419-thread-1] INFO  impl.RoleInfo (RoleInfo.java:updateAndGet(143)) - a7f943cb-bb18-497b-82a4-8777e8f57d3f: start FollowerState
2019-10-04 21:46:50,450 [pool-419-thread-1] INFO  util.JmxRegister (JmxRegister.java:tryRegister(44)) - Successfully registered JMX Bean with object name Ratis:service=RaftServer,group=group-CDF3AD41164B,id=a7f943cb-bb18-497b-82a4-8777e8f57d3f
2019-10-04 21:46:50,453 [RatisPipelineUtilsThread] INFO  pipeline.PipelineStateManager (PipelineStateManager.java:addPipeline(56)) - Created pipeline Pipeline[ Id: 6b9f65ef-38dd-424d-84ee-cdf3ad41164b, Nodes: a7f943cb-bb18-497b-82a4-8777e8f57d3f{ip: 192.168.30.43, host: pr-hdds-2252-dqfx9-1550151176, networkLocation: /default-rack, certSerialId: null}, Type:RATIS, Factor:ONE, State:OPEN]
2019-10-04 21:46:50,489 [IPC Server handler 5 on 35416] INFO  net.NetworkTopology (NetworkTopologyImpl.java:add(111)) - Added a new node: /default-rack/a87e6d7a-5484-427a-9ae7-491f17ac9191
2019-10-04 21:46:50,489 [IPC Server handler 5 on 35416] INFO  node.SCMNodeManager (SCMNodeManager.java:register(268)) - Registered Data node : a87e6d7a-5484-427a-9ae7-491f17ac9191{ip: 192.168.30.43, host: pr-hdds-2252-dqfx9-1550151176, networkLocation: /default-rack, certSerialId: null}
2019-10-04 21:46:50,511 [grpc-default-executor-6] INFO  impl.RaftServerProxy (RaftServerProxy.java:addNew(89)) - a87e6d7a-5484-427a-9ae7-491f17ac9191: addNew group-A6A144B0810C:[a87e6d7a-5484-427a-9ae7-491f17ac9191:192.168.30.43:36628] returns group-A6A144B0810C:java.util.concurrent.CompletableFuture@1e5408e[Not completed]
2019-10-04 21:46:50,512 [pool-429-thread-1] INFO  impl.RaftServerImpl (RaftServerImpl.java:<init>(95)) - a87e6d7a-5484-427a-9ae7-491f17ac9191: new RaftServerImpl for group-A6A144B0810C:[a87e6d7a-5484-427a-9ae7-491f17ac9191:192.168.30.43:36628] with ContainerStateMachine:uninitialized
2019-10-04 21:46:50,512 [pool-429-thread-1] INFO  server.RaftServerConfigKeys (ConfUtils.java:logGet(43)) - raft.server.rpc.timeout.min = 5s (custom)
2019-10-04 21:46:50,512 [pool-429-thread-1] INFO  server.RaftServerConfigKeys (ConfUtils.java:logGet(43)) - raft.server.rpc.timeout.max = 5200ms (custom)
2019-10-04 21:46:50,512 [pool-429-thread-1] INFO  server.RaftServerConfigKeys (ConfUtils.java:logGet(43)) - raft.server.rpcslowness.timeout = 120s (custom)
2019-10-04 21:46:50,512 [pool-429-thread-1] INFO  server.RaftServerConfigKeys (ConfUtils.java:logGet(43)) - raft.server.sleep.deviation.threshold = 300 (default)
2019-10-04 21:46:50,513 [pool-429-thread-1] INFO  server.RaftServerConfigKeys (ConfUtils.java:logGet(43)) - raft.server.log.appender.install.snapshot.enabled = false (custom)
2019-10-04 21:46:50,513 [pool-429-thread-1] INFO  impl.RaftServerImpl (ServerState.java:<init>(103)) - a87e6d7a-5484-427a-9ae7-491f17ac9191@group-A6A144B0810C: ConfigurationManager, init=-1: [a87e6d7a-5484-427a-9ae7-491f17ac9191:192.168.30.43:36628], old=null, confs=<EMPTY_MAP>
2019-10-04 21:46:50,513 [pool-429-thread-1] INFO  server.RaftServerConfigKeys (ConfUtils.java:logGet(43)) - raft.server.storage.dir = [/workdir/hadoop-ozone/integration-test/target/test-dir/MiniOzoneClusterImpl-efe61e54-dcf4-4ce1-9515-f66e262f6b8a/datanode-2/data/ratis] (custom)
2019-10-04 21:46:50,513 [pool-429-thread-1] INFO  server.RaftServerConfigKeys (ConfUtils.java:logGet(43)) - raft.server.log.corruption.policy = EXCEPTION (default)
2019-10-04 21:46:50,513 [pool-429-thread-1] INFO  storage.RaftStorageDirectory (RaftStorageDirectory.java:analyzeStorage(246)) - The storage directory /workdir/hadoop-ozone/integration-test/target/test-dir/MiniOzoneClusterImpl-efe61e54-dcf4-4ce1-9515-f66e262f6b8a/datanode-2/data/ratis/ab73085d-1419-4cb4-94a3-a6a144b0810c does not exist. Creating ...
2019-10-04 21:46:50,537 [pool-429-thread-1] INFO  storage.RaftStorageDirectory (RaftStorageDirectory.java:tryLock(328)) - Lock on /workdir/hadoop-ozone/integration-test/target/test-dir/MiniOzoneClusterImpl-efe61e54-dcf4-4ce1-9515-f66e262f6b8a/datanode-2/data/ratis/ab73085d-1419-4cb4-94a3-a6a144b0810c/in_use.lock acquired by nodename 17388@pr-hdds-2252-dqfx9-1550151176
2019-10-04 21:46:50,550 [pool-429-thread-1] INFO  storage.RaftStorage (RaftStorage.java:format(84)) - Storage directory /workdir/hadoop-ozone/integration-test/target/test-dir/MiniOzoneClusterImpl-efe61e54-dcf4-4ce1-9515-f66e262f6b8a/datanode-2/data/ratis/ab73085d-1419-4cb4-94a3-a6a144b0810c has been successfully formatted.
2019-10-04 21:46:50,550 [pool-429-thread-1] INFO  ratis.ContainerStateMachine (ContainerStateMachine.java:loadSnapshot(230)) - group-A6A144B0810C: The snapshot info is null. Setting the last applied indexto:(t:0, i:~)
2019-10-04 21:46:50,550 [pool-429-thread-1] INFO  server.RaftServerConfigKeys (ConfUtils.java:logGet(43)) - raft.server.notification.no-leader.timeout = 120s (custom)
2019-10-04 21:46:50,550 [pool-429-thread-1] INFO  server.RaftServerConfigKeys (ConfUtils.java:logGet(43)) - raft.server.log.use.memory = false (default)
2019-10-04 21:46:50,550 [pool-429-thread-1] INFO  server.RaftServerConfigKeys (ConfUtils.java:logGet(43)) - raft.server.log.purge.gap = 1000000 (custom)
2019-10-04 21:46:50,550 [pool-429-thread-1] INFO  server.RaftServerConfigKeys (ConfUtils.java:logGet(43)) - raft.server.log.appender.buffer.byte-limit = 33554432 (custom)
2019-10-04 21:46:50,551 [pool-429-thread-1] INFO  server.RaftServerConfigKeys (ConfUtils.java:logGet(43)) - raft.server.log.segment.size.max = 1048576 (custom)
2019-10-04 21:46:50,552 [pool-429-thread-1] INFO  server.RaftServerConfigKeys (ConfUtils.java:logGet(43)) - raft.server.log.segment.cache.num.max = 2 (custom)
2019-10-04 21:46:50,552 [pool-429-thread-1] INFO  segmented.SegmentedRaftLogWorker (SegmentedRaftLogWorker.java:<init>(173)) - new a87e6d7a-5484-427a-9ae7-491f17ac9191@group-A6A144B0810C-SegmentedRaftLogWorker for RaftStorage:Storage Directory /workdir/hadoop-ozone/integration-test/target/test-dir/MiniOzoneClusterImpl-efe61e54-dcf4-4ce1-9515-f66e262f6b8a/datanode-2/data/ratis/ab73085d-1419-4cb4-94a3-a6a144b0810c
2019-10-04 21:46:50,552 [pool-429-thread-1] INFO  server.RaftServerConfigKeys (ConfUtils.java:logGet(43)) - raft.server.log.queue.byte-limit = 2147483647 (custom)
2019-10-04 21:46:50,552 [pool-429-thread-1] INFO  server.RaftServerConfigKeys (ConfUtils.java:logGet(43)) - raft.server.log.queue.element-limit = 1024 (custom)
2019-10-04 21:46:50,552 [pool-429-thread-1] INFO  server.RaftServerConfigKeys (ConfUtils.java:logGet(43)) - raft.server.log.segment.size.max = 1048576 (custom)
2019-10-04 21:46:50,552 [pool-429-thread-1] INFO  server.RaftServerConfigKeys (ConfUtils.java:logGet(43)) - raft.server.log.preallocated.size = 16384 (custom)
2019-10-04 21:46:50,552 [pool-429-thread-1] INFO  server.RaftServerConfigKeys (ConfUtils.java:logGet(43)) - raft.server.log.write.buffer.size = 33554432 (custom)
2019-10-04 21:46:50,553 [pool-429-thread-1] INFO  server.RaftServerConfigKeys (ConfUtils.java:logGet(43)) - raft.server.log.force.sync.num = 128 (default)
2019-10-04 21:46:50,553 [pool-429-thread-1] INFO  server.RaftServerConfigKeys (ConfUtils.java:logGet(43)) - raft.server.log.statemachine.data.sync = true (default)
2019-10-04 21:46:50,553 [pool-429-thread-1] INFO  server.RaftServerConfigKeys (ConfUtils.java:logGet(43)) - raft.server.log.statemachine.data.sync.timeout = 10s (default)
2019-10-04 21:46:50,553 [pool-429-thread-1] INFO  server.RaftServerConfigKeys (ConfUtils.java:logGet(43)) - raft.server.log.statemachine.data.sync.timeout.retry = -1 (default)
2019-10-04 21:46:50,553 [pool-429-thread-1] INFO  server.RaftServerConfigKeys (ConfUtils.java:logGet(43)) - raft.server.log.statemachine.data.caching.enabled = true (custom)
2019-10-04 21:46:50,553 [pool-429-thread-1] INFO  segmented.SegmentedRaftLogWorker (SegmentedRaftLogWorker.java:lambda$new$0(128)) - a87e6d7a-5484-427a-9ae7-491f17ac9191@group-A6A144B0810C-SegmentedRaftLogWorker: flushIndex: setUnconditionally 0 -> -1
2019-10-04 21:46:50,554 [pool-429-thread-1] INFO  server.RaftServerConfigKeys (ConfUtils.java:logGet(43)) - raft.server.snapshot.auto.trigger.enabled = true (custom)
2019-10-04 21:46:50,554 [pool-429-thread-1] INFO  server.RaftServerConfigKeys (ConfUtils.java:logGet(43)) - raft.server.snapshot.auto.trigger.threshold = 10000 (custom)
2019-10-04 21:46:50,554 [pool-429-thread-1] INFO  server.RaftServerConfigKeys (ConfUtils.java:logGet(43)) - raft.server.snapshot.retention.file.num = 5 (custom)
2019-10-04 21:46:50,554 [pool-429-thread-1] INFO  server.RaftServerConfigKeys (ConfUtils.java:logGet(43)) - raft.server.retrycache.expirytime = 600000ms (custom)
2019-10-04 21:46:50,555 [pool-429-thread-1] INFO  impl.RaftServerImpl (RaftServerImpl.java:start(181)) - a87e6d7a-5484-427a-9ae7-491f17ac9191@group-A6A144B0810C: start as a follower, conf=-1: [a87e6d7a-5484-427a-9ae7-491f17ac9191:192.168.30.43:36628], old=null
2019-10-04 21:46:50,555 [pool-429-thread-1] INFO  impl.RaftServerImpl (RaftServerImpl.java:setRole(170)) - a87e6d7a-5484-427a-9ae7-491f17ac9191@group-A6A144B0810C: changes role from      null to FOLLOWER at term 0 for startAsFollower
2019-10-04 21:46:50,555 [pool-429-thread-1] INFO  impl.RoleInfo (RoleInfo.java:updateAndGet(143)) - a87e6d7a-5484-427a-9ae7-491f17ac9191: start FollowerState
2019-10-04 21:46:50,556 [pool-429-thread-1] INFO  util.JmxRegister (JmxRegister.java:tryRegister(44)) - Successfully registered JMX Bean with object name Ratis:service=RaftServer,group=group-A6A144B0810C,id=a87e6d7a-5484-427a-9ae7-491f17ac9191
2019-10-04 21:46:50,559 [RatisPipelineUtilsThread] INFO  pipeline.PipelineStateManager (PipelineStateManager.java:addPipeline(56)) - Created pipeline Pipeline[ Id: ab73085d-1419-4cb4-94a3-a6a144b0810c, Nodes: a87e6d7a-5484-427a-9ae7-491f17ac9191{ip: 192.168.30.43, host: pr-hdds-2252-dqfx9-1550151176, networkLocation: /default-rack, certSerialId: null}, Type:RATIS, Factor:ONE, State:OPEN]
2019-10-04 21:46:50,560 [IPC Server handler 4 on 35416] INFO  net.NetworkTopology (NetworkTopologyImpl.java:add(111)) - Added a new node: /default-rack/2a7cbac8-731e-4451-bef1-f907eaf770d2
2019-10-04 21:46:50,560 [IPC Server handler 4 on 35416] INFO  node.SCMNodeManager (SCMNodeManager.java:register(268)) - Registered Data node : 2a7cbac8-731e-4451-bef1-f907eaf770d2{ip: 192.168.30.43, host: pr-hdds-2252-dqfx9-1550151176, networkLocation: /default-rack, certSerialId: null}
2019-10-04 21:46:50,569 [grpc-default-executor-8] INFO  impl.RaftServerProxy (RaftServerProxy.java:addNew(89)) - a7f943cb-bb18-497b-82a4-8777e8f57d3f: addNew group-60F3F1E77BEB:[a87e6d7a-5484-427a-9ae7-491f17ac9191:192.168.30.43:36628, a7f943cb-bb18-497b-82a4-8777e8f57d3f:192.168.30.43:46115, b7267918-c736-4221-b207-45a52eb765d9:192.168.30.43:40328] returns group-60F3F1E77BEB:java.util.concurrent.CompletableFuture@250e3e87[Not completed]
2019-10-04 21:46:50,569 [grpc-default-executor-6] INFO  impl.RaftServerProxy (RaftServerProxy.java:addNew(89)) - a87e6d7a-5484-427a-9ae7-491f17ac9191: addNew group-60F3F1E77BEB:[a87e6d7a-5484-427a-9ae7-491f17ac9191:192.168.30.43:36628, a7f943cb-bb18-497b-82a4-8777e8f57d3f:192.168.30.43:46115, b7267918-c736-4221-b207-45a52eb765d9:192.168.30.43:40328] returns group-60F3F1E77BEB:java.util.concurrent.CompletableFuture@a469cab[Not completed]
2019-10-04 21:46:50,570 [grpc-default-executor-6] INFO  impl.RaftServerProxy (RaftServerProxy.java:addNew(89)) - b7267918-c736-4221-b207-45a52eb765d9: addNew group-60F3F1E77BEB:[a87e6d7a-5484-427a-9ae7-491f17ac9191:192.168.30.43:36628, a7f943cb-bb18-497b-82a4-8777e8f57d3f:192.168.30.43:46115, b7267918-c736-4221-b207-45a52eb765d9:192.168.30.43:40328] returns group-60F3F1E77BEB:java.util.concurrent.CompletableFuture@218c4c5d[Not completed]
2019-10-04 21:46:50,570 [pool-419-thread-1] INFO  impl.RaftServerImpl (RaftServerImpl.java:<init>(95)) - a7f943cb-bb18-497b-82a4-8777e8f57d3f: new RaftServerImpl for group-60F3F1E77BEB:[a87e6d7a-5484-427a-9ae7-491f17ac9191:192.168.30.43:36628, a7f943cb-bb18-497b-82a4-8777e8f57d3f:192.168.30.43:46115, b7267918-c736-4221-b207-45a52eb765d9:192.168.30.43:40328] with ContainerStateMachine:uninitialized
2019-10-04 21:46:50,570 [pool-419-thread-1] INFO  server.RaftServerConfigKeys (ConfUtils.java:logGet(43)) - raft.server.rpc.timeout.min = 5s (custom)
2019-10-04 21:46:50,570 [pool-419-thread-1] INFO  server.RaftServerConfigKeys (ConfUtils.java:logGet(43)) - raft.server.rpc.timeout.max = 5200ms (custom)
2019-10-04 21:46:50,571 [pool-409-thread-1] INFO  impl.RaftServerImpl (RaftServerImpl.java:<init>(95)) - b7267918-c736-4221-b207-45a52eb765d9: new RaftServerImpl for group-60F3F1E77BEB:[a87e6d7a-5484-427a-9ae7-491f17ac9191:192.168.30.43:36628, a7f943cb-bb18-497b-82a4-8777e8f57d3f:192.168.30.43:46115, b7267918-c736-4221-b207-45a52eb765d9:192.168.30.43:40328] with ContainerStateMachine:uninitialized
2019-10-04 21:46:50,571 [pool-419-thread-1] INFO  server.RaftServerConfigKeys (ConfUtils.java:logGet(43)) - raft.server.rpcslowness.timeout = 120s (custom)
2019-10-04 21:46:50,571 [pool-409-thread-1] INFO  server.RaftServerConfigKeys (ConfUtils.java:logGet(43)) - raft.server.rpc.timeout.min = 5s (custom)
2019-10-04 21:46:50,571 [pool-419-thread-1] INFO  server.RaftServerConfigKeys (ConfUtils.java:logGet(43)) - raft.server.sleep.deviation.threshold = 300 (default)
2019-10-04 21:46:50,571 [pool-409-thread-1] INFO  server.RaftServerConfigKeys (ConfUtils.java:logGet(43)) - raft.server.rpc.timeout.max = 5200ms (custom)
2019-10-04 21:46:50,571 [pool-419-thread-1] INFO  server.RaftServerConfigKeys (ConfUtils.java:logGet(43)) - raft.server.log.appender.install.snapshot.enabled = false (custom)
2019-10-04 21:46:50,571 [pool-409-thread-1] INFO  server.RaftServerConfigKeys (ConfUtils.java:logGet(43)) - raft.server.rpcslowness.timeout = 120s (custom)
2019-10-04 21:46:50,571 [pool-419-thread-1] INFO  impl.RaftServerImpl (ServerState.java:<init>(103)) - a7f943cb-bb18-497b-82a4-8777e8f57d3f@group-60F3F1E77BEB: ConfigurationManager, init=-1: [a87e6d7a-5484-427a-9ae7-491f17ac9191:192.168.30.43:36628, a7f943cb-bb18-497b-82a4-8777e8f57d3f:192.168.30.43:46115, b7267918-c736-4221-b207-45a52eb765d9:192.168.30.43:40328], old=null, confs=<EMPTY_MAP>
2019-10-04 21:46:50,571 [pool-429-thread-1] INFO  impl.RaftServerImpl (RaftServerImpl.java:<init>(95)) - a87e6d7a-5484-427a-9ae7-491f17ac9191: new RaftServerImpl for group-60F3F1E77BEB:[a87e6d7a-5484-427a-9ae7-491f17ac9191:192.168.30.43:36628, a7f943cb-bb18-497b-82a4-8777e8f57d3f:192.168.30.43:46115, b7267918-c736-4221-b207-45a52eb765d9:192.168.30.43:40328] with ContainerStateMachine:uninitialized
2019-10-04 21:46:50,572 [pool-419-thread-1] INFO  server.RaftServerConfigKeys (ConfUtils.java:logGet(43)) - raft.server.storage.dir = [/workdir/hadoop-ozone/integration-test/target/test-dir/MiniOzoneClusterImpl-efe61e54-dcf4-4ce1-9515-f66e262f6b8a/datanode-1/data/ratis] (custom)
2019-10-04 21:46:50,571 [pool-409-thread-1] INFO  server.RaftServerConfigKeys (ConfUtils.java:logGet(43)) - raft.server.sleep.deviation.threshold = 300 (default)
2019-10-04 21:46:50,572 [pool-429-thread-1] INFO  server.RaftServerConfigKeys (ConfUtils.java:logGet(43)) - raft.server.rpc.timeout.min = 5s (custom)
2019-10-04 21:46:50,572 [pool-419-thread-1] INFO  server.RaftServerConfigKeys (ConfUtils.java:logGet(43)) - raft.server.log.corruption.policy = EXCEPTION (default)
2019-10-04 21:46:50,572 [pool-409-thread-1] INFO  server.RaftServerConfigKeys (ConfUtils.java:logGet(43)) - raft.server.log.appender.install.snapshot.enabled = false (custom)
2019-10-04 21:46:50,572 [pool-419-thread-1] INFO  storage.RaftStorageDirectory (RaftStorageDirectory.java:analyzeStorage(246)) - The storage directory /workdir/hadoop-ozone/integration-test/target/test-dir/MiniOzoneClusterImpl-efe61e54-dcf4-4ce1-9515-f66e262f6b8a/datanode-1/data/ratis/fd3b3ee0-dbfd-4763-96f5-60f3f1e77beb does not exist. Creating ...
2019-10-04 21:46:50,572 [pool-429-thread-1] INFO  server.RaftServerConfigKeys (ConfUtils.java:logGet(43)) - raft.server.rpc.timeout.max = 5200ms (custom)
2019-10-04 21:46:50,572 [pool-409-thread-1] INFO  impl.RaftServerImpl (ServerState.java:<init>(103)) - b7267918-c736-4221-b207-45a52eb765d9@group-60F3F1E77BEB: ConfigurationManager, init=-1: [a87e6d7a-5484-427a-9ae7-491f17ac9191:192.168.30.43:36628, a7f943cb-bb18-497b-82a4-8777e8f57d3f:192.168.30.43:46115, b7267918-c736-4221-b207-45a52eb765d9:192.168.30.43:40328], old=null, confs=<EMPTY_MAP>
2019-10-04 21:46:50,572 [pool-409-thread-1] INFO  server.RaftServerConfigKeys (ConfUtils.java:logGet(43)) - raft.server.storage.dir = [/workdir/hadoop-ozone/integration-test/target/test-dir/MiniOzoneClusterImpl-efe61e54-dcf4-4ce1-9515-f66e262f6b8a/datanode-0/data/ratis] (custom)
2019-10-04 21:46:50,573 [pool-429-thread-1] INFO  server.RaftServerConfigKeys (ConfUtils.java:logGet(43)) - raft.server.rpcslowness.timeout = 120s (custom)
2019-10-04 21:46:50,573 [pool-409-thread-1] INFO  server.RaftServerConfigKeys (ConfUtils.java:logGet(43)) - raft.server.log.corruption.policy = EXCEPTION (default)
2019-10-04 21:46:50,573 [pool-429-thread-1] INFO  server.RaftServerConfigKeys (ConfUtils.java:logGet(43)) - raft.server.sleep.deviation.threshold = 300 (default)
2019-10-04 21:46:50,573 [pool-409-thread-1] INFO  storage.RaftStorageDirectory (RaftStorageDirectory.java:analyzeStorage(246)) - The storage directory /workdir/hadoop-ozone/integration-test/target/test-dir/MiniOzoneClusterImpl-efe61e54-dcf4-4ce1-9515-f66e262f6b8a/datanode-0/data/ratis/fd3b3ee0-dbfd-4763-96f5-60f3f1e77beb does not exist. Creating ...
2019-10-04 21:46:50,573 [pool-429-thread-1] INFO  server.RaftServerConfigKeys (ConfUtils.java:logGet(43)) - raft.server.log.appender.install.snapshot.enabled = false (custom)
2019-10-04 21:46:50,573 [pool-429-thread-1] INFO  impl.RaftServerImpl (ServerState.java:<init>(103)) - a87e6d7a-5484-427a-9ae7-491f17ac9191@group-60F3F1E77BEB: ConfigurationManager, init=-1: [a87e6d7a-5484-427a-9ae7-491f17ac9191:192.168.30.43:36628, a7f943cb-bb18-497b-82a4-8777e8f57d3f:192.168.30.43:46115, b7267918-c736-4221-b207-45a52eb765d9:192.168.30.43:40328], old=null, confs=<EMPTY_MAP>
2019-10-04 21:46:50,573 [pool-429-thread-1] INFO  server.RaftServerConfigKeys (ConfUtils.java:logGet(43)) - raft.server.storage.dir = [/workdir/hadoop-ozone/integration-test/target/test-dir/MiniOzoneClusterImpl-efe61e54-dcf4-4ce1-9515-f66e262f6b8a/datanode-2/data/ratis] (custom)
2019-10-04 21:46:50,574 [pool-429-thread-1] INFO  server.RaftServerConfigKeys (ConfUtils.java:logGet(43)) - raft.server.log.corruption.policy = EXCEPTION (default)
2019-10-04 21:46:50,574 [pool-429-thread-1] INFO  storage.RaftStorageDirectory (RaftStorageDirectory.java:analyzeStorage(246)) - The storage directory /workdir/hadoop-ozone/integration-test/target/test-dir/MiniOzoneClusterImpl-efe61e54-dcf4-4ce1-9515-f66e262f6b8a/datanode-2/data/ratis/fd3b3ee0-dbfd-4763-96f5-60f3f1e77beb does not exist. Creating ...
2019-10-04 21:46:50,586 [pool-409-thread-1] INFO  storage.RaftStorageDirectory (RaftStorageDirectory.java:tryLock(328)) - Lock on /workdir/hadoop-ozone/integration-test/target/test-dir/MiniOzoneClusterImpl-efe61e54-dcf4-4ce1-9515-f66e262f6b8a/datanode-0/data/ratis/fd3b3ee0-dbfd-4763-96f5-60f3f1e77beb/in_use.lock acquired by nodename 17388@pr-hdds-2252-dqfx9-1550151176
2019-10-04 21:46:50,586 [pool-429-thread-1] INFO  storage.RaftStorageDirectory (RaftStorageDirectory.java:tryLock(328)) - Lock on /workdir/hadoop-ozone/integration-test/target/test-dir/MiniOzoneClusterImpl-efe61e54-dcf4-4ce1-9515-f66e262f6b8a/datanode-2/data/ratis/fd3b3ee0-dbfd-4763-96f5-60f3f1e77beb/in_use.lock acquired by nodename 17388@pr-hdds-2252-dqfx9-1550151176
2019-10-04 21:46:50,586 [pool-419-thread-1] INFO  storage.RaftStorageDirectory (RaftStorageDirectory.java:tryLock(328)) - Lock on /workdir/hadoop-ozone/integration-test/target/test-dir/MiniOzoneClusterImpl-efe61e54-dcf4-4ce1-9515-f66e262f6b8a/datanode-1/data/ratis/fd3b3ee0-dbfd-4763-96f5-60f3f1e77beb/in_use.lock acquired by nodename 17388@pr-hdds-2252-dqfx9-1550151176
2019-10-04 21:46:50,599 [pool-409-thread-1] INFO  storage.RaftStorage (RaftStorage.java:format(84)) - Storage directory /workdir/hadoop-ozone/integration-test/target/test-dir/MiniOzoneClusterImpl-efe61e54-dcf4-4ce1-9515-f66e262f6b8a/datanode-0/data/ratis/fd3b3ee0-dbfd-4763-96f5-60f3f1e77beb has been successfully formatted.
2019-10-04 21:46:50,599 [pool-429-thread-1] INFO  storage.RaftStorage (RaftStorage.java:format(84)) - Storage directory /workdir/hadoop-ozone/integration-test/target/test-dir/MiniOzoneClusterImpl-efe61e54-dcf4-4ce1-9515-f66e262f6b8a/datanode-2/data/ratis/fd3b3ee0-dbfd-4763-96f5-60f3f1e77beb has been successfully formatted.
2019-10-04 21:46:50,599 [pool-419-thread-1] INFO  storage.RaftStorage (RaftStorage.java:format(84)) - Storage directory /workdir/hadoop-ozone/integration-test/target/test-dir/MiniOzoneClusterImpl-efe61e54-dcf4-4ce1-9515-f66e262f6b8a/datanode-1/data/ratis/fd3b3ee0-dbfd-4763-96f5-60f3f1e77beb has been successfully formatted.
2019-10-04 21:46:50,599 [pool-409-thread-1] INFO  ratis.ContainerStateMachine (ContainerStateMachine.java:loadSnapshot(230)) - group-60F3F1E77BEB: The snapshot info is null. Setting the last applied indexto:(t:0, i:~)
2019-10-04 21:46:50,599 [pool-419-thread-1] INFO  ratis.ContainerStateMachine (ContainerStateMachine.java:loadSnapshot(230)) - group-60F3F1E77BEB: The snapshot info is null. Setting the last applied indexto:(t:0, i:~)
2019-10-04 21:46:50,599 [pool-429-thread-1] INFO  ratis.ContainerStateMachine (ContainerStateMachine.java:loadSnapshot(230)) - group-60F3F1E77BEB: The snapshot info is null. Setting the last applied indexto:(t:0, i:~)
2019-10-04 21:46:50,600 [pool-419-thread-1] INFO  server.RaftServerConfigKeys (ConfUtils.java:logGet(43)) - raft.server.notification.no-leader.timeout = 120s (custom)
2019-10-04 21:46:50,599 [pool-409-thread-1] INFO  server.RaftServerConfigKeys (ConfUtils.java:logGet(43)) - raft.server.notification.no-leader.timeout = 120s (custom)
2019-10-04 21:46:50,600 [pool-419-thread-1] INFO  server.RaftServerConfigKeys (ConfUtils.java:logGet(43)) - raft.server.log.use.memory = false (default)
2019-10-04 21:46:50,600 [pool-429-thread-1] INFO  server.RaftServerConfigKeys (ConfUtils.java:logGet(43)) - raft.server.notification.no-leader.timeout = 120s (custom)
2019-10-04 21:46:50,600 [pool-419-thread-1] INFO  server.RaftServerConfigKeys (ConfUtils.java:logGet(43)) - raft.server.log.purge.gap = 1000000 (custom)
2019-10-04 21:46:50,600 [pool-409-thread-1] INFO  server.RaftServerConfigKeys (ConfUtils.java:logGet(43)) - raft.server.log.use.memory = false (default)
2019-10-04 21:46:50,600 [pool-419-thread-1] INFO  server.RaftServerConfigKeys (ConfUtils.java:logGet(43)) - raft.server.log.appender.buffer.byte-limit = 33554432 (custom)
2019-10-04 21:46:50,600 [pool-429-thread-1] INFO  server.RaftServerConfigKeys (ConfUtils.java:logGet(43)) - raft.server.log.use.memory = false (default)
2019-10-04 21:46:50,601 [pool-419-thread-1] INFO  server.RaftServerConfigKeys (ConfUtils.java:logGet(43)) - raft.server.log.segment.size.max = 1048576 (custom)
2019-10-04 21:46:50,600 [pool-409-thread-1] INFO  server.RaftServerConfigKeys (ConfUtils.java:logGet(43)) - raft.server.log.purge.gap = 1000000 (custom)
2019-10-04 21:46:50,601 [pool-419-thread-1] INFO  server.RaftServerConfigKeys (ConfUtils.java:logGet(43)) - raft.server.log.segment.cache.num.max = 2 (custom)
2019-10-04 21:46:50,601 [pool-419-thread-1] INFO  segmented.SegmentedRaftLogWorker (SegmentedRaftLogWorker.java:<init>(173)) - new a7f943cb-bb18-497b-82a4-8777e8f57d3f@group-60F3F1E77BEB-SegmentedRaftLogWorker for RaftStorage:Storage Directory /workdir/hadoop-ozone/integration-test/target/test-dir/MiniOzoneClusterImpl-efe61e54-dcf4-4ce1-9515-f66e262f6b8a/datanode-1/data/ratis/fd3b3ee0-dbfd-4763-96f5-60f3f1e77beb
2019-10-04 21:46:50,601 [pool-429-thread-1] INFO  server.RaftServerConfigKeys (ConfUtils.java:logGet(43)) - raft.server.log.purge.gap = 1000000 (custom)
2019-10-04 21:46:50,601 [pool-419-thread-1] INFO  server.RaftServerConfigKeys (ConfUtils.java:logGet(43)) - raft.server.log.queue.byte-limit = 2147483647 (custom)
2019-10-04 21:46:50,601 [pool-409-thread-1] INFO  server.RaftServerConfigKeys (ConfUtils.java:logGet(43)) - raft.server.log.appender.buffer.byte-limit = 33554432 (custom)
2019-10-04 21:46:50,601 [pool-419-thread-1] INFO  server.RaftServerConfigKeys (ConfUtils.java:logGet(43)) - raft.server.log.queue.element-limit = 1024 (custom)
2019-10-04 21:46:50,601 [pool-429-thread-1] INFO  server.RaftServerConfigKeys (ConfUtils.java:logGet(43)) - raft.server.log.appender.buffer.byte-limit = 33554432 (custom)
2019-10-04 21:46:50,602 [pool-419-thread-1] INFO  server.RaftServerConfigKeys (ConfUtils.java:logGet(43)) - raft.server.log.segment.size.max = 1048576 (custom)
2019-10-04 21:46:50,602 [pool-409-thread-1] INFO  server.RaftServerConfigKeys (ConfUtils.java:logGet(43)) - raft.server.log.segment.size.max = 1048576 (custom)
2019-10-04 21:46:50,602 [pool-419-thread-1] INFO  server.RaftServerConfigKeys (ConfUtils.java:logGet(43)) - raft.server.log.preallocated.size = 16384 (custom)
2019-10-04 21:46:50,602 [pool-429-thread-1] INFO  server.RaftServerConfigKeys (ConfUtils.java:logGet(43)) - raft.server.log.segment.size.max = 1048576 (custom)
2019-10-04 21:46:50,602 [pool-419-thread-1] INFO  server.RaftServerConfigKeys (ConfUtils.java:logGet(43)) - raft.server.log.write.buffer.size = 33554432 (custom)
2019-10-04 21:46:50,602 [pool-409-thread-1] INFO  server.RaftServerConfigKeys (ConfUtils.java:logGet(43)) - raft.server.log.segment.cache.num.max = 2 (custom)
2019-10-04 21:46:50,602 [pool-419-thread-1] INFO  server.RaftServerConfigKeys (ConfUtils.java:logGet(43)) - raft.server.log.force.sync.num = 128 (default)
2019-10-04 21:46:50,602 [pool-429-thread-1] INFO  server.RaftServerConfigKeys (ConfUtils.java:logGet(43)) - raft.server.log.segment.cache.num.max = 2 (custom)
2019-10-04 21:46:50,603 [pool-419-thread-1] INFO  server.RaftServerConfigKeys (ConfUtils.java:logGet(43)) - raft.server.log.statemachine.data.sync = true (default)
2019-10-04 21:46:50,603 [pool-409-thread-1] INFO  segmented.SegmentedRaftLogWorker (SegmentedRaftLogWorker.java:<init>(173)) - new b7267918-c736-4221-b207-45a52eb765d9@group-60F3F1E77BEB-SegmentedRaftLogWorker for RaftStorage:Storage Directory /workdir/hadoop-ozone/integration-test/target/test-dir/MiniOzoneClusterImpl-efe61e54-dcf4-4ce1-9515-f66e262f6b8a/datanode-0/data/ratis/fd3b3ee0-dbfd-4763-96f5-60f3f1e77beb
2019-10-04 21:46:50,603 [pool-419-thread-1] INFO  server.RaftServerConfigKeys (ConfUtils.java:logGet(43)) - raft.server.log.statemachine.data.sync.timeout = 10s (default)
2019-10-04 21:46:50,603 [pool-429-thread-1] INFO  segmented.SegmentedRaftLogWorker (SegmentedRaftLogWorker.java:<init>(173)) - new a87e6d7a-5484-427a-9ae7-491f17ac9191@group-60F3F1E77BEB-SegmentedRaftLogWorker for RaftStorage:Storage Directory /workdir/hadoop-ozone/integration-test/target/test-dir/MiniOzoneClusterImpl-efe61e54-dcf4-4ce1-9515-f66e262f6b8a/datanode-2/data/ratis/fd3b3ee0-dbfd-4763-96f5-60f3f1e77beb
2019-10-04 21:46:50,603 [pool-419-thread-1] INFO  server.RaftServerConfigKeys (ConfUtils.java:logGet(43)) - raft.server.log.statemachine.data.sync.timeout.retry = -1 (default)
2019-10-04 21:46:50,603 [pool-409-thread-1] INFO  server.RaftServerConfigKeys (ConfUtils.java:logGet(43)) - raft.server.log.queue.byte-limit = 2147483647 (custom)
2019-10-04 21:46:50,603 [pool-419-thread-1] INFO  server.RaftServerConfigKeys (ConfUtils.java:logGet(43)) - raft.server.log.statemachine.data.caching.enabled = true (custom)
2019-10-04 21:46:50,603 [pool-429-thread-1] INFO  server.RaftServerConfigKeys (ConfUtils.java:logGet(43)) - raft.server.log.queue.byte-limit = 2147483647 (custom)
2019-10-04 21:46:50,603 [pool-409-thread-1] INFO  server.RaftServerConfigKeys (ConfUtils.java:logGet(43)) - raft.server.log.queue.element-limit = 1024 (custom)
2019-10-04 21:46:50,604 [pool-429-thread-1] INFO  server.RaftServerConfigKeys (ConfUtils.java:logGet(43)) - raft.server.log.queue.element-limit = 1024 (custom)
2019-10-04 21:46:50,604 [pool-419-thread-1] INFO  segmented.SegmentedRaftLogWorker (SegmentedRaftLogWorker.java:lambda$new$0(128)) - a7f943cb-bb18-497b-82a4-8777e8f57d3f@group-60F3F1E77BEB-SegmentedRaftLogWorker: flushIndex: setUnconditionally 0 -> -1
2019-10-04 21:46:50,604 [pool-429-thread-1] INFO  server.RaftServerConfigKeys (ConfUtils.java:logGet(43)) - raft.server.log.segment.size.max = 1048576 (custom)
2019-10-04 21:46:50,604 [pool-409-thread-1] INFO  server.RaftServerConfigKeys (ConfUtils.java:logGet(43)) - raft.server.log.segment.size.max = 1048576 (custom)
2019-10-04 21:46:50,604 [pool-419-thread-1] INFO  server.RaftServerConfigKeys (ConfUtils.java:logGet(43)) - raft.server.snapshot.auto.trigger.enabled = true (custom)
2019-10-04 21:46:50,604 [pool-429-thread-1] INFO  server.RaftServerConfigKeys (ConfUtils.java:logGet(43)) - raft.server.log.preallocated.size = 16384 (custom)
2019-10-04 21:46:50,604 [pool-419-thread-1] INFO  server.RaftServerConfigKeys (ConfUtils.java:logGet(43)) - raft.server.snapshot.auto.trigger.threshold = 10000 (custom)
2019-10-04 21:46:50,604 [pool-409-thread-1] INFO  server.RaftServerConfigKeys (ConfUtils.java:logGet(43)) - raft.server.log.preallocated.size = 16384 (custom)
2019-10-04 21:46:50,605 [pool-419-thread-1] INFO  server.RaftServerConfigKeys (ConfUtils.java:logGet(43)) - raft.server.snapshot.retention.file.num = 5 (custom)
2019-10-04 21:46:50,605 [pool-429-thread-1] INFO  server.RaftServerConfigKeys (ConfUtils.java:logGet(43)) - raft.server.log.write.buffer.size = 33554432 (custom)
2019-10-04 21:46:50,605 [pool-419-thread-1] INFO  server.RaftServerConfigKeys (ConfUtils.java:logGet(43)) - raft.server.retrycache.expirytime = 600000ms (custom)
2019-10-04 21:46:50,605 [pool-409-thread-1] INFO  server.RaftServerConfigKeys (ConfUtils.java:logGet(43)) - raft.server.log.write.buffer.size = 33554432 (custom)
2019-10-04 21:46:50,605 [pool-429-thread-1] INFO  server.RaftServerConfigKeys (ConfUtils.java:logGet(43)) - raft.server.log.force.sync.num = 128 (default)
2019-10-04 21:46:50,605 [pool-409-thread-1] INFO  server.RaftServerConfigKeys (ConfUtils.java:logGet(43)) - raft.server.log.force.sync.num = 128 (default)
2019-10-04 21:46:50,605 [pool-429-thread-1] INFO  server.RaftServerConfigKeys (ConfUtils.java:logGet(43)) - raft.server.log.statemachine.data.sync = true (default)
2019-10-04 21:46:50,606 [pool-409-thread-1] INFO  server.RaftServerConfigKeys (ConfUtils.java:logGet(43)) - raft.server.log.statemachine.data.sync = true (default)
2019-10-04 21:46:50,606 [pool-429-thread-1] INFO  server.RaftServerConfigKeys (ConfUtils.java:logGet(43)) - raft.server.log.statemachine.data.sync.timeout = 10s (default)
2019-10-04 21:46:50,606 [pool-409-thread-1] INFO  server.RaftServerConfigKeys (ConfUtils.java:logGet(43)) - raft.server.log.statemachine.data.sync.timeout = 10s (default)
2019-10-04 21:46:50,606 [pool-429-thread-1] INFO  server.RaftServerConfigKeys (ConfUtils.java:logGet(43)) - raft.server.log.statemachine.data.sync.timeout.retry = -1 (default)
2019-10-04 21:46:50,606 [pool-409-thread-1] INFO  server.RaftServerConfigKeys (ConfUtils.java:logGet(43)) - raft.server.log.statemachine.data.sync.timeout.retry = -1 (default)
2019-10-04 21:46:50,606 [pool-429-thread-1] INFO  server.RaftServerConfigKeys (ConfUtils.java:logGet(43)) - raft.server.log.statemachine.data.caching.enabled = true (custom)
2019-10-04 21:46:50,606 [pool-409-thread-1] INFO  server.RaftServerConfigKeys (ConfUtils.java:logGet(43)) - raft.server.log.statemachine.data.caching.enabled = true (custom)
2019-10-04 21:46:50,607 [pool-429-thread-1] INFO  segmented.SegmentedRaftLogWorker (SegmentedRaftLogWorker.java:lambda$new$0(128)) - a87e6d7a-5484-427a-9ae7-491f17ac9191@group-60F3F1E77BEB-SegmentedRaftLogWorker: flushIndex: setUnconditionally 0 -> -1
2019-10-04 21:46:50,607 [pool-409-thread-1] INFO  segmented.SegmentedRaftLogWorker (SegmentedRaftLogWorker.java:lambda$new$0(128)) - b7267918-c736-4221-b207-45a52eb765d9@group-60F3F1E77BEB-SegmentedRaftLogWorker: flushIndex: setUnconditionally 0 -> -1
2019-10-04 21:46:50,607 [pool-429-thread-1] INFO  server.RaftServerConfigKeys (ConfUtils.java:logGet(43)) - raft.server.snapshot.auto.trigger.enabled = true (custom)
2019-10-04 21:46:50,607 [pool-429-thread-1] INFO  server.RaftServerConfigKeys (ConfUtils.java:logGet(43)) - raft.server.snapshot.auto.trigger.threshold = 10000 (custom)
2019-10-04 21:46:50,607 [pool-409-thread-1] INFO  server.RaftServerConfigKeys (ConfUtils.java:logGet(43)) - raft.server.snapshot.auto.trigger.enabled = true (custom)
2019-10-04 21:46:50,607 [pool-419-thread-1] INFO  impl.RaftServerImpl (RaftServerImpl.java:start(181)) - a7f943cb-bb18-497b-82a4-8777e8f57d3f@group-60F3F1E77BEB: start as a follower, conf=-1: [a87e6d7a-5484-427a-9ae7-491f17ac9191:192.168.30.43:36628, a7f943cb-bb18-497b-82a4-8777e8f57d3f:192.168.30.43:46115, b7267918-c736-4221-b207-45a52eb765d9:192.168.30.43:40328], old=null
2019-10-04 21:46:50,607 [pool-409-thread-1] INFO  server.RaftServerConfigKeys (ConfUtils.java:logGet(43)) - raft.server.snapshot.auto.trigger.threshold = 10000 (custom)
2019-10-04 21:46:50,607 [pool-429-thread-1] INFO  server.RaftServerConfigKeys (ConfUtils.java:logGet(43)) - raft.server.snapshot.retention.file.num = 5 (custom)
2019-10-04 21:46:50,607 [pool-409-thread-1] INFO  server.RaftServerConfigKeys (ConfUtils.java:logGet(43)) - raft.server.snapshot.retention.file.num = 5 (custom)
2019-10-04 21:46:50,607 [pool-419-thread-1] INFO  impl.RaftServerImpl (RaftServerImpl.java:setRole(170)) - a7f943cb-bb18-497b-82a4-8777e8f57d3f@group-60F3F1E77BEB: changes role from      null to FOLLOWER at term 0 for startAsFollower
2019-10-04 21:46:50,608 [pool-409-thread-1] INFO  server.RaftServerConfigKeys (ConfUtils.java:logGet(43)) - raft.server.retrycache.expirytime = 600000ms (custom)
2019-10-04 21:46:50,608 [pool-429-thread-1] INFO  server.RaftServerConfigKeys (ConfUtils.java:logGet(43)) - raft.server.retrycache.expirytime = 600000ms (custom)
2019-10-04 21:46:50,608 [pool-419-thread-1] INFO  impl.RoleInfo (RoleInfo.java:updateAndGet(143)) - a7f943cb-bb18-497b-82a4-8777e8f57d3f: start FollowerState
2019-10-04 21:46:50,618 [pool-419-thread-1] INFO  util.JmxRegister (JmxRegister.java:tryRegister(44)) - Successfully registered JMX Bean with object name Ratis:service=RaftServer,group=group-60F3F1E77BEB,id=a7f943cb-bb18-497b-82a4-8777e8f57d3f
2019-10-04 21:46:50,620 [pool-409-thread-1] INFO  impl.RaftServerImpl (RaftServerImpl.java:start(181)) - b7267918-c736-4221-b207-45a52eb765d9@group-60F3F1E77BEB: start as a follower, conf=-1: [a87e6d7a-5484-427a-9ae7-491f17ac9191:192.168.30.43:36628, a7f943cb-bb18-497b-82a4-8777e8f57d3f:192.168.30.43:46115, b7267918-c736-4221-b207-45a52eb765d9:192.168.30.43:40328], old=null
2019-10-04 21:46:50,620 [pool-409-thread-1] INFO  impl.RaftServerImpl (RaftServerImpl.java:setRole(170)) - b7267918-c736-4221-b207-45a52eb765d9@group-60F3F1E77BEB: changes role from      null to FOLLOWER at term 0 for startAsFollower
2019-10-04 21:46:50,620 [pool-409-thread-1] INFO  impl.RoleInfo (RoleInfo.java:updateAndGet(143)) - b7267918-c736-4221-b207-45a52eb765d9: start FollowerState
2019-10-04 21:46:50,620 [pool-409-thread-1] INFO  util.JmxRegister (JmxRegister.java:tryRegister(44)) - Successfully registered JMX Bean with object name Ratis:service=RaftServer,group=group-60F3F1E77BEB,id=b7267918-c736-4221-b207-45a52eb765d9
2019-10-04 21:46:50,621 [pool-429-thread-1] INFO  impl.RaftServerImpl (RaftServerImpl.java:start(181)) - a87e6d7a-5484-427a-9ae7-491f17ac9191@group-60F3F1E77BEB: start as a follower, conf=-1: [a87e6d7a-5484-427a-9ae7-491f17ac9191:192.168.30.43:36628, a7f943cb-bb18-497b-82a4-8777e8f57d3f:192.168.30.43:46115, b7267918-c736-4221-b207-45a52eb765d9:192.168.30.43:40328], old=null
2019-10-04 21:46:50,621 [pool-429-thread-1] INFO  impl.RaftServerImpl (RaftServerImpl.java:setRole(170)) - a87e6d7a-5484-427a-9ae7-491f17ac9191@group-60F3F1E77BEB: changes role from      null to FOLLOWER at term 0 for startAsFollower
2019-10-04 21:46:50,621 [pool-429-thread-1] INFO  impl.RoleInfo (RoleInfo.java:updateAndGet(143)) - a87e6d7a-5484-427a-9ae7-491f17ac9191: start FollowerState
2019-10-04 21:46:50,630 [pool-429-thread-1] INFO  util.JmxRegister (JmxRegister.java:tryRegister(44)) - Successfully registered JMX Bean with object name Ratis:service=RaftServer,group=group-60F3F1E77BEB,id=a87e6d7a-5484-427a-9ae7-491f17ac9191
2019-10-04 21:46:50,631 [IPC Server handler 6 on 35416] INFO  net.NetworkTopology (NetworkTopologyImpl.java:add(111)) - Added a new node: /default-rack/ff9ce1e9-ce56-48e1-bfc3-746497777d5b
2019-10-04 21:46:50,632 [IPC Server handler 6 on 35416] INFO  node.SCMNodeManager (SCMNodeManager.java:register(268)) - Registered Data node : ff9ce1e9-ce56-48e1-bfc3-746497777d5b{ip: 192.168.30.43, host: pr-hdds-2252-dqfx9-1550151176, networkLocation: /default-rack, certSerialId: null}
2019-10-04 21:46:50,634 [RatisPipelineUtilsThread] INFO  pipeline.PipelineStateManager (PipelineStateManager.java:addPipeline(56)) - Created pipeline Pipeline[ Id: fd3b3ee0-dbfd-4763-96f5-60f3f1e77beb, Nodes: b7267918-c736-4221-b207-45a52eb765d9{ip: 192.168.30.43, host: pr-hdds-2252-dqfx9-1550151176, networkLocation: /default-rack, certSerialId: null}a7f943cb-bb18-497b-82a4-8777e8f57d3f{ip: 192.168.30.43, host: pr-hdds-2252-dqfx9-1550151176, networkLocation: /default-rack, certSerialId: null}a87e6d7a-5484-427a-9ae7-491f17ac9191{ip: 192.168.30.43, host: pr-hdds-2252-dqfx9-1550151176, networkLocation: /default-rack, certSerialId: null}, Type:RATIS, Factor:THREE, State:OPEN]
2019-10-04 21:46:50,687 [IPC Server handler 7 on 35416] INFO  net.NetworkTopology (NetworkTopologyImpl.java:add(111)) - Added a new node: /default-rack/30434be4-12dc-4776-9a92-54252ab8e913
2019-10-04 21:46:50,687 [IPC Server handler 7 on 35416] INFO  node.SCMNodeManager (SCMNodeManager.java:register(268)) - Registered Data node : 30434be4-12dc-4776-9a92-54252ab8e913{ip: 192.168.30.43, host: pr-hdds-2252-dqfx9-1550151176, networkLocation: /default-rack, certSerialId: null}
2019-10-04 21:46:50,696 [grpc-default-executor-6] INFO  impl.RaftServerProxy (RaftServerProxy.java:addNew(89)) - 30434be4-12dc-4776-9a92-54252ab8e913: addNew group-DF93E9A36AD6:[30434be4-12dc-4776-9a92-54252ab8e913:192.168.30.43:41864] returns group-DF93E9A36AD6:java.util.concurrent.CompletableFuture@6ca4bfcb[Not completed]
2019-10-04 21:46:50,699 [pool-459-thread-1] INFO  impl.RaftServerImpl (RaftServerImpl.java:<init>(95)) - 30434be4-12dc-4776-9a92-54252ab8e913: new RaftServerImpl for group-DF93E9A36AD6:[30434be4-12dc-4776-9a92-54252ab8e913:192.168.30.43:41864] with ContainerStateMachine:uninitialized
2019-10-04 21:46:50,699 [pool-459-thread-1] INFO  server.RaftServerConfigKeys (ConfUtils.java:logGet(43)) - raft.server.rpc.timeout.min = 5s (custom)
2019-10-04 21:46:50,699 [pool-459-thread-1] INFO  server.RaftServerConfigKeys (ConfUtils.java:logGet(43)) - raft.server.rpc.timeout.max = 5200ms (custom)
2019-10-04 21:46:50,699 [pool-459-thread-1] INFO  server.RaftServerConfigKeys (ConfUtils.java:logGet(43)) - raft.server.rpcslowness.timeout = 120s (custom)
2019-10-04 21:46:50,699 [pool-459-thread-1] INFO  server.RaftServerConfigKeys (ConfUtils.java:logGet(43)) - raft.server.sleep.deviation.threshold = 300 (default)
2019-10-04 21:46:50,699 [pool-459-thread-1] INFO  server.RaftServerConfigKeys (ConfUtils.java:logGet(43)) - raft.server.log.appender.install.snapshot.enabled = false (custom)
2019-10-04 21:46:50,700 [pool-459-thread-1] INFO  impl.RaftServerImpl (ServerState.java:<init>(103)) - 30434be4-12dc-4776-9a92-54252ab8e913@group-DF93E9A36AD6: ConfigurationManager, init=-1: [30434be4-12dc-4776-9a92-54252ab8e913:192.168.30.43:41864], old=null, confs=<EMPTY_MAP>
2019-10-04 21:46:50,700 [pool-459-thread-1] INFO  server.RaftServerConfigKeys (ConfUtils.java:logGet(43)) - raft.server.storage.dir = [/workdir/hadoop-ozone/integration-test/target/test-dir/MiniOzoneClusterImpl-efe61e54-dcf4-4ce1-9515-f66e262f6b8a/datanode-5/data/ratis] (custom)
2019-10-04 21:46:50,700 [pool-459-thread-1] INFO  server.RaftServerConfigKeys (ConfUtils.java:logGet(43)) - raft.server.log.corruption.policy = EXCEPTION (default)
2019-10-04 21:46:50,700 [pool-459-thread-1] INFO  storage.RaftStorageDirectory (RaftStorageDirectory.java:analyzeStorage(246)) - The storage directory /workdir/hadoop-ozone/integration-test/target/test-dir/MiniOzoneClusterImpl-efe61e54-dcf4-4ce1-9515-f66e262f6b8a/datanode-5/data/ratis/17c1a7dc-0869-41af-9f6b-df93e9a36ad6 does not exist. Creating ...
2019-10-04 21:46:50,713 [pool-459-thread-1] INFO  storage.RaftStorageDirectory (RaftStorageDirectory.java:tryLock(328)) - Lock on /workdir/hadoop-ozone/integration-test/target/test-dir/MiniOzoneClusterImpl-efe61e54-dcf4-4ce1-9515-f66e262f6b8a/datanode-5/data/ratis/17c1a7dc-0869-41af-9f6b-df93e9a36ad6/in_use.lock acquired by nodename 17388@pr-hdds-2252-dqfx9-1550151176
2019-10-04 21:46:50,726 [pool-459-thread-1] INFO  storage.RaftStorage (RaftStorage.java:format(84)) - Storage directory /workdir/hadoop-ozone/integration-test/target/test-dir/MiniOzoneClusterImpl-efe61e54-dcf4-4ce1-9515-f66e262f6b8a/datanode-5/data/ratis/17c1a7dc-0869-41af-9f6b-df93e9a36ad6 has been successfully formatted.
2019-10-04 21:46:50,726 [pool-459-thread-1] INFO  ratis.ContainerStateMachine (ContainerStateMachine.java:loadSnapshot(230)) - group-DF93E9A36AD6: The snapshot info is null. Setting the last applied indexto:(t:0, i:~)
2019-10-04 21:46:50,726 [pool-459-thread-1] INFO  server.RaftServerConfigKeys (ConfUtils.java:logGet(43)) - raft.server.notification.no-leader.timeout = 120s (custom)
2019-10-04 21:46:50,726 [pool-459-thread-1] INFO  server.RaftServerConfigKeys (ConfUtils.java:logGet(43)) - raft.server.log.use.memory = false (default)
2019-10-04 21:46:50,726 [pool-459-thread-1] INFO  server.RaftServerConfigKeys (ConfUtils.java:logGet(43)) - raft.server.log.purge.gap = 1000000 (custom)
2019-10-04 21:46:50,726 [pool-459-thread-1] INFO  server.RaftServerConfigKeys (ConfUtils.java:logGet(43)) - raft.server.log.appender.buffer.byte-limit = 33554432 (custom)
2019-10-04 21:46:50,726 [pool-459-thread-1] INFO  server.RaftServerConfigKeys (ConfUtils.java:logGet(43)) - raft.server.log.segment.size.max = 1048576 (custom)
2019-10-04 21:46:50,727 [pool-459-thread-1] INFO  server.RaftServerConfigKeys (ConfUtils.java:logGet(43)) - raft.server.log.segment.cache.num.max = 2 (custom)
2019-10-04 21:46:50,728 [pool-459-thread-1] INFO  segmented.SegmentedRaftLogWorker (SegmentedRaftLogWorker.java:<init>(173)) - new 30434be4-12dc-4776-9a92-54252ab8e913@group-DF93E9A36AD6-SegmentedRaftLogWorker for RaftStorage:Storage Directory /workdir/hadoop-ozone/integration-test/target/test-dir/MiniOzoneClusterImpl-efe61e54-dcf4-4ce1-9515-f66e262f6b8a/datanode-5/data/ratis/17c1a7dc-0869-41af-9f6b-df93e9a36ad6
2019-10-04 21:46:50,728 [pool-459-thread-1] INFO  server.RaftServerConfigKeys (ConfUtils.java:logGet(43)) - raft.server.log.queue.byte-limit = 2147483647 (custom)
2019-10-04 21:46:50,728 [pool-459-thread-1] INFO  server.RaftServerConfigKeys (ConfUtils.java:logGet(43)) - raft.server.log.queue.element-limit = 1024 (custom)
2019-10-04 21:46:50,728 [pool-459-thread-1] INFO  server.RaftServerConfigKeys (ConfUtils.java:logGet(43)) - raft.server.log.segment.size.max = 1048576 (custom)
2019-10-04 21:46:50,728 [pool-459-thread-1] INFO  server.RaftServerConfigKeys (ConfUtils.java:logGet(43)) - raft.server.log.preallocated.size = 16384 (custom)
2019-10-04 21:46:50,728 [pool-459-thread-1] INFO  server.RaftServerConfigKeys (ConfUtils.java:logGet(43)) - raft.server.log.write.buffer.size = 33554432 (custom)
2019-10-04 21:46:50,728 [pool-459-thread-1] INFO  server.RaftServerConfigKeys (ConfUtils.java:logGet(43)) - raft.server.log.force.sync.num = 128 (default)
2019-10-04 21:46:50,728 [pool-459-thread-1] INFO  server.RaftServerConfigKeys (ConfUtils.java:logGet(43)) - raft.server.log.statemachine.data.sync = true (default)
2019-10-04 21:46:50,728 [pool-459-thread-1] INFO  server.RaftServerConfigKeys (ConfUtils.java:logGet(43)) - raft.server.log.statemachine.data.sync.timeout = 10s (default)
2019-10-04 21:46:50,728 [pool-459-thread-1] INFO  server.RaftServerConfigKeys (ConfUtils.java:logGet(43)) - raft.server.log.statemachine.data.sync.timeout.retry = -1 (default)
2019-10-04 21:46:50,729 [pool-459-thread-1] INFO  server.RaftServerConfigKeys (ConfUtils.java:logGet(43)) - raft.server.log.statemachine.data.caching.enabled = true (custom)
2019-10-04 21:46:50,729 [pool-459-thread-1] INFO  segmented.SegmentedRaftLogWorker (SegmentedRaftLogWorker.java:lambda$new$0(128)) - 30434be4-12dc-4776-9a92-54252ab8e913@group-DF93E9A36AD6-SegmentedRaftLogWorker: flushIndex: setUnconditionally 0 -> -1
2019-10-04 21:46:50,729 [pool-459-thread-1] INFO  server.RaftServerConfigKeys (ConfUtils.java:logGet(43)) - raft.server.snapshot.auto.trigger.enabled = true (custom)
2019-10-04 21:46:50,729 [pool-459-thread-1] INFO  server.RaftServerConfigKeys (ConfUtils.java:logGet(43)) - raft.server.snapshot.auto.trigger.threshold = 10000 (custom)
2019-10-04 21:46:50,729 [pool-459-thread-1] INFO  server.RaftServerConfigKeys (ConfUtils.java:logGet(43)) - raft.server.snapshot.retention.file.num = 5 (custom)
2019-10-04 21:46:50,729 [pool-459-thread-1] INFO  server.RaftServerConfigKeys (ConfUtils.java:logGet(43)) - raft.server.retrycache.expirytime = 600000ms (custom)
2019-10-04 21:46:50,730 [pool-459-thread-1] INFO  impl.RaftServerImpl (RaftServerImpl.java:start(181)) - 30434be4-12dc-4776-9a92-54252ab8e913@group-DF93E9A36AD6: start as a follower, conf=-1: [30434be4-12dc-4776-9a92-54252ab8e913:192.168.30.43:41864], old=null
2019-10-04 21:46:50,730 [pool-459-thread-1] INFO  impl.RaftServerImpl (RaftServerImpl.java:setRole(170)) - 30434be4-12dc-4776-9a92-54252ab8e913@group-DF93E9A36AD6: changes role from      null to FOLLOWER at term 0 for startAsFollower
2019-10-04 21:46:50,731 [pool-459-thread-1] INFO  impl.RoleInfo (RoleInfo.java:updateAndGet(143)) - 30434be4-12dc-4776-9a92-54252ab8e913: start FollowerState
2019-10-04 21:46:50,731 [pool-459-thread-1] INFO  util.JmxRegister (JmxRegister.java:tryRegister(44)) - Successfully registered JMX Bean with object name Ratis:service=RaftServer,group=group-DF93E9A36AD6,id=30434be4-12dc-4776-9a92-54252ab8e913
2019-10-04 21:46:50,734 [RatisPipelineUtilsThread] INFO  pipeline.PipelineStateManager (PipelineStateManager.java:addPipeline(56)) - Created pipeline Pipeline[ Id: 17c1a7dc-0869-41af-9f6b-df93e9a36ad6, Nodes: 30434be4-12dc-4776-9a92-54252ab8e913{ip: 192.168.30.43, host: pr-hdds-2252-dqfx9-1550151176, networkLocation: /default-rack, certSerialId: null}, Type:RATIS, Factor:ONE, State:OPEN]
2019-10-04 21:46:50,741 [grpc-default-executor-6] INFO  impl.RaftServerProxy (RaftServerProxy.java:addNew(89)) - 2a7cbac8-731e-4451-bef1-f907eaf770d2: addNew group-0DC8FAF24035:[2a7cbac8-731e-4451-bef1-f907eaf770d2:192.168.30.43:34947] returns group-0DC8FAF24035:java.util.concurrent.CompletableFuture@7347c25f[Not completed]
2019-10-04 21:46:50,742 [pool-439-thread-1] INFO  impl.RaftServerImpl (RaftServerImpl.java:<init>(95)) - 2a7cbac8-731e-4451-bef1-f907eaf770d2: new RaftServerImpl for group-0DC8FAF24035:[2a7cbac8-731e-4451-bef1-f907eaf770d2:192.168.30.43:34947] with ContainerStateMachine:uninitialized
2019-10-04 21:46:50,742 [pool-439-thread-1] INFO  server.RaftServerConfigKeys (ConfUtils.java:logGet(43)) - raft.server.rpc.timeout.min = 5s (custom)
2019-10-04 21:46:50,742 [pool-439-thread-1] INFO  server.RaftServerConfigKeys (ConfUtils.java:logGet(43)) - raft.server.rpc.timeout.max = 5200ms (custom)
2019-10-04 21:46:50,742 [pool-439-thread-1] INFO  server.RaftServerConfigKeys (ConfUtils.java:logGet(43)) - raft.server.rpcslowness.timeout = 120s (custom)
2019-10-04 21:46:50,742 [pool-439-thread-1] INFO  server.RaftServerConfigKeys (ConfUtils.java:logGet(43)) - raft.server.sleep.deviation.threshold = 300 (default)
2019-10-04 21:46:50,742 [pool-439-thread-1] INFO  server.RaftServerConfigKeys (ConfUtils.java:logGet(43)) - raft.server.log.appender.install.snapshot.enabled = false (custom)
2019-10-04 21:46:50,742 [pool-439-thread-1] INFO  impl.RaftServerImpl (ServerState.java:<init>(103)) - 2a7cbac8-731e-4451-bef1-f907eaf770d2@group-0DC8FAF24035: ConfigurationManager, init=-1: [2a7cbac8-731e-4451-bef1-f907eaf770d2:192.168.30.43:34947], old=null, confs=<EMPTY_MAP>
2019-10-04 21:46:50,743 [pool-439-thread-1] INFO  server.RaftServerConfigKeys (ConfUtils.java:logGet(43)) - raft.server.storage.dir = [/workdir/hadoop-ozone/integration-test/target/test-dir/MiniOzoneClusterImpl-efe61e54-dcf4-4ce1-9515-f66e262f6b8a/datanode-3/data/ratis] (custom)
2019-10-04 21:46:50,743 [pool-439-thread-1] INFO  server.RaftServerConfigKeys (ConfUtils.java:logGet(43)) - raft.server.log.corruption.policy = EXCEPTION (default)
2019-10-04 21:46:50,743 [pool-439-thread-1] INFO  storage.RaftStorageDirectory (RaftStorageDirectory.java:analyzeStorage(246)) - The storage directory /workdir/hadoop-ozone/integration-test/target/test-dir/MiniOzoneClusterImpl-efe61e54-dcf4-4ce1-9515-f66e262f6b8a/datanode-3/data/ratis/78c2b3bb-9c0e-4651-bb89-0dc8faf24035 does not exist. Creating ...
2019-10-04 21:46:50,754 [main] INFO  ozone.MiniOzoneClusterImpl (MiniOzoneClusterImpl.java:lambda$waitForClusterToBeReady$0(147)) - Waiting for cluster to be ready. Got 6 of 7 DN Heartbeats.
2019-10-04 21:46:50,754 [IPC Server handler 0 on 35416] INFO  net.NetworkTopology (NetworkTopologyImpl.java:add(111)) - Added a new node: /default-rack/ed32ec4f-f88d-40f8-90b3-1e363f965dce
2019-10-04 21:46:50,754 [IPC Server handler 0 on 35416] INFO  node.SCMNodeManager (SCMNodeManager.java:register(268)) - Registered Data node : ed32ec4f-f88d-40f8-90b3-1e363f965dce{ip: 192.168.30.43, host: pr-hdds-2252-dqfx9-1550151176, networkLocation: /default-rack, certSerialId: null}
2019-10-04 21:46:50,756 [pool-439-thread-1] INFO  storage.RaftStorageDirectory (RaftStorageDirectory.java:tryLock(328)) - Lock on /workdir/hadoop-ozone/integration-test/target/test-dir/MiniOzoneClusterImpl-efe61e54-dcf4-4ce1-9515-f66e262f6b8a/datanode-3/data/ratis/78c2b3bb-9c0e-4651-bb89-0dc8faf24035/in_use.lock acquired by nodename 17388@pr-hdds-2252-dqfx9-1550151176
2019-10-04 21:46:50,769 [pool-439-thread-1] INFO  storage.RaftStorage (RaftStorage.java:format(84)) - Storage directory /workdir/hadoop-ozone/integration-test/target/test-dir/MiniOzoneClusterImpl-efe61e54-dcf4-4ce1-9515-f66e262f6b8a/datanode-3/data/ratis/78c2b3bb-9c0e-4651-bb89-0dc8faf24035 has been successfully formatted.
2019-10-04 21:46:50,769 [pool-439-thread-1] INFO  ratis.ContainerStateMachine (ContainerStateMachine.java:loadSnapshot(230)) - group-0DC8FAF24035: The snapshot info is null. Setting the last applied indexto:(t:0, i:~)
2019-10-04 21:46:50,769 [pool-439-thread-1] INFO  server.RaftServerConfigKeys (ConfUtils.java:logGet(43)) - raft.server.notification.no-leader.timeout = 120s (custom)
2019-10-04 21:46:50,769 [pool-439-thread-1] INFO  server.RaftServerConfigKeys (ConfUtils.java:logGet(43)) - raft.server.log.use.memory = false (default)
2019-10-04 21:46:50,769 [pool-439-thread-1] INFO  server.RaftServerConfigKeys (ConfUtils.java:logGet(43)) - raft.server.log.purge.gap = 1000000 (custom)
2019-10-04 21:46:50,769 [pool-439-thread-1] INFO  server.RaftServerConfigKeys (ConfUtils.java:logGet(43)) - raft.server.log.appender.buffer.byte-limit = 33554432 (custom)
2019-10-04 21:46:50,769 [pool-439-thread-1] INFO  server.RaftServerConfigKeys (ConfUtils.java:logGet(43)) - raft.server.log.segment.size.max = 1048576 (custom)
2019-10-04 21:46:50,770 [pool-439-thread-1] INFO  server.RaftServerConfigKeys (ConfUtils.java:logGet(43)) - raft.server.log.segment.cache.num.max = 2 (custom)
2019-10-04 21:46:50,770 [pool-439-thread-1] INFO  segmented.SegmentedRaftLogWorker (SegmentedRaftLogWorker.java:<init>(173)) - new 2a7cbac8-731e-4451-bef1-f907eaf770d2@group-0DC8FAF24035-SegmentedRaftLogWorker for RaftStorage:Storage Directory /workdir/hadoop-ozone/integration-test/target/test-dir/MiniOzoneClusterImpl-efe61e54-dcf4-4ce1-9515-f66e262f6b8a/datanode-3/data/ratis/78c2b3bb-9c0e-4651-bb89-0dc8faf24035
2019-10-04 21:46:50,771 [pool-439-thread-1] INFO  server.RaftServerConfigKeys (ConfUtils.java:logGet(43)) - raft.server.log.queue.byte-limit = 2147483647 (custom)
2019-10-04 21:46:50,771 [pool-439-thread-1] INFO  server.RaftServerConfigKeys (ConfUtils.java:logGet(43)) - raft.server.log.queue.element-limit = 1024 (custom)
2019-10-04 21:46:50,771 [pool-439-thread-1] INFO  server.RaftServerConfigKeys (ConfUtils.java:logGet(43)) - raft.server.log.segment.size.max = 1048576 (custom)
2019-10-04 21:46:50,771 [pool-439-thread-1] INFO  server.RaftServerConfigKeys (ConfUtils.java:logGet(43)) - raft.server.log.preallocated.size = 16384 (custom)
2019-10-04 21:46:50,771 [pool-439-thread-1] INFO  server.RaftServerConfigKeys (ConfUtils.java:logGet(43)) - raft.server.log.write.buffer.size = 33554432 (custom)
2019-10-04 21:46:50,771 [pool-439-thread-1] INFO  server.RaftServerConfigKeys (ConfUtils.java:logGet(43)) - raft.server.log.force.sync.num = 128 (default)
2019-10-04 21:46:50,771 [pool-439-thread-1] INFO  server.RaftServerConfigKeys (ConfUtils.java:logGet(43)) - raft.server.log.statemachine.data.sync = true (default)
2019-10-04 21:46:50,771 [pool-439-thread-1] INFO  server.RaftServerConfigKeys (ConfUtils.java:logGet(43)) - raft.server.log.statemachine.data.sync.timeout = 10s (default)
2019-10-04 21:46:50,771 [pool-439-thread-1] INFO  server.RaftServerConfigKeys (ConfUtils.java:logGet(43)) - raft.server.log.statemachine.data.sync.timeout.retry = -1 (default)
2019-10-04 21:46:50,771 [pool-439-thread-1] INFO  server.RaftServerConfigKeys (ConfUtils.java:logGet(43)) - raft.server.log.statemachine.data.caching.enabled = true (custom)
2019-10-04 21:46:50,772 [pool-439-thread-1] INFO  segmented.SegmentedRaftLogWorker (SegmentedRaftLogWorker.java:lambda$new$0(128)) - 2a7cbac8-731e-4451-bef1-f907eaf770d2@group-0DC8FAF24035-SegmentedRaftLogWorker: flushIndex: setUnconditionally 0 -> -1
2019-10-04 21:46:50,772 [pool-439-thread-1] INFO  server.RaftServerConfigKeys (ConfUtils.java:logGet(43)) - raft.server.snapshot.auto.trigger.enabled = true (custom)
2019-10-04 21:46:50,772 [pool-439-thread-1] INFO  server.RaftServerConfigKeys (ConfUtils.java:logGet(43)) - raft.server.snapshot.auto.trigger.threshold = 10000 (custom)
2019-10-04 21:46:50,772 [pool-439-thread-1] INFO  server.RaftServerConfigKeys (ConfUtils.java:logGet(43)) - raft.server.snapshot.retention.file.num = 5 (custom)
2019-10-04 21:46:50,772 [pool-439-thread-1] INFO  server.RaftServerConfigKeys (ConfUtils.java:logGet(43)) - raft.server.retrycache.expirytime = 600000ms (custom)
2019-10-04 21:46:50,773 [pool-439-thread-1] INFO  impl.RaftServerImpl (RaftServerImpl.java:start(181)) - 2a7cbac8-731e-4451-bef1-f907eaf770d2@group-0DC8FAF24035: start as a follower, conf=-1: [2a7cbac8-731e-4451-bef1-f907eaf770d2:192.168.30.43:34947], old=null
2019-10-04 21:46:50,773 [pool-439-thread-1] INFO  impl.RaftServerImpl (RaftServerImpl.java:setRole(170)) - 2a7cbac8-731e-4451-bef1-f907eaf770d2@group-0DC8FAF24035: changes role from      null to FOLLOWER at term 0 for startAsFollower
2019-10-04 21:46:50,773 [pool-439-thread-1] INFO  impl.RoleInfo (RoleInfo.java:updateAndGet(143)) - 2a7cbac8-731e-4451-bef1-f907eaf770d2: start FollowerState
2019-10-04 21:46:50,774 [pool-439-thread-1] INFO  util.JmxRegister (JmxRegister.java:tryRegister(44)) - Successfully registered JMX Bean with object name Ratis:service=RaftServer,group=group-0DC8FAF24035,id=2a7cbac8-731e-4451-bef1-f907eaf770d2
2019-10-04 21:46:50,777 [RatisPipelineUtilsThread] INFO  pipeline.PipelineStateManager (PipelineStateManager.java:addPipeline(56)) - Created pipeline Pipeline[ Id: 78c2b3bb-9c0e-4651-bb89-0dc8faf24035, Nodes: 2a7cbac8-731e-4451-bef1-f907eaf770d2{ip: 192.168.30.43, host: pr-hdds-2252-dqfx9-1550151176, networkLocation: /default-rack, certSerialId: null}, Type:RATIS, Factor:ONE, State:OPEN]
2019-10-04 21:46:50,782 [grpc-default-executor-6] INFO  impl.RaftServerProxy (RaftServerProxy.java:addNew(89)) - ed32ec4f-f88d-40f8-90b3-1e363f965dce: addNew group-7F692CF3FFEB:[ed32ec4f-f88d-40f8-90b3-1e363f965dce:192.168.30.43:39828] returns group-7F692CF3FFEB:java.util.concurrent.CompletableFuture@1813ab83[Not completed]
2019-10-04 21:46:50,783 [pool-469-thread-1] INFO  impl.RaftServerImpl (RaftServerImpl.java:<init>(95)) - ed32ec4f-f88d-40f8-90b3-1e363f965dce: new RaftServerImpl for group-7F692CF3FFEB:[ed32ec4f-f88d-40f8-90b3-1e363f965dce:192.168.30.43:39828] with ContainerStateMachine:uninitialized
2019-10-04 21:46:50,784 [pool-469-thread-1] INFO  server.RaftServerConfigKeys (ConfUtils.java:logGet(43)) - raft.server.rpc.timeout.min = 5s (custom)
2019-10-04 21:46:50,784 [pool-469-thread-1] INFO  server.RaftServerConfigKeys (ConfUtils.java:logGet(43)) - raft.server.rpc.timeout.max = 5200ms (custom)
2019-10-04 21:46:50,784 [pool-469-thread-1] INFO  server.RaftServerConfigKeys (ConfUtils.java:logGet(43)) - raft.server.rpcslowness.timeout = 120s (custom)
2019-10-04 21:46:50,784 [pool-469-thread-1] INFO  server.RaftServerConfigKeys (ConfUtils.java:logGet(43)) - raft.server.sleep.deviation.threshold = 300 (default)
2019-10-04 21:46:50,784 [pool-469-thread-1] INFO  server.RaftServerConfigKeys (ConfUtils.java:logGet(43)) - raft.server.log.appender.install.snapshot.enabled = false (custom)
2019-10-04 21:46:50,784 [pool-469-thread-1] INFO  impl.RaftServerImpl (ServerState.java:<init>(103)) - ed32ec4f-f88d-40f8-90b3-1e363f965dce@group-7F692CF3FFEB: ConfigurationManager, init=-1: [ed32ec4f-f88d-40f8-90b3-1e363f965dce:192.168.30.43:39828], old=null, confs=<EMPTY_MAP>
2019-10-04 21:46:50,784 [pool-469-thread-1] INFO  server.RaftServerConfigKeys (ConfUtils.java:logGet(43)) - raft.server.storage.dir = [/workdir/hadoop-ozone/integration-test/target/test-dir/MiniOzoneClusterImpl-efe61e54-dcf4-4ce1-9515-f66e262f6b8a/datanode-6/data/ratis] (custom)
2019-10-04 21:46:50,785 [pool-469-thread-1] INFO  server.RaftServerConfigKeys (ConfUtils.java:logGet(43)) - raft.server.log.corruption.policy = EXCEPTION (default)
2019-10-04 21:46:50,785 [pool-469-thread-1] INFO  storage.RaftStorageDirectory (RaftStorageDirectory.java:analyzeStorage(246)) - The storage directory /workdir/hadoop-ozone/integration-test/target/test-dir/MiniOzoneClusterImpl-efe61e54-dcf4-4ce1-9515-f66e262f6b8a/datanode-6/data/ratis/9b6131ba-5871-4db4-be04-7f692cf3ffeb does not exist. Creating ...
2019-10-04 21:46:50,790 [pool-469-thread-1] INFO  storage.RaftStorageDirectory (RaftStorageDirectory.java:tryLock(328)) - Lock on /workdir/hadoop-ozone/integration-test/target/test-dir/MiniOzoneClusterImpl-efe61e54-dcf4-4ce1-9515-f66e262f6b8a/datanode-6/data/ratis/9b6131ba-5871-4db4-be04-7f692cf3ffeb/in_use.lock acquired by nodename 17388@pr-hdds-2252-dqfx9-1550151176
2019-10-04 21:46:50,804 [pool-469-thread-1] INFO  storage.RaftStorage (RaftStorage.java:format(84)) - Storage directory /workdir/hadoop-ozone/integration-test/target/test-dir/MiniOzoneClusterImpl-efe61e54-dcf4-4ce1-9515-f66e262f6b8a/datanode-6/data/ratis/9b6131ba-5871-4db4-be04-7f692cf3ffeb has been successfully formatted.
2019-10-04 21:46:50,804 [pool-469-thread-1] INFO  ratis.ContainerStateMachine (ContainerStateMachine.java:loadSnapshot(230)) - group-7F692CF3FFEB: The snapshot info is null. Setting the last applied indexto:(t:0, i:~)
2019-10-04 21:46:50,804 [pool-469-thread-1] INFO  server.RaftServerConfigKeys (ConfUtils.java:logGet(43)) - raft.server.notification.no-leader.timeout = 120s (custom)
2019-10-04 21:46:50,805 [pool-469-thread-1] INFO  server.RaftServerConfigKeys (ConfUtils.java:logGet(43)) - raft.server.log.use.memory = false (default)
2019-10-04 21:46:50,805 [pool-469-thread-1] INFO  server.RaftServerConfigKeys (ConfUtils.java:logGet(43)) - raft.server.log.purge.gap = 1000000 (custom)
2019-10-04 21:46:50,805 [pool-469-thread-1] INFO  server.RaftServerConfigKeys (ConfUtils.java:logGet(43)) - raft.server.log.appender.buffer.byte-limit = 33554432 (custom)
2019-10-04 21:46:50,805 [pool-469-thread-1] INFO  server.RaftServerConfigKeys (ConfUtils.java:logGet(43)) - raft.server.log.segment.size.max = 1048576 (custom)
2019-10-04 21:46:50,806 [pool-469-thread-1] INFO  server.RaftServerConfigKeys (ConfUtils.java:logGet(43)) - raft.server.log.segment.cache.num.max = 2 (custom)
2019-10-04 21:46:50,807 [pool-469-thread-1] INFO  segmented.SegmentedRaftLogWorker (SegmentedRaftLogWorker.java:<init>(173)) - new ed32ec4f-f88d-40f8-90b3-1e363f965dce@group-7F692CF3FFEB-SegmentedRaftLogWorker for RaftStorage:Storage Directory /workdir/hadoop-ozone/integration-test/target/test-dir/MiniOzoneClusterImpl-efe61e54-dcf4-4ce1-9515-f66e262f6b8a/datanode-6/data/ratis/9b6131ba-5871-4db4-be04-7f692cf3ffeb
2019-10-04 21:46:50,807 [pool-469-thread-1] INFO  server.RaftServerConfigKeys (ConfUtils.java:logGet(43)) - raft.server.log.queue.byte-limit = 2147483647 (custom)
2019-10-04 21:46:50,807 [pool-469-thread-1] INFO  server.RaftServerConfigKeys (ConfUtils.java:logGet(43)) - raft.server.log.queue.element-limit = 1024 (custom)
2019-10-04 21:46:50,807 [pool-469-thread-1] INFO  server.RaftServerConfigKeys (ConfUtils.java:logGet(43)) - raft.server.log.segment.size.max = 1048576 (custom)
2019-10-04 21:46:50,807 [pool-469-thread-1] INFO  server.RaftServerConfigKeys (ConfUtils.java:logGet(43)) - raft.server.log.preallocated.size = 16384 (custom)
2019-10-04 21:46:50,807 [pool-469-thread-1] INFO  server.RaftServerConfigKeys (ConfUtils.java:logGet(43)) - raft.server.log.write.buffer.size = 33554432 (custom)
2019-10-04 21:46:50,807 [pool-469-thread-1] INFO  server.RaftServerConfigKeys (ConfUtils.java:logGet(43)) - raft.server.log.force.sync.num = 128 (default)
2019-10-04 21:46:50,807 [pool-469-thread-1] INFO  server.RaftServerConfigKeys (ConfUtils.java:logGet(43)) - raft.server.log.statemachine.data.sync = true (default)
2019-10-04 21:46:50,808 [pool-469-thread-1] INFO  server.RaftServerConfigKeys (ConfUtils.java:logGet(43)) - raft.server.log.statemachine.data.sync.timeout = 10s (default)
2019-10-04 21:46:50,808 [pool-469-thread-1] INFO  server.RaftServerConfigKeys (ConfUtils.java:logGet(43)) - raft.server.log.statemachine.data.sync.timeout.retry = -1 (default)
2019-10-04 21:46:50,808 [pool-469-thread-1] INFO  server.RaftServerConfigKeys (ConfUtils.java:logGet(43)) - raft.server.log.statemachine.data.caching.enabled = true (custom)
2019-10-04 21:46:50,808 [pool-469-thread-1] INFO  segmented.SegmentedRaftLogWorker (SegmentedRaftLogWorker.java:lambda$new$0(128)) - ed32ec4f-f88d-40f8-90b3-1e363f965dce@group-7F692CF3FFEB-SegmentedRaftLogWorker: flushIndex: setUnconditionally 0 -> -1
2019-10-04 21:46:50,809 [pool-469-thread-1] INFO  server.RaftServerConfigKeys (ConfUtils.java:logGet(43)) - raft.server.snapshot.auto.trigger.enabled = true (custom)
2019-10-04 21:46:50,809 [pool-469-thread-1] INFO  server.RaftServerConfigKeys (ConfUtils.java:logGet(43)) - raft.server.snapshot.auto.trigger.threshold = 10000 (custom)
2019-10-04 21:46:50,809 [pool-469-thread-1] INFO  server.RaftServerConfigKeys (ConfUtils.java:logGet(43)) - raft.server.snapshot.retention.file.num = 5 (custom)
2019-10-04 21:46:50,809 [pool-469-thread-1] INFO  server.RaftServerConfigKeys (ConfUtils.java:logGet(43)) - raft.server.retrycache.expirytime = 600000ms (custom)
2019-10-04 21:46:50,810 [pool-469-thread-1] INFO  impl.RaftServerImpl (RaftServerImpl.java:start(181)) - ed32ec4f-f88d-40f8-90b3-1e363f965dce@group-7F692CF3FFEB: start as a follower, conf=-1: [ed32ec4f-f88d-40f8-90b3-1e363f965dce:192.168.30.43:39828], old=null
2019-10-04 21:46:50,810 [pool-469-thread-1] INFO  impl.RaftServerImpl (RaftServerImpl.java:setRole(170)) - ed32ec4f-f88d-40f8-90b3-1e363f965dce@group-7F692CF3FFEB: changes role from      null to FOLLOWER at term 0 for startAsFollower
2019-10-04 21:46:50,811 [pool-469-thread-1] INFO  impl.RoleInfo (RoleInfo.java:updateAndGet(143)) - ed32ec4f-f88d-40f8-90b3-1e363f965dce: start FollowerState
2019-10-04 21:46:50,811 [pool-469-thread-1] INFO  util.JmxRegister (JmxRegister.java:tryRegister(44)) - Successfully registered JMX Bean with object name Ratis:service=RaftServer,group=group-7F692CF3FFEB,id=ed32ec4f-f88d-40f8-90b3-1e363f965dce
2019-10-04 21:46:50,814 [RatisPipelineUtilsThread] INFO  pipeline.PipelineStateManager (PipelineStateManager.java:addPipeline(56)) - Created pipeline Pipeline[ Id: 9b6131ba-5871-4db4-be04-7f692cf3ffeb, Nodes: ed32ec4f-f88d-40f8-90b3-1e363f965dce{ip: 192.168.30.43, host: pr-hdds-2252-dqfx9-1550151176, networkLocation: /default-rack, certSerialId: null}, Type:RATIS, Factor:ONE, State:OPEN]
2019-10-04 21:46:50,821 [grpc-default-executor-6] INFO  impl.RaftServerProxy (RaftServerProxy.java:addNew(89)) - ff9ce1e9-ce56-48e1-bfc3-746497777d5b: addNew group-B16EB1D59D05:[ff9ce1e9-ce56-48e1-bfc3-746497777d5b:192.168.30.43:34770] returns group-B16EB1D59D05:java.util.concurrent.CompletableFuture@55be42cb[Not completed]
2019-10-04 21:46:50,823 [pool-449-thread-1] INFO  impl.RaftServerImpl (RaftServerImpl.java:<init>(95)) - ff9ce1e9-ce56-48e1-bfc3-746497777d5b: new RaftServerImpl for group-B16EB1D59D05:[ff9ce1e9-ce56-48e1-bfc3-746497777d5b:192.168.30.43:34770] with ContainerStateMachine:uninitialized
2019-10-04 21:46:50,823 [pool-449-thread-1] INFO  server.RaftServerConfigKeys (ConfUtils.java:logGet(43)) - raft.server.rpc.timeout.min = 5s (custom)
2019-10-04 21:46:50,823 [pool-449-thread-1] INFO  server.RaftServerConfigKeys (ConfUtils.java:logGet(43)) - raft.server.rpc.timeout.max = 5200ms (custom)
2019-10-04 21:46:50,823 [pool-449-thread-1] INFO  server.RaftServerConfigKeys (ConfUtils.java:logGet(43)) - raft.server.rpcslowness.timeout = 120s (custom)
2019-10-04 21:46:50,823 [pool-449-thread-1] INFO  server.RaftServerConfigKeys (ConfUtils.java:logGet(43)) - raft.server.sleep.deviation.threshold = 300 (default)
2019-10-04 21:46:50,823 [pool-449-thread-1] INFO  server.RaftServerConfigKeys (ConfUtils.java:logGet(43)) - raft.server.log.appender.install.snapshot.enabled = false (custom)
2019-10-04 21:46:50,824 [pool-449-thread-1] INFO  impl.RaftServerImpl (ServerState.java:<init>(103)) - ff9ce1e9-ce56-48e1-bfc3-746497777d5b@group-B16EB1D59D05: ConfigurationManager, init=-1: [ff9ce1e9-ce56-48e1-bfc3-746497777d5b:192.168.30.43:34770], old=null, confs=<EMPTY_MAP>
2019-10-04 21:46:50,824 [pool-449-thread-1] INFO  server.RaftServerConfigKeys (ConfUtils.java:logGet(43)) - raft.server.storage.dir = [/workdir/hadoop-ozone/integration-test/target/test-dir/MiniOzoneClusterImpl-efe61e54-dcf4-4ce1-9515-f66e262f6b8a/datanode-4/data/ratis] (custom)
2019-10-04 21:46:50,824 [pool-449-thread-1] INFO  server.RaftServerConfigKeys (ConfUtils.java:logGet(43)) - raft.server.log.corruption.policy = EXCEPTION (default)
2019-10-04 21:46:50,824 [pool-449-thread-1] INFO  storage.RaftStorageDirectory (RaftStorageDirectory.java:analyzeStorage(246)) - The storage directory /workdir/hadoop-ozone/integration-test/target/test-dir/MiniOzoneClusterImpl-efe61e54-dcf4-4ce1-9515-f66e262f6b8a/datanode-4/data/ratis/58004976-ead3-45e0-8000-b16eb1d59d05 does not exist. Creating ...
2019-10-04 21:46:50,837 [pool-449-thread-1] INFO  storage.RaftStorageDirectory (RaftStorageDirectory.java:tryLock(328)) - Lock on /workdir/hadoop-ozone/integration-test/target/test-dir/MiniOzoneClusterImpl-efe61e54-dcf4-4ce1-9515-f66e262f6b8a/datanode-4/data/ratis/58004976-ead3-45e0-8000-b16eb1d59d05/in_use.lock acquired by nodename 17388@pr-hdds-2252-dqfx9-1550151176
2019-10-04 21:46:50,851 [pool-449-thread-1] INFO  storage.RaftStorage (RaftStorage.java:format(84)) - Storage directory /workdir/hadoop-ozone/integration-test/target/test-dir/MiniOzoneClusterImpl-efe61e54-dcf4-4ce1-9515-f66e262f6b8a/datanode-4/data/ratis/58004976-ead3-45e0-8000-b16eb1d59d05 has been successfully formatted.
2019-10-04 21:46:50,852 [pool-449-thread-1] INFO  ratis.ContainerStateMachine (ContainerStateMachine.java:loadSnapshot(230)) - group-B16EB1D59D05: The snapshot info is null. Setting the last applied indexto:(t:0, i:~)
2019-10-04 21:46:50,852 [pool-449-thread-1] INFO  server.RaftServerConfigKeys (ConfUtils.java:logGet(43)) - raft.server.notification.no-leader.timeout = 120s (custom)
2019-10-04 21:46:50,852 [pool-449-thread-1] INFO  server.RaftServerConfigKeys (ConfUtils.java:logGet(43)) - raft.server.log.use.memory = false (default)
2019-10-04 21:46:50,852 [pool-449-thread-1] INFO  server.RaftServerConfigKeys (ConfUtils.java:logGet(43)) - raft.server.log.purge.gap = 1000000 (custom)
2019-10-04 21:46:50,852 [pool-449-thread-1] INFO  server.RaftServerConfigKeys (ConfUtils.java:logGet(43)) - raft.server.log.appender.buffer.byte-limit = 33554432 (custom)
2019-10-04 21:46:50,852 [pool-449-thread-1] INFO  server.RaftServerConfigKeys (ConfUtils.java:logGet(43)) - raft.server.log.segment.size.max = 1048576 (custom)
2019-10-04 21:46:50,854 [pool-449-thread-1] INFO  server.RaftServerConfigKeys (ConfUtils.java:logGet(43)) - raft.server.log.segment.cache.num.max = 2 (custom)
2019-10-04 21:46:50,854 [pool-449-thread-1] INFO  segmented.SegmentedRaftLogWorker (SegmentedRaftLogWorker.java:<init>(173)) - new ff9ce1e9-ce56-48e1-bfc3-746497777d5b@group-B16EB1D59D05-SegmentedRaftLogWorker for RaftStorage:Storage Directory /workdir/hadoop-ozone/integration-test/target/test-dir/MiniOzoneClusterImpl-efe61e54-dcf4-4ce1-9515-f66e262f6b8a/datanode-4/data/ratis/58004976-ead3-45e0-8000-b16eb1d59d05
2019-10-04 21:46:50,854 [pool-449-thread-1] INFO  server.RaftServerConfigKeys (ConfUtils.java:logGet(43)) - raft.server.log.queue.byte-limit = 2147483647 (custom)
2019-10-04 21:46:50,855 [pool-449-thread-1] INFO  server.RaftServerConfigKeys (ConfUtils.java:logGet(43)) - raft.server.log.queue.element-limit = 1024 (custom)
2019-10-04 21:46:50,855 [pool-449-thread-1] INFO  server.RaftServerConfigKeys (ConfUtils.java:logGet(43)) - raft.server.log.segment.size.max = 1048576 (custom)
2019-10-04 21:46:50,855 [pool-449-thread-1] INFO  server.RaftServerConfigKeys (ConfUtils.java:logGet(43)) - raft.server.log.preallocated.size = 16384 (custom)
2019-10-04 21:46:50,855 [pool-449-thread-1] INFO  server.RaftServerConfigKeys (ConfUtils.java:logGet(43)) - raft.server.log.write.buffer.size = 33554432 (custom)
2019-10-04 21:46:50,855 [pool-449-thread-1] INFO  server.RaftServerConfigKeys (ConfUtils.java:logGet(43)) - raft.server.log.force.sync.num = 128 (default)
2019-10-04 21:46:50,855 [pool-449-thread-1] INFO  server.RaftServerConfigKeys (ConfUtils.java:logGet(43)) - raft.server.log.statemachine.data.sync = true (default)
2019-10-04 21:46:50,855 [pool-449-thread-1] INFO  server.RaftServerConfigKeys (ConfUtils.java:logGet(43)) - raft.server.log.statemachine.data.sync.timeout = 10s (default)
2019-10-04 21:46:50,856 [pool-449-thread-1] INFO  server.RaftServerConfigKeys (ConfUtils.java:logGet(43)) - raft.server.log.statemachine.data.sync.timeout.retry = -1 (default)
2019-10-04 21:46:50,856 [pool-449-thread-1] INFO  server.RaftServerConfigKeys (ConfUtils.java:logGet(43)) - raft.server.log.statemachine.data.caching.enabled = true (custom)
2019-10-04 21:46:50,856 [pool-449-thread-1] INFO  segmented.SegmentedRaftLogWorker (SegmentedRaftLogWorker.java:lambda$new$0(128)) - ff9ce1e9-ce56-48e1-bfc3-746497777d5b@group-B16EB1D59D05-SegmentedRaftLogWorker: flushIndex: setUnconditionally 0 -> -1
2019-10-04 21:46:50,857 [pool-449-thread-1] INFO  server.RaftServerConfigKeys (ConfUtils.java:logGet(43)) - raft.server.snapshot.auto.trigger.enabled = true (custom)
2019-10-04 21:46:50,857 [pool-449-thread-1] INFO  server.RaftServerConfigKeys (ConfUtils.java:logGet(43)) - raft.server.snapshot.auto.trigger.threshold = 10000 (custom)
2019-10-04 21:46:50,857 [pool-449-thread-1] INFO  server.RaftServerConfigKeys (ConfUtils.java:logGet(43)) - raft.server.snapshot.retention.file.num = 5 (custom)
2019-10-04 21:46:50,857 [pool-449-thread-1] INFO  server.RaftServerConfigKeys (ConfUtils.java:logGet(43)) - raft.server.retrycache.expirytime = 600000ms (custom)
2019-10-04 21:46:50,859 [pool-449-thread-1] INFO  impl.RaftServerImpl (RaftServerImpl.java:start(181)) - ff9ce1e9-ce56-48e1-bfc3-746497777d5b@group-B16EB1D59D05: start as a follower, conf=-1: [ff9ce1e9-ce56-48e1-bfc3-746497777d5b:192.168.30.43:34770], old=null
2019-10-04 21:46:50,859 [pool-449-thread-1] INFO  impl.RaftServerImpl (RaftServerImpl.java:setRole(170)) - ff9ce1e9-ce56-48e1-bfc3-746497777d5b@group-B16EB1D59D05: changes role from      null to FOLLOWER at term 0 for startAsFollower
2019-10-04 21:46:50,859 [pool-449-thread-1] INFO  impl.RoleInfo (RoleInfo.java:updateAndGet(143)) - ff9ce1e9-ce56-48e1-bfc3-746497777d5b: start FollowerState
2019-10-04 21:46:50,859 [pool-449-thread-1] INFO  util.JmxRegister (JmxRegister.java:tryRegister(44)) - Successfully registered JMX Bean with object name Ratis:service=RaftServer,group=group-B16EB1D59D05,id=ff9ce1e9-ce56-48e1-bfc3-746497777d5b
2019-10-04 21:46:50,862 [RatisPipelineUtilsThread] INFO  pipeline.PipelineStateManager (PipelineStateManager.java:addPipeline(56)) - Created pipeline Pipeline[ Id: 58004976-ead3-45e0-8000-b16eb1d59d05, Nodes: ff9ce1e9-ce56-48e1-bfc3-746497777d5b{ip: 192.168.30.43, host: pr-hdds-2252-dqfx9-1550151176, networkLocation: /default-rack, certSerialId: null}, Type:RATIS, Factor:ONE, State:OPEN]
2019-10-04 21:46:50,875 [grpc-default-executor-0] INFO  impl.RaftServerProxy (RaftServerProxy.java:addNew(89)) - 2a7cbac8-731e-4451-bef1-f907eaf770d2: addNew group-EBCBD803DF66:[30434be4-12dc-4776-9a92-54252ab8e913:192.168.30.43:41864, ed32ec4f-f88d-40f8-90b3-1e363f965dce:192.168.30.43:39828, 2a7cbac8-731e-4451-bef1-f907eaf770d2:192.168.30.43:34947] returns group-EBCBD803DF66:java.util.concurrent.CompletableFuture@2ec91d63[Not completed]
2019-10-04 21:46:50,875 [grpc-default-executor-6] INFO  impl.RaftServerProxy (RaftServerProxy.java:addNew(89)) - 30434be4-12dc-4776-9a92-54252ab8e913: addNew group-EBCBD803DF66:[30434be4-12dc-4776-9a92-54252ab8e913:192.168.30.43:41864, ed32ec4f-f88d-40f8-90b3-1e363f965dce:192.168.30.43:39828, 2a7cbac8-731e-4451-bef1-f907eaf770d2:192.168.30.43:34947] returns group-EBCBD803DF66:java.util.concurrent.CompletableFuture@5b4b7d41[Not completed]
2019-10-04 21:46:50,875 [grpc-default-executor-0] INFO  impl.RaftServerProxy (RaftServerProxy.java:addNew(89)) - ed32ec4f-f88d-40f8-90b3-1e363f965dce: addNew group-EBCBD803DF66:[30434be4-12dc-4776-9a92-54252ab8e913:192.168.30.43:41864, ed32ec4f-f88d-40f8-90b3-1e363f965dce:192.168.30.43:39828, 2a7cbac8-731e-4451-bef1-f907eaf770d2:192.168.30.43:34947] returns group-EBCBD803DF66:java.util.concurrent.CompletableFuture@1f8caff2[Not completed]
2019-10-04 21:46:50,876 [pool-459-thread-1] INFO  impl.RaftServerImpl (RaftServerImpl.java:<init>(95)) - 30434be4-12dc-4776-9a92-54252ab8e913: new RaftServerImpl for group-EBCBD803DF66:[30434be4-12dc-4776-9a92-54252ab8e913:192.168.30.43:41864, ed32ec4f-f88d-40f8-90b3-1e363f965dce:192.168.30.43:39828, 2a7cbac8-731e-4451-bef1-f907eaf770d2:192.168.30.43:34947] with ContainerStateMachine:uninitialized
2019-10-04 21:46:50,876 [pool-459-thread-1] INFO  server.RaftServerConfigKeys (ConfUtils.java:logGet(43)) - raft.server.rpc.timeout.min = 5s (custom)
2019-10-04 21:46:50,877 [pool-459-thread-1] INFO  server.RaftServerConfigKeys (ConfUtils.java:logGet(43)) - raft.server.rpc.timeout.max = 5200ms (custom)
2019-10-04 21:46:50,877 [pool-459-thread-1] INFO  server.RaftServerConfigKeys (ConfUtils.java:logGet(43)) - raft.server.rpcslowness.timeout = 120s (custom)
2019-10-04 21:46:50,877 [pool-469-thread-1] INFO  impl.RaftServerImpl (RaftServerImpl.java:<init>(95)) - ed32ec4f-f88d-40f8-90b3-1e363f965dce: new RaftServerImpl for group-EBCBD803DF66:[30434be4-12dc-4776-9a92-54252ab8e913:192.168.30.43:41864, ed32ec4f-f88d-40f8-90b3-1e363f965dce:192.168.30.43:39828, 2a7cbac8-731e-4451-bef1-f907eaf770d2:192.168.30.43:34947] with ContainerStateMachine:uninitialized
2019-10-04 21:46:50,877 [pool-459-thread-1] INFO  server.RaftServerConfigKeys (ConfUtils.java:logGet(43)) - raft.server.sleep.deviation.threshold = 300 (default)
2019-10-04 21:46:50,877 [pool-469-thread-1] INFO  server.RaftServerConfigKeys (ConfUtils.java:logGet(43)) - raft.server.rpc.timeout.min = 5s (custom)
2019-10-04 21:46:50,877 [pool-459-thread-1] INFO  server.RaftServerConfigKeys (ConfUtils.java:logGet(43)) - raft.server.log.appender.install.snapshot.enabled = false (custom)
2019-10-04 21:46:50,877 [pool-469-thread-1] INFO  server.RaftServerConfigKeys (ConfUtils.java:logGet(43)) - raft.server.rpc.timeout.max = 5200ms (custom)
2019-10-04 21:46:50,877 [pool-459-thread-1] INFO  impl.RaftServerImpl (ServerState.java:<init>(103)) - 30434be4-12dc-4776-9a92-54252ab8e913@group-EBCBD803DF66: ConfigurationManager, init=-1: [30434be4-12dc-4776-9a92-54252ab8e913:192.168.30.43:41864, ed32ec4f-f88d-40f8-90b3-1e363f965dce:192.168.30.43:39828, 2a7cbac8-731e-4451-bef1-f907eaf770d2:192.168.30.43:34947], old=null, confs=<EMPTY_MAP>
2019-10-04 21:46:50,877 [pool-469-thread-1] INFO  server.RaftServerConfigKeys (ConfUtils.java:logGet(43)) - raft.server.rpcslowness.timeout = 120s (custom)
2019-10-04 21:46:50,877 [pool-439-thread-1] INFO  impl.RaftServerImpl (RaftServerImpl.java:<init>(95)) - 2a7cbac8-731e-4451-bef1-f907eaf770d2: new RaftServerImpl for group-EBCBD803DF66:[30434be4-12dc-4776-9a92-54252ab8e913:192.168.30.43:41864, ed32ec4f-f88d-40f8-90b3-1e363f965dce:192.168.30.43:39828, 2a7cbac8-731e-4451-bef1-f907eaf770d2:192.168.30.43:34947] with ContainerStateMachine:uninitialized
2019-10-04 21:46:50,877 [pool-459-thread-1] INFO  server.RaftServerConfigKeys (ConfUtils.java:logGet(43)) - raft.server.storage.dir = [/workdir/hadoop-ozone/integration-test/target/test-dir/MiniOzoneClusterImpl-efe61e54-dcf4-4ce1-9515-f66e262f6b8a/datanode-5/data/ratis] (custom)
2019-10-04 21:46:50,877 [pool-439-thread-1] INFO  server.RaftServerConfigKeys (ConfUtils.java:logGet(43)) - raft.server.rpc.timeout.min = 5s (custom)
2019-10-04 21:46:50,877 [pool-469-thread-1] INFO  server.RaftServerConfigKeys (ConfUtils.java:logGet(43)) - raft.server.sleep.deviation.threshold = 300 (default)
2019-10-04 21:46:50,878 [pool-439-thread-1] INFO  server.RaftServerConfigKeys (ConfUtils.java:logGet(43)) - raft.server.rpc.timeout.max = 5200ms (custom)
2019-10-04 21:46:50,878 [pool-459-thread-1] INFO  server.RaftServerConfigKeys (ConfUtils.java:logGet(43)) - raft.server.log.corruption.policy = EXCEPTION (default)
2019-10-04 21:46:50,878 [pool-439-thread-1] INFO  server.RaftServerConfigKeys (ConfUtils.java:logGet(43)) - raft.server.rpcslowness.timeout = 120s (custom)
2019-10-04 21:46:50,878 [pool-469-thread-1] INFO  server.RaftServerConfigKeys (ConfUtils.java:logGet(43)) - raft.server.log.appender.install.snapshot.enabled = false (custom)
2019-10-04 21:46:50,878 [pool-439-thread-1] INFO  server.RaftServerConfigKeys (ConfUtils.java:logGet(43)) - raft.server.sleep.deviation.threshold = 300 (default)
2019-10-04 21:46:50,878 [pool-439-thread-1] INFO  server.RaftServerConfigKeys (ConfUtils.java:logGet(43)) - raft.server.log.appender.install.snapshot.enabled = false (custom)
2019-10-04 21:46:50,878 [pool-459-thread-1] INFO  storage.RaftStorageDirectory (RaftStorageDirectory.java:analyzeStorage(246)) - The storage directory /workdir/hadoop-ozone/integration-test/target/test-dir/MiniOzoneClusterImpl-efe61e54-dcf4-4ce1-9515-f66e262f6b8a/datanode-5/data/ratis/61fdd355-6c9b-45d7-9134-ebcbd803df66 does not exist. Creating ...
2019-10-04 21:46:50,878 [pool-439-thread-1] INFO  impl.RaftServerImpl (ServerState.java:<init>(103)) - 2a7cbac8-731e-4451-bef1-f907eaf770d2@group-EBCBD803DF66: ConfigurationManager, init=-1: [30434be4-12dc-4776-9a92-54252ab8e913:192.168.30.43:41864, ed32ec4f-f88d-40f8-90b3-1e363f965dce:192.168.30.43:39828, 2a7cbac8-731e-4451-bef1-f907eaf770d2:192.168.30.43:34947], old=null, confs=<EMPTY_MAP>
2019-10-04 21:46:50,878 [pool-469-thread-1] INFO  impl.RaftServerImpl (ServerState.java:<init>(103)) - ed32ec4f-f88d-40f8-90b3-1e363f965dce@group-EBCBD803DF66: ConfigurationManager, init=-1: [30434be4-12dc-4776-9a92-54252ab8e913:192.168.30.43:41864, ed32ec4f-f88d-40f8-90b3-1e363f965dce:192.168.30.43:39828, 2a7cbac8-731e-4451-bef1-f907eaf770d2:192.168.30.43:34947], old=null, confs=<EMPTY_MAP>
2019-10-04 21:46:50,879 [pool-439-thread-1] INFO  server.RaftServerConfigKeys (ConfUtils.java:logGet(43)) - raft.server.storage.dir = [/workdir/hadoop-ozone/integration-test/target/test-dir/MiniOzoneClusterImpl-efe61e54-dcf4-4ce1-9515-f66e262f6b8a/datanode-3/data/ratis] (custom)
2019-10-04 21:46:50,879 [pool-469-thread-1] INFO  server.RaftServerConfigKeys (ConfUtils.java:logGet(43)) - raft.server.storage.dir = [/workdir/hadoop-ozone/integration-test/target/test-dir/MiniOzoneClusterImpl-efe61e54-dcf4-4ce1-9515-f66e262f6b8a/datanode-6/data/ratis] (custom)
2019-10-04 21:46:50,879 [pool-439-thread-1] INFO  server.RaftServerConfigKeys (ConfUtils.java:logGet(43)) - raft.server.log.corruption.policy = EXCEPTION (default)
2019-10-04 21:46:50,879 [pool-469-thread-1] INFO  server.RaftServerConfigKeys (ConfUtils.java:logGet(43)) - raft.server.log.corruption.policy = EXCEPTION (default)
2019-10-04 21:46:50,879 [pool-439-thread-1] INFO  storage.RaftStorageDirectory (RaftStorageDirectory.java:analyzeStorage(246)) - The storage directory /workdir/hadoop-ozone/integration-test/target/test-dir/MiniOzoneClusterImpl-efe61e54-dcf4-4ce1-9515-f66e262f6b8a/datanode-3/data/ratis/61fdd355-6c9b-45d7-9134-ebcbd803df66 does not exist. Creating ...
2019-10-04 21:46:50,879 [pool-469-thread-1] INFO  storage.RaftStorageDirectory (RaftStorageDirectory.java:analyzeStorage(246)) - The storage directory /workdir/hadoop-ozone/integration-test/target/test-dir/MiniOzoneClusterImpl-efe61e54-dcf4-4ce1-9515-f66e262f6b8a/datanode-6/data/ratis/61fdd355-6c9b-45d7-9134-ebcbd803df66 does not exist. Creating ...
2019-10-04 21:46:50,891 [pool-469-thread-1] INFO  storage.RaftStorageDirectory (RaftStorageDirectory.java:tryLock(328)) - Lock on /workdir/hadoop-ozone/integration-test/target/test-dir/MiniOzoneClusterImpl-efe61e54-dcf4-4ce1-9515-f66e262f6b8a/datanode-6/data/ratis/61fdd355-6c9b-45d7-9134-ebcbd803df66/in_use.lock acquired by nodename 17388@pr-hdds-2252-dqfx9-1550151176
2019-10-04 21:46:50,891 [pool-439-thread-1] INFO  storage.RaftStorageDirectory (RaftStorageDirectory.java:tryLock(328)) - Lock on /workdir/hadoop-ozone/integration-test/target/test-dir/MiniOzoneClusterImpl-efe61e54-dcf4-4ce1-9515-f66e262f6b8a/datanode-3/data/ratis/61fdd355-6c9b-45d7-9134-ebcbd803df66/in_use.lock acquired by nodename 17388@pr-hdds-2252-dqfx9-1550151176
2019-10-04 21:46:50,891 [pool-459-thread-1] INFO  storage.RaftStorageDirectory (RaftStorageDirectory.java:tryLock(328)) - Lock on /workdir/hadoop-ozone/integration-test/target/test-dir/MiniOzoneClusterImpl-efe61e54-dcf4-4ce1-9515-f66e262f6b8a/datanode-5/data/ratis/61fdd355-6c9b-45d7-9134-ebcbd803df66/in_use.lock acquired by nodename 17388@pr-hdds-2252-dqfx9-1550151176
2019-10-04 21:46:50,905 [pool-439-thread-1] INFO  storage.RaftStorage (RaftStorage.java:format(84)) - Storage directory /workdir/hadoop-ozone/integration-test/target/test-dir/MiniOzoneClusterImpl-efe61e54-dcf4-4ce1-9515-f66e262f6b8a/datanode-3/data/ratis/61fdd355-6c9b-45d7-9134-ebcbd803df66 has been successfully formatted.
2019-10-04 21:46:50,905 [pool-469-thread-1] INFO  storage.RaftStorage (RaftStorage.java:format(84)) - Storage directory /workdir/hadoop-ozone/integration-test/target/test-dir/MiniOzoneClusterImpl-efe61e54-dcf4-4ce1-9515-f66e262f6b8a/datanode-6/data/ratis/61fdd355-6c9b-45d7-9134-ebcbd803df66 has been successfully formatted.
2019-10-04 21:46:50,905 [pool-459-thread-1] INFO  storage.RaftStorage (RaftStorage.java:format(84)) - Storage directory /workdir/hadoop-ozone/integration-test/target/test-dir/MiniOzoneClusterImpl-efe61e54-dcf4-4ce1-9515-f66e262f6b8a/datanode-5/data/ratis/61fdd355-6c9b-45d7-9134-ebcbd803df66 has been successfully formatted.
2019-10-04 21:46:50,906 [pool-459-thread-1] INFO  ratis.ContainerStateMachine (ContainerStateMachine.java:loadSnapshot(230)) - group-EBCBD803DF66: The snapshot info is null. Setting the last applied indexto:(t:0, i:~)
2019-10-04 21:46:50,906 [pool-439-thread-1] INFO  ratis.ContainerStateMachine (ContainerStateMachine.java:loadSnapshot(230)) - group-EBCBD803DF66: The snapshot info is null. Setting the last applied indexto:(t:0, i:~)
2019-10-04 21:46:50,907 [pool-459-thread-1] INFO  server.RaftServerConfigKeys (ConfUtils.java:logGet(43)) - raft.server.notification.no-leader.timeout = 120s (custom)
2019-10-04 21:46:50,906 [pool-469-thread-1] INFO  ratis.ContainerStateMachine (ContainerStateMachine.java:loadSnapshot(230)) - group-EBCBD803DF66: The snapshot info is null. Setting the last applied indexto:(t:0, i:~)
2019-10-04 21:46:50,907 [pool-439-thread-1] INFO  server.RaftServerConfigKeys (ConfUtils.java:logGet(43)) - raft.server.notification.no-leader.timeout = 120s (custom)
2019-10-04 21:46:50,907 [pool-459-thread-1] INFO  server.RaftServerConfigKeys (ConfUtils.java:logGet(43)) - raft.server.log.use.memory = false (default)
2019-10-04 21:46:50,907 [pool-469-thread-1] INFO  server.RaftServerConfigKeys (ConfUtils.java:logGet(43)) - raft.server.notification.no-leader.timeout = 120s (custom)
2019-10-04 21:46:50,907 [pool-439-thread-1] INFO  server.RaftServerConfigKeys (ConfUtils.java:logGet(43)) - raft.server.log.use.memory = false (default)
2019-10-04 21:46:50,907 [pool-459-thread-1] INFO  server.RaftServerConfigKeys (ConfUtils.java:logGet(43)) - raft.server.log.purge.gap = 1000000 (custom)
2019-10-04 21:46:50,907 [pool-469-thread-1] INFO  server.RaftServerConfigKeys (ConfUtils.java:logGet(43)) - raft.server.log.use.memory = false (default)
2019-10-04 21:46:50,908 [pool-439-thread-1] INFO  server.RaftServerConfigKeys (ConfUtils.java:logGet(43)) - raft.server.log.purge.gap = 1000000 (custom)
2019-10-04 21:46:50,908 [pool-469-thread-1] INFO  server.RaftServerConfigKeys (ConfUtils.java:logGet(43)) - raft.server.log.purge.gap = 1000000 (custom)
2019-10-04 21:46:50,908 [pool-459-thread-1] INFO  server.RaftServerConfigKeys (ConfUtils.java:logGet(43)) - raft.server.log.appender.buffer.byte-limit = 33554432 (custom)
2019-10-04 21:46:50,908 [pool-469-thread-1] INFO  server.RaftServerConfigKeys (ConfUtils.java:logGet(43)) - raft.server.log.appender.buffer.byte-limit = 33554432 (custom)
2019-10-04 21:46:50,908 [pool-439-thread-1] INFO  server.RaftServerConfigKeys (ConfUtils.java:logGet(43)) - raft.server.log.appender.buffer.byte-limit = 33554432 (custom)
2019-10-04 21:46:50,908 [pool-469-thread-1] INFO  server.RaftServerConfigKeys (ConfUtils.java:logGet(43)) - raft.server.log.segment.size.max = 1048576 (custom)
2019-10-04 21:46:50,908 [pool-459-thread-1] INFO  server.RaftServerConfigKeys (ConfUtils.java:logGet(43)) - raft.server.log.segment.size.max = 1048576 (custom)
2019-10-04 21:46:50,909 [pool-469-thread-1] INFO  server.RaftServerConfigKeys (ConfUtils.java:logGet(43)) - raft.server.log.segment.cache.num.max = 2 (custom)
2019-10-04 21:46:50,908 [pool-439-thread-1] INFO  server.RaftServerConfigKeys (ConfUtils.java:logGet(43)) - raft.server.log.segment.size.max = 1048576 (custom)
2019-10-04 21:46:50,909 [pool-469-thread-1] INFO  segmented.SegmentedRaftLogWorker (SegmentedRaftLogWorker.java:<init>(173)) - new ed32ec4f-f88d-40f8-90b3-1e363f965dce@group-EBCBD803DF66-SegmentedRaftLogWorker for RaftStorage:Storage Directory /workdir/hadoop-ozone/integration-test/target/test-dir/MiniOzoneClusterImpl-efe61e54-dcf4-4ce1-9515-f66e262f6b8a/datanode-6/data/ratis/61fdd355-6c9b-45d7-9134-ebcbd803df66
2019-10-04 21:46:50,909 [pool-459-thread-1] INFO  server.RaftServerConfigKeys (ConfUtils.java:logGet(43)) - raft.server.log.segment.cache.num.max = 2 (custom)
2019-10-04 21:46:50,909 [pool-469-thread-1] INFO  server.RaftServerConfigKeys (ConfUtils.java:logGet(43)) - raft.server.log.queue.byte-limit = 2147483647 (custom)
2019-10-04 21:46:50,909 [pool-439-thread-1] INFO  server.RaftServerConfigKeys (ConfUtils.java:logGet(43)) - raft.server.log.segment.cache.num.max = 2 (custom)
2019-10-04 21:46:50,909 [pool-469-thread-1] INFO  server.RaftServerConfigKeys (ConfUtils.java:logGet(43)) - raft.server.log.queue.element-limit = 1024 (custom)
2019-10-04 21:46:50,909 [pool-459-thread-1] INFO  segmented.SegmentedRaftLogWorker (SegmentedRaftLogWorker.java:<init>(173)) - new 30434be4-12dc-4776-9a92-54252ab8e913@group-EBCBD803DF66-SegmentedRaftLogWorker for RaftStorage:Storage Directory /workdir/hadoop-ozone/integration-test/target/test-dir/MiniOzoneClusterImpl-efe61e54-dcf4-4ce1-9515-f66e262f6b8a/datanode-5/data/ratis/61fdd355-6c9b-45d7-9134-ebcbd803df66
2019-10-04 21:46:50,910 [pool-469-thread-1] INFO  server.RaftServerConfigKeys (ConfUtils.java:logGet(43)) - raft.server.log.segment.size.max = 1048576 (custom)
2019-10-04 21:46:50,909 [pool-439-thread-1] INFO  segmented.SegmentedRaftLogWorker (SegmentedRaftLogWorker.java:<init>(173)) - new 2a7cbac8-731e-4451-bef1-f907eaf770d2@group-EBCBD803DF66-SegmentedRaftLogWorker for RaftStorage:Storage Directory /workdir/hadoop-ozone/integration-test/target/test-dir/MiniOzoneClusterImpl-efe61e54-dcf4-4ce1-9515-f66e262f6b8a/datanode-3/data/ratis/61fdd355-6c9b-45d7-9134-ebcbd803df66
2019-10-04 21:46:50,910 [pool-469-thread-1] INFO  server.RaftServerConfigKeys (ConfUtils.java:logGet(43)) - raft.server.log.preallocated.size = 16384 (custom)
2019-10-04 21:46:50,910 [pool-459-thread-1] INFO  server.RaftServerConfigKeys (ConfUtils.java:logGet(43)) - raft.server.log.queue.byte-limit = 2147483647 (custom)
2019-10-04 21:46:50,910 [pool-469-thread-1] INFO  server.RaftServerConfigKeys (ConfUtils.java:logGet(43)) - raft.server.log.write.buffer.size = 33554432 (custom)
2019-10-04 21:46:50,910 [pool-439-thread-1] INFO  server.RaftServerConfigKeys (ConfUtils.java:logGet(43)) - raft.server.log.queue.byte-limit = 2147483647 (custom)
2019-10-04 21:46:50,910 [pool-469-thread-1] INFO  server.RaftServerConfigKeys (ConfUtils.java:logGet(43)) - raft.server.log.force.sync.num = 128 (default)
2019-10-04 21:46:50,910 [pool-459-thread-1] INFO  server.RaftServerConfigKeys (ConfUtils.java:logGet(43)) - raft.server.log.queue.element-limit = 1024 (custom)
2019-10-04 21:46:50,910 [pool-469-thread-1] INFO  server.RaftServerConfigKeys (ConfUtils.java:logGet(43)) - raft.server.log.statemachine.data.sync = true (default)
2019-10-04 21:46:50,910 [pool-439-thread-1] INFO  server.RaftServerConfigKeys (ConfUtils.java:logGet(43)) - raft.server.log.queue.element-limit = 1024 (custom)
2019-10-04 21:46:50,911 [pool-469-thread-1] INFO  server.RaftServerConfigKeys (ConfUtils.java:logGet(43)) - raft.server.log.statemachine.data.sync.timeout = 10s (default)
2019-10-04 21:46:50,911 [pool-469-thread-1] INFO  server.RaftServerConfigKeys (ConfUtils.java:logGet(43)) - raft.server.log.statemachine.data.sync.timeout.retry = -1 (default)
2019-10-04 21:46:50,910 [pool-459-thread-1] INFO  server.RaftServerConfigKeys (ConfUtils.java:logGet(43)) - raft.server.log.segment.size.max = 1048576 (custom)
2019-10-04 21:46:50,911 [pool-439-thread-1] INFO  server.RaftServerConfigKeys (ConfUtils.java:logGet(43)) - raft.server.log.segment.size.max = 1048576 (custom)
2019-10-04 21:46:50,911 [pool-469-thread-1] INFO  server.RaftServerConfigKeys (ConfUtils.java:logGet(43)) - raft.server.log.statemachine.data.caching.enabled = true (custom)
2019-10-04 21:46:50,911 [pool-459-thread-1] INFO  server.RaftServerConfigKeys (ConfUtils.java:logGet(43)) - raft.server.log.preallocated.size = 16384 (custom)
2019-10-04 21:46:50,911 [pool-439-thread-1] INFO  server.RaftServerConfigKeys (ConfUtils.java:logGet(43)) - raft.server.log.preallocated.size = 16384 (custom)
2019-10-04 21:46:50,911 [pool-459-thread-1] INFO  server.RaftServerConfigKeys (ConfUtils.java:logGet(43)) - raft.server.log.write.buffer.size = 33554432 (custom)
2019-10-04 21:46:50,912 [pool-439-thread-1] INFO  server.RaftServerConfigKeys (ConfUtils.java:logGet(43)) - raft.server.log.write.buffer.size = 33554432 (custom)
2019-10-04 21:46:50,912 [pool-469-thread-1] INFO  segmented.SegmentedRaftLogWorker (SegmentedRaftLogWorker.java:lambda$new$0(128)) - ed32ec4f-f88d-40f8-90b3-1e363f965dce@group-EBCBD803DF66-SegmentedRaftLogWorker: flushIndex: setUnconditionally 0 -> -1
2019-10-04 21:46:50,912 [pool-459-thread-1] INFO  server.RaftServerConfigKeys (ConfUtils.java:logGet(43)) - raft.server.log.force.sync.num = 128 (default)
2019-10-04 21:46:50,912 [pool-439-thread-1] INFO  server.RaftServerConfigKeys (ConfUtils.java:logGet(43)) - raft.server.log.force.sync.num = 128 (default)
2019-10-04 21:46:50,912 [pool-469-thread-1] INFO  server.RaftServerConfigKeys (ConfUtils.java:logGet(43)) - raft.server.snapshot.auto.trigger.enabled = true (custom)
2019-10-04 21:46:50,912 [pool-459-thread-1] INFO  server.RaftServerConfigKeys (ConfUtils.java:logGet(43)) - raft.server.log.statemachine.data.sync = true (default)
2019-10-04 21:46:50,912 [pool-469-thread-1] INFO  server.RaftServerConfigKeys (ConfUtils.java:logGet(43)) - raft.server.snapshot.auto.trigger.threshold = 10000 (custom)
2019-10-04 21:46:50,912 [pool-439-thread-1] INFO  server.RaftServerConfigKeys (ConfUtils.java:logGet(43)) - raft.server.log.statemachine.data.sync = true (default)
2019-10-04 21:46:50,913 [pool-469-thread-1] INFO  server.RaftServerConfigKeys (ConfUtils.java:logGet(43)) - raft.server.snapshot.retention.file.num = 5 (custom)
2019-10-04 21:46:50,912 [pool-459-thread-1] INFO  server.RaftServerConfigKeys (ConfUtils.java:logGet(43)) - raft.server.log.statemachine.data.sync.timeout = 10s (default)
2019-10-04 21:46:50,913 [pool-469-thread-1] INFO  server.RaftServerConfigKeys (ConfUtils.java:logGet(43)) - raft.server.retrycache.expirytime = 600000ms (custom)
2019-10-04 21:46:50,913 [pool-439-thread-1] INFO  server.RaftServerConfigKeys (ConfUtils.java:logGet(43)) - raft.server.log.statemachine.data.sync.timeout = 10s (default)
2019-10-04 21:46:50,913 [pool-459-thread-1] INFO  server.RaftServerConfigKeys (ConfUtils.java:logGet(43)) - raft.server.log.statemachine.data.sync.timeout.retry = -1 (default)
2019-10-04 21:46:50,913 [pool-439-thread-1] INFO  server.RaftServerConfigKeys (ConfUtils.java:logGet(43)) - raft.server.log.statemachine.data.sync.timeout.retry = -1 (default)
2019-10-04 21:46:50,913 [pool-459-thread-1] INFO  server.RaftServerConfigKeys (ConfUtils.java:logGet(43)) - raft.server.log.statemachine.data.caching.enabled = true (custom)
2019-10-04 21:46:50,914 [pool-439-thread-1] INFO  server.RaftServerConfigKeys (ConfUtils.java:logGet(43)) - raft.server.log.statemachine.data.caching.enabled = true (custom)
2019-10-04 21:46:50,914 [pool-459-thread-1] INFO  segmented.SegmentedRaftLogWorker (SegmentedRaftLogWorker.java:lambda$new$0(128)) - 30434be4-12dc-4776-9a92-54252ab8e913@group-EBCBD803DF66-SegmentedRaftLogWorker: flushIndex: setUnconditionally 0 -> -1
2019-10-04 21:46:50,914 [pool-459-thread-1] INFO  server.RaftServerConfigKeys (ConfUtils.java:logGet(43)) - raft.server.snapshot.auto.trigger.enabled = true (custom)
2019-10-04 21:46:50,914 [pool-439-thread-1] INFO  segmented.SegmentedRaftLogWorker (SegmentedRaftLogWorker.java:lambda$new$0(128)) - 2a7cbac8-731e-4451-bef1-f907eaf770d2@group-EBCBD803DF66-SegmentedRaftLogWorker: flushIndex: setUnconditionally 0 -> -1
2019-10-04 21:46:50,914 [pool-459-thread-1] INFO  server.RaftServerConfigKeys (ConfUtils.java:logGet(43)) - raft.server.snapshot.auto.trigger.threshold = 10000 (custom)
2019-10-04 21:46:50,914 [pool-459-thread-1] INFO  server.RaftServerConfigKeys (ConfUtils.java:logGet(43)) - raft.server.snapshot.retention.file.num = 5 (custom)
2019-10-04 21:46:50,915 [pool-439-thread-1] INFO  server.RaftServerConfigKeys (ConfUtils.java:logGet(43)) - raft.server.snapshot.auto.trigger.enabled = true (custom)
2019-10-04 21:46:50,915 [pool-459-thread-1] INFO  server.RaftServerConfigKeys (ConfUtils.java:logGet(43)) - raft.server.retrycache.expirytime = 600000ms (custom)
2019-10-04 21:46:50,915 [pool-439-thread-1] INFO  server.RaftServerConfigKeys (ConfUtils.java:logGet(43)) - raft.server.snapshot.auto.trigger.threshold = 10000 (custom)
2019-10-04 21:46:50,915 [pool-439-thread-1] INFO  server.RaftServerConfigKeys (ConfUtils.java:logGet(43)) - raft.server.snapshot.retention.file.num = 5 (custom)
2019-10-04 21:46:50,915 [pool-439-thread-1] INFO  server.RaftServerConfigKeys (ConfUtils.java:logGet(43)) - raft.server.retrycache.expirytime = 600000ms (custom)
2019-10-04 21:46:50,917 [pool-459-thread-1] INFO  impl.RaftServerImpl (RaftServerImpl.java:start(181)) - 30434be4-12dc-4776-9a92-54252ab8e913@group-EBCBD803DF66: start as a follower, conf=-1: [30434be4-12dc-4776-9a92-54252ab8e913:192.168.30.43:41864, ed32ec4f-f88d-40f8-90b3-1e363f965dce:192.168.30.43:39828, 2a7cbac8-731e-4451-bef1-f907eaf770d2:192.168.30.43:34947], old=null
2019-10-04 21:46:50,917 [pool-469-thread-1] INFO  impl.RaftServerImpl (RaftServerImpl.java:start(181)) - ed32ec4f-f88d-40f8-90b3-1e363f965dce@group-EBCBD803DF66: start as a follower, conf=-1: [30434be4-12dc-4776-9a92-54252ab8e913:192.168.30.43:41864, ed32ec4f-f88d-40f8-90b3-1e363f965dce:192.168.30.43:39828, 2a7cbac8-731e-4451-bef1-f907eaf770d2:192.168.30.43:34947], old=null
2019-10-04 21:46:50,917 [pool-459-thread-1] INFO  impl.RaftServerImpl (RaftServerImpl.java:setRole(170)) - 30434be4-12dc-4776-9a92-54252ab8e913@group-EBCBD803DF66: changes role from      null to FOLLOWER at term 0 for startAsFollower
2019-10-04 21:46:50,917 [pool-469-thread-1] INFO  impl.RaftServerImpl (RaftServerImpl.java:setRole(170)) - ed32ec4f-f88d-40f8-90b3-1e363f965dce@group-EBCBD803DF66: changes role from      null to FOLLOWER at term 0 for startAsFollower
2019-10-04 21:46:50,917 [pool-459-thread-1] INFO  impl.RoleInfo (RoleInfo.java:updateAndGet(143)) - 30434be4-12dc-4776-9a92-54252ab8e913: start FollowerState
2019-10-04 21:46:50,917 [pool-469-thread-1] INFO  impl.RoleInfo (RoleInfo.java:updateAndGet(143)) - ed32ec4f-f88d-40f8-90b3-1e363f965dce: start FollowerState
2019-10-04 21:46:50,918 [pool-469-thread-1] INFO  util.JmxRegister (JmxRegister.java:tryRegister(44)) - Successfully registered JMX Bean with object name Ratis:service=RaftServer,group=group-EBCBD803DF66,id=ed32ec4f-f88d-40f8-90b3-1e363f965dce
2019-10-04 21:46:50,918 [pool-459-thread-1] INFO  util.JmxRegister (JmxRegister.java:tryRegister(44)) - Successfully registered JMX Bean with object name Ratis:service=RaftServer,group=group-EBCBD803DF66,id=30434be4-12dc-4776-9a92-54252ab8e913
2019-10-04 21:46:50,918 [pool-439-thread-1] INFO  impl.RaftServerImpl (RaftServerImpl.java:start(181)) - 2a7cbac8-731e-4451-bef1-f907eaf770d2@group-EBCBD803DF66: start as a follower, conf=-1: [30434be4-12dc-4776-9a92-54252ab8e913:192.168.30.43:41864, ed32ec4f-f88d-40f8-90b3-1e363f965dce:192.168.30.43:39828, 2a7cbac8-731e-4451-bef1-f907eaf770d2:192.168.30.43:34947], old=null
2019-10-04 21:46:50,918 [pool-439-thread-1] INFO  impl.RaftServerImpl (RaftServerImpl.java:setRole(170)) - 2a7cbac8-731e-4451-bef1-f907eaf770d2@group-EBCBD803DF66: changes role from      null to FOLLOWER at term 0 for startAsFollower
2019-10-04 21:46:50,918 [pool-439-thread-1] INFO  impl.RoleInfo (RoleInfo.java:updateAndGet(143)) - 2a7cbac8-731e-4451-bef1-f907eaf770d2: start FollowerState
2019-10-04 21:46:50,919 [pool-439-thread-1] INFO  util.JmxRegister (JmxRegister.java:tryRegister(44)) - Successfully registered JMX Bean with object name Ratis:service=RaftServer,group=group-EBCBD803DF66,id=2a7cbac8-731e-4451-bef1-f907eaf770d2
2019-10-04 21:46:50,925 [RatisPipelineUtilsThread] INFO  pipeline.PipelineStateManager (PipelineStateManager.java:addPipeline(56)) - Created pipeline Pipeline[ Id: 61fdd355-6c9b-45d7-9134-ebcbd803df66, Nodes: 30434be4-12dc-4776-9a92-54252ab8e913{ip: 192.168.30.43, host: pr-hdds-2252-dqfx9-1550151176, networkLocation: /default-rack, certSerialId: null}ed32ec4f-f88d-40f8-90b3-1e363f965dce{ip: 192.168.30.43, host: pr-hdds-2252-dqfx9-1550151176, networkLocation: /default-rack, certSerialId: null}2a7cbac8-731e-4451-bef1-f907eaf770d2{ip: 192.168.30.43, host: pr-hdds-2252-dqfx9-1550151176, networkLocation: /default-rack, certSerialId: null}, Type:RATIS, Factor:THREE, State:OPEN]
2019-10-04 21:46:51,754 [main] INFO  ozone.MiniOzoneClusterImpl (MiniOzoneClusterImpl.java:lambda$waitForClusterToBeReady$0(147)) - Cluster is ready. Got 7 of 7 DN Heartbeats.
2019-10-04 21:46:51,808 [main] INFO  rpc.RpcClient (RpcClient.java:createVolume(277)) - Creating Volume: testblockoutputstream, with jenkins1000 as owner.
2019-10-04 21:46:51,811 [IPC Server handler 3 on 46208] INFO  volume.OMVolumeCreateRequest (OMVolumeCreateRequest.java:validateAndUpdateCache(193)) - created volume:testblockoutputstream for user:jenkins1000
2019-10-04 21:46:51,830 [main] INFO  rpc.RpcClient (RpcClient.java:createBucket(416)) - Creating Bucket: testblockoutputstream/testblockoutputstream, with Versioning false and Storage Type set to DISK and Encryption set to false 
2019-10-04 21:46:53,349 [Thread-3061] INFO  container.ReplicationManager (ReplicationManager.java:start(162)) - Starting Replication Monitor Thread.
2019-10-04 21:46:53,354 [ReplicationMonitor] INFO  container.ReplicationManager (ReplicationManager.java:run(225)) - Replication Monitor Thread took 0 milliseconds for processing 1 containers.
2019-10-04 21:46:55,447 [Thread-3063] INFO  impl.FollowerState (FollowerState.java:run(108)) - b7267918-c736-4221-b207-45a52eb765d9@group-FB5FF80D8940-FollowerState: change to CANDIDATE, lastRpcTime:5046ms, electionTimeout:5046ms
2019-10-04 21:46:55,447 [Thread-3063] INFO  impl.RoleInfo (RoleInfo.java:shutdownFollowerState(121)) - b7267918-c736-4221-b207-45a52eb765d9: shutdown FollowerState
2019-10-04 21:46:55,447 [Thread-3063] INFO  impl.RaftServerImpl (RaftServerImpl.java:setRole(170)) - b7267918-c736-4221-b207-45a52eb765d9@group-FB5FF80D8940: changes role from  FOLLOWER to CANDIDATE at term 0 for changeToCandidate
2019-10-04 21:46:55,448 [Thread-3063] INFO  impl.RoleInfo (RoleInfo.java:updateAndGet(143)) - b7267918-c736-4221-b207-45a52eb765d9: start LeaderElection
2019-10-04 21:46:55,479 [b7267918-c736-4221-b207-45a52eb765d9@group-FB5FF80D8940-LeaderElection64] INFO  impl.LeaderElection (LeaderElection.java:askForVotes(178)) - b7267918-c736-4221-b207-45a52eb765d9@group-FB5FF80D8940-LeaderElection64: begin an election at term 1 for -1: [b7267918-c736-4221-b207-45a52eb765d9:192.168.30.43:40328], old=null
2019-10-04 21:46:55,480 [b7267918-c736-4221-b207-45a52eb765d9@group-FB5FF80D8940-LeaderElection64] INFO  impl.RoleInfo (RoleInfo.java:shutdownLeaderElection(134)) - b7267918-c736-4221-b207-45a52eb765d9: shutdown LeaderElection
2019-10-04 21:46:55,480 [b7267918-c736-4221-b207-45a52eb765d9@group-FB5FF80D8940-LeaderElection64] INFO  impl.RaftServerImpl (RaftServerImpl.java:setRole(170)) - b7267918-c736-4221-b207-45a52eb765d9@group-FB5FF80D8940: changes role from CANDIDATE to LEADER at term 1 for changeToLeader
2019-10-04 21:46:55,480 [b7267918-c736-4221-b207-45a52eb765d9@group-FB5FF80D8940-LeaderElection64] INFO  impl.RaftServerImpl (ServerState.java:setLeader(255)) - b7267918-c736-4221-b207-45a52eb765d9@group-FB5FF80D8940: change Leader from null to b7267918-c736-4221-b207-45a52eb765d9 at term 1 for becomeLeader, leader elected after 5088ms
2019-10-04 21:46:55,480 [b7267918-c736-4221-b207-45a52eb765d9@group-FB5FF80D8940-LeaderElection64] INFO  server.RaftServerConfigKeys (ConfUtils.java:logGet(43)) - raft.server.staging.catchup.gap = 1000 (default)
2019-10-04 21:46:55,480 [b7267918-c736-4221-b207-45a52eb765d9@group-FB5FF80D8940-LeaderElection64] INFO  server.RaftServerConfigKeys (ConfUtils.java:logGet(43)) - raft.server.rpc.sleep.time = 25ms (default)
2019-10-04 21:46:55,481 [b7267918-c736-4221-b207-45a52eb765d9@group-FB5FF80D8940-LeaderElection64] INFO  server.RaftServerConfigKeys (ConfUtils.java:logGet(43)) - raft.server.write.element-limit = 4096 (default)
2019-10-04 21:46:55,481 [b7267918-c736-4221-b207-45a52eb765d9@group-FB5FF80D8940-LeaderElection64] INFO  server.RaftServerConfigKeys (ConfUtils.java:logGet(43)) - raft.server.watch.timeout = 10s (default)
2019-10-04 21:46:55,481 [b7267918-c736-4221-b207-45a52eb765d9@group-FB5FF80D8940-LeaderElection64] INFO  server.RaftServerConfigKeys (ConfUtils.java:logGet(43)) - raft.server.watch.timeout.denomination = 1s (default)
2019-10-04 21:46:55,481 [b7267918-c736-4221-b207-45a52eb765d9@group-FB5FF80D8940-LeaderElection64] INFO  server.RaftServerConfigKeys (ConfUtils.java:logGet(43)) - raft.server.watch.element-limit = 65536 (default)
2019-10-04 21:46:55,483 [b7267918-c736-4221-b207-45a52eb765d9@group-FB5FF80D8940-LeaderElection64] INFO  impl.RoleInfo (RoleInfo.java:updateAndGet(143)) - b7267918-c736-4221-b207-45a52eb765d9: start LeaderState
2019-10-04 21:46:55,483 [b7267918-c736-4221-b207-45a52eb765d9@group-FB5FF80D8940-LeaderElection64] INFO  segmented.SegmentedRaftLogWorker (SegmentedRaftLogWorker.java:startLogSegment(385)) - b7267918-c736-4221-b207-45a52eb765d9@group-FB5FF80D8940-SegmentedRaftLogWorker: Starting segment from index:0
2019-10-04 21:46:55,484 [b7267918-c736-4221-b207-45a52eb765d9@group-FB5FF80D8940-LeaderElection64] INFO  impl.RaftServerImpl (ServerState.java:setRaftConf(356)) - b7267918-c736-4221-b207-45a52eb765d9@group-FB5FF80D8940: set configuration 0: [b7267918-c736-4221-b207-45a52eb765d9:192.168.30.43:40328], old=null at 0
2019-10-04 21:46:55,526 [b7267918-c736-4221-b207-45a52eb765d9@group-FB5FF80D8940-SegmentedRaftLogWorker] INFO  segmented.SegmentedRaftLogWorker (SegmentedRaftLogWorker.java:execute(574)) - b7267918-c736-4221-b207-45a52eb765d9@group-FB5FF80D8940-SegmentedRaftLogWorker: created new log segment /workdir/hadoop-ozone/integration-test/target/test-dir/MiniOzoneClusterImpl-efe61e54-dcf4-4ce1-9515-f66e262f6b8a/datanode-0/data/ratis/df3badb5-e9d2-44ec-bcd9-fb5ff80d8940/current/log_inprogress_0
2019-10-04 21:46:55,646 [Thread-3066] INFO  impl.FollowerState (FollowerState.java:run(108)) - a7f943cb-bb18-497b-82a4-8777e8f57d3f@group-CDF3AD41164B-FollowerState: change to CANDIDATE, lastRpcTime:5196ms, electionTimeout:5196ms
2019-10-04 21:46:55,646 [Thread-3066] INFO  impl.RoleInfo (RoleInfo.java:shutdownFollowerState(121)) - a7f943cb-bb18-497b-82a4-8777e8f57d3f: shutdown FollowerState
2019-10-04 21:46:55,646 [Thread-3066] INFO  impl.RaftServerImpl (RaftServerImpl.java:setRole(170)) - a7f943cb-bb18-497b-82a4-8777e8f57d3f@group-CDF3AD41164B: changes role from  FOLLOWER to CANDIDATE at term 0 for changeToCandidate
2019-10-04 21:46:55,647 [Thread-3066] INFO  impl.RoleInfo (RoleInfo.java:updateAndGet(143)) - a7f943cb-bb18-497b-82a4-8777e8f57d3f: start LeaderElection
2019-10-04 21:46:55,665 [a7f943cb-bb18-497b-82a4-8777e8f57d3f@group-CDF3AD41164B-LeaderElection65] INFO  impl.LeaderElection (LeaderElection.java:askForVotes(178)) - a7f943cb-bb18-497b-82a4-8777e8f57d3f@group-CDF3AD41164B-LeaderElection65: begin an election at term 1 for -1: [a7f943cb-bb18-497b-82a4-8777e8f57d3f:192.168.30.43:46115], old=null
2019-10-04 21:46:55,666 [a7f943cb-bb18-497b-82a4-8777e8f57d3f@group-CDF3AD41164B-LeaderElection65] INFO  impl.RoleInfo (RoleInfo.java:shutdownLeaderElection(134)) - a7f943cb-bb18-497b-82a4-8777e8f57d3f: shutdown LeaderElection
2019-10-04 21:46:55,666 [a7f943cb-bb18-497b-82a4-8777e8f57d3f@group-CDF3AD41164B-LeaderElection65] INFO  impl.RaftServerImpl (RaftServerImpl.java:setRole(170)) - a7f943cb-bb18-497b-82a4-8777e8f57d3f@group-CDF3AD41164B: changes role from CANDIDATE to LEADER at term 1 for changeToLeader
2019-10-04 21:46:55,666 [a7f943cb-bb18-497b-82a4-8777e8f57d3f@group-CDF3AD41164B-LeaderElection65] INFO  impl.RaftServerImpl (ServerState.java:setLeader(255)) - a7f943cb-bb18-497b-82a4-8777e8f57d3f@group-CDF3AD41164B: change Leader from null to a7f943cb-bb18-497b-82a4-8777e8f57d3f at term 1 for becomeLeader, leader elected after 5223ms
2019-10-04 21:46:55,666 [a7f943cb-bb18-497b-82a4-8777e8f57d3f@group-CDF3AD41164B-LeaderElection65] INFO  server.RaftServerConfigKeys (ConfUtils.java:logGet(43)) - raft.server.staging.catchup.gap = 1000 (default)
2019-10-04 21:46:55,666 [a7f943cb-bb18-497b-82a4-8777e8f57d3f@group-CDF3AD41164B-LeaderElection65] INFO  server.RaftServerConfigKeys (ConfUtils.java:logGet(43)) - raft.server.rpc.sleep.time = 25ms (default)
2019-10-04 21:46:55,666 [a7f943cb-bb18-497b-82a4-8777e8f57d3f@group-CDF3AD41164B-LeaderElection65] INFO  server.RaftServerConfigKeys (ConfUtils.java:logGet(43)) - raft.server.write.element-limit = 4096 (default)
2019-10-04 21:46:55,666 [a7f943cb-bb18-497b-82a4-8777e8f57d3f@group-CDF3AD41164B-LeaderElection65] INFO  server.RaftServerConfigKeys (ConfUtils.java:logGet(43)) - raft.server.watch.timeout = 10s (default)
2019-10-04 21:46:55,667 [a7f943cb-bb18-497b-82a4-8777e8f57d3f@group-CDF3AD41164B-LeaderElection65] INFO  server.RaftServerConfigKeys (ConfUtils.java:logGet(43)) - raft.server.watch.timeout.denomination = 1s (default)
2019-10-04 21:46:55,667 [a7f943cb-bb18-497b-82a4-8777e8f57d3f@group-CDF3AD41164B-LeaderElection65] INFO  server.RaftServerConfigKeys (ConfUtils.java:logGet(43)) - raft.server.watch.element-limit = 65536 (default)
2019-10-04 21:46:55,669 [a7f943cb-bb18-497b-82a4-8777e8f57d3f@group-CDF3AD41164B-LeaderElection65] INFO  impl.RoleInfo (RoleInfo.java:updateAndGet(143)) - a7f943cb-bb18-497b-82a4-8777e8f57d3f: start LeaderState
2019-10-04 21:46:55,669 [a7f943cb-bb18-497b-82a4-8777e8f57d3f@group-CDF3AD41164B-LeaderElection65] INFO  segmented.SegmentedRaftLogWorker (SegmentedRaftLogWorker.java:startLogSegment(385)) - a7f943cb-bb18-497b-82a4-8777e8f57d3f@group-CDF3AD41164B-SegmentedRaftLogWorker: Starting segment from index:0
2019-10-04 21:46:55,670 [a7f943cb-bb18-497b-82a4-8777e8f57d3f@group-CDF3AD41164B-LeaderElection65] INFO  impl.RaftServerImpl (ServerState.java:setRaftConf(356)) - a7f943cb-bb18-497b-82a4-8777e8f57d3f@group-CDF3AD41164B: set configuration 0: [a7f943cb-bb18-497b-82a4-8777e8f57d3f:192.168.30.43:46115], old=null at 0
2019-10-04 21:46:55,691 [Thread-3069] INFO  impl.FollowerState (FollowerState.java:run(108)) - a87e6d7a-5484-427a-9ae7-491f17ac9191@group-A6A144B0810C-FollowerState: change to CANDIDATE, lastRpcTime:5135ms, electionTimeout:5135ms
2019-10-04 21:46:55,691 [Thread-3069] INFO  impl.RoleInfo (RoleInfo.java:shutdownFollowerState(121)) - a87e6d7a-5484-427a-9ae7-491f17ac9191: shutdown FollowerState
2019-10-04 21:46:55,691 [Thread-3069] INFO  impl.RaftServerImpl (RaftServerImpl.java:setRole(170)) - a87e6d7a-5484-427a-9ae7-491f17ac9191@group-A6A144B0810C: changes role from  FOLLOWER to CANDIDATE at term 0 for changeToCandidate
2019-10-04 21:46:55,691 [Thread-3069] INFO  impl.RoleInfo (RoleInfo.java:updateAndGet(143)) - a87e6d7a-5484-427a-9ae7-491f17ac9191: start LeaderElection
2019-10-04 21:46:55,713 [Thread-3076] INFO  impl.FollowerState (FollowerState.java:run(108)) - a87e6d7a-5484-427a-9ae7-491f17ac9191@group-60F3F1E77BEB-FollowerState: change to CANDIDATE, lastRpcTime:5092ms, electionTimeout:5083ms
2019-10-04 21:46:55,714 [Thread-3076] INFO  impl.RoleInfo (RoleInfo.java:shutdownFollowerState(121)) - a87e6d7a-5484-427a-9ae7-491f17ac9191: shutdown FollowerState
2019-10-04 21:46:55,714 [Thread-3076] INFO  impl.RaftServerImpl (RaftServerImpl.java:setRole(170)) - a87e6d7a-5484-427a-9ae7-491f17ac9191@group-60F3F1E77BEB: changes role from  FOLLOWER to CANDIDATE at term 0 for changeToCandidate
2019-10-04 21:46:55,714 [Thread-3076] INFO  impl.RoleInfo (RoleInfo.java:updateAndGet(143)) - a87e6d7a-5484-427a-9ae7-491f17ac9191: start LeaderElection
2019-10-04 21:46:55,722 [a7f943cb-bb18-497b-82a4-8777e8f57d3f@group-CDF3AD41164B-SegmentedRaftLogWorker] INFO  segmented.SegmentedRaftLogWorker (SegmentedRaftLogWorker.java:execute(574)) - a7f943cb-bb18-497b-82a4-8777e8f57d3f@group-CDF3AD41164B-SegmentedRaftLogWorker: created new log segment /workdir/hadoop-ozone/integration-test/target/test-dir/MiniOzoneClusterImpl-efe61e54-dcf4-4ce1-9515-f66e262f6b8a/datanode-1/data/ratis/6b9f65ef-38dd-424d-84ee-cdf3ad41164b/current/log_inprogress_0
2019-10-04 21:46:55,722 [a87e6d7a-5484-427a-9ae7-491f17ac9191@group-A6A144B0810C-LeaderElection66] INFO  impl.LeaderElection (LeaderElection.java:askForVotes(178)) - a87e6d7a-5484-427a-9ae7-491f17ac9191@group-A6A144B0810C-LeaderElection66: begin an election at term 1 for -1: [a87e6d7a-5484-427a-9ae7-491f17ac9191:192.168.30.43:36628], old=null
2019-10-04 21:46:55,722 [a87e6d7a-5484-427a-9ae7-491f17ac9191@group-60F3F1E77BEB-LeaderElection67] INFO  impl.LeaderElection (LeaderElection.java:askForVotes(178)) - a87e6d7a-5484-427a-9ae7-491f17ac9191@group-60F3F1E77BEB-LeaderElection67: begin an election at term 1 for -1: [a87e6d7a-5484-427a-9ae7-491f17ac9191:192.168.30.43:36628, a7f943cb-bb18-497b-82a4-8777e8f57d3f:192.168.30.43:46115, b7267918-c736-4221-b207-45a52eb765d9:192.168.30.43:40328], old=null
2019-10-04 21:46:55,722 [a87e6d7a-5484-427a-9ae7-491f17ac9191@group-A6A144B0810C-LeaderElection66] INFO  impl.RoleInfo (RoleInfo.java:shutdownLeaderElection(134)) - a87e6d7a-5484-427a-9ae7-491f17ac9191: shutdown LeaderElection
2019-10-04 21:46:55,724 [a87e6d7a-5484-427a-9ae7-491f17ac9191@group-A6A144B0810C-LeaderElection66] INFO  impl.RaftServerImpl (RaftServerImpl.java:setRole(170)) - a87e6d7a-5484-427a-9ae7-491f17ac9191@group-A6A144B0810C: changes role from CANDIDATE to LEADER at term 1 for changeToLeader
2019-10-04 21:46:55,724 [a87e6d7a-5484-427a-9ae7-491f17ac9191@group-A6A144B0810C-LeaderElection66] INFO  impl.RaftServerImpl (ServerState.java:setLeader(255)) - a87e6d7a-5484-427a-9ae7-491f17ac9191@group-A6A144B0810C: change Leader from null to a87e6d7a-5484-427a-9ae7-491f17ac9191 at term 1 for becomeLeader, leader elected after 5173ms
2019-10-04 21:46:55,724 [a87e6d7a-5484-427a-9ae7-491f17ac9191@group-A6A144B0810C-LeaderElection66] INFO  server.RaftServerConfigKeys (ConfUtils.java:logGet(43)) - raft.server.staging.catchup.gap = 1000 (default)
2019-10-04 21:46:55,724 [a87e6d7a-5484-427a-9ae7-491f17ac9191@group-A6A144B0810C-LeaderElection66] INFO  server.RaftServerConfigKeys (ConfUtils.java:logGet(43)) - raft.server.rpc.sleep.time = 25ms (default)
2019-10-04 21:46:55,724 [a87e6d7a-5484-427a-9ae7-491f17ac9191@group-A6A144B0810C-LeaderElection66] INFO  server.RaftServerConfigKeys (ConfUtils.java:logGet(43)) - raft.server.write.element-limit = 4096 (default)
2019-10-04 21:46:55,725 [a87e6d7a-5484-427a-9ae7-491f17ac9191@group-A6A144B0810C-LeaderElection66] INFO  server.RaftServerConfigKeys (ConfUtils.java:logGet(43)) - raft.server.watch.timeout = 10s (default)
2019-10-04 21:46:55,725 [a87e6d7a-5484-427a-9ae7-491f17ac9191@group-A6A144B0810C-LeaderElection66] INFO  server.RaftServerConfigKeys (ConfUtils.java:logGet(43)) - raft.server.watch.timeout.denomination = 1s (default)
2019-10-04 21:46:55,725 [a87e6d7a-5484-427a-9ae7-491f17ac9191@group-A6A144B0810C-LeaderElection66] INFO  server.RaftServerConfigKeys (ConfUtils.java:logGet(43)) - raft.server.watch.element-limit = 65536 (default)
2019-10-04 21:46:55,726 [Thread-3074] INFO  impl.FollowerState (FollowerState.java:run(108)) - a7f943cb-bb18-497b-82a4-8777e8f57d3f@group-60F3F1E77BEB-FollowerState: change to CANDIDATE, lastRpcTime:5117ms, electionTimeout:5117ms
2019-10-04 21:46:55,726 [Thread-3074] INFO  impl.RoleInfo (RoleInfo.java:shutdownFollowerState(121)) - a7f943cb-bb18-497b-82a4-8777e8f57d3f: shutdown FollowerState
2019-10-04 21:46:55,728 [grpc-default-executor-8] INFO  impl.RaftServerImpl (RaftServerImpl.java:setRole(170)) - b7267918-c736-4221-b207-45a52eb765d9@group-60F3F1E77BEB: changes role from  FOLLOWER to FOLLOWER at term 1 for recognizeCandidate:a87e6d7a-5484-427a-9ae7-491f17ac9191
2019-10-04 21:46:55,729 [a87e6d7a-5484-427a-9ae7-491f17ac9191@group-A6A144B0810C-LeaderElection66] INFO  impl.RoleInfo (RoleInfo.java:updateAndGet(143)) - a87e6d7a-5484-427a-9ae7-491f17ac9191: start LeaderState
2019-10-04 21:46:55,728 [Thread-3074] INFO  impl.RaftServerImpl (RaftServerImpl.java:setRole(170)) - a7f943cb-bb18-497b-82a4-8777e8f57d3f@group-60F3F1E77BEB: changes role from  FOLLOWER to CANDIDATE at term 0 for changeToCandidate
2019-10-04 21:46:55,729 [a87e6d7a-5484-427a-9ae7-491f17ac9191@group-A6A144B0810C-LeaderElection66] INFO  segmented.SegmentedRaftLogWorker (SegmentedRaftLogWorker.java:startLogSegment(385)) - a87e6d7a-5484-427a-9ae7-491f17ac9191@group-A6A144B0810C-SegmentedRaftLogWorker: Starting segment from index:0
2019-10-04 21:46:55,729 [grpc-default-executor-8] INFO  impl.RoleInfo (RoleInfo.java:shutdownFollowerState(121)) - b7267918-c736-4221-b207-45a52eb765d9: shutdown FollowerState
2019-10-04 21:46:55,729 [a87e6d7a-5484-427a-9ae7-491f17ac9191@group-A6A144B0810C-LeaderElection66] INFO  impl.RaftServerImpl (ServerState.java:setRaftConf(356)) - a87e6d7a-5484-427a-9ae7-491f17ac9191@group-A6A144B0810C: set configuration 0: [a87e6d7a-5484-427a-9ae7-491f17ac9191:192.168.30.43:36628], old=null at 0
2019-10-04 21:46:55,729 [grpc-default-executor-8] INFO  impl.RoleInfo (RoleInfo.java:updateAndGet(143)) - b7267918-c736-4221-b207-45a52eb765d9: start FollowerState
2019-10-04 21:46:55,729 [Thread-3074] INFO  impl.RoleInfo (RoleInfo.java:updateAndGet(143)) - a7f943cb-bb18-497b-82a4-8777e8f57d3f: start LeaderElection
2019-10-04 21:46:55,730 [Thread-3075] INFO  impl.FollowerState (FollowerState.java:run(117)) - b7267918-c736-4221-b207-45a52eb765d9@group-60F3F1E77BEB-FollowerState was interrupted: java.lang.InterruptedException: sleep interrupted
2019-10-04 21:46:55,775 [grpc-default-executor-6] INFO  impl.RaftServerImpl (RaftServerImpl.java:setRole(170)) - a7f943cb-bb18-497b-82a4-8777e8f57d3f@group-60F3F1E77BEB: changes role from CANDIDATE to FOLLOWER at term 1 for recognizeCandidate:a87e6d7a-5484-427a-9ae7-491f17ac9191
2019-10-04 21:46:55,776 [grpc-default-executor-6] INFO  impl.RoleInfo (RoleInfo.java:shutdownLeaderElection(134)) - a7f943cb-bb18-497b-82a4-8777e8f57d3f: shutdown LeaderElection
2019-10-04 21:46:55,776 [grpc-default-executor-6] INFO  impl.RoleInfo (RoleInfo.java:updateAndGet(143)) - a7f943cb-bb18-497b-82a4-8777e8f57d3f: start FollowerState
2019-10-04 21:46:55,781 [a87e6d7a-5484-427a-9ae7-491f17ac9191@group-A6A144B0810C-SegmentedRaftLogWorker] INFO  segmented.SegmentedRaftLogWorker (SegmentedRaftLogWorker.java:execute(574)) - a87e6d7a-5484-427a-9ae7-491f17ac9191@group-A6A144B0810C-SegmentedRaftLogWorker: created new log segment /workdir/hadoop-ozone/integration-test/target/test-dir/MiniOzoneClusterImpl-efe61e54-dcf4-4ce1-9515-f66e262f6b8a/datanode-2/data/ratis/ab73085d-1419-4cb4-94a3-a6a144b0810c/current/log_inprogress_0
2019-10-04 21:46:55,786 [a87e6d7a-5484-427a-9ae7-491f17ac9191@group-60F3F1E77BEB-LeaderElection67] INFO  impl.LeaderElection (LeaderElection.java:logAndReturn(56)) - a87e6d7a-5484-427a-9ae7-491f17ac9191@group-60F3F1E77BEB-LeaderElection67: Election PASSED; received 2 response(s) [a87e6d7a-5484-427a-9ae7-491f17ac9191<-a7f943cb-bb18-497b-82a4-8777e8f57d3f#0:FAIL-t1, a87e6d7a-5484-427a-9ae7-491f17ac9191<-b7267918-c736-4221-b207-45a52eb765d9#0:OK-t1] and 0 exception(s); a87e6d7a-5484-427a-9ae7-491f17ac9191@group-60F3F1E77BEB:t1, leader=null, voted=a87e6d7a-5484-427a-9ae7-491f17ac9191, raftlog=a87e6d7a-5484-427a-9ae7-491f17ac9191@group-60F3F1E77BEB-SegmentedRaftLog:OPENED:c-1,f-1,i0, conf=-1: [a87e6d7a-5484-427a-9ae7-491f17ac9191:192.168.30.43:36628, a7f943cb-bb18-497b-82a4-8777e8f57d3f:192.168.30.43:46115, b7267918-c736-4221-b207-45a52eb765d9:192.168.30.43:40328], old=null
2019-10-04 21:46:55,786 [a87e6d7a-5484-427a-9ae7-491f17ac9191@group-60F3F1E77BEB-LeaderElection67] INFO  impl.RoleInfo (RoleInfo.java:shutdownLeaderElection(134)) - a87e6d7a-5484-427a-9ae7-491f17ac9191: shutdown LeaderElection
2019-10-04 21:46:55,786 [a87e6d7a-5484-427a-9ae7-491f17ac9191@group-60F3F1E77BEB-LeaderElection67] INFO  impl.RaftServerImpl (RaftServerImpl.java:setRole(170)) - a87e6d7a-5484-427a-9ae7-491f17ac9191@group-60F3F1E77BEB: changes role from CANDIDATE to LEADER at term 1 for changeToLeader
2019-10-04 21:46:55,786 [a87e6d7a-5484-427a-9ae7-491f17ac9191@group-60F3F1E77BEB-LeaderElection67] INFO  impl.RaftServerImpl (ServerState.java:setLeader(255)) - a87e6d7a-5484-427a-9ae7-491f17ac9191@group-60F3F1E77BEB: change Leader from null to a87e6d7a-5484-427a-9ae7-491f17ac9191 at term 1 for becomeLeader, leader elected after 5186ms
2019-10-04 21:46:55,786 [a87e6d7a-5484-427a-9ae7-491f17ac9191@group-60F3F1E77BEB-LeaderElection67] INFO  server.RaftServerConfigKeys (ConfUtils.java:logGet(43)) - raft.server.staging.catchup.gap = 1000 (default)
2019-10-04 21:46:55,786 [a87e6d7a-5484-427a-9ae7-491f17ac9191@group-60F3F1E77BEB-LeaderElection67] INFO  server.RaftServerConfigKeys (ConfUtils.java:logGet(43)) - raft.server.rpc.sleep.time = 25ms (default)
2019-10-04 21:46:55,786 [a87e6d7a-5484-427a-9ae7-491f17ac9191@group-60F3F1E77BEB-LeaderElection67] INFO  server.RaftServerConfigKeys (ConfUtils.java:logGet(43)) - raft.server.write.element-limit = 4096 (default)
2019-10-04 21:46:55,787 [a87e6d7a-5484-427a-9ae7-491f17ac9191@group-60F3F1E77BEB-LeaderElection67] INFO  server.RaftServerConfigKeys (ConfUtils.java:logGet(43)) - raft.server.watch.timeout = 10s (default)
2019-10-04 21:46:55,787 [a87e6d7a-5484-427a-9ae7-491f17ac9191@group-60F3F1E77BEB-LeaderElection67] INFO  server.RaftServerConfigKeys (ConfUtils.java:logGet(43)) - raft.server.watch.timeout.denomination = 1s (default)
2019-10-04 21:46:55,787 [a87e6d7a-5484-427a-9ae7-491f17ac9191@group-60F3F1E77BEB-LeaderElection67] INFO  server.RaftServerConfigKeys (ConfUtils.java:logGet(43)) - raft.server.watch.element-limit = 65536 (default)
2019-10-04 21:46:55,789 [a87e6d7a-5484-427a-9ae7-491f17ac9191@group-60F3F1E77BEB-LeaderElection67] INFO  server.RaftServerConfigKeys (ConfUtils.java:logGet(43)) - raft.server.log.appender.snapshot.chunk.size.max = 16MB (=16777216) (default)
2019-10-04 21:46:55,789 [a87e6d7a-5484-427a-9ae7-491f17ac9191@group-60F3F1E77BEB-LeaderElection67] INFO  server.RaftServerConfigKeys (ConfUtils.java:logGet(43)) - raft.server.log.appender.buffer.byte-limit = 33554432 (custom)
2019-10-04 21:46:55,789 [a87e6d7a-5484-427a-9ae7-491f17ac9191@group-60F3F1E77BEB-LeaderElection67] INFO  server.RaftServerConfigKeys (ConfUtils.java:logGet(43)) - raft.server.log.appender.buffer.element-limit = 1 (custom)
2019-10-04 21:46:55,790 [a87e6d7a-5484-427a-9ae7-491f17ac9191@group-60F3F1E77BEB-LeaderElection67] INFO  grpc.GrpcConfigKeys$Server (ConfUtils.java:logGet(43)) - raft.grpc.server.leader.outstanding.appends.max = 128 (default)
2019-10-04 21:46:55,790 [a87e6d7a-5484-427a-9ae7-491f17ac9191@group-60F3F1E77BEB-LeaderElection67] INFO  server.RaftServerConfigKeys (ConfUtils.java:logGet(43)) - raft.server.rpc.request.timeout = 3000ms (default)
2019-10-04 21:46:55,790 [a87e6d7a-5484-427a-9ae7-491f17ac9191@group-60F3F1E77BEB-LeaderElection67] INFO  server.RaftServerConfigKeys (ConfUtils.java:logGet(43)) - raft.server.log.appender.install.snapshot.enabled = false (custom)
2019-10-04 21:46:55,790 [a87e6d7a-5484-427a-9ae7-491f17ac9191@group-60F3F1E77BEB-LeaderElection67] INFO  server.RaftServerConfigKeys (ConfUtils.java:logGet(43)) - raft.server.log.appender.snapshot.chunk.size.max = 16MB (=16777216) (default)
2019-10-04 21:46:55,791 [a87e6d7a-5484-427a-9ae7-491f17ac9191@group-60F3F1E77BEB-LeaderElection67] INFO  server.RaftServerConfigKeys (ConfUtils.java:logGet(43)) - raft.server.log.appender.buffer.byte-limit = 33554432 (custom)
2019-10-04 21:46:55,791 [a87e6d7a-5484-427a-9ae7-491f17ac9191@group-60F3F1E77BEB-LeaderElection67] INFO  server.RaftServerConfigKeys (ConfUtils.java:logGet(43)) - raft.server.log.appender.buffer.element-limit = 1 (custom)
2019-10-04 21:46:55,791 [a87e6d7a-5484-427a-9ae7-491f17ac9191@group-60F3F1E77BEB-LeaderElection67] INFO  grpc.GrpcConfigKeys$Server (ConfUtils.java:logGet(43)) - raft.grpc.server.leader.outstanding.appends.max = 128 (default)
2019-10-04 21:46:55,791 [a87e6d7a-5484-427a-9ae7-491f17ac9191@group-60F3F1E77BEB-LeaderElection67] INFO  server.RaftServerConfigKeys (ConfUtils.java:logGet(43)) - raft.server.rpc.request.timeout = 3000ms (default)
2019-10-04 21:46:55,791 [a87e6d7a-5484-427a-9ae7-491f17ac9191@group-60F3F1E77BEB-LeaderElection67] INFO  server.RaftServerConfigKeys (ConfUtils.java:logGet(43)) - raft.server.log.appender.install.snapshot.enabled = false (custom)
2019-10-04 21:46:55,791 [a87e6d7a-5484-427a-9ae7-491f17ac9191@group-60F3F1E77BEB-LeaderElection67] INFO  impl.RoleInfo (RoleInfo.java:updateAndGet(143)) - a87e6d7a-5484-427a-9ae7-491f17ac9191: start LeaderState
2019-10-04 21:46:55,792 [a87e6d7a-5484-427a-9ae7-491f17ac9191@group-60F3F1E77BEB-LeaderElection67] INFO  segmented.SegmentedRaftLogWorker (SegmentedRaftLogWorker.java:startLogSegment(385)) - a87e6d7a-5484-427a-9ae7-491f17ac9191@group-60F3F1E77BEB-SegmentedRaftLogWorker: Starting segment from index:0
2019-10-04 21:46:55,792 [a87e6d7a-5484-427a-9ae7-491f17ac9191@group-60F3F1E77BEB-LeaderElection67] INFO  impl.RaftServerImpl (ServerState.java:setRaftConf(356)) - a87e6d7a-5484-427a-9ae7-491f17ac9191@group-60F3F1E77BEB: set configuration 0: [a87e6d7a-5484-427a-9ae7-491f17ac9191:192.168.30.43:36628, a7f943cb-bb18-497b-82a4-8777e8f57d3f:192.168.30.43:46115, b7267918-c736-4221-b207-45a52eb765d9:192.168.30.43:40328], old=null at 0
2019-10-04 21:46:55,822 [Thread-3084] INFO  impl.FollowerState (FollowerState.java:run(108)) - 2a7cbac8-731e-4451-bef1-f907eaf770d2@group-0DC8FAF24035-FollowerState: change to CANDIDATE, lastRpcTime:5048ms, electionTimeout:5027ms
2019-10-04 21:46:55,822 [a7f943cb-bb18-497b-82a4-8777e8f57d3f@group-60F3F1E77BEB-LeaderElection68] INFO  impl.LeaderElection (LeaderElection.java:askForVotes(178)) - a7f943cb-bb18-497b-82a4-8777e8f57d3f@group-60F3F1E77BEB-LeaderElection68: begin an election at term 2 for -1: [a87e6d7a-5484-427a-9ae7-491f17ac9191:192.168.30.43:36628, a7f943cb-bb18-497b-82a4-8777e8f57d3f:192.168.30.43:46115, b7267918-c736-4221-b207-45a52eb765d9:192.168.30.43:40328], old=null
2019-10-04 21:46:55,825 [Thread-3084] INFO  impl.RoleInfo (RoleInfo.java:shutdownFollowerState(121)) - 2a7cbac8-731e-4451-bef1-f907eaf770d2: shutdown FollowerState
2019-10-04 21:46:55,825 [Thread-3084] INFO  impl.RaftServerImpl (RaftServerImpl.java:setRole(170)) - 2a7cbac8-731e-4451-bef1-f907eaf770d2@group-0DC8FAF24035: changes role from  FOLLOWER to CANDIDATE at term 0 for changeToCandidate
2019-10-04 21:46:55,825 [Thread-3084] INFO  impl.RoleInfo (RoleInfo.java:updateAndGet(143)) - 2a7cbac8-731e-4451-bef1-f907eaf770d2: start LeaderElection
2019-10-04 21:46:55,826 [a7f943cb-bb18-497b-82a4-8777e8f57d3f@group-60F3F1E77BEB-LeaderElection68] INFO  impl.LeaderElection (LeaderElection.java:logAndReturn(56)) - a7f943cb-bb18-497b-82a4-8777e8f57d3f@group-60F3F1E77BEB-LeaderElection68: Election REJECTED; received 0 response(s) [] and 0 exception(s); a7f943cb-bb18-497b-82a4-8777e8f57d3f@group-60F3F1E77BEB:t2, leader=null, voted=a7f943cb-bb18-497b-82a4-8777e8f57d3f, raftlog=a7f943cb-bb18-497b-82a4-8777e8f57d3f@group-60F3F1E77BEB-SegmentedRaftLog:OPENED:c-1,f-1,i0, conf=-1: [a87e6d7a-5484-427a-9ae7-491f17ac9191:192.168.30.43:36628, a7f943cb-bb18-497b-82a4-8777e8f57d3f:192.168.30.43:46115, b7267918-c736-4221-b207-45a52eb765d9:192.168.30.43:40328], old=null
2019-10-04 21:46:55,838 [a87e6d7a-5484-427a-9ae7-491f17ac9191@group-60F3F1E77BEB-SegmentedRaftLogWorker] INFO  segmented.SegmentedRaftLogWorker (SegmentedRaftLogWorker.java:execute(574)) - a87e6d7a-5484-427a-9ae7-491f17ac9191@group-60F3F1E77BEB-SegmentedRaftLogWorker: created new log segment /workdir/hadoop-ozone/integration-test/target/test-dir/MiniOzoneClusterImpl-efe61e54-dcf4-4ce1-9515-f66e262f6b8a/datanode-2/data/ratis/fd3b3ee0-dbfd-4763-96f5-60f3f1e77beb/current/log_inprogress_0
2019-10-04 21:46:55,838 [grpc-default-executor-8] INFO  impl.RaftServerImpl (ServerState.java:setLeader(255)) - b7267918-c736-4221-b207-45a52eb765d9@group-60F3F1E77BEB: change Leader from null to a87e6d7a-5484-427a-9ae7-491f17ac9191 at term 1 for appendEntries, leader elected after 5238ms
2019-10-04 21:46:55,852 [Thread-3081] INFO  impl.FollowerState (FollowerState.java:run(108)) - 30434be4-12dc-4776-9a92-54252ab8e913@group-DF93E9A36AD6-FollowerState: change to CANDIDATE, lastRpcTime:5121ms, electionTimeout:5117ms
2019-10-04 21:46:55,852 [Thread-3081] INFO  impl.RoleInfo (RoleInfo.java:shutdownFollowerState(121)) - 30434be4-12dc-4776-9a92-54252ab8e913: shutdown FollowerState
2019-10-04 21:46:55,852 [Thread-3081] INFO  impl.RaftServerImpl (RaftServerImpl.java:setRole(170)) - 30434be4-12dc-4776-9a92-54252ab8e913@group-DF93E9A36AD6: changes role from  FOLLOWER to CANDIDATE at term 0 for changeToCandidate
2019-10-04 21:46:55,852 [Thread-3081] INFO  impl.RoleInfo (RoleInfo.java:updateAndGet(143)) - 30434be4-12dc-4776-9a92-54252ab8e913: start LeaderElection
2019-10-04 21:46:55,857 [Thread-3087] INFO  impl.FollowerState (FollowerState.java:run(108)) - ed32ec4f-f88d-40f8-90b3-1e363f965dce@group-7F692CF3FFEB-FollowerState: change to CANDIDATE, lastRpcTime:5045ms, electionTimeout:5043ms
2019-10-04 21:46:55,857 [2a7cbac8-731e-4451-bef1-f907eaf770d2@group-0DC8FAF24035-LeaderElection69] INFO  impl.LeaderElection (LeaderElection.java:askForVotes(178)) - 2a7cbac8-731e-4451-bef1-f907eaf770d2@group-0DC8FAF24035-LeaderElection69: begin an election at term 1 for -1: [2a7cbac8-731e-4451-bef1-f907eaf770d2:192.168.30.43:34947], old=null
2019-10-04 21:46:55,857 [Thread-3087] INFO  impl.RoleInfo (RoleInfo.java:shutdownFollowerState(121)) - ed32ec4f-f88d-40f8-90b3-1e363f965dce: shutdown FollowerState
2019-10-04 21:46:55,857 [2a7cbac8-731e-4451-bef1-f907eaf770d2@group-0DC8FAF24035-LeaderElection69] INFO  impl.RoleInfo (RoleInfo.java:shutdownLeaderElection(134)) - 2a7cbac8-731e-4451-bef1-f907eaf770d2: shutdown LeaderElection
2019-10-04 21:46:55,860 [Thread-3087] INFO  impl.RaftServerImpl (RaftServerImpl.java:setRole(170)) - ed32ec4f-f88d-40f8-90b3-1e363f965dce@group-7F692CF3FFEB: changes role from  FOLLOWER to CANDIDATE at term 0 for changeToCandidate
2019-10-04 21:46:55,860 [2a7cbac8-731e-4451-bef1-f907eaf770d2@group-0DC8FAF24035-LeaderElection69] INFO  impl.RaftServerImpl (RaftServerImpl.java:setRole(170)) - 2a7cbac8-731e-4451-bef1-f907eaf770d2@group-0DC8FAF24035: changes role from CANDIDATE to LEADER at term 1 for changeToLeader
2019-10-04 21:46:55,861 [Thread-3087] INFO  impl.RoleInfo (RoleInfo.java:updateAndGet(143)) - ed32ec4f-f88d-40f8-90b3-1e363f965dce: start LeaderElection
2019-10-04 21:46:55,861 [2a7cbac8-731e-4451-bef1-f907eaf770d2@group-0DC8FAF24035-LeaderElection69] INFO  impl.RaftServerImpl (ServerState.java:setLeader(255)) - 2a7cbac8-731e-4451-bef1-f907eaf770d2@group-0DC8FAF24035: change Leader from null to 2a7cbac8-731e-4451-bef1-f907eaf770d2 at term 1 for becomeLeader, leader elected after 5091ms
2019-10-04 21:46:55,861 [2a7cbac8-731e-4451-bef1-f907eaf770d2@group-0DC8FAF24035-LeaderElection69] INFO  server.RaftServerConfigKeys (ConfUtils.java:logGet(43)) - raft.server.staging.catchup.gap = 1000 (default)
2019-10-04 21:46:55,867 [Thread-3125] INFO  impl.RaftServerImpl (ServerState.java:setLeader(255)) - a87e6d7a-5484-427a-9ae7-491f17ac9191@group-60F3F1E77BEB: change Leader from a87e6d7a-5484-427a-9ae7-491f17ac9191 to null at term 2 for updateCurrentTerm
2019-10-04 21:46:55,870 [grpc-default-executor-0] INFO  impl.RaftServerImpl (ServerState.java:setRaftConf(356)) - b7267918-c736-4221-b207-45a52eb765d9@group-60F3F1E77BEB: set configuration 0: [a87e6d7a-5484-427a-9ae7-491f17ac9191:192.168.30.43:36628, a7f943cb-bb18-497b-82a4-8777e8f57d3f:192.168.30.43:46115, b7267918-c736-4221-b207-45a52eb765d9:192.168.30.43:40328], old=null at 0
2019-10-04 21:46:55,867 [2a7cbac8-731e-4451-bef1-f907eaf770d2@group-0DC8FAF24035-LeaderElection69] INFO  server.RaftServerConfigKeys (ConfUtils.java:logGet(43)) - raft.server.rpc.sleep.time = 25ms (default)
2019-10-04 21:46:55,871 [grpc-default-executor-0] INFO  segmented.SegmentedRaftLogWorker (SegmentedRaftLogWorker.java:startLogSegment(385)) - b7267918-c736-4221-b207-45a52eb765d9@group-60F3F1E77BEB-SegmentedRaftLogWorker: Starting segment from index:0
2019-10-04 21:46:55,871 [grpc-default-executor-8] INFO  impl.RaftServerImpl (ServerState.java:setLeader(255)) - b7267918-c736-4221-b207-45a52eb765d9@group-60F3F1E77BEB: change Leader from a87e6d7a-5484-427a-9ae7-491f17ac9191 to null at term 2 for updateCurrentTerm
2019-10-04 21:46:55,871 [Thread-3125] INFO  impl.RaftServerImpl (RaftServerImpl.java:setRole(170)) - a87e6d7a-5484-427a-9ae7-491f17ac9191@group-60F3F1E77BEB: changes role from    LEADER to FOLLOWER at term 2 for stepDown
2019-10-04 21:46:55,872 [grpc-default-executor-8] INFO  impl.RaftServerImpl (RaftServerImpl.java:setRole(170)) - b7267918-c736-4221-b207-45a52eb765d9@group-60F3F1E77BEB: changes role from  FOLLOWER to FOLLOWER at term 2 for recognizeCandidate:a7f943cb-bb18-497b-82a4-8777e8f57d3f
2019-10-04 21:46:55,871 [2a7cbac8-731e-4451-bef1-f907eaf770d2@group-0DC8FAF24035-LeaderElection69] INFO  server.RaftServerConfigKeys (ConfUtils.java:logGet(43)) - raft.server.write.element-limit = 4096 (default)
2019-10-04 21:46:55,872 [grpc-default-executor-8] INFO  impl.RoleInfo (RoleInfo.java:shutdownFollowerState(121)) - b7267918-c736-4221-b207-45a52eb765d9: shutdown FollowerState
2019-10-04 21:46:55,872 [Thread-3125] INFO  impl.RoleInfo (RoleInfo.java:shutdownLeaderState(104)) - a87e6d7a-5484-427a-9ae7-491f17ac9191: shutdown LeaderState
2019-10-04 21:46:55,872 [grpc-default-executor-8] INFO  impl.RoleInfo (RoleInfo.java:updateAndGet(143)) - b7267918-c736-4221-b207-45a52eb765d9: start FollowerState
2019-10-04 21:46:55,878 [org.apache.ratis.server.impl.LogAppender$AppenderDaemon$$Lambda$537/376264038@cf473f9] WARN  server.GrpcLogAppender (GrpcLogAppender.java:mayWait(143)) - a87e6d7a-5484-427a-9ae7-491f17ac9191@group-60F3F1E77BEB->b7267918-c736-4221-b207-45a52eb765d9-GrpcLogAppender: Wait interrupted by java.lang.InterruptedException
2019-10-04 21:46:55,872 [2a7cbac8-731e-4451-bef1-f907eaf770d2@group-0DC8FAF24035-LeaderElection69] INFO  server.RaftServerConfigKeys (ConfUtils.java:logGet(43)) - raft.server.watch.timeout = 10s (default)
2019-10-04 21:46:55,878 [Thread-3125] INFO  impl.PendingRequests (PendingRequests.java:sendNotLeaderResponses(202)) - a87e6d7a-5484-427a-9ae7-491f17ac9191@group-60F3F1E77BEB-PendingRequests: sendNotLeaderResponses
2019-10-04 21:46:55,872 [Thread-3123] INFO  impl.FollowerState (FollowerState.java:run(117)) - b7267918-c736-4221-b207-45a52eb765d9@group-60F3F1E77BEB-FollowerState was interrupted: java.lang.InterruptedException: sleep interrupted
2019-10-04 21:46:55,878 [Thread-3125] INFO  impl.RoleInfo (RoleInfo.java:updateAndGet(143)) - a87e6d7a-5484-427a-9ae7-491f17ac9191: start FollowerState
2019-10-04 21:46:55,878 [grpc-default-executor-0] INFO  server.GrpcServerProtocolService (GrpcServerProtocolService.java:onCompleted(113)) - b7267918-c736-4221-b207-45a52eb765d9: Completed APPEND_ENTRIES, lastRequest: a87e6d7a-5484-427a-9ae7-491f17ac9191->b7267918-c736-4221-b207-45a52eb765d9#1-t1, previous=(t:0, i:0), leaderCommit=0, initializing? false, entries: size=1, first=(t:1, i:0), CONFIGURATIONENTRY
2019-10-04 21:46:55,878 [org.apache.ratis.server.impl.LogAppender$AppenderDaemon$$Lambda$537/376264038@2c628dfd] WARN  server.GrpcLogAppender (GrpcLogAppender.java:mayWait(143)) - a87e6d7a-5484-427a-9ae7-491f17ac9191@group-60F3F1E77BEB->a7f943cb-bb18-497b-82a4-8777e8f57d3f-GrpcLogAppender: Wait interrupted by java.lang.InterruptedException
2019-10-04 21:46:55,878 [30434be4-12dc-4776-9a92-54252ab8e913@group-DF93E9A36AD6-LeaderElection70] INFO  impl.LeaderElection (LeaderElection.java:askForVotes(178)) - 30434be4-12dc-4776-9a92-54252ab8e913@group-DF93E9A36AD6-LeaderElection70: begin an election at term 1 for -1: [30434be4-12dc-4776-9a92-54252ab8e913:192.168.30.43:41864], old=null
2019-10-04 21:46:55,878 [2a7cbac8-731e-4451-bef1-f907eaf770d2@group-0DC8FAF24035-LeaderElection69] INFO  server.RaftServerConfigKeys (ConfUtils.java:logGet(43)) - raft.server.watch.timeout.denomination = 1s (default)
2019-10-04 21:46:55,912 [grpc-default-executor-8] INFO  server.GrpcServerProtocolService (GrpcServerProtocolService.java:onCompleted(113)) - a7f943cb-bb18-497b-82a4-8777e8f57d3f: Completed APPEND_ENTRIES, lastRequest: a87e6d7a-5484-427a-9ae7-491f17ac9191->a7f943cb-bb18-497b-82a4-8777e8f57d3f#0-t1, previous=(t:0, i:0), leaderCommit=-1, initializing? false, entries: <empty>
2019-10-04 21:46:55,878 [ed32ec4f-f88d-40f8-90b3-1e363f965dce@group-7F692CF3FFEB-LeaderElection71] INFO  impl.LeaderElection (LeaderElection.java:askForVotes(178)) - ed32ec4f-f88d-40f8-90b3-1e363f965dce@group-7F692CF3FFEB-LeaderElection71: begin an election at term 1 for -1: [ed32ec4f-f88d-40f8-90b3-1e363f965dce:192.168.30.43:39828], old=null
2019-10-04 21:46:55,913 [grpc-default-executor-0] INFO  server.GrpcLogAppender (GrpcLogAppender.java:onCompleted(293)) - a87e6d7a-5484-427a-9ae7-491f17ac9191@group-60F3F1E77BEB->b7267918-c736-4221-b207-45a52eb765d9-AppendLogResponseHandler: follower responses appendEntries COMPLETED
2019-10-04 21:46:55,913 [2a7cbac8-731e-4451-bef1-f907eaf770d2@group-0DC8FAF24035-LeaderElection69] INFO  server.RaftServerConfigKeys (ConfUtils.java:logGet(43)) - raft.server.watch.element-limit = 65536 (default)
2019-10-04 21:46:55,912 [30434be4-12dc-4776-9a92-54252ab8e913@group-DF93E9A36AD6-LeaderElection70] INFO  impl.RoleInfo (RoleInfo.java:shutdownLeaderElection(134)) - 30434be4-12dc-4776-9a92-54252ab8e913: shutdown LeaderElection
2019-10-04 21:46:55,913 [grpc-default-executor-8] INFO  server.GrpcLogAppender (GrpcLogAppender.java:onCompleted(293)) - a87e6d7a-5484-427a-9ae7-491f17ac9191@group-60F3F1E77BEB->a7f943cb-bb18-497b-82a4-8777e8f57d3f-AppendLogResponseHandler: follower responses appendEntries COMPLETED
2019-10-04 21:46:55,913 [ed32ec4f-f88d-40f8-90b3-1e363f965dce@group-7F692CF3FFEB-LeaderElection71] INFO  impl.RoleInfo (RoleInfo.java:shutdownLeaderElection(134)) - ed32ec4f-f88d-40f8-90b3-1e363f965dce: shutdown LeaderElection
2019-10-04 21:46:55,914 [grpc-default-executor-0] INFO  impl.FollowerInfo (FollowerInfo.java:lambda$new$0(51)) - a87e6d7a-5484-427a-9ae7-491f17ac9191@group-60F3F1E77BEB->b7267918-c736-4221-b207-45a52eb765d9: nextIndex: updateUnconditionally 1 -> 0
2019-10-04 21:46:55,913 [30434be4-12dc-4776-9a92-54252ab8e913@group-DF93E9A36AD6-LeaderElection70] INFO  impl.RaftServerImpl (RaftServerImpl.java:setRole(170)) - 30434be4-12dc-4776-9a92-54252ab8e913@group-DF93E9A36AD6: changes role from CANDIDATE to LEADER at term 1 for changeToLeader
2019-10-04 21:46:55,914 [grpc-default-executor-8] INFO  impl.FollowerInfo (FollowerInfo.java:lambda$new$0(51)) - a87e6d7a-5484-427a-9ae7-491f17ac9191@group-60F3F1E77BEB->a7f943cb-bb18-497b-82a4-8777e8f57d3f: nextIndex: updateUnconditionally 0 -> 0
2019-10-04 21:46:55,914 [ed32ec4f-f88d-40f8-90b3-1e363f965dce@group-7F692CF3FFEB-LeaderElection71] INFO  impl.RaftServerImpl (RaftServerImpl.java:setRole(170)) - ed32ec4f-f88d-40f8-90b3-1e363f965dce@group-7F692CF3FFEB: changes role from CANDIDATE to LEADER at term 1 for changeToLeader
2019-10-04 21:46:55,914 [30434be4-12dc-4776-9a92-54252ab8e913@group-DF93E9A36AD6-LeaderElection70] INFO  impl.RaftServerImpl (ServerState.java:setLeader(255)) - 30434be4-12dc-4776-9a92-54252ab8e913@group-DF93E9A36AD6: change Leader from null to 30434be4-12dc-4776-9a92-54252ab8e913 at term 1 for becomeLeader, leader elected after 5188ms
2019-10-04 21:46:55,915 [ed32ec4f-f88d-40f8-90b3-1e363f965dce@group-7F692CF3FFEB-LeaderElection71] INFO  impl.RaftServerImpl (ServerState.java:setLeader(255)) - ed32ec4f-f88d-40f8-90b3-1e363f965dce@group-7F692CF3FFEB: change Leader from null to ed32ec4f-f88d-40f8-90b3-1e363f965dce at term 1 for becomeLeader, leader elected after 5110ms
2019-10-04 21:46:55,915 [30434be4-12dc-4776-9a92-54252ab8e913@group-DF93E9A36AD6-LeaderElection70] INFO  server.RaftServerConfigKeys (ConfUtils.java:logGet(43)) - raft.server.staging.catchup.gap = 1000 (default)
2019-10-04 21:46:55,915 [ed32ec4f-f88d-40f8-90b3-1e363f965dce@group-7F692CF3FFEB-LeaderElection71] INFO  server.RaftServerConfigKeys (ConfUtils.java:logGet(43)) - raft.server.staging.catchup.gap = 1000 (default)
2019-10-04 21:46:55,915 [30434be4-12dc-4776-9a92-54252ab8e913@group-DF93E9A36AD6-LeaderElection70] INFO  server.RaftServerConfigKeys (ConfUtils.java:logGet(43)) - raft.server.rpc.sleep.time = 25ms (default)
2019-10-04 21:46:55,915 [ed32ec4f-f88d-40f8-90b3-1e363f965dce@group-7F692CF3FFEB-LeaderElection71] INFO  server.RaftServerConfigKeys (ConfUtils.java:logGet(43)) - raft.server.rpc.sleep.time = 25ms (default)
2019-10-04 21:46:55,915 [30434be4-12dc-4776-9a92-54252ab8e913@group-DF93E9A36AD6-LeaderElection70] INFO  server.RaftServerConfigKeys (ConfUtils.java:logGet(43)) - raft.server.write.element-limit = 4096 (default)
2019-10-04 21:46:55,915 [ed32ec4f-f88d-40f8-90b3-1e363f965dce@group-7F692CF3FFEB-LeaderElection71] INFO  server.RaftServerConfigKeys (ConfUtils.java:logGet(43)) - raft.server.write.element-limit = 4096 (default)
2019-10-04 21:46:55,915 [2a7cbac8-731e-4451-bef1-f907eaf770d2@group-0DC8FAF24035-LeaderElection69] INFO  impl.RoleInfo (RoleInfo.java:updateAndGet(143)) - 2a7cbac8-731e-4451-bef1-f907eaf770d2: start LeaderState
2019-10-04 21:46:55,915 [30434be4-12dc-4776-9a92-54252ab8e913@group-DF93E9A36AD6-LeaderElection70] INFO  server.RaftServerConfigKeys (ConfUtils.java:logGet(43)) - raft.server.watch.timeout = 10s (default)
2019-10-04 21:46:55,916 [ed32ec4f-f88d-40f8-90b3-1e363f965dce@group-7F692CF3FFEB-LeaderElection71] INFO  server.RaftServerConfigKeys (ConfUtils.java:logGet(43)) - raft.server.watch.timeout = 10s (default)
2019-10-04 21:46:55,916 [2a7cbac8-731e-4451-bef1-f907eaf770d2@group-0DC8FAF24035-LeaderElection69] INFO  segmented.SegmentedRaftLogWorker (SegmentedRaftLogWorker.java:startLogSegment(385)) - 2a7cbac8-731e-4451-bef1-f907eaf770d2@group-0DC8FAF24035-SegmentedRaftLogWorker: Starting segment from index:0
2019-10-04 21:46:55,916 [30434be4-12dc-4776-9a92-54252ab8e913@group-DF93E9A36AD6-LeaderElection70] INFO  server.RaftServerConfigKeys (ConfUtils.java:logGet(43)) - raft.server.watch.timeout.denomination = 1s (default)
2019-10-04 21:46:55,916 [ed32ec4f-f88d-40f8-90b3-1e363f965dce@group-7F692CF3FFEB-LeaderElection71] INFO  server.RaftServerConfigKeys (ConfUtils.java:logGet(43)) - raft.server.watch.timeout.denomination = 1s (default)
2019-10-04 21:46:55,916 [30434be4-12dc-4776-9a92-54252ab8e913@group-DF93E9A36AD6-LeaderElection70] INFO  server.RaftServerConfigKeys (ConfUtils.java:logGet(43)) - raft.server.watch.element-limit = 65536 (default)
2019-10-04 21:46:55,917 [2a7cbac8-731e-4451-bef1-f907eaf770d2@group-0DC8FAF24035-LeaderElection69] INFO  impl.RaftServerImpl (ServerState.java:setRaftConf(356)) - 2a7cbac8-731e-4451-bef1-f907eaf770d2@group-0DC8FAF24035: set configuration 0: [2a7cbac8-731e-4451-bef1-f907eaf770d2:192.168.30.43:34947], old=null at 0
2019-10-04 21:46:55,917 [ed32ec4f-f88d-40f8-90b3-1e363f965dce@group-7F692CF3FFEB-LeaderElection71] INFO  server.RaftServerConfigKeys (ConfUtils.java:logGet(43)) - raft.server.watch.element-limit = 65536 (default)
2019-10-04 21:46:55,955 [b7267918-c736-4221-b207-45a52eb765d9@group-60F3F1E77BEB-SegmentedRaftLogWorker] INFO  segmented.SegmentedRaftLogWorker (SegmentedRaftLogWorker.java:execute(574)) - b7267918-c736-4221-b207-45a52eb765d9@group-60F3F1E77BEB-SegmentedRaftLogWorker: created new log segment /workdir/hadoop-ozone/integration-test/target/test-dir/MiniOzoneClusterImpl-efe61e54-dcf4-4ce1-9515-f66e262f6b8a/datanode-0/data/ratis/fd3b3ee0-dbfd-4763-96f5-60f3f1e77beb/current/log_inprogress_0
2019-10-04 21:46:55,955 [grpc-default-executor-6] INFO  impl.RaftServerImpl (RaftServerImpl.java:setRole(170)) - a87e6d7a-5484-427a-9ae7-491f17ac9191@group-60F3F1E77BEB: changes role from  FOLLOWER to FOLLOWER at term 2 for recognizeCandidate:a7f943cb-bb18-497b-82a4-8777e8f57d3f
2019-10-04 21:46:55,959 [grpc-default-executor-6] INFO  impl.RoleInfo (RoleInfo.java:shutdownFollowerState(121)) - a87e6d7a-5484-427a-9ae7-491f17ac9191: shutdown FollowerState
2019-10-04 21:46:55,959 [Thread-3138] INFO  impl.FollowerState (FollowerState.java:run(117)) - a87e6d7a-5484-427a-9ae7-491f17ac9191@group-60F3F1E77BEB-FollowerState was interrupted: java.lang.InterruptedException: sleep interrupted
2019-10-04 21:46:55,959 [grpc-default-executor-6] INFO  impl.RoleInfo (RoleInfo.java:updateAndGet(143)) - a87e6d7a-5484-427a-9ae7-491f17ac9191: start FollowerState
2019-10-04 21:46:55,964 [ed32ec4f-f88d-40f8-90b3-1e363f965dce@group-7F692CF3FFEB-LeaderElection71] INFO  impl.RoleInfo (RoleInfo.java:updateAndGet(143)) - ed32ec4f-f88d-40f8-90b3-1e363f965dce: start LeaderState
2019-10-04 21:46:55,964 [30434be4-12dc-4776-9a92-54252ab8e913@group-DF93E9A36AD6-LeaderElection70] INFO  impl.RoleInfo (RoleInfo.java:updateAndGet(143)) - 30434be4-12dc-4776-9a92-54252ab8e913: start LeaderState
2019-10-04 21:46:55,964 [ed32ec4f-f88d-40f8-90b3-1e363f965dce@group-7F692CF3FFEB-LeaderElection71] INFO  segmented.SegmentedRaftLogWorker (SegmentedRaftLogWorker.java:startLogSegment(385)) - ed32ec4f-f88d-40f8-90b3-1e363f965dce@group-7F692CF3FFEB-SegmentedRaftLogWorker: Starting segment from index:0
2019-10-04 21:46:55,964 [30434be4-12dc-4776-9a92-54252ab8e913@group-DF93E9A36AD6-LeaderElection70] INFO  segmented.SegmentedRaftLogWorker (SegmentedRaftLogWorker.java:startLogSegment(385)) - 30434be4-12dc-4776-9a92-54252ab8e913@group-DF93E9A36AD6-SegmentedRaftLogWorker: Starting segment from index:0
2019-10-04 21:46:55,965 [30434be4-12dc-4776-9a92-54252ab8e913@group-DF93E9A36AD6-LeaderElection70] INFO  impl.RaftServerImpl (ServerState.java:setRaftConf(356)) - 30434be4-12dc-4776-9a92-54252ab8e913@group-DF93E9A36AD6: set configuration 0: [30434be4-12dc-4776-9a92-54252ab8e913:192.168.30.43:41864], old=null at 0
2019-10-04 21:46:55,968 [ed32ec4f-f88d-40f8-90b3-1e363f965dce@group-7F692CF3FFEB-LeaderElection71] INFO  impl.RaftServerImpl (ServerState.java:setRaftConf(356)) - ed32ec4f-f88d-40f8-90b3-1e363f965dce@group-7F692CF3FFEB: set configuration 0: [ed32ec4f-f88d-40f8-90b3-1e363f965dce:192.168.30.43:39828], old=null at 0
2019-10-04 21:46:56,007 [2a7cbac8-731e-4451-bef1-f907eaf770d2@group-0DC8FAF24035-SegmentedRaftLogWorker] INFO  segmented.SegmentedRaftLogWorker (SegmentedRaftLogWorker.java:execute(574)) - 2a7cbac8-731e-4451-bef1-f907eaf770d2@group-0DC8FAF24035-SegmentedRaftLogWorker: created new log segment /workdir/hadoop-ozone/integration-test/target/test-dir/MiniOzoneClusterImpl-efe61e54-dcf4-4ce1-9515-f66e262f6b8a/datanode-3/data/ratis/78c2b3bb-9c0e-4651-bb89-0dc8faf24035/current/log_inprogress_0
2019-10-04 21:46:56,018 [ed32ec4f-f88d-40f8-90b3-1e363f965dce@group-7F692CF3FFEB-SegmentedRaftLogWorker] INFO  segmented.SegmentedRaftLogWorker (SegmentedRaftLogWorker.java:execute(574)) - ed32ec4f-f88d-40f8-90b3-1e363f965dce@group-7F692CF3FFEB-SegmentedRaftLogWorker: created new log segment /workdir/hadoop-ozone/integration-test/target/test-dir/MiniOzoneClusterImpl-efe61e54-dcf4-4ce1-9515-f66e262f6b8a/datanode-6/data/ratis/9b6131ba-5871-4db4-be04-7f692cf3ffeb/current/log_inprogress_0
2019-10-04 21:46:56,018 [30434be4-12dc-4776-9a92-54252ab8e913@group-DF93E9A36AD6-SegmentedRaftLogWorker] INFO  segmented.SegmentedRaftLogWorker (SegmentedRaftLogWorker.java:execute(574)) - 30434be4-12dc-4776-9a92-54252ab8e913@group-DF93E9A36AD6-SegmentedRaftLogWorker: created new log segment /workdir/hadoop-ozone/integration-test/target/test-dir/MiniOzoneClusterImpl-efe61e54-dcf4-4ce1-9515-f66e262f6b8a/datanode-5/data/ratis/17c1a7dc-0869-41af-9f6b-df93e9a36ad6/current/log_inprogress_0
2019-10-04 21:46:56,024 [Thread-3095] INFO  impl.FollowerState (FollowerState.java:run(108)) - 30434be4-12dc-4776-9a92-54252ab8e913@group-EBCBD803DF66-FollowerState: change to CANDIDATE, lastRpcTime:5106ms, electionTimeout:5106ms
2019-10-04 21:46:56,024 [Thread-3095] INFO  impl.RoleInfo (RoleInfo.java:shutdownFollowerState(121)) - 30434be4-12dc-4776-9a92-54252ab8e913: shutdown FollowerState
2019-10-04 21:46:56,024 [Thread-3095] INFO  impl.RaftServerImpl (RaftServerImpl.java:setRole(170)) - 30434be4-12dc-4776-9a92-54252ab8e913@group-EBCBD803DF66: changes role from  FOLLOWER to CANDIDATE at term 0 for changeToCandidate
2019-10-04 21:46:56,024 [Thread-3095] INFO  impl.RoleInfo (RoleInfo.java:updateAndGet(143)) - 30434be4-12dc-4776-9a92-54252ab8e913: start LeaderElection
2019-10-04 21:46:56,047 [Thread-3090] INFO  impl.FollowerState (FollowerState.java:run(108)) - ff9ce1e9-ce56-48e1-bfc3-746497777d5b@group-B16EB1D59D05-FollowerState: change to CANDIDATE, lastRpcTime:5188ms, electionTimeout:5188ms
2019-10-04 21:46:56,047 [Thread-3090] INFO  impl.RoleInfo (RoleInfo.java:shutdownFollowerState(121)) - ff9ce1e9-ce56-48e1-bfc3-746497777d5b: shutdown FollowerState
2019-10-04 21:46:56,047 [Thread-3090] INFO  impl.RaftServerImpl (RaftServerImpl.java:setRole(170)) - ff9ce1e9-ce56-48e1-bfc3-746497777d5b@group-B16EB1D59D05: changes role from  FOLLOWER to CANDIDATE at term 0 for changeToCandidate
2019-10-04 21:46:56,048 [Thread-3090] INFO  impl.RoleInfo (RoleInfo.java:updateAndGet(143)) - ff9ce1e9-ce56-48e1-bfc3-746497777d5b: start LeaderElection
2019-10-04 21:46:56,053 [30434be4-12dc-4776-9a92-54252ab8e913@group-EBCBD803DF66-LeaderElection72] INFO  impl.LeaderElection (LeaderElection.java:askForVotes(178)) - 30434be4-12dc-4776-9a92-54252ab8e913@group-EBCBD803DF66-LeaderElection72: begin an election at term 1 for -1: [30434be4-12dc-4776-9a92-54252ab8e913:192.168.30.43:41864, ed32ec4f-f88d-40f8-90b3-1e363f965dce:192.168.30.43:39828, 2a7cbac8-731e-4451-bef1-f907eaf770d2:192.168.30.43:34947], old=null
2019-10-04 21:46:56,057 [grpc-default-executor-8] INFO  impl.RaftServerImpl (RaftServerImpl.java:setRole(170)) - ed32ec4f-f88d-40f8-90b3-1e363f965dce@group-EBCBD803DF66: changes role from  FOLLOWER to FOLLOWER at term 1 for recognizeCandidate:30434be4-12dc-4776-9a92-54252ab8e913
2019-10-04 21:46:56,057 [grpc-default-executor-8] INFO  impl.RoleInfo (RoleInfo.java:shutdownFollowerState(121)) - ed32ec4f-f88d-40f8-90b3-1e363f965dce: shutdown FollowerState
2019-10-04 21:46:56,058 [grpc-default-executor-8] INFO  impl.RoleInfo (RoleInfo.java:updateAndGet(143)) - ed32ec4f-f88d-40f8-90b3-1e363f965dce: start FollowerState
2019-10-04 21:46:56,058 [Thread-3096] INFO  impl.FollowerState (FollowerState.java:run(117)) - ed32ec4f-f88d-40f8-90b3-1e363f965dce@group-EBCBD803DF66-FollowerState was interrupted: java.lang.InterruptedException: sleep interrupted
2019-10-04 21:46:56,058 [grpc-default-executor-6] INFO  impl.RaftServerImpl (RaftServerImpl.java:setRole(170)) - 2a7cbac8-731e-4451-bef1-f907eaf770d2@group-EBCBD803DF66: changes role from  FOLLOWER to FOLLOWER at term 1 for recognizeCandidate:30434be4-12dc-4776-9a92-54252ab8e913
2019-10-04 21:46:56,061 [grpc-default-executor-6] INFO  impl.RoleInfo (RoleInfo.java:shutdownFollowerState(121)) - 2a7cbac8-731e-4451-bef1-f907eaf770d2: shutdown FollowerState
2019-10-04 21:46:56,061 [grpc-default-executor-6] INFO  impl.RoleInfo (RoleInfo.java:updateAndGet(143)) - 2a7cbac8-731e-4451-bef1-f907eaf770d2: start FollowerState
2019-10-04 21:46:56,061 [ff9ce1e9-ce56-48e1-bfc3-746497777d5b@group-B16EB1D59D05-LeaderElection73] INFO  impl.LeaderElection (LeaderElection.java:askForVotes(178)) - ff9ce1e9-ce56-48e1-bfc3-746497777d5b@group-B16EB1D59D05-LeaderElection73: begin an election at term 1 for -1: [ff9ce1e9-ce56-48e1-bfc3-746497777d5b:192.168.30.43:34770], old=null
2019-10-04 21:46:56,061 [Thread-3097] INFO  impl.FollowerState (FollowerState.java:run(117)) - 2a7cbac8-731e-4451-bef1-f907eaf770d2@group-EBCBD803DF66-FollowerState was interrupted: java.lang.InterruptedException: sleep interrupted
2019-10-04 21:46:56,062 [ff9ce1e9-ce56-48e1-bfc3-746497777d5b@group-B16EB1D59D05-LeaderElection73] INFO  impl.RoleInfo (RoleInfo.java:shutdownLeaderElection(134)) - ff9ce1e9-ce56-48e1-bfc3-746497777d5b: shutdown LeaderElection
2019-10-04 21:46:56,064 [ff9ce1e9-ce56-48e1-bfc3-746497777d5b@group-B16EB1D59D05-LeaderElection73] INFO  impl.RaftServerImpl (RaftServerImpl.java:setRole(170)) - ff9ce1e9-ce56-48e1-bfc3-746497777d5b@group-B16EB1D59D05: changes role from CANDIDATE to LEADER at term 1 for changeToLeader
2019-10-04 21:46:56,064 [ff9ce1e9-ce56-48e1-bfc3-746497777d5b@group-B16EB1D59D05-LeaderElection73] INFO  impl.RaftServerImpl (ServerState.java:setLeader(255)) - ff9ce1e9-ce56-48e1-bfc3-746497777d5b@group-B16EB1D59D05: change Leader from null to ff9ce1e9-ce56-48e1-bfc3-746497777d5b at term 1 for becomeLeader, leader elected after 5212ms
2019-10-04 21:46:56,064 [ff9ce1e9-ce56-48e1-bfc3-746497777d5b@group-B16EB1D59D05-LeaderElection73] INFO  server.RaftServerConfigKeys (ConfUtils.java:logGet(43)) - raft.server.staging.catchup.gap = 1000 (default)
2019-10-04 21:46:56,065 [ff9ce1e9-ce56-48e1-bfc3-746497777d5b@group-B16EB1D59D05-LeaderElection73] INFO  server.RaftServerConfigKeys (ConfUtils.java:logGet(43)) - raft.server.rpc.sleep.time = 25ms (default)
2019-10-04 21:46:56,065 [ff9ce1e9-ce56-48e1-bfc3-746497777d5b@group-B16EB1D59D05-LeaderElection73] INFO  server.RaftServerConfigKeys (ConfUtils.java:logGet(43)) - raft.server.write.element-limit = 4096 (default)
2019-10-04 21:46:56,065 [ff9ce1e9-ce56-48e1-bfc3-746497777d5b@group-B16EB1D59D05-LeaderElection73] INFO  server.RaftServerConfigKeys (ConfUtils.java:logGet(43)) - raft.server.watch.timeout = 10s (default)
2019-10-04 21:46:56,065 [ff9ce1e9-ce56-48e1-bfc3-746497777d5b@group-B16EB1D59D05-LeaderElection73] INFO  server.RaftServerConfigKeys (ConfUtils.java:logGet(43)) - raft.server.watch.timeout.denomination = 1s (default)
2019-10-04 21:46:56,065 [ff9ce1e9-ce56-48e1-bfc3-746497777d5b@group-B16EB1D59D05-LeaderElection73] INFO  server.RaftServerConfigKeys (ConfUtils.java:logGet(43)) - raft.server.watch.element-limit = 65536 (default)
2019-10-04 21:46:56,068 [ff9ce1e9-ce56-48e1-bfc3-746497777d5b@group-B16EB1D59D05-LeaderElection73] INFO  impl.RoleInfo (RoleInfo.java:updateAndGet(143)) - ff9ce1e9-ce56-48e1-bfc3-746497777d5b: start LeaderState
2019-10-04 21:46:56,068 [ff9ce1e9-ce56-48e1-bfc3-746497777d5b@group-B16EB1D59D05-LeaderElection73] INFO  segmented.SegmentedRaftLogWorker (SegmentedRaftLogWorker.java:startLogSegment(385)) - ff9ce1e9-ce56-48e1-bfc3-746497777d5b@group-B16EB1D59D05-SegmentedRaftLogWorker: Starting segment from index:0
2019-10-04 21:46:56,069 [ff9ce1e9-ce56-48e1-bfc3-746497777d5b@group-B16EB1D59D05-LeaderElection73] INFO  impl.RaftServerImpl (ServerState.java:setRaftConf(356)) - ff9ce1e9-ce56-48e1-bfc3-746497777d5b@group-B16EB1D59D05: set configuration 0: [ff9ce1e9-ce56-48e1-bfc3-746497777d5b:192.168.30.43:34770], old=null at 0
2019-10-04 21:46:56,101 [30434be4-12dc-4776-9a92-54252ab8e913@group-EBCBD803DF66-LeaderElection72] INFO  impl.LeaderElection (LeaderElection.java:logAndReturn(56)) - 30434be4-12dc-4776-9a92-54252ab8e913@group-EBCBD803DF66-LeaderElection72: Election PASSED; received 1 response(s) [30434be4-12dc-4776-9a92-54252ab8e913<-2a7cbac8-731e-4451-bef1-f907eaf770d2#0:OK-t1] and 0 exception(s); 30434be4-12dc-4776-9a92-54252ab8e913@group-EBCBD803DF66:t1, leader=null, voted=30434be4-12dc-4776-9a92-54252ab8e913, raftlog=30434be4-12dc-4776-9a92-54252ab8e913@group-EBCBD803DF66-SegmentedRaftLog:OPENED:c-1,f-1,i0, conf=-1: [30434be4-12dc-4776-9a92-54252ab8e913:192.168.30.43:41864, ed32ec4f-f88d-40f8-90b3-1e363f965dce:192.168.30.43:39828, 2a7cbac8-731e-4451-bef1-f907eaf770d2:192.168.30.43:34947], old=null
2019-10-04 21:46:56,102 [30434be4-12dc-4776-9a92-54252ab8e913@group-EBCBD803DF66-LeaderElection72] INFO  impl.RoleInfo (RoleInfo.java:shutdownLeaderElection(134)) - 30434be4-12dc-4776-9a92-54252ab8e913: shutdown LeaderElection
2019-10-04 21:46:56,102 [30434be4-12dc-4776-9a92-54252ab8e913@group-EBCBD803DF66-LeaderElection72] INFO  impl.RaftServerImpl (RaftServerImpl.java:setRole(170)) - 30434be4-12dc-4776-9a92-54252ab8e913@group-EBCBD803DF66: changes role from CANDIDATE to LEADER at term 1 for changeToLeader
2019-10-04 21:46:56,102 [30434be4-12dc-4776-9a92-54252ab8e913@group-EBCBD803DF66-LeaderElection72] INFO  impl.RaftServerImpl (ServerState.java:setLeader(255)) - 30434be4-12dc-4776-9a92-54252ab8e913@group-EBCBD803DF66: change Leader from null to 30434be4-12dc-4776-9a92-54252ab8e913 at term 1 for becomeLeader, leader elected after 5195ms
2019-10-04 21:46:56,102 [30434be4-12dc-4776-9a92-54252ab8e913@group-EBCBD803DF66-LeaderElection72] INFO  server.RaftServerConfigKeys (ConfUtils.java:logGet(43)) - raft.server.staging.catchup.gap = 1000 (default)
2019-10-04 21:46:56,102 [30434be4-12dc-4776-9a92-54252ab8e913@group-EBCBD803DF66-LeaderElection72] INFO  server.RaftServerConfigKeys (ConfUtils.java:logGet(43)) - raft.server.rpc.sleep.time = 25ms (default)
2019-10-04 21:46:56,103 [30434be4-12dc-4776-9a92-54252ab8e913@group-EBCBD803DF66-LeaderElection72] INFO  server.RaftServerConfigKeys (ConfUtils.java:logGet(43)) - raft.server.write.element-limit = 4096 (default)
2019-10-04 21:46:56,103 [30434be4-12dc-4776-9a92-54252ab8e913@group-EBCBD803DF66-LeaderElection72] INFO  server.RaftServerConfigKeys (ConfUtils.java:logGet(43)) - raft.server.watch.timeout = 10s (default)
2019-10-04 21:46:56,103 [30434be4-12dc-4776-9a92-54252ab8e913@group-EBCBD803DF66-LeaderElection72] INFO  server.RaftServerConfigKeys (ConfUtils.java:logGet(43)) - raft.server.watch.timeout.denomination = 1s (default)
2019-10-04 21:46:56,103 [30434be4-12dc-4776-9a92-54252ab8e913@group-EBCBD803DF66-LeaderElection72] INFO  server.RaftServerConfigKeys (ConfUtils.java:logGet(43)) - raft.server.watch.element-limit = 65536 (default)
2019-10-04 21:46:56,105 [30434be4-12dc-4776-9a92-54252ab8e913@group-EBCBD803DF66-LeaderElection72] INFO  server.RaftServerConfigKeys (ConfUtils.java:logGet(43)) - raft.server.log.appender.snapshot.chunk.size.max = 16MB (=16777216) (default)
2019-10-04 21:46:56,105 [30434be4-12dc-4776-9a92-54252ab8e913@group-EBCBD803DF66-LeaderElection72] INFO  server.RaftServerConfigKeys (ConfUtils.java:logGet(43)) - raft.server.log.appender.buffer.byte-limit = 33554432 (custom)
2019-10-04 21:46:56,106 [30434be4-12dc-4776-9a92-54252ab8e913@group-EBCBD803DF66-LeaderElection72] INFO  server.RaftServerConfigKeys (ConfUtils.java:logGet(43)) - raft.server.log.appender.buffer.element-limit = 1 (custom)
2019-10-04 21:46:56,106 [30434be4-12dc-4776-9a92-54252ab8e913@group-EBCBD803DF66-LeaderElection72] INFO  grpc.GrpcConfigKeys$Server (ConfUtils.java:logGet(43)) - raft.grpc.server.leader.outstanding.appends.max = 128 (default)
2019-10-04 21:46:56,106 [30434be4-12dc-4776-9a92-54252ab8e913@group-EBCBD803DF66-LeaderElection72] INFO  server.RaftServerConfigKeys (ConfUtils.java:logGet(43)) - raft.server.rpc.request.timeout = 3000ms (default)
2019-10-04 21:46:56,106 [30434be4-12dc-4776-9a92-54252ab8e913@group-EBCBD803DF66-LeaderElection72] INFO  server.RaftServerConfigKeys (ConfUtils.java:logGet(43)) - raft.server.log.appender.install.snapshot.enabled = false (custom)
2019-10-04 21:46:56,106 [30434be4-12dc-4776-9a92-54252ab8e913@group-EBCBD803DF66-LeaderElection72] INFO  server.RaftServerConfigKeys (ConfUtils.java:logGet(43)) - raft.server.log.appender.snapshot.chunk.size.max = 16MB (=16777216) (default)
2019-10-04 21:46:56,107 [30434be4-12dc-4776-9a92-54252ab8e913@group-EBCBD803DF66-LeaderElection72] INFO  server.RaftServerConfigKeys (ConfUtils.java:logGet(43)) - raft.server.log.appender.buffer.byte-limit = 33554432 (custom)
2019-10-04 21:46:56,107 [30434be4-12dc-4776-9a92-54252ab8e913@group-EBCBD803DF66-LeaderElection72] INFO  server.RaftServerConfigKeys (ConfUtils.java:logGet(43)) - raft.server.log.appender.buffer.element-limit = 1 (custom)
2019-10-04 21:46:56,107 [30434be4-12dc-4776-9a92-54252ab8e913@group-EBCBD803DF66-LeaderElection72] INFO  grpc.GrpcConfigKeys$Server (ConfUtils.java:logGet(43)) - raft.grpc.server.leader.outstanding.appends.max = 128 (default)
2019-10-04 21:46:56,107 [30434be4-12dc-4776-9a92-54252ab8e913@group-EBCBD803DF66-LeaderElection72] INFO  server.RaftServerConfigKeys (ConfUtils.java:logGet(43)) - raft.server.rpc.request.timeout = 3000ms (default)
2019-10-04 21:46:56,107 [30434be4-12dc-4776-9a92-54252ab8e913@group-EBCBD803DF66-LeaderElection72] INFO  server.RaftServerConfigKeys (ConfUtils.java:logGet(43)) - raft.server.log.appender.install.snapshot.enabled = false (custom)
2019-10-04 21:46:56,108 [30434be4-12dc-4776-9a92-54252ab8e913@group-EBCBD803DF66-LeaderElection72] INFO  impl.RoleInfo (RoleInfo.java:updateAndGet(143)) - 30434be4-12dc-4776-9a92-54252ab8e913: start LeaderState
2019-10-04 21:46:56,108 [30434be4-12dc-4776-9a92-54252ab8e913@group-EBCBD803DF66-LeaderElection72] INFO  segmented.SegmentedRaftLogWorker (SegmentedRaftLogWorker.java:startLogSegment(385)) - 30434be4-12dc-4776-9a92-54252ab8e913@group-EBCBD803DF66-SegmentedRaftLogWorker: Starting segment from index:0
2019-10-04 21:46:56,109 [30434be4-12dc-4776-9a92-54252ab8e913@group-EBCBD803DF66-LeaderElection72] INFO  impl.RaftServerImpl (ServerState.java:setRaftConf(356)) - 30434be4-12dc-4776-9a92-54252ab8e913@group-EBCBD803DF66: set configuration 0: [30434be4-12dc-4776-9a92-54252ab8e913:192.168.30.43:41864, ed32ec4f-f88d-40f8-90b3-1e363f965dce:192.168.30.43:39828, 2a7cbac8-731e-4451-bef1-f907eaf770d2:192.168.30.43:34947], old=null at 0
2019-10-04 21:46:56,110 [grpc-default-executor-8] INFO  impl.RaftServerImpl (ServerState.java:setLeader(255)) - ed32ec4f-f88d-40f8-90b3-1e363f965dce@group-EBCBD803DF66: change Leader from null to 30434be4-12dc-4776-9a92-54252ab8e913 at term 1 for appendEntries, leader elected after 5202ms
2019-10-04 21:46:56,148 [ff9ce1e9-ce56-48e1-bfc3-746497777d5b@group-B16EB1D59D05-SegmentedRaftLogWorker] INFO  segmented.SegmentedRaftLogWorker (SegmentedRaftLogWorker.java:execute(574)) - ff9ce1e9-ce56-48e1-bfc3-746497777d5b@group-B16EB1D59D05-SegmentedRaftLogWorker: created new log segment /workdir/hadoop-ozone/integration-test/target/test-dir/MiniOzoneClusterImpl-efe61e54-dcf4-4ce1-9515-f66e262f6b8a/datanode-4/data/ratis/58004976-ead3-45e0-8000-b16eb1d59d05/current/log_inprogress_0
2019-10-04 21:46:56,148 [grpc-default-executor-6] INFO  impl.RaftServerImpl (ServerState.java:setLeader(255)) - 2a7cbac8-731e-4451-bef1-f907eaf770d2@group-EBCBD803DF66: change Leader from null to 30434be4-12dc-4776-9a92-54252ab8e913 at term 1 for appendEntries, leader elected after 5241ms
2019-10-04 21:46:56,153 [grpc-default-executor-6] INFO  impl.RaftServerImpl (ServerState.java:setRaftConf(356)) - ed32ec4f-f88d-40f8-90b3-1e363f965dce@group-EBCBD803DF66: set configuration 0: [30434be4-12dc-4776-9a92-54252ab8e913:192.168.30.43:41864, ed32ec4f-f88d-40f8-90b3-1e363f965dce:192.168.30.43:39828, 2a7cbac8-731e-4451-bef1-f907eaf770d2:192.168.30.43:34947], old=null at 0
2019-10-04 21:46:56,153 [grpc-default-executor-6] INFO  segmented.SegmentedRaftLogWorker (SegmentedRaftLogWorker.java:startLogSegment(385)) - ed32ec4f-f88d-40f8-90b3-1e363f965dce@group-EBCBD803DF66-SegmentedRaftLogWorker: Starting segment from index:0
2019-10-04 21:46:56,154 [grpc-default-executor-8] INFO  impl.RaftServerImpl (ServerState.java:setRaftConf(356)) - 2a7cbac8-731e-4451-bef1-f907eaf770d2@group-EBCBD803DF66: set configuration 0: [30434be4-12dc-4776-9a92-54252ab8e913:192.168.30.43:41864, ed32ec4f-f88d-40f8-90b3-1e363f965dce:192.168.30.43:39828, 2a7cbac8-731e-4451-bef1-f907eaf770d2:192.168.30.43:34947], old=null at 0
2019-10-04 21:46:56,154 [grpc-default-executor-8] INFO  segmented.SegmentedRaftLogWorker (SegmentedRaftLogWorker.java:startLogSegment(385)) - 2a7cbac8-731e-4451-bef1-f907eaf770d2@group-EBCBD803DF66-SegmentedRaftLogWorker: Starting segment from index:0
2019-10-04 21:46:56,157 [30434be4-12dc-4776-9a92-54252ab8e913@group-EBCBD803DF66-SegmentedRaftLogWorker] INFO  segmented.SegmentedRaftLogWorker (SegmentedRaftLogWorker.java:execute(574)) - 30434be4-12dc-4776-9a92-54252ab8e913@group-EBCBD803DF66-SegmentedRaftLogWorker: created new log segment /workdir/hadoop-ozone/integration-test/target/test-dir/MiniOzoneClusterImpl-efe61e54-dcf4-4ce1-9515-f66e262f6b8a/datanode-5/data/ratis/61fdd355-6c9b-45d7-9134-ebcbd803df66/current/log_inprogress_0
2019-10-04 21:46:56,195 [ed32ec4f-f88d-40f8-90b3-1e363f965dce@group-EBCBD803DF66-SegmentedRaftLogWorker] INFO  segmented.SegmentedRaftLogWorker (SegmentedRaftLogWorker.java:execute(574)) - ed32ec4f-f88d-40f8-90b3-1e363f965dce@group-EBCBD803DF66-SegmentedRaftLogWorker: created new log segment /workdir/hadoop-ozone/integration-test/target/test-dir/MiniOzoneClusterImpl-efe61e54-dcf4-4ce1-9515-f66e262f6b8a/datanode-6/data/ratis/61fdd355-6c9b-45d7-9134-ebcbd803df66/current/log_inprogress_0
2019-10-04 21:46:56,195 [2a7cbac8-731e-4451-bef1-f907eaf770d2@group-EBCBD803DF66-SegmentedRaftLogWorker] INFO  segmented.SegmentedRaftLogWorker (SegmentedRaftLogWorker.java:execute(574)) - 2a7cbac8-731e-4451-bef1-f907eaf770d2@group-EBCBD803DF66-SegmentedRaftLogWorker: created new log segment /workdir/hadoop-ozone/integration-test/target/test-dir/MiniOzoneClusterImpl-efe61e54-dcf4-4ce1-9515-f66e262f6b8a/datanode-3/data/ratis/61fdd355-6c9b-45d7-9134-ebcbd803df66/current/log_inprogress_0
2019-10-04 21:46:58,134 [Datanode State Machine Thread - 0] INFO  statemachine.DatanodeStateMachine (DatanodeStateMachine.java:lambda$startDaemon$0(350)) - Ozone container server started.
2019-10-04 21:47:00,884 [Thread-3137] INFO  impl.FollowerState (FollowerState.java:run(108)) - b7267918-c736-4221-b207-45a52eb765d9@group-60F3F1E77BEB-FollowerState: change to CANDIDATE, lastRpcTime:5012ms, electionTimeout:5006ms
2019-10-04 21:47:00,885 [Thread-3137] INFO  impl.RoleInfo (RoleInfo.java:shutdownFollowerState(121)) - b7267918-c736-4221-b207-45a52eb765d9: shutdown FollowerState
2019-10-04 21:47:00,885 [Thread-3137] INFO  impl.RaftServerImpl (RaftServerImpl.java:setRole(170)) - b7267918-c736-4221-b207-45a52eb765d9@group-60F3F1E77BEB: changes role from  FOLLOWER to CANDIDATE at term 2 for changeToCandidate
2019-10-04 21:47:00,886 [Thread-3137] INFO  impl.RoleInfo (RoleInfo.java:updateAndGet(143)) - b7267918-c736-4221-b207-45a52eb765d9: start LeaderElection
2019-10-04 21:47:00,905 [b7267918-c736-4221-b207-45a52eb765d9@group-60F3F1E77BEB-LeaderElection74] INFO  impl.LeaderElection (LeaderElection.java:askForVotes(178)) - b7267918-c736-4221-b207-45a52eb765d9@group-60F3F1E77BEB-LeaderElection74: begin an election at term 3 for 0: [a87e6d7a-5484-427a-9ae7-491f17ac9191:192.168.30.43:36628, a7f943cb-bb18-497b-82a4-8777e8f57d3f:192.168.30.43:46115, b7267918-c736-4221-b207-45a52eb765d9:192.168.30.43:40328], old=null
2019-10-04 21:47:00,912 [grpc-default-executor-8] INFO  impl.RaftServerImpl (RaftServerImpl.java:setRole(170)) - a7f943cb-bb18-497b-82a4-8777e8f57d3f@group-60F3F1E77BEB: changes role from  FOLLOWER to FOLLOWER at term 3 for recognizeCandidate:b7267918-c736-4221-b207-45a52eb765d9
2019-10-04 21:47:00,912 [grpc-default-executor-5] INFO  impl.RaftServerImpl (RaftServerImpl.java:setRole(170)) - a87e6d7a-5484-427a-9ae7-491f17ac9191@group-60F3F1E77BEB: changes role from  FOLLOWER to FOLLOWER at term 3 for recognizeCandidate:b7267918-c736-4221-b207-45a52eb765d9
2019-10-04 21:47:00,912 [grpc-default-executor-8] INFO  impl.RoleInfo (RoleInfo.java:shutdownFollowerState(121)) - a7f943cb-bb18-497b-82a4-8777e8f57d3f: shutdown FollowerState
2019-10-04 21:47:00,913 [grpc-default-executor-5] INFO  impl.RoleInfo (RoleInfo.java:shutdownFollowerState(121)) - a87e6d7a-5484-427a-9ae7-491f17ac9191: shutdown FollowerState
2019-10-04 21:47:00,913 [grpc-default-executor-8] INFO  impl.RoleInfo (RoleInfo.java:updateAndGet(143)) - a7f943cb-bb18-497b-82a4-8777e8f57d3f: start FollowerState
2019-10-04 21:47:00,913 [grpc-default-executor-5] INFO  impl.RoleInfo (RoleInfo.java:updateAndGet(143)) - a87e6d7a-5484-427a-9ae7-491f17ac9191: start FollowerState
2019-10-04 21:47:00,913 [Thread-3124] INFO  impl.FollowerState (FollowerState.java:run(117)) - a7f943cb-bb18-497b-82a4-8777e8f57d3f@group-60F3F1E77BEB-FollowerState was interrupted: java.lang.InterruptedException: sleep interrupted
2019-10-04 21:47:00,913 [Thread-3142] INFO  impl.FollowerState (FollowerState.java:run(117)) - a87e6d7a-5484-427a-9ae7-491f17ac9191@group-60F3F1E77BEB-FollowerState was interrupted: java.lang.InterruptedException: sleep interrupted
2019-10-04 21:47:00,936 [b7267918-c736-4221-b207-45a52eb765d9@group-60F3F1E77BEB-LeaderElection74] INFO  impl.LeaderElection (LeaderElection.java:logAndReturn(56)) - b7267918-c736-4221-b207-45a52eb765d9@group-60F3F1E77BEB-LeaderElection74: Election PASSED; received 1 response(s) [b7267918-c736-4221-b207-45a52eb765d9<-a87e6d7a-5484-427a-9ae7-491f17ac9191#0:OK-t3] and 0 exception(s); b7267918-c736-4221-b207-45a52eb765d9@group-60F3F1E77BEB:t3, leader=null, voted=b7267918-c736-4221-b207-45a52eb765d9, raftlog=b7267918-c736-4221-b207-45a52eb765d9@group-60F3F1E77BEB-SegmentedRaftLog:OPENED:c0,f0,i0, conf=0: [a87e6d7a-5484-427a-9ae7-491f17ac9191:192.168.30.43:36628, a7f943cb-bb18-497b-82a4-8777e8f57d3f:192.168.30.43:46115, b7267918-c736-4221-b207-45a52eb765d9:192.168.30.43:40328], old=null
2019-10-04 21:47:00,936 [b7267918-c736-4221-b207-45a52eb765d9@group-60F3F1E77BEB-LeaderElection74] INFO  impl.RoleInfo (RoleInfo.java:shutdownLeaderElection(134)) - b7267918-c736-4221-b207-45a52eb765d9: shutdown LeaderElection
2019-10-04 21:47:00,936 [b7267918-c736-4221-b207-45a52eb765d9@group-60F3F1E77BEB-LeaderElection74] INFO  impl.RaftServerImpl (RaftServerImpl.java:setRole(170)) - b7267918-c736-4221-b207-45a52eb765d9@group-60F3F1E77BEB: changes role from CANDIDATE to LEADER at term 3 for changeToLeader
2019-10-04 21:47:00,936 [b7267918-c736-4221-b207-45a52eb765d9@group-60F3F1E77BEB-LeaderElection74] INFO  impl.RaftServerImpl (ServerState.java:setLeader(255)) - b7267918-c736-4221-b207-45a52eb765d9@group-60F3F1E77BEB: change Leader from null to b7267918-c736-4221-b207-45a52eb765d9 at term 3 for becomeLeader, leader elected after 5065ms
2019-10-04 21:47:00,936 [b7267918-c736-4221-b207-45a52eb765d9@group-60F3F1E77BEB-LeaderElection74] INFO  server.RaftServerConfigKeys (ConfUtils.java:logGet(43)) - raft.server.staging.catchup.gap = 1000 (default)
2019-10-04 21:47:00,937 [b7267918-c736-4221-b207-45a52eb765d9@group-60F3F1E77BEB-LeaderElection74] INFO  server.RaftServerConfigKeys (ConfUtils.java:logGet(43)) - raft.server.rpc.sleep.time = 25ms (default)
2019-10-04 21:47:00,937 [b7267918-c736-4221-b207-45a52eb765d9@group-60F3F1E77BEB-LeaderElection74] INFO  server.RaftServerConfigKeys (ConfUtils.java:logGet(43)) - raft.server.write.element-limit = 4096 (default)
2019-10-04 21:47:00,937 [b7267918-c736-4221-b207-45a52eb765d9@group-60F3F1E77BEB-LeaderElection74] INFO  server.RaftServerConfigKeys (ConfUtils.java:logGet(43)) - raft.server.watch.timeout = 10s (default)
2019-10-04 21:47:00,937 [b7267918-c736-4221-b207-45a52eb765d9@group-60F3F1E77BEB-LeaderElection74] INFO  server.RaftServerConfigKeys (ConfUtils.java:logGet(43)) - raft.server.watch.timeout.denomination = 1s (default)
2019-10-04 21:47:00,937 [b7267918-c736-4221-b207-45a52eb765d9@group-60F3F1E77BEB-LeaderElection74] INFO  server.RaftServerConfigKeys (ConfUtils.java:logGet(43)) - raft.server.watch.element-limit = 65536 (default)
2019-10-04 21:47:00,939 [b7267918-c736-4221-b207-45a52eb765d9@group-60F3F1E77BEB-LeaderElection74] INFO  server.RaftServerConfigKeys (ConfUtils.java:logGet(43)) - raft.server.log.appender.snapshot.chunk.size.max = 16MB (=16777216) (default)
2019-10-04 21:47:00,939 [b7267918-c736-4221-b207-45a52eb765d9@group-60F3F1E77BEB-LeaderElection74] INFO  server.RaftServerConfigKeys (ConfUtils.java:logGet(43)) - raft.server.log.appender.buffer.byte-limit = 33554432 (custom)
2019-10-04 21:47:00,939 [b7267918-c736-4221-b207-45a52eb765d9@group-60F3F1E77BEB-LeaderElection74] INFO  server.RaftServerConfigKeys (ConfUtils.java:logGet(43)) - raft.server.log.appender.buffer.element-limit = 1 (custom)
2019-10-04 21:47:00,940 [b7267918-c736-4221-b207-45a52eb765d9@group-60F3F1E77BEB-LeaderElection74] INFO  grpc.GrpcConfigKeys$Server (ConfUtils.java:logGet(43)) - raft.grpc.server.leader.outstanding.appends.max = 128 (default)
2019-10-04 21:47:00,940 [b7267918-c736-4221-b207-45a52eb765d9@group-60F3F1E77BEB-LeaderElection74] INFO  server.RaftServerConfigKeys (ConfUtils.java:logGet(43)) - raft.server.rpc.request.timeout = 3000ms (default)
2019-10-04 21:47:00,940 [b7267918-c736-4221-b207-45a52eb765d9@group-60F3F1E77BEB-LeaderElection74] INFO  server.RaftServerConfigKeys (ConfUtils.java:logGet(43)) - raft.server.log.appender.install.snapshot.enabled = false (custom)
2019-10-04 21:47:00,940 [b7267918-c736-4221-b207-45a52eb765d9@group-60F3F1E77BEB-LeaderElection74] INFO  server.RaftServerConfigKeys (ConfUtils.java:logGet(43)) - raft.server.log.appender.snapshot.chunk.size.max = 16MB (=16777216) (default)
2019-10-04 21:47:00,940 [b7267918-c736-4221-b207-45a52eb765d9@group-60F3F1E77BEB-LeaderElection74] INFO  server.RaftServerConfigKeys (ConfUtils.java:logGet(43)) - raft.server.log.appender.buffer.byte-limit = 33554432 (custom)
2019-10-04 21:47:00,940 [b7267918-c736-4221-b207-45a52eb765d9@group-60F3F1E77BEB-LeaderElection74] INFO  server.RaftServerConfigKeys (ConfUtils.java:logGet(43)) - raft.server.log.appender.buffer.element-limit = 1 (custom)
2019-10-04 21:47:00,940 [b7267918-c736-4221-b207-45a52eb765d9@group-60F3F1E77BEB-LeaderElection74] INFO  grpc.GrpcConfigKeys$Server (ConfUtils.java:logGet(43)) - raft.grpc.server.leader.outstanding.appends.max = 128 (default)
2019-10-04 21:47:00,940 [b7267918-c736-4221-b207-45a52eb765d9@group-60F3F1E77BEB-LeaderElection74] INFO  server.RaftServerConfigKeys (ConfUtils.java:logGet(43)) - raft.server.rpc.request.timeout = 3000ms (default)
2019-10-04 21:47:00,941 [b7267918-c736-4221-b207-45a52eb765d9@group-60F3F1E77BEB-LeaderElection74] INFO  server.RaftServerConfigKeys (ConfUtils.java:logGet(43)) - raft.server.log.appender.install.snapshot.enabled = false (custom)
2019-10-04 21:47:00,941 [b7267918-c736-4221-b207-45a52eb765d9@group-60F3F1E77BEB-LeaderElection74] INFO  impl.RoleInfo (RoleInfo.java:updateAndGet(143)) - b7267918-c736-4221-b207-45a52eb765d9: start LeaderState
2019-10-04 21:47:00,941 [b7267918-c736-4221-b207-45a52eb765d9@group-60F3F1E77BEB-LeaderElection74] INFO  segmented.SegmentedRaftLogWorker (SegmentedRaftLogWorker.java:rollLogSegment(390)) - b7267918-c736-4221-b207-45a52eb765d9@group-60F3F1E77BEB-SegmentedRaftLogWorker: Rolling segment log-0_0 to index:0
2019-10-04 21:47:00,943 [b7267918-c736-4221-b207-45a52eb765d9@group-60F3F1E77BEB-SegmentedRaftLogWorker] INFO  segmented.SegmentedRaftLogWorker (SegmentedRaftLogWorker.java:execute(531)) - b7267918-c736-4221-b207-45a52eb765d9@group-60F3F1E77BEB-SegmentedRaftLogWorker: Rolled log segment from /workdir/hadoop-ozone/integration-test/target/test-dir/MiniOzoneClusterImpl-efe61e54-dcf4-4ce1-9515-f66e262f6b8a/datanode-0/data/ratis/fd3b3ee0-dbfd-4763-96f5-60f3f1e77beb/current/log_inprogress_0 to /workdir/hadoop-ozone/integration-test/target/test-dir/MiniOzoneClusterImpl-efe61e54-dcf4-4ce1-9515-f66e262f6b8a/datanode-0/data/ratis/fd3b3ee0-dbfd-4763-96f5-60f3f1e77beb/current/log_0-0
2019-10-04 21:47:00,948 [b7267918-c736-4221-b207-45a52eb765d9@group-60F3F1E77BEB-LeaderElection74] INFO  impl.RaftServerImpl (ServerState.java:setRaftConf(356)) - b7267918-c736-4221-b207-45a52eb765d9@group-60F3F1E77BEB: set configuration 1: [a87e6d7a-5484-427a-9ae7-491f17ac9191:192.168.30.43:36628, a7f943cb-bb18-497b-82a4-8777e8f57d3f:192.168.30.43:46115, b7267918-c736-4221-b207-45a52eb765d9:192.168.30.43:40328], old=null at 1
2019-10-04 21:47:00,949 [grpc-default-executor-5] INFO  impl.RaftServerImpl (ServerState.java:setLeader(255)) - a87e6d7a-5484-427a-9ae7-491f17ac9191@group-60F3F1E77BEB: change Leader from null to b7267918-c736-4221-b207-45a52eb765d9 at term 3 for appendEntries, leader elected after 5082ms
2019-10-04 21:47:00,975 [grpc-default-executor-8] INFO  impl.RaftServerImpl (ServerState.java:setLeader(255)) - a7f943cb-bb18-497b-82a4-8777e8f57d3f@group-60F3F1E77BEB: change Leader from null to b7267918-c736-4221-b207-45a52eb765d9 at term 3 for appendEntries, leader elected after 10375ms
2019-10-04 21:47:00,976 [grpc-default-executor-8] INFO  impl.RaftServerImpl (RaftServerImpl.java:checkInconsistentAppendEntries(999)) - a7f943cb-bb18-497b-82a4-8777e8f57d3f@group-60F3F1E77BEB: Failed appendEntries as previous log entry ((t:1, i:0)) is not found
2019-10-04 21:47:00,976 [grpc-default-executor-8] INFO  impl.RaftServerImpl (RaftServerImpl.java:checkInconsistentAppendEntries(972)) - a7f943cb-bb18-497b-82a4-8777e8f57d3f@group-60F3F1E77BEB: inconsistency entries. Reply:b7267918-c736-4221-b207-45a52eb765d9<-a7f943cb-bb18-497b-82a4-8777e8f57d3f#0:FAIL,INCONSISTENCY,nextIndex:0,term:3,followerCommit:-1
2019-10-04 21:47:00,977 [grpc-default-executor-5] INFO  impl.RaftServerImpl (ServerState.java:setRaftConf(356)) - a87e6d7a-5484-427a-9ae7-491f17ac9191@group-60F3F1E77BEB: set configuration 1: [a87e6d7a-5484-427a-9ae7-491f17ac9191:192.168.30.43:36628, a7f943cb-bb18-497b-82a4-8777e8f57d3f:192.168.30.43:46115, b7267918-c736-4221-b207-45a52eb765d9:192.168.30.43:40328], old=null at 1
2019-10-04 21:47:00,978 [grpc-default-executor-5] INFO  segmented.SegmentedRaftLogWorker (SegmentedRaftLogWorker.java:rollLogSegment(390)) - a87e6d7a-5484-427a-9ae7-491f17ac9191@group-60F3F1E77BEB-SegmentedRaftLogWorker: Rolling segment log-0_0 to index:0
2019-10-04 21:47:00,978 [grpc-default-executor-8] INFO  impl.FollowerInfo (FollowerInfo.java:lambda$new$0(51)) - b7267918-c736-4221-b207-45a52eb765d9@group-60F3F1E77BEB->a7f943cb-bb18-497b-82a4-8777e8f57d3f: nextIndex: updateUnconditionally 1 -> 0
2019-10-04 21:47:00,979 [a87e6d7a-5484-427a-9ae7-491f17ac9191@group-60F3F1E77BEB-SegmentedRaftLogWorker] INFO  segmented.SegmentedRaftLogWorker (SegmentedRaftLogWorker.java:execute(531)) - a87e6d7a-5484-427a-9ae7-491f17ac9191@group-60F3F1E77BEB-SegmentedRaftLogWorker: Rolled log segment from /workdir/hadoop-ozone/integration-test/target/test-dir/MiniOzoneClusterImpl-efe61e54-dcf4-4ce1-9515-f66e262f6b8a/datanode-2/data/ratis/fd3b3ee0-dbfd-4763-96f5-60f3f1e77beb/current/log_inprogress_0 to /workdir/hadoop-ozone/integration-test/target/test-dir/MiniOzoneClusterImpl-efe61e54-dcf4-4ce1-9515-f66e262f6b8a/datanode-2/data/ratis/fd3b3ee0-dbfd-4763-96f5-60f3f1e77beb/current/log_0-0
2019-10-04 21:47:00,979 [grpc-default-executor-8] INFO  impl.RaftServerImpl (ServerState.java:setRaftConf(356)) - a7f943cb-bb18-497b-82a4-8777e8f57d3f@group-60F3F1E77BEB: set configuration 0: [a87e6d7a-5484-427a-9ae7-491f17ac9191:192.168.30.43:36628, a7f943cb-bb18-497b-82a4-8777e8f57d3f:192.168.30.43:46115, b7267918-c736-4221-b207-45a52eb765d9:192.168.30.43:40328], old=null at 0
2019-10-04 21:47:00,979 [grpc-default-executor-8] INFO  segmented.SegmentedRaftLogWorker (SegmentedRaftLogWorker.java:startLogSegment(385)) - a7f943cb-bb18-497b-82a4-8777e8f57d3f@group-60F3F1E77BEB-SegmentedRaftLogWorker: Starting segment from index:0
2019-10-04 21:47:00,980 [grpc-default-executor-8] INFO  impl.RaftServerImpl (ServerState.java:setRaftConf(356)) - a7f943cb-bb18-497b-82a4-8777e8f57d3f@group-60F3F1E77BEB: set configuration 1: [a87e6d7a-5484-427a-9ae7-491f17ac9191:192.168.30.43:36628, a7f943cb-bb18-497b-82a4-8777e8f57d3f:192.168.30.43:46115, b7267918-c736-4221-b207-45a52eb765d9:192.168.30.43:40328], old=null at 1
2019-10-04 21:47:00,980 [grpc-default-executor-8] INFO  segmented.SegmentedRaftLogWorker (SegmentedRaftLogWorker.java:rollLogSegment(390)) - a7f943cb-bb18-497b-82a4-8777e8f57d3f@group-60F3F1E77BEB-SegmentedRaftLogWorker: Rolling segment log-0_0 to index:0
2019-10-04 21:47:00,988 [b7267918-c736-4221-b207-45a52eb765d9@group-60F3F1E77BEB-SegmentedRaftLogWorker] INFO  segmented.SegmentedRaftLogWorker (SegmentedRaftLogWorker.java:execute(574)) - b7267918-c736-4221-b207-45a52eb765d9@group-60F3F1E77BEB-SegmentedRaftLogWorker: created new log segment /workdir/hadoop-ozone/integration-test/target/test-dir/MiniOzoneClusterImpl-efe61e54-dcf4-4ce1-9515-f66e262f6b8a/datanode-0/data/ratis/fd3b3ee0-dbfd-4763-96f5-60f3f1e77beb/current/log_inprogress_1
2019-10-04 21:47:01,030 [a7f943cb-bb18-497b-82a4-8777e8f57d3f@group-60F3F1E77BEB-SegmentedRaftLogWorker] INFO  segmented.SegmentedRaftLogWorker (SegmentedRaftLogWorker.java:execute(574)) - a7f943cb-bb18-497b-82a4-8777e8f57d3f@group-60F3F1E77BEB-SegmentedRaftLogWorker: created new log segment /workdir/hadoop-ozone/integration-test/target/test-dir/MiniOzoneClusterImpl-efe61e54-dcf4-4ce1-9515-f66e262f6b8a/datanode-1/data/ratis/fd3b3ee0-dbfd-4763-96f5-60f3f1e77beb/current/log_inprogress_0
2019-10-04 21:47:01,030 [a87e6d7a-5484-427a-9ae7-491f17ac9191@group-60F3F1E77BEB-SegmentedRaftLogWorker] INFO  segmented.SegmentedRaftLogWorker (SegmentedRaftLogWorker.java:execute(574)) - a87e6d7a-5484-427a-9ae7-491f17ac9191@group-60F3F1E77BEB-SegmentedRaftLogWorker: created new log segment /workdir/hadoop-ozone/integration-test/target/test-dir/MiniOzoneClusterImpl-efe61e54-dcf4-4ce1-9515-f66e262f6b8a/datanode-2/data/ratis/fd3b3ee0-dbfd-4763-96f5-60f3f1e77beb/current/log_inprogress_1
2019-10-04 21:47:01,042 [a7f943cb-bb18-497b-82a4-8777e8f57d3f@group-60F3F1E77BEB-SegmentedRaftLogWorker] INFO  segmented.SegmentedRaftLogWorker (SegmentedRaftLogWorker.java:execute(531)) - a7f943cb-bb18-497b-82a4-8777e8f57d3f@group-60F3F1E77BEB-SegmentedRaftLogWorker: Rolled log segment from /workdir/hadoop-ozone/integration-test/target/test-dir/MiniOzoneClusterImpl-efe61e54-dcf4-4ce1-9515-f66e262f6b8a/datanode-1/data/ratis/fd3b3ee0-dbfd-4763-96f5-60f3f1e77beb/current/log_inprogress_0 to /workdir/hadoop-ozone/integration-test/target/test-dir/MiniOzoneClusterImpl-efe61e54-dcf4-4ce1-9515-f66e262f6b8a/datanode-1/data/ratis/fd3b3ee0-dbfd-4763-96f5-60f3f1e77beb/current/log_0-0
2019-10-04 21:47:01,074 [a7f943cb-bb18-497b-82a4-8777e8f57d3f@group-60F3F1E77BEB-SegmentedRaftLogWorker] INFO  segmented.SegmentedRaftLogWorker (SegmentedRaftLogWorker.java:execute(574)) - a7f943cb-bb18-497b-82a4-8777e8f57d3f@group-60F3F1E77BEB-SegmentedRaftLogWorker: created new log segment /workdir/hadoop-ozone/integration-test/target/test-dir/MiniOzoneClusterImpl-efe61e54-dcf4-4ce1-9515-f66e262f6b8a/datanode-1/data/ratis/fd3b3ee0-dbfd-4763-96f5-60f3f1e77beb/current/log_inprogress_1
2019-10-04 21:47:02,222 [EventQueue-StaleNodeForStaleNodeHandler] INFO  node.StaleNodeHandler (StaleNodeHandler.java:onMessage(58)) - Datanode 30434be4-12dc-4776-9a92-54252ab8e913{ip: 192.168.30.43, host: pr-hdds-2252-dqfx9-1550151176, networkLocation: /default-rack, certSerialId: null} moved to stale state. Finalizing its pipelines [PipelineID=17c1a7dc-0869-41af-9f6b-df93e9a36ad6, PipelineID=61fdd355-6c9b-45d7-9134-ebcbd803df66]
2019-10-04 21:47:02,226 [EventQueue-StaleNodeForStaleNodeHandler] INFO  pipeline.SCMPipelineManager (SCMPipelineManager.java:finalizeAndDestroyPipeline(315)) - destroying pipeline:Pipeline[ Id: 17c1a7dc-0869-41af-9f6b-df93e9a36ad6, Nodes: 30434be4-12dc-4776-9a92-54252ab8e913{ip: 192.168.30.43, host: pr-hdds-2252-dqfx9-1550151176, networkLocation: /default-rack, certSerialId: null}, Type:RATIS, Factor:ONE, State:OPEN]
2019-10-04 21:47:02,227 [EventQueue-StaleNodeForStaleNodeHandler] INFO  pipeline.PipelineStateManager (PipelineStateManager.java:finalizePipeline(123)) - Pipeline Pipeline[ Id: 17c1a7dc-0869-41af-9f6b-df93e9a36ad6, Nodes: 30434be4-12dc-4776-9a92-54252ab8e913{ip: 192.168.30.43, host: pr-hdds-2252-dqfx9-1550151176, networkLocation: /default-rack, certSerialId: null}, Type:RATIS, Factor:ONE, State:CLOSED] moved to CLOSED state
2019-10-04 21:47:02,228 [EventQueue-StaleNodeForStaleNodeHandler] INFO  pipeline.SCMPipelineManager (SCMPipelineManager.java:finalizeAndDestroyPipeline(315)) - destroying pipeline:Pipeline[ Id: 61fdd355-6c9b-45d7-9134-ebcbd803df66, Nodes: 30434be4-12dc-4776-9a92-54252ab8e913{ip: 192.168.30.43, host: pr-hdds-2252-dqfx9-1550151176, networkLocation: /default-rack, certSerialId: null}ed32ec4f-f88d-40f8-90b3-1e363f965dce{ip: 192.168.30.43, host: pr-hdds-2252-dqfx9-1550151176, networkLocation: /default-rack, certSerialId: null}2a7cbac8-731e-4451-bef1-f907eaf770d2{ip: 192.168.30.43, host: pr-hdds-2252-dqfx9-1550151176, networkLocation: /default-rack, certSerialId: null}, Type:RATIS, Factor:THREE, State:OPEN]
2019-10-04 21:47:02,228 [EventQueue-StaleNodeForStaleNodeHandler] INFO  pipeline.PipelineStateManager (PipelineStateManager.java:finalizePipeline(123)) - Pipeline Pipeline[ Id: 61fdd355-6c9b-45d7-9134-ebcbd803df66, Nodes: 30434be4-12dc-4776-9a92-54252ab8e913{ip: 192.168.30.43, host: pr-hdds-2252-dqfx9-1550151176, networkLocation: /default-rack, certSerialId: null}ed32ec4f-f88d-40f8-90b3-1e363f965dce{ip: 192.168.30.43, host: pr-hdds-2252-dqfx9-1550151176, networkLocation: /default-rack, certSerialId: null}2a7cbac8-731e-4451-bef1-f907eaf770d2{ip: 192.168.30.43, host: pr-hdds-2252-dqfx9-1550151176, networkLocation: /default-rack, certSerialId: null}, Type:RATIS, Factor:THREE, State:CLOSED] moved to CLOSED state
2019-10-04 21:47:02,229 [EventQueue-CloseContainerForCloseContainerEventHandler] INFO  container.CloseContainerEventHandler (CloseContainerEventHandler.java:onMessage(61)) - Close container Event triggered for container : #1
2019-10-04 21:47:02,350 [main] INFO  ozoneimpl.OzoneContainer (OzoneContainer.java:stop(231)) - Attempting to stop container services.
2019-10-04 21:47:02,352 [main] INFO  impl.RaftServerProxy (RaftServerProxy.java:lambda$close$4(314)) - 30434be4-12dc-4776-9a92-54252ab8e913: close
2019-10-04 21:47:02,353 [main] INFO  impl.RaftServerImpl (RaftServerImpl.java:lambda$shutdown$3(247)) - 30434be4-12dc-4776-9a92-54252ab8e913@group-DF93E9A36AD6: shutdown
2019-10-04 21:47:02,354 [ForkJoinPool.commonPool-worker-1] INFO  impl.RaftServerImpl (RaftServerImpl.java:lambda$shutdown$3(247)) - 30434be4-12dc-4776-9a92-54252ab8e913@group-EBCBD803DF66: shutdown
2019-10-04 21:47:02,354 [main] INFO  util.JmxRegister (JmxRegister.java:unregister(73)) - Successfully un-registered JMX Bean with object name Ratis:service=RaftServer,group=group-DF93E9A36AD6,id=30434be4-12dc-4776-9a92-54252ab8e913
2019-10-04 21:47:02,354 [ForkJoinPool.commonPool-worker-1] INFO  util.JmxRegister (JmxRegister.java:unregister(73)) - Successfully un-registered JMX Bean with object name Ratis:service=RaftServer,group=group-EBCBD803DF66,id=30434be4-12dc-4776-9a92-54252ab8e913
2019-10-04 21:47:02,355 [main] INFO  impl.RoleInfo (RoleInfo.java:shutdownLeaderState(104)) - 30434be4-12dc-4776-9a92-54252ab8e913: shutdown LeaderState
2019-10-04 21:47:02,355 [ForkJoinPool.commonPool-worker-1] INFO  impl.RoleInfo (RoleInfo.java:shutdownLeaderState(104)) - 30434be4-12dc-4776-9a92-54252ab8e913: shutdown LeaderState
2019-10-04 21:47:02,359 [ForkJoinPool.commonPool-worker-1] INFO  impl.PendingRequests (PendingRequests.java:sendNotLeaderResponses(202)) - 30434be4-12dc-4776-9a92-54252ab8e913@group-EBCBD803DF66-PendingRequests: sendNotLeaderResponses
2019-10-04 21:47:02,359 [org.apache.ratis.server.impl.LogAppender$AppenderDaemon$$Lambda$537/376264038@2e860b1a] WARN  server.GrpcLogAppender (GrpcLogAppender.java:mayWait(143)) - 30434be4-12dc-4776-9a92-54252ab8e913@group-EBCBD803DF66->2a7cbac8-731e-4451-bef1-f907eaf770d2-GrpcLogAppender: Wait interrupted by java.lang.InterruptedException
2019-10-04 21:47:02,359 [main] INFO  impl.PendingRequests (PendingRequests.java:sendNotLeaderResponses(202)) - 30434be4-12dc-4776-9a92-54252ab8e913@group-DF93E9A36AD6-PendingRequests: sendNotLeaderResponses
2019-10-04 21:47:02,359 [org.apache.ratis.server.impl.LogAppender$AppenderDaemon$$Lambda$537/376264038@6036d7e1] WARN  server.GrpcLogAppender (GrpcLogAppender.java:mayWait(143)) - 30434be4-12dc-4776-9a92-54252ab8e913@group-EBCBD803DF66->ed32ec4f-f88d-40f8-90b3-1e363f965dce-GrpcLogAppender: Wait interrupted by java.lang.InterruptedException
2019-10-04 21:47:02,363 [main] INFO  impl.StateMachineUpdater (StateMachineUpdater.java:stopAndJoin(136)) - 30434be4-12dc-4776-9a92-54252ab8e913@group-DF93E9A36AD6-StateMachineUpdater: set stopIndex = 0
2019-10-04 21:47:02,364 [30434be4-12dc-4776-9a92-54252ab8e913@group-EBCBD803DF66-StateMachineUpdater] INFO  ratis.ContainerStateMachine (ContainerStateMachine.java:takeSnapshot(293)) - group-EBCBD803DF66: Taking a snapshot at:(t:1, i:14) file /workdir/hadoop-ozone/integration-test/target/test-dir/MiniOzoneClusterImpl-efe61e54-dcf4-4ce1-9515-f66e262f6b8a/datanode-5/data/ratis/61fdd355-6c9b-45d7-9134-ebcbd803df66/sm/snapshot.1_14
2019-10-04 21:47:02,364 [grpc-default-executor-8] INFO  server.GrpcServerProtocolService (GrpcServerProtocolService.java:onCompleted(113)) - ed32ec4f-f88d-40f8-90b3-1e363f965dce: Completed APPEND_ENTRIES, lastRequest: 30434be4-12dc-4776-9a92-54252ab8e913->ed32ec4f-f88d-40f8-90b3-1e363f965dce#19-t1, previous=(t:1, i:16), leaderCommit=16, initializing? false, entries: <empty>
2019-10-04 21:47:02,364 [ForkJoinPool.commonPool-worker-1] INFO  impl.StateMachineUpdater (StateMachineUpdater.java:stopAndJoin(136)) - 30434be4-12dc-4776-9a92-54252ab8e913@group-EBCBD803DF66-StateMachineUpdater: set stopIndex = 16
2019-10-04 21:47:02,363 [grpc-default-executor-5] INFO  server.GrpcServerProtocolService (GrpcServerProtocolService.java:onCompleted(113)) - 2a7cbac8-731e-4451-bef1-f907eaf770d2: Completed APPEND_ENTRIES, lastRequest: 30434be4-12dc-4776-9a92-54252ab8e913->2a7cbac8-731e-4451-bef1-f907eaf770d2#19-t1, previous=(t:1, i:16), leaderCommit=16, initializing? false, entries: <empty>
2019-10-04 21:47:02,364 [main] INFO  impl.RaftServerImpl (ServerState.java:close(387)) - 30434be4-12dc-4776-9a92-54252ab8e913@group-DF93E9A36AD6: closes. applyIndex: 0
2019-10-04 21:47:02,365 [grpc-default-executor-8] INFO  server.GrpcLogAppender (GrpcLogAppender.java:onCompleted(293)) - 30434be4-12dc-4776-9a92-54252ab8e913@group-EBCBD803DF66->2a7cbac8-731e-4451-bef1-f907eaf770d2-AppendLogResponseHandler: follower responses appendEntries COMPLETED
2019-10-04 21:47:02,365 [grpc-default-executor-5] INFO  server.GrpcLogAppender (GrpcLogAppender.java:onCompleted(293)) - 30434be4-12dc-4776-9a92-54252ab8e913@group-EBCBD803DF66->ed32ec4f-f88d-40f8-90b3-1e363f965dce-AppendLogResponseHandler: follower responses appendEntries COMPLETED
2019-10-04 21:47:02,365 [30434be4-12dc-4776-9a92-54252ab8e913@group-DF93E9A36AD6-SegmentedRaftLogWorker] INFO  segmented.SegmentedRaftLogWorker (SegmentedRaftLogWorker.java:run(316)) - 30434be4-12dc-4776-9a92-54252ab8e913@group-DF93E9A36AD6-SegmentedRaftLogWorker was interrupted, exiting. There are 0 tasks remaining in the queue.
2019-10-04 21:47:02,368 [main] INFO  segmented.SegmentedRaftLogWorker (SegmentedRaftLogWorker.java:close(224)) - 30434be4-12dc-4776-9a92-54252ab8e913@group-DF93E9A36AD6-SegmentedRaftLogWorker close()
2019-10-04 21:47:02,373 [grpc-default-executor-8] INFO  impl.FollowerInfo (FollowerInfo.java:lambda$new$0(51)) - 30434be4-12dc-4776-9a92-54252ab8e913@group-EBCBD803DF66->2a7cbac8-731e-4451-bef1-f907eaf770d2: nextIndex: updateUnconditionally 17 -> 16
2019-10-04 21:47:02,373 [grpc-default-executor-5] INFO  impl.FollowerInfo (FollowerInfo.java:lambda$new$0(51)) - 30434be4-12dc-4776-9a92-54252ab8e913@group-EBCBD803DF66->ed32ec4f-f88d-40f8-90b3-1e363f965dce: nextIndex: updateUnconditionally 17 -> 16
2019-10-04 21:47:02,378 [30434be4-12dc-4776-9a92-54252ab8e913@group-EBCBD803DF66-StateMachineUpdater] INFO  ratis.ContainerStateMachine (ContainerStateMachine.java:takeSnapshot(304)) - group-EBCBD803DF66: Finished taking a snapshot at:(t:1, i:14) file:/workdir/hadoop-ozone/integration-test/target/test-dir/MiniOzoneClusterImpl-efe61e54-dcf4-4ce1-9515-f66e262f6b8a/datanode-5/data/ratis/61fdd355-6c9b-45d7-9134-ebcbd803df66/sm/snapshot.1_14 time:14
2019-10-04 21:47:02,379 [30434be4-12dc-4776-9a92-54252ab8e913@group-EBCBD803DF66-StateMachineUpdater] INFO  impl.StateMachineUpdater (StateMachineUpdater.java:takeSnapshot(269)) - 30434be4-12dc-4776-9a92-54252ab8e913@group-EBCBD803DF66-StateMachineUpdater: Took a snapshot at index 14
2019-10-04 21:47:02,379 [30434be4-12dc-4776-9a92-54252ab8e913@group-EBCBD803DF66-StateMachineUpdater] INFO  impl.StateMachineUpdater (StateMachineUpdater.java:lambda$new$0(84)) - 30434be4-12dc-4776-9a92-54252ab8e913@group-EBCBD803DF66-StateMachineUpdater: snapshotIndex: updateIncreasingly -1 -> 14
2019-10-04 21:47:02,379 [30434be4-12dc-4776-9a92-54252ab8e913@group-EBCBD803DF66-StateMachineUpdater] INFO  ratis.ContainerStateMachine (ContainerStateMachine.java:takeSnapshot(293)) - group-EBCBD803DF66: Taking a snapshot at:(t:1, i:14) file /workdir/hadoop-ozone/integration-test/target/test-dir/MiniOzoneClusterImpl-efe61e54-dcf4-4ce1-9515-f66e262f6b8a/datanode-5/data/ratis/61fdd355-6c9b-45d7-9134-ebcbd803df66/sm/snapshot.1_14
2019-10-04 21:47:02,392 [30434be4-12dc-4776-9a92-54252ab8e913@group-EBCBD803DF66-StateMachineUpdater] INFO  ratis.ContainerStateMachine (ContainerStateMachine.java:takeSnapshot(304)) - group-EBCBD803DF66: Finished taking a snapshot at:(t:1, i:14) file:/workdir/hadoop-ozone/integration-test/target/test-dir/MiniOzoneClusterImpl-efe61e54-dcf4-4ce1-9515-f66e262f6b8a/datanode-5/data/ratis/61fdd355-6c9b-45d7-9134-ebcbd803df66/sm/snapshot.1_14 time:13
2019-10-04 21:47:02,392 [30434be4-12dc-4776-9a92-54252ab8e913@group-EBCBD803DF66-StateMachineUpdater] INFO  impl.StateMachineUpdater (StateMachineUpdater.java:takeSnapshot(269)) - 30434be4-12dc-4776-9a92-54252ab8e913@group-EBCBD803DF66-StateMachineUpdater: Took a snapshot at index 14
2019-10-04 21:47:02,392 [30434be4-12dc-4776-9a92-54252ab8e913@group-EBCBD803DF66-StateMachineUpdater] INFO  impl.StateMachineUpdater (StateMachineUpdater.java:lambda$new$0(84)) - 30434be4-12dc-4776-9a92-54252ab8e913@group-EBCBD803DF66-StateMachineUpdater: snapshotIndex: updateIncreasingly 14 -> 14
2019-10-04 21:47:02,392 [ForkJoinPool.commonPool-worker-1] INFO  impl.RaftServerImpl (ServerState.java:close(387)) - 30434be4-12dc-4776-9a92-54252ab8e913@group-EBCBD803DF66: closes. applyIndex: 16
2019-10-04 21:47:02,393 [30434be4-12dc-4776-9a92-54252ab8e913@group-EBCBD803DF66-SegmentedRaftLogWorker] INFO  segmented.SegmentedRaftLogWorker (SegmentedRaftLogWorker.java:run(316)) - 30434be4-12dc-4776-9a92-54252ab8e913@group-EBCBD803DF66-SegmentedRaftLogWorker was interrupted, exiting. There are 0 tasks remaining in the queue.
2019-10-04 21:47:02,395 [ForkJoinPool.commonPool-worker-1] INFO  segmented.SegmentedRaftLogWorker (SegmentedRaftLogWorker.java:close(224)) - 30434be4-12dc-4776-9a92-54252ab8e913@group-EBCBD803DF66-SegmentedRaftLogWorker close()
2019-10-04 21:47:02,398 [main] INFO  server.GrpcService (GrpcService.java:closeImpl(164)) - 30434be4-12dc-4776-9a92-54252ab8e913: shutdown server with port 41864 now
2019-10-04 21:47:02,399 [main] INFO  server.GrpcService (GrpcService.java:closeImpl(172)) - 30434be4-12dc-4776-9a92-54252ab8e913: shutdown server with port 41864 successfully
2019-10-04 21:47:02,399 [grpc-default-executor-8] WARN  client.GrpcClientProtocolService (LogUtils.java:warn(134)) - 4-UnorderedRequestStreamObserver4: onError: org.apache.ratis.thirdparty.io.grpc.StatusRuntimeException: CANCELLED: cancelled before receiving half close
2019-10-04 21:47:02,405 [refreshUsed-/workdir/hadoop-ozone/integration-test/target/test-dir/MiniOzoneClusterImpl-efe61e54-dcf4-4ce1-9515-f66e262f6b8a/datanode-5/data/containers] WARN  fs.CachingGetSpaceUsed (CachingGetSpaceUsed.java:run(183)) - Thread Interrupted waiting to refresh disk information: sleep interrupted
2019-10-04 21:47:02,420 [main] INFO  utils.BackgroundService (BackgroundService.java:shutdown(148)) - Shutting down service BlockDeletingService
2019-10-04 21:47:02,427 [main] INFO  statemachine.DatanodeStateMachine (DatanodeStateMachine.java:stopDaemon(395)) - Ozone container server stopped.
2019-10-04 21:47:02,429 [main] INFO  handler.ContextHandler (ContextHandler.java:doStop(910)) - Stopped o.e.j.w.WebAppContext@7d7ceca8{/,null,UNAVAILABLE}{/hddsDatanode}
2019-10-04 21:47:02,430 [main] INFO  server.AbstractConnector (AbstractConnector.java:doStop(318)) - Stopped ServerConnector@2bba35ef{HTTP/1.1,[http/1.1]}{0.0.0.0:0}
2019-10-04 21:47:02,430 [main] INFO  handler.ContextHandler (ContextHandler.java:doStop(910)) - Stopped o.e.j.s.ServletContextHandler@2b0454d2{/static,jar:file:/home/user/.m2/repository/org/apache/hadoop/hadoop-hdds-container-service/0.5.0-SNAPSHOT/hadoop-hdds-container-service-0.5.0-SNAPSHOT.jar!/webapps/static,UNAVAILABLE}
2019-10-04 21:47:02,430 [main] INFO  handler.ContextHandler (ContextHandler.java:doStop(910)) - Stopped o.e.j.s.ServletContextHandler@4b93dd6a{/logs,file:///workdir/hadoop-ozone/integration-test/target/log,UNAVAILABLE}
2019-10-04 21:47:11,229 [Thread-3150] INFO  impl.FollowerState (FollowerState.java:run(108)) - 2a7cbac8-731e-4451-bef1-f907eaf770d2@group-EBCBD803DF66-FollowerState: change to CANDIDATE, lastRpcTime:8874ms, electionTimeout:5072ms
2019-10-04 21:47:11,231 [Thread-3150] INFO  impl.RoleInfo (RoleInfo.java:shutdownFollowerState(121)) - 2a7cbac8-731e-4451-bef1-f907eaf770d2: shutdown FollowerState
2019-10-04 21:47:11,231 [Thread-3150] INFO  impl.RaftServerImpl (RaftServerImpl.java:setRole(170)) - 2a7cbac8-731e-4451-bef1-f907eaf770d2@group-EBCBD803DF66: changes role from  FOLLOWER to CANDIDATE at term 1 for changeToCandidate
2019-10-04 21:47:11,232 [Thread-3150] INFO  impl.RoleInfo (RoleInfo.java:updateAndGet(143)) - 2a7cbac8-731e-4451-bef1-f907eaf770d2: start LeaderElection
2019-10-04 21:47:11,236 [2a7cbac8-731e-4451-bef1-f907eaf770d2@group-EBCBD803DF66-LeaderElection75] INFO  impl.RaftServerImpl (ServerState.java:setLeader(255)) - 2a7cbac8-731e-4451-bef1-f907eaf770d2@group-EBCBD803DF66: change Leader from 30434be4-12dc-4776-9a92-54252ab8e913 to null at term 1 for initElection
2019-10-04 21:47:11,251 [2a7cbac8-731e-4451-bef1-f907eaf770d2@group-EBCBD803DF66-LeaderElection75] INFO  impl.LeaderElection (LeaderElection.java:askForVotes(178)) - 2a7cbac8-731e-4451-bef1-f907eaf770d2@group-EBCBD803DF66-LeaderElection75: begin an election at term 2 for 0: [30434be4-12dc-4776-9a92-54252ab8e913:192.168.30.43:41864, ed32ec4f-f88d-40f8-90b3-1e363f965dce:192.168.30.43:39828, 2a7cbac8-731e-4451-bef1-f907eaf770d2:192.168.30.43:34947], old=null
2019-10-04 21:47:11,265 [2a7cbac8-731e-4451-bef1-f907eaf770d2@group-EBCBD803DF66-LeaderElection75] INFO  impl.LeaderElection (LogUtils.java:infoOrTrace(149)) - 2a7cbac8-731e-4451-bef1-f907eaf770d2@group-EBCBD803DF66-LeaderElection75 got exception when requesting votes: {}
java.util.concurrent.ExecutionException: org.apache.ratis.thirdparty.io.grpc.StatusRuntimeException: UNAVAILABLE: io exception
	at java.util.concurrent.FutureTask.report(FutureTask.java:122)
	at java.util.concurrent.FutureTask.get(FutureTask.java:192)
	at org.apache.ratis.server.impl.LeaderElection.waitForResults(LeaderElection.java:259)
	at org.apache.ratis.server.impl.LeaderElection.askForVotes(LeaderElection.java:197)
	at org.apache.ratis.server.impl.LeaderElection.run(LeaderElection.java:133)
	at java.lang.Thread.run(Thread.java:748)
Caused by: org.apache.ratis.thirdparty.io.grpc.StatusRuntimeException: UNAVAILABLE: io exception
	at org.apache.ratis.thirdparty.io.grpc.stub.ClientCalls.toStatusRuntimeException(ClientCalls.java:233)
	at org.apache.ratis.thirdparty.io.grpc.stub.ClientCalls.getUnchecked(ClientCalls.java:214)
	at org.apache.ratis.thirdparty.io.grpc.stub.ClientCalls.blockingUnaryCall(ClientCalls.java:139)
	at org.apache.ratis.proto.grpc.RaftServerProtocolServiceGrpc$RaftServerProtocolServiceBlockingStub.requestVote(RaftServerProtocolServiceGrpc.java:265)
	at org.apache.ratis.grpc.server.GrpcServerProtocolClient.requestVote(GrpcServerProtocolClient.java:99)
	at org.apache.ratis.grpc.server.GrpcService.requestVote(GrpcService.java:204)
	at org.apache.ratis.server.impl.LeaderElection.lambda$submitRequests$1(LeaderElection.java:234)
	at java.util.concurrent.FutureTask.run(FutureTask.java:266)
	at java.util.concurrent.Executors$RunnableAdapter.call(Executors.java:511)
	at java.util.concurrent.FutureTask.run(FutureTask.java:266)
	at java.util.concurrent.ThreadPoolExecutor.runWorker(ThreadPoolExecutor.java:1149)
	at java.util.concurrent.ThreadPoolExecutor$Worker.run(ThreadPoolExecutor.java:624)
	... 1 more
Caused by: org.apache.ratis.thirdparty.io.netty.channel.AbstractChannel$AnnotatedConnectException: Connection refused: /192.168.30.43:41864
	at sun.nio.ch.SocketChannelImpl.checkConnect(Native Method)
	at sun.nio.ch.SocketChannelImpl.finishConnect(SocketChannelImpl.java:717)
	at org.apache.ratis.thirdparty.io.netty.channel.socket.nio.NioSocketChannel.doFinishConnect(NioSocketChannel.java:327)
	at org.apache.ratis.thirdparty.io.netty.channel.nio.AbstractNioChannel$AbstractNioUnsafe.finishConnect(AbstractNioChannel.java:340)
	at org.apache.ratis.thirdparty.io.netty.channel.nio.NioEventLoop.processSelectedKey(NioEventLoop.java:632)
	at org.apache.ratis.thirdparty.io.netty.channel.nio.NioEventLoop.processSelectedKeysOptimized(NioEventLoop.java:579)
	at org.apache.ratis.thirdparty.io.netty.channel.nio.NioEventLoop.processSelectedKeys(NioEventLoop.java:496)
	at org.apache.ratis.thirdparty.io.netty.channel.nio.NioEventLoop.run(NioEventLoop.java:458)
	at org.apache.ratis.thirdparty.io.netty.util.concurrent.SingleThreadEventExecutor$5.run(SingleThreadEventExecutor.java:897)
	at org.apache.ratis.thirdparty.io.netty.util.concurrent.FastThreadLocalRunnable.run(FastThreadLocalRunnable.java:30)
	... 1 more
Caused by: java.net.ConnectException: Connection refused
	... 11 more
2019-10-04 21:47:11,270 [grpc-default-executor-5] INFO  impl.RaftServerImpl (ServerState.java:setLeader(255)) - ed32ec4f-f88d-40f8-90b3-1e363f965dce@group-EBCBD803DF66: change Leader from 30434be4-12dc-4776-9a92-54252ab8e913 to null at term 2 for updateCurrentTerm
2019-10-04 21:47:11,270 [grpc-default-executor-5] INFO  impl.RaftServerImpl (RaftServerImpl.java:setRole(170)) - ed32ec4f-f88d-40f8-90b3-1e363f965dce@group-EBCBD803DF66: changes role from  FOLLOWER to FOLLOWER at term 2 for recognizeCandidate:2a7cbac8-731e-4451-bef1-f907eaf770d2
2019-10-04 21:47:11,270 [grpc-default-executor-5] INFO  impl.RoleInfo (RoleInfo.java:shutdownFollowerState(121)) - ed32ec4f-f88d-40f8-90b3-1e363f965dce: shutdown FollowerState
2019-10-04 21:47:11,270 [grpc-default-executor-5] INFO  impl.RoleInfo (RoleInfo.java:updateAndGet(143)) - ed32ec4f-f88d-40f8-90b3-1e363f965dce: start FollowerState
2019-10-04 21:47:11,270 [Thread-3149] INFO  impl.FollowerState (FollowerState.java:run(117)) - ed32ec4f-f88d-40f8-90b3-1e363f965dce@group-EBCBD803DF66-FollowerState was interrupted: java.lang.InterruptedException: sleep interrupted
2019-10-04 21:47:11,308 [2a7cbac8-731e-4451-bef1-f907eaf770d2@group-EBCBD803DF66-LeaderElection75] INFO  impl.LeaderElection (LeaderElection.java:logAndReturn(56)) - 2a7cbac8-731e-4451-bef1-f907eaf770d2@group-EBCBD803DF66-LeaderElection75: Election PASSED; received 1 response(s) [2a7cbac8-731e-4451-bef1-f907eaf770d2<-ed32ec4f-f88d-40f8-90b3-1e363f965dce#0:OK-t2] and 1 exception(s); 2a7cbac8-731e-4451-bef1-f907eaf770d2@group-EBCBD803DF66:t2, leader=null, voted=2a7cbac8-731e-4451-bef1-f907eaf770d2, raftlog=2a7cbac8-731e-4451-bef1-f907eaf770d2@group-EBCBD803DF66-SegmentedRaftLog:OPENED:c16,f16,i16, conf=0: [30434be4-12dc-4776-9a92-54252ab8e913:192.168.30.43:41864, ed32ec4f-f88d-40f8-90b3-1e363f965dce:192.168.30.43:39828, 2a7cbac8-731e-4451-bef1-f907eaf770d2:192.168.30.43:34947], old=null
2019-10-04 21:47:11,309 [2a7cbac8-731e-4451-bef1-f907eaf770d2@group-EBCBD803DF66-LeaderElection75] INFO  impl.LeaderElection (LogUtils.java:infoOrTrace(149)) -   Exception 0: {}
java.util.concurrent.ExecutionException: org.apache.ratis.thirdparty.io.grpc.StatusRuntimeException: UNAVAILABLE: io exception
	at java.util.concurrent.FutureTask.report(FutureTask.java:122)
	at java.util.concurrent.FutureTask.get(FutureTask.java:192)
	at org.apache.ratis.server.impl.LeaderElection.waitForResults(LeaderElection.java:259)
	at org.apache.ratis.server.impl.LeaderElection.askForVotes(LeaderElection.java:197)
	at org.apache.ratis.server.impl.LeaderElection.run(LeaderElection.java:133)
	at java.lang.Thread.run(Thread.java:748)
Caused by: org.apache.ratis.thirdparty.io.grpc.StatusRuntimeException: UNAVAILABLE: io exception
	at org.apache.ratis.thirdparty.io.grpc.stub.ClientCalls.toStatusRuntimeException(ClientCalls.java:233)
	at org.apache.ratis.thirdparty.io.grpc.stub.ClientCalls.getUnchecked(ClientCalls.java:214)
	at org.apache.ratis.thirdparty.io.grpc.stub.ClientCalls.blockingUnaryCall(ClientCalls.java:139)
	at org.apache.ratis.proto.grpc.RaftServerProtocolServiceGrpc$RaftServerProtocolServiceBlockingStub.requestVote(RaftServerProtocolServiceGrpc.java:265)
	at org.apache.ratis.grpc.server.GrpcServerProtocolClient.requestVote(GrpcServerProtocolClient.java:99)
	at org.apache.ratis.grpc.server.GrpcService.requestVote(GrpcService.java:204)
	at org.apache.ratis.server.impl.LeaderElection.lambda$submitRequests$1(LeaderElection.java:234)
	at java.util.concurrent.FutureTask.run(FutureTask.java:266)
	at java.util.concurrent.Executors$RunnableAdapter.call(Executors.java:511)
	at java.util.concurrent.FutureTask.run(FutureTask.java:266)
	at java.util.concurrent.ThreadPoolExecutor.runWorker(ThreadPoolExecutor.java:1149)
	at java.util.concurrent.ThreadPoolExecutor$Worker.run(ThreadPoolExecutor.java:624)
	... 1 more
Caused by: org.apache.ratis.thirdparty.io.netty.channel.AbstractChannel$AnnotatedConnectException: Connection refused: /192.168.30.43:41864
	at sun.nio.ch.SocketChannelImpl.checkConnect(Native Method)
	at sun.nio.ch.SocketChannelImpl.finishConnect(SocketChannelImpl.java:717)
	at org.apache.ratis.thirdparty.io.netty.channel.socket.nio.NioSocketChannel.doFinishConnect(NioSocketChannel.java:327)
	at org.apache.ratis.thirdparty.io.netty.channel.nio.AbstractNioChannel$AbstractNioUnsafe.finishConnect(AbstractNioChannel.java:340)
	at org.apache.ratis.thirdparty.io.netty.channel.nio.NioEventLoop.processSelectedKey(NioEventLoop.java:632)
	at org.apache.ratis.thirdparty.io.netty.channel.nio.NioEventLoop.processSelectedKeysOptimized(NioEventLoop.java:579)
	at org.apache.ratis.thirdparty.io.netty.channel.nio.NioEventLoop.processSelectedKeys(NioEventLoop.java:496)
	at org.apache.ratis.thirdparty.io.netty.channel.nio.NioEventLoop.run(NioEventLoop.java:458)
	at org.apache.ratis.thirdparty.io.netty.util.concurrent.SingleThreadEventExecutor$5.run(SingleThreadEventExecutor.java:897)
	at org.apache.ratis.thirdparty.io.netty.util.concurrent.FastThreadLocalRunnable.run(FastThreadLocalRunnable.java:30)
	... 1 more
Caused by: java.net.ConnectException: Connection refused
	... 11 more
2019-10-04 21:47:11,309 [2a7cbac8-731e-4451-bef1-f907eaf770d2@group-EBCBD803DF66-LeaderElection75] INFO  impl.RoleInfo (RoleInfo.java:shutdownLeaderElection(134)) - 2a7cbac8-731e-4451-bef1-f907eaf770d2: shutdown LeaderElection
2019-10-04 21:47:11,309 [2a7cbac8-731e-4451-bef1-f907eaf770d2@group-EBCBD803DF66-LeaderElection75] INFO  impl.RaftServerImpl (RaftServerImpl.java:setRole(170)) - 2a7cbac8-731e-4451-bef1-f907eaf770d2@group-EBCBD803DF66: changes role from CANDIDATE to LEADER at term 2 for changeToLeader
2019-10-04 21:47:11,310 [2a7cbac8-731e-4451-bef1-f907eaf770d2@group-EBCBD803DF66-LeaderElection75] INFO  impl.RaftServerImpl (ServerState.java:setLeader(255)) - 2a7cbac8-731e-4451-bef1-f907eaf770d2@group-EBCBD803DF66: change Leader from null to 2a7cbac8-731e-4451-bef1-f907eaf770d2 at term 2 for becomeLeader, leader elected after 73ms
2019-10-04 21:47:11,310 [2a7cbac8-731e-4451-bef1-f907eaf770d2@group-EBCBD803DF66-LeaderElection75] INFO  server.RaftServerConfigKeys (ConfUtils.java:logGet(43)) - raft.server.staging.catchup.gap = 1000 (default)
2019-10-04 21:47:11,310 [2a7cbac8-731e-4451-bef1-f907eaf770d2@group-EBCBD803DF66-LeaderElection75] INFO  server.RaftServerConfigKeys (ConfUtils.java:logGet(43)) - raft.server.rpc.sleep.time = 25ms (default)
2019-10-04 21:47:11,311 [2a7cbac8-731e-4451-bef1-f907eaf770d2@group-EBCBD803DF66-LeaderElection75] INFO  server.RaftServerConfigKeys (ConfUtils.java:logGet(43)) - raft.server.write.element-limit = 4096 (default)
2019-10-04 21:47:11,311 [2a7cbac8-731e-4451-bef1-f907eaf770d2@group-EBCBD803DF66-LeaderElection75] INFO  server.RaftServerConfigKeys (ConfUtils.java:logGet(43)) - raft.server.watch.timeout = 10s (default)
2019-10-04 21:47:11,311 [2a7cbac8-731e-4451-bef1-f907eaf770d2@group-EBCBD803DF66-LeaderElection75] INFO  server.RaftServerConfigKeys (ConfUtils.java:logGet(43)) - raft.server.watch.timeout.denomination = 1s (default)
2019-10-04 21:47:11,311 [2a7cbac8-731e-4451-bef1-f907eaf770d2@group-EBCBD803DF66-LeaderElection75] INFO  server.RaftServerConfigKeys (ConfUtils.java:logGet(43)) - raft.server.watch.element-limit = 65536 (default)
2019-10-04 21:47:11,315 [2a7cbac8-731e-4451-bef1-f907eaf770d2@group-EBCBD803DF66-LeaderElection75] INFO  server.RaftServerConfigKeys (ConfUtils.java:logGet(43)) - raft.server.log.appender.snapshot.chunk.size.max = 16MB (=16777216) (default)
2019-10-04 21:47:11,315 [2a7cbac8-731e-4451-bef1-f907eaf770d2@group-EBCBD803DF66-LeaderElection75] INFO  server.RaftServerConfigKeys (ConfUtils.java:logGet(43)) - raft.server.log.appender.buffer.byte-limit = 33554432 (custom)
2019-10-04 21:47:11,315 [2a7cbac8-731e-4451-bef1-f907eaf770d2@group-EBCBD803DF66-LeaderElection75] INFO  server.RaftServerConfigKeys (ConfUtils.java:logGet(43)) - raft.server.log.appender.buffer.element-limit = 1 (custom)
2019-10-04 21:47:11,315 [2a7cbac8-731e-4451-bef1-f907eaf770d2@group-EBCBD803DF66-LeaderElection75] INFO  grpc.GrpcConfigKeys$Server (ConfUtils.java:logGet(43)) - raft.grpc.server.leader.outstanding.appends.max = 128 (default)
2019-10-04 21:47:11,316 [2a7cbac8-731e-4451-bef1-f907eaf770d2@group-EBCBD803DF66-LeaderElection75] INFO  server.RaftServerConfigKeys (ConfUtils.java:logGet(43)) - raft.server.rpc.request.timeout = 3000ms (default)
2019-10-04 21:47:11,316 [2a7cbac8-731e-4451-bef1-f907eaf770d2@group-EBCBD803DF66-LeaderElection75] INFO  server.RaftServerConfigKeys (ConfUtils.java:logGet(43)) - raft.server.log.appender.install.snapshot.enabled = false (custom)
2019-10-04 21:47:11,316 [2a7cbac8-731e-4451-bef1-f907eaf770d2@group-EBCBD803DF66-LeaderElection75] INFO  server.RaftServerConfigKeys (ConfUtils.java:logGet(43)) - raft.server.log.appender.snapshot.chunk.size.max = 16MB (=16777216) (default)
2019-10-04 21:47:11,316 [2a7cbac8-731e-4451-bef1-f907eaf770d2@group-EBCBD803DF66-LeaderElection75] INFO  server.RaftServerConfigKeys (ConfUtils.java:logGet(43)) - raft.server.log.appender.buffer.byte-limit = 33554432 (custom)
2019-10-04 21:47:11,316 [2a7cbac8-731e-4451-bef1-f907eaf770d2@group-EBCBD803DF66-LeaderElection75] INFO  server.RaftServerConfigKeys (ConfUtils.java:logGet(43)) - raft.server.log.appender.buffer.element-limit = 1 (custom)
2019-10-04 21:47:11,317 [2a7cbac8-731e-4451-bef1-f907eaf770d2@group-EBCBD803DF66-LeaderElection75] INFO  grpc.GrpcConfigKeys$Server (ConfUtils.java:logGet(43)) - raft.grpc.server.leader.outstanding.appends.max = 128 (default)
2019-10-04 21:47:11,317 [2a7cbac8-731e-4451-bef1-f907eaf770d2@group-EBCBD803DF66-LeaderElection75] INFO  server.RaftServerConfigKeys (ConfUtils.java:logGet(43)) - raft.server.rpc.request.timeout = 3000ms (default)
2019-10-04 21:47:11,317 [2a7cbac8-731e-4451-bef1-f907eaf770d2@group-EBCBD803DF66-LeaderElection75] INFO  server.RaftServerConfigKeys (ConfUtils.java:logGet(43)) - raft.server.log.appender.install.snapshot.enabled = false (custom)
2019-10-04 21:47:11,317 [2a7cbac8-731e-4451-bef1-f907eaf770d2@group-EBCBD803DF66-LeaderElection75] INFO  impl.RoleInfo (RoleInfo.java:updateAndGet(143)) - 2a7cbac8-731e-4451-bef1-f907eaf770d2: start LeaderState
2019-10-04 21:47:11,318 [2a7cbac8-731e-4451-bef1-f907eaf770d2@group-EBCBD803DF66-LeaderElection75] INFO  segmented.SegmentedRaftLogWorker (SegmentedRaftLogWorker.java:rollLogSegment(390)) - 2a7cbac8-731e-4451-bef1-f907eaf770d2@group-EBCBD803DF66-SegmentedRaftLogWorker: Rolling segment log-0_16 to index:16
2019-10-04 21:47:11,319 [2a7cbac8-731e-4451-bef1-f907eaf770d2@group-EBCBD803DF66-LeaderElection75] INFO  impl.RaftServerImpl (ServerState.java:setRaftConf(356)) - 2a7cbac8-731e-4451-bef1-f907eaf770d2@group-EBCBD803DF66: set configuration 17: [30434be4-12dc-4776-9a92-54252ab8e913:192.168.30.43:41864, ed32ec4f-f88d-40f8-90b3-1e363f965dce:192.168.30.43:39828, 2a7cbac8-731e-4451-bef1-f907eaf770d2:192.168.30.43:34947], old=null at 17
2019-10-04 21:47:11,319 [2a7cbac8-731e-4451-bef1-f907eaf770d2@group-EBCBD803DF66-SegmentedRaftLogWorker] INFO  segmented.SegmentedRaftLogWorker (SegmentedRaftLogWorker.java:execute(531)) - 2a7cbac8-731e-4451-bef1-f907eaf770d2@group-EBCBD803DF66-SegmentedRaftLogWorker: Rolled log segment from /workdir/hadoop-ozone/integration-test/target/test-dir/MiniOzoneClusterImpl-efe61e54-dcf4-4ce1-9515-f66e262f6b8a/datanode-3/data/ratis/61fdd355-6c9b-45d7-9134-ebcbd803df66/current/log_inprogress_0 to /workdir/hadoop-ozone/integration-test/target/test-dir/MiniOzoneClusterImpl-efe61e54-dcf4-4ce1-9515-f66e262f6b8a/datanode-3/data/ratis/61fdd355-6c9b-45d7-9134-ebcbd803df66/current/log_0-16
2019-10-04 21:47:11,319 [grpc-default-executor-5] WARN  server.GrpcLogAppender (LogUtils.java:warn(134)) - 2a7cbac8-731e-4451-bef1-f907eaf770d2@group-EBCBD803DF66->30434be4-12dc-4776-9a92-54252ab8e913-AppendLogResponseHandler: Failed appendEntries: org.apache.ratis.thirdparty.io.grpc.StatusRuntimeException: UNAVAILABLE: io exception
2019-10-04 21:47:11,335 [grpc-default-executor-5] INFO  impl.FollowerInfo (FollowerInfo.java:lambda$new$0(51)) - 2a7cbac8-731e-4451-bef1-f907eaf770d2@group-EBCBD803DF66->30434be4-12dc-4776-9a92-54252ab8e913: nextIndex: updateUnconditionally 17 -> 1
2019-10-04 21:47:11,340 [grpc-default-executor-5] INFO  impl.RaftServerImpl (ServerState.java:setLeader(255)) - ed32ec4f-f88d-40f8-90b3-1e363f965dce@group-EBCBD803DF66: change Leader from null to 2a7cbac8-731e-4451-bef1-f907eaf770d2 at term 2 for appendEntries, leader elected after 70ms
2019-10-04 21:47:11,342 [grpc-default-executor-5] INFO  impl.RaftServerImpl (ServerState.java:setRaftConf(356)) - ed32ec4f-f88d-40f8-90b3-1e363f965dce@group-EBCBD803DF66: set configuration 17: [30434be4-12dc-4776-9a92-54252ab8e913:192.168.30.43:41864, ed32ec4f-f88d-40f8-90b3-1e363f965dce:192.168.30.43:39828, 2a7cbac8-731e-4451-bef1-f907eaf770d2:192.168.30.43:34947], old=null at 17
2019-10-04 21:47:11,343 [grpc-default-executor-5] INFO  segmented.SegmentedRaftLogWorker (SegmentedRaftLogWorker.java:rollLogSegment(390)) - ed32ec4f-f88d-40f8-90b3-1e363f965dce@group-EBCBD803DF66-SegmentedRaftLogWorker: Rolling segment log-0_16 to index:16
2019-10-04 21:47:11,344 [ed32ec4f-f88d-40f8-90b3-1e363f965dce@group-EBCBD803DF66-SegmentedRaftLogWorker] INFO  segmented.SegmentedRaftLogWorker (SegmentedRaftLogWorker.java:execute(531)) - ed32ec4f-f88d-40f8-90b3-1e363f965dce@group-EBCBD803DF66-SegmentedRaftLogWorker: Rolled log segment from /workdir/hadoop-ozone/integration-test/target/test-dir/MiniOzoneClusterImpl-efe61e54-dcf4-4ce1-9515-f66e262f6b8a/datanode-6/data/ratis/61fdd355-6c9b-45d7-9134-ebcbd803df66/current/log_inprogress_0 to /workdir/hadoop-ozone/integration-test/target/test-dir/MiniOzoneClusterImpl-efe61e54-dcf4-4ce1-9515-f66e262f6b8a/datanode-6/data/ratis/61fdd355-6c9b-45d7-9134-ebcbd803df66/current/log_0-16
2019-10-04 21:47:11,382 [2a7cbac8-731e-4451-bef1-f907eaf770d2@group-EBCBD803DF66-SegmentedRaftLogWorker] INFO  segmented.SegmentedRaftLogWorker (SegmentedRaftLogWorker.java:execute(574)) - 2a7cbac8-731e-4451-bef1-f907eaf770d2@group-EBCBD803DF66-SegmentedRaftLogWorker: created new log segment /workdir/hadoop-ozone/integration-test/target/test-dir/MiniOzoneClusterImpl-efe61e54-dcf4-4ce1-9515-f66e262f6b8a/datanode-3/data/ratis/61fdd355-6c9b-45d7-9134-ebcbd803df66/current/log_inprogress_17
2019-10-04 21:47:11,408 [ed32ec4f-f88d-40f8-90b3-1e363f965dce@group-EBCBD803DF66-SegmentedRaftLogWorker] INFO  segmented.SegmentedRaftLogWorker (SegmentedRaftLogWorker.java:execute(574)) - ed32ec4f-f88d-40f8-90b3-1e363f965dce@group-EBCBD803DF66-SegmentedRaftLogWorker: created new log segment /workdir/hadoop-ozone/integration-test/target/test-dir/MiniOzoneClusterImpl-efe61e54-dcf4-4ce1-9515-f66e262f6b8a/datanode-6/data/ratis/61fdd355-6c9b-45d7-9134-ebcbd803df66/current/log_inprogress_17
2019-10-04 21:47:11,434 [grpc-default-executor-8] WARN  server.GrpcLogAppender (LogUtils.java:warn(134)) - 2a7cbac8-731e-4451-bef1-f907eaf770d2@group-EBCBD803DF66->30434be4-12dc-4776-9a92-54252ab8e913-AppendLogResponseHandler: Failed appendEntries: org.apache.ratis.thirdparty.io.grpc.StatusRuntimeException: UNAVAILABLE: io exception
2019-10-04 21:47:11,434 [grpc-default-executor-8] INFO  impl.FollowerInfo (FollowerInfo.java:lambda$new$0(51)) - 2a7cbac8-731e-4451-bef1-f907eaf770d2@group-EBCBD803DF66->30434be4-12dc-4776-9a92-54252ab8e913: nextIndex: updateUnconditionally 2 -> 1
2019-10-04 21:47:11,445 [grpc-default-executor-6] WARN  server.GrpcLogAppender (LogUtils.java:warn(134)) - 2a7cbac8-731e-4451-bef1-f907eaf770d2@group-EBCBD803DF66->30434be4-12dc-4776-9a92-54252ab8e913-AppendLogResponseHandler: Failed appendEntries: org.apache.ratis.thirdparty.io.grpc.StatusRuntimeException: UNAVAILABLE: io exception
2019-10-04 21:47:11,445 [grpc-default-executor-6] INFO  impl.FollowerInfo (FollowerInfo.java:lambda$new$0(51)) - 2a7cbac8-731e-4451-bef1-f907eaf770d2@group-EBCBD803DF66->30434be4-12dc-4776-9a92-54252ab8e913: nextIndex: updateUnconditionally 2 -> 1
21:47:11.598 [grpc-default-executor-6] ERROR DNAudit - user=null | ip=null | op=WRITE_CHUNK {blockData=conID: 1 locID: 102906305697742861 bcsId: 14} | ret=FAILURE
org.apache.hadoop.hdds.scm.container.common.helpers.ContainerNotOpenException: Container 1 in CLOSING state
	at org.apache.hadoop.ozone.container.common.impl.HddsDispatcher.validateContainerCommand(HddsDispatcher.java:434) ~[hadoop-hdds-container-service-0.5.0-SNAPSHOT.jar:?]
	at org.apache.hadoop.ozone.container.common.transport.server.ratis.ContainerStateMachine.startTransaction(ContainerStateMachine.java:319) ~[hadoop-hdds-container-service-0.5.0-SNAPSHOT.jar:?]
	at org.apache.ratis.server.impl.RaftServerImpl.submitClientRequestAsync(RaftServerImpl.java:569) ~[ratis-server-0.5.0-201fc85-SNAPSHOT.jar:0.5.0-201fc85-SNAPSHOT]
	at org.apache.ratis.server.impl.RaftServerProxy.lambda$submitClientRequestAsync$7(RaftServerProxy.java:333) ~[ratis-server-0.5.0-201fc85-SNAPSHOT.jar:0.5.0-201fc85-SNAPSHOT]
	at org.apache.ratis.server.impl.RaftServerProxy.lambda$null$5(RaftServerProxy.java:328) ~[ratis-server-0.5.0-201fc85-SNAPSHOT.jar:0.5.0-201fc85-SNAPSHOT]
	at org.apache.ratis.util.JavaUtils.callAsUnchecked(JavaUtils.java:109) ~[ratis-common-0.5.0-201fc85-SNAPSHOT.jar:0.5.0-201fc85-SNAPSHOT]
	at org.apache.ratis.server.impl.RaftServerProxy.lambda$submitRequest$6(RaftServerProxy.java:328) ~[ratis-server-0.5.0-201fc85-SNAPSHOT.jar:0.5.0-201fc85-SNAPSHOT]
	at java.util.concurrent.CompletableFuture.uniComposeStage(CompletableFuture.java:981) ~[?:1.8.0_212]
	at java.util.concurrent.CompletableFuture.thenCompose(CompletableFuture.java:2124) ~[?:1.8.0_212]
	at org.apache.ratis.server.impl.RaftServerProxy.submitRequest(RaftServerProxy.java:327) ~[ratis-server-0.5.0-201fc85-SNAPSHOT.jar:0.5.0-201fc85-SNAPSHOT]
	at org.apache.ratis.server.impl.RaftServerProxy.submitClientRequestAsync(RaftServerProxy.java:333) ~[ratis-server-0.5.0-201fc85-SNAPSHOT.jar:0.5.0-201fc85-SNAPSHOT]
	at org.apache.ratis.grpc.client.GrpcClientProtocolService$RequestStreamObserver.processClientRequest(GrpcClientProtocolService.java:220) ~[ratis-grpc-0.5.0-201fc85-SNAPSHOT.jar:0.5.0-201fc85-SNAPSHOT]
	at org.apache.ratis.grpc.client.GrpcClientProtocolService$OrderedRequestStreamObserver.processClientRequest(GrpcClientProtocolService.java:326) ~[ratis-grpc-0.5.0-201fc85-SNAPSHOT.jar:0.5.0-201fc85-SNAPSHOT]
	at org.apache.ratis.util.SlidingWindow$Server.processRequestsFromHead(SlidingWindow.java:429) [ratis-common-0.5.0-201fc85-SNAPSHOT.jar:0.5.0-201fc85-SNAPSHOT]
	at org.apache.ratis.util.SlidingWindow$Server.receivedRequest(SlidingWindow.java:421) [ratis-common-0.5.0-201fc85-SNAPSHOT.jar:0.5.0-201fc85-SNAPSHOT]
	at org.apache.ratis.grpc.client.GrpcClientProtocolService$OrderedRequestStreamObserver.processClientRequest(GrpcClientProtocolService.java:345) [ratis-grpc-0.5.0-201fc85-SNAPSHOT.jar:0.5.0-201fc85-SNAPSHOT]
	at org.apache.ratis.grpc.client.GrpcClientProtocolService$RequestStreamObserver.onNext(GrpcClientProtocolService.java:240) [ratis-grpc-0.5.0-201fc85-SNAPSHOT.jar:0.5.0-201fc85-SNAPSHOT]
	at org.apache.ratis.grpc.client.GrpcClientProtocolService$RequestStreamObserver.onNext(GrpcClientProtocolService.java:168) [ratis-grpc-0.5.0-201fc85-SNAPSHOT.jar:0.5.0-201fc85-SNAPSHOT]
	at org.apache.ratis.thirdparty.io.grpc.stub.ServerCalls$StreamingServerCallHandler$StreamingServerCallListener.onMessage(ServerCalls.java:248) [ratis-thirdparty-misc-0.2.0.jar:0.2.0]
	at org.apache.ratis.thirdparty.io.grpc.internal.ServerCallImpl$ServerStreamListenerImpl.messagesAvailable(ServerCallImpl.java:263) [ratis-thirdparty-misc-0.2.0.jar:0.2.0]
	at org.apache.ratis.thirdparty.io.grpc.internal.ServerImpl$JumpToApplicationThreadServerStreamListener$1MessagesAvailable.runInContext(ServerImpl.java:686) [ratis-thirdparty-misc-0.2.0.jar:0.2.0]
	at org.apache.ratis.thirdparty.io.grpc.internal.ContextRunnable.run(ContextRunnable.java:37) [ratis-thirdparty-misc-0.2.0.jar:0.2.0]
	at org.apache.ratis.thirdparty.io.grpc.internal.SerializingExecutor.run(SerializingExecutor.java:123) [ratis-thirdparty-misc-0.2.0.jar:0.2.0]
	at java.util.concurrent.ThreadPoolExecutor.runWorker(ThreadPoolExecutor.java:1149) [?:1.8.0_212]
	at java.util.concurrent.ThreadPoolExecutor$Worker.run(ThreadPoolExecutor.java:624) [?:1.8.0_212]
	at java.lang.Thread.run(Thread.java:748) [?:1.8.0_212]
21:47:11.614 [grpc-default-executor-5] ERROR DNAudit - user=null | ip=null | op=WRITE_CHUNK {blockData=conID: 1 locID: 102906305697742861 bcsId: 14} | ret=FAILURE
org.apache.hadoop.hdds.scm.container.common.helpers.ContainerNotOpenException: Container 1 in CLOSING state
	at org.apache.hadoop.ozone.container.common.impl.HddsDispatcher.validateContainerCommand(HddsDispatcher.java:434) ~[hadoop-hdds-container-service-0.5.0-SNAPSHOT.jar:?]
	at org.apache.hadoop.ozone.container.common.transport.server.ratis.ContainerStateMachine.startTransaction(ContainerStateMachine.java:319) ~[hadoop-hdds-container-service-0.5.0-SNAPSHOT.jar:?]
	at org.apache.ratis.server.impl.RaftServerImpl.submitClientRequestAsync(RaftServerImpl.java:569) ~[ratis-server-0.5.0-201fc85-SNAPSHOT.jar:0.5.0-201fc85-SNAPSHOT]
	at org.apache.ratis.server.impl.RaftServerProxy.lambda$submitClientRequestAsync$7(RaftServerProxy.java:333) ~[ratis-server-0.5.0-201fc85-SNAPSHOT.jar:0.5.0-201fc85-SNAPSHOT]
	at org.apache.ratis.server.impl.RaftServerProxy.lambda$null$5(RaftServerProxy.java:328) ~[ratis-server-0.5.0-201fc85-SNAPSHOT.jar:0.5.0-201fc85-SNAPSHOT]
	at org.apache.ratis.util.JavaUtils.callAsUnchecked(JavaUtils.java:109) ~[ratis-common-0.5.0-201fc85-SNAPSHOT.jar:0.5.0-201fc85-SNAPSHOT]
	at org.apache.ratis.server.impl.RaftServerProxy.lambda$submitRequest$6(RaftServerProxy.java:328) ~[ratis-server-0.5.0-201fc85-SNAPSHOT.jar:0.5.0-201fc85-SNAPSHOT]
	at java.util.concurrent.CompletableFuture.uniComposeStage(CompletableFuture.java:981) ~[?:1.8.0_212]
	at java.util.concurrent.CompletableFuture.thenCompose(CompletableFuture.java:2124) ~[?:1.8.0_212]
	at org.apache.ratis.server.impl.RaftServerProxy.submitRequest(RaftServerProxy.java:327) ~[ratis-server-0.5.0-201fc85-SNAPSHOT.jar:0.5.0-201fc85-SNAPSHOT]
	at org.apache.ratis.server.impl.RaftServerProxy.submitClientRequestAsync(RaftServerProxy.java:333) ~[ratis-server-0.5.0-201fc85-SNAPSHOT.jar:0.5.0-201fc85-SNAPSHOT]
	at org.apache.ratis.grpc.client.GrpcClientProtocolService$RequestStreamObserver.processClientRequest(GrpcClientProtocolService.java:220) ~[ratis-grpc-0.5.0-201fc85-SNAPSHOT.jar:0.5.0-201fc85-SNAPSHOT]
	at org.apache.ratis.grpc.client.GrpcClientProtocolService$OrderedRequestStreamObserver.processClientRequest(GrpcClientProtocolService.java:326) ~[ratis-grpc-0.5.0-201fc85-SNAPSHOT.jar:0.5.0-201fc85-SNAPSHOT]
	at org.apache.ratis.util.SlidingWindow$Server.processRequestsFromHead(SlidingWindow.java:429) [ratis-common-0.5.0-201fc85-SNAPSHOT.jar:0.5.0-201fc85-SNAPSHOT]
	at org.apache.ratis.util.SlidingWindow$Server.receivedRequest(SlidingWindow.java:421) [ratis-common-0.5.0-201fc85-SNAPSHOT.jar:0.5.0-201fc85-SNAPSHOT]
	at org.apache.ratis.grpc.client.GrpcClientProtocolService$OrderedRequestStreamObserver.processClientRequest(GrpcClientProtocolService.java:345) [ratis-grpc-0.5.0-201fc85-SNAPSHOT.jar:0.5.0-201fc85-SNAPSHOT]
	at org.apache.ratis.grpc.client.GrpcClientProtocolService$RequestStreamObserver.onNext(GrpcClientProtocolService.java:240) [ratis-grpc-0.5.0-201fc85-SNAPSHOT.jar:0.5.0-201fc85-SNAPSHOT]
	at org.apache.ratis.grpc.client.GrpcClientProtocolService$RequestStreamObserver.onNext(GrpcClientProtocolService.java:168) [ratis-grpc-0.5.0-201fc85-SNAPSHOT.jar:0.5.0-201fc85-SNAPSHOT]
	at org.apache.ratis.thirdparty.io.grpc.stub.ServerCalls$StreamingServerCallHandler$StreamingServerCallListener.onMessage(ServerCalls.java:248) [ratis-thirdparty-misc-0.2.0.jar:0.2.0]
	at org.apache.ratis.thirdparty.io.grpc.internal.ServerCallImpl$ServerStreamListenerImpl.messagesAvailable(ServerCallImpl.java:263) [ratis-thirdparty-misc-0.2.0.jar:0.2.0]
	at org.apache.ratis.thirdparty.io.grpc.internal.ServerImpl$JumpToApplicationThreadServerStreamListener$1MessagesAvailable.runInContext(ServerImpl.java:686) [ratis-thirdparty-misc-0.2.0.jar:0.2.0]
	at org.apache.ratis.thirdparty.io.grpc.internal.ContextRunnable.run(ContextRunnable.java:37) [ratis-thirdparty-misc-0.2.0.jar:0.2.0]
	at org.apache.ratis.thirdparty.io.grpc.internal.SerializingExecutor.run(SerializingExecutor.java:123) [ratis-thirdparty-misc-0.2.0.jar:0.2.0]
	at java.util.concurrent.ThreadPoolExecutor.runWorker(ThreadPoolExecutor.java:1149) [?:1.8.0_212]
	at java.util.concurrent.ThreadPoolExecutor$Worker.run(ThreadPoolExecutor.java:624) [?:1.8.0_212]
	at java.lang.Thread.run(Thread.java:748) [?:1.8.0_212]
21:47:11.625 [grpc-default-executor-5] ERROR DNAudit - user=null | ip=null | op=PUT_BLOCK {blockData=[blockId=conID: 1 locID: 102906305697742861 bcsId: 0,size=650]} | ret=FAILURE
org.apache.hadoop.hdds.scm.container.common.helpers.ContainerNotOpenException: Container 1 in CLOSING state
	at org.apache.hadoop.ozone.container.common.impl.HddsDispatcher.validateContainerCommand(HddsDispatcher.java:434) ~[hadoop-hdds-container-service-0.5.0-SNAPSHOT.jar:?]
	at org.apache.hadoop.ozone.container.common.transport.server.ratis.ContainerStateMachine.startTransaction(ContainerStateMachine.java:319) ~[hadoop-hdds-container-service-0.5.0-SNAPSHOT.jar:?]
	at org.apache.ratis.server.impl.RaftServerImpl.submitClientRequestAsync(RaftServerImpl.java:569) ~[ratis-server-0.5.0-201fc85-SNAPSHOT.jar:0.5.0-201fc85-SNAPSHOT]
	at org.apache.ratis.server.impl.RaftServerProxy.lambda$submitClientRequestAsync$7(RaftServerProxy.java:333) ~[ratis-server-0.5.0-201fc85-SNAPSHOT.jar:0.5.0-201fc85-SNAPSHOT]
	at org.apache.ratis.server.impl.RaftServerProxy.lambda$null$5(RaftServerProxy.java:328) ~[ratis-server-0.5.0-201fc85-SNAPSHOT.jar:0.5.0-201fc85-SNAPSHOT]
	at org.apache.ratis.util.JavaUtils.callAsUnchecked(JavaUtils.java:109) ~[ratis-common-0.5.0-201fc85-SNAPSHOT.jar:0.5.0-201fc85-SNAPSHOT]
	at org.apache.ratis.server.impl.RaftServerProxy.lambda$submitRequest$6(RaftServerProxy.java:328) ~[ratis-server-0.5.0-201fc85-SNAPSHOT.jar:0.5.0-201fc85-SNAPSHOT]
	at java.util.concurrent.CompletableFuture.uniComposeStage(CompletableFuture.java:981) ~[?:1.8.0_212]
	at java.util.concurrent.CompletableFuture.thenCompose(CompletableFuture.java:2124) ~[?:1.8.0_212]
	at org.apache.ratis.server.impl.RaftServerProxy.submitRequest(RaftServerProxy.java:327) ~[ratis-server-0.5.0-201fc85-SNAPSHOT.jar:0.5.0-201fc85-SNAPSHOT]
	at org.apache.ratis.server.impl.RaftServerProxy.submitClientRequestAsync(RaftServerProxy.java:333) ~[ratis-server-0.5.0-201fc85-SNAPSHOT.jar:0.5.0-201fc85-SNAPSHOT]
	at org.apache.ratis.grpc.client.GrpcClientProtocolService$RequestStreamObserver.processClientRequest(GrpcClientProtocolService.java:220) ~[ratis-grpc-0.5.0-201fc85-SNAPSHOT.jar:0.5.0-201fc85-SNAPSHOT]
	at org.apache.ratis.grpc.client.GrpcClientProtocolService$OrderedRequestStreamObserver.processClientRequest(GrpcClientProtocolService.java:326) ~[ratis-grpc-0.5.0-201fc85-SNAPSHOT.jar:0.5.0-201fc85-SNAPSHOT]
	at org.apache.ratis.util.SlidingWindow$Server.processRequestsFromHead(SlidingWindow.java:429) [ratis-common-0.5.0-201fc85-SNAPSHOT.jar:0.5.0-201fc85-SNAPSHOT]
	at org.apache.ratis.util.SlidingWindow$Server.receivedRequest(SlidingWindow.java:421) [ratis-common-0.5.0-201fc85-SNAPSHOT.jar:0.5.0-201fc85-SNAPSHOT]
	at org.apache.ratis.grpc.client.GrpcClientProtocolService$OrderedRequestStreamObserver.processClientRequest(GrpcClientProtocolService.java:345) [ratis-grpc-0.5.0-201fc85-SNAPSHOT.jar:0.5.0-201fc85-SNAPSHOT]
	at org.apache.ratis.grpc.client.GrpcClientProtocolService$RequestStreamObserver.onNext(GrpcClientProtocolService.java:240) [ratis-grpc-0.5.0-201fc85-SNAPSHOT.jar:0.5.0-201fc85-SNAPSHOT]
	at org.apache.ratis.grpc.client.GrpcClientProtocolService$RequestStreamObserver.onNext(GrpcClientProtocolService.java:168) [ratis-grpc-0.5.0-201fc85-SNAPSHOT.jar:0.5.0-201fc85-SNAPSHOT]
	at org.apache.ratis.thirdparty.io.grpc.stub.ServerCalls$StreamingServerCallHandler$StreamingServerCallListener.onMessage(ServerCalls.java:248) [ratis-thirdparty-misc-0.2.0.jar:0.2.0]
	at org.apache.ratis.thirdparty.io.grpc.internal.ServerCallImpl$ServerStreamListenerImpl.messagesAvailable(ServerCallImpl.java:263) [ratis-thirdparty-misc-0.2.0.jar:0.2.0]
	at org.apache.ratis.thirdparty.io.grpc.internal.ServerImpl$JumpToApplicationThreadServerStreamListener$1MessagesAvailable.runInContext(ServerImpl.java:686) [ratis-thirdparty-misc-0.2.0.jar:0.2.0]
	at org.apache.ratis.thirdparty.io.grpc.internal.ContextRunnable.run(ContextRunnable.java:37) [ratis-thirdparty-misc-0.2.0.jar:0.2.0]
	at org.apache.ratis.thirdparty.io.grpc.internal.SerializingExecutor.run(SerializingExecutor.java:123) [ratis-thirdparty-misc-0.2.0.jar:0.2.0]
	at java.util.concurrent.ThreadPoolExecutor.runWorker(ThreadPoolExecutor.java:1149) [?:1.8.0_212]
	at java.util.concurrent.ThreadPoolExecutor$Worker.run(ThreadPoolExecutor.java:624) [?:1.8.0_212]
	at java.lang.Thread.run(Thread.java:748) [?:1.8.0_212]
21:47:11.633 [grpc-default-executor-5] ERROR DNAudit - user=null | ip=null | op=WRITE_CHUNK {blockData=conID: 1 locID: 102906305697742861 bcsId: 14} | ret=FAILURE
org.apache.hadoop.hdds.scm.container.common.helpers.ContainerNotOpenException: Container 1 in CLOSING state
	at org.apache.hadoop.ozone.container.common.impl.HddsDispatcher.validateContainerCommand(HddsDispatcher.java:434) ~[hadoop-hdds-container-service-0.5.0-SNAPSHOT.jar:?]
	at org.apache.hadoop.ozone.container.common.transport.server.ratis.ContainerStateMachine.startTransaction(ContainerStateMachine.java:319) ~[hadoop-hdds-container-service-0.5.0-SNAPSHOT.jar:?]
	at org.apache.ratis.server.impl.RaftServerImpl.submitClientRequestAsync(RaftServerImpl.java:569) ~[ratis-server-0.5.0-201fc85-SNAPSHOT.jar:0.5.0-201fc85-SNAPSHOT]
	at org.apache.ratis.server.impl.RaftServerProxy.lambda$submitClientRequestAsync$7(RaftServerProxy.java:333) ~[ratis-server-0.5.0-201fc85-SNAPSHOT.jar:0.5.0-201fc85-SNAPSHOT]
	at org.apache.ratis.server.impl.RaftServerProxy.lambda$null$5(RaftServerProxy.java:328) ~[ratis-server-0.5.0-201fc85-SNAPSHOT.jar:0.5.0-201fc85-SNAPSHOT]
	at org.apache.ratis.util.JavaUtils.callAsUnchecked(JavaUtils.java:109) ~[ratis-common-0.5.0-201fc85-SNAPSHOT.jar:0.5.0-201fc85-SNAPSHOT]
	at org.apache.ratis.server.impl.RaftServerProxy.lambda$submitRequest$6(RaftServerProxy.java:328) ~[ratis-server-0.5.0-201fc85-SNAPSHOT.jar:0.5.0-201fc85-SNAPSHOT]
	at java.util.concurrent.CompletableFuture.uniComposeStage(CompletableFuture.java:981) ~[?:1.8.0_212]
	at java.util.concurrent.CompletableFuture.thenCompose(CompletableFuture.java:2124) ~[?:1.8.0_212]
	at org.apache.ratis.server.impl.RaftServerProxy.submitRequest(RaftServerProxy.java:327) ~[ratis-server-0.5.0-201fc85-SNAPSHOT.jar:0.5.0-201fc85-SNAPSHOT]
	at org.apache.ratis.server.impl.RaftServerProxy.submitClientRequestAsync(RaftServerProxy.java:333) ~[ratis-server-0.5.0-201fc85-SNAPSHOT.jar:0.5.0-201fc85-SNAPSHOT]
	at org.apache.ratis.grpc.client.GrpcClientProtocolService$RequestStreamObserver.processClientRequest(GrpcClientProtocolService.java:220) ~[ratis-grpc-0.5.0-201fc85-SNAPSHOT.jar:0.5.0-201fc85-SNAPSHOT]
	at org.apache.ratis.grpc.client.GrpcClientProtocolService$OrderedRequestStreamObserver.processClientRequest(GrpcClientProtocolService.java:326) ~[ratis-grpc-0.5.0-201fc85-SNAPSHOT.jar:0.5.0-201fc85-SNAPSHOT]
	at org.apache.ratis.util.SlidingWindow$Server.processRequestsFromHead(SlidingWindow.java:429) [ratis-common-0.5.0-201fc85-SNAPSHOT.jar:0.5.0-201fc85-SNAPSHOT]
	at org.apache.ratis.util.SlidingWindow$Server.receivedRequest(SlidingWindow.java:421) [ratis-common-0.5.0-201fc85-SNAPSHOT.jar:0.5.0-201fc85-SNAPSHOT]
	at org.apache.ratis.grpc.client.GrpcClientProtocolService$OrderedRequestStreamObserver.processClientRequest(GrpcClientProtocolService.java:345) [ratis-grpc-0.5.0-201fc85-SNAPSHOT.jar:0.5.0-201fc85-SNAPSHOT]
	at org.apache.ratis.grpc.client.GrpcClientProtocolService$RequestStreamObserver.onNext(GrpcClientProtocolService.java:240) [ratis-grpc-0.5.0-201fc85-SNAPSHOT.jar:0.5.0-201fc85-SNAPSHOT]
	at org.apache.ratis.grpc.client.GrpcClientProtocolService$RequestStreamObserver.onNext(GrpcClientProtocolService.java:168) [ratis-grpc-0.5.0-201fc85-SNAPSHOT.jar:0.5.0-201fc85-SNAPSHOT]
	at org.apache.ratis.thirdparty.io.grpc.stub.ServerCalls$StreamingServerCallHandler$StreamingServerCallListener.onMessage(ServerCalls.java:248) [ratis-thirdparty-misc-0.2.0.jar:0.2.0]
	at org.apache.ratis.thirdparty.io.grpc.internal.ServerCallImpl$ServerStreamListenerImpl.messagesAvailable(ServerCallImpl.java:263) [ratis-thirdparty-misc-0.2.0.jar:0.2.0]
	at org.apache.ratis.thirdparty.io.grpc.internal.ServerImpl$JumpToApplicationThreadServerStreamListener$1MessagesAvailable.runInContext(ServerImpl.java:686) [ratis-thirdparty-misc-0.2.0.jar:0.2.0]
	at org.apache.ratis.thirdparty.io.grpc.internal.ContextRunnable.run(ContextRunnable.java:37) [ratis-thirdparty-misc-0.2.0.jar:0.2.0]
	at org.apache.ratis.thirdparty.io.grpc.internal.SerializingExecutor.run(SerializingExecutor.java:123) [ratis-thirdparty-misc-0.2.0.jar:0.2.0]
	at java.util.concurrent.ThreadPoolExecutor.runWorker(ThreadPoolExecutor.java:1149) [?:1.8.0_212]
	at java.util.concurrent.ThreadPoolExecutor$Worker.run(ThreadPoolExecutor.java:624) [?:1.8.0_212]
	at java.lang.Thread.run(Thread.java:748) [?:1.8.0_212]
21:47:11.640 [grpc-default-executor-5] ERROR DNAudit - user=null | ip=null | op=WRITE_CHUNK {blockData=conID: 1 locID: 102906305697742861 bcsId: 14} | ret=FAILURE
org.apache.hadoop.hdds.scm.container.common.helpers.ContainerNotOpenException: Container 1 in CLOSING state
	at org.apache.hadoop.ozone.container.common.impl.HddsDispatcher.validateContainerCommand(HddsDispatcher.java:434) ~[hadoop-hdds-container-service-0.5.0-SNAPSHOT.jar:?]
	at org.apache.hadoop.ozone.container.common.transport.server.ratis.ContainerStateMachine.startTransaction(ContainerStateMachine.java:319) ~[hadoop-hdds-container-service-0.5.0-SNAPSHOT.jar:?]
	at org.apache.ratis.server.impl.RaftServerImpl.submitClientRequestAsync(RaftServerImpl.java:569) ~[ratis-server-0.5.0-201fc85-SNAPSHOT.jar:0.5.0-201fc85-SNAPSHOT]
	at org.apache.ratis.server.impl.RaftServerProxy.lambda$submitClientRequestAsync$7(RaftServerProxy.java:333) ~[ratis-server-0.5.0-201fc85-SNAPSHOT.jar:0.5.0-201fc85-SNAPSHOT]
	at org.apache.ratis.server.impl.RaftServerProxy.lambda$null$5(RaftServerProxy.java:328) ~[ratis-server-0.5.0-201fc85-SNAPSHOT.jar:0.5.0-201fc85-SNAPSHOT]
	at org.apache.ratis.util.JavaUtils.callAsUnchecked(JavaUtils.java:109) ~[ratis-common-0.5.0-201fc85-SNAPSHOT.jar:0.5.0-201fc85-SNAPSHOT]
	at org.apache.ratis.server.impl.RaftServerProxy.lambda$submitRequest$6(RaftServerProxy.java:328) ~[ratis-server-0.5.0-201fc85-SNAPSHOT.jar:0.5.0-201fc85-SNAPSHOT]
	at java.util.concurrent.CompletableFuture.uniComposeStage(CompletableFuture.java:981) ~[?:1.8.0_212]
	at java.util.concurrent.CompletableFuture.thenCompose(CompletableFuture.java:2124) ~[?:1.8.0_212]
	at org.apache.ratis.server.impl.RaftServerProxy.submitRequest(RaftServerProxy.java:327) ~[ratis-server-0.5.0-201fc85-SNAPSHOT.jar:0.5.0-201fc85-SNAPSHOT]
	at org.apache.ratis.server.impl.RaftServerProxy.submitClientRequestAsync(RaftServerProxy.java:333) ~[ratis-server-0.5.0-201fc85-SNAPSHOT.jar:0.5.0-201fc85-SNAPSHOT]
	at org.apache.ratis.grpc.client.GrpcClientProtocolService$RequestStreamObserver.processClientRequest(GrpcClientProtocolService.java:220) ~[ratis-grpc-0.5.0-201fc85-SNAPSHOT.jar:0.5.0-201fc85-SNAPSHOT]
	at org.apache.ratis.grpc.client.GrpcClientProtocolService$OrderedRequestStreamObserver.processClientRequest(GrpcClientProtocolService.java:326) ~[ratis-grpc-0.5.0-201fc85-SNAPSHOT.jar:0.5.0-201fc85-SNAPSHOT]
	at org.apache.ratis.util.SlidingWindow$Server.processRequestsFromHead(SlidingWindow.java:429) [ratis-common-0.5.0-201fc85-SNAPSHOT.jar:0.5.0-201fc85-SNAPSHOT]
	at org.apache.ratis.util.SlidingWindow$Server.receivedRequest(SlidingWindow.java:421) [ratis-common-0.5.0-201fc85-SNAPSHOT.jar:0.5.0-201fc85-SNAPSHOT]
	at org.apache.ratis.grpc.client.GrpcClientProtocolService$OrderedRequestStreamObserver.processClientRequest(GrpcClientProtocolService.java:345) [ratis-grpc-0.5.0-201fc85-SNAPSHOT.jar:0.5.0-201fc85-SNAPSHOT]
	at org.apache.ratis.grpc.client.GrpcClientProtocolService$RequestStreamObserver.onNext(GrpcClientProtocolService.java:240) [ratis-grpc-0.5.0-201fc85-SNAPSHOT.jar:0.5.0-201fc85-SNAPSHOT]
	at org.apache.ratis.grpc.client.GrpcClientProtocolService$RequestStreamObserver.onNext(GrpcClientProtocolService.java:168) [ratis-grpc-0.5.0-201fc85-SNAPSHOT.jar:0.5.0-201fc85-SNAPSHOT]
	at org.apache.ratis.thirdparty.io.grpc.stub.ServerCalls$StreamingServerCallHandler$StreamingServerCallListener.onMessage(ServerCalls.java:248) [ratis-thirdparty-misc-0.2.0.jar:0.2.0]
	at org.apache.ratis.thirdparty.io.grpc.internal.ServerCallImpl$ServerStreamListenerImpl.messagesAvailable(ServerCallImpl.java:263) [ratis-thirdparty-misc-0.2.0.jar:0.2.0]
	at org.apache.ratis.thirdparty.io.grpc.internal.ServerImpl$JumpToApplicationThreadServerStreamListener$1MessagesAvailable.runInContext(ServerImpl.java:686) [ratis-thirdparty-misc-0.2.0.jar:0.2.0]
	at org.apache.ratis.thirdparty.io.grpc.internal.ContextRunnable.run(ContextRunnable.java:37) [ratis-thirdparty-misc-0.2.0.jar:0.2.0]
	at org.apache.ratis.thirdparty.io.grpc.internal.SerializingExecutor.run(SerializingExecutor.java:123) [ratis-thirdparty-misc-0.2.0.jar:0.2.0]
	at java.util.concurrent.ThreadPoolExecutor.runWorker(ThreadPoolExecutor.java:1149) [?:1.8.0_212]
	at java.util.concurrent.ThreadPoolExecutor$Worker.run(ThreadPoolExecutor.java:624) [?:1.8.0_212]
	at java.lang.Thread.run(Thread.java:748) [?:1.8.0_212]
21:47:11.650 [grpc-default-executor-5] ERROR DNAudit - user=null | ip=null | op=PUT_BLOCK {blockData=[blockId=conID: 1 locID: 102906305697742861 bcsId: 0,size=800]} | ret=FAILURE
org.apache.hadoop.hdds.scm.container.common.helpers.ContainerNotOpenException: Container 1 in CLOSING state
	at org.apache.hadoop.ozone.container.common.impl.HddsDispatcher.validateContainerCommand(HddsDispatcher.java:434) ~[hadoop-hdds-container-service-0.5.0-SNAPSHOT.jar:?]
	at org.apache.hadoop.ozone.container.common.transport.server.ratis.ContainerStateMachine.startTransaction(ContainerStateMachine.java:319) ~[hadoop-hdds-container-service-0.5.0-SNAPSHOT.jar:?]
	at org.apache.ratis.server.impl.RaftServerImpl.submitClientRequestAsync(RaftServerImpl.java:569) ~[ratis-server-0.5.0-201fc85-SNAPSHOT.jar:0.5.0-201fc85-SNAPSHOT]
	at org.apache.ratis.server.impl.RaftServerProxy.lambda$submitClientRequestAsync$7(RaftServerProxy.java:333) ~[ratis-server-0.5.0-201fc85-SNAPSHOT.jar:0.5.0-201fc85-SNAPSHOT]
	at org.apache.ratis.server.impl.RaftServerProxy.lambda$null$5(RaftServerProxy.java:328) ~[ratis-server-0.5.0-201fc85-SNAPSHOT.jar:0.5.0-201fc85-SNAPSHOT]
	at org.apache.ratis.util.JavaUtils.callAsUnchecked(JavaUtils.java:109) ~[ratis-common-0.5.0-201fc85-SNAPSHOT.jar:0.5.0-201fc85-SNAPSHOT]
	at org.apache.ratis.server.impl.RaftServerProxy.lambda$submitRequest$6(RaftServerProxy.java:328) ~[ratis-server-0.5.0-201fc85-SNAPSHOT.jar:0.5.0-201fc85-SNAPSHOT]
	at java.util.concurrent.CompletableFuture.uniComposeStage(CompletableFuture.java:981) ~[?:1.8.0_212]
	at java.util.concurrent.CompletableFuture.thenCompose(CompletableFuture.java:2124) ~[?:1.8.0_212]
	at org.apache.ratis.server.impl.RaftServerProxy.submitRequest(RaftServerProxy.java:327) ~[ratis-server-0.5.0-201fc85-SNAPSHOT.jar:0.5.0-201fc85-SNAPSHOT]
	at org.apache.ratis.server.impl.RaftServerProxy.submitClientRequestAsync(RaftServerProxy.java:333) ~[ratis-server-0.5.0-201fc85-SNAPSHOT.jar:0.5.0-201fc85-SNAPSHOT]
	at org.apache.ratis.grpc.client.GrpcClientProtocolService$RequestStreamObserver.processClientRequest(GrpcClientProtocolService.java:220) ~[ratis-grpc-0.5.0-201fc85-SNAPSHOT.jar:0.5.0-201fc85-SNAPSHOT]
	at org.apache.ratis.grpc.client.GrpcClientProtocolService$OrderedRequestStreamObserver.processClientRequest(GrpcClientProtocolService.java:326) ~[ratis-grpc-0.5.0-201fc85-SNAPSHOT.jar:0.5.0-201fc85-SNAPSHOT]
	at org.apache.ratis.util.SlidingWindow$Server.processRequestsFromHead(SlidingWindow.java:429) [ratis-common-0.5.0-201fc85-SNAPSHOT.jar:0.5.0-201fc85-SNAPSHOT]
	at org.apache.ratis.util.SlidingWindow$Server.receivedRequest(SlidingWindow.java:421) [ratis-common-0.5.0-201fc85-SNAPSHOT.jar:0.5.0-201fc85-SNAPSHOT]
	at org.apache.ratis.grpc.client.GrpcClientProtocolService$OrderedRequestStreamObserver.processClientRequest(GrpcClientProtocolService.java:345) [ratis-grpc-0.5.0-201fc85-SNAPSHOT.jar:0.5.0-201fc85-SNAPSHOT]
	at org.apache.ratis.grpc.client.GrpcClientProtocolService$RequestStreamObserver.onNext(GrpcClientProtocolService.java:240) [ratis-grpc-0.5.0-201fc85-SNAPSHOT.jar:0.5.0-201fc85-SNAPSHOT]
	at org.apache.ratis.grpc.client.GrpcClientProtocolService$RequestStreamObserver.onNext(GrpcClientProtocolService.java:168) [ratis-grpc-0.5.0-201fc85-SNAPSHOT.jar:0.5.0-201fc85-SNAPSHOT]
	at org.apache.ratis.thirdparty.io.grpc.stub.ServerCalls$StreamingServerCallHandler$StreamingServerCallListener.onMessage(ServerCalls.java:248) [ratis-thirdparty-misc-0.2.0.jar:0.2.0]
	at org.apache.ratis.thirdparty.io.grpc.internal.ServerCallImpl$ServerStreamListenerImpl.messagesAvailable(ServerCallImpl.java:263) [ratis-thirdparty-misc-0.2.0.jar:0.2.0]
	at org.apache.ratis.thirdparty.io.grpc.internal.ServerImpl$JumpToApplicationThreadServerStreamListener$1MessagesAvailable.runInContext(ServerImpl.java:686) [ratis-thirdparty-misc-0.2.0.jar:0.2.0]
	at org.apache.ratis.thirdparty.io.grpc.internal.ContextRunnable.run(ContextRunnable.java:37) [ratis-thirdparty-misc-0.2.0.jar:0.2.0]
	at org.apache.ratis.thirdparty.io.grpc.internal.SerializingExecutor.run(SerializingExecutor.java:123) [ratis-thirdparty-misc-0.2.0.jar:0.2.0]
	at java.util.concurrent.ThreadPoolExecutor.runWorker(ThreadPoolExecutor.java:1149) [?:1.8.0_212]
	at java.util.concurrent.ThreadPoolExecutor$Worker.run(ThreadPoolExecutor.java:624) [?:1.8.0_212]
	at java.lang.Thread.run(Thread.java:748) [?:1.8.0_212]
2019-10-04 21:47:12,024 [main] INFO  ozone.MiniOzoneClusterImpl (MiniOzoneClusterImpl.java:shutdown(314)) - Shutting down the Mini Ozone Cluster
2019-10-04 21:47:12,025 [main] INFO  ozone.MiniOzoneClusterImpl (MiniOzoneClusterImpl.java:stop(330)) - Stopping the Mini Ozone Cluster
2019-10-04 21:47:12,025 [main] INFO  ozone.MiniOzoneClusterImpl (MiniOzoneClusterImpl.java:stopOM(400)) - Stopping the OzoneManager
2019-10-04 21:47:12,025 [main] INFO  ipc.Server (Server.java:stop(3082)) - Stopping server on 46208
2019-10-04 21:47:12,043 [IPC Server listener on 46208] INFO  ipc.Server (Server.java:run(1185)) - Stopping IPC Server listener on 46208
2019-10-04 21:47:12,059 [main] INFO  ratis.OzoneManagerDoubleBuffer (OzoneManagerDoubleBuffer.java:stop(248)) - Stopping OMDoubleBuffer flush thread
2019-10-04 21:47:12,069 [IPC Server Responder] INFO  ipc.Server (Server.java:run(1319)) - Stopping IPC Server Responder
2019-10-04 21:47:12,083 [OMDoubleBufferFlushThread] INFO  ratis.OzoneManagerDoubleBuffer (OzoneManagerDoubleBuffer.java:flushTransactions(191)) - OMDoubleBuffer flush thread OMDoubleBufferFlushThread is interrupted and will exit. OMDoubleBufferFlushThread
2019-10-04 21:47:12,084 [main] INFO  utils.BackgroundService (BackgroundService.java:shutdown(148)) - Shutting down service KeyDeletingService
2019-10-04 21:47:12,085 [main] INFO  handler.ContextHandler (ContextHandler.java:doStop(910)) - Stopped o.e.j.w.WebAppContext@64279ab{/,null,UNAVAILABLE}{/ozoneManager}
2019-10-04 21:47:12,086 [main] INFO  server.AbstractConnector (AbstractConnector.java:doStop(318)) - Stopped ServerConnector@794240e2{HTTP/1.1,[http/1.1]}{0.0.0.0:0}
2019-10-04 21:47:12,086 [main] INFO  handler.ContextHandler (ContextHandler.java:doStop(910)) - Stopped o.e.j.s.ServletContextHandler@236c098{/static,file:///workdir/hadoop-ozone/integration-test/target/test-classes/webapps/static,UNAVAILABLE}
2019-10-04 21:47:12,087 [main] INFO  handler.ContextHandler (ContextHandler.java:doStop(910)) - Stopped o.e.j.s.ServletContextHandler@39c87b42{/logs,file:///workdir/hadoop-ozone/integration-test/target/log,UNAVAILABLE}
2019-10-04 21:47:12,089 [main] INFO  ozone.MiniOzoneClusterImpl (MiniOzoneClusterImpl.java:stopDatanodes(377)) - Stopping the HddsDatanodes
2019-10-04 21:47:12,633 [Datanode State Machine Thread - 0] INFO  statemachine.DatanodeStateMachine (DatanodeStateMachine.java:lambda$startDaemon$0(350)) - Ozone container server started.
2019-10-04 21:47:12,834 [Datanode State Machine Thread - 0] INFO  statemachine.DatanodeStateMachine (DatanodeStateMachine.java:lambda$startDaemon$0(350)) - Ozone container server started.
2019-10-04 21:47:13,946 [grpc-default-executor-8] WARN  server.GrpcLogAppender (LogUtils.java:warn(134)) - 2a7cbac8-731e-4451-bef1-f907eaf770d2@group-EBCBD803DF66->30434be4-12dc-4776-9a92-54252ab8e913-AppendLogResponseHandler: Failed appendEntries: org.apache.ratis.thirdparty.io.grpc.StatusRuntimeException: UNAVAILABLE: io exception
2019-10-04 21:47:13,946 [grpc-default-executor-8] INFO  impl.FollowerInfo (FollowerInfo.java:lambda$new$0(51)) - 2a7cbac8-731e-4451-bef1-f907eaf770d2@group-EBCBD803DF66->30434be4-12dc-4776-9a92-54252ab8e913: nextIndex: updateUnconditionally 1 -> 0
2019-10-04 21:47:16,448 [grpc-default-executor-8] WARN  server.GrpcLogAppender (LogUtils.java:warn(134)) - 2a7cbac8-731e-4451-bef1-f907eaf770d2@group-EBCBD803DF66->30434be4-12dc-4776-9a92-54252ab8e913-AppendLogResponseHandler: Failed appendEntries: org.apache.ratis.thirdparty.io.grpc.StatusRuntimeException: UNAVAILABLE: io exception
2019-10-04 21:47:16,450 [grpc-default-executor-8] INFO  impl.FollowerInfo (FollowerInfo.java:lambda$new$0(51)) - 2a7cbac8-731e-4451-bef1-f907eaf770d2@group-EBCBD803DF66->30434be4-12dc-4776-9a92-54252ab8e913: nextIndex: updateUnconditionally 0 -> 0
2019-10-04 21:47:16,653 [EventQueue-StaleNodeForStaleNodeHandler] INFO  node.StaleNodeHandler (StaleNodeHandler.java:onMessage(58)) - Datanode ff9ce1e9-ce56-48e1-bfc3-746497777d5b{ip: 192.168.30.43, host: pr-hdds-2252-dqfx9-1550151176, networkLocation: /default-rack, certSerialId: null} moved to stale state. Finalizing its pipelines [PipelineID=58004976-ead3-45e0-8000-b16eb1d59d05]
2019-10-04 21:47:16,653 [EventQueue-StaleNodeForStaleNodeHandler] INFO  pipeline.SCMPipelineManager (SCMPipelineManager.java:finalizeAndDestroyPipeline(315)) - destroying pipeline:Pipeline[ Id: 58004976-ead3-45e0-8000-b16eb1d59d05, Nodes: ff9ce1e9-ce56-48e1-bfc3-746497777d5b{ip: 192.168.30.43, host: pr-hdds-2252-dqfx9-1550151176, networkLocation: /default-rack, certSerialId: null}, Type:RATIS, Factor:ONE, State:OPEN]
2019-10-04 21:47:16,654 [EventQueue-StaleNodeForStaleNodeHandler] INFO  pipeline.PipelineStateManager (PipelineStateManager.java:finalizePipeline(123)) - Pipeline Pipeline[ Id: 58004976-ead3-45e0-8000-b16eb1d59d05, Nodes: ff9ce1e9-ce56-48e1-bfc3-746497777d5b{ip: 192.168.30.43, host: pr-hdds-2252-dqfx9-1550151176, networkLocation: /default-rack, certSerialId: null}, Type:RATIS, Factor:ONE, State:CLOSED] moved to CLOSED state
2019-10-04 21:47:16,853 [EventQueue-StaleNodeForStaleNodeHandler] INFO  node.StaleNodeHandler (StaleNodeHandler.java:onMessage(58)) - Datanode a7f943cb-bb18-497b-82a4-8777e8f57d3f{ip: 192.168.30.43, host: pr-hdds-2252-dqfx9-1550151176, networkLocation: /default-rack, certSerialId: null} moved to stale state. Finalizing its pipelines [PipelineID=6b9f65ef-38dd-424d-84ee-cdf3ad41164b, PipelineID=fd3b3ee0-dbfd-4763-96f5-60f3f1e77beb]
2019-10-04 21:47:16,853 [EventQueue-StaleNodeForStaleNodeHandler] INFO  pipeline.SCMPipelineManager (SCMPipelineManager.java:finalizeAndDestroyPipeline(315)) - destroying pipeline:Pipeline[ Id: 6b9f65ef-38dd-424d-84ee-cdf3ad41164b, Nodes: a7f943cb-bb18-497b-82a4-8777e8f57d3f{ip: 192.168.30.43, host: pr-hdds-2252-dqfx9-1550151176, networkLocation: /default-rack, certSerialId: null}, Type:RATIS, Factor:ONE, State:OPEN]
2019-10-04 21:47:16,853 [EventQueue-StaleNodeForStaleNodeHandler] INFO  pipeline.PipelineStateManager (PipelineStateManager.java:finalizePipeline(123)) - Pipeline Pipeline[ Id: 6b9f65ef-38dd-424d-84ee-cdf3ad41164b, Nodes: a7f943cb-bb18-497b-82a4-8777e8f57d3f{ip: 192.168.30.43, host: pr-hdds-2252-dqfx9-1550151176, networkLocation: /default-rack, certSerialId: null}, Type:RATIS, Factor:ONE, State:CLOSED] moved to CLOSED state
2019-10-04 21:47:16,854 [EventQueue-StaleNodeForStaleNodeHandler] INFO  pipeline.SCMPipelineManager (SCMPipelineManager.java:finalizeAndDestroyPipeline(315)) - destroying pipeline:Pipeline[ Id: fd3b3ee0-dbfd-4763-96f5-60f3f1e77beb, Nodes: b7267918-c736-4221-b207-45a52eb765d9{ip: 192.168.30.43, host: pr-hdds-2252-dqfx9-1550151176, networkLocation: /default-rack, certSerialId: null}a7f943cb-bb18-497b-82a4-8777e8f57d3f{ip: 192.168.30.43, host: pr-hdds-2252-dqfx9-1550151176, networkLocation: /default-rack, certSerialId: null}a87e6d7a-5484-427a-9ae7-491f17ac9191{ip: 192.168.30.43, host: pr-hdds-2252-dqfx9-1550151176, networkLocation: /default-rack, certSerialId: null}, Type:RATIS, Factor:THREE, State:OPEN]
2019-10-04 21:47:16,854 [EventQueue-StaleNodeForStaleNodeHandler] INFO  pipeline.PipelineStateManager (PipelineStateManager.java:finalizePipeline(123)) - Pipeline Pipeline[ Id: fd3b3ee0-dbfd-4763-96f5-60f3f1e77beb, Nodes: b7267918-c736-4221-b207-45a52eb765d9{ip: 192.168.30.43, host: pr-hdds-2252-dqfx9-1550151176, networkLocation: /default-rack, certSerialId: null}a7f943cb-bb18-497b-82a4-8777e8f57d3f{ip: 192.168.30.43, host: pr-hdds-2252-dqfx9-1550151176, networkLocation: /default-rack, certSerialId: null}a87e6d7a-5484-427a-9ae7-491f17ac9191{ip: 192.168.30.43, host: pr-hdds-2252-dqfx9-1550151176, networkLocation: /default-rack, certSerialId: null}, Type:RATIS, Factor:THREE, State:CLOSED] moved to CLOSED state
2019-10-04 21:47:16,854 [EventQueue-CloseContainerForCloseContainerEventHandler] INFO  container.CloseContainerEventHandler (CloseContainerEventHandler.java:onMessage(61)) - Close container Event triggered for container : #2
2019-10-04 21:47:17,090 [main] INFO  ozoneimpl.OzoneContainer (OzoneContainer.java:stop(231)) - Attempting to stop container services.
2019-10-04 21:47:17,090 [ForkJoinPool.commonPool-worker-0] INFO  ozoneimpl.OzoneContainer (OzoneContainer.java:stop(231)) - Attempting to stop container services.
2019-10-04 21:47:17,094 [main] INFO  impl.RaftServerProxy (RaftServerProxy.java:lambda$close$4(314)) - ff9ce1e9-ce56-48e1-bfc3-746497777d5b: close
2019-10-04 21:47:17,094 [ForkJoinPool.commonPool-worker-0] INFO  impl.RaftServerProxy (RaftServerProxy.java:lambda$close$4(314)) - a7f943cb-bb18-497b-82a4-8777e8f57d3f: close
2019-10-04 21:47:17,095 [main] INFO  impl.RaftServerImpl (RaftServerImpl.java:lambda$shutdown$3(247)) - ff9ce1e9-ce56-48e1-bfc3-746497777d5b@group-B16EB1D59D05: shutdown
2019-10-04 21:47:17,095 [ForkJoinPool.commonPool-worker-0] INFO  impl.RaftServerImpl (RaftServerImpl.java:lambda$shutdown$3(247)) - a7f943cb-bb18-497b-82a4-8777e8f57d3f@group-CDF3AD41164B: shutdown
2019-10-04 21:47:17,095 [main] INFO  util.JmxRegister (JmxRegister.java:unregister(73)) - Successfully un-registered JMX Bean with object name Ratis:service=RaftServer,group=group-B16EB1D59D05,id=ff9ce1e9-ce56-48e1-bfc3-746497777d5b
2019-10-04 21:47:17,095 [ForkJoinPool.commonPool-worker-0] INFO  util.JmxRegister (JmxRegister.java:unregister(73)) - Successfully un-registered JMX Bean with object name Ratis:service=RaftServer,group=group-CDF3AD41164B,id=a7f943cb-bb18-497b-82a4-8777e8f57d3f
2019-10-04 21:47:17,096 [main] INFO  impl.RoleInfo (RoleInfo.java:shutdownLeaderState(104)) - ff9ce1e9-ce56-48e1-bfc3-746497777d5b: shutdown LeaderState
2019-10-04 21:47:17,096 [ForkJoinPool.commonPool-worker-0] INFO  impl.RoleInfo (RoleInfo.java:shutdownLeaderState(104)) - a7f943cb-bb18-497b-82a4-8777e8f57d3f: shutdown LeaderState
2019-10-04 21:47:17,097 [main] INFO  impl.PendingRequests (PendingRequests.java:sendNotLeaderResponses(202)) - ff9ce1e9-ce56-48e1-bfc3-746497777d5b@group-B16EB1D59D05-PendingRequests: sendNotLeaderResponses
2019-10-04 21:47:17,097 [ForkJoinPool.commonPool-worker-0] INFO  impl.PendingRequests (PendingRequests.java:sendNotLeaderResponses(202)) - a7f943cb-bb18-497b-82a4-8777e8f57d3f@group-CDF3AD41164B-PendingRequests: sendNotLeaderResponses
2019-10-04 21:47:17,098 [ForkJoinPool.commonPool-worker-0] INFO  impl.StateMachineUpdater (StateMachineUpdater.java:stopAndJoin(136)) - a7f943cb-bb18-497b-82a4-8777e8f57d3f@group-CDF3AD41164B-StateMachineUpdater: set stopIndex = 0
2019-10-04 21:47:17,098 [main] INFO  impl.StateMachineUpdater (StateMachineUpdater.java:stopAndJoin(136)) - ff9ce1e9-ce56-48e1-bfc3-746497777d5b@group-B16EB1D59D05-StateMachineUpdater: set stopIndex = 0
2019-10-04 21:47:17,098 [ForkJoinPool.commonPool-worker-0] INFO  impl.RaftServerImpl (ServerState.java:close(387)) - a7f943cb-bb18-497b-82a4-8777e8f57d3f@group-CDF3AD41164B: closes. applyIndex: 0
2019-10-04 21:47:17,098 [main] INFO  impl.RaftServerImpl (ServerState.java:close(387)) - ff9ce1e9-ce56-48e1-bfc3-746497777d5b@group-B16EB1D59D05: closes. applyIndex: 0
2019-10-04 21:47:17,099 [a7f943cb-bb18-497b-82a4-8777e8f57d3f@group-CDF3AD41164B-SegmentedRaftLogWorker] INFO  segmented.SegmentedRaftLogWorker (SegmentedRaftLogWorker.java:run(316)) - a7f943cb-bb18-497b-82a4-8777e8f57d3f@group-CDF3AD41164B-SegmentedRaftLogWorker was interrupted, exiting. There are 0 tasks remaining in the queue.
2019-10-04 21:47:17,099 [ff9ce1e9-ce56-48e1-bfc3-746497777d5b@group-B16EB1D59D05-SegmentedRaftLogWorker] INFO  segmented.SegmentedRaftLogWorker (SegmentedRaftLogWorker.java:run(316)) - ff9ce1e9-ce56-48e1-bfc3-746497777d5b@group-B16EB1D59D05-SegmentedRaftLogWorker was interrupted, exiting. There are 0 tasks remaining in the queue.
2019-10-04 21:47:17,101 [main] INFO  segmented.SegmentedRaftLogWorker (SegmentedRaftLogWorker.java:close(224)) - ff9ce1e9-ce56-48e1-bfc3-746497777d5b@group-B16EB1D59D05-SegmentedRaftLogWorker close()
2019-10-04 21:47:17,101 [ForkJoinPool.commonPool-worker-0] INFO  segmented.SegmentedRaftLogWorker (SegmentedRaftLogWorker.java:close(224)) - a7f943cb-bb18-497b-82a4-8777e8f57d3f@group-CDF3AD41164B-SegmentedRaftLogWorker close()
2019-10-04 21:47:17,108 [main] INFO  server.GrpcService (GrpcService.java:closeImpl(164)) - ff9ce1e9-ce56-48e1-bfc3-746497777d5b: shutdown server with port 34770 now
2019-10-04 21:47:17,108 [ForkJoinPool.commonPool-worker-0] INFO  impl.RaftServerImpl (RaftServerImpl.java:lambda$shutdown$3(247)) - a7f943cb-bb18-497b-82a4-8777e8f57d3f@group-60F3F1E77BEB: shutdown
2019-10-04 21:47:17,108 [main] INFO  server.GrpcService (GrpcService.java:closeImpl(172)) - ff9ce1e9-ce56-48e1-bfc3-746497777d5b: shutdown server with port 34770 successfully
2019-10-04 21:47:17,108 [ForkJoinPool.commonPool-worker-0] INFO  util.JmxRegister (JmxRegister.java:unregister(73)) - Successfully un-registered JMX Bean with object name Ratis:service=RaftServer,group=group-60F3F1E77BEB,id=a7f943cb-bb18-497b-82a4-8777e8f57d3f
2019-10-04 21:47:17,109 [ForkJoinPool.commonPool-worker-0] INFO  impl.RoleInfo (RoleInfo.java:shutdownFollowerState(121)) - a7f943cb-bb18-497b-82a4-8777e8f57d3f: shutdown FollowerState
2019-10-04 21:47:17,109 [ForkJoinPool.commonPool-worker-0] INFO  impl.StateMachineUpdater (StateMachineUpdater.java:stopAndJoin(136)) - a7f943cb-bb18-497b-82a4-8777e8f57d3f@group-60F3F1E77BEB-StateMachineUpdater: set stopIndex = 17
2019-10-04 21:47:17,110 [a7f943cb-bb18-497b-82a4-8777e8f57d3f@group-60F3F1E77BEB-StateMachineUpdater] INFO  ratis.ContainerStateMachine (ContainerStateMachine.java:takeSnapshot(293)) - group-60F3F1E77BEB: Taking a snapshot at:(t:3, i:15) file /workdir/hadoop-ozone/integration-test/target/test-dir/MiniOzoneClusterImpl-efe61e54-dcf4-4ce1-9515-f66e262f6b8a/datanode-1/data/ratis/fd3b3ee0-dbfd-4763-96f5-60f3f1e77beb/sm/snapshot.3_15
2019-10-04 21:47:17,110 [Thread-3216] INFO  impl.FollowerState (FollowerState.java:run(117)) - a7f943cb-bb18-497b-82a4-8777e8f57d3f@group-60F3F1E77BEB-FollowerState was interrupted: java.lang.InterruptedException: sleep interrupted
2019-10-04 21:47:17,114 [refreshUsed-/workdir/hadoop-ozone/integration-test/target/test-dir/MiniOzoneClusterImpl-efe61e54-dcf4-4ce1-9515-f66e262f6b8a/datanode-4/data/containers] WARN  fs.CachingGetSpaceUsed (CachingGetSpaceUsed.java:run(183)) - Thread Interrupted waiting to refresh disk information: sleep interrupted
2019-10-04 21:47:17,127 [a7f943cb-bb18-497b-82a4-8777e8f57d3f@group-60F3F1E77BEB-StateMachineUpdater] INFO  ratis.ContainerStateMachine (ContainerStateMachine.java:takeSnapshot(304)) - group-60F3F1E77BEB: Finished taking a snapshot at:(t:3, i:15) file:/workdir/hadoop-ozone/integration-test/target/test-dir/MiniOzoneClusterImpl-efe61e54-dcf4-4ce1-9515-f66e262f6b8a/datanode-1/data/ratis/fd3b3ee0-dbfd-4763-96f5-60f3f1e77beb/sm/snapshot.3_15 time:17
2019-10-04 21:47:17,128 [a7f943cb-bb18-497b-82a4-8777e8f57d3f@group-60F3F1E77BEB-StateMachineUpdater] INFO  impl.StateMachineUpdater (StateMachineUpdater.java:takeSnapshot(269)) - a7f943cb-bb18-497b-82a4-8777e8f57d3f@group-60F3F1E77BEB-StateMachineUpdater: Took a snapshot at index 15
2019-10-04 21:47:17,128 [a7f943cb-bb18-497b-82a4-8777e8f57d3f@group-60F3F1E77BEB-StateMachineUpdater] INFO  impl.StateMachineUpdater (StateMachineUpdater.java:lambda$new$0(84)) - a7f943cb-bb18-497b-82a4-8777e8f57d3f@group-60F3F1E77BEB-StateMachineUpdater: snapshotIndex: updateIncreasingly -1 -> 15
2019-10-04 21:47:17,128 [a7f943cb-bb18-497b-82a4-8777e8f57d3f@group-60F3F1E77BEB-StateMachineUpdater] INFO  ratis.ContainerStateMachine (ContainerStateMachine.java:takeSnapshot(293)) - group-60F3F1E77BEB: Taking a snapshot at:(t:3, i:15) file /workdir/hadoop-ozone/integration-test/target/test-dir/MiniOzoneClusterImpl-efe61e54-dcf4-4ce1-9515-f66e262f6b8a/datanode-1/data/ratis/fd3b3ee0-dbfd-4763-96f5-60f3f1e77beb/sm/snapshot.3_15
2019-10-04 21:47:17,132 [main] INFO  utils.BackgroundService (BackgroundService.java:shutdown(148)) - Shutting down service BlockDeletingService
2019-10-04 21:47:17,139 [main] INFO  statemachine.DatanodeStateMachine (DatanodeStateMachine.java:stopDaemon(395)) - Ozone container server stopped.
2019-10-04 21:47:17,140 [a7f943cb-bb18-497b-82a4-8777e8f57d3f@group-60F3F1E77BEB-StateMachineUpdater] INFO  ratis.ContainerStateMachine (ContainerStateMachine.java:takeSnapshot(304)) - group-60F3F1E77BEB: Finished taking a snapshot at:(t:3, i:15) file:/workdir/hadoop-ozone/integration-test/target/test-dir/MiniOzoneClusterImpl-efe61e54-dcf4-4ce1-9515-f66e262f6b8a/datanode-1/data/ratis/fd3b3ee0-dbfd-4763-96f5-60f3f1e77beb/sm/snapshot.3_15 time:12
2019-10-04 21:47:17,140 [a7f943cb-bb18-497b-82a4-8777e8f57d3f@group-60F3F1E77BEB-StateMachineUpdater] INFO  impl.StateMachineUpdater (StateMachineUpdater.java:takeSnapshot(269)) - a7f943cb-bb18-497b-82a4-8777e8f57d3f@group-60F3F1E77BEB-StateMachineUpdater: Took a snapshot at index 15
2019-10-04 21:47:17,141 [a7f943cb-bb18-497b-82a4-8777e8f57d3f@group-60F3F1E77BEB-StateMachineUpdater] INFO  impl.StateMachineUpdater (StateMachineUpdater.java:lambda$new$0(84)) - a7f943cb-bb18-497b-82a4-8777e8f57d3f@group-60F3F1E77BEB-StateMachineUpdater: snapshotIndex: updateIncreasingly 15 -> 15
2019-10-04 21:47:17,141 [ForkJoinPool.commonPool-worker-0] INFO  impl.RaftServerImpl (ServerState.java:close(387)) - a7f943cb-bb18-497b-82a4-8777e8f57d3f@group-60F3F1E77BEB: closes. applyIndex: 17
2019-10-04 21:47:17,141 [a7f943cb-bb18-497b-82a4-8777e8f57d3f@group-60F3F1E77BEB-SegmentedRaftLogWorker] INFO  segmented.SegmentedRaftLogWorker (SegmentedRaftLogWorker.java:run(316)) - a7f943cb-bb18-497b-82a4-8777e8f57d3f@group-60F3F1E77BEB-SegmentedRaftLogWorker was interrupted, exiting. There are 0 tasks remaining in the queue.
2019-10-04 21:47:17,143 [ForkJoinPool.commonPool-worker-0] INFO  segmented.SegmentedRaftLogWorker (SegmentedRaftLogWorker.java:close(224)) - a7f943cb-bb18-497b-82a4-8777e8f57d3f@group-60F3F1E77BEB-SegmentedRaftLogWorker close()
2019-10-04 21:47:17,147 [ForkJoinPool.commonPool-worker-0] INFO  server.GrpcService (GrpcService.java:closeImpl(164)) - a7f943cb-bb18-497b-82a4-8777e8f57d3f: shutdown server with port 46115 now
2019-10-04 21:47:17,148 [main] INFO  handler.ContextHandler (ContextHandler.java:doStop(910)) - Stopped o.e.j.w.WebAppContext@3cc9632d{/,null,UNAVAILABLE}{/hddsDatanode}
2019-10-04 21:47:17,149 [grpc-default-executor-8] WARN  server.GrpcServerProtocolService (LogUtils.java:warn(134)) - a7f943cb-bb18-497b-82a4-8777e8f57d3f: installSnapshot onError, lastRequest: b7267918-c736-4221-b207-45a52eb765d9->a7f943cb-bb18-497b-82a4-8777e8f57d3f#24-t3, previous=(t:3, i:17), leaderCommit=17, initializing? false, entries: <empty>: org.apache.ratis.thirdparty.io.grpc.StatusRuntimeException: CANCELLED: cancelled before receiving half close
2019-10-04 21:47:17,149 [grpc-default-executor-5] WARN  server.GrpcLogAppender (LogUtils.java:warn(134)) - b7267918-c736-4221-b207-45a52eb765d9@group-60F3F1E77BEB->a7f943cb-bb18-497b-82a4-8777e8f57d3f-AppendLogResponseHandler: Failed appendEntries: org.apache.ratis.thirdparty.io.grpc.StatusRuntimeException: CANCELLED: HTTP/2 error code: CANCEL
Received Rst Stream
2019-10-04 21:47:17,149 [grpc-default-executor-5] INFO  impl.FollowerInfo (FollowerInfo.java:lambda$new$0(51)) - b7267918-c736-4221-b207-45a52eb765d9@group-60F3F1E77BEB->a7f943cb-bb18-497b-82a4-8777e8f57d3f: nextIndex: updateUnconditionally 18 -> 17
2019-10-04 21:47:17,149 [main] INFO  server.AbstractConnector (AbstractConnector.java:doStop(318)) - Stopped ServerConnector@53982523{HTTP/1.1,[http/1.1]}{0.0.0.0:0}
2019-10-04 21:47:17,149 [ForkJoinPool.commonPool-worker-0] INFO  server.GrpcService (GrpcService.java:closeImpl(172)) - a7f943cb-bb18-497b-82a4-8777e8f57d3f: shutdown server with port 46115 successfully
2019-10-04 21:47:17,150 [main] INFO  handler.ContextHandler (ContextHandler.java:doStop(910)) - Stopped o.e.j.s.ServletContextHandler@7cd5fcf4{/static,jar:file:/home/user/.m2/repository/org/apache/hadoop/hadoop-hdds-container-service/0.5.0-SNAPSHOT/hadoop-hdds-container-service-0.5.0-SNAPSHOT.jar!/webapps/static,UNAVAILABLE}
2019-10-04 21:47:17,151 [main] INFO  handler.ContextHandler (ContextHandler.java:doStop(910)) - Stopped o.e.j.s.ServletContextHandler@7ea71fc2{/logs,file:///workdir/hadoop-ozone/integration-test/target/log,UNAVAILABLE}
2019-10-04 21:47:17,153 [refreshUsed-/workdir/hadoop-ozone/integration-test/target/test-dir/MiniOzoneClusterImpl-efe61e54-dcf4-4ce1-9515-f66e262f6b8a/datanode-1/data/containers] WARN  fs.CachingGetSpaceUsed (CachingGetSpaceUsed.java:run(183)) - Thread Interrupted waiting to refresh disk information: sleep interrupted
2019-10-04 21:47:17,156 [Datanode State Machine Thread - 0] INFO  statemachine.DatanodeStateMachine (DatanodeStateMachine.java:lambda$startDaemon$0(350)) - Ozone container server started.
2019-10-04 21:47:17,165 [ForkJoinPool.commonPool-worker-0] INFO  utils.BackgroundService (BackgroundService.java:shutdown(148)) - Shutting down service BlockDeletingService
2019-10-04 21:47:17,170 [ForkJoinPool.commonPool-worker-0] INFO  statemachine.DatanodeStateMachine (DatanodeStateMachine.java:stopDaemon(395)) - Ozone container server stopped.
2019-10-04 21:47:17,175 [ForkJoinPool.commonPool-worker-0] INFO  handler.ContextHandler (ContextHandler.java:doStop(910)) - Stopped o.e.j.w.WebAppContext@6c2a95d5{/,null,UNAVAILABLE}{/hddsDatanode}
2019-10-04 21:47:17,175 [ForkJoinPool.commonPool-worker-0] INFO  server.AbstractConnector (AbstractConnector.java:doStop(318)) - Stopped ServerConnector@24d8f87a{HTTP/1.1,[http/1.1]}{0.0.0.0:0}
2019-10-04 21:47:17,177 [ForkJoinPool.commonPool-worker-0] INFO  handler.ContextHandler (ContextHandler.java:doStop(910)) - Stopped o.e.j.s.ServletContextHandler@5e193ef5{/static,jar:file:/home/user/.m2/repository/org/apache/hadoop/hadoop-hdds-container-service/0.5.0-SNAPSHOT/hadoop-hdds-container-service-0.5.0-SNAPSHOT.jar!/webapps/static,UNAVAILABLE}
2019-10-04 21:47:17,178 [ForkJoinPool.commonPool-worker-0] INFO  handler.ContextHandler (ContextHandler.java:doStop(910)) - Stopped o.e.j.s.ServletContextHandler@39133244{/logs,file:///workdir/hadoop-ozone/integration-test/target/log,UNAVAILABLE}
2019-10-04 21:47:17,834 [Datanode State Machine Thread - 0] INFO  statemachine.DatanodeStateMachine (DatanodeStateMachine.java:lambda$startDaemon$0(350)) - Ozone container server started.
2019-10-04 21:47:18,857 [grpc-default-executor-6] WARN  server.GrpcLogAppender (LogUtils.java:warn(134)) - b7267918-c736-4221-b207-45a52eb765d9@group-60F3F1E77BEB->a7f943cb-bb18-497b-82a4-8777e8f57d3f-AppendLogResponseHandler: Failed appendEntries: org.apache.ratis.thirdparty.io.grpc.StatusRuntimeException: UNAVAILABLE: io exception
2019-10-04 21:47:18,858 [grpc-default-executor-6] INFO  impl.FollowerInfo (FollowerInfo.java:lambda$new$0(51)) - b7267918-c736-4221-b207-45a52eb765d9@group-60F3F1E77BEB->a7f943cb-bb18-497b-82a4-8777e8f57d3f: nextIndex: updateUnconditionally 18 -> 17
2019-10-04 21:47:18,870 [grpc-default-executor-5] WARN  server.GrpcLogAppender (LogUtils.java:warn(134)) - b7267918-c736-4221-b207-45a52eb765d9@group-60F3F1E77BEB->a7f943cb-bb18-497b-82a4-8777e8f57d3f-AppendLogResponseHandler: Failed appendEntries: org.apache.ratis.thirdparty.io.grpc.StatusRuntimeException: UNAVAILABLE: io exception
2019-10-04 21:47:18,870 [grpc-default-executor-5] INFO  impl.FollowerInfo (FollowerInfo.java:lambda$new$0(51)) - b7267918-c736-4221-b207-45a52eb765d9@group-60F3F1E77BEB->a7f943cb-bb18-497b-82a4-8777e8f57d3f: nextIndex: updateUnconditionally 18 -> 17
2019-10-04 21:47:18,887 [grpc-default-executor-6] WARN  server.GrpcLogAppender (LogUtils.java:warn(134)) - b7267918-c736-4221-b207-45a52eb765d9@group-60F3F1E77BEB->a7f943cb-bb18-497b-82a4-8777e8f57d3f-AppendLogResponseHandler: Failed appendEntries: org.apache.ratis.thirdparty.io.grpc.StatusRuntimeException: UNAVAILABLE: io exception
2019-10-04 21:47:18,887 [grpc-default-executor-6] INFO  impl.FollowerInfo (FollowerInfo.java:lambda$new$0(51)) - b7267918-c736-4221-b207-45a52eb765d9@group-60F3F1E77BEB->a7f943cb-bb18-497b-82a4-8777e8f57d3f: nextIndex: updateUnconditionally 18 -> 17
2019-10-04 21:47:18,887 [RatisApplyTransactionExecutor 2] INFO  interfaces.Container (KeyValueContainer.java:flushAndSyncDB(386)) - Container 2 is synced with bcsId 15.
2019-10-04 21:47:18,888 [RatisApplyTransactionExecutor 2] INFO  interfaces.Container (KeyValueContainer.java:flushAndSyncDB(386)) - Container 2 is synced with bcsId 15.
2019-10-04 21:47:18,902 [RatisApplyTransactionExecutor 2] INFO  interfaces.Container (KeyValueContainer.java:flushAndSyncDB(386)) - Container 2 is synced with bcsId 15.
2019-10-04 21:47:18,902 [RatisApplyTransactionExecutor 2] INFO  interfaces.Container (KeyValueContainer.java:close(335)) - Container 2 is closed with bcsId 15.
2019-10-04 21:47:18,902 [RatisApplyTransactionExecutor 2] INFO  interfaces.Container (KeyValueContainer.java:flushAndSyncDB(386)) - Container 2 is synced with bcsId 15.
2019-10-04 21:47:18,903 [EventQueue-IncrementalContainerReportForIncrementalContainerReportHandler] INFO  container.IncrementalContainerReportHandler (AbstractContainerReportHandler.java:updateContainerState(176)) - Moving container #2 to CLOSED state, datanode b7267918-c736-4221-b207-45a52eb765d9{ip: 192.168.30.43, host: pr-hdds-2252-dqfx9-1550151176, networkLocation: /default-rack, certSerialId: null} reported CLOSED replica.
2019-10-04 21:47:18,918 [RatisApplyTransactionExecutor 2] INFO  interfaces.Container (KeyValueContainer.java:close(335)) - Container 2 is closed with bcsId 15.
2019-10-04 21:47:18,948 [grpc-default-executor-8] WARN  server.GrpcLogAppender (LogUtils.java:warn(134)) - 2a7cbac8-731e-4451-bef1-f907eaf770d2@group-EBCBD803DF66->30434be4-12dc-4776-9a92-54252ab8e913-AppendLogResponseHandler: Failed appendEntries: org.apache.ratis.thirdparty.io.grpc.StatusRuntimeException: UNAVAILABLE: io exception
2019-10-04 21:47:18,948 [grpc-default-executor-8] INFO  impl.FollowerInfo (FollowerInfo.java:lambda$new$0(51)) - 2a7cbac8-731e-4451-bef1-f907eaf770d2@group-EBCBD803DF66->30434be4-12dc-4776-9a92-54252ab8e913: nextIndex: updateUnconditionally 0 -> 0
2019-10-04 21:47:21,159 [EventQueue-StaleNodeForStaleNodeHandler] INFO  node.StaleNodeHandler (StaleNodeHandler.java:onMessage(58)) - Datanode 2a7cbac8-731e-4451-bef1-f907eaf770d2{ip: 192.168.30.43, host: pr-hdds-2252-dqfx9-1550151176, networkLocation: /default-rack, certSerialId: null} moved to stale state. Finalizing its pipelines [PipelineID=78c2b3bb-9c0e-4651-bb89-0dc8faf24035, PipelineID=61fdd355-6c9b-45d7-9134-ebcbd803df66]
2019-10-04 21:47:21,160 [EventQueue-StaleNodeForStaleNodeHandler] INFO  pipeline.SCMPipelineManager (SCMPipelineManager.java:finalizeAndDestroyPipeline(315)) - destroying pipeline:Pipeline[ Id: 78c2b3bb-9c0e-4651-bb89-0dc8faf24035, Nodes: 2a7cbac8-731e-4451-bef1-f907eaf770d2{ip: 192.168.30.43, host: pr-hdds-2252-dqfx9-1550151176, networkLocation: /default-rack, certSerialId: null}, Type:RATIS, Factor:ONE, State:OPEN]
2019-10-04 21:47:21,160 [EventQueue-StaleNodeForStaleNodeHandler] INFO  pipeline.PipelineStateManager (PipelineStateManager.java:finalizePipeline(123)) - Pipeline Pipeline[ Id: 78c2b3bb-9c0e-4651-bb89-0dc8faf24035, Nodes: 2a7cbac8-731e-4451-bef1-f907eaf770d2{ip: 192.168.30.43, host: pr-hdds-2252-dqfx9-1550151176, networkLocation: /default-rack, certSerialId: null}, Type:RATIS, Factor:ONE, State:CLOSED] moved to CLOSED state
2019-10-04 21:47:21,161 [EventQueue-StaleNodeForStaleNodeHandler] INFO  pipeline.SCMPipelineManager (SCMPipelineManager.java:finalizeAndDestroyPipeline(315)) - destroying pipeline:Pipeline[ Id: 61fdd355-6c9b-45d7-9134-ebcbd803df66, Nodes: 30434be4-12dc-4776-9a92-54252ab8e913{ip: 192.168.30.43, host: pr-hdds-2252-dqfx9-1550151176, networkLocation: /default-rack, certSerialId: null}ed32ec4f-f88d-40f8-90b3-1e363f965dce{ip: 192.168.30.43, host: pr-hdds-2252-dqfx9-1550151176, networkLocation: /default-rack, certSerialId: null}2a7cbac8-731e-4451-bef1-f907eaf770d2{ip: 192.168.30.43, host: pr-hdds-2252-dqfx9-1550151176, networkLocation: /default-rack, certSerialId: null}, Type:RATIS, Factor:THREE, State:CLOSED]
2019-10-04 21:47:21,392 [grpc-default-executor-6] WARN  server.GrpcLogAppender (LogUtils.java:warn(134)) - b7267918-c736-4221-b207-45a52eb765d9@group-60F3F1E77BEB->a7f943cb-bb18-497b-82a4-8777e8f57d3f-AppendLogResponseHandler: Failed appendEntries: org.apache.ratis.thirdparty.io.grpc.StatusRuntimeException: UNAVAILABLE: io exception
2019-10-04 21:47:21,393 [grpc-default-executor-6] INFO  impl.FollowerInfo (FollowerInfo.java:lambda$new$0(51)) - b7267918-c736-4221-b207-45a52eb765d9@group-60F3F1E77BEB->a7f943cb-bb18-497b-82a4-8777e8f57d3f: nextIndex: updateUnconditionally 17 -> 16
2019-10-04 21:47:21,448 [grpc-default-executor-5] WARN  server.GrpcLogAppender (LogUtils.java:warn(134)) - 2a7cbac8-731e-4451-bef1-f907eaf770d2@group-EBCBD803DF66->30434be4-12dc-4776-9a92-54252ab8e913-AppendLogResponseHandler: Failed appendEntries: org.apache.ratis.thirdparty.io.grpc.StatusRuntimeException: UNAVAILABLE: io exception
2019-10-04 21:47:21,454 [grpc-default-executor-5] INFO  impl.FollowerInfo (FollowerInfo.java:lambda$new$0(51)) - 2a7cbac8-731e-4451-bef1-f907eaf770d2@group-EBCBD803DF66->30434be4-12dc-4776-9a92-54252ab8e913: nextIndex: updateUnconditionally 0 -> 0
2019-10-04 21:47:21,859 [EventQueue-StaleNodeForStaleNodeHandler] INFO  node.StaleNodeHandler (StaleNodeHandler.java:onMessage(58)) - Datanode a87e6d7a-5484-427a-9ae7-491f17ac9191{ip: 192.168.30.43, host: pr-hdds-2252-dqfx9-1550151176, networkLocation: /default-rack, certSerialId: null} moved to stale state. Finalizing its pipelines [PipelineID=ab73085d-1419-4cb4-94a3-a6a144b0810c, PipelineID=fd3b3ee0-dbfd-4763-96f5-60f3f1e77beb]
2019-10-04 21:47:21,860 [EventQueue-StaleNodeForStaleNodeHandler] INFO  pipeline.SCMPipelineManager (SCMPipelineManager.java:finalizeAndDestroyPipeline(315)) - destroying pipeline:Pipeline[ Id: ab73085d-1419-4cb4-94a3-a6a144b0810c, Nodes: a87e6d7a-5484-427a-9ae7-491f17ac9191{ip: 192.168.30.43, host: pr-hdds-2252-dqfx9-1550151176, networkLocation: /default-rack, certSerialId: null}, Type:RATIS, Factor:ONE, State:OPEN]
2019-10-04 21:47:21,860 [EventQueue-StaleNodeForStaleNodeHandler] INFO  pipeline.PipelineStateManager (PipelineStateManager.java:finalizePipeline(123)) - Pipeline Pipeline[ Id: ab73085d-1419-4cb4-94a3-a6a144b0810c, Nodes: a87e6d7a-5484-427a-9ae7-491f17ac9191{ip: 192.168.30.43, host: pr-hdds-2252-dqfx9-1550151176, networkLocation: /default-rack, certSerialId: null}, Type:RATIS, Factor:ONE, State:CLOSED] moved to CLOSED state
2019-10-04 21:47:21,860 [EventQueue-StaleNodeForStaleNodeHandler] INFO  pipeline.SCMPipelineManager (SCMPipelineManager.java:finalizeAndDestroyPipeline(315)) - destroying pipeline:Pipeline[ Id: fd3b3ee0-dbfd-4763-96f5-60f3f1e77beb, Nodes: b7267918-c736-4221-b207-45a52eb765d9{ip: 192.168.30.43, host: pr-hdds-2252-dqfx9-1550151176, networkLocation: /default-rack, certSerialId: null}a7f943cb-bb18-497b-82a4-8777e8f57d3f{ip: 192.168.30.43, host: pr-hdds-2252-dqfx9-1550151176, networkLocation: /default-rack, certSerialId: null}a87e6d7a-5484-427a-9ae7-491f17ac9191{ip: 192.168.30.43, host: pr-hdds-2252-dqfx9-1550151176, networkLocation: /default-rack, certSerialId: null}, Type:RATIS, Factor:THREE, State:CLOSED]
2019-10-04 21:47:22,155 [main] INFO  ozoneimpl.OzoneContainer (OzoneContainer.java:stop(231)) - Attempting to stop container services.
2019-10-04 21:47:22,156 [main] INFO  impl.RaftServerProxy (RaftServerProxy.java:lambda$close$4(314)) - 2a7cbac8-731e-4451-bef1-f907eaf770d2: close
2019-10-04 21:47:22,166 [main] INFO  impl.RaftServerImpl (RaftServerImpl.java:lambda$shutdown$3(247)) - 2a7cbac8-731e-4451-bef1-f907eaf770d2@group-0DC8FAF24035: shutdown
2019-10-04 21:47:22,166 [main] INFO  util.JmxRegister (JmxRegister.java:unregister(73)) - Successfully un-registered JMX Bean with object name Ratis:service=RaftServer,group=group-0DC8FAF24035,id=2a7cbac8-731e-4451-bef1-f907eaf770d2
2019-10-04 21:47:22,167 [main] INFO  impl.RoleInfo (RoleInfo.java:shutdownLeaderState(104)) - 2a7cbac8-731e-4451-bef1-f907eaf770d2: shutdown LeaderState
2019-10-04 21:47:22,167 [main] INFO  impl.PendingRequests (PendingRequests.java:sendNotLeaderResponses(202)) - 2a7cbac8-731e-4451-bef1-f907eaf770d2@group-0DC8FAF24035-PendingRequests: sendNotLeaderResponses
2019-10-04 21:47:22,168 [main] INFO  impl.StateMachineUpdater (StateMachineUpdater.java:stopAndJoin(136)) - 2a7cbac8-731e-4451-bef1-f907eaf770d2@group-0DC8FAF24035-StateMachineUpdater: set stopIndex = 0
2019-10-04 21:47:22,169 [main] INFO  impl.RaftServerImpl (ServerState.java:close(387)) - 2a7cbac8-731e-4451-bef1-f907eaf770d2@group-0DC8FAF24035: closes. applyIndex: 0
2019-10-04 21:47:22,169 [2a7cbac8-731e-4451-bef1-f907eaf770d2@group-0DC8FAF24035-SegmentedRaftLogWorker] INFO  segmented.SegmentedRaftLogWorker (SegmentedRaftLogWorker.java:run(316)) - 2a7cbac8-731e-4451-bef1-f907eaf770d2@group-0DC8FAF24035-SegmentedRaftLogWorker was interrupted, exiting. There are 0 tasks remaining in the queue.
2019-10-04 21:47:22,174 [main] INFO  segmented.SegmentedRaftLogWorker (SegmentedRaftLogWorker.java:close(224)) - 2a7cbac8-731e-4451-bef1-f907eaf770d2@group-0DC8FAF24035-SegmentedRaftLogWorker close()
2019-10-04 21:47:22,179 [main] INFO  impl.RaftServerImpl (RaftServerImpl.java:lambda$shutdown$3(247)) - 2a7cbac8-731e-4451-bef1-f907eaf770d2@group-EBCBD803DF66: shutdown
2019-10-04 21:47:22,180 [ForkJoinPool.commonPool-worker-0] INFO  ozoneimpl.OzoneContainer (OzoneContainer.java:stop(231)) - Attempting to stop container services.
2019-10-04 21:47:22,180 [main] INFO  util.JmxRegister (JmxRegister.java:unregister(73)) - Successfully un-registered JMX Bean with object name Ratis:service=RaftServer,group=group-EBCBD803DF66,id=2a7cbac8-731e-4451-bef1-f907eaf770d2
2019-10-04 21:47:22,180 [ForkJoinPool.commonPool-worker-0] INFO  impl.RaftServerProxy (RaftServerProxy.java:lambda$close$4(314)) - a87e6d7a-5484-427a-9ae7-491f17ac9191: close
2019-10-04 21:47:22,180 [main] INFO  impl.RoleInfo (RoleInfo.java:shutdownLeaderState(104)) - 2a7cbac8-731e-4451-bef1-f907eaf770d2: shutdown LeaderState
2019-10-04 21:47:22,181 [ForkJoinPool.commonPool-worker-0] INFO  impl.RaftServerImpl (RaftServerImpl.java:lambda$shutdown$3(247)) - a87e6d7a-5484-427a-9ae7-491f17ac9191@group-A6A144B0810C: shutdown
2019-10-04 21:47:22,185 [main] INFO  impl.PendingRequests (PendingRequests.java:sendNotLeaderResponses(202)) - 2a7cbac8-731e-4451-bef1-f907eaf770d2@group-EBCBD803DF66-PendingRequests: sendNotLeaderResponses
2019-10-04 21:47:22,185 [ForkJoinPool.commonPool-worker-0] INFO  util.JmxRegister (JmxRegister.java:unregister(73)) - Successfully un-registered JMX Bean with object name Ratis:service=RaftServer,group=group-A6A144B0810C,id=a87e6d7a-5484-427a-9ae7-491f17ac9191
2019-10-04 21:47:22,186 [ForkJoinPool.commonPool-worker-0] INFO  impl.RoleInfo (RoleInfo.java:shutdownLeaderState(104)) - a87e6d7a-5484-427a-9ae7-491f17ac9191: shutdown LeaderState
2019-10-04 21:47:22,185 [org.apache.ratis.server.impl.LogAppender$AppenderDaemon$$Lambda$537/376264038@56a4fe25] WARN  server.GrpcLogAppender (GrpcLogAppender.java:mayWait(143)) - 2a7cbac8-731e-4451-bef1-f907eaf770d2@group-EBCBD803DF66->30434be4-12dc-4776-9a92-54252ab8e913-GrpcLogAppender: Wait interrupted by java.lang.InterruptedException
2019-10-04 21:47:22,185 [org.apache.ratis.server.impl.LogAppender$AppenderDaemon$$Lambda$537/376264038@2b79296f] WARN  server.GrpcLogAppender (GrpcLogAppender.java:mayWait(143)) - 2a7cbac8-731e-4451-bef1-f907eaf770d2@group-EBCBD803DF66->ed32ec4f-f88d-40f8-90b3-1e363f965dce-GrpcLogAppender: Wait interrupted by java.lang.InterruptedException
2019-10-04 21:47:22,187 [ForkJoinPool.commonPool-worker-0] INFO  impl.PendingRequests (PendingRequests.java:sendNotLeaderResponses(202)) - a87e6d7a-5484-427a-9ae7-491f17ac9191@group-A6A144B0810C-PendingRequests: sendNotLeaderResponses
2019-10-04 21:47:22,186 [2a7cbac8-731e-4451-bef1-f907eaf770d2@group-EBCBD803DF66-StateMachineUpdater] INFO  ratis.ContainerStateMachine (ContainerStateMachine.java:takeSnapshot(293)) - group-EBCBD803DF66: Taking a snapshot at:(t:1, i:14) file /workdir/hadoop-ozone/integration-test/target/test-dir/MiniOzoneClusterImpl-efe61e54-dcf4-4ce1-9515-f66e262f6b8a/datanode-3/data/ratis/61fdd355-6c9b-45d7-9134-ebcbd803df66/sm/snapshot.1_14
2019-10-04 21:47:22,186 [main] INFO  impl.StateMachineUpdater (StateMachineUpdater.java:stopAndJoin(136)) - 2a7cbac8-731e-4451-bef1-f907eaf770d2@group-EBCBD803DF66-StateMachineUpdater: set stopIndex = 18
2019-10-04 21:47:22,187 [ForkJoinPool.commonPool-worker-0] INFO  impl.StateMachineUpdater (StateMachineUpdater.java:stopAndJoin(136)) - a87e6d7a-5484-427a-9ae7-491f17ac9191@group-A6A144B0810C-StateMachineUpdater: set stopIndex = 0
2019-10-04 21:47:22,188 [grpc-default-executor-5] INFO  server.GrpcServerProtocolService (GrpcServerProtocolService.java:onCompleted(113)) - ed32ec4f-f88d-40f8-90b3-1e363f965dce: Completed APPEND_ENTRIES, lastRequest: 2a7cbac8-731e-4451-bef1-f907eaf770d2->ed32ec4f-f88d-40f8-90b3-1e363f965dce#6-t2, previous=(t:2, i:18), leaderCommit=18, initializing? false, entries: <empty>
2019-10-04 21:47:22,188 [ForkJoinPool.commonPool-worker-0] INFO  impl.RaftServerImpl (ServerState.java:close(387)) - a87e6d7a-5484-427a-9ae7-491f17ac9191@group-A6A144B0810C: closes. applyIndex: 0
2019-10-04 21:47:22,189 [a87e6d7a-5484-427a-9ae7-491f17ac9191@group-A6A144B0810C-SegmentedRaftLogWorker] INFO  segmented.SegmentedRaftLogWorker (SegmentedRaftLogWorker.java:run(316)) - a87e6d7a-5484-427a-9ae7-491f17ac9191@group-A6A144B0810C-SegmentedRaftLogWorker was interrupted, exiting. There are 0 tasks remaining in the queue.
2019-10-04 21:47:22,192 [ForkJoinPool.commonPool-worker-0] INFO  segmented.SegmentedRaftLogWorker (SegmentedRaftLogWorker.java:close(224)) - a87e6d7a-5484-427a-9ae7-491f17ac9191@group-A6A144B0810C-SegmentedRaftLogWorker close()
2019-10-04 21:47:22,192 [grpc-default-executor-5] INFO  server.GrpcLogAppender (GrpcLogAppender.java:onCompleted(293)) - 2a7cbac8-731e-4451-bef1-f907eaf770d2@group-EBCBD803DF66->ed32ec4f-f88d-40f8-90b3-1e363f965dce-AppendLogResponseHandler: follower responses appendEntries COMPLETED
2019-10-04 21:47:22,196 [ForkJoinPool.commonPool-worker-0] INFO  impl.RaftServerImpl (RaftServerImpl.java:lambda$shutdown$3(247)) - a87e6d7a-5484-427a-9ae7-491f17ac9191@group-60F3F1E77BEB: shutdown
2019-10-04 21:47:22,197 [ForkJoinPool.commonPool-worker-0] INFO  util.JmxRegister (JmxRegister.java:unregister(73)) - Successfully un-registered JMX Bean with object name Ratis:service=RaftServer,group=group-60F3F1E77BEB,id=a87e6d7a-5484-427a-9ae7-491f17ac9191
2019-10-04 21:47:22,197 [ForkJoinPool.commonPool-worker-0] INFO  impl.RoleInfo (RoleInfo.java:shutdownFollowerState(121)) - a87e6d7a-5484-427a-9ae7-491f17ac9191: shutdown FollowerState
2019-10-04 21:47:22,197 [grpc-default-executor-5] INFO  impl.FollowerInfo (FollowerInfo.java:lambda$new$0(51)) - 2a7cbac8-731e-4451-bef1-f907eaf770d2@group-EBCBD803DF66->ed32ec4f-f88d-40f8-90b3-1e363f965dce: nextIndex: updateUnconditionally 19 -> 18
2019-10-04 21:47:22,198 [a87e6d7a-5484-427a-9ae7-491f17ac9191@group-60F3F1E77BEB-StateMachineUpdater] INFO  ratis.ContainerStateMachine (ContainerStateMachine.java:takeSnapshot(293)) - group-60F3F1E77BEB: Taking a snapshot at:(t:3, i:18) file /workdir/hadoop-ozone/integration-test/target/test-dir/MiniOzoneClusterImpl-efe61e54-dcf4-4ce1-9515-f66e262f6b8a/datanode-2/data/ratis/fd3b3ee0-dbfd-4763-96f5-60f3f1e77beb/sm/snapshot.3_18
2019-10-04 21:47:22,197 [ForkJoinPool.commonPool-worker-0] INFO  impl.StateMachineUpdater (StateMachineUpdater.java:stopAndJoin(136)) - a87e6d7a-5484-427a-9ae7-491f17ac9191@group-60F3F1E77BEB-StateMachineUpdater: set stopIndex = 19
2019-10-04 21:47:22,198 [Thread-3217] INFO  impl.FollowerState (FollowerState.java:run(117)) - a87e6d7a-5484-427a-9ae7-491f17ac9191@group-60F3F1E77BEB-FollowerState was interrupted: java.lang.InterruptedException: sleep interrupted
2019-10-04 21:47:22,201 [a87e6d7a-5484-427a-9ae7-491f17ac9191@group-60F3F1E77BEB-StateMachineUpdater] INFO  ratis.ContainerStateMachine (ContainerStateMachine.java:takeSnapshot(304)) - group-60F3F1E77BEB: Finished taking a snapshot at:(t:3, i:18) file:/workdir/hadoop-ozone/integration-test/target/test-dir/MiniOzoneClusterImpl-efe61e54-dcf4-4ce1-9515-f66e262f6b8a/datanode-2/data/ratis/fd3b3ee0-dbfd-4763-96f5-60f3f1e77beb/sm/snapshot.3_18 time:3
2019-10-04 21:47:22,201 [2a7cbac8-731e-4451-bef1-f907eaf770d2@group-EBCBD803DF66-StateMachineUpdater] INFO  ratis.ContainerStateMachine (ContainerStateMachine.java:takeSnapshot(304)) - group-EBCBD803DF66: Finished taking a snapshot at:(t:1, i:14) file:/workdir/hadoop-ozone/integration-test/target/test-dir/MiniOzoneClusterImpl-efe61e54-dcf4-4ce1-9515-f66e262f6b8a/datanode-3/data/ratis/61fdd355-6c9b-45d7-9134-ebcbd803df66/sm/snapshot.1_14 time:15
2019-10-04 21:47:22,202 [2a7cbac8-731e-4451-bef1-f907eaf770d2@group-EBCBD803DF66-StateMachineUpdater] INFO  impl.StateMachineUpdater (StateMachineUpdater.java:takeSnapshot(269)) - 2a7cbac8-731e-4451-bef1-f907eaf770d2@group-EBCBD803DF66-StateMachineUpdater: Took a snapshot at index 14
2019-10-04 21:47:22,202 [a87e6d7a-5484-427a-9ae7-491f17ac9191@group-60F3F1E77BEB-StateMachineUpdater] INFO  impl.StateMachineUpdater (StateMachineUpdater.java:takeSnapshot(269)) - a87e6d7a-5484-427a-9ae7-491f17ac9191@group-60F3F1E77BEB-StateMachineUpdater: Took a snapshot at index 18
2019-10-04 21:47:22,202 [2a7cbac8-731e-4451-bef1-f907eaf770d2@group-EBCBD803DF66-StateMachineUpdater] INFO  impl.StateMachineUpdater (StateMachineUpdater.java:lambda$new$0(84)) - 2a7cbac8-731e-4451-bef1-f907eaf770d2@group-EBCBD803DF66-StateMachineUpdater: snapshotIndex: updateIncreasingly -1 -> 14
2019-10-04 21:47:22,202 [a87e6d7a-5484-427a-9ae7-491f17ac9191@group-60F3F1E77BEB-StateMachineUpdater] INFO  impl.StateMachineUpdater (StateMachineUpdater.java:lambda$new$0(84)) - a87e6d7a-5484-427a-9ae7-491f17ac9191@group-60F3F1E77BEB-StateMachineUpdater: snapshotIndex: updateIncreasingly -1 -> 18
2019-10-04 21:47:22,202 [2a7cbac8-731e-4451-bef1-f907eaf770d2@group-EBCBD803DF66-StateMachineUpdater] INFO  ratis.ContainerStateMachine (ContainerStateMachine.java:takeSnapshot(293)) - group-EBCBD803DF66: Taking a snapshot at:(t:1, i:14) file /workdir/hadoop-ozone/integration-test/target/test-dir/MiniOzoneClusterImpl-efe61e54-dcf4-4ce1-9515-f66e262f6b8a/datanode-3/data/ratis/61fdd355-6c9b-45d7-9134-ebcbd803df66/sm/snapshot.1_14
2019-10-04 21:47:22,202 [a87e6d7a-5484-427a-9ae7-491f17ac9191@group-60F3F1E77BEB-StateMachineUpdater] INFO  ratis.ContainerStateMachine (ContainerStateMachine.java:takeSnapshot(293)) - group-60F3F1E77BEB: Taking a snapshot at:(t:3, i:18) file /workdir/hadoop-ozone/integration-test/target/test-dir/MiniOzoneClusterImpl-efe61e54-dcf4-4ce1-9515-f66e262f6b8a/datanode-2/data/ratis/fd3b3ee0-dbfd-4763-96f5-60f3f1e77beb/sm/snapshot.3_18
2019-10-04 21:47:22,215 [2a7cbac8-731e-4451-bef1-f907eaf770d2@group-EBCBD803DF66-StateMachineUpdater] INFO  ratis.ContainerStateMachine (ContainerStateMachine.java:takeSnapshot(304)) - group-EBCBD803DF66: Finished taking a snapshot at:(t:1, i:14) file:/workdir/hadoop-ozone/integration-test/target/test-dir/MiniOzoneClusterImpl-efe61e54-dcf4-4ce1-9515-f66e262f6b8a/datanode-3/data/ratis/61fdd355-6c9b-45d7-9134-ebcbd803df66/sm/snapshot.1_14 time:13
2019-10-04 21:47:22,215 [a87e6d7a-5484-427a-9ae7-491f17ac9191@group-60F3F1E77BEB-StateMachineUpdater] INFO  ratis.ContainerStateMachine (ContainerStateMachine.java:takeSnapshot(304)) - group-60F3F1E77BEB: Finished taking a snapshot at:(t:3, i:18) file:/workdir/hadoop-ozone/integration-test/target/test-dir/MiniOzoneClusterImpl-efe61e54-dcf4-4ce1-9515-f66e262f6b8a/datanode-2/data/ratis/fd3b3ee0-dbfd-4763-96f5-60f3f1e77beb/sm/snapshot.3_18 time:13
2019-10-04 21:47:22,215 [2a7cbac8-731e-4451-bef1-f907eaf770d2@group-EBCBD803DF66-StateMachineUpdater] INFO  impl.StateMachineUpdater (StateMachineUpdater.java:takeSnapshot(269)) - 2a7cbac8-731e-4451-bef1-f907eaf770d2@group-EBCBD803DF66-StateMachineUpdater: Took a snapshot at index 14
2019-10-04 21:47:22,215 [2a7cbac8-731e-4451-bef1-f907eaf770d2@group-EBCBD803DF66-StateMachineUpdater] INFO  impl.StateMachineUpdater (StateMachineUpdater.java:lambda$new$0(84)) - 2a7cbac8-731e-4451-bef1-f907eaf770d2@group-EBCBD803DF66-StateMachineUpdater: snapshotIndex: updateIncreasingly 14 -> 14
2019-10-04 21:47:22,215 [a87e6d7a-5484-427a-9ae7-491f17ac9191@group-60F3F1E77BEB-StateMachineUpdater] INFO  impl.StateMachineUpdater (StateMachineUpdater.java:takeSnapshot(269)) - a87e6d7a-5484-427a-9ae7-491f17ac9191@group-60F3F1E77BEB-StateMachineUpdater: Took a snapshot at index 18
2019-10-04 21:47:22,215 [a87e6d7a-5484-427a-9ae7-491f17ac9191@group-60F3F1E77BEB-StateMachineUpdater] INFO  impl.StateMachineUpdater (StateMachineUpdater.java:lambda$new$0(84)) - a87e6d7a-5484-427a-9ae7-491f17ac9191@group-60F3F1E77BEB-StateMachineUpdater: snapshotIndex: updateIncreasingly 18 -> 18
2019-10-04 21:47:22,216 [main] INFO  impl.RaftServerImpl (ServerState.java:close(387)) - 2a7cbac8-731e-4451-bef1-f907eaf770d2@group-EBCBD803DF66: closes. applyIndex: 18
2019-10-04 21:47:22,216 [ForkJoinPool.commonPool-worker-0] INFO  impl.RaftServerImpl (ServerState.java:close(387)) - a87e6d7a-5484-427a-9ae7-491f17ac9191@group-60F3F1E77BEB: closes. applyIndex: 19
2019-10-04 21:47:22,216 [2a7cbac8-731e-4451-bef1-f907eaf770d2@group-EBCBD803DF66-SegmentedRaftLogWorker] INFO  segmented.SegmentedRaftLogWorker (SegmentedRaftLogWorker.java:run(316)) - 2a7cbac8-731e-4451-bef1-f907eaf770d2@group-EBCBD803DF66-SegmentedRaftLogWorker was interrupted, exiting. There are 0 tasks remaining in the queue.
2019-10-04 21:47:22,217 [a87e6d7a-5484-427a-9ae7-491f17ac9191@group-60F3F1E77BEB-SegmentedRaftLogWorker] INFO  segmented.SegmentedRaftLogWorker (SegmentedRaftLogWorker.java:run(316)) - a87e6d7a-5484-427a-9ae7-491f17ac9191@group-60F3F1E77BEB-SegmentedRaftLogWorker was interrupted, exiting. There are 0 tasks remaining in the queue.
2019-10-04 21:47:22,219 [main] INFO  segmented.SegmentedRaftLogWorker (SegmentedRaftLogWorker.java:close(224)) - 2a7cbac8-731e-4451-bef1-f907eaf770d2@group-EBCBD803DF66-SegmentedRaftLogWorker close()
2019-10-04 21:47:22,221 [ForkJoinPool.commonPool-worker-0] INFO  segmented.SegmentedRaftLogWorker (SegmentedRaftLogWorker.java:close(224)) - a87e6d7a-5484-427a-9ae7-491f17ac9191@group-60F3F1E77BEB-SegmentedRaftLogWorker close()
2019-10-04 21:47:22,226 [main] INFO  server.GrpcService (GrpcService.java:closeImpl(164)) - 2a7cbac8-731e-4451-bef1-f907eaf770d2: shutdown server with port 34947 now
2019-10-04 21:47:22,230 [ForkJoinPool.commonPool-worker-0] INFO  server.GrpcService (GrpcService.java:closeImpl(164)) - a87e6d7a-5484-427a-9ae7-491f17ac9191: shutdown server with port 36628 now
2019-10-04 21:47:22,231 [main] INFO  server.GrpcService (GrpcService.java:closeImpl(172)) - 2a7cbac8-731e-4451-bef1-f907eaf770d2: shutdown server with port 34947 successfully
2019-10-04 21:47:22,231 [grpc-default-executor-6] WARN  server.GrpcServerProtocolService (LogUtils.java:warn(134)) - a87e6d7a-5484-427a-9ae7-491f17ac9191: installSnapshot onError, lastRequest: b7267918-c736-4221-b207-45a52eb765d9->a87e6d7a-5484-427a-9ae7-491f17ac9191#26-t3, previous=(t:3, i:19), leaderCommit=19, initializing? false, entries: <empty>: org.apache.ratis.thirdparty.io.grpc.StatusRuntimeException: CANCELLED: cancelled before receiving half close
2019-10-04 21:47:22,231 [ForkJoinPool.commonPool-worker-0] INFO  server.GrpcService (GrpcService.java:closeImpl(172)) - a87e6d7a-5484-427a-9ae7-491f17ac9191: shutdown server with port 36628 successfully
2019-10-04 21:47:22,232 [grpc-default-executor-5] WARN  server.GrpcLogAppender (LogUtils.java:warn(134)) - b7267918-c736-4221-b207-45a52eb765d9@group-60F3F1E77BEB->a87e6d7a-5484-427a-9ae7-491f17ac9191-AppendLogResponseHandler: Failed appendEntries: org.apache.ratis.thirdparty.io.grpc.StatusRuntimeException: CANCELLED: HTTP/2 error code: CANCEL
Received Rst Stream
2019-10-04 21:47:22,232 [grpc-default-executor-5] INFO  impl.FollowerInfo (FollowerInfo.java:lambda$new$0(51)) - b7267918-c736-4221-b207-45a52eb765d9@group-60F3F1E77BEB->a87e6d7a-5484-427a-9ae7-491f17ac9191: nextIndex: updateUnconditionally 20 -> 19
2019-10-04 21:47:22,234 [refreshUsed-/workdir/hadoop-ozone/integration-test/target/test-dir/MiniOzoneClusterImpl-efe61e54-dcf4-4ce1-9515-f66e262f6b8a/datanode-3/data/containers] WARN  fs.CachingGetSpaceUsed (CachingGetSpaceUsed.java:run(183)) - Thread Interrupted waiting to refresh disk information: sleep interrupted
2019-10-04 21:47:22,237 [refreshUsed-/workdir/hadoop-ozone/integration-test/target/test-dir/MiniOzoneClusterImpl-efe61e54-dcf4-4ce1-9515-f66e262f6b8a/datanode-2/data/containers] WARN  fs.CachingGetSpaceUsed (CachingGetSpaceUsed.java:run(183)) - Thread Interrupted waiting to refresh disk information: sleep interrupted
2019-10-04 21:47:22,256 [ForkJoinPool.commonPool-worker-0] INFO  utils.BackgroundService (BackgroundService.java:shutdown(148)) - Shutting down service BlockDeletingService
2019-10-04 21:47:22,262 [ForkJoinPool.commonPool-worker-0] INFO  statemachine.DatanodeStateMachine (DatanodeStateMachine.java:stopDaemon(395)) - Ozone container server stopped.
2019-10-04 21:47:22,265 [main] INFO  utils.BackgroundService (BackgroundService.java:shutdown(148)) - Shutting down service BlockDeletingService
2019-10-04 21:47:22,274 [main] INFO  statemachine.DatanodeStateMachine (DatanodeStateMachine.java:stopDaemon(395)) - Ozone container server stopped.
2019-10-04 21:47:22,274 [ForkJoinPool.commonPool-worker-0] INFO  handler.ContextHandler (ContextHandler.java:doStop(910)) - Stopped o.e.j.w.WebAppContext@6af87130{/,null,UNAVAILABLE}{/hddsDatanode}
2019-10-04 21:47:22,275 [main] INFO  handler.ContextHandler (ContextHandler.java:doStop(910)) - Stopped o.e.j.w.WebAppContext@5520f675{/,null,UNAVAILABLE}{/hddsDatanode}
2019-10-04 21:47:22,276 [ForkJoinPool.commonPool-worker-0] INFO  server.AbstractConnector (AbstractConnector.java:doStop(318)) - Stopped ServerConnector@22a4ca4a{HTTP/1.1,[http/1.1]}{0.0.0.0:0}
2019-10-04 21:47:22,278 [ForkJoinPool.commonPool-worker-0] INFO  handler.ContextHandler (ContextHandler.java:doStop(910)) - Stopped o.e.j.s.ServletContextHandler@1eb85a47{/static,jar:file:/home/user/.m2/repository/org/apache/hadoop/hadoop-hdds-container-service/0.5.0-SNAPSHOT/hadoop-hdds-container-service-0.5.0-SNAPSHOT.jar!/webapps/static,UNAVAILABLE}
2019-10-04 21:47:22,278 [main] INFO  server.AbstractConnector (AbstractConnector.java:doStop(318)) - Stopped ServerConnector@2d237460{HTTP/1.1,[http/1.1]}{0.0.0.0:0}
2019-10-04 21:47:22,280 [ForkJoinPool.commonPool-worker-0] INFO  handler.ContextHandler (ContextHandler.java:doStop(910)) - Stopped o.e.j.s.ServletContextHandler@34c62fdf{/logs,file:///workdir/hadoop-ozone/integration-test/target/log,UNAVAILABLE}
2019-10-04 21:47:22,280 [main] INFO  handler.ContextHandler (ContextHandler.java:doStop(910)) - Stopped o.e.j.s.ServletContextHandler@1c7f9861{/static,jar:file:/home/user/.m2/repository/org/apache/hadoop/hadoop-hdds-container-service/0.5.0-SNAPSHOT/hadoop-hdds-container-service-0.5.0-SNAPSHOT.jar!/webapps/static,UNAVAILABLE}
2019-10-04 21:47:22,281 [main] INFO  handler.ContextHandler (ContextHandler.java:doStop(910)) - Stopped o.e.j.s.ServletContextHandler@191ec193{/logs,file:///workdir/hadoop-ozone/integration-test/target/log,UNAVAILABLE}
2019-10-04 21:47:22,904 [Datanode State Machine Thread - 0] INFO  statemachine.DatanodeStateMachine (DatanodeStateMachine.java:lambda$startDaemon$0(350)) - Ozone container server started.
2019-10-04 21:47:23,156 [Datanode State Machine Thread - 0] INFO  statemachine.DatanodeStateMachine (DatanodeStateMachine.java:lambda$startDaemon$0(350)) - Ozone container server started.
2019-10-04 21:47:23,891 [grpc-default-executor-8] WARN  server.GrpcLogAppender (LogUtils.java:warn(134)) - b7267918-c736-4221-b207-45a52eb765d9@group-60F3F1E77BEB->a7f943cb-bb18-497b-82a4-8777e8f57d3f-AppendLogResponseHandler: Failed appendEntries: org.apache.ratis.thirdparty.io.grpc.StatusRuntimeException: UNAVAILABLE: io exception
2019-10-04 21:47:23,892 [grpc-default-executor-8] INFO  impl.FollowerInfo (FollowerInfo.java:lambda$new$0(51)) - b7267918-c736-4221-b207-45a52eb765d9@group-60F3F1E77BEB->a7f943cb-bb18-497b-82a4-8777e8f57d3f: nextIndex: updateUnconditionally 16 -> 15
2019-10-04 21:47:23,892 [grpc-default-executor-6] WARN  server.GrpcLogAppender (LogUtils.java:warn(134)) - b7267918-c736-4221-b207-45a52eb765d9@group-60F3F1E77BEB->a87e6d7a-5484-427a-9ae7-491f17ac9191-AppendLogResponseHandler: Failed appendEntries: org.apache.ratis.thirdparty.io.grpc.StatusRuntimeException: UNAVAILABLE: io exception
2019-10-04 21:47:23,893 [grpc-default-executor-6] INFO  impl.FollowerInfo (FollowerInfo.java:lambda$new$0(51)) - b7267918-c736-4221-b207-45a52eb765d9@group-60F3F1E77BEB->a87e6d7a-5484-427a-9ae7-491f17ac9191: nextIndex: updateUnconditionally 19 -> 18
2019-10-04 21:47:26,397 [grpc-default-executor-6] WARN  server.GrpcLogAppender (LogUtils.java:warn(134)) - b7267918-c736-4221-b207-45a52eb765d9@group-60F3F1E77BEB->a7f943cb-bb18-497b-82a4-8777e8f57d3f-AppendLogResponseHandler: Failed appendEntries: org.apache.ratis.thirdparty.io.grpc.StatusRuntimeException: UNAVAILABLE: io exception
2019-10-04 21:47:26,397 [grpc-default-executor-8] WARN  server.GrpcLogAppender (LogUtils.java:warn(134)) - b7267918-c736-4221-b207-45a52eb765d9@group-60F3F1E77BEB->a87e6d7a-5484-427a-9ae7-491f17ac9191-AppendLogResponseHandler: Failed appendEntries: org.apache.ratis.thirdparty.io.grpc.StatusRuntimeException: UNAVAILABLE: io exception
2019-10-04 21:47:26,399 [grpc-default-executor-8] INFO  impl.FollowerInfo (FollowerInfo.java:lambda$new$0(51)) - b7267918-c736-4221-b207-45a52eb765d9@group-60F3F1E77BEB->a87e6d7a-5484-427a-9ae7-491f17ac9191: nextIndex: updateUnconditionally 18 -> 17
2019-10-04 21:47:26,399 [grpc-default-executor-6] INFO  impl.FollowerInfo (FollowerInfo.java:lambda$new$0(51)) - b7267918-c736-4221-b207-45a52eb765d9@group-60F3F1E77BEB->a7f943cb-bb18-497b-82a4-8777e8f57d3f: nextIndex: updateUnconditionally 15 -> 14
2019-10-04 21:47:26,684 [Thread-3269] INFO  impl.FollowerState (FollowerState.java:run(108)) - ed32ec4f-f88d-40f8-90b3-1e363f965dce@group-EBCBD803DF66-FollowerState: change to CANDIDATE, lastRpcTime:5229ms, electionTimeout:5196ms
2019-10-04 21:47:26,686 [Thread-3269] INFO  impl.RoleInfo (RoleInfo.java:shutdownFollowerState(121)) - ed32ec4f-f88d-40f8-90b3-1e363f965dce: shutdown FollowerState
2019-10-04 21:47:26,687 [Thread-3269] INFO  impl.RaftServerImpl (RaftServerImpl.java:setRole(170)) - ed32ec4f-f88d-40f8-90b3-1e363f965dce@group-EBCBD803DF66: changes role from  FOLLOWER to CANDIDATE at term 2 for changeToCandidate
2019-10-04 21:47:26,687 [Thread-3269] INFO  impl.RoleInfo (RoleInfo.java:updateAndGet(143)) - ed32ec4f-f88d-40f8-90b3-1e363f965dce: start LeaderElection
2019-10-04 21:47:26,688 [ed32ec4f-f88d-40f8-90b3-1e363f965dce@group-EBCBD803DF66-LeaderElection76] INFO  impl.RaftServerImpl (ServerState.java:setLeader(255)) - ed32ec4f-f88d-40f8-90b3-1e363f965dce@group-EBCBD803DF66: change Leader from 2a7cbac8-731e-4451-bef1-f907eaf770d2 to null at term 2 for initElection
2019-10-04 21:47:26,713 [ed32ec4f-f88d-40f8-90b3-1e363f965dce@group-EBCBD803DF66-LeaderElection76] INFO  impl.LeaderElection (LeaderElection.java:askForVotes(178)) - ed32ec4f-f88d-40f8-90b3-1e363f965dce@group-EBCBD803DF66-LeaderElection76: begin an election at term 3 for 17: [30434be4-12dc-4776-9a92-54252ab8e913:192.168.30.43:41864, ed32ec4f-f88d-40f8-90b3-1e363f965dce:192.168.30.43:39828, 2a7cbac8-731e-4451-bef1-f907eaf770d2:192.168.30.43:34947], old=null
2019-10-04 21:47:26,719 [ed32ec4f-f88d-40f8-90b3-1e363f965dce@group-EBCBD803DF66-LeaderElection76] INFO  impl.LeaderElection (LogUtils.java:infoOrTrace(149)) - ed32ec4f-f88d-40f8-90b3-1e363f965dce@group-EBCBD803DF66-LeaderElection76 got exception when requesting votes: {}
java.util.concurrent.ExecutionException: org.apache.ratis.thirdparty.io.grpc.StatusRuntimeException: UNAVAILABLE: io exception
	at java.util.concurrent.FutureTask.report(FutureTask.java:122)
	at java.util.concurrent.FutureTask.get(FutureTask.java:192)
	at org.apache.ratis.server.impl.LeaderElection.waitForResults(LeaderElection.java:259)
	at org.apache.ratis.server.impl.LeaderElection.askForVotes(LeaderElection.java:197)
	at org.apache.ratis.server.impl.LeaderElection.run(LeaderElection.java:133)
	at java.lang.Thread.run(Thread.java:748)
Caused by: org.apache.ratis.thirdparty.io.grpc.StatusRuntimeException: UNAVAILABLE: io exception
	at org.apache.ratis.thirdparty.io.grpc.stub.ClientCalls.toStatusRuntimeException(ClientCalls.java:233)
	at org.apache.ratis.thirdparty.io.grpc.stub.ClientCalls.getUnchecked(ClientCalls.java:214)
	at org.apache.ratis.thirdparty.io.grpc.stub.ClientCalls.blockingUnaryCall(ClientCalls.java:139)
	at org.apache.ratis.proto.grpc.RaftServerProtocolServiceGrpc$RaftServerProtocolServiceBlockingStub.requestVote(RaftServerProtocolServiceGrpc.java:265)
	at org.apache.ratis.grpc.server.GrpcServerProtocolClient.requestVote(GrpcServerProtocolClient.java:99)
	at org.apache.ratis.grpc.server.GrpcService.requestVote(GrpcService.java:204)
	at org.apache.ratis.server.impl.LeaderElection.lambda$submitRequests$1(LeaderElection.java:234)
	at java.util.concurrent.FutureTask.run(FutureTask.java:266)
	at java.util.concurrent.Executors$RunnableAdapter.call(Executors.java:511)
	at java.util.concurrent.FutureTask.run(FutureTask.java:266)
	at java.util.concurrent.ThreadPoolExecutor.runWorker(ThreadPoolExecutor.java:1149)
	at java.util.concurrent.ThreadPoolExecutor$Worker.run(ThreadPoolExecutor.java:624)
	... 1 more
Caused by: org.apache.ratis.thirdparty.io.netty.channel.AbstractChannel$AnnotatedConnectException: Connection refused: /192.168.30.43:34947
	at sun.nio.ch.SocketChannelImpl.checkConnect(Native Method)
	at sun.nio.ch.SocketChannelImpl.finishConnect(SocketChannelImpl.java:717)
	at org.apache.ratis.thirdparty.io.netty.channel.socket.nio.NioSocketChannel.doFinishConnect(NioSocketChannel.java:327)
	at org.apache.ratis.thirdparty.io.netty.channel.nio.AbstractNioChannel$AbstractNioUnsafe.finishConnect(AbstractNioChannel.java:340)
	at org.apache.ratis.thirdparty.io.netty.channel.nio.NioEventLoop.processSelectedKey(NioEventLoop.java:632)
	at org.apache.ratis.thirdparty.io.netty.channel.nio.NioEventLoop.processSelectedKeysOptimized(NioEventLoop.java:579)
	at org.apache.ratis.thirdparty.io.netty.channel.nio.NioEventLoop.processSelectedKeys(NioEventLoop.java:496)
	at org.apache.ratis.thirdparty.io.netty.channel.nio.NioEventLoop.run(NioEventLoop.java:458)
	at org.apache.ratis.thirdparty.io.netty.util.concurrent.SingleThreadEventExecutor$5.run(SingleThreadEventExecutor.java:897)
	at org.apache.ratis.thirdparty.io.netty.util.concurrent.FastThreadLocalRunnable.run(FastThreadLocalRunnable.java:30)
	... 1 more
Caused by: java.net.ConnectException: Connection refused
	... 11 more
2019-10-04 21:47:26,727 [ed32ec4f-f88d-40f8-90b3-1e363f965dce@group-EBCBD803DF66-LeaderElection76] INFO  impl.LeaderElection (LogUtils.java:infoOrTrace(149)) - ed32ec4f-f88d-40f8-90b3-1e363f965dce@group-EBCBD803DF66-LeaderElection76 got exception when requesting votes: {}
java.util.concurrent.ExecutionException: org.apache.ratis.thirdparty.io.grpc.StatusRuntimeException: UNAVAILABLE: io exception
	at java.util.concurrent.FutureTask.report(FutureTask.java:122)
	at java.util.concurrent.FutureTask.get(FutureTask.java:192)
	at org.apache.ratis.server.impl.LeaderElection.waitForResults(LeaderElection.java:259)
	at org.apache.ratis.server.impl.LeaderElection.askForVotes(LeaderElection.java:197)
	at org.apache.ratis.server.impl.LeaderElection.run(LeaderElection.java:133)
	at java.lang.Thread.run(Thread.java:748)
Caused by: org.apache.ratis.thirdparty.io.grpc.StatusRuntimeException: UNAVAILABLE: io exception
	at org.apache.ratis.thirdparty.io.grpc.stub.ClientCalls.toStatusRuntimeException(ClientCalls.java:233)
	at org.apache.ratis.thirdparty.io.grpc.stub.ClientCalls.getUnchecked(ClientCalls.java:214)
	at org.apache.ratis.thirdparty.io.grpc.stub.ClientCalls.blockingUnaryCall(ClientCalls.java:139)
	at org.apache.ratis.proto.grpc.RaftServerProtocolServiceGrpc$RaftServerProtocolServiceBlockingStub.requestVote(RaftServerProtocolServiceGrpc.java:265)
	at org.apache.ratis.grpc.server.GrpcServerProtocolClient.requestVote(GrpcServerProtocolClient.java:99)
	at org.apache.ratis.grpc.server.GrpcService.requestVote(GrpcService.java:204)
	at org.apache.ratis.server.impl.LeaderElection.lambda$submitRequests$1(LeaderElection.java:234)
	at java.util.concurrent.FutureTask.run(FutureTask.java:266)
	at java.util.concurrent.Executors$RunnableAdapter.call(Executors.java:511)
	at java.util.concurrent.FutureTask.run(FutureTask.java:266)
	at java.util.concurrent.ThreadPoolExecutor.runWorker(ThreadPoolExecutor.java:1149)
	at java.util.concurrent.ThreadPoolExecutor$Worker.run(ThreadPoolExecutor.java:624)
	... 1 more
Caused by: org.apache.ratis.thirdparty.io.netty.channel.AbstractChannel$AnnotatedConnectException: Connection refused: /192.168.30.43:41864
	at sun.nio.ch.SocketChannelImpl.checkConnect(Native Method)
	at sun.nio.ch.SocketChannelImpl.finishConnect(SocketChannelImpl.java:717)
	at org.apache.ratis.thirdparty.io.netty.channel.socket.nio.NioSocketChannel.doFinishConnect(NioSocketChannel.java:327)
	at org.apache.ratis.thirdparty.io.netty.channel.nio.AbstractNioChannel$AbstractNioUnsafe.finishConnect(AbstractNioChannel.java:340)
	at org.apache.ratis.thirdparty.io.netty.channel.nio.NioEventLoop.processSelectedKey(NioEventLoop.java:632)
	at org.apache.ratis.thirdparty.io.netty.channel.nio.NioEventLoop.processSelectedKeysOptimized(NioEventLoop.java:579)
	at org.apache.ratis.thirdparty.io.netty.channel.nio.NioEventLoop.processSelectedKeys(NioEventLoop.java:496)
	at org.apache.ratis.thirdparty.io.netty.channel.nio.NioEventLoop.run(NioEventLoop.java:458)
	at org.apache.ratis.thirdparty.io.netty.util.concurrent.SingleThreadEventExecutor$5.run(SingleThreadEventExecutor.java:897)
	at org.apache.ratis.thirdparty.io.netty.util.concurrent.FastThreadLocalRunnable.run(FastThreadLocalRunnable.java:30)
	... 1 more
Caused by: java.net.ConnectException: Connection refused
	... 11 more
2019-10-04 21:47:26,729 [ed32ec4f-f88d-40f8-90b3-1e363f965dce@group-EBCBD803DF66-LeaderElection76] INFO  impl.LeaderElection (LeaderElection.java:logAndReturn(56)) - ed32ec4f-f88d-40f8-90b3-1e363f965dce@group-EBCBD803DF66-LeaderElection76: Election REJECTED; received 0 response(s) [] and 2 exception(s); ed32ec4f-f88d-40f8-90b3-1e363f965dce@group-EBCBD803DF66:t3, leader=null, voted=ed32ec4f-f88d-40f8-90b3-1e363f965dce, raftlog=ed32ec4f-f88d-40f8-90b3-1e363f965dce@group-EBCBD803DF66-SegmentedRaftLog:OPENED:c18,f18,i18, conf=17: [30434be4-12dc-4776-9a92-54252ab8e913:192.168.30.43:41864, ed32ec4f-f88d-40f8-90b3-1e363f965dce:192.168.30.43:39828, 2a7cbac8-731e-4451-bef1-f907eaf770d2:192.168.30.43:34947], old=null
2019-10-04 21:47:26,729 [ed32ec4f-f88d-40f8-90b3-1e363f965dce@group-EBCBD803DF66-LeaderElection76] INFO  impl.LeaderElection (LogUtils.java:infoOrTrace(149)) -   Exception 0: {}
java.util.concurrent.ExecutionException: org.apache.ratis.thirdparty.io.grpc.StatusRuntimeException: UNAVAILABLE: io exception
	at java.util.concurrent.FutureTask.report(FutureTask.java:122)
	at java.util.concurrent.FutureTask.get(FutureTask.java:192)
	at org.apache.ratis.server.impl.LeaderElection.waitForResults(LeaderElection.java:259)
	at org.apache.ratis.server.impl.LeaderElection.askForVotes(LeaderElection.java:197)
	at org.apache.ratis.server.impl.LeaderElection.run(LeaderElection.java:133)
	at java.lang.Thread.run(Thread.java:748)
Caused by: org.apache.ratis.thirdparty.io.grpc.StatusRuntimeException: UNAVAILABLE: io exception
	at org.apache.ratis.thirdparty.io.grpc.stub.ClientCalls.toStatusRuntimeException(ClientCalls.java:233)
	at org.apache.ratis.thirdparty.io.grpc.stub.ClientCalls.getUnchecked(ClientCalls.java:214)
	at org.apache.ratis.thirdparty.io.grpc.stub.ClientCalls.blockingUnaryCall(ClientCalls.java:139)
	at org.apache.ratis.proto.grpc.RaftServerProtocolServiceGrpc$RaftServerProtocolServiceBlockingStub.requestVote(RaftServerProtocolServiceGrpc.java:265)
	at org.apache.ratis.grpc.server.GrpcServerProtocolClient.requestVote(GrpcServerProtocolClient.java:99)
	at org.apache.ratis.grpc.server.GrpcService.requestVote(GrpcService.java:204)
	at org.apache.ratis.server.impl.LeaderElection.lambda$submitRequests$1(LeaderElection.java:234)
	at java.util.concurrent.FutureTask.run(FutureTask.java:266)
	at java.util.concurrent.Executors$RunnableAdapter.call(Executors.java:511)
	at java.util.concurrent.FutureTask.run(FutureTask.java:266)
	at java.util.concurrent.ThreadPoolExecutor.runWorker(ThreadPoolExecutor.java:1149)
	at java.util.concurrent.ThreadPoolExecutor$Worker.run(ThreadPoolExecutor.java:624)
	... 1 more
Caused by: org.apache.ratis.thirdparty.io.netty.channel.AbstractChannel$AnnotatedConnectException: Connection refused: /192.168.30.43:34947
	at sun.nio.ch.SocketChannelImpl.checkConnect(Native Method)
	at sun.nio.ch.SocketChannelImpl.finishConnect(SocketChannelImpl.java:717)
	at org.apache.ratis.thirdparty.io.netty.channel.socket.nio.NioSocketChannel.doFinishConnect(NioSocketChannel.java:327)
	at org.apache.ratis.thirdparty.io.netty.channel.nio.AbstractNioChannel$AbstractNioUnsafe.finishConnect(AbstractNioChannel.java:340)
	at org.apache.ratis.thirdparty.io.netty.channel.nio.NioEventLoop.processSelectedKey(NioEventLoop.java:632)
	at org.apache.ratis.thirdparty.io.netty.channel.nio.NioEventLoop.processSelectedKeysOptimized(NioEventLoop.java:579)
	at org.apache.ratis.thirdparty.io.netty.channel.nio.NioEventLoop.processSelectedKeys(NioEventLoop.java:496)
	at org.apache.ratis.thirdparty.io.netty.channel.nio.NioEventLoop.run(NioEventLoop.java:458)
	at org.apache.ratis.thirdparty.io.netty.util.concurrent.SingleThreadEventExecutor$5.run(SingleThreadEventExecutor.java:897)
	at org.apache.ratis.thirdparty.io.netty.util.concurrent.FastThreadLocalRunnable.run(FastThreadLocalRunnable.java:30)
	... 1 more
Caused by: java.net.ConnectException: Connection refused
	... 11 more
2019-10-04 21:47:26,730 [ed32ec4f-f88d-40f8-90b3-1e363f965dce@group-EBCBD803DF66-LeaderElection76] INFO  impl.LeaderElection (LogUtils.java:infoOrTrace(149)) -   Exception 1: {}
java.util.concurrent.ExecutionException: org.apache.ratis.thirdparty.io.grpc.StatusRuntimeException: UNAVAILABLE: io exception
	at java.util.concurrent.FutureTask.report(FutureTask.java:122)
	at java.util.concurrent.FutureTask.get(FutureTask.java:192)
	at org.apache.ratis.server.impl.LeaderElection.waitForResults(LeaderElection.java:259)
	at org.apache.ratis.server.impl.LeaderElection.askForVotes(LeaderElection.java:197)
	at org.apache.ratis.server.impl.LeaderElection.run(LeaderElection.java:133)
	at java.lang.Thread.run(Thread.java:748)
Caused by: org.apache.ratis.thirdparty.io.grpc.StatusRuntimeException: UNAVAILABLE: io exception
	at org.apache.ratis.thirdparty.io.grpc.stub.ClientCalls.toStatusRuntimeException(ClientCalls.java:233)
	at org.apache.ratis.thirdparty.io.grpc.stub.ClientCalls.getUnchecked(ClientCalls.java:214)
	at org.apache.ratis.thirdparty.io.grpc.stub.ClientCalls.blockingUnaryCall(ClientCalls.java:139)
	at org.apache.ratis.proto.grpc.RaftServerProtocolServiceGrpc$RaftServerProtocolServiceBlockingStub.requestVote(RaftServerProtocolServiceGrpc.java:265)
	at org.apache.ratis.grpc.server.GrpcServerProtocolClient.requestVote(GrpcServerProtocolClient.java:99)
	at org.apache.ratis.grpc.server.GrpcService.requestVote(GrpcService.java:204)
	at org.apache.ratis.server.impl.LeaderElection.lambda$submitRequests$1(LeaderElection.java:234)
	at java.util.concurrent.FutureTask.run(FutureTask.java:266)
	at java.util.concurrent.Executors$RunnableAdapter.call(Executors.java:511)
	at java.util.concurrent.FutureTask.run(FutureTask.java:266)
	at java.util.concurrent.ThreadPoolExecutor.runWorker(ThreadPoolExecutor.java:1149)
	at java.util.concurrent.ThreadPoolExecutor$Worker.run(ThreadPoolExecutor.java:624)
	... 1 more
Caused by: org.apache.ratis.thirdparty.io.netty.channel.AbstractChannel$AnnotatedConnectException: Connection refused: /192.168.30.43:41864
	at sun.nio.ch.SocketChannelImpl.checkConnect(Native Method)
	at sun.nio.ch.SocketChannelImpl.finishConnect(SocketChannelImpl.java:717)
	at org.apache.ratis.thirdparty.io.netty.channel.socket.nio.NioSocketChannel.doFinishConnect(NioSocketChannel.java:327)
	at org.apache.ratis.thirdparty.io.netty.channel.nio.AbstractNioChannel$AbstractNioUnsafe.finishConnect(AbstractNioChannel.java:340)
	at org.apache.ratis.thirdparty.io.netty.channel.nio.NioEventLoop.processSelectedKey(NioEventLoop.java:632)
	at org.apache.ratis.thirdparty.io.netty.channel.nio.NioEventLoop.processSelectedKeysOptimized(NioEventLoop.java:579)
	at org.apache.ratis.thirdparty.io.netty.channel.nio.NioEventLoop.processSelectedKeys(NioEventLoop.java:496)
	at org.apache.ratis.thirdparty.io.netty.channel.nio.NioEventLoop.run(NioEventLoop.java:458)
	at org.apache.ratis.thirdparty.io.netty.util.concurrent.SingleThreadEventExecutor$5.run(SingleThreadEventExecutor.java:897)
	at org.apache.ratis.thirdparty.io.netty.util.concurrent.FastThreadLocalRunnable.run(FastThreadLocalRunnable.java:30)
	... 1 more
Caused by: java.net.ConnectException: Connection refused
	... 11 more
2019-10-04 21:47:26,730 [ed32ec4f-f88d-40f8-90b3-1e363f965dce@group-EBCBD803DF66-LeaderElection76] INFO  impl.RaftServerImpl (RaftServerImpl.java:setRole(170)) - ed32ec4f-f88d-40f8-90b3-1e363f965dce@group-EBCBD803DF66: changes role from CANDIDATE to FOLLOWER at term 3 for DISCOVERED_A_NEW_TERM
2019-10-04 21:47:26,730 [ed32ec4f-f88d-40f8-90b3-1e363f965dce@group-EBCBD803DF66-LeaderElection76] INFO  impl.RoleInfo (RoleInfo.java:shutdownLeaderElection(134)) - ed32ec4f-f88d-40f8-90b3-1e363f965dce: shutdown LeaderElection
2019-10-04 21:47:26,730 [ed32ec4f-f88d-40f8-90b3-1e363f965dce@group-EBCBD803DF66-LeaderElection76] INFO  impl.RoleInfo (RoleInfo.java:updateAndGet(143)) - ed32ec4f-f88d-40f8-90b3-1e363f965dce: start FollowerState
2019-10-04 21:47:26,974 [EventQueue-StaleNodeForStaleNodeHandler] INFO  node.StaleNodeHandler (StaleNodeHandler.java:onMessage(58)) - Datanode b7267918-c736-4221-b207-45a52eb765d9{ip: 192.168.30.43, host: pr-hdds-2252-dqfx9-1550151176, networkLocation: /default-rack, certSerialId: null} moved to stale state. Finalizing its pipelines [PipelineID=df3badb5-e9d2-44ec-bcd9-fb5ff80d8940, PipelineID=fd3b3ee0-dbfd-4763-96f5-60f3f1e77beb]
2019-10-04 21:47:26,979 [EventQueue-StaleNodeForStaleNodeHandler] INFO  pipeline.SCMPipelineManager (SCMPipelineManager.java:finalizeAndDestroyPipeline(315)) - destroying pipeline:Pipeline[ Id: df3badb5-e9d2-44ec-bcd9-fb5ff80d8940, Nodes: b7267918-c736-4221-b207-45a52eb765d9{ip: 192.168.30.43, host: pr-hdds-2252-dqfx9-1550151176, networkLocation: /default-rack, certSerialId: null}, Type:RATIS, Factor:ONE, State:OPEN]
2019-10-04 21:47:26,980 [EventQueue-StaleNodeForStaleNodeHandler] INFO  pipeline.PipelineStateManager (PipelineStateManager.java:finalizePipeline(123)) - Pipeline Pipeline[ Id: df3badb5-e9d2-44ec-bcd9-fb5ff80d8940, Nodes: b7267918-c736-4221-b207-45a52eb765d9{ip: 192.168.30.43, host: pr-hdds-2252-dqfx9-1550151176, networkLocation: /default-rack, certSerialId: null}, Type:RATIS, Factor:ONE, State:CLOSED] moved to CLOSED state
2019-10-04 21:47:26,981 [EventQueue-StaleNodeForStaleNodeHandler] INFO  pipeline.SCMPipelineManager (SCMPipelineManager.java:finalizeAndDestroyPipeline(315)) - destroying pipeline:Pipeline[ Id: fd3b3ee0-dbfd-4763-96f5-60f3f1e77beb, Nodes: b7267918-c736-4221-b207-45a52eb765d9{ip: 192.168.30.43, host: pr-hdds-2252-dqfx9-1550151176, networkLocation: /default-rack, certSerialId: null}a7f943cb-bb18-497b-82a4-8777e8f57d3f{ip: 192.168.30.43, host: pr-hdds-2252-dqfx9-1550151176, networkLocation: /default-rack, certSerialId: null}a87e6d7a-5484-427a-9ae7-491f17ac9191{ip: 192.168.30.43, host: pr-hdds-2252-dqfx9-1550151176, networkLocation: /default-rack, certSerialId: null}, Type:RATIS, Factor:THREE, State:CLOSED]
2019-10-04 21:47:27,173 [EventQueue-StaleNodeForStaleNodeHandler] INFO  node.StaleNodeHandler (StaleNodeHandler.java:onMessage(58)) - Datanode ed32ec4f-f88d-40f8-90b3-1e363f965dce{ip: 192.168.30.43, host: pr-hdds-2252-dqfx9-1550151176, networkLocation: /default-rack, certSerialId: null} moved to stale state. Finalizing its pipelines [PipelineID=9b6131ba-5871-4db4-be04-7f692cf3ffeb, PipelineID=61fdd355-6c9b-45d7-9134-ebcbd803df66]
2019-10-04 21:47:27,174 [EventQueue-StaleNodeForStaleNodeHandler] INFO  pipeline.SCMPipelineManager (SCMPipelineManager.java:finalizeAndDestroyPipeline(315)) - destroying pipeline:Pipeline[ Id: 9b6131ba-5871-4db4-be04-7f692cf3ffeb, Nodes: ed32ec4f-f88d-40f8-90b3-1e363f965dce{ip: 192.168.30.43, host: pr-hdds-2252-dqfx9-1550151176, networkLocation: /default-rack, certSerialId: null}, Type:RATIS, Factor:ONE, State:OPEN]
2019-10-04 21:47:27,174 [EventQueue-StaleNodeForStaleNodeHandler] INFO  pipeline.PipelineStateManager (PipelineStateManager.java:finalizePipeline(123)) - Pipeline Pipeline[ Id: 9b6131ba-5871-4db4-be04-7f692cf3ffeb, Nodes: ed32ec4f-f88d-40f8-90b3-1e363f965dce{ip: 192.168.30.43, host: pr-hdds-2252-dqfx9-1550151176, networkLocation: /default-rack, certSerialId: null}, Type:RATIS, Factor:ONE, State:CLOSED] moved to CLOSED state
2019-10-04 21:47:27,174 [EventQueue-StaleNodeForStaleNodeHandler] INFO  pipeline.SCMPipelineManager (SCMPipelineManager.java:finalizeAndDestroyPipeline(315)) - destroying pipeline:Pipeline[ Id: 61fdd355-6c9b-45d7-9134-ebcbd803df66, Nodes: 30434be4-12dc-4776-9a92-54252ab8e913{ip: 192.168.30.43, host: pr-hdds-2252-dqfx9-1550151176, networkLocation: /default-rack, certSerialId: null}ed32ec4f-f88d-40f8-90b3-1e363f965dce{ip: 192.168.30.43, host: pr-hdds-2252-dqfx9-1550151176, networkLocation: /default-rack, certSerialId: null}2a7cbac8-731e-4451-bef1-f907eaf770d2{ip: 192.168.30.43, host: pr-hdds-2252-dqfx9-1550151176, networkLocation: /default-rack, certSerialId: null}, Type:RATIS, Factor:THREE, State:CLOSED]
2019-10-04 21:47:27,283 [ForkJoinPool.commonPool-worker-0] INFO  ozoneimpl.OzoneContainer (OzoneContainer.java:stop(231)) - Attempting to stop container services.
2019-10-04 21:47:27,283 [main] INFO  ozoneimpl.OzoneContainer (OzoneContainer.java:stop(231)) - Attempting to stop container services.
2019-10-04 21:47:27,288 [ForkJoinPool.commonPool-worker-0] INFO  impl.RaftServerProxy (RaftServerProxy.java:lambda$close$4(314)) - b7267918-c736-4221-b207-45a52eb765d9: close
2019-10-04 21:47:27,288 [main] INFO  impl.RaftServerProxy (RaftServerProxy.java:lambda$close$4(314)) - ed32ec4f-f88d-40f8-90b3-1e363f965dce: close
2019-10-04 21:47:27,289 [ForkJoinPool.commonPool-worker-0] INFO  impl.RaftServerImpl (RaftServerImpl.java:lambda$shutdown$3(247)) - b7267918-c736-4221-b207-45a52eb765d9@group-FB5FF80D8940: shutdown
2019-10-04 21:47:27,289 [main] INFO  impl.RaftServerImpl (RaftServerImpl.java:lambda$shutdown$3(247)) - ed32ec4f-f88d-40f8-90b3-1e363f965dce@group-7F692CF3FFEB: shutdown
2019-10-04 21:47:27,289 [ForkJoinPool.commonPool-worker-0] INFO  util.JmxRegister (JmxRegister.java:unregister(73)) - Successfully un-registered JMX Bean with object name Ratis:service=RaftServer,group=group-FB5FF80D8940,id=b7267918-c736-4221-b207-45a52eb765d9
2019-10-04 21:47:27,290 [main] INFO  util.JmxRegister (JmxRegister.java:unregister(73)) - Successfully un-registered JMX Bean with object name Ratis:service=RaftServer,group=group-7F692CF3FFEB,id=ed32ec4f-f88d-40f8-90b3-1e363f965dce
2019-10-04 21:47:27,290 [ForkJoinPool.commonPool-worker-0] INFO  impl.RoleInfo (RoleInfo.java:shutdownLeaderState(104)) - b7267918-c736-4221-b207-45a52eb765d9: shutdown LeaderState
2019-10-04 21:47:27,290 [main] INFO  impl.RoleInfo (RoleInfo.java:shutdownLeaderState(104)) - ed32ec4f-f88d-40f8-90b3-1e363f965dce: shutdown LeaderState
2019-10-04 21:47:27,291 [ForkJoinPool.commonPool-worker-0] INFO  impl.PendingRequests (PendingRequests.java:sendNotLeaderResponses(202)) - b7267918-c736-4221-b207-45a52eb765d9@group-FB5FF80D8940-PendingRequests: sendNotLeaderResponses
2019-10-04 21:47:27,291 [main] INFO  impl.PendingRequests (PendingRequests.java:sendNotLeaderResponses(202)) - ed32ec4f-f88d-40f8-90b3-1e363f965dce@group-7F692CF3FFEB-PendingRequests: sendNotLeaderResponses
2019-10-04 21:47:27,292 [ForkJoinPool.commonPool-worker-0] INFO  impl.StateMachineUpdater (StateMachineUpdater.java:stopAndJoin(136)) - b7267918-c736-4221-b207-45a52eb765d9@group-FB5FF80D8940-StateMachineUpdater: set stopIndex = 0
2019-10-04 21:47:27,292 [main] INFO  impl.StateMachineUpdater (StateMachineUpdater.java:stopAndJoin(136)) - ed32ec4f-f88d-40f8-90b3-1e363f965dce@group-7F692CF3FFEB-StateMachineUpdater: set stopIndex = 0
2019-10-04 21:47:27,294 [ForkJoinPool.commonPool-worker-0] INFO  impl.RaftServerImpl (ServerState.java:close(387)) - b7267918-c736-4221-b207-45a52eb765d9@group-FB5FF80D8940: closes. applyIndex: 0
2019-10-04 21:47:27,294 [main] INFO  impl.RaftServerImpl (ServerState.java:close(387)) - ed32ec4f-f88d-40f8-90b3-1e363f965dce@group-7F692CF3FFEB: closes. applyIndex: 0
2019-10-04 21:47:27,294 [b7267918-c736-4221-b207-45a52eb765d9@group-FB5FF80D8940-SegmentedRaftLogWorker] INFO  segmented.SegmentedRaftLogWorker (SegmentedRaftLogWorker.java:run(316)) - b7267918-c736-4221-b207-45a52eb765d9@group-FB5FF80D8940-SegmentedRaftLogWorker was interrupted, exiting. There are 0 tasks remaining in the queue.
2019-10-04 21:47:27,295 [ed32ec4f-f88d-40f8-90b3-1e363f965dce@group-7F692CF3FFEB-SegmentedRaftLogWorker] INFO  segmented.SegmentedRaftLogWorker (SegmentedRaftLogWorker.java:run(316)) - ed32ec4f-f88d-40f8-90b3-1e363f965dce@group-7F692CF3FFEB-SegmentedRaftLogWorker was interrupted, exiting. There are 0 tasks remaining in the queue.
2019-10-04 21:47:27,300 [ForkJoinPool.commonPool-worker-0] INFO  segmented.SegmentedRaftLogWorker (SegmentedRaftLogWorker.java:close(224)) - b7267918-c736-4221-b207-45a52eb765d9@group-FB5FF80D8940-SegmentedRaftLogWorker close()
2019-10-04 21:47:27,300 [main] INFO  segmented.SegmentedRaftLogWorker (SegmentedRaftLogWorker.java:close(224)) - ed32ec4f-f88d-40f8-90b3-1e363f965dce@group-7F692CF3FFEB-SegmentedRaftLogWorker close()
2019-10-04 21:47:27,310 [main] INFO  impl.RaftServerImpl (RaftServerImpl.java:lambda$shutdown$3(247)) - ed32ec4f-f88d-40f8-90b3-1e363f965dce@group-EBCBD803DF66: shutdown
2019-10-04 21:47:27,310 [ForkJoinPool.commonPool-worker-0] INFO  impl.RaftServerImpl (RaftServerImpl.java:lambda$shutdown$3(247)) - b7267918-c736-4221-b207-45a52eb765d9@group-60F3F1E77BEB: shutdown
2019-10-04 21:47:27,310 [main] INFO  util.JmxRegister (JmxRegister.java:unregister(73)) - Successfully un-registered JMX Bean with object name Ratis:service=RaftServer,group=group-EBCBD803DF66,id=ed32ec4f-f88d-40f8-90b3-1e363f965dce
2019-10-04 21:47:27,311 [main] INFO  impl.RoleInfo (RoleInfo.java:shutdownFollowerState(121)) - ed32ec4f-f88d-40f8-90b3-1e363f965dce: shutdown FollowerState
2019-10-04 21:47:27,310 [ForkJoinPool.commonPool-worker-0] INFO  util.JmxRegister (JmxRegister.java:unregister(73)) - Successfully un-registered JMX Bean with object name Ratis:service=RaftServer,group=group-60F3F1E77BEB,id=b7267918-c736-4221-b207-45a52eb765d9
2019-10-04 21:47:27,312 [ed32ec4f-f88d-40f8-90b3-1e363f965dce@group-EBCBD803DF66-StateMachineUpdater] INFO  ratis.ContainerStateMachine (ContainerStateMachine.java:takeSnapshot(293)) - group-EBCBD803DF66: Taking a snapshot at:(t:1, i:14) file /workdir/hadoop-ozone/integration-test/target/test-dir/MiniOzoneClusterImpl-efe61e54-dcf4-4ce1-9515-f66e262f6b8a/datanode-6/data/ratis/61fdd355-6c9b-45d7-9134-ebcbd803df66/sm/snapshot.1_14
2019-10-04 21:47:27,311 [Thread-3345] INFO  impl.FollowerState (FollowerState.java:run(117)) - ed32ec4f-f88d-40f8-90b3-1e363f965dce@group-EBCBD803DF66-FollowerState was interrupted: java.lang.InterruptedException: sleep interrupted
2019-10-04 21:47:27,311 [main] INFO  impl.StateMachineUpdater (StateMachineUpdater.java:stopAndJoin(136)) - ed32ec4f-f88d-40f8-90b3-1e363f965dce@group-EBCBD803DF66-StateMachineUpdater: set stopIndex = 18
2019-10-04 21:47:27,312 [ForkJoinPool.commonPool-worker-0] INFO  impl.RoleInfo (RoleInfo.java:shutdownLeaderState(104)) - b7267918-c736-4221-b207-45a52eb765d9: shutdown LeaderState
2019-10-04 21:47:27,318 [ForkJoinPool.commonPool-worker-0] INFO  impl.PendingRequests (PendingRequests.java:sendNotLeaderResponses(202)) - b7267918-c736-4221-b207-45a52eb765d9@group-60F3F1E77BEB-PendingRequests: sendNotLeaderResponses
2019-10-04 21:47:27,318 [org.apache.ratis.server.impl.LogAppender$AppenderDaemon$$Lambda$537/376264038@29289258] WARN  server.GrpcLogAppender (GrpcLogAppender.java:mayWait(143)) - b7267918-c736-4221-b207-45a52eb765d9@group-60F3F1E77BEB->a7f943cb-bb18-497b-82a4-8777e8f57d3f-GrpcLogAppender: Wait interrupted by java.lang.InterruptedException
2019-10-04 21:47:27,318 [org.apache.ratis.server.impl.LogAppender$AppenderDaemon$$Lambda$537/376264038@18c632c8] WARN  server.GrpcLogAppender (GrpcLogAppender.java:mayWait(143)) - b7267918-c736-4221-b207-45a52eb765d9@group-60F3F1E77BEB->a87e6d7a-5484-427a-9ae7-491f17ac9191-GrpcLogAppender: Wait interrupted by java.lang.InterruptedException
2019-10-04 21:47:27,321 [ForkJoinPool.commonPool-worker-0] INFO  impl.StateMachineUpdater (StateMachineUpdater.java:stopAndJoin(136)) - b7267918-c736-4221-b207-45a52eb765d9@group-60F3F1E77BEB-StateMachineUpdater: set stopIndex = 19
2019-10-04 21:47:27,322 [b7267918-c736-4221-b207-45a52eb765d9@group-60F3F1E77BEB-StateMachineUpdater] INFO  ratis.ContainerStateMachine (ContainerStateMachine.java:takeSnapshot(293)) - group-60F3F1E77BEB: Taking a snapshot at:(t:3, i:19) file /workdir/hadoop-ozone/integration-test/target/test-dir/MiniOzoneClusterImpl-efe61e54-dcf4-4ce1-9515-f66e262f6b8a/datanode-0/data/ratis/fd3b3ee0-dbfd-4763-96f5-60f3f1e77beb/sm/snapshot.3_19
2019-10-04 21:47:27,326 [b7267918-c736-4221-b207-45a52eb765d9@group-60F3F1E77BEB-StateMachineUpdater] INFO  ratis.ContainerStateMachine (ContainerStateMachine.java:takeSnapshot(304)) - group-60F3F1E77BEB: Finished taking a snapshot at:(t:3, i:19) file:/workdir/hadoop-ozone/integration-test/target/test-dir/MiniOzoneClusterImpl-efe61e54-dcf4-4ce1-9515-f66e262f6b8a/datanode-0/data/ratis/fd3b3ee0-dbfd-4763-96f5-60f3f1e77beb/sm/snapshot.3_19 time:4
2019-10-04 21:47:27,326 [ed32ec4f-f88d-40f8-90b3-1e363f965dce@group-EBCBD803DF66-StateMachineUpdater] INFO  ratis.ContainerStateMachine (ContainerStateMachine.java:takeSnapshot(304)) - group-EBCBD803DF66: Finished taking a snapshot at:(t:1, i:14) file:/workdir/hadoop-ozone/integration-test/target/test-dir/MiniOzoneClusterImpl-efe61e54-dcf4-4ce1-9515-f66e262f6b8a/datanode-6/data/ratis/61fdd355-6c9b-45d7-9134-ebcbd803df66/sm/snapshot.1_14 time:15
2019-10-04 21:47:27,326 [b7267918-c736-4221-b207-45a52eb765d9@group-60F3F1E77BEB-StateMachineUpdater] INFO  impl.StateMachineUpdater (StateMachineUpdater.java:takeSnapshot(269)) - b7267918-c736-4221-b207-45a52eb765d9@group-60F3F1E77BEB-StateMachineUpdater: Took a snapshot at index 19
2019-10-04 21:47:27,326 [b7267918-c736-4221-b207-45a52eb765d9@group-60F3F1E77BEB-StateMachineUpdater] INFO  impl.StateMachineUpdater (StateMachineUpdater.java:lambda$new$0(84)) - b7267918-c736-4221-b207-45a52eb765d9@group-60F3F1E77BEB-StateMachineUpdater: snapshotIndex: updateIncreasingly -1 -> 19
2019-10-04 21:47:27,327 [ed32ec4f-f88d-40f8-90b3-1e363f965dce@group-EBCBD803DF66-StateMachineUpdater] INFO  impl.StateMachineUpdater (StateMachineUpdater.java:takeSnapshot(269)) - ed32ec4f-f88d-40f8-90b3-1e363f965dce@group-EBCBD803DF66-StateMachineUpdater: Took a snapshot at index 14
2019-10-04 21:47:27,327 [ed32ec4f-f88d-40f8-90b3-1e363f965dce@group-EBCBD803DF66-StateMachineUpdater] INFO  impl.StateMachineUpdater (StateMachineUpdater.java:lambda$new$0(84)) - ed32ec4f-f88d-40f8-90b3-1e363f965dce@group-EBCBD803DF66-StateMachineUpdater: snapshotIndex: updateIncreasingly -1 -> 14
2019-10-04 21:47:27,327 [ed32ec4f-f88d-40f8-90b3-1e363f965dce@group-EBCBD803DF66-StateMachineUpdater] INFO  ratis.ContainerStateMachine (ContainerStateMachine.java:takeSnapshot(293)) - group-EBCBD803DF66: Taking a snapshot at:(t:1, i:14) file /workdir/hadoop-ozone/integration-test/target/test-dir/MiniOzoneClusterImpl-efe61e54-dcf4-4ce1-9515-f66e262f6b8a/datanode-6/data/ratis/61fdd355-6c9b-45d7-9134-ebcbd803df66/sm/snapshot.1_14
2019-10-04 21:47:27,327 [ForkJoinPool.commonPool-worker-0] INFO  impl.RaftServerImpl (ServerState.java:close(387)) - b7267918-c736-4221-b207-45a52eb765d9@group-60F3F1E77BEB: closes. applyIndex: 19
2019-10-04 21:47:27,328 [b7267918-c736-4221-b207-45a52eb765d9@group-60F3F1E77BEB-SegmentedRaftLogWorker] INFO  segmented.SegmentedRaftLogWorker (SegmentedRaftLogWorker.java:run(316)) - b7267918-c736-4221-b207-45a52eb765d9@group-60F3F1E77BEB-SegmentedRaftLogWorker was interrupted, exiting. There are 0 tasks remaining in the queue.
2019-10-04 21:47:27,329 [ForkJoinPool.commonPool-worker-0] INFO  segmented.SegmentedRaftLogWorker (SegmentedRaftLogWorker.java:close(224)) - b7267918-c736-4221-b207-45a52eb765d9@group-60F3F1E77BEB-SegmentedRaftLogWorker close()
2019-10-04 21:47:27,342 [ed32ec4f-f88d-40f8-90b3-1e363f965dce@group-EBCBD803DF66-StateMachineUpdater] INFO  ratis.ContainerStateMachine (ContainerStateMachine.java:takeSnapshot(304)) - group-EBCBD803DF66: Finished taking a snapshot at:(t:1, i:14) file:/workdir/hadoop-ozone/integration-test/target/test-dir/MiniOzoneClusterImpl-efe61e54-dcf4-4ce1-9515-f66e262f6b8a/datanode-6/data/ratis/61fdd355-6c9b-45d7-9134-ebcbd803df66/sm/snapshot.1_14 time:15
2019-10-04 21:47:27,342 [ForkJoinPool.commonPool-worker-0] INFO  server.GrpcService (GrpcService.java:closeImpl(164)) - b7267918-c736-4221-b207-45a52eb765d9: shutdown server with port 40328 now
2019-10-04 21:47:27,343 [ed32ec4f-f88d-40f8-90b3-1e363f965dce@group-EBCBD803DF66-StateMachineUpdater] INFO  impl.StateMachineUpdater (StateMachineUpdater.java:takeSnapshot(269)) - ed32ec4f-f88d-40f8-90b3-1e363f965dce@group-EBCBD803DF66-StateMachineUpdater: Took a snapshot at index 14
2019-10-04 21:47:27,343 [ed32ec4f-f88d-40f8-90b3-1e363f965dce@group-EBCBD803DF66-StateMachineUpdater] INFO  impl.StateMachineUpdater (StateMachineUpdater.java:lambda$new$0(84)) - ed32ec4f-f88d-40f8-90b3-1e363f965dce@group-EBCBD803DF66-StateMachineUpdater: snapshotIndex: updateIncreasingly 14 -> 14
2019-10-04 21:47:27,343 [main] INFO  impl.RaftServerImpl (ServerState.java:close(387)) - ed32ec4f-f88d-40f8-90b3-1e363f965dce@group-EBCBD803DF66: closes. applyIndex: 18
2019-10-04 21:47:27,344 [ForkJoinPool.commonPool-worker-0] INFO  server.GrpcService (GrpcService.java:closeImpl(172)) - b7267918-c736-4221-b207-45a52eb765d9: shutdown server with port 40328 successfully
2019-10-04 21:47:27,344 [grpc-default-executor-6] WARN  client.GrpcClientProtocolService (LogUtils.java:warn(134)) - 1-UnorderedRequestStreamObserver1: onError: org.apache.ratis.thirdparty.io.grpc.StatusRuntimeException: CANCELLED: cancelled before receiving half close
2019-10-04 21:47:27,344 [ed32ec4f-f88d-40f8-90b3-1e363f965dce@group-EBCBD803DF66-SegmentedRaftLogWorker] INFO  segmented.SegmentedRaftLogWorker (SegmentedRaftLogWorker.java:run(316)) - ed32ec4f-f88d-40f8-90b3-1e363f965dce@group-EBCBD803DF66-SegmentedRaftLogWorker was interrupted, exiting. There are 0 tasks remaining in the queue.
2019-10-04 21:47:27,345 [main] INFO  segmented.SegmentedRaftLogWorker (SegmentedRaftLogWorker.java:close(224)) - ed32ec4f-f88d-40f8-90b3-1e363f965dce@group-EBCBD803DF66-SegmentedRaftLogWorker close()
2019-10-04 21:47:27,347 [main] INFO  server.GrpcService (GrpcService.java:closeImpl(164)) - ed32ec4f-f88d-40f8-90b3-1e363f965dce: shutdown server with port 39828 now
2019-10-04 21:47:27,348 [main] INFO  server.GrpcService (GrpcService.java:closeImpl(172)) - ed32ec4f-f88d-40f8-90b3-1e363f965dce: shutdown server with port 39828 successfully
2019-10-04 21:47:27,349 [refreshUsed-/workdir/hadoop-ozone/integration-test/target/test-dir/MiniOzoneClusterImpl-efe61e54-dcf4-4ce1-9515-f66e262f6b8a/datanode-0/data/containers] WARN  fs.CachingGetSpaceUsed (CachingGetSpaceUsed.java:run(183)) - Thread Interrupted waiting to refresh disk information: sleep interrupted
2019-10-04 21:47:27,354 [refreshUsed-/workdir/hadoop-ozone/integration-test/target/test-dir/MiniOzoneClusterImpl-efe61e54-dcf4-4ce1-9515-f66e262f6b8a/datanode-6/data/containers] WARN  fs.CachingGetSpaceUsed (CachingGetSpaceUsed.java:run(183)) - Thread Interrupted waiting to refresh disk information: sleep interrupted
2019-10-04 21:47:27,370 [ForkJoinPool.commonPool-worker-0] INFO  utils.BackgroundService (BackgroundService.java:shutdown(148)) - Shutting down service BlockDeletingService
2019-10-04 21:47:27,370 [main] INFO  utils.BackgroundService (BackgroundService.java:shutdown(148)) - Shutting down service BlockDeletingService
2019-10-04 21:47:27,374 [ForkJoinPool.commonPool-worker-0] INFO  statemachine.DatanodeStateMachine (DatanodeStateMachine.java:stopDaemon(395)) - Ozone container server stopped.
2019-10-04 21:47:27,380 [main] INFO  statemachine.DatanodeStateMachine (DatanodeStateMachine.java:stopDaemon(395)) - Ozone container server stopped.
2019-10-04 21:47:27,385 [ForkJoinPool.commonPool-worker-0] INFO  handler.ContextHandler (ContextHandler.java:doStop(910)) - Stopped o.e.j.w.WebAppContext@1c6a0103{/,null,UNAVAILABLE}{/hddsDatanode}
2019-10-04 21:47:27,385 [main] INFO  handler.ContextHandler (ContextHandler.java:doStop(910)) - Stopped o.e.j.w.WebAppContext@9b3be1c{/,null,UNAVAILABLE}{/hddsDatanode}
2019-10-04 21:47:27,386 [ForkJoinPool.commonPool-worker-0] INFO  server.AbstractConnector (AbstractConnector.java:doStop(318)) - Stopped ServerConnector@7841bd30{HTTP/1.1,[http/1.1]}{0.0.0.0:0}
2019-10-04 21:47:27,392 [main] INFO  server.AbstractConnector (AbstractConnector.java:doStop(318)) - Stopped ServerConnector@74e497ae{HTTP/1.1,[http/1.1]}{0.0.0.0:0}
2019-10-04 21:47:27,392 [ForkJoinPool.commonPool-worker-0] INFO  handler.ContextHandler (ContextHandler.java:doStop(910)) - Stopped o.e.j.s.ServletContextHandler@6169be09{/static,jar:file:/home/user/.m2/repository/org/apache/hadoop/hadoop-hdds-container-service/0.5.0-SNAPSHOT/hadoop-hdds-container-service-0.5.0-SNAPSHOT.jar!/webapps/static,UNAVAILABLE}
2019-10-04 21:47:27,392 [main] INFO  handler.ContextHandler (ContextHandler.java:doStop(910)) - Stopped o.e.j.s.ServletContextHandler@23ee2ccf{/static,jar:file:/home/user/.m2/repository/org/apache/hadoop/hadoop-hdds-container-service/0.5.0-SNAPSHOT/hadoop-hdds-container-service-0.5.0-SNAPSHOT.jar!/webapps/static,UNAVAILABLE}
2019-10-04 21:47:27,392 [ForkJoinPool.commonPool-worker-0] INFO  handler.ContextHandler (ContextHandler.java:doStop(910)) - Stopped o.e.j.s.ServletContextHandler@40bd0f8{/logs,file:///workdir/hadoop-ozone/integration-test/target/log,UNAVAILABLE}
2019-10-04 21:47:27,393 [main] INFO  handler.ContextHandler (ContextHandler.java:doStop(910)) - Stopped o.e.j.s.ServletContextHandler@5bf4764d{/logs,file:///workdir/hadoop-ozone/integration-test/target/log,UNAVAILABLE}
2019-10-04 21:47:27,394 [main] INFO  ozone.MiniOzoneClusterImpl (MiniOzoneClusterImpl.java:stopSCM(392)) - Stopping the StorageContainerManager
2019-10-04 21:47:27,394 [main] INFO  server.StorageContainerManager (StorageContainerManager.java:stop(808)) - Stopping Replication Manager Service.
2019-10-04 21:47:27,395 [main] INFO  container.ReplicationManager (ReplicationManager.java:stop(203)) - Stopping Replication Monitor Thread.
2019-10-04 21:47:27,395 [main] INFO  server.StorageContainerManager (StorageContainerManager.java:stop(815)) - Stopping Lease Manager of the command watchers
2019-10-04 21:47:27,395 [main] INFO  server.StorageContainerManager (StorageContainerManager.java:stop(822)) - Stopping datanode service RPC server
2019-10-04 21:47:27,395 [main] INFO  server.SCMDatanodeProtocolServer (SCMDatanodeProtocolServer.java:stop(346)) - Stopping the RPC server for DataNodes
2019-10-04 21:47:27,396 [main] INFO  ipc.Server (Server.java:stop(3082)) - Stopping server on 35416
2019-10-04 21:47:27,398 [IPC Server listener on 35416] INFO  ipc.Server (Server.java:run(1185)) - Stopping IPC Server listener on 35416
2019-10-04 21:47:27,399 [IPC Server Responder] INFO  ipc.Server (Server.java:run(1319)) - Stopping IPC Server Responder
2019-10-04 21:47:27,474 [SCM Heartbeat Processing Thread - 0] WARN  node.NodeStateManager (NodeStateManager.java:scheduleNextHealthCheck(646)) - Current Thread is interrupted, shutting down HB processing thread for Node Manager.
2019-10-04 21:47:27,474 [main] INFO  server.StorageContainerManager (StorageContainerManager.java:stop(830)) - Stopping block service RPC server
2019-10-04 21:47:27,475 [main] INFO  server.SCMBlockProtocolServer (SCMBlockProtocolServer.java:stop(155)) - Stopping the RPC server for Block Protocol
2019-10-04 21:47:27,475 [main] INFO  ipc.Server (Server.java:stop(3082)) - Stopping server on 38241
2019-10-04 21:47:27,479 [IPC Server listener on 38241] INFO  ipc.Server (Server.java:run(1185)) - Stopping IPC Server listener on 38241
2019-10-04 21:47:27,479 [main] INFO  server.StorageContainerManager (StorageContainerManager.java:stop(837)) - Stopping the StorageContainerLocationProtocol RPC server
2019-10-04 21:47:27,479 [IPC Server Responder] INFO  ipc.Server (Server.java:run(1319)) - Stopping IPC Server Responder
2019-10-04 21:47:27,479 [main] INFO  server.SCMClientProtocolServer (SCMClientProtocolServer.java:stop(168)) - Stopping the RPC server for Client Protocol
2019-10-04 21:47:27,480 [main] INFO  ipc.Server (Server.java:stop(3082)) - Stopping server on 34277
2019-10-04 21:47:27,483 [IPC Server listener on 34277] INFO  ipc.Server (Server.java:run(1185)) - Stopping IPC Server listener on 34277
2019-10-04 21:47:27,483 [main] INFO  server.StorageContainerManager (StorageContainerManager.java:stop(844)) - Stopping Storage Container Manager HTTP server.
2019-10-04 21:47:27,484 [IPC Server Responder] INFO  ipc.Server (Server.java:run(1319)) - Stopping IPC Server Responder
2019-10-04 21:47:27,485 [main] INFO  handler.ContextHandler (ContextHandler.java:doStop(910)) - Stopped o.e.j.w.WebAppContext@6812c8cc{/,null,UNAVAILABLE}{/scm}
2019-10-04 21:47:27,485 [main] INFO  server.AbstractConnector (AbstractConnector.java:doStop(318)) - Stopped ServerConnector@3457cc8d{HTTP/1.1,[http/1.1]}{0.0.0.0:0}
2019-10-04 21:47:27,486 [main] INFO  handler.ContextHandler (ContextHandler.java:doStop(910)) - Stopped o.e.j.s.ServletContextHandler@703fa45{/static,file:///workdir/hadoop-ozone/integration-test/target/test-classes/webapps/static,UNAVAILABLE}
2019-10-04 21:47:27,486 [main] INFO  handler.ContextHandler (ContextHandler.java:doStop(910)) - Stopped o.e.j.s.ServletContextHandler@62a6674f{/logs,file:///workdir/hadoop-ozone/integration-test/target/log,UNAVAILABLE}
2019-10-04 21:47:27,487 [main] INFO  server.StorageContainerManager (StorageContainerManager.java:stop(855)) - Stopping Block Manager Service.
2019-10-04 21:47:27,487 [main] INFO  utils.BackgroundService (BackgroundService.java:shutdown(148)) - Shutting down service SCMBlockDeletingService
2019-10-04 21:47:27,487 [main] INFO  utils.BackgroundService (BackgroundService.java:shutdown(148)) - Shutting down service SCMBlockDeletingService
2019-10-04 21:47:27,488 [main] INFO  server.StorageContainerManager (StorageContainerManager.java:stop(877)) - Stopping SCM Event Queue.
2019-10-04 21:47:27,492 [main] INFO  impl.MetricsSystemImpl (MetricsSystemImpl.java:stop(210)) - Stopping HddsDatanode metrics system...
2019-10-04 21:47:27,524 [main] INFO  impl.MetricsSystemImpl (MetricsSystemImpl.java:stop(216)) - HddsDatanode metrics system stopped.
]]></system-out>
    <system-err><![CDATA[Oct 04, 2019 9:47:17 PM org.apache.ratis.thirdparty.io.grpc.internal.SerializingExecutor run
SEVERE: Exception while executing runnable org.apache.ratis.thirdparty.io.grpc.internal.ServerImpl$JumpToApplicationThreadServerStreamListener$1Closed@59e1cd02
org.apache.ratis.thirdparty.io.grpc.StatusRuntimeException: CANCELLED: call already cancelled
	at org.apache.ratis.thirdparty.io.grpc.Status.asRuntimeException(Status.java:517)
	at org.apache.ratis.thirdparty.io.grpc.stub.ServerCalls$ServerCallStreamObserverImpl.onCompleted(ServerCalls.java:356)
	at org.apache.ratis.grpc.server.GrpcServerProtocolService$ServerRequestStreamObserver.onError(GrpcServerProtocolService.java:121)
	at org.apache.ratis.thirdparty.io.grpc.stub.ServerCalls$StreamingServerCallHandler$StreamingServerCallListener.onCancel(ServerCalls.java:269)
	at org.apache.ratis.thirdparty.io.grpc.internal.ServerCallImpl$ServerStreamListenerImpl.closed(ServerCallImpl.java:293)
	at org.apache.ratis.thirdparty.io.grpc.internal.ServerImpl$JumpToApplicationThreadServerStreamListener$1Closed.runInContext(ServerImpl.java:741)
	at org.apache.ratis.thirdparty.io.grpc.internal.ContextRunnable.run(ContextRunnable.java:37)
	at org.apache.ratis.thirdparty.io.grpc.internal.SerializingExecutor.run(SerializingExecutor.java:123)
	at java.util.concurrent.ThreadPoolExecutor.runWorker(ThreadPoolExecutor.java:1149)
	at java.util.concurrent.ThreadPoolExecutor$Worker.run(ThreadPoolExecutor.java:624)
	at java.lang.Thread.run(Thread.java:748)

Oct 04, 2019 9:47:22 PM org.apache.ratis.thirdparty.io.grpc.internal.SerializingExecutor run
SEVERE: Exception while executing runnable org.apache.ratis.thirdparty.io.grpc.internal.ServerImpl$JumpToApplicationThreadServerStreamListener$1Closed@2de9890a
org.apache.ratis.thirdparty.io.grpc.StatusRuntimeException: CANCELLED: call already cancelled
	at org.apache.ratis.thirdparty.io.grpc.Status.asRuntimeException(Status.java:517)
	at org.apache.ratis.thirdparty.io.grpc.stub.ServerCalls$ServerCallStreamObserverImpl.onCompleted(ServerCalls.java:356)
	at org.apache.ratis.grpc.server.GrpcServerProtocolService$ServerRequestStreamObserver.onError(GrpcServerProtocolService.java:121)
	at org.apache.ratis.thirdparty.io.grpc.stub.ServerCalls$StreamingServerCallHandler$StreamingServerCallListener.onCancel(ServerCalls.java:269)
	at org.apache.ratis.thirdparty.io.grpc.internal.ServerCallImpl$ServerStreamListenerImpl.closed(ServerCallImpl.java:293)
	at org.apache.ratis.thirdparty.io.grpc.internal.ServerImpl$JumpToApplicationThreadServerStreamListener$1Closed.runInContext(ServerImpl.java:741)
	at org.apache.ratis.thirdparty.io.grpc.internal.ContextRunnable.run(ContextRunnable.java:37)
	at org.apache.ratis.thirdparty.io.grpc.internal.SerializingExecutor.run(SerializingExecutor.java:123)
	at java.util.concurrent.ThreadPoolExecutor.runWorker(ThreadPoolExecutor.java:1149)
	at java.util.concurrent.ThreadPoolExecutor$Worker.run(ThreadPoolExecutor.java:624)
	at java.lang.Thread.run(Thread.java:748)

]]></system-err>
  </testcase>
  <testcase name="testFailureWithPrimeSizedData" classname="org.apache.hadoop.ozone.client.rpc.TestBlockOutputStreamWithFailures" time="33.651"/>
  <testcase name="testWatchForCommitWithCloseContainerException" classname="org.apache.hadoop.ozone.client.rpc.TestBlockOutputStreamWithFailures" time="33.824"/>
  <testcase name="testExceptionDuringClose" classname="org.apache.hadoop.ozone.client.rpc.TestBlockOutputStreamWithFailures" time="34.129"/>
</testsuite>