<?xml version="1.0" encoding="UTF-8"?>
<testsuite xmlns:xsi="http://www.w3.org/2001/XMLSchema-instance" xsi:noNamespaceSchemaLocation="https://maven.apache.org/surefire/maven-surefire-plugin/xsd/surefire-test-report.xsd" name="org.apache.hadoop.ozone.client.rpc.TestBlockOutputStreamWithFailures" time="746.995" tests="8" errors="0" skipped="0" failures="1">
  <properties>
    <property name="awt.toolkit" value="sun.awt.X11.XToolkit"/>
    <property name="file.encoding.pkg" value="sun.io"/>
    <property name="java.specification.version" value="1.8"/>
    <property name="sun.cpu.isalist" value=""/>
    <property name="sun.jnu.encoding" value="UTF-8"/>
    <property name="java.class.path" value="/workdir/hadoop-ozone/integration-test/target/test-classes:/workdir/hadoop-ozone/integration-test/target/classes:/home/user/.m2/repository/org/apache/hadoop/hadoop-ozone-common/0.5.0-SNAPSHOT/hadoop-ozone-common-0.5.0-SNAPSHOT.jar:/home/user/.m2/repository/org/apache/commons/commons-compress/1.4.1/commons-compress-1.4.1.jar:/home/user/.m2/repository/org/tukaani/xz/1.0/xz-1.0.jar:/home/user/.m2/repository/org/apache/hadoop/hadoop-common/3.2.0/hadoop-common-3.2.0.jar:/home/user/.m2/repository/org/apache/hadoop/hadoop-hdfs/3.2.0/hadoop-hdfs-3.2.0.jar:/home/user/.m2/repository/org/apache/hadoop/hadoop-hdfs-client/3.2.0/hadoop-hdfs-client-3.2.0.jar:/home/user/.m2/repository/com/fasterxml/jackson/core/jackson-annotations/2.9.9/jackson-annotations-2.9.9.jar:/home/user/.m2/repository/org/apache/hadoop/hadoop-hdds-common/0.5.0-SNAPSHOT/hadoop-hdds-common-0.5.0-SNAPSHOT.jar:/home/user/.m2/repository/javax/annotation/javax.annotation-api/1.2/javax.annotation-api-1.2.jar:/home/user/.m2/repository/org/apache/ratis/ratis-server/0.5.0-201fc85-SNAPSHOT/ratis-server-0.5.0-201fc85-SNAPSHOT.jar:/home/user/.m2/repository/org/apache/ratis/ratis-thirdparty-misc/0.2.0/ratis-thirdparty-misc-0.2.0.jar:/home/user/.m2/repository/org/apache/ratis/ratis-proto/0.5.0-201fc85-SNAPSHOT/ratis-proto-0.5.0-201fc85-SNAPSHOT.jar:/home/user/.m2/repository/org/apache/ratis/ratis-common/0.5.0-201fc85-SNAPSHOT/ratis-common-0.5.0-201fc85-SNAPSHOT.jar:/home/user/.m2/repository/org/apache/ratis/ratis-client/0.5.0-201fc85-SNAPSHOT/ratis-client-0.5.0-201fc85-SNAPSHOT.jar:/home/user/.m2/repository/org/apache/ratis/ratis-metrics/0.5.0-201fc85-SNAPSHOT/ratis-metrics-0.5.0-201fc85-SNAPSHOT.jar:/home/user/.m2/repository/com/github/joshelser/dropwizard-metrics-hadoop-metrics2-reporter/0.1.2/dropwizard-metrics-hadoop-metrics2-reporter-0.1.2.jar:/home/user/.m2/repository/io/dropwizard/metrics/metrics-jvm/3.2.5/metrics-jvm-3.2.5.jar:/home/user/.m2/repository/io/dropwizard/metrics/metrics-ganglia/3.2.5/metrics-ganglia-3.2.5.jar:/home/user/.m2/repository/info/ganglia/gmetric4j/gmetric4j/1.0.7/gmetric4j-1.0.7.jar:/home/user/.m2/repository/org/apache/ratis/ratis-netty/0.5.0-201fc85-SNAPSHOT/ratis-netty-0.5.0-201fc85-SNAPSHOT.jar:/home/user/.m2/repository/org/apache/ratis/ratis-grpc/0.5.0-201fc85-SNAPSHOT/ratis-grpc-0.5.0-201fc85-SNAPSHOT.jar:/home/user/.m2/repository/org/rocksdb/rocksdbjni/6.0.1/rocksdbjni-6.0.1.jar:/home/user/.m2/repository/org/apache/logging/log4j/log4j-api/2.11.0/log4j-api-2.11.0.jar:/home/user/.m2/repository/org/apache/logging/log4j/log4j-core/2.11.0/log4j-core-2.11.0.jar:/home/user/.m2/repository/com/lmax/disruptor/3.4.2/disruptor-3.4.2.jar:/home/user/.m2/repository/org/apache/commons/commons-pool2/2.6.0/commons-pool2-2.6.0.jar:/home/user/.m2/repository/org/bouncycastle/bcpkix-jdk15on/1.60/bcpkix-jdk15on-1.60.jar:/home/user/.m2/repository/commons-validator/commons-validator/1.6/commons-validator-1.6.jar:/home/user/.m2/repository/commons-digester/commons-digester/1.8.1/commons-digester-1.8.1.jar:/home/user/.m2/repository/io/jaegertracing/jaeger-client/0.34.0/jaeger-client-0.34.0.jar:/home/user/.m2/repository/io/jaegertracing/jaeger-thrift/0.34.0/jaeger-thrift-0.34.0.jar:/home/user/.m2/repository/org/apache/thrift/libthrift/0.12.0/libthrift-0.12.0.jar:/home/user/.m2/repository/com/squareup/okhttp3/okhttp/3.9.0/okhttp-3.9.0.jar:/home/user/.m2/repository/com/squareup/okio/okio/1.13.0/okio-1.13.0.jar:/home/user/.m2/repository/io/jaegertracing/jaeger-core/0.34.0/jaeger-core-0.34.0.jar:/home/user/.m2/repository/io/jaegertracing/jaeger-tracerresolver/0.34.0/jaeger-tracerresolver-0.34.0.jar:/home/user/.m2/repository/io/opentracing/contrib/opentracing-tracerresolver/0.1.5/opentracing-tracerresolver-0.1.5.jar:/home/user/.m2/repository/io/opentracing/opentracing-util/0.31.0/opentracing-util-0.31.0.jar:/home/user/.m2/repository/io/opentracing/opentracing-api/0.31.0/opentracing-api-0.31.0.jar:/home/user/.m2/repository/io/opentracing/opentracing-noop/0.31.0/opentracing-noop-0.31.0.jar:/home/user/.m2/repository/org/apache/hadoop/hadoop-hdds-server-framework/0.5.0-SNAPSHOT/hadoop-hdds-server-framework-0.5.0-SNAPSHOT.jar:/home/user/.m2/repository/org/apache/hadoop/hadoop-hdds-container-service/0.5.0-SNAPSHOT/hadoop-hdds-container-service-0.5.0-SNAPSHOT.jar:/home/user/.m2/repository/org/apache/hadoop/hadoop-hdds-client/0.5.0-SNAPSHOT/hadoop-hdds-client-0.5.0-SNAPSHOT.jar:/home/user/.m2/repository/org/apache/hadoop/hadoop-hdds-tools/0.5.0-SNAPSHOT/hadoop-hdds-tools-0.5.0-SNAPSHOT.jar:/home/user/.m2/repository/org/apache/hadoop/hadoop-hdds-server-scm/0.5.0-SNAPSHOT/hadoop-hdds-server-scm-0.5.0-SNAPSHOT.jar:/home/user/.m2/repository/org/apache/hadoop/hadoop-hdds-docs/0.5.0-SNAPSHOT/hadoop-hdds-docs-0.5.0-SNAPSHOT.jar:/home/user/.m2/repository/io/dropwizard/metrics/metrics-core/3.2.4/metrics-core-3.2.4.jar:/home/user/.m2/repository/org/hamcrest/hamcrest-all/1.3/hamcrest-all-1.3.jar:/home/user/.m2/repository/org/bouncycastle/bcprov-jdk15on/1.60/bcprov-jdk15on-1.60.jar:/home/user/.m2/repository/info/picocli/picocli/3.9.6/picocli-3.9.6.jar:/home/user/.m2/repository/com/google/protobuf/protobuf-java/2.5.0/protobuf-java-2.5.0.jar:/home/user/.m2/repository/com/google/guava/guava/11.0.2/guava-11.0.2.jar:/home/user/.m2/repository/org/apache/hadoop/hadoop-ozone-ozone-manager/0.5.0-SNAPSHOT/hadoop-ozone-ozone-manager-0.5.0-SNAPSHOT.jar:/home/user/.m2/repository/org/apache/hadoop/hadoop-minikdc/3.2.0/hadoop-minikdc-3.2.0.jar:/home/user/.m2/repository/commons-io/commons-io/2.5/commons-io-2.5.jar:/home/user/.m2/repository/org/apache/kerby/kerb-simplekdc/1.0.1/kerb-simplekdc-1.0.1.jar:/home/user/.m2/repository/org/apache/kerby/kerb-client/1.0.1/kerb-client-1.0.1.jar:/home/user/.m2/repository/org/apache/kerby/kerby-config/1.0.1/kerby-config-1.0.1.jar:/home/user/.m2/repository/org/apache/kerby/kerb-core/1.0.1/kerb-core-1.0.1.jar:/home/user/.m2/repository/org/apache/kerby/kerby-pkix/1.0.1/kerby-pkix-1.0.1.jar:/home/user/.m2/repository/org/apache/kerby/kerby-asn1/1.0.1/kerby-asn1-1.0.1.jar:/home/user/.m2/repository/org/apache/kerby/kerby-util/1.0.1/kerby-util-1.0.1.jar:/home/user/.m2/repository/org/apache/kerby/kerb-common/1.0.1/kerb-common-1.0.1.jar:/home/user/.m2/repository/org/apache/kerby/kerb-crypto/1.0.1/kerb-crypto-1.0.1.jar:/home/user/.m2/repository/org/apache/kerby/kerb-util/1.0.1/kerb-util-1.0.1.jar:/home/user/.m2/repository/org/apache/kerby/token-provider/1.0.1/token-provider-1.0.1.jar:/home/user/.m2/repository/org/apache/kerby/kerb-admin/1.0.1/kerb-admin-1.0.1.jar:/home/user/.m2/repository/org/apache/kerby/kerb-server/1.0.1/kerb-server-1.0.1.jar:/home/user/.m2/repository/org/apache/kerby/kerb-identity/1.0.1/kerb-identity-1.0.1.jar:/home/user/.m2/repository/org/apache/kerby/kerby-xdr/1.0.1/kerby-xdr-1.0.1.jar:/home/user/.m2/repository/org/slf4j/slf4j-log4j12/1.7.25/slf4j-log4j12-1.7.25.jar:/home/user/.m2/repository/org/apache/hadoop/hadoop-ozone-s3gateway/0.5.0-SNAPSHOT/hadoop-ozone-s3gateway-0.5.0-SNAPSHOT.jar:/home/user/.m2/repository/org/jboss/weld/servlet/weld-servlet/2.4.7.Final/weld-servlet-2.4.7.Final.jar:/home/user/.m2/repository/org/glassfish/jersey/containers/jersey-container-servlet-core/2.27/jersey-container-servlet-core-2.27.jar:/home/user/.m2/repository/org/glassfish/hk2/external/javax.inject/2.5.0-b42/javax.inject-2.5.0-b42.jar:/home/user/.m2/repository/org/glassfish/jersey/core/jersey-common/2.27/jersey-common-2.27.jar:/home/user/.m2/repository/org/glassfish/hk2/osgi-resource-locator/1.0.1/osgi-resource-locator-1.0.1.jar:/home/user/.m2/repository/javax/ws/rs/javax.ws.rs-api/2.1/javax.ws.rs-api-2.1.jar:/home/user/.m2/repository/org/glassfish/jersey/ext/cdi/jersey-cdi1x/2.27/jersey-cdi1x-2.27.jar:/home/user/.m2/repository/org/glassfish/jersey/inject/jersey-hk2/2.27/jersey-hk2-2.27.jar:/home/user/.m2/repository/org/glassfish/hk2/hk2-locator/2.5.0-b42/hk2-locator-2.5.0-b42.jar:/home/user/.m2/repository/org/javassist/javassist/3.22.0-CR2/javassist-3.22.0-CR2.jar:/home/user/.m2/repository/org/glassfish/hk2/hk2-api/2.5.0/hk2-api-2.5.0.jar:/home/user/.m2/repository/org/glassfish/hk2/external/jakarta.inject/2.5.0/jakarta.inject-2.5.0.jar:/home/user/.m2/repository/org/glassfish/hk2/hk2-utils/2.5.0/hk2-utils-2.5.0.jar:/home/user/.m2/repository/jakarta/annotation/jakarta.annotation-api/1.3.4/jakarta.annotation-api-1.3.4.jar:/home/user/.m2/repository/org/glassfish/hk2/external/aopalliance-repackaged/2.5.0/aopalliance-repackaged-2.5.0.jar:/home/user/.m2/repository/com/fasterxml/jackson/dataformat/jackson-dataformat-xml/2.9.0/jackson-dataformat-xml-2.9.0.jar:/home/user/.m2/repository/com/fasterxml/jackson/core/jackson-core/2.9.9/jackson-core-2.9.9.jar:/home/user/.m2/repository/com/fasterxml/jackson/module/jackson-module-jaxb-annotations/2.9.9/jackson-module-jaxb-annotations-2.9.9.jar:/home/user/.m2/repository/javax/enterprise/cdi-api/1.2/cdi-api-1.2.jar:/home/user/.m2/repository/javax/el/javax.el-api/3.0.0/javax.el-api-3.0.0.jar:/home/user/.m2/repository/javax/interceptor/javax.interceptor-api/1.2/javax.interceptor-api-1.2.jar:/home/user/.m2/repository/javax/inject/javax.inject/1/javax.inject-1.jar:/home/user/.m2/repository/com/sun/xml/bind/jaxb-impl/2.3.0.1/jaxb-impl-2.3.0.1.jar:/home/user/.m2/repository/com/sun/xml/bind/jaxb-core/2.3.0.1/jaxb-core-2.3.0.1.jar:/home/user/.m2/repository/javax/xml/bind/jaxb-api/2.3.0/jaxb-api-2.3.0.jar:/home/user/.m2/repository/javax/activation/activation/1.1.1/activation-1.1.1.jar:/home/user/.m2/repository/org/apache/hadoop/hadoop-ozone-csi/0.5.0-SNAPSHOT/hadoop-ozone-csi-0.5.0-SNAPSHOT.jar:/home/user/.m2/repository/com/google/protobuf/protobuf-java-util/3.5.1/protobuf-java-util-3.5.1.jar:/home/user/.m2/repository/org/apache/hadoop/hadoop-hdds-config/0.5.0-SNAPSHOT/hadoop-hdds-config-0.5.0-SNAPSHOT.jar:/home/user/.m2/repository/io/grpc/grpc-netty/1.17.1/grpc-netty-1.17.1.jar:/home/user/.m2/repository/io/grpc/grpc-core/1.17.1/grpc-core-1.17.1.jar:/home/user/.m2/repository/io/grpc/grpc-context/1.17.1/grpc-context-1.17.1.jar:/home/user/.m2/repository/com/google/errorprone/error_prone_annotations/2.2.0/error_prone_annotations-2.2.0.jar:/home/user/.m2/repository/org/codehaus/mojo/animal-sniffer-annotations/1.17/animal-sniffer-annotations-1.17.jar:/home/user/.m2/repository/io/opencensus/opencensus-api/0.17.0/opencensus-api-0.17.0.jar:/home/user/.m2/repository/io/opencensus/opencensus-contrib-grpc-metrics/0.17.0/opencensus-contrib-grpc-metrics-0.17.0.jar:/home/user/.m2/repository/io/netty/netty-codec-http2/4.1.30.Final/netty-codec-http2-4.1.30.Final.jar:/home/user/.m2/repository/io/netty/netty-codec-http/4.1.30.Final/netty-codec-http-4.1.30.Final.jar:/home/user/.m2/repository/io/netty/netty-codec/4.1.30.Final/netty-codec-4.1.30.Final.jar:/home/user/.m2/repository/io/netty/netty-handler/4.1.30.Final/netty-handler-4.1.30.Final.jar:/home/user/.m2/repository/io/netty/netty-handler-proxy/4.1.30.Final/netty-handler-proxy-4.1.30.Final.jar:/home/user/.m2/repository/io/netty/netty-codec-socks/4.1.30.Final/netty-codec-socks-4.1.30.Final.jar:/home/user/.m2/repository/io/netty/netty-transport-native-epoll/4.1.30.Final/netty-transport-native-epoll-4.1.30.Final.jar:/home/user/.m2/repository/io/netty/netty-common/4.1.30.Final/netty-common-4.1.30.Final.jar:/home/user/.m2/repository/io/netty/netty-buffer/4.1.30.Final/netty-buffer-4.1.30.Final.jar:/home/user/.m2/repository/io/netty/netty-transport/4.1.30.Final/netty-transport-4.1.30.Final.jar:/home/user/.m2/repository/io/netty/netty-resolver/4.1.30.Final/netty-resolver-4.1.30.Final.jar:/home/user/.m2/repository/io/netty/netty-transport-native-unix-common/4.1.30.Final/netty-transport-native-unix-common-4.1.30.Final.jar:/home/user/.m2/repository/io/grpc/grpc-protobuf/1.17.1/grpc-protobuf-1.17.1.jar:/home/user/.m2/repository/com/google/api/grpc/proto-google-common-protos/1.0.0/proto-google-common-protos-1.0.0.jar:/home/user/.m2/repository/io/grpc/grpc-protobuf-lite/1.17.1/grpc-protobuf-lite-1.17.1.jar:/home/user/.m2/repository/io/grpc/grpc-stub/1.17.1/grpc-stub-1.17.1.jar:/home/user/.m2/repository/org/apache/hadoop/hadoop-ozone-recon/0.5.0-SNAPSHOT/hadoop-ozone-recon-0.5.0-SNAPSHOT.jar:/home/user/.m2/repository/org/apache/hadoop/hadoop-ozone-reconcodegen/0.5.0-SNAPSHOT/hadoop-ozone-reconcodegen-0.5.0-SNAPSHOT.jar:/home/user/.m2/repository/com/google/inject/extensions/guice-multibindings/4.0/guice-multibindings-4.0.jar:/home/user/.m2/repository/com/google/inject/guice/4.0/guice-4.0.jar:/home/user/.m2/repository/aopalliance/aopalliance/1.0/aopalliance-1.0.jar:/home/user/.m2/repository/com/google/inject/extensions/guice-servlet/4.0/guice-servlet-4.0.jar:/home/user/.m2/repository/org/glassfish/jersey/containers/jersey-container-servlet/2.27/jersey-container-servlet-2.27.jar:/home/user/.m2/repository/org/glassfish/hk2/guice-bridge/2.5.0/guice-bridge-2.5.0.jar:/home/user/.m2/repository/org/glassfish/jersey/core/jersey-server/2.27/jersey-server-2.27.jar:/home/user/.m2/repository/org/glassfish/jersey/core/jersey-client/2.27/jersey-client-2.27.jar:/home/user/.m2/repository/org/glassfish/jersey/media/jersey-media-jaxb/2.27/jersey-media-jaxb-2.27.jar:/home/user/.m2/repository/javax/validation/validation-api/1.1.0.Final/validation-api-1.1.0.Final.jar:/home/user/.m2/repository/org/glassfish/jersey/media/jersey-media-json-jackson/2.27/jersey-media-json-jackson-2.27.jar:/home/user/.m2/repository/org/glassfish/jersey/ext/jersey-entity-filtering/2.27/jersey-entity-filtering-2.27.jar:/home/user/.m2/repository/com/google/inject/extensions/guice-assistedinject/4.0/guice-assistedinject-4.0.jar:/home/user/.m2/repository/org/jooq/jooq/3.11.10/jooq-3.11.10.jar:/home/user/.m2/repository/org/jooq/jooq-meta/3.11.10/jooq-meta-3.11.10.jar:/home/user/.m2/repository/org/jooq/jooq-codegen/3.11.10/jooq-codegen-3.11.10.jar:/home/user/.m2/repository/com/jolbox/bonecp/0.8.0.RELEASE/bonecp-0.8.0.RELEASE.jar:/home/user/.m2/repository/org/xerial/sqlite-jdbc/3.25.2/sqlite-jdbc-3.25.2.jar:/home/user/.m2/repository/org/springframework/spring-jdbc/5.1.3.RELEASE/spring-jdbc-5.1.3.RELEASE.jar:/home/user/.m2/repository/org/springframework/spring-beans/5.1.3.RELEASE/spring-beans-5.1.3.RELEASE.jar:/home/user/.m2/repository/org/springframework/spring-core/5.1.3.RELEASE/spring-core-5.1.3.RELEASE.jar:/home/user/.m2/repository/org/springframework/spring-jcl/5.1.3.RELEASE/spring-jcl-5.1.3.RELEASE.jar:/home/user/.m2/repository/org/springframework/spring-tx/5.1.3.RELEASE/spring-tx-5.1.3.RELEASE.jar:/home/user/.m2/repository/org/apache/hadoop/hadoop-ozone-client/0.5.0-SNAPSHOT/hadoop-ozone-client-0.5.0-SNAPSHOT.jar:/home/user/.m2/repository/commons-lang/commons-lang/2.6/commons-lang-2.6.jar:/home/user/.m2/repository/org/apache/hadoop/hadoop-ozone-ozone-manager/0.5.0-SNAPSHOT/hadoop-ozone-ozone-manager-0.5.0-SNAPSHOT-tests.jar:/home/user/.m2/repository/junit/junit/4.11/junit-4.11.jar:/home/user/.m2/repository/org/hamcrest/hamcrest-core/1.3/hamcrest-core-1.3.jar:/home/user/.m2/repository/org/openjdk/jmh/jmh-core/1.19/jmh-core-1.19.jar:/home/user/.m2/repository/net/sf/jopt-simple/jopt-simple/4.6/jopt-simple-4.6.jar:/home/user/.m2/repository/org/apache/commons/commons-math3/3.1.1/commons-math3-3.1.1.jar:/home/user/.m2/repository/org/openjdk/jmh/jmh-generator-annprocess/1.19/jmh-generator-annprocess-1.19.jar:/home/user/.m2/repository/org/mockito/mockito-all/1.8.5/mockito-all-1.8.5.jar:/home/user/.m2/repository/org/apache/hadoop/hadoop-kms/3.2.0/hadoop-kms-3.2.0.jar:/home/user/.m2/repository/org/apache/hadoop/hadoop-auth/3.2.0/hadoop-auth-3.2.0.jar:/home/user/.m2/repository/com/nimbusds/nimbus-jose-jwt/4.41.1/nimbus-jose-jwt-4.41.1.jar:/home/user/.m2/repository/com/github/stephenc/jcip/jcip-annotations/1.0-1/jcip-annotations-1.0-1.jar:/home/user/.m2/repository/net/minidev/json-smart/2.3/json-smart-2.3.jar:/home/user/.m2/repository/net/minidev/accessors-smart/1.2/accessors-smart-1.2.jar:/home/user/.m2/repository/org/ow2/asm/asm/5.0.4/asm-5.0.4.jar:/home/user/.m2/repository/org/apache/curator/curator-framework/2.12.0/curator-framework-2.12.0.jar:/home/user/.m2/repository/com/sun/jersey/jersey-core/1.19/jersey-core-1.19.jar:/home/user/.m2/repository/javax/ws/rs/jsr311-api/1.1.1/jsr311-api-1.1.1.jar:/home/user/.m2/repository/com/sun/jersey/jersey-server/1.19/jersey-server-1.19.jar:/home/user/.m2/repository/javax/servlet/javax.servlet-api/3.1.0/javax.servlet-api-3.1.0.jar:/home/user/.m2/repository/org/eclipse/jetty/jetty-server/9.3.25.v20180904/jetty-server-9.3.25.v20180904.jar:/home/user/.m2/repository/org/eclipse/jetty/jetty-http/9.3.25.v20180904/jetty-http-9.3.25.v20180904.jar:/home/user/.m2/repository/org/eclipse/jetty/jetty-io/9.3.25.v20180904/jetty-io-9.3.25.v20180904.jar:/home/user/.m2/repository/org/eclipse/jetty/jetty-webapp/9.3.25.v20180904/jetty-webapp-9.3.25.v20180904.jar:/home/user/.m2/repository/org/eclipse/jetty/jetty-xml/9.3.25.v20180904/jetty-xml-9.3.25.v20180904.jar:/home/user/.m2/repository/log4j/log4j/1.2.17/log4j-1.2.17.jar:/home/user/.m2/repository/org/slf4j/slf4j-api/1.7.25/slf4j-api-1.7.25.jar:/home/user/.m2/repository/org/slf4j/jul-to-slf4j/1.7.25/jul-to-slf4j-1.7.25.jar:/home/user/.m2/repository/org/eclipse/jetty/jetty-util/9.3.25.v20180904/jetty-util-9.3.25.v20180904.jar:/home/user/.m2/repository/com/fasterxml/jackson/core/jackson-databind/2.9.9/jackson-databind-2.9.9.jar:/home/user/.m2/repository/org/apache/hadoop/hadoop-kms/3.2.0/hadoop-kms-3.2.0-tests.jar:/home/user/.m2/repository/org/apache/hadoop/hadoop-hdds-server-scm/0.5.0-SNAPSHOT/hadoop-hdds-server-scm-0.5.0-SNAPSHOT-tests.jar:/home/user/.m2/repository/org/apache/hadoop/hadoop-hdds-container-service/0.5.0-SNAPSHOT/hadoop-hdds-container-service-0.5.0-SNAPSHOT-tests.jar:/home/user/.m2/repository/org/yaml/snakeyaml/1.16/snakeyaml-1.16.jar:/home/user/.m2/repository/org/apache/hadoop/hadoop-common/3.2.0/hadoop-common-3.2.0-tests.jar:/home/user/.m2/repository/org/apache/hadoop/hadoop-annotations/3.2.0/hadoop-annotations-3.2.0.jar:/usr/lib/jvm/java-1.8-openjdk/jre/../lib/tools.jar:/home/user/.m2/repository/commons-cli/commons-cli/1.2/commons-cli-1.2.jar:/home/user/.m2/repository/org/apache/httpcomponents/httpclient/4.5.2/httpclient-4.5.2.jar:/home/user/.m2/repository/org/apache/httpcomponents/httpcore/4.4.4/httpcore-4.4.4.jar:/home/user/.m2/repository/commons-codec/commons-codec/1.11/commons-codec-1.11.jar:/home/user/.m2/repository/commons-net/commons-net/3.6/commons-net-3.6.jar:/home/user/.m2/repository/commons-collections/commons-collections/3.2.2/commons-collections-3.2.2.jar:/home/user/.m2/repository/org/eclipse/jetty/jetty-servlet/9.3.25.v20180904/jetty-servlet-9.3.25.v20180904.jar:/home/user/.m2/repository/org/eclipse/jetty/jetty-security/9.3.25.v20180904/jetty-security-9.3.25.v20180904.jar:/home/user/.m2/repository/javax/servlet/jsp/jsp-api/2.1/jsp-api-2.1.jar:/home/user/.m2/repository/com/sun/jersey/jersey-servlet/1.19/jersey-servlet-1.19.jar:/home/user/.m2/repository/com/sun/jersey/jersey-json/1.19/jersey-json-1.19.jar:/home/user/.m2/repository/org/codehaus/jettison/jettison/1.1/jettison-1.1.jar:/home/user/.m2/repository/org/codehaus/jackson/jackson-core-asl/1.9.13/jackson-core-asl-1.9.13.jar:/home/user/.m2/repository/org/codehaus/jackson/jackson-mapper-asl/1.9.13/jackson-mapper-asl-1.9.13.jar:/home/user/.m2/repository/org/codehaus/jackson/jackson-jaxrs/1.9.13/jackson-jaxrs-1.9.13.jar:/home/user/.m2/repository/org/codehaus/jackson/jackson-xc/1.9.13/jackson-xc-1.9.13.jar:/home/user/.m2/repository/commons-logging/commons-logging/1.1.3/commons-logging-1.1.3.jar:/home/user/.m2/repository/commons-beanutils/commons-beanutils/1.9.4/commons-beanutils-1.9.4.jar:/home/user/.m2/repository/org/apache/commons/commons-configuration2/2.1.1/commons-configuration2-2.1.1.jar:/home/user/.m2/repository/org/apache/commons/commons-lang3/3.7/commons-lang3-3.7.jar:/home/user/.m2/repository/org/apache/commons/commons-text/1.4/commons-text-1.4.jar:/home/user/.m2/repository/org/apache/avro/avro/1.7.7/avro-1.7.7.jar:/home/user/.m2/repository/com/thoughtworks/paranamer/paranamer/2.3/paranamer-2.3.jar:/home/user/.m2/repository/org/xerial/snappy/snappy-java/1.0.5/snappy-java-1.0.5.jar:/home/user/.m2/repository/com/google/re2j/re2j/1.1/re2j-1.1.jar:/home/user/.m2/repository/com/google/code/gson/gson/2.2.4/gson-2.2.4.jar:/home/user/.m2/repository/com/jcraft/jsch/0.1.54/jsch-0.1.54.jar:/home/user/.m2/repository/org/apache/curator/curator-client/2.12.0/curator-client-2.12.0.jar:/home/user/.m2/repository/org/apache/curator/curator-recipes/2.12.0/curator-recipes-2.12.0.jar:/home/user/.m2/repository/com/google/code/findbugs/jsr305/3.0.0/jsr305-3.0.0.jar:/home/user/.m2/repository/org/apache/htrace/htrace-core4/4.1.0-incubating/htrace-core4-4.1.0-incubating.jar:/home/user/.m2/repository/org/apache/zookeeper/zookeeper/3.4.13/zookeeper-3.4.13.jar:/home/user/.m2/repository/jline/jline/0.9.94/jline-0.9.94.jar:/home/user/.m2/repository/org/apache/yetus/audience-annotations/0.5.0/audience-annotations-0.5.0.jar:/home/user/.m2/repository/org/codehaus/woodstox/stax2-api/3.1.4/stax2-api-3.1.4.jar:/home/user/.m2/repository/com/fasterxml/woodstox/woodstox-core/5.0.3/woodstox-core-5.0.3.jar:/home/user/.m2/repository/dnsjava/dnsjava/2.1.7/dnsjava-2.1.7.jar:/home/user/.m2/repository/org/apache/hadoop/hadoop-hdfs/3.2.0/hadoop-hdfs-3.2.0-tests.jar:/home/user/.m2/repository/org/eclipse/jetty/jetty-util-ajax/9.3.25.v20180904/jetty-util-ajax-9.3.25.v20180904.jar:/home/user/.m2/repository/commons-daemon/commons-daemon/1.0.13/commons-daemon-1.0.13.jar:/home/user/.m2/repository/io/netty/netty/3.10.5.Final/netty-3.10.5.Final.jar:/home/user/.m2/repository/io/netty/netty-all/4.0.52.Final/netty-all-4.0.52.Final.jar:/home/user/.m2/repository/org/fusesource/leveldbjni/leveldbjni-all/1.8/leveldbjni-all-1.8.jar:"/>
    <property name="java.vm.vendor" value="IcedTea"/>
    <property name="sun.arch.data.model" value="64"/>
    <property name="test.build.dir" value="/workdir/hadoop-ozone/integration-test/target/test-dir"/>
    <property name="test.cache.data" value=""/>
    <property name="java.vendor.url" value="https://icedtea.classpath.org"/>
    <property name="user.timezone" value=""/>
    <property name="java.vm.specification.version" value="1.8"/>
    <property name="os.name" value="Linux"/>
    <property name="test.build.data" value="/workdir/hadoop-ozone/integration-test/target/test-dir"/>
    <property name="user.country" value="US"/>
    <property name="sun.java.launcher" value="SUN_STANDARD"/>
    <property name="sun.boot.library.path" value="/usr/lib/jvm/java-1.8-openjdk/jre/lib/amd64"/>
    <property name="sun.java.command" value="/workdir/hadoop-ozone/integration-test/target/surefire/surefirebooter6821176407039511648.jar /workdir/hadoop-ozone/integration-test/target/surefire 2019-10-08T00-38-45_914-jvmRun1 surefire3122985669768373471tmp surefire_667216223260414253330tmp"/>
    <property name="test" value="!TestMiniChaosOzoneCluster"/>
    <property name="surefire.test.class.path" value="/workdir/hadoop-ozone/integration-test/target/test-classes:/workdir/hadoop-ozone/integration-test/target/classes:/home/user/.m2/repository/org/apache/hadoop/hadoop-ozone-common/0.5.0-SNAPSHOT/hadoop-ozone-common-0.5.0-SNAPSHOT.jar:/home/user/.m2/repository/org/apache/commons/commons-compress/1.4.1/commons-compress-1.4.1.jar:/home/user/.m2/repository/org/tukaani/xz/1.0/xz-1.0.jar:/home/user/.m2/repository/org/apache/hadoop/hadoop-common/3.2.0/hadoop-common-3.2.0.jar:/home/user/.m2/repository/org/apache/hadoop/hadoop-hdfs/3.2.0/hadoop-hdfs-3.2.0.jar:/home/user/.m2/repository/org/apache/hadoop/hadoop-hdfs-client/3.2.0/hadoop-hdfs-client-3.2.0.jar:/home/user/.m2/repository/com/fasterxml/jackson/core/jackson-annotations/2.9.9/jackson-annotations-2.9.9.jar:/home/user/.m2/repository/org/apache/hadoop/hadoop-hdds-common/0.5.0-SNAPSHOT/hadoop-hdds-common-0.5.0-SNAPSHOT.jar:/home/user/.m2/repository/javax/annotation/javax.annotation-api/1.2/javax.annotation-api-1.2.jar:/home/user/.m2/repository/org/apache/ratis/ratis-server/0.5.0-201fc85-SNAPSHOT/ratis-server-0.5.0-201fc85-SNAPSHOT.jar:/home/user/.m2/repository/org/apache/ratis/ratis-thirdparty-misc/0.2.0/ratis-thirdparty-misc-0.2.0.jar:/home/user/.m2/repository/org/apache/ratis/ratis-proto/0.5.0-201fc85-SNAPSHOT/ratis-proto-0.5.0-201fc85-SNAPSHOT.jar:/home/user/.m2/repository/org/apache/ratis/ratis-common/0.5.0-201fc85-SNAPSHOT/ratis-common-0.5.0-201fc85-SNAPSHOT.jar:/home/user/.m2/repository/org/apache/ratis/ratis-client/0.5.0-201fc85-SNAPSHOT/ratis-client-0.5.0-201fc85-SNAPSHOT.jar:/home/user/.m2/repository/org/apache/ratis/ratis-metrics/0.5.0-201fc85-SNAPSHOT/ratis-metrics-0.5.0-201fc85-SNAPSHOT.jar:/home/user/.m2/repository/com/github/joshelser/dropwizard-metrics-hadoop-metrics2-reporter/0.1.2/dropwizard-metrics-hadoop-metrics2-reporter-0.1.2.jar:/home/user/.m2/repository/io/dropwizard/metrics/metrics-jvm/3.2.5/metrics-jvm-3.2.5.jar:/home/user/.m2/repository/io/dropwizard/metrics/metrics-ganglia/3.2.5/metrics-ganglia-3.2.5.jar:/home/user/.m2/repository/info/ganglia/gmetric4j/gmetric4j/1.0.7/gmetric4j-1.0.7.jar:/home/user/.m2/repository/org/apache/ratis/ratis-netty/0.5.0-201fc85-SNAPSHOT/ratis-netty-0.5.0-201fc85-SNAPSHOT.jar:/home/user/.m2/repository/org/apache/ratis/ratis-grpc/0.5.0-201fc85-SNAPSHOT/ratis-grpc-0.5.0-201fc85-SNAPSHOT.jar:/home/user/.m2/repository/org/rocksdb/rocksdbjni/6.0.1/rocksdbjni-6.0.1.jar:/home/user/.m2/repository/org/apache/logging/log4j/log4j-api/2.11.0/log4j-api-2.11.0.jar:/home/user/.m2/repository/org/apache/logging/log4j/log4j-core/2.11.0/log4j-core-2.11.0.jar:/home/user/.m2/repository/com/lmax/disruptor/3.4.2/disruptor-3.4.2.jar:/home/user/.m2/repository/org/apache/commons/commons-pool2/2.6.0/commons-pool2-2.6.0.jar:/home/user/.m2/repository/org/bouncycastle/bcpkix-jdk15on/1.60/bcpkix-jdk15on-1.60.jar:/home/user/.m2/repository/commons-validator/commons-validator/1.6/commons-validator-1.6.jar:/home/user/.m2/repository/commons-digester/commons-digester/1.8.1/commons-digester-1.8.1.jar:/home/user/.m2/repository/io/jaegertracing/jaeger-client/0.34.0/jaeger-client-0.34.0.jar:/home/user/.m2/repository/io/jaegertracing/jaeger-thrift/0.34.0/jaeger-thrift-0.34.0.jar:/home/user/.m2/repository/org/apache/thrift/libthrift/0.12.0/libthrift-0.12.0.jar:/home/user/.m2/repository/com/squareup/okhttp3/okhttp/3.9.0/okhttp-3.9.0.jar:/home/user/.m2/repository/com/squareup/okio/okio/1.13.0/okio-1.13.0.jar:/home/user/.m2/repository/io/jaegertracing/jaeger-core/0.34.0/jaeger-core-0.34.0.jar:/home/user/.m2/repository/io/jaegertracing/jaeger-tracerresolver/0.34.0/jaeger-tracerresolver-0.34.0.jar:/home/user/.m2/repository/io/opentracing/contrib/opentracing-tracerresolver/0.1.5/opentracing-tracerresolver-0.1.5.jar:/home/user/.m2/repository/io/opentracing/opentracing-util/0.31.0/opentracing-util-0.31.0.jar:/home/user/.m2/repository/io/opentracing/opentracing-api/0.31.0/opentracing-api-0.31.0.jar:/home/user/.m2/repository/io/opentracing/opentracing-noop/0.31.0/opentracing-noop-0.31.0.jar:/home/user/.m2/repository/org/apache/hadoop/hadoop-hdds-server-framework/0.5.0-SNAPSHOT/hadoop-hdds-server-framework-0.5.0-SNAPSHOT.jar:/home/user/.m2/repository/org/apache/hadoop/hadoop-hdds-container-service/0.5.0-SNAPSHOT/hadoop-hdds-container-service-0.5.0-SNAPSHOT.jar:/home/user/.m2/repository/org/apache/hadoop/hadoop-hdds-client/0.5.0-SNAPSHOT/hadoop-hdds-client-0.5.0-SNAPSHOT.jar:/home/user/.m2/repository/org/apache/hadoop/hadoop-hdds-tools/0.5.0-SNAPSHOT/hadoop-hdds-tools-0.5.0-SNAPSHOT.jar:/home/user/.m2/repository/org/apache/hadoop/hadoop-hdds-server-scm/0.5.0-SNAPSHOT/hadoop-hdds-server-scm-0.5.0-SNAPSHOT.jar:/home/user/.m2/repository/org/apache/hadoop/hadoop-hdds-docs/0.5.0-SNAPSHOT/hadoop-hdds-docs-0.5.0-SNAPSHOT.jar:/home/user/.m2/repository/io/dropwizard/metrics/metrics-core/3.2.4/metrics-core-3.2.4.jar:/home/user/.m2/repository/org/hamcrest/hamcrest-all/1.3/hamcrest-all-1.3.jar:/home/user/.m2/repository/org/bouncycastle/bcprov-jdk15on/1.60/bcprov-jdk15on-1.60.jar:/home/user/.m2/repository/info/picocli/picocli/3.9.6/picocli-3.9.6.jar:/home/user/.m2/repository/com/google/protobuf/protobuf-java/2.5.0/protobuf-java-2.5.0.jar:/home/user/.m2/repository/com/google/guava/guava/11.0.2/guava-11.0.2.jar:/home/user/.m2/repository/org/apache/hadoop/hadoop-ozone-ozone-manager/0.5.0-SNAPSHOT/hadoop-ozone-ozone-manager-0.5.0-SNAPSHOT.jar:/home/user/.m2/repository/org/apache/hadoop/hadoop-minikdc/3.2.0/hadoop-minikdc-3.2.0.jar:/home/user/.m2/repository/commons-io/commons-io/2.5/commons-io-2.5.jar:/home/user/.m2/repository/org/apache/kerby/kerb-simplekdc/1.0.1/kerb-simplekdc-1.0.1.jar:/home/user/.m2/repository/org/apache/kerby/kerb-client/1.0.1/kerb-client-1.0.1.jar:/home/user/.m2/repository/org/apache/kerby/kerby-config/1.0.1/kerby-config-1.0.1.jar:/home/user/.m2/repository/org/apache/kerby/kerb-core/1.0.1/kerb-core-1.0.1.jar:/home/user/.m2/repository/org/apache/kerby/kerby-pkix/1.0.1/kerby-pkix-1.0.1.jar:/home/user/.m2/repository/org/apache/kerby/kerby-asn1/1.0.1/kerby-asn1-1.0.1.jar:/home/user/.m2/repository/org/apache/kerby/kerby-util/1.0.1/kerby-util-1.0.1.jar:/home/user/.m2/repository/org/apache/kerby/kerb-common/1.0.1/kerb-common-1.0.1.jar:/home/user/.m2/repository/org/apache/kerby/kerb-crypto/1.0.1/kerb-crypto-1.0.1.jar:/home/user/.m2/repository/org/apache/kerby/kerb-util/1.0.1/kerb-util-1.0.1.jar:/home/user/.m2/repository/org/apache/kerby/token-provider/1.0.1/token-provider-1.0.1.jar:/home/user/.m2/repository/org/apache/kerby/kerb-admin/1.0.1/kerb-admin-1.0.1.jar:/home/user/.m2/repository/org/apache/kerby/kerb-server/1.0.1/kerb-server-1.0.1.jar:/home/user/.m2/repository/org/apache/kerby/kerb-identity/1.0.1/kerb-identity-1.0.1.jar:/home/user/.m2/repository/org/apache/kerby/kerby-xdr/1.0.1/kerby-xdr-1.0.1.jar:/home/user/.m2/repository/org/slf4j/slf4j-log4j12/1.7.25/slf4j-log4j12-1.7.25.jar:/home/user/.m2/repository/org/apache/hadoop/hadoop-ozone-s3gateway/0.5.0-SNAPSHOT/hadoop-ozone-s3gateway-0.5.0-SNAPSHOT.jar:/home/user/.m2/repository/org/jboss/weld/servlet/weld-servlet/2.4.7.Final/weld-servlet-2.4.7.Final.jar:/home/user/.m2/repository/org/glassfish/jersey/containers/jersey-container-servlet-core/2.27/jersey-container-servlet-core-2.27.jar:/home/user/.m2/repository/org/glassfish/hk2/external/javax.inject/2.5.0-b42/javax.inject-2.5.0-b42.jar:/home/user/.m2/repository/org/glassfish/jersey/core/jersey-common/2.27/jersey-common-2.27.jar:/home/user/.m2/repository/org/glassfish/hk2/osgi-resource-locator/1.0.1/osgi-resource-locator-1.0.1.jar:/home/user/.m2/repository/javax/ws/rs/javax.ws.rs-api/2.1/javax.ws.rs-api-2.1.jar:/home/user/.m2/repository/org/glassfish/jersey/ext/cdi/jersey-cdi1x/2.27/jersey-cdi1x-2.27.jar:/home/user/.m2/repository/org/glassfish/jersey/inject/jersey-hk2/2.27/jersey-hk2-2.27.jar:/home/user/.m2/repository/org/glassfish/hk2/hk2-locator/2.5.0-b42/hk2-locator-2.5.0-b42.jar:/home/user/.m2/repository/org/javassist/javassist/3.22.0-CR2/javassist-3.22.0-CR2.jar:/home/user/.m2/repository/org/glassfish/hk2/hk2-api/2.5.0/hk2-api-2.5.0.jar:/home/user/.m2/repository/org/glassfish/hk2/external/jakarta.inject/2.5.0/jakarta.inject-2.5.0.jar:/home/user/.m2/repository/org/glassfish/hk2/hk2-utils/2.5.0/hk2-utils-2.5.0.jar:/home/user/.m2/repository/jakarta/annotation/jakarta.annotation-api/1.3.4/jakarta.annotation-api-1.3.4.jar:/home/user/.m2/repository/org/glassfish/hk2/external/aopalliance-repackaged/2.5.0/aopalliance-repackaged-2.5.0.jar:/home/user/.m2/repository/com/fasterxml/jackson/dataformat/jackson-dataformat-xml/2.9.0/jackson-dataformat-xml-2.9.0.jar:/home/user/.m2/repository/com/fasterxml/jackson/core/jackson-core/2.9.9/jackson-core-2.9.9.jar:/home/user/.m2/repository/com/fasterxml/jackson/module/jackson-module-jaxb-annotations/2.9.9/jackson-module-jaxb-annotations-2.9.9.jar:/home/user/.m2/repository/javax/enterprise/cdi-api/1.2/cdi-api-1.2.jar:/home/user/.m2/repository/javax/el/javax.el-api/3.0.0/javax.el-api-3.0.0.jar:/home/user/.m2/repository/javax/interceptor/javax.interceptor-api/1.2/javax.interceptor-api-1.2.jar:/home/user/.m2/repository/javax/inject/javax.inject/1/javax.inject-1.jar:/home/user/.m2/repository/com/sun/xml/bind/jaxb-impl/2.3.0.1/jaxb-impl-2.3.0.1.jar:/home/user/.m2/repository/com/sun/xml/bind/jaxb-core/2.3.0.1/jaxb-core-2.3.0.1.jar:/home/user/.m2/repository/javax/xml/bind/jaxb-api/2.3.0/jaxb-api-2.3.0.jar:/home/user/.m2/repository/javax/activation/activation/1.1.1/activation-1.1.1.jar:/home/user/.m2/repository/org/apache/hadoop/hadoop-ozone-csi/0.5.0-SNAPSHOT/hadoop-ozone-csi-0.5.0-SNAPSHOT.jar:/home/user/.m2/repository/com/google/protobuf/protobuf-java-util/3.5.1/protobuf-java-util-3.5.1.jar:/home/user/.m2/repository/org/apache/hadoop/hadoop-hdds-config/0.5.0-SNAPSHOT/hadoop-hdds-config-0.5.0-SNAPSHOT.jar:/home/user/.m2/repository/io/grpc/grpc-netty/1.17.1/grpc-netty-1.17.1.jar:/home/user/.m2/repository/io/grpc/grpc-core/1.17.1/grpc-core-1.17.1.jar:/home/user/.m2/repository/io/grpc/grpc-context/1.17.1/grpc-context-1.17.1.jar:/home/user/.m2/repository/com/google/errorprone/error_prone_annotations/2.2.0/error_prone_annotations-2.2.0.jar:/home/user/.m2/repository/org/codehaus/mojo/animal-sniffer-annotations/1.17/animal-sniffer-annotations-1.17.jar:/home/user/.m2/repository/io/opencensus/opencensus-api/0.17.0/opencensus-api-0.17.0.jar:/home/user/.m2/repository/io/opencensus/opencensus-contrib-grpc-metrics/0.17.0/opencensus-contrib-grpc-metrics-0.17.0.jar:/home/user/.m2/repository/io/netty/netty-codec-http2/4.1.30.Final/netty-codec-http2-4.1.30.Final.jar:/home/user/.m2/repository/io/netty/netty-codec-http/4.1.30.Final/netty-codec-http-4.1.30.Final.jar:/home/user/.m2/repository/io/netty/netty-codec/4.1.30.Final/netty-codec-4.1.30.Final.jar:/home/user/.m2/repository/io/netty/netty-handler/4.1.30.Final/netty-handler-4.1.30.Final.jar:/home/user/.m2/repository/io/netty/netty-handler-proxy/4.1.30.Final/netty-handler-proxy-4.1.30.Final.jar:/home/user/.m2/repository/io/netty/netty-codec-socks/4.1.30.Final/netty-codec-socks-4.1.30.Final.jar:/home/user/.m2/repository/io/netty/netty-transport-native-epoll/4.1.30.Final/netty-transport-native-epoll-4.1.30.Final.jar:/home/user/.m2/repository/io/netty/netty-common/4.1.30.Final/netty-common-4.1.30.Final.jar:/home/user/.m2/repository/io/netty/netty-buffer/4.1.30.Final/netty-buffer-4.1.30.Final.jar:/home/user/.m2/repository/io/netty/netty-transport/4.1.30.Final/netty-transport-4.1.30.Final.jar:/home/user/.m2/repository/io/netty/netty-resolver/4.1.30.Final/netty-resolver-4.1.30.Final.jar:/home/user/.m2/repository/io/netty/netty-transport-native-unix-common/4.1.30.Final/netty-transport-native-unix-common-4.1.30.Final.jar:/home/user/.m2/repository/io/grpc/grpc-protobuf/1.17.1/grpc-protobuf-1.17.1.jar:/home/user/.m2/repository/com/google/api/grpc/proto-google-common-protos/1.0.0/proto-google-common-protos-1.0.0.jar:/home/user/.m2/repository/io/grpc/grpc-protobuf-lite/1.17.1/grpc-protobuf-lite-1.17.1.jar:/home/user/.m2/repository/io/grpc/grpc-stub/1.17.1/grpc-stub-1.17.1.jar:/home/user/.m2/repository/org/apache/hadoop/hadoop-ozone-recon/0.5.0-SNAPSHOT/hadoop-ozone-recon-0.5.0-SNAPSHOT.jar:/home/user/.m2/repository/org/apache/hadoop/hadoop-ozone-reconcodegen/0.5.0-SNAPSHOT/hadoop-ozone-reconcodegen-0.5.0-SNAPSHOT.jar:/home/user/.m2/repository/com/google/inject/extensions/guice-multibindings/4.0/guice-multibindings-4.0.jar:/home/user/.m2/repository/com/google/inject/guice/4.0/guice-4.0.jar:/home/user/.m2/repository/aopalliance/aopalliance/1.0/aopalliance-1.0.jar:/home/user/.m2/repository/com/google/inject/extensions/guice-servlet/4.0/guice-servlet-4.0.jar:/home/user/.m2/repository/org/glassfish/jersey/containers/jersey-container-servlet/2.27/jersey-container-servlet-2.27.jar:/home/user/.m2/repository/org/glassfish/hk2/guice-bridge/2.5.0/guice-bridge-2.5.0.jar:/home/user/.m2/repository/org/glassfish/jersey/core/jersey-server/2.27/jersey-server-2.27.jar:/home/user/.m2/repository/org/glassfish/jersey/core/jersey-client/2.27/jersey-client-2.27.jar:/home/user/.m2/repository/org/glassfish/jersey/media/jersey-media-jaxb/2.27/jersey-media-jaxb-2.27.jar:/home/user/.m2/repository/javax/validation/validation-api/1.1.0.Final/validation-api-1.1.0.Final.jar:/home/user/.m2/repository/org/glassfish/jersey/media/jersey-media-json-jackson/2.27/jersey-media-json-jackson-2.27.jar:/home/user/.m2/repository/org/glassfish/jersey/ext/jersey-entity-filtering/2.27/jersey-entity-filtering-2.27.jar:/home/user/.m2/repository/com/google/inject/extensions/guice-assistedinject/4.0/guice-assistedinject-4.0.jar:/home/user/.m2/repository/org/jooq/jooq/3.11.10/jooq-3.11.10.jar:/home/user/.m2/repository/org/jooq/jooq-meta/3.11.10/jooq-meta-3.11.10.jar:/home/user/.m2/repository/org/jooq/jooq-codegen/3.11.10/jooq-codegen-3.11.10.jar:/home/user/.m2/repository/com/jolbox/bonecp/0.8.0.RELEASE/bonecp-0.8.0.RELEASE.jar:/home/user/.m2/repository/org/xerial/sqlite-jdbc/3.25.2/sqlite-jdbc-3.25.2.jar:/home/user/.m2/repository/org/springframework/spring-jdbc/5.1.3.RELEASE/spring-jdbc-5.1.3.RELEASE.jar:/home/user/.m2/repository/org/springframework/spring-beans/5.1.3.RELEASE/spring-beans-5.1.3.RELEASE.jar:/home/user/.m2/repository/org/springframework/spring-core/5.1.3.RELEASE/spring-core-5.1.3.RELEASE.jar:/home/user/.m2/repository/org/springframework/spring-jcl/5.1.3.RELEASE/spring-jcl-5.1.3.RELEASE.jar:/home/user/.m2/repository/org/springframework/spring-tx/5.1.3.RELEASE/spring-tx-5.1.3.RELEASE.jar:/home/user/.m2/repository/org/apache/hadoop/hadoop-ozone-client/0.5.0-SNAPSHOT/hadoop-ozone-client-0.5.0-SNAPSHOT.jar:/home/user/.m2/repository/commons-lang/commons-lang/2.6/commons-lang-2.6.jar:/home/user/.m2/repository/org/apache/hadoop/hadoop-ozone-ozone-manager/0.5.0-SNAPSHOT/hadoop-ozone-ozone-manager-0.5.0-SNAPSHOT-tests.jar:/home/user/.m2/repository/junit/junit/4.11/junit-4.11.jar:/home/user/.m2/repository/org/hamcrest/hamcrest-core/1.3/hamcrest-core-1.3.jar:/home/user/.m2/repository/org/openjdk/jmh/jmh-core/1.19/jmh-core-1.19.jar:/home/user/.m2/repository/net/sf/jopt-simple/jopt-simple/4.6/jopt-simple-4.6.jar:/home/user/.m2/repository/org/apache/commons/commons-math3/3.1.1/commons-math3-3.1.1.jar:/home/user/.m2/repository/org/openjdk/jmh/jmh-generator-annprocess/1.19/jmh-generator-annprocess-1.19.jar:/home/user/.m2/repository/org/mockito/mockito-all/1.8.5/mockito-all-1.8.5.jar:/home/user/.m2/repository/org/apache/hadoop/hadoop-kms/3.2.0/hadoop-kms-3.2.0.jar:/home/user/.m2/repository/org/apache/hadoop/hadoop-auth/3.2.0/hadoop-auth-3.2.0.jar:/home/user/.m2/repository/com/nimbusds/nimbus-jose-jwt/4.41.1/nimbus-jose-jwt-4.41.1.jar:/home/user/.m2/repository/com/github/stephenc/jcip/jcip-annotations/1.0-1/jcip-annotations-1.0-1.jar:/home/user/.m2/repository/net/minidev/json-smart/2.3/json-smart-2.3.jar:/home/user/.m2/repository/net/minidev/accessors-smart/1.2/accessors-smart-1.2.jar:/home/user/.m2/repository/org/ow2/asm/asm/5.0.4/asm-5.0.4.jar:/home/user/.m2/repository/org/apache/curator/curator-framework/2.12.0/curator-framework-2.12.0.jar:/home/user/.m2/repository/com/sun/jersey/jersey-core/1.19/jersey-core-1.19.jar:/home/user/.m2/repository/javax/ws/rs/jsr311-api/1.1.1/jsr311-api-1.1.1.jar:/home/user/.m2/repository/com/sun/jersey/jersey-server/1.19/jersey-server-1.19.jar:/home/user/.m2/repository/javax/servlet/javax.servlet-api/3.1.0/javax.servlet-api-3.1.0.jar:/home/user/.m2/repository/org/eclipse/jetty/jetty-server/9.3.25.v20180904/jetty-server-9.3.25.v20180904.jar:/home/user/.m2/repository/org/eclipse/jetty/jetty-http/9.3.25.v20180904/jetty-http-9.3.25.v20180904.jar:/home/user/.m2/repository/org/eclipse/jetty/jetty-io/9.3.25.v20180904/jetty-io-9.3.25.v20180904.jar:/home/user/.m2/repository/org/eclipse/jetty/jetty-webapp/9.3.25.v20180904/jetty-webapp-9.3.25.v20180904.jar:/home/user/.m2/repository/org/eclipse/jetty/jetty-xml/9.3.25.v20180904/jetty-xml-9.3.25.v20180904.jar:/home/user/.m2/repository/log4j/log4j/1.2.17/log4j-1.2.17.jar:/home/user/.m2/repository/org/slf4j/slf4j-api/1.7.25/slf4j-api-1.7.25.jar:/home/user/.m2/repository/org/slf4j/jul-to-slf4j/1.7.25/jul-to-slf4j-1.7.25.jar:/home/user/.m2/repository/org/eclipse/jetty/jetty-util/9.3.25.v20180904/jetty-util-9.3.25.v20180904.jar:/home/user/.m2/repository/com/fasterxml/jackson/core/jackson-databind/2.9.9/jackson-databind-2.9.9.jar:/home/user/.m2/repository/org/apache/hadoop/hadoop-kms/3.2.0/hadoop-kms-3.2.0-tests.jar:/home/user/.m2/repository/org/apache/hadoop/hadoop-hdds-server-scm/0.5.0-SNAPSHOT/hadoop-hdds-server-scm-0.5.0-SNAPSHOT-tests.jar:/home/user/.m2/repository/org/apache/hadoop/hadoop-hdds-container-service/0.5.0-SNAPSHOT/hadoop-hdds-container-service-0.5.0-SNAPSHOT-tests.jar:/home/user/.m2/repository/org/yaml/snakeyaml/1.16/snakeyaml-1.16.jar:/home/user/.m2/repository/org/apache/hadoop/hadoop-common/3.2.0/hadoop-common-3.2.0-tests.jar:/home/user/.m2/repository/org/apache/hadoop/hadoop-annotations/3.2.0/hadoop-annotations-3.2.0.jar:/usr/lib/jvm/java-1.8-openjdk/jre/../lib/tools.jar:/home/user/.m2/repository/commons-cli/commons-cli/1.2/commons-cli-1.2.jar:/home/user/.m2/repository/org/apache/httpcomponents/httpclient/4.5.2/httpclient-4.5.2.jar:/home/user/.m2/repository/org/apache/httpcomponents/httpcore/4.4.4/httpcore-4.4.4.jar:/home/user/.m2/repository/commons-codec/commons-codec/1.11/commons-codec-1.11.jar:/home/user/.m2/repository/commons-net/commons-net/3.6/commons-net-3.6.jar:/home/user/.m2/repository/commons-collections/commons-collections/3.2.2/commons-collections-3.2.2.jar:/home/user/.m2/repository/org/eclipse/jetty/jetty-servlet/9.3.25.v20180904/jetty-servlet-9.3.25.v20180904.jar:/home/user/.m2/repository/org/eclipse/jetty/jetty-security/9.3.25.v20180904/jetty-security-9.3.25.v20180904.jar:/home/user/.m2/repository/javax/servlet/jsp/jsp-api/2.1/jsp-api-2.1.jar:/home/user/.m2/repository/com/sun/jersey/jersey-servlet/1.19/jersey-servlet-1.19.jar:/home/user/.m2/repository/com/sun/jersey/jersey-json/1.19/jersey-json-1.19.jar:/home/user/.m2/repository/org/codehaus/jettison/jettison/1.1/jettison-1.1.jar:/home/user/.m2/repository/org/codehaus/jackson/jackson-core-asl/1.9.13/jackson-core-asl-1.9.13.jar:/home/user/.m2/repository/org/codehaus/jackson/jackson-mapper-asl/1.9.13/jackson-mapper-asl-1.9.13.jar:/home/user/.m2/repository/org/codehaus/jackson/jackson-jaxrs/1.9.13/jackson-jaxrs-1.9.13.jar:/home/user/.m2/repository/org/codehaus/jackson/jackson-xc/1.9.13/jackson-xc-1.9.13.jar:/home/user/.m2/repository/commons-logging/commons-logging/1.1.3/commons-logging-1.1.3.jar:/home/user/.m2/repository/commons-beanutils/commons-beanutils/1.9.4/commons-beanutils-1.9.4.jar:/home/user/.m2/repository/org/apache/commons/commons-configuration2/2.1.1/commons-configuration2-2.1.1.jar:/home/user/.m2/repository/org/apache/commons/commons-lang3/3.7/commons-lang3-3.7.jar:/home/user/.m2/repository/org/apache/commons/commons-text/1.4/commons-text-1.4.jar:/home/user/.m2/repository/org/apache/avro/avro/1.7.7/avro-1.7.7.jar:/home/user/.m2/repository/com/thoughtworks/paranamer/paranamer/2.3/paranamer-2.3.jar:/home/user/.m2/repository/org/xerial/snappy/snappy-java/1.0.5/snappy-java-1.0.5.jar:/home/user/.m2/repository/com/google/re2j/re2j/1.1/re2j-1.1.jar:/home/user/.m2/repository/com/google/code/gson/gson/2.2.4/gson-2.2.4.jar:/home/user/.m2/repository/com/jcraft/jsch/0.1.54/jsch-0.1.54.jar:/home/user/.m2/repository/org/apache/curator/curator-client/2.12.0/curator-client-2.12.0.jar:/home/user/.m2/repository/org/apache/curator/curator-recipes/2.12.0/curator-recipes-2.12.0.jar:/home/user/.m2/repository/com/google/code/findbugs/jsr305/3.0.0/jsr305-3.0.0.jar:/home/user/.m2/repository/org/apache/htrace/htrace-core4/4.1.0-incubating/htrace-core4-4.1.0-incubating.jar:/home/user/.m2/repository/org/apache/zookeeper/zookeeper/3.4.13/zookeeper-3.4.13.jar:/home/user/.m2/repository/jline/jline/0.9.94/jline-0.9.94.jar:/home/user/.m2/repository/org/apache/yetus/audience-annotations/0.5.0/audience-annotations-0.5.0.jar:/home/user/.m2/repository/org/codehaus/woodstox/stax2-api/3.1.4/stax2-api-3.1.4.jar:/home/user/.m2/repository/com/fasterxml/woodstox/woodstox-core/5.0.3/woodstox-core-5.0.3.jar:/home/user/.m2/repository/dnsjava/dnsjava/2.1.7/dnsjava-2.1.7.jar:/home/user/.m2/repository/org/apache/hadoop/hadoop-hdfs/3.2.0/hadoop-hdfs-3.2.0-tests.jar:/home/user/.m2/repository/org/eclipse/jetty/jetty-util-ajax/9.3.25.v20180904/jetty-util-ajax-9.3.25.v20180904.jar:/home/user/.m2/repository/commons-daemon/commons-daemon/1.0.13/commons-daemon-1.0.13.jar:/home/user/.m2/repository/io/netty/netty/3.10.5.Final/netty-3.10.5.Final.jar:/home/user/.m2/repository/io/netty/netty-all/4.0.52.Final/netty-all-4.0.52.Final.jar:/home/user/.m2/repository/org/fusesource/leveldbjni/leveldbjni-all/1.8/leveldbjni-all-1.8.jar:"/>
    <property name="sun.cpu.endian" value="little"/>
    <property name="user.home" value="/home/user"/>
    <property name="user.language" value="en"/>
    <property name="java.specification.vendor" value="Oracle Corporation"/>
    <property name="java.home" value="/usr/lib/jvm/java-1.8-openjdk/jre"/>
    <property name="java.security.krb5.conf" value="/workdir/hadoop-ozone/integration-test/target/test-classes/krb5.conf"/>
    <property name="basedir" value="/workdir/hadoop-ozone/integration-test"/>
    <property name="file.separator" value="/"/>
    <property name="line.separator" value="&#10;"/>
    <property name="java.vm.specification.vendor" value="Oracle Corporation"/>
    <property name="java.specification.name" value="Java Platform API Specification"/>
    <property name="java.awt.graphicsenv" value="sun.awt.X11GraphicsEnvironment"/>
    <property name="surefire.real.class.path" value="/workdir/hadoop-ozone/integration-test/target/surefire/surefirebooter6821176407039511648.jar"/>
    <property name="hadoop.log.dir" value="/workdir/hadoop-ozone/integration-test/target/log"/>
    <property name="sun.boot.class.path" value="/usr/lib/jvm/java-1.8-openjdk/jre/lib/resources.jar:/usr/lib/jvm/java-1.8-openjdk/jre/lib/rt.jar:/usr/lib/jvm/java-1.8-openjdk/jre/lib/sunrsasign.jar:/usr/lib/jvm/java-1.8-openjdk/jre/lib/jsse.jar:/usr/lib/jvm/java-1.8-openjdk/jre/lib/jce.jar:/usr/lib/jvm/java-1.8-openjdk/jre/lib/charsets.jar:/usr/lib/jvm/java-1.8-openjdk/jre/lib/jfr.jar:/usr/lib/jvm/java-1.8-openjdk/jre/classes"/>
    <property name="sun.management.compiler" value="HotSpot 64-Bit Tiered Compilers"/>
    <property name="java.runtime.version" value="1.8.0_212-b04"/>
    <property name="java.net.preferIPv4Stack" value="true"/>
    <property name="user.name" value="jenkins1000"/>
    <property name="path.separator" value=":"/>
    <property name="java.security.egd" value="file:///dev/urandom"/>
    <property name="os.version" value="3.10.0-957.12.2.el7.x86_64"/>
    <property name="java.endorsed.dirs" value="/usr/lib/jvm/java-1.8-openjdk/jre/lib/endorsed"/>
    <property name="java.runtime.name" value="OpenJDK Runtime Environment"/>
    <property name="file.encoding" value="UTF-8"/>
    <property name="java.vm.name" value="OpenJDK 64-Bit Server VM"/>
    <property name="test.build.webapps" value=""/>
    <property name="localRepository" value="/home/user/.m2/repository"/>
    <property name="java.vendor.url.bug" value="https://icedtea.classpath.org/bugzilla"/>
    <property name="java.io.tmpdir" value="/tmp"/>
    <property name="require.test.libhadoop" value=""/>
    <property name="java.version" value="1.8.0_212"/>
    <property name="user.dir" value="/workdir/hadoop-ozone/integration-test"/>
    <property name="os.arch" value="amd64"/>
    <property name="java.vm.specification.name" value="Java Virtual Machine Specification"/>
    <property name="test.build.classes" value="/workdir/hadoop-ozone/integration-test/target/test-classes"/>
    <property name="java.awt.printerjob" value="sun.print.PSPrinterJob"/>
    <property name="sun.os.patch.level" value="unknown"/>
    <property name="hadoop.tmp.dir" value="/workdir/hadoop-ozone/integration-test/target/tmp"/>
    <property name="java.library.path" value="/usr/lib/jvm/java-1.8-openjdk/jre/lib/amd64/server:/usr/lib/jvm/java-1.8-openjdk/jre/lib/amd64:/usr/lib/jvm/java-1.8-openjdk/jre/../lib/amd64:/workdir/hadoop-ozone/integration-test/target/native/target/usr/local/lib:/workdir/hadoop-ozone/integration-test/../../hadoop-common-project/hadoop-common/target/native/target/usr/local/lib:/usr/java/packages/lib/amd64:/usr/lib64:/lib64:/lib:/usr/lib"/>
    <property name="java.vm.info" value="mixed mode"/>
    <property name="java.vendor" value="IcedTea"/>
    <property name="java.vm.version" value="25.212-b04"/>
    <property name="java.ext.dirs" value="/usr/lib/jvm/java-1.8-openjdk/jre/lib/ext:/usr/java/packages/lib/ext"/>
    <property name="sun.io.unicode.encoding" value="UnicodeLittle"/>
    <property name="java.class.version" value="52.0"/>
  </properties>
  <testcase name="test2DatanodesFailure" classname="org.apache.hadoop.ozone.client.rpc.TestBlockOutputStreamWithFailures" time="105.271"/>
  <testcase name="testDatanodeFailureWithPreAllocation" classname="org.apache.hadoop.ozone.client.rpc.TestBlockOutputStreamWithFailures" time="223.172"/>
  <testcase name="testDatanodeFailureWithSingleNodeRatis" classname="org.apache.hadoop.ozone.client.rpc.TestBlockOutputStreamWithFailures" time="223.285"/>
  <testcase name="testWatchForCommitWithSingleNodeRatis" classname="org.apache.hadoop.ozone.client.rpc.TestBlockOutputStreamWithFailures" time="36.599"/>
  <testcase name="testWatchForCommitDatanodeFailure" classname="org.apache.hadoop.ozone.client.rpc.TestBlockOutputStreamWithFailures" time="42.89">
    <failure message="expected:&lt;2&gt; but was:&lt;3&gt;" type="java.lang.AssertionError"><![CDATA[java.lang.AssertionError: expected:<2> but was:<3>
	at org.junit.Assert.fail(Assert.java:88)
	at org.junit.Assert.failNotEquals(Assert.java:743)
	at org.junit.Assert.assertEquals(Assert.java:118)
	at org.junit.Assert.assertEquals(Assert.java:555)
	at org.junit.Assert.assertEquals(Assert.java:542)
	at org.apache.hadoop.ozone.client.rpc.TestBlockOutputStreamWithFailures.testWatchForCommitDatanodeFailure(TestBlockOutputStreamWithFailures.java:366)
	at sun.reflect.NativeMethodAccessorImpl.invoke0(Native Method)
	at sun.reflect.NativeMethodAccessorImpl.invoke(NativeMethodAccessorImpl.java:62)
	at sun.reflect.DelegatingMethodAccessorImpl.invoke(DelegatingMethodAccessorImpl.java:43)
	at java.lang.reflect.Method.invoke(Method.java:498)
	at org.junit.runners.model.FrameworkMethod$1.runReflectiveCall(FrameworkMethod.java:47)
	at org.junit.internal.runners.model.ReflectiveCallable.run(ReflectiveCallable.java:12)
	at org.junit.runners.model.FrameworkMethod.invokeExplosively(FrameworkMethod.java:44)
	at org.junit.internal.runners.statements.InvokeMethod.evaluate(InvokeMethod.java:17)
	at org.junit.internal.runners.statements.RunBefores.evaluate(RunBefores.java:26)
	at org.junit.internal.runners.statements.RunAfters.evaluate(RunAfters.java:27)
	at org.junit.runners.ParentRunner.runLeaf(ParentRunner.java:271)
	at org.junit.runners.BlockJUnit4ClassRunner.runChild(BlockJUnit4ClassRunner.java:70)
	at org.junit.runners.BlockJUnit4ClassRunner.runChild(BlockJUnit4ClassRunner.java:50)
	at org.junit.runners.ParentRunner$3.run(ParentRunner.java:238)
	at org.junit.runners.ParentRunner$1.schedule(ParentRunner.java:63)
	at org.junit.runners.ParentRunner.runChildren(ParentRunner.java:236)
	at org.junit.runners.ParentRunner.access$000(ParentRunner.java:53)
	at org.junit.runners.ParentRunner$2.evaluate(ParentRunner.java:229)
	at org.junit.runners.ParentRunner.run(ParentRunner.java:309)
	at org.apache.maven.surefire.junit4.JUnit4Provider.execute(JUnit4Provider.java:365)
	at org.apache.maven.surefire.junit4.JUnit4Provider.executeWithRerun(JUnit4Provider.java:273)
	at org.apache.maven.surefire.junit4.JUnit4Provider.executeTestSet(JUnit4Provider.java:238)
	at org.apache.maven.surefire.junit4.JUnit4Provider.invoke(JUnit4Provider.java:159)
	at org.apache.maven.surefire.booter.ForkedBooter.invokeProviderInSameClassLoader(ForkedBooter.java:384)
	at org.apache.maven.surefire.booter.ForkedBooter.runSuitesInProcess(ForkedBooter.java:345)
	at org.apache.maven.surefire.booter.ForkedBooter.execute(ForkedBooter.java:126)
	at org.apache.maven.surefire.booter.ForkedBooter.main(ForkedBooter.java:418)
]]></failure>
    <system-out><![CDATA[2019-10-08 01:49:06,353 [main] WARN  server.ServerUtils (ServerUtils.java:getScmDbDir(145)) - ozone.scm.db.dirs is not configured. We recommend adding this setting. Falling back to ozone.metadata.dirs instead.
2019-10-08 01:49:06,368 [main] WARN  server.ServerUtils (ServerUtils.java:getScmDbDir(145)) - ozone.scm.db.dirs is not configured. We recommend adding this setting. Falling back to ozone.metadata.dirs instead.
2019-10-08 01:49:06,368 [main] WARN  server.ServerUtils (ServerUtils.java:getScmDbDir(145)) - ozone.scm.db.dirs is not configured. We recommend adding this setting. Falling back to ozone.metadata.dirs instead.
2019-10-08 01:49:06,369 [main] INFO  db.DBStoreBuilder (DBStoreBuilder.java:addTable(117)) - using custom profile for table: deletedBlocks
2019-10-08 01:49:06,369 [main] INFO  db.DBStoreBuilder (DBStoreBuilder.java:processTables(168)) - Using default column profile:DBProfile.DISK for Table:deletedBlocks
2019-10-08 01:49:06,370 [main] INFO  db.DBStoreBuilder (DBStoreBuilder.java:addTable(117)) - using custom profile for table: validCerts
2019-10-08 01:49:06,370 [main] INFO  db.DBStoreBuilder (DBStoreBuilder.java:processTables(168)) - Using default column profile:DBProfile.DISK for Table:validCerts
2019-10-08 01:49:06,370 [main] INFO  db.DBStoreBuilder (DBStoreBuilder.java:addTable(117)) - using custom profile for table: revokedCerts
2019-10-08 01:49:06,370 [main] INFO  db.DBStoreBuilder (DBStoreBuilder.java:processTables(168)) - Using default column profile:DBProfile.DISK for Table:revokedCerts
2019-10-08 01:49:06,371 [main] INFO  db.DBStoreBuilder (DBStoreBuilder.java:addTable(117)) - using custom profile for table: default
2019-10-08 01:49:06,371 [main] INFO  db.DBStoreBuilder (DBStoreBuilder.java:processTables(174)) - Using default column profile:DBProfile.DISK for Table:default
2019-10-08 01:49:06,371 [main] INFO  db.DBStoreBuilder (DBStoreBuilder.java:getDbProfile(205)) - Using default options. DBProfile.DISK
2019-10-08 01:49:06,598 [main] INFO  net.NodeSchemaLoader (NodeSchemaLoader.java:loadSchemaFromFile(125)) - Loading file from sun.misc.CompoundEnumeration@3e6ec74
2019-10-08 01:49:06,599 [main] INFO  net.NodeSchemaLoader (NodeSchemaLoader.java:loadSchema(171)) - Loading network topology layer schema file
2019-10-08 01:49:06,605 [main] INFO  node.SCMNodeManager (SCMNodeManager.java:<init>(116)) - Entering startup safe mode.
2019-10-08 01:49:06,606 [main] INFO  algorithms.ContainerPlacementPolicyFactory (ContainerPlacementPolicyFactory.java:getPolicy(57)) - Create container placement policy of type org.apache.hadoop.hdds.scm.container.placement.algorithms.SCMContainerPlacementRandom
2019-10-08 01:49:06,606 [main] WARN  server.ServerUtils (ServerUtils.java:getScmDbDir(145)) - ozone.scm.db.dirs is not configured. We recommend adding this setting. Falling back to ozone.metadata.dirs instead.
2019-10-08 01:49:06,720 [main] INFO  pipeline.SCMPipelineManager (SCMPipelineManager.java:initializePipelineState(132)) - No pipeline exists in current db
2019-10-08 01:49:06,720 [main] WARN  server.ServerUtils (ServerUtils.java:getScmDbDir(145)) - ozone.scm.db.dirs is not configured. We recommend adding this setting. Falling back to ozone.metadata.dirs instead.
2019-10-08 01:49:06,804 [main] WARN  events.EventQueue (EventQueue.java:fireEvent(183)) - No event handler registered for event TypedEvent{payloadType=SafeModeStatus, name='SafeModeStatus'}
2019-10-08 01:49:06,806 [main] INFO  ipc.CallQueueManager (CallQueueManager.java:<init>(84)) - Using callQueue: class java.util.concurrent.LinkedBlockingQueue, queueCapacity: 2000, scheduler: class org.apache.hadoop.ipc.DefaultRpcScheduler, ipcBackoff: false.
2019-10-08 01:49:06,807 [Socket Reader #1 for port 36383] INFO  ipc.Server (Server.java:run(1074)) - Starting Socket Reader #1 for port 36383
2019-10-08 01:49:06,810 [main] INFO  ipc.CallQueueManager (CallQueueManager.java:<init>(84)) - Using callQueue: class java.util.concurrent.LinkedBlockingQueue, queueCapacity: 2000, scheduler: class org.apache.hadoop.ipc.DefaultRpcScheduler, ipcBackoff: false.
2019-10-08 01:49:06,810 [Socket Reader #1 for port 45430] INFO  ipc.Server (Server.java:run(1074)) - Starting Socket Reader #1 for port 45430
2019-10-08 01:49:06,812 [main] INFO  ipc.CallQueueManager (CallQueueManager.java:<init>(84)) - Using callQueue: class java.util.concurrent.LinkedBlockingQueue, queueCapacity: 2000, scheduler: class org.apache.hadoop.ipc.DefaultRpcScheduler, ipcBackoff: false.
2019-10-08 01:49:06,813 [Socket Reader #1 for port 43411] INFO  ipc.Server (Server.java:run(1074)) - Starting Socket Reader #1 for port 43411
2019-10-08 01:49:06,817 [main] INFO  hdfs.DFSUtil (DFSUtil.java:httpServerTemplateForNNAndJN(1641)) - Starting Web-server for scm at: http://0.0.0.0:0
2019-10-08 01:49:06,820 [main] INFO  server.AuthenticationFilter (AuthenticationFilter.java:constructSecretProvider(240)) - Unable to initialize FileSignerSecretProvider, falling back to use random secrets.
2019-10-08 01:49:06,820 [main] WARN  http.HttpRequestLog (HttpRequestLog.java:getRequestLog(97)) - Jetty request log can only be enabled using Log4j
2019-10-08 01:49:06,823 [main] INFO  http.HttpServer2 (HttpServer2.java:addGlobalFilter(975)) - Added global filter 'safety' (class=org.apache.hadoop.http.HttpServer2$QuotingInputFilter)
2019-10-08 01:49:06,824 [main] INFO  http.HttpServer2 (HttpServer2.java:addFilter(948)) - Added filter static_user_filter (class=org.apache.hadoop.http.lib.StaticUserWebFilter$StaticUserFilter) to context scm
2019-10-08 01:49:06,824 [main] INFO  http.HttpServer2 (HttpServer2.java:addFilter(958)) - Added filter static_user_filter (class=org.apache.hadoop.http.lib.StaticUserWebFilter$StaticUserFilter) to context static
2019-10-08 01:49:06,824 [main] INFO  http.HttpServer2 (HttpServer2.java:addFilter(958)) - Added filter static_user_filter (class=org.apache.hadoop.http.lib.StaticUserWebFilter$StaticUserFilter) to context logs
2019-10-08 01:49:06,827 [main] INFO  server.StorageContainerManager (StorageContainerManager.java:start(770)) - StorageContainerLocationProtocol RPC server is listening at /0.0.0.0:43411
2019-10-08 01:49:06,829 [main] WARN  impl.MetricsConfig (MetricsConfig.java:loadFirst(134)) - Cannot locate configuration: tried hadoop-metrics2-storagecontainermanager.properties,hadoop-metrics2.properties
2019-10-08 01:49:06,830 [main] INFO  impl.MetricsSystemImpl (MetricsSystemImpl.java:startTimer(374)) - Scheduled Metric snapshot period at 10 second(s).
2019-10-08 01:49:06,831 [main] INFO  impl.MetricsSystemImpl (MetricsSystemImpl.java:start(191)) - StorageContainerManager metrics system started
2019-10-08 01:49:06,952 [main] WARN  impl.MetricsSystemImpl (MetricsSystemImpl.java:register(276)) - Sink prometheus already exists!
2019-10-08 01:49:07,012 [main] INFO  server.SCMClientProtocolServer (SCMClientProtocolServer.java:start(159)) - RPC server for Client  is listening at /0.0.0.0:43411
2019-10-08 01:49:07,012 [IPC Server Responder] INFO  ipc.Server (Server.java:run(1314)) - IPC Server Responder: starting
2019-10-08 01:49:07,012 [IPC Server listener on 43411] INFO  ipc.Server (Server.java:run(1153)) - IPC Server listener on 43411: starting
2019-10-08 01:49:07,017 [main] INFO  server.StorageContainerManager (StorageContainerManager.java:start(780)) - ScmBlockLocationProtocol RPC server is listening at /0.0.0.0:45430
2019-10-08 01:49:07,017 [main] INFO  server.SCMBlockProtocolServer (SCMBlockProtocolServer.java:start(146)) - RPC server for Block Protocol is listening at /0.0.0.0:45430
2019-10-08 01:49:07,017 [IPC Server Responder] INFO  ipc.Server (Server.java:run(1314)) - IPC Server Responder: starting
2019-10-08 01:49:07,017 [IPC Server listener on 45430] INFO  ipc.Server (Server.java:run(1153)) - IPC Server listener on 45430: starting
2019-10-08 01:49:07,022 [main] INFO  server.StorageContainerManager (StorageContainerManager.java:start(784)) - ScmDatanodeProtocl RPC server is listening at /0.0.0.0:36383
2019-10-08 01:49:07,022 [main] INFO  server.SCMDatanodeProtocolServer (SCMDatanodeProtocolServer.java:start(169)) - RPC server for DataNodes is listening at /0.0.0.0:36383
2019-10-08 01:49:07,023 [IPC Server Responder] INFO  ipc.Server (Server.java:run(1314)) - IPC Server Responder: starting
2019-10-08 01:49:07,024 [IPC Server listener on 36383] INFO  ipc.Server (Server.java:run(1153)) - IPC Server listener on 36383: starting
2019-10-08 01:49:07,027 [main] INFO  http.HttpServer2 (HttpServer2.java:bindListener(1191)) - Jetty bound to port 38182
2019-10-08 01:49:07,027 [main] INFO  server.Server (Server.java:doStart(351)) - jetty-9.3.25.v20180904, build timestamp: 2018-09-04T21:11:46Z, git hash: 3ce520221d0240229c862b122d2b06c12a625732
2019-10-08 01:49:07,029 [main] INFO  handler.ContextHandler (ContextHandler.java:doStart(781)) - Started o.e.j.s.ServletContextHandler@5785e813{/logs,file:///workdir/hadoop-ozone/integration-test/target/log,AVAILABLE}
2019-10-08 01:49:07,029 [main] INFO  handler.ContextHandler (ContextHandler.java:doStart(781)) - Started o.e.j.s.ServletContextHandler@6d294ddc{/static,file:///workdir/hadoop-ozone/integration-test/target/test-classes/webapps/static,AVAILABLE}
2019-10-08 01:49:07,033 [main] INFO  handler.ContextHandler (ContextHandler.java:doStart(781)) - Started o.e.j.w.WebAppContext@67f946c3{/,file:///workdir/hadoop-ozone/integration-test/target/test-classes/webapps/scm/,AVAILABLE}{/scm}
2019-10-08 01:49:07,033 [main] INFO  server.AbstractConnector (AbstractConnector.java:doStart(278)) - Started ServerConnector@21b51e59{HTTP/1.1,[http/1.1]}{0.0.0.0:38182}
2019-10-08 01:49:07,035 [main] INFO  server.Server (Server.java:doStart(419)) - Started @589603ms
2019-10-08 01:49:07,035 [main] WARN  impl.MetricsSystemImpl (MetricsSystemImpl.java:register(276)) - Sink prometheus already exists!
2019-10-08 01:49:07,036 [main] INFO  server.BaseHttpServer (BaseHttpServer.java:updateConnectorAddress(215)) - HTTP server of SCM is listening at http://0.0.0.0:38182
2019-10-08 01:49:07,038 [main] WARN  server.ServerUtils (ServerUtils.java:getDBPath(222)) - ozone.om.db.dirs is not configured. We recommend adding this setting. Falling back to ozone.metadata.dirs instead.
2019-10-08 01:49:07,038 [org.apache.hadoop.util.JvmPauseMonitor$Monitor@6b4a4e40] INFO  util.JvmPauseMonitor (JvmPauseMonitor.java:run(188)) - Starting JVM pause monitor
2019-10-08 01:49:07,051 [main] INFO  ha.OMHANodeDetails (OMHANodeDetails.java:loadOMHAConfig(190)) - Configuration either no ozone.om.address set. Falling back to the default OM address /127.0.0.1:0
2019-10-08 01:49:07,052 [main] INFO  ha.OMHANodeDetails (OMHANodeDetails.java:getOMNodeDetails(220)) - OM Service ID is not set. Setting it to the default ID: omServiceIdDefault
2019-10-08 01:49:07,052 [main] WARN  server.ServerUtils (ServerUtils.java:getDBPath(222)) - ozone.om.db.dirs is not configured. We recommend adding this setting. Falling back to ozone.metadata.dirs instead.
2019-10-08 01:49:07,052 [main] WARN  server.ServerUtils (ServerUtils.java:getDBPath(222)) - ozone.om.db.dirs is not configured. We recommend adding this setting. Falling back to ozone.metadata.dirs instead.
2019-10-08 01:49:07,060 [main] WARN  server.ServerUtils (ServerUtils.java:getDBPath(222)) - ozone.om.db.dirs is not configured. We recommend adding this setting. Falling back to ozone.metadata.dirs instead.
2019-10-08 01:49:07,061 [main] INFO  db.DBStoreBuilder (DBStoreBuilder.java:addTable(117)) - using custom profile for table: userTable
2019-10-08 01:49:07,061 [main] INFO  db.DBStoreBuilder (DBStoreBuilder.java:processTables(168)) - Using default column profile:DBProfile.DISK for Table:userTable
2019-10-08 01:49:07,061 [main] INFO  db.DBStoreBuilder (DBStoreBuilder.java:addTable(117)) - using custom profile for table: volumeTable
2019-10-08 01:49:07,061 [main] INFO  db.DBStoreBuilder (DBStoreBuilder.java:processTables(168)) - Using default column profile:DBProfile.DISK for Table:volumeTable
2019-10-08 01:49:07,062 [main] INFO  db.DBStoreBuilder (DBStoreBuilder.java:addTable(117)) - using custom profile for table: bucketTable
2019-10-08 01:49:07,062 [main] INFO  db.DBStoreBuilder (DBStoreBuilder.java:processTables(168)) - Using default column profile:DBProfile.DISK for Table:bucketTable
2019-10-08 01:49:07,062 [main] INFO  db.DBStoreBuilder (DBStoreBuilder.java:addTable(117)) - using custom profile for table: keyTable
2019-10-08 01:49:07,062 [main] INFO  db.DBStoreBuilder (DBStoreBuilder.java:processTables(168)) - Using default column profile:DBProfile.DISK for Table:keyTable
2019-10-08 01:49:07,062 [main] INFO  db.DBStoreBuilder (DBStoreBuilder.java:addTable(117)) - using custom profile for table: deletedTable
2019-10-08 01:49:07,063 [main] INFO  db.DBStoreBuilder (DBStoreBuilder.java:processTables(168)) - Using default column profile:DBProfile.DISK for Table:deletedTable
2019-10-08 01:49:07,063 [main] INFO  db.DBStoreBuilder (DBStoreBuilder.java:addTable(117)) - using custom profile for table: openKeyTable
2019-10-08 01:49:07,063 [main] INFO  db.DBStoreBuilder (DBStoreBuilder.java:processTables(168)) - Using default column profile:DBProfile.DISK for Table:openKeyTable
2019-10-08 01:49:07,063 [main] INFO  db.DBStoreBuilder (DBStoreBuilder.java:addTable(117)) - using custom profile for table: s3Table
2019-10-08 01:49:07,063 [main] INFO  db.DBStoreBuilder (DBStoreBuilder.java:processTables(168)) - Using default column profile:DBProfile.DISK for Table:s3Table
2019-10-08 01:49:07,064 [main] INFO  db.DBStoreBuilder (DBStoreBuilder.java:addTable(117)) - using custom profile for table: multipartInfoTable
2019-10-08 01:49:07,064 [main] INFO  db.DBStoreBuilder (DBStoreBuilder.java:processTables(168)) - Using default column profile:DBProfile.DISK for Table:multipartInfoTable
2019-10-08 01:49:07,064 [main] INFO  db.DBStoreBuilder (DBStoreBuilder.java:addTable(117)) - using custom profile for table: dTokenTable
2019-10-08 01:49:07,064 [main] INFO  db.DBStoreBuilder (DBStoreBuilder.java:processTables(168)) - Using default column profile:DBProfile.DISK for Table:dTokenTable
2019-10-08 01:49:07,065 [main] INFO  db.DBStoreBuilder (DBStoreBuilder.java:addTable(117)) - using custom profile for table: s3SecretTable
2019-10-08 01:49:07,065 [main] INFO  db.DBStoreBuilder (DBStoreBuilder.java:processTables(168)) - Using default column profile:DBProfile.DISK for Table:s3SecretTable
2019-10-08 01:49:07,065 [main] INFO  db.DBStoreBuilder (DBStoreBuilder.java:addTable(117)) - using custom profile for table: prefixTable
2019-10-08 01:49:07,065 [main] INFO  db.DBStoreBuilder (DBStoreBuilder.java:processTables(168)) - Using default column profile:DBProfile.DISK for Table:prefixTable
2019-10-08 01:49:07,065 [main] INFO  db.DBStoreBuilder (DBStoreBuilder.java:addTable(117)) - using custom profile for table: default
2019-10-08 01:49:07,066 [main] INFO  db.DBStoreBuilder (DBStoreBuilder.java:processTables(174)) - Using default column profile:DBProfile.DISK for Table:default
2019-10-08 01:49:07,066 [main] INFO  db.DBStoreBuilder (DBStoreBuilder.java:getDbProfile(205)) - Using default options. DBProfile.DISK
2019-10-08 01:49:07,689 [main] INFO  ipc.CallQueueManager (CallQueueManager.java:<init>(84)) - Using callQueue: class java.util.concurrent.LinkedBlockingQueue, queueCapacity: 2000, scheduler: class org.apache.hadoop.ipc.DefaultRpcScheduler, ipcBackoff: false.
2019-10-08 01:49:07,690 [Socket Reader #1 for port 38411] INFO  ipc.Server (Server.java:run(1074)) - Starting Socket Reader #1 for port 38411
2019-10-08 01:49:07,705 [main] INFO  om.OzoneManager (OzoneManager.java:start(1069)) - OzoneManager RPC server is listening at localhost/127.0.0.1:38411
2019-10-08 01:49:07,705 [main] INFO  impl.MetricsSystemImpl (MetricsSystemImpl.java:init(158)) - OzoneManager metrics system started (again)
2019-10-08 01:49:07,707 [IPC Server Responder] INFO  ipc.Server (Server.java:run(1314)) - IPC Server Responder: starting
2019-10-08 01:49:07,707 [IPC Server listener on 38411] INFO  ipc.Server (Server.java:run(1153)) - IPC Server listener on 38411: starting
2019-10-08 01:49:07,715 [main] INFO  hdfs.DFSUtil (DFSUtil.java:httpServerTemplateForNNAndJN(1641)) - Starting Web-server for ozoneManager at: http://0.0.0.0:0
2019-10-08 01:49:07,716 [main] INFO  server.AuthenticationFilter (AuthenticationFilter.java:constructSecretProvider(240)) - Unable to initialize FileSignerSecretProvider, falling back to use random secrets.
2019-10-08 01:49:07,716 [main] WARN  http.HttpRequestLog (HttpRequestLog.java:getRequestLog(97)) - Jetty request log can only be enabled using Log4j
2019-10-08 01:49:07,718 [main] INFO  http.HttpServer2 (HttpServer2.java:addGlobalFilter(975)) - Added global filter 'safety' (class=org.apache.hadoop.http.HttpServer2$QuotingInputFilter)
2019-10-08 01:49:07,718 [main] INFO  http.HttpServer2 (HttpServer2.java:addFilter(948)) - Added filter static_user_filter (class=org.apache.hadoop.http.lib.StaticUserWebFilter$StaticUserFilter) to context ozoneManager
2019-10-08 01:49:07,718 [main] INFO  http.HttpServer2 (HttpServer2.java:addFilter(958)) - Added filter static_user_filter (class=org.apache.hadoop.http.lib.StaticUserWebFilter$StaticUserFilter) to context static
2019-10-08 01:49:07,719 [main] INFO  http.HttpServer2 (HttpServer2.java:addFilter(958)) - Added filter static_user_filter (class=org.apache.hadoop.http.lib.StaticUserWebFilter$StaticUserFilter) to context logs
2019-10-08 01:49:07,719 [main] INFO  http.HttpServer2 (HttpServer2.java:bindListener(1191)) - Jetty bound to port 33947
2019-10-08 01:49:07,719 [main] INFO  server.Server (Server.java:doStart(351)) - jetty-9.3.25.v20180904, build timestamp: 2018-09-04T21:11:46Z, git hash: 3ce520221d0240229c862b122d2b06c12a625732
2019-10-08 01:49:07,721 [main] INFO  handler.ContextHandler (ContextHandler.java:doStart(781)) - Started o.e.j.s.ServletContextHandler@696fad31{/logs,file:///workdir/hadoop-ozone/integration-test/target/log,AVAILABLE}
2019-10-08 01:49:07,721 [main] INFO  handler.ContextHandler (ContextHandler.java:doStart(781)) - Started o.e.j.s.ServletContextHandler@7a64cb0c{/static,file:///workdir/hadoop-ozone/integration-test/target/test-classes/webapps/static,AVAILABLE}
2019-10-08 01:49:07,725 [main] INFO  handler.ContextHandler (ContextHandler.java:doStart(781)) - Started o.e.j.w.WebAppContext@70b48eb3{/,file:///workdir/hadoop-ozone/integration-test/target/test-classes/webapps/ozoneManager/,AVAILABLE}{/ozoneManager}
2019-10-08 01:49:07,726 [main] INFO  server.AbstractConnector (AbstractConnector.java:doStart(278)) - Started ServerConnector@7b8ea1db{HTTP/1.1,[http/1.1]}{0.0.0.0:33947}
2019-10-08 01:49:07,727 [main] INFO  server.Server (Server.java:doStart(419)) - Started @590296ms
2019-10-08 01:49:07,727 [main] WARN  impl.MetricsSystemImpl (MetricsSystemImpl.java:register(276)) - Sink prometheus already exists!
2019-10-08 01:49:07,728 [main] INFO  server.BaseHttpServer (BaseHttpServer.java:updateConnectorAddress(215)) - HTTP server of OZONEMANAGER is listening at http://0.0.0.0:33947
2019-10-08 01:49:07,748 [main] INFO  impl.MetricsSystemImpl (MetricsSystemImpl.java:init(158)) - HddsDatanode metrics system started (again)
2019-10-08 01:49:07,752 [main] INFO  ozone.HddsDatanodeService (HddsDatanodeService.java:start(184)) - HddsDatanodeService host:pr-hdds-2217-dx9m9-1464909746 ip:192.168.164.245
2019-10-08 01:49:07,760 [main] INFO  volume.HddsVolume (HddsVolume.java:<init>(176)) - Creating Volume: /workdir/hadoop-ozone/integration-test/target/test-dir/MiniOzoneClusterImpl-48300439-3108-4bf8-abc6-2f6a7ff3a36f/datanode-0/data/containers/hdds of  storage type : DISK and capacity : 1482555576320
2019-10-08 01:49:07,760 [main] INFO  volume.VolumeSet (VolumeSet.java:initializeVolumeSet(170)) - Added Volume : /workdir/hadoop-ozone/integration-test/target/test-dir/MiniOzoneClusterImpl-48300439-3108-4bf8-abc6-2f6a7ff3a36f/datanode-0/data/containers/hdds to VolumeSet
2019-10-08 01:49:07,760 [main] INFO  volume.ThrottledAsyncChecker (ThrottledAsyncChecker.java:schedule(139)) - Scheduling a check for org.apache.hadoop.ozone.container.common.volume.HddsVolume@50cdfafa
2019-10-08 01:49:07,761 [main] INFO  volume.HddsVolumeChecker (HddsVolumeChecker.java:checkAllVolumes(202)) - Scheduled health check for volume org.apache.hadoop.ozone.container.common.volume.HddsVolume@50cdfafa
2019-10-08 01:49:07,776 [main] INFO  impl.RaftServerProxy (ConfUtils.java:logGet(43)) - raft.rpc.type = GRPC (default)
2019-10-08 01:49:07,776 [main] INFO  grpc.GrpcFactory (GrpcFactory.java:checkPooledByteBufAllocatorUseCacheForAllThreads(45)) - PERFORMANCE WARNING: useCacheForAllThreads is true that may cause Netty to create a lot garbage objects and, as a result, trigger GC.
	It is recommended to disable useCacheForAllThreads by setting -Dorg.apache.ratis.thirdparty.io.netty.allocator.useCacheForAllThreads=false in command line.
2019-10-08 01:49:07,777 [main] INFO  grpc.GrpcConfigKeys$Server (ConfUtils.java:logGet(43)) - raft.grpc.server.port = 0 (default)
2019-10-08 01:49:07,777 [main] INFO  server.GrpcService (ConfUtils.java:logGet(43)) - raft.grpc.message.size.max = 33570816 (custom)
2019-10-08 01:49:07,777 [main] INFO  server.RaftServerConfigKeys (ConfUtils.java:logGet(43)) - raft.server.log.appender.buffer.byte-limit = 33554432 (custom)
2019-10-08 01:49:07,777 [main] INFO  server.GrpcService (ConfUtils.java:logGet(43)) - raft.grpc.flow.control.window = 1MB (=1048576) (default)
2019-10-08 01:49:07,778 [main] INFO  server.RaftServerConfigKeys (ConfUtils.java:logGet(43)) - raft.server.rpc.request.timeout = 3000ms (default)
2019-10-08 01:49:07,778 [main] INFO  server.RaftServerConfigKeys (ConfUtils.java:logGet(43)) - raft.server.storage.dir = [/workdir/hadoop-ozone/integration-test/target/test-dir/MiniOzoneClusterImpl-48300439-3108-4bf8-abc6-2f6a7ff3a36f/datanode-0/data/ratis] (custom)
2019-10-08 01:49:07,780 [main] INFO  hdfs.DFSUtil (DFSUtil.java:httpServerTemplateForNNAndJN(1641)) - Starting Web-server for hddsDatanode at: http://0.0.0.0:0
2019-10-08 01:49:07,781 [main] INFO  server.AuthenticationFilter (AuthenticationFilter.java:constructSecretProvider(240)) - Unable to initialize FileSignerSecretProvider, falling back to use random secrets.
2019-10-08 01:49:07,781 [main] WARN  http.HttpRequestLog (HttpRequestLog.java:getRequestLog(97)) - Jetty request log can only be enabled using Log4j
2019-10-08 01:49:07,783 [main] INFO  http.HttpServer2 (HttpServer2.java:addGlobalFilter(975)) - Added global filter 'safety' (class=org.apache.hadoop.http.HttpServer2$QuotingInputFilter)
2019-10-08 01:49:07,783 [main] INFO  http.HttpServer2 (HttpServer2.java:addFilter(948)) - Added filter static_user_filter (class=org.apache.hadoop.http.lib.StaticUserWebFilter$StaticUserFilter) to context hddsDatanode
2019-10-08 01:49:07,783 [main] INFO  http.HttpServer2 (HttpServer2.java:addFilter(958)) - Added filter static_user_filter (class=org.apache.hadoop.http.lib.StaticUserWebFilter$StaticUserFilter) to context static
2019-10-08 01:49:07,784 [main] INFO  http.HttpServer2 (HttpServer2.java:addFilter(958)) - Added filter static_user_filter (class=org.apache.hadoop.http.lib.StaticUserWebFilter$StaticUserFilter) to context logs
2019-10-08 01:49:07,784 [main] INFO  http.HttpServer2 (HttpServer2.java:bindListener(1191)) - Jetty bound to port 44250
2019-10-08 01:49:07,784 [main] INFO  server.Server (Server.java:doStart(351)) - jetty-9.3.25.v20180904, build timestamp: 2018-09-04T21:11:46Z, git hash: 3ce520221d0240229c862b122d2b06c12a625732
2019-10-08 01:49:07,786 [main] INFO  handler.ContextHandler (ContextHandler.java:doStart(781)) - Started o.e.j.s.ServletContextHandler@3b5a19ed{/logs,file:///workdir/hadoop-ozone/integration-test/target/log,AVAILABLE}
2019-10-08 01:49:07,786 [main] INFO  handler.ContextHandler (ContextHandler.java:doStart(781)) - Started o.e.j.s.ServletContextHandler@6b9c42bd{/static,jar:file:/home/user/.m2/repository/org/apache/hadoop/hadoop-hdds-container-service/0.5.0-SNAPSHOT/hadoop-hdds-container-service-0.5.0-SNAPSHOT.jar!/webapps/static,AVAILABLE}
2019-10-08 01:49:07,816 [main] INFO  handler.ContextHandler (ContextHandler.java:doStart(781)) - Started o.e.j.w.WebAppContext@d8835af{/,file:///tmp/jetty-0.0.0.0-44250-hddsDatanode-_-any-2465551586679581223.dir/webapp/,AVAILABLE}{/hddsDatanode}
2019-10-08 01:49:07,817 [main] INFO  server.AbstractConnector (AbstractConnector.java:doStart(278)) - Started ServerConnector@16681017{HTTP/1.1,[http/1.1]}{0.0.0.0:44250}
2019-10-08 01:49:07,817 [main] INFO  server.Server (Server.java:doStart(419)) - Started @590386ms
2019-10-08 01:49:07,820 [main] WARN  impl.MetricsSystemImpl (MetricsSystemImpl.java:register(276)) - Sink prometheus already exists!
2019-10-08 01:49:07,821 [main] INFO  server.BaseHttpServer (BaseHttpServer.java:updateConnectorAddress(215)) - HTTP server of HDDSDATANODE is listening at http://0.0.0.0:44250
2019-10-08 01:49:07,821 [main] INFO  impl.MetricsSystemImpl (MetricsSystemImpl.java:init(158)) - HddsDatanode metrics system started (again)
2019-10-08 01:49:07,825 [org.apache.hadoop.util.JvmPauseMonitor$Monitor@68bc4cbd] INFO  util.JvmPauseMonitor (JvmPauseMonitor.java:run(188)) - Starting JVM pause monitor
2019-10-08 01:49:07,825 [main] INFO  ozone.HddsDatanodeService (HddsDatanodeService.java:start(184)) - HddsDatanodeService host:pr-hdds-2217-dx9m9-1464909746 ip:192.168.164.245
2019-10-08 01:49:07,827 [Datanode State Machine Thread - 0] INFO  datanode.InitDatanodeState (InitDatanodeState.java:persistContainerDatanodeDetails(140)) - DatanodeDetails is persisted to /workdir/hadoop-ozone/integration-test/target/test-dir/MiniOzoneClusterImpl-48300439-3108-4bf8-abc6-2f6a7ff3a36f/datanode-0/meta/datanode.id
2019-10-08 01:49:07,832 [main] INFO  volume.HddsVolume (HddsVolume.java:<init>(176)) - Creating Volume: /workdir/hadoop-ozone/integration-test/target/test-dir/MiniOzoneClusterImpl-48300439-3108-4bf8-abc6-2f6a7ff3a36f/datanode-1/data/containers/hdds of  storage type : DISK and capacity : 1482555576320
2019-10-08 01:49:07,833 [main] INFO  volume.VolumeSet (VolumeSet.java:initializeVolumeSet(170)) - Added Volume : /workdir/hadoop-ozone/integration-test/target/test-dir/MiniOzoneClusterImpl-48300439-3108-4bf8-abc6-2f6a7ff3a36f/datanode-1/data/containers/hdds to VolumeSet
2019-10-08 01:49:07,833 [main] INFO  volume.ThrottledAsyncChecker (ThrottledAsyncChecker.java:schedule(139)) - Scheduling a check for org.apache.hadoop.ozone.container.common.volume.HddsVolume@45c80312
2019-10-08 01:49:07,834 [main] INFO  volume.HddsVolumeChecker (HddsVolumeChecker.java:checkAllVolumes(202)) - Scheduled health check for volume org.apache.hadoop.ozone.container.common.volume.HddsVolume@45c80312
2019-10-08 01:49:07,849 [main] INFO  impl.RaftServerProxy (ConfUtils.java:logGet(43)) - raft.rpc.type = GRPC (default)
2019-10-08 01:49:07,850 [main] INFO  grpc.GrpcFactory (GrpcFactory.java:checkPooledByteBufAllocatorUseCacheForAllThreads(45)) - PERFORMANCE WARNING: useCacheForAllThreads is true that may cause Netty to create a lot garbage objects and, as a result, trigger GC.
	It is recommended to disable useCacheForAllThreads by setting -Dorg.apache.ratis.thirdparty.io.netty.allocator.useCacheForAllThreads=false in command line.
2019-10-08 01:49:07,850 [main] INFO  grpc.GrpcConfigKeys$Server (ConfUtils.java:logGet(43)) - raft.grpc.server.port = 0 (default)
2019-10-08 01:49:07,850 [main] INFO  server.GrpcService (ConfUtils.java:logGet(43)) - raft.grpc.message.size.max = 33570816 (custom)
2019-10-08 01:49:07,850 [main] INFO  server.RaftServerConfigKeys (ConfUtils.java:logGet(43)) - raft.server.log.appender.buffer.byte-limit = 33554432 (custom)
2019-10-08 01:49:07,850 [main] INFO  server.GrpcService (ConfUtils.java:logGet(43)) - raft.grpc.flow.control.window = 1MB (=1048576) (default)
2019-10-08 01:49:07,851 [main] INFO  server.RaftServerConfigKeys (ConfUtils.java:logGet(43)) - raft.server.rpc.request.timeout = 3000ms (default)
2019-10-08 01:49:07,851 [main] INFO  server.RaftServerConfigKeys (ConfUtils.java:logGet(43)) - raft.server.storage.dir = [/workdir/hadoop-ozone/integration-test/target/test-dir/MiniOzoneClusterImpl-48300439-3108-4bf8-abc6-2f6a7ff3a36f/datanode-1/data/ratis] (custom)
2019-10-08 01:49:07,852 [main] INFO  hdfs.DFSUtil (DFSUtil.java:httpServerTemplateForNNAndJN(1641)) - Starting Web-server for hddsDatanode at: http://0.0.0.0:0
2019-10-08 01:49:07,853 [main] INFO  server.AuthenticationFilter (AuthenticationFilter.java:constructSecretProvider(240)) - Unable to initialize FileSignerSecretProvider, falling back to use random secrets.
2019-10-08 01:49:07,854 [main] WARN  http.HttpRequestLog (HttpRequestLog.java:getRequestLog(97)) - Jetty request log can only be enabled using Log4j
2019-10-08 01:49:07,855 [main] INFO  http.HttpServer2 (HttpServer2.java:addGlobalFilter(975)) - Added global filter 'safety' (class=org.apache.hadoop.http.HttpServer2$QuotingInputFilter)
2019-10-08 01:49:07,856 [main] INFO  http.HttpServer2 (HttpServer2.java:addFilter(948)) - Added filter static_user_filter (class=org.apache.hadoop.http.lib.StaticUserWebFilter$StaticUserFilter) to context hddsDatanode
2019-10-08 01:49:07,856 [main] INFO  http.HttpServer2 (HttpServer2.java:addFilter(958)) - Added filter static_user_filter (class=org.apache.hadoop.http.lib.StaticUserWebFilter$StaticUserFilter) to context logs
2019-10-08 01:49:07,856 [main] INFO  http.HttpServer2 (HttpServer2.java:addFilter(958)) - Added filter static_user_filter (class=org.apache.hadoop.http.lib.StaticUserWebFilter$StaticUserFilter) to context static
2019-10-08 01:49:07,857 [main] INFO  http.HttpServer2 (HttpServer2.java:bindListener(1191)) - Jetty bound to port 46813
2019-10-08 01:49:07,857 [main] INFO  server.Server (Server.java:doStart(351)) - jetty-9.3.25.v20180904, build timestamp: 2018-09-04T21:11:46Z, git hash: 3ce520221d0240229c862b122d2b06c12a625732
2019-10-08 01:49:07,859 [main] INFO  handler.ContextHandler (ContextHandler.java:doStart(781)) - Started o.e.j.s.ServletContextHandler@78d92eef{/logs,file:///workdir/hadoop-ozone/integration-test/target/log,AVAILABLE}
2019-10-08 01:49:07,860 [main] INFO  handler.ContextHandler (ContextHandler.java:doStart(781)) - Started o.e.j.s.ServletContextHandler@6e95973c{/static,jar:file:/home/user/.m2/repository/org/apache/hadoop/hadoop-hdds-container-service/0.5.0-SNAPSHOT/hadoop-hdds-container-service-0.5.0-SNAPSHOT.jar!/webapps/static,AVAILABLE}
2019-10-08 01:49:07,890 [main] INFO  handler.ContextHandler (ContextHandler.java:doStart(781)) - Started o.e.j.w.WebAppContext@5122e4bf{/,file:///tmp/jetty-0.0.0.0-46813-hddsDatanode-_-any-6149466958596964243.dir/webapp/,AVAILABLE}{/hddsDatanode}
2019-10-08 01:49:07,891 [main] INFO  server.AbstractConnector (AbstractConnector.java:doStart(278)) - Started ServerConnector@23e61112{HTTP/1.1,[http/1.1]}{0.0.0.0:46813}
2019-10-08 01:49:07,891 [main] INFO  server.Server (Server.java:doStart(419)) - Started @590460ms
2019-10-08 01:49:07,893 [main] WARN  impl.MetricsSystemImpl (MetricsSystemImpl.java:register(276)) - Sink prometheus already exists!
2019-10-08 01:49:07,894 [main] INFO  server.BaseHttpServer (BaseHttpServer.java:updateConnectorAddress(215)) - HTTP server of HDDSDATANODE is listening at http://0.0.0.0:46813
2019-10-08 01:49:07,894 [main] INFO  impl.MetricsSystemImpl (MetricsSystemImpl.java:init(158)) - HddsDatanode metrics system started (again)
2019-10-08 01:49:07,898 [org.apache.hadoop.util.JvmPauseMonitor$Monitor@55de5307] INFO  util.JvmPauseMonitor (JvmPauseMonitor.java:run(188)) - Starting JVM pause monitor
2019-10-08 01:49:07,899 [main] INFO  ozone.HddsDatanodeService (HddsDatanodeService.java:start(184)) - HddsDatanodeService host:pr-hdds-2217-dx9m9-1464909746 ip:192.168.164.245
2019-10-08 01:49:07,900 [Datanode State Machine Thread - 0] INFO  datanode.InitDatanodeState (InitDatanodeState.java:persistContainerDatanodeDetails(140)) - DatanodeDetails is persisted to /workdir/hadoop-ozone/integration-test/target/test-dir/MiniOzoneClusterImpl-48300439-3108-4bf8-abc6-2f6a7ff3a36f/datanode-1/meta/datanode.id
2019-10-08 01:49:07,906 [main] INFO  volume.HddsVolume (HddsVolume.java:<init>(176)) - Creating Volume: /workdir/hadoop-ozone/integration-test/target/test-dir/MiniOzoneClusterImpl-48300439-3108-4bf8-abc6-2f6a7ff3a36f/datanode-2/data/containers/hdds of  storage type : DISK and capacity : 1482555576320
2019-10-08 01:49:07,906 [main] INFO  volume.VolumeSet (VolumeSet.java:initializeVolumeSet(170)) - Added Volume : /workdir/hadoop-ozone/integration-test/target/test-dir/MiniOzoneClusterImpl-48300439-3108-4bf8-abc6-2f6a7ff3a36f/datanode-2/data/containers/hdds to VolumeSet
2019-10-08 01:49:07,907 [main] INFO  volume.ThrottledAsyncChecker (ThrottledAsyncChecker.java:schedule(139)) - Scheduling a check for org.apache.hadoop.ozone.container.common.volume.HddsVolume@255d9277
2019-10-08 01:49:07,907 [main] INFO  volume.HddsVolumeChecker (HddsVolumeChecker.java:checkAllVolumes(202)) - Scheduled health check for volume org.apache.hadoop.ozone.container.common.volume.HddsVolume@255d9277
2019-10-08 01:49:07,921 [main] INFO  impl.RaftServerProxy (ConfUtils.java:logGet(43)) - raft.rpc.type = GRPC (default)
2019-10-08 01:49:07,921 [main] INFO  grpc.GrpcFactory (GrpcFactory.java:checkPooledByteBufAllocatorUseCacheForAllThreads(45)) - PERFORMANCE WARNING: useCacheForAllThreads is true that may cause Netty to create a lot garbage objects and, as a result, trigger GC.
	It is recommended to disable useCacheForAllThreads by setting -Dorg.apache.ratis.thirdparty.io.netty.allocator.useCacheForAllThreads=false in command line.
2019-10-08 01:49:07,922 [main] INFO  grpc.GrpcConfigKeys$Server (ConfUtils.java:logGet(43)) - raft.grpc.server.port = 0 (default)
2019-10-08 01:49:07,922 [main] INFO  server.GrpcService (ConfUtils.java:logGet(43)) - raft.grpc.message.size.max = 33570816 (custom)
2019-10-08 01:49:07,922 [main] INFO  server.RaftServerConfigKeys (ConfUtils.java:logGet(43)) - raft.server.log.appender.buffer.byte-limit = 33554432 (custom)
2019-10-08 01:49:07,922 [main] INFO  server.GrpcService (ConfUtils.java:logGet(43)) - raft.grpc.flow.control.window = 1MB (=1048576) (default)
2019-10-08 01:49:07,922 [main] INFO  server.RaftServerConfigKeys (ConfUtils.java:logGet(43)) - raft.server.rpc.request.timeout = 3000ms (default)
2019-10-08 01:49:07,923 [main] INFO  server.RaftServerConfigKeys (ConfUtils.java:logGet(43)) - raft.server.storage.dir = [/workdir/hadoop-ozone/integration-test/target/test-dir/MiniOzoneClusterImpl-48300439-3108-4bf8-abc6-2f6a7ff3a36f/datanode-2/data/ratis] (custom)
2019-10-08 01:49:07,924 [main] INFO  hdfs.DFSUtil (DFSUtil.java:httpServerTemplateForNNAndJN(1641)) - Starting Web-server for hddsDatanode at: http://0.0.0.0:0
2019-10-08 01:49:07,925 [main] INFO  server.AuthenticationFilter (AuthenticationFilter.java:constructSecretProvider(240)) - Unable to initialize FileSignerSecretProvider, falling back to use random secrets.
2019-10-08 01:49:07,925 [main] WARN  http.HttpRequestLog (HttpRequestLog.java:getRequestLog(97)) - Jetty request log can only be enabled using Log4j
2019-10-08 01:49:07,926 [main] INFO  http.HttpServer2 (HttpServer2.java:addGlobalFilter(975)) - Added global filter 'safety' (class=org.apache.hadoop.http.HttpServer2$QuotingInputFilter)
2019-10-08 01:49:07,927 [main] INFO  http.HttpServer2 (HttpServer2.java:addFilter(948)) - Added filter static_user_filter (class=org.apache.hadoop.http.lib.StaticUserWebFilter$StaticUserFilter) to context hddsDatanode
2019-10-08 01:49:07,927 [main] INFO  http.HttpServer2 (HttpServer2.java:addFilter(958)) - Added filter static_user_filter (class=org.apache.hadoop.http.lib.StaticUserWebFilter$StaticUserFilter) to context static
2019-10-08 01:49:07,927 [main] INFO  http.HttpServer2 (HttpServer2.java:addFilter(958)) - Added filter static_user_filter (class=org.apache.hadoop.http.lib.StaticUserWebFilter$StaticUserFilter) to context logs
2019-10-08 01:49:07,927 [main] INFO  http.HttpServer2 (HttpServer2.java:bindListener(1191)) - Jetty bound to port 44892
2019-10-08 01:49:07,928 [main] INFO  server.Server (Server.java:doStart(351)) - jetty-9.3.25.v20180904, build timestamp: 2018-09-04T21:11:46Z, git hash: 3ce520221d0240229c862b122d2b06c12a625732
2019-10-08 01:49:07,929 [main] INFO  handler.ContextHandler (ContextHandler.java:doStart(781)) - Started o.e.j.s.ServletContextHandler@6b42e36d{/logs,file:///workdir/hadoop-ozone/integration-test/target/log,AVAILABLE}
2019-10-08 01:49:07,929 [main] INFO  handler.ContextHandler (ContextHandler.java:doStart(781)) - Started o.e.j.s.ServletContextHandler@79195c22{/static,jar:file:/home/user/.m2/repository/org/apache/hadoop/hadoop-hdds-container-service/0.5.0-SNAPSHOT/hadoop-hdds-container-service-0.5.0-SNAPSHOT.jar!/webapps/static,AVAILABLE}
2019-10-08 01:49:07,957 [main] INFO  handler.ContextHandler (ContextHandler.java:doStart(781)) - Started o.e.j.w.WebAppContext@403364e9{/,file:///tmp/jetty-0.0.0.0-44892-hddsDatanode-_-any-4134004358367669356.dir/webapp/,AVAILABLE}{/hddsDatanode}
2019-10-08 01:49:07,958 [main] INFO  server.AbstractConnector (AbstractConnector.java:doStart(278)) - Started ServerConnector@447521e{HTTP/1.1,[http/1.1]}{0.0.0.0:44892}
2019-10-08 01:49:07,958 [main] INFO  server.Server (Server.java:doStart(419)) - Started @590526ms
2019-10-08 01:49:07,959 [main] WARN  impl.MetricsSystemImpl (MetricsSystemImpl.java:register(276)) - Sink prometheus already exists!
2019-10-08 01:49:07,960 [main] INFO  server.BaseHttpServer (BaseHttpServer.java:updateConnectorAddress(215)) - HTTP server of HDDSDATANODE is listening at http://0.0.0.0:44892
2019-10-08 01:49:07,960 [main] INFO  impl.MetricsSystemImpl (MetricsSystemImpl.java:init(158)) - HddsDatanode metrics system started (again)
2019-10-08 01:49:07,965 [org.apache.hadoop.util.JvmPauseMonitor$Monitor@fac85d6] INFO  util.JvmPauseMonitor (JvmPauseMonitor.java:run(188)) - Starting JVM pause monitor
2019-10-08 01:49:07,965 [main] INFO  ozone.HddsDatanodeService (HddsDatanodeService.java:start(184)) - HddsDatanodeService host:pr-hdds-2217-dx9m9-1464909746 ip:192.168.164.245
2019-10-08 01:49:07,966 [Datanode State Machine Thread - 0] INFO  datanode.InitDatanodeState (InitDatanodeState.java:persistContainerDatanodeDetails(140)) - DatanodeDetails is persisted to /workdir/hadoop-ozone/integration-test/target/test-dir/MiniOzoneClusterImpl-48300439-3108-4bf8-abc6-2f6a7ff3a36f/datanode-2/meta/datanode.id
2019-10-08 01:49:07,971 [main] INFO  volume.HddsVolume (HddsVolume.java:<init>(176)) - Creating Volume: /workdir/hadoop-ozone/integration-test/target/test-dir/MiniOzoneClusterImpl-48300439-3108-4bf8-abc6-2f6a7ff3a36f/datanode-3/data/containers/hdds of  storage type : DISK and capacity : 1482555576320
2019-10-08 01:49:07,971 [main] INFO  volume.VolumeSet (VolumeSet.java:initializeVolumeSet(170)) - Added Volume : /workdir/hadoop-ozone/integration-test/target/test-dir/MiniOzoneClusterImpl-48300439-3108-4bf8-abc6-2f6a7ff3a36f/datanode-3/data/containers/hdds to VolumeSet
2019-10-08 01:49:07,972 [main] INFO  volume.ThrottledAsyncChecker (ThrottledAsyncChecker.java:schedule(139)) - Scheduling a check for org.apache.hadoop.ozone.container.common.volume.HddsVolume@3711c71c
2019-10-08 01:49:07,972 [main] INFO  volume.HddsVolumeChecker (HddsVolumeChecker.java:checkAllVolumes(202)) - Scheduled health check for volume org.apache.hadoop.ozone.container.common.volume.HddsVolume@3711c71c
2019-10-08 01:49:07,984 [main] INFO  impl.RaftServerProxy (ConfUtils.java:logGet(43)) - raft.rpc.type = GRPC (default)
2019-10-08 01:49:07,985 [main] INFO  grpc.GrpcFactory (GrpcFactory.java:checkPooledByteBufAllocatorUseCacheForAllThreads(45)) - PERFORMANCE WARNING: useCacheForAllThreads is true that may cause Netty to create a lot garbage objects and, as a result, trigger GC.
	It is recommended to disable useCacheForAllThreads by setting -Dorg.apache.ratis.thirdparty.io.netty.allocator.useCacheForAllThreads=false in command line.
2019-10-08 01:49:07,985 [main] INFO  grpc.GrpcConfigKeys$Server (ConfUtils.java:logGet(43)) - raft.grpc.server.port = 0 (default)
2019-10-08 01:49:07,985 [main] INFO  server.GrpcService (ConfUtils.java:logGet(43)) - raft.grpc.message.size.max = 33570816 (custom)
2019-10-08 01:49:07,985 [main] INFO  server.RaftServerConfigKeys (ConfUtils.java:logGet(43)) - raft.server.log.appender.buffer.byte-limit = 33554432 (custom)
2019-10-08 01:49:07,985 [main] INFO  server.GrpcService (ConfUtils.java:logGet(43)) - raft.grpc.flow.control.window = 1MB (=1048576) (default)
2019-10-08 01:49:07,986 [main] INFO  server.RaftServerConfigKeys (ConfUtils.java:logGet(43)) - raft.server.rpc.request.timeout = 3000ms (default)
2019-10-08 01:49:07,986 [main] INFO  server.RaftServerConfigKeys (ConfUtils.java:logGet(43)) - raft.server.storage.dir = [/workdir/hadoop-ozone/integration-test/target/test-dir/MiniOzoneClusterImpl-48300439-3108-4bf8-abc6-2f6a7ff3a36f/datanode-3/data/ratis] (custom)
2019-10-08 01:49:07,987 [main] INFO  hdfs.DFSUtil (DFSUtil.java:httpServerTemplateForNNAndJN(1641)) - Starting Web-server for hddsDatanode at: http://0.0.0.0:0
2019-10-08 01:49:07,988 [main] INFO  server.AuthenticationFilter (AuthenticationFilter.java:constructSecretProvider(240)) - Unable to initialize FileSignerSecretProvider, falling back to use random secrets.
2019-10-08 01:49:07,988 [main] WARN  http.HttpRequestLog (HttpRequestLog.java:getRequestLog(97)) - Jetty request log can only be enabled using Log4j
2019-10-08 01:49:07,989 [main] INFO  http.HttpServer2 (HttpServer2.java:addGlobalFilter(975)) - Added global filter 'safety' (class=org.apache.hadoop.http.HttpServer2$QuotingInputFilter)
2019-10-08 01:49:07,990 [main] INFO  http.HttpServer2 (HttpServer2.java:addFilter(948)) - Added filter static_user_filter (class=org.apache.hadoop.http.lib.StaticUserWebFilter$StaticUserFilter) to context hddsDatanode
2019-10-08 01:49:07,990 [main] INFO  http.HttpServer2 (HttpServer2.java:addFilter(958)) - Added filter static_user_filter (class=org.apache.hadoop.http.lib.StaticUserWebFilter$StaticUserFilter) to context static
2019-10-08 01:49:07,990 [main] INFO  http.HttpServer2 (HttpServer2.java:addFilter(958)) - Added filter static_user_filter (class=org.apache.hadoop.http.lib.StaticUserWebFilter$StaticUserFilter) to context logs
2019-10-08 01:49:07,991 [main] INFO  http.HttpServer2 (HttpServer2.java:bindListener(1191)) - Jetty bound to port 39011
2019-10-08 01:49:07,991 [main] INFO  server.Server (Server.java:doStart(351)) - jetty-9.3.25.v20180904, build timestamp: 2018-09-04T21:11:46Z, git hash: 3ce520221d0240229c862b122d2b06c12a625732
2019-10-08 01:49:07,992 [main] INFO  handler.ContextHandler (ContextHandler.java:doStart(781)) - Started o.e.j.s.ServletContextHandler@4409cae6{/logs,file:///workdir/hadoop-ozone/integration-test/target/log,AVAILABLE}
2019-10-08 01:49:07,992 [main] INFO  handler.ContextHandler (ContextHandler.java:doStart(781)) - Started o.e.j.s.ServletContextHandler@242ff747{/static,jar:file:/home/user/.m2/repository/org/apache/hadoop/hadoop-hdds-container-service/0.5.0-SNAPSHOT/hadoop-hdds-container-service-0.5.0-SNAPSHOT.jar!/webapps/static,AVAILABLE}
2019-10-08 01:49:08,020 [main] INFO  handler.ContextHandler (ContextHandler.java:doStart(781)) - Started o.e.j.w.WebAppContext@743d0d44{/,file:///tmp/jetty-0.0.0.0-39011-hddsDatanode-_-any-88107677929710277.dir/webapp/,AVAILABLE}{/hddsDatanode}
2019-10-08 01:49:08,021 [main] INFO  server.AbstractConnector (AbstractConnector.java:doStart(278)) - Started ServerConnector@35563e4c{HTTP/1.1,[http/1.1]}{0.0.0.0:39011}
2019-10-08 01:49:08,021 [main] INFO  server.Server (Server.java:doStart(419)) - Started @590590ms
2019-10-08 01:49:08,023 [main] WARN  impl.MetricsSystemImpl (MetricsSystemImpl.java:register(276)) - Sink prometheus already exists!
2019-10-08 01:49:08,024 [main] INFO  server.BaseHttpServer (BaseHttpServer.java:updateConnectorAddress(215)) - HTTP server of HDDSDATANODE is listening at http://0.0.0.0:39011
2019-10-08 01:49:08,024 [main] INFO  impl.MetricsSystemImpl (MetricsSystemImpl.java:init(158)) - HddsDatanode metrics system started (again)
2019-10-08 01:49:08,029 [org.apache.hadoop.util.JvmPauseMonitor$Monitor@436eb607] INFO  util.JvmPauseMonitor (JvmPauseMonitor.java:run(188)) - Starting JVM pause monitor
2019-10-08 01:49:08,030 [main] INFO  ozone.HddsDatanodeService (HddsDatanodeService.java:start(184)) - HddsDatanodeService host:pr-hdds-2217-dx9m9-1464909746 ip:192.168.164.245
2019-10-08 01:49:08,030 [Datanode State Machine Thread - 0] INFO  datanode.InitDatanodeState (InitDatanodeState.java:persistContainerDatanodeDetails(140)) - DatanodeDetails is persisted to /workdir/hadoop-ozone/integration-test/target/test-dir/MiniOzoneClusterImpl-48300439-3108-4bf8-abc6-2f6a7ff3a36f/datanode-3/meta/datanode.id
2019-10-08 01:49:08,036 [main] INFO  volume.HddsVolume (HddsVolume.java:<init>(176)) - Creating Volume: /workdir/hadoop-ozone/integration-test/target/test-dir/MiniOzoneClusterImpl-48300439-3108-4bf8-abc6-2f6a7ff3a36f/datanode-4/data/containers/hdds of  storage type : DISK and capacity : 1482555576320
2019-10-08 01:49:08,036 [main] INFO  volume.VolumeSet (VolumeSet.java:initializeVolumeSet(170)) - Added Volume : /workdir/hadoop-ozone/integration-test/target/test-dir/MiniOzoneClusterImpl-48300439-3108-4bf8-abc6-2f6a7ff3a36f/datanode-4/data/containers/hdds to VolumeSet
2019-10-08 01:49:08,036 [main] INFO  volume.ThrottledAsyncChecker (ThrottledAsyncChecker.java:schedule(139)) - Scheduling a check for org.apache.hadoop.ozone.container.common.volume.HddsVolume@4b3a01d8
2019-10-08 01:49:08,037 [main] INFO  volume.HddsVolumeChecker (HddsVolumeChecker.java:checkAllVolumes(202)) - Scheduled health check for volume org.apache.hadoop.ozone.container.common.volume.HddsVolume@4b3a01d8
2019-10-08 01:49:08,050 [main] INFO  impl.RaftServerProxy (ConfUtils.java:logGet(43)) - raft.rpc.type = GRPC (default)
2019-10-08 01:49:08,050 [main] INFO  grpc.GrpcFactory (GrpcFactory.java:checkPooledByteBufAllocatorUseCacheForAllThreads(45)) - PERFORMANCE WARNING: useCacheForAllThreads is true that may cause Netty to create a lot garbage objects and, as a result, trigger GC.
	It is recommended to disable useCacheForAllThreads by setting -Dorg.apache.ratis.thirdparty.io.netty.allocator.useCacheForAllThreads=false in command line.
2019-10-08 01:49:08,050 [main] INFO  grpc.GrpcConfigKeys$Server (ConfUtils.java:logGet(43)) - raft.grpc.server.port = 0 (default)
2019-10-08 01:49:08,050 [main] INFO  server.GrpcService (ConfUtils.java:logGet(43)) - raft.grpc.message.size.max = 33570816 (custom)
2019-10-08 01:49:08,051 [main] INFO  server.RaftServerConfigKeys (ConfUtils.java:logGet(43)) - raft.server.log.appender.buffer.byte-limit = 33554432 (custom)
2019-10-08 01:49:08,051 [main] INFO  server.GrpcService (ConfUtils.java:logGet(43)) - raft.grpc.flow.control.window = 1MB (=1048576) (default)
2019-10-08 01:49:08,051 [main] INFO  server.RaftServerConfigKeys (ConfUtils.java:logGet(43)) - raft.server.rpc.request.timeout = 3000ms (default)
2019-10-08 01:49:08,051 [main] INFO  server.RaftServerConfigKeys (ConfUtils.java:logGet(43)) - raft.server.storage.dir = [/workdir/hadoop-ozone/integration-test/target/test-dir/MiniOzoneClusterImpl-48300439-3108-4bf8-abc6-2f6a7ff3a36f/datanode-4/data/ratis] (custom)
2019-10-08 01:49:08,052 [main] INFO  hdfs.DFSUtil (DFSUtil.java:httpServerTemplateForNNAndJN(1641)) - Starting Web-server for hddsDatanode at: http://0.0.0.0:0
2019-10-08 01:49:08,054 [main] INFO  server.AuthenticationFilter (AuthenticationFilter.java:constructSecretProvider(240)) - Unable to initialize FileSignerSecretProvider, falling back to use random secrets.
2019-10-08 01:49:08,054 [main] WARN  http.HttpRequestLog (HttpRequestLog.java:getRequestLog(97)) - Jetty request log can only be enabled using Log4j
2019-10-08 01:49:08,055 [main] INFO  http.HttpServer2 (HttpServer2.java:addGlobalFilter(975)) - Added global filter 'safety' (class=org.apache.hadoop.http.HttpServer2$QuotingInputFilter)
2019-10-08 01:49:08,056 [main] INFO  http.HttpServer2 (HttpServer2.java:addFilter(948)) - Added filter static_user_filter (class=org.apache.hadoop.http.lib.StaticUserWebFilter$StaticUserFilter) to context hddsDatanode
2019-10-08 01:49:08,056 [main] INFO  http.HttpServer2 (HttpServer2.java:addFilter(958)) - Added filter static_user_filter (class=org.apache.hadoop.http.lib.StaticUserWebFilter$StaticUserFilter) to context logs
2019-10-08 01:49:08,056 [main] INFO  http.HttpServer2 (HttpServer2.java:addFilter(958)) - Added filter static_user_filter (class=org.apache.hadoop.http.lib.StaticUserWebFilter$StaticUserFilter) to context static
2019-10-08 01:49:08,057 [main] INFO  http.HttpServer2 (HttpServer2.java:bindListener(1191)) - Jetty bound to port 33940
2019-10-08 01:49:08,057 [main] INFO  server.Server (Server.java:doStart(351)) - jetty-9.3.25.v20180904, build timestamp: 2018-09-04T21:11:46Z, git hash: 3ce520221d0240229c862b122d2b06c12a625732
2019-10-08 01:49:08,058 [main] INFO  handler.ContextHandler (ContextHandler.java:doStart(781)) - Started o.e.j.s.ServletContextHandler@7f0d8eff{/logs,file:///workdir/hadoop-ozone/integration-test/target/log,AVAILABLE}
2019-10-08 01:49:08,058 [main] INFO  handler.ContextHandler (ContextHandler.java:doStart(781)) - Started o.e.j.s.ServletContextHandler@3ca3648{/static,jar:file:/home/user/.m2/repository/org/apache/hadoop/hadoop-hdds-container-service/0.5.0-SNAPSHOT/hadoop-hdds-container-service-0.5.0-SNAPSHOT.jar!/webapps/static,AVAILABLE}
2019-10-08 01:49:08,087 [main] INFO  handler.ContextHandler (ContextHandler.java:doStart(781)) - Started o.e.j.w.WebAppContext@20bb85b4{/,file:///tmp/jetty-0.0.0.0-33940-hddsDatanode-_-any-1402134402980342396.dir/webapp/,AVAILABLE}{/hddsDatanode}
2019-10-08 01:49:08,087 [main] INFO  server.AbstractConnector (AbstractConnector.java:doStart(278)) - Started ServerConnector@79add732{HTTP/1.1,[http/1.1]}{0.0.0.0:33940}
2019-10-08 01:49:08,089 [main] INFO  server.Server (Server.java:doStart(419)) - Started @590656ms
2019-10-08 01:49:08,089 [main] WARN  impl.MetricsSystemImpl (MetricsSystemImpl.java:register(276)) - Sink prometheus already exists!
2019-10-08 01:49:08,090 [main] INFO  server.BaseHttpServer (BaseHttpServer.java:updateConnectorAddress(215)) - HTTP server of HDDSDATANODE is listening at http://0.0.0.0:33940
2019-10-08 01:49:08,090 [main] INFO  impl.MetricsSystemImpl (MetricsSystemImpl.java:init(158)) - HddsDatanode metrics system started (again)
2019-10-08 01:49:08,095 [org.apache.hadoop.util.JvmPauseMonitor$Monitor@25224202] INFO  util.JvmPauseMonitor (JvmPauseMonitor.java:run(188)) - Starting JVM pause monitor
2019-10-08 01:49:08,096 [main] INFO  ozone.HddsDatanodeService (HddsDatanodeService.java:start(184)) - HddsDatanodeService host:pr-hdds-2217-dx9m9-1464909746 ip:192.168.164.245
2019-10-08 01:49:08,097 [Datanode State Machine Thread - 0] INFO  datanode.InitDatanodeState (InitDatanodeState.java:persistContainerDatanodeDetails(140)) - DatanodeDetails is persisted to /workdir/hadoop-ozone/integration-test/target/test-dir/MiniOzoneClusterImpl-48300439-3108-4bf8-abc6-2f6a7ff3a36f/datanode-4/meta/datanode.id
2019-10-08 01:49:08,103 [main] INFO  volume.HddsVolume (HddsVolume.java:<init>(176)) - Creating Volume: /workdir/hadoop-ozone/integration-test/target/test-dir/MiniOzoneClusterImpl-48300439-3108-4bf8-abc6-2f6a7ff3a36f/datanode-5/data/containers/hdds of  storage type : DISK and capacity : 1482555576320
2019-10-08 01:49:08,103 [main] INFO  volume.VolumeSet (VolumeSet.java:initializeVolumeSet(170)) - Added Volume : /workdir/hadoop-ozone/integration-test/target/test-dir/MiniOzoneClusterImpl-48300439-3108-4bf8-abc6-2f6a7ff3a36f/datanode-5/data/containers/hdds to VolumeSet
2019-10-08 01:49:08,103 [main] INFO  volume.ThrottledAsyncChecker (ThrottledAsyncChecker.java:schedule(139)) - Scheduling a check for org.apache.hadoop.ozone.container.common.volume.HddsVolume@700b9e6b
2019-10-08 01:49:08,104 [main] INFO  volume.HddsVolumeChecker (HddsVolumeChecker.java:checkAllVolumes(202)) - Scheduled health check for volume org.apache.hadoop.ozone.container.common.volume.HddsVolume@700b9e6b
2019-10-08 01:49:08,116 [main] INFO  impl.RaftServerProxy (ConfUtils.java:logGet(43)) - raft.rpc.type = GRPC (default)
2019-10-08 01:49:08,116 [main] INFO  grpc.GrpcFactory (GrpcFactory.java:checkPooledByteBufAllocatorUseCacheForAllThreads(45)) - PERFORMANCE WARNING: useCacheForAllThreads is true that may cause Netty to create a lot garbage objects and, as a result, trigger GC.
	It is recommended to disable useCacheForAllThreads by setting -Dorg.apache.ratis.thirdparty.io.netty.allocator.useCacheForAllThreads=false in command line.
2019-10-08 01:49:08,116 [main] INFO  grpc.GrpcConfigKeys$Server (ConfUtils.java:logGet(43)) - raft.grpc.server.port = 0 (default)
2019-10-08 01:49:08,117 [main] INFO  server.GrpcService (ConfUtils.java:logGet(43)) - raft.grpc.message.size.max = 33570816 (custom)
2019-10-08 01:49:08,117 [main] INFO  server.RaftServerConfigKeys (ConfUtils.java:logGet(43)) - raft.server.log.appender.buffer.byte-limit = 33554432 (custom)
2019-10-08 01:49:08,117 [main] INFO  server.GrpcService (ConfUtils.java:logGet(43)) - raft.grpc.flow.control.window = 1MB (=1048576) (default)
2019-10-08 01:49:08,117 [main] INFO  server.RaftServerConfigKeys (ConfUtils.java:logGet(43)) - raft.server.rpc.request.timeout = 3000ms (default)
2019-10-08 01:49:08,117 [main] INFO  server.RaftServerConfigKeys (ConfUtils.java:logGet(43)) - raft.server.storage.dir = [/workdir/hadoop-ozone/integration-test/target/test-dir/MiniOzoneClusterImpl-48300439-3108-4bf8-abc6-2f6a7ff3a36f/datanode-5/data/ratis] (custom)
2019-10-08 01:49:08,118 [main] INFO  hdfs.DFSUtil (DFSUtil.java:httpServerTemplateForNNAndJN(1641)) - Starting Web-server for hddsDatanode at: http://0.0.0.0:0
2019-10-08 01:49:08,119 [main] INFO  server.AuthenticationFilter (AuthenticationFilter.java:constructSecretProvider(240)) - Unable to initialize FileSignerSecretProvider, falling back to use random secrets.
2019-10-08 01:49:08,120 [main] WARN  http.HttpRequestLog (HttpRequestLog.java:getRequestLog(97)) - Jetty request log can only be enabled using Log4j
2019-10-08 01:49:08,121 [main] INFO  http.HttpServer2 (HttpServer2.java:addGlobalFilter(975)) - Added global filter 'safety' (class=org.apache.hadoop.http.HttpServer2$QuotingInputFilter)
2019-10-08 01:49:08,121 [main] INFO  http.HttpServer2 (HttpServer2.java:addFilter(948)) - Added filter static_user_filter (class=org.apache.hadoop.http.lib.StaticUserWebFilter$StaticUserFilter) to context hddsDatanode
2019-10-08 01:49:08,122 [main] INFO  http.HttpServer2 (HttpServer2.java:addFilter(958)) - Added filter static_user_filter (class=org.apache.hadoop.http.lib.StaticUserWebFilter$StaticUserFilter) to context static
2019-10-08 01:49:08,122 [main] INFO  http.HttpServer2 (HttpServer2.java:addFilter(958)) - Added filter static_user_filter (class=org.apache.hadoop.http.lib.StaticUserWebFilter$StaticUserFilter) to context logs
2019-10-08 01:49:08,122 [main] INFO  http.HttpServer2 (HttpServer2.java:bindListener(1191)) - Jetty bound to port 42992
2019-10-08 01:49:08,122 [main] INFO  server.Server (Server.java:doStart(351)) - jetty-9.3.25.v20180904, build timestamp: 2018-09-04T21:11:46Z, git hash: 3ce520221d0240229c862b122d2b06c12a625732
2019-10-08 01:49:08,124 [main] INFO  handler.ContextHandler (ContextHandler.java:doStart(781)) - Started o.e.j.s.ServletContextHandler@4d81e83a{/logs,file:///workdir/hadoop-ozone/integration-test/target/log,AVAILABLE}
2019-10-08 01:49:08,124 [main] INFO  handler.ContextHandler (ContextHandler.java:doStart(781)) - Started o.e.j.s.ServletContextHandler@7cf8f45a{/static,jar:file:/home/user/.m2/repository/org/apache/hadoop/hadoop-hdds-container-service/0.5.0-SNAPSHOT/hadoop-hdds-container-service-0.5.0-SNAPSHOT.jar!/webapps/static,AVAILABLE}
2019-10-08 01:49:08,165 [main] INFO  handler.ContextHandler (ContextHandler.java:doStart(781)) - Started o.e.j.w.WebAppContext@7c71c889{/,file:///tmp/jetty-0.0.0.0-42992-hddsDatanode-_-any-2434574879394793558.dir/webapp/,AVAILABLE}{/hddsDatanode}
2019-10-08 01:49:08,165 [main] INFO  server.AbstractConnector (AbstractConnector.java:doStart(278)) - Started ServerConnector@4cc8d70d{HTTP/1.1,[http/1.1]}{0.0.0.0:42992}
2019-10-08 01:49:08,167 [main] INFO  server.Server (Server.java:doStart(419)) - Started @590736ms
2019-10-08 01:49:08,167 [main] WARN  impl.MetricsSystemImpl (MetricsSystemImpl.java:register(276)) - Sink prometheus already exists!
2019-10-08 01:49:08,168 [main] INFO  server.BaseHttpServer (BaseHttpServer.java:updateConnectorAddress(215)) - HTTP server of HDDSDATANODE is listening at http://0.0.0.0:42992
2019-10-08 01:49:08,168 [main] INFO  impl.MetricsSystemImpl (MetricsSystemImpl.java:init(158)) - HddsDatanode metrics system started (again)
2019-10-08 01:49:08,175 [org.apache.hadoop.util.JvmPauseMonitor$Monitor@52cfba76] INFO  util.JvmPauseMonitor (JvmPauseMonitor.java:run(188)) - Starting JVM pause monitor
2019-10-08 01:49:08,176 [main] INFO  ozone.HddsDatanodeService (HddsDatanodeService.java:start(184)) - HddsDatanodeService host:pr-hdds-2217-dx9m9-1464909746 ip:192.168.164.245
2019-10-08 01:49:08,176 [Datanode State Machine Thread - 0] INFO  datanode.InitDatanodeState (InitDatanodeState.java:persistContainerDatanodeDetails(140)) - DatanodeDetails is persisted to /workdir/hadoop-ozone/integration-test/target/test-dir/MiniOzoneClusterImpl-48300439-3108-4bf8-abc6-2f6a7ff3a36f/datanode-5/meta/datanode.id
2019-10-08 01:49:08,181 [main] INFO  volume.HddsVolume (HddsVolume.java:<init>(176)) - Creating Volume: /workdir/hadoop-ozone/integration-test/target/test-dir/MiniOzoneClusterImpl-48300439-3108-4bf8-abc6-2f6a7ff3a36f/datanode-6/data/containers/hdds of  storage type : DISK and capacity : 1482555576320
2019-10-08 01:49:08,181 [main] INFO  volume.VolumeSet (VolumeSet.java:initializeVolumeSet(170)) - Added Volume : /workdir/hadoop-ozone/integration-test/target/test-dir/MiniOzoneClusterImpl-48300439-3108-4bf8-abc6-2f6a7ff3a36f/datanode-6/data/containers/hdds to VolumeSet
2019-10-08 01:49:08,181 [main] INFO  volume.ThrottledAsyncChecker (ThrottledAsyncChecker.java:schedule(139)) - Scheduling a check for org.apache.hadoop.ozone.container.common.volume.HddsVolume@19526f1d
2019-10-08 01:49:08,182 [main] INFO  volume.HddsVolumeChecker (HddsVolumeChecker.java:checkAllVolumes(202)) - Scheduled health check for volume org.apache.hadoop.ozone.container.common.volume.HddsVolume@19526f1d
2019-10-08 01:49:08,195 [main] INFO  impl.RaftServerProxy (ConfUtils.java:logGet(43)) - raft.rpc.type = GRPC (default)
2019-10-08 01:49:08,196 [main] INFO  grpc.GrpcFactory (GrpcFactory.java:checkPooledByteBufAllocatorUseCacheForAllThreads(45)) - PERFORMANCE WARNING: useCacheForAllThreads is true that may cause Netty to create a lot garbage objects and, as a result, trigger GC.
	It is recommended to disable useCacheForAllThreads by setting -Dorg.apache.ratis.thirdparty.io.netty.allocator.useCacheForAllThreads=false in command line.
2019-10-08 01:49:08,196 [main] INFO  grpc.GrpcConfigKeys$Server (ConfUtils.java:logGet(43)) - raft.grpc.server.port = 0 (default)
2019-10-08 01:49:08,196 [main] INFO  server.GrpcService (ConfUtils.java:logGet(43)) - raft.grpc.message.size.max = 33570816 (custom)
2019-10-08 01:49:08,196 [main] INFO  server.RaftServerConfigKeys (ConfUtils.java:logGet(43)) - raft.server.log.appender.buffer.byte-limit = 33554432 (custom)
2019-10-08 01:49:08,196 [main] INFO  server.GrpcService (ConfUtils.java:logGet(43)) - raft.grpc.flow.control.window = 1MB (=1048576) (default)
2019-10-08 01:49:08,197 [main] INFO  server.RaftServerConfigKeys (ConfUtils.java:logGet(43)) - raft.server.rpc.request.timeout = 3000ms (default)
2019-10-08 01:49:08,197 [main] INFO  server.RaftServerConfigKeys (ConfUtils.java:logGet(43)) - raft.server.storage.dir = [/workdir/hadoop-ozone/integration-test/target/test-dir/MiniOzoneClusterImpl-48300439-3108-4bf8-abc6-2f6a7ff3a36f/datanode-6/data/ratis] (custom)
2019-10-08 01:49:08,198 [main] INFO  hdfs.DFSUtil (DFSUtil.java:httpServerTemplateForNNAndJN(1641)) - Starting Web-server for hddsDatanode at: http://0.0.0.0:0
2019-10-08 01:49:08,199 [main] INFO  server.AuthenticationFilter (AuthenticationFilter.java:constructSecretProvider(240)) - Unable to initialize FileSignerSecretProvider, falling back to use random secrets.
2019-10-08 01:49:08,200 [main] WARN  http.HttpRequestLog (HttpRequestLog.java:getRequestLog(97)) - Jetty request log can only be enabled using Log4j
2019-10-08 01:49:08,202 [main] INFO  http.HttpServer2 (HttpServer2.java:addGlobalFilter(975)) - Added global filter 'safety' (class=org.apache.hadoop.http.HttpServer2$QuotingInputFilter)
2019-10-08 01:49:08,202 [main] INFO  http.HttpServer2 (HttpServer2.java:addFilter(948)) - Added filter static_user_filter (class=org.apache.hadoop.http.lib.StaticUserWebFilter$StaticUserFilter) to context hddsDatanode
2019-10-08 01:49:08,202 [main] INFO  http.HttpServer2 (HttpServer2.java:addFilter(958)) - Added filter static_user_filter (class=org.apache.hadoop.http.lib.StaticUserWebFilter$StaticUserFilter) to context logs
2019-10-08 01:49:08,202 [main] INFO  http.HttpServer2 (HttpServer2.java:addFilter(958)) - Added filter static_user_filter (class=org.apache.hadoop.http.lib.StaticUserWebFilter$StaticUserFilter) to context static
2019-10-08 01:49:08,203 [main] INFO  http.HttpServer2 (HttpServer2.java:bindListener(1191)) - Jetty bound to port 41895
2019-10-08 01:49:08,203 [main] INFO  server.Server (Server.java:doStart(351)) - jetty-9.3.25.v20180904, build timestamp: 2018-09-04T21:11:46Z, git hash: 3ce520221d0240229c862b122d2b06c12a625732
2019-10-08 01:49:08,205 [main] INFO  handler.ContextHandler (ContextHandler.java:doStart(781)) - Started o.e.j.s.ServletContextHandler@73e4bb60{/logs,file:///workdir/hadoop-ozone/integration-test/target/log,AVAILABLE}
2019-10-08 01:49:08,205 [main] INFO  handler.ContextHandler (ContextHandler.java:doStart(781)) - Started o.e.j.s.ServletContextHandler@3a3883c4{/static,jar:file:/home/user/.m2/repository/org/apache/hadoop/hadoop-hdds-container-service/0.5.0-SNAPSHOT/hadoop-hdds-container-service-0.5.0-SNAPSHOT.jar!/webapps/static,AVAILABLE}
2019-10-08 01:49:08,235 [main] INFO  handler.ContextHandler (ContextHandler.java:doStart(781)) - Started o.e.j.w.WebAppContext@2b79c8ff{/,file:///tmp/jetty-0.0.0.0-41895-hddsDatanode-_-any-3531065544976875907.dir/webapp/,AVAILABLE}{/hddsDatanode}
2019-10-08 01:49:08,235 [main] INFO  server.AbstractConnector (AbstractConnector.java:doStart(278)) - Started ServerConnector@2baf72d5{HTTP/1.1,[http/1.1]}{0.0.0.0:41895}
2019-10-08 01:49:08,240 [main] INFO  server.Server (Server.java:doStart(419)) - Started @590809ms
2019-10-08 01:49:08,240 [main] WARN  impl.MetricsSystemImpl (MetricsSystemImpl.java:register(276)) - Sink prometheus already exists!
2019-10-08 01:49:08,241 [main] INFO  server.BaseHttpServer (BaseHttpServer.java:updateConnectorAddress(215)) - HTTP server of HDDSDATANODE is listening at http://0.0.0.0:41895
2019-10-08 01:49:08,241 [main] INFO  ozone.MiniOzoneClusterImpl (MiniOzoneClusterImpl.java:lambda$waitForClusterToBeReady$0(147)) - Waiting for cluster to be ready. Got 0 of 7 DN Heartbeats.
2019-10-08 01:49:08,242 [org.apache.hadoop.util.JvmPauseMonitor$Monitor@70dc7114] INFO  util.JvmPauseMonitor (JvmPauseMonitor.java:run(188)) - Starting JVM pause monitor
2019-10-08 01:49:08,244 [Datanode State Machine Thread - 0] INFO  datanode.InitDatanodeState (InitDatanodeState.java:persistContainerDatanodeDetails(140)) - DatanodeDetails is persisted to /workdir/hadoop-ozone/integration-test/target/test-dir/MiniOzoneClusterImpl-48300439-3108-4bf8-abc6-2f6a7ff3a36f/datanode-6/meta/datanode.id
2019-10-08 01:49:09,242 [main] INFO  ozone.MiniOzoneClusterImpl (MiniOzoneClusterImpl.java:lambda$waitForClusterToBeReady$0(147)) - Waiting for cluster to be ready. Got 0 of 7 DN Heartbeats.
2019-10-08 01:49:09,857 [Datanode State Machine Thread - 0] INFO  ozoneimpl.OzoneContainer (OzoneContainer.java:start(213)) - Attempting to start container services.
2019-10-08 01:49:09,858 [Datanode State Machine Thread - 0] INFO  ozoneimpl.OzoneContainer (OzoneContainer.java:startContainerScrub(177)) - Background container scanner has been disabled.
2019-10-08 01:49:09,858 [Datanode State Machine Thread - 0] INFO  ratis.XceiverServerRatis (XceiverServerRatis.java:start(418)) - Starting XceiverServerRatis f22219fc-627f-4d4c-bca0-ba09b570fb17 at port 0
2019-10-08 01:49:09,864 [Datanode State Machine Thread - 0] INFO  impl.RaftServerProxy (RaftServerProxy.java:lambda$start$3(299)) - f22219fc-627f-4d4c-bca0-ba09b570fb17: start RPC server
2019-10-08 01:49:09,867 [Datanode State Machine Thread - 0] INFO  server.GrpcService (GrpcService.java:startImpl(158)) - f22219fc-627f-4d4c-bca0-ba09b570fb17: GrpcService started, listening on 0.0.0.0/0.0.0.0:43162
2019-10-08 01:49:09,868 [Datanode State Machine Thread - 0] INFO  ratis.XceiverServerRatis (XceiverServerRatis.java:start(428)) - XceiverServerRatis f22219fc-627f-4d4c-bca0-ba09b570fb17 is started using port 43162
2019-10-08 01:49:09,868 [Datanode State Machine Thread - 0] INFO  server.XceiverServerGrpc (XceiverServerGrpc.java:start(149)) - XceiverServerGrpc f22219fc-627f-4d4c-bca0-ba09b570fb17 is started using port 35591
2019-10-08 01:49:09,915 [Datanode State Machine Thread - 0] INFO  ozoneimpl.OzoneContainer (OzoneContainer.java:start(213)) - Attempting to start container services.
2019-10-08 01:49:09,916 [Datanode State Machine Thread - 0] INFO  ozoneimpl.OzoneContainer (OzoneContainer.java:startContainerScrub(177)) - Background container scanner has been disabled.
2019-10-08 01:49:09,916 [Datanode State Machine Thread - 0] INFO  ratis.XceiverServerRatis (XceiverServerRatis.java:start(418)) - Starting XceiverServerRatis d67dbc00-9c73-4d3d-8b9c-bdbe6ad1b760 at port 0
2019-10-08 01:49:09,921 [Datanode State Machine Thread - 0] INFO  impl.RaftServerProxy (RaftServerProxy.java:lambda$start$3(299)) - d67dbc00-9c73-4d3d-8b9c-bdbe6ad1b760: start RPC server
2019-10-08 01:49:09,924 [Datanode State Machine Thread - 0] INFO  server.GrpcService (GrpcService.java:startImpl(158)) - d67dbc00-9c73-4d3d-8b9c-bdbe6ad1b760: GrpcService started, listening on 0.0.0.0/0.0.0.0:46526
2019-10-08 01:49:09,924 [Datanode State Machine Thread - 0] INFO  ratis.XceiverServerRatis (XceiverServerRatis.java:start(428)) - XceiverServerRatis d67dbc00-9c73-4d3d-8b9c-bdbe6ad1b760 is started using port 46526
2019-10-08 01:49:09,925 [Datanode State Machine Thread - 0] INFO  server.XceiverServerGrpc (XceiverServerGrpc.java:start(149)) - XceiverServerGrpc d67dbc00-9c73-4d3d-8b9c-bdbe6ad1b760 is started using port 33935
2019-10-08 01:49:09,980 [Datanode State Machine Thread - 0] INFO  ozoneimpl.OzoneContainer (OzoneContainer.java:start(213)) - Attempting to start container services.
2019-10-08 01:49:09,980 [Datanode State Machine Thread - 0] INFO  ozoneimpl.OzoneContainer (OzoneContainer.java:startContainerScrub(177)) - Background container scanner has been disabled.
2019-10-08 01:49:09,980 [Datanode State Machine Thread - 0] INFO  ratis.XceiverServerRatis (XceiverServerRatis.java:start(418)) - Starting XceiverServerRatis 5547f8bc-760f-469a-93a4-e6ea00b9d405 at port 0
2019-10-08 01:49:09,986 [Datanode State Machine Thread - 0] INFO  impl.RaftServerProxy (RaftServerProxy.java:lambda$start$3(299)) - 5547f8bc-760f-469a-93a4-e6ea00b9d405: start RPC server
2019-10-08 01:49:09,987 [Datanode State Machine Thread - 0] INFO  server.GrpcService (GrpcService.java:startImpl(158)) - 5547f8bc-760f-469a-93a4-e6ea00b9d405: GrpcService started, listening on 0.0.0.0/0.0.0.0:36059
2019-10-08 01:49:09,987 [Datanode State Machine Thread - 0] INFO  ratis.XceiverServerRatis (XceiverServerRatis.java:start(428)) - XceiverServerRatis 5547f8bc-760f-469a-93a4-e6ea00b9d405 is started using port 36059
2019-10-08 01:49:09,990 [Datanode State Machine Thread - 0] INFO  server.XceiverServerGrpc (XceiverServerGrpc.java:start(149)) - XceiverServerGrpc 5547f8bc-760f-469a-93a4-e6ea00b9d405 is started using port 38952
2019-10-08 01:49:10,044 [Datanode State Machine Thread - 0] INFO  ozoneimpl.OzoneContainer (OzoneContainer.java:start(213)) - Attempting to start container services.
2019-10-08 01:49:10,044 [Datanode State Machine Thread - 0] INFO  ozoneimpl.OzoneContainer (OzoneContainer.java:startContainerScrub(177)) - Background container scanner has been disabled.
2019-10-08 01:49:10,044 [Datanode State Machine Thread - 0] INFO  ratis.XceiverServerRatis (XceiverServerRatis.java:start(418)) - Starting XceiverServerRatis bca1e8e3-f332-47c5-ad14-de3fab147c83 at port 0
2019-10-08 01:49:10,050 [Datanode State Machine Thread - 0] INFO  impl.RaftServerProxy (RaftServerProxy.java:lambda$start$3(299)) - bca1e8e3-f332-47c5-ad14-de3fab147c83: start RPC server
2019-10-08 01:49:10,051 [Datanode State Machine Thread - 0] INFO  server.GrpcService (GrpcService.java:startImpl(158)) - bca1e8e3-f332-47c5-ad14-de3fab147c83: GrpcService started, listening on 0.0.0.0/0.0.0.0:34423
2019-10-08 01:49:10,051 [Datanode State Machine Thread - 0] INFO  ratis.XceiverServerRatis (XceiverServerRatis.java:start(428)) - XceiverServerRatis bca1e8e3-f332-47c5-ad14-de3fab147c83 is started using port 34423
2019-10-08 01:49:10,062 [Datanode State Machine Thread - 0] INFO  server.XceiverServerGrpc (XceiverServerGrpc.java:start(149)) - XceiverServerGrpc bca1e8e3-f332-47c5-ad14-de3fab147c83 is started using port 41713
2019-10-08 01:49:10,109 [Datanode State Machine Thread - 0] INFO  ozoneimpl.OzoneContainer (OzoneContainer.java:start(213)) - Attempting to start container services.
2019-10-08 01:49:10,110 [Datanode State Machine Thread - 0] INFO  ozoneimpl.OzoneContainer (OzoneContainer.java:startContainerScrub(177)) - Background container scanner has been disabled.
2019-10-08 01:49:10,110 [Datanode State Machine Thread - 0] INFO  ratis.XceiverServerRatis (XceiverServerRatis.java:start(418)) - Starting XceiverServerRatis ce5cc61e-1bd6-4d21-b314-04177087a8ee at port 0
2019-10-08 01:49:10,115 [Datanode State Machine Thread - 0] INFO  impl.RaftServerProxy (RaftServerProxy.java:lambda$start$3(299)) - ce5cc61e-1bd6-4d21-b314-04177087a8ee: start RPC server
2019-10-08 01:49:10,118 [Datanode State Machine Thread - 0] INFO  server.GrpcService (GrpcService.java:startImpl(158)) - ce5cc61e-1bd6-4d21-b314-04177087a8ee: GrpcService started, listening on 0.0.0.0/0.0.0.0:37415
2019-10-08 01:49:10,119 [Datanode State Machine Thread - 0] INFO  ratis.XceiverServerRatis (XceiverServerRatis.java:start(428)) - XceiverServerRatis ce5cc61e-1bd6-4d21-b314-04177087a8ee is started using port 37415
2019-10-08 01:49:10,119 [Datanode State Machine Thread - 0] INFO  server.XceiverServerGrpc (XceiverServerGrpc.java:start(149)) - XceiverServerGrpc ce5cc61e-1bd6-4d21-b314-04177087a8ee is started using port 41267
2019-10-08 01:49:10,189 [Datanode State Machine Thread - 0] INFO  ozoneimpl.OzoneContainer (OzoneContainer.java:start(213)) - Attempting to start container services.
2019-10-08 01:49:10,189 [Datanode State Machine Thread - 0] INFO  ozoneimpl.OzoneContainer (OzoneContainer.java:startContainerScrub(177)) - Background container scanner has been disabled.
2019-10-08 01:49:10,189 [Datanode State Machine Thread - 0] INFO  ratis.XceiverServerRatis (XceiverServerRatis.java:start(418)) - Starting XceiverServerRatis 22ce8828-227f-4dc0-b18d-7dd0e804d0e2 at port 0
2019-10-08 01:49:10,196 [Datanode State Machine Thread - 0] INFO  impl.RaftServerProxy (RaftServerProxy.java:lambda$start$3(299)) - 22ce8828-227f-4dc0-b18d-7dd0e804d0e2: start RPC server
2019-10-08 01:49:10,196 [Datanode State Machine Thread - 0] INFO  server.GrpcService (GrpcService.java:startImpl(158)) - 22ce8828-227f-4dc0-b18d-7dd0e804d0e2: GrpcService started, listening on 0.0.0.0/0.0.0.0:44400
2019-10-08 01:49:10,197 [Datanode State Machine Thread - 0] INFO  ratis.XceiverServerRatis (XceiverServerRatis.java:start(428)) - XceiverServerRatis 22ce8828-227f-4dc0-b18d-7dd0e804d0e2 is started using port 44400
2019-10-08 01:49:10,197 [Datanode State Machine Thread - 0] INFO  server.XceiverServerGrpc (XceiverServerGrpc.java:start(149)) - XceiverServerGrpc 22ce8828-227f-4dc0-b18d-7dd0e804d0e2 is started using port 43165
2019-10-08 01:49:10,243 [main] INFO  ozone.MiniOzoneClusterImpl (MiniOzoneClusterImpl.java:lambda$waitForClusterToBeReady$0(147)) - Waiting for cluster to be ready. Got 0 of 7 DN Heartbeats.
2019-10-08 01:49:10,256 [Datanode State Machine Thread - 0] INFO  ozoneimpl.OzoneContainer (OzoneContainer.java:start(213)) - Attempting to start container services.
2019-10-08 01:49:10,256 [Datanode State Machine Thread - 0] INFO  ozoneimpl.OzoneContainer (OzoneContainer.java:startContainerScrub(177)) - Background container scanner has been disabled.
2019-10-08 01:49:10,256 [Datanode State Machine Thread - 0] INFO  ratis.XceiverServerRatis (XceiverServerRatis.java:start(418)) - Starting XceiverServerRatis c570d380-d801-4606-b2cf-f87d47875c7a at port 0
2019-10-08 01:49:10,263 [Datanode State Machine Thread - 0] INFO  impl.RaftServerProxy (RaftServerProxy.java:lambda$start$3(299)) - c570d380-d801-4606-b2cf-f87d47875c7a: start RPC server
2019-10-08 01:49:10,267 [Datanode State Machine Thread - 0] INFO  server.GrpcService (GrpcService.java:startImpl(158)) - c570d380-d801-4606-b2cf-f87d47875c7a: GrpcService started, listening on 0.0.0.0/0.0.0.0:41347
2019-10-08 01:49:10,267 [Datanode State Machine Thread - 0] INFO  ratis.XceiverServerRatis (XceiverServerRatis.java:start(428)) - XceiverServerRatis c570d380-d801-4606-b2cf-f87d47875c7a is started using port 41347
2019-10-08 01:49:10,267 [Datanode State Machine Thread - 0] INFO  server.XceiverServerGrpc (XceiverServerGrpc.java:start(149)) - XceiverServerGrpc c570d380-d801-4606-b2cf-f87d47875c7a is started using port 46121
2019-10-08 01:49:11,244 [main] INFO  ozone.MiniOzoneClusterImpl (MiniOzoneClusterImpl.java:lambda$waitForClusterToBeReady$0(147)) - Waiting for cluster to be ready. Got 0 of 7 DN Heartbeats.
2019-10-08 01:49:11,831 [IPC Server handler 5 on 36383] INFO  net.NetworkTopology (NetworkTopologyImpl.java:add(111)) - Added a new node: /default-rack/f22219fc-627f-4d4c-bca0-ba09b570fb17
2019-10-08 01:49:11,834 [IPC Server handler 5 on 36383] INFO  node.SCMNodeManager (SCMNodeManager.java:register(268)) - Registered Data node : f22219fc-627f-4d4c-bca0-ba09b570fb17{ip: 192.168.164.245, host: pr-hdds-2217-dx9m9-1464909746, networkLocation: /default-rack, certSerialId: null}
2019-10-08 01:49:11,835 [EventQueue-NodeRegistrationContainerReportForDataNodeSafeModeRule] INFO  safemode.SCMSafeModeManager (DataNodeSafeModeRule.java:process(71)) - SCM in safe mode. 1 DataNodes registered, 1 required.
2019-10-08 01:49:11,838 [EventQueue-NodeRegistrationContainerReportForDataNodeSafeModeRule] INFO  safemode.SCMSafeModeManager (SCMSafeModeManager.java:validateSafeModeExitRules(177)) - ScmSafeModeManager, all rules are successfully validated
2019-10-08 01:49:11,838 [EventQueue-NodeRegistrationContainerReportForDataNodeSafeModeRule] INFO  safemode.SCMSafeModeManager (SCMSafeModeManager.java:exitSafeMode(193)) - SCM exiting safe mode.
2019-10-08 01:49:11,849 [grpc-default-executor-5] INFO  impl.RaftServerProxy (RaftServerProxy.java:addNew(89)) - f22219fc-627f-4d4c-bca0-ba09b570fb17: addNew group-2201F57108F4:[f22219fc-627f-4d4c-bca0-ba09b570fb17:192.168.164.245:43162] returns group-2201F57108F4:java.util.concurrent.CompletableFuture@371c42a0[Not completed]
2019-10-08 01:49:11,851 [pool-409-thread-1] INFO  impl.RaftServerImpl (RaftServerImpl.java:<init>(95)) - f22219fc-627f-4d4c-bca0-ba09b570fb17: new RaftServerImpl for group-2201F57108F4:[f22219fc-627f-4d4c-bca0-ba09b570fb17:192.168.164.245:43162] with ContainerStateMachine:uninitialized
2019-10-08 01:49:11,851 [pool-409-thread-1] INFO  server.RaftServerConfigKeys (ConfUtils.java:logGet(43)) - raft.server.rpc.timeout.min = 5s (custom)
2019-10-08 01:49:11,851 [pool-409-thread-1] INFO  server.RaftServerConfigKeys (ConfUtils.java:logGet(43)) - raft.server.rpc.timeout.max = 5200ms (custom)
2019-10-08 01:49:11,852 [pool-409-thread-1] INFO  server.RaftServerConfigKeys (ConfUtils.java:logGet(43)) - raft.server.rpcslowness.timeout = 120s (custom)
2019-10-08 01:49:11,852 [pool-409-thread-1] INFO  server.RaftServerConfigKeys (ConfUtils.java:logGet(43)) - raft.server.sleep.deviation.threshold = 300 (default)
2019-10-08 01:49:11,852 [pool-409-thread-1] INFO  server.RaftServerConfigKeys (ConfUtils.java:logGet(43)) - raft.server.log.appender.install.snapshot.enabled = false (custom)
2019-10-08 01:49:11,852 [pool-409-thread-1] INFO  impl.RaftServerImpl (ServerState.java:<init>(103)) - f22219fc-627f-4d4c-bca0-ba09b570fb17@group-2201F57108F4: ConfigurationManager, init=-1: [f22219fc-627f-4d4c-bca0-ba09b570fb17:192.168.164.245:43162], old=null, confs=<EMPTY_MAP>
2019-10-08 01:49:11,852 [pool-409-thread-1] INFO  server.RaftServerConfigKeys (ConfUtils.java:logGet(43)) - raft.server.storage.dir = [/workdir/hadoop-ozone/integration-test/target/test-dir/MiniOzoneClusterImpl-48300439-3108-4bf8-abc6-2f6a7ff3a36f/datanode-0/data/ratis] (custom)
2019-10-08 01:49:11,853 [pool-409-thread-1] INFO  server.RaftServerConfigKeys (ConfUtils.java:logGet(43)) - raft.server.log.corruption.policy = EXCEPTION (default)
2019-10-08 01:49:11,853 [pool-409-thread-1] INFO  storage.RaftStorageDirectory (RaftStorageDirectory.java:analyzeStorage(246)) - The storage directory /workdir/hadoop-ozone/integration-test/target/test-dir/MiniOzoneClusterImpl-48300439-3108-4bf8-abc6-2f6a7ff3a36f/datanode-0/data/ratis/923c0813-dff4-4130-8ab4-2201f57108f4 does not exist. Creating ...
2019-10-08 01:49:11,867 [pool-409-thread-1] INFO  storage.RaftStorageDirectory (RaftStorageDirectory.java:tryLock(328)) - Lock on /workdir/hadoop-ozone/integration-test/target/test-dir/MiniOzoneClusterImpl-48300439-3108-4bf8-abc6-2f6a7ff3a36f/datanode-0/data/ratis/923c0813-dff4-4130-8ab4-2201f57108f4/in_use.lock acquired by nodename 13112@pr-hdds-2217-dx9m9-1464909746
2019-10-08 01:49:11,881 [pool-409-thread-1] INFO  storage.RaftStorage (RaftStorage.java:format(84)) - Storage directory /workdir/hadoop-ozone/integration-test/target/test-dir/MiniOzoneClusterImpl-48300439-3108-4bf8-abc6-2f6a7ff3a36f/datanode-0/data/ratis/923c0813-dff4-4130-8ab4-2201f57108f4 has been successfully formatted.
2019-10-08 01:49:11,881 [pool-409-thread-1] INFO  ratis.ContainerStateMachine (ContainerStateMachine.java:loadSnapshot(231)) - group-2201F57108F4: The snapshot info is null. Setting the last applied indexto:(t:0, i:~)
2019-10-08 01:49:11,881 [pool-409-thread-1] INFO  server.RaftServerConfigKeys (ConfUtils.java:logGet(43)) - raft.server.notification.no-leader.timeout = 120s (custom)
2019-10-08 01:49:11,882 [pool-409-thread-1] INFO  server.RaftServerConfigKeys (ConfUtils.java:logGet(43)) - raft.server.log.use.memory = false (default)
2019-10-08 01:49:11,882 [pool-409-thread-1] INFO  server.RaftServerConfigKeys (ConfUtils.java:logGet(43)) - raft.server.log.purge.gap = 1000000 (custom)
2019-10-08 01:49:11,882 [pool-409-thread-1] INFO  server.RaftServerConfigKeys (ConfUtils.java:logGet(43)) - raft.server.log.appender.buffer.byte-limit = 33554432 (custom)
2019-10-08 01:49:11,882 [pool-409-thread-1] INFO  server.RaftServerConfigKeys (ConfUtils.java:logGet(43)) - raft.server.log.segment.size.max = 1048576 (custom)
2019-10-08 01:49:11,884 [pool-409-thread-1] INFO  server.RaftServerConfigKeys (ConfUtils.java:logGet(43)) - raft.server.log.segment.cache.num.max = 2 (custom)
2019-10-08 01:49:11,884 [pool-409-thread-1] INFO  segmented.SegmentedRaftLogWorker (SegmentedRaftLogWorker.java:<init>(173)) - new f22219fc-627f-4d4c-bca0-ba09b570fb17@group-2201F57108F4-SegmentedRaftLogWorker for RaftStorage:Storage Directory /workdir/hadoop-ozone/integration-test/target/test-dir/MiniOzoneClusterImpl-48300439-3108-4bf8-abc6-2f6a7ff3a36f/datanode-0/data/ratis/923c0813-dff4-4130-8ab4-2201f57108f4
2019-10-08 01:49:11,884 [pool-409-thread-1] INFO  server.RaftServerConfigKeys (ConfUtils.java:logGet(43)) - raft.server.log.queue.byte-limit = 2147483647 (custom)
2019-10-08 01:49:11,884 [pool-409-thread-1] INFO  server.RaftServerConfigKeys (ConfUtils.java:logGet(43)) - raft.server.log.queue.element-limit = 1024 (custom)
2019-10-08 01:49:11,884 [pool-409-thread-1] INFO  server.RaftServerConfigKeys (ConfUtils.java:logGet(43)) - raft.server.log.segment.size.max = 1048576 (custom)
2019-10-08 01:49:11,885 [pool-409-thread-1] INFO  server.RaftServerConfigKeys (ConfUtils.java:logGet(43)) - raft.server.log.preallocated.size = 16384 (custom)
2019-10-08 01:49:11,885 [pool-409-thread-1] INFO  server.RaftServerConfigKeys (ConfUtils.java:logGet(43)) - raft.server.log.write.buffer.size = 33554432 (custom)
2019-10-08 01:49:11,885 [pool-409-thread-1] INFO  server.RaftServerConfigKeys (ConfUtils.java:logGet(43)) - raft.server.log.force.sync.num = 128 (default)
2019-10-08 01:49:11,885 [pool-409-thread-1] INFO  server.RaftServerConfigKeys (ConfUtils.java:logGet(43)) - raft.server.log.statemachine.data.sync = true (default)
2019-10-08 01:49:11,885 [pool-409-thread-1] INFO  server.RaftServerConfigKeys (ConfUtils.java:logGet(43)) - raft.server.log.statemachine.data.sync.timeout = 10s (default)
2019-10-08 01:49:11,885 [pool-409-thread-1] INFO  server.RaftServerConfigKeys (ConfUtils.java:logGet(43)) - raft.server.log.statemachine.data.sync.timeout.retry = -1 (default)
2019-10-08 01:49:11,886 [pool-409-thread-1] INFO  server.RaftServerConfigKeys (ConfUtils.java:logGet(43)) - raft.server.log.statemachine.data.caching.enabled = true (custom)
2019-10-08 01:49:11,886 [pool-409-thread-1] INFO  segmented.SegmentedRaftLogWorker (SegmentedRaftLogWorker.java:lambda$new$0(128)) - f22219fc-627f-4d4c-bca0-ba09b570fb17@group-2201F57108F4-SegmentedRaftLogWorker: flushIndex: setUnconditionally 0 -> -1
2019-10-08 01:49:11,886 [pool-409-thread-1] INFO  server.RaftServerConfigKeys (ConfUtils.java:logGet(43)) - raft.server.snapshot.auto.trigger.enabled = true (custom)
2019-10-08 01:49:11,886 [pool-409-thread-1] INFO  server.RaftServerConfigKeys (ConfUtils.java:logGet(43)) - raft.server.snapshot.auto.trigger.threshold = 10000 (custom)
2019-10-08 01:49:11,887 [pool-409-thread-1] INFO  server.RaftServerConfigKeys (ConfUtils.java:logGet(43)) - raft.server.snapshot.retention.file.num = 5 (custom)
2019-10-08 01:49:11,887 [pool-409-thread-1] INFO  server.RaftServerConfigKeys (ConfUtils.java:logGet(43)) - raft.server.retrycache.expirytime = 600000ms (custom)
2019-10-08 01:49:11,889 [pool-409-thread-1] INFO  impl.RaftServerImpl (RaftServerImpl.java:start(181)) - f22219fc-627f-4d4c-bca0-ba09b570fb17@group-2201F57108F4: start as a follower, conf=-1: [f22219fc-627f-4d4c-bca0-ba09b570fb17:192.168.164.245:43162], old=null
2019-10-08 01:49:11,889 [pool-409-thread-1] INFO  impl.RaftServerImpl (RaftServerImpl.java:setRole(170)) - f22219fc-627f-4d4c-bca0-ba09b570fb17@group-2201F57108F4: changes role from      null to FOLLOWER at term 0 for startAsFollower
2019-10-08 01:49:11,889 [pool-409-thread-1] INFO  impl.RoleInfo (RoleInfo.java:updateAndGet(143)) - f22219fc-627f-4d4c-bca0-ba09b570fb17: start FollowerState
2019-10-08 01:49:11,889 [pool-409-thread-1] INFO  util.JmxRegister (JmxRegister.java:tryRegister(44)) - Successfully registered JMX Bean with object name Ratis:service=RaftServer,group=group-2201F57108F4,id=f22219fc-627f-4d4c-bca0-ba09b570fb17
2019-10-08 01:49:11,893 [RatisPipelineUtilsThread] INFO  pipeline.PipelineStateManager (PipelineStateManager.java:addPipeline(56)) - Created pipeline Pipeline[ Id: 923c0813-dff4-4130-8ab4-2201f57108f4, Nodes: f22219fc-627f-4d4c-bca0-ba09b570fb17{ip: 192.168.164.245, host: pr-hdds-2217-dx9m9-1464909746, networkLocation: /default-rack, certSerialId: null}, Type:RATIS, Factor:ONE, State:OPEN]
2019-10-08 01:49:11,899 [IPC Server handler 0 on 36383] INFO  net.NetworkTopology (NetworkTopologyImpl.java:add(111)) - Added a new node: /default-rack/d67dbc00-9c73-4d3d-8b9c-bdbe6ad1b760
2019-10-08 01:49:11,900 [IPC Server handler 0 on 36383] INFO  node.SCMNodeManager (SCMNodeManager.java:register(268)) - Registered Data node : d67dbc00-9c73-4d3d-8b9c-bdbe6ad1b760{ip: 192.168.164.245, host: pr-hdds-2217-dx9m9-1464909746, networkLocation: /default-rack, certSerialId: null}
2019-10-08 01:49:11,906 [grpc-default-executor-5] INFO  impl.RaftServerProxy (RaftServerProxy.java:addNew(89)) - d67dbc00-9c73-4d3d-8b9c-bdbe6ad1b760: addNew group-C16244C5BC36:[d67dbc00-9c73-4d3d-8b9c-bdbe6ad1b760:192.168.164.245:46526] returns group-C16244C5BC36:java.util.concurrent.CompletableFuture@72b690d9[Not completed]
2019-10-08 01:49:11,907 [pool-419-thread-1] INFO  impl.RaftServerImpl (RaftServerImpl.java:<init>(95)) - d67dbc00-9c73-4d3d-8b9c-bdbe6ad1b760: new RaftServerImpl for group-C16244C5BC36:[d67dbc00-9c73-4d3d-8b9c-bdbe6ad1b760:192.168.164.245:46526] with ContainerStateMachine:uninitialized
2019-10-08 01:49:11,907 [pool-419-thread-1] INFO  server.RaftServerConfigKeys (ConfUtils.java:logGet(43)) - raft.server.rpc.timeout.min = 5s (custom)
2019-10-08 01:49:11,907 [pool-419-thread-1] INFO  server.RaftServerConfigKeys (ConfUtils.java:logGet(43)) - raft.server.rpc.timeout.max = 5200ms (custom)
2019-10-08 01:49:11,907 [pool-419-thread-1] INFO  server.RaftServerConfigKeys (ConfUtils.java:logGet(43)) - raft.server.rpcslowness.timeout = 120s (custom)
2019-10-08 01:49:11,908 [pool-419-thread-1] INFO  server.RaftServerConfigKeys (ConfUtils.java:logGet(43)) - raft.server.sleep.deviation.threshold = 300 (default)
2019-10-08 01:49:11,908 [pool-419-thread-1] INFO  server.RaftServerConfigKeys (ConfUtils.java:logGet(43)) - raft.server.log.appender.install.snapshot.enabled = false (custom)
2019-10-08 01:49:11,908 [pool-419-thread-1] INFO  impl.RaftServerImpl (ServerState.java:<init>(103)) - d67dbc00-9c73-4d3d-8b9c-bdbe6ad1b760@group-C16244C5BC36: ConfigurationManager, init=-1: [d67dbc00-9c73-4d3d-8b9c-bdbe6ad1b760:192.168.164.245:46526], old=null, confs=<EMPTY_MAP>
2019-10-08 01:49:11,908 [pool-419-thread-1] INFO  server.RaftServerConfigKeys (ConfUtils.java:logGet(43)) - raft.server.storage.dir = [/workdir/hadoop-ozone/integration-test/target/test-dir/MiniOzoneClusterImpl-48300439-3108-4bf8-abc6-2f6a7ff3a36f/datanode-1/data/ratis] (custom)
2019-10-08 01:49:11,908 [pool-419-thread-1] INFO  server.RaftServerConfigKeys (ConfUtils.java:logGet(43)) - raft.server.log.corruption.policy = EXCEPTION (default)
2019-10-08 01:49:11,908 [pool-419-thread-1] INFO  storage.RaftStorageDirectory (RaftStorageDirectory.java:analyzeStorage(246)) - The storage directory /workdir/hadoop-ozone/integration-test/target/test-dir/MiniOzoneClusterImpl-48300439-3108-4bf8-abc6-2f6a7ff3a36f/datanode-1/data/ratis/4bab718e-2642-454f-ac99-c16244c5bc36 does not exist. Creating ...
2019-10-08 01:49:11,921 [pool-419-thread-1] INFO  storage.RaftStorageDirectory (RaftStorageDirectory.java:tryLock(328)) - Lock on /workdir/hadoop-ozone/integration-test/target/test-dir/MiniOzoneClusterImpl-48300439-3108-4bf8-abc6-2f6a7ff3a36f/datanode-1/data/ratis/4bab718e-2642-454f-ac99-c16244c5bc36/in_use.lock acquired by nodename 13112@pr-hdds-2217-dx9m9-1464909746
2019-10-08 01:49:11,934 [pool-419-thread-1] INFO  storage.RaftStorage (RaftStorage.java:format(84)) - Storage directory /workdir/hadoop-ozone/integration-test/target/test-dir/MiniOzoneClusterImpl-48300439-3108-4bf8-abc6-2f6a7ff3a36f/datanode-1/data/ratis/4bab718e-2642-454f-ac99-c16244c5bc36 has been successfully formatted.
2019-10-08 01:49:11,934 [pool-419-thread-1] INFO  ratis.ContainerStateMachine (ContainerStateMachine.java:loadSnapshot(231)) - group-C16244C5BC36: The snapshot info is null. Setting the last applied indexto:(t:0, i:~)
2019-10-08 01:49:11,934 [pool-419-thread-1] INFO  server.RaftServerConfigKeys (ConfUtils.java:logGet(43)) - raft.server.notification.no-leader.timeout = 120s (custom)
2019-10-08 01:49:11,934 [pool-419-thread-1] INFO  server.RaftServerConfigKeys (ConfUtils.java:logGet(43)) - raft.server.log.use.memory = false (default)
2019-10-08 01:49:11,934 [pool-419-thread-1] INFO  server.RaftServerConfigKeys (ConfUtils.java:logGet(43)) - raft.server.log.purge.gap = 1000000 (custom)
2019-10-08 01:49:11,934 [pool-419-thread-1] INFO  server.RaftServerConfigKeys (ConfUtils.java:logGet(43)) - raft.server.log.appender.buffer.byte-limit = 33554432 (custom)
2019-10-08 01:49:11,935 [pool-419-thread-1] INFO  server.RaftServerConfigKeys (ConfUtils.java:logGet(43)) - raft.server.log.segment.size.max = 1048576 (custom)
2019-10-08 01:49:11,936 [pool-419-thread-1] INFO  server.RaftServerConfigKeys (ConfUtils.java:logGet(43)) - raft.server.log.segment.cache.num.max = 2 (custom)
2019-10-08 01:49:11,936 [pool-419-thread-1] INFO  segmented.SegmentedRaftLogWorker (SegmentedRaftLogWorker.java:<init>(173)) - new d67dbc00-9c73-4d3d-8b9c-bdbe6ad1b760@group-C16244C5BC36-SegmentedRaftLogWorker for RaftStorage:Storage Directory /workdir/hadoop-ozone/integration-test/target/test-dir/MiniOzoneClusterImpl-48300439-3108-4bf8-abc6-2f6a7ff3a36f/datanode-1/data/ratis/4bab718e-2642-454f-ac99-c16244c5bc36
2019-10-08 01:49:11,936 [pool-419-thread-1] INFO  server.RaftServerConfigKeys (ConfUtils.java:logGet(43)) - raft.server.log.queue.byte-limit = 2147483647 (custom)
2019-10-08 01:49:11,936 [pool-419-thread-1] INFO  server.RaftServerConfigKeys (ConfUtils.java:logGet(43)) - raft.server.log.queue.element-limit = 1024 (custom)
2019-10-08 01:49:11,936 [pool-419-thread-1] INFO  server.RaftServerConfigKeys (ConfUtils.java:logGet(43)) - raft.server.log.segment.size.max = 1048576 (custom)
2019-10-08 01:49:11,936 [pool-419-thread-1] INFO  server.RaftServerConfigKeys (ConfUtils.java:logGet(43)) - raft.server.log.preallocated.size = 16384 (custom)
2019-10-08 01:49:11,936 [pool-419-thread-1] INFO  server.RaftServerConfigKeys (ConfUtils.java:logGet(43)) - raft.server.log.write.buffer.size = 33554432 (custom)
2019-10-08 01:49:11,936 [pool-419-thread-1] INFO  server.RaftServerConfigKeys (ConfUtils.java:logGet(43)) - raft.server.log.force.sync.num = 128 (default)
2019-10-08 01:49:11,937 [pool-419-thread-1] INFO  server.RaftServerConfigKeys (ConfUtils.java:logGet(43)) - raft.server.log.statemachine.data.sync = true (default)
2019-10-08 01:49:11,937 [pool-419-thread-1] INFO  server.RaftServerConfigKeys (ConfUtils.java:logGet(43)) - raft.server.log.statemachine.data.sync.timeout = 10s (default)
2019-10-08 01:49:11,937 [pool-419-thread-1] INFO  server.RaftServerConfigKeys (ConfUtils.java:logGet(43)) - raft.server.log.statemachine.data.sync.timeout.retry = -1 (default)
2019-10-08 01:49:11,937 [pool-419-thread-1] INFO  server.RaftServerConfigKeys (ConfUtils.java:logGet(43)) - raft.server.log.statemachine.data.caching.enabled = true (custom)
2019-10-08 01:49:11,937 [pool-419-thread-1] INFO  segmented.SegmentedRaftLogWorker (SegmentedRaftLogWorker.java:lambda$new$0(128)) - d67dbc00-9c73-4d3d-8b9c-bdbe6ad1b760@group-C16244C5BC36-SegmentedRaftLogWorker: flushIndex: setUnconditionally 0 -> -1
2019-10-08 01:49:11,937 [pool-419-thread-1] INFO  server.RaftServerConfigKeys (ConfUtils.java:logGet(43)) - raft.server.snapshot.auto.trigger.enabled = true (custom)
2019-10-08 01:49:11,938 [pool-419-thread-1] INFO  server.RaftServerConfigKeys (ConfUtils.java:logGet(43)) - raft.server.snapshot.auto.trigger.threshold = 10000 (custom)
2019-10-08 01:49:11,938 [pool-419-thread-1] INFO  server.RaftServerConfigKeys (ConfUtils.java:logGet(43)) - raft.server.snapshot.retention.file.num = 5 (custom)
2019-10-08 01:49:11,938 [pool-419-thread-1] INFO  server.RaftServerConfigKeys (ConfUtils.java:logGet(43)) - raft.server.retrycache.expirytime = 600000ms (custom)
2019-10-08 01:49:11,939 [pool-419-thread-1] INFO  impl.RaftServerImpl (RaftServerImpl.java:start(181)) - d67dbc00-9c73-4d3d-8b9c-bdbe6ad1b760@group-C16244C5BC36: start as a follower, conf=-1: [d67dbc00-9c73-4d3d-8b9c-bdbe6ad1b760:192.168.164.245:46526], old=null
2019-10-08 01:49:11,939 [pool-419-thread-1] INFO  impl.RaftServerImpl (RaftServerImpl.java:setRole(170)) - d67dbc00-9c73-4d3d-8b9c-bdbe6ad1b760@group-C16244C5BC36: changes role from      null to FOLLOWER at term 0 for startAsFollower
2019-10-08 01:49:11,939 [pool-419-thread-1] INFO  impl.RoleInfo (RoleInfo.java:updateAndGet(143)) - d67dbc00-9c73-4d3d-8b9c-bdbe6ad1b760: start FollowerState
2019-10-08 01:49:11,939 [pool-419-thread-1] INFO  util.JmxRegister (JmxRegister.java:tryRegister(44)) - Successfully registered JMX Bean with object name Ratis:service=RaftServer,group=group-C16244C5BC36,id=d67dbc00-9c73-4d3d-8b9c-bdbe6ad1b760
2019-10-08 01:49:11,943 [RatisPipelineUtilsThread] INFO  pipeline.PipelineStateManager (PipelineStateManager.java:addPipeline(56)) - Created pipeline Pipeline[ Id: 4bab718e-2642-454f-ac99-c16244c5bc36, Nodes: d67dbc00-9c73-4d3d-8b9c-bdbe6ad1b760{ip: 192.168.164.245, host: pr-hdds-2217-dx9m9-1464909746, networkLocation: /default-rack, certSerialId: null}, Type:RATIS, Factor:ONE, State:OPEN]
2019-10-08 01:49:11,966 [IPC Server handler 6 on 36383] INFO  net.NetworkTopology (NetworkTopologyImpl.java:add(111)) - Added a new node: /default-rack/5547f8bc-760f-469a-93a4-e6ea00b9d405
2019-10-08 01:49:11,966 [IPC Server handler 6 on 36383] INFO  node.SCMNodeManager (SCMNodeManager.java:register(268)) - Registered Data node : 5547f8bc-760f-469a-93a4-e6ea00b9d405{ip: 192.168.164.245, host: pr-hdds-2217-dx9m9-1464909746, networkLocation: /default-rack, certSerialId: null}
2019-10-08 01:49:11,972 [grpc-default-executor-5] INFO  impl.RaftServerProxy (RaftServerProxy.java:addNew(89)) - 5547f8bc-760f-469a-93a4-e6ea00b9d405: addNew group-B6A1048D7F50:[5547f8bc-760f-469a-93a4-e6ea00b9d405:192.168.164.245:36059] returns group-B6A1048D7F50:java.util.concurrent.CompletableFuture@1ddc45d6[Not completed]
2019-10-08 01:49:11,974 [pool-429-thread-1] INFO  impl.RaftServerImpl (RaftServerImpl.java:<init>(95)) - 5547f8bc-760f-469a-93a4-e6ea00b9d405: new RaftServerImpl for group-B6A1048D7F50:[5547f8bc-760f-469a-93a4-e6ea00b9d405:192.168.164.245:36059] with ContainerStateMachine:uninitialized
2019-10-08 01:49:11,974 [pool-429-thread-1] INFO  server.RaftServerConfigKeys (ConfUtils.java:logGet(43)) - raft.server.rpc.timeout.min = 5s (custom)
2019-10-08 01:49:11,974 [pool-429-thread-1] INFO  server.RaftServerConfigKeys (ConfUtils.java:logGet(43)) - raft.server.rpc.timeout.max = 5200ms (custom)
2019-10-08 01:49:11,974 [pool-429-thread-1] INFO  server.RaftServerConfigKeys (ConfUtils.java:logGet(43)) - raft.server.rpcslowness.timeout = 120s (custom)
2019-10-08 01:49:11,974 [pool-429-thread-1] INFO  server.RaftServerConfigKeys (ConfUtils.java:logGet(43)) - raft.server.sleep.deviation.threshold = 300 (default)
2019-10-08 01:49:11,975 [pool-429-thread-1] INFO  server.RaftServerConfigKeys (ConfUtils.java:logGet(43)) - raft.server.log.appender.install.snapshot.enabled = false (custom)
2019-10-08 01:49:11,975 [pool-429-thread-1] INFO  impl.RaftServerImpl (ServerState.java:<init>(103)) - 5547f8bc-760f-469a-93a4-e6ea00b9d405@group-B6A1048D7F50: ConfigurationManager, init=-1: [5547f8bc-760f-469a-93a4-e6ea00b9d405:192.168.164.245:36059], old=null, confs=<EMPTY_MAP>
2019-10-08 01:49:11,975 [pool-429-thread-1] INFO  server.RaftServerConfigKeys (ConfUtils.java:logGet(43)) - raft.server.storage.dir = [/workdir/hadoop-ozone/integration-test/target/test-dir/MiniOzoneClusterImpl-48300439-3108-4bf8-abc6-2f6a7ff3a36f/datanode-2/data/ratis] (custom)
2019-10-08 01:49:11,975 [pool-429-thread-1] INFO  server.RaftServerConfigKeys (ConfUtils.java:logGet(43)) - raft.server.log.corruption.policy = EXCEPTION (default)
2019-10-08 01:49:11,976 [pool-429-thread-1] INFO  storage.RaftStorageDirectory (RaftStorageDirectory.java:analyzeStorage(246)) - The storage directory /workdir/hadoop-ozone/integration-test/target/test-dir/MiniOzoneClusterImpl-48300439-3108-4bf8-abc6-2f6a7ff3a36f/datanode-2/data/ratis/992c7f18-9974-4cd2-84ec-b6a1048d7f50 does not exist. Creating ...
2019-10-08 01:49:11,989 [pool-429-thread-1] INFO  storage.RaftStorageDirectory (RaftStorageDirectory.java:tryLock(328)) - Lock on /workdir/hadoop-ozone/integration-test/target/test-dir/MiniOzoneClusterImpl-48300439-3108-4bf8-abc6-2f6a7ff3a36f/datanode-2/data/ratis/992c7f18-9974-4cd2-84ec-b6a1048d7f50/in_use.lock acquired by nodename 13112@pr-hdds-2217-dx9m9-1464909746
2019-10-08 01:49:12,002 [pool-429-thread-1] INFO  storage.RaftStorage (RaftStorage.java:format(84)) - Storage directory /workdir/hadoop-ozone/integration-test/target/test-dir/MiniOzoneClusterImpl-48300439-3108-4bf8-abc6-2f6a7ff3a36f/datanode-2/data/ratis/992c7f18-9974-4cd2-84ec-b6a1048d7f50 has been successfully formatted.
2019-10-08 01:49:12,002 [pool-429-thread-1] INFO  ratis.ContainerStateMachine (ContainerStateMachine.java:loadSnapshot(231)) - group-B6A1048D7F50: The snapshot info is null. Setting the last applied indexto:(t:0, i:~)
2019-10-08 01:49:12,002 [pool-429-thread-1] INFO  server.RaftServerConfigKeys (ConfUtils.java:logGet(43)) - raft.server.notification.no-leader.timeout = 120s (custom)
2019-10-08 01:49:12,002 [pool-429-thread-1] INFO  server.RaftServerConfigKeys (ConfUtils.java:logGet(43)) - raft.server.log.use.memory = false (default)
2019-10-08 01:49:12,002 [pool-429-thread-1] INFO  server.RaftServerConfigKeys (ConfUtils.java:logGet(43)) - raft.server.log.purge.gap = 1000000 (custom)
2019-10-08 01:49:12,002 [pool-429-thread-1] INFO  server.RaftServerConfigKeys (ConfUtils.java:logGet(43)) - raft.server.log.appender.buffer.byte-limit = 33554432 (custom)
2019-10-08 01:49:12,003 [pool-429-thread-1] INFO  server.RaftServerConfigKeys (ConfUtils.java:logGet(43)) - raft.server.log.segment.size.max = 1048576 (custom)
2019-10-08 01:49:12,004 [pool-429-thread-1] INFO  server.RaftServerConfigKeys (ConfUtils.java:logGet(43)) - raft.server.log.segment.cache.num.max = 2 (custom)
2019-10-08 01:49:12,005 [pool-429-thread-1] INFO  segmented.SegmentedRaftLogWorker (SegmentedRaftLogWorker.java:<init>(173)) - new 5547f8bc-760f-469a-93a4-e6ea00b9d405@group-B6A1048D7F50-SegmentedRaftLogWorker for RaftStorage:Storage Directory /workdir/hadoop-ozone/integration-test/target/test-dir/MiniOzoneClusterImpl-48300439-3108-4bf8-abc6-2f6a7ff3a36f/datanode-2/data/ratis/992c7f18-9974-4cd2-84ec-b6a1048d7f50
2019-10-08 01:49:12,005 [pool-429-thread-1] INFO  server.RaftServerConfigKeys (ConfUtils.java:logGet(43)) - raft.server.log.queue.byte-limit = 2147483647 (custom)
2019-10-08 01:49:12,005 [pool-429-thread-1] INFO  server.RaftServerConfigKeys (ConfUtils.java:logGet(43)) - raft.server.log.queue.element-limit = 1024 (custom)
2019-10-08 01:49:12,005 [pool-429-thread-1] INFO  server.RaftServerConfigKeys (ConfUtils.java:logGet(43)) - raft.server.log.segment.size.max = 1048576 (custom)
2019-10-08 01:49:12,005 [pool-429-thread-1] INFO  server.RaftServerConfigKeys (ConfUtils.java:logGet(43)) - raft.server.log.preallocated.size = 16384 (custom)
2019-10-08 01:49:12,005 [pool-429-thread-1] INFO  server.RaftServerConfigKeys (ConfUtils.java:logGet(43)) - raft.server.log.write.buffer.size = 33554432 (custom)
2019-10-08 01:49:12,005 [pool-429-thread-1] INFO  server.RaftServerConfigKeys (ConfUtils.java:logGet(43)) - raft.server.log.force.sync.num = 128 (default)
2019-10-08 01:49:12,005 [pool-429-thread-1] INFO  server.RaftServerConfigKeys (ConfUtils.java:logGet(43)) - raft.server.log.statemachine.data.sync = true (default)
2019-10-08 01:49:12,006 [pool-429-thread-1] INFO  server.RaftServerConfigKeys (ConfUtils.java:logGet(43)) - raft.server.log.statemachine.data.sync.timeout = 10s (default)
2019-10-08 01:49:12,006 [pool-429-thread-1] INFO  server.RaftServerConfigKeys (ConfUtils.java:logGet(43)) - raft.server.log.statemachine.data.sync.timeout.retry = -1 (default)
2019-10-08 01:49:12,006 [pool-429-thread-1] INFO  server.RaftServerConfigKeys (ConfUtils.java:logGet(43)) - raft.server.log.statemachine.data.caching.enabled = true (custom)
2019-10-08 01:49:12,006 [pool-429-thread-1] INFO  segmented.SegmentedRaftLogWorker (SegmentedRaftLogWorker.java:lambda$new$0(128)) - 5547f8bc-760f-469a-93a4-e6ea00b9d405@group-B6A1048D7F50-SegmentedRaftLogWorker: flushIndex: setUnconditionally 0 -> -1
2019-10-08 01:49:12,007 [pool-429-thread-1] INFO  server.RaftServerConfigKeys (ConfUtils.java:logGet(43)) - raft.server.snapshot.auto.trigger.enabled = true (custom)
2019-10-08 01:49:12,007 [pool-429-thread-1] INFO  server.RaftServerConfigKeys (ConfUtils.java:logGet(43)) - raft.server.snapshot.auto.trigger.threshold = 10000 (custom)
2019-10-08 01:49:12,007 [pool-429-thread-1] INFO  server.RaftServerConfigKeys (ConfUtils.java:logGet(43)) - raft.server.snapshot.retention.file.num = 5 (custom)
2019-10-08 01:49:12,007 [pool-429-thread-1] INFO  server.RaftServerConfigKeys (ConfUtils.java:logGet(43)) - raft.server.retrycache.expirytime = 600000ms (custom)
2019-10-08 01:49:12,009 [pool-429-thread-1] INFO  impl.RaftServerImpl (RaftServerImpl.java:start(181)) - 5547f8bc-760f-469a-93a4-e6ea00b9d405@group-B6A1048D7F50: start as a follower, conf=-1: [5547f8bc-760f-469a-93a4-e6ea00b9d405:192.168.164.245:36059], old=null
2019-10-08 01:49:12,009 [pool-429-thread-1] INFO  impl.RaftServerImpl (RaftServerImpl.java:setRole(170)) - 5547f8bc-760f-469a-93a4-e6ea00b9d405@group-B6A1048D7F50: changes role from      null to FOLLOWER at term 0 for startAsFollower
2019-10-08 01:49:12,009 [pool-429-thread-1] INFO  impl.RoleInfo (RoleInfo.java:updateAndGet(143)) - 5547f8bc-760f-469a-93a4-e6ea00b9d405: start FollowerState
2019-10-08 01:49:12,010 [pool-429-thread-1] INFO  util.JmxRegister (JmxRegister.java:tryRegister(44)) - Successfully registered JMX Bean with object name Ratis:service=RaftServer,group=group-B6A1048D7F50,id=5547f8bc-760f-469a-93a4-e6ea00b9d405
2019-10-08 01:49:12,013 [RatisPipelineUtilsThread] INFO  pipeline.PipelineStateManager (PipelineStateManager.java:addPipeline(56)) - Created pipeline Pipeline[ Id: 992c7f18-9974-4cd2-84ec-b6a1048d7f50, Nodes: 5547f8bc-760f-469a-93a4-e6ea00b9d405{ip: 192.168.164.245, host: pr-hdds-2217-dx9m9-1464909746, networkLocation: /default-rack, certSerialId: null}, Type:RATIS, Factor:ONE, State:OPEN]
2019-10-08 01:49:12,027 [grpc-default-executor-0] INFO  impl.RaftServerProxy (RaftServerProxy.java:addNew(89)) - f22219fc-627f-4d4c-bca0-ba09b570fb17: addNew group-D54B035B7064:[f22219fc-627f-4d4c-bca0-ba09b570fb17:192.168.164.245:43162, d67dbc00-9c73-4d3d-8b9c-bdbe6ad1b760:192.168.164.245:46526, 5547f8bc-760f-469a-93a4-e6ea00b9d405:192.168.164.245:36059] returns group-D54B035B7064:java.util.concurrent.CompletableFuture@3c7f082[Not completed]
2019-10-08 01:49:12,027 [grpc-default-executor-2] INFO  impl.RaftServerProxy (RaftServerProxy.java:addNew(89)) - 5547f8bc-760f-469a-93a4-e6ea00b9d405: addNew group-D54B035B7064:[f22219fc-627f-4d4c-bca0-ba09b570fb17:192.168.164.245:43162, d67dbc00-9c73-4d3d-8b9c-bdbe6ad1b760:192.168.164.245:46526, 5547f8bc-760f-469a-93a4-e6ea00b9d405:192.168.164.245:36059] returns group-D54B035B7064:java.util.concurrent.CompletableFuture@1ecd521d[Not completed]
2019-10-08 01:49:12,028 [grpc-default-executor-5] INFO  impl.RaftServerProxy (RaftServerProxy.java:addNew(89)) - d67dbc00-9c73-4d3d-8b9c-bdbe6ad1b760: addNew group-D54B035B7064:[f22219fc-627f-4d4c-bca0-ba09b570fb17:192.168.164.245:43162, d67dbc00-9c73-4d3d-8b9c-bdbe6ad1b760:192.168.164.245:46526, 5547f8bc-760f-469a-93a4-e6ea00b9d405:192.168.164.245:36059] returns group-D54B035B7064:java.util.concurrent.CompletableFuture@2a9a4959[Not completed]
2019-10-08 01:49:12,028 [pool-409-thread-1] INFO  impl.RaftServerImpl (RaftServerImpl.java:<init>(95)) - f22219fc-627f-4d4c-bca0-ba09b570fb17: new RaftServerImpl for group-D54B035B7064:[f22219fc-627f-4d4c-bca0-ba09b570fb17:192.168.164.245:43162, d67dbc00-9c73-4d3d-8b9c-bdbe6ad1b760:192.168.164.245:46526, 5547f8bc-760f-469a-93a4-e6ea00b9d405:192.168.164.245:36059] with ContainerStateMachine:uninitialized
2019-10-08 01:49:12,029 [pool-409-thread-1] INFO  server.RaftServerConfigKeys (ConfUtils.java:logGet(43)) - raft.server.rpc.timeout.min = 5s (custom)
2019-10-08 01:49:12,029 [pool-409-thread-1] INFO  server.RaftServerConfigKeys (ConfUtils.java:logGet(43)) - raft.server.rpc.timeout.max = 5200ms (custom)
2019-10-08 01:49:12,029 [pool-409-thread-1] INFO  server.RaftServerConfigKeys (ConfUtils.java:logGet(43)) - raft.server.rpcslowness.timeout = 120s (custom)
2019-10-08 01:49:12,029 [pool-409-thread-1] INFO  server.RaftServerConfigKeys (ConfUtils.java:logGet(43)) - raft.server.sleep.deviation.threshold = 300 (default)
2019-10-08 01:49:12,029 [pool-409-thread-1] INFO  server.RaftServerConfigKeys (ConfUtils.java:logGet(43)) - raft.server.log.appender.install.snapshot.enabled = false (custom)
2019-10-08 01:49:12,029 [pool-409-thread-1] INFO  impl.RaftServerImpl (ServerState.java:<init>(103)) - f22219fc-627f-4d4c-bca0-ba09b570fb17@group-D54B035B7064: ConfigurationManager, init=-1: [f22219fc-627f-4d4c-bca0-ba09b570fb17:192.168.164.245:43162, d67dbc00-9c73-4d3d-8b9c-bdbe6ad1b760:192.168.164.245:46526, 5547f8bc-760f-469a-93a4-e6ea00b9d405:192.168.164.245:36059], old=null, confs=<EMPTY_MAP>
2019-10-08 01:49:12,029 [pool-429-thread-1] INFO  impl.RaftServerImpl (RaftServerImpl.java:<init>(95)) - 5547f8bc-760f-469a-93a4-e6ea00b9d405: new RaftServerImpl for group-D54B035B7064:[f22219fc-627f-4d4c-bca0-ba09b570fb17:192.168.164.245:43162, d67dbc00-9c73-4d3d-8b9c-bdbe6ad1b760:192.168.164.245:46526, 5547f8bc-760f-469a-93a4-e6ea00b9d405:192.168.164.245:36059] with ContainerStateMachine:uninitialized
2019-10-08 01:49:12,030 [pool-409-thread-1] INFO  server.RaftServerConfigKeys (ConfUtils.java:logGet(43)) - raft.server.storage.dir = [/workdir/hadoop-ozone/integration-test/target/test-dir/MiniOzoneClusterImpl-48300439-3108-4bf8-abc6-2f6a7ff3a36f/datanode-0/data/ratis] (custom)
2019-10-08 01:49:12,030 [pool-429-thread-1] INFO  server.RaftServerConfigKeys (ConfUtils.java:logGet(43)) - raft.server.rpc.timeout.min = 5s (custom)
2019-10-08 01:49:12,030 [pool-409-thread-1] INFO  server.RaftServerConfigKeys (ConfUtils.java:logGet(43)) - raft.server.log.corruption.policy = EXCEPTION (default)
2019-10-08 01:49:12,030 [pool-419-thread-1] INFO  impl.RaftServerImpl (RaftServerImpl.java:<init>(95)) - d67dbc00-9c73-4d3d-8b9c-bdbe6ad1b760: new RaftServerImpl for group-D54B035B7064:[f22219fc-627f-4d4c-bca0-ba09b570fb17:192.168.164.245:43162, d67dbc00-9c73-4d3d-8b9c-bdbe6ad1b760:192.168.164.245:46526, 5547f8bc-760f-469a-93a4-e6ea00b9d405:192.168.164.245:36059] with ContainerStateMachine:uninitialized
2019-10-08 01:49:12,030 [pool-429-thread-1] INFO  server.RaftServerConfigKeys (ConfUtils.java:logGet(43)) - raft.server.rpc.timeout.max = 5200ms (custom)
2019-10-08 01:49:12,031 [pool-429-thread-1] INFO  server.RaftServerConfigKeys (ConfUtils.java:logGet(43)) - raft.server.rpcslowness.timeout = 120s (custom)
2019-10-08 01:49:12,030 [IPC Server handler 1 on 36383] INFO  net.NetworkTopology (NetworkTopologyImpl.java:add(111)) - Added a new node: /default-rack/bca1e8e3-f332-47c5-ad14-de3fab147c83
2019-10-08 01:49:12,031 [pool-429-thread-1] INFO  server.RaftServerConfigKeys (ConfUtils.java:logGet(43)) - raft.server.sleep.deviation.threshold = 300 (default)
2019-10-08 01:49:12,030 [pool-419-thread-1] INFO  server.RaftServerConfigKeys (ConfUtils.java:logGet(43)) - raft.server.rpc.timeout.min = 5s (custom)
2019-10-08 01:49:12,030 [pool-409-thread-1] INFO  storage.RaftStorageDirectory (RaftStorageDirectory.java:analyzeStorage(246)) - The storage directory /workdir/hadoop-ozone/integration-test/target/test-dir/MiniOzoneClusterImpl-48300439-3108-4bf8-abc6-2f6a7ff3a36f/datanode-0/data/ratis/404a8dc4-38f3-4f80-91d9-d54b035b7064 does not exist. Creating ...
2019-10-08 01:49:12,031 [pool-419-thread-1] INFO  server.RaftServerConfigKeys (ConfUtils.java:logGet(43)) - raft.server.rpc.timeout.max = 5200ms (custom)
2019-10-08 01:49:12,031 [pool-429-thread-1] INFO  server.RaftServerConfigKeys (ConfUtils.java:logGet(43)) - raft.server.log.appender.install.snapshot.enabled = false (custom)
2019-10-08 01:49:12,031 [IPC Server handler 1 on 36383] INFO  node.SCMNodeManager (SCMNodeManager.java:register(268)) - Registered Data node : bca1e8e3-f332-47c5-ad14-de3fab147c83{ip: 192.168.164.245, host: pr-hdds-2217-dx9m9-1464909746, networkLocation: /default-rack, certSerialId: null}
2019-10-08 01:49:12,032 [pool-429-thread-1] INFO  impl.RaftServerImpl (ServerState.java:<init>(103)) - 5547f8bc-760f-469a-93a4-e6ea00b9d405@group-D54B035B7064: ConfigurationManager, init=-1: [f22219fc-627f-4d4c-bca0-ba09b570fb17:192.168.164.245:43162, d67dbc00-9c73-4d3d-8b9c-bdbe6ad1b760:192.168.164.245:46526, 5547f8bc-760f-469a-93a4-e6ea00b9d405:192.168.164.245:36059], old=null, confs=<EMPTY_MAP>
2019-10-08 01:49:12,032 [pool-419-thread-1] INFO  server.RaftServerConfigKeys (ConfUtils.java:logGet(43)) - raft.server.rpcslowness.timeout = 120s (custom)
2019-10-08 01:49:12,032 [pool-429-thread-1] INFO  server.RaftServerConfigKeys (ConfUtils.java:logGet(43)) - raft.server.storage.dir = [/workdir/hadoop-ozone/integration-test/target/test-dir/MiniOzoneClusterImpl-48300439-3108-4bf8-abc6-2f6a7ff3a36f/datanode-2/data/ratis] (custom)
2019-10-08 01:49:12,032 [pool-419-thread-1] INFO  server.RaftServerConfigKeys (ConfUtils.java:logGet(43)) - raft.server.sleep.deviation.threshold = 300 (default)
2019-10-08 01:49:12,032 [pool-419-thread-1] INFO  server.RaftServerConfigKeys (ConfUtils.java:logGet(43)) - raft.server.log.appender.install.snapshot.enabled = false (custom)
2019-10-08 01:49:12,032 [pool-429-thread-1] INFO  server.RaftServerConfigKeys (ConfUtils.java:logGet(43)) - raft.server.log.corruption.policy = EXCEPTION (default)
2019-10-08 01:49:12,033 [pool-419-thread-1] INFO  impl.RaftServerImpl (ServerState.java:<init>(103)) - d67dbc00-9c73-4d3d-8b9c-bdbe6ad1b760@group-D54B035B7064: ConfigurationManager, init=-1: [f22219fc-627f-4d4c-bca0-ba09b570fb17:192.168.164.245:43162, d67dbc00-9c73-4d3d-8b9c-bdbe6ad1b760:192.168.164.245:46526, 5547f8bc-760f-469a-93a4-e6ea00b9d405:192.168.164.245:36059], old=null, confs=<EMPTY_MAP>
2019-10-08 01:49:12,033 [pool-429-thread-1] INFO  storage.RaftStorageDirectory (RaftStorageDirectory.java:analyzeStorage(246)) - The storage directory /workdir/hadoop-ozone/integration-test/target/test-dir/MiniOzoneClusterImpl-48300439-3108-4bf8-abc6-2f6a7ff3a36f/datanode-2/data/ratis/404a8dc4-38f3-4f80-91d9-d54b035b7064 does not exist. Creating ...
2019-10-08 01:49:12,033 [pool-419-thread-1] INFO  server.RaftServerConfigKeys (ConfUtils.java:logGet(43)) - raft.server.storage.dir = [/workdir/hadoop-ozone/integration-test/target/test-dir/MiniOzoneClusterImpl-48300439-3108-4bf8-abc6-2f6a7ff3a36f/datanode-1/data/ratis] (custom)
2019-10-08 01:49:12,033 [pool-419-thread-1] INFO  server.RaftServerConfigKeys (ConfUtils.java:logGet(43)) - raft.server.log.corruption.policy = EXCEPTION (default)
2019-10-08 01:49:12,034 [pool-419-thread-1] INFO  storage.RaftStorageDirectory (RaftStorageDirectory.java:analyzeStorage(246)) - The storage directory /workdir/hadoop-ozone/integration-test/target/test-dir/MiniOzoneClusterImpl-48300439-3108-4bf8-abc6-2f6a7ff3a36f/datanode-1/data/ratis/404a8dc4-38f3-4f80-91d9-d54b035b7064 does not exist. Creating ...
2019-10-08 01:49:12,045 [pool-429-thread-1] INFO  storage.RaftStorageDirectory (RaftStorageDirectory.java:tryLock(328)) - Lock on /workdir/hadoop-ozone/integration-test/target/test-dir/MiniOzoneClusterImpl-48300439-3108-4bf8-abc6-2f6a7ff3a36f/datanode-2/data/ratis/404a8dc4-38f3-4f80-91d9-d54b035b7064/in_use.lock acquired by nodename 13112@pr-hdds-2217-dx9m9-1464909746
2019-10-08 01:49:12,045 [pool-409-thread-1] INFO  storage.RaftStorageDirectory (RaftStorageDirectory.java:tryLock(328)) - Lock on /workdir/hadoop-ozone/integration-test/target/test-dir/MiniOzoneClusterImpl-48300439-3108-4bf8-abc6-2f6a7ff3a36f/datanode-0/data/ratis/404a8dc4-38f3-4f80-91d9-d54b035b7064/in_use.lock acquired by nodename 13112@pr-hdds-2217-dx9m9-1464909746
2019-10-08 01:49:12,045 [pool-419-thread-1] INFO  storage.RaftStorageDirectory (RaftStorageDirectory.java:tryLock(328)) - Lock on /workdir/hadoop-ozone/integration-test/target/test-dir/MiniOzoneClusterImpl-48300439-3108-4bf8-abc6-2f6a7ff3a36f/datanode-1/data/ratis/404a8dc4-38f3-4f80-91d9-d54b035b7064/in_use.lock acquired by nodename 13112@pr-hdds-2217-dx9m9-1464909746
2019-10-08 01:49:12,058 [pool-419-thread-1] INFO  storage.RaftStorage (RaftStorage.java:format(84)) - Storage directory /workdir/hadoop-ozone/integration-test/target/test-dir/MiniOzoneClusterImpl-48300439-3108-4bf8-abc6-2f6a7ff3a36f/datanode-1/data/ratis/404a8dc4-38f3-4f80-91d9-d54b035b7064 has been successfully formatted.
2019-10-08 01:49:12,058 [pool-409-thread-1] INFO  storage.RaftStorage (RaftStorage.java:format(84)) - Storage directory /workdir/hadoop-ozone/integration-test/target/test-dir/MiniOzoneClusterImpl-48300439-3108-4bf8-abc6-2f6a7ff3a36f/datanode-0/data/ratis/404a8dc4-38f3-4f80-91d9-d54b035b7064 has been successfully formatted.
2019-10-08 01:49:12,058 [pool-429-thread-1] INFO  storage.RaftStorage (RaftStorage.java:format(84)) - Storage directory /workdir/hadoop-ozone/integration-test/target/test-dir/MiniOzoneClusterImpl-48300439-3108-4bf8-abc6-2f6a7ff3a36f/datanode-2/data/ratis/404a8dc4-38f3-4f80-91d9-d54b035b7064 has been successfully formatted.
2019-10-08 01:49:12,059 [pool-409-thread-1] INFO  ratis.ContainerStateMachine (ContainerStateMachine.java:loadSnapshot(231)) - group-D54B035B7064: The snapshot info is null. Setting the last applied indexto:(t:0, i:~)
2019-10-08 01:49:12,059 [pool-419-thread-1] INFO  ratis.ContainerStateMachine (ContainerStateMachine.java:loadSnapshot(231)) - group-D54B035B7064: The snapshot info is null. Setting the last applied indexto:(t:0, i:~)
2019-10-08 01:49:12,059 [pool-409-thread-1] INFO  server.RaftServerConfigKeys (ConfUtils.java:logGet(43)) - raft.server.notification.no-leader.timeout = 120s (custom)
2019-10-08 01:49:12,059 [pool-429-thread-1] INFO  ratis.ContainerStateMachine (ContainerStateMachine.java:loadSnapshot(231)) - group-D54B035B7064: The snapshot info is null. Setting the last applied indexto:(t:0, i:~)
2019-10-08 01:49:12,059 [pool-409-thread-1] INFO  server.RaftServerConfigKeys (ConfUtils.java:logGet(43)) - raft.server.log.use.memory = false (default)
2019-10-08 01:49:12,059 [pool-419-thread-1] INFO  server.RaftServerConfigKeys (ConfUtils.java:logGet(43)) - raft.server.notification.no-leader.timeout = 120s (custom)
2019-10-08 01:49:12,059 [pool-409-thread-1] INFO  server.RaftServerConfigKeys (ConfUtils.java:logGet(43)) - raft.server.log.purge.gap = 1000000 (custom)
2019-10-08 01:49:12,059 [pool-429-thread-1] INFO  server.RaftServerConfigKeys (ConfUtils.java:logGet(43)) - raft.server.notification.no-leader.timeout = 120s (custom)
2019-10-08 01:49:12,060 [pool-409-thread-1] INFO  server.RaftServerConfigKeys (ConfUtils.java:logGet(43)) - raft.server.log.appender.buffer.byte-limit = 33554432 (custom)
2019-10-08 01:49:12,059 [pool-419-thread-1] INFO  server.RaftServerConfigKeys (ConfUtils.java:logGet(43)) - raft.server.log.use.memory = false (default)
2019-10-08 01:49:12,060 [pool-409-thread-1] INFO  server.RaftServerConfigKeys (ConfUtils.java:logGet(43)) - raft.server.log.segment.size.max = 1048576 (custom)
2019-10-08 01:49:12,060 [pool-429-thread-1] INFO  server.RaftServerConfigKeys (ConfUtils.java:logGet(43)) - raft.server.log.use.memory = false (default)
2019-10-08 01:49:12,060 [pool-409-thread-1] INFO  server.RaftServerConfigKeys (ConfUtils.java:logGet(43)) - raft.server.log.segment.cache.num.max = 2 (custom)
2019-10-08 01:49:12,060 [pool-419-thread-1] INFO  server.RaftServerConfigKeys (ConfUtils.java:logGet(43)) - raft.server.log.purge.gap = 1000000 (custom)
2019-10-08 01:49:12,060 [pool-409-thread-1] INFO  segmented.SegmentedRaftLogWorker (SegmentedRaftLogWorker.java:<init>(173)) - new f22219fc-627f-4d4c-bca0-ba09b570fb17@group-D54B035B7064-SegmentedRaftLogWorker for RaftStorage:Storage Directory /workdir/hadoop-ozone/integration-test/target/test-dir/MiniOzoneClusterImpl-48300439-3108-4bf8-abc6-2f6a7ff3a36f/datanode-0/data/ratis/404a8dc4-38f3-4f80-91d9-d54b035b7064
2019-10-08 01:49:12,060 [pool-429-thread-1] INFO  server.RaftServerConfigKeys (ConfUtils.java:logGet(43)) - raft.server.log.purge.gap = 1000000 (custom)
2019-10-08 01:49:12,061 [pool-409-thread-1] INFO  server.RaftServerConfigKeys (ConfUtils.java:logGet(43)) - raft.server.log.queue.byte-limit = 2147483647 (custom)
2019-10-08 01:49:12,061 [pool-419-thread-1] INFO  server.RaftServerConfigKeys (ConfUtils.java:logGet(43)) - raft.server.log.appender.buffer.byte-limit = 33554432 (custom)
2019-10-08 01:49:12,061 [pool-409-thread-1] INFO  server.RaftServerConfigKeys (ConfUtils.java:logGet(43)) - raft.server.log.queue.element-limit = 1024 (custom)
2019-10-08 01:49:12,061 [pool-429-thread-1] INFO  server.RaftServerConfigKeys (ConfUtils.java:logGet(43)) - raft.server.log.appender.buffer.byte-limit = 33554432 (custom)
2019-10-08 01:49:12,061 [pool-409-thread-1] INFO  server.RaftServerConfigKeys (ConfUtils.java:logGet(43)) - raft.server.log.segment.size.max = 1048576 (custom)
2019-10-08 01:49:12,061 [pool-419-thread-1] INFO  server.RaftServerConfigKeys (ConfUtils.java:logGet(43)) - raft.server.log.segment.size.max = 1048576 (custom)
2019-10-08 01:49:12,062 [pool-409-thread-1] INFO  server.RaftServerConfigKeys (ConfUtils.java:logGet(43)) - raft.server.log.preallocated.size = 16384 (custom)
2019-10-08 01:49:12,061 [pool-429-thread-1] INFO  server.RaftServerConfigKeys (ConfUtils.java:logGet(43)) - raft.server.log.segment.size.max = 1048576 (custom)
2019-10-08 01:49:12,062 [pool-409-thread-1] INFO  server.RaftServerConfigKeys (ConfUtils.java:logGet(43)) - raft.server.log.write.buffer.size = 33554432 (custom)
2019-10-08 01:49:12,062 [pool-419-thread-1] INFO  server.RaftServerConfigKeys (ConfUtils.java:logGet(43)) - raft.server.log.segment.cache.num.max = 2 (custom)
2019-10-08 01:49:12,062 [pool-409-thread-1] INFO  server.RaftServerConfigKeys (ConfUtils.java:logGet(43)) - raft.server.log.force.sync.num = 128 (default)
2019-10-08 01:49:12,062 [pool-429-thread-1] INFO  server.RaftServerConfigKeys (ConfUtils.java:logGet(43)) - raft.server.log.segment.cache.num.max = 2 (custom)
2019-10-08 01:49:12,062 [pool-409-thread-1] INFO  server.RaftServerConfigKeys (ConfUtils.java:logGet(43)) - raft.server.log.statemachine.data.sync = true (default)
2019-10-08 01:49:12,063 [pool-409-thread-1] INFO  server.RaftServerConfigKeys (ConfUtils.java:logGet(43)) - raft.server.log.statemachine.data.sync.timeout = 10s (default)
2019-10-08 01:49:12,062 [pool-419-thread-1] INFO  segmented.SegmentedRaftLogWorker (SegmentedRaftLogWorker.java:<init>(173)) - new d67dbc00-9c73-4d3d-8b9c-bdbe6ad1b760@group-D54B035B7064-SegmentedRaftLogWorker for RaftStorage:Storage Directory /workdir/hadoop-ozone/integration-test/target/test-dir/MiniOzoneClusterImpl-48300439-3108-4bf8-abc6-2f6a7ff3a36f/datanode-1/data/ratis/404a8dc4-38f3-4f80-91d9-d54b035b7064
2019-10-08 01:49:12,063 [pool-409-thread-1] INFO  server.RaftServerConfigKeys (ConfUtils.java:logGet(43)) - raft.server.log.statemachine.data.sync.timeout.retry = -1 (default)
2019-10-08 01:49:12,062 [pool-429-thread-1] INFO  segmented.SegmentedRaftLogWorker (SegmentedRaftLogWorker.java:<init>(173)) - new 5547f8bc-760f-469a-93a4-e6ea00b9d405@group-D54B035B7064-SegmentedRaftLogWorker for RaftStorage:Storage Directory /workdir/hadoop-ozone/integration-test/target/test-dir/MiniOzoneClusterImpl-48300439-3108-4bf8-abc6-2f6a7ff3a36f/datanode-2/data/ratis/404a8dc4-38f3-4f80-91d9-d54b035b7064
2019-10-08 01:49:12,063 [pool-409-thread-1] INFO  server.RaftServerConfigKeys (ConfUtils.java:logGet(43)) - raft.server.log.statemachine.data.caching.enabled = true (custom)
2019-10-08 01:49:12,063 [pool-419-thread-1] INFO  server.RaftServerConfigKeys (ConfUtils.java:logGet(43)) - raft.server.log.queue.byte-limit = 2147483647 (custom)
2019-10-08 01:49:12,063 [pool-429-thread-1] INFO  server.RaftServerConfigKeys (ConfUtils.java:logGet(43)) - raft.server.log.queue.byte-limit = 2147483647 (custom)
2019-10-08 01:49:12,063 [pool-409-thread-1] INFO  segmented.SegmentedRaftLogWorker (SegmentedRaftLogWorker.java:lambda$new$0(128)) - f22219fc-627f-4d4c-bca0-ba09b570fb17@group-D54B035B7064-SegmentedRaftLogWorker: flushIndex: setUnconditionally 0 -> -1
2019-10-08 01:49:12,063 [pool-419-thread-1] INFO  server.RaftServerConfigKeys (ConfUtils.java:logGet(43)) - raft.server.log.queue.element-limit = 1024 (custom)
2019-10-08 01:49:12,064 [pool-429-thread-1] INFO  server.RaftServerConfigKeys (ConfUtils.java:logGet(43)) - raft.server.log.queue.element-limit = 1024 (custom)
2019-10-08 01:49:12,064 [pool-409-thread-1] INFO  server.RaftServerConfigKeys (ConfUtils.java:logGet(43)) - raft.server.snapshot.auto.trigger.enabled = true (custom)
2019-10-08 01:49:12,064 [pool-419-thread-1] INFO  server.RaftServerConfigKeys (ConfUtils.java:logGet(43)) - raft.server.log.segment.size.max = 1048576 (custom)
2019-10-08 01:49:12,064 [pool-409-thread-1] INFO  server.RaftServerConfigKeys (ConfUtils.java:logGet(43)) - raft.server.snapshot.auto.trigger.threshold = 10000 (custom)
2019-10-08 01:49:12,064 [pool-429-thread-1] INFO  server.RaftServerConfigKeys (ConfUtils.java:logGet(43)) - raft.server.log.segment.size.max = 1048576 (custom)
2019-10-08 01:49:12,064 [pool-409-thread-1] INFO  server.RaftServerConfigKeys (ConfUtils.java:logGet(43)) - raft.server.snapshot.retention.file.num = 5 (custom)
2019-10-08 01:49:12,064 [pool-419-thread-1] INFO  server.RaftServerConfigKeys (ConfUtils.java:logGet(43)) - raft.server.log.preallocated.size = 16384 (custom)
2019-10-08 01:49:12,065 [pool-409-thread-1] INFO  server.RaftServerConfigKeys (ConfUtils.java:logGet(43)) - raft.server.retrycache.expirytime = 600000ms (custom)
2019-10-08 01:49:12,064 [pool-429-thread-1] INFO  server.RaftServerConfigKeys (ConfUtils.java:logGet(43)) - raft.server.log.preallocated.size = 16384 (custom)
2019-10-08 01:49:12,065 [pool-429-thread-1] INFO  server.RaftServerConfigKeys (ConfUtils.java:logGet(43)) - raft.server.log.write.buffer.size = 33554432 (custom)
2019-10-08 01:49:12,065 [pool-419-thread-1] INFO  server.RaftServerConfigKeys (ConfUtils.java:logGet(43)) - raft.server.log.write.buffer.size = 33554432 (custom)
2019-10-08 01:49:12,065 [pool-429-thread-1] INFO  server.RaftServerConfigKeys (ConfUtils.java:logGet(43)) - raft.server.log.force.sync.num = 128 (default)
2019-10-08 01:49:12,065 [pool-419-thread-1] INFO  server.RaftServerConfigKeys (ConfUtils.java:logGet(43)) - raft.server.log.force.sync.num = 128 (default)
2019-10-08 01:49:12,065 [pool-429-thread-1] INFO  server.RaftServerConfigKeys (ConfUtils.java:logGet(43)) - raft.server.log.statemachine.data.sync = true (default)
2019-10-08 01:49:12,066 [pool-419-thread-1] INFO  server.RaftServerConfigKeys (ConfUtils.java:logGet(43)) - raft.server.log.statemachine.data.sync = true (default)
2019-10-08 01:49:12,066 [pool-429-thread-1] INFO  server.RaftServerConfigKeys (ConfUtils.java:logGet(43)) - raft.server.log.statemachine.data.sync.timeout = 10s (default)
2019-10-08 01:49:12,066 [pool-419-thread-1] INFO  server.RaftServerConfigKeys (ConfUtils.java:logGet(43)) - raft.server.log.statemachine.data.sync.timeout = 10s (default)
2019-10-08 01:49:12,066 [pool-409-thread-1] INFO  impl.RaftServerImpl (RaftServerImpl.java:start(181)) - f22219fc-627f-4d4c-bca0-ba09b570fb17@group-D54B035B7064: start as a follower, conf=-1: [f22219fc-627f-4d4c-bca0-ba09b570fb17:192.168.164.245:43162, d67dbc00-9c73-4d3d-8b9c-bdbe6ad1b760:192.168.164.245:46526, 5547f8bc-760f-469a-93a4-e6ea00b9d405:192.168.164.245:36059], old=null
2019-10-08 01:49:12,066 [pool-429-thread-1] INFO  server.RaftServerConfigKeys (ConfUtils.java:logGet(43)) - raft.server.log.statemachine.data.sync.timeout.retry = -1 (default)
2019-10-08 01:49:12,066 [pool-409-thread-1] INFO  impl.RaftServerImpl (RaftServerImpl.java:setRole(170)) - f22219fc-627f-4d4c-bca0-ba09b570fb17@group-D54B035B7064: changes role from      null to FOLLOWER at term 0 for startAsFollower
2019-10-08 01:49:12,066 [pool-419-thread-1] INFO  server.RaftServerConfigKeys (ConfUtils.java:logGet(43)) - raft.server.log.statemachine.data.sync.timeout.retry = -1 (default)
2019-10-08 01:49:12,067 [pool-409-thread-1] INFO  impl.RoleInfo (RoleInfo.java:updateAndGet(143)) - f22219fc-627f-4d4c-bca0-ba09b570fb17: start FollowerState
2019-10-08 01:49:12,067 [pool-429-thread-1] INFO  server.RaftServerConfigKeys (ConfUtils.java:logGet(43)) - raft.server.log.statemachine.data.caching.enabled = true (custom)
2019-10-08 01:49:12,067 [pool-419-thread-1] INFO  server.RaftServerConfigKeys (ConfUtils.java:logGet(43)) - raft.server.log.statemachine.data.caching.enabled = true (custom)
2019-10-08 01:49:12,079 [pool-409-thread-1] INFO  util.JmxRegister (JmxRegister.java:tryRegister(44)) - Successfully registered JMX Bean with object name Ratis:service=RaftServer,group=group-D54B035B7064,id=f22219fc-627f-4d4c-bca0-ba09b570fb17
2019-10-08 01:49:12,079 [pool-419-thread-1] INFO  segmented.SegmentedRaftLogWorker (SegmentedRaftLogWorker.java:lambda$new$0(128)) - d67dbc00-9c73-4d3d-8b9c-bdbe6ad1b760@group-D54B035B7064-SegmentedRaftLogWorker: flushIndex: setUnconditionally 0 -> -1
2019-10-08 01:49:12,079 [pool-429-thread-1] INFO  segmented.SegmentedRaftLogWorker (SegmentedRaftLogWorker.java:lambda$new$0(128)) - 5547f8bc-760f-469a-93a4-e6ea00b9d405@group-D54B035B7064-SegmentedRaftLogWorker: flushIndex: setUnconditionally 0 -> -1
2019-10-08 01:49:12,080 [pool-419-thread-1] INFO  server.RaftServerConfigKeys (ConfUtils.java:logGet(43)) - raft.server.snapshot.auto.trigger.enabled = true (custom)
2019-10-08 01:49:12,080 [pool-419-thread-1] INFO  server.RaftServerConfigKeys (ConfUtils.java:logGet(43)) - raft.server.snapshot.auto.trigger.threshold = 10000 (custom)
2019-10-08 01:49:12,080 [pool-429-thread-1] INFO  server.RaftServerConfigKeys (ConfUtils.java:logGet(43)) - raft.server.snapshot.auto.trigger.enabled = true (custom)
2019-10-08 01:49:12,080 [pool-419-thread-1] INFO  server.RaftServerConfigKeys (ConfUtils.java:logGet(43)) - raft.server.snapshot.retention.file.num = 5 (custom)
2019-10-08 01:49:12,081 [pool-429-thread-1] INFO  server.RaftServerConfigKeys (ConfUtils.java:logGet(43)) - raft.server.snapshot.auto.trigger.threshold = 10000 (custom)
2019-10-08 01:49:12,081 [pool-419-thread-1] INFO  server.RaftServerConfigKeys (ConfUtils.java:logGet(43)) - raft.server.retrycache.expirytime = 600000ms (custom)
2019-10-08 01:49:12,081 [pool-429-thread-1] INFO  server.RaftServerConfigKeys (ConfUtils.java:logGet(43)) - raft.server.snapshot.retention.file.num = 5 (custom)
2019-10-08 01:49:12,081 [pool-429-thread-1] INFO  server.RaftServerConfigKeys (ConfUtils.java:logGet(43)) - raft.server.retrycache.expirytime = 600000ms (custom)
2019-10-08 01:49:12,094 [pool-419-thread-1] INFO  impl.RaftServerImpl (RaftServerImpl.java:start(181)) - d67dbc00-9c73-4d3d-8b9c-bdbe6ad1b760@group-D54B035B7064: start as a follower, conf=-1: [f22219fc-627f-4d4c-bca0-ba09b570fb17:192.168.164.245:43162, d67dbc00-9c73-4d3d-8b9c-bdbe6ad1b760:192.168.164.245:46526, 5547f8bc-760f-469a-93a4-e6ea00b9d405:192.168.164.245:36059], old=null
2019-10-08 01:49:12,094 [pool-429-thread-1] INFO  impl.RaftServerImpl (RaftServerImpl.java:start(181)) - 5547f8bc-760f-469a-93a4-e6ea00b9d405@group-D54B035B7064: start as a follower, conf=-1: [f22219fc-627f-4d4c-bca0-ba09b570fb17:192.168.164.245:43162, d67dbc00-9c73-4d3d-8b9c-bdbe6ad1b760:192.168.164.245:46526, 5547f8bc-760f-469a-93a4-e6ea00b9d405:192.168.164.245:36059], old=null
2019-10-08 01:49:12,094 [pool-419-thread-1] INFO  impl.RaftServerImpl (RaftServerImpl.java:setRole(170)) - d67dbc00-9c73-4d3d-8b9c-bdbe6ad1b760@group-D54B035B7064: changes role from      null to FOLLOWER at term 0 for startAsFollower
2019-10-08 01:49:12,094 [pool-429-thread-1] INFO  impl.RaftServerImpl (RaftServerImpl.java:setRole(170)) - 5547f8bc-760f-469a-93a4-e6ea00b9d405@group-D54B035B7064: changes role from      null to FOLLOWER at term 0 for startAsFollower
2019-10-08 01:49:12,094 [pool-419-thread-1] INFO  impl.RoleInfo (RoleInfo.java:updateAndGet(143)) - d67dbc00-9c73-4d3d-8b9c-bdbe6ad1b760: start FollowerState
2019-10-08 01:49:12,094 [pool-429-thread-1] INFO  impl.RoleInfo (RoleInfo.java:updateAndGet(143)) - 5547f8bc-760f-469a-93a4-e6ea00b9d405: start FollowerState
2019-10-08 01:49:12,095 [pool-419-thread-1] INFO  util.JmxRegister (JmxRegister.java:tryRegister(44)) - Successfully registered JMX Bean with object name Ratis:service=RaftServer,group=group-D54B035B7064,id=d67dbc00-9c73-4d3d-8b9c-bdbe6ad1b760
2019-10-08 01:49:12,095 [pool-429-thread-1] INFO  util.JmxRegister (JmxRegister.java:tryRegister(44)) - Successfully registered JMX Bean with object name Ratis:service=RaftServer,group=group-D54B035B7064,id=5547f8bc-760f-469a-93a4-e6ea00b9d405
2019-10-08 01:49:12,096 [IPC Server handler 3 on 36383] INFO  net.NetworkTopology (NetworkTopologyImpl.java:add(111)) - Added a new node: /default-rack/ce5cc61e-1bd6-4d21-b314-04177087a8ee
2019-10-08 01:49:12,097 [IPC Server handler 3 on 36383] INFO  node.SCMNodeManager (SCMNodeManager.java:register(268)) - Registered Data node : ce5cc61e-1bd6-4d21-b314-04177087a8ee{ip: 192.168.164.245, host: pr-hdds-2217-dx9m9-1464909746, networkLocation: /default-rack, certSerialId: null}
2019-10-08 01:49:12,101 [RatisPipelineUtilsThread] INFO  pipeline.PipelineStateManager (PipelineStateManager.java:addPipeline(56)) - Created pipeline Pipeline[ Id: 404a8dc4-38f3-4f80-91d9-d54b035b7064, Nodes: d67dbc00-9c73-4d3d-8b9c-bdbe6ad1b760{ip: 192.168.164.245, host: pr-hdds-2217-dx9m9-1464909746, networkLocation: /default-rack, certSerialId: null}f22219fc-627f-4d4c-bca0-ba09b570fb17{ip: 192.168.164.245, host: pr-hdds-2217-dx9m9-1464909746, networkLocation: /default-rack, certSerialId: null}5547f8bc-760f-469a-93a4-e6ea00b9d405{ip: 192.168.164.245, host: pr-hdds-2217-dx9m9-1464909746, networkLocation: /default-rack, certSerialId: null}, Type:RATIS, Factor:THREE, State:OPEN]
2019-10-08 01:49:12,176 [IPC Server handler 4 on 36383] INFO  net.NetworkTopology (NetworkTopologyImpl.java:add(111)) - Added a new node: /default-rack/22ce8828-227f-4dc0-b18d-7dd0e804d0e2
2019-10-08 01:49:12,176 [IPC Server handler 4 on 36383] INFO  node.SCMNodeManager (SCMNodeManager.java:register(268)) - Registered Data node : 22ce8828-227f-4dc0-b18d-7dd0e804d0e2{ip: 192.168.164.245, host: pr-hdds-2217-dx9m9-1464909746, networkLocation: /default-rack, certSerialId: null}
2019-10-08 01:49:12,186 [grpc-default-executor-5] INFO  impl.RaftServerProxy (RaftServerProxy.java:addNew(89)) - 22ce8828-227f-4dc0-b18d-7dd0e804d0e2: addNew group-9DB7BC665361:[22ce8828-227f-4dc0-b18d-7dd0e804d0e2:192.168.164.245:44400] returns group-9DB7BC665361:java.util.concurrent.CompletableFuture@55fc5044[Not completed]
2019-10-08 01:49:12,191 [pool-459-thread-1] INFO  impl.RaftServerImpl (RaftServerImpl.java:<init>(95)) - 22ce8828-227f-4dc0-b18d-7dd0e804d0e2: new RaftServerImpl for group-9DB7BC665361:[22ce8828-227f-4dc0-b18d-7dd0e804d0e2:192.168.164.245:44400] with ContainerStateMachine:uninitialized
2019-10-08 01:49:12,191 [pool-459-thread-1] INFO  server.RaftServerConfigKeys (ConfUtils.java:logGet(43)) - raft.server.rpc.timeout.min = 5s (custom)
2019-10-08 01:49:12,191 [pool-459-thread-1] INFO  server.RaftServerConfigKeys (ConfUtils.java:logGet(43)) - raft.server.rpc.timeout.max = 5200ms (custom)
2019-10-08 01:49:12,191 [pool-459-thread-1] INFO  server.RaftServerConfigKeys (ConfUtils.java:logGet(43)) - raft.server.rpcslowness.timeout = 120s (custom)
2019-10-08 01:49:12,191 [pool-459-thread-1] INFO  server.RaftServerConfigKeys (ConfUtils.java:logGet(43)) - raft.server.sleep.deviation.threshold = 300 (default)
2019-10-08 01:49:12,191 [pool-459-thread-1] INFO  server.RaftServerConfigKeys (ConfUtils.java:logGet(43)) - raft.server.log.appender.install.snapshot.enabled = false (custom)
2019-10-08 01:49:12,192 [pool-459-thread-1] INFO  impl.RaftServerImpl (ServerState.java:<init>(103)) - 22ce8828-227f-4dc0-b18d-7dd0e804d0e2@group-9DB7BC665361: ConfigurationManager, init=-1: [22ce8828-227f-4dc0-b18d-7dd0e804d0e2:192.168.164.245:44400], old=null, confs=<EMPTY_MAP>
2019-10-08 01:49:12,192 [pool-459-thread-1] INFO  server.RaftServerConfigKeys (ConfUtils.java:logGet(43)) - raft.server.storage.dir = [/workdir/hadoop-ozone/integration-test/target/test-dir/MiniOzoneClusterImpl-48300439-3108-4bf8-abc6-2f6a7ff3a36f/datanode-5/data/ratis] (custom)
2019-10-08 01:49:12,192 [pool-459-thread-1] INFO  server.RaftServerConfigKeys (ConfUtils.java:logGet(43)) - raft.server.log.corruption.policy = EXCEPTION (default)
2019-10-08 01:49:12,193 [pool-459-thread-1] INFO  storage.RaftStorageDirectory (RaftStorageDirectory.java:analyzeStorage(246)) - The storage directory /workdir/hadoop-ozone/integration-test/target/test-dir/MiniOzoneClusterImpl-48300439-3108-4bf8-abc6-2f6a7ff3a36f/datanode-5/data/ratis/ae3a3f08-66c5-4bae-91ca-9db7bc665361 does not exist. Creating ...
2019-10-08 01:49:12,206 [pool-459-thread-1] INFO  storage.RaftStorageDirectory (RaftStorageDirectory.java:tryLock(328)) - Lock on /workdir/hadoop-ozone/integration-test/target/test-dir/MiniOzoneClusterImpl-48300439-3108-4bf8-abc6-2f6a7ff3a36f/datanode-5/data/ratis/ae3a3f08-66c5-4bae-91ca-9db7bc665361/in_use.lock acquired by nodename 13112@pr-hdds-2217-dx9m9-1464909746
2019-10-08 01:49:12,219 [pool-459-thread-1] INFO  storage.RaftStorage (RaftStorage.java:format(84)) - Storage directory /workdir/hadoop-ozone/integration-test/target/test-dir/MiniOzoneClusterImpl-48300439-3108-4bf8-abc6-2f6a7ff3a36f/datanode-5/data/ratis/ae3a3f08-66c5-4bae-91ca-9db7bc665361 has been successfully formatted.
2019-10-08 01:49:12,220 [pool-459-thread-1] INFO  ratis.ContainerStateMachine (ContainerStateMachine.java:loadSnapshot(231)) - group-9DB7BC665361: The snapshot info is null. Setting the last applied indexto:(t:0, i:~)
2019-10-08 01:49:12,220 [pool-459-thread-1] INFO  server.RaftServerConfigKeys (ConfUtils.java:logGet(43)) - raft.server.notification.no-leader.timeout = 120s (custom)
2019-10-08 01:49:12,220 [pool-459-thread-1] INFO  server.RaftServerConfigKeys (ConfUtils.java:logGet(43)) - raft.server.log.use.memory = false (default)
2019-10-08 01:49:12,220 [pool-459-thread-1] INFO  server.RaftServerConfigKeys (ConfUtils.java:logGet(43)) - raft.server.log.purge.gap = 1000000 (custom)
2019-10-08 01:49:12,220 [pool-459-thread-1] INFO  server.RaftServerConfigKeys (ConfUtils.java:logGet(43)) - raft.server.log.appender.buffer.byte-limit = 33554432 (custom)
2019-10-08 01:49:12,221 [pool-459-thread-1] INFO  server.RaftServerConfigKeys (ConfUtils.java:logGet(43)) - raft.server.log.segment.size.max = 1048576 (custom)
2019-10-08 01:49:12,222 [pool-459-thread-1] INFO  server.RaftServerConfigKeys (ConfUtils.java:logGet(43)) - raft.server.log.segment.cache.num.max = 2 (custom)
2019-10-08 01:49:12,222 [pool-459-thread-1] INFO  segmented.SegmentedRaftLogWorker (SegmentedRaftLogWorker.java:<init>(173)) - new 22ce8828-227f-4dc0-b18d-7dd0e804d0e2@group-9DB7BC665361-SegmentedRaftLogWorker for RaftStorage:Storage Directory /workdir/hadoop-ozone/integration-test/target/test-dir/MiniOzoneClusterImpl-48300439-3108-4bf8-abc6-2f6a7ff3a36f/datanode-5/data/ratis/ae3a3f08-66c5-4bae-91ca-9db7bc665361
2019-10-08 01:49:12,223 [pool-459-thread-1] INFO  server.RaftServerConfigKeys (ConfUtils.java:logGet(43)) - raft.server.log.queue.byte-limit = 2147483647 (custom)
2019-10-08 01:49:12,223 [pool-459-thread-1] INFO  server.RaftServerConfigKeys (ConfUtils.java:logGet(43)) - raft.server.log.queue.element-limit = 1024 (custom)
2019-10-08 01:49:12,223 [pool-459-thread-1] INFO  server.RaftServerConfigKeys (ConfUtils.java:logGet(43)) - raft.server.log.segment.size.max = 1048576 (custom)
2019-10-08 01:49:12,223 [pool-459-thread-1] INFO  server.RaftServerConfigKeys (ConfUtils.java:logGet(43)) - raft.server.log.preallocated.size = 16384 (custom)
2019-10-08 01:49:12,223 [pool-459-thread-1] INFO  server.RaftServerConfigKeys (ConfUtils.java:logGet(43)) - raft.server.log.write.buffer.size = 33554432 (custom)
2019-10-08 01:49:12,223 [pool-459-thread-1] INFO  server.RaftServerConfigKeys (ConfUtils.java:logGet(43)) - raft.server.log.force.sync.num = 128 (default)
2019-10-08 01:49:12,224 [pool-459-thread-1] INFO  server.RaftServerConfigKeys (ConfUtils.java:logGet(43)) - raft.server.log.statemachine.data.sync = true (default)
2019-10-08 01:49:12,224 [pool-459-thread-1] INFO  server.RaftServerConfigKeys (ConfUtils.java:logGet(43)) - raft.server.log.statemachine.data.sync.timeout = 10s (default)
2019-10-08 01:49:12,224 [pool-459-thread-1] INFO  server.RaftServerConfigKeys (ConfUtils.java:logGet(43)) - raft.server.log.statemachine.data.sync.timeout.retry = -1 (default)
2019-10-08 01:49:12,224 [pool-459-thread-1] INFO  server.RaftServerConfigKeys (ConfUtils.java:logGet(43)) - raft.server.log.statemachine.data.caching.enabled = true (custom)
2019-10-08 01:49:12,225 [pool-459-thread-1] INFO  segmented.SegmentedRaftLogWorker (SegmentedRaftLogWorker.java:lambda$new$0(128)) - 22ce8828-227f-4dc0-b18d-7dd0e804d0e2@group-9DB7BC665361-SegmentedRaftLogWorker: flushIndex: setUnconditionally 0 -> -1
2019-10-08 01:49:12,225 [pool-459-thread-1] INFO  server.RaftServerConfigKeys (ConfUtils.java:logGet(43)) - raft.server.snapshot.auto.trigger.enabled = true (custom)
2019-10-08 01:49:12,225 [pool-459-thread-1] INFO  server.RaftServerConfigKeys (ConfUtils.java:logGet(43)) - raft.server.snapshot.auto.trigger.threshold = 10000 (custom)
2019-10-08 01:49:12,225 [pool-459-thread-1] INFO  server.RaftServerConfigKeys (ConfUtils.java:logGet(43)) - raft.server.snapshot.retention.file.num = 5 (custom)
2019-10-08 01:49:12,225 [pool-459-thread-1] INFO  server.RaftServerConfigKeys (ConfUtils.java:logGet(43)) - raft.server.retrycache.expirytime = 600000ms (custom)
2019-10-08 01:49:12,227 [pool-459-thread-1] INFO  impl.RaftServerImpl (RaftServerImpl.java:start(181)) - 22ce8828-227f-4dc0-b18d-7dd0e804d0e2@group-9DB7BC665361: start as a follower, conf=-1: [22ce8828-227f-4dc0-b18d-7dd0e804d0e2:192.168.164.245:44400], old=null
2019-10-08 01:49:12,227 [pool-459-thread-1] INFO  impl.RaftServerImpl (RaftServerImpl.java:setRole(170)) - 22ce8828-227f-4dc0-b18d-7dd0e804d0e2@group-9DB7BC665361: changes role from      null to FOLLOWER at term 0 for startAsFollower
2019-10-08 01:49:12,227 [pool-459-thread-1] INFO  impl.RoleInfo (RoleInfo.java:updateAndGet(143)) - 22ce8828-227f-4dc0-b18d-7dd0e804d0e2: start FollowerState
2019-10-08 01:49:12,227 [pool-459-thread-1] INFO  util.JmxRegister (JmxRegister.java:tryRegister(44)) - Successfully registered JMX Bean with object name Ratis:service=RaftServer,group=group-9DB7BC665361,id=22ce8828-227f-4dc0-b18d-7dd0e804d0e2
2019-10-08 01:49:12,231 [RatisPipelineUtilsThread] INFO  pipeline.PipelineStateManager (PipelineStateManager.java:addPipeline(56)) - Created pipeline Pipeline[ Id: ae3a3f08-66c5-4bae-91ca-9db7bc665361, Nodes: 22ce8828-227f-4dc0-b18d-7dd0e804d0e2{ip: 192.168.164.245, host: pr-hdds-2217-dx9m9-1464909746, networkLocation: /default-rack, certSerialId: null}, Type:RATIS, Factor:ONE, State:OPEN]
2019-10-08 01:49:12,238 [grpc-default-executor-5] INFO  impl.RaftServerProxy (RaftServerProxy.java:addNew(89)) - bca1e8e3-f332-47c5-ad14-de3fab147c83: addNew group-2BFCB28C37BC:[bca1e8e3-f332-47c5-ad14-de3fab147c83:192.168.164.245:34423] returns group-2BFCB28C37BC:java.util.concurrent.CompletableFuture@3ad736e2[Not completed]
2019-10-08 01:49:12,239 [pool-439-thread-1] INFO  impl.RaftServerImpl (RaftServerImpl.java:<init>(95)) - bca1e8e3-f332-47c5-ad14-de3fab147c83: new RaftServerImpl for group-2BFCB28C37BC:[bca1e8e3-f332-47c5-ad14-de3fab147c83:192.168.164.245:34423] with ContainerStateMachine:uninitialized
2019-10-08 01:49:12,240 [pool-439-thread-1] INFO  server.RaftServerConfigKeys (ConfUtils.java:logGet(43)) - raft.server.rpc.timeout.min = 5s (custom)
2019-10-08 01:49:12,240 [pool-439-thread-1] INFO  server.RaftServerConfigKeys (ConfUtils.java:logGet(43)) - raft.server.rpc.timeout.max = 5200ms (custom)
2019-10-08 01:49:12,240 [pool-439-thread-1] INFO  server.RaftServerConfigKeys (ConfUtils.java:logGet(43)) - raft.server.rpcslowness.timeout = 120s (custom)
2019-10-08 01:49:12,240 [pool-439-thread-1] INFO  server.RaftServerConfigKeys (ConfUtils.java:logGet(43)) - raft.server.sleep.deviation.threshold = 300 (default)
2019-10-08 01:49:12,240 [pool-439-thread-1] INFO  server.RaftServerConfigKeys (ConfUtils.java:logGet(43)) - raft.server.log.appender.install.snapshot.enabled = false (custom)
2019-10-08 01:49:12,240 [pool-439-thread-1] INFO  impl.RaftServerImpl (ServerState.java:<init>(103)) - bca1e8e3-f332-47c5-ad14-de3fab147c83@group-2BFCB28C37BC: ConfigurationManager, init=-1: [bca1e8e3-f332-47c5-ad14-de3fab147c83:192.168.164.245:34423], old=null, confs=<EMPTY_MAP>
2019-10-08 01:49:12,240 [pool-439-thread-1] INFO  server.RaftServerConfigKeys (ConfUtils.java:logGet(43)) - raft.server.storage.dir = [/workdir/hadoop-ozone/integration-test/target/test-dir/MiniOzoneClusterImpl-48300439-3108-4bf8-abc6-2f6a7ff3a36f/datanode-3/data/ratis] (custom)
2019-10-08 01:49:12,241 [pool-439-thread-1] INFO  server.RaftServerConfigKeys (ConfUtils.java:logGet(43)) - raft.server.log.corruption.policy = EXCEPTION (default)
2019-10-08 01:49:12,241 [pool-439-thread-1] INFO  storage.RaftStorageDirectory (RaftStorageDirectory.java:analyzeStorage(246)) - The storage directory /workdir/hadoop-ozone/integration-test/target/test-dir/MiniOzoneClusterImpl-48300439-3108-4bf8-abc6-2f6a7ff3a36f/datanode-3/data/ratis/10f9c246-5412-4208-b38d-2bfcb28c37bc does not exist. Creating ...
2019-10-08 01:49:12,242 [IPC Server handler 5 on 36383] INFO  net.NetworkTopology (NetworkTopologyImpl.java:add(111)) - Added a new node: /default-rack/c570d380-d801-4606-b2cf-f87d47875c7a
2019-10-08 01:49:12,243 [IPC Server handler 5 on 36383] INFO  node.SCMNodeManager (SCMNodeManager.java:register(268)) - Registered Data node : c570d380-d801-4606-b2cf-f87d47875c7a{ip: 192.168.164.245, host: pr-hdds-2217-dx9m9-1464909746, networkLocation: /default-rack, certSerialId: null}
2019-10-08 01:49:12,244 [main] INFO  ozone.MiniOzoneClusterImpl (MiniOzoneClusterImpl.java:lambda$waitForClusterToBeReady$0(147)) - Cluster is ready. Got 7 of 7 DN Heartbeats.
2019-10-08 01:49:12,254 [pool-439-thread-1] INFO  storage.RaftStorageDirectory (RaftStorageDirectory.java:tryLock(328)) - Lock on /workdir/hadoop-ozone/integration-test/target/test-dir/MiniOzoneClusterImpl-48300439-3108-4bf8-abc6-2f6a7ff3a36f/datanode-3/data/ratis/10f9c246-5412-4208-b38d-2bfcb28c37bc/in_use.lock acquired by nodename 13112@pr-hdds-2217-dx9m9-1464909746
2019-10-08 01:49:12,267 [pool-439-thread-1] INFO  storage.RaftStorage (RaftStorage.java:format(84)) - Storage directory /workdir/hadoop-ozone/integration-test/target/test-dir/MiniOzoneClusterImpl-48300439-3108-4bf8-abc6-2f6a7ff3a36f/datanode-3/data/ratis/10f9c246-5412-4208-b38d-2bfcb28c37bc has been successfully formatted.
2019-10-08 01:49:12,269 [pool-439-thread-1] INFO  ratis.ContainerStateMachine (ContainerStateMachine.java:loadSnapshot(231)) - group-2BFCB28C37BC: The snapshot info is null. Setting the last applied indexto:(t:0, i:~)
2019-10-08 01:49:12,269 [pool-439-thread-1] INFO  server.RaftServerConfigKeys (ConfUtils.java:logGet(43)) - raft.server.notification.no-leader.timeout = 120s (custom)
2019-10-08 01:49:12,270 [pool-439-thread-1] INFO  server.RaftServerConfigKeys (ConfUtils.java:logGet(43)) - raft.server.log.use.memory = false (default)
2019-10-08 01:49:12,270 [pool-439-thread-1] INFO  server.RaftServerConfigKeys (ConfUtils.java:logGet(43)) - raft.server.log.purge.gap = 1000000 (custom)
2019-10-08 01:49:12,270 [pool-439-thread-1] INFO  server.RaftServerConfigKeys (ConfUtils.java:logGet(43)) - raft.server.log.appender.buffer.byte-limit = 33554432 (custom)
2019-10-08 01:49:12,270 [pool-439-thread-1] INFO  server.RaftServerConfigKeys (ConfUtils.java:logGet(43)) - raft.server.log.segment.size.max = 1048576 (custom)
2019-10-08 01:49:12,272 [pool-439-thread-1] INFO  server.RaftServerConfigKeys (ConfUtils.java:logGet(43)) - raft.server.log.segment.cache.num.max = 2 (custom)
2019-10-08 01:49:12,274 [pool-439-thread-1] INFO  segmented.SegmentedRaftLogWorker (SegmentedRaftLogWorker.java:<init>(173)) - new bca1e8e3-f332-47c5-ad14-de3fab147c83@group-2BFCB28C37BC-SegmentedRaftLogWorker for RaftStorage:Storage Directory /workdir/hadoop-ozone/integration-test/target/test-dir/MiniOzoneClusterImpl-48300439-3108-4bf8-abc6-2f6a7ff3a36f/datanode-3/data/ratis/10f9c246-5412-4208-b38d-2bfcb28c37bc
2019-10-08 01:49:12,274 [pool-439-thread-1] INFO  server.RaftServerConfigKeys (ConfUtils.java:logGet(43)) - raft.server.log.queue.byte-limit = 2147483647 (custom)
2019-10-08 01:49:12,275 [pool-439-thread-1] INFO  server.RaftServerConfigKeys (ConfUtils.java:logGet(43)) - raft.server.log.queue.element-limit = 1024 (custom)
2019-10-08 01:49:12,275 [pool-439-thread-1] INFO  server.RaftServerConfigKeys (ConfUtils.java:logGet(43)) - raft.server.log.segment.size.max = 1048576 (custom)
2019-10-08 01:49:12,275 [pool-439-thread-1] INFO  server.RaftServerConfigKeys (ConfUtils.java:logGet(43)) - raft.server.log.preallocated.size = 16384 (custom)
2019-10-08 01:49:12,275 [pool-439-thread-1] INFO  server.RaftServerConfigKeys (ConfUtils.java:logGet(43)) - raft.server.log.write.buffer.size = 33554432 (custom)
2019-10-08 01:49:12,275 [pool-439-thread-1] INFO  server.RaftServerConfigKeys (ConfUtils.java:logGet(43)) - raft.server.log.force.sync.num = 128 (default)
2019-10-08 01:49:12,275 [pool-439-thread-1] INFO  server.RaftServerConfigKeys (ConfUtils.java:logGet(43)) - raft.server.log.statemachine.data.sync = true (default)
2019-10-08 01:49:12,275 [pool-439-thread-1] INFO  server.RaftServerConfigKeys (ConfUtils.java:logGet(43)) - raft.server.log.statemachine.data.sync.timeout = 10s (default)
2019-10-08 01:49:12,276 [pool-439-thread-1] INFO  server.RaftServerConfigKeys (ConfUtils.java:logGet(43)) - raft.server.log.statemachine.data.sync.timeout.retry = -1 (default)
2019-10-08 01:49:12,276 [main] INFO  rpc.RpcClient (RpcClient.java:createVolume(277)) - Creating Volume: testblockoutputstream, with jenkins1000 as owner.
2019-10-08 01:49:12,276 [pool-439-thread-1] INFO  server.RaftServerConfigKeys (ConfUtils.java:logGet(43)) - raft.server.log.statemachine.data.caching.enabled = true (custom)
2019-10-08 01:49:12,276 [pool-439-thread-1] INFO  segmented.SegmentedRaftLogWorker (SegmentedRaftLogWorker.java:lambda$new$0(128)) - bca1e8e3-f332-47c5-ad14-de3fab147c83@group-2BFCB28C37BC-SegmentedRaftLogWorker: flushIndex: setUnconditionally 0 -> -1
2019-10-08 01:49:12,277 [pool-439-thread-1] INFO  server.RaftServerConfigKeys (ConfUtils.java:logGet(43)) - raft.server.snapshot.auto.trigger.enabled = true (custom)
2019-10-08 01:49:12,277 [pool-439-thread-1] INFO  server.RaftServerConfigKeys (ConfUtils.java:logGet(43)) - raft.server.snapshot.auto.trigger.threshold = 10000 (custom)
2019-10-08 01:49:12,277 [pool-439-thread-1] INFO  server.RaftServerConfigKeys (ConfUtils.java:logGet(43)) - raft.server.snapshot.retention.file.num = 5 (custom)
2019-10-08 01:49:12,277 [pool-439-thread-1] INFO  server.RaftServerConfigKeys (ConfUtils.java:logGet(43)) - raft.server.retrycache.expirytime = 600000ms (custom)
2019-10-08 01:49:12,279 [pool-439-thread-1] INFO  impl.RaftServerImpl (RaftServerImpl.java:start(181)) - bca1e8e3-f332-47c5-ad14-de3fab147c83@group-2BFCB28C37BC: start as a follower, conf=-1: [bca1e8e3-f332-47c5-ad14-de3fab147c83:192.168.164.245:34423], old=null
2019-10-08 01:49:12,279 [pool-439-thread-1] INFO  impl.RaftServerImpl (RaftServerImpl.java:setRole(170)) - bca1e8e3-f332-47c5-ad14-de3fab147c83@group-2BFCB28C37BC: changes role from      null to FOLLOWER at term 0 for startAsFollower
2019-10-08 01:49:12,279 [pool-439-thread-1] INFO  impl.RoleInfo (RoleInfo.java:updateAndGet(143)) - bca1e8e3-f332-47c5-ad14-de3fab147c83: start FollowerState
2019-10-08 01:49:12,280 [IPC Server handler 1 on 38411] INFO  volume.OMVolumeCreateRequest (OMVolumeCreateRequest.java:validateAndUpdateCache(193)) - created volume:testblockoutputstream for user:jenkins1000
2019-10-08 01:49:12,280 [pool-439-thread-1] INFO  util.JmxRegister (JmxRegister.java:tryRegister(44)) - Successfully registered JMX Bean with object name Ratis:service=RaftServer,group=group-2BFCB28C37BC,id=bca1e8e3-f332-47c5-ad14-de3fab147c83
2019-10-08 01:49:12,294 [main] INFO  rpc.RpcClient (RpcClient.java:createBucket(416)) - Creating Bucket: testblockoutputstream/testblockoutputstream, with Versioning false and Storage Type set to DISK and Encryption set to false 
2019-10-08 01:49:12,294 [RatisPipelineUtilsThread] INFO  pipeline.PipelineStateManager (PipelineStateManager.java:addPipeline(56)) - Created pipeline Pipeline[ Id: 10f9c246-5412-4208-b38d-2bfcb28c37bc, Nodes: bca1e8e3-f332-47c5-ad14-de3fab147c83{ip: 192.168.164.245, host: pr-hdds-2217-dx9m9-1464909746, networkLocation: /default-rack, certSerialId: null}, Type:RATIS, Factor:ONE, State:OPEN]
2019-10-08 01:49:12,303 [grpc-default-executor-5] INFO  impl.RaftServerProxy (RaftServerProxy.java:addNew(89)) - c570d380-d801-4606-b2cf-f87d47875c7a: addNew group-8866467EF82E:[c570d380-d801-4606-b2cf-f87d47875c7a:192.168.164.245:41347] returns group-8866467EF82E:java.util.concurrent.CompletableFuture@53a2e5f0[Not completed]
2019-10-08 01:49:12,304 [pool-469-thread-1] INFO  impl.RaftServerImpl (RaftServerImpl.java:<init>(95)) - c570d380-d801-4606-b2cf-f87d47875c7a: new RaftServerImpl for group-8866467EF82E:[c570d380-d801-4606-b2cf-f87d47875c7a:192.168.164.245:41347] with ContainerStateMachine:uninitialized
2019-10-08 01:49:12,304 [pool-469-thread-1] INFO  server.RaftServerConfigKeys (ConfUtils.java:logGet(43)) - raft.server.rpc.timeout.min = 5s (custom)
2019-10-08 01:49:12,304 [pool-469-thread-1] INFO  server.RaftServerConfigKeys (ConfUtils.java:logGet(43)) - raft.server.rpc.timeout.max = 5200ms (custom)
2019-10-08 01:49:12,304 [pool-469-thread-1] INFO  server.RaftServerConfigKeys (ConfUtils.java:logGet(43)) - raft.server.rpcslowness.timeout = 120s (custom)
2019-10-08 01:49:12,304 [pool-469-thread-1] INFO  server.RaftServerConfigKeys (ConfUtils.java:logGet(43)) - raft.server.sleep.deviation.threshold = 300 (default)
2019-10-08 01:49:12,305 [pool-469-thread-1] INFO  server.RaftServerConfigKeys (ConfUtils.java:logGet(43)) - raft.server.log.appender.install.snapshot.enabled = false (custom)
2019-10-08 01:49:12,305 [pool-469-thread-1] INFO  impl.RaftServerImpl (ServerState.java:<init>(103)) - c570d380-d801-4606-b2cf-f87d47875c7a@group-8866467EF82E: ConfigurationManager, init=-1: [c570d380-d801-4606-b2cf-f87d47875c7a:192.168.164.245:41347], old=null, confs=<EMPTY_MAP>
2019-10-08 01:49:12,305 [pool-469-thread-1] INFO  server.RaftServerConfigKeys (ConfUtils.java:logGet(43)) - raft.server.storage.dir = [/workdir/hadoop-ozone/integration-test/target/test-dir/MiniOzoneClusterImpl-48300439-3108-4bf8-abc6-2f6a7ff3a36f/datanode-6/data/ratis] (custom)
2019-10-08 01:49:12,305 [pool-469-thread-1] INFO  server.RaftServerConfigKeys (ConfUtils.java:logGet(43)) - raft.server.log.corruption.policy = EXCEPTION (default)
2019-10-08 01:49:12,305 [pool-469-thread-1] INFO  storage.RaftStorageDirectory (RaftStorageDirectory.java:analyzeStorage(246)) - The storage directory /workdir/hadoop-ozone/integration-test/target/test-dir/MiniOzoneClusterImpl-48300439-3108-4bf8-abc6-2f6a7ff3a36f/datanode-6/data/ratis/191ced3b-ac83-4236-b4a5-8866467ef82e does not exist. Creating ...
2019-10-08 01:49:12,318 [pool-469-thread-1] INFO  storage.RaftStorageDirectory (RaftStorageDirectory.java:tryLock(328)) - Lock on /workdir/hadoop-ozone/integration-test/target/test-dir/MiniOzoneClusterImpl-48300439-3108-4bf8-abc6-2f6a7ff3a36f/datanode-6/data/ratis/191ced3b-ac83-4236-b4a5-8866467ef82e/in_use.lock acquired by nodename 13112@pr-hdds-2217-dx9m9-1464909746
2019-10-08 01:49:12,331 [pool-469-thread-1] INFO  storage.RaftStorage (RaftStorage.java:format(84)) - Storage directory /workdir/hadoop-ozone/integration-test/target/test-dir/MiniOzoneClusterImpl-48300439-3108-4bf8-abc6-2f6a7ff3a36f/datanode-6/data/ratis/191ced3b-ac83-4236-b4a5-8866467ef82e has been successfully formatted.
2019-10-08 01:49:12,332 [pool-469-thread-1] INFO  ratis.ContainerStateMachine (ContainerStateMachine.java:loadSnapshot(231)) - group-8866467EF82E: The snapshot info is null. Setting the last applied indexto:(t:0, i:~)
2019-10-08 01:49:12,332 [pool-469-thread-1] INFO  server.RaftServerConfigKeys (ConfUtils.java:logGet(43)) - raft.server.notification.no-leader.timeout = 120s (custom)
2019-10-08 01:49:12,332 [pool-469-thread-1] INFO  server.RaftServerConfigKeys (ConfUtils.java:logGet(43)) - raft.server.log.use.memory = false (default)
2019-10-08 01:49:12,332 [pool-469-thread-1] INFO  server.RaftServerConfigKeys (ConfUtils.java:logGet(43)) - raft.server.log.purge.gap = 1000000 (custom)
2019-10-08 01:49:12,332 [pool-469-thread-1] INFO  server.RaftServerConfigKeys (ConfUtils.java:logGet(43)) - raft.server.log.appender.buffer.byte-limit = 33554432 (custom)
2019-10-08 01:49:12,332 [pool-469-thread-1] INFO  server.RaftServerConfigKeys (ConfUtils.java:logGet(43)) - raft.server.log.segment.size.max = 1048576 (custom)
2019-10-08 01:49:12,334 [pool-469-thread-1] INFO  server.RaftServerConfigKeys (ConfUtils.java:logGet(43)) - raft.server.log.segment.cache.num.max = 2 (custom)
2019-10-08 01:49:12,334 [pool-469-thread-1] INFO  segmented.SegmentedRaftLogWorker (SegmentedRaftLogWorker.java:<init>(173)) - new c570d380-d801-4606-b2cf-f87d47875c7a@group-8866467EF82E-SegmentedRaftLogWorker for RaftStorage:Storage Directory /workdir/hadoop-ozone/integration-test/target/test-dir/MiniOzoneClusterImpl-48300439-3108-4bf8-abc6-2f6a7ff3a36f/datanode-6/data/ratis/191ced3b-ac83-4236-b4a5-8866467ef82e
2019-10-08 01:49:12,334 [pool-469-thread-1] INFO  server.RaftServerConfigKeys (ConfUtils.java:logGet(43)) - raft.server.log.queue.byte-limit = 2147483647 (custom)
2019-10-08 01:49:12,334 [pool-469-thread-1] INFO  server.RaftServerConfigKeys (ConfUtils.java:logGet(43)) - raft.server.log.queue.element-limit = 1024 (custom)
2019-10-08 01:49:12,334 [pool-469-thread-1] INFO  server.RaftServerConfigKeys (ConfUtils.java:logGet(43)) - raft.server.log.segment.size.max = 1048576 (custom)
2019-10-08 01:49:12,334 [pool-469-thread-1] INFO  server.RaftServerConfigKeys (ConfUtils.java:logGet(43)) - raft.server.log.preallocated.size = 16384 (custom)
2019-10-08 01:49:12,335 [pool-469-thread-1] INFO  server.RaftServerConfigKeys (ConfUtils.java:logGet(43)) - raft.server.log.write.buffer.size = 33554432 (custom)
2019-10-08 01:49:12,335 [pool-469-thread-1] INFO  server.RaftServerConfigKeys (ConfUtils.java:logGet(43)) - raft.server.log.force.sync.num = 128 (default)
2019-10-08 01:49:12,335 [pool-469-thread-1] INFO  server.RaftServerConfigKeys (ConfUtils.java:logGet(43)) - raft.server.log.statemachine.data.sync = true (default)
2019-10-08 01:49:12,335 [pool-469-thread-1] INFO  server.RaftServerConfigKeys (ConfUtils.java:logGet(43)) - raft.server.log.statemachine.data.sync.timeout = 10s (default)
2019-10-08 01:49:12,335 [pool-469-thread-1] INFO  server.RaftServerConfigKeys (ConfUtils.java:logGet(43)) - raft.server.log.statemachine.data.sync.timeout.retry = -1 (default)
2019-10-08 01:49:12,335 [pool-469-thread-1] INFO  server.RaftServerConfigKeys (ConfUtils.java:logGet(43)) - raft.server.log.statemachine.data.caching.enabled = true (custom)
2019-10-08 01:49:12,336 [pool-469-thread-1] INFO  segmented.SegmentedRaftLogWorker (SegmentedRaftLogWorker.java:lambda$new$0(128)) - c570d380-d801-4606-b2cf-f87d47875c7a@group-8866467EF82E-SegmentedRaftLogWorker: flushIndex: setUnconditionally 0 -> -1
2019-10-08 01:49:12,336 [pool-469-thread-1] INFO  server.RaftServerConfigKeys (ConfUtils.java:logGet(43)) - raft.server.snapshot.auto.trigger.enabled = true (custom)
2019-10-08 01:49:12,336 [pool-469-thread-1] INFO  server.RaftServerConfigKeys (ConfUtils.java:logGet(43)) - raft.server.snapshot.auto.trigger.threshold = 10000 (custom)
2019-10-08 01:49:12,336 [pool-469-thread-1] INFO  server.RaftServerConfigKeys (ConfUtils.java:logGet(43)) - raft.server.snapshot.retention.file.num = 5 (custom)
2019-10-08 01:49:12,336 [pool-469-thread-1] INFO  server.RaftServerConfigKeys (ConfUtils.java:logGet(43)) - raft.server.retrycache.expirytime = 600000ms (custom)
2019-10-08 01:49:12,338 [pool-469-thread-1] INFO  impl.RaftServerImpl (RaftServerImpl.java:start(181)) - c570d380-d801-4606-b2cf-f87d47875c7a@group-8866467EF82E: start as a follower, conf=-1: [c570d380-d801-4606-b2cf-f87d47875c7a:192.168.164.245:41347], old=null
2019-10-08 01:49:12,338 [pool-469-thread-1] INFO  impl.RaftServerImpl (RaftServerImpl.java:setRole(170)) - c570d380-d801-4606-b2cf-f87d47875c7a@group-8866467EF82E: changes role from      null to FOLLOWER at term 0 for startAsFollower
2019-10-08 01:49:12,338 [pool-469-thread-1] INFO  impl.RoleInfo (RoleInfo.java:updateAndGet(143)) - c570d380-d801-4606-b2cf-f87d47875c7a: start FollowerState
2019-10-08 01:49:12,338 [pool-469-thread-1] INFO  util.JmxRegister (JmxRegister.java:tryRegister(44)) - Successfully registered JMX Bean with object name Ratis:service=RaftServer,group=group-8866467EF82E,id=c570d380-d801-4606-b2cf-f87d47875c7a
2019-10-08 01:49:12,342 [RatisPipelineUtilsThread] INFO  pipeline.PipelineStateManager (PipelineStateManager.java:addPipeline(56)) - Created pipeline Pipeline[ Id: 191ced3b-ac83-4236-b4a5-8866467ef82e, Nodes: c570d380-d801-4606-b2cf-f87d47875c7a{ip: 192.168.164.245, host: pr-hdds-2217-dx9m9-1464909746, networkLocation: /default-rack, certSerialId: null}, Type:RATIS, Factor:ONE, State:OPEN]
2019-10-08 01:49:12,351 [grpc-default-executor-5] INFO  impl.RaftServerProxy (RaftServerProxy.java:addNew(89)) - ce5cc61e-1bd6-4d21-b314-04177087a8ee: addNew group-0F2EF8D30BAE:[ce5cc61e-1bd6-4d21-b314-04177087a8ee:192.168.164.245:37415] returns group-0F2EF8D30BAE:java.util.concurrent.CompletableFuture@59b45d57[Not completed]
2019-10-08 01:49:12,351 [pool-449-thread-1] INFO  impl.RaftServerImpl (RaftServerImpl.java:<init>(95)) - ce5cc61e-1bd6-4d21-b314-04177087a8ee: new RaftServerImpl for group-0F2EF8D30BAE:[ce5cc61e-1bd6-4d21-b314-04177087a8ee:192.168.164.245:37415] with ContainerStateMachine:uninitialized
2019-10-08 01:49:12,351 [pool-449-thread-1] INFO  server.RaftServerConfigKeys (ConfUtils.java:logGet(43)) - raft.server.rpc.timeout.min = 5s (custom)
2019-10-08 01:49:12,352 [pool-449-thread-1] INFO  server.RaftServerConfigKeys (ConfUtils.java:logGet(43)) - raft.server.rpc.timeout.max = 5200ms (custom)
2019-10-08 01:49:12,352 [pool-449-thread-1] INFO  server.RaftServerConfigKeys (ConfUtils.java:logGet(43)) - raft.server.rpcslowness.timeout = 120s (custom)
2019-10-08 01:49:12,352 [pool-449-thread-1] INFO  server.RaftServerConfigKeys (ConfUtils.java:logGet(43)) - raft.server.sleep.deviation.threshold = 300 (default)
2019-10-08 01:49:12,352 [pool-449-thread-1] INFO  server.RaftServerConfigKeys (ConfUtils.java:logGet(43)) - raft.server.log.appender.install.snapshot.enabled = false (custom)
2019-10-08 01:49:12,352 [pool-449-thread-1] INFO  impl.RaftServerImpl (ServerState.java:<init>(103)) - ce5cc61e-1bd6-4d21-b314-04177087a8ee@group-0F2EF8D30BAE: ConfigurationManager, init=-1: [ce5cc61e-1bd6-4d21-b314-04177087a8ee:192.168.164.245:37415], old=null, confs=<EMPTY_MAP>
2019-10-08 01:49:12,352 [pool-449-thread-1] INFO  server.RaftServerConfigKeys (ConfUtils.java:logGet(43)) - raft.server.storage.dir = [/workdir/hadoop-ozone/integration-test/target/test-dir/MiniOzoneClusterImpl-48300439-3108-4bf8-abc6-2f6a7ff3a36f/datanode-4/data/ratis] (custom)
2019-10-08 01:49:12,352 [pool-449-thread-1] INFO  server.RaftServerConfigKeys (ConfUtils.java:logGet(43)) - raft.server.log.corruption.policy = EXCEPTION (default)
2019-10-08 01:49:12,352 [pool-449-thread-1] INFO  storage.RaftStorageDirectory (RaftStorageDirectory.java:analyzeStorage(246)) - The storage directory /workdir/hadoop-ozone/integration-test/target/test-dir/MiniOzoneClusterImpl-48300439-3108-4bf8-abc6-2f6a7ff3a36f/datanode-4/data/ratis/3a357fe7-151a-424f-bba9-0f2ef8d30bae does not exist. Creating ...
2019-10-08 01:49:12,365 [pool-449-thread-1] INFO  storage.RaftStorageDirectory (RaftStorageDirectory.java:tryLock(328)) - Lock on /workdir/hadoop-ozone/integration-test/target/test-dir/MiniOzoneClusterImpl-48300439-3108-4bf8-abc6-2f6a7ff3a36f/datanode-4/data/ratis/3a357fe7-151a-424f-bba9-0f2ef8d30bae/in_use.lock acquired by nodename 13112@pr-hdds-2217-dx9m9-1464909746
2019-10-08 01:49:12,378 [pool-449-thread-1] INFO  storage.RaftStorage (RaftStorage.java:format(84)) - Storage directory /workdir/hadoop-ozone/integration-test/target/test-dir/MiniOzoneClusterImpl-48300439-3108-4bf8-abc6-2f6a7ff3a36f/datanode-4/data/ratis/3a357fe7-151a-424f-bba9-0f2ef8d30bae has been successfully formatted.
2019-10-08 01:49:12,378 [pool-449-thread-1] INFO  ratis.ContainerStateMachine (ContainerStateMachine.java:loadSnapshot(231)) - group-0F2EF8D30BAE: The snapshot info is null. Setting the last applied indexto:(t:0, i:~)
2019-10-08 01:49:12,378 [pool-449-thread-1] INFO  server.RaftServerConfigKeys (ConfUtils.java:logGet(43)) - raft.server.notification.no-leader.timeout = 120s (custom)
2019-10-08 01:49:12,378 [pool-449-thread-1] INFO  server.RaftServerConfigKeys (ConfUtils.java:logGet(43)) - raft.server.log.use.memory = false (default)
2019-10-08 01:49:12,378 [pool-449-thread-1] INFO  server.RaftServerConfigKeys (ConfUtils.java:logGet(43)) - raft.server.log.purge.gap = 1000000 (custom)
2019-10-08 01:49:12,378 [pool-449-thread-1] INFO  server.RaftServerConfigKeys (ConfUtils.java:logGet(43)) - raft.server.log.appender.buffer.byte-limit = 33554432 (custom)
2019-10-08 01:49:12,378 [pool-449-thread-1] INFO  server.RaftServerConfigKeys (ConfUtils.java:logGet(43)) - raft.server.log.segment.size.max = 1048576 (custom)
2019-10-08 01:49:12,380 [pool-449-thread-1] INFO  server.RaftServerConfigKeys (ConfUtils.java:logGet(43)) - raft.server.log.segment.cache.num.max = 2 (custom)
2019-10-08 01:49:12,380 [pool-449-thread-1] INFO  segmented.SegmentedRaftLogWorker (SegmentedRaftLogWorker.java:<init>(173)) - new ce5cc61e-1bd6-4d21-b314-04177087a8ee@group-0F2EF8D30BAE-SegmentedRaftLogWorker for RaftStorage:Storage Directory /workdir/hadoop-ozone/integration-test/target/test-dir/MiniOzoneClusterImpl-48300439-3108-4bf8-abc6-2f6a7ff3a36f/datanode-4/data/ratis/3a357fe7-151a-424f-bba9-0f2ef8d30bae
2019-10-08 01:49:12,380 [pool-449-thread-1] INFO  server.RaftServerConfigKeys (ConfUtils.java:logGet(43)) - raft.server.log.queue.byte-limit = 2147483647 (custom)
2019-10-08 01:49:12,380 [pool-449-thread-1] INFO  server.RaftServerConfigKeys (ConfUtils.java:logGet(43)) - raft.server.log.queue.element-limit = 1024 (custom)
2019-10-08 01:49:12,380 [pool-449-thread-1] INFO  server.RaftServerConfigKeys (ConfUtils.java:logGet(43)) - raft.server.log.segment.size.max = 1048576 (custom)
2019-10-08 01:49:12,380 [pool-449-thread-1] INFO  server.RaftServerConfigKeys (ConfUtils.java:logGet(43)) - raft.server.log.preallocated.size = 16384 (custom)
2019-10-08 01:49:12,380 [pool-449-thread-1] INFO  server.RaftServerConfigKeys (ConfUtils.java:logGet(43)) - raft.server.log.write.buffer.size = 33554432 (custom)
2019-10-08 01:49:12,380 [pool-449-thread-1] INFO  server.RaftServerConfigKeys (ConfUtils.java:logGet(43)) - raft.server.log.force.sync.num = 128 (default)
2019-10-08 01:49:12,380 [pool-449-thread-1] INFO  server.RaftServerConfigKeys (ConfUtils.java:logGet(43)) - raft.server.log.statemachine.data.sync = true (default)
2019-10-08 01:49:12,380 [pool-449-thread-1] INFO  server.RaftServerConfigKeys (ConfUtils.java:logGet(43)) - raft.server.log.statemachine.data.sync.timeout = 10s (default)
2019-10-08 01:49:12,380 [pool-449-thread-1] INFO  server.RaftServerConfigKeys (ConfUtils.java:logGet(43)) - raft.server.log.statemachine.data.sync.timeout.retry = -1 (default)
2019-10-08 01:49:12,381 [pool-449-thread-1] INFO  server.RaftServerConfigKeys (ConfUtils.java:logGet(43)) - raft.server.log.statemachine.data.caching.enabled = true (custom)
2019-10-08 01:49:12,381 [pool-449-thread-1] INFO  segmented.SegmentedRaftLogWorker (SegmentedRaftLogWorker.java:lambda$new$0(128)) - ce5cc61e-1bd6-4d21-b314-04177087a8ee@group-0F2EF8D30BAE-SegmentedRaftLogWorker: flushIndex: setUnconditionally 0 -> -1
2019-10-08 01:49:12,381 [pool-449-thread-1] INFO  server.RaftServerConfigKeys (ConfUtils.java:logGet(43)) - raft.server.snapshot.auto.trigger.enabled = true (custom)
2019-10-08 01:49:12,381 [pool-449-thread-1] INFO  server.RaftServerConfigKeys (ConfUtils.java:logGet(43)) - raft.server.snapshot.auto.trigger.threshold = 10000 (custom)
2019-10-08 01:49:12,381 [pool-449-thread-1] INFO  server.RaftServerConfigKeys (ConfUtils.java:logGet(43)) - raft.server.snapshot.retention.file.num = 5 (custom)
2019-10-08 01:49:12,381 [pool-449-thread-1] INFO  server.RaftServerConfigKeys (ConfUtils.java:logGet(43)) - raft.server.retrycache.expirytime = 600000ms (custom)
2019-10-08 01:49:12,383 [pool-449-thread-1] INFO  impl.RaftServerImpl (RaftServerImpl.java:start(181)) - ce5cc61e-1bd6-4d21-b314-04177087a8ee@group-0F2EF8D30BAE: start as a follower, conf=-1: [ce5cc61e-1bd6-4d21-b314-04177087a8ee:192.168.164.245:37415], old=null
2019-10-08 01:49:12,383 [pool-449-thread-1] INFO  impl.RaftServerImpl (RaftServerImpl.java:setRole(170)) - ce5cc61e-1bd6-4d21-b314-04177087a8ee@group-0F2EF8D30BAE: changes role from      null to FOLLOWER at term 0 for startAsFollower
2019-10-08 01:49:12,383 [pool-449-thread-1] INFO  impl.RoleInfo (RoleInfo.java:updateAndGet(143)) - ce5cc61e-1bd6-4d21-b314-04177087a8ee: start FollowerState
2019-10-08 01:49:12,383 [pool-449-thread-1] INFO  util.JmxRegister (JmxRegister.java:tryRegister(44)) - Successfully registered JMX Bean with object name Ratis:service=RaftServer,group=group-0F2EF8D30BAE,id=ce5cc61e-1bd6-4d21-b314-04177087a8ee
2019-10-08 01:49:12,386 [RatisPipelineUtilsThread] INFO  pipeline.PipelineStateManager (PipelineStateManager.java:addPipeline(56)) - Created pipeline Pipeline[ Id: 3a357fe7-151a-424f-bba9-0f2ef8d30bae, Nodes: ce5cc61e-1bd6-4d21-b314-04177087a8ee{ip: 192.168.164.245, host: pr-hdds-2217-dx9m9-1464909746, networkLocation: /default-rack, certSerialId: null}, Type:RATIS, Factor:ONE, State:OPEN]
2019-10-08 01:49:12,398 [grpc-default-executor-0] INFO  impl.RaftServerProxy (RaftServerProxy.java:addNew(89)) - c570d380-d801-4606-b2cf-f87d47875c7a: addNew group-D96FDCD121B1:[bca1e8e3-f332-47c5-ad14-de3fab147c83:192.168.164.245:34423, c570d380-d801-4606-b2cf-f87d47875c7a:192.168.164.245:41347, 22ce8828-227f-4dc0-b18d-7dd0e804d0e2:192.168.164.245:44400] returns group-D96FDCD121B1:java.util.concurrent.CompletableFuture@238e492a[Not completed]
2019-10-08 01:49:12,398 [grpc-default-executor-2] INFO  impl.RaftServerProxy (RaftServerProxy.java:addNew(89)) - bca1e8e3-f332-47c5-ad14-de3fab147c83: addNew group-D96FDCD121B1:[bca1e8e3-f332-47c5-ad14-de3fab147c83:192.168.164.245:34423, c570d380-d801-4606-b2cf-f87d47875c7a:192.168.164.245:41347, 22ce8828-227f-4dc0-b18d-7dd0e804d0e2:192.168.164.245:44400] returns group-D96FDCD121B1:java.util.concurrent.CompletableFuture@7834ecc2[Not completed]
2019-10-08 01:49:12,398 [grpc-default-executor-5] INFO  impl.RaftServerProxy (RaftServerProxy.java:addNew(89)) - 22ce8828-227f-4dc0-b18d-7dd0e804d0e2: addNew group-D96FDCD121B1:[bca1e8e3-f332-47c5-ad14-de3fab147c83:192.168.164.245:34423, c570d380-d801-4606-b2cf-f87d47875c7a:192.168.164.245:41347, 22ce8828-227f-4dc0-b18d-7dd0e804d0e2:192.168.164.245:44400] returns group-D96FDCD121B1:java.util.concurrent.CompletableFuture@40ab1fb2[Not completed]
2019-10-08 01:49:12,399 [pool-439-thread-1] INFO  impl.RaftServerImpl (RaftServerImpl.java:<init>(95)) - bca1e8e3-f332-47c5-ad14-de3fab147c83: new RaftServerImpl for group-D96FDCD121B1:[bca1e8e3-f332-47c5-ad14-de3fab147c83:192.168.164.245:34423, c570d380-d801-4606-b2cf-f87d47875c7a:192.168.164.245:41347, 22ce8828-227f-4dc0-b18d-7dd0e804d0e2:192.168.164.245:44400] with ContainerStateMachine:uninitialized
2019-10-08 01:49:12,399 [pool-439-thread-1] INFO  server.RaftServerConfigKeys (ConfUtils.java:logGet(43)) - raft.server.rpc.timeout.min = 5s (custom)
2019-10-08 01:49:12,399 [pool-439-thread-1] INFO  server.RaftServerConfigKeys (ConfUtils.java:logGet(43)) - raft.server.rpc.timeout.max = 5200ms (custom)
2019-10-08 01:49:12,399 [pool-439-thread-1] INFO  server.RaftServerConfigKeys (ConfUtils.java:logGet(43)) - raft.server.rpcslowness.timeout = 120s (custom)
2019-10-08 01:49:12,399 [pool-439-thread-1] INFO  server.RaftServerConfigKeys (ConfUtils.java:logGet(43)) - raft.server.sleep.deviation.threshold = 300 (default)
2019-10-08 01:49:12,399 [pool-439-thread-1] INFO  server.RaftServerConfigKeys (ConfUtils.java:logGet(43)) - raft.server.log.appender.install.snapshot.enabled = false (custom)
2019-10-08 01:49:12,399 [pool-439-thread-1] INFO  impl.RaftServerImpl (ServerState.java:<init>(103)) - bca1e8e3-f332-47c5-ad14-de3fab147c83@group-D96FDCD121B1: ConfigurationManager, init=-1: [bca1e8e3-f332-47c5-ad14-de3fab147c83:192.168.164.245:34423, c570d380-d801-4606-b2cf-f87d47875c7a:192.168.164.245:41347, 22ce8828-227f-4dc0-b18d-7dd0e804d0e2:192.168.164.245:44400], old=null, confs=<EMPTY_MAP>
2019-10-08 01:49:12,399 [pool-459-thread-1] INFO  impl.RaftServerImpl (RaftServerImpl.java:<init>(95)) - 22ce8828-227f-4dc0-b18d-7dd0e804d0e2: new RaftServerImpl for group-D96FDCD121B1:[bca1e8e3-f332-47c5-ad14-de3fab147c83:192.168.164.245:34423, c570d380-d801-4606-b2cf-f87d47875c7a:192.168.164.245:41347, 22ce8828-227f-4dc0-b18d-7dd0e804d0e2:192.168.164.245:44400] with ContainerStateMachine:uninitialized
2019-10-08 01:49:12,399 [pool-439-thread-1] INFO  server.RaftServerConfigKeys (ConfUtils.java:logGet(43)) - raft.server.storage.dir = [/workdir/hadoop-ozone/integration-test/target/test-dir/MiniOzoneClusterImpl-48300439-3108-4bf8-abc6-2f6a7ff3a36f/datanode-3/data/ratis] (custom)
2019-10-08 01:49:12,400 [pool-459-thread-1] INFO  server.RaftServerConfigKeys (ConfUtils.java:logGet(43)) - raft.server.rpc.timeout.min = 5s (custom)
2019-10-08 01:49:12,400 [pool-439-thread-1] INFO  server.RaftServerConfigKeys (ConfUtils.java:logGet(43)) - raft.server.log.corruption.policy = EXCEPTION (default)
2019-10-08 01:49:12,400 [pool-459-thread-1] INFO  server.RaftServerConfigKeys (ConfUtils.java:logGet(43)) - raft.server.rpc.timeout.max = 5200ms (custom)
2019-10-08 01:49:12,400 [pool-439-thread-1] INFO  storage.RaftStorageDirectory (RaftStorageDirectory.java:analyzeStorage(246)) - The storage directory /workdir/hadoop-ozone/integration-test/target/test-dir/MiniOzoneClusterImpl-48300439-3108-4bf8-abc6-2f6a7ff3a36f/datanode-3/data/ratis/dad298f8-5178-4614-9aba-d96fdcd121b1 does not exist. Creating ...
2019-10-08 01:49:12,400 [pool-469-thread-1] INFO  impl.RaftServerImpl (RaftServerImpl.java:<init>(95)) - c570d380-d801-4606-b2cf-f87d47875c7a: new RaftServerImpl for group-D96FDCD121B1:[bca1e8e3-f332-47c5-ad14-de3fab147c83:192.168.164.245:34423, c570d380-d801-4606-b2cf-f87d47875c7a:192.168.164.245:41347, 22ce8828-227f-4dc0-b18d-7dd0e804d0e2:192.168.164.245:44400] with ContainerStateMachine:uninitialized
2019-10-08 01:49:12,400 [pool-459-thread-1] INFO  server.RaftServerConfigKeys (ConfUtils.java:logGet(43)) - raft.server.rpcslowness.timeout = 120s (custom)
2019-10-08 01:49:12,400 [pool-469-thread-1] INFO  server.RaftServerConfigKeys (ConfUtils.java:logGet(43)) - raft.server.rpc.timeout.min = 5s (custom)
2019-10-08 01:49:12,400 [pool-459-thread-1] INFO  server.RaftServerConfigKeys (ConfUtils.java:logGet(43)) - raft.server.sleep.deviation.threshold = 300 (default)
2019-10-08 01:49:12,400 [pool-469-thread-1] INFO  server.RaftServerConfigKeys (ConfUtils.java:logGet(43)) - raft.server.rpc.timeout.max = 5200ms (custom)
2019-10-08 01:49:12,401 [pool-459-thread-1] INFO  server.RaftServerConfigKeys (ConfUtils.java:logGet(43)) - raft.server.log.appender.install.snapshot.enabled = false (custom)
2019-10-08 01:49:12,401 [pool-469-thread-1] INFO  server.RaftServerConfigKeys (ConfUtils.java:logGet(43)) - raft.server.rpcslowness.timeout = 120s (custom)
2019-10-08 01:49:12,401 [pool-459-thread-1] INFO  impl.RaftServerImpl (ServerState.java:<init>(103)) - 22ce8828-227f-4dc0-b18d-7dd0e804d0e2@group-D96FDCD121B1: ConfigurationManager, init=-1: [bca1e8e3-f332-47c5-ad14-de3fab147c83:192.168.164.245:34423, c570d380-d801-4606-b2cf-f87d47875c7a:192.168.164.245:41347, 22ce8828-227f-4dc0-b18d-7dd0e804d0e2:192.168.164.245:44400], old=null, confs=<EMPTY_MAP>
2019-10-08 01:49:12,401 [pool-469-thread-1] INFO  server.RaftServerConfigKeys (ConfUtils.java:logGet(43)) - raft.server.sleep.deviation.threshold = 300 (default)
2019-10-08 01:49:12,401 [pool-459-thread-1] INFO  server.RaftServerConfigKeys (ConfUtils.java:logGet(43)) - raft.server.storage.dir = [/workdir/hadoop-ozone/integration-test/target/test-dir/MiniOzoneClusterImpl-48300439-3108-4bf8-abc6-2f6a7ff3a36f/datanode-5/data/ratis] (custom)
2019-10-08 01:49:12,401 [pool-469-thread-1] INFO  server.RaftServerConfigKeys (ConfUtils.java:logGet(43)) - raft.server.log.appender.install.snapshot.enabled = false (custom)
2019-10-08 01:49:12,401 [pool-459-thread-1] INFO  server.RaftServerConfigKeys (ConfUtils.java:logGet(43)) - raft.server.log.corruption.policy = EXCEPTION (default)
2019-10-08 01:49:12,401 [pool-469-thread-1] INFO  impl.RaftServerImpl (ServerState.java:<init>(103)) - c570d380-d801-4606-b2cf-f87d47875c7a@group-D96FDCD121B1: ConfigurationManager, init=-1: [bca1e8e3-f332-47c5-ad14-de3fab147c83:192.168.164.245:34423, c570d380-d801-4606-b2cf-f87d47875c7a:192.168.164.245:41347, 22ce8828-227f-4dc0-b18d-7dd0e804d0e2:192.168.164.245:44400], old=null, confs=<EMPTY_MAP>
2019-10-08 01:49:12,402 [pool-459-thread-1] INFO  storage.RaftStorageDirectory (RaftStorageDirectory.java:analyzeStorage(246)) - The storage directory /workdir/hadoop-ozone/integration-test/target/test-dir/MiniOzoneClusterImpl-48300439-3108-4bf8-abc6-2f6a7ff3a36f/datanode-5/data/ratis/dad298f8-5178-4614-9aba-d96fdcd121b1 does not exist. Creating ...
2019-10-08 01:49:12,402 [pool-469-thread-1] INFO  server.RaftServerConfigKeys (ConfUtils.java:logGet(43)) - raft.server.storage.dir = [/workdir/hadoop-ozone/integration-test/target/test-dir/MiniOzoneClusterImpl-48300439-3108-4bf8-abc6-2f6a7ff3a36f/datanode-6/data/ratis] (custom)
2019-10-08 01:49:12,402 [pool-469-thread-1] INFO  server.RaftServerConfigKeys (ConfUtils.java:logGet(43)) - raft.server.log.corruption.policy = EXCEPTION (default)
2019-10-08 01:49:12,402 [pool-469-thread-1] INFO  storage.RaftStorageDirectory (RaftStorageDirectory.java:analyzeStorage(246)) - The storage directory /workdir/hadoop-ozone/integration-test/target/test-dir/MiniOzoneClusterImpl-48300439-3108-4bf8-abc6-2f6a7ff3a36f/datanode-6/data/ratis/dad298f8-5178-4614-9aba-d96fdcd121b1 does not exist. Creating ...
2019-10-08 01:49:12,414 [pool-469-thread-1] INFO  storage.RaftStorageDirectory (RaftStorageDirectory.java:tryLock(328)) - Lock on /workdir/hadoop-ozone/integration-test/target/test-dir/MiniOzoneClusterImpl-48300439-3108-4bf8-abc6-2f6a7ff3a36f/datanode-6/data/ratis/dad298f8-5178-4614-9aba-d96fdcd121b1/in_use.lock acquired by nodename 13112@pr-hdds-2217-dx9m9-1464909746
2019-10-08 01:49:12,414 [pool-459-thread-1] INFO  storage.RaftStorageDirectory (RaftStorageDirectory.java:tryLock(328)) - Lock on /workdir/hadoop-ozone/integration-test/target/test-dir/MiniOzoneClusterImpl-48300439-3108-4bf8-abc6-2f6a7ff3a36f/datanode-5/data/ratis/dad298f8-5178-4614-9aba-d96fdcd121b1/in_use.lock acquired by nodename 13112@pr-hdds-2217-dx9m9-1464909746
2019-10-08 01:49:12,414 [pool-439-thread-1] INFO  storage.RaftStorageDirectory (RaftStorageDirectory.java:tryLock(328)) - Lock on /workdir/hadoop-ozone/integration-test/target/test-dir/MiniOzoneClusterImpl-48300439-3108-4bf8-abc6-2f6a7ff3a36f/datanode-3/data/ratis/dad298f8-5178-4614-9aba-d96fdcd121b1/in_use.lock acquired by nodename 13112@pr-hdds-2217-dx9m9-1464909746
2019-10-08 01:49:12,428 [pool-459-thread-1] INFO  storage.RaftStorage (RaftStorage.java:format(84)) - Storage directory /workdir/hadoop-ozone/integration-test/target/test-dir/MiniOzoneClusterImpl-48300439-3108-4bf8-abc6-2f6a7ff3a36f/datanode-5/data/ratis/dad298f8-5178-4614-9aba-d96fdcd121b1 has been successfully formatted.
2019-10-08 01:49:12,428 [pool-439-thread-1] INFO  storage.RaftStorage (RaftStorage.java:format(84)) - Storage directory /workdir/hadoop-ozone/integration-test/target/test-dir/MiniOzoneClusterImpl-48300439-3108-4bf8-abc6-2f6a7ff3a36f/datanode-3/data/ratis/dad298f8-5178-4614-9aba-d96fdcd121b1 has been successfully formatted.
2019-10-08 01:49:12,428 [pool-459-thread-1] INFO  ratis.ContainerStateMachine (ContainerStateMachine.java:loadSnapshot(231)) - group-D96FDCD121B1: The snapshot info is null. Setting the last applied indexto:(t:0, i:~)
2019-10-08 01:49:12,428 [pool-439-thread-1] INFO  ratis.ContainerStateMachine (ContainerStateMachine.java:loadSnapshot(231)) - group-D96FDCD121B1: The snapshot info is null. Setting the last applied indexto:(t:0, i:~)
2019-10-08 01:49:12,428 [pool-469-thread-1] INFO  storage.RaftStorage (RaftStorage.java:format(84)) - Storage directory /workdir/hadoop-ozone/integration-test/target/test-dir/MiniOzoneClusterImpl-48300439-3108-4bf8-abc6-2f6a7ff3a36f/datanode-6/data/ratis/dad298f8-5178-4614-9aba-d96fdcd121b1 has been successfully formatted.
2019-10-08 01:49:12,428 [pool-439-thread-1] INFO  server.RaftServerConfigKeys (ConfUtils.java:logGet(43)) - raft.server.notification.no-leader.timeout = 120s (custom)
2019-10-08 01:49:12,428 [pool-459-thread-1] INFO  server.RaftServerConfigKeys (ConfUtils.java:logGet(43)) - raft.server.notification.no-leader.timeout = 120s (custom)
2019-10-08 01:49:12,429 [pool-469-thread-1] INFO  ratis.ContainerStateMachine (ContainerStateMachine.java:loadSnapshot(231)) - group-D96FDCD121B1: The snapshot info is null. Setting the last applied indexto:(t:0, i:~)
2019-10-08 01:49:12,429 [pool-439-thread-1] INFO  server.RaftServerConfigKeys (ConfUtils.java:logGet(43)) - raft.server.log.use.memory = false (default)
2019-10-08 01:49:12,429 [pool-469-thread-1] INFO  server.RaftServerConfigKeys (ConfUtils.java:logGet(43)) - raft.server.notification.no-leader.timeout = 120s (custom)
2019-10-08 01:49:12,429 [pool-459-thread-1] INFO  server.RaftServerConfigKeys (ConfUtils.java:logGet(43)) - raft.server.log.use.memory = false (default)
2019-10-08 01:49:12,429 [pool-469-thread-1] INFO  server.RaftServerConfigKeys (ConfUtils.java:logGet(43)) - raft.server.log.use.memory = false (default)
2019-10-08 01:49:12,429 [pool-439-thread-1] INFO  server.RaftServerConfigKeys (ConfUtils.java:logGet(43)) - raft.server.log.purge.gap = 1000000 (custom)
2019-10-08 01:49:12,429 [pool-469-thread-1] INFO  server.RaftServerConfigKeys (ConfUtils.java:logGet(43)) - raft.server.log.purge.gap = 1000000 (custom)
2019-10-08 01:49:12,429 [pool-459-thread-1] INFO  server.RaftServerConfigKeys (ConfUtils.java:logGet(43)) - raft.server.log.purge.gap = 1000000 (custom)
2019-10-08 01:49:12,430 [pool-469-thread-1] INFO  server.RaftServerConfigKeys (ConfUtils.java:logGet(43)) - raft.server.log.appender.buffer.byte-limit = 33554432 (custom)
2019-10-08 01:49:12,430 [pool-439-thread-1] INFO  server.RaftServerConfigKeys (ConfUtils.java:logGet(43)) - raft.server.log.appender.buffer.byte-limit = 33554432 (custom)
2019-10-08 01:49:12,430 [pool-469-thread-1] INFO  server.RaftServerConfigKeys (ConfUtils.java:logGet(43)) - raft.server.log.segment.size.max = 1048576 (custom)
2019-10-08 01:49:12,430 [pool-459-thread-1] INFO  server.RaftServerConfigKeys (ConfUtils.java:logGet(43)) - raft.server.log.appender.buffer.byte-limit = 33554432 (custom)
2019-10-08 01:49:12,430 [pool-469-thread-1] INFO  server.RaftServerConfigKeys (ConfUtils.java:logGet(43)) - raft.server.log.segment.cache.num.max = 2 (custom)
2019-10-08 01:49:12,430 [pool-439-thread-1] INFO  server.RaftServerConfigKeys (ConfUtils.java:logGet(43)) - raft.server.log.segment.size.max = 1048576 (custom)
2019-10-08 01:49:12,430 [pool-469-thread-1] INFO  segmented.SegmentedRaftLogWorker (SegmentedRaftLogWorker.java:<init>(173)) - new c570d380-d801-4606-b2cf-f87d47875c7a@group-D96FDCD121B1-SegmentedRaftLogWorker for RaftStorage:Storage Directory /workdir/hadoop-ozone/integration-test/target/test-dir/MiniOzoneClusterImpl-48300439-3108-4bf8-abc6-2f6a7ff3a36f/datanode-6/data/ratis/dad298f8-5178-4614-9aba-d96fdcd121b1
2019-10-08 01:49:12,430 [pool-459-thread-1] INFO  server.RaftServerConfigKeys (ConfUtils.java:logGet(43)) - raft.server.log.segment.size.max = 1048576 (custom)
2019-10-08 01:49:12,431 [pool-469-thread-1] INFO  server.RaftServerConfigKeys (ConfUtils.java:logGet(43)) - raft.server.log.queue.byte-limit = 2147483647 (custom)
2019-10-08 01:49:12,431 [pool-439-thread-1] INFO  server.RaftServerConfigKeys (ConfUtils.java:logGet(43)) - raft.server.log.segment.cache.num.max = 2 (custom)
2019-10-08 01:49:12,431 [pool-469-thread-1] INFO  server.RaftServerConfigKeys (ConfUtils.java:logGet(43)) - raft.server.log.queue.element-limit = 1024 (custom)
2019-10-08 01:49:12,431 [pool-459-thread-1] INFO  server.RaftServerConfigKeys (ConfUtils.java:logGet(43)) - raft.server.log.segment.cache.num.max = 2 (custom)
2019-10-08 01:49:12,431 [pool-469-thread-1] INFO  server.RaftServerConfigKeys (ConfUtils.java:logGet(43)) - raft.server.log.segment.size.max = 1048576 (custom)
2019-10-08 01:49:12,431 [pool-439-thread-1] INFO  segmented.SegmentedRaftLogWorker (SegmentedRaftLogWorker.java:<init>(173)) - new bca1e8e3-f332-47c5-ad14-de3fab147c83@group-D96FDCD121B1-SegmentedRaftLogWorker for RaftStorage:Storage Directory /workdir/hadoop-ozone/integration-test/target/test-dir/MiniOzoneClusterImpl-48300439-3108-4bf8-abc6-2f6a7ff3a36f/datanode-3/data/ratis/dad298f8-5178-4614-9aba-d96fdcd121b1
2019-10-08 01:49:12,432 [pool-469-thread-1] INFO  server.RaftServerConfigKeys (ConfUtils.java:logGet(43)) - raft.server.log.preallocated.size = 16384 (custom)
2019-10-08 01:49:12,432 [pool-469-thread-1] INFO  server.RaftServerConfigKeys (ConfUtils.java:logGet(43)) - raft.server.log.write.buffer.size = 33554432 (custom)
2019-10-08 01:49:12,431 [pool-459-thread-1] INFO  segmented.SegmentedRaftLogWorker (SegmentedRaftLogWorker.java:<init>(173)) - new 22ce8828-227f-4dc0-b18d-7dd0e804d0e2@group-D96FDCD121B1-SegmentedRaftLogWorker for RaftStorage:Storage Directory /workdir/hadoop-ozone/integration-test/target/test-dir/MiniOzoneClusterImpl-48300439-3108-4bf8-abc6-2f6a7ff3a36f/datanode-5/data/ratis/dad298f8-5178-4614-9aba-d96fdcd121b1
2019-10-08 01:49:12,432 [pool-469-thread-1] INFO  server.RaftServerConfigKeys (ConfUtils.java:logGet(43)) - raft.server.log.force.sync.num = 128 (default)
2019-10-08 01:49:12,432 [pool-439-thread-1] INFO  server.RaftServerConfigKeys (ConfUtils.java:logGet(43)) - raft.server.log.queue.byte-limit = 2147483647 (custom)
2019-10-08 01:49:12,432 [pool-469-thread-1] INFO  server.RaftServerConfigKeys (ConfUtils.java:logGet(43)) - raft.server.log.statemachine.data.sync = true (default)
2019-10-08 01:49:12,432 [pool-459-thread-1] INFO  server.RaftServerConfigKeys (ConfUtils.java:logGet(43)) - raft.server.log.queue.byte-limit = 2147483647 (custom)
2019-10-08 01:49:12,432 [pool-469-thread-1] INFO  server.RaftServerConfigKeys (ConfUtils.java:logGet(43)) - raft.server.log.statemachine.data.sync.timeout = 10s (default)
2019-10-08 01:49:12,432 [pool-439-thread-1] INFO  server.RaftServerConfigKeys (ConfUtils.java:logGet(43)) - raft.server.log.queue.element-limit = 1024 (custom)
2019-10-08 01:49:12,433 [pool-469-thread-1] INFO  server.RaftServerConfigKeys (ConfUtils.java:logGet(43)) - raft.server.log.statemachine.data.sync.timeout.retry = -1 (default)
2019-10-08 01:49:12,433 [pool-459-thread-1] INFO  server.RaftServerConfigKeys (ConfUtils.java:logGet(43)) - raft.server.log.queue.element-limit = 1024 (custom)
2019-10-08 01:49:12,433 [pool-469-thread-1] INFO  server.RaftServerConfigKeys (ConfUtils.java:logGet(43)) - raft.server.log.statemachine.data.caching.enabled = true (custom)
2019-10-08 01:49:12,433 [pool-439-thread-1] INFO  server.RaftServerConfigKeys (ConfUtils.java:logGet(43)) - raft.server.log.segment.size.max = 1048576 (custom)
2019-10-08 01:49:12,433 [pool-459-thread-1] INFO  server.RaftServerConfigKeys (ConfUtils.java:logGet(43)) - raft.server.log.segment.size.max = 1048576 (custom)
2019-10-08 01:49:12,433 [pool-469-thread-1] INFO  segmented.SegmentedRaftLogWorker (SegmentedRaftLogWorker.java:lambda$new$0(128)) - c570d380-d801-4606-b2cf-f87d47875c7a@group-D96FDCD121B1-SegmentedRaftLogWorker: flushIndex: setUnconditionally 0 -> -1
2019-10-08 01:49:12,433 [pool-439-thread-1] INFO  server.RaftServerConfigKeys (ConfUtils.java:logGet(43)) - raft.server.log.preallocated.size = 16384 (custom)
2019-10-08 01:49:12,434 [pool-439-thread-1] INFO  server.RaftServerConfigKeys (ConfUtils.java:logGet(43)) - raft.server.log.write.buffer.size = 33554432 (custom)
2019-10-08 01:49:12,433 [pool-459-thread-1] INFO  server.RaftServerConfigKeys (ConfUtils.java:logGet(43)) - raft.server.log.preallocated.size = 16384 (custom)
2019-10-08 01:49:12,434 [pool-439-thread-1] INFO  server.RaftServerConfigKeys (ConfUtils.java:logGet(43)) - raft.server.log.force.sync.num = 128 (default)
2019-10-08 01:49:12,434 [pool-469-thread-1] INFO  server.RaftServerConfigKeys (ConfUtils.java:logGet(43)) - raft.server.snapshot.auto.trigger.enabled = true (custom)
2019-10-08 01:49:12,434 [pool-439-thread-1] INFO  server.RaftServerConfigKeys (ConfUtils.java:logGet(43)) - raft.server.log.statemachine.data.sync = true (default)
2019-10-08 01:49:12,434 [pool-459-thread-1] INFO  server.RaftServerConfigKeys (ConfUtils.java:logGet(43)) - raft.server.log.write.buffer.size = 33554432 (custom)
2019-10-08 01:49:12,434 [pool-439-thread-1] INFO  server.RaftServerConfigKeys (ConfUtils.java:logGet(43)) - raft.server.log.statemachine.data.sync.timeout = 10s (default)
2019-10-08 01:49:12,434 [pool-469-thread-1] INFO  server.RaftServerConfigKeys (ConfUtils.java:logGet(43)) - raft.server.snapshot.auto.trigger.threshold = 10000 (custom)
2019-10-08 01:49:12,435 [pool-439-thread-1] INFO  server.RaftServerConfigKeys (ConfUtils.java:logGet(43)) - raft.server.log.statemachine.data.sync.timeout.retry = -1 (default)
2019-10-08 01:49:12,434 [pool-459-thread-1] INFO  server.RaftServerConfigKeys (ConfUtils.java:logGet(43)) - raft.server.log.force.sync.num = 128 (default)
2019-10-08 01:49:12,435 [pool-439-thread-1] INFO  server.RaftServerConfigKeys (ConfUtils.java:logGet(43)) - raft.server.log.statemachine.data.caching.enabled = true (custom)
2019-10-08 01:49:12,435 [pool-469-thread-1] INFO  server.RaftServerConfigKeys (ConfUtils.java:logGet(43)) - raft.server.snapshot.retention.file.num = 5 (custom)
2019-10-08 01:49:12,435 [pool-439-thread-1] INFO  segmented.SegmentedRaftLogWorker (SegmentedRaftLogWorker.java:lambda$new$0(128)) - bca1e8e3-f332-47c5-ad14-de3fab147c83@group-D96FDCD121B1-SegmentedRaftLogWorker: flushIndex: setUnconditionally 0 -> -1
2019-10-08 01:49:12,435 [pool-459-thread-1] INFO  server.RaftServerConfigKeys (ConfUtils.java:logGet(43)) - raft.server.log.statemachine.data.sync = true (default)
2019-10-08 01:49:12,435 [pool-469-thread-1] INFO  server.RaftServerConfigKeys (ConfUtils.java:logGet(43)) - raft.server.retrycache.expirytime = 600000ms (custom)
2019-10-08 01:49:12,436 [pool-459-thread-1] INFO  server.RaftServerConfigKeys (ConfUtils.java:logGet(43)) - raft.server.log.statemachine.data.sync.timeout = 10s (default)
2019-10-08 01:49:12,436 [pool-439-thread-1] INFO  server.RaftServerConfigKeys (ConfUtils.java:logGet(43)) - raft.server.snapshot.auto.trigger.enabled = true (custom)
2019-10-08 01:49:12,436 [pool-459-thread-1] INFO  server.RaftServerConfigKeys (ConfUtils.java:logGet(43)) - raft.server.log.statemachine.data.sync.timeout.retry = -1 (default)
2019-10-08 01:49:12,436 [pool-439-thread-1] INFO  server.RaftServerConfigKeys (ConfUtils.java:logGet(43)) - raft.server.snapshot.auto.trigger.threshold = 10000 (custom)
2019-10-08 01:49:12,436 [pool-439-thread-1] INFO  server.RaftServerConfigKeys (ConfUtils.java:logGet(43)) - raft.server.snapshot.retention.file.num = 5 (custom)
2019-10-08 01:49:12,436 [pool-459-thread-1] INFO  server.RaftServerConfigKeys (ConfUtils.java:logGet(43)) - raft.server.log.statemachine.data.caching.enabled = true (custom)
2019-10-08 01:49:12,436 [pool-439-thread-1] INFO  server.RaftServerConfigKeys (ConfUtils.java:logGet(43)) - raft.server.retrycache.expirytime = 600000ms (custom)
2019-10-08 01:49:12,436 [pool-459-thread-1] INFO  segmented.SegmentedRaftLogWorker (SegmentedRaftLogWorker.java:lambda$new$0(128)) - 22ce8828-227f-4dc0-b18d-7dd0e804d0e2@group-D96FDCD121B1-SegmentedRaftLogWorker: flushIndex: setUnconditionally 0 -> -1
2019-10-08 01:49:12,437 [pool-459-thread-1] INFO  server.RaftServerConfigKeys (ConfUtils.java:logGet(43)) - raft.server.snapshot.auto.trigger.enabled = true (custom)
2019-10-08 01:49:12,437 [pool-459-thread-1] INFO  server.RaftServerConfigKeys (ConfUtils.java:logGet(43)) - raft.server.snapshot.auto.trigger.threshold = 10000 (custom)
2019-10-08 01:49:12,437 [pool-459-thread-1] INFO  server.RaftServerConfigKeys (ConfUtils.java:logGet(43)) - raft.server.snapshot.retention.file.num = 5 (custom)
2019-10-08 01:49:12,437 [pool-459-thread-1] INFO  server.RaftServerConfigKeys (ConfUtils.java:logGet(43)) - raft.server.retrycache.expirytime = 600000ms (custom)
2019-10-08 01:49:12,437 [pool-469-thread-1] INFO  impl.RaftServerImpl (RaftServerImpl.java:start(181)) - c570d380-d801-4606-b2cf-f87d47875c7a@group-D96FDCD121B1: start as a follower, conf=-1: [bca1e8e3-f332-47c5-ad14-de3fab147c83:192.168.164.245:34423, c570d380-d801-4606-b2cf-f87d47875c7a:192.168.164.245:41347, 22ce8828-227f-4dc0-b18d-7dd0e804d0e2:192.168.164.245:44400], old=null
2019-10-08 01:49:12,437 [pool-469-thread-1] INFO  impl.RaftServerImpl (RaftServerImpl.java:setRole(170)) - c570d380-d801-4606-b2cf-f87d47875c7a@group-D96FDCD121B1: changes role from      null to FOLLOWER at term 0 for startAsFollower
2019-10-08 01:49:12,438 [pool-469-thread-1] INFO  impl.RoleInfo (RoleInfo.java:updateAndGet(143)) - c570d380-d801-4606-b2cf-f87d47875c7a: start FollowerState
2019-10-08 01:49:12,438 [pool-469-thread-1] INFO  util.JmxRegister (JmxRegister.java:tryRegister(44)) - Successfully registered JMX Bean with object name Ratis:service=RaftServer,group=group-D96FDCD121B1,id=c570d380-d801-4606-b2cf-f87d47875c7a
2019-10-08 01:49:12,438 [pool-439-thread-1] INFO  impl.RaftServerImpl (RaftServerImpl.java:start(181)) - bca1e8e3-f332-47c5-ad14-de3fab147c83@group-D96FDCD121B1: start as a follower, conf=-1: [bca1e8e3-f332-47c5-ad14-de3fab147c83:192.168.164.245:34423, c570d380-d801-4606-b2cf-f87d47875c7a:192.168.164.245:41347, 22ce8828-227f-4dc0-b18d-7dd0e804d0e2:192.168.164.245:44400], old=null
2019-10-08 01:49:12,438 [pool-439-thread-1] INFO  impl.RaftServerImpl (RaftServerImpl.java:setRole(170)) - bca1e8e3-f332-47c5-ad14-de3fab147c83@group-D96FDCD121B1: changes role from      null to FOLLOWER at term 0 for startAsFollower
2019-10-08 01:49:12,438 [pool-439-thread-1] INFO  impl.RoleInfo (RoleInfo.java:updateAndGet(143)) - bca1e8e3-f332-47c5-ad14-de3fab147c83: start FollowerState
2019-10-08 01:49:12,439 [pool-439-thread-1] INFO  util.JmxRegister (JmxRegister.java:tryRegister(44)) - Successfully registered JMX Bean with object name Ratis:service=RaftServer,group=group-D96FDCD121B1,id=bca1e8e3-f332-47c5-ad14-de3fab147c83
2019-10-08 01:49:12,439 [pool-459-thread-1] INFO  impl.RaftServerImpl (RaftServerImpl.java:start(181)) - 22ce8828-227f-4dc0-b18d-7dd0e804d0e2@group-D96FDCD121B1: start as a follower, conf=-1: [bca1e8e3-f332-47c5-ad14-de3fab147c83:192.168.164.245:34423, c570d380-d801-4606-b2cf-f87d47875c7a:192.168.164.245:41347, 22ce8828-227f-4dc0-b18d-7dd0e804d0e2:192.168.164.245:44400], old=null
2019-10-08 01:49:12,439 [pool-459-thread-1] INFO  impl.RaftServerImpl (RaftServerImpl.java:setRole(170)) - 22ce8828-227f-4dc0-b18d-7dd0e804d0e2@group-D96FDCD121B1: changes role from      null to FOLLOWER at term 0 for startAsFollower
2019-10-08 01:49:12,440 [pool-459-thread-1] INFO  impl.RoleInfo (RoleInfo.java:updateAndGet(143)) - 22ce8828-227f-4dc0-b18d-7dd0e804d0e2: start FollowerState
2019-10-08 01:49:12,440 [pool-459-thread-1] INFO  util.JmxRegister (JmxRegister.java:tryRegister(44)) - Successfully registered JMX Bean with object name Ratis:service=RaftServer,group=group-D96FDCD121B1,id=22ce8828-227f-4dc0-b18d-7dd0e804d0e2
2019-10-08 01:49:12,444 [RatisPipelineUtilsThread] INFO  pipeline.PipelineStateManager (PipelineStateManager.java:addPipeline(56)) - Created pipeline Pipeline[ Id: dad298f8-5178-4614-9aba-d96fdcd121b1, Nodes: 22ce8828-227f-4dc0-b18d-7dd0e804d0e2{ip: 192.168.164.245, host: pr-hdds-2217-dx9m9-1464909746, networkLocation: /default-rack, certSerialId: null}c570d380-d801-4606-b2cf-f87d47875c7a{ip: 192.168.164.245, host: pr-hdds-2217-dx9m9-1464909746, networkLocation: /default-rack, certSerialId: null}bca1e8e3-f332-47c5-ad14-de3fab147c83{ip: 192.168.164.245, host: pr-hdds-2217-dx9m9-1464909746, networkLocation: /default-rack, certSerialId: null}, Type:RATIS, Factor:THREE, State:OPEN]
2019-10-08 01:49:14,839 [Thread-3045] INFO  container.ReplicationManager (ReplicationManager.java:start(162)) - Starting Replication Monitor Thread.
2019-10-08 01:49:14,844 [ReplicationMonitor] INFO  container.ReplicationManager (ReplicationManager.java:run(225)) - Replication Monitor Thread took 0 milliseconds for processing 1 containers.
2019-10-08 01:49:16,915 [Thread-3047] INFO  impl.FollowerState (FollowerState.java:run(108)) - f22219fc-627f-4d4c-bca0-ba09b570fb17@group-2201F57108F4-FollowerState: change to CANDIDATE, lastRpcTime:5025ms, electionTimeout:5025ms
2019-10-08 01:49:16,915 [Thread-3047] INFO  impl.RoleInfo (RoleInfo.java:shutdownFollowerState(121)) - f22219fc-627f-4d4c-bca0-ba09b570fb17: shutdown FollowerState
2019-10-08 01:49:16,915 [Thread-3047] INFO  impl.RaftServerImpl (RaftServerImpl.java:setRole(170)) - f22219fc-627f-4d4c-bca0-ba09b570fb17@group-2201F57108F4: changes role from  FOLLOWER to CANDIDATE at term 0 for changeToCandidate
2019-10-08 01:49:16,915 [Thread-3047] INFO  impl.RoleInfo (RoleInfo.java:updateAndGet(143)) - f22219fc-627f-4d4c-bca0-ba09b570fb17: start LeaderElection
2019-10-08 01:49:16,947 [f22219fc-627f-4d4c-bca0-ba09b570fb17@group-2201F57108F4-LeaderElection62] INFO  impl.LeaderElection (LeaderElection.java:askForVotes(178)) - f22219fc-627f-4d4c-bca0-ba09b570fb17@group-2201F57108F4-LeaderElection62: begin an election at term 1 for -1: [f22219fc-627f-4d4c-bca0-ba09b570fb17:192.168.164.245:43162], old=null
2019-10-08 01:49:16,947 [f22219fc-627f-4d4c-bca0-ba09b570fb17@group-2201F57108F4-LeaderElection62] INFO  impl.RoleInfo (RoleInfo.java:shutdownLeaderElection(134)) - f22219fc-627f-4d4c-bca0-ba09b570fb17: shutdown LeaderElection
2019-10-08 01:49:16,947 [f22219fc-627f-4d4c-bca0-ba09b570fb17@group-2201F57108F4-LeaderElection62] INFO  impl.RaftServerImpl (RaftServerImpl.java:setRole(170)) - f22219fc-627f-4d4c-bca0-ba09b570fb17@group-2201F57108F4: changes role from CANDIDATE to LEADER at term 1 for changeToLeader
2019-10-08 01:49:16,948 [f22219fc-627f-4d4c-bca0-ba09b570fb17@group-2201F57108F4-LeaderElection62] INFO  impl.RaftServerImpl (ServerState.java:setLeader(255)) - f22219fc-627f-4d4c-bca0-ba09b570fb17@group-2201F57108F4: change Leader from null to f22219fc-627f-4d4c-bca0-ba09b570fb17 at term 1 for becomeLeader, leader elected after 5066ms
2019-10-08 01:49:16,948 [f22219fc-627f-4d4c-bca0-ba09b570fb17@group-2201F57108F4-LeaderElection62] INFO  server.RaftServerConfigKeys (ConfUtils.java:logGet(43)) - raft.server.staging.catchup.gap = 1000 (default)
2019-10-08 01:49:16,948 [f22219fc-627f-4d4c-bca0-ba09b570fb17@group-2201F57108F4-LeaderElection62] INFO  server.RaftServerConfigKeys (ConfUtils.java:logGet(43)) - raft.server.rpc.sleep.time = 25ms (default)
2019-10-08 01:49:16,948 [f22219fc-627f-4d4c-bca0-ba09b570fb17@group-2201F57108F4-LeaderElection62] INFO  server.RaftServerConfigKeys (ConfUtils.java:logGet(43)) - raft.server.write.element-limit = 4096 (default)
2019-10-08 01:49:16,949 [f22219fc-627f-4d4c-bca0-ba09b570fb17@group-2201F57108F4-LeaderElection62] INFO  server.RaftServerConfigKeys (ConfUtils.java:logGet(43)) - raft.server.watch.timeout = 10s (default)
2019-10-08 01:49:16,949 [f22219fc-627f-4d4c-bca0-ba09b570fb17@group-2201F57108F4-LeaderElection62] INFO  server.RaftServerConfigKeys (ConfUtils.java:logGet(43)) - raft.server.watch.timeout.denomination = 1s (default)
2019-10-08 01:49:16,949 [f22219fc-627f-4d4c-bca0-ba09b570fb17@group-2201F57108F4-LeaderElection62] INFO  server.RaftServerConfigKeys (ConfUtils.java:logGet(43)) - raft.server.watch.element-limit = 65536 (default)
2019-10-08 01:49:16,952 [f22219fc-627f-4d4c-bca0-ba09b570fb17@group-2201F57108F4-LeaderElection62] INFO  impl.RoleInfo (RoleInfo.java:updateAndGet(143)) - f22219fc-627f-4d4c-bca0-ba09b570fb17: start LeaderState
2019-10-08 01:49:16,952 [f22219fc-627f-4d4c-bca0-ba09b570fb17@group-2201F57108F4-LeaderElection62] INFO  segmented.SegmentedRaftLogWorker (SegmentedRaftLogWorker.java:startLogSegment(385)) - f22219fc-627f-4d4c-bca0-ba09b570fb17@group-2201F57108F4-SegmentedRaftLogWorker: Starting segment from index:0
2019-10-08 01:49:16,953 [f22219fc-627f-4d4c-bca0-ba09b570fb17@group-2201F57108F4-LeaderElection62] INFO  impl.RaftServerImpl (ServerState.java:setRaftConf(356)) - f22219fc-627f-4d4c-bca0-ba09b570fb17@group-2201F57108F4: set configuration 0: [f22219fc-627f-4d4c-bca0-ba09b570fb17:192.168.164.245:43162], old=null at 0
2019-10-08 01:49:16,985 [Thread-3050] INFO  impl.FollowerState (FollowerState.java:run(108)) - d67dbc00-9c73-4d3d-8b9c-bdbe6ad1b760@group-C16244C5BC36-FollowerState: change to CANDIDATE, lastRpcTime:5045ms, electionTimeout:5017ms
2019-10-08 01:49:16,985 [Thread-3050] INFO  impl.RoleInfo (RoleInfo.java:shutdownFollowerState(121)) - d67dbc00-9c73-4d3d-8b9c-bdbe6ad1b760: shutdown FollowerState
2019-10-08 01:49:16,985 [Thread-3050] INFO  impl.RaftServerImpl (RaftServerImpl.java:setRole(170)) - d67dbc00-9c73-4d3d-8b9c-bdbe6ad1b760@group-C16244C5BC36: changes role from  FOLLOWER to CANDIDATE at term 0 for changeToCandidate
2019-10-08 01:49:16,985 [Thread-3050] INFO  impl.RoleInfo (RoleInfo.java:updateAndGet(143)) - d67dbc00-9c73-4d3d-8b9c-bdbe6ad1b760: start LeaderElection
2019-10-08 01:49:16,997 [f22219fc-627f-4d4c-bca0-ba09b570fb17@group-2201F57108F4-SegmentedRaftLogWorker] INFO  segmented.SegmentedRaftLogWorker (SegmentedRaftLogWorker.java:execute(574)) - f22219fc-627f-4d4c-bca0-ba09b570fb17@group-2201F57108F4-SegmentedRaftLogWorker: created new log segment /workdir/hadoop-ozone/integration-test/target/test-dir/MiniOzoneClusterImpl-48300439-3108-4bf8-abc6-2f6a7ff3a36f/datanode-0/data/ratis/923c0813-dff4-4130-8ab4-2201f57108f4/current/log_inprogress_0
2019-10-08 01:49:16,997 [d67dbc00-9c73-4d3d-8b9c-bdbe6ad1b760@group-C16244C5BC36-LeaderElection63] INFO  impl.LeaderElection (LeaderElection.java:askForVotes(178)) - d67dbc00-9c73-4d3d-8b9c-bdbe6ad1b760@group-C16244C5BC36-LeaderElection63: begin an election at term 1 for -1: [d67dbc00-9c73-4d3d-8b9c-bdbe6ad1b760:192.168.164.245:46526], old=null
2019-10-08 01:49:16,998 [d67dbc00-9c73-4d3d-8b9c-bdbe6ad1b760@group-C16244C5BC36-LeaderElection63] INFO  impl.RoleInfo (RoleInfo.java:shutdownLeaderElection(134)) - d67dbc00-9c73-4d3d-8b9c-bdbe6ad1b760: shutdown LeaderElection
2019-10-08 01:49:16,998 [d67dbc00-9c73-4d3d-8b9c-bdbe6ad1b760@group-C16244C5BC36-LeaderElection63] INFO  impl.RaftServerImpl (RaftServerImpl.java:setRole(170)) - d67dbc00-9c73-4d3d-8b9c-bdbe6ad1b760@group-C16244C5BC36: changes role from CANDIDATE to LEADER at term 1 for changeToLeader
2019-10-08 01:49:16,998 [d67dbc00-9c73-4d3d-8b9c-bdbe6ad1b760@group-C16244C5BC36-LeaderElection63] INFO  impl.RaftServerImpl (ServerState.java:setLeader(255)) - d67dbc00-9c73-4d3d-8b9c-bdbe6ad1b760@group-C16244C5BC36: change Leader from null to d67dbc00-9c73-4d3d-8b9c-bdbe6ad1b760 at term 1 for becomeLeader, leader elected after 5063ms
2019-10-08 01:49:16,998 [d67dbc00-9c73-4d3d-8b9c-bdbe6ad1b760@group-C16244C5BC36-LeaderElection63] INFO  server.RaftServerConfigKeys (ConfUtils.java:logGet(43)) - raft.server.staging.catchup.gap = 1000 (default)
2019-10-08 01:49:16,998 [d67dbc00-9c73-4d3d-8b9c-bdbe6ad1b760@group-C16244C5BC36-LeaderElection63] INFO  server.RaftServerConfigKeys (ConfUtils.java:logGet(43)) - raft.server.rpc.sleep.time = 25ms (default)
2019-10-08 01:49:16,999 [d67dbc00-9c73-4d3d-8b9c-bdbe6ad1b760@group-C16244C5BC36-LeaderElection63] INFO  server.RaftServerConfigKeys (ConfUtils.java:logGet(43)) - raft.server.write.element-limit = 4096 (default)
2019-10-08 01:49:16,999 [d67dbc00-9c73-4d3d-8b9c-bdbe6ad1b760@group-C16244C5BC36-LeaderElection63] INFO  server.RaftServerConfigKeys (ConfUtils.java:logGet(43)) - raft.server.watch.timeout = 10s (default)
2019-10-08 01:49:16,999 [d67dbc00-9c73-4d3d-8b9c-bdbe6ad1b760@group-C16244C5BC36-LeaderElection63] INFO  server.RaftServerConfigKeys (ConfUtils.java:logGet(43)) - raft.server.watch.timeout.denomination = 1s (default)
2019-10-08 01:49:16,999 [d67dbc00-9c73-4d3d-8b9c-bdbe6ad1b760@group-C16244C5BC36-LeaderElection63] INFO  server.RaftServerConfigKeys (ConfUtils.java:logGet(43)) - raft.server.watch.element-limit = 65536 (default)
2019-10-08 01:49:17,001 [d67dbc00-9c73-4d3d-8b9c-bdbe6ad1b760@group-C16244C5BC36-LeaderElection63] INFO  impl.RoleInfo (RoleInfo.java:updateAndGet(143)) - d67dbc00-9c73-4d3d-8b9c-bdbe6ad1b760: start LeaderState
2019-10-08 01:49:17,001 [d67dbc00-9c73-4d3d-8b9c-bdbe6ad1b760@group-C16244C5BC36-LeaderElection63] INFO  segmented.SegmentedRaftLogWorker (SegmentedRaftLogWorker.java:startLogSegment(385)) - d67dbc00-9c73-4d3d-8b9c-bdbe6ad1b760@group-C16244C5BC36-SegmentedRaftLogWorker: Starting segment from index:0
2019-10-08 01:49:17,002 [d67dbc00-9c73-4d3d-8b9c-bdbe6ad1b760@group-C16244C5BC36-LeaderElection63] INFO  impl.RaftServerImpl (ServerState.java:setRaftConf(356)) - d67dbc00-9c73-4d3d-8b9c-bdbe6ad1b760@group-C16244C5BC36: set configuration 0: [d67dbc00-9c73-4d3d-8b9c-bdbe6ad1b760:192.168.164.245:46526], old=null at 0
2019-10-08 01:49:17,052 [d67dbc00-9c73-4d3d-8b9c-bdbe6ad1b760@group-C16244C5BC36-SegmentedRaftLogWorker] INFO  segmented.SegmentedRaftLogWorker (SegmentedRaftLogWorker.java:execute(574)) - d67dbc00-9c73-4d3d-8b9c-bdbe6ad1b760@group-C16244C5BC36-SegmentedRaftLogWorker: created new log segment /workdir/hadoop-ozone/integration-test/target/test-dir/MiniOzoneClusterImpl-48300439-3108-4bf8-abc6-2f6a7ff3a36f/datanode-1/data/ratis/4bab718e-2642-454f-ac99-c16244c5bc36/current/log_inprogress_0
2019-10-08 01:49:17,135 [Thread-3053] INFO  impl.FollowerState (FollowerState.java:run(108)) - 5547f8bc-760f-469a-93a4-e6ea00b9d405@group-B6A1048D7F50-FollowerState: change to CANDIDATE, lastRpcTime:5125ms, electionTimeout:5125ms
2019-10-08 01:49:17,135 [Thread-3053] INFO  impl.RoleInfo (RoleInfo.java:shutdownFollowerState(121)) - 5547f8bc-760f-469a-93a4-e6ea00b9d405: shutdown FollowerState
2019-10-08 01:49:17,135 [Thread-3053] INFO  impl.RaftServerImpl (RaftServerImpl.java:setRole(170)) - 5547f8bc-760f-469a-93a4-e6ea00b9d405@group-B6A1048D7F50: changes role from  FOLLOWER to CANDIDATE at term 0 for changeToCandidate
2019-10-08 01:49:17,136 [Thread-3053] INFO  impl.RoleInfo (RoleInfo.java:updateAndGet(143)) - 5547f8bc-760f-469a-93a4-e6ea00b9d405: start LeaderElection
2019-10-08 01:49:17,141 [Thread-3060] INFO  impl.FollowerState (FollowerState.java:run(108)) - d67dbc00-9c73-4d3d-8b9c-bdbe6ad1b760@group-D54B035B7064-FollowerState: change to CANDIDATE, lastRpcTime:5046ms, electionTimeout:5046ms
2019-10-08 01:49:17,142 [Thread-3060] INFO  impl.RoleInfo (RoleInfo.java:shutdownFollowerState(121)) - d67dbc00-9c73-4d3d-8b9c-bdbe6ad1b760: shutdown FollowerState
2019-10-08 01:49:17,142 [Thread-3060] INFO  impl.RaftServerImpl (RaftServerImpl.java:setRole(170)) - d67dbc00-9c73-4d3d-8b9c-bdbe6ad1b760@group-D54B035B7064: changes role from  FOLLOWER to CANDIDATE at term 0 for changeToCandidate
2019-10-08 01:49:17,142 [Thread-3060] INFO  impl.RoleInfo (RoleInfo.java:updateAndGet(143)) - d67dbc00-9c73-4d3d-8b9c-bdbe6ad1b760: start LeaderElection
2019-10-08 01:49:17,155 [5547f8bc-760f-469a-93a4-e6ea00b9d405@group-B6A1048D7F50-LeaderElection64] INFO  impl.LeaderElection (LeaderElection.java:askForVotes(178)) - 5547f8bc-760f-469a-93a4-e6ea00b9d405@group-B6A1048D7F50-LeaderElection64: begin an election at term 1 for -1: [5547f8bc-760f-469a-93a4-e6ea00b9d405:192.168.164.245:36059], old=null
2019-10-08 01:49:17,155 [d67dbc00-9c73-4d3d-8b9c-bdbe6ad1b760@group-D54B035B7064-LeaderElection65] INFO  impl.LeaderElection (LeaderElection.java:askForVotes(178)) - d67dbc00-9c73-4d3d-8b9c-bdbe6ad1b760@group-D54B035B7064-LeaderElection65: begin an election at term 1 for -1: [f22219fc-627f-4d4c-bca0-ba09b570fb17:192.168.164.245:43162, d67dbc00-9c73-4d3d-8b9c-bdbe6ad1b760:192.168.164.245:46526, 5547f8bc-760f-469a-93a4-e6ea00b9d405:192.168.164.245:36059], old=null
2019-10-08 01:49:17,155 [5547f8bc-760f-469a-93a4-e6ea00b9d405@group-B6A1048D7F50-LeaderElection64] INFO  impl.RoleInfo (RoleInfo.java:shutdownLeaderElection(134)) - 5547f8bc-760f-469a-93a4-e6ea00b9d405: shutdown LeaderElection
2019-10-08 01:49:17,155 [5547f8bc-760f-469a-93a4-e6ea00b9d405@group-B6A1048D7F50-LeaderElection64] INFO  impl.RaftServerImpl (RaftServerImpl.java:setRole(170)) - 5547f8bc-760f-469a-93a4-e6ea00b9d405@group-B6A1048D7F50: changes role from CANDIDATE to LEADER at term 1 for changeToLeader
2019-10-08 01:49:17,155 [5547f8bc-760f-469a-93a4-e6ea00b9d405@group-B6A1048D7F50-LeaderElection64] INFO  impl.RaftServerImpl (ServerState.java:setLeader(255)) - 5547f8bc-760f-469a-93a4-e6ea00b9d405@group-B6A1048D7F50: change Leader from null to 5547f8bc-760f-469a-93a4-e6ea00b9d405 at term 1 for becomeLeader, leader elected after 5153ms
2019-10-08 01:49:17,156 [5547f8bc-760f-469a-93a4-e6ea00b9d405@group-B6A1048D7F50-LeaderElection64] INFO  server.RaftServerConfigKeys (ConfUtils.java:logGet(43)) - raft.server.staging.catchup.gap = 1000 (default)
2019-10-08 01:49:17,156 [5547f8bc-760f-469a-93a4-e6ea00b9d405@group-B6A1048D7F50-LeaderElection64] INFO  server.RaftServerConfigKeys (ConfUtils.java:logGet(43)) - raft.server.rpc.sleep.time = 25ms (default)
2019-10-08 01:49:17,156 [5547f8bc-760f-469a-93a4-e6ea00b9d405@group-B6A1048D7F50-LeaderElection64] INFO  server.RaftServerConfigKeys (ConfUtils.java:logGet(43)) - raft.server.write.element-limit = 4096 (default)
2019-10-08 01:49:17,156 [5547f8bc-760f-469a-93a4-e6ea00b9d405@group-B6A1048D7F50-LeaderElection64] INFO  server.RaftServerConfigKeys (ConfUtils.java:logGet(43)) - raft.server.watch.timeout = 10s (default)
2019-10-08 01:49:17,156 [5547f8bc-760f-469a-93a4-e6ea00b9d405@group-B6A1048D7F50-LeaderElection64] INFO  server.RaftServerConfigKeys (ConfUtils.java:logGet(43)) - raft.server.watch.timeout.denomination = 1s (default)
2019-10-08 01:49:17,156 [5547f8bc-760f-469a-93a4-e6ea00b9d405@group-B6A1048D7F50-LeaderElection64] INFO  server.RaftServerConfigKeys (ConfUtils.java:logGet(43)) - raft.server.watch.element-limit = 65536 (default)
2019-10-08 01:49:17,158 [5547f8bc-760f-469a-93a4-e6ea00b9d405@group-B6A1048D7F50-LeaderElection64] INFO  impl.RoleInfo (RoleInfo.java:updateAndGet(143)) - 5547f8bc-760f-469a-93a4-e6ea00b9d405: start LeaderState
2019-10-08 01:49:17,159 [5547f8bc-760f-469a-93a4-e6ea00b9d405@group-B6A1048D7F50-LeaderElection64] INFO  segmented.SegmentedRaftLogWorker (SegmentedRaftLogWorker.java:startLogSegment(385)) - 5547f8bc-760f-469a-93a4-e6ea00b9d405@group-B6A1048D7F50-SegmentedRaftLogWorker: Starting segment from index:0
2019-10-08 01:49:17,159 [5547f8bc-760f-469a-93a4-e6ea00b9d405@group-B6A1048D7F50-LeaderElection64] INFO  impl.RaftServerImpl (ServerState.java:setRaftConf(356)) - 5547f8bc-760f-469a-93a4-e6ea00b9d405@group-B6A1048D7F50: set configuration 0: [5547f8bc-760f-469a-93a4-e6ea00b9d405:192.168.164.245:36059], old=null at 0
2019-10-08 01:49:17,159 [grpc-default-executor-2] INFO  impl.RaftServerImpl (RaftServerImpl.java:setRole(170)) - 5547f8bc-760f-469a-93a4-e6ea00b9d405@group-D54B035B7064: changes role from  FOLLOWER to FOLLOWER at term 1 for recognizeCandidate:d67dbc00-9c73-4d3d-8b9c-bdbe6ad1b760
2019-10-08 01:49:17,160 [grpc-default-executor-5] INFO  impl.RaftServerImpl (RaftServerImpl.java:setRole(170)) - f22219fc-627f-4d4c-bca0-ba09b570fb17@group-D54B035B7064: changes role from  FOLLOWER to FOLLOWER at term 1 for recognizeCandidate:d67dbc00-9c73-4d3d-8b9c-bdbe6ad1b760
2019-10-08 01:49:17,163 [grpc-default-executor-2] INFO  impl.RoleInfo (RoleInfo.java:shutdownFollowerState(121)) - 5547f8bc-760f-469a-93a4-e6ea00b9d405: shutdown FollowerState
2019-10-08 01:49:17,163 [grpc-default-executor-5] INFO  impl.RoleInfo (RoleInfo.java:shutdownFollowerState(121)) - f22219fc-627f-4d4c-bca0-ba09b570fb17: shutdown FollowerState
2019-10-08 01:49:17,163 [grpc-default-executor-2] INFO  impl.RoleInfo (RoleInfo.java:updateAndGet(143)) - 5547f8bc-760f-469a-93a4-e6ea00b9d405: start FollowerState
2019-10-08 01:49:17,163 [grpc-default-executor-5] INFO  impl.RoleInfo (RoleInfo.java:updateAndGet(143)) - f22219fc-627f-4d4c-bca0-ba09b570fb17: start FollowerState
2019-10-08 01:49:17,163 [Thread-3061] INFO  impl.FollowerState (FollowerState.java:run(117)) - 5547f8bc-760f-469a-93a4-e6ea00b9d405@group-D54B035B7064-FollowerState was interrupted: java.lang.InterruptedException: sleep interrupted
2019-10-08 01:49:17,163 [Thread-3056] INFO  impl.FollowerState (FollowerState.java:run(117)) - f22219fc-627f-4d4c-bca0-ba09b570fb17@group-D54B035B7064-FollowerState was interrupted: java.lang.InterruptedException: sleep interrupted
2019-10-08 01:49:17,208 [5547f8bc-760f-469a-93a4-e6ea00b9d405@group-B6A1048D7F50-SegmentedRaftLogWorker] INFO  segmented.SegmentedRaftLogWorker (SegmentedRaftLogWorker.java:execute(574)) - 5547f8bc-760f-469a-93a4-e6ea00b9d405@group-B6A1048D7F50-SegmentedRaftLogWorker: created new log segment /workdir/hadoop-ozone/integration-test/target/test-dir/MiniOzoneClusterImpl-48300439-3108-4bf8-abc6-2f6a7ff3a36f/datanode-2/data/ratis/992c7f18-9974-4cd2-84ec-b6a1048d7f50/current/log_inprogress_0
2019-10-08 01:49:17,210 [d67dbc00-9c73-4d3d-8b9c-bdbe6ad1b760@group-D54B035B7064-LeaderElection65] INFO  impl.LeaderElection (LeaderElection.java:logAndReturn(56)) - d67dbc00-9c73-4d3d-8b9c-bdbe6ad1b760@group-D54B035B7064-LeaderElection65: Election PASSED; received 1 response(s) [d67dbc00-9c73-4d3d-8b9c-bdbe6ad1b760<-5547f8bc-760f-469a-93a4-e6ea00b9d405#0:OK-t1] and 0 exception(s); d67dbc00-9c73-4d3d-8b9c-bdbe6ad1b760@group-D54B035B7064:t1, leader=null, voted=d67dbc00-9c73-4d3d-8b9c-bdbe6ad1b760, raftlog=d67dbc00-9c73-4d3d-8b9c-bdbe6ad1b760@group-D54B035B7064-SegmentedRaftLog:OPENED:c-1,f-1,i0, conf=-1: [f22219fc-627f-4d4c-bca0-ba09b570fb17:192.168.164.245:43162, d67dbc00-9c73-4d3d-8b9c-bdbe6ad1b760:192.168.164.245:46526, 5547f8bc-760f-469a-93a4-e6ea00b9d405:192.168.164.245:36059], old=null
2019-10-08 01:49:17,210 [d67dbc00-9c73-4d3d-8b9c-bdbe6ad1b760@group-D54B035B7064-LeaderElection65] INFO  impl.RoleInfo (RoleInfo.java:shutdownLeaderElection(134)) - d67dbc00-9c73-4d3d-8b9c-bdbe6ad1b760: shutdown LeaderElection
2019-10-08 01:49:17,210 [d67dbc00-9c73-4d3d-8b9c-bdbe6ad1b760@group-D54B035B7064-LeaderElection65] INFO  impl.RaftServerImpl (RaftServerImpl.java:setRole(170)) - d67dbc00-9c73-4d3d-8b9c-bdbe6ad1b760@group-D54B035B7064: changes role from CANDIDATE to LEADER at term 1 for changeToLeader
2019-10-08 01:49:17,210 [d67dbc00-9c73-4d3d-8b9c-bdbe6ad1b760@group-D54B035B7064-LeaderElection65] INFO  impl.RaftServerImpl (ServerState.java:setLeader(255)) - d67dbc00-9c73-4d3d-8b9c-bdbe6ad1b760@group-D54B035B7064: change Leader from null to d67dbc00-9c73-4d3d-8b9c-bdbe6ad1b760 at term 1 for becomeLeader, leader elected after 5151ms
2019-10-08 01:49:17,211 [d67dbc00-9c73-4d3d-8b9c-bdbe6ad1b760@group-D54B035B7064-LeaderElection65] INFO  server.RaftServerConfigKeys (ConfUtils.java:logGet(43)) - raft.server.staging.catchup.gap = 1000 (default)
2019-10-08 01:49:17,211 [d67dbc00-9c73-4d3d-8b9c-bdbe6ad1b760@group-D54B035B7064-LeaderElection65] INFO  server.RaftServerConfigKeys (ConfUtils.java:logGet(43)) - raft.server.rpc.sleep.time = 25ms (default)
2019-10-08 01:49:17,211 [d67dbc00-9c73-4d3d-8b9c-bdbe6ad1b760@group-D54B035B7064-LeaderElection65] INFO  server.RaftServerConfigKeys (ConfUtils.java:logGet(43)) - raft.server.write.element-limit = 4096 (default)
2019-10-08 01:49:17,211 [d67dbc00-9c73-4d3d-8b9c-bdbe6ad1b760@group-D54B035B7064-LeaderElection65] INFO  server.RaftServerConfigKeys (ConfUtils.java:logGet(43)) - raft.server.watch.timeout = 10s (default)
2019-10-08 01:49:17,211 [d67dbc00-9c73-4d3d-8b9c-bdbe6ad1b760@group-D54B035B7064-LeaderElection65] INFO  server.RaftServerConfigKeys (ConfUtils.java:logGet(43)) - raft.server.watch.timeout.denomination = 1s (default)
2019-10-08 01:49:17,211 [d67dbc00-9c73-4d3d-8b9c-bdbe6ad1b760@group-D54B035B7064-LeaderElection65] INFO  server.RaftServerConfigKeys (ConfUtils.java:logGet(43)) - raft.server.watch.element-limit = 65536 (default)
2019-10-08 01:49:17,213 [d67dbc00-9c73-4d3d-8b9c-bdbe6ad1b760@group-D54B035B7064-LeaderElection65] INFO  server.RaftServerConfigKeys (ConfUtils.java:logGet(43)) - raft.server.log.appender.snapshot.chunk.size.max = 16MB (=16777216) (default)
2019-10-08 01:49:17,214 [d67dbc00-9c73-4d3d-8b9c-bdbe6ad1b760@group-D54B035B7064-LeaderElection65] INFO  server.RaftServerConfigKeys (ConfUtils.java:logGet(43)) - raft.server.log.appender.buffer.byte-limit = 33554432 (custom)
2019-10-08 01:49:17,214 [d67dbc00-9c73-4d3d-8b9c-bdbe6ad1b760@group-D54B035B7064-LeaderElection65] INFO  server.RaftServerConfigKeys (ConfUtils.java:logGet(43)) - raft.server.log.appender.buffer.element-limit = 1 (custom)
2019-10-08 01:49:17,214 [d67dbc00-9c73-4d3d-8b9c-bdbe6ad1b760@group-D54B035B7064-LeaderElection65] INFO  grpc.GrpcConfigKeys$Server (ConfUtils.java:logGet(43)) - raft.grpc.server.leader.outstanding.appends.max = 128 (default)
2019-10-08 01:49:17,215 [d67dbc00-9c73-4d3d-8b9c-bdbe6ad1b760@group-D54B035B7064-LeaderElection65] INFO  server.RaftServerConfigKeys (ConfUtils.java:logGet(43)) - raft.server.rpc.request.timeout = 3000ms (default)
2019-10-08 01:49:17,215 [d67dbc00-9c73-4d3d-8b9c-bdbe6ad1b760@group-D54B035B7064-LeaderElection65] INFO  server.RaftServerConfigKeys (ConfUtils.java:logGet(43)) - raft.server.log.appender.install.snapshot.enabled = false (custom)
2019-10-08 01:49:17,215 [d67dbc00-9c73-4d3d-8b9c-bdbe6ad1b760@group-D54B035B7064-LeaderElection65] INFO  server.RaftServerConfigKeys (ConfUtils.java:logGet(43)) - raft.server.log.appender.snapshot.chunk.size.max = 16MB (=16777216) (default)
2019-10-08 01:49:17,215 [d67dbc00-9c73-4d3d-8b9c-bdbe6ad1b760@group-D54B035B7064-LeaderElection65] INFO  server.RaftServerConfigKeys (ConfUtils.java:logGet(43)) - raft.server.log.appender.buffer.byte-limit = 33554432 (custom)
2019-10-08 01:49:17,215 [d67dbc00-9c73-4d3d-8b9c-bdbe6ad1b760@group-D54B035B7064-LeaderElection65] INFO  server.RaftServerConfigKeys (ConfUtils.java:logGet(43)) - raft.server.log.appender.buffer.element-limit = 1 (custom)
2019-10-08 01:49:17,216 [d67dbc00-9c73-4d3d-8b9c-bdbe6ad1b760@group-D54B035B7064-LeaderElection65] INFO  grpc.GrpcConfigKeys$Server (ConfUtils.java:logGet(43)) - raft.grpc.server.leader.outstanding.appends.max = 128 (default)
2019-10-08 01:49:17,216 [d67dbc00-9c73-4d3d-8b9c-bdbe6ad1b760@group-D54B035B7064-LeaderElection65] INFO  server.RaftServerConfigKeys (ConfUtils.java:logGet(43)) - raft.server.rpc.request.timeout = 3000ms (default)
2019-10-08 01:49:17,216 [d67dbc00-9c73-4d3d-8b9c-bdbe6ad1b760@group-D54B035B7064-LeaderElection65] INFO  server.RaftServerConfigKeys (ConfUtils.java:logGet(43)) - raft.server.log.appender.install.snapshot.enabled = false (custom)
2019-10-08 01:49:17,216 [d67dbc00-9c73-4d3d-8b9c-bdbe6ad1b760@group-D54B035B7064-LeaderElection65] INFO  impl.RoleInfo (RoleInfo.java:updateAndGet(143)) - d67dbc00-9c73-4d3d-8b9c-bdbe6ad1b760: start LeaderState
2019-10-08 01:49:17,217 [d67dbc00-9c73-4d3d-8b9c-bdbe6ad1b760@group-D54B035B7064-LeaderElection65] INFO  segmented.SegmentedRaftLogWorker (SegmentedRaftLogWorker.java:startLogSegment(385)) - d67dbc00-9c73-4d3d-8b9c-bdbe6ad1b760@group-D54B035B7064-SegmentedRaftLogWorker: Starting segment from index:0
2019-10-08 01:49:17,217 [d67dbc00-9c73-4d3d-8b9c-bdbe6ad1b760@group-D54B035B7064-LeaderElection65] INFO  impl.RaftServerImpl (ServerState.java:setRaftConf(356)) - d67dbc00-9c73-4d3d-8b9c-bdbe6ad1b760@group-D54B035B7064: set configuration 0: [f22219fc-627f-4d4c-bca0-ba09b570fb17:192.168.164.245:43162, d67dbc00-9c73-4d3d-8b9c-bdbe6ad1b760:192.168.164.245:46526, 5547f8bc-760f-469a-93a4-e6ea00b9d405:192.168.164.245:36059], old=null at 0
2019-10-08 01:49:17,258 [grpc-default-executor-5] INFO  impl.RaftServerImpl (ServerState.java:setLeader(255)) - 5547f8bc-760f-469a-93a4-e6ea00b9d405@group-D54B035B7064: change Leader from null to d67dbc00-9c73-4d3d-8b9c-bdbe6ad1b760 at term 1 for appendEntries, leader elected after 5198ms
2019-10-08 01:49:17,260 [grpc-default-executor-2] INFO  impl.RaftServerImpl (ServerState.java:setLeader(255)) - f22219fc-627f-4d4c-bca0-ba09b570fb17@group-D54B035B7064: change Leader from null to d67dbc00-9c73-4d3d-8b9c-bdbe6ad1b760 at term 1 for appendEntries, leader elected after 5199ms
2019-10-08 01:49:17,262 [d67dbc00-9c73-4d3d-8b9c-bdbe6ad1b760@group-D54B035B7064-SegmentedRaftLogWorker] INFO  segmented.SegmentedRaftLogWorker (SegmentedRaftLogWorker.java:execute(574)) - d67dbc00-9c73-4d3d-8b9c-bdbe6ad1b760@group-D54B035B7064-SegmentedRaftLogWorker: created new log segment /workdir/hadoop-ozone/integration-test/target/test-dir/MiniOzoneClusterImpl-48300439-3108-4bf8-abc6-2f6a7ff3a36f/datanode-1/data/ratis/404a8dc4-38f3-4f80-91d9-d54b035b7064/current/log_inprogress_0
2019-10-08 01:49:17,264 [grpc-default-executor-2] INFO  impl.RaftServerImpl (ServerState.java:setRaftConf(356)) - f22219fc-627f-4d4c-bca0-ba09b570fb17@group-D54B035B7064: set configuration 0: [f22219fc-627f-4d4c-bca0-ba09b570fb17:192.168.164.245:43162, d67dbc00-9c73-4d3d-8b9c-bdbe6ad1b760:192.168.164.245:46526, 5547f8bc-760f-469a-93a4-e6ea00b9d405:192.168.164.245:36059], old=null at 0
2019-10-08 01:49:17,264 [grpc-default-executor-5] INFO  impl.RaftServerImpl (ServerState.java:setRaftConf(356)) - 5547f8bc-760f-469a-93a4-e6ea00b9d405@group-D54B035B7064: set configuration 0: [f22219fc-627f-4d4c-bca0-ba09b570fb17:192.168.164.245:43162, d67dbc00-9c73-4d3d-8b9c-bdbe6ad1b760:192.168.164.245:46526, 5547f8bc-760f-469a-93a4-e6ea00b9d405:192.168.164.245:36059], old=null at 0
2019-10-08 01:49:17,265 [grpc-default-executor-2] INFO  segmented.SegmentedRaftLogWorker (SegmentedRaftLogWorker.java:startLogSegment(385)) - f22219fc-627f-4d4c-bca0-ba09b570fb17@group-D54B035B7064-SegmentedRaftLogWorker: Starting segment from index:0
2019-10-08 01:49:17,265 [grpc-default-executor-5] INFO  segmented.SegmentedRaftLogWorker (SegmentedRaftLogWorker.java:startLogSegment(385)) - 5547f8bc-760f-469a-93a4-e6ea00b9d405@group-D54B035B7064-SegmentedRaftLogWorker: Starting segment from index:0
2019-10-08 01:49:17,273 [Thread-3065] INFO  impl.FollowerState (FollowerState.java:run(108)) - 22ce8828-227f-4dc0-b18d-7dd0e804d0e2@group-9DB7BC665361-FollowerState: change to CANDIDATE, lastRpcTime:5045ms, electionTimeout:5045ms
2019-10-08 01:49:17,273 [Thread-3065] INFO  impl.RoleInfo (RoleInfo.java:shutdownFollowerState(121)) - 22ce8828-227f-4dc0-b18d-7dd0e804d0e2: shutdown FollowerState
2019-10-08 01:49:17,273 [Thread-3065] INFO  impl.RaftServerImpl (RaftServerImpl.java:setRole(170)) - 22ce8828-227f-4dc0-b18d-7dd0e804d0e2@group-9DB7BC665361: changes role from  FOLLOWER to CANDIDATE at term 0 for changeToCandidate
2019-10-08 01:49:17,273 [Thread-3065] INFO  impl.RoleInfo (RoleInfo.java:updateAndGet(143)) - 22ce8828-227f-4dc0-b18d-7dd0e804d0e2: start LeaderElection
2019-10-08 01:49:17,316 [f22219fc-627f-4d4c-bca0-ba09b570fb17@group-D54B035B7064-SegmentedRaftLogWorker] INFO  segmented.SegmentedRaftLogWorker (SegmentedRaftLogWorker.java:execute(574)) - f22219fc-627f-4d4c-bca0-ba09b570fb17@group-D54B035B7064-SegmentedRaftLogWorker: created new log segment /workdir/hadoop-ozone/integration-test/target/test-dir/MiniOzoneClusterImpl-48300439-3108-4bf8-abc6-2f6a7ff3a36f/datanode-0/data/ratis/404a8dc4-38f3-4f80-91d9-d54b035b7064/current/log_inprogress_0
2019-10-08 01:49:17,316 [5547f8bc-760f-469a-93a4-e6ea00b9d405@group-D54B035B7064-SegmentedRaftLogWorker] INFO  segmented.SegmentedRaftLogWorker (SegmentedRaftLogWorker.java:execute(574)) - 5547f8bc-760f-469a-93a4-e6ea00b9d405@group-D54B035B7064-SegmentedRaftLogWorker: created new log segment /workdir/hadoop-ozone/integration-test/target/test-dir/MiniOzoneClusterImpl-48300439-3108-4bf8-abc6-2f6a7ff3a36f/datanode-2/data/ratis/404a8dc4-38f3-4f80-91d9-d54b035b7064/current/log_inprogress_0
2019-10-08 01:49:17,316 [22ce8828-227f-4dc0-b18d-7dd0e804d0e2@group-9DB7BC665361-LeaderElection66] INFO  impl.LeaderElection (LeaderElection.java:askForVotes(178)) - 22ce8828-227f-4dc0-b18d-7dd0e804d0e2@group-9DB7BC665361-LeaderElection66: begin an election at term 1 for -1: [22ce8828-227f-4dc0-b18d-7dd0e804d0e2:192.168.164.245:44400], old=null
2019-10-08 01:49:17,316 [22ce8828-227f-4dc0-b18d-7dd0e804d0e2@group-9DB7BC665361-LeaderElection66] INFO  impl.RoleInfo (RoleInfo.java:shutdownLeaderElection(134)) - 22ce8828-227f-4dc0-b18d-7dd0e804d0e2: shutdown LeaderElection
2019-10-08 01:49:17,317 [22ce8828-227f-4dc0-b18d-7dd0e804d0e2@group-9DB7BC665361-LeaderElection66] INFO  impl.RaftServerImpl (RaftServerImpl.java:setRole(170)) - 22ce8828-227f-4dc0-b18d-7dd0e804d0e2@group-9DB7BC665361: changes role from CANDIDATE to LEADER at term 1 for changeToLeader
2019-10-08 01:49:17,317 [22ce8828-227f-4dc0-b18d-7dd0e804d0e2@group-9DB7BC665361-LeaderElection66] INFO  impl.RaftServerImpl (ServerState.java:setLeader(255)) - 22ce8828-227f-4dc0-b18d-7dd0e804d0e2@group-9DB7BC665361: change Leader from null to 22ce8828-227f-4dc0-b18d-7dd0e804d0e2 at term 1 for becomeLeader, leader elected after 5096ms
2019-10-08 01:49:17,317 [22ce8828-227f-4dc0-b18d-7dd0e804d0e2@group-9DB7BC665361-LeaderElection66] INFO  server.RaftServerConfigKeys (ConfUtils.java:logGet(43)) - raft.server.staging.catchup.gap = 1000 (default)
2019-10-08 01:49:17,317 [22ce8828-227f-4dc0-b18d-7dd0e804d0e2@group-9DB7BC665361-LeaderElection66] INFO  server.RaftServerConfigKeys (ConfUtils.java:logGet(43)) - raft.server.rpc.sleep.time = 25ms (default)
2019-10-08 01:49:17,317 [22ce8828-227f-4dc0-b18d-7dd0e804d0e2@group-9DB7BC665361-LeaderElection66] INFO  server.RaftServerConfigKeys (ConfUtils.java:logGet(43)) - raft.server.write.element-limit = 4096 (default)
2019-10-08 01:49:17,317 [22ce8828-227f-4dc0-b18d-7dd0e804d0e2@group-9DB7BC665361-LeaderElection66] INFO  server.RaftServerConfigKeys (ConfUtils.java:logGet(43)) - raft.server.watch.timeout = 10s (default)
2019-10-08 01:49:17,317 [22ce8828-227f-4dc0-b18d-7dd0e804d0e2@group-9DB7BC665361-LeaderElection66] INFO  server.RaftServerConfigKeys (ConfUtils.java:logGet(43)) - raft.server.watch.timeout.denomination = 1s (default)
2019-10-08 01:49:17,317 [22ce8828-227f-4dc0-b18d-7dd0e804d0e2@group-9DB7BC665361-LeaderElection66] INFO  server.RaftServerConfigKeys (ConfUtils.java:logGet(43)) - raft.server.watch.element-limit = 65536 (default)
2019-10-08 01:49:17,319 [22ce8828-227f-4dc0-b18d-7dd0e804d0e2@group-9DB7BC665361-LeaderElection66] INFO  impl.RoleInfo (RoleInfo.java:updateAndGet(143)) - 22ce8828-227f-4dc0-b18d-7dd0e804d0e2: start LeaderState
2019-10-08 01:49:17,319 [22ce8828-227f-4dc0-b18d-7dd0e804d0e2@group-9DB7BC665361-LeaderElection66] INFO  segmented.SegmentedRaftLogWorker (SegmentedRaftLogWorker.java:startLogSegment(385)) - 22ce8828-227f-4dc0-b18d-7dd0e804d0e2@group-9DB7BC665361-SegmentedRaftLogWorker: Starting segment from index:0
2019-10-08 01:49:17,320 [22ce8828-227f-4dc0-b18d-7dd0e804d0e2@group-9DB7BC665361-LeaderElection66] INFO  impl.RaftServerImpl (ServerState.java:setRaftConf(356)) - 22ce8828-227f-4dc0-b18d-7dd0e804d0e2@group-9DB7BC665361: set configuration 0: [22ce8828-227f-4dc0-b18d-7dd0e804d0e2:192.168.164.245:44400], old=null at 0
2019-10-08 01:49:17,358 [22ce8828-227f-4dc0-b18d-7dd0e804d0e2@group-9DB7BC665361-SegmentedRaftLogWorker] INFO  segmented.SegmentedRaftLogWorker (SegmentedRaftLogWorker.java:execute(574)) - 22ce8828-227f-4dc0-b18d-7dd0e804d0e2@group-9DB7BC665361-SegmentedRaftLogWorker: created new log segment /workdir/hadoop-ozone/integration-test/target/test-dir/MiniOzoneClusterImpl-48300439-3108-4bf8-abc6-2f6a7ff3a36f/datanode-5/data/ratis/ae3a3f08-66c5-4bae-91ca-9db7bc665361/current/log_inprogress_0
2019-10-08 01:49:17,427 [Thread-3070] INFO  impl.FollowerState (FollowerState.java:run(108)) - bca1e8e3-f332-47c5-ad14-de3fab147c83@group-2BFCB28C37BC-FollowerState: change to CANDIDATE, lastRpcTime:5147ms, electionTimeout:5147ms
2019-10-08 01:49:17,427 [Thread-3070] INFO  impl.RoleInfo (RoleInfo.java:shutdownFollowerState(121)) - bca1e8e3-f332-47c5-ad14-de3fab147c83: shutdown FollowerState
2019-10-08 01:49:17,427 [Thread-3070] INFO  impl.RaftServerImpl (RaftServerImpl.java:setRole(170)) - bca1e8e3-f332-47c5-ad14-de3fab147c83@group-2BFCB28C37BC: changes role from  FOLLOWER to CANDIDATE at term 0 for changeToCandidate
2019-10-08 01:49:17,428 [Thread-3070] INFO  impl.RoleInfo (RoleInfo.java:updateAndGet(143)) - bca1e8e3-f332-47c5-ad14-de3fab147c83: start LeaderElection
2019-10-08 01:49:17,447 [bca1e8e3-f332-47c5-ad14-de3fab147c83@group-2BFCB28C37BC-LeaderElection67] INFO  impl.LeaderElection (LeaderElection.java:askForVotes(178)) - bca1e8e3-f332-47c5-ad14-de3fab147c83@group-2BFCB28C37BC-LeaderElection67: begin an election at term 1 for -1: [bca1e8e3-f332-47c5-ad14-de3fab147c83:192.168.164.245:34423], old=null
2019-10-08 01:49:17,448 [bca1e8e3-f332-47c5-ad14-de3fab147c83@group-2BFCB28C37BC-LeaderElection67] INFO  impl.RoleInfo (RoleInfo.java:shutdownLeaderElection(134)) - bca1e8e3-f332-47c5-ad14-de3fab147c83: shutdown LeaderElection
2019-10-08 01:49:17,448 [bca1e8e3-f332-47c5-ad14-de3fab147c83@group-2BFCB28C37BC-LeaderElection67] INFO  impl.RaftServerImpl (RaftServerImpl.java:setRole(170)) - bca1e8e3-f332-47c5-ad14-de3fab147c83@group-2BFCB28C37BC: changes role from CANDIDATE to LEADER at term 1 for changeToLeader
2019-10-08 01:49:17,448 [bca1e8e3-f332-47c5-ad14-de3fab147c83@group-2BFCB28C37BC-LeaderElection67] INFO  impl.RaftServerImpl (ServerState.java:setLeader(255)) - bca1e8e3-f332-47c5-ad14-de3fab147c83@group-2BFCB28C37BC: change Leader from null to bca1e8e3-f332-47c5-ad14-de3fab147c83 at term 1 for becomeLeader, leader elected after 5178ms
2019-10-08 01:49:17,448 [bca1e8e3-f332-47c5-ad14-de3fab147c83@group-2BFCB28C37BC-LeaderElection67] INFO  server.RaftServerConfigKeys (ConfUtils.java:logGet(43)) - raft.server.staging.catchup.gap = 1000 (default)
2019-10-08 01:49:17,448 [bca1e8e3-f332-47c5-ad14-de3fab147c83@group-2BFCB28C37BC-LeaderElection67] INFO  server.RaftServerConfigKeys (ConfUtils.java:logGet(43)) - raft.server.rpc.sleep.time = 25ms (default)
2019-10-08 01:49:17,449 [bca1e8e3-f332-47c5-ad14-de3fab147c83@group-2BFCB28C37BC-LeaderElection67] INFO  server.RaftServerConfigKeys (ConfUtils.java:logGet(43)) - raft.server.write.element-limit = 4096 (default)
2019-10-08 01:49:17,449 [bca1e8e3-f332-47c5-ad14-de3fab147c83@group-2BFCB28C37BC-LeaderElection67] INFO  server.RaftServerConfigKeys (ConfUtils.java:logGet(43)) - raft.server.watch.timeout = 10s (default)
2019-10-08 01:49:17,449 [bca1e8e3-f332-47c5-ad14-de3fab147c83@group-2BFCB28C37BC-LeaderElection67] INFO  server.RaftServerConfigKeys (ConfUtils.java:logGet(43)) - raft.server.watch.timeout.denomination = 1s (default)
2019-10-08 01:49:17,449 [bca1e8e3-f332-47c5-ad14-de3fab147c83@group-2BFCB28C37BC-LeaderElection67] INFO  server.RaftServerConfigKeys (ConfUtils.java:logGet(43)) - raft.server.watch.element-limit = 65536 (default)
2019-10-08 01:49:17,450 [Thread-3073] INFO  impl.FollowerState (FollowerState.java:run(108)) - c570d380-d801-4606-b2cf-f87d47875c7a@group-8866467EF82E-FollowerState: change to CANDIDATE, lastRpcTime:5111ms, electionTimeout:5111ms
2019-10-08 01:49:17,450 [Thread-3073] INFO  impl.RoleInfo (RoleInfo.java:shutdownFollowerState(121)) - c570d380-d801-4606-b2cf-f87d47875c7a: shutdown FollowerState
2019-10-08 01:49:17,450 [Thread-3073] INFO  impl.RaftServerImpl (RaftServerImpl.java:setRole(170)) - c570d380-d801-4606-b2cf-f87d47875c7a@group-8866467EF82E: changes role from  FOLLOWER to CANDIDATE at term 0 for changeToCandidate
2019-10-08 01:49:17,450 [Thread-3073] INFO  impl.RoleInfo (RoleInfo.java:updateAndGet(143)) - c570d380-d801-4606-b2cf-f87d47875c7a: start LeaderElection
2019-10-08 01:49:17,457 [bca1e8e3-f332-47c5-ad14-de3fab147c83@group-2BFCB28C37BC-LeaderElection67] INFO  impl.RoleInfo (RoleInfo.java:updateAndGet(143)) - bca1e8e3-f332-47c5-ad14-de3fab147c83: start LeaderState
2019-10-08 01:49:17,457 [bca1e8e3-f332-47c5-ad14-de3fab147c83@group-2BFCB28C37BC-LeaderElection67] INFO  segmented.SegmentedRaftLogWorker (SegmentedRaftLogWorker.java:startLogSegment(385)) - bca1e8e3-f332-47c5-ad14-de3fab147c83@group-2BFCB28C37BC-SegmentedRaftLogWorker: Starting segment from index:0
2019-10-08 01:49:17,457 [bca1e8e3-f332-47c5-ad14-de3fab147c83@group-2BFCB28C37BC-LeaderElection67] INFO  impl.RaftServerImpl (ServerState.java:setRaftConf(356)) - bca1e8e3-f332-47c5-ad14-de3fab147c83@group-2BFCB28C37BC: set configuration 0: [bca1e8e3-f332-47c5-ad14-de3fab147c83:192.168.164.245:34423], old=null at 0
2019-10-08 01:49:17,497 [c570d380-d801-4606-b2cf-f87d47875c7a@group-8866467EF82E-LeaderElection68] INFO  impl.LeaderElection (LeaderElection.java:askForVotes(178)) - c570d380-d801-4606-b2cf-f87d47875c7a@group-8866467EF82E-LeaderElection68: begin an election at term 1 for -1: [c570d380-d801-4606-b2cf-f87d47875c7a:192.168.164.245:41347], old=null
2019-10-08 01:49:17,497 [c570d380-d801-4606-b2cf-f87d47875c7a@group-8866467EF82E-LeaderElection68] INFO  impl.RoleInfo (RoleInfo.java:shutdownLeaderElection(134)) - c570d380-d801-4606-b2cf-f87d47875c7a: shutdown LeaderElection
2019-10-08 01:49:17,497 [c570d380-d801-4606-b2cf-f87d47875c7a@group-8866467EF82E-LeaderElection68] INFO  impl.RaftServerImpl (RaftServerImpl.java:setRole(170)) - c570d380-d801-4606-b2cf-f87d47875c7a@group-8866467EF82E: changes role from CANDIDATE to LEADER at term 1 for changeToLeader
2019-10-08 01:49:17,497 [c570d380-d801-4606-b2cf-f87d47875c7a@group-8866467EF82E-LeaderElection68] INFO  impl.RaftServerImpl (ServerState.java:setLeader(255)) - c570d380-d801-4606-b2cf-f87d47875c7a@group-8866467EF82E: change Leader from null to c570d380-d801-4606-b2cf-f87d47875c7a at term 1 for becomeLeader, leader elected after 5165ms
2019-10-08 01:49:17,497 [c570d380-d801-4606-b2cf-f87d47875c7a@group-8866467EF82E-LeaderElection68] INFO  server.RaftServerConfigKeys (ConfUtils.java:logGet(43)) - raft.server.staging.catchup.gap = 1000 (default)
2019-10-08 01:49:17,497 [c570d380-d801-4606-b2cf-f87d47875c7a@group-8866467EF82E-LeaderElection68] INFO  server.RaftServerConfigKeys (ConfUtils.java:logGet(43)) - raft.server.rpc.sleep.time = 25ms (default)
2019-10-08 01:49:17,498 [c570d380-d801-4606-b2cf-f87d47875c7a@group-8866467EF82E-LeaderElection68] INFO  server.RaftServerConfigKeys (ConfUtils.java:logGet(43)) - raft.server.write.element-limit = 4096 (default)
2019-10-08 01:49:17,498 [c570d380-d801-4606-b2cf-f87d47875c7a@group-8866467EF82E-LeaderElection68] INFO  server.RaftServerConfigKeys (ConfUtils.java:logGet(43)) - raft.server.watch.timeout = 10s (default)
2019-10-08 01:49:17,498 [c570d380-d801-4606-b2cf-f87d47875c7a@group-8866467EF82E-LeaderElection68] INFO  server.RaftServerConfigKeys (ConfUtils.java:logGet(43)) - raft.server.watch.timeout.denomination = 1s (default)
2019-10-08 01:49:17,498 [c570d380-d801-4606-b2cf-f87d47875c7a@group-8866467EF82E-LeaderElection68] INFO  server.RaftServerConfigKeys (ConfUtils.java:logGet(43)) - raft.server.watch.element-limit = 65536 (default)
2019-10-08 01:49:17,498 [Thread-3081] INFO  impl.FollowerState (FollowerState.java:run(108)) - c570d380-d801-4606-b2cf-f87d47875c7a@group-D96FDCD121B1-FollowerState: change to CANDIDATE, lastRpcTime:5060ms, electionTimeout:5060ms
2019-10-08 01:49:17,498 [Thread-3081] INFO  impl.RoleInfo (RoleInfo.java:shutdownFollowerState(121)) - c570d380-d801-4606-b2cf-f87d47875c7a: shutdown FollowerState
2019-10-08 01:49:17,499 [Thread-3081] INFO  impl.RaftServerImpl (RaftServerImpl.java:setRole(170)) - c570d380-d801-4606-b2cf-f87d47875c7a@group-D96FDCD121B1: changes role from  FOLLOWER to CANDIDATE at term 0 for changeToCandidate
2019-10-08 01:49:17,499 [Thread-3081] INFO  impl.RoleInfo (RoleInfo.java:updateAndGet(143)) - c570d380-d801-4606-b2cf-f87d47875c7a: start LeaderElection
2019-10-08 01:49:17,506 [c570d380-d801-4606-b2cf-f87d47875c7a@group-8866467EF82E-LeaderElection68] INFO  impl.RoleInfo (RoleInfo.java:updateAndGet(143)) - c570d380-d801-4606-b2cf-f87d47875c7a: start LeaderState
2019-10-08 01:49:17,506 [c570d380-d801-4606-b2cf-f87d47875c7a@group-8866467EF82E-LeaderElection68] INFO  segmented.SegmentedRaftLogWorker (SegmentedRaftLogWorker.java:startLogSegment(385)) - c570d380-d801-4606-b2cf-f87d47875c7a@group-8866467EF82E-SegmentedRaftLogWorker: Starting segment from index:0
2019-10-08 01:49:17,507 [c570d380-d801-4606-b2cf-f87d47875c7a@group-8866467EF82E-LeaderElection68] INFO  impl.RaftServerImpl (ServerState.java:setRaftConf(356)) - c570d380-d801-4606-b2cf-f87d47875c7a@group-8866467EF82E: set configuration 0: [c570d380-d801-4606-b2cf-f87d47875c7a:192.168.164.245:41347], old=null at 0
2019-10-08 01:49:17,510 [bca1e8e3-f332-47c5-ad14-de3fab147c83@group-2BFCB28C37BC-SegmentedRaftLogWorker] INFO  segmented.SegmentedRaftLogWorker (SegmentedRaftLogWorker.java:execute(574)) - bca1e8e3-f332-47c5-ad14-de3fab147c83@group-2BFCB28C37BC-SegmentedRaftLogWorker: created new log segment /workdir/hadoop-ozone/integration-test/target/test-dir/MiniOzoneClusterImpl-48300439-3108-4bf8-abc6-2f6a7ff3a36f/datanode-3/data/ratis/10f9c246-5412-4208-b38d-2bfcb28c37bc/current/log_inprogress_0
2019-10-08 01:49:17,510 [c570d380-d801-4606-b2cf-f87d47875c7a@group-D96FDCD121B1-LeaderElection69] INFO  impl.LeaderElection (LeaderElection.java:askForVotes(178)) - c570d380-d801-4606-b2cf-f87d47875c7a@group-D96FDCD121B1-LeaderElection69: begin an election at term 1 for -1: [bca1e8e3-f332-47c5-ad14-de3fab147c83:192.168.164.245:34423, c570d380-d801-4606-b2cf-f87d47875c7a:192.168.164.245:41347, 22ce8828-227f-4dc0-b18d-7dd0e804d0e2:192.168.164.245:44400], old=null
2019-10-08 01:49:17,544 [grpc-default-executor-0] INFO  impl.RaftServerImpl (RaftServerImpl.java:setRole(170)) - bca1e8e3-f332-47c5-ad14-de3fab147c83@group-D96FDCD121B1: changes role from  FOLLOWER to FOLLOWER at term 1 for recognizeCandidate:c570d380-d801-4606-b2cf-f87d47875c7a
2019-10-08 01:49:17,544 [grpc-default-executor-2] INFO  impl.RaftServerImpl (RaftServerImpl.java:setRole(170)) - 22ce8828-227f-4dc0-b18d-7dd0e804d0e2@group-D96FDCD121B1: changes role from  FOLLOWER to FOLLOWER at term 1 for recognizeCandidate:c570d380-d801-4606-b2cf-f87d47875c7a
2019-10-08 01:49:17,545 [grpc-default-executor-0] INFO  impl.RoleInfo (RoleInfo.java:shutdownFollowerState(121)) - bca1e8e3-f332-47c5-ad14-de3fab147c83: shutdown FollowerState
2019-10-08 01:49:17,545 [grpc-default-executor-2] INFO  impl.RoleInfo (RoleInfo.java:shutdownFollowerState(121)) - 22ce8828-227f-4dc0-b18d-7dd0e804d0e2: shutdown FollowerState
2019-10-08 01:49:17,545 [Thread-3082] INFO  impl.FollowerState (FollowerState.java:run(117)) - bca1e8e3-f332-47c5-ad14-de3fab147c83@group-D96FDCD121B1-FollowerState was interrupted: java.lang.InterruptedException: sleep interrupted
2019-10-08 01:49:17,546 [grpc-default-executor-2] INFO  impl.RoleInfo (RoleInfo.java:updateAndGet(143)) - 22ce8828-227f-4dc0-b18d-7dd0e804d0e2: start FollowerState
2019-10-08 01:49:17,545 [grpc-default-executor-0] INFO  impl.RoleInfo (RoleInfo.java:updateAndGet(143)) - bca1e8e3-f332-47c5-ad14-de3fab147c83: start FollowerState
2019-10-08 01:49:17,549 [Thread-3083] INFO  impl.FollowerState (FollowerState.java:run(117)) - 22ce8828-227f-4dc0-b18d-7dd0e804d0e2@group-D96FDCD121B1-FollowerState was interrupted: java.lang.InterruptedException: sleep interrupted
2019-10-08 01:49:17,554 [c570d380-d801-4606-b2cf-f87d47875c7a@group-8866467EF82E-SegmentedRaftLogWorker] INFO  segmented.SegmentedRaftLogWorker (SegmentedRaftLogWorker.java:execute(574)) - c570d380-d801-4606-b2cf-f87d47875c7a@group-8866467EF82E-SegmentedRaftLogWorker: created new log segment /workdir/hadoop-ozone/integration-test/target/test-dir/MiniOzoneClusterImpl-48300439-3108-4bf8-abc6-2f6a7ff3a36f/datanode-6/data/ratis/191ced3b-ac83-4236-b4a5-8866467ef82e/current/log_inprogress_0
2019-10-08 01:49:17,555 [Thread-3076] INFO  impl.FollowerState (FollowerState.java:run(108)) - ce5cc61e-1bd6-4d21-b314-04177087a8ee@group-0F2EF8D30BAE-FollowerState: change to CANDIDATE, lastRpcTime:5172ms, electionTimeout:5172ms
2019-10-08 01:49:17,555 [Thread-3076] INFO  impl.RoleInfo (RoleInfo.java:shutdownFollowerState(121)) - ce5cc61e-1bd6-4d21-b314-04177087a8ee: shutdown FollowerState
2019-10-08 01:49:17,556 [Thread-3076] INFO  impl.RaftServerImpl (RaftServerImpl.java:setRole(170)) - ce5cc61e-1bd6-4d21-b314-04177087a8ee@group-0F2EF8D30BAE: changes role from  FOLLOWER to CANDIDATE at term 0 for changeToCandidate
2019-10-08 01:49:17,556 [Thread-3076] INFO  impl.RoleInfo (RoleInfo.java:updateAndGet(143)) - ce5cc61e-1bd6-4d21-b314-04177087a8ee: start LeaderElection
2019-10-08 01:49:17,563 [c570d380-d801-4606-b2cf-f87d47875c7a@group-D96FDCD121B1-LeaderElection69] INFO  impl.LeaderElection (LeaderElection.java:logAndReturn(56)) - c570d380-d801-4606-b2cf-f87d47875c7a@group-D96FDCD121B1-LeaderElection69: Election PASSED; received 1 response(s) [c570d380-d801-4606-b2cf-f87d47875c7a<-22ce8828-227f-4dc0-b18d-7dd0e804d0e2#0:OK-t1] and 0 exception(s); c570d380-d801-4606-b2cf-f87d47875c7a@group-D96FDCD121B1:t1, leader=null, voted=c570d380-d801-4606-b2cf-f87d47875c7a, raftlog=c570d380-d801-4606-b2cf-f87d47875c7a@group-D96FDCD121B1-SegmentedRaftLog:OPENED:c-1,f-1,i0, conf=-1: [bca1e8e3-f332-47c5-ad14-de3fab147c83:192.168.164.245:34423, c570d380-d801-4606-b2cf-f87d47875c7a:192.168.164.245:41347, 22ce8828-227f-4dc0-b18d-7dd0e804d0e2:192.168.164.245:44400], old=null
2019-10-08 01:49:17,563 [c570d380-d801-4606-b2cf-f87d47875c7a@group-D96FDCD121B1-LeaderElection69] INFO  impl.RoleInfo (RoleInfo.java:shutdownLeaderElection(134)) - c570d380-d801-4606-b2cf-f87d47875c7a: shutdown LeaderElection
2019-10-08 01:49:17,564 [c570d380-d801-4606-b2cf-f87d47875c7a@group-D96FDCD121B1-LeaderElection69] INFO  impl.RaftServerImpl (RaftServerImpl.java:setRole(170)) - c570d380-d801-4606-b2cf-f87d47875c7a@group-D96FDCD121B1: changes role from CANDIDATE to LEADER at term 1 for changeToLeader
2019-10-08 01:49:17,564 [c570d380-d801-4606-b2cf-f87d47875c7a@group-D96FDCD121B1-LeaderElection69] INFO  impl.RaftServerImpl (ServerState.java:setLeader(255)) - c570d380-d801-4606-b2cf-f87d47875c7a@group-D96FDCD121B1: change Leader from null to c570d380-d801-4606-b2cf-f87d47875c7a at term 1 for becomeLeader, leader elected after 5134ms
2019-10-08 01:49:17,564 [c570d380-d801-4606-b2cf-f87d47875c7a@group-D96FDCD121B1-LeaderElection69] INFO  server.RaftServerConfigKeys (ConfUtils.java:logGet(43)) - raft.server.staging.catchup.gap = 1000 (default)
2019-10-08 01:49:17,564 [c570d380-d801-4606-b2cf-f87d47875c7a@group-D96FDCD121B1-LeaderElection69] INFO  server.RaftServerConfigKeys (ConfUtils.java:logGet(43)) - raft.server.rpc.sleep.time = 25ms (default)
2019-10-08 01:49:17,568 [c570d380-d801-4606-b2cf-f87d47875c7a@group-D96FDCD121B1-LeaderElection69] INFO  server.RaftServerConfigKeys (ConfUtils.java:logGet(43)) - raft.server.write.element-limit = 4096 (default)
2019-10-08 01:49:17,568 [c570d380-d801-4606-b2cf-f87d47875c7a@group-D96FDCD121B1-LeaderElection69] INFO  server.RaftServerConfigKeys (ConfUtils.java:logGet(43)) - raft.server.watch.timeout = 10s (default)
2019-10-08 01:49:17,568 [c570d380-d801-4606-b2cf-f87d47875c7a@group-D96FDCD121B1-LeaderElection69] INFO  server.RaftServerConfigKeys (ConfUtils.java:logGet(43)) - raft.server.watch.timeout.denomination = 1s (default)
2019-10-08 01:49:17,568 [c570d380-d801-4606-b2cf-f87d47875c7a@group-D96FDCD121B1-LeaderElection69] INFO  server.RaftServerConfigKeys (ConfUtils.java:logGet(43)) - raft.server.watch.element-limit = 65536 (default)
2019-10-08 01:49:17,574 [c570d380-d801-4606-b2cf-f87d47875c7a@group-D96FDCD121B1-LeaderElection69] INFO  server.RaftServerConfigKeys (ConfUtils.java:logGet(43)) - raft.server.log.appender.snapshot.chunk.size.max = 16MB (=16777216) (default)
2019-10-08 01:49:17,574 [c570d380-d801-4606-b2cf-f87d47875c7a@group-D96FDCD121B1-LeaderElection69] INFO  server.RaftServerConfigKeys (ConfUtils.java:logGet(43)) - raft.server.log.appender.buffer.byte-limit = 33554432 (custom)
2019-10-08 01:49:17,574 [c570d380-d801-4606-b2cf-f87d47875c7a@group-D96FDCD121B1-LeaderElection69] INFO  server.RaftServerConfigKeys (ConfUtils.java:logGet(43)) - raft.server.log.appender.buffer.element-limit = 1 (custom)
2019-10-08 01:49:17,574 [c570d380-d801-4606-b2cf-f87d47875c7a@group-D96FDCD121B1-LeaderElection69] INFO  grpc.GrpcConfigKeys$Server (ConfUtils.java:logGet(43)) - raft.grpc.server.leader.outstanding.appends.max = 128 (default)
2019-10-08 01:49:17,575 [ce5cc61e-1bd6-4d21-b314-04177087a8ee@group-0F2EF8D30BAE-LeaderElection70] INFO  impl.LeaderElection (LeaderElection.java:askForVotes(178)) - ce5cc61e-1bd6-4d21-b314-04177087a8ee@group-0F2EF8D30BAE-LeaderElection70: begin an election at term 1 for -1: [ce5cc61e-1bd6-4d21-b314-04177087a8ee:192.168.164.245:37415], old=null
2019-10-08 01:49:17,575 [c570d380-d801-4606-b2cf-f87d47875c7a@group-D96FDCD121B1-LeaderElection69] INFO  server.RaftServerConfigKeys (ConfUtils.java:logGet(43)) - raft.server.rpc.request.timeout = 3000ms (default)
2019-10-08 01:49:17,577 [ce5cc61e-1bd6-4d21-b314-04177087a8ee@group-0F2EF8D30BAE-LeaderElection70] INFO  impl.RoleInfo (RoleInfo.java:shutdownLeaderElection(134)) - ce5cc61e-1bd6-4d21-b314-04177087a8ee: shutdown LeaderElection
2019-10-08 01:49:17,578 [c570d380-d801-4606-b2cf-f87d47875c7a@group-D96FDCD121B1-LeaderElection69] INFO  server.RaftServerConfigKeys (ConfUtils.java:logGet(43)) - raft.server.log.appender.install.snapshot.enabled = false (custom)
2019-10-08 01:49:17,578 [ce5cc61e-1bd6-4d21-b314-04177087a8ee@group-0F2EF8D30BAE-LeaderElection70] INFO  impl.RaftServerImpl (RaftServerImpl.java:setRole(170)) - ce5cc61e-1bd6-4d21-b314-04177087a8ee@group-0F2EF8D30BAE: changes role from CANDIDATE to LEADER at term 1 for changeToLeader
2019-10-08 01:49:17,578 [c570d380-d801-4606-b2cf-f87d47875c7a@group-D96FDCD121B1-LeaderElection69] INFO  server.RaftServerConfigKeys (ConfUtils.java:logGet(43)) - raft.server.log.appender.snapshot.chunk.size.max = 16MB (=16777216) (default)
2019-10-08 01:49:17,578 [ce5cc61e-1bd6-4d21-b314-04177087a8ee@group-0F2EF8D30BAE-LeaderElection70] INFO  impl.RaftServerImpl (ServerState.java:setLeader(255)) - ce5cc61e-1bd6-4d21-b314-04177087a8ee@group-0F2EF8D30BAE: change Leader from null to ce5cc61e-1bd6-4d21-b314-04177087a8ee at term 1 for becomeLeader, leader elected after 5200ms
2019-10-08 01:49:17,578 [c570d380-d801-4606-b2cf-f87d47875c7a@group-D96FDCD121B1-LeaderElection69] INFO  server.RaftServerConfigKeys (ConfUtils.java:logGet(43)) - raft.server.log.appender.buffer.byte-limit = 33554432 (custom)
2019-10-08 01:49:17,579 [ce5cc61e-1bd6-4d21-b314-04177087a8ee@group-0F2EF8D30BAE-LeaderElection70] INFO  server.RaftServerConfigKeys (ConfUtils.java:logGet(43)) - raft.server.staging.catchup.gap = 1000 (default)
2019-10-08 01:49:17,579 [c570d380-d801-4606-b2cf-f87d47875c7a@group-D96FDCD121B1-LeaderElection69] INFO  server.RaftServerConfigKeys (ConfUtils.java:logGet(43)) - raft.server.log.appender.buffer.element-limit = 1 (custom)
2019-10-08 01:49:17,579 [ce5cc61e-1bd6-4d21-b314-04177087a8ee@group-0F2EF8D30BAE-LeaderElection70] INFO  server.RaftServerConfigKeys (ConfUtils.java:logGet(43)) - raft.server.rpc.sleep.time = 25ms (default)
2019-10-08 01:49:17,579 [c570d380-d801-4606-b2cf-f87d47875c7a@group-D96FDCD121B1-LeaderElection69] INFO  grpc.GrpcConfigKeys$Server (ConfUtils.java:logGet(43)) - raft.grpc.server.leader.outstanding.appends.max = 128 (default)
2019-10-08 01:49:17,579 [ce5cc61e-1bd6-4d21-b314-04177087a8ee@group-0F2EF8D30BAE-LeaderElection70] INFO  server.RaftServerConfigKeys (ConfUtils.java:logGet(43)) - raft.server.write.element-limit = 4096 (default)
2019-10-08 01:49:17,579 [c570d380-d801-4606-b2cf-f87d47875c7a@group-D96FDCD121B1-LeaderElection69] INFO  server.RaftServerConfigKeys (ConfUtils.java:logGet(43)) - raft.server.rpc.request.timeout = 3000ms (default)
2019-10-08 01:49:17,579 [ce5cc61e-1bd6-4d21-b314-04177087a8ee@group-0F2EF8D30BAE-LeaderElection70] INFO  server.RaftServerConfigKeys (ConfUtils.java:logGet(43)) - raft.server.watch.timeout = 10s (default)
2019-10-08 01:49:17,580 [c570d380-d801-4606-b2cf-f87d47875c7a@group-D96FDCD121B1-LeaderElection69] INFO  server.RaftServerConfigKeys (ConfUtils.java:logGet(43)) - raft.server.log.appender.install.snapshot.enabled = false (custom)
2019-10-08 01:49:17,580 [ce5cc61e-1bd6-4d21-b314-04177087a8ee@group-0F2EF8D30BAE-LeaderElection70] INFO  server.RaftServerConfigKeys (ConfUtils.java:logGet(43)) - raft.server.watch.timeout.denomination = 1s (default)
2019-10-08 01:49:17,580 [c570d380-d801-4606-b2cf-f87d47875c7a@group-D96FDCD121B1-LeaderElection69] INFO  impl.RoleInfo (RoleInfo.java:updateAndGet(143)) - c570d380-d801-4606-b2cf-f87d47875c7a: start LeaderState
2019-10-08 01:49:17,580 [ce5cc61e-1bd6-4d21-b314-04177087a8ee@group-0F2EF8D30BAE-LeaderElection70] INFO  server.RaftServerConfigKeys (ConfUtils.java:logGet(43)) - raft.server.watch.element-limit = 65536 (default)
2019-10-08 01:49:17,580 [c570d380-d801-4606-b2cf-f87d47875c7a@group-D96FDCD121B1-LeaderElection69] INFO  segmented.SegmentedRaftLogWorker (SegmentedRaftLogWorker.java:startLogSegment(385)) - c570d380-d801-4606-b2cf-f87d47875c7a@group-D96FDCD121B1-SegmentedRaftLogWorker: Starting segment from index:0
2019-10-08 01:49:17,581 [c570d380-d801-4606-b2cf-f87d47875c7a@group-D96FDCD121B1-LeaderElection69] INFO  impl.RaftServerImpl (ServerState.java:setRaftConf(356)) - c570d380-d801-4606-b2cf-f87d47875c7a@group-D96FDCD121B1: set configuration 0: [bca1e8e3-f332-47c5-ad14-de3fab147c83:192.168.164.245:34423, c570d380-d801-4606-b2cf-f87d47875c7a:192.168.164.245:41347, 22ce8828-227f-4dc0-b18d-7dd0e804d0e2:192.168.164.245:44400], old=null at 0
2019-10-08 01:49:17,623 [grpc-default-executor-2] INFO  impl.RaftServerImpl (ServerState.java:setLeader(255)) - bca1e8e3-f332-47c5-ad14-de3fab147c83@group-D96FDCD121B1: change Leader from null to c570d380-d801-4606-b2cf-f87d47875c7a at term 1 for appendEntries, leader elected after 5192ms
2019-10-08 01:49:17,623 [ce5cc61e-1bd6-4d21-b314-04177087a8ee@group-0F2EF8D30BAE-LeaderElection70] INFO  impl.RoleInfo (RoleInfo.java:updateAndGet(143)) - ce5cc61e-1bd6-4d21-b314-04177087a8ee: start LeaderState
2019-10-08 01:49:17,627 [grpc-default-executor-5] INFO  impl.RaftServerImpl (ServerState.java:setLeader(255)) - 22ce8828-227f-4dc0-b18d-7dd0e804d0e2@group-D96FDCD121B1: change Leader from null to c570d380-d801-4606-b2cf-f87d47875c7a at term 1 for appendEntries, leader elected after 5197ms
2019-10-08 01:49:17,627 [ce5cc61e-1bd6-4d21-b314-04177087a8ee@group-0F2EF8D30BAE-LeaderElection70] INFO  segmented.SegmentedRaftLogWorker (SegmentedRaftLogWorker.java:startLogSegment(385)) - ce5cc61e-1bd6-4d21-b314-04177087a8ee@group-0F2EF8D30BAE-SegmentedRaftLogWorker: Starting segment from index:0
2019-10-08 01:49:17,628 [ce5cc61e-1bd6-4d21-b314-04177087a8ee@group-0F2EF8D30BAE-LeaderElection70] INFO  impl.RaftServerImpl (ServerState.java:setRaftConf(356)) - ce5cc61e-1bd6-4d21-b314-04177087a8ee@group-0F2EF8D30BAE: set configuration 0: [ce5cc61e-1bd6-4d21-b314-04177087a8ee:192.168.164.245:37415], old=null at 0
2019-10-08 01:49:17,633 [grpc-default-executor-2] INFO  impl.RaftServerImpl (ServerState.java:setRaftConf(356)) - bca1e8e3-f332-47c5-ad14-de3fab147c83@group-D96FDCD121B1: set configuration 0: [bca1e8e3-f332-47c5-ad14-de3fab147c83:192.168.164.245:34423, c570d380-d801-4606-b2cf-f87d47875c7a:192.168.164.245:41347, 22ce8828-227f-4dc0-b18d-7dd0e804d0e2:192.168.164.245:44400], old=null at 0
2019-10-08 01:49:17,633 [grpc-default-executor-5] INFO  impl.RaftServerImpl (ServerState.java:setRaftConf(356)) - 22ce8828-227f-4dc0-b18d-7dd0e804d0e2@group-D96FDCD121B1: set configuration 0: [bca1e8e3-f332-47c5-ad14-de3fab147c83:192.168.164.245:34423, c570d380-d801-4606-b2cf-f87d47875c7a:192.168.164.245:41347, 22ce8828-227f-4dc0-b18d-7dd0e804d0e2:192.168.164.245:44400], old=null at 0
2019-10-08 01:49:17,633 [grpc-default-executor-2] INFO  segmented.SegmentedRaftLogWorker (SegmentedRaftLogWorker.java:startLogSegment(385)) - bca1e8e3-f332-47c5-ad14-de3fab147c83@group-D96FDCD121B1-SegmentedRaftLogWorker: Starting segment from index:0
2019-10-08 01:49:17,633 [grpc-default-executor-5] INFO  segmented.SegmentedRaftLogWorker (SegmentedRaftLogWorker.java:startLogSegment(385)) - 22ce8828-227f-4dc0-b18d-7dd0e804d0e2@group-D96FDCD121B1-SegmentedRaftLogWorker: Starting segment from index:0
2019-10-08 01:49:17,642 [c570d380-d801-4606-b2cf-f87d47875c7a@group-D96FDCD121B1-SegmentedRaftLogWorker] INFO  segmented.SegmentedRaftLogWorker (SegmentedRaftLogWorker.java:execute(574)) - c570d380-d801-4606-b2cf-f87d47875c7a@group-D96FDCD121B1-SegmentedRaftLogWorker: created new log segment /workdir/hadoop-ozone/integration-test/target/test-dir/MiniOzoneClusterImpl-48300439-3108-4bf8-abc6-2f6a7ff3a36f/datanode-6/data/ratis/dad298f8-5178-4614-9aba-d96fdcd121b1/current/log_inprogress_0
2019-10-08 01:49:17,667 [ce5cc61e-1bd6-4d21-b314-04177087a8ee@group-0F2EF8D30BAE-SegmentedRaftLogWorker] INFO  segmented.SegmentedRaftLogWorker (SegmentedRaftLogWorker.java:execute(574)) - ce5cc61e-1bd6-4d21-b314-04177087a8ee@group-0F2EF8D30BAE-SegmentedRaftLogWorker: created new log segment /workdir/hadoop-ozone/integration-test/target/test-dir/MiniOzoneClusterImpl-48300439-3108-4bf8-abc6-2f6a7ff3a36f/datanode-4/data/ratis/3a357fe7-151a-424f-bba9-0f2ef8d30bae/current/log_inprogress_0
2019-10-08 01:49:17,672 [22ce8828-227f-4dc0-b18d-7dd0e804d0e2@group-D96FDCD121B1-SegmentedRaftLogWorker] INFO  segmented.SegmentedRaftLogWorker (SegmentedRaftLogWorker.java:execute(574)) - 22ce8828-227f-4dc0-b18d-7dd0e804d0e2@group-D96FDCD121B1-SegmentedRaftLogWorker: created new log segment /workdir/hadoop-ozone/integration-test/target/test-dir/MiniOzoneClusterImpl-48300439-3108-4bf8-abc6-2f6a7ff3a36f/datanode-5/data/ratis/dad298f8-5178-4614-9aba-d96fdcd121b1/current/log_inprogress_0
2019-10-08 01:49:17,675 [bca1e8e3-f332-47c5-ad14-de3fab147c83@group-D96FDCD121B1-SegmentedRaftLogWorker] INFO  segmented.SegmentedRaftLogWorker (SegmentedRaftLogWorker.java:execute(574)) - bca1e8e3-f332-47c5-ad14-de3fab147c83@group-D96FDCD121B1-SegmentedRaftLogWorker: created new log segment /workdir/hadoop-ozone/integration-test/target/test-dir/MiniOzoneClusterImpl-48300439-3108-4bf8-abc6-2f6a7ff3a36f/datanode-3/data/ratis/dad298f8-5178-4614-9aba-d96fdcd121b1/current/log_inprogress_0
2019-10-08 01:49:18,710 [Datanode State Machine Thread - 0] INFO  statemachine.DatanodeStateMachine (DatanodeStateMachine.java:lambda$startDaemon$0(350)) - Ozone container server started.
2019-10-08 01:49:22,756 [EventQueue-StaleNodeForStaleNodeHandler] INFO  node.StaleNodeHandler (StaleNodeHandler.java:onMessage(58)) - Datanode d67dbc00-9c73-4d3d-8b9c-bdbe6ad1b760{ip: 192.168.164.245, host: pr-hdds-2217-dx9m9-1464909746, networkLocation: /default-rack, certSerialId: null} moved to stale state. Finalizing its pipelines [PipelineID=4bab718e-2642-454f-ac99-c16244c5bc36, PipelineID=404a8dc4-38f3-4f80-91d9-d54b035b7064]
2019-10-08 01:49:22,757 [EventQueue-StaleNodeForStaleNodeHandler] INFO  pipeline.SCMPipelineManager (SCMPipelineManager.java:finalizeAndDestroyPipeline(315)) - destroying pipeline:Pipeline[ Id: 4bab718e-2642-454f-ac99-c16244c5bc36, Nodes: d67dbc00-9c73-4d3d-8b9c-bdbe6ad1b760{ip: 192.168.164.245, host: pr-hdds-2217-dx9m9-1464909746, networkLocation: /default-rack, certSerialId: null}, Type:RATIS, Factor:ONE, State:OPEN]
2019-10-08 01:49:22,758 [EventQueue-StaleNodeForStaleNodeHandler] INFO  pipeline.PipelineStateManager (PipelineStateManager.java:finalizePipeline(123)) - Pipeline Pipeline[ Id: 4bab718e-2642-454f-ac99-c16244c5bc36, Nodes: d67dbc00-9c73-4d3d-8b9c-bdbe6ad1b760{ip: 192.168.164.245, host: pr-hdds-2217-dx9m9-1464909746, networkLocation: /default-rack, certSerialId: null}, Type:RATIS, Factor:ONE, State:CLOSED] moved to CLOSED state
2019-10-08 01:49:22,758 [EventQueue-StaleNodeForStaleNodeHandler] INFO  pipeline.SCMPipelineManager (SCMPipelineManager.java:finalizeAndDestroyPipeline(315)) - destroying pipeline:Pipeline[ Id: 404a8dc4-38f3-4f80-91d9-d54b035b7064, Nodes: d67dbc00-9c73-4d3d-8b9c-bdbe6ad1b760{ip: 192.168.164.245, host: pr-hdds-2217-dx9m9-1464909746, networkLocation: /default-rack, certSerialId: null}f22219fc-627f-4d4c-bca0-ba09b570fb17{ip: 192.168.164.245, host: pr-hdds-2217-dx9m9-1464909746, networkLocation: /default-rack, certSerialId: null}5547f8bc-760f-469a-93a4-e6ea00b9d405{ip: 192.168.164.245, host: pr-hdds-2217-dx9m9-1464909746, networkLocation: /default-rack, certSerialId: null}, Type:RATIS, Factor:THREE, State:OPEN]
2019-10-08 01:49:22,759 [EventQueue-StaleNodeForStaleNodeHandler] INFO  pipeline.PipelineStateManager (PipelineStateManager.java:finalizePipeline(123)) - Pipeline Pipeline[ Id: 404a8dc4-38f3-4f80-91d9-d54b035b7064, Nodes: d67dbc00-9c73-4d3d-8b9c-bdbe6ad1b760{ip: 192.168.164.245, host: pr-hdds-2217-dx9m9-1464909746, networkLocation: /default-rack, certSerialId: null}f22219fc-627f-4d4c-bca0-ba09b570fb17{ip: 192.168.164.245, host: pr-hdds-2217-dx9m9-1464909746, networkLocation: /default-rack, certSerialId: null}5547f8bc-760f-469a-93a4-e6ea00b9d405{ip: 192.168.164.245, host: pr-hdds-2217-dx9m9-1464909746, networkLocation: /default-rack, certSerialId: null}, Type:RATIS, Factor:THREE, State:CLOSED] moved to CLOSED state
2019-10-08 01:49:22,759 [EventQueue-CloseContainerForCloseContainerEventHandler] INFO  container.CloseContainerEventHandler (CloseContainerEventHandler.java:onMessage(61)) - Close container Event triggered for container : #1
2019-10-08 01:49:22,960 [main] INFO  ozoneimpl.OzoneContainer (OzoneContainer.java:stop(227)) - Attempting to stop container services.
2019-10-08 01:49:22,967 [main] INFO  impl.RaftServerProxy (RaftServerProxy.java:lambda$close$4(314)) - d67dbc00-9c73-4d3d-8b9c-bdbe6ad1b760: close
2019-10-08 01:49:22,968 [main] INFO  impl.RaftServerImpl (RaftServerImpl.java:lambda$shutdown$3(247)) - d67dbc00-9c73-4d3d-8b9c-bdbe6ad1b760@group-C16244C5BC36: shutdown
2019-10-08 01:49:22,969 [main] INFO  util.JmxRegister (JmxRegister.java:unregister(73)) - Successfully un-registered JMX Bean with object name Ratis:service=RaftServer,group=group-C16244C5BC36,id=d67dbc00-9c73-4d3d-8b9c-bdbe6ad1b760
2019-10-08 01:49:22,970 [main] INFO  impl.RoleInfo (RoleInfo.java:shutdownLeaderState(104)) - d67dbc00-9c73-4d3d-8b9c-bdbe6ad1b760: shutdown LeaderState
2019-10-08 01:49:22,971 [main] INFO  impl.PendingRequests (PendingRequests.java:sendNotLeaderResponses(202)) - d67dbc00-9c73-4d3d-8b9c-bdbe6ad1b760@group-C16244C5BC36-PendingRequests: sendNotLeaderResponses
2019-10-08 01:49:22,972 [main] INFO  impl.StateMachineUpdater (StateMachineUpdater.java:stopAndJoin(136)) - d67dbc00-9c73-4d3d-8b9c-bdbe6ad1b760@group-C16244C5BC36-StateMachineUpdater: set stopIndex = 0
2019-10-08 01:49:22,973 [main] INFO  impl.RaftServerImpl (ServerState.java:close(387)) - d67dbc00-9c73-4d3d-8b9c-bdbe6ad1b760@group-C16244C5BC36: closes. applyIndex: 0
2019-10-08 01:49:22,974 [d67dbc00-9c73-4d3d-8b9c-bdbe6ad1b760@group-C16244C5BC36-SegmentedRaftLogWorker] INFO  segmented.SegmentedRaftLogWorker (SegmentedRaftLogWorker.java:run(316)) - d67dbc00-9c73-4d3d-8b9c-bdbe6ad1b760@group-C16244C5BC36-SegmentedRaftLogWorker was interrupted, exiting. There are 0 tasks remaining in the queue.
2019-10-08 01:49:22,977 [main] INFO  segmented.SegmentedRaftLogWorker (SegmentedRaftLogWorker.java:close(224)) - d67dbc00-9c73-4d3d-8b9c-bdbe6ad1b760@group-C16244C5BC36-SegmentedRaftLogWorker close()
2019-10-08 01:49:22,983 [main] INFO  impl.RaftServerImpl (RaftServerImpl.java:lambda$shutdown$3(247)) - d67dbc00-9c73-4d3d-8b9c-bdbe6ad1b760@group-D54B035B7064: shutdown
2019-10-08 01:49:22,984 [main] INFO  util.JmxRegister (JmxRegister.java:unregister(73)) - Successfully un-registered JMX Bean with object name Ratis:service=RaftServer,group=group-D54B035B7064,id=d67dbc00-9c73-4d3d-8b9c-bdbe6ad1b760
2019-10-08 01:49:22,984 [main] INFO  impl.RoleInfo (RoleInfo.java:shutdownLeaderState(104)) - d67dbc00-9c73-4d3d-8b9c-bdbe6ad1b760: shutdown LeaderState
2019-10-08 01:49:22,989 [main] INFO  impl.PendingRequests (PendingRequests.java:sendNotLeaderResponses(202)) - d67dbc00-9c73-4d3d-8b9c-bdbe6ad1b760@group-D54B035B7064-PendingRequests: sendNotLeaderResponses
2019-10-08 01:49:22,989 [org.apache.ratis.server.impl.LogAppender$AppenderDaemon$$Lambda$544/954544417@61c2a43e] WARN  server.GrpcLogAppender (GrpcLogAppender.java:mayWait(143)) - d67dbc00-9c73-4d3d-8b9c-bdbe6ad1b760@group-D54B035B7064->5547f8bc-760f-469a-93a4-e6ea00b9d405-GrpcLogAppender: Wait interrupted by java.lang.InterruptedException
2019-10-08 01:49:22,989 [org.apache.ratis.server.impl.LogAppender$AppenderDaemon$$Lambda$544/954544417@4d7f3690] WARN  server.GrpcLogAppender (GrpcLogAppender.java:mayWait(143)) - d67dbc00-9c73-4d3d-8b9c-bdbe6ad1b760@group-D54B035B7064->f22219fc-627f-4d4c-bca0-ba09b570fb17-GrpcLogAppender: Wait interrupted by java.lang.InterruptedException
2019-10-08 01:49:22,994 [main] INFO  impl.StateMachineUpdater (StateMachineUpdater.java:stopAndJoin(136)) - d67dbc00-9c73-4d3d-8b9c-bdbe6ad1b760@group-D54B035B7064-StateMachineUpdater: set stopIndex = 14
2019-10-08 01:49:22,994 [grpc-default-executor-7] INFO  server.GrpcServerProtocolService (GrpcServerProtocolService.java:onCompleted(113)) - 5547f8bc-760f-469a-93a4-e6ea00b9d405: Completed APPEND_ENTRIES, lastRequest: d67dbc00-9c73-4d3d-8b9c-bdbe6ad1b760->5547f8bc-760f-469a-93a4-e6ea00b9d405#17-t1, previous=(t:1, i:14), leaderCommit=14, initializing? false, entries: <empty>
2019-10-08 01:49:22,994 [grpc-default-executor-2] INFO  server.GrpcServerProtocolService (GrpcServerProtocolService.java:onCompleted(113)) - f22219fc-627f-4d4c-bca0-ba09b570fb17: Completed APPEND_ENTRIES, lastRequest: d67dbc00-9c73-4d3d-8b9c-bdbe6ad1b760->f22219fc-627f-4d4c-bca0-ba09b570fb17#17-t1, previous=(t:1, i:14), leaderCommit=14, initializing? false, entries: <empty>
2019-10-08 01:49:22,994 [d67dbc00-9c73-4d3d-8b9c-bdbe6ad1b760@group-D54B035B7064-StateMachineUpdater] INFO  ratis.ContainerStateMachine (ContainerStateMachine.java:takeSnapshot(294)) - group-D54B035B7064: Taking a snapshot at:(t:1, i:12) file /workdir/hadoop-ozone/integration-test/target/test-dir/MiniOzoneClusterImpl-48300439-3108-4bf8-abc6-2f6a7ff3a36f/datanode-1/data/ratis/404a8dc4-38f3-4f80-91d9-d54b035b7064/sm/snapshot.1_12
2019-10-08 01:49:22,995 [grpc-default-executor-7] INFO  server.GrpcLogAppender (GrpcLogAppender.java:onCompleted(293)) - d67dbc00-9c73-4d3d-8b9c-bdbe6ad1b760@group-D54B035B7064->f22219fc-627f-4d4c-bca0-ba09b570fb17-AppendLogResponseHandler: follower responses appendEntries COMPLETED
2019-10-08 01:49:22,995 [grpc-default-executor-2] INFO  server.GrpcLogAppender (GrpcLogAppender.java:onCompleted(293)) - d67dbc00-9c73-4d3d-8b9c-bdbe6ad1b760@group-D54B035B7064->5547f8bc-760f-469a-93a4-e6ea00b9d405-AppendLogResponseHandler: follower responses appendEntries COMPLETED
2019-10-08 01:49:22,997 [grpc-default-executor-7] INFO  impl.FollowerInfo (FollowerInfo.java:lambda$new$0(51)) - d67dbc00-9c73-4d3d-8b9c-bdbe6ad1b760@group-D54B035B7064->f22219fc-627f-4d4c-bca0-ba09b570fb17: nextIndex: updateUnconditionally 15 -> 14
2019-10-08 01:49:22,997 [grpc-default-executor-2] INFO  impl.FollowerInfo (FollowerInfo.java:lambda$new$0(51)) - d67dbc00-9c73-4d3d-8b9c-bdbe6ad1b760@group-D54B035B7064->5547f8bc-760f-469a-93a4-e6ea00b9d405: nextIndex: updateUnconditionally 15 -> 14
2019-10-08 01:49:23,007 [d67dbc00-9c73-4d3d-8b9c-bdbe6ad1b760@group-D54B035B7064-StateMachineUpdater] INFO  ratis.ContainerStateMachine (ContainerStateMachine.java:takeSnapshot(305)) - group-D54B035B7064: Finished taking a snapshot at:(t:1, i:12) file:/workdir/hadoop-ozone/integration-test/target/test-dir/MiniOzoneClusterImpl-48300439-3108-4bf8-abc6-2f6a7ff3a36f/datanode-1/data/ratis/404a8dc4-38f3-4f80-91d9-d54b035b7064/sm/snapshot.1_12 time:13
2019-10-08 01:49:23,007 [d67dbc00-9c73-4d3d-8b9c-bdbe6ad1b760@group-D54B035B7064-StateMachineUpdater] INFO  impl.StateMachineUpdater (StateMachineUpdater.java:takeSnapshot(269)) - d67dbc00-9c73-4d3d-8b9c-bdbe6ad1b760@group-D54B035B7064-StateMachineUpdater: Took a snapshot at index 12
2019-10-08 01:49:23,007 [d67dbc00-9c73-4d3d-8b9c-bdbe6ad1b760@group-D54B035B7064-StateMachineUpdater] INFO  impl.StateMachineUpdater (StateMachineUpdater.java:lambda$new$0(84)) - d67dbc00-9c73-4d3d-8b9c-bdbe6ad1b760@group-D54B035B7064-StateMachineUpdater: snapshotIndex: updateIncreasingly -1 -> 12
2019-10-08 01:49:23,008 [d67dbc00-9c73-4d3d-8b9c-bdbe6ad1b760@group-D54B035B7064-StateMachineUpdater] INFO  ratis.ContainerStateMachine (ContainerStateMachine.java:takeSnapshot(294)) - group-D54B035B7064: Taking a snapshot at:(t:1, i:12) file /workdir/hadoop-ozone/integration-test/target/test-dir/MiniOzoneClusterImpl-48300439-3108-4bf8-abc6-2f6a7ff3a36f/datanode-1/data/ratis/404a8dc4-38f3-4f80-91d9-d54b035b7064/sm/snapshot.1_12
2019-10-08 01:49:23,020 [d67dbc00-9c73-4d3d-8b9c-bdbe6ad1b760@group-D54B035B7064-StateMachineUpdater] INFO  ratis.ContainerStateMachine (ContainerStateMachine.java:takeSnapshot(305)) - group-D54B035B7064: Finished taking a snapshot at:(t:1, i:12) file:/workdir/hadoop-ozone/integration-test/target/test-dir/MiniOzoneClusterImpl-48300439-3108-4bf8-abc6-2f6a7ff3a36f/datanode-1/data/ratis/404a8dc4-38f3-4f80-91d9-d54b035b7064/sm/snapshot.1_12 time:12
2019-10-08 01:49:23,020 [d67dbc00-9c73-4d3d-8b9c-bdbe6ad1b760@group-D54B035B7064-StateMachineUpdater] INFO  impl.StateMachineUpdater (StateMachineUpdater.java:takeSnapshot(269)) - d67dbc00-9c73-4d3d-8b9c-bdbe6ad1b760@group-D54B035B7064-StateMachineUpdater: Took a snapshot at index 12
2019-10-08 01:49:23,020 [d67dbc00-9c73-4d3d-8b9c-bdbe6ad1b760@group-D54B035B7064-StateMachineUpdater] INFO  impl.StateMachineUpdater (StateMachineUpdater.java:lambda$new$0(84)) - d67dbc00-9c73-4d3d-8b9c-bdbe6ad1b760@group-D54B035B7064-StateMachineUpdater: snapshotIndex: updateIncreasingly 12 -> 12
2019-10-08 01:49:23,020 [main] INFO  impl.RaftServerImpl (ServerState.java:close(387)) - d67dbc00-9c73-4d3d-8b9c-bdbe6ad1b760@group-D54B035B7064: closes. applyIndex: 14
2019-10-08 01:49:23,021 [d67dbc00-9c73-4d3d-8b9c-bdbe6ad1b760@group-D54B035B7064-SegmentedRaftLogWorker] INFO  segmented.SegmentedRaftLogWorker (SegmentedRaftLogWorker.java:run(316)) - d67dbc00-9c73-4d3d-8b9c-bdbe6ad1b760@group-D54B035B7064-SegmentedRaftLogWorker was interrupted, exiting. There are 0 tasks remaining in the queue.
2019-10-08 01:49:23,023 [main] INFO  segmented.SegmentedRaftLogWorker (SegmentedRaftLogWorker.java:close(224)) - d67dbc00-9c73-4d3d-8b9c-bdbe6ad1b760@group-D54B035B7064-SegmentedRaftLogWorker close()
2019-10-08 01:49:23,027 [main] INFO  server.GrpcService (GrpcService.java:closeImpl(164)) - d67dbc00-9c73-4d3d-8b9c-bdbe6ad1b760: shutdown server with port 46526 now
2019-10-08 01:49:23,028 [grpc-default-executor-7] WARN  client.GrpcClientProtocolService (LogUtils.java:warn(134)) - 3-UnorderedRequestStreamObserver3: onError: org.apache.ratis.thirdparty.io.grpc.StatusRuntimeException: CANCELLED: cancelled before receiving half close
2019-10-08 01:49:23,028 [main] INFO  server.GrpcService (GrpcService.java:closeImpl(172)) - d67dbc00-9c73-4d3d-8b9c-bdbe6ad1b760: shutdown server with port 46526 successfully
2019-10-08 01:49:23,034 [refreshUsed-/workdir/hadoop-ozone/integration-test/target/test-dir/MiniOzoneClusterImpl-48300439-3108-4bf8-abc6-2f6a7ff3a36f/datanode-1/data/containers] WARN  fs.CachingGetSpaceUsed (CachingGetSpaceUsed.java:run(183)) - Thread Interrupted waiting to refresh disk information: sleep interrupted
2019-10-08 01:49:23,049 [main] INFO  utils.BackgroundService (BackgroundService.java:shutdown(148)) - Shutting down service BlockDeletingService
2019-10-08 01:49:23,055 [main] INFO  statemachine.DatanodeStateMachine (DatanodeStateMachine.java:stopDaemon(395)) - Ozone container server stopped.
2019-10-08 01:49:23,057 [main] INFO  handler.ContextHandler (ContextHandler.java:doStop(910)) - Stopped o.e.j.w.WebAppContext@5122e4bf{/,null,UNAVAILABLE}{/hddsDatanode}
2019-10-08 01:49:23,058 [main] INFO  server.AbstractConnector (AbstractConnector.java:doStop(318)) - Stopped ServerConnector@23e61112{HTTP/1.1,[http/1.1]}{0.0.0.0:0}
2019-10-08 01:49:23,058 [main] INFO  handler.ContextHandler (ContextHandler.java:doStop(910)) - Stopped o.e.j.s.ServletContextHandler@6e95973c{/static,jar:file:/home/user/.m2/repository/org/apache/hadoop/hadoop-hdds-container-service/0.5.0-SNAPSHOT/hadoop-hdds-container-service-0.5.0-SNAPSHOT.jar!/webapps/static,UNAVAILABLE}
2019-10-08 01:49:23,059 [main] INFO  handler.ContextHandler (ContextHandler.java:doStop(910)) - Stopped o.e.j.s.ServletContextHandler@78d92eef{/logs,file:///workdir/hadoop-ozone/integration-test/target/log,UNAVAILABLE}
2019-10-08 01:49:32,432 [Thread-3109] INFO  impl.FollowerState (FollowerState.java:run(108)) - f22219fc-627f-4d4c-bca0-ba09b570fb17@group-D54B035B7064-FollowerState: change to CANDIDATE, lastRpcTime:9466ms, electionTimeout:5161ms
2019-10-08 01:49:32,433 [Thread-3109] INFO  impl.RoleInfo (RoleInfo.java:shutdownFollowerState(121)) - f22219fc-627f-4d4c-bca0-ba09b570fb17: shutdown FollowerState
2019-10-08 01:49:32,433 [Thread-3109] INFO  impl.RaftServerImpl (RaftServerImpl.java:setRole(170)) - f22219fc-627f-4d4c-bca0-ba09b570fb17@group-D54B035B7064: changes role from  FOLLOWER to CANDIDATE at term 1 for changeToCandidate
2019-10-08 01:49:32,434 [Thread-3109] INFO  impl.RoleInfo (RoleInfo.java:updateAndGet(143)) - f22219fc-627f-4d4c-bca0-ba09b570fb17: start LeaderElection
2019-10-08 01:49:32,437 [f22219fc-627f-4d4c-bca0-ba09b570fb17@group-D54B035B7064-LeaderElection71] INFO  impl.RaftServerImpl (ServerState.java:setLeader(255)) - f22219fc-627f-4d4c-bca0-ba09b570fb17@group-D54B035B7064: change Leader from d67dbc00-9c73-4d3d-8b9c-bdbe6ad1b760 to null at term 1 for initElection
2019-10-08 01:49:32,452 [f22219fc-627f-4d4c-bca0-ba09b570fb17@group-D54B035B7064-LeaderElection71] INFO  impl.LeaderElection (LeaderElection.java:askForVotes(178)) - f22219fc-627f-4d4c-bca0-ba09b570fb17@group-D54B035B7064-LeaderElection71: begin an election at term 2 for 0: [f22219fc-627f-4d4c-bca0-ba09b570fb17:192.168.164.245:43162, d67dbc00-9c73-4d3d-8b9c-bdbe6ad1b760:192.168.164.245:46526, 5547f8bc-760f-469a-93a4-e6ea00b9d405:192.168.164.245:36059], old=null
2019-10-08 01:49:32,455 [f22219fc-627f-4d4c-bca0-ba09b570fb17@group-D54B035B7064-LeaderElection71] INFO  impl.LeaderElection (LogUtils.java:infoOrTrace(149)) - f22219fc-627f-4d4c-bca0-ba09b570fb17@group-D54B035B7064-LeaderElection71 got exception when requesting votes: {}
java.util.concurrent.ExecutionException: org.apache.ratis.thirdparty.io.grpc.StatusRuntimeException: UNAVAILABLE: io exception
	at java.util.concurrent.FutureTask.report(FutureTask.java:122)
	at java.util.concurrent.FutureTask.get(FutureTask.java:192)
	at org.apache.ratis.server.impl.LeaderElection.waitForResults(LeaderElection.java:259)
	at org.apache.ratis.server.impl.LeaderElection.askForVotes(LeaderElection.java:197)
	at org.apache.ratis.server.impl.LeaderElection.run(LeaderElection.java:133)
	at java.lang.Thread.run(Thread.java:748)
Caused by: org.apache.ratis.thirdparty.io.grpc.StatusRuntimeException: UNAVAILABLE: io exception
	at org.apache.ratis.thirdparty.io.grpc.stub.ClientCalls.toStatusRuntimeException(ClientCalls.java:233)
	at org.apache.ratis.thirdparty.io.grpc.stub.ClientCalls.getUnchecked(ClientCalls.java:214)
	at org.apache.ratis.thirdparty.io.grpc.stub.ClientCalls.blockingUnaryCall(ClientCalls.java:139)
	at org.apache.ratis.proto.grpc.RaftServerProtocolServiceGrpc$RaftServerProtocolServiceBlockingStub.requestVote(RaftServerProtocolServiceGrpc.java:265)
	at org.apache.ratis.grpc.server.GrpcServerProtocolClient.requestVote(GrpcServerProtocolClient.java:99)
	at org.apache.ratis.grpc.server.GrpcService.requestVote(GrpcService.java:204)
	at org.apache.ratis.server.impl.LeaderElection.lambda$submitRequests$1(LeaderElection.java:234)
	at java.util.concurrent.FutureTask.run(FutureTask.java:266)
	at java.util.concurrent.Executors$RunnableAdapter.call(Executors.java:511)
	at java.util.concurrent.FutureTask.run(FutureTask.java:266)
	at java.util.concurrent.ThreadPoolExecutor.runWorker(ThreadPoolExecutor.java:1149)
	at java.util.concurrent.ThreadPoolExecutor$Worker.run(ThreadPoolExecutor.java:624)
	... 1 more
Caused by: org.apache.ratis.thirdparty.io.netty.channel.AbstractChannel$AnnotatedConnectException: Connection refused: /192.168.164.245:46526
	at sun.nio.ch.SocketChannelImpl.checkConnect(Native Method)
	at sun.nio.ch.SocketChannelImpl.finishConnect(SocketChannelImpl.java:717)
	at org.apache.ratis.thirdparty.io.netty.channel.socket.nio.NioSocketChannel.doFinishConnect(NioSocketChannel.java:327)
	at org.apache.ratis.thirdparty.io.netty.channel.nio.AbstractNioChannel$AbstractNioUnsafe.finishConnect(AbstractNioChannel.java:340)
	at org.apache.ratis.thirdparty.io.netty.channel.nio.NioEventLoop.processSelectedKey(NioEventLoop.java:632)
	at org.apache.ratis.thirdparty.io.netty.channel.nio.NioEventLoop.processSelectedKeysOptimized(NioEventLoop.java:579)
	at org.apache.ratis.thirdparty.io.netty.channel.nio.NioEventLoop.processSelectedKeys(NioEventLoop.java:496)
	at org.apache.ratis.thirdparty.io.netty.channel.nio.NioEventLoop.run(NioEventLoop.java:458)
	at org.apache.ratis.thirdparty.io.netty.util.concurrent.SingleThreadEventExecutor$5.run(SingleThreadEventExecutor.java:897)
	at org.apache.ratis.thirdparty.io.netty.util.concurrent.FastThreadLocalRunnable.run(FastThreadLocalRunnable.java:30)
	... 1 more
Caused by: java.net.ConnectException: Connection refused
	... 11 more
2019-10-08 01:49:32,460 [grpc-default-executor-2] INFO  impl.RaftServerImpl (ServerState.java:setLeader(255)) - 5547f8bc-760f-469a-93a4-e6ea00b9d405@group-D54B035B7064: change Leader from d67dbc00-9c73-4d3d-8b9c-bdbe6ad1b760 to null at term 2 for updateCurrentTerm
2019-10-08 01:49:32,460 [grpc-default-executor-2] INFO  impl.RaftServerImpl (RaftServerImpl.java:setRole(170)) - 5547f8bc-760f-469a-93a4-e6ea00b9d405@group-D54B035B7064: changes role from  FOLLOWER to FOLLOWER at term 2 for recognizeCandidate:f22219fc-627f-4d4c-bca0-ba09b570fb17
2019-10-08 01:49:32,461 [grpc-default-executor-2] INFO  impl.RoleInfo (RoleInfo.java:shutdownFollowerState(121)) - 5547f8bc-760f-469a-93a4-e6ea00b9d405: shutdown FollowerState
2019-10-08 01:49:32,461 [grpc-default-executor-2] INFO  impl.RoleInfo (RoleInfo.java:updateAndGet(143)) - 5547f8bc-760f-469a-93a4-e6ea00b9d405: start FollowerState
2019-10-08 01:49:32,461 [Thread-3108] INFO  impl.FollowerState (FollowerState.java:run(117)) - 5547f8bc-760f-469a-93a4-e6ea00b9d405@group-D54B035B7064-FollowerState was interrupted: java.lang.InterruptedException: sleep interrupted
2019-10-08 01:49:32,478 [f22219fc-627f-4d4c-bca0-ba09b570fb17@group-D54B035B7064-LeaderElection71] INFO  impl.LeaderElection (LeaderElection.java:logAndReturn(56)) - f22219fc-627f-4d4c-bca0-ba09b570fb17@group-D54B035B7064-LeaderElection71: Election PASSED; received 1 response(s) [f22219fc-627f-4d4c-bca0-ba09b570fb17<-5547f8bc-760f-469a-93a4-e6ea00b9d405#0:OK-t2] and 1 exception(s); f22219fc-627f-4d4c-bca0-ba09b570fb17@group-D54B035B7064:t2, leader=null, voted=f22219fc-627f-4d4c-bca0-ba09b570fb17, raftlog=f22219fc-627f-4d4c-bca0-ba09b570fb17@group-D54B035B7064-SegmentedRaftLog:OPENED:c14,f14,i14, conf=0: [f22219fc-627f-4d4c-bca0-ba09b570fb17:192.168.164.245:43162, d67dbc00-9c73-4d3d-8b9c-bdbe6ad1b760:192.168.164.245:46526, 5547f8bc-760f-469a-93a4-e6ea00b9d405:192.168.164.245:36059], old=null
2019-10-08 01:49:32,478 [f22219fc-627f-4d4c-bca0-ba09b570fb17@group-D54B035B7064-LeaderElection71] INFO  impl.LeaderElection (LogUtils.java:infoOrTrace(149)) -   Exception 0: {}
java.util.concurrent.ExecutionException: org.apache.ratis.thirdparty.io.grpc.StatusRuntimeException: UNAVAILABLE: io exception
	at java.util.concurrent.FutureTask.report(FutureTask.java:122)
	at java.util.concurrent.FutureTask.get(FutureTask.java:192)
	at org.apache.ratis.server.impl.LeaderElection.waitForResults(LeaderElection.java:259)
	at org.apache.ratis.server.impl.LeaderElection.askForVotes(LeaderElection.java:197)
	at org.apache.ratis.server.impl.LeaderElection.run(LeaderElection.java:133)
	at java.lang.Thread.run(Thread.java:748)
Caused by: org.apache.ratis.thirdparty.io.grpc.StatusRuntimeException: UNAVAILABLE: io exception
	at org.apache.ratis.thirdparty.io.grpc.stub.ClientCalls.toStatusRuntimeException(ClientCalls.java:233)
	at org.apache.ratis.thirdparty.io.grpc.stub.ClientCalls.getUnchecked(ClientCalls.java:214)
	at org.apache.ratis.thirdparty.io.grpc.stub.ClientCalls.blockingUnaryCall(ClientCalls.java:139)
	at org.apache.ratis.proto.grpc.RaftServerProtocolServiceGrpc$RaftServerProtocolServiceBlockingStub.requestVote(RaftServerProtocolServiceGrpc.java:265)
	at org.apache.ratis.grpc.server.GrpcServerProtocolClient.requestVote(GrpcServerProtocolClient.java:99)
	at org.apache.ratis.grpc.server.GrpcService.requestVote(GrpcService.java:204)
	at org.apache.ratis.server.impl.LeaderElection.lambda$submitRequests$1(LeaderElection.java:234)
	at java.util.concurrent.FutureTask.run(FutureTask.java:266)
	at java.util.concurrent.Executors$RunnableAdapter.call(Executors.java:511)
	at java.util.concurrent.FutureTask.run(FutureTask.java:266)
	at java.util.concurrent.ThreadPoolExecutor.runWorker(ThreadPoolExecutor.java:1149)
	at java.util.concurrent.ThreadPoolExecutor$Worker.run(ThreadPoolExecutor.java:624)
	... 1 more
Caused by: org.apache.ratis.thirdparty.io.netty.channel.AbstractChannel$AnnotatedConnectException: Connection refused: /192.168.164.245:46526
	at sun.nio.ch.SocketChannelImpl.checkConnect(Native Method)
	at sun.nio.ch.SocketChannelImpl.finishConnect(SocketChannelImpl.java:717)
	at org.apache.ratis.thirdparty.io.netty.channel.socket.nio.NioSocketChannel.doFinishConnect(NioSocketChannel.java:327)
	at org.apache.ratis.thirdparty.io.netty.channel.nio.AbstractNioChannel$AbstractNioUnsafe.finishConnect(AbstractNioChannel.java:340)
	at org.apache.ratis.thirdparty.io.netty.channel.nio.NioEventLoop.processSelectedKey(NioEventLoop.java:632)
	at org.apache.ratis.thirdparty.io.netty.channel.nio.NioEventLoop.processSelectedKeysOptimized(NioEventLoop.java:579)
	at org.apache.ratis.thirdparty.io.netty.channel.nio.NioEventLoop.processSelectedKeys(NioEventLoop.java:496)
	at org.apache.ratis.thirdparty.io.netty.channel.nio.NioEventLoop.run(NioEventLoop.java:458)
	at org.apache.ratis.thirdparty.io.netty.util.concurrent.SingleThreadEventExecutor$5.run(SingleThreadEventExecutor.java:897)
	at org.apache.ratis.thirdparty.io.netty.util.concurrent.FastThreadLocalRunnable.run(FastThreadLocalRunnable.java:30)
	... 1 more
Caused by: java.net.ConnectException: Connection refused
	... 11 more
2019-10-08 01:49:32,478 [f22219fc-627f-4d4c-bca0-ba09b570fb17@group-D54B035B7064-LeaderElection71] INFO  impl.RoleInfo (RoleInfo.java:shutdownLeaderElection(134)) - f22219fc-627f-4d4c-bca0-ba09b570fb17: shutdown LeaderElection
2019-10-08 01:49:32,478 [f22219fc-627f-4d4c-bca0-ba09b570fb17@group-D54B035B7064-LeaderElection71] INFO  impl.RaftServerImpl (RaftServerImpl.java:setRole(170)) - f22219fc-627f-4d4c-bca0-ba09b570fb17@group-D54B035B7064: changes role from CANDIDATE to LEADER at term 2 for changeToLeader
2019-10-08 01:49:32,479 [f22219fc-627f-4d4c-bca0-ba09b570fb17@group-D54B035B7064-LeaderElection71] INFO  impl.RaftServerImpl (ServerState.java:setLeader(255)) - f22219fc-627f-4d4c-bca0-ba09b570fb17@group-D54B035B7064: change Leader from null to f22219fc-627f-4d4c-bca0-ba09b570fb17 at term 2 for becomeLeader, leader elected after 41ms
2019-10-08 01:49:32,479 [f22219fc-627f-4d4c-bca0-ba09b570fb17@group-D54B035B7064-LeaderElection71] INFO  server.RaftServerConfigKeys (ConfUtils.java:logGet(43)) - raft.server.staging.catchup.gap = 1000 (default)
2019-10-08 01:49:32,479 [f22219fc-627f-4d4c-bca0-ba09b570fb17@group-D54B035B7064-LeaderElection71] INFO  server.RaftServerConfigKeys (ConfUtils.java:logGet(43)) - raft.server.rpc.sleep.time = 25ms (default)
2019-10-08 01:49:32,479 [f22219fc-627f-4d4c-bca0-ba09b570fb17@group-D54B035B7064-LeaderElection71] INFO  server.RaftServerConfigKeys (ConfUtils.java:logGet(43)) - raft.server.write.element-limit = 4096 (default)
2019-10-08 01:49:32,480 [f22219fc-627f-4d4c-bca0-ba09b570fb17@group-D54B035B7064-LeaderElection71] INFO  server.RaftServerConfigKeys (ConfUtils.java:logGet(43)) - raft.server.watch.timeout = 10s (default)
2019-10-08 01:49:32,480 [f22219fc-627f-4d4c-bca0-ba09b570fb17@group-D54B035B7064-LeaderElection71] INFO  server.RaftServerConfigKeys (ConfUtils.java:logGet(43)) - raft.server.watch.timeout.denomination = 1s (default)
2019-10-08 01:49:32,480 [f22219fc-627f-4d4c-bca0-ba09b570fb17@group-D54B035B7064-LeaderElection71] INFO  server.RaftServerConfigKeys (ConfUtils.java:logGet(43)) - raft.server.watch.element-limit = 65536 (default)
2019-10-08 01:49:32,483 [f22219fc-627f-4d4c-bca0-ba09b570fb17@group-D54B035B7064-LeaderElection71] INFO  server.RaftServerConfigKeys (ConfUtils.java:logGet(43)) - raft.server.log.appender.snapshot.chunk.size.max = 16MB (=16777216) (default)
2019-10-08 01:49:32,483 [f22219fc-627f-4d4c-bca0-ba09b570fb17@group-D54B035B7064-LeaderElection71] INFO  server.RaftServerConfigKeys (ConfUtils.java:logGet(43)) - raft.server.log.appender.buffer.byte-limit = 33554432 (custom)
2019-10-08 01:49:32,483 [f22219fc-627f-4d4c-bca0-ba09b570fb17@group-D54B035B7064-LeaderElection71] INFO  server.RaftServerConfigKeys (ConfUtils.java:logGet(43)) - raft.server.log.appender.buffer.element-limit = 1 (custom)
2019-10-08 01:49:32,484 [f22219fc-627f-4d4c-bca0-ba09b570fb17@group-D54B035B7064-LeaderElection71] INFO  grpc.GrpcConfigKeys$Server (ConfUtils.java:logGet(43)) - raft.grpc.server.leader.outstanding.appends.max = 128 (default)
2019-10-08 01:49:32,484 [f22219fc-627f-4d4c-bca0-ba09b570fb17@group-D54B035B7064-LeaderElection71] INFO  server.RaftServerConfigKeys (ConfUtils.java:logGet(43)) - raft.server.rpc.request.timeout = 3000ms (default)
2019-10-08 01:49:32,484 [f22219fc-627f-4d4c-bca0-ba09b570fb17@group-D54B035B7064-LeaderElection71] INFO  server.RaftServerConfigKeys (ConfUtils.java:logGet(43)) - raft.server.log.appender.install.snapshot.enabled = false (custom)
2019-10-08 01:49:32,484 [f22219fc-627f-4d4c-bca0-ba09b570fb17@group-D54B035B7064-LeaderElection71] INFO  server.RaftServerConfigKeys (ConfUtils.java:logGet(43)) - raft.server.log.appender.snapshot.chunk.size.max = 16MB (=16777216) (default)
2019-10-08 01:49:32,484 [f22219fc-627f-4d4c-bca0-ba09b570fb17@group-D54B035B7064-LeaderElection71] INFO  server.RaftServerConfigKeys (ConfUtils.java:logGet(43)) - raft.server.log.appender.buffer.byte-limit = 33554432 (custom)
2019-10-08 01:49:32,485 [f22219fc-627f-4d4c-bca0-ba09b570fb17@group-D54B035B7064-LeaderElection71] INFO  server.RaftServerConfigKeys (ConfUtils.java:logGet(43)) - raft.server.log.appender.buffer.element-limit = 1 (custom)
2019-10-08 01:49:32,485 [f22219fc-627f-4d4c-bca0-ba09b570fb17@group-D54B035B7064-LeaderElection71] INFO  grpc.GrpcConfigKeys$Server (ConfUtils.java:logGet(43)) - raft.grpc.server.leader.outstanding.appends.max = 128 (default)
2019-10-08 01:49:32,485 [f22219fc-627f-4d4c-bca0-ba09b570fb17@group-D54B035B7064-LeaderElection71] INFO  server.RaftServerConfigKeys (ConfUtils.java:logGet(43)) - raft.server.rpc.request.timeout = 3000ms (default)
2019-10-08 01:49:32,485 [f22219fc-627f-4d4c-bca0-ba09b570fb17@group-D54B035B7064-LeaderElection71] INFO  server.RaftServerConfigKeys (ConfUtils.java:logGet(43)) - raft.server.log.appender.install.snapshot.enabled = false (custom)
2019-10-08 01:49:32,485 [f22219fc-627f-4d4c-bca0-ba09b570fb17@group-D54B035B7064-LeaderElection71] INFO  impl.RoleInfo (RoleInfo.java:updateAndGet(143)) - f22219fc-627f-4d4c-bca0-ba09b570fb17: start LeaderState
2019-10-08 01:49:32,486 [f22219fc-627f-4d4c-bca0-ba09b570fb17@group-D54B035B7064-LeaderElection71] INFO  segmented.SegmentedRaftLogWorker (SegmentedRaftLogWorker.java:rollLogSegment(390)) - f22219fc-627f-4d4c-bca0-ba09b570fb17@group-D54B035B7064-SegmentedRaftLogWorker: Rolling segment log-0_14 to index:14
2019-10-08 01:49:32,487 [f22219fc-627f-4d4c-bca0-ba09b570fb17@group-D54B035B7064-SegmentedRaftLogWorker] INFO  segmented.SegmentedRaftLogWorker (SegmentedRaftLogWorker.java:execute(531)) - f22219fc-627f-4d4c-bca0-ba09b570fb17@group-D54B035B7064-SegmentedRaftLogWorker: Rolled log segment from /workdir/hadoop-ozone/integration-test/target/test-dir/MiniOzoneClusterImpl-48300439-3108-4bf8-abc6-2f6a7ff3a36f/datanode-0/data/ratis/404a8dc4-38f3-4f80-91d9-d54b035b7064/current/log_inprogress_0 to /workdir/hadoop-ozone/integration-test/target/test-dir/MiniOzoneClusterImpl-48300439-3108-4bf8-abc6-2f6a7ff3a36f/datanode-0/data/ratis/404a8dc4-38f3-4f80-91d9-d54b035b7064/current/log_0-14
2019-10-08 01:49:32,487 [f22219fc-627f-4d4c-bca0-ba09b570fb17@group-D54B035B7064-LeaderElection71] INFO  impl.RaftServerImpl (ServerState.java:setRaftConf(356)) - f22219fc-627f-4d4c-bca0-ba09b570fb17@group-D54B035B7064: set configuration 15: [f22219fc-627f-4d4c-bca0-ba09b570fb17:192.168.164.245:43162, d67dbc00-9c73-4d3d-8b9c-bdbe6ad1b760:192.168.164.245:46526, 5547f8bc-760f-469a-93a4-e6ea00b9d405:192.168.164.245:36059], old=null at 15
2019-10-08 01:49:32,490 [grpc-default-executor-2] WARN  server.GrpcLogAppender (LogUtils.java:warn(134)) - f22219fc-627f-4d4c-bca0-ba09b570fb17@group-D54B035B7064->d67dbc00-9c73-4d3d-8b9c-bdbe6ad1b760-AppendLogResponseHandler: Failed appendEntries: org.apache.ratis.thirdparty.io.grpc.StatusRuntimeException: UNAVAILABLE: io exception
2019-10-08 01:49:32,517 [grpc-default-executor-2] INFO  impl.FollowerInfo (FollowerInfo.java:lambda$new$0(51)) - f22219fc-627f-4d4c-bca0-ba09b570fb17@group-D54B035B7064->d67dbc00-9c73-4d3d-8b9c-bdbe6ad1b760: nextIndex: updateUnconditionally 15 -> 1
2019-10-08 01:49:32,518 [grpc-default-executor-2] INFO  impl.RaftServerImpl (ServerState.java:setLeader(255)) - 5547f8bc-760f-469a-93a4-e6ea00b9d405@group-D54B035B7064: change Leader from null to f22219fc-627f-4d4c-bca0-ba09b570fb17 at term 2 for appendEntries, leader elected after 58ms
2019-10-08 01:49:32,521 [grpc-default-executor-2] INFO  impl.RaftServerImpl (ServerState.java:setRaftConf(356)) - 5547f8bc-760f-469a-93a4-e6ea00b9d405@group-D54B035B7064: set configuration 15: [f22219fc-627f-4d4c-bca0-ba09b570fb17:192.168.164.245:43162, d67dbc00-9c73-4d3d-8b9c-bdbe6ad1b760:192.168.164.245:46526, 5547f8bc-760f-469a-93a4-e6ea00b9d405:192.168.164.245:36059], old=null at 15
2019-10-08 01:49:32,521 [grpc-default-executor-2] INFO  segmented.SegmentedRaftLogWorker (SegmentedRaftLogWorker.java:rollLogSegment(390)) - 5547f8bc-760f-469a-93a4-e6ea00b9d405@group-D54B035B7064-SegmentedRaftLogWorker: Rolling segment log-0_14 to index:14
2019-10-08 01:49:32,522 [5547f8bc-760f-469a-93a4-e6ea00b9d405@group-D54B035B7064-SegmentedRaftLogWorker] INFO  segmented.SegmentedRaftLogWorker (SegmentedRaftLogWorker.java:execute(531)) - 5547f8bc-760f-469a-93a4-e6ea00b9d405@group-D54B035B7064-SegmentedRaftLogWorker: Rolled log segment from /workdir/hadoop-ozone/integration-test/target/test-dir/MiniOzoneClusterImpl-48300439-3108-4bf8-abc6-2f6a7ff3a36f/datanode-2/data/ratis/404a8dc4-38f3-4f80-91d9-d54b035b7064/current/log_inprogress_0 to /workdir/hadoop-ozone/integration-test/target/test-dir/MiniOzoneClusterImpl-48300439-3108-4bf8-abc6-2f6a7ff3a36f/datanode-2/data/ratis/404a8dc4-38f3-4f80-91d9-d54b035b7064/current/log_0-14
2019-10-08 01:49:32,530 [f22219fc-627f-4d4c-bca0-ba09b570fb17@group-D54B035B7064-SegmentedRaftLogWorker] INFO  segmented.SegmentedRaftLogWorker (SegmentedRaftLogWorker.java:execute(574)) - f22219fc-627f-4d4c-bca0-ba09b570fb17@group-D54B035B7064-SegmentedRaftLogWorker: created new log segment /workdir/hadoop-ozone/integration-test/target/test-dir/MiniOzoneClusterImpl-48300439-3108-4bf8-abc6-2f6a7ff3a36f/datanode-0/data/ratis/404a8dc4-38f3-4f80-91d9-d54b035b7064/current/log_inprogress_15
2019-10-08 01:49:32,557 [5547f8bc-760f-469a-93a4-e6ea00b9d405@group-D54B035B7064-SegmentedRaftLogWorker] INFO  segmented.SegmentedRaftLogWorker (SegmentedRaftLogWorker.java:execute(574)) - 5547f8bc-760f-469a-93a4-e6ea00b9d405@group-D54B035B7064-SegmentedRaftLogWorker: created new log segment /workdir/hadoop-ozone/integration-test/target/test-dir/MiniOzoneClusterImpl-48300439-3108-4bf8-abc6-2f6a7ff3a36f/datanode-2/data/ratis/404a8dc4-38f3-4f80-91d9-d54b035b7064/current/log_inprogress_15
2019-10-08 01:49:32,581 [grpc-default-executor-7] WARN  server.GrpcLogAppender (LogUtils.java:warn(134)) - f22219fc-627f-4d4c-bca0-ba09b570fb17@group-D54B035B7064->d67dbc00-9c73-4d3d-8b9c-bdbe6ad1b760-AppendLogResponseHandler: Failed appendEntries: org.apache.ratis.thirdparty.io.grpc.StatusRuntimeException: UNAVAILABLE: io exception
2019-10-08 01:49:32,581 [grpc-default-executor-7] INFO  impl.FollowerInfo (FollowerInfo.java:lambda$new$0(51)) - f22219fc-627f-4d4c-bca0-ba09b570fb17@group-D54B035B7064->d67dbc00-9c73-4d3d-8b9c-bdbe6ad1b760: nextIndex: updateUnconditionally 2 -> 1
2019-10-08 01:49:32,593 [grpc-default-executor-7] WARN  server.GrpcLogAppender (LogUtils.java:warn(134)) - f22219fc-627f-4d4c-bca0-ba09b570fb17@group-D54B035B7064->d67dbc00-9c73-4d3d-8b9c-bdbe6ad1b760-AppendLogResponseHandler: Failed appendEntries: org.apache.ratis.thirdparty.io.grpc.StatusRuntimeException: UNAVAILABLE: io exception
2019-10-08 01:49:32,594 [grpc-default-executor-7] INFO  impl.FollowerInfo (FollowerInfo.java:lambda$new$0(51)) - f22219fc-627f-4d4c-bca0-ba09b570fb17@group-D54B035B7064->d67dbc00-9c73-4d3d-8b9c-bdbe6ad1b760: nextIndex: updateUnconditionally 2 -> 1
01:49:33.226 [grpc-default-executor-2] ERROR DNAudit - user=null | ip=null | op=WRITE_CHUNK {blockData=conID: 1 locID: 102924245561901069 bcsId: 12} | ret=FAILURE
org.apache.hadoop.hdds.scm.container.common.helpers.ContainerNotOpenException: Container 1 in CLOSING state
	at org.apache.hadoop.ozone.container.common.impl.HddsDispatcher.validateContainerCommand(HddsDispatcher.java:434) ~[hadoop-hdds-container-service-0.5.0-SNAPSHOT.jar:?]
	at org.apache.hadoop.ozone.container.common.transport.server.ratis.ContainerStateMachine.startTransaction(ContainerStateMachine.java:320) ~[hadoop-hdds-container-service-0.5.0-SNAPSHOT.jar:?]
	at org.apache.ratis.server.impl.RaftServerImpl.submitClientRequestAsync(RaftServerImpl.java:569) ~[ratis-server-0.5.0-201fc85-SNAPSHOT.jar:0.5.0-201fc85-SNAPSHOT]
	at org.apache.ratis.server.impl.RaftServerProxy.lambda$submitClientRequestAsync$7(RaftServerProxy.java:333) ~[ratis-server-0.5.0-201fc85-SNAPSHOT.jar:0.5.0-201fc85-SNAPSHOT]
	at org.apache.ratis.server.impl.RaftServerProxy.lambda$null$5(RaftServerProxy.java:328) ~[ratis-server-0.5.0-201fc85-SNAPSHOT.jar:0.5.0-201fc85-SNAPSHOT]
	at org.apache.ratis.util.JavaUtils.callAsUnchecked(JavaUtils.java:109) ~[ratis-common-0.5.0-201fc85-SNAPSHOT.jar:0.5.0-201fc85-SNAPSHOT]
	at org.apache.ratis.server.impl.RaftServerProxy.lambda$submitRequest$6(RaftServerProxy.java:328) ~[ratis-server-0.5.0-201fc85-SNAPSHOT.jar:0.5.0-201fc85-SNAPSHOT]
	at java.util.concurrent.CompletableFuture.uniComposeStage(CompletableFuture.java:981) ~[?:1.8.0_212]
	at java.util.concurrent.CompletableFuture.thenCompose(CompletableFuture.java:2124) ~[?:1.8.0_212]
	at org.apache.ratis.server.impl.RaftServerProxy.submitRequest(RaftServerProxy.java:327) ~[ratis-server-0.5.0-201fc85-SNAPSHOT.jar:0.5.0-201fc85-SNAPSHOT]
	at org.apache.ratis.server.impl.RaftServerProxy.submitClientRequestAsync(RaftServerProxy.java:333) ~[ratis-server-0.5.0-201fc85-SNAPSHOT.jar:0.5.0-201fc85-SNAPSHOT]
	at org.apache.ratis.grpc.client.GrpcClientProtocolService$RequestStreamObserver.processClientRequest(GrpcClientProtocolService.java:220) ~[ratis-grpc-0.5.0-201fc85-SNAPSHOT.jar:0.5.0-201fc85-SNAPSHOT]
	at org.apache.ratis.grpc.client.GrpcClientProtocolService$OrderedRequestStreamObserver.processClientRequest(GrpcClientProtocolService.java:326) ~[ratis-grpc-0.5.0-201fc85-SNAPSHOT.jar:0.5.0-201fc85-SNAPSHOT]
	at org.apache.ratis.util.SlidingWindow$Server.processRequestsFromHead(SlidingWindow.java:429) [ratis-common-0.5.0-201fc85-SNAPSHOT.jar:0.5.0-201fc85-SNAPSHOT]
	at org.apache.ratis.util.SlidingWindow$Server.receivedRequest(SlidingWindow.java:421) [ratis-common-0.5.0-201fc85-SNAPSHOT.jar:0.5.0-201fc85-SNAPSHOT]
	at org.apache.ratis.grpc.client.GrpcClientProtocolService$OrderedRequestStreamObserver.processClientRequest(GrpcClientProtocolService.java:345) [ratis-grpc-0.5.0-201fc85-SNAPSHOT.jar:0.5.0-201fc85-SNAPSHOT]
	at org.apache.ratis.grpc.client.GrpcClientProtocolService$RequestStreamObserver.onNext(GrpcClientProtocolService.java:240) [ratis-grpc-0.5.0-201fc85-SNAPSHOT.jar:0.5.0-201fc85-SNAPSHOT]
	at org.apache.ratis.grpc.client.GrpcClientProtocolService$RequestStreamObserver.onNext(GrpcClientProtocolService.java:168) [ratis-grpc-0.5.0-201fc85-SNAPSHOT.jar:0.5.0-201fc85-SNAPSHOT]
	at org.apache.ratis.thirdparty.io.grpc.stub.ServerCalls$StreamingServerCallHandler$StreamingServerCallListener.onMessage(ServerCalls.java:248) [ratis-thirdparty-misc-0.2.0.jar:0.2.0]
	at org.apache.ratis.thirdparty.io.grpc.internal.ServerCallImpl$ServerStreamListenerImpl.messagesAvailable(ServerCallImpl.java:263) [ratis-thirdparty-misc-0.2.0.jar:0.2.0]
	at org.apache.ratis.thirdparty.io.grpc.internal.ServerImpl$JumpToApplicationThreadServerStreamListener$1MessagesAvailable.runInContext(ServerImpl.java:686) [ratis-thirdparty-misc-0.2.0.jar:0.2.0]
	at org.apache.ratis.thirdparty.io.grpc.internal.ContextRunnable.run(ContextRunnable.java:37) [ratis-thirdparty-misc-0.2.0.jar:0.2.0]
	at org.apache.ratis.thirdparty.io.grpc.internal.SerializingExecutor.run(SerializingExecutor.java:123) [ratis-thirdparty-misc-0.2.0.jar:0.2.0]
	at java.util.concurrent.ThreadPoolExecutor.runWorker(ThreadPoolExecutor.java:1149) [?:1.8.0_212]
	at java.util.concurrent.ThreadPoolExecutor$Worker.run(ThreadPoolExecutor.java:624) [?:1.8.0_212]
	at java.lang.Thread.run(Thread.java:748) [?:1.8.0_212]
01:49:33.244 [grpc-default-executor-7] ERROR DNAudit - user=null | ip=null | op=WRITE_CHUNK {blockData=conID: 1 locID: 102924245561901069 bcsId: 12} | ret=FAILURE
org.apache.hadoop.hdds.scm.container.common.helpers.ContainerNotOpenException: Container 1 in CLOSING state
	at org.apache.hadoop.ozone.container.common.impl.HddsDispatcher.validateContainerCommand(HddsDispatcher.java:434) ~[hadoop-hdds-container-service-0.5.0-SNAPSHOT.jar:?]
	at org.apache.hadoop.ozone.container.common.transport.server.ratis.ContainerStateMachine.startTransaction(ContainerStateMachine.java:320) ~[hadoop-hdds-container-service-0.5.0-SNAPSHOT.jar:?]
	at org.apache.ratis.server.impl.RaftServerImpl.submitClientRequestAsync(RaftServerImpl.java:569) ~[ratis-server-0.5.0-201fc85-SNAPSHOT.jar:0.5.0-201fc85-SNAPSHOT]
	at org.apache.ratis.server.impl.RaftServerProxy.lambda$submitClientRequestAsync$7(RaftServerProxy.java:333) ~[ratis-server-0.5.0-201fc85-SNAPSHOT.jar:0.5.0-201fc85-SNAPSHOT]
	at org.apache.ratis.server.impl.RaftServerProxy.lambda$null$5(RaftServerProxy.java:328) ~[ratis-server-0.5.0-201fc85-SNAPSHOT.jar:0.5.0-201fc85-SNAPSHOT]
	at org.apache.ratis.util.JavaUtils.callAsUnchecked(JavaUtils.java:109) ~[ratis-common-0.5.0-201fc85-SNAPSHOT.jar:0.5.0-201fc85-SNAPSHOT]
	at org.apache.ratis.server.impl.RaftServerProxy.lambda$submitRequest$6(RaftServerProxy.java:328) ~[ratis-server-0.5.0-201fc85-SNAPSHOT.jar:0.5.0-201fc85-SNAPSHOT]
	at java.util.concurrent.CompletableFuture.uniComposeStage(CompletableFuture.java:981) ~[?:1.8.0_212]
	at java.util.concurrent.CompletableFuture.thenCompose(CompletableFuture.java:2124) ~[?:1.8.0_212]
	at org.apache.ratis.server.impl.RaftServerProxy.submitRequest(RaftServerProxy.java:327) ~[ratis-server-0.5.0-201fc85-SNAPSHOT.jar:0.5.0-201fc85-SNAPSHOT]
	at org.apache.ratis.server.impl.RaftServerProxy.submitClientRequestAsync(RaftServerProxy.java:333) ~[ratis-server-0.5.0-201fc85-SNAPSHOT.jar:0.5.0-201fc85-SNAPSHOT]
	at org.apache.ratis.grpc.client.GrpcClientProtocolService$RequestStreamObserver.processClientRequest(GrpcClientProtocolService.java:220) ~[ratis-grpc-0.5.0-201fc85-SNAPSHOT.jar:0.5.0-201fc85-SNAPSHOT]
	at org.apache.ratis.grpc.client.GrpcClientProtocolService$OrderedRequestStreamObserver.processClientRequest(GrpcClientProtocolService.java:326) ~[ratis-grpc-0.5.0-201fc85-SNAPSHOT.jar:0.5.0-201fc85-SNAPSHOT]
	at org.apache.ratis.util.SlidingWindow$Server.processRequestsFromHead(SlidingWindow.java:429) [ratis-common-0.5.0-201fc85-SNAPSHOT.jar:0.5.0-201fc85-SNAPSHOT]
	at org.apache.ratis.util.SlidingWindow$Server.receivedRequest(SlidingWindow.java:421) [ratis-common-0.5.0-201fc85-SNAPSHOT.jar:0.5.0-201fc85-SNAPSHOT]
	at org.apache.ratis.grpc.client.GrpcClientProtocolService$OrderedRequestStreamObserver.processClientRequest(GrpcClientProtocolService.java:345) [ratis-grpc-0.5.0-201fc85-SNAPSHOT.jar:0.5.0-201fc85-SNAPSHOT]
	at org.apache.ratis.grpc.client.GrpcClientProtocolService$RequestStreamObserver.onNext(GrpcClientProtocolService.java:240) [ratis-grpc-0.5.0-201fc85-SNAPSHOT.jar:0.5.0-201fc85-SNAPSHOT]
	at org.apache.ratis.grpc.client.GrpcClientProtocolService$RequestStreamObserver.onNext(GrpcClientProtocolService.java:168) [ratis-grpc-0.5.0-201fc85-SNAPSHOT.jar:0.5.0-201fc85-SNAPSHOT]
	at org.apache.ratis.thirdparty.io.grpc.stub.ServerCalls$StreamingServerCallHandler$StreamingServerCallListener.onMessage(ServerCalls.java:248) [ratis-thirdparty-misc-0.2.0.jar:0.2.0]
	at org.apache.ratis.thirdparty.io.grpc.internal.ServerCallImpl$ServerStreamListenerImpl.messagesAvailable(ServerCallImpl.java:263) [ratis-thirdparty-misc-0.2.0.jar:0.2.0]
	at org.apache.ratis.thirdparty.io.grpc.internal.ServerImpl$JumpToApplicationThreadServerStreamListener$1MessagesAvailable.runInContext(ServerImpl.java:686) [ratis-thirdparty-misc-0.2.0.jar:0.2.0]
	at org.apache.ratis.thirdparty.io.grpc.internal.ContextRunnable.run(ContextRunnable.java:37) [ratis-thirdparty-misc-0.2.0.jar:0.2.0]
	at org.apache.ratis.thirdparty.io.grpc.internal.SerializingExecutor.run(SerializingExecutor.java:123) [ratis-thirdparty-misc-0.2.0.jar:0.2.0]
	at java.util.concurrent.ThreadPoolExecutor.runWorker(ThreadPoolExecutor.java:1149) [?:1.8.0_212]
	at java.util.concurrent.ThreadPoolExecutor$Worker.run(ThreadPoolExecutor.java:624) [?:1.8.0_212]
	at java.lang.Thread.run(Thread.java:748) [?:1.8.0_212]
01:49:33.255 [grpc-default-executor-7] ERROR DNAudit - user=null | ip=null | op=PUT_BLOCK {blockData=[blockId=conID: 1 locID: 102924245561901069 bcsId: 0,size=650]} | ret=FAILURE
org.apache.hadoop.hdds.scm.container.common.helpers.ContainerNotOpenException: Container 1 in CLOSING state
	at org.apache.hadoop.ozone.container.common.impl.HddsDispatcher.validateContainerCommand(HddsDispatcher.java:434) ~[hadoop-hdds-container-service-0.5.0-SNAPSHOT.jar:?]
	at org.apache.hadoop.ozone.container.common.transport.server.ratis.ContainerStateMachine.startTransaction(ContainerStateMachine.java:320) ~[hadoop-hdds-container-service-0.5.0-SNAPSHOT.jar:?]
	at org.apache.ratis.server.impl.RaftServerImpl.submitClientRequestAsync(RaftServerImpl.java:569) ~[ratis-server-0.5.0-201fc85-SNAPSHOT.jar:0.5.0-201fc85-SNAPSHOT]
	at org.apache.ratis.server.impl.RaftServerProxy.lambda$submitClientRequestAsync$7(RaftServerProxy.java:333) ~[ratis-server-0.5.0-201fc85-SNAPSHOT.jar:0.5.0-201fc85-SNAPSHOT]
	at org.apache.ratis.server.impl.RaftServerProxy.lambda$null$5(RaftServerProxy.java:328) ~[ratis-server-0.5.0-201fc85-SNAPSHOT.jar:0.5.0-201fc85-SNAPSHOT]
	at org.apache.ratis.util.JavaUtils.callAsUnchecked(JavaUtils.java:109) ~[ratis-common-0.5.0-201fc85-SNAPSHOT.jar:0.5.0-201fc85-SNAPSHOT]
	at org.apache.ratis.server.impl.RaftServerProxy.lambda$submitRequest$6(RaftServerProxy.java:328) ~[ratis-server-0.5.0-201fc85-SNAPSHOT.jar:0.5.0-201fc85-SNAPSHOT]
	at java.util.concurrent.CompletableFuture.uniComposeStage(CompletableFuture.java:981) ~[?:1.8.0_212]
	at java.util.concurrent.CompletableFuture.thenCompose(CompletableFuture.java:2124) ~[?:1.8.0_212]
	at org.apache.ratis.server.impl.RaftServerProxy.submitRequest(RaftServerProxy.java:327) ~[ratis-server-0.5.0-201fc85-SNAPSHOT.jar:0.5.0-201fc85-SNAPSHOT]
	at org.apache.ratis.server.impl.RaftServerProxy.submitClientRequestAsync(RaftServerProxy.java:333) ~[ratis-server-0.5.0-201fc85-SNAPSHOT.jar:0.5.0-201fc85-SNAPSHOT]
	at org.apache.ratis.grpc.client.GrpcClientProtocolService$RequestStreamObserver.processClientRequest(GrpcClientProtocolService.java:220) ~[ratis-grpc-0.5.0-201fc85-SNAPSHOT.jar:0.5.0-201fc85-SNAPSHOT]
	at org.apache.ratis.grpc.client.GrpcClientProtocolService$OrderedRequestStreamObserver.processClientRequest(GrpcClientProtocolService.java:326) ~[ratis-grpc-0.5.0-201fc85-SNAPSHOT.jar:0.5.0-201fc85-SNAPSHOT]
	at org.apache.ratis.util.SlidingWindow$Server.processRequestsFromHead(SlidingWindow.java:429) [ratis-common-0.5.0-201fc85-SNAPSHOT.jar:0.5.0-201fc85-SNAPSHOT]
	at org.apache.ratis.util.SlidingWindow$Server.receivedRequest(SlidingWindow.java:421) [ratis-common-0.5.0-201fc85-SNAPSHOT.jar:0.5.0-201fc85-SNAPSHOT]
	at org.apache.ratis.grpc.client.GrpcClientProtocolService$OrderedRequestStreamObserver.processClientRequest(GrpcClientProtocolService.java:345) [ratis-grpc-0.5.0-201fc85-SNAPSHOT.jar:0.5.0-201fc85-SNAPSHOT]
	at org.apache.ratis.grpc.client.GrpcClientProtocolService$RequestStreamObserver.onNext(GrpcClientProtocolService.java:240) [ratis-grpc-0.5.0-201fc85-SNAPSHOT.jar:0.5.0-201fc85-SNAPSHOT]
	at org.apache.ratis.grpc.client.GrpcClientProtocolService$RequestStreamObserver.onNext(GrpcClientProtocolService.java:168) [ratis-grpc-0.5.0-201fc85-SNAPSHOT.jar:0.5.0-201fc85-SNAPSHOT]
	at org.apache.ratis.thirdparty.io.grpc.stub.ServerCalls$StreamingServerCallHandler$StreamingServerCallListener.onMessage(ServerCalls.java:248) [ratis-thirdparty-misc-0.2.0.jar:0.2.0]
	at org.apache.ratis.thirdparty.io.grpc.internal.ServerCallImpl$ServerStreamListenerImpl.messagesAvailable(ServerCallImpl.java:263) [ratis-thirdparty-misc-0.2.0.jar:0.2.0]
	at org.apache.ratis.thirdparty.io.grpc.internal.ServerImpl$JumpToApplicationThreadServerStreamListener$1MessagesAvailable.runInContext(ServerImpl.java:686) [ratis-thirdparty-misc-0.2.0.jar:0.2.0]
	at org.apache.ratis.thirdparty.io.grpc.internal.ContextRunnable.run(ContextRunnable.java:37) [ratis-thirdparty-misc-0.2.0.jar:0.2.0]
	at org.apache.ratis.thirdparty.io.grpc.internal.SerializingExecutor.run(SerializingExecutor.java:123) [ratis-thirdparty-misc-0.2.0.jar:0.2.0]
	at java.util.concurrent.ThreadPoolExecutor.runWorker(ThreadPoolExecutor.java:1149) [?:1.8.0_212]
	at java.util.concurrent.ThreadPoolExecutor$Worker.run(ThreadPoolExecutor.java:624) [?:1.8.0_212]
	at java.lang.Thread.run(Thread.java:748) [?:1.8.0_212]
01:49:33.263 [grpc-default-executor-7] ERROR DNAudit - user=null | ip=null | op=WRITE_CHUNK {blockData=conID: 1 locID: 102924245561901069 bcsId: 12} | ret=FAILURE
org.apache.hadoop.hdds.scm.container.common.helpers.ContainerNotOpenException: Container 1 in CLOSING state
	at org.apache.hadoop.ozone.container.common.impl.HddsDispatcher.validateContainerCommand(HddsDispatcher.java:434) ~[hadoop-hdds-container-service-0.5.0-SNAPSHOT.jar:?]
	at org.apache.hadoop.ozone.container.common.transport.server.ratis.ContainerStateMachine.startTransaction(ContainerStateMachine.java:320) ~[hadoop-hdds-container-service-0.5.0-SNAPSHOT.jar:?]
	at org.apache.ratis.server.impl.RaftServerImpl.submitClientRequestAsync(RaftServerImpl.java:569) ~[ratis-server-0.5.0-201fc85-SNAPSHOT.jar:0.5.0-201fc85-SNAPSHOT]
	at org.apache.ratis.server.impl.RaftServerProxy.lambda$submitClientRequestAsync$7(RaftServerProxy.java:333) ~[ratis-server-0.5.0-201fc85-SNAPSHOT.jar:0.5.0-201fc85-SNAPSHOT]
	at org.apache.ratis.server.impl.RaftServerProxy.lambda$null$5(RaftServerProxy.java:328) ~[ratis-server-0.5.0-201fc85-SNAPSHOT.jar:0.5.0-201fc85-SNAPSHOT]
	at org.apache.ratis.util.JavaUtils.callAsUnchecked(JavaUtils.java:109) ~[ratis-common-0.5.0-201fc85-SNAPSHOT.jar:0.5.0-201fc85-SNAPSHOT]
	at org.apache.ratis.server.impl.RaftServerProxy.lambda$submitRequest$6(RaftServerProxy.java:328) ~[ratis-server-0.5.0-201fc85-SNAPSHOT.jar:0.5.0-201fc85-SNAPSHOT]
	at java.util.concurrent.CompletableFuture.uniComposeStage(CompletableFuture.java:981) ~[?:1.8.0_212]
	at java.util.concurrent.CompletableFuture.thenCompose(CompletableFuture.java:2124) ~[?:1.8.0_212]
	at org.apache.ratis.server.impl.RaftServerProxy.submitRequest(RaftServerProxy.java:327) ~[ratis-server-0.5.0-201fc85-SNAPSHOT.jar:0.5.0-201fc85-SNAPSHOT]
	at org.apache.ratis.server.impl.RaftServerProxy.submitClientRequestAsync(RaftServerProxy.java:333) ~[ratis-server-0.5.0-201fc85-SNAPSHOT.jar:0.5.0-201fc85-SNAPSHOT]
	at org.apache.ratis.grpc.client.GrpcClientProtocolService$RequestStreamObserver.processClientRequest(GrpcClientProtocolService.java:220) ~[ratis-grpc-0.5.0-201fc85-SNAPSHOT.jar:0.5.0-201fc85-SNAPSHOT]
	at org.apache.ratis.grpc.client.GrpcClientProtocolService$OrderedRequestStreamObserver.processClientRequest(GrpcClientProtocolService.java:326) ~[ratis-grpc-0.5.0-201fc85-SNAPSHOT.jar:0.5.0-201fc85-SNAPSHOT]
	at org.apache.ratis.util.SlidingWindow$Server.processRequestsFromHead(SlidingWindow.java:429) [ratis-common-0.5.0-201fc85-SNAPSHOT.jar:0.5.0-201fc85-SNAPSHOT]
	at org.apache.ratis.util.SlidingWindow$Server.receivedRequest(SlidingWindow.java:421) [ratis-common-0.5.0-201fc85-SNAPSHOT.jar:0.5.0-201fc85-SNAPSHOT]
	at org.apache.ratis.grpc.client.GrpcClientProtocolService$OrderedRequestStreamObserver.processClientRequest(GrpcClientProtocolService.java:345) [ratis-grpc-0.5.0-201fc85-SNAPSHOT.jar:0.5.0-201fc85-SNAPSHOT]
	at org.apache.ratis.grpc.client.GrpcClientProtocolService$RequestStreamObserver.onNext(GrpcClientProtocolService.java:240) [ratis-grpc-0.5.0-201fc85-SNAPSHOT.jar:0.5.0-201fc85-SNAPSHOT]
	at org.apache.ratis.grpc.client.GrpcClientProtocolService$RequestStreamObserver.onNext(GrpcClientProtocolService.java:168) [ratis-grpc-0.5.0-201fc85-SNAPSHOT.jar:0.5.0-201fc85-SNAPSHOT]
	at org.apache.ratis.thirdparty.io.grpc.stub.ServerCalls$StreamingServerCallHandler$StreamingServerCallListener.onMessage(ServerCalls.java:248) [ratis-thirdparty-misc-0.2.0.jar:0.2.0]
	at org.apache.ratis.thirdparty.io.grpc.internal.ServerCallImpl$ServerStreamListenerImpl.messagesAvailable(ServerCallImpl.java:263) [ratis-thirdparty-misc-0.2.0.jar:0.2.0]
	at org.apache.ratis.thirdparty.io.grpc.internal.ServerImpl$JumpToApplicationThreadServerStreamListener$1MessagesAvailable.runInContext(ServerImpl.java:686) [ratis-thirdparty-misc-0.2.0.jar:0.2.0]
	at org.apache.ratis.thirdparty.io.grpc.internal.ContextRunnable.run(ContextRunnable.java:37) [ratis-thirdparty-misc-0.2.0.jar:0.2.0]
	at org.apache.ratis.thirdparty.io.grpc.internal.SerializingExecutor.run(SerializingExecutor.java:123) [ratis-thirdparty-misc-0.2.0.jar:0.2.0]
	at java.util.concurrent.ThreadPoolExecutor.runWorker(ThreadPoolExecutor.java:1149) [?:1.8.0_212]
	at java.util.concurrent.ThreadPoolExecutor$Worker.run(ThreadPoolExecutor.java:624) [?:1.8.0_212]
	at java.lang.Thread.run(Thread.java:748) [?:1.8.0_212]
01:49:33.270 [grpc-default-executor-7] ERROR DNAudit - user=null | ip=null | op=WRITE_CHUNK {blockData=conID: 1 locID: 102924245561901069 bcsId: 12} | ret=FAILURE
org.apache.hadoop.hdds.scm.container.common.helpers.ContainerNotOpenException: Container 1 in CLOSING state
	at org.apache.hadoop.ozone.container.common.impl.HddsDispatcher.validateContainerCommand(HddsDispatcher.java:434) ~[hadoop-hdds-container-service-0.5.0-SNAPSHOT.jar:?]
	at org.apache.hadoop.ozone.container.common.transport.server.ratis.ContainerStateMachine.startTransaction(ContainerStateMachine.java:320) ~[hadoop-hdds-container-service-0.5.0-SNAPSHOT.jar:?]
	at org.apache.ratis.server.impl.RaftServerImpl.submitClientRequestAsync(RaftServerImpl.java:569) ~[ratis-server-0.5.0-201fc85-SNAPSHOT.jar:0.5.0-201fc85-SNAPSHOT]
	at org.apache.ratis.server.impl.RaftServerProxy.lambda$submitClientRequestAsync$7(RaftServerProxy.java:333) ~[ratis-server-0.5.0-201fc85-SNAPSHOT.jar:0.5.0-201fc85-SNAPSHOT]
	at org.apache.ratis.server.impl.RaftServerProxy.lambda$null$5(RaftServerProxy.java:328) ~[ratis-server-0.5.0-201fc85-SNAPSHOT.jar:0.5.0-201fc85-SNAPSHOT]
	at org.apache.ratis.util.JavaUtils.callAsUnchecked(JavaUtils.java:109) ~[ratis-common-0.5.0-201fc85-SNAPSHOT.jar:0.5.0-201fc85-SNAPSHOT]
	at org.apache.ratis.server.impl.RaftServerProxy.lambda$submitRequest$6(RaftServerProxy.java:328) ~[ratis-server-0.5.0-201fc85-SNAPSHOT.jar:0.5.0-201fc85-SNAPSHOT]
	at java.util.concurrent.CompletableFuture.uniComposeStage(CompletableFuture.java:981) ~[?:1.8.0_212]
	at java.util.concurrent.CompletableFuture.thenCompose(CompletableFuture.java:2124) ~[?:1.8.0_212]
	at org.apache.ratis.server.impl.RaftServerProxy.submitRequest(RaftServerProxy.java:327) ~[ratis-server-0.5.0-201fc85-SNAPSHOT.jar:0.5.0-201fc85-SNAPSHOT]
	at org.apache.ratis.server.impl.RaftServerProxy.submitClientRequestAsync(RaftServerProxy.java:333) ~[ratis-server-0.5.0-201fc85-SNAPSHOT.jar:0.5.0-201fc85-SNAPSHOT]
	at org.apache.ratis.grpc.client.GrpcClientProtocolService$RequestStreamObserver.processClientRequest(GrpcClientProtocolService.java:220) ~[ratis-grpc-0.5.0-201fc85-SNAPSHOT.jar:0.5.0-201fc85-SNAPSHOT]
	at org.apache.ratis.grpc.client.GrpcClientProtocolService$OrderedRequestStreamObserver.processClientRequest(GrpcClientProtocolService.java:326) ~[ratis-grpc-0.5.0-201fc85-SNAPSHOT.jar:0.5.0-201fc85-SNAPSHOT]
	at org.apache.ratis.util.SlidingWindow$Server.processRequestsFromHead(SlidingWindow.java:429) [ratis-common-0.5.0-201fc85-SNAPSHOT.jar:0.5.0-201fc85-SNAPSHOT]
	at org.apache.ratis.util.SlidingWindow$Server.receivedRequest(SlidingWindow.java:421) [ratis-common-0.5.0-201fc85-SNAPSHOT.jar:0.5.0-201fc85-SNAPSHOT]
	at org.apache.ratis.grpc.client.GrpcClientProtocolService$OrderedRequestStreamObserver.processClientRequest(GrpcClientProtocolService.java:345) [ratis-grpc-0.5.0-201fc85-SNAPSHOT.jar:0.5.0-201fc85-SNAPSHOT]
	at org.apache.ratis.grpc.client.GrpcClientProtocolService$RequestStreamObserver.onNext(GrpcClientProtocolService.java:240) [ratis-grpc-0.5.0-201fc85-SNAPSHOT.jar:0.5.0-201fc85-SNAPSHOT]
	at org.apache.ratis.grpc.client.GrpcClientProtocolService$RequestStreamObserver.onNext(GrpcClientProtocolService.java:168) [ratis-grpc-0.5.0-201fc85-SNAPSHOT.jar:0.5.0-201fc85-SNAPSHOT]
	at org.apache.ratis.thirdparty.io.grpc.stub.ServerCalls$StreamingServerCallHandler$StreamingServerCallListener.onMessage(ServerCalls.java:248) [ratis-thirdparty-misc-0.2.0.jar:0.2.0]
	at org.apache.ratis.thirdparty.io.grpc.internal.ServerCallImpl$ServerStreamListenerImpl.messagesAvailable(ServerCallImpl.java:263) [ratis-thirdparty-misc-0.2.0.jar:0.2.0]
	at org.apache.ratis.thirdparty.io.grpc.internal.ServerImpl$JumpToApplicationThreadServerStreamListener$1MessagesAvailable.runInContext(ServerImpl.java:686) [ratis-thirdparty-misc-0.2.0.jar:0.2.0]
	at org.apache.ratis.thirdparty.io.grpc.internal.ContextRunnable.run(ContextRunnable.java:37) [ratis-thirdparty-misc-0.2.0.jar:0.2.0]
	at org.apache.ratis.thirdparty.io.grpc.internal.SerializingExecutor.run(SerializingExecutor.java:123) [ratis-thirdparty-misc-0.2.0.jar:0.2.0]
	at java.util.concurrent.ThreadPoolExecutor.runWorker(ThreadPoolExecutor.java:1149) [?:1.8.0_212]
	at java.util.concurrent.ThreadPoolExecutor$Worker.run(ThreadPoolExecutor.java:624) [?:1.8.0_212]
	at java.lang.Thread.run(Thread.java:748) [?:1.8.0_212]
01:49:33.278 [grpc-default-executor-7] ERROR DNAudit - user=null | ip=null | op=PUT_BLOCK {blockData=[blockId=conID: 1 locID: 102924245561901069 bcsId: 0,size=800]} | ret=FAILURE
org.apache.hadoop.hdds.scm.container.common.helpers.ContainerNotOpenException: Container 1 in CLOSING state
	at org.apache.hadoop.ozone.container.common.impl.HddsDispatcher.validateContainerCommand(HddsDispatcher.java:434) ~[hadoop-hdds-container-service-0.5.0-SNAPSHOT.jar:?]
	at org.apache.hadoop.ozone.container.common.transport.server.ratis.ContainerStateMachine.startTransaction(ContainerStateMachine.java:320) ~[hadoop-hdds-container-service-0.5.0-SNAPSHOT.jar:?]
	at org.apache.ratis.server.impl.RaftServerImpl.submitClientRequestAsync(RaftServerImpl.java:569) ~[ratis-server-0.5.0-201fc85-SNAPSHOT.jar:0.5.0-201fc85-SNAPSHOT]
	at org.apache.ratis.server.impl.RaftServerProxy.lambda$submitClientRequestAsync$7(RaftServerProxy.java:333) ~[ratis-server-0.5.0-201fc85-SNAPSHOT.jar:0.5.0-201fc85-SNAPSHOT]
	at org.apache.ratis.server.impl.RaftServerProxy.lambda$null$5(RaftServerProxy.java:328) ~[ratis-server-0.5.0-201fc85-SNAPSHOT.jar:0.5.0-201fc85-SNAPSHOT]
	at org.apache.ratis.util.JavaUtils.callAsUnchecked(JavaUtils.java:109) ~[ratis-common-0.5.0-201fc85-SNAPSHOT.jar:0.5.0-201fc85-SNAPSHOT]
	at org.apache.ratis.server.impl.RaftServerProxy.lambda$submitRequest$6(RaftServerProxy.java:328) ~[ratis-server-0.5.0-201fc85-SNAPSHOT.jar:0.5.0-201fc85-SNAPSHOT]
	at java.util.concurrent.CompletableFuture.uniComposeStage(CompletableFuture.java:981) ~[?:1.8.0_212]
	at java.util.concurrent.CompletableFuture.thenCompose(CompletableFuture.java:2124) ~[?:1.8.0_212]
	at org.apache.ratis.server.impl.RaftServerProxy.submitRequest(RaftServerProxy.java:327) ~[ratis-server-0.5.0-201fc85-SNAPSHOT.jar:0.5.0-201fc85-SNAPSHOT]
	at org.apache.ratis.server.impl.RaftServerProxy.submitClientRequestAsync(RaftServerProxy.java:333) ~[ratis-server-0.5.0-201fc85-SNAPSHOT.jar:0.5.0-201fc85-SNAPSHOT]
	at org.apache.ratis.grpc.client.GrpcClientProtocolService$RequestStreamObserver.processClientRequest(GrpcClientProtocolService.java:220) ~[ratis-grpc-0.5.0-201fc85-SNAPSHOT.jar:0.5.0-201fc85-SNAPSHOT]
	at org.apache.ratis.grpc.client.GrpcClientProtocolService$OrderedRequestStreamObserver.processClientRequest(GrpcClientProtocolService.java:326) ~[ratis-grpc-0.5.0-201fc85-SNAPSHOT.jar:0.5.0-201fc85-SNAPSHOT]
	at org.apache.ratis.util.SlidingWindow$Server.processRequestsFromHead(SlidingWindow.java:429) [ratis-common-0.5.0-201fc85-SNAPSHOT.jar:0.5.0-201fc85-SNAPSHOT]
	at org.apache.ratis.util.SlidingWindow$Server.receivedRequest(SlidingWindow.java:421) [ratis-common-0.5.0-201fc85-SNAPSHOT.jar:0.5.0-201fc85-SNAPSHOT]
	at org.apache.ratis.grpc.client.GrpcClientProtocolService$OrderedRequestStreamObserver.processClientRequest(GrpcClientProtocolService.java:345) [ratis-grpc-0.5.0-201fc85-SNAPSHOT.jar:0.5.0-201fc85-SNAPSHOT]
	at org.apache.ratis.grpc.client.GrpcClientProtocolService$RequestStreamObserver.onNext(GrpcClientProtocolService.java:240) [ratis-grpc-0.5.0-201fc85-SNAPSHOT.jar:0.5.0-201fc85-SNAPSHOT]
	at org.apache.ratis.grpc.client.GrpcClientProtocolService$RequestStreamObserver.onNext(GrpcClientProtocolService.java:168) [ratis-grpc-0.5.0-201fc85-SNAPSHOT.jar:0.5.0-201fc85-SNAPSHOT]
	at org.apache.ratis.thirdparty.io.grpc.stub.ServerCalls$StreamingServerCallHandler$StreamingServerCallListener.onMessage(ServerCalls.java:248) [ratis-thirdparty-misc-0.2.0.jar:0.2.0]
	at org.apache.ratis.thirdparty.io.grpc.internal.ServerCallImpl$ServerStreamListenerImpl.messagesAvailable(ServerCallImpl.java:263) [ratis-thirdparty-misc-0.2.0.jar:0.2.0]
	at org.apache.ratis.thirdparty.io.grpc.internal.ServerImpl$JumpToApplicationThreadServerStreamListener$1MessagesAvailable.runInContext(ServerImpl.java:686) [ratis-thirdparty-misc-0.2.0.jar:0.2.0]
	at org.apache.ratis.thirdparty.io.grpc.internal.ContextRunnable.run(ContextRunnable.java:37) [ratis-thirdparty-misc-0.2.0.jar:0.2.0]
	at org.apache.ratis.thirdparty.io.grpc.internal.SerializingExecutor.run(SerializingExecutor.java:123) [ratis-thirdparty-misc-0.2.0.jar:0.2.0]
	at java.util.concurrent.ThreadPoolExecutor.runWorker(ThreadPoolExecutor.java:1149) [?:1.8.0_212]
	at java.util.concurrent.ThreadPoolExecutor$Worker.run(ThreadPoolExecutor.java:624) [?:1.8.0_212]
	at java.lang.Thread.run(Thread.java:748) [?:1.8.0_212]
2019-10-08 01:49:33,742 [main] INFO  ozone.MiniOzoneClusterImpl (MiniOzoneClusterImpl.java:shutdown(314)) - Shutting down the Mini Ozone Cluster
2019-10-08 01:49:33,742 [main] INFO  ozone.MiniOzoneClusterImpl (MiniOzoneClusterImpl.java:stop(330)) - Stopping the Mini Ozone Cluster
2019-10-08 01:49:33,743 [main] INFO  ozone.MiniOzoneClusterImpl (MiniOzoneClusterImpl.java:stopOM(400)) - Stopping the OzoneManager
2019-10-08 01:49:33,743 [main] INFO  ipc.Server (Server.java:stop(3082)) - Stopping server on 38411
2019-10-08 01:49:33,751 [IPC Server listener on 38411] INFO  ipc.Server (Server.java:run(1185)) - Stopping IPC Server listener on 38411
2019-10-08 01:49:33,751 [main] INFO  ratis.OzoneManagerDoubleBuffer (OzoneManagerDoubleBuffer.java:stop(248)) - Stopping OMDoubleBuffer flush thread
2019-10-08 01:49:33,751 [IPC Server Responder] INFO  ipc.Server (Server.java:run(1319)) - Stopping IPC Server Responder
2019-10-08 01:49:33,751 [OMDoubleBufferFlushThread] INFO  ratis.OzoneManagerDoubleBuffer (OzoneManagerDoubleBuffer.java:flushTransactions(191)) - OMDoubleBuffer flush thread OMDoubleBufferFlushThread is interrupted and will exit. OMDoubleBufferFlushThread
2019-10-08 01:49:33,767 [main] INFO  utils.BackgroundService (BackgroundService.java:shutdown(148)) - Shutting down service KeyDeletingService
2019-10-08 01:49:33,769 [main] INFO  handler.ContextHandler (ContextHandler.java:doStop(910)) - Stopped o.e.j.w.WebAppContext@70b48eb3{/,null,UNAVAILABLE}{/ozoneManager}
2019-10-08 01:49:33,770 [main] INFO  server.AbstractConnector (AbstractConnector.java:doStop(318)) - Stopped ServerConnector@7b8ea1db{HTTP/1.1,[http/1.1]}{0.0.0.0:0}
2019-10-08 01:49:33,770 [main] INFO  handler.ContextHandler (ContextHandler.java:doStop(910)) - Stopped o.e.j.s.ServletContextHandler@7a64cb0c{/static,file:///workdir/hadoop-ozone/integration-test/target/test-classes/webapps/static,UNAVAILABLE}
2019-10-08 01:49:33,771 [main] INFO  handler.ContextHandler (ContextHandler.java:doStop(910)) - Stopped o.e.j.s.ServletContextHandler@696fad31{/logs,file:///workdir/hadoop-ozone/integration-test/target/log,UNAVAILABLE}
2019-10-08 01:49:33,779 [main] INFO  ozone.MiniOzoneClusterImpl (MiniOzoneClusterImpl.java:stopDatanodes(377)) - Stopping the HddsDatanodes
2019-10-08 01:49:34,096 [Datanode State Machine Thread - 0] INFO  statemachine.DatanodeStateMachine (DatanodeStateMachine.java:lambda$startDaemon$0(350)) - Ozone container server started.
2019-10-08 01:49:34,747 [Datanode State Machine Thread - 0] INFO  statemachine.DatanodeStateMachine (DatanodeStateMachine.java:lambda$startDaemon$0(350)) - Ozone container server started.
2019-10-08 01:49:35,095 [grpc-default-executor-2] WARN  server.GrpcLogAppender (LogUtils.java:warn(134)) - f22219fc-627f-4d4c-bca0-ba09b570fb17@group-D54B035B7064->d67dbc00-9c73-4d3d-8b9c-bdbe6ad1b760-AppendLogResponseHandler: Failed appendEntries: org.apache.ratis.thirdparty.io.grpc.StatusRuntimeException: UNAVAILABLE: io exception
2019-10-08 01:49:35,095 [grpc-default-executor-2] INFO  impl.FollowerInfo (FollowerInfo.java:lambda$new$0(51)) - f22219fc-627f-4d4c-bca0-ba09b570fb17@group-D54B035B7064->d67dbc00-9c73-4d3d-8b9c-bdbe6ad1b760: nextIndex: updateUnconditionally 1 -> 0
2019-10-08 01:49:37,599 [grpc-default-executor-2] WARN  server.GrpcLogAppender (LogUtils.java:warn(134)) - f22219fc-627f-4d4c-bca0-ba09b570fb17@group-D54B035B7064->d67dbc00-9c73-4d3d-8b9c-bdbe6ad1b760-AppendLogResponseHandler: Failed appendEntries: org.apache.ratis.thirdparty.io.grpc.StatusRuntimeException: UNAVAILABLE: io exception
2019-10-08 01:49:37,601 [grpc-default-executor-2] INFO  impl.FollowerInfo (FollowerInfo.java:lambda$new$0(51)) - f22219fc-627f-4d4c-bca0-ba09b570fb17@group-D54B035B7064->d67dbc00-9c73-4d3d-8b9c-bdbe6ad1b760: nextIndex: updateUnconditionally 0 -> 0
2019-10-08 01:49:38,127 [EventQueue-StaleNodeForStaleNodeHandler] INFO  node.StaleNodeHandler (StaleNodeHandler.java:onMessage(58)) - Datanode ce5cc61e-1bd6-4d21-b314-04177087a8ee{ip: 192.168.164.245, host: pr-hdds-2217-dx9m9-1464909746, networkLocation: /default-rack, certSerialId: null} moved to stale state. Finalizing its pipelines [PipelineID=3a357fe7-151a-424f-bba9-0f2ef8d30bae]
2019-10-08 01:49:38,128 [EventQueue-StaleNodeForStaleNodeHandler] INFO  pipeline.SCMPipelineManager (SCMPipelineManager.java:finalizeAndDestroyPipeline(315)) - destroying pipeline:Pipeline[ Id: 3a357fe7-151a-424f-bba9-0f2ef8d30bae, Nodes: ce5cc61e-1bd6-4d21-b314-04177087a8ee{ip: 192.168.164.245, host: pr-hdds-2217-dx9m9-1464909746, networkLocation: /default-rack, certSerialId: null}, Type:RATIS, Factor:ONE, State:OPEN]
2019-10-08 01:49:38,129 [EventQueue-StaleNodeForStaleNodeHandler] INFO  pipeline.PipelineStateManager (PipelineStateManager.java:finalizePipeline(123)) - Pipeline Pipeline[ Id: 3a357fe7-151a-424f-bba9-0f2ef8d30bae, Nodes: ce5cc61e-1bd6-4d21-b314-04177087a8ee{ip: 192.168.164.245, host: pr-hdds-2217-dx9m9-1464909746, networkLocation: /default-rack, certSerialId: null}, Type:RATIS, Factor:ONE, State:CLOSED] moved to CLOSED state
2019-10-08 01:49:38,780 [ForkJoinPool.commonPool-worker-0] INFO  ozoneimpl.OzoneContainer (OzoneContainer.java:stop(227)) - Attempting to stop container services.
2019-10-08 01:49:38,780 [main] INFO  ozoneimpl.OzoneContainer (OzoneContainer.java:stop(227)) - Attempting to stop container services.
2019-10-08 01:49:38,781 [ForkJoinPool.commonPool-worker-0] INFO  impl.RaftServerProxy (RaftServerProxy.java:lambda$close$4(314)) - 5547f8bc-760f-469a-93a4-e6ea00b9d405: close
2019-10-08 01:49:38,783 [main] INFO  impl.RaftServerProxy (RaftServerProxy.java:lambda$close$4(314)) - ce5cc61e-1bd6-4d21-b314-04177087a8ee: close
2019-10-08 01:49:38,783 [ForkJoinPool.commonPool-worker-0] INFO  impl.RaftServerImpl (RaftServerImpl.java:lambda$shutdown$3(247)) - 5547f8bc-760f-469a-93a4-e6ea00b9d405@group-D54B035B7064: shutdown
2019-10-08 01:49:38,783 [main] INFO  impl.RaftServerImpl (RaftServerImpl.java:lambda$shutdown$3(247)) - ce5cc61e-1bd6-4d21-b314-04177087a8ee@group-0F2EF8D30BAE: shutdown
2019-10-08 01:49:38,783 [ForkJoinPool.commonPool-worker-0] INFO  util.JmxRegister (JmxRegister.java:unregister(73)) - Successfully un-registered JMX Bean with object name Ratis:service=RaftServer,group=group-D54B035B7064,id=5547f8bc-760f-469a-93a4-e6ea00b9d405
2019-10-08 01:49:38,784 [main] INFO  util.JmxRegister (JmxRegister.java:unregister(73)) - Successfully un-registered JMX Bean with object name Ratis:service=RaftServer,group=group-0F2EF8D30BAE,id=ce5cc61e-1bd6-4d21-b314-04177087a8ee
2019-10-08 01:49:38,784 [ForkJoinPool.commonPool-worker-0] INFO  impl.RoleInfo (RoleInfo.java:shutdownFollowerState(121)) - 5547f8bc-760f-469a-93a4-e6ea00b9d405: shutdown FollowerState
2019-10-08 01:49:38,785 [main] INFO  impl.RoleInfo (RoleInfo.java:shutdownLeaderState(104)) - ce5cc61e-1bd6-4d21-b314-04177087a8ee: shutdown LeaderState
2019-10-08 01:49:38,785 [Thread-3233] INFO  impl.FollowerState (FollowerState.java:run(117)) - 5547f8bc-760f-469a-93a4-e6ea00b9d405@group-D54B035B7064-FollowerState was interrupted: java.lang.InterruptedException: sleep interrupted
2019-10-08 01:49:38,785 [ForkJoinPool.commonPool-worker-0] INFO  impl.StateMachineUpdater (StateMachineUpdater.java:stopAndJoin(136)) - 5547f8bc-760f-469a-93a4-e6ea00b9d405@group-D54B035B7064-StateMachineUpdater: set stopIndex = 16
2019-10-08 01:49:38,785 [main] INFO  impl.PendingRequests (PendingRequests.java:sendNotLeaderResponses(202)) - ce5cc61e-1bd6-4d21-b314-04177087a8ee@group-0F2EF8D30BAE-PendingRequests: sendNotLeaderResponses
2019-10-08 01:49:38,785 [5547f8bc-760f-469a-93a4-e6ea00b9d405@group-D54B035B7064-StateMachineUpdater] INFO  ratis.ContainerStateMachine (ContainerStateMachine.java:takeSnapshot(294)) - group-D54B035B7064: Taking a snapshot at:(t:1, i:12) file /workdir/hadoop-ozone/integration-test/target/test-dir/MiniOzoneClusterImpl-48300439-3108-4bf8-abc6-2f6a7ff3a36f/datanode-2/data/ratis/404a8dc4-38f3-4f80-91d9-d54b035b7064/sm/snapshot.1_12
2019-10-08 01:49:38,793 [main] INFO  impl.StateMachineUpdater (StateMachineUpdater.java:stopAndJoin(136)) - ce5cc61e-1bd6-4d21-b314-04177087a8ee@group-0F2EF8D30BAE-StateMachineUpdater: set stopIndex = 0
2019-10-08 01:49:38,793 [main] INFO  impl.RaftServerImpl (ServerState.java:close(387)) - ce5cc61e-1bd6-4d21-b314-04177087a8ee@group-0F2EF8D30BAE: closes. applyIndex: 0
2019-10-08 01:49:38,794 [ce5cc61e-1bd6-4d21-b314-04177087a8ee@group-0F2EF8D30BAE-SegmentedRaftLogWorker] INFO  segmented.SegmentedRaftLogWorker (SegmentedRaftLogWorker.java:run(316)) - ce5cc61e-1bd6-4d21-b314-04177087a8ee@group-0F2EF8D30BAE-SegmentedRaftLogWorker was interrupted, exiting. There are 0 tasks remaining in the queue.
2019-10-08 01:49:38,804 [main] INFO  segmented.SegmentedRaftLogWorker (SegmentedRaftLogWorker.java:close(224)) - ce5cc61e-1bd6-4d21-b314-04177087a8ee@group-0F2EF8D30BAE-SegmentedRaftLogWorker close()
2019-10-08 01:49:38,810 [main] INFO  server.GrpcService (GrpcService.java:closeImpl(164)) - ce5cc61e-1bd6-4d21-b314-04177087a8ee: shutdown server with port 37415 now
2019-10-08 01:49:38,830 [main] INFO  server.GrpcService (GrpcService.java:closeImpl(172)) - ce5cc61e-1bd6-4d21-b314-04177087a8ee: shutdown server with port 37415 successfully
2019-10-08 01:49:38,830 [5547f8bc-760f-469a-93a4-e6ea00b9d405@group-D54B035B7064-StateMachineUpdater] INFO  ratis.ContainerStateMachine (ContainerStateMachine.java:takeSnapshot(305)) - group-D54B035B7064: Finished taking a snapshot at:(t:1, i:12) file:/workdir/hadoop-ozone/integration-test/target/test-dir/MiniOzoneClusterImpl-48300439-3108-4bf8-abc6-2f6a7ff3a36f/datanode-2/data/ratis/404a8dc4-38f3-4f80-91d9-d54b035b7064/sm/snapshot.1_12 time:45
2019-10-08 01:49:38,830 [EventQueue-StaleNodeForStaleNodeHandler] INFO  node.StaleNodeHandler (StaleNodeHandler.java:onMessage(58)) - Datanode 5547f8bc-760f-469a-93a4-e6ea00b9d405{ip: 192.168.164.245, host: pr-hdds-2217-dx9m9-1464909746, networkLocation: /default-rack, certSerialId: null} moved to stale state. Finalizing its pipelines [PipelineID=404a8dc4-38f3-4f80-91d9-d54b035b7064, PipelineID=992c7f18-9974-4cd2-84ec-b6a1048d7f50]
2019-10-08 01:49:38,831 [EventQueue-StaleNodeForStaleNodeHandler] INFO  pipeline.SCMPipelineManager (SCMPipelineManager.java:finalizeAndDestroyPipeline(315)) - destroying pipeline:Pipeline[ Id: 404a8dc4-38f3-4f80-91d9-d54b035b7064, Nodes: d67dbc00-9c73-4d3d-8b9c-bdbe6ad1b760{ip: 192.168.164.245, host: pr-hdds-2217-dx9m9-1464909746, networkLocation: /default-rack, certSerialId: null}f22219fc-627f-4d4c-bca0-ba09b570fb17{ip: 192.168.164.245, host: pr-hdds-2217-dx9m9-1464909746, networkLocation: /default-rack, certSerialId: null}5547f8bc-760f-469a-93a4-e6ea00b9d405{ip: 192.168.164.245, host: pr-hdds-2217-dx9m9-1464909746, networkLocation: /default-rack, certSerialId: null}, Type:RATIS, Factor:THREE, State:CLOSED]
2019-10-08 01:49:38,831 [5547f8bc-760f-469a-93a4-e6ea00b9d405@group-D54B035B7064-StateMachineUpdater] INFO  impl.StateMachineUpdater (StateMachineUpdater.java:takeSnapshot(269)) - 5547f8bc-760f-469a-93a4-e6ea00b9d405@group-D54B035B7064-StateMachineUpdater: Took a snapshot at index 12
2019-10-08 01:49:38,831 [EventQueue-StaleNodeForStaleNodeHandler] INFO  pipeline.SCMPipelineManager (SCMPipelineManager.java:finalizeAndDestroyPipeline(315)) - destroying pipeline:Pipeline[ Id: 992c7f18-9974-4cd2-84ec-b6a1048d7f50, Nodes: 5547f8bc-760f-469a-93a4-e6ea00b9d405{ip: 192.168.164.245, host: pr-hdds-2217-dx9m9-1464909746, networkLocation: /default-rack, certSerialId: null}, Type:RATIS, Factor:ONE, State:OPEN]
2019-10-08 01:49:38,831 [5547f8bc-760f-469a-93a4-e6ea00b9d405@group-D54B035B7064-StateMachineUpdater] INFO  impl.StateMachineUpdater (StateMachineUpdater.java:lambda$new$0(84)) - 5547f8bc-760f-469a-93a4-e6ea00b9d405@group-D54B035B7064-StateMachineUpdater: snapshotIndex: updateIncreasingly -1 -> 12
2019-10-08 01:49:38,834 [EventQueue-StaleNodeForStaleNodeHandler] INFO  pipeline.PipelineStateManager (PipelineStateManager.java:finalizePipeline(123)) - Pipeline Pipeline[ Id: 992c7f18-9974-4cd2-84ec-b6a1048d7f50, Nodes: 5547f8bc-760f-469a-93a4-e6ea00b9d405{ip: 192.168.164.245, host: pr-hdds-2217-dx9m9-1464909746, networkLocation: /default-rack, certSerialId: null}, Type:RATIS, Factor:ONE, State:CLOSED] moved to CLOSED state
2019-10-08 01:49:38,836 [5547f8bc-760f-469a-93a4-e6ea00b9d405@group-D54B035B7064-StateMachineUpdater] INFO  ratis.ContainerStateMachine (ContainerStateMachine.java:takeSnapshot(294)) - group-D54B035B7064: Taking a snapshot at:(t:1, i:12) file /workdir/hadoop-ozone/integration-test/target/test-dir/MiniOzoneClusterImpl-48300439-3108-4bf8-abc6-2f6a7ff3a36f/datanode-2/data/ratis/404a8dc4-38f3-4f80-91d9-d54b035b7064/sm/snapshot.1_12
2019-10-08 01:49:38,837 [refreshUsed-/workdir/hadoop-ozone/integration-test/target/test-dir/MiniOzoneClusterImpl-48300439-3108-4bf8-abc6-2f6a7ff3a36f/datanode-4/data/containers] WARN  fs.CachingGetSpaceUsed (CachingGetSpaceUsed.java:run(183)) - Thread Interrupted waiting to refresh disk information: sleep interrupted
2019-10-08 01:49:38,848 [5547f8bc-760f-469a-93a4-e6ea00b9d405@group-D54B035B7064-StateMachineUpdater] INFO  ratis.ContainerStateMachine (ContainerStateMachine.java:takeSnapshot(305)) - group-D54B035B7064: Finished taking a snapshot at:(t:1, i:12) file:/workdir/hadoop-ozone/integration-test/target/test-dir/MiniOzoneClusterImpl-48300439-3108-4bf8-abc6-2f6a7ff3a36f/datanode-2/data/ratis/404a8dc4-38f3-4f80-91d9-d54b035b7064/sm/snapshot.1_12 time:13
2019-10-08 01:49:38,849 [5547f8bc-760f-469a-93a4-e6ea00b9d405@group-D54B035B7064-StateMachineUpdater] INFO  impl.StateMachineUpdater (StateMachineUpdater.java:takeSnapshot(269)) - 5547f8bc-760f-469a-93a4-e6ea00b9d405@group-D54B035B7064-StateMachineUpdater: Took a snapshot at index 12
2019-10-08 01:49:38,849 [5547f8bc-760f-469a-93a4-e6ea00b9d405@group-D54B035B7064-StateMachineUpdater] INFO  impl.StateMachineUpdater (StateMachineUpdater.java:lambda$new$0(84)) - 5547f8bc-760f-469a-93a4-e6ea00b9d405@group-D54B035B7064-StateMachineUpdater: snapshotIndex: updateIncreasingly 12 -> 12
2019-10-08 01:49:38,849 [ForkJoinPool.commonPool-worker-0] INFO  impl.RaftServerImpl (ServerState.java:close(387)) - 5547f8bc-760f-469a-93a4-e6ea00b9d405@group-D54B035B7064: closes. applyIndex: 16
2019-10-08 01:49:38,850 [5547f8bc-760f-469a-93a4-e6ea00b9d405@group-D54B035B7064-SegmentedRaftLogWorker] INFO  segmented.SegmentedRaftLogWorker (SegmentedRaftLogWorker.java:run(316)) - 5547f8bc-760f-469a-93a4-e6ea00b9d405@group-D54B035B7064-SegmentedRaftLogWorker was interrupted, exiting. There are 0 tasks remaining in the queue.
2019-10-08 01:49:38,852 [ForkJoinPool.commonPool-worker-0] INFO  segmented.SegmentedRaftLogWorker (SegmentedRaftLogWorker.java:close(224)) - 5547f8bc-760f-469a-93a4-e6ea00b9d405@group-D54B035B7064-SegmentedRaftLogWorker close()
2019-10-08 01:49:38,855 [ForkJoinPool.commonPool-worker-0] INFO  impl.RaftServerImpl (RaftServerImpl.java:lambda$shutdown$3(247)) - 5547f8bc-760f-469a-93a4-e6ea00b9d405@group-B6A1048D7F50: shutdown
2019-10-08 01:49:38,855 [ForkJoinPool.commonPool-worker-0] INFO  util.JmxRegister (JmxRegister.java:unregister(73)) - Successfully un-registered JMX Bean with object name Ratis:service=RaftServer,group=group-B6A1048D7F50,id=5547f8bc-760f-469a-93a4-e6ea00b9d405
2019-10-08 01:49:38,855 [ForkJoinPool.commonPool-worker-0] INFO  impl.RoleInfo (RoleInfo.java:shutdownLeaderState(104)) - 5547f8bc-760f-469a-93a4-e6ea00b9d405: shutdown LeaderState
2019-10-08 01:49:38,856 [ForkJoinPool.commonPool-worker-0] INFO  impl.PendingRequests (PendingRequests.java:sendNotLeaderResponses(202)) - 5547f8bc-760f-469a-93a4-e6ea00b9d405@group-B6A1048D7F50-PendingRequests: sendNotLeaderResponses
2019-10-08 01:49:38,856 [ForkJoinPool.commonPool-worker-0] INFO  impl.StateMachineUpdater (StateMachineUpdater.java:stopAndJoin(136)) - 5547f8bc-760f-469a-93a4-e6ea00b9d405@group-B6A1048D7F50-StateMachineUpdater: set stopIndex = 0
2019-10-08 01:49:38,856 [main] INFO  utils.BackgroundService (BackgroundService.java:shutdown(148)) - Shutting down service BlockDeletingService
2019-10-08 01:49:38,856 [ForkJoinPool.commonPool-worker-0] INFO  impl.RaftServerImpl (ServerState.java:close(387)) - 5547f8bc-760f-469a-93a4-e6ea00b9d405@group-B6A1048D7F50: closes. applyIndex: 0
2019-10-08 01:49:38,857 [5547f8bc-760f-469a-93a4-e6ea00b9d405@group-B6A1048D7F50-SegmentedRaftLogWorker] INFO  segmented.SegmentedRaftLogWorker (SegmentedRaftLogWorker.java:run(316)) - 5547f8bc-760f-469a-93a4-e6ea00b9d405@group-B6A1048D7F50-SegmentedRaftLogWorker was interrupted, exiting. There are 0 tasks remaining in the queue.
2019-10-08 01:49:38,861 [ForkJoinPool.commonPool-worker-0] INFO  segmented.SegmentedRaftLogWorker (SegmentedRaftLogWorker.java:close(224)) - 5547f8bc-760f-469a-93a4-e6ea00b9d405@group-B6A1048D7F50-SegmentedRaftLogWorker close()
2019-10-08 01:49:38,865 [ForkJoinPool.commonPool-worker-0] INFO  server.GrpcService (GrpcService.java:closeImpl(164)) - 5547f8bc-760f-469a-93a4-e6ea00b9d405: shutdown server with port 36059 now
2019-10-08 01:49:38,867 [main] INFO  statemachine.DatanodeStateMachine (DatanodeStateMachine.java:stopDaemon(395)) - Ozone container server stopped.
2019-10-08 01:49:38,868 [grpc-default-executor-2] WARN  server.GrpcServerProtocolService (LogUtils.java:warn(134)) - 5547f8bc-760f-469a-93a4-e6ea00b9d405: installSnapshot onError, lastRequest: f22219fc-627f-4d4c-bca0-ba09b570fb17->5547f8bc-760f-469a-93a4-e6ea00b9d405#4-t2, previous=(t:2, i:16), leaderCommit=16, initializing? false, entries: <empty>: org.apache.ratis.thirdparty.io.grpc.StatusRuntimeException: CANCELLED: cancelled before receiving half close
2019-10-08 01:49:38,868 [ForkJoinPool.commonPool-worker-0] INFO  server.GrpcService (GrpcService.java:closeImpl(172)) - 5547f8bc-760f-469a-93a4-e6ea00b9d405: shutdown server with port 36059 successfully
2019-10-08 01:49:38,868 [main] INFO  handler.ContextHandler (ContextHandler.java:doStop(910)) - Stopped o.e.j.w.WebAppContext@20bb85b4{/,null,UNAVAILABLE}{/hddsDatanode}
2019-10-08 01:49:38,868 [grpc-default-executor-0] WARN  server.GrpcLogAppender (LogUtils.java:warn(134)) - f22219fc-627f-4d4c-bca0-ba09b570fb17@group-D54B035B7064->5547f8bc-760f-469a-93a4-e6ea00b9d405-AppendLogResponseHandler: Failed appendEntries: org.apache.ratis.thirdparty.io.grpc.StatusRuntimeException: CANCELLED: HTTP/2 error code: CANCEL
Received Rst Stream
2019-10-08 01:49:38,869 [grpc-default-executor-0] INFO  impl.FollowerInfo (FollowerInfo.java:lambda$new$0(51)) - f22219fc-627f-4d4c-bca0-ba09b570fb17@group-D54B035B7064->5547f8bc-760f-469a-93a4-e6ea00b9d405: nextIndex: updateUnconditionally 17 -> 16
2019-10-08 01:49:38,870 [main] INFO  server.AbstractConnector (AbstractConnector.java:doStop(318)) - Stopped ServerConnector@79add732{HTTP/1.1,[http/1.1]}{0.0.0.0:0}
2019-10-08 01:49:38,870 [refreshUsed-/workdir/hadoop-ozone/integration-test/target/test-dir/MiniOzoneClusterImpl-48300439-3108-4bf8-abc6-2f6a7ff3a36f/datanode-2/data/containers] WARN  fs.CachingGetSpaceUsed (CachingGetSpaceUsed.java:run(183)) - Thread Interrupted waiting to refresh disk information: sleep interrupted
2019-10-08 01:49:38,870 [main] INFO  handler.ContextHandler (ContextHandler.java:doStop(910)) - Stopped o.e.j.s.ServletContextHandler@3ca3648{/static,jar:file:/home/user/.m2/repository/org/apache/hadoop/hadoop-hdds-container-service/0.5.0-SNAPSHOT/hadoop-hdds-container-service-0.5.0-SNAPSHOT.jar!/webapps/static,UNAVAILABLE}
2019-10-08 01:49:38,871 [main] INFO  handler.ContextHandler (ContextHandler.java:doStop(910)) - Stopped o.e.j.s.ServletContextHandler@7f0d8eff{/logs,file:///workdir/hadoop-ozone/integration-test/target/log,UNAVAILABLE}
2019-10-08 01:49:38,886 [ForkJoinPool.commonPool-worker-0] INFO  utils.BackgroundService (BackgroundService.java:shutdown(148)) - Shutting down service BlockDeletingService
2019-10-08 01:49:38,891 [ForkJoinPool.commonPool-worker-0] INFO  statemachine.DatanodeStateMachine (DatanodeStateMachine.java:stopDaemon(395)) - Ozone container server stopped.
2019-10-08 01:49:38,896 [ForkJoinPool.commonPool-worker-0] INFO  handler.ContextHandler (ContextHandler.java:doStop(910)) - Stopped o.e.j.w.WebAppContext@403364e9{/,null,UNAVAILABLE}{/hddsDatanode}
2019-10-08 01:49:38,896 [ForkJoinPool.commonPool-worker-0] INFO  server.AbstractConnector (AbstractConnector.java:doStop(318)) - Stopped ServerConnector@447521e{HTTP/1.1,[http/1.1]}{0.0.0.0:0}
2019-10-08 01:49:38,898 [ForkJoinPool.commonPool-worker-0] INFO  handler.ContextHandler (ContextHandler.java:doStop(910)) - Stopped o.e.j.s.ServletContextHandler@79195c22{/static,jar:file:/home/user/.m2/repository/org/apache/hadoop/hadoop-hdds-container-service/0.5.0-SNAPSHOT/hadoop-hdds-container-service-0.5.0-SNAPSHOT.jar!/webapps/static,UNAVAILABLE}
2019-10-08 01:49:38,899 [ForkJoinPool.commonPool-worker-0] INFO  handler.ContextHandler (ContextHandler.java:doStop(910)) - Stopped o.e.j.s.ServletContextHandler@6b42e36d{/logs,file:///workdir/hadoop-ozone/integration-test/target/log,UNAVAILABLE}
2019-10-08 01:49:39,478 [Datanode State Machine Thread - 0] INFO  statemachine.DatanodeStateMachine (DatanodeStateMachine.java:lambda$startDaemon$0(350)) - Ozone container server started.
2019-10-08 01:49:39,751 [Datanode State Machine Thread - 0] INFO  statemachine.DatanodeStateMachine (DatanodeStateMachine.java:lambda$startDaemon$0(350)) - Ozone container server started.
2019-10-08 01:49:40,097 [grpc-default-executor-0] WARN  server.GrpcLogAppender (LogUtils.java:warn(134)) - f22219fc-627f-4d4c-bca0-ba09b570fb17@group-D54B035B7064->5547f8bc-760f-469a-93a4-e6ea00b9d405-AppendLogResponseHandler: Failed appendEntries: org.apache.ratis.thirdparty.io.grpc.StatusRuntimeException: UNAVAILABLE: io exception
2019-10-08 01:49:40,097 [grpc-default-executor-5] WARN  server.GrpcLogAppender (LogUtils.java:warn(134)) - f22219fc-627f-4d4c-bca0-ba09b570fb17@group-D54B035B7064->d67dbc00-9c73-4d3d-8b9c-bdbe6ad1b760-AppendLogResponseHandler: Failed appendEntries: org.apache.ratis.thirdparty.io.grpc.StatusRuntimeException: UNAVAILABLE: io exception
2019-10-08 01:49:40,098 [grpc-default-executor-0] INFO  impl.FollowerInfo (FollowerInfo.java:lambda$new$0(51)) - f22219fc-627f-4d4c-bca0-ba09b570fb17@group-D54B035B7064->5547f8bc-760f-469a-93a4-e6ea00b9d405: nextIndex: updateUnconditionally 16 -> 15
2019-10-08 01:49:40,098 [grpc-default-executor-5] INFO  impl.FollowerInfo (FollowerInfo.java:lambda$new$0(51)) - f22219fc-627f-4d4c-bca0-ba09b570fb17@group-D54B035B7064->d67dbc00-9c73-4d3d-8b9c-bdbe6ad1b760: nextIndex: updateUnconditionally 0 -> 0
2019-10-08 01:49:42,603 [grpc-default-executor-0] WARN  server.GrpcLogAppender (LogUtils.java:warn(134)) - f22219fc-627f-4d4c-bca0-ba09b570fb17@group-D54B035B7064->d67dbc00-9c73-4d3d-8b9c-bdbe6ad1b760-AppendLogResponseHandler: Failed appendEntries: org.apache.ratis.thirdparty.io.grpc.StatusRuntimeException: UNAVAILABLE: io exception
2019-10-08 01:49:42,603 [grpc-default-executor-5] WARN  server.GrpcLogAppender (LogUtils.java:warn(134)) - f22219fc-627f-4d4c-bca0-ba09b570fb17@group-D54B035B7064->5547f8bc-760f-469a-93a4-e6ea00b9d405-AppendLogResponseHandler: Failed appendEntries: org.apache.ratis.thirdparty.io.grpc.StatusRuntimeException: UNAVAILABLE: io exception
2019-10-08 01:49:42,604 [grpc-default-executor-0] INFO  impl.FollowerInfo (FollowerInfo.java:lambda$new$0(51)) - f22219fc-627f-4d4c-bca0-ba09b570fb17@group-D54B035B7064->d67dbc00-9c73-4d3d-8b9c-bdbe6ad1b760: nextIndex: updateUnconditionally 0 -> 0
2019-10-08 01:49:42,604 [grpc-default-executor-5] INFO  impl.FollowerInfo (FollowerInfo.java:lambda$new$0(51)) - f22219fc-627f-4d4c-bca0-ba09b570fb17@group-D54B035B7064->5547f8bc-760f-469a-93a4-e6ea00b9d405: nextIndex: updateUnconditionally 15 -> 14
2019-10-08 01:49:43,536 [EventQueue-StaleNodeForStaleNodeHandler] INFO  node.StaleNodeHandler (StaleNodeHandler.java:onMessage(58)) - Datanode bca1e8e3-f332-47c5-ad14-de3fab147c83{ip: 192.168.164.245, host: pr-hdds-2217-dx9m9-1464909746, networkLocation: /default-rack, certSerialId: null} moved to stale state. Finalizing its pipelines [PipelineID=dad298f8-5178-4614-9aba-d96fdcd121b1, PipelineID=10f9c246-5412-4208-b38d-2bfcb28c37bc]
2019-10-08 01:49:43,537 [EventQueue-StaleNodeForStaleNodeHandler] INFO  pipeline.SCMPipelineManager (SCMPipelineManager.java:finalizeAndDestroyPipeline(315)) - destroying pipeline:Pipeline[ Id: dad298f8-5178-4614-9aba-d96fdcd121b1, Nodes: 22ce8828-227f-4dc0-b18d-7dd0e804d0e2{ip: 192.168.164.245, host: pr-hdds-2217-dx9m9-1464909746, networkLocation: /default-rack, certSerialId: null}c570d380-d801-4606-b2cf-f87d47875c7a{ip: 192.168.164.245, host: pr-hdds-2217-dx9m9-1464909746, networkLocation: /default-rack, certSerialId: null}bca1e8e3-f332-47c5-ad14-de3fab147c83{ip: 192.168.164.245, host: pr-hdds-2217-dx9m9-1464909746, networkLocation: /default-rack, certSerialId: null}, Type:RATIS, Factor:THREE, State:OPEN]
2019-10-08 01:49:43,538 [EventQueue-StaleNodeForStaleNodeHandler] INFO  pipeline.PipelineStateManager (PipelineStateManager.java:finalizePipeline(123)) - Pipeline Pipeline[ Id: dad298f8-5178-4614-9aba-d96fdcd121b1, Nodes: 22ce8828-227f-4dc0-b18d-7dd0e804d0e2{ip: 192.168.164.245, host: pr-hdds-2217-dx9m9-1464909746, networkLocation: /default-rack, certSerialId: null}c570d380-d801-4606-b2cf-f87d47875c7a{ip: 192.168.164.245, host: pr-hdds-2217-dx9m9-1464909746, networkLocation: /default-rack, certSerialId: null}bca1e8e3-f332-47c5-ad14-de3fab147c83{ip: 192.168.164.245, host: pr-hdds-2217-dx9m9-1464909746, networkLocation: /default-rack, certSerialId: null}, Type:RATIS, Factor:THREE, State:CLOSED] moved to CLOSED state
2019-10-08 01:49:43,538 [EventQueue-CloseContainerForCloseContainerEventHandler] INFO  container.CloseContainerEventHandler (CloseContainerEventHandler.java:onMessage(61)) - Close container Event triggered for container : #2
2019-10-08 01:49:43,545 [EventQueue-StaleNodeForStaleNodeHandler] INFO  pipeline.SCMPipelineManager (SCMPipelineManager.java:finalizeAndDestroyPipeline(315)) - destroying pipeline:Pipeline[ Id: 10f9c246-5412-4208-b38d-2bfcb28c37bc, Nodes: bca1e8e3-f332-47c5-ad14-de3fab147c83{ip: 192.168.164.245, host: pr-hdds-2217-dx9m9-1464909746, networkLocation: /default-rack, certSerialId: null}, Type:RATIS, Factor:ONE, State:OPEN]
2019-10-08 01:49:43,548 [EventQueue-StaleNodeForStaleNodeHandler] INFO  pipeline.PipelineStateManager (PipelineStateManager.java:finalizePipeline(123)) - Pipeline Pipeline[ Id: 10f9c246-5412-4208-b38d-2bfcb28c37bc, Nodes: bca1e8e3-f332-47c5-ad14-de3fab147c83{ip: 192.168.164.245, host: pr-hdds-2217-dx9m9-1464909746, networkLocation: /default-rack, certSerialId: null}, Type:RATIS, Factor:ONE, State:CLOSED] moved to CLOSED state
2019-10-08 01:49:43,837 [EventQueue-StaleNodeForStaleNodeHandler] INFO  node.StaleNodeHandler (StaleNodeHandler.java:onMessage(58)) - Datanode f22219fc-627f-4d4c-bca0-ba09b570fb17{ip: 192.168.164.245, host: pr-hdds-2217-dx9m9-1464909746, networkLocation: /default-rack, certSerialId: null} moved to stale state. Finalizing its pipelines [PipelineID=404a8dc4-38f3-4f80-91d9-d54b035b7064, PipelineID=923c0813-dff4-4130-8ab4-2201f57108f4]
2019-10-08 01:49:43,837 [EventQueue-StaleNodeForStaleNodeHandler] INFO  pipeline.SCMPipelineManager (SCMPipelineManager.java:finalizeAndDestroyPipeline(315)) - destroying pipeline:Pipeline[ Id: 404a8dc4-38f3-4f80-91d9-d54b035b7064, Nodes: d67dbc00-9c73-4d3d-8b9c-bdbe6ad1b760{ip: 192.168.164.245, host: pr-hdds-2217-dx9m9-1464909746, networkLocation: /default-rack, certSerialId: null}f22219fc-627f-4d4c-bca0-ba09b570fb17{ip: 192.168.164.245, host: pr-hdds-2217-dx9m9-1464909746, networkLocation: /default-rack, certSerialId: null}5547f8bc-760f-469a-93a4-e6ea00b9d405{ip: 192.168.164.245, host: pr-hdds-2217-dx9m9-1464909746, networkLocation: /default-rack, certSerialId: null}, Type:RATIS, Factor:THREE, State:CLOSED]
2019-10-08 01:49:43,838 [EventQueue-StaleNodeForStaleNodeHandler] INFO  pipeline.SCMPipelineManager (SCMPipelineManager.java:finalizeAndDestroyPipeline(315)) - destroying pipeline:Pipeline[ Id: 923c0813-dff4-4130-8ab4-2201f57108f4, Nodes: f22219fc-627f-4d4c-bca0-ba09b570fb17{ip: 192.168.164.245, host: pr-hdds-2217-dx9m9-1464909746, networkLocation: /default-rack, certSerialId: null}, Type:RATIS, Factor:ONE, State:OPEN]
2019-10-08 01:49:43,838 [EventQueue-StaleNodeForStaleNodeHandler] INFO  pipeline.PipelineStateManager (PipelineStateManager.java:finalizePipeline(123)) - Pipeline Pipeline[ Id: 923c0813-dff4-4130-8ab4-2201f57108f4, Nodes: f22219fc-627f-4d4c-bca0-ba09b570fb17{ip: 192.168.164.245, host: pr-hdds-2217-dx9m9-1464909746, networkLocation: /default-rack, certSerialId: null}, Type:RATIS, Factor:ONE, State:CLOSED] moved to CLOSED state
2019-10-08 01:49:43,875 [main] INFO  ozoneimpl.OzoneContainer (OzoneContainer.java:stop(227)) - Attempting to stop container services.
2019-10-08 01:49:43,879 [main] INFO  impl.RaftServerProxy (RaftServerProxy.java:lambda$close$4(314)) - bca1e8e3-f332-47c5-ad14-de3fab147c83: close
2019-10-08 01:49:43,880 [main] INFO  impl.RaftServerImpl (RaftServerImpl.java:lambda$shutdown$3(247)) - bca1e8e3-f332-47c5-ad14-de3fab147c83@group-D96FDCD121B1: shutdown
2019-10-08 01:49:43,880 [main] INFO  util.JmxRegister (JmxRegister.java:unregister(73)) - Successfully un-registered JMX Bean with object name Ratis:service=RaftServer,group=group-D96FDCD121B1,id=bca1e8e3-f332-47c5-ad14-de3fab147c83
2019-10-08 01:49:43,880 [main] INFO  impl.RoleInfo (RoleInfo.java:shutdownFollowerState(121)) - bca1e8e3-f332-47c5-ad14-de3fab147c83: shutdown FollowerState
2019-10-08 01:49:43,881 [main] INFO  impl.StateMachineUpdater (StateMachineUpdater.java:stopAndJoin(136)) - bca1e8e3-f332-47c5-ad14-de3fab147c83@group-D96FDCD121B1-StateMachineUpdater: set stopIndex = 16
2019-10-08 01:49:43,881 [Thread-3128] INFO  impl.FollowerState (FollowerState.java:run(117)) - bca1e8e3-f332-47c5-ad14-de3fab147c83@group-D96FDCD121B1-FollowerState was interrupted: java.lang.InterruptedException: sleep interrupted
2019-10-08 01:49:43,883 [bca1e8e3-f332-47c5-ad14-de3fab147c83@group-D96FDCD121B1-StateMachineUpdater] INFO  ratis.ContainerStateMachine (ContainerStateMachine.java:takeSnapshot(294)) - group-D96FDCD121B1: Taking a snapshot at:(t:1, i:14) file /workdir/hadoop-ozone/integration-test/target/test-dir/MiniOzoneClusterImpl-48300439-3108-4bf8-abc6-2f6a7ff3a36f/datanode-3/data/ratis/dad298f8-5178-4614-9aba-d96fdcd121b1/sm/snapshot.1_14
2019-10-08 01:49:43,901 [ForkJoinPool.commonPool-worker-0] INFO  ozoneimpl.OzoneContainer (OzoneContainer.java:stop(227)) - Attempting to stop container services.
2019-10-08 01:49:43,902 [ForkJoinPool.commonPool-worker-0] INFO  impl.RaftServerProxy (RaftServerProxy.java:lambda$close$4(314)) - f22219fc-627f-4d4c-bca0-ba09b570fb17: close
2019-10-08 01:49:43,902 [ForkJoinPool.commonPool-worker-0] INFO  impl.RaftServerImpl (RaftServerImpl.java:lambda$shutdown$3(247)) - f22219fc-627f-4d4c-bca0-ba09b570fb17@group-D54B035B7064: shutdown
2019-10-08 01:49:43,902 [ForkJoinPool.commonPool-worker-0] INFO  util.JmxRegister (JmxRegister.java:unregister(73)) - Successfully un-registered JMX Bean with object name Ratis:service=RaftServer,group=group-D54B035B7064,id=f22219fc-627f-4d4c-bca0-ba09b570fb17
2019-10-08 01:49:43,903 [ForkJoinPool.commonPool-worker-0] INFO  impl.RoleInfo (RoleInfo.java:shutdownLeaderState(104)) - f22219fc-627f-4d4c-bca0-ba09b570fb17: shutdown LeaderState
2019-10-08 01:49:43,906 [org.apache.ratis.server.impl.LogAppender$AppenderDaemon$$Lambda$544/954544417@50bdf13f] WARN  server.GrpcLogAppender (GrpcLogAppender.java:mayWait(143)) - f22219fc-627f-4d4c-bca0-ba09b570fb17@group-D54B035B7064->5547f8bc-760f-469a-93a4-e6ea00b9d405-GrpcLogAppender: Wait interrupted by java.lang.InterruptedException
2019-10-08 01:49:43,906 [org.apache.ratis.server.impl.LogAppender$AppenderDaemon$$Lambda$544/954544417@6904364e] WARN  server.GrpcLogAppender (GrpcLogAppender.java:mayWait(143)) - f22219fc-627f-4d4c-bca0-ba09b570fb17@group-D54B035B7064->d67dbc00-9c73-4d3d-8b9c-bdbe6ad1b760-GrpcLogAppender: Wait interrupted by java.lang.InterruptedException
2019-10-08 01:49:43,907 [ForkJoinPool.commonPool-worker-0] INFO  impl.PendingRequests (PendingRequests.java:sendNotLeaderResponses(202)) - f22219fc-627f-4d4c-bca0-ba09b570fb17@group-D54B035B7064-PendingRequests: sendNotLeaderResponses
2019-10-08 01:49:43,909 [ForkJoinPool.commonPool-worker-0] INFO  impl.StateMachineUpdater (StateMachineUpdater.java:stopAndJoin(136)) - f22219fc-627f-4d4c-bca0-ba09b570fb17@group-D54B035B7064-StateMachineUpdater: set stopIndex = 16
2019-10-08 01:49:43,909 [bca1e8e3-f332-47c5-ad14-de3fab147c83@group-D96FDCD121B1-StateMachineUpdater] INFO  ratis.ContainerStateMachine (ContainerStateMachine.java:takeSnapshot(305)) - group-D96FDCD121B1: Finished taking a snapshot at:(t:1, i:14) file:/workdir/hadoop-ozone/integration-test/target/test-dir/MiniOzoneClusterImpl-48300439-3108-4bf8-abc6-2f6a7ff3a36f/datanode-3/data/ratis/dad298f8-5178-4614-9aba-d96fdcd121b1/sm/snapshot.1_14 time:28
2019-10-08 01:49:43,909 [f22219fc-627f-4d4c-bca0-ba09b570fb17@group-D54B035B7064-StateMachineUpdater] INFO  ratis.ContainerStateMachine (ContainerStateMachine.java:takeSnapshot(294)) - group-D54B035B7064: Taking a snapshot at:(t:1, i:12) file /workdir/hadoop-ozone/integration-test/target/test-dir/MiniOzoneClusterImpl-48300439-3108-4bf8-abc6-2f6a7ff3a36f/datanode-0/data/ratis/404a8dc4-38f3-4f80-91d9-d54b035b7064/sm/snapshot.1_12
2019-10-08 01:49:43,910 [bca1e8e3-f332-47c5-ad14-de3fab147c83@group-D96FDCD121B1-StateMachineUpdater] INFO  impl.StateMachineUpdater (StateMachineUpdater.java:takeSnapshot(269)) - bca1e8e3-f332-47c5-ad14-de3fab147c83@group-D96FDCD121B1-StateMachineUpdater: Took a snapshot at index 14
2019-10-08 01:49:43,910 [bca1e8e3-f332-47c5-ad14-de3fab147c83@group-D96FDCD121B1-StateMachineUpdater] INFO  impl.StateMachineUpdater (StateMachineUpdater.java:lambda$new$0(84)) - bca1e8e3-f332-47c5-ad14-de3fab147c83@group-D96FDCD121B1-StateMachineUpdater: snapshotIndex: updateIncreasingly -1 -> 14
2019-10-08 01:49:43,912 [bca1e8e3-f332-47c5-ad14-de3fab147c83@group-D96FDCD121B1-StateMachineUpdater] INFO  ratis.ContainerStateMachine (ContainerStateMachine.java:takeSnapshot(294)) - group-D96FDCD121B1: Taking a snapshot at:(t:1, i:14) file /workdir/hadoop-ozone/integration-test/target/test-dir/MiniOzoneClusterImpl-48300439-3108-4bf8-abc6-2f6a7ff3a36f/datanode-3/data/ratis/dad298f8-5178-4614-9aba-d96fdcd121b1/sm/snapshot.1_14
2019-10-08 01:49:43,922 [bca1e8e3-f332-47c5-ad14-de3fab147c83@group-D96FDCD121B1-StateMachineUpdater] INFO  ratis.ContainerStateMachine (ContainerStateMachine.java:takeSnapshot(305)) - group-D96FDCD121B1: Finished taking a snapshot at:(t:1, i:14) file:/workdir/hadoop-ozone/integration-test/target/test-dir/MiniOzoneClusterImpl-48300439-3108-4bf8-abc6-2f6a7ff3a36f/datanode-3/data/ratis/dad298f8-5178-4614-9aba-d96fdcd121b1/sm/snapshot.1_14 time:11
2019-10-08 01:49:43,922 [f22219fc-627f-4d4c-bca0-ba09b570fb17@group-D54B035B7064-StateMachineUpdater] INFO  ratis.ContainerStateMachine (ContainerStateMachine.java:takeSnapshot(305)) - group-D54B035B7064: Finished taking a snapshot at:(t:1, i:12) file:/workdir/hadoop-ozone/integration-test/target/test-dir/MiniOzoneClusterImpl-48300439-3108-4bf8-abc6-2f6a7ff3a36f/datanode-0/data/ratis/404a8dc4-38f3-4f80-91d9-d54b035b7064/sm/snapshot.1_12 time:14
2019-10-08 01:49:43,923 [f22219fc-627f-4d4c-bca0-ba09b570fb17@group-D54B035B7064-StateMachineUpdater] INFO  impl.StateMachineUpdater (StateMachineUpdater.java:takeSnapshot(269)) - f22219fc-627f-4d4c-bca0-ba09b570fb17@group-D54B035B7064-StateMachineUpdater: Took a snapshot at index 12
2019-10-08 01:49:43,923 [f22219fc-627f-4d4c-bca0-ba09b570fb17@group-D54B035B7064-StateMachineUpdater] INFO  impl.StateMachineUpdater (StateMachineUpdater.java:lambda$new$0(84)) - f22219fc-627f-4d4c-bca0-ba09b570fb17@group-D54B035B7064-StateMachineUpdater: snapshotIndex: updateIncreasingly -1 -> 12
2019-10-08 01:49:43,923 [bca1e8e3-f332-47c5-ad14-de3fab147c83@group-D96FDCD121B1-StateMachineUpdater] INFO  impl.StateMachineUpdater (StateMachineUpdater.java:takeSnapshot(269)) - bca1e8e3-f332-47c5-ad14-de3fab147c83@group-D96FDCD121B1-StateMachineUpdater: Took a snapshot at index 14
2019-10-08 01:49:43,923 [f22219fc-627f-4d4c-bca0-ba09b570fb17@group-D54B035B7064-StateMachineUpdater] INFO  ratis.ContainerStateMachine (ContainerStateMachine.java:takeSnapshot(294)) - group-D54B035B7064: Taking a snapshot at:(t:1, i:12) file /workdir/hadoop-ozone/integration-test/target/test-dir/MiniOzoneClusterImpl-48300439-3108-4bf8-abc6-2f6a7ff3a36f/datanode-0/data/ratis/404a8dc4-38f3-4f80-91d9-d54b035b7064/sm/snapshot.1_12
2019-10-08 01:49:43,923 [bca1e8e3-f332-47c5-ad14-de3fab147c83@group-D96FDCD121B1-StateMachineUpdater] INFO  impl.StateMachineUpdater (StateMachineUpdater.java:lambda$new$0(84)) - bca1e8e3-f332-47c5-ad14-de3fab147c83@group-D96FDCD121B1-StateMachineUpdater: snapshotIndex: updateIncreasingly 14 -> 14
2019-10-08 01:49:43,924 [main] INFO  impl.RaftServerImpl (ServerState.java:close(387)) - bca1e8e3-f332-47c5-ad14-de3fab147c83@group-D96FDCD121B1: closes. applyIndex: 16
2019-10-08 01:49:43,924 [bca1e8e3-f332-47c5-ad14-de3fab147c83@group-D96FDCD121B1-SegmentedRaftLogWorker] INFO  segmented.SegmentedRaftLogWorker (SegmentedRaftLogWorker.java:run(316)) - bca1e8e3-f332-47c5-ad14-de3fab147c83@group-D96FDCD121B1-SegmentedRaftLogWorker was interrupted, exiting. There are 0 tasks remaining in the queue.
2019-10-08 01:49:43,926 [main] INFO  segmented.SegmentedRaftLogWorker (SegmentedRaftLogWorker.java:close(224)) - bca1e8e3-f332-47c5-ad14-de3fab147c83@group-D96FDCD121B1-SegmentedRaftLogWorker close()
2019-10-08 01:49:43,929 [main] INFO  impl.RaftServerImpl (RaftServerImpl.java:lambda$shutdown$3(247)) - bca1e8e3-f332-47c5-ad14-de3fab147c83@group-2BFCB28C37BC: shutdown
2019-10-08 01:49:43,930 [main] INFO  util.JmxRegister (JmxRegister.java:unregister(73)) - Successfully un-registered JMX Bean with object name Ratis:service=RaftServer,group=group-2BFCB28C37BC,id=bca1e8e3-f332-47c5-ad14-de3fab147c83
2019-10-08 01:49:43,930 [main] INFO  impl.RoleInfo (RoleInfo.java:shutdownLeaderState(104)) - bca1e8e3-f332-47c5-ad14-de3fab147c83: shutdown LeaderState
2019-10-08 01:49:43,930 [main] INFO  impl.PendingRequests (PendingRequests.java:sendNotLeaderResponses(202)) - bca1e8e3-f332-47c5-ad14-de3fab147c83@group-2BFCB28C37BC-PendingRequests: sendNotLeaderResponses
2019-10-08 01:49:43,931 [main] INFO  impl.StateMachineUpdater (StateMachineUpdater.java:stopAndJoin(136)) - bca1e8e3-f332-47c5-ad14-de3fab147c83@group-2BFCB28C37BC-StateMachineUpdater: set stopIndex = 0
2019-10-08 01:49:43,931 [main] INFO  impl.RaftServerImpl (ServerState.java:close(387)) - bca1e8e3-f332-47c5-ad14-de3fab147c83@group-2BFCB28C37BC: closes. applyIndex: 0
2019-10-08 01:49:43,932 [bca1e8e3-f332-47c5-ad14-de3fab147c83@group-2BFCB28C37BC-SegmentedRaftLogWorker] INFO  segmented.SegmentedRaftLogWorker (SegmentedRaftLogWorker.java:run(316)) - bca1e8e3-f332-47c5-ad14-de3fab147c83@group-2BFCB28C37BC-SegmentedRaftLogWorker was interrupted, exiting. There are 0 tasks remaining in the queue.
2019-10-08 01:49:43,933 [main] INFO  segmented.SegmentedRaftLogWorker (SegmentedRaftLogWorker.java:close(224)) - bca1e8e3-f332-47c5-ad14-de3fab147c83@group-2BFCB28C37BC-SegmentedRaftLogWorker close()
2019-10-08 01:49:43,937 [main] INFO  server.GrpcService (GrpcService.java:closeImpl(164)) - bca1e8e3-f332-47c5-ad14-de3fab147c83: shutdown server with port 34423 now
2019-10-08 01:49:43,938 [grpc-default-executor-0] WARN  server.GrpcServerProtocolService (LogUtils.java:warn(134)) - bca1e8e3-f332-47c5-ad14-de3fab147c83: installSnapshot onError, lastRequest: c570d380-d801-4606-b2cf-f87d47875c7a->bca1e8e3-f332-47c5-ad14-de3fab147c83#27-t1, previous=(t:1, i:16), leaderCommit=16, initializing? false, entries: <empty>: org.apache.ratis.thirdparty.io.grpc.StatusRuntimeException: CANCELLED: cancelled before receiving half close
2019-10-08 01:49:43,938 [grpc-default-executor-2] WARN  server.GrpcLogAppender (LogUtils.java:warn(134)) - c570d380-d801-4606-b2cf-f87d47875c7a@group-D96FDCD121B1->bca1e8e3-f332-47c5-ad14-de3fab147c83-AppendLogResponseHandler: Failed appendEntries: org.apache.ratis.thirdparty.io.grpc.StatusRuntimeException: CANCELLED: HTTP/2 error code: CANCEL
Received Rst Stream
2019-10-08 01:49:43,938 [main] INFO  server.GrpcService (GrpcService.java:closeImpl(172)) - bca1e8e3-f332-47c5-ad14-de3fab147c83: shutdown server with port 34423 successfully
2019-10-08 01:49:43,939 [grpc-default-executor-2] INFO  impl.FollowerInfo (FollowerInfo.java:lambda$new$0(51)) - c570d380-d801-4606-b2cf-f87d47875c7a@group-D96FDCD121B1->bca1e8e3-f332-47c5-ad14-de3fab147c83: nextIndex: updateUnconditionally 17 -> 16
2019-10-08 01:49:43,942 [refreshUsed-/workdir/hadoop-ozone/integration-test/target/test-dir/MiniOzoneClusterImpl-48300439-3108-4bf8-abc6-2f6a7ff3a36f/datanode-3/data/containers] WARN  fs.CachingGetSpaceUsed (CachingGetSpaceUsed.java:run(183)) - Thread Interrupted waiting to refresh disk information: sleep interrupted
2019-10-08 01:49:43,948 [f22219fc-627f-4d4c-bca0-ba09b570fb17@group-D54B035B7064-StateMachineUpdater] INFO  ratis.ContainerStateMachine (ContainerStateMachine.java:takeSnapshot(305)) - group-D54B035B7064: Finished taking a snapshot at:(t:1, i:12) file:/workdir/hadoop-ozone/integration-test/target/test-dir/MiniOzoneClusterImpl-48300439-3108-4bf8-abc6-2f6a7ff3a36f/datanode-0/data/ratis/404a8dc4-38f3-4f80-91d9-d54b035b7064/sm/snapshot.1_12 time:25
2019-10-08 01:49:43,948 [f22219fc-627f-4d4c-bca0-ba09b570fb17@group-D54B035B7064-StateMachineUpdater] INFO  impl.StateMachineUpdater (StateMachineUpdater.java:takeSnapshot(269)) - f22219fc-627f-4d4c-bca0-ba09b570fb17@group-D54B035B7064-StateMachineUpdater: Took a snapshot at index 12
2019-10-08 01:49:43,948 [f22219fc-627f-4d4c-bca0-ba09b570fb17@group-D54B035B7064-StateMachineUpdater] INFO  impl.StateMachineUpdater (StateMachineUpdater.java:lambda$new$0(84)) - f22219fc-627f-4d4c-bca0-ba09b570fb17@group-D54B035B7064-StateMachineUpdater: snapshotIndex: updateIncreasingly 12 -> 12
2019-10-08 01:49:43,948 [ForkJoinPool.commonPool-worker-0] INFO  impl.RaftServerImpl (ServerState.java:close(387)) - f22219fc-627f-4d4c-bca0-ba09b570fb17@group-D54B035B7064: closes. applyIndex: 16
2019-10-08 01:49:43,949 [f22219fc-627f-4d4c-bca0-ba09b570fb17@group-D54B035B7064-SegmentedRaftLogWorker] INFO  segmented.SegmentedRaftLogWorker (SegmentedRaftLogWorker.java:run(316)) - f22219fc-627f-4d4c-bca0-ba09b570fb17@group-D54B035B7064-SegmentedRaftLogWorker was interrupted, exiting. There are 0 tasks remaining in the queue.
2019-10-08 01:49:43,951 [ForkJoinPool.commonPool-worker-0] INFO  segmented.SegmentedRaftLogWorker (SegmentedRaftLogWorker.java:close(224)) - f22219fc-627f-4d4c-bca0-ba09b570fb17@group-D54B035B7064-SegmentedRaftLogWorker close()
2019-10-08 01:49:43,954 [ForkJoinPool.commonPool-worker-0] INFO  impl.RaftServerImpl (RaftServerImpl.java:lambda$shutdown$3(247)) - f22219fc-627f-4d4c-bca0-ba09b570fb17@group-2201F57108F4: shutdown
2019-10-08 01:49:43,954 [ForkJoinPool.commonPool-worker-0] INFO  util.JmxRegister (JmxRegister.java:unregister(73)) - Successfully un-registered JMX Bean with object name Ratis:service=RaftServer,group=group-2201F57108F4,id=f22219fc-627f-4d4c-bca0-ba09b570fb17
2019-10-08 01:49:43,954 [ForkJoinPool.commonPool-worker-0] INFO  impl.RoleInfo (RoleInfo.java:shutdownLeaderState(104)) - f22219fc-627f-4d4c-bca0-ba09b570fb17: shutdown LeaderState
2019-10-08 01:49:43,955 [ForkJoinPool.commonPool-worker-0] INFO  impl.PendingRequests (PendingRequests.java:sendNotLeaderResponses(202)) - f22219fc-627f-4d4c-bca0-ba09b570fb17@group-2201F57108F4-PendingRequests: sendNotLeaderResponses
2019-10-08 01:49:43,955 [ForkJoinPool.commonPool-worker-0] INFO  impl.StateMachineUpdater (StateMachineUpdater.java:stopAndJoin(136)) - f22219fc-627f-4d4c-bca0-ba09b570fb17@group-2201F57108F4-StateMachineUpdater: set stopIndex = 0
2019-10-08 01:49:43,955 [ForkJoinPool.commonPool-worker-0] INFO  impl.RaftServerImpl (ServerState.java:close(387)) - f22219fc-627f-4d4c-bca0-ba09b570fb17@group-2201F57108F4: closes. applyIndex: 0
2019-10-08 01:49:43,956 [f22219fc-627f-4d4c-bca0-ba09b570fb17@group-2201F57108F4-SegmentedRaftLogWorker] INFO  segmented.SegmentedRaftLogWorker (SegmentedRaftLogWorker.java:run(316)) - f22219fc-627f-4d4c-bca0-ba09b570fb17@group-2201F57108F4-SegmentedRaftLogWorker was interrupted, exiting. There are 0 tasks remaining in the queue.
2019-10-08 01:49:43,958 [ForkJoinPool.commonPool-worker-0] INFO  segmented.SegmentedRaftLogWorker (SegmentedRaftLogWorker.java:close(224)) - f22219fc-627f-4d4c-bca0-ba09b570fb17@group-2201F57108F4-SegmentedRaftLogWorker close()
2019-10-08 01:49:43,961 [ForkJoinPool.commonPool-worker-0] INFO  server.GrpcService (GrpcService.java:closeImpl(164)) - f22219fc-627f-4d4c-bca0-ba09b570fb17: shutdown server with port 43162 now
2019-10-08 01:49:43,963 [ForkJoinPool.commonPool-worker-0] INFO  server.GrpcService (GrpcService.java:closeImpl(172)) - f22219fc-627f-4d4c-bca0-ba09b570fb17: shutdown server with port 43162 successfully
2019-10-08 01:49:43,968 [refreshUsed-/workdir/hadoop-ozone/integration-test/target/test-dir/MiniOzoneClusterImpl-48300439-3108-4bf8-abc6-2f6a7ff3a36f/datanode-0/data/containers] WARN  fs.CachingGetSpaceUsed (CachingGetSpaceUsed.java:run(183)) - Thread Interrupted waiting to refresh disk information: sleep interrupted
2019-10-08 01:49:43,975 [main] INFO  utils.BackgroundService (BackgroundService.java:shutdown(148)) - Shutting down service BlockDeletingService
2019-10-08 01:49:43,981 [main] INFO  statemachine.DatanodeStateMachine (DatanodeStateMachine.java:stopDaemon(395)) - Ozone container server stopped.
2019-10-08 01:49:43,982 [main] INFO  handler.ContextHandler (ContextHandler.java:doStop(910)) - Stopped o.e.j.w.WebAppContext@743d0d44{/,null,UNAVAILABLE}{/hddsDatanode}
2019-10-08 01:49:43,983 [main] INFO  server.AbstractConnector (AbstractConnector.java:doStop(318)) - Stopped ServerConnector@35563e4c{HTTP/1.1,[http/1.1]}{0.0.0.0:0}
2019-10-08 01:49:43,983 [main] INFO  handler.ContextHandler (ContextHandler.java:doStop(910)) - Stopped o.e.j.s.ServletContextHandler@242ff747{/static,jar:file:/home/user/.m2/repository/org/apache/hadoop/hadoop-hdds-container-service/0.5.0-SNAPSHOT/hadoop-hdds-container-service-0.5.0-SNAPSHOT.jar!/webapps/static,UNAVAILABLE}
2019-10-08 01:49:43,984 [main] INFO  handler.ContextHandler (ContextHandler.java:doStop(910)) - Stopped o.e.j.s.ServletContextHandler@4409cae6{/logs,file:///workdir/hadoop-ozone/integration-test/target/log,UNAVAILABLE}
2019-10-08 01:49:43,991 [ForkJoinPool.commonPool-worker-0] INFO  utils.BackgroundService (BackgroundService.java:shutdown(148)) - Shutting down service BlockDeletingService
2019-10-08 01:49:43,995 [ForkJoinPool.commonPool-worker-0] INFO  statemachine.DatanodeStateMachine (DatanodeStateMachine.java:stopDaemon(395)) - Ozone container server stopped.
2019-10-08 01:49:43,999 [ForkJoinPool.commonPool-worker-0] INFO  handler.ContextHandler (ContextHandler.java:doStop(910)) - Stopped o.e.j.w.WebAppContext@d8835af{/,null,UNAVAILABLE}{/hddsDatanode}
2019-10-08 01:49:44,000 [ForkJoinPool.commonPool-worker-0] INFO  server.AbstractConnector (AbstractConnector.java:doStop(318)) - Stopped ServerConnector@16681017{HTTP/1.1,[http/1.1]}{0.0.0.0:0}
2019-10-08 01:49:44,002 [ForkJoinPool.commonPool-worker-0] INFO  handler.ContextHandler (ContextHandler.java:doStop(910)) - Stopped o.e.j.s.ServletContextHandler@6b9c42bd{/static,jar:file:/home/user/.m2/repository/org/apache/hadoop/hadoop-hdds-container-service/0.5.0-SNAPSHOT/hadoop-hdds-container-service-0.5.0-SNAPSHOT.jar!/webapps/static,UNAVAILABLE}
2019-10-08 01:49:44,003 [ForkJoinPool.commonPool-worker-0] INFO  handler.ContextHandler (ContextHandler.java:doStop(910)) - Stopped o.e.j.s.ServletContextHandler@3b5a19ed{/logs,file:///workdir/hadoop-ozone/integration-test/target/log,UNAVAILABLE}
2019-10-08 01:49:44,478 [Datanode State Machine Thread - 0] INFO  statemachine.DatanodeStateMachine (DatanodeStateMachine.java:lambda$startDaemon$0(350)) - Ozone container server started.
2019-10-08 01:49:44,478 [Datanode State Machine Thread - 0] INFO  statemachine.DatanodeStateMachine (DatanodeStateMachine.java:lambda$startDaemon$0(350)) - Ozone container server started.
2019-10-08 01:49:46,261 [grpc-default-executor-5] WARN  server.GrpcLogAppender (LogUtils.java:warn(134)) - c570d380-d801-4606-b2cf-f87d47875c7a@group-D96FDCD121B1->bca1e8e3-f332-47c5-ad14-de3fab147c83-AppendLogResponseHandler: Failed appendEntries: org.apache.ratis.thirdparty.io.grpc.StatusRuntimeException: UNAVAILABLE: io exception
2019-10-08 01:49:46,262 [grpc-default-executor-5] INFO  impl.FollowerInfo (FollowerInfo.java:lambda$new$0(51)) - c570d380-d801-4606-b2cf-f87d47875c7a@group-D96FDCD121B1->bca1e8e3-f332-47c5-ad14-de3fab147c83: nextIndex: updateUnconditionally 16 -> 15
2019-10-08 01:49:48,542 [EventQueue-StaleNodeForStaleNodeHandler] INFO  node.StaleNodeHandler (StaleNodeHandler.java:onMessage(58)) - Datanode 22ce8828-227f-4dc0-b18d-7dd0e804d0e2{ip: 192.168.164.245, host: pr-hdds-2217-dx9m9-1464909746, networkLocation: /default-rack, certSerialId: null} moved to stale state. Finalizing its pipelines [PipelineID=ae3a3f08-66c5-4bae-91ca-9db7bc665361, PipelineID=dad298f8-5178-4614-9aba-d96fdcd121b1]
2019-10-08 01:49:48,545 [EventQueue-StaleNodeForStaleNodeHandler] INFO  pipeline.SCMPipelineManager (SCMPipelineManager.java:finalizeAndDestroyPipeline(315)) - destroying pipeline:Pipeline[ Id: ae3a3f08-66c5-4bae-91ca-9db7bc665361, Nodes: 22ce8828-227f-4dc0-b18d-7dd0e804d0e2{ip: 192.168.164.245, host: pr-hdds-2217-dx9m9-1464909746, networkLocation: /default-rack, certSerialId: null}, Type:RATIS, Factor:ONE, State:OPEN]
2019-10-08 01:49:48,545 [EventQueue-StaleNodeForStaleNodeHandler] INFO  pipeline.PipelineStateManager (PipelineStateManager.java:finalizePipeline(123)) - Pipeline Pipeline[ Id: ae3a3f08-66c5-4bae-91ca-9db7bc665361, Nodes: 22ce8828-227f-4dc0-b18d-7dd0e804d0e2{ip: 192.168.164.245, host: pr-hdds-2217-dx9m9-1464909746, networkLocation: /default-rack, certSerialId: null}, Type:RATIS, Factor:ONE, State:CLOSED] moved to CLOSED state
2019-10-08 01:49:48,546 [EventQueue-StaleNodeForStaleNodeHandler] INFO  pipeline.SCMPipelineManager (SCMPipelineManager.java:finalizeAndDestroyPipeline(315)) - destroying pipeline:Pipeline[ Id: dad298f8-5178-4614-9aba-d96fdcd121b1, Nodes: 22ce8828-227f-4dc0-b18d-7dd0e804d0e2{ip: 192.168.164.245, host: pr-hdds-2217-dx9m9-1464909746, networkLocation: /default-rack, certSerialId: null}c570d380-d801-4606-b2cf-f87d47875c7a{ip: 192.168.164.245, host: pr-hdds-2217-dx9m9-1464909746, networkLocation: /default-rack, certSerialId: null}bca1e8e3-f332-47c5-ad14-de3fab147c83{ip: 192.168.164.245, host: pr-hdds-2217-dx9m9-1464909746, networkLocation: /default-rack, certSerialId: null}, Type:RATIS, Factor:THREE, State:CLOSED]
2019-10-08 01:49:48,546 [EventQueue-StaleNodeForStaleNodeHandler] INFO  node.StaleNodeHandler (StaleNodeHandler.java:onMessage(58)) - Datanode c570d380-d801-4606-b2cf-f87d47875c7a{ip: 192.168.164.245, host: pr-hdds-2217-dx9m9-1464909746, networkLocation: /default-rack, certSerialId: null} moved to stale state. Finalizing its pipelines [PipelineID=191ced3b-ac83-4236-b4a5-8866467ef82e, PipelineID=dad298f8-5178-4614-9aba-d96fdcd121b1]
2019-10-08 01:49:48,547 [EventQueue-StaleNodeForStaleNodeHandler] INFO  pipeline.SCMPipelineManager (SCMPipelineManager.java:finalizeAndDestroyPipeline(315)) - destroying pipeline:Pipeline[ Id: 191ced3b-ac83-4236-b4a5-8866467ef82e, Nodes: c570d380-d801-4606-b2cf-f87d47875c7a{ip: 192.168.164.245, host: pr-hdds-2217-dx9m9-1464909746, networkLocation: /default-rack, certSerialId: null}, Type:RATIS, Factor:ONE, State:OPEN]
2019-10-08 01:49:48,547 [EventQueue-StaleNodeForStaleNodeHandler] INFO  pipeline.PipelineStateManager (PipelineStateManager.java:finalizePipeline(123)) - Pipeline Pipeline[ Id: 191ced3b-ac83-4236-b4a5-8866467ef82e, Nodes: c570d380-d801-4606-b2cf-f87d47875c7a{ip: 192.168.164.245, host: pr-hdds-2217-dx9m9-1464909746, networkLocation: /default-rack, certSerialId: null}, Type:RATIS, Factor:ONE, State:CLOSED] moved to CLOSED state
2019-10-08 01:49:48,547 [EventQueue-StaleNodeForStaleNodeHandler] INFO  pipeline.SCMPipelineManager (SCMPipelineManager.java:finalizeAndDestroyPipeline(315)) - destroying pipeline:Pipeline[ Id: dad298f8-5178-4614-9aba-d96fdcd121b1, Nodes: 22ce8828-227f-4dc0-b18d-7dd0e804d0e2{ip: 192.168.164.245, host: pr-hdds-2217-dx9m9-1464909746, networkLocation: /default-rack, certSerialId: null}c570d380-d801-4606-b2cf-f87d47875c7a{ip: 192.168.164.245, host: pr-hdds-2217-dx9m9-1464909746, networkLocation: /default-rack, certSerialId: null}bca1e8e3-f332-47c5-ad14-de3fab147c83{ip: 192.168.164.245, host: pr-hdds-2217-dx9m9-1464909746, networkLocation: /default-rack, certSerialId: null}, Type:RATIS, Factor:THREE, State:CLOSED]
2019-10-08 01:49:48,767 [grpc-default-executor-0] WARN  server.GrpcLogAppender (LogUtils.java:warn(134)) - c570d380-d801-4606-b2cf-f87d47875c7a@group-D96FDCD121B1->bca1e8e3-f332-47c5-ad14-de3fab147c83-AppendLogResponseHandler: Failed appendEntries: org.apache.ratis.thirdparty.io.grpc.StatusRuntimeException: UNAVAILABLE: io exception
2019-10-08 01:49:48,772 [grpc-default-executor-0] INFO  impl.FollowerInfo (FollowerInfo.java:lambda$new$0(51)) - c570d380-d801-4606-b2cf-f87d47875c7a@group-D96FDCD121B1->bca1e8e3-f332-47c5-ad14-de3fab147c83: nextIndex: updateUnconditionally 15 -> 14
2019-10-08 01:49:48,987 [main] INFO  ozoneimpl.OzoneContainer (OzoneContainer.java:stop(227)) - Attempting to stop container services.
2019-10-08 01:49:48,991 [main] INFO  impl.RaftServerProxy (RaftServerProxy.java:lambda$close$4(314)) - c570d380-d801-4606-b2cf-f87d47875c7a: close
2019-10-08 01:49:48,991 [main] INFO  impl.RaftServerImpl (RaftServerImpl.java:lambda$shutdown$3(247)) - c570d380-d801-4606-b2cf-f87d47875c7a@group-8866467EF82E: shutdown
2019-10-08 01:49:48,992 [main] INFO  util.JmxRegister (JmxRegister.java:unregister(73)) - Successfully un-registered JMX Bean with object name Ratis:service=RaftServer,group=group-8866467EF82E,id=c570d380-d801-4606-b2cf-f87d47875c7a
2019-10-08 01:49:48,992 [main] INFO  impl.RoleInfo (RoleInfo.java:shutdownLeaderState(104)) - c570d380-d801-4606-b2cf-f87d47875c7a: shutdown LeaderState
2019-10-08 01:49:48,993 [main] INFO  impl.PendingRequests (PendingRequests.java:sendNotLeaderResponses(202)) - c570d380-d801-4606-b2cf-f87d47875c7a@group-8866467EF82E-PendingRequests: sendNotLeaderResponses
2019-10-08 01:49:48,994 [main] INFO  impl.StateMachineUpdater (StateMachineUpdater.java:stopAndJoin(136)) - c570d380-d801-4606-b2cf-f87d47875c7a@group-8866467EF82E-StateMachineUpdater: set stopIndex = 0
2019-10-08 01:49:48,995 [main] INFO  impl.RaftServerImpl (ServerState.java:close(387)) - c570d380-d801-4606-b2cf-f87d47875c7a@group-8866467EF82E: closes. applyIndex: 0
2019-10-08 01:49:48,995 [c570d380-d801-4606-b2cf-f87d47875c7a@group-8866467EF82E-SegmentedRaftLogWorker] INFO  segmented.SegmentedRaftLogWorker (SegmentedRaftLogWorker.java:run(316)) - c570d380-d801-4606-b2cf-f87d47875c7a@group-8866467EF82E-SegmentedRaftLogWorker was interrupted, exiting. There are 0 tasks remaining in the queue.
2019-10-08 01:49:48,998 [main] INFO  segmented.SegmentedRaftLogWorker (SegmentedRaftLogWorker.java:close(224)) - c570d380-d801-4606-b2cf-f87d47875c7a@group-8866467EF82E-SegmentedRaftLogWorker close()
2019-10-08 01:49:49,001 [main] INFO  impl.RaftServerImpl (RaftServerImpl.java:lambda$shutdown$3(247)) - c570d380-d801-4606-b2cf-f87d47875c7a@group-D96FDCD121B1: shutdown
2019-10-08 01:49:49,002 [main] INFO  util.JmxRegister (JmxRegister.java:unregister(73)) - Successfully un-registered JMX Bean with object name Ratis:service=RaftServer,group=group-D96FDCD121B1,id=c570d380-d801-4606-b2cf-f87d47875c7a
2019-10-08 01:49:49,002 [main] INFO  impl.RoleInfo (RoleInfo.java:shutdownLeaderState(104)) - c570d380-d801-4606-b2cf-f87d47875c7a: shutdown LeaderState
2019-10-08 01:49:49,005 [main] INFO  impl.PendingRequests (PendingRequests.java:sendNotLeaderResponses(202)) - c570d380-d801-4606-b2cf-f87d47875c7a@group-D96FDCD121B1-PendingRequests: sendNotLeaderResponses
2019-10-08 01:49:49,005 [org.apache.ratis.server.impl.LogAppender$AppenderDaemon$$Lambda$544/954544417@66e96b12] WARN  server.GrpcLogAppender (GrpcLogAppender.java:mayWait(143)) - c570d380-d801-4606-b2cf-f87d47875c7a@group-D96FDCD121B1->bca1e8e3-f332-47c5-ad14-de3fab147c83-GrpcLogAppender: Wait interrupted by java.lang.InterruptedException
2019-10-08 01:49:49,005 [org.apache.ratis.server.impl.LogAppender$AppenderDaemon$$Lambda$544/954544417@539cf5f6] WARN  server.GrpcLogAppender (GrpcLogAppender.java:mayWait(143)) - c570d380-d801-4606-b2cf-f87d47875c7a@group-D96FDCD121B1->22ce8828-227f-4dc0-b18d-7dd0e804d0e2-GrpcLogAppender: Wait interrupted by java.lang.InterruptedException
2019-10-08 01:49:49,006 [ForkJoinPool.commonPool-worker-0] INFO  ozoneimpl.OzoneContainer (OzoneContainer.java:stop(227)) - Attempting to stop container services.
2019-10-08 01:49:49,011 [main] INFO  impl.StateMachineUpdater (StateMachineUpdater.java:stopAndJoin(136)) - c570d380-d801-4606-b2cf-f87d47875c7a@group-D96FDCD121B1-StateMachineUpdater: set stopIndex = 16
2019-10-08 01:49:49,012 [grpc-default-executor-5] INFO  server.GrpcServerProtocolService (GrpcServerProtocolService.java:onCompleted(113)) - 22ce8828-227f-4dc0-b18d-7dd0e804d0e2: Completed APPEND_ENTRIES, lastRequest: c570d380-d801-4606-b2cf-f87d47875c7a->22ce8828-227f-4dc0-b18d-7dd0e804d0e2#29-t1, previous=(t:1, i:16), leaderCommit=16, initializing? false, entries: <empty>
2019-10-08 01:49:49,011 [ForkJoinPool.commonPool-worker-0] INFO  impl.RaftServerProxy (RaftServerProxy.java:lambda$close$4(314)) - 22ce8828-227f-4dc0-b18d-7dd0e804d0e2: close
2019-10-08 01:49:49,012 [c570d380-d801-4606-b2cf-f87d47875c7a@group-D96FDCD121B1-StateMachineUpdater] INFO  ratis.ContainerStateMachine (ContainerStateMachine.java:takeSnapshot(294)) - group-D96FDCD121B1: Taking a snapshot at:(t:1, i:14) file /workdir/hadoop-ozone/integration-test/target/test-dir/MiniOzoneClusterImpl-48300439-3108-4bf8-abc6-2f6a7ff3a36f/datanode-6/data/ratis/dad298f8-5178-4614-9aba-d96fdcd121b1/sm/snapshot.1_14
2019-10-08 01:49:49,012 [ForkJoinPool.commonPool-worker-0] INFO  impl.RaftServerImpl (RaftServerImpl.java:lambda$shutdown$3(247)) - 22ce8828-227f-4dc0-b18d-7dd0e804d0e2@group-9DB7BC665361: shutdown
2019-10-08 01:49:49,012 [grpc-default-executor-5] INFO  server.GrpcLogAppender (GrpcLogAppender.java:onCompleted(293)) - c570d380-d801-4606-b2cf-f87d47875c7a@group-D96FDCD121B1->22ce8828-227f-4dc0-b18d-7dd0e804d0e2-AppendLogResponseHandler: follower responses appendEntries COMPLETED
2019-10-08 01:49:49,013 [ForkJoinPool.commonPool-worker-0] INFO  util.JmxRegister (JmxRegister.java:unregister(73)) - Successfully un-registered JMX Bean with object name Ratis:service=RaftServer,group=group-9DB7BC665361,id=22ce8828-227f-4dc0-b18d-7dd0e804d0e2
2019-10-08 01:49:49,013 [ForkJoinPool.commonPool-worker-0] INFO  impl.RoleInfo (RoleInfo.java:shutdownLeaderState(104)) - 22ce8828-227f-4dc0-b18d-7dd0e804d0e2: shutdown LeaderState
2019-10-08 01:49:49,013 [ForkJoinPool.commonPool-worker-0] INFO  impl.PendingRequests (PendingRequests.java:sendNotLeaderResponses(202)) - 22ce8828-227f-4dc0-b18d-7dd0e804d0e2@group-9DB7BC665361-PendingRequests: sendNotLeaderResponses
2019-10-08 01:49:49,013 [grpc-default-executor-5] INFO  impl.FollowerInfo (FollowerInfo.java:lambda$new$0(51)) - c570d380-d801-4606-b2cf-f87d47875c7a@group-D96FDCD121B1->22ce8828-227f-4dc0-b18d-7dd0e804d0e2: nextIndex: updateUnconditionally 17 -> 16
2019-10-08 01:49:49,014 [ForkJoinPool.commonPool-worker-0] INFO  impl.StateMachineUpdater (StateMachineUpdater.java:stopAndJoin(136)) - 22ce8828-227f-4dc0-b18d-7dd0e804d0e2@group-9DB7BC665361-StateMachineUpdater: set stopIndex = 0
2019-10-08 01:49:49,014 [ForkJoinPool.commonPool-worker-0] INFO  impl.RaftServerImpl (ServerState.java:close(387)) - 22ce8828-227f-4dc0-b18d-7dd0e804d0e2@group-9DB7BC665361: closes. applyIndex: 0
2019-10-08 01:49:49,014 [22ce8828-227f-4dc0-b18d-7dd0e804d0e2@group-9DB7BC665361-SegmentedRaftLogWorker] INFO  segmented.SegmentedRaftLogWorker (SegmentedRaftLogWorker.java:run(316)) - 22ce8828-227f-4dc0-b18d-7dd0e804d0e2@group-9DB7BC665361-SegmentedRaftLogWorker was interrupted, exiting. There are 0 tasks remaining in the queue.
2019-10-08 01:49:49,017 [ForkJoinPool.commonPool-worker-0] INFO  segmented.SegmentedRaftLogWorker (SegmentedRaftLogWorker.java:close(224)) - 22ce8828-227f-4dc0-b18d-7dd0e804d0e2@group-9DB7BC665361-SegmentedRaftLogWorker close()
2019-10-08 01:49:49,020 [ForkJoinPool.commonPool-worker-0] INFO  impl.RaftServerImpl (RaftServerImpl.java:lambda$shutdown$3(247)) - 22ce8828-227f-4dc0-b18d-7dd0e804d0e2@group-D96FDCD121B1: shutdown
2019-10-08 01:49:49,020 [ForkJoinPool.commonPool-worker-0] INFO  util.JmxRegister (JmxRegister.java:unregister(73)) - Successfully un-registered JMX Bean with object name Ratis:service=RaftServer,group=group-D96FDCD121B1,id=22ce8828-227f-4dc0-b18d-7dd0e804d0e2
2019-10-08 01:49:49,020 [ForkJoinPool.commonPool-worker-0] INFO  impl.RoleInfo (RoleInfo.java:shutdownFollowerState(121)) - 22ce8828-227f-4dc0-b18d-7dd0e804d0e2: shutdown FollowerState
2019-10-08 01:49:49,021 [ForkJoinPool.commonPool-worker-0] INFO  impl.StateMachineUpdater (StateMachineUpdater.java:stopAndJoin(136)) - 22ce8828-227f-4dc0-b18d-7dd0e804d0e2@group-D96FDCD121B1-StateMachineUpdater: set stopIndex = 16
2019-10-08 01:49:49,021 [Thread-3129] INFO  impl.FollowerState (FollowerState.java:run(117)) - 22ce8828-227f-4dc0-b18d-7dd0e804d0e2@group-D96FDCD121B1-FollowerState was interrupted: java.lang.InterruptedException: sleep interrupted
2019-10-08 01:49:49,021 [22ce8828-227f-4dc0-b18d-7dd0e804d0e2@group-D96FDCD121B1-StateMachineUpdater] INFO  ratis.ContainerStateMachine (ContainerStateMachine.java:takeSnapshot(294)) - group-D96FDCD121B1: Taking a snapshot at:(t:1, i:14) file /workdir/hadoop-ozone/integration-test/target/test-dir/MiniOzoneClusterImpl-48300439-3108-4bf8-abc6-2f6a7ff3a36f/datanode-5/data/ratis/dad298f8-5178-4614-9aba-d96fdcd121b1/sm/snapshot.1_14
2019-10-08 01:49:49,027 [22ce8828-227f-4dc0-b18d-7dd0e804d0e2@group-D96FDCD121B1-StateMachineUpdater] INFO  ratis.ContainerStateMachine (ContainerStateMachine.java:takeSnapshot(305)) - group-D96FDCD121B1: Finished taking a snapshot at:(t:1, i:14) file:/workdir/hadoop-ozone/integration-test/target/test-dir/MiniOzoneClusterImpl-48300439-3108-4bf8-abc6-2f6a7ff3a36f/datanode-5/data/ratis/dad298f8-5178-4614-9aba-d96fdcd121b1/sm/snapshot.1_14 time:6
2019-10-08 01:49:49,027 [c570d380-d801-4606-b2cf-f87d47875c7a@group-D96FDCD121B1-StateMachineUpdater] INFO  ratis.ContainerStateMachine (ContainerStateMachine.java:takeSnapshot(305)) - group-D96FDCD121B1: Finished taking a snapshot at:(t:1, i:14) file:/workdir/hadoop-ozone/integration-test/target/test-dir/MiniOzoneClusterImpl-48300439-3108-4bf8-abc6-2f6a7ff3a36f/datanode-6/data/ratis/dad298f8-5178-4614-9aba-d96fdcd121b1/sm/snapshot.1_14 time:15
2019-10-08 01:49:49,027 [22ce8828-227f-4dc0-b18d-7dd0e804d0e2@group-D96FDCD121B1-StateMachineUpdater] INFO  impl.StateMachineUpdater (StateMachineUpdater.java:takeSnapshot(269)) - 22ce8828-227f-4dc0-b18d-7dd0e804d0e2@group-D96FDCD121B1-StateMachineUpdater: Took a snapshot at index 14
2019-10-08 01:49:49,027 [c570d380-d801-4606-b2cf-f87d47875c7a@group-D96FDCD121B1-StateMachineUpdater] INFO  impl.StateMachineUpdater (StateMachineUpdater.java:takeSnapshot(269)) - c570d380-d801-4606-b2cf-f87d47875c7a@group-D96FDCD121B1-StateMachineUpdater: Took a snapshot at index 14
2019-10-08 01:49:49,027 [22ce8828-227f-4dc0-b18d-7dd0e804d0e2@group-D96FDCD121B1-StateMachineUpdater] INFO  impl.StateMachineUpdater (StateMachineUpdater.java:lambda$new$0(84)) - 22ce8828-227f-4dc0-b18d-7dd0e804d0e2@group-D96FDCD121B1-StateMachineUpdater: snapshotIndex: updateIncreasingly -1 -> 14
2019-10-08 01:49:49,027 [c570d380-d801-4606-b2cf-f87d47875c7a@group-D96FDCD121B1-StateMachineUpdater] INFO  impl.StateMachineUpdater (StateMachineUpdater.java:lambda$new$0(84)) - c570d380-d801-4606-b2cf-f87d47875c7a@group-D96FDCD121B1-StateMachineUpdater: snapshotIndex: updateIncreasingly -1 -> 14
2019-10-08 01:49:49,028 [c570d380-d801-4606-b2cf-f87d47875c7a@group-D96FDCD121B1-StateMachineUpdater] INFO  ratis.ContainerStateMachine (ContainerStateMachine.java:takeSnapshot(294)) - group-D96FDCD121B1: Taking a snapshot at:(t:1, i:14) file /workdir/hadoop-ozone/integration-test/target/test-dir/MiniOzoneClusterImpl-48300439-3108-4bf8-abc6-2f6a7ff3a36f/datanode-6/data/ratis/dad298f8-5178-4614-9aba-d96fdcd121b1/sm/snapshot.1_14
2019-10-08 01:49:49,028 [22ce8828-227f-4dc0-b18d-7dd0e804d0e2@group-D96FDCD121B1-StateMachineUpdater] INFO  ratis.ContainerStateMachine (ContainerStateMachine.java:takeSnapshot(294)) - group-D96FDCD121B1: Taking a snapshot at:(t:1, i:14) file /workdir/hadoop-ozone/integration-test/target/test-dir/MiniOzoneClusterImpl-48300439-3108-4bf8-abc6-2f6a7ff3a36f/datanode-5/data/ratis/dad298f8-5178-4614-9aba-d96fdcd121b1/sm/snapshot.1_14
2019-10-08 01:49:49,041 [c570d380-d801-4606-b2cf-f87d47875c7a@group-D96FDCD121B1-StateMachineUpdater] INFO  ratis.ContainerStateMachine (ContainerStateMachine.java:takeSnapshot(305)) - group-D96FDCD121B1: Finished taking a snapshot at:(t:1, i:14) file:/workdir/hadoop-ozone/integration-test/target/test-dir/MiniOzoneClusterImpl-48300439-3108-4bf8-abc6-2f6a7ff3a36f/datanode-6/data/ratis/dad298f8-5178-4614-9aba-d96fdcd121b1/sm/snapshot.1_14 time:13
2019-10-08 01:49:49,041 [22ce8828-227f-4dc0-b18d-7dd0e804d0e2@group-D96FDCD121B1-StateMachineUpdater] INFO  ratis.ContainerStateMachine (ContainerStateMachine.java:takeSnapshot(305)) - group-D96FDCD121B1: Finished taking a snapshot at:(t:1, i:14) file:/workdir/hadoop-ozone/integration-test/target/test-dir/MiniOzoneClusterImpl-48300439-3108-4bf8-abc6-2f6a7ff3a36f/datanode-5/data/ratis/dad298f8-5178-4614-9aba-d96fdcd121b1/sm/snapshot.1_14 time:13
2019-10-08 01:49:49,041 [c570d380-d801-4606-b2cf-f87d47875c7a@group-D96FDCD121B1-StateMachineUpdater] INFO  impl.StateMachineUpdater (StateMachineUpdater.java:takeSnapshot(269)) - c570d380-d801-4606-b2cf-f87d47875c7a@group-D96FDCD121B1-StateMachineUpdater: Took a snapshot at index 14
2019-10-08 01:49:49,041 [22ce8828-227f-4dc0-b18d-7dd0e804d0e2@group-D96FDCD121B1-StateMachineUpdater] INFO  impl.StateMachineUpdater (StateMachineUpdater.java:takeSnapshot(269)) - 22ce8828-227f-4dc0-b18d-7dd0e804d0e2@group-D96FDCD121B1-StateMachineUpdater: Took a snapshot at index 14
2019-10-08 01:49:49,041 [c570d380-d801-4606-b2cf-f87d47875c7a@group-D96FDCD121B1-StateMachineUpdater] INFO  impl.StateMachineUpdater (StateMachineUpdater.java:lambda$new$0(84)) - c570d380-d801-4606-b2cf-f87d47875c7a@group-D96FDCD121B1-StateMachineUpdater: snapshotIndex: updateIncreasingly 14 -> 14
2019-10-08 01:49:49,041 [22ce8828-227f-4dc0-b18d-7dd0e804d0e2@group-D96FDCD121B1-StateMachineUpdater] INFO  impl.StateMachineUpdater (StateMachineUpdater.java:lambda$new$0(84)) - 22ce8828-227f-4dc0-b18d-7dd0e804d0e2@group-D96FDCD121B1-StateMachineUpdater: snapshotIndex: updateIncreasingly 14 -> 14
2019-10-08 01:49:49,042 [main] INFO  impl.RaftServerImpl (ServerState.java:close(387)) - c570d380-d801-4606-b2cf-f87d47875c7a@group-D96FDCD121B1: closes. applyIndex: 16
2019-10-08 01:49:49,042 [ForkJoinPool.commonPool-worker-0] INFO  impl.RaftServerImpl (ServerState.java:close(387)) - 22ce8828-227f-4dc0-b18d-7dd0e804d0e2@group-D96FDCD121B1: closes. applyIndex: 16
2019-10-08 01:49:49,042 [c570d380-d801-4606-b2cf-f87d47875c7a@group-D96FDCD121B1-SegmentedRaftLogWorker] INFO  segmented.SegmentedRaftLogWorker (SegmentedRaftLogWorker.java:run(316)) - c570d380-d801-4606-b2cf-f87d47875c7a@group-D96FDCD121B1-SegmentedRaftLogWorker was interrupted, exiting. There are 0 tasks remaining in the queue.
2019-10-08 01:49:49,042 [22ce8828-227f-4dc0-b18d-7dd0e804d0e2@group-D96FDCD121B1-SegmentedRaftLogWorker] INFO  segmented.SegmentedRaftLogWorker (SegmentedRaftLogWorker.java:run(316)) - 22ce8828-227f-4dc0-b18d-7dd0e804d0e2@group-D96FDCD121B1-SegmentedRaftLogWorker was interrupted, exiting. There are 0 tasks remaining in the queue.
2019-10-08 01:49:49,044 [main] INFO  segmented.SegmentedRaftLogWorker (SegmentedRaftLogWorker.java:close(224)) - c570d380-d801-4606-b2cf-f87d47875c7a@group-D96FDCD121B1-SegmentedRaftLogWorker close()
2019-10-08 01:49:49,058 [ForkJoinPool.commonPool-worker-0] INFO  segmented.SegmentedRaftLogWorker (SegmentedRaftLogWorker.java:close(224)) - 22ce8828-227f-4dc0-b18d-7dd0e804d0e2@group-D96FDCD121B1-SegmentedRaftLogWorker close()
2019-10-08 01:49:49,063 [main] INFO  server.GrpcService (GrpcService.java:closeImpl(164)) - c570d380-d801-4606-b2cf-f87d47875c7a: shutdown server with port 41347 now
2019-10-08 01:49:49,063 [ForkJoinPool.commonPool-worker-0] INFO  server.GrpcService (GrpcService.java:closeImpl(164)) - 22ce8828-227f-4dc0-b18d-7dd0e804d0e2: shutdown server with port 44400 now
2019-10-08 01:49:49,063 [ForkJoinPool.commonPool-worker-0] INFO  server.GrpcService (GrpcService.java:closeImpl(172)) - 22ce8828-227f-4dc0-b18d-7dd0e804d0e2: shutdown server with port 44400 successfully
2019-10-08 01:49:49,063 [grpc-default-executor-0] WARN  client.GrpcClientProtocolService (LogUtils.java:warn(134)) - 1-UnorderedRequestStreamObserver1: onError: org.apache.ratis.thirdparty.io.grpc.StatusRuntimeException: CANCELLED: cancelled before receiving half close
2019-10-08 01:49:49,064 [main] INFO  server.GrpcService (GrpcService.java:closeImpl(172)) - c570d380-d801-4606-b2cf-f87d47875c7a: shutdown server with port 41347 successfully
2019-10-08 01:49:49,066 [refreshUsed-/workdir/hadoop-ozone/integration-test/target/test-dir/MiniOzoneClusterImpl-48300439-3108-4bf8-abc6-2f6a7ff3a36f/datanode-5/data/containers] WARN  fs.CachingGetSpaceUsed (CachingGetSpaceUsed.java:run(183)) - Thread Interrupted waiting to refresh disk information: sleep interrupted
2019-10-08 01:49:49,069 [refreshUsed-/workdir/hadoop-ozone/integration-test/target/test-dir/MiniOzoneClusterImpl-48300439-3108-4bf8-abc6-2f6a7ff3a36f/datanode-6/data/containers] WARN  fs.CachingGetSpaceUsed (CachingGetSpaceUsed.java:run(183)) - Thread Interrupted waiting to refresh disk information: sleep interrupted
2019-10-08 01:49:49,085 [ForkJoinPool.commonPool-worker-0] INFO  utils.BackgroundService (BackgroundService.java:shutdown(148)) - Shutting down service BlockDeletingService
2019-10-08 01:49:49,090 [ForkJoinPool.commonPool-worker-0] INFO  statemachine.DatanodeStateMachine (DatanodeStateMachine.java:stopDaemon(395)) - Ozone container server stopped.
2019-10-08 01:49:49,096 [main] INFO  utils.BackgroundService (BackgroundService.java:shutdown(148)) - Shutting down service BlockDeletingService
2019-10-08 01:49:49,102 [main] INFO  statemachine.DatanodeStateMachine (DatanodeStateMachine.java:stopDaemon(395)) - Ozone container server stopped.
2019-10-08 01:49:49,107 [main] INFO  handler.ContextHandler (ContextHandler.java:doStop(910)) - Stopped o.e.j.w.WebAppContext@2b79c8ff{/,null,UNAVAILABLE}{/hddsDatanode}
2019-10-08 01:49:49,107 [ForkJoinPool.commonPool-worker-0] INFO  handler.ContextHandler (ContextHandler.java:doStop(910)) - Stopped o.e.j.w.WebAppContext@7c71c889{/,null,UNAVAILABLE}{/hddsDatanode}
2019-10-08 01:49:49,109 [main] INFO  server.AbstractConnector (AbstractConnector.java:doStop(318)) - Stopped ServerConnector@2baf72d5{HTTP/1.1,[http/1.1]}{0.0.0.0:0}
2019-10-08 01:49:49,109 [ForkJoinPool.commonPool-worker-0] INFO  server.AbstractConnector (AbstractConnector.java:doStop(318)) - Stopped ServerConnector@4cc8d70d{HTTP/1.1,[http/1.1]}{0.0.0.0:0}
2019-10-08 01:49:49,109 [main] INFO  handler.ContextHandler (ContextHandler.java:doStop(910)) - Stopped o.e.j.s.ServletContextHandler@3a3883c4{/static,jar:file:/home/user/.m2/repository/org/apache/hadoop/hadoop-hdds-container-service/0.5.0-SNAPSHOT/hadoop-hdds-container-service-0.5.0-SNAPSHOT.jar!/webapps/static,UNAVAILABLE}
2019-10-08 01:49:49,111 [ForkJoinPool.commonPool-worker-0] INFO  handler.ContextHandler (ContextHandler.java:doStop(910)) - Stopped o.e.j.s.ServletContextHandler@7cf8f45a{/static,jar:file:/home/user/.m2/repository/org/apache/hadoop/hadoop-hdds-container-service/0.5.0-SNAPSHOT/hadoop-hdds-container-service-0.5.0-SNAPSHOT.jar!/webapps/static,UNAVAILABLE}
2019-10-08 01:49:49,111 [main] INFO  handler.ContextHandler (ContextHandler.java:doStop(910)) - Stopped o.e.j.s.ServletContextHandler@73e4bb60{/logs,file:///workdir/hadoop-ozone/integration-test/target/log,UNAVAILABLE}
2019-10-08 01:49:49,113 [ForkJoinPool.commonPool-worker-0] INFO  handler.ContextHandler (ContextHandler.java:doStop(910)) - Stopped o.e.j.s.ServletContextHandler@4d81e83a{/logs,file:///workdir/hadoop-ozone/integration-test/target/log,UNAVAILABLE}
2019-10-08 01:49:49,114 [main] INFO  ozone.MiniOzoneClusterImpl (MiniOzoneClusterImpl.java:stopSCM(392)) - Stopping the StorageContainerManager
2019-10-08 01:49:49,114 [main] INFO  server.StorageContainerManager (StorageContainerManager.java:stop(808)) - Stopping Replication Manager Service.
2019-10-08 01:49:49,115 [main] INFO  container.ReplicationManager (ReplicationManager.java:stop(203)) - Stopping Replication Monitor Thread.
2019-10-08 01:49:49,115 [main] INFO  server.StorageContainerManager (StorageContainerManager.java:stop(815)) - Stopping Lease Manager of the command watchers
2019-10-08 01:49:49,115 [main] INFO  server.StorageContainerManager (StorageContainerManager.java:stop(822)) - Stopping datanode service RPC server
2019-10-08 01:49:49,115 [main] INFO  server.SCMDatanodeProtocolServer (SCMDatanodeProtocolServer.java:stop(346)) - Stopping the RPC server for DataNodes
2019-10-08 01:49:49,115 [main] INFO  ipc.Server (Server.java:stop(3082)) - Stopping server on 36383
2019-10-08 01:49:49,119 [IPC Server listener on 36383] INFO  ipc.Server (Server.java:run(1185)) - Stopping IPC Server listener on 36383
2019-10-08 01:49:49,119 [IPC Server Responder] INFO  ipc.Server (Server.java:run(1319)) - Stopping IPC Server Responder
2019-10-08 01:49:49,142 [SCM Heartbeat Processing Thread - 0] WARN  node.NodeStateManager (NodeStateManager.java:scheduleNextHealthCheck(646)) - Current Thread is interrupted, shutting down HB processing thread for Node Manager.
2019-10-08 01:49:49,142 [main] INFO  server.StorageContainerManager (StorageContainerManager.java:stop(830)) - Stopping block service RPC server
2019-10-08 01:49:49,143 [main] INFO  server.SCMBlockProtocolServer (SCMBlockProtocolServer.java:stop(155)) - Stopping the RPC server for Block Protocol
2019-10-08 01:49:49,143 [main] INFO  ipc.Server (Server.java:stop(3082)) - Stopping server on 45430
2019-10-08 01:49:49,145 [IPC Server listener on 45430] INFO  ipc.Server (Server.java:run(1185)) - Stopping IPC Server listener on 45430
2019-10-08 01:49:49,145 [main] INFO  server.StorageContainerManager (StorageContainerManager.java:stop(837)) - Stopping the StorageContainerLocationProtocol RPC server
2019-10-08 01:49:49,145 [IPC Server Responder] INFO  ipc.Server (Server.java:run(1319)) - Stopping IPC Server Responder
2019-10-08 01:49:49,146 [main] INFO  server.SCMClientProtocolServer (SCMClientProtocolServer.java:stop(168)) - Stopping the RPC server for Client Protocol
2019-10-08 01:49:49,146 [main] INFO  ipc.Server (Server.java:stop(3082)) - Stopping server on 43411
2019-10-08 01:49:49,148 [IPC Server listener on 43411] INFO  ipc.Server (Server.java:run(1185)) - Stopping IPC Server listener on 43411
2019-10-08 01:49:49,149 [main] INFO  server.StorageContainerManager (StorageContainerManager.java:stop(844)) - Stopping Storage Container Manager HTTP server.
2019-10-08 01:49:49,149 [IPC Server Responder] INFO  ipc.Server (Server.java:run(1319)) - Stopping IPC Server Responder
2019-10-08 01:49:49,151 [main] INFO  handler.ContextHandler (ContextHandler.java:doStop(910)) - Stopped o.e.j.w.WebAppContext@67f946c3{/,null,UNAVAILABLE}{/scm}
2019-10-08 01:49:49,151 [main] INFO  server.AbstractConnector (AbstractConnector.java:doStop(318)) - Stopped ServerConnector@21b51e59{HTTP/1.1,[http/1.1]}{0.0.0.0:0}
2019-10-08 01:49:49,151 [main] INFO  handler.ContextHandler (ContextHandler.java:doStop(910)) - Stopped o.e.j.s.ServletContextHandler@6d294ddc{/static,file:///workdir/hadoop-ozone/integration-test/target/test-classes/webapps/static,UNAVAILABLE}
2019-10-08 01:49:49,152 [main] INFO  handler.ContextHandler (ContextHandler.java:doStop(910)) - Stopped o.e.j.s.ServletContextHandler@5785e813{/logs,file:///workdir/hadoop-ozone/integration-test/target/log,UNAVAILABLE}
2019-10-08 01:49:49,152 [main] INFO  server.StorageContainerManager (StorageContainerManager.java:stop(855)) - Stopping Block Manager Service.
2019-10-08 01:49:49,153 [main] INFO  utils.BackgroundService (BackgroundService.java:shutdown(148)) - Shutting down service SCMBlockDeletingService
2019-10-08 01:49:49,153 [main] INFO  utils.BackgroundService (BackgroundService.java:shutdown(148)) - Shutting down service SCMBlockDeletingService
2019-10-08 01:49:49,153 [main] INFO  server.StorageContainerManager (StorageContainerManager.java:stop(877)) - Stopping SCM Event Queue.
2019-10-08 01:49:49,158 [main] INFO  impl.MetricsSystemImpl (MetricsSystemImpl.java:stop(210)) - Stopping HddsDatanode metrics system...
2019-10-08 01:49:49,186 [main] INFO  impl.MetricsSystemImpl (MetricsSystemImpl.java:stop(216)) - HddsDatanode metrics system stopped.
]]></system-out>
    <system-err><![CDATA[Oct 08, 2019 1:49:38 AM org.apache.ratis.thirdparty.io.grpc.internal.SerializingExecutor run
SEVERE: Exception while executing runnable org.apache.ratis.thirdparty.io.grpc.internal.ServerImpl$JumpToApplicationThreadServerStreamListener$1Closed@3c48f2f1
org.apache.ratis.thirdparty.io.grpc.StatusRuntimeException: CANCELLED: call already cancelled
	at org.apache.ratis.thirdparty.io.grpc.Status.asRuntimeException(Status.java:517)
	at org.apache.ratis.thirdparty.io.grpc.stub.ServerCalls$ServerCallStreamObserverImpl.onCompleted(ServerCalls.java:356)
	at org.apache.ratis.grpc.server.GrpcServerProtocolService$ServerRequestStreamObserver.onError(GrpcServerProtocolService.java:121)
	at org.apache.ratis.thirdparty.io.grpc.stub.ServerCalls$StreamingServerCallHandler$StreamingServerCallListener.onCancel(ServerCalls.java:269)
	at org.apache.ratis.thirdparty.io.grpc.internal.ServerCallImpl$ServerStreamListenerImpl.closed(ServerCallImpl.java:293)
	at org.apache.ratis.thirdparty.io.grpc.internal.ServerImpl$JumpToApplicationThreadServerStreamListener$1Closed.runInContext(ServerImpl.java:741)
	at org.apache.ratis.thirdparty.io.grpc.internal.ContextRunnable.run(ContextRunnable.java:37)
	at org.apache.ratis.thirdparty.io.grpc.internal.SerializingExecutor.run(SerializingExecutor.java:123)
	at java.util.concurrent.ThreadPoolExecutor.runWorker(ThreadPoolExecutor.java:1149)
	at java.util.concurrent.ThreadPoolExecutor$Worker.run(ThreadPoolExecutor.java:624)
	at java.lang.Thread.run(Thread.java:748)

Oct 08, 2019 1:49:43 AM org.apache.ratis.thirdparty.io.grpc.internal.SerializingExecutor run
SEVERE: Exception while executing runnable org.apache.ratis.thirdparty.io.grpc.internal.ServerImpl$JumpToApplicationThreadServerStreamListener$1Closed@32b02ed6
org.apache.ratis.thirdparty.io.grpc.StatusRuntimeException: CANCELLED: call already cancelled
	at org.apache.ratis.thirdparty.io.grpc.Status.asRuntimeException(Status.java:517)
	at org.apache.ratis.thirdparty.io.grpc.stub.ServerCalls$ServerCallStreamObserverImpl.onCompleted(ServerCalls.java:356)
	at org.apache.ratis.grpc.server.GrpcServerProtocolService$ServerRequestStreamObserver.onError(GrpcServerProtocolService.java:121)
	at org.apache.ratis.thirdparty.io.grpc.stub.ServerCalls$StreamingServerCallHandler$StreamingServerCallListener.onCancel(ServerCalls.java:269)
	at org.apache.ratis.thirdparty.io.grpc.internal.ServerCallImpl$ServerStreamListenerImpl.closed(ServerCallImpl.java:293)
	at org.apache.ratis.thirdparty.io.grpc.internal.ServerImpl$JumpToApplicationThreadServerStreamListener$1Closed.runInContext(ServerImpl.java:741)
	at org.apache.ratis.thirdparty.io.grpc.internal.ContextRunnable.run(ContextRunnable.java:37)
	at org.apache.ratis.thirdparty.io.grpc.internal.SerializingExecutor.run(SerializingExecutor.java:123)
	at java.util.concurrent.ThreadPoolExecutor.runWorker(ThreadPoolExecutor.java:1149)
	at java.util.concurrent.ThreadPoolExecutor$Worker.run(ThreadPoolExecutor.java:624)
	at java.lang.Thread.run(Thread.java:748)

]]></system-err>
  </testcase>
  <testcase name="testFailureWithPrimeSizedData" classname="org.apache.hadoop.ozone.client.rpc.TestBlockOutputStreamWithFailures" time="34.235"/>
  <testcase name="testWatchForCommitWithCloseContainerException" classname="org.apache.hadoop.ozone.client.rpc.TestBlockOutputStreamWithFailures" time="39.831"/>
  <testcase name="testExceptionDuringClose" classname="org.apache.hadoop.ozone.client.rpc.TestBlockOutputStreamWithFailures" time="41.466"/>
</testsuite>