<?xml version="1.0" encoding="UTF-8"?>
<testsuite xmlns:xsi="http://www.w3.org/2001/XMLSchema-instance" xsi:noNamespaceSchemaLocation="https://maven.apache.org/surefire/maven-surefire-plugin/xsd/surefire-test-report.xsd" name="org.apache.hadoop.ozone.client.rpc.TestOzoneClientRetriesOnException" time="169.976" tests="2" errors="1" skipped="0" failures="0">
  <properties>
    <property name="awt.toolkit" value="sun.awt.X11.XToolkit"/>
    <property name="file.encoding.pkg" value="sun.io"/>
    <property name="java.specification.version" value="1.8"/>
    <property name="sun.cpu.isalist" value=""/>
    <property name="sun.jnu.encoding" value="UTF-8"/>
    <property name="java.class.path" value="/workdir/hadoop-ozone/integration-test/target/test-classes:/workdir/hadoop-ozone/integration-test/target/classes:/home/user/.m2/repository/org/apache/hadoop/hadoop-ozone-common/0.5.0-SNAPSHOT/hadoop-ozone-common-0.5.0-SNAPSHOT.jar:/home/user/.m2/repository/org/apache/commons/commons-compress/1.4.1/commons-compress-1.4.1.jar:/home/user/.m2/repository/org/tukaani/xz/1.0/xz-1.0.jar:/home/user/.m2/repository/org/apache/hadoop/hadoop-common/3.2.0/hadoop-common-3.2.0.jar:/home/user/.m2/repository/org/apache/hadoop/hadoop-hdfs/3.2.0/hadoop-hdfs-3.2.0.jar:/home/user/.m2/repository/org/apache/hadoop/hadoop-hdfs-client/3.2.0/hadoop-hdfs-client-3.2.0.jar:/home/user/.m2/repository/com/fasterxml/jackson/core/jackson-annotations/2.9.9/jackson-annotations-2.9.9.jar:/home/user/.m2/repository/org/apache/hadoop/hadoop-hdds-common/0.5.0-SNAPSHOT/hadoop-hdds-common-0.5.0-SNAPSHOT.jar:/home/user/.m2/repository/javax/annotation/javax.annotation-api/1.2/javax.annotation-api-1.2.jar:/home/user/.m2/repository/org/apache/ratis/ratis-server/0.5.0-201fc85-SNAPSHOT/ratis-server-0.5.0-201fc85-SNAPSHOT.jar:/home/user/.m2/repository/org/apache/ratis/ratis-thirdparty-misc/0.2.0/ratis-thirdparty-misc-0.2.0.jar:/home/user/.m2/repository/org/apache/ratis/ratis-proto/0.5.0-201fc85-SNAPSHOT/ratis-proto-0.5.0-201fc85-SNAPSHOT.jar:/home/user/.m2/repository/org/apache/ratis/ratis-common/0.5.0-201fc85-SNAPSHOT/ratis-common-0.5.0-201fc85-SNAPSHOT.jar:/home/user/.m2/repository/org/apache/ratis/ratis-client/0.5.0-201fc85-SNAPSHOT/ratis-client-0.5.0-201fc85-SNAPSHOT.jar:/home/user/.m2/repository/org/apache/ratis/ratis-metrics/0.5.0-201fc85-SNAPSHOT/ratis-metrics-0.5.0-201fc85-SNAPSHOT.jar:/home/user/.m2/repository/com/github/joshelser/dropwizard-metrics-hadoop-metrics2-reporter/0.1.2/dropwizard-metrics-hadoop-metrics2-reporter-0.1.2.jar:/home/user/.m2/repository/io/dropwizard/metrics/metrics-jvm/3.2.5/metrics-jvm-3.2.5.jar:/home/user/.m2/repository/io/dropwizard/metrics/metrics-ganglia/3.2.5/metrics-ganglia-3.2.5.jar:/home/user/.m2/repository/info/ganglia/gmetric4j/gmetric4j/1.0.7/gmetric4j-1.0.7.jar:/home/user/.m2/repository/org/apache/ratis/ratis-netty/0.5.0-201fc85-SNAPSHOT/ratis-netty-0.5.0-201fc85-SNAPSHOT.jar:/home/user/.m2/repository/org/apache/ratis/ratis-grpc/0.5.0-201fc85-SNAPSHOT/ratis-grpc-0.5.0-201fc85-SNAPSHOT.jar:/home/user/.m2/repository/org/rocksdb/rocksdbjni/6.0.1/rocksdbjni-6.0.1.jar:/home/user/.m2/repository/org/apache/logging/log4j/log4j-api/2.11.0/log4j-api-2.11.0.jar:/home/user/.m2/repository/org/apache/logging/log4j/log4j-core/2.11.0/log4j-core-2.11.0.jar:/home/user/.m2/repository/com/lmax/disruptor/3.4.2/disruptor-3.4.2.jar:/home/user/.m2/repository/org/apache/commons/commons-pool2/2.6.0/commons-pool2-2.6.0.jar:/home/user/.m2/repository/org/bouncycastle/bcpkix-jdk15on/1.60/bcpkix-jdk15on-1.60.jar:/home/user/.m2/repository/commons-validator/commons-validator/1.6/commons-validator-1.6.jar:/home/user/.m2/repository/commons-digester/commons-digester/1.8.1/commons-digester-1.8.1.jar:/home/user/.m2/repository/io/jaegertracing/jaeger-client/0.34.0/jaeger-client-0.34.0.jar:/home/user/.m2/repository/io/jaegertracing/jaeger-thrift/0.34.0/jaeger-thrift-0.34.0.jar:/home/user/.m2/repository/org/apache/thrift/libthrift/0.12.0/libthrift-0.12.0.jar:/home/user/.m2/repository/com/squareup/okhttp3/okhttp/3.9.0/okhttp-3.9.0.jar:/home/user/.m2/repository/com/squareup/okio/okio/1.13.0/okio-1.13.0.jar:/home/user/.m2/repository/io/jaegertracing/jaeger-core/0.34.0/jaeger-core-0.34.0.jar:/home/user/.m2/repository/io/jaegertracing/jaeger-tracerresolver/0.34.0/jaeger-tracerresolver-0.34.0.jar:/home/user/.m2/repository/io/opentracing/contrib/opentracing-tracerresolver/0.1.5/opentracing-tracerresolver-0.1.5.jar:/home/user/.m2/repository/io/opentracing/opentracing-util/0.31.0/opentracing-util-0.31.0.jar:/home/user/.m2/repository/io/opentracing/opentracing-api/0.31.0/opentracing-api-0.31.0.jar:/home/user/.m2/repository/io/opentracing/opentracing-noop/0.31.0/opentracing-noop-0.31.0.jar:/home/user/.m2/repository/org/apache/hadoop/hadoop-hdds-server-framework/0.5.0-SNAPSHOT/hadoop-hdds-server-framework-0.5.0-SNAPSHOT.jar:/home/user/.m2/repository/org/apache/hadoop/hadoop-hdds-container-service/0.5.0-SNAPSHOT/hadoop-hdds-container-service-0.5.0-SNAPSHOT.jar:/home/user/.m2/repository/org/apache/hadoop/hadoop-hdds-client/0.5.0-SNAPSHOT/hadoop-hdds-client-0.5.0-SNAPSHOT.jar:/home/user/.m2/repository/org/apache/hadoop/hadoop-hdds-tools/0.5.0-SNAPSHOT/hadoop-hdds-tools-0.5.0-SNAPSHOT.jar:/home/user/.m2/repository/org/apache/hadoop/hadoop-hdds-server-scm/0.5.0-SNAPSHOT/hadoop-hdds-server-scm-0.5.0-SNAPSHOT.jar:/home/user/.m2/repository/org/apache/hadoop/hadoop-hdds-docs/0.5.0-SNAPSHOT/hadoop-hdds-docs-0.5.0-SNAPSHOT.jar:/home/user/.m2/repository/io/dropwizard/metrics/metrics-core/3.2.4/metrics-core-3.2.4.jar:/home/user/.m2/repository/org/hamcrest/hamcrest-all/1.3/hamcrest-all-1.3.jar:/home/user/.m2/repository/org/bouncycastle/bcprov-jdk15on/1.60/bcprov-jdk15on-1.60.jar:/home/user/.m2/repository/info/picocli/picocli/3.9.6/picocli-3.9.6.jar:/home/user/.m2/repository/com/google/protobuf/protobuf-java/2.5.0/protobuf-java-2.5.0.jar:/home/user/.m2/repository/com/google/guava/guava/11.0.2/guava-11.0.2.jar:/home/user/.m2/repository/org/apache/hadoop/hadoop-ozone-ozone-manager/0.5.0-SNAPSHOT/hadoop-ozone-ozone-manager-0.5.0-SNAPSHOT.jar:/home/user/.m2/repository/org/apache/hadoop/hadoop-minikdc/3.2.0/hadoop-minikdc-3.2.0.jar:/home/user/.m2/repository/commons-io/commons-io/2.5/commons-io-2.5.jar:/home/user/.m2/repository/org/apache/kerby/kerb-simplekdc/1.0.1/kerb-simplekdc-1.0.1.jar:/home/user/.m2/repository/org/apache/kerby/kerb-client/1.0.1/kerb-client-1.0.1.jar:/home/user/.m2/repository/org/apache/kerby/kerby-config/1.0.1/kerby-config-1.0.1.jar:/home/user/.m2/repository/org/apache/kerby/kerb-core/1.0.1/kerb-core-1.0.1.jar:/home/user/.m2/repository/org/apache/kerby/kerby-pkix/1.0.1/kerby-pkix-1.0.1.jar:/home/user/.m2/repository/org/apache/kerby/kerby-asn1/1.0.1/kerby-asn1-1.0.1.jar:/home/user/.m2/repository/org/apache/kerby/kerby-util/1.0.1/kerby-util-1.0.1.jar:/home/user/.m2/repository/org/apache/kerby/kerb-common/1.0.1/kerb-common-1.0.1.jar:/home/user/.m2/repository/org/apache/kerby/kerb-crypto/1.0.1/kerb-crypto-1.0.1.jar:/home/user/.m2/repository/org/apache/kerby/kerb-util/1.0.1/kerb-util-1.0.1.jar:/home/user/.m2/repository/org/apache/kerby/token-provider/1.0.1/token-provider-1.0.1.jar:/home/user/.m2/repository/org/apache/kerby/kerb-admin/1.0.1/kerb-admin-1.0.1.jar:/home/user/.m2/repository/org/apache/kerby/kerb-server/1.0.1/kerb-server-1.0.1.jar:/home/user/.m2/repository/org/apache/kerby/kerb-identity/1.0.1/kerb-identity-1.0.1.jar:/home/user/.m2/repository/org/apache/kerby/kerby-xdr/1.0.1/kerby-xdr-1.0.1.jar:/home/user/.m2/repository/org/slf4j/slf4j-log4j12/1.7.25/slf4j-log4j12-1.7.25.jar:/home/user/.m2/repository/org/apache/hadoop/hadoop-ozone-s3gateway/0.5.0-SNAPSHOT/hadoop-ozone-s3gateway-0.5.0-SNAPSHOT.jar:/home/user/.m2/repository/org/jboss/weld/servlet/weld-servlet/2.4.7.Final/weld-servlet-2.4.7.Final.jar:/home/user/.m2/repository/org/glassfish/jersey/containers/jersey-container-servlet-core/2.27/jersey-container-servlet-core-2.27.jar:/home/user/.m2/repository/org/glassfish/hk2/external/javax.inject/2.5.0-b42/javax.inject-2.5.0-b42.jar:/home/user/.m2/repository/org/glassfish/jersey/core/jersey-common/2.27/jersey-common-2.27.jar:/home/user/.m2/repository/org/glassfish/hk2/osgi-resource-locator/1.0.1/osgi-resource-locator-1.0.1.jar:/home/user/.m2/repository/javax/ws/rs/javax.ws.rs-api/2.1/javax.ws.rs-api-2.1.jar:/home/user/.m2/repository/org/glassfish/jersey/ext/cdi/jersey-cdi1x/2.27/jersey-cdi1x-2.27.jar:/home/user/.m2/repository/org/glassfish/jersey/inject/jersey-hk2/2.27/jersey-hk2-2.27.jar:/home/user/.m2/repository/org/glassfish/hk2/hk2-locator/2.5.0-b42/hk2-locator-2.5.0-b42.jar:/home/user/.m2/repository/org/javassist/javassist/3.22.0-CR2/javassist-3.22.0-CR2.jar:/home/user/.m2/repository/org/glassfish/hk2/hk2-api/2.5.0/hk2-api-2.5.0.jar:/home/user/.m2/repository/org/glassfish/hk2/external/jakarta.inject/2.5.0/jakarta.inject-2.5.0.jar:/home/user/.m2/repository/org/glassfish/hk2/hk2-utils/2.5.0/hk2-utils-2.5.0.jar:/home/user/.m2/repository/jakarta/annotation/jakarta.annotation-api/1.3.4/jakarta.annotation-api-1.3.4.jar:/home/user/.m2/repository/org/glassfish/hk2/external/aopalliance-repackaged/2.5.0/aopalliance-repackaged-2.5.0.jar:/home/user/.m2/repository/com/fasterxml/jackson/dataformat/jackson-dataformat-xml/2.9.0/jackson-dataformat-xml-2.9.0.jar:/home/user/.m2/repository/com/fasterxml/jackson/core/jackson-core/2.9.9/jackson-core-2.9.9.jar:/home/user/.m2/repository/com/fasterxml/jackson/module/jackson-module-jaxb-annotations/2.9.9/jackson-module-jaxb-annotations-2.9.9.jar:/home/user/.m2/repository/javax/enterprise/cdi-api/1.2/cdi-api-1.2.jar:/home/user/.m2/repository/javax/el/javax.el-api/3.0.0/javax.el-api-3.0.0.jar:/home/user/.m2/repository/javax/interceptor/javax.interceptor-api/1.2/javax.interceptor-api-1.2.jar:/home/user/.m2/repository/javax/inject/javax.inject/1/javax.inject-1.jar:/home/user/.m2/repository/com/sun/xml/bind/jaxb-impl/2.3.0.1/jaxb-impl-2.3.0.1.jar:/home/user/.m2/repository/com/sun/xml/bind/jaxb-core/2.3.0.1/jaxb-core-2.3.0.1.jar:/home/user/.m2/repository/javax/xml/bind/jaxb-api/2.3.0/jaxb-api-2.3.0.jar:/home/user/.m2/repository/javax/activation/activation/1.1.1/activation-1.1.1.jar:/home/user/.m2/repository/org/apache/hadoop/hadoop-ozone-csi/0.5.0-SNAPSHOT/hadoop-ozone-csi-0.5.0-SNAPSHOT.jar:/home/user/.m2/repository/com/google/protobuf/protobuf-java-util/3.5.1/protobuf-java-util-3.5.1.jar:/home/user/.m2/repository/org/apache/hadoop/hadoop-hdds-config/0.5.0-SNAPSHOT/hadoop-hdds-config-0.5.0-SNAPSHOT.jar:/home/user/.m2/repository/io/grpc/grpc-netty/1.17.1/grpc-netty-1.17.1.jar:/home/user/.m2/repository/io/grpc/grpc-core/1.17.1/grpc-core-1.17.1.jar:/home/user/.m2/repository/io/grpc/grpc-context/1.17.1/grpc-context-1.17.1.jar:/home/user/.m2/repository/com/google/errorprone/error_prone_annotations/2.2.0/error_prone_annotations-2.2.0.jar:/home/user/.m2/repository/org/codehaus/mojo/animal-sniffer-annotations/1.17/animal-sniffer-annotations-1.17.jar:/home/user/.m2/repository/io/opencensus/opencensus-api/0.17.0/opencensus-api-0.17.0.jar:/home/user/.m2/repository/io/opencensus/opencensus-contrib-grpc-metrics/0.17.0/opencensus-contrib-grpc-metrics-0.17.0.jar:/home/user/.m2/repository/io/netty/netty-codec-http2/4.1.30.Final/netty-codec-http2-4.1.30.Final.jar:/home/user/.m2/repository/io/netty/netty-codec-http/4.1.30.Final/netty-codec-http-4.1.30.Final.jar:/home/user/.m2/repository/io/netty/netty-codec/4.1.30.Final/netty-codec-4.1.30.Final.jar:/home/user/.m2/repository/io/netty/netty-handler/4.1.30.Final/netty-handler-4.1.30.Final.jar:/home/user/.m2/repository/io/netty/netty-handler-proxy/4.1.30.Final/netty-handler-proxy-4.1.30.Final.jar:/home/user/.m2/repository/io/netty/netty-codec-socks/4.1.30.Final/netty-codec-socks-4.1.30.Final.jar:/home/user/.m2/repository/io/netty/netty-transport-native-epoll/4.1.30.Final/netty-transport-native-epoll-4.1.30.Final.jar:/home/user/.m2/repository/io/netty/netty-common/4.1.30.Final/netty-common-4.1.30.Final.jar:/home/user/.m2/repository/io/netty/netty-buffer/4.1.30.Final/netty-buffer-4.1.30.Final.jar:/home/user/.m2/repository/io/netty/netty-transport/4.1.30.Final/netty-transport-4.1.30.Final.jar:/home/user/.m2/repository/io/netty/netty-resolver/4.1.30.Final/netty-resolver-4.1.30.Final.jar:/home/user/.m2/repository/io/netty/netty-transport-native-unix-common/4.1.30.Final/netty-transport-native-unix-common-4.1.30.Final.jar:/home/user/.m2/repository/io/grpc/grpc-protobuf/1.17.1/grpc-protobuf-1.17.1.jar:/home/user/.m2/repository/com/google/api/grpc/proto-google-common-protos/1.0.0/proto-google-common-protos-1.0.0.jar:/home/user/.m2/repository/io/grpc/grpc-protobuf-lite/1.17.1/grpc-protobuf-lite-1.17.1.jar:/home/user/.m2/repository/io/grpc/grpc-stub/1.17.1/grpc-stub-1.17.1.jar:/home/user/.m2/repository/org/apache/hadoop/hadoop-ozone-recon/0.5.0-SNAPSHOT/hadoop-ozone-recon-0.5.0-SNAPSHOT.jar:/home/user/.m2/repository/org/apache/hadoop/hadoop-ozone-reconcodegen/0.5.0-SNAPSHOT/hadoop-ozone-reconcodegen-0.5.0-SNAPSHOT.jar:/home/user/.m2/repository/com/google/inject/extensions/guice-multibindings/4.0/guice-multibindings-4.0.jar:/home/user/.m2/repository/com/google/inject/guice/4.0/guice-4.0.jar:/home/user/.m2/repository/aopalliance/aopalliance/1.0/aopalliance-1.0.jar:/home/user/.m2/repository/com/google/inject/extensions/guice-servlet/4.0/guice-servlet-4.0.jar:/home/user/.m2/repository/org/glassfish/jersey/containers/jersey-container-servlet/2.27/jersey-container-servlet-2.27.jar:/home/user/.m2/repository/org/glassfish/hk2/guice-bridge/2.5.0/guice-bridge-2.5.0.jar:/home/user/.m2/repository/org/glassfish/jersey/core/jersey-server/2.27/jersey-server-2.27.jar:/home/user/.m2/repository/org/glassfish/jersey/core/jersey-client/2.27/jersey-client-2.27.jar:/home/user/.m2/repository/org/glassfish/jersey/media/jersey-media-jaxb/2.27/jersey-media-jaxb-2.27.jar:/home/user/.m2/repository/javax/validation/validation-api/1.1.0.Final/validation-api-1.1.0.Final.jar:/home/user/.m2/repository/org/glassfish/jersey/media/jersey-media-json-jackson/2.27/jersey-media-json-jackson-2.27.jar:/home/user/.m2/repository/org/glassfish/jersey/ext/jersey-entity-filtering/2.27/jersey-entity-filtering-2.27.jar:/home/user/.m2/repository/com/google/inject/extensions/guice-assistedinject/4.0/guice-assistedinject-4.0.jar:/home/user/.m2/repository/org/jooq/jooq/3.11.10/jooq-3.11.10.jar:/home/user/.m2/repository/org/jooq/jooq-meta/3.11.10/jooq-meta-3.11.10.jar:/home/user/.m2/repository/org/jooq/jooq-codegen/3.11.10/jooq-codegen-3.11.10.jar:/home/user/.m2/repository/com/jolbox/bonecp/0.8.0.RELEASE/bonecp-0.8.0.RELEASE.jar:/home/user/.m2/repository/org/xerial/sqlite-jdbc/3.25.2/sqlite-jdbc-3.25.2.jar:/home/user/.m2/repository/org/springframework/spring-jdbc/5.1.3.RELEASE/spring-jdbc-5.1.3.RELEASE.jar:/home/user/.m2/repository/org/springframework/spring-beans/5.1.3.RELEASE/spring-beans-5.1.3.RELEASE.jar:/home/user/.m2/repository/org/springframework/spring-core/5.1.3.RELEASE/spring-core-5.1.3.RELEASE.jar:/home/user/.m2/repository/org/springframework/spring-jcl/5.1.3.RELEASE/spring-jcl-5.1.3.RELEASE.jar:/home/user/.m2/repository/org/springframework/spring-tx/5.1.3.RELEASE/spring-tx-5.1.3.RELEASE.jar:/home/user/.m2/repository/org/apache/hadoop/hadoop-ozone-client/0.5.0-SNAPSHOT/hadoop-ozone-client-0.5.0-SNAPSHOT.jar:/home/user/.m2/repository/commons-lang/commons-lang/2.6/commons-lang-2.6.jar:/home/user/.m2/repository/org/apache/hadoop/hadoop-ozone-ozone-manager/0.5.0-SNAPSHOT/hadoop-ozone-ozone-manager-0.5.0-SNAPSHOT-tests.jar:/home/user/.m2/repository/junit/junit/4.11/junit-4.11.jar:/home/user/.m2/repository/org/hamcrest/hamcrest-core/1.3/hamcrest-core-1.3.jar:/home/user/.m2/repository/org/openjdk/jmh/jmh-core/1.19/jmh-core-1.19.jar:/home/user/.m2/repository/net/sf/jopt-simple/jopt-simple/4.6/jopt-simple-4.6.jar:/home/user/.m2/repository/org/apache/commons/commons-math3/3.1.1/commons-math3-3.1.1.jar:/home/user/.m2/repository/org/openjdk/jmh/jmh-generator-annprocess/1.19/jmh-generator-annprocess-1.19.jar:/home/user/.m2/repository/org/mockito/mockito-all/1.8.5/mockito-all-1.8.5.jar:/home/user/.m2/repository/org/apache/hadoop/hadoop-kms/3.2.0/hadoop-kms-3.2.0.jar:/home/user/.m2/repository/org/apache/hadoop/hadoop-auth/3.2.0/hadoop-auth-3.2.0.jar:/home/user/.m2/repository/com/nimbusds/nimbus-jose-jwt/4.41.1/nimbus-jose-jwt-4.41.1.jar:/home/user/.m2/repository/com/github/stephenc/jcip/jcip-annotations/1.0-1/jcip-annotations-1.0-1.jar:/home/user/.m2/repository/net/minidev/json-smart/2.3/json-smart-2.3.jar:/home/user/.m2/repository/net/minidev/accessors-smart/1.2/accessors-smart-1.2.jar:/home/user/.m2/repository/org/ow2/asm/asm/5.0.4/asm-5.0.4.jar:/home/user/.m2/repository/org/apache/curator/curator-framework/2.12.0/curator-framework-2.12.0.jar:/home/user/.m2/repository/com/sun/jersey/jersey-core/1.19/jersey-core-1.19.jar:/home/user/.m2/repository/javax/ws/rs/jsr311-api/1.1.1/jsr311-api-1.1.1.jar:/home/user/.m2/repository/com/sun/jersey/jersey-server/1.19/jersey-server-1.19.jar:/home/user/.m2/repository/javax/servlet/javax.servlet-api/3.1.0/javax.servlet-api-3.1.0.jar:/home/user/.m2/repository/org/eclipse/jetty/jetty-server/9.3.25.v20180904/jetty-server-9.3.25.v20180904.jar:/home/user/.m2/repository/org/eclipse/jetty/jetty-http/9.3.25.v20180904/jetty-http-9.3.25.v20180904.jar:/home/user/.m2/repository/org/eclipse/jetty/jetty-io/9.3.25.v20180904/jetty-io-9.3.25.v20180904.jar:/home/user/.m2/repository/org/eclipse/jetty/jetty-webapp/9.3.25.v20180904/jetty-webapp-9.3.25.v20180904.jar:/home/user/.m2/repository/org/eclipse/jetty/jetty-xml/9.3.25.v20180904/jetty-xml-9.3.25.v20180904.jar:/home/user/.m2/repository/log4j/log4j/1.2.17/log4j-1.2.17.jar:/home/user/.m2/repository/org/slf4j/slf4j-api/1.7.25/slf4j-api-1.7.25.jar:/home/user/.m2/repository/org/slf4j/jul-to-slf4j/1.7.25/jul-to-slf4j-1.7.25.jar:/home/user/.m2/repository/org/eclipse/jetty/jetty-util/9.3.25.v20180904/jetty-util-9.3.25.v20180904.jar:/home/user/.m2/repository/com/fasterxml/jackson/core/jackson-databind/2.9.9/jackson-databind-2.9.9.jar:/home/user/.m2/repository/org/apache/hadoop/hadoop-kms/3.2.0/hadoop-kms-3.2.0-tests.jar:/home/user/.m2/repository/org/apache/hadoop/hadoop-hdds-server-scm/0.5.0-SNAPSHOT/hadoop-hdds-server-scm-0.5.0-SNAPSHOT-tests.jar:/home/user/.m2/repository/org/apache/hadoop/hadoop-hdds-container-service/0.5.0-SNAPSHOT/hadoop-hdds-container-service-0.5.0-SNAPSHOT-tests.jar:/home/user/.m2/repository/org/yaml/snakeyaml/1.16/snakeyaml-1.16.jar:/home/user/.m2/repository/org/apache/hadoop/hadoop-common/3.2.0/hadoop-common-3.2.0-tests.jar:/home/user/.m2/repository/org/apache/hadoop/hadoop-annotations/3.2.0/hadoop-annotations-3.2.0.jar:/usr/lib/jvm/java-1.8-openjdk/jre/../lib/tools.jar:/home/user/.m2/repository/commons-cli/commons-cli/1.2/commons-cli-1.2.jar:/home/user/.m2/repository/org/apache/httpcomponents/httpclient/4.5.2/httpclient-4.5.2.jar:/home/user/.m2/repository/org/apache/httpcomponents/httpcore/4.4.4/httpcore-4.4.4.jar:/home/user/.m2/repository/commons-codec/commons-codec/1.11/commons-codec-1.11.jar:/home/user/.m2/repository/commons-net/commons-net/3.6/commons-net-3.6.jar:/home/user/.m2/repository/commons-collections/commons-collections/3.2.2/commons-collections-3.2.2.jar:/home/user/.m2/repository/org/eclipse/jetty/jetty-servlet/9.3.25.v20180904/jetty-servlet-9.3.25.v20180904.jar:/home/user/.m2/repository/org/eclipse/jetty/jetty-security/9.3.25.v20180904/jetty-security-9.3.25.v20180904.jar:/home/user/.m2/repository/javax/servlet/jsp/jsp-api/2.1/jsp-api-2.1.jar:/home/user/.m2/repository/com/sun/jersey/jersey-servlet/1.19/jersey-servlet-1.19.jar:/home/user/.m2/repository/com/sun/jersey/jersey-json/1.19/jersey-json-1.19.jar:/home/user/.m2/repository/org/codehaus/jettison/jettison/1.1/jettison-1.1.jar:/home/user/.m2/repository/org/codehaus/jackson/jackson-core-asl/1.9.13/jackson-core-asl-1.9.13.jar:/home/user/.m2/repository/org/codehaus/jackson/jackson-mapper-asl/1.9.13/jackson-mapper-asl-1.9.13.jar:/home/user/.m2/repository/org/codehaus/jackson/jackson-jaxrs/1.9.13/jackson-jaxrs-1.9.13.jar:/home/user/.m2/repository/org/codehaus/jackson/jackson-xc/1.9.13/jackson-xc-1.9.13.jar:/home/user/.m2/repository/commons-logging/commons-logging/1.1.3/commons-logging-1.1.3.jar:/home/user/.m2/repository/commons-beanutils/commons-beanutils/1.9.4/commons-beanutils-1.9.4.jar:/home/user/.m2/repository/org/apache/commons/commons-configuration2/2.1.1/commons-configuration2-2.1.1.jar:/home/user/.m2/repository/org/apache/commons/commons-lang3/3.7/commons-lang3-3.7.jar:/home/user/.m2/repository/org/apache/commons/commons-text/1.4/commons-text-1.4.jar:/home/user/.m2/repository/org/apache/avro/avro/1.7.7/avro-1.7.7.jar:/home/user/.m2/repository/com/thoughtworks/paranamer/paranamer/2.3/paranamer-2.3.jar:/home/user/.m2/repository/org/xerial/snappy/snappy-java/1.0.5/snappy-java-1.0.5.jar:/home/user/.m2/repository/com/google/re2j/re2j/1.1/re2j-1.1.jar:/home/user/.m2/repository/com/google/code/gson/gson/2.2.4/gson-2.2.4.jar:/home/user/.m2/repository/com/jcraft/jsch/0.1.54/jsch-0.1.54.jar:/home/user/.m2/repository/org/apache/curator/curator-client/2.12.0/curator-client-2.12.0.jar:/home/user/.m2/repository/org/apache/curator/curator-recipes/2.12.0/curator-recipes-2.12.0.jar:/home/user/.m2/repository/com/google/code/findbugs/jsr305/3.0.0/jsr305-3.0.0.jar:/home/user/.m2/repository/org/apache/htrace/htrace-core4/4.1.0-incubating/htrace-core4-4.1.0-incubating.jar:/home/user/.m2/repository/org/apache/zookeeper/zookeeper/3.4.13/zookeeper-3.4.13.jar:/home/user/.m2/repository/jline/jline/0.9.94/jline-0.9.94.jar:/home/user/.m2/repository/org/apache/yetus/audience-annotations/0.5.0/audience-annotations-0.5.0.jar:/home/user/.m2/repository/org/codehaus/woodstox/stax2-api/3.1.4/stax2-api-3.1.4.jar:/home/user/.m2/repository/com/fasterxml/woodstox/woodstox-core/5.0.3/woodstox-core-5.0.3.jar:/home/user/.m2/repository/dnsjava/dnsjava/2.1.7/dnsjava-2.1.7.jar:/home/user/.m2/repository/org/apache/hadoop/hadoop-hdfs/3.2.0/hadoop-hdfs-3.2.0-tests.jar:/home/user/.m2/repository/org/eclipse/jetty/jetty-util-ajax/9.3.25.v20180904/jetty-util-ajax-9.3.25.v20180904.jar:/home/user/.m2/repository/commons-daemon/commons-daemon/1.0.13/commons-daemon-1.0.13.jar:/home/user/.m2/repository/io/netty/netty/3.10.5.Final/netty-3.10.5.Final.jar:/home/user/.m2/repository/io/netty/netty-all/4.0.52.Final/netty-all-4.0.52.Final.jar:/home/user/.m2/repository/org/fusesource/leveldbjni/leveldbjni-all/1.8/leveldbjni-all-1.8.jar:"/>
    <property name="java.vm.vendor" value="IcedTea"/>
    <property name="sun.arch.data.model" value="64"/>
    <property name="test.build.dir" value="/workdir/hadoop-ozone/integration-test/target/test-dir"/>
    <property name="test.cache.data" value=""/>
    <property name="java.vendor.url" value="https://icedtea.classpath.org"/>
    <property name="user.timezone" value=""/>
    <property name="java.vm.specification.version" value="1.8"/>
    <property name="os.name" value="Linux"/>
    <property name="test.build.data" value="/workdir/hadoop-ozone/integration-test/target/test-dir"/>
    <property name="user.country" value="US"/>
    <property name="sun.java.launcher" value="SUN_STANDARD"/>
    <property name="sun.boot.library.path" value="/usr/lib/jvm/java-1.8-openjdk/jre/lib/amd64"/>
    <property name="sun.java.command" value="/workdir/hadoop-ozone/integration-test/target/surefire/surefirebooter7804107586539766525.jar /workdir/hadoop-ozone/integration-test/target/surefire 2019-10-08T00-38-45_914-jvmRun1 surefire5824438044623512889tmp surefire_527357190043229252156tmp"/>
    <property name="test" value="!TestMiniChaosOzoneCluster"/>
    <property name="surefire.test.class.path" value="/workdir/hadoop-ozone/integration-test/target/test-classes:/workdir/hadoop-ozone/integration-test/target/classes:/home/user/.m2/repository/org/apache/hadoop/hadoop-ozone-common/0.5.0-SNAPSHOT/hadoop-ozone-common-0.5.0-SNAPSHOT.jar:/home/user/.m2/repository/org/apache/commons/commons-compress/1.4.1/commons-compress-1.4.1.jar:/home/user/.m2/repository/org/tukaani/xz/1.0/xz-1.0.jar:/home/user/.m2/repository/org/apache/hadoop/hadoop-common/3.2.0/hadoop-common-3.2.0.jar:/home/user/.m2/repository/org/apache/hadoop/hadoop-hdfs/3.2.0/hadoop-hdfs-3.2.0.jar:/home/user/.m2/repository/org/apache/hadoop/hadoop-hdfs-client/3.2.0/hadoop-hdfs-client-3.2.0.jar:/home/user/.m2/repository/com/fasterxml/jackson/core/jackson-annotations/2.9.9/jackson-annotations-2.9.9.jar:/home/user/.m2/repository/org/apache/hadoop/hadoop-hdds-common/0.5.0-SNAPSHOT/hadoop-hdds-common-0.5.0-SNAPSHOT.jar:/home/user/.m2/repository/javax/annotation/javax.annotation-api/1.2/javax.annotation-api-1.2.jar:/home/user/.m2/repository/org/apache/ratis/ratis-server/0.5.0-201fc85-SNAPSHOT/ratis-server-0.5.0-201fc85-SNAPSHOT.jar:/home/user/.m2/repository/org/apache/ratis/ratis-thirdparty-misc/0.2.0/ratis-thirdparty-misc-0.2.0.jar:/home/user/.m2/repository/org/apache/ratis/ratis-proto/0.5.0-201fc85-SNAPSHOT/ratis-proto-0.5.0-201fc85-SNAPSHOT.jar:/home/user/.m2/repository/org/apache/ratis/ratis-common/0.5.0-201fc85-SNAPSHOT/ratis-common-0.5.0-201fc85-SNAPSHOT.jar:/home/user/.m2/repository/org/apache/ratis/ratis-client/0.5.0-201fc85-SNAPSHOT/ratis-client-0.5.0-201fc85-SNAPSHOT.jar:/home/user/.m2/repository/org/apache/ratis/ratis-metrics/0.5.0-201fc85-SNAPSHOT/ratis-metrics-0.5.0-201fc85-SNAPSHOT.jar:/home/user/.m2/repository/com/github/joshelser/dropwizard-metrics-hadoop-metrics2-reporter/0.1.2/dropwizard-metrics-hadoop-metrics2-reporter-0.1.2.jar:/home/user/.m2/repository/io/dropwizard/metrics/metrics-jvm/3.2.5/metrics-jvm-3.2.5.jar:/home/user/.m2/repository/io/dropwizard/metrics/metrics-ganglia/3.2.5/metrics-ganglia-3.2.5.jar:/home/user/.m2/repository/info/ganglia/gmetric4j/gmetric4j/1.0.7/gmetric4j-1.0.7.jar:/home/user/.m2/repository/org/apache/ratis/ratis-netty/0.5.0-201fc85-SNAPSHOT/ratis-netty-0.5.0-201fc85-SNAPSHOT.jar:/home/user/.m2/repository/org/apache/ratis/ratis-grpc/0.5.0-201fc85-SNAPSHOT/ratis-grpc-0.5.0-201fc85-SNAPSHOT.jar:/home/user/.m2/repository/org/rocksdb/rocksdbjni/6.0.1/rocksdbjni-6.0.1.jar:/home/user/.m2/repository/org/apache/logging/log4j/log4j-api/2.11.0/log4j-api-2.11.0.jar:/home/user/.m2/repository/org/apache/logging/log4j/log4j-core/2.11.0/log4j-core-2.11.0.jar:/home/user/.m2/repository/com/lmax/disruptor/3.4.2/disruptor-3.4.2.jar:/home/user/.m2/repository/org/apache/commons/commons-pool2/2.6.0/commons-pool2-2.6.0.jar:/home/user/.m2/repository/org/bouncycastle/bcpkix-jdk15on/1.60/bcpkix-jdk15on-1.60.jar:/home/user/.m2/repository/commons-validator/commons-validator/1.6/commons-validator-1.6.jar:/home/user/.m2/repository/commons-digester/commons-digester/1.8.1/commons-digester-1.8.1.jar:/home/user/.m2/repository/io/jaegertracing/jaeger-client/0.34.0/jaeger-client-0.34.0.jar:/home/user/.m2/repository/io/jaegertracing/jaeger-thrift/0.34.0/jaeger-thrift-0.34.0.jar:/home/user/.m2/repository/org/apache/thrift/libthrift/0.12.0/libthrift-0.12.0.jar:/home/user/.m2/repository/com/squareup/okhttp3/okhttp/3.9.0/okhttp-3.9.0.jar:/home/user/.m2/repository/com/squareup/okio/okio/1.13.0/okio-1.13.0.jar:/home/user/.m2/repository/io/jaegertracing/jaeger-core/0.34.0/jaeger-core-0.34.0.jar:/home/user/.m2/repository/io/jaegertracing/jaeger-tracerresolver/0.34.0/jaeger-tracerresolver-0.34.0.jar:/home/user/.m2/repository/io/opentracing/contrib/opentracing-tracerresolver/0.1.5/opentracing-tracerresolver-0.1.5.jar:/home/user/.m2/repository/io/opentracing/opentracing-util/0.31.0/opentracing-util-0.31.0.jar:/home/user/.m2/repository/io/opentracing/opentracing-api/0.31.0/opentracing-api-0.31.0.jar:/home/user/.m2/repository/io/opentracing/opentracing-noop/0.31.0/opentracing-noop-0.31.0.jar:/home/user/.m2/repository/org/apache/hadoop/hadoop-hdds-server-framework/0.5.0-SNAPSHOT/hadoop-hdds-server-framework-0.5.0-SNAPSHOT.jar:/home/user/.m2/repository/org/apache/hadoop/hadoop-hdds-container-service/0.5.0-SNAPSHOT/hadoop-hdds-container-service-0.5.0-SNAPSHOT.jar:/home/user/.m2/repository/org/apache/hadoop/hadoop-hdds-client/0.5.0-SNAPSHOT/hadoop-hdds-client-0.5.0-SNAPSHOT.jar:/home/user/.m2/repository/org/apache/hadoop/hadoop-hdds-tools/0.5.0-SNAPSHOT/hadoop-hdds-tools-0.5.0-SNAPSHOT.jar:/home/user/.m2/repository/org/apache/hadoop/hadoop-hdds-server-scm/0.5.0-SNAPSHOT/hadoop-hdds-server-scm-0.5.0-SNAPSHOT.jar:/home/user/.m2/repository/org/apache/hadoop/hadoop-hdds-docs/0.5.0-SNAPSHOT/hadoop-hdds-docs-0.5.0-SNAPSHOT.jar:/home/user/.m2/repository/io/dropwizard/metrics/metrics-core/3.2.4/metrics-core-3.2.4.jar:/home/user/.m2/repository/org/hamcrest/hamcrest-all/1.3/hamcrest-all-1.3.jar:/home/user/.m2/repository/org/bouncycastle/bcprov-jdk15on/1.60/bcprov-jdk15on-1.60.jar:/home/user/.m2/repository/info/picocli/picocli/3.9.6/picocli-3.9.6.jar:/home/user/.m2/repository/com/google/protobuf/protobuf-java/2.5.0/protobuf-java-2.5.0.jar:/home/user/.m2/repository/com/google/guava/guava/11.0.2/guava-11.0.2.jar:/home/user/.m2/repository/org/apache/hadoop/hadoop-ozone-ozone-manager/0.5.0-SNAPSHOT/hadoop-ozone-ozone-manager-0.5.0-SNAPSHOT.jar:/home/user/.m2/repository/org/apache/hadoop/hadoop-minikdc/3.2.0/hadoop-minikdc-3.2.0.jar:/home/user/.m2/repository/commons-io/commons-io/2.5/commons-io-2.5.jar:/home/user/.m2/repository/org/apache/kerby/kerb-simplekdc/1.0.1/kerb-simplekdc-1.0.1.jar:/home/user/.m2/repository/org/apache/kerby/kerb-client/1.0.1/kerb-client-1.0.1.jar:/home/user/.m2/repository/org/apache/kerby/kerby-config/1.0.1/kerby-config-1.0.1.jar:/home/user/.m2/repository/org/apache/kerby/kerb-core/1.0.1/kerb-core-1.0.1.jar:/home/user/.m2/repository/org/apache/kerby/kerby-pkix/1.0.1/kerby-pkix-1.0.1.jar:/home/user/.m2/repository/org/apache/kerby/kerby-asn1/1.0.1/kerby-asn1-1.0.1.jar:/home/user/.m2/repository/org/apache/kerby/kerby-util/1.0.1/kerby-util-1.0.1.jar:/home/user/.m2/repository/org/apache/kerby/kerb-common/1.0.1/kerb-common-1.0.1.jar:/home/user/.m2/repository/org/apache/kerby/kerb-crypto/1.0.1/kerb-crypto-1.0.1.jar:/home/user/.m2/repository/org/apache/kerby/kerb-util/1.0.1/kerb-util-1.0.1.jar:/home/user/.m2/repository/org/apache/kerby/token-provider/1.0.1/token-provider-1.0.1.jar:/home/user/.m2/repository/org/apache/kerby/kerb-admin/1.0.1/kerb-admin-1.0.1.jar:/home/user/.m2/repository/org/apache/kerby/kerb-server/1.0.1/kerb-server-1.0.1.jar:/home/user/.m2/repository/org/apache/kerby/kerb-identity/1.0.1/kerb-identity-1.0.1.jar:/home/user/.m2/repository/org/apache/kerby/kerby-xdr/1.0.1/kerby-xdr-1.0.1.jar:/home/user/.m2/repository/org/slf4j/slf4j-log4j12/1.7.25/slf4j-log4j12-1.7.25.jar:/home/user/.m2/repository/org/apache/hadoop/hadoop-ozone-s3gateway/0.5.0-SNAPSHOT/hadoop-ozone-s3gateway-0.5.0-SNAPSHOT.jar:/home/user/.m2/repository/org/jboss/weld/servlet/weld-servlet/2.4.7.Final/weld-servlet-2.4.7.Final.jar:/home/user/.m2/repository/org/glassfish/jersey/containers/jersey-container-servlet-core/2.27/jersey-container-servlet-core-2.27.jar:/home/user/.m2/repository/org/glassfish/hk2/external/javax.inject/2.5.0-b42/javax.inject-2.5.0-b42.jar:/home/user/.m2/repository/org/glassfish/jersey/core/jersey-common/2.27/jersey-common-2.27.jar:/home/user/.m2/repository/org/glassfish/hk2/osgi-resource-locator/1.0.1/osgi-resource-locator-1.0.1.jar:/home/user/.m2/repository/javax/ws/rs/javax.ws.rs-api/2.1/javax.ws.rs-api-2.1.jar:/home/user/.m2/repository/org/glassfish/jersey/ext/cdi/jersey-cdi1x/2.27/jersey-cdi1x-2.27.jar:/home/user/.m2/repository/org/glassfish/jersey/inject/jersey-hk2/2.27/jersey-hk2-2.27.jar:/home/user/.m2/repository/org/glassfish/hk2/hk2-locator/2.5.0-b42/hk2-locator-2.5.0-b42.jar:/home/user/.m2/repository/org/javassist/javassist/3.22.0-CR2/javassist-3.22.0-CR2.jar:/home/user/.m2/repository/org/glassfish/hk2/hk2-api/2.5.0/hk2-api-2.5.0.jar:/home/user/.m2/repository/org/glassfish/hk2/external/jakarta.inject/2.5.0/jakarta.inject-2.5.0.jar:/home/user/.m2/repository/org/glassfish/hk2/hk2-utils/2.5.0/hk2-utils-2.5.0.jar:/home/user/.m2/repository/jakarta/annotation/jakarta.annotation-api/1.3.4/jakarta.annotation-api-1.3.4.jar:/home/user/.m2/repository/org/glassfish/hk2/external/aopalliance-repackaged/2.5.0/aopalliance-repackaged-2.5.0.jar:/home/user/.m2/repository/com/fasterxml/jackson/dataformat/jackson-dataformat-xml/2.9.0/jackson-dataformat-xml-2.9.0.jar:/home/user/.m2/repository/com/fasterxml/jackson/core/jackson-core/2.9.9/jackson-core-2.9.9.jar:/home/user/.m2/repository/com/fasterxml/jackson/module/jackson-module-jaxb-annotations/2.9.9/jackson-module-jaxb-annotations-2.9.9.jar:/home/user/.m2/repository/javax/enterprise/cdi-api/1.2/cdi-api-1.2.jar:/home/user/.m2/repository/javax/el/javax.el-api/3.0.0/javax.el-api-3.0.0.jar:/home/user/.m2/repository/javax/interceptor/javax.interceptor-api/1.2/javax.interceptor-api-1.2.jar:/home/user/.m2/repository/javax/inject/javax.inject/1/javax.inject-1.jar:/home/user/.m2/repository/com/sun/xml/bind/jaxb-impl/2.3.0.1/jaxb-impl-2.3.0.1.jar:/home/user/.m2/repository/com/sun/xml/bind/jaxb-core/2.3.0.1/jaxb-core-2.3.0.1.jar:/home/user/.m2/repository/javax/xml/bind/jaxb-api/2.3.0/jaxb-api-2.3.0.jar:/home/user/.m2/repository/javax/activation/activation/1.1.1/activation-1.1.1.jar:/home/user/.m2/repository/org/apache/hadoop/hadoop-ozone-csi/0.5.0-SNAPSHOT/hadoop-ozone-csi-0.5.0-SNAPSHOT.jar:/home/user/.m2/repository/com/google/protobuf/protobuf-java-util/3.5.1/protobuf-java-util-3.5.1.jar:/home/user/.m2/repository/org/apache/hadoop/hadoop-hdds-config/0.5.0-SNAPSHOT/hadoop-hdds-config-0.5.0-SNAPSHOT.jar:/home/user/.m2/repository/io/grpc/grpc-netty/1.17.1/grpc-netty-1.17.1.jar:/home/user/.m2/repository/io/grpc/grpc-core/1.17.1/grpc-core-1.17.1.jar:/home/user/.m2/repository/io/grpc/grpc-context/1.17.1/grpc-context-1.17.1.jar:/home/user/.m2/repository/com/google/errorprone/error_prone_annotations/2.2.0/error_prone_annotations-2.2.0.jar:/home/user/.m2/repository/org/codehaus/mojo/animal-sniffer-annotations/1.17/animal-sniffer-annotations-1.17.jar:/home/user/.m2/repository/io/opencensus/opencensus-api/0.17.0/opencensus-api-0.17.0.jar:/home/user/.m2/repository/io/opencensus/opencensus-contrib-grpc-metrics/0.17.0/opencensus-contrib-grpc-metrics-0.17.0.jar:/home/user/.m2/repository/io/netty/netty-codec-http2/4.1.30.Final/netty-codec-http2-4.1.30.Final.jar:/home/user/.m2/repository/io/netty/netty-codec-http/4.1.30.Final/netty-codec-http-4.1.30.Final.jar:/home/user/.m2/repository/io/netty/netty-codec/4.1.30.Final/netty-codec-4.1.30.Final.jar:/home/user/.m2/repository/io/netty/netty-handler/4.1.30.Final/netty-handler-4.1.30.Final.jar:/home/user/.m2/repository/io/netty/netty-handler-proxy/4.1.30.Final/netty-handler-proxy-4.1.30.Final.jar:/home/user/.m2/repository/io/netty/netty-codec-socks/4.1.30.Final/netty-codec-socks-4.1.30.Final.jar:/home/user/.m2/repository/io/netty/netty-transport-native-epoll/4.1.30.Final/netty-transport-native-epoll-4.1.30.Final.jar:/home/user/.m2/repository/io/netty/netty-common/4.1.30.Final/netty-common-4.1.30.Final.jar:/home/user/.m2/repository/io/netty/netty-buffer/4.1.30.Final/netty-buffer-4.1.30.Final.jar:/home/user/.m2/repository/io/netty/netty-transport/4.1.30.Final/netty-transport-4.1.30.Final.jar:/home/user/.m2/repository/io/netty/netty-resolver/4.1.30.Final/netty-resolver-4.1.30.Final.jar:/home/user/.m2/repository/io/netty/netty-transport-native-unix-common/4.1.30.Final/netty-transport-native-unix-common-4.1.30.Final.jar:/home/user/.m2/repository/io/grpc/grpc-protobuf/1.17.1/grpc-protobuf-1.17.1.jar:/home/user/.m2/repository/com/google/api/grpc/proto-google-common-protos/1.0.0/proto-google-common-protos-1.0.0.jar:/home/user/.m2/repository/io/grpc/grpc-protobuf-lite/1.17.1/grpc-protobuf-lite-1.17.1.jar:/home/user/.m2/repository/io/grpc/grpc-stub/1.17.1/grpc-stub-1.17.1.jar:/home/user/.m2/repository/org/apache/hadoop/hadoop-ozone-recon/0.5.0-SNAPSHOT/hadoop-ozone-recon-0.5.0-SNAPSHOT.jar:/home/user/.m2/repository/org/apache/hadoop/hadoop-ozone-reconcodegen/0.5.0-SNAPSHOT/hadoop-ozone-reconcodegen-0.5.0-SNAPSHOT.jar:/home/user/.m2/repository/com/google/inject/extensions/guice-multibindings/4.0/guice-multibindings-4.0.jar:/home/user/.m2/repository/com/google/inject/guice/4.0/guice-4.0.jar:/home/user/.m2/repository/aopalliance/aopalliance/1.0/aopalliance-1.0.jar:/home/user/.m2/repository/com/google/inject/extensions/guice-servlet/4.0/guice-servlet-4.0.jar:/home/user/.m2/repository/org/glassfish/jersey/containers/jersey-container-servlet/2.27/jersey-container-servlet-2.27.jar:/home/user/.m2/repository/org/glassfish/hk2/guice-bridge/2.5.0/guice-bridge-2.5.0.jar:/home/user/.m2/repository/org/glassfish/jersey/core/jersey-server/2.27/jersey-server-2.27.jar:/home/user/.m2/repository/org/glassfish/jersey/core/jersey-client/2.27/jersey-client-2.27.jar:/home/user/.m2/repository/org/glassfish/jersey/media/jersey-media-jaxb/2.27/jersey-media-jaxb-2.27.jar:/home/user/.m2/repository/javax/validation/validation-api/1.1.0.Final/validation-api-1.1.0.Final.jar:/home/user/.m2/repository/org/glassfish/jersey/media/jersey-media-json-jackson/2.27/jersey-media-json-jackson-2.27.jar:/home/user/.m2/repository/org/glassfish/jersey/ext/jersey-entity-filtering/2.27/jersey-entity-filtering-2.27.jar:/home/user/.m2/repository/com/google/inject/extensions/guice-assistedinject/4.0/guice-assistedinject-4.0.jar:/home/user/.m2/repository/org/jooq/jooq/3.11.10/jooq-3.11.10.jar:/home/user/.m2/repository/org/jooq/jooq-meta/3.11.10/jooq-meta-3.11.10.jar:/home/user/.m2/repository/org/jooq/jooq-codegen/3.11.10/jooq-codegen-3.11.10.jar:/home/user/.m2/repository/com/jolbox/bonecp/0.8.0.RELEASE/bonecp-0.8.0.RELEASE.jar:/home/user/.m2/repository/org/xerial/sqlite-jdbc/3.25.2/sqlite-jdbc-3.25.2.jar:/home/user/.m2/repository/org/springframework/spring-jdbc/5.1.3.RELEASE/spring-jdbc-5.1.3.RELEASE.jar:/home/user/.m2/repository/org/springframework/spring-beans/5.1.3.RELEASE/spring-beans-5.1.3.RELEASE.jar:/home/user/.m2/repository/org/springframework/spring-core/5.1.3.RELEASE/spring-core-5.1.3.RELEASE.jar:/home/user/.m2/repository/org/springframework/spring-jcl/5.1.3.RELEASE/spring-jcl-5.1.3.RELEASE.jar:/home/user/.m2/repository/org/springframework/spring-tx/5.1.3.RELEASE/spring-tx-5.1.3.RELEASE.jar:/home/user/.m2/repository/org/apache/hadoop/hadoop-ozone-client/0.5.0-SNAPSHOT/hadoop-ozone-client-0.5.0-SNAPSHOT.jar:/home/user/.m2/repository/commons-lang/commons-lang/2.6/commons-lang-2.6.jar:/home/user/.m2/repository/org/apache/hadoop/hadoop-ozone-ozone-manager/0.5.0-SNAPSHOT/hadoop-ozone-ozone-manager-0.5.0-SNAPSHOT-tests.jar:/home/user/.m2/repository/junit/junit/4.11/junit-4.11.jar:/home/user/.m2/repository/org/hamcrest/hamcrest-core/1.3/hamcrest-core-1.3.jar:/home/user/.m2/repository/org/openjdk/jmh/jmh-core/1.19/jmh-core-1.19.jar:/home/user/.m2/repository/net/sf/jopt-simple/jopt-simple/4.6/jopt-simple-4.6.jar:/home/user/.m2/repository/org/apache/commons/commons-math3/3.1.1/commons-math3-3.1.1.jar:/home/user/.m2/repository/org/openjdk/jmh/jmh-generator-annprocess/1.19/jmh-generator-annprocess-1.19.jar:/home/user/.m2/repository/org/mockito/mockito-all/1.8.5/mockito-all-1.8.5.jar:/home/user/.m2/repository/org/apache/hadoop/hadoop-kms/3.2.0/hadoop-kms-3.2.0.jar:/home/user/.m2/repository/org/apache/hadoop/hadoop-auth/3.2.0/hadoop-auth-3.2.0.jar:/home/user/.m2/repository/com/nimbusds/nimbus-jose-jwt/4.41.1/nimbus-jose-jwt-4.41.1.jar:/home/user/.m2/repository/com/github/stephenc/jcip/jcip-annotations/1.0-1/jcip-annotations-1.0-1.jar:/home/user/.m2/repository/net/minidev/json-smart/2.3/json-smart-2.3.jar:/home/user/.m2/repository/net/minidev/accessors-smart/1.2/accessors-smart-1.2.jar:/home/user/.m2/repository/org/ow2/asm/asm/5.0.4/asm-5.0.4.jar:/home/user/.m2/repository/org/apache/curator/curator-framework/2.12.0/curator-framework-2.12.0.jar:/home/user/.m2/repository/com/sun/jersey/jersey-core/1.19/jersey-core-1.19.jar:/home/user/.m2/repository/javax/ws/rs/jsr311-api/1.1.1/jsr311-api-1.1.1.jar:/home/user/.m2/repository/com/sun/jersey/jersey-server/1.19/jersey-server-1.19.jar:/home/user/.m2/repository/javax/servlet/javax.servlet-api/3.1.0/javax.servlet-api-3.1.0.jar:/home/user/.m2/repository/org/eclipse/jetty/jetty-server/9.3.25.v20180904/jetty-server-9.3.25.v20180904.jar:/home/user/.m2/repository/org/eclipse/jetty/jetty-http/9.3.25.v20180904/jetty-http-9.3.25.v20180904.jar:/home/user/.m2/repository/org/eclipse/jetty/jetty-io/9.3.25.v20180904/jetty-io-9.3.25.v20180904.jar:/home/user/.m2/repository/org/eclipse/jetty/jetty-webapp/9.3.25.v20180904/jetty-webapp-9.3.25.v20180904.jar:/home/user/.m2/repository/org/eclipse/jetty/jetty-xml/9.3.25.v20180904/jetty-xml-9.3.25.v20180904.jar:/home/user/.m2/repository/log4j/log4j/1.2.17/log4j-1.2.17.jar:/home/user/.m2/repository/org/slf4j/slf4j-api/1.7.25/slf4j-api-1.7.25.jar:/home/user/.m2/repository/org/slf4j/jul-to-slf4j/1.7.25/jul-to-slf4j-1.7.25.jar:/home/user/.m2/repository/org/eclipse/jetty/jetty-util/9.3.25.v20180904/jetty-util-9.3.25.v20180904.jar:/home/user/.m2/repository/com/fasterxml/jackson/core/jackson-databind/2.9.9/jackson-databind-2.9.9.jar:/home/user/.m2/repository/org/apache/hadoop/hadoop-kms/3.2.0/hadoop-kms-3.2.0-tests.jar:/home/user/.m2/repository/org/apache/hadoop/hadoop-hdds-server-scm/0.5.0-SNAPSHOT/hadoop-hdds-server-scm-0.5.0-SNAPSHOT-tests.jar:/home/user/.m2/repository/org/apache/hadoop/hadoop-hdds-container-service/0.5.0-SNAPSHOT/hadoop-hdds-container-service-0.5.0-SNAPSHOT-tests.jar:/home/user/.m2/repository/org/yaml/snakeyaml/1.16/snakeyaml-1.16.jar:/home/user/.m2/repository/org/apache/hadoop/hadoop-common/3.2.0/hadoop-common-3.2.0-tests.jar:/home/user/.m2/repository/org/apache/hadoop/hadoop-annotations/3.2.0/hadoop-annotations-3.2.0.jar:/usr/lib/jvm/java-1.8-openjdk/jre/../lib/tools.jar:/home/user/.m2/repository/commons-cli/commons-cli/1.2/commons-cli-1.2.jar:/home/user/.m2/repository/org/apache/httpcomponents/httpclient/4.5.2/httpclient-4.5.2.jar:/home/user/.m2/repository/org/apache/httpcomponents/httpcore/4.4.4/httpcore-4.4.4.jar:/home/user/.m2/repository/commons-codec/commons-codec/1.11/commons-codec-1.11.jar:/home/user/.m2/repository/commons-net/commons-net/3.6/commons-net-3.6.jar:/home/user/.m2/repository/commons-collections/commons-collections/3.2.2/commons-collections-3.2.2.jar:/home/user/.m2/repository/org/eclipse/jetty/jetty-servlet/9.3.25.v20180904/jetty-servlet-9.3.25.v20180904.jar:/home/user/.m2/repository/org/eclipse/jetty/jetty-security/9.3.25.v20180904/jetty-security-9.3.25.v20180904.jar:/home/user/.m2/repository/javax/servlet/jsp/jsp-api/2.1/jsp-api-2.1.jar:/home/user/.m2/repository/com/sun/jersey/jersey-servlet/1.19/jersey-servlet-1.19.jar:/home/user/.m2/repository/com/sun/jersey/jersey-json/1.19/jersey-json-1.19.jar:/home/user/.m2/repository/org/codehaus/jettison/jettison/1.1/jettison-1.1.jar:/home/user/.m2/repository/org/codehaus/jackson/jackson-core-asl/1.9.13/jackson-core-asl-1.9.13.jar:/home/user/.m2/repository/org/codehaus/jackson/jackson-mapper-asl/1.9.13/jackson-mapper-asl-1.9.13.jar:/home/user/.m2/repository/org/codehaus/jackson/jackson-jaxrs/1.9.13/jackson-jaxrs-1.9.13.jar:/home/user/.m2/repository/org/codehaus/jackson/jackson-xc/1.9.13/jackson-xc-1.9.13.jar:/home/user/.m2/repository/commons-logging/commons-logging/1.1.3/commons-logging-1.1.3.jar:/home/user/.m2/repository/commons-beanutils/commons-beanutils/1.9.4/commons-beanutils-1.9.4.jar:/home/user/.m2/repository/org/apache/commons/commons-configuration2/2.1.1/commons-configuration2-2.1.1.jar:/home/user/.m2/repository/org/apache/commons/commons-lang3/3.7/commons-lang3-3.7.jar:/home/user/.m2/repository/org/apache/commons/commons-text/1.4/commons-text-1.4.jar:/home/user/.m2/repository/org/apache/avro/avro/1.7.7/avro-1.7.7.jar:/home/user/.m2/repository/com/thoughtworks/paranamer/paranamer/2.3/paranamer-2.3.jar:/home/user/.m2/repository/org/xerial/snappy/snappy-java/1.0.5/snappy-java-1.0.5.jar:/home/user/.m2/repository/com/google/re2j/re2j/1.1/re2j-1.1.jar:/home/user/.m2/repository/com/google/code/gson/gson/2.2.4/gson-2.2.4.jar:/home/user/.m2/repository/com/jcraft/jsch/0.1.54/jsch-0.1.54.jar:/home/user/.m2/repository/org/apache/curator/curator-client/2.12.0/curator-client-2.12.0.jar:/home/user/.m2/repository/org/apache/curator/curator-recipes/2.12.0/curator-recipes-2.12.0.jar:/home/user/.m2/repository/com/google/code/findbugs/jsr305/3.0.0/jsr305-3.0.0.jar:/home/user/.m2/repository/org/apache/htrace/htrace-core4/4.1.0-incubating/htrace-core4-4.1.0-incubating.jar:/home/user/.m2/repository/org/apache/zookeeper/zookeeper/3.4.13/zookeeper-3.4.13.jar:/home/user/.m2/repository/jline/jline/0.9.94/jline-0.9.94.jar:/home/user/.m2/repository/org/apache/yetus/audience-annotations/0.5.0/audience-annotations-0.5.0.jar:/home/user/.m2/repository/org/codehaus/woodstox/stax2-api/3.1.4/stax2-api-3.1.4.jar:/home/user/.m2/repository/com/fasterxml/woodstox/woodstox-core/5.0.3/woodstox-core-5.0.3.jar:/home/user/.m2/repository/dnsjava/dnsjava/2.1.7/dnsjava-2.1.7.jar:/home/user/.m2/repository/org/apache/hadoop/hadoop-hdfs/3.2.0/hadoop-hdfs-3.2.0-tests.jar:/home/user/.m2/repository/org/eclipse/jetty/jetty-util-ajax/9.3.25.v20180904/jetty-util-ajax-9.3.25.v20180904.jar:/home/user/.m2/repository/commons-daemon/commons-daemon/1.0.13/commons-daemon-1.0.13.jar:/home/user/.m2/repository/io/netty/netty/3.10.5.Final/netty-3.10.5.Final.jar:/home/user/.m2/repository/io/netty/netty-all/4.0.52.Final/netty-all-4.0.52.Final.jar:/home/user/.m2/repository/org/fusesource/leveldbjni/leveldbjni-all/1.8/leveldbjni-all-1.8.jar:"/>
    <property name="sun.cpu.endian" value="little"/>
    <property name="user.home" value="/home/user"/>
    <property name="user.language" value="en"/>
    <property name="java.specification.vendor" value="Oracle Corporation"/>
    <property name="java.home" value="/usr/lib/jvm/java-1.8-openjdk/jre"/>
    <property name="java.security.krb5.conf" value="/workdir/hadoop-ozone/integration-test/target/test-classes/krb5.conf"/>
    <property name="basedir" value="/workdir/hadoop-ozone/integration-test"/>
    <property name="file.separator" value="/"/>
    <property name="line.separator" value="&#10;"/>
    <property name="java.vm.specification.vendor" value="Oracle Corporation"/>
    <property name="java.specification.name" value="Java Platform API Specification"/>
    <property name="java.awt.graphicsenv" value="sun.awt.X11GraphicsEnvironment"/>
    <property name="surefire.real.class.path" value="/workdir/hadoop-ozone/integration-test/target/surefire/surefirebooter7804107586539766525.jar"/>
    <property name="hadoop.log.dir" value="/workdir/hadoop-ozone/integration-test/target/log"/>
    <property name="sun.boot.class.path" value="/usr/lib/jvm/java-1.8-openjdk/jre/lib/resources.jar:/usr/lib/jvm/java-1.8-openjdk/jre/lib/rt.jar:/usr/lib/jvm/java-1.8-openjdk/jre/lib/sunrsasign.jar:/usr/lib/jvm/java-1.8-openjdk/jre/lib/jsse.jar:/usr/lib/jvm/java-1.8-openjdk/jre/lib/jce.jar:/usr/lib/jvm/java-1.8-openjdk/jre/lib/charsets.jar:/usr/lib/jvm/java-1.8-openjdk/jre/lib/jfr.jar:/usr/lib/jvm/java-1.8-openjdk/jre/classes"/>
    <property name="sun.management.compiler" value="HotSpot 64-Bit Tiered Compilers"/>
    <property name="java.runtime.version" value="1.8.0_212-b04"/>
    <property name="java.net.preferIPv4Stack" value="true"/>
    <property name="user.name" value="jenkins1000"/>
    <property name="path.separator" value=":"/>
    <property name="java.security.egd" value="file:///dev/urandom"/>
    <property name="os.version" value="3.10.0-957.12.2.el7.x86_64"/>
    <property name="java.endorsed.dirs" value="/usr/lib/jvm/java-1.8-openjdk/jre/lib/endorsed"/>
    <property name="java.runtime.name" value="OpenJDK Runtime Environment"/>
    <property name="file.encoding" value="UTF-8"/>
    <property name="java.vm.name" value="OpenJDK 64-Bit Server VM"/>
    <property name="test.build.webapps" value=""/>
    <property name="localRepository" value="/home/user/.m2/repository"/>
    <property name="java.vendor.url.bug" value="https://icedtea.classpath.org/bugzilla"/>
    <property name="java.io.tmpdir" value="/tmp"/>
    <property name="require.test.libhadoop" value=""/>
    <property name="java.version" value="1.8.0_212"/>
    <property name="user.dir" value="/workdir/hadoop-ozone/integration-test"/>
    <property name="os.arch" value="amd64"/>
    <property name="java.vm.specification.name" value="Java Virtual Machine Specification"/>
    <property name="test.build.classes" value="/workdir/hadoop-ozone/integration-test/target/test-classes"/>
    <property name="java.awt.printerjob" value="sun.print.PSPrinterJob"/>
    <property name="sun.os.patch.level" value="unknown"/>
    <property name="hadoop.tmp.dir" value="/workdir/hadoop-ozone/integration-test/target/tmp"/>
    <property name="java.library.path" value="/usr/lib/jvm/java-1.8-openjdk/jre/lib/amd64/server:/usr/lib/jvm/java-1.8-openjdk/jre/lib/amd64:/usr/lib/jvm/java-1.8-openjdk/jre/../lib/amd64:/workdir/hadoop-ozone/integration-test/target/native/target/usr/local/lib:/workdir/hadoop-ozone/integration-test/../../hadoop-common-project/hadoop-common/target/native/target/usr/local/lib:/usr/java/packages/lib/amd64:/usr/lib64:/lib64:/lib:/usr/lib"/>
    <property name="java.vm.info" value="mixed mode"/>
    <property name="java.vendor" value="IcedTea"/>
    <property name="java.vm.version" value="25.212-b04"/>
    <property name="java.ext.dirs" value="/usr/lib/jvm/java-1.8-openjdk/jre/lib/ext:/usr/java/packages/lib/ext"/>
    <property name="sun.io.unicode.encoding" value="UnicodeLittle"/>
    <property name="java.class.version" value="52.0"/>
  </properties>
  <testcase name="testGroupMismatchExceptionHandling" classname="org.apache.hadoop.ozone.client.rpc.TestOzoneClientRetriesOnException" time="44.691"/>
  <testcase name="testMaxRetriesByOzoneClient" classname="org.apache.hadoop.ozone.client.rpc.TestOzoneClientRetriesOnException" time="125.06">
    <error message="Failed to command cmdType: CreateContainer&#10;containerID: 1&#10;datanodeUuid: &quot;7cdf9f46-8911-4734-b4bf-89adcea7d6f9&quot;&#10;createContainer {&#10;}&#10;" type="java.io.IOException">java.io.IOException: 
Failed to command cmdType: CreateContainer
containerID: 1
datanodeUuid: "7cdf9f46-8911-4734-b4bf-89adcea7d6f9"
createContainer {
}

	at org.apache.hadoop.hdds.scm.XceiverClientSpi.sendCommand(XceiverClientSpi.java:113)
	at org.apache.hadoop.ozone.client.rpc.TestOzoneClientRetriesOnException.testMaxRetriesByOzoneClient(TestOzoneClientRetriesOnException.java:190)
	at sun.reflect.NativeMethodAccessorImpl.invoke0(Native Method)
	at sun.reflect.NativeMethodAccessorImpl.invoke(NativeMethodAccessorImpl.java:62)
	at sun.reflect.DelegatingMethodAccessorImpl.invoke(DelegatingMethodAccessorImpl.java:43)
	at java.lang.reflect.Method.invoke(Method.java:498)
	at org.junit.runners.model.FrameworkMethod$1.runReflectiveCall(FrameworkMethod.java:47)
	at org.junit.internal.runners.model.ReflectiveCallable.run(ReflectiveCallable.java:12)
	at org.junit.runners.model.FrameworkMethod.invokeExplosively(FrameworkMethod.java:44)
	at org.junit.internal.runners.statements.InvokeMethod.evaluate(InvokeMethod.java:17)
	at org.junit.internal.runners.statements.RunBefores.evaluate(RunBefores.java:26)
	at org.junit.internal.runners.statements.RunAfters.evaluate(RunAfters.java:27)
	at org.junit.runners.ParentRunner.runLeaf(ParentRunner.java:271)
	at org.junit.runners.BlockJUnit4ClassRunner.runChild(BlockJUnit4ClassRunner.java:70)
	at org.junit.runners.BlockJUnit4ClassRunner.runChild(BlockJUnit4ClassRunner.java:50)
	at org.junit.runners.ParentRunner$3.run(ParentRunner.java:238)
	at org.junit.runners.ParentRunner$1.schedule(ParentRunner.java:63)
	at org.junit.runners.ParentRunner.runChildren(ParentRunner.java:236)
	at org.junit.runners.ParentRunner.access$000(ParentRunner.java:53)
	at org.junit.runners.ParentRunner$2.evaluate(ParentRunner.java:229)
	at org.junit.runners.ParentRunner.run(ParentRunner.java:309)
	at org.apache.maven.surefire.junit4.JUnit4Provider.execute(JUnit4Provider.java:365)
	at org.apache.maven.surefire.junit4.JUnit4Provider.executeWithRerun(JUnit4Provider.java:273)
	at org.apache.maven.surefire.junit4.JUnit4Provider.executeTestSet(JUnit4Provider.java:238)
	at org.apache.maven.surefire.junit4.JUnit4Provider.invoke(JUnit4Provider.java:159)
	at org.apache.maven.surefire.booter.ForkedBooter.invokeProviderInSameClassLoader(ForkedBooter.java:384)
	at org.apache.maven.surefire.booter.ForkedBooter.runSuitesInProcess(ForkedBooter.java:345)
	at org.apache.maven.surefire.booter.ForkedBooter.execute(ForkedBooter.java:126)
	at org.apache.maven.surefire.booter.ForkedBooter.main(ForkedBooter.java:418)
Caused by: java.util.concurrent.ExecutionException: org.apache.ratis.protocol.RaftRetryFailureException: Failed RaftClientRequest:client-C30AFBC9405C->7cdf9f46-8911-4734-b4bf-89adcea7d6f9@group-C8C4CB1D2DFD, cid=45, seq=4*, RW, cmdType: CreateContainer
traceID: "dd702c0699c186b5:dd702c0699c186b5:0:0"
containerID: 1
datanodeUuid: "7cdf9f46-8911-4734-b4bf-89adcea7d6f9"
createContainer {
}
, data.size=0 for 180 attempts with RetryLimited(maxAttempts=180, sleepTime=1000ms)
	at java.util.concurrent.CompletableFuture.reportGet(CompletableFuture.java:357)
	at java.util.concurrent.CompletableFuture.get(CompletableFuture.java:1895)
	at org.apache.hadoop.hdds.scm.XceiverClientSpi.sendCommand(XceiverClientSpi.java:110)
	... 28 more
Caused by: org.apache.ratis.protocol.RaftRetryFailureException: Failed RaftClientRequest:client-C30AFBC9405C->7cdf9f46-8911-4734-b4bf-89adcea7d6f9@group-C8C4CB1D2DFD, cid=45, seq=4*, RW, cmdType: CreateContainer
traceID: "dd702c0699c186b5:dd702c0699c186b5:0:0"
containerID: 1
datanodeUuid: "7cdf9f46-8911-4734-b4bf-89adcea7d6f9"
createContainer {
}
, data.size=0 for 180 attempts with RetryLimited(maxAttempts=180, sleepTime=1000ms)
	at org.apache.ratis.client.impl.RaftClientImpl.noMoreRetries(RaftClientImpl.java:271)
	at org.apache.ratis.client.impl.OrderedAsync.handleAsyncRetryFailure(OrderedAsync.java:138)
	at org.apache.ratis.client.impl.OrderedAsync.lambda$sendRequest$10(OrderedAsync.java:230)
	at java.util.concurrent.CompletableFuture.uniExceptionally(CompletableFuture.java:870)
	at java.util.concurrent.CompletableFuture$UniExceptionally.tryFire(CompletableFuture.java:852)
	at java.util.concurrent.CompletableFuture.postComplete(CompletableFuture.java:474)
	at java.util.concurrent.CompletableFuture.completeExceptionally(CompletableFuture.java:1977)
	at org.apache.ratis.grpc.client.GrpcClientProtocolClient$AsyncStreamObservers.completeReplyExceptionally(GrpcClientProtocolClient.java:345)
	at org.apache.ratis.grpc.client.GrpcClientProtocolClient$AsyncStreamObservers.access$000(GrpcClientProtocolClient.java:261)
	at org.apache.ratis.grpc.client.GrpcClientProtocolClient$AsyncStreamObservers$1.onNext(GrpcClientProtocolClient.java:273)
	at org.apache.ratis.grpc.client.GrpcClientProtocolClient$AsyncStreamObservers$1.onNext(GrpcClientProtocolClient.java:264)
	at org.apache.ratis.thirdparty.io.grpc.stub.ClientCalls$StreamObserverToCallListenerAdapter.onMessage(ClientCalls.java:421)
	at org.apache.ratis.thirdparty.io.grpc.ForwardingClientCallListener.onMessage(ForwardingClientCallListener.java:33)
	at org.apache.ratis.thirdparty.io.grpc.ForwardingClientCallListener.onMessage(ForwardingClientCallListener.java:33)
	at org.apache.ratis.thirdparty.io.grpc.internal.ClientCallImpl$ClientStreamListenerImpl$1MessagesAvailable.runInContext(ClientCallImpl.java:519)
	at org.apache.ratis.thirdparty.io.grpc.internal.ContextRunnable.run(ContextRunnable.java:37)
	at org.apache.ratis.thirdparty.io.grpc.internal.SerializingExecutor.run(SerializingExecutor.java:123)
	at java.util.concurrent.ThreadPoolExecutor.runWorker(ThreadPoolExecutor.java:1149)
	at java.util.concurrent.ThreadPoolExecutor$Worker.run(ThreadPoolExecutor.java:624)
	at java.lang.Thread.run(Thread.java:748)
Caused by: org.apache.ratis.protocol.NotLeaderException: Server 7cdf9f46-8911-4734-b4bf-89adcea7d6f9@group-C8C4CB1D2DFD is not the leader 9632e278-e61f-453f-86eb-f7ef209c65f6:192.168.164.245:45878
	at org.apache.ratis.client.impl.ClientProtoUtils.toRaftClientReply(ClientProtoUtils.java:243)
	at org.apache.ratis.grpc.client.GrpcClientProtocolClient$AsyncStreamObservers$1.onNext(GrpcClientProtocolClient.java:269)
	... 10 more
</error>
    <system-out><![CDATA[2019-10-08 01:19:36,945 [main] WARN  server.ServerUtils (ServerUtils.java:getScmDbDir(145)) - ozone.scm.db.dirs is not configured. We recommend adding this setting. Falling back to ozone.metadata.dirs instead.
2019-10-08 01:19:36,970 [main] WARN  server.ServerUtils (ServerUtils.java:getScmDbDir(145)) - ozone.scm.db.dirs is not configured. We recommend adding this setting. Falling back to ozone.metadata.dirs instead.
2019-10-08 01:19:36,971 [main] WARN  server.ServerUtils (ServerUtils.java:getScmDbDir(145)) - ozone.scm.db.dirs is not configured. We recommend adding this setting. Falling back to ozone.metadata.dirs instead.
2019-10-08 01:19:36,971 [main] INFO  db.DBStoreBuilder (DBStoreBuilder.java:addTable(117)) - using custom profile for table: deletedBlocks
2019-10-08 01:19:36,972 [main] INFO  db.DBStoreBuilder (DBStoreBuilder.java:processTables(168)) - Using default column profile:DBProfile.DISK for Table:deletedBlocks
2019-10-08 01:19:36,972 [main] INFO  db.DBStoreBuilder (DBStoreBuilder.java:addTable(117)) - using custom profile for table: validCerts
2019-10-08 01:19:36,972 [main] INFO  db.DBStoreBuilder (DBStoreBuilder.java:processTables(168)) - Using default column profile:DBProfile.DISK for Table:validCerts
2019-10-08 01:19:36,973 [main] INFO  db.DBStoreBuilder (DBStoreBuilder.java:addTable(117)) - using custom profile for table: revokedCerts
2019-10-08 01:19:36,973 [main] INFO  db.DBStoreBuilder (DBStoreBuilder.java:processTables(168)) - Using default column profile:DBProfile.DISK for Table:revokedCerts
2019-10-08 01:19:36,973 [main] INFO  db.DBStoreBuilder (DBStoreBuilder.java:addTable(117)) - using custom profile for table: default
2019-10-08 01:19:36,973 [main] INFO  db.DBStoreBuilder (DBStoreBuilder.java:processTables(174)) - Using default column profile:DBProfile.DISK for Table:default
2019-10-08 01:19:36,974 [main] INFO  db.DBStoreBuilder (DBStoreBuilder.java:getDbProfile(205)) - Using default options. DBProfile.DISK
2019-10-08 01:19:37,180 [main] INFO  net.NodeSchemaLoader (NodeSchemaLoader.java:loadSchemaFromFile(125)) - Loading file from sun.misc.CompoundEnumeration@688a2c09
2019-10-08 01:19:37,180 [main] INFO  net.NodeSchemaLoader (NodeSchemaLoader.java:loadSchema(171)) - Loading network topology layer schema file
2019-10-08 01:19:37,185 [main] WARN  server.ServerUtils (ServerUtils.java:sanitizeUserArgs(70)) - ozone.scm.stale.node.interval value = 300000 is larger than max = 100000 based on the key value of ozone.scm.heartbeat.thread.interval, reset to the max value 100000.
2019-10-08 01:19:37,185 [main] WARN  server.ServerUtils (ServerUtils.java:sanitizeUserArgs(70)) - ozone.scm.stale.node.interval value = 300000 is larger than max = 100000 based on the key value of ozone.scm.heartbeat.thread.interval, reset to the max value 100000.
2019-10-08 01:19:37,186 [main] INFO  node.SCMNodeManager (SCMNodeManager.java:<init>(116)) - Entering startup safe mode.
2019-10-08 01:19:37,187 [main] INFO  algorithms.ContainerPlacementPolicyFactory (ContainerPlacementPolicyFactory.java:getPolicy(57)) - Create container placement policy of type org.apache.hadoop.hdds.scm.container.placement.algorithms.SCMContainerPlacementRandom
2019-10-08 01:19:37,187 [main] WARN  server.ServerUtils (ServerUtils.java:getScmDbDir(145)) - ozone.scm.db.dirs is not configured. We recommend adding this setting. Falling back to ozone.metadata.dirs instead.
2019-10-08 01:19:37,294 [main] INFO  pipeline.SCMPipelineManager (SCMPipelineManager.java:initializePipelineState(132)) - No pipeline exists in current db
2019-10-08 01:19:37,294 [main] WARN  server.ServerUtils (ServerUtils.java:getScmDbDir(145)) - ozone.scm.db.dirs is not configured. We recommend adding this setting. Falling back to ozone.metadata.dirs instead.
2019-10-08 01:19:37,392 [main] WARN  events.EventQueue (EventQueue.java:fireEvent(183)) - No event handler registered for event TypedEvent{payloadType=SafeModeStatus, name='SafeModeStatus'}
2019-10-08 01:19:37,393 [main] INFO  ipc.CallQueueManager (CallQueueManager.java:<init>(84)) - Using callQueue: class java.util.concurrent.LinkedBlockingQueue, queueCapacity: 2000, scheduler: class org.apache.hadoop.ipc.DefaultRpcScheduler, ipcBackoff: false.
2019-10-08 01:19:37,394 [Socket Reader #1 for port 40322] INFO  ipc.Server (Server.java:run(1074)) - Starting Socket Reader #1 for port 40322
2019-10-08 01:19:37,396 [main] INFO  ipc.CallQueueManager (CallQueueManager.java:<init>(84)) - Using callQueue: class java.util.concurrent.LinkedBlockingQueue, queueCapacity: 2000, scheduler: class org.apache.hadoop.ipc.DefaultRpcScheduler, ipcBackoff: false.
2019-10-08 01:19:37,397 [Socket Reader #1 for port 40678] INFO  ipc.Server (Server.java:run(1074)) - Starting Socket Reader #1 for port 40678
2019-10-08 01:19:37,399 [main] INFO  ipc.CallQueueManager (CallQueueManager.java:<init>(84)) - Using callQueue: class java.util.concurrent.LinkedBlockingQueue, queueCapacity: 2000, scheduler: class org.apache.hadoop.ipc.DefaultRpcScheduler, ipcBackoff: false.
2019-10-08 01:19:37,399 [Socket Reader #1 for port 43617] INFO  ipc.Server (Server.java:run(1074)) - Starting Socket Reader #1 for port 43617
2019-10-08 01:19:37,403 [main] INFO  hdfs.DFSUtil (DFSUtil.java:httpServerTemplateForNNAndJN(1641)) - Starting Web-server for scm at: http://0.0.0.0:0
2019-10-08 01:19:37,406 [main] INFO  server.AuthenticationFilter (AuthenticationFilter.java:constructSecretProvider(240)) - Unable to initialize FileSignerSecretProvider, falling back to use random secrets.
2019-10-08 01:19:37,407 [main] WARN  http.HttpRequestLog (HttpRequestLog.java:getRequestLog(97)) - Jetty request log can only be enabled using Log4j
2019-10-08 01:19:37,409 [main] INFO  http.HttpServer2 (HttpServer2.java:addGlobalFilter(975)) - Added global filter 'safety' (class=org.apache.hadoop.http.HttpServer2$QuotingInputFilter)
2019-10-08 01:19:37,410 [main] INFO  http.HttpServer2 (HttpServer2.java:addFilter(948)) - Added filter static_user_filter (class=org.apache.hadoop.http.lib.StaticUserWebFilter$StaticUserFilter) to context scm
2019-10-08 01:19:37,410 [main] INFO  http.HttpServer2 (HttpServer2.java:addFilter(958)) - Added filter static_user_filter (class=org.apache.hadoop.http.lib.StaticUserWebFilter$StaticUserFilter) to context logs
2019-10-08 01:19:37,411 [main] INFO  http.HttpServer2 (HttpServer2.java:addFilter(958)) - Added filter static_user_filter (class=org.apache.hadoop.http.lib.StaticUserWebFilter$StaticUserFilter) to context static
2019-10-08 01:19:37,414 [main] INFO  server.StorageContainerManager (StorageContainerManager.java:start(770)) - StorageContainerLocationProtocol RPC server is listening at /0.0.0.0:43617
2019-10-08 01:19:37,417 [main] WARN  impl.MetricsConfig (MetricsConfig.java:loadFirst(134)) - Cannot locate configuration: tried hadoop-metrics2-storagecontainermanager.properties,hadoop-metrics2.properties
2019-10-08 01:19:37,418 [main] INFO  impl.MetricsSystemImpl (MetricsSystemImpl.java:startTimer(374)) - Scheduled Metric snapshot period at 10 second(s).
2019-10-08 01:19:37,418 [main] INFO  impl.MetricsSystemImpl (MetricsSystemImpl.java:start(191)) - StorageContainerManager metrics system started
2019-10-08 01:19:37,459 [main] WARN  impl.MetricsSystemImpl (MetricsSystemImpl.java:register(276)) - Sink prometheus already exists!
2019-10-08 01:19:37,466 [main] INFO  server.SCMClientProtocolServer (SCMClientProtocolServer.java:start(159)) - RPC server for Client  is listening at /0.0.0.0:43617
2019-10-08 01:19:37,467 [IPC Server Responder] INFO  ipc.Server (Server.java:run(1314)) - IPC Server Responder: starting
2019-10-08 01:19:37,467 [IPC Server listener on 43617] INFO  ipc.Server (Server.java:run(1153)) - IPC Server listener on 43617: starting
2019-10-08 01:19:37,471 [main] INFO  server.StorageContainerManager (StorageContainerManager.java:start(780)) - ScmBlockLocationProtocol RPC server is listening at /0.0.0.0:40678
2019-10-08 01:19:37,471 [main] INFO  server.SCMBlockProtocolServer (SCMBlockProtocolServer.java:start(146)) - RPC server for Block Protocol is listening at /0.0.0.0:40678
2019-10-08 01:19:37,472 [IPC Server Responder] INFO  ipc.Server (Server.java:run(1314)) - IPC Server Responder: starting
2019-10-08 01:19:37,472 [IPC Server listener on 40678] INFO  ipc.Server (Server.java:run(1153)) - IPC Server listener on 40678: starting
2019-10-08 01:19:37,476 [main] INFO  server.StorageContainerManager (StorageContainerManager.java:start(784)) - ScmDatanodeProtocl RPC server is listening at /0.0.0.0:40322
2019-10-08 01:19:37,476 [main] INFO  server.SCMDatanodeProtocolServer (SCMDatanodeProtocolServer.java:start(169)) - RPC server for DataNodes is listening at /0.0.0.0:40322
2019-10-08 01:19:37,477 [IPC Server Responder] INFO  ipc.Server (Server.java:run(1314)) - IPC Server Responder: starting
2019-10-08 01:19:37,477 [IPC Server listener on 40322] INFO  ipc.Server (Server.java:run(1153)) - IPC Server listener on 40322: starting
2019-10-08 01:19:37,481 [main] INFO  http.HttpServer2 (HttpServer2.java:bindListener(1191)) - Jetty bound to port 45196
2019-10-08 01:19:37,481 [main] INFO  server.Server (Server.java:doStart(351)) - jetty-9.3.25.v20180904, build timestamp: 2018-09-04T21:11:46Z, git hash: 3ce520221d0240229c862b122d2b06c12a625732
2019-10-08 01:19:37,483 [main] INFO  handler.ContextHandler (ContextHandler.java:doStart(781)) - Started o.e.j.s.ServletContextHandler@60bb7995{/logs,file:///workdir/hadoop-ozone/integration-test/target/log,AVAILABLE}
2019-10-08 01:19:37,484 [main] INFO  handler.ContextHandler (ContextHandler.java:doStart(781)) - Started o.e.j.s.ServletContextHandler@67774e29{/static,file:///workdir/hadoop-ozone/integration-test/target/test-classes/webapps/static,AVAILABLE}
2019-10-08 01:19:37,489 [main] INFO  handler.ContextHandler (ContextHandler.java:doStart(781)) - Started o.e.j.w.WebAppContext@2d85fb64{/,file:///workdir/hadoop-ozone/integration-test/target/test-classes/webapps/scm/,AVAILABLE}{/scm}
2019-10-08 01:19:37,489 [main] INFO  server.AbstractConnector (AbstractConnector.java:doStart(278)) - Started ServerConnector@56476c16{HTTP/1.1,[http/1.1]}{0.0.0.0:45196}
2019-10-08 01:19:37,490 [main] INFO  server.Server (Server.java:doStart(419)) - Started @45802ms
2019-10-08 01:19:37,490 [main] WARN  impl.MetricsSystemImpl (MetricsSystemImpl.java:register(276)) - Sink prometheus already exists!
2019-10-08 01:19:37,491 [main] INFO  server.BaseHttpServer (BaseHttpServer.java:updateConnectorAddress(215)) - HTTP server of SCM is listening at http://0.0.0.0:45196
2019-10-08 01:19:37,491 [main] WARN  server.ServerUtils (ServerUtils.java:getDBPath(222)) - ozone.om.db.dirs is not configured. We recommend adding this setting. Falling back to ozone.metadata.dirs instead.
2019-10-08 01:19:37,492 [org.apache.hadoop.util.JvmPauseMonitor$Monitor@39ffda4a] INFO  util.JvmPauseMonitor (JvmPauseMonitor.java:run(188)) - Starting JVM pause monitor
2019-10-08 01:19:37,505 [main] INFO  ha.OMHANodeDetails (OMHANodeDetails.java:loadOMHAConfig(190)) - Configuration either no ozone.om.address set. Falling back to the default OM address /127.0.0.1:0
2019-10-08 01:19:37,506 [main] INFO  ha.OMHANodeDetails (OMHANodeDetails.java:getOMNodeDetails(220)) - OM Service ID is not set. Setting it to the default ID: omServiceIdDefault
2019-10-08 01:19:37,506 [main] WARN  server.ServerUtils (ServerUtils.java:getDBPath(222)) - ozone.om.db.dirs is not configured. We recommend adding this setting. Falling back to ozone.metadata.dirs instead.
2019-10-08 01:19:37,506 [main] WARN  server.ServerUtils (ServerUtils.java:getDBPath(222)) - ozone.om.db.dirs is not configured. We recommend adding this setting. Falling back to ozone.metadata.dirs instead.
2019-10-08 01:19:37,515 [main] WARN  server.ServerUtils (ServerUtils.java:getDBPath(222)) - ozone.om.db.dirs is not configured. We recommend adding this setting. Falling back to ozone.metadata.dirs instead.
2019-10-08 01:19:37,516 [main] INFO  db.DBStoreBuilder (DBStoreBuilder.java:addTable(117)) - using custom profile for table: userTable
2019-10-08 01:19:37,516 [main] INFO  db.DBStoreBuilder (DBStoreBuilder.java:processTables(168)) - Using default column profile:DBProfile.DISK for Table:userTable
2019-10-08 01:19:37,516 [main] INFO  db.DBStoreBuilder (DBStoreBuilder.java:addTable(117)) - using custom profile for table: volumeTable
2019-10-08 01:19:37,517 [main] INFO  db.DBStoreBuilder (DBStoreBuilder.java:processTables(168)) - Using default column profile:DBProfile.DISK for Table:volumeTable
2019-10-08 01:19:37,517 [main] INFO  db.DBStoreBuilder (DBStoreBuilder.java:addTable(117)) - using custom profile for table: bucketTable
2019-10-08 01:19:37,517 [main] INFO  db.DBStoreBuilder (DBStoreBuilder.java:processTables(168)) - Using default column profile:DBProfile.DISK for Table:bucketTable
2019-10-08 01:19:37,518 [main] INFO  db.DBStoreBuilder (DBStoreBuilder.java:addTable(117)) - using custom profile for table: keyTable
2019-10-08 01:19:37,518 [main] INFO  db.DBStoreBuilder (DBStoreBuilder.java:processTables(168)) - Using default column profile:DBProfile.DISK for Table:keyTable
2019-10-08 01:19:37,518 [main] INFO  db.DBStoreBuilder (DBStoreBuilder.java:addTable(117)) - using custom profile for table: deletedTable
2019-10-08 01:19:37,519 [main] INFO  db.DBStoreBuilder (DBStoreBuilder.java:processTables(168)) - Using default column profile:DBProfile.DISK for Table:deletedTable
2019-10-08 01:19:37,519 [main] INFO  db.DBStoreBuilder (DBStoreBuilder.java:addTable(117)) - using custom profile for table: openKeyTable
2019-10-08 01:19:37,519 [main] INFO  db.DBStoreBuilder (DBStoreBuilder.java:processTables(168)) - Using default column profile:DBProfile.DISK for Table:openKeyTable
2019-10-08 01:19:37,520 [main] INFO  db.DBStoreBuilder (DBStoreBuilder.java:addTable(117)) - using custom profile for table: s3Table
2019-10-08 01:19:37,520 [main] INFO  db.DBStoreBuilder (DBStoreBuilder.java:processTables(168)) - Using default column profile:DBProfile.DISK for Table:s3Table
2019-10-08 01:19:37,520 [main] INFO  db.DBStoreBuilder (DBStoreBuilder.java:addTable(117)) - using custom profile for table: multipartInfoTable
2019-10-08 01:19:37,520 [main] INFO  db.DBStoreBuilder (DBStoreBuilder.java:processTables(168)) - Using default column profile:DBProfile.DISK for Table:multipartInfoTable
2019-10-08 01:19:37,521 [main] INFO  db.DBStoreBuilder (DBStoreBuilder.java:addTable(117)) - using custom profile for table: dTokenTable
2019-10-08 01:19:37,521 [main] INFO  db.DBStoreBuilder (DBStoreBuilder.java:processTables(168)) - Using default column profile:DBProfile.DISK for Table:dTokenTable
2019-10-08 01:19:37,521 [main] INFO  db.DBStoreBuilder (DBStoreBuilder.java:addTable(117)) - using custom profile for table: s3SecretTable
2019-10-08 01:19:37,522 [main] INFO  db.DBStoreBuilder (DBStoreBuilder.java:processTables(168)) - Using default column profile:DBProfile.DISK for Table:s3SecretTable
2019-10-08 01:19:37,522 [main] INFO  db.DBStoreBuilder (DBStoreBuilder.java:addTable(117)) - using custom profile for table: prefixTable
2019-10-08 01:19:37,522 [main] INFO  db.DBStoreBuilder (DBStoreBuilder.java:processTables(168)) - Using default column profile:DBProfile.DISK for Table:prefixTable
2019-10-08 01:19:37,522 [main] INFO  db.DBStoreBuilder (DBStoreBuilder.java:addTable(117)) - using custom profile for table: default
2019-10-08 01:19:37,523 [main] INFO  db.DBStoreBuilder (DBStoreBuilder.java:processTables(174)) - Using default column profile:DBProfile.DISK for Table:default
2019-10-08 01:19:37,523 [main] INFO  db.DBStoreBuilder (DBStoreBuilder.java:getDbProfile(205)) - Using default options. DBProfile.DISK
2019-10-08 01:19:38,159 [main] INFO  ipc.CallQueueManager (CallQueueManager.java:<init>(84)) - Using callQueue: class java.util.concurrent.LinkedBlockingQueue, queueCapacity: 2000, scheduler: class org.apache.hadoop.ipc.DefaultRpcScheduler, ipcBackoff: false.
2019-10-08 01:19:38,160 [Socket Reader #1 for port 44569] INFO  ipc.Server (Server.java:run(1074)) - Starting Socket Reader #1 for port 44569
2019-10-08 01:19:38,175 [main] INFO  om.OzoneManager (OzoneManager.java:start(1069)) - OzoneManager RPC server is listening at localhost/127.0.0.1:44569
2019-10-08 01:19:38,175 [main] INFO  impl.MetricsSystemImpl (MetricsSystemImpl.java:init(158)) - OzoneManager metrics system started (again)
2019-10-08 01:19:38,176 [IPC Server Responder] INFO  ipc.Server (Server.java:run(1314)) - IPC Server Responder: starting
2019-10-08 01:19:38,177 [IPC Server listener on 44569] INFO  ipc.Server (Server.java:run(1153)) - IPC Server listener on 44569: starting
2019-10-08 01:19:38,183 [main] INFO  hdfs.DFSUtil (DFSUtil.java:httpServerTemplateForNNAndJN(1641)) - Starting Web-server for ozoneManager at: http://0.0.0.0:0
2019-10-08 01:19:38,185 [main] INFO  server.AuthenticationFilter (AuthenticationFilter.java:constructSecretProvider(240)) - Unable to initialize FileSignerSecretProvider, falling back to use random secrets.
2019-10-08 01:19:38,186 [main] WARN  http.HttpRequestLog (HttpRequestLog.java:getRequestLog(97)) - Jetty request log can only be enabled using Log4j
2019-10-08 01:19:38,188 [main] INFO  http.HttpServer2 (HttpServer2.java:addGlobalFilter(975)) - Added global filter 'safety' (class=org.apache.hadoop.http.HttpServer2$QuotingInputFilter)
2019-10-08 01:19:38,189 [main] INFO  http.HttpServer2 (HttpServer2.java:addFilter(948)) - Added filter static_user_filter (class=org.apache.hadoop.http.lib.StaticUserWebFilter$StaticUserFilter) to context ozoneManager
2019-10-08 01:19:38,189 [main] INFO  http.HttpServer2 (HttpServer2.java:addFilter(958)) - Added filter static_user_filter (class=org.apache.hadoop.http.lib.StaticUserWebFilter$StaticUserFilter) to context static
2019-10-08 01:19:38,190 [main] INFO  http.HttpServer2 (HttpServer2.java:addFilter(958)) - Added filter static_user_filter (class=org.apache.hadoop.http.lib.StaticUserWebFilter$StaticUserFilter) to context logs
2019-10-08 01:19:38,191 [main] INFO  http.HttpServer2 (HttpServer2.java:bindListener(1191)) - Jetty bound to port 45157
2019-10-08 01:19:38,191 [main] INFO  server.Server (Server.java:doStart(351)) - jetty-9.3.25.v20180904, build timestamp: 2018-09-04T21:11:46Z, git hash: 3ce520221d0240229c862b122d2b06c12a625732
2019-10-08 01:19:38,193 [main] INFO  handler.ContextHandler (ContextHandler.java:doStart(781)) - Started o.e.j.s.ServletContextHandler@6d33a66e{/logs,file:///workdir/hadoop-ozone/integration-test/target/log,AVAILABLE}
2019-10-08 01:19:38,194 [main] INFO  handler.ContextHandler (ContextHandler.java:doStart(781)) - Started o.e.j.s.ServletContextHandler@5b20706{/static,file:///workdir/hadoop-ozone/integration-test/target/test-classes/webapps/static,AVAILABLE}
2019-10-08 01:19:38,199 [main] INFO  handler.ContextHandler (ContextHandler.java:doStart(781)) - Started o.e.j.w.WebAppContext@fb49fdf{/,file:///workdir/hadoop-ozone/integration-test/target/test-classes/webapps/ozoneManager/,AVAILABLE}{/ozoneManager}
2019-10-08 01:19:38,200 [main] INFO  server.AbstractConnector (AbstractConnector.java:doStart(278)) - Started ServerConnector@3a2e9f5b{HTTP/1.1,[http/1.1]}{0.0.0.0:45157}
2019-10-08 01:19:38,201 [main] INFO  server.Server (Server.java:doStart(419)) - Started @46513ms
2019-10-08 01:19:38,201 [main] WARN  impl.MetricsSystemImpl (MetricsSystemImpl.java:register(276)) - Sink prometheus already exists!
2019-10-08 01:19:38,202 [main] INFO  server.BaseHttpServer (BaseHttpServer.java:updateConnectorAddress(215)) - HTTP server of OZONEMANAGER is listening at http://0.0.0.0:45157
2019-10-08 01:19:38,218 [main] INFO  impl.MetricsSystemImpl (MetricsSystemImpl.java:init(158)) - HddsDatanode metrics system started (again)
2019-10-08 01:19:38,220 [main] INFO  ozone.HddsDatanodeService (HddsDatanodeService.java:start(184)) - HddsDatanodeService host:pr-hdds-2217-dx9m9-1464909746 ip:192.168.164.245
2019-10-08 01:19:38,226 [main] INFO  volume.HddsVolume (HddsVolume.java:<init>(176)) - Creating Volume: /workdir/hadoop-ozone/integration-test/target/test-dir/MiniOzoneClusterImpl-34025f89-607b-4463-91d2-320d90cd8ada/datanode-0/data/containers/hdds of  storage type : DISK and capacity : 1482555576320
2019-10-08 01:19:38,226 [main] INFO  volume.VolumeSet (VolumeSet.java:initializeVolumeSet(170)) - Added Volume : /workdir/hadoop-ozone/integration-test/target/test-dir/MiniOzoneClusterImpl-34025f89-607b-4463-91d2-320d90cd8ada/datanode-0/data/containers/hdds to VolumeSet
2019-10-08 01:19:38,226 [main] INFO  volume.ThrottledAsyncChecker (ThrottledAsyncChecker.java:schedule(139)) - Scheduling a check for org.apache.hadoop.ozone.container.common.volume.HddsVolume@3127cb44
2019-10-08 01:19:38,227 [main] INFO  volume.HddsVolumeChecker (HddsVolumeChecker.java:checkAllVolumes(202)) - Scheduled health check for volume org.apache.hadoop.ozone.container.common.volume.HddsVolume@3127cb44
2019-10-08 01:19:38,241 [main] INFO  impl.RaftServerProxy (ConfUtils.java:logGet(43)) - raft.rpc.type = GRPC (default)
2019-10-08 01:19:38,241 [main] INFO  grpc.GrpcFactory (GrpcFactory.java:checkPooledByteBufAllocatorUseCacheForAllThreads(45)) - PERFORMANCE WARNING: useCacheForAllThreads is true that may cause Netty to create a lot garbage objects and, as a result, trigger GC.
	It is recommended to disable useCacheForAllThreads by setting -Dorg.apache.ratis.thirdparty.io.netty.allocator.useCacheForAllThreads=false in command line.
2019-10-08 01:19:38,241 [main] INFO  grpc.GrpcConfigKeys$Server (ConfUtils.java:logGet(43)) - raft.grpc.server.port = 0 (default)
2019-10-08 01:19:38,241 [main] INFO  server.GrpcService (ConfUtils.java:logGet(43)) - raft.grpc.message.size.max = 33570816 (custom)
2019-10-08 01:19:38,241 [main] INFO  server.RaftServerConfigKeys (ConfUtils.java:logGet(43)) - raft.server.log.appender.buffer.byte-limit = 33554432 (custom)
2019-10-08 01:19:38,242 [main] INFO  server.GrpcService (ConfUtils.java:logGet(43)) - raft.grpc.flow.control.window = 1MB (=1048576) (default)
2019-10-08 01:19:38,242 [main] INFO  server.RaftServerConfigKeys (ConfUtils.java:logGet(43)) - raft.server.rpc.request.timeout = 3000ms (default)
2019-10-08 01:19:38,242 [main] INFO  server.RaftServerConfigKeys (ConfUtils.java:logGet(43)) - raft.server.storage.dir = [/workdir/hadoop-ozone/integration-test/target/test-dir/MiniOzoneClusterImpl-34025f89-607b-4463-91d2-320d90cd8ada/datanode-0/data/ratis] (custom)
2019-10-08 01:19:38,244 [main] INFO  hdfs.DFSUtil (DFSUtil.java:httpServerTemplateForNNAndJN(1641)) - Starting Web-server for hddsDatanode at: http://0.0.0.0:0
2019-10-08 01:19:38,245 [main] INFO  server.AuthenticationFilter (AuthenticationFilter.java:constructSecretProvider(240)) - Unable to initialize FileSignerSecretProvider, falling back to use random secrets.
2019-10-08 01:19:38,245 [main] WARN  http.HttpRequestLog (HttpRequestLog.java:getRequestLog(97)) - Jetty request log can only be enabled using Log4j
2019-10-08 01:19:38,247 [main] INFO  http.HttpServer2 (HttpServer2.java:addGlobalFilter(975)) - Added global filter 'safety' (class=org.apache.hadoop.http.HttpServer2$QuotingInputFilter)
2019-10-08 01:19:38,247 [main] INFO  http.HttpServer2 (HttpServer2.java:addFilter(948)) - Added filter static_user_filter (class=org.apache.hadoop.http.lib.StaticUserWebFilter$StaticUserFilter) to context hddsDatanode
2019-10-08 01:19:38,247 [main] INFO  http.HttpServer2 (HttpServer2.java:addFilter(958)) - Added filter static_user_filter (class=org.apache.hadoop.http.lib.StaticUserWebFilter$StaticUserFilter) to context logs
2019-10-08 01:19:38,247 [main] INFO  http.HttpServer2 (HttpServer2.java:addFilter(958)) - Added filter static_user_filter (class=org.apache.hadoop.http.lib.StaticUserWebFilter$StaticUserFilter) to context static
2019-10-08 01:19:38,248 [main] INFO  http.HttpServer2 (HttpServer2.java:bindListener(1191)) - Jetty bound to port 43680
2019-10-08 01:19:38,248 [main] INFO  server.Server (Server.java:doStart(351)) - jetty-9.3.25.v20180904, build timestamp: 2018-09-04T21:11:46Z, git hash: 3ce520221d0240229c862b122d2b06c12a625732
2019-10-08 01:19:38,250 [main] INFO  handler.ContextHandler (ContextHandler.java:doStart(781)) - Started o.e.j.s.ServletContextHandler@3a6045c6{/logs,file:///workdir/hadoop-ozone/integration-test/target/log,AVAILABLE}
2019-10-08 01:19:38,251 [main] INFO  handler.ContextHandler (ContextHandler.java:doStart(781)) - Started o.e.j.s.ServletContextHandler@b67cc70{/static,jar:file:/home/user/.m2/repository/org/apache/hadoop/hadoop-hdds-container-service/0.5.0-SNAPSHOT/hadoop-hdds-container-service-0.5.0-SNAPSHOT.jar!/webapps/static,AVAILABLE}
2019-10-08 01:19:38,280 [main] INFO  handler.ContextHandler (ContextHandler.java:doStart(781)) - Started o.e.j.w.WebAppContext@7327a447{/,file:///tmp/jetty-0.0.0.0-43680-hddsDatanode-_-any-6527215354475312850.dir/webapp/,AVAILABLE}{/hddsDatanode}
2019-10-08 01:19:38,280 [main] INFO  server.AbstractConnector (AbstractConnector.java:doStart(278)) - Started ServerConnector@67022ea{HTTP/1.1,[http/1.1]}{0.0.0.0:43680}
2019-10-08 01:19:38,281 [main] INFO  server.Server (Server.java:doStart(419)) - Started @46594ms
2019-10-08 01:19:38,281 [main] WARN  impl.MetricsSystemImpl (MetricsSystemImpl.java:register(276)) - Sink prometheus already exists!
2019-10-08 01:19:38,282 [main] INFO  server.BaseHttpServer (BaseHttpServer.java:updateConnectorAddress(215)) - HTTP server of HDDSDATANODE is listening at http://0.0.0.0:43680
2019-10-08 01:19:38,282 [main] INFO  impl.MetricsSystemImpl (MetricsSystemImpl.java:init(158)) - HddsDatanode metrics system started (again)
2019-10-08 01:19:38,286 [org.apache.hadoop.util.JvmPauseMonitor$Monitor@18e93a5c] INFO  util.JvmPauseMonitor (JvmPauseMonitor.java:run(188)) - Starting JVM pause monitor
2019-10-08 01:19:38,286 [main] INFO  ozone.HddsDatanodeService (HddsDatanodeService.java:start(184)) - HddsDatanodeService host:pr-hdds-2217-dx9m9-1464909746 ip:192.168.164.245
2019-10-08 01:19:38,288 [Datanode State Machine Thread - 0] INFO  datanode.InitDatanodeState (InitDatanodeState.java:persistContainerDatanodeDetails(140)) - DatanodeDetails is persisted to /workdir/hadoop-ozone/integration-test/target/test-dir/MiniOzoneClusterImpl-34025f89-607b-4463-91d2-320d90cd8ada/datanode-0/meta/datanode.id
2019-10-08 01:19:38,291 [main] INFO  volume.HddsVolume (HddsVolume.java:<init>(176)) - Creating Volume: /workdir/hadoop-ozone/integration-test/target/test-dir/MiniOzoneClusterImpl-34025f89-607b-4463-91d2-320d90cd8ada/datanode-1/data/containers/hdds of  storage type : DISK and capacity : 1482555576320
2019-10-08 01:19:38,292 [main] INFO  volume.VolumeSet (VolumeSet.java:initializeVolumeSet(170)) - Added Volume : /workdir/hadoop-ozone/integration-test/target/test-dir/MiniOzoneClusterImpl-34025f89-607b-4463-91d2-320d90cd8ada/datanode-1/data/containers/hdds to VolumeSet
2019-10-08 01:19:38,292 [main] INFO  volume.ThrottledAsyncChecker (ThrottledAsyncChecker.java:schedule(139)) - Scheduling a check for org.apache.hadoop.ozone.container.common.volume.HddsVolume@650c405c
2019-10-08 01:19:38,292 [main] INFO  volume.HddsVolumeChecker (HddsVolumeChecker.java:checkAllVolumes(202)) - Scheduled health check for volume org.apache.hadoop.ozone.container.common.volume.HddsVolume@650c405c
2019-10-08 01:19:38,307 [main] INFO  impl.RaftServerProxy (ConfUtils.java:logGet(43)) - raft.rpc.type = GRPC (default)
2019-10-08 01:19:38,307 [main] INFO  grpc.GrpcFactory (GrpcFactory.java:checkPooledByteBufAllocatorUseCacheForAllThreads(45)) - PERFORMANCE WARNING: useCacheForAllThreads is true that may cause Netty to create a lot garbage objects and, as a result, trigger GC.
	It is recommended to disable useCacheForAllThreads by setting -Dorg.apache.ratis.thirdparty.io.netty.allocator.useCacheForAllThreads=false in command line.
2019-10-08 01:19:38,307 [main] INFO  grpc.GrpcConfigKeys$Server (ConfUtils.java:logGet(43)) - raft.grpc.server.port = 0 (default)
2019-10-08 01:19:38,308 [main] INFO  server.GrpcService (ConfUtils.java:logGet(43)) - raft.grpc.message.size.max = 33570816 (custom)
2019-10-08 01:19:38,308 [main] INFO  server.RaftServerConfigKeys (ConfUtils.java:logGet(43)) - raft.server.log.appender.buffer.byte-limit = 33554432 (custom)
2019-10-08 01:19:38,308 [main] INFO  server.GrpcService (ConfUtils.java:logGet(43)) - raft.grpc.flow.control.window = 1MB (=1048576) (default)
2019-10-08 01:19:38,309 [main] INFO  server.RaftServerConfigKeys (ConfUtils.java:logGet(43)) - raft.server.rpc.request.timeout = 3000ms (default)
2019-10-08 01:19:38,309 [main] INFO  server.RaftServerConfigKeys (ConfUtils.java:logGet(43)) - raft.server.storage.dir = [/workdir/hadoop-ozone/integration-test/target/test-dir/MiniOzoneClusterImpl-34025f89-607b-4463-91d2-320d90cd8ada/datanode-1/data/ratis] (custom)
2019-10-08 01:19:38,311 [main] INFO  hdfs.DFSUtil (DFSUtil.java:httpServerTemplateForNNAndJN(1641)) - Starting Web-server for hddsDatanode at: http://0.0.0.0:0
2019-10-08 01:19:38,312 [main] INFO  server.AuthenticationFilter (AuthenticationFilter.java:constructSecretProvider(240)) - Unable to initialize FileSignerSecretProvider, falling back to use random secrets.
2019-10-08 01:19:38,313 [main] WARN  http.HttpRequestLog (HttpRequestLog.java:getRequestLog(97)) - Jetty request log can only be enabled using Log4j
2019-10-08 01:19:38,315 [main] INFO  http.HttpServer2 (HttpServer2.java:addGlobalFilter(975)) - Added global filter 'safety' (class=org.apache.hadoop.http.HttpServer2$QuotingInputFilter)
2019-10-08 01:19:38,315 [main] INFO  http.HttpServer2 (HttpServer2.java:addFilter(948)) - Added filter static_user_filter (class=org.apache.hadoop.http.lib.StaticUserWebFilter$StaticUserFilter) to context hddsDatanode
2019-10-08 01:19:38,316 [main] INFO  http.HttpServer2 (HttpServer2.java:addFilter(958)) - Added filter static_user_filter (class=org.apache.hadoop.http.lib.StaticUserWebFilter$StaticUserFilter) to context logs
2019-10-08 01:19:38,316 [main] INFO  http.HttpServer2 (HttpServer2.java:addFilter(958)) - Added filter static_user_filter (class=org.apache.hadoop.http.lib.StaticUserWebFilter$StaticUserFilter) to context static
2019-10-08 01:19:38,317 [main] INFO  http.HttpServer2 (HttpServer2.java:bindListener(1191)) - Jetty bound to port 44148
2019-10-08 01:19:38,317 [main] INFO  server.Server (Server.java:doStart(351)) - jetty-9.3.25.v20180904, build timestamp: 2018-09-04T21:11:46Z, git hash: 3ce520221d0240229c862b122d2b06c12a625732
2019-10-08 01:19:38,319 [main] INFO  handler.ContextHandler (ContextHandler.java:doStart(781)) - Started o.e.j.s.ServletContextHandler@39ee94de{/logs,file:///workdir/hadoop-ozone/integration-test/target/log,AVAILABLE}
2019-10-08 01:19:38,320 [main] INFO  handler.ContextHandler (ContextHandler.java:doStart(781)) - Started o.e.j.s.ServletContextHandler@4c6b4ed7{/static,jar:file:/home/user/.m2/repository/org/apache/hadoop/hadoop-hdds-container-service/0.5.0-SNAPSHOT/hadoop-hdds-container-service-0.5.0-SNAPSHOT.jar!/webapps/static,AVAILABLE}
2019-10-08 01:19:38,363 [main] INFO  handler.ContextHandler (ContextHandler.java:doStart(781)) - Started o.e.j.w.WebAppContext@d16be4f{/,file:///tmp/jetty-0.0.0.0-44148-hddsDatanode-_-any-9084249945610981870.dir/webapp/,AVAILABLE}{/hddsDatanode}
2019-10-08 01:19:38,364 [main] INFO  server.AbstractConnector (AbstractConnector.java:doStart(278)) - Started ServerConnector@17b37e9a{HTTP/1.1,[http/1.1]}{0.0.0.0:44148}
2019-10-08 01:19:38,366 [main] INFO  server.Server (Server.java:doStart(419)) - Started @46678ms
2019-10-08 01:19:38,366 [main] WARN  impl.MetricsSystemImpl (MetricsSystemImpl.java:register(276)) - Sink prometheus already exists!
2019-10-08 01:19:38,366 [main] INFO  server.BaseHttpServer (BaseHttpServer.java:updateConnectorAddress(215)) - HTTP server of HDDSDATANODE is listening at http://0.0.0.0:44148
2019-10-08 01:19:38,367 [main] INFO  impl.MetricsSystemImpl (MetricsSystemImpl.java:init(158)) - HddsDatanode metrics system started (again)
2019-10-08 01:19:38,371 [org.apache.hadoop.util.JvmPauseMonitor$Monitor@74b9d7d] INFO  util.JvmPauseMonitor (JvmPauseMonitor.java:run(188)) - Starting JVM pause monitor
2019-10-08 01:19:38,371 [main] INFO  ozone.HddsDatanodeService (HddsDatanodeService.java:start(184)) - HddsDatanodeService host:pr-hdds-2217-dx9m9-1464909746 ip:192.168.164.245
2019-10-08 01:19:38,373 [Datanode State Machine Thread - 0] INFO  datanode.InitDatanodeState (InitDatanodeState.java:persistContainerDatanodeDetails(140)) - DatanodeDetails is persisted to /workdir/hadoop-ozone/integration-test/target/test-dir/MiniOzoneClusterImpl-34025f89-607b-4463-91d2-320d90cd8ada/datanode-1/meta/datanode.id
2019-10-08 01:19:38,377 [main] INFO  volume.HddsVolume (HddsVolume.java:<init>(176)) - Creating Volume: /workdir/hadoop-ozone/integration-test/target/test-dir/MiniOzoneClusterImpl-34025f89-607b-4463-91d2-320d90cd8ada/datanode-2/data/containers/hdds of  storage type : DISK and capacity : 1482555576320
2019-10-08 01:19:38,377 [main] INFO  volume.VolumeSet (VolumeSet.java:initializeVolumeSet(170)) - Added Volume : /workdir/hadoop-ozone/integration-test/target/test-dir/MiniOzoneClusterImpl-34025f89-607b-4463-91d2-320d90cd8ada/datanode-2/data/containers/hdds to VolumeSet
2019-10-08 01:19:38,377 [main] INFO  volume.ThrottledAsyncChecker (ThrottledAsyncChecker.java:schedule(139)) - Scheduling a check for org.apache.hadoop.ozone.container.common.volume.HddsVolume@40de8f93
2019-10-08 01:19:38,378 [main] INFO  volume.HddsVolumeChecker (HddsVolumeChecker.java:checkAllVolumes(202)) - Scheduled health check for volume org.apache.hadoop.ozone.container.common.volume.HddsVolume@40de8f93
2019-10-08 01:19:38,391 [main] INFO  impl.RaftServerProxy (ConfUtils.java:logGet(43)) - raft.rpc.type = GRPC (default)
2019-10-08 01:19:38,391 [main] INFO  grpc.GrpcFactory (GrpcFactory.java:checkPooledByteBufAllocatorUseCacheForAllThreads(45)) - PERFORMANCE WARNING: useCacheForAllThreads is true that may cause Netty to create a lot garbage objects and, as a result, trigger GC.
	It is recommended to disable useCacheForAllThreads by setting -Dorg.apache.ratis.thirdparty.io.netty.allocator.useCacheForAllThreads=false in command line.
2019-10-08 01:19:38,391 [main] INFO  grpc.GrpcConfigKeys$Server (ConfUtils.java:logGet(43)) - raft.grpc.server.port = 0 (default)
2019-10-08 01:19:38,391 [main] INFO  server.GrpcService (ConfUtils.java:logGet(43)) - raft.grpc.message.size.max = 33570816 (custom)
2019-10-08 01:19:38,391 [main] INFO  server.RaftServerConfigKeys (ConfUtils.java:logGet(43)) - raft.server.log.appender.buffer.byte-limit = 33554432 (custom)
2019-10-08 01:19:38,391 [main] INFO  server.GrpcService (ConfUtils.java:logGet(43)) - raft.grpc.flow.control.window = 1MB (=1048576) (default)
2019-10-08 01:19:38,392 [main] INFO  server.RaftServerConfigKeys (ConfUtils.java:logGet(43)) - raft.server.rpc.request.timeout = 3000ms (default)
2019-10-08 01:19:38,392 [main] INFO  server.RaftServerConfigKeys (ConfUtils.java:logGet(43)) - raft.server.storage.dir = [/workdir/hadoop-ozone/integration-test/target/test-dir/MiniOzoneClusterImpl-34025f89-607b-4463-91d2-320d90cd8ada/datanode-2/data/ratis] (custom)
2019-10-08 01:19:38,393 [main] INFO  hdfs.DFSUtil (DFSUtil.java:httpServerTemplateForNNAndJN(1641)) - Starting Web-server for hddsDatanode at: http://0.0.0.0:0
2019-10-08 01:19:38,394 [main] INFO  server.AuthenticationFilter (AuthenticationFilter.java:constructSecretProvider(240)) - Unable to initialize FileSignerSecretProvider, falling back to use random secrets.
2019-10-08 01:19:38,395 [main] WARN  http.HttpRequestLog (HttpRequestLog.java:getRequestLog(97)) - Jetty request log can only be enabled using Log4j
2019-10-08 01:19:38,396 [main] INFO  http.HttpServer2 (HttpServer2.java:addGlobalFilter(975)) - Added global filter 'safety' (class=org.apache.hadoop.http.HttpServer2$QuotingInputFilter)
2019-10-08 01:19:38,398 [main] INFO  http.HttpServer2 (HttpServer2.java:addFilter(948)) - Added filter static_user_filter (class=org.apache.hadoop.http.lib.StaticUserWebFilter$StaticUserFilter) to context hddsDatanode
2019-10-08 01:19:38,398 [main] INFO  http.HttpServer2 (HttpServer2.java:addFilter(958)) - Added filter static_user_filter (class=org.apache.hadoop.http.lib.StaticUserWebFilter$StaticUserFilter) to context static
2019-10-08 01:19:38,398 [main] INFO  http.HttpServer2 (HttpServer2.java:addFilter(958)) - Added filter static_user_filter (class=org.apache.hadoop.http.lib.StaticUserWebFilter$StaticUserFilter) to context logs
2019-10-08 01:19:38,399 [main] INFO  http.HttpServer2 (HttpServer2.java:bindListener(1191)) - Jetty bound to port 40319
2019-10-08 01:19:38,399 [main] INFO  server.Server (Server.java:doStart(351)) - jetty-9.3.25.v20180904, build timestamp: 2018-09-04T21:11:46Z, git hash: 3ce520221d0240229c862b122d2b06c12a625732
2019-10-08 01:19:38,400 [main] INFO  handler.ContextHandler (ContextHandler.java:doStart(781)) - Started o.e.j.s.ServletContextHandler@92d1782{/logs,file:///workdir/hadoop-ozone/integration-test/target/log,AVAILABLE}
2019-10-08 01:19:38,401 [main] INFO  handler.ContextHandler (ContextHandler.java:doStart(781)) - Started o.e.j.s.ServletContextHandler@72976b4{/static,jar:file:/home/user/.m2/repository/org/apache/hadoop/hadoop-hdds-container-service/0.5.0-SNAPSHOT/hadoop-hdds-container-service-0.5.0-SNAPSHOT.jar!/webapps/static,AVAILABLE}
2019-10-08 01:19:38,431 [main] INFO  handler.ContextHandler (ContextHandler.java:doStart(781)) - Started o.e.j.w.WebAppContext@50eb4a2c{/,file:///tmp/jetty-0.0.0.0-40319-hddsDatanode-_-any-8139726979177550916.dir/webapp/,AVAILABLE}{/hddsDatanode}
2019-10-08 01:19:38,431 [main] INFO  server.AbstractConnector (AbstractConnector.java:doStart(278)) - Started ServerConnector@1a256d80{HTTP/1.1,[http/1.1]}{0.0.0.0:40319}
2019-10-08 01:19:38,433 [main] INFO  server.Server (Server.java:doStart(419)) - Started @46745ms
2019-10-08 01:19:38,433 [main] WARN  impl.MetricsSystemImpl (MetricsSystemImpl.java:register(276)) - Sink prometheus already exists!
2019-10-08 01:19:38,433 [main] INFO  server.BaseHttpServer (BaseHttpServer.java:updateConnectorAddress(215)) - HTTP server of HDDSDATANODE is listening at http://0.0.0.0:40319
2019-10-08 01:19:38,433 [main] INFO  impl.MetricsSystemImpl (MetricsSystemImpl.java:init(158)) - HddsDatanode metrics system started (again)
2019-10-08 01:19:38,437 [org.apache.hadoop.util.JvmPauseMonitor$Monitor@73956ffe] INFO  util.JvmPauseMonitor (JvmPauseMonitor.java:run(188)) - Starting JVM pause monitor
2019-10-08 01:19:38,437 [main] INFO  ozone.HddsDatanodeService (HddsDatanodeService.java:start(184)) - HddsDatanodeService host:pr-hdds-2217-dx9m9-1464909746 ip:192.168.164.245
2019-10-08 01:19:38,439 [Datanode State Machine Thread - 0] INFO  datanode.InitDatanodeState (InitDatanodeState.java:persistContainerDatanodeDetails(140)) - DatanodeDetails is persisted to /workdir/hadoop-ozone/integration-test/target/test-dir/MiniOzoneClusterImpl-34025f89-607b-4463-91d2-320d90cd8ada/datanode-2/meta/datanode.id
2019-10-08 01:19:38,443 [main] INFO  volume.HddsVolume (HddsVolume.java:<init>(176)) - Creating Volume: /workdir/hadoop-ozone/integration-test/target/test-dir/MiniOzoneClusterImpl-34025f89-607b-4463-91d2-320d90cd8ada/datanode-3/data/containers/hdds of  storage type : DISK and capacity : 1482555576320
2019-10-08 01:19:38,443 [main] INFO  volume.VolumeSet (VolumeSet.java:initializeVolumeSet(170)) - Added Volume : /workdir/hadoop-ozone/integration-test/target/test-dir/MiniOzoneClusterImpl-34025f89-607b-4463-91d2-320d90cd8ada/datanode-3/data/containers/hdds to VolumeSet
2019-10-08 01:19:38,444 [main] INFO  volume.ThrottledAsyncChecker (ThrottledAsyncChecker.java:schedule(139)) - Scheduling a check for org.apache.hadoop.ozone.container.common.volume.HddsVolume@27a09971
2019-10-08 01:19:38,444 [main] INFO  volume.HddsVolumeChecker (HddsVolumeChecker.java:checkAllVolumes(202)) - Scheduled health check for volume org.apache.hadoop.ozone.container.common.volume.HddsVolume@27a09971
2019-10-08 01:19:38,458 [main] INFO  impl.RaftServerProxy (ConfUtils.java:logGet(43)) - raft.rpc.type = GRPC (default)
2019-10-08 01:19:38,458 [main] INFO  grpc.GrpcFactory (GrpcFactory.java:checkPooledByteBufAllocatorUseCacheForAllThreads(45)) - PERFORMANCE WARNING: useCacheForAllThreads is true that may cause Netty to create a lot garbage objects and, as a result, trigger GC.
	It is recommended to disable useCacheForAllThreads by setting -Dorg.apache.ratis.thirdparty.io.netty.allocator.useCacheForAllThreads=false in command line.
2019-10-08 01:19:38,458 [main] INFO  grpc.GrpcConfigKeys$Server (ConfUtils.java:logGet(43)) - raft.grpc.server.port = 0 (default)
2019-10-08 01:19:38,458 [main] INFO  server.GrpcService (ConfUtils.java:logGet(43)) - raft.grpc.message.size.max = 33570816 (custom)
2019-10-08 01:19:38,459 [main] INFO  server.RaftServerConfigKeys (ConfUtils.java:logGet(43)) - raft.server.log.appender.buffer.byte-limit = 33554432 (custom)
2019-10-08 01:19:38,459 [main] INFO  server.GrpcService (ConfUtils.java:logGet(43)) - raft.grpc.flow.control.window = 1MB (=1048576) (default)
2019-10-08 01:19:38,459 [main] INFO  server.RaftServerConfigKeys (ConfUtils.java:logGet(43)) - raft.server.rpc.request.timeout = 3000ms (default)
2019-10-08 01:19:38,460 [main] INFO  server.RaftServerConfigKeys (ConfUtils.java:logGet(43)) - raft.server.storage.dir = [/workdir/hadoop-ozone/integration-test/target/test-dir/MiniOzoneClusterImpl-34025f89-607b-4463-91d2-320d90cd8ada/datanode-3/data/ratis] (custom)
2019-10-08 01:19:38,461 [main] INFO  hdfs.DFSUtil (DFSUtil.java:httpServerTemplateForNNAndJN(1641)) - Starting Web-server for hddsDatanode at: http://0.0.0.0:0
2019-10-08 01:19:38,462 [main] INFO  server.AuthenticationFilter (AuthenticationFilter.java:constructSecretProvider(240)) - Unable to initialize FileSignerSecretProvider, falling back to use random secrets.
2019-10-08 01:19:38,462 [main] WARN  http.HttpRequestLog (HttpRequestLog.java:getRequestLog(97)) - Jetty request log can only be enabled using Log4j
2019-10-08 01:19:38,464 [main] INFO  http.HttpServer2 (HttpServer2.java:addGlobalFilter(975)) - Added global filter 'safety' (class=org.apache.hadoop.http.HttpServer2$QuotingInputFilter)
2019-10-08 01:19:38,464 [main] INFO  http.HttpServer2 (HttpServer2.java:addFilter(948)) - Added filter static_user_filter (class=org.apache.hadoop.http.lib.StaticUserWebFilter$StaticUserFilter) to context hddsDatanode
2019-10-08 01:19:38,464 [main] INFO  http.HttpServer2 (HttpServer2.java:addFilter(958)) - Added filter static_user_filter (class=org.apache.hadoop.http.lib.StaticUserWebFilter$StaticUserFilter) to context static
2019-10-08 01:19:38,465 [main] INFO  http.HttpServer2 (HttpServer2.java:addFilter(958)) - Added filter static_user_filter (class=org.apache.hadoop.http.lib.StaticUserWebFilter$StaticUserFilter) to context logs
2019-10-08 01:19:38,465 [main] INFO  http.HttpServer2 (HttpServer2.java:bindListener(1191)) - Jetty bound to port 38431
2019-10-08 01:19:38,465 [main] INFO  server.Server (Server.java:doStart(351)) - jetty-9.3.25.v20180904, build timestamp: 2018-09-04T21:11:46Z, git hash: 3ce520221d0240229c862b122d2b06c12a625732
2019-10-08 01:19:38,467 [main] INFO  handler.ContextHandler (ContextHandler.java:doStart(781)) - Started o.e.j.s.ServletContextHandler@36d33f4{/logs,file:///workdir/hadoop-ozone/integration-test/target/log,AVAILABLE}
2019-10-08 01:19:38,467 [main] INFO  handler.ContextHandler (ContextHandler.java:doStart(781)) - Started o.e.j.s.ServletContextHandler@7c5d1d25{/static,jar:file:/home/user/.m2/repository/org/apache/hadoop/hadoop-hdds-container-service/0.5.0-SNAPSHOT/hadoop-hdds-container-service-0.5.0-SNAPSHOT.jar!/webapps/static,AVAILABLE}
2019-10-08 01:19:38,497 [main] INFO  handler.ContextHandler (ContextHandler.java:doStart(781)) - Started o.e.j.w.WebAppContext@18a19e{/,file:///tmp/jetty-0.0.0.0-38431-hddsDatanode-_-any-9155443848827752476.dir/webapp/,AVAILABLE}{/hddsDatanode}
2019-10-08 01:19:38,498 [main] INFO  server.AbstractConnector (AbstractConnector.java:doStart(278)) - Started ServerConnector@60a7e509{HTTP/1.1,[http/1.1]}{0.0.0.0:38431}
2019-10-08 01:19:38,499 [main] INFO  server.Server (Server.java:doStart(419)) - Started @46811ms
2019-10-08 01:19:38,499 [main] WARN  impl.MetricsSystemImpl (MetricsSystemImpl.java:register(276)) - Sink prometheus already exists!
2019-10-08 01:19:38,500 [main] INFO  server.BaseHttpServer (BaseHttpServer.java:updateConnectorAddress(215)) - HTTP server of HDDSDATANODE is listening at http://0.0.0.0:38431
2019-10-08 01:19:38,500 [main] INFO  impl.MetricsSystemImpl (MetricsSystemImpl.java:init(158)) - HddsDatanode metrics system started (again)
2019-10-08 01:19:38,504 [org.apache.hadoop.util.JvmPauseMonitor$Monitor@779aa730] INFO  util.JvmPauseMonitor (JvmPauseMonitor.java:run(188)) - Starting JVM pause monitor
2019-10-08 01:19:38,504 [main] INFO  ozone.HddsDatanodeService (HddsDatanodeService.java:start(184)) - HddsDatanodeService host:pr-hdds-2217-dx9m9-1464909746 ip:192.168.164.245
2019-10-08 01:19:38,505 [Datanode State Machine Thread - 0] INFO  datanode.InitDatanodeState (InitDatanodeState.java:persistContainerDatanodeDetails(140)) - DatanodeDetails is persisted to /workdir/hadoop-ozone/integration-test/target/test-dir/MiniOzoneClusterImpl-34025f89-607b-4463-91d2-320d90cd8ada/datanode-3/meta/datanode.id
2019-10-08 01:19:38,509 [main] INFO  volume.HddsVolume (HddsVolume.java:<init>(176)) - Creating Volume: /workdir/hadoop-ozone/integration-test/target/test-dir/MiniOzoneClusterImpl-34025f89-607b-4463-91d2-320d90cd8ada/datanode-4/data/containers/hdds of  storage type : DISK and capacity : 1482555576320
2019-10-08 01:19:38,510 [main] INFO  volume.VolumeSet (VolumeSet.java:initializeVolumeSet(170)) - Added Volume : /workdir/hadoop-ozone/integration-test/target/test-dir/MiniOzoneClusterImpl-34025f89-607b-4463-91d2-320d90cd8ada/datanode-4/data/containers/hdds to VolumeSet
2019-10-08 01:19:38,510 [main] INFO  volume.ThrottledAsyncChecker (ThrottledAsyncChecker.java:schedule(139)) - Scheduling a check for org.apache.hadoop.ozone.container.common.volume.HddsVolume@2b6a0ea9
2019-10-08 01:19:38,510 [main] INFO  volume.HddsVolumeChecker (HddsVolumeChecker.java:checkAllVolumes(202)) - Scheduled health check for volume org.apache.hadoop.ozone.container.common.volume.HddsVolume@2b6a0ea9
2019-10-08 01:19:38,526 [main] INFO  impl.RaftServerProxy (ConfUtils.java:logGet(43)) - raft.rpc.type = GRPC (default)
2019-10-08 01:19:38,526 [main] INFO  grpc.GrpcFactory (GrpcFactory.java:checkPooledByteBufAllocatorUseCacheForAllThreads(45)) - PERFORMANCE WARNING: useCacheForAllThreads is true that may cause Netty to create a lot garbage objects and, as a result, trigger GC.
	It is recommended to disable useCacheForAllThreads by setting -Dorg.apache.ratis.thirdparty.io.netty.allocator.useCacheForAllThreads=false in command line.
2019-10-08 01:19:38,526 [main] INFO  grpc.GrpcConfigKeys$Server (ConfUtils.java:logGet(43)) - raft.grpc.server.port = 0 (default)
2019-10-08 01:19:38,527 [main] INFO  server.GrpcService (ConfUtils.java:logGet(43)) - raft.grpc.message.size.max = 33570816 (custom)
2019-10-08 01:19:38,527 [main] INFO  server.RaftServerConfigKeys (ConfUtils.java:logGet(43)) - raft.server.log.appender.buffer.byte-limit = 33554432 (custom)
2019-10-08 01:19:38,527 [main] INFO  server.GrpcService (ConfUtils.java:logGet(43)) - raft.grpc.flow.control.window = 1MB (=1048576) (default)
2019-10-08 01:19:38,527 [main] INFO  server.RaftServerConfigKeys (ConfUtils.java:logGet(43)) - raft.server.rpc.request.timeout = 3000ms (default)
2019-10-08 01:19:38,528 [main] INFO  server.RaftServerConfigKeys (ConfUtils.java:logGet(43)) - raft.server.storage.dir = [/workdir/hadoop-ozone/integration-test/target/test-dir/MiniOzoneClusterImpl-34025f89-607b-4463-91d2-320d90cd8ada/datanode-4/data/ratis] (custom)
2019-10-08 01:19:38,529 [main] INFO  hdfs.DFSUtil (DFSUtil.java:httpServerTemplateForNNAndJN(1641)) - Starting Web-server for hddsDatanode at: http://0.0.0.0:0
2019-10-08 01:19:38,531 [main] INFO  server.AuthenticationFilter (AuthenticationFilter.java:constructSecretProvider(240)) - Unable to initialize FileSignerSecretProvider, falling back to use random secrets.
2019-10-08 01:19:38,531 [main] WARN  http.HttpRequestLog (HttpRequestLog.java:getRequestLog(97)) - Jetty request log can only be enabled using Log4j
2019-10-08 01:19:38,532 [main] INFO  http.HttpServer2 (HttpServer2.java:addGlobalFilter(975)) - Added global filter 'safety' (class=org.apache.hadoop.http.HttpServer2$QuotingInputFilter)
2019-10-08 01:19:38,533 [main] INFO  http.HttpServer2 (HttpServer2.java:addFilter(948)) - Added filter static_user_filter (class=org.apache.hadoop.http.lib.StaticUserWebFilter$StaticUserFilter) to context hddsDatanode
2019-10-08 01:19:38,533 [main] INFO  http.HttpServer2 (HttpServer2.java:addFilter(958)) - Added filter static_user_filter (class=org.apache.hadoop.http.lib.StaticUserWebFilter$StaticUserFilter) to context logs
2019-10-08 01:19:38,534 [main] INFO  http.HttpServer2 (HttpServer2.java:addFilter(958)) - Added filter static_user_filter (class=org.apache.hadoop.http.lib.StaticUserWebFilter$StaticUserFilter) to context static
2019-10-08 01:19:38,534 [main] INFO  http.HttpServer2 (HttpServer2.java:bindListener(1191)) - Jetty bound to port 35827
2019-10-08 01:19:38,535 [main] INFO  server.Server (Server.java:doStart(351)) - jetty-9.3.25.v20180904, build timestamp: 2018-09-04T21:11:46Z, git hash: 3ce520221d0240229c862b122d2b06c12a625732
2019-10-08 01:19:38,536 [main] INFO  handler.ContextHandler (ContextHandler.java:doStart(781)) - Started o.e.j.s.ServletContextHandler@6dd36ab6{/logs,file:///workdir/hadoop-ozone/integration-test/target/log,AVAILABLE}
2019-10-08 01:19:38,537 [main] INFO  handler.ContextHandler (ContextHandler.java:doStart(781)) - Started o.e.j.s.ServletContextHandler@610d28b8{/static,jar:file:/home/user/.m2/repository/org/apache/hadoop/hadoop-hdds-container-service/0.5.0-SNAPSHOT/hadoop-hdds-container-service-0.5.0-SNAPSHOT.jar!/webapps/static,AVAILABLE}
2019-10-08 01:19:38,567 [main] INFO  handler.ContextHandler (ContextHandler.java:doStart(781)) - Started o.e.j.w.WebAppContext@4c0e426a{/,file:///tmp/jetty-0.0.0.0-35827-hddsDatanode-_-any-2674004794490022684.dir/webapp/,AVAILABLE}{/hddsDatanode}
2019-10-08 01:19:38,567 [main] INFO  server.AbstractConnector (AbstractConnector.java:doStart(278)) - Started ServerConnector@713ec32d{HTTP/1.1,[http/1.1]}{0.0.0.0:35827}
2019-10-08 01:19:38,568 [main] INFO  server.Server (Server.java:doStart(419)) - Started @46881ms
2019-10-08 01:19:38,569 [main] WARN  impl.MetricsSystemImpl (MetricsSystemImpl.java:register(276)) - Sink prometheus already exists!
2019-10-08 01:19:38,569 [main] INFO  server.BaseHttpServer (BaseHttpServer.java:updateConnectorAddress(215)) - HTTP server of HDDSDATANODE is listening at http://0.0.0.0:35827
2019-10-08 01:19:38,570 [main] INFO  impl.MetricsSystemImpl (MetricsSystemImpl.java:init(158)) - HddsDatanode metrics system started (again)
2019-10-08 01:19:38,575 [org.apache.hadoop.util.JvmPauseMonitor$Monitor@2d10e4c6] INFO  util.JvmPauseMonitor (JvmPauseMonitor.java:run(188)) - Starting JVM pause monitor
2019-10-08 01:19:38,575 [main] INFO  ozone.HddsDatanodeService (HddsDatanodeService.java:start(184)) - HddsDatanodeService host:pr-hdds-2217-dx9m9-1464909746 ip:192.168.164.245
2019-10-08 01:19:38,578 [Datanode State Machine Thread - 0] INFO  datanode.InitDatanodeState (InitDatanodeState.java:persistContainerDatanodeDetails(140)) - DatanodeDetails is persisted to /workdir/hadoop-ozone/integration-test/target/test-dir/MiniOzoneClusterImpl-34025f89-607b-4463-91d2-320d90cd8ada/datanode-4/meta/datanode.id
2019-10-08 01:19:38,582 [main] INFO  volume.HddsVolume (HddsVolume.java:<init>(176)) - Creating Volume: /workdir/hadoop-ozone/integration-test/target/test-dir/MiniOzoneClusterImpl-34025f89-607b-4463-91d2-320d90cd8ada/datanode-5/data/containers/hdds of  storage type : DISK and capacity : 1482555576320
2019-10-08 01:19:38,582 [main] INFO  volume.VolumeSet (VolumeSet.java:initializeVolumeSet(170)) - Added Volume : /workdir/hadoop-ozone/integration-test/target/test-dir/MiniOzoneClusterImpl-34025f89-607b-4463-91d2-320d90cd8ada/datanode-5/data/containers/hdds to VolumeSet
2019-10-08 01:19:38,583 [main] INFO  volume.ThrottledAsyncChecker (ThrottledAsyncChecker.java:schedule(139)) - Scheduling a check for org.apache.hadoop.ozone.container.common.volume.HddsVolume@7c281eb8
2019-10-08 01:19:38,583 [main] INFO  volume.HddsVolumeChecker (HddsVolumeChecker.java:checkAllVolumes(202)) - Scheduled health check for volume org.apache.hadoop.ozone.container.common.volume.HddsVolume@7c281eb8
2019-10-08 01:19:38,600 [main] INFO  impl.RaftServerProxy (ConfUtils.java:logGet(43)) - raft.rpc.type = GRPC (default)
2019-10-08 01:19:38,600 [main] INFO  grpc.GrpcFactory (GrpcFactory.java:checkPooledByteBufAllocatorUseCacheForAllThreads(45)) - PERFORMANCE WARNING: useCacheForAllThreads is true that may cause Netty to create a lot garbage objects and, as a result, trigger GC.
	It is recommended to disable useCacheForAllThreads by setting -Dorg.apache.ratis.thirdparty.io.netty.allocator.useCacheForAllThreads=false in command line.
2019-10-08 01:19:38,600 [main] INFO  grpc.GrpcConfigKeys$Server (ConfUtils.java:logGet(43)) - raft.grpc.server.port = 0 (default)
2019-10-08 01:19:38,600 [main] INFO  server.GrpcService (ConfUtils.java:logGet(43)) - raft.grpc.message.size.max = 33570816 (custom)
2019-10-08 01:19:38,601 [main] INFO  server.RaftServerConfigKeys (ConfUtils.java:logGet(43)) - raft.server.log.appender.buffer.byte-limit = 33554432 (custom)
2019-10-08 01:19:38,601 [main] INFO  server.GrpcService (ConfUtils.java:logGet(43)) - raft.grpc.flow.control.window = 1MB (=1048576) (default)
2019-10-08 01:19:38,601 [main] INFO  server.RaftServerConfigKeys (ConfUtils.java:logGet(43)) - raft.server.rpc.request.timeout = 3000ms (default)
2019-10-08 01:19:38,602 [main] INFO  server.RaftServerConfigKeys (ConfUtils.java:logGet(43)) - raft.server.storage.dir = [/workdir/hadoop-ozone/integration-test/target/test-dir/MiniOzoneClusterImpl-34025f89-607b-4463-91d2-320d90cd8ada/datanode-5/data/ratis] (custom)
2019-10-08 01:19:38,603 [main] INFO  hdfs.DFSUtil (DFSUtil.java:httpServerTemplateForNNAndJN(1641)) - Starting Web-server for hddsDatanode at: http://0.0.0.0:0
2019-10-08 01:19:38,604 [main] INFO  server.AuthenticationFilter (AuthenticationFilter.java:constructSecretProvider(240)) - Unable to initialize FileSignerSecretProvider, falling back to use random secrets.
2019-10-08 01:19:38,604 [main] WARN  http.HttpRequestLog (HttpRequestLog.java:getRequestLog(97)) - Jetty request log can only be enabled using Log4j
2019-10-08 01:19:38,606 [main] INFO  http.HttpServer2 (HttpServer2.java:addGlobalFilter(975)) - Added global filter 'safety' (class=org.apache.hadoop.http.HttpServer2$QuotingInputFilter)
2019-10-08 01:19:38,606 [main] INFO  http.HttpServer2 (HttpServer2.java:addFilter(948)) - Added filter static_user_filter (class=org.apache.hadoop.http.lib.StaticUserWebFilter$StaticUserFilter) to context hddsDatanode
2019-10-08 01:19:38,606 [main] INFO  http.HttpServer2 (HttpServer2.java:addFilter(958)) - Added filter static_user_filter (class=org.apache.hadoop.http.lib.StaticUserWebFilter$StaticUserFilter) to context static
2019-10-08 01:19:38,606 [main] INFO  http.HttpServer2 (HttpServer2.java:addFilter(958)) - Added filter static_user_filter (class=org.apache.hadoop.http.lib.StaticUserWebFilter$StaticUserFilter) to context logs
2019-10-08 01:19:38,607 [main] INFO  http.HttpServer2 (HttpServer2.java:bindListener(1191)) - Jetty bound to port 41837
2019-10-08 01:19:38,607 [main] INFO  server.Server (Server.java:doStart(351)) - jetty-9.3.25.v20180904, build timestamp: 2018-09-04T21:11:46Z, git hash: 3ce520221d0240229c862b122d2b06c12a625732
2019-10-08 01:19:38,609 [main] INFO  handler.ContextHandler (ContextHandler.java:doStart(781)) - Started o.e.j.s.ServletContextHandler@20ab76ee{/logs,file:///workdir/hadoop-ozone/integration-test/target/log,AVAILABLE}
2019-10-08 01:19:38,609 [main] INFO  handler.ContextHandler (ContextHandler.java:doStart(781)) - Started o.e.j.s.ServletContextHandler@2703d91{/static,jar:file:/home/user/.m2/repository/org/apache/hadoop/hadoop-hdds-container-service/0.5.0-SNAPSHOT/hadoop-hdds-container-service-0.5.0-SNAPSHOT.jar!/webapps/static,AVAILABLE}
2019-10-08 01:19:38,638 [main] INFO  handler.ContextHandler (ContextHandler.java:doStart(781)) - Started o.e.j.w.WebAppContext@1cd43562{/,file:///tmp/jetty-0.0.0.0-41837-hddsDatanode-_-any-6656205156643994884.dir/webapp/,AVAILABLE}{/hddsDatanode}
2019-10-08 01:19:38,638 [main] INFO  server.AbstractConnector (AbstractConnector.java:doStart(278)) - Started ServerConnector@59939293{HTTP/1.1,[http/1.1]}{0.0.0.0:41837}
2019-10-08 01:19:38,640 [main] INFO  server.Server (Server.java:doStart(419)) - Started @46952ms
2019-10-08 01:19:38,640 [main] WARN  impl.MetricsSystemImpl (MetricsSystemImpl.java:register(276)) - Sink prometheus already exists!
2019-10-08 01:19:38,640 [main] INFO  server.BaseHttpServer (BaseHttpServer.java:updateConnectorAddress(215)) - HTTP server of HDDSDATANODE is listening at http://0.0.0.0:41837
2019-10-08 01:19:38,640 [main] INFO  impl.MetricsSystemImpl (MetricsSystemImpl.java:init(158)) - HddsDatanode metrics system started (again)
2019-10-08 01:19:38,646 [org.apache.hadoop.util.JvmPauseMonitor$Monitor@21b3ea01] INFO  util.JvmPauseMonitor (JvmPauseMonitor.java:run(188)) - Starting JVM pause monitor
2019-10-08 01:19:38,646 [main] INFO  ozone.HddsDatanodeService (HddsDatanodeService.java:start(184)) - HddsDatanodeService host:pr-hdds-2217-dx9m9-1464909746 ip:192.168.164.245
2019-10-08 01:19:38,647 [Datanode State Machine Thread - 0] INFO  datanode.InitDatanodeState (InitDatanodeState.java:persistContainerDatanodeDetails(140)) - DatanodeDetails is persisted to /workdir/hadoop-ozone/integration-test/target/test-dir/MiniOzoneClusterImpl-34025f89-607b-4463-91d2-320d90cd8ada/datanode-5/meta/datanode.id
2019-10-08 01:19:38,653 [main] INFO  volume.HddsVolume (HddsVolume.java:<init>(176)) - Creating Volume: /workdir/hadoop-ozone/integration-test/target/test-dir/MiniOzoneClusterImpl-34025f89-607b-4463-91d2-320d90cd8ada/datanode-6/data/containers/hdds of  storage type : DISK and capacity : 1482555576320
2019-10-08 01:19:38,653 [main] INFO  volume.VolumeSet (VolumeSet.java:initializeVolumeSet(170)) - Added Volume : /workdir/hadoop-ozone/integration-test/target/test-dir/MiniOzoneClusterImpl-34025f89-607b-4463-91d2-320d90cd8ada/datanode-6/data/containers/hdds to VolumeSet
2019-10-08 01:19:38,654 [main] INFO  volume.ThrottledAsyncChecker (ThrottledAsyncChecker.java:schedule(139)) - Scheduling a check for org.apache.hadoop.ozone.container.common.volume.HddsVolume@3b332962
2019-10-08 01:19:38,654 [main] INFO  volume.HddsVolumeChecker (HddsVolumeChecker.java:checkAllVolumes(202)) - Scheduled health check for volume org.apache.hadoop.ozone.container.common.volume.HddsVolume@3b332962
2019-10-08 01:19:38,670 [main] INFO  impl.RaftServerProxy (ConfUtils.java:logGet(43)) - raft.rpc.type = GRPC (default)
2019-10-08 01:19:38,670 [main] INFO  grpc.GrpcFactory (GrpcFactory.java:checkPooledByteBufAllocatorUseCacheForAllThreads(45)) - PERFORMANCE WARNING: useCacheForAllThreads is true that may cause Netty to create a lot garbage objects and, as a result, trigger GC.
	It is recommended to disable useCacheForAllThreads by setting -Dorg.apache.ratis.thirdparty.io.netty.allocator.useCacheForAllThreads=false in command line.
2019-10-08 01:19:38,670 [main] INFO  grpc.GrpcConfigKeys$Server (ConfUtils.java:logGet(43)) - raft.grpc.server.port = 0 (default)
2019-10-08 01:19:38,670 [main] INFO  server.GrpcService (ConfUtils.java:logGet(43)) - raft.grpc.message.size.max = 33570816 (custom)
2019-10-08 01:19:38,670 [main] INFO  server.RaftServerConfigKeys (ConfUtils.java:logGet(43)) - raft.server.log.appender.buffer.byte-limit = 33554432 (custom)
2019-10-08 01:19:38,671 [main] INFO  server.GrpcService (ConfUtils.java:logGet(43)) - raft.grpc.flow.control.window = 1MB (=1048576) (default)
2019-10-08 01:19:38,671 [main] INFO  server.RaftServerConfigKeys (ConfUtils.java:logGet(43)) - raft.server.rpc.request.timeout = 3000ms (default)
2019-10-08 01:19:38,671 [main] INFO  server.RaftServerConfigKeys (ConfUtils.java:logGet(43)) - raft.server.storage.dir = [/workdir/hadoop-ozone/integration-test/target/test-dir/MiniOzoneClusterImpl-34025f89-607b-4463-91d2-320d90cd8ada/datanode-6/data/ratis] (custom)
2019-10-08 01:19:38,673 [main] INFO  hdfs.DFSUtil (DFSUtil.java:httpServerTemplateForNNAndJN(1641)) - Starting Web-server for hddsDatanode at: http://0.0.0.0:0
2019-10-08 01:19:38,674 [main] INFO  server.AuthenticationFilter (AuthenticationFilter.java:constructSecretProvider(240)) - Unable to initialize FileSignerSecretProvider, falling back to use random secrets.
2019-10-08 01:19:38,674 [main] WARN  http.HttpRequestLog (HttpRequestLog.java:getRequestLog(97)) - Jetty request log can only be enabled using Log4j
2019-10-08 01:19:38,676 [main] INFO  http.HttpServer2 (HttpServer2.java:addGlobalFilter(975)) - Added global filter 'safety' (class=org.apache.hadoop.http.HttpServer2$QuotingInputFilter)
2019-10-08 01:19:38,676 [main] INFO  http.HttpServer2 (HttpServer2.java:addFilter(948)) - Added filter static_user_filter (class=org.apache.hadoop.http.lib.StaticUserWebFilter$StaticUserFilter) to context hddsDatanode
2019-10-08 01:19:38,676 [main] INFO  http.HttpServer2 (HttpServer2.java:addFilter(958)) - Added filter static_user_filter (class=org.apache.hadoop.http.lib.StaticUserWebFilter$StaticUserFilter) to context static
2019-10-08 01:19:38,676 [main] INFO  http.HttpServer2 (HttpServer2.java:addFilter(958)) - Added filter static_user_filter (class=org.apache.hadoop.http.lib.StaticUserWebFilter$StaticUserFilter) to context logs
2019-10-08 01:19:38,677 [main] INFO  http.HttpServer2 (HttpServer2.java:bindListener(1191)) - Jetty bound to port 46231
2019-10-08 01:19:38,677 [main] INFO  server.Server (Server.java:doStart(351)) - jetty-9.3.25.v20180904, build timestamp: 2018-09-04T21:11:46Z, git hash: 3ce520221d0240229c862b122d2b06c12a625732
2019-10-08 01:19:38,679 [main] INFO  handler.ContextHandler (ContextHandler.java:doStart(781)) - Started o.e.j.s.ServletContextHandler@4337afd{/logs,file:///workdir/hadoop-ozone/integration-test/target/log,AVAILABLE}
2019-10-08 01:19:38,679 [main] INFO  handler.ContextHandler (ContextHandler.java:doStart(781)) - Started o.e.j.s.ServletContextHandler@3fa7df1{/static,jar:file:/home/user/.m2/repository/org/apache/hadoop/hadoop-hdds-container-service/0.5.0-SNAPSHOT/hadoop-hdds-container-service-0.5.0-SNAPSHOT.jar!/webapps/static,AVAILABLE}
2019-10-08 01:19:38,707 [main] INFO  handler.ContextHandler (ContextHandler.java:doStart(781)) - Started o.e.j.w.WebAppContext@2ed71727{/,file:///tmp/jetty-0.0.0.0-46231-hddsDatanode-_-any-8999632180174478922.dir/webapp/,AVAILABLE}{/hddsDatanode}
2019-10-08 01:19:38,708 [main] INFO  server.AbstractConnector (AbstractConnector.java:doStart(278)) - Started ServerConnector@5261ec9{HTTP/1.1,[http/1.1]}{0.0.0.0:46231}
2019-10-08 01:19:38,709 [main] INFO  server.Server (Server.java:doStart(419)) - Started @47022ms
2019-10-08 01:19:38,710 [main] WARN  impl.MetricsSystemImpl (MetricsSystemImpl.java:register(276)) - Sink prometheus already exists!
2019-10-08 01:19:38,710 [main] INFO  server.BaseHttpServer (BaseHttpServer.java:updateConnectorAddress(215)) - HTTP server of HDDSDATANODE is listening at http://0.0.0.0:46231
2019-10-08 01:19:38,710 [main] INFO  ozone.MiniOzoneClusterImpl (MiniOzoneClusterImpl.java:lambda$waitForClusterToBeReady$0(147)) - Waiting for cluster to be ready. Got 0 of 7 DN Heartbeats.
2019-10-08 01:19:38,714 [org.apache.hadoop.util.JvmPauseMonitor$Monitor@2d6c66d6] INFO  util.JvmPauseMonitor (JvmPauseMonitor.java:run(188)) - Starting JVM pause monitor
2019-10-08 01:19:38,715 [Datanode State Machine Thread - 0] INFO  datanode.InitDatanodeState (InitDatanodeState.java:persistContainerDatanodeDetails(140)) - DatanodeDetails is persisted to /workdir/hadoop-ozone/integration-test/target/test-dir/MiniOzoneClusterImpl-34025f89-607b-4463-91d2-320d90cd8ada/datanode-6/meta/datanode.id
2019-10-08 01:19:39,713 [main] INFO  ozone.MiniOzoneClusterImpl (MiniOzoneClusterImpl.java:lambda$waitForClusterToBeReady$0(147)) - Waiting for cluster to be ready. Got 0 of 7 DN Heartbeats.
2019-10-08 01:19:40,315 [Datanode State Machine Thread - 0] INFO  ozoneimpl.OzoneContainer (OzoneContainer.java:start(213)) - Attempting to start container services.
2019-10-08 01:19:40,318 [Datanode State Machine Thread - 0] INFO  ozoneimpl.OzoneContainer (OzoneContainer.java:startContainerScrub(177)) - Background container scanner has been disabled.
2019-10-08 01:19:40,318 [Datanode State Machine Thread - 0] INFO  ratis.XceiverServerRatis (XceiverServerRatis.java:start(418)) - Starting XceiverServerRatis 39a715e3-69f4-478a-8cae-5ee26c4d7592 at port 0
2019-10-08 01:19:40,325 [Datanode State Machine Thread - 0] INFO  impl.RaftServerProxy (RaftServerProxy.java:lambda$start$3(299)) - 39a715e3-69f4-478a-8cae-5ee26c4d7592: start RPC server
2019-10-08 01:19:40,328 [Datanode State Machine Thread - 0] INFO  server.GrpcService (GrpcService.java:startImpl(158)) - 39a715e3-69f4-478a-8cae-5ee26c4d7592: GrpcService started, listening on 0.0.0.0/0.0.0.0:37808
2019-10-08 01:19:40,328 [Datanode State Machine Thread - 0] INFO  ratis.XceiverServerRatis (XceiverServerRatis.java:start(428)) - XceiverServerRatis 39a715e3-69f4-478a-8cae-5ee26c4d7592 is started using port 37808
2019-10-08 01:19:40,329 [Datanode State Machine Thread - 0] INFO  server.XceiverServerGrpc (XceiverServerGrpc.java:start(149)) - XceiverServerGrpc 39a715e3-69f4-478a-8cae-5ee26c4d7592 is started using port 39247
2019-10-08 01:19:40,388 [Datanode State Machine Thread - 0] INFO  ozoneimpl.OzoneContainer (OzoneContainer.java:start(213)) - Attempting to start container services.
2019-10-08 01:19:40,393 [Datanode State Machine Thread - 0] INFO  ozoneimpl.OzoneContainer (OzoneContainer.java:startContainerScrub(177)) - Background container scanner has been disabled.
2019-10-08 01:19:40,393 [Datanode State Machine Thread - 0] INFO  ratis.XceiverServerRatis (XceiverServerRatis.java:start(418)) - Starting XceiverServerRatis 7cdf9f46-8911-4734-b4bf-89adcea7d6f9 at port 0
2019-10-08 01:19:40,403 [Datanode State Machine Thread - 0] INFO  impl.RaftServerProxy (RaftServerProxy.java:lambda$start$3(299)) - 7cdf9f46-8911-4734-b4bf-89adcea7d6f9: start RPC server
2019-10-08 01:19:40,406 [Datanode State Machine Thread - 0] INFO  server.GrpcService (GrpcService.java:startImpl(158)) - 7cdf9f46-8911-4734-b4bf-89adcea7d6f9: GrpcService started, listening on 0.0.0.0/0.0.0.0:36709
2019-10-08 01:19:40,406 [Datanode State Machine Thread - 0] INFO  ratis.XceiverServerRatis (XceiverServerRatis.java:start(428)) - XceiverServerRatis 7cdf9f46-8911-4734-b4bf-89adcea7d6f9 is started using port 36709
2019-10-08 01:19:40,412 [Datanode State Machine Thread - 0] INFO  server.XceiverServerGrpc (XceiverServerGrpc.java:start(149)) - XceiverServerGrpc 7cdf9f46-8911-4734-b4bf-89adcea7d6f9 is started using port 34527
2019-10-08 01:19:40,453 [Datanode State Machine Thread - 0] INFO  ozoneimpl.OzoneContainer (OzoneContainer.java:start(213)) - Attempting to start container services.
2019-10-08 01:19:40,465 [Datanode State Machine Thread - 0] INFO  ozoneimpl.OzoneContainer (OzoneContainer.java:startContainerScrub(177)) - Background container scanner has been disabled.
2019-10-08 01:19:40,465 [Datanode State Machine Thread - 0] INFO  ratis.XceiverServerRatis (XceiverServerRatis.java:start(418)) - Starting XceiverServerRatis 9632e278-e61f-453f-86eb-f7ef209c65f6 at port 0
2019-10-08 01:19:40,473 [Datanode State Machine Thread - 0] INFO  impl.RaftServerProxy (RaftServerProxy.java:lambda$start$3(299)) - 9632e278-e61f-453f-86eb-f7ef209c65f6: start RPC server
2019-10-08 01:19:40,474 [Datanode State Machine Thread - 0] INFO  server.GrpcService (GrpcService.java:startImpl(158)) - 9632e278-e61f-453f-86eb-f7ef209c65f6: GrpcService started, listening on 0.0.0.0/0.0.0.0:45878
2019-10-08 01:19:40,474 [Datanode State Machine Thread - 0] INFO  ratis.XceiverServerRatis (XceiverServerRatis.java:start(428)) - XceiverServerRatis 9632e278-e61f-453f-86eb-f7ef209c65f6 is started using port 45878
2019-10-08 01:19:40,486 [Datanode State Machine Thread - 0] INFO  server.XceiverServerGrpc (XceiverServerGrpc.java:start(149)) - XceiverServerGrpc 9632e278-e61f-453f-86eb-f7ef209c65f6 is started using port 35920
2019-10-08 01:19:40,519 [Datanode State Machine Thread - 0] INFO  ozoneimpl.OzoneContainer (OzoneContainer.java:start(213)) - Attempting to start container services.
2019-10-08 01:19:40,519 [Datanode State Machine Thread - 0] INFO  ozoneimpl.OzoneContainer (OzoneContainer.java:startContainerScrub(177)) - Background container scanner has been disabled.
2019-10-08 01:19:40,519 [Datanode State Machine Thread - 0] INFO  ratis.XceiverServerRatis (XceiverServerRatis.java:start(418)) - Starting XceiverServerRatis d4385ab4-8058-426a-99a6-00a1621aa878 at port 0
2019-10-08 01:19:40,527 [Datanode State Machine Thread - 0] INFO  impl.RaftServerProxy (RaftServerProxy.java:lambda$start$3(299)) - d4385ab4-8058-426a-99a6-00a1621aa878: start RPC server
2019-10-08 01:19:40,527 [Datanode State Machine Thread - 0] INFO  server.GrpcService (GrpcService.java:startImpl(158)) - d4385ab4-8058-426a-99a6-00a1621aa878: GrpcService started, listening on 0.0.0.0/0.0.0.0:42669
2019-10-08 01:19:40,528 [Datanode State Machine Thread - 0] INFO  ratis.XceiverServerRatis (XceiverServerRatis.java:start(428)) - XceiverServerRatis d4385ab4-8058-426a-99a6-00a1621aa878 is started using port 42669
2019-10-08 01:19:40,528 [Datanode State Machine Thread - 0] INFO  server.XceiverServerGrpc (XceiverServerGrpc.java:start(149)) - XceiverServerGrpc d4385ab4-8058-426a-99a6-00a1621aa878 is started using port 41542
2019-10-08 01:19:40,589 [Datanode State Machine Thread - 0] INFO  ozoneimpl.OzoneContainer (OzoneContainer.java:start(213)) - Attempting to start container services.
2019-10-08 01:19:40,590 [Datanode State Machine Thread - 0] INFO  ozoneimpl.OzoneContainer (OzoneContainer.java:startContainerScrub(177)) - Background container scanner has been disabled.
2019-10-08 01:19:40,590 [Datanode State Machine Thread - 0] INFO  ratis.XceiverServerRatis (XceiverServerRatis.java:start(418)) - Starting XceiverServerRatis f468a72b-db34-4dab-93e9-b316303692ee at port 0
2019-10-08 01:19:40,597 [Datanode State Machine Thread - 0] INFO  impl.RaftServerProxy (RaftServerProxy.java:lambda$start$3(299)) - f468a72b-db34-4dab-93e9-b316303692ee: start RPC server
2019-10-08 01:19:40,598 [Datanode State Machine Thread - 0] INFO  server.GrpcService (GrpcService.java:startImpl(158)) - f468a72b-db34-4dab-93e9-b316303692ee: GrpcService started, listening on 0.0.0.0/0.0.0.0:44024
2019-10-08 01:19:40,598 [Datanode State Machine Thread - 0] INFO  ratis.XceiverServerRatis (XceiverServerRatis.java:start(428)) - XceiverServerRatis f468a72b-db34-4dab-93e9-b316303692ee is started using port 44024
2019-10-08 01:19:40,599 [Datanode State Machine Thread - 0] INFO  server.XceiverServerGrpc (XceiverServerGrpc.java:start(149)) - XceiverServerGrpc f468a72b-db34-4dab-93e9-b316303692ee is started using port 37194
2019-10-08 01:19:40,660 [Datanode State Machine Thread - 0] INFO  ozoneimpl.OzoneContainer (OzoneContainer.java:start(213)) - Attempting to start container services.
2019-10-08 01:19:40,660 [Datanode State Machine Thread - 0] INFO  ozoneimpl.OzoneContainer (OzoneContainer.java:startContainerScrub(177)) - Background container scanner has been disabled.
2019-10-08 01:19:40,661 [Datanode State Machine Thread - 0] INFO  ratis.XceiverServerRatis (XceiverServerRatis.java:start(418)) - Starting XceiverServerRatis 58fd3ccf-3108-4b19-b151-01a2a46777a1 at port 0
2019-10-08 01:19:40,669 [Datanode State Machine Thread - 0] INFO  impl.RaftServerProxy (RaftServerProxy.java:lambda$start$3(299)) - 58fd3ccf-3108-4b19-b151-01a2a46777a1: start RPC server
2019-10-08 01:19:40,670 [Datanode State Machine Thread - 0] INFO  server.GrpcService (GrpcService.java:startImpl(158)) - 58fd3ccf-3108-4b19-b151-01a2a46777a1: GrpcService started, listening on 0.0.0.0/0.0.0.0:41880
2019-10-08 01:19:40,670 [Datanode State Machine Thread - 0] INFO  ratis.XceiverServerRatis (XceiverServerRatis.java:start(428)) - XceiverServerRatis 58fd3ccf-3108-4b19-b151-01a2a46777a1 is started using port 41880
2019-10-08 01:19:40,670 [Datanode State Machine Thread - 0] INFO  server.XceiverServerGrpc (XceiverServerGrpc.java:start(149)) - XceiverServerGrpc 58fd3ccf-3108-4b19-b151-01a2a46777a1 is started using port 44991
2019-10-08 01:19:40,714 [main] INFO  ozone.MiniOzoneClusterImpl (MiniOzoneClusterImpl.java:lambda$waitForClusterToBeReady$0(147)) - Waiting for cluster to be ready. Got 0 of 7 DN Heartbeats.
2019-10-08 01:19:40,729 [Datanode State Machine Thread - 0] INFO  ozoneimpl.OzoneContainer (OzoneContainer.java:start(213)) - Attempting to start container services.
2019-10-08 01:19:40,729 [Datanode State Machine Thread - 0] INFO  ozoneimpl.OzoneContainer (OzoneContainer.java:startContainerScrub(177)) - Background container scanner has been disabled.
2019-10-08 01:19:40,729 [Datanode State Machine Thread - 0] INFO  ratis.XceiverServerRatis (XceiverServerRatis.java:start(418)) - Starting XceiverServerRatis 8b6c070e-86f6-486d-8b05-42cb3ad39897 at port 0
2019-10-08 01:19:40,737 [Datanode State Machine Thread - 0] INFO  impl.RaftServerProxy (RaftServerProxy.java:lambda$start$3(299)) - 8b6c070e-86f6-486d-8b05-42cb3ad39897: start RPC server
2019-10-08 01:19:40,741 [Datanode State Machine Thread - 0] INFO  server.GrpcService (GrpcService.java:startImpl(158)) - 8b6c070e-86f6-486d-8b05-42cb3ad39897: GrpcService started, listening on 0.0.0.0/0.0.0.0:41180
2019-10-08 01:19:40,741 [Datanode State Machine Thread - 0] INFO  ratis.XceiverServerRatis (XceiverServerRatis.java:start(428)) - XceiverServerRatis 8b6c070e-86f6-486d-8b05-42cb3ad39897 is started using port 41180
2019-10-08 01:19:40,742 [Datanode State Machine Thread - 0] INFO  server.XceiverServerGrpc (XceiverServerGrpc.java:start(149)) - XceiverServerGrpc 8b6c070e-86f6-486d-8b05-42cb3ad39897 is started using port 40523
2019-10-08 01:19:41,715 [main] INFO  ozone.MiniOzoneClusterImpl (MiniOzoneClusterImpl.java:lambda$waitForClusterToBeReady$0(147)) - Waiting for cluster to be ready. Got 0 of 7 DN Heartbeats.
2019-10-08 01:19:42,291 [IPC Server handler 1 on 40322] INFO  net.NetworkTopology (NetworkTopologyImpl.java:add(111)) - Added a new node: /default-rack/39a715e3-69f4-478a-8cae-5ee26c4d7592
2019-10-08 01:19:42,293 [IPC Server handler 1 on 40322] INFO  node.SCMNodeManager (SCMNodeManager.java:register(268)) - Registered Data node : 39a715e3-69f4-478a-8cae-5ee26c4d7592{ip: 192.168.164.245, host: pr-hdds-2217-dx9m9-1464909746, networkLocation: /default-rack, certSerialId: null}
2019-10-08 01:19:42,294 [EventQueue-NodeRegistrationContainerReportForDataNodeSafeModeRule] INFO  safemode.SCMSafeModeManager (DataNodeSafeModeRule.java:process(71)) - SCM in safe mode. 1 DataNodes registered, 1 required.
2019-10-08 01:19:42,296 [EventQueue-NodeRegistrationContainerReportForDataNodeSafeModeRule] INFO  safemode.SCMSafeModeManager (SCMSafeModeManager.java:validateSafeModeExitRules(177)) - ScmSafeModeManager, all rules are successfully validated
2019-10-08 01:19:42,296 [EventQueue-NodeRegistrationContainerReportForDataNodeSafeModeRule] INFO  safemode.SCMSafeModeManager (SCMSafeModeManager.java:exitSafeMode(193)) - SCM exiting safe mode.
2019-10-08 01:19:42,313 [grpc-default-executor-5] INFO  impl.RaftServerProxy (RaftServerProxy.java:addNew(89)) - 39a715e3-69f4-478a-8cae-5ee26c4d7592: addNew group-0DDD6171D4FC:[39a715e3-69f4-478a-8cae-5ee26c4d7592:192.168.164.245:37808] returns group-0DDD6171D4FC:java.util.concurrent.CompletableFuture@34c5f87a[Not completed]
2019-10-08 01:19:42,317 [pool-119-thread-1] INFO  impl.RaftServerImpl (RaftServerImpl.java:<init>(95)) - 39a715e3-69f4-478a-8cae-5ee26c4d7592: new RaftServerImpl for group-0DDD6171D4FC:[39a715e3-69f4-478a-8cae-5ee26c4d7592:192.168.164.245:37808] with ContainerStateMachine:uninitialized
2019-10-08 01:19:42,317 [pool-119-thread-1] INFO  server.RaftServerConfigKeys (ConfUtils.java:logGet(43)) - raft.server.rpc.timeout.min = 5s (custom)
2019-10-08 01:19:42,317 [pool-119-thread-1] INFO  server.RaftServerConfigKeys (ConfUtils.java:logGet(43)) - raft.server.rpc.timeout.max = 5200ms (custom)
2019-10-08 01:19:42,318 [pool-119-thread-1] INFO  server.RaftServerConfigKeys (ConfUtils.java:logGet(43)) - raft.server.rpcslowness.timeout = 120s (custom)
2019-10-08 01:19:42,318 [pool-119-thread-1] INFO  server.RaftServerConfigKeys (ConfUtils.java:logGet(43)) - raft.server.sleep.deviation.threshold = 300 (default)
2019-10-08 01:19:42,318 [pool-119-thread-1] INFO  server.RaftServerConfigKeys (ConfUtils.java:logGet(43)) - raft.server.log.appender.install.snapshot.enabled = false (custom)
2019-10-08 01:19:42,318 [pool-119-thread-1] INFO  impl.RaftServerImpl (ServerState.java:<init>(103)) - 39a715e3-69f4-478a-8cae-5ee26c4d7592@group-0DDD6171D4FC: ConfigurationManager, init=-1: [39a715e3-69f4-478a-8cae-5ee26c4d7592:192.168.164.245:37808], old=null, confs=<EMPTY_MAP>
2019-10-08 01:19:42,319 [pool-119-thread-1] INFO  server.RaftServerConfigKeys (ConfUtils.java:logGet(43)) - raft.server.storage.dir = [/workdir/hadoop-ozone/integration-test/target/test-dir/MiniOzoneClusterImpl-34025f89-607b-4463-91d2-320d90cd8ada/datanode-0/data/ratis] (custom)
2019-10-08 01:19:42,319 [pool-119-thread-1] INFO  server.RaftServerConfigKeys (ConfUtils.java:logGet(43)) - raft.server.log.corruption.policy = EXCEPTION (default)
2019-10-08 01:19:42,320 [pool-119-thread-1] INFO  storage.RaftStorageDirectory (RaftStorageDirectory.java:analyzeStorage(246)) - The storage directory /workdir/hadoop-ozone/integration-test/target/test-dir/MiniOzoneClusterImpl-34025f89-607b-4463-91d2-320d90cd8ada/datanode-0/data/ratis/485f03cb-926b-4202-854f-0ddd6171d4fc does not exist. Creating ...
2019-10-08 01:19:42,333 [pool-119-thread-1] INFO  storage.RaftStorageDirectory (RaftStorageDirectory.java:tryLock(328)) - Lock on /workdir/hadoop-ozone/integration-test/target/test-dir/MiniOzoneClusterImpl-34025f89-607b-4463-91d2-320d90cd8ada/datanode-0/data/ratis/485f03cb-926b-4202-854f-0ddd6171d4fc/in_use.lock acquired by nodename 8558@pr-hdds-2217-dx9m9-1464909746
2019-10-08 01:19:42,346 [pool-119-thread-1] INFO  storage.RaftStorage (RaftStorage.java:format(84)) - Storage directory /workdir/hadoop-ozone/integration-test/target/test-dir/MiniOzoneClusterImpl-34025f89-607b-4463-91d2-320d90cd8ada/datanode-0/data/ratis/485f03cb-926b-4202-854f-0ddd6171d4fc has been successfully formatted.
2019-10-08 01:19:42,347 [pool-119-thread-1] INFO  ratis.ContainerStateMachine (ContainerStateMachine.java:loadSnapshot(231)) - group-0DDD6171D4FC: The snapshot info is null. Setting the last applied indexto:(t:0, i:~)
2019-10-08 01:19:42,347 [pool-119-thread-1] INFO  server.RaftServerConfigKeys (ConfUtils.java:logGet(43)) - raft.server.notification.no-leader.timeout = 120s (custom)
2019-10-08 01:19:42,347 [pool-119-thread-1] INFO  server.RaftServerConfigKeys (ConfUtils.java:logGet(43)) - raft.server.log.use.memory = false (default)
2019-10-08 01:19:42,348 [pool-119-thread-1] INFO  server.RaftServerConfigKeys (ConfUtils.java:logGet(43)) - raft.server.log.purge.gap = 1000000 (custom)
2019-10-08 01:19:42,348 [pool-119-thread-1] INFO  server.RaftServerConfigKeys (ConfUtils.java:logGet(43)) - raft.server.log.appender.buffer.byte-limit = 33554432 (custom)
2019-10-08 01:19:42,348 [pool-119-thread-1] INFO  server.RaftServerConfigKeys (ConfUtils.java:logGet(43)) - raft.server.log.segment.size.max = 1048576 (custom)
2019-10-08 01:19:42,351 [pool-119-thread-1] INFO  server.RaftServerConfigKeys (ConfUtils.java:logGet(43)) - raft.server.log.segment.cache.num.max = 2 (custom)
2019-10-08 01:19:42,352 [pool-119-thread-1] INFO  segmented.SegmentedRaftLogWorker (SegmentedRaftLogWorker.java:<init>(173)) - new 39a715e3-69f4-478a-8cae-5ee26c4d7592@group-0DDD6171D4FC-SegmentedRaftLogWorker for RaftStorage:Storage Directory /workdir/hadoop-ozone/integration-test/target/test-dir/MiniOzoneClusterImpl-34025f89-607b-4463-91d2-320d90cd8ada/datanode-0/data/ratis/485f03cb-926b-4202-854f-0ddd6171d4fc
2019-10-08 01:19:42,352 [pool-119-thread-1] INFO  server.RaftServerConfigKeys (ConfUtils.java:logGet(43)) - raft.server.log.queue.byte-limit = 2147483647 (custom)
2019-10-08 01:19:42,352 [pool-119-thread-1] INFO  server.RaftServerConfigKeys (ConfUtils.java:logGet(43)) - raft.server.log.queue.element-limit = 1024 (custom)
2019-10-08 01:19:42,352 [pool-119-thread-1] INFO  server.RaftServerConfigKeys (ConfUtils.java:logGet(43)) - raft.server.log.segment.size.max = 1048576 (custom)
2019-10-08 01:19:42,352 [pool-119-thread-1] INFO  server.RaftServerConfigKeys (ConfUtils.java:logGet(43)) - raft.server.log.preallocated.size = 16384 (custom)
2019-10-08 01:19:42,352 [pool-119-thread-1] INFO  server.RaftServerConfigKeys (ConfUtils.java:logGet(43)) - raft.server.log.write.buffer.size = 33554432 (custom)
2019-10-08 01:19:42,353 [pool-119-thread-1] INFO  server.RaftServerConfigKeys (ConfUtils.java:logGet(43)) - raft.server.log.force.sync.num = 128 (default)
2019-10-08 01:19:42,353 [pool-119-thread-1] INFO  server.RaftServerConfigKeys (ConfUtils.java:logGet(43)) - raft.server.log.statemachine.data.sync = true (default)
2019-10-08 01:19:42,353 [pool-119-thread-1] INFO  server.RaftServerConfigKeys (ConfUtils.java:logGet(43)) - raft.server.log.statemachine.data.sync.timeout = 10s (default)
2019-10-08 01:19:42,353 [pool-119-thread-1] INFO  server.RaftServerConfigKeys (ConfUtils.java:logGet(43)) - raft.server.log.statemachine.data.sync.timeout.retry = -1 (default)
2019-10-08 01:19:42,354 [pool-119-thread-1] INFO  server.RaftServerConfigKeys (ConfUtils.java:logGet(43)) - raft.server.log.statemachine.data.caching.enabled = true (custom)
2019-10-08 01:19:42,354 [pool-119-thread-1] INFO  segmented.SegmentedRaftLogWorker (SegmentedRaftLogWorker.java:lambda$new$0(128)) - 39a715e3-69f4-478a-8cae-5ee26c4d7592@group-0DDD6171D4FC-SegmentedRaftLogWorker: flushIndex: setUnconditionally 0 -> -1
2019-10-08 01:19:42,355 [pool-119-thread-1] INFO  server.RaftServerConfigKeys (ConfUtils.java:logGet(43)) - raft.server.snapshot.auto.trigger.enabled = true (custom)
2019-10-08 01:19:42,355 [pool-119-thread-1] INFO  server.RaftServerConfigKeys (ConfUtils.java:logGet(43)) - raft.server.snapshot.auto.trigger.threshold = 10000 (custom)
2019-10-08 01:19:42,355 [pool-119-thread-1] INFO  server.RaftServerConfigKeys (ConfUtils.java:logGet(43)) - raft.server.snapshot.retention.file.num = 5 (custom)
2019-10-08 01:19:42,355 [pool-119-thread-1] INFO  server.RaftServerConfigKeys (ConfUtils.java:logGet(43)) - raft.server.retrycache.expirytime = 600000ms (custom)
2019-10-08 01:19:42,358 [pool-119-thread-1] INFO  impl.RaftServerImpl (RaftServerImpl.java:start(181)) - 39a715e3-69f4-478a-8cae-5ee26c4d7592@group-0DDD6171D4FC: start as a follower, conf=-1: [39a715e3-69f4-478a-8cae-5ee26c4d7592:192.168.164.245:37808], old=null
2019-10-08 01:19:42,358 [pool-119-thread-1] INFO  impl.RaftServerImpl (RaftServerImpl.java:setRole(170)) - 39a715e3-69f4-478a-8cae-5ee26c4d7592@group-0DDD6171D4FC: changes role from      null to FOLLOWER at term 0 for startAsFollower
2019-10-08 01:19:42,358 [pool-119-thread-1] INFO  impl.RoleInfo (RoleInfo.java:updateAndGet(143)) - 39a715e3-69f4-478a-8cae-5ee26c4d7592: start FollowerState
2019-10-08 01:19:42,359 [pool-119-thread-1] INFO  util.JmxRegister (JmxRegister.java:tryRegister(44)) - Successfully registered JMX Bean with object name Ratis:service=RaftServer,group=group-0DDD6171D4FC,id=39a715e3-69f4-478a-8cae-5ee26c4d7592
2019-10-08 01:19:42,365 [RatisPipelineUtilsThread] INFO  pipeline.PipelineStateManager (PipelineStateManager.java:addPipeline(56)) - Created pipeline Pipeline[ Id: 485f03cb-926b-4202-854f-0ddd6171d4fc, Nodes: 39a715e3-69f4-478a-8cae-5ee26c4d7592{ip: 192.168.164.245, host: pr-hdds-2217-dx9m9-1464909746, networkLocation: /default-rack, certSerialId: null}, Type:RATIS, Factor:ONE, State:OPEN]
2019-10-08 01:19:42,373 [IPC Server handler 4 on 40322] INFO  net.NetworkTopology (NetworkTopologyImpl.java:add(111)) - Added a new node: /default-rack/7cdf9f46-8911-4734-b4bf-89adcea7d6f9
2019-10-08 01:19:42,373 [IPC Server handler 4 on 40322] INFO  node.SCMNodeManager (SCMNodeManager.java:register(268)) - Registered Data node : 7cdf9f46-8911-4734-b4bf-89adcea7d6f9{ip: 192.168.164.245, host: pr-hdds-2217-dx9m9-1464909746, networkLocation: /default-rack, certSerialId: null}
2019-10-08 01:19:42,383 [grpc-default-executor-5] INFO  impl.RaftServerProxy (RaftServerProxy.java:addNew(89)) - 7cdf9f46-8911-4734-b4bf-89adcea7d6f9: addNew group-676D0EB58207:[7cdf9f46-8911-4734-b4bf-89adcea7d6f9:192.168.164.245:36709] returns group-676D0EB58207:java.util.concurrent.CompletableFuture@40fca13e[Not completed]
2019-10-08 01:19:42,384 [pool-129-thread-1] INFO  impl.RaftServerImpl (RaftServerImpl.java:<init>(95)) - 7cdf9f46-8911-4734-b4bf-89adcea7d6f9: new RaftServerImpl for group-676D0EB58207:[7cdf9f46-8911-4734-b4bf-89adcea7d6f9:192.168.164.245:36709] with ContainerStateMachine:uninitialized
2019-10-08 01:19:42,385 [pool-129-thread-1] INFO  server.RaftServerConfigKeys (ConfUtils.java:logGet(43)) - raft.server.rpc.timeout.min = 5s (custom)
2019-10-08 01:19:42,385 [pool-129-thread-1] INFO  server.RaftServerConfigKeys (ConfUtils.java:logGet(43)) - raft.server.rpc.timeout.max = 5200ms (custom)
2019-10-08 01:19:42,385 [pool-129-thread-1] INFO  server.RaftServerConfigKeys (ConfUtils.java:logGet(43)) - raft.server.rpcslowness.timeout = 120s (custom)
2019-10-08 01:19:42,385 [pool-129-thread-1] INFO  server.RaftServerConfigKeys (ConfUtils.java:logGet(43)) - raft.server.sleep.deviation.threshold = 300 (default)
2019-10-08 01:19:42,385 [pool-129-thread-1] INFO  server.RaftServerConfigKeys (ConfUtils.java:logGet(43)) - raft.server.log.appender.install.snapshot.enabled = false (custom)
2019-10-08 01:19:42,385 [pool-129-thread-1] INFO  impl.RaftServerImpl (ServerState.java:<init>(103)) - 7cdf9f46-8911-4734-b4bf-89adcea7d6f9@group-676D0EB58207: ConfigurationManager, init=-1: [7cdf9f46-8911-4734-b4bf-89adcea7d6f9:192.168.164.245:36709], old=null, confs=<EMPTY_MAP>
2019-10-08 01:19:42,385 [pool-129-thread-1] INFO  server.RaftServerConfigKeys (ConfUtils.java:logGet(43)) - raft.server.storage.dir = [/workdir/hadoop-ozone/integration-test/target/test-dir/MiniOzoneClusterImpl-34025f89-607b-4463-91d2-320d90cd8ada/datanode-1/data/ratis] (custom)
2019-10-08 01:19:42,386 [pool-129-thread-1] INFO  server.RaftServerConfigKeys (ConfUtils.java:logGet(43)) - raft.server.log.corruption.policy = EXCEPTION (default)
2019-10-08 01:19:42,386 [pool-129-thread-1] INFO  storage.RaftStorageDirectory (RaftStorageDirectory.java:analyzeStorage(246)) - The storage directory /workdir/hadoop-ozone/integration-test/target/test-dir/MiniOzoneClusterImpl-34025f89-607b-4463-91d2-320d90cd8ada/datanode-1/data/ratis/7e82d433-ef45-433c-9008-676d0eb58207 does not exist. Creating ...
2019-10-08 01:19:42,399 [pool-129-thread-1] INFO  storage.RaftStorageDirectory (RaftStorageDirectory.java:tryLock(328)) - Lock on /workdir/hadoop-ozone/integration-test/target/test-dir/MiniOzoneClusterImpl-34025f89-607b-4463-91d2-320d90cd8ada/datanode-1/data/ratis/7e82d433-ef45-433c-9008-676d0eb58207/in_use.lock acquired by nodename 8558@pr-hdds-2217-dx9m9-1464909746
2019-10-08 01:19:42,412 [pool-129-thread-1] INFO  storage.RaftStorage (RaftStorage.java:format(84)) - Storage directory /workdir/hadoop-ozone/integration-test/target/test-dir/MiniOzoneClusterImpl-34025f89-607b-4463-91d2-320d90cd8ada/datanode-1/data/ratis/7e82d433-ef45-433c-9008-676d0eb58207 has been successfully formatted.
2019-10-08 01:19:42,412 [pool-129-thread-1] INFO  ratis.ContainerStateMachine (ContainerStateMachine.java:loadSnapshot(231)) - group-676D0EB58207: The snapshot info is null. Setting the last applied indexto:(t:0, i:~)
2019-10-08 01:19:42,412 [pool-129-thread-1] INFO  server.RaftServerConfigKeys (ConfUtils.java:logGet(43)) - raft.server.notification.no-leader.timeout = 120s (custom)
2019-10-08 01:19:42,413 [pool-129-thread-1] INFO  server.RaftServerConfigKeys (ConfUtils.java:logGet(43)) - raft.server.log.use.memory = false (default)
2019-10-08 01:19:42,413 [pool-129-thread-1] INFO  server.RaftServerConfigKeys (ConfUtils.java:logGet(43)) - raft.server.log.purge.gap = 1000000 (custom)
2019-10-08 01:19:42,413 [pool-129-thread-1] INFO  server.RaftServerConfigKeys (ConfUtils.java:logGet(43)) - raft.server.log.appender.buffer.byte-limit = 33554432 (custom)
2019-10-08 01:19:42,413 [pool-129-thread-1] INFO  server.RaftServerConfigKeys (ConfUtils.java:logGet(43)) - raft.server.log.segment.size.max = 1048576 (custom)
2019-10-08 01:19:42,416 [pool-129-thread-1] INFO  server.RaftServerConfigKeys (ConfUtils.java:logGet(43)) - raft.server.log.segment.cache.num.max = 2 (custom)
2019-10-08 01:19:42,416 [pool-129-thread-1] INFO  segmented.SegmentedRaftLogWorker (SegmentedRaftLogWorker.java:<init>(173)) - new 7cdf9f46-8911-4734-b4bf-89adcea7d6f9@group-676D0EB58207-SegmentedRaftLogWorker for RaftStorage:Storage Directory /workdir/hadoop-ozone/integration-test/target/test-dir/MiniOzoneClusterImpl-34025f89-607b-4463-91d2-320d90cd8ada/datanode-1/data/ratis/7e82d433-ef45-433c-9008-676d0eb58207
2019-10-08 01:19:42,416 [pool-129-thread-1] INFO  server.RaftServerConfigKeys (ConfUtils.java:logGet(43)) - raft.server.log.queue.byte-limit = 2147483647 (custom)
2019-10-08 01:19:42,417 [pool-129-thread-1] INFO  server.RaftServerConfigKeys (ConfUtils.java:logGet(43)) - raft.server.log.queue.element-limit = 1024 (custom)
2019-10-08 01:19:42,417 [pool-129-thread-1] INFO  server.RaftServerConfigKeys (ConfUtils.java:logGet(43)) - raft.server.log.segment.size.max = 1048576 (custom)
2019-10-08 01:19:42,417 [pool-129-thread-1] INFO  server.RaftServerConfigKeys (ConfUtils.java:logGet(43)) - raft.server.log.preallocated.size = 16384 (custom)
2019-10-08 01:19:42,417 [pool-129-thread-1] INFO  server.RaftServerConfigKeys (ConfUtils.java:logGet(43)) - raft.server.log.write.buffer.size = 33554432 (custom)
2019-10-08 01:19:42,417 [pool-129-thread-1] INFO  server.RaftServerConfigKeys (ConfUtils.java:logGet(43)) - raft.server.log.force.sync.num = 128 (default)
2019-10-08 01:19:42,417 [pool-129-thread-1] INFO  server.RaftServerConfigKeys (ConfUtils.java:logGet(43)) - raft.server.log.statemachine.data.sync = true (default)
2019-10-08 01:19:42,418 [pool-129-thread-1] INFO  server.RaftServerConfigKeys (ConfUtils.java:logGet(43)) - raft.server.log.statemachine.data.sync.timeout = 10s (default)
2019-10-08 01:19:42,418 [pool-129-thread-1] INFO  server.RaftServerConfigKeys (ConfUtils.java:logGet(43)) - raft.server.log.statemachine.data.sync.timeout.retry = -1 (default)
2019-10-08 01:19:42,419 [pool-129-thread-1] INFO  server.RaftServerConfigKeys (ConfUtils.java:logGet(43)) - raft.server.log.statemachine.data.caching.enabled = true (custom)
2019-10-08 01:19:42,419 [pool-129-thread-1] INFO  segmented.SegmentedRaftLogWorker (SegmentedRaftLogWorker.java:lambda$new$0(128)) - 7cdf9f46-8911-4734-b4bf-89adcea7d6f9@group-676D0EB58207-SegmentedRaftLogWorker: flushIndex: setUnconditionally 0 -> -1
2019-10-08 01:19:42,420 [pool-129-thread-1] INFO  server.RaftServerConfigKeys (ConfUtils.java:logGet(43)) - raft.server.snapshot.auto.trigger.enabled = true (custom)
2019-10-08 01:19:42,420 [pool-129-thread-1] INFO  server.RaftServerConfigKeys (ConfUtils.java:logGet(43)) - raft.server.snapshot.auto.trigger.threshold = 10000 (custom)
2019-10-08 01:19:42,420 [pool-129-thread-1] INFO  server.RaftServerConfigKeys (ConfUtils.java:logGet(43)) - raft.server.snapshot.retention.file.num = 5 (custom)
2019-10-08 01:19:42,420 [pool-129-thread-1] INFO  server.RaftServerConfigKeys (ConfUtils.java:logGet(43)) - raft.server.retrycache.expirytime = 600000ms (custom)
2019-10-08 01:19:42,423 [pool-129-thread-1] INFO  impl.RaftServerImpl (RaftServerImpl.java:start(181)) - 7cdf9f46-8911-4734-b4bf-89adcea7d6f9@group-676D0EB58207: start as a follower, conf=-1: [7cdf9f46-8911-4734-b4bf-89adcea7d6f9:192.168.164.245:36709], old=null
2019-10-08 01:19:42,423 [pool-129-thread-1] INFO  impl.RaftServerImpl (RaftServerImpl.java:setRole(170)) - 7cdf9f46-8911-4734-b4bf-89adcea7d6f9@group-676D0EB58207: changes role from      null to FOLLOWER at term 0 for startAsFollower
2019-10-08 01:19:42,423 [pool-129-thread-1] INFO  impl.RoleInfo (RoleInfo.java:updateAndGet(143)) - 7cdf9f46-8911-4734-b4bf-89adcea7d6f9: start FollowerState
2019-10-08 01:19:42,424 [pool-129-thread-1] INFO  util.JmxRegister (JmxRegister.java:tryRegister(44)) - Successfully registered JMX Bean with object name Ratis:service=RaftServer,group=group-676D0EB58207,id=7cdf9f46-8911-4734-b4bf-89adcea7d6f9
2019-10-08 01:19:42,670 [IPC Server handler 8 on 40322] INFO  net.NetworkTopology (NetworkTopologyImpl.java:add(111)) - Added a new node: /default-rack/f468a72b-db34-4dab-93e9-b316303692ee
2019-10-08 01:19:42,670 [IPC Server handler 1 on 40322] INFO  net.NetworkTopology (NetworkTopologyImpl.java:add(111)) - Added a new node: /default-rack/9632e278-e61f-453f-86eb-f7ef209c65f6
2019-10-08 01:19:42,675 [IPC Server handler 10 on 40322] INFO  net.NetworkTopology (NetworkTopologyImpl.java:add(111)) - Added a new node: /default-rack/d4385ab4-8058-426a-99a6-00a1621aa878
2019-10-08 01:19:42,675 [IPC Server handler 10 on 40322] INFO  node.SCMNodeManager (SCMNodeManager.java:register(268)) - Registered Data node : d4385ab4-8058-426a-99a6-00a1621aa878{ip: 192.168.164.245, host: pr-hdds-2217-dx9m9-1464909746, networkLocation: /default-rack, certSerialId: null}
2019-10-08 01:19:42,675 [IPC Server handler 8 on 40322] INFO  node.SCMNodeManager (SCMNodeManager.java:register(268)) - Registered Data node : f468a72b-db34-4dab-93e9-b316303692ee{ip: 192.168.164.245, host: pr-hdds-2217-dx9m9-1464909746, networkLocation: /default-rack, certSerialId: null}
2019-10-08 01:19:42,738 [main] INFO  ozone.MiniOzoneClusterImpl (MiniOzoneClusterImpl.java:lambda$waitForClusterToBeReady$0(147)) - Waiting for cluster to be ready. Got 5 of 7 DN Heartbeats.
2019-10-08 01:19:42,675 [IPC Server handler 1 on 40322] INFO  node.SCMNodeManager (SCMNodeManager.java:register(268)) - Registered Data node : 9632e278-e61f-453f-86eb-f7ef209c65f6{ip: 192.168.164.245, host: pr-hdds-2217-dx9m9-1464909746, networkLocation: /default-rack, certSerialId: null}
2019-10-08 01:19:42,739 [RatisPipelineUtilsThread] INFO  pipeline.PipelineStateManager (PipelineStateManager.java:addPipeline(56)) - Created pipeline Pipeline[ Id: 7e82d433-ef45-433c-9008-676d0eb58207, Nodes: 7cdf9f46-8911-4734-b4bf-89adcea7d6f9{ip: 192.168.164.245, host: pr-hdds-2217-dx9m9-1464909746, networkLocation: /default-rack, certSerialId: null}, Type:RATIS, Factor:ONE, State:OPEN]
2019-10-08 01:19:42,738 [IPC Server handler 4 on 40322] INFO  net.NetworkTopology (NetworkTopologyImpl.java:add(111)) - Added a new node: /default-rack/58fd3ccf-3108-4b19-b151-01a2a46777a1
2019-10-08 01:19:42,739 [IPC Server handler 4 on 40322] INFO  node.SCMNodeManager (SCMNodeManager.java:register(268)) - Registered Data node : 58fd3ccf-3108-4b19-b151-01a2a46777a1{ip: 192.168.164.245, host: pr-hdds-2217-dx9m9-1464909746, networkLocation: /default-rack, certSerialId: null}
2019-10-08 01:19:42,739 [IPC Server handler 0 on 40322] INFO  net.NetworkTopology (NetworkTopologyImpl.java:add(111)) - Added a new node: /default-rack/8b6c070e-86f6-486d-8b05-42cb3ad39897
2019-10-08 01:19:42,740 [IPC Server handler 0 on 40322] INFO  node.SCMNodeManager (SCMNodeManager.java:register(268)) - Registered Data node : 8b6c070e-86f6-486d-8b05-42cb3ad39897{ip: 192.168.164.245, host: pr-hdds-2217-dx9m9-1464909746, networkLocation: /default-rack, certSerialId: null}
2019-10-08 01:19:42,748 [grpc-default-executor-5] INFO  impl.RaftServerProxy (RaftServerProxy.java:addNew(89)) - 9632e278-e61f-453f-86eb-f7ef209c65f6: addNew group-E36C5759EF2D:[9632e278-e61f-453f-86eb-f7ef209c65f6:192.168.164.245:45878] returns group-E36C5759EF2D:java.util.concurrent.CompletableFuture@32b8ce23[Not completed]
2019-10-08 01:19:42,753 [pool-139-thread-1] INFO  impl.RaftServerImpl (RaftServerImpl.java:<init>(95)) - 9632e278-e61f-453f-86eb-f7ef209c65f6: new RaftServerImpl for group-E36C5759EF2D:[9632e278-e61f-453f-86eb-f7ef209c65f6:192.168.164.245:45878] with ContainerStateMachine:uninitialized
2019-10-08 01:19:42,753 [pool-139-thread-1] INFO  server.RaftServerConfigKeys (ConfUtils.java:logGet(43)) - raft.server.rpc.timeout.min = 5s (custom)
2019-10-08 01:19:42,753 [pool-139-thread-1] INFO  server.RaftServerConfigKeys (ConfUtils.java:logGet(43)) - raft.server.rpc.timeout.max = 5200ms (custom)
2019-10-08 01:19:42,753 [pool-139-thread-1] INFO  server.RaftServerConfigKeys (ConfUtils.java:logGet(43)) - raft.server.rpcslowness.timeout = 120s (custom)
2019-10-08 01:19:42,753 [pool-139-thread-1] INFO  server.RaftServerConfigKeys (ConfUtils.java:logGet(43)) - raft.server.sleep.deviation.threshold = 300 (default)
2019-10-08 01:19:42,754 [pool-139-thread-1] INFO  server.RaftServerConfigKeys (ConfUtils.java:logGet(43)) - raft.server.log.appender.install.snapshot.enabled = false (custom)
2019-10-08 01:19:42,754 [pool-139-thread-1] INFO  impl.RaftServerImpl (ServerState.java:<init>(103)) - 9632e278-e61f-453f-86eb-f7ef209c65f6@group-E36C5759EF2D: ConfigurationManager, init=-1: [9632e278-e61f-453f-86eb-f7ef209c65f6:192.168.164.245:45878], old=null, confs=<EMPTY_MAP>
2019-10-08 01:19:42,754 [pool-139-thread-1] INFO  server.RaftServerConfigKeys (ConfUtils.java:logGet(43)) - raft.server.storage.dir = [/workdir/hadoop-ozone/integration-test/target/test-dir/MiniOzoneClusterImpl-34025f89-607b-4463-91d2-320d90cd8ada/datanode-2/data/ratis] (custom)
2019-10-08 01:19:42,754 [pool-139-thread-1] INFO  server.RaftServerConfigKeys (ConfUtils.java:logGet(43)) - raft.server.log.corruption.policy = EXCEPTION (default)
2019-10-08 01:19:42,754 [pool-139-thread-1] INFO  storage.RaftStorageDirectory (RaftStorageDirectory.java:analyzeStorage(246)) - The storage directory /workdir/hadoop-ozone/integration-test/target/test-dir/MiniOzoneClusterImpl-34025f89-607b-4463-91d2-320d90cd8ada/datanode-2/data/ratis/c9cd9a39-f5bb-4fa9-9a79-e36c5759ef2d does not exist. Creating ...
2019-10-08 01:19:42,767 [pool-139-thread-1] INFO  storage.RaftStorageDirectory (RaftStorageDirectory.java:tryLock(328)) - Lock on /workdir/hadoop-ozone/integration-test/target/test-dir/MiniOzoneClusterImpl-34025f89-607b-4463-91d2-320d90cd8ada/datanode-2/data/ratis/c9cd9a39-f5bb-4fa9-9a79-e36c5759ef2d/in_use.lock acquired by nodename 8558@pr-hdds-2217-dx9m9-1464909746
2019-10-08 01:19:42,780 [pool-139-thread-1] INFO  storage.RaftStorage (RaftStorage.java:format(84)) - Storage directory /workdir/hadoop-ozone/integration-test/target/test-dir/MiniOzoneClusterImpl-34025f89-607b-4463-91d2-320d90cd8ada/datanode-2/data/ratis/c9cd9a39-f5bb-4fa9-9a79-e36c5759ef2d has been successfully formatted.
2019-10-08 01:19:42,780 [pool-139-thread-1] INFO  ratis.ContainerStateMachine (ContainerStateMachine.java:loadSnapshot(231)) - group-E36C5759EF2D: The snapshot info is null. Setting the last applied indexto:(t:0, i:~)
2019-10-08 01:19:42,781 [pool-139-thread-1] INFO  server.RaftServerConfigKeys (ConfUtils.java:logGet(43)) - raft.server.notification.no-leader.timeout = 120s (custom)
2019-10-08 01:19:42,781 [pool-139-thread-1] INFO  server.RaftServerConfigKeys (ConfUtils.java:logGet(43)) - raft.server.log.use.memory = false (default)
2019-10-08 01:19:42,781 [pool-139-thread-1] INFO  server.RaftServerConfigKeys (ConfUtils.java:logGet(43)) - raft.server.log.purge.gap = 1000000 (custom)
2019-10-08 01:19:42,781 [pool-139-thread-1] INFO  server.RaftServerConfigKeys (ConfUtils.java:logGet(43)) - raft.server.log.appender.buffer.byte-limit = 33554432 (custom)
2019-10-08 01:19:42,781 [pool-139-thread-1] INFO  server.RaftServerConfigKeys (ConfUtils.java:logGet(43)) - raft.server.log.segment.size.max = 1048576 (custom)
2019-10-08 01:19:42,785 [pool-139-thread-1] INFO  server.RaftServerConfigKeys (ConfUtils.java:logGet(43)) - raft.server.log.segment.cache.num.max = 2 (custom)
2019-10-08 01:19:42,785 [pool-139-thread-1] INFO  segmented.SegmentedRaftLogWorker (SegmentedRaftLogWorker.java:<init>(173)) - new 9632e278-e61f-453f-86eb-f7ef209c65f6@group-E36C5759EF2D-SegmentedRaftLogWorker for RaftStorage:Storage Directory /workdir/hadoop-ozone/integration-test/target/test-dir/MiniOzoneClusterImpl-34025f89-607b-4463-91d2-320d90cd8ada/datanode-2/data/ratis/c9cd9a39-f5bb-4fa9-9a79-e36c5759ef2d
2019-10-08 01:19:42,785 [pool-139-thread-1] INFO  server.RaftServerConfigKeys (ConfUtils.java:logGet(43)) - raft.server.log.queue.byte-limit = 2147483647 (custom)
2019-10-08 01:19:42,785 [pool-139-thread-1] INFO  server.RaftServerConfigKeys (ConfUtils.java:logGet(43)) - raft.server.log.queue.element-limit = 1024 (custom)
2019-10-08 01:19:42,785 [pool-139-thread-1] INFO  server.RaftServerConfigKeys (ConfUtils.java:logGet(43)) - raft.server.log.segment.size.max = 1048576 (custom)
2019-10-08 01:19:42,786 [pool-139-thread-1] INFO  server.RaftServerConfigKeys (ConfUtils.java:logGet(43)) - raft.server.log.preallocated.size = 16384 (custom)
2019-10-08 01:19:42,786 [pool-139-thread-1] INFO  server.RaftServerConfigKeys (ConfUtils.java:logGet(43)) - raft.server.log.write.buffer.size = 33554432 (custom)
2019-10-08 01:19:42,786 [pool-139-thread-1] INFO  server.RaftServerConfigKeys (ConfUtils.java:logGet(43)) - raft.server.log.force.sync.num = 128 (default)
2019-10-08 01:19:42,786 [pool-139-thread-1] INFO  server.RaftServerConfigKeys (ConfUtils.java:logGet(43)) - raft.server.log.statemachine.data.sync = true (default)
2019-10-08 01:19:42,786 [pool-139-thread-1] INFO  server.RaftServerConfigKeys (ConfUtils.java:logGet(43)) - raft.server.log.statemachine.data.sync.timeout = 10s (default)
2019-10-08 01:19:42,786 [pool-139-thread-1] INFO  server.RaftServerConfigKeys (ConfUtils.java:logGet(43)) - raft.server.log.statemachine.data.sync.timeout.retry = -1 (default)
2019-10-08 01:19:42,787 [pool-139-thread-1] INFO  server.RaftServerConfigKeys (ConfUtils.java:logGet(43)) - raft.server.log.statemachine.data.caching.enabled = true (custom)
2019-10-08 01:19:42,787 [pool-139-thread-1] INFO  segmented.SegmentedRaftLogWorker (SegmentedRaftLogWorker.java:lambda$new$0(128)) - 9632e278-e61f-453f-86eb-f7ef209c65f6@group-E36C5759EF2D-SegmentedRaftLogWorker: flushIndex: setUnconditionally 0 -> -1
2019-10-08 01:19:42,788 [pool-139-thread-1] INFO  server.RaftServerConfigKeys (ConfUtils.java:logGet(43)) - raft.server.snapshot.auto.trigger.enabled = true (custom)
2019-10-08 01:19:42,788 [pool-139-thread-1] INFO  server.RaftServerConfigKeys (ConfUtils.java:logGet(43)) - raft.server.snapshot.auto.trigger.threshold = 10000 (custom)
2019-10-08 01:19:42,788 [pool-139-thread-1] INFO  server.RaftServerConfigKeys (ConfUtils.java:logGet(43)) - raft.server.snapshot.retention.file.num = 5 (custom)
2019-10-08 01:19:42,788 [pool-139-thread-1] INFO  server.RaftServerConfigKeys (ConfUtils.java:logGet(43)) - raft.server.retrycache.expirytime = 600000ms (custom)
2019-10-08 01:19:42,791 [pool-139-thread-1] INFO  impl.RaftServerImpl (RaftServerImpl.java:start(181)) - 9632e278-e61f-453f-86eb-f7ef209c65f6@group-E36C5759EF2D: start as a follower, conf=-1: [9632e278-e61f-453f-86eb-f7ef209c65f6:192.168.164.245:45878], old=null
2019-10-08 01:19:42,791 [pool-139-thread-1] INFO  impl.RaftServerImpl (RaftServerImpl.java:setRole(170)) - 9632e278-e61f-453f-86eb-f7ef209c65f6@group-E36C5759EF2D: changes role from      null to FOLLOWER at term 0 for startAsFollower
2019-10-08 01:19:42,791 [pool-139-thread-1] INFO  impl.RoleInfo (RoleInfo.java:updateAndGet(143)) - 9632e278-e61f-453f-86eb-f7ef209c65f6: start FollowerState
2019-10-08 01:19:42,792 [pool-139-thread-1] INFO  util.JmxRegister (JmxRegister.java:tryRegister(44)) - Successfully registered JMX Bean with object name Ratis:service=RaftServer,group=group-E36C5759EF2D,id=9632e278-e61f-453f-86eb-f7ef209c65f6
2019-10-08 01:19:42,799 [RatisPipelineUtilsThread] INFO  pipeline.PipelineStateManager (PipelineStateManager.java:addPipeline(56)) - Created pipeline Pipeline[ Id: c9cd9a39-f5bb-4fa9-9a79-e36c5759ef2d, Nodes: 9632e278-e61f-453f-86eb-f7ef209c65f6{ip: 192.168.164.245, host: pr-hdds-2217-dx9m9-1464909746, networkLocation: /default-rack, certSerialId: null}, Type:RATIS, Factor:ONE, State:OPEN]
2019-10-08 01:19:42,810 [grpc-default-executor-5] INFO  impl.RaftServerProxy (RaftServerProxy.java:addNew(89)) - 8b6c070e-86f6-486d-8b05-42cb3ad39897: addNew group-61DC40BD2886:[8b6c070e-86f6-486d-8b05-42cb3ad39897:192.168.164.245:41180] returns group-61DC40BD2886:java.util.concurrent.CompletableFuture@15a67298[Not completed]
2019-10-08 01:19:42,814 [pool-179-thread-1] INFO  impl.RaftServerImpl (RaftServerImpl.java:<init>(95)) - 8b6c070e-86f6-486d-8b05-42cb3ad39897: new RaftServerImpl for group-61DC40BD2886:[8b6c070e-86f6-486d-8b05-42cb3ad39897:192.168.164.245:41180] with ContainerStateMachine:uninitialized
2019-10-08 01:19:42,814 [pool-179-thread-1] INFO  server.RaftServerConfigKeys (ConfUtils.java:logGet(43)) - raft.server.rpc.timeout.min = 5s (custom)
2019-10-08 01:19:42,814 [pool-179-thread-1] INFO  server.RaftServerConfigKeys (ConfUtils.java:logGet(43)) - raft.server.rpc.timeout.max = 5200ms (custom)
2019-10-08 01:19:42,814 [pool-179-thread-1] INFO  server.RaftServerConfigKeys (ConfUtils.java:logGet(43)) - raft.server.rpcslowness.timeout = 120s (custom)
2019-10-08 01:19:42,814 [pool-179-thread-1] INFO  server.RaftServerConfigKeys (ConfUtils.java:logGet(43)) - raft.server.sleep.deviation.threshold = 300 (default)
2019-10-08 01:19:42,814 [pool-179-thread-1] INFO  server.RaftServerConfigKeys (ConfUtils.java:logGet(43)) - raft.server.log.appender.install.snapshot.enabled = false (custom)
2019-10-08 01:19:42,814 [pool-179-thread-1] INFO  impl.RaftServerImpl (ServerState.java:<init>(103)) - 8b6c070e-86f6-486d-8b05-42cb3ad39897@group-61DC40BD2886: ConfigurationManager, init=-1: [8b6c070e-86f6-486d-8b05-42cb3ad39897:192.168.164.245:41180], old=null, confs=<EMPTY_MAP>
2019-10-08 01:19:42,815 [pool-179-thread-1] INFO  server.RaftServerConfigKeys (ConfUtils.java:logGet(43)) - raft.server.storage.dir = [/workdir/hadoop-ozone/integration-test/target/test-dir/MiniOzoneClusterImpl-34025f89-607b-4463-91d2-320d90cd8ada/datanode-6/data/ratis] (custom)
2019-10-08 01:19:42,815 [pool-179-thread-1] INFO  server.RaftServerConfigKeys (ConfUtils.java:logGet(43)) - raft.server.log.corruption.policy = EXCEPTION (default)
2019-10-08 01:19:42,815 [pool-179-thread-1] INFO  storage.RaftStorageDirectory (RaftStorageDirectory.java:analyzeStorage(246)) - The storage directory /workdir/hadoop-ozone/integration-test/target/test-dir/MiniOzoneClusterImpl-34025f89-607b-4463-91d2-320d90cd8ada/datanode-6/data/ratis/db7aa206-e2e2-4bbb-af54-61dc40bd2886 does not exist. Creating ...
2019-10-08 01:19:42,828 [pool-179-thread-1] INFO  storage.RaftStorageDirectory (RaftStorageDirectory.java:tryLock(328)) - Lock on /workdir/hadoop-ozone/integration-test/target/test-dir/MiniOzoneClusterImpl-34025f89-607b-4463-91d2-320d90cd8ada/datanode-6/data/ratis/db7aa206-e2e2-4bbb-af54-61dc40bd2886/in_use.lock acquired by nodename 8558@pr-hdds-2217-dx9m9-1464909746
2019-10-08 01:19:42,841 [pool-179-thread-1] INFO  storage.RaftStorage (RaftStorage.java:format(84)) - Storage directory /workdir/hadoop-ozone/integration-test/target/test-dir/MiniOzoneClusterImpl-34025f89-607b-4463-91d2-320d90cd8ada/datanode-6/data/ratis/db7aa206-e2e2-4bbb-af54-61dc40bd2886 has been successfully formatted.
2019-10-08 01:19:42,841 [pool-179-thread-1] INFO  ratis.ContainerStateMachine (ContainerStateMachine.java:loadSnapshot(231)) - group-61DC40BD2886: The snapshot info is null. Setting the last applied indexto:(t:0, i:~)
2019-10-08 01:19:42,841 [pool-179-thread-1] INFO  server.RaftServerConfigKeys (ConfUtils.java:logGet(43)) - raft.server.notification.no-leader.timeout = 120s (custom)
2019-10-08 01:19:42,841 [pool-179-thread-1] INFO  server.RaftServerConfigKeys (ConfUtils.java:logGet(43)) - raft.server.log.use.memory = false (default)
2019-10-08 01:19:42,842 [pool-179-thread-1] INFO  server.RaftServerConfigKeys (ConfUtils.java:logGet(43)) - raft.server.log.purge.gap = 1000000 (custom)
2019-10-08 01:19:42,842 [pool-179-thread-1] INFO  server.RaftServerConfigKeys (ConfUtils.java:logGet(43)) - raft.server.log.appender.buffer.byte-limit = 33554432 (custom)
2019-10-08 01:19:42,842 [pool-179-thread-1] INFO  server.RaftServerConfigKeys (ConfUtils.java:logGet(43)) - raft.server.log.segment.size.max = 1048576 (custom)
2019-10-08 01:19:42,844 [pool-179-thread-1] INFO  server.RaftServerConfigKeys (ConfUtils.java:logGet(43)) - raft.server.log.segment.cache.num.max = 2 (custom)
2019-10-08 01:19:42,844 [pool-179-thread-1] INFO  segmented.SegmentedRaftLogWorker (SegmentedRaftLogWorker.java:<init>(173)) - new 8b6c070e-86f6-486d-8b05-42cb3ad39897@group-61DC40BD2886-SegmentedRaftLogWorker for RaftStorage:Storage Directory /workdir/hadoop-ozone/integration-test/target/test-dir/MiniOzoneClusterImpl-34025f89-607b-4463-91d2-320d90cd8ada/datanode-6/data/ratis/db7aa206-e2e2-4bbb-af54-61dc40bd2886
2019-10-08 01:19:42,844 [pool-179-thread-1] INFO  server.RaftServerConfigKeys (ConfUtils.java:logGet(43)) - raft.server.log.queue.byte-limit = 2147483647 (custom)
2019-10-08 01:19:42,844 [pool-179-thread-1] INFO  server.RaftServerConfigKeys (ConfUtils.java:logGet(43)) - raft.server.log.queue.element-limit = 1024 (custom)
2019-10-08 01:19:42,844 [pool-179-thread-1] INFO  server.RaftServerConfigKeys (ConfUtils.java:logGet(43)) - raft.server.log.segment.size.max = 1048576 (custom)
2019-10-08 01:19:42,844 [pool-179-thread-1] INFO  server.RaftServerConfigKeys (ConfUtils.java:logGet(43)) - raft.server.log.preallocated.size = 16384 (custom)
2019-10-08 01:19:42,845 [pool-179-thread-1] INFO  server.RaftServerConfigKeys (ConfUtils.java:logGet(43)) - raft.server.log.write.buffer.size = 33554432 (custom)
2019-10-08 01:19:42,845 [pool-179-thread-1] INFO  server.RaftServerConfigKeys (ConfUtils.java:logGet(43)) - raft.server.log.force.sync.num = 128 (default)
2019-10-08 01:19:42,845 [pool-179-thread-1] INFO  server.RaftServerConfigKeys (ConfUtils.java:logGet(43)) - raft.server.log.statemachine.data.sync = true (default)
2019-10-08 01:19:42,845 [pool-179-thread-1] INFO  server.RaftServerConfigKeys (ConfUtils.java:logGet(43)) - raft.server.log.statemachine.data.sync.timeout = 10s (default)
2019-10-08 01:19:42,845 [pool-179-thread-1] INFO  server.RaftServerConfigKeys (ConfUtils.java:logGet(43)) - raft.server.log.statemachine.data.sync.timeout.retry = -1 (default)
2019-10-08 01:19:42,846 [pool-179-thread-1] INFO  server.RaftServerConfigKeys (ConfUtils.java:logGet(43)) - raft.server.log.statemachine.data.caching.enabled = true (custom)
2019-10-08 01:19:42,846 [pool-179-thread-1] INFO  segmented.SegmentedRaftLogWorker (SegmentedRaftLogWorker.java:lambda$new$0(128)) - 8b6c070e-86f6-486d-8b05-42cb3ad39897@group-61DC40BD2886-SegmentedRaftLogWorker: flushIndex: setUnconditionally 0 -> -1
2019-10-08 01:19:42,846 [pool-179-thread-1] INFO  server.RaftServerConfigKeys (ConfUtils.java:logGet(43)) - raft.server.snapshot.auto.trigger.enabled = true (custom)
2019-10-08 01:19:42,846 [pool-179-thread-1] INFO  server.RaftServerConfigKeys (ConfUtils.java:logGet(43)) - raft.server.snapshot.auto.trigger.threshold = 10000 (custom)
2019-10-08 01:19:42,846 [pool-179-thread-1] INFO  server.RaftServerConfigKeys (ConfUtils.java:logGet(43)) - raft.server.snapshot.retention.file.num = 5 (custom)
2019-10-08 01:19:42,847 [pool-179-thread-1] INFO  server.RaftServerConfigKeys (ConfUtils.java:logGet(43)) - raft.server.retrycache.expirytime = 600000ms (custom)
2019-10-08 01:19:42,849 [pool-179-thread-1] INFO  impl.RaftServerImpl (RaftServerImpl.java:start(181)) - 8b6c070e-86f6-486d-8b05-42cb3ad39897@group-61DC40BD2886: start as a follower, conf=-1: [8b6c070e-86f6-486d-8b05-42cb3ad39897:192.168.164.245:41180], old=null
2019-10-08 01:19:42,849 [pool-179-thread-1] INFO  impl.RaftServerImpl (RaftServerImpl.java:setRole(170)) - 8b6c070e-86f6-486d-8b05-42cb3ad39897@group-61DC40BD2886: changes role from      null to FOLLOWER at term 0 for startAsFollower
2019-10-08 01:19:42,849 [pool-179-thread-1] INFO  impl.RoleInfo (RoleInfo.java:updateAndGet(143)) - 8b6c070e-86f6-486d-8b05-42cb3ad39897: start FollowerState
2019-10-08 01:19:42,856 [pool-179-thread-1] INFO  util.JmxRegister (JmxRegister.java:tryRegister(44)) - Successfully registered JMX Bean with object name Ratis:service=RaftServer,group=group-61DC40BD2886,id=8b6c070e-86f6-486d-8b05-42cb3ad39897
2019-10-08 01:19:42,866 [RatisPipelineUtilsThread] INFO  pipeline.PipelineStateManager (PipelineStateManager.java:addPipeline(56)) - Created pipeline Pipeline[ Id: db7aa206-e2e2-4bbb-af54-61dc40bd2886, Nodes: 8b6c070e-86f6-486d-8b05-42cb3ad39897{ip: 192.168.164.245, host: pr-hdds-2217-dx9m9-1464909746, networkLocation: /default-rack, certSerialId: null}, Type:RATIS, Factor:ONE, State:OPEN]
2019-10-08 01:19:42,875 [grpc-default-executor-5] INFO  impl.RaftServerProxy (RaftServerProxy.java:addNew(89)) - 58fd3ccf-3108-4b19-b151-01a2a46777a1: addNew group-8F5E963BA492:[58fd3ccf-3108-4b19-b151-01a2a46777a1:192.168.164.245:41880] returns group-8F5E963BA492:java.util.concurrent.CompletableFuture@5c178b1c[Not completed]
2019-10-08 01:19:42,878 [pool-169-thread-1] INFO  impl.RaftServerImpl (RaftServerImpl.java:<init>(95)) - 58fd3ccf-3108-4b19-b151-01a2a46777a1: new RaftServerImpl for group-8F5E963BA492:[58fd3ccf-3108-4b19-b151-01a2a46777a1:192.168.164.245:41880] with ContainerStateMachine:uninitialized
2019-10-08 01:19:42,879 [pool-169-thread-1] INFO  server.RaftServerConfigKeys (ConfUtils.java:logGet(43)) - raft.server.rpc.timeout.min = 5s (custom)
2019-10-08 01:19:42,879 [pool-169-thread-1] INFO  server.RaftServerConfigKeys (ConfUtils.java:logGet(43)) - raft.server.rpc.timeout.max = 5200ms (custom)
2019-10-08 01:19:42,879 [pool-169-thread-1] INFO  server.RaftServerConfigKeys (ConfUtils.java:logGet(43)) - raft.server.rpcslowness.timeout = 120s (custom)
2019-10-08 01:19:42,879 [pool-169-thread-1] INFO  server.RaftServerConfigKeys (ConfUtils.java:logGet(43)) - raft.server.sleep.deviation.threshold = 300 (default)
2019-10-08 01:19:42,879 [pool-169-thread-1] INFO  server.RaftServerConfigKeys (ConfUtils.java:logGet(43)) - raft.server.log.appender.install.snapshot.enabled = false (custom)
2019-10-08 01:19:42,879 [pool-169-thread-1] INFO  impl.RaftServerImpl (ServerState.java:<init>(103)) - 58fd3ccf-3108-4b19-b151-01a2a46777a1@group-8F5E963BA492: ConfigurationManager, init=-1: [58fd3ccf-3108-4b19-b151-01a2a46777a1:192.168.164.245:41880], old=null, confs=<EMPTY_MAP>
2019-10-08 01:19:42,879 [pool-169-thread-1] INFO  server.RaftServerConfigKeys (ConfUtils.java:logGet(43)) - raft.server.storage.dir = [/workdir/hadoop-ozone/integration-test/target/test-dir/MiniOzoneClusterImpl-34025f89-607b-4463-91d2-320d90cd8ada/datanode-5/data/ratis] (custom)
2019-10-08 01:19:42,880 [pool-169-thread-1] INFO  server.RaftServerConfigKeys (ConfUtils.java:logGet(43)) - raft.server.log.corruption.policy = EXCEPTION (default)
2019-10-08 01:19:42,880 [pool-169-thread-1] INFO  storage.RaftStorageDirectory (RaftStorageDirectory.java:analyzeStorage(246)) - The storage directory /workdir/hadoop-ozone/integration-test/target/test-dir/MiniOzoneClusterImpl-34025f89-607b-4463-91d2-320d90cd8ada/datanode-5/data/ratis/d1fefe9e-1f49-4cd3-ac17-8f5e963ba492 does not exist. Creating ...
2019-10-08 01:19:42,893 [pool-169-thread-1] INFO  storage.RaftStorageDirectory (RaftStorageDirectory.java:tryLock(328)) - Lock on /workdir/hadoop-ozone/integration-test/target/test-dir/MiniOzoneClusterImpl-34025f89-607b-4463-91d2-320d90cd8ada/datanode-5/data/ratis/d1fefe9e-1f49-4cd3-ac17-8f5e963ba492/in_use.lock acquired by nodename 8558@pr-hdds-2217-dx9m9-1464909746
2019-10-08 01:19:42,905 [pool-169-thread-1] INFO  storage.RaftStorage (RaftStorage.java:format(84)) - Storage directory /workdir/hadoop-ozone/integration-test/target/test-dir/MiniOzoneClusterImpl-34025f89-607b-4463-91d2-320d90cd8ada/datanode-5/data/ratis/d1fefe9e-1f49-4cd3-ac17-8f5e963ba492 has been successfully formatted.
2019-10-08 01:19:42,906 [pool-169-thread-1] INFO  ratis.ContainerStateMachine (ContainerStateMachine.java:loadSnapshot(231)) - group-8F5E963BA492: The snapshot info is null. Setting the last applied indexto:(t:0, i:~)
2019-10-08 01:19:42,906 [pool-169-thread-1] INFO  server.RaftServerConfigKeys (ConfUtils.java:logGet(43)) - raft.server.notification.no-leader.timeout = 120s (custom)
2019-10-08 01:19:42,906 [pool-169-thread-1] INFO  server.RaftServerConfigKeys (ConfUtils.java:logGet(43)) - raft.server.log.use.memory = false (default)
2019-10-08 01:19:42,906 [pool-169-thread-1] INFO  server.RaftServerConfigKeys (ConfUtils.java:logGet(43)) - raft.server.log.purge.gap = 1000000 (custom)
2019-10-08 01:19:42,906 [pool-169-thread-1] INFO  server.RaftServerConfigKeys (ConfUtils.java:logGet(43)) - raft.server.log.appender.buffer.byte-limit = 33554432 (custom)
2019-10-08 01:19:42,906 [pool-169-thread-1] INFO  server.RaftServerConfigKeys (ConfUtils.java:logGet(43)) - raft.server.log.segment.size.max = 1048576 (custom)
2019-10-08 01:19:42,908 [pool-169-thread-1] INFO  server.RaftServerConfigKeys (ConfUtils.java:logGet(43)) - raft.server.log.segment.cache.num.max = 2 (custom)
2019-10-08 01:19:42,908 [pool-169-thread-1] INFO  segmented.SegmentedRaftLogWorker (SegmentedRaftLogWorker.java:<init>(173)) - new 58fd3ccf-3108-4b19-b151-01a2a46777a1@group-8F5E963BA492-SegmentedRaftLogWorker for RaftStorage:Storage Directory /workdir/hadoop-ozone/integration-test/target/test-dir/MiniOzoneClusterImpl-34025f89-607b-4463-91d2-320d90cd8ada/datanode-5/data/ratis/d1fefe9e-1f49-4cd3-ac17-8f5e963ba492
2019-10-08 01:19:42,908 [pool-169-thread-1] INFO  server.RaftServerConfigKeys (ConfUtils.java:logGet(43)) - raft.server.log.queue.byte-limit = 2147483647 (custom)
2019-10-08 01:19:42,908 [pool-169-thread-1] INFO  server.RaftServerConfigKeys (ConfUtils.java:logGet(43)) - raft.server.log.queue.element-limit = 1024 (custom)
2019-10-08 01:19:42,908 [pool-169-thread-1] INFO  server.RaftServerConfigKeys (ConfUtils.java:logGet(43)) - raft.server.log.segment.size.max = 1048576 (custom)
2019-10-08 01:19:42,909 [pool-169-thread-1] INFO  server.RaftServerConfigKeys (ConfUtils.java:logGet(43)) - raft.server.log.preallocated.size = 16384 (custom)
2019-10-08 01:19:42,909 [pool-169-thread-1] INFO  server.RaftServerConfigKeys (ConfUtils.java:logGet(43)) - raft.server.log.write.buffer.size = 33554432 (custom)
2019-10-08 01:19:42,909 [pool-169-thread-1] INFO  server.RaftServerConfigKeys (ConfUtils.java:logGet(43)) - raft.server.log.force.sync.num = 128 (default)
2019-10-08 01:19:42,909 [pool-169-thread-1] INFO  server.RaftServerConfigKeys (ConfUtils.java:logGet(43)) - raft.server.log.statemachine.data.sync = true (default)
2019-10-08 01:19:42,909 [pool-169-thread-1] INFO  server.RaftServerConfigKeys (ConfUtils.java:logGet(43)) - raft.server.log.statemachine.data.sync.timeout = 10s (default)
2019-10-08 01:19:42,909 [pool-169-thread-1] INFO  server.RaftServerConfigKeys (ConfUtils.java:logGet(43)) - raft.server.log.statemachine.data.sync.timeout.retry = -1 (default)
2019-10-08 01:19:42,909 [pool-169-thread-1] INFO  server.RaftServerConfigKeys (ConfUtils.java:logGet(43)) - raft.server.log.statemachine.data.caching.enabled = true (custom)
2019-10-08 01:19:42,910 [pool-169-thread-1] INFO  segmented.SegmentedRaftLogWorker (SegmentedRaftLogWorker.java:lambda$new$0(128)) - 58fd3ccf-3108-4b19-b151-01a2a46777a1@group-8F5E963BA492-SegmentedRaftLogWorker: flushIndex: setUnconditionally 0 -> -1
2019-10-08 01:19:42,910 [pool-169-thread-1] INFO  server.RaftServerConfigKeys (ConfUtils.java:logGet(43)) - raft.server.snapshot.auto.trigger.enabled = true (custom)
2019-10-08 01:19:42,910 [pool-169-thread-1] INFO  server.RaftServerConfigKeys (ConfUtils.java:logGet(43)) - raft.server.snapshot.auto.trigger.threshold = 10000 (custom)
2019-10-08 01:19:42,910 [pool-169-thread-1] INFO  server.RaftServerConfigKeys (ConfUtils.java:logGet(43)) - raft.server.snapshot.retention.file.num = 5 (custom)
2019-10-08 01:19:42,910 [pool-169-thread-1] INFO  server.RaftServerConfigKeys (ConfUtils.java:logGet(43)) - raft.server.retrycache.expirytime = 600000ms (custom)
2019-10-08 01:19:42,912 [pool-169-thread-1] INFO  impl.RaftServerImpl (RaftServerImpl.java:start(181)) - 58fd3ccf-3108-4b19-b151-01a2a46777a1@group-8F5E963BA492: start as a follower, conf=-1: [58fd3ccf-3108-4b19-b151-01a2a46777a1:192.168.164.245:41880], old=null
2019-10-08 01:19:42,912 [pool-169-thread-1] INFO  impl.RaftServerImpl (RaftServerImpl.java:setRole(170)) - 58fd3ccf-3108-4b19-b151-01a2a46777a1@group-8F5E963BA492: changes role from      null to FOLLOWER at term 0 for startAsFollower
2019-10-08 01:19:42,912 [pool-169-thread-1] INFO  impl.RoleInfo (RoleInfo.java:updateAndGet(143)) - 58fd3ccf-3108-4b19-b151-01a2a46777a1: start FollowerState
2019-10-08 01:19:42,912 [pool-169-thread-1] INFO  util.JmxRegister (JmxRegister.java:tryRegister(44)) - Successfully registered JMX Bean with object name Ratis:service=RaftServer,group=group-8F5E963BA492,id=58fd3ccf-3108-4b19-b151-01a2a46777a1
2019-10-08 01:19:42,917 [RatisPipelineUtilsThread] INFO  pipeline.PipelineStateManager (PipelineStateManager.java:addPipeline(56)) - Created pipeline Pipeline[ Id: d1fefe9e-1f49-4cd3-ac17-8f5e963ba492, Nodes: 58fd3ccf-3108-4b19-b151-01a2a46777a1{ip: 192.168.164.245, host: pr-hdds-2217-dx9m9-1464909746, networkLocation: /default-rack, certSerialId: null}, Type:RATIS, Factor:ONE, State:OPEN]
2019-10-08 01:19:42,926 [grpc-default-executor-5] INFO  impl.RaftServerProxy (RaftServerProxy.java:addNew(89)) - f468a72b-db34-4dab-93e9-b316303692ee: addNew group-CBDA24297DB0:[f468a72b-db34-4dab-93e9-b316303692ee:192.168.164.245:44024] returns group-CBDA24297DB0:java.util.concurrent.CompletableFuture@4bea1f33[Not completed]
2019-10-08 01:19:42,930 [pool-159-thread-1] INFO  impl.RaftServerImpl (RaftServerImpl.java:<init>(95)) - f468a72b-db34-4dab-93e9-b316303692ee: new RaftServerImpl for group-CBDA24297DB0:[f468a72b-db34-4dab-93e9-b316303692ee:192.168.164.245:44024] with ContainerStateMachine:uninitialized
2019-10-08 01:19:42,930 [pool-159-thread-1] INFO  server.RaftServerConfigKeys (ConfUtils.java:logGet(43)) - raft.server.rpc.timeout.min = 5s (custom)
2019-10-08 01:19:42,930 [pool-159-thread-1] INFO  server.RaftServerConfigKeys (ConfUtils.java:logGet(43)) - raft.server.rpc.timeout.max = 5200ms (custom)
2019-10-08 01:19:42,930 [pool-159-thread-1] INFO  server.RaftServerConfigKeys (ConfUtils.java:logGet(43)) - raft.server.rpcslowness.timeout = 120s (custom)
2019-10-08 01:19:42,930 [pool-159-thread-1] INFO  server.RaftServerConfigKeys (ConfUtils.java:logGet(43)) - raft.server.sleep.deviation.threshold = 300 (default)
2019-10-08 01:19:42,930 [pool-159-thread-1] INFO  server.RaftServerConfigKeys (ConfUtils.java:logGet(43)) - raft.server.log.appender.install.snapshot.enabled = false (custom)
2019-10-08 01:19:42,930 [pool-159-thread-1] INFO  impl.RaftServerImpl (ServerState.java:<init>(103)) - f468a72b-db34-4dab-93e9-b316303692ee@group-CBDA24297DB0: ConfigurationManager, init=-1: [f468a72b-db34-4dab-93e9-b316303692ee:192.168.164.245:44024], old=null, confs=<EMPTY_MAP>
2019-10-08 01:19:42,931 [pool-159-thread-1] INFO  server.RaftServerConfigKeys (ConfUtils.java:logGet(43)) - raft.server.storage.dir = [/workdir/hadoop-ozone/integration-test/target/test-dir/MiniOzoneClusterImpl-34025f89-607b-4463-91d2-320d90cd8ada/datanode-4/data/ratis] (custom)
2019-10-08 01:19:42,931 [pool-159-thread-1] INFO  server.RaftServerConfigKeys (ConfUtils.java:logGet(43)) - raft.server.log.corruption.policy = EXCEPTION (default)
2019-10-08 01:19:42,931 [pool-159-thread-1] INFO  storage.RaftStorageDirectory (RaftStorageDirectory.java:analyzeStorage(246)) - The storage directory /workdir/hadoop-ozone/integration-test/target/test-dir/MiniOzoneClusterImpl-34025f89-607b-4463-91d2-320d90cd8ada/datanode-4/data/ratis/2c52224d-5b5d-4a60-9d77-cbda24297db0 does not exist. Creating ...
2019-10-08 01:19:42,944 [pool-159-thread-1] INFO  storage.RaftStorageDirectory (RaftStorageDirectory.java:tryLock(328)) - Lock on /workdir/hadoop-ozone/integration-test/target/test-dir/MiniOzoneClusterImpl-34025f89-607b-4463-91d2-320d90cd8ada/datanode-4/data/ratis/2c52224d-5b5d-4a60-9d77-cbda24297db0/in_use.lock acquired by nodename 8558@pr-hdds-2217-dx9m9-1464909746
2019-10-08 01:19:42,957 [pool-159-thread-1] INFO  storage.RaftStorage (RaftStorage.java:format(84)) - Storage directory /workdir/hadoop-ozone/integration-test/target/test-dir/MiniOzoneClusterImpl-34025f89-607b-4463-91d2-320d90cd8ada/datanode-4/data/ratis/2c52224d-5b5d-4a60-9d77-cbda24297db0 has been successfully formatted.
2019-10-08 01:19:42,957 [pool-159-thread-1] INFO  ratis.ContainerStateMachine (ContainerStateMachine.java:loadSnapshot(231)) - group-CBDA24297DB0: The snapshot info is null. Setting the last applied indexto:(t:0, i:~)
2019-10-08 01:19:42,957 [pool-159-thread-1] INFO  server.RaftServerConfigKeys (ConfUtils.java:logGet(43)) - raft.server.notification.no-leader.timeout = 120s (custom)
2019-10-08 01:19:42,957 [pool-159-thread-1] INFO  server.RaftServerConfigKeys (ConfUtils.java:logGet(43)) - raft.server.log.use.memory = false (default)
2019-10-08 01:19:42,958 [pool-159-thread-1] INFO  server.RaftServerConfigKeys (ConfUtils.java:logGet(43)) - raft.server.log.purge.gap = 1000000 (custom)
2019-10-08 01:19:42,958 [pool-159-thread-1] INFO  server.RaftServerConfigKeys (ConfUtils.java:logGet(43)) - raft.server.log.appender.buffer.byte-limit = 33554432 (custom)
2019-10-08 01:19:42,958 [pool-159-thread-1] INFO  server.RaftServerConfigKeys (ConfUtils.java:logGet(43)) - raft.server.log.segment.size.max = 1048576 (custom)
2019-10-08 01:19:42,959 [pool-159-thread-1] INFO  server.RaftServerConfigKeys (ConfUtils.java:logGet(43)) - raft.server.log.segment.cache.num.max = 2 (custom)
2019-10-08 01:19:42,960 [pool-159-thread-1] INFO  segmented.SegmentedRaftLogWorker (SegmentedRaftLogWorker.java:<init>(173)) - new f468a72b-db34-4dab-93e9-b316303692ee@group-CBDA24297DB0-SegmentedRaftLogWorker for RaftStorage:Storage Directory /workdir/hadoop-ozone/integration-test/target/test-dir/MiniOzoneClusterImpl-34025f89-607b-4463-91d2-320d90cd8ada/datanode-4/data/ratis/2c52224d-5b5d-4a60-9d77-cbda24297db0
2019-10-08 01:19:42,960 [pool-159-thread-1] INFO  server.RaftServerConfigKeys (ConfUtils.java:logGet(43)) - raft.server.log.queue.byte-limit = 2147483647 (custom)
2019-10-08 01:19:42,960 [pool-159-thread-1] INFO  server.RaftServerConfigKeys (ConfUtils.java:logGet(43)) - raft.server.log.queue.element-limit = 1024 (custom)
2019-10-08 01:19:42,960 [pool-159-thread-1] INFO  server.RaftServerConfigKeys (ConfUtils.java:logGet(43)) - raft.server.log.segment.size.max = 1048576 (custom)
2019-10-08 01:19:42,960 [pool-159-thread-1] INFO  server.RaftServerConfigKeys (ConfUtils.java:logGet(43)) - raft.server.log.preallocated.size = 16384 (custom)
2019-10-08 01:19:42,960 [pool-159-thread-1] INFO  server.RaftServerConfigKeys (ConfUtils.java:logGet(43)) - raft.server.log.write.buffer.size = 33554432 (custom)
2019-10-08 01:19:42,960 [pool-159-thread-1] INFO  server.RaftServerConfigKeys (ConfUtils.java:logGet(43)) - raft.server.log.force.sync.num = 128 (default)
2019-10-08 01:19:42,960 [pool-159-thread-1] INFO  server.RaftServerConfigKeys (ConfUtils.java:logGet(43)) - raft.server.log.statemachine.data.sync = true (default)
2019-10-08 01:19:42,961 [pool-159-thread-1] INFO  server.RaftServerConfigKeys (ConfUtils.java:logGet(43)) - raft.server.log.statemachine.data.sync.timeout = 10s (default)
2019-10-08 01:19:42,961 [pool-159-thread-1] INFO  server.RaftServerConfigKeys (ConfUtils.java:logGet(43)) - raft.server.log.statemachine.data.sync.timeout.retry = -1 (default)
2019-10-08 01:19:42,961 [pool-159-thread-1] INFO  server.RaftServerConfigKeys (ConfUtils.java:logGet(43)) - raft.server.log.statemachine.data.caching.enabled = true (custom)
2019-10-08 01:19:42,961 [pool-159-thread-1] INFO  segmented.SegmentedRaftLogWorker (SegmentedRaftLogWorker.java:lambda$new$0(128)) - f468a72b-db34-4dab-93e9-b316303692ee@group-CBDA24297DB0-SegmentedRaftLogWorker: flushIndex: setUnconditionally 0 -> -1
2019-10-08 01:19:42,962 [pool-159-thread-1] INFO  server.RaftServerConfigKeys (ConfUtils.java:logGet(43)) - raft.server.snapshot.auto.trigger.enabled = true (custom)
2019-10-08 01:19:42,962 [pool-159-thread-1] INFO  server.RaftServerConfigKeys (ConfUtils.java:logGet(43)) - raft.server.snapshot.auto.trigger.threshold = 10000 (custom)
2019-10-08 01:19:42,962 [pool-159-thread-1] INFO  server.RaftServerConfigKeys (ConfUtils.java:logGet(43)) - raft.server.snapshot.retention.file.num = 5 (custom)
2019-10-08 01:19:42,962 [pool-159-thread-1] INFO  server.RaftServerConfigKeys (ConfUtils.java:logGet(43)) - raft.server.retrycache.expirytime = 600000ms (custom)
2019-10-08 01:19:42,963 [pool-159-thread-1] INFO  impl.RaftServerImpl (RaftServerImpl.java:start(181)) - f468a72b-db34-4dab-93e9-b316303692ee@group-CBDA24297DB0: start as a follower, conf=-1: [f468a72b-db34-4dab-93e9-b316303692ee:192.168.164.245:44024], old=null
2019-10-08 01:19:42,964 [pool-159-thread-1] INFO  impl.RaftServerImpl (RaftServerImpl.java:setRole(170)) - f468a72b-db34-4dab-93e9-b316303692ee@group-CBDA24297DB0: changes role from      null to FOLLOWER at term 0 for startAsFollower
2019-10-08 01:19:42,964 [pool-159-thread-1] INFO  impl.RoleInfo (RoleInfo.java:updateAndGet(143)) - f468a72b-db34-4dab-93e9-b316303692ee: start FollowerState
2019-10-08 01:19:42,964 [pool-159-thread-1] INFO  util.JmxRegister (JmxRegister.java:tryRegister(44)) - Successfully registered JMX Bean with object name Ratis:service=RaftServer,group=group-CBDA24297DB0,id=f468a72b-db34-4dab-93e9-b316303692ee
2019-10-08 01:19:42,969 [RatisPipelineUtilsThread] INFO  pipeline.PipelineStateManager (PipelineStateManager.java:addPipeline(56)) - Created pipeline Pipeline[ Id: 2c52224d-5b5d-4a60-9d77-cbda24297db0, Nodes: f468a72b-db34-4dab-93e9-b316303692ee{ip: 192.168.164.245, host: pr-hdds-2217-dx9m9-1464909746, networkLocation: /default-rack, certSerialId: null}, Type:RATIS, Factor:ONE, State:OPEN]
2019-10-08 01:19:42,982 [grpc-default-executor-5] INFO  impl.RaftServerProxy (RaftServerProxy.java:addNew(89)) - d4385ab4-8058-426a-99a6-00a1621aa878: addNew group-8BF7922A099A:[d4385ab4-8058-426a-99a6-00a1621aa878:192.168.164.245:42669] returns group-8BF7922A099A:java.util.concurrent.CompletableFuture@6b3325f6[Not completed]
2019-10-08 01:19:42,988 [pool-149-thread-1] INFO  impl.RaftServerImpl (RaftServerImpl.java:<init>(95)) - d4385ab4-8058-426a-99a6-00a1621aa878: new RaftServerImpl for group-8BF7922A099A:[d4385ab4-8058-426a-99a6-00a1621aa878:192.168.164.245:42669] with ContainerStateMachine:uninitialized
2019-10-08 01:19:42,989 [pool-149-thread-1] INFO  server.RaftServerConfigKeys (ConfUtils.java:logGet(43)) - raft.server.rpc.timeout.min = 5s (custom)
2019-10-08 01:19:42,989 [pool-149-thread-1] INFO  server.RaftServerConfigKeys (ConfUtils.java:logGet(43)) - raft.server.rpc.timeout.max = 5200ms (custom)
2019-10-08 01:19:42,989 [pool-149-thread-1] INFO  server.RaftServerConfigKeys (ConfUtils.java:logGet(43)) - raft.server.rpcslowness.timeout = 120s (custom)
2019-10-08 01:19:42,989 [pool-149-thread-1] INFO  server.RaftServerConfigKeys (ConfUtils.java:logGet(43)) - raft.server.sleep.deviation.threshold = 300 (default)
2019-10-08 01:19:42,989 [pool-149-thread-1] INFO  server.RaftServerConfigKeys (ConfUtils.java:logGet(43)) - raft.server.log.appender.install.snapshot.enabled = false (custom)
2019-10-08 01:19:42,989 [pool-149-thread-1] INFO  impl.RaftServerImpl (ServerState.java:<init>(103)) - d4385ab4-8058-426a-99a6-00a1621aa878@group-8BF7922A099A: ConfigurationManager, init=-1: [d4385ab4-8058-426a-99a6-00a1621aa878:192.168.164.245:42669], old=null, confs=<EMPTY_MAP>
2019-10-08 01:19:42,989 [pool-149-thread-1] INFO  server.RaftServerConfigKeys (ConfUtils.java:logGet(43)) - raft.server.storage.dir = [/workdir/hadoop-ozone/integration-test/target/test-dir/MiniOzoneClusterImpl-34025f89-607b-4463-91d2-320d90cd8ada/datanode-3/data/ratis] (custom)
2019-10-08 01:19:42,990 [pool-149-thread-1] INFO  server.RaftServerConfigKeys (ConfUtils.java:logGet(43)) - raft.server.log.corruption.policy = EXCEPTION (default)
2019-10-08 01:19:42,990 [pool-149-thread-1] INFO  storage.RaftStorageDirectory (RaftStorageDirectory.java:analyzeStorage(246)) - The storage directory /workdir/hadoop-ozone/integration-test/target/test-dir/MiniOzoneClusterImpl-34025f89-607b-4463-91d2-320d90cd8ada/datanode-3/data/ratis/c48bf271-d2e2-41f5-867f-8bf7922a099a does not exist. Creating ...
2019-10-08 01:19:43,003 [pool-149-thread-1] INFO  storage.RaftStorageDirectory (RaftStorageDirectory.java:tryLock(328)) - Lock on /workdir/hadoop-ozone/integration-test/target/test-dir/MiniOzoneClusterImpl-34025f89-607b-4463-91d2-320d90cd8ada/datanode-3/data/ratis/c48bf271-d2e2-41f5-867f-8bf7922a099a/in_use.lock acquired by nodename 8558@pr-hdds-2217-dx9m9-1464909746
2019-10-08 01:19:43,016 [pool-149-thread-1] INFO  storage.RaftStorage (RaftStorage.java:format(84)) - Storage directory /workdir/hadoop-ozone/integration-test/target/test-dir/MiniOzoneClusterImpl-34025f89-607b-4463-91d2-320d90cd8ada/datanode-3/data/ratis/c48bf271-d2e2-41f5-867f-8bf7922a099a has been successfully formatted.
2019-10-08 01:19:43,016 [pool-149-thread-1] INFO  ratis.ContainerStateMachine (ContainerStateMachine.java:loadSnapshot(231)) - group-8BF7922A099A: The snapshot info is null. Setting the last applied indexto:(t:0, i:~)
2019-10-08 01:19:43,016 [pool-149-thread-1] INFO  server.RaftServerConfigKeys (ConfUtils.java:logGet(43)) - raft.server.notification.no-leader.timeout = 120s (custom)
2019-10-08 01:19:43,017 [pool-149-thread-1] INFO  server.RaftServerConfigKeys (ConfUtils.java:logGet(43)) - raft.server.log.use.memory = false (default)
2019-10-08 01:19:43,017 [pool-149-thread-1] INFO  server.RaftServerConfigKeys (ConfUtils.java:logGet(43)) - raft.server.log.purge.gap = 1000000 (custom)
2019-10-08 01:19:43,017 [pool-149-thread-1] INFO  server.RaftServerConfigKeys (ConfUtils.java:logGet(43)) - raft.server.log.appender.buffer.byte-limit = 33554432 (custom)
2019-10-08 01:19:43,017 [pool-149-thread-1] INFO  server.RaftServerConfigKeys (ConfUtils.java:logGet(43)) - raft.server.log.segment.size.max = 1048576 (custom)
2019-10-08 01:19:43,019 [pool-149-thread-1] INFO  server.RaftServerConfigKeys (ConfUtils.java:logGet(43)) - raft.server.log.segment.cache.num.max = 2 (custom)
2019-10-08 01:19:43,019 [pool-149-thread-1] INFO  segmented.SegmentedRaftLogWorker (SegmentedRaftLogWorker.java:<init>(173)) - new d4385ab4-8058-426a-99a6-00a1621aa878@group-8BF7922A099A-SegmentedRaftLogWorker for RaftStorage:Storage Directory /workdir/hadoop-ozone/integration-test/target/test-dir/MiniOzoneClusterImpl-34025f89-607b-4463-91d2-320d90cd8ada/datanode-3/data/ratis/c48bf271-d2e2-41f5-867f-8bf7922a099a
2019-10-08 01:19:43,020 [pool-149-thread-1] INFO  server.RaftServerConfigKeys (ConfUtils.java:logGet(43)) - raft.server.log.queue.byte-limit = 2147483647 (custom)
2019-10-08 01:19:43,020 [pool-149-thread-1] INFO  server.RaftServerConfigKeys (ConfUtils.java:logGet(43)) - raft.server.log.queue.element-limit = 1024 (custom)
2019-10-08 01:19:43,020 [pool-149-thread-1] INFO  server.RaftServerConfigKeys (ConfUtils.java:logGet(43)) - raft.server.log.segment.size.max = 1048576 (custom)
2019-10-08 01:19:43,020 [pool-149-thread-1] INFO  server.RaftServerConfigKeys (ConfUtils.java:logGet(43)) - raft.server.log.preallocated.size = 16384 (custom)
2019-10-08 01:19:43,021 [pool-149-thread-1] INFO  server.RaftServerConfigKeys (ConfUtils.java:logGet(43)) - raft.server.log.write.buffer.size = 33554432 (custom)
2019-10-08 01:19:43,021 [pool-149-thread-1] INFO  server.RaftServerConfigKeys (ConfUtils.java:logGet(43)) - raft.server.log.force.sync.num = 128 (default)
2019-10-08 01:19:43,021 [pool-149-thread-1] INFO  server.RaftServerConfigKeys (ConfUtils.java:logGet(43)) - raft.server.log.statemachine.data.sync = true (default)
2019-10-08 01:19:43,021 [pool-149-thread-1] INFO  server.RaftServerConfigKeys (ConfUtils.java:logGet(43)) - raft.server.log.statemachine.data.sync.timeout = 10s (default)
2019-10-08 01:19:43,022 [pool-149-thread-1] INFO  server.RaftServerConfigKeys (ConfUtils.java:logGet(43)) - raft.server.log.statemachine.data.sync.timeout.retry = -1 (default)
2019-10-08 01:19:43,022 [pool-149-thread-1] INFO  server.RaftServerConfigKeys (ConfUtils.java:logGet(43)) - raft.server.log.statemachine.data.caching.enabled = true (custom)
2019-10-08 01:19:43,023 [pool-149-thread-1] INFO  segmented.SegmentedRaftLogWorker (SegmentedRaftLogWorker.java:lambda$new$0(128)) - d4385ab4-8058-426a-99a6-00a1621aa878@group-8BF7922A099A-SegmentedRaftLogWorker: flushIndex: setUnconditionally 0 -> -1
2019-10-08 01:19:43,023 [pool-149-thread-1] INFO  server.RaftServerConfigKeys (ConfUtils.java:logGet(43)) - raft.server.snapshot.auto.trigger.enabled = true (custom)
2019-10-08 01:19:43,023 [pool-149-thread-1] INFO  server.RaftServerConfigKeys (ConfUtils.java:logGet(43)) - raft.server.snapshot.auto.trigger.threshold = 10000 (custom)
2019-10-08 01:19:43,024 [pool-149-thread-1] INFO  server.RaftServerConfigKeys (ConfUtils.java:logGet(43)) - raft.server.snapshot.retention.file.num = 5 (custom)
2019-10-08 01:19:43,024 [pool-149-thread-1] INFO  server.RaftServerConfigKeys (ConfUtils.java:logGet(43)) - raft.server.retrycache.expirytime = 600000ms (custom)
2019-10-08 01:19:43,028 [pool-149-thread-1] INFO  impl.RaftServerImpl (RaftServerImpl.java:start(181)) - d4385ab4-8058-426a-99a6-00a1621aa878@group-8BF7922A099A: start as a follower, conf=-1: [d4385ab4-8058-426a-99a6-00a1621aa878:192.168.164.245:42669], old=null
2019-10-08 01:19:43,028 [pool-149-thread-1] INFO  impl.RaftServerImpl (RaftServerImpl.java:setRole(170)) - d4385ab4-8058-426a-99a6-00a1621aa878@group-8BF7922A099A: changes role from      null to FOLLOWER at term 0 for startAsFollower
2019-10-08 01:19:43,028 [pool-149-thread-1] INFO  impl.RoleInfo (RoleInfo.java:updateAndGet(143)) - d4385ab4-8058-426a-99a6-00a1621aa878: start FollowerState
2019-10-08 01:19:43,029 [pool-149-thread-1] INFO  util.JmxRegister (JmxRegister.java:tryRegister(44)) - Successfully registered JMX Bean with object name Ratis:service=RaftServer,group=group-8BF7922A099A,id=d4385ab4-8058-426a-99a6-00a1621aa878
2019-10-08 01:19:43,036 [RatisPipelineUtilsThread] INFO  pipeline.PipelineStateManager (PipelineStateManager.java:addPipeline(56)) - Created pipeline Pipeline[ Id: c48bf271-d2e2-41f5-867f-8bf7922a099a, Nodes: d4385ab4-8058-426a-99a6-00a1621aa878{ip: 192.168.164.245, host: pr-hdds-2217-dx9m9-1464909746, networkLocation: /default-rack, certSerialId: null}, Type:RATIS, Factor:ONE, State:OPEN]
2019-10-08 01:19:43,052 [grpc-default-executor-4] INFO  impl.RaftServerProxy (RaftServerProxy.java:addNew(89)) - 8b6c070e-86f6-486d-8b05-42cb3ad39897: addNew group-C8C4CB1D2DFD:[8b6c070e-86f6-486d-8b05-42cb3ad39897:192.168.164.245:41180, 7cdf9f46-8911-4734-b4bf-89adcea7d6f9:192.168.164.245:36709, 9632e278-e61f-453f-86eb-f7ef209c65f6:192.168.164.245:45878] returns group-C8C4CB1D2DFD:java.util.concurrent.CompletableFuture@61c1fdbf[Not completed]
2019-10-08 01:19:43,053 [grpc-default-executor-3] INFO  impl.RaftServerProxy (RaftServerProxy.java:addNew(89)) - 9632e278-e61f-453f-86eb-f7ef209c65f6: addNew group-C8C4CB1D2DFD:[8b6c070e-86f6-486d-8b05-42cb3ad39897:192.168.164.245:41180, 7cdf9f46-8911-4734-b4bf-89adcea7d6f9:192.168.164.245:36709, 9632e278-e61f-453f-86eb-f7ef209c65f6:192.168.164.245:45878] returns group-C8C4CB1D2DFD:java.util.concurrent.CompletableFuture@6176e60d[Not completed]
2019-10-08 01:19:43,053 [grpc-default-executor-4] INFO  impl.RaftServerProxy (RaftServerProxy.java:addNew(89)) - 7cdf9f46-8911-4734-b4bf-89adcea7d6f9: addNew group-C8C4CB1D2DFD:[8b6c070e-86f6-486d-8b05-42cb3ad39897:192.168.164.245:41180, 7cdf9f46-8911-4734-b4bf-89adcea7d6f9:192.168.164.245:36709, 9632e278-e61f-453f-86eb-f7ef209c65f6:192.168.164.245:45878] returns group-C8C4CB1D2DFD:java.util.concurrent.CompletableFuture@65fe655f[Not completed]
2019-10-08 01:19:43,053 [pool-179-thread-1] INFO  impl.RaftServerImpl (RaftServerImpl.java:<init>(95)) - 8b6c070e-86f6-486d-8b05-42cb3ad39897: new RaftServerImpl for group-C8C4CB1D2DFD:[8b6c070e-86f6-486d-8b05-42cb3ad39897:192.168.164.245:41180, 7cdf9f46-8911-4734-b4bf-89adcea7d6f9:192.168.164.245:36709, 9632e278-e61f-453f-86eb-f7ef209c65f6:192.168.164.245:45878] with ContainerStateMachine:uninitialized
2019-10-08 01:19:43,053 [pool-179-thread-1] INFO  server.RaftServerConfigKeys (ConfUtils.java:logGet(43)) - raft.server.rpc.timeout.min = 5s (custom)
2019-10-08 01:19:43,054 [pool-179-thread-1] INFO  server.RaftServerConfigKeys (ConfUtils.java:logGet(43)) - raft.server.rpc.timeout.max = 5200ms (custom)
2019-10-08 01:19:43,054 [pool-179-thread-1] INFO  server.RaftServerConfigKeys (ConfUtils.java:logGet(43)) - raft.server.rpcslowness.timeout = 120s (custom)
2019-10-08 01:19:43,054 [pool-179-thread-1] INFO  server.RaftServerConfigKeys (ConfUtils.java:logGet(43)) - raft.server.sleep.deviation.threshold = 300 (default)
2019-10-08 01:19:43,054 [pool-179-thread-1] INFO  server.RaftServerConfigKeys (ConfUtils.java:logGet(43)) - raft.server.log.appender.install.snapshot.enabled = false (custom)
2019-10-08 01:19:43,054 [pool-179-thread-1] INFO  impl.RaftServerImpl (ServerState.java:<init>(103)) - 8b6c070e-86f6-486d-8b05-42cb3ad39897@group-C8C4CB1D2DFD: ConfigurationManager, init=-1: [8b6c070e-86f6-486d-8b05-42cb3ad39897:192.168.164.245:41180, 7cdf9f46-8911-4734-b4bf-89adcea7d6f9:192.168.164.245:36709, 9632e278-e61f-453f-86eb-f7ef209c65f6:192.168.164.245:45878], old=null, confs=<EMPTY_MAP>
2019-10-08 01:19:43,055 [pool-179-thread-1] INFO  server.RaftServerConfigKeys (ConfUtils.java:logGet(43)) - raft.server.storage.dir = [/workdir/hadoop-ozone/integration-test/target/test-dir/MiniOzoneClusterImpl-34025f89-607b-4463-91d2-320d90cd8ada/datanode-6/data/ratis] (custom)
2019-10-08 01:19:43,055 [pool-139-thread-1] INFO  impl.RaftServerImpl (RaftServerImpl.java:<init>(95)) - 9632e278-e61f-453f-86eb-f7ef209c65f6: new RaftServerImpl for group-C8C4CB1D2DFD:[8b6c070e-86f6-486d-8b05-42cb3ad39897:192.168.164.245:41180, 7cdf9f46-8911-4734-b4bf-89adcea7d6f9:192.168.164.245:36709, 9632e278-e61f-453f-86eb-f7ef209c65f6:192.168.164.245:45878] with ContainerStateMachine:uninitialized
2019-10-08 01:19:43,055 [pool-139-thread-1] INFO  server.RaftServerConfigKeys (ConfUtils.java:logGet(43)) - raft.server.rpc.timeout.min = 5s (custom)
2019-10-08 01:19:43,055 [pool-179-thread-1] INFO  server.RaftServerConfigKeys (ConfUtils.java:logGet(43)) - raft.server.log.corruption.policy = EXCEPTION (default)
2019-10-08 01:19:43,055 [pool-139-thread-1] INFO  server.RaftServerConfigKeys (ConfUtils.java:logGet(43)) - raft.server.rpc.timeout.max = 5200ms (custom)
2019-10-08 01:19:43,055 [pool-179-thread-1] INFO  storage.RaftStorageDirectory (RaftStorageDirectory.java:analyzeStorage(246)) - The storage directory /workdir/hadoop-ozone/integration-test/target/test-dir/MiniOzoneClusterImpl-34025f89-607b-4463-91d2-320d90cd8ada/datanode-6/data/ratis/9974705c-9866-4b19-965e-c8c4cb1d2dfd does not exist. Creating ...
2019-10-08 01:19:43,055 [pool-129-thread-1] INFO  impl.RaftServerImpl (RaftServerImpl.java:<init>(95)) - 7cdf9f46-8911-4734-b4bf-89adcea7d6f9: new RaftServerImpl for group-C8C4CB1D2DFD:[8b6c070e-86f6-486d-8b05-42cb3ad39897:192.168.164.245:41180, 7cdf9f46-8911-4734-b4bf-89adcea7d6f9:192.168.164.245:36709, 9632e278-e61f-453f-86eb-f7ef209c65f6:192.168.164.245:45878] with ContainerStateMachine:uninitialized
2019-10-08 01:19:43,055 [pool-139-thread-1] INFO  server.RaftServerConfigKeys (ConfUtils.java:logGet(43)) - raft.server.rpcslowness.timeout = 120s (custom)
2019-10-08 01:19:43,056 [pool-129-thread-1] INFO  server.RaftServerConfigKeys (ConfUtils.java:logGet(43)) - raft.server.rpc.timeout.min = 5s (custom)
2019-10-08 01:19:43,056 [pool-139-thread-1] INFO  server.RaftServerConfigKeys (ConfUtils.java:logGet(43)) - raft.server.sleep.deviation.threshold = 300 (default)
2019-10-08 01:19:43,056 [pool-129-thread-1] INFO  server.RaftServerConfigKeys (ConfUtils.java:logGet(43)) - raft.server.rpc.timeout.max = 5200ms (custom)
2019-10-08 01:19:43,056 [pool-139-thread-1] INFO  server.RaftServerConfigKeys (ConfUtils.java:logGet(43)) - raft.server.log.appender.install.snapshot.enabled = false (custom)
2019-10-08 01:19:43,056 [pool-129-thread-1] INFO  server.RaftServerConfigKeys (ConfUtils.java:logGet(43)) - raft.server.rpcslowness.timeout = 120s (custom)
2019-10-08 01:19:43,057 [pool-139-thread-1] INFO  impl.RaftServerImpl (ServerState.java:<init>(103)) - 9632e278-e61f-453f-86eb-f7ef209c65f6@group-C8C4CB1D2DFD: ConfigurationManager, init=-1: [8b6c070e-86f6-486d-8b05-42cb3ad39897:192.168.164.245:41180, 7cdf9f46-8911-4734-b4bf-89adcea7d6f9:192.168.164.245:36709, 9632e278-e61f-453f-86eb-f7ef209c65f6:192.168.164.245:45878], old=null, confs=<EMPTY_MAP>
2019-10-08 01:19:43,057 [pool-129-thread-1] INFO  server.RaftServerConfigKeys (ConfUtils.java:logGet(43)) - raft.server.sleep.deviation.threshold = 300 (default)
2019-10-08 01:19:43,057 [pool-139-thread-1] INFO  server.RaftServerConfigKeys (ConfUtils.java:logGet(43)) - raft.server.storage.dir = [/workdir/hadoop-ozone/integration-test/target/test-dir/MiniOzoneClusterImpl-34025f89-607b-4463-91d2-320d90cd8ada/datanode-2/data/ratis] (custom)
2019-10-08 01:19:43,057 [pool-129-thread-1] INFO  server.RaftServerConfigKeys (ConfUtils.java:logGet(43)) - raft.server.log.appender.install.snapshot.enabled = false (custom)
2019-10-08 01:19:43,057 [pool-129-thread-1] INFO  impl.RaftServerImpl (ServerState.java:<init>(103)) - 7cdf9f46-8911-4734-b4bf-89adcea7d6f9@group-C8C4CB1D2DFD: ConfigurationManager, init=-1: [8b6c070e-86f6-486d-8b05-42cb3ad39897:192.168.164.245:41180, 7cdf9f46-8911-4734-b4bf-89adcea7d6f9:192.168.164.245:36709, 9632e278-e61f-453f-86eb-f7ef209c65f6:192.168.164.245:45878], old=null, confs=<EMPTY_MAP>
2019-10-08 01:19:43,057 [pool-139-thread-1] INFO  server.RaftServerConfigKeys (ConfUtils.java:logGet(43)) - raft.server.log.corruption.policy = EXCEPTION (default)
2019-10-08 01:19:43,058 [pool-129-thread-1] INFO  server.RaftServerConfigKeys (ConfUtils.java:logGet(43)) - raft.server.storage.dir = [/workdir/hadoop-ozone/integration-test/target/test-dir/MiniOzoneClusterImpl-34025f89-607b-4463-91d2-320d90cd8ada/datanode-1/data/ratis] (custom)
2019-10-08 01:19:43,058 [pool-139-thread-1] INFO  storage.RaftStorageDirectory (RaftStorageDirectory.java:analyzeStorage(246)) - The storage directory /workdir/hadoop-ozone/integration-test/target/test-dir/MiniOzoneClusterImpl-34025f89-607b-4463-91d2-320d90cd8ada/datanode-2/data/ratis/9974705c-9866-4b19-965e-c8c4cb1d2dfd does not exist. Creating ...
2019-10-08 01:19:43,058 [pool-129-thread-1] INFO  server.RaftServerConfigKeys (ConfUtils.java:logGet(43)) - raft.server.log.corruption.policy = EXCEPTION (default)
2019-10-08 01:19:43,058 [pool-129-thread-1] INFO  storage.RaftStorageDirectory (RaftStorageDirectory.java:analyzeStorage(246)) - The storage directory /workdir/hadoop-ozone/integration-test/target/test-dir/MiniOzoneClusterImpl-34025f89-607b-4463-91d2-320d90cd8ada/datanode-1/data/ratis/9974705c-9866-4b19-965e-c8c4cb1d2dfd does not exist. Creating ...
2019-10-08 01:19:43,069 [pool-129-thread-1] INFO  storage.RaftStorageDirectory (RaftStorageDirectory.java:tryLock(328)) - Lock on /workdir/hadoop-ozone/integration-test/target/test-dir/MiniOzoneClusterImpl-34025f89-607b-4463-91d2-320d90cd8ada/datanode-1/data/ratis/9974705c-9866-4b19-965e-c8c4cb1d2dfd/in_use.lock acquired by nodename 8558@pr-hdds-2217-dx9m9-1464909746
2019-10-08 01:19:43,069 [pool-179-thread-1] INFO  storage.RaftStorageDirectory (RaftStorageDirectory.java:tryLock(328)) - Lock on /workdir/hadoop-ozone/integration-test/target/test-dir/MiniOzoneClusterImpl-34025f89-607b-4463-91d2-320d90cd8ada/datanode-6/data/ratis/9974705c-9866-4b19-965e-c8c4cb1d2dfd/in_use.lock acquired by nodename 8558@pr-hdds-2217-dx9m9-1464909746
2019-10-08 01:19:43,069 [pool-139-thread-1] INFO  storage.RaftStorageDirectory (RaftStorageDirectory.java:tryLock(328)) - Lock on /workdir/hadoop-ozone/integration-test/target/test-dir/MiniOzoneClusterImpl-34025f89-607b-4463-91d2-320d90cd8ada/datanode-2/data/ratis/9974705c-9866-4b19-965e-c8c4cb1d2dfd/in_use.lock acquired by nodename 8558@pr-hdds-2217-dx9m9-1464909746
2019-10-08 01:19:43,083 [pool-179-thread-1] INFO  storage.RaftStorage (RaftStorage.java:format(84)) - Storage directory /workdir/hadoop-ozone/integration-test/target/test-dir/MiniOzoneClusterImpl-34025f89-607b-4463-91d2-320d90cd8ada/datanode-6/data/ratis/9974705c-9866-4b19-965e-c8c4cb1d2dfd has been successfully formatted.
2019-10-08 01:19:43,083 [pool-139-thread-1] INFO  storage.RaftStorage (RaftStorage.java:format(84)) - Storage directory /workdir/hadoop-ozone/integration-test/target/test-dir/MiniOzoneClusterImpl-34025f89-607b-4463-91d2-320d90cd8ada/datanode-2/data/ratis/9974705c-9866-4b19-965e-c8c4cb1d2dfd has been successfully formatted.
2019-10-08 01:19:43,083 [pool-129-thread-1] INFO  storage.RaftStorage (RaftStorage.java:format(84)) - Storage directory /workdir/hadoop-ozone/integration-test/target/test-dir/MiniOzoneClusterImpl-34025f89-607b-4463-91d2-320d90cd8ada/datanode-1/data/ratis/9974705c-9866-4b19-965e-c8c4cb1d2dfd has been successfully formatted.
2019-10-08 01:19:43,084 [pool-139-thread-1] INFO  ratis.ContainerStateMachine (ContainerStateMachine.java:loadSnapshot(231)) - group-C8C4CB1D2DFD: The snapshot info is null. Setting the last applied indexto:(t:0, i:~)
2019-10-08 01:19:43,084 [pool-179-thread-1] INFO  ratis.ContainerStateMachine (ContainerStateMachine.java:loadSnapshot(231)) - group-C8C4CB1D2DFD: The snapshot info is null. Setting the last applied indexto:(t:0, i:~)
2019-10-08 01:19:43,084 [pool-139-thread-1] INFO  server.RaftServerConfigKeys (ConfUtils.java:logGet(43)) - raft.server.notification.no-leader.timeout = 120s (custom)
2019-10-08 01:19:43,084 [pool-129-thread-1] INFO  ratis.ContainerStateMachine (ContainerStateMachine.java:loadSnapshot(231)) - group-C8C4CB1D2DFD: The snapshot info is null. Setting the last applied indexto:(t:0, i:~)
2019-10-08 01:19:43,085 [pool-139-thread-1] INFO  server.RaftServerConfigKeys (ConfUtils.java:logGet(43)) - raft.server.log.use.memory = false (default)
2019-10-08 01:19:43,084 [pool-179-thread-1] INFO  server.RaftServerConfigKeys (ConfUtils.java:logGet(43)) - raft.server.notification.no-leader.timeout = 120s (custom)
2019-10-08 01:19:43,085 [pool-139-thread-1] INFO  server.RaftServerConfigKeys (ConfUtils.java:logGet(43)) - raft.server.log.purge.gap = 1000000 (custom)
2019-10-08 01:19:43,085 [pool-129-thread-1] INFO  server.RaftServerConfigKeys (ConfUtils.java:logGet(43)) - raft.server.notification.no-leader.timeout = 120s (custom)
2019-10-08 01:19:43,085 [pool-139-thread-1] INFO  server.RaftServerConfigKeys (ConfUtils.java:logGet(43)) - raft.server.log.appender.buffer.byte-limit = 33554432 (custom)
2019-10-08 01:19:43,085 [pool-179-thread-1] INFO  server.RaftServerConfigKeys (ConfUtils.java:logGet(43)) - raft.server.log.use.memory = false (default)
2019-10-08 01:19:43,086 [pool-139-thread-1] INFO  server.RaftServerConfigKeys (ConfUtils.java:logGet(43)) - raft.server.log.segment.size.max = 1048576 (custom)
2019-10-08 01:19:43,085 [pool-129-thread-1] INFO  server.RaftServerConfigKeys (ConfUtils.java:logGet(43)) - raft.server.log.use.memory = false (default)
2019-10-08 01:19:43,086 [pool-139-thread-1] INFO  server.RaftServerConfigKeys (ConfUtils.java:logGet(43)) - raft.server.log.segment.cache.num.max = 2 (custom)
2019-10-08 01:19:43,086 [pool-179-thread-1] INFO  server.RaftServerConfigKeys (ConfUtils.java:logGet(43)) - raft.server.log.purge.gap = 1000000 (custom)
2019-10-08 01:19:43,086 [pool-139-thread-1] INFO  segmented.SegmentedRaftLogWorker (SegmentedRaftLogWorker.java:<init>(173)) - new 9632e278-e61f-453f-86eb-f7ef209c65f6@group-C8C4CB1D2DFD-SegmentedRaftLogWorker for RaftStorage:Storage Directory /workdir/hadoop-ozone/integration-test/target/test-dir/MiniOzoneClusterImpl-34025f89-607b-4463-91d2-320d90cd8ada/datanode-2/data/ratis/9974705c-9866-4b19-965e-c8c4cb1d2dfd
2019-10-08 01:19:43,086 [pool-129-thread-1] INFO  server.RaftServerConfigKeys (ConfUtils.java:logGet(43)) - raft.server.log.purge.gap = 1000000 (custom)
2019-10-08 01:19:43,087 [pool-139-thread-1] INFO  server.RaftServerConfigKeys (ConfUtils.java:logGet(43)) - raft.server.log.queue.byte-limit = 2147483647 (custom)
2019-10-08 01:19:43,086 [pool-179-thread-1] INFO  server.RaftServerConfigKeys (ConfUtils.java:logGet(43)) - raft.server.log.appender.buffer.byte-limit = 33554432 (custom)
2019-10-08 01:19:43,087 [pool-139-thread-1] INFO  server.RaftServerConfigKeys (ConfUtils.java:logGet(43)) - raft.server.log.queue.element-limit = 1024 (custom)
2019-10-08 01:19:43,087 [pool-129-thread-1] INFO  server.RaftServerConfigKeys (ConfUtils.java:logGet(43)) - raft.server.log.appender.buffer.byte-limit = 33554432 (custom)
2019-10-08 01:19:43,087 [pool-139-thread-1] INFO  server.RaftServerConfigKeys (ConfUtils.java:logGet(43)) - raft.server.log.segment.size.max = 1048576 (custom)
2019-10-08 01:19:43,087 [pool-179-thread-1] INFO  server.RaftServerConfigKeys (ConfUtils.java:logGet(43)) - raft.server.log.segment.size.max = 1048576 (custom)
2019-10-08 01:19:43,088 [pool-139-thread-1] INFO  server.RaftServerConfigKeys (ConfUtils.java:logGet(43)) - raft.server.log.preallocated.size = 16384 (custom)
2019-10-08 01:19:43,088 [pool-129-thread-1] INFO  server.RaftServerConfigKeys (ConfUtils.java:logGet(43)) - raft.server.log.segment.size.max = 1048576 (custom)
2019-10-08 01:19:43,088 [pool-139-thread-1] INFO  server.RaftServerConfigKeys (ConfUtils.java:logGet(43)) - raft.server.log.write.buffer.size = 33554432 (custom)
2019-10-08 01:19:43,088 [pool-179-thread-1] INFO  server.RaftServerConfigKeys (ConfUtils.java:logGet(43)) - raft.server.log.segment.cache.num.max = 2 (custom)
2019-10-08 01:19:43,089 [pool-139-thread-1] INFO  server.RaftServerConfigKeys (ConfUtils.java:logGet(43)) - raft.server.log.force.sync.num = 128 (default)
2019-10-08 01:19:43,088 [pool-129-thread-1] INFO  server.RaftServerConfigKeys (ConfUtils.java:logGet(43)) - raft.server.log.segment.cache.num.max = 2 (custom)
2019-10-08 01:19:43,089 [pool-139-thread-1] INFO  server.RaftServerConfigKeys (ConfUtils.java:logGet(43)) - raft.server.log.statemachine.data.sync = true (default)
2019-10-08 01:19:43,089 [pool-179-thread-1] INFO  segmented.SegmentedRaftLogWorker (SegmentedRaftLogWorker.java:<init>(173)) - new 8b6c070e-86f6-486d-8b05-42cb3ad39897@group-C8C4CB1D2DFD-SegmentedRaftLogWorker for RaftStorage:Storage Directory /workdir/hadoop-ozone/integration-test/target/test-dir/MiniOzoneClusterImpl-34025f89-607b-4463-91d2-320d90cd8ada/datanode-6/data/ratis/9974705c-9866-4b19-965e-c8c4cb1d2dfd
2019-10-08 01:19:43,089 [pool-139-thread-1] INFO  server.RaftServerConfigKeys (ConfUtils.java:logGet(43)) - raft.server.log.statemachine.data.sync.timeout = 10s (default)
2019-10-08 01:19:43,089 [pool-129-thread-1] INFO  segmented.SegmentedRaftLogWorker (SegmentedRaftLogWorker.java:<init>(173)) - new 7cdf9f46-8911-4734-b4bf-89adcea7d6f9@group-C8C4CB1D2DFD-SegmentedRaftLogWorker for RaftStorage:Storage Directory /workdir/hadoop-ozone/integration-test/target/test-dir/MiniOzoneClusterImpl-34025f89-607b-4463-91d2-320d90cd8ada/datanode-1/data/ratis/9974705c-9866-4b19-965e-c8c4cb1d2dfd
2019-10-08 01:19:43,090 [pool-139-thread-1] INFO  server.RaftServerConfigKeys (ConfUtils.java:logGet(43)) - raft.server.log.statemachine.data.sync.timeout.retry = -1 (default)
2019-10-08 01:19:43,090 [pool-179-thread-1] INFO  server.RaftServerConfigKeys (ConfUtils.java:logGet(43)) - raft.server.log.queue.byte-limit = 2147483647 (custom)
2019-10-08 01:19:43,090 [pool-129-thread-1] INFO  server.RaftServerConfigKeys (ConfUtils.java:logGet(43)) - raft.server.log.queue.byte-limit = 2147483647 (custom)
2019-10-08 01:19:43,090 [pool-139-thread-1] INFO  server.RaftServerConfigKeys (ConfUtils.java:logGet(43)) - raft.server.log.statemachine.data.caching.enabled = true (custom)
2019-10-08 01:19:43,090 [pool-179-thread-1] INFO  server.RaftServerConfigKeys (ConfUtils.java:logGet(43)) - raft.server.log.queue.element-limit = 1024 (custom)
2019-10-08 01:19:43,090 [pool-129-thread-1] INFO  server.RaftServerConfigKeys (ConfUtils.java:logGet(43)) - raft.server.log.queue.element-limit = 1024 (custom)
2019-10-08 01:19:43,091 [pool-139-thread-1] INFO  segmented.SegmentedRaftLogWorker (SegmentedRaftLogWorker.java:lambda$new$0(128)) - 9632e278-e61f-453f-86eb-f7ef209c65f6@group-C8C4CB1D2DFD-SegmentedRaftLogWorker: flushIndex: setUnconditionally 0 -> -1
2019-10-08 01:19:43,091 [pool-179-thread-1] INFO  server.RaftServerConfigKeys (ConfUtils.java:logGet(43)) - raft.server.log.segment.size.max = 1048576 (custom)
2019-10-08 01:19:43,091 [pool-129-thread-1] INFO  server.RaftServerConfigKeys (ConfUtils.java:logGet(43)) - raft.server.log.segment.size.max = 1048576 (custom)
2019-10-08 01:19:43,091 [pool-139-thread-1] INFO  server.RaftServerConfigKeys (ConfUtils.java:logGet(43)) - raft.server.snapshot.auto.trigger.enabled = true (custom)
2019-10-08 01:19:43,091 [pool-179-thread-1] INFO  server.RaftServerConfigKeys (ConfUtils.java:logGet(43)) - raft.server.log.preallocated.size = 16384 (custom)
2019-10-08 01:19:43,091 [pool-139-thread-1] INFO  server.RaftServerConfigKeys (ConfUtils.java:logGet(43)) - raft.server.snapshot.auto.trigger.threshold = 10000 (custom)
2019-10-08 01:19:43,091 [pool-129-thread-1] INFO  server.RaftServerConfigKeys (ConfUtils.java:logGet(43)) - raft.server.log.preallocated.size = 16384 (custom)
2019-10-08 01:19:43,092 [pool-139-thread-1] INFO  server.RaftServerConfigKeys (ConfUtils.java:logGet(43)) - raft.server.snapshot.retention.file.num = 5 (custom)
2019-10-08 01:19:43,092 [pool-179-thread-1] INFO  server.RaftServerConfigKeys (ConfUtils.java:logGet(43)) - raft.server.log.write.buffer.size = 33554432 (custom)
2019-10-08 01:19:43,092 [pool-139-thread-1] INFO  server.RaftServerConfigKeys (ConfUtils.java:logGet(43)) - raft.server.retrycache.expirytime = 600000ms (custom)
2019-10-08 01:19:43,092 [pool-129-thread-1] INFO  server.RaftServerConfigKeys (ConfUtils.java:logGet(43)) - raft.server.log.write.buffer.size = 33554432 (custom)
2019-10-08 01:19:43,092 [pool-179-thread-1] INFO  server.RaftServerConfigKeys (ConfUtils.java:logGet(43)) - raft.server.log.force.sync.num = 128 (default)
2019-10-08 01:19:43,093 [pool-129-thread-1] INFO  server.RaftServerConfigKeys (ConfUtils.java:logGet(43)) - raft.server.log.force.sync.num = 128 (default)
2019-10-08 01:19:43,093 [pool-179-thread-1] INFO  server.RaftServerConfigKeys (ConfUtils.java:logGet(43)) - raft.server.log.statemachine.data.sync = true (default)
2019-10-08 01:19:43,093 [pool-129-thread-1] INFO  server.RaftServerConfigKeys (ConfUtils.java:logGet(43)) - raft.server.log.statemachine.data.sync = true (default)
2019-10-08 01:19:43,093 [pool-179-thread-1] INFO  server.RaftServerConfigKeys (ConfUtils.java:logGet(43)) - raft.server.log.statemachine.data.sync.timeout = 10s (default)
2019-10-08 01:19:43,093 [pool-129-thread-1] INFO  server.RaftServerConfigKeys (ConfUtils.java:logGet(43)) - raft.server.log.statemachine.data.sync.timeout = 10s (default)
2019-10-08 01:19:43,093 [pool-179-thread-1] INFO  server.RaftServerConfigKeys (ConfUtils.java:logGet(43)) - raft.server.log.statemachine.data.sync.timeout.retry = -1 (default)
2019-10-08 01:19:43,094 [pool-129-thread-1] INFO  server.RaftServerConfigKeys (ConfUtils.java:logGet(43)) - raft.server.log.statemachine.data.sync.timeout.retry = -1 (default)
2019-10-08 01:19:43,094 [pool-179-thread-1] INFO  server.RaftServerConfigKeys (ConfUtils.java:logGet(43)) - raft.server.log.statemachine.data.caching.enabled = true (custom)
2019-10-08 01:19:43,094 [pool-129-thread-1] INFO  server.RaftServerConfigKeys (ConfUtils.java:logGet(43)) - raft.server.log.statemachine.data.caching.enabled = true (custom)
2019-10-08 01:19:43,094 [pool-179-thread-1] INFO  segmented.SegmentedRaftLogWorker (SegmentedRaftLogWorker.java:lambda$new$0(128)) - 8b6c070e-86f6-486d-8b05-42cb3ad39897@group-C8C4CB1D2DFD-SegmentedRaftLogWorker: flushIndex: setUnconditionally 0 -> -1
2019-10-08 01:19:43,094 [pool-129-thread-1] INFO  segmented.SegmentedRaftLogWorker (SegmentedRaftLogWorker.java:lambda$new$0(128)) - 7cdf9f46-8911-4734-b4bf-89adcea7d6f9@group-C8C4CB1D2DFD-SegmentedRaftLogWorker: flushIndex: setUnconditionally 0 -> -1
2019-10-08 01:19:43,095 [pool-179-thread-1] INFO  server.RaftServerConfigKeys (ConfUtils.java:logGet(43)) - raft.server.snapshot.auto.trigger.enabled = true (custom)
2019-10-08 01:19:43,095 [pool-179-thread-1] INFO  server.RaftServerConfigKeys (ConfUtils.java:logGet(43)) - raft.server.snapshot.auto.trigger.threshold = 10000 (custom)
2019-10-08 01:19:43,095 [pool-129-thread-1] INFO  server.RaftServerConfigKeys (ConfUtils.java:logGet(43)) - raft.server.snapshot.auto.trigger.enabled = true (custom)
2019-10-08 01:19:43,095 [pool-179-thread-1] INFO  server.RaftServerConfigKeys (ConfUtils.java:logGet(43)) - raft.server.snapshot.retention.file.num = 5 (custom)
2019-10-08 01:19:43,095 [pool-129-thread-1] INFO  server.RaftServerConfigKeys (ConfUtils.java:logGet(43)) - raft.server.snapshot.auto.trigger.threshold = 10000 (custom)
2019-10-08 01:19:43,095 [pool-179-thread-1] INFO  server.RaftServerConfigKeys (ConfUtils.java:logGet(43)) - raft.server.retrycache.expirytime = 600000ms (custom)
2019-10-08 01:19:43,095 [pool-129-thread-1] INFO  server.RaftServerConfigKeys (ConfUtils.java:logGet(43)) - raft.server.snapshot.retention.file.num = 5 (custom)
2019-10-08 01:19:43,095 [pool-139-thread-1] INFO  impl.RaftServerImpl (RaftServerImpl.java:start(181)) - 9632e278-e61f-453f-86eb-f7ef209c65f6@group-C8C4CB1D2DFD: start as a follower, conf=-1: [8b6c070e-86f6-486d-8b05-42cb3ad39897:192.168.164.245:41180, 7cdf9f46-8911-4734-b4bf-89adcea7d6f9:192.168.164.245:36709, 9632e278-e61f-453f-86eb-f7ef209c65f6:192.168.164.245:45878], old=null
2019-10-08 01:19:43,096 [pool-129-thread-1] INFO  server.RaftServerConfigKeys (ConfUtils.java:logGet(43)) - raft.server.retrycache.expirytime = 600000ms (custom)
2019-10-08 01:19:43,096 [pool-139-thread-1] INFO  impl.RaftServerImpl (RaftServerImpl.java:setRole(170)) - 9632e278-e61f-453f-86eb-f7ef209c65f6@group-C8C4CB1D2DFD: changes role from      null to FOLLOWER at term 0 for startAsFollower
2019-10-08 01:19:43,096 [pool-139-thread-1] INFO  impl.RoleInfo (RoleInfo.java:updateAndGet(143)) - 9632e278-e61f-453f-86eb-f7ef209c65f6: start FollowerState
2019-10-08 01:19:43,097 [pool-139-thread-1] INFO  util.JmxRegister (JmxRegister.java:tryRegister(44)) - Successfully registered JMX Bean with object name Ratis:service=RaftServer,group=group-C8C4CB1D2DFD,id=9632e278-e61f-453f-86eb-f7ef209c65f6
2019-10-08 01:19:43,101 [pool-179-thread-1] INFO  impl.RaftServerImpl (RaftServerImpl.java:start(181)) - 8b6c070e-86f6-486d-8b05-42cb3ad39897@group-C8C4CB1D2DFD: start as a follower, conf=-1: [8b6c070e-86f6-486d-8b05-42cb3ad39897:192.168.164.245:41180, 7cdf9f46-8911-4734-b4bf-89adcea7d6f9:192.168.164.245:36709, 9632e278-e61f-453f-86eb-f7ef209c65f6:192.168.164.245:45878], old=null
2019-10-08 01:19:43,101 [pool-179-thread-1] INFO  impl.RaftServerImpl (RaftServerImpl.java:setRole(170)) - 8b6c070e-86f6-486d-8b05-42cb3ad39897@group-C8C4CB1D2DFD: changes role from      null to FOLLOWER at term 0 for startAsFollower
2019-10-08 01:19:43,101 [pool-179-thread-1] INFO  impl.RoleInfo (RoleInfo.java:updateAndGet(143)) - 8b6c070e-86f6-486d-8b05-42cb3ad39897: start FollowerState
2019-10-08 01:19:43,101 [pool-179-thread-1] INFO  util.JmxRegister (JmxRegister.java:tryRegister(44)) - Successfully registered JMX Bean with object name Ratis:service=RaftServer,group=group-C8C4CB1D2DFD,id=8b6c070e-86f6-486d-8b05-42cb3ad39897
2019-10-08 01:19:43,101 [pool-129-thread-1] INFO  impl.RaftServerImpl (RaftServerImpl.java:start(181)) - 7cdf9f46-8911-4734-b4bf-89adcea7d6f9@group-C8C4CB1D2DFD: start as a follower, conf=-1: [8b6c070e-86f6-486d-8b05-42cb3ad39897:192.168.164.245:41180, 7cdf9f46-8911-4734-b4bf-89adcea7d6f9:192.168.164.245:36709, 9632e278-e61f-453f-86eb-f7ef209c65f6:192.168.164.245:45878], old=null
2019-10-08 01:19:43,102 [pool-129-thread-1] INFO  impl.RaftServerImpl (RaftServerImpl.java:setRole(170)) - 7cdf9f46-8911-4734-b4bf-89adcea7d6f9@group-C8C4CB1D2DFD: changes role from      null to FOLLOWER at term 0 for startAsFollower
2019-10-08 01:19:43,102 [pool-129-thread-1] INFO  impl.RoleInfo (RoleInfo.java:updateAndGet(143)) - 7cdf9f46-8911-4734-b4bf-89adcea7d6f9: start FollowerState
2019-10-08 01:19:43,102 [pool-129-thread-1] INFO  util.JmxRegister (JmxRegister.java:tryRegister(44)) - Successfully registered JMX Bean with object name Ratis:service=RaftServer,group=group-C8C4CB1D2DFD,id=7cdf9f46-8911-4734-b4bf-89adcea7d6f9
2019-10-08 01:19:43,109 [RatisPipelineUtilsThread] INFO  pipeline.PipelineStateManager (PipelineStateManager.java:addPipeline(56)) - Created pipeline Pipeline[ Id: 9974705c-9866-4b19-965e-c8c4cb1d2dfd, Nodes: 7cdf9f46-8911-4734-b4bf-89adcea7d6f9{ip: 192.168.164.245, host: pr-hdds-2217-dx9m9-1464909746, networkLocation: /default-rack, certSerialId: null}8b6c070e-86f6-486d-8b05-42cb3ad39897{ip: 192.168.164.245, host: pr-hdds-2217-dx9m9-1464909746, networkLocation: /default-rack, certSerialId: null}9632e278-e61f-453f-86eb-f7ef209c65f6{ip: 192.168.164.245, host: pr-hdds-2217-dx9m9-1464909746, networkLocation: /default-rack, certSerialId: null}, Type:RATIS, Factor:THREE, State:OPEN]
2019-10-08 01:19:43,123 [grpc-default-executor-4] INFO  impl.RaftServerProxy (RaftServerProxy.java:addNew(89)) - 39a715e3-69f4-478a-8cae-5ee26c4d7592: addNew group-20D9C5572107:[58fd3ccf-3108-4b19-b151-01a2a46777a1:192.168.164.245:41880, 39a715e3-69f4-478a-8cae-5ee26c4d7592:192.168.164.245:37808, f468a72b-db34-4dab-93e9-b316303692ee:192.168.164.245:44024] returns group-20D9C5572107:java.util.concurrent.CompletableFuture@7fd4e2c2[Not completed]
2019-10-08 01:19:43,123 [grpc-default-executor-5] INFO  impl.RaftServerProxy (RaftServerProxy.java:addNew(89)) - f468a72b-db34-4dab-93e9-b316303692ee: addNew group-20D9C5572107:[58fd3ccf-3108-4b19-b151-01a2a46777a1:192.168.164.245:41880, 39a715e3-69f4-478a-8cae-5ee26c4d7592:192.168.164.245:37808, f468a72b-db34-4dab-93e9-b316303692ee:192.168.164.245:44024] returns group-20D9C5572107:java.util.concurrent.CompletableFuture@37839051[Not completed]
2019-10-08 01:19:43,126 [grpc-default-executor-3] INFO  impl.RaftServerProxy (RaftServerProxy.java:addNew(89)) - 58fd3ccf-3108-4b19-b151-01a2a46777a1: addNew group-20D9C5572107:[58fd3ccf-3108-4b19-b151-01a2a46777a1:192.168.164.245:41880, 39a715e3-69f4-478a-8cae-5ee26c4d7592:192.168.164.245:37808, f468a72b-db34-4dab-93e9-b316303692ee:192.168.164.245:44024] returns group-20D9C5572107:java.util.concurrent.CompletableFuture@7ce51e20[Not completed]
2019-10-08 01:19:43,127 [pool-119-thread-1] INFO  impl.RaftServerImpl (RaftServerImpl.java:<init>(95)) - 39a715e3-69f4-478a-8cae-5ee26c4d7592: new RaftServerImpl for group-20D9C5572107:[58fd3ccf-3108-4b19-b151-01a2a46777a1:192.168.164.245:41880, 39a715e3-69f4-478a-8cae-5ee26c4d7592:192.168.164.245:37808, f468a72b-db34-4dab-93e9-b316303692ee:192.168.164.245:44024] with ContainerStateMachine:uninitialized
2019-10-08 01:19:43,128 [pool-119-thread-1] INFO  server.RaftServerConfigKeys (ConfUtils.java:logGet(43)) - raft.server.rpc.timeout.min = 5s (custom)
2019-10-08 01:19:43,128 [pool-119-thread-1] INFO  server.RaftServerConfigKeys (ConfUtils.java:logGet(43)) - raft.server.rpc.timeout.max = 5200ms (custom)
2019-10-08 01:19:43,128 [pool-119-thread-1] INFO  server.RaftServerConfigKeys (ConfUtils.java:logGet(43)) - raft.server.rpcslowness.timeout = 120s (custom)
2019-10-08 01:19:43,128 [pool-119-thread-1] INFO  server.RaftServerConfigKeys (ConfUtils.java:logGet(43)) - raft.server.sleep.deviation.threshold = 300 (default)
2019-10-08 01:19:43,128 [pool-119-thread-1] INFO  server.RaftServerConfigKeys (ConfUtils.java:logGet(43)) - raft.server.log.appender.install.snapshot.enabled = false (custom)
2019-10-08 01:19:43,128 [pool-119-thread-1] INFO  impl.RaftServerImpl (ServerState.java:<init>(103)) - 39a715e3-69f4-478a-8cae-5ee26c4d7592@group-20D9C5572107: ConfigurationManager, init=-1: [58fd3ccf-3108-4b19-b151-01a2a46777a1:192.168.164.245:41880, 39a715e3-69f4-478a-8cae-5ee26c4d7592:192.168.164.245:37808, f468a72b-db34-4dab-93e9-b316303692ee:192.168.164.245:44024], old=null, confs=<EMPTY_MAP>
2019-10-08 01:19:43,129 [pool-119-thread-1] INFO  server.RaftServerConfigKeys (ConfUtils.java:logGet(43)) - raft.server.storage.dir = [/workdir/hadoop-ozone/integration-test/target/test-dir/MiniOzoneClusterImpl-34025f89-607b-4463-91d2-320d90cd8ada/datanode-0/data/ratis] (custom)
2019-10-08 01:19:43,129 [pool-119-thread-1] INFO  server.RaftServerConfigKeys (ConfUtils.java:logGet(43)) - raft.server.log.corruption.policy = EXCEPTION (default)
2019-10-08 01:19:43,129 [pool-169-thread-1] INFO  impl.RaftServerImpl (RaftServerImpl.java:<init>(95)) - 58fd3ccf-3108-4b19-b151-01a2a46777a1: new RaftServerImpl for group-20D9C5572107:[58fd3ccf-3108-4b19-b151-01a2a46777a1:192.168.164.245:41880, 39a715e3-69f4-478a-8cae-5ee26c4d7592:192.168.164.245:37808, f468a72b-db34-4dab-93e9-b316303692ee:192.168.164.245:44024] with ContainerStateMachine:uninitialized
2019-10-08 01:19:43,129 [pool-119-thread-1] INFO  storage.RaftStorageDirectory (RaftStorageDirectory.java:analyzeStorage(246)) - The storage directory /workdir/hadoop-ozone/integration-test/target/test-dir/MiniOzoneClusterImpl-34025f89-607b-4463-91d2-320d90cd8ada/datanode-0/data/ratis/acc25010-add7-4f49-a892-20d9c5572107 does not exist. Creating ...
2019-10-08 01:19:43,129 [pool-169-thread-1] INFO  server.RaftServerConfigKeys (ConfUtils.java:logGet(43)) - raft.server.rpc.timeout.min = 5s (custom)
2019-10-08 01:19:43,130 [pool-169-thread-1] INFO  server.RaftServerConfigKeys (ConfUtils.java:logGet(43)) - raft.server.rpc.timeout.max = 5200ms (custom)
2019-10-08 01:19:43,130 [pool-169-thread-1] INFO  server.RaftServerConfigKeys (ConfUtils.java:logGet(43)) - raft.server.rpcslowness.timeout = 120s (custom)
2019-10-08 01:19:43,130 [pool-169-thread-1] INFO  server.RaftServerConfigKeys (ConfUtils.java:logGet(43)) - raft.server.sleep.deviation.threshold = 300 (default)
2019-10-08 01:19:43,130 [pool-169-thread-1] INFO  server.RaftServerConfigKeys (ConfUtils.java:logGet(43)) - raft.server.log.appender.install.snapshot.enabled = false (custom)
2019-10-08 01:19:43,130 [pool-159-thread-1] INFO  impl.RaftServerImpl (RaftServerImpl.java:<init>(95)) - f468a72b-db34-4dab-93e9-b316303692ee: new RaftServerImpl for group-20D9C5572107:[58fd3ccf-3108-4b19-b151-01a2a46777a1:192.168.164.245:41880, 39a715e3-69f4-478a-8cae-5ee26c4d7592:192.168.164.245:37808, f468a72b-db34-4dab-93e9-b316303692ee:192.168.164.245:44024] with ContainerStateMachine:uninitialized
2019-10-08 01:19:43,130 [pool-169-thread-1] INFO  impl.RaftServerImpl (ServerState.java:<init>(103)) - 58fd3ccf-3108-4b19-b151-01a2a46777a1@group-20D9C5572107: ConfigurationManager, init=-1: [58fd3ccf-3108-4b19-b151-01a2a46777a1:192.168.164.245:41880, 39a715e3-69f4-478a-8cae-5ee26c4d7592:192.168.164.245:37808, f468a72b-db34-4dab-93e9-b316303692ee:192.168.164.245:44024], old=null, confs=<EMPTY_MAP>
2019-10-08 01:19:43,130 [pool-159-thread-1] INFO  server.RaftServerConfigKeys (ConfUtils.java:logGet(43)) - raft.server.rpc.timeout.min = 5s (custom)
2019-10-08 01:19:43,131 [pool-169-thread-1] INFO  server.RaftServerConfigKeys (ConfUtils.java:logGet(43)) - raft.server.storage.dir = [/workdir/hadoop-ozone/integration-test/target/test-dir/MiniOzoneClusterImpl-34025f89-607b-4463-91d2-320d90cd8ada/datanode-5/data/ratis] (custom)
2019-10-08 01:19:43,131 [pool-159-thread-1] INFO  server.RaftServerConfigKeys (ConfUtils.java:logGet(43)) - raft.server.rpc.timeout.max = 5200ms (custom)
2019-10-08 01:19:43,131 [pool-159-thread-1] INFO  server.RaftServerConfigKeys (ConfUtils.java:logGet(43)) - raft.server.rpcslowness.timeout = 120s (custom)
2019-10-08 01:19:43,131 [pool-169-thread-1] INFO  server.RaftServerConfigKeys (ConfUtils.java:logGet(43)) - raft.server.log.corruption.policy = EXCEPTION (default)
2019-10-08 01:19:43,131 [pool-159-thread-1] INFO  server.RaftServerConfigKeys (ConfUtils.java:logGet(43)) - raft.server.sleep.deviation.threshold = 300 (default)
2019-10-08 01:19:43,132 [pool-159-thread-1] INFO  server.RaftServerConfigKeys (ConfUtils.java:logGet(43)) - raft.server.log.appender.install.snapshot.enabled = false (custom)
2019-10-08 01:19:43,132 [pool-169-thread-1] INFO  storage.RaftStorageDirectory (RaftStorageDirectory.java:analyzeStorage(246)) - The storage directory /workdir/hadoop-ozone/integration-test/target/test-dir/MiniOzoneClusterImpl-34025f89-607b-4463-91d2-320d90cd8ada/datanode-5/data/ratis/acc25010-add7-4f49-a892-20d9c5572107 does not exist. Creating ...
2019-10-08 01:19:43,132 [pool-159-thread-1] INFO  impl.RaftServerImpl (ServerState.java:<init>(103)) - f468a72b-db34-4dab-93e9-b316303692ee@group-20D9C5572107: ConfigurationManager, init=-1: [58fd3ccf-3108-4b19-b151-01a2a46777a1:192.168.164.245:41880, 39a715e3-69f4-478a-8cae-5ee26c4d7592:192.168.164.245:37808, f468a72b-db34-4dab-93e9-b316303692ee:192.168.164.245:44024], old=null, confs=<EMPTY_MAP>
2019-10-08 01:19:43,132 [pool-159-thread-1] INFO  server.RaftServerConfigKeys (ConfUtils.java:logGet(43)) - raft.server.storage.dir = [/workdir/hadoop-ozone/integration-test/target/test-dir/MiniOzoneClusterImpl-34025f89-607b-4463-91d2-320d90cd8ada/datanode-4/data/ratis] (custom)
2019-10-08 01:19:43,133 [pool-159-thread-1] INFO  server.RaftServerConfigKeys (ConfUtils.java:logGet(43)) - raft.server.log.corruption.policy = EXCEPTION (default)
2019-10-08 01:19:43,133 [pool-159-thread-1] INFO  storage.RaftStorageDirectory (RaftStorageDirectory.java:analyzeStorage(246)) - The storage directory /workdir/hadoop-ozone/integration-test/target/test-dir/MiniOzoneClusterImpl-34025f89-607b-4463-91d2-320d90cd8ada/datanode-4/data/ratis/acc25010-add7-4f49-a892-20d9c5572107 does not exist. Creating ...
2019-10-08 01:19:43,142 [pool-119-thread-1] INFO  storage.RaftStorageDirectory (RaftStorageDirectory.java:tryLock(328)) - Lock on /workdir/hadoop-ozone/integration-test/target/test-dir/MiniOzoneClusterImpl-34025f89-607b-4463-91d2-320d90cd8ada/datanode-0/data/ratis/acc25010-add7-4f49-a892-20d9c5572107/in_use.lock acquired by nodename 8558@pr-hdds-2217-dx9m9-1464909746
2019-10-08 01:19:43,142 [pool-169-thread-1] INFO  storage.RaftStorageDirectory (RaftStorageDirectory.java:tryLock(328)) - Lock on /workdir/hadoop-ozone/integration-test/target/test-dir/MiniOzoneClusterImpl-34025f89-607b-4463-91d2-320d90cd8ada/datanode-5/data/ratis/acc25010-add7-4f49-a892-20d9c5572107/in_use.lock acquired by nodename 8558@pr-hdds-2217-dx9m9-1464909746
2019-10-08 01:19:43,142 [pool-159-thread-1] INFO  storage.RaftStorageDirectory (RaftStorageDirectory.java:tryLock(328)) - Lock on /workdir/hadoop-ozone/integration-test/target/test-dir/MiniOzoneClusterImpl-34025f89-607b-4463-91d2-320d90cd8ada/datanode-4/data/ratis/acc25010-add7-4f49-a892-20d9c5572107/in_use.lock acquired by nodename 8558@pr-hdds-2217-dx9m9-1464909746
2019-10-08 01:19:43,156 [pool-119-thread-1] INFO  storage.RaftStorage (RaftStorage.java:format(84)) - Storage directory /workdir/hadoop-ozone/integration-test/target/test-dir/MiniOzoneClusterImpl-34025f89-607b-4463-91d2-320d90cd8ada/datanode-0/data/ratis/acc25010-add7-4f49-a892-20d9c5572107 has been successfully formatted.
2019-10-08 01:19:43,156 [pool-169-thread-1] INFO  storage.RaftStorage (RaftStorage.java:format(84)) - Storage directory /workdir/hadoop-ozone/integration-test/target/test-dir/MiniOzoneClusterImpl-34025f89-607b-4463-91d2-320d90cd8ada/datanode-5/data/ratis/acc25010-add7-4f49-a892-20d9c5572107 has been successfully formatted.
2019-10-08 01:19:43,156 [pool-159-thread-1] INFO  storage.RaftStorage (RaftStorage.java:format(84)) - Storage directory /workdir/hadoop-ozone/integration-test/target/test-dir/MiniOzoneClusterImpl-34025f89-607b-4463-91d2-320d90cd8ada/datanode-4/data/ratis/acc25010-add7-4f49-a892-20d9c5572107 has been successfully formatted.
2019-10-08 01:19:43,156 [pool-119-thread-1] INFO  ratis.ContainerStateMachine (ContainerStateMachine.java:loadSnapshot(231)) - group-20D9C5572107: The snapshot info is null. Setting the last applied indexto:(t:0, i:~)
2019-10-08 01:19:43,157 [pool-159-thread-1] INFO  ratis.ContainerStateMachine (ContainerStateMachine.java:loadSnapshot(231)) - group-20D9C5572107: The snapshot info is null. Setting the last applied indexto:(t:0, i:~)
2019-10-08 01:19:43,157 [pool-169-thread-1] INFO  ratis.ContainerStateMachine (ContainerStateMachine.java:loadSnapshot(231)) - group-20D9C5572107: The snapshot info is null. Setting the last applied indexto:(t:0, i:~)
2019-10-08 01:19:43,157 [pool-159-thread-1] INFO  server.RaftServerConfigKeys (ConfUtils.java:logGet(43)) - raft.server.notification.no-leader.timeout = 120s (custom)
2019-10-08 01:19:43,157 [pool-119-thread-1] INFO  server.RaftServerConfigKeys (ConfUtils.java:logGet(43)) - raft.server.notification.no-leader.timeout = 120s (custom)
2019-10-08 01:19:43,157 [pool-159-thread-1] INFO  server.RaftServerConfigKeys (ConfUtils.java:logGet(43)) - raft.server.log.use.memory = false (default)
2019-10-08 01:19:43,157 [pool-169-thread-1] INFO  server.RaftServerConfigKeys (ConfUtils.java:logGet(43)) - raft.server.notification.no-leader.timeout = 120s (custom)
2019-10-08 01:19:43,158 [pool-159-thread-1] INFO  server.RaftServerConfigKeys (ConfUtils.java:logGet(43)) - raft.server.log.purge.gap = 1000000 (custom)
2019-10-08 01:19:43,157 [pool-119-thread-1] INFO  server.RaftServerConfigKeys (ConfUtils.java:logGet(43)) - raft.server.log.use.memory = false (default)
2019-10-08 01:19:43,158 [pool-159-thread-1] INFO  server.RaftServerConfigKeys (ConfUtils.java:logGet(43)) - raft.server.log.appender.buffer.byte-limit = 33554432 (custom)
2019-10-08 01:19:43,158 [pool-169-thread-1] INFO  server.RaftServerConfigKeys (ConfUtils.java:logGet(43)) - raft.server.log.use.memory = false (default)
2019-10-08 01:19:43,158 [pool-159-thread-1] INFO  server.RaftServerConfigKeys (ConfUtils.java:logGet(43)) - raft.server.log.segment.size.max = 1048576 (custom)
2019-10-08 01:19:43,158 [pool-119-thread-1] INFO  server.RaftServerConfigKeys (ConfUtils.java:logGet(43)) - raft.server.log.purge.gap = 1000000 (custom)
2019-10-08 01:19:43,158 [pool-159-thread-1] INFO  server.RaftServerConfigKeys (ConfUtils.java:logGet(43)) - raft.server.log.segment.cache.num.max = 2 (custom)
2019-10-08 01:19:43,158 [pool-169-thread-1] INFO  server.RaftServerConfigKeys (ConfUtils.java:logGet(43)) - raft.server.log.purge.gap = 1000000 (custom)
2019-10-08 01:19:43,159 [pool-159-thread-1] INFO  segmented.SegmentedRaftLogWorker (SegmentedRaftLogWorker.java:<init>(173)) - new f468a72b-db34-4dab-93e9-b316303692ee@group-20D9C5572107-SegmentedRaftLogWorker for RaftStorage:Storage Directory /workdir/hadoop-ozone/integration-test/target/test-dir/MiniOzoneClusterImpl-34025f89-607b-4463-91d2-320d90cd8ada/datanode-4/data/ratis/acc25010-add7-4f49-a892-20d9c5572107
2019-10-08 01:19:43,159 [pool-119-thread-1] INFO  server.RaftServerConfigKeys (ConfUtils.java:logGet(43)) - raft.server.log.appender.buffer.byte-limit = 33554432 (custom)
2019-10-08 01:19:43,159 [pool-159-thread-1] INFO  server.RaftServerConfigKeys (ConfUtils.java:logGet(43)) - raft.server.log.queue.byte-limit = 2147483647 (custom)
2019-10-08 01:19:43,159 [pool-169-thread-1] INFO  server.RaftServerConfigKeys (ConfUtils.java:logGet(43)) - raft.server.log.appender.buffer.byte-limit = 33554432 (custom)
2019-10-08 01:19:43,159 [pool-159-thread-1] INFO  server.RaftServerConfigKeys (ConfUtils.java:logGet(43)) - raft.server.log.queue.element-limit = 1024 (custom)
2019-10-08 01:19:43,159 [pool-119-thread-1] INFO  server.RaftServerConfigKeys (ConfUtils.java:logGet(43)) - raft.server.log.segment.size.max = 1048576 (custom)
2019-10-08 01:19:43,160 [pool-159-thread-1] INFO  server.RaftServerConfigKeys (ConfUtils.java:logGet(43)) - raft.server.log.segment.size.max = 1048576 (custom)
2019-10-08 01:19:43,160 [pool-169-thread-1] INFO  server.RaftServerConfigKeys (ConfUtils.java:logGet(43)) - raft.server.log.segment.size.max = 1048576 (custom)
2019-10-08 01:19:43,160 [pool-159-thread-1] INFO  server.RaftServerConfigKeys (ConfUtils.java:logGet(43)) - raft.server.log.preallocated.size = 16384 (custom)
2019-10-08 01:19:43,160 [pool-119-thread-1] INFO  server.RaftServerConfigKeys (ConfUtils.java:logGet(43)) - raft.server.log.segment.cache.num.max = 2 (custom)
2019-10-08 01:19:43,160 [pool-159-thread-1] INFO  server.RaftServerConfigKeys (ConfUtils.java:logGet(43)) - raft.server.log.write.buffer.size = 33554432 (custom)
2019-10-08 01:19:43,160 [pool-169-thread-1] INFO  server.RaftServerConfigKeys (ConfUtils.java:logGet(43)) - raft.server.log.segment.cache.num.max = 2 (custom)
2019-10-08 01:19:43,161 [pool-159-thread-1] INFO  server.RaftServerConfigKeys (ConfUtils.java:logGet(43)) - raft.server.log.force.sync.num = 128 (default)
2019-10-08 01:19:43,161 [pool-119-thread-1] INFO  segmented.SegmentedRaftLogWorker (SegmentedRaftLogWorker.java:<init>(173)) - new 39a715e3-69f4-478a-8cae-5ee26c4d7592@group-20D9C5572107-SegmentedRaftLogWorker for RaftStorage:Storage Directory /workdir/hadoop-ozone/integration-test/target/test-dir/MiniOzoneClusterImpl-34025f89-607b-4463-91d2-320d90cd8ada/datanode-0/data/ratis/acc25010-add7-4f49-a892-20d9c5572107
2019-10-08 01:19:43,161 [pool-159-thread-1] INFO  server.RaftServerConfigKeys (ConfUtils.java:logGet(43)) - raft.server.log.statemachine.data.sync = true (default)
2019-10-08 01:19:43,161 [pool-169-thread-1] INFO  segmented.SegmentedRaftLogWorker (SegmentedRaftLogWorker.java:<init>(173)) - new 58fd3ccf-3108-4b19-b151-01a2a46777a1@group-20D9C5572107-SegmentedRaftLogWorker for RaftStorage:Storage Directory /workdir/hadoop-ozone/integration-test/target/test-dir/MiniOzoneClusterImpl-34025f89-607b-4463-91d2-320d90cd8ada/datanode-5/data/ratis/acc25010-add7-4f49-a892-20d9c5572107
2019-10-08 01:19:43,162 [pool-159-thread-1] INFO  server.RaftServerConfigKeys (ConfUtils.java:logGet(43)) - raft.server.log.statemachine.data.sync.timeout = 10s (default)
2019-10-08 01:19:43,161 [pool-119-thread-1] INFO  server.RaftServerConfigKeys (ConfUtils.java:logGet(43)) - raft.server.log.queue.byte-limit = 2147483647 (custom)
2019-10-08 01:19:43,162 [pool-159-thread-1] INFO  server.RaftServerConfigKeys (ConfUtils.java:logGet(43)) - raft.server.log.statemachine.data.sync.timeout.retry = -1 (default)
2019-10-08 01:19:43,162 [pool-169-thread-1] INFO  server.RaftServerConfigKeys (ConfUtils.java:logGet(43)) - raft.server.log.queue.byte-limit = 2147483647 (custom)
2019-10-08 01:19:43,162 [pool-159-thread-1] INFO  server.RaftServerConfigKeys (ConfUtils.java:logGet(43)) - raft.server.log.statemachine.data.caching.enabled = true (custom)
2019-10-08 01:19:43,162 [pool-119-thread-1] INFO  server.RaftServerConfigKeys (ConfUtils.java:logGet(43)) - raft.server.log.queue.element-limit = 1024 (custom)
2019-10-08 01:19:43,163 [pool-169-thread-1] INFO  server.RaftServerConfigKeys (ConfUtils.java:logGet(43)) - raft.server.log.queue.element-limit = 1024 (custom)
2019-10-08 01:19:43,163 [pool-159-thread-1] INFO  segmented.SegmentedRaftLogWorker (SegmentedRaftLogWorker.java:lambda$new$0(128)) - f468a72b-db34-4dab-93e9-b316303692ee@group-20D9C5572107-SegmentedRaftLogWorker: flushIndex: setUnconditionally 0 -> -1
2019-10-08 01:19:43,163 [pool-119-thread-1] INFO  server.RaftServerConfigKeys (ConfUtils.java:logGet(43)) - raft.server.log.segment.size.max = 1048576 (custom)
2019-10-08 01:19:43,163 [pool-169-thread-1] INFO  server.RaftServerConfigKeys (ConfUtils.java:logGet(43)) - raft.server.log.segment.size.max = 1048576 (custom)
2019-10-08 01:19:43,163 [pool-159-thread-1] INFO  server.RaftServerConfigKeys (ConfUtils.java:logGet(43)) - raft.server.snapshot.auto.trigger.enabled = true (custom)
2019-10-08 01:19:43,163 [pool-119-thread-1] INFO  server.RaftServerConfigKeys (ConfUtils.java:logGet(43)) - raft.server.log.preallocated.size = 16384 (custom)
2019-10-08 01:19:43,164 [pool-159-thread-1] INFO  server.RaftServerConfigKeys (ConfUtils.java:logGet(43)) - raft.server.snapshot.auto.trigger.threshold = 10000 (custom)
2019-10-08 01:19:43,164 [pool-169-thread-1] INFO  server.RaftServerConfigKeys (ConfUtils.java:logGet(43)) - raft.server.log.preallocated.size = 16384 (custom)
2019-10-08 01:19:43,164 [pool-159-thread-1] INFO  server.RaftServerConfigKeys (ConfUtils.java:logGet(43)) - raft.server.snapshot.retention.file.num = 5 (custom)
2019-10-08 01:19:43,164 [pool-119-thread-1] INFO  server.RaftServerConfigKeys (ConfUtils.java:logGet(43)) - raft.server.log.write.buffer.size = 33554432 (custom)
2019-10-08 01:19:43,164 [pool-159-thread-1] INFO  server.RaftServerConfigKeys (ConfUtils.java:logGet(43)) - raft.server.retrycache.expirytime = 600000ms (custom)
2019-10-08 01:19:43,164 [pool-169-thread-1] INFO  server.RaftServerConfigKeys (ConfUtils.java:logGet(43)) - raft.server.log.write.buffer.size = 33554432 (custom)
2019-10-08 01:19:43,165 [pool-119-thread-1] INFO  server.RaftServerConfigKeys (ConfUtils.java:logGet(43)) - raft.server.log.force.sync.num = 128 (default)
2019-10-08 01:19:43,165 [pool-169-thread-1] INFO  server.RaftServerConfigKeys (ConfUtils.java:logGet(43)) - raft.server.log.force.sync.num = 128 (default)
2019-10-08 01:19:43,165 [pool-119-thread-1] INFO  server.RaftServerConfigKeys (ConfUtils.java:logGet(43)) - raft.server.log.statemachine.data.sync = true (default)
2019-10-08 01:19:43,165 [pool-169-thread-1] INFO  server.RaftServerConfigKeys (ConfUtils.java:logGet(43)) - raft.server.log.statemachine.data.sync = true (default)
2019-10-08 01:19:43,165 [pool-119-thread-1] INFO  server.RaftServerConfigKeys (ConfUtils.java:logGet(43)) - raft.server.log.statemachine.data.sync.timeout = 10s (default)
2019-10-08 01:19:43,166 [pool-169-thread-1] INFO  server.RaftServerConfigKeys (ConfUtils.java:logGet(43)) - raft.server.log.statemachine.data.sync.timeout = 10s (default)
2019-10-08 01:19:43,166 [pool-119-thread-1] INFO  server.RaftServerConfigKeys (ConfUtils.java:logGet(43)) - raft.server.log.statemachine.data.sync.timeout.retry = -1 (default)
2019-10-08 01:19:43,166 [pool-169-thread-1] INFO  server.RaftServerConfigKeys (ConfUtils.java:logGet(43)) - raft.server.log.statemachine.data.sync.timeout.retry = -1 (default)
2019-10-08 01:19:43,166 [pool-119-thread-1] INFO  server.RaftServerConfigKeys (ConfUtils.java:logGet(43)) - raft.server.log.statemachine.data.caching.enabled = true (custom)
2019-10-08 01:19:43,166 [pool-169-thread-1] INFO  server.RaftServerConfigKeys (ConfUtils.java:logGet(43)) - raft.server.log.statemachine.data.caching.enabled = true (custom)
2019-10-08 01:19:43,167 [pool-119-thread-1] INFO  segmented.SegmentedRaftLogWorker (SegmentedRaftLogWorker.java:lambda$new$0(128)) - 39a715e3-69f4-478a-8cae-5ee26c4d7592@group-20D9C5572107-SegmentedRaftLogWorker: flushIndex: setUnconditionally 0 -> -1
2019-10-08 01:19:43,167 [pool-169-thread-1] INFO  segmented.SegmentedRaftLogWorker (SegmentedRaftLogWorker.java:lambda$new$0(128)) - 58fd3ccf-3108-4b19-b151-01a2a46777a1@group-20D9C5572107-SegmentedRaftLogWorker: flushIndex: setUnconditionally 0 -> -1
2019-10-08 01:19:43,167 [pool-119-thread-1] INFO  server.RaftServerConfigKeys (ConfUtils.java:logGet(43)) - raft.server.snapshot.auto.trigger.enabled = true (custom)
2019-10-08 01:19:43,167 [pool-119-thread-1] INFO  server.RaftServerConfigKeys (ConfUtils.java:logGet(43)) - raft.server.snapshot.auto.trigger.threshold = 10000 (custom)
2019-10-08 01:19:43,167 [pool-169-thread-1] INFO  server.RaftServerConfigKeys (ConfUtils.java:logGet(43)) - raft.server.snapshot.auto.trigger.enabled = true (custom)
2019-10-08 01:19:43,167 [pool-119-thread-1] INFO  server.RaftServerConfigKeys (ConfUtils.java:logGet(43)) - raft.server.snapshot.retention.file.num = 5 (custom)
2019-10-08 01:19:43,168 [pool-169-thread-1] INFO  server.RaftServerConfigKeys (ConfUtils.java:logGet(43)) - raft.server.snapshot.auto.trigger.threshold = 10000 (custom)
2019-10-08 01:19:43,168 [pool-119-thread-1] INFO  server.RaftServerConfigKeys (ConfUtils.java:logGet(43)) - raft.server.retrycache.expirytime = 600000ms (custom)
2019-10-08 01:19:43,168 [pool-159-thread-1] INFO  impl.RaftServerImpl (RaftServerImpl.java:start(181)) - f468a72b-db34-4dab-93e9-b316303692ee@group-20D9C5572107: start as a follower, conf=-1: [58fd3ccf-3108-4b19-b151-01a2a46777a1:192.168.164.245:41880, 39a715e3-69f4-478a-8cae-5ee26c4d7592:192.168.164.245:37808, f468a72b-db34-4dab-93e9-b316303692ee:192.168.164.245:44024], old=null
2019-10-08 01:19:43,168 [pool-169-thread-1] INFO  server.RaftServerConfigKeys (ConfUtils.java:logGet(43)) - raft.server.snapshot.retention.file.num = 5 (custom)
2019-10-08 01:19:43,168 [pool-159-thread-1] INFO  impl.RaftServerImpl (RaftServerImpl.java:setRole(170)) - f468a72b-db34-4dab-93e9-b316303692ee@group-20D9C5572107: changes role from      null to FOLLOWER at term 0 for startAsFollower
2019-10-08 01:19:43,169 [pool-169-thread-1] INFO  server.RaftServerConfigKeys (ConfUtils.java:logGet(43)) - raft.server.retrycache.expirytime = 600000ms (custom)
2019-10-08 01:19:43,169 [pool-159-thread-1] INFO  impl.RoleInfo (RoleInfo.java:updateAndGet(143)) - f468a72b-db34-4dab-93e9-b316303692ee: start FollowerState
2019-10-08 01:19:43,169 [pool-159-thread-1] INFO  util.JmxRegister (JmxRegister.java:tryRegister(44)) - Successfully registered JMX Bean with object name Ratis:service=RaftServer,group=group-20D9C5572107,id=f468a72b-db34-4dab-93e9-b316303692ee
2019-10-08 01:19:43,171 [pool-119-thread-1] INFO  impl.RaftServerImpl (RaftServerImpl.java:start(181)) - 39a715e3-69f4-478a-8cae-5ee26c4d7592@group-20D9C5572107: start as a follower, conf=-1: [58fd3ccf-3108-4b19-b151-01a2a46777a1:192.168.164.245:41880, 39a715e3-69f4-478a-8cae-5ee26c4d7592:192.168.164.245:37808, f468a72b-db34-4dab-93e9-b316303692ee:192.168.164.245:44024], old=null
2019-10-08 01:19:43,171 [pool-119-thread-1] INFO  impl.RaftServerImpl (RaftServerImpl.java:setRole(170)) - 39a715e3-69f4-478a-8cae-5ee26c4d7592@group-20D9C5572107: changes role from      null to FOLLOWER at term 0 for startAsFollower
2019-10-08 01:19:43,171 [pool-119-thread-1] INFO  impl.RoleInfo (RoleInfo.java:updateAndGet(143)) - 39a715e3-69f4-478a-8cae-5ee26c4d7592: start FollowerState
2019-10-08 01:19:43,172 [pool-119-thread-1] INFO  util.JmxRegister (JmxRegister.java:tryRegister(44)) - Successfully registered JMX Bean with object name Ratis:service=RaftServer,group=group-20D9C5572107,id=39a715e3-69f4-478a-8cae-5ee26c4d7592
2019-10-08 01:19:43,174 [pool-169-thread-1] INFO  impl.RaftServerImpl (RaftServerImpl.java:start(181)) - 58fd3ccf-3108-4b19-b151-01a2a46777a1@group-20D9C5572107: start as a follower, conf=-1: [58fd3ccf-3108-4b19-b151-01a2a46777a1:192.168.164.245:41880, 39a715e3-69f4-478a-8cae-5ee26c4d7592:192.168.164.245:37808, f468a72b-db34-4dab-93e9-b316303692ee:192.168.164.245:44024], old=null
2019-10-08 01:19:43,174 [pool-169-thread-1] INFO  impl.RaftServerImpl (RaftServerImpl.java:setRole(170)) - 58fd3ccf-3108-4b19-b151-01a2a46777a1@group-20D9C5572107: changes role from      null to FOLLOWER at term 0 for startAsFollower
2019-10-08 01:19:43,175 [pool-169-thread-1] INFO  impl.RoleInfo (RoleInfo.java:updateAndGet(143)) - 58fd3ccf-3108-4b19-b151-01a2a46777a1: start FollowerState
2019-10-08 01:19:43,175 [pool-169-thread-1] INFO  util.JmxRegister (JmxRegister.java:tryRegister(44)) - Successfully registered JMX Bean with object name Ratis:service=RaftServer,group=group-20D9C5572107,id=58fd3ccf-3108-4b19-b151-01a2a46777a1
2019-10-08 01:19:43,182 [RatisPipelineUtilsThread] INFO  pipeline.PipelineStateManager (PipelineStateManager.java:addPipeline(56)) - Created pipeline Pipeline[ Id: acc25010-add7-4f49-a892-20d9c5572107, Nodes: 58fd3ccf-3108-4b19-b151-01a2a46777a1{ip: 192.168.164.245, host: pr-hdds-2217-dx9m9-1464909746, networkLocation: /default-rack, certSerialId: null}39a715e3-69f4-478a-8cae-5ee26c4d7592{ip: 192.168.164.245, host: pr-hdds-2217-dx9m9-1464909746, networkLocation: /default-rack, certSerialId: null}f468a72b-db34-4dab-93e9-b316303692ee{ip: 192.168.164.245, host: pr-hdds-2217-dx9m9-1464909746, networkLocation: /default-rack, certSerialId: null}, Type:RATIS, Factor:THREE, State:OPEN]
2019-10-08 01:19:43,739 [main] INFO  ozone.MiniOzoneClusterImpl (MiniOzoneClusterImpl.java:lambda$waitForClusterToBeReady$0(147)) - Cluster is ready. Got 7 of 7 DN Heartbeats.
2019-10-08 01:19:43,778 [main] INFO  rpc.RpcClient (RpcClient.java:createVolume(277)) - Creating Volume: testblockoutputstreamwithretries, with jenkins1000 as owner.
2019-10-08 01:19:43,782 [IPC Server handler 2 on 44569] INFO  volume.OMVolumeCreateRequest (OMVolumeCreateRequest.java:validateAndUpdateCache(193)) - created volume:testblockoutputstreamwithretries for user:jenkins1000
2019-10-08 01:19:43,806 [main] INFO  rpc.RpcClient (RpcClient.java:createBucket(416)) - Creating Bucket: testblockoutputstreamwithretries/testblockoutputstreamwithretries, with Versioning false and Storage Type set to DISK and Encryption set to false 
2019-10-08 01:19:45,301 [Thread-692] INFO  container.ReplicationManager (ReplicationManager.java:start(162)) - Starting Replication Monitor Thread.
2019-10-08 01:19:45,305 [ReplicationMonitor] INFO  container.ReplicationManager (ReplicationManager.java:run(225)) - Replication Monitor Thread took 0 milliseconds for processing 3 containers.
2019-10-08 01:19:47,515 [Thread-694] INFO  impl.FollowerState (FollowerState.java:run(108)) - 39a715e3-69f4-478a-8cae-5ee26c4d7592@group-0DDD6171D4FC-FollowerState: change to CANDIDATE, lastRpcTime:5156ms, electionTimeout:5156ms
2019-10-08 01:19:47,515 [Thread-694] INFO  impl.RoleInfo (RoleInfo.java:shutdownFollowerState(121)) - 39a715e3-69f4-478a-8cae-5ee26c4d7592: shutdown FollowerState
2019-10-08 01:19:47,515 [Thread-694] INFO  impl.RaftServerImpl (RaftServerImpl.java:setRole(170)) - 39a715e3-69f4-478a-8cae-5ee26c4d7592@group-0DDD6171D4FC: changes role from  FOLLOWER to CANDIDATE at term 0 for changeToCandidate
2019-10-08 01:19:47,515 [Thread-694] INFO  impl.RoleInfo (RoleInfo.java:updateAndGet(143)) - 39a715e3-69f4-478a-8cae-5ee26c4d7592: start LeaderElection
2019-10-08 01:19:47,525 [Thread-697] INFO  impl.FollowerState (FollowerState.java:run(108)) - 7cdf9f46-8911-4734-b4bf-89adcea7d6f9@group-676D0EB58207-FollowerState: change to CANDIDATE, lastRpcTime:5101ms, electionTimeout:5101ms
2019-10-08 01:19:47,547 [Thread-697] INFO  impl.RoleInfo (RoleInfo.java:shutdownFollowerState(121)) - 7cdf9f46-8911-4734-b4bf-89adcea7d6f9: shutdown FollowerState
2019-10-08 01:19:47,547 [Thread-697] INFO  impl.RaftServerImpl (RaftServerImpl.java:setRole(170)) - 7cdf9f46-8911-4734-b4bf-89adcea7d6f9@group-676D0EB58207: changes role from  FOLLOWER to CANDIDATE at term 0 for changeToCandidate
2019-10-08 01:19:47,547 [Thread-697] INFO  impl.RoleInfo (RoleInfo.java:updateAndGet(143)) - 7cdf9f46-8911-4734-b4bf-89adcea7d6f9: start LeaderElection
2019-10-08 01:19:47,561 [39a715e3-69f4-478a-8cae-5ee26c4d7592@group-0DDD6171D4FC-LeaderElection14] INFO  impl.LeaderElection (LeaderElection.java:askForVotes(178)) - 39a715e3-69f4-478a-8cae-5ee26c4d7592@group-0DDD6171D4FC-LeaderElection14: begin an election at term 1 for -1: [39a715e3-69f4-478a-8cae-5ee26c4d7592:192.168.164.245:37808], old=null
2019-10-08 01:19:47,561 [7cdf9f46-8911-4734-b4bf-89adcea7d6f9@group-676D0EB58207-LeaderElection15] INFO  impl.LeaderElection (LeaderElection.java:askForVotes(178)) - 7cdf9f46-8911-4734-b4bf-89adcea7d6f9@group-676D0EB58207-LeaderElection15: begin an election at term 1 for -1: [7cdf9f46-8911-4734-b4bf-89adcea7d6f9:192.168.164.245:36709], old=null
2019-10-08 01:19:47,561 [39a715e3-69f4-478a-8cae-5ee26c4d7592@group-0DDD6171D4FC-LeaderElection14] INFO  impl.RoleInfo (RoleInfo.java:shutdownLeaderElection(134)) - 39a715e3-69f4-478a-8cae-5ee26c4d7592: shutdown LeaderElection
2019-10-08 01:19:47,561 [7cdf9f46-8911-4734-b4bf-89adcea7d6f9@group-676D0EB58207-LeaderElection15] INFO  impl.RoleInfo (RoleInfo.java:shutdownLeaderElection(134)) - 7cdf9f46-8911-4734-b4bf-89adcea7d6f9: shutdown LeaderElection
2019-10-08 01:19:47,562 [39a715e3-69f4-478a-8cae-5ee26c4d7592@group-0DDD6171D4FC-LeaderElection14] INFO  impl.RaftServerImpl (RaftServerImpl.java:setRole(170)) - 39a715e3-69f4-478a-8cae-5ee26c4d7592@group-0DDD6171D4FC: changes role from CANDIDATE to LEADER at term 1 for changeToLeader
2019-10-08 01:19:47,562 [7cdf9f46-8911-4734-b4bf-89adcea7d6f9@group-676D0EB58207-LeaderElection15] INFO  impl.RaftServerImpl (RaftServerImpl.java:setRole(170)) - 7cdf9f46-8911-4734-b4bf-89adcea7d6f9@group-676D0EB58207: changes role from CANDIDATE to LEADER at term 1 for changeToLeader
2019-10-08 01:19:47,562 [39a715e3-69f4-478a-8cae-5ee26c4d7592@group-0DDD6171D4FC-LeaderElection14] INFO  impl.RaftServerImpl (ServerState.java:setLeader(255)) - 39a715e3-69f4-478a-8cae-5ee26c4d7592@group-0DDD6171D4FC: change Leader from null to 39a715e3-69f4-478a-8cae-5ee26c4d7592 at term 1 for becomeLeader, leader elected after 5214ms
2019-10-08 01:19:47,562 [7cdf9f46-8911-4734-b4bf-89adcea7d6f9@group-676D0EB58207-LeaderElection15] INFO  impl.RaftServerImpl (ServerState.java:setLeader(255)) - 7cdf9f46-8911-4734-b4bf-89adcea7d6f9@group-676D0EB58207: change Leader from null to 7cdf9f46-8911-4734-b4bf-89adcea7d6f9 at term 1 for becomeLeader, leader elected after 5149ms
2019-10-08 01:19:47,565 [39a715e3-69f4-478a-8cae-5ee26c4d7592@group-0DDD6171D4FC-LeaderElection14] INFO  server.RaftServerConfigKeys (ConfUtils.java:logGet(43)) - raft.server.staging.catchup.gap = 1000 (default)
2019-10-08 01:19:47,565 [7cdf9f46-8911-4734-b4bf-89adcea7d6f9@group-676D0EB58207-LeaderElection15] INFO  server.RaftServerConfigKeys (ConfUtils.java:logGet(43)) - raft.server.staging.catchup.gap = 1000 (default)
2019-10-08 01:19:47,565 [39a715e3-69f4-478a-8cae-5ee26c4d7592@group-0DDD6171D4FC-LeaderElection14] INFO  server.RaftServerConfigKeys (ConfUtils.java:logGet(43)) - raft.server.rpc.sleep.time = 25ms (default)
2019-10-08 01:19:47,565 [7cdf9f46-8911-4734-b4bf-89adcea7d6f9@group-676D0EB58207-LeaderElection15] INFO  server.RaftServerConfigKeys (ConfUtils.java:logGet(43)) - raft.server.rpc.sleep.time = 25ms (default)
2019-10-08 01:19:47,565 [39a715e3-69f4-478a-8cae-5ee26c4d7592@group-0DDD6171D4FC-LeaderElection14] INFO  server.RaftServerConfigKeys (ConfUtils.java:logGet(43)) - raft.server.write.element-limit = 4096 (default)
2019-10-08 01:19:47,566 [7cdf9f46-8911-4734-b4bf-89adcea7d6f9@group-676D0EB58207-LeaderElection15] INFO  server.RaftServerConfigKeys (ConfUtils.java:logGet(43)) - raft.server.write.element-limit = 4096 (default)
2019-10-08 01:19:47,566 [39a715e3-69f4-478a-8cae-5ee26c4d7592@group-0DDD6171D4FC-LeaderElection14] INFO  server.RaftServerConfigKeys (ConfUtils.java:logGet(43)) - raft.server.watch.timeout = 10s (default)
2019-10-08 01:19:47,566 [7cdf9f46-8911-4734-b4bf-89adcea7d6f9@group-676D0EB58207-LeaderElection15] INFO  server.RaftServerConfigKeys (ConfUtils.java:logGet(43)) - raft.server.watch.timeout = 10s (default)
2019-10-08 01:19:47,566 [39a715e3-69f4-478a-8cae-5ee26c4d7592@group-0DDD6171D4FC-LeaderElection14] INFO  server.RaftServerConfigKeys (ConfUtils.java:logGet(43)) - raft.server.watch.timeout.denomination = 1s (default)
2019-10-08 01:19:47,566 [7cdf9f46-8911-4734-b4bf-89adcea7d6f9@group-676D0EB58207-LeaderElection15] INFO  server.RaftServerConfigKeys (ConfUtils.java:logGet(43)) - raft.server.watch.timeout.denomination = 1s (default)
2019-10-08 01:19:47,566 [39a715e3-69f4-478a-8cae-5ee26c4d7592@group-0DDD6171D4FC-LeaderElection14] INFO  server.RaftServerConfigKeys (ConfUtils.java:logGet(43)) - raft.server.watch.element-limit = 65536 (default)
2019-10-08 01:19:47,566 [7cdf9f46-8911-4734-b4bf-89adcea7d6f9@group-676D0EB58207-LeaderElection15] INFO  server.RaftServerConfigKeys (ConfUtils.java:logGet(43)) - raft.server.watch.element-limit = 65536 (default)
2019-10-08 01:19:47,570 [39a715e3-69f4-478a-8cae-5ee26c4d7592@group-0DDD6171D4FC-LeaderElection14] INFO  impl.RoleInfo (RoleInfo.java:updateAndGet(143)) - 39a715e3-69f4-478a-8cae-5ee26c4d7592: start LeaderState
2019-10-08 01:19:47,570 [7cdf9f46-8911-4734-b4bf-89adcea7d6f9@group-676D0EB58207-LeaderElection15] INFO  impl.RoleInfo (RoleInfo.java:updateAndGet(143)) - 7cdf9f46-8911-4734-b4bf-89adcea7d6f9: start LeaderState
2019-10-08 01:19:47,571 [39a715e3-69f4-478a-8cae-5ee26c4d7592@group-0DDD6171D4FC-LeaderElection14] INFO  segmented.SegmentedRaftLogWorker (SegmentedRaftLogWorker.java:startLogSegment(385)) - 39a715e3-69f4-478a-8cae-5ee26c4d7592@group-0DDD6171D4FC-SegmentedRaftLogWorker: Starting segment from index:0
2019-10-08 01:19:47,571 [7cdf9f46-8911-4734-b4bf-89adcea7d6f9@group-676D0EB58207-LeaderElection15] INFO  segmented.SegmentedRaftLogWorker (SegmentedRaftLogWorker.java:startLogSegment(385)) - 7cdf9f46-8911-4734-b4bf-89adcea7d6f9@group-676D0EB58207-SegmentedRaftLogWorker: Starting segment from index:0
2019-10-08 01:19:47,572 [39a715e3-69f4-478a-8cae-5ee26c4d7592@group-0DDD6171D4FC-LeaderElection14] INFO  impl.RaftServerImpl (ServerState.java:setRaftConf(356)) - 39a715e3-69f4-478a-8cae-5ee26c4d7592@group-0DDD6171D4FC: set configuration 0: [39a715e3-69f4-478a-8cae-5ee26c4d7592:192.168.164.245:37808], old=null at 0
2019-10-08 01:19:47,572 [7cdf9f46-8911-4734-b4bf-89adcea7d6f9@group-676D0EB58207-LeaderElection15] INFO  impl.RaftServerImpl (ServerState.java:setRaftConf(356)) - 7cdf9f46-8911-4734-b4bf-89adcea7d6f9@group-676D0EB58207: set configuration 0: [7cdf9f46-8911-4734-b4bf-89adcea7d6f9:192.168.164.245:36709], old=null at 0
2019-10-08 01:19:47,628 [7cdf9f46-8911-4734-b4bf-89adcea7d6f9@group-676D0EB58207-SegmentedRaftLogWorker] INFO  segmented.SegmentedRaftLogWorker (SegmentedRaftLogWorker.java:execute(574)) - 7cdf9f46-8911-4734-b4bf-89adcea7d6f9@group-676D0EB58207-SegmentedRaftLogWorker: created new log segment /workdir/hadoop-ozone/integration-test/target/test-dir/MiniOzoneClusterImpl-34025f89-607b-4463-91d2-320d90cd8ada/datanode-1/data/ratis/7e82d433-ef45-433c-9008-676d0eb58207/current/log_inprogress_0
2019-10-08 01:19:47,628 [39a715e3-69f4-478a-8cae-5ee26c4d7592@group-0DDD6171D4FC-SegmentedRaftLogWorker] INFO  segmented.SegmentedRaftLogWorker (SegmentedRaftLogWorker.java:execute(574)) - 39a715e3-69f4-478a-8cae-5ee26c4d7592@group-0DDD6171D4FC-SegmentedRaftLogWorker: created new log segment /workdir/hadoop-ozone/integration-test/target/test-dir/MiniOzoneClusterImpl-34025f89-607b-4463-91d2-320d90cd8ada/datanode-0/data/ratis/485f03cb-926b-4202-854f-0ddd6171d4fc/current/log_inprogress_0
2019-10-08 01:19:47,797 [Thread-700] INFO  impl.FollowerState (FollowerState.java:run(108)) - 9632e278-e61f-453f-86eb-f7ef209c65f6@group-E36C5759EF2D-FollowerState: change to CANDIDATE, lastRpcTime:5005ms, electionTimeout:5005ms
2019-10-08 01:19:47,797 [Thread-700] INFO  impl.RoleInfo (RoleInfo.java:shutdownFollowerState(121)) - 9632e278-e61f-453f-86eb-f7ef209c65f6: shutdown FollowerState
2019-10-08 01:19:47,797 [Thread-700] INFO  impl.RaftServerImpl (RaftServerImpl.java:setRole(170)) - 9632e278-e61f-453f-86eb-f7ef209c65f6@group-E36C5759EF2D: changes role from  FOLLOWER to CANDIDATE at term 0 for changeToCandidate
2019-10-08 01:19:47,798 [Thread-700] INFO  impl.RoleInfo (RoleInfo.java:updateAndGet(143)) - 9632e278-e61f-453f-86eb-f7ef209c65f6: start LeaderElection
2019-10-08 01:19:47,816 [9632e278-e61f-453f-86eb-f7ef209c65f6@group-E36C5759EF2D-LeaderElection16] INFO  impl.LeaderElection (LeaderElection.java:askForVotes(178)) - 9632e278-e61f-453f-86eb-f7ef209c65f6@group-E36C5759EF2D-LeaderElection16: begin an election at term 1 for -1: [9632e278-e61f-453f-86eb-f7ef209c65f6:192.168.164.245:45878], old=null
2019-10-08 01:19:47,816 [9632e278-e61f-453f-86eb-f7ef209c65f6@group-E36C5759EF2D-LeaderElection16] INFO  impl.RoleInfo (RoleInfo.java:shutdownLeaderElection(134)) - 9632e278-e61f-453f-86eb-f7ef209c65f6: shutdown LeaderElection
2019-10-08 01:19:47,816 [9632e278-e61f-453f-86eb-f7ef209c65f6@group-E36C5759EF2D-LeaderElection16] INFO  impl.RaftServerImpl (RaftServerImpl.java:setRole(170)) - 9632e278-e61f-453f-86eb-f7ef209c65f6@group-E36C5759EF2D: changes role from CANDIDATE to LEADER at term 1 for changeToLeader
2019-10-08 01:19:47,816 [9632e278-e61f-453f-86eb-f7ef209c65f6@group-E36C5759EF2D-LeaderElection16] INFO  impl.RaftServerImpl (ServerState.java:setLeader(255)) - 9632e278-e61f-453f-86eb-f7ef209c65f6@group-E36C5759EF2D: change Leader from null to 9632e278-e61f-453f-86eb-f7ef209c65f6 at term 1 for becomeLeader, leader elected after 5035ms
2019-10-08 01:19:47,819 [9632e278-e61f-453f-86eb-f7ef209c65f6@group-E36C5759EF2D-LeaderElection16] INFO  server.RaftServerConfigKeys (ConfUtils.java:logGet(43)) - raft.server.staging.catchup.gap = 1000 (default)
2019-10-08 01:19:47,819 [9632e278-e61f-453f-86eb-f7ef209c65f6@group-E36C5759EF2D-LeaderElection16] INFO  server.RaftServerConfigKeys (ConfUtils.java:logGet(43)) - raft.server.rpc.sleep.time = 25ms (default)
2019-10-08 01:19:47,820 [9632e278-e61f-453f-86eb-f7ef209c65f6@group-E36C5759EF2D-LeaderElection16] INFO  server.RaftServerConfigKeys (ConfUtils.java:logGet(43)) - raft.server.write.element-limit = 4096 (default)
2019-10-08 01:19:47,820 [9632e278-e61f-453f-86eb-f7ef209c65f6@group-E36C5759EF2D-LeaderElection16] INFO  server.RaftServerConfigKeys (ConfUtils.java:logGet(43)) - raft.server.watch.timeout = 10s (default)
2019-10-08 01:19:47,820 [9632e278-e61f-453f-86eb-f7ef209c65f6@group-E36C5759EF2D-LeaderElection16] INFO  server.RaftServerConfigKeys (ConfUtils.java:logGet(43)) - raft.server.watch.timeout.denomination = 1s (default)
2019-10-08 01:19:47,820 [9632e278-e61f-453f-86eb-f7ef209c65f6@group-E36C5759EF2D-LeaderElection16] INFO  server.RaftServerConfigKeys (ConfUtils.java:logGet(43)) - raft.server.watch.element-limit = 65536 (default)
2019-10-08 01:19:47,822 [9632e278-e61f-453f-86eb-f7ef209c65f6@group-E36C5759EF2D-LeaderElection16] INFO  impl.RoleInfo (RoleInfo.java:updateAndGet(143)) - 9632e278-e61f-453f-86eb-f7ef209c65f6: start LeaderState
2019-10-08 01:19:47,823 [9632e278-e61f-453f-86eb-f7ef209c65f6@group-E36C5759EF2D-LeaderElection16] INFO  segmented.SegmentedRaftLogWorker (SegmentedRaftLogWorker.java:startLogSegment(385)) - 9632e278-e61f-453f-86eb-f7ef209c65f6@group-E36C5759EF2D-SegmentedRaftLogWorker: Starting segment from index:0
2019-10-08 01:19:47,823 [9632e278-e61f-453f-86eb-f7ef209c65f6@group-E36C5759EF2D-LeaderElection16] INFO  impl.RaftServerImpl (ServerState.java:setRaftConf(356)) - 9632e278-e61f-453f-86eb-f7ef209c65f6@group-E36C5759EF2D: set configuration 0: [9632e278-e61f-453f-86eb-f7ef209c65f6:192.168.164.245:45878], old=null at 0
2019-10-08 01:19:47,872 [9632e278-e61f-453f-86eb-f7ef209c65f6@group-E36C5759EF2D-SegmentedRaftLogWorker] INFO  segmented.SegmentedRaftLogWorker (SegmentedRaftLogWorker.java:execute(574)) - 9632e278-e61f-453f-86eb-f7ef209c65f6@group-E36C5759EF2D-SegmentedRaftLogWorker: created new log segment /workdir/hadoop-ozone/integration-test/target/test-dir/MiniOzoneClusterImpl-34025f89-607b-4463-91d2-320d90cd8ada/datanode-2/data/ratis/c9cd9a39-f5bb-4fa9-9a79-e36c5759ef2d/current/log_inprogress_0
2019-10-08 01:19:48,021 [Thread-703] INFO  impl.FollowerState (FollowerState.java:run(108)) - 8b6c070e-86f6-486d-8b05-42cb3ad39897@group-61DC40BD2886-FollowerState: change to CANDIDATE, lastRpcTime:5172ms, electionTimeout:5165ms
2019-10-08 01:19:48,022 [Thread-703] INFO  impl.RoleInfo (RoleInfo.java:shutdownFollowerState(121)) - 8b6c070e-86f6-486d-8b05-42cb3ad39897: shutdown FollowerState
2019-10-08 01:19:48,022 [Thread-703] INFO  impl.RaftServerImpl (RaftServerImpl.java:setRole(170)) - 8b6c070e-86f6-486d-8b05-42cb3ad39897@group-61DC40BD2886: changes role from  FOLLOWER to CANDIDATE at term 0 for changeToCandidate
2019-10-08 01:19:48,022 [Thread-703] INFO  impl.RoleInfo (RoleInfo.java:updateAndGet(143)) - 8b6c070e-86f6-486d-8b05-42cb3ad39897: start LeaderElection
2019-10-08 01:19:48,043 [8b6c070e-86f6-486d-8b05-42cb3ad39897@group-61DC40BD2886-LeaderElection17] INFO  impl.LeaderElection (LeaderElection.java:askForVotes(178)) - 8b6c070e-86f6-486d-8b05-42cb3ad39897@group-61DC40BD2886-LeaderElection17: begin an election at term 1 for -1: [8b6c070e-86f6-486d-8b05-42cb3ad39897:192.168.164.245:41180], old=null
2019-10-08 01:19:48,043 [8b6c070e-86f6-486d-8b05-42cb3ad39897@group-61DC40BD2886-LeaderElection17] INFO  impl.RoleInfo (RoleInfo.java:shutdownLeaderElection(134)) - 8b6c070e-86f6-486d-8b05-42cb3ad39897: shutdown LeaderElection
2019-10-08 01:19:48,043 [8b6c070e-86f6-486d-8b05-42cb3ad39897@group-61DC40BD2886-LeaderElection17] INFO  impl.RaftServerImpl (RaftServerImpl.java:setRole(170)) - 8b6c070e-86f6-486d-8b05-42cb3ad39897@group-61DC40BD2886: changes role from CANDIDATE to LEADER at term 1 for changeToLeader
2019-10-08 01:19:48,043 [8b6c070e-86f6-486d-8b05-42cb3ad39897@group-61DC40BD2886-LeaderElection17] INFO  impl.RaftServerImpl (ServerState.java:setLeader(255)) - 8b6c070e-86f6-486d-8b05-42cb3ad39897@group-61DC40BD2886: change Leader from null to 8b6c070e-86f6-486d-8b05-42cb3ad39897 at term 1 for becomeLeader, leader elected after 5201ms
2019-10-08 01:19:48,045 [8b6c070e-86f6-486d-8b05-42cb3ad39897@group-61DC40BD2886-LeaderElection17] INFO  server.RaftServerConfigKeys (ConfUtils.java:logGet(43)) - raft.server.staging.catchup.gap = 1000 (default)
2019-10-08 01:19:48,045 [8b6c070e-86f6-486d-8b05-42cb3ad39897@group-61DC40BD2886-LeaderElection17] INFO  server.RaftServerConfigKeys (ConfUtils.java:logGet(43)) - raft.server.rpc.sleep.time = 25ms (default)
2019-10-08 01:19:48,045 [8b6c070e-86f6-486d-8b05-42cb3ad39897@group-61DC40BD2886-LeaderElection17] INFO  server.RaftServerConfigKeys (ConfUtils.java:logGet(43)) - raft.server.write.element-limit = 4096 (default)
2019-10-08 01:19:48,046 [8b6c070e-86f6-486d-8b05-42cb3ad39897@group-61DC40BD2886-LeaderElection17] INFO  server.RaftServerConfigKeys (ConfUtils.java:logGet(43)) - raft.server.watch.timeout = 10s (default)
2019-10-08 01:19:48,046 [8b6c070e-86f6-486d-8b05-42cb3ad39897@group-61DC40BD2886-LeaderElection17] INFO  server.RaftServerConfigKeys (ConfUtils.java:logGet(43)) - raft.server.watch.timeout.denomination = 1s (default)
2019-10-08 01:19:48,046 [8b6c070e-86f6-486d-8b05-42cb3ad39897@group-61DC40BD2886-LeaderElection17] INFO  server.RaftServerConfigKeys (ConfUtils.java:logGet(43)) - raft.server.watch.element-limit = 65536 (default)
2019-10-08 01:19:48,047 [8b6c070e-86f6-486d-8b05-42cb3ad39897@group-61DC40BD2886-LeaderElection17] INFO  impl.RoleInfo (RoleInfo.java:updateAndGet(143)) - 8b6c070e-86f6-486d-8b05-42cb3ad39897: start LeaderState
2019-10-08 01:19:48,048 [8b6c070e-86f6-486d-8b05-42cb3ad39897@group-61DC40BD2886-LeaderElection17] INFO  segmented.SegmentedRaftLogWorker (SegmentedRaftLogWorker.java:startLogSegment(385)) - 8b6c070e-86f6-486d-8b05-42cb3ad39897@group-61DC40BD2886-SegmentedRaftLogWorker: Starting segment from index:0
2019-10-08 01:19:48,048 [8b6c070e-86f6-486d-8b05-42cb3ad39897@group-61DC40BD2886-LeaderElection17] INFO  impl.RaftServerImpl (ServerState.java:setRaftConf(356)) - 8b6c070e-86f6-486d-8b05-42cb3ad39897@group-61DC40BD2886: set configuration 0: [8b6c070e-86f6-486d-8b05-42cb3ad39897:192.168.164.245:41180], old=null at 0
2019-10-08 01:19:48,074 [Thread-706] INFO  impl.FollowerState (FollowerState.java:run(108)) - 58fd3ccf-3108-4b19-b151-01a2a46777a1@group-8F5E963BA492-FollowerState: change to CANDIDATE, lastRpcTime:5162ms, electionTimeout:5138ms
2019-10-08 01:19:48,077 [Thread-706] INFO  impl.RoleInfo (RoleInfo.java:shutdownFollowerState(121)) - 58fd3ccf-3108-4b19-b151-01a2a46777a1: shutdown FollowerState
2019-10-08 01:19:48,077 [Thread-706] INFO  impl.RaftServerImpl (RaftServerImpl.java:setRole(170)) - 58fd3ccf-3108-4b19-b151-01a2a46777a1@group-8F5E963BA492: changes role from  FOLLOWER to CANDIDATE at term 0 for changeToCandidate
2019-10-08 01:19:48,078 [Thread-706] INFO  impl.RoleInfo (RoleInfo.java:updateAndGet(143)) - 58fd3ccf-3108-4b19-b151-01a2a46777a1: start LeaderElection
2019-10-08 01:19:48,087 [8b6c070e-86f6-486d-8b05-42cb3ad39897@group-61DC40BD2886-SegmentedRaftLogWorker] INFO  segmented.SegmentedRaftLogWorker (SegmentedRaftLogWorker.java:execute(574)) - 8b6c070e-86f6-486d-8b05-42cb3ad39897@group-61DC40BD2886-SegmentedRaftLogWorker: created new log segment /workdir/hadoop-ozone/integration-test/target/test-dir/MiniOzoneClusterImpl-34025f89-607b-4463-91d2-320d90cd8ada/datanode-6/data/ratis/db7aa206-e2e2-4bbb-af54-61dc40bd2886/current/log_inprogress_0
2019-10-08 01:19:48,087 [58fd3ccf-3108-4b19-b151-01a2a46777a1@group-8F5E963BA492-LeaderElection18] INFO  impl.LeaderElection (LeaderElection.java:askForVotes(178)) - 58fd3ccf-3108-4b19-b151-01a2a46777a1@group-8F5E963BA492-LeaderElection18: begin an election at term 1 for -1: [58fd3ccf-3108-4b19-b151-01a2a46777a1:192.168.164.245:41880], old=null
2019-10-08 01:19:48,088 [58fd3ccf-3108-4b19-b151-01a2a46777a1@group-8F5E963BA492-LeaderElection18] INFO  impl.RoleInfo (RoleInfo.java:shutdownLeaderElection(134)) - 58fd3ccf-3108-4b19-b151-01a2a46777a1: shutdown LeaderElection
2019-10-08 01:19:48,088 [58fd3ccf-3108-4b19-b151-01a2a46777a1@group-8F5E963BA492-LeaderElection18] INFO  impl.RaftServerImpl (RaftServerImpl.java:setRole(170)) - 58fd3ccf-3108-4b19-b151-01a2a46777a1@group-8F5E963BA492: changes role from CANDIDATE to LEADER at term 1 for changeToLeader
2019-10-08 01:19:48,088 [58fd3ccf-3108-4b19-b151-01a2a46777a1@group-8F5E963BA492-LeaderElection18] INFO  impl.RaftServerImpl (ServerState.java:setLeader(255)) - 58fd3ccf-3108-4b19-b151-01a2a46777a1@group-8F5E963BA492: change Leader from null to 58fd3ccf-3108-4b19-b151-01a2a46777a1 at term 1 for becomeLeader, leader elected after 5182ms
2019-10-08 01:19:48,090 [58fd3ccf-3108-4b19-b151-01a2a46777a1@group-8F5E963BA492-LeaderElection18] INFO  server.RaftServerConfigKeys (ConfUtils.java:logGet(43)) - raft.server.staging.catchup.gap = 1000 (default)
2019-10-08 01:19:48,091 [58fd3ccf-3108-4b19-b151-01a2a46777a1@group-8F5E963BA492-LeaderElection18] INFO  server.RaftServerConfigKeys (ConfUtils.java:logGet(43)) - raft.server.rpc.sleep.time = 25ms (default)
2019-10-08 01:19:48,091 [58fd3ccf-3108-4b19-b151-01a2a46777a1@group-8F5E963BA492-LeaderElection18] INFO  server.RaftServerConfigKeys (ConfUtils.java:logGet(43)) - raft.server.write.element-limit = 4096 (default)
2019-10-08 01:19:48,091 [58fd3ccf-3108-4b19-b151-01a2a46777a1@group-8F5E963BA492-LeaderElection18] INFO  server.RaftServerConfigKeys (ConfUtils.java:logGet(43)) - raft.server.watch.timeout = 10s (default)
2019-10-08 01:19:48,091 [58fd3ccf-3108-4b19-b151-01a2a46777a1@group-8F5E963BA492-LeaderElection18] INFO  server.RaftServerConfigKeys (ConfUtils.java:logGet(43)) - raft.server.watch.timeout.denomination = 1s (default)
2019-10-08 01:19:48,091 [58fd3ccf-3108-4b19-b151-01a2a46777a1@group-8F5E963BA492-LeaderElection18] INFO  server.RaftServerConfigKeys (ConfUtils.java:logGet(43)) - raft.server.watch.element-limit = 65536 (default)
2019-10-08 01:19:48,094 [58fd3ccf-3108-4b19-b151-01a2a46777a1@group-8F5E963BA492-LeaderElection18] INFO  impl.RoleInfo (RoleInfo.java:updateAndGet(143)) - 58fd3ccf-3108-4b19-b151-01a2a46777a1: start LeaderState
2019-10-08 01:19:48,094 [58fd3ccf-3108-4b19-b151-01a2a46777a1@group-8F5E963BA492-LeaderElection18] INFO  segmented.SegmentedRaftLogWorker (SegmentedRaftLogWorker.java:startLogSegment(385)) - 58fd3ccf-3108-4b19-b151-01a2a46777a1@group-8F5E963BA492-SegmentedRaftLogWorker: Starting segment from index:0
2019-10-08 01:19:48,094 [58fd3ccf-3108-4b19-b151-01a2a46777a1@group-8F5E963BA492-LeaderElection18] INFO  impl.RaftServerImpl (ServerState.java:setRaftConf(356)) - 58fd3ccf-3108-4b19-b151-01a2a46777a1@group-8F5E963BA492: set configuration 0: [58fd3ccf-3108-4b19-b151-01a2a46777a1:192.168.164.245:41880], old=null at 0
2019-10-08 01:19:48,124 [Thread-717] INFO  impl.FollowerState (FollowerState.java:run(108)) - 9632e278-e61f-453f-86eb-f7ef209c65f6@group-C8C4CB1D2DFD-FollowerState: change to CANDIDATE, lastRpcTime:5027ms, electionTimeout:5023ms
2019-10-08 01:19:48,124 [Thread-717] INFO  impl.RoleInfo (RoleInfo.java:shutdownFollowerState(121)) - 9632e278-e61f-453f-86eb-f7ef209c65f6: shutdown FollowerState
2019-10-08 01:19:48,124 [Thread-717] INFO  impl.RaftServerImpl (RaftServerImpl.java:setRole(170)) - 9632e278-e61f-453f-86eb-f7ef209c65f6@group-C8C4CB1D2DFD: changes role from  FOLLOWER to CANDIDATE at term 0 for changeToCandidate
2019-10-08 01:19:48,125 [Thread-717] INFO  impl.RoleInfo (RoleInfo.java:updateAndGet(143)) - 9632e278-e61f-453f-86eb-f7ef209c65f6: start LeaderElection
2019-10-08 01:19:48,129 [Thread-719] INFO  impl.FollowerState (FollowerState.java:run(108)) - 7cdf9f46-8911-4734-b4bf-89adcea7d6f9@group-C8C4CB1D2DFD-FollowerState: change to CANDIDATE, lastRpcTime:5026ms, electionTimeout:5026ms
2019-10-08 01:19:48,129 [Thread-719] INFO  impl.RoleInfo (RoleInfo.java:shutdownFollowerState(121)) - 7cdf9f46-8911-4734-b4bf-89adcea7d6f9: shutdown FollowerState
2019-10-08 01:19:48,129 [Thread-719] INFO  impl.RaftServerImpl (RaftServerImpl.java:setRole(170)) - 7cdf9f46-8911-4734-b4bf-89adcea7d6f9@group-C8C4CB1D2DFD: changes role from  FOLLOWER to CANDIDATE at term 0 for changeToCandidate
2019-10-08 01:19:48,129 [Thread-719] INFO  impl.RoleInfo (RoleInfo.java:updateAndGet(143)) - 7cdf9f46-8911-4734-b4bf-89adcea7d6f9: start LeaderElection
2019-10-08 01:19:48,137 [58fd3ccf-3108-4b19-b151-01a2a46777a1@group-8F5E963BA492-SegmentedRaftLogWorker] INFO  segmented.SegmentedRaftLogWorker (SegmentedRaftLogWorker.java:execute(574)) - 58fd3ccf-3108-4b19-b151-01a2a46777a1@group-8F5E963BA492-SegmentedRaftLogWorker: created new log segment /workdir/hadoop-ozone/integration-test/target/test-dir/MiniOzoneClusterImpl-34025f89-607b-4463-91d2-320d90cd8ada/datanode-5/data/ratis/d1fefe9e-1f49-4cd3-ac17-8f5e963ba492/current/log_inprogress_0
2019-10-08 01:19:48,137 [9632e278-e61f-453f-86eb-f7ef209c65f6@group-C8C4CB1D2DFD-LeaderElection19] INFO  impl.LeaderElection (LeaderElection.java:askForVotes(178)) - 9632e278-e61f-453f-86eb-f7ef209c65f6@group-C8C4CB1D2DFD-LeaderElection19: begin an election at term 1 for -1: [8b6c070e-86f6-486d-8b05-42cb3ad39897:192.168.164.245:41180, 7cdf9f46-8911-4734-b4bf-89adcea7d6f9:192.168.164.245:36709, 9632e278-e61f-453f-86eb-f7ef209c65f6:192.168.164.245:45878], old=null
2019-10-08 01:19:48,139 [Thread-712] INFO  impl.FollowerState (FollowerState.java:run(108)) - d4385ab4-8058-426a-99a6-00a1621aa878@group-8BF7922A099A-FollowerState: change to CANDIDATE, lastRpcTime:5110ms, electionTimeout:5110ms
2019-10-08 01:19:48,139 [Thread-712] INFO  impl.RoleInfo (RoleInfo.java:shutdownFollowerState(121)) - d4385ab4-8058-426a-99a6-00a1621aa878: shutdown FollowerState
2019-10-08 01:19:48,139 [Thread-712] INFO  impl.RaftServerImpl (RaftServerImpl.java:setRole(170)) - d4385ab4-8058-426a-99a6-00a1621aa878@group-8BF7922A099A: changes role from  FOLLOWER to CANDIDATE at term 0 for changeToCandidate
2019-10-08 01:19:48,140 [Thread-712] INFO  impl.RoleInfo (RoleInfo.java:updateAndGet(143)) - d4385ab4-8058-426a-99a6-00a1621aa878: start LeaderElection
2019-10-08 01:19:48,143 [7cdf9f46-8911-4734-b4bf-89adcea7d6f9@group-C8C4CB1D2DFD-LeaderElection20] INFO  impl.LeaderElection (LeaderElection.java:askForVotes(178)) - 7cdf9f46-8911-4734-b4bf-89adcea7d6f9@group-C8C4CB1D2DFD-LeaderElection20: begin an election at term 1 for -1: [8b6c070e-86f6-486d-8b05-42cb3ad39897:192.168.164.245:41180, 7cdf9f46-8911-4734-b4bf-89adcea7d6f9:192.168.164.245:36709, 9632e278-e61f-453f-86eb-f7ef209c65f6:192.168.164.245:45878], old=null
2019-10-08 01:19:48,149 [grpc-default-executor-5] INFO  impl.RaftServerImpl (RaftServerImpl.java:setRole(170)) - 8b6c070e-86f6-486d-8b05-42cb3ad39897@group-C8C4CB1D2DFD: changes role from  FOLLOWER to FOLLOWER at term 1 for recognizeCandidate:9632e278-e61f-453f-86eb-f7ef209c65f6
2019-10-08 01:19:48,149 [grpc-default-executor-5] INFO  impl.RoleInfo (RoleInfo.java:shutdownFollowerState(121)) - 8b6c070e-86f6-486d-8b05-42cb3ad39897: shutdown FollowerState
2019-10-08 01:19:48,149 [grpc-default-executor-5] INFO  impl.RoleInfo (RoleInfo.java:updateAndGet(143)) - 8b6c070e-86f6-486d-8b05-42cb3ad39897: start FollowerState
2019-10-08 01:19:48,149 [Thread-718] INFO  impl.FollowerState (FollowerState.java:run(117)) - 8b6c070e-86f6-486d-8b05-42cb3ad39897@group-C8C4CB1D2DFD-FollowerState was interrupted: java.lang.InterruptedException: sleep interrupted
2019-10-08 01:19:48,156 [Thread-709] INFO  impl.FollowerState (FollowerState.java:run(108)) - f468a72b-db34-4dab-93e9-b316303692ee@group-CBDA24297DB0-FollowerState: change to CANDIDATE, lastRpcTime:5192ms, electionTimeout:5192ms
2019-10-08 01:19:48,156 [Thread-709] INFO  impl.RoleInfo (RoleInfo.java:shutdownFollowerState(121)) - f468a72b-db34-4dab-93e9-b316303692ee: shutdown FollowerState
2019-10-08 01:19:48,157 [Thread-709] INFO  impl.RaftServerImpl (RaftServerImpl.java:setRole(170)) - f468a72b-db34-4dab-93e9-b316303692ee@group-CBDA24297DB0: changes role from  FOLLOWER to CANDIDATE at term 0 for changeToCandidate
2019-10-08 01:19:48,157 [Thread-709] INFO  impl.RoleInfo (RoleInfo.java:updateAndGet(143)) - f468a72b-db34-4dab-93e9-b316303692ee: start LeaderElection
2019-10-08 01:19:48,160 [d4385ab4-8058-426a-99a6-00a1621aa878@group-8BF7922A099A-LeaderElection21] INFO  impl.LeaderElection (LeaderElection.java:askForVotes(178)) - d4385ab4-8058-426a-99a6-00a1621aa878@group-8BF7922A099A-LeaderElection21: begin an election at term 1 for -1: [d4385ab4-8058-426a-99a6-00a1621aa878:192.168.164.245:42669], old=null
2019-10-08 01:19:48,160 [d4385ab4-8058-426a-99a6-00a1621aa878@group-8BF7922A099A-LeaderElection21] INFO  impl.RoleInfo (RoleInfo.java:shutdownLeaderElection(134)) - d4385ab4-8058-426a-99a6-00a1621aa878: shutdown LeaderElection
2019-10-08 01:19:48,160 [d4385ab4-8058-426a-99a6-00a1621aa878@group-8BF7922A099A-LeaderElection21] INFO  impl.RaftServerImpl (RaftServerImpl.java:setRole(170)) - d4385ab4-8058-426a-99a6-00a1621aa878@group-8BF7922A099A: changes role from CANDIDATE to LEADER at term 1 for changeToLeader
2019-10-08 01:19:48,160 [d4385ab4-8058-426a-99a6-00a1621aa878@group-8BF7922A099A-LeaderElection21] INFO  impl.RaftServerImpl (ServerState.java:setLeader(255)) - d4385ab4-8058-426a-99a6-00a1621aa878@group-8BF7922A099A: change Leader from null to d4385ab4-8058-426a-99a6-00a1621aa878 at term 1 for becomeLeader, leader elected after 5143ms
2019-10-08 01:19:48,162 [d4385ab4-8058-426a-99a6-00a1621aa878@group-8BF7922A099A-LeaderElection21] INFO  server.RaftServerConfigKeys (ConfUtils.java:logGet(43)) - raft.server.staging.catchup.gap = 1000 (default)
2019-10-08 01:19:48,162 [f468a72b-db34-4dab-93e9-b316303692ee@group-CBDA24297DB0-LeaderElection22] INFO  impl.LeaderElection (LeaderElection.java:askForVotes(178)) - f468a72b-db34-4dab-93e9-b316303692ee@group-CBDA24297DB0-LeaderElection22: begin an election at term 1 for -1: [f468a72b-db34-4dab-93e9-b316303692ee:192.168.164.245:44024], old=null
2019-10-08 01:19:48,162 [d4385ab4-8058-426a-99a6-00a1621aa878@group-8BF7922A099A-LeaderElection21] INFO  server.RaftServerConfigKeys (ConfUtils.java:logGet(43)) - raft.server.rpc.sleep.time = 25ms (default)
2019-10-08 01:19:48,162 [f468a72b-db34-4dab-93e9-b316303692ee@group-CBDA24297DB0-LeaderElection22] INFO  impl.RoleInfo (RoleInfo.java:shutdownLeaderElection(134)) - f468a72b-db34-4dab-93e9-b316303692ee: shutdown LeaderElection
2019-10-08 01:19:48,162 [9632e278-e61f-453f-86eb-f7ef209c65f6@group-C8C4CB1D2DFD-LeaderElection19] INFO  impl.LeaderElection (LeaderElection.java:logAndReturn(56)) - 9632e278-e61f-453f-86eb-f7ef209c65f6@group-C8C4CB1D2DFD-LeaderElection19: Election PASSED; received 2 response(s) [9632e278-e61f-453f-86eb-f7ef209c65f6<-8b6c070e-86f6-486d-8b05-42cb3ad39897#0:OK-t1, 9632e278-e61f-453f-86eb-f7ef209c65f6<-7cdf9f46-8911-4734-b4bf-89adcea7d6f9#0:FAIL-t1] and 0 exception(s); 9632e278-e61f-453f-86eb-f7ef209c65f6@group-C8C4CB1D2DFD:t1, leader=null, voted=9632e278-e61f-453f-86eb-f7ef209c65f6, raftlog=9632e278-e61f-453f-86eb-f7ef209c65f6@group-C8C4CB1D2DFD-SegmentedRaftLog:OPENED:c-1,f-1,i0, conf=-1: [8b6c070e-86f6-486d-8b05-42cb3ad39897:192.168.164.245:41180, 7cdf9f46-8911-4734-b4bf-89adcea7d6f9:192.168.164.245:36709, 9632e278-e61f-453f-86eb-f7ef209c65f6:192.168.164.245:45878], old=null
2019-10-08 01:19:48,162 [7cdf9f46-8911-4734-b4bf-89adcea7d6f9@group-C8C4CB1D2DFD-LeaderElection20] INFO  impl.LeaderElection (LeaderElection.java:logAndReturn(56)) - 7cdf9f46-8911-4734-b4bf-89adcea7d6f9@group-C8C4CB1D2DFD-LeaderElection20: Election REJECTED; received 2 response(s) [7cdf9f46-8911-4734-b4bf-89adcea7d6f9<-8b6c070e-86f6-486d-8b05-42cb3ad39897#0:FAIL-t1, 7cdf9f46-8911-4734-b4bf-89adcea7d6f9<-9632e278-e61f-453f-86eb-f7ef209c65f6#0:FAIL-t1] and 0 exception(s); 7cdf9f46-8911-4734-b4bf-89adcea7d6f9@group-C8C4CB1D2DFD:t1, leader=null, voted=7cdf9f46-8911-4734-b4bf-89adcea7d6f9, raftlog=7cdf9f46-8911-4734-b4bf-89adcea7d6f9@group-C8C4CB1D2DFD-SegmentedRaftLog:OPENED:c-1,f-1,i0, conf=-1: [8b6c070e-86f6-486d-8b05-42cb3ad39897:192.168.164.245:41180, 7cdf9f46-8911-4734-b4bf-89adcea7d6f9:192.168.164.245:36709, 9632e278-e61f-453f-86eb-f7ef209c65f6:192.168.164.245:45878], old=null
2019-10-08 01:19:48,162 [d4385ab4-8058-426a-99a6-00a1621aa878@group-8BF7922A099A-LeaderElection21] INFO  server.RaftServerConfigKeys (ConfUtils.java:logGet(43)) - raft.server.write.element-limit = 4096 (default)
2019-10-08 01:19:48,162 [f468a72b-db34-4dab-93e9-b316303692ee@group-CBDA24297DB0-LeaderElection22] INFO  impl.RaftServerImpl (RaftServerImpl.java:setRole(170)) - f468a72b-db34-4dab-93e9-b316303692ee@group-CBDA24297DB0: changes role from CANDIDATE to LEADER at term 1 for changeToLeader
2019-10-08 01:19:48,164 [7cdf9f46-8911-4734-b4bf-89adcea7d6f9@group-C8C4CB1D2DFD-LeaderElection20] INFO  impl.RaftServerImpl (RaftServerImpl.java:setRole(170)) - 7cdf9f46-8911-4734-b4bf-89adcea7d6f9@group-C8C4CB1D2DFD: changes role from CANDIDATE to FOLLOWER at term 1 for DISCOVERED_A_NEW_TERM
2019-10-08 01:19:48,162 [9632e278-e61f-453f-86eb-f7ef209c65f6@group-C8C4CB1D2DFD-LeaderElection19] INFO  impl.RoleInfo (RoleInfo.java:shutdownLeaderElection(134)) - 9632e278-e61f-453f-86eb-f7ef209c65f6: shutdown LeaderElection
2019-10-08 01:19:48,166 [7cdf9f46-8911-4734-b4bf-89adcea7d6f9@group-C8C4CB1D2DFD-LeaderElection20] INFO  impl.RoleInfo (RoleInfo.java:shutdownLeaderElection(134)) - 7cdf9f46-8911-4734-b4bf-89adcea7d6f9: shutdown LeaderElection
2019-10-08 01:19:48,166 [f468a72b-db34-4dab-93e9-b316303692ee@group-CBDA24297DB0-LeaderElection22] INFO  impl.RaftServerImpl (ServerState.java:setLeader(255)) - f468a72b-db34-4dab-93e9-b316303692ee@group-CBDA24297DB0: change Leader from null to f468a72b-db34-4dab-93e9-b316303692ee at term 1 for becomeLeader, leader elected after 5208ms
2019-10-08 01:19:48,166 [d4385ab4-8058-426a-99a6-00a1621aa878@group-8BF7922A099A-LeaderElection21] INFO  server.RaftServerConfigKeys (ConfUtils.java:logGet(43)) - raft.server.watch.timeout = 10s (default)
2019-10-08 01:19:48,174 [f468a72b-db34-4dab-93e9-b316303692ee@group-CBDA24297DB0-LeaderElection22] INFO  server.RaftServerConfigKeys (ConfUtils.java:logGet(43)) - raft.server.staging.catchup.gap = 1000 (default)
2019-10-08 01:19:48,167 [7cdf9f46-8911-4734-b4bf-89adcea7d6f9@group-C8C4CB1D2DFD-LeaderElection20] INFO  impl.RoleInfo (RoleInfo.java:updateAndGet(143)) - 7cdf9f46-8911-4734-b4bf-89adcea7d6f9: start FollowerState
2019-10-08 01:19:48,166 [9632e278-e61f-453f-86eb-f7ef209c65f6@group-C8C4CB1D2DFD-LeaderElection19] INFO  impl.RaftServerImpl (RaftServerImpl.java:setRole(170)) - 9632e278-e61f-453f-86eb-f7ef209c65f6@group-C8C4CB1D2DFD: changes role from CANDIDATE to LEADER at term 1 for changeToLeader
2019-10-08 01:19:48,174 [d4385ab4-8058-426a-99a6-00a1621aa878@group-8BF7922A099A-LeaderElection21] INFO  server.RaftServerConfigKeys (ConfUtils.java:logGet(43)) - raft.server.watch.timeout.denomination = 1s (default)
2019-10-08 01:19:48,175 [f468a72b-db34-4dab-93e9-b316303692ee@group-CBDA24297DB0-LeaderElection22] INFO  server.RaftServerConfigKeys (ConfUtils.java:logGet(43)) - raft.server.rpc.sleep.time = 25ms (default)
2019-10-08 01:19:48,175 [9632e278-e61f-453f-86eb-f7ef209c65f6@group-C8C4CB1D2DFD-LeaderElection19] INFO  impl.RaftServerImpl (ServerState.java:setLeader(255)) - 9632e278-e61f-453f-86eb-f7ef209c65f6@group-C8C4CB1D2DFD: change Leader from null to 9632e278-e61f-453f-86eb-f7ef209c65f6 at term 1 for becomeLeader, leader elected after 5090ms
2019-10-08 01:19:48,175 [f468a72b-db34-4dab-93e9-b316303692ee@group-CBDA24297DB0-LeaderElection22] INFO  server.RaftServerConfigKeys (ConfUtils.java:logGet(43)) - raft.server.write.element-limit = 4096 (default)
2019-10-08 01:19:48,175 [d4385ab4-8058-426a-99a6-00a1621aa878@group-8BF7922A099A-LeaderElection21] INFO  server.RaftServerConfigKeys (ConfUtils.java:logGet(43)) - raft.server.watch.element-limit = 65536 (default)
2019-10-08 01:19:48,175 [f468a72b-db34-4dab-93e9-b316303692ee@group-CBDA24297DB0-LeaderElection22] INFO  server.RaftServerConfigKeys (ConfUtils.java:logGet(43)) - raft.server.watch.timeout = 10s (default)
2019-10-08 01:19:48,175 [9632e278-e61f-453f-86eb-f7ef209c65f6@group-C8C4CB1D2DFD-LeaderElection19] INFO  server.RaftServerConfigKeys (ConfUtils.java:logGet(43)) - raft.server.staging.catchup.gap = 1000 (default)
2019-10-08 01:19:48,175 [f468a72b-db34-4dab-93e9-b316303692ee@group-CBDA24297DB0-LeaderElection22] INFO  server.RaftServerConfigKeys (ConfUtils.java:logGet(43)) - raft.server.watch.timeout.denomination = 1s (default)
2019-10-08 01:19:48,175 [9632e278-e61f-453f-86eb-f7ef209c65f6@group-C8C4CB1D2DFD-LeaderElection19] INFO  server.RaftServerConfigKeys (ConfUtils.java:logGet(43)) - raft.server.rpc.sleep.time = 25ms (default)
2019-10-08 01:19:48,175 [f468a72b-db34-4dab-93e9-b316303692ee@group-CBDA24297DB0-LeaderElection22] INFO  server.RaftServerConfigKeys (ConfUtils.java:logGet(43)) - raft.server.watch.element-limit = 65536 (default)
2019-10-08 01:19:48,176 [9632e278-e61f-453f-86eb-f7ef209c65f6@group-C8C4CB1D2DFD-LeaderElection19] INFO  server.RaftServerConfigKeys (ConfUtils.java:logGet(43)) - raft.server.write.element-limit = 4096 (default)
2019-10-08 01:19:48,176 [9632e278-e61f-453f-86eb-f7ef209c65f6@group-C8C4CB1D2DFD-LeaderElection19] INFO  server.RaftServerConfigKeys (ConfUtils.java:logGet(43)) - raft.server.watch.timeout = 10s (default)
2019-10-08 01:19:48,176 [9632e278-e61f-453f-86eb-f7ef209c65f6@group-C8C4CB1D2DFD-LeaderElection19] INFO  server.RaftServerConfigKeys (ConfUtils.java:logGet(43)) - raft.server.watch.timeout.denomination = 1s (default)
2019-10-08 01:19:48,176 [9632e278-e61f-453f-86eb-f7ef209c65f6@group-C8C4CB1D2DFD-LeaderElection19] INFO  server.RaftServerConfigKeys (ConfUtils.java:logGet(43)) - raft.server.watch.element-limit = 65536 (default)
2019-10-08 01:19:48,179 [d4385ab4-8058-426a-99a6-00a1621aa878@group-8BF7922A099A-LeaderElection21] INFO  impl.RoleInfo (RoleInfo.java:updateAndGet(143)) - d4385ab4-8058-426a-99a6-00a1621aa878: start LeaderState
2019-10-08 01:19:48,179 [f468a72b-db34-4dab-93e9-b316303692ee@group-CBDA24297DB0-LeaderElection22] INFO  impl.RoleInfo (RoleInfo.java:updateAndGet(143)) - f468a72b-db34-4dab-93e9-b316303692ee: start LeaderState
2019-10-08 01:19:48,179 [d4385ab4-8058-426a-99a6-00a1621aa878@group-8BF7922A099A-LeaderElection21] INFO  segmented.SegmentedRaftLogWorker (SegmentedRaftLogWorker.java:startLogSegment(385)) - d4385ab4-8058-426a-99a6-00a1621aa878@group-8BF7922A099A-SegmentedRaftLogWorker: Starting segment from index:0
2019-10-08 01:19:48,179 [f468a72b-db34-4dab-93e9-b316303692ee@group-CBDA24297DB0-LeaderElection22] INFO  segmented.SegmentedRaftLogWorker (SegmentedRaftLogWorker.java:startLogSegment(385)) - f468a72b-db34-4dab-93e9-b316303692ee@group-CBDA24297DB0-SegmentedRaftLogWorker: Starting segment from index:0
2019-10-08 01:19:48,179 [9632e278-e61f-453f-86eb-f7ef209c65f6@group-C8C4CB1D2DFD-LeaderElection19] INFO  server.RaftServerConfigKeys (ConfUtils.java:logGet(43)) - raft.server.log.appender.snapshot.chunk.size.max = 16MB (=16777216) (default)
2019-10-08 01:19:48,180 [d4385ab4-8058-426a-99a6-00a1621aa878@group-8BF7922A099A-LeaderElection21] INFO  impl.RaftServerImpl (ServerState.java:setRaftConf(356)) - d4385ab4-8058-426a-99a6-00a1621aa878@group-8BF7922A099A: set configuration 0: [d4385ab4-8058-426a-99a6-00a1621aa878:192.168.164.245:42669], old=null at 0
2019-10-08 01:19:48,180 [f468a72b-db34-4dab-93e9-b316303692ee@group-CBDA24297DB0-LeaderElection22] INFO  impl.RaftServerImpl (ServerState.java:setRaftConf(356)) - f468a72b-db34-4dab-93e9-b316303692ee@group-CBDA24297DB0: set configuration 0: [f468a72b-db34-4dab-93e9-b316303692ee:192.168.164.245:44024], old=null at 0
2019-10-08 01:19:48,180 [9632e278-e61f-453f-86eb-f7ef209c65f6@group-C8C4CB1D2DFD-LeaderElection19] INFO  server.RaftServerConfigKeys (ConfUtils.java:logGet(43)) - raft.server.log.appender.buffer.byte-limit = 33554432 (custom)
2019-10-08 01:19:48,212 [9632e278-e61f-453f-86eb-f7ef209c65f6@group-C8C4CB1D2DFD-LeaderElection19] INFO  server.RaftServerConfigKeys (ConfUtils.java:logGet(43)) - raft.server.log.appender.buffer.element-limit = 1 (custom)
2019-10-08 01:19:48,213 [9632e278-e61f-453f-86eb-f7ef209c65f6@group-C8C4CB1D2DFD-LeaderElection19] INFO  grpc.GrpcConfigKeys$Server (ConfUtils.java:logGet(43)) - raft.grpc.server.leader.outstanding.appends.max = 128 (default)
2019-10-08 01:19:48,213 [9632e278-e61f-453f-86eb-f7ef209c65f6@group-C8C4CB1D2DFD-LeaderElection19] INFO  server.RaftServerConfigKeys (ConfUtils.java:logGet(43)) - raft.server.rpc.request.timeout = 3000ms (default)
2019-10-08 01:19:48,213 [9632e278-e61f-453f-86eb-f7ef209c65f6@group-C8C4CB1D2DFD-LeaderElection19] INFO  server.RaftServerConfigKeys (ConfUtils.java:logGet(43)) - raft.server.log.appender.install.snapshot.enabled = false (custom)
2019-10-08 01:19:48,213 [9632e278-e61f-453f-86eb-f7ef209c65f6@group-C8C4CB1D2DFD-LeaderElection19] INFO  server.RaftServerConfigKeys (ConfUtils.java:logGet(43)) - raft.server.log.appender.snapshot.chunk.size.max = 16MB (=16777216) (default)
2019-10-08 01:19:48,214 [9632e278-e61f-453f-86eb-f7ef209c65f6@group-C8C4CB1D2DFD-LeaderElection19] INFO  server.RaftServerConfigKeys (ConfUtils.java:logGet(43)) - raft.server.log.appender.buffer.byte-limit = 33554432 (custom)
2019-10-08 01:19:48,214 [9632e278-e61f-453f-86eb-f7ef209c65f6@group-C8C4CB1D2DFD-LeaderElection19] INFO  server.RaftServerConfigKeys (ConfUtils.java:logGet(43)) - raft.server.log.appender.buffer.element-limit = 1 (custom)
2019-10-08 01:19:48,214 [9632e278-e61f-453f-86eb-f7ef209c65f6@group-C8C4CB1D2DFD-LeaderElection19] INFO  grpc.GrpcConfigKeys$Server (ConfUtils.java:logGet(43)) - raft.grpc.server.leader.outstanding.appends.max = 128 (default)
2019-10-08 01:19:48,214 [9632e278-e61f-453f-86eb-f7ef209c65f6@group-C8C4CB1D2DFD-LeaderElection19] INFO  server.RaftServerConfigKeys (ConfUtils.java:logGet(43)) - raft.server.rpc.request.timeout = 3000ms (default)
2019-10-08 01:19:48,214 [9632e278-e61f-453f-86eb-f7ef209c65f6@group-C8C4CB1D2DFD-LeaderElection19] INFO  server.RaftServerConfigKeys (ConfUtils.java:logGet(43)) - raft.server.log.appender.install.snapshot.enabled = false (custom)
2019-10-08 01:19:48,214 [9632e278-e61f-453f-86eb-f7ef209c65f6@group-C8C4CB1D2DFD-LeaderElection19] INFO  impl.RoleInfo (RoleInfo.java:updateAndGet(143)) - 9632e278-e61f-453f-86eb-f7ef209c65f6: start LeaderState
2019-10-08 01:19:48,215 [9632e278-e61f-453f-86eb-f7ef209c65f6@group-C8C4CB1D2DFD-LeaderElection19] INFO  segmented.SegmentedRaftLogWorker (SegmentedRaftLogWorker.java:startLogSegment(385)) - 9632e278-e61f-453f-86eb-f7ef209c65f6@group-C8C4CB1D2DFD-SegmentedRaftLogWorker: Starting segment from index:0
2019-10-08 01:19:48,215 [9632e278-e61f-453f-86eb-f7ef209c65f6@group-C8C4CB1D2DFD-LeaderElection19] INFO  impl.RaftServerImpl (ServerState.java:setRaftConf(356)) - 9632e278-e61f-453f-86eb-f7ef209c65f6@group-C8C4CB1D2DFD: set configuration 0: [8b6c070e-86f6-486d-8b05-42cb3ad39897:192.168.164.245:41180, 7cdf9f46-8911-4734-b4bf-89adcea7d6f9:192.168.164.245:36709, 9632e278-e61f-453f-86eb-f7ef209c65f6:192.168.164.245:45878], old=null at 0
2019-10-08 01:19:48,242 [Thread-727] INFO  impl.FollowerState (FollowerState.java:run(108)) - 39a715e3-69f4-478a-8cae-5ee26c4d7592@group-20D9C5572107-FollowerState: change to CANDIDATE, lastRpcTime:5070ms, electionTimeout:5055ms
2019-10-08 01:19:48,242 [d4385ab4-8058-426a-99a6-00a1621aa878@group-8BF7922A099A-SegmentedRaftLogWorker] INFO  segmented.SegmentedRaftLogWorker (SegmentedRaftLogWorker.java:execute(574)) - d4385ab4-8058-426a-99a6-00a1621aa878@group-8BF7922A099A-SegmentedRaftLogWorker: created new log segment /workdir/hadoop-ozone/integration-test/target/test-dir/MiniOzoneClusterImpl-34025f89-607b-4463-91d2-320d90cd8ada/datanode-3/data/ratis/c48bf271-d2e2-41f5-867f-8bf7922a099a/current/log_inprogress_0
2019-10-08 01:19:48,242 [f468a72b-db34-4dab-93e9-b316303692ee@group-CBDA24297DB0-SegmentedRaftLogWorker] INFO  segmented.SegmentedRaftLogWorker (SegmentedRaftLogWorker.java:execute(574)) - f468a72b-db34-4dab-93e9-b316303692ee@group-CBDA24297DB0-SegmentedRaftLogWorker: created new log segment /workdir/hadoop-ozone/integration-test/target/test-dir/MiniOzoneClusterImpl-34025f89-607b-4463-91d2-320d90cd8ada/datanode-4/data/ratis/2c52224d-5b5d-4a60-9d77-cbda24297db0/current/log_inprogress_0
2019-10-08 01:19:48,242 [Thread-727] INFO  impl.RoleInfo (RoleInfo.java:shutdownFollowerState(121)) - 39a715e3-69f4-478a-8cae-5ee26c4d7592: shutdown FollowerState
2019-10-08 01:19:48,243 [Thread-727] INFO  impl.RaftServerImpl (RaftServerImpl.java:setRole(170)) - 39a715e3-69f4-478a-8cae-5ee26c4d7592@group-20D9C5572107: changes role from  FOLLOWER to CANDIDATE at term 0 for changeToCandidate
2019-10-08 01:19:48,243 [Thread-727] INFO  impl.RoleInfo (RoleInfo.java:updateAndGet(143)) - 39a715e3-69f4-478a-8cae-5ee26c4d7592: start LeaderElection
2019-10-08 01:19:48,246 [grpc-default-executor-4] INFO  impl.RaftServerImpl (ServerState.java:setLeader(255)) - 7cdf9f46-8911-4734-b4bf-89adcea7d6f9@group-C8C4CB1D2DFD: change Leader from null to 9632e278-e61f-453f-86eb-f7ef209c65f6 at term 1 for appendEntries, leader elected after 5161ms
2019-10-08 01:19:48,246 [grpc-default-executor-5] INFO  impl.RaftServerImpl (ServerState.java:setLeader(255)) - 8b6c070e-86f6-486d-8b05-42cb3ad39897@group-C8C4CB1D2DFD: change Leader from null to 9632e278-e61f-453f-86eb-f7ef209c65f6 at term 1 for appendEntries, leader elected after 5161ms
2019-10-08 01:19:48,249 [grpc-default-executor-5] INFO  impl.RaftServerImpl (ServerState.java:setRaftConf(356)) - 7cdf9f46-8911-4734-b4bf-89adcea7d6f9@group-C8C4CB1D2DFD: set configuration 0: [8b6c070e-86f6-486d-8b05-42cb3ad39897:192.168.164.245:41180, 7cdf9f46-8911-4734-b4bf-89adcea7d6f9:192.168.164.245:36709, 9632e278-e61f-453f-86eb-f7ef209c65f6:192.168.164.245:45878], old=null at 0
2019-10-08 01:19:48,249 [grpc-default-executor-4] INFO  impl.RaftServerImpl (ServerState.java:setRaftConf(356)) - 8b6c070e-86f6-486d-8b05-42cb3ad39897@group-C8C4CB1D2DFD: set configuration 0: [8b6c070e-86f6-486d-8b05-42cb3ad39897:192.168.164.245:41180, 7cdf9f46-8911-4734-b4bf-89adcea7d6f9:192.168.164.245:36709, 9632e278-e61f-453f-86eb-f7ef209c65f6:192.168.164.245:45878], old=null at 0
2019-10-08 01:19:48,249 [grpc-default-executor-5] INFO  segmented.SegmentedRaftLogWorker (SegmentedRaftLogWorker.java:startLogSegment(385)) - 7cdf9f46-8911-4734-b4bf-89adcea7d6f9@group-C8C4CB1D2DFD-SegmentedRaftLogWorker: Starting segment from index:0
2019-10-08 01:19:48,249 [grpc-default-executor-4] INFO  segmented.SegmentedRaftLogWorker (SegmentedRaftLogWorker.java:startLogSegment(385)) - 8b6c070e-86f6-486d-8b05-42cb3ad39897@group-C8C4CB1D2DFD-SegmentedRaftLogWorker: Starting segment from index:0
2019-10-08 01:19:48,255 [9632e278-e61f-453f-86eb-f7ef209c65f6@group-C8C4CB1D2DFD-SegmentedRaftLogWorker] INFO  segmented.SegmentedRaftLogWorker (SegmentedRaftLogWorker.java:execute(574)) - 9632e278-e61f-453f-86eb-f7ef209c65f6@group-C8C4CB1D2DFD-SegmentedRaftLogWorker: created new log segment /workdir/hadoop-ozone/integration-test/target/test-dir/MiniOzoneClusterImpl-34025f89-607b-4463-91d2-320d90cd8ada/datanode-2/data/ratis/9974705c-9866-4b19-965e-c8c4cb1d2dfd/current/log_inprogress_0
2019-10-08 01:19:48,256 [39a715e3-69f4-478a-8cae-5ee26c4d7592@group-20D9C5572107-LeaderElection23] INFO  impl.LeaderElection (LeaderElection.java:askForVotes(178)) - 39a715e3-69f4-478a-8cae-5ee26c4d7592@group-20D9C5572107-LeaderElection23: begin an election at term 1 for -1: [58fd3ccf-3108-4b19-b151-01a2a46777a1:192.168.164.245:41880, 39a715e3-69f4-478a-8cae-5ee26c4d7592:192.168.164.245:37808, f468a72b-db34-4dab-93e9-b316303692ee:192.168.164.245:44024], old=null
2019-10-08 01:19:48,280 [grpc-default-executor-4] INFO  impl.RaftServerImpl (RaftServerImpl.java:setRole(170)) - 58fd3ccf-3108-4b19-b151-01a2a46777a1@group-20D9C5572107: changes role from  FOLLOWER to FOLLOWER at term 1 for recognizeCandidate:39a715e3-69f4-478a-8cae-5ee26c4d7592
2019-10-08 01:19:48,280 [grpc-default-executor-5] INFO  impl.RaftServerImpl (RaftServerImpl.java:setRole(170)) - f468a72b-db34-4dab-93e9-b316303692ee@group-20D9C5572107: changes role from  FOLLOWER to FOLLOWER at term 1 for recognizeCandidate:39a715e3-69f4-478a-8cae-5ee26c4d7592
2019-10-08 01:19:48,281 [grpc-default-executor-4] INFO  impl.RoleInfo (RoleInfo.java:shutdownFollowerState(121)) - 58fd3ccf-3108-4b19-b151-01a2a46777a1: shutdown FollowerState
2019-10-08 01:19:48,281 [grpc-default-executor-5] INFO  impl.RoleInfo (RoleInfo.java:shutdownFollowerState(121)) - f468a72b-db34-4dab-93e9-b316303692ee: shutdown FollowerState
2019-10-08 01:19:48,281 [grpc-default-executor-4] INFO  impl.RoleInfo (RoleInfo.java:updateAndGet(143)) - 58fd3ccf-3108-4b19-b151-01a2a46777a1: start FollowerState
2019-10-08 01:19:48,281 [Thread-726] INFO  impl.FollowerState (FollowerState.java:run(117)) - f468a72b-db34-4dab-93e9-b316303692ee@group-20D9C5572107-FollowerState was interrupted: java.lang.InterruptedException: sleep interrupted
2019-10-08 01:19:48,281 [grpc-default-executor-5] INFO  impl.RoleInfo (RoleInfo.java:updateAndGet(143)) - f468a72b-db34-4dab-93e9-b316303692ee: start FollowerState
2019-10-08 01:19:48,281 [Thread-728] INFO  impl.FollowerState (FollowerState.java:run(117)) - 58fd3ccf-3108-4b19-b151-01a2a46777a1@group-20D9C5572107-FollowerState was interrupted: java.lang.InterruptedException: sleep interrupted
2019-10-08 01:19:48,291 [7cdf9f46-8911-4734-b4bf-89adcea7d6f9@group-C8C4CB1D2DFD-SegmentedRaftLogWorker] INFO  segmented.SegmentedRaftLogWorker (SegmentedRaftLogWorker.java:execute(574)) - 7cdf9f46-8911-4734-b4bf-89adcea7d6f9@group-C8C4CB1D2DFD-SegmentedRaftLogWorker: created new log segment /workdir/hadoop-ozone/integration-test/target/test-dir/MiniOzoneClusterImpl-34025f89-607b-4463-91d2-320d90cd8ada/datanode-1/data/ratis/9974705c-9866-4b19-965e-c8c4cb1d2dfd/current/log_inprogress_0
2019-10-08 01:19:48,291 [8b6c070e-86f6-486d-8b05-42cb3ad39897@group-C8C4CB1D2DFD-SegmentedRaftLogWorker] INFO  segmented.SegmentedRaftLogWorker (SegmentedRaftLogWorker.java:execute(574)) - 8b6c070e-86f6-486d-8b05-42cb3ad39897@group-C8C4CB1D2DFD-SegmentedRaftLogWorker: created new log segment /workdir/hadoop-ozone/integration-test/target/test-dir/MiniOzoneClusterImpl-34025f89-607b-4463-91d2-320d90cd8ada/datanode-6/data/ratis/9974705c-9866-4b19-965e-c8c4cb1d2dfd/current/log_inprogress_0
2019-10-08 01:19:48,293 [39a715e3-69f4-478a-8cae-5ee26c4d7592@group-20D9C5572107-LeaderElection23] INFO  impl.LeaderElection (LeaderElection.java:logAndReturn(56)) - 39a715e3-69f4-478a-8cae-5ee26c4d7592@group-20D9C5572107-LeaderElection23: Election PASSED; received 1 response(s) [39a715e3-69f4-478a-8cae-5ee26c4d7592<-58fd3ccf-3108-4b19-b151-01a2a46777a1#0:OK-t1] and 0 exception(s); 39a715e3-69f4-478a-8cae-5ee26c4d7592@group-20D9C5572107:t1, leader=null, voted=39a715e3-69f4-478a-8cae-5ee26c4d7592, raftlog=39a715e3-69f4-478a-8cae-5ee26c4d7592@group-20D9C5572107-SegmentedRaftLog:OPENED:c-1,f-1,i0, conf=-1: [58fd3ccf-3108-4b19-b151-01a2a46777a1:192.168.164.245:41880, 39a715e3-69f4-478a-8cae-5ee26c4d7592:192.168.164.245:37808, f468a72b-db34-4dab-93e9-b316303692ee:192.168.164.245:44024], old=null
2019-10-08 01:19:48,293 [39a715e3-69f4-478a-8cae-5ee26c4d7592@group-20D9C5572107-LeaderElection23] INFO  impl.RoleInfo (RoleInfo.java:shutdownLeaderElection(134)) - 39a715e3-69f4-478a-8cae-5ee26c4d7592: shutdown LeaderElection
2019-10-08 01:19:48,293 [39a715e3-69f4-478a-8cae-5ee26c4d7592@group-20D9C5572107-LeaderElection23] INFO  impl.RaftServerImpl (RaftServerImpl.java:setRole(170)) - 39a715e3-69f4-478a-8cae-5ee26c4d7592@group-20D9C5572107: changes role from CANDIDATE to LEADER at term 1 for changeToLeader
2019-10-08 01:19:48,293 [39a715e3-69f4-478a-8cae-5ee26c4d7592@group-20D9C5572107-LeaderElection23] INFO  impl.RaftServerImpl (ServerState.java:setLeader(255)) - 39a715e3-69f4-478a-8cae-5ee26c4d7592@group-20D9C5572107: change Leader from null to 39a715e3-69f4-478a-8cae-5ee26c4d7592 at term 1 for becomeLeader, leader elected after 5136ms
2019-10-08 01:19:48,293 [39a715e3-69f4-478a-8cae-5ee26c4d7592@group-20D9C5572107-LeaderElection23] INFO  server.RaftServerConfigKeys (ConfUtils.java:logGet(43)) - raft.server.staging.catchup.gap = 1000 (default)
2019-10-08 01:19:48,293 [39a715e3-69f4-478a-8cae-5ee26c4d7592@group-20D9C5572107-LeaderElection23] INFO  server.RaftServerConfigKeys (ConfUtils.java:logGet(43)) - raft.server.rpc.sleep.time = 25ms (default)
2019-10-08 01:19:48,293 [39a715e3-69f4-478a-8cae-5ee26c4d7592@group-20D9C5572107-LeaderElection23] INFO  server.RaftServerConfigKeys (ConfUtils.java:logGet(43)) - raft.server.write.element-limit = 4096 (default)
2019-10-08 01:19:48,294 [39a715e3-69f4-478a-8cae-5ee26c4d7592@group-20D9C5572107-LeaderElection23] INFO  server.RaftServerConfigKeys (ConfUtils.java:logGet(43)) - raft.server.watch.timeout = 10s (default)
2019-10-08 01:19:48,294 [39a715e3-69f4-478a-8cae-5ee26c4d7592@group-20D9C5572107-LeaderElection23] INFO  server.RaftServerConfigKeys (ConfUtils.java:logGet(43)) - raft.server.watch.timeout.denomination = 1s (default)
2019-10-08 01:19:48,294 [39a715e3-69f4-478a-8cae-5ee26c4d7592@group-20D9C5572107-LeaderElection23] INFO  server.RaftServerConfigKeys (ConfUtils.java:logGet(43)) - raft.server.watch.element-limit = 65536 (default)
2019-10-08 01:19:48,296 [39a715e3-69f4-478a-8cae-5ee26c4d7592@group-20D9C5572107-LeaderElection23] INFO  server.RaftServerConfigKeys (ConfUtils.java:logGet(43)) - raft.server.log.appender.snapshot.chunk.size.max = 16MB (=16777216) (default)
2019-10-08 01:19:48,296 [39a715e3-69f4-478a-8cae-5ee26c4d7592@group-20D9C5572107-LeaderElection23] INFO  server.RaftServerConfigKeys (ConfUtils.java:logGet(43)) - raft.server.log.appender.buffer.byte-limit = 33554432 (custom)
2019-10-08 01:19:48,296 [39a715e3-69f4-478a-8cae-5ee26c4d7592@group-20D9C5572107-LeaderElection23] INFO  server.RaftServerConfigKeys (ConfUtils.java:logGet(43)) - raft.server.log.appender.buffer.element-limit = 1 (custom)
2019-10-08 01:19:48,297 [39a715e3-69f4-478a-8cae-5ee26c4d7592@group-20D9C5572107-LeaderElection23] INFO  grpc.GrpcConfigKeys$Server (ConfUtils.java:logGet(43)) - raft.grpc.server.leader.outstanding.appends.max = 128 (default)
2019-10-08 01:19:48,297 [39a715e3-69f4-478a-8cae-5ee26c4d7592@group-20D9C5572107-LeaderElection23] INFO  server.RaftServerConfigKeys (ConfUtils.java:logGet(43)) - raft.server.rpc.request.timeout = 3000ms (default)
2019-10-08 01:19:48,297 [39a715e3-69f4-478a-8cae-5ee26c4d7592@group-20D9C5572107-LeaderElection23] INFO  server.RaftServerConfigKeys (ConfUtils.java:logGet(43)) - raft.server.log.appender.install.snapshot.enabled = false (custom)
2019-10-08 01:19:48,297 [39a715e3-69f4-478a-8cae-5ee26c4d7592@group-20D9C5572107-LeaderElection23] INFO  server.RaftServerConfigKeys (ConfUtils.java:logGet(43)) - raft.server.log.appender.snapshot.chunk.size.max = 16MB (=16777216) (default)
2019-10-08 01:19:48,297 [39a715e3-69f4-478a-8cae-5ee26c4d7592@group-20D9C5572107-LeaderElection23] INFO  server.RaftServerConfigKeys (ConfUtils.java:logGet(43)) - raft.server.log.appender.buffer.byte-limit = 33554432 (custom)
2019-10-08 01:19:48,297 [39a715e3-69f4-478a-8cae-5ee26c4d7592@group-20D9C5572107-LeaderElection23] INFO  server.RaftServerConfigKeys (ConfUtils.java:logGet(43)) - raft.server.log.appender.buffer.element-limit = 1 (custom)
2019-10-08 01:19:48,297 [39a715e3-69f4-478a-8cae-5ee26c4d7592@group-20D9C5572107-LeaderElection23] INFO  grpc.GrpcConfigKeys$Server (ConfUtils.java:logGet(43)) - raft.grpc.server.leader.outstanding.appends.max = 128 (default)
2019-10-08 01:19:48,298 [39a715e3-69f4-478a-8cae-5ee26c4d7592@group-20D9C5572107-LeaderElection23] INFO  server.RaftServerConfigKeys (ConfUtils.java:logGet(43)) - raft.server.rpc.request.timeout = 3000ms (default)
2019-10-08 01:19:48,298 [39a715e3-69f4-478a-8cae-5ee26c4d7592@group-20D9C5572107-LeaderElection23] INFO  server.RaftServerConfigKeys (ConfUtils.java:logGet(43)) - raft.server.log.appender.install.snapshot.enabled = false (custom)
2019-10-08 01:19:48,298 [39a715e3-69f4-478a-8cae-5ee26c4d7592@group-20D9C5572107-LeaderElection23] INFO  impl.RoleInfo (RoleInfo.java:updateAndGet(143)) - 39a715e3-69f4-478a-8cae-5ee26c4d7592: start LeaderState
2019-10-08 01:19:48,298 [39a715e3-69f4-478a-8cae-5ee26c4d7592@group-20D9C5572107-LeaderElection23] INFO  segmented.SegmentedRaftLogWorker (SegmentedRaftLogWorker.java:startLogSegment(385)) - 39a715e3-69f4-478a-8cae-5ee26c4d7592@group-20D9C5572107-SegmentedRaftLogWorker: Starting segment from index:0
2019-10-08 01:19:48,299 [39a715e3-69f4-478a-8cae-5ee26c4d7592@group-20D9C5572107-LeaderElection23] INFO  impl.RaftServerImpl (ServerState.java:setRaftConf(356)) - 39a715e3-69f4-478a-8cae-5ee26c4d7592@group-20D9C5572107: set configuration 0: [58fd3ccf-3108-4b19-b151-01a2a46777a1:192.168.164.245:41880, 39a715e3-69f4-478a-8cae-5ee26c4d7592:192.168.164.245:37808, f468a72b-db34-4dab-93e9-b316303692ee:192.168.164.245:44024], old=null at 0
2019-10-08 01:19:48,332 [grpc-default-executor-5] INFO  impl.RaftServerImpl (ServerState.java:setLeader(255)) - 58fd3ccf-3108-4b19-b151-01a2a46777a1@group-20D9C5572107: change Leader from null to 39a715e3-69f4-478a-8cae-5ee26c4d7592 at term 1 for appendEntries, leader elected after 5173ms
2019-10-08 01:19:48,338 [grpc-default-executor-4] INFO  impl.RaftServerImpl (ServerState.java:setLeader(255)) - f468a72b-db34-4dab-93e9-b316303692ee@group-20D9C5572107: change Leader from null to 39a715e3-69f4-478a-8cae-5ee26c4d7592 at term 1 for appendEntries, leader elected after 5179ms
2019-10-08 01:19:48,339 [39a715e3-69f4-478a-8cae-5ee26c4d7592@group-20D9C5572107-SegmentedRaftLogWorker] INFO  segmented.SegmentedRaftLogWorker (SegmentedRaftLogWorker.java:execute(574)) - 39a715e3-69f4-478a-8cae-5ee26c4d7592@group-20D9C5572107-SegmentedRaftLogWorker: created new log segment /workdir/hadoop-ozone/integration-test/target/test-dir/MiniOzoneClusterImpl-34025f89-607b-4463-91d2-320d90cd8ada/datanode-0/data/ratis/acc25010-add7-4f49-a892-20d9c5572107/current/log_inprogress_0
2019-10-08 01:19:48,340 [grpc-default-executor-4] INFO  impl.RaftServerImpl (ServerState.java:setRaftConf(356)) - 58fd3ccf-3108-4b19-b151-01a2a46777a1@group-20D9C5572107: set configuration 0: [58fd3ccf-3108-4b19-b151-01a2a46777a1:192.168.164.245:41880, 39a715e3-69f4-478a-8cae-5ee26c4d7592:192.168.164.245:37808, f468a72b-db34-4dab-93e9-b316303692ee:192.168.164.245:44024], old=null at 0
2019-10-08 01:19:48,340 [grpc-default-executor-5] INFO  impl.RaftServerImpl (ServerState.java:setRaftConf(356)) - f468a72b-db34-4dab-93e9-b316303692ee@group-20D9C5572107: set configuration 0: [58fd3ccf-3108-4b19-b151-01a2a46777a1:192.168.164.245:41880, 39a715e3-69f4-478a-8cae-5ee26c4d7592:192.168.164.245:37808, f468a72b-db34-4dab-93e9-b316303692ee:192.168.164.245:44024], old=null at 0
2019-10-08 01:19:48,340 [grpc-default-executor-4] INFO  segmented.SegmentedRaftLogWorker (SegmentedRaftLogWorker.java:startLogSegment(385)) - 58fd3ccf-3108-4b19-b151-01a2a46777a1@group-20D9C5572107-SegmentedRaftLogWorker: Starting segment from index:0
2019-10-08 01:19:48,341 [grpc-default-executor-5] INFO  segmented.SegmentedRaftLogWorker (SegmentedRaftLogWorker.java:startLogSegment(385)) - f468a72b-db34-4dab-93e9-b316303692ee@group-20D9C5572107-SegmentedRaftLogWorker: Starting segment from index:0
2019-10-08 01:19:48,377 [f468a72b-db34-4dab-93e9-b316303692ee@group-20D9C5572107-SegmentedRaftLogWorker] INFO  segmented.SegmentedRaftLogWorker (SegmentedRaftLogWorker.java:execute(574)) - f468a72b-db34-4dab-93e9-b316303692ee@group-20D9C5572107-SegmentedRaftLogWorker: created new log segment /workdir/hadoop-ozone/integration-test/target/test-dir/MiniOzoneClusterImpl-34025f89-607b-4463-91d2-320d90cd8ada/datanode-4/data/ratis/acc25010-add7-4f49-a892-20d9c5572107/current/log_inprogress_0
2019-10-08 01:19:48,377 [58fd3ccf-3108-4b19-b151-01a2a46777a1@group-20D9C5572107-SegmentedRaftLogWorker] INFO  segmented.SegmentedRaftLogWorker (SegmentedRaftLogWorker.java:execute(574)) - 58fd3ccf-3108-4b19-b151-01a2a46777a1@group-20D9C5572107-SegmentedRaftLogWorker: created new log segment /workdir/hadoop-ozone/integration-test/target/test-dir/MiniOzoneClusterImpl-34025f89-607b-4463-91d2-320d90cd8ada/datanode-5/data/ratis/acc25010-add7-4f49-a892-20d9c5572107/current/log_inprogress_0
2019-10-08 01:19:49,460 [RatisApplyTransactionExecutor 1] ERROR ratis.ContainerStateMachine (ContainerStateMachine.java:lambda$applyTransaction$6(731)) - gid group-C8C4CB1D2DFD : ApplyTransaction failed. cmd CreateContainer logIndex 7 exception {}
java.lang.IllegalArgumentException
	at com.google.common.base.Preconditions.checkArgument(Preconditions.java:72)
	at org.apache.hadoop.ozone.container.keyvalue.KeyValueHandler.handleCreateContainer(KeyValueHandler.java:215)
	at org.apache.hadoop.ozone.container.keyvalue.KeyValueHandler.handle(KeyValueHandler.java:152)
	at org.apache.hadoop.ozone.container.common.impl.HddsDispatcher.dispatchRequest(HddsDispatcher.java:275)
	at org.apache.hadoop.ozone.container.common.impl.HddsDispatcher.dispatch(HddsDispatcher.java:150)
	at org.apache.hadoop.ozone.container.common.transport.server.ratis.ContainerStateMachine.dispatchCommand(ContainerStateMachine.java:411)
	at org.apache.hadoop.ozone.container.common.transport.server.ratis.ContainerStateMachine.runCommand(ContainerStateMachine.java:419)
	at org.apache.hadoop.ozone.container.common.transport.server.ratis.ContainerStateMachine.lambda$applyTransaction$6(ContainerStateMachine.java:729)
	at java.util.concurrent.CompletableFuture$AsyncSupply.run(CompletableFuture.java:1590)
	at java.util.concurrent.ThreadPoolExecutor.runWorker(ThreadPoolExecutor.java:1149)
	at java.util.concurrent.ThreadPoolExecutor$Worker.run(ThreadPoolExecutor.java:624)
	at java.lang.Thread.run(Thread.java:748)
2019-10-08 01:19:49,462 [RatisApplyTransactionExecutor 1] ERROR ratis.ContainerStateMachine (ContainerStateMachine.java:lambda$applyTransaction$6(731)) - gid group-C8C4CB1D2DFD : ApplyTransaction failed. cmd CreateContainer logIndex 7 exception {}
java.lang.IllegalArgumentException
	at com.google.common.base.Preconditions.checkArgument(Preconditions.java:72)
	at org.apache.hadoop.ozone.container.keyvalue.KeyValueHandler.handleCreateContainer(KeyValueHandler.java:215)
	at org.apache.hadoop.ozone.container.keyvalue.KeyValueHandler.handle(KeyValueHandler.java:152)
	at org.apache.hadoop.ozone.container.common.impl.HddsDispatcher.dispatchRequest(HddsDispatcher.java:275)
	at org.apache.hadoop.ozone.container.common.impl.HddsDispatcher.dispatch(HddsDispatcher.java:150)
	at org.apache.hadoop.ozone.container.common.transport.server.ratis.ContainerStateMachine.dispatchCommand(ContainerStateMachine.java:411)
	at org.apache.hadoop.ozone.container.common.transport.server.ratis.ContainerStateMachine.runCommand(ContainerStateMachine.java:419)
	at org.apache.hadoop.ozone.container.common.transport.server.ratis.ContainerStateMachine.lambda$applyTransaction$6(ContainerStateMachine.java:729)
	at java.util.concurrent.CompletableFuture$AsyncSupply.run(CompletableFuture.java:1590)
	at java.util.concurrent.ThreadPoolExecutor.runWorker(ThreadPoolExecutor.java:1149)
	at java.util.concurrent.ThreadPoolExecutor$Worker.run(ThreadPoolExecutor.java:624)
	at java.lang.Thread.run(Thread.java:748)
2019-10-08 01:19:49,463 [RatisApplyTransactionExecutor 1] ERROR ratis.ContainerStateMachine (ContainerStateMachine.java:lambda$applyTransaction$6(731)) - gid group-C8C4CB1D2DFD : ApplyTransaction failed. cmd CreateContainer logIndex 7 exception {}
java.lang.IllegalArgumentException
	at com.google.common.base.Preconditions.checkArgument(Preconditions.java:72)
	at org.apache.hadoop.ozone.container.keyvalue.KeyValueHandler.handleCreateContainer(KeyValueHandler.java:215)
	at org.apache.hadoop.ozone.container.keyvalue.KeyValueHandler.handle(KeyValueHandler.java:152)
	at org.apache.hadoop.ozone.container.common.impl.HddsDispatcher.dispatchRequest(HddsDispatcher.java:275)
	at org.apache.hadoop.ozone.container.common.impl.HddsDispatcher.dispatch(HddsDispatcher.java:150)
	at org.apache.hadoop.ozone.container.common.transport.server.ratis.ContainerStateMachine.dispatchCommand(ContainerStateMachine.java:411)
	at org.apache.hadoop.ozone.container.common.transport.server.ratis.ContainerStateMachine.runCommand(ContainerStateMachine.java:419)
	at org.apache.hadoop.ozone.container.common.transport.server.ratis.ContainerStateMachine.lambda$applyTransaction$6(ContainerStateMachine.java:729)
	at java.util.concurrent.CompletableFuture$AsyncSupply.run(CompletableFuture.java:1590)
	at java.util.concurrent.ThreadPoolExecutor.runWorker(ThreadPoolExecutor.java:1149)
	at java.util.concurrent.ThreadPoolExecutor$Worker.run(ThreadPoolExecutor.java:624)
	at java.lang.Thread.run(Thread.java:748)
2019-10-08 01:21:21,432 [main] INFO  ozone.MiniOzoneClusterImpl (MiniOzoneClusterImpl.java:shutdown(314)) - Shutting down the Mini Ozone Cluster
2019-10-08 01:21:21,434 [main] INFO  ozone.MiniOzoneClusterImpl (MiniOzoneClusterImpl.java:stop(330)) - Stopping the Mini Ozone Cluster
2019-10-08 01:21:21,434 [main] INFO  ozone.MiniOzoneClusterImpl (MiniOzoneClusterImpl.java:stopOM(400)) - Stopping the OzoneManager
2019-10-08 01:21:21,434 [main] INFO  ipc.Server (Server.java:stop(3082)) - Stopping server on 44569
2019-10-08 01:21:21,451 [IPC Server listener on 44569] INFO  ipc.Server (Server.java:run(1185)) - Stopping IPC Server listener on 44569
2019-10-08 01:21:21,466 [main] INFO  ratis.OzoneManagerDoubleBuffer (OzoneManagerDoubleBuffer.java:stop(248)) - Stopping OMDoubleBuffer flush thread
2019-10-08 01:21:21,470 [IPC Server Responder] INFO  ipc.Server (Server.java:run(1319)) - Stopping IPC Server Responder
2019-10-08 01:21:21,471 [OMDoubleBufferFlushThread] INFO  ratis.OzoneManagerDoubleBuffer (OzoneManagerDoubleBuffer.java:flushTransactions(191)) - OMDoubleBuffer flush thread OMDoubleBufferFlushThread is interrupted and will exit. OMDoubleBufferFlushThread
2019-10-08 01:21:21,471 [main] INFO  utils.BackgroundService (BackgroundService.java:shutdown(148)) - Shutting down service KeyDeletingService
2019-10-08 01:21:21,474 [main] INFO  handler.ContextHandler (ContextHandler.java:doStop(910)) - Stopped o.e.j.w.WebAppContext@fb49fdf{/,null,UNAVAILABLE}{/ozoneManager}
2019-10-08 01:21:21,475 [main] INFO  server.AbstractConnector (AbstractConnector.java:doStop(318)) - Stopped ServerConnector@3a2e9f5b{HTTP/1.1,[http/1.1]}{0.0.0.0:0}
2019-10-08 01:21:21,475 [main] INFO  handler.ContextHandler (ContextHandler.java:doStop(910)) - Stopped o.e.j.s.ServletContextHandler@5b20706{/static,file:///workdir/hadoop-ozone/integration-test/target/test-classes/webapps/static,UNAVAILABLE}
2019-10-08 01:21:21,476 [main] INFO  handler.ContextHandler (ContextHandler.java:doStop(910)) - Stopped o.e.j.s.ServletContextHandler@6d33a66e{/logs,file:///workdir/hadoop-ozone/integration-test/target/log,UNAVAILABLE}
2019-10-08 01:21:21,480 [main] INFO  ozone.MiniOzoneClusterImpl (MiniOzoneClusterImpl.java:stopDatanodes(377)) - Stopping the HddsDatanodes
2019-10-08 01:21:21,657 [Datanode State Machine Thread - 0] INFO  statemachine.DatanodeStateMachine (DatanodeStateMachine.java:lambda$startDaemon$0(350)) - Ozone container server started.
2019-10-08 01:21:22,474 [Datanode State Machine Thread - 0] INFO  statemachine.DatanodeStateMachine (DatanodeStateMachine.java:lambda$startDaemon$0(350)) - Ozone container server started.
2019-10-08 01:21:26,482 [main] INFO  ozoneimpl.OzoneContainer (OzoneContainer.java:stop(227)) - Attempting to stop container services.
2019-10-08 01:21:26,482 [ForkJoinPool.commonPool-worker-0] INFO  ozoneimpl.OzoneContainer (OzoneContainer.java:stop(227)) - Attempting to stop container services.
2019-10-08 01:21:26,484 [main] INFO  impl.RaftServerProxy (RaftServerProxy.java:lambda$close$4(314)) - f468a72b-db34-4dab-93e9-b316303692ee: close
2019-10-08 01:21:26,485 [ForkJoinPool.commonPool-worker-0] INFO  impl.RaftServerProxy (RaftServerProxy.java:lambda$close$4(314)) - 7cdf9f46-8911-4734-b4bf-89adcea7d6f9: close
2019-10-08 01:21:26,485 [main] INFO  impl.RaftServerImpl (RaftServerImpl.java:lambda$shutdown$3(247)) - f468a72b-db34-4dab-93e9-b316303692ee@group-CBDA24297DB0: shutdown
2019-10-08 01:21:26,485 [ForkJoinPool.commonPool-worker-0] INFO  impl.RaftServerImpl (RaftServerImpl.java:lambda$shutdown$3(247)) - 7cdf9f46-8911-4734-b4bf-89adcea7d6f9@group-C8C4CB1D2DFD: shutdown
2019-10-08 01:21:26,486 [main] INFO  util.JmxRegister (JmxRegister.java:unregister(73)) - Successfully un-registered JMX Bean with object name Ratis:service=RaftServer,group=group-CBDA24297DB0,id=f468a72b-db34-4dab-93e9-b316303692ee
2019-10-08 01:21:26,486 [ForkJoinPool.commonPool-worker-0] INFO  util.JmxRegister (JmxRegister.java:unregister(73)) - Successfully un-registered JMX Bean with object name Ratis:service=RaftServer,group=group-C8C4CB1D2DFD,id=7cdf9f46-8911-4734-b4bf-89adcea7d6f9
2019-10-08 01:21:26,487 [main] INFO  impl.RoleInfo (RoleInfo.java:shutdownLeaderState(104)) - f468a72b-db34-4dab-93e9-b316303692ee: shutdown LeaderState
2019-10-08 01:21:26,487 [ForkJoinPool.commonPool-worker-0] INFO  impl.RoleInfo (RoleInfo.java:shutdownFollowerState(121)) - 7cdf9f46-8911-4734-b4bf-89adcea7d6f9: shutdown FollowerState
2019-10-08 01:21:26,487 [main] INFO  impl.PendingRequests (PendingRequests.java:sendNotLeaderResponses(202)) - f468a72b-db34-4dab-93e9-b316303692ee@group-CBDA24297DB0-PendingRequests: sendNotLeaderResponses
2019-10-08 01:21:26,488 [7cdf9f46-8911-4734-b4bf-89adcea7d6f9@group-C8C4CB1D2DFD-StateMachineUpdater] INFO  ratis.ContainerStateMachine (ContainerStateMachine.java:takeSnapshot(294)) - group-C8C4CB1D2DFD: Taking a snapshot at:(t:1, i:6) file /workdir/hadoop-ozone/integration-test/target/test-dir/MiniOzoneClusterImpl-34025f89-607b-4463-91d2-320d90cd8ada/datanode-1/data/ratis/9974705c-9866-4b19-965e-c8c4cb1d2dfd/sm/snapshot.1_6
2019-10-08 01:21:26,488 [Thread-766] INFO  impl.FollowerState (FollowerState.java:run(117)) - 7cdf9f46-8911-4734-b4bf-89adcea7d6f9@group-C8C4CB1D2DFD-FollowerState was interrupted: java.lang.InterruptedException: sleep interrupted
2019-10-08 01:21:26,488 [ForkJoinPool.commonPool-worker-0] INFO  impl.StateMachineUpdater (StateMachineUpdater.java:stopAndJoin(136)) - 7cdf9f46-8911-4734-b4bf-89adcea7d6f9@group-C8C4CB1D2DFD-StateMachineUpdater: set stopIndex = 8
2019-10-08 01:21:26,495 [main] INFO  impl.StateMachineUpdater (StateMachineUpdater.java:stopAndJoin(136)) - f468a72b-db34-4dab-93e9-b316303692ee@group-CBDA24297DB0-StateMachineUpdater: set stopIndex = 0
2019-10-08 01:21:26,495 [main] INFO  impl.RaftServerImpl (ServerState.java:close(387)) - f468a72b-db34-4dab-93e9-b316303692ee@group-CBDA24297DB0: closes. applyIndex: 0
2019-10-08 01:21:26,496 [f468a72b-db34-4dab-93e9-b316303692ee@group-CBDA24297DB0-SegmentedRaftLogWorker] INFO  segmented.SegmentedRaftLogWorker (SegmentedRaftLogWorker.java:run(316)) - f468a72b-db34-4dab-93e9-b316303692ee@group-CBDA24297DB0-SegmentedRaftLogWorker was interrupted, exiting. There are 0 tasks remaining in the queue.
2019-10-08 01:21:26,500 [main] INFO  segmented.SegmentedRaftLogWorker (SegmentedRaftLogWorker.java:close(224)) - f468a72b-db34-4dab-93e9-b316303692ee@group-CBDA24297DB0-SegmentedRaftLogWorker close()
2019-10-08 01:21:26,505 [main] INFO  impl.RaftServerImpl (RaftServerImpl.java:lambda$shutdown$3(247)) - f468a72b-db34-4dab-93e9-b316303692ee@group-20D9C5572107: shutdown
2019-10-08 01:21:26,505 [7cdf9f46-8911-4734-b4bf-89adcea7d6f9@group-C8C4CB1D2DFD-StateMachineUpdater] INFO  ratis.ContainerStateMachine (ContainerStateMachine.java:takeSnapshot(305)) - group-C8C4CB1D2DFD: Finished taking a snapshot at:(t:1, i:6) file:/workdir/hadoop-ozone/integration-test/target/test-dir/MiniOzoneClusterImpl-34025f89-607b-4463-91d2-320d90cd8ada/datanode-1/data/ratis/9974705c-9866-4b19-965e-c8c4cb1d2dfd/sm/snapshot.1_6 time:17
2019-10-08 01:21:26,506 [main] INFO  util.JmxRegister (JmxRegister.java:unregister(73)) - Successfully un-registered JMX Bean with object name Ratis:service=RaftServer,group=group-20D9C5572107,id=f468a72b-db34-4dab-93e9-b316303692ee
2019-10-08 01:21:26,506 [7cdf9f46-8911-4734-b4bf-89adcea7d6f9@group-C8C4CB1D2DFD-StateMachineUpdater] INFO  impl.StateMachineUpdater (StateMachineUpdater.java:takeSnapshot(269)) - 7cdf9f46-8911-4734-b4bf-89adcea7d6f9@group-C8C4CB1D2DFD-StateMachineUpdater: Took a snapshot at index 6
2019-10-08 01:21:26,506 [main] INFO  impl.RoleInfo (RoleInfo.java:shutdownFollowerState(121)) - f468a72b-db34-4dab-93e9-b316303692ee: shutdown FollowerState
2019-10-08 01:21:26,506 [7cdf9f46-8911-4734-b4bf-89adcea7d6f9@group-C8C4CB1D2DFD-StateMachineUpdater] INFO  impl.StateMachineUpdater (StateMachineUpdater.java:lambda$new$0(84)) - 7cdf9f46-8911-4734-b4bf-89adcea7d6f9@group-C8C4CB1D2DFD-StateMachineUpdater: snapshotIndex: updateIncreasingly -1 -> 6
2019-10-08 01:21:26,507 [main] INFO  impl.StateMachineUpdater (StateMachineUpdater.java:stopAndJoin(136)) - f468a72b-db34-4dab-93e9-b316303692ee@group-20D9C5572107-StateMachineUpdater: set stopIndex = 0
2019-10-08 01:21:26,507 [7cdf9f46-8911-4734-b4bf-89adcea7d6f9@group-C8C4CB1D2DFD-StateMachineUpdater] INFO  ratis.ContainerStateMachine (ContainerStateMachine.java:takeSnapshot(294)) - group-C8C4CB1D2DFD: Taking a snapshot at:(t:1, i:6) file /workdir/hadoop-ozone/integration-test/target/test-dir/MiniOzoneClusterImpl-34025f89-607b-4463-91d2-320d90cd8ada/datanode-1/data/ratis/9974705c-9866-4b19-965e-c8c4cb1d2dfd/sm/snapshot.1_6
2019-10-08 01:21:26,507 [Thread-779] INFO  impl.FollowerState (FollowerState.java:run(117)) - f468a72b-db34-4dab-93e9-b316303692ee@group-20D9C5572107-FollowerState was interrupted: java.lang.InterruptedException: sleep interrupted
2019-10-08 01:21:26,510 [main] INFO  impl.RaftServerImpl (ServerState.java:close(387)) - f468a72b-db34-4dab-93e9-b316303692ee@group-20D9C5572107: closes. applyIndex: 0
2019-10-08 01:21:26,511 [f468a72b-db34-4dab-93e9-b316303692ee@group-20D9C5572107-SegmentedRaftLogWorker] INFO  segmented.SegmentedRaftLogWorker (SegmentedRaftLogWorker.java:run(316)) - f468a72b-db34-4dab-93e9-b316303692ee@group-20D9C5572107-SegmentedRaftLogWorker was interrupted, exiting. There are 0 tasks remaining in the queue.
2019-10-08 01:21:26,514 [main] INFO  segmented.SegmentedRaftLogWorker (SegmentedRaftLogWorker.java:close(224)) - f468a72b-db34-4dab-93e9-b316303692ee@group-20D9C5572107-SegmentedRaftLogWorker close()
2019-10-08 01:21:26,519 [main] INFO  server.GrpcService (GrpcService.java:closeImpl(164)) - f468a72b-db34-4dab-93e9-b316303692ee: shutdown server with port 44024 now
2019-10-08 01:21:26,522 [grpc-default-executor-5] WARN  server.GrpcServerProtocolService (LogUtils.java:warn(134)) - f468a72b-db34-4dab-93e9-b316303692ee: installSnapshot onError, lastRequest: 39a715e3-69f4-478a-8cae-5ee26c4d7592->f468a72b-db34-4dab-93e9-b316303692ee#40-t1, previous=(t:1, i:0), leaderCommit=0, initializing? false, entries: <empty>: org.apache.ratis.thirdparty.io.grpc.StatusRuntimeException: CANCELLED: cancelled before receiving half close
2019-10-08 01:21:26,522 [main] INFO  server.GrpcService (GrpcService.java:closeImpl(172)) - f468a72b-db34-4dab-93e9-b316303692ee: shutdown server with port 44024 successfully
2019-10-08 01:21:26,527 [7cdf9f46-8911-4734-b4bf-89adcea7d6f9@group-C8C4CB1D2DFD-StateMachineUpdater] INFO  ratis.ContainerStateMachine (ContainerStateMachine.java:takeSnapshot(305)) - group-C8C4CB1D2DFD: Finished taking a snapshot at:(t:1, i:6) file:/workdir/hadoop-ozone/integration-test/target/test-dir/MiniOzoneClusterImpl-34025f89-607b-4463-91d2-320d90cd8ada/datanode-1/data/ratis/9974705c-9866-4b19-965e-c8c4cb1d2dfd/sm/snapshot.1_6 time:19
2019-10-08 01:21:26,527 [7cdf9f46-8911-4734-b4bf-89adcea7d6f9@group-C8C4CB1D2DFD-StateMachineUpdater] INFO  impl.StateMachineUpdater (StateMachineUpdater.java:takeSnapshot(269)) - 7cdf9f46-8911-4734-b4bf-89adcea7d6f9@group-C8C4CB1D2DFD-StateMachineUpdater: Took a snapshot at index 6
2019-10-08 01:21:26,527 [grpc-default-executor-6] WARN  server.GrpcLogAppender (LogUtils.java:warn(134)) - 39a715e3-69f4-478a-8cae-5ee26c4d7592@group-20D9C5572107->f468a72b-db34-4dab-93e9-b316303692ee-AppendLogResponseHandler: Failed appendEntries: org.apache.ratis.thirdparty.io.grpc.StatusRuntimeException: CANCELLED: HTTP/2 error code: CANCEL
Received Rst Stream
2019-10-08 01:21:26,527 [7cdf9f46-8911-4734-b4bf-89adcea7d6f9@group-C8C4CB1D2DFD-StateMachineUpdater] INFO  impl.StateMachineUpdater (StateMachineUpdater.java:lambda$new$0(84)) - 7cdf9f46-8911-4734-b4bf-89adcea7d6f9@group-C8C4CB1D2DFD-StateMachineUpdater: snapshotIndex: updateIncreasingly 6 -> 6
2019-10-08 01:21:26,528 [grpc-default-executor-6] INFO  impl.FollowerInfo (FollowerInfo.java:lambda$new$0(51)) - 39a715e3-69f4-478a-8cae-5ee26c4d7592@group-20D9C5572107->f468a72b-db34-4dab-93e9-b316303692ee: nextIndex: updateUnconditionally 1 -> 0
2019-10-08 01:21:26,530 [ForkJoinPool.commonPool-worker-0] INFO  impl.RaftServerImpl (ServerState.java:close(387)) - 7cdf9f46-8911-4734-b4bf-89adcea7d6f9@group-C8C4CB1D2DFD: closes. applyIndex: 8
2019-10-08 01:21:26,531 [7cdf9f46-8911-4734-b4bf-89adcea7d6f9@group-C8C4CB1D2DFD-SegmentedRaftLogWorker] INFO  segmented.SegmentedRaftLogWorker (SegmentedRaftLogWorker.java:run(316)) - 7cdf9f46-8911-4734-b4bf-89adcea7d6f9@group-C8C4CB1D2DFD-SegmentedRaftLogWorker was interrupted, exiting. There are 0 tasks remaining in the queue.
2019-10-08 01:21:26,533 [ForkJoinPool.commonPool-worker-0] INFO  segmented.SegmentedRaftLogWorker (SegmentedRaftLogWorker.java:close(224)) - 7cdf9f46-8911-4734-b4bf-89adcea7d6f9@group-C8C4CB1D2DFD-SegmentedRaftLogWorker close()
2019-10-08 01:21:26,533 [refreshUsed-/workdir/hadoop-ozone/integration-test/target/test-dir/MiniOzoneClusterImpl-34025f89-607b-4463-91d2-320d90cd8ada/datanode-4/data/containers] WARN  fs.CachingGetSpaceUsed (CachingGetSpaceUsed.java:run(183)) - Thread Interrupted waiting to refresh disk information: sleep interrupted
2019-10-08 01:21:26,536 [ForkJoinPool.commonPool-worker-0] INFO  impl.RaftServerImpl (RaftServerImpl.java:lambda$shutdown$3(247)) - 7cdf9f46-8911-4734-b4bf-89adcea7d6f9@group-676D0EB58207: shutdown
2019-10-08 01:21:26,537 [ForkJoinPool.commonPool-worker-0] INFO  util.JmxRegister (JmxRegister.java:unregister(73)) - Successfully un-registered JMX Bean with object name Ratis:service=RaftServer,group=group-676D0EB58207,id=7cdf9f46-8911-4734-b4bf-89adcea7d6f9
2019-10-08 01:21:26,537 [ForkJoinPool.commonPool-worker-0] INFO  impl.RoleInfo (RoleInfo.java:shutdownLeaderState(104)) - 7cdf9f46-8911-4734-b4bf-89adcea7d6f9: shutdown LeaderState
2019-10-08 01:21:26,538 [ForkJoinPool.commonPool-worker-0] INFO  impl.PendingRequests (PendingRequests.java:sendNotLeaderResponses(202)) - 7cdf9f46-8911-4734-b4bf-89adcea7d6f9@group-676D0EB58207-PendingRequests: sendNotLeaderResponses
2019-10-08 01:21:26,538 [ForkJoinPool.commonPool-worker-0] INFO  impl.StateMachineUpdater (StateMachineUpdater.java:stopAndJoin(136)) - 7cdf9f46-8911-4734-b4bf-89adcea7d6f9@group-676D0EB58207-StateMachineUpdater: set stopIndex = 0
2019-10-08 01:21:26,539 [ForkJoinPool.commonPool-worker-0] INFO  impl.RaftServerImpl (ServerState.java:close(387)) - 7cdf9f46-8911-4734-b4bf-89adcea7d6f9@group-676D0EB58207: closes. applyIndex: 0
2019-10-08 01:21:26,540 [7cdf9f46-8911-4734-b4bf-89adcea7d6f9@group-676D0EB58207-SegmentedRaftLogWorker] INFO  segmented.SegmentedRaftLogWorker (SegmentedRaftLogWorker.java:run(316)) - 7cdf9f46-8911-4734-b4bf-89adcea7d6f9@group-676D0EB58207-SegmentedRaftLogWorker was interrupted, exiting. There are 0 tasks remaining in the queue.
2019-10-08 01:21:26,542 [ForkJoinPool.commonPool-worker-0] INFO  segmented.SegmentedRaftLogWorker (SegmentedRaftLogWorker.java:close(224)) - 7cdf9f46-8911-4734-b4bf-89adcea7d6f9@group-676D0EB58207-SegmentedRaftLogWorker close()
2019-10-08 01:21:26,554 [ForkJoinPool.commonPool-worker-0] INFO  server.GrpcService (GrpcService.java:closeImpl(164)) - 7cdf9f46-8911-4734-b4bf-89adcea7d6f9: shutdown server with port 36709 now
2019-10-08 01:21:26,555 [grpc-default-executor-5] WARN  server.GrpcServerProtocolService (LogUtils.java:warn(134)) - 7cdf9f46-8911-4734-b4bf-89adcea7d6f9: installSnapshot onError, lastRequest: 9632e278-e61f-453f-86eb-f7ef209c65f6->7cdf9f46-8911-4734-b4bf-89adcea7d6f9#47-t1, previous=(t:1, i:8), leaderCommit=8, initializing? false, entries: <empty>: org.apache.ratis.thirdparty.io.grpc.StatusRuntimeException: CANCELLED: cancelled before receiving half close
2019-10-08 01:21:26,555 [grpc-default-executor-4] WARN  server.GrpcLogAppender (LogUtils.java:warn(134)) - 9632e278-e61f-453f-86eb-f7ef209c65f6@group-C8C4CB1D2DFD->7cdf9f46-8911-4734-b4bf-89adcea7d6f9-AppendLogResponseHandler: Failed appendEntries: org.apache.ratis.thirdparty.io.grpc.StatusRuntimeException: CANCELLED: HTTP/2 error code: CANCEL
Received Rst Stream
2019-10-08 01:21:26,555 [ForkJoinPool.commonPool-worker-0] INFO  server.GrpcService (GrpcService.java:closeImpl(172)) - 7cdf9f46-8911-4734-b4bf-89adcea7d6f9: shutdown server with port 36709 successfully
2019-10-08 01:21:26,556 [grpc-default-executor-4] INFO  impl.FollowerInfo (FollowerInfo.java:lambda$new$0(51)) - 9632e278-e61f-453f-86eb-f7ef209c65f6@group-C8C4CB1D2DFD->7cdf9f46-8911-4734-b4bf-89adcea7d6f9: nextIndex: updateUnconditionally 9 -> 8
2019-10-08 01:21:26,558 [refreshUsed-/workdir/hadoop-ozone/integration-test/target/test-dir/MiniOzoneClusterImpl-34025f89-607b-4463-91d2-320d90cd8ada/datanode-1/data/containers] WARN  fs.CachingGetSpaceUsed (CachingGetSpaceUsed.java:run(183)) - Thread Interrupted waiting to refresh disk information: sleep interrupted
2019-10-08 01:21:26,558 [grpc-default-executor-7] WARN  client.GrpcClientProtocolService (LogUtils.java:warn(134)) - 49-OrderedRequestStreamObserver49: onError: org.apache.ratis.thirdparty.io.grpc.StatusRuntimeException: CANCELLED: cancelled before receiving half close
2019-10-08 01:21:26,573 [ForkJoinPool.commonPool-worker-0] INFO  utils.BackgroundService (BackgroundService.java:shutdown(148)) - Shutting down service BlockDeletingService
2019-10-08 01:21:26,573 [main] INFO  utils.BackgroundService (BackgroundService.java:shutdown(148)) - Shutting down service BlockDeletingService
2019-10-08 01:21:26,581 [main] INFO  statemachine.DatanodeStateMachine (DatanodeStateMachine.java:stopDaemon(395)) - Ozone container server stopped.
2019-10-08 01:21:26,583 [ForkJoinPool.commonPool-worker-0] INFO  statemachine.DatanodeStateMachine (DatanodeStateMachine.java:stopDaemon(395)) - Ozone container server stopped.
2019-10-08 01:21:26,590 [ForkJoinPool.commonPool-worker-0] INFO  handler.ContextHandler (ContextHandler.java:doStop(910)) - Stopped o.e.j.w.WebAppContext@d16be4f{/,null,UNAVAILABLE}{/hddsDatanode}
2019-10-08 01:21:26,590 [main] INFO  handler.ContextHandler (ContextHandler.java:doStop(910)) - Stopped o.e.j.w.WebAppContext@4c0e426a{/,null,UNAVAILABLE}{/hddsDatanode}
2019-10-08 01:21:26,591 [ForkJoinPool.commonPool-worker-0] INFO  server.AbstractConnector (AbstractConnector.java:doStop(318)) - Stopped ServerConnector@17b37e9a{HTTP/1.1,[http/1.1]}{0.0.0.0:0}
2019-10-08 01:21:26,591 [main] INFO  server.AbstractConnector (AbstractConnector.java:doStop(318)) - Stopped ServerConnector@713ec32d{HTTP/1.1,[http/1.1]}{0.0.0.0:0}
2019-10-08 01:21:26,594 [ForkJoinPool.commonPool-worker-0] INFO  handler.ContextHandler (ContextHandler.java:doStop(910)) - Stopped o.e.j.s.ServletContextHandler@4c6b4ed7{/static,jar:file:/home/user/.m2/repository/org/apache/hadoop/hadoop-hdds-container-service/0.5.0-SNAPSHOT/hadoop-hdds-container-service-0.5.0-SNAPSHOT.jar!/webapps/static,UNAVAILABLE}
2019-10-08 01:21:26,594 [main] INFO  handler.ContextHandler (ContextHandler.java:doStop(910)) - Stopped o.e.j.s.ServletContextHandler@610d28b8{/static,jar:file:/home/user/.m2/repository/org/apache/hadoop/hadoop-hdds-container-service/0.5.0-SNAPSHOT/hadoop-hdds-container-service-0.5.0-SNAPSHOT.jar!/webapps/static,UNAVAILABLE}
2019-10-08 01:21:26,596 [ForkJoinPool.commonPool-worker-0] INFO  handler.ContextHandler (ContextHandler.java:doStop(910)) - Stopped o.e.j.s.ServletContextHandler@39ee94de{/logs,file:///workdir/hadoop-ozone/integration-test/target/log,UNAVAILABLE}
2019-10-08 01:21:26,596 [main] INFO  handler.ContextHandler (ContextHandler.java:doStop(910)) - Stopped o.e.j.s.ServletContextHandler@6dd36ab6{/logs,file:///workdir/hadoop-ozone/integration-test/target/log,UNAVAILABLE}
2019-10-08 01:21:27,100 [grpc-default-executor-4] WARN  server.GrpcLogAppender (LogUtils.java:warn(134)) - 9632e278-e61f-453f-86eb-f7ef209c65f6@group-C8C4CB1D2DFD->7cdf9f46-8911-4734-b4bf-89adcea7d6f9-AppendLogResponseHandler: Failed appendEntries: org.apache.ratis.thirdparty.io.grpc.StatusRuntimeException: UNAVAILABLE: io exception
2019-10-08 01:21:27,101 [grpc-default-executor-4] INFO  impl.FollowerInfo (FollowerInfo.java:lambda$new$0(51)) - 9632e278-e61f-453f-86eb-f7ef209c65f6@group-C8C4CB1D2DFD->7cdf9f46-8911-4734-b4bf-89adcea7d6f9: nextIndex: updateUnconditionally 8 -> 7
2019-10-08 01:21:27,451 [Datanode State Machine Thread - 0] INFO  statemachine.DatanodeStateMachine (DatanodeStateMachine.java:lambda$startDaemon$0(350)) - Ozone container server started.
2019-10-08 01:21:27,587 [Datanode State Machine Thread - 0] INFO  statemachine.DatanodeStateMachine (DatanodeStateMachine.java:lambda$startDaemon$0(350)) - Ozone container server started.
2019-10-08 01:21:28,547 [grpc-default-executor-6] WARN  server.GrpcLogAppender (LogUtils.java:warn(134)) - 39a715e3-69f4-478a-8cae-5ee26c4d7592@group-20D9C5572107->f468a72b-db34-4dab-93e9-b316303692ee-AppendLogResponseHandler: Failed appendEntries: org.apache.ratis.thirdparty.io.grpc.StatusRuntimeException: UNAVAILABLE: io exception
2019-10-08 01:21:28,548 [grpc-default-executor-6] INFO  impl.FollowerInfo (FollowerInfo.java:lambda$new$0(51)) - 39a715e3-69f4-478a-8cae-5ee26c4d7592@group-20D9C5572107->f468a72b-db34-4dab-93e9-b316303692ee: nextIndex: updateUnconditionally 0 -> 0
2019-10-08 01:21:29,601 [grpc-default-executor-4] WARN  server.GrpcLogAppender (LogUtils.java:warn(134)) - 9632e278-e61f-453f-86eb-f7ef209c65f6@group-C8C4CB1D2DFD->7cdf9f46-8911-4734-b4bf-89adcea7d6f9-AppendLogResponseHandler: Failed appendEntries: org.apache.ratis.thirdparty.io.grpc.StatusRuntimeException: UNAVAILABLE: io exception
2019-10-08 01:21:29,602 [grpc-default-executor-4] INFO  impl.FollowerInfo (FollowerInfo.java:lambda$new$0(51)) - 9632e278-e61f-453f-86eb-f7ef209c65f6@group-C8C4CB1D2DFD->7cdf9f46-8911-4734-b4bf-89adcea7d6f9: nextIndex: updateUnconditionally 7 -> 6
2019-10-08 01:21:31,054 [grpc-default-executor-7] WARN  server.GrpcLogAppender (LogUtils.java:warn(134)) - 39a715e3-69f4-478a-8cae-5ee26c4d7592@group-20D9C5572107->f468a72b-db34-4dab-93e9-b316303692ee-AppendLogResponseHandler: Failed appendEntries: org.apache.ratis.thirdparty.io.grpc.StatusRuntimeException: UNAVAILABLE: io exception
2019-10-08 01:21:31,055 [grpc-default-executor-7] INFO  impl.FollowerInfo (FollowerInfo.java:lambda$new$0(51)) - 39a715e3-69f4-478a-8cae-5ee26c4d7592@group-20D9C5572107->f468a72b-db34-4dab-93e9-b316303692ee: nextIndex: updateUnconditionally 0 -> 0
2019-10-08 01:21:31,599 [ForkJoinPool.commonPool-worker-0] INFO  ozoneimpl.OzoneContainer (OzoneContainer.java:stop(227)) - Attempting to stop container services.
2019-10-08 01:21:31,599 [main] INFO  ozoneimpl.OzoneContainer (OzoneContainer.java:stop(227)) - Attempting to stop container services.
2019-10-08 01:21:31,600 [ForkJoinPool.commonPool-worker-0] INFO  impl.RaftServerProxy (RaftServerProxy.java:lambda$close$4(314)) - 9632e278-e61f-453f-86eb-f7ef209c65f6: close
2019-10-08 01:21:31,601 [main] INFO  impl.RaftServerProxy (RaftServerProxy.java:lambda$close$4(314)) - d4385ab4-8058-426a-99a6-00a1621aa878: close
2019-10-08 01:21:31,601 [ForkJoinPool.commonPool-worker-0] INFO  impl.RaftServerImpl (RaftServerImpl.java:lambda$shutdown$3(247)) - 9632e278-e61f-453f-86eb-f7ef209c65f6@group-E36C5759EF2D: shutdown
2019-10-08 01:21:31,602 [main] INFO  impl.RaftServerImpl (RaftServerImpl.java:lambda$shutdown$3(247)) - d4385ab4-8058-426a-99a6-00a1621aa878@group-8BF7922A099A: shutdown
2019-10-08 01:21:31,602 [ForkJoinPool.commonPool-worker-0] INFO  util.JmxRegister (JmxRegister.java:unregister(73)) - Successfully un-registered JMX Bean with object name Ratis:service=RaftServer,group=group-E36C5759EF2D,id=9632e278-e61f-453f-86eb-f7ef209c65f6
2019-10-08 01:21:31,602 [main] INFO  util.JmxRegister (JmxRegister.java:unregister(73)) - Successfully un-registered JMX Bean with object name Ratis:service=RaftServer,group=group-8BF7922A099A,id=d4385ab4-8058-426a-99a6-00a1621aa878
2019-10-08 01:21:31,603 [ForkJoinPool.commonPool-worker-0] INFO  impl.RoleInfo (RoleInfo.java:shutdownLeaderState(104)) - 9632e278-e61f-453f-86eb-f7ef209c65f6: shutdown LeaderState
2019-10-08 01:21:31,603 [main] INFO  impl.RoleInfo (RoleInfo.java:shutdownLeaderState(104)) - d4385ab4-8058-426a-99a6-00a1621aa878: shutdown LeaderState
2019-10-08 01:21:31,604 [ForkJoinPool.commonPool-worker-0] INFO  impl.PendingRequests (PendingRequests.java:sendNotLeaderResponses(202)) - 9632e278-e61f-453f-86eb-f7ef209c65f6@group-E36C5759EF2D-PendingRequests: sendNotLeaderResponses
2019-10-08 01:21:31,604 [main] INFO  impl.PendingRequests (PendingRequests.java:sendNotLeaderResponses(202)) - d4385ab4-8058-426a-99a6-00a1621aa878@group-8BF7922A099A-PendingRequests: sendNotLeaderResponses
2019-10-08 01:21:31,605 [main] INFO  impl.StateMachineUpdater (StateMachineUpdater.java:stopAndJoin(136)) - d4385ab4-8058-426a-99a6-00a1621aa878@group-8BF7922A099A-StateMachineUpdater: set stopIndex = 0
2019-10-08 01:21:31,605 [ForkJoinPool.commonPool-worker-0] INFO  impl.StateMachineUpdater (StateMachineUpdater.java:stopAndJoin(136)) - 9632e278-e61f-453f-86eb-f7ef209c65f6@group-E36C5759EF2D-StateMachineUpdater: set stopIndex = 0
2019-10-08 01:21:31,606 [main] INFO  impl.RaftServerImpl (ServerState.java:close(387)) - d4385ab4-8058-426a-99a6-00a1621aa878@group-8BF7922A099A: closes. applyIndex: 0
2019-10-08 01:21:31,606 [ForkJoinPool.commonPool-worker-0] INFO  impl.RaftServerImpl (ServerState.java:close(387)) - 9632e278-e61f-453f-86eb-f7ef209c65f6@group-E36C5759EF2D: closes. applyIndex: 0
2019-10-08 01:21:31,607 [d4385ab4-8058-426a-99a6-00a1621aa878@group-8BF7922A099A-SegmentedRaftLogWorker] INFO  segmented.SegmentedRaftLogWorker (SegmentedRaftLogWorker.java:run(316)) - d4385ab4-8058-426a-99a6-00a1621aa878@group-8BF7922A099A-SegmentedRaftLogWorker was interrupted, exiting. There are 0 tasks remaining in the queue.
2019-10-08 01:21:31,607 [9632e278-e61f-453f-86eb-f7ef209c65f6@group-E36C5759EF2D-SegmentedRaftLogWorker] INFO  segmented.SegmentedRaftLogWorker (SegmentedRaftLogWorker.java:run(316)) - 9632e278-e61f-453f-86eb-f7ef209c65f6@group-E36C5759EF2D-SegmentedRaftLogWorker was interrupted, exiting. There are 0 tasks remaining in the queue.
2019-10-08 01:21:31,612 [main] INFO  segmented.SegmentedRaftLogWorker (SegmentedRaftLogWorker.java:close(224)) - d4385ab4-8058-426a-99a6-00a1621aa878@group-8BF7922A099A-SegmentedRaftLogWorker close()
2019-10-08 01:21:31,615 [main] INFO  server.GrpcService (GrpcService.java:closeImpl(164)) - d4385ab4-8058-426a-99a6-00a1621aa878: shutdown server with port 42669 now
2019-10-08 01:21:31,617 [main] INFO  server.GrpcService (GrpcService.java:closeImpl(172)) - d4385ab4-8058-426a-99a6-00a1621aa878: shutdown server with port 42669 successfully
2019-10-08 01:21:31,622 [ForkJoinPool.commonPool-worker-0] INFO  segmented.SegmentedRaftLogWorker (SegmentedRaftLogWorker.java:close(224)) - 9632e278-e61f-453f-86eb-f7ef209c65f6@group-E36C5759EF2D-SegmentedRaftLogWorker close()
2019-10-08 01:21:31,625 [ForkJoinPool.commonPool-worker-0] INFO  impl.RaftServerImpl (RaftServerImpl.java:lambda$shutdown$3(247)) - 9632e278-e61f-453f-86eb-f7ef209c65f6@group-C8C4CB1D2DFD: shutdown
2019-10-08 01:21:31,626 [ForkJoinPool.commonPool-worker-0] INFO  util.JmxRegister (JmxRegister.java:unregister(73)) - Successfully un-registered JMX Bean with object name Ratis:service=RaftServer,group=group-C8C4CB1D2DFD,id=9632e278-e61f-453f-86eb-f7ef209c65f6
2019-10-08 01:21:31,626 [refreshUsed-/workdir/hadoop-ozone/integration-test/target/test-dir/MiniOzoneClusterImpl-34025f89-607b-4463-91d2-320d90cd8ada/datanode-3/data/containers] WARN  fs.CachingGetSpaceUsed (CachingGetSpaceUsed.java:run(183)) - Thread Interrupted waiting to refresh disk information: sleep interrupted
2019-10-08 01:21:31,627 [ForkJoinPool.commonPool-worker-0] INFO  impl.RoleInfo (RoleInfo.java:shutdownLeaderState(104)) - 9632e278-e61f-453f-86eb-f7ef209c65f6: shutdown LeaderState
2019-10-08 01:21:31,631 [ForkJoinPool.commonPool-worker-0] INFO  impl.PendingRequests (PendingRequests.java:sendNotLeaderResponses(202)) - 9632e278-e61f-453f-86eb-f7ef209c65f6@group-C8C4CB1D2DFD-PendingRequests: sendNotLeaderResponses
2019-10-08 01:21:31,631 [org.apache.ratis.server.impl.LogAppender$AppenderDaemon$$Lambda$532/234657422@69ef2e69] WARN  server.GrpcLogAppender (GrpcLogAppender.java:mayWait(143)) - 9632e278-e61f-453f-86eb-f7ef209c65f6@group-C8C4CB1D2DFD->8b6c070e-86f6-486d-8b05-42cb3ad39897-GrpcLogAppender: Wait interrupted by java.lang.InterruptedException
2019-10-08 01:21:31,631 [org.apache.ratis.server.impl.LogAppender$AppenderDaemon$$Lambda$532/234657422@61850f6a] WARN  server.GrpcLogAppender (GrpcLogAppender.java:mayWait(143)) - 9632e278-e61f-453f-86eb-f7ef209c65f6@group-C8C4CB1D2DFD->7cdf9f46-8911-4734-b4bf-89adcea7d6f9-GrpcLogAppender: Wait interrupted by java.lang.InterruptedException
2019-10-08 01:21:31,634 [ForkJoinPool.commonPool-worker-0] INFO  impl.StateMachineUpdater (StateMachineUpdater.java:stopAndJoin(136)) - 9632e278-e61f-453f-86eb-f7ef209c65f6@group-C8C4CB1D2DFD-StateMachineUpdater: set stopIndex = 8
2019-10-08 01:21:31,635 [9632e278-e61f-453f-86eb-f7ef209c65f6@group-C8C4CB1D2DFD-StateMachineUpdater] INFO  ratis.ContainerStateMachine (ContainerStateMachine.java:takeSnapshot(294)) - group-C8C4CB1D2DFD: Taking a snapshot at:(t:1, i:6) file /workdir/hadoop-ozone/integration-test/target/test-dir/MiniOzoneClusterImpl-34025f89-607b-4463-91d2-320d90cd8ada/datanode-2/data/ratis/9974705c-9866-4b19-965e-c8c4cb1d2dfd/sm/snapshot.1_6
2019-10-08 01:21:31,635 [grpc-default-executor-7] INFO  server.GrpcServerProtocolService (GrpcServerProtocolService.java:onCompleted(113)) - 8b6c070e-86f6-486d-8b05-42cb3ad39897: Completed APPEND_ENTRIES, lastRequest: 9632e278-e61f-453f-86eb-f7ef209c65f6->8b6c070e-86f6-486d-8b05-42cb3ad39897#49-t1, previous=(t:1, i:8), leaderCommit=8, initializing? false, entries: <empty>
2019-10-08 01:21:31,637 [grpc-default-executor-7] INFO  server.GrpcLogAppender (GrpcLogAppender.java:onCompleted(293)) - 9632e278-e61f-453f-86eb-f7ef209c65f6@group-C8C4CB1D2DFD->8b6c070e-86f6-486d-8b05-42cb3ad39897-AppendLogResponseHandler: follower responses appendEntries COMPLETED
2019-10-08 01:21:31,637 [grpc-default-executor-7] INFO  impl.FollowerInfo (FollowerInfo.java:lambda$new$0(51)) - 9632e278-e61f-453f-86eb-f7ef209c65f6@group-C8C4CB1D2DFD->8b6c070e-86f6-486d-8b05-42cb3ad39897: nextIndex: updateUnconditionally 9 -> 8
2019-10-08 01:21:31,649 [9632e278-e61f-453f-86eb-f7ef209c65f6@group-C8C4CB1D2DFD-StateMachineUpdater] INFO  ratis.ContainerStateMachine (ContainerStateMachine.java:takeSnapshot(305)) - group-C8C4CB1D2DFD: Finished taking a snapshot at:(t:1, i:6) file:/workdir/hadoop-ozone/integration-test/target/test-dir/MiniOzoneClusterImpl-34025f89-607b-4463-91d2-320d90cd8ada/datanode-2/data/ratis/9974705c-9866-4b19-965e-c8c4cb1d2dfd/sm/snapshot.1_6 time:14
2019-10-08 01:21:31,649 [9632e278-e61f-453f-86eb-f7ef209c65f6@group-C8C4CB1D2DFD-StateMachineUpdater] INFO  impl.StateMachineUpdater (StateMachineUpdater.java:takeSnapshot(269)) - 9632e278-e61f-453f-86eb-f7ef209c65f6@group-C8C4CB1D2DFD-StateMachineUpdater: Took a snapshot at index 6
2019-10-08 01:21:31,649 [9632e278-e61f-453f-86eb-f7ef209c65f6@group-C8C4CB1D2DFD-StateMachineUpdater] INFO  impl.StateMachineUpdater (StateMachineUpdater.java:lambda$new$0(84)) - 9632e278-e61f-453f-86eb-f7ef209c65f6@group-C8C4CB1D2DFD-StateMachineUpdater: snapshotIndex: updateIncreasingly -1 -> 6
2019-10-08 01:21:31,650 [9632e278-e61f-453f-86eb-f7ef209c65f6@group-C8C4CB1D2DFD-StateMachineUpdater] INFO  ratis.ContainerStateMachine (ContainerStateMachine.java:takeSnapshot(294)) - group-C8C4CB1D2DFD: Taking a snapshot at:(t:1, i:6) file /workdir/hadoop-ozone/integration-test/target/test-dir/MiniOzoneClusterImpl-34025f89-607b-4463-91d2-320d90cd8ada/datanode-2/data/ratis/9974705c-9866-4b19-965e-c8c4cb1d2dfd/sm/snapshot.1_6
2019-10-08 01:21:31,650 [main] INFO  utils.BackgroundService (BackgroundService.java:shutdown(148)) - Shutting down service BlockDeletingService
2019-10-08 01:21:31,656 [main] INFO  statemachine.DatanodeStateMachine (DatanodeStateMachine.java:stopDaemon(395)) - Ozone container server stopped.
2019-10-08 01:21:31,657 [main] INFO  handler.ContextHandler (ContextHandler.java:doStop(910)) - Stopped o.e.j.w.WebAppContext@18a19e{/,null,UNAVAILABLE}{/hddsDatanode}
2019-10-08 01:21:31,658 [main] INFO  server.AbstractConnector (AbstractConnector.java:doStop(318)) - Stopped ServerConnector@60a7e509{HTTP/1.1,[http/1.1]}{0.0.0.0:0}
2019-10-08 01:21:31,659 [main] INFO  handler.ContextHandler (ContextHandler.java:doStop(910)) - Stopped o.e.j.s.ServletContextHandler@7c5d1d25{/static,jar:file:/home/user/.m2/repository/org/apache/hadoop/hadoop-hdds-container-service/0.5.0-SNAPSHOT/hadoop-hdds-container-service-0.5.0-SNAPSHOT.jar!/webapps/static,UNAVAILABLE}
2019-10-08 01:21:31,659 [main] INFO  handler.ContextHandler (ContextHandler.java:doStop(910)) - Stopped o.e.j.s.ServletContextHandler@36d33f4{/logs,file:///workdir/hadoop-ozone/integration-test/target/log,UNAVAILABLE}
2019-10-08 01:21:31,662 [9632e278-e61f-453f-86eb-f7ef209c65f6@group-C8C4CB1D2DFD-StateMachineUpdater] INFO  ratis.ContainerStateMachine (ContainerStateMachine.java:takeSnapshot(305)) - group-C8C4CB1D2DFD: Finished taking a snapshot at:(t:1, i:6) file:/workdir/hadoop-ozone/integration-test/target/test-dir/MiniOzoneClusterImpl-34025f89-607b-4463-91d2-320d90cd8ada/datanode-2/data/ratis/9974705c-9866-4b19-965e-c8c4cb1d2dfd/sm/snapshot.1_6 time:12
2019-10-08 01:21:31,662 [9632e278-e61f-453f-86eb-f7ef209c65f6@group-C8C4CB1D2DFD-StateMachineUpdater] INFO  impl.StateMachineUpdater (StateMachineUpdater.java:takeSnapshot(269)) - 9632e278-e61f-453f-86eb-f7ef209c65f6@group-C8C4CB1D2DFD-StateMachineUpdater: Took a snapshot at index 6
2019-10-08 01:21:31,662 [9632e278-e61f-453f-86eb-f7ef209c65f6@group-C8C4CB1D2DFD-StateMachineUpdater] INFO  impl.StateMachineUpdater (StateMachineUpdater.java:lambda$new$0(84)) - 9632e278-e61f-453f-86eb-f7ef209c65f6@group-C8C4CB1D2DFD-StateMachineUpdater: snapshotIndex: updateIncreasingly 6 -> 6
2019-10-08 01:21:31,663 [ForkJoinPool.commonPool-worker-0] INFO  impl.RaftServerImpl (ServerState.java:close(387)) - 9632e278-e61f-453f-86eb-f7ef209c65f6@group-C8C4CB1D2DFD: closes. applyIndex: 8
2019-10-08 01:21:31,663 [9632e278-e61f-453f-86eb-f7ef209c65f6@group-C8C4CB1D2DFD-SegmentedRaftLogWorker] INFO  segmented.SegmentedRaftLogWorker (SegmentedRaftLogWorker.java:run(316)) - 9632e278-e61f-453f-86eb-f7ef209c65f6@group-C8C4CB1D2DFD-SegmentedRaftLogWorker was interrupted, exiting. There are 0 tasks remaining in the queue.
2019-10-08 01:21:31,665 [ForkJoinPool.commonPool-worker-0] INFO  segmented.SegmentedRaftLogWorker (SegmentedRaftLogWorker.java:close(224)) - 9632e278-e61f-453f-86eb-f7ef209c65f6@group-C8C4CB1D2DFD-SegmentedRaftLogWorker close()
2019-10-08 01:21:31,667 [ForkJoinPool.commonPool-worker-0] INFO  server.GrpcService (GrpcService.java:closeImpl(164)) - 9632e278-e61f-453f-86eb-f7ef209c65f6: shutdown server with port 45878 now
2019-10-08 01:21:31,668 [ForkJoinPool.commonPool-worker-0] INFO  server.GrpcService (GrpcService.java:closeImpl(172)) - 9632e278-e61f-453f-86eb-f7ef209c65f6: shutdown server with port 45878 successfully
2019-10-08 01:21:31,670 [refreshUsed-/workdir/hadoop-ozone/integration-test/target/test-dir/MiniOzoneClusterImpl-34025f89-607b-4463-91d2-320d90cd8ada/datanode-2/data/containers] WARN  fs.CachingGetSpaceUsed (CachingGetSpaceUsed.java:run(183)) - Thread Interrupted waiting to refresh disk information: sleep interrupted
2019-10-08 01:21:31,687 [ForkJoinPool.commonPool-worker-0] INFO  utils.BackgroundService (BackgroundService.java:shutdown(148)) - Shutting down service BlockDeletingService
2019-10-08 01:21:31,691 [ForkJoinPool.commonPool-worker-0] INFO  statemachine.DatanodeStateMachine (DatanodeStateMachine.java:stopDaemon(395)) - Ozone container server stopped.
2019-10-08 01:21:31,696 [ForkJoinPool.commonPool-worker-0] INFO  handler.ContextHandler (ContextHandler.java:doStop(910)) - Stopped o.e.j.w.WebAppContext@50eb4a2c{/,null,UNAVAILABLE}{/hddsDatanode}
2019-10-08 01:21:31,697 [ForkJoinPool.commonPool-worker-0] INFO  server.AbstractConnector (AbstractConnector.java:doStop(318)) - Stopped ServerConnector@1a256d80{HTTP/1.1,[http/1.1]}{0.0.0.0:0}
2019-10-08 01:21:31,698 [ForkJoinPool.commonPool-worker-0] INFO  handler.ContextHandler (ContextHandler.java:doStop(910)) - Stopped o.e.j.s.ServletContextHandler@72976b4{/static,jar:file:/home/user/.m2/repository/org/apache/hadoop/hadoop-hdds-container-service/0.5.0-SNAPSHOT/hadoop-hdds-container-service-0.5.0-SNAPSHOT.jar!/webapps/static,UNAVAILABLE}
2019-10-08 01:21:31,700 [ForkJoinPool.commonPool-worker-0] INFO  handler.ContextHandler (ContextHandler.java:doStop(910)) - Stopped o.e.j.s.ServletContextHandler@92d1782{/logs,file:///workdir/hadoop-ozone/integration-test/target/log,UNAVAILABLE}
2019-10-08 01:21:32,302 [Datanode State Machine Thread - 0] INFO  statemachine.DatanodeStateMachine (DatanodeStateMachine.java:lambda$startDaemon$0(350)) - Ozone container server started.
2019-10-08 01:21:32,471 [Datanode State Machine Thread - 0] INFO  statemachine.DatanodeStateMachine (DatanodeStateMachine.java:lambda$startDaemon$0(350)) - Ozone container server started.
2019-10-08 01:21:33,552 [grpc-default-executor-4] WARN  server.GrpcLogAppender (LogUtils.java:warn(134)) - 39a715e3-69f4-478a-8cae-5ee26c4d7592@group-20D9C5572107->f468a72b-db34-4dab-93e9-b316303692ee-AppendLogResponseHandler: Failed appendEntries: org.apache.ratis.thirdparty.io.grpc.StatusRuntimeException: UNAVAILABLE: io exception
2019-10-08 01:21:33,552 [grpc-default-executor-4] INFO  impl.FollowerInfo (FollowerInfo.java:lambda$new$0(51)) - 39a715e3-69f4-478a-8cae-5ee26c4d7592@group-20D9C5572107->f468a72b-db34-4dab-93e9-b316303692ee: nextIndex: updateUnconditionally 0 -> 0
2019-10-08 01:21:34,801 [Thread-763] INFO  impl.FollowerState (FollowerState.java:run(108)) - 8b6c070e-86f6-486d-8b05-42cb3ad39897@group-C8C4CB1D2DFD-FollowerState: change to CANDIDATE, lastRpcTime:5201ms, electionTimeout:5028ms
2019-10-08 01:21:34,803 [Thread-763] INFO  impl.RoleInfo (RoleInfo.java:shutdownFollowerState(121)) - 8b6c070e-86f6-486d-8b05-42cb3ad39897: shutdown FollowerState
2019-10-08 01:21:34,803 [Thread-763] INFO  impl.RaftServerImpl (RaftServerImpl.java:setRole(170)) - 8b6c070e-86f6-486d-8b05-42cb3ad39897@group-C8C4CB1D2DFD: changes role from  FOLLOWER to CANDIDATE at term 1 for changeToCandidate
2019-10-08 01:21:34,804 [Thread-763] INFO  impl.RoleInfo (RoleInfo.java:updateAndGet(143)) - 8b6c070e-86f6-486d-8b05-42cb3ad39897: start LeaderElection
2019-10-08 01:21:34,811 [8b6c070e-86f6-486d-8b05-42cb3ad39897@group-C8C4CB1D2DFD-LeaderElection24] INFO  impl.RaftServerImpl (ServerState.java:setLeader(255)) - 8b6c070e-86f6-486d-8b05-42cb3ad39897@group-C8C4CB1D2DFD: change Leader from 9632e278-e61f-453f-86eb-f7ef209c65f6 to null at term 1 for initElection
2019-10-08 01:21:34,826 [8b6c070e-86f6-486d-8b05-42cb3ad39897@group-C8C4CB1D2DFD-LeaderElection24] INFO  impl.LeaderElection (LeaderElection.java:askForVotes(178)) - 8b6c070e-86f6-486d-8b05-42cb3ad39897@group-C8C4CB1D2DFD-LeaderElection24: begin an election at term 2 for 0: [8b6c070e-86f6-486d-8b05-42cb3ad39897:192.168.164.245:41180, 7cdf9f46-8911-4734-b4bf-89adcea7d6f9:192.168.164.245:36709, 9632e278-e61f-453f-86eb-f7ef209c65f6:192.168.164.245:45878], old=null
2019-10-08 01:21:34,839 [8b6c070e-86f6-486d-8b05-42cb3ad39897@group-C8C4CB1D2DFD-LeaderElection24] INFO  impl.LeaderElection (LogUtils.java:infoOrTrace(149)) - 8b6c070e-86f6-486d-8b05-42cb3ad39897@group-C8C4CB1D2DFD-LeaderElection24 got exception when requesting votes: {}
java.util.concurrent.ExecutionException: org.apache.ratis.thirdparty.io.grpc.StatusRuntimeException: UNAVAILABLE: io exception
	at java.util.concurrent.FutureTask.report(FutureTask.java:122)
	at java.util.concurrent.FutureTask.get(FutureTask.java:192)
	at org.apache.ratis.server.impl.LeaderElection.waitForResults(LeaderElection.java:259)
	at org.apache.ratis.server.impl.LeaderElection.askForVotes(LeaderElection.java:197)
	at org.apache.ratis.server.impl.LeaderElection.run(LeaderElection.java:133)
	at java.lang.Thread.run(Thread.java:748)
Caused by: org.apache.ratis.thirdparty.io.grpc.StatusRuntimeException: UNAVAILABLE: io exception
	at org.apache.ratis.thirdparty.io.grpc.stub.ClientCalls.toStatusRuntimeException(ClientCalls.java:233)
	at org.apache.ratis.thirdparty.io.grpc.stub.ClientCalls.getUnchecked(ClientCalls.java:214)
	at org.apache.ratis.thirdparty.io.grpc.stub.ClientCalls.blockingUnaryCall(ClientCalls.java:139)
	at org.apache.ratis.proto.grpc.RaftServerProtocolServiceGrpc$RaftServerProtocolServiceBlockingStub.requestVote(RaftServerProtocolServiceGrpc.java:265)
	at org.apache.ratis.grpc.server.GrpcServerProtocolClient.requestVote(GrpcServerProtocolClient.java:99)
	at org.apache.ratis.grpc.server.GrpcService.requestVote(GrpcService.java:204)
	at org.apache.ratis.server.impl.LeaderElection.lambda$submitRequests$1(LeaderElection.java:234)
	at java.util.concurrent.FutureTask.run(FutureTask.java:266)
	at java.util.concurrent.Executors$RunnableAdapter.call(Executors.java:511)
	at java.util.concurrent.FutureTask.run(FutureTask.java:266)
	at java.util.concurrent.ThreadPoolExecutor.runWorker(ThreadPoolExecutor.java:1149)
	at java.util.concurrent.ThreadPoolExecutor$Worker.run(ThreadPoolExecutor.java:624)
	... 1 more
Caused by: org.apache.ratis.thirdparty.io.netty.channel.AbstractChannel$AnnotatedConnectException: Connection refused: /192.168.164.245:45878
	at sun.nio.ch.SocketChannelImpl.checkConnect(Native Method)
	at sun.nio.ch.SocketChannelImpl.finishConnect(SocketChannelImpl.java:717)
	at org.apache.ratis.thirdparty.io.netty.channel.socket.nio.NioSocketChannel.doFinishConnect(NioSocketChannel.java:327)
	at org.apache.ratis.thirdparty.io.netty.channel.nio.AbstractNioChannel$AbstractNioUnsafe.finishConnect(AbstractNioChannel.java:340)
	at org.apache.ratis.thirdparty.io.netty.channel.nio.NioEventLoop.processSelectedKey(NioEventLoop.java:632)
	at org.apache.ratis.thirdparty.io.netty.channel.nio.NioEventLoop.processSelectedKeysOptimized(NioEventLoop.java:579)
	at org.apache.ratis.thirdparty.io.netty.channel.nio.NioEventLoop.processSelectedKeys(NioEventLoop.java:496)
	at org.apache.ratis.thirdparty.io.netty.channel.nio.NioEventLoop.run(NioEventLoop.java:458)
	at org.apache.ratis.thirdparty.io.netty.util.concurrent.SingleThreadEventExecutor$5.run(SingleThreadEventExecutor.java:897)
	at org.apache.ratis.thirdparty.io.netty.util.concurrent.FastThreadLocalRunnable.run(FastThreadLocalRunnable.java:30)
	... 1 more
Caused by: java.net.ConnectException: Connection refused
	... 11 more
2019-10-08 01:21:34,841 [8b6c070e-86f6-486d-8b05-42cb3ad39897@group-C8C4CB1D2DFD-LeaderElection24] INFO  impl.LeaderElection (LogUtils.java:infoOrTrace(149)) - 8b6c070e-86f6-486d-8b05-42cb3ad39897@group-C8C4CB1D2DFD-LeaderElection24 got exception when requesting votes: {}
java.util.concurrent.ExecutionException: org.apache.ratis.thirdparty.io.grpc.StatusRuntimeException: UNAVAILABLE: io exception
	at java.util.concurrent.FutureTask.report(FutureTask.java:122)
	at java.util.concurrent.FutureTask.get(FutureTask.java:192)
	at org.apache.ratis.server.impl.LeaderElection.waitForResults(LeaderElection.java:259)
	at org.apache.ratis.server.impl.LeaderElection.askForVotes(LeaderElection.java:197)
	at org.apache.ratis.server.impl.LeaderElection.run(LeaderElection.java:133)
	at java.lang.Thread.run(Thread.java:748)
Caused by: org.apache.ratis.thirdparty.io.grpc.StatusRuntimeException: UNAVAILABLE: io exception
	at org.apache.ratis.thirdparty.io.grpc.stub.ClientCalls.toStatusRuntimeException(ClientCalls.java:233)
	at org.apache.ratis.thirdparty.io.grpc.stub.ClientCalls.getUnchecked(ClientCalls.java:214)
	at org.apache.ratis.thirdparty.io.grpc.stub.ClientCalls.blockingUnaryCall(ClientCalls.java:139)
	at org.apache.ratis.proto.grpc.RaftServerProtocolServiceGrpc$RaftServerProtocolServiceBlockingStub.requestVote(RaftServerProtocolServiceGrpc.java:265)
	at org.apache.ratis.grpc.server.GrpcServerProtocolClient.requestVote(GrpcServerProtocolClient.java:99)
	at org.apache.ratis.grpc.server.GrpcService.requestVote(GrpcService.java:204)
	at org.apache.ratis.server.impl.LeaderElection.lambda$submitRequests$1(LeaderElection.java:234)
	at java.util.concurrent.FutureTask.run(FutureTask.java:266)
	at java.util.concurrent.Executors$RunnableAdapter.call(Executors.java:511)
	at java.util.concurrent.FutureTask.run(FutureTask.java:266)
	at java.util.concurrent.ThreadPoolExecutor.runWorker(ThreadPoolExecutor.java:1149)
	at java.util.concurrent.ThreadPoolExecutor$Worker.run(ThreadPoolExecutor.java:624)
	... 1 more
Caused by: org.apache.ratis.thirdparty.io.netty.channel.AbstractChannel$AnnotatedConnectException: Connection refused: /192.168.164.245:36709
	at sun.nio.ch.SocketChannelImpl.checkConnect(Native Method)
	at sun.nio.ch.SocketChannelImpl.finishConnect(SocketChannelImpl.java:717)
	at org.apache.ratis.thirdparty.io.netty.channel.socket.nio.NioSocketChannel.doFinishConnect(NioSocketChannel.java:327)
	at org.apache.ratis.thirdparty.io.netty.channel.nio.AbstractNioChannel$AbstractNioUnsafe.finishConnect(AbstractNioChannel.java:340)
	at org.apache.ratis.thirdparty.io.netty.channel.nio.NioEventLoop.processSelectedKey(NioEventLoop.java:632)
	at org.apache.ratis.thirdparty.io.netty.channel.nio.NioEventLoop.processSelectedKeysOptimized(NioEventLoop.java:579)
	at org.apache.ratis.thirdparty.io.netty.channel.nio.NioEventLoop.processSelectedKeys(NioEventLoop.java:496)
	at org.apache.ratis.thirdparty.io.netty.channel.nio.NioEventLoop.run(NioEventLoop.java:458)
	at org.apache.ratis.thirdparty.io.netty.util.concurrent.SingleThreadEventExecutor$5.run(SingleThreadEventExecutor.java:897)
	at org.apache.ratis.thirdparty.io.netty.util.concurrent.FastThreadLocalRunnable.run(FastThreadLocalRunnable.java:30)
	... 1 more
Caused by: java.net.ConnectException: Connection refused
	... 11 more
2019-10-08 01:21:34,843 [8b6c070e-86f6-486d-8b05-42cb3ad39897@group-C8C4CB1D2DFD-LeaderElection24] INFO  impl.LeaderElection (LeaderElection.java:logAndReturn(56)) - 8b6c070e-86f6-486d-8b05-42cb3ad39897@group-C8C4CB1D2DFD-LeaderElection24: Election REJECTED; received 0 response(s) [] and 2 exception(s); 8b6c070e-86f6-486d-8b05-42cb3ad39897@group-C8C4CB1D2DFD:t2, leader=null, voted=8b6c070e-86f6-486d-8b05-42cb3ad39897, raftlog=8b6c070e-86f6-486d-8b05-42cb3ad39897@group-C8C4CB1D2DFD-SegmentedRaftLog:OPENED:c8,f8,i8, conf=0: [8b6c070e-86f6-486d-8b05-42cb3ad39897:192.168.164.245:41180, 7cdf9f46-8911-4734-b4bf-89adcea7d6f9:192.168.164.245:36709, 9632e278-e61f-453f-86eb-f7ef209c65f6:192.168.164.245:45878], old=null
2019-10-08 01:21:34,843 [8b6c070e-86f6-486d-8b05-42cb3ad39897@group-C8C4CB1D2DFD-LeaderElection24] INFO  impl.LeaderElection (LogUtils.java:infoOrTrace(149)) -   Exception 0: {}
java.util.concurrent.ExecutionException: org.apache.ratis.thirdparty.io.grpc.StatusRuntimeException: UNAVAILABLE: io exception
	at java.util.concurrent.FutureTask.report(FutureTask.java:122)
	at java.util.concurrent.FutureTask.get(FutureTask.java:192)
	at org.apache.ratis.server.impl.LeaderElection.waitForResults(LeaderElection.java:259)
	at org.apache.ratis.server.impl.LeaderElection.askForVotes(LeaderElection.java:197)
	at org.apache.ratis.server.impl.LeaderElection.run(LeaderElection.java:133)
	at java.lang.Thread.run(Thread.java:748)
Caused by: org.apache.ratis.thirdparty.io.grpc.StatusRuntimeException: UNAVAILABLE: io exception
	at org.apache.ratis.thirdparty.io.grpc.stub.ClientCalls.toStatusRuntimeException(ClientCalls.java:233)
	at org.apache.ratis.thirdparty.io.grpc.stub.ClientCalls.getUnchecked(ClientCalls.java:214)
	at org.apache.ratis.thirdparty.io.grpc.stub.ClientCalls.blockingUnaryCall(ClientCalls.java:139)
	at org.apache.ratis.proto.grpc.RaftServerProtocolServiceGrpc$RaftServerProtocolServiceBlockingStub.requestVote(RaftServerProtocolServiceGrpc.java:265)
	at org.apache.ratis.grpc.server.GrpcServerProtocolClient.requestVote(GrpcServerProtocolClient.java:99)
	at org.apache.ratis.grpc.server.GrpcService.requestVote(GrpcService.java:204)
	at org.apache.ratis.server.impl.LeaderElection.lambda$submitRequests$1(LeaderElection.java:234)
	at java.util.concurrent.FutureTask.run(FutureTask.java:266)
	at java.util.concurrent.Executors$RunnableAdapter.call(Executors.java:511)
	at java.util.concurrent.FutureTask.run(FutureTask.java:266)
	at java.util.concurrent.ThreadPoolExecutor.runWorker(ThreadPoolExecutor.java:1149)
	at java.util.concurrent.ThreadPoolExecutor$Worker.run(ThreadPoolExecutor.java:624)
	... 1 more
Caused by: org.apache.ratis.thirdparty.io.netty.channel.AbstractChannel$AnnotatedConnectException: Connection refused: /192.168.164.245:45878
	at sun.nio.ch.SocketChannelImpl.checkConnect(Native Method)
	at sun.nio.ch.SocketChannelImpl.finishConnect(SocketChannelImpl.java:717)
	at org.apache.ratis.thirdparty.io.netty.channel.socket.nio.NioSocketChannel.doFinishConnect(NioSocketChannel.java:327)
	at org.apache.ratis.thirdparty.io.netty.channel.nio.AbstractNioChannel$AbstractNioUnsafe.finishConnect(AbstractNioChannel.java:340)
	at org.apache.ratis.thirdparty.io.netty.channel.nio.NioEventLoop.processSelectedKey(NioEventLoop.java:632)
	at org.apache.ratis.thirdparty.io.netty.channel.nio.NioEventLoop.processSelectedKeysOptimized(NioEventLoop.java:579)
	at org.apache.ratis.thirdparty.io.netty.channel.nio.NioEventLoop.processSelectedKeys(NioEventLoop.java:496)
	at org.apache.ratis.thirdparty.io.netty.channel.nio.NioEventLoop.run(NioEventLoop.java:458)
	at org.apache.ratis.thirdparty.io.netty.util.concurrent.SingleThreadEventExecutor$5.run(SingleThreadEventExecutor.java:897)
	at org.apache.ratis.thirdparty.io.netty.util.concurrent.FastThreadLocalRunnable.run(FastThreadLocalRunnable.java:30)
	... 1 more
Caused by: java.net.ConnectException: Connection refused
	... 11 more
2019-10-08 01:21:34,844 [8b6c070e-86f6-486d-8b05-42cb3ad39897@group-C8C4CB1D2DFD-LeaderElection24] INFO  impl.LeaderElection (LogUtils.java:infoOrTrace(149)) -   Exception 1: {}
java.util.concurrent.ExecutionException: org.apache.ratis.thirdparty.io.grpc.StatusRuntimeException: UNAVAILABLE: io exception
	at java.util.concurrent.FutureTask.report(FutureTask.java:122)
	at java.util.concurrent.FutureTask.get(FutureTask.java:192)
	at org.apache.ratis.server.impl.LeaderElection.waitForResults(LeaderElection.java:259)
	at org.apache.ratis.server.impl.LeaderElection.askForVotes(LeaderElection.java:197)
	at org.apache.ratis.server.impl.LeaderElection.run(LeaderElection.java:133)
	at java.lang.Thread.run(Thread.java:748)
Caused by: org.apache.ratis.thirdparty.io.grpc.StatusRuntimeException: UNAVAILABLE: io exception
	at org.apache.ratis.thirdparty.io.grpc.stub.ClientCalls.toStatusRuntimeException(ClientCalls.java:233)
	at org.apache.ratis.thirdparty.io.grpc.stub.ClientCalls.getUnchecked(ClientCalls.java:214)
	at org.apache.ratis.thirdparty.io.grpc.stub.ClientCalls.blockingUnaryCall(ClientCalls.java:139)
	at org.apache.ratis.proto.grpc.RaftServerProtocolServiceGrpc$RaftServerProtocolServiceBlockingStub.requestVote(RaftServerProtocolServiceGrpc.java:265)
	at org.apache.ratis.grpc.server.GrpcServerProtocolClient.requestVote(GrpcServerProtocolClient.java:99)
	at org.apache.ratis.grpc.server.GrpcService.requestVote(GrpcService.java:204)
	at org.apache.ratis.server.impl.LeaderElection.lambda$submitRequests$1(LeaderElection.java:234)
	at java.util.concurrent.FutureTask.run(FutureTask.java:266)
	at java.util.concurrent.Executors$RunnableAdapter.call(Executors.java:511)
	at java.util.concurrent.FutureTask.run(FutureTask.java:266)
	at java.util.concurrent.ThreadPoolExecutor.runWorker(ThreadPoolExecutor.java:1149)
	at java.util.concurrent.ThreadPoolExecutor$Worker.run(ThreadPoolExecutor.java:624)
	... 1 more
Caused by: org.apache.ratis.thirdparty.io.netty.channel.AbstractChannel$AnnotatedConnectException: Connection refused: /192.168.164.245:36709
	at sun.nio.ch.SocketChannelImpl.checkConnect(Native Method)
	at sun.nio.ch.SocketChannelImpl.finishConnect(SocketChannelImpl.java:717)
	at org.apache.ratis.thirdparty.io.netty.channel.socket.nio.NioSocketChannel.doFinishConnect(NioSocketChannel.java:327)
	at org.apache.ratis.thirdparty.io.netty.channel.nio.AbstractNioChannel$AbstractNioUnsafe.finishConnect(AbstractNioChannel.java:340)
	at org.apache.ratis.thirdparty.io.netty.channel.nio.NioEventLoop.processSelectedKey(NioEventLoop.java:632)
	at org.apache.ratis.thirdparty.io.netty.channel.nio.NioEventLoop.processSelectedKeysOptimized(NioEventLoop.java:579)
	at org.apache.ratis.thirdparty.io.netty.channel.nio.NioEventLoop.processSelectedKeys(NioEventLoop.java:496)
	at org.apache.ratis.thirdparty.io.netty.channel.nio.NioEventLoop.run(NioEventLoop.java:458)
	at org.apache.ratis.thirdparty.io.netty.util.concurrent.SingleThreadEventExecutor$5.run(SingleThreadEventExecutor.java:897)
	at org.apache.ratis.thirdparty.io.netty.util.concurrent.FastThreadLocalRunnable.run(FastThreadLocalRunnable.java:30)
	... 1 more
Caused by: java.net.ConnectException: Connection refused
	... 11 more
2019-10-08 01:21:34,844 [8b6c070e-86f6-486d-8b05-42cb3ad39897@group-C8C4CB1D2DFD-LeaderElection24] INFO  impl.RaftServerImpl (RaftServerImpl.java:setRole(170)) - 8b6c070e-86f6-486d-8b05-42cb3ad39897@group-C8C4CB1D2DFD: changes role from CANDIDATE to FOLLOWER at term 2 for DISCOVERED_A_NEW_TERM
2019-10-08 01:21:34,845 [8b6c070e-86f6-486d-8b05-42cb3ad39897@group-C8C4CB1D2DFD-LeaderElection24] INFO  impl.RoleInfo (RoleInfo.java:shutdownLeaderElection(134)) - 8b6c070e-86f6-486d-8b05-42cb3ad39897: shutdown LeaderElection
2019-10-08 01:21:34,845 [8b6c070e-86f6-486d-8b05-42cb3ad39897@group-C8C4CB1D2DFD-LeaderElection24] INFO  impl.RoleInfo (RoleInfo.java:updateAndGet(143)) - 8b6c070e-86f6-486d-8b05-42cb3ad39897: start FollowerState
2019-10-08 01:21:36,053 [grpc-default-executor-6] WARN  server.GrpcLogAppender (LogUtils.java:warn(134)) - 39a715e3-69f4-478a-8cae-5ee26c4d7592@group-20D9C5572107->f468a72b-db34-4dab-93e9-b316303692ee-AppendLogResponseHandler: Failed appendEntries: org.apache.ratis.thirdparty.io.grpc.StatusRuntimeException: UNAVAILABLE: io exception
2019-10-08 01:21:36,058 [grpc-default-executor-6] INFO  impl.FollowerInfo (FollowerInfo.java:lambda$new$0(51)) - 39a715e3-69f4-478a-8cae-5ee26c4d7592@group-20D9C5572107->f468a72b-db34-4dab-93e9-b316303692ee: nextIndex: updateUnconditionally 0 -> 0
2019-10-08 01:21:36,662 [main] INFO  ozoneimpl.OzoneContainer (OzoneContainer.java:stop(227)) - Attempting to stop container services.
2019-10-08 01:21:36,663 [main] INFO  impl.RaftServerProxy (RaftServerProxy.java:lambda$close$4(314)) - 8b6c070e-86f6-486d-8b05-42cb3ad39897: close
2019-10-08 01:21:36,664 [main] INFO  impl.RaftServerImpl (RaftServerImpl.java:lambda$shutdown$3(247)) - 8b6c070e-86f6-486d-8b05-42cb3ad39897@group-61DC40BD2886: shutdown
2019-10-08 01:21:36,664 [main] INFO  util.JmxRegister (JmxRegister.java:unregister(73)) - Successfully un-registered JMX Bean with object name Ratis:service=RaftServer,group=group-61DC40BD2886,id=8b6c070e-86f6-486d-8b05-42cb3ad39897
2019-10-08 01:21:36,665 [main] INFO  impl.RoleInfo (RoleInfo.java:shutdownLeaderState(104)) - 8b6c070e-86f6-486d-8b05-42cb3ad39897: shutdown LeaderState
2019-10-08 01:21:36,665 [main] INFO  impl.PendingRequests (PendingRequests.java:sendNotLeaderResponses(202)) - 8b6c070e-86f6-486d-8b05-42cb3ad39897@group-61DC40BD2886-PendingRequests: sendNotLeaderResponses
2019-10-08 01:21:36,666 [main] INFO  impl.StateMachineUpdater (StateMachineUpdater.java:stopAndJoin(136)) - 8b6c070e-86f6-486d-8b05-42cb3ad39897@group-61DC40BD2886-StateMachineUpdater: set stopIndex = 0
2019-10-08 01:21:36,667 [main] INFO  impl.RaftServerImpl (ServerState.java:close(387)) - 8b6c070e-86f6-486d-8b05-42cb3ad39897@group-61DC40BD2886: closes. applyIndex: 0
2019-10-08 01:21:36,668 [8b6c070e-86f6-486d-8b05-42cb3ad39897@group-61DC40BD2886-SegmentedRaftLogWorker] INFO  segmented.SegmentedRaftLogWorker (SegmentedRaftLogWorker.java:run(316)) - 8b6c070e-86f6-486d-8b05-42cb3ad39897@group-61DC40BD2886-SegmentedRaftLogWorker was interrupted, exiting. There are 0 tasks remaining in the queue.
2019-10-08 01:21:36,672 [main] INFO  segmented.SegmentedRaftLogWorker (SegmentedRaftLogWorker.java:close(224)) - 8b6c070e-86f6-486d-8b05-42cb3ad39897@group-61DC40BD2886-SegmentedRaftLogWorker close()
2019-10-08 01:21:36,674 [main] INFO  impl.RaftServerImpl (RaftServerImpl.java:lambda$shutdown$3(247)) - 8b6c070e-86f6-486d-8b05-42cb3ad39897@group-C8C4CB1D2DFD: shutdown
2019-10-08 01:21:36,674 [main] INFO  util.JmxRegister (JmxRegister.java:unregister(73)) - Successfully un-registered JMX Bean with object name Ratis:service=RaftServer,group=group-C8C4CB1D2DFD,id=8b6c070e-86f6-486d-8b05-42cb3ad39897
2019-10-08 01:21:36,675 [main] INFO  impl.RoleInfo (RoleInfo.java:shutdownFollowerState(121)) - 8b6c070e-86f6-486d-8b05-42cb3ad39897: shutdown FollowerState
2019-10-08 01:21:36,675 [main] INFO  impl.StateMachineUpdater (StateMachineUpdater.java:stopAndJoin(136)) - 8b6c070e-86f6-486d-8b05-42cb3ad39897@group-C8C4CB1D2DFD-StateMachineUpdater: set stopIndex = 8
2019-10-08 01:21:36,676 [8b6c070e-86f6-486d-8b05-42cb3ad39897@group-C8C4CB1D2DFD-StateMachineUpdater] INFO  ratis.ContainerStateMachine (ContainerStateMachine.java:takeSnapshot(294)) - group-C8C4CB1D2DFD: Taking a snapshot at:(t:1, i:6) file /workdir/hadoop-ozone/integration-test/target/test-dir/MiniOzoneClusterImpl-34025f89-607b-4463-91d2-320d90cd8ada/datanode-6/data/ratis/9974705c-9866-4b19-965e-c8c4cb1d2dfd/sm/snapshot.1_6
2019-10-08 01:21:36,676 [Thread-1352] INFO  impl.FollowerState (FollowerState.java:run(117)) - 8b6c070e-86f6-486d-8b05-42cb3ad39897@group-C8C4CB1D2DFD-FollowerState was interrupted: java.lang.InterruptedException: sleep interrupted
2019-10-08 01:21:36,691 [8b6c070e-86f6-486d-8b05-42cb3ad39897@group-C8C4CB1D2DFD-StateMachineUpdater] INFO  ratis.ContainerStateMachine (ContainerStateMachine.java:takeSnapshot(305)) - group-C8C4CB1D2DFD: Finished taking a snapshot at:(t:1, i:6) file:/workdir/hadoop-ozone/integration-test/target/test-dir/MiniOzoneClusterImpl-34025f89-607b-4463-91d2-320d90cd8ada/datanode-6/data/ratis/9974705c-9866-4b19-965e-c8c4cb1d2dfd/sm/snapshot.1_6 time:15
2019-10-08 01:21:36,691 [8b6c070e-86f6-486d-8b05-42cb3ad39897@group-C8C4CB1D2DFD-StateMachineUpdater] INFO  impl.StateMachineUpdater (StateMachineUpdater.java:takeSnapshot(269)) - 8b6c070e-86f6-486d-8b05-42cb3ad39897@group-C8C4CB1D2DFD-StateMachineUpdater: Took a snapshot at index 6
2019-10-08 01:21:36,692 [8b6c070e-86f6-486d-8b05-42cb3ad39897@group-C8C4CB1D2DFD-StateMachineUpdater] INFO  impl.StateMachineUpdater (StateMachineUpdater.java:lambda$new$0(84)) - 8b6c070e-86f6-486d-8b05-42cb3ad39897@group-C8C4CB1D2DFD-StateMachineUpdater: snapshotIndex: updateIncreasingly -1 -> 6
2019-10-08 01:21:36,692 [8b6c070e-86f6-486d-8b05-42cb3ad39897@group-C8C4CB1D2DFD-StateMachineUpdater] INFO  ratis.ContainerStateMachine (ContainerStateMachine.java:takeSnapshot(294)) - group-C8C4CB1D2DFD: Taking a snapshot at:(t:1, i:6) file /workdir/hadoop-ozone/integration-test/target/test-dir/MiniOzoneClusterImpl-34025f89-607b-4463-91d2-320d90cd8ada/datanode-6/data/ratis/9974705c-9866-4b19-965e-c8c4cb1d2dfd/sm/snapshot.1_6
2019-10-08 01:21:36,702 [ForkJoinPool.commonPool-worker-0] INFO  ozoneimpl.OzoneContainer (OzoneContainer.java:stop(227)) - Attempting to stop container services.
2019-10-08 01:21:36,702 [ForkJoinPool.commonPool-worker-0] INFO  impl.RaftServerProxy (RaftServerProxy.java:lambda$close$4(314)) - 39a715e3-69f4-478a-8cae-5ee26c4d7592: close
2019-10-08 01:21:36,703 [ForkJoinPool.commonPool-worker-0] INFO  impl.RaftServerImpl (RaftServerImpl.java:lambda$shutdown$3(247)) - 39a715e3-69f4-478a-8cae-5ee26c4d7592@group-0DDD6171D4FC: shutdown
2019-10-08 01:21:36,703 [ForkJoinPool.commonPool-worker-0] INFO  util.JmxRegister (JmxRegister.java:unregister(73)) - Successfully un-registered JMX Bean with object name Ratis:service=RaftServer,group=group-0DDD6171D4FC,id=39a715e3-69f4-478a-8cae-5ee26c4d7592
2019-10-08 01:21:36,703 [ForkJoinPool.commonPool-worker-0] INFO  impl.RoleInfo (RoleInfo.java:shutdownLeaderState(104)) - 39a715e3-69f4-478a-8cae-5ee26c4d7592: shutdown LeaderState
2019-10-08 01:21:36,703 [ForkJoinPool.commonPool-worker-0] INFO  impl.PendingRequests (PendingRequests.java:sendNotLeaderResponses(202)) - 39a715e3-69f4-478a-8cae-5ee26c4d7592@group-0DDD6171D4FC-PendingRequests: sendNotLeaderResponses
2019-10-08 01:21:36,704 [ForkJoinPool.commonPool-worker-0] INFO  impl.StateMachineUpdater (StateMachineUpdater.java:stopAndJoin(136)) - 39a715e3-69f4-478a-8cae-5ee26c4d7592@group-0DDD6171D4FC-StateMachineUpdater: set stopIndex = 0
2019-10-08 01:21:36,704 [ForkJoinPool.commonPool-worker-0] INFO  impl.RaftServerImpl (ServerState.java:close(387)) - 39a715e3-69f4-478a-8cae-5ee26c4d7592@group-0DDD6171D4FC: closes. applyIndex: 0
2019-10-08 01:21:36,704 [8b6c070e-86f6-486d-8b05-42cb3ad39897@group-C8C4CB1D2DFD-StateMachineUpdater] INFO  ratis.ContainerStateMachine (ContainerStateMachine.java:takeSnapshot(305)) - group-C8C4CB1D2DFD: Finished taking a snapshot at:(t:1, i:6) file:/workdir/hadoop-ozone/integration-test/target/test-dir/MiniOzoneClusterImpl-34025f89-607b-4463-91d2-320d90cd8ada/datanode-6/data/ratis/9974705c-9866-4b19-965e-c8c4cb1d2dfd/sm/snapshot.1_6 time:13
2019-10-08 01:21:36,705 [8b6c070e-86f6-486d-8b05-42cb3ad39897@group-C8C4CB1D2DFD-StateMachineUpdater] INFO  impl.StateMachineUpdater (StateMachineUpdater.java:takeSnapshot(269)) - 8b6c070e-86f6-486d-8b05-42cb3ad39897@group-C8C4CB1D2DFD-StateMachineUpdater: Took a snapshot at index 6
2019-10-08 01:21:36,705 [39a715e3-69f4-478a-8cae-5ee26c4d7592@group-0DDD6171D4FC-SegmentedRaftLogWorker] INFO  segmented.SegmentedRaftLogWorker (SegmentedRaftLogWorker.java:run(316)) - 39a715e3-69f4-478a-8cae-5ee26c4d7592@group-0DDD6171D4FC-SegmentedRaftLogWorker was interrupted, exiting. There are 0 tasks remaining in the queue.
2019-10-08 01:21:36,705 [8b6c070e-86f6-486d-8b05-42cb3ad39897@group-C8C4CB1D2DFD-StateMachineUpdater] INFO  impl.StateMachineUpdater (StateMachineUpdater.java:lambda$new$0(84)) - 8b6c070e-86f6-486d-8b05-42cb3ad39897@group-C8C4CB1D2DFD-StateMachineUpdater: snapshotIndex: updateIncreasingly 6 -> 6
2019-10-08 01:21:36,707 [ForkJoinPool.commonPool-worker-0] INFO  segmented.SegmentedRaftLogWorker (SegmentedRaftLogWorker.java:close(224)) - 39a715e3-69f4-478a-8cae-5ee26c4d7592@group-0DDD6171D4FC-SegmentedRaftLogWorker close()
2019-10-08 01:21:36,707 [main] INFO  impl.RaftServerImpl (ServerState.java:close(387)) - 8b6c070e-86f6-486d-8b05-42cb3ad39897@group-C8C4CB1D2DFD: closes. applyIndex: 8
2019-10-08 01:21:36,709 [ForkJoinPool.commonPool-worker-0] INFO  impl.RaftServerImpl (RaftServerImpl.java:lambda$shutdown$3(247)) - 39a715e3-69f4-478a-8cae-5ee26c4d7592@group-20D9C5572107: shutdown
2019-10-08 01:21:36,709 [8b6c070e-86f6-486d-8b05-42cb3ad39897@group-C8C4CB1D2DFD-SegmentedRaftLogWorker] INFO  segmented.SegmentedRaftLogWorker (SegmentedRaftLogWorker.java:run(316)) - 8b6c070e-86f6-486d-8b05-42cb3ad39897@group-C8C4CB1D2DFD-SegmentedRaftLogWorker was interrupted, exiting. There are 0 tasks remaining in the queue.
2019-10-08 01:21:36,709 [ForkJoinPool.commonPool-worker-0] INFO  util.JmxRegister (JmxRegister.java:unregister(73)) - Successfully un-registered JMX Bean with object name Ratis:service=RaftServer,group=group-20D9C5572107,id=39a715e3-69f4-478a-8cae-5ee26c4d7592
2019-10-08 01:21:36,711 [main] INFO  segmented.SegmentedRaftLogWorker (SegmentedRaftLogWorker.java:close(224)) - 8b6c070e-86f6-486d-8b05-42cb3ad39897@group-C8C4CB1D2DFD-SegmentedRaftLogWorker close()
2019-10-08 01:21:36,711 [ForkJoinPool.commonPool-worker-0] INFO  impl.RoleInfo (RoleInfo.java:shutdownLeaderState(104)) - 39a715e3-69f4-478a-8cae-5ee26c4d7592: shutdown LeaderState
2019-10-08 01:21:36,720 [main] INFO  server.GrpcService (GrpcService.java:closeImpl(164)) - 8b6c070e-86f6-486d-8b05-42cb3ad39897: shutdown server with port 41180 now
2019-10-08 01:21:36,723 [org.apache.ratis.server.impl.LogAppender$AppenderDaemon$$Lambda$532/234657422@54f039c9] WARN  server.GrpcLogAppender (GrpcLogAppender.java:mayWait(143)) - 39a715e3-69f4-478a-8cae-5ee26c4d7592@group-20D9C5572107->58fd3ccf-3108-4b19-b151-01a2a46777a1-GrpcLogAppender: Wait interrupted by java.lang.InterruptedException
2019-10-08 01:21:36,723 [org.apache.ratis.server.impl.LogAppender$AppenderDaemon$$Lambda$532/234657422@19c00872] WARN  server.GrpcLogAppender (GrpcLogAppender.java:mayWait(143)) - 39a715e3-69f4-478a-8cae-5ee26c4d7592@group-20D9C5572107->f468a72b-db34-4dab-93e9-b316303692ee-GrpcLogAppender: Wait interrupted by java.lang.InterruptedException
2019-10-08 01:21:36,723 [ForkJoinPool.commonPool-worker-0] INFO  impl.PendingRequests (PendingRequests.java:sendNotLeaderResponses(202)) - 39a715e3-69f4-478a-8cae-5ee26c4d7592@group-20D9C5572107-PendingRequests: sendNotLeaderResponses
2019-10-08 01:21:36,724 [ForkJoinPool.commonPool-worker-0] INFO  impl.StateMachineUpdater (StateMachineUpdater.java:stopAndJoin(136)) - 39a715e3-69f4-478a-8cae-5ee26c4d7592@group-20D9C5572107-StateMachineUpdater: set stopIndex = 0
2019-10-08 01:21:36,724 [main] INFO  server.GrpcService (GrpcService.java:closeImpl(172)) - 8b6c070e-86f6-486d-8b05-42cb3ad39897: shutdown server with port 41180 successfully
2019-10-08 01:21:36,724 [ForkJoinPool.commonPool-worker-0] INFO  impl.RaftServerImpl (ServerState.java:close(387)) - 39a715e3-69f4-478a-8cae-5ee26c4d7592@group-20D9C5572107: closes. applyIndex: 0
2019-10-08 01:21:36,724 [grpc-default-executor-6] INFO  server.GrpcServerProtocolService (GrpcServerProtocolService.java:onCompleted(113)) - 58fd3ccf-3108-4b19-b151-01a2a46777a1: Completed APPEND_ENTRIES, lastRequest: 39a715e3-69f4-478a-8cae-5ee26c4d7592->58fd3ccf-3108-4b19-b151-01a2a46777a1#44-t1, previous=(t:1, i:0), leaderCommit=0, initializing? false, entries: <empty>
2019-10-08 01:21:36,724 [39a715e3-69f4-478a-8cae-5ee26c4d7592@group-20D9C5572107-SegmentedRaftLogWorker] INFO  segmented.SegmentedRaftLogWorker (SegmentedRaftLogWorker.java:run(316)) - 39a715e3-69f4-478a-8cae-5ee26c4d7592@group-20D9C5572107-SegmentedRaftLogWorker was interrupted, exiting. There are 0 tasks remaining in the queue.
2019-10-08 01:21:36,725 [ForkJoinPool.commonPool-worker-0] INFO  segmented.SegmentedRaftLogWorker (SegmentedRaftLogWorker.java:close(224)) - 39a715e3-69f4-478a-8cae-5ee26c4d7592@group-20D9C5572107-SegmentedRaftLogWorker close()
2019-10-08 01:21:36,725 [ForkJoinPool.commonPool-worker-0] INFO  server.GrpcService (GrpcService.java:closeImpl(164)) - 39a715e3-69f4-478a-8cae-5ee26c4d7592: shutdown server with port 37808 now
2019-10-08 01:21:36,726 [refreshUsed-/workdir/hadoop-ozone/integration-test/target/test-dir/MiniOzoneClusterImpl-34025f89-607b-4463-91d2-320d90cd8ada/datanode-6/data/containers] WARN  fs.CachingGetSpaceUsed (CachingGetSpaceUsed.java:run(183)) - Thread Interrupted waiting to refresh disk information: sleep interrupted
2019-10-08 01:21:36,727 [grpc-default-executor-6] INFO  server.GrpcLogAppender (GrpcLogAppender.java:onCompleted(293)) - 39a715e3-69f4-478a-8cae-5ee26c4d7592@group-20D9C5572107->58fd3ccf-3108-4b19-b151-01a2a46777a1-AppendLogResponseHandler: follower responses appendEntries COMPLETED
2019-10-08 01:21:36,727 [ForkJoinPool.commonPool-worker-0] INFO  server.GrpcService (GrpcService.java:closeImpl(172)) - 39a715e3-69f4-478a-8cae-5ee26c4d7592: shutdown server with port 37808 successfully
2019-10-08 01:21:36,728 [grpc-default-executor-6] INFO  impl.FollowerInfo (FollowerInfo.java:lambda$new$0(51)) - 39a715e3-69f4-478a-8cae-5ee26c4d7592@group-20D9C5572107->58fd3ccf-3108-4b19-b151-01a2a46777a1: nextIndex: updateUnconditionally 1 -> 0
2019-10-08 01:21:36,731 [refreshUsed-/workdir/hadoop-ozone/integration-test/target/test-dir/MiniOzoneClusterImpl-34025f89-607b-4463-91d2-320d90cd8ada/datanode-0/data/containers] WARN  fs.CachingGetSpaceUsed (CachingGetSpaceUsed.java:run(183)) - Thread Interrupted waiting to refresh disk information: sleep interrupted
2019-10-08 01:21:36,753 [ForkJoinPool.commonPool-worker-0] INFO  utils.BackgroundService (BackgroundService.java:shutdown(148)) - Shutting down service BlockDeletingService
2019-10-08 01:21:36,758 [ForkJoinPool.commonPool-worker-0] INFO  statemachine.DatanodeStateMachine (DatanodeStateMachine.java:stopDaemon(395)) - Ozone container server stopped.
2019-10-08 01:21:36,762 [main] INFO  utils.BackgroundService (BackgroundService.java:shutdown(148)) - Shutting down service BlockDeletingService
2019-10-08 01:21:36,767 [main] INFO  statemachine.DatanodeStateMachine (DatanodeStateMachine.java:stopDaemon(395)) - Ozone container server stopped.
2019-10-08 01:21:36,767 [ForkJoinPool.commonPool-worker-0] INFO  handler.ContextHandler (ContextHandler.java:doStop(910)) - Stopped o.e.j.w.WebAppContext@7327a447{/,null,UNAVAILABLE}{/hddsDatanode}
2019-10-08 01:21:36,769 [main] INFO  handler.ContextHandler (ContextHandler.java:doStop(910)) - Stopped o.e.j.w.WebAppContext@2ed71727{/,null,UNAVAILABLE}{/hddsDatanode}
2019-10-08 01:21:36,769 [ForkJoinPool.commonPool-worker-0] INFO  server.AbstractConnector (AbstractConnector.java:doStop(318)) - Stopped ServerConnector@67022ea{HTTP/1.1,[http/1.1]}{0.0.0.0:0}
2019-10-08 01:21:36,773 [ForkJoinPool.commonPool-worker-0] INFO  handler.ContextHandler (ContextHandler.java:doStop(910)) - Stopped o.e.j.s.ServletContextHandler@b67cc70{/static,jar:file:/home/user/.m2/repository/org/apache/hadoop/hadoop-hdds-container-service/0.5.0-SNAPSHOT/hadoop-hdds-container-service-0.5.0-SNAPSHOT.jar!/webapps/static,UNAVAILABLE}
2019-10-08 01:21:36,773 [main] INFO  server.AbstractConnector (AbstractConnector.java:doStop(318)) - Stopped ServerConnector@5261ec9{HTTP/1.1,[http/1.1]}{0.0.0.0:0}
2019-10-08 01:21:36,773 [ForkJoinPool.commonPool-worker-0] INFO  handler.ContextHandler (ContextHandler.java:doStop(910)) - Stopped o.e.j.s.ServletContextHandler@3a6045c6{/logs,file:///workdir/hadoop-ozone/integration-test/target/log,UNAVAILABLE}
2019-10-08 01:21:36,773 [main] INFO  handler.ContextHandler (ContextHandler.java:doStop(910)) - Stopped o.e.j.s.ServletContextHandler@3fa7df1{/static,jar:file:/home/user/.m2/repository/org/apache/hadoop/hadoop-hdds-container-service/0.5.0-SNAPSHOT/hadoop-hdds-container-service-0.5.0-SNAPSHOT.jar!/webapps/static,UNAVAILABLE}
2019-10-08 01:21:36,774 [main] INFO  handler.ContextHandler (ContextHandler.java:doStop(910)) - Stopped o.e.j.s.ServletContextHandler@4337afd{/logs,file:///workdir/hadoop-ozone/integration-test/target/log,UNAVAILABLE}
2019-10-08 01:21:37,666 [Datanode State Machine Thread - 0] INFO  statemachine.DatanodeStateMachine (DatanodeStateMachine.java:lambda$startDaemon$0(350)) - Ozone container server started.
2019-10-08 01:21:41,776 [ForkJoinPool.commonPool-worker-0] INFO  ozoneimpl.OzoneContainer (OzoneContainer.java:stop(227)) - Attempting to stop container services.
2019-10-08 01:21:41,779 [ForkJoinPool.commonPool-worker-0] INFO  impl.RaftServerProxy (RaftServerProxy.java:lambda$close$4(314)) - 58fd3ccf-3108-4b19-b151-01a2a46777a1: close
2019-10-08 01:21:41,779 [ForkJoinPool.commonPool-worker-0] INFO  impl.RaftServerImpl (RaftServerImpl.java:lambda$shutdown$3(247)) - 58fd3ccf-3108-4b19-b151-01a2a46777a1@group-20D9C5572107: shutdown
2019-10-08 01:21:41,780 [ForkJoinPool.commonPool-worker-0] INFO  util.JmxRegister (JmxRegister.java:unregister(73)) - Successfully un-registered JMX Bean with object name Ratis:service=RaftServer,group=group-20D9C5572107,id=58fd3ccf-3108-4b19-b151-01a2a46777a1
2019-10-08 01:21:41,780 [ForkJoinPool.commonPool-worker-0] INFO  impl.RoleInfo (RoleInfo.java:shutdownFollowerState(121)) - 58fd3ccf-3108-4b19-b151-01a2a46777a1: shutdown FollowerState
2019-10-08 01:21:41,781 [ForkJoinPool.commonPool-worker-0] INFO  impl.StateMachineUpdater (StateMachineUpdater.java:stopAndJoin(136)) - 58fd3ccf-3108-4b19-b151-01a2a46777a1@group-20D9C5572107-StateMachineUpdater: set stopIndex = 0
2019-10-08 01:21:41,781 [Thread-778] INFO  impl.FollowerState (FollowerState.java:run(117)) - 58fd3ccf-3108-4b19-b151-01a2a46777a1@group-20D9C5572107-FollowerState was interrupted: java.lang.InterruptedException: sleep interrupted
2019-10-08 01:21:41,784 [ForkJoinPool.commonPool-worker-0] INFO  impl.RaftServerImpl (ServerState.java:close(387)) - 58fd3ccf-3108-4b19-b151-01a2a46777a1@group-20D9C5572107: closes. applyIndex: 0
2019-10-08 01:21:41,785 [58fd3ccf-3108-4b19-b151-01a2a46777a1@group-20D9C5572107-SegmentedRaftLogWorker] INFO  segmented.SegmentedRaftLogWorker (SegmentedRaftLogWorker.java:run(316)) - 58fd3ccf-3108-4b19-b151-01a2a46777a1@group-20D9C5572107-SegmentedRaftLogWorker was interrupted, exiting. There are 0 tasks remaining in the queue.
2019-10-08 01:21:41,785 [ForkJoinPool.commonPool-worker-0] INFO  segmented.SegmentedRaftLogWorker (SegmentedRaftLogWorker.java:close(224)) - 58fd3ccf-3108-4b19-b151-01a2a46777a1@group-20D9C5572107-SegmentedRaftLogWorker close()
2019-10-08 01:21:41,786 [ForkJoinPool.commonPool-worker-0] INFO  impl.RaftServerImpl (RaftServerImpl.java:lambda$shutdown$3(247)) - 58fd3ccf-3108-4b19-b151-01a2a46777a1@group-8F5E963BA492: shutdown
2019-10-08 01:21:41,786 [ForkJoinPool.commonPool-worker-0] INFO  util.JmxRegister (JmxRegister.java:unregister(73)) - Successfully un-registered JMX Bean with object name Ratis:service=RaftServer,group=group-8F5E963BA492,id=58fd3ccf-3108-4b19-b151-01a2a46777a1
2019-10-08 01:21:41,786 [ForkJoinPool.commonPool-worker-0] INFO  impl.RoleInfo (RoleInfo.java:shutdownLeaderState(104)) - 58fd3ccf-3108-4b19-b151-01a2a46777a1: shutdown LeaderState
2019-10-08 01:21:41,787 [ForkJoinPool.commonPool-worker-0] INFO  impl.PendingRequests (PendingRequests.java:sendNotLeaderResponses(202)) - 58fd3ccf-3108-4b19-b151-01a2a46777a1@group-8F5E963BA492-PendingRequests: sendNotLeaderResponses
2019-10-08 01:21:41,787 [ForkJoinPool.commonPool-worker-0] INFO  impl.StateMachineUpdater (StateMachineUpdater.java:stopAndJoin(136)) - 58fd3ccf-3108-4b19-b151-01a2a46777a1@group-8F5E963BA492-StateMachineUpdater: set stopIndex = 0
2019-10-08 01:21:41,788 [ForkJoinPool.commonPool-worker-0] INFO  impl.RaftServerImpl (ServerState.java:close(387)) - 58fd3ccf-3108-4b19-b151-01a2a46777a1@group-8F5E963BA492: closes. applyIndex: 0
2019-10-08 01:21:41,788 [58fd3ccf-3108-4b19-b151-01a2a46777a1@group-8F5E963BA492-SegmentedRaftLogWorker] INFO  segmented.SegmentedRaftLogWorker (SegmentedRaftLogWorker.java:run(316)) - 58fd3ccf-3108-4b19-b151-01a2a46777a1@group-8F5E963BA492-SegmentedRaftLogWorker was interrupted, exiting. There are 0 tasks remaining in the queue.
2019-10-08 01:21:41,788 [ForkJoinPool.commonPool-worker-0] INFO  segmented.SegmentedRaftLogWorker (SegmentedRaftLogWorker.java:close(224)) - 58fd3ccf-3108-4b19-b151-01a2a46777a1@group-8F5E963BA492-SegmentedRaftLogWorker close()
2019-10-08 01:21:41,789 [ForkJoinPool.commonPool-worker-0] INFO  server.GrpcService (GrpcService.java:closeImpl(164)) - 58fd3ccf-3108-4b19-b151-01a2a46777a1: shutdown server with port 41880 now
2019-10-08 01:21:41,790 [ForkJoinPool.commonPool-worker-0] INFO  server.GrpcService (GrpcService.java:closeImpl(172)) - 58fd3ccf-3108-4b19-b151-01a2a46777a1: shutdown server with port 41880 successfully
2019-10-08 01:21:41,797 [refreshUsed-/workdir/hadoop-ozone/integration-test/target/test-dir/MiniOzoneClusterImpl-34025f89-607b-4463-91d2-320d90cd8ada/datanode-5/data/containers] WARN  fs.CachingGetSpaceUsed (CachingGetSpaceUsed.java:run(183)) - Thread Interrupted waiting to refresh disk information: sleep interrupted
2019-10-08 01:21:41,820 [ForkJoinPool.commonPool-worker-0] INFO  utils.BackgroundService (BackgroundService.java:shutdown(148)) - Shutting down service BlockDeletingService
2019-10-08 01:21:41,824 [ForkJoinPool.commonPool-worker-0] INFO  statemachine.DatanodeStateMachine (DatanodeStateMachine.java:stopDaemon(395)) - Ozone container server stopped.
2019-10-08 01:21:41,831 [ForkJoinPool.commonPool-worker-0] INFO  handler.ContextHandler (ContextHandler.java:doStop(910)) - Stopped o.e.j.w.WebAppContext@1cd43562{/,null,UNAVAILABLE}{/hddsDatanode}
2019-10-08 01:21:41,832 [ForkJoinPool.commonPool-worker-0] INFO  server.AbstractConnector (AbstractConnector.java:doStop(318)) - Stopped ServerConnector@59939293{HTTP/1.1,[http/1.1]}{0.0.0.0:0}
2019-10-08 01:21:41,833 [ForkJoinPool.commonPool-worker-0] INFO  handler.ContextHandler (ContextHandler.java:doStop(910)) - Stopped o.e.j.s.ServletContextHandler@2703d91{/static,jar:file:/home/user/.m2/repository/org/apache/hadoop/hadoop-hdds-container-service/0.5.0-SNAPSHOT/hadoop-hdds-container-service-0.5.0-SNAPSHOT.jar!/webapps/static,UNAVAILABLE}
2019-10-08 01:21:41,834 [ForkJoinPool.commonPool-worker-0] INFO  handler.ContextHandler (ContextHandler.java:doStop(910)) - Stopped o.e.j.s.ServletContextHandler@20ab76ee{/logs,file:///workdir/hadoop-ozone/integration-test/target/log,UNAVAILABLE}
2019-10-08 01:21:41,835 [main] INFO  ozone.MiniOzoneClusterImpl (MiniOzoneClusterImpl.java:stopSCM(392)) - Stopping the StorageContainerManager
2019-10-08 01:21:41,836 [main] INFO  server.StorageContainerManager (StorageContainerManager.java:stop(808)) - Stopping Replication Manager Service.
2019-10-08 01:21:41,836 [main] INFO  container.ReplicationManager (ReplicationManager.java:stop(203)) - Stopping Replication Monitor Thread.
2019-10-08 01:21:41,836 [main] INFO  server.StorageContainerManager (StorageContainerManager.java:stop(815)) - Stopping Lease Manager of the command watchers
2019-10-08 01:21:41,836 [main] INFO  server.StorageContainerManager (StorageContainerManager.java:stop(822)) - Stopping datanode service RPC server
2019-10-08 01:21:41,837 [main] INFO  server.SCMDatanodeProtocolServer (SCMDatanodeProtocolServer.java:stop(346)) - Stopping the RPC server for DataNodes
2019-10-08 01:21:41,837 [main] INFO  ipc.Server (Server.java:stop(3082)) - Stopping server on 40322
2019-10-08 01:21:41,839 [IPC Server listener on 40322] INFO  ipc.Server (Server.java:run(1185)) - Stopping IPC Server listener on 40322
2019-10-08 01:21:41,840 [IPC Server Responder] INFO  ipc.Server (Server.java:run(1319)) - Stopping IPC Server Responder
2019-10-08 01:21:41,914 [SCM Heartbeat Processing Thread - 0] WARN  node.NodeStateManager (NodeStateManager.java:scheduleNextHealthCheck(646)) - Current Thread is interrupted, shutting down HB processing thread for Node Manager.
2019-10-08 01:21:41,914 [main] INFO  server.StorageContainerManager (StorageContainerManager.java:stop(830)) - Stopping block service RPC server
2019-10-08 01:21:41,915 [main] INFO  server.SCMBlockProtocolServer (SCMBlockProtocolServer.java:stop(155)) - Stopping the RPC server for Block Protocol
2019-10-08 01:21:41,915 [main] INFO  ipc.Server (Server.java:stop(3082)) - Stopping server on 40678
2019-10-08 01:21:41,918 [IPC Server listener on 40678] INFO  ipc.Server (Server.java:run(1185)) - Stopping IPC Server listener on 40678
2019-10-08 01:21:41,918 [main] INFO  server.StorageContainerManager (StorageContainerManager.java:stop(837)) - Stopping the StorageContainerLocationProtocol RPC server
2019-10-08 01:21:41,918 [IPC Server Responder] INFO  ipc.Server (Server.java:run(1319)) - Stopping IPC Server Responder
2019-10-08 01:21:41,919 [main] INFO  server.SCMClientProtocolServer (SCMClientProtocolServer.java:stop(168)) - Stopping the RPC server for Client Protocol
2019-10-08 01:21:41,919 [main] INFO  ipc.Server (Server.java:stop(3082)) - Stopping server on 43617
2019-10-08 01:21:41,922 [main] INFO  server.StorageContainerManager (StorageContainerManager.java:stop(844)) - Stopping Storage Container Manager HTTP server.
2019-10-08 01:21:41,922 [IPC Server Responder] INFO  ipc.Server (Server.java:run(1319)) - Stopping IPC Server Responder
2019-10-08 01:21:41,922 [IPC Server listener on 43617] INFO  ipc.Server (Server.java:run(1185)) - Stopping IPC Server listener on 43617
2019-10-08 01:21:41,924 [main] INFO  handler.ContextHandler (ContextHandler.java:doStop(910)) - Stopped o.e.j.w.WebAppContext@2d85fb64{/,null,UNAVAILABLE}{/scm}
2019-10-08 01:21:41,924 [main] INFO  server.AbstractConnector (AbstractConnector.java:doStop(318)) - Stopped ServerConnector@56476c16{HTTP/1.1,[http/1.1]}{0.0.0.0:0}
2019-10-08 01:21:41,925 [main] INFO  handler.ContextHandler (ContextHandler.java:doStop(910)) - Stopped o.e.j.s.ServletContextHandler@67774e29{/static,file:///workdir/hadoop-ozone/integration-test/target/test-classes/webapps/static,UNAVAILABLE}
2019-10-08 01:21:41,925 [main] INFO  handler.ContextHandler (ContextHandler.java:doStop(910)) - Stopped o.e.j.s.ServletContextHandler@60bb7995{/logs,file:///workdir/hadoop-ozone/integration-test/target/log,UNAVAILABLE}
2019-10-08 01:21:41,927 [main] INFO  server.StorageContainerManager (StorageContainerManager.java:stop(855)) - Stopping Block Manager Service.
2019-10-08 01:21:41,927 [main] INFO  utils.BackgroundService (BackgroundService.java:shutdown(148)) - Shutting down service SCMBlockDeletingService
2019-10-08 01:21:41,927 [main] INFO  utils.BackgroundService (BackgroundService.java:shutdown(148)) - Shutting down service SCMBlockDeletingService
2019-10-08 01:21:41,928 [main] INFO  server.StorageContainerManager (StorageContainerManager.java:stop(877)) - Stopping SCM Event Queue.
2019-10-08 01:21:41,932 [main] INFO  impl.MetricsSystemImpl (MetricsSystemImpl.java:stop(210)) - Stopping HddsDatanode metrics system...
2019-10-08 01:21:41,950 [main] INFO  impl.MetricsSystemImpl (MetricsSystemImpl.java:stop(216)) - HddsDatanode metrics system stopped.
]]></system-out>
    <system-err><![CDATA[Oct 08, 2019 1:21:26 AM org.apache.ratis.thirdparty.io.grpc.internal.SerializingExecutor run
SEVERE: Exception while executing runnable org.apache.ratis.thirdparty.io.grpc.internal.ServerImpl$JumpToApplicationThreadServerStreamListener$1Closed@7498bbe0
org.apache.ratis.thirdparty.io.grpc.StatusRuntimeException: CANCELLED: call already cancelled
	at org.apache.ratis.thirdparty.io.grpc.Status.asRuntimeException(Status.java:517)
	at org.apache.ratis.thirdparty.io.grpc.stub.ServerCalls$ServerCallStreamObserverImpl.onCompleted(ServerCalls.java:356)
	at org.apache.ratis.grpc.server.GrpcServerProtocolService$ServerRequestStreamObserver.onError(GrpcServerProtocolService.java:121)
	at org.apache.ratis.thirdparty.io.grpc.stub.ServerCalls$StreamingServerCallHandler$StreamingServerCallListener.onCancel(ServerCalls.java:269)
	at org.apache.ratis.thirdparty.io.grpc.internal.ServerCallImpl$ServerStreamListenerImpl.closed(ServerCallImpl.java:293)
	at org.apache.ratis.thirdparty.io.grpc.internal.ServerImpl$JumpToApplicationThreadServerStreamListener$1Closed.runInContext(ServerImpl.java:741)
	at org.apache.ratis.thirdparty.io.grpc.internal.ContextRunnable.run(ContextRunnable.java:37)
	at org.apache.ratis.thirdparty.io.grpc.internal.SerializingExecutor.run(SerializingExecutor.java:123)
	at java.util.concurrent.ThreadPoolExecutor.runWorker(ThreadPoolExecutor.java:1149)
	at java.util.concurrent.ThreadPoolExecutor$Worker.run(ThreadPoolExecutor.java:624)
	at java.lang.Thread.run(Thread.java:748)

Oct 08, 2019 1:21:26 AM org.apache.ratis.thirdparty.io.grpc.internal.SerializingExecutor run
SEVERE: Exception while executing runnable org.apache.ratis.thirdparty.io.grpc.internal.ServerImpl$JumpToApplicationThreadServerStreamListener$1Closed@2cf5745d
org.apache.ratis.thirdparty.io.grpc.StatusRuntimeException: CANCELLED: call already cancelled
	at org.apache.ratis.thirdparty.io.grpc.Status.asRuntimeException(Status.java:517)
	at org.apache.ratis.thirdparty.io.grpc.stub.ServerCalls$ServerCallStreamObserverImpl.onCompleted(ServerCalls.java:356)
	at org.apache.ratis.grpc.server.GrpcServerProtocolService$ServerRequestStreamObserver.onError(GrpcServerProtocolService.java:121)
	at org.apache.ratis.thirdparty.io.grpc.stub.ServerCalls$StreamingServerCallHandler$StreamingServerCallListener.onCancel(ServerCalls.java:269)
	at org.apache.ratis.thirdparty.io.grpc.internal.ServerCallImpl$ServerStreamListenerImpl.closed(ServerCallImpl.java:293)
	at org.apache.ratis.thirdparty.io.grpc.internal.ServerImpl$JumpToApplicationThreadServerStreamListener$1Closed.runInContext(ServerImpl.java:741)
	at org.apache.ratis.thirdparty.io.grpc.internal.ContextRunnable.run(ContextRunnable.java:37)
	at org.apache.ratis.thirdparty.io.grpc.internal.SerializingExecutor.run(SerializingExecutor.java:123)
	at java.util.concurrent.ThreadPoolExecutor.runWorker(ThreadPoolExecutor.java:1149)
	at java.util.concurrent.ThreadPoolExecutor$Worker.run(ThreadPoolExecutor.java:624)
	at java.lang.Thread.run(Thread.java:748)

]]></system-err>
  </testcase>
</testsuite>