<?xml version="1.0" encoding="UTF-8"?>
<testsuite xmlns:xsi="http://www.w3.org/2001/XMLSchema-instance" xsi:noNamespaceSchemaLocation="https://maven.apache.org/surefire/maven-surefire-plugin/xsd/surefire-test-report.xsd" name="org.apache.hadoop.ozone.client.rpc.TestWatchForCommit" time="237.823" tests="5" errors="1" skipped="0" failures="0">
  <properties>
    <property name="awt.toolkit" value="sun.awt.X11.XToolkit"/>
    <property name="file.encoding.pkg" value="sun.io"/>
    <property name="java.specification.version" value="1.8"/>
    <property name="sun.cpu.isalist" value=""/>
    <property name="sun.jnu.encoding" value="UTF-8"/>
    <property name="java.class.path" value="/workdir/hadoop-ozone/integration-test/target/test-classes:/workdir/hadoop-ozone/integration-test/target/classes:/home/user/.m2/repository/org/apache/hadoop/hadoop-ozone-common/0.5.0-SNAPSHOT/hadoop-ozone-common-0.5.0-SNAPSHOT.jar:/home/user/.m2/repository/org/apache/commons/commons-compress/1.4.1/commons-compress-1.4.1.jar:/home/user/.m2/repository/org/tukaani/xz/1.0/xz-1.0.jar:/home/user/.m2/repository/org/apache/hadoop/hadoop-common/3.2.0/hadoop-common-3.2.0.jar:/home/user/.m2/repository/org/apache/hadoop/hadoop-hdfs/3.2.0/hadoop-hdfs-3.2.0.jar:/home/user/.m2/repository/org/apache/hadoop/hadoop-hdfs-client/3.2.0/hadoop-hdfs-client-3.2.0.jar:/home/user/.m2/repository/com/fasterxml/jackson/core/jackson-annotations/2.9.9/jackson-annotations-2.9.9.jar:/home/user/.m2/repository/org/apache/hadoop/hadoop-hdds-common/0.5.0-SNAPSHOT/hadoop-hdds-common-0.5.0-SNAPSHOT.jar:/home/user/.m2/repository/javax/annotation/javax.annotation-api/1.2/javax.annotation-api-1.2.jar:/home/user/.m2/repository/org/apache/ratis/ratis-server/0.5.0-201fc85-SNAPSHOT/ratis-server-0.5.0-201fc85-SNAPSHOT.jar:/home/user/.m2/repository/org/apache/ratis/ratis-thirdparty-misc/0.2.0/ratis-thirdparty-misc-0.2.0.jar:/home/user/.m2/repository/org/apache/ratis/ratis-proto/0.5.0-201fc85-SNAPSHOT/ratis-proto-0.5.0-201fc85-SNAPSHOT.jar:/home/user/.m2/repository/org/apache/ratis/ratis-common/0.5.0-201fc85-SNAPSHOT/ratis-common-0.5.0-201fc85-SNAPSHOT.jar:/home/user/.m2/repository/org/apache/ratis/ratis-client/0.5.0-201fc85-SNAPSHOT/ratis-client-0.5.0-201fc85-SNAPSHOT.jar:/home/user/.m2/repository/org/apache/ratis/ratis-metrics/0.5.0-201fc85-SNAPSHOT/ratis-metrics-0.5.0-201fc85-SNAPSHOT.jar:/home/user/.m2/repository/com/github/joshelser/dropwizard-metrics-hadoop-metrics2-reporter/0.1.2/dropwizard-metrics-hadoop-metrics2-reporter-0.1.2.jar:/home/user/.m2/repository/io/dropwizard/metrics/metrics-jvm/3.2.5/metrics-jvm-3.2.5.jar:/home/user/.m2/repository/io/dropwizard/metrics/metrics-ganglia/3.2.5/metrics-ganglia-3.2.5.jar:/home/user/.m2/repository/info/ganglia/gmetric4j/gmetric4j/1.0.7/gmetric4j-1.0.7.jar:/home/user/.m2/repository/org/apache/ratis/ratis-netty/0.5.0-201fc85-SNAPSHOT/ratis-netty-0.5.0-201fc85-SNAPSHOT.jar:/home/user/.m2/repository/org/apache/ratis/ratis-grpc/0.5.0-201fc85-SNAPSHOT/ratis-grpc-0.5.0-201fc85-SNAPSHOT.jar:/home/user/.m2/repository/org/rocksdb/rocksdbjni/6.0.1/rocksdbjni-6.0.1.jar:/home/user/.m2/repository/org/apache/logging/log4j/log4j-api/2.11.0/log4j-api-2.11.0.jar:/home/user/.m2/repository/org/apache/logging/log4j/log4j-core/2.11.0/log4j-core-2.11.0.jar:/home/user/.m2/repository/com/lmax/disruptor/3.4.2/disruptor-3.4.2.jar:/home/user/.m2/repository/org/apache/commons/commons-pool2/2.6.0/commons-pool2-2.6.0.jar:/home/user/.m2/repository/org/bouncycastle/bcpkix-jdk15on/1.60/bcpkix-jdk15on-1.60.jar:/home/user/.m2/repository/commons-validator/commons-validator/1.6/commons-validator-1.6.jar:/home/user/.m2/repository/commons-digester/commons-digester/1.8.1/commons-digester-1.8.1.jar:/home/user/.m2/repository/io/jaegertracing/jaeger-client/0.34.0/jaeger-client-0.34.0.jar:/home/user/.m2/repository/io/jaegertracing/jaeger-thrift/0.34.0/jaeger-thrift-0.34.0.jar:/home/user/.m2/repository/org/apache/thrift/libthrift/0.12.0/libthrift-0.12.0.jar:/home/user/.m2/repository/com/squareup/okhttp3/okhttp/3.9.0/okhttp-3.9.0.jar:/home/user/.m2/repository/com/squareup/okio/okio/1.13.0/okio-1.13.0.jar:/home/user/.m2/repository/io/jaegertracing/jaeger-core/0.34.0/jaeger-core-0.34.0.jar:/home/user/.m2/repository/io/jaegertracing/jaeger-tracerresolver/0.34.0/jaeger-tracerresolver-0.34.0.jar:/home/user/.m2/repository/io/opentracing/contrib/opentracing-tracerresolver/0.1.5/opentracing-tracerresolver-0.1.5.jar:/home/user/.m2/repository/io/opentracing/opentracing-util/0.31.0/opentracing-util-0.31.0.jar:/home/user/.m2/repository/io/opentracing/opentracing-api/0.31.0/opentracing-api-0.31.0.jar:/home/user/.m2/repository/io/opentracing/opentracing-noop/0.31.0/opentracing-noop-0.31.0.jar:/home/user/.m2/repository/org/apache/hadoop/hadoop-hdds-server-framework/0.5.0-SNAPSHOT/hadoop-hdds-server-framework-0.5.0-SNAPSHOT.jar:/home/user/.m2/repository/org/apache/hadoop/hadoop-hdds-container-service/0.5.0-SNAPSHOT/hadoop-hdds-container-service-0.5.0-SNAPSHOT.jar:/home/user/.m2/repository/org/apache/hadoop/hadoop-hdds-client/0.5.0-SNAPSHOT/hadoop-hdds-client-0.5.0-SNAPSHOT.jar:/home/user/.m2/repository/org/apache/hadoop/hadoop-hdds-tools/0.5.0-SNAPSHOT/hadoop-hdds-tools-0.5.0-SNAPSHOT.jar:/home/user/.m2/repository/org/apache/hadoop/hadoop-hdds-server-scm/0.5.0-SNAPSHOT/hadoop-hdds-server-scm-0.5.0-SNAPSHOT.jar:/home/user/.m2/repository/org/apache/hadoop/hadoop-hdds-docs/0.5.0-SNAPSHOT/hadoop-hdds-docs-0.5.0-SNAPSHOT.jar:/home/user/.m2/repository/io/dropwizard/metrics/metrics-core/3.2.4/metrics-core-3.2.4.jar:/home/user/.m2/repository/org/hamcrest/hamcrest-all/1.3/hamcrest-all-1.3.jar:/home/user/.m2/repository/org/bouncycastle/bcprov-jdk15on/1.60/bcprov-jdk15on-1.60.jar:/home/user/.m2/repository/info/picocli/picocli/3.9.6/picocli-3.9.6.jar:/home/user/.m2/repository/com/google/protobuf/protobuf-java/2.5.0/protobuf-java-2.5.0.jar:/home/user/.m2/repository/com/google/guava/guava/11.0.2/guava-11.0.2.jar:/home/user/.m2/repository/org/apache/hadoop/hadoop-ozone-ozone-manager/0.5.0-SNAPSHOT/hadoop-ozone-ozone-manager-0.5.0-SNAPSHOT.jar:/home/user/.m2/repository/org/apache/hadoop/hadoop-minikdc/3.2.0/hadoop-minikdc-3.2.0.jar:/home/user/.m2/repository/commons-io/commons-io/2.5/commons-io-2.5.jar:/home/user/.m2/repository/org/apache/kerby/kerb-simplekdc/1.0.1/kerb-simplekdc-1.0.1.jar:/home/user/.m2/repository/org/apache/kerby/kerb-client/1.0.1/kerb-client-1.0.1.jar:/home/user/.m2/repository/org/apache/kerby/kerby-config/1.0.1/kerby-config-1.0.1.jar:/home/user/.m2/repository/org/apache/kerby/kerb-core/1.0.1/kerb-core-1.0.1.jar:/home/user/.m2/repository/org/apache/kerby/kerby-pkix/1.0.1/kerby-pkix-1.0.1.jar:/home/user/.m2/repository/org/apache/kerby/kerby-asn1/1.0.1/kerby-asn1-1.0.1.jar:/home/user/.m2/repository/org/apache/kerby/kerby-util/1.0.1/kerby-util-1.0.1.jar:/home/user/.m2/repository/org/apache/kerby/kerb-common/1.0.1/kerb-common-1.0.1.jar:/home/user/.m2/repository/org/apache/kerby/kerb-crypto/1.0.1/kerb-crypto-1.0.1.jar:/home/user/.m2/repository/org/apache/kerby/kerb-util/1.0.1/kerb-util-1.0.1.jar:/home/user/.m2/repository/org/apache/kerby/token-provider/1.0.1/token-provider-1.0.1.jar:/home/user/.m2/repository/org/apache/kerby/kerb-admin/1.0.1/kerb-admin-1.0.1.jar:/home/user/.m2/repository/org/apache/kerby/kerb-server/1.0.1/kerb-server-1.0.1.jar:/home/user/.m2/repository/org/apache/kerby/kerb-identity/1.0.1/kerb-identity-1.0.1.jar:/home/user/.m2/repository/org/apache/kerby/kerby-xdr/1.0.1/kerby-xdr-1.0.1.jar:/home/user/.m2/repository/org/slf4j/slf4j-log4j12/1.7.25/slf4j-log4j12-1.7.25.jar:/home/user/.m2/repository/org/apache/hadoop/hadoop-ozone-s3gateway/0.5.0-SNAPSHOT/hadoop-ozone-s3gateway-0.5.0-SNAPSHOT.jar:/home/user/.m2/repository/org/jboss/weld/servlet/weld-servlet/2.4.7.Final/weld-servlet-2.4.7.Final.jar:/home/user/.m2/repository/org/glassfish/jersey/containers/jersey-container-servlet-core/2.27/jersey-container-servlet-core-2.27.jar:/home/user/.m2/repository/org/glassfish/hk2/external/javax.inject/2.5.0-b42/javax.inject-2.5.0-b42.jar:/home/user/.m2/repository/org/glassfish/jersey/core/jersey-common/2.27/jersey-common-2.27.jar:/home/user/.m2/repository/org/glassfish/hk2/osgi-resource-locator/1.0.1/osgi-resource-locator-1.0.1.jar:/home/user/.m2/repository/javax/ws/rs/javax.ws.rs-api/2.1/javax.ws.rs-api-2.1.jar:/home/user/.m2/repository/org/glassfish/jersey/ext/cdi/jersey-cdi1x/2.27/jersey-cdi1x-2.27.jar:/home/user/.m2/repository/org/glassfish/jersey/inject/jersey-hk2/2.27/jersey-hk2-2.27.jar:/home/user/.m2/repository/org/glassfish/hk2/hk2-locator/2.5.0-b42/hk2-locator-2.5.0-b42.jar:/home/user/.m2/repository/org/javassist/javassist/3.22.0-CR2/javassist-3.22.0-CR2.jar:/home/user/.m2/repository/org/glassfish/hk2/hk2-api/2.5.0/hk2-api-2.5.0.jar:/home/user/.m2/repository/org/glassfish/hk2/external/jakarta.inject/2.5.0/jakarta.inject-2.5.0.jar:/home/user/.m2/repository/org/glassfish/hk2/hk2-utils/2.5.0/hk2-utils-2.5.0.jar:/home/user/.m2/repository/jakarta/annotation/jakarta.annotation-api/1.3.4/jakarta.annotation-api-1.3.4.jar:/home/user/.m2/repository/org/glassfish/hk2/external/aopalliance-repackaged/2.5.0/aopalliance-repackaged-2.5.0.jar:/home/user/.m2/repository/com/fasterxml/jackson/dataformat/jackson-dataformat-xml/2.9.0/jackson-dataformat-xml-2.9.0.jar:/home/user/.m2/repository/com/fasterxml/jackson/core/jackson-core/2.9.9/jackson-core-2.9.9.jar:/home/user/.m2/repository/com/fasterxml/jackson/module/jackson-module-jaxb-annotations/2.9.9/jackson-module-jaxb-annotations-2.9.9.jar:/home/user/.m2/repository/javax/enterprise/cdi-api/1.2/cdi-api-1.2.jar:/home/user/.m2/repository/javax/el/javax.el-api/3.0.0/javax.el-api-3.0.0.jar:/home/user/.m2/repository/javax/interceptor/javax.interceptor-api/1.2/javax.interceptor-api-1.2.jar:/home/user/.m2/repository/javax/inject/javax.inject/1/javax.inject-1.jar:/home/user/.m2/repository/com/sun/xml/bind/jaxb-impl/2.3.0.1/jaxb-impl-2.3.0.1.jar:/home/user/.m2/repository/com/sun/xml/bind/jaxb-core/2.3.0.1/jaxb-core-2.3.0.1.jar:/home/user/.m2/repository/javax/xml/bind/jaxb-api/2.3.0/jaxb-api-2.3.0.jar:/home/user/.m2/repository/javax/activation/activation/1.1.1/activation-1.1.1.jar:/home/user/.m2/repository/org/apache/hadoop/hadoop-ozone-csi/0.5.0-SNAPSHOT/hadoop-ozone-csi-0.5.0-SNAPSHOT.jar:/home/user/.m2/repository/com/google/protobuf/protobuf-java-util/3.5.1/protobuf-java-util-3.5.1.jar:/home/user/.m2/repository/org/apache/hadoop/hadoop-hdds-config/0.5.0-SNAPSHOT/hadoop-hdds-config-0.5.0-SNAPSHOT.jar:/home/user/.m2/repository/io/grpc/grpc-netty/1.17.1/grpc-netty-1.17.1.jar:/home/user/.m2/repository/io/grpc/grpc-core/1.17.1/grpc-core-1.17.1.jar:/home/user/.m2/repository/io/grpc/grpc-context/1.17.1/grpc-context-1.17.1.jar:/home/user/.m2/repository/com/google/errorprone/error_prone_annotations/2.2.0/error_prone_annotations-2.2.0.jar:/home/user/.m2/repository/org/codehaus/mojo/animal-sniffer-annotations/1.17/animal-sniffer-annotations-1.17.jar:/home/user/.m2/repository/io/opencensus/opencensus-api/0.17.0/opencensus-api-0.17.0.jar:/home/user/.m2/repository/io/opencensus/opencensus-contrib-grpc-metrics/0.17.0/opencensus-contrib-grpc-metrics-0.17.0.jar:/home/user/.m2/repository/io/netty/netty-codec-http2/4.1.30.Final/netty-codec-http2-4.1.30.Final.jar:/home/user/.m2/repository/io/netty/netty-codec-http/4.1.30.Final/netty-codec-http-4.1.30.Final.jar:/home/user/.m2/repository/io/netty/netty-codec/4.1.30.Final/netty-codec-4.1.30.Final.jar:/home/user/.m2/repository/io/netty/netty-handler/4.1.30.Final/netty-handler-4.1.30.Final.jar:/home/user/.m2/repository/io/netty/netty-handler-proxy/4.1.30.Final/netty-handler-proxy-4.1.30.Final.jar:/home/user/.m2/repository/io/netty/netty-codec-socks/4.1.30.Final/netty-codec-socks-4.1.30.Final.jar:/home/user/.m2/repository/io/netty/netty-transport-native-epoll/4.1.30.Final/netty-transport-native-epoll-4.1.30.Final.jar:/home/user/.m2/repository/io/netty/netty-common/4.1.30.Final/netty-common-4.1.30.Final.jar:/home/user/.m2/repository/io/netty/netty-buffer/4.1.30.Final/netty-buffer-4.1.30.Final.jar:/home/user/.m2/repository/io/netty/netty-transport/4.1.30.Final/netty-transport-4.1.30.Final.jar:/home/user/.m2/repository/io/netty/netty-resolver/4.1.30.Final/netty-resolver-4.1.30.Final.jar:/home/user/.m2/repository/io/netty/netty-transport-native-unix-common/4.1.30.Final/netty-transport-native-unix-common-4.1.30.Final.jar:/home/user/.m2/repository/io/grpc/grpc-protobuf/1.17.1/grpc-protobuf-1.17.1.jar:/home/user/.m2/repository/com/google/api/grpc/proto-google-common-protos/1.0.0/proto-google-common-protos-1.0.0.jar:/home/user/.m2/repository/io/grpc/grpc-protobuf-lite/1.17.1/grpc-protobuf-lite-1.17.1.jar:/home/user/.m2/repository/io/grpc/grpc-stub/1.17.1/grpc-stub-1.17.1.jar:/home/user/.m2/repository/org/apache/hadoop/hadoop-ozone-recon/0.5.0-SNAPSHOT/hadoop-ozone-recon-0.5.0-SNAPSHOT.jar:/home/user/.m2/repository/org/apache/hadoop/hadoop-ozone-reconcodegen/0.5.0-SNAPSHOT/hadoop-ozone-reconcodegen-0.5.0-SNAPSHOT.jar:/home/user/.m2/repository/com/google/inject/extensions/guice-multibindings/4.0/guice-multibindings-4.0.jar:/home/user/.m2/repository/com/google/inject/guice/4.0/guice-4.0.jar:/home/user/.m2/repository/aopalliance/aopalliance/1.0/aopalliance-1.0.jar:/home/user/.m2/repository/com/google/inject/extensions/guice-servlet/4.0/guice-servlet-4.0.jar:/home/user/.m2/repository/org/glassfish/jersey/containers/jersey-container-servlet/2.27/jersey-container-servlet-2.27.jar:/home/user/.m2/repository/org/glassfish/hk2/guice-bridge/2.5.0/guice-bridge-2.5.0.jar:/home/user/.m2/repository/org/glassfish/jersey/core/jersey-server/2.27/jersey-server-2.27.jar:/home/user/.m2/repository/org/glassfish/jersey/core/jersey-client/2.27/jersey-client-2.27.jar:/home/user/.m2/repository/org/glassfish/jersey/media/jersey-media-jaxb/2.27/jersey-media-jaxb-2.27.jar:/home/user/.m2/repository/javax/validation/validation-api/1.1.0.Final/validation-api-1.1.0.Final.jar:/home/user/.m2/repository/org/glassfish/jersey/media/jersey-media-json-jackson/2.27/jersey-media-json-jackson-2.27.jar:/home/user/.m2/repository/org/glassfish/jersey/ext/jersey-entity-filtering/2.27/jersey-entity-filtering-2.27.jar:/home/user/.m2/repository/com/google/inject/extensions/guice-assistedinject/4.0/guice-assistedinject-4.0.jar:/home/user/.m2/repository/org/jooq/jooq/3.11.10/jooq-3.11.10.jar:/home/user/.m2/repository/org/jooq/jooq-meta/3.11.10/jooq-meta-3.11.10.jar:/home/user/.m2/repository/org/jooq/jooq-codegen/3.11.10/jooq-codegen-3.11.10.jar:/home/user/.m2/repository/com/jolbox/bonecp/0.8.0.RELEASE/bonecp-0.8.0.RELEASE.jar:/home/user/.m2/repository/org/xerial/sqlite-jdbc/3.25.2/sqlite-jdbc-3.25.2.jar:/home/user/.m2/repository/org/springframework/spring-jdbc/5.1.3.RELEASE/spring-jdbc-5.1.3.RELEASE.jar:/home/user/.m2/repository/org/springframework/spring-beans/5.1.3.RELEASE/spring-beans-5.1.3.RELEASE.jar:/home/user/.m2/repository/org/springframework/spring-core/5.1.3.RELEASE/spring-core-5.1.3.RELEASE.jar:/home/user/.m2/repository/org/springframework/spring-jcl/5.1.3.RELEASE/spring-jcl-5.1.3.RELEASE.jar:/home/user/.m2/repository/org/springframework/spring-tx/5.1.3.RELEASE/spring-tx-5.1.3.RELEASE.jar:/home/user/.m2/repository/org/apache/hadoop/hadoop-ozone-client/0.5.0-SNAPSHOT/hadoop-ozone-client-0.5.0-SNAPSHOT.jar:/home/user/.m2/repository/commons-lang/commons-lang/2.6/commons-lang-2.6.jar:/home/user/.m2/repository/org/apache/hadoop/hadoop-ozone-ozone-manager/0.5.0-SNAPSHOT/hadoop-ozone-ozone-manager-0.5.0-SNAPSHOT-tests.jar:/home/user/.m2/repository/junit/junit/4.11/junit-4.11.jar:/home/user/.m2/repository/org/hamcrest/hamcrest-core/1.3/hamcrest-core-1.3.jar:/home/user/.m2/repository/org/openjdk/jmh/jmh-core/1.19/jmh-core-1.19.jar:/home/user/.m2/repository/net/sf/jopt-simple/jopt-simple/4.6/jopt-simple-4.6.jar:/home/user/.m2/repository/org/apache/commons/commons-math3/3.1.1/commons-math3-3.1.1.jar:/home/user/.m2/repository/org/openjdk/jmh/jmh-generator-annprocess/1.19/jmh-generator-annprocess-1.19.jar:/home/user/.m2/repository/org/mockito/mockito-all/1.8.5/mockito-all-1.8.5.jar:/home/user/.m2/repository/org/apache/hadoop/hadoop-kms/3.2.0/hadoop-kms-3.2.0.jar:/home/user/.m2/repository/org/apache/hadoop/hadoop-auth/3.2.0/hadoop-auth-3.2.0.jar:/home/user/.m2/repository/com/nimbusds/nimbus-jose-jwt/4.41.1/nimbus-jose-jwt-4.41.1.jar:/home/user/.m2/repository/com/github/stephenc/jcip/jcip-annotations/1.0-1/jcip-annotations-1.0-1.jar:/home/user/.m2/repository/net/minidev/json-smart/2.3/json-smart-2.3.jar:/home/user/.m2/repository/net/minidev/accessors-smart/1.2/accessors-smart-1.2.jar:/home/user/.m2/repository/org/ow2/asm/asm/5.0.4/asm-5.0.4.jar:/home/user/.m2/repository/org/apache/curator/curator-framework/2.12.0/curator-framework-2.12.0.jar:/home/user/.m2/repository/com/sun/jersey/jersey-core/1.19/jersey-core-1.19.jar:/home/user/.m2/repository/javax/ws/rs/jsr311-api/1.1.1/jsr311-api-1.1.1.jar:/home/user/.m2/repository/com/sun/jersey/jersey-server/1.19/jersey-server-1.19.jar:/home/user/.m2/repository/javax/servlet/javax.servlet-api/3.1.0/javax.servlet-api-3.1.0.jar:/home/user/.m2/repository/org/eclipse/jetty/jetty-server/9.3.25.v20180904/jetty-server-9.3.25.v20180904.jar:/home/user/.m2/repository/org/eclipse/jetty/jetty-http/9.3.25.v20180904/jetty-http-9.3.25.v20180904.jar:/home/user/.m2/repository/org/eclipse/jetty/jetty-io/9.3.25.v20180904/jetty-io-9.3.25.v20180904.jar:/home/user/.m2/repository/org/eclipse/jetty/jetty-webapp/9.3.25.v20180904/jetty-webapp-9.3.25.v20180904.jar:/home/user/.m2/repository/org/eclipse/jetty/jetty-xml/9.3.25.v20180904/jetty-xml-9.3.25.v20180904.jar:/home/user/.m2/repository/log4j/log4j/1.2.17/log4j-1.2.17.jar:/home/user/.m2/repository/org/slf4j/slf4j-api/1.7.25/slf4j-api-1.7.25.jar:/home/user/.m2/repository/org/slf4j/jul-to-slf4j/1.7.25/jul-to-slf4j-1.7.25.jar:/home/user/.m2/repository/org/eclipse/jetty/jetty-util/9.3.25.v20180904/jetty-util-9.3.25.v20180904.jar:/home/user/.m2/repository/com/fasterxml/jackson/core/jackson-databind/2.9.9/jackson-databind-2.9.9.jar:/home/user/.m2/repository/org/apache/hadoop/hadoop-kms/3.2.0/hadoop-kms-3.2.0-tests.jar:/home/user/.m2/repository/org/apache/hadoop/hadoop-hdds-server-scm/0.5.0-SNAPSHOT/hadoop-hdds-server-scm-0.5.0-SNAPSHOT-tests.jar:/home/user/.m2/repository/org/apache/hadoop/hadoop-hdds-container-service/0.5.0-SNAPSHOT/hadoop-hdds-container-service-0.5.0-SNAPSHOT-tests.jar:/home/user/.m2/repository/org/yaml/snakeyaml/1.16/snakeyaml-1.16.jar:/home/user/.m2/repository/org/apache/hadoop/hadoop-common/3.2.0/hadoop-common-3.2.0-tests.jar:/home/user/.m2/repository/org/apache/hadoop/hadoop-annotations/3.2.0/hadoop-annotations-3.2.0.jar:/usr/lib/jvm/java-1.8-openjdk/jre/../lib/tools.jar:/home/user/.m2/repository/commons-cli/commons-cli/1.2/commons-cli-1.2.jar:/home/user/.m2/repository/org/apache/httpcomponents/httpclient/4.5.2/httpclient-4.5.2.jar:/home/user/.m2/repository/org/apache/httpcomponents/httpcore/4.4.4/httpcore-4.4.4.jar:/home/user/.m2/repository/commons-codec/commons-codec/1.11/commons-codec-1.11.jar:/home/user/.m2/repository/commons-net/commons-net/3.6/commons-net-3.6.jar:/home/user/.m2/repository/commons-collections/commons-collections/3.2.2/commons-collections-3.2.2.jar:/home/user/.m2/repository/org/eclipse/jetty/jetty-servlet/9.3.25.v20180904/jetty-servlet-9.3.25.v20180904.jar:/home/user/.m2/repository/org/eclipse/jetty/jetty-security/9.3.25.v20180904/jetty-security-9.3.25.v20180904.jar:/home/user/.m2/repository/javax/servlet/jsp/jsp-api/2.1/jsp-api-2.1.jar:/home/user/.m2/repository/com/sun/jersey/jersey-servlet/1.19/jersey-servlet-1.19.jar:/home/user/.m2/repository/com/sun/jersey/jersey-json/1.19/jersey-json-1.19.jar:/home/user/.m2/repository/org/codehaus/jettison/jettison/1.1/jettison-1.1.jar:/home/user/.m2/repository/org/codehaus/jackson/jackson-core-asl/1.9.13/jackson-core-asl-1.9.13.jar:/home/user/.m2/repository/org/codehaus/jackson/jackson-mapper-asl/1.9.13/jackson-mapper-asl-1.9.13.jar:/home/user/.m2/repository/org/codehaus/jackson/jackson-jaxrs/1.9.13/jackson-jaxrs-1.9.13.jar:/home/user/.m2/repository/org/codehaus/jackson/jackson-xc/1.9.13/jackson-xc-1.9.13.jar:/home/user/.m2/repository/commons-logging/commons-logging/1.1.3/commons-logging-1.1.3.jar:/home/user/.m2/repository/commons-beanutils/commons-beanutils/1.9.4/commons-beanutils-1.9.4.jar:/home/user/.m2/repository/org/apache/commons/commons-configuration2/2.1.1/commons-configuration2-2.1.1.jar:/home/user/.m2/repository/org/apache/commons/commons-lang3/3.7/commons-lang3-3.7.jar:/home/user/.m2/repository/org/apache/commons/commons-text/1.4/commons-text-1.4.jar:/home/user/.m2/repository/org/apache/avro/avro/1.7.7/avro-1.7.7.jar:/home/user/.m2/repository/com/thoughtworks/paranamer/paranamer/2.3/paranamer-2.3.jar:/home/user/.m2/repository/org/xerial/snappy/snappy-java/1.0.5/snappy-java-1.0.5.jar:/home/user/.m2/repository/com/google/re2j/re2j/1.1/re2j-1.1.jar:/home/user/.m2/repository/com/google/code/gson/gson/2.2.4/gson-2.2.4.jar:/home/user/.m2/repository/com/jcraft/jsch/0.1.54/jsch-0.1.54.jar:/home/user/.m2/repository/org/apache/curator/curator-client/2.12.0/curator-client-2.12.0.jar:/home/user/.m2/repository/org/apache/curator/curator-recipes/2.12.0/curator-recipes-2.12.0.jar:/home/user/.m2/repository/com/google/code/findbugs/jsr305/3.0.0/jsr305-3.0.0.jar:/home/user/.m2/repository/org/apache/htrace/htrace-core4/4.1.0-incubating/htrace-core4-4.1.0-incubating.jar:/home/user/.m2/repository/org/apache/zookeeper/zookeeper/3.4.13/zookeeper-3.4.13.jar:/home/user/.m2/repository/jline/jline/0.9.94/jline-0.9.94.jar:/home/user/.m2/repository/org/apache/yetus/audience-annotations/0.5.0/audience-annotations-0.5.0.jar:/home/user/.m2/repository/org/codehaus/woodstox/stax2-api/3.1.4/stax2-api-3.1.4.jar:/home/user/.m2/repository/com/fasterxml/woodstox/woodstox-core/5.0.3/woodstox-core-5.0.3.jar:/home/user/.m2/repository/dnsjava/dnsjava/2.1.7/dnsjava-2.1.7.jar:/home/user/.m2/repository/org/apache/hadoop/hadoop-hdfs/3.2.0/hadoop-hdfs-3.2.0-tests.jar:/home/user/.m2/repository/org/eclipse/jetty/jetty-util-ajax/9.3.25.v20180904/jetty-util-ajax-9.3.25.v20180904.jar:/home/user/.m2/repository/commons-daemon/commons-daemon/1.0.13/commons-daemon-1.0.13.jar:/home/user/.m2/repository/io/netty/netty/3.10.5.Final/netty-3.10.5.Final.jar:/home/user/.m2/repository/io/netty/netty-all/4.0.52.Final/netty-all-4.0.52.Final.jar:/home/user/.m2/repository/org/fusesource/leveldbjni/leveldbjni-all/1.8/leveldbjni-all-1.8.jar:"/>
    <property name="java.vm.vendor" value="IcedTea"/>
    <property name="sun.arch.data.model" value="64"/>
    <property name="test.build.dir" value="/workdir/hadoop-ozone/integration-test/target/test-dir"/>
    <property name="test.cache.data" value=""/>
    <property name="java.vendor.url" value="https://icedtea.classpath.org"/>
    <property name="user.timezone" value=""/>
    <property name="java.vm.specification.version" value="1.8"/>
    <property name="os.name" value="Linux"/>
    <property name="test.build.data" value="/workdir/hadoop-ozone/integration-test/target/test-dir"/>
    <property name="user.country" value="US"/>
    <property name="sun.java.launcher" value="SUN_STANDARD"/>
    <property name="sun.boot.library.path" value="/usr/lib/jvm/java-1.8-openjdk/jre/lib/amd64"/>
    <property name="sun.java.command" value="/workdir/hadoop-ozone/integration-test/target/surefire/surefirebooter817165290325723952.jar /workdir/hadoop-ozone/integration-test/target/surefire 2019-10-08T00-38-45_914-jvmRun1 surefire2592401644845649582tmp surefire_554596711698226398821tmp"/>
    <property name="test" value="!TestMiniChaosOzoneCluster"/>
    <property name="surefire.test.class.path" value="/workdir/hadoop-ozone/integration-test/target/test-classes:/workdir/hadoop-ozone/integration-test/target/classes:/home/user/.m2/repository/org/apache/hadoop/hadoop-ozone-common/0.5.0-SNAPSHOT/hadoop-ozone-common-0.5.0-SNAPSHOT.jar:/home/user/.m2/repository/org/apache/commons/commons-compress/1.4.1/commons-compress-1.4.1.jar:/home/user/.m2/repository/org/tukaani/xz/1.0/xz-1.0.jar:/home/user/.m2/repository/org/apache/hadoop/hadoop-common/3.2.0/hadoop-common-3.2.0.jar:/home/user/.m2/repository/org/apache/hadoop/hadoop-hdfs/3.2.0/hadoop-hdfs-3.2.0.jar:/home/user/.m2/repository/org/apache/hadoop/hadoop-hdfs-client/3.2.0/hadoop-hdfs-client-3.2.0.jar:/home/user/.m2/repository/com/fasterxml/jackson/core/jackson-annotations/2.9.9/jackson-annotations-2.9.9.jar:/home/user/.m2/repository/org/apache/hadoop/hadoop-hdds-common/0.5.0-SNAPSHOT/hadoop-hdds-common-0.5.0-SNAPSHOT.jar:/home/user/.m2/repository/javax/annotation/javax.annotation-api/1.2/javax.annotation-api-1.2.jar:/home/user/.m2/repository/org/apache/ratis/ratis-server/0.5.0-201fc85-SNAPSHOT/ratis-server-0.5.0-201fc85-SNAPSHOT.jar:/home/user/.m2/repository/org/apache/ratis/ratis-thirdparty-misc/0.2.0/ratis-thirdparty-misc-0.2.0.jar:/home/user/.m2/repository/org/apache/ratis/ratis-proto/0.5.0-201fc85-SNAPSHOT/ratis-proto-0.5.0-201fc85-SNAPSHOT.jar:/home/user/.m2/repository/org/apache/ratis/ratis-common/0.5.0-201fc85-SNAPSHOT/ratis-common-0.5.0-201fc85-SNAPSHOT.jar:/home/user/.m2/repository/org/apache/ratis/ratis-client/0.5.0-201fc85-SNAPSHOT/ratis-client-0.5.0-201fc85-SNAPSHOT.jar:/home/user/.m2/repository/org/apache/ratis/ratis-metrics/0.5.0-201fc85-SNAPSHOT/ratis-metrics-0.5.0-201fc85-SNAPSHOT.jar:/home/user/.m2/repository/com/github/joshelser/dropwizard-metrics-hadoop-metrics2-reporter/0.1.2/dropwizard-metrics-hadoop-metrics2-reporter-0.1.2.jar:/home/user/.m2/repository/io/dropwizard/metrics/metrics-jvm/3.2.5/metrics-jvm-3.2.5.jar:/home/user/.m2/repository/io/dropwizard/metrics/metrics-ganglia/3.2.5/metrics-ganglia-3.2.5.jar:/home/user/.m2/repository/info/ganglia/gmetric4j/gmetric4j/1.0.7/gmetric4j-1.0.7.jar:/home/user/.m2/repository/org/apache/ratis/ratis-netty/0.5.0-201fc85-SNAPSHOT/ratis-netty-0.5.0-201fc85-SNAPSHOT.jar:/home/user/.m2/repository/org/apache/ratis/ratis-grpc/0.5.0-201fc85-SNAPSHOT/ratis-grpc-0.5.0-201fc85-SNAPSHOT.jar:/home/user/.m2/repository/org/rocksdb/rocksdbjni/6.0.1/rocksdbjni-6.0.1.jar:/home/user/.m2/repository/org/apache/logging/log4j/log4j-api/2.11.0/log4j-api-2.11.0.jar:/home/user/.m2/repository/org/apache/logging/log4j/log4j-core/2.11.0/log4j-core-2.11.0.jar:/home/user/.m2/repository/com/lmax/disruptor/3.4.2/disruptor-3.4.2.jar:/home/user/.m2/repository/org/apache/commons/commons-pool2/2.6.0/commons-pool2-2.6.0.jar:/home/user/.m2/repository/org/bouncycastle/bcpkix-jdk15on/1.60/bcpkix-jdk15on-1.60.jar:/home/user/.m2/repository/commons-validator/commons-validator/1.6/commons-validator-1.6.jar:/home/user/.m2/repository/commons-digester/commons-digester/1.8.1/commons-digester-1.8.1.jar:/home/user/.m2/repository/io/jaegertracing/jaeger-client/0.34.0/jaeger-client-0.34.0.jar:/home/user/.m2/repository/io/jaegertracing/jaeger-thrift/0.34.0/jaeger-thrift-0.34.0.jar:/home/user/.m2/repository/org/apache/thrift/libthrift/0.12.0/libthrift-0.12.0.jar:/home/user/.m2/repository/com/squareup/okhttp3/okhttp/3.9.0/okhttp-3.9.0.jar:/home/user/.m2/repository/com/squareup/okio/okio/1.13.0/okio-1.13.0.jar:/home/user/.m2/repository/io/jaegertracing/jaeger-core/0.34.0/jaeger-core-0.34.0.jar:/home/user/.m2/repository/io/jaegertracing/jaeger-tracerresolver/0.34.0/jaeger-tracerresolver-0.34.0.jar:/home/user/.m2/repository/io/opentracing/contrib/opentracing-tracerresolver/0.1.5/opentracing-tracerresolver-0.1.5.jar:/home/user/.m2/repository/io/opentracing/opentracing-util/0.31.0/opentracing-util-0.31.0.jar:/home/user/.m2/repository/io/opentracing/opentracing-api/0.31.0/opentracing-api-0.31.0.jar:/home/user/.m2/repository/io/opentracing/opentracing-noop/0.31.0/opentracing-noop-0.31.0.jar:/home/user/.m2/repository/org/apache/hadoop/hadoop-hdds-server-framework/0.5.0-SNAPSHOT/hadoop-hdds-server-framework-0.5.0-SNAPSHOT.jar:/home/user/.m2/repository/org/apache/hadoop/hadoop-hdds-container-service/0.5.0-SNAPSHOT/hadoop-hdds-container-service-0.5.0-SNAPSHOT.jar:/home/user/.m2/repository/org/apache/hadoop/hadoop-hdds-client/0.5.0-SNAPSHOT/hadoop-hdds-client-0.5.0-SNAPSHOT.jar:/home/user/.m2/repository/org/apache/hadoop/hadoop-hdds-tools/0.5.0-SNAPSHOT/hadoop-hdds-tools-0.5.0-SNAPSHOT.jar:/home/user/.m2/repository/org/apache/hadoop/hadoop-hdds-server-scm/0.5.0-SNAPSHOT/hadoop-hdds-server-scm-0.5.0-SNAPSHOT.jar:/home/user/.m2/repository/org/apache/hadoop/hadoop-hdds-docs/0.5.0-SNAPSHOT/hadoop-hdds-docs-0.5.0-SNAPSHOT.jar:/home/user/.m2/repository/io/dropwizard/metrics/metrics-core/3.2.4/metrics-core-3.2.4.jar:/home/user/.m2/repository/org/hamcrest/hamcrest-all/1.3/hamcrest-all-1.3.jar:/home/user/.m2/repository/org/bouncycastle/bcprov-jdk15on/1.60/bcprov-jdk15on-1.60.jar:/home/user/.m2/repository/info/picocli/picocli/3.9.6/picocli-3.9.6.jar:/home/user/.m2/repository/com/google/protobuf/protobuf-java/2.5.0/protobuf-java-2.5.0.jar:/home/user/.m2/repository/com/google/guava/guava/11.0.2/guava-11.0.2.jar:/home/user/.m2/repository/org/apache/hadoop/hadoop-ozone-ozone-manager/0.5.0-SNAPSHOT/hadoop-ozone-ozone-manager-0.5.0-SNAPSHOT.jar:/home/user/.m2/repository/org/apache/hadoop/hadoop-minikdc/3.2.0/hadoop-minikdc-3.2.0.jar:/home/user/.m2/repository/commons-io/commons-io/2.5/commons-io-2.5.jar:/home/user/.m2/repository/org/apache/kerby/kerb-simplekdc/1.0.1/kerb-simplekdc-1.0.1.jar:/home/user/.m2/repository/org/apache/kerby/kerb-client/1.0.1/kerb-client-1.0.1.jar:/home/user/.m2/repository/org/apache/kerby/kerby-config/1.0.1/kerby-config-1.0.1.jar:/home/user/.m2/repository/org/apache/kerby/kerb-core/1.0.1/kerb-core-1.0.1.jar:/home/user/.m2/repository/org/apache/kerby/kerby-pkix/1.0.1/kerby-pkix-1.0.1.jar:/home/user/.m2/repository/org/apache/kerby/kerby-asn1/1.0.1/kerby-asn1-1.0.1.jar:/home/user/.m2/repository/org/apache/kerby/kerby-util/1.0.1/kerby-util-1.0.1.jar:/home/user/.m2/repository/org/apache/kerby/kerb-common/1.0.1/kerb-common-1.0.1.jar:/home/user/.m2/repository/org/apache/kerby/kerb-crypto/1.0.1/kerb-crypto-1.0.1.jar:/home/user/.m2/repository/org/apache/kerby/kerb-util/1.0.1/kerb-util-1.0.1.jar:/home/user/.m2/repository/org/apache/kerby/token-provider/1.0.1/token-provider-1.0.1.jar:/home/user/.m2/repository/org/apache/kerby/kerb-admin/1.0.1/kerb-admin-1.0.1.jar:/home/user/.m2/repository/org/apache/kerby/kerb-server/1.0.1/kerb-server-1.0.1.jar:/home/user/.m2/repository/org/apache/kerby/kerb-identity/1.0.1/kerb-identity-1.0.1.jar:/home/user/.m2/repository/org/apache/kerby/kerby-xdr/1.0.1/kerby-xdr-1.0.1.jar:/home/user/.m2/repository/org/slf4j/slf4j-log4j12/1.7.25/slf4j-log4j12-1.7.25.jar:/home/user/.m2/repository/org/apache/hadoop/hadoop-ozone-s3gateway/0.5.0-SNAPSHOT/hadoop-ozone-s3gateway-0.5.0-SNAPSHOT.jar:/home/user/.m2/repository/org/jboss/weld/servlet/weld-servlet/2.4.7.Final/weld-servlet-2.4.7.Final.jar:/home/user/.m2/repository/org/glassfish/jersey/containers/jersey-container-servlet-core/2.27/jersey-container-servlet-core-2.27.jar:/home/user/.m2/repository/org/glassfish/hk2/external/javax.inject/2.5.0-b42/javax.inject-2.5.0-b42.jar:/home/user/.m2/repository/org/glassfish/jersey/core/jersey-common/2.27/jersey-common-2.27.jar:/home/user/.m2/repository/org/glassfish/hk2/osgi-resource-locator/1.0.1/osgi-resource-locator-1.0.1.jar:/home/user/.m2/repository/javax/ws/rs/javax.ws.rs-api/2.1/javax.ws.rs-api-2.1.jar:/home/user/.m2/repository/org/glassfish/jersey/ext/cdi/jersey-cdi1x/2.27/jersey-cdi1x-2.27.jar:/home/user/.m2/repository/org/glassfish/jersey/inject/jersey-hk2/2.27/jersey-hk2-2.27.jar:/home/user/.m2/repository/org/glassfish/hk2/hk2-locator/2.5.0-b42/hk2-locator-2.5.0-b42.jar:/home/user/.m2/repository/org/javassist/javassist/3.22.0-CR2/javassist-3.22.0-CR2.jar:/home/user/.m2/repository/org/glassfish/hk2/hk2-api/2.5.0/hk2-api-2.5.0.jar:/home/user/.m2/repository/org/glassfish/hk2/external/jakarta.inject/2.5.0/jakarta.inject-2.5.0.jar:/home/user/.m2/repository/org/glassfish/hk2/hk2-utils/2.5.0/hk2-utils-2.5.0.jar:/home/user/.m2/repository/jakarta/annotation/jakarta.annotation-api/1.3.4/jakarta.annotation-api-1.3.4.jar:/home/user/.m2/repository/org/glassfish/hk2/external/aopalliance-repackaged/2.5.0/aopalliance-repackaged-2.5.0.jar:/home/user/.m2/repository/com/fasterxml/jackson/dataformat/jackson-dataformat-xml/2.9.0/jackson-dataformat-xml-2.9.0.jar:/home/user/.m2/repository/com/fasterxml/jackson/core/jackson-core/2.9.9/jackson-core-2.9.9.jar:/home/user/.m2/repository/com/fasterxml/jackson/module/jackson-module-jaxb-annotations/2.9.9/jackson-module-jaxb-annotations-2.9.9.jar:/home/user/.m2/repository/javax/enterprise/cdi-api/1.2/cdi-api-1.2.jar:/home/user/.m2/repository/javax/el/javax.el-api/3.0.0/javax.el-api-3.0.0.jar:/home/user/.m2/repository/javax/interceptor/javax.interceptor-api/1.2/javax.interceptor-api-1.2.jar:/home/user/.m2/repository/javax/inject/javax.inject/1/javax.inject-1.jar:/home/user/.m2/repository/com/sun/xml/bind/jaxb-impl/2.3.0.1/jaxb-impl-2.3.0.1.jar:/home/user/.m2/repository/com/sun/xml/bind/jaxb-core/2.3.0.1/jaxb-core-2.3.0.1.jar:/home/user/.m2/repository/javax/xml/bind/jaxb-api/2.3.0/jaxb-api-2.3.0.jar:/home/user/.m2/repository/javax/activation/activation/1.1.1/activation-1.1.1.jar:/home/user/.m2/repository/org/apache/hadoop/hadoop-ozone-csi/0.5.0-SNAPSHOT/hadoop-ozone-csi-0.5.0-SNAPSHOT.jar:/home/user/.m2/repository/com/google/protobuf/protobuf-java-util/3.5.1/protobuf-java-util-3.5.1.jar:/home/user/.m2/repository/org/apache/hadoop/hadoop-hdds-config/0.5.0-SNAPSHOT/hadoop-hdds-config-0.5.0-SNAPSHOT.jar:/home/user/.m2/repository/io/grpc/grpc-netty/1.17.1/grpc-netty-1.17.1.jar:/home/user/.m2/repository/io/grpc/grpc-core/1.17.1/grpc-core-1.17.1.jar:/home/user/.m2/repository/io/grpc/grpc-context/1.17.1/grpc-context-1.17.1.jar:/home/user/.m2/repository/com/google/errorprone/error_prone_annotations/2.2.0/error_prone_annotations-2.2.0.jar:/home/user/.m2/repository/org/codehaus/mojo/animal-sniffer-annotations/1.17/animal-sniffer-annotations-1.17.jar:/home/user/.m2/repository/io/opencensus/opencensus-api/0.17.0/opencensus-api-0.17.0.jar:/home/user/.m2/repository/io/opencensus/opencensus-contrib-grpc-metrics/0.17.0/opencensus-contrib-grpc-metrics-0.17.0.jar:/home/user/.m2/repository/io/netty/netty-codec-http2/4.1.30.Final/netty-codec-http2-4.1.30.Final.jar:/home/user/.m2/repository/io/netty/netty-codec-http/4.1.30.Final/netty-codec-http-4.1.30.Final.jar:/home/user/.m2/repository/io/netty/netty-codec/4.1.30.Final/netty-codec-4.1.30.Final.jar:/home/user/.m2/repository/io/netty/netty-handler/4.1.30.Final/netty-handler-4.1.30.Final.jar:/home/user/.m2/repository/io/netty/netty-handler-proxy/4.1.30.Final/netty-handler-proxy-4.1.30.Final.jar:/home/user/.m2/repository/io/netty/netty-codec-socks/4.1.30.Final/netty-codec-socks-4.1.30.Final.jar:/home/user/.m2/repository/io/netty/netty-transport-native-epoll/4.1.30.Final/netty-transport-native-epoll-4.1.30.Final.jar:/home/user/.m2/repository/io/netty/netty-common/4.1.30.Final/netty-common-4.1.30.Final.jar:/home/user/.m2/repository/io/netty/netty-buffer/4.1.30.Final/netty-buffer-4.1.30.Final.jar:/home/user/.m2/repository/io/netty/netty-transport/4.1.30.Final/netty-transport-4.1.30.Final.jar:/home/user/.m2/repository/io/netty/netty-resolver/4.1.30.Final/netty-resolver-4.1.30.Final.jar:/home/user/.m2/repository/io/netty/netty-transport-native-unix-common/4.1.30.Final/netty-transport-native-unix-common-4.1.30.Final.jar:/home/user/.m2/repository/io/grpc/grpc-protobuf/1.17.1/grpc-protobuf-1.17.1.jar:/home/user/.m2/repository/com/google/api/grpc/proto-google-common-protos/1.0.0/proto-google-common-protos-1.0.0.jar:/home/user/.m2/repository/io/grpc/grpc-protobuf-lite/1.17.1/grpc-protobuf-lite-1.17.1.jar:/home/user/.m2/repository/io/grpc/grpc-stub/1.17.1/grpc-stub-1.17.1.jar:/home/user/.m2/repository/org/apache/hadoop/hadoop-ozone-recon/0.5.0-SNAPSHOT/hadoop-ozone-recon-0.5.0-SNAPSHOT.jar:/home/user/.m2/repository/org/apache/hadoop/hadoop-ozone-reconcodegen/0.5.0-SNAPSHOT/hadoop-ozone-reconcodegen-0.5.0-SNAPSHOT.jar:/home/user/.m2/repository/com/google/inject/extensions/guice-multibindings/4.0/guice-multibindings-4.0.jar:/home/user/.m2/repository/com/google/inject/guice/4.0/guice-4.0.jar:/home/user/.m2/repository/aopalliance/aopalliance/1.0/aopalliance-1.0.jar:/home/user/.m2/repository/com/google/inject/extensions/guice-servlet/4.0/guice-servlet-4.0.jar:/home/user/.m2/repository/org/glassfish/jersey/containers/jersey-container-servlet/2.27/jersey-container-servlet-2.27.jar:/home/user/.m2/repository/org/glassfish/hk2/guice-bridge/2.5.0/guice-bridge-2.5.0.jar:/home/user/.m2/repository/org/glassfish/jersey/core/jersey-server/2.27/jersey-server-2.27.jar:/home/user/.m2/repository/org/glassfish/jersey/core/jersey-client/2.27/jersey-client-2.27.jar:/home/user/.m2/repository/org/glassfish/jersey/media/jersey-media-jaxb/2.27/jersey-media-jaxb-2.27.jar:/home/user/.m2/repository/javax/validation/validation-api/1.1.0.Final/validation-api-1.1.0.Final.jar:/home/user/.m2/repository/org/glassfish/jersey/media/jersey-media-json-jackson/2.27/jersey-media-json-jackson-2.27.jar:/home/user/.m2/repository/org/glassfish/jersey/ext/jersey-entity-filtering/2.27/jersey-entity-filtering-2.27.jar:/home/user/.m2/repository/com/google/inject/extensions/guice-assistedinject/4.0/guice-assistedinject-4.0.jar:/home/user/.m2/repository/org/jooq/jooq/3.11.10/jooq-3.11.10.jar:/home/user/.m2/repository/org/jooq/jooq-meta/3.11.10/jooq-meta-3.11.10.jar:/home/user/.m2/repository/org/jooq/jooq-codegen/3.11.10/jooq-codegen-3.11.10.jar:/home/user/.m2/repository/com/jolbox/bonecp/0.8.0.RELEASE/bonecp-0.8.0.RELEASE.jar:/home/user/.m2/repository/org/xerial/sqlite-jdbc/3.25.2/sqlite-jdbc-3.25.2.jar:/home/user/.m2/repository/org/springframework/spring-jdbc/5.1.3.RELEASE/spring-jdbc-5.1.3.RELEASE.jar:/home/user/.m2/repository/org/springframework/spring-beans/5.1.3.RELEASE/spring-beans-5.1.3.RELEASE.jar:/home/user/.m2/repository/org/springframework/spring-core/5.1.3.RELEASE/spring-core-5.1.3.RELEASE.jar:/home/user/.m2/repository/org/springframework/spring-jcl/5.1.3.RELEASE/spring-jcl-5.1.3.RELEASE.jar:/home/user/.m2/repository/org/springframework/spring-tx/5.1.3.RELEASE/spring-tx-5.1.3.RELEASE.jar:/home/user/.m2/repository/org/apache/hadoop/hadoop-ozone-client/0.5.0-SNAPSHOT/hadoop-ozone-client-0.5.0-SNAPSHOT.jar:/home/user/.m2/repository/commons-lang/commons-lang/2.6/commons-lang-2.6.jar:/home/user/.m2/repository/org/apache/hadoop/hadoop-ozone-ozone-manager/0.5.0-SNAPSHOT/hadoop-ozone-ozone-manager-0.5.0-SNAPSHOT-tests.jar:/home/user/.m2/repository/junit/junit/4.11/junit-4.11.jar:/home/user/.m2/repository/org/hamcrest/hamcrest-core/1.3/hamcrest-core-1.3.jar:/home/user/.m2/repository/org/openjdk/jmh/jmh-core/1.19/jmh-core-1.19.jar:/home/user/.m2/repository/net/sf/jopt-simple/jopt-simple/4.6/jopt-simple-4.6.jar:/home/user/.m2/repository/org/apache/commons/commons-math3/3.1.1/commons-math3-3.1.1.jar:/home/user/.m2/repository/org/openjdk/jmh/jmh-generator-annprocess/1.19/jmh-generator-annprocess-1.19.jar:/home/user/.m2/repository/org/mockito/mockito-all/1.8.5/mockito-all-1.8.5.jar:/home/user/.m2/repository/org/apache/hadoop/hadoop-kms/3.2.0/hadoop-kms-3.2.0.jar:/home/user/.m2/repository/org/apache/hadoop/hadoop-auth/3.2.0/hadoop-auth-3.2.0.jar:/home/user/.m2/repository/com/nimbusds/nimbus-jose-jwt/4.41.1/nimbus-jose-jwt-4.41.1.jar:/home/user/.m2/repository/com/github/stephenc/jcip/jcip-annotations/1.0-1/jcip-annotations-1.0-1.jar:/home/user/.m2/repository/net/minidev/json-smart/2.3/json-smart-2.3.jar:/home/user/.m2/repository/net/minidev/accessors-smart/1.2/accessors-smart-1.2.jar:/home/user/.m2/repository/org/ow2/asm/asm/5.0.4/asm-5.0.4.jar:/home/user/.m2/repository/org/apache/curator/curator-framework/2.12.0/curator-framework-2.12.0.jar:/home/user/.m2/repository/com/sun/jersey/jersey-core/1.19/jersey-core-1.19.jar:/home/user/.m2/repository/javax/ws/rs/jsr311-api/1.1.1/jsr311-api-1.1.1.jar:/home/user/.m2/repository/com/sun/jersey/jersey-server/1.19/jersey-server-1.19.jar:/home/user/.m2/repository/javax/servlet/javax.servlet-api/3.1.0/javax.servlet-api-3.1.0.jar:/home/user/.m2/repository/org/eclipse/jetty/jetty-server/9.3.25.v20180904/jetty-server-9.3.25.v20180904.jar:/home/user/.m2/repository/org/eclipse/jetty/jetty-http/9.3.25.v20180904/jetty-http-9.3.25.v20180904.jar:/home/user/.m2/repository/org/eclipse/jetty/jetty-io/9.3.25.v20180904/jetty-io-9.3.25.v20180904.jar:/home/user/.m2/repository/org/eclipse/jetty/jetty-webapp/9.3.25.v20180904/jetty-webapp-9.3.25.v20180904.jar:/home/user/.m2/repository/org/eclipse/jetty/jetty-xml/9.3.25.v20180904/jetty-xml-9.3.25.v20180904.jar:/home/user/.m2/repository/log4j/log4j/1.2.17/log4j-1.2.17.jar:/home/user/.m2/repository/org/slf4j/slf4j-api/1.7.25/slf4j-api-1.7.25.jar:/home/user/.m2/repository/org/slf4j/jul-to-slf4j/1.7.25/jul-to-slf4j-1.7.25.jar:/home/user/.m2/repository/org/eclipse/jetty/jetty-util/9.3.25.v20180904/jetty-util-9.3.25.v20180904.jar:/home/user/.m2/repository/com/fasterxml/jackson/core/jackson-databind/2.9.9/jackson-databind-2.9.9.jar:/home/user/.m2/repository/org/apache/hadoop/hadoop-kms/3.2.0/hadoop-kms-3.2.0-tests.jar:/home/user/.m2/repository/org/apache/hadoop/hadoop-hdds-server-scm/0.5.0-SNAPSHOT/hadoop-hdds-server-scm-0.5.0-SNAPSHOT-tests.jar:/home/user/.m2/repository/org/apache/hadoop/hadoop-hdds-container-service/0.5.0-SNAPSHOT/hadoop-hdds-container-service-0.5.0-SNAPSHOT-tests.jar:/home/user/.m2/repository/org/yaml/snakeyaml/1.16/snakeyaml-1.16.jar:/home/user/.m2/repository/org/apache/hadoop/hadoop-common/3.2.0/hadoop-common-3.2.0-tests.jar:/home/user/.m2/repository/org/apache/hadoop/hadoop-annotations/3.2.0/hadoop-annotations-3.2.0.jar:/usr/lib/jvm/java-1.8-openjdk/jre/../lib/tools.jar:/home/user/.m2/repository/commons-cli/commons-cli/1.2/commons-cli-1.2.jar:/home/user/.m2/repository/org/apache/httpcomponents/httpclient/4.5.2/httpclient-4.5.2.jar:/home/user/.m2/repository/org/apache/httpcomponents/httpcore/4.4.4/httpcore-4.4.4.jar:/home/user/.m2/repository/commons-codec/commons-codec/1.11/commons-codec-1.11.jar:/home/user/.m2/repository/commons-net/commons-net/3.6/commons-net-3.6.jar:/home/user/.m2/repository/commons-collections/commons-collections/3.2.2/commons-collections-3.2.2.jar:/home/user/.m2/repository/org/eclipse/jetty/jetty-servlet/9.3.25.v20180904/jetty-servlet-9.3.25.v20180904.jar:/home/user/.m2/repository/org/eclipse/jetty/jetty-security/9.3.25.v20180904/jetty-security-9.3.25.v20180904.jar:/home/user/.m2/repository/javax/servlet/jsp/jsp-api/2.1/jsp-api-2.1.jar:/home/user/.m2/repository/com/sun/jersey/jersey-servlet/1.19/jersey-servlet-1.19.jar:/home/user/.m2/repository/com/sun/jersey/jersey-json/1.19/jersey-json-1.19.jar:/home/user/.m2/repository/org/codehaus/jettison/jettison/1.1/jettison-1.1.jar:/home/user/.m2/repository/org/codehaus/jackson/jackson-core-asl/1.9.13/jackson-core-asl-1.9.13.jar:/home/user/.m2/repository/org/codehaus/jackson/jackson-mapper-asl/1.9.13/jackson-mapper-asl-1.9.13.jar:/home/user/.m2/repository/org/codehaus/jackson/jackson-jaxrs/1.9.13/jackson-jaxrs-1.9.13.jar:/home/user/.m2/repository/org/codehaus/jackson/jackson-xc/1.9.13/jackson-xc-1.9.13.jar:/home/user/.m2/repository/commons-logging/commons-logging/1.1.3/commons-logging-1.1.3.jar:/home/user/.m2/repository/commons-beanutils/commons-beanutils/1.9.4/commons-beanutils-1.9.4.jar:/home/user/.m2/repository/org/apache/commons/commons-configuration2/2.1.1/commons-configuration2-2.1.1.jar:/home/user/.m2/repository/org/apache/commons/commons-lang3/3.7/commons-lang3-3.7.jar:/home/user/.m2/repository/org/apache/commons/commons-text/1.4/commons-text-1.4.jar:/home/user/.m2/repository/org/apache/avro/avro/1.7.7/avro-1.7.7.jar:/home/user/.m2/repository/com/thoughtworks/paranamer/paranamer/2.3/paranamer-2.3.jar:/home/user/.m2/repository/org/xerial/snappy/snappy-java/1.0.5/snappy-java-1.0.5.jar:/home/user/.m2/repository/com/google/re2j/re2j/1.1/re2j-1.1.jar:/home/user/.m2/repository/com/google/code/gson/gson/2.2.4/gson-2.2.4.jar:/home/user/.m2/repository/com/jcraft/jsch/0.1.54/jsch-0.1.54.jar:/home/user/.m2/repository/org/apache/curator/curator-client/2.12.0/curator-client-2.12.0.jar:/home/user/.m2/repository/org/apache/curator/curator-recipes/2.12.0/curator-recipes-2.12.0.jar:/home/user/.m2/repository/com/google/code/findbugs/jsr305/3.0.0/jsr305-3.0.0.jar:/home/user/.m2/repository/org/apache/htrace/htrace-core4/4.1.0-incubating/htrace-core4-4.1.0-incubating.jar:/home/user/.m2/repository/org/apache/zookeeper/zookeeper/3.4.13/zookeeper-3.4.13.jar:/home/user/.m2/repository/jline/jline/0.9.94/jline-0.9.94.jar:/home/user/.m2/repository/org/apache/yetus/audience-annotations/0.5.0/audience-annotations-0.5.0.jar:/home/user/.m2/repository/org/codehaus/woodstox/stax2-api/3.1.4/stax2-api-3.1.4.jar:/home/user/.m2/repository/com/fasterxml/woodstox/woodstox-core/5.0.3/woodstox-core-5.0.3.jar:/home/user/.m2/repository/dnsjava/dnsjava/2.1.7/dnsjava-2.1.7.jar:/home/user/.m2/repository/org/apache/hadoop/hadoop-hdfs/3.2.0/hadoop-hdfs-3.2.0-tests.jar:/home/user/.m2/repository/org/eclipse/jetty/jetty-util-ajax/9.3.25.v20180904/jetty-util-ajax-9.3.25.v20180904.jar:/home/user/.m2/repository/commons-daemon/commons-daemon/1.0.13/commons-daemon-1.0.13.jar:/home/user/.m2/repository/io/netty/netty/3.10.5.Final/netty-3.10.5.Final.jar:/home/user/.m2/repository/io/netty/netty-all/4.0.52.Final/netty-all-4.0.52.Final.jar:/home/user/.m2/repository/org/fusesource/leveldbjni/leveldbjni-all/1.8/leveldbjni-all-1.8.jar:"/>
    <property name="sun.cpu.endian" value="little"/>
    <property name="user.home" value="/home/user"/>
    <property name="user.language" value="en"/>
    <property name="java.specification.vendor" value="Oracle Corporation"/>
    <property name="java.home" value="/usr/lib/jvm/java-1.8-openjdk/jre"/>
    <property name="java.security.krb5.conf" value="/workdir/hadoop-ozone/integration-test/target/test-classes/krb5.conf"/>
    <property name="basedir" value="/workdir/hadoop-ozone/integration-test"/>
    <property name="file.separator" value="/"/>
    <property name="line.separator" value="&#10;"/>
    <property name="java.vm.specification.vendor" value="Oracle Corporation"/>
    <property name="java.specification.name" value="Java Platform API Specification"/>
    <property name="java.awt.graphicsenv" value="sun.awt.X11GraphicsEnvironment"/>
    <property name="surefire.real.class.path" value="/workdir/hadoop-ozone/integration-test/target/surefire/surefirebooter817165290325723952.jar"/>
    <property name="hadoop.log.dir" value="/workdir/hadoop-ozone/integration-test/target/log"/>
    <property name="sun.boot.class.path" value="/usr/lib/jvm/java-1.8-openjdk/jre/lib/resources.jar:/usr/lib/jvm/java-1.8-openjdk/jre/lib/rt.jar:/usr/lib/jvm/java-1.8-openjdk/jre/lib/sunrsasign.jar:/usr/lib/jvm/java-1.8-openjdk/jre/lib/jsse.jar:/usr/lib/jvm/java-1.8-openjdk/jre/lib/jce.jar:/usr/lib/jvm/java-1.8-openjdk/jre/lib/charsets.jar:/usr/lib/jvm/java-1.8-openjdk/jre/lib/jfr.jar:/usr/lib/jvm/java-1.8-openjdk/jre/classes"/>
    <property name="sun.management.compiler" value="HotSpot 64-Bit Tiered Compilers"/>
    <property name="java.runtime.version" value="1.8.0_212-b04"/>
    <property name="java.net.preferIPv4Stack" value="true"/>
    <property name="user.name" value="jenkins1000"/>
    <property name="path.separator" value=":"/>
    <property name="java.security.egd" value="file:///dev/urandom"/>
    <property name="os.version" value="3.10.0-957.12.2.el7.x86_64"/>
    <property name="java.endorsed.dirs" value="/usr/lib/jvm/java-1.8-openjdk/jre/lib/endorsed"/>
    <property name="java.runtime.name" value="OpenJDK Runtime Environment"/>
    <property name="file.encoding" value="UTF-8"/>
    <property name="java.vm.name" value="OpenJDK 64-Bit Server VM"/>
    <property name="test.build.webapps" value=""/>
    <property name="localRepository" value="/home/user/.m2/repository"/>
    <property name="java.vendor.url.bug" value="https://icedtea.classpath.org/bugzilla"/>
    <property name="java.io.tmpdir" value="/tmp"/>
    <property name="require.test.libhadoop" value=""/>
    <property name="java.version" value="1.8.0_212"/>
    <property name="user.dir" value="/workdir/hadoop-ozone/integration-test"/>
    <property name="os.arch" value="amd64"/>
    <property name="java.vm.specification.name" value="Java Virtual Machine Specification"/>
    <property name="test.build.classes" value="/workdir/hadoop-ozone/integration-test/target/test-classes"/>
    <property name="java.awt.printerjob" value="sun.print.PSPrinterJob"/>
    <property name="sun.os.patch.level" value="unknown"/>
    <property name="hadoop.tmp.dir" value="/workdir/hadoop-ozone/integration-test/target/tmp"/>
    <property name="java.library.path" value="/usr/lib/jvm/java-1.8-openjdk/jre/lib/amd64/server:/usr/lib/jvm/java-1.8-openjdk/jre/lib/amd64:/usr/lib/jvm/java-1.8-openjdk/jre/../lib/amd64:/workdir/hadoop-ozone/integration-test/target/native/target/usr/local/lib:/workdir/hadoop-ozone/integration-test/../../hadoop-common-project/hadoop-common/target/native/target/usr/local/lib:/usr/java/packages/lib/amd64:/usr/lib64:/lib64:/lib:/usr/lib"/>
    <property name="java.vm.info" value="mixed mode"/>
    <property name="java.vendor" value="IcedTea"/>
    <property name="java.vm.version" value="25.212-b04"/>
    <property name="java.ext.dirs" value="/usr/lib/jvm/java-1.8-openjdk/jre/lib/ext:/usr/java/packages/lib/ext"/>
    <property name="sun.io.unicode.encoding" value="UnicodeLittle"/>
    <property name="java.class.version" value="52.0"/>
  </properties>
  <testcase name="testWatchForCommitWithKeyWrite" classname="org.apache.hadoop.ozone.client.rpc.TestWatchForCommit" time="58.072"/>
  <testcase name="testWatchForCommitWithSmallerTimeoutValue" classname="org.apache.hadoop.ozone.client.rpc.TestWatchForCommit" time="42.999"/>
  <testcase name="testWatchForCommitForRetryfailure" classname="org.apache.hadoop.ozone.client.rpc.TestWatchForCommit" time="72.268"/>
  <testcase name="testWatchForCommitForGroupMismatchException" classname="org.apache.hadoop.ozone.client.rpc.TestWatchForCommit" time="37.844"/>
  <testcase name="test2WayCommitForTimeoutException" classname="org.apache.hadoop.ozone.client.rpc.TestWatchForCommit" time="26.573">
    <error message="org.apache.ratis.protocol.RaftRetryFailureException: Failed RaftClientRequest:client-C269DEC98499-&gt;359b1709-126a-4c21-8d4f-e4e0c5c9b498@group-9D1B76DF5C11, cid=103, seq=2*, RW, cmdType: CloseContainer&#10;traceID: &quot;61e2ec858fef676a:61e2ec858fef676a:0:0&quot;&#10;containerID: 1&#10;datanodeUuid: &quot;bc69bb28-5035-44eb-aa70-10d3ea24e6d9&quot;&#10;closeContainer {&#10;}&#10;, data.size=0 for 20 attempts with RetryLimited(maxAttempts=20, sleepTime=1000ms)" type="java.util.concurrent.ExecutionException">java.util.concurrent.ExecutionException: 
org.apache.ratis.protocol.RaftRetryFailureException: Failed RaftClientRequest:client-C269DEC98499->359b1709-126a-4c21-8d4f-e4e0c5c9b498@group-9D1B76DF5C11, cid=103, seq=2*, RW, cmdType: CloseContainer
traceID: "61e2ec858fef676a:61e2ec858fef676a:0:0"
containerID: 1
datanodeUuid: "bc69bb28-5035-44eb-aa70-10d3ea24e6d9"
closeContainer {
}
, data.size=0 for 20 attempts with RetryLimited(maxAttempts=20, sleepTime=1000ms)
	at java.util.concurrent.CompletableFuture.reportGet(CompletableFuture.java:357)
	at java.util.concurrent.CompletableFuture.get(CompletableFuture.java:1895)
	at org.apache.hadoop.ozone.client.rpc.TestWatchForCommit.test2WayCommitForTimeoutException(TestWatchForCommit.java:390)
	at sun.reflect.NativeMethodAccessorImpl.invoke0(Native Method)
	at sun.reflect.NativeMethodAccessorImpl.invoke(NativeMethodAccessorImpl.java:62)
	at sun.reflect.DelegatingMethodAccessorImpl.invoke(DelegatingMethodAccessorImpl.java:43)
	at java.lang.reflect.Method.invoke(Method.java:498)
	at org.junit.runners.model.FrameworkMethod$1.runReflectiveCall(FrameworkMethod.java:47)
	at org.junit.internal.runners.model.ReflectiveCallable.run(ReflectiveCallable.java:12)
	at org.junit.runners.model.FrameworkMethod.invokeExplosively(FrameworkMethod.java:44)
	at org.junit.internal.runners.statements.InvokeMethod.evaluate(InvokeMethod.java:17)
	at org.junit.runners.ParentRunner.runLeaf(ParentRunner.java:271)
	at org.junit.runners.BlockJUnit4ClassRunner.runChild(BlockJUnit4ClassRunner.java:70)
	at org.junit.runners.BlockJUnit4ClassRunner.runChild(BlockJUnit4ClassRunner.java:50)
	at org.junit.runners.ParentRunner$3.run(ParentRunner.java:238)
	at org.junit.runners.ParentRunner$1.schedule(ParentRunner.java:63)
	at org.junit.runners.ParentRunner.runChildren(ParentRunner.java:236)
	at org.junit.runners.ParentRunner.access$000(ParentRunner.java:53)
	at org.junit.runners.ParentRunner$2.evaluate(ParentRunner.java:229)
	at org.junit.runners.ParentRunner.run(ParentRunner.java:309)
	at org.apache.maven.surefire.junit4.JUnit4Provider.execute(JUnit4Provider.java:365)
	at org.apache.maven.surefire.junit4.JUnit4Provider.executeWithRerun(JUnit4Provider.java:273)
	at org.apache.maven.surefire.junit4.JUnit4Provider.executeTestSet(JUnit4Provider.java:238)
	at org.apache.maven.surefire.junit4.JUnit4Provider.invoke(JUnit4Provider.java:159)
	at org.apache.maven.surefire.booter.ForkedBooter.invokeProviderInSameClassLoader(ForkedBooter.java:384)
	at org.apache.maven.surefire.booter.ForkedBooter.runSuitesInProcess(ForkedBooter.java:345)
	at org.apache.maven.surefire.booter.ForkedBooter.execute(ForkedBooter.java:126)
	at org.apache.maven.surefire.booter.ForkedBooter.main(ForkedBooter.java:418)
Caused by: org.apache.ratis.protocol.RaftRetryFailureException: Failed RaftClientRequest:client-C269DEC98499->359b1709-126a-4c21-8d4f-e4e0c5c9b498@group-9D1B76DF5C11, cid=103, seq=2*, RW, cmdType: CloseContainer
traceID: "61e2ec858fef676a:61e2ec858fef676a:0:0"
containerID: 1
datanodeUuid: "bc69bb28-5035-44eb-aa70-10d3ea24e6d9"
closeContainer {
}
, data.size=0 for 20 attempts with RetryLimited(maxAttempts=20, sleepTime=1000ms)
	at org.apache.ratis.client.impl.RaftClientImpl.noMoreRetries(RaftClientImpl.java:271)
	at org.apache.ratis.client.impl.OrderedAsync.handleAsyncRetryFailure(OrderedAsync.java:138)
	at org.apache.ratis.client.impl.OrderedAsync.lambda$sendRequest$10(OrderedAsync.java:230)
	at java.util.concurrent.CompletableFuture.uniExceptionally(CompletableFuture.java:870)
	at java.util.concurrent.CompletableFuture$UniExceptionally.tryFire(CompletableFuture.java:852)
	at java.util.concurrent.CompletableFuture.postComplete(CompletableFuture.java:474)
	at java.util.concurrent.CompletableFuture.completeExceptionally(CompletableFuture.java:1977)
	at org.apache.ratis.grpc.client.GrpcClientProtocolClient$AsyncStreamObservers.completeReplyExceptionally(GrpcClientProtocolClient.java:345)
	at org.apache.ratis.grpc.client.GrpcClientProtocolClient$AsyncStreamObservers.access$000(GrpcClientProtocolClient.java:261)
	at org.apache.ratis.grpc.client.GrpcClientProtocolClient$AsyncStreamObservers$1.onNext(GrpcClientProtocolClient.java:273)
	at org.apache.ratis.grpc.client.GrpcClientProtocolClient$AsyncStreamObservers$1.onNext(GrpcClientProtocolClient.java:264)
	at org.apache.ratis.thirdparty.io.grpc.stub.ClientCalls$StreamObserverToCallListenerAdapter.onMessage(ClientCalls.java:421)
	at org.apache.ratis.thirdparty.io.grpc.ForwardingClientCallListener.onMessage(ForwardingClientCallListener.java:33)
	at org.apache.ratis.thirdparty.io.grpc.ForwardingClientCallListener.onMessage(ForwardingClientCallListener.java:33)
	at org.apache.ratis.thirdparty.io.grpc.internal.ClientCallImpl$ClientStreamListenerImpl$1MessagesAvailable.runInContext(ClientCallImpl.java:519)
	at org.apache.ratis.thirdparty.io.grpc.internal.ContextRunnable.run(ContextRunnable.java:37)
	at org.apache.ratis.thirdparty.io.grpc.internal.SerializingExecutor.run(SerializingExecutor.java:123)
	at java.util.concurrent.ThreadPoolExecutor.runWorker(ThreadPoolExecutor.java:1149)
	at java.util.concurrent.ThreadPoolExecutor$Worker.run(ThreadPoolExecutor.java:624)
	at java.lang.Thread.run(Thread.java:748)
Caused by: org.apache.ratis.protocol.NotLeaderException: Server 359b1709-126a-4c21-8d4f-e4e0c5c9b498@group-9D1B76DF5C11 is not the leader bd94d12f-2ccb-49d7-b498-60d4bd8bf369:192.168.164.245:43098
	at org.apache.ratis.client.impl.ClientProtoUtils.toRaftClientReply(ClientProtoUtils.java:243)
	at org.apache.ratis.grpc.client.GrpcClientProtocolClient$AsyncStreamObservers$1.onNext(GrpcClientProtocolClient.java:269)
	... 10 more
</error>
    <system-out><![CDATA[2019-10-08 01:28:07,592 [main] WARN  server.ServerUtils (ServerUtils.java:getScmDbDir(145)) - ozone.scm.db.dirs is not configured. We recommend adding this setting. Falling back to ozone.metadata.dirs instead.
2019-10-08 01:28:07,618 [main] WARN  server.ServerUtils (ServerUtils.java:getScmDbDir(145)) - ozone.scm.db.dirs is not configured. We recommend adding this setting. Falling back to ozone.metadata.dirs instead.
2019-10-08 01:28:07,618 [main] WARN  server.ServerUtils (ServerUtils.java:getScmDbDir(145)) - ozone.scm.db.dirs is not configured. We recommend adding this setting. Falling back to ozone.metadata.dirs instead.
2019-10-08 01:28:07,620 [main] INFO  db.DBStoreBuilder (DBStoreBuilder.java:addTable(117)) - using custom profile for table: deletedBlocks
2019-10-08 01:28:07,620 [main] INFO  db.DBStoreBuilder (DBStoreBuilder.java:processTables(168)) - Using default column profile:DBProfile.DISK for Table:deletedBlocks
2019-10-08 01:28:07,620 [main] INFO  db.DBStoreBuilder (DBStoreBuilder.java:addTable(117)) - using custom profile for table: validCerts
2019-10-08 01:28:07,620 [main] INFO  db.DBStoreBuilder (DBStoreBuilder.java:processTables(168)) - Using default column profile:DBProfile.DISK for Table:validCerts
2019-10-08 01:28:07,621 [main] INFO  db.DBStoreBuilder (DBStoreBuilder.java:addTable(117)) - using custom profile for table: revokedCerts
2019-10-08 01:28:07,621 [main] INFO  db.DBStoreBuilder (DBStoreBuilder.java:processTables(168)) - Using default column profile:DBProfile.DISK for Table:revokedCerts
2019-10-08 01:28:07,621 [main] INFO  db.DBStoreBuilder (DBStoreBuilder.java:addTable(117)) - using custom profile for table: default
2019-10-08 01:28:07,622 [main] INFO  db.DBStoreBuilder (DBStoreBuilder.java:processTables(174)) - Using default column profile:DBProfile.DISK for Table:default
2019-10-08 01:28:07,622 [main] INFO  db.DBStoreBuilder (DBStoreBuilder.java:getDbProfile(205)) - Using default options. DBProfile.DISK
2019-10-08 01:28:07,817 [main] INFO  net.NodeSchemaLoader (NodeSchemaLoader.java:loadSchemaFromFile(125)) - Loading file from sun.misc.CompoundEnumeration@8840c98
2019-10-08 01:28:07,817 [main] INFO  net.NodeSchemaLoader (NodeSchemaLoader.java:loadSchema(171)) - Loading network topology layer schema file
2019-10-08 01:28:07,821 [main] WARN  server.ServerUtils (ServerUtils.java:sanitizeUserArgs(70)) - ozone.scm.stale.node.interval value = 300000 is larger than max = 100000 based on the key value of ozone.scm.heartbeat.thread.interval, reset to the max value 100000.
2019-10-08 01:28:07,822 [main] WARN  server.ServerUtils (ServerUtils.java:sanitizeUserArgs(70)) - ozone.scm.stale.node.interval value = 300000 is larger than max = 100000 based on the key value of ozone.scm.heartbeat.thread.interval, reset to the max value 100000.
2019-10-08 01:28:07,822 [main] INFO  node.SCMNodeManager (SCMNodeManager.java:<init>(116)) - Entering startup safe mode.
2019-10-08 01:28:07,823 [main] INFO  algorithms.ContainerPlacementPolicyFactory (ContainerPlacementPolicyFactory.java:getPolicy(57)) - Create container placement policy of type org.apache.hadoop.hdds.scm.container.placement.algorithms.SCMContainerPlacementRandom
2019-10-08 01:28:07,823 [main] WARN  server.ServerUtils (ServerUtils.java:getScmDbDir(145)) - ozone.scm.db.dirs is not configured. We recommend adding this setting. Falling back to ozone.metadata.dirs instead.
2019-10-08 01:28:07,895 [main] INFO  pipeline.SCMPipelineManager (SCMPipelineManager.java:initializePipelineState(132)) - No pipeline exists in current db
2019-10-08 01:28:07,896 [main] WARN  server.ServerUtils (ServerUtils.java:getScmDbDir(145)) - ozone.scm.db.dirs is not configured. We recommend adding this setting. Falling back to ozone.metadata.dirs instead.
2019-10-08 01:28:07,967 [main] WARN  events.EventQueue (EventQueue.java:fireEvent(183)) - No event handler registered for event TypedEvent{payloadType=SafeModeStatus, name='SafeModeStatus'}
2019-10-08 01:28:07,968 [main] INFO  ipc.CallQueueManager (CallQueueManager.java:<init>(84)) - Using callQueue: class java.util.concurrent.LinkedBlockingQueue, queueCapacity: 2000, scheduler: class org.apache.hadoop.ipc.DefaultRpcScheduler, ipcBackoff: false.
2019-10-08 01:28:07,968 [Socket Reader #1 for port 37204] INFO  ipc.Server (Server.java:run(1074)) - Starting Socket Reader #1 for port 37204
2019-10-08 01:28:07,971 [main] INFO  ipc.CallQueueManager (CallQueueManager.java:<init>(84)) - Using callQueue: class java.util.concurrent.LinkedBlockingQueue, queueCapacity: 2000, scheduler: class org.apache.hadoop.ipc.DefaultRpcScheduler, ipcBackoff: false.
2019-10-08 01:28:07,971 [Socket Reader #1 for port 38351] INFO  ipc.Server (Server.java:run(1074)) - Starting Socket Reader #1 for port 38351
2019-10-08 01:28:07,973 [main] INFO  ipc.CallQueueManager (CallQueueManager.java:<init>(84)) - Using callQueue: class java.util.concurrent.LinkedBlockingQueue, queueCapacity: 2000, scheduler: class org.apache.hadoop.ipc.DefaultRpcScheduler, ipcBackoff: false.
2019-10-08 01:28:07,974 [Socket Reader #1 for port 40266] INFO  ipc.Server (Server.java:run(1074)) - Starting Socket Reader #1 for port 40266
2019-10-08 01:28:07,977 [main] INFO  hdfs.DFSUtil (DFSUtil.java:httpServerTemplateForNNAndJN(1641)) - Starting Web-server for scm at: http://0.0.0.0:0
2019-10-08 01:28:07,979 [main] INFO  server.AuthenticationFilter (AuthenticationFilter.java:constructSecretProvider(240)) - Unable to initialize FileSignerSecretProvider, falling back to use random secrets.
2019-10-08 01:28:07,980 [main] WARN  http.HttpRequestLog (HttpRequestLog.java:getRequestLog(97)) - Jetty request log can only be enabled using Log4j
2019-10-08 01:28:07,981 [main] INFO  http.HttpServer2 (HttpServer2.java:addGlobalFilter(975)) - Added global filter 'safety' (class=org.apache.hadoop.http.HttpServer2$QuotingInputFilter)
2019-10-08 01:28:07,982 [main] INFO  http.HttpServer2 (HttpServer2.java:addFilter(948)) - Added filter static_user_filter (class=org.apache.hadoop.http.lib.StaticUserWebFilter$StaticUserFilter) to context scm
2019-10-08 01:28:07,982 [main] INFO  http.HttpServer2 (HttpServer2.java:addFilter(958)) - Added filter static_user_filter (class=org.apache.hadoop.http.lib.StaticUserWebFilter$StaticUserFilter) to context logs
2019-10-08 01:28:07,982 [main] INFO  http.HttpServer2 (HttpServer2.java:addFilter(958)) - Added filter static_user_filter (class=org.apache.hadoop.http.lib.StaticUserWebFilter$StaticUserFilter) to context static
2019-10-08 01:28:07,984 [main] INFO  server.StorageContainerManager (StorageContainerManager.java:start(770)) - StorageContainerLocationProtocol RPC server is listening at /0.0.0.0:40266
2019-10-08 01:28:07,987 [main] WARN  impl.MetricsConfig (MetricsConfig.java:loadFirst(134)) - Cannot locate configuration: tried hadoop-metrics2-storagecontainermanager.properties,hadoop-metrics2.properties
2019-10-08 01:28:07,988 [main] INFO  impl.MetricsSystemImpl (MetricsSystemImpl.java:startTimer(374)) - Scheduled Metric snapshot period at 10 second(s).
2019-10-08 01:28:07,988 [main] INFO  impl.MetricsSystemImpl (MetricsSystemImpl.java:start(191)) - StorageContainerManager metrics system started
2019-10-08 01:28:08,063 [main] WARN  impl.MetricsSystemImpl (MetricsSystemImpl.java:register(276)) - Sink prometheus already exists!
2019-10-08 01:28:08,174 [main] INFO  server.SCMClientProtocolServer (SCMClientProtocolServer.java:start(159)) - RPC server for Client  is listening at /0.0.0.0:40266
2019-10-08 01:28:08,174 [IPC Server Responder] INFO  ipc.Server (Server.java:run(1314)) - IPC Server Responder: starting
2019-10-08 01:28:08,175 [IPC Server listener on 40266] INFO  ipc.Server (Server.java:run(1153)) - IPC Server listener on 40266: starting
2019-10-08 01:28:08,179 [main] INFO  server.StorageContainerManager (StorageContainerManager.java:start(780)) - ScmBlockLocationProtocol RPC server is listening at /0.0.0.0:38351
2019-10-08 01:28:08,179 [main] INFO  server.SCMBlockProtocolServer (SCMBlockProtocolServer.java:start(146)) - RPC server for Block Protocol is listening at /0.0.0.0:38351
2019-10-08 01:28:08,180 [IPC Server Responder] INFO  ipc.Server (Server.java:run(1314)) - IPC Server Responder: starting
2019-10-08 01:28:08,180 [IPC Server listener on 38351] INFO  ipc.Server (Server.java:run(1153)) - IPC Server listener on 38351: starting
2019-10-08 01:28:08,186 [main] INFO  server.StorageContainerManager (StorageContainerManager.java:start(784)) - ScmDatanodeProtocl RPC server is listening at /0.0.0.0:37204
2019-10-08 01:28:08,187 [main] INFO  server.SCMDatanodeProtocolServer (SCMDatanodeProtocolServer.java:start(169)) - RPC server for DataNodes is listening at /0.0.0.0:37204
2019-10-08 01:28:08,187 [IPC Server Responder] INFO  ipc.Server (Server.java:run(1314)) - IPC Server Responder: starting
2019-10-08 01:28:08,187 [IPC Server listener on 37204] INFO  ipc.Server (Server.java:run(1153)) - IPC Server listener on 37204: starting
2019-10-08 01:28:08,189 [main] INFO  http.HttpServer2 (HttpServer2.java:bindListener(1191)) - Jetty bound to port 39219
2019-10-08 01:28:08,190 [main] INFO  server.Server (Server.java:doStart(351)) - jetty-9.3.25.v20180904, build timestamp: 2018-09-04T21:11:46Z, git hash: 3ce520221d0240229c862b122d2b06c12a625732
2019-10-08 01:28:08,191 [main] INFO  handler.ContextHandler (ContextHandler.java:doStart(781)) - Started o.e.j.s.ServletContextHandler@58a765ce{/logs,file:///workdir/hadoop-ozone/integration-test/target/log,AVAILABLE}
2019-10-08 01:28:08,192 [main] INFO  handler.ContextHandler (ContextHandler.java:doStart(781)) - Started o.e.j.s.ServletContextHandler@6b162ecc{/static,file:///workdir/hadoop-ozone/integration-test/target/test-classes/webapps/static,AVAILABLE}
2019-10-08 01:28:08,195 [main] INFO  handler.ContextHandler (ContextHandler.java:doStart(781)) - Started o.e.j.w.WebAppContext@797fcf9{/,file:///workdir/hadoop-ozone/integration-test/target/test-classes/webapps/scm/,AVAILABLE}{/scm}
2019-10-08 01:28:08,195 [main] INFO  server.AbstractConnector (AbstractConnector.java:doStart(278)) - Started ServerConnector@16bd7ae1{HTTP/1.1,[http/1.1]}{0.0.0.0:39219}
2019-10-08 01:28:08,196 [main] INFO  server.Server (Server.java:doStart(419)) - Started @212244ms
2019-10-08 01:28:08,197 [main] WARN  impl.MetricsSystemImpl (MetricsSystemImpl.java:register(276)) - Sink prometheus already exists!
2019-10-08 01:28:08,198 [main] INFO  server.BaseHttpServer (BaseHttpServer.java:updateConnectorAddress(215)) - HTTP server of SCM is listening at http://0.0.0.0:39219
2019-10-08 01:28:08,200 [main] WARN  server.ServerUtils (ServerUtils.java:getDBPath(222)) - ozone.om.db.dirs is not configured. We recommend adding this setting. Falling back to ozone.metadata.dirs instead.
2019-10-08 01:28:08,200 [org.apache.hadoop.util.JvmPauseMonitor$Monitor@3312f4f4] INFO  util.JvmPauseMonitor (JvmPauseMonitor.java:run(188)) - Starting JVM pause monitor
2019-10-08 01:28:08,214 [main] INFO  ha.OMHANodeDetails (OMHANodeDetails.java:loadOMHAConfig(190)) - Configuration either no ozone.om.address set. Falling back to the default OM address /127.0.0.1:0
2019-10-08 01:28:08,214 [main] INFO  ha.OMHANodeDetails (OMHANodeDetails.java:getOMNodeDetails(220)) - OM Service ID is not set. Setting it to the default ID: omServiceIdDefault
2019-10-08 01:28:08,214 [main] WARN  server.ServerUtils (ServerUtils.java:getDBPath(222)) - ozone.om.db.dirs is not configured. We recommend adding this setting. Falling back to ozone.metadata.dirs instead.
2019-10-08 01:28:08,215 [main] WARN  server.ServerUtils (ServerUtils.java:getDBPath(222)) - ozone.om.db.dirs is not configured. We recommend adding this setting. Falling back to ozone.metadata.dirs instead.
2019-10-08 01:28:08,223 [main] WARN  server.ServerUtils (ServerUtils.java:getDBPath(222)) - ozone.om.db.dirs is not configured. We recommend adding this setting. Falling back to ozone.metadata.dirs instead.
2019-10-08 01:28:08,223 [main] INFO  db.DBStoreBuilder (DBStoreBuilder.java:addTable(117)) - using custom profile for table: userTable
2019-10-08 01:28:08,223 [main] INFO  db.DBStoreBuilder (DBStoreBuilder.java:processTables(168)) - Using default column profile:DBProfile.DISK for Table:userTable
2019-10-08 01:28:08,224 [main] INFO  db.DBStoreBuilder (DBStoreBuilder.java:addTable(117)) - using custom profile for table: volumeTable
2019-10-08 01:28:08,224 [main] INFO  db.DBStoreBuilder (DBStoreBuilder.java:processTables(168)) - Using default column profile:DBProfile.DISK for Table:volumeTable
2019-10-08 01:28:08,224 [main] INFO  db.DBStoreBuilder (DBStoreBuilder.java:addTable(117)) - using custom profile for table: bucketTable
2019-10-08 01:28:08,224 [main] INFO  db.DBStoreBuilder (DBStoreBuilder.java:processTables(168)) - Using default column profile:DBProfile.DISK for Table:bucketTable
2019-10-08 01:28:08,224 [main] INFO  db.DBStoreBuilder (DBStoreBuilder.java:addTable(117)) - using custom profile for table: keyTable
2019-10-08 01:28:08,225 [main] INFO  db.DBStoreBuilder (DBStoreBuilder.java:processTables(168)) - Using default column profile:DBProfile.DISK for Table:keyTable
2019-10-08 01:28:08,225 [main] INFO  db.DBStoreBuilder (DBStoreBuilder.java:addTable(117)) - using custom profile for table: deletedTable
2019-10-08 01:28:08,225 [main] INFO  db.DBStoreBuilder (DBStoreBuilder.java:processTables(168)) - Using default column profile:DBProfile.DISK for Table:deletedTable
2019-10-08 01:28:08,225 [main] INFO  db.DBStoreBuilder (DBStoreBuilder.java:addTable(117)) - using custom profile for table: openKeyTable
2019-10-08 01:28:08,225 [main] INFO  db.DBStoreBuilder (DBStoreBuilder.java:processTables(168)) - Using default column profile:DBProfile.DISK for Table:openKeyTable
2019-10-08 01:28:08,226 [main] INFO  db.DBStoreBuilder (DBStoreBuilder.java:addTable(117)) - using custom profile for table: s3Table
2019-10-08 01:28:08,226 [main] INFO  db.DBStoreBuilder (DBStoreBuilder.java:processTables(168)) - Using default column profile:DBProfile.DISK for Table:s3Table
2019-10-08 01:28:08,226 [main] INFO  db.DBStoreBuilder (DBStoreBuilder.java:addTable(117)) - using custom profile for table: multipartInfoTable
2019-10-08 01:28:08,226 [main] INFO  db.DBStoreBuilder (DBStoreBuilder.java:processTables(168)) - Using default column profile:DBProfile.DISK for Table:multipartInfoTable
2019-10-08 01:28:08,226 [main] INFO  db.DBStoreBuilder (DBStoreBuilder.java:addTable(117)) - using custom profile for table: dTokenTable
2019-10-08 01:28:08,227 [main] INFO  db.DBStoreBuilder (DBStoreBuilder.java:processTables(168)) - Using default column profile:DBProfile.DISK for Table:dTokenTable
2019-10-08 01:28:08,227 [main] INFO  db.DBStoreBuilder (DBStoreBuilder.java:addTable(117)) - using custom profile for table: s3SecretTable
2019-10-08 01:28:08,227 [main] INFO  db.DBStoreBuilder (DBStoreBuilder.java:processTables(168)) - Using default column profile:DBProfile.DISK for Table:s3SecretTable
2019-10-08 01:28:08,227 [main] INFO  db.DBStoreBuilder (DBStoreBuilder.java:addTable(117)) - using custom profile for table: prefixTable
2019-10-08 01:28:08,227 [main] INFO  db.DBStoreBuilder (DBStoreBuilder.java:processTables(168)) - Using default column profile:DBProfile.DISK for Table:prefixTable
2019-10-08 01:28:08,228 [main] INFO  db.DBStoreBuilder (DBStoreBuilder.java:addTable(117)) - using custom profile for table: default
2019-10-08 01:28:08,228 [main] INFO  db.DBStoreBuilder (DBStoreBuilder.java:processTables(174)) - Using default column profile:DBProfile.DISK for Table:default
2019-10-08 01:28:08,228 [main] INFO  db.DBStoreBuilder (DBStoreBuilder.java:getDbProfile(205)) - Using default options. DBProfile.DISK
2019-10-08 01:28:08,884 [main] INFO  ipc.CallQueueManager (CallQueueManager.java:<init>(84)) - Using callQueue: class java.util.concurrent.LinkedBlockingQueue, queueCapacity: 2000, scheduler: class org.apache.hadoop.ipc.DefaultRpcScheduler, ipcBackoff: false.
2019-10-08 01:28:08,885 [Socket Reader #1 for port 36553] INFO  ipc.Server (Server.java:run(1074)) - Starting Socket Reader #1 for port 36553
2019-10-08 01:28:08,903 [main] INFO  om.OzoneManager (OzoneManager.java:start(1069)) - OzoneManager RPC server is listening at localhost/127.0.0.1:36553
2019-10-08 01:28:08,903 [main] INFO  impl.MetricsSystemImpl (MetricsSystemImpl.java:init(158)) - OzoneManager metrics system started (again)
2019-10-08 01:28:08,904 [IPC Server Responder] INFO  ipc.Server (Server.java:run(1314)) - IPC Server Responder: starting
2019-10-08 01:28:08,907 [IPC Server listener on 36553] INFO  ipc.Server (Server.java:run(1153)) - IPC Server listener on 36553: starting
2019-10-08 01:28:08,912 [main] INFO  hdfs.DFSUtil (DFSUtil.java:httpServerTemplateForNNAndJN(1641)) - Starting Web-server for ozoneManager at: http://0.0.0.0:0
2019-10-08 01:28:08,914 [main] INFO  server.AuthenticationFilter (AuthenticationFilter.java:constructSecretProvider(240)) - Unable to initialize FileSignerSecretProvider, falling back to use random secrets.
2019-10-08 01:28:08,915 [main] WARN  http.HttpRequestLog (HttpRequestLog.java:getRequestLog(97)) - Jetty request log can only be enabled using Log4j
2019-10-08 01:28:08,917 [main] INFO  http.HttpServer2 (HttpServer2.java:addGlobalFilter(975)) - Added global filter 'safety' (class=org.apache.hadoop.http.HttpServer2$QuotingInputFilter)
2019-10-08 01:28:08,918 [main] INFO  http.HttpServer2 (HttpServer2.java:addFilter(948)) - Added filter static_user_filter (class=org.apache.hadoop.http.lib.StaticUserWebFilter$StaticUserFilter) to context ozoneManager
2019-10-08 01:28:08,918 [main] INFO  http.HttpServer2 (HttpServer2.java:addFilter(958)) - Added filter static_user_filter (class=org.apache.hadoop.http.lib.StaticUserWebFilter$StaticUserFilter) to context logs
2019-10-08 01:28:08,918 [main] INFO  http.HttpServer2 (HttpServer2.java:addFilter(958)) - Added filter static_user_filter (class=org.apache.hadoop.http.lib.StaticUserWebFilter$StaticUserFilter) to context static
2019-10-08 01:28:08,919 [main] INFO  http.HttpServer2 (HttpServer2.java:bindListener(1191)) - Jetty bound to port 33387
2019-10-08 01:28:08,920 [main] INFO  server.Server (Server.java:doStart(351)) - jetty-9.3.25.v20180904, build timestamp: 2018-09-04T21:11:46Z, git hash: 3ce520221d0240229c862b122d2b06c12a625732
2019-10-08 01:28:08,922 [main] INFO  handler.ContextHandler (ContextHandler.java:doStart(781)) - Started o.e.j.s.ServletContextHandler@447fa959{/logs,file:///workdir/hadoop-ozone/integration-test/target/log,AVAILABLE}
2019-10-08 01:28:08,922 [main] INFO  handler.ContextHandler (ContextHandler.java:doStart(781)) - Started o.e.j.s.ServletContextHandler@73f6e07{/static,file:///workdir/hadoop-ozone/integration-test/target/test-classes/webapps/static,AVAILABLE}
2019-10-08 01:28:08,927 [main] INFO  handler.ContextHandler (ContextHandler.java:doStart(781)) - Started o.e.j.w.WebAppContext@36224f93{/,file:///workdir/hadoop-ozone/integration-test/target/test-classes/webapps/ozoneManager/,AVAILABLE}{/ozoneManager}
2019-10-08 01:28:08,928 [main] INFO  server.AbstractConnector (AbstractConnector.java:doStart(278)) - Started ServerConnector@1ee5632d{HTTP/1.1,[http/1.1]}{0.0.0.0:33387}
2019-10-08 01:28:08,929 [main] INFO  server.Server (Server.java:doStart(419)) - Started @212977ms
2019-10-08 01:28:08,929 [main] WARN  impl.MetricsSystemImpl (MetricsSystemImpl.java:register(276)) - Sink prometheus already exists!
2019-10-08 01:28:08,930 [main] INFO  server.BaseHttpServer (BaseHttpServer.java:updateConnectorAddress(215)) - HTTP server of OZONEMANAGER is listening at http://0.0.0.0:33387
2019-10-08 01:28:08,950 [main] INFO  impl.MetricsSystemImpl (MetricsSystemImpl.java:init(158)) - HddsDatanode metrics system started (again)
2019-10-08 01:28:08,954 [main] INFO  ozone.HddsDatanodeService (HddsDatanodeService.java:start(184)) - HddsDatanodeService host:pr-hdds-2217-dx9m9-1464909746 ip:192.168.164.245
2019-10-08 01:28:08,961 [main] INFO  volume.HddsVolume (HddsVolume.java:<init>(176)) - Creating Volume: /workdir/hadoop-ozone/integration-test/target/test-dir/MiniOzoneClusterImpl-67ce7f06-f60a-4a96-b305-7bff22e95358/datanode-0/data/containers/hdds of  storage type : DISK and capacity : 1482555576320
2019-10-08 01:28:08,961 [main] INFO  volume.VolumeSet (VolumeSet.java:initializeVolumeSet(170)) - Added Volume : /workdir/hadoop-ozone/integration-test/target/test-dir/MiniOzoneClusterImpl-67ce7f06-f60a-4a96-b305-7bff22e95358/datanode-0/data/containers/hdds to VolumeSet
2019-10-08 01:28:08,962 [main] INFO  volume.ThrottledAsyncChecker (ThrottledAsyncChecker.java:schedule(139)) - Scheduling a check for org.apache.hadoop.ozone.container.common.volume.HddsVolume@3fde2209
2019-10-08 01:28:08,962 [main] INFO  volume.HddsVolumeChecker (HddsVolumeChecker.java:checkAllVolumes(202)) - Scheduled health check for volume org.apache.hadoop.ozone.container.common.volume.HddsVolume@3fde2209
2019-10-08 01:28:08,979 [main] INFO  impl.RaftServerProxy (ConfUtils.java:logGet(43)) - raft.rpc.type = GRPC (default)
2019-10-08 01:28:08,980 [main] INFO  grpc.GrpcFactory (GrpcFactory.java:checkPooledByteBufAllocatorUseCacheForAllThreads(45)) - PERFORMANCE WARNING: useCacheForAllThreads is true that may cause Netty to create a lot garbage objects and, as a result, trigger GC.
	It is recommended to disable useCacheForAllThreads by setting -Dorg.apache.ratis.thirdparty.io.netty.allocator.useCacheForAllThreads=false in command line.
2019-10-08 01:28:08,980 [main] INFO  grpc.GrpcConfigKeys$Server (ConfUtils.java:logGet(43)) - raft.grpc.server.port = 0 (default)
2019-10-08 01:28:08,980 [main] INFO  server.GrpcService (ConfUtils.java:logGet(43)) - raft.grpc.message.size.max = 33570816 (custom)
2019-10-08 01:28:08,981 [main] INFO  server.RaftServerConfigKeys (ConfUtils.java:logGet(43)) - raft.server.log.appender.buffer.byte-limit = 33554432 (custom)
2019-10-08 01:28:08,981 [main] INFO  server.GrpcService (ConfUtils.java:logGet(43)) - raft.grpc.flow.control.window = 1MB (=1048576) (default)
2019-10-08 01:28:08,981 [main] INFO  server.RaftServerConfigKeys (ConfUtils.java:logGet(43)) - raft.server.rpc.request.timeout = 3000ms (default)
2019-10-08 01:28:08,982 [main] INFO  server.RaftServerConfigKeys (ConfUtils.java:logGet(43)) - raft.server.storage.dir = [/workdir/hadoop-ozone/integration-test/target/test-dir/MiniOzoneClusterImpl-67ce7f06-f60a-4a96-b305-7bff22e95358/datanode-0/data/ratis] (custom)
2019-10-08 01:28:08,983 [main] INFO  hdfs.DFSUtil (DFSUtil.java:httpServerTemplateForNNAndJN(1641)) - Starting Web-server for hddsDatanode at: http://0.0.0.0:0
2019-10-08 01:28:08,984 [main] INFO  server.AuthenticationFilter (AuthenticationFilter.java:constructSecretProvider(240)) - Unable to initialize FileSignerSecretProvider, falling back to use random secrets.
2019-10-08 01:28:08,985 [main] WARN  http.HttpRequestLog (HttpRequestLog.java:getRequestLog(97)) - Jetty request log can only be enabled using Log4j
2019-10-08 01:28:08,986 [main] INFO  http.HttpServer2 (HttpServer2.java:addGlobalFilter(975)) - Added global filter 'safety' (class=org.apache.hadoop.http.HttpServer2$QuotingInputFilter)
2019-10-08 01:28:08,987 [main] INFO  http.HttpServer2 (HttpServer2.java:addFilter(948)) - Added filter static_user_filter (class=org.apache.hadoop.http.lib.StaticUserWebFilter$StaticUserFilter) to context hddsDatanode
2019-10-08 01:28:08,987 [main] INFO  http.HttpServer2 (HttpServer2.java:addFilter(958)) - Added filter static_user_filter (class=org.apache.hadoop.http.lib.StaticUserWebFilter$StaticUserFilter) to context logs
2019-10-08 01:28:08,987 [main] INFO  http.HttpServer2 (HttpServer2.java:addFilter(958)) - Added filter static_user_filter (class=org.apache.hadoop.http.lib.StaticUserWebFilter$StaticUserFilter) to context static
2019-10-08 01:28:08,988 [main] INFO  http.HttpServer2 (HttpServer2.java:bindListener(1191)) - Jetty bound to port 34203
2019-10-08 01:28:08,988 [main] INFO  server.Server (Server.java:doStart(351)) - jetty-9.3.25.v20180904, build timestamp: 2018-09-04T21:11:46Z, git hash: 3ce520221d0240229c862b122d2b06c12a625732
2019-10-08 01:28:08,989 [main] INFO  handler.ContextHandler (ContextHandler.java:doStart(781)) - Started o.e.j.s.ServletContextHandler@33ec2c0c{/logs,file:///workdir/hadoop-ozone/integration-test/target/log,AVAILABLE}
2019-10-08 01:28:08,990 [main] INFO  handler.ContextHandler (ContextHandler.java:doStart(781)) - Started o.e.j.s.ServletContextHandler@3887c7d7{/static,jar:file:/home/user/.m2/repository/org/apache/hadoop/hadoop-hdds-container-service/0.5.0-SNAPSHOT/hadoop-hdds-container-service-0.5.0-SNAPSHOT.jar!/webapps/static,AVAILABLE}
2019-10-08 01:28:09,021 [main] INFO  handler.ContextHandler (ContextHandler.java:doStart(781)) - Started o.e.j.w.WebAppContext@7b96de8d{/,file:///tmp/jetty-0.0.0.0-34203-hddsDatanode-_-any-3478307007638602840.dir/webapp/,AVAILABLE}{/hddsDatanode}
2019-10-08 01:28:09,021 [main] INFO  server.AbstractConnector (AbstractConnector.java:doStart(278)) - Started ServerConnector@7ccd611e{HTTP/1.1,[http/1.1]}{0.0.0.0:34203}
2019-10-08 01:28:09,022 [main] INFO  server.Server (Server.java:doStart(419)) - Started @213069ms
2019-10-08 01:28:09,022 [main] WARN  impl.MetricsSystemImpl (MetricsSystemImpl.java:register(276)) - Sink prometheus already exists!
2019-10-08 01:28:09,023 [main] INFO  server.BaseHttpServer (BaseHttpServer.java:updateConnectorAddress(215)) - HTTP server of HDDSDATANODE is listening at http://0.0.0.0:34203
2019-10-08 01:28:09,023 [main] INFO  impl.MetricsSystemImpl (MetricsSystemImpl.java:init(158)) - HddsDatanode metrics system started (again)
2019-10-08 01:28:09,027 [org.apache.hadoop.util.JvmPauseMonitor$Monitor@7e9d331b] INFO  util.JvmPauseMonitor (JvmPauseMonitor.java:run(188)) - Starting JVM pause monitor
2019-10-08 01:28:09,027 [main] INFO  ozone.HddsDatanodeService (HddsDatanodeService.java:start(184)) - HddsDatanodeService host:pr-hdds-2217-dx9m9-1464909746 ip:192.168.164.245
2019-10-08 01:28:09,029 [Datanode State Machine Thread - 0] INFO  datanode.InitDatanodeState (InitDatanodeState.java:persistContainerDatanodeDetails(140)) - DatanodeDetails is persisted to /workdir/hadoop-ozone/integration-test/target/test-dir/MiniOzoneClusterImpl-67ce7f06-f60a-4a96-b305-7bff22e95358/datanode-0/meta/datanode.id
2019-10-08 01:28:09,032 [main] INFO  volume.HddsVolume (HddsVolume.java:<init>(176)) - Creating Volume: /workdir/hadoop-ozone/integration-test/target/test-dir/MiniOzoneClusterImpl-67ce7f06-f60a-4a96-b305-7bff22e95358/datanode-1/data/containers/hdds of  storage type : DISK and capacity : 1482555576320
2019-10-08 01:28:09,032 [main] INFO  volume.VolumeSet (VolumeSet.java:initializeVolumeSet(170)) - Added Volume : /workdir/hadoop-ozone/integration-test/target/test-dir/MiniOzoneClusterImpl-67ce7f06-f60a-4a96-b305-7bff22e95358/datanode-1/data/containers/hdds to VolumeSet
2019-10-08 01:28:09,033 [main] INFO  volume.ThrottledAsyncChecker (ThrottledAsyncChecker.java:schedule(139)) - Scheduling a check for org.apache.hadoop.ozone.container.common.volume.HddsVolume@5fef0c19
2019-10-08 01:28:09,034 [main] INFO  volume.HddsVolumeChecker (HddsVolumeChecker.java:checkAllVolumes(202)) - Scheduled health check for volume org.apache.hadoop.ozone.container.common.volume.HddsVolume@5fef0c19
2019-10-08 01:28:09,045 [main] INFO  impl.RaftServerProxy (ConfUtils.java:logGet(43)) - raft.rpc.type = GRPC (default)
2019-10-08 01:28:09,045 [main] INFO  grpc.GrpcFactory (GrpcFactory.java:checkPooledByteBufAllocatorUseCacheForAllThreads(45)) - PERFORMANCE WARNING: useCacheForAllThreads is true that may cause Netty to create a lot garbage objects and, as a result, trigger GC.
	It is recommended to disable useCacheForAllThreads by setting -Dorg.apache.ratis.thirdparty.io.netty.allocator.useCacheForAllThreads=false in command line.
2019-10-08 01:28:09,045 [main] INFO  grpc.GrpcConfigKeys$Server (ConfUtils.java:logGet(43)) - raft.grpc.server.port = 0 (default)
2019-10-08 01:28:09,046 [main] INFO  server.GrpcService (ConfUtils.java:logGet(43)) - raft.grpc.message.size.max = 33570816 (custom)
2019-10-08 01:28:09,046 [main] INFO  server.RaftServerConfigKeys (ConfUtils.java:logGet(43)) - raft.server.log.appender.buffer.byte-limit = 33554432 (custom)
2019-10-08 01:28:09,046 [main] INFO  server.GrpcService (ConfUtils.java:logGet(43)) - raft.grpc.flow.control.window = 1MB (=1048576) (default)
2019-10-08 01:28:09,046 [main] INFO  server.RaftServerConfigKeys (ConfUtils.java:logGet(43)) - raft.server.rpc.request.timeout = 3000ms (default)
2019-10-08 01:28:09,047 [main] INFO  server.RaftServerConfigKeys (ConfUtils.java:logGet(43)) - raft.server.storage.dir = [/workdir/hadoop-ozone/integration-test/target/test-dir/MiniOzoneClusterImpl-67ce7f06-f60a-4a96-b305-7bff22e95358/datanode-1/data/ratis] (custom)
2019-10-08 01:28:09,048 [main] INFO  hdfs.DFSUtil (DFSUtil.java:httpServerTemplateForNNAndJN(1641)) - Starting Web-server for hddsDatanode at: http://0.0.0.0:0
2019-10-08 01:28:09,049 [main] INFO  server.AuthenticationFilter (AuthenticationFilter.java:constructSecretProvider(240)) - Unable to initialize FileSignerSecretProvider, falling back to use random secrets.
2019-10-08 01:28:09,049 [main] WARN  http.HttpRequestLog (HttpRequestLog.java:getRequestLog(97)) - Jetty request log can only be enabled using Log4j
2019-10-08 01:28:09,050 [main] INFO  http.HttpServer2 (HttpServer2.java:addGlobalFilter(975)) - Added global filter 'safety' (class=org.apache.hadoop.http.HttpServer2$QuotingInputFilter)
2019-10-08 01:28:09,050 [main] INFO  http.HttpServer2 (HttpServer2.java:addFilter(948)) - Added filter static_user_filter (class=org.apache.hadoop.http.lib.StaticUserWebFilter$StaticUserFilter) to context hddsDatanode
2019-10-08 01:28:09,051 [main] INFO  http.HttpServer2 (HttpServer2.java:addFilter(958)) - Added filter static_user_filter (class=org.apache.hadoop.http.lib.StaticUserWebFilter$StaticUserFilter) to context logs
2019-10-08 01:28:09,051 [main] INFO  http.HttpServer2 (HttpServer2.java:addFilter(958)) - Added filter static_user_filter (class=org.apache.hadoop.http.lib.StaticUserWebFilter$StaticUserFilter) to context static
2019-10-08 01:28:09,051 [main] INFO  http.HttpServer2 (HttpServer2.java:bindListener(1191)) - Jetty bound to port 34168
2019-10-08 01:28:09,051 [main] INFO  server.Server (Server.java:doStart(351)) - jetty-9.3.25.v20180904, build timestamp: 2018-09-04T21:11:46Z, git hash: 3ce520221d0240229c862b122d2b06c12a625732
2019-10-08 01:28:09,053 [main] INFO  handler.ContextHandler (ContextHandler.java:doStart(781)) - Started o.e.j.s.ServletContextHandler@de77146{/logs,file:///workdir/hadoop-ozone/integration-test/target/log,AVAILABLE}
2019-10-08 01:28:09,053 [main] INFO  handler.ContextHandler (ContextHandler.java:doStart(781)) - Started o.e.j.s.ServletContextHandler@5cfed0ba{/static,jar:file:/home/user/.m2/repository/org/apache/hadoop/hadoop-hdds-container-service/0.5.0-SNAPSHOT/hadoop-hdds-container-service-0.5.0-SNAPSHOT.jar!/webapps/static,AVAILABLE}
2019-10-08 01:28:09,082 [main] INFO  handler.ContextHandler (ContextHandler.java:doStart(781)) - Started o.e.j.w.WebAppContext@71936a92{/,file:///tmp/jetty-0.0.0.0-34168-hddsDatanode-_-any-1104984079711406840.dir/webapp/,AVAILABLE}{/hddsDatanode}
2019-10-08 01:28:09,082 [main] INFO  server.AbstractConnector (AbstractConnector.java:doStart(278)) - Started ServerConnector@61359e87{HTTP/1.1,[http/1.1]}{0.0.0.0:34168}
2019-10-08 01:28:09,084 [main] INFO  server.Server (Server.java:doStart(419)) - Started @213131ms
2019-10-08 01:28:09,084 [main] WARN  impl.MetricsSystemImpl (MetricsSystemImpl.java:register(276)) - Sink prometheus already exists!
2019-10-08 01:28:09,084 [main] INFO  server.BaseHttpServer (BaseHttpServer.java:updateConnectorAddress(215)) - HTTP server of HDDSDATANODE is listening at http://0.0.0.0:34168
2019-10-08 01:28:09,085 [main] INFO  impl.MetricsSystemImpl (MetricsSystemImpl.java:init(158)) - HddsDatanode metrics system started (again)
2019-10-08 01:28:09,089 [org.apache.hadoop.util.JvmPauseMonitor$Monitor@7a13ed32] INFO  util.JvmPauseMonitor (JvmPauseMonitor.java:run(188)) - Starting JVM pause monitor
2019-10-08 01:28:09,090 [main] INFO  ozone.HddsDatanodeService (HddsDatanodeService.java:start(184)) - HddsDatanodeService host:pr-hdds-2217-dx9m9-1464909746 ip:192.168.164.245
2019-10-08 01:28:09,091 [Datanode State Machine Thread - 0] INFO  datanode.InitDatanodeState (InitDatanodeState.java:persistContainerDatanodeDetails(140)) - DatanodeDetails is persisted to /workdir/hadoop-ozone/integration-test/target/test-dir/MiniOzoneClusterImpl-67ce7f06-f60a-4a96-b305-7bff22e95358/datanode-1/meta/datanode.id
2019-10-08 01:28:09,096 [main] INFO  volume.HddsVolume (HddsVolume.java:<init>(176)) - Creating Volume: /workdir/hadoop-ozone/integration-test/target/test-dir/MiniOzoneClusterImpl-67ce7f06-f60a-4a96-b305-7bff22e95358/datanode-2/data/containers/hdds of  storage type : DISK and capacity : 1482555576320
2019-10-08 01:28:09,096 [main] INFO  volume.VolumeSet (VolumeSet.java:initializeVolumeSet(170)) - Added Volume : /workdir/hadoop-ozone/integration-test/target/test-dir/MiniOzoneClusterImpl-67ce7f06-f60a-4a96-b305-7bff22e95358/datanode-2/data/containers/hdds to VolumeSet
2019-10-08 01:28:09,096 [main] INFO  volume.ThrottledAsyncChecker (ThrottledAsyncChecker.java:schedule(139)) - Scheduling a check for org.apache.hadoop.ozone.container.common.volume.HddsVolume@cdb3c85
2019-10-08 01:28:09,097 [main] INFO  volume.HddsVolumeChecker (HddsVolumeChecker.java:checkAllVolumes(202)) - Scheduled health check for volume org.apache.hadoop.ozone.container.common.volume.HddsVolume@cdb3c85
2019-10-08 01:28:09,110 [main] INFO  impl.RaftServerProxy (ConfUtils.java:logGet(43)) - raft.rpc.type = GRPC (default)
2019-10-08 01:28:09,110 [main] INFO  grpc.GrpcFactory (GrpcFactory.java:checkPooledByteBufAllocatorUseCacheForAllThreads(45)) - PERFORMANCE WARNING: useCacheForAllThreads is true that may cause Netty to create a lot garbage objects and, as a result, trigger GC.
	It is recommended to disable useCacheForAllThreads by setting -Dorg.apache.ratis.thirdparty.io.netty.allocator.useCacheForAllThreads=false in command line.
2019-10-08 01:28:09,110 [main] INFO  grpc.GrpcConfigKeys$Server (ConfUtils.java:logGet(43)) - raft.grpc.server.port = 0 (default)
2019-10-08 01:28:09,111 [main] INFO  server.GrpcService (ConfUtils.java:logGet(43)) - raft.grpc.message.size.max = 33570816 (custom)
2019-10-08 01:28:09,111 [main] INFO  server.RaftServerConfigKeys (ConfUtils.java:logGet(43)) - raft.server.log.appender.buffer.byte-limit = 33554432 (custom)
2019-10-08 01:28:09,111 [main] INFO  server.GrpcService (ConfUtils.java:logGet(43)) - raft.grpc.flow.control.window = 1MB (=1048576) (default)
2019-10-08 01:28:09,111 [main] INFO  server.RaftServerConfigKeys (ConfUtils.java:logGet(43)) - raft.server.rpc.request.timeout = 3000ms (default)
2019-10-08 01:28:09,111 [main] INFO  server.RaftServerConfigKeys (ConfUtils.java:logGet(43)) - raft.server.storage.dir = [/workdir/hadoop-ozone/integration-test/target/test-dir/MiniOzoneClusterImpl-67ce7f06-f60a-4a96-b305-7bff22e95358/datanode-2/data/ratis] (custom)
2019-10-08 01:28:09,113 [main] INFO  hdfs.DFSUtil (DFSUtil.java:httpServerTemplateForNNAndJN(1641)) - Starting Web-server for hddsDatanode at: http://0.0.0.0:0
2019-10-08 01:28:09,114 [main] INFO  server.AuthenticationFilter (AuthenticationFilter.java:constructSecretProvider(240)) - Unable to initialize FileSignerSecretProvider, falling back to use random secrets.
2019-10-08 01:28:09,114 [main] WARN  http.HttpRequestLog (HttpRequestLog.java:getRequestLog(97)) - Jetty request log can only be enabled using Log4j
2019-10-08 01:28:09,115 [main] INFO  http.HttpServer2 (HttpServer2.java:addGlobalFilter(975)) - Added global filter 'safety' (class=org.apache.hadoop.http.HttpServer2$QuotingInputFilter)
2019-10-08 01:28:09,116 [main] INFO  http.HttpServer2 (HttpServer2.java:addFilter(948)) - Added filter static_user_filter (class=org.apache.hadoop.http.lib.StaticUserWebFilter$StaticUserFilter) to context hddsDatanode
2019-10-08 01:28:09,116 [main] INFO  http.HttpServer2 (HttpServer2.java:addFilter(958)) - Added filter static_user_filter (class=org.apache.hadoop.http.lib.StaticUserWebFilter$StaticUserFilter) to context logs
2019-10-08 01:28:09,116 [main] INFO  http.HttpServer2 (HttpServer2.java:addFilter(958)) - Added filter static_user_filter (class=org.apache.hadoop.http.lib.StaticUserWebFilter$StaticUserFilter) to context static
2019-10-08 01:28:09,117 [main] INFO  http.HttpServer2 (HttpServer2.java:bindListener(1191)) - Jetty bound to port 36085
2019-10-08 01:28:09,117 [main] INFO  server.Server (Server.java:doStart(351)) - jetty-9.3.25.v20180904, build timestamp: 2018-09-04T21:11:46Z, git hash: 3ce520221d0240229c862b122d2b06c12a625732
2019-10-08 01:28:09,118 [main] INFO  handler.ContextHandler (ContextHandler.java:doStart(781)) - Started o.e.j.s.ServletContextHandler@3fb450d7{/logs,file:///workdir/hadoop-ozone/integration-test/target/log,AVAILABLE}
2019-10-08 01:28:09,119 [main] INFO  handler.ContextHandler (ContextHandler.java:doStart(781)) - Started o.e.j.s.ServletContextHandler@636985df{/static,jar:file:/home/user/.m2/repository/org/apache/hadoop/hadoop-hdds-container-service/0.5.0-SNAPSHOT/hadoop-hdds-container-service-0.5.0-SNAPSHOT.jar!/webapps/static,AVAILABLE}
2019-10-08 01:28:09,146 [main] INFO  handler.ContextHandler (ContextHandler.java:doStart(781)) - Started o.e.j.w.WebAppContext@50bc3219{/,file:///tmp/jetty-0.0.0.0-36085-hddsDatanode-_-any-3706426560870574474.dir/webapp/,AVAILABLE}{/hddsDatanode}
2019-10-08 01:28:09,147 [main] INFO  server.AbstractConnector (AbstractConnector.java:doStart(278)) - Started ServerConnector@599f1b7{HTTP/1.1,[http/1.1]}{0.0.0.0:36085}
2019-10-08 01:28:09,148 [main] INFO  server.Server (Server.java:doStart(419)) - Started @213196ms
2019-10-08 01:28:09,148 [main] WARN  impl.MetricsSystemImpl (MetricsSystemImpl.java:register(276)) - Sink prometheus already exists!
2019-10-08 01:28:09,149 [main] INFO  server.BaseHttpServer (BaseHttpServer.java:updateConnectorAddress(215)) - HTTP server of HDDSDATANODE is listening at http://0.0.0.0:36085
2019-10-08 01:28:09,149 [main] INFO  impl.MetricsSystemImpl (MetricsSystemImpl.java:init(158)) - HddsDatanode metrics system started (again)
2019-10-08 01:28:09,153 [org.apache.hadoop.util.JvmPauseMonitor$Monitor@371fa877] INFO  util.JvmPauseMonitor (JvmPauseMonitor.java:run(188)) - Starting JVM pause monitor
2019-10-08 01:28:09,154 [main] INFO  ozone.HddsDatanodeService (HddsDatanodeService.java:start(184)) - HddsDatanodeService host:pr-hdds-2217-dx9m9-1464909746 ip:192.168.164.245
2019-10-08 01:28:09,155 [Datanode State Machine Thread - 0] INFO  datanode.InitDatanodeState (InitDatanodeState.java:persistContainerDatanodeDetails(140)) - DatanodeDetails is persisted to /workdir/hadoop-ozone/integration-test/target/test-dir/MiniOzoneClusterImpl-67ce7f06-f60a-4a96-b305-7bff22e95358/datanode-2/meta/datanode.id
2019-10-08 01:28:09,160 [main] INFO  volume.HddsVolume (HddsVolume.java:<init>(176)) - Creating Volume: /workdir/hadoop-ozone/integration-test/target/test-dir/MiniOzoneClusterImpl-67ce7f06-f60a-4a96-b305-7bff22e95358/datanode-3/data/containers/hdds of  storage type : DISK and capacity : 1482555576320
2019-10-08 01:28:09,160 [main] INFO  volume.VolumeSet (VolumeSet.java:initializeVolumeSet(170)) - Added Volume : /workdir/hadoop-ozone/integration-test/target/test-dir/MiniOzoneClusterImpl-67ce7f06-f60a-4a96-b305-7bff22e95358/datanode-3/data/containers/hdds to VolumeSet
2019-10-08 01:28:09,160 [main] INFO  volume.ThrottledAsyncChecker (ThrottledAsyncChecker.java:schedule(139)) - Scheduling a check for org.apache.hadoop.ozone.container.common.volume.HddsVolume@7b9088f2
2019-10-08 01:28:09,160 [main] INFO  volume.HddsVolumeChecker (HddsVolumeChecker.java:checkAllVolumes(202)) - Scheduled health check for volume org.apache.hadoop.ozone.container.common.volume.HddsVolume@7b9088f2
2019-10-08 01:28:09,173 [main] INFO  impl.RaftServerProxy (ConfUtils.java:logGet(43)) - raft.rpc.type = GRPC (default)
2019-10-08 01:28:09,173 [main] INFO  grpc.GrpcFactory (GrpcFactory.java:checkPooledByteBufAllocatorUseCacheForAllThreads(45)) - PERFORMANCE WARNING: useCacheForAllThreads is true that may cause Netty to create a lot garbage objects and, as a result, trigger GC.
	It is recommended to disable useCacheForAllThreads by setting -Dorg.apache.ratis.thirdparty.io.netty.allocator.useCacheForAllThreads=false in command line.
2019-10-08 01:28:09,173 [main] INFO  grpc.GrpcConfigKeys$Server (ConfUtils.java:logGet(43)) - raft.grpc.server.port = 0 (default)
2019-10-08 01:28:09,174 [main] INFO  server.GrpcService (ConfUtils.java:logGet(43)) - raft.grpc.message.size.max = 33570816 (custom)
2019-10-08 01:28:09,174 [main] INFO  server.RaftServerConfigKeys (ConfUtils.java:logGet(43)) - raft.server.log.appender.buffer.byte-limit = 33554432 (custom)
2019-10-08 01:28:09,174 [main] INFO  server.GrpcService (ConfUtils.java:logGet(43)) - raft.grpc.flow.control.window = 1MB (=1048576) (default)
2019-10-08 01:28:09,174 [main] INFO  server.RaftServerConfigKeys (ConfUtils.java:logGet(43)) - raft.server.rpc.request.timeout = 3000ms (default)
2019-10-08 01:28:09,174 [main] INFO  server.RaftServerConfigKeys (ConfUtils.java:logGet(43)) - raft.server.storage.dir = [/workdir/hadoop-ozone/integration-test/target/test-dir/MiniOzoneClusterImpl-67ce7f06-f60a-4a96-b305-7bff22e95358/datanode-3/data/ratis] (custom)
2019-10-08 01:28:09,176 [main] INFO  hdfs.DFSUtil (DFSUtil.java:httpServerTemplateForNNAndJN(1641)) - Starting Web-server for hddsDatanode at: http://0.0.0.0:0
2019-10-08 01:28:09,177 [main] INFO  server.AuthenticationFilter (AuthenticationFilter.java:constructSecretProvider(240)) - Unable to initialize FileSignerSecretProvider, falling back to use random secrets.
2019-10-08 01:28:09,177 [main] WARN  http.HttpRequestLog (HttpRequestLog.java:getRequestLog(97)) - Jetty request log can only be enabled using Log4j
2019-10-08 01:28:09,178 [main] INFO  http.HttpServer2 (HttpServer2.java:addGlobalFilter(975)) - Added global filter 'safety' (class=org.apache.hadoop.http.HttpServer2$QuotingInputFilter)
2019-10-08 01:28:09,179 [main] INFO  http.HttpServer2 (HttpServer2.java:addFilter(948)) - Added filter static_user_filter (class=org.apache.hadoop.http.lib.StaticUserWebFilter$StaticUserFilter) to context hddsDatanode
2019-10-08 01:28:09,179 [main] INFO  http.HttpServer2 (HttpServer2.java:addFilter(958)) - Added filter static_user_filter (class=org.apache.hadoop.http.lib.StaticUserWebFilter$StaticUserFilter) to context static
2019-10-08 01:28:09,179 [main] INFO  http.HttpServer2 (HttpServer2.java:addFilter(958)) - Added filter static_user_filter (class=org.apache.hadoop.http.lib.StaticUserWebFilter$StaticUserFilter) to context logs
2019-10-08 01:28:09,180 [main] INFO  http.HttpServer2 (HttpServer2.java:bindListener(1191)) - Jetty bound to port 45056
2019-10-08 01:28:09,180 [main] INFO  server.Server (Server.java:doStart(351)) - jetty-9.3.25.v20180904, build timestamp: 2018-09-04T21:11:46Z, git hash: 3ce520221d0240229c862b122d2b06c12a625732
2019-10-08 01:28:09,181 [main] INFO  handler.ContextHandler (ContextHandler.java:doStart(781)) - Started o.e.j.s.ServletContextHandler@6b70d1fb{/logs,file:///workdir/hadoop-ozone/integration-test/target/log,AVAILABLE}
2019-10-08 01:28:09,182 [main] INFO  handler.ContextHandler (ContextHandler.java:doStart(781)) - Started o.e.j.s.ServletContextHandler@7da1e005{/static,jar:file:/home/user/.m2/repository/org/apache/hadoop/hadoop-hdds-container-service/0.5.0-SNAPSHOT/hadoop-hdds-container-service-0.5.0-SNAPSHOT.jar!/webapps/static,AVAILABLE}
2019-10-08 01:28:09,210 [main] INFO  handler.ContextHandler (ContextHandler.java:doStart(781)) - Started o.e.j.w.WebAppContext@6c835217{/,file:///tmp/jetty-0.0.0.0-45056-hddsDatanode-_-any-7189441491751158287.dir/webapp/,AVAILABLE}{/hddsDatanode}
2019-10-08 01:28:09,210 [main] INFO  server.AbstractConnector (AbstractConnector.java:doStart(278)) - Started ServerConnector@4584304{HTTP/1.1,[http/1.1]}{0.0.0.0:45056}
2019-10-08 01:28:09,212 [main] INFO  server.Server (Server.java:doStart(419)) - Started @213259ms
2019-10-08 01:28:09,212 [main] WARN  impl.MetricsSystemImpl (MetricsSystemImpl.java:register(276)) - Sink prometheus already exists!
2019-10-08 01:28:09,213 [main] INFO  server.BaseHttpServer (BaseHttpServer.java:updateConnectorAddress(215)) - HTTP server of HDDSDATANODE is listening at http://0.0.0.0:45056
2019-10-08 01:28:09,213 [main] INFO  impl.MetricsSystemImpl (MetricsSystemImpl.java:init(158)) - HddsDatanode metrics system started (again)
2019-10-08 01:28:09,217 [org.apache.hadoop.util.JvmPauseMonitor$Monitor@304b7071] INFO  util.JvmPauseMonitor (JvmPauseMonitor.java:run(188)) - Starting JVM pause monitor
2019-10-08 01:28:09,218 [main] INFO  ozone.HddsDatanodeService (HddsDatanodeService.java:start(184)) - HddsDatanodeService host:pr-hdds-2217-dx9m9-1464909746 ip:192.168.164.245
2019-10-08 01:28:09,219 [Datanode State Machine Thread - 0] INFO  datanode.InitDatanodeState (InitDatanodeState.java:persistContainerDatanodeDetails(140)) - DatanodeDetails is persisted to /workdir/hadoop-ozone/integration-test/target/test-dir/MiniOzoneClusterImpl-67ce7f06-f60a-4a96-b305-7bff22e95358/datanode-3/meta/datanode.id
2019-10-08 01:28:09,224 [main] INFO  volume.HddsVolume (HddsVolume.java:<init>(176)) - Creating Volume: /workdir/hadoop-ozone/integration-test/target/test-dir/MiniOzoneClusterImpl-67ce7f06-f60a-4a96-b305-7bff22e95358/datanode-4/data/containers/hdds of  storage type : DISK and capacity : 1482555576320
2019-10-08 01:28:09,224 [main] INFO  volume.VolumeSet (VolumeSet.java:initializeVolumeSet(170)) - Added Volume : /workdir/hadoop-ozone/integration-test/target/test-dir/MiniOzoneClusterImpl-67ce7f06-f60a-4a96-b305-7bff22e95358/datanode-4/data/containers/hdds to VolumeSet
2019-10-08 01:28:09,224 [main] INFO  volume.ThrottledAsyncChecker (ThrottledAsyncChecker.java:schedule(139)) - Scheduling a check for org.apache.hadoop.ozone.container.common.volume.HddsVolume@3b4ef59f
2019-10-08 01:28:09,225 [main] INFO  volume.HddsVolumeChecker (HddsVolumeChecker.java:checkAllVolumes(202)) - Scheduled health check for volume org.apache.hadoop.ozone.container.common.volume.HddsVolume@3b4ef59f
2019-10-08 01:28:09,238 [main] INFO  impl.RaftServerProxy (ConfUtils.java:logGet(43)) - raft.rpc.type = GRPC (default)
2019-10-08 01:28:09,238 [main] INFO  grpc.GrpcFactory (GrpcFactory.java:checkPooledByteBufAllocatorUseCacheForAllThreads(45)) - PERFORMANCE WARNING: useCacheForAllThreads is true that may cause Netty to create a lot garbage objects and, as a result, trigger GC.
	It is recommended to disable useCacheForAllThreads by setting -Dorg.apache.ratis.thirdparty.io.netty.allocator.useCacheForAllThreads=false in command line.
2019-10-08 01:28:09,238 [main] INFO  grpc.GrpcConfigKeys$Server (ConfUtils.java:logGet(43)) - raft.grpc.server.port = 0 (default)
2019-10-08 01:28:09,238 [main] INFO  server.GrpcService (ConfUtils.java:logGet(43)) - raft.grpc.message.size.max = 33570816 (custom)
2019-10-08 01:28:09,239 [main] INFO  server.RaftServerConfigKeys (ConfUtils.java:logGet(43)) - raft.server.log.appender.buffer.byte-limit = 33554432 (custom)
2019-10-08 01:28:09,239 [main] INFO  server.GrpcService (ConfUtils.java:logGet(43)) - raft.grpc.flow.control.window = 1MB (=1048576) (default)
2019-10-08 01:28:09,239 [main] INFO  server.RaftServerConfigKeys (ConfUtils.java:logGet(43)) - raft.server.rpc.request.timeout = 3000ms (default)
2019-10-08 01:28:09,239 [main] INFO  server.RaftServerConfigKeys (ConfUtils.java:logGet(43)) - raft.server.storage.dir = [/workdir/hadoop-ozone/integration-test/target/test-dir/MiniOzoneClusterImpl-67ce7f06-f60a-4a96-b305-7bff22e95358/datanode-4/data/ratis] (custom)
2019-10-08 01:28:09,240 [main] INFO  hdfs.DFSUtil (DFSUtil.java:httpServerTemplateForNNAndJN(1641)) - Starting Web-server for hddsDatanode at: http://0.0.0.0:0
2019-10-08 01:28:09,242 [main] INFO  server.AuthenticationFilter (AuthenticationFilter.java:constructSecretProvider(240)) - Unable to initialize FileSignerSecretProvider, falling back to use random secrets.
2019-10-08 01:28:09,242 [main] WARN  http.HttpRequestLog (HttpRequestLog.java:getRequestLog(97)) - Jetty request log can only be enabled using Log4j
2019-10-08 01:28:09,244 [main] INFO  http.HttpServer2 (HttpServer2.java:addGlobalFilter(975)) - Added global filter 'safety' (class=org.apache.hadoop.http.HttpServer2$QuotingInputFilter)
2019-10-08 01:28:09,244 [main] INFO  http.HttpServer2 (HttpServer2.java:addFilter(948)) - Added filter static_user_filter (class=org.apache.hadoop.http.lib.StaticUserWebFilter$StaticUserFilter) to context hddsDatanode
2019-10-08 01:28:09,244 [main] INFO  http.HttpServer2 (HttpServer2.java:addFilter(958)) - Added filter static_user_filter (class=org.apache.hadoop.http.lib.StaticUserWebFilter$StaticUserFilter) to context static
2019-10-08 01:28:09,244 [main] INFO  http.HttpServer2 (HttpServer2.java:addFilter(958)) - Added filter static_user_filter (class=org.apache.hadoop.http.lib.StaticUserWebFilter$StaticUserFilter) to context logs
2019-10-08 01:28:09,245 [main] INFO  http.HttpServer2 (HttpServer2.java:bindListener(1191)) - Jetty bound to port 36450
2019-10-08 01:28:09,245 [main] INFO  server.Server (Server.java:doStart(351)) - jetty-9.3.25.v20180904, build timestamp: 2018-09-04T21:11:46Z, git hash: 3ce520221d0240229c862b122d2b06c12a625732
2019-10-08 01:28:09,247 [main] INFO  handler.ContextHandler (ContextHandler.java:doStart(781)) - Started o.e.j.s.ServletContextHandler@3487442d{/logs,file:///workdir/hadoop-ozone/integration-test/target/log,AVAILABLE}
2019-10-08 01:28:09,247 [main] INFO  handler.ContextHandler (ContextHandler.java:doStart(781)) - Started o.e.j.s.ServletContextHandler@3a3f96ab{/static,jar:file:/home/user/.m2/repository/org/apache/hadoop/hadoop-hdds-container-service/0.5.0-SNAPSHOT/hadoop-hdds-container-service-0.5.0-SNAPSHOT.jar!/webapps/static,AVAILABLE}
2019-10-08 01:28:09,276 [main] INFO  handler.ContextHandler (ContextHandler.java:doStart(781)) - Started o.e.j.w.WebAppContext@747f6c5a{/,file:///tmp/jetty-0.0.0.0-36450-hddsDatanode-_-any-81964611444805310.dir/webapp/,AVAILABLE}{/hddsDatanode}
2019-10-08 01:28:09,276 [main] INFO  server.AbstractConnector (AbstractConnector.java:doStart(278)) - Started ServerConnector@66e341e9{HTTP/1.1,[http/1.1]}{0.0.0.0:36450}
2019-10-08 01:28:09,278 [main] INFO  server.Server (Server.java:doStart(419)) - Started @213325ms
2019-10-08 01:28:09,278 [main] WARN  impl.MetricsSystemImpl (MetricsSystemImpl.java:register(276)) - Sink prometheus already exists!
2019-10-08 01:28:09,278 [main] INFO  server.BaseHttpServer (BaseHttpServer.java:updateConnectorAddress(215)) - HTTP server of HDDSDATANODE is listening at http://0.0.0.0:36450
2019-10-08 01:28:09,279 [main] INFO  impl.MetricsSystemImpl (MetricsSystemImpl.java:init(158)) - HddsDatanode metrics system started (again)
2019-10-08 01:28:09,284 [org.apache.hadoop.util.JvmPauseMonitor$Monitor@45b532d6] INFO  util.JvmPauseMonitor (JvmPauseMonitor.java:run(188)) - Starting JVM pause monitor
2019-10-08 01:28:09,285 [Datanode State Machine Thread - 0] INFO  datanode.InitDatanodeState (InitDatanodeState.java:persistContainerDatanodeDetails(140)) - DatanodeDetails is persisted to /workdir/hadoop-ozone/integration-test/target/test-dir/MiniOzoneClusterImpl-67ce7f06-f60a-4a96-b305-7bff22e95358/datanode-4/meta/datanode.id
2019-10-08 01:28:09,285 [main] INFO  ozone.HddsDatanodeService (HddsDatanodeService.java:start(184)) - HddsDatanodeService host:pr-hdds-2217-dx9m9-1464909746 ip:192.168.164.245
2019-10-08 01:28:09,291 [main] INFO  volume.HddsVolume (HddsVolume.java:<init>(176)) - Creating Volume: /workdir/hadoop-ozone/integration-test/target/test-dir/MiniOzoneClusterImpl-67ce7f06-f60a-4a96-b305-7bff22e95358/datanode-5/data/containers/hdds of  storage type : DISK and capacity : 1482555576320
2019-10-08 01:28:09,291 [main] INFO  volume.VolumeSet (VolumeSet.java:initializeVolumeSet(170)) - Added Volume : /workdir/hadoop-ozone/integration-test/target/test-dir/MiniOzoneClusterImpl-67ce7f06-f60a-4a96-b305-7bff22e95358/datanode-5/data/containers/hdds to VolumeSet
2019-10-08 01:28:09,292 [main] INFO  volume.ThrottledAsyncChecker (ThrottledAsyncChecker.java:schedule(139)) - Scheduling a check for org.apache.hadoop.ozone.container.common.volume.HddsVolume@5dbab232
2019-10-08 01:28:09,292 [main] INFO  volume.HddsVolumeChecker (HddsVolumeChecker.java:checkAllVolumes(202)) - Scheduled health check for volume org.apache.hadoop.ozone.container.common.volume.HddsVolume@5dbab232
2019-10-08 01:28:09,304 [main] INFO  impl.RaftServerProxy (ConfUtils.java:logGet(43)) - raft.rpc.type = GRPC (default)
2019-10-08 01:28:09,304 [main] INFO  grpc.GrpcFactory (GrpcFactory.java:checkPooledByteBufAllocatorUseCacheForAllThreads(45)) - PERFORMANCE WARNING: useCacheForAllThreads is true that may cause Netty to create a lot garbage objects and, as a result, trigger GC.
	It is recommended to disable useCacheForAllThreads by setting -Dorg.apache.ratis.thirdparty.io.netty.allocator.useCacheForAllThreads=false in command line.
2019-10-08 01:28:09,304 [main] INFO  grpc.GrpcConfigKeys$Server (ConfUtils.java:logGet(43)) - raft.grpc.server.port = 0 (default)
2019-10-08 01:28:09,304 [main] INFO  server.GrpcService (ConfUtils.java:logGet(43)) - raft.grpc.message.size.max = 33570816 (custom)
2019-10-08 01:28:09,305 [main] INFO  server.RaftServerConfigKeys (ConfUtils.java:logGet(43)) - raft.server.log.appender.buffer.byte-limit = 33554432 (custom)
2019-10-08 01:28:09,305 [main] INFO  server.GrpcService (ConfUtils.java:logGet(43)) - raft.grpc.flow.control.window = 1MB (=1048576) (default)
2019-10-08 01:28:09,305 [main] INFO  server.RaftServerConfigKeys (ConfUtils.java:logGet(43)) - raft.server.rpc.request.timeout = 3000ms (default)
2019-10-08 01:28:09,305 [main] INFO  server.RaftServerConfigKeys (ConfUtils.java:logGet(43)) - raft.server.storage.dir = [/workdir/hadoop-ozone/integration-test/target/test-dir/MiniOzoneClusterImpl-67ce7f06-f60a-4a96-b305-7bff22e95358/datanode-5/data/ratis] (custom)
2019-10-08 01:28:09,306 [main] INFO  hdfs.DFSUtil (DFSUtil.java:httpServerTemplateForNNAndJN(1641)) - Starting Web-server for hddsDatanode at: http://0.0.0.0:0
2019-10-08 01:28:09,307 [main] INFO  server.AuthenticationFilter (AuthenticationFilter.java:constructSecretProvider(240)) - Unable to initialize FileSignerSecretProvider, falling back to use random secrets.
2019-10-08 01:28:09,308 [main] WARN  http.HttpRequestLog (HttpRequestLog.java:getRequestLog(97)) - Jetty request log can only be enabled using Log4j
2019-10-08 01:28:09,309 [main] INFO  http.HttpServer2 (HttpServer2.java:addGlobalFilter(975)) - Added global filter 'safety' (class=org.apache.hadoop.http.HttpServer2$QuotingInputFilter)
2019-10-08 01:28:09,310 [main] INFO  http.HttpServer2 (HttpServer2.java:addFilter(948)) - Added filter static_user_filter (class=org.apache.hadoop.http.lib.StaticUserWebFilter$StaticUserFilter) to context hddsDatanode
2019-10-08 01:28:09,310 [main] INFO  http.HttpServer2 (HttpServer2.java:addFilter(958)) - Added filter static_user_filter (class=org.apache.hadoop.http.lib.StaticUserWebFilter$StaticUserFilter) to context static
2019-10-08 01:28:09,310 [main] INFO  http.HttpServer2 (HttpServer2.java:addFilter(958)) - Added filter static_user_filter (class=org.apache.hadoop.http.lib.StaticUserWebFilter$StaticUserFilter) to context logs
2019-10-08 01:28:09,311 [main] INFO  http.HttpServer2 (HttpServer2.java:bindListener(1191)) - Jetty bound to port 45936
2019-10-08 01:28:09,311 [main] INFO  server.Server (Server.java:doStart(351)) - jetty-9.3.25.v20180904, build timestamp: 2018-09-04T21:11:46Z, git hash: 3ce520221d0240229c862b122d2b06c12a625732
2019-10-08 01:28:09,312 [main] INFO  handler.ContextHandler (ContextHandler.java:doStart(781)) - Started o.e.j.s.ServletContextHandler@6f1fa1d0{/logs,file:///workdir/hadoop-ozone/integration-test/target/log,AVAILABLE}
2019-10-08 01:28:09,313 [main] INFO  handler.ContextHandler (ContextHandler.java:doStart(781)) - Started o.e.j.s.ServletContextHandler@52ba685a{/static,jar:file:/home/user/.m2/repository/org/apache/hadoop/hadoop-hdds-container-service/0.5.0-SNAPSHOT/hadoop-hdds-container-service-0.5.0-SNAPSHOT.jar!/webapps/static,AVAILABLE}
2019-10-08 01:28:09,341 [main] INFO  handler.ContextHandler (ContextHandler.java:doStart(781)) - Started o.e.j.w.WebAppContext@3c18942{/,file:///tmp/jetty-0.0.0.0-45936-hddsDatanode-_-any-3614258771409098350.dir/webapp/,AVAILABLE}{/hddsDatanode}
2019-10-08 01:28:09,341 [main] INFO  server.AbstractConnector (AbstractConnector.java:doStart(278)) - Started ServerConnector@743c3520{HTTP/1.1,[http/1.1]}{0.0.0.0:45936}
2019-10-08 01:28:09,343 [main] INFO  server.Server (Server.java:doStart(419)) - Started @213390ms
2019-10-08 01:28:09,343 [main] WARN  impl.MetricsSystemImpl (MetricsSystemImpl.java:register(276)) - Sink prometheus already exists!
2019-10-08 01:28:09,343 [main] INFO  server.BaseHttpServer (BaseHttpServer.java:updateConnectorAddress(215)) - HTTP server of HDDSDATANODE is listening at http://0.0.0.0:45936
2019-10-08 01:28:09,344 [main] INFO  impl.MetricsSystemImpl (MetricsSystemImpl.java:init(158)) - HddsDatanode metrics system started (again)
2019-10-08 01:28:09,349 [org.apache.hadoop.util.JvmPauseMonitor$Monitor@5a27d18] INFO  util.JvmPauseMonitor (JvmPauseMonitor.java:run(188)) - Starting JVM pause monitor
2019-10-08 01:28:09,349 [main] INFO  ozone.HddsDatanodeService (HddsDatanodeService.java:start(184)) - HddsDatanodeService host:pr-hdds-2217-dx9m9-1464909746 ip:192.168.164.245
2019-10-08 01:28:09,350 [Datanode State Machine Thread - 0] INFO  datanode.InitDatanodeState (InitDatanodeState.java:persistContainerDatanodeDetails(140)) - DatanodeDetails is persisted to /workdir/hadoop-ozone/integration-test/target/test-dir/MiniOzoneClusterImpl-67ce7f06-f60a-4a96-b305-7bff22e95358/datanode-5/meta/datanode.id
2019-10-08 01:28:09,354 [main] INFO  volume.HddsVolume (HddsVolume.java:<init>(176)) - Creating Volume: /workdir/hadoop-ozone/integration-test/target/test-dir/MiniOzoneClusterImpl-67ce7f06-f60a-4a96-b305-7bff22e95358/datanode-6/data/containers/hdds of  storage type : DISK and capacity : 1482555576320
2019-10-08 01:28:09,355 [main] INFO  volume.VolumeSet (VolumeSet.java:initializeVolumeSet(170)) - Added Volume : /workdir/hadoop-ozone/integration-test/target/test-dir/MiniOzoneClusterImpl-67ce7f06-f60a-4a96-b305-7bff22e95358/datanode-6/data/containers/hdds to VolumeSet
2019-10-08 01:28:09,355 [main] INFO  volume.ThrottledAsyncChecker (ThrottledAsyncChecker.java:schedule(139)) - Scheduling a check for org.apache.hadoop.ozone.container.common.volume.HddsVolume@1373e3ee
2019-10-08 01:28:09,355 [main] INFO  volume.HddsVolumeChecker (HddsVolumeChecker.java:checkAllVolumes(202)) - Scheduled health check for volume org.apache.hadoop.ozone.container.common.volume.HddsVolume@1373e3ee
2019-10-08 01:28:09,367 [main] INFO  impl.RaftServerProxy (ConfUtils.java:logGet(43)) - raft.rpc.type = GRPC (default)
2019-10-08 01:28:09,367 [main] INFO  grpc.GrpcFactory (GrpcFactory.java:checkPooledByteBufAllocatorUseCacheForAllThreads(45)) - PERFORMANCE WARNING: useCacheForAllThreads is true that may cause Netty to create a lot garbage objects and, as a result, trigger GC.
	It is recommended to disable useCacheForAllThreads by setting -Dorg.apache.ratis.thirdparty.io.netty.allocator.useCacheForAllThreads=false in command line.
2019-10-08 01:28:09,367 [main] INFO  grpc.GrpcConfigKeys$Server (ConfUtils.java:logGet(43)) - raft.grpc.server.port = 0 (default)
2019-10-08 01:28:09,367 [main] INFO  server.GrpcService (ConfUtils.java:logGet(43)) - raft.grpc.message.size.max = 33570816 (custom)
2019-10-08 01:28:09,368 [main] INFO  server.RaftServerConfigKeys (ConfUtils.java:logGet(43)) - raft.server.log.appender.buffer.byte-limit = 33554432 (custom)
2019-10-08 01:28:09,368 [main] INFO  server.GrpcService (ConfUtils.java:logGet(43)) - raft.grpc.flow.control.window = 1MB (=1048576) (default)
2019-10-08 01:28:09,368 [main] INFO  server.RaftServerConfigKeys (ConfUtils.java:logGet(43)) - raft.server.rpc.request.timeout = 3000ms (default)
2019-10-08 01:28:09,368 [main] INFO  server.RaftServerConfigKeys (ConfUtils.java:logGet(43)) - raft.server.storage.dir = [/workdir/hadoop-ozone/integration-test/target/test-dir/MiniOzoneClusterImpl-67ce7f06-f60a-4a96-b305-7bff22e95358/datanode-6/data/ratis] (custom)
2019-10-08 01:28:09,369 [main] INFO  hdfs.DFSUtil (DFSUtil.java:httpServerTemplateForNNAndJN(1641)) - Starting Web-server for hddsDatanode at: http://0.0.0.0:0
2019-10-08 01:28:09,370 [main] INFO  server.AuthenticationFilter (AuthenticationFilter.java:constructSecretProvider(240)) - Unable to initialize FileSignerSecretProvider, falling back to use random secrets.
2019-10-08 01:28:09,371 [main] WARN  http.HttpRequestLog (HttpRequestLog.java:getRequestLog(97)) - Jetty request log can only be enabled using Log4j
2019-10-08 01:28:09,372 [main] INFO  http.HttpServer2 (HttpServer2.java:addGlobalFilter(975)) - Added global filter 'safety' (class=org.apache.hadoop.http.HttpServer2$QuotingInputFilter)
2019-10-08 01:28:09,372 [main] INFO  http.HttpServer2 (HttpServer2.java:addFilter(948)) - Added filter static_user_filter (class=org.apache.hadoop.http.lib.StaticUserWebFilter$StaticUserFilter) to context hddsDatanode
2019-10-08 01:28:09,372 [main] INFO  http.HttpServer2 (HttpServer2.java:addFilter(958)) - Added filter static_user_filter (class=org.apache.hadoop.http.lib.StaticUserWebFilter$StaticUserFilter) to context logs
2019-10-08 01:28:09,373 [main] INFO  http.HttpServer2 (HttpServer2.java:addFilter(958)) - Added filter static_user_filter (class=org.apache.hadoop.http.lib.StaticUserWebFilter$StaticUserFilter) to context static
2019-10-08 01:28:09,373 [main] INFO  http.HttpServer2 (HttpServer2.java:bindListener(1191)) - Jetty bound to port 41520
2019-10-08 01:28:09,373 [main] INFO  server.Server (Server.java:doStart(351)) - jetty-9.3.25.v20180904, build timestamp: 2018-09-04T21:11:46Z, git hash: 3ce520221d0240229c862b122d2b06c12a625732
2019-10-08 01:28:09,374 [main] INFO  handler.ContextHandler (ContextHandler.java:doStart(781)) - Started o.e.j.s.ServletContextHandler@2ee4706d{/logs,file:///workdir/hadoop-ozone/integration-test/target/log,AVAILABLE}
2019-10-08 01:28:09,375 [main] INFO  handler.ContextHandler (ContextHandler.java:doStart(781)) - Started o.e.j.s.ServletContextHandler@64279ab{/static,jar:file:/home/user/.m2/repository/org/apache/hadoop/hadoop-hdds-container-service/0.5.0-SNAPSHOT/hadoop-hdds-container-service-0.5.0-SNAPSHOT.jar!/webapps/static,AVAILABLE}
2019-10-08 01:28:09,402 [main] INFO  handler.ContextHandler (ContextHandler.java:doStart(781)) - Started o.e.j.w.WebAppContext@4a31ed12{/,file:///tmp/jetty-0.0.0.0-41520-hddsDatanode-_-any-1783396498090191243.dir/webapp/,AVAILABLE}{/hddsDatanode}
2019-10-08 01:28:09,403 [main] INFO  server.AbstractConnector (AbstractConnector.java:doStart(278)) - Started ServerConnector@3ab595c8{HTTP/1.1,[http/1.1]}{0.0.0.0:41520}
2019-10-08 01:28:09,404 [main] INFO  server.Server (Server.java:doStart(419)) - Started @213452ms
2019-10-08 01:28:09,404 [main] WARN  impl.MetricsSystemImpl (MetricsSystemImpl.java:register(276)) - Sink prometheus already exists!
2019-10-08 01:28:09,405 [main] INFO  server.BaseHttpServer (BaseHttpServer.java:updateConnectorAddress(215)) - HTTP server of HDDSDATANODE is listening at http://0.0.0.0:41520
2019-10-08 01:28:09,405 [main] INFO  ozone.MiniOzoneClusterImpl (MiniOzoneClusterImpl.java:lambda$waitForClusterToBeReady$0(147)) - Waiting for cluster to be ready. Got 0 of 7 DN Heartbeats.
2019-10-08 01:28:09,407 [org.apache.hadoop.util.JvmPauseMonitor$Monitor@1501273a] INFO  util.JvmPauseMonitor (JvmPauseMonitor.java:run(188)) - Starting JVM pause monitor
2019-10-08 01:28:09,408 [Datanode State Machine Thread - 0] INFO  datanode.InitDatanodeState (InitDatanodeState.java:persistContainerDatanodeDetails(140)) - DatanodeDetails is persisted to /workdir/hadoop-ozone/integration-test/target/test-dir/MiniOzoneClusterImpl-67ce7f06-f60a-4a96-b305-7bff22e95358/datanode-6/meta/datanode.id
2019-10-08 01:28:10,406 [main] INFO  ozone.MiniOzoneClusterImpl (MiniOzoneClusterImpl.java:lambda$waitForClusterToBeReady$0(147)) - Waiting for cluster to be ready. Got 0 of 7 DN Heartbeats.
2019-10-08 01:28:11,080 [Datanode State Machine Thread - 0] INFO  ozoneimpl.OzoneContainer (OzoneContainer.java:start(213)) - Attempting to start container services.
2019-10-08 01:28:11,081 [Datanode State Machine Thread - 0] INFO  ozoneimpl.OzoneContainer (OzoneContainer.java:startContainerScrub(177)) - Background container scanner has been disabled.
2019-10-08 01:28:11,081 [Datanode State Machine Thread - 0] INFO  ratis.XceiverServerRatis (XceiverServerRatis.java:start(418)) - Starting XceiverServerRatis bd94d12f-2ccb-49d7-b498-60d4bd8bf369 at port 0
2019-10-08 01:28:11,088 [Datanode State Machine Thread - 0] INFO  impl.RaftServerProxy (RaftServerProxy.java:lambda$start$3(299)) - bd94d12f-2ccb-49d7-b498-60d4bd8bf369: start RPC server
2019-10-08 01:28:11,095 [Datanode State Machine Thread - 0] INFO  server.GrpcService (GrpcService.java:startImpl(158)) - bd94d12f-2ccb-49d7-b498-60d4bd8bf369: GrpcService started, listening on 0.0.0.0/0.0.0.0:43098
2019-10-08 01:28:11,095 [Datanode State Machine Thread - 0] INFO  ratis.XceiverServerRatis (XceiverServerRatis.java:start(428)) - XceiverServerRatis bd94d12f-2ccb-49d7-b498-60d4bd8bf369 is started using port 43098
2019-10-08 01:28:11,095 [Datanode State Machine Thread - 0] INFO  server.XceiverServerGrpc (XceiverServerGrpc.java:start(149)) - XceiverServerGrpc bd94d12f-2ccb-49d7-b498-60d4bd8bf369 is started using port 40806
2019-10-08 01:28:11,098 [Datanode State Machine Thread - 0] INFO  ozoneimpl.OzoneContainer (OzoneContainer.java:start(213)) - Attempting to start container services.
2019-10-08 01:28:11,098 [Datanode State Machine Thread - 0] INFO  ozoneimpl.OzoneContainer (OzoneContainer.java:startContainerScrub(177)) - Background container scanner has been disabled.
2019-10-08 01:28:11,098 [Datanode State Machine Thread - 0] INFO  ratis.XceiverServerRatis (XceiverServerRatis.java:start(418)) - Starting XceiverServerRatis bc69bb28-5035-44eb-aa70-10d3ea24e6d9 at port 0
2019-10-08 01:28:11,103 [Datanode State Machine Thread - 0] INFO  impl.RaftServerProxy (RaftServerProxy.java:lambda$start$3(299)) - bc69bb28-5035-44eb-aa70-10d3ea24e6d9: start RPC server
2019-10-08 01:28:11,105 [Datanode State Machine Thread - 0] INFO  server.GrpcService (GrpcService.java:startImpl(158)) - bc69bb28-5035-44eb-aa70-10d3ea24e6d9: GrpcService started, listening on 0.0.0.0/0.0.0.0:42173
2019-10-08 01:28:11,106 [Datanode State Machine Thread - 0] INFO  ratis.XceiverServerRatis (XceiverServerRatis.java:start(428)) - XceiverServerRatis bc69bb28-5035-44eb-aa70-10d3ea24e6d9 is started using port 42173
2019-10-08 01:28:11,107 [Datanode State Machine Thread - 0] INFO  server.XceiverServerGrpc (XceiverServerGrpc.java:start(149)) - XceiverServerGrpc bc69bb28-5035-44eb-aa70-10d3ea24e6d9 is started using port 39793
2019-10-08 01:28:11,165 [Datanode State Machine Thread - 0] INFO  ozoneimpl.OzoneContainer (OzoneContainer.java:start(213)) - Attempting to start container services.
2019-10-08 01:28:11,166 [Datanode State Machine Thread - 0] INFO  ozoneimpl.OzoneContainer (OzoneContainer.java:startContainerScrub(177)) - Background container scanner has been disabled.
2019-10-08 01:28:11,166 [Datanode State Machine Thread - 0] INFO  ratis.XceiverServerRatis (XceiverServerRatis.java:start(418)) - Starting XceiverServerRatis 359b1709-126a-4c21-8d4f-e4e0c5c9b498 at port 0
2019-10-08 01:28:11,171 [Datanode State Machine Thread - 0] INFO  impl.RaftServerProxy (RaftServerProxy.java:lambda$start$3(299)) - 359b1709-126a-4c21-8d4f-e4e0c5c9b498: start RPC server
2019-10-08 01:28:11,171 [Datanode State Machine Thread - 0] INFO  server.GrpcService (GrpcService.java:startImpl(158)) - 359b1709-126a-4c21-8d4f-e4e0c5c9b498: GrpcService started, listening on 0.0.0.0/0.0.0.0:40396
2019-10-08 01:28:11,171 [Datanode State Machine Thread - 0] INFO  ratis.XceiverServerRatis (XceiverServerRatis.java:start(428)) - XceiverServerRatis 359b1709-126a-4c21-8d4f-e4e0c5c9b498 is started using port 40396
2019-10-08 01:28:11,172 [Datanode State Machine Thread - 0] INFO  server.XceiverServerGrpc (XceiverServerGrpc.java:start(149)) - XceiverServerGrpc 359b1709-126a-4c21-8d4f-e4e0c5c9b498 is started using port 44133
2019-10-08 01:28:11,222 [Datanode State Machine Thread - 0] INFO  ozoneimpl.OzoneContainer (OzoneContainer.java:start(213)) - Attempting to start container services.
2019-10-08 01:28:11,222 [Datanode State Machine Thread - 0] INFO  ozoneimpl.OzoneContainer (OzoneContainer.java:startContainerScrub(177)) - Background container scanner has been disabled.
2019-10-08 01:28:11,222 [Datanode State Machine Thread - 0] INFO  ratis.XceiverServerRatis (XceiverServerRatis.java:start(418)) - Starting XceiverServerRatis 3f617019-c937-4338-8149-b716bc6ee21a at port 0
2019-10-08 01:28:11,229 [Datanode State Machine Thread - 0] INFO  impl.RaftServerProxy (RaftServerProxy.java:lambda$start$3(299)) - 3f617019-c937-4338-8149-b716bc6ee21a: start RPC server
2019-10-08 01:28:11,230 [Datanode State Machine Thread - 0] INFO  server.GrpcService (GrpcService.java:startImpl(158)) - 3f617019-c937-4338-8149-b716bc6ee21a: GrpcService started, listening on 0.0.0.0/0.0.0.0:37784
2019-10-08 01:28:11,230 [Datanode State Machine Thread - 0] INFO  ratis.XceiverServerRatis (XceiverServerRatis.java:start(428)) - XceiverServerRatis 3f617019-c937-4338-8149-b716bc6ee21a is started using port 37784
2019-10-08 01:28:11,230 [Datanode State Machine Thread - 0] INFO  server.XceiverServerGrpc (XceiverServerGrpc.java:start(149)) - XceiverServerGrpc 3f617019-c937-4338-8149-b716bc6ee21a is started using port 37828
2019-10-08 01:28:11,295 [Datanode State Machine Thread - 0] INFO  ozoneimpl.OzoneContainer (OzoneContainer.java:start(213)) - Attempting to start container services.
2019-10-08 01:28:11,296 [Datanode State Machine Thread - 0] INFO  ozoneimpl.OzoneContainer (OzoneContainer.java:startContainerScrub(177)) - Background container scanner has been disabled.
2019-10-08 01:28:11,296 [Datanode State Machine Thread - 0] INFO  ratis.XceiverServerRatis (XceiverServerRatis.java:start(418)) - Starting XceiverServerRatis be201bfb-06ff-4c32-a593-81b12a9ed932 at port 0
2019-10-08 01:28:11,302 [Datanode State Machine Thread - 0] INFO  impl.RaftServerProxy (RaftServerProxy.java:lambda$start$3(299)) - be201bfb-06ff-4c32-a593-81b12a9ed932: start RPC server
2019-10-08 01:28:11,303 [Datanode State Machine Thread - 0] INFO  server.GrpcService (GrpcService.java:startImpl(158)) - be201bfb-06ff-4c32-a593-81b12a9ed932: GrpcService started, listening on 0.0.0.0/0.0.0.0:36996
2019-10-08 01:28:11,303 [Datanode State Machine Thread - 0] INFO  ratis.XceiverServerRatis (XceiverServerRatis.java:start(428)) - XceiverServerRatis be201bfb-06ff-4c32-a593-81b12a9ed932 is started using port 36996
2019-10-08 01:28:11,303 [Datanode State Machine Thread - 0] INFO  server.XceiverServerGrpc (XceiverServerGrpc.java:start(149)) - XceiverServerGrpc be201bfb-06ff-4c32-a593-81b12a9ed932 is started using port 36374
2019-10-08 01:28:11,361 [Datanode State Machine Thread - 0] INFO  ozoneimpl.OzoneContainer (OzoneContainer.java:start(213)) - Attempting to start container services.
2019-10-08 01:28:11,361 [Datanode State Machine Thread - 0] INFO  ozoneimpl.OzoneContainer (OzoneContainer.java:startContainerScrub(177)) - Background container scanner has been disabled.
2019-10-08 01:28:11,362 [Datanode State Machine Thread - 0] INFO  ratis.XceiverServerRatis (XceiverServerRatis.java:start(418)) - Starting XceiverServerRatis d525d1b2-8a52-4d8f-983f-3c61fa4c526a at port 0
2019-10-08 01:28:11,368 [Datanode State Machine Thread - 0] INFO  impl.RaftServerProxy (RaftServerProxy.java:lambda$start$3(299)) - d525d1b2-8a52-4d8f-983f-3c61fa4c526a: start RPC server
2019-10-08 01:28:11,368 [Datanode State Machine Thread - 0] INFO  server.GrpcService (GrpcService.java:startImpl(158)) - d525d1b2-8a52-4d8f-983f-3c61fa4c526a: GrpcService started, listening on 0.0.0.0/0.0.0.0:40280
2019-10-08 01:28:11,368 [Datanode State Machine Thread - 0] INFO  ratis.XceiverServerRatis (XceiverServerRatis.java:start(428)) - XceiverServerRatis d525d1b2-8a52-4d8f-983f-3c61fa4c526a is started using port 40280
2019-10-08 01:28:11,371 [Datanode State Machine Thread - 0] INFO  server.XceiverServerGrpc (XceiverServerGrpc.java:start(149)) - XceiverServerGrpc d525d1b2-8a52-4d8f-983f-3c61fa4c526a is started using port 35791
2019-10-08 01:28:11,406 [main] INFO  ozone.MiniOzoneClusterImpl (MiniOzoneClusterImpl.java:lambda$waitForClusterToBeReady$0(147)) - Waiting for cluster to be ready. Got 0 of 7 DN Heartbeats.
2019-10-08 01:28:11,421 [Datanode State Machine Thread - 0] INFO  ozoneimpl.OzoneContainer (OzoneContainer.java:start(213)) - Attempting to start container services.
2019-10-08 01:28:11,421 [Datanode State Machine Thread - 0] INFO  ozoneimpl.OzoneContainer (OzoneContainer.java:startContainerScrub(177)) - Background container scanner has been disabled.
2019-10-08 01:28:11,421 [Datanode State Machine Thread - 0] INFO  ratis.XceiverServerRatis (XceiverServerRatis.java:start(418)) - Starting XceiverServerRatis 6ec04227-4ec5-46db-b32c-53b16fa90408 at port 0
2019-10-08 01:28:11,427 [Datanode State Machine Thread - 0] INFO  impl.RaftServerProxy (RaftServerProxy.java:lambda$start$3(299)) - 6ec04227-4ec5-46db-b32c-53b16fa90408: start RPC server
2019-10-08 01:28:11,428 [Datanode State Machine Thread - 0] INFO  server.GrpcService (GrpcService.java:startImpl(158)) - 6ec04227-4ec5-46db-b32c-53b16fa90408: GrpcService started, listening on 0.0.0.0/0.0.0.0:35459
2019-10-08 01:28:11,428 [Datanode State Machine Thread - 0] INFO  ratis.XceiverServerRatis (XceiverServerRatis.java:start(428)) - XceiverServerRatis 6ec04227-4ec5-46db-b32c-53b16fa90408 is started using port 35459
2019-10-08 01:28:11,429 [Datanode State Machine Thread - 0] INFO  server.XceiverServerGrpc (XceiverServerGrpc.java:start(149)) - XceiverServerGrpc 6ec04227-4ec5-46db-b32c-53b16fa90408 is started using port 38849
2019-10-08 01:28:12,407 [main] INFO  ozone.MiniOzoneClusterImpl (MiniOzoneClusterImpl.java:lambda$waitForClusterToBeReady$0(147)) - Waiting for cluster to be ready. Got 0 of 7 DN Heartbeats.
2019-10-08 01:28:13,035 [IPC Server handler 4 on 37204] INFO  net.NetworkTopology (NetworkTopologyImpl.java:add(111)) - Added a new node: /default-rack/bd94d12f-2ccb-49d7-b498-60d4bd8bf369
2019-10-08 01:28:13,038 [IPC Server handler 4 on 37204] INFO  node.SCMNodeManager (SCMNodeManager.java:register(268)) - Registered Data node : bd94d12f-2ccb-49d7-b498-60d4bd8bf369{ip: 192.168.164.245, host: pr-hdds-2217-dx9m9-1464909746, networkLocation: /default-rack, certSerialId: null}
2019-10-08 01:28:13,040 [EventQueue-NodeRegistrationContainerReportForDataNodeSafeModeRule] INFO  safemode.SCMSafeModeManager (DataNodeSafeModeRule.java:process(71)) - SCM in safe mode. 1 DataNodes registered, 1 required.
2019-10-08 01:28:13,042 [EventQueue-NodeRegistrationContainerReportForDataNodeSafeModeRule] INFO  safemode.SCMSafeModeManager (SCMSafeModeManager.java:validateSafeModeExitRules(177)) - ScmSafeModeManager, all rules are successfully validated
2019-10-08 01:28:13,043 [EventQueue-NodeRegistrationContainerReportForDataNodeSafeModeRule] INFO  safemode.SCMSafeModeManager (SCMSafeModeManager.java:exitSafeMode(193)) - SCM exiting safe mode.
2019-10-08 01:28:13,056 [grpc-default-executor-4] INFO  impl.RaftServerProxy (RaftServerProxy.java:addNew(89)) - bd94d12f-2ccb-49d7-b498-60d4bd8bf369: addNew group-ADA4B3524C6C:[bd94d12f-2ccb-49d7-b498-60d4bd8bf369:192.168.164.245:43098] returns group-ADA4B3524C6C:java.util.concurrent.CompletableFuture@33694e99[Not completed]
2019-10-08 01:28:13,059 [pool-383-thread-1] INFO  impl.RaftServerImpl (RaftServerImpl.java:<init>(95)) - bd94d12f-2ccb-49d7-b498-60d4bd8bf369: new RaftServerImpl for group-ADA4B3524C6C:[bd94d12f-2ccb-49d7-b498-60d4bd8bf369:192.168.164.245:43098] with ContainerStateMachine:uninitialized
2019-10-08 01:28:13,059 [pool-383-thread-1] INFO  server.RaftServerConfigKeys (ConfUtils.java:logGet(43)) - raft.server.rpc.timeout.min = 5s (custom)
2019-10-08 01:28:13,060 [pool-383-thread-1] INFO  server.RaftServerConfigKeys (ConfUtils.java:logGet(43)) - raft.server.rpc.timeout.max = 5200ms (custom)
2019-10-08 01:28:13,060 [pool-383-thread-1] INFO  server.RaftServerConfigKeys (ConfUtils.java:logGet(43)) - raft.server.rpcslowness.timeout = 120s (custom)
2019-10-08 01:28:13,060 [pool-383-thread-1] INFO  server.RaftServerConfigKeys (ConfUtils.java:logGet(43)) - raft.server.sleep.deviation.threshold = 300 (default)
2019-10-08 01:28:13,060 [pool-383-thread-1] INFO  server.RaftServerConfigKeys (ConfUtils.java:logGet(43)) - raft.server.log.appender.install.snapshot.enabled = false (custom)
2019-10-08 01:28:13,060 [pool-383-thread-1] INFO  impl.RaftServerImpl (ServerState.java:<init>(103)) - bd94d12f-2ccb-49d7-b498-60d4bd8bf369@group-ADA4B3524C6C: ConfigurationManager, init=-1: [bd94d12f-2ccb-49d7-b498-60d4bd8bf369:192.168.164.245:43098], old=null, confs=<EMPTY_MAP>
2019-10-08 01:28:13,061 [pool-383-thread-1] INFO  server.RaftServerConfigKeys (ConfUtils.java:logGet(43)) - raft.server.storage.dir = [/workdir/hadoop-ozone/integration-test/target/test-dir/MiniOzoneClusterImpl-67ce7f06-f60a-4a96-b305-7bff22e95358/datanode-0/data/ratis] (custom)
2019-10-08 01:28:13,061 [pool-383-thread-1] INFO  server.RaftServerConfigKeys (ConfUtils.java:logGet(43)) - raft.server.log.corruption.policy = EXCEPTION (default)
2019-10-08 01:28:13,061 [pool-383-thread-1] INFO  storage.RaftStorageDirectory (RaftStorageDirectory.java:analyzeStorage(246)) - The storage directory /workdir/hadoop-ozone/integration-test/target/test-dir/MiniOzoneClusterImpl-67ce7f06-f60a-4a96-b305-7bff22e95358/datanode-0/data/ratis/aadd4049-2bd4-48e0-a0d6-ada4b3524c6c does not exist. Creating ...
2019-10-08 01:28:13,074 [pool-383-thread-1] INFO  storage.RaftStorageDirectory (RaftStorageDirectory.java:tryLock(328)) - Lock on /workdir/hadoop-ozone/integration-test/target/test-dir/MiniOzoneClusterImpl-67ce7f06-f60a-4a96-b305-7bff22e95358/datanode-0/data/ratis/aadd4049-2bd4-48e0-a0d6-ada4b3524c6c/in_use.lock acquired by nodename 14957@pr-hdds-2217-dx9m9-1464909746
2019-10-08 01:28:13,087 [pool-383-thread-1] INFO  storage.RaftStorage (RaftStorage.java:format(84)) - Storage directory /workdir/hadoop-ozone/integration-test/target/test-dir/MiniOzoneClusterImpl-67ce7f06-f60a-4a96-b305-7bff22e95358/datanode-0/data/ratis/aadd4049-2bd4-48e0-a0d6-ada4b3524c6c has been successfully formatted.
2019-10-08 01:28:13,088 [pool-383-thread-1] INFO  ratis.ContainerStateMachine (ContainerStateMachine.java:loadSnapshot(231)) - group-ADA4B3524C6C: The snapshot info is null. Setting the last applied indexto:(t:0, i:~)
2019-10-08 01:28:13,088 [pool-383-thread-1] INFO  server.RaftServerConfigKeys (ConfUtils.java:logGet(43)) - raft.server.notification.no-leader.timeout = 120s (custom)
2019-10-08 01:28:13,088 [pool-383-thread-1] INFO  server.RaftServerConfigKeys (ConfUtils.java:logGet(43)) - raft.server.log.use.memory = false (default)
2019-10-08 01:28:13,088 [pool-383-thread-1] INFO  server.RaftServerConfigKeys (ConfUtils.java:logGet(43)) - raft.server.log.purge.gap = 1000000 (custom)
2019-10-08 01:28:13,089 [pool-383-thread-1] INFO  server.RaftServerConfigKeys (ConfUtils.java:logGet(43)) - raft.server.log.appender.buffer.byte-limit = 33554432 (custom)
2019-10-08 01:28:13,089 [pool-383-thread-1] INFO  server.RaftServerConfigKeys (ConfUtils.java:logGet(43)) - raft.server.log.segment.size.max = 1048576 (custom)
2019-10-08 01:28:13,090 [IPC Server handler 5 on 37204] INFO  net.NetworkTopology (NetworkTopologyImpl.java:add(111)) - Added a new node: /default-rack/bc69bb28-5035-44eb-aa70-10d3ea24e6d9
2019-10-08 01:28:13,090 [IPC Server handler 5 on 37204] INFO  node.SCMNodeManager (SCMNodeManager.java:register(268)) - Registered Data node : bc69bb28-5035-44eb-aa70-10d3ea24e6d9{ip: 192.168.164.245, host: pr-hdds-2217-dx9m9-1464909746, networkLocation: /default-rack, certSerialId: null}
2019-10-08 01:28:13,091 [pool-383-thread-1] INFO  server.RaftServerConfigKeys (ConfUtils.java:logGet(43)) - raft.server.log.segment.cache.num.max = 2 (custom)
2019-10-08 01:28:13,091 [pool-383-thread-1] INFO  segmented.SegmentedRaftLogWorker (SegmentedRaftLogWorker.java:<init>(173)) - new bd94d12f-2ccb-49d7-b498-60d4bd8bf369@group-ADA4B3524C6C-SegmentedRaftLogWorker for RaftStorage:Storage Directory /workdir/hadoop-ozone/integration-test/target/test-dir/MiniOzoneClusterImpl-67ce7f06-f60a-4a96-b305-7bff22e95358/datanode-0/data/ratis/aadd4049-2bd4-48e0-a0d6-ada4b3524c6c
2019-10-08 01:28:13,091 [pool-383-thread-1] INFO  server.RaftServerConfigKeys (ConfUtils.java:logGet(43)) - raft.server.log.queue.byte-limit = 2147483647 (custom)
2019-10-08 01:28:13,092 [pool-383-thread-1] INFO  server.RaftServerConfigKeys (ConfUtils.java:logGet(43)) - raft.server.log.queue.element-limit = 1024 (custom)
2019-10-08 01:28:13,092 [pool-383-thread-1] INFO  server.RaftServerConfigKeys (ConfUtils.java:logGet(43)) - raft.server.log.segment.size.max = 1048576 (custom)
2019-10-08 01:28:13,092 [pool-383-thread-1] INFO  server.RaftServerConfigKeys (ConfUtils.java:logGet(43)) - raft.server.log.preallocated.size = 16384 (custom)
2019-10-08 01:28:13,092 [pool-383-thread-1] INFO  server.RaftServerConfigKeys (ConfUtils.java:logGet(43)) - raft.server.log.write.buffer.size = 33554432 (custom)
2019-10-08 01:28:13,092 [pool-383-thread-1] INFO  server.RaftServerConfigKeys (ConfUtils.java:logGet(43)) - raft.server.log.force.sync.num = 128 (default)
2019-10-08 01:28:13,092 [pool-383-thread-1] INFO  server.RaftServerConfigKeys (ConfUtils.java:logGet(43)) - raft.server.log.statemachine.data.sync = true (default)
2019-10-08 01:28:13,092 [pool-383-thread-1] INFO  server.RaftServerConfigKeys (ConfUtils.java:logGet(43)) - raft.server.log.statemachine.data.sync.timeout = 10s (default)
2019-10-08 01:28:13,093 [pool-383-thread-1] INFO  server.RaftServerConfigKeys (ConfUtils.java:logGet(43)) - raft.server.log.statemachine.data.sync.timeout.retry = -1 (default)
2019-10-08 01:28:13,093 [pool-383-thread-1] INFO  server.RaftServerConfigKeys (ConfUtils.java:logGet(43)) - raft.server.log.statemachine.data.caching.enabled = true (custom)
2019-10-08 01:28:13,094 [pool-383-thread-1] INFO  segmented.SegmentedRaftLogWorker (SegmentedRaftLogWorker.java:lambda$new$0(128)) - bd94d12f-2ccb-49d7-b498-60d4bd8bf369@group-ADA4B3524C6C-SegmentedRaftLogWorker: flushIndex: setUnconditionally 0 -> -1
2019-10-08 01:28:13,094 [pool-383-thread-1] INFO  server.RaftServerConfigKeys (ConfUtils.java:logGet(43)) - raft.server.snapshot.auto.trigger.enabled = true (custom)
2019-10-08 01:28:13,094 [pool-383-thread-1] INFO  server.RaftServerConfigKeys (ConfUtils.java:logGet(43)) - raft.server.snapshot.auto.trigger.threshold = 10000 (custom)
2019-10-08 01:28:13,094 [pool-383-thread-1] INFO  server.RaftServerConfigKeys (ConfUtils.java:logGet(43)) - raft.server.snapshot.retention.file.num = 5 (custom)
2019-10-08 01:28:13,095 [pool-383-thread-1] INFO  server.RaftServerConfigKeys (ConfUtils.java:logGet(43)) - raft.server.retrycache.expirytime = 600000ms (custom)
2019-10-08 01:28:13,096 [pool-383-thread-1] INFO  impl.RaftServerImpl (RaftServerImpl.java:start(181)) - bd94d12f-2ccb-49d7-b498-60d4bd8bf369@group-ADA4B3524C6C: start as a follower, conf=-1: [bd94d12f-2ccb-49d7-b498-60d4bd8bf369:192.168.164.245:43098], old=null
2019-10-08 01:28:13,096 [pool-383-thread-1] INFO  impl.RaftServerImpl (RaftServerImpl.java:setRole(170)) - bd94d12f-2ccb-49d7-b498-60d4bd8bf369@group-ADA4B3524C6C: changes role from      null to FOLLOWER at term 0 for startAsFollower
2019-10-08 01:28:13,096 [pool-383-thread-1] INFO  impl.RoleInfo (RoleInfo.java:updateAndGet(143)) - bd94d12f-2ccb-49d7-b498-60d4bd8bf369: start FollowerState
2019-10-08 01:28:13,097 [pool-383-thread-1] INFO  util.JmxRegister (JmxRegister.java:tryRegister(44)) - Successfully registered JMX Bean with object name Ratis:service=RaftServer,group=group-ADA4B3524C6C,id=bd94d12f-2ccb-49d7-b498-60d4bd8bf369
2019-10-08 01:28:13,102 [RatisPipelineUtilsThread] INFO  pipeline.PipelineStateManager (PipelineStateManager.java:addPipeline(56)) - Created pipeline Pipeline[ Id: aadd4049-2bd4-48e0-a0d6-ada4b3524c6c, Nodes: bd94d12f-2ccb-49d7-b498-60d4bd8bf369{ip: 192.168.164.245, host: pr-hdds-2217-dx9m9-1464909746, networkLocation: /default-rack, certSerialId: null}, Type:RATIS, Factor:ONE, State:OPEN]
2019-10-08 01:28:13,110 [grpc-default-executor-4] INFO  impl.RaftServerProxy (RaftServerProxy.java:addNew(89)) - bc69bb28-5035-44eb-aa70-10d3ea24e6d9: addNew group-EA758080F2C6:[bc69bb28-5035-44eb-aa70-10d3ea24e6d9:192.168.164.245:42173] returns group-EA758080F2C6:java.util.concurrent.CompletableFuture@1aacb66f[Not completed]
2019-10-08 01:28:13,112 [pool-393-thread-1] INFO  impl.RaftServerImpl (RaftServerImpl.java:<init>(95)) - bc69bb28-5035-44eb-aa70-10d3ea24e6d9: new RaftServerImpl for group-EA758080F2C6:[bc69bb28-5035-44eb-aa70-10d3ea24e6d9:192.168.164.245:42173] with ContainerStateMachine:uninitialized
2019-10-08 01:28:13,112 [pool-393-thread-1] INFO  server.RaftServerConfigKeys (ConfUtils.java:logGet(43)) - raft.server.rpc.timeout.min = 5s (custom)
2019-10-08 01:28:13,112 [pool-393-thread-1] INFO  server.RaftServerConfigKeys (ConfUtils.java:logGet(43)) - raft.server.rpc.timeout.max = 5200ms (custom)
2019-10-08 01:28:13,112 [pool-393-thread-1] INFO  server.RaftServerConfigKeys (ConfUtils.java:logGet(43)) - raft.server.rpcslowness.timeout = 120s (custom)
2019-10-08 01:28:13,112 [pool-393-thread-1] INFO  server.RaftServerConfigKeys (ConfUtils.java:logGet(43)) - raft.server.sleep.deviation.threshold = 300 (default)
2019-10-08 01:28:13,112 [pool-393-thread-1] INFO  server.RaftServerConfigKeys (ConfUtils.java:logGet(43)) - raft.server.log.appender.install.snapshot.enabled = false (custom)
2019-10-08 01:28:13,113 [pool-393-thread-1] INFO  impl.RaftServerImpl (ServerState.java:<init>(103)) - bc69bb28-5035-44eb-aa70-10d3ea24e6d9@group-EA758080F2C6: ConfigurationManager, init=-1: [bc69bb28-5035-44eb-aa70-10d3ea24e6d9:192.168.164.245:42173], old=null, confs=<EMPTY_MAP>
2019-10-08 01:28:13,113 [pool-393-thread-1] INFO  server.RaftServerConfigKeys (ConfUtils.java:logGet(43)) - raft.server.storage.dir = [/workdir/hadoop-ozone/integration-test/target/test-dir/MiniOzoneClusterImpl-67ce7f06-f60a-4a96-b305-7bff22e95358/datanode-1/data/ratis] (custom)
2019-10-08 01:28:13,113 [pool-393-thread-1] INFO  server.RaftServerConfigKeys (ConfUtils.java:logGet(43)) - raft.server.log.corruption.policy = EXCEPTION (default)
2019-10-08 01:28:13,113 [pool-393-thread-1] INFO  storage.RaftStorageDirectory (RaftStorageDirectory.java:analyzeStorage(246)) - The storage directory /workdir/hadoop-ozone/integration-test/target/test-dir/MiniOzoneClusterImpl-67ce7f06-f60a-4a96-b305-7bff22e95358/datanode-1/data/ratis/0a69c553-25a9-43ef-9ea9-ea758080f2c6 does not exist. Creating ...
2019-10-08 01:28:13,126 [pool-393-thread-1] INFO  storage.RaftStorageDirectory (RaftStorageDirectory.java:tryLock(328)) - Lock on /workdir/hadoop-ozone/integration-test/target/test-dir/MiniOzoneClusterImpl-67ce7f06-f60a-4a96-b305-7bff22e95358/datanode-1/data/ratis/0a69c553-25a9-43ef-9ea9-ea758080f2c6/in_use.lock acquired by nodename 14957@pr-hdds-2217-dx9m9-1464909746
2019-10-08 01:28:13,139 [pool-393-thread-1] INFO  storage.RaftStorage (RaftStorage.java:format(84)) - Storage directory /workdir/hadoop-ozone/integration-test/target/test-dir/MiniOzoneClusterImpl-67ce7f06-f60a-4a96-b305-7bff22e95358/datanode-1/data/ratis/0a69c553-25a9-43ef-9ea9-ea758080f2c6 has been successfully formatted.
2019-10-08 01:28:13,139 [pool-393-thread-1] INFO  ratis.ContainerStateMachine (ContainerStateMachine.java:loadSnapshot(231)) - group-EA758080F2C6: The snapshot info is null. Setting the last applied indexto:(t:0, i:~)
2019-10-08 01:28:13,139 [pool-393-thread-1] INFO  server.RaftServerConfigKeys (ConfUtils.java:logGet(43)) - raft.server.notification.no-leader.timeout = 120s (custom)
2019-10-08 01:28:13,139 [pool-393-thread-1] INFO  server.RaftServerConfigKeys (ConfUtils.java:logGet(43)) - raft.server.log.use.memory = false (default)
2019-10-08 01:28:13,139 [pool-393-thread-1] INFO  server.RaftServerConfigKeys (ConfUtils.java:logGet(43)) - raft.server.log.purge.gap = 1000000 (custom)
2019-10-08 01:28:13,139 [pool-393-thread-1] INFO  server.RaftServerConfigKeys (ConfUtils.java:logGet(43)) - raft.server.log.appender.buffer.byte-limit = 33554432 (custom)
2019-10-08 01:28:13,140 [pool-393-thread-1] INFO  server.RaftServerConfigKeys (ConfUtils.java:logGet(43)) - raft.server.log.segment.size.max = 1048576 (custom)
2019-10-08 01:28:13,141 [pool-393-thread-1] INFO  server.RaftServerConfigKeys (ConfUtils.java:logGet(43)) - raft.server.log.segment.cache.num.max = 2 (custom)
2019-10-08 01:28:13,141 [pool-393-thread-1] INFO  segmented.SegmentedRaftLogWorker (SegmentedRaftLogWorker.java:<init>(173)) - new bc69bb28-5035-44eb-aa70-10d3ea24e6d9@group-EA758080F2C6-SegmentedRaftLogWorker for RaftStorage:Storage Directory /workdir/hadoop-ozone/integration-test/target/test-dir/MiniOzoneClusterImpl-67ce7f06-f60a-4a96-b305-7bff22e95358/datanode-1/data/ratis/0a69c553-25a9-43ef-9ea9-ea758080f2c6
2019-10-08 01:28:13,141 [pool-393-thread-1] INFO  server.RaftServerConfigKeys (ConfUtils.java:logGet(43)) - raft.server.log.queue.byte-limit = 2147483647 (custom)
2019-10-08 01:28:13,141 [pool-393-thread-1] INFO  server.RaftServerConfigKeys (ConfUtils.java:logGet(43)) - raft.server.log.queue.element-limit = 1024 (custom)
2019-10-08 01:28:13,142 [pool-393-thread-1] INFO  server.RaftServerConfigKeys (ConfUtils.java:logGet(43)) - raft.server.log.segment.size.max = 1048576 (custom)
2019-10-08 01:28:13,142 [pool-393-thread-1] INFO  server.RaftServerConfigKeys (ConfUtils.java:logGet(43)) - raft.server.log.preallocated.size = 16384 (custom)
2019-10-08 01:28:13,142 [pool-393-thread-1] INFO  server.RaftServerConfigKeys (ConfUtils.java:logGet(43)) - raft.server.log.write.buffer.size = 33554432 (custom)
2019-10-08 01:28:13,142 [pool-393-thread-1] INFO  server.RaftServerConfigKeys (ConfUtils.java:logGet(43)) - raft.server.log.force.sync.num = 128 (default)
2019-10-08 01:28:13,142 [pool-393-thread-1] INFO  server.RaftServerConfigKeys (ConfUtils.java:logGet(43)) - raft.server.log.statemachine.data.sync = true (default)
2019-10-08 01:28:13,142 [pool-393-thread-1] INFO  server.RaftServerConfigKeys (ConfUtils.java:logGet(43)) - raft.server.log.statemachine.data.sync.timeout = 10s (default)
2019-10-08 01:28:13,142 [pool-393-thread-1] INFO  server.RaftServerConfigKeys (ConfUtils.java:logGet(43)) - raft.server.log.statemachine.data.sync.timeout.retry = -1 (default)
2019-10-08 01:28:13,143 [pool-393-thread-1] INFO  server.RaftServerConfigKeys (ConfUtils.java:logGet(43)) - raft.server.log.statemachine.data.caching.enabled = true (custom)
2019-10-08 01:28:13,143 [pool-393-thread-1] INFO  segmented.SegmentedRaftLogWorker (SegmentedRaftLogWorker.java:lambda$new$0(128)) - bc69bb28-5035-44eb-aa70-10d3ea24e6d9@group-EA758080F2C6-SegmentedRaftLogWorker: flushIndex: setUnconditionally 0 -> -1
2019-10-08 01:28:13,143 [pool-393-thread-1] INFO  server.RaftServerConfigKeys (ConfUtils.java:logGet(43)) - raft.server.snapshot.auto.trigger.enabled = true (custom)
2019-10-08 01:28:13,143 [pool-393-thread-1] INFO  server.RaftServerConfigKeys (ConfUtils.java:logGet(43)) - raft.server.snapshot.auto.trigger.threshold = 10000 (custom)
2019-10-08 01:28:13,143 [pool-393-thread-1] INFO  server.RaftServerConfigKeys (ConfUtils.java:logGet(43)) - raft.server.snapshot.retention.file.num = 5 (custom)
2019-10-08 01:28:13,144 [pool-393-thread-1] INFO  server.RaftServerConfigKeys (ConfUtils.java:logGet(43)) - raft.server.retrycache.expirytime = 600000ms (custom)
2019-10-08 01:28:13,147 [pool-393-thread-1] INFO  impl.RaftServerImpl (RaftServerImpl.java:start(181)) - bc69bb28-5035-44eb-aa70-10d3ea24e6d9@group-EA758080F2C6: start as a follower, conf=-1: [bc69bb28-5035-44eb-aa70-10d3ea24e6d9:192.168.164.245:42173], old=null
2019-10-08 01:28:13,147 [pool-393-thread-1] INFO  impl.RaftServerImpl (RaftServerImpl.java:setRole(170)) - bc69bb28-5035-44eb-aa70-10d3ea24e6d9@group-EA758080F2C6: changes role from      null to FOLLOWER at term 0 for startAsFollower
2019-10-08 01:28:13,147 [pool-393-thread-1] INFO  impl.RoleInfo (RoleInfo.java:updateAndGet(143)) - bc69bb28-5035-44eb-aa70-10d3ea24e6d9: start FollowerState
2019-10-08 01:28:13,148 [pool-393-thread-1] INFO  util.JmxRegister (JmxRegister.java:tryRegister(44)) - Successfully registered JMX Bean with object name Ratis:service=RaftServer,group=group-EA758080F2C6,id=bc69bb28-5035-44eb-aa70-10d3ea24e6d9
2019-10-08 01:28:13,152 [RatisPipelineUtilsThread] INFO  pipeline.PipelineStateManager (PipelineStateManager.java:addPipeline(56)) - Created pipeline Pipeline[ Id: 0a69c553-25a9-43ef-9ea9-ea758080f2c6, Nodes: bc69bb28-5035-44eb-aa70-10d3ea24e6d9{ip: 192.168.164.245, host: pr-hdds-2217-dx9m9-1464909746, networkLocation: /default-rack, certSerialId: null}, Type:RATIS, Factor:ONE, State:OPEN]
2019-10-08 01:28:13,154 [IPC Server handler 6 on 37204] INFO  net.NetworkTopology (NetworkTopologyImpl.java:add(111)) - Added a new node: /default-rack/359b1709-126a-4c21-8d4f-e4e0c5c9b498
2019-10-08 01:28:13,154 [IPC Server handler 6 on 37204] INFO  node.SCMNodeManager (SCMNodeManager.java:register(268)) - Registered Data node : 359b1709-126a-4c21-8d4f-e4e0c5c9b498{ip: 192.168.164.245, host: pr-hdds-2217-dx9m9-1464909746, networkLocation: /default-rack, certSerialId: null}
2019-10-08 01:28:13,164 [grpc-default-executor-4] INFO  impl.RaftServerProxy (RaftServerProxy.java:addNew(89)) - 359b1709-126a-4c21-8d4f-e4e0c5c9b498: addNew group-EEFE4656691C:[359b1709-126a-4c21-8d4f-e4e0c5c9b498:192.168.164.245:40396] returns group-EEFE4656691C:java.util.concurrent.CompletableFuture@32b81ebd[Not completed]
2019-10-08 01:28:13,166 [pool-403-thread-1] INFO  impl.RaftServerImpl (RaftServerImpl.java:<init>(95)) - 359b1709-126a-4c21-8d4f-e4e0c5c9b498: new RaftServerImpl for group-EEFE4656691C:[359b1709-126a-4c21-8d4f-e4e0c5c9b498:192.168.164.245:40396] with ContainerStateMachine:uninitialized
2019-10-08 01:28:13,166 [pool-403-thread-1] INFO  server.RaftServerConfigKeys (ConfUtils.java:logGet(43)) - raft.server.rpc.timeout.min = 5s (custom)
2019-10-08 01:28:13,166 [pool-403-thread-1] INFO  server.RaftServerConfigKeys (ConfUtils.java:logGet(43)) - raft.server.rpc.timeout.max = 5200ms (custom)
2019-10-08 01:28:13,166 [pool-403-thread-1] INFO  server.RaftServerConfigKeys (ConfUtils.java:logGet(43)) - raft.server.rpcslowness.timeout = 120s (custom)
2019-10-08 01:28:13,166 [pool-403-thread-1] INFO  server.RaftServerConfigKeys (ConfUtils.java:logGet(43)) - raft.server.sleep.deviation.threshold = 300 (default)
2019-10-08 01:28:13,167 [pool-403-thread-1] INFO  server.RaftServerConfigKeys (ConfUtils.java:logGet(43)) - raft.server.log.appender.install.snapshot.enabled = false (custom)
2019-10-08 01:28:13,167 [pool-403-thread-1] INFO  impl.RaftServerImpl (ServerState.java:<init>(103)) - 359b1709-126a-4c21-8d4f-e4e0c5c9b498@group-EEFE4656691C: ConfigurationManager, init=-1: [359b1709-126a-4c21-8d4f-e4e0c5c9b498:192.168.164.245:40396], old=null, confs=<EMPTY_MAP>
2019-10-08 01:28:13,167 [pool-403-thread-1] INFO  server.RaftServerConfigKeys (ConfUtils.java:logGet(43)) - raft.server.storage.dir = [/workdir/hadoop-ozone/integration-test/target/test-dir/MiniOzoneClusterImpl-67ce7f06-f60a-4a96-b305-7bff22e95358/datanode-2/data/ratis] (custom)
2019-10-08 01:28:13,167 [pool-403-thread-1] INFO  server.RaftServerConfigKeys (ConfUtils.java:logGet(43)) - raft.server.log.corruption.policy = EXCEPTION (default)
2019-10-08 01:28:13,167 [pool-403-thread-1] INFO  storage.RaftStorageDirectory (RaftStorageDirectory.java:analyzeStorage(246)) - The storage directory /workdir/hadoop-ozone/integration-test/target/test-dir/MiniOzoneClusterImpl-67ce7f06-f60a-4a96-b305-7bff22e95358/datanode-2/data/ratis/bf445379-2931-480e-a3ea-eefe4656691c does not exist. Creating ...
2019-10-08 01:28:13,188 [pool-403-thread-1] INFO  storage.RaftStorageDirectory (RaftStorageDirectory.java:tryLock(328)) - Lock on /workdir/hadoop-ozone/integration-test/target/test-dir/MiniOzoneClusterImpl-67ce7f06-f60a-4a96-b305-7bff22e95358/datanode-2/data/ratis/bf445379-2931-480e-a3ea-eefe4656691c/in_use.lock acquired by nodename 14957@pr-hdds-2217-dx9m9-1464909746
2019-10-08 01:28:13,201 [pool-403-thread-1] INFO  storage.RaftStorage (RaftStorage.java:format(84)) - Storage directory /workdir/hadoop-ozone/integration-test/target/test-dir/MiniOzoneClusterImpl-67ce7f06-f60a-4a96-b305-7bff22e95358/datanode-2/data/ratis/bf445379-2931-480e-a3ea-eefe4656691c has been successfully formatted.
2019-10-08 01:28:13,201 [pool-403-thread-1] INFO  ratis.ContainerStateMachine (ContainerStateMachine.java:loadSnapshot(231)) - group-EEFE4656691C: The snapshot info is null. Setting the last applied indexto:(t:0, i:~)
2019-10-08 01:28:13,201 [pool-403-thread-1] INFO  server.RaftServerConfigKeys (ConfUtils.java:logGet(43)) - raft.server.notification.no-leader.timeout = 120s (custom)
2019-10-08 01:28:13,201 [pool-403-thread-1] INFO  server.RaftServerConfigKeys (ConfUtils.java:logGet(43)) - raft.server.log.use.memory = false (default)
2019-10-08 01:28:13,201 [pool-403-thread-1] INFO  server.RaftServerConfigKeys (ConfUtils.java:logGet(43)) - raft.server.log.purge.gap = 1000000 (custom)
2019-10-08 01:28:13,202 [pool-403-thread-1] INFO  server.RaftServerConfigKeys (ConfUtils.java:logGet(43)) - raft.server.log.appender.buffer.byte-limit = 33554432 (custom)
2019-10-08 01:28:13,202 [pool-403-thread-1] INFO  server.RaftServerConfigKeys (ConfUtils.java:logGet(43)) - raft.server.log.segment.size.max = 1048576 (custom)
2019-10-08 01:28:13,203 [pool-403-thread-1] INFO  server.RaftServerConfigKeys (ConfUtils.java:logGet(43)) - raft.server.log.segment.cache.num.max = 2 (custom)
2019-10-08 01:28:13,203 [pool-403-thread-1] INFO  segmented.SegmentedRaftLogWorker (SegmentedRaftLogWorker.java:<init>(173)) - new 359b1709-126a-4c21-8d4f-e4e0c5c9b498@group-EEFE4656691C-SegmentedRaftLogWorker for RaftStorage:Storage Directory /workdir/hadoop-ozone/integration-test/target/test-dir/MiniOzoneClusterImpl-67ce7f06-f60a-4a96-b305-7bff22e95358/datanode-2/data/ratis/bf445379-2931-480e-a3ea-eefe4656691c
2019-10-08 01:28:13,203 [pool-403-thread-1] INFO  server.RaftServerConfigKeys (ConfUtils.java:logGet(43)) - raft.server.log.queue.byte-limit = 2147483647 (custom)
2019-10-08 01:28:13,204 [pool-403-thread-1] INFO  server.RaftServerConfigKeys (ConfUtils.java:logGet(43)) - raft.server.log.queue.element-limit = 1024 (custom)
2019-10-08 01:28:13,204 [pool-403-thread-1] INFO  server.RaftServerConfigKeys (ConfUtils.java:logGet(43)) - raft.server.log.segment.size.max = 1048576 (custom)
2019-10-08 01:28:13,204 [pool-403-thread-1] INFO  server.RaftServerConfigKeys (ConfUtils.java:logGet(43)) - raft.server.log.preallocated.size = 16384 (custom)
2019-10-08 01:28:13,204 [pool-403-thread-1] INFO  server.RaftServerConfigKeys (ConfUtils.java:logGet(43)) - raft.server.log.write.buffer.size = 33554432 (custom)
2019-10-08 01:28:13,204 [pool-403-thread-1] INFO  server.RaftServerConfigKeys (ConfUtils.java:logGet(43)) - raft.server.log.force.sync.num = 128 (default)
2019-10-08 01:28:13,204 [pool-403-thread-1] INFO  server.RaftServerConfigKeys (ConfUtils.java:logGet(43)) - raft.server.log.statemachine.data.sync = true (default)
2019-10-08 01:28:13,204 [pool-403-thread-1] INFO  server.RaftServerConfigKeys (ConfUtils.java:logGet(43)) - raft.server.log.statemachine.data.sync.timeout = 10s (default)
2019-10-08 01:28:13,204 [pool-403-thread-1] INFO  server.RaftServerConfigKeys (ConfUtils.java:logGet(43)) - raft.server.log.statemachine.data.sync.timeout.retry = -1 (default)
2019-10-08 01:28:13,205 [pool-403-thread-1] INFO  server.RaftServerConfigKeys (ConfUtils.java:logGet(43)) - raft.server.log.statemachine.data.caching.enabled = true (custom)
2019-10-08 01:28:13,205 [pool-403-thread-1] INFO  segmented.SegmentedRaftLogWorker (SegmentedRaftLogWorker.java:lambda$new$0(128)) - 359b1709-126a-4c21-8d4f-e4e0c5c9b498@group-EEFE4656691C-SegmentedRaftLogWorker: flushIndex: setUnconditionally 0 -> -1
2019-10-08 01:28:13,205 [pool-403-thread-1] INFO  server.RaftServerConfigKeys (ConfUtils.java:logGet(43)) - raft.server.snapshot.auto.trigger.enabled = true (custom)
2019-10-08 01:28:13,205 [pool-403-thread-1] INFO  server.RaftServerConfigKeys (ConfUtils.java:logGet(43)) - raft.server.snapshot.auto.trigger.threshold = 10000 (custom)
2019-10-08 01:28:13,205 [pool-403-thread-1] INFO  server.RaftServerConfigKeys (ConfUtils.java:logGet(43)) - raft.server.snapshot.retention.file.num = 5 (custom)
2019-10-08 01:28:13,205 [pool-403-thread-1] INFO  server.RaftServerConfigKeys (ConfUtils.java:logGet(43)) - raft.server.retrycache.expirytime = 600000ms (custom)
2019-10-08 01:28:13,207 [pool-403-thread-1] INFO  impl.RaftServerImpl (RaftServerImpl.java:start(181)) - 359b1709-126a-4c21-8d4f-e4e0c5c9b498@group-EEFE4656691C: start as a follower, conf=-1: [359b1709-126a-4c21-8d4f-e4e0c5c9b498:192.168.164.245:40396], old=null
2019-10-08 01:28:13,207 [pool-403-thread-1] INFO  impl.RaftServerImpl (RaftServerImpl.java:setRole(170)) - 359b1709-126a-4c21-8d4f-e4e0c5c9b498@group-EEFE4656691C: changes role from      null to FOLLOWER at term 0 for startAsFollower
2019-10-08 01:28:13,207 [pool-403-thread-1] INFO  impl.RoleInfo (RoleInfo.java:updateAndGet(143)) - 359b1709-126a-4c21-8d4f-e4e0c5c9b498: start FollowerState
2019-10-08 01:28:13,208 [pool-403-thread-1] INFO  util.JmxRegister (JmxRegister.java:tryRegister(44)) - Successfully registered JMX Bean with object name Ratis:service=RaftServer,group=group-EEFE4656691C,id=359b1709-126a-4c21-8d4f-e4e0c5c9b498
2019-10-08 01:28:13,211 [RatisPipelineUtilsThread] INFO  pipeline.PipelineStateManager (PipelineStateManager.java:addPipeline(56)) - Created pipeline Pipeline[ Id: bf445379-2931-480e-a3ea-eefe4656691c, Nodes: 359b1709-126a-4c21-8d4f-e4e0c5c9b498{ip: 192.168.164.245, host: pr-hdds-2217-dx9m9-1464909746, networkLocation: /default-rack, certSerialId: null}, Type:RATIS, Factor:ONE, State:OPEN]
2019-10-08 01:28:13,221 [IPC Server handler 1 on 37204] INFO  net.NetworkTopology (NetworkTopologyImpl.java:add(111)) - Added a new node: /default-rack/3f617019-c937-4338-8149-b716bc6ee21a
2019-10-08 01:28:13,223 [IPC Server handler 1 on 37204] INFO  node.SCMNodeManager (SCMNodeManager.java:register(268)) - Registered Data node : 3f617019-c937-4338-8149-b716bc6ee21a{ip: 192.168.164.245, host: pr-hdds-2217-dx9m9-1464909746, networkLocation: /default-rack, certSerialId: null}
2019-10-08 01:28:13,227 [grpc-default-executor-2] INFO  impl.RaftServerProxy (RaftServerProxy.java:addNew(89)) - bd94d12f-2ccb-49d7-b498-60d4bd8bf369: addNew group-9D1B76DF5C11:[bc69bb28-5035-44eb-aa70-10d3ea24e6d9:192.168.164.245:42173, bd94d12f-2ccb-49d7-b498-60d4bd8bf369:192.168.164.245:43098, 359b1709-126a-4c21-8d4f-e4e0c5c9b498:192.168.164.245:40396] returns group-9D1B76DF5C11:java.util.concurrent.CompletableFuture@2d7cb9f7[Not completed]
2019-10-08 01:28:13,227 [grpc-default-executor-1] INFO  impl.RaftServerProxy (RaftServerProxy.java:addNew(89)) - 359b1709-126a-4c21-8d4f-e4e0c5c9b498: addNew group-9D1B76DF5C11:[bc69bb28-5035-44eb-aa70-10d3ea24e6d9:192.168.164.245:42173, bd94d12f-2ccb-49d7-b498-60d4bd8bf369:192.168.164.245:43098, 359b1709-126a-4c21-8d4f-e4e0c5c9b498:192.168.164.245:40396] returns group-9D1B76DF5C11:java.util.concurrent.CompletableFuture@4bd827a7[Not completed]
2019-10-08 01:28:13,228 [grpc-default-executor-4] INFO  impl.RaftServerProxy (RaftServerProxy.java:addNew(89)) - bc69bb28-5035-44eb-aa70-10d3ea24e6d9: addNew group-9D1B76DF5C11:[bc69bb28-5035-44eb-aa70-10d3ea24e6d9:192.168.164.245:42173, bd94d12f-2ccb-49d7-b498-60d4bd8bf369:192.168.164.245:43098, 359b1709-126a-4c21-8d4f-e4e0c5c9b498:192.168.164.245:40396] returns group-9D1B76DF5C11:java.util.concurrent.CompletableFuture@6fc37fd3[Not completed]
2019-10-08 01:28:13,228 [pool-403-thread-1] INFO  impl.RaftServerImpl (RaftServerImpl.java:<init>(95)) - 359b1709-126a-4c21-8d4f-e4e0c5c9b498: new RaftServerImpl for group-9D1B76DF5C11:[bc69bb28-5035-44eb-aa70-10d3ea24e6d9:192.168.164.245:42173, bd94d12f-2ccb-49d7-b498-60d4bd8bf369:192.168.164.245:43098, 359b1709-126a-4c21-8d4f-e4e0c5c9b498:192.168.164.245:40396] with ContainerStateMachine:uninitialized
2019-10-08 01:28:13,229 [pool-403-thread-1] INFO  server.RaftServerConfigKeys (ConfUtils.java:logGet(43)) - raft.server.rpc.timeout.min = 5s (custom)
2019-10-08 01:28:13,229 [pool-403-thread-1] INFO  server.RaftServerConfigKeys (ConfUtils.java:logGet(43)) - raft.server.rpc.timeout.max = 5200ms (custom)
2019-10-08 01:28:13,229 [pool-403-thread-1] INFO  server.RaftServerConfigKeys (ConfUtils.java:logGet(43)) - raft.server.rpcslowness.timeout = 120s (custom)
2019-10-08 01:28:13,229 [pool-403-thread-1] INFO  server.RaftServerConfigKeys (ConfUtils.java:logGet(43)) - raft.server.sleep.deviation.threshold = 300 (default)
2019-10-08 01:28:13,229 [pool-403-thread-1] INFO  server.RaftServerConfigKeys (ConfUtils.java:logGet(43)) - raft.server.log.appender.install.snapshot.enabled = false (custom)
2019-10-08 01:28:13,229 [pool-393-thread-1] INFO  impl.RaftServerImpl (RaftServerImpl.java:<init>(95)) - bc69bb28-5035-44eb-aa70-10d3ea24e6d9: new RaftServerImpl for group-9D1B76DF5C11:[bc69bb28-5035-44eb-aa70-10d3ea24e6d9:192.168.164.245:42173, bd94d12f-2ccb-49d7-b498-60d4bd8bf369:192.168.164.245:43098, 359b1709-126a-4c21-8d4f-e4e0c5c9b498:192.168.164.245:40396] with ContainerStateMachine:uninitialized
2019-10-08 01:28:13,229 [pool-403-thread-1] INFO  impl.RaftServerImpl (ServerState.java:<init>(103)) - 359b1709-126a-4c21-8d4f-e4e0c5c9b498@group-9D1B76DF5C11: ConfigurationManager, init=-1: [bc69bb28-5035-44eb-aa70-10d3ea24e6d9:192.168.164.245:42173, bd94d12f-2ccb-49d7-b498-60d4bd8bf369:192.168.164.245:43098, 359b1709-126a-4c21-8d4f-e4e0c5c9b498:192.168.164.245:40396], old=null, confs=<EMPTY_MAP>
2019-10-08 01:28:13,229 [pool-393-thread-1] INFO  server.RaftServerConfigKeys (ConfUtils.java:logGet(43)) - raft.server.rpc.timeout.min = 5s (custom)
2019-10-08 01:28:13,229 [pool-403-thread-1] INFO  server.RaftServerConfigKeys (ConfUtils.java:logGet(43)) - raft.server.storage.dir = [/workdir/hadoop-ozone/integration-test/target/test-dir/MiniOzoneClusterImpl-67ce7f06-f60a-4a96-b305-7bff22e95358/datanode-2/data/ratis] (custom)
2019-10-08 01:28:13,229 [pool-393-thread-1] INFO  server.RaftServerConfigKeys (ConfUtils.java:logGet(43)) - raft.server.rpc.timeout.max = 5200ms (custom)
2019-10-08 01:28:13,229 [pool-383-thread-1] INFO  impl.RaftServerImpl (RaftServerImpl.java:<init>(95)) - bd94d12f-2ccb-49d7-b498-60d4bd8bf369: new RaftServerImpl for group-9D1B76DF5C11:[bc69bb28-5035-44eb-aa70-10d3ea24e6d9:192.168.164.245:42173, bd94d12f-2ccb-49d7-b498-60d4bd8bf369:192.168.164.245:43098, 359b1709-126a-4c21-8d4f-e4e0c5c9b498:192.168.164.245:40396] with ContainerStateMachine:uninitialized
2019-10-08 01:28:13,230 [pool-403-thread-1] INFO  server.RaftServerConfigKeys (ConfUtils.java:logGet(43)) - raft.server.log.corruption.policy = EXCEPTION (default)
2019-10-08 01:28:13,229 [pool-393-thread-1] INFO  server.RaftServerConfigKeys (ConfUtils.java:logGet(43)) - raft.server.rpcslowness.timeout = 120s (custom)
2019-10-08 01:28:13,230 [pool-383-thread-1] INFO  server.RaftServerConfigKeys (ConfUtils.java:logGet(43)) - raft.server.rpc.timeout.min = 5s (custom)
2019-10-08 01:28:13,230 [pool-393-thread-1] INFO  server.RaftServerConfigKeys (ConfUtils.java:logGet(43)) - raft.server.sleep.deviation.threshold = 300 (default)
2019-10-08 01:28:13,230 [pool-403-thread-1] INFO  storage.RaftStorageDirectory (RaftStorageDirectory.java:analyzeStorage(246)) - The storage directory /workdir/hadoop-ozone/integration-test/target/test-dir/MiniOzoneClusterImpl-67ce7f06-f60a-4a96-b305-7bff22e95358/datanode-2/data/ratis/0e6081c5-8060-40f2-8fae-9d1b76df5c11 does not exist. Creating ...
2019-10-08 01:28:13,230 [pool-393-thread-1] INFO  server.RaftServerConfigKeys (ConfUtils.java:logGet(43)) - raft.server.log.appender.install.snapshot.enabled = false (custom)
2019-10-08 01:28:13,230 [pool-383-thread-1] INFO  server.RaftServerConfigKeys (ConfUtils.java:logGet(43)) - raft.server.rpc.timeout.max = 5200ms (custom)
2019-10-08 01:28:13,230 [pool-393-thread-1] INFO  impl.RaftServerImpl (ServerState.java:<init>(103)) - bc69bb28-5035-44eb-aa70-10d3ea24e6d9@group-9D1B76DF5C11: ConfigurationManager, init=-1: [bc69bb28-5035-44eb-aa70-10d3ea24e6d9:192.168.164.245:42173, bd94d12f-2ccb-49d7-b498-60d4bd8bf369:192.168.164.245:43098, 359b1709-126a-4c21-8d4f-e4e0c5c9b498:192.168.164.245:40396], old=null, confs=<EMPTY_MAP>
2019-10-08 01:28:13,230 [pool-383-thread-1] INFO  server.RaftServerConfigKeys (ConfUtils.java:logGet(43)) - raft.server.rpcslowness.timeout = 120s (custom)
2019-10-08 01:28:13,230 [pool-393-thread-1] INFO  server.RaftServerConfigKeys (ConfUtils.java:logGet(43)) - raft.server.storage.dir = [/workdir/hadoop-ozone/integration-test/target/test-dir/MiniOzoneClusterImpl-67ce7f06-f60a-4a96-b305-7bff22e95358/datanode-1/data/ratis] (custom)
2019-10-08 01:28:13,230 [pool-383-thread-1] INFO  server.RaftServerConfigKeys (ConfUtils.java:logGet(43)) - raft.server.sleep.deviation.threshold = 300 (default)
2019-10-08 01:28:13,230 [pool-383-thread-1] INFO  server.RaftServerConfigKeys (ConfUtils.java:logGet(43)) - raft.server.log.appender.install.snapshot.enabled = false (custom)
2019-10-08 01:28:13,230 [pool-393-thread-1] INFO  server.RaftServerConfigKeys (ConfUtils.java:logGet(43)) - raft.server.log.corruption.policy = EXCEPTION (default)
2019-10-08 01:28:13,231 [pool-383-thread-1] INFO  impl.RaftServerImpl (ServerState.java:<init>(103)) - bd94d12f-2ccb-49d7-b498-60d4bd8bf369@group-9D1B76DF5C11: ConfigurationManager, init=-1: [bc69bb28-5035-44eb-aa70-10d3ea24e6d9:192.168.164.245:42173, bd94d12f-2ccb-49d7-b498-60d4bd8bf369:192.168.164.245:43098, 359b1709-126a-4c21-8d4f-e4e0c5c9b498:192.168.164.245:40396], old=null, confs=<EMPTY_MAP>
2019-10-08 01:28:13,231 [pool-393-thread-1] INFO  storage.RaftStorageDirectory (RaftStorageDirectory.java:analyzeStorage(246)) - The storage directory /workdir/hadoop-ozone/integration-test/target/test-dir/MiniOzoneClusterImpl-67ce7f06-f60a-4a96-b305-7bff22e95358/datanode-1/data/ratis/0e6081c5-8060-40f2-8fae-9d1b76df5c11 does not exist. Creating ...
2019-10-08 01:28:13,231 [pool-383-thread-1] INFO  server.RaftServerConfigKeys (ConfUtils.java:logGet(43)) - raft.server.storage.dir = [/workdir/hadoop-ozone/integration-test/target/test-dir/MiniOzoneClusterImpl-67ce7f06-f60a-4a96-b305-7bff22e95358/datanode-0/data/ratis] (custom)
2019-10-08 01:28:13,231 [pool-383-thread-1] INFO  server.RaftServerConfigKeys (ConfUtils.java:logGet(43)) - raft.server.log.corruption.policy = EXCEPTION (default)
2019-10-08 01:28:13,231 [pool-383-thread-1] INFO  storage.RaftStorageDirectory (RaftStorageDirectory.java:analyzeStorage(246)) - The storage directory /workdir/hadoop-ozone/integration-test/target/test-dir/MiniOzoneClusterImpl-67ce7f06-f60a-4a96-b305-7bff22e95358/datanode-0/data/ratis/0e6081c5-8060-40f2-8fae-9d1b76df5c11 does not exist. Creating ...
2019-10-08 01:28:13,243 [pool-383-thread-1] INFO  storage.RaftStorageDirectory (RaftStorageDirectory.java:tryLock(328)) - Lock on /workdir/hadoop-ozone/integration-test/target/test-dir/MiniOzoneClusterImpl-67ce7f06-f60a-4a96-b305-7bff22e95358/datanode-0/data/ratis/0e6081c5-8060-40f2-8fae-9d1b76df5c11/in_use.lock acquired by nodename 14957@pr-hdds-2217-dx9m9-1464909746
2019-10-08 01:28:13,243 [pool-403-thread-1] INFO  storage.RaftStorageDirectory (RaftStorageDirectory.java:tryLock(328)) - Lock on /workdir/hadoop-ozone/integration-test/target/test-dir/MiniOzoneClusterImpl-67ce7f06-f60a-4a96-b305-7bff22e95358/datanode-2/data/ratis/0e6081c5-8060-40f2-8fae-9d1b76df5c11/in_use.lock acquired by nodename 14957@pr-hdds-2217-dx9m9-1464909746
2019-10-08 01:28:13,243 [pool-393-thread-1] INFO  storage.RaftStorageDirectory (RaftStorageDirectory.java:tryLock(328)) - Lock on /workdir/hadoop-ozone/integration-test/target/test-dir/MiniOzoneClusterImpl-67ce7f06-f60a-4a96-b305-7bff22e95358/datanode-1/data/ratis/0e6081c5-8060-40f2-8fae-9d1b76df5c11/in_use.lock acquired by nodename 14957@pr-hdds-2217-dx9m9-1464909746
2019-10-08 01:28:13,268 [pool-403-thread-1] INFO  storage.RaftStorage (RaftStorage.java:format(84)) - Storage directory /workdir/hadoop-ozone/integration-test/target/test-dir/MiniOzoneClusterImpl-67ce7f06-f60a-4a96-b305-7bff22e95358/datanode-2/data/ratis/0e6081c5-8060-40f2-8fae-9d1b76df5c11 has been successfully formatted.
2019-10-08 01:28:13,268 [pool-393-thread-1] INFO  storage.RaftStorage (RaftStorage.java:format(84)) - Storage directory /workdir/hadoop-ozone/integration-test/target/test-dir/MiniOzoneClusterImpl-67ce7f06-f60a-4a96-b305-7bff22e95358/datanode-1/data/ratis/0e6081c5-8060-40f2-8fae-9d1b76df5c11 has been successfully formatted.
2019-10-08 01:28:13,268 [pool-383-thread-1] INFO  storage.RaftStorage (RaftStorage.java:format(84)) - Storage directory /workdir/hadoop-ozone/integration-test/target/test-dir/MiniOzoneClusterImpl-67ce7f06-f60a-4a96-b305-7bff22e95358/datanode-0/data/ratis/0e6081c5-8060-40f2-8fae-9d1b76df5c11 has been successfully formatted.
2019-10-08 01:28:13,269 [pool-393-thread-1] INFO  ratis.ContainerStateMachine (ContainerStateMachine.java:loadSnapshot(231)) - group-9D1B76DF5C11: The snapshot info is null. Setting the last applied indexto:(t:0, i:~)
2019-10-08 01:28:13,269 [pool-403-thread-1] INFO  ratis.ContainerStateMachine (ContainerStateMachine.java:loadSnapshot(231)) - group-9D1B76DF5C11: The snapshot info is null. Setting the last applied indexto:(t:0, i:~)
2019-10-08 01:28:13,269 [pool-383-thread-1] INFO  ratis.ContainerStateMachine (ContainerStateMachine.java:loadSnapshot(231)) - group-9D1B76DF5C11: The snapshot info is null. Setting the last applied indexto:(t:0, i:~)
2019-10-08 01:28:13,269 [pool-393-thread-1] INFO  server.RaftServerConfigKeys (ConfUtils.java:logGet(43)) - raft.server.notification.no-leader.timeout = 120s (custom)
2019-10-08 01:28:13,269 [pool-383-thread-1] INFO  server.RaftServerConfigKeys (ConfUtils.java:logGet(43)) - raft.server.notification.no-leader.timeout = 120s (custom)
2019-10-08 01:28:13,269 [pool-403-thread-1] INFO  server.RaftServerConfigKeys (ConfUtils.java:logGet(43)) - raft.server.notification.no-leader.timeout = 120s (custom)
2019-10-08 01:28:13,269 [pool-383-thread-1] INFO  server.RaftServerConfigKeys (ConfUtils.java:logGet(43)) - raft.server.log.use.memory = false (default)
2019-10-08 01:28:13,269 [pool-393-thread-1] INFO  server.RaftServerConfigKeys (ConfUtils.java:logGet(43)) - raft.server.log.use.memory = false (default)
2019-10-08 01:28:13,270 [pool-383-thread-1] INFO  server.RaftServerConfigKeys (ConfUtils.java:logGet(43)) - raft.server.log.purge.gap = 1000000 (custom)
2019-10-08 01:28:13,270 [pool-403-thread-1] INFO  server.RaftServerConfigKeys (ConfUtils.java:logGet(43)) - raft.server.log.use.memory = false (default)
2019-10-08 01:28:13,270 [pool-383-thread-1] INFO  server.RaftServerConfigKeys (ConfUtils.java:logGet(43)) - raft.server.log.appender.buffer.byte-limit = 33554432 (custom)
2019-10-08 01:28:13,270 [pool-393-thread-1] INFO  server.RaftServerConfigKeys (ConfUtils.java:logGet(43)) - raft.server.log.purge.gap = 1000000 (custom)
2019-10-08 01:28:13,270 [pool-383-thread-1] INFO  server.RaftServerConfigKeys (ConfUtils.java:logGet(43)) - raft.server.log.segment.size.max = 1048576 (custom)
2019-10-08 01:28:13,270 [pool-403-thread-1] INFO  server.RaftServerConfigKeys (ConfUtils.java:logGet(43)) - raft.server.log.purge.gap = 1000000 (custom)
2019-10-08 01:28:13,271 [pool-383-thread-1] INFO  server.RaftServerConfigKeys (ConfUtils.java:logGet(43)) - raft.server.log.segment.cache.num.max = 2 (custom)
2019-10-08 01:28:13,270 [pool-393-thread-1] INFO  server.RaftServerConfigKeys (ConfUtils.java:logGet(43)) - raft.server.log.appender.buffer.byte-limit = 33554432 (custom)
2019-10-08 01:28:13,271 [pool-383-thread-1] INFO  segmented.SegmentedRaftLogWorker (SegmentedRaftLogWorker.java:<init>(173)) - new bd94d12f-2ccb-49d7-b498-60d4bd8bf369@group-9D1B76DF5C11-SegmentedRaftLogWorker for RaftStorage:Storage Directory /workdir/hadoop-ozone/integration-test/target/test-dir/MiniOzoneClusterImpl-67ce7f06-f60a-4a96-b305-7bff22e95358/datanode-0/data/ratis/0e6081c5-8060-40f2-8fae-9d1b76df5c11
2019-10-08 01:28:13,271 [pool-403-thread-1] INFO  server.RaftServerConfigKeys (ConfUtils.java:logGet(43)) - raft.server.log.appender.buffer.byte-limit = 33554432 (custom)
2019-10-08 01:28:13,271 [pool-383-thread-1] INFO  server.RaftServerConfigKeys (ConfUtils.java:logGet(43)) - raft.server.log.queue.byte-limit = 2147483647 (custom)
2019-10-08 01:28:13,271 [pool-393-thread-1] INFO  server.RaftServerConfigKeys (ConfUtils.java:logGet(43)) - raft.server.log.segment.size.max = 1048576 (custom)
2019-10-08 01:28:13,271 [pool-383-thread-1] INFO  server.RaftServerConfigKeys (ConfUtils.java:logGet(43)) - raft.server.log.queue.element-limit = 1024 (custom)
2019-10-08 01:28:13,271 [pool-403-thread-1] INFO  server.RaftServerConfigKeys (ConfUtils.java:logGet(43)) - raft.server.log.segment.size.max = 1048576 (custom)
2019-10-08 01:28:13,272 [pool-383-thread-1] INFO  server.RaftServerConfigKeys (ConfUtils.java:logGet(43)) - raft.server.log.segment.size.max = 1048576 (custom)
2019-10-08 01:28:13,271 [pool-393-thread-1] INFO  server.RaftServerConfigKeys (ConfUtils.java:logGet(43)) - raft.server.log.segment.cache.num.max = 2 (custom)
2019-10-08 01:28:13,272 [pool-383-thread-1] INFO  server.RaftServerConfigKeys (ConfUtils.java:logGet(43)) - raft.server.log.preallocated.size = 16384 (custom)
2019-10-08 01:28:13,272 [pool-403-thread-1] INFO  server.RaftServerConfigKeys (ConfUtils.java:logGet(43)) - raft.server.log.segment.cache.num.max = 2 (custom)
2019-10-08 01:28:13,272 [pool-383-thread-1] INFO  server.RaftServerConfigKeys (ConfUtils.java:logGet(43)) - raft.server.log.write.buffer.size = 33554432 (custom)
2019-10-08 01:28:13,272 [pool-393-thread-1] INFO  segmented.SegmentedRaftLogWorker (SegmentedRaftLogWorker.java:<init>(173)) - new bc69bb28-5035-44eb-aa70-10d3ea24e6d9@group-9D1B76DF5C11-SegmentedRaftLogWorker for RaftStorage:Storage Directory /workdir/hadoop-ozone/integration-test/target/test-dir/MiniOzoneClusterImpl-67ce7f06-f60a-4a96-b305-7bff22e95358/datanode-1/data/ratis/0e6081c5-8060-40f2-8fae-9d1b76df5c11
2019-10-08 01:28:13,272 [pool-383-thread-1] INFO  server.RaftServerConfigKeys (ConfUtils.java:logGet(43)) - raft.server.log.force.sync.num = 128 (default)
2019-10-08 01:28:13,272 [pool-403-thread-1] INFO  segmented.SegmentedRaftLogWorker (SegmentedRaftLogWorker.java:<init>(173)) - new 359b1709-126a-4c21-8d4f-e4e0c5c9b498@group-9D1B76DF5C11-SegmentedRaftLogWorker for RaftStorage:Storage Directory /workdir/hadoop-ozone/integration-test/target/test-dir/MiniOzoneClusterImpl-67ce7f06-f60a-4a96-b305-7bff22e95358/datanode-2/data/ratis/0e6081c5-8060-40f2-8fae-9d1b76df5c11
2019-10-08 01:28:13,273 [pool-383-thread-1] INFO  server.RaftServerConfigKeys (ConfUtils.java:logGet(43)) - raft.server.log.statemachine.data.sync = true (default)
2019-10-08 01:28:13,273 [pool-393-thread-1] INFO  server.RaftServerConfigKeys (ConfUtils.java:logGet(43)) - raft.server.log.queue.byte-limit = 2147483647 (custom)
2019-10-08 01:28:13,273 [pool-383-thread-1] INFO  server.RaftServerConfigKeys (ConfUtils.java:logGet(43)) - raft.server.log.statemachine.data.sync.timeout = 10s (default)
2019-10-08 01:28:13,273 [pool-403-thread-1] INFO  server.RaftServerConfigKeys (ConfUtils.java:logGet(43)) - raft.server.log.queue.byte-limit = 2147483647 (custom)
2019-10-08 01:28:13,273 [pool-383-thread-1] INFO  server.RaftServerConfigKeys (ConfUtils.java:logGet(43)) - raft.server.log.statemachine.data.sync.timeout.retry = -1 (default)
2019-10-08 01:28:13,273 [pool-393-thread-1] INFO  server.RaftServerConfigKeys (ConfUtils.java:logGet(43)) - raft.server.log.queue.element-limit = 1024 (custom)
2019-10-08 01:28:13,274 [pool-383-thread-1] INFO  server.RaftServerConfigKeys (ConfUtils.java:logGet(43)) - raft.server.log.statemachine.data.caching.enabled = true (custom)
2019-10-08 01:28:13,273 [pool-403-thread-1] INFO  server.RaftServerConfigKeys (ConfUtils.java:logGet(43)) - raft.server.log.queue.element-limit = 1024 (custom)
2019-10-08 01:28:13,274 [pool-393-thread-1] INFO  server.RaftServerConfigKeys (ConfUtils.java:logGet(43)) - raft.server.log.segment.size.max = 1048576 (custom)
2019-10-08 01:28:13,274 [pool-403-thread-1] INFO  server.RaftServerConfigKeys (ConfUtils.java:logGet(43)) - raft.server.log.segment.size.max = 1048576 (custom)
2019-10-08 01:28:13,274 [pool-383-thread-1] INFO  segmented.SegmentedRaftLogWorker (SegmentedRaftLogWorker.java:lambda$new$0(128)) - bd94d12f-2ccb-49d7-b498-60d4bd8bf369@group-9D1B76DF5C11-SegmentedRaftLogWorker: flushIndex: setUnconditionally 0 -> -1
2019-10-08 01:28:13,274 [pool-393-thread-1] INFO  server.RaftServerConfigKeys (ConfUtils.java:logGet(43)) - raft.server.log.preallocated.size = 16384 (custom)
2019-10-08 01:28:13,274 [pool-403-thread-1] INFO  server.RaftServerConfigKeys (ConfUtils.java:logGet(43)) - raft.server.log.preallocated.size = 16384 (custom)
2019-10-08 01:28:13,274 [pool-393-thread-1] INFO  server.RaftServerConfigKeys (ConfUtils.java:logGet(43)) - raft.server.log.write.buffer.size = 33554432 (custom)
2019-10-08 01:28:13,275 [pool-383-thread-1] INFO  server.RaftServerConfigKeys (ConfUtils.java:logGet(43)) - raft.server.snapshot.auto.trigger.enabled = true (custom)
2019-10-08 01:28:13,275 [pool-393-thread-1] INFO  server.RaftServerConfigKeys (ConfUtils.java:logGet(43)) - raft.server.log.force.sync.num = 128 (default)
2019-10-08 01:28:13,275 [pool-393-thread-1] INFO  server.RaftServerConfigKeys (ConfUtils.java:logGet(43)) - raft.server.log.statemachine.data.sync = true (default)
2019-10-08 01:28:13,275 [pool-403-thread-1] INFO  server.RaftServerConfigKeys (ConfUtils.java:logGet(43)) - raft.server.log.write.buffer.size = 33554432 (custom)
2019-10-08 01:28:13,275 [pool-393-thread-1] INFO  server.RaftServerConfigKeys (ConfUtils.java:logGet(43)) - raft.server.log.statemachine.data.sync.timeout = 10s (default)
2019-10-08 01:28:13,275 [pool-383-thread-1] INFO  server.RaftServerConfigKeys (ConfUtils.java:logGet(43)) - raft.server.snapshot.auto.trigger.threshold = 10000 (custom)
2019-10-08 01:28:13,275 [pool-393-thread-1] INFO  server.RaftServerConfigKeys (ConfUtils.java:logGet(43)) - raft.server.log.statemachine.data.sync.timeout.retry = -1 (default)
2019-10-08 01:28:13,275 [pool-403-thread-1] INFO  server.RaftServerConfigKeys (ConfUtils.java:logGet(43)) - raft.server.log.force.sync.num = 128 (default)
2019-10-08 01:28:13,275 [pool-393-thread-1] INFO  server.RaftServerConfigKeys (ConfUtils.java:logGet(43)) - raft.server.log.statemachine.data.caching.enabled = true (custom)
2019-10-08 01:28:13,275 [pool-383-thread-1] INFO  server.RaftServerConfigKeys (ConfUtils.java:logGet(43)) - raft.server.snapshot.retention.file.num = 5 (custom)
2019-10-08 01:28:13,276 [pool-393-thread-1] INFO  segmented.SegmentedRaftLogWorker (SegmentedRaftLogWorker.java:lambda$new$0(128)) - bc69bb28-5035-44eb-aa70-10d3ea24e6d9@group-9D1B76DF5C11-SegmentedRaftLogWorker: flushIndex: setUnconditionally 0 -> -1
2019-10-08 01:28:13,275 [pool-403-thread-1] INFO  server.RaftServerConfigKeys (ConfUtils.java:logGet(43)) - raft.server.log.statemachine.data.sync = true (default)
2019-10-08 01:28:13,276 [pool-383-thread-1] INFO  server.RaftServerConfigKeys (ConfUtils.java:logGet(43)) - raft.server.retrycache.expirytime = 600000ms (custom)
2019-10-08 01:28:13,276 [pool-403-thread-1] INFO  server.RaftServerConfigKeys (ConfUtils.java:logGet(43)) - raft.server.log.statemachine.data.sync.timeout = 10s (default)
2019-10-08 01:28:13,276 [pool-393-thread-1] INFO  server.RaftServerConfigKeys (ConfUtils.java:logGet(43)) - raft.server.snapshot.auto.trigger.enabled = true (custom)
2019-10-08 01:28:13,276 [pool-403-thread-1] INFO  server.RaftServerConfigKeys (ConfUtils.java:logGet(43)) - raft.server.log.statemachine.data.sync.timeout.retry = -1 (default)
2019-10-08 01:28:13,276 [pool-393-thread-1] INFO  server.RaftServerConfigKeys (ConfUtils.java:logGet(43)) - raft.server.snapshot.auto.trigger.threshold = 10000 (custom)
2019-10-08 01:28:13,276 [pool-403-thread-1] INFO  server.RaftServerConfigKeys (ConfUtils.java:logGet(43)) - raft.server.log.statemachine.data.caching.enabled = true (custom)
2019-10-08 01:28:13,276 [pool-393-thread-1] INFO  server.RaftServerConfigKeys (ConfUtils.java:logGet(43)) - raft.server.snapshot.retention.file.num = 5 (custom)
2019-10-08 01:28:13,277 [pool-403-thread-1] INFO  segmented.SegmentedRaftLogWorker (SegmentedRaftLogWorker.java:lambda$new$0(128)) - 359b1709-126a-4c21-8d4f-e4e0c5c9b498@group-9D1B76DF5C11-SegmentedRaftLogWorker: flushIndex: setUnconditionally 0 -> -1
2019-10-08 01:28:13,277 [pool-393-thread-1] INFO  server.RaftServerConfigKeys (ConfUtils.java:logGet(43)) - raft.server.retrycache.expirytime = 600000ms (custom)
2019-10-08 01:28:13,277 [pool-403-thread-1] INFO  server.RaftServerConfigKeys (ConfUtils.java:logGet(43)) - raft.server.snapshot.auto.trigger.enabled = true (custom)
2019-10-08 01:28:13,277 [pool-403-thread-1] INFO  server.RaftServerConfigKeys (ConfUtils.java:logGet(43)) - raft.server.snapshot.auto.trigger.threshold = 10000 (custom)
2019-10-08 01:28:13,277 [pool-403-thread-1] INFO  server.RaftServerConfigKeys (ConfUtils.java:logGet(43)) - raft.server.snapshot.retention.file.num = 5 (custom)
2019-10-08 01:28:13,277 [pool-403-thread-1] INFO  server.RaftServerConfigKeys (ConfUtils.java:logGet(43)) - raft.server.retrycache.expirytime = 600000ms (custom)
2019-10-08 01:28:13,279 [pool-383-thread-1] INFO  impl.RaftServerImpl (RaftServerImpl.java:start(181)) - bd94d12f-2ccb-49d7-b498-60d4bd8bf369@group-9D1B76DF5C11: start as a follower, conf=-1: [bc69bb28-5035-44eb-aa70-10d3ea24e6d9:192.168.164.245:42173, bd94d12f-2ccb-49d7-b498-60d4bd8bf369:192.168.164.245:43098, 359b1709-126a-4c21-8d4f-e4e0c5c9b498:192.168.164.245:40396], old=null
2019-10-08 01:28:13,279 [pool-383-thread-1] INFO  impl.RaftServerImpl (RaftServerImpl.java:setRole(170)) - bd94d12f-2ccb-49d7-b498-60d4bd8bf369@group-9D1B76DF5C11: changes role from      null to FOLLOWER at term 0 for startAsFollower
2019-10-08 01:28:13,279 [pool-383-thread-1] INFO  impl.RoleInfo (RoleInfo.java:updateAndGet(143)) - bd94d12f-2ccb-49d7-b498-60d4bd8bf369: start FollowerState
2019-10-08 01:28:13,280 [pool-393-thread-1] INFO  impl.RaftServerImpl (RaftServerImpl.java:start(181)) - bc69bb28-5035-44eb-aa70-10d3ea24e6d9@group-9D1B76DF5C11: start as a follower, conf=-1: [bc69bb28-5035-44eb-aa70-10d3ea24e6d9:192.168.164.245:42173, bd94d12f-2ccb-49d7-b498-60d4bd8bf369:192.168.164.245:43098, 359b1709-126a-4c21-8d4f-e4e0c5c9b498:192.168.164.245:40396], old=null
2019-10-08 01:28:13,280 [pool-383-thread-1] INFO  util.JmxRegister (JmxRegister.java:tryRegister(44)) - Successfully registered JMX Bean with object name Ratis:service=RaftServer,group=group-9D1B76DF5C11,id=bd94d12f-2ccb-49d7-b498-60d4bd8bf369
2019-10-08 01:28:13,280 [pool-393-thread-1] INFO  impl.RaftServerImpl (RaftServerImpl.java:setRole(170)) - bc69bb28-5035-44eb-aa70-10d3ea24e6d9@group-9D1B76DF5C11: changes role from      null to FOLLOWER at term 0 for startAsFollower
2019-10-08 01:28:13,280 [pool-403-thread-1] INFO  impl.RaftServerImpl (RaftServerImpl.java:start(181)) - 359b1709-126a-4c21-8d4f-e4e0c5c9b498@group-9D1B76DF5C11: start as a follower, conf=-1: [bc69bb28-5035-44eb-aa70-10d3ea24e6d9:192.168.164.245:42173, bd94d12f-2ccb-49d7-b498-60d4bd8bf369:192.168.164.245:43098, 359b1709-126a-4c21-8d4f-e4e0c5c9b498:192.168.164.245:40396], old=null
2019-10-08 01:28:13,280 [pool-393-thread-1] INFO  impl.RoleInfo (RoleInfo.java:updateAndGet(143)) - bc69bb28-5035-44eb-aa70-10d3ea24e6d9: start FollowerState
2019-10-08 01:28:13,280 [pool-403-thread-1] INFO  impl.RaftServerImpl (RaftServerImpl.java:setRole(170)) - 359b1709-126a-4c21-8d4f-e4e0c5c9b498@group-9D1B76DF5C11: changes role from      null to FOLLOWER at term 0 for startAsFollower
2019-10-08 01:28:13,281 [pool-393-thread-1] INFO  util.JmxRegister (JmxRegister.java:tryRegister(44)) - Successfully registered JMX Bean with object name Ratis:service=RaftServer,group=group-9D1B76DF5C11,id=bc69bb28-5035-44eb-aa70-10d3ea24e6d9
2019-10-08 01:28:13,281 [pool-403-thread-1] INFO  impl.RoleInfo (RoleInfo.java:updateAndGet(143)) - 359b1709-126a-4c21-8d4f-e4e0c5c9b498: start FollowerState
2019-10-08 01:28:13,281 [pool-403-thread-1] INFO  util.JmxRegister (JmxRegister.java:tryRegister(44)) - Successfully registered JMX Bean with object name Ratis:service=RaftServer,group=group-9D1B76DF5C11,id=359b1709-126a-4c21-8d4f-e4e0c5c9b498
2019-10-08 01:28:13,285 [IPC Server handler 2 on 37204] INFO  net.NetworkTopology (NetworkTopologyImpl.java:add(111)) - Added a new node: /default-rack/be201bfb-06ff-4c32-a593-81b12a9ed932
2019-10-08 01:28:13,285 [IPC Server handler 2 on 37204] INFO  node.SCMNodeManager (SCMNodeManager.java:register(268)) - Registered Data node : be201bfb-06ff-4c32-a593-81b12a9ed932{ip: 192.168.164.245, host: pr-hdds-2217-dx9m9-1464909746, networkLocation: /default-rack, certSerialId: null}
2019-10-08 01:28:13,286 [RatisPipelineUtilsThread] INFO  pipeline.PipelineStateManager (PipelineStateManager.java:addPipeline(56)) - Created pipeline Pipeline[ Id: 0e6081c5-8060-40f2-8fae-9d1b76df5c11, Nodes: bc69bb28-5035-44eb-aa70-10d3ea24e6d9{ip: 192.168.164.245, host: pr-hdds-2217-dx9m9-1464909746, networkLocation: /default-rack, certSerialId: null}359b1709-126a-4c21-8d4f-e4e0c5c9b498{ip: 192.168.164.245, host: pr-hdds-2217-dx9m9-1464909746, networkLocation: /default-rack, certSerialId: null}bd94d12f-2ccb-49d7-b498-60d4bd8bf369{ip: 192.168.164.245, host: pr-hdds-2217-dx9m9-1464909746, networkLocation: /default-rack, certSerialId: null}, Type:RATIS, Factor:THREE, State:OPEN]
2019-10-08 01:28:13,349 [IPC Server handler 3 on 37204] INFO  net.NetworkTopology (NetworkTopologyImpl.java:add(111)) - Added a new node: /default-rack/d525d1b2-8a52-4d8f-983f-3c61fa4c526a
2019-10-08 01:28:13,350 [IPC Server handler 3 on 37204] INFO  node.SCMNodeManager (SCMNodeManager.java:register(268)) - Registered Data node : d525d1b2-8a52-4d8f-983f-3c61fa4c526a{ip: 192.168.164.245, host: pr-hdds-2217-dx9m9-1464909746, networkLocation: /default-rack, certSerialId: null}
2019-10-08 01:28:13,359 [grpc-default-executor-4] INFO  impl.RaftServerProxy (RaftServerProxy.java:addNew(89)) - d525d1b2-8a52-4d8f-983f-3c61fa4c526a: addNew group-5B80EF9893AC:[d525d1b2-8a52-4d8f-983f-3c61fa4c526a:192.168.164.245:40280] returns group-5B80EF9893AC:java.util.concurrent.CompletableFuture@40877605[Not completed]
2019-10-08 01:28:13,365 [pool-433-thread-1] INFO  impl.RaftServerImpl (RaftServerImpl.java:<init>(95)) - d525d1b2-8a52-4d8f-983f-3c61fa4c526a: new RaftServerImpl for group-5B80EF9893AC:[d525d1b2-8a52-4d8f-983f-3c61fa4c526a:192.168.164.245:40280] with ContainerStateMachine:uninitialized
2019-10-08 01:28:13,365 [pool-433-thread-1] INFO  server.RaftServerConfigKeys (ConfUtils.java:logGet(43)) - raft.server.rpc.timeout.min = 5s (custom)
2019-10-08 01:28:13,365 [pool-433-thread-1] INFO  server.RaftServerConfigKeys (ConfUtils.java:logGet(43)) - raft.server.rpc.timeout.max = 5200ms (custom)
2019-10-08 01:28:13,365 [pool-433-thread-1] INFO  server.RaftServerConfigKeys (ConfUtils.java:logGet(43)) - raft.server.rpcslowness.timeout = 120s (custom)
2019-10-08 01:28:13,365 [pool-433-thread-1] INFO  server.RaftServerConfigKeys (ConfUtils.java:logGet(43)) - raft.server.sleep.deviation.threshold = 300 (default)
2019-10-08 01:28:13,366 [pool-433-thread-1] INFO  server.RaftServerConfigKeys (ConfUtils.java:logGet(43)) - raft.server.log.appender.install.snapshot.enabled = false (custom)
2019-10-08 01:28:13,366 [pool-433-thread-1] INFO  impl.RaftServerImpl (ServerState.java:<init>(103)) - d525d1b2-8a52-4d8f-983f-3c61fa4c526a@group-5B80EF9893AC: ConfigurationManager, init=-1: [d525d1b2-8a52-4d8f-983f-3c61fa4c526a:192.168.164.245:40280], old=null, confs=<EMPTY_MAP>
2019-10-08 01:28:13,366 [pool-433-thread-1] INFO  server.RaftServerConfigKeys (ConfUtils.java:logGet(43)) - raft.server.storage.dir = [/workdir/hadoop-ozone/integration-test/target/test-dir/MiniOzoneClusterImpl-67ce7f06-f60a-4a96-b305-7bff22e95358/datanode-5/data/ratis] (custom)
2019-10-08 01:28:13,366 [pool-433-thread-1] INFO  server.RaftServerConfigKeys (ConfUtils.java:logGet(43)) - raft.server.log.corruption.policy = EXCEPTION (default)
2019-10-08 01:28:13,366 [pool-433-thread-1] INFO  storage.RaftStorageDirectory (RaftStorageDirectory.java:analyzeStorage(246)) - The storage directory /workdir/hadoop-ozone/integration-test/target/test-dir/MiniOzoneClusterImpl-67ce7f06-f60a-4a96-b305-7bff22e95358/datanode-5/data/ratis/d23f19a0-194b-402a-a06b-5b80ef9893ac does not exist. Creating ...
2019-10-08 01:28:13,381 [pool-433-thread-1] INFO  storage.RaftStorageDirectory (RaftStorageDirectory.java:tryLock(328)) - Lock on /workdir/hadoop-ozone/integration-test/target/test-dir/MiniOzoneClusterImpl-67ce7f06-f60a-4a96-b305-7bff22e95358/datanode-5/data/ratis/d23f19a0-194b-402a-a06b-5b80ef9893ac/in_use.lock acquired by nodename 14957@pr-hdds-2217-dx9m9-1464909746
2019-10-08 01:28:13,401 [pool-433-thread-1] INFO  storage.RaftStorage (RaftStorage.java:format(84)) - Storage directory /workdir/hadoop-ozone/integration-test/target/test-dir/MiniOzoneClusterImpl-67ce7f06-f60a-4a96-b305-7bff22e95358/datanode-5/data/ratis/d23f19a0-194b-402a-a06b-5b80ef9893ac has been successfully formatted.
2019-10-08 01:28:13,402 [pool-433-thread-1] INFO  ratis.ContainerStateMachine (ContainerStateMachine.java:loadSnapshot(231)) - group-5B80EF9893AC: The snapshot info is null. Setting the last applied indexto:(t:0, i:~)
2019-10-08 01:28:13,402 [pool-433-thread-1] INFO  server.RaftServerConfigKeys (ConfUtils.java:logGet(43)) - raft.server.notification.no-leader.timeout = 120s (custom)
2019-10-08 01:28:13,402 [pool-433-thread-1] INFO  server.RaftServerConfigKeys (ConfUtils.java:logGet(43)) - raft.server.log.use.memory = false (default)
2019-10-08 01:28:13,402 [pool-433-thread-1] INFO  server.RaftServerConfigKeys (ConfUtils.java:logGet(43)) - raft.server.log.purge.gap = 1000000 (custom)
2019-10-08 01:28:13,402 [pool-433-thread-1] INFO  server.RaftServerConfigKeys (ConfUtils.java:logGet(43)) - raft.server.log.appender.buffer.byte-limit = 33554432 (custom)
2019-10-08 01:28:13,403 [pool-433-thread-1] INFO  server.RaftServerConfigKeys (ConfUtils.java:logGet(43)) - raft.server.log.segment.size.max = 1048576 (custom)
2019-10-08 01:28:13,405 [pool-433-thread-1] INFO  server.RaftServerConfigKeys (ConfUtils.java:logGet(43)) - raft.server.log.segment.cache.num.max = 2 (custom)
2019-10-08 01:28:13,405 [pool-433-thread-1] INFO  segmented.SegmentedRaftLogWorker (SegmentedRaftLogWorker.java:<init>(173)) - new d525d1b2-8a52-4d8f-983f-3c61fa4c526a@group-5B80EF9893AC-SegmentedRaftLogWorker for RaftStorage:Storage Directory /workdir/hadoop-ozone/integration-test/target/test-dir/MiniOzoneClusterImpl-67ce7f06-f60a-4a96-b305-7bff22e95358/datanode-5/data/ratis/d23f19a0-194b-402a-a06b-5b80ef9893ac
2019-10-08 01:28:13,405 [pool-433-thread-1] INFO  server.RaftServerConfigKeys (ConfUtils.java:logGet(43)) - raft.server.log.queue.byte-limit = 2147483647 (custom)
2019-10-08 01:28:13,405 [pool-433-thread-1] INFO  server.RaftServerConfigKeys (ConfUtils.java:logGet(43)) - raft.server.log.queue.element-limit = 1024 (custom)
2019-10-08 01:28:13,406 [pool-433-thread-1] INFO  server.RaftServerConfigKeys (ConfUtils.java:logGet(43)) - raft.server.log.segment.size.max = 1048576 (custom)
2019-10-08 01:28:13,406 [pool-433-thread-1] INFO  server.RaftServerConfigKeys (ConfUtils.java:logGet(43)) - raft.server.log.preallocated.size = 16384 (custom)
2019-10-08 01:28:13,406 [pool-433-thread-1] INFO  server.RaftServerConfigKeys (ConfUtils.java:logGet(43)) - raft.server.log.write.buffer.size = 33554432 (custom)
2019-10-08 01:28:13,406 [pool-433-thread-1] INFO  server.RaftServerConfigKeys (ConfUtils.java:logGet(43)) - raft.server.log.force.sync.num = 128 (default)
2019-10-08 01:28:13,406 [pool-433-thread-1] INFO  server.RaftServerConfigKeys (ConfUtils.java:logGet(43)) - raft.server.log.statemachine.data.sync = true (default)
2019-10-08 01:28:13,406 [pool-433-thread-1] INFO  server.RaftServerConfigKeys (ConfUtils.java:logGet(43)) - raft.server.log.statemachine.data.sync.timeout = 10s (default)
2019-10-08 01:28:13,407 [pool-433-thread-1] INFO  server.RaftServerConfigKeys (ConfUtils.java:logGet(43)) - raft.server.log.statemachine.data.sync.timeout.retry = -1 (default)
2019-10-08 01:28:13,407 [pool-433-thread-1] INFO  server.RaftServerConfigKeys (ConfUtils.java:logGet(43)) - raft.server.log.statemachine.data.caching.enabled = true (custom)
2019-10-08 01:28:13,407 [pool-433-thread-1] INFO  segmented.SegmentedRaftLogWorker (SegmentedRaftLogWorker.java:lambda$new$0(128)) - d525d1b2-8a52-4d8f-983f-3c61fa4c526a@group-5B80EF9893AC-SegmentedRaftLogWorker: flushIndex: setUnconditionally 0 -> -1
2019-10-08 01:28:13,408 [main] INFO  ozone.MiniOzoneClusterImpl (MiniOzoneClusterImpl.java:lambda$waitForClusterToBeReady$0(147)) - Waiting for cluster to be ready. Got 6 of 7 DN Heartbeats.
2019-10-08 01:28:13,408 [pool-433-thread-1] INFO  server.RaftServerConfigKeys (ConfUtils.java:logGet(43)) - raft.server.snapshot.auto.trigger.enabled = true (custom)
2019-10-08 01:28:13,408 [IPC Server handler 4 on 37204] INFO  net.NetworkTopology (NetworkTopologyImpl.java:add(111)) - Added a new node: /default-rack/6ec04227-4ec5-46db-b32c-53b16fa90408
2019-10-08 01:28:13,408 [pool-433-thread-1] INFO  server.RaftServerConfigKeys (ConfUtils.java:logGet(43)) - raft.server.snapshot.auto.trigger.threshold = 10000 (custom)
2019-10-08 01:28:13,409 [pool-433-thread-1] INFO  server.RaftServerConfigKeys (ConfUtils.java:logGet(43)) - raft.server.snapshot.retention.file.num = 5 (custom)
2019-10-08 01:28:13,408 [IPC Server handler 4 on 37204] INFO  node.SCMNodeManager (SCMNodeManager.java:register(268)) - Registered Data node : 6ec04227-4ec5-46db-b32c-53b16fa90408{ip: 192.168.164.245, host: pr-hdds-2217-dx9m9-1464909746, networkLocation: /default-rack, certSerialId: null}
2019-10-08 01:28:13,409 [pool-433-thread-1] INFO  server.RaftServerConfigKeys (ConfUtils.java:logGet(43)) - raft.server.retrycache.expirytime = 600000ms (custom)
2019-10-08 01:28:13,411 [pool-433-thread-1] INFO  impl.RaftServerImpl (RaftServerImpl.java:start(181)) - d525d1b2-8a52-4d8f-983f-3c61fa4c526a@group-5B80EF9893AC: start as a follower, conf=-1: [d525d1b2-8a52-4d8f-983f-3c61fa4c526a:192.168.164.245:40280], old=null
2019-10-08 01:28:13,411 [pool-433-thread-1] INFO  impl.RaftServerImpl (RaftServerImpl.java:setRole(170)) - d525d1b2-8a52-4d8f-983f-3c61fa4c526a@group-5B80EF9893AC: changes role from      null to FOLLOWER at term 0 for startAsFollower
2019-10-08 01:28:13,411 [pool-433-thread-1] INFO  impl.RoleInfo (RoleInfo.java:updateAndGet(143)) - d525d1b2-8a52-4d8f-983f-3c61fa4c526a: start FollowerState
2019-10-08 01:28:13,412 [pool-433-thread-1] INFO  util.JmxRegister (JmxRegister.java:tryRegister(44)) - Successfully registered JMX Bean with object name Ratis:service=RaftServer,group=group-5B80EF9893AC,id=d525d1b2-8a52-4d8f-983f-3c61fa4c526a
2019-10-08 01:28:13,417 [RatisPipelineUtilsThread] INFO  pipeline.PipelineStateManager (PipelineStateManager.java:addPipeline(56)) - Created pipeline Pipeline[ Id: d23f19a0-194b-402a-a06b-5b80ef9893ac, Nodes: d525d1b2-8a52-4d8f-983f-3c61fa4c526a{ip: 192.168.164.245, host: pr-hdds-2217-dx9m9-1464909746, networkLocation: /default-rack, certSerialId: null}, Type:RATIS, Factor:ONE, State:OPEN]
2019-10-08 01:28:13,449 [grpc-default-executor-4] INFO  impl.RaftServerProxy (RaftServerProxy.java:addNew(89)) - 6ec04227-4ec5-46db-b32c-53b16fa90408: addNew group-4A41AB216DCF:[6ec04227-4ec5-46db-b32c-53b16fa90408:192.168.164.245:35459] returns group-4A41AB216DCF:java.util.concurrent.CompletableFuture@3b9dbaf8[Not completed]
2019-10-08 01:28:13,450 [pool-443-thread-1] INFO  impl.RaftServerImpl (RaftServerImpl.java:<init>(95)) - 6ec04227-4ec5-46db-b32c-53b16fa90408: new RaftServerImpl for group-4A41AB216DCF:[6ec04227-4ec5-46db-b32c-53b16fa90408:192.168.164.245:35459] with ContainerStateMachine:uninitialized
2019-10-08 01:28:13,450 [pool-443-thread-1] INFO  server.RaftServerConfigKeys (ConfUtils.java:logGet(43)) - raft.server.rpc.timeout.min = 5s (custom)
2019-10-08 01:28:13,450 [pool-443-thread-1] INFO  server.RaftServerConfigKeys (ConfUtils.java:logGet(43)) - raft.server.rpc.timeout.max = 5200ms (custom)
2019-10-08 01:28:13,451 [pool-443-thread-1] INFO  server.RaftServerConfigKeys (ConfUtils.java:logGet(43)) - raft.server.rpcslowness.timeout = 120s (custom)
2019-10-08 01:28:13,451 [pool-443-thread-1] INFO  server.RaftServerConfigKeys (ConfUtils.java:logGet(43)) - raft.server.sleep.deviation.threshold = 300 (default)
2019-10-08 01:28:13,451 [pool-443-thread-1] INFO  server.RaftServerConfigKeys (ConfUtils.java:logGet(43)) - raft.server.log.appender.install.snapshot.enabled = false (custom)
2019-10-08 01:28:13,451 [pool-443-thread-1] INFO  impl.RaftServerImpl (ServerState.java:<init>(103)) - 6ec04227-4ec5-46db-b32c-53b16fa90408@group-4A41AB216DCF: ConfigurationManager, init=-1: [6ec04227-4ec5-46db-b32c-53b16fa90408:192.168.164.245:35459], old=null, confs=<EMPTY_MAP>
2019-10-08 01:28:13,451 [pool-443-thread-1] INFO  server.RaftServerConfigKeys (ConfUtils.java:logGet(43)) - raft.server.storage.dir = [/workdir/hadoop-ozone/integration-test/target/test-dir/MiniOzoneClusterImpl-67ce7f06-f60a-4a96-b305-7bff22e95358/datanode-6/data/ratis] (custom)
2019-10-08 01:28:13,451 [pool-443-thread-1] INFO  server.RaftServerConfigKeys (ConfUtils.java:logGet(43)) - raft.server.log.corruption.policy = EXCEPTION (default)
2019-10-08 01:28:13,452 [pool-443-thread-1] INFO  storage.RaftStorageDirectory (RaftStorageDirectory.java:analyzeStorage(246)) - The storage directory /workdir/hadoop-ozone/integration-test/target/test-dir/MiniOzoneClusterImpl-67ce7f06-f60a-4a96-b305-7bff22e95358/datanode-6/data/ratis/b1474a75-029d-4e09-9a9d-4a41ab216dcf does not exist. Creating ...
2019-10-08 01:28:13,464 [pool-443-thread-1] INFO  storage.RaftStorageDirectory (RaftStorageDirectory.java:tryLock(328)) - Lock on /workdir/hadoop-ozone/integration-test/target/test-dir/MiniOzoneClusterImpl-67ce7f06-f60a-4a96-b305-7bff22e95358/datanode-6/data/ratis/b1474a75-029d-4e09-9a9d-4a41ab216dcf/in_use.lock acquired by nodename 14957@pr-hdds-2217-dx9m9-1464909746
2019-10-08 01:28:13,477 [pool-443-thread-1] INFO  storage.RaftStorage (RaftStorage.java:format(84)) - Storage directory /workdir/hadoop-ozone/integration-test/target/test-dir/MiniOzoneClusterImpl-67ce7f06-f60a-4a96-b305-7bff22e95358/datanode-6/data/ratis/b1474a75-029d-4e09-9a9d-4a41ab216dcf has been successfully formatted.
2019-10-08 01:28:13,477 [pool-443-thread-1] INFO  ratis.ContainerStateMachine (ContainerStateMachine.java:loadSnapshot(231)) - group-4A41AB216DCF: The snapshot info is null. Setting the last applied indexto:(t:0, i:~)
2019-10-08 01:28:13,477 [pool-443-thread-1] INFO  server.RaftServerConfigKeys (ConfUtils.java:logGet(43)) - raft.server.notification.no-leader.timeout = 120s (custom)
2019-10-08 01:28:13,477 [pool-443-thread-1] INFO  server.RaftServerConfigKeys (ConfUtils.java:logGet(43)) - raft.server.log.use.memory = false (default)
2019-10-08 01:28:13,477 [pool-443-thread-1] INFO  server.RaftServerConfigKeys (ConfUtils.java:logGet(43)) - raft.server.log.purge.gap = 1000000 (custom)
2019-10-08 01:28:13,478 [pool-443-thread-1] INFO  server.RaftServerConfigKeys (ConfUtils.java:logGet(43)) - raft.server.log.appender.buffer.byte-limit = 33554432 (custom)
2019-10-08 01:28:13,478 [pool-443-thread-1] INFO  server.RaftServerConfigKeys (ConfUtils.java:logGet(43)) - raft.server.log.segment.size.max = 1048576 (custom)
2019-10-08 01:28:13,479 [pool-443-thread-1] INFO  server.RaftServerConfigKeys (ConfUtils.java:logGet(43)) - raft.server.log.segment.cache.num.max = 2 (custom)
2019-10-08 01:28:13,479 [pool-443-thread-1] INFO  segmented.SegmentedRaftLogWorker (SegmentedRaftLogWorker.java:<init>(173)) - new 6ec04227-4ec5-46db-b32c-53b16fa90408@group-4A41AB216DCF-SegmentedRaftLogWorker for RaftStorage:Storage Directory /workdir/hadoop-ozone/integration-test/target/test-dir/MiniOzoneClusterImpl-67ce7f06-f60a-4a96-b305-7bff22e95358/datanode-6/data/ratis/b1474a75-029d-4e09-9a9d-4a41ab216dcf
2019-10-08 01:28:13,479 [pool-443-thread-1] INFO  server.RaftServerConfigKeys (ConfUtils.java:logGet(43)) - raft.server.log.queue.byte-limit = 2147483647 (custom)
2019-10-08 01:28:13,479 [pool-443-thread-1] INFO  server.RaftServerConfigKeys (ConfUtils.java:logGet(43)) - raft.server.log.queue.element-limit = 1024 (custom)
2019-10-08 01:28:13,479 [pool-443-thread-1] INFO  server.RaftServerConfigKeys (ConfUtils.java:logGet(43)) - raft.server.log.segment.size.max = 1048576 (custom)
2019-10-08 01:28:13,479 [pool-443-thread-1] INFO  server.RaftServerConfigKeys (ConfUtils.java:logGet(43)) - raft.server.log.preallocated.size = 16384 (custom)
2019-10-08 01:28:13,480 [pool-443-thread-1] INFO  server.RaftServerConfigKeys (ConfUtils.java:logGet(43)) - raft.server.log.write.buffer.size = 33554432 (custom)
2019-10-08 01:28:13,480 [pool-443-thread-1] INFO  server.RaftServerConfigKeys (ConfUtils.java:logGet(43)) - raft.server.log.force.sync.num = 128 (default)
2019-10-08 01:28:13,480 [pool-443-thread-1] INFO  server.RaftServerConfigKeys (ConfUtils.java:logGet(43)) - raft.server.log.statemachine.data.sync = true (default)
2019-10-08 01:28:13,480 [pool-443-thread-1] INFO  server.RaftServerConfigKeys (ConfUtils.java:logGet(43)) - raft.server.log.statemachine.data.sync.timeout = 10s (default)
2019-10-08 01:28:13,480 [pool-443-thread-1] INFO  server.RaftServerConfigKeys (ConfUtils.java:logGet(43)) - raft.server.log.statemachine.data.sync.timeout.retry = -1 (default)
2019-10-08 01:28:13,480 [pool-443-thread-1] INFO  server.RaftServerConfigKeys (ConfUtils.java:logGet(43)) - raft.server.log.statemachine.data.caching.enabled = true (custom)
2019-10-08 01:28:13,481 [pool-443-thread-1] INFO  segmented.SegmentedRaftLogWorker (SegmentedRaftLogWorker.java:lambda$new$0(128)) - 6ec04227-4ec5-46db-b32c-53b16fa90408@group-4A41AB216DCF-SegmentedRaftLogWorker: flushIndex: setUnconditionally 0 -> -1
2019-10-08 01:28:13,481 [pool-443-thread-1] INFO  server.RaftServerConfigKeys (ConfUtils.java:logGet(43)) - raft.server.snapshot.auto.trigger.enabled = true (custom)
2019-10-08 01:28:13,481 [pool-443-thread-1] INFO  server.RaftServerConfigKeys (ConfUtils.java:logGet(43)) - raft.server.snapshot.auto.trigger.threshold = 10000 (custom)
2019-10-08 01:28:13,481 [pool-443-thread-1] INFO  server.RaftServerConfigKeys (ConfUtils.java:logGet(43)) - raft.server.snapshot.retention.file.num = 5 (custom)
2019-10-08 01:28:13,481 [pool-443-thread-1] INFO  server.RaftServerConfigKeys (ConfUtils.java:logGet(43)) - raft.server.retrycache.expirytime = 600000ms (custom)
2019-10-08 01:28:13,482 [pool-443-thread-1] INFO  impl.RaftServerImpl (RaftServerImpl.java:start(181)) - 6ec04227-4ec5-46db-b32c-53b16fa90408@group-4A41AB216DCF: start as a follower, conf=-1: [6ec04227-4ec5-46db-b32c-53b16fa90408:192.168.164.245:35459], old=null
2019-10-08 01:28:13,483 [pool-443-thread-1] INFO  impl.RaftServerImpl (RaftServerImpl.java:setRole(170)) - 6ec04227-4ec5-46db-b32c-53b16fa90408@group-4A41AB216DCF: changes role from      null to FOLLOWER at term 0 for startAsFollower
2019-10-08 01:28:13,483 [pool-443-thread-1] INFO  impl.RoleInfo (RoleInfo.java:updateAndGet(143)) - 6ec04227-4ec5-46db-b32c-53b16fa90408: start FollowerState
2019-10-08 01:28:13,483 [pool-443-thread-1] INFO  util.JmxRegister (JmxRegister.java:tryRegister(44)) - Successfully registered JMX Bean with object name Ratis:service=RaftServer,group=group-4A41AB216DCF,id=6ec04227-4ec5-46db-b32c-53b16fa90408
2019-10-08 01:28:13,487 [RatisPipelineUtilsThread] INFO  pipeline.PipelineStateManager (PipelineStateManager.java:addPipeline(56)) - Created pipeline Pipeline[ Id: b1474a75-029d-4e09-9a9d-4a41ab216dcf, Nodes: 6ec04227-4ec5-46db-b32c-53b16fa90408{ip: 192.168.164.245, host: pr-hdds-2217-dx9m9-1464909746, networkLocation: /default-rack, certSerialId: null}, Type:RATIS, Factor:ONE, State:OPEN]
2019-10-08 01:28:13,496 [grpc-default-executor-4] INFO  impl.RaftServerProxy (RaftServerProxy.java:addNew(89)) - be201bfb-06ff-4c32-a593-81b12a9ed932: addNew group-EF5DD2BC8624:[be201bfb-06ff-4c32-a593-81b12a9ed932:192.168.164.245:36996] returns group-EF5DD2BC8624:java.util.concurrent.CompletableFuture@5419e90e[Not completed]
2019-10-08 01:28:13,497 [pool-423-thread-1] INFO  impl.RaftServerImpl (RaftServerImpl.java:<init>(95)) - be201bfb-06ff-4c32-a593-81b12a9ed932: new RaftServerImpl for group-EF5DD2BC8624:[be201bfb-06ff-4c32-a593-81b12a9ed932:192.168.164.245:36996] with ContainerStateMachine:uninitialized
2019-10-08 01:28:13,497 [pool-423-thread-1] INFO  server.RaftServerConfigKeys (ConfUtils.java:logGet(43)) - raft.server.rpc.timeout.min = 5s (custom)
2019-10-08 01:28:13,497 [pool-423-thread-1] INFO  server.RaftServerConfigKeys (ConfUtils.java:logGet(43)) - raft.server.rpc.timeout.max = 5200ms (custom)
2019-10-08 01:28:13,497 [pool-423-thread-1] INFO  server.RaftServerConfigKeys (ConfUtils.java:logGet(43)) - raft.server.rpcslowness.timeout = 120s (custom)
2019-10-08 01:28:13,497 [pool-423-thread-1] INFO  server.RaftServerConfigKeys (ConfUtils.java:logGet(43)) - raft.server.sleep.deviation.threshold = 300 (default)
2019-10-08 01:28:13,498 [pool-423-thread-1] INFO  server.RaftServerConfigKeys (ConfUtils.java:logGet(43)) - raft.server.log.appender.install.snapshot.enabled = false (custom)
2019-10-08 01:28:13,498 [pool-423-thread-1] INFO  impl.RaftServerImpl (ServerState.java:<init>(103)) - be201bfb-06ff-4c32-a593-81b12a9ed932@group-EF5DD2BC8624: ConfigurationManager, init=-1: [be201bfb-06ff-4c32-a593-81b12a9ed932:192.168.164.245:36996], old=null, confs=<EMPTY_MAP>
2019-10-08 01:28:13,498 [pool-423-thread-1] INFO  server.RaftServerConfigKeys (ConfUtils.java:logGet(43)) - raft.server.storage.dir = [/workdir/hadoop-ozone/integration-test/target/test-dir/MiniOzoneClusterImpl-67ce7f06-f60a-4a96-b305-7bff22e95358/datanode-4/data/ratis] (custom)
2019-10-08 01:28:13,498 [pool-423-thread-1] INFO  server.RaftServerConfigKeys (ConfUtils.java:logGet(43)) - raft.server.log.corruption.policy = EXCEPTION (default)
2019-10-08 01:28:13,498 [pool-423-thread-1] INFO  storage.RaftStorageDirectory (RaftStorageDirectory.java:analyzeStorage(246)) - The storage directory /workdir/hadoop-ozone/integration-test/target/test-dir/MiniOzoneClusterImpl-67ce7f06-f60a-4a96-b305-7bff22e95358/datanode-4/data/ratis/c29b9239-8f0f-438d-968c-ef5dd2bc8624 does not exist. Creating ...
2019-10-08 01:28:13,511 [pool-423-thread-1] INFO  storage.RaftStorageDirectory (RaftStorageDirectory.java:tryLock(328)) - Lock on /workdir/hadoop-ozone/integration-test/target/test-dir/MiniOzoneClusterImpl-67ce7f06-f60a-4a96-b305-7bff22e95358/datanode-4/data/ratis/c29b9239-8f0f-438d-968c-ef5dd2bc8624/in_use.lock acquired by nodename 14957@pr-hdds-2217-dx9m9-1464909746
2019-10-08 01:28:13,523 [pool-423-thread-1] INFO  storage.RaftStorage (RaftStorage.java:format(84)) - Storage directory /workdir/hadoop-ozone/integration-test/target/test-dir/MiniOzoneClusterImpl-67ce7f06-f60a-4a96-b305-7bff22e95358/datanode-4/data/ratis/c29b9239-8f0f-438d-968c-ef5dd2bc8624 has been successfully formatted.
2019-10-08 01:28:13,523 [pool-423-thread-1] INFO  ratis.ContainerStateMachine (ContainerStateMachine.java:loadSnapshot(231)) - group-EF5DD2BC8624: The snapshot info is null. Setting the last applied indexto:(t:0, i:~)
2019-10-08 01:28:13,523 [pool-423-thread-1] INFO  server.RaftServerConfigKeys (ConfUtils.java:logGet(43)) - raft.server.notification.no-leader.timeout = 120s (custom)
2019-10-08 01:28:13,523 [pool-423-thread-1] INFO  server.RaftServerConfigKeys (ConfUtils.java:logGet(43)) - raft.server.log.use.memory = false (default)
2019-10-08 01:28:13,524 [pool-423-thread-1] INFO  server.RaftServerConfigKeys (ConfUtils.java:logGet(43)) - raft.server.log.purge.gap = 1000000 (custom)
2019-10-08 01:28:13,524 [pool-423-thread-1] INFO  server.RaftServerConfigKeys (ConfUtils.java:logGet(43)) - raft.server.log.appender.buffer.byte-limit = 33554432 (custom)
2019-10-08 01:28:13,524 [pool-423-thread-1] INFO  server.RaftServerConfigKeys (ConfUtils.java:logGet(43)) - raft.server.log.segment.size.max = 1048576 (custom)
2019-10-08 01:28:13,525 [pool-423-thread-1] INFO  server.RaftServerConfigKeys (ConfUtils.java:logGet(43)) - raft.server.log.segment.cache.num.max = 2 (custom)
2019-10-08 01:28:13,525 [pool-423-thread-1] INFO  segmented.SegmentedRaftLogWorker (SegmentedRaftLogWorker.java:<init>(173)) - new be201bfb-06ff-4c32-a593-81b12a9ed932@group-EF5DD2BC8624-SegmentedRaftLogWorker for RaftStorage:Storage Directory /workdir/hadoop-ozone/integration-test/target/test-dir/MiniOzoneClusterImpl-67ce7f06-f60a-4a96-b305-7bff22e95358/datanode-4/data/ratis/c29b9239-8f0f-438d-968c-ef5dd2bc8624
2019-10-08 01:28:13,525 [pool-423-thread-1] INFO  server.RaftServerConfigKeys (ConfUtils.java:logGet(43)) - raft.server.log.queue.byte-limit = 2147483647 (custom)
2019-10-08 01:28:13,525 [pool-423-thread-1] INFO  server.RaftServerConfigKeys (ConfUtils.java:logGet(43)) - raft.server.log.queue.element-limit = 1024 (custom)
2019-10-08 01:28:13,525 [pool-423-thread-1] INFO  server.RaftServerConfigKeys (ConfUtils.java:logGet(43)) - raft.server.log.segment.size.max = 1048576 (custom)
2019-10-08 01:28:13,526 [pool-423-thread-1] INFO  server.RaftServerConfigKeys (ConfUtils.java:logGet(43)) - raft.server.log.preallocated.size = 16384 (custom)
2019-10-08 01:28:13,526 [pool-423-thread-1] INFO  server.RaftServerConfigKeys (ConfUtils.java:logGet(43)) - raft.server.log.write.buffer.size = 33554432 (custom)
2019-10-08 01:28:13,526 [pool-423-thread-1] INFO  server.RaftServerConfigKeys (ConfUtils.java:logGet(43)) - raft.server.log.force.sync.num = 128 (default)
2019-10-08 01:28:13,526 [pool-423-thread-1] INFO  server.RaftServerConfigKeys (ConfUtils.java:logGet(43)) - raft.server.log.statemachine.data.sync = true (default)
2019-10-08 01:28:13,526 [pool-423-thread-1] INFO  server.RaftServerConfigKeys (ConfUtils.java:logGet(43)) - raft.server.log.statemachine.data.sync.timeout = 10s (default)
2019-10-08 01:28:13,526 [pool-423-thread-1] INFO  server.RaftServerConfigKeys (ConfUtils.java:logGet(43)) - raft.server.log.statemachine.data.sync.timeout.retry = -1 (default)
2019-10-08 01:28:13,526 [pool-423-thread-1] INFO  server.RaftServerConfigKeys (ConfUtils.java:logGet(43)) - raft.server.log.statemachine.data.caching.enabled = true (custom)
2019-10-08 01:28:13,527 [pool-423-thread-1] INFO  segmented.SegmentedRaftLogWorker (SegmentedRaftLogWorker.java:lambda$new$0(128)) - be201bfb-06ff-4c32-a593-81b12a9ed932@group-EF5DD2BC8624-SegmentedRaftLogWorker: flushIndex: setUnconditionally 0 -> -1
2019-10-08 01:28:13,527 [pool-423-thread-1] INFO  server.RaftServerConfigKeys (ConfUtils.java:logGet(43)) - raft.server.snapshot.auto.trigger.enabled = true (custom)
2019-10-08 01:28:13,527 [pool-423-thread-1] INFO  server.RaftServerConfigKeys (ConfUtils.java:logGet(43)) - raft.server.snapshot.auto.trigger.threshold = 10000 (custom)
2019-10-08 01:28:13,527 [pool-423-thread-1] INFO  server.RaftServerConfigKeys (ConfUtils.java:logGet(43)) - raft.server.snapshot.retention.file.num = 5 (custom)
2019-10-08 01:28:13,527 [pool-423-thread-1] INFO  server.RaftServerConfigKeys (ConfUtils.java:logGet(43)) - raft.server.retrycache.expirytime = 600000ms (custom)
2019-10-08 01:28:13,528 [pool-423-thread-1] INFO  impl.RaftServerImpl (RaftServerImpl.java:start(181)) - be201bfb-06ff-4c32-a593-81b12a9ed932@group-EF5DD2BC8624: start as a follower, conf=-1: [be201bfb-06ff-4c32-a593-81b12a9ed932:192.168.164.245:36996], old=null
2019-10-08 01:28:13,528 [pool-423-thread-1] INFO  impl.RaftServerImpl (RaftServerImpl.java:setRole(170)) - be201bfb-06ff-4c32-a593-81b12a9ed932@group-EF5DD2BC8624: changes role from      null to FOLLOWER at term 0 for startAsFollower
2019-10-08 01:28:13,528 [pool-423-thread-1] INFO  impl.RoleInfo (RoleInfo.java:updateAndGet(143)) - be201bfb-06ff-4c32-a593-81b12a9ed932: start FollowerState
2019-10-08 01:28:13,529 [pool-423-thread-1] INFO  util.JmxRegister (JmxRegister.java:tryRegister(44)) - Successfully registered JMX Bean with object name Ratis:service=RaftServer,group=group-EF5DD2BC8624,id=be201bfb-06ff-4c32-a593-81b12a9ed932
2019-10-08 01:28:13,533 [RatisPipelineUtilsThread] INFO  pipeline.PipelineStateManager (PipelineStateManager.java:addPipeline(56)) - Created pipeline Pipeline[ Id: c29b9239-8f0f-438d-968c-ef5dd2bc8624, Nodes: be201bfb-06ff-4c32-a593-81b12a9ed932{ip: 192.168.164.245, host: pr-hdds-2217-dx9m9-1464909746, networkLocation: /default-rack, certSerialId: null}, Type:RATIS, Factor:ONE, State:OPEN]
2019-10-08 01:28:13,542 [grpc-default-executor-4] INFO  impl.RaftServerProxy (RaftServerProxy.java:addNew(89)) - 3f617019-c937-4338-8149-b716bc6ee21a: addNew group-404D2E6ED870:[3f617019-c937-4338-8149-b716bc6ee21a:192.168.164.245:37784] returns group-404D2E6ED870:java.util.concurrent.CompletableFuture@35c0db2c[Not completed]
2019-10-08 01:28:13,543 [pool-413-thread-1] INFO  impl.RaftServerImpl (RaftServerImpl.java:<init>(95)) - 3f617019-c937-4338-8149-b716bc6ee21a: new RaftServerImpl for group-404D2E6ED870:[3f617019-c937-4338-8149-b716bc6ee21a:192.168.164.245:37784] with ContainerStateMachine:uninitialized
2019-10-08 01:28:13,543 [pool-413-thread-1] INFO  server.RaftServerConfigKeys (ConfUtils.java:logGet(43)) - raft.server.rpc.timeout.min = 5s (custom)
2019-10-08 01:28:13,543 [pool-413-thread-1] INFO  server.RaftServerConfigKeys (ConfUtils.java:logGet(43)) - raft.server.rpc.timeout.max = 5200ms (custom)
2019-10-08 01:28:13,543 [pool-413-thread-1] INFO  server.RaftServerConfigKeys (ConfUtils.java:logGet(43)) - raft.server.rpcslowness.timeout = 120s (custom)
2019-10-08 01:28:13,543 [pool-413-thread-1] INFO  server.RaftServerConfigKeys (ConfUtils.java:logGet(43)) - raft.server.sleep.deviation.threshold = 300 (default)
2019-10-08 01:28:13,543 [pool-413-thread-1] INFO  server.RaftServerConfigKeys (ConfUtils.java:logGet(43)) - raft.server.log.appender.install.snapshot.enabled = false (custom)
2019-10-08 01:28:13,544 [pool-413-thread-1] INFO  impl.RaftServerImpl (ServerState.java:<init>(103)) - 3f617019-c937-4338-8149-b716bc6ee21a@group-404D2E6ED870: ConfigurationManager, init=-1: [3f617019-c937-4338-8149-b716bc6ee21a:192.168.164.245:37784], old=null, confs=<EMPTY_MAP>
2019-10-08 01:28:13,544 [pool-413-thread-1] INFO  server.RaftServerConfigKeys (ConfUtils.java:logGet(43)) - raft.server.storage.dir = [/workdir/hadoop-ozone/integration-test/target/test-dir/MiniOzoneClusterImpl-67ce7f06-f60a-4a96-b305-7bff22e95358/datanode-3/data/ratis] (custom)
2019-10-08 01:28:13,544 [pool-413-thread-1] INFO  server.RaftServerConfigKeys (ConfUtils.java:logGet(43)) - raft.server.log.corruption.policy = EXCEPTION (default)
2019-10-08 01:28:13,544 [pool-413-thread-1] INFO  storage.RaftStorageDirectory (RaftStorageDirectory.java:analyzeStorage(246)) - The storage directory /workdir/hadoop-ozone/integration-test/target/test-dir/MiniOzoneClusterImpl-67ce7f06-f60a-4a96-b305-7bff22e95358/datanode-3/data/ratis/d836040c-c4c6-4506-9620-404d2e6ed870 does not exist. Creating ...
2019-10-08 01:28:13,556 [pool-413-thread-1] INFO  storage.RaftStorageDirectory (RaftStorageDirectory.java:tryLock(328)) - Lock on /workdir/hadoop-ozone/integration-test/target/test-dir/MiniOzoneClusterImpl-67ce7f06-f60a-4a96-b305-7bff22e95358/datanode-3/data/ratis/d836040c-c4c6-4506-9620-404d2e6ed870/in_use.lock acquired by nodename 14957@pr-hdds-2217-dx9m9-1464909746
2019-10-08 01:28:13,569 [pool-413-thread-1] INFO  storage.RaftStorage (RaftStorage.java:format(84)) - Storage directory /workdir/hadoop-ozone/integration-test/target/test-dir/MiniOzoneClusterImpl-67ce7f06-f60a-4a96-b305-7bff22e95358/datanode-3/data/ratis/d836040c-c4c6-4506-9620-404d2e6ed870 has been successfully formatted.
2019-10-08 01:28:13,569 [pool-413-thread-1] INFO  ratis.ContainerStateMachine (ContainerStateMachine.java:loadSnapshot(231)) - group-404D2E6ED870: The snapshot info is null. Setting the last applied indexto:(t:0, i:~)
2019-10-08 01:28:13,569 [pool-413-thread-1] INFO  server.RaftServerConfigKeys (ConfUtils.java:logGet(43)) - raft.server.notification.no-leader.timeout = 120s (custom)
2019-10-08 01:28:13,569 [pool-413-thread-1] INFO  server.RaftServerConfigKeys (ConfUtils.java:logGet(43)) - raft.server.log.use.memory = false (default)
2019-10-08 01:28:13,569 [pool-413-thread-1] INFO  server.RaftServerConfigKeys (ConfUtils.java:logGet(43)) - raft.server.log.purge.gap = 1000000 (custom)
2019-10-08 01:28:13,569 [pool-413-thread-1] INFO  server.RaftServerConfigKeys (ConfUtils.java:logGet(43)) - raft.server.log.appender.buffer.byte-limit = 33554432 (custom)
2019-10-08 01:28:13,570 [pool-413-thread-1] INFO  server.RaftServerConfigKeys (ConfUtils.java:logGet(43)) - raft.server.log.segment.size.max = 1048576 (custom)
2019-10-08 01:28:13,571 [pool-413-thread-1] INFO  server.RaftServerConfigKeys (ConfUtils.java:logGet(43)) - raft.server.log.segment.cache.num.max = 2 (custom)
2019-10-08 01:28:13,571 [pool-413-thread-1] INFO  segmented.SegmentedRaftLogWorker (SegmentedRaftLogWorker.java:<init>(173)) - new 3f617019-c937-4338-8149-b716bc6ee21a@group-404D2E6ED870-SegmentedRaftLogWorker for RaftStorage:Storage Directory /workdir/hadoop-ozone/integration-test/target/test-dir/MiniOzoneClusterImpl-67ce7f06-f60a-4a96-b305-7bff22e95358/datanode-3/data/ratis/d836040c-c4c6-4506-9620-404d2e6ed870
2019-10-08 01:28:13,571 [pool-413-thread-1] INFO  server.RaftServerConfigKeys (ConfUtils.java:logGet(43)) - raft.server.log.queue.byte-limit = 2147483647 (custom)
2019-10-08 01:28:13,571 [pool-413-thread-1] INFO  server.RaftServerConfigKeys (ConfUtils.java:logGet(43)) - raft.server.log.queue.element-limit = 1024 (custom)
2019-10-08 01:28:13,571 [pool-413-thread-1] INFO  server.RaftServerConfigKeys (ConfUtils.java:logGet(43)) - raft.server.log.segment.size.max = 1048576 (custom)
2019-10-08 01:28:13,571 [pool-413-thread-1] INFO  server.RaftServerConfigKeys (ConfUtils.java:logGet(43)) - raft.server.log.preallocated.size = 16384 (custom)
2019-10-08 01:28:13,571 [pool-413-thread-1] INFO  server.RaftServerConfigKeys (ConfUtils.java:logGet(43)) - raft.server.log.write.buffer.size = 33554432 (custom)
2019-10-08 01:28:13,571 [pool-413-thread-1] INFO  server.RaftServerConfigKeys (ConfUtils.java:logGet(43)) - raft.server.log.force.sync.num = 128 (default)
2019-10-08 01:28:13,571 [pool-413-thread-1] INFO  server.RaftServerConfigKeys (ConfUtils.java:logGet(43)) - raft.server.log.statemachine.data.sync = true (default)
2019-10-08 01:28:13,571 [pool-413-thread-1] INFO  server.RaftServerConfigKeys (ConfUtils.java:logGet(43)) - raft.server.log.statemachine.data.sync.timeout = 10s (default)
2019-10-08 01:28:13,572 [pool-413-thread-1] INFO  server.RaftServerConfigKeys (ConfUtils.java:logGet(43)) - raft.server.log.statemachine.data.sync.timeout.retry = -1 (default)
2019-10-08 01:28:13,572 [pool-413-thread-1] INFO  server.RaftServerConfigKeys (ConfUtils.java:logGet(43)) - raft.server.log.statemachine.data.caching.enabled = true (custom)
2019-10-08 01:28:13,572 [pool-413-thread-1] INFO  segmented.SegmentedRaftLogWorker (SegmentedRaftLogWorker.java:lambda$new$0(128)) - 3f617019-c937-4338-8149-b716bc6ee21a@group-404D2E6ED870-SegmentedRaftLogWorker: flushIndex: setUnconditionally 0 -> -1
2019-10-08 01:28:13,572 [pool-413-thread-1] INFO  server.RaftServerConfigKeys (ConfUtils.java:logGet(43)) - raft.server.snapshot.auto.trigger.enabled = true (custom)
2019-10-08 01:28:13,572 [pool-413-thread-1] INFO  server.RaftServerConfigKeys (ConfUtils.java:logGet(43)) - raft.server.snapshot.auto.trigger.threshold = 10000 (custom)
2019-10-08 01:28:13,572 [pool-413-thread-1] INFO  server.RaftServerConfigKeys (ConfUtils.java:logGet(43)) - raft.server.snapshot.retention.file.num = 5 (custom)
2019-10-08 01:28:13,572 [pool-413-thread-1] INFO  server.RaftServerConfigKeys (ConfUtils.java:logGet(43)) - raft.server.retrycache.expirytime = 600000ms (custom)
2019-10-08 01:28:13,573 [pool-413-thread-1] INFO  impl.RaftServerImpl (RaftServerImpl.java:start(181)) - 3f617019-c937-4338-8149-b716bc6ee21a@group-404D2E6ED870: start as a follower, conf=-1: [3f617019-c937-4338-8149-b716bc6ee21a:192.168.164.245:37784], old=null
2019-10-08 01:28:13,574 [pool-413-thread-1] INFO  impl.RaftServerImpl (RaftServerImpl.java:setRole(170)) - 3f617019-c937-4338-8149-b716bc6ee21a@group-404D2E6ED870: changes role from      null to FOLLOWER at term 0 for startAsFollower
2019-10-08 01:28:13,574 [pool-413-thread-1] INFO  impl.RoleInfo (RoleInfo.java:updateAndGet(143)) - 3f617019-c937-4338-8149-b716bc6ee21a: start FollowerState
2019-10-08 01:28:13,574 [pool-413-thread-1] INFO  util.JmxRegister (JmxRegister.java:tryRegister(44)) - Successfully registered JMX Bean with object name Ratis:service=RaftServer,group=group-404D2E6ED870,id=3f617019-c937-4338-8149-b716bc6ee21a
2019-10-08 01:28:13,577 [RatisPipelineUtilsThread] INFO  pipeline.PipelineStateManager (PipelineStateManager.java:addPipeline(56)) - Created pipeline Pipeline[ Id: d836040c-c4c6-4506-9620-404d2e6ed870, Nodes: 3f617019-c937-4338-8149-b716bc6ee21a{ip: 192.168.164.245, host: pr-hdds-2217-dx9m9-1464909746, networkLocation: /default-rack, certSerialId: null}, Type:RATIS, Factor:ONE, State:OPEN]
2019-10-08 01:28:13,599 [grpc-default-executor-2] INFO  impl.RaftServerProxy (RaftServerProxy.java:addNew(89)) - be201bfb-06ff-4c32-a593-81b12a9ed932: addNew group-72AF53B72A30:[d525d1b2-8a52-4d8f-983f-3c61fa4c526a:192.168.164.245:40280, 6ec04227-4ec5-46db-b32c-53b16fa90408:192.168.164.245:35459, be201bfb-06ff-4c32-a593-81b12a9ed932:192.168.164.245:36996] returns group-72AF53B72A30:java.util.concurrent.CompletableFuture@2b037c0a[Not completed]
2019-10-08 01:28:13,599 [grpc-default-executor-1] INFO  impl.RaftServerProxy (RaftServerProxy.java:addNew(89)) - d525d1b2-8a52-4d8f-983f-3c61fa4c526a: addNew group-72AF53B72A30:[d525d1b2-8a52-4d8f-983f-3c61fa4c526a:192.168.164.245:40280, 6ec04227-4ec5-46db-b32c-53b16fa90408:192.168.164.245:35459, be201bfb-06ff-4c32-a593-81b12a9ed932:192.168.164.245:36996] returns group-72AF53B72A30:java.util.concurrent.CompletableFuture@24252832[Not completed]
2019-10-08 01:28:13,600 [grpc-default-executor-2] INFO  impl.RaftServerProxy (RaftServerProxy.java:addNew(89)) - 6ec04227-4ec5-46db-b32c-53b16fa90408: addNew group-72AF53B72A30:[d525d1b2-8a52-4d8f-983f-3c61fa4c526a:192.168.164.245:40280, 6ec04227-4ec5-46db-b32c-53b16fa90408:192.168.164.245:35459, be201bfb-06ff-4c32-a593-81b12a9ed932:192.168.164.245:36996] returns group-72AF53B72A30:java.util.concurrent.CompletableFuture@5f7ac7e4[Not completed]
2019-10-08 01:28:13,601 [pool-423-thread-1] INFO  impl.RaftServerImpl (RaftServerImpl.java:<init>(95)) - be201bfb-06ff-4c32-a593-81b12a9ed932: new RaftServerImpl for group-72AF53B72A30:[d525d1b2-8a52-4d8f-983f-3c61fa4c526a:192.168.164.245:40280, 6ec04227-4ec5-46db-b32c-53b16fa90408:192.168.164.245:35459, be201bfb-06ff-4c32-a593-81b12a9ed932:192.168.164.245:36996] with ContainerStateMachine:uninitialized
2019-10-08 01:28:13,601 [pool-423-thread-1] INFO  server.RaftServerConfigKeys (ConfUtils.java:logGet(43)) - raft.server.rpc.timeout.min = 5s (custom)
2019-10-08 01:28:13,601 [pool-423-thread-1] INFO  server.RaftServerConfigKeys (ConfUtils.java:logGet(43)) - raft.server.rpc.timeout.max = 5200ms (custom)
2019-10-08 01:28:13,601 [pool-423-thread-1] INFO  server.RaftServerConfigKeys (ConfUtils.java:logGet(43)) - raft.server.rpcslowness.timeout = 120s (custom)
2019-10-08 01:28:13,601 [pool-423-thread-1] INFO  server.RaftServerConfigKeys (ConfUtils.java:logGet(43)) - raft.server.sleep.deviation.threshold = 300 (default)
2019-10-08 01:28:13,602 [pool-443-thread-1] INFO  impl.RaftServerImpl (RaftServerImpl.java:<init>(95)) - 6ec04227-4ec5-46db-b32c-53b16fa90408: new RaftServerImpl for group-72AF53B72A30:[d525d1b2-8a52-4d8f-983f-3c61fa4c526a:192.168.164.245:40280, 6ec04227-4ec5-46db-b32c-53b16fa90408:192.168.164.245:35459, be201bfb-06ff-4c32-a593-81b12a9ed932:192.168.164.245:36996] with ContainerStateMachine:uninitialized
2019-10-08 01:28:13,602 [pool-423-thread-1] INFO  server.RaftServerConfigKeys (ConfUtils.java:logGet(43)) - raft.server.log.appender.install.snapshot.enabled = false (custom)
2019-10-08 01:28:13,602 [pool-443-thread-1] INFO  server.RaftServerConfigKeys (ConfUtils.java:logGet(43)) - raft.server.rpc.timeout.min = 5s (custom)
2019-10-08 01:28:13,602 [pool-423-thread-1] INFO  impl.RaftServerImpl (ServerState.java:<init>(103)) - be201bfb-06ff-4c32-a593-81b12a9ed932@group-72AF53B72A30: ConfigurationManager, init=-1: [d525d1b2-8a52-4d8f-983f-3c61fa4c526a:192.168.164.245:40280, 6ec04227-4ec5-46db-b32c-53b16fa90408:192.168.164.245:35459, be201bfb-06ff-4c32-a593-81b12a9ed932:192.168.164.245:36996], old=null, confs=<EMPTY_MAP>
2019-10-08 01:28:13,602 [pool-443-thread-1] INFO  server.RaftServerConfigKeys (ConfUtils.java:logGet(43)) - raft.server.rpc.timeout.max = 5200ms (custom)
2019-10-08 01:28:13,602 [pool-423-thread-1] INFO  server.RaftServerConfigKeys (ConfUtils.java:logGet(43)) - raft.server.storage.dir = [/workdir/hadoop-ozone/integration-test/target/test-dir/MiniOzoneClusterImpl-67ce7f06-f60a-4a96-b305-7bff22e95358/datanode-4/data/ratis] (custom)
2019-10-08 01:28:13,602 [pool-433-thread-1] INFO  impl.RaftServerImpl (RaftServerImpl.java:<init>(95)) - d525d1b2-8a52-4d8f-983f-3c61fa4c526a: new RaftServerImpl for group-72AF53B72A30:[d525d1b2-8a52-4d8f-983f-3c61fa4c526a:192.168.164.245:40280, 6ec04227-4ec5-46db-b32c-53b16fa90408:192.168.164.245:35459, be201bfb-06ff-4c32-a593-81b12a9ed932:192.168.164.245:36996] with ContainerStateMachine:uninitialized
2019-10-08 01:28:13,602 [pool-443-thread-1] INFO  server.RaftServerConfigKeys (ConfUtils.java:logGet(43)) - raft.server.rpcslowness.timeout = 120s (custom)
2019-10-08 01:28:13,603 [pool-423-thread-1] INFO  server.RaftServerConfigKeys (ConfUtils.java:logGet(43)) - raft.server.log.corruption.policy = EXCEPTION (default)
2019-10-08 01:28:13,603 [pool-433-thread-1] INFO  server.RaftServerConfigKeys (ConfUtils.java:logGet(43)) - raft.server.rpc.timeout.min = 5s (custom)
2019-10-08 01:28:13,603 [pool-443-thread-1] INFO  server.RaftServerConfigKeys (ConfUtils.java:logGet(43)) - raft.server.sleep.deviation.threshold = 300 (default)
2019-10-08 01:28:13,603 [pool-433-thread-1] INFO  server.RaftServerConfigKeys (ConfUtils.java:logGet(43)) - raft.server.rpc.timeout.max = 5200ms (custom)
2019-10-08 01:28:13,603 [pool-423-thread-1] INFO  storage.RaftStorageDirectory (RaftStorageDirectory.java:analyzeStorage(246)) - The storage directory /workdir/hadoop-ozone/integration-test/target/test-dir/MiniOzoneClusterImpl-67ce7f06-f60a-4a96-b305-7bff22e95358/datanode-4/data/ratis/8dc1f08d-4d25-460a-b228-72af53b72a30 does not exist. Creating ...
2019-10-08 01:28:13,603 [pool-433-thread-1] INFO  server.RaftServerConfigKeys (ConfUtils.java:logGet(43)) - raft.server.rpcslowness.timeout = 120s (custom)
2019-10-08 01:28:13,604 [pool-433-thread-1] INFO  server.RaftServerConfigKeys (ConfUtils.java:logGet(43)) - raft.server.sleep.deviation.threshold = 300 (default)
2019-10-08 01:28:13,603 [pool-443-thread-1] INFO  server.RaftServerConfigKeys (ConfUtils.java:logGet(43)) - raft.server.log.appender.install.snapshot.enabled = false (custom)
2019-10-08 01:28:13,604 [pool-433-thread-1] INFO  server.RaftServerConfigKeys (ConfUtils.java:logGet(43)) - raft.server.log.appender.install.snapshot.enabled = false (custom)
2019-10-08 01:28:13,604 [pool-443-thread-1] INFO  impl.RaftServerImpl (ServerState.java:<init>(103)) - 6ec04227-4ec5-46db-b32c-53b16fa90408@group-72AF53B72A30: ConfigurationManager, init=-1: [d525d1b2-8a52-4d8f-983f-3c61fa4c526a:192.168.164.245:40280, 6ec04227-4ec5-46db-b32c-53b16fa90408:192.168.164.245:35459, be201bfb-06ff-4c32-a593-81b12a9ed932:192.168.164.245:36996], old=null, confs=<EMPTY_MAP>
2019-10-08 01:28:13,604 [pool-433-thread-1] INFO  impl.RaftServerImpl (ServerState.java:<init>(103)) - d525d1b2-8a52-4d8f-983f-3c61fa4c526a@group-72AF53B72A30: ConfigurationManager, init=-1: [d525d1b2-8a52-4d8f-983f-3c61fa4c526a:192.168.164.245:40280, 6ec04227-4ec5-46db-b32c-53b16fa90408:192.168.164.245:35459, be201bfb-06ff-4c32-a593-81b12a9ed932:192.168.164.245:36996], old=null, confs=<EMPTY_MAP>
2019-10-08 01:28:13,604 [pool-443-thread-1] INFO  server.RaftServerConfigKeys (ConfUtils.java:logGet(43)) - raft.server.storage.dir = [/workdir/hadoop-ozone/integration-test/target/test-dir/MiniOzoneClusterImpl-67ce7f06-f60a-4a96-b305-7bff22e95358/datanode-6/data/ratis] (custom)
2019-10-08 01:28:13,604 [pool-433-thread-1] INFO  server.RaftServerConfigKeys (ConfUtils.java:logGet(43)) - raft.server.storage.dir = [/workdir/hadoop-ozone/integration-test/target/test-dir/MiniOzoneClusterImpl-67ce7f06-f60a-4a96-b305-7bff22e95358/datanode-5/data/ratis] (custom)
2019-10-08 01:28:13,605 [pool-443-thread-1] INFO  server.RaftServerConfigKeys (ConfUtils.java:logGet(43)) - raft.server.log.corruption.policy = EXCEPTION (default)
2019-10-08 01:28:13,605 [pool-433-thread-1] INFO  server.RaftServerConfigKeys (ConfUtils.java:logGet(43)) - raft.server.log.corruption.policy = EXCEPTION (default)
2019-10-08 01:28:13,605 [pool-443-thread-1] INFO  storage.RaftStorageDirectory (RaftStorageDirectory.java:analyzeStorage(246)) - The storage directory /workdir/hadoop-ozone/integration-test/target/test-dir/MiniOzoneClusterImpl-67ce7f06-f60a-4a96-b305-7bff22e95358/datanode-6/data/ratis/8dc1f08d-4d25-460a-b228-72af53b72a30 does not exist. Creating ...
2019-10-08 01:28:13,605 [pool-433-thread-1] INFO  storage.RaftStorageDirectory (RaftStorageDirectory.java:analyzeStorage(246)) - The storage directory /workdir/hadoop-ozone/integration-test/target/test-dir/MiniOzoneClusterImpl-67ce7f06-f60a-4a96-b305-7bff22e95358/datanode-5/data/ratis/8dc1f08d-4d25-460a-b228-72af53b72a30 does not exist. Creating ...
2019-10-08 01:28:13,617 [pool-443-thread-1] INFO  storage.RaftStorageDirectory (RaftStorageDirectory.java:tryLock(328)) - Lock on /workdir/hadoop-ozone/integration-test/target/test-dir/MiniOzoneClusterImpl-67ce7f06-f60a-4a96-b305-7bff22e95358/datanode-6/data/ratis/8dc1f08d-4d25-460a-b228-72af53b72a30/in_use.lock acquired by nodename 14957@pr-hdds-2217-dx9m9-1464909746
2019-10-08 01:28:13,617 [pool-433-thread-1] INFO  storage.RaftStorageDirectory (RaftStorageDirectory.java:tryLock(328)) - Lock on /workdir/hadoop-ozone/integration-test/target/test-dir/MiniOzoneClusterImpl-67ce7f06-f60a-4a96-b305-7bff22e95358/datanode-5/data/ratis/8dc1f08d-4d25-460a-b228-72af53b72a30/in_use.lock acquired by nodename 14957@pr-hdds-2217-dx9m9-1464909746
2019-10-08 01:28:13,617 [pool-423-thread-1] INFO  storage.RaftStorageDirectory (RaftStorageDirectory.java:tryLock(328)) - Lock on /workdir/hadoop-ozone/integration-test/target/test-dir/MiniOzoneClusterImpl-67ce7f06-f60a-4a96-b305-7bff22e95358/datanode-4/data/ratis/8dc1f08d-4d25-460a-b228-72af53b72a30/in_use.lock acquired by nodename 14957@pr-hdds-2217-dx9m9-1464909746
2019-10-08 01:28:13,621 [pool-433-thread-1] INFO  storage.RaftStorage (RaftStorage.java:format(84)) - Storage directory /workdir/hadoop-ozone/integration-test/target/test-dir/MiniOzoneClusterImpl-67ce7f06-f60a-4a96-b305-7bff22e95358/datanode-5/data/ratis/8dc1f08d-4d25-460a-b228-72af53b72a30 has been successfully formatted.
2019-10-08 01:28:13,621 [pool-443-thread-1] INFO  storage.RaftStorage (RaftStorage.java:format(84)) - Storage directory /workdir/hadoop-ozone/integration-test/target/test-dir/MiniOzoneClusterImpl-67ce7f06-f60a-4a96-b305-7bff22e95358/datanode-6/data/ratis/8dc1f08d-4d25-460a-b228-72af53b72a30 has been successfully formatted.
2019-10-08 01:28:13,621 [pool-423-thread-1] INFO  storage.RaftStorage (RaftStorage.java:format(84)) - Storage directory /workdir/hadoop-ozone/integration-test/target/test-dir/MiniOzoneClusterImpl-67ce7f06-f60a-4a96-b305-7bff22e95358/datanode-4/data/ratis/8dc1f08d-4d25-460a-b228-72af53b72a30 has been successfully formatted.
2019-10-08 01:28:13,622 [pool-443-thread-1] INFO  ratis.ContainerStateMachine (ContainerStateMachine.java:loadSnapshot(231)) - group-72AF53B72A30: The snapshot info is null. Setting the last applied indexto:(t:0, i:~)
2019-10-08 01:28:13,621 [pool-433-thread-1] INFO  ratis.ContainerStateMachine (ContainerStateMachine.java:loadSnapshot(231)) - group-72AF53B72A30: The snapshot info is null. Setting the last applied indexto:(t:0, i:~)
2019-10-08 01:28:13,622 [pool-443-thread-1] INFO  server.RaftServerConfigKeys (ConfUtils.java:logGet(43)) - raft.server.notification.no-leader.timeout = 120s (custom)
2019-10-08 01:28:13,622 [pool-423-thread-1] INFO  ratis.ContainerStateMachine (ContainerStateMachine.java:loadSnapshot(231)) - group-72AF53B72A30: The snapshot info is null. Setting the last applied indexto:(t:0, i:~)
2019-10-08 01:28:13,622 [pool-443-thread-1] INFO  server.RaftServerConfigKeys (ConfUtils.java:logGet(43)) - raft.server.log.use.memory = false (default)
2019-10-08 01:28:13,622 [pool-433-thread-1] INFO  server.RaftServerConfigKeys (ConfUtils.java:logGet(43)) - raft.server.notification.no-leader.timeout = 120s (custom)
2019-10-08 01:28:13,623 [pool-443-thread-1] INFO  server.RaftServerConfigKeys (ConfUtils.java:logGet(43)) - raft.server.log.purge.gap = 1000000 (custom)
2019-10-08 01:28:13,622 [pool-423-thread-1] INFO  server.RaftServerConfigKeys (ConfUtils.java:logGet(43)) - raft.server.notification.no-leader.timeout = 120s (custom)
2019-10-08 01:28:13,623 [pool-443-thread-1] INFO  server.RaftServerConfigKeys (ConfUtils.java:logGet(43)) - raft.server.log.appender.buffer.byte-limit = 33554432 (custom)
2019-10-08 01:28:13,623 [pool-433-thread-1] INFO  server.RaftServerConfigKeys (ConfUtils.java:logGet(43)) - raft.server.log.use.memory = false (default)
2019-10-08 01:28:13,623 [pool-443-thread-1] INFO  server.RaftServerConfigKeys (ConfUtils.java:logGet(43)) - raft.server.log.segment.size.max = 1048576 (custom)
2019-10-08 01:28:13,623 [pool-423-thread-1] INFO  server.RaftServerConfigKeys (ConfUtils.java:logGet(43)) - raft.server.log.use.memory = false (default)
2019-10-08 01:28:13,623 [pool-443-thread-1] INFO  server.RaftServerConfigKeys (ConfUtils.java:logGet(43)) - raft.server.log.segment.cache.num.max = 2 (custom)
2019-10-08 01:28:13,623 [pool-433-thread-1] INFO  server.RaftServerConfigKeys (ConfUtils.java:logGet(43)) - raft.server.log.purge.gap = 1000000 (custom)
2019-10-08 01:28:13,624 [pool-443-thread-1] INFO  segmented.SegmentedRaftLogWorker (SegmentedRaftLogWorker.java:<init>(173)) - new 6ec04227-4ec5-46db-b32c-53b16fa90408@group-72AF53B72A30-SegmentedRaftLogWorker for RaftStorage:Storage Directory /workdir/hadoop-ozone/integration-test/target/test-dir/MiniOzoneClusterImpl-67ce7f06-f60a-4a96-b305-7bff22e95358/datanode-6/data/ratis/8dc1f08d-4d25-460a-b228-72af53b72a30
2019-10-08 01:28:13,624 [pool-423-thread-1] INFO  server.RaftServerConfigKeys (ConfUtils.java:logGet(43)) - raft.server.log.purge.gap = 1000000 (custom)
2019-10-08 01:28:13,624 [pool-443-thread-1] INFO  server.RaftServerConfigKeys (ConfUtils.java:logGet(43)) - raft.server.log.queue.byte-limit = 2147483647 (custom)
2019-10-08 01:28:13,624 [pool-433-thread-1] INFO  server.RaftServerConfigKeys (ConfUtils.java:logGet(43)) - raft.server.log.appender.buffer.byte-limit = 33554432 (custom)
2019-10-08 01:28:13,624 [pool-443-thread-1] INFO  server.RaftServerConfigKeys (ConfUtils.java:logGet(43)) - raft.server.log.queue.element-limit = 1024 (custom)
2019-10-08 01:28:13,624 [pool-423-thread-1] INFO  server.RaftServerConfigKeys (ConfUtils.java:logGet(43)) - raft.server.log.appender.buffer.byte-limit = 33554432 (custom)
2019-10-08 01:28:13,625 [pool-443-thread-1] INFO  server.RaftServerConfigKeys (ConfUtils.java:logGet(43)) - raft.server.log.segment.size.max = 1048576 (custom)
2019-10-08 01:28:13,625 [pool-433-thread-1] INFO  server.RaftServerConfigKeys (ConfUtils.java:logGet(43)) - raft.server.log.segment.size.max = 1048576 (custom)
2019-10-08 01:28:13,625 [pool-443-thread-1] INFO  server.RaftServerConfigKeys (ConfUtils.java:logGet(43)) - raft.server.log.preallocated.size = 16384 (custom)
2019-10-08 01:28:13,625 [pool-423-thread-1] INFO  server.RaftServerConfigKeys (ConfUtils.java:logGet(43)) - raft.server.log.segment.size.max = 1048576 (custom)
2019-10-08 01:28:13,625 [pool-443-thread-1] INFO  server.RaftServerConfigKeys (ConfUtils.java:logGet(43)) - raft.server.log.write.buffer.size = 33554432 (custom)
2019-10-08 01:28:13,625 [pool-433-thread-1] INFO  server.RaftServerConfigKeys (ConfUtils.java:logGet(43)) - raft.server.log.segment.cache.num.max = 2 (custom)
2019-10-08 01:28:13,626 [pool-443-thread-1] INFO  server.RaftServerConfigKeys (ConfUtils.java:logGet(43)) - raft.server.log.force.sync.num = 128 (default)
2019-10-08 01:28:13,625 [pool-423-thread-1] INFO  server.RaftServerConfigKeys (ConfUtils.java:logGet(43)) - raft.server.log.segment.cache.num.max = 2 (custom)
2019-10-08 01:28:13,626 [pool-443-thread-1] INFO  server.RaftServerConfigKeys (ConfUtils.java:logGet(43)) - raft.server.log.statemachine.data.sync = true (default)
2019-10-08 01:28:13,626 [pool-433-thread-1] INFO  segmented.SegmentedRaftLogWorker (SegmentedRaftLogWorker.java:<init>(173)) - new d525d1b2-8a52-4d8f-983f-3c61fa4c526a@group-72AF53B72A30-SegmentedRaftLogWorker for RaftStorage:Storage Directory /workdir/hadoop-ozone/integration-test/target/test-dir/MiniOzoneClusterImpl-67ce7f06-f60a-4a96-b305-7bff22e95358/datanode-5/data/ratis/8dc1f08d-4d25-460a-b228-72af53b72a30
2019-10-08 01:28:13,626 [pool-443-thread-1] INFO  server.RaftServerConfigKeys (ConfUtils.java:logGet(43)) - raft.server.log.statemachine.data.sync.timeout = 10s (default)
2019-10-08 01:28:13,626 [pool-423-thread-1] INFO  segmented.SegmentedRaftLogWorker (SegmentedRaftLogWorker.java:<init>(173)) - new be201bfb-06ff-4c32-a593-81b12a9ed932@group-72AF53B72A30-SegmentedRaftLogWorker for RaftStorage:Storage Directory /workdir/hadoop-ozone/integration-test/target/test-dir/MiniOzoneClusterImpl-67ce7f06-f60a-4a96-b305-7bff22e95358/datanode-4/data/ratis/8dc1f08d-4d25-460a-b228-72af53b72a30
2019-10-08 01:28:13,626 [pool-443-thread-1] INFO  server.RaftServerConfigKeys (ConfUtils.java:logGet(43)) - raft.server.log.statemachine.data.sync.timeout.retry = -1 (default)
2019-10-08 01:28:13,626 [pool-433-thread-1] INFO  server.RaftServerConfigKeys (ConfUtils.java:logGet(43)) - raft.server.log.queue.byte-limit = 2147483647 (custom)
2019-10-08 01:28:13,627 [pool-443-thread-1] INFO  server.RaftServerConfigKeys (ConfUtils.java:logGet(43)) - raft.server.log.statemachine.data.caching.enabled = true (custom)
2019-10-08 01:28:13,627 [pool-423-thread-1] INFO  server.RaftServerConfigKeys (ConfUtils.java:logGet(43)) - raft.server.log.queue.byte-limit = 2147483647 (custom)
2019-10-08 01:28:13,627 [pool-433-thread-1] INFO  server.RaftServerConfigKeys (ConfUtils.java:logGet(43)) - raft.server.log.queue.element-limit = 1024 (custom)
2019-10-08 01:28:13,627 [pool-443-thread-1] INFO  segmented.SegmentedRaftLogWorker (SegmentedRaftLogWorker.java:lambda$new$0(128)) - 6ec04227-4ec5-46db-b32c-53b16fa90408@group-72AF53B72A30-SegmentedRaftLogWorker: flushIndex: setUnconditionally 0 -> -1
2019-10-08 01:28:13,627 [pool-423-thread-1] INFO  server.RaftServerConfigKeys (ConfUtils.java:logGet(43)) - raft.server.log.queue.element-limit = 1024 (custom)
2019-10-08 01:28:13,627 [pool-433-thread-1] INFO  server.RaftServerConfigKeys (ConfUtils.java:logGet(43)) - raft.server.log.segment.size.max = 1048576 (custom)
2019-10-08 01:28:13,628 [pool-423-thread-1] INFO  server.RaftServerConfigKeys (ConfUtils.java:logGet(43)) - raft.server.log.segment.size.max = 1048576 (custom)
2019-10-08 01:28:13,628 [pool-443-thread-1] INFO  server.RaftServerConfigKeys (ConfUtils.java:logGet(43)) - raft.server.snapshot.auto.trigger.enabled = true (custom)
2019-10-08 01:28:13,628 [pool-423-thread-1] INFO  server.RaftServerConfigKeys (ConfUtils.java:logGet(43)) - raft.server.log.preallocated.size = 16384 (custom)
2019-10-08 01:28:13,628 [pool-433-thread-1] INFO  server.RaftServerConfigKeys (ConfUtils.java:logGet(43)) - raft.server.log.preallocated.size = 16384 (custom)
2019-10-08 01:28:13,628 [pool-423-thread-1] INFO  server.RaftServerConfigKeys (ConfUtils.java:logGet(43)) - raft.server.log.write.buffer.size = 33554432 (custom)
2019-10-08 01:28:13,628 [pool-443-thread-1] INFO  server.RaftServerConfigKeys (ConfUtils.java:logGet(43)) - raft.server.snapshot.auto.trigger.threshold = 10000 (custom)
2019-10-08 01:28:13,629 [pool-423-thread-1] INFO  server.RaftServerConfigKeys (ConfUtils.java:logGet(43)) - raft.server.log.force.sync.num = 128 (default)
2019-10-08 01:28:13,628 [pool-433-thread-1] INFO  server.RaftServerConfigKeys (ConfUtils.java:logGet(43)) - raft.server.log.write.buffer.size = 33554432 (custom)
2019-10-08 01:28:13,629 [pool-423-thread-1] INFO  server.RaftServerConfigKeys (ConfUtils.java:logGet(43)) - raft.server.log.statemachine.data.sync = true (default)
2019-10-08 01:28:13,629 [pool-443-thread-1] INFO  server.RaftServerConfigKeys (ConfUtils.java:logGet(43)) - raft.server.snapshot.retention.file.num = 5 (custom)
2019-10-08 01:28:13,629 [pool-423-thread-1] INFO  server.RaftServerConfigKeys (ConfUtils.java:logGet(43)) - raft.server.log.statemachine.data.sync.timeout = 10s (default)
2019-10-08 01:28:13,629 [pool-433-thread-1] INFO  server.RaftServerConfigKeys (ConfUtils.java:logGet(43)) - raft.server.log.force.sync.num = 128 (default)
2019-10-08 01:28:13,629 [pool-423-thread-1] INFO  server.RaftServerConfigKeys (ConfUtils.java:logGet(43)) - raft.server.log.statemachine.data.sync.timeout.retry = -1 (default)
2019-10-08 01:28:13,629 [pool-443-thread-1] INFO  server.RaftServerConfigKeys (ConfUtils.java:logGet(43)) - raft.server.retrycache.expirytime = 600000ms (custom)
2019-10-08 01:28:13,630 [pool-423-thread-1] INFO  server.RaftServerConfigKeys (ConfUtils.java:logGet(43)) - raft.server.log.statemachine.data.caching.enabled = true (custom)
2019-10-08 01:28:13,630 [pool-433-thread-1] INFO  server.RaftServerConfigKeys (ConfUtils.java:logGet(43)) - raft.server.log.statemachine.data.sync = true (default)
2019-10-08 01:28:13,630 [pool-433-thread-1] INFO  server.RaftServerConfigKeys (ConfUtils.java:logGet(43)) - raft.server.log.statemachine.data.sync.timeout = 10s (default)
2019-10-08 01:28:13,630 [pool-423-thread-1] INFO  segmented.SegmentedRaftLogWorker (SegmentedRaftLogWorker.java:lambda$new$0(128)) - be201bfb-06ff-4c32-a593-81b12a9ed932@group-72AF53B72A30-SegmentedRaftLogWorker: flushIndex: setUnconditionally 0 -> -1
2019-10-08 01:28:13,630 [pool-433-thread-1] INFO  server.RaftServerConfigKeys (ConfUtils.java:logGet(43)) - raft.server.log.statemachine.data.sync.timeout.retry = -1 (default)
2019-10-08 01:28:13,631 [pool-423-thread-1] INFO  server.RaftServerConfigKeys (ConfUtils.java:logGet(43)) - raft.server.snapshot.auto.trigger.enabled = true (custom)
2019-10-08 01:28:13,631 [pool-433-thread-1] INFO  server.RaftServerConfigKeys (ConfUtils.java:logGet(43)) - raft.server.log.statemachine.data.caching.enabled = true (custom)
2019-10-08 01:28:13,631 [pool-423-thread-1] INFO  server.RaftServerConfigKeys (ConfUtils.java:logGet(43)) - raft.server.snapshot.auto.trigger.threshold = 10000 (custom)
2019-10-08 01:28:13,631 [pool-433-thread-1] INFO  segmented.SegmentedRaftLogWorker (SegmentedRaftLogWorker.java:lambda$new$0(128)) - d525d1b2-8a52-4d8f-983f-3c61fa4c526a@group-72AF53B72A30-SegmentedRaftLogWorker: flushIndex: setUnconditionally 0 -> -1
2019-10-08 01:28:13,631 [pool-423-thread-1] INFO  server.RaftServerConfigKeys (ConfUtils.java:logGet(43)) - raft.server.snapshot.retention.file.num = 5 (custom)
2019-10-08 01:28:13,631 [pool-433-thread-1] INFO  server.RaftServerConfigKeys (ConfUtils.java:logGet(43)) - raft.server.snapshot.auto.trigger.enabled = true (custom)
2019-10-08 01:28:13,631 [pool-423-thread-1] INFO  server.RaftServerConfigKeys (ConfUtils.java:logGet(43)) - raft.server.retrycache.expirytime = 600000ms (custom)
2019-10-08 01:28:13,631 [pool-433-thread-1] INFO  server.RaftServerConfigKeys (ConfUtils.java:logGet(43)) - raft.server.snapshot.auto.trigger.threshold = 10000 (custom)
2019-10-08 01:28:13,632 [pool-433-thread-1] INFO  server.RaftServerConfigKeys (ConfUtils.java:logGet(43)) - raft.server.snapshot.retention.file.num = 5 (custom)
2019-10-08 01:28:13,632 [pool-443-thread-1] INFO  impl.RaftServerImpl (RaftServerImpl.java:start(181)) - 6ec04227-4ec5-46db-b32c-53b16fa90408@group-72AF53B72A30: start as a follower, conf=-1: [d525d1b2-8a52-4d8f-983f-3c61fa4c526a:192.168.164.245:40280, 6ec04227-4ec5-46db-b32c-53b16fa90408:192.168.164.245:35459, be201bfb-06ff-4c32-a593-81b12a9ed932:192.168.164.245:36996], old=null
2019-10-08 01:28:13,632 [pool-433-thread-1] INFO  server.RaftServerConfigKeys (ConfUtils.java:logGet(43)) - raft.server.retrycache.expirytime = 600000ms (custom)
2019-10-08 01:28:13,632 [pool-443-thread-1] INFO  impl.RaftServerImpl (RaftServerImpl.java:setRole(170)) - 6ec04227-4ec5-46db-b32c-53b16fa90408@group-72AF53B72A30: changes role from      null to FOLLOWER at term 0 for startAsFollower
2019-10-08 01:28:13,632 [pool-443-thread-1] INFO  impl.RoleInfo (RoleInfo.java:updateAndGet(143)) - 6ec04227-4ec5-46db-b32c-53b16fa90408: start FollowerState
2019-10-08 01:28:13,633 [pool-443-thread-1] INFO  util.JmxRegister (JmxRegister.java:tryRegister(44)) - Successfully registered JMX Bean with object name Ratis:service=RaftServer,group=group-72AF53B72A30,id=6ec04227-4ec5-46db-b32c-53b16fa90408
2019-10-08 01:28:13,634 [pool-423-thread-1] INFO  impl.RaftServerImpl (RaftServerImpl.java:start(181)) - be201bfb-06ff-4c32-a593-81b12a9ed932@group-72AF53B72A30: start as a follower, conf=-1: [d525d1b2-8a52-4d8f-983f-3c61fa4c526a:192.168.164.245:40280, 6ec04227-4ec5-46db-b32c-53b16fa90408:192.168.164.245:35459, be201bfb-06ff-4c32-a593-81b12a9ed932:192.168.164.245:36996], old=null
2019-10-08 01:28:13,634 [pool-423-thread-1] INFO  impl.RaftServerImpl (RaftServerImpl.java:setRole(170)) - be201bfb-06ff-4c32-a593-81b12a9ed932@group-72AF53B72A30: changes role from      null to FOLLOWER at term 0 for startAsFollower
2019-10-08 01:28:13,634 [pool-423-thread-1] INFO  impl.RoleInfo (RoleInfo.java:updateAndGet(143)) - be201bfb-06ff-4c32-a593-81b12a9ed932: start FollowerState
2019-10-08 01:28:13,634 [pool-433-thread-1] INFO  impl.RaftServerImpl (RaftServerImpl.java:start(181)) - d525d1b2-8a52-4d8f-983f-3c61fa4c526a@group-72AF53B72A30: start as a follower, conf=-1: [d525d1b2-8a52-4d8f-983f-3c61fa4c526a:192.168.164.245:40280, 6ec04227-4ec5-46db-b32c-53b16fa90408:192.168.164.245:35459, be201bfb-06ff-4c32-a593-81b12a9ed932:192.168.164.245:36996], old=null
2019-10-08 01:28:13,634 [pool-433-thread-1] INFO  impl.RaftServerImpl (RaftServerImpl.java:setRole(170)) - d525d1b2-8a52-4d8f-983f-3c61fa4c526a@group-72AF53B72A30: changes role from      null to FOLLOWER at term 0 for startAsFollower
2019-10-08 01:28:13,635 [pool-433-thread-1] INFO  impl.RoleInfo (RoleInfo.java:updateAndGet(143)) - d525d1b2-8a52-4d8f-983f-3c61fa4c526a: start FollowerState
2019-10-08 01:28:13,635 [pool-423-thread-1] INFO  util.JmxRegister (JmxRegister.java:tryRegister(44)) - Successfully registered JMX Bean with object name Ratis:service=RaftServer,group=group-72AF53B72A30,id=be201bfb-06ff-4c32-a593-81b12a9ed932
2019-10-08 01:28:13,635 [pool-433-thread-1] INFO  util.JmxRegister (JmxRegister.java:tryRegister(44)) - Successfully registered JMX Bean with object name Ratis:service=RaftServer,group=group-72AF53B72A30,id=d525d1b2-8a52-4d8f-983f-3c61fa4c526a
2019-10-08 01:28:13,640 [RatisPipelineUtilsThread] INFO  pipeline.PipelineStateManager (PipelineStateManager.java:addPipeline(56)) - Created pipeline Pipeline[ Id: 8dc1f08d-4d25-460a-b228-72af53b72a30, Nodes: d525d1b2-8a52-4d8f-983f-3c61fa4c526a{ip: 192.168.164.245, host: pr-hdds-2217-dx9m9-1464909746, networkLocation: /default-rack, certSerialId: null}6ec04227-4ec5-46db-b32c-53b16fa90408{ip: 192.168.164.245, host: pr-hdds-2217-dx9m9-1464909746, networkLocation: /default-rack, certSerialId: null}be201bfb-06ff-4c32-a593-81b12a9ed932{ip: 192.168.164.245, host: pr-hdds-2217-dx9m9-1464909746, networkLocation: /default-rack, certSerialId: null}, Type:RATIS, Factor:THREE, State:OPEN]
2019-10-08 01:28:14,408 [main] INFO  ozone.MiniOzoneClusterImpl (MiniOzoneClusterImpl.java:lambda$waitForClusterToBeReady$0(147)) - Cluster is ready. Got 7 of 7 DN Heartbeats.
2019-10-08 01:28:14,452 [main] INFO  rpc.RpcClient (RpcClient.java:createVolume(277)) - Creating Volume: watchforcommithandlingtest, with jenkins1000 as owner.
2019-10-08 01:28:14,455 [IPC Server handler 2 on 36553] INFO  volume.OMVolumeCreateRequest (OMVolumeCreateRequest.java:validateAndUpdateCache(193)) - created volume:watchforcommithandlingtest for user:jenkins1000
2019-10-08 01:28:14,468 [main] INFO  rpc.RpcClient (RpcClient.java:createBucket(416)) - Creating Bucket: watchforcommithandlingtest/watchforcommithandlingtest, with Versioning false and Storage Type set to DISK and Encryption set to false 
2019-10-08 01:28:14,472 [main] INFO  ozone.MiniOzoneClusterImpl (MiniOzoneClusterImpl.java:getStorageContainerLocationClient(234)) - Creating StorageContainerLocationProtocol RPC client with address /0.0.0.0:40266
2019-10-08 01:28:16,045 [Thread-2337] INFO  container.ReplicationManager (ReplicationManager.java:start(162)) - Starting Replication Monitor Thread.
2019-10-08 01:28:16,050 [ReplicationMonitor] INFO  container.ReplicationManager (ReplicationManager.java:run(225)) - Replication Monitor Thread took 0 milliseconds for processing 1 containers.
2019-10-08 01:28:18,252 [Thread-2345] INFO  impl.FollowerState (FollowerState.java:run(108)) - 359b1709-126a-4c21-8d4f-e4e0c5c9b498@group-EEFE4656691C-FollowerState: change to CANDIDATE, lastRpcTime:5044ms, electionTimeout:5044ms
2019-10-08 01:28:18,252 [Thread-2345] INFO  impl.RoleInfo (RoleInfo.java:shutdownFollowerState(121)) - 359b1709-126a-4c21-8d4f-e4e0c5c9b498: shutdown FollowerState
2019-10-08 01:28:18,252 [Thread-2345] INFO  impl.RaftServerImpl (RaftServerImpl.java:setRole(170)) - 359b1709-126a-4c21-8d4f-e4e0c5c9b498@group-EEFE4656691C: changes role from  FOLLOWER to CANDIDATE at term 0 for changeToCandidate
2019-10-08 01:28:18,252 [Thread-2345] INFO  impl.RoleInfo (RoleInfo.java:updateAndGet(143)) - 359b1709-126a-4c21-8d4f-e4e0c5c9b498: start LeaderElection
2019-10-08 01:28:18,275 [359b1709-126a-4c21-8d4f-e4e0c5c9b498@group-EEFE4656691C-LeaderElection82] INFO  impl.LeaderElection (LeaderElection.java:askForVotes(178)) - 359b1709-126a-4c21-8d4f-e4e0c5c9b498@group-EEFE4656691C-LeaderElection82: begin an election at term 1 for -1: [359b1709-126a-4c21-8d4f-e4e0c5c9b498:192.168.164.245:40396], old=null
2019-10-08 01:28:18,275 [359b1709-126a-4c21-8d4f-e4e0c5c9b498@group-EEFE4656691C-LeaderElection82] INFO  impl.RoleInfo (RoleInfo.java:shutdownLeaderElection(134)) - 359b1709-126a-4c21-8d4f-e4e0c5c9b498: shutdown LeaderElection
2019-10-08 01:28:18,275 [359b1709-126a-4c21-8d4f-e4e0c5c9b498@group-EEFE4656691C-LeaderElection82] INFO  impl.RaftServerImpl (RaftServerImpl.java:setRole(170)) - 359b1709-126a-4c21-8d4f-e4e0c5c9b498@group-EEFE4656691C: changes role from CANDIDATE to LEADER at term 1 for changeToLeader
2019-10-08 01:28:18,275 [359b1709-126a-4c21-8d4f-e4e0c5c9b498@group-EEFE4656691C-LeaderElection82] INFO  impl.RaftServerImpl (ServerState.java:setLeader(255)) - 359b1709-126a-4c21-8d4f-e4e0c5c9b498@group-EEFE4656691C: change Leader from null to 359b1709-126a-4c21-8d4f-e4e0c5c9b498 at term 1 for becomeLeader, leader elected after 5073ms
2019-10-08 01:28:18,275 [359b1709-126a-4c21-8d4f-e4e0c5c9b498@group-EEFE4656691C-LeaderElection82] INFO  server.RaftServerConfigKeys (ConfUtils.java:logGet(43)) - raft.server.staging.catchup.gap = 1000 (default)
2019-10-08 01:28:18,275 [359b1709-126a-4c21-8d4f-e4e0c5c9b498@group-EEFE4656691C-LeaderElection82] INFO  server.RaftServerConfigKeys (ConfUtils.java:logGet(43)) - raft.server.rpc.sleep.time = 25ms (default)
2019-10-08 01:28:18,276 [359b1709-126a-4c21-8d4f-e4e0c5c9b498@group-EEFE4656691C-LeaderElection82] INFO  server.RaftServerConfigKeys (ConfUtils.java:logGet(43)) - raft.server.write.element-limit = 4096 (default)
2019-10-08 01:28:18,276 [359b1709-126a-4c21-8d4f-e4e0c5c9b498@group-EEFE4656691C-LeaderElection82] INFO  server.RaftServerConfigKeys (ConfUtils.java:logGet(43)) - raft.server.watch.timeout = 10s (default)
2019-10-08 01:28:18,276 [359b1709-126a-4c21-8d4f-e4e0c5c9b498@group-EEFE4656691C-LeaderElection82] INFO  server.RaftServerConfigKeys (ConfUtils.java:logGet(43)) - raft.server.watch.timeout.denomination = 1s (default)
2019-10-08 01:28:18,276 [359b1709-126a-4c21-8d4f-e4e0c5c9b498@group-EEFE4656691C-LeaderElection82] INFO  server.RaftServerConfigKeys (ConfUtils.java:logGet(43)) - raft.server.watch.element-limit = 65536 (default)
2019-10-08 01:28:18,279 [359b1709-126a-4c21-8d4f-e4e0c5c9b498@group-EEFE4656691C-LeaderElection82] INFO  impl.RoleInfo (RoleInfo.java:updateAndGet(143)) - 359b1709-126a-4c21-8d4f-e4e0c5c9b498: start LeaderState
2019-10-08 01:28:18,280 [359b1709-126a-4c21-8d4f-e4e0c5c9b498@group-EEFE4656691C-LeaderElection82] INFO  segmented.SegmentedRaftLogWorker (SegmentedRaftLogWorker.java:startLogSegment(385)) - 359b1709-126a-4c21-8d4f-e4e0c5c9b498@group-EEFE4656691C-SegmentedRaftLogWorker: Starting segment from index:0
2019-10-08 01:28:18,280 [359b1709-126a-4c21-8d4f-e4e0c5c9b498@group-EEFE4656691C-LeaderElection82] INFO  impl.RaftServerImpl (ServerState.java:setRaftConf(356)) - 359b1709-126a-4c21-8d4f-e4e0c5c9b498@group-EEFE4656691C: set configuration 0: [359b1709-126a-4c21-8d4f-e4e0c5c9b498:192.168.164.245:40396], old=null at 0
2019-10-08 01:28:18,283 [Thread-2351] INFO  impl.FollowerState (FollowerState.java:run(108)) - bc69bb28-5035-44eb-aa70-10d3ea24e6d9@group-9D1B76DF5C11-FollowerState: change to CANDIDATE, lastRpcTime:5002ms, electionTimeout:5002ms
2019-10-08 01:28:18,283 [Thread-2351] INFO  impl.RoleInfo (RoleInfo.java:shutdownFollowerState(121)) - bc69bb28-5035-44eb-aa70-10d3ea24e6d9: shutdown FollowerState
2019-10-08 01:28:18,283 [Thread-2351] INFO  impl.RaftServerImpl (RaftServerImpl.java:setRole(170)) - bc69bb28-5035-44eb-aa70-10d3ea24e6d9@group-9D1B76DF5C11: changes role from  FOLLOWER to CANDIDATE at term 0 for changeToCandidate
2019-10-08 01:28:18,283 [Thread-2351] INFO  impl.RoleInfo (RoleInfo.java:updateAndGet(143)) - bc69bb28-5035-44eb-aa70-10d3ea24e6d9: start LeaderElection
2019-10-08 01:28:18,306 [Thread-2339] INFO  impl.FollowerState (FollowerState.java:run(108)) - bd94d12f-2ccb-49d7-b498-60d4bd8bf369@group-ADA4B3524C6C-FollowerState: change to CANDIDATE, lastRpcTime:5209ms, electionTimeout:5193ms
2019-10-08 01:28:18,309 [Thread-2339] INFO  impl.RoleInfo (RoleInfo.java:shutdownFollowerState(121)) - bd94d12f-2ccb-49d7-b498-60d4bd8bf369: shutdown FollowerState
2019-10-08 01:28:18,309 [Thread-2339] INFO  impl.RaftServerImpl (RaftServerImpl.java:setRole(170)) - bd94d12f-2ccb-49d7-b498-60d4bd8bf369@group-ADA4B3524C6C: changes role from  FOLLOWER to CANDIDATE at term 0 for changeToCandidate
2019-10-08 01:28:18,309 [Thread-2339] INFO  impl.RoleInfo (RoleInfo.java:updateAndGet(143)) - bd94d12f-2ccb-49d7-b498-60d4bd8bf369: start LeaderElection
2019-10-08 01:28:18,318 [359b1709-126a-4c21-8d4f-e4e0c5c9b498@group-EEFE4656691C-SegmentedRaftLogWorker] INFO  segmented.SegmentedRaftLogWorker (SegmentedRaftLogWorker.java:execute(574)) - 359b1709-126a-4c21-8d4f-e4e0c5c9b498@group-EEFE4656691C-SegmentedRaftLogWorker: created new log segment /workdir/hadoop-ozone/integration-test/target/test-dir/MiniOzoneClusterImpl-67ce7f06-f60a-4a96-b305-7bff22e95358/datanode-2/data/ratis/bf445379-2931-480e-a3ea-eefe4656691c/current/log_inprogress_0
2019-10-08 01:28:18,319 [bc69bb28-5035-44eb-aa70-10d3ea24e6d9@group-9D1B76DF5C11-LeaderElection83] INFO  impl.LeaderElection (LeaderElection.java:askForVotes(178)) - bc69bb28-5035-44eb-aa70-10d3ea24e6d9@group-9D1B76DF5C11-LeaderElection83: begin an election at term 1 for -1: [bc69bb28-5035-44eb-aa70-10d3ea24e6d9:192.168.164.245:42173, bd94d12f-2ccb-49d7-b498-60d4bd8bf369:192.168.164.245:43098, 359b1709-126a-4c21-8d4f-e4e0c5c9b498:192.168.164.245:40396], old=null
2019-10-08 01:28:18,320 [bd94d12f-2ccb-49d7-b498-60d4bd8bf369@group-ADA4B3524C6C-LeaderElection84] INFO  impl.LeaderElection (LeaderElection.java:askForVotes(178)) - bd94d12f-2ccb-49d7-b498-60d4bd8bf369@group-ADA4B3524C6C-LeaderElection84: begin an election at term 1 for -1: [bd94d12f-2ccb-49d7-b498-60d4bd8bf369:192.168.164.245:43098], old=null
2019-10-08 01:28:18,320 [bd94d12f-2ccb-49d7-b498-60d4bd8bf369@group-ADA4B3524C6C-LeaderElection84] INFO  impl.RoleInfo (RoleInfo.java:shutdownLeaderElection(134)) - bd94d12f-2ccb-49d7-b498-60d4bd8bf369: shutdown LeaderElection
2019-10-08 01:28:18,320 [bd94d12f-2ccb-49d7-b498-60d4bd8bf369@group-ADA4B3524C6C-LeaderElection84] INFO  impl.RaftServerImpl (RaftServerImpl.java:setRole(170)) - bd94d12f-2ccb-49d7-b498-60d4bd8bf369@group-ADA4B3524C6C: changes role from CANDIDATE to LEADER at term 1 for changeToLeader
2019-10-08 01:28:18,320 [bd94d12f-2ccb-49d7-b498-60d4bd8bf369@group-ADA4B3524C6C-LeaderElection84] INFO  impl.RaftServerImpl (ServerState.java:setLeader(255)) - bd94d12f-2ccb-49d7-b498-60d4bd8bf369@group-ADA4B3524C6C: change Leader from null to bd94d12f-2ccb-49d7-b498-60d4bd8bf369 at term 1 for becomeLeader, leader elected after 5231ms
2019-10-08 01:28:18,320 [bd94d12f-2ccb-49d7-b498-60d4bd8bf369@group-ADA4B3524C6C-LeaderElection84] INFO  server.RaftServerConfigKeys (ConfUtils.java:logGet(43)) - raft.server.staging.catchup.gap = 1000 (default)
2019-10-08 01:28:18,320 [bd94d12f-2ccb-49d7-b498-60d4bd8bf369@group-ADA4B3524C6C-LeaderElection84] INFO  server.RaftServerConfigKeys (ConfUtils.java:logGet(43)) - raft.server.rpc.sleep.time = 25ms (default)
2019-10-08 01:28:18,320 [bd94d12f-2ccb-49d7-b498-60d4bd8bf369@group-ADA4B3524C6C-LeaderElection84] INFO  server.RaftServerConfigKeys (ConfUtils.java:logGet(43)) - raft.server.write.element-limit = 4096 (default)
2019-10-08 01:28:18,321 [bd94d12f-2ccb-49d7-b498-60d4bd8bf369@group-ADA4B3524C6C-LeaderElection84] INFO  server.RaftServerConfigKeys (ConfUtils.java:logGet(43)) - raft.server.watch.timeout = 10s (default)
2019-10-08 01:28:18,321 [bd94d12f-2ccb-49d7-b498-60d4bd8bf369@group-ADA4B3524C6C-LeaderElection84] INFO  server.RaftServerConfigKeys (ConfUtils.java:logGet(43)) - raft.server.watch.timeout.denomination = 1s (default)
2019-10-08 01:28:18,321 [bd94d12f-2ccb-49d7-b498-60d4bd8bf369@group-ADA4B3524C6C-LeaderElection84] INFO  server.RaftServerConfigKeys (ConfUtils.java:logGet(43)) - raft.server.watch.element-limit = 65536 (default)
2019-10-08 01:28:18,322 [bd94d12f-2ccb-49d7-b498-60d4bd8bf369@group-ADA4B3524C6C-LeaderElection84] INFO  impl.RoleInfo (RoleInfo.java:updateAndGet(143)) - bd94d12f-2ccb-49d7-b498-60d4bd8bf369: start LeaderState
2019-10-08 01:28:18,322 [bd94d12f-2ccb-49d7-b498-60d4bd8bf369@group-ADA4B3524C6C-LeaderElection84] INFO  segmented.SegmentedRaftLogWorker (SegmentedRaftLogWorker.java:startLogSegment(385)) - bd94d12f-2ccb-49d7-b498-60d4bd8bf369@group-ADA4B3524C6C-SegmentedRaftLogWorker: Starting segment from index:0
2019-10-08 01:28:18,323 [bd94d12f-2ccb-49d7-b498-60d4bd8bf369@group-ADA4B3524C6C-LeaderElection84] INFO  impl.RaftServerImpl (ServerState.java:setRaftConf(356)) - bd94d12f-2ccb-49d7-b498-60d4bd8bf369@group-ADA4B3524C6C: set configuration 0: [bd94d12f-2ccb-49d7-b498-60d4bd8bf369:192.168.164.245:43098], old=null at 0
2019-10-08 01:28:18,323 [grpc-default-executor-1] INFO  impl.RaftServerImpl (RaftServerImpl.java:setRole(170)) - bd94d12f-2ccb-49d7-b498-60d4bd8bf369@group-9D1B76DF5C11: changes role from  FOLLOWER to FOLLOWER at term 1 for recognizeCandidate:bc69bb28-5035-44eb-aa70-10d3ea24e6d9
2019-10-08 01:28:18,323 [grpc-default-executor-2] INFO  impl.RaftServerImpl (RaftServerImpl.java:setRole(170)) - 359b1709-126a-4c21-8d4f-e4e0c5c9b498@group-9D1B76DF5C11: changes role from  FOLLOWER to FOLLOWER at term 1 for recognizeCandidate:bc69bb28-5035-44eb-aa70-10d3ea24e6d9
2019-10-08 01:28:18,324 [grpc-default-executor-1] INFO  impl.RoleInfo (RoleInfo.java:shutdownFollowerState(121)) - bd94d12f-2ccb-49d7-b498-60d4bd8bf369: shutdown FollowerState
2019-10-08 01:28:18,324 [grpc-default-executor-2] INFO  impl.RoleInfo (RoleInfo.java:shutdownFollowerState(121)) - 359b1709-126a-4c21-8d4f-e4e0c5c9b498: shutdown FollowerState
2019-10-08 01:28:18,324 [Thread-2350] INFO  impl.FollowerState (FollowerState.java:run(117)) - bd94d12f-2ccb-49d7-b498-60d4bd8bf369@group-9D1B76DF5C11-FollowerState was interrupted: java.lang.InterruptedException: sleep interrupted
2019-10-08 01:28:18,324 [grpc-default-executor-1] INFO  impl.RoleInfo (RoleInfo.java:updateAndGet(143)) - bd94d12f-2ccb-49d7-b498-60d4bd8bf369: start FollowerState
2019-10-08 01:28:18,324 [Thread-2352] INFO  impl.FollowerState (FollowerState.java:run(117)) - 359b1709-126a-4c21-8d4f-e4e0c5c9b498@group-9D1B76DF5C11-FollowerState was interrupted: java.lang.InterruptedException: sleep interrupted
2019-10-08 01:28:18,348 [Thread-2342] INFO  impl.FollowerState (FollowerState.java:run(108)) - bc69bb28-5035-44eb-aa70-10d3ea24e6d9@group-EA758080F2C6-FollowerState: change to CANDIDATE, lastRpcTime:5200ms, electionTimeout:5189ms
2019-10-08 01:28:18,324 [grpc-default-executor-2] INFO  impl.RoleInfo (RoleInfo.java:updateAndGet(143)) - 359b1709-126a-4c21-8d4f-e4e0c5c9b498: start FollowerState
2019-10-08 01:28:18,351 [Thread-2342] INFO  impl.RoleInfo (RoleInfo.java:shutdownFollowerState(121)) - bc69bb28-5035-44eb-aa70-10d3ea24e6d9: shutdown FollowerState
2019-10-08 01:28:18,351 [Thread-2342] INFO  impl.RaftServerImpl (RaftServerImpl.java:setRole(170)) - bc69bb28-5035-44eb-aa70-10d3ea24e6d9@group-EA758080F2C6: changes role from  FOLLOWER to CANDIDATE at term 0 for changeToCandidate
2019-10-08 01:28:18,351 [Thread-2342] INFO  impl.RoleInfo (RoleInfo.java:updateAndGet(143)) - bc69bb28-5035-44eb-aa70-10d3ea24e6d9: start LeaderElection
2019-10-08 01:28:18,361 [bd94d12f-2ccb-49d7-b498-60d4bd8bf369@group-ADA4B3524C6C-SegmentedRaftLogWorker] INFO  segmented.SegmentedRaftLogWorker (SegmentedRaftLogWorker.java:execute(574)) - bd94d12f-2ccb-49d7-b498-60d4bd8bf369@group-ADA4B3524C6C-SegmentedRaftLogWorker: created new log segment /workdir/hadoop-ozone/integration-test/target/test-dir/MiniOzoneClusterImpl-67ce7f06-f60a-4a96-b305-7bff22e95358/datanode-0/data/ratis/aadd4049-2bd4-48e0-a0d6-ada4b3524c6c/current/log_inprogress_0
2019-10-08 01:28:18,361 [bc69bb28-5035-44eb-aa70-10d3ea24e6d9@group-EA758080F2C6-LeaderElection85] INFO  impl.LeaderElection (LeaderElection.java:askForVotes(178)) - bc69bb28-5035-44eb-aa70-10d3ea24e6d9@group-EA758080F2C6-LeaderElection85: begin an election at term 1 for -1: [bc69bb28-5035-44eb-aa70-10d3ea24e6d9:192.168.164.245:42173], old=null
2019-10-08 01:28:18,361 [bc69bb28-5035-44eb-aa70-10d3ea24e6d9@group-EA758080F2C6-LeaderElection85] INFO  impl.RoleInfo (RoleInfo.java:shutdownLeaderElection(134)) - bc69bb28-5035-44eb-aa70-10d3ea24e6d9: shutdown LeaderElection
2019-10-08 01:28:18,361 [bc69bb28-5035-44eb-aa70-10d3ea24e6d9@group-EA758080F2C6-LeaderElection85] INFO  impl.RaftServerImpl (RaftServerImpl.java:setRole(170)) - bc69bb28-5035-44eb-aa70-10d3ea24e6d9@group-EA758080F2C6: changes role from CANDIDATE to LEADER at term 1 for changeToLeader
2019-10-08 01:28:18,361 [bc69bb28-5035-44eb-aa70-10d3ea24e6d9@group-EA758080F2C6-LeaderElection85] INFO  impl.RaftServerImpl (ServerState.java:setLeader(255)) - bc69bb28-5035-44eb-aa70-10d3ea24e6d9@group-EA758080F2C6: change Leader from null to bc69bb28-5035-44eb-aa70-10d3ea24e6d9 at term 1 for becomeLeader, leader elected after 5222ms
2019-10-08 01:28:18,361 [bc69bb28-5035-44eb-aa70-10d3ea24e6d9@group-EA758080F2C6-LeaderElection85] INFO  server.RaftServerConfigKeys (ConfUtils.java:logGet(43)) - raft.server.staging.catchup.gap = 1000 (default)
2019-10-08 01:28:18,362 [bc69bb28-5035-44eb-aa70-10d3ea24e6d9@group-EA758080F2C6-LeaderElection85] INFO  server.RaftServerConfigKeys (ConfUtils.java:logGet(43)) - raft.server.rpc.sleep.time = 25ms (default)
2019-10-08 01:28:18,362 [bc69bb28-5035-44eb-aa70-10d3ea24e6d9@group-EA758080F2C6-LeaderElection85] INFO  server.RaftServerConfigKeys (ConfUtils.java:logGet(43)) - raft.server.write.element-limit = 4096 (default)
2019-10-08 01:28:18,362 [bc69bb28-5035-44eb-aa70-10d3ea24e6d9@group-EA758080F2C6-LeaderElection85] INFO  server.RaftServerConfigKeys (ConfUtils.java:logGet(43)) - raft.server.watch.timeout = 10s (default)
2019-10-08 01:28:18,362 [bc69bb28-5035-44eb-aa70-10d3ea24e6d9@group-EA758080F2C6-LeaderElection85] INFO  server.RaftServerConfigKeys (ConfUtils.java:logGet(43)) - raft.server.watch.timeout.denomination = 1s (default)
2019-10-08 01:28:18,362 [bc69bb28-5035-44eb-aa70-10d3ea24e6d9@group-EA758080F2C6-LeaderElection85] INFO  server.RaftServerConfigKeys (ConfUtils.java:logGet(43)) - raft.server.watch.element-limit = 65536 (default)
2019-10-08 01:28:18,362 [bc69bb28-5035-44eb-aa70-10d3ea24e6d9@group-9D1B76DF5C11-LeaderElection83] INFO  impl.LeaderElection (LeaderElection.java:logAndReturn(56)) - bc69bb28-5035-44eb-aa70-10d3ea24e6d9@group-9D1B76DF5C11-LeaderElection83: Election PASSED; received 1 response(s) [bc69bb28-5035-44eb-aa70-10d3ea24e6d9<-bd94d12f-2ccb-49d7-b498-60d4bd8bf369#0:OK-t1] and 0 exception(s); bc69bb28-5035-44eb-aa70-10d3ea24e6d9@group-9D1B76DF5C11:t1, leader=null, voted=bc69bb28-5035-44eb-aa70-10d3ea24e6d9, raftlog=bc69bb28-5035-44eb-aa70-10d3ea24e6d9@group-9D1B76DF5C11-SegmentedRaftLog:OPENED:c-1,f-1,i0, conf=-1: [bc69bb28-5035-44eb-aa70-10d3ea24e6d9:192.168.164.245:42173, bd94d12f-2ccb-49d7-b498-60d4bd8bf369:192.168.164.245:43098, 359b1709-126a-4c21-8d4f-e4e0c5c9b498:192.168.164.245:40396], old=null
2019-10-08 01:28:18,362 [bc69bb28-5035-44eb-aa70-10d3ea24e6d9@group-9D1B76DF5C11-LeaderElection83] INFO  impl.RoleInfo (RoleInfo.java:shutdownLeaderElection(134)) - bc69bb28-5035-44eb-aa70-10d3ea24e6d9: shutdown LeaderElection
2019-10-08 01:28:18,362 [bc69bb28-5035-44eb-aa70-10d3ea24e6d9@group-9D1B76DF5C11-LeaderElection83] INFO  impl.RaftServerImpl (RaftServerImpl.java:setRole(170)) - bc69bb28-5035-44eb-aa70-10d3ea24e6d9@group-9D1B76DF5C11: changes role from CANDIDATE to LEADER at term 1 for changeToLeader
2019-10-08 01:28:18,363 [bc69bb28-5035-44eb-aa70-10d3ea24e6d9@group-9D1B76DF5C11-LeaderElection83] INFO  impl.RaftServerImpl (ServerState.java:setLeader(255)) - bc69bb28-5035-44eb-aa70-10d3ea24e6d9@group-9D1B76DF5C11: change Leader from null to bc69bb28-5035-44eb-aa70-10d3ea24e6d9 at term 1 for becomeLeader, leader elected after 5093ms
2019-10-08 01:28:18,363 [bc69bb28-5035-44eb-aa70-10d3ea24e6d9@group-9D1B76DF5C11-LeaderElection83] INFO  server.RaftServerConfigKeys (ConfUtils.java:logGet(43)) - raft.server.staging.catchup.gap = 1000 (default)
2019-10-08 01:28:18,363 [bc69bb28-5035-44eb-aa70-10d3ea24e6d9@group-9D1B76DF5C11-LeaderElection83] INFO  server.RaftServerConfigKeys (ConfUtils.java:logGet(43)) - raft.server.rpc.sleep.time = 25ms (default)
2019-10-08 01:28:18,363 [bc69bb28-5035-44eb-aa70-10d3ea24e6d9@group-9D1B76DF5C11-LeaderElection83] INFO  server.RaftServerConfigKeys (ConfUtils.java:logGet(43)) - raft.server.write.element-limit = 4096 (default)
2019-10-08 01:28:18,363 [bc69bb28-5035-44eb-aa70-10d3ea24e6d9@group-9D1B76DF5C11-LeaderElection83] INFO  server.RaftServerConfigKeys (ConfUtils.java:logGet(43)) - raft.server.watch.timeout = 10s (default)
2019-10-08 01:28:18,363 [bc69bb28-5035-44eb-aa70-10d3ea24e6d9@group-9D1B76DF5C11-LeaderElection83] INFO  server.RaftServerConfigKeys (ConfUtils.java:logGet(43)) - raft.server.watch.timeout.denomination = 1s (default)
2019-10-08 01:28:18,363 [bc69bb28-5035-44eb-aa70-10d3ea24e6d9@group-9D1B76DF5C11-LeaderElection83] INFO  server.RaftServerConfigKeys (ConfUtils.java:logGet(43)) - raft.server.watch.element-limit = 65536 (default)
2019-10-08 01:28:18,364 [bc69bb28-5035-44eb-aa70-10d3ea24e6d9@group-EA758080F2C6-LeaderElection85] INFO  impl.RoleInfo (RoleInfo.java:updateAndGet(143)) - bc69bb28-5035-44eb-aa70-10d3ea24e6d9: start LeaderState
2019-10-08 01:28:18,366 [bc69bb28-5035-44eb-aa70-10d3ea24e6d9@group-EA758080F2C6-LeaderElection85] INFO  segmented.SegmentedRaftLogWorker (SegmentedRaftLogWorker.java:startLogSegment(385)) - bc69bb28-5035-44eb-aa70-10d3ea24e6d9@group-EA758080F2C6-SegmentedRaftLogWorker: Starting segment from index:0
2019-10-08 01:28:18,366 [bc69bb28-5035-44eb-aa70-10d3ea24e6d9@group-EA758080F2C6-LeaderElection85] INFO  impl.RaftServerImpl (ServerState.java:setRaftConf(356)) - bc69bb28-5035-44eb-aa70-10d3ea24e6d9@group-EA758080F2C6: set configuration 0: [bc69bb28-5035-44eb-aa70-10d3ea24e6d9:192.168.164.245:42173], old=null at 0
2019-10-08 01:28:18,367 [bc69bb28-5035-44eb-aa70-10d3ea24e6d9@group-9D1B76DF5C11-LeaderElection83] INFO  server.RaftServerConfigKeys (ConfUtils.java:logGet(43)) - raft.server.log.appender.snapshot.chunk.size.max = 16MB (=16777216) (default)
2019-10-08 01:28:18,367 [bc69bb28-5035-44eb-aa70-10d3ea24e6d9@group-9D1B76DF5C11-LeaderElection83] INFO  server.RaftServerConfigKeys (ConfUtils.java:logGet(43)) - raft.server.log.appender.buffer.byte-limit = 33554432 (custom)
2019-10-08 01:28:18,367 [bc69bb28-5035-44eb-aa70-10d3ea24e6d9@group-9D1B76DF5C11-LeaderElection83] INFO  server.RaftServerConfigKeys (ConfUtils.java:logGet(43)) - raft.server.log.appender.buffer.element-limit = 1 (custom)
2019-10-08 01:28:18,368 [bc69bb28-5035-44eb-aa70-10d3ea24e6d9@group-9D1B76DF5C11-LeaderElection83] INFO  grpc.GrpcConfigKeys$Server (ConfUtils.java:logGet(43)) - raft.grpc.server.leader.outstanding.appends.max = 128 (default)
2019-10-08 01:28:18,368 [bc69bb28-5035-44eb-aa70-10d3ea24e6d9@group-9D1B76DF5C11-LeaderElection83] INFO  server.RaftServerConfigKeys (ConfUtils.java:logGet(43)) - raft.server.rpc.request.timeout = 3000ms (default)
2019-10-08 01:28:18,368 [bc69bb28-5035-44eb-aa70-10d3ea24e6d9@group-9D1B76DF5C11-LeaderElection83] INFO  server.RaftServerConfigKeys (ConfUtils.java:logGet(43)) - raft.server.log.appender.install.snapshot.enabled = false (custom)
2019-10-08 01:28:18,368 [bc69bb28-5035-44eb-aa70-10d3ea24e6d9@group-9D1B76DF5C11-LeaderElection83] INFO  server.RaftServerConfigKeys (ConfUtils.java:logGet(43)) - raft.server.log.appender.snapshot.chunk.size.max = 16MB (=16777216) (default)
2019-10-08 01:28:18,368 [bc69bb28-5035-44eb-aa70-10d3ea24e6d9@group-9D1B76DF5C11-LeaderElection83] INFO  server.RaftServerConfigKeys (ConfUtils.java:logGet(43)) - raft.server.log.appender.buffer.byte-limit = 33554432 (custom)
2019-10-08 01:28:18,368 [bc69bb28-5035-44eb-aa70-10d3ea24e6d9@group-9D1B76DF5C11-LeaderElection83] INFO  server.RaftServerConfigKeys (ConfUtils.java:logGet(43)) - raft.server.log.appender.buffer.element-limit = 1 (custom)
2019-10-08 01:28:18,369 [bc69bb28-5035-44eb-aa70-10d3ea24e6d9@group-9D1B76DF5C11-LeaderElection83] INFO  grpc.GrpcConfigKeys$Server (ConfUtils.java:logGet(43)) - raft.grpc.server.leader.outstanding.appends.max = 128 (default)
2019-10-08 01:28:18,369 [bc69bb28-5035-44eb-aa70-10d3ea24e6d9@group-9D1B76DF5C11-LeaderElection83] INFO  server.RaftServerConfigKeys (ConfUtils.java:logGet(43)) - raft.server.rpc.request.timeout = 3000ms (default)
2019-10-08 01:28:18,369 [bc69bb28-5035-44eb-aa70-10d3ea24e6d9@group-9D1B76DF5C11-LeaderElection83] INFO  server.RaftServerConfigKeys (ConfUtils.java:logGet(43)) - raft.server.log.appender.install.snapshot.enabled = false (custom)
2019-10-08 01:28:18,369 [bc69bb28-5035-44eb-aa70-10d3ea24e6d9@group-9D1B76DF5C11-LeaderElection83] INFO  impl.RoleInfo (RoleInfo.java:updateAndGet(143)) - bc69bb28-5035-44eb-aa70-10d3ea24e6d9: start LeaderState
2019-10-08 01:28:18,369 [bc69bb28-5035-44eb-aa70-10d3ea24e6d9@group-9D1B76DF5C11-LeaderElection83] INFO  segmented.SegmentedRaftLogWorker (SegmentedRaftLogWorker.java:startLogSegment(385)) - bc69bb28-5035-44eb-aa70-10d3ea24e6d9@group-9D1B76DF5C11-SegmentedRaftLogWorker: Starting segment from index:0
2019-10-08 01:28:18,370 [bc69bb28-5035-44eb-aa70-10d3ea24e6d9@group-9D1B76DF5C11-LeaderElection83] INFO  impl.RaftServerImpl (ServerState.java:setRaftConf(356)) - bc69bb28-5035-44eb-aa70-10d3ea24e6d9@group-9D1B76DF5C11: set configuration 0: [bc69bb28-5035-44eb-aa70-10d3ea24e6d9:192.168.164.245:42173, bd94d12f-2ccb-49d7-b498-60d4bd8bf369:192.168.164.245:43098, 359b1709-126a-4c21-8d4f-e4e0c5c9b498:192.168.164.245:40396], old=null at 0
2019-10-08 01:28:18,403 [grpc-default-executor-1] INFO  impl.RaftServerImpl (ServerState.java:setLeader(255)) - 359b1709-126a-4c21-8d4f-e4e0c5c9b498@group-9D1B76DF5C11: change Leader from null to bc69bb28-5035-44eb-aa70-10d3ea24e6d9 at term 1 for appendEntries, leader elected after 5134ms
2019-10-08 01:28:18,406 [grpc-default-executor-2] INFO  impl.RaftServerImpl (ServerState.java:setLeader(255)) - bd94d12f-2ccb-49d7-b498-60d4bd8bf369@group-9D1B76DF5C11: change Leader from null to bc69bb28-5035-44eb-aa70-10d3ea24e6d9 at term 1 for appendEntries, leader elected after 5136ms
2019-10-08 01:28:18,408 [grpc-default-executor-2] INFO  impl.RaftServerImpl (ServerState.java:setRaftConf(356)) - 359b1709-126a-4c21-8d4f-e4e0c5c9b498@group-9D1B76DF5C11: set configuration 0: [bc69bb28-5035-44eb-aa70-10d3ea24e6d9:192.168.164.245:42173, bd94d12f-2ccb-49d7-b498-60d4bd8bf369:192.168.164.245:43098, 359b1709-126a-4c21-8d4f-e4e0c5c9b498:192.168.164.245:40396], old=null at 0
2019-10-08 01:28:18,408 [grpc-default-executor-1] INFO  impl.RaftServerImpl (ServerState.java:setRaftConf(356)) - bd94d12f-2ccb-49d7-b498-60d4bd8bf369@group-9D1B76DF5C11: set configuration 0: [bc69bb28-5035-44eb-aa70-10d3ea24e6d9:192.168.164.245:42173, bd94d12f-2ccb-49d7-b498-60d4bd8bf369:192.168.164.245:43098, 359b1709-126a-4c21-8d4f-e4e0c5c9b498:192.168.164.245:40396], old=null at 0
2019-10-08 01:28:18,408 [grpc-default-executor-2] INFO  segmented.SegmentedRaftLogWorker (SegmentedRaftLogWorker.java:startLogSegment(385)) - 359b1709-126a-4c21-8d4f-e4e0c5c9b498@group-9D1B76DF5C11-SegmentedRaftLogWorker: Starting segment from index:0
2019-10-08 01:28:18,409 [grpc-default-executor-1] INFO  segmented.SegmentedRaftLogWorker (SegmentedRaftLogWorker.java:startLogSegment(385)) - bd94d12f-2ccb-49d7-b498-60d4bd8bf369@group-9D1B76DF5C11-SegmentedRaftLogWorker: Starting segment from index:0
2019-10-08 01:28:18,412 [bc69bb28-5035-44eb-aa70-10d3ea24e6d9@group-EA758080F2C6-SegmentedRaftLogWorker] INFO  segmented.SegmentedRaftLogWorker (SegmentedRaftLogWorker.java:execute(574)) - bc69bb28-5035-44eb-aa70-10d3ea24e6d9@group-EA758080F2C6-SegmentedRaftLogWorker: created new log segment /workdir/hadoop-ozone/integration-test/target/test-dir/MiniOzoneClusterImpl-67ce7f06-f60a-4a96-b305-7bff22e95358/datanode-1/data/ratis/0a69c553-25a9-43ef-9ea9-ea758080f2c6/current/log_inprogress_0
2019-10-08 01:28:18,412 [bc69bb28-5035-44eb-aa70-10d3ea24e6d9@group-9D1B76DF5C11-SegmentedRaftLogWorker] INFO  segmented.SegmentedRaftLogWorker (SegmentedRaftLogWorker.java:execute(574)) - bc69bb28-5035-44eb-aa70-10d3ea24e6d9@group-9D1B76DF5C11-SegmentedRaftLogWorker: created new log segment /workdir/hadoop-ozone/integration-test/target/test-dir/MiniOzoneClusterImpl-67ce7f06-f60a-4a96-b305-7bff22e95358/datanode-1/data/ratis/0e6081c5-8060-40f2-8fae-9d1b76df5c11/current/log_inprogress_0
2019-10-08 01:28:18,438 [Thread-2357] INFO  impl.FollowerState (FollowerState.java:run(108)) - d525d1b2-8a52-4d8f-983f-3c61fa4c526a@group-5B80EF9893AC-FollowerState: change to CANDIDATE, lastRpcTime:5026ms, electionTimeout:5026ms
2019-10-08 01:28:18,438 [Thread-2357] INFO  impl.RoleInfo (RoleInfo.java:shutdownFollowerState(121)) - d525d1b2-8a52-4d8f-983f-3c61fa4c526a: shutdown FollowerState
2019-10-08 01:28:18,438 [Thread-2357] INFO  impl.RaftServerImpl (RaftServerImpl.java:setRole(170)) - d525d1b2-8a52-4d8f-983f-3c61fa4c526a@group-5B80EF9893AC: changes role from  FOLLOWER to CANDIDATE at term 0 for changeToCandidate
2019-10-08 01:28:18,438 [Thread-2357] INFO  impl.RoleInfo (RoleInfo.java:updateAndGet(143)) - d525d1b2-8a52-4d8f-983f-3c61fa4c526a: start LeaderElection
2019-10-08 01:28:18,447 [bd94d12f-2ccb-49d7-b498-60d4bd8bf369@group-9D1B76DF5C11-SegmentedRaftLogWorker] INFO  segmented.SegmentedRaftLogWorker (SegmentedRaftLogWorker.java:execute(574)) - bd94d12f-2ccb-49d7-b498-60d4bd8bf369@group-9D1B76DF5C11-SegmentedRaftLogWorker: created new log segment /workdir/hadoop-ozone/integration-test/target/test-dir/MiniOzoneClusterImpl-67ce7f06-f60a-4a96-b305-7bff22e95358/datanode-0/data/ratis/0e6081c5-8060-40f2-8fae-9d1b76df5c11/current/log_inprogress_0
2019-10-08 01:28:18,447 [359b1709-126a-4c21-8d4f-e4e0c5c9b498@group-9D1B76DF5C11-SegmentedRaftLogWorker] INFO  segmented.SegmentedRaftLogWorker (SegmentedRaftLogWorker.java:execute(574)) - 359b1709-126a-4c21-8d4f-e4e0c5c9b498@group-9D1B76DF5C11-SegmentedRaftLogWorker: created new log segment /workdir/hadoop-ozone/integration-test/target/test-dir/MiniOzoneClusterImpl-67ce7f06-f60a-4a96-b305-7bff22e95358/datanode-2/data/ratis/0e6081c5-8060-40f2-8fae-9d1b76df5c11/current/log_inprogress_0
2019-10-08 01:28:18,450 [d525d1b2-8a52-4d8f-983f-3c61fa4c526a@group-5B80EF9893AC-LeaderElection86] INFO  impl.LeaderElection (LeaderElection.java:askForVotes(178)) - d525d1b2-8a52-4d8f-983f-3c61fa4c526a@group-5B80EF9893AC-LeaderElection86: begin an election at term 1 for -1: [d525d1b2-8a52-4d8f-983f-3c61fa4c526a:192.168.164.245:40280], old=null
2019-10-08 01:28:18,450 [d525d1b2-8a52-4d8f-983f-3c61fa4c526a@group-5B80EF9893AC-LeaderElection86] INFO  impl.RoleInfo (RoleInfo.java:shutdownLeaderElection(134)) - d525d1b2-8a52-4d8f-983f-3c61fa4c526a: shutdown LeaderElection
2019-10-08 01:28:18,450 [d525d1b2-8a52-4d8f-983f-3c61fa4c526a@group-5B80EF9893AC-LeaderElection86] INFO  impl.RaftServerImpl (RaftServerImpl.java:setRole(170)) - d525d1b2-8a52-4d8f-983f-3c61fa4c526a@group-5B80EF9893AC: changes role from CANDIDATE to LEADER at term 1 for changeToLeader
2019-10-08 01:28:18,450 [d525d1b2-8a52-4d8f-983f-3c61fa4c526a@group-5B80EF9893AC-LeaderElection86] INFO  impl.RaftServerImpl (ServerState.java:setLeader(255)) - d525d1b2-8a52-4d8f-983f-3c61fa4c526a@group-5B80EF9893AC: change Leader from null to d525d1b2-8a52-4d8f-983f-3c61fa4c526a at term 1 for becomeLeader, leader elected after 5048ms
2019-10-08 01:28:18,450 [d525d1b2-8a52-4d8f-983f-3c61fa4c526a@group-5B80EF9893AC-LeaderElection86] INFO  server.RaftServerConfigKeys (ConfUtils.java:logGet(43)) - raft.server.staging.catchup.gap = 1000 (default)
2019-10-08 01:28:18,450 [d525d1b2-8a52-4d8f-983f-3c61fa4c526a@group-5B80EF9893AC-LeaderElection86] INFO  server.RaftServerConfigKeys (ConfUtils.java:logGet(43)) - raft.server.rpc.sleep.time = 25ms (default)
2019-10-08 01:28:18,450 [d525d1b2-8a52-4d8f-983f-3c61fa4c526a@group-5B80EF9893AC-LeaderElection86] INFO  server.RaftServerConfigKeys (ConfUtils.java:logGet(43)) - raft.server.write.element-limit = 4096 (default)
2019-10-08 01:28:18,450 [d525d1b2-8a52-4d8f-983f-3c61fa4c526a@group-5B80EF9893AC-LeaderElection86] INFO  server.RaftServerConfigKeys (ConfUtils.java:logGet(43)) - raft.server.watch.timeout = 10s (default)
2019-10-08 01:28:18,451 [d525d1b2-8a52-4d8f-983f-3c61fa4c526a@group-5B80EF9893AC-LeaderElection86] INFO  server.RaftServerConfigKeys (ConfUtils.java:logGet(43)) - raft.server.watch.timeout.denomination = 1s (default)
2019-10-08 01:28:18,451 [d525d1b2-8a52-4d8f-983f-3c61fa4c526a@group-5B80EF9893AC-LeaderElection86] INFO  server.RaftServerConfigKeys (ConfUtils.java:logGet(43)) - raft.server.watch.element-limit = 65536 (default)
2019-10-08 01:28:18,452 [d525d1b2-8a52-4d8f-983f-3c61fa4c526a@group-5B80EF9893AC-LeaderElection86] INFO  impl.RoleInfo (RoleInfo.java:updateAndGet(143)) - d525d1b2-8a52-4d8f-983f-3c61fa4c526a: start LeaderState
2019-10-08 01:28:18,453 [d525d1b2-8a52-4d8f-983f-3c61fa4c526a@group-5B80EF9893AC-LeaderElection86] INFO  segmented.SegmentedRaftLogWorker (SegmentedRaftLogWorker.java:startLogSegment(385)) - d525d1b2-8a52-4d8f-983f-3c61fa4c526a@group-5B80EF9893AC-SegmentedRaftLogWorker: Starting segment from index:0
2019-10-08 01:28:18,453 [d525d1b2-8a52-4d8f-983f-3c61fa4c526a@group-5B80EF9893AC-LeaderElection86] INFO  impl.RaftServerImpl (ServerState.java:setRaftConf(356)) - d525d1b2-8a52-4d8f-983f-3c61fa4c526a@group-5B80EF9893AC: set configuration 0: [d525d1b2-8a52-4d8f-983f-3c61fa4c526a:192.168.164.245:40280], old=null at 0
2019-10-08 01:28:18,487 [d525d1b2-8a52-4d8f-983f-3c61fa4c526a@group-5B80EF9893AC-SegmentedRaftLogWorker] INFO  segmented.SegmentedRaftLogWorker (SegmentedRaftLogWorker.java:execute(574)) - d525d1b2-8a52-4d8f-983f-3c61fa4c526a@group-5B80EF9893AC-SegmentedRaftLogWorker: created new log segment /workdir/hadoop-ozone/integration-test/target/test-dir/MiniOzoneClusterImpl-67ce7f06-f60a-4a96-b305-7bff22e95358/datanode-5/data/ratis/d23f19a0-194b-402a-a06b-5b80ef9893ac/current/log_inprogress_0
2019-10-08 01:28:18,599 [Thread-2363] INFO  impl.FollowerState (FollowerState.java:run(108)) - be201bfb-06ff-4c32-a593-81b12a9ed932@group-EF5DD2BC8624-FollowerState: change to CANDIDATE, lastRpcTime:5070ms, electionTimeout:5070ms
2019-10-08 01:28:18,599 [Thread-2363] INFO  impl.RoleInfo (RoleInfo.java:shutdownFollowerState(121)) - be201bfb-06ff-4c32-a593-81b12a9ed932: shutdown FollowerState
2019-10-08 01:28:18,599 [Thread-2363] INFO  impl.RaftServerImpl (RaftServerImpl.java:setRole(170)) - be201bfb-06ff-4c32-a593-81b12a9ed932@group-EF5DD2BC8624: changes role from  FOLLOWER to CANDIDATE at term 0 for changeToCandidate
2019-10-08 01:28:18,599 [Thread-2363] INFO  impl.RoleInfo (RoleInfo.java:updateAndGet(143)) - be201bfb-06ff-4c32-a593-81b12a9ed932: start LeaderElection
2019-10-08 01:28:18,620 [be201bfb-06ff-4c32-a593-81b12a9ed932@group-EF5DD2BC8624-LeaderElection87] INFO  impl.LeaderElection (LeaderElection.java:askForVotes(178)) - be201bfb-06ff-4c32-a593-81b12a9ed932@group-EF5DD2BC8624-LeaderElection87: begin an election at term 1 for -1: [be201bfb-06ff-4c32-a593-81b12a9ed932:192.168.164.245:36996], old=null
2019-10-08 01:28:18,620 [be201bfb-06ff-4c32-a593-81b12a9ed932@group-EF5DD2BC8624-LeaderElection87] INFO  impl.RoleInfo (RoleInfo.java:shutdownLeaderElection(134)) - be201bfb-06ff-4c32-a593-81b12a9ed932: shutdown LeaderElection
2019-10-08 01:28:18,620 [be201bfb-06ff-4c32-a593-81b12a9ed932@group-EF5DD2BC8624-LeaderElection87] INFO  impl.RaftServerImpl (RaftServerImpl.java:setRole(170)) - be201bfb-06ff-4c32-a593-81b12a9ed932@group-EF5DD2BC8624: changes role from CANDIDATE to LEADER at term 1 for changeToLeader
2019-10-08 01:28:18,620 [be201bfb-06ff-4c32-a593-81b12a9ed932@group-EF5DD2BC8624-LeaderElection87] INFO  impl.RaftServerImpl (ServerState.java:setLeader(255)) - be201bfb-06ff-4c32-a593-81b12a9ed932@group-EF5DD2BC8624: change Leader from null to be201bfb-06ff-4c32-a593-81b12a9ed932 at term 1 for becomeLeader, leader elected after 5096ms
2019-10-08 01:28:18,620 [be201bfb-06ff-4c32-a593-81b12a9ed932@group-EF5DD2BC8624-LeaderElection87] INFO  server.RaftServerConfigKeys (ConfUtils.java:logGet(43)) - raft.server.staging.catchup.gap = 1000 (default)
2019-10-08 01:28:18,620 [be201bfb-06ff-4c32-a593-81b12a9ed932@group-EF5DD2BC8624-LeaderElection87] INFO  server.RaftServerConfigKeys (ConfUtils.java:logGet(43)) - raft.server.rpc.sleep.time = 25ms (default)
2019-10-08 01:28:18,620 [be201bfb-06ff-4c32-a593-81b12a9ed932@group-EF5DD2BC8624-LeaderElection87] INFO  server.RaftServerConfigKeys (ConfUtils.java:logGet(43)) - raft.server.write.element-limit = 4096 (default)
2019-10-08 01:28:18,621 [be201bfb-06ff-4c32-a593-81b12a9ed932@group-EF5DD2BC8624-LeaderElection87] INFO  server.RaftServerConfigKeys (ConfUtils.java:logGet(43)) - raft.server.watch.timeout = 10s (default)
2019-10-08 01:28:18,621 [be201bfb-06ff-4c32-a593-81b12a9ed932@group-EF5DD2BC8624-LeaderElection87] INFO  server.RaftServerConfigKeys (ConfUtils.java:logGet(43)) - raft.server.watch.timeout.denomination = 1s (default)
2019-10-08 01:28:18,621 [be201bfb-06ff-4c32-a593-81b12a9ed932@group-EF5DD2BC8624-LeaderElection87] INFO  server.RaftServerConfigKeys (ConfUtils.java:logGet(43)) - raft.server.watch.element-limit = 65536 (default)
2019-10-08 01:28:18,623 [be201bfb-06ff-4c32-a593-81b12a9ed932@group-EF5DD2BC8624-LeaderElection87] INFO  impl.RoleInfo (RoleInfo.java:updateAndGet(143)) - be201bfb-06ff-4c32-a593-81b12a9ed932: start LeaderState
2019-10-08 01:28:18,623 [be201bfb-06ff-4c32-a593-81b12a9ed932@group-EF5DD2BC8624-LeaderElection87] INFO  segmented.SegmentedRaftLogWorker (SegmentedRaftLogWorker.java:startLogSegment(385)) - be201bfb-06ff-4c32-a593-81b12a9ed932@group-EF5DD2BC8624-SegmentedRaftLogWorker: Starting segment from index:0
2019-10-08 01:28:18,623 [Thread-2360] INFO  impl.FollowerState (FollowerState.java:run(108)) - 6ec04227-4ec5-46db-b32c-53b16fa90408@group-4A41AB216DCF-FollowerState: change to CANDIDATE, lastRpcTime:5140ms, electionTimeout:5140ms
2019-10-08 01:28:18,623 [be201bfb-06ff-4c32-a593-81b12a9ed932@group-EF5DD2BC8624-LeaderElection87] INFO  impl.RaftServerImpl (ServerState.java:setRaftConf(356)) - be201bfb-06ff-4c32-a593-81b12a9ed932@group-EF5DD2BC8624: set configuration 0: [be201bfb-06ff-4c32-a593-81b12a9ed932:192.168.164.245:36996], old=null at 0
2019-10-08 01:28:18,624 [Thread-2360] INFO  impl.RoleInfo (RoleInfo.java:shutdownFollowerState(121)) - 6ec04227-4ec5-46db-b32c-53b16fa90408: shutdown FollowerState
2019-10-08 01:28:18,624 [Thread-2360] INFO  impl.RaftServerImpl (RaftServerImpl.java:setRole(170)) - 6ec04227-4ec5-46db-b32c-53b16fa90408@group-4A41AB216DCF: changes role from  FOLLOWER to CANDIDATE at term 0 for changeToCandidate
2019-10-08 01:28:18,624 [Thread-2360] INFO  impl.RoleInfo (RoleInfo.java:updateAndGet(143)) - 6ec04227-4ec5-46db-b32c-53b16fa90408: start LeaderElection
2019-10-08 01:28:18,666 [be201bfb-06ff-4c32-a593-81b12a9ed932@group-EF5DD2BC8624-SegmentedRaftLogWorker] INFO  segmented.SegmentedRaftLogWorker (SegmentedRaftLogWorker.java:execute(574)) - be201bfb-06ff-4c32-a593-81b12a9ed932@group-EF5DD2BC8624-SegmentedRaftLogWorker: created new log segment /workdir/hadoop-ozone/integration-test/target/test-dir/MiniOzoneClusterImpl-67ce7f06-f60a-4a96-b305-7bff22e95358/datanode-4/data/ratis/c29b9239-8f0f-438d-968c-ef5dd2bc8624/current/log_inprogress_0
2019-10-08 01:28:18,668 [6ec04227-4ec5-46db-b32c-53b16fa90408@group-4A41AB216DCF-LeaderElection88] INFO  impl.LeaderElection (LeaderElection.java:askForVotes(178)) - 6ec04227-4ec5-46db-b32c-53b16fa90408@group-4A41AB216DCF-LeaderElection88: begin an election at term 1 for -1: [6ec04227-4ec5-46db-b32c-53b16fa90408:192.168.164.245:35459], old=null
2019-10-08 01:28:18,668 [6ec04227-4ec5-46db-b32c-53b16fa90408@group-4A41AB216DCF-LeaderElection88] INFO  impl.RoleInfo (RoleInfo.java:shutdownLeaderElection(134)) - 6ec04227-4ec5-46db-b32c-53b16fa90408: shutdown LeaderElection
2019-10-08 01:28:18,668 [6ec04227-4ec5-46db-b32c-53b16fa90408@group-4A41AB216DCF-LeaderElection88] INFO  impl.RaftServerImpl (RaftServerImpl.java:setRole(170)) - 6ec04227-4ec5-46db-b32c-53b16fa90408@group-4A41AB216DCF: changes role from CANDIDATE to LEADER at term 1 for changeToLeader
2019-10-08 01:28:18,668 [6ec04227-4ec5-46db-b32c-53b16fa90408@group-4A41AB216DCF-LeaderElection88] INFO  impl.RaftServerImpl (ServerState.java:setLeader(255)) - 6ec04227-4ec5-46db-b32c-53b16fa90408@group-4A41AB216DCF: change Leader from null to 6ec04227-4ec5-46db-b32c-53b16fa90408 at term 1 for becomeLeader, leader elected after 5190ms
2019-10-08 01:28:18,668 [6ec04227-4ec5-46db-b32c-53b16fa90408@group-4A41AB216DCF-LeaderElection88] INFO  server.RaftServerConfigKeys (ConfUtils.java:logGet(43)) - raft.server.staging.catchup.gap = 1000 (default)
2019-10-08 01:28:18,668 [6ec04227-4ec5-46db-b32c-53b16fa90408@group-4A41AB216DCF-LeaderElection88] INFO  server.RaftServerConfigKeys (ConfUtils.java:logGet(43)) - raft.server.rpc.sleep.time = 25ms (default)
2019-10-08 01:28:18,668 [6ec04227-4ec5-46db-b32c-53b16fa90408@group-4A41AB216DCF-LeaderElection88] INFO  server.RaftServerConfigKeys (ConfUtils.java:logGet(43)) - raft.server.write.element-limit = 4096 (default)
2019-10-08 01:28:18,669 [6ec04227-4ec5-46db-b32c-53b16fa90408@group-4A41AB216DCF-LeaderElection88] INFO  server.RaftServerConfigKeys (ConfUtils.java:logGet(43)) - raft.server.watch.timeout = 10s (default)
2019-10-08 01:28:18,669 [6ec04227-4ec5-46db-b32c-53b16fa90408@group-4A41AB216DCF-LeaderElection88] INFO  server.RaftServerConfigKeys (ConfUtils.java:logGet(43)) - raft.server.watch.timeout.denomination = 1s (default)
2019-10-08 01:28:18,669 [6ec04227-4ec5-46db-b32c-53b16fa90408@group-4A41AB216DCF-LeaderElection88] INFO  server.RaftServerConfigKeys (ConfUtils.java:logGet(43)) - raft.server.watch.element-limit = 65536 (default)
2019-10-08 01:28:18,671 [6ec04227-4ec5-46db-b32c-53b16fa90408@group-4A41AB216DCF-LeaderElection88] INFO  impl.RoleInfo (RoleInfo.java:updateAndGet(143)) - 6ec04227-4ec5-46db-b32c-53b16fa90408: start LeaderState
2019-10-08 01:28:18,672 [6ec04227-4ec5-46db-b32c-53b16fa90408@group-4A41AB216DCF-LeaderElection88] INFO  segmented.SegmentedRaftLogWorker (SegmentedRaftLogWorker.java:startLogSegment(385)) - 6ec04227-4ec5-46db-b32c-53b16fa90408@group-4A41AB216DCF-SegmentedRaftLogWorker: Starting segment from index:0
2019-10-08 01:28:18,672 [6ec04227-4ec5-46db-b32c-53b16fa90408@group-4A41AB216DCF-LeaderElection88] INFO  impl.RaftServerImpl (ServerState.java:setRaftConf(356)) - 6ec04227-4ec5-46db-b32c-53b16fa90408@group-4A41AB216DCF: set configuration 0: [6ec04227-4ec5-46db-b32c-53b16fa90408:192.168.164.245:35459], old=null at 0
2019-10-08 01:28:18,705 [Thread-2373] INFO  impl.FollowerState (FollowerState.java:run(108)) - d525d1b2-8a52-4d8f-983f-3c61fa4c526a@group-72AF53B72A30-FollowerState: change to CANDIDATE, lastRpcTime:5070ms, electionTimeout:5070ms
2019-10-08 01:28:18,705 [Thread-2373] INFO  impl.RoleInfo (RoleInfo.java:shutdownFollowerState(121)) - d525d1b2-8a52-4d8f-983f-3c61fa4c526a: shutdown FollowerState
2019-10-08 01:28:18,705 [Thread-2373] INFO  impl.RaftServerImpl (RaftServerImpl.java:setRole(170)) - d525d1b2-8a52-4d8f-983f-3c61fa4c526a@group-72AF53B72A30: changes role from  FOLLOWER to CANDIDATE at term 0 for changeToCandidate
2019-10-08 01:28:18,706 [Thread-2373] INFO  impl.RoleInfo (RoleInfo.java:updateAndGet(143)) - d525d1b2-8a52-4d8f-983f-3c61fa4c526a: start LeaderElection
2019-10-08 01:28:18,723 [6ec04227-4ec5-46db-b32c-53b16fa90408@group-4A41AB216DCF-SegmentedRaftLogWorker] INFO  segmented.SegmentedRaftLogWorker (SegmentedRaftLogWorker.java:execute(574)) - 6ec04227-4ec5-46db-b32c-53b16fa90408@group-4A41AB216DCF-SegmentedRaftLogWorker: created new log segment /workdir/hadoop-ozone/integration-test/target/test-dir/MiniOzoneClusterImpl-67ce7f06-f60a-4a96-b305-7bff22e95358/datanode-6/data/ratis/b1474a75-029d-4e09-9a9d-4a41ab216dcf/current/log_inprogress_0
2019-10-08 01:28:18,726 [d525d1b2-8a52-4d8f-983f-3c61fa4c526a@group-72AF53B72A30-LeaderElection89] INFO  impl.LeaderElection (LeaderElection.java:askForVotes(178)) - d525d1b2-8a52-4d8f-983f-3c61fa4c526a@group-72AF53B72A30-LeaderElection89: begin an election at term 1 for -1: [d525d1b2-8a52-4d8f-983f-3c61fa4c526a:192.168.164.245:40280, 6ec04227-4ec5-46db-b32c-53b16fa90408:192.168.164.245:35459, be201bfb-06ff-4c32-a593-81b12a9ed932:192.168.164.245:36996], old=null
2019-10-08 01:28:18,734 [Thread-2371] INFO  impl.FollowerState (FollowerState.java:run(108)) - 6ec04227-4ec5-46db-b32c-53b16fa90408@group-72AF53B72A30-FollowerState: change to CANDIDATE, lastRpcTime:5101ms, electionTimeout:5098ms
2019-10-08 01:28:18,738 [Thread-2371] INFO  impl.RoleInfo (RoleInfo.java:shutdownFollowerState(121)) - 6ec04227-4ec5-46db-b32c-53b16fa90408: shutdown FollowerState
2019-10-08 01:28:18,738 [Thread-2371] INFO  impl.RaftServerImpl (RaftServerImpl.java:setRole(170)) - 6ec04227-4ec5-46db-b32c-53b16fa90408@group-72AF53B72A30: changes role from  FOLLOWER to CANDIDATE at term 0 for changeToCandidate
2019-10-08 01:28:18,739 [Thread-2371] INFO  impl.RoleInfo (RoleInfo.java:updateAndGet(143)) - 6ec04227-4ec5-46db-b32c-53b16fa90408: start LeaderElection
2019-10-08 01:28:18,745 [Thread-2366] INFO  impl.FollowerState (FollowerState.java:run(108)) - 3f617019-c937-4338-8149-b716bc6ee21a@group-404D2E6ED870-FollowerState: change to CANDIDATE, lastRpcTime:5171ms, electionTimeout:5170ms
2019-10-08 01:28:18,745 [Thread-2366] INFO  impl.RoleInfo (RoleInfo.java:shutdownFollowerState(121)) - 3f617019-c937-4338-8149-b716bc6ee21a: shutdown FollowerState
2019-10-08 01:28:18,745 [Thread-2366] INFO  impl.RaftServerImpl (RaftServerImpl.java:setRole(170)) - 3f617019-c937-4338-8149-b716bc6ee21a@group-404D2E6ED870: changes role from  FOLLOWER to CANDIDATE at term 0 for changeToCandidate
2019-10-08 01:28:18,745 [Thread-2366] INFO  impl.RoleInfo (RoleInfo.java:updateAndGet(143)) - 3f617019-c937-4338-8149-b716bc6ee21a: start LeaderElection
2019-10-08 01:28:18,754 [grpc-default-executor-2] INFO  impl.RaftServerImpl (RaftServerImpl.java:setRole(170)) - be201bfb-06ff-4c32-a593-81b12a9ed932@group-72AF53B72A30: changes role from  FOLLOWER to FOLLOWER at term 1 for recognizeCandidate:d525d1b2-8a52-4d8f-983f-3c61fa4c526a
2019-10-08 01:28:18,755 [grpc-default-executor-2] INFO  impl.RoleInfo (RoleInfo.java:shutdownFollowerState(121)) - be201bfb-06ff-4c32-a593-81b12a9ed932: shutdown FollowerState
2019-10-08 01:28:18,755 [grpc-default-executor-2] INFO  impl.RoleInfo (RoleInfo.java:updateAndGet(143)) - be201bfb-06ff-4c32-a593-81b12a9ed932: start FollowerState
2019-10-08 01:28:18,755 [Thread-2372] INFO  impl.FollowerState (FollowerState.java:run(117)) - be201bfb-06ff-4c32-a593-81b12a9ed932@group-72AF53B72A30-FollowerState was interrupted: java.lang.InterruptedException: sleep interrupted
2019-10-08 01:28:18,757 [3f617019-c937-4338-8149-b716bc6ee21a@group-404D2E6ED870-LeaderElection91] INFO  impl.LeaderElection (LeaderElection.java:askForVotes(178)) - 3f617019-c937-4338-8149-b716bc6ee21a@group-404D2E6ED870-LeaderElection91: begin an election at term 1 for -1: [3f617019-c937-4338-8149-b716bc6ee21a:192.168.164.245:37784], old=null
2019-10-08 01:28:18,759 [3f617019-c937-4338-8149-b716bc6ee21a@group-404D2E6ED870-LeaderElection91] INFO  impl.RoleInfo (RoleInfo.java:shutdownLeaderElection(134)) - 3f617019-c937-4338-8149-b716bc6ee21a: shutdown LeaderElection
2019-10-08 01:28:18,759 [6ec04227-4ec5-46db-b32c-53b16fa90408@group-72AF53B72A30-LeaderElection90] INFO  impl.LeaderElection (LeaderElection.java:askForVotes(178)) - 6ec04227-4ec5-46db-b32c-53b16fa90408@group-72AF53B72A30-LeaderElection90: begin an election at term 1 for -1: [d525d1b2-8a52-4d8f-983f-3c61fa4c526a:192.168.164.245:40280, 6ec04227-4ec5-46db-b32c-53b16fa90408:192.168.164.245:35459, be201bfb-06ff-4c32-a593-81b12a9ed932:192.168.164.245:36996], old=null
2019-10-08 01:28:18,759 [3f617019-c937-4338-8149-b716bc6ee21a@group-404D2E6ED870-LeaderElection91] INFO  impl.RaftServerImpl (RaftServerImpl.java:setRole(170)) - 3f617019-c937-4338-8149-b716bc6ee21a@group-404D2E6ED870: changes role from CANDIDATE to LEADER at term 1 for changeToLeader
2019-10-08 01:28:18,763 [3f617019-c937-4338-8149-b716bc6ee21a@group-404D2E6ED870-LeaderElection91] INFO  impl.RaftServerImpl (ServerState.java:setLeader(255)) - 3f617019-c937-4338-8149-b716bc6ee21a@group-404D2E6ED870: change Leader from null to 3f617019-c937-4338-8149-b716bc6ee21a at term 1 for becomeLeader, leader elected after 5193ms
2019-10-08 01:28:18,763 [3f617019-c937-4338-8149-b716bc6ee21a@group-404D2E6ED870-LeaderElection91] INFO  server.RaftServerConfigKeys (ConfUtils.java:logGet(43)) - raft.server.staging.catchup.gap = 1000 (default)
2019-10-08 01:28:18,763 [3f617019-c937-4338-8149-b716bc6ee21a@group-404D2E6ED870-LeaderElection91] INFO  server.RaftServerConfigKeys (ConfUtils.java:logGet(43)) - raft.server.rpc.sleep.time = 25ms (default)
2019-10-08 01:28:18,763 [3f617019-c937-4338-8149-b716bc6ee21a@group-404D2E6ED870-LeaderElection91] INFO  server.RaftServerConfigKeys (ConfUtils.java:logGet(43)) - raft.server.write.element-limit = 4096 (default)
2019-10-08 01:28:18,763 [3f617019-c937-4338-8149-b716bc6ee21a@group-404D2E6ED870-LeaderElection91] INFO  server.RaftServerConfigKeys (ConfUtils.java:logGet(43)) - raft.server.watch.timeout = 10s (default)
2019-10-08 01:28:18,763 [3f617019-c937-4338-8149-b716bc6ee21a@group-404D2E6ED870-LeaderElection91] INFO  server.RaftServerConfigKeys (ConfUtils.java:logGet(43)) - raft.server.watch.timeout.denomination = 1s (default)
2019-10-08 01:28:18,763 [3f617019-c937-4338-8149-b716bc6ee21a@group-404D2E6ED870-LeaderElection91] INFO  server.RaftServerConfigKeys (ConfUtils.java:logGet(43)) - raft.server.watch.element-limit = 65536 (default)
2019-10-08 01:28:18,765 [3f617019-c937-4338-8149-b716bc6ee21a@group-404D2E6ED870-LeaderElection91] INFO  impl.RoleInfo (RoleInfo.java:updateAndGet(143)) - 3f617019-c937-4338-8149-b716bc6ee21a: start LeaderState
2019-10-08 01:28:18,765 [3f617019-c937-4338-8149-b716bc6ee21a@group-404D2E6ED870-LeaderElection91] INFO  segmented.SegmentedRaftLogWorker (SegmentedRaftLogWorker.java:startLogSegment(385)) - 3f617019-c937-4338-8149-b716bc6ee21a@group-404D2E6ED870-SegmentedRaftLogWorker: Starting segment from index:0
2019-10-08 01:28:18,765 [3f617019-c937-4338-8149-b716bc6ee21a@group-404D2E6ED870-LeaderElection91] INFO  impl.RaftServerImpl (ServerState.java:setRaftConf(356)) - 3f617019-c937-4338-8149-b716bc6ee21a@group-404D2E6ED870: set configuration 0: [3f617019-c937-4338-8149-b716bc6ee21a:192.168.164.245:37784], old=null at 0
2019-10-08 01:28:18,794 [d525d1b2-8a52-4d8f-983f-3c61fa4c526a@group-72AF53B72A30-LeaderElection89] INFO  impl.LeaderElection (LeaderElection.java:logAndReturn(56)) - d525d1b2-8a52-4d8f-983f-3c61fa4c526a@group-72AF53B72A30-LeaderElection89: Election PASSED; received 2 response(s) [d525d1b2-8a52-4d8f-983f-3c61fa4c526a<-6ec04227-4ec5-46db-b32c-53b16fa90408#0:FAIL-t1, d525d1b2-8a52-4d8f-983f-3c61fa4c526a<-be201bfb-06ff-4c32-a593-81b12a9ed932#0:OK-t1] and 0 exception(s); d525d1b2-8a52-4d8f-983f-3c61fa4c526a@group-72AF53B72A30:t1, leader=null, voted=d525d1b2-8a52-4d8f-983f-3c61fa4c526a, raftlog=d525d1b2-8a52-4d8f-983f-3c61fa4c526a@group-72AF53B72A30-SegmentedRaftLog:OPENED:c-1,f-1,i0, conf=-1: [d525d1b2-8a52-4d8f-983f-3c61fa4c526a:192.168.164.245:40280, 6ec04227-4ec5-46db-b32c-53b16fa90408:192.168.164.245:35459, be201bfb-06ff-4c32-a593-81b12a9ed932:192.168.164.245:36996], old=null
2019-10-08 01:28:18,794 [d525d1b2-8a52-4d8f-983f-3c61fa4c526a@group-72AF53B72A30-LeaderElection89] INFO  impl.RoleInfo (RoleInfo.java:shutdownLeaderElection(134)) - d525d1b2-8a52-4d8f-983f-3c61fa4c526a: shutdown LeaderElection
2019-10-08 01:28:18,794 [d525d1b2-8a52-4d8f-983f-3c61fa4c526a@group-72AF53B72A30-LeaderElection89] INFO  impl.RaftServerImpl (RaftServerImpl.java:setRole(170)) - d525d1b2-8a52-4d8f-983f-3c61fa4c526a@group-72AF53B72A30: changes role from CANDIDATE to LEADER at term 1 for changeToLeader
2019-10-08 01:28:18,794 [6ec04227-4ec5-46db-b32c-53b16fa90408@group-72AF53B72A30-LeaderElection90] INFO  impl.LeaderElection (LeaderElection.java:logAndReturn(56)) - 6ec04227-4ec5-46db-b32c-53b16fa90408@group-72AF53B72A30-LeaderElection90: Election REJECTED; received 2 response(s) [6ec04227-4ec5-46db-b32c-53b16fa90408<-d525d1b2-8a52-4d8f-983f-3c61fa4c526a#0:FAIL-t1, 6ec04227-4ec5-46db-b32c-53b16fa90408<-be201bfb-06ff-4c32-a593-81b12a9ed932#0:FAIL-t1] and 0 exception(s); 6ec04227-4ec5-46db-b32c-53b16fa90408@group-72AF53B72A30:t1, leader=null, voted=6ec04227-4ec5-46db-b32c-53b16fa90408, raftlog=6ec04227-4ec5-46db-b32c-53b16fa90408@group-72AF53B72A30-SegmentedRaftLog:OPENED:c-1,f-1,i0, conf=-1: [d525d1b2-8a52-4d8f-983f-3c61fa4c526a:192.168.164.245:40280, 6ec04227-4ec5-46db-b32c-53b16fa90408:192.168.164.245:35459, be201bfb-06ff-4c32-a593-81b12a9ed932:192.168.164.245:36996], old=null
2019-10-08 01:28:18,795 [d525d1b2-8a52-4d8f-983f-3c61fa4c526a@group-72AF53B72A30-LeaderElection89] INFO  impl.RaftServerImpl (ServerState.java:setLeader(255)) - d525d1b2-8a52-4d8f-983f-3c61fa4c526a@group-72AF53B72A30: change Leader from null to d525d1b2-8a52-4d8f-983f-3c61fa4c526a at term 1 for becomeLeader, leader elected after 5172ms
2019-10-08 01:28:18,797 [6ec04227-4ec5-46db-b32c-53b16fa90408@group-72AF53B72A30-LeaderElection90] INFO  impl.RaftServerImpl (RaftServerImpl.java:setRole(170)) - 6ec04227-4ec5-46db-b32c-53b16fa90408@group-72AF53B72A30: changes role from CANDIDATE to FOLLOWER at term 1 for DISCOVERED_A_NEW_TERM
2019-10-08 01:28:18,798 [d525d1b2-8a52-4d8f-983f-3c61fa4c526a@group-72AF53B72A30-LeaderElection89] INFO  server.RaftServerConfigKeys (ConfUtils.java:logGet(43)) - raft.server.staging.catchup.gap = 1000 (default)
2019-10-08 01:28:18,799 [6ec04227-4ec5-46db-b32c-53b16fa90408@group-72AF53B72A30-LeaderElection90] INFO  impl.RoleInfo (RoleInfo.java:shutdownLeaderElection(134)) - 6ec04227-4ec5-46db-b32c-53b16fa90408: shutdown LeaderElection
2019-10-08 01:28:18,799 [d525d1b2-8a52-4d8f-983f-3c61fa4c526a@group-72AF53B72A30-LeaderElection89] INFO  server.RaftServerConfigKeys (ConfUtils.java:logGet(43)) - raft.server.rpc.sleep.time = 25ms (default)
2019-10-08 01:28:18,799 [6ec04227-4ec5-46db-b32c-53b16fa90408@group-72AF53B72A30-LeaderElection90] INFO  impl.RoleInfo (RoleInfo.java:updateAndGet(143)) - 6ec04227-4ec5-46db-b32c-53b16fa90408: start FollowerState
2019-10-08 01:28:18,799 [d525d1b2-8a52-4d8f-983f-3c61fa4c526a@group-72AF53B72A30-LeaderElection89] INFO  server.RaftServerConfigKeys (ConfUtils.java:logGet(43)) - raft.server.write.element-limit = 4096 (default)
2019-10-08 01:28:18,799 [d525d1b2-8a52-4d8f-983f-3c61fa4c526a@group-72AF53B72A30-LeaderElection89] INFO  server.RaftServerConfigKeys (ConfUtils.java:logGet(43)) - raft.server.watch.timeout = 10s (default)
2019-10-08 01:28:18,799 [d525d1b2-8a52-4d8f-983f-3c61fa4c526a@group-72AF53B72A30-LeaderElection89] INFO  server.RaftServerConfigKeys (ConfUtils.java:logGet(43)) - raft.server.watch.timeout.denomination = 1s (default)
2019-10-08 01:28:18,799 [d525d1b2-8a52-4d8f-983f-3c61fa4c526a@group-72AF53B72A30-LeaderElection89] INFO  server.RaftServerConfigKeys (ConfUtils.java:logGet(43)) - raft.server.watch.element-limit = 65536 (default)
2019-10-08 01:28:18,801 [d525d1b2-8a52-4d8f-983f-3c61fa4c526a@group-72AF53B72A30-LeaderElection89] INFO  server.RaftServerConfigKeys (ConfUtils.java:logGet(43)) - raft.server.log.appender.snapshot.chunk.size.max = 16MB (=16777216) (default)
2019-10-08 01:28:18,801 [d525d1b2-8a52-4d8f-983f-3c61fa4c526a@group-72AF53B72A30-LeaderElection89] INFO  server.RaftServerConfigKeys (ConfUtils.java:logGet(43)) - raft.server.log.appender.buffer.byte-limit = 33554432 (custom)
2019-10-08 01:28:18,801 [d525d1b2-8a52-4d8f-983f-3c61fa4c526a@group-72AF53B72A30-LeaderElection89] INFO  server.RaftServerConfigKeys (ConfUtils.java:logGet(43)) - raft.server.log.appender.buffer.element-limit = 1 (custom)
2019-10-08 01:28:18,801 [d525d1b2-8a52-4d8f-983f-3c61fa4c526a@group-72AF53B72A30-LeaderElection89] INFO  grpc.GrpcConfigKeys$Server (ConfUtils.java:logGet(43)) - raft.grpc.server.leader.outstanding.appends.max = 128 (default)
2019-10-08 01:28:18,801 [d525d1b2-8a52-4d8f-983f-3c61fa4c526a@group-72AF53B72A30-LeaderElection89] INFO  server.RaftServerConfigKeys (ConfUtils.java:logGet(43)) - raft.server.rpc.request.timeout = 3000ms (default)
2019-10-08 01:28:18,801 [d525d1b2-8a52-4d8f-983f-3c61fa4c526a@group-72AF53B72A30-LeaderElection89] INFO  server.RaftServerConfigKeys (ConfUtils.java:logGet(43)) - raft.server.log.appender.install.snapshot.enabled = false (custom)
2019-10-08 01:28:18,802 [d525d1b2-8a52-4d8f-983f-3c61fa4c526a@group-72AF53B72A30-LeaderElection89] INFO  server.RaftServerConfigKeys (ConfUtils.java:logGet(43)) - raft.server.log.appender.snapshot.chunk.size.max = 16MB (=16777216) (default)
2019-10-08 01:28:18,802 [d525d1b2-8a52-4d8f-983f-3c61fa4c526a@group-72AF53B72A30-LeaderElection89] INFO  server.RaftServerConfigKeys (ConfUtils.java:logGet(43)) - raft.server.log.appender.buffer.byte-limit = 33554432 (custom)
2019-10-08 01:28:18,802 [d525d1b2-8a52-4d8f-983f-3c61fa4c526a@group-72AF53B72A30-LeaderElection89] INFO  server.RaftServerConfigKeys (ConfUtils.java:logGet(43)) - raft.server.log.appender.buffer.element-limit = 1 (custom)
2019-10-08 01:28:18,802 [d525d1b2-8a52-4d8f-983f-3c61fa4c526a@group-72AF53B72A30-LeaderElection89] INFO  grpc.GrpcConfigKeys$Server (ConfUtils.java:logGet(43)) - raft.grpc.server.leader.outstanding.appends.max = 128 (default)
2019-10-08 01:28:18,802 [d525d1b2-8a52-4d8f-983f-3c61fa4c526a@group-72AF53B72A30-LeaderElection89] INFO  server.RaftServerConfigKeys (ConfUtils.java:logGet(43)) - raft.server.rpc.request.timeout = 3000ms (default)
2019-10-08 01:28:18,802 [d525d1b2-8a52-4d8f-983f-3c61fa4c526a@group-72AF53B72A30-LeaderElection89] INFO  server.RaftServerConfigKeys (ConfUtils.java:logGet(43)) - raft.server.log.appender.install.snapshot.enabled = false (custom)
2019-10-08 01:28:18,802 [d525d1b2-8a52-4d8f-983f-3c61fa4c526a@group-72AF53B72A30-LeaderElection89] INFO  impl.RoleInfo (RoleInfo.java:updateAndGet(143)) - d525d1b2-8a52-4d8f-983f-3c61fa4c526a: start LeaderState
2019-10-08 01:28:18,802 [d525d1b2-8a52-4d8f-983f-3c61fa4c526a@group-72AF53B72A30-LeaderElection89] INFO  segmented.SegmentedRaftLogWorker (SegmentedRaftLogWorker.java:startLogSegment(385)) - d525d1b2-8a52-4d8f-983f-3c61fa4c526a@group-72AF53B72A30-SegmentedRaftLogWorker: Starting segment from index:0
2019-10-08 01:28:18,803 [d525d1b2-8a52-4d8f-983f-3c61fa4c526a@group-72AF53B72A30-LeaderElection89] INFO  impl.RaftServerImpl (ServerState.java:setRaftConf(356)) - d525d1b2-8a52-4d8f-983f-3c61fa4c526a@group-72AF53B72A30: set configuration 0: [d525d1b2-8a52-4d8f-983f-3c61fa4c526a:192.168.164.245:40280, 6ec04227-4ec5-46db-b32c-53b16fa90408:192.168.164.245:35459, be201bfb-06ff-4c32-a593-81b12a9ed932:192.168.164.245:36996], old=null at 0
2019-10-08 01:28:18,804 [grpc-default-executor-4] INFO  impl.RaftServerImpl (ServerState.java:setLeader(255)) - 6ec04227-4ec5-46db-b32c-53b16fa90408@group-72AF53B72A30: change Leader from null to d525d1b2-8a52-4d8f-983f-3c61fa4c526a at term 1 for appendEntries, leader elected after 5182ms
2019-10-08 01:28:18,804 [3f617019-c937-4338-8149-b716bc6ee21a@group-404D2E6ED870-SegmentedRaftLogWorker] INFO  segmented.SegmentedRaftLogWorker (SegmentedRaftLogWorker.java:execute(574)) - 3f617019-c937-4338-8149-b716bc6ee21a@group-404D2E6ED870-SegmentedRaftLogWorker: created new log segment /workdir/hadoop-ozone/integration-test/target/test-dir/MiniOzoneClusterImpl-67ce7f06-f60a-4a96-b305-7bff22e95358/datanode-3/data/ratis/d836040c-c4c6-4506-9620-404d2e6ed870/current/log_inprogress_0
2019-10-08 01:28:18,805 [grpc-default-executor-2] INFO  impl.RaftServerImpl (ServerState.java:setLeader(255)) - be201bfb-06ff-4c32-a593-81b12a9ed932@group-72AF53B72A30: change Leader from null to d525d1b2-8a52-4d8f-983f-3c61fa4c526a at term 1 for appendEntries, leader elected after 5182ms
2019-10-08 01:28:18,807 [grpc-default-executor-4] INFO  impl.RaftServerImpl (ServerState.java:setRaftConf(356)) - 6ec04227-4ec5-46db-b32c-53b16fa90408@group-72AF53B72A30: set configuration 0: [d525d1b2-8a52-4d8f-983f-3c61fa4c526a:192.168.164.245:40280, 6ec04227-4ec5-46db-b32c-53b16fa90408:192.168.164.245:35459, be201bfb-06ff-4c32-a593-81b12a9ed932:192.168.164.245:36996], old=null at 0
2019-10-08 01:28:18,807 [grpc-default-executor-2] INFO  impl.RaftServerImpl (ServerState.java:setRaftConf(356)) - be201bfb-06ff-4c32-a593-81b12a9ed932@group-72AF53B72A30: set configuration 0: [d525d1b2-8a52-4d8f-983f-3c61fa4c526a:192.168.164.245:40280, 6ec04227-4ec5-46db-b32c-53b16fa90408:192.168.164.245:35459, be201bfb-06ff-4c32-a593-81b12a9ed932:192.168.164.245:36996], old=null at 0
2019-10-08 01:28:18,807 [grpc-default-executor-4] INFO  segmented.SegmentedRaftLogWorker (SegmentedRaftLogWorker.java:startLogSegment(385)) - 6ec04227-4ec5-46db-b32c-53b16fa90408@group-72AF53B72A30-SegmentedRaftLogWorker: Starting segment from index:0
2019-10-08 01:28:18,807 [grpc-default-executor-2] INFO  segmented.SegmentedRaftLogWorker (SegmentedRaftLogWorker.java:startLogSegment(385)) - be201bfb-06ff-4c32-a593-81b12a9ed932@group-72AF53B72A30-SegmentedRaftLogWorker: Starting segment from index:0
2019-10-08 01:28:18,837 [d525d1b2-8a52-4d8f-983f-3c61fa4c526a@group-72AF53B72A30-SegmentedRaftLogWorker] INFO  segmented.SegmentedRaftLogWorker (SegmentedRaftLogWorker.java:execute(574)) - d525d1b2-8a52-4d8f-983f-3c61fa4c526a@group-72AF53B72A30-SegmentedRaftLogWorker: created new log segment /workdir/hadoop-ozone/integration-test/target/test-dir/MiniOzoneClusterImpl-67ce7f06-f60a-4a96-b305-7bff22e95358/datanode-5/data/ratis/8dc1f08d-4d25-460a-b228-72af53b72a30/current/log_inprogress_0
2019-10-08 01:28:18,840 [be201bfb-06ff-4c32-a593-81b12a9ed932@group-72AF53B72A30-SegmentedRaftLogWorker] INFO  segmented.SegmentedRaftLogWorker (SegmentedRaftLogWorker.java:execute(574)) - be201bfb-06ff-4c32-a593-81b12a9ed932@group-72AF53B72A30-SegmentedRaftLogWorker: created new log segment /workdir/hadoop-ozone/integration-test/target/test-dir/MiniOzoneClusterImpl-67ce7f06-f60a-4a96-b305-7bff22e95358/datanode-4/data/ratis/8dc1f08d-4d25-460a-b228-72af53b72a30/current/log_inprogress_0
2019-10-08 01:28:18,863 [6ec04227-4ec5-46db-b32c-53b16fa90408@group-72AF53B72A30-SegmentedRaftLogWorker] INFO  segmented.SegmentedRaftLogWorker (SegmentedRaftLogWorker.java:execute(574)) - 6ec04227-4ec5-46db-b32c-53b16fa90408@group-72AF53B72A30-SegmentedRaftLogWorker: created new log segment /workdir/hadoop-ozone/integration-test/target/test-dir/MiniOzoneClusterImpl-67ce7f06-f60a-4a96-b305-7bff22e95358/datanode-6/data/ratis/8dc1f08d-4d25-460a-b228-72af53b72a30/current/log_inprogress_0
2019-10-08 01:28:23,746 [Datanode State Machine Thread - 0] INFO  statemachine.DatanodeStateMachine (DatanodeStateMachine.java:lambda$startDaemon$0(350)) - Ozone container server started.
2019-10-08 01:28:23,746 [main] INFO  ozoneimpl.OzoneContainer (OzoneContainer.java:stop(227)) - Attempting to stop container services.
2019-10-08 01:28:23,748 [main] INFO  impl.RaftServerProxy (RaftServerProxy.java:lambda$close$4(314)) - bc69bb28-5035-44eb-aa70-10d3ea24e6d9: close
2019-10-08 01:28:23,749 [main] INFO  impl.RaftServerImpl (RaftServerImpl.java:lambda$shutdown$3(247)) - bc69bb28-5035-44eb-aa70-10d3ea24e6d9@group-EA758080F2C6: shutdown
2019-10-08 01:28:23,749 [ForkJoinPool.commonPool-worker-1] INFO  impl.RaftServerImpl (RaftServerImpl.java:lambda$shutdown$3(247)) - bc69bb28-5035-44eb-aa70-10d3ea24e6d9@group-9D1B76DF5C11: shutdown
2019-10-08 01:28:23,750 [main] INFO  util.JmxRegister (JmxRegister.java:unregister(73)) - Successfully un-registered JMX Bean with object name Ratis:service=RaftServer,group=group-EA758080F2C6,id=bc69bb28-5035-44eb-aa70-10d3ea24e6d9
2019-10-08 01:28:23,750 [ForkJoinPool.commonPool-worker-1] INFO  util.JmxRegister (JmxRegister.java:unregister(73)) - Successfully un-registered JMX Bean with object name Ratis:service=RaftServer,group=group-9D1B76DF5C11,id=bc69bb28-5035-44eb-aa70-10d3ea24e6d9
2019-10-08 01:28:23,750 [main] INFO  impl.RoleInfo (RoleInfo.java:shutdownLeaderState(104)) - bc69bb28-5035-44eb-aa70-10d3ea24e6d9: shutdown LeaderState
2019-10-08 01:28:23,750 [ForkJoinPool.commonPool-worker-1] INFO  impl.RoleInfo (RoleInfo.java:shutdownLeaderState(104)) - bc69bb28-5035-44eb-aa70-10d3ea24e6d9: shutdown LeaderState
2019-10-08 01:28:23,751 [main] INFO  impl.PendingRequests (PendingRequests.java:sendNotLeaderResponses(202)) - bc69bb28-5035-44eb-aa70-10d3ea24e6d9@group-EA758080F2C6-PendingRequests: sendNotLeaderResponses
2019-10-08 01:28:23,759 [org.apache.ratis.server.impl.LogAppender$AppenderDaemon$$Lambda$586/1773421425@60a71781] WARN  server.GrpcLogAppender (GrpcLogAppender.java:mayWait(143)) - bc69bb28-5035-44eb-aa70-10d3ea24e6d9@group-9D1B76DF5C11->bd94d12f-2ccb-49d7-b498-60d4bd8bf369-GrpcLogAppender: Wait interrupted by java.lang.InterruptedException
2019-10-08 01:28:23,759 [org.apache.ratis.server.impl.LogAppender$AppenderDaemon$$Lambda$586/1773421425@200b895a] WARN  server.GrpcLogAppender (GrpcLogAppender.java:mayWait(143)) - bc69bb28-5035-44eb-aa70-10d3ea24e6d9@group-9D1B76DF5C11->359b1709-126a-4c21-8d4f-e4e0c5c9b498-GrpcLogAppender: Wait interrupted by java.lang.InterruptedException
2019-10-08 01:28:23,759 [ForkJoinPool.commonPool-worker-1] INFO  impl.PendingRequests (PendingRequests.java:sendNotLeaderResponses(202)) - bc69bb28-5035-44eb-aa70-10d3ea24e6d9@group-9D1B76DF5C11-PendingRequests: sendNotLeaderResponses
2019-10-08 01:28:23,759 [main] INFO  impl.StateMachineUpdater (StateMachineUpdater.java:stopAndJoin(136)) - bc69bb28-5035-44eb-aa70-10d3ea24e6d9@group-EA758080F2C6-StateMachineUpdater: set stopIndex = 0
2019-10-08 01:28:23,778 [bc69bb28-5035-44eb-aa70-10d3ea24e6d9@group-9D1B76DF5C11-StateMachineUpdater] INFO  ratis.ContainerStateMachine (ContainerStateMachine.java:takeSnapshot(294)) - group-9D1B76DF5C11: Taking a snapshot at:(t:1, i:2) file /workdir/hadoop-ozone/integration-test/target/test-dir/MiniOzoneClusterImpl-67ce7f06-f60a-4a96-b305-7bff22e95358/datanode-1/data/ratis/0e6081c5-8060-40f2-8fae-9d1b76df5c11/sm/snapshot.1_2
2019-10-08 01:28:23,778 [grpc-default-executor-4] INFO  server.GrpcServerProtocolService (GrpcServerProtocolService.java:onCompleted(113)) - 359b1709-126a-4c21-8d4f-e4e0c5c9b498: Completed APPEND_ENTRIES, lastRequest: bc69bb28-5035-44eb-aa70-10d3ea24e6d9->359b1709-126a-4c21-8d4f-e4e0c5c9b498#5-t1, previous=(t:1, i:2), leaderCommit=2, initializing? false, entries: <empty>
2019-10-08 01:28:23,778 [ForkJoinPool.commonPool-worker-1] INFO  impl.StateMachineUpdater (StateMachineUpdater.java:stopAndJoin(136)) - bc69bb28-5035-44eb-aa70-10d3ea24e6d9@group-9D1B76DF5C11-StateMachineUpdater: set stopIndex = 2
2019-10-08 01:28:23,778 [grpc-default-executor-2] INFO  server.GrpcServerProtocolService (GrpcServerProtocolService.java:onCompleted(113)) - bd94d12f-2ccb-49d7-b498-60d4bd8bf369: Completed APPEND_ENTRIES, lastRequest: bc69bb28-5035-44eb-aa70-10d3ea24e6d9->bd94d12f-2ccb-49d7-b498-60d4bd8bf369#5-t1, previous=(t:1, i:2), leaderCommit=2, initializing? false, entries: <empty>
2019-10-08 01:28:23,779 [main] INFO  impl.RaftServerImpl (ServerState.java:close(387)) - bc69bb28-5035-44eb-aa70-10d3ea24e6d9@group-EA758080F2C6: closes. applyIndex: 0
2019-10-08 01:28:23,780 [grpc-default-executor-2] INFO  server.GrpcLogAppender (GrpcLogAppender.java:onCompleted(293)) - bc69bb28-5035-44eb-aa70-10d3ea24e6d9@group-9D1B76DF5C11->bd94d12f-2ccb-49d7-b498-60d4bd8bf369-AppendLogResponseHandler: follower responses appendEntries COMPLETED
2019-10-08 01:28:23,780 [bc69bb28-5035-44eb-aa70-10d3ea24e6d9@group-EA758080F2C6-SegmentedRaftLogWorker] INFO  segmented.SegmentedRaftLogWorker (SegmentedRaftLogWorker.java:run(316)) - bc69bb28-5035-44eb-aa70-10d3ea24e6d9@group-EA758080F2C6-SegmentedRaftLogWorker was interrupted, exiting. There are 0 tasks remaining in the queue.
2019-10-08 01:28:23,780 [grpc-default-executor-1] INFO  server.GrpcLogAppender (GrpcLogAppender.java:onCompleted(293)) - bc69bb28-5035-44eb-aa70-10d3ea24e6d9@group-9D1B76DF5C11->359b1709-126a-4c21-8d4f-e4e0c5c9b498-AppendLogResponseHandler: follower responses appendEntries COMPLETED
2019-10-08 01:28:23,784 [main] INFO  segmented.SegmentedRaftLogWorker (SegmentedRaftLogWorker.java:close(224)) - bc69bb28-5035-44eb-aa70-10d3ea24e6d9@group-EA758080F2C6-SegmentedRaftLogWorker close()
2019-10-08 01:28:23,792 [grpc-default-executor-2] INFO  impl.FollowerInfo (FollowerInfo.java:lambda$new$0(51)) - bc69bb28-5035-44eb-aa70-10d3ea24e6d9@group-9D1B76DF5C11->bd94d12f-2ccb-49d7-b498-60d4bd8bf369: nextIndex: updateUnconditionally 3 -> 2
2019-10-08 01:28:23,793 [grpc-default-executor-1] INFO  impl.FollowerInfo (FollowerInfo.java:lambda$new$0(51)) - bc69bb28-5035-44eb-aa70-10d3ea24e6d9@group-9D1B76DF5C11->359b1709-126a-4c21-8d4f-e4e0c5c9b498: nextIndex: updateUnconditionally 3 -> 2
2019-10-08 01:28:23,793 [bc69bb28-5035-44eb-aa70-10d3ea24e6d9@group-9D1B76DF5C11-StateMachineUpdater] INFO  ratis.ContainerStateMachine (ContainerStateMachine.java:takeSnapshot(305)) - group-9D1B76DF5C11: Finished taking a snapshot at:(t:1, i:2) file:/workdir/hadoop-ozone/integration-test/target/test-dir/MiniOzoneClusterImpl-67ce7f06-f60a-4a96-b305-7bff22e95358/datanode-1/data/ratis/0e6081c5-8060-40f2-8fae-9d1b76df5c11/sm/snapshot.1_2 time:14
2019-10-08 01:28:23,793 [bc69bb28-5035-44eb-aa70-10d3ea24e6d9@group-9D1B76DF5C11-StateMachineUpdater] INFO  impl.StateMachineUpdater (StateMachineUpdater.java:takeSnapshot(269)) - bc69bb28-5035-44eb-aa70-10d3ea24e6d9@group-9D1B76DF5C11-StateMachineUpdater: Took a snapshot at index 2
2019-10-08 01:28:23,794 [bc69bb28-5035-44eb-aa70-10d3ea24e6d9@group-9D1B76DF5C11-StateMachineUpdater] INFO  impl.StateMachineUpdater (StateMachineUpdater.java:lambda$new$0(84)) - bc69bb28-5035-44eb-aa70-10d3ea24e6d9@group-9D1B76DF5C11-StateMachineUpdater: snapshotIndex: updateIncreasingly -1 -> 2
2019-10-08 01:28:23,794 [ForkJoinPool.commonPool-worker-1] INFO  impl.RaftServerImpl (ServerState.java:close(387)) - bc69bb28-5035-44eb-aa70-10d3ea24e6d9@group-9D1B76DF5C11: closes. applyIndex: 2
2019-10-08 01:28:23,794 [bc69bb28-5035-44eb-aa70-10d3ea24e6d9@group-9D1B76DF5C11-SegmentedRaftLogWorker] INFO  segmented.SegmentedRaftLogWorker (SegmentedRaftLogWorker.java:run(316)) - bc69bb28-5035-44eb-aa70-10d3ea24e6d9@group-9D1B76DF5C11-SegmentedRaftLogWorker was interrupted, exiting. There are 0 tasks remaining in the queue.
2019-10-08 01:28:23,798 [ForkJoinPool.commonPool-worker-1] INFO  segmented.SegmentedRaftLogWorker (SegmentedRaftLogWorker.java:close(224)) - bc69bb28-5035-44eb-aa70-10d3ea24e6d9@group-9D1B76DF5C11-SegmentedRaftLogWorker close()
2019-10-08 01:28:23,805 [main] INFO  server.GrpcService (GrpcService.java:closeImpl(164)) - bc69bb28-5035-44eb-aa70-10d3ea24e6d9: shutdown server with port 42173 now
2019-10-08 01:28:23,806 [main] INFO  server.GrpcService (GrpcService.java:closeImpl(172)) - bc69bb28-5035-44eb-aa70-10d3ea24e6d9: shutdown server with port 42173 successfully
2019-10-08 01:28:23,815 [refreshUsed-/workdir/hadoop-ozone/integration-test/target/test-dir/MiniOzoneClusterImpl-67ce7f06-f60a-4a96-b305-7bff22e95358/datanode-1/data/containers] WARN  fs.CachingGetSpaceUsed (CachingGetSpaceUsed.java:run(183)) - Thread Interrupted waiting to refresh disk information: sleep interrupted
2019-10-08 01:28:23,831 [main] INFO  utils.BackgroundService (BackgroundService.java:shutdown(148)) - Shutting down service BlockDeletingService
2019-10-08 01:28:23,839 [main] INFO  statemachine.DatanodeStateMachine (DatanodeStateMachine.java:stopDaemon(395)) - Ozone container server stopped.
2019-10-08 01:28:23,840 [main] INFO  handler.ContextHandler (ContextHandler.java:doStop(910)) - Stopped o.e.j.w.WebAppContext@71936a92{/,null,UNAVAILABLE}{/hddsDatanode}
2019-10-08 01:28:23,841 [main] INFO  server.AbstractConnector (AbstractConnector.java:doStop(318)) - Stopped ServerConnector@61359e87{HTTP/1.1,[http/1.1]}{0.0.0.0:0}
2019-10-08 01:28:23,842 [main] INFO  handler.ContextHandler (ContextHandler.java:doStop(910)) - Stopped o.e.j.s.ServletContextHandler@5cfed0ba{/static,jar:file:/home/user/.m2/repository/org/apache/hadoop/hadoop-hdds-container-service/0.5.0-SNAPSHOT/hadoop-hdds-container-service-0.5.0-SNAPSHOT.jar!/webapps/static,UNAVAILABLE}
2019-10-08 01:28:23,842 [main] INFO  handler.ContextHandler (ContextHandler.java:doStop(910)) - Stopped o.e.j.s.ServletContextHandler@de77146{/logs,file:///workdir/hadoop-ozone/integration-test/target/log,UNAVAILABLE}
2019-10-08 01:28:33,506 [Thread-2396] INFO  impl.FollowerState (FollowerState.java:run(108)) - bd94d12f-2ccb-49d7-b498-60d4bd8bf369@group-9D1B76DF5C11-FollowerState: change to CANDIDATE, lastRpcTime:9891ms, electionTimeout:5044ms
2019-10-08 01:28:33,507 [Thread-2396] INFO  impl.RoleInfo (RoleInfo.java:shutdownFollowerState(121)) - bd94d12f-2ccb-49d7-b498-60d4bd8bf369: shutdown FollowerState
2019-10-08 01:28:33,507 [Thread-2396] INFO  impl.RaftServerImpl (RaftServerImpl.java:setRole(170)) - bd94d12f-2ccb-49d7-b498-60d4bd8bf369@group-9D1B76DF5C11: changes role from  FOLLOWER to CANDIDATE at term 1 for changeToCandidate
2019-10-08 01:28:33,508 [Thread-2396] INFO  impl.RoleInfo (RoleInfo.java:updateAndGet(143)) - bd94d12f-2ccb-49d7-b498-60d4bd8bf369: start LeaderElection
2019-10-08 01:28:33,512 [bd94d12f-2ccb-49d7-b498-60d4bd8bf369@group-9D1B76DF5C11-LeaderElection92] INFO  impl.RaftServerImpl (ServerState.java:setLeader(255)) - bd94d12f-2ccb-49d7-b498-60d4bd8bf369@group-9D1B76DF5C11: change Leader from bc69bb28-5035-44eb-aa70-10d3ea24e6d9 to null at term 1 for initElection
2019-10-08 01:28:33,526 [bd94d12f-2ccb-49d7-b498-60d4bd8bf369@group-9D1B76DF5C11-LeaderElection92] INFO  impl.LeaderElection (LeaderElection.java:askForVotes(178)) - bd94d12f-2ccb-49d7-b498-60d4bd8bf369@group-9D1B76DF5C11-LeaderElection92: begin an election at term 2 for 0: [bc69bb28-5035-44eb-aa70-10d3ea24e6d9:192.168.164.245:42173, bd94d12f-2ccb-49d7-b498-60d4bd8bf369:192.168.164.245:43098, 359b1709-126a-4c21-8d4f-e4e0c5c9b498:192.168.164.245:40396], old=null
2019-10-08 01:28:33,530 [bd94d12f-2ccb-49d7-b498-60d4bd8bf369@group-9D1B76DF5C11-LeaderElection92] INFO  impl.LeaderElection (LogUtils.java:infoOrTrace(149)) - bd94d12f-2ccb-49d7-b498-60d4bd8bf369@group-9D1B76DF5C11-LeaderElection92 got exception when requesting votes: {}
java.util.concurrent.ExecutionException: org.apache.ratis.thirdparty.io.grpc.StatusRuntimeException: UNAVAILABLE: io exception
	at java.util.concurrent.FutureTask.report(FutureTask.java:122)
	at java.util.concurrent.FutureTask.get(FutureTask.java:192)
	at org.apache.ratis.server.impl.LeaderElection.waitForResults(LeaderElection.java:259)
	at org.apache.ratis.server.impl.LeaderElection.askForVotes(LeaderElection.java:197)
	at org.apache.ratis.server.impl.LeaderElection.run(LeaderElection.java:133)
	at java.lang.Thread.run(Thread.java:748)
Caused by: org.apache.ratis.thirdparty.io.grpc.StatusRuntimeException: UNAVAILABLE: io exception
	at org.apache.ratis.thirdparty.io.grpc.stub.ClientCalls.toStatusRuntimeException(ClientCalls.java:233)
	at org.apache.ratis.thirdparty.io.grpc.stub.ClientCalls.getUnchecked(ClientCalls.java:214)
	at org.apache.ratis.thirdparty.io.grpc.stub.ClientCalls.blockingUnaryCall(ClientCalls.java:139)
	at org.apache.ratis.proto.grpc.RaftServerProtocolServiceGrpc$RaftServerProtocolServiceBlockingStub.requestVote(RaftServerProtocolServiceGrpc.java:265)
	at org.apache.ratis.grpc.server.GrpcServerProtocolClient.requestVote(GrpcServerProtocolClient.java:99)
	at org.apache.ratis.grpc.server.GrpcService.requestVote(GrpcService.java:204)
	at org.apache.ratis.server.impl.LeaderElection.lambda$submitRequests$1(LeaderElection.java:234)
	at java.util.concurrent.FutureTask.run(FutureTask.java:266)
	at java.util.concurrent.Executors$RunnableAdapter.call(Executors.java:511)
	at java.util.concurrent.FutureTask.run(FutureTask.java:266)
	at java.util.concurrent.ThreadPoolExecutor.runWorker(ThreadPoolExecutor.java:1149)
	at java.util.concurrent.ThreadPoolExecutor$Worker.run(ThreadPoolExecutor.java:624)
	... 1 more
Caused by: org.apache.ratis.thirdparty.io.netty.channel.AbstractChannel$AnnotatedConnectException: Connection refused: /192.168.164.245:42173
	at sun.nio.ch.SocketChannelImpl.checkConnect(Native Method)
	at sun.nio.ch.SocketChannelImpl.finishConnect(SocketChannelImpl.java:717)
	at org.apache.ratis.thirdparty.io.netty.channel.socket.nio.NioSocketChannel.doFinishConnect(NioSocketChannel.java:327)
	at org.apache.ratis.thirdparty.io.netty.channel.nio.AbstractNioChannel$AbstractNioUnsafe.finishConnect(AbstractNioChannel.java:340)
	at org.apache.ratis.thirdparty.io.netty.channel.nio.NioEventLoop.processSelectedKey(NioEventLoop.java:632)
	at org.apache.ratis.thirdparty.io.netty.channel.nio.NioEventLoop.processSelectedKeysOptimized(NioEventLoop.java:579)
	at org.apache.ratis.thirdparty.io.netty.channel.nio.NioEventLoop.processSelectedKeys(NioEventLoop.java:496)
	at org.apache.ratis.thirdparty.io.netty.channel.nio.NioEventLoop.run(NioEventLoop.java:458)
	at org.apache.ratis.thirdparty.io.netty.util.concurrent.SingleThreadEventExecutor$5.run(SingleThreadEventExecutor.java:897)
	at org.apache.ratis.thirdparty.io.netty.util.concurrent.FastThreadLocalRunnable.run(FastThreadLocalRunnable.java:30)
	... 1 more
Caused by: java.net.ConnectException: Connection refused
	... 11 more
2019-10-08 01:28:33,534 [grpc-default-executor-2] INFO  impl.RaftServerImpl (ServerState.java:setLeader(255)) - 359b1709-126a-4c21-8d4f-e4e0c5c9b498@group-9D1B76DF5C11: change Leader from bc69bb28-5035-44eb-aa70-10d3ea24e6d9 to null at term 2 for updateCurrentTerm
2019-10-08 01:28:33,534 [grpc-default-executor-2] INFO  impl.RaftServerImpl (RaftServerImpl.java:setRole(170)) - 359b1709-126a-4c21-8d4f-e4e0c5c9b498@group-9D1B76DF5C11: changes role from  FOLLOWER to FOLLOWER at term 2 for recognizeCandidate:bd94d12f-2ccb-49d7-b498-60d4bd8bf369
2019-10-08 01:28:33,534 [grpc-default-executor-2] INFO  impl.RoleInfo (RoleInfo.java:shutdownFollowerState(121)) - 359b1709-126a-4c21-8d4f-e4e0c5c9b498: shutdown FollowerState
2019-10-08 01:28:33,534 [grpc-default-executor-2] INFO  impl.RoleInfo (RoleInfo.java:updateAndGet(143)) - 359b1709-126a-4c21-8d4f-e4e0c5c9b498: start FollowerState
2019-10-08 01:28:33,534 [Thread-2397] INFO  impl.FollowerState (FollowerState.java:run(117)) - 359b1709-126a-4c21-8d4f-e4e0c5c9b498@group-9D1B76DF5C11-FollowerState was interrupted: java.lang.InterruptedException: sleep interrupted
2019-10-08 01:28:33,543 [bd94d12f-2ccb-49d7-b498-60d4bd8bf369@group-9D1B76DF5C11-LeaderElection92] INFO  impl.LeaderElection (LeaderElection.java:logAndReturn(56)) - bd94d12f-2ccb-49d7-b498-60d4bd8bf369@group-9D1B76DF5C11-LeaderElection92: Election PASSED; received 1 response(s) [bd94d12f-2ccb-49d7-b498-60d4bd8bf369<-359b1709-126a-4c21-8d4f-e4e0c5c9b498#0:OK-t2] and 1 exception(s); bd94d12f-2ccb-49d7-b498-60d4bd8bf369@group-9D1B76DF5C11:t2, leader=null, voted=bd94d12f-2ccb-49d7-b498-60d4bd8bf369, raftlog=bd94d12f-2ccb-49d7-b498-60d4bd8bf369@group-9D1B76DF5C11-SegmentedRaftLog:OPENED:c2,f2,i2, conf=0: [bc69bb28-5035-44eb-aa70-10d3ea24e6d9:192.168.164.245:42173, bd94d12f-2ccb-49d7-b498-60d4bd8bf369:192.168.164.245:43098, 359b1709-126a-4c21-8d4f-e4e0c5c9b498:192.168.164.245:40396], old=null
2019-10-08 01:28:33,543 [bd94d12f-2ccb-49d7-b498-60d4bd8bf369@group-9D1B76DF5C11-LeaderElection92] INFO  impl.LeaderElection (LogUtils.java:infoOrTrace(149)) -   Exception 0: {}
java.util.concurrent.ExecutionException: org.apache.ratis.thirdparty.io.grpc.StatusRuntimeException: UNAVAILABLE: io exception
	at java.util.concurrent.FutureTask.report(FutureTask.java:122)
	at java.util.concurrent.FutureTask.get(FutureTask.java:192)
	at org.apache.ratis.server.impl.LeaderElection.waitForResults(LeaderElection.java:259)
	at org.apache.ratis.server.impl.LeaderElection.askForVotes(LeaderElection.java:197)
	at org.apache.ratis.server.impl.LeaderElection.run(LeaderElection.java:133)
	at java.lang.Thread.run(Thread.java:748)
Caused by: org.apache.ratis.thirdparty.io.grpc.StatusRuntimeException: UNAVAILABLE: io exception
	at org.apache.ratis.thirdparty.io.grpc.stub.ClientCalls.toStatusRuntimeException(ClientCalls.java:233)
	at org.apache.ratis.thirdparty.io.grpc.stub.ClientCalls.getUnchecked(ClientCalls.java:214)
	at org.apache.ratis.thirdparty.io.grpc.stub.ClientCalls.blockingUnaryCall(ClientCalls.java:139)
	at org.apache.ratis.proto.grpc.RaftServerProtocolServiceGrpc$RaftServerProtocolServiceBlockingStub.requestVote(RaftServerProtocolServiceGrpc.java:265)
	at org.apache.ratis.grpc.server.GrpcServerProtocolClient.requestVote(GrpcServerProtocolClient.java:99)
	at org.apache.ratis.grpc.server.GrpcService.requestVote(GrpcService.java:204)
	at org.apache.ratis.server.impl.LeaderElection.lambda$submitRequests$1(LeaderElection.java:234)
	at java.util.concurrent.FutureTask.run(FutureTask.java:266)
	at java.util.concurrent.Executors$RunnableAdapter.call(Executors.java:511)
	at java.util.concurrent.FutureTask.run(FutureTask.java:266)
	at java.util.concurrent.ThreadPoolExecutor.runWorker(ThreadPoolExecutor.java:1149)
	at java.util.concurrent.ThreadPoolExecutor$Worker.run(ThreadPoolExecutor.java:624)
	... 1 more
Caused by: org.apache.ratis.thirdparty.io.netty.channel.AbstractChannel$AnnotatedConnectException: Connection refused: /192.168.164.245:42173
	at sun.nio.ch.SocketChannelImpl.checkConnect(Native Method)
	at sun.nio.ch.SocketChannelImpl.finishConnect(SocketChannelImpl.java:717)
	at org.apache.ratis.thirdparty.io.netty.channel.socket.nio.NioSocketChannel.doFinishConnect(NioSocketChannel.java:327)
	at org.apache.ratis.thirdparty.io.netty.channel.nio.AbstractNioChannel$AbstractNioUnsafe.finishConnect(AbstractNioChannel.java:340)
	at org.apache.ratis.thirdparty.io.netty.channel.nio.NioEventLoop.processSelectedKey(NioEventLoop.java:632)
	at org.apache.ratis.thirdparty.io.netty.channel.nio.NioEventLoop.processSelectedKeysOptimized(NioEventLoop.java:579)
	at org.apache.ratis.thirdparty.io.netty.channel.nio.NioEventLoop.processSelectedKeys(NioEventLoop.java:496)
	at org.apache.ratis.thirdparty.io.netty.channel.nio.NioEventLoop.run(NioEventLoop.java:458)
	at org.apache.ratis.thirdparty.io.netty.util.concurrent.SingleThreadEventExecutor$5.run(SingleThreadEventExecutor.java:897)
	at org.apache.ratis.thirdparty.io.netty.util.concurrent.FastThreadLocalRunnable.run(FastThreadLocalRunnable.java:30)
	... 1 more
Caused by: java.net.ConnectException: Connection refused
	... 11 more
2019-10-08 01:28:33,543 [bd94d12f-2ccb-49d7-b498-60d4bd8bf369@group-9D1B76DF5C11-LeaderElection92] INFO  impl.RoleInfo (RoleInfo.java:shutdownLeaderElection(134)) - bd94d12f-2ccb-49d7-b498-60d4bd8bf369: shutdown LeaderElection
2019-10-08 01:28:33,544 [bd94d12f-2ccb-49d7-b498-60d4bd8bf369@group-9D1B76DF5C11-LeaderElection92] INFO  impl.RaftServerImpl (RaftServerImpl.java:setRole(170)) - bd94d12f-2ccb-49d7-b498-60d4bd8bf369@group-9D1B76DF5C11: changes role from CANDIDATE to LEADER at term 2 for changeToLeader
2019-10-08 01:28:33,544 [bd94d12f-2ccb-49d7-b498-60d4bd8bf369@group-9D1B76DF5C11-LeaderElection92] INFO  impl.RaftServerImpl (ServerState.java:setLeader(255)) - bd94d12f-2ccb-49d7-b498-60d4bd8bf369@group-9D1B76DF5C11: change Leader from null to bd94d12f-2ccb-49d7-b498-60d4bd8bf369 at term 2 for becomeLeader, leader elected after 31ms
2019-10-08 01:28:33,544 [bd94d12f-2ccb-49d7-b498-60d4bd8bf369@group-9D1B76DF5C11-LeaderElection92] INFO  server.RaftServerConfigKeys (ConfUtils.java:logGet(43)) - raft.server.staging.catchup.gap = 1000 (default)
2019-10-08 01:28:33,544 [bd94d12f-2ccb-49d7-b498-60d4bd8bf369@group-9D1B76DF5C11-LeaderElection92] INFO  server.RaftServerConfigKeys (ConfUtils.java:logGet(43)) - raft.server.rpc.sleep.time = 25ms (default)
2019-10-08 01:28:33,545 [bd94d12f-2ccb-49d7-b498-60d4bd8bf369@group-9D1B76DF5C11-LeaderElection92] INFO  server.RaftServerConfigKeys (ConfUtils.java:logGet(43)) - raft.server.write.element-limit = 4096 (default)
2019-10-08 01:28:33,545 [bd94d12f-2ccb-49d7-b498-60d4bd8bf369@group-9D1B76DF5C11-LeaderElection92] INFO  server.RaftServerConfigKeys (ConfUtils.java:logGet(43)) - raft.server.watch.timeout = 10s (default)
2019-10-08 01:28:33,545 [bd94d12f-2ccb-49d7-b498-60d4bd8bf369@group-9D1B76DF5C11-LeaderElection92] INFO  server.RaftServerConfigKeys (ConfUtils.java:logGet(43)) - raft.server.watch.timeout.denomination = 1s (default)
2019-10-08 01:28:33,545 [bd94d12f-2ccb-49d7-b498-60d4bd8bf369@group-9D1B76DF5C11-LeaderElection92] INFO  server.RaftServerConfigKeys (ConfUtils.java:logGet(43)) - raft.server.watch.element-limit = 65536 (default)
2019-10-08 01:28:33,550 [bd94d12f-2ccb-49d7-b498-60d4bd8bf369@group-9D1B76DF5C11-LeaderElection92] INFO  server.RaftServerConfigKeys (ConfUtils.java:logGet(43)) - raft.server.log.appender.snapshot.chunk.size.max = 16MB (=16777216) (default)
2019-10-08 01:28:33,550 [bd94d12f-2ccb-49d7-b498-60d4bd8bf369@group-9D1B76DF5C11-LeaderElection92] INFO  server.RaftServerConfigKeys (ConfUtils.java:logGet(43)) - raft.server.log.appender.buffer.byte-limit = 33554432 (custom)
2019-10-08 01:28:33,550 [bd94d12f-2ccb-49d7-b498-60d4bd8bf369@group-9D1B76DF5C11-LeaderElection92] INFO  server.RaftServerConfigKeys (ConfUtils.java:logGet(43)) - raft.server.log.appender.buffer.element-limit = 1 (custom)
2019-10-08 01:28:33,550 [bd94d12f-2ccb-49d7-b498-60d4bd8bf369@group-9D1B76DF5C11-LeaderElection92] INFO  grpc.GrpcConfigKeys$Server (ConfUtils.java:logGet(43)) - raft.grpc.server.leader.outstanding.appends.max = 128 (default)
2019-10-08 01:28:33,551 [bd94d12f-2ccb-49d7-b498-60d4bd8bf369@group-9D1B76DF5C11-LeaderElection92] INFO  server.RaftServerConfigKeys (ConfUtils.java:logGet(43)) - raft.server.rpc.request.timeout = 3000ms (default)
2019-10-08 01:28:33,551 [bd94d12f-2ccb-49d7-b498-60d4bd8bf369@group-9D1B76DF5C11-LeaderElection92] INFO  server.RaftServerConfigKeys (ConfUtils.java:logGet(43)) - raft.server.log.appender.install.snapshot.enabled = false (custom)
2019-10-08 01:28:33,551 [bd94d12f-2ccb-49d7-b498-60d4bd8bf369@group-9D1B76DF5C11-LeaderElection92] INFO  server.RaftServerConfigKeys (ConfUtils.java:logGet(43)) - raft.server.log.appender.snapshot.chunk.size.max = 16MB (=16777216) (default)
2019-10-08 01:28:33,551 [bd94d12f-2ccb-49d7-b498-60d4bd8bf369@group-9D1B76DF5C11-LeaderElection92] INFO  server.RaftServerConfigKeys (ConfUtils.java:logGet(43)) - raft.server.log.appender.buffer.byte-limit = 33554432 (custom)
2019-10-08 01:28:33,551 [bd94d12f-2ccb-49d7-b498-60d4bd8bf369@group-9D1B76DF5C11-LeaderElection92] INFO  server.RaftServerConfigKeys (ConfUtils.java:logGet(43)) - raft.server.log.appender.buffer.element-limit = 1 (custom)
2019-10-08 01:28:33,552 [bd94d12f-2ccb-49d7-b498-60d4bd8bf369@group-9D1B76DF5C11-LeaderElection92] INFO  grpc.GrpcConfigKeys$Server (ConfUtils.java:logGet(43)) - raft.grpc.server.leader.outstanding.appends.max = 128 (default)
2019-10-08 01:28:33,552 [bd94d12f-2ccb-49d7-b498-60d4bd8bf369@group-9D1B76DF5C11-LeaderElection92] INFO  server.RaftServerConfigKeys (ConfUtils.java:logGet(43)) - raft.server.rpc.request.timeout = 3000ms (default)
2019-10-08 01:28:33,552 [bd94d12f-2ccb-49d7-b498-60d4bd8bf369@group-9D1B76DF5C11-LeaderElection92] INFO  server.RaftServerConfigKeys (ConfUtils.java:logGet(43)) - raft.server.log.appender.install.snapshot.enabled = false (custom)
2019-10-08 01:28:33,552 [bd94d12f-2ccb-49d7-b498-60d4bd8bf369@group-9D1B76DF5C11-LeaderElection92] INFO  impl.RoleInfo (RoleInfo.java:updateAndGet(143)) - bd94d12f-2ccb-49d7-b498-60d4bd8bf369: start LeaderState
2019-10-08 01:28:33,553 [bd94d12f-2ccb-49d7-b498-60d4bd8bf369@group-9D1B76DF5C11-LeaderElection92] INFO  segmented.SegmentedRaftLogWorker (SegmentedRaftLogWorker.java:rollLogSegment(390)) - bd94d12f-2ccb-49d7-b498-60d4bd8bf369@group-9D1B76DF5C11-SegmentedRaftLogWorker: Rolling segment log-0_2 to index:2
2019-10-08 01:28:33,554 [bd94d12f-2ccb-49d7-b498-60d4bd8bf369@group-9D1B76DF5C11-LeaderElection92] INFO  impl.RaftServerImpl (ServerState.java:setRaftConf(356)) - bd94d12f-2ccb-49d7-b498-60d4bd8bf369@group-9D1B76DF5C11: set configuration 3: [bc69bb28-5035-44eb-aa70-10d3ea24e6d9:192.168.164.245:42173, bd94d12f-2ccb-49d7-b498-60d4bd8bf369:192.168.164.245:43098, 359b1709-126a-4c21-8d4f-e4e0c5c9b498:192.168.164.245:40396], old=null at 3
2019-10-08 01:28:33,555 [bd94d12f-2ccb-49d7-b498-60d4bd8bf369@group-9D1B76DF5C11-SegmentedRaftLogWorker] INFO  segmented.SegmentedRaftLogWorker (SegmentedRaftLogWorker.java:execute(531)) - bd94d12f-2ccb-49d7-b498-60d4bd8bf369@group-9D1B76DF5C11-SegmentedRaftLogWorker: Rolled log segment from /workdir/hadoop-ozone/integration-test/target/test-dir/MiniOzoneClusterImpl-67ce7f06-f60a-4a96-b305-7bff22e95358/datanode-0/data/ratis/0e6081c5-8060-40f2-8fae-9d1b76df5c11/current/log_inprogress_0 to /workdir/hadoop-ozone/integration-test/target/test-dir/MiniOzoneClusterImpl-67ce7f06-f60a-4a96-b305-7bff22e95358/datanode-0/data/ratis/0e6081c5-8060-40f2-8fae-9d1b76df5c11/current/log_0-2
2019-10-08 01:28:33,558 [grpc-default-executor-2] WARN  server.GrpcLogAppender (LogUtils.java:warn(134)) - bd94d12f-2ccb-49d7-b498-60d4bd8bf369@group-9D1B76DF5C11->bc69bb28-5035-44eb-aa70-10d3ea24e6d9-AppendLogResponseHandler: Failed appendEntries: org.apache.ratis.thirdparty.io.grpc.StatusRuntimeException: UNAVAILABLE: io exception
2019-10-08 01:28:33,559 [grpc-default-executor-2] INFO  impl.FollowerInfo (FollowerInfo.java:lambda$new$0(51)) - bd94d12f-2ccb-49d7-b498-60d4bd8bf369@group-9D1B76DF5C11->bc69bb28-5035-44eb-aa70-10d3ea24e6d9: nextIndex: updateUnconditionally 3 -> 1
2019-10-08 01:28:33,559 [grpc-default-executor-1] INFO  impl.RaftServerImpl (ServerState.java:setLeader(255)) - 359b1709-126a-4c21-8d4f-e4e0c5c9b498@group-9D1B76DF5C11: change Leader from null to bd94d12f-2ccb-49d7-b498-60d4bd8bf369 at term 2 for appendEntries, leader elected after 25ms
2019-10-08 01:28:33,592 [grpc-default-executor-1] INFO  impl.RaftServerImpl (ServerState.java:setRaftConf(356)) - 359b1709-126a-4c21-8d4f-e4e0c5c9b498@group-9D1B76DF5C11: set configuration 3: [bc69bb28-5035-44eb-aa70-10d3ea24e6d9:192.168.164.245:42173, bd94d12f-2ccb-49d7-b498-60d4bd8bf369:192.168.164.245:43098, 359b1709-126a-4c21-8d4f-e4e0c5c9b498:192.168.164.245:40396], old=null at 3
2019-10-08 01:28:33,593 [grpc-default-executor-1] INFO  segmented.SegmentedRaftLogWorker (SegmentedRaftLogWorker.java:rollLogSegment(390)) - 359b1709-126a-4c21-8d4f-e4e0c5c9b498@group-9D1B76DF5C11-SegmentedRaftLogWorker: Rolling segment log-0_2 to index:2
2019-10-08 01:28:33,594 [359b1709-126a-4c21-8d4f-e4e0c5c9b498@group-9D1B76DF5C11-SegmentedRaftLogWorker] INFO  segmented.SegmentedRaftLogWorker (SegmentedRaftLogWorker.java:execute(531)) - 359b1709-126a-4c21-8d4f-e4e0c5c9b498@group-9D1B76DF5C11-SegmentedRaftLogWorker: Rolled log segment from /workdir/hadoop-ozone/integration-test/target/test-dir/MiniOzoneClusterImpl-67ce7f06-f60a-4a96-b305-7bff22e95358/datanode-2/data/ratis/0e6081c5-8060-40f2-8fae-9d1b76df5c11/current/log_inprogress_0 to /workdir/hadoop-ozone/integration-test/target/test-dir/MiniOzoneClusterImpl-67ce7f06-f60a-4a96-b305-7bff22e95358/datanode-2/data/ratis/0e6081c5-8060-40f2-8fae-9d1b76df5c11/current/log_0-2
2019-10-08 01:28:33,601 [bd94d12f-2ccb-49d7-b498-60d4bd8bf369@group-9D1B76DF5C11-SegmentedRaftLogWorker] INFO  segmented.SegmentedRaftLogWorker (SegmentedRaftLogWorker.java:execute(574)) - bd94d12f-2ccb-49d7-b498-60d4bd8bf369@group-9D1B76DF5C11-SegmentedRaftLogWorker: created new log segment /workdir/hadoop-ozone/integration-test/target/test-dir/MiniOzoneClusterImpl-67ce7f06-f60a-4a96-b305-7bff22e95358/datanode-0/data/ratis/0e6081c5-8060-40f2-8fae-9d1b76df5c11/current/log_inprogress_3
2019-10-08 01:28:33,631 [359b1709-126a-4c21-8d4f-e4e0c5c9b498@group-9D1B76DF5C11-SegmentedRaftLogWorker] INFO  segmented.SegmentedRaftLogWorker (SegmentedRaftLogWorker.java:execute(574)) - 359b1709-126a-4c21-8d4f-e4e0c5c9b498@group-9D1B76DF5C11-SegmentedRaftLogWorker: created new log segment /workdir/hadoop-ozone/integration-test/target/test-dir/MiniOzoneClusterImpl-67ce7f06-f60a-4a96-b305-7bff22e95358/datanode-2/data/ratis/0e6081c5-8060-40f2-8fae-9d1b76df5c11/current/log_inprogress_3
2019-10-08 01:28:33,644 [grpc-default-executor-4] WARN  server.GrpcLogAppender (LogUtils.java:warn(134)) - bd94d12f-2ccb-49d7-b498-60d4bd8bf369@group-9D1B76DF5C11->bc69bb28-5035-44eb-aa70-10d3ea24e6d9-AppendLogResponseHandler: Failed appendEntries: org.apache.ratis.thirdparty.io.grpc.StatusRuntimeException: UNAVAILABLE: io exception
2019-10-08 01:28:33,644 [grpc-default-executor-4] INFO  impl.FollowerInfo (FollowerInfo.java:lambda$new$0(51)) - bd94d12f-2ccb-49d7-b498-60d4bd8bf369@group-9D1B76DF5C11->bc69bb28-5035-44eb-aa70-10d3ea24e6d9: nextIndex: updateUnconditionally 2 -> 1
2019-10-08 01:28:33,649 [grpc-default-executor-1] WARN  server.GrpcLogAppender (LogUtils.java:warn(134)) - bd94d12f-2ccb-49d7-b498-60d4bd8bf369@group-9D1B76DF5C11->bc69bb28-5035-44eb-aa70-10d3ea24e6d9-AppendLogResponseHandler: Failed appendEntries: org.apache.ratis.thirdparty.io.grpc.StatusRuntimeException: UNAVAILABLE: io exception
2019-10-08 01:28:33,650 [grpc-default-executor-1] INFO  impl.FollowerInfo (FollowerInfo.java:lambda$new$0(51)) - bd94d12f-2ccb-49d7-b498-60d4bd8bf369@group-9D1B76DF5C11->bc69bb28-5035-44eb-aa70-10d3ea24e6d9: nextIndex: updateUnconditionally 2 -> 1
]]></system-out>
  </testcase>
</testsuite>