<?xml version="1.0" encoding="UTF-8"?>
<testsuite xmlns:xsi="http://www.w3.org/2001/XMLSchema-instance" xsi:noNamespaceSchemaLocation="https://maven.apache.org/surefire/maven-surefire-plugin/xsd/surefire-test-report.xsd" name="org.apache.hadoop.ozone.freon.TestFreonWithPipelineDestroy" time="50.261" tests="1" errors="1" skipped="0" failures="0">
  <properties>
    <property name="awt.toolkit" value="sun.awt.X11.XToolkit"/>
    <property name="file.encoding.pkg" value="sun.io"/>
    <property name="java.specification.version" value="1.8"/>
    <property name="sun.cpu.isalist" value=""/>
    <property name="sun.jnu.encoding" value="UTF-8"/>
    <property name="java.class.path" value="/workdir/hadoop-ozone/tools/target/test-classes:/workdir/hadoop-ozone/tools/target/classes:/home/user/.m2/repository/org/apache/hadoop/hadoop-ozone-ozone-manager/0.5.0-SNAPSHOT/hadoop-ozone-ozone-manager-0.5.0-SNAPSHOT.jar:/home/user/.m2/repository/org/apache/hadoop/hadoop-hdds-docs/0.5.0-SNAPSHOT/hadoop-hdds-docs-0.5.0-SNAPSHOT.jar:/home/user/.m2/repository/org/bouncycastle/bcprov-jdk15on/1.60/bcprov-jdk15on-1.60.jar:/home/user/.m2/repository/org/apache/hadoop/hadoop-ozone-common/0.5.0-SNAPSHOT/hadoop-ozone-common-0.5.0-SNAPSHOT.jar:/home/user/.m2/repository/org/apache/commons/commons-compress/1.4.1/commons-compress-1.4.1.jar:/home/user/.m2/repository/org/tukaani/xz/1.0/xz-1.0.jar:/home/user/.m2/repository/org/apache/hadoop/hadoop-hdfs-client/3.2.0/hadoop-hdfs-client-3.2.0.jar:/home/user/.m2/repository/com/fasterxml/jackson/core/jackson-annotations/2.9.9/jackson-annotations-2.9.9.jar:/home/user/.m2/repository/org/apache/hadoop/hadoop-hdds-common/0.5.0-SNAPSHOT/hadoop-hdds-common-0.5.0-SNAPSHOT.jar:/home/user/.m2/repository/org/apache/hadoop/hadoop-hdds-config/0.5.0-SNAPSHOT/hadoop-hdds-config-0.5.0-SNAPSHOT.jar:/home/user/.m2/repository/javax/annotation/javax.annotation-api/1.2/javax.annotation-api-1.2.jar:/home/user/.m2/repository/org/apache/ratis/ratis-server/0.5.0-63cd2fb-SNAPSHOT/ratis-server-0.5.0-63cd2fb-SNAPSHOT.jar:/home/user/.m2/repository/org/apache/ratis/ratis-thirdparty-misc/0.2.0/ratis-thirdparty-misc-0.2.0.jar:/home/user/.m2/repository/org/apache/ratis/ratis-proto/0.5.0-63cd2fb-SNAPSHOT/ratis-proto-0.5.0-63cd2fb-SNAPSHOT.jar:/home/user/.m2/repository/org/apache/ratis/ratis-common/0.5.0-63cd2fb-SNAPSHOT/ratis-common-0.5.0-63cd2fb-SNAPSHOT.jar:/home/user/.m2/repository/org/apache/ratis/ratis-client/0.5.0-63cd2fb-SNAPSHOT/ratis-client-0.5.0-63cd2fb-SNAPSHOT.jar:/home/user/.m2/repository/org/apache/ratis/ratis-metrics/0.5.0-63cd2fb-SNAPSHOT/ratis-metrics-0.5.0-63cd2fb-SNAPSHOT.jar:/home/user/.m2/repository/com/github/joshelser/dropwizard-metrics-hadoop-metrics2-reporter/0.1.2/dropwizard-metrics-hadoop-metrics2-reporter-0.1.2.jar:/home/user/.m2/repository/io/dropwizard/metrics/metrics-jvm/3.2.5/metrics-jvm-3.2.5.jar:/home/user/.m2/repository/io/dropwizard/metrics/metrics-ganglia/3.2.5/metrics-ganglia-3.2.5.jar:/home/user/.m2/repository/info/ganglia/gmetric4j/gmetric4j/1.0.7/gmetric4j-1.0.7.jar:/home/user/.m2/repository/org/apache/ratis/ratis-netty/0.5.0-63cd2fb-SNAPSHOT/ratis-netty-0.5.0-63cd2fb-SNAPSHOT.jar:/home/user/.m2/repository/org/apache/ratis/ratis-grpc/0.5.0-63cd2fb-SNAPSHOT/ratis-grpc-0.5.0-63cd2fb-SNAPSHOT.jar:/home/user/.m2/repository/org/rocksdb/rocksdbjni/6.0.1/rocksdbjni-6.0.1.jar:/home/user/.m2/repository/org/apache/logging/log4j/log4j-api/2.11.0/log4j-api-2.11.0.jar:/home/user/.m2/repository/org/apache/logging/log4j/log4j-core/2.11.0/log4j-core-2.11.0.jar:/home/user/.m2/repository/com/lmax/disruptor/3.4.2/disruptor-3.4.2.jar:/home/user/.m2/repository/org/apache/commons/commons-pool2/2.6.0/commons-pool2-2.6.0.jar:/home/user/.m2/repository/org/bouncycastle/bcpkix-jdk15on/1.60/bcpkix-jdk15on-1.60.jar:/home/user/.m2/repository/commons-validator/commons-validator/1.6/commons-validator-1.6.jar:/home/user/.m2/repository/commons-digester/commons-digester/1.8.1/commons-digester-1.8.1.jar:/home/user/.m2/repository/io/jaegertracing/jaeger-client/0.34.0/jaeger-client-0.34.0.jar:/home/user/.m2/repository/io/jaegertracing/jaeger-thrift/0.34.0/jaeger-thrift-0.34.0.jar:/home/user/.m2/repository/org/apache/thrift/libthrift/0.12.0/libthrift-0.12.0.jar:/home/user/.m2/repository/com/squareup/okhttp3/okhttp/3.9.0/okhttp-3.9.0.jar:/home/user/.m2/repository/com/squareup/okio/okio/1.13.0/okio-1.13.0.jar:/home/user/.m2/repository/io/jaegertracing/jaeger-core/0.34.0/jaeger-core-0.34.0.jar:/home/user/.m2/repository/io/jaegertracing/jaeger-tracerresolver/0.34.0/jaeger-tracerresolver-0.34.0.jar:/home/user/.m2/repository/io/opentracing/contrib/opentracing-tracerresolver/0.1.5/opentracing-tracerresolver-0.1.5.jar:/home/user/.m2/repository/io/opentracing/opentracing-util/0.31.0/opentracing-util-0.31.0.jar:/home/user/.m2/repository/io/opentracing/opentracing-api/0.31.0/opentracing-api-0.31.0.jar:/home/user/.m2/repository/io/opentracing/opentracing-noop/0.31.0/opentracing-noop-0.31.0.jar:/home/user/.m2/repository/org/yaml/snakeyaml/1.16/snakeyaml-1.16.jar:/home/user/.m2/repository/org/apache/hadoop/hadoop-hdds-container-service/0.5.0-SNAPSHOT/hadoop-hdds-container-service-0.5.0-SNAPSHOT.jar:/home/user/.m2/repository/org/apache/hadoop/hadoop-hdds-client/0.5.0-SNAPSHOT/hadoop-hdds-client-0.5.0-SNAPSHOT.jar:/home/user/.m2/repository/org/apache/hadoop/hadoop-hdds-tools/0.5.0-SNAPSHOT/hadoop-hdds-tools-0.5.0-SNAPSHOT.jar:/home/user/.m2/repository/org/xerial/sqlite-jdbc/3.25.2/sqlite-jdbc-3.25.2.jar:/home/user/.m2/repository/org/apache/hadoop/hadoop-hdds-server-scm/0.5.0-SNAPSHOT/hadoop-hdds-server-scm-0.5.0-SNAPSHOT.jar:/home/user/.m2/repository/org/hamcrest/hamcrest-all/1.3/hamcrest-all-1.3.jar:/home/user/.m2/repository/info/picocli/picocli/3.9.6/picocli-3.9.6.jar:/home/user/.m2/repository/com/google/protobuf/protobuf-java/2.5.0/protobuf-java-2.5.0.jar:/home/user/.m2/repository/com/google/guava/guava/11.0.2/guava-11.0.2.jar:/home/user/.m2/repository/org/apache/hadoop/hadoop-ozone-client/0.5.0-SNAPSHOT/hadoop-ozone-client-0.5.0-SNAPSHOT.jar:/workdir/hadoop-ozone/ozonefs/target/classes:/home/user/.m2/repository/org/apache/httpcomponents/httpclient/4.5.2/httpclient-4.5.2.jar:/home/user/.m2/repository/org/apache/httpcomponents/httpcore/4.4.4/httpcore-4.4.4.jar:/home/user/.m2/repository/org/apache/hadoop/hadoop-hdds-server-framework/0.5.0-SNAPSHOT/hadoop-hdds-server-framework-0.5.0-SNAPSHOT.jar:/home/user/.m2/repository/org/apache/hadoop/hadoop-common/3.2.0/hadoop-common-3.2.0.jar:/home/user/.m2/repository/org/apache/hadoop/hadoop-annotations/3.2.0/hadoop-annotations-3.2.0.jar:/usr/lib/jvm/java-1.8-openjdk/jre/../lib/tools.jar:/home/user/.m2/repository/commons-cli/commons-cli/1.2/commons-cli-1.2.jar:/home/user/.m2/repository/org/apache/commons/commons-math3/3.1.1/commons-math3-3.1.1.jar:/home/user/.m2/repository/commons-codec/commons-codec/1.11/commons-codec-1.11.jar:/home/user/.m2/repository/commons-io/commons-io/2.5/commons-io-2.5.jar:/home/user/.m2/repository/commons-net/commons-net/3.6/commons-net-3.6.jar:/home/user/.m2/repository/commons-collections/commons-collections/3.2.2/commons-collections-3.2.2.jar:/home/user/.m2/repository/javax/servlet/javax.servlet-api/3.1.0/javax.servlet-api-3.1.0.jar:/home/user/.m2/repository/org/eclipse/jetty/jetty-server/9.3.25.v20180904/jetty-server-9.3.25.v20180904.jar:/home/user/.m2/repository/org/eclipse/jetty/jetty-http/9.3.25.v20180904/jetty-http-9.3.25.v20180904.jar:/home/user/.m2/repository/org/eclipse/jetty/jetty-io/9.3.25.v20180904/jetty-io-9.3.25.v20180904.jar:/home/user/.m2/repository/org/eclipse/jetty/jetty-util/9.3.25.v20180904/jetty-util-9.3.25.v20180904.jar:/home/user/.m2/repository/org/eclipse/jetty/jetty-servlet/9.3.25.v20180904/jetty-servlet-9.3.25.v20180904.jar:/home/user/.m2/repository/org/eclipse/jetty/jetty-security/9.3.25.v20180904/jetty-security-9.3.25.v20180904.jar:/home/user/.m2/repository/org/eclipse/jetty/jetty-webapp/9.3.25.v20180904/jetty-webapp-9.3.25.v20180904.jar:/home/user/.m2/repository/org/eclipse/jetty/jetty-xml/9.3.25.v20180904/jetty-xml-9.3.25.v20180904.jar:/home/user/.m2/repository/javax/servlet/jsp/jsp-api/2.1/jsp-api-2.1.jar:/home/user/.m2/repository/com/sun/jersey/jersey-core/1.19/jersey-core-1.19.jar:/home/user/.m2/repository/javax/ws/rs/jsr311-api/1.1.1/jsr311-api-1.1.1.jar:/home/user/.m2/repository/com/sun/jersey/jersey-servlet/1.19/jersey-servlet-1.19.jar:/home/user/.m2/repository/com/sun/jersey/jersey-json/1.19/jersey-json-1.19.jar:/home/user/.m2/repository/org/codehaus/jettison/jettison/1.1/jettison-1.1.jar:/home/user/.m2/repository/com/sun/xml/bind/jaxb-impl/2.3.0.1/jaxb-impl-2.3.0.1.jar:/home/user/.m2/repository/org/codehaus/jackson/jackson-core-asl/1.9.13/jackson-core-asl-1.9.13.jar:/home/user/.m2/repository/org/codehaus/jackson/jackson-mapper-asl/1.9.13/jackson-mapper-asl-1.9.13.jar:/home/user/.m2/repository/org/codehaus/jackson/jackson-jaxrs/1.9.13/jackson-jaxrs-1.9.13.jar:/home/user/.m2/repository/org/codehaus/jackson/jackson-xc/1.9.13/jackson-xc-1.9.13.jar:/home/user/.m2/repository/com/sun/jersey/jersey-server/1.19/jersey-server-1.19.jar:/home/user/.m2/repository/commons-logging/commons-logging/1.1.3/commons-logging-1.1.3.jar:/home/user/.m2/repository/log4j/log4j/1.2.17/log4j-1.2.17.jar:/home/user/.m2/repository/commons-beanutils/commons-beanutils/1.9.4/commons-beanutils-1.9.4.jar:/home/user/.m2/repository/org/apache/commons/commons-configuration2/2.1.1/commons-configuration2-2.1.1.jar:/home/user/.m2/repository/org/apache/commons/commons-lang3/3.7/commons-lang3-3.7.jar:/home/user/.m2/repository/org/apache/commons/commons-text/1.4/commons-text-1.4.jar:/home/user/.m2/repository/org/slf4j/slf4j-api/1.7.25/slf4j-api-1.7.25.jar:/home/user/.m2/repository/org/slf4j/slf4j-log4j12/1.7.25/slf4j-log4j12-1.7.25.jar:/home/user/.m2/repository/org/apache/avro/avro/1.7.7/avro-1.7.7.jar:/home/user/.m2/repository/com/thoughtworks/paranamer/paranamer/2.3/paranamer-2.3.jar:/home/user/.m2/repository/org/xerial/snappy/snappy-java/1.0.5/snappy-java-1.0.5.jar:/home/user/.m2/repository/com/google/re2j/re2j/1.1/re2j-1.1.jar:/home/user/.m2/repository/com/google/code/gson/gson/2.2.4/gson-2.2.4.jar:/home/user/.m2/repository/org/apache/hadoop/hadoop-auth/3.2.0/hadoop-auth-3.2.0.jar:/home/user/.m2/repository/com/nimbusds/nimbus-jose-jwt/4.41.1/nimbus-jose-jwt-4.41.1.jar:/home/user/.m2/repository/com/github/stephenc/jcip/jcip-annotations/1.0-1/jcip-annotations-1.0-1.jar:/home/user/.m2/repository/net/minidev/json-smart/2.3/json-smart-2.3.jar:/home/user/.m2/repository/net/minidev/accessors-smart/1.2/accessors-smart-1.2.jar:/home/user/.m2/repository/org/apache/curator/curator-framework/2.12.0/curator-framework-2.12.0.jar:/home/user/.m2/repository/com/jcraft/jsch/0.1.54/jsch-0.1.54.jar:/home/user/.m2/repository/org/apache/curator/curator-client/2.12.0/curator-client-2.12.0.jar:/home/user/.m2/repository/org/apache/curator/curator-recipes/2.12.0/curator-recipes-2.12.0.jar:/home/user/.m2/repository/com/google/code/findbugs/jsr305/3.0.0/jsr305-3.0.0.jar:/home/user/.m2/repository/org/apache/htrace/htrace-core4/4.1.0-incubating/htrace-core4-4.1.0-incubating.jar:/home/user/.m2/repository/org/apache/zookeeper/zookeeper/3.4.13/zookeeper-3.4.13.jar:/home/user/.m2/repository/jline/jline/0.9.94/jline-0.9.94.jar:/home/user/.m2/repository/org/apache/yetus/audience-annotations/0.5.0/audience-annotations-0.5.0.jar:/home/user/.m2/repository/org/apache/kerby/kerb-simplekdc/1.0.1/kerb-simplekdc-1.0.1.jar:/home/user/.m2/repository/org/apache/kerby/kerb-client/1.0.1/kerb-client-1.0.1.jar:/home/user/.m2/repository/org/apache/kerby/kerby-config/1.0.1/kerby-config-1.0.1.jar:/home/user/.m2/repository/org/apache/kerby/kerb-core/1.0.1/kerb-core-1.0.1.jar:/home/user/.m2/repository/org/apache/kerby/kerby-pkix/1.0.1/kerby-pkix-1.0.1.jar:/home/user/.m2/repository/org/apache/kerby/kerby-asn1/1.0.1/kerby-asn1-1.0.1.jar:/home/user/.m2/repository/org/apache/kerby/kerby-util/1.0.1/kerby-util-1.0.1.jar:/home/user/.m2/repository/org/apache/kerby/kerb-common/1.0.1/kerb-common-1.0.1.jar:/home/user/.m2/repository/org/apache/kerby/kerb-crypto/1.0.1/kerb-crypto-1.0.1.jar:/home/user/.m2/repository/org/apache/kerby/kerb-util/1.0.1/kerb-util-1.0.1.jar:/home/user/.m2/repository/org/apache/kerby/token-provider/1.0.1/token-provider-1.0.1.jar:/home/user/.m2/repository/org/apache/kerby/kerb-admin/1.0.1/kerb-admin-1.0.1.jar:/home/user/.m2/repository/org/apache/kerby/kerb-server/1.0.1/kerb-server-1.0.1.jar:/home/user/.m2/repository/org/apache/kerby/kerb-identity/1.0.1/kerb-identity-1.0.1.jar:/home/user/.m2/repository/org/apache/kerby/kerby-xdr/1.0.1/kerby-xdr-1.0.1.jar:/home/user/.m2/repository/com/fasterxml/jackson/core/jackson-databind/2.9.9/jackson-databind-2.9.9.jar:/home/user/.m2/repository/com/fasterxml/jackson/core/jackson-core/2.9.9/jackson-core-2.9.9.jar:/home/user/.m2/repository/org/codehaus/woodstox/stax2-api/3.1.4/stax2-api-3.1.4.jar:/home/user/.m2/repository/com/fasterxml/woodstox/woodstox-core/5.0.3/woodstox-core-5.0.3.jar:/home/user/.m2/repository/dnsjava/dnsjava/2.1.7/dnsjava-2.1.7.jar:/home/user/.m2/repository/org/apache/hadoop/hadoop-hdfs/3.2.0/hadoop-hdfs-3.2.0.jar:/home/user/.m2/repository/org/eclipse/jetty/jetty-util-ajax/9.3.25.v20180904/jetty-util-ajax-9.3.25.v20180904.jar:/home/user/.m2/repository/commons-daemon/commons-daemon/1.0.13/commons-daemon-1.0.13.jar:/home/user/.m2/repository/io/netty/netty/3.10.5.Final/netty-3.10.5.Final.jar:/home/user/.m2/repository/io/netty/netty-all/4.0.52.Final/netty-all-4.0.52.Final.jar:/home/user/.m2/repository/org/fusesource/leveldbjni/leveldbjni-all/1.8/leveldbjni-all-1.8.jar:/home/user/.m2/repository/com/sun/xml/bind/jaxb-core/2.3.0.1/jaxb-core-2.3.0.1.jar:/home/user/.m2/repository/javax/xml/bind/jaxb-api/2.3.0/jaxb-api-2.3.0.jar:/home/user/.m2/repository/javax/activation/activation/1.1.1/activation-1.1.1.jar:/home/user/.m2/repository/io/dropwizard/metrics/metrics-core/3.2.4/metrics-core-3.2.4.jar:/home/user/.m2/repository/org/openjdk/jmh/jmh-core/1.19/jmh-core-1.19.jar:/home/user/.m2/repository/net/sf/jopt-simple/jopt-simple/4.6/jopt-simple-4.6.jar:/home/user/.m2/repository/org/openjdk/jmh/jmh-generator-annprocess/1.19/jmh-generator-annprocess-1.19.jar:/home/user/.m2/repository/com/amazonaws/aws-java-sdk-s3/1.11.615/aws-java-sdk-s3-1.11.615.jar:/home/user/.m2/repository/com/amazonaws/aws-java-sdk-kms/1.11.615/aws-java-sdk-kms-1.11.615.jar:/home/user/.m2/repository/com/amazonaws/aws-java-sdk-core/1.11.615/aws-java-sdk-core-1.11.615.jar:/home/user/.m2/repository/software/amazon/ion/ion-java/1.0.2/ion-java-1.0.2.jar:/home/user/.m2/repository/com/fasterxml/jackson/dataformat/jackson-dataformat-cbor/2.9.9/jackson-dataformat-cbor-2.9.9.jar:/home/user/.m2/repository/joda-time/joda-time/2.9.9/joda-time-2.9.9.jar:/home/user/.m2/repository/com/amazonaws/jmespath-java/1.11.615/jmespath-java-1.11.615.jar:/home/user/.m2/repository/com/github/spotbugs/spotbugs/3.1.12/spotbugs-3.1.12.jar:/home/user/.m2/repository/org/ow2/asm/asm/5.0.4/asm-5.0.4.jar:/home/user/.m2/repository/org/ow2/asm/asm-analysis/7.0/asm-analysis-7.0.jar:/home/user/.m2/repository/org/ow2/asm/asm-commons/7.0/asm-commons-7.0.jar:/home/user/.m2/repository/org/ow2/asm/asm-tree/7.0/asm-tree-7.0.jar:/home/user/.m2/repository/org/ow2/asm/asm-util/7.0/asm-util-7.0.jar:/home/user/.m2/repository/org/apache/bcel/bcel/6.3/bcel-6.3.jar:/home/user/.m2/repository/net/jcip/jcip-annotations/1.0/jcip-annotations-1.0.jar:/home/user/.m2/repository/org/dom4j/dom4j/2.1.1/dom4j-2.1.1.jar:/home/user/.m2/repository/jaxen/jaxen/1.1.6/jaxen-1.1.6.jar:/home/user/.m2/repository/commons-lang/commons-lang/2.6/commons-lang-2.6.jar:/home/user/.m2/repository/com/github/spotbugs/spotbugs-annotations/3.1.12/spotbugs-annotations-3.1.12.jar:/home/user/.m2/repository/junit/junit/4.11/junit-4.11.jar:/home/user/.m2/repository/org/hamcrest/hamcrest-core/1.3/hamcrest-core-1.3.jar:/home/user/.m2/repository/org/apache/hadoop/hadoop-common/3.2.0/hadoop-common-3.2.0-tests.jar:/workdir/hadoop-ozone/integration-test/target/test-classes:/home/user/.m2/repository/org/apache/hadoop/hadoop-ozone-s3gateway/0.5.0-SNAPSHOT/hadoop-ozone-s3gateway-0.5.0-SNAPSHOT.jar:/home/user/.m2/repository/org/jboss/weld/servlet/weld-servlet/2.4.7.Final/weld-servlet-2.4.7.Final.jar:/home/user/.m2/repository/org/glassfish/jersey/containers/jersey-container-servlet-core/2.27/jersey-container-servlet-core-2.27.jar:/home/user/.m2/repository/org/glassfish/hk2/external/javax.inject/2.5.0-b42/javax.inject-2.5.0-b42.jar:/home/user/.m2/repository/org/glassfish/jersey/core/jersey-common/2.27/jersey-common-2.27.jar:/home/user/.m2/repository/org/glassfish/hk2/osgi-resource-locator/1.0.1/osgi-resource-locator-1.0.1.jar:/home/user/.m2/repository/javax/ws/rs/javax.ws.rs-api/2.1/javax.ws.rs-api-2.1.jar:/home/user/.m2/repository/org/glassfish/jersey/ext/cdi/jersey-cdi1x/2.27/jersey-cdi1x-2.27.jar:/home/user/.m2/repository/org/glassfish/jersey/inject/jersey-hk2/2.27/jersey-hk2-2.27.jar:/home/user/.m2/repository/org/glassfish/hk2/hk2-locator/2.5.0-b42/hk2-locator-2.5.0-b42.jar:/home/user/.m2/repository/org/javassist/javassist/3.22.0-CR2/javassist-3.22.0-CR2.jar:/home/user/.m2/repository/org/glassfish/hk2/hk2-api/2.5.0/hk2-api-2.5.0.jar:/home/user/.m2/repository/org/glassfish/hk2/external/jakarta.inject/2.5.0/jakarta.inject-2.5.0.jar:/home/user/.m2/repository/org/glassfish/hk2/hk2-utils/2.5.0/hk2-utils-2.5.0.jar:/home/user/.m2/repository/jakarta/annotation/jakarta.annotation-api/1.3.4/jakarta.annotation-api-1.3.4.jar:/home/user/.m2/repository/org/glassfish/hk2/external/aopalliance-repackaged/2.5.0/aopalliance-repackaged-2.5.0.jar:/home/user/.m2/repository/com/fasterxml/jackson/dataformat/jackson-dataformat-xml/2.9.0/jackson-dataformat-xml-2.9.0.jar:/home/user/.m2/repository/com/fasterxml/jackson/module/jackson-module-jaxb-annotations/2.9.9/jackson-module-jaxb-annotations-2.9.9.jar:/home/user/.m2/repository/javax/enterprise/cdi-api/1.2/cdi-api-1.2.jar:/home/user/.m2/repository/javax/el/javax.el-api/3.0.0/javax.el-api-3.0.0.jar:/home/user/.m2/repository/javax/interceptor/javax.interceptor-api/1.2/javax.interceptor-api-1.2.jar:/home/user/.m2/repository/javax/inject/javax.inject/1/javax.inject-1.jar:/home/user/.m2/repository/org/apache/hadoop/hadoop-ozone-csi/0.5.0-SNAPSHOT/hadoop-ozone-csi-0.5.0-SNAPSHOT.jar:/home/user/.m2/repository/com/google/protobuf/protobuf-java-util/3.5.1/protobuf-java-util-3.5.1.jar:/home/user/.m2/repository/io/grpc/grpc-netty/1.17.1/grpc-netty-1.17.1.jar:/home/user/.m2/repository/io/grpc/grpc-core/1.17.1/grpc-core-1.17.1.jar:/home/user/.m2/repository/io/grpc/grpc-context/1.17.1/grpc-context-1.17.1.jar:/home/user/.m2/repository/com/google/errorprone/error_prone_annotations/2.2.0/error_prone_annotations-2.2.0.jar:/home/user/.m2/repository/org/codehaus/mojo/animal-sniffer-annotations/1.17/animal-sniffer-annotations-1.17.jar:/home/user/.m2/repository/io/opencensus/opencensus-api/0.17.0/opencensus-api-0.17.0.jar:/home/user/.m2/repository/io/opencensus/opencensus-contrib-grpc-metrics/0.17.0/opencensus-contrib-grpc-metrics-0.17.0.jar:/home/user/.m2/repository/io/netty/netty-codec-http2/4.1.30.Final/netty-codec-http2-4.1.30.Final.jar:/home/user/.m2/repository/io/netty/netty-codec-http/4.1.30.Final/netty-codec-http-4.1.30.Final.jar:/home/user/.m2/repository/io/netty/netty-codec/4.1.30.Final/netty-codec-4.1.30.Final.jar:/home/user/.m2/repository/io/netty/netty-handler/4.1.30.Final/netty-handler-4.1.30.Final.jar:/home/user/.m2/repository/io/netty/netty-handler-proxy/4.1.30.Final/netty-handler-proxy-4.1.30.Final.jar:/home/user/.m2/repository/io/netty/netty-codec-socks/4.1.30.Final/netty-codec-socks-4.1.30.Final.jar:/home/user/.m2/repository/io/netty/netty-transport-native-epoll/4.1.30.Final/netty-transport-native-epoll-4.1.30.Final.jar:/home/user/.m2/repository/io/netty/netty-common/4.1.30.Final/netty-common-4.1.30.Final.jar:/home/user/.m2/repository/io/netty/netty-buffer/4.1.30.Final/netty-buffer-4.1.30.Final.jar:/home/user/.m2/repository/io/netty/netty-transport/4.1.30.Final/netty-transport-4.1.30.Final.jar:/home/user/.m2/repository/io/netty/netty-resolver/4.1.30.Final/netty-resolver-4.1.30.Final.jar:/home/user/.m2/repository/io/netty/netty-transport-native-unix-common/4.1.30.Final/netty-transport-native-unix-common-4.1.30.Final.jar:/home/user/.m2/repository/io/grpc/grpc-protobuf/1.17.1/grpc-protobuf-1.17.1.jar:/home/user/.m2/repository/com/google/api/grpc/proto-google-common-protos/1.0.0/proto-google-common-protos-1.0.0.jar:/home/user/.m2/repository/io/grpc/grpc-protobuf-lite/1.17.1/grpc-protobuf-lite-1.17.1.jar:/home/user/.m2/repository/io/grpc/grpc-stub/1.17.1/grpc-stub-1.17.1.jar:/home/user/.m2/repository/org/apache/hadoop/hadoop-ozone-recon/0.5.0-SNAPSHOT/hadoop-ozone-recon-0.5.0-SNAPSHOT.jar:/home/user/.m2/repository/org/apache/hadoop/hadoop-ozone-reconcodegen/0.5.0-SNAPSHOT/hadoop-ozone-reconcodegen-0.5.0-SNAPSHOT.jar:/home/user/.m2/repository/com/google/inject/extensions/guice-multibindings/4.0/guice-multibindings-4.0.jar:/home/user/.m2/repository/com/google/inject/guice/4.0/guice-4.0.jar:/home/user/.m2/repository/aopalliance/aopalliance/1.0/aopalliance-1.0.jar:/home/user/.m2/repository/com/google/inject/extensions/guice-servlet/4.0/guice-servlet-4.0.jar:/home/user/.m2/repository/org/glassfish/jersey/containers/jersey-container-servlet/2.27/jersey-container-servlet-2.27.jar:/home/user/.m2/repository/org/glassfish/hk2/guice-bridge/2.5.0/guice-bridge-2.5.0.jar:/home/user/.m2/repository/org/glassfish/jersey/core/jersey-server/2.27/jersey-server-2.27.jar:/home/user/.m2/repository/org/glassfish/jersey/core/jersey-client/2.27/jersey-client-2.27.jar:/home/user/.m2/repository/org/glassfish/jersey/media/jersey-media-jaxb/2.27/jersey-media-jaxb-2.27.jar:/home/user/.m2/repository/javax/validation/validation-api/1.1.0.Final/validation-api-1.1.0.Final.jar:/home/user/.m2/repository/org/glassfish/jersey/media/jersey-media-json-jackson/2.27/jersey-media-json-jackson-2.27.jar:/home/user/.m2/repository/org/glassfish/jersey/ext/jersey-entity-filtering/2.27/jersey-entity-filtering-2.27.jar:/home/user/.m2/repository/com/google/inject/extensions/guice-assistedinject/4.0/guice-assistedinject-4.0.jar:/home/user/.m2/repository/org/jooq/jooq/3.11.10/jooq-3.11.10.jar:/home/user/.m2/repository/org/jooq/jooq-meta/3.11.10/jooq-meta-3.11.10.jar:/home/user/.m2/repository/org/jooq/jooq-codegen/3.11.10/jooq-codegen-3.11.10.jar:/home/user/.m2/repository/com/jolbox/bonecp/0.8.0.RELEASE/bonecp-0.8.0.RELEASE.jar:/home/user/.m2/repository/org/springframework/spring-jdbc/5.1.3.RELEASE/spring-jdbc-5.1.3.RELEASE.jar:/home/user/.m2/repository/org/springframework/spring-beans/5.1.3.RELEASE/spring-beans-5.1.3.RELEASE.jar:/home/user/.m2/repository/org/springframework/spring-core/5.1.3.RELEASE/spring-core-5.1.3.RELEASE.jar:/home/user/.m2/repository/org/springframework/spring-jcl/5.1.3.RELEASE/spring-jcl-5.1.3.RELEASE.jar:/home/user/.m2/repository/org/springframework/spring-tx/5.1.3.RELEASE/spring-tx-5.1.3.RELEASE.jar:/home/user/.m2/repository/org/mockito/mockito-core/2.15.0/mockito-core-2.15.0.jar:/home/user/.m2/repository/net/bytebuddy/byte-buddy/1.7.9/byte-buddy-1.7.9.jar:/home/user/.m2/repository/net/bytebuddy/byte-buddy-agent/1.7.9/byte-buddy-agent-1.7.9.jar:/home/user/.m2/repository/org/objenesis/objenesis/1.0/objenesis-1.0.jar:"/>
    <property name="java.vm.vendor" value="IcedTea"/>
    <property name="sun.arch.data.model" value="64"/>
    <property name="test.build.dir" value="/workdir/hadoop-ozone/tools/target/test-dir"/>
    <property name="test.cache.data" value=""/>
    <property name="java.vendor.url" value="https://icedtea.classpath.org"/>
    <property name="user.timezone" value=""/>
    <property name="java.vm.specification.version" value="1.8"/>
    <property name="os.name" value="Linux"/>
    <property name="test.build.data" value="/workdir/hadoop-ozone/tools/target/test-dir"/>
    <property name="user.country" value="US"/>
    <property name="sun.java.launcher" value="SUN_STANDARD"/>
    <property name="sun.boot.library.path" value="/usr/lib/jvm/java-1.8-openjdk/jre/lib/amd64"/>
    <property name="sun.java.command" value="/workdir/hadoop-ozone/tools/target/surefire/surefirebooter4111959653445006583.jar /workdir/hadoop-ozone/tools/target/surefire 2019-10-14T23-49-34_655-jvmRun1 surefire295670914818788209tmp surefire_1114604293927125415784tmp"/>
    <property name="test" value="!TestMiniChaosOzoneCluster"/>
    <property name="surefire.test.class.path" value="/workdir/hadoop-ozone/tools/target/test-classes:/workdir/hadoop-ozone/tools/target/classes:/home/user/.m2/repository/org/apache/hadoop/hadoop-ozone-ozone-manager/0.5.0-SNAPSHOT/hadoop-ozone-ozone-manager-0.5.0-SNAPSHOT.jar:/home/user/.m2/repository/org/apache/hadoop/hadoop-hdds-docs/0.5.0-SNAPSHOT/hadoop-hdds-docs-0.5.0-SNAPSHOT.jar:/home/user/.m2/repository/org/bouncycastle/bcprov-jdk15on/1.60/bcprov-jdk15on-1.60.jar:/home/user/.m2/repository/org/apache/hadoop/hadoop-ozone-common/0.5.0-SNAPSHOT/hadoop-ozone-common-0.5.0-SNAPSHOT.jar:/home/user/.m2/repository/org/apache/commons/commons-compress/1.4.1/commons-compress-1.4.1.jar:/home/user/.m2/repository/org/tukaani/xz/1.0/xz-1.0.jar:/home/user/.m2/repository/org/apache/hadoop/hadoop-hdfs-client/3.2.0/hadoop-hdfs-client-3.2.0.jar:/home/user/.m2/repository/com/fasterxml/jackson/core/jackson-annotations/2.9.9/jackson-annotations-2.9.9.jar:/home/user/.m2/repository/org/apache/hadoop/hadoop-hdds-common/0.5.0-SNAPSHOT/hadoop-hdds-common-0.5.0-SNAPSHOT.jar:/home/user/.m2/repository/org/apache/hadoop/hadoop-hdds-config/0.5.0-SNAPSHOT/hadoop-hdds-config-0.5.0-SNAPSHOT.jar:/home/user/.m2/repository/javax/annotation/javax.annotation-api/1.2/javax.annotation-api-1.2.jar:/home/user/.m2/repository/org/apache/ratis/ratis-server/0.5.0-63cd2fb-SNAPSHOT/ratis-server-0.5.0-63cd2fb-SNAPSHOT.jar:/home/user/.m2/repository/org/apache/ratis/ratis-thirdparty-misc/0.2.0/ratis-thirdparty-misc-0.2.0.jar:/home/user/.m2/repository/org/apache/ratis/ratis-proto/0.5.0-63cd2fb-SNAPSHOT/ratis-proto-0.5.0-63cd2fb-SNAPSHOT.jar:/home/user/.m2/repository/org/apache/ratis/ratis-common/0.5.0-63cd2fb-SNAPSHOT/ratis-common-0.5.0-63cd2fb-SNAPSHOT.jar:/home/user/.m2/repository/org/apache/ratis/ratis-client/0.5.0-63cd2fb-SNAPSHOT/ratis-client-0.5.0-63cd2fb-SNAPSHOT.jar:/home/user/.m2/repository/org/apache/ratis/ratis-metrics/0.5.0-63cd2fb-SNAPSHOT/ratis-metrics-0.5.0-63cd2fb-SNAPSHOT.jar:/home/user/.m2/repository/com/github/joshelser/dropwizard-metrics-hadoop-metrics2-reporter/0.1.2/dropwizard-metrics-hadoop-metrics2-reporter-0.1.2.jar:/home/user/.m2/repository/io/dropwizard/metrics/metrics-jvm/3.2.5/metrics-jvm-3.2.5.jar:/home/user/.m2/repository/io/dropwizard/metrics/metrics-ganglia/3.2.5/metrics-ganglia-3.2.5.jar:/home/user/.m2/repository/info/ganglia/gmetric4j/gmetric4j/1.0.7/gmetric4j-1.0.7.jar:/home/user/.m2/repository/org/apache/ratis/ratis-netty/0.5.0-63cd2fb-SNAPSHOT/ratis-netty-0.5.0-63cd2fb-SNAPSHOT.jar:/home/user/.m2/repository/org/apache/ratis/ratis-grpc/0.5.0-63cd2fb-SNAPSHOT/ratis-grpc-0.5.0-63cd2fb-SNAPSHOT.jar:/home/user/.m2/repository/org/rocksdb/rocksdbjni/6.0.1/rocksdbjni-6.0.1.jar:/home/user/.m2/repository/org/apache/logging/log4j/log4j-api/2.11.0/log4j-api-2.11.0.jar:/home/user/.m2/repository/org/apache/logging/log4j/log4j-core/2.11.0/log4j-core-2.11.0.jar:/home/user/.m2/repository/com/lmax/disruptor/3.4.2/disruptor-3.4.2.jar:/home/user/.m2/repository/org/apache/commons/commons-pool2/2.6.0/commons-pool2-2.6.0.jar:/home/user/.m2/repository/org/bouncycastle/bcpkix-jdk15on/1.60/bcpkix-jdk15on-1.60.jar:/home/user/.m2/repository/commons-validator/commons-validator/1.6/commons-validator-1.6.jar:/home/user/.m2/repository/commons-digester/commons-digester/1.8.1/commons-digester-1.8.1.jar:/home/user/.m2/repository/io/jaegertracing/jaeger-client/0.34.0/jaeger-client-0.34.0.jar:/home/user/.m2/repository/io/jaegertracing/jaeger-thrift/0.34.0/jaeger-thrift-0.34.0.jar:/home/user/.m2/repository/org/apache/thrift/libthrift/0.12.0/libthrift-0.12.0.jar:/home/user/.m2/repository/com/squareup/okhttp3/okhttp/3.9.0/okhttp-3.9.0.jar:/home/user/.m2/repository/com/squareup/okio/okio/1.13.0/okio-1.13.0.jar:/home/user/.m2/repository/io/jaegertracing/jaeger-core/0.34.0/jaeger-core-0.34.0.jar:/home/user/.m2/repository/io/jaegertracing/jaeger-tracerresolver/0.34.0/jaeger-tracerresolver-0.34.0.jar:/home/user/.m2/repository/io/opentracing/contrib/opentracing-tracerresolver/0.1.5/opentracing-tracerresolver-0.1.5.jar:/home/user/.m2/repository/io/opentracing/opentracing-util/0.31.0/opentracing-util-0.31.0.jar:/home/user/.m2/repository/io/opentracing/opentracing-api/0.31.0/opentracing-api-0.31.0.jar:/home/user/.m2/repository/io/opentracing/opentracing-noop/0.31.0/opentracing-noop-0.31.0.jar:/home/user/.m2/repository/org/yaml/snakeyaml/1.16/snakeyaml-1.16.jar:/home/user/.m2/repository/org/apache/hadoop/hadoop-hdds-container-service/0.5.0-SNAPSHOT/hadoop-hdds-container-service-0.5.0-SNAPSHOT.jar:/home/user/.m2/repository/org/apache/hadoop/hadoop-hdds-client/0.5.0-SNAPSHOT/hadoop-hdds-client-0.5.0-SNAPSHOT.jar:/home/user/.m2/repository/org/apache/hadoop/hadoop-hdds-tools/0.5.0-SNAPSHOT/hadoop-hdds-tools-0.5.0-SNAPSHOT.jar:/home/user/.m2/repository/org/xerial/sqlite-jdbc/3.25.2/sqlite-jdbc-3.25.2.jar:/home/user/.m2/repository/org/apache/hadoop/hadoop-hdds-server-scm/0.5.0-SNAPSHOT/hadoop-hdds-server-scm-0.5.0-SNAPSHOT.jar:/home/user/.m2/repository/org/hamcrest/hamcrest-all/1.3/hamcrest-all-1.3.jar:/home/user/.m2/repository/info/picocli/picocli/3.9.6/picocli-3.9.6.jar:/home/user/.m2/repository/com/google/protobuf/protobuf-java/2.5.0/protobuf-java-2.5.0.jar:/home/user/.m2/repository/com/google/guava/guava/11.0.2/guava-11.0.2.jar:/home/user/.m2/repository/org/apache/hadoop/hadoop-ozone-client/0.5.0-SNAPSHOT/hadoop-ozone-client-0.5.0-SNAPSHOT.jar:/workdir/hadoop-ozone/ozonefs/target/classes:/home/user/.m2/repository/org/apache/httpcomponents/httpclient/4.5.2/httpclient-4.5.2.jar:/home/user/.m2/repository/org/apache/httpcomponents/httpcore/4.4.4/httpcore-4.4.4.jar:/home/user/.m2/repository/org/apache/hadoop/hadoop-hdds-server-framework/0.5.0-SNAPSHOT/hadoop-hdds-server-framework-0.5.0-SNAPSHOT.jar:/home/user/.m2/repository/org/apache/hadoop/hadoop-common/3.2.0/hadoop-common-3.2.0.jar:/home/user/.m2/repository/org/apache/hadoop/hadoop-annotations/3.2.0/hadoop-annotations-3.2.0.jar:/usr/lib/jvm/java-1.8-openjdk/jre/../lib/tools.jar:/home/user/.m2/repository/commons-cli/commons-cli/1.2/commons-cli-1.2.jar:/home/user/.m2/repository/org/apache/commons/commons-math3/3.1.1/commons-math3-3.1.1.jar:/home/user/.m2/repository/commons-codec/commons-codec/1.11/commons-codec-1.11.jar:/home/user/.m2/repository/commons-io/commons-io/2.5/commons-io-2.5.jar:/home/user/.m2/repository/commons-net/commons-net/3.6/commons-net-3.6.jar:/home/user/.m2/repository/commons-collections/commons-collections/3.2.2/commons-collections-3.2.2.jar:/home/user/.m2/repository/javax/servlet/javax.servlet-api/3.1.0/javax.servlet-api-3.1.0.jar:/home/user/.m2/repository/org/eclipse/jetty/jetty-server/9.3.25.v20180904/jetty-server-9.3.25.v20180904.jar:/home/user/.m2/repository/org/eclipse/jetty/jetty-http/9.3.25.v20180904/jetty-http-9.3.25.v20180904.jar:/home/user/.m2/repository/org/eclipse/jetty/jetty-io/9.3.25.v20180904/jetty-io-9.3.25.v20180904.jar:/home/user/.m2/repository/org/eclipse/jetty/jetty-util/9.3.25.v20180904/jetty-util-9.3.25.v20180904.jar:/home/user/.m2/repository/org/eclipse/jetty/jetty-servlet/9.3.25.v20180904/jetty-servlet-9.3.25.v20180904.jar:/home/user/.m2/repository/org/eclipse/jetty/jetty-security/9.3.25.v20180904/jetty-security-9.3.25.v20180904.jar:/home/user/.m2/repository/org/eclipse/jetty/jetty-webapp/9.3.25.v20180904/jetty-webapp-9.3.25.v20180904.jar:/home/user/.m2/repository/org/eclipse/jetty/jetty-xml/9.3.25.v20180904/jetty-xml-9.3.25.v20180904.jar:/home/user/.m2/repository/javax/servlet/jsp/jsp-api/2.1/jsp-api-2.1.jar:/home/user/.m2/repository/com/sun/jersey/jersey-core/1.19/jersey-core-1.19.jar:/home/user/.m2/repository/javax/ws/rs/jsr311-api/1.1.1/jsr311-api-1.1.1.jar:/home/user/.m2/repository/com/sun/jersey/jersey-servlet/1.19/jersey-servlet-1.19.jar:/home/user/.m2/repository/com/sun/jersey/jersey-json/1.19/jersey-json-1.19.jar:/home/user/.m2/repository/org/codehaus/jettison/jettison/1.1/jettison-1.1.jar:/home/user/.m2/repository/com/sun/xml/bind/jaxb-impl/2.3.0.1/jaxb-impl-2.3.0.1.jar:/home/user/.m2/repository/org/codehaus/jackson/jackson-core-asl/1.9.13/jackson-core-asl-1.9.13.jar:/home/user/.m2/repository/org/codehaus/jackson/jackson-mapper-asl/1.9.13/jackson-mapper-asl-1.9.13.jar:/home/user/.m2/repository/org/codehaus/jackson/jackson-jaxrs/1.9.13/jackson-jaxrs-1.9.13.jar:/home/user/.m2/repository/org/codehaus/jackson/jackson-xc/1.9.13/jackson-xc-1.9.13.jar:/home/user/.m2/repository/com/sun/jersey/jersey-server/1.19/jersey-server-1.19.jar:/home/user/.m2/repository/commons-logging/commons-logging/1.1.3/commons-logging-1.1.3.jar:/home/user/.m2/repository/log4j/log4j/1.2.17/log4j-1.2.17.jar:/home/user/.m2/repository/commons-beanutils/commons-beanutils/1.9.4/commons-beanutils-1.9.4.jar:/home/user/.m2/repository/org/apache/commons/commons-configuration2/2.1.1/commons-configuration2-2.1.1.jar:/home/user/.m2/repository/org/apache/commons/commons-lang3/3.7/commons-lang3-3.7.jar:/home/user/.m2/repository/org/apache/commons/commons-text/1.4/commons-text-1.4.jar:/home/user/.m2/repository/org/slf4j/slf4j-api/1.7.25/slf4j-api-1.7.25.jar:/home/user/.m2/repository/org/slf4j/slf4j-log4j12/1.7.25/slf4j-log4j12-1.7.25.jar:/home/user/.m2/repository/org/apache/avro/avro/1.7.7/avro-1.7.7.jar:/home/user/.m2/repository/com/thoughtworks/paranamer/paranamer/2.3/paranamer-2.3.jar:/home/user/.m2/repository/org/xerial/snappy/snappy-java/1.0.5/snappy-java-1.0.5.jar:/home/user/.m2/repository/com/google/re2j/re2j/1.1/re2j-1.1.jar:/home/user/.m2/repository/com/google/code/gson/gson/2.2.4/gson-2.2.4.jar:/home/user/.m2/repository/org/apache/hadoop/hadoop-auth/3.2.0/hadoop-auth-3.2.0.jar:/home/user/.m2/repository/com/nimbusds/nimbus-jose-jwt/4.41.1/nimbus-jose-jwt-4.41.1.jar:/home/user/.m2/repository/com/github/stephenc/jcip/jcip-annotations/1.0-1/jcip-annotations-1.0-1.jar:/home/user/.m2/repository/net/minidev/json-smart/2.3/json-smart-2.3.jar:/home/user/.m2/repository/net/minidev/accessors-smart/1.2/accessors-smart-1.2.jar:/home/user/.m2/repository/org/apache/curator/curator-framework/2.12.0/curator-framework-2.12.0.jar:/home/user/.m2/repository/com/jcraft/jsch/0.1.54/jsch-0.1.54.jar:/home/user/.m2/repository/org/apache/curator/curator-client/2.12.0/curator-client-2.12.0.jar:/home/user/.m2/repository/org/apache/curator/curator-recipes/2.12.0/curator-recipes-2.12.0.jar:/home/user/.m2/repository/com/google/code/findbugs/jsr305/3.0.0/jsr305-3.0.0.jar:/home/user/.m2/repository/org/apache/htrace/htrace-core4/4.1.0-incubating/htrace-core4-4.1.0-incubating.jar:/home/user/.m2/repository/org/apache/zookeeper/zookeeper/3.4.13/zookeeper-3.4.13.jar:/home/user/.m2/repository/jline/jline/0.9.94/jline-0.9.94.jar:/home/user/.m2/repository/org/apache/yetus/audience-annotations/0.5.0/audience-annotations-0.5.0.jar:/home/user/.m2/repository/org/apache/kerby/kerb-simplekdc/1.0.1/kerb-simplekdc-1.0.1.jar:/home/user/.m2/repository/org/apache/kerby/kerb-client/1.0.1/kerb-client-1.0.1.jar:/home/user/.m2/repository/org/apache/kerby/kerby-config/1.0.1/kerby-config-1.0.1.jar:/home/user/.m2/repository/org/apache/kerby/kerb-core/1.0.1/kerb-core-1.0.1.jar:/home/user/.m2/repository/org/apache/kerby/kerby-pkix/1.0.1/kerby-pkix-1.0.1.jar:/home/user/.m2/repository/org/apache/kerby/kerby-asn1/1.0.1/kerby-asn1-1.0.1.jar:/home/user/.m2/repository/org/apache/kerby/kerby-util/1.0.1/kerby-util-1.0.1.jar:/home/user/.m2/repository/org/apache/kerby/kerb-common/1.0.1/kerb-common-1.0.1.jar:/home/user/.m2/repository/org/apache/kerby/kerb-crypto/1.0.1/kerb-crypto-1.0.1.jar:/home/user/.m2/repository/org/apache/kerby/kerb-util/1.0.1/kerb-util-1.0.1.jar:/home/user/.m2/repository/org/apache/kerby/token-provider/1.0.1/token-provider-1.0.1.jar:/home/user/.m2/repository/org/apache/kerby/kerb-admin/1.0.1/kerb-admin-1.0.1.jar:/home/user/.m2/repository/org/apache/kerby/kerb-server/1.0.1/kerb-server-1.0.1.jar:/home/user/.m2/repository/org/apache/kerby/kerb-identity/1.0.1/kerb-identity-1.0.1.jar:/home/user/.m2/repository/org/apache/kerby/kerby-xdr/1.0.1/kerby-xdr-1.0.1.jar:/home/user/.m2/repository/com/fasterxml/jackson/core/jackson-databind/2.9.9/jackson-databind-2.9.9.jar:/home/user/.m2/repository/com/fasterxml/jackson/core/jackson-core/2.9.9/jackson-core-2.9.9.jar:/home/user/.m2/repository/org/codehaus/woodstox/stax2-api/3.1.4/stax2-api-3.1.4.jar:/home/user/.m2/repository/com/fasterxml/woodstox/woodstox-core/5.0.3/woodstox-core-5.0.3.jar:/home/user/.m2/repository/dnsjava/dnsjava/2.1.7/dnsjava-2.1.7.jar:/home/user/.m2/repository/org/apache/hadoop/hadoop-hdfs/3.2.0/hadoop-hdfs-3.2.0.jar:/home/user/.m2/repository/org/eclipse/jetty/jetty-util-ajax/9.3.25.v20180904/jetty-util-ajax-9.3.25.v20180904.jar:/home/user/.m2/repository/commons-daemon/commons-daemon/1.0.13/commons-daemon-1.0.13.jar:/home/user/.m2/repository/io/netty/netty/3.10.5.Final/netty-3.10.5.Final.jar:/home/user/.m2/repository/io/netty/netty-all/4.0.52.Final/netty-all-4.0.52.Final.jar:/home/user/.m2/repository/org/fusesource/leveldbjni/leveldbjni-all/1.8/leveldbjni-all-1.8.jar:/home/user/.m2/repository/com/sun/xml/bind/jaxb-core/2.3.0.1/jaxb-core-2.3.0.1.jar:/home/user/.m2/repository/javax/xml/bind/jaxb-api/2.3.0/jaxb-api-2.3.0.jar:/home/user/.m2/repository/javax/activation/activation/1.1.1/activation-1.1.1.jar:/home/user/.m2/repository/io/dropwizard/metrics/metrics-core/3.2.4/metrics-core-3.2.4.jar:/home/user/.m2/repository/org/openjdk/jmh/jmh-core/1.19/jmh-core-1.19.jar:/home/user/.m2/repository/net/sf/jopt-simple/jopt-simple/4.6/jopt-simple-4.6.jar:/home/user/.m2/repository/org/openjdk/jmh/jmh-generator-annprocess/1.19/jmh-generator-annprocess-1.19.jar:/home/user/.m2/repository/com/amazonaws/aws-java-sdk-s3/1.11.615/aws-java-sdk-s3-1.11.615.jar:/home/user/.m2/repository/com/amazonaws/aws-java-sdk-kms/1.11.615/aws-java-sdk-kms-1.11.615.jar:/home/user/.m2/repository/com/amazonaws/aws-java-sdk-core/1.11.615/aws-java-sdk-core-1.11.615.jar:/home/user/.m2/repository/software/amazon/ion/ion-java/1.0.2/ion-java-1.0.2.jar:/home/user/.m2/repository/com/fasterxml/jackson/dataformat/jackson-dataformat-cbor/2.9.9/jackson-dataformat-cbor-2.9.9.jar:/home/user/.m2/repository/joda-time/joda-time/2.9.9/joda-time-2.9.9.jar:/home/user/.m2/repository/com/amazonaws/jmespath-java/1.11.615/jmespath-java-1.11.615.jar:/home/user/.m2/repository/com/github/spotbugs/spotbugs/3.1.12/spotbugs-3.1.12.jar:/home/user/.m2/repository/org/ow2/asm/asm/5.0.4/asm-5.0.4.jar:/home/user/.m2/repository/org/ow2/asm/asm-analysis/7.0/asm-analysis-7.0.jar:/home/user/.m2/repository/org/ow2/asm/asm-commons/7.0/asm-commons-7.0.jar:/home/user/.m2/repository/org/ow2/asm/asm-tree/7.0/asm-tree-7.0.jar:/home/user/.m2/repository/org/ow2/asm/asm-util/7.0/asm-util-7.0.jar:/home/user/.m2/repository/org/apache/bcel/bcel/6.3/bcel-6.3.jar:/home/user/.m2/repository/net/jcip/jcip-annotations/1.0/jcip-annotations-1.0.jar:/home/user/.m2/repository/org/dom4j/dom4j/2.1.1/dom4j-2.1.1.jar:/home/user/.m2/repository/jaxen/jaxen/1.1.6/jaxen-1.1.6.jar:/home/user/.m2/repository/commons-lang/commons-lang/2.6/commons-lang-2.6.jar:/home/user/.m2/repository/com/github/spotbugs/spotbugs-annotations/3.1.12/spotbugs-annotations-3.1.12.jar:/home/user/.m2/repository/junit/junit/4.11/junit-4.11.jar:/home/user/.m2/repository/org/hamcrest/hamcrest-core/1.3/hamcrest-core-1.3.jar:/home/user/.m2/repository/org/apache/hadoop/hadoop-common/3.2.0/hadoop-common-3.2.0-tests.jar:/workdir/hadoop-ozone/integration-test/target/test-classes:/home/user/.m2/repository/org/apache/hadoop/hadoop-ozone-s3gateway/0.5.0-SNAPSHOT/hadoop-ozone-s3gateway-0.5.0-SNAPSHOT.jar:/home/user/.m2/repository/org/jboss/weld/servlet/weld-servlet/2.4.7.Final/weld-servlet-2.4.7.Final.jar:/home/user/.m2/repository/org/glassfish/jersey/containers/jersey-container-servlet-core/2.27/jersey-container-servlet-core-2.27.jar:/home/user/.m2/repository/org/glassfish/hk2/external/javax.inject/2.5.0-b42/javax.inject-2.5.0-b42.jar:/home/user/.m2/repository/org/glassfish/jersey/core/jersey-common/2.27/jersey-common-2.27.jar:/home/user/.m2/repository/org/glassfish/hk2/osgi-resource-locator/1.0.1/osgi-resource-locator-1.0.1.jar:/home/user/.m2/repository/javax/ws/rs/javax.ws.rs-api/2.1/javax.ws.rs-api-2.1.jar:/home/user/.m2/repository/org/glassfish/jersey/ext/cdi/jersey-cdi1x/2.27/jersey-cdi1x-2.27.jar:/home/user/.m2/repository/org/glassfish/jersey/inject/jersey-hk2/2.27/jersey-hk2-2.27.jar:/home/user/.m2/repository/org/glassfish/hk2/hk2-locator/2.5.0-b42/hk2-locator-2.5.0-b42.jar:/home/user/.m2/repository/org/javassist/javassist/3.22.0-CR2/javassist-3.22.0-CR2.jar:/home/user/.m2/repository/org/glassfish/hk2/hk2-api/2.5.0/hk2-api-2.5.0.jar:/home/user/.m2/repository/org/glassfish/hk2/external/jakarta.inject/2.5.0/jakarta.inject-2.5.0.jar:/home/user/.m2/repository/org/glassfish/hk2/hk2-utils/2.5.0/hk2-utils-2.5.0.jar:/home/user/.m2/repository/jakarta/annotation/jakarta.annotation-api/1.3.4/jakarta.annotation-api-1.3.4.jar:/home/user/.m2/repository/org/glassfish/hk2/external/aopalliance-repackaged/2.5.0/aopalliance-repackaged-2.5.0.jar:/home/user/.m2/repository/com/fasterxml/jackson/dataformat/jackson-dataformat-xml/2.9.0/jackson-dataformat-xml-2.9.0.jar:/home/user/.m2/repository/com/fasterxml/jackson/module/jackson-module-jaxb-annotations/2.9.9/jackson-module-jaxb-annotations-2.9.9.jar:/home/user/.m2/repository/javax/enterprise/cdi-api/1.2/cdi-api-1.2.jar:/home/user/.m2/repository/javax/el/javax.el-api/3.0.0/javax.el-api-3.0.0.jar:/home/user/.m2/repository/javax/interceptor/javax.interceptor-api/1.2/javax.interceptor-api-1.2.jar:/home/user/.m2/repository/javax/inject/javax.inject/1/javax.inject-1.jar:/home/user/.m2/repository/org/apache/hadoop/hadoop-ozone-csi/0.5.0-SNAPSHOT/hadoop-ozone-csi-0.5.0-SNAPSHOT.jar:/home/user/.m2/repository/com/google/protobuf/protobuf-java-util/3.5.1/protobuf-java-util-3.5.1.jar:/home/user/.m2/repository/io/grpc/grpc-netty/1.17.1/grpc-netty-1.17.1.jar:/home/user/.m2/repository/io/grpc/grpc-core/1.17.1/grpc-core-1.17.1.jar:/home/user/.m2/repository/io/grpc/grpc-context/1.17.1/grpc-context-1.17.1.jar:/home/user/.m2/repository/com/google/errorprone/error_prone_annotations/2.2.0/error_prone_annotations-2.2.0.jar:/home/user/.m2/repository/org/codehaus/mojo/animal-sniffer-annotations/1.17/animal-sniffer-annotations-1.17.jar:/home/user/.m2/repository/io/opencensus/opencensus-api/0.17.0/opencensus-api-0.17.0.jar:/home/user/.m2/repository/io/opencensus/opencensus-contrib-grpc-metrics/0.17.0/opencensus-contrib-grpc-metrics-0.17.0.jar:/home/user/.m2/repository/io/netty/netty-codec-http2/4.1.30.Final/netty-codec-http2-4.1.30.Final.jar:/home/user/.m2/repository/io/netty/netty-codec-http/4.1.30.Final/netty-codec-http-4.1.30.Final.jar:/home/user/.m2/repository/io/netty/netty-codec/4.1.30.Final/netty-codec-4.1.30.Final.jar:/home/user/.m2/repository/io/netty/netty-handler/4.1.30.Final/netty-handler-4.1.30.Final.jar:/home/user/.m2/repository/io/netty/netty-handler-proxy/4.1.30.Final/netty-handler-proxy-4.1.30.Final.jar:/home/user/.m2/repository/io/netty/netty-codec-socks/4.1.30.Final/netty-codec-socks-4.1.30.Final.jar:/home/user/.m2/repository/io/netty/netty-transport-native-epoll/4.1.30.Final/netty-transport-native-epoll-4.1.30.Final.jar:/home/user/.m2/repository/io/netty/netty-common/4.1.30.Final/netty-common-4.1.30.Final.jar:/home/user/.m2/repository/io/netty/netty-buffer/4.1.30.Final/netty-buffer-4.1.30.Final.jar:/home/user/.m2/repository/io/netty/netty-transport/4.1.30.Final/netty-transport-4.1.30.Final.jar:/home/user/.m2/repository/io/netty/netty-resolver/4.1.30.Final/netty-resolver-4.1.30.Final.jar:/home/user/.m2/repository/io/netty/netty-transport-native-unix-common/4.1.30.Final/netty-transport-native-unix-common-4.1.30.Final.jar:/home/user/.m2/repository/io/grpc/grpc-protobuf/1.17.1/grpc-protobuf-1.17.1.jar:/home/user/.m2/repository/com/google/api/grpc/proto-google-common-protos/1.0.0/proto-google-common-protos-1.0.0.jar:/home/user/.m2/repository/io/grpc/grpc-protobuf-lite/1.17.1/grpc-protobuf-lite-1.17.1.jar:/home/user/.m2/repository/io/grpc/grpc-stub/1.17.1/grpc-stub-1.17.1.jar:/home/user/.m2/repository/org/apache/hadoop/hadoop-ozone-recon/0.5.0-SNAPSHOT/hadoop-ozone-recon-0.5.0-SNAPSHOT.jar:/home/user/.m2/repository/org/apache/hadoop/hadoop-ozone-reconcodegen/0.5.0-SNAPSHOT/hadoop-ozone-reconcodegen-0.5.0-SNAPSHOT.jar:/home/user/.m2/repository/com/google/inject/extensions/guice-multibindings/4.0/guice-multibindings-4.0.jar:/home/user/.m2/repository/com/google/inject/guice/4.0/guice-4.0.jar:/home/user/.m2/repository/aopalliance/aopalliance/1.0/aopalliance-1.0.jar:/home/user/.m2/repository/com/google/inject/extensions/guice-servlet/4.0/guice-servlet-4.0.jar:/home/user/.m2/repository/org/glassfish/jersey/containers/jersey-container-servlet/2.27/jersey-container-servlet-2.27.jar:/home/user/.m2/repository/org/glassfish/hk2/guice-bridge/2.5.0/guice-bridge-2.5.0.jar:/home/user/.m2/repository/org/glassfish/jersey/core/jersey-server/2.27/jersey-server-2.27.jar:/home/user/.m2/repository/org/glassfish/jersey/core/jersey-client/2.27/jersey-client-2.27.jar:/home/user/.m2/repository/org/glassfish/jersey/media/jersey-media-jaxb/2.27/jersey-media-jaxb-2.27.jar:/home/user/.m2/repository/javax/validation/validation-api/1.1.0.Final/validation-api-1.1.0.Final.jar:/home/user/.m2/repository/org/glassfish/jersey/media/jersey-media-json-jackson/2.27/jersey-media-json-jackson-2.27.jar:/home/user/.m2/repository/org/glassfish/jersey/ext/jersey-entity-filtering/2.27/jersey-entity-filtering-2.27.jar:/home/user/.m2/repository/com/google/inject/extensions/guice-assistedinject/4.0/guice-assistedinject-4.0.jar:/home/user/.m2/repository/org/jooq/jooq/3.11.10/jooq-3.11.10.jar:/home/user/.m2/repository/org/jooq/jooq-meta/3.11.10/jooq-meta-3.11.10.jar:/home/user/.m2/repository/org/jooq/jooq-codegen/3.11.10/jooq-codegen-3.11.10.jar:/home/user/.m2/repository/com/jolbox/bonecp/0.8.0.RELEASE/bonecp-0.8.0.RELEASE.jar:/home/user/.m2/repository/org/springframework/spring-jdbc/5.1.3.RELEASE/spring-jdbc-5.1.3.RELEASE.jar:/home/user/.m2/repository/org/springframework/spring-beans/5.1.3.RELEASE/spring-beans-5.1.3.RELEASE.jar:/home/user/.m2/repository/org/springframework/spring-core/5.1.3.RELEASE/spring-core-5.1.3.RELEASE.jar:/home/user/.m2/repository/org/springframework/spring-jcl/5.1.3.RELEASE/spring-jcl-5.1.3.RELEASE.jar:/home/user/.m2/repository/org/springframework/spring-tx/5.1.3.RELEASE/spring-tx-5.1.3.RELEASE.jar:/home/user/.m2/repository/org/mockito/mockito-core/2.15.0/mockito-core-2.15.0.jar:/home/user/.m2/repository/net/bytebuddy/byte-buddy/1.7.9/byte-buddy-1.7.9.jar:/home/user/.m2/repository/net/bytebuddy/byte-buddy-agent/1.7.9/byte-buddy-agent-1.7.9.jar:/home/user/.m2/repository/org/objenesis/objenesis/1.0/objenesis-1.0.jar:"/>
    <property name="sun.cpu.endian" value="little"/>
    <property name="user.home" value="/home/user"/>
    <property name="user.language" value="en"/>
    <property name="java.specification.vendor" value="Oracle Corporation"/>
    <property name="java.home" value="/usr/lib/jvm/java-1.8-openjdk/jre"/>
    <property name="surefire.excludesFile" value="/tools/ozone-bad-unit-tests"/>
    <property name="java.security.krb5.conf" value="/workdir/hadoop-ozone/tools/target/test-classes/krb5.conf"/>
    <property name="basedir" value="/workdir/hadoop-ozone/tools"/>
    <property name="file.separator" value="/"/>
    <property name="line.separator" value="&#10;"/>
    <property name="java.vm.specification.vendor" value="Oracle Corporation"/>
    <property name="java.specification.name" value="Java Platform API Specification"/>
    <property name="java.awt.graphicsenv" value="sun.awt.X11GraphicsEnvironment"/>
    <property name="surefire.real.class.path" value="/workdir/hadoop-ozone/tools/target/surefire/surefirebooter4111959653445006583.jar"/>
    <property name="hadoop.log.dir" value="/workdir/hadoop-ozone/tools/target/log"/>
    <property name="sun.boot.class.path" value="/usr/lib/jvm/java-1.8-openjdk/jre/lib/resources.jar:/usr/lib/jvm/java-1.8-openjdk/jre/lib/rt.jar:/usr/lib/jvm/java-1.8-openjdk/jre/lib/sunrsasign.jar:/usr/lib/jvm/java-1.8-openjdk/jre/lib/jsse.jar:/usr/lib/jvm/java-1.8-openjdk/jre/lib/jce.jar:/usr/lib/jvm/java-1.8-openjdk/jre/lib/charsets.jar:/usr/lib/jvm/java-1.8-openjdk/jre/lib/jfr.jar:/usr/lib/jvm/java-1.8-openjdk/jre/classes"/>
    <property name="sun.management.compiler" value="HotSpot 64-Bit Tiered Compilers"/>
    <property name="java.runtime.version" value="1.8.0_212-b04"/>
    <property name="java.net.preferIPv4Stack" value="true"/>
    <property name="user.name" value="jenkins1000"/>
    <property name="path.separator" value=":"/>
    <property name="java.security.egd" value="file:///dev/urandom"/>
    <property name="os.version" value="3.10.0-957.12.2.el7.x86_64"/>
    <property name="java.endorsed.dirs" value="/usr/lib/jvm/java-1.8-openjdk/jre/lib/endorsed"/>
    <property name="java.runtime.name" value="OpenJDK Runtime Environment"/>
    <property name="file.encoding" value="UTF-8"/>
    <property name="java.vm.name" value="OpenJDK 64-Bit Server VM"/>
    <property name="test.build.webapps" value=""/>
    <property name="localRepository" value="/home/user/.m2/repository"/>
    <property name="java.vendor.url.bug" value="https://icedtea.classpath.org/bugzilla"/>
    <property name="java.io.tmpdir" value="/tmp"/>
    <property name="require.test.libhadoop" value=""/>
    <property name="java.version" value="1.8.0_212"/>
    <property name="user.dir" value="/workdir/hadoop-ozone/tools"/>
    <property name="os.arch" value="amd64"/>
    <property name="java.vm.specification.name" value="Java Virtual Machine Specification"/>
    <property name="test.build.classes" value="/workdir/hadoop-ozone/tools/target/test-classes"/>
    <property name="java.awt.printerjob" value="sun.print.PSPrinterJob"/>
    <property name="sun.os.patch.level" value="unknown"/>
    <property name="hadoop.tmp.dir" value="/workdir/hadoop-ozone/tools/target/tmp"/>
    <property name="java.library.path" value="/usr/lib/jvm/java-1.8-openjdk/jre/lib/amd64/server:/usr/lib/jvm/java-1.8-openjdk/jre/lib/amd64:/usr/lib/jvm/java-1.8-openjdk/jre/../lib/amd64:/workdir/hadoop-ozone/tools/target/native/target/usr/local/lib:/workdir/hadoop-ozone/tools/../../hadoop-common-project/hadoop-common/target/native/target/usr/local/lib:/usr/java/packages/lib/amd64:/usr/lib64:/lib64:/lib:/usr/lib"/>
    <property name="java.vm.info" value="mixed mode"/>
    <property name="java.vendor" value="IcedTea"/>
    <property name="java.vm.version" value="25.212-b04"/>
    <property name="java.ext.dirs" value="/usr/lib/jvm/java-1.8-openjdk/jre/lib/ext:/usr/java/packages/lib/ext"/>
    <property name="sun.io.unicode.encoding" value="UnicodeLittle"/>
    <property name="java.class.version" value="52.0"/>
  </properties>
  <testcase name="testRestart" classname="org.apache.hadoop.ozone.freon.TestFreonWithPipelineDestroy" time="20.413">
    <error message="Allocated 0 blocks. Requested 5 blocks" type="INTERNAL_ERROR org.apache.hadoop.ozone.om.exceptions.OMException">INTERNAL_ERROR org.apache.hadoop.ozone.om.exceptions.OMException: Allocated 0 blocks. Requested 5 blocks
	at org.apache.hadoop.ozone.om.protocolPB.OzoneManagerProtocolClientSideTranslatorPB.handleError(OzoneManagerProtocolClientSideTranslatorPB.java:732)
	at org.apache.hadoop.ozone.om.protocolPB.OzoneManagerProtocolClientSideTranslatorPB.openKey(OzoneManagerProtocolClientSideTranslatorPB.java:723)
	at sun.reflect.NativeMethodAccessorImpl.invoke0(Native Method)
	at sun.reflect.NativeMethodAccessorImpl.invoke(NativeMethodAccessorImpl.java:62)
	at sun.reflect.DelegatingMethodAccessorImpl.invoke(DelegatingMethodAccessorImpl.java:43)
	at java.lang.reflect.Method.invoke(Method.java:498)
	at org.apache.hadoop.hdds.tracing.TraceAllMethod.invoke(TraceAllMethod.java:66)
	at com.sun.proxy.$Proxy37.openKey(Unknown Source)
	at org.apache.hadoop.ozone.client.rpc.RpcClient.createKey(RpcClient.java:614)
	at org.apache.hadoop.ozone.client.OzoneBucket.createKey(OzoneBucket.java:325)
	at org.apache.hadoop.ozone.freon.RandomKeyGenerator.createKey(RandomKeyGenerator.java:695)
	at org.apache.hadoop.ozone.freon.RandomKeyGenerator.access$1100(RandomKeyGenerator.java:88)
	at org.apache.hadoop.ozone.freon.RandomKeyGenerator$ObjectCreator.run(RandomKeyGenerator.java:615)
	at java.util.concurrent.Executors$RunnableAdapter.call(Executors.java:511)
	at java.util.concurrent.FutureTask.run(FutureTask.java:266)
	at java.util.concurrent.ThreadPoolExecutor.runWorker(ThreadPoolExecutor.java:1149)
	at java.util.concurrent.ThreadPoolExecutor$Worker.run(ThreadPoolExecutor.java:624)
	at java.lang.Thread.run(Thread.java:748)
</error>
    <system-out><![CDATA[2019-10-15 02:03:02,836 [main] WARN  server.ServerUtils (ServerUtils.java:getScmDbDir(145)) - ozone.scm.db.dirs is not configured. We recommend adding this setting. Falling back to ozone.metadata.dirs instead.
2019-10-15 02:03:02,935 [main] WARN  server.ServerUtils (ServerUtils.java:getScmDbDir(145)) - ozone.scm.db.dirs is not configured. We recommend adding this setting. Falling back to ozone.metadata.dirs instead.
2019-10-15 02:03:02,938 [main] WARN  server.ServerUtils (ServerUtils.java:getScmDbDir(145)) - ozone.scm.db.dirs is not configured. We recommend adding this setting. Falling back to ozone.metadata.dirs instead.
2019-10-15 02:03:02,959 [main] INFO  util.log (Log.java:initialized(192)) - Logging initialized @845ms
2019-10-15 02:03:03,079 [main] INFO  db.DBStoreBuilder (DBStoreBuilder.java:addTable(117)) - using custom profile for table: deletedBlocks
2019-10-15 02:03:03,079 [main] INFO  db.DBStoreBuilder (DBStoreBuilder.java:processTables(168)) - Using default column profile:DBProfile.DISK for Table:deletedBlocks
2019-10-15 02:03:03,080 [main] INFO  db.DBStoreBuilder (DBStoreBuilder.java:addTable(117)) - using custom profile for table: validCerts
2019-10-15 02:03:03,080 [main] INFO  db.DBStoreBuilder (DBStoreBuilder.java:processTables(168)) - Using default column profile:DBProfile.DISK for Table:validCerts
2019-10-15 02:03:03,081 [main] INFO  db.DBStoreBuilder (DBStoreBuilder.java:addTable(117)) - using custom profile for table: revokedCerts
2019-10-15 02:03:03,081 [main] INFO  db.DBStoreBuilder (DBStoreBuilder.java:processTables(168)) - Using default column profile:DBProfile.DISK for Table:revokedCerts
2019-10-15 02:03:03,095 [main] INFO  db.DBStoreBuilder (DBStoreBuilder.java:addTable(117)) - using custom profile for table: default
2019-10-15 02:03:03,095 [main] INFO  db.DBStoreBuilder (DBStoreBuilder.java:processTables(174)) - Using default column profile:DBProfile.DISK for Table:default
2019-10-15 02:03:03,096 [main] INFO  db.DBStoreBuilder (DBStoreBuilder.java:getDbProfile(205)) - Using default options. DBProfile.DISK
2019-10-15 02:03:03,507 [main] INFO  net.NodeSchemaLoader (NodeSchemaLoader.java:loadSchemaFromFile(125)) - Loading file from sun.misc.CompoundEnumeration@4afcd809
2019-10-15 02:03:03,510 [main] INFO  net.NodeSchemaLoader (NodeSchemaLoader.java:loadSchema(171)) - Loading network topology layer schema file
2019-10-15 02:03:03,591 [main] INFO  node.SCMNodeManager (SCMNodeManager.java:<init>(116)) - Entering startup safe mode.
2019-10-15 02:03:03,666 [main] INFO  algorithms.ContainerPlacementPolicyFactory (ContainerPlacementPolicyFactory.java:getPolicy(57)) - Create container placement policy of type org.apache.hadoop.hdds.scm.container.placement.algorithms.SCMContainerPlacementRandom
2019-10-15 02:03:03,680 [main] WARN  server.ServerUtils (ServerUtils.java:getScmDbDir(145)) - ozone.scm.db.dirs is not configured. We recommend adding this setting. Falling back to ozone.metadata.dirs instead.
2019-10-15 02:03:03,817 [main] INFO  pipeline.SCMPipelineManager (SCMPipelineManager.java:initializePipelineState(132)) - No pipeline exists in current db
2019-10-15 02:03:03,819 [main] WARN  server.ServerUtils (ServerUtils.java:getScmDbDir(145)) - ozone.scm.db.dirs is not configured. We recommend adding this setting. Falling back to ozone.metadata.dirs instead.
2019-10-15 02:03:04,013 [main] WARN  events.EventQueue (EventQueue.java:fireEvent(183)) - No event handler registered for event TypedEvent{payloadType=SafeModeStatus, name='SafeModeStatus'}
2019-10-15 02:03:04,438 [main] INFO  ipc.CallQueueManager (CallQueueManager.java:<init>(84)) - Using callQueue: class java.util.concurrent.LinkedBlockingQueue, queueCapacity: 2000, scheduler: class org.apache.hadoop.ipc.DefaultRpcScheduler, ipcBackoff: false.
2019-10-15 02:03:04,578 [Socket Reader #1 for port 45535] INFO  ipc.Server (Server.java:run(1074)) - Starting Socket Reader #1 for port 45535
2019-10-15 02:03:04,609 [main] INFO  ipc.CallQueueManager (CallQueueManager.java:<init>(84)) - Using callQueue: class java.util.concurrent.LinkedBlockingQueue, queueCapacity: 2000, scheduler: class org.apache.hadoop.ipc.DefaultRpcScheduler, ipcBackoff: false.
2019-10-15 02:03:04,609 [Socket Reader #1 for port 44583] INFO  ipc.Server (Server.java:run(1074)) - Starting Socket Reader #1 for port 44583
2019-10-15 02:03:04,617 [main] INFO  ipc.CallQueueManager (CallQueueManager.java:<init>(84)) - Using callQueue: class java.util.concurrent.LinkedBlockingQueue, queueCapacity: 2000, scheduler: class org.apache.hadoop.ipc.DefaultRpcScheduler, ipcBackoff: false.
2019-10-15 02:03:04,618 [Socket Reader #1 for port 39601] INFO  ipc.Server (Server.java:run(1074)) - Starting Socket Reader #1 for port 39601
2019-10-15 02:03:04,639 [main] INFO  hdfs.DFSUtil (DFSUtil.java:httpServerTemplateForNNAndJN(1641)) - Starting Web-server for scm at: http://0.0.0.0:0
2019-10-15 02:03:04,771 [main] INFO  server.AuthenticationFilter (AuthenticationFilter.java:constructSecretProvider(240)) - Unable to initialize FileSignerSecretProvider, falling back to use random secrets.
2019-10-15 02:03:04,788 [main] WARN  http.HttpRequestLog (HttpRequestLog.java:getRequestLog(97)) - Jetty request log can only be enabled using Log4j
2019-10-15 02:03:04,797 [main] INFO  http.HttpServer2 (HttpServer2.java:addGlobalFilter(975)) - Added global filter 'safety' (class=org.apache.hadoop.http.HttpServer2$QuotingInputFilter)
2019-10-15 02:03:04,800 [main] INFO  http.HttpServer2 (HttpServer2.java:addFilter(948)) - Added filter static_user_filter (class=org.apache.hadoop.http.lib.StaticUserWebFilter$StaticUserFilter) to context scm
2019-10-15 02:03:04,801 [main] INFO  http.HttpServer2 (HttpServer2.java:addFilter(958)) - Added filter static_user_filter (class=org.apache.hadoop.http.lib.StaticUserWebFilter$StaticUserFilter) to context logs
2019-10-15 02:03:04,801 [main] INFO  http.HttpServer2 (HttpServer2.java:addFilter(958)) - Added filter static_user_filter (class=org.apache.hadoop.http.lib.StaticUserWebFilter$StaticUserFilter) to context static
2019-10-15 02:03:04,829 [main] INFO  server.StorageContainerManager (StorageContainerManager.java:start(772)) - StorageContainerLocationProtocol RPC server is listening at /0.0.0.0:39601
2019-10-15 02:03:04,892 [main] WARN  impl.MetricsConfig (MetricsConfig.java:loadFirst(134)) - Cannot locate configuration: tried hadoop-metrics2-storagecontainermanager.properties,hadoop-metrics2.properties
2019-10-15 02:03:04,904 [main] INFO  impl.MetricsSystemImpl (MetricsSystemImpl.java:startTimer(374)) - Scheduled Metric snapshot period at 10 second(s).
2019-10-15 02:03:04,905 [main] INFO  impl.MetricsSystemImpl (MetricsSystemImpl.java:start(191)) - StorageContainerManager metrics system started
2019-10-15 02:03:05,103 [main] INFO  server.SCMClientProtocolServer (SCMClientProtocolServer.java:start(159)) - RPC server for Client  is listening at /0.0.0.0:39601
2019-10-15 02:03:05,104 [IPC Server Responder] INFO  ipc.Server (Server.java:run(1314)) - IPC Server Responder: starting
2019-10-15 02:03:05,104 [IPC Server listener on 39601] INFO  ipc.Server (Server.java:run(1153)) - IPC Server listener on 39601: starting
2019-10-15 02:03:05,107 [main] INFO  server.StorageContainerManager (StorageContainerManager.java:start(782)) - ScmBlockLocationProtocol RPC server is listening at /0.0.0.0:44583
2019-10-15 02:03:05,107 [main] INFO  server.SCMBlockProtocolServer (SCMBlockProtocolServer.java:start(146)) - RPC server for Block Protocol is listening at /0.0.0.0:44583
2019-10-15 02:03:05,108 [IPC Server Responder] INFO  ipc.Server (Server.java:run(1314)) - IPC Server Responder: starting
2019-10-15 02:03:05,108 [IPC Server listener on 44583] INFO  ipc.Server (Server.java:run(1153)) - IPC Server listener on 44583: starting
2019-10-15 02:03:05,110 [main] INFO  server.StorageContainerManager (StorageContainerManager.java:start(786)) - ScmDatanodeProtocl RPC server is listening at /0.0.0.0:45535
2019-10-15 02:03:05,110 [main] INFO  server.SCMDatanodeProtocolServer (SCMDatanodeProtocolServer.java:start(169)) - RPC server for DataNodes is listening at /0.0.0.0:45535
2019-10-15 02:03:05,111 [IPC Server Responder] INFO  ipc.Server (Server.java:run(1314)) - IPC Server Responder: starting
2019-10-15 02:03:05,111 [IPC Server listener on 45535] INFO  ipc.Server (Server.java:run(1153)) - IPC Server listener on 45535: starting
2019-10-15 02:03:05,115 [main] INFO  http.HttpServer2 (HttpServer2.java:bindListener(1191)) - Jetty bound to port 41159
2019-10-15 02:03:05,116 [main] INFO  server.Server (Server.java:doStart(351)) - jetty-9.3.25.v20180904, build timestamp: 2018-09-04T21:11:46Z, git hash: 3ce520221d0240229c862b122d2b06c12a625732
2019-10-15 02:03:05,151 [main] INFO  handler.ContextHandler (ContextHandler.java:doStart(781)) - Started o.e.j.s.ServletContextHandler@366c4480{/logs,file:///workdir/hadoop-ozone/tools/target/log,AVAILABLE}
2019-10-15 02:03:05,152 [main] INFO  handler.ContextHandler (ContextHandler.java:doStart(781)) - Started o.e.j.s.ServletContextHandler@8c11eee{/static,jar:file:/home/user/.m2/repository/org/apache/hadoop/hadoop-hdds-server-scm/0.5.0-SNAPSHOT/hadoop-hdds-server-scm-0.5.0-SNAPSHOT.jar!/webapps/static,AVAILABLE}
2019-10-15 02:03:05,221 [main] INFO  handler.ContextHandler (ContextHandler.java:doStart(781)) - Started o.e.j.w.WebAppContext@42257bdd{/,file:///tmp/jetty-0.0.0.0-41159-scm-_-any-4795856057380636259.dir/webapp/,AVAILABLE}{/scm}
2019-10-15 02:03:05,225 [main] INFO  server.AbstractConnector (AbstractConnector.java:doStart(278)) - Started ServerConnector@3deb2326{HTTP/1.1,[http/1.1]}{0.0.0.0:41159}
2019-10-15 02:03:05,226 [main] INFO  server.Server (Server.java:doStart(419)) - Started @3111ms
2019-10-15 02:03:05,228 [main] INFO  impl.MetricsSinkAdapter (MetricsSinkAdapter.java:start(204)) - Sink prometheus started
2019-10-15 02:03:05,228 [main] INFO  impl.MetricsSystemImpl (MetricsSystemImpl.java:registerSink(301)) - Registered sink prometheus
2019-10-15 02:03:05,229 [main] INFO  server.BaseHttpServer (BaseHttpServer.java:updateConnectorAddress(215)) - HTTP server of SCM is listening at http://0.0.0.0:41159
2019-10-15 02:03:05,236 [org.apache.hadoop.util.JvmPauseMonitor$Monitor@7d61eccf] INFO  util.JvmPauseMonitor (JvmPauseMonitor.java:run(188)) - Starting JVM pause monitor
2019-10-15 02:03:05,238 [main] WARN  server.ServerUtils (ServerUtils.java:getDBPath(222)) - ozone.om.db.dirs is not configured. We recommend adding this setting. Falling back to ozone.metadata.dirs instead.
2019-10-15 02:03:05,365 [main] INFO  ha.OMHANodeDetails (OMHANodeDetails.java:loadOMHAConfig(190)) - Configuration either no ozone.om.address set. Falling back to the default OM address /127.0.0.1:0
2019-10-15 02:03:05,365 [main] INFO  ha.OMHANodeDetails (OMHANodeDetails.java:getOMNodeDetails(220)) - OM Service ID is not set. Setting it to the default ID: omServiceIdDefault
2019-10-15 02:03:05,367 [main] WARN  server.ServerUtils (ServerUtils.java:getDBPath(222)) - ozone.om.db.dirs is not configured. We recommend adding this setting. Falling back to ozone.metadata.dirs instead.
2019-10-15 02:03:05,367 [main] WARN  server.ServerUtils (ServerUtils.java:getDBPath(222)) - ozone.om.db.dirs is not configured. We recommend adding this setting. Falling back to ozone.metadata.dirs instead.
2019-10-15 02:03:06,053 [main] WARN  server.ServerUtils (ServerUtils.java:getDBPath(222)) - ozone.om.db.dirs is not configured. We recommend adding this setting. Falling back to ozone.metadata.dirs instead.
2019-10-15 02:03:06,059 [main] INFO  db.DBStoreBuilder (DBStoreBuilder.java:addTable(117)) - using custom profile for table: userTable
2019-10-15 02:03:06,059 [main] INFO  db.DBStoreBuilder (DBStoreBuilder.java:processTables(168)) - Using default column profile:DBProfile.DISK for Table:userTable
2019-10-15 02:03:06,060 [main] INFO  db.DBStoreBuilder (DBStoreBuilder.java:addTable(117)) - using custom profile for table: volumeTable
2019-10-15 02:03:06,060 [main] INFO  db.DBStoreBuilder (DBStoreBuilder.java:processTables(168)) - Using default column profile:DBProfile.DISK for Table:volumeTable
2019-10-15 02:03:06,060 [main] INFO  db.DBStoreBuilder (DBStoreBuilder.java:addTable(117)) - using custom profile for table: bucketTable
2019-10-15 02:03:06,060 [main] INFO  db.DBStoreBuilder (DBStoreBuilder.java:processTables(168)) - Using default column profile:DBProfile.DISK for Table:bucketTable
2019-10-15 02:03:06,061 [main] INFO  db.DBStoreBuilder (DBStoreBuilder.java:addTable(117)) - using custom profile for table: keyTable
2019-10-15 02:03:06,061 [main] INFO  db.DBStoreBuilder (DBStoreBuilder.java:processTables(168)) - Using default column profile:DBProfile.DISK for Table:keyTable
2019-10-15 02:03:06,061 [main] INFO  db.DBStoreBuilder (DBStoreBuilder.java:addTable(117)) - using custom profile for table: deletedTable
2019-10-15 02:03:06,061 [main] INFO  db.DBStoreBuilder (DBStoreBuilder.java:processTables(168)) - Using default column profile:DBProfile.DISK for Table:deletedTable
2019-10-15 02:03:06,061 [main] INFO  db.DBStoreBuilder (DBStoreBuilder.java:addTable(117)) - using custom profile for table: openKeyTable
2019-10-15 02:03:06,062 [main] INFO  db.DBStoreBuilder (DBStoreBuilder.java:processTables(168)) - Using default column profile:DBProfile.DISK for Table:openKeyTable
2019-10-15 02:03:06,062 [main] INFO  db.DBStoreBuilder (DBStoreBuilder.java:addTable(117)) - using custom profile for table: s3Table
2019-10-15 02:03:06,062 [main] INFO  db.DBStoreBuilder (DBStoreBuilder.java:processTables(168)) - Using default column profile:DBProfile.DISK for Table:s3Table
2019-10-15 02:03:06,062 [main] INFO  db.DBStoreBuilder (DBStoreBuilder.java:addTable(117)) - using custom profile for table: multipartInfoTable
2019-10-15 02:03:06,062 [main] INFO  db.DBStoreBuilder (DBStoreBuilder.java:processTables(168)) - Using default column profile:DBProfile.DISK for Table:multipartInfoTable
2019-10-15 02:03:06,063 [main] INFO  db.DBStoreBuilder (DBStoreBuilder.java:addTable(117)) - using custom profile for table: dTokenTable
2019-10-15 02:03:06,063 [main] INFO  db.DBStoreBuilder (DBStoreBuilder.java:processTables(168)) - Using default column profile:DBProfile.DISK for Table:dTokenTable
2019-10-15 02:03:06,063 [main] INFO  db.DBStoreBuilder (DBStoreBuilder.java:addTable(117)) - using custom profile for table: s3SecretTable
2019-10-15 02:03:06,063 [main] INFO  db.DBStoreBuilder (DBStoreBuilder.java:processTables(168)) - Using default column profile:DBProfile.DISK for Table:s3SecretTable
2019-10-15 02:03:06,064 [main] INFO  db.DBStoreBuilder (DBStoreBuilder.java:addTable(117)) - using custom profile for table: prefixTable
2019-10-15 02:03:06,064 [main] INFO  db.DBStoreBuilder (DBStoreBuilder.java:processTables(168)) - Using default column profile:DBProfile.DISK for Table:prefixTable
2019-10-15 02:03:06,064 [main] INFO  db.DBStoreBuilder (DBStoreBuilder.java:addTable(117)) - using custom profile for table: default
2019-10-15 02:03:06,064 [main] INFO  db.DBStoreBuilder (DBStoreBuilder.java:processTables(174)) - Using default column profile:DBProfile.DISK for Table:default
2019-10-15 02:03:06,064 [main] INFO  db.DBStoreBuilder (DBStoreBuilder.java:getDbProfile(205)) - Using default options. DBProfile.DISK
2019-10-15 02:03:07,007 [main] INFO  ipc.CallQueueManager (CallQueueManager.java:<init>(84)) - Using callQueue: class java.util.concurrent.LinkedBlockingQueue, queueCapacity: 2000, scheduler: class org.apache.hadoop.ipc.DefaultRpcScheduler, ipcBackoff: false.
2019-10-15 02:03:07,008 [Socket Reader #1 for port 41051] INFO  ipc.Server (Server.java:run(1074)) - Starting Socket Reader #1 for port 41051
2019-10-15 02:03:07,057 [main] INFO  om.OzoneManager (OzoneManager.java:start(1071)) - OzoneManager RPC server is listening at localhost/127.0.0.1:41051
2019-10-15 02:03:07,058 [main] INFO  impl.MetricsSystemImpl (MetricsSystemImpl.java:init(158)) - OzoneManager metrics system started (again)
2019-10-15 02:03:07,074 [IPC Server Responder] INFO  ipc.Server (Server.java:run(1314)) - IPC Server Responder: starting
2019-10-15 02:03:07,074 [IPC Server listener on 41051] INFO  ipc.Server (Server.java:run(1153)) - IPC Server listener on 41051: starting
2019-10-15 02:03:07,083 [main] INFO  hdfs.DFSUtil (DFSUtil.java:httpServerTemplateForNNAndJN(1641)) - Starting Web-server for ozoneManager at: http://0.0.0.0:0
2019-10-15 02:03:07,087 [main] INFO  server.AuthenticationFilter (AuthenticationFilter.java:constructSecretProvider(240)) - Unable to initialize FileSignerSecretProvider, falling back to use random secrets.
2019-10-15 02:03:07,089 [main] WARN  http.HttpRequestLog (HttpRequestLog.java:getRequestLog(97)) - Jetty request log can only be enabled using Log4j
2019-10-15 02:03:07,092 [main] INFO  http.HttpServer2 (HttpServer2.java:addGlobalFilter(975)) - Added global filter 'safety' (class=org.apache.hadoop.http.HttpServer2$QuotingInputFilter)
2019-10-15 02:03:07,094 [main] INFO  http.HttpServer2 (HttpServer2.java:addFilter(948)) - Added filter static_user_filter (class=org.apache.hadoop.http.lib.StaticUserWebFilter$StaticUserFilter) to context ozoneManager
2019-10-15 02:03:07,095 [main] INFO  http.HttpServer2 (HttpServer2.java:addFilter(958)) - Added filter static_user_filter (class=org.apache.hadoop.http.lib.StaticUserWebFilter$StaticUserFilter) to context logs
2019-10-15 02:03:07,095 [main] INFO  http.HttpServer2 (HttpServer2.java:addFilter(958)) - Added filter static_user_filter (class=org.apache.hadoop.http.lib.StaticUserWebFilter$StaticUserFilter) to context static
2019-10-15 02:03:07,098 [main] INFO  http.HttpServer2 (HttpServer2.java:bindListener(1191)) - Jetty bound to port 35170
2019-10-15 02:03:07,099 [main] INFO  server.Server (Server.java:doStart(351)) - jetty-9.3.25.v20180904, build timestamp: 2018-09-04T21:11:46Z, git hash: 3ce520221d0240229c862b122d2b06c12a625732
2019-10-15 02:03:07,102 [main] INFO  handler.ContextHandler (ContextHandler.java:doStart(781)) - Started o.e.j.s.ServletContextHandler@1cbb3d3b{/logs,file:///workdir/hadoop-ozone/tools/target/log,AVAILABLE}
2019-10-15 02:03:07,103 [main] INFO  handler.ContextHandler (ContextHandler.java:doStart(781)) - Started o.e.j.s.ServletContextHandler@7ca0863b{/static,jar:file:/home/user/.m2/repository/org/apache/hadoop/hadoop-ozone-ozone-manager/0.5.0-SNAPSHOT/hadoop-ozone-ozone-manager-0.5.0-SNAPSHOT.jar!/webapps/static,AVAILABLE}
2019-10-15 02:03:07,194 [main] INFO  handler.ContextHandler (ContextHandler.java:doStart(781)) - Started o.e.j.w.WebAppContext@2b4c3c29{/,file:///tmp/jetty-0.0.0.0-35170-ozoneManager-_-any-3505859911887362235.dir/webapp/,AVAILABLE}{/ozoneManager}
2019-10-15 02:03:07,195 [main] INFO  server.AbstractConnector (AbstractConnector.java:doStart(278)) - Started ServerConnector@5ac7aa18{HTTP/1.1,[http/1.1]}{0.0.0.0:35170}
2019-10-15 02:03:07,197 [main] INFO  server.Server (Server.java:doStart(419)) - Started @5082ms
2019-10-15 02:03:07,197 [main] WARN  impl.MetricsSystemImpl (MetricsSystemImpl.java:register(276)) - Sink prometheus already exists!
2019-10-15 02:03:07,198 [main] INFO  server.BaseHttpServer (BaseHttpServer.java:updateConnectorAddress(215)) - HTTP server of OZONEMANAGER is listening at http://0.0.0.0:35170
2019-10-15 02:03:07,625 [main] INFO  impl.MetricsSystemImpl (MetricsSystemImpl.java:init(158)) - HddsDatanode metrics system started (again)
2019-10-15 02:03:07,689 [main] INFO  ozone.HddsDatanodeService (HddsDatanodeService.java:start(184)) - HddsDatanodeService host:pr-hdds-1868-7bj8h-208101609 ip:192.168.164.218
2019-10-15 02:03:07,726 [main] INFO  volume.HddsVolume (HddsVolume.java:<init>(176)) - Creating Volume: /workdir/hadoop-ozone/tools/target/test-dir/MiniOzoneClusterImpl-3fdca94b-2d19-4221-aa5f-89f1e59518ac/datanode-0/data/containers/hdds of  storage type : DISK and capacity : 1482555576320
2019-10-15 02:03:07,729 [main] INFO  volume.VolumeSet (VolumeSet.java:initializeVolumeSet(170)) - Added Volume : /workdir/hadoop-ozone/tools/target/test-dir/MiniOzoneClusterImpl-3fdca94b-2d19-4221-aa5f-89f1e59518ac/datanode-0/data/containers/hdds to VolumeSet
2019-10-15 02:03:07,733 [main] INFO  volume.ThrottledAsyncChecker (ThrottledAsyncChecker.java:schedule(141)) - Scheduling a check for org.apache.hadoop.ozone.container.common.volume.HddsVolume@acf859d
2019-10-15 02:03:07,756 [main] INFO  volume.HddsVolumeChecker (HddsVolumeChecker.java:checkAllVolumes(204)) - Scheduled health check for volume org.apache.hadoop.ozone.container.common.volume.HddsVolume@acf859d
2019-10-15 02:03:07,903 [main] INFO  impl.RaftServerProxy (ConfUtils.java:logGet(43)) - raft.rpc.type = GRPC (default)
2019-10-15 02:03:07,985 [main] INFO  grpc.GrpcFactory (GrpcFactory.java:checkPooledByteBufAllocatorUseCacheForAllThreads(45)) - PERFORMANCE WARNING: useCacheForAllThreads is true that may cause Netty to create a lot garbage objects and, as a result, trigger GC.
	It is recommended to disable useCacheForAllThreads by setting -Dorg.apache.ratis.thirdparty.io.netty.allocator.useCacheForAllThreads=false in command line.
2019-10-15 02:03:07,991 [main] INFO  grpc.GrpcConfigKeys$Server (ConfUtils.java:logGet(43)) - raft.grpc.server.port = 0 (default)
2019-10-15 02:03:07,992 [main] INFO  server.GrpcService (ConfUtils.java:logGet(43)) - raft.grpc.message.size.max = 33570816 (custom)
2019-10-15 02:03:07,993 [main] INFO  server.RaftServerConfigKeys (ConfUtils.java:logGet(43)) - raft.server.log.appender.buffer.byte-limit = 33554432 (custom)
2019-10-15 02:03:07,994 [main] INFO  server.GrpcService (ConfUtils.java:logGet(43)) - raft.grpc.flow.control.window = 1MB (=1048576) (default)
2019-10-15 02:03:07,995 [main] INFO  server.RaftServerConfigKeys (ConfUtils.java:logGet(43)) - raft.server.rpc.request.timeout = 3000ms (default)
2019-10-15 02:03:08,198 [main] INFO  server.RaftServerConfigKeys (ConfUtils.java:logGet(43)) - raft.server.storage.dir = [/workdir/hadoop-ozone/tools/target/test-dir/MiniOzoneClusterImpl-3fdca94b-2d19-4221-aa5f-89f1e59518ac/datanode-0/data/ratis] (custom)
2019-10-15 02:03:08,251 [main] INFO  hdfs.DFSUtil (DFSUtil.java:httpServerTemplateForNNAndJN(1641)) - Starting Web-server for hddsDatanode at: http://0.0.0.0:0
2019-10-15 02:03:08,253 [main] INFO  server.AuthenticationFilter (AuthenticationFilter.java:constructSecretProvider(240)) - Unable to initialize FileSignerSecretProvider, falling back to use random secrets.
2019-10-15 02:03:08,254 [main] WARN  http.HttpRequestLog (HttpRequestLog.java:getRequestLog(97)) - Jetty request log can only be enabled using Log4j
2019-10-15 02:03:08,256 [main] INFO  http.HttpServer2 (HttpServer2.java:addGlobalFilter(975)) - Added global filter 'safety' (class=org.apache.hadoop.http.HttpServer2$QuotingInputFilter)
2019-10-15 02:03:08,257 [main] INFO  http.HttpServer2 (HttpServer2.java:addFilter(948)) - Added filter static_user_filter (class=org.apache.hadoop.http.lib.StaticUserWebFilter$StaticUserFilter) to context hddsDatanode
2019-10-15 02:03:08,258 [main] INFO  http.HttpServer2 (HttpServer2.java:addFilter(958)) - Added filter static_user_filter (class=org.apache.hadoop.http.lib.StaticUserWebFilter$StaticUserFilter) to context static
2019-10-15 02:03:08,258 [main] INFO  http.HttpServer2 (HttpServer2.java:addFilter(958)) - Added filter static_user_filter (class=org.apache.hadoop.http.lib.StaticUserWebFilter$StaticUserFilter) to context logs
2019-10-15 02:03:08,259 [main] INFO  http.HttpServer2 (HttpServer2.java:bindListener(1191)) - Jetty bound to port 44305
2019-10-15 02:03:08,259 [main] INFO  server.Server (Server.java:doStart(351)) - jetty-9.3.25.v20180904, build timestamp: 2018-09-04T21:11:46Z, git hash: 3ce520221d0240229c862b122d2b06c12a625732
2019-10-15 02:03:08,262 [main] INFO  handler.ContextHandler (ContextHandler.java:doStart(781)) - Started o.e.j.s.ServletContextHandler@2eae4349{/logs,file:///workdir/hadoop-ozone/tools/target/log,AVAILABLE}
2019-10-15 02:03:08,263 [main] INFO  handler.ContextHandler (ContextHandler.java:doStart(781)) - Started o.e.j.s.ServletContextHandler@68a4dcc6{/static,jar:file:/home/user/.m2/repository/org/apache/hadoop/hadoop-hdds-container-service/0.5.0-SNAPSHOT/hadoop-hdds-container-service-0.5.0-SNAPSHOT.jar!/webapps/static,AVAILABLE}
2019-10-15 02:03:08,298 [main] INFO  handler.ContextHandler (ContextHandler.java:doStart(781)) - Started o.e.j.w.WebAppContext@4b200971{/,file:///tmp/jetty-0.0.0.0-44305-hddsDatanode-_-any-4801955500091428540.dir/webapp/,AVAILABLE}{/hddsDatanode}
2019-10-15 02:03:08,299 [main] INFO  server.AbstractConnector (AbstractConnector.java:doStart(278)) - Started ServerConnector@1a2bcd56{HTTP/1.1,[http/1.1]}{0.0.0.0:44305}
2019-10-15 02:03:08,300 [main] INFO  server.Server (Server.java:doStart(419)) - Started @6186ms
2019-10-15 02:03:08,301 [main] WARN  impl.MetricsSystemImpl (MetricsSystemImpl.java:register(276)) - Sink prometheus already exists!
2019-10-15 02:03:08,301 [main] INFO  server.BaseHttpServer (BaseHttpServer.java:updateConnectorAddress(215)) - HTTP server of HDDSDATANODE is listening at http://0.0.0.0:44305
2019-10-15 02:03:08,302 [main] INFO  impl.MetricsSystemImpl (MetricsSystemImpl.java:init(158)) - HddsDatanode metrics system started (again)
2019-10-15 02:03:08,305 [main] INFO  ozone.HddsDatanodeService (HddsDatanodeService.java:start(184)) - HddsDatanodeService host:pr-hdds-1868-7bj8h-208101609 ip:192.168.164.218
2019-10-15 02:03:08,309 [org.apache.hadoop.util.JvmPauseMonitor$Monitor@e72c1c8] INFO  util.JvmPauseMonitor (JvmPauseMonitor.java:run(188)) - Starting JVM pause monitor
2019-10-15 02:03:08,313 [main] INFO  volume.HddsVolume (HddsVolume.java:<init>(176)) - Creating Volume: /workdir/hadoop-ozone/tools/target/test-dir/MiniOzoneClusterImpl-3fdca94b-2d19-4221-aa5f-89f1e59518ac/datanode-1/data/containers/hdds of  storage type : DISK and capacity : 1482555576320
2019-10-15 02:03:08,314 [main] INFO  volume.VolumeSet (VolumeSet.java:initializeVolumeSet(170)) - Added Volume : /workdir/hadoop-ozone/tools/target/test-dir/MiniOzoneClusterImpl-3fdca94b-2d19-4221-aa5f-89f1e59518ac/datanode-1/data/containers/hdds to VolumeSet
2019-10-15 02:03:08,314 [main] INFO  volume.ThrottledAsyncChecker (ThrottledAsyncChecker.java:schedule(141)) - Scheduling a check for org.apache.hadoop.ozone.container.common.volume.HddsVolume@6f94a5a5
2019-10-15 02:03:08,315 [main] INFO  volume.HddsVolumeChecker (HddsVolumeChecker.java:checkAllVolumes(204)) - Scheduled health check for volume org.apache.hadoop.ozone.container.common.volume.HddsVolume@6f94a5a5
2019-10-15 02:03:08,331 [main] INFO  impl.RaftServerProxy (ConfUtils.java:logGet(43)) - raft.rpc.type = GRPC (default)
2019-10-15 02:03:08,331 [main] INFO  grpc.GrpcFactory (GrpcFactory.java:checkPooledByteBufAllocatorUseCacheForAllThreads(45)) - PERFORMANCE WARNING: useCacheForAllThreads is true that may cause Netty to create a lot garbage objects and, as a result, trigger GC.
	It is recommended to disable useCacheForAllThreads by setting -Dorg.apache.ratis.thirdparty.io.netty.allocator.useCacheForAllThreads=false in command line.
2019-10-15 02:03:08,332 [main] INFO  grpc.GrpcConfigKeys$Server (ConfUtils.java:logGet(43)) - raft.grpc.server.port = 0 (default)
2019-10-15 02:03:08,332 [main] INFO  server.GrpcService (ConfUtils.java:logGet(43)) - raft.grpc.message.size.max = 33570816 (custom)
2019-10-15 02:03:08,332 [main] INFO  server.RaftServerConfigKeys (ConfUtils.java:logGet(43)) - raft.server.log.appender.buffer.byte-limit = 33554432 (custom)
2019-10-15 02:03:08,332 [main] INFO  server.GrpcService (ConfUtils.java:logGet(43)) - raft.grpc.flow.control.window = 1MB (=1048576) (default)
2019-10-15 02:03:08,333 [main] INFO  server.RaftServerConfigKeys (ConfUtils.java:logGet(43)) - raft.server.rpc.request.timeout = 3000ms (default)
2019-10-15 02:03:08,333 [main] INFO  server.RaftServerConfigKeys (ConfUtils.java:logGet(43)) - raft.server.storage.dir = [/workdir/hadoop-ozone/tools/target/test-dir/MiniOzoneClusterImpl-3fdca94b-2d19-4221-aa5f-89f1e59518ac/datanode-1/data/ratis] (custom)
2019-10-15 02:03:08,335 [main] INFO  hdfs.DFSUtil (DFSUtil.java:httpServerTemplateForNNAndJN(1641)) - Starting Web-server for hddsDatanode at: http://0.0.0.0:0
2019-10-15 02:03:08,336 [main] INFO  server.AuthenticationFilter (AuthenticationFilter.java:constructSecretProvider(240)) - Unable to initialize FileSignerSecretProvider, falling back to use random secrets.
2019-10-15 02:03:08,337 [main] WARN  http.HttpRequestLog (HttpRequestLog.java:getRequestLog(97)) - Jetty request log can only be enabled using Log4j
2019-10-15 02:03:08,338 [main] INFO  http.HttpServer2 (HttpServer2.java:addGlobalFilter(975)) - Added global filter 'safety' (class=org.apache.hadoop.http.HttpServer2$QuotingInputFilter)
2019-10-15 02:03:08,339 [main] INFO  http.HttpServer2 (HttpServer2.java:addFilter(948)) - Added filter static_user_filter (class=org.apache.hadoop.http.lib.StaticUserWebFilter$StaticUserFilter) to context hddsDatanode
2019-10-15 02:03:08,339 [main] INFO  http.HttpServer2 (HttpServer2.java:addFilter(958)) - Added filter static_user_filter (class=org.apache.hadoop.http.lib.StaticUserWebFilter$StaticUserFilter) to context static
2019-10-15 02:03:08,339 [main] INFO  http.HttpServer2 (HttpServer2.java:addFilter(958)) - Added filter static_user_filter (class=org.apache.hadoop.http.lib.StaticUserWebFilter$StaticUserFilter) to context logs
2019-10-15 02:03:08,340 [main] INFO  http.HttpServer2 (HttpServer2.java:bindListener(1191)) - Jetty bound to port 38380
2019-10-15 02:03:08,340 [main] INFO  server.Server (Server.java:doStart(351)) - jetty-9.3.25.v20180904, build timestamp: 2018-09-04T21:11:46Z, git hash: 3ce520221d0240229c862b122d2b06c12a625732
2019-10-15 02:03:08,344 [main] INFO  handler.ContextHandler (ContextHandler.java:doStart(781)) - Started o.e.j.s.ServletContextHandler@6e0c6a7a{/logs,file:///workdir/hadoop-ozone/tools/target/log,AVAILABLE}
2019-10-15 02:03:08,345 [main] INFO  handler.ContextHandler (ContextHandler.java:doStart(781)) - Started o.e.j.s.ServletContextHandler@7baf1f5a{/static,jar:file:/home/user/.m2/repository/org/apache/hadoop/hadoop-hdds-container-service/0.5.0-SNAPSHOT/hadoop-hdds-container-service-0.5.0-SNAPSHOT.jar!/webapps/static,AVAILABLE}
2019-10-15 02:03:08,386 [main] INFO  handler.ContextHandler (ContextHandler.java:doStart(781)) - Started o.e.j.w.WebAppContext@15639440{/,file:///tmp/jetty-0.0.0.0-38380-hddsDatanode-_-any-2764826896746996402.dir/webapp/,AVAILABLE}{/hddsDatanode}
2019-10-15 02:03:08,386 [main] INFO  server.AbstractConnector (AbstractConnector.java:doStart(278)) - Started ServerConnector@121bb45b{HTTP/1.1,[http/1.1]}{0.0.0.0:38380}
2019-10-15 02:03:08,387 [main] INFO  server.Server (Server.java:doStart(419)) - Started @6273ms
2019-10-15 02:03:08,388 [main] WARN  impl.MetricsSystemImpl (MetricsSystemImpl.java:register(276)) - Sink prometheus already exists!
2019-10-15 02:03:08,389 [main] INFO  server.BaseHttpServer (BaseHttpServer.java:updateConnectorAddress(215)) - HTTP server of HDDSDATANODE is listening at http://0.0.0.0:38380
2019-10-15 02:03:08,390 [main] INFO  impl.MetricsSystemImpl (MetricsSystemImpl.java:init(158)) - HddsDatanode metrics system started (again)
2019-10-15 02:03:08,392 [org.apache.hadoop.util.JvmPauseMonitor$Monitor@2f4294e7] INFO  util.JvmPauseMonitor (JvmPauseMonitor.java:run(188)) - Starting JVM pause monitor
2019-10-15 02:03:08,395 [main] INFO  ozone.HddsDatanodeService (HddsDatanodeService.java:start(184)) - HddsDatanodeService host:pr-hdds-1868-7bj8h-208101609 ip:192.168.164.218
2019-10-15 02:03:08,403 [main] INFO  volume.HddsVolume (HddsVolume.java:<init>(176)) - Creating Volume: /workdir/hadoop-ozone/tools/target/test-dir/MiniOzoneClusterImpl-3fdca94b-2d19-4221-aa5f-89f1e59518ac/datanode-2/data/containers/hdds of  storage type : DISK and capacity : 1482555576320
2019-10-15 02:03:08,403 [main] INFO  volume.VolumeSet (VolumeSet.java:initializeVolumeSet(170)) - Added Volume : /workdir/hadoop-ozone/tools/target/test-dir/MiniOzoneClusterImpl-3fdca94b-2d19-4221-aa5f-89f1e59518ac/datanode-2/data/containers/hdds to VolumeSet
2019-10-15 02:03:08,404 [main] INFO  volume.ThrottledAsyncChecker (ThrottledAsyncChecker.java:schedule(141)) - Scheduling a check for org.apache.hadoop.ozone.container.common.volume.HddsVolume@2f2bff16
2019-10-15 02:03:08,404 [main] INFO  volume.HddsVolumeChecker (HddsVolumeChecker.java:checkAllVolumes(204)) - Scheduled health check for volume org.apache.hadoop.ozone.container.common.volume.HddsVolume@2f2bff16
2019-10-15 02:03:08,419 [Datanode State Machine Thread - 0] INFO  datanode.InitDatanodeState (InitDatanodeState.java:persistContainerDatanodeDetails(140)) - DatanodeDetails is persisted to /workdir/hadoop-ozone/tools/target/test-dir/MiniOzoneClusterImpl-3fdca94b-2d19-4221-aa5f-89f1e59518ac/datanode-0/meta/datanode.id
2019-10-15 02:03:08,422 [Datanode State Machine Thread - 0] INFO  datanode.InitDatanodeState (InitDatanodeState.java:persistContainerDatanodeDetails(140)) - DatanodeDetails is persisted to /workdir/hadoop-ozone/tools/target/test-dir/MiniOzoneClusterImpl-3fdca94b-2d19-4221-aa5f-89f1e59518ac/datanode-1/meta/datanode.id
2019-10-15 02:03:08,425 [main] INFO  impl.RaftServerProxy (ConfUtils.java:logGet(43)) - raft.rpc.type = GRPC (default)
2019-10-15 02:03:08,425 [main] INFO  grpc.GrpcFactory (GrpcFactory.java:checkPooledByteBufAllocatorUseCacheForAllThreads(45)) - PERFORMANCE WARNING: useCacheForAllThreads is true that may cause Netty to create a lot garbage objects and, as a result, trigger GC.
	It is recommended to disable useCacheForAllThreads by setting -Dorg.apache.ratis.thirdparty.io.netty.allocator.useCacheForAllThreads=false in command line.
2019-10-15 02:03:08,426 [main] INFO  grpc.GrpcConfigKeys$Server (ConfUtils.java:logGet(43)) - raft.grpc.server.port = 0 (default)
2019-10-15 02:03:08,426 [main] INFO  server.GrpcService (ConfUtils.java:logGet(43)) - raft.grpc.message.size.max = 33570816 (custom)
2019-10-15 02:03:08,426 [main] INFO  server.RaftServerConfigKeys (ConfUtils.java:logGet(43)) - raft.server.log.appender.buffer.byte-limit = 33554432 (custom)
2019-10-15 02:03:08,426 [main] INFO  server.GrpcService (ConfUtils.java:logGet(43)) - raft.grpc.flow.control.window = 1MB (=1048576) (default)
2019-10-15 02:03:08,427 [main] INFO  server.RaftServerConfigKeys (ConfUtils.java:logGet(43)) - raft.server.rpc.request.timeout = 3000ms (default)
2019-10-15 02:03:08,427 [main] INFO  server.RaftServerConfigKeys (ConfUtils.java:logGet(43)) - raft.server.storage.dir = [/workdir/hadoop-ozone/tools/target/test-dir/MiniOzoneClusterImpl-3fdca94b-2d19-4221-aa5f-89f1e59518ac/datanode-2/data/ratis] (custom)
2019-10-15 02:03:08,430 [main] INFO  hdfs.DFSUtil (DFSUtil.java:httpServerTemplateForNNAndJN(1641)) - Starting Web-server for hddsDatanode at: http://0.0.0.0:0
2019-10-15 02:03:08,431 [main] INFO  server.AuthenticationFilter (AuthenticationFilter.java:constructSecretProvider(240)) - Unable to initialize FileSignerSecretProvider, falling back to use random secrets.
2019-10-15 02:03:08,432 [main] WARN  http.HttpRequestLog (HttpRequestLog.java:getRequestLog(97)) - Jetty request log can only be enabled using Log4j
2019-10-15 02:03:08,433 [main] INFO  http.HttpServer2 (HttpServer2.java:addGlobalFilter(975)) - Added global filter 'safety' (class=org.apache.hadoop.http.HttpServer2$QuotingInputFilter)
2019-10-15 02:03:08,434 [main] INFO  http.HttpServer2 (HttpServer2.java:addFilter(948)) - Added filter static_user_filter (class=org.apache.hadoop.http.lib.StaticUserWebFilter$StaticUserFilter) to context hddsDatanode
2019-10-15 02:03:08,434 [main] INFO  http.HttpServer2 (HttpServer2.java:addFilter(958)) - Added filter static_user_filter (class=org.apache.hadoop.http.lib.StaticUserWebFilter$StaticUserFilter) to context static
2019-10-15 02:03:08,434 [main] INFO  http.HttpServer2 (HttpServer2.java:addFilter(958)) - Added filter static_user_filter (class=org.apache.hadoop.http.lib.StaticUserWebFilter$StaticUserFilter) to context logs
2019-10-15 02:03:08,435 [main] INFO  http.HttpServer2 (HttpServer2.java:bindListener(1191)) - Jetty bound to port 42456
2019-10-15 02:03:08,435 [main] INFO  server.Server (Server.java:doStart(351)) - jetty-9.3.25.v20180904, build timestamp: 2018-09-04T21:11:46Z, git hash: 3ce520221d0240229c862b122d2b06c12a625732
2019-10-15 02:03:08,437 [main] INFO  handler.ContextHandler (ContextHandler.java:doStart(781)) - Started o.e.j.s.ServletContextHandler@434514d8{/logs,file:///workdir/hadoop-ozone/tools/target/log,AVAILABLE}
2019-10-15 02:03:08,437 [main] INFO  handler.ContextHandler (ContextHandler.java:doStart(781)) - Started o.e.j.s.ServletContextHandler@4613311f{/static,jar:file:/home/user/.m2/repository/org/apache/hadoop/hadoop-hdds-container-service/0.5.0-SNAPSHOT/hadoop-hdds-container-service-0.5.0-SNAPSHOT.jar!/webapps/static,AVAILABLE}
2019-10-15 02:03:08,468 [main] INFO  handler.ContextHandler (ContextHandler.java:doStart(781)) - Started o.e.j.w.WebAppContext@7640a5b1{/,file:///tmp/jetty-0.0.0.0-42456-hddsDatanode-_-any-1142936365275213913.dir/webapp/,AVAILABLE}{/hddsDatanode}
2019-10-15 02:03:08,469 [main] INFO  server.AbstractConnector (AbstractConnector.java:doStart(278)) - Started ServerConnector@642f9a77{HTTP/1.1,[http/1.1]}{0.0.0.0:42456}
2019-10-15 02:03:08,470 [main] INFO  server.Server (Server.java:doStart(419)) - Started @6355ms
2019-10-15 02:03:08,470 [main] WARN  impl.MetricsSystemImpl (MetricsSystemImpl.java:register(276)) - Sink prometheus already exists!
2019-10-15 02:03:08,471 [main] INFO  server.BaseHttpServer (BaseHttpServer.java:updateConnectorAddress(215)) - HTTP server of HDDSDATANODE is listening at http://0.0.0.0:42456
2019-10-15 02:03:08,473 [main] INFO  ozone.MiniOzoneClusterImpl (MiniOzoneClusterImpl.java:lambda$waitForClusterToBeReady$2(172)) - Waiting for cluster to be ready. Got 0 of 3 DN Heartbeats.
2019-10-15 02:03:08,474 [org.apache.hadoop.util.JvmPauseMonitor$Monitor@652775f1] INFO  util.JvmPauseMonitor (JvmPauseMonitor.java:run(188)) - Starting JVM pause monitor
2019-10-15 02:03:08,477 [Datanode State Machine Thread - 0] INFO  datanode.InitDatanodeState (InitDatanodeState.java:persistContainerDatanodeDetails(140)) - DatanodeDetails is persisted to /workdir/hadoop-ozone/tools/target/test-dir/MiniOzoneClusterImpl-3fdca94b-2d19-4221-aa5f-89f1e59518ac/datanode-2/meta/datanode.id
2019-10-15 02:03:09,473 [main] INFO  ozone.MiniOzoneClusterImpl (MiniOzoneClusterImpl.java:lambda$waitForClusterToBeReady$2(172)) - Waiting for cluster to be ready. Got 0 of 3 DN Heartbeats.
2019-10-15 02:03:10,390 [Datanode State Machine Thread - 0] INFO  ozoneimpl.OzoneContainer (OzoneContainer.java:start(213)) - Attempting to start container services.
2019-10-15 02:03:10,394 [Datanode State Machine Thread - 0] INFO  ozoneimpl.OzoneContainer (OzoneContainer.java:startContainerScrub(177)) - Background container scanner has been disabled.
2019-10-15 02:03:10,394 [Datanode State Machine Thread - 0] INFO  ratis.XceiverServerRatis (XceiverServerRatis.java:start(425)) - Starting XceiverServerRatis fe5b8974-0e1b-4298-b2fc-508a8024071e at port 0
2019-10-15 02:03:10,421 [Datanode State Machine Thread - 0] INFO  ozoneimpl.OzoneContainer (OzoneContainer.java:start(213)) - Attempting to start container services.
2019-10-15 02:03:10,428 [Datanode State Machine Thread - 0] INFO  ozoneimpl.OzoneContainer (OzoneContainer.java:startContainerScrub(177)) - Background container scanner has been disabled.
2019-10-15 02:03:10,429 [Datanode State Machine Thread - 0] INFO  ratis.XceiverServerRatis (XceiverServerRatis.java:start(425)) - Starting XceiverServerRatis 1e9e9917-9bd5-40ce-95c0-43bac1b33ed1 at port 0
2019-10-15 02:03:10,429 [Datanode State Machine Thread - 0] INFO  impl.RaftServerProxy (RaftServerProxy.java:lambda$start$3(299)) - fe5b8974-0e1b-4298-b2fc-508a8024071e: start RPC server
2019-10-15 02:03:10,443 [Datanode State Machine Thread - 0] INFO  impl.RaftServerProxy (RaftServerProxy.java:lambda$start$3(299)) - 1e9e9917-9bd5-40ce-95c0-43bac1b33ed1: start RPC server
2019-10-15 02:03:10,474 [main] INFO  ozone.MiniOzoneClusterImpl (MiniOzoneClusterImpl.java:lambda$waitForClusterToBeReady$2(172)) - Waiting for cluster to be ready. Got 0 of 3 DN Heartbeats.
2019-10-15 02:03:10,501 [Datanode State Machine Thread - 0] INFO  ozoneimpl.OzoneContainer (OzoneContainer.java:start(213)) - Attempting to start container services.
2019-10-15 02:03:10,503 [Datanode State Machine Thread - 0] INFO  ozoneimpl.OzoneContainer (OzoneContainer.java:startContainerScrub(177)) - Background container scanner has been disabled.
2019-10-15 02:03:10,503 [Datanode State Machine Thread - 0] INFO  ratis.XceiverServerRatis (XceiverServerRatis.java:start(425)) - Starting XceiverServerRatis 38cb8bf3-4857-46eb-8328-565c1c1e3751 at port 0
2019-10-15 02:03:10,512 [Datanode State Machine Thread - 0] INFO  impl.RaftServerProxy (RaftServerProxy.java:lambda$start$3(299)) - 38cb8bf3-4857-46eb-8328-565c1c1e3751: start RPC server
2019-10-15 02:03:10,606 [Datanode State Machine Thread - 0] INFO  server.GrpcService (GrpcService.java:startImpl(158)) - 38cb8bf3-4857-46eb-8328-565c1c1e3751: GrpcService started, listening on 0.0.0.0/0.0.0.0:45890
2019-10-15 02:03:10,606 [Datanode State Machine Thread - 0] INFO  server.GrpcService (GrpcService.java:startImpl(158)) - 1e9e9917-9bd5-40ce-95c0-43bac1b33ed1: GrpcService started, listening on 0.0.0.0/0.0.0.0:35271
2019-10-15 02:03:10,606 [Datanode State Machine Thread - 0] INFO  server.GrpcService (GrpcService.java:startImpl(158)) - fe5b8974-0e1b-4298-b2fc-508a8024071e: GrpcService started, listening on 0.0.0.0/0.0.0.0:40705
2019-10-15 02:03:10,607 [Datanode State Machine Thread - 0] INFO  ratis.XceiverServerRatis (XceiverServerRatis.java:start(435)) - XceiverServerRatis 1e9e9917-9bd5-40ce-95c0-43bac1b33ed1 is started using port 35271
2019-10-15 02:03:10,607 [Datanode State Machine Thread - 0] INFO  ratis.XceiverServerRatis (XceiverServerRatis.java:start(435)) - XceiverServerRatis 38cb8bf3-4857-46eb-8328-565c1c1e3751 is started using port 45890
2019-10-15 02:03:10,607 [Datanode State Machine Thread - 0] INFO  ratis.XceiverServerRatis (XceiverServerRatis.java:start(435)) - XceiverServerRatis fe5b8974-0e1b-4298-b2fc-508a8024071e is started using port 40705
2019-10-15 02:03:10,614 [Datanode State Machine Thread - 0] INFO  server.XceiverServerGrpc (XceiverServerGrpc.java:start(149)) - XceiverServerGrpc 38cb8bf3-4857-46eb-8328-565c1c1e3751 is started using port 35207
2019-10-15 02:03:10,614 [Datanode State Machine Thread - 0] INFO  server.XceiverServerGrpc (XceiverServerGrpc.java:start(149)) - XceiverServerGrpc fe5b8974-0e1b-4298-b2fc-508a8024071e is started using port 37584
2019-10-15 02:03:10,614 [Datanode State Machine Thread - 0] INFO  server.XceiverServerGrpc (XceiverServerGrpc.java:start(149)) - XceiverServerGrpc 1e9e9917-9bd5-40ce-95c0-43bac1b33ed1 is started using port 37382
2019-10-15 02:03:11,474 [main] INFO  ozone.MiniOzoneClusterImpl (MiniOzoneClusterImpl.java:lambda$waitForClusterToBeReady$2(172)) - Waiting for cluster to be ready. Got 0 of 3 DN Heartbeats.
2019-10-15 02:03:12,352 [IPC Server handler 0 on 45535] INFO  net.NetworkTopology (NetworkTopologyImpl.java:add(111)) - Added a new node: /default-rack/fe5b8974-0e1b-4298-b2fc-508a8024071e
2019-10-15 02:03:12,353 [IPC Server handler 0 on 45535] INFO  node.SCMNodeManager (SCMNodeManager.java:register(268)) - Registered Data node : fe5b8974-0e1b-4298-b2fc-508a8024071e{ip: 192.168.164.218, host: pr-hdds-1868-7bj8h-208101609, networkLocation: /default-rack, certSerialId: null}
2019-10-15 02:03:12,356 [EventQueue-NodeRegistrationContainerReportForDataNodeSafeModeRule] INFO  safemode.SCMSafeModeManager (DataNodeSafeModeRule.java:process(71)) - SCM in safe mode. 1 DataNodes registered, 1 required.
2019-10-15 02:03:12,356 [EventQueue-NodeRegistrationContainerReportForDataNodeSafeModeRule] INFO  safemode.SCMSafeModeManager (SCMSafeModeManager.java:validateSafeModeExitRules(177)) - ScmSafeModeManager, all rules are successfully validated
2019-10-15 02:03:12,356 [EventQueue-NodeRegistrationContainerReportForDataNodeSafeModeRule] INFO  safemode.SCMSafeModeManager (SCMSafeModeManager.java:exitSafeMode(193)) - SCM exiting safe mode.
2019-10-15 02:03:12,395 [IPC Server handler 2 on 45535] INFO  net.NetworkTopology (NetworkTopologyImpl.java:add(111)) - Added a new node: /default-rack/1e9e9917-9bd5-40ce-95c0-43bac1b33ed1
2019-10-15 02:03:12,395 [IPC Server handler 2 on 45535] INFO  node.SCMNodeManager (SCMNodeManager.java:register(268)) - Registered Data node : 1e9e9917-9bd5-40ce-95c0-43bac1b33ed1{ip: 192.168.164.218, host: pr-hdds-1868-7bj8h-208101609, networkLocation: /default-rack, certSerialId: null}
2019-10-15 02:03:12,477 [IPC Server handler 1 on 45535] INFO  net.NetworkTopology (NetworkTopologyImpl.java:add(111)) - Added a new node: /default-rack/38cb8bf3-4857-46eb-8328-565c1c1e3751
2019-10-15 02:03:12,477 [IPC Server handler 1 on 45535] INFO  node.SCMNodeManager (SCMNodeManager.java:register(268)) - Registered Data node : 38cb8bf3-4857-46eb-8328-565c1c1e3751{ip: 192.168.164.218, host: pr-hdds-1868-7bj8h-208101609, networkLocation: /default-rack, certSerialId: null}
2019-10-15 02:03:12,928 [grpc-default-executor-0] INFO  impl.RaftServerProxy (RaftServerProxy.java:addNew(89)) - fe5b8974-0e1b-4298-b2fc-508a8024071e: addNew group-FD42DD459AAA:[fe5b8974-0e1b-4298-b2fc-508a8024071e:192.168.164.218:40705] returns group-FD42DD459AAA:java.util.concurrent.CompletableFuture@19f184ef[Not completed]
2019-10-15 02:03:12,942 [pool-27-thread-1] INFO  impl.RaftServerImpl (RaftServerImpl.java:<init>(95)) - fe5b8974-0e1b-4298-b2fc-508a8024071e: new RaftServerImpl for group-FD42DD459AAA:[fe5b8974-0e1b-4298-b2fc-508a8024071e:192.168.164.218:40705] with ContainerStateMachine:uninitialized
2019-10-15 02:03:12,945 [pool-27-thread-1] INFO  server.RaftServerConfigKeys (ConfUtils.java:logGet(43)) - raft.server.rpc.timeout.min = 5s (custom)
2019-10-15 02:03:12,947 [pool-27-thread-1] INFO  server.RaftServerConfigKeys (ConfUtils.java:logGet(43)) - raft.server.rpc.timeout.max = 5200ms (custom)
2019-10-15 02:03:12,947 [pool-27-thread-1] INFO  server.RaftServerConfigKeys (ConfUtils.java:logGet(43)) - raft.server.rpcslowness.timeout = 120s (custom)
2019-10-15 02:03:12,948 [pool-27-thread-1] INFO  server.RaftServerConfigKeys (ConfUtils.java:logGet(43)) - raft.server.sleep.deviation.threshold = 300 (default)
2019-10-15 02:03:12,949 [pool-27-thread-1] INFO  server.RaftServerConfigKeys (ConfUtils.java:logGet(43)) - raft.server.log.appender.install.snapshot.enabled = false (custom)
2019-10-15 02:03:12,960 [pool-27-thread-1] INFO  impl.RaftServerImpl (ServerState.java:<init>(103)) - fe5b8974-0e1b-4298-b2fc-508a8024071e@group-FD42DD459AAA: ConfigurationManager, init=-1: [fe5b8974-0e1b-4298-b2fc-508a8024071e:192.168.164.218:40705], old=null, confs=<EMPTY_MAP>
2019-10-15 02:03:12,960 [pool-27-thread-1] INFO  server.RaftServerConfigKeys (ConfUtils.java:logGet(43)) - raft.server.storage.dir = [/workdir/hadoop-ozone/tools/target/test-dir/MiniOzoneClusterImpl-3fdca94b-2d19-4221-aa5f-89f1e59518ac/datanode-0/data/ratis] (custom)
2019-10-15 02:03:12,968 [pool-27-thread-1] INFO  server.RaftServerConfigKeys (ConfUtils.java:logGet(43)) - raft.server.log.corruption.policy = EXCEPTION (default)
2019-10-15 02:03:12,970 [pool-27-thread-1] INFO  storage.RaftStorageDirectory (RaftStorageDirectory.java:analyzeStorage(246)) - The storage directory /workdir/hadoop-ozone/tools/target/test-dir/MiniOzoneClusterImpl-3fdca94b-2d19-4221-aa5f-89f1e59518ac/datanode-0/data/ratis/569b8313-a670-48fe-86d1-fd42dd459aaa does not exist. Creating ...
2019-10-15 02:03:12,999 [pool-27-thread-1] INFO  storage.RaftStorageDirectory (RaftStorageDirectory.java:tryLock(328)) - Lock on /workdir/hadoop-ozone/tools/target/test-dir/MiniOzoneClusterImpl-3fdca94b-2d19-4221-aa5f-89f1e59518ac/datanode-0/data/ratis/569b8313-a670-48fe-86d1-fd42dd459aaa/in_use.lock acquired by nodename 30131@pr-hdds-1868-7bj8h-208101609
2019-10-15 02:03:13,025 [pool-27-thread-1] INFO  storage.RaftStorage (RaftStorage.java:format(84)) - Storage directory /workdir/hadoop-ozone/tools/target/test-dir/MiniOzoneClusterImpl-3fdca94b-2d19-4221-aa5f-89f1e59518ac/datanode-0/data/ratis/569b8313-a670-48fe-86d1-fd42dd459aaa has been successfully formatted.
2019-10-15 02:03:13,028 [pool-27-thread-1] INFO  ratis.ContainerStateMachine (ContainerStateMachine.java:loadSnapshot(233)) - group-FD42DD459AAA: The snapshot info is null. Setting the last applied indexto:(t:0, i:~)
2019-10-15 02:03:13,028 [pool-27-thread-1] INFO  server.RaftServerConfigKeys (ConfUtils.java:logGet(43)) - raft.server.notification.no-leader.timeout = 120s (custom)
2019-10-15 02:03:13,031 [pool-27-thread-1] INFO  server.RaftServerConfigKeys (ConfUtils.java:logGet(43)) - raft.server.log.use.memory = false (default)
2019-10-15 02:03:13,037 [pool-27-thread-1] INFO  server.RaftServerConfigKeys (ConfUtils.java:logGet(43)) - raft.server.log.purge.gap = 1000000 (custom)
2019-10-15 02:03:13,037 [pool-27-thread-1] INFO  server.RaftServerConfigKeys (ConfUtils.java:logGet(43)) - raft.server.log.appender.buffer.byte-limit = 33554432 (custom)
2019-10-15 02:03:13,039 [pool-27-thread-1] INFO  server.RaftServerConfigKeys (ConfUtils.java:logGet(43)) - raft.server.log.segment.size.max = 1048576 (custom)
2019-10-15 02:03:13,041 [pool-27-thread-1] INFO  impl.MetricsSystemImpl (MetricsSystemImpl.java:init(158)) - ratis metrics system started (again)
2019-10-15 02:03:13,046 [pool-27-thread-1] INFO  metrics.MetricRegistries (MetricRegistriesLoader.java:load(64)) - Loaded MetricRegistries class org.apache.ratis.metrics.impl.MetricRegistriesImpl
2019-10-15 02:03:13,088 [pool-27-thread-1] INFO  server.RaftServerConfigKeys (ConfUtils.java:logGet(43)) - raft.server.log.segment.cache.num.max = 2 (custom)
2019-10-15 02:03:13,097 [pool-27-thread-1] INFO  segmented.SegmentedRaftLogWorker (SegmentedRaftLogWorker.java:<init>(173)) - new fe5b8974-0e1b-4298-b2fc-508a8024071e@group-FD42DD459AAA-SegmentedRaftLogWorker for RaftStorage:Storage Directory /workdir/hadoop-ozone/tools/target/test-dir/MiniOzoneClusterImpl-3fdca94b-2d19-4221-aa5f-89f1e59518ac/datanode-0/data/ratis/569b8313-a670-48fe-86d1-fd42dd459aaa
2019-10-15 02:03:13,098 [pool-27-thread-1] INFO  server.RaftServerConfigKeys (ConfUtils.java:logGet(43)) - raft.server.log.queue.byte-limit = 2147483647 (custom)
2019-10-15 02:03:13,099 [pool-27-thread-1] INFO  server.RaftServerConfigKeys (ConfUtils.java:logGet(43)) - raft.server.log.queue.element-limit = 1024 (custom)
2019-10-15 02:03:13,101 [pool-27-thread-1] INFO  server.RaftServerConfigKeys (ConfUtils.java:logGet(43)) - raft.server.log.segment.size.max = 1048576 (custom)
2019-10-15 02:03:13,102 [pool-27-thread-1] INFO  server.RaftServerConfigKeys (ConfUtils.java:logGet(43)) - raft.server.log.preallocated.size = 16384 (custom)
2019-10-15 02:03:13,103 [pool-27-thread-1] INFO  server.RaftServerConfigKeys (ConfUtils.java:logGet(43)) - raft.server.log.write.buffer.size = 33554432 (custom)
2019-10-15 02:03:13,104 [pool-27-thread-1] INFO  server.RaftServerConfigKeys (ConfUtils.java:logGet(43)) - raft.server.log.force.sync.num = 128 (default)
2019-10-15 02:03:13,106 [pool-27-thread-1] INFO  server.RaftServerConfigKeys (ConfUtils.java:logGet(43)) - raft.server.log.statemachine.data.sync = true (default)
2019-10-15 02:03:13,106 [pool-27-thread-1] INFO  server.RaftServerConfigKeys (ConfUtils.java:logGet(43)) - raft.server.log.statemachine.data.sync.timeout = 10s (default)
2019-10-15 02:03:13,107 [pool-27-thread-1] INFO  server.RaftServerConfigKeys (ConfUtils.java:logGet(43)) - raft.server.log.statemachine.data.sync.timeout.retry = -1 (default)
2019-10-15 02:03:13,125 [pool-27-thread-1] INFO  server.RaftServerConfigKeys (ConfUtils.java:logGet(43)) - raft.server.log.statemachine.data.caching.enabled = true (custom)
2019-10-15 02:03:13,132 [pool-27-thread-1] INFO  segmented.SegmentedRaftLogWorker (SegmentedRaftLogWorker.java:lambda$new$0(128)) - fe5b8974-0e1b-4298-b2fc-508a8024071e@group-FD42DD459AAA-SegmentedRaftLogWorker: flushIndex: setUnconditionally 0 -> -1
2019-10-15 02:03:13,137 [pool-27-thread-1] INFO  server.RaftServerConfigKeys (ConfUtils.java:logGet(43)) - raft.server.snapshot.auto.trigger.enabled = true (custom)
2019-10-15 02:03:13,138 [pool-27-thread-1] INFO  server.RaftServerConfigKeys (ConfUtils.java:logGet(43)) - raft.server.snapshot.auto.trigger.threshold = 10000 (custom)
2019-10-15 02:03:13,138 [pool-27-thread-1] INFO  server.RaftServerConfigKeys (ConfUtils.java:logGet(43)) - raft.server.snapshot.retention.file.num = 5 (custom)
2019-10-15 02:03:13,139 [pool-27-thread-1] INFO  server.RaftServerConfigKeys (ConfUtils.java:logGet(43)) - raft.server.retrycache.expirytime = 600000ms (custom)
2019-10-15 02:03:13,169 [pool-27-thread-1] INFO  impl.RaftServerImpl (RaftServerImpl.java:start(181)) - fe5b8974-0e1b-4298-b2fc-508a8024071e@group-FD42DD459AAA: start as a follower, conf=-1: [fe5b8974-0e1b-4298-b2fc-508a8024071e:192.168.164.218:40705], old=null
2019-10-15 02:03:13,170 [pool-27-thread-1] INFO  impl.RaftServerImpl (RaftServerImpl.java:setRole(170)) - fe5b8974-0e1b-4298-b2fc-508a8024071e@group-FD42DD459AAA: changes role from      null to FOLLOWER at term 0 for startAsFollower
2019-10-15 02:03:13,171 [pool-27-thread-1] INFO  impl.RoleInfo (RoleInfo.java:updateAndGet(143)) - fe5b8974-0e1b-4298-b2fc-508a8024071e: start FollowerState
2019-10-15 02:03:13,173 [pool-27-thread-1] INFO  util.JmxRegister (JmxRegister.java:tryRegister(44)) - Successfully registered JMX Bean with object name Ratis:service=RaftServer,group=group-FD42DD459AAA,id=fe5b8974-0e1b-4298-b2fc-508a8024071e
2019-10-15 02:03:13,252 [RatisPipelineUtilsThread] INFO  pipeline.PipelineStateManager (PipelineStateManager.java:addPipeline(57)) - Created pipeline Pipeline[ Id: 569b8313-a670-48fe-86d1-fd42dd459aaa, Nodes: fe5b8974-0e1b-4298-b2fc-508a8024071e{ip: 192.168.164.218, host: pr-hdds-1868-7bj8h-208101609, networkLocation: /default-rack, certSerialId: null}, Type:RATIS, Factor:ONE, State:ALLOCATED]
2019-10-15 02:03:13,270 [grpc-default-executor-0] INFO  impl.RaftServerProxy (RaftServerProxy.java:addNew(89)) - 1e9e9917-9bd5-40ce-95c0-43bac1b33ed1: addNew group-6C314FB6B35C:[1e9e9917-9bd5-40ce-95c0-43bac1b33ed1:192.168.164.218:35271] returns group-6C314FB6B35C:java.util.concurrent.CompletableFuture@1f6f5d71[Not completed]
2019-10-15 02:03:13,292 [pool-37-thread-1] INFO  impl.RaftServerImpl (RaftServerImpl.java:<init>(95)) - 1e9e9917-9bd5-40ce-95c0-43bac1b33ed1: new RaftServerImpl for group-6C314FB6B35C:[1e9e9917-9bd5-40ce-95c0-43bac1b33ed1:192.168.164.218:35271] with ContainerStateMachine:uninitialized
2019-10-15 02:03:13,294 [pool-37-thread-1] INFO  server.RaftServerConfigKeys (ConfUtils.java:logGet(43)) - raft.server.rpc.timeout.min = 5s (custom)
2019-10-15 02:03:13,294 [pool-37-thread-1] INFO  server.RaftServerConfigKeys (ConfUtils.java:logGet(43)) - raft.server.rpc.timeout.max = 5200ms (custom)
2019-10-15 02:03:13,294 [pool-37-thread-1] INFO  server.RaftServerConfigKeys (ConfUtils.java:logGet(43)) - raft.server.rpcslowness.timeout = 120s (custom)
2019-10-15 02:03:13,294 [pool-37-thread-1] INFO  server.RaftServerConfigKeys (ConfUtils.java:logGet(43)) - raft.server.sleep.deviation.threshold = 300 (default)
2019-10-15 02:03:13,294 [pool-37-thread-1] INFO  server.RaftServerConfigKeys (ConfUtils.java:logGet(43)) - raft.server.log.appender.install.snapshot.enabled = false (custom)
2019-10-15 02:03:13,295 [pool-37-thread-1] INFO  impl.RaftServerImpl (ServerState.java:<init>(103)) - 1e9e9917-9bd5-40ce-95c0-43bac1b33ed1@group-6C314FB6B35C: ConfigurationManager, init=-1: [1e9e9917-9bd5-40ce-95c0-43bac1b33ed1:192.168.164.218:35271], old=null, confs=<EMPTY_MAP>
2019-10-15 02:03:13,295 [pool-37-thread-1] INFO  server.RaftServerConfigKeys (ConfUtils.java:logGet(43)) - raft.server.storage.dir = [/workdir/hadoop-ozone/tools/target/test-dir/MiniOzoneClusterImpl-3fdca94b-2d19-4221-aa5f-89f1e59518ac/datanode-1/data/ratis] (custom)
2019-10-15 02:03:13,295 [pool-37-thread-1] INFO  server.RaftServerConfigKeys (ConfUtils.java:logGet(43)) - raft.server.log.corruption.policy = EXCEPTION (default)
2019-10-15 02:03:13,296 [pool-37-thread-1] INFO  storage.RaftStorageDirectory (RaftStorageDirectory.java:analyzeStorage(246)) - The storage directory /workdir/hadoop-ozone/tools/target/test-dir/MiniOzoneClusterImpl-3fdca94b-2d19-4221-aa5f-89f1e59518ac/datanode-1/data/ratis/ea28141c-48b5-4588-bc24-6c314fb6b35c does not exist. Creating ...
2019-10-15 02:03:13,320 [pool-37-thread-1] INFO  storage.RaftStorageDirectory (RaftStorageDirectory.java:tryLock(328)) - Lock on /workdir/hadoop-ozone/tools/target/test-dir/MiniOzoneClusterImpl-3fdca94b-2d19-4221-aa5f-89f1e59518ac/datanode-1/data/ratis/ea28141c-48b5-4588-bc24-6c314fb6b35c/in_use.lock acquired by nodename 30131@pr-hdds-1868-7bj8h-208101609
2019-10-15 02:03:13,343 [pool-37-thread-1] INFO  storage.RaftStorage (RaftStorage.java:format(84)) - Storage directory /workdir/hadoop-ozone/tools/target/test-dir/MiniOzoneClusterImpl-3fdca94b-2d19-4221-aa5f-89f1e59518ac/datanode-1/data/ratis/ea28141c-48b5-4588-bc24-6c314fb6b35c has been successfully formatted.
2019-10-15 02:03:13,344 [pool-37-thread-1] INFO  ratis.ContainerStateMachine (ContainerStateMachine.java:loadSnapshot(233)) - group-6C314FB6B35C: The snapshot info is null. Setting the last applied indexto:(t:0, i:~)
2019-10-15 02:03:13,345 [pool-37-thread-1] INFO  server.RaftServerConfigKeys (ConfUtils.java:logGet(43)) - raft.server.notification.no-leader.timeout = 120s (custom)
2019-10-15 02:03:13,345 [pool-37-thread-1] INFO  server.RaftServerConfigKeys (ConfUtils.java:logGet(43)) - raft.server.log.use.memory = false (default)
2019-10-15 02:03:13,345 [pool-37-thread-1] INFO  server.RaftServerConfigKeys (ConfUtils.java:logGet(43)) - raft.server.log.purge.gap = 1000000 (custom)
2019-10-15 02:03:13,345 [pool-37-thread-1] INFO  server.RaftServerConfigKeys (ConfUtils.java:logGet(43)) - raft.server.log.appender.buffer.byte-limit = 33554432 (custom)
2019-10-15 02:03:13,345 [pool-37-thread-1] INFO  server.RaftServerConfigKeys (ConfUtils.java:logGet(43)) - raft.server.log.segment.size.max = 1048576 (custom)
2019-10-15 02:03:13,352 [pool-37-thread-1] INFO  server.RaftServerConfigKeys (ConfUtils.java:logGet(43)) - raft.server.log.segment.cache.num.max = 2 (custom)
2019-10-15 02:03:13,352 [pool-37-thread-1] INFO  segmented.SegmentedRaftLogWorker (SegmentedRaftLogWorker.java:<init>(173)) - new 1e9e9917-9bd5-40ce-95c0-43bac1b33ed1@group-6C314FB6B35C-SegmentedRaftLogWorker for RaftStorage:Storage Directory /workdir/hadoop-ozone/tools/target/test-dir/MiniOzoneClusterImpl-3fdca94b-2d19-4221-aa5f-89f1e59518ac/datanode-1/data/ratis/ea28141c-48b5-4588-bc24-6c314fb6b35c
2019-10-15 02:03:13,353 [pool-37-thread-1] INFO  server.RaftServerConfigKeys (ConfUtils.java:logGet(43)) - raft.server.log.queue.byte-limit = 2147483647 (custom)
2019-10-15 02:03:13,353 [pool-37-thread-1] INFO  server.RaftServerConfigKeys (ConfUtils.java:logGet(43)) - raft.server.log.queue.element-limit = 1024 (custom)
2019-10-15 02:03:13,353 [pool-37-thread-1] INFO  server.RaftServerConfigKeys (ConfUtils.java:logGet(43)) - raft.server.log.segment.size.max = 1048576 (custom)
2019-10-15 02:03:13,353 [pool-37-thread-1] INFO  server.RaftServerConfigKeys (ConfUtils.java:logGet(43)) - raft.server.log.preallocated.size = 16384 (custom)
2019-10-15 02:03:13,354 [pool-37-thread-1] INFO  server.RaftServerConfigKeys (ConfUtils.java:logGet(43)) - raft.server.log.write.buffer.size = 33554432 (custom)
2019-10-15 02:03:13,354 [pool-37-thread-1] INFO  server.RaftServerConfigKeys (ConfUtils.java:logGet(43)) - raft.server.log.force.sync.num = 128 (default)
2019-10-15 02:03:13,354 [pool-37-thread-1] INFO  server.RaftServerConfigKeys (ConfUtils.java:logGet(43)) - raft.server.log.statemachine.data.sync = true (default)
2019-10-15 02:03:13,354 [pool-37-thread-1] INFO  server.RaftServerConfigKeys (ConfUtils.java:logGet(43)) - raft.server.log.statemachine.data.sync.timeout = 10s (default)
2019-10-15 02:03:13,354 [pool-37-thread-1] INFO  server.RaftServerConfigKeys (ConfUtils.java:logGet(43)) - raft.server.log.statemachine.data.sync.timeout.retry = -1 (default)
2019-10-15 02:03:13,355 [pool-37-thread-1] INFO  server.RaftServerConfigKeys (ConfUtils.java:logGet(43)) - raft.server.log.statemachine.data.caching.enabled = true (custom)
2019-10-15 02:03:13,356 [pool-37-thread-1] INFO  segmented.SegmentedRaftLogWorker (SegmentedRaftLogWorker.java:lambda$new$0(128)) - 1e9e9917-9bd5-40ce-95c0-43bac1b33ed1@group-6C314FB6B35C-SegmentedRaftLogWorker: flushIndex: setUnconditionally 0 -> -1
2019-10-15 02:03:13,356 [pool-37-thread-1] INFO  server.RaftServerConfigKeys (ConfUtils.java:logGet(43)) - raft.server.snapshot.auto.trigger.enabled = true (custom)
2019-10-15 02:03:13,356 [pool-37-thread-1] INFO  server.RaftServerConfigKeys (ConfUtils.java:logGet(43)) - raft.server.snapshot.auto.trigger.threshold = 10000 (custom)
2019-10-15 02:03:13,357 [pool-37-thread-1] INFO  server.RaftServerConfigKeys (ConfUtils.java:logGet(43)) - raft.server.snapshot.retention.file.num = 5 (custom)
2019-10-15 02:03:13,357 [pool-37-thread-1] INFO  server.RaftServerConfigKeys (ConfUtils.java:logGet(43)) - raft.server.retrycache.expirytime = 600000ms (custom)
2019-10-15 02:03:13,363 [pool-37-thread-1] INFO  impl.RaftServerImpl (RaftServerImpl.java:start(181)) - 1e9e9917-9bd5-40ce-95c0-43bac1b33ed1@group-6C314FB6B35C: start as a follower, conf=-1: [1e9e9917-9bd5-40ce-95c0-43bac1b33ed1:192.168.164.218:35271], old=null
2019-10-15 02:03:13,363 [pool-37-thread-1] INFO  impl.RaftServerImpl (RaftServerImpl.java:setRole(170)) - 1e9e9917-9bd5-40ce-95c0-43bac1b33ed1@group-6C314FB6B35C: changes role from      null to FOLLOWER at term 0 for startAsFollower
2019-10-15 02:03:13,363 [pool-37-thread-1] INFO  impl.RoleInfo (RoleInfo.java:updateAndGet(143)) - 1e9e9917-9bd5-40ce-95c0-43bac1b33ed1: start FollowerState
2019-10-15 02:03:13,364 [pool-37-thread-1] INFO  util.JmxRegister (JmxRegister.java:tryRegister(44)) - Successfully registered JMX Bean with object name Ratis:service=RaftServer,group=group-6C314FB6B35C,id=1e9e9917-9bd5-40ce-95c0-43bac1b33ed1
2019-10-15 02:03:13,380 [RatisPipelineUtilsThread] INFO  pipeline.PipelineStateManager (PipelineStateManager.java:addPipeline(57)) - Created pipeline Pipeline[ Id: ea28141c-48b5-4588-bc24-6c314fb6b35c, Nodes: 1e9e9917-9bd5-40ce-95c0-43bac1b33ed1{ip: 192.168.164.218, host: pr-hdds-1868-7bj8h-208101609, networkLocation: /default-rack, certSerialId: null}, Type:RATIS, Factor:ONE, State:ALLOCATED]
2019-10-15 02:03:13,397 [grpc-default-executor-0] INFO  impl.RaftServerProxy (RaftServerProxy.java:addNew(89)) - 38cb8bf3-4857-46eb-8328-565c1c1e3751: addNew group-43EED7DB1AB0:[38cb8bf3-4857-46eb-8328-565c1c1e3751:192.168.164.218:45890] returns group-43EED7DB1AB0:java.util.concurrent.CompletableFuture@5c56767c[Not completed]
2019-10-15 02:03:13,409 [pool-47-thread-1] INFO  impl.RaftServerImpl (RaftServerImpl.java:<init>(95)) - 38cb8bf3-4857-46eb-8328-565c1c1e3751: new RaftServerImpl for group-43EED7DB1AB0:[38cb8bf3-4857-46eb-8328-565c1c1e3751:192.168.164.218:45890] with ContainerStateMachine:uninitialized
2019-10-15 02:03:13,409 [pool-47-thread-1] INFO  server.RaftServerConfigKeys (ConfUtils.java:logGet(43)) - raft.server.rpc.timeout.min = 5s (custom)
2019-10-15 02:03:13,410 [pool-47-thread-1] INFO  server.RaftServerConfigKeys (ConfUtils.java:logGet(43)) - raft.server.rpc.timeout.max = 5200ms (custom)
2019-10-15 02:03:13,410 [pool-47-thread-1] INFO  server.RaftServerConfigKeys (ConfUtils.java:logGet(43)) - raft.server.rpcslowness.timeout = 120s (custom)
2019-10-15 02:03:13,410 [pool-47-thread-1] INFO  server.RaftServerConfigKeys (ConfUtils.java:logGet(43)) - raft.server.sleep.deviation.threshold = 300 (default)
2019-10-15 02:03:13,410 [pool-47-thread-1] INFO  server.RaftServerConfigKeys (ConfUtils.java:logGet(43)) - raft.server.log.appender.install.snapshot.enabled = false (custom)
2019-10-15 02:03:13,410 [pool-47-thread-1] INFO  impl.RaftServerImpl (ServerState.java:<init>(103)) - 38cb8bf3-4857-46eb-8328-565c1c1e3751@group-43EED7DB1AB0: ConfigurationManager, init=-1: [38cb8bf3-4857-46eb-8328-565c1c1e3751:192.168.164.218:45890], old=null, confs=<EMPTY_MAP>
2019-10-15 02:03:13,410 [pool-47-thread-1] INFO  server.RaftServerConfigKeys (ConfUtils.java:logGet(43)) - raft.server.storage.dir = [/workdir/hadoop-ozone/tools/target/test-dir/MiniOzoneClusterImpl-3fdca94b-2d19-4221-aa5f-89f1e59518ac/datanode-2/data/ratis] (custom)
2019-10-15 02:03:13,411 [pool-47-thread-1] INFO  server.RaftServerConfigKeys (ConfUtils.java:logGet(43)) - raft.server.log.corruption.policy = EXCEPTION (default)
2019-10-15 02:03:13,411 [pool-47-thread-1] INFO  storage.RaftStorageDirectory (RaftStorageDirectory.java:analyzeStorage(246)) - The storage directory /workdir/hadoop-ozone/tools/target/test-dir/MiniOzoneClusterImpl-3fdca94b-2d19-4221-aa5f-89f1e59518ac/datanode-2/data/ratis/bdf6913e-f018-446f-a896-43eed7db1ab0 does not exist. Creating ...
2019-10-15 02:03:13,444 [pool-47-thread-1] INFO  storage.RaftStorageDirectory (RaftStorageDirectory.java:tryLock(328)) - Lock on /workdir/hadoop-ozone/tools/target/test-dir/MiniOzoneClusterImpl-3fdca94b-2d19-4221-aa5f-89f1e59518ac/datanode-2/data/ratis/bdf6913e-f018-446f-a896-43eed7db1ab0/in_use.lock acquired by nodename 30131@pr-hdds-1868-7bj8h-208101609
2019-10-15 02:03:13,470 [pool-47-thread-1] INFO  storage.RaftStorage (RaftStorage.java:format(84)) - Storage directory /workdir/hadoop-ozone/tools/target/test-dir/MiniOzoneClusterImpl-3fdca94b-2d19-4221-aa5f-89f1e59518ac/datanode-2/data/ratis/bdf6913e-f018-446f-a896-43eed7db1ab0 has been successfully formatted.
2019-10-15 02:03:13,471 [pool-47-thread-1] INFO  ratis.ContainerStateMachine (ContainerStateMachine.java:loadSnapshot(233)) - group-43EED7DB1AB0: The snapshot info is null. Setting the last applied indexto:(t:0, i:~)
2019-10-15 02:03:13,471 [pool-47-thread-1] INFO  server.RaftServerConfigKeys (ConfUtils.java:logGet(43)) - raft.server.notification.no-leader.timeout = 120s (custom)
2019-10-15 02:03:13,471 [pool-47-thread-1] INFO  server.RaftServerConfigKeys (ConfUtils.java:logGet(43)) - raft.server.log.use.memory = false (default)
2019-10-15 02:03:13,471 [pool-47-thread-1] INFO  server.RaftServerConfigKeys (ConfUtils.java:logGet(43)) - raft.server.log.purge.gap = 1000000 (custom)
2019-10-15 02:03:13,472 [pool-47-thread-1] INFO  server.RaftServerConfigKeys (ConfUtils.java:logGet(43)) - raft.server.log.appender.buffer.byte-limit = 33554432 (custom)
2019-10-15 02:03:13,472 [pool-47-thread-1] INFO  server.RaftServerConfigKeys (ConfUtils.java:logGet(43)) - raft.server.log.segment.size.max = 1048576 (custom)
2019-10-15 02:03:13,496 [pool-47-thread-1] INFO  server.RaftServerConfigKeys (ConfUtils.java:logGet(43)) - raft.server.log.segment.cache.num.max = 2 (custom)
2019-10-15 02:03:13,496 [pool-47-thread-1] INFO  segmented.SegmentedRaftLogWorker (SegmentedRaftLogWorker.java:<init>(173)) - new 38cb8bf3-4857-46eb-8328-565c1c1e3751@group-43EED7DB1AB0-SegmentedRaftLogWorker for RaftStorage:Storage Directory /workdir/hadoop-ozone/tools/target/test-dir/MiniOzoneClusterImpl-3fdca94b-2d19-4221-aa5f-89f1e59518ac/datanode-2/data/ratis/bdf6913e-f018-446f-a896-43eed7db1ab0
2019-10-15 02:03:13,496 [pool-47-thread-1] INFO  server.RaftServerConfigKeys (ConfUtils.java:logGet(43)) - raft.server.log.queue.byte-limit = 2147483647 (custom)
2019-10-15 02:03:13,497 [pool-47-thread-1] INFO  server.RaftServerConfigKeys (ConfUtils.java:logGet(43)) - raft.server.log.queue.element-limit = 1024 (custom)
2019-10-15 02:03:13,497 [pool-47-thread-1] INFO  server.RaftServerConfigKeys (ConfUtils.java:logGet(43)) - raft.server.log.segment.size.max = 1048576 (custom)
2019-10-15 02:03:13,497 [pool-47-thread-1] INFO  server.RaftServerConfigKeys (ConfUtils.java:logGet(43)) - raft.server.log.preallocated.size = 16384 (custom)
2019-10-15 02:03:13,497 [pool-47-thread-1] INFO  server.RaftServerConfigKeys (ConfUtils.java:logGet(43)) - raft.server.log.write.buffer.size = 33554432 (custom)
2019-10-15 02:03:13,498 [pool-47-thread-1] INFO  server.RaftServerConfigKeys (ConfUtils.java:logGet(43)) - raft.server.log.force.sync.num = 128 (default)
2019-10-15 02:03:13,498 [pool-47-thread-1] INFO  server.RaftServerConfigKeys (ConfUtils.java:logGet(43)) - raft.server.log.statemachine.data.sync = true (default)
2019-10-15 02:03:13,498 [pool-47-thread-1] INFO  server.RaftServerConfigKeys (ConfUtils.java:logGet(43)) - raft.server.log.statemachine.data.sync.timeout = 10s (default)
2019-10-15 02:03:13,498 [pool-47-thread-1] INFO  server.RaftServerConfigKeys (ConfUtils.java:logGet(43)) - raft.server.log.statemachine.data.sync.timeout.retry = -1 (default)
2019-10-15 02:03:13,499 [pool-47-thread-1] INFO  server.RaftServerConfigKeys (ConfUtils.java:logGet(43)) - raft.server.log.statemachine.data.caching.enabled = true (custom)
2019-10-15 02:03:13,500 [pool-47-thread-1] INFO  segmented.SegmentedRaftLogWorker (SegmentedRaftLogWorker.java:lambda$new$0(128)) - 38cb8bf3-4857-46eb-8328-565c1c1e3751@group-43EED7DB1AB0-SegmentedRaftLogWorker: flushIndex: setUnconditionally 0 -> -1
2019-10-15 02:03:13,500 [pool-47-thread-1] INFO  server.RaftServerConfigKeys (ConfUtils.java:logGet(43)) - raft.server.snapshot.auto.trigger.enabled = true (custom)
2019-10-15 02:03:13,500 [pool-47-thread-1] INFO  server.RaftServerConfigKeys (ConfUtils.java:logGet(43)) - raft.server.snapshot.auto.trigger.threshold = 10000 (custom)
2019-10-15 02:03:13,501 [pool-47-thread-1] INFO  server.RaftServerConfigKeys (ConfUtils.java:logGet(43)) - raft.server.snapshot.retention.file.num = 5 (custom)
2019-10-15 02:03:13,501 [pool-47-thread-1] INFO  server.RaftServerConfigKeys (ConfUtils.java:logGet(43)) - raft.server.retrycache.expirytime = 600000ms (custom)
2019-10-15 02:03:13,506 [pool-47-thread-1] INFO  impl.RaftServerImpl (RaftServerImpl.java:start(181)) - 38cb8bf3-4857-46eb-8328-565c1c1e3751@group-43EED7DB1AB0: start as a follower, conf=-1: [38cb8bf3-4857-46eb-8328-565c1c1e3751:192.168.164.218:45890], old=null
2019-10-15 02:03:13,506 [pool-47-thread-1] INFO  impl.RaftServerImpl (RaftServerImpl.java:setRole(170)) - 38cb8bf3-4857-46eb-8328-565c1c1e3751@group-43EED7DB1AB0: changes role from      null to FOLLOWER at term 0 for startAsFollower
2019-10-15 02:03:13,507 [pool-47-thread-1] INFO  impl.RoleInfo (RoleInfo.java:updateAndGet(143)) - 38cb8bf3-4857-46eb-8328-565c1c1e3751: start FollowerState
2019-10-15 02:03:13,507 [pool-47-thread-1] INFO  util.JmxRegister (JmxRegister.java:tryRegister(44)) - Successfully registered JMX Bean with object name Ratis:service=RaftServer,group=group-43EED7DB1AB0,id=38cb8bf3-4857-46eb-8328-565c1c1e3751
2019-10-15 02:03:13,522 [RatisPipelineUtilsThread] INFO  pipeline.PipelineStateManager (PipelineStateManager.java:addPipeline(57)) - Created pipeline Pipeline[ Id: bdf6913e-f018-446f-a896-43eed7db1ab0, Nodes: 38cb8bf3-4857-46eb-8328-565c1c1e3751{ip: 192.168.164.218, host: pr-hdds-1868-7bj8h-208101609, networkLocation: /default-rack, certSerialId: null}, Type:RATIS, Factor:ONE, State:ALLOCATED]
2019-10-15 02:03:13,560 [grpc-default-executor-2] INFO  impl.RaftServerProxy (RaftServerProxy.java:addNew(89)) - fe5b8974-0e1b-4298-b2fc-508a8024071e: addNew group-4F0897F44F64:[1e9e9917-9bd5-40ce-95c0-43bac1b33ed1:192.168.164.218:35271, 38cb8bf3-4857-46eb-8328-565c1c1e3751:192.168.164.218:45890, fe5b8974-0e1b-4298-b2fc-508a8024071e:192.168.164.218:40705] returns group-4F0897F44F64:java.util.concurrent.CompletableFuture@45bb1e13[Not completed]
2019-10-15 02:03:13,560 [grpc-default-executor-1] INFO  impl.RaftServerProxy (RaftServerProxy.java:addNew(89)) - 1e9e9917-9bd5-40ce-95c0-43bac1b33ed1: addNew group-4F0897F44F64:[1e9e9917-9bd5-40ce-95c0-43bac1b33ed1:192.168.164.218:35271, 38cb8bf3-4857-46eb-8328-565c1c1e3751:192.168.164.218:45890, fe5b8974-0e1b-4298-b2fc-508a8024071e:192.168.164.218:40705] returns group-4F0897F44F64:java.util.concurrent.CompletableFuture@b520503[Not completed]
2019-10-15 02:03:13,562 [grpc-default-executor-2] INFO  impl.RaftServerProxy (RaftServerProxy.java:addNew(89)) - 38cb8bf3-4857-46eb-8328-565c1c1e3751: addNew group-4F0897F44F64:[1e9e9917-9bd5-40ce-95c0-43bac1b33ed1:192.168.164.218:35271, 38cb8bf3-4857-46eb-8328-565c1c1e3751:192.168.164.218:45890, fe5b8974-0e1b-4298-b2fc-508a8024071e:192.168.164.218:40705] returns group-4F0897F44F64:java.util.concurrent.CompletableFuture@b998c0[Not completed]
2019-10-15 02:03:13,563 [pool-37-thread-1] INFO  impl.RaftServerImpl (RaftServerImpl.java:<init>(95)) - 1e9e9917-9bd5-40ce-95c0-43bac1b33ed1: new RaftServerImpl for group-4F0897F44F64:[1e9e9917-9bd5-40ce-95c0-43bac1b33ed1:192.168.164.218:35271, 38cb8bf3-4857-46eb-8328-565c1c1e3751:192.168.164.218:45890, fe5b8974-0e1b-4298-b2fc-508a8024071e:192.168.164.218:40705] with ContainerStateMachine:uninitialized
2019-10-15 02:03:13,563 [pool-37-thread-1] INFO  server.RaftServerConfigKeys (ConfUtils.java:logGet(43)) - raft.server.rpc.timeout.min = 5s (custom)
2019-10-15 02:03:13,564 [pool-37-thread-1] INFO  server.RaftServerConfigKeys (ConfUtils.java:logGet(43)) - raft.server.rpc.timeout.max = 5200ms (custom)
2019-10-15 02:03:13,564 [pool-37-thread-1] INFO  server.RaftServerConfigKeys (ConfUtils.java:logGet(43)) - raft.server.rpcslowness.timeout = 120s (custom)
2019-10-15 02:03:13,564 [pool-37-thread-1] INFO  server.RaftServerConfigKeys (ConfUtils.java:logGet(43)) - raft.server.sleep.deviation.threshold = 300 (default)
2019-10-15 02:03:13,564 [pool-47-thread-1] INFO  impl.RaftServerImpl (RaftServerImpl.java:<init>(95)) - 38cb8bf3-4857-46eb-8328-565c1c1e3751: new RaftServerImpl for group-4F0897F44F64:[1e9e9917-9bd5-40ce-95c0-43bac1b33ed1:192.168.164.218:35271, 38cb8bf3-4857-46eb-8328-565c1c1e3751:192.168.164.218:45890, fe5b8974-0e1b-4298-b2fc-508a8024071e:192.168.164.218:40705] with ContainerStateMachine:uninitialized
2019-10-15 02:03:13,564 [pool-37-thread-1] INFO  server.RaftServerConfigKeys (ConfUtils.java:logGet(43)) - raft.server.log.appender.install.snapshot.enabled = false (custom)
2019-10-15 02:03:13,564 [pool-47-thread-1] INFO  server.RaftServerConfigKeys (ConfUtils.java:logGet(43)) - raft.server.rpc.timeout.min = 5s (custom)
2019-10-15 02:03:13,564 [pool-37-thread-1] INFO  impl.RaftServerImpl (ServerState.java:<init>(103)) - 1e9e9917-9bd5-40ce-95c0-43bac1b33ed1@group-4F0897F44F64: ConfigurationManager, init=-1: [1e9e9917-9bd5-40ce-95c0-43bac1b33ed1:192.168.164.218:35271, 38cb8bf3-4857-46eb-8328-565c1c1e3751:192.168.164.218:45890, fe5b8974-0e1b-4298-b2fc-508a8024071e:192.168.164.218:40705], old=null, confs=<EMPTY_MAP>
2019-10-15 02:03:13,564 [pool-47-thread-1] INFO  server.RaftServerConfigKeys (ConfUtils.java:logGet(43)) - raft.server.rpc.timeout.max = 5200ms (custom)
2019-10-15 02:03:13,565 [pool-37-thread-1] INFO  server.RaftServerConfigKeys (ConfUtils.java:logGet(43)) - raft.server.storage.dir = [/workdir/hadoop-ozone/tools/target/test-dir/MiniOzoneClusterImpl-3fdca94b-2d19-4221-aa5f-89f1e59518ac/datanode-1/data/ratis] (custom)
2019-10-15 02:03:13,565 [pool-47-thread-1] INFO  server.RaftServerConfigKeys (ConfUtils.java:logGet(43)) - raft.server.rpcslowness.timeout = 120s (custom)
2019-10-15 02:03:13,565 [pool-47-thread-1] INFO  server.RaftServerConfigKeys (ConfUtils.java:logGet(43)) - raft.server.sleep.deviation.threshold = 300 (default)
2019-10-15 02:03:13,565 [pool-37-thread-1] INFO  server.RaftServerConfigKeys (ConfUtils.java:logGet(43)) - raft.server.log.corruption.policy = EXCEPTION (default)
2019-10-15 02:03:13,565 [pool-47-thread-1] INFO  server.RaftServerConfigKeys (ConfUtils.java:logGet(43)) - raft.server.log.appender.install.snapshot.enabled = false (custom)
2019-10-15 02:03:13,565 [pool-37-thread-1] INFO  storage.RaftStorageDirectory (RaftStorageDirectory.java:analyzeStorage(246)) - The storage directory /workdir/hadoop-ozone/tools/target/test-dir/MiniOzoneClusterImpl-3fdca94b-2d19-4221-aa5f-89f1e59518ac/datanode-1/data/ratis/7660f524-9fe4-4410-8aa4-4f0897f44f64 does not exist. Creating ...
2019-10-15 02:03:13,565 [pool-47-thread-1] INFO  impl.RaftServerImpl (ServerState.java:<init>(103)) - 38cb8bf3-4857-46eb-8328-565c1c1e3751@group-4F0897F44F64: ConfigurationManager, init=-1: [1e9e9917-9bd5-40ce-95c0-43bac1b33ed1:192.168.164.218:35271, 38cb8bf3-4857-46eb-8328-565c1c1e3751:192.168.164.218:45890, fe5b8974-0e1b-4298-b2fc-508a8024071e:192.168.164.218:40705], old=null, confs=<EMPTY_MAP>
2019-10-15 02:03:13,565 [pool-47-thread-1] INFO  server.RaftServerConfigKeys (ConfUtils.java:logGet(43)) - raft.server.storage.dir = [/workdir/hadoop-ozone/tools/target/test-dir/MiniOzoneClusterImpl-3fdca94b-2d19-4221-aa5f-89f1e59518ac/datanode-2/data/ratis] (custom)
2019-10-15 02:03:13,566 [pool-27-thread-1] INFO  impl.RaftServerImpl (RaftServerImpl.java:<init>(95)) - fe5b8974-0e1b-4298-b2fc-508a8024071e: new RaftServerImpl for group-4F0897F44F64:[1e9e9917-9bd5-40ce-95c0-43bac1b33ed1:192.168.164.218:35271, 38cb8bf3-4857-46eb-8328-565c1c1e3751:192.168.164.218:45890, fe5b8974-0e1b-4298-b2fc-508a8024071e:192.168.164.218:40705] with ContainerStateMachine:uninitialized
2019-10-15 02:03:13,566 [pool-47-thread-1] INFO  server.RaftServerConfigKeys (ConfUtils.java:logGet(43)) - raft.server.log.corruption.policy = EXCEPTION (default)
2019-10-15 02:03:13,566 [pool-27-thread-1] INFO  server.RaftServerConfigKeys (ConfUtils.java:logGet(43)) - raft.server.rpc.timeout.min = 5s (custom)
2019-10-15 02:03:13,566 [pool-47-thread-1] INFO  storage.RaftStorageDirectory (RaftStorageDirectory.java:analyzeStorage(246)) - The storage directory /workdir/hadoop-ozone/tools/target/test-dir/MiniOzoneClusterImpl-3fdca94b-2d19-4221-aa5f-89f1e59518ac/datanode-2/data/ratis/7660f524-9fe4-4410-8aa4-4f0897f44f64 does not exist. Creating ...
2019-10-15 02:03:13,566 [pool-27-thread-1] INFO  server.RaftServerConfigKeys (ConfUtils.java:logGet(43)) - raft.server.rpc.timeout.max = 5200ms (custom)
2019-10-15 02:03:13,567 [pool-27-thread-1] INFO  server.RaftServerConfigKeys (ConfUtils.java:logGet(43)) - raft.server.rpcslowness.timeout = 120s (custom)
2019-10-15 02:03:13,567 [pool-27-thread-1] INFO  server.RaftServerConfigKeys (ConfUtils.java:logGet(43)) - raft.server.sleep.deviation.threshold = 300 (default)
2019-10-15 02:03:13,567 [pool-27-thread-1] INFO  server.RaftServerConfigKeys (ConfUtils.java:logGet(43)) - raft.server.log.appender.install.snapshot.enabled = false (custom)
2019-10-15 02:03:13,567 [pool-27-thread-1] INFO  impl.RaftServerImpl (ServerState.java:<init>(103)) - fe5b8974-0e1b-4298-b2fc-508a8024071e@group-4F0897F44F64: ConfigurationManager, init=-1: [1e9e9917-9bd5-40ce-95c0-43bac1b33ed1:192.168.164.218:35271, 38cb8bf3-4857-46eb-8328-565c1c1e3751:192.168.164.218:45890, fe5b8974-0e1b-4298-b2fc-508a8024071e:192.168.164.218:40705], old=null, confs=<EMPTY_MAP>
2019-10-15 02:03:13,568 [pool-27-thread-1] INFO  server.RaftServerConfigKeys (ConfUtils.java:logGet(43)) - raft.server.storage.dir = [/workdir/hadoop-ozone/tools/target/test-dir/MiniOzoneClusterImpl-3fdca94b-2d19-4221-aa5f-89f1e59518ac/datanode-0/data/ratis] (custom)
2019-10-15 02:03:13,568 [pool-27-thread-1] INFO  server.RaftServerConfigKeys (ConfUtils.java:logGet(43)) - raft.server.log.corruption.policy = EXCEPTION (default)
2019-10-15 02:03:13,568 [pool-27-thread-1] INFO  storage.RaftStorageDirectory (RaftStorageDirectory.java:analyzeStorage(246)) - The storage directory /workdir/hadoop-ozone/tools/target/test-dir/MiniOzoneClusterImpl-3fdca94b-2d19-4221-aa5f-89f1e59518ac/datanode-0/data/ratis/7660f524-9fe4-4410-8aa4-4f0897f44f64 does not exist. Creating ...
2019-10-15 02:03:13,596 [pool-47-thread-1] INFO  storage.RaftStorageDirectory (RaftStorageDirectory.java:tryLock(328)) - Lock on /workdir/hadoop-ozone/tools/target/test-dir/MiniOzoneClusterImpl-3fdca94b-2d19-4221-aa5f-89f1e59518ac/datanode-2/data/ratis/7660f524-9fe4-4410-8aa4-4f0897f44f64/in_use.lock acquired by nodename 30131@pr-hdds-1868-7bj8h-208101609
2019-10-15 02:03:13,597 [pool-27-thread-1] INFO  storage.RaftStorageDirectory (RaftStorageDirectory.java:tryLock(328)) - Lock on /workdir/hadoop-ozone/tools/target/test-dir/MiniOzoneClusterImpl-3fdca94b-2d19-4221-aa5f-89f1e59518ac/datanode-0/data/ratis/7660f524-9fe4-4410-8aa4-4f0897f44f64/in_use.lock acquired by nodename 30131@pr-hdds-1868-7bj8h-208101609
2019-10-15 02:03:13,596 [pool-37-thread-1] INFO  storage.RaftStorageDirectory (RaftStorageDirectory.java:tryLock(328)) - Lock on /workdir/hadoop-ozone/tools/target/test-dir/MiniOzoneClusterImpl-3fdca94b-2d19-4221-aa5f-89f1e59518ac/datanode-1/data/ratis/7660f524-9fe4-4410-8aa4-4f0897f44f64/in_use.lock acquired by nodename 30131@pr-hdds-1868-7bj8h-208101609
2019-10-15 02:03:13,622 [pool-47-thread-1] INFO  storage.RaftStorage (RaftStorage.java:format(84)) - Storage directory /workdir/hadoop-ozone/tools/target/test-dir/MiniOzoneClusterImpl-3fdca94b-2d19-4221-aa5f-89f1e59518ac/datanode-2/data/ratis/7660f524-9fe4-4410-8aa4-4f0897f44f64 has been successfully formatted.
2019-10-15 02:03:13,622 [pool-27-thread-1] INFO  storage.RaftStorage (RaftStorage.java:format(84)) - Storage directory /workdir/hadoop-ozone/tools/target/test-dir/MiniOzoneClusterImpl-3fdca94b-2d19-4221-aa5f-89f1e59518ac/datanode-0/data/ratis/7660f524-9fe4-4410-8aa4-4f0897f44f64 has been successfully formatted.
2019-10-15 02:03:13,622 [pool-37-thread-1] INFO  storage.RaftStorage (RaftStorage.java:format(84)) - Storage directory /workdir/hadoop-ozone/tools/target/test-dir/MiniOzoneClusterImpl-3fdca94b-2d19-4221-aa5f-89f1e59518ac/datanode-1/data/ratis/7660f524-9fe4-4410-8aa4-4f0897f44f64 has been successfully formatted.
2019-10-15 02:03:13,623 [pool-47-thread-1] INFO  ratis.ContainerStateMachine (ContainerStateMachine.java:loadSnapshot(233)) - group-4F0897F44F64: The snapshot info is null. Setting the last applied indexto:(t:0, i:~)
2019-10-15 02:03:13,623 [pool-27-thread-1] INFO  ratis.ContainerStateMachine (ContainerStateMachine.java:loadSnapshot(233)) - group-4F0897F44F64: The snapshot info is null. Setting the last applied indexto:(t:0, i:~)
2019-10-15 02:03:13,623 [pool-37-thread-1] INFO  ratis.ContainerStateMachine (ContainerStateMachine.java:loadSnapshot(233)) - group-4F0897F44F64: The snapshot info is null. Setting the last applied indexto:(t:0, i:~)
2019-10-15 02:03:13,623 [pool-47-thread-1] INFO  server.RaftServerConfigKeys (ConfUtils.java:logGet(43)) - raft.server.notification.no-leader.timeout = 120s (custom)
2019-10-15 02:03:13,623 [pool-37-thread-1] INFO  server.RaftServerConfigKeys (ConfUtils.java:logGet(43)) - raft.server.notification.no-leader.timeout = 120s (custom)
2019-10-15 02:03:13,623 [pool-27-thread-1] INFO  server.RaftServerConfigKeys (ConfUtils.java:logGet(43)) - raft.server.notification.no-leader.timeout = 120s (custom)
2019-10-15 02:03:13,624 [pool-37-thread-1] INFO  server.RaftServerConfigKeys (ConfUtils.java:logGet(43)) - raft.server.log.use.memory = false (default)
2019-10-15 02:03:13,624 [pool-47-thread-1] INFO  server.RaftServerConfigKeys (ConfUtils.java:logGet(43)) - raft.server.log.use.memory = false (default)
2019-10-15 02:03:13,624 [pool-37-thread-1] INFO  server.RaftServerConfigKeys (ConfUtils.java:logGet(43)) - raft.server.log.purge.gap = 1000000 (custom)
2019-10-15 02:03:13,624 [pool-27-thread-1] INFO  server.RaftServerConfigKeys (ConfUtils.java:logGet(43)) - raft.server.log.use.memory = false (default)
2019-10-15 02:03:13,624 [pool-37-thread-1] INFO  server.RaftServerConfigKeys (ConfUtils.java:logGet(43)) - raft.server.log.appender.buffer.byte-limit = 33554432 (custom)
2019-10-15 02:03:13,624 [pool-47-thread-1] INFO  server.RaftServerConfigKeys (ConfUtils.java:logGet(43)) - raft.server.log.purge.gap = 1000000 (custom)
2019-10-15 02:03:13,625 [pool-37-thread-1] INFO  server.RaftServerConfigKeys (ConfUtils.java:logGet(43)) - raft.server.log.segment.size.max = 1048576 (custom)
2019-10-15 02:03:13,625 [pool-27-thread-1] INFO  server.RaftServerConfigKeys (ConfUtils.java:logGet(43)) - raft.server.log.purge.gap = 1000000 (custom)
2019-10-15 02:03:13,625 [pool-37-thread-1] INFO  server.RaftServerConfigKeys (ConfUtils.java:logGet(43)) - raft.server.log.segment.cache.num.max = 2 (custom)
2019-10-15 02:03:13,625 [pool-47-thread-1] INFO  server.RaftServerConfigKeys (ConfUtils.java:logGet(43)) - raft.server.log.appender.buffer.byte-limit = 33554432 (custom)
2019-10-15 02:03:13,626 [pool-37-thread-1] INFO  segmented.SegmentedRaftLogWorker (SegmentedRaftLogWorker.java:<init>(173)) - new 1e9e9917-9bd5-40ce-95c0-43bac1b33ed1@group-4F0897F44F64-SegmentedRaftLogWorker for RaftStorage:Storage Directory /workdir/hadoop-ozone/tools/target/test-dir/MiniOzoneClusterImpl-3fdca94b-2d19-4221-aa5f-89f1e59518ac/datanode-1/data/ratis/7660f524-9fe4-4410-8aa4-4f0897f44f64
2019-10-15 02:03:13,625 [pool-27-thread-1] INFO  server.RaftServerConfigKeys (ConfUtils.java:logGet(43)) - raft.server.log.appender.buffer.byte-limit = 33554432 (custom)
2019-10-15 02:03:13,626 [pool-37-thread-1] INFO  server.RaftServerConfigKeys (ConfUtils.java:logGet(43)) - raft.server.log.queue.byte-limit = 2147483647 (custom)
2019-10-15 02:03:13,626 [pool-47-thread-1] INFO  server.RaftServerConfigKeys (ConfUtils.java:logGet(43)) - raft.server.log.segment.size.max = 1048576 (custom)
2019-10-15 02:03:13,626 [pool-37-thread-1] INFO  server.RaftServerConfigKeys (ConfUtils.java:logGet(43)) - raft.server.log.queue.element-limit = 1024 (custom)
2019-10-15 02:03:13,626 [pool-27-thread-1] INFO  server.RaftServerConfigKeys (ConfUtils.java:logGet(43)) - raft.server.log.segment.size.max = 1048576 (custom)
2019-10-15 02:03:13,627 [pool-37-thread-1] INFO  server.RaftServerConfigKeys (ConfUtils.java:logGet(43)) - raft.server.log.segment.size.max = 1048576 (custom)
2019-10-15 02:03:13,627 [pool-47-thread-1] INFO  server.RaftServerConfigKeys (ConfUtils.java:logGet(43)) - raft.server.log.segment.cache.num.max = 2 (custom)
2019-10-15 02:03:13,627 [pool-37-thread-1] INFO  server.RaftServerConfigKeys (ConfUtils.java:logGet(43)) - raft.server.log.preallocated.size = 16384 (custom)
2019-10-15 02:03:13,627 [pool-27-thread-1] INFO  server.RaftServerConfigKeys (ConfUtils.java:logGet(43)) - raft.server.log.segment.cache.num.max = 2 (custom)
2019-10-15 02:03:13,627 [pool-37-thread-1] INFO  server.RaftServerConfigKeys (ConfUtils.java:logGet(43)) - raft.server.log.write.buffer.size = 33554432 (custom)
2019-10-15 02:03:13,627 [pool-47-thread-1] INFO  segmented.SegmentedRaftLogWorker (SegmentedRaftLogWorker.java:<init>(173)) - new 38cb8bf3-4857-46eb-8328-565c1c1e3751@group-4F0897F44F64-SegmentedRaftLogWorker for RaftStorage:Storage Directory /workdir/hadoop-ozone/tools/target/test-dir/MiniOzoneClusterImpl-3fdca94b-2d19-4221-aa5f-89f1e59518ac/datanode-2/data/ratis/7660f524-9fe4-4410-8aa4-4f0897f44f64
2019-10-15 02:03:13,628 [pool-37-thread-1] INFO  server.RaftServerConfigKeys (ConfUtils.java:logGet(43)) - raft.server.log.force.sync.num = 128 (default)
2019-10-15 02:03:13,628 [pool-27-thread-1] INFO  segmented.SegmentedRaftLogWorker (SegmentedRaftLogWorker.java:<init>(173)) - new fe5b8974-0e1b-4298-b2fc-508a8024071e@group-4F0897F44F64-SegmentedRaftLogWorker for RaftStorage:Storage Directory /workdir/hadoop-ozone/tools/target/test-dir/MiniOzoneClusterImpl-3fdca94b-2d19-4221-aa5f-89f1e59518ac/datanode-0/data/ratis/7660f524-9fe4-4410-8aa4-4f0897f44f64
2019-10-15 02:03:13,628 [pool-37-thread-1] INFO  server.RaftServerConfigKeys (ConfUtils.java:logGet(43)) - raft.server.log.statemachine.data.sync = true (default)
2019-10-15 02:03:13,628 [pool-47-thread-1] INFO  server.RaftServerConfigKeys (ConfUtils.java:logGet(43)) - raft.server.log.queue.byte-limit = 2147483647 (custom)
2019-10-15 02:03:13,629 [pool-37-thread-1] INFO  server.RaftServerConfigKeys (ConfUtils.java:logGet(43)) - raft.server.log.statemachine.data.sync.timeout = 10s (default)
2019-10-15 02:03:13,628 [pool-27-thread-1] INFO  server.RaftServerConfigKeys (ConfUtils.java:logGet(43)) - raft.server.log.queue.byte-limit = 2147483647 (custom)
2019-10-15 02:03:13,629 [pool-37-thread-1] INFO  server.RaftServerConfigKeys (ConfUtils.java:logGet(43)) - raft.server.log.statemachine.data.sync.timeout.retry = -1 (default)
2019-10-15 02:03:13,629 [pool-47-thread-1] INFO  server.RaftServerConfigKeys (ConfUtils.java:logGet(43)) - raft.server.log.queue.element-limit = 1024 (custom)
2019-10-15 02:03:13,629 [pool-27-thread-1] INFO  server.RaftServerConfigKeys (ConfUtils.java:logGet(43)) - raft.server.log.queue.element-limit = 1024 (custom)
2019-10-15 02:03:13,630 [pool-37-thread-1] INFO  server.RaftServerConfigKeys (ConfUtils.java:logGet(43)) - raft.server.log.statemachine.data.caching.enabled = true (custom)
2019-10-15 02:03:13,629 [pool-47-thread-1] INFO  server.RaftServerConfigKeys (ConfUtils.java:logGet(43)) - raft.server.log.segment.size.max = 1048576 (custom)
2019-10-15 02:03:13,630 [pool-27-thread-1] INFO  server.RaftServerConfigKeys (ConfUtils.java:logGet(43)) - raft.server.log.segment.size.max = 1048576 (custom)
2019-10-15 02:03:13,630 [pool-47-thread-1] INFO  server.RaftServerConfigKeys (ConfUtils.java:logGet(43)) - raft.server.log.preallocated.size = 16384 (custom)
2019-10-15 02:03:13,630 [pool-27-thread-1] INFO  server.RaftServerConfigKeys (ConfUtils.java:logGet(43)) - raft.server.log.preallocated.size = 16384 (custom)
2019-10-15 02:03:13,630 [pool-37-thread-1] INFO  segmented.SegmentedRaftLogWorker (SegmentedRaftLogWorker.java:lambda$new$0(128)) - 1e9e9917-9bd5-40ce-95c0-43bac1b33ed1@group-4F0897F44F64-SegmentedRaftLogWorker: flushIndex: setUnconditionally 0 -> -1
2019-10-15 02:03:13,630 [pool-27-thread-1] INFO  server.RaftServerConfigKeys (ConfUtils.java:logGet(43)) - raft.server.log.write.buffer.size = 33554432 (custom)
2019-10-15 02:03:13,630 [pool-47-thread-1] INFO  server.RaftServerConfigKeys (ConfUtils.java:logGet(43)) - raft.server.log.write.buffer.size = 33554432 (custom)
2019-10-15 02:03:13,631 [pool-37-thread-1] INFO  server.RaftServerConfigKeys (ConfUtils.java:logGet(43)) - raft.server.snapshot.auto.trigger.enabled = true (custom)
2019-10-15 02:03:13,631 [pool-27-thread-1] INFO  server.RaftServerConfigKeys (ConfUtils.java:logGet(43)) - raft.server.log.force.sync.num = 128 (default)
2019-10-15 02:03:13,631 [pool-37-thread-1] INFO  server.RaftServerConfigKeys (ConfUtils.java:logGet(43)) - raft.server.snapshot.auto.trigger.threshold = 10000 (custom)
2019-10-15 02:03:13,631 [pool-47-thread-1] INFO  server.RaftServerConfigKeys (ConfUtils.java:logGet(43)) - raft.server.log.force.sync.num = 128 (default)
2019-10-15 02:03:13,632 [pool-37-thread-1] INFO  server.RaftServerConfigKeys (ConfUtils.java:logGet(43)) - raft.server.snapshot.retention.file.num = 5 (custom)
2019-10-15 02:03:13,631 [pool-27-thread-1] INFO  server.RaftServerConfigKeys (ConfUtils.java:logGet(43)) - raft.server.log.statemachine.data.sync = true (default)
2019-10-15 02:03:13,632 [pool-37-thread-1] INFO  server.RaftServerConfigKeys (ConfUtils.java:logGet(43)) - raft.server.retrycache.expirytime = 600000ms (custom)
2019-10-15 02:03:13,632 [pool-47-thread-1] INFO  server.RaftServerConfigKeys (ConfUtils.java:logGet(43)) - raft.server.log.statemachine.data.sync = true (default)
2019-10-15 02:03:13,632 [pool-27-thread-1] INFO  server.RaftServerConfigKeys (ConfUtils.java:logGet(43)) - raft.server.log.statemachine.data.sync.timeout = 10s (default)
2019-10-15 02:03:13,632 [pool-47-thread-1] INFO  server.RaftServerConfigKeys (ConfUtils.java:logGet(43)) - raft.server.log.statemachine.data.sync.timeout = 10s (default)
2019-10-15 02:03:13,633 [pool-27-thread-1] INFO  server.RaftServerConfigKeys (ConfUtils.java:logGet(43)) - raft.server.log.statemachine.data.sync.timeout.retry = -1 (default)
2019-10-15 02:03:13,633 [pool-47-thread-1] INFO  server.RaftServerConfigKeys (ConfUtils.java:logGet(43)) - raft.server.log.statemachine.data.sync.timeout.retry = -1 (default)
2019-10-15 02:03:13,633 [pool-27-thread-1] INFO  server.RaftServerConfigKeys (ConfUtils.java:logGet(43)) - raft.server.log.statemachine.data.caching.enabled = true (custom)
2019-10-15 02:03:13,633 [pool-47-thread-1] INFO  server.RaftServerConfigKeys (ConfUtils.java:logGet(43)) - raft.server.log.statemachine.data.caching.enabled = true (custom)
2019-10-15 02:03:13,634 [pool-27-thread-1] INFO  segmented.SegmentedRaftLogWorker (SegmentedRaftLogWorker.java:lambda$new$0(128)) - fe5b8974-0e1b-4298-b2fc-508a8024071e@group-4F0897F44F64-SegmentedRaftLogWorker: flushIndex: setUnconditionally 0 -> -1
2019-10-15 02:03:13,634 [pool-47-thread-1] INFO  segmented.SegmentedRaftLogWorker (SegmentedRaftLogWorker.java:lambda$new$0(128)) - 38cb8bf3-4857-46eb-8328-565c1c1e3751@group-4F0897F44F64-SegmentedRaftLogWorker: flushIndex: setUnconditionally 0 -> -1
2019-10-15 02:03:13,634 [pool-27-thread-1] INFO  server.RaftServerConfigKeys (ConfUtils.java:logGet(43)) - raft.server.snapshot.auto.trigger.enabled = true (custom)
2019-10-15 02:03:13,634 [pool-47-thread-1] INFO  server.RaftServerConfigKeys (ConfUtils.java:logGet(43)) - raft.server.snapshot.auto.trigger.enabled = true (custom)
2019-10-15 02:03:13,634 [pool-27-thread-1] INFO  server.RaftServerConfigKeys (ConfUtils.java:logGet(43)) - raft.server.snapshot.auto.trigger.threshold = 10000 (custom)
2019-10-15 02:03:13,634 [pool-47-thread-1] INFO  server.RaftServerConfigKeys (ConfUtils.java:logGet(43)) - raft.server.snapshot.auto.trigger.threshold = 10000 (custom)
2019-10-15 02:03:13,634 [pool-27-thread-1] INFO  server.RaftServerConfigKeys (ConfUtils.java:logGet(43)) - raft.server.snapshot.retention.file.num = 5 (custom)
2019-10-15 02:03:13,635 [pool-47-thread-1] INFO  server.RaftServerConfigKeys (ConfUtils.java:logGet(43)) - raft.server.snapshot.retention.file.num = 5 (custom)
2019-10-15 02:03:13,635 [pool-27-thread-1] INFO  server.RaftServerConfigKeys (ConfUtils.java:logGet(43)) - raft.server.retrycache.expirytime = 600000ms (custom)
2019-10-15 02:03:13,635 [pool-47-thread-1] INFO  server.RaftServerConfigKeys (ConfUtils.java:logGet(43)) - raft.server.retrycache.expirytime = 600000ms (custom)
2019-10-15 02:03:13,637 [pool-37-thread-1] INFO  impl.RaftServerImpl (RaftServerImpl.java:start(181)) - 1e9e9917-9bd5-40ce-95c0-43bac1b33ed1@group-4F0897F44F64: start as a follower, conf=-1: [1e9e9917-9bd5-40ce-95c0-43bac1b33ed1:192.168.164.218:35271, 38cb8bf3-4857-46eb-8328-565c1c1e3751:192.168.164.218:45890, fe5b8974-0e1b-4298-b2fc-508a8024071e:192.168.164.218:40705], old=null
2019-10-15 02:03:13,637 [pool-37-thread-1] INFO  impl.RaftServerImpl (RaftServerImpl.java:setRole(170)) - 1e9e9917-9bd5-40ce-95c0-43bac1b33ed1@group-4F0897F44F64: changes role from      null to FOLLOWER at term 0 for startAsFollower
2019-10-15 02:03:13,638 [pool-37-thread-1] INFO  impl.RoleInfo (RoleInfo.java:updateAndGet(143)) - 1e9e9917-9bd5-40ce-95c0-43bac1b33ed1: start FollowerState
2019-10-15 02:03:13,638 [pool-37-thread-1] INFO  util.JmxRegister (JmxRegister.java:tryRegister(44)) - Successfully registered JMX Bean with object name Ratis:service=RaftServer,group=group-4F0897F44F64,id=1e9e9917-9bd5-40ce-95c0-43bac1b33ed1
2019-10-15 02:03:13,640 [pool-27-thread-1] INFO  impl.RaftServerImpl (RaftServerImpl.java:start(181)) - fe5b8974-0e1b-4298-b2fc-508a8024071e@group-4F0897F44F64: start as a follower, conf=-1: [1e9e9917-9bd5-40ce-95c0-43bac1b33ed1:192.168.164.218:35271, 38cb8bf3-4857-46eb-8328-565c1c1e3751:192.168.164.218:45890, fe5b8974-0e1b-4298-b2fc-508a8024071e:192.168.164.218:40705], old=null
2019-10-15 02:03:13,640 [pool-27-thread-1] INFO  impl.RaftServerImpl (RaftServerImpl.java:setRole(170)) - fe5b8974-0e1b-4298-b2fc-508a8024071e@group-4F0897F44F64: changes role from      null to FOLLOWER at term 0 for startAsFollower
2019-10-15 02:03:13,640 [pool-47-thread-1] INFO  impl.RaftServerImpl (RaftServerImpl.java:start(181)) - 38cb8bf3-4857-46eb-8328-565c1c1e3751@group-4F0897F44F64: start as a follower, conf=-1: [1e9e9917-9bd5-40ce-95c0-43bac1b33ed1:192.168.164.218:35271, 38cb8bf3-4857-46eb-8328-565c1c1e3751:192.168.164.218:45890, fe5b8974-0e1b-4298-b2fc-508a8024071e:192.168.164.218:40705], old=null
2019-10-15 02:03:13,640 [pool-27-thread-1] INFO  impl.RoleInfo (RoleInfo.java:updateAndGet(143)) - fe5b8974-0e1b-4298-b2fc-508a8024071e: start FollowerState
2019-10-15 02:03:13,640 [pool-47-thread-1] INFO  impl.RaftServerImpl (RaftServerImpl.java:setRole(170)) - 38cb8bf3-4857-46eb-8328-565c1c1e3751@group-4F0897F44F64: changes role from      null to FOLLOWER at term 0 for startAsFollower
2019-10-15 02:03:13,641 [pool-47-thread-1] INFO  impl.RoleInfo (RoleInfo.java:updateAndGet(143)) - 38cb8bf3-4857-46eb-8328-565c1c1e3751: start FollowerState
2019-10-15 02:03:13,641 [pool-27-thread-1] INFO  util.JmxRegister (JmxRegister.java:tryRegister(44)) - Successfully registered JMX Bean with object name Ratis:service=RaftServer,group=group-4F0897F44F64,id=fe5b8974-0e1b-4298-b2fc-508a8024071e
2019-10-15 02:03:13,641 [pool-47-thread-1] INFO  util.JmxRegister (JmxRegister.java:tryRegister(44)) - Successfully registered JMX Bean with object name Ratis:service=RaftServer,group=group-4F0897F44F64,id=38cb8bf3-4857-46eb-8328-565c1c1e3751
2019-10-15 02:03:13,677 [RatisPipelineUtilsThread] INFO  pipeline.PipelineStateManager (PipelineStateManager.java:addPipeline(57)) - Created pipeline Pipeline[ Id: 7660f524-9fe4-4410-8aa4-4f0897f44f64, Nodes: fe5b8974-0e1b-4298-b2fc-508a8024071e{ip: 192.168.164.218, host: pr-hdds-1868-7bj8h-208101609, networkLocation: /default-rack, certSerialId: null}1e9e9917-9bd5-40ce-95c0-43bac1b33ed1{ip: 192.168.164.218, host: pr-hdds-1868-7bj8h-208101609, networkLocation: /default-rack, certSerialId: null}38cb8bf3-4857-46eb-8328-565c1c1e3751{ip: 192.168.164.218, host: pr-hdds-1868-7bj8h-208101609, networkLocation: /default-rack, certSerialId: null}, Type:RATIS, Factor:THREE, State:ALLOCATED]
2019-10-15 02:03:13,680 [main] INFO  ozone.MiniOzoneClusterImpl (MiniOzoneClusterImpl.java:lambda$waitForClusterToBeReady$2(164)) - Waiting for 4 number of pipelines out of 4, to report a leader.
2019-10-15 02:03:14,680 [main] INFO  ozone.MiniOzoneClusterImpl (MiniOzoneClusterImpl.java:lambda$waitForClusterToBeReady$2(164)) - Waiting for 4 number of pipelines out of 4, to report a leader.
2019-10-15 02:03:15,362 [Thread-178] INFO  container.ReplicationManager (ReplicationManager.java:start(162)) - Starting Replication Monitor Thread.
2019-10-15 02:03:15,365 [Thread-178] INFO  pipeline.SCMPipelineManager (SCMPipelineManager.java:finalizeAndDestroyPipeline(315)) - destroying pipeline:Pipeline[ Id: ea28141c-48b5-4588-bc24-6c314fb6b35c, Nodes: 1e9e9917-9bd5-40ce-95c0-43bac1b33ed1{ip: 192.168.164.218, host: pr-hdds-1868-7bj8h-208101609, networkLocation: /default-rack, certSerialId: null}, Type:RATIS, Factor:ONE, State:ALLOCATED]
2019-10-15 02:03:15,366 [ReplicationMonitor] INFO  container.ReplicationManager (ReplicationManager.java:run(225)) - Replication Monitor Thread took 1 milliseconds for processing 0 containers.
2019-10-15 02:03:15,366 [Thread-178] INFO  pipeline.PipelineStateManager (PipelineStateManager.java:finalizePipeline(123)) - Pipeline Pipeline[ Id: ea28141c-48b5-4588-bc24-6c314fb6b35c, Nodes: 1e9e9917-9bd5-40ce-95c0-43bac1b33ed1{ip: 192.168.164.218, host: pr-hdds-1868-7bj8h-208101609, networkLocation: /default-rack, certSerialId: null}, Type:RATIS, Factor:ONE, State:CLOSED] moved to CLOSED state
2019-10-15 02:03:15,399 [grpc-default-executor-2] INFO  impl.RaftServerProxy (RaftServerProxy.java:remove(95)) - 1e9e9917-9bd5-40ce-95c0-43bac1b33ed1: remove  FOLLOWER 1e9e9917-9bd5-40ce-95c0-43bac1b33ed1@group-6C314FB6B35C:t0, leader=null, voted=null, raftlog=1e9e9917-9bd5-40ce-95c0-43bac1b33ed1@group-6C314FB6B35C-SegmentedRaftLog:OPENED:c-1,f-1,i0, conf=-1: [1e9e9917-9bd5-40ce-95c0-43bac1b33ed1:192.168.164.218:35271], old=null RUNNING
2019-10-15 02:03:15,402 [grpc-default-executor-2] INFO  impl.RaftServerImpl (RaftServerImpl.java:lambda$shutdown$3(247)) - 1e9e9917-9bd5-40ce-95c0-43bac1b33ed1@group-6C314FB6B35C: shutdown
2019-10-15 02:03:15,403 [grpc-default-executor-2] INFO  util.JmxRegister (JmxRegister.java:unregister(73)) - Successfully un-registered JMX Bean with object name Ratis:service=RaftServer,group=group-6C314FB6B35C,id=1e9e9917-9bd5-40ce-95c0-43bac1b33ed1
2019-10-15 02:03:15,403 [grpc-default-executor-2] INFO  impl.RoleInfo (RoleInfo.java:shutdownFollowerState(121)) - 1e9e9917-9bd5-40ce-95c0-43bac1b33ed1: shutdown FollowerState
2019-10-15 02:03:15,404 [grpc-default-executor-2] INFO  impl.StateMachineUpdater (StateMachineUpdater.java:stopAndJoin(136)) - 1e9e9917-9bd5-40ce-95c0-43bac1b33ed1@group-6C314FB6B35C-StateMachineUpdater: set stopIndex = -1
2019-10-15 02:03:15,404 [Thread-183] INFO  impl.FollowerState (FollowerState.java:run(117)) - 1e9e9917-9bd5-40ce-95c0-43bac1b33ed1@group-6C314FB6B35C-FollowerState was interrupted: java.lang.InterruptedException: sleep interrupted
2019-10-15 02:03:15,406 [grpc-default-executor-2] INFO  impl.RaftServerImpl (ServerState.java:close(387)) - 1e9e9917-9bd5-40ce-95c0-43bac1b33ed1@group-6C314FB6B35C: closes. applyIndex: -1
2019-10-15 02:03:15,410 [1e9e9917-9bd5-40ce-95c0-43bac1b33ed1@group-6C314FB6B35C-SegmentedRaftLogWorker] INFO  segmented.SegmentedRaftLogWorker (SegmentedRaftLogWorker.java:run(316)) - 1e9e9917-9bd5-40ce-95c0-43bac1b33ed1@group-6C314FB6B35C-SegmentedRaftLogWorker was interrupted, exiting. There are 0 tasks remaining in the queue.
2019-10-15 02:03:15,412 [grpc-default-executor-2] INFO  segmented.SegmentedRaftLogWorker (SegmentedRaftLogWorker.java:close(224)) - 1e9e9917-9bd5-40ce-95c0-43bac1b33ed1@group-6C314FB6B35C-SegmentedRaftLogWorker close()
2019-10-15 02:03:15,431 [Thread-178] INFO  pipeline.PipelineStateManager (PipelineStateManager.java:removePipeline(108)) - Pipeline Pipeline[ Id: ea28141c-48b5-4588-bc24-6c314fb6b35c, Nodes: 1e9e9917-9bd5-40ce-95c0-43bac1b33ed1{ip: 192.168.164.218, host: pr-hdds-1868-7bj8h-208101609, networkLocation: /default-rack, certSerialId: null}, Type:RATIS, Factor:ONE, State:CLOSED] removed from db
2019-10-15 02:03:15,432 [Thread-178] INFO  pipeline.SCMPipelineManager (SCMPipelineManager.java:finalizeAndDestroyPipeline(315)) - destroying pipeline:Pipeline[ Id: 569b8313-a670-48fe-86d1-fd42dd459aaa, Nodes: fe5b8974-0e1b-4298-b2fc-508a8024071e{ip: 192.168.164.218, host: pr-hdds-1868-7bj8h-208101609, networkLocation: /default-rack, certSerialId: null}, Type:RATIS, Factor:ONE, State:ALLOCATED]
2019-10-15 02:03:15,445 [grpc-default-executor-2] INFO  impl.RaftServerProxy (RaftServerProxy.java:addNew(89)) - 1e9e9917-9bd5-40ce-95c0-43bac1b33ed1: addNew group-44863F986B71:[1e9e9917-9bd5-40ce-95c0-43bac1b33ed1:192.168.164.218:35271] returns group-44863F986B71:java.util.concurrent.CompletableFuture@78090df5[Not completed]
2019-10-15 02:03:15,447 [pool-37-thread-1] INFO  impl.RaftServerImpl (RaftServerImpl.java:<init>(95)) - 1e9e9917-9bd5-40ce-95c0-43bac1b33ed1: new RaftServerImpl for group-44863F986B71:[1e9e9917-9bd5-40ce-95c0-43bac1b33ed1:192.168.164.218:35271] with ContainerStateMachine:uninitialized
2019-10-15 02:03:15,447 [pool-37-thread-1] INFO  server.RaftServerConfigKeys (ConfUtils.java:logGet(43)) - raft.server.rpc.timeout.min = 5s (custom)
2019-10-15 02:03:15,448 [pool-37-thread-1] INFO  server.RaftServerConfigKeys (ConfUtils.java:logGet(43)) - raft.server.rpc.timeout.max = 5200ms (custom)
2019-10-15 02:03:15,448 [pool-37-thread-1] INFO  server.RaftServerConfigKeys (ConfUtils.java:logGet(43)) - raft.server.rpcslowness.timeout = 120s (custom)
2019-10-15 02:03:15,448 [pool-37-thread-1] INFO  server.RaftServerConfigKeys (ConfUtils.java:logGet(43)) - raft.server.sleep.deviation.threshold = 300 (default)
2019-10-15 02:03:15,448 [pool-37-thread-1] INFO  server.RaftServerConfigKeys (ConfUtils.java:logGet(43)) - raft.server.log.appender.install.snapshot.enabled = false (custom)
2019-10-15 02:03:15,449 [pool-37-thread-1] INFO  impl.RaftServerImpl (ServerState.java:<init>(103)) - 1e9e9917-9bd5-40ce-95c0-43bac1b33ed1@group-44863F986B71: ConfigurationManager, init=-1: [1e9e9917-9bd5-40ce-95c0-43bac1b33ed1:192.168.164.218:35271], old=null, confs=<EMPTY_MAP>
2019-10-15 02:03:15,449 [pool-37-thread-1] INFO  server.RaftServerConfigKeys (ConfUtils.java:logGet(43)) - raft.server.storage.dir = [/workdir/hadoop-ozone/tools/target/test-dir/MiniOzoneClusterImpl-3fdca94b-2d19-4221-aa5f-89f1e59518ac/datanode-1/data/ratis] (custom)
2019-10-15 02:03:15,449 [pool-37-thread-1] INFO  server.RaftServerConfigKeys (ConfUtils.java:logGet(43)) - raft.server.log.corruption.policy = EXCEPTION (default)
2019-10-15 02:03:15,450 [pool-37-thread-1] INFO  storage.RaftStorageDirectory (RaftStorageDirectory.java:analyzeStorage(246)) - The storage directory /workdir/hadoop-ozone/tools/target/test-dir/MiniOzoneClusterImpl-3fdca94b-2d19-4221-aa5f-89f1e59518ac/datanode-1/data/ratis/9946ae89-e94a-423d-aedf-44863f986b71 does not exist. Creating ...
2019-10-15 02:03:15,473 [pool-37-thread-1] INFO  storage.RaftStorageDirectory (RaftStorageDirectory.java:tryLock(328)) - Lock on /workdir/hadoop-ozone/tools/target/test-dir/MiniOzoneClusterImpl-3fdca94b-2d19-4221-aa5f-89f1e59518ac/datanode-1/data/ratis/9946ae89-e94a-423d-aedf-44863f986b71/in_use.lock acquired by nodename 30131@pr-hdds-1868-7bj8h-208101609
2019-10-15 02:03:15,497 [pool-37-thread-1] INFO  storage.RaftStorage (RaftStorage.java:format(84)) - Storage directory /workdir/hadoop-ozone/tools/target/test-dir/MiniOzoneClusterImpl-3fdca94b-2d19-4221-aa5f-89f1e59518ac/datanode-1/data/ratis/9946ae89-e94a-423d-aedf-44863f986b71 has been successfully formatted.
2019-10-15 02:03:15,497 [pool-37-thread-1] INFO  ratis.ContainerStateMachine (ContainerStateMachine.java:loadSnapshot(233)) - group-44863F986B71: The snapshot info is null. Setting the last applied indexto:(t:0, i:~)
2019-10-15 02:03:15,498 [pool-37-thread-1] INFO  server.RaftServerConfigKeys (ConfUtils.java:logGet(43)) - raft.server.notification.no-leader.timeout = 120s (custom)
2019-10-15 02:03:15,498 [pool-37-thread-1] INFO  server.RaftServerConfigKeys (ConfUtils.java:logGet(43)) - raft.server.log.use.memory = false (default)
2019-10-15 02:03:15,498 [pool-37-thread-1] INFO  server.RaftServerConfigKeys (ConfUtils.java:logGet(43)) - raft.server.log.purge.gap = 1000000 (custom)
2019-10-15 02:03:15,498 [pool-37-thread-1] INFO  server.RaftServerConfigKeys (ConfUtils.java:logGet(43)) - raft.server.log.appender.buffer.byte-limit = 33554432 (custom)
2019-10-15 02:03:15,498 [pool-37-thread-1] INFO  server.RaftServerConfigKeys (ConfUtils.java:logGet(43)) - raft.server.log.segment.size.max = 1048576 (custom)
2019-10-15 02:03:15,499 [pool-37-thread-1] INFO  server.RaftServerConfigKeys (ConfUtils.java:logGet(43)) - raft.server.log.segment.cache.num.max = 2 (custom)
2019-10-15 02:03:15,499 [pool-37-thread-1] INFO  segmented.SegmentedRaftLogWorker (SegmentedRaftLogWorker.java:<init>(173)) - new 1e9e9917-9bd5-40ce-95c0-43bac1b33ed1@group-44863F986B71-SegmentedRaftLogWorker for RaftStorage:Storage Directory /workdir/hadoop-ozone/tools/target/test-dir/MiniOzoneClusterImpl-3fdca94b-2d19-4221-aa5f-89f1e59518ac/datanode-1/data/ratis/9946ae89-e94a-423d-aedf-44863f986b71
2019-10-15 02:03:15,499 [pool-37-thread-1] INFO  server.RaftServerConfigKeys (ConfUtils.java:logGet(43)) - raft.server.log.queue.byte-limit = 2147483647 (custom)
2019-10-15 02:03:15,499 [pool-37-thread-1] INFO  server.RaftServerConfigKeys (ConfUtils.java:logGet(43)) - raft.server.log.queue.element-limit = 1024 (custom)
2019-10-15 02:03:15,499 [pool-37-thread-1] INFO  server.RaftServerConfigKeys (ConfUtils.java:logGet(43)) - raft.server.log.segment.size.max = 1048576 (custom)
2019-10-15 02:03:15,499 [pool-37-thread-1] INFO  server.RaftServerConfigKeys (ConfUtils.java:logGet(43)) - raft.server.log.preallocated.size = 16384 (custom)
2019-10-15 02:03:15,500 [pool-37-thread-1] INFO  server.RaftServerConfigKeys (ConfUtils.java:logGet(43)) - raft.server.log.write.buffer.size = 33554432 (custom)
2019-10-15 02:03:15,500 [pool-37-thread-1] INFO  server.RaftServerConfigKeys (ConfUtils.java:logGet(43)) - raft.server.log.force.sync.num = 128 (default)
2019-10-15 02:03:15,500 [pool-37-thread-1] INFO  server.RaftServerConfigKeys (ConfUtils.java:logGet(43)) - raft.server.log.statemachine.data.sync = true (default)
2019-10-15 02:03:15,500 [pool-37-thread-1] INFO  server.RaftServerConfigKeys (ConfUtils.java:logGet(43)) - raft.server.log.statemachine.data.sync.timeout = 10s (default)
2019-10-15 02:03:15,500 [pool-37-thread-1] INFO  server.RaftServerConfigKeys (ConfUtils.java:logGet(43)) - raft.server.log.statemachine.data.sync.timeout.retry = -1 (default)
2019-10-15 02:03:15,501 [pool-37-thread-1] INFO  server.RaftServerConfigKeys (ConfUtils.java:logGet(43)) - raft.server.log.statemachine.data.caching.enabled = true (custom)
2019-10-15 02:03:15,501 [pool-37-thread-1] INFO  segmented.SegmentedRaftLogWorker (SegmentedRaftLogWorker.java:lambda$new$0(128)) - 1e9e9917-9bd5-40ce-95c0-43bac1b33ed1@group-44863F986B71-SegmentedRaftLogWorker: flushIndex: setUnconditionally 0 -> -1
2019-10-15 02:03:15,501 [pool-37-thread-1] INFO  server.RaftServerConfigKeys (ConfUtils.java:logGet(43)) - raft.server.snapshot.auto.trigger.enabled = true (custom)
2019-10-15 02:03:15,502 [pool-37-thread-1] INFO  server.RaftServerConfigKeys (ConfUtils.java:logGet(43)) - raft.server.snapshot.auto.trigger.threshold = 10000 (custom)
2019-10-15 02:03:15,502 [pool-37-thread-1] INFO  server.RaftServerConfigKeys (ConfUtils.java:logGet(43)) - raft.server.snapshot.retention.file.num = 5 (custom)
2019-10-15 02:03:15,502 [pool-37-thread-1] INFO  server.RaftServerConfigKeys (ConfUtils.java:logGet(43)) - raft.server.retrycache.expirytime = 600000ms (custom)
2019-10-15 02:03:15,506 [pool-37-thread-1] INFO  impl.RaftServerImpl (RaftServerImpl.java:start(181)) - 1e9e9917-9bd5-40ce-95c0-43bac1b33ed1@group-44863F986B71: start as a follower, conf=-1: [1e9e9917-9bd5-40ce-95c0-43bac1b33ed1:192.168.164.218:35271], old=null
2019-10-15 02:03:15,506 [pool-37-thread-1] INFO  impl.RaftServerImpl (RaftServerImpl.java:setRole(170)) - 1e9e9917-9bd5-40ce-95c0-43bac1b33ed1@group-44863F986B71: changes role from      null to FOLLOWER at term 0 for startAsFollower
2019-10-15 02:03:15,506 [pool-37-thread-1] INFO  impl.RoleInfo (RoleInfo.java:updateAndGet(143)) - 1e9e9917-9bd5-40ce-95c0-43bac1b33ed1: start FollowerState
2019-10-15 02:03:15,507 [pool-37-thread-1] INFO  util.JmxRegister (JmxRegister.java:tryRegister(44)) - Successfully registered JMX Bean with object name Ratis:service=RaftServer,group=group-44863F986B71,id=1e9e9917-9bd5-40ce-95c0-43bac1b33ed1
2019-10-15 02:03:15,519 [RatisPipelineUtilsThread] INFO  pipeline.PipelineStateManager (PipelineStateManager.java:addPipeline(57)) - Created pipeline Pipeline[ Id: 9946ae89-e94a-423d-aedf-44863f986b71, Nodes: 1e9e9917-9bd5-40ce-95c0-43bac1b33ed1{ip: 192.168.164.218, host: pr-hdds-1868-7bj8h-208101609, networkLocation: /default-rack, certSerialId: null}, Type:RATIS, Factor:ONE, State:ALLOCATED]
2019-10-15 02:03:15,520 [Thread-178] INFO  pipeline.PipelineStateManager (PipelineStateManager.java:finalizePipeline(123)) - Pipeline Pipeline[ Id: 569b8313-a670-48fe-86d1-fd42dd459aaa, Nodes: fe5b8974-0e1b-4298-b2fc-508a8024071e{ip: 192.168.164.218, host: pr-hdds-1868-7bj8h-208101609, networkLocation: /default-rack, certSerialId: null}, Type:RATIS, Factor:ONE, State:CLOSED] moved to CLOSED state
2019-10-15 02:03:15,533 [grpc-default-executor-2] INFO  impl.RaftServerProxy (RaftServerProxy.java:remove(95)) - fe5b8974-0e1b-4298-b2fc-508a8024071e: remove  FOLLOWER fe5b8974-0e1b-4298-b2fc-508a8024071e@group-FD42DD459AAA:t0, leader=null, voted=null, raftlog=fe5b8974-0e1b-4298-b2fc-508a8024071e@group-FD42DD459AAA-SegmentedRaftLog:OPENED:c-1,f-1,i0, conf=-1: [fe5b8974-0e1b-4298-b2fc-508a8024071e:192.168.164.218:40705], old=null RUNNING
2019-10-15 02:03:15,534 [grpc-default-executor-2] INFO  impl.RaftServerImpl (RaftServerImpl.java:lambda$shutdown$3(247)) - fe5b8974-0e1b-4298-b2fc-508a8024071e@group-FD42DD459AAA: shutdown
2019-10-15 02:03:15,534 [grpc-default-executor-2] INFO  util.JmxRegister (JmxRegister.java:unregister(73)) - Successfully un-registered JMX Bean with object name Ratis:service=RaftServer,group=group-FD42DD459AAA,id=fe5b8974-0e1b-4298-b2fc-508a8024071e
2019-10-15 02:03:15,534 [grpc-default-executor-2] INFO  impl.RoleInfo (RoleInfo.java:shutdownFollowerState(121)) - fe5b8974-0e1b-4298-b2fc-508a8024071e: shutdown FollowerState
2019-10-15 02:03:15,534 [grpc-default-executor-2] INFO  impl.StateMachineUpdater (StateMachineUpdater.java:stopAndJoin(136)) - fe5b8974-0e1b-4298-b2fc-508a8024071e@group-FD42DD459AAA-StateMachineUpdater: set stopIndex = -1
2019-10-15 02:03:15,534 [Thread-180] INFO  impl.FollowerState (FollowerState.java:run(117)) - fe5b8974-0e1b-4298-b2fc-508a8024071e@group-FD42DD459AAA-FollowerState was interrupted: java.lang.InterruptedException: sleep interrupted
2019-10-15 02:03:15,537 [grpc-default-executor-2] INFO  impl.RaftServerImpl (ServerState.java:close(387)) - fe5b8974-0e1b-4298-b2fc-508a8024071e@group-FD42DD459AAA: closes. applyIndex: -1
2019-10-15 02:03:15,538 [fe5b8974-0e1b-4298-b2fc-508a8024071e@group-FD42DD459AAA-SegmentedRaftLogWorker] INFO  segmented.SegmentedRaftLogWorker (SegmentedRaftLogWorker.java:run(316)) - fe5b8974-0e1b-4298-b2fc-508a8024071e@group-FD42DD459AAA-SegmentedRaftLogWorker was interrupted, exiting. There are 0 tasks remaining in the queue.
2019-10-15 02:03:15,539 [grpc-default-executor-2] INFO  segmented.SegmentedRaftLogWorker (SegmentedRaftLogWorker.java:close(224)) - fe5b8974-0e1b-4298-b2fc-508a8024071e@group-FD42DD459AAA-SegmentedRaftLogWorker close()
2019-10-15 02:03:15,550 [Thread-178] INFO  pipeline.PipelineStateManager (PipelineStateManager.java:removePipeline(108)) - Pipeline Pipeline[ Id: 569b8313-a670-48fe-86d1-fd42dd459aaa, Nodes: fe5b8974-0e1b-4298-b2fc-508a8024071e{ip: 192.168.164.218, host: pr-hdds-1868-7bj8h-208101609, networkLocation: /default-rack, certSerialId: null}, Type:RATIS, Factor:ONE, State:CLOSED] removed from db
2019-10-15 02:03:15,550 [Thread-178] INFO  pipeline.SCMPipelineManager (SCMPipelineManager.java:finalizeAndDestroyPipeline(315)) - destroying pipeline:Pipeline[ Id: bdf6913e-f018-446f-a896-43eed7db1ab0, Nodes: 38cb8bf3-4857-46eb-8328-565c1c1e3751{ip: 192.168.164.218, host: pr-hdds-1868-7bj8h-208101609, networkLocation: /default-rack, certSerialId: null}, Type:RATIS, Factor:ONE, State:ALLOCATED]
2019-10-15 02:03:15,562 [grpc-default-executor-2] INFO  impl.RaftServerProxy (RaftServerProxy.java:addNew(89)) - fe5b8974-0e1b-4298-b2fc-508a8024071e: addNew group-E91D8A6FB22A:[fe5b8974-0e1b-4298-b2fc-508a8024071e:192.168.164.218:40705] returns group-E91D8A6FB22A:java.util.concurrent.CompletableFuture@207e7557[Not completed]
2019-10-15 02:03:15,563 [pool-27-thread-1] INFO  impl.RaftServerImpl (RaftServerImpl.java:<init>(95)) - fe5b8974-0e1b-4298-b2fc-508a8024071e: new RaftServerImpl for group-E91D8A6FB22A:[fe5b8974-0e1b-4298-b2fc-508a8024071e:192.168.164.218:40705] with ContainerStateMachine:uninitialized
2019-10-15 02:03:15,564 [pool-27-thread-1] INFO  server.RaftServerConfigKeys (ConfUtils.java:logGet(43)) - raft.server.rpc.timeout.min = 5s (custom)
2019-10-15 02:03:15,564 [pool-27-thread-1] INFO  server.RaftServerConfigKeys (ConfUtils.java:logGet(43)) - raft.server.rpc.timeout.max = 5200ms (custom)
2019-10-15 02:03:15,564 [pool-27-thread-1] INFO  server.RaftServerConfigKeys (ConfUtils.java:logGet(43)) - raft.server.rpcslowness.timeout = 120s (custom)
2019-10-15 02:03:15,564 [pool-27-thread-1] INFO  server.RaftServerConfigKeys (ConfUtils.java:logGet(43)) - raft.server.sleep.deviation.threshold = 300 (default)
2019-10-15 02:03:15,564 [pool-27-thread-1] INFO  server.RaftServerConfigKeys (ConfUtils.java:logGet(43)) - raft.server.log.appender.install.snapshot.enabled = false (custom)
2019-10-15 02:03:15,564 [pool-27-thread-1] INFO  impl.RaftServerImpl (ServerState.java:<init>(103)) - fe5b8974-0e1b-4298-b2fc-508a8024071e@group-E91D8A6FB22A: ConfigurationManager, init=-1: [fe5b8974-0e1b-4298-b2fc-508a8024071e:192.168.164.218:40705], old=null, confs=<EMPTY_MAP>
2019-10-15 02:03:15,564 [pool-27-thread-1] INFO  server.RaftServerConfigKeys (ConfUtils.java:logGet(43)) - raft.server.storage.dir = [/workdir/hadoop-ozone/tools/target/test-dir/MiniOzoneClusterImpl-3fdca94b-2d19-4221-aa5f-89f1e59518ac/datanode-0/data/ratis] (custom)
2019-10-15 02:03:15,565 [pool-27-thread-1] INFO  server.RaftServerConfigKeys (ConfUtils.java:logGet(43)) - raft.server.log.corruption.policy = EXCEPTION (default)
2019-10-15 02:03:15,565 [pool-27-thread-1] INFO  storage.RaftStorageDirectory (RaftStorageDirectory.java:analyzeStorage(246)) - The storage directory /workdir/hadoop-ozone/tools/target/test-dir/MiniOzoneClusterImpl-3fdca94b-2d19-4221-aa5f-89f1e59518ac/datanode-0/data/ratis/f02dde49-2ff6-46c9-a3c9-e91d8a6fb22a does not exist. Creating ...
2019-10-15 02:03:15,587 [pool-27-thread-1] INFO  storage.RaftStorageDirectory (RaftStorageDirectory.java:tryLock(328)) - Lock on /workdir/hadoop-ozone/tools/target/test-dir/MiniOzoneClusterImpl-3fdca94b-2d19-4221-aa5f-89f1e59518ac/datanode-0/data/ratis/f02dde49-2ff6-46c9-a3c9-e91d8a6fb22a/in_use.lock acquired by nodename 30131@pr-hdds-1868-7bj8h-208101609
2019-10-15 02:03:15,610 [pool-27-thread-1] INFO  storage.RaftStorage (RaftStorage.java:format(84)) - Storage directory /workdir/hadoop-ozone/tools/target/test-dir/MiniOzoneClusterImpl-3fdca94b-2d19-4221-aa5f-89f1e59518ac/datanode-0/data/ratis/f02dde49-2ff6-46c9-a3c9-e91d8a6fb22a has been successfully formatted.
2019-10-15 02:03:15,611 [pool-27-thread-1] INFO  ratis.ContainerStateMachine (ContainerStateMachine.java:loadSnapshot(233)) - group-E91D8A6FB22A: The snapshot info is null. Setting the last applied indexto:(t:0, i:~)
2019-10-15 02:03:15,612 [pool-27-thread-1] INFO  server.RaftServerConfigKeys (ConfUtils.java:logGet(43)) - raft.server.notification.no-leader.timeout = 120s (custom)
2019-10-15 02:03:15,612 [pool-27-thread-1] INFO  server.RaftServerConfigKeys (ConfUtils.java:logGet(43)) - raft.server.log.use.memory = false (default)
2019-10-15 02:03:15,612 [pool-27-thread-1] INFO  server.RaftServerConfigKeys (ConfUtils.java:logGet(43)) - raft.server.log.purge.gap = 1000000 (custom)
2019-10-15 02:03:15,613 [pool-27-thread-1] INFO  server.RaftServerConfigKeys (ConfUtils.java:logGet(43)) - raft.server.log.appender.buffer.byte-limit = 33554432 (custom)
2019-10-15 02:03:15,613 [pool-27-thread-1] INFO  server.RaftServerConfigKeys (ConfUtils.java:logGet(43)) - raft.server.log.segment.size.max = 1048576 (custom)
2019-10-15 02:03:15,613 [pool-27-thread-1] INFO  server.RaftServerConfigKeys (ConfUtils.java:logGet(43)) - raft.server.log.segment.cache.num.max = 2 (custom)
2019-10-15 02:03:15,614 [pool-27-thread-1] INFO  segmented.SegmentedRaftLogWorker (SegmentedRaftLogWorker.java:<init>(173)) - new fe5b8974-0e1b-4298-b2fc-508a8024071e@group-E91D8A6FB22A-SegmentedRaftLogWorker for RaftStorage:Storage Directory /workdir/hadoop-ozone/tools/target/test-dir/MiniOzoneClusterImpl-3fdca94b-2d19-4221-aa5f-89f1e59518ac/datanode-0/data/ratis/f02dde49-2ff6-46c9-a3c9-e91d8a6fb22a
2019-10-15 02:03:15,614 [pool-27-thread-1] INFO  server.RaftServerConfigKeys (ConfUtils.java:logGet(43)) - raft.server.log.queue.byte-limit = 2147483647 (custom)
2019-10-15 02:03:15,614 [pool-27-thread-1] INFO  server.RaftServerConfigKeys (ConfUtils.java:logGet(43)) - raft.server.log.queue.element-limit = 1024 (custom)
2019-10-15 02:03:15,614 [pool-27-thread-1] INFO  server.RaftServerConfigKeys (ConfUtils.java:logGet(43)) - raft.server.log.segment.size.max = 1048576 (custom)
2019-10-15 02:03:15,615 [pool-27-thread-1] INFO  server.RaftServerConfigKeys (ConfUtils.java:logGet(43)) - raft.server.log.preallocated.size = 16384 (custom)
2019-10-15 02:03:15,615 [pool-27-thread-1] INFO  server.RaftServerConfigKeys (ConfUtils.java:logGet(43)) - raft.server.log.write.buffer.size = 33554432 (custom)
2019-10-15 02:03:15,615 [pool-27-thread-1] INFO  server.RaftServerConfigKeys (ConfUtils.java:logGet(43)) - raft.server.log.force.sync.num = 128 (default)
2019-10-15 02:03:15,616 [pool-27-thread-1] INFO  server.RaftServerConfigKeys (ConfUtils.java:logGet(43)) - raft.server.log.statemachine.data.sync = true (default)
2019-10-15 02:03:15,616 [pool-27-thread-1] INFO  server.RaftServerConfigKeys (ConfUtils.java:logGet(43)) - raft.server.log.statemachine.data.sync.timeout = 10s (default)
2019-10-15 02:03:15,616 [pool-27-thread-1] INFO  server.RaftServerConfigKeys (ConfUtils.java:logGet(43)) - raft.server.log.statemachine.data.sync.timeout.retry = -1 (default)
2019-10-15 02:03:15,617 [pool-27-thread-1] INFO  server.RaftServerConfigKeys (ConfUtils.java:logGet(43)) - raft.server.log.statemachine.data.caching.enabled = true (custom)
2019-10-15 02:03:15,617 [pool-27-thread-1] INFO  segmented.SegmentedRaftLogWorker (SegmentedRaftLogWorker.java:lambda$new$0(128)) - fe5b8974-0e1b-4298-b2fc-508a8024071e@group-E91D8A6FB22A-SegmentedRaftLogWorker: flushIndex: setUnconditionally 0 -> -1
2019-10-15 02:03:15,618 [pool-27-thread-1] INFO  server.RaftServerConfigKeys (ConfUtils.java:logGet(43)) - raft.server.snapshot.auto.trigger.enabled = true (custom)
2019-10-15 02:03:15,618 [pool-27-thread-1] INFO  server.RaftServerConfigKeys (ConfUtils.java:logGet(43)) - raft.server.snapshot.auto.trigger.threshold = 10000 (custom)
2019-10-15 02:03:15,619 [pool-27-thread-1] INFO  server.RaftServerConfigKeys (ConfUtils.java:logGet(43)) - raft.server.snapshot.retention.file.num = 5 (custom)
2019-10-15 02:03:15,619 [pool-27-thread-1] INFO  server.RaftServerConfigKeys (ConfUtils.java:logGet(43)) - raft.server.retrycache.expirytime = 600000ms (custom)
2019-10-15 02:03:15,624 [pool-27-thread-1] INFO  impl.RaftServerImpl (RaftServerImpl.java:start(181)) - fe5b8974-0e1b-4298-b2fc-508a8024071e@group-E91D8A6FB22A: start as a follower, conf=-1: [fe5b8974-0e1b-4298-b2fc-508a8024071e:192.168.164.218:40705], old=null
2019-10-15 02:03:15,624 [pool-27-thread-1] INFO  impl.RaftServerImpl (RaftServerImpl.java:setRole(170)) - fe5b8974-0e1b-4298-b2fc-508a8024071e@group-E91D8A6FB22A: changes role from      null to FOLLOWER at term 0 for startAsFollower
2019-10-15 02:03:15,625 [pool-27-thread-1] INFO  impl.RoleInfo (RoleInfo.java:updateAndGet(143)) - fe5b8974-0e1b-4298-b2fc-508a8024071e: start FollowerState
2019-10-15 02:03:15,625 [pool-27-thread-1] INFO  util.JmxRegister (JmxRegister.java:tryRegister(44)) - Successfully registered JMX Bean with object name Ratis:service=RaftServer,group=group-E91D8A6FB22A,id=fe5b8974-0e1b-4298-b2fc-508a8024071e
2019-10-15 02:03:15,643 [RatisPipelineUtilsThread] INFO  pipeline.PipelineStateManager (PipelineStateManager.java:addPipeline(57)) - Created pipeline Pipeline[ Id: f02dde49-2ff6-46c9-a3c9-e91d8a6fb22a, Nodes: fe5b8974-0e1b-4298-b2fc-508a8024071e{ip: 192.168.164.218, host: pr-hdds-1868-7bj8h-208101609, networkLocation: /default-rack, certSerialId: null}, Type:RATIS, Factor:ONE, State:ALLOCATED]
2019-10-15 02:03:15,646 [Thread-178] INFO  pipeline.PipelineStateManager (PipelineStateManager.java:finalizePipeline(123)) - Pipeline Pipeline[ Id: bdf6913e-f018-446f-a896-43eed7db1ab0, Nodes: 38cb8bf3-4857-46eb-8328-565c1c1e3751{ip: 192.168.164.218, host: pr-hdds-1868-7bj8h-208101609, networkLocation: /default-rack, certSerialId: null}, Type:RATIS, Factor:ONE, State:CLOSED] moved to CLOSED state
2019-10-15 02:03:15,662 [grpc-default-executor-2] INFO  impl.RaftServerProxy (RaftServerProxy.java:remove(95)) - 38cb8bf3-4857-46eb-8328-565c1c1e3751: remove  FOLLOWER 38cb8bf3-4857-46eb-8328-565c1c1e3751@group-43EED7DB1AB0:t0, leader=null, voted=null, raftlog=38cb8bf3-4857-46eb-8328-565c1c1e3751@group-43EED7DB1AB0-SegmentedRaftLog:OPENED:c-1,f-1,i0, conf=-1: [38cb8bf3-4857-46eb-8328-565c1c1e3751:192.168.164.218:45890], old=null RUNNING
2019-10-15 02:03:15,662 [grpc-default-executor-2] INFO  impl.RaftServerImpl (RaftServerImpl.java:lambda$shutdown$3(247)) - 38cb8bf3-4857-46eb-8328-565c1c1e3751@group-43EED7DB1AB0: shutdown
2019-10-15 02:03:15,662 [grpc-default-executor-2] INFO  util.JmxRegister (JmxRegister.java:unregister(73)) - Successfully un-registered JMX Bean with object name Ratis:service=RaftServer,group=group-43EED7DB1AB0,id=38cb8bf3-4857-46eb-8328-565c1c1e3751
2019-10-15 02:03:15,663 [grpc-default-executor-2] INFO  impl.RoleInfo (RoleInfo.java:shutdownFollowerState(121)) - 38cb8bf3-4857-46eb-8328-565c1c1e3751: shutdown FollowerState
2019-10-15 02:03:15,663 [grpc-default-executor-2] INFO  impl.StateMachineUpdater (StateMachineUpdater.java:stopAndJoin(136)) - 38cb8bf3-4857-46eb-8328-565c1c1e3751@group-43EED7DB1AB0-StateMachineUpdater: set stopIndex = -1
2019-10-15 02:03:15,663 [Thread-186] INFO  impl.FollowerState (FollowerState.java:run(117)) - 38cb8bf3-4857-46eb-8328-565c1c1e3751@group-43EED7DB1AB0-FollowerState was interrupted: java.lang.InterruptedException: sleep interrupted
2019-10-15 02:03:15,664 [grpc-default-executor-2] INFO  impl.RaftServerImpl (ServerState.java:close(387)) - 38cb8bf3-4857-46eb-8328-565c1c1e3751@group-43EED7DB1AB0: closes. applyIndex: -1
2019-10-15 02:03:15,666 [38cb8bf3-4857-46eb-8328-565c1c1e3751@group-43EED7DB1AB0-SegmentedRaftLogWorker] INFO  segmented.SegmentedRaftLogWorker (SegmentedRaftLogWorker.java:run(316)) - 38cb8bf3-4857-46eb-8328-565c1c1e3751@group-43EED7DB1AB0-SegmentedRaftLogWorker was interrupted, exiting. There are 0 tasks remaining in the queue.
2019-10-15 02:03:15,666 [grpc-default-executor-2] INFO  segmented.SegmentedRaftLogWorker (SegmentedRaftLogWorker.java:close(224)) - 38cb8bf3-4857-46eb-8328-565c1c1e3751@group-43EED7DB1AB0-SegmentedRaftLogWorker close()
2019-10-15 02:03:15,677 [Thread-178] INFO  pipeline.PipelineStateManager (PipelineStateManager.java:removePipeline(108)) - Pipeline Pipeline[ Id: bdf6913e-f018-446f-a896-43eed7db1ab0, Nodes: 38cb8bf3-4857-46eb-8328-565c1c1e3751{ip: 192.168.164.218, host: pr-hdds-1868-7bj8h-208101609, networkLocation: /default-rack, certSerialId: null}, Type:RATIS, Factor:ONE, State:CLOSED] removed from db
2019-10-15 02:03:15,677 [Thread-178] INFO  pipeline.SCMPipelineManager (SCMPipelineManager.java:finalizeAndDestroyPipeline(315)) - destroying pipeline:Pipeline[ Id: 7660f524-9fe4-4410-8aa4-4f0897f44f64, Nodes: fe5b8974-0e1b-4298-b2fc-508a8024071e{ip: 192.168.164.218, host: pr-hdds-1868-7bj8h-208101609, networkLocation: /default-rack, certSerialId: null}1e9e9917-9bd5-40ce-95c0-43bac1b33ed1{ip: 192.168.164.218, host: pr-hdds-1868-7bj8h-208101609, networkLocation: /default-rack, certSerialId: null}38cb8bf3-4857-46eb-8328-565c1c1e3751{ip: 192.168.164.218, host: pr-hdds-1868-7bj8h-208101609, networkLocation: /default-rack, certSerialId: null}, Type:RATIS, Factor:THREE, State:ALLOCATED]
2019-10-15 02:03:15,691 [grpc-default-executor-2] INFO  impl.RaftServerProxy (RaftServerProxy.java:addNew(89)) - 38cb8bf3-4857-46eb-8328-565c1c1e3751: addNew group-FF77DFE8C463:[38cb8bf3-4857-46eb-8328-565c1c1e3751:192.168.164.218:45890] returns group-FF77DFE8C463:java.util.concurrent.CompletableFuture@41f0947f[Not completed]
2019-10-15 02:03:15,692 [pool-47-thread-1] INFO  impl.RaftServerImpl (RaftServerImpl.java:<init>(95)) - 38cb8bf3-4857-46eb-8328-565c1c1e3751: new RaftServerImpl for group-FF77DFE8C463:[38cb8bf3-4857-46eb-8328-565c1c1e3751:192.168.164.218:45890] with ContainerStateMachine:uninitialized
2019-10-15 02:03:15,693 [pool-47-thread-1] INFO  server.RaftServerConfigKeys (ConfUtils.java:logGet(43)) - raft.server.rpc.timeout.min = 5s (custom)
2019-10-15 02:03:15,693 [pool-47-thread-1] INFO  server.RaftServerConfigKeys (ConfUtils.java:logGet(43)) - raft.server.rpc.timeout.max = 5200ms (custom)
2019-10-15 02:03:15,693 [pool-47-thread-1] INFO  server.RaftServerConfigKeys (ConfUtils.java:logGet(43)) - raft.server.rpcslowness.timeout = 120s (custom)
2019-10-15 02:03:15,694 [pool-47-thread-1] INFO  server.RaftServerConfigKeys (ConfUtils.java:logGet(43)) - raft.server.sleep.deviation.threshold = 300 (default)
2019-10-15 02:03:15,694 [pool-47-thread-1] INFO  server.RaftServerConfigKeys (ConfUtils.java:logGet(43)) - raft.server.log.appender.install.snapshot.enabled = false (custom)
2019-10-15 02:03:15,694 [pool-47-thread-1] INFO  impl.RaftServerImpl (ServerState.java:<init>(103)) - 38cb8bf3-4857-46eb-8328-565c1c1e3751@group-FF77DFE8C463: ConfigurationManager, init=-1: [38cb8bf3-4857-46eb-8328-565c1c1e3751:192.168.164.218:45890], old=null, confs=<EMPTY_MAP>
2019-10-15 02:03:15,694 [pool-47-thread-1] INFO  server.RaftServerConfigKeys (ConfUtils.java:logGet(43)) - raft.server.storage.dir = [/workdir/hadoop-ozone/tools/target/test-dir/MiniOzoneClusterImpl-3fdca94b-2d19-4221-aa5f-89f1e59518ac/datanode-2/data/ratis] (custom)
2019-10-15 02:03:15,694 [pool-47-thread-1] INFO  server.RaftServerConfigKeys (ConfUtils.java:logGet(43)) - raft.server.log.corruption.policy = EXCEPTION (default)
2019-10-15 02:03:15,695 [pool-47-thread-1] INFO  storage.RaftStorageDirectory (RaftStorageDirectory.java:analyzeStorage(246)) - The storage directory /workdir/hadoop-ozone/tools/target/test-dir/MiniOzoneClusterImpl-3fdca94b-2d19-4221-aa5f-89f1e59518ac/datanode-2/data/ratis/b77124a7-14f6-4b03-8334-ff77dfe8c463 does not exist. Creating ...
2019-10-15 02:03:15,717 [pool-47-thread-1] INFO  storage.RaftStorageDirectory (RaftStorageDirectory.java:tryLock(328)) - Lock on /workdir/hadoop-ozone/tools/target/test-dir/MiniOzoneClusterImpl-3fdca94b-2d19-4221-aa5f-89f1e59518ac/datanode-2/data/ratis/b77124a7-14f6-4b03-8334-ff77dfe8c463/in_use.lock acquired by nodename 30131@pr-hdds-1868-7bj8h-208101609
2019-10-15 02:03:15,741 [pool-47-thread-1] INFO  storage.RaftStorage (RaftStorage.java:format(84)) - Storage directory /workdir/hadoop-ozone/tools/target/test-dir/MiniOzoneClusterImpl-3fdca94b-2d19-4221-aa5f-89f1e59518ac/datanode-2/data/ratis/b77124a7-14f6-4b03-8334-ff77dfe8c463 has been successfully formatted.
2019-10-15 02:03:15,741 [pool-47-thread-1] INFO  ratis.ContainerStateMachine (ContainerStateMachine.java:loadSnapshot(233)) - group-FF77DFE8C463: The snapshot info is null. Setting the last applied indexto:(t:0, i:~)
2019-10-15 02:03:15,742 [pool-47-thread-1] INFO  server.RaftServerConfigKeys (ConfUtils.java:logGet(43)) - raft.server.notification.no-leader.timeout = 120s (custom)
2019-10-15 02:03:15,742 [pool-47-thread-1] INFO  server.RaftServerConfigKeys (ConfUtils.java:logGet(43)) - raft.server.log.use.memory = false (default)
2019-10-15 02:03:15,742 [pool-47-thread-1] INFO  server.RaftServerConfigKeys (ConfUtils.java:logGet(43)) - raft.server.log.purge.gap = 1000000 (custom)
2019-10-15 02:03:15,742 [pool-47-thread-1] INFO  server.RaftServerConfigKeys (ConfUtils.java:logGet(43)) - raft.server.log.appender.buffer.byte-limit = 33554432 (custom)
2019-10-15 02:03:15,742 [pool-47-thread-1] INFO  server.RaftServerConfigKeys (ConfUtils.java:logGet(43)) - raft.server.log.segment.size.max = 1048576 (custom)
2019-10-15 02:03:15,743 [pool-47-thread-1] INFO  server.RaftServerConfigKeys (ConfUtils.java:logGet(43)) - raft.server.log.segment.cache.num.max = 2 (custom)
2019-10-15 02:03:15,743 [pool-47-thread-1] INFO  segmented.SegmentedRaftLogWorker (SegmentedRaftLogWorker.java:<init>(173)) - new 38cb8bf3-4857-46eb-8328-565c1c1e3751@group-FF77DFE8C463-SegmentedRaftLogWorker for RaftStorage:Storage Directory /workdir/hadoop-ozone/tools/target/test-dir/MiniOzoneClusterImpl-3fdca94b-2d19-4221-aa5f-89f1e59518ac/datanode-2/data/ratis/b77124a7-14f6-4b03-8334-ff77dfe8c463
2019-10-15 02:03:15,743 [pool-47-thread-1] INFO  server.RaftServerConfigKeys (ConfUtils.java:logGet(43)) - raft.server.log.queue.byte-limit = 2147483647 (custom)
2019-10-15 02:03:15,743 [pool-47-thread-1] INFO  server.RaftServerConfigKeys (ConfUtils.java:logGet(43)) - raft.server.log.queue.element-limit = 1024 (custom)
2019-10-15 02:03:15,743 [pool-47-thread-1] INFO  server.RaftServerConfigKeys (ConfUtils.java:logGet(43)) - raft.server.log.segment.size.max = 1048576 (custom)
2019-10-15 02:03:15,744 [pool-47-thread-1] INFO  server.RaftServerConfigKeys (ConfUtils.java:logGet(43)) - raft.server.log.preallocated.size = 16384 (custom)
2019-10-15 02:03:15,744 [pool-47-thread-1] INFO  server.RaftServerConfigKeys (ConfUtils.java:logGet(43)) - raft.server.log.write.buffer.size = 33554432 (custom)
2019-10-15 02:03:15,744 [pool-47-thread-1] INFO  server.RaftServerConfigKeys (ConfUtils.java:logGet(43)) - raft.server.log.force.sync.num = 128 (default)
2019-10-15 02:03:15,744 [pool-47-thread-1] INFO  server.RaftServerConfigKeys (ConfUtils.java:logGet(43)) - raft.server.log.statemachine.data.sync = true (default)
2019-10-15 02:03:15,744 [pool-47-thread-1] INFO  server.RaftServerConfigKeys (ConfUtils.java:logGet(43)) - raft.server.log.statemachine.data.sync.timeout = 10s (default)
2019-10-15 02:03:15,745 [pool-47-thread-1] INFO  server.RaftServerConfigKeys (ConfUtils.java:logGet(43)) - raft.server.log.statemachine.data.sync.timeout.retry = -1 (default)
2019-10-15 02:03:15,745 [pool-47-thread-1] INFO  server.RaftServerConfigKeys (ConfUtils.java:logGet(43)) - raft.server.log.statemachine.data.caching.enabled = true (custom)
2019-10-15 02:03:15,746 [pool-47-thread-1] INFO  segmented.SegmentedRaftLogWorker (SegmentedRaftLogWorker.java:lambda$new$0(128)) - 38cb8bf3-4857-46eb-8328-565c1c1e3751@group-FF77DFE8C463-SegmentedRaftLogWorker: flushIndex: setUnconditionally 0 -> -1
2019-10-15 02:03:15,746 [pool-47-thread-1] INFO  server.RaftServerConfigKeys (ConfUtils.java:logGet(43)) - raft.server.snapshot.auto.trigger.enabled = true (custom)
2019-10-15 02:03:15,746 [pool-47-thread-1] INFO  server.RaftServerConfigKeys (ConfUtils.java:logGet(43)) - raft.server.snapshot.auto.trigger.threshold = 10000 (custom)
2019-10-15 02:03:15,746 [pool-47-thread-1] INFO  server.RaftServerConfigKeys (ConfUtils.java:logGet(43)) - raft.server.snapshot.retention.file.num = 5 (custom)
2019-10-15 02:03:15,747 [pool-47-thread-1] INFO  server.RaftServerConfigKeys (ConfUtils.java:logGet(43)) - raft.server.retrycache.expirytime = 600000ms (custom)
2019-10-15 02:03:15,750 [pool-47-thread-1] INFO  impl.RaftServerImpl (RaftServerImpl.java:start(181)) - 38cb8bf3-4857-46eb-8328-565c1c1e3751@group-FF77DFE8C463: start as a follower, conf=-1: [38cb8bf3-4857-46eb-8328-565c1c1e3751:192.168.164.218:45890], old=null
2019-10-15 02:03:15,751 [pool-47-thread-1] INFO  impl.RaftServerImpl (RaftServerImpl.java:setRole(170)) - 38cb8bf3-4857-46eb-8328-565c1c1e3751@group-FF77DFE8C463: changes role from      null to FOLLOWER at term 0 for startAsFollower
2019-10-15 02:03:15,751 [pool-47-thread-1] INFO  impl.RoleInfo (RoleInfo.java:updateAndGet(143)) - 38cb8bf3-4857-46eb-8328-565c1c1e3751: start FollowerState
2019-10-15 02:03:15,751 [pool-47-thread-1] INFO  util.JmxRegister (JmxRegister.java:tryRegister(44)) - Successfully registered JMX Bean with object name Ratis:service=RaftServer,group=group-FF77DFE8C463,id=38cb8bf3-4857-46eb-8328-565c1c1e3751
2019-10-15 02:03:15,762 [RatisPipelineUtilsThread] INFO  pipeline.PipelineStateManager (PipelineStateManager.java:addPipeline(57)) - Created pipeline Pipeline[ Id: b77124a7-14f6-4b03-8334-ff77dfe8c463, Nodes: 38cb8bf3-4857-46eb-8328-565c1c1e3751{ip: 192.168.164.218, host: pr-hdds-1868-7bj8h-208101609, networkLocation: /default-rack, certSerialId: null}, Type:RATIS, Factor:ONE, State:ALLOCATED]
2019-10-15 02:03:15,764 [Thread-178] INFO  pipeline.PipelineStateManager (PipelineStateManager.java:finalizePipeline(123)) - Pipeline Pipeline[ Id: 7660f524-9fe4-4410-8aa4-4f0897f44f64, Nodes: fe5b8974-0e1b-4298-b2fc-508a8024071e{ip: 192.168.164.218, host: pr-hdds-1868-7bj8h-208101609, networkLocation: /default-rack, certSerialId: null}1e9e9917-9bd5-40ce-95c0-43bac1b33ed1{ip: 192.168.164.218, host: pr-hdds-1868-7bj8h-208101609, networkLocation: /default-rack, certSerialId: null}38cb8bf3-4857-46eb-8328-565c1c1e3751{ip: 192.168.164.218, host: pr-hdds-1868-7bj8h-208101609, networkLocation: /default-rack, certSerialId: null}, Type:RATIS, Factor:THREE, State:CLOSED] moved to CLOSED state
2019-10-15 02:03:15,764 [main] INFO  ozone.MiniOzoneClusterImpl (MiniOzoneClusterImpl.java:lambda$waitForClusterToBeReady$2(164)) - Waiting for 3 number of pipelines out of 4, to report a leader.
2019-10-15 02:03:15,777 [grpc-default-executor-2] INFO  impl.RaftServerProxy (RaftServerProxy.java:remove(95)) - fe5b8974-0e1b-4298-b2fc-508a8024071e: remove  FOLLOWER fe5b8974-0e1b-4298-b2fc-508a8024071e@group-4F0897F44F64:t0, leader=null, voted=null, raftlog=fe5b8974-0e1b-4298-b2fc-508a8024071e@group-4F0897F44F64-SegmentedRaftLog:OPENED:c-1,f-1,i0, conf=-1: [1e9e9917-9bd5-40ce-95c0-43bac1b33ed1:192.168.164.218:35271, 38cb8bf3-4857-46eb-8328-565c1c1e3751:192.168.164.218:45890, fe5b8974-0e1b-4298-b2fc-508a8024071e:192.168.164.218:40705], old=null RUNNING
2019-10-15 02:03:15,778 [grpc-default-executor-2] INFO  impl.RaftServerImpl (RaftServerImpl.java:lambda$shutdown$3(247)) - fe5b8974-0e1b-4298-b2fc-508a8024071e@group-4F0897F44F64: shutdown
2019-10-15 02:03:15,779 [grpc-default-executor-2] INFO  util.JmxRegister (JmxRegister.java:unregister(73)) - Successfully un-registered JMX Bean with object name Ratis:service=RaftServer,group=group-4F0897F44F64,id=fe5b8974-0e1b-4298-b2fc-508a8024071e
2019-10-15 02:03:15,779 [grpc-default-executor-2] INFO  impl.RoleInfo (RoleInfo.java:shutdownFollowerState(121)) - fe5b8974-0e1b-4298-b2fc-508a8024071e: shutdown FollowerState
2019-10-15 02:03:15,779 [grpc-default-executor-2] INFO  impl.StateMachineUpdater (StateMachineUpdater.java:stopAndJoin(136)) - fe5b8974-0e1b-4298-b2fc-508a8024071e@group-4F0897F44F64-StateMachineUpdater: set stopIndex = -1
2019-10-15 02:03:15,779 [Thread-192] INFO  impl.FollowerState (FollowerState.java:run(117)) - fe5b8974-0e1b-4298-b2fc-508a8024071e@group-4F0897F44F64-FollowerState was interrupted: java.lang.InterruptedException: sleep interrupted
2019-10-15 02:03:15,780 [grpc-default-executor-2] INFO  impl.RaftServerImpl (ServerState.java:close(387)) - fe5b8974-0e1b-4298-b2fc-508a8024071e@group-4F0897F44F64: closes. applyIndex: -1
2019-10-15 02:03:15,782 [fe5b8974-0e1b-4298-b2fc-508a8024071e@group-4F0897F44F64-SegmentedRaftLogWorker] INFO  segmented.SegmentedRaftLogWorker (SegmentedRaftLogWorker.java:run(316)) - fe5b8974-0e1b-4298-b2fc-508a8024071e@group-4F0897F44F64-SegmentedRaftLogWorker was interrupted, exiting. There are 0 tasks remaining in the queue.
2019-10-15 02:03:15,782 [grpc-default-executor-2] INFO  segmented.SegmentedRaftLogWorker (SegmentedRaftLogWorker.java:close(224)) - fe5b8974-0e1b-4298-b2fc-508a8024071e@group-4F0897F44F64-SegmentedRaftLogWorker close()
2019-10-15 02:03:15,805 [grpc-default-executor-2] INFO  impl.RaftServerProxy (RaftServerProxy.java:remove(95)) - 1e9e9917-9bd5-40ce-95c0-43bac1b33ed1: remove  FOLLOWER 1e9e9917-9bd5-40ce-95c0-43bac1b33ed1@group-4F0897F44F64:t0, leader=null, voted=null, raftlog=1e9e9917-9bd5-40ce-95c0-43bac1b33ed1@group-4F0897F44F64-SegmentedRaftLog:OPENED:c-1,f-1,i0, conf=-1: [1e9e9917-9bd5-40ce-95c0-43bac1b33ed1:192.168.164.218:35271, 38cb8bf3-4857-46eb-8328-565c1c1e3751:192.168.164.218:45890, fe5b8974-0e1b-4298-b2fc-508a8024071e:192.168.164.218:40705], old=null RUNNING
2019-10-15 02:03:15,805 [grpc-default-executor-2] INFO  impl.RaftServerImpl (RaftServerImpl.java:lambda$shutdown$3(247)) - 1e9e9917-9bd5-40ce-95c0-43bac1b33ed1@group-4F0897F44F64: shutdown
2019-10-15 02:03:15,806 [grpc-default-executor-2] INFO  util.JmxRegister (JmxRegister.java:unregister(73)) - Successfully un-registered JMX Bean with object name Ratis:service=RaftServer,group=group-4F0897F44F64,id=1e9e9917-9bd5-40ce-95c0-43bac1b33ed1
2019-10-15 02:03:15,806 [grpc-default-executor-2] INFO  impl.RoleInfo (RoleInfo.java:shutdownFollowerState(121)) - 1e9e9917-9bd5-40ce-95c0-43bac1b33ed1: shutdown FollowerState
2019-10-15 02:03:15,806 [grpc-default-executor-2] INFO  impl.StateMachineUpdater (StateMachineUpdater.java:stopAndJoin(136)) - 1e9e9917-9bd5-40ce-95c0-43bac1b33ed1@group-4F0897F44F64-StateMachineUpdater: set stopIndex = -1
2019-10-15 02:03:15,806 [Thread-191] INFO  impl.FollowerState (FollowerState.java:run(117)) - 1e9e9917-9bd5-40ce-95c0-43bac1b33ed1@group-4F0897F44F64-FollowerState was interrupted: java.lang.InterruptedException: sleep interrupted
2019-10-15 02:03:15,807 [grpc-default-executor-2] INFO  impl.RaftServerImpl (ServerState.java:close(387)) - 1e9e9917-9bd5-40ce-95c0-43bac1b33ed1@group-4F0897F44F64: closes. applyIndex: -1
2019-10-15 02:03:15,809 [1e9e9917-9bd5-40ce-95c0-43bac1b33ed1@group-4F0897F44F64-SegmentedRaftLogWorker] INFO  segmented.SegmentedRaftLogWorker (SegmentedRaftLogWorker.java:run(316)) - 1e9e9917-9bd5-40ce-95c0-43bac1b33ed1@group-4F0897F44F64-SegmentedRaftLogWorker was interrupted, exiting. There are 0 tasks remaining in the queue.
2019-10-15 02:03:15,809 [grpc-default-executor-2] INFO  segmented.SegmentedRaftLogWorker (SegmentedRaftLogWorker.java:close(224)) - 1e9e9917-9bd5-40ce-95c0-43bac1b33ed1@group-4F0897F44F64-SegmentedRaftLogWorker close()
2019-10-15 02:03:15,829 [grpc-default-executor-2] INFO  impl.RaftServerProxy (RaftServerProxy.java:remove(95)) - 38cb8bf3-4857-46eb-8328-565c1c1e3751: remove  FOLLOWER 38cb8bf3-4857-46eb-8328-565c1c1e3751@group-4F0897F44F64:t0, leader=null, voted=null, raftlog=38cb8bf3-4857-46eb-8328-565c1c1e3751@group-4F0897F44F64-SegmentedRaftLog:OPENED:c-1,f-1,i0, conf=-1: [1e9e9917-9bd5-40ce-95c0-43bac1b33ed1:192.168.164.218:35271, 38cb8bf3-4857-46eb-8328-565c1c1e3751:192.168.164.218:45890, fe5b8974-0e1b-4298-b2fc-508a8024071e:192.168.164.218:40705], old=null RUNNING
2019-10-15 02:03:15,829 [grpc-default-executor-2] INFO  impl.RaftServerImpl (RaftServerImpl.java:lambda$shutdown$3(247)) - 38cb8bf3-4857-46eb-8328-565c1c1e3751@group-4F0897F44F64: shutdown
2019-10-15 02:03:15,829 [grpc-default-executor-2] INFO  util.JmxRegister (JmxRegister.java:unregister(73)) - Successfully un-registered JMX Bean with object name Ratis:service=RaftServer,group=group-4F0897F44F64,id=38cb8bf3-4857-46eb-8328-565c1c1e3751
2019-10-15 02:03:15,829 [grpc-default-executor-2] INFO  impl.RoleInfo (RoleInfo.java:shutdownFollowerState(121)) - 38cb8bf3-4857-46eb-8328-565c1c1e3751: shutdown FollowerState
2019-10-15 02:03:15,829 [grpc-default-executor-2] INFO  impl.StateMachineUpdater (StateMachineUpdater.java:stopAndJoin(136)) - 38cb8bf3-4857-46eb-8328-565c1c1e3751@group-4F0897F44F64-StateMachineUpdater: set stopIndex = -1
2019-10-15 02:03:15,830 [Thread-193] INFO  impl.FollowerState (FollowerState.java:run(117)) - 38cb8bf3-4857-46eb-8328-565c1c1e3751@group-4F0897F44F64-FollowerState was interrupted: java.lang.InterruptedException: sleep interrupted
2019-10-15 02:03:15,831 [grpc-default-executor-2] INFO  impl.RaftServerImpl (ServerState.java:close(387)) - 38cb8bf3-4857-46eb-8328-565c1c1e3751@group-4F0897F44F64: closes. applyIndex: -1
2019-10-15 02:03:15,832 [38cb8bf3-4857-46eb-8328-565c1c1e3751@group-4F0897F44F64-SegmentedRaftLogWorker] INFO  segmented.SegmentedRaftLogWorker (SegmentedRaftLogWorker.java:run(316)) - 38cb8bf3-4857-46eb-8328-565c1c1e3751@group-4F0897F44F64-SegmentedRaftLogWorker was interrupted, exiting. There are 0 tasks remaining in the queue.
2019-10-15 02:03:15,832 [grpc-default-executor-2] INFO  segmented.SegmentedRaftLogWorker (SegmentedRaftLogWorker.java:close(224)) - 38cb8bf3-4857-46eb-8328-565c1c1e3751@group-4F0897F44F64-SegmentedRaftLogWorker close()
2019-10-15 02:03:15,838 [Thread-178] INFO  pipeline.PipelineStateManager (PipelineStateManager.java:removePipeline(108)) - Pipeline Pipeline[ Id: 7660f524-9fe4-4410-8aa4-4f0897f44f64, Nodes: fe5b8974-0e1b-4298-b2fc-508a8024071e{ip: 192.168.164.218, host: pr-hdds-1868-7bj8h-208101609, networkLocation: /default-rack, certSerialId: null}1e9e9917-9bd5-40ce-95c0-43bac1b33ed1{ip: 192.168.164.218, host: pr-hdds-1868-7bj8h-208101609, networkLocation: /default-rack, certSerialId: null}38cb8bf3-4857-46eb-8328-565c1c1e3751{ip: 192.168.164.218, host: pr-hdds-1868-7bj8h-208101609, networkLocation: /default-rack, certSerialId: null}, Type:RATIS, Factor:THREE, State:CLOSED] removed from db
2019-10-15 02:03:15,861 [grpc-default-executor-2] INFO  impl.RaftServerProxy (RaftServerProxy.java:addNew(89)) - fe5b8974-0e1b-4298-b2fc-508a8024071e: addNew group-6ED461D3CFFF:[1e9e9917-9bd5-40ce-95c0-43bac1b33ed1:192.168.164.218:35271, 38cb8bf3-4857-46eb-8328-565c1c1e3751:192.168.164.218:45890, fe5b8974-0e1b-4298-b2fc-508a8024071e:192.168.164.218:40705] returns group-6ED461D3CFFF:java.util.concurrent.CompletableFuture@6a73c7fe[Not completed]
2019-10-15 02:03:15,861 [grpc-default-executor-1] INFO  impl.RaftServerProxy (RaftServerProxy.java:addNew(89)) - 38cb8bf3-4857-46eb-8328-565c1c1e3751: addNew group-6ED461D3CFFF:[1e9e9917-9bd5-40ce-95c0-43bac1b33ed1:192.168.164.218:35271, 38cb8bf3-4857-46eb-8328-565c1c1e3751:192.168.164.218:45890, fe5b8974-0e1b-4298-b2fc-508a8024071e:192.168.164.218:40705] returns group-6ED461D3CFFF:java.util.concurrent.CompletableFuture@64b59b3b[Not completed]
2019-10-15 02:03:15,861 [grpc-default-executor-0] INFO  impl.RaftServerProxy (RaftServerProxy.java:addNew(89)) - 1e9e9917-9bd5-40ce-95c0-43bac1b33ed1: addNew group-6ED461D3CFFF:[1e9e9917-9bd5-40ce-95c0-43bac1b33ed1:192.168.164.218:35271, 38cb8bf3-4857-46eb-8328-565c1c1e3751:192.168.164.218:45890, fe5b8974-0e1b-4298-b2fc-508a8024071e:192.168.164.218:40705] returns group-6ED461D3CFFF:java.util.concurrent.CompletableFuture@96db04d[Not completed]
2019-10-15 02:03:15,864 [pool-27-thread-1] INFO  impl.RaftServerImpl (RaftServerImpl.java:<init>(95)) - fe5b8974-0e1b-4298-b2fc-508a8024071e: new RaftServerImpl for group-6ED461D3CFFF:[1e9e9917-9bd5-40ce-95c0-43bac1b33ed1:192.168.164.218:35271, 38cb8bf3-4857-46eb-8328-565c1c1e3751:192.168.164.218:45890, fe5b8974-0e1b-4298-b2fc-508a8024071e:192.168.164.218:40705] with ContainerStateMachine:uninitialized
2019-10-15 02:03:15,865 [pool-27-thread-1] INFO  server.RaftServerConfigKeys (ConfUtils.java:logGet(43)) - raft.server.rpc.timeout.min = 5s (custom)
2019-10-15 02:03:15,865 [pool-27-thread-1] INFO  server.RaftServerConfigKeys (ConfUtils.java:logGet(43)) - raft.server.rpc.timeout.max = 5200ms (custom)
2019-10-15 02:03:15,865 [pool-27-thread-1] INFO  server.RaftServerConfigKeys (ConfUtils.java:logGet(43)) - raft.server.rpcslowness.timeout = 120s (custom)
2019-10-15 02:03:15,865 [pool-27-thread-1] INFO  server.RaftServerConfigKeys (ConfUtils.java:logGet(43)) - raft.server.sleep.deviation.threshold = 300 (default)
2019-10-15 02:03:15,865 [pool-27-thread-1] INFO  server.RaftServerConfigKeys (ConfUtils.java:logGet(43)) - raft.server.log.appender.install.snapshot.enabled = false (custom)
2019-10-15 02:03:15,865 [pool-27-thread-1] INFO  impl.RaftServerImpl (ServerState.java:<init>(103)) - fe5b8974-0e1b-4298-b2fc-508a8024071e@group-6ED461D3CFFF: ConfigurationManager, init=-1: [1e9e9917-9bd5-40ce-95c0-43bac1b33ed1:192.168.164.218:35271, 38cb8bf3-4857-46eb-8328-565c1c1e3751:192.168.164.218:45890, fe5b8974-0e1b-4298-b2fc-508a8024071e:192.168.164.218:40705], old=null, confs=<EMPTY_MAP>
2019-10-15 02:03:15,865 [pool-27-thread-1] INFO  server.RaftServerConfigKeys (ConfUtils.java:logGet(43)) - raft.server.storage.dir = [/workdir/hadoop-ozone/tools/target/test-dir/MiniOzoneClusterImpl-3fdca94b-2d19-4221-aa5f-89f1e59518ac/datanode-0/data/ratis] (custom)
2019-10-15 02:03:15,866 [pool-27-thread-1] INFO  server.RaftServerConfigKeys (ConfUtils.java:logGet(43)) - raft.server.log.corruption.policy = EXCEPTION (default)
2019-10-15 02:03:15,866 [pool-37-thread-1] INFO  impl.RaftServerImpl (RaftServerImpl.java:<init>(95)) - 1e9e9917-9bd5-40ce-95c0-43bac1b33ed1: new RaftServerImpl for group-6ED461D3CFFF:[1e9e9917-9bd5-40ce-95c0-43bac1b33ed1:192.168.164.218:35271, 38cb8bf3-4857-46eb-8328-565c1c1e3751:192.168.164.218:45890, fe5b8974-0e1b-4298-b2fc-508a8024071e:192.168.164.218:40705] with ContainerStateMachine:uninitialized
2019-10-15 02:03:15,866 [pool-27-thread-1] INFO  storage.RaftStorageDirectory (RaftStorageDirectory.java:analyzeStorage(246)) - The storage directory /workdir/hadoop-ozone/tools/target/test-dir/MiniOzoneClusterImpl-3fdca94b-2d19-4221-aa5f-89f1e59518ac/datanode-0/data/ratis/33f76681-e998-4ae5-b3a2-6ed461d3cfff does not exist. Creating ...
2019-10-15 02:03:15,866 [pool-37-thread-1] INFO  server.RaftServerConfigKeys (ConfUtils.java:logGet(43)) - raft.server.rpc.timeout.min = 5s (custom)
2019-10-15 02:03:15,866 [pool-37-thread-1] INFO  server.RaftServerConfigKeys (ConfUtils.java:logGet(43)) - raft.server.rpc.timeout.max = 5200ms (custom)
2019-10-15 02:03:15,867 [pool-37-thread-1] INFO  server.RaftServerConfigKeys (ConfUtils.java:logGet(43)) - raft.server.rpcslowness.timeout = 120s (custom)
2019-10-15 02:03:15,867 [pool-37-thread-1] INFO  server.RaftServerConfigKeys (ConfUtils.java:logGet(43)) - raft.server.sleep.deviation.threshold = 300 (default)
2019-10-15 02:03:15,867 [pool-47-thread-1] INFO  impl.RaftServerImpl (RaftServerImpl.java:<init>(95)) - 38cb8bf3-4857-46eb-8328-565c1c1e3751: new RaftServerImpl for group-6ED461D3CFFF:[1e9e9917-9bd5-40ce-95c0-43bac1b33ed1:192.168.164.218:35271, 38cb8bf3-4857-46eb-8328-565c1c1e3751:192.168.164.218:45890, fe5b8974-0e1b-4298-b2fc-508a8024071e:192.168.164.218:40705] with ContainerStateMachine:uninitialized
2019-10-15 02:03:15,867 [pool-37-thread-1] INFO  server.RaftServerConfigKeys (ConfUtils.java:logGet(43)) - raft.server.log.appender.install.snapshot.enabled = false (custom)
2019-10-15 02:03:15,867 [pool-47-thread-1] INFO  server.RaftServerConfigKeys (ConfUtils.java:logGet(43)) - raft.server.rpc.timeout.min = 5s (custom)
2019-10-15 02:03:15,867 [pool-37-thread-1] INFO  impl.RaftServerImpl (ServerState.java:<init>(103)) - 1e9e9917-9bd5-40ce-95c0-43bac1b33ed1@group-6ED461D3CFFF: ConfigurationManager, init=-1: [1e9e9917-9bd5-40ce-95c0-43bac1b33ed1:192.168.164.218:35271, 38cb8bf3-4857-46eb-8328-565c1c1e3751:192.168.164.218:45890, fe5b8974-0e1b-4298-b2fc-508a8024071e:192.168.164.218:40705], old=null, confs=<EMPTY_MAP>
2019-10-15 02:03:15,867 [pool-47-thread-1] INFO  server.RaftServerConfigKeys (ConfUtils.java:logGet(43)) - raft.server.rpc.timeout.max = 5200ms (custom)
2019-10-15 02:03:15,868 [pool-37-thread-1] INFO  server.RaftServerConfigKeys (ConfUtils.java:logGet(43)) - raft.server.storage.dir = [/workdir/hadoop-ozone/tools/target/test-dir/MiniOzoneClusterImpl-3fdca94b-2d19-4221-aa5f-89f1e59518ac/datanode-1/data/ratis] (custom)
2019-10-15 02:03:15,868 [pool-47-thread-1] INFO  server.RaftServerConfigKeys (ConfUtils.java:logGet(43)) - raft.server.rpcslowness.timeout = 120s (custom)
2019-10-15 02:03:15,868 [pool-47-thread-1] INFO  server.RaftServerConfigKeys (ConfUtils.java:logGet(43)) - raft.server.sleep.deviation.threshold = 300 (default)
2019-10-15 02:03:15,868 [pool-37-thread-1] INFO  server.RaftServerConfigKeys (ConfUtils.java:logGet(43)) - raft.server.log.corruption.policy = EXCEPTION (default)
2019-10-15 02:03:15,868 [pool-47-thread-1] INFO  server.RaftServerConfigKeys (ConfUtils.java:logGet(43)) - raft.server.log.appender.install.snapshot.enabled = false (custom)
2019-10-15 02:03:15,868 [pool-37-thread-1] INFO  storage.RaftStorageDirectory (RaftStorageDirectory.java:analyzeStorage(246)) - The storage directory /workdir/hadoop-ozone/tools/target/test-dir/MiniOzoneClusterImpl-3fdca94b-2d19-4221-aa5f-89f1e59518ac/datanode-1/data/ratis/33f76681-e998-4ae5-b3a2-6ed461d3cfff does not exist. Creating ...
2019-10-15 02:03:15,868 [pool-47-thread-1] INFO  impl.RaftServerImpl (ServerState.java:<init>(103)) - 38cb8bf3-4857-46eb-8328-565c1c1e3751@group-6ED461D3CFFF: ConfigurationManager, init=-1: [1e9e9917-9bd5-40ce-95c0-43bac1b33ed1:192.168.164.218:35271, 38cb8bf3-4857-46eb-8328-565c1c1e3751:192.168.164.218:45890, fe5b8974-0e1b-4298-b2fc-508a8024071e:192.168.164.218:40705], old=null, confs=<EMPTY_MAP>
2019-10-15 02:03:15,869 [pool-47-thread-1] INFO  server.RaftServerConfigKeys (ConfUtils.java:logGet(43)) - raft.server.storage.dir = [/workdir/hadoop-ozone/tools/target/test-dir/MiniOzoneClusterImpl-3fdca94b-2d19-4221-aa5f-89f1e59518ac/datanode-2/data/ratis] (custom)
2019-10-15 02:03:15,869 [pool-47-thread-1] INFO  server.RaftServerConfigKeys (ConfUtils.java:logGet(43)) - raft.server.log.corruption.policy = EXCEPTION (default)
2019-10-15 02:03:15,869 [pool-47-thread-1] INFO  storage.RaftStorageDirectory (RaftStorageDirectory.java:analyzeStorage(246)) - The storage directory /workdir/hadoop-ozone/tools/target/test-dir/MiniOzoneClusterImpl-3fdca94b-2d19-4221-aa5f-89f1e59518ac/datanode-2/data/ratis/33f76681-e998-4ae5-b3a2-6ed461d3cfff does not exist. Creating ...
2019-10-15 02:03:15,890 [pool-47-thread-1] INFO  storage.RaftStorageDirectory (RaftStorageDirectory.java:tryLock(328)) - Lock on /workdir/hadoop-ozone/tools/target/test-dir/MiniOzoneClusterImpl-3fdca94b-2d19-4221-aa5f-89f1e59518ac/datanode-2/data/ratis/33f76681-e998-4ae5-b3a2-6ed461d3cfff/in_use.lock acquired by nodename 30131@pr-hdds-1868-7bj8h-208101609
2019-10-15 02:03:15,890 [pool-37-thread-1] INFO  storage.RaftStorageDirectory (RaftStorageDirectory.java:tryLock(328)) - Lock on /workdir/hadoop-ozone/tools/target/test-dir/MiniOzoneClusterImpl-3fdca94b-2d19-4221-aa5f-89f1e59518ac/datanode-1/data/ratis/33f76681-e998-4ae5-b3a2-6ed461d3cfff/in_use.lock acquired by nodename 30131@pr-hdds-1868-7bj8h-208101609
2019-10-15 02:03:15,890 [pool-27-thread-1] INFO  storage.RaftStorageDirectory (RaftStorageDirectory.java:tryLock(328)) - Lock on /workdir/hadoop-ozone/tools/target/test-dir/MiniOzoneClusterImpl-3fdca94b-2d19-4221-aa5f-89f1e59518ac/datanode-0/data/ratis/33f76681-e998-4ae5-b3a2-6ed461d3cfff/in_use.lock acquired by nodename 30131@pr-hdds-1868-7bj8h-208101609
2019-10-15 02:03:15,918 [pool-47-thread-1] INFO  storage.RaftStorage (RaftStorage.java:format(84)) - Storage directory /workdir/hadoop-ozone/tools/target/test-dir/MiniOzoneClusterImpl-3fdca94b-2d19-4221-aa5f-89f1e59518ac/datanode-2/data/ratis/33f76681-e998-4ae5-b3a2-6ed461d3cfff has been successfully formatted.
2019-10-15 02:03:15,918 [pool-27-thread-1] INFO  storage.RaftStorage (RaftStorage.java:format(84)) - Storage directory /workdir/hadoop-ozone/tools/target/test-dir/MiniOzoneClusterImpl-3fdca94b-2d19-4221-aa5f-89f1e59518ac/datanode-0/data/ratis/33f76681-e998-4ae5-b3a2-6ed461d3cfff has been successfully formatted.
2019-10-15 02:03:15,918 [pool-37-thread-1] INFO  storage.RaftStorage (RaftStorage.java:format(84)) - Storage directory /workdir/hadoop-ozone/tools/target/test-dir/MiniOzoneClusterImpl-3fdca94b-2d19-4221-aa5f-89f1e59518ac/datanode-1/data/ratis/33f76681-e998-4ae5-b3a2-6ed461d3cfff has been successfully formatted.
2019-10-15 02:03:15,919 [pool-47-thread-1] INFO  ratis.ContainerStateMachine (ContainerStateMachine.java:loadSnapshot(233)) - group-6ED461D3CFFF: The snapshot info is null. Setting the last applied indexto:(t:0, i:~)
2019-10-15 02:03:15,919 [pool-27-thread-1] INFO  ratis.ContainerStateMachine (ContainerStateMachine.java:loadSnapshot(233)) - group-6ED461D3CFFF: The snapshot info is null. Setting the last applied indexto:(t:0, i:~)
2019-10-15 02:03:15,919 [pool-37-thread-1] INFO  ratis.ContainerStateMachine (ContainerStateMachine.java:loadSnapshot(233)) - group-6ED461D3CFFF: The snapshot info is null. Setting the last applied indexto:(t:0, i:~)
2019-10-15 02:03:15,919 [pool-47-thread-1] INFO  server.RaftServerConfigKeys (ConfUtils.java:logGet(43)) - raft.server.notification.no-leader.timeout = 120s (custom)
2019-10-15 02:03:15,920 [pool-37-thread-1] INFO  server.RaftServerConfigKeys (ConfUtils.java:logGet(43)) - raft.server.notification.no-leader.timeout = 120s (custom)
2019-10-15 02:03:15,920 [pool-27-thread-1] INFO  server.RaftServerConfigKeys (ConfUtils.java:logGet(43)) - raft.server.notification.no-leader.timeout = 120s (custom)
2019-10-15 02:03:15,920 [pool-37-thread-1] INFO  server.RaftServerConfigKeys (ConfUtils.java:logGet(43)) - raft.server.log.use.memory = false (default)
2019-10-15 02:03:15,920 [pool-47-thread-1] INFO  server.RaftServerConfigKeys (ConfUtils.java:logGet(43)) - raft.server.log.use.memory = false (default)
2019-10-15 02:03:15,921 [pool-37-thread-1] INFO  server.RaftServerConfigKeys (ConfUtils.java:logGet(43)) - raft.server.log.purge.gap = 1000000 (custom)
2019-10-15 02:03:15,920 [pool-27-thread-1] INFO  server.RaftServerConfigKeys (ConfUtils.java:logGet(43)) - raft.server.log.use.memory = false (default)
2019-10-15 02:03:15,921 [pool-37-thread-1] INFO  server.RaftServerConfigKeys (ConfUtils.java:logGet(43)) - raft.server.log.appender.buffer.byte-limit = 33554432 (custom)
2019-10-15 02:03:15,921 [pool-47-thread-1] INFO  server.RaftServerConfigKeys (ConfUtils.java:logGet(43)) - raft.server.log.purge.gap = 1000000 (custom)
2019-10-15 02:03:15,921 [pool-37-thread-1] INFO  server.RaftServerConfigKeys (ConfUtils.java:logGet(43)) - raft.server.log.segment.size.max = 1048576 (custom)
2019-10-15 02:03:15,921 [pool-27-thread-1] INFO  server.RaftServerConfigKeys (ConfUtils.java:logGet(43)) - raft.server.log.purge.gap = 1000000 (custom)
2019-10-15 02:03:15,922 [pool-37-thread-1] INFO  server.RaftServerConfigKeys (ConfUtils.java:logGet(43)) - raft.server.log.segment.cache.num.max = 2 (custom)
2019-10-15 02:03:15,922 [pool-47-thread-1] INFO  server.RaftServerConfigKeys (ConfUtils.java:logGet(43)) - raft.server.log.appender.buffer.byte-limit = 33554432 (custom)
2019-10-15 02:03:15,922 [pool-37-thread-1] INFO  segmented.SegmentedRaftLogWorker (SegmentedRaftLogWorker.java:<init>(173)) - new 1e9e9917-9bd5-40ce-95c0-43bac1b33ed1@group-6ED461D3CFFF-SegmentedRaftLogWorker for RaftStorage:Storage Directory /workdir/hadoop-ozone/tools/target/test-dir/MiniOzoneClusterImpl-3fdca94b-2d19-4221-aa5f-89f1e59518ac/datanode-1/data/ratis/33f76681-e998-4ae5-b3a2-6ed461d3cfff
2019-10-15 02:03:15,922 [pool-27-thread-1] INFO  server.RaftServerConfigKeys (ConfUtils.java:logGet(43)) - raft.server.log.appender.buffer.byte-limit = 33554432 (custom)
2019-10-15 02:03:15,923 [pool-37-thread-1] INFO  server.RaftServerConfigKeys (ConfUtils.java:logGet(43)) - raft.server.log.queue.byte-limit = 2147483647 (custom)
2019-10-15 02:03:15,923 [pool-47-thread-1] INFO  server.RaftServerConfigKeys (ConfUtils.java:logGet(43)) - raft.server.log.segment.size.max = 1048576 (custom)
2019-10-15 02:03:15,923 [pool-37-thread-1] INFO  server.RaftServerConfigKeys (ConfUtils.java:logGet(43)) - raft.server.log.queue.element-limit = 1024 (custom)
2019-10-15 02:03:15,923 [pool-27-thread-1] INFO  server.RaftServerConfigKeys (ConfUtils.java:logGet(43)) - raft.server.log.segment.size.max = 1048576 (custom)
2019-10-15 02:03:15,924 [pool-37-thread-1] INFO  server.RaftServerConfigKeys (ConfUtils.java:logGet(43)) - raft.server.log.segment.size.max = 1048576 (custom)
2019-10-15 02:03:15,923 [pool-47-thread-1] INFO  server.RaftServerConfigKeys (ConfUtils.java:logGet(43)) - raft.server.log.segment.cache.num.max = 2 (custom)
2019-10-15 02:03:15,924 [pool-37-thread-1] INFO  server.RaftServerConfigKeys (ConfUtils.java:logGet(43)) - raft.server.log.preallocated.size = 16384 (custom)
2019-10-15 02:03:15,924 [pool-27-thread-1] INFO  server.RaftServerConfigKeys (ConfUtils.java:logGet(43)) - raft.server.log.segment.cache.num.max = 2 (custom)
2019-10-15 02:03:15,924 [pool-37-thread-1] INFO  server.RaftServerConfigKeys (ConfUtils.java:logGet(43)) - raft.server.log.write.buffer.size = 33554432 (custom)
2019-10-15 02:03:15,924 [pool-47-thread-1] INFO  segmented.SegmentedRaftLogWorker (SegmentedRaftLogWorker.java:<init>(173)) - new 38cb8bf3-4857-46eb-8328-565c1c1e3751@group-6ED461D3CFFF-SegmentedRaftLogWorker for RaftStorage:Storage Directory /workdir/hadoop-ozone/tools/target/test-dir/MiniOzoneClusterImpl-3fdca94b-2d19-4221-aa5f-89f1e59518ac/datanode-2/data/ratis/33f76681-e998-4ae5-b3a2-6ed461d3cfff
2019-10-15 02:03:15,925 [pool-37-thread-1] INFO  server.RaftServerConfigKeys (ConfUtils.java:logGet(43)) - raft.server.log.force.sync.num = 128 (default)
2019-10-15 02:03:15,925 [pool-27-thread-1] INFO  segmented.SegmentedRaftLogWorker (SegmentedRaftLogWorker.java:<init>(173)) - new fe5b8974-0e1b-4298-b2fc-508a8024071e@group-6ED461D3CFFF-SegmentedRaftLogWorker for RaftStorage:Storage Directory /workdir/hadoop-ozone/tools/target/test-dir/MiniOzoneClusterImpl-3fdca94b-2d19-4221-aa5f-89f1e59518ac/datanode-0/data/ratis/33f76681-e998-4ae5-b3a2-6ed461d3cfff
2019-10-15 02:03:15,925 [pool-37-thread-1] INFO  server.RaftServerConfigKeys (ConfUtils.java:logGet(43)) - raft.server.log.statemachine.data.sync = true (default)
2019-10-15 02:03:15,925 [pool-47-thread-1] INFO  server.RaftServerConfigKeys (ConfUtils.java:logGet(43)) - raft.server.log.queue.byte-limit = 2147483647 (custom)
2019-10-15 02:03:15,926 [pool-37-thread-1] INFO  server.RaftServerConfigKeys (ConfUtils.java:logGet(43)) - raft.server.log.statemachine.data.sync.timeout = 10s (default)
2019-10-15 02:03:15,925 [pool-27-thread-1] INFO  server.RaftServerConfigKeys (ConfUtils.java:logGet(43)) - raft.server.log.queue.byte-limit = 2147483647 (custom)
2019-10-15 02:03:15,926 [pool-37-thread-1] INFO  server.RaftServerConfigKeys (ConfUtils.java:logGet(43)) - raft.server.log.statemachine.data.sync.timeout.retry = -1 (default)
2019-10-15 02:03:15,926 [pool-47-thread-1] INFO  server.RaftServerConfigKeys (ConfUtils.java:logGet(43)) - raft.server.log.queue.element-limit = 1024 (custom)
2019-10-15 02:03:15,926 [pool-27-thread-1] INFO  server.RaftServerConfigKeys (ConfUtils.java:logGet(43)) - raft.server.log.queue.element-limit = 1024 (custom)
2019-10-15 02:03:15,927 [pool-47-thread-1] INFO  server.RaftServerConfigKeys (ConfUtils.java:logGet(43)) - raft.server.log.segment.size.max = 1048576 (custom)
2019-10-15 02:03:15,927 [pool-37-thread-1] INFO  server.RaftServerConfigKeys (ConfUtils.java:logGet(43)) - raft.server.log.statemachine.data.caching.enabled = true (custom)
2019-10-15 02:03:15,927 [pool-47-thread-1] INFO  server.RaftServerConfigKeys (ConfUtils.java:logGet(43)) - raft.server.log.preallocated.size = 16384 (custom)
2019-10-15 02:03:15,927 [pool-27-thread-1] INFO  server.RaftServerConfigKeys (ConfUtils.java:logGet(43)) - raft.server.log.segment.size.max = 1048576 (custom)
2019-10-15 02:03:15,927 [pool-47-thread-1] INFO  server.RaftServerConfigKeys (ConfUtils.java:logGet(43)) - raft.server.log.write.buffer.size = 33554432 (custom)
2019-10-15 02:03:15,928 [pool-37-thread-1] INFO  segmented.SegmentedRaftLogWorker (SegmentedRaftLogWorker.java:lambda$new$0(128)) - 1e9e9917-9bd5-40ce-95c0-43bac1b33ed1@group-6ED461D3CFFF-SegmentedRaftLogWorker: flushIndex: setUnconditionally 0 -> -1
2019-10-15 02:03:15,928 [pool-27-thread-1] INFO  server.RaftServerConfigKeys (ConfUtils.java:logGet(43)) - raft.server.log.preallocated.size = 16384 (custom)
2019-10-15 02:03:15,928 [pool-47-thread-1] INFO  server.RaftServerConfigKeys (ConfUtils.java:logGet(43)) - raft.server.log.force.sync.num = 128 (default)
2019-10-15 02:03:15,928 [pool-27-thread-1] INFO  server.RaftServerConfigKeys (ConfUtils.java:logGet(43)) - raft.server.log.write.buffer.size = 33554432 (custom)
2019-10-15 02:03:15,928 [pool-37-thread-1] INFO  server.RaftServerConfigKeys (ConfUtils.java:logGet(43)) - raft.server.snapshot.auto.trigger.enabled = true (custom)
2019-10-15 02:03:15,929 [pool-27-thread-1] INFO  server.RaftServerConfigKeys (ConfUtils.java:logGet(43)) - raft.server.log.force.sync.num = 128 (default)
2019-10-15 02:03:15,928 [pool-47-thread-1] INFO  server.RaftServerConfigKeys (ConfUtils.java:logGet(43)) - raft.server.log.statemachine.data.sync = true (default)
2019-10-15 02:03:15,929 [pool-27-thread-1] INFO  server.RaftServerConfigKeys (ConfUtils.java:logGet(43)) - raft.server.log.statemachine.data.sync = true (default)
2019-10-15 02:03:15,929 [pool-37-thread-1] INFO  server.RaftServerConfigKeys (ConfUtils.java:logGet(43)) - raft.server.snapshot.auto.trigger.threshold = 10000 (custom)
2019-10-15 02:03:15,929 [pool-27-thread-1] INFO  server.RaftServerConfigKeys (ConfUtils.java:logGet(43)) - raft.server.log.statemachine.data.sync.timeout = 10s (default)
2019-10-15 02:03:15,929 [pool-47-thread-1] INFO  server.RaftServerConfigKeys (ConfUtils.java:logGet(43)) - raft.server.log.statemachine.data.sync.timeout = 10s (default)
2019-10-15 02:03:15,930 [pool-27-thread-1] INFO  server.RaftServerConfigKeys (ConfUtils.java:logGet(43)) - raft.server.log.statemachine.data.sync.timeout.retry = -1 (default)
2019-10-15 02:03:15,929 [pool-37-thread-1] INFO  server.RaftServerConfigKeys (ConfUtils.java:logGet(43)) - raft.server.snapshot.retention.file.num = 5 (custom)
2019-10-15 02:03:15,930 [pool-47-thread-1] INFO  server.RaftServerConfigKeys (ConfUtils.java:logGet(43)) - raft.server.log.statemachine.data.sync.timeout.retry = -1 (default)
2019-10-15 02:03:15,930 [pool-37-thread-1] INFO  server.RaftServerConfigKeys (ConfUtils.java:logGet(43)) - raft.server.retrycache.expirytime = 600000ms (custom)
2019-10-15 02:03:15,930 [pool-27-thread-1] INFO  server.RaftServerConfigKeys (ConfUtils.java:logGet(43)) - raft.server.log.statemachine.data.caching.enabled = true (custom)
2019-10-15 02:03:15,931 [pool-47-thread-1] INFO  server.RaftServerConfigKeys (ConfUtils.java:logGet(43)) - raft.server.log.statemachine.data.caching.enabled = true (custom)
2019-10-15 02:03:15,931 [pool-27-thread-1] INFO  segmented.SegmentedRaftLogWorker (SegmentedRaftLogWorker.java:lambda$new$0(128)) - fe5b8974-0e1b-4298-b2fc-508a8024071e@group-6ED461D3CFFF-SegmentedRaftLogWorker: flushIndex: setUnconditionally 0 -> -1
2019-10-15 02:03:15,931 [pool-47-thread-1] INFO  segmented.SegmentedRaftLogWorker (SegmentedRaftLogWorker.java:lambda$new$0(128)) - 38cb8bf3-4857-46eb-8328-565c1c1e3751@group-6ED461D3CFFF-SegmentedRaftLogWorker: flushIndex: setUnconditionally 0 -> -1
2019-10-15 02:03:15,931 [pool-27-thread-1] INFO  server.RaftServerConfigKeys (ConfUtils.java:logGet(43)) - raft.server.snapshot.auto.trigger.enabled = true (custom)
2019-10-15 02:03:15,931 [pool-27-thread-1] INFO  server.RaftServerConfigKeys (ConfUtils.java:logGet(43)) - raft.server.snapshot.auto.trigger.threshold = 10000 (custom)
2019-10-15 02:03:15,932 [pool-27-thread-1] INFO  server.RaftServerConfigKeys (ConfUtils.java:logGet(43)) - raft.server.snapshot.retention.file.num = 5 (custom)
2019-10-15 02:03:15,932 [pool-47-thread-1] INFO  server.RaftServerConfigKeys (ConfUtils.java:logGet(43)) - raft.server.snapshot.auto.trigger.enabled = true (custom)
2019-10-15 02:03:15,932 [pool-27-thread-1] INFO  server.RaftServerConfigKeys (ConfUtils.java:logGet(43)) - raft.server.retrycache.expirytime = 600000ms (custom)
2019-10-15 02:03:15,932 [pool-47-thread-1] INFO  server.RaftServerConfigKeys (ConfUtils.java:logGet(43)) - raft.server.snapshot.auto.trigger.threshold = 10000 (custom)
2019-10-15 02:03:15,932 [pool-47-thread-1] INFO  server.RaftServerConfigKeys (ConfUtils.java:logGet(43)) - raft.server.snapshot.retention.file.num = 5 (custom)
2019-10-15 02:03:15,932 [pool-47-thread-1] INFO  server.RaftServerConfigKeys (ConfUtils.java:logGet(43)) - raft.server.retrycache.expirytime = 600000ms (custom)
2019-10-15 02:03:15,934 [pool-37-thread-1] INFO  impl.RaftServerImpl (RaftServerImpl.java:start(181)) - 1e9e9917-9bd5-40ce-95c0-43bac1b33ed1@group-6ED461D3CFFF: start as a follower, conf=-1: [1e9e9917-9bd5-40ce-95c0-43bac1b33ed1:192.168.164.218:35271, 38cb8bf3-4857-46eb-8328-565c1c1e3751:192.168.164.218:45890, fe5b8974-0e1b-4298-b2fc-508a8024071e:192.168.164.218:40705], old=null
2019-10-15 02:03:15,934 [pool-37-thread-1] INFO  impl.RaftServerImpl (RaftServerImpl.java:setRole(170)) - 1e9e9917-9bd5-40ce-95c0-43bac1b33ed1@group-6ED461D3CFFF: changes role from      null to FOLLOWER at term 0 for startAsFollower
2019-10-15 02:03:15,934 [pool-37-thread-1] INFO  impl.RoleInfo (RoleInfo.java:updateAndGet(143)) - 1e9e9917-9bd5-40ce-95c0-43bac1b33ed1: start FollowerState
2019-10-15 02:03:15,934 [pool-37-thread-1] INFO  util.JmxRegister (JmxRegister.java:tryRegister(44)) - Successfully registered JMX Bean with object name Ratis:service=RaftServer,group=group-6ED461D3CFFF,id=1e9e9917-9bd5-40ce-95c0-43bac1b33ed1
2019-10-15 02:03:15,936 [pool-27-thread-1] INFO  impl.RaftServerImpl (RaftServerImpl.java:start(181)) - fe5b8974-0e1b-4298-b2fc-508a8024071e@group-6ED461D3CFFF: start as a follower, conf=-1: [1e9e9917-9bd5-40ce-95c0-43bac1b33ed1:192.168.164.218:35271, 38cb8bf3-4857-46eb-8328-565c1c1e3751:192.168.164.218:45890, fe5b8974-0e1b-4298-b2fc-508a8024071e:192.168.164.218:40705], old=null
2019-10-15 02:03:15,936 [pool-27-thread-1] INFO  impl.RaftServerImpl (RaftServerImpl.java:setRole(170)) - fe5b8974-0e1b-4298-b2fc-508a8024071e@group-6ED461D3CFFF: changes role from      null to FOLLOWER at term 0 for startAsFollower
2019-10-15 02:03:15,936 [pool-27-thread-1] INFO  impl.RoleInfo (RoleInfo.java:updateAndGet(143)) - fe5b8974-0e1b-4298-b2fc-508a8024071e: start FollowerState
2019-10-15 02:03:15,936 [pool-47-thread-1] INFO  impl.RaftServerImpl (RaftServerImpl.java:start(181)) - 38cb8bf3-4857-46eb-8328-565c1c1e3751@group-6ED461D3CFFF: start as a follower, conf=-1: [1e9e9917-9bd5-40ce-95c0-43bac1b33ed1:192.168.164.218:35271, 38cb8bf3-4857-46eb-8328-565c1c1e3751:192.168.164.218:45890, fe5b8974-0e1b-4298-b2fc-508a8024071e:192.168.164.218:40705], old=null
2019-10-15 02:03:15,936 [pool-47-thread-1] INFO  impl.RaftServerImpl (RaftServerImpl.java:setRole(170)) - 38cb8bf3-4857-46eb-8328-565c1c1e3751@group-6ED461D3CFFF: changes role from      null to FOLLOWER at term 0 for startAsFollower
2019-10-15 02:03:15,936 [pool-27-thread-1] INFO  util.JmxRegister (JmxRegister.java:tryRegister(44)) - Successfully registered JMX Bean with object name Ratis:service=RaftServer,group=group-6ED461D3CFFF,id=fe5b8974-0e1b-4298-b2fc-508a8024071e
2019-10-15 02:03:15,936 [pool-47-thread-1] INFO  impl.RoleInfo (RoleInfo.java:updateAndGet(143)) - 38cb8bf3-4857-46eb-8328-565c1c1e3751: start FollowerState
2019-10-15 02:03:15,937 [pool-47-thread-1] INFO  util.JmxRegister (JmxRegister.java:tryRegister(44)) - Successfully registered JMX Bean with object name Ratis:service=RaftServer,group=group-6ED461D3CFFF,id=38cb8bf3-4857-46eb-8328-565c1c1e3751
2019-10-15 02:03:15,946 [RatisPipelineUtilsThread] INFO  pipeline.PipelineStateManager (PipelineStateManager.java:addPipeline(57)) - Created pipeline Pipeline[ Id: 33f76681-e998-4ae5-b3a2-6ed461d3cfff, Nodes: fe5b8974-0e1b-4298-b2fc-508a8024071e{ip: 192.168.164.218, host: pr-hdds-1868-7bj8h-208101609, networkLocation: /default-rack, certSerialId: null}1e9e9917-9bd5-40ce-95c0-43bac1b33ed1{ip: 192.168.164.218, host: pr-hdds-1868-7bj8h-208101609, networkLocation: /default-rack, certSerialId: null}38cb8bf3-4857-46eb-8328-565c1c1e3751{ip: 192.168.164.218, host: pr-hdds-1868-7bj8h-208101609, networkLocation: /default-rack, certSerialId: null}, Type:RATIS, Factor:THREE, State:ALLOCATED]
2019-10-15 02:03:16,765 [main] INFO  ozone.MiniOzoneClusterImpl (MiniOzoneClusterImpl.java:lambda$waitForClusterToBeReady$2(164)) - Waiting for 4 number of pipelines out of 4, to report a leader.
2019-10-15 02:03:17,766 [main] INFO  ozone.MiniOzoneClusterImpl (MiniOzoneClusterImpl.java:lambda$waitForClusterToBeReady$2(164)) - Waiting for 4 number of pipelines out of 4, to report a leader.
2019-10-15 02:03:18,767 [main] INFO  ozone.MiniOzoneClusterImpl (MiniOzoneClusterImpl.java:lambda$waitForClusterToBeReady$2(164)) - Waiting for 4 number of pipelines out of 4, to report a leader.
2019-10-15 02:03:19,768 [main] INFO  ozone.MiniOzoneClusterImpl (MiniOzoneClusterImpl.java:lambda$waitForClusterToBeReady$2(164)) - Waiting for 4 number of pipelines out of 4, to report a leader.
2019-10-15 02:03:20,519 [Thread-200] INFO  impl.FollowerState (FollowerState.java:run(108)) - 1e9e9917-9bd5-40ce-95c0-43bac1b33ed1@group-44863F986B71-FollowerState: change to CANDIDATE, lastRpcTime:5012ms, electionTimeout:5012ms
2019-10-15 02:03:20,524 [Thread-200] INFO  impl.RoleInfo (RoleInfo.java:shutdownFollowerState(121)) - 1e9e9917-9bd5-40ce-95c0-43bac1b33ed1: shutdown FollowerState
2019-10-15 02:03:20,524 [Thread-200] INFO  impl.RaftServerImpl (RaftServerImpl.java:setRole(170)) - 1e9e9917-9bd5-40ce-95c0-43bac1b33ed1@group-44863F986B71: changes role from  FOLLOWER to CANDIDATE at term 0 for changeToCandidate
2019-10-15 02:03:20,531 [Thread-200] INFO  impl.RoleInfo (RoleInfo.java:updateAndGet(143)) - 1e9e9917-9bd5-40ce-95c0-43bac1b33ed1: start LeaderElection
2019-10-15 02:03:20,559 [1e9e9917-9bd5-40ce-95c0-43bac1b33ed1@group-44863F986B71-LeaderElection1] INFO  impl.LeaderElection (LeaderElection.java:askForVotes(178)) - 1e9e9917-9bd5-40ce-95c0-43bac1b33ed1@group-44863F986B71-LeaderElection1: begin an election at term 1 for -1: [1e9e9917-9bd5-40ce-95c0-43bac1b33ed1:192.168.164.218:35271], old=null
2019-10-15 02:03:20,561 [1e9e9917-9bd5-40ce-95c0-43bac1b33ed1@group-44863F986B71-LeaderElection1] INFO  impl.RoleInfo (RoleInfo.java:shutdownLeaderElection(134)) - 1e9e9917-9bd5-40ce-95c0-43bac1b33ed1: shutdown LeaderElection
2019-10-15 02:03:20,562 [1e9e9917-9bd5-40ce-95c0-43bac1b33ed1@group-44863F986B71-LeaderElection1] INFO  impl.RaftServerImpl (RaftServerImpl.java:setRole(170)) - 1e9e9917-9bd5-40ce-95c0-43bac1b33ed1@group-44863F986B71: changes role from CANDIDATE to LEADER at term 1 for changeToLeader
2019-10-15 02:03:20,562 [1e9e9917-9bd5-40ce-95c0-43bac1b33ed1@group-44863F986B71-LeaderElection1] INFO  ratis.XceiverServerRatis (XceiverServerRatis.java:handleLeaderChangedNotification(702)) - Leader change notification received for group: group-44863F986B71 with new leaderId: 1e9e9917-9bd5-40ce-95c0-43bac1b33ed1
2019-10-15 02:03:20,568 [1e9e9917-9bd5-40ce-95c0-43bac1b33ed1@group-44863F986B71-LeaderElection1] INFO  impl.RaftServerImpl (ServerState.java:setLeader(255)) - 1e9e9917-9bd5-40ce-95c0-43bac1b33ed1@group-44863F986B71: change Leader from null to 1e9e9917-9bd5-40ce-95c0-43bac1b33ed1 at term 1 for becomeLeader, leader elected after 5064ms
2019-10-15 02:03:20,575 [1e9e9917-9bd5-40ce-95c0-43bac1b33ed1@group-44863F986B71-LeaderElection1] INFO  server.RaftServerConfigKeys (ConfUtils.java:logGet(43)) - raft.server.staging.catchup.gap = 1000 (default)
2019-10-15 02:03:20,575 [1e9e9917-9bd5-40ce-95c0-43bac1b33ed1@group-44863F986B71-LeaderElection1] INFO  server.RaftServerConfigKeys (ConfUtils.java:logGet(43)) - raft.server.rpc.sleep.time = 25ms (default)
2019-10-15 02:03:20,581 [1e9e9917-9bd5-40ce-95c0-43bac1b33ed1@group-44863F986B71-LeaderElection1] INFO  server.RaftServerConfigKeys (ConfUtils.java:logGet(43)) - raft.server.write.element-limit = 4096 (default)
2019-10-15 02:03:20,584 [EventQueue-PipelineReportForPipelineReportHandler] INFO  pipeline.PipelineReportHandler (PipelineReportHandler.java:processPipelineReport(119)) - Pipeline PipelineID=33f76681-e998-4ae5-b3a2-6ed461d3cfff reported by 1e9e9917-9bd5-40ce-95c0-43bac1b33ed1{ip: 192.168.164.218, host: pr-hdds-1868-7bj8h-208101609, networkLocation: /default-rack, certSerialId: null} with leaderId 
2019-10-15 02:03:20,585 [EventQueue-PipelineReportForPipelineReportHandler] INFO  pipeline.PipelineReportHandler (PipelineReportHandler.java:processPipelineReport(119)) - Pipeline PipelineID=9946ae89-e94a-423d-aedf-44863f986b71 reported by 1e9e9917-9bd5-40ce-95c0-43bac1b33ed1{ip: 192.168.164.218, host: pr-hdds-1868-7bj8h-208101609, networkLocation: /default-rack, certSerialId: null} with leaderId 1e9e9917-9bd5-40ce-95c0-43bac1b33ed1
2019-10-15 02:03:20,585 [1e9e9917-9bd5-40ce-95c0-43bac1b33ed1@group-44863F986B71-LeaderElection1] INFO  server.RaftServerConfigKeys (ConfUtils.java:logGet(43)) - raft.server.watch.timeout = 10s (default)
2019-10-15 02:03:20,585 [1e9e9917-9bd5-40ce-95c0-43bac1b33ed1@group-44863F986B71-LeaderElection1] INFO  server.RaftServerConfigKeys (ConfUtils.java:logGet(43)) - raft.server.watch.timeout.denomination = 1s (default)
2019-10-15 02:03:20,586 [1e9e9917-9bd5-40ce-95c0-43bac1b33ed1@group-44863F986B71-LeaderElection1] INFO  server.RaftServerConfigKeys (ConfUtils.java:logGet(43)) - raft.server.watch.element-limit = 65536 (default)
2019-10-15 02:03:20,591 [EventQueue-PipelineReportForPipelineReportHandler] INFO  pipeline.PipelineStateManager (PipelineStateManager.java:openPipeline(136)) - Pipeline Pipeline[ Id: 9946ae89-e94a-423d-aedf-44863f986b71, Nodes: 1e9e9917-9bd5-40ce-95c0-43bac1b33ed1{ip: 192.168.164.218, host: pr-hdds-1868-7bj8h-208101609, networkLocation: /default-rack, certSerialId: null}, Type:RATIS, Factor:ONE, State:OPEN] moved to OPEN state
2019-10-15 02:03:20,600 [1e9e9917-9bd5-40ce-95c0-43bac1b33ed1@group-44863F986B71-LeaderElection1] INFO  impl.RoleInfo (RoleInfo.java:updateAndGet(143)) - 1e9e9917-9bd5-40ce-95c0-43bac1b33ed1: start LeaderState
2019-10-15 02:03:20,624 [1e9e9917-9bd5-40ce-95c0-43bac1b33ed1@group-44863F986B71-LeaderElection1] INFO  segmented.SegmentedRaftLogWorker (SegmentedRaftLogWorker.java:startLogSegment(385)) - 1e9e9917-9bd5-40ce-95c0-43bac1b33ed1@group-44863F986B71-SegmentedRaftLogWorker: Starting segment from index:0
2019-10-15 02:03:20,639 [1e9e9917-9bd5-40ce-95c0-43bac1b33ed1@group-44863F986B71-LeaderElection1] INFO  impl.RaftServerImpl (ServerState.java:setRaftConf(356)) - 1e9e9917-9bd5-40ce-95c0-43bac1b33ed1@group-44863F986B71: set configuration 0: [1e9e9917-9bd5-40ce-95c0-43bac1b33ed1:192.168.164.218:35271], old=null at 0
2019-10-15 02:03:20,747 [Thread-204] INFO  impl.FollowerState (FollowerState.java:run(108)) - fe5b8974-0e1b-4298-b2fc-508a8024071e@group-E91D8A6FB22A-FollowerState: change to CANDIDATE, lastRpcTime:5122ms, electionTimeout:5122ms
2019-10-15 02:03:20,748 [Thread-204] INFO  impl.RoleInfo (RoleInfo.java:shutdownFollowerState(121)) - fe5b8974-0e1b-4298-b2fc-508a8024071e: shutdown FollowerState
2019-10-15 02:03:20,748 [Thread-204] INFO  impl.RaftServerImpl (RaftServerImpl.java:setRole(170)) - fe5b8974-0e1b-4298-b2fc-508a8024071e@group-E91D8A6FB22A: changes role from  FOLLOWER to CANDIDATE at term 0 for changeToCandidate
2019-10-15 02:03:20,748 [Thread-204] INFO  impl.RoleInfo (RoleInfo.java:updateAndGet(143)) - fe5b8974-0e1b-4298-b2fc-508a8024071e: start LeaderElection
2019-10-15 02:03:20,769 [main] INFO  ozone.MiniOzoneClusterImpl (MiniOzoneClusterImpl.java:lambda$waitForClusterToBeReady$2(164)) - Waiting for 3 number of pipelines out of 4, to report a leader.
2019-10-15 02:03:20,776 [fe5b8974-0e1b-4298-b2fc-508a8024071e@group-E91D8A6FB22A-LeaderElection2] INFO  impl.LeaderElection (LeaderElection.java:askForVotes(178)) - fe5b8974-0e1b-4298-b2fc-508a8024071e@group-E91D8A6FB22A-LeaderElection2: begin an election at term 1 for -1: [fe5b8974-0e1b-4298-b2fc-508a8024071e:192.168.164.218:40705], old=null
2019-10-15 02:03:20,789 [fe5b8974-0e1b-4298-b2fc-508a8024071e@group-E91D8A6FB22A-LeaderElection2] INFO  impl.RoleInfo (RoleInfo.java:shutdownLeaderElection(134)) - fe5b8974-0e1b-4298-b2fc-508a8024071e: shutdown LeaderElection
2019-10-15 02:03:20,789 [fe5b8974-0e1b-4298-b2fc-508a8024071e@group-E91D8A6FB22A-LeaderElection2] INFO  impl.RaftServerImpl (RaftServerImpl.java:setRole(170)) - fe5b8974-0e1b-4298-b2fc-508a8024071e@group-E91D8A6FB22A: changes role from CANDIDATE to LEADER at term 1 for changeToLeader
2019-10-15 02:03:20,789 [fe5b8974-0e1b-4298-b2fc-508a8024071e@group-E91D8A6FB22A-LeaderElection2] INFO  ratis.XceiverServerRatis (XceiverServerRatis.java:handleLeaderChangedNotification(702)) - Leader change notification received for group: group-E91D8A6FB22A with new leaderId: fe5b8974-0e1b-4298-b2fc-508a8024071e
2019-10-15 02:03:20,791 [fe5b8974-0e1b-4298-b2fc-508a8024071e@group-E91D8A6FB22A-LeaderElection2] INFO  impl.RaftServerImpl (ServerState.java:setLeader(255)) - fe5b8974-0e1b-4298-b2fc-508a8024071e@group-E91D8A6FB22A: change Leader from null to fe5b8974-0e1b-4298-b2fc-508a8024071e at term 1 for becomeLeader, leader elected after 5177ms
2019-10-15 02:03:20,791 [fe5b8974-0e1b-4298-b2fc-508a8024071e@group-E91D8A6FB22A-LeaderElection2] INFO  server.RaftServerConfigKeys (ConfUtils.java:logGet(43)) - raft.server.staging.catchup.gap = 1000 (default)
2019-10-15 02:03:20,791 [fe5b8974-0e1b-4298-b2fc-508a8024071e@group-E91D8A6FB22A-LeaderElection2] INFO  server.RaftServerConfigKeys (ConfUtils.java:logGet(43)) - raft.server.rpc.sleep.time = 25ms (default)
2019-10-15 02:03:20,791 [fe5b8974-0e1b-4298-b2fc-508a8024071e@group-E91D8A6FB22A-LeaderElection2] INFO  server.RaftServerConfigKeys (ConfUtils.java:logGet(43)) - raft.server.write.element-limit = 4096 (default)
2019-10-15 02:03:20,793 [fe5b8974-0e1b-4298-b2fc-508a8024071e@group-E91D8A6FB22A-LeaderElection2] INFO  server.RaftServerConfigKeys (ConfUtils.java:logGet(43)) - raft.server.watch.timeout = 10s (default)
2019-10-15 02:03:20,793 [fe5b8974-0e1b-4298-b2fc-508a8024071e@group-E91D8A6FB22A-LeaderElection2] INFO  server.RaftServerConfigKeys (ConfUtils.java:logGet(43)) - raft.server.watch.timeout.denomination = 1s (default)
2019-10-15 02:03:20,793 [fe5b8974-0e1b-4298-b2fc-508a8024071e@group-E91D8A6FB22A-LeaderElection2] INFO  server.RaftServerConfigKeys (ConfUtils.java:logGet(43)) - raft.server.watch.element-limit = 65536 (default)
2019-10-15 02:03:20,794 [EventQueue-PipelineReportForPipelineReportHandler] INFO  pipeline.PipelineReportHandler (PipelineReportHandler.java:processPipelineReport(119)) - Pipeline PipelineID=33f76681-e998-4ae5-b3a2-6ed461d3cfff reported by fe5b8974-0e1b-4298-b2fc-508a8024071e{ip: 192.168.164.218, host: pr-hdds-1868-7bj8h-208101609, networkLocation: /default-rack, certSerialId: null} with leaderId 
2019-10-15 02:03:20,794 [EventQueue-PipelineReportForPipelineReportHandler] INFO  pipeline.PipelineReportHandler (PipelineReportHandler.java:processPipelineReport(119)) - Pipeline PipelineID=f02dde49-2ff6-46c9-a3c9-e91d8a6fb22a reported by fe5b8974-0e1b-4298-b2fc-508a8024071e{ip: 192.168.164.218, host: pr-hdds-1868-7bj8h-208101609, networkLocation: /default-rack, certSerialId: null} with leaderId fe5b8974-0e1b-4298-b2fc-508a8024071e
2019-10-15 02:03:20,795 [EventQueue-PipelineReportForPipelineReportHandler] INFO  pipeline.PipelineStateManager (PipelineStateManager.java:openPipeline(136)) - Pipeline Pipeline[ Id: f02dde49-2ff6-46c9-a3c9-e91d8a6fb22a, Nodes: fe5b8974-0e1b-4298-b2fc-508a8024071e{ip: 192.168.164.218, host: pr-hdds-1868-7bj8h-208101609, networkLocation: /default-rack, certSerialId: null}, Type:RATIS, Factor:ONE, State:OPEN] moved to OPEN state
2019-10-15 02:03:20,797 [fe5b8974-0e1b-4298-b2fc-508a8024071e@group-E91D8A6FB22A-LeaderElection2] INFO  impl.RoleInfo (RoleInfo.java:updateAndGet(143)) - fe5b8974-0e1b-4298-b2fc-508a8024071e: start LeaderState
2019-10-15 02:03:20,797 [fe5b8974-0e1b-4298-b2fc-508a8024071e@group-E91D8A6FB22A-LeaderElection2] INFO  segmented.SegmentedRaftLogWorker (SegmentedRaftLogWorker.java:startLogSegment(385)) - fe5b8974-0e1b-4298-b2fc-508a8024071e@group-E91D8A6FB22A-SegmentedRaftLogWorker: Starting segment from index:0
2019-10-15 02:03:20,798 [fe5b8974-0e1b-4298-b2fc-508a8024071e@group-E91D8A6FB22A-LeaderElection2] INFO  impl.RaftServerImpl (ServerState.java:setRaftConf(356)) - fe5b8974-0e1b-4298-b2fc-508a8024071e@group-E91D8A6FB22A: set configuration 0: [fe5b8974-0e1b-4298-b2fc-508a8024071e:192.168.164.218:40705], old=null at 0
2019-10-15 02:03:20,837 [1e9e9917-9bd5-40ce-95c0-43bac1b33ed1@group-44863F986B71-SegmentedRaftLogWorker] INFO  segmented.SegmentedRaftLogWorker (SegmentedRaftLogWorker.java:execute(576)) - 1e9e9917-9bd5-40ce-95c0-43bac1b33ed1@group-44863F986B71-SegmentedRaftLogWorker: created new log segment /workdir/hadoop-ozone/tools/target/test-dir/MiniOzoneClusterImpl-3fdca94b-2d19-4221-aa5f-89f1e59518ac/datanode-1/data/ratis/9946ae89-e94a-423d-aedf-44863f986b71/current/log_inprogress_0
2019-10-15 02:03:20,859 [fe5b8974-0e1b-4298-b2fc-508a8024071e@group-E91D8A6FB22A-SegmentedRaftLogWorker] INFO  segmented.SegmentedRaftLogWorker (SegmentedRaftLogWorker.java:execute(576)) - fe5b8974-0e1b-4298-b2fc-508a8024071e@group-E91D8A6FB22A-SegmentedRaftLogWorker: created new log segment /workdir/hadoop-ozone/tools/target/test-dir/MiniOzoneClusterImpl-3fdca94b-2d19-4221-aa5f-89f1e59518ac/datanode-0/data/ratis/f02dde49-2ff6-46c9-a3c9-e91d8a6fb22a/current/log_inprogress_0
2019-10-15 02:03:20,906 [Thread-208] INFO  impl.FollowerState (FollowerState.java:run(108)) - 38cb8bf3-4857-46eb-8328-565c1c1e3751@group-FF77DFE8C463-FollowerState: change to CANDIDATE, lastRpcTime:5154ms, electionTimeout:5154ms
2019-10-15 02:03:20,906 [Thread-208] INFO  impl.RoleInfo (RoleInfo.java:shutdownFollowerState(121)) - 38cb8bf3-4857-46eb-8328-565c1c1e3751: shutdown FollowerState
2019-10-15 02:03:20,906 [Thread-208] INFO  impl.RaftServerImpl (RaftServerImpl.java:setRole(170)) - 38cb8bf3-4857-46eb-8328-565c1c1e3751@group-FF77DFE8C463: changes role from  FOLLOWER to CANDIDATE at term 0 for changeToCandidate
2019-10-15 02:03:20,906 [Thread-208] INFO  impl.RoleInfo (RoleInfo.java:updateAndGet(143)) - 38cb8bf3-4857-46eb-8328-565c1c1e3751: start LeaderElection
2019-10-15 02:03:20,932 [38cb8bf3-4857-46eb-8328-565c1c1e3751@group-FF77DFE8C463-LeaderElection3] INFO  impl.LeaderElection (LeaderElection.java:askForVotes(178)) - 38cb8bf3-4857-46eb-8328-565c1c1e3751@group-FF77DFE8C463-LeaderElection3: begin an election at term 1 for -1: [38cb8bf3-4857-46eb-8328-565c1c1e3751:192.168.164.218:45890], old=null
2019-10-15 02:03:20,933 [38cb8bf3-4857-46eb-8328-565c1c1e3751@group-FF77DFE8C463-LeaderElection3] INFO  impl.RoleInfo (RoleInfo.java:shutdownLeaderElection(134)) - 38cb8bf3-4857-46eb-8328-565c1c1e3751: shutdown LeaderElection
2019-10-15 02:03:20,933 [38cb8bf3-4857-46eb-8328-565c1c1e3751@group-FF77DFE8C463-LeaderElection3] INFO  impl.RaftServerImpl (RaftServerImpl.java:setRole(170)) - 38cb8bf3-4857-46eb-8328-565c1c1e3751@group-FF77DFE8C463: changes role from CANDIDATE to LEADER at term 1 for changeToLeader
2019-10-15 02:03:20,933 [38cb8bf3-4857-46eb-8328-565c1c1e3751@group-FF77DFE8C463-LeaderElection3] INFO  ratis.XceiverServerRatis (XceiverServerRatis.java:handleLeaderChangedNotification(702)) - Leader change notification received for group: group-FF77DFE8C463 with new leaderId: 38cb8bf3-4857-46eb-8328-565c1c1e3751
2019-10-15 02:03:20,935 [38cb8bf3-4857-46eb-8328-565c1c1e3751@group-FF77DFE8C463-LeaderElection3] INFO  impl.RaftServerImpl (ServerState.java:setLeader(255)) - 38cb8bf3-4857-46eb-8328-565c1c1e3751@group-FF77DFE8C463: change Leader from null to 38cb8bf3-4857-46eb-8328-565c1c1e3751 at term 1 for becomeLeader, leader elected after 5191ms
2019-10-15 02:03:20,935 [38cb8bf3-4857-46eb-8328-565c1c1e3751@group-FF77DFE8C463-LeaderElection3] INFO  server.RaftServerConfigKeys (ConfUtils.java:logGet(43)) - raft.server.staging.catchup.gap = 1000 (default)
2019-10-15 02:03:20,936 [38cb8bf3-4857-46eb-8328-565c1c1e3751@group-FF77DFE8C463-LeaderElection3] INFO  server.RaftServerConfigKeys (ConfUtils.java:logGet(43)) - raft.server.rpc.sleep.time = 25ms (default)
2019-10-15 02:03:20,937 [38cb8bf3-4857-46eb-8328-565c1c1e3751@group-FF77DFE8C463-LeaderElection3] INFO  server.RaftServerConfigKeys (ConfUtils.java:logGet(43)) - raft.server.write.element-limit = 4096 (default)
2019-10-15 02:03:20,937 [38cb8bf3-4857-46eb-8328-565c1c1e3751@group-FF77DFE8C463-LeaderElection3] INFO  server.RaftServerConfigKeys (ConfUtils.java:logGet(43)) - raft.server.watch.timeout = 10s (default)
2019-10-15 02:03:20,937 [38cb8bf3-4857-46eb-8328-565c1c1e3751@group-FF77DFE8C463-LeaderElection3] INFO  server.RaftServerConfigKeys (ConfUtils.java:logGet(43)) - raft.server.watch.timeout.denomination = 1s (default)
2019-10-15 02:03:20,938 [38cb8bf3-4857-46eb-8328-565c1c1e3751@group-FF77DFE8C463-LeaderElection3] INFO  server.RaftServerConfigKeys (ConfUtils.java:logGet(43)) - raft.server.watch.element-limit = 65536 (default)
2019-10-15 02:03:20,938 [EventQueue-PipelineReportForPipelineReportHandler] INFO  pipeline.PipelineReportHandler (PipelineReportHandler.java:processPipelineReport(119)) - Pipeline PipelineID=33f76681-e998-4ae5-b3a2-6ed461d3cfff reported by 38cb8bf3-4857-46eb-8328-565c1c1e3751{ip: 192.168.164.218, host: pr-hdds-1868-7bj8h-208101609, networkLocation: /default-rack, certSerialId: null} with leaderId 
2019-10-15 02:03:20,938 [EventQueue-PipelineReportForPipelineReportHandler] INFO  pipeline.PipelineStateManager (PipelineStateManager.java:openPipeline(136)) - Pipeline Pipeline[ Id: 33f76681-e998-4ae5-b3a2-6ed461d3cfff, Nodes: fe5b8974-0e1b-4298-b2fc-508a8024071e{ip: 192.168.164.218, host: pr-hdds-1868-7bj8h-208101609, networkLocation: /default-rack, certSerialId: null}1e9e9917-9bd5-40ce-95c0-43bac1b33ed1{ip: 192.168.164.218, host: pr-hdds-1868-7bj8h-208101609, networkLocation: /default-rack, certSerialId: null}38cb8bf3-4857-46eb-8328-565c1c1e3751{ip: 192.168.164.218, host: pr-hdds-1868-7bj8h-208101609, networkLocation: /default-rack, certSerialId: null}, Type:RATIS, Factor:THREE, State:OPEN] moved to OPEN state
2019-10-15 02:03:20,939 [EventQueue-PipelineReportForPipelineReportHandler] INFO  pipeline.PipelineReportHandler (PipelineReportHandler.java:processPipelineReport(119)) - Pipeline PipelineID=b77124a7-14f6-4b03-8334-ff77dfe8c463 reported by 38cb8bf3-4857-46eb-8328-565c1c1e3751{ip: 192.168.164.218, host: pr-hdds-1868-7bj8h-208101609, networkLocation: /default-rack, certSerialId: null} with leaderId 38cb8bf3-4857-46eb-8328-565c1c1e3751
2019-10-15 02:03:20,939 [EventQueue-PipelineReportForPipelineReportHandler] INFO  pipeline.PipelineStateManager (PipelineStateManager.java:openPipeline(136)) - Pipeline Pipeline[ Id: b77124a7-14f6-4b03-8334-ff77dfe8c463, Nodes: 38cb8bf3-4857-46eb-8328-565c1c1e3751{ip: 192.168.164.218, host: pr-hdds-1868-7bj8h-208101609, networkLocation: /default-rack, certSerialId: null}, Type:RATIS, Factor:ONE, State:OPEN] moved to OPEN state
2019-10-15 02:03:20,941 [38cb8bf3-4857-46eb-8328-565c1c1e3751@group-FF77DFE8C463-LeaderElection3] INFO  impl.RoleInfo (RoleInfo.java:updateAndGet(143)) - 38cb8bf3-4857-46eb-8328-565c1c1e3751: start LeaderState
2019-10-15 02:03:20,943 [38cb8bf3-4857-46eb-8328-565c1c1e3751@group-FF77DFE8C463-LeaderElection3] INFO  segmented.SegmentedRaftLogWorker (SegmentedRaftLogWorker.java:startLogSegment(385)) - 38cb8bf3-4857-46eb-8328-565c1c1e3751@group-FF77DFE8C463-SegmentedRaftLogWorker: Starting segment from index:0
2019-10-15 02:03:20,943 [38cb8bf3-4857-46eb-8328-565c1c1e3751@group-FF77DFE8C463-LeaderElection3] INFO  impl.RaftServerImpl (ServerState.java:setRaftConf(356)) - 38cb8bf3-4857-46eb-8328-565c1c1e3751@group-FF77DFE8C463: set configuration 0: [38cb8bf3-4857-46eb-8328-565c1c1e3751:192.168.164.218:45890], old=null at 0
2019-10-15 02:03:20,977 [Thread-217] INFO  impl.FollowerState (FollowerState.java:run(108)) - fe5b8974-0e1b-4298-b2fc-508a8024071e@group-6ED461D3CFFF-FollowerState: change to CANDIDATE, lastRpcTime:5041ms, electionTimeout:5041ms
2019-10-15 02:03:20,978 [Thread-217] INFO  impl.RoleInfo (RoleInfo.java:shutdownFollowerState(121)) - fe5b8974-0e1b-4298-b2fc-508a8024071e: shutdown FollowerState
2019-10-15 02:03:20,978 [Thread-217] INFO  impl.RaftServerImpl (RaftServerImpl.java:setRole(170)) - fe5b8974-0e1b-4298-b2fc-508a8024071e@group-6ED461D3CFFF: changes role from  FOLLOWER to CANDIDATE at term 0 for changeToCandidate
2019-10-15 02:03:20,978 [Thread-217] INFO  impl.RoleInfo (RoleInfo.java:updateAndGet(143)) - fe5b8974-0e1b-4298-b2fc-508a8024071e: start LeaderElection
2019-10-15 02:03:20,994 [Thread-218] INFO  impl.FollowerState (FollowerState.java:run(108)) - 38cb8bf3-4857-46eb-8328-565c1c1e3751@group-6ED461D3CFFF-FollowerState: change to CANDIDATE, lastRpcTime:5057ms, electionTimeout:5057ms
2019-10-15 02:03:20,994 [Thread-218] INFO  impl.RoleInfo (RoleInfo.java:shutdownFollowerState(121)) - 38cb8bf3-4857-46eb-8328-565c1c1e3751: shutdown FollowerState
2019-10-15 02:03:20,994 [Thread-218] INFO  impl.RaftServerImpl (RaftServerImpl.java:setRole(170)) - 38cb8bf3-4857-46eb-8328-565c1c1e3751@group-6ED461D3CFFF: changes role from  FOLLOWER to CANDIDATE at term 0 for changeToCandidate
2019-10-15 02:03:20,994 [Thread-218] INFO  impl.RoleInfo (RoleInfo.java:updateAndGet(143)) - 38cb8bf3-4857-46eb-8328-565c1c1e3751: start LeaderElection
2019-10-15 02:03:20,995 [38cb8bf3-4857-46eb-8328-565c1c1e3751@group-FF77DFE8C463-SegmentedRaftLogWorker] INFO  segmented.SegmentedRaftLogWorker (SegmentedRaftLogWorker.java:execute(576)) - 38cb8bf3-4857-46eb-8328-565c1c1e3751@group-FF77DFE8C463-SegmentedRaftLogWorker: created new log segment /workdir/hadoop-ozone/tools/target/test-dir/MiniOzoneClusterImpl-3fdca94b-2d19-4221-aa5f-89f1e59518ac/datanode-2/data/ratis/b77124a7-14f6-4b03-8334-ff77dfe8c463/current/log_inprogress_0
2019-10-15 02:03:20,995 [fe5b8974-0e1b-4298-b2fc-508a8024071e@group-6ED461D3CFFF-LeaderElection4] INFO  impl.LeaderElection (LeaderElection.java:askForVotes(178)) - fe5b8974-0e1b-4298-b2fc-508a8024071e@group-6ED461D3CFFF-LeaderElection4: begin an election at term 1 for -1: [1e9e9917-9bd5-40ce-95c0-43bac1b33ed1:192.168.164.218:35271, 38cb8bf3-4857-46eb-8328-565c1c1e3751:192.168.164.218:45890, fe5b8974-0e1b-4298-b2fc-508a8024071e:192.168.164.218:40705], old=null
2019-10-15 02:03:21,021 [38cb8bf3-4857-46eb-8328-565c1c1e3751@group-6ED461D3CFFF-LeaderElection5] INFO  impl.LeaderElection (LeaderElection.java:askForVotes(178)) - 38cb8bf3-4857-46eb-8328-565c1c1e3751@group-6ED461D3CFFF-LeaderElection5: begin an election at term 1 for -1: [1e9e9917-9bd5-40ce-95c0-43bac1b33ed1:192.168.164.218:35271, 38cb8bf3-4857-46eb-8328-565c1c1e3751:192.168.164.218:45890, fe5b8974-0e1b-4298-b2fc-508a8024071e:192.168.164.218:40705], old=null
2019-10-15 02:03:21,037 [grpc-default-executor-2] INFO  impl.RaftServerImpl (RaftServerImpl.java:setRole(170)) - 1e9e9917-9bd5-40ce-95c0-43bac1b33ed1@group-6ED461D3CFFF: changes role from  FOLLOWER to FOLLOWER at term 1 for recognizeCandidate:fe5b8974-0e1b-4298-b2fc-508a8024071e
2019-10-15 02:03:21,037 [grpc-default-executor-2] INFO  impl.RoleInfo (RoleInfo.java:shutdownFollowerState(121)) - 1e9e9917-9bd5-40ce-95c0-43bac1b33ed1: shutdown FollowerState
2019-10-15 02:03:21,037 [grpc-default-executor-2] INFO  impl.RoleInfo (RoleInfo.java:updateAndGet(143)) - 1e9e9917-9bd5-40ce-95c0-43bac1b33ed1: start FollowerState
2019-10-15 02:03:21,037 [Thread-216] INFO  impl.FollowerState (FollowerState.java:run(117)) - 1e9e9917-9bd5-40ce-95c0-43bac1b33ed1@group-6ED461D3CFFF-FollowerState was interrupted: java.lang.InterruptedException: sleep interrupted
2019-10-15 02:03:21,092 [fe5b8974-0e1b-4298-b2fc-508a8024071e@group-6ED461D3CFFF-LeaderElection4] INFO  impl.LeaderElection (LeaderElection.java:logAndReturn(56)) - fe5b8974-0e1b-4298-b2fc-508a8024071e@group-6ED461D3CFFF-LeaderElection4: Election PASSED; received 2 response(s) [fe5b8974-0e1b-4298-b2fc-508a8024071e<-1e9e9917-9bd5-40ce-95c0-43bac1b33ed1#0:OK-t1, fe5b8974-0e1b-4298-b2fc-508a8024071e<-38cb8bf3-4857-46eb-8328-565c1c1e3751#0:FAIL-t1] and 0 exception(s); fe5b8974-0e1b-4298-b2fc-508a8024071e@group-6ED461D3CFFF:t1, leader=null, voted=fe5b8974-0e1b-4298-b2fc-508a8024071e, raftlog=fe5b8974-0e1b-4298-b2fc-508a8024071e@group-6ED461D3CFFF-SegmentedRaftLog:OPENED:c-1,f-1,i0, conf=-1: [1e9e9917-9bd5-40ce-95c0-43bac1b33ed1:192.168.164.218:35271, 38cb8bf3-4857-46eb-8328-565c1c1e3751:192.168.164.218:45890, fe5b8974-0e1b-4298-b2fc-508a8024071e:192.168.164.218:40705], old=null
2019-10-15 02:03:21,092 [38cb8bf3-4857-46eb-8328-565c1c1e3751@group-6ED461D3CFFF-LeaderElection5] INFO  impl.LeaderElection (LeaderElection.java:logAndReturn(56)) - 38cb8bf3-4857-46eb-8328-565c1c1e3751@group-6ED461D3CFFF-LeaderElection5: Election REJECTED; received 2 response(s) [38cb8bf3-4857-46eb-8328-565c1c1e3751<-1e9e9917-9bd5-40ce-95c0-43bac1b33ed1#0:FAIL-t1, 38cb8bf3-4857-46eb-8328-565c1c1e3751<-fe5b8974-0e1b-4298-b2fc-508a8024071e#0:FAIL-t1] and 0 exception(s); 38cb8bf3-4857-46eb-8328-565c1c1e3751@group-6ED461D3CFFF:t1, leader=null, voted=38cb8bf3-4857-46eb-8328-565c1c1e3751, raftlog=38cb8bf3-4857-46eb-8328-565c1c1e3751@group-6ED461D3CFFF-SegmentedRaftLog:OPENED:c-1,f-1,i0, conf=-1: [1e9e9917-9bd5-40ce-95c0-43bac1b33ed1:192.168.164.218:35271, 38cb8bf3-4857-46eb-8328-565c1c1e3751:192.168.164.218:45890, fe5b8974-0e1b-4298-b2fc-508a8024071e:192.168.164.218:40705], old=null
2019-10-15 02:03:21,093 [fe5b8974-0e1b-4298-b2fc-508a8024071e@group-6ED461D3CFFF-LeaderElection4] INFO  impl.RoleInfo (RoleInfo.java:shutdownLeaderElection(134)) - fe5b8974-0e1b-4298-b2fc-508a8024071e: shutdown LeaderElection
2019-10-15 02:03:21,097 [38cb8bf3-4857-46eb-8328-565c1c1e3751@group-6ED461D3CFFF-LeaderElection5] INFO  impl.RaftServerImpl (RaftServerImpl.java:setRole(170)) - 38cb8bf3-4857-46eb-8328-565c1c1e3751@group-6ED461D3CFFF: changes role from CANDIDATE to FOLLOWER at term 1 for DISCOVERED_A_NEW_TERM
2019-10-15 02:03:21,099 [38cb8bf3-4857-46eb-8328-565c1c1e3751@group-6ED461D3CFFF-LeaderElection5] INFO  impl.RoleInfo (RoleInfo.java:shutdownLeaderElection(134)) - 38cb8bf3-4857-46eb-8328-565c1c1e3751: shutdown LeaderElection
2019-10-15 02:03:21,097 [fe5b8974-0e1b-4298-b2fc-508a8024071e@group-6ED461D3CFFF-LeaderElection4] INFO  impl.RaftServerImpl (RaftServerImpl.java:setRole(170)) - fe5b8974-0e1b-4298-b2fc-508a8024071e@group-6ED461D3CFFF: changes role from CANDIDATE to LEADER at term 1 for changeToLeader
2019-10-15 02:03:21,099 [38cb8bf3-4857-46eb-8328-565c1c1e3751@group-6ED461D3CFFF-LeaderElection5] INFO  impl.RoleInfo (RoleInfo.java:updateAndGet(143)) - 38cb8bf3-4857-46eb-8328-565c1c1e3751: start FollowerState
2019-10-15 02:03:21,099 [fe5b8974-0e1b-4298-b2fc-508a8024071e@group-6ED461D3CFFF-LeaderElection4] INFO  ratis.XceiverServerRatis (XceiverServerRatis.java:handleLeaderChangedNotification(702)) - Leader change notification received for group: group-6ED461D3CFFF with new leaderId: fe5b8974-0e1b-4298-b2fc-508a8024071e
2019-10-15 02:03:21,101 [fe5b8974-0e1b-4298-b2fc-508a8024071e@group-6ED461D3CFFF-LeaderElection4] INFO  impl.RaftServerImpl (ServerState.java:setLeader(255)) - fe5b8974-0e1b-4298-b2fc-508a8024071e@group-6ED461D3CFFF: change Leader from null to fe5b8974-0e1b-4298-b2fc-508a8024071e at term 1 for becomeLeader, leader elected after 5179ms
2019-10-15 02:03:21,101 [fe5b8974-0e1b-4298-b2fc-508a8024071e@group-6ED461D3CFFF-LeaderElection4] INFO  server.RaftServerConfigKeys (ConfUtils.java:logGet(43)) - raft.server.staging.catchup.gap = 1000 (default)
2019-10-15 02:03:21,101 [fe5b8974-0e1b-4298-b2fc-508a8024071e@group-6ED461D3CFFF-LeaderElection4] INFO  server.RaftServerConfigKeys (ConfUtils.java:logGet(43)) - raft.server.rpc.sleep.time = 25ms (default)
2019-10-15 02:03:21,102 [fe5b8974-0e1b-4298-b2fc-508a8024071e@group-6ED461D3CFFF-LeaderElection4] INFO  server.RaftServerConfigKeys (ConfUtils.java:logGet(43)) - raft.server.write.element-limit = 4096 (default)
2019-10-15 02:03:21,103 [fe5b8974-0e1b-4298-b2fc-508a8024071e@group-6ED461D3CFFF-LeaderElection4] INFO  server.RaftServerConfigKeys (ConfUtils.java:logGet(43)) - raft.server.watch.timeout = 10s (default)
2019-10-15 02:03:21,103 [fe5b8974-0e1b-4298-b2fc-508a8024071e@group-6ED461D3CFFF-LeaderElection4] INFO  server.RaftServerConfigKeys (ConfUtils.java:logGet(43)) - raft.server.watch.timeout.denomination = 1s (default)
2019-10-15 02:03:21,103 [fe5b8974-0e1b-4298-b2fc-508a8024071e@group-6ED461D3CFFF-LeaderElection4] INFO  server.RaftServerConfigKeys (ConfUtils.java:logGet(43)) - raft.server.watch.element-limit = 65536 (default)
2019-10-15 02:03:21,112 [fe5b8974-0e1b-4298-b2fc-508a8024071e@group-6ED461D3CFFF-LeaderElection4] INFO  server.RaftServerConfigKeys (ConfUtils.java:logGet(43)) - raft.server.log.appender.snapshot.chunk.size.max = 16MB (=16777216) (default)
2019-10-15 02:03:21,112 [fe5b8974-0e1b-4298-b2fc-508a8024071e@group-6ED461D3CFFF-LeaderElection4] INFO  server.RaftServerConfigKeys (ConfUtils.java:logGet(43)) - raft.server.log.appender.buffer.byte-limit = 33554432 (custom)
2019-10-15 02:03:21,113 [fe5b8974-0e1b-4298-b2fc-508a8024071e@group-6ED461D3CFFF-LeaderElection4] INFO  server.RaftServerConfigKeys (ConfUtils.java:logGet(43)) - raft.server.log.appender.buffer.element-limit = 1 (custom)
2019-10-15 02:03:21,117 [fe5b8974-0e1b-4298-b2fc-508a8024071e@group-6ED461D3CFFF-LeaderElection4] INFO  grpc.GrpcConfigKeys$Server (ConfUtils.java:logGet(43)) - raft.grpc.server.leader.outstanding.appends.max = 128 (default)
2019-10-15 02:03:21,122 [fe5b8974-0e1b-4298-b2fc-508a8024071e@group-6ED461D3CFFF-LeaderElection4] INFO  server.RaftServerConfigKeys (ConfUtils.java:logGet(43)) - raft.server.rpc.request.timeout = 3000ms (default)
2019-10-15 02:03:21,122 [fe5b8974-0e1b-4298-b2fc-508a8024071e@group-6ED461D3CFFF-LeaderElection4] INFO  server.RaftServerConfigKeys (ConfUtils.java:logGet(43)) - raft.server.log.appender.install.snapshot.enabled = false (custom)
2019-10-15 02:03:21,123 [fe5b8974-0e1b-4298-b2fc-508a8024071e@group-6ED461D3CFFF-LeaderElection4] INFO  server.RaftServerConfigKeys (ConfUtils.java:logGet(43)) - raft.server.log.appender.snapshot.chunk.size.max = 16MB (=16777216) (default)
2019-10-15 02:03:21,124 [fe5b8974-0e1b-4298-b2fc-508a8024071e@group-6ED461D3CFFF-LeaderElection4] INFO  server.RaftServerConfigKeys (ConfUtils.java:logGet(43)) - raft.server.log.appender.buffer.byte-limit = 33554432 (custom)
2019-10-15 02:03:21,124 [fe5b8974-0e1b-4298-b2fc-508a8024071e@group-6ED461D3CFFF-LeaderElection4] INFO  server.RaftServerConfigKeys (ConfUtils.java:logGet(43)) - raft.server.log.appender.buffer.element-limit = 1 (custom)
2019-10-15 02:03:21,124 [fe5b8974-0e1b-4298-b2fc-508a8024071e@group-6ED461D3CFFF-LeaderElection4] INFO  grpc.GrpcConfigKeys$Server (ConfUtils.java:logGet(43)) - raft.grpc.server.leader.outstanding.appends.max = 128 (default)
2019-10-15 02:03:21,124 [fe5b8974-0e1b-4298-b2fc-508a8024071e@group-6ED461D3CFFF-LeaderElection4] INFO  server.RaftServerConfigKeys (ConfUtils.java:logGet(43)) - raft.server.rpc.request.timeout = 3000ms (default)
2019-10-15 02:03:21,124 [fe5b8974-0e1b-4298-b2fc-508a8024071e@group-6ED461D3CFFF-LeaderElection4] INFO  server.RaftServerConfigKeys (ConfUtils.java:logGet(43)) - raft.server.log.appender.install.snapshot.enabled = false (custom)
2019-10-15 02:03:21,129 [fe5b8974-0e1b-4298-b2fc-508a8024071e@group-6ED461D3CFFF-LeaderElection4] INFO  impl.RoleInfo (RoleInfo.java:updateAndGet(143)) - fe5b8974-0e1b-4298-b2fc-508a8024071e: start LeaderState
2019-10-15 02:03:21,129 [fe5b8974-0e1b-4298-b2fc-508a8024071e@group-6ED461D3CFFF-LeaderElection4] INFO  segmented.SegmentedRaftLogWorker (SegmentedRaftLogWorker.java:startLogSegment(385)) - fe5b8974-0e1b-4298-b2fc-508a8024071e@group-6ED461D3CFFF-SegmentedRaftLogWorker: Starting segment from index:0
2019-10-15 02:03:21,130 [fe5b8974-0e1b-4298-b2fc-508a8024071e@group-6ED461D3CFFF-LeaderElection4] INFO  impl.RaftServerImpl (ServerState.java:setRaftConf(356)) - fe5b8974-0e1b-4298-b2fc-508a8024071e@group-6ED461D3CFFF: set configuration 0: [1e9e9917-9bd5-40ce-95c0-43bac1b33ed1:192.168.164.218:35271, 38cb8bf3-4857-46eb-8328-565c1c1e3751:192.168.164.218:45890, fe5b8974-0e1b-4298-b2fc-508a8024071e:192.168.164.218:40705], old=null at 0
2019-10-15 02:03:21,197 [fe5b8974-0e1b-4298-b2fc-508a8024071e@group-6ED461D3CFFF-SegmentedRaftLogWorker] INFO  segmented.SegmentedRaftLogWorker (SegmentedRaftLogWorker.java:execute(576)) - fe5b8974-0e1b-4298-b2fc-508a8024071e@group-6ED461D3CFFF-SegmentedRaftLogWorker: created new log segment /workdir/hadoop-ozone/tools/target/test-dir/MiniOzoneClusterImpl-3fdca94b-2d19-4221-aa5f-89f1e59518ac/datanode-0/data/ratis/33f76681-e998-4ae5-b3a2-6ed461d3cfff/current/log_inprogress_0
2019-10-15 02:03:21,202 [grpc-default-executor-2] INFO  ratis.XceiverServerRatis (XceiverServerRatis.java:handleLeaderChangedNotification(702)) - Leader change notification received for group: group-6ED461D3CFFF with new leaderId: fe5b8974-0e1b-4298-b2fc-508a8024071e
2019-10-15 02:03:21,202 [grpc-default-executor-1] INFO  ratis.XceiverServerRatis (XceiverServerRatis.java:handleLeaderChangedNotification(702)) - Leader change notification received for group: group-6ED461D3CFFF with new leaderId: fe5b8974-0e1b-4298-b2fc-508a8024071e
2019-10-15 02:03:21,202 [grpc-default-executor-2] INFO  impl.RaftServerImpl (ServerState.java:setLeader(255)) - 38cb8bf3-4857-46eb-8328-565c1c1e3751@group-6ED461D3CFFF: change Leader from null to fe5b8974-0e1b-4298-b2fc-508a8024071e at term 1 for appendEntries, leader elected after 5282ms
2019-10-15 02:03:21,203 [grpc-default-executor-1] INFO  impl.RaftServerImpl (ServerState.java:setLeader(255)) - 1e9e9917-9bd5-40ce-95c0-43bac1b33ed1@group-6ED461D3CFFF: change Leader from null to fe5b8974-0e1b-4298-b2fc-508a8024071e at term 1 for appendEntries, leader elected after 5281ms
2019-10-15 02:03:21,243 [grpc-default-executor-2] INFO  impl.RaftServerImpl (ServerState.java:setRaftConf(356)) - 38cb8bf3-4857-46eb-8328-565c1c1e3751@group-6ED461D3CFFF: set configuration 0: [1e9e9917-9bd5-40ce-95c0-43bac1b33ed1:192.168.164.218:35271, 38cb8bf3-4857-46eb-8328-565c1c1e3751:192.168.164.218:45890, fe5b8974-0e1b-4298-b2fc-508a8024071e:192.168.164.218:40705], old=null at 0
2019-10-15 02:03:21,243 [grpc-default-executor-1] INFO  impl.RaftServerImpl (ServerState.java:setRaftConf(356)) - 1e9e9917-9bd5-40ce-95c0-43bac1b33ed1@group-6ED461D3CFFF: set configuration 0: [1e9e9917-9bd5-40ce-95c0-43bac1b33ed1:192.168.164.218:35271, 38cb8bf3-4857-46eb-8328-565c1c1e3751:192.168.164.218:45890, fe5b8974-0e1b-4298-b2fc-508a8024071e:192.168.164.218:40705], old=null at 0
2019-10-15 02:03:21,243 [grpc-default-executor-2] INFO  segmented.SegmentedRaftLogWorker (SegmentedRaftLogWorker.java:startLogSegment(385)) - 38cb8bf3-4857-46eb-8328-565c1c1e3751@group-6ED461D3CFFF-SegmentedRaftLogWorker: Starting segment from index:0
2019-10-15 02:03:21,244 [grpc-default-executor-1] INFO  segmented.SegmentedRaftLogWorker (SegmentedRaftLogWorker.java:startLogSegment(385)) - 1e9e9917-9bd5-40ce-95c0-43bac1b33ed1@group-6ED461D3CFFF-SegmentedRaftLogWorker: Starting segment from index:0
2019-10-15 02:03:21,305 [38cb8bf3-4857-46eb-8328-565c1c1e3751@group-6ED461D3CFFF-SegmentedRaftLogWorker] INFO  segmented.SegmentedRaftLogWorker (SegmentedRaftLogWorker.java:execute(576)) - 38cb8bf3-4857-46eb-8328-565c1c1e3751@group-6ED461D3CFFF-SegmentedRaftLogWorker: created new log segment /workdir/hadoop-ozone/tools/target/test-dir/MiniOzoneClusterImpl-3fdca94b-2d19-4221-aa5f-89f1e59518ac/datanode-2/data/ratis/33f76681-e998-4ae5-b3a2-6ed461d3cfff/current/log_inprogress_0
2019-10-15 02:03:21,305 [1e9e9917-9bd5-40ce-95c0-43bac1b33ed1@group-6ED461D3CFFF-SegmentedRaftLogWorker] INFO  segmented.SegmentedRaftLogWorker (SegmentedRaftLogWorker.java:execute(576)) - 1e9e9917-9bd5-40ce-95c0-43bac1b33ed1@group-6ED461D3CFFF-SegmentedRaftLogWorker: created new log segment /workdir/hadoop-ozone/tools/target/test-dir/MiniOzoneClusterImpl-3fdca94b-2d19-4221-aa5f-89f1e59518ac/datanode-1/data/ratis/33f76681-e998-4ae5-b3a2-6ed461d3cfff/current/log_inprogress_0
2019-10-15 02:03:21,769 [main] INFO  ozone.MiniOzoneClusterImpl (MiniOzoneClusterImpl.java:lambda$waitForClusterToBeReady$2(172)) - Cluster is ready. Got 3 of 3 DN Heartbeats.
2019-10-15 02:03:22,811 [main] INFO  freon.RandomKeyGenerator (RandomKeyGenerator.java:call(283)) - Number of Threads: 10
2019-10-15 02:03:22,812 [main] INFO  freon.RandomKeyGenerator (RandomKeyGenerator.java:call(288)) - Number of Volumes: 1.
2019-10-15 02:03:22,813 [main] INFO  freon.RandomKeyGenerator (RandomKeyGenerator.java:call(289)) - Number of Buckets per Volume: 1.
2019-10-15 02:03:22,813 [main] INFO  freon.RandomKeyGenerator (RandomKeyGenerator.java:call(290)) - Number of Keys per Bucket: 1.
2019-10-15 02:03:22,813 [main] INFO  freon.RandomKeyGenerator (RandomKeyGenerator.java:call(291)) - Key size: 20971520 bytes
2019-10-15 02:03:22,813 [main] INFO  freon.RandomKeyGenerator (RandomKeyGenerator.java:call(292)) - Buffer size: 4096 bytes
2019-10-15 02:03:22,813 [main] INFO  freon.RandomKeyGenerator (RandomKeyGenerator.java:call(293)) - validateWrites : true
2019-10-15 02:03:22,819 [main] INFO  freon.RandomKeyGenerator (RandomKeyGenerator.java:call(307)) - Data validation is enabled.
2019-10-15 02:03:22,821 [main] INFO  freon.RandomKeyGenerator (RandomKeyGenerator.java:call(313)) - Starting progress bar Thread.

 0.00% |█                                                                                                    |  0/1 Time: 0:00:002019-10-15 02:03:22,848 [pool-53-thread-1] INFO  rpc.RpcClient (RpcClient.java:createVolume(272)) - Creating Volume: vol-0-98200, with jenkins1000 as owner.
2019-10-15 02:03:22,965 [IPC Server handler 0 on 41051] INFO  volume.OMVolumeCreateRequest (OMVolumeCreateRequest.java:validateAndUpdateCache(193)) - created volume:vol-0-98200 for user:jenkins1000
2019-10-15 02:03:23,001 [pool-53-thread-2] INFO  rpc.RpcClient (RpcClient.java:createBucket(411)) - Creating Bucket: vol-0-98200/bucket-0-21294, with Versioning false and Storage Type set to DISK and Encryption set to false 
2019-10-15 02:03:23,211 [pool-53-thread-3] INFO  impl.MetricsSystemImpl (MetricsSystemImpl.java:init(158)) - XceiverClientMetrics metrics system started (again)
 0.00% |█                                                                                                    |  0/1 Time: 0:00:01 0.00% |█                                                                                                    |  0/1 Time: 0:00:02 100.00% |█████████████████████████████████████████████████████████████████████████████████████████████████████|  1/1 Time: 0:00:03
2019-10-15 02:03:31,066 [main] INFO  pipeline.SCMPipelineManager (SCMPipelineManager.java:finalizeAndDestroyPipeline(315)) - destroying pipeline:Pipeline[ Id: 33f76681-e998-4ae5-b3a2-6ed461d3cfff, Nodes: fe5b8974-0e1b-4298-b2fc-508a8024071e{ip: 192.168.164.218, host: pr-hdds-1868-7bj8h-208101609, networkLocation: /default-rack, certSerialId: null}1e9e9917-9bd5-40ce-95c0-43bac1b33ed1{ip: 192.168.164.218, host: pr-hdds-1868-7bj8h-208101609, networkLocation: /default-rack, certSerialId: null}38cb8bf3-4857-46eb-8328-565c1c1e3751{ip: 192.168.164.218, host: pr-hdds-1868-7bj8h-208101609, networkLocation: /default-rack, certSerialId: null}, Type:RATIS, Factor:THREE, State:OPEN]
2019-10-15 02:03:31,067 [main] INFO  pipeline.PipelineStateManager (PipelineStateManager.java:finalizePipeline(123)) - Pipeline Pipeline[ Id: 33f76681-e998-4ae5-b3a2-6ed461d3cfff, Nodes: fe5b8974-0e1b-4298-b2fc-508a8024071e{ip: 192.168.164.218, host: pr-hdds-1868-7bj8h-208101609, networkLocation: /default-rack, certSerialId: null}1e9e9917-9bd5-40ce-95c0-43bac1b33ed1{ip: 192.168.164.218, host: pr-hdds-1868-7bj8h-208101609, networkLocation: /default-rack, certSerialId: null}38cb8bf3-4857-46eb-8328-565c1c1e3751{ip: 192.168.164.218, host: pr-hdds-1868-7bj8h-208101609, networkLocation: /default-rack, certSerialId: null}, Type:RATIS, Factor:THREE, State:CLOSED] moved to CLOSED state
2019-10-15 02:03:31,069 [EventQueue-CloseContainerForCloseContainerEventHandler] INFO  container.CloseContainerEventHandler (CloseContainerEventHandler.java:onMessage(61)) - Close container Event triggered for container : #1
2019-10-15 02:03:31,077 [EventQueue-CloseContainerForCloseContainerEventHandler] INFO  container.CloseContainerEventHandler (CloseContainerEventHandler.java:onMessage(61)) - Close container Event triggered for container : #2
2019-10-15 02:03:31,078 [EventQueue-CloseContainerForCloseContainerEventHandler] INFO  container.CloseContainerEventHandler (CloseContainerEventHandler.java:onMessage(61)) - Close container Event triggered for container : #3
2019-10-15 02:03:31,083 [grpc-default-executor-0] INFO  impl.RaftServerProxy (RaftServerProxy.java:remove(95)) - fe5b8974-0e1b-4298-b2fc-508a8024071e: remove    LEADER fe5b8974-0e1b-4298-b2fc-508a8024071e@group-6ED461D3CFFF:t1, leader=fe5b8974-0e1b-4298-b2fc-508a8024071e, voted=fe5b8974-0e1b-4298-b2fc-508a8024071e, raftlog=fe5b8974-0e1b-4298-b2fc-508a8024071e@group-6ED461D3CFFF-SegmentedRaftLog:OPENED:c75,f75,i75, conf=0: [1e9e9917-9bd5-40ce-95c0-43bac1b33ed1:192.168.164.218:35271, 38cb8bf3-4857-46eb-8328-565c1c1e3751:192.168.164.218:45890, fe5b8974-0e1b-4298-b2fc-508a8024071e:192.168.164.218:40705], old=null RUNNING
2019-10-15 02:03:31,085 [grpc-default-executor-0] INFO  impl.RaftServerImpl (RaftServerImpl.java:lambda$shutdown$3(247)) - fe5b8974-0e1b-4298-b2fc-508a8024071e@group-6ED461D3CFFF: shutdown
2019-10-15 02:03:31,085 [grpc-default-executor-0] INFO  util.JmxRegister (JmxRegister.java:unregister(73)) - Successfully un-registered JMX Bean with object name Ratis:service=RaftServer,group=group-6ED461D3CFFF,id=fe5b8974-0e1b-4298-b2fc-508a8024071e
2019-10-15 02:03:31,085 [grpc-default-executor-0] INFO  impl.RoleInfo (RoleInfo.java:shutdownLeaderState(104)) - fe5b8974-0e1b-4298-b2fc-508a8024071e: shutdown LeaderState
2019-10-15 02:03:31,088 [org.apache.ratis.server.impl.LogAppender$AppenderDaemon$$Lambda$413/587533654@7b6d46bc] WARN  server.GrpcLogAppender (GrpcLogAppender.java:mayWait(143)) - fe5b8974-0e1b-4298-b2fc-508a8024071e@group-6ED461D3CFFF->1e9e9917-9bd5-40ce-95c0-43bac1b33ed1-GrpcLogAppender: Wait interrupted by java.lang.InterruptedException
2019-10-15 02:03:31,088 [org.apache.ratis.server.impl.LogAppender$AppenderDaemon$$Lambda$413/587533654@68d80456] WARN  server.GrpcLogAppender (GrpcLogAppender.java:mayWait(143)) - fe5b8974-0e1b-4298-b2fc-508a8024071e@group-6ED461D3CFFF->38cb8bf3-4857-46eb-8328-565c1c1e3751-GrpcLogAppender: Wait interrupted by java.lang.InterruptedException
2019-10-15 02:03:31,090 [grpc-default-executor-0] INFO  impl.PendingRequests (PendingRequests.java:sendNotLeaderResponses(202)) - fe5b8974-0e1b-4298-b2fc-508a8024071e@group-6ED461D3CFFF-PendingRequests: sendNotLeaderResponses
2019-10-15 02:03:31,092 [grpc-default-executor-3] INFO  server.GrpcServerProtocolService (GrpcServerProtocolService.java:onCompleted(113)) - 1e9e9917-9bd5-40ce-95c0-43bac1b33ed1: Completed APPEND_ENTRIES, lastRequest: fe5b8974-0e1b-4298-b2fc-508a8024071e->1e9e9917-9bd5-40ce-95c0-43bac1b33ed1#78-t1, previous=(t:1, i:75), leaderCommit=75, initializing? false, entries: <empty>
2019-10-15 02:03:31,092 [grpc-default-executor-1] INFO  server.GrpcServerProtocolService (GrpcServerProtocolService.java:onCompleted(113)) - 38cb8bf3-4857-46eb-8328-565c1c1e3751: Completed APPEND_ENTRIES, lastRequest: fe5b8974-0e1b-4298-b2fc-508a8024071e->38cb8bf3-4857-46eb-8328-565c1c1e3751#78-t1, previous=(t:1, i:75), leaderCommit=75, initializing? false, entries: <empty>
2019-10-15 02:03:31,095 [grpc-default-executor-0] INFO  impl.StateMachineUpdater (StateMachineUpdater.java:stopAndJoin(136)) - fe5b8974-0e1b-4298-b2fc-508a8024071e@group-6ED461D3CFFF-StateMachineUpdater: set stopIndex = 75
2019-10-15 02:03:31,096 [grpc-default-executor-1] INFO  server.GrpcLogAppender (GrpcLogAppender.java:onCompleted(293)) - fe5b8974-0e1b-4298-b2fc-508a8024071e@group-6ED461D3CFFF->1e9e9917-9bd5-40ce-95c0-43bac1b33ed1-AppendLogResponseHandler: follower responses appendEntries COMPLETED
2019-10-15 02:03:31,097 [grpc-default-executor-3] INFO  server.GrpcLogAppender (GrpcLogAppender.java:onCompleted(293)) - fe5b8974-0e1b-4298-b2fc-508a8024071e@group-6ED461D3CFFF->38cb8bf3-4857-46eb-8328-565c1c1e3751-AppendLogResponseHandler: follower responses appendEntries COMPLETED
2019-10-15 02:03:31,097 [fe5b8974-0e1b-4298-b2fc-508a8024071e@group-6ED461D3CFFF-StateMachineUpdater] INFO  ratis.ContainerStateMachine (ContainerStateMachine.java:takeSnapshot(296)) - group-6ED461D3CFFF: Taking a snapshot at:(t:1, i:73) file /workdir/hadoop-ozone/tools/target/test-dir/MiniOzoneClusterImpl-3fdca94b-2d19-4221-aa5f-89f1e59518ac/datanode-0/data/ratis/33f76681-e998-4ae5-b3a2-6ed461d3cfff/sm/snapshot.1_73
2019-10-15 02:03:31,102 [grpc-default-executor-1] INFO  impl.FollowerInfo (FollowerInfo.java:lambda$new$0(51)) - fe5b8974-0e1b-4298-b2fc-508a8024071e@group-6ED461D3CFFF->1e9e9917-9bd5-40ce-95c0-43bac1b33ed1: nextIndex: updateUnconditionally 76 -> 75
2019-10-15 02:03:31,102 [grpc-default-executor-3] INFO  impl.FollowerInfo (FollowerInfo.java:lambda$new$0(51)) - fe5b8974-0e1b-4298-b2fc-508a8024071e@group-6ED461D3CFFF->38cb8bf3-4857-46eb-8328-565c1c1e3751: nextIndex: updateUnconditionally 76 -> 75
2019-10-15 02:03:31,231 [fe5b8974-0e1b-4298-b2fc-508a8024071e@group-6ED461D3CFFF-StateMachineUpdater] INFO  ratis.ContainerStateMachine (ContainerStateMachine.java:takeSnapshot(307)) - group-6ED461D3CFFF: Finished taking a snapshot at:(t:1, i:73) file:/workdir/hadoop-ozone/tools/target/test-dir/MiniOzoneClusterImpl-3fdca94b-2d19-4221-aa5f-89f1e59518ac/datanode-0/data/ratis/33f76681-e998-4ae5-b3a2-6ed461d3cfff/sm/snapshot.1_73 time:136
2019-10-15 02:03:31,233 [fe5b8974-0e1b-4298-b2fc-508a8024071e@group-6ED461D3CFFF-StateMachineUpdater] INFO  impl.StateMachineUpdater (StateMachineUpdater.java:takeSnapshot(269)) - fe5b8974-0e1b-4298-b2fc-508a8024071e@group-6ED461D3CFFF-StateMachineUpdater: Took a snapshot at index 73
2019-10-15 02:03:31,234 [fe5b8974-0e1b-4298-b2fc-508a8024071e@group-6ED461D3CFFF-StateMachineUpdater] INFO  impl.StateMachineUpdater (StateMachineUpdater.java:lambda$new$0(84)) - fe5b8974-0e1b-4298-b2fc-508a8024071e@group-6ED461D3CFFF-StateMachineUpdater: snapshotIndex: updateIncreasingly -1 -> 73
2019-10-15 02:03:31,238 [fe5b8974-0e1b-4298-b2fc-508a8024071e@group-6ED461D3CFFF-StateMachineUpdater] INFO  ratis.ContainerStateMachine (ContainerStateMachine.java:takeSnapshot(296)) - group-6ED461D3CFFF: Taking a snapshot at:(t:1, i:73) file /workdir/hadoop-ozone/tools/target/test-dir/MiniOzoneClusterImpl-3fdca94b-2d19-4221-aa5f-89f1e59518ac/datanode-0/data/ratis/33f76681-e998-4ae5-b3a2-6ed461d3cfff/sm/snapshot.1_73
2019-10-15 02:03:31,260 [fe5b8974-0e1b-4298-b2fc-508a8024071e@group-6ED461D3CFFF-StateMachineUpdater] INFO  ratis.ContainerStateMachine (ContainerStateMachine.java:takeSnapshot(307)) - group-6ED461D3CFFF: Finished taking a snapshot at:(t:1, i:73) file:/workdir/hadoop-ozone/tools/target/test-dir/MiniOzoneClusterImpl-3fdca94b-2d19-4221-aa5f-89f1e59518ac/datanode-0/data/ratis/33f76681-e998-4ae5-b3a2-6ed461d3cfff/sm/snapshot.1_73 time:22
2019-10-15 02:03:31,260 [fe5b8974-0e1b-4298-b2fc-508a8024071e@group-6ED461D3CFFF-StateMachineUpdater] INFO  impl.StateMachineUpdater (StateMachineUpdater.java:takeSnapshot(269)) - fe5b8974-0e1b-4298-b2fc-508a8024071e@group-6ED461D3CFFF-StateMachineUpdater: Took a snapshot at index 73
2019-10-15 02:03:31,260 [fe5b8974-0e1b-4298-b2fc-508a8024071e@group-6ED461D3CFFF-StateMachineUpdater] INFO  impl.StateMachineUpdater (StateMachineUpdater.java:lambda$new$0(84)) - fe5b8974-0e1b-4298-b2fc-508a8024071e@group-6ED461D3CFFF-StateMachineUpdater: snapshotIndex: updateIncreasingly 73 -> 73
2019-10-15 02:03:31,261 [grpc-default-executor-0] INFO  impl.RaftServerImpl (ServerState.java:close(387)) - fe5b8974-0e1b-4298-b2fc-508a8024071e@group-6ED461D3CFFF: closes. applyIndex: 75
2019-10-15 02:03:31,262 [fe5b8974-0e1b-4298-b2fc-508a8024071e@group-6ED461D3CFFF-SegmentedRaftLogWorker] INFO  segmented.SegmentedRaftLogWorker (SegmentedRaftLogWorker.java:run(316)) - fe5b8974-0e1b-4298-b2fc-508a8024071e@group-6ED461D3CFFF-SegmentedRaftLogWorker was interrupted, exiting. There are 0 tasks remaining in the queue.
2019-10-15 02:03:31,264 [grpc-default-executor-0] INFO  segmented.SegmentedRaftLogWorker (SegmentedRaftLogWorker.java:close(224)) - fe5b8974-0e1b-4298-b2fc-508a8024071e@group-6ED461D3CFFF-SegmentedRaftLogWorker close()
2019-10-15 02:03:31,306 [grpc-default-executor-0] INFO  interfaces.Container (KeyValueContainer.java:flushAndSyncDB(386)) - Container 1 is synced with bcsId 57.
2019-10-15 02:03:31,306 [grpc-default-executor-0] INFO  interfaces.Container (KeyValueContainer.java:flushAndSyncDB(386)) - Container 1 is synced with bcsId 57.
2019-10-15 02:03:31,335 [EventQueue-IncrementalContainerReportForIncrementalContainerReportHandler] INFO  container.IncrementalContainerReportHandler (AbstractContainerReportHandler.java:updateContainerState(171)) - Moving container #1 to QUASI_CLOSED state, datanode fe5b8974-0e1b-4298-b2fc-508a8024071e{ip: 192.168.164.218, host: pr-hdds-1868-7bj8h-208101609, networkLocation: /default-rack, certSerialId: null} reported QUASI_CLOSED replica.
2019-10-15 02:03:31,381 [grpc-default-executor-0] INFO  interfaces.Container (KeyValueContainer.java:flushAndSyncDB(386)) - Container 2 is synced with bcsId 73.
2019-10-15 02:03:31,381 [grpc-default-executor-0] INFO  interfaces.Container (KeyValueContainer.java:flushAndSyncDB(386)) - Container 2 is synced with bcsId 73.
2019-10-15 02:03:31,408 [EventQueue-IncrementalContainerReportForIncrementalContainerReportHandler] INFO  container.IncrementalContainerReportHandler (AbstractContainerReportHandler.java:updateContainerState(171)) - Moving container #2 to QUASI_CLOSED state, datanode fe5b8974-0e1b-4298-b2fc-508a8024071e{ip: 192.168.164.218, host: pr-hdds-1868-7bj8h-208101609, networkLocation: /default-rack, certSerialId: null} reported QUASI_CLOSED replica.
2019-10-15 02:03:31,448 [grpc-default-executor-0] INFO  interfaces.Container (KeyValueContainer.java:flushAndSyncDB(386)) - Container 3 is synced with bcsId 39.
2019-10-15 02:03:31,449 [grpc-default-executor-0] INFO  interfaces.Container (KeyValueContainer.java:flushAndSyncDB(386)) - Container 3 is synced with bcsId 39.
2019-10-15 02:03:31,476 [EventQueue-IncrementalContainerReportForIncrementalContainerReportHandler] INFO  container.IncrementalContainerReportHandler (AbstractContainerReportHandler.java:updateContainerState(171)) - Moving container #3 to QUASI_CLOSED state, datanode fe5b8974-0e1b-4298-b2fc-508a8024071e{ip: 192.168.164.218, host: pr-hdds-1868-7bj8h-208101609, networkLocation: /default-rack, certSerialId: null} reported QUASI_CLOSED replica.
2019-10-15 02:03:31,488 [grpc-default-executor-0] INFO  impl.RaftServerProxy (RaftServerProxy.java:remove(95)) - 1e9e9917-9bd5-40ce-95c0-43bac1b33ed1: remove  FOLLOWER 1e9e9917-9bd5-40ce-95c0-43bac1b33ed1@group-6ED461D3CFFF:t1, leader=fe5b8974-0e1b-4298-b2fc-508a8024071e, voted=fe5b8974-0e1b-4298-b2fc-508a8024071e, raftlog=1e9e9917-9bd5-40ce-95c0-43bac1b33ed1@group-6ED461D3CFFF-SegmentedRaftLog:OPENED:c75,f75,i75, conf=0: [1e9e9917-9bd5-40ce-95c0-43bac1b33ed1:192.168.164.218:35271, 38cb8bf3-4857-46eb-8328-565c1c1e3751:192.168.164.218:45890, fe5b8974-0e1b-4298-b2fc-508a8024071e:192.168.164.218:40705], old=null RUNNING
2019-10-15 02:03:31,488 [grpc-default-executor-0] INFO  impl.RaftServerImpl (RaftServerImpl.java:lambda$shutdown$3(247)) - 1e9e9917-9bd5-40ce-95c0-43bac1b33ed1@group-6ED461D3CFFF: shutdown
2019-10-15 02:03:31,489 [grpc-default-executor-0] INFO  util.JmxRegister (JmxRegister.java:unregister(73)) - Successfully un-registered JMX Bean with object name Ratis:service=RaftServer,group=group-6ED461D3CFFF,id=1e9e9917-9bd5-40ce-95c0-43bac1b33ed1
2019-10-15 02:03:31,489 [grpc-default-executor-0] INFO  impl.RoleInfo (RoleInfo.java:shutdownFollowerState(121)) - 1e9e9917-9bd5-40ce-95c0-43bac1b33ed1: shutdown FollowerState
2019-10-15 02:03:31,489 [grpc-default-executor-0] INFO  impl.StateMachineUpdater (StateMachineUpdater.java:stopAndJoin(136)) - 1e9e9917-9bd5-40ce-95c0-43bac1b33ed1@group-6ED461D3CFFF-StateMachineUpdater: set stopIndex = 75
2019-10-15 02:03:31,489 [Thread-234] INFO  impl.FollowerState (FollowerState.java:run(117)) - 1e9e9917-9bd5-40ce-95c0-43bac1b33ed1@group-6ED461D3CFFF-FollowerState was interrupted: java.lang.InterruptedException: sleep interrupted
2019-10-15 02:03:31,489 [1e9e9917-9bd5-40ce-95c0-43bac1b33ed1@group-6ED461D3CFFF-StateMachineUpdater] INFO  ratis.ContainerStateMachine (ContainerStateMachine.java:takeSnapshot(296)) - group-6ED461D3CFFF: Taking a snapshot at:(t:1, i:73) file /workdir/hadoop-ozone/tools/target/test-dir/MiniOzoneClusterImpl-3fdca94b-2d19-4221-aa5f-89f1e59518ac/datanode-1/data/ratis/33f76681-e998-4ae5-b3a2-6ed461d3cfff/sm/snapshot.1_73
2019-10-15 02:03:31,516 [1e9e9917-9bd5-40ce-95c0-43bac1b33ed1@group-6ED461D3CFFF-StateMachineUpdater] INFO  ratis.ContainerStateMachine (ContainerStateMachine.java:takeSnapshot(307)) - group-6ED461D3CFFF: Finished taking a snapshot at:(t:1, i:73) file:/workdir/hadoop-ozone/tools/target/test-dir/MiniOzoneClusterImpl-3fdca94b-2d19-4221-aa5f-89f1e59518ac/datanode-1/data/ratis/33f76681-e998-4ae5-b3a2-6ed461d3cfff/sm/snapshot.1_73 time:27
2019-10-15 02:03:31,516 [1e9e9917-9bd5-40ce-95c0-43bac1b33ed1@group-6ED461D3CFFF-StateMachineUpdater] INFO  impl.StateMachineUpdater (StateMachineUpdater.java:takeSnapshot(269)) - 1e9e9917-9bd5-40ce-95c0-43bac1b33ed1@group-6ED461D3CFFF-StateMachineUpdater: Took a snapshot at index 73
2019-10-15 02:03:31,517 [1e9e9917-9bd5-40ce-95c0-43bac1b33ed1@group-6ED461D3CFFF-StateMachineUpdater] INFO  impl.StateMachineUpdater (StateMachineUpdater.java:lambda$new$0(84)) - 1e9e9917-9bd5-40ce-95c0-43bac1b33ed1@group-6ED461D3CFFF-StateMachineUpdater: snapshotIndex: updateIncreasingly -1 -> 73
2019-10-15 02:03:31,517 [1e9e9917-9bd5-40ce-95c0-43bac1b33ed1@group-6ED461D3CFFF-StateMachineUpdater] INFO  ratis.ContainerStateMachine (ContainerStateMachine.java:takeSnapshot(296)) - group-6ED461D3CFFF: Taking a snapshot at:(t:1, i:73) file /workdir/hadoop-ozone/tools/target/test-dir/MiniOzoneClusterImpl-3fdca94b-2d19-4221-aa5f-89f1e59518ac/datanode-1/data/ratis/33f76681-e998-4ae5-b3a2-6ed461d3cfff/sm/snapshot.1_73
2019-10-15 02:03:31,541 [1e9e9917-9bd5-40ce-95c0-43bac1b33ed1@group-6ED461D3CFFF-StateMachineUpdater] INFO  ratis.ContainerStateMachine (ContainerStateMachine.java:takeSnapshot(307)) - group-6ED461D3CFFF: Finished taking a snapshot at:(t:1, i:73) file:/workdir/hadoop-ozone/tools/target/test-dir/MiniOzoneClusterImpl-3fdca94b-2d19-4221-aa5f-89f1e59518ac/datanode-1/data/ratis/33f76681-e998-4ae5-b3a2-6ed461d3cfff/sm/snapshot.1_73 time:24
2019-10-15 02:03:31,541 [1e9e9917-9bd5-40ce-95c0-43bac1b33ed1@group-6ED461D3CFFF-StateMachineUpdater] INFO  impl.StateMachineUpdater (StateMachineUpdater.java:takeSnapshot(269)) - 1e9e9917-9bd5-40ce-95c0-43bac1b33ed1@group-6ED461D3CFFF-StateMachineUpdater: Took a snapshot at index 73
2019-10-15 02:03:31,542 [1e9e9917-9bd5-40ce-95c0-43bac1b33ed1@group-6ED461D3CFFF-StateMachineUpdater] INFO  impl.StateMachineUpdater (StateMachineUpdater.java:lambda$new$0(84)) - 1e9e9917-9bd5-40ce-95c0-43bac1b33ed1@group-6ED461D3CFFF-StateMachineUpdater: snapshotIndex: updateIncreasingly 73 -> 73
2019-10-15 02:03:31,542 [grpc-default-executor-0] INFO  impl.RaftServerImpl (ServerState.java:close(387)) - 1e9e9917-9bd5-40ce-95c0-43bac1b33ed1@group-6ED461D3CFFF: closes. applyIndex: 75
2019-10-15 02:03:31,543 [1e9e9917-9bd5-40ce-95c0-43bac1b33ed1@group-6ED461D3CFFF-SegmentedRaftLogWorker] INFO  segmented.SegmentedRaftLogWorker (SegmentedRaftLogWorker.java:run(316)) - 1e9e9917-9bd5-40ce-95c0-43bac1b33ed1@group-6ED461D3CFFF-SegmentedRaftLogWorker was interrupted, exiting. There are 0 tasks remaining in the queue.
2019-10-15 02:03:31,545 [grpc-default-executor-0] INFO  segmented.SegmentedRaftLogWorker (SegmentedRaftLogWorker.java:close(224)) - 1e9e9917-9bd5-40ce-95c0-43bac1b33ed1@group-6ED461D3CFFF-SegmentedRaftLogWorker close()
2019-10-15 02:03:31,600 [grpc-default-executor-0] INFO  interfaces.Container (KeyValueContainer.java:flushAndSyncDB(386)) - Container 1 is synced with bcsId 57.
2019-10-15 02:03:31,601 [grpc-default-executor-0] INFO  interfaces.Container (KeyValueContainer.java:flushAndSyncDB(386)) - Container 1 is synced with bcsId 57.
2019-10-15 02:03:31,661 [grpc-default-executor-0] INFO  interfaces.Container (KeyValueContainer.java:flushAndSyncDB(386)) - Container 2 is synced with bcsId 73.
2019-10-15 02:03:31,661 [grpc-default-executor-0] INFO  interfaces.Container (KeyValueContainer.java:flushAndSyncDB(386)) - Container 2 is synced with bcsId 73.
2019-10-15 02:03:31,728 [grpc-default-executor-0] INFO  interfaces.Container (KeyValueContainer.java:flushAndSyncDB(386)) - Container 3 is synced with bcsId 39.
2019-10-15 02:03:31,729 [grpc-default-executor-0] INFO  interfaces.Container (KeyValueContainer.java:flushAndSyncDB(386)) - Container 3 is synced with bcsId 39.
2019-10-15 02:03:31,767 [grpc-default-executor-0] INFO  impl.RaftServerProxy (RaftServerProxy.java:remove(95)) - 38cb8bf3-4857-46eb-8328-565c1c1e3751: remove  FOLLOWER 38cb8bf3-4857-46eb-8328-565c1c1e3751@group-6ED461D3CFFF:t1, leader=fe5b8974-0e1b-4298-b2fc-508a8024071e, voted=38cb8bf3-4857-46eb-8328-565c1c1e3751, raftlog=38cb8bf3-4857-46eb-8328-565c1c1e3751@group-6ED461D3CFFF-SegmentedRaftLog:OPENED:c75,f75,i75, conf=0: [1e9e9917-9bd5-40ce-95c0-43bac1b33ed1:192.168.164.218:35271, 38cb8bf3-4857-46eb-8328-565c1c1e3751:192.168.164.218:45890, fe5b8974-0e1b-4298-b2fc-508a8024071e:192.168.164.218:40705], old=null RUNNING
2019-10-15 02:03:31,767 [grpc-default-executor-0] INFO  impl.RaftServerImpl (RaftServerImpl.java:lambda$shutdown$3(247)) - 38cb8bf3-4857-46eb-8328-565c1c1e3751@group-6ED461D3CFFF: shutdown
2019-10-15 02:03:31,767 [grpc-default-executor-0] INFO  util.JmxRegister (JmxRegister.java:unregister(73)) - Successfully un-registered JMX Bean with object name Ratis:service=RaftServer,group=group-6ED461D3CFFF,id=38cb8bf3-4857-46eb-8328-565c1c1e3751
2019-10-15 02:03:31,767 [grpc-default-executor-0] INFO  impl.RoleInfo (RoleInfo.java:shutdownFollowerState(121)) - 38cb8bf3-4857-46eb-8328-565c1c1e3751: shutdown FollowerState
2019-10-15 02:03:31,768 [grpc-default-executor-0] INFO  impl.StateMachineUpdater (StateMachineUpdater.java:stopAndJoin(136)) - 38cb8bf3-4857-46eb-8328-565c1c1e3751@group-6ED461D3CFFF-StateMachineUpdater: set stopIndex = 75
2019-10-15 02:03:31,768 [Thread-235] INFO  impl.FollowerState (FollowerState.java:run(117)) - 38cb8bf3-4857-46eb-8328-565c1c1e3751@group-6ED461D3CFFF-FollowerState was interrupted: java.lang.InterruptedException: sleep interrupted
2019-10-15 02:03:31,769 [38cb8bf3-4857-46eb-8328-565c1c1e3751@group-6ED461D3CFFF-StateMachineUpdater] INFO  ratis.ContainerStateMachine (ContainerStateMachine.java:takeSnapshot(296)) - group-6ED461D3CFFF: Taking a snapshot at:(t:1, i:73) file /workdir/hadoop-ozone/tools/target/test-dir/MiniOzoneClusterImpl-3fdca94b-2d19-4221-aa5f-89f1e59518ac/datanode-2/data/ratis/33f76681-e998-4ae5-b3a2-6ed461d3cfff/sm/snapshot.1_73
2019-10-15 02:03:31,796 [38cb8bf3-4857-46eb-8328-565c1c1e3751@group-6ED461D3CFFF-StateMachineUpdater] INFO  ratis.ContainerStateMachine (ContainerStateMachine.java:takeSnapshot(307)) - group-6ED461D3CFFF: Finished taking a snapshot at:(t:1, i:73) file:/workdir/hadoop-ozone/tools/target/test-dir/MiniOzoneClusterImpl-3fdca94b-2d19-4221-aa5f-89f1e59518ac/datanode-2/data/ratis/33f76681-e998-4ae5-b3a2-6ed461d3cfff/sm/snapshot.1_73 time:28
2019-10-15 02:03:31,796 [38cb8bf3-4857-46eb-8328-565c1c1e3751@group-6ED461D3CFFF-StateMachineUpdater] INFO  impl.StateMachineUpdater (StateMachineUpdater.java:takeSnapshot(269)) - 38cb8bf3-4857-46eb-8328-565c1c1e3751@group-6ED461D3CFFF-StateMachineUpdater: Took a snapshot at index 73
2019-10-15 02:03:31,796 [38cb8bf3-4857-46eb-8328-565c1c1e3751@group-6ED461D3CFFF-StateMachineUpdater] INFO  impl.StateMachineUpdater (StateMachineUpdater.java:lambda$new$0(84)) - 38cb8bf3-4857-46eb-8328-565c1c1e3751@group-6ED461D3CFFF-StateMachineUpdater: snapshotIndex: updateIncreasingly -1 -> 73
2019-10-15 02:03:31,797 [38cb8bf3-4857-46eb-8328-565c1c1e3751@group-6ED461D3CFFF-StateMachineUpdater] INFO  ratis.ContainerStateMachine (ContainerStateMachine.java:takeSnapshot(296)) - group-6ED461D3CFFF: Taking a snapshot at:(t:1, i:73) file /workdir/hadoop-ozone/tools/target/test-dir/MiniOzoneClusterImpl-3fdca94b-2d19-4221-aa5f-89f1e59518ac/datanode-2/data/ratis/33f76681-e998-4ae5-b3a2-6ed461d3cfff/sm/snapshot.1_73
2019-10-15 02:03:31,821 [38cb8bf3-4857-46eb-8328-565c1c1e3751@group-6ED461D3CFFF-StateMachineUpdater] INFO  ratis.ContainerStateMachine (ContainerStateMachine.java:takeSnapshot(307)) - group-6ED461D3CFFF: Finished taking a snapshot at:(t:1, i:73) file:/workdir/hadoop-ozone/tools/target/test-dir/MiniOzoneClusterImpl-3fdca94b-2d19-4221-aa5f-89f1e59518ac/datanode-2/data/ratis/33f76681-e998-4ae5-b3a2-6ed461d3cfff/sm/snapshot.1_73 time:24
2019-10-15 02:03:31,821 [38cb8bf3-4857-46eb-8328-565c1c1e3751@group-6ED461D3CFFF-StateMachineUpdater] INFO  impl.StateMachineUpdater (StateMachineUpdater.java:takeSnapshot(269)) - 38cb8bf3-4857-46eb-8328-565c1c1e3751@group-6ED461D3CFFF-StateMachineUpdater: Took a snapshot at index 73
2019-10-15 02:03:31,821 [38cb8bf3-4857-46eb-8328-565c1c1e3751@group-6ED461D3CFFF-StateMachineUpdater] INFO  impl.StateMachineUpdater (StateMachineUpdater.java:lambda$new$0(84)) - 38cb8bf3-4857-46eb-8328-565c1c1e3751@group-6ED461D3CFFF-StateMachineUpdater: snapshotIndex: updateIncreasingly 73 -> 73
2019-10-15 02:03:31,822 [grpc-default-executor-0] INFO  impl.RaftServerImpl (ServerState.java:close(387)) - 38cb8bf3-4857-46eb-8328-565c1c1e3751@group-6ED461D3CFFF: closes. applyIndex: 75
2019-10-15 02:03:31,823 [38cb8bf3-4857-46eb-8328-565c1c1e3751@group-6ED461D3CFFF-SegmentedRaftLogWorker] INFO  segmented.SegmentedRaftLogWorker (SegmentedRaftLogWorker.java:run(316)) - 38cb8bf3-4857-46eb-8328-565c1c1e3751@group-6ED461D3CFFF-SegmentedRaftLogWorker was interrupted, exiting. There are 0 tasks remaining in the queue.
2019-10-15 02:03:31,824 [grpc-default-executor-0] INFO  segmented.SegmentedRaftLogWorker (SegmentedRaftLogWorker.java:close(224)) - 38cb8bf3-4857-46eb-8328-565c1c1e3751@group-6ED461D3CFFF-SegmentedRaftLogWorker close()
2019-10-15 02:03:31,872 [grpc-default-executor-0] INFO  interfaces.Container (KeyValueContainer.java:flushAndSyncDB(386)) - Container 1 is synced with bcsId 57.
2019-10-15 02:03:31,872 [grpc-default-executor-0] INFO  interfaces.Container (KeyValueContainer.java:flushAndSyncDB(386)) - Container 1 is synced with bcsId 57.
2019-10-15 02:03:31,939 [grpc-default-executor-0] INFO  interfaces.Container (KeyValueContainer.java:flushAndSyncDB(386)) - Container 2 is synced with bcsId 73.
2019-10-15 02:03:31,940 [grpc-default-executor-0] INFO  interfaces.Container (KeyValueContainer.java:flushAndSyncDB(386)) - Container 2 is synced with bcsId 73.
2019-10-15 02:03:32,007 [grpc-default-executor-0] INFO  interfaces.Container (KeyValueContainer.java:flushAndSyncDB(386)) - Container 3 is synced with bcsId 39.
2019-10-15 02:03:32,008 [grpc-default-executor-0] INFO  interfaces.Container (KeyValueContainer.java:flushAndSyncDB(386)) - Container 3 is synced with bcsId 39.
2019-10-15 02:03:32,038 [main] INFO  pipeline.PipelineStateManager (PipelineStateManager.java:removePipeline(108)) - Pipeline Pipeline[ Id: 33f76681-e998-4ae5-b3a2-6ed461d3cfff, Nodes: fe5b8974-0e1b-4298-b2fc-508a8024071e{ip: 192.168.164.218, host: pr-hdds-1868-7bj8h-208101609, networkLocation: /default-rack, certSerialId: null}1e9e9917-9bd5-40ce-95c0-43bac1b33ed1{ip: 192.168.164.218, host: pr-hdds-1868-7bj8h-208101609, networkLocation: /default-rack, certSerialId: null}38cb8bf3-4857-46eb-8328-565c1c1e3751{ip: 192.168.164.218, host: pr-hdds-1868-7bj8h-208101609, networkLocation: /default-rack, certSerialId: null}, Type:RATIS, Factor:THREE, State:CLOSED] removed from db
2019-10-15 02:03:32,055 [grpc-default-executor-1] INFO  impl.RaftServerProxy (RaftServerProxy.java:addNew(89)) - 38cb8bf3-4857-46eb-8328-565c1c1e3751: addNew group-ACCB3204EF4F:[1e9e9917-9bd5-40ce-95c0-43bac1b33ed1:192.168.164.218:35271, 38cb8bf3-4857-46eb-8328-565c1c1e3751:192.168.164.218:45890, fe5b8974-0e1b-4298-b2fc-508a8024071e:192.168.164.218:40705] returns group-ACCB3204EF4F:java.util.concurrent.CompletableFuture@1e27d63e[Not completed]
2019-10-15 02:03:32,055 [grpc-default-executor-3] INFO  impl.RaftServerProxy (RaftServerProxy.java:addNew(89)) - 1e9e9917-9bd5-40ce-95c0-43bac1b33ed1: addNew group-ACCB3204EF4F:[1e9e9917-9bd5-40ce-95c0-43bac1b33ed1:192.168.164.218:35271, 38cb8bf3-4857-46eb-8328-565c1c1e3751:192.168.164.218:45890, fe5b8974-0e1b-4298-b2fc-508a8024071e:192.168.164.218:40705] returns group-ACCB3204EF4F:java.util.concurrent.CompletableFuture@621abf3e[Not completed]
2019-10-15 02:03:32,058 [grpc-default-executor-1] INFO  impl.RaftServerProxy (RaftServerProxy.java:addNew(89)) - fe5b8974-0e1b-4298-b2fc-508a8024071e: addNew group-ACCB3204EF4F:[1e9e9917-9bd5-40ce-95c0-43bac1b33ed1:192.168.164.218:35271, 38cb8bf3-4857-46eb-8328-565c1c1e3751:192.168.164.218:45890, fe5b8974-0e1b-4298-b2fc-508a8024071e:192.168.164.218:40705] returns group-ACCB3204EF4F:java.util.concurrent.CompletableFuture@5e9b627c[Not completed]
2019-10-15 02:03:32,060 [pool-37-thread-1] INFO  impl.RaftServerImpl (RaftServerImpl.java:<init>(95)) - 1e9e9917-9bd5-40ce-95c0-43bac1b33ed1: new RaftServerImpl for group-ACCB3204EF4F:[1e9e9917-9bd5-40ce-95c0-43bac1b33ed1:192.168.164.218:35271, 38cb8bf3-4857-46eb-8328-565c1c1e3751:192.168.164.218:45890, fe5b8974-0e1b-4298-b2fc-508a8024071e:192.168.164.218:40705] with ContainerStateMachine:uninitialized
2019-10-15 02:03:32,061 [pool-37-thread-1] INFO  server.RaftServerConfigKeys (ConfUtils.java:logGet(43)) - raft.server.rpc.timeout.min = 5s (custom)
2019-10-15 02:03:32,061 [pool-37-thread-1] INFO  server.RaftServerConfigKeys (ConfUtils.java:logGet(43)) - raft.server.rpc.timeout.max = 5200ms (custom)
2019-10-15 02:03:32,061 [pool-37-thread-1] INFO  server.RaftServerConfigKeys (ConfUtils.java:logGet(43)) - raft.server.rpcslowness.timeout = 120s (custom)
2019-10-15 02:03:32,061 [pool-37-thread-1] INFO  server.RaftServerConfigKeys (ConfUtils.java:logGet(43)) - raft.server.sleep.deviation.threshold = 300 (default)
2019-10-15 02:03:32,062 [pool-37-thread-1] INFO  server.RaftServerConfigKeys (ConfUtils.java:logGet(43)) - raft.server.log.appender.install.snapshot.enabled = false (custom)
2019-10-15 02:03:32,062 [pool-37-thread-1] INFO  impl.RaftServerImpl (ServerState.java:<init>(103)) - 1e9e9917-9bd5-40ce-95c0-43bac1b33ed1@group-ACCB3204EF4F: ConfigurationManager, init=-1: [1e9e9917-9bd5-40ce-95c0-43bac1b33ed1:192.168.164.218:35271, 38cb8bf3-4857-46eb-8328-565c1c1e3751:192.168.164.218:45890, fe5b8974-0e1b-4298-b2fc-508a8024071e:192.168.164.218:40705], old=null, confs=<EMPTY_MAP>
2019-10-15 02:03:32,062 [pool-37-thread-1] INFO  server.RaftServerConfigKeys (ConfUtils.java:logGet(43)) - raft.server.storage.dir = [/workdir/hadoop-ozone/tools/target/test-dir/MiniOzoneClusterImpl-3fdca94b-2d19-4221-aa5f-89f1e59518ac/datanode-1/data/ratis] (custom)
2019-10-15 02:03:32,062 [pool-27-thread-1] INFO  impl.RaftServerImpl (RaftServerImpl.java:<init>(95)) - fe5b8974-0e1b-4298-b2fc-508a8024071e: new RaftServerImpl for group-ACCB3204EF4F:[1e9e9917-9bd5-40ce-95c0-43bac1b33ed1:192.168.164.218:35271, 38cb8bf3-4857-46eb-8328-565c1c1e3751:192.168.164.218:45890, fe5b8974-0e1b-4298-b2fc-508a8024071e:192.168.164.218:40705] with ContainerStateMachine:uninitialized
2019-10-15 02:03:32,063 [pool-27-thread-1] INFO  server.RaftServerConfigKeys (ConfUtils.java:logGet(43)) - raft.server.rpc.timeout.min = 5s (custom)
2019-10-15 02:03:32,063 [pool-37-thread-1] INFO  server.RaftServerConfigKeys (ConfUtils.java:logGet(43)) - raft.server.log.corruption.policy = EXCEPTION (default)
2019-10-15 02:03:32,063 [pool-27-thread-1] INFO  server.RaftServerConfigKeys (ConfUtils.java:logGet(43)) - raft.server.rpc.timeout.max = 5200ms (custom)
2019-10-15 02:03:32,063 [pool-37-thread-1] INFO  storage.RaftStorageDirectory (RaftStorageDirectory.java:analyzeStorage(246)) - The storage directory /workdir/hadoop-ozone/tools/target/test-dir/MiniOzoneClusterImpl-3fdca94b-2d19-4221-aa5f-89f1e59518ac/datanode-1/data/ratis/944f455a-ec54-4352-a054-accb3204ef4f does not exist. Creating ...
2019-10-15 02:03:32,063 [pool-27-thread-1] INFO  server.RaftServerConfigKeys (ConfUtils.java:logGet(43)) - raft.server.rpcslowness.timeout = 120s (custom)
2019-10-15 02:03:32,063 [pool-27-thread-1] INFO  server.RaftServerConfigKeys (ConfUtils.java:logGet(43)) - raft.server.sleep.deviation.threshold = 300 (default)
2019-10-15 02:03:32,063 [pool-47-thread-1] INFO  impl.RaftServerImpl (RaftServerImpl.java:<init>(95)) - 38cb8bf3-4857-46eb-8328-565c1c1e3751: new RaftServerImpl for group-ACCB3204EF4F:[1e9e9917-9bd5-40ce-95c0-43bac1b33ed1:192.168.164.218:35271, 38cb8bf3-4857-46eb-8328-565c1c1e3751:192.168.164.218:45890, fe5b8974-0e1b-4298-b2fc-508a8024071e:192.168.164.218:40705] with ContainerStateMachine:uninitialized
2019-10-15 02:03:32,063 [pool-27-thread-1] INFO  server.RaftServerConfigKeys (ConfUtils.java:logGet(43)) - raft.server.log.appender.install.snapshot.enabled = false (custom)
2019-10-15 02:03:32,064 [pool-47-thread-1] INFO  server.RaftServerConfigKeys (ConfUtils.java:logGet(43)) - raft.server.rpc.timeout.min = 5s (custom)
2019-10-15 02:03:32,064 [pool-27-thread-1] INFO  impl.RaftServerImpl (ServerState.java:<init>(103)) - fe5b8974-0e1b-4298-b2fc-508a8024071e@group-ACCB3204EF4F: ConfigurationManager, init=-1: [1e9e9917-9bd5-40ce-95c0-43bac1b33ed1:192.168.164.218:35271, 38cb8bf3-4857-46eb-8328-565c1c1e3751:192.168.164.218:45890, fe5b8974-0e1b-4298-b2fc-508a8024071e:192.168.164.218:40705], old=null, confs=<EMPTY_MAP>
2019-10-15 02:03:32,064 [pool-47-thread-1] INFO  server.RaftServerConfigKeys (ConfUtils.java:logGet(43)) - raft.server.rpc.timeout.max = 5200ms (custom)
2019-10-15 02:03:32,064 [pool-27-thread-1] INFO  server.RaftServerConfigKeys (ConfUtils.java:logGet(43)) - raft.server.storage.dir = [/workdir/hadoop-ozone/tools/target/test-dir/MiniOzoneClusterImpl-3fdca94b-2d19-4221-aa5f-89f1e59518ac/datanode-0/data/ratis] (custom)
2019-10-15 02:03:32,064 [pool-47-thread-1] INFO  server.RaftServerConfigKeys (ConfUtils.java:logGet(43)) - raft.server.rpcslowness.timeout = 120s (custom)
2019-10-15 02:03:32,064 [pool-47-thread-1] INFO  server.RaftServerConfigKeys (ConfUtils.java:logGet(43)) - raft.server.sleep.deviation.threshold = 300 (default)
2019-10-15 02:03:32,064 [pool-27-thread-1] INFO  server.RaftServerConfigKeys (ConfUtils.java:logGet(43)) - raft.server.log.corruption.policy = EXCEPTION (default)
2019-10-15 02:03:32,065 [pool-47-thread-1] INFO  server.RaftServerConfigKeys (ConfUtils.java:logGet(43)) - raft.server.log.appender.install.snapshot.enabled = false (custom)
2019-10-15 02:03:32,065 [pool-27-thread-1] INFO  storage.RaftStorageDirectory (RaftStorageDirectory.java:analyzeStorage(246)) - The storage directory /workdir/hadoop-ozone/tools/target/test-dir/MiniOzoneClusterImpl-3fdca94b-2d19-4221-aa5f-89f1e59518ac/datanode-0/data/ratis/944f455a-ec54-4352-a054-accb3204ef4f does not exist. Creating ...
2019-10-15 02:03:32,065 [pool-47-thread-1] INFO  impl.RaftServerImpl (ServerState.java:<init>(103)) - 38cb8bf3-4857-46eb-8328-565c1c1e3751@group-ACCB3204EF4F: ConfigurationManager, init=-1: [1e9e9917-9bd5-40ce-95c0-43bac1b33ed1:192.168.164.218:35271, 38cb8bf3-4857-46eb-8328-565c1c1e3751:192.168.164.218:45890, fe5b8974-0e1b-4298-b2fc-508a8024071e:192.168.164.218:40705], old=null, confs=<EMPTY_MAP>
2019-10-15 02:03:32,065 [pool-47-thread-1] INFO  server.RaftServerConfigKeys (ConfUtils.java:logGet(43)) - raft.server.storage.dir = [/workdir/hadoop-ozone/tools/target/test-dir/MiniOzoneClusterImpl-3fdca94b-2d19-4221-aa5f-89f1e59518ac/datanode-2/data/ratis] (custom)
2019-10-15 02:03:32,065 [pool-47-thread-1] INFO  server.RaftServerConfigKeys (ConfUtils.java:logGet(43)) - raft.server.log.corruption.policy = EXCEPTION (default)
2019-10-15 02:03:32,066 [pool-47-thread-1] INFO  storage.RaftStorageDirectory (RaftStorageDirectory.java:analyzeStorage(246)) - The storage directory /workdir/hadoop-ozone/tools/target/test-dir/MiniOzoneClusterImpl-3fdca94b-2d19-4221-aa5f-89f1e59518ac/datanode-2/data/ratis/944f455a-ec54-4352-a054-accb3204ef4f does not exist. Creating ...
2019-10-15 02:03:32,092 [pool-27-thread-1] INFO  storage.RaftStorageDirectory (RaftStorageDirectory.java:tryLock(328)) - Lock on /workdir/hadoop-ozone/tools/target/test-dir/MiniOzoneClusterImpl-3fdca94b-2d19-4221-aa5f-89f1e59518ac/datanode-0/data/ratis/944f455a-ec54-4352-a054-accb3204ef4f/in_use.lock acquired by nodename 30131@pr-hdds-1868-7bj8h-208101609
2019-10-15 02:03:32,092 [pool-47-thread-1] INFO  storage.RaftStorageDirectory (RaftStorageDirectory.java:tryLock(328)) - Lock on /workdir/hadoop-ozone/tools/target/test-dir/MiniOzoneClusterImpl-3fdca94b-2d19-4221-aa5f-89f1e59518ac/datanode-2/data/ratis/944f455a-ec54-4352-a054-accb3204ef4f/in_use.lock acquired by nodename 30131@pr-hdds-1868-7bj8h-208101609
2019-10-15 02:03:32,092 [pool-37-thread-1] INFO  storage.RaftStorageDirectory (RaftStorageDirectory.java:tryLock(328)) - Lock on /workdir/hadoop-ozone/tools/target/test-dir/MiniOzoneClusterImpl-3fdca94b-2d19-4221-aa5f-89f1e59518ac/datanode-1/data/ratis/944f455a-ec54-4352-a054-accb3204ef4f/in_use.lock acquired by nodename 30131@pr-hdds-1868-7bj8h-208101609
2019-10-15 02:03:32,118 [pool-27-thread-1] INFO  storage.RaftStorage (RaftStorage.java:format(84)) - Storage directory /workdir/hadoop-ozone/tools/target/test-dir/MiniOzoneClusterImpl-3fdca94b-2d19-4221-aa5f-89f1e59518ac/datanode-0/data/ratis/944f455a-ec54-4352-a054-accb3204ef4f has been successfully formatted.
2019-10-15 02:03:32,118 [pool-47-thread-1] INFO  storage.RaftStorage (RaftStorage.java:format(84)) - Storage directory /workdir/hadoop-ozone/tools/target/test-dir/MiniOzoneClusterImpl-3fdca94b-2d19-4221-aa5f-89f1e59518ac/datanode-2/data/ratis/944f455a-ec54-4352-a054-accb3204ef4f has been successfully formatted.
2019-10-15 02:03:32,118 [pool-27-thread-1] INFO  ratis.ContainerStateMachine (ContainerStateMachine.java:loadSnapshot(233)) - group-ACCB3204EF4F: The snapshot info is null. Setting the last applied indexto:(t:0, i:~)
2019-10-15 02:03:32,118 [pool-37-thread-1] INFO  storage.RaftStorage (RaftStorage.java:format(84)) - Storage directory /workdir/hadoop-ozone/tools/target/test-dir/MiniOzoneClusterImpl-3fdca94b-2d19-4221-aa5f-89f1e59518ac/datanode-1/data/ratis/944f455a-ec54-4352-a054-accb3204ef4f has been successfully formatted.
2019-10-15 02:03:32,118 [pool-47-thread-1] INFO  ratis.ContainerStateMachine (ContainerStateMachine.java:loadSnapshot(233)) - group-ACCB3204EF4F: The snapshot info is null. Setting the last applied indexto:(t:0, i:~)
2019-10-15 02:03:32,118 [pool-37-thread-1] INFO  ratis.ContainerStateMachine (ContainerStateMachine.java:loadSnapshot(233)) - group-ACCB3204EF4F: The snapshot info is null. Setting the last applied indexto:(t:0, i:~)
2019-10-15 02:03:32,118 [pool-27-thread-1] INFO  server.RaftServerConfigKeys (ConfUtils.java:logGet(43)) - raft.server.notification.no-leader.timeout = 120s (custom)
2019-10-15 02:03:32,119 [pool-37-thread-1] INFO  server.RaftServerConfigKeys (ConfUtils.java:logGet(43)) - raft.server.notification.no-leader.timeout = 120s (custom)
2019-10-15 02:03:32,119 [pool-47-thread-1] INFO  server.RaftServerConfigKeys (ConfUtils.java:logGet(43)) - raft.server.notification.no-leader.timeout = 120s (custom)
2019-10-15 02:03:32,119 [pool-37-thread-1] INFO  server.RaftServerConfigKeys (ConfUtils.java:logGet(43)) - raft.server.log.use.memory = false (default)
2019-10-15 02:03:32,119 [pool-27-thread-1] INFO  server.RaftServerConfigKeys (ConfUtils.java:logGet(43)) - raft.server.log.use.memory = false (default)
2019-10-15 02:03:32,119 [pool-37-thread-1] INFO  server.RaftServerConfigKeys (ConfUtils.java:logGet(43)) - raft.server.log.purge.gap = 1000000 (custom)
2019-10-15 02:03:32,119 [pool-47-thread-1] INFO  server.RaftServerConfigKeys (ConfUtils.java:logGet(43)) - raft.server.log.use.memory = false (default)
2019-10-15 02:03:32,120 [pool-37-thread-1] INFO  server.RaftServerConfigKeys (ConfUtils.java:logGet(43)) - raft.server.log.appender.buffer.byte-limit = 33554432 (custom)
2019-10-15 02:03:32,119 [pool-27-thread-1] INFO  server.RaftServerConfigKeys (ConfUtils.java:logGet(43)) - raft.server.log.purge.gap = 1000000 (custom)
2019-10-15 02:03:32,120 [pool-37-thread-1] INFO  server.RaftServerConfigKeys (ConfUtils.java:logGet(43)) - raft.server.log.segment.size.max = 1048576 (custom)
2019-10-15 02:03:32,120 [pool-47-thread-1] INFO  server.RaftServerConfigKeys (ConfUtils.java:logGet(43)) - raft.server.log.purge.gap = 1000000 (custom)
2019-10-15 02:03:32,120 [pool-37-thread-1] INFO  server.RaftServerConfigKeys (ConfUtils.java:logGet(43)) - raft.server.log.segment.cache.num.max = 2 (custom)
2019-10-15 02:03:32,120 [pool-27-thread-1] INFO  server.RaftServerConfigKeys (ConfUtils.java:logGet(43)) - raft.server.log.appender.buffer.byte-limit = 33554432 (custom)
2019-10-15 02:03:32,121 [pool-37-thread-1] INFO  segmented.SegmentedRaftLogWorker (SegmentedRaftLogWorker.java:<init>(173)) - new 1e9e9917-9bd5-40ce-95c0-43bac1b33ed1@group-ACCB3204EF4F-SegmentedRaftLogWorker for RaftStorage:Storage Directory /workdir/hadoop-ozone/tools/target/test-dir/MiniOzoneClusterImpl-3fdca94b-2d19-4221-aa5f-89f1e59518ac/datanode-1/data/ratis/944f455a-ec54-4352-a054-accb3204ef4f
2019-10-15 02:03:32,121 [pool-47-thread-1] INFO  server.RaftServerConfigKeys (ConfUtils.java:logGet(43)) - raft.server.log.appender.buffer.byte-limit = 33554432 (custom)
2019-10-15 02:03:32,121 [pool-37-thread-1] INFO  server.RaftServerConfigKeys (ConfUtils.java:logGet(43)) - raft.server.log.queue.byte-limit = 2147483647 (custom)
2019-10-15 02:03:32,121 [pool-27-thread-1] INFO  server.RaftServerConfigKeys (ConfUtils.java:logGet(43)) - raft.server.log.segment.size.max = 1048576 (custom)
2019-10-15 02:03:32,121 [pool-37-thread-1] INFO  server.RaftServerConfigKeys (ConfUtils.java:logGet(43)) - raft.server.log.queue.element-limit = 1024 (custom)
2019-10-15 02:03:32,121 [pool-47-thread-1] INFO  server.RaftServerConfigKeys (ConfUtils.java:logGet(43)) - raft.server.log.segment.size.max = 1048576 (custom)
2019-10-15 02:03:32,122 [pool-37-thread-1] INFO  server.RaftServerConfigKeys (ConfUtils.java:logGet(43)) - raft.server.log.segment.size.max = 1048576 (custom)
2019-10-15 02:03:32,122 [pool-27-thread-1] INFO  server.RaftServerConfigKeys (ConfUtils.java:logGet(43)) - raft.server.log.segment.cache.num.max = 2 (custom)
2019-10-15 02:03:32,122 [pool-37-thread-1] INFO  server.RaftServerConfigKeys (ConfUtils.java:logGet(43)) - raft.server.log.preallocated.size = 16384 (custom)
2019-10-15 02:03:32,122 [pool-47-thread-1] INFO  server.RaftServerConfigKeys (ConfUtils.java:logGet(43)) - raft.server.log.segment.cache.num.max = 2 (custom)
2019-10-15 02:03:32,122 [pool-37-thread-1] INFO  server.RaftServerConfigKeys (ConfUtils.java:logGet(43)) - raft.server.log.write.buffer.size = 33554432 (custom)
2019-10-15 02:03:32,122 [pool-27-thread-1] INFO  segmented.SegmentedRaftLogWorker (SegmentedRaftLogWorker.java:<init>(173)) - new fe5b8974-0e1b-4298-b2fc-508a8024071e@group-ACCB3204EF4F-SegmentedRaftLogWorker for RaftStorage:Storage Directory /workdir/hadoop-ozone/tools/target/test-dir/MiniOzoneClusterImpl-3fdca94b-2d19-4221-aa5f-89f1e59518ac/datanode-0/data/ratis/944f455a-ec54-4352-a054-accb3204ef4f
2019-10-15 02:03:32,123 [pool-37-thread-1] INFO  server.RaftServerConfigKeys (ConfUtils.java:logGet(43)) - raft.server.log.force.sync.num = 128 (default)
2019-10-15 02:03:32,122 [pool-47-thread-1] INFO  segmented.SegmentedRaftLogWorker (SegmentedRaftLogWorker.java:<init>(173)) - new 38cb8bf3-4857-46eb-8328-565c1c1e3751@group-ACCB3204EF4F-SegmentedRaftLogWorker for RaftStorage:Storage Directory /workdir/hadoop-ozone/tools/target/test-dir/MiniOzoneClusterImpl-3fdca94b-2d19-4221-aa5f-89f1e59518ac/datanode-2/data/ratis/944f455a-ec54-4352-a054-accb3204ef4f
2019-10-15 02:03:32,123 [pool-37-thread-1] INFO  server.RaftServerConfigKeys (ConfUtils.java:logGet(43)) - raft.server.log.statemachine.data.sync = true (default)
2019-10-15 02:03:32,123 [pool-27-thread-1] INFO  server.RaftServerConfigKeys (ConfUtils.java:logGet(43)) - raft.server.log.queue.byte-limit = 2147483647 (custom)
2019-10-15 02:03:32,123 [pool-37-thread-1] INFO  server.RaftServerConfigKeys (ConfUtils.java:logGet(43)) - raft.server.log.statemachine.data.sync.timeout = 10s (default)
2019-10-15 02:03:32,123 [pool-47-thread-1] INFO  server.RaftServerConfigKeys (ConfUtils.java:logGet(43)) - raft.server.log.queue.byte-limit = 2147483647 (custom)
2019-10-15 02:03:32,124 [pool-37-thread-1] INFO  server.RaftServerConfigKeys (ConfUtils.java:logGet(43)) - raft.server.log.statemachine.data.sync.timeout.retry = -1 (default)
2019-10-15 02:03:32,123 [pool-27-thread-1] INFO  server.RaftServerConfigKeys (ConfUtils.java:logGet(43)) - raft.server.log.queue.element-limit = 1024 (custom)
2019-10-15 02:03:32,124 [pool-47-thread-1] INFO  server.RaftServerConfigKeys (ConfUtils.java:logGet(43)) - raft.server.log.queue.element-limit = 1024 (custom)
2019-10-15 02:03:32,124 [pool-37-thread-1] INFO  server.RaftServerConfigKeys (ConfUtils.java:logGet(43)) - raft.server.log.statemachine.data.caching.enabled = true (custom)
2019-10-15 02:03:32,124 [pool-27-thread-1] INFO  server.RaftServerConfigKeys (ConfUtils.java:logGet(43)) - raft.server.log.segment.size.max = 1048576 (custom)
2019-10-15 02:03:32,124 [pool-47-thread-1] INFO  server.RaftServerConfigKeys (ConfUtils.java:logGet(43)) - raft.server.log.segment.size.max = 1048576 (custom)
2019-10-15 02:03:32,125 [pool-37-thread-1] INFO  segmented.SegmentedRaftLogWorker (SegmentedRaftLogWorker.java:lambda$new$0(128)) - 1e9e9917-9bd5-40ce-95c0-43bac1b33ed1@group-ACCB3204EF4F-SegmentedRaftLogWorker: flushIndex: setUnconditionally 0 -> -1
2019-10-15 02:03:32,125 [pool-27-thread-1] INFO  server.RaftServerConfigKeys (ConfUtils.java:logGet(43)) - raft.server.log.preallocated.size = 16384 (custom)
2019-10-15 02:03:32,125 [pool-47-thread-1] INFO  server.RaftServerConfigKeys (ConfUtils.java:logGet(43)) - raft.server.log.preallocated.size = 16384 (custom)
2019-10-15 02:03:32,125 [pool-27-thread-1] INFO  server.RaftServerConfigKeys (ConfUtils.java:logGet(43)) - raft.server.log.write.buffer.size = 33554432 (custom)
2019-10-15 02:03:32,125 [pool-37-thread-1] INFO  server.RaftServerConfigKeys (ConfUtils.java:logGet(43)) - raft.server.snapshot.auto.trigger.enabled = true (custom)
2019-10-15 02:03:32,126 [pool-27-thread-1] INFO  server.RaftServerConfigKeys (ConfUtils.java:logGet(43)) - raft.server.log.force.sync.num = 128 (default)
2019-10-15 02:03:32,126 [pool-47-thread-1] INFO  server.RaftServerConfigKeys (ConfUtils.java:logGet(43)) - raft.server.log.write.buffer.size = 33554432 (custom)
2019-10-15 02:03:32,126 [pool-27-thread-1] INFO  server.RaftServerConfigKeys (ConfUtils.java:logGet(43)) - raft.server.log.statemachine.data.sync = true (default)
2019-10-15 02:03:32,126 [pool-37-thread-1] INFO  server.RaftServerConfigKeys (ConfUtils.java:logGet(43)) - raft.server.snapshot.auto.trigger.threshold = 10000 (custom)
2019-10-15 02:03:32,126 [pool-27-thread-1] INFO  server.RaftServerConfigKeys (ConfUtils.java:logGet(43)) - raft.server.log.statemachine.data.sync.timeout = 10s (default)
2019-10-15 02:03:32,126 [pool-47-thread-1] INFO  server.RaftServerConfigKeys (ConfUtils.java:logGet(43)) - raft.server.log.force.sync.num = 128 (default)
2019-10-15 02:03:32,127 [pool-27-thread-1] INFO  server.RaftServerConfigKeys (ConfUtils.java:logGet(43)) - raft.server.log.statemachine.data.sync.timeout.retry = -1 (default)
2019-10-15 02:03:32,127 [pool-37-thread-1] INFO  server.RaftServerConfigKeys (ConfUtils.java:logGet(43)) - raft.server.snapshot.retention.file.num = 5 (custom)
2019-10-15 02:03:32,127 [pool-47-thread-1] INFO  server.RaftServerConfigKeys (ConfUtils.java:logGet(43)) - raft.server.log.statemachine.data.sync = true (default)
2019-10-15 02:03:32,127 [pool-37-thread-1] INFO  server.RaftServerConfigKeys (ConfUtils.java:logGet(43)) - raft.server.retrycache.expirytime = 600000ms (custom)
2019-10-15 02:03:32,127 [pool-27-thread-1] INFO  server.RaftServerConfigKeys (ConfUtils.java:logGet(43)) - raft.server.log.statemachine.data.caching.enabled = true (custom)
2019-10-15 02:03:32,127 [pool-47-thread-1] INFO  server.RaftServerConfigKeys (ConfUtils.java:logGet(43)) - raft.server.log.statemachine.data.sync.timeout = 10s (default)
2019-10-15 02:03:32,128 [pool-47-thread-1] INFO  server.RaftServerConfigKeys (ConfUtils.java:logGet(43)) - raft.server.log.statemachine.data.sync.timeout.retry = -1 (default)
2019-10-15 02:03:32,128 [pool-27-thread-1] INFO  segmented.SegmentedRaftLogWorker (SegmentedRaftLogWorker.java:lambda$new$0(128)) - fe5b8974-0e1b-4298-b2fc-508a8024071e@group-ACCB3204EF4F-SegmentedRaftLogWorker: flushIndex: setUnconditionally 0 -> -1
2019-10-15 02:03:32,128 [pool-47-thread-1] INFO  server.RaftServerConfigKeys (ConfUtils.java:logGet(43)) - raft.server.log.statemachine.data.caching.enabled = true (custom)
2019-10-15 02:03:32,129 [pool-27-thread-1] INFO  server.RaftServerConfigKeys (ConfUtils.java:logGet(43)) - raft.server.snapshot.auto.trigger.enabled = true (custom)
2019-10-15 02:03:32,129 [pool-47-thread-1] INFO  segmented.SegmentedRaftLogWorker (SegmentedRaftLogWorker.java:lambda$new$0(128)) - 38cb8bf3-4857-46eb-8328-565c1c1e3751@group-ACCB3204EF4F-SegmentedRaftLogWorker: flushIndex: setUnconditionally 0 -> -1
2019-10-15 02:03:32,129 [pool-27-thread-1] INFO  server.RaftServerConfigKeys (ConfUtils.java:logGet(43)) - raft.server.snapshot.auto.trigger.threshold = 10000 (custom)
2019-10-15 02:03:32,129 [pool-27-thread-1] INFO  server.RaftServerConfigKeys (ConfUtils.java:logGet(43)) - raft.server.snapshot.retention.file.num = 5 (custom)
2019-10-15 02:03:32,129 [pool-47-thread-1] INFO  server.RaftServerConfigKeys (ConfUtils.java:logGet(43)) - raft.server.snapshot.auto.trigger.enabled = true (custom)
2019-10-15 02:03:32,129 [pool-27-thread-1] INFO  server.RaftServerConfigKeys (ConfUtils.java:logGet(43)) - raft.server.retrycache.expirytime = 600000ms (custom)
2019-10-15 02:03:32,129 [pool-47-thread-1] INFO  server.RaftServerConfigKeys (ConfUtils.java:logGet(43)) - raft.server.snapshot.auto.trigger.threshold = 10000 (custom)
2019-10-15 02:03:32,130 [pool-47-thread-1] INFO  server.RaftServerConfigKeys (ConfUtils.java:logGet(43)) - raft.server.snapshot.retention.file.num = 5 (custom)
2019-10-15 02:03:32,130 [pool-47-thread-1] INFO  server.RaftServerConfigKeys (ConfUtils.java:logGet(43)) - raft.server.retrycache.expirytime = 600000ms (custom)
2019-10-15 02:03:32,131 [pool-37-thread-1] INFO  impl.RaftServerImpl (RaftServerImpl.java:start(181)) - 1e9e9917-9bd5-40ce-95c0-43bac1b33ed1@group-ACCB3204EF4F: start as a follower, conf=-1: [1e9e9917-9bd5-40ce-95c0-43bac1b33ed1:192.168.164.218:35271, 38cb8bf3-4857-46eb-8328-565c1c1e3751:192.168.164.218:45890, fe5b8974-0e1b-4298-b2fc-508a8024071e:192.168.164.218:40705], old=null
2019-10-15 02:03:32,132 [pool-37-thread-1] INFO  impl.RaftServerImpl (RaftServerImpl.java:setRole(170)) - 1e9e9917-9bd5-40ce-95c0-43bac1b33ed1@group-ACCB3204EF4F: changes role from      null to FOLLOWER at term 0 for startAsFollower
2019-10-15 02:03:32,132 [pool-37-thread-1] INFO  impl.RoleInfo (RoleInfo.java:updateAndGet(143)) - 1e9e9917-9bd5-40ce-95c0-43bac1b33ed1: start FollowerState
2019-10-15 02:03:32,132 [pool-37-thread-1] INFO  util.JmxRegister (JmxRegister.java:tryRegister(44)) - Successfully registered JMX Bean with object name Ratis:service=RaftServer,group=group-ACCB3204EF4F,id=1e9e9917-9bd5-40ce-95c0-43bac1b33ed1
2019-10-15 02:03:32,136 [pool-27-thread-1] INFO  impl.RaftServerImpl (RaftServerImpl.java:start(181)) - fe5b8974-0e1b-4298-b2fc-508a8024071e@group-ACCB3204EF4F: start as a follower, conf=-1: [1e9e9917-9bd5-40ce-95c0-43bac1b33ed1:192.168.164.218:35271, 38cb8bf3-4857-46eb-8328-565c1c1e3751:192.168.164.218:45890, fe5b8974-0e1b-4298-b2fc-508a8024071e:192.168.164.218:40705], old=null
2019-10-15 02:03:32,136 [pool-27-thread-1] INFO  impl.RaftServerImpl (RaftServerImpl.java:setRole(170)) - fe5b8974-0e1b-4298-b2fc-508a8024071e@group-ACCB3204EF4F: changes role from      null to FOLLOWER at term 0 for startAsFollower
2019-10-15 02:03:32,136 [pool-47-thread-1] INFO  impl.RaftServerImpl (RaftServerImpl.java:start(181)) - 38cb8bf3-4857-46eb-8328-565c1c1e3751@group-ACCB3204EF4F: start as a follower, conf=-1: [1e9e9917-9bd5-40ce-95c0-43bac1b33ed1:192.168.164.218:35271, 38cb8bf3-4857-46eb-8328-565c1c1e3751:192.168.164.218:45890, fe5b8974-0e1b-4298-b2fc-508a8024071e:192.168.164.218:40705], old=null
2019-10-15 02:03:32,136 [pool-27-thread-1] INFO  impl.RoleInfo (RoleInfo.java:updateAndGet(143)) - fe5b8974-0e1b-4298-b2fc-508a8024071e: start FollowerState
2019-10-15 02:03:32,136 [pool-47-thread-1] INFO  impl.RaftServerImpl (RaftServerImpl.java:setRole(170)) - 38cb8bf3-4857-46eb-8328-565c1c1e3751@group-ACCB3204EF4F: changes role from      null to FOLLOWER at term 0 for startAsFollower
2019-10-15 02:03:32,137 [pool-47-thread-1] INFO  impl.RoleInfo (RoleInfo.java:updateAndGet(143)) - 38cb8bf3-4857-46eb-8328-565c1c1e3751: start FollowerState
2019-10-15 02:03:32,137 [pool-27-thread-1] INFO  util.JmxRegister (JmxRegister.java:tryRegister(44)) - Successfully registered JMX Bean with object name Ratis:service=RaftServer,group=group-ACCB3204EF4F,id=fe5b8974-0e1b-4298-b2fc-508a8024071e
2019-10-15 02:03:32,137 [pool-47-thread-1] INFO  util.JmxRegister (JmxRegister.java:tryRegister(44)) - Successfully registered JMX Bean with object name Ratis:service=RaftServer,group=group-ACCB3204EF4F,id=38cb8bf3-4857-46eb-8328-565c1c1e3751
2019-10-15 02:03:32,149 [RatisPipelineUtilsThread] INFO  pipeline.PipelineStateManager (PipelineStateManager.java:addPipeline(57)) - Created pipeline Pipeline[ Id: 944f455a-ec54-4352-a054-accb3204ef4f, Nodes: fe5b8974-0e1b-4298-b2fc-508a8024071e{ip: 192.168.164.218, host: pr-hdds-1868-7bj8h-208101609, networkLocation: /default-rack, certSerialId: null}1e9e9917-9bd5-40ce-95c0-43bac1b33ed1{ip: 192.168.164.218, host: pr-hdds-1868-7bj8h-208101609, networkLocation: /default-rack, certSerialId: null}38cb8bf3-4857-46eb-8328-565c1c1e3751{ip: 192.168.164.218, host: pr-hdds-1868-7bj8h-208101609, networkLocation: /default-rack, certSerialId: null}, Type:RATIS, Factor:THREE, State:ALLOCATED]
2019-10-15 02:03:32,167 [main] INFO  freon.RandomKeyGenerator (RandomKeyGenerator.java:call(283)) - Number of Threads: 10
2019-10-15 02:03:32,167 [main] INFO  freon.RandomKeyGenerator (RandomKeyGenerator.java:call(288)) - Number of Volumes: 1.
2019-10-15 02:03:32,168 [main] INFO  freon.RandomKeyGenerator (RandomKeyGenerator.java:call(289)) - Number of Buckets per Volume: 1.
2019-10-15 02:03:32,168 [main] INFO  freon.RandomKeyGenerator (RandomKeyGenerator.java:call(290)) - Number of Keys per Bucket: 1.
2019-10-15 02:03:32,168 [main] INFO  freon.RandomKeyGenerator (RandomKeyGenerator.java:call(291)) - Key size: 20971520 bytes
2019-10-15 02:03:32,168 [main] INFO  freon.RandomKeyGenerator (RandomKeyGenerator.java:call(292)) - Buffer size: 4096 bytes
2019-10-15 02:03:32,168 [main] INFO  freon.RandomKeyGenerator (RandomKeyGenerator.java:call(293)) - validateWrites : true
2019-10-15 02:03:32,170 [main] INFO  freon.RandomKeyGenerator (RandomKeyGenerator.java:call(307)) - Data validation is enabled.
2019-10-15 02:03:32,170 [pool-59-thread-1] INFO  rpc.RpcClient (RpcClient.java:createVolume(272)) - Creating Volume: vol-0-68869, with jenkins1000 as owner.
2019-10-15 02:03:32,171 [main] INFO  freon.RandomKeyGenerator (RandomKeyGenerator.java:call(313)) - Starting progress bar Thread.

 0.00% |█                                                                                                    |  0/1 Time: 0:00:002019-10-15 02:03:32,176 [IPC Server handler 1 on 41051] INFO  volume.OMVolumeCreateRequest (OMVolumeCreateRequest.java:validateAndUpdateCache(193)) - created volume:vol-0-68869 for user:jenkins1000
2019-10-15 02:03:32,189 [pool-59-thread-2] INFO  rpc.RpcClient (RpcClient.java:createBucket(411)) - Creating Bucket: vol-0-68869/bucket-0-99189, with Versioning false and Storage Type set to DISK and Encryption set to false 
2019-10-15 02:03:32,208 [IPC Server handler 0 on 44583] WARN  block.BlockManagerImpl (BlockManagerImpl.java:allocateBlock(194)) - Pipeline creation failed for type:RATIS factor:THREE. Retrying get pipelines call once.
org.apache.hadoop.hdds.scm.pipeline.InsufficientDatanodesException: Cannot create pipeline of factor 3 using 0 nodes.
	at org.apache.hadoop.hdds.scm.pipeline.RatisPipelineProvider.create(RatisPipelineProvider.java:155)
	at org.apache.hadoop.hdds.scm.pipeline.PipelineFactory.create(PipelineFactory.java:58)
	at org.apache.hadoop.hdds.scm.pipeline.SCMPipelineManager.createPipeline(SCMPipelineManager.java:155)
	at org.apache.hadoop.hdds.scm.block.BlockManagerImpl.allocateBlock(BlockManagerImpl.java:192)
	at org.apache.hadoop.hdds.scm.server.SCMBlockProtocolServer.allocateBlock(SCMBlockProtocolServer.java:182)
	at org.apache.hadoop.hdds.scm.protocol.ScmBlockLocationProtocolServerSideTranslatorPB.allocateScmBlock(ScmBlockLocationProtocolServerSideTranslatorPB.java:159)
	at org.apache.hadoop.hdds.scm.protocol.ScmBlockLocationProtocolServerSideTranslatorPB.processMessage(ScmBlockLocationProtocolServerSideTranslatorPB.java:117)
	at org.apache.hadoop.hdds.server.OzoneProtocolMessageDispatcher.processRequest(OzoneProtocolMessageDispatcher.java:72)
	at org.apache.hadoop.hdds.scm.protocol.ScmBlockLocationProtocolServerSideTranslatorPB.send(ScmBlockLocationProtocolServerSideTranslatorPB.java:98)
	at org.apache.hadoop.hdds.protocol.proto.ScmBlockLocationProtocolProtos$ScmBlockLocationProtocolService$2.callBlockingMethod(ScmBlockLocationProtocolProtos.java:13157)
	at org.apache.hadoop.ipc.ProtobufRpcEngine$Server$ProtoBufRpcInvoker.call(ProtobufRpcEngine.java:524)
	at org.apache.hadoop.ipc.RPC$Server.call(RPC.java:1025)
	at org.apache.hadoop.ipc.Server$RpcCall.run(Server.java:876)
	at org.apache.hadoop.ipc.Server$RpcCall.run(Server.java:822)
	at java.security.AccessController.doPrivileged(Native Method)
	at javax.security.auth.Subject.doAs(Subject.java:422)
	at org.apache.hadoop.security.UserGroupInformation.doAs(UserGroupInformation.java:1730)
	at org.apache.hadoop.ipc.Server$Handler.run(Server.java:2682)
2019-10-15 02:03:32,210 [IPC Server handler 0 on 44583] INFO  block.BlockManagerImpl (BlockManagerImpl.java:allocateBlock(200)) - Could not find available pipeline of type:RATIS and factor:THREE even after retrying
2019-10-15 02:03:32,211 [IPC Server handler 0 on 44583] ERROR block.BlockManagerImpl (BlockManagerImpl.java:allocateBlock(224)) - Unable to allocate a block for the size: 4194304, type: RATIS, factor: THREE
2019-10-15 02:03:32,211 [IPC Server handler 0 on 44583] WARN  block.BlockManagerImpl (BlockManagerImpl.java:allocateBlock(194)) - Pipeline creation failed for type:RATIS factor:THREE. Retrying get pipelines call once.
org.apache.hadoop.hdds.scm.pipeline.InsufficientDatanodesException: Cannot create pipeline of factor 3 using 0 nodes.
	at org.apache.hadoop.hdds.scm.pipeline.RatisPipelineProvider.create(RatisPipelineProvider.java:155)
	at org.apache.hadoop.hdds.scm.pipeline.PipelineFactory.create(PipelineFactory.java:58)
	at org.apache.hadoop.hdds.scm.pipeline.SCMPipelineManager.createPipeline(SCMPipelineManager.java:155)
	at org.apache.hadoop.hdds.scm.block.BlockManagerImpl.allocateBlock(BlockManagerImpl.java:192)
	at org.apache.hadoop.hdds.scm.server.SCMBlockProtocolServer.allocateBlock(SCMBlockProtocolServer.java:182)
	at org.apache.hadoop.hdds.scm.protocol.ScmBlockLocationProtocolServerSideTranslatorPB.allocateScmBlock(ScmBlockLocationProtocolServerSideTranslatorPB.java:159)
	at org.apache.hadoop.hdds.scm.protocol.ScmBlockLocationProtocolServerSideTranslatorPB.processMessage(ScmBlockLocationProtocolServerSideTranslatorPB.java:117)
	at org.apache.hadoop.hdds.server.OzoneProtocolMessageDispatcher.processRequest(OzoneProtocolMessageDispatcher.java:72)
	at org.apache.hadoop.hdds.scm.protocol.ScmBlockLocationProtocolServerSideTranslatorPB.send(ScmBlockLocationProtocolServerSideTranslatorPB.java:98)
	at org.apache.hadoop.hdds.protocol.proto.ScmBlockLocationProtocolProtos$ScmBlockLocationProtocolService$2.callBlockingMethod(ScmBlockLocationProtocolProtos.java:13157)
	at org.apache.hadoop.ipc.ProtobufRpcEngine$Server$ProtoBufRpcInvoker.call(ProtobufRpcEngine.java:524)
	at org.apache.hadoop.ipc.RPC$Server.call(RPC.java:1025)
	at org.apache.hadoop.ipc.Server$RpcCall.run(Server.java:876)
	at org.apache.hadoop.ipc.Server$RpcCall.run(Server.java:822)
	at java.security.AccessController.doPrivileged(Native Method)
	at javax.security.auth.Subject.doAs(Subject.java:422)
	at org.apache.hadoop.security.UserGroupInformation.doAs(UserGroupInformation.java:1730)
	at org.apache.hadoop.ipc.Server$Handler.run(Server.java:2682)
2019-10-15 02:03:32,212 [IPC Server handler 0 on 44583] INFO  block.BlockManagerImpl (BlockManagerImpl.java:allocateBlock(200)) - Could not find available pipeline of type:RATIS and factor:THREE even after retrying
2019-10-15 02:03:32,212 [IPC Server handler 0 on 44583] ERROR block.BlockManagerImpl (BlockManagerImpl.java:allocateBlock(224)) - Unable to allocate a block for the size: 4194304, type: RATIS, factor: THREE
2019-10-15 02:03:32,213 [IPC Server handler 0 on 44583] WARN  block.BlockManagerImpl (BlockManagerImpl.java:allocateBlock(194)) - Pipeline creation failed for type:RATIS factor:THREE. Retrying get pipelines call once.
org.apache.hadoop.hdds.scm.pipeline.InsufficientDatanodesException: Cannot create pipeline of factor 3 using 0 nodes.
	at org.apache.hadoop.hdds.scm.pipeline.RatisPipelineProvider.create(RatisPipelineProvider.java:155)
	at org.apache.hadoop.hdds.scm.pipeline.PipelineFactory.create(PipelineFactory.java:58)
	at org.apache.hadoop.hdds.scm.pipeline.SCMPipelineManager.createPipeline(SCMPipelineManager.java:155)
	at org.apache.hadoop.hdds.scm.block.BlockManagerImpl.allocateBlock(BlockManagerImpl.java:192)
	at org.apache.hadoop.hdds.scm.server.SCMBlockProtocolServer.allocateBlock(SCMBlockProtocolServer.java:182)
	at org.apache.hadoop.hdds.scm.protocol.ScmBlockLocationProtocolServerSideTranslatorPB.allocateScmBlock(ScmBlockLocationProtocolServerSideTranslatorPB.java:159)
	at org.apache.hadoop.hdds.scm.protocol.ScmBlockLocationProtocolServerSideTranslatorPB.processMessage(ScmBlockLocationProtocolServerSideTranslatorPB.java:117)
	at org.apache.hadoop.hdds.server.OzoneProtocolMessageDispatcher.processRequest(OzoneProtocolMessageDispatcher.java:72)
	at org.apache.hadoop.hdds.scm.protocol.ScmBlockLocationProtocolServerSideTranslatorPB.send(ScmBlockLocationProtocolServerSideTranslatorPB.java:98)
	at org.apache.hadoop.hdds.protocol.proto.ScmBlockLocationProtocolProtos$ScmBlockLocationProtocolService$2.callBlockingMethod(ScmBlockLocationProtocolProtos.java:13157)
	at org.apache.hadoop.ipc.ProtobufRpcEngine$Server$ProtoBufRpcInvoker.call(ProtobufRpcEngine.java:524)
	at org.apache.hadoop.ipc.RPC$Server.call(RPC.java:1025)
	at org.apache.hadoop.ipc.Server$RpcCall.run(Server.java:876)
	at org.apache.hadoop.ipc.Server$RpcCall.run(Server.java:822)
	at java.security.AccessController.doPrivileged(Native Method)
	at javax.security.auth.Subject.doAs(Subject.java:422)
	at org.apache.hadoop.security.UserGroupInformation.doAs(UserGroupInformation.java:1730)
	at org.apache.hadoop.ipc.Server$Handler.run(Server.java:2682)
2019-10-15 02:03:32,214 [IPC Server handler 0 on 44583] INFO  block.BlockManagerImpl (BlockManagerImpl.java:allocateBlock(200)) - Could not find available pipeline of type:RATIS and factor:THREE even after retrying
2019-10-15 02:03:32,214 [IPC Server handler 0 on 44583] ERROR block.BlockManagerImpl (BlockManagerImpl.java:allocateBlock(224)) - Unable to allocate a block for the size: 4194304, type: RATIS, factor: THREE
2019-10-15 02:03:32,217 [IPC Server handler 0 on 44583] WARN  block.BlockManagerImpl (BlockManagerImpl.java:allocateBlock(194)) - Pipeline creation failed for type:RATIS factor:THREE. Retrying get pipelines call once.
org.apache.hadoop.hdds.scm.pipeline.InsufficientDatanodesException: Cannot create pipeline of factor 3 using 0 nodes.
	at org.apache.hadoop.hdds.scm.pipeline.RatisPipelineProvider.create(RatisPipelineProvider.java:155)
	at org.apache.hadoop.hdds.scm.pipeline.PipelineFactory.create(PipelineFactory.java:58)
	at org.apache.hadoop.hdds.scm.pipeline.SCMPipelineManager.createPipeline(SCMPipelineManager.java:155)
	at org.apache.hadoop.hdds.scm.block.BlockManagerImpl.allocateBlock(BlockManagerImpl.java:192)
	at org.apache.hadoop.hdds.scm.server.SCMBlockProtocolServer.allocateBlock(SCMBlockProtocolServer.java:182)
	at org.apache.hadoop.hdds.scm.protocol.ScmBlockLocationProtocolServerSideTranslatorPB.allocateScmBlock(ScmBlockLocationProtocolServerSideTranslatorPB.java:159)
	at org.apache.hadoop.hdds.scm.protocol.ScmBlockLocationProtocolServerSideTranslatorPB.processMessage(ScmBlockLocationProtocolServerSideTranslatorPB.java:117)
	at org.apache.hadoop.hdds.server.OzoneProtocolMessageDispatcher.processRequest(OzoneProtocolMessageDispatcher.java:72)
	at org.apache.hadoop.hdds.scm.protocol.ScmBlockLocationProtocolServerSideTranslatorPB.send(ScmBlockLocationProtocolServerSideTranslatorPB.java:98)
	at org.apache.hadoop.hdds.protocol.proto.ScmBlockLocationProtocolProtos$ScmBlockLocationProtocolService$2.callBlockingMethod(ScmBlockLocationProtocolProtos.java:13157)
	at org.apache.hadoop.ipc.ProtobufRpcEngine$Server$ProtoBufRpcInvoker.call(ProtobufRpcEngine.java:524)
	at org.apache.hadoop.ipc.RPC$Server.call(RPC.java:1025)
	at org.apache.hadoop.ipc.Server$RpcCall.run(Server.java:876)
	at org.apache.hadoop.ipc.Server$RpcCall.run(Server.java:822)
	at java.security.AccessController.doPrivileged(Native Method)
	at javax.security.auth.Subject.doAs(Subject.java:422)
	at org.apache.hadoop.security.UserGroupInformation.doAs(UserGroupInformation.java:1730)
	at org.apache.hadoop.ipc.Server$Handler.run(Server.java:2682)
2019-10-15 02:03:32,218 [IPC Server handler 0 on 44583] INFO  block.BlockManagerImpl (BlockManagerImpl.java:allocateBlock(200)) - Could not find available pipeline of type:RATIS and factor:THREE even after retrying
2019-10-15 02:03:32,218 [IPC Server handler 0 on 44583] ERROR block.BlockManagerImpl (BlockManagerImpl.java:allocateBlock(224)) - Unable to allocate a block for the size: 4194304, type: RATIS, factor: THREE
2019-10-15 02:03:32,219 [IPC Server handler 0 on 44583] WARN  block.BlockManagerImpl (BlockManagerImpl.java:allocateBlock(194)) - Pipeline creation failed for type:RATIS factor:THREE. Retrying get pipelines call once.
org.apache.hadoop.hdds.scm.pipeline.InsufficientDatanodesException: Cannot create pipeline of factor 3 using 0 nodes.
	at org.apache.hadoop.hdds.scm.pipeline.RatisPipelineProvider.create(RatisPipelineProvider.java:155)
	at org.apache.hadoop.hdds.scm.pipeline.PipelineFactory.create(PipelineFactory.java:58)
	at org.apache.hadoop.hdds.scm.pipeline.SCMPipelineManager.createPipeline(SCMPipelineManager.java:155)
	at org.apache.hadoop.hdds.scm.block.BlockManagerImpl.allocateBlock(BlockManagerImpl.java:192)
	at org.apache.hadoop.hdds.scm.server.SCMBlockProtocolServer.allocateBlock(SCMBlockProtocolServer.java:182)
	at org.apache.hadoop.hdds.scm.protocol.ScmBlockLocationProtocolServerSideTranslatorPB.allocateScmBlock(ScmBlockLocationProtocolServerSideTranslatorPB.java:159)
	at org.apache.hadoop.hdds.scm.protocol.ScmBlockLocationProtocolServerSideTranslatorPB.processMessage(ScmBlockLocationProtocolServerSideTranslatorPB.java:117)
	at org.apache.hadoop.hdds.server.OzoneProtocolMessageDispatcher.processRequest(OzoneProtocolMessageDispatcher.java:72)
	at org.apache.hadoop.hdds.scm.protocol.ScmBlockLocationProtocolServerSideTranslatorPB.send(ScmBlockLocationProtocolServerSideTranslatorPB.java:98)
	at org.apache.hadoop.hdds.protocol.proto.ScmBlockLocationProtocolProtos$ScmBlockLocationProtocolService$2.callBlockingMethod(ScmBlockLocationProtocolProtos.java:13157)
	at org.apache.hadoop.ipc.ProtobufRpcEngine$Server$ProtoBufRpcInvoker.call(ProtobufRpcEngine.java:524)
	at org.apache.hadoop.ipc.RPC$Server.call(RPC.java:1025)
	at org.apache.hadoop.ipc.Server$RpcCall.run(Server.java:876)
	at org.apache.hadoop.ipc.Server$RpcCall.run(Server.java:822)
	at java.security.AccessController.doPrivileged(Native Method)
	at javax.security.auth.Subject.doAs(Subject.java:422)
	at org.apache.hadoop.security.UserGroupInformation.doAs(UserGroupInformation.java:1730)
	at org.apache.hadoop.ipc.Server$Handler.run(Server.java:2682)
2019-10-15 02:03:32,219 [IPC Server handler 0 on 44583] INFO  block.BlockManagerImpl (BlockManagerImpl.java:allocateBlock(200)) - Could not find available pipeline of type:RATIS and factor:THREE even after retrying
2019-10-15 02:03:32,219 [IPC Server handler 0 on 44583] ERROR block.BlockManagerImpl (BlockManagerImpl.java:allocateBlock(224)) - Unable to allocate a block for the size: 4194304, type: RATIS, factor: THREE
2019-10-15 02:03:32,224 [pool-59-thread-3] ERROR freon.RandomKeyGenerator (RandomKeyGenerator.java:createKey(733)) - Exception while adding key: key-0-09638 in bucket: bucket-0-99189 of volume: vol-0-68869.
INTERNAL_ERROR org.apache.hadoop.ozone.om.exceptions.OMException: Allocated 0 blocks. Requested 5 blocks
	at org.apache.hadoop.ozone.om.protocolPB.OzoneManagerProtocolClientSideTranslatorPB.handleError(OzoneManagerProtocolClientSideTranslatorPB.java:732)
	at org.apache.hadoop.ozone.om.protocolPB.OzoneManagerProtocolClientSideTranslatorPB.openKey(OzoneManagerProtocolClientSideTranslatorPB.java:723)
	at sun.reflect.NativeMethodAccessorImpl.invoke0(Native Method)
	at sun.reflect.NativeMethodAccessorImpl.invoke(NativeMethodAccessorImpl.java:62)
	at sun.reflect.DelegatingMethodAccessorImpl.invoke(DelegatingMethodAccessorImpl.java:43)
	at java.lang.reflect.Method.invoke(Method.java:498)
	at org.apache.hadoop.hdds.tracing.TraceAllMethod.invoke(TraceAllMethod.java:66)
	at com.sun.proxy.$Proxy37.openKey(Unknown Source)
	at org.apache.hadoop.ozone.client.rpc.RpcClient.createKey(RpcClient.java:614)
	at org.apache.hadoop.ozone.client.OzoneBucket.createKey(OzoneBucket.java:325)
	at org.apache.hadoop.ozone.freon.RandomKeyGenerator.createKey(RandomKeyGenerator.java:695)
	at org.apache.hadoop.ozone.freon.RandomKeyGenerator.access$1100(RandomKeyGenerator.java:88)
	at org.apache.hadoop.ozone.freon.RandomKeyGenerator$ObjectCreator.run(RandomKeyGenerator.java:615)
	at java.util.concurrent.Executors$RunnableAdapter.call(Executors.java:511)
	at java.util.concurrent.FutureTask.run(FutureTask.java:266)
	at java.util.concurrent.ThreadPoolExecutor.runWorker(ThreadPoolExecutor.java:1149)
	at java.util.concurrent.ThreadPoolExecutor$Worker.run(ThreadPoolExecutor.java:624)
	at java.lang.Thread.run(Thread.java:748)
 0.00% |█                                                                                                    |  0/1 Time: 0:00:01 0.00% |█                                                                                                    |  0/1 Time: 0:00:02 0.00% |█                                                                                                    |  0/1 Time: 0:00:03 0.00% |█                                                                                                    |  0/1 Time: 0:00:042019-10-15 02:03:37,156 [Thread-486] INFO  impl.FollowerState (FollowerState.java:run(108)) - 38cb8bf3-4857-46eb-8328-565c1c1e3751@group-ACCB3204EF4F-FollowerState: change to CANDIDATE, lastRpcTime:5019ms, electionTimeout:5019ms
2019-10-15 02:03:37,157 [Thread-486] INFO  impl.RoleInfo (RoleInfo.java:shutdownFollowerState(121)) - 38cb8bf3-4857-46eb-8328-565c1c1e3751: shutdown FollowerState
2019-10-15 02:03:37,157 [Thread-486] INFO  impl.RaftServerImpl (RaftServerImpl.java:setRole(170)) - 38cb8bf3-4857-46eb-8328-565c1c1e3751@group-ACCB3204EF4F: changes role from  FOLLOWER to CANDIDATE at term 0 for changeToCandidate
2019-10-15 02:03:37,158 [Thread-486] INFO  impl.RoleInfo (RoleInfo.java:updateAndGet(143)) - 38cb8bf3-4857-46eb-8328-565c1c1e3751: start LeaderElection
 100.00% |█████████████████████████████████████████████████████████████████████████████████████████████████████|  1/1 Time: 0:00:05
2019-10-15 02:03:37,196 [38cb8bf3-4857-46eb-8328-565c1c1e3751@group-ACCB3204EF4F-LeaderElection6] INFO  impl.LeaderElection (LeaderElection.java:askForVotes(178)) - 38cb8bf3-4857-46eb-8328-565c1c1e3751@group-ACCB3204EF4F-LeaderElection6: begin an election at term 1 for -1: [1e9e9917-9bd5-40ce-95c0-43bac1b33ed1:192.168.164.218:35271, 38cb8bf3-4857-46eb-8328-565c1c1e3751:192.168.164.218:45890, fe5b8974-0e1b-4298-b2fc-508a8024071e:192.168.164.218:40705], old=null
2019-10-15 02:03:37,208 [grpc-default-executor-1] INFO  impl.RaftServerImpl (RaftServerImpl.java:setRole(170)) - fe5b8974-0e1b-4298-b2fc-508a8024071e@group-ACCB3204EF4F: changes role from  FOLLOWER to FOLLOWER at term 1 for recognizeCandidate:38cb8bf3-4857-46eb-8328-565c1c1e3751
2019-10-15 02:03:37,208 [grpc-default-executor-3] INFO  impl.RaftServerImpl (RaftServerImpl.java:setRole(170)) - 1e9e9917-9bd5-40ce-95c0-43bac1b33ed1@group-ACCB3204EF4F: changes role from  FOLLOWER to FOLLOWER at term 1 for recognizeCandidate:38cb8bf3-4857-46eb-8328-565c1c1e3751
2019-10-15 02:03:37,208 [grpc-default-executor-1] INFO  impl.RoleInfo (RoleInfo.java:shutdownFollowerState(121)) - fe5b8974-0e1b-4298-b2fc-508a8024071e: shutdown FollowerState
2019-10-15 02:03:37,209 [grpc-default-executor-3] INFO  impl.RoleInfo (RoleInfo.java:shutdownFollowerState(121)) - 1e9e9917-9bd5-40ce-95c0-43bac1b33ed1: shutdown FollowerState
2019-10-15 02:03:37,209 [grpc-default-executor-1] INFO  impl.RoleInfo (RoleInfo.java:updateAndGet(143)) - fe5b8974-0e1b-4298-b2fc-508a8024071e: start FollowerState
2019-10-15 02:03:37,209 [Thread-485] INFO  impl.FollowerState (FollowerState.java:run(117)) - fe5b8974-0e1b-4298-b2fc-508a8024071e@group-ACCB3204EF4F-FollowerState was interrupted: java.lang.InterruptedException: sleep interrupted
2019-10-15 02:03:37,209 [Thread-484] INFO  impl.FollowerState (FollowerState.java:run(117)) - 1e9e9917-9bd5-40ce-95c0-43bac1b33ed1@group-ACCB3204EF4F-FollowerState was interrupted: java.lang.InterruptedException: sleep interrupted
2019-10-15 02:03:37,209 [grpc-default-executor-3] INFO  impl.RoleInfo (RoleInfo.java:updateAndGet(143)) - 1e9e9917-9bd5-40ce-95c0-43bac1b33ed1: start FollowerState
2019-10-15 02:03:37,237 [38cb8bf3-4857-46eb-8328-565c1c1e3751@group-ACCB3204EF4F-LeaderElection6] INFO  impl.LeaderElection (LeaderElection.java:logAndReturn(56)) - 38cb8bf3-4857-46eb-8328-565c1c1e3751@group-ACCB3204EF4F-LeaderElection6: Election PASSED; received 1 response(s) [38cb8bf3-4857-46eb-8328-565c1c1e3751<-fe5b8974-0e1b-4298-b2fc-508a8024071e#0:OK-t1] and 0 exception(s); 38cb8bf3-4857-46eb-8328-565c1c1e3751@group-ACCB3204EF4F:t1, leader=null, voted=38cb8bf3-4857-46eb-8328-565c1c1e3751, raftlog=38cb8bf3-4857-46eb-8328-565c1c1e3751@group-ACCB3204EF4F-SegmentedRaftLog:OPENED:c-1,f-1,i0, conf=-1: [1e9e9917-9bd5-40ce-95c0-43bac1b33ed1:192.168.164.218:35271, 38cb8bf3-4857-46eb-8328-565c1c1e3751:192.168.164.218:45890, fe5b8974-0e1b-4298-b2fc-508a8024071e:192.168.164.218:40705], old=null
2019-10-15 02:03:37,238 [38cb8bf3-4857-46eb-8328-565c1c1e3751@group-ACCB3204EF4F-LeaderElection6] INFO  impl.RoleInfo (RoleInfo.java:shutdownLeaderElection(134)) - 38cb8bf3-4857-46eb-8328-565c1c1e3751: shutdown LeaderElection
2019-10-15 02:03:37,239 [38cb8bf3-4857-46eb-8328-565c1c1e3751@group-ACCB3204EF4F-LeaderElection6] INFO  impl.RaftServerImpl (RaftServerImpl.java:setRole(170)) - 38cb8bf3-4857-46eb-8328-565c1c1e3751@group-ACCB3204EF4F: changes role from CANDIDATE to LEADER at term 1 for changeToLeader
2019-10-15 02:03:37,239 [38cb8bf3-4857-46eb-8328-565c1c1e3751@group-ACCB3204EF4F-LeaderElection6] INFO  ratis.XceiverServerRatis (XceiverServerRatis.java:handleLeaderChangedNotification(702)) - Leader change notification received for group: group-ACCB3204EF4F with new leaderId: 38cb8bf3-4857-46eb-8328-565c1c1e3751
2019-10-15 02:03:37,240 [38cb8bf3-4857-46eb-8328-565c1c1e3751@group-ACCB3204EF4F-LeaderElection6] INFO  impl.RaftServerImpl (ServerState.java:setLeader(255)) - 38cb8bf3-4857-46eb-8328-565c1c1e3751@group-ACCB3204EF4F: change Leader from null to 38cb8bf3-4857-46eb-8328-565c1c1e3751 at term 1 for becomeLeader, leader elected after 5120ms
2019-10-15 02:03:37,240 [38cb8bf3-4857-46eb-8328-565c1c1e3751@group-ACCB3204EF4F-LeaderElection6] INFO  server.RaftServerConfigKeys (ConfUtils.java:logGet(43)) - raft.server.staging.catchup.gap = 1000 (default)
2019-10-15 02:03:37,240 [38cb8bf3-4857-46eb-8328-565c1c1e3751@group-ACCB3204EF4F-LeaderElection6] INFO  server.RaftServerConfigKeys (ConfUtils.java:logGet(43)) - raft.server.rpc.sleep.time = 25ms (default)
2019-10-15 02:03:37,241 [38cb8bf3-4857-46eb-8328-565c1c1e3751@group-ACCB3204EF4F-LeaderElection6] INFO  server.RaftServerConfigKeys (ConfUtils.java:logGet(43)) - raft.server.write.element-limit = 4096 (default)
2019-10-15 02:03:37,241 [38cb8bf3-4857-46eb-8328-565c1c1e3751@group-ACCB3204EF4F-LeaderElection6] INFO  server.RaftServerConfigKeys (ConfUtils.java:logGet(43)) - raft.server.watch.timeout = 10s (default)
2019-10-15 02:03:37,241 [38cb8bf3-4857-46eb-8328-565c1c1e3751@group-ACCB3204EF4F-LeaderElection6] INFO  server.RaftServerConfigKeys (ConfUtils.java:logGet(43)) - raft.server.watch.timeout.denomination = 1s (default)
2019-10-15 02:03:37,241 [38cb8bf3-4857-46eb-8328-565c1c1e3751@group-ACCB3204EF4F-LeaderElection6] INFO  server.RaftServerConfigKeys (ConfUtils.java:logGet(43)) - raft.server.watch.element-limit = 65536 (default)
2019-10-15 02:03:37,242 [EventQueue-PipelineReportForPipelineReportHandler] INFO  pipeline.PipelineReportHandler (PipelineReportHandler.java:processPipelineReport(119)) - Pipeline PipelineID=944f455a-ec54-4352-a054-accb3204ef4f reported by 38cb8bf3-4857-46eb-8328-565c1c1e3751{ip: 192.168.164.218, host: pr-hdds-1868-7bj8h-208101609, networkLocation: /default-rack, certSerialId: null} with leaderId 38cb8bf3-4857-46eb-8328-565c1c1e3751
2019-10-15 02:03:37,247 [38cb8bf3-4857-46eb-8328-565c1c1e3751@group-ACCB3204EF4F-LeaderElection6] INFO  server.RaftServerConfigKeys (ConfUtils.java:logGet(43)) - raft.server.log.appender.snapshot.chunk.size.max = 16MB (=16777216) (default)
2019-10-15 02:03:37,248 [38cb8bf3-4857-46eb-8328-565c1c1e3751@group-ACCB3204EF4F-LeaderElection6] INFO  server.RaftServerConfigKeys (ConfUtils.java:logGet(43)) - raft.server.log.appender.buffer.byte-limit = 33554432 (custom)
2019-10-15 02:03:37,248 [38cb8bf3-4857-46eb-8328-565c1c1e3751@group-ACCB3204EF4F-LeaderElection6] INFO  server.RaftServerConfigKeys (ConfUtils.java:logGet(43)) - raft.server.log.appender.buffer.element-limit = 1 (custom)
2019-10-15 02:03:37,248 [38cb8bf3-4857-46eb-8328-565c1c1e3751@group-ACCB3204EF4F-LeaderElection6] INFO  grpc.GrpcConfigKeys$Server (ConfUtils.java:logGet(43)) - raft.grpc.server.leader.outstanding.appends.max = 128 (default)
2019-10-15 02:03:37,250 [38cb8bf3-4857-46eb-8328-565c1c1e3751@group-ACCB3204EF4F-LeaderElection6] INFO  server.RaftServerConfigKeys (ConfUtils.java:logGet(43)) - raft.server.rpc.request.timeout = 3000ms (default)
2019-10-15 02:03:37,250 [38cb8bf3-4857-46eb-8328-565c1c1e3751@group-ACCB3204EF4F-LeaderElection6] INFO  server.RaftServerConfigKeys (ConfUtils.java:logGet(43)) - raft.server.log.appender.install.snapshot.enabled = false (custom)
2019-10-15 02:03:37,250 [38cb8bf3-4857-46eb-8328-565c1c1e3751@group-ACCB3204EF4F-LeaderElection6] INFO  server.RaftServerConfigKeys (ConfUtils.java:logGet(43)) - raft.server.log.appender.snapshot.chunk.size.max = 16MB (=16777216) (default)
2019-10-15 02:03:37,251 [38cb8bf3-4857-46eb-8328-565c1c1e3751@group-ACCB3204EF4F-LeaderElection6] INFO  server.RaftServerConfigKeys (ConfUtils.java:logGet(43)) - raft.server.log.appender.buffer.byte-limit = 33554432 (custom)
2019-10-15 02:03:37,251 [38cb8bf3-4857-46eb-8328-565c1c1e3751@group-ACCB3204EF4F-LeaderElection6] INFO  server.RaftServerConfigKeys (ConfUtils.java:logGet(43)) - raft.server.log.appender.buffer.element-limit = 1 (custom)
2019-10-15 02:03:37,251 [38cb8bf3-4857-46eb-8328-565c1c1e3751@group-ACCB3204EF4F-LeaderElection6] INFO  grpc.GrpcConfigKeys$Server (ConfUtils.java:logGet(43)) - raft.grpc.server.leader.outstanding.appends.max = 128 (default)
2019-10-15 02:03:37,251 [38cb8bf3-4857-46eb-8328-565c1c1e3751@group-ACCB3204EF4F-LeaderElection6] INFO  server.RaftServerConfigKeys (ConfUtils.java:logGet(43)) - raft.server.rpc.request.timeout = 3000ms (default)
2019-10-15 02:03:37,252 [38cb8bf3-4857-46eb-8328-565c1c1e3751@group-ACCB3204EF4F-LeaderElection6] INFO  server.RaftServerConfigKeys (ConfUtils.java:logGet(43)) - raft.server.log.appender.install.snapshot.enabled = false (custom)
2019-10-15 02:03:37,252 [38cb8bf3-4857-46eb-8328-565c1c1e3751@group-ACCB3204EF4F-LeaderElection6] INFO  impl.RoleInfo (RoleInfo.java:updateAndGet(143)) - 38cb8bf3-4857-46eb-8328-565c1c1e3751: start LeaderState
2019-10-15 02:03:37,252 [38cb8bf3-4857-46eb-8328-565c1c1e3751@group-ACCB3204EF4F-LeaderElection6] INFO  segmented.SegmentedRaftLogWorker (SegmentedRaftLogWorker.java:startLogSegment(385)) - 38cb8bf3-4857-46eb-8328-565c1c1e3751@group-ACCB3204EF4F-SegmentedRaftLogWorker: Starting segment from index:0
2019-10-15 02:03:37,254 [38cb8bf3-4857-46eb-8328-565c1c1e3751@group-ACCB3204EF4F-LeaderElection6] INFO  impl.RaftServerImpl (ServerState.java:setRaftConf(356)) - 38cb8bf3-4857-46eb-8328-565c1c1e3751@group-ACCB3204EF4F: set configuration 0: [1e9e9917-9bd5-40ce-95c0-43bac1b33ed1:192.168.164.218:35271, 38cb8bf3-4857-46eb-8328-565c1c1e3751:192.168.164.218:45890, fe5b8974-0e1b-4298-b2fc-508a8024071e:192.168.164.218:40705], old=null at 0
2019-10-15 02:03:37,295 [grpc-default-executor-3] INFO  ratis.XceiverServerRatis (XceiverServerRatis.java:handleLeaderChangedNotification(702)) - Leader change notification received for group: group-ACCB3204EF4F with new leaderId: 38cb8bf3-4857-46eb-8328-565c1c1e3751
2019-10-15 02:03:37,296 [grpc-default-executor-3] INFO  impl.RaftServerImpl (ServerState.java:setLeader(255)) - 1e9e9917-9bd5-40ce-95c0-43bac1b33ed1@group-ACCB3204EF4F: change Leader from null to 38cb8bf3-4857-46eb-8328-565c1c1e3751 at term 1 for appendEntries, leader elected after 5176ms
2019-10-15 02:03:37,296 [grpc-default-executor-1] INFO  ratis.XceiverServerRatis (XceiverServerRatis.java:handleLeaderChangedNotification(702)) - Leader change notification received for group: group-ACCB3204EF4F with new leaderId: 38cb8bf3-4857-46eb-8328-565c1c1e3751
2019-10-15 02:03:37,296 [grpc-default-executor-1] INFO  impl.RaftServerImpl (ServerState.java:setLeader(255)) - fe5b8974-0e1b-4298-b2fc-508a8024071e@group-ACCB3204EF4F: change Leader from null to 38cb8bf3-4857-46eb-8328-565c1c1e3751 at term 1 for appendEntries, leader elected after 5177ms
2019-10-15 02:03:37,300 [EventQueue-PipelineReportForPipelineReportHandler] INFO  pipeline.PipelineReportHandler (PipelineReportHandler.java:processPipelineReport(119)) - Pipeline PipelineID=944f455a-ec54-4352-a054-accb3204ef4f reported by fe5b8974-0e1b-4298-b2fc-508a8024071e{ip: 192.168.164.218, host: pr-hdds-1868-7bj8h-208101609, networkLocation: /default-rack, certSerialId: null} with leaderId 38cb8bf3-4857-46eb-8328-565c1c1e3751
2019-10-15 02:03:37,300 [EventQueue-PipelineReportForPipelineReportHandler] INFO  pipeline.PipelineReportHandler (PipelineReportHandler.java:processPipelineReport(119)) - Pipeline PipelineID=944f455a-ec54-4352-a054-accb3204ef4f reported by 1e9e9917-9bd5-40ce-95c0-43bac1b33ed1{ip: 192.168.164.218, host: pr-hdds-1868-7bj8h-208101609, networkLocation: /default-rack, certSerialId: null} with leaderId 38cb8bf3-4857-46eb-8328-565c1c1e3751
2019-10-15 02:03:37,301 [EventQueue-PipelineReportForPipelineReportHandler] INFO  pipeline.PipelineStateManager (PipelineStateManager.java:openPipeline(136)) - Pipeline Pipeline[ Id: 944f455a-ec54-4352-a054-accb3204ef4f, Nodes: fe5b8974-0e1b-4298-b2fc-508a8024071e{ip: 192.168.164.218, host: pr-hdds-1868-7bj8h-208101609, networkLocation: /default-rack, certSerialId: null}1e9e9917-9bd5-40ce-95c0-43bac1b33ed1{ip: 192.168.164.218, host: pr-hdds-1868-7bj8h-208101609, networkLocation: /default-rack, certSerialId: null}38cb8bf3-4857-46eb-8328-565c1c1e3751{ip: 192.168.164.218, host: pr-hdds-1868-7bj8h-208101609, networkLocation: /default-rack, certSerialId: null}, Type:RATIS, Factor:THREE, State:OPEN] moved to OPEN state
2019-10-15 02:03:37,301 [grpc-default-executor-3] INFO  impl.RaftServerImpl (ServerState.java:setRaftConf(356)) - 1e9e9917-9bd5-40ce-95c0-43bac1b33ed1@group-ACCB3204EF4F: set configuration 0: [1e9e9917-9bd5-40ce-95c0-43bac1b33ed1:192.168.164.218:35271, 38cb8bf3-4857-46eb-8328-565c1c1e3751:192.168.164.218:45890, fe5b8974-0e1b-4298-b2fc-508a8024071e:192.168.164.218:40705], old=null at 0
2019-10-15 02:03:37,302 [grpc-default-executor-3] INFO  segmented.SegmentedRaftLogWorker (SegmentedRaftLogWorker.java:startLogSegment(385)) - 1e9e9917-9bd5-40ce-95c0-43bac1b33ed1@group-ACCB3204EF4F-SegmentedRaftLogWorker: Starting segment from index:0
2019-10-15 02:03:37,302 [grpc-default-executor-1] INFO  impl.RaftServerImpl (ServerState.java:setRaftConf(356)) - fe5b8974-0e1b-4298-b2fc-508a8024071e@group-ACCB3204EF4F: set configuration 0: [1e9e9917-9bd5-40ce-95c0-43bac1b33ed1:192.168.164.218:35271, 38cb8bf3-4857-46eb-8328-565c1c1e3751:192.168.164.218:45890, fe5b8974-0e1b-4298-b2fc-508a8024071e:192.168.164.218:40705], old=null at 0
2019-10-15 02:03:37,307 [grpc-default-executor-1] INFO  segmented.SegmentedRaftLogWorker (SegmentedRaftLogWorker.java:startLogSegment(385)) - fe5b8974-0e1b-4298-b2fc-508a8024071e@group-ACCB3204EF4F-SegmentedRaftLogWorker: Starting segment from index:0
2019-10-15 02:03:37,314 [38cb8bf3-4857-46eb-8328-565c1c1e3751@group-ACCB3204EF4F-SegmentedRaftLogWorker] INFO  segmented.SegmentedRaftLogWorker (SegmentedRaftLogWorker.java:execute(576)) - 38cb8bf3-4857-46eb-8328-565c1c1e3751@group-ACCB3204EF4F-SegmentedRaftLogWorker: created new log segment /workdir/hadoop-ozone/tools/target/test-dir/MiniOzoneClusterImpl-3fdca94b-2d19-4221-aa5f-89f1e59518ac/datanode-2/data/ratis/944f455a-ec54-4352-a054-accb3204ef4f/current/log_inprogress_0
2019-10-15 02:03:37,376 [fe5b8974-0e1b-4298-b2fc-508a8024071e@group-ACCB3204EF4F-SegmentedRaftLogWorker] INFO  segmented.SegmentedRaftLogWorker (SegmentedRaftLogWorker.java:execute(576)) - fe5b8974-0e1b-4298-b2fc-508a8024071e@group-ACCB3204EF4F-SegmentedRaftLogWorker: created new log segment /workdir/hadoop-ozone/tools/target/test-dir/MiniOzoneClusterImpl-3fdca94b-2d19-4221-aa5f-89f1e59518ac/datanode-0/data/ratis/944f455a-ec54-4352-a054-accb3204ef4f/current/log_inprogress_0
2019-10-15 02:03:37,376 [1e9e9917-9bd5-40ce-95c0-43bac1b33ed1@group-ACCB3204EF4F-SegmentedRaftLogWorker] INFO  segmented.SegmentedRaftLogWorker (SegmentedRaftLogWorker.java:execute(576)) - 1e9e9917-9bd5-40ce-95c0-43bac1b33ed1@group-ACCB3204EF4F-SegmentedRaftLogWorker: created new log segment /workdir/hadoop-ozone/tools/target/test-dir/MiniOzoneClusterImpl-3fdca94b-2d19-4221-aa5f-89f1e59518ac/datanode-1/data/ratis/944f455a-ec54-4352-a054-accb3204ef4f/current/log_inprogress_0
]]></system-out>
    <system-err><![CDATA[ERROR StatusLogger No Log4j 2 configuration file found. Using default configuration (logging only errors to the console), or user programmatically provided configurations. Set system property 'log4j2.debug' to show Log4j 2 internal initialization logging. See https://logging.apache.org/log4j/2.x/manual/configuration.html for instructions on how to configure Log4j 2
]]></system-err>
  </testcase>
</testsuite>