<?xml version="1.0" encoding="UTF-8"?>
<testsuite xmlns:xsi="http://www.w3.org/2001/XMLSchema-instance" xsi:noNamespaceSchemaLocation="https://maven.apache.org/surefire/maven-surefire-plugin/xsd/surefire-test-report.xsd" name="org.apache.hadoop.ozone.client.rpc.TestDeleteWithSlowFollower" time="132.783" tests="1" errors="0" skipped="0" failures="1">
  <properties>
    <property name="awt.toolkit" value="sun.awt.X11.XToolkit"/>
    <property name="file.encoding.pkg" value="sun.io"/>
    <property name="java.specification.version" value="1.8"/>
    <property name="sun.cpu.isalist" value=""/>
    <property name="sun.jnu.encoding" value="ANSI_X3.4-1968"/>
    <property name="java.class.path" value="/workdir/hadoop-ozone/integration-test/target/test-classes:/workdir/hadoop-ozone/integration-test/target/classes:/home/user/.m2/repository/org/apache/hadoop/hadoop-ozone-common/0.5.0-SNAPSHOT/hadoop-ozone-common-0.5.0-SNAPSHOT.jar:/home/user/.m2/repository/org/apache/commons/commons-compress/1.4.1/commons-compress-1.4.1.jar:/home/user/.m2/repository/org/tukaani/xz/1.0/xz-1.0.jar:/home/user/.m2/repository/org/apache/hadoop/hadoop-common/3.2.0/hadoop-common-3.2.0.jar:/home/user/.m2/repository/org/apache/hadoop/hadoop-hdfs/3.2.0/hadoop-hdfs-3.2.0.jar:/home/user/.m2/repository/org/apache/hadoop/hadoop-hdfs-client/3.2.0/hadoop-hdfs-client-3.2.0.jar:/home/user/.m2/repository/com/fasterxml/jackson/core/jackson-annotations/2.9.9/jackson-annotations-2.9.9.jar:/home/user/.m2/repository/org/apache/hadoop/hadoop-hdds-common/0.5.0-SNAPSHOT/hadoop-hdds-common-0.5.0-SNAPSHOT.jar:/home/user/.m2/repository/javax/annotation/javax.annotation-api/1.2/javax.annotation-api-1.2.jar:/home/user/.m2/repository/org/apache/ratis/ratis-server/0.5.0-3f446aa-SNAPSHOT/ratis-server-0.5.0-3f446aa-SNAPSHOT.jar:/home/user/.m2/repository/org/apache/ratis/ratis-thirdparty-misc/0.2.0/ratis-thirdparty-misc-0.2.0.jar:/home/user/.m2/repository/org/apache/ratis/ratis-proto/0.5.0-3f446aa-SNAPSHOT/ratis-proto-0.5.0-3f446aa-SNAPSHOT.jar:/home/user/.m2/repository/org/apache/ratis/ratis-common/0.5.0-3f446aa-SNAPSHOT/ratis-common-0.5.0-3f446aa-SNAPSHOT.jar:/home/user/.m2/repository/org/apache/ratis/ratis-client/0.5.0-3f446aa-SNAPSHOT/ratis-client-0.5.0-3f446aa-SNAPSHOT.jar:/home/user/.m2/repository/org/apache/ratis/ratis-metrics/0.5.0-3f446aa-SNAPSHOT/ratis-metrics-0.5.0-3f446aa-SNAPSHOT.jar:/home/user/.m2/repository/com/github/joshelser/dropwizard-metrics-hadoop-metrics2-reporter/0.1.2/dropwizard-metrics-hadoop-metrics2-reporter-0.1.2.jar:/home/user/.m2/repository/io/dropwizard/metrics/metrics-jvm/3.2.5/metrics-jvm-3.2.5.jar:/home/user/.m2/repository/io/dropwizard/metrics/metrics-ganglia/3.2.5/metrics-ganglia-3.2.5.jar:/home/user/.m2/repository/info/ganglia/gmetric4j/gmetric4j/1.0.7/gmetric4j-1.0.7.jar:/home/user/.m2/repository/org/apache/ratis/ratis-netty/0.5.0-3f446aa-SNAPSHOT/ratis-netty-0.5.0-3f446aa-SNAPSHOT.jar:/home/user/.m2/repository/org/apache/ratis/ratis-grpc/0.5.0-3f446aa-SNAPSHOT/ratis-grpc-0.5.0-3f446aa-SNAPSHOT.jar:/home/user/.m2/repository/org/rocksdb/rocksdbjni/6.0.1/rocksdbjni-6.0.1.jar:/home/user/.m2/repository/org/apache/logging/log4j/log4j-api/2.11.0/log4j-api-2.11.0.jar:/home/user/.m2/repository/org/apache/logging/log4j/log4j-core/2.11.0/log4j-core-2.11.0.jar:/home/user/.m2/repository/com/lmax/disruptor/3.4.2/disruptor-3.4.2.jar:/home/user/.m2/repository/org/apache/commons/commons-pool2/2.6.0/commons-pool2-2.6.0.jar:/home/user/.m2/repository/org/bouncycastle/bcpkix-jdk15on/1.60/bcpkix-jdk15on-1.60.jar:/home/user/.m2/repository/commons-validator/commons-validator/1.6/commons-validator-1.6.jar:/home/user/.m2/repository/commons-digester/commons-digester/1.8.1/commons-digester-1.8.1.jar:/home/user/.m2/repository/io/jaegertracing/jaeger-client/0.34.0/jaeger-client-0.34.0.jar:/home/user/.m2/repository/io/jaegertracing/jaeger-thrift/0.34.0/jaeger-thrift-0.34.0.jar:/home/user/.m2/repository/org/apache/thrift/libthrift/0.12.0/libthrift-0.12.0.jar:/home/user/.m2/repository/com/squareup/okhttp3/okhttp/3.9.0/okhttp-3.9.0.jar:/home/user/.m2/repository/com/squareup/okio/okio/1.13.0/okio-1.13.0.jar:/home/user/.m2/repository/io/jaegertracing/jaeger-core/0.34.0/jaeger-core-0.34.0.jar:/home/user/.m2/repository/io/jaegertracing/jaeger-tracerresolver/0.34.0/jaeger-tracerresolver-0.34.0.jar:/home/user/.m2/repository/io/opentracing/contrib/opentracing-tracerresolver/0.1.5/opentracing-tracerresolver-0.1.5.jar:/home/user/.m2/repository/io/opentracing/opentracing-util/0.31.0/opentracing-util-0.31.0.jar:/home/user/.m2/repository/io/opentracing/opentracing-api/0.31.0/opentracing-api-0.31.0.jar:/home/user/.m2/repository/io/opentracing/opentracing-noop/0.31.0/opentracing-noop-0.31.0.jar:/home/user/.m2/repository/org/apache/hadoop/hadoop-hdds-server-framework/0.5.0-SNAPSHOT/hadoop-hdds-server-framework-0.5.0-SNAPSHOT.jar:/home/user/.m2/repository/org/apache/hadoop/hadoop-hdds-container-service/0.5.0-SNAPSHOT/hadoop-hdds-container-service-0.5.0-SNAPSHOT.jar:/home/user/.m2/repository/org/apache/hadoop/hadoop-hdds-client/0.5.0-SNAPSHOT/hadoop-hdds-client-0.5.0-SNAPSHOT.jar:/home/user/.m2/repository/org/apache/hadoop/hadoop-hdds-tools/0.5.0-SNAPSHOT/hadoop-hdds-tools-0.5.0-SNAPSHOT.jar:/home/user/.m2/repository/org/apache/hadoop/hadoop-hdds-server-scm/0.5.0-SNAPSHOT/hadoop-hdds-server-scm-0.5.0-SNAPSHOT.jar:/home/user/.m2/repository/org/apache/hadoop/hadoop-hdds-docs/0.5.0-SNAPSHOT/hadoop-hdds-docs-0.5.0-SNAPSHOT.jar:/home/user/.m2/repository/io/dropwizard/metrics/metrics-core/3.2.4/metrics-core-3.2.4.jar:/home/user/.m2/repository/org/hamcrest/hamcrest-all/1.3/hamcrest-all-1.3.jar:/home/user/.m2/repository/org/bouncycastle/bcprov-jdk15on/1.60/bcprov-jdk15on-1.60.jar:/home/user/.m2/repository/info/picocli/picocli/3.9.6/picocli-3.9.6.jar:/home/user/.m2/repository/com/google/protobuf/protobuf-java/2.5.0/protobuf-java-2.5.0.jar:/home/user/.m2/repository/com/google/guava/guava/11.0.2/guava-11.0.2.jar:/home/user/.m2/repository/org/apache/hadoop/hadoop-ozone-ozone-manager/0.5.0-SNAPSHOT/hadoop-ozone-ozone-manager-0.5.0-SNAPSHOT.jar:/home/user/.m2/repository/org/apache/hadoop/hadoop-minikdc/3.2.0/hadoop-minikdc-3.2.0.jar:/home/user/.m2/repository/commons-io/commons-io/2.5/commons-io-2.5.jar:/home/user/.m2/repository/org/apache/kerby/kerb-simplekdc/1.0.1/kerb-simplekdc-1.0.1.jar:/home/user/.m2/repository/org/apache/kerby/kerb-client/1.0.1/kerb-client-1.0.1.jar:/home/user/.m2/repository/org/apache/kerby/kerby-config/1.0.1/kerby-config-1.0.1.jar:/home/user/.m2/repository/org/apache/kerby/kerb-core/1.0.1/kerb-core-1.0.1.jar:/home/user/.m2/repository/org/apache/kerby/kerby-pkix/1.0.1/kerby-pkix-1.0.1.jar:/home/user/.m2/repository/org/apache/kerby/kerby-asn1/1.0.1/kerby-asn1-1.0.1.jar:/home/user/.m2/repository/org/apache/kerby/kerby-util/1.0.1/kerby-util-1.0.1.jar:/home/user/.m2/repository/org/apache/kerby/kerb-common/1.0.1/kerb-common-1.0.1.jar:/home/user/.m2/repository/org/apache/kerby/kerb-crypto/1.0.1/kerb-crypto-1.0.1.jar:/home/user/.m2/repository/org/apache/kerby/kerb-util/1.0.1/kerb-util-1.0.1.jar:/home/user/.m2/repository/org/apache/kerby/token-provider/1.0.1/token-provider-1.0.1.jar:/home/user/.m2/repository/org/apache/kerby/kerb-admin/1.0.1/kerb-admin-1.0.1.jar:/home/user/.m2/repository/org/apache/kerby/kerb-server/1.0.1/kerb-server-1.0.1.jar:/home/user/.m2/repository/org/apache/kerby/kerb-identity/1.0.1/kerb-identity-1.0.1.jar:/home/user/.m2/repository/org/apache/kerby/kerby-xdr/1.0.1/kerby-xdr-1.0.1.jar:/home/user/.m2/repository/org/slf4j/slf4j-log4j12/1.7.25/slf4j-log4j12-1.7.25.jar:/home/user/.m2/repository/org/apache/hadoop/hadoop-ozone-s3gateway/0.5.0-SNAPSHOT/hadoop-ozone-s3gateway-0.5.0-SNAPSHOT.jar:/home/user/.m2/repository/org/jboss/weld/servlet/weld-servlet/2.4.7.Final/weld-servlet-2.4.7.Final.jar:/home/user/.m2/repository/org/glassfish/jersey/containers/jersey-container-servlet-core/2.27/jersey-container-servlet-core-2.27.jar:/home/user/.m2/repository/org/glassfish/hk2/external/javax.inject/2.5.0-b42/javax.inject-2.5.0-b42.jar:/home/user/.m2/repository/org/glassfish/jersey/core/jersey-common/2.27/jersey-common-2.27.jar:/home/user/.m2/repository/org/glassfish/hk2/osgi-resource-locator/1.0.1/osgi-resource-locator-1.0.1.jar:/home/user/.m2/repository/javax/ws/rs/javax.ws.rs-api/2.1/javax.ws.rs-api-2.1.jar:/home/user/.m2/repository/org/glassfish/jersey/ext/cdi/jersey-cdi1x/2.27/jersey-cdi1x-2.27.jar:/home/user/.m2/repository/org/glassfish/jersey/inject/jersey-hk2/2.27/jersey-hk2-2.27.jar:/home/user/.m2/repository/org/glassfish/hk2/hk2-locator/2.5.0-b42/hk2-locator-2.5.0-b42.jar:/home/user/.m2/repository/org/javassist/javassist/3.22.0-CR2/javassist-3.22.0-CR2.jar:/home/user/.m2/repository/org/glassfish/hk2/hk2-api/2.5.0/hk2-api-2.5.0.jar:/home/user/.m2/repository/org/glassfish/hk2/external/jakarta.inject/2.5.0/jakarta.inject-2.5.0.jar:/home/user/.m2/repository/org/glassfish/hk2/hk2-utils/2.5.0/hk2-utils-2.5.0.jar:/home/user/.m2/repository/jakarta/annotation/jakarta.annotation-api/1.3.4/jakarta.annotation-api-1.3.4.jar:/home/user/.m2/repository/org/glassfish/hk2/external/aopalliance-repackaged/2.5.0/aopalliance-repackaged-2.5.0.jar:/home/user/.m2/repository/com/fasterxml/jackson/dataformat/jackson-dataformat-xml/2.9.0/jackson-dataformat-xml-2.9.0.jar:/home/user/.m2/repository/com/fasterxml/jackson/core/jackson-core/2.9.9/jackson-core-2.9.9.jar:/home/user/.m2/repository/com/fasterxml/jackson/module/jackson-module-jaxb-annotations/2.9.9/jackson-module-jaxb-annotations-2.9.9.jar:/home/user/.m2/repository/javax/enterprise/cdi-api/1.2/cdi-api-1.2.jar:/home/user/.m2/repository/javax/el/javax.el-api/3.0.0/javax.el-api-3.0.0.jar:/home/user/.m2/repository/javax/interceptor/javax.interceptor-api/1.2/javax.interceptor-api-1.2.jar:/home/user/.m2/repository/javax/inject/javax.inject/1/javax.inject-1.jar:/home/user/.m2/repository/com/sun/xml/bind/jaxb-impl/2.3.0.1/jaxb-impl-2.3.0.1.jar:/home/user/.m2/repository/com/sun/xml/bind/jaxb-core/2.3.0.1/jaxb-core-2.3.0.1.jar:/home/user/.m2/repository/javax/xml/bind/jaxb-api/2.3.0/jaxb-api-2.3.0.jar:/home/user/.m2/repository/javax/activation/activation/1.1.1/activation-1.1.1.jar:/home/user/.m2/repository/org/apache/hadoop/hadoop-ozone-csi/0.5.0-SNAPSHOT/hadoop-ozone-csi-0.5.0-SNAPSHOT.jar:/home/user/.m2/repository/com/google/protobuf/protobuf-java-util/3.5.1/protobuf-java-util-3.5.1.jar:/home/user/.m2/repository/org/apache/hadoop/hadoop-hdds-config/0.5.0-SNAPSHOT/hadoop-hdds-config-0.5.0-SNAPSHOT.jar:/home/user/.m2/repository/io/grpc/grpc-netty/1.17.1/grpc-netty-1.17.1.jar:/home/user/.m2/repository/io/grpc/grpc-core/1.17.1/grpc-core-1.17.1.jar:/home/user/.m2/repository/io/grpc/grpc-context/1.17.1/grpc-context-1.17.1.jar:/home/user/.m2/repository/com/google/errorprone/error_prone_annotations/2.2.0/error_prone_annotations-2.2.0.jar:/home/user/.m2/repository/org/codehaus/mojo/animal-sniffer-annotations/1.17/animal-sniffer-annotations-1.17.jar:/home/user/.m2/repository/io/opencensus/opencensus-api/0.17.0/opencensus-api-0.17.0.jar:/home/user/.m2/repository/io/opencensus/opencensus-contrib-grpc-metrics/0.17.0/opencensus-contrib-grpc-metrics-0.17.0.jar:/home/user/.m2/repository/io/netty/netty-codec-http2/4.1.30.Final/netty-codec-http2-4.1.30.Final.jar:/home/user/.m2/repository/io/netty/netty-codec-http/4.1.30.Final/netty-codec-http-4.1.30.Final.jar:/home/user/.m2/repository/io/netty/netty-codec/4.1.30.Final/netty-codec-4.1.30.Final.jar:/home/user/.m2/repository/io/netty/netty-handler/4.1.30.Final/netty-handler-4.1.30.Final.jar:/home/user/.m2/repository/io/netty/netty-handler-proxy/4.1.30.Final/netty-handler-proxy-4.1.30.Final.jar:/home/user/.m2/repository/io/netty/netty-codec-socks/4.1.30.Final/netty-codec-socks-4.1.30.Final.jar:/home/user/.m2/repository/io/netty/netty-transport-native-epoll/4.1.30.Final/netty-transport-native-epoll-4.1.30.Final.jar:/home/user/.m2/repository/io/netty/netty-common/4.1.30.Final/netty-common-4.1.30.Final.jar:/home/user/.m2/repository/io/netty/netty-buffer/4.1.30.Final/netty-buffer-4.1.30.Final.jar:/home/user/.m2/repository/io/netty/netty-transport/4.1.30.Final/netty-transport-4.1.30.Final.jar:/home/user/.m2/repository/io/netty/netty-resolver/4.1.30.Final/netty-resolver-4.1.30.Final.jar:/home/user/.m2/repository/io/netty/netty-transport-native-unix-common/4.1.30.Final/netty-transport-native-unix-common-4.1.30.Final.jar:/home/user/.m2/repository/io/grpc/grpc-protobuf/1.17.1/grpc-protobuf-1.17.1.jar:/home/user/.m2/repository/com/google/api/grpc/proto-google-common-protos/1.0.0/proto-google-common-protos-1.0.0.jar:/home/user/.m2/repository/io/grpc/grpc-protobuf-lite/1.17.1/grpc-protobuf-lite-1.17.1.jar:/home/user/.m2/repository/io/grpc/grpc-stub/1.17.1/grpc-stub-1.17.1.jar:/home/user/.m2/repository/org/apache/hadoop/hadoop-ozone-recon/0.5.0-SNAPSHOT/hadoop-ozone-recon-0.5.0-SNAPSHOT.jar:/home/user/.m2/repository/org/apache/hadoop/hadoop-ozone-reconcodegen/0.5.0-SNAPSHOT/hadoop-ozone-reconcodegen-0.5.0-SNAPSHOT.jar:/home/user/.m2/repository/com/google/inject/extensions/guice-multibindings/4.0/guice-multibindings-4.0.jar:/home/user/.m2/repository/com/google/inject/guice/4.0/guice-4.0.jar:/home/user/.m2/repository/aopalliance/aopalliance/1.0/aopalliance-1.0.jar:/home/user/.m2/repository/com/google/inject/extensions/guice-servlet/4.0/guice-servlet-4.0.jar:/home/user/.m2/repository/org/glassfish/jersey/containers/jersey-container-servlet/2.27/jersey-container-servlet-2.27.jar:/home/user/.m2/repository/org/glassfish/hk2/guice-bridge/2.5.0/guice-bridge-2.5.0.jar:/home/user/.m2/repository/org/glassfish/jersey/core/jersey-server/2.27/jersey-server-2.27.jar:/home/user/.m2/repository/org/glassfish/jersey/core/jersey-client/2.27/jersey-client-2.27.jar:/home/user/.m2/repository/org/glassfish/jersey/media/jersey-media-jaxb/2.27/jersey-media-jaxb-2.27.jar:/home/user/.m2/repository/javax/validation/validation-api/1.1.0.Final/validation-api-1.1.0.Final.jar:/home/user/.m2/repository/org/glassfish/jersey/media/jersey-media-json-jackson/2.27/jersey-media-json-jackson-2.27.jar:/home/user/.m2/repository/org/glassfish/jersey/ext/jersey-entity-filtering/2.27/jersey-entity-filtering-2.27.jar:/home/user/.m2/repository/com/google/inject/extensions/guice-assistedinject/4.0/guice-assistedinject-4.0.jar:/home/user/.m2/repository/org/jooq/jooq/3.11.10/jooq-3.11.10.jar:/home/user/.m2/repository/org/jooq/jooq-meta/3.11.10/jooq-meta-3.11.10.jar:/home/user/.m2/repository/org/jooq/jooq-codegen/3.11.10/jooq-codegen-3.11.10.jar:/home/user/.m2/repository/com/jolbox/bonecp/0.8.0.RELEASE/bonecp-0.8.0.RELEASE.jar:/home/user/.m2/repository/org/xerial/sqlite-jdbc/3.25.2/sqlite-jdbc-3.25.2.jar:/home/user/.m2/repository/org/springframework/spring-jdbc/5.1.3.RELEASE/spring-jdbc-5.1.3.RELEASE.jar:/home/user/.m2/repository/org/springframework/spring-beans/5.1.3.RELEASE/spring-beans-5.1.3.RELEASE.jar:/home/user/.m2/repository/org/springframework/spring-core/5.1.3.RELEASE/spring-core-5.1.3.RELEASE.jar:/home/user/.m2/repository/org/springframework/spring-jcl/5.1.3.RELEASE/spring-jcl-5.1.3.RELEASE.jar:/home/user/.m2/repository/org/springframework/spring-tx/5.1.3.RELEASE/spring-tx-5.1.3.RELEASE.jar:/home/user/.m2/repository/org/apache/hadoop/hadoop-ozone-client/0.5.0-SNAPSHOT/hadoop-ozone-client-0.5.0-SNAPSHOT.jar:/home/user/.m2/repository/commons-lang/commons-lang/2.6/commons-lang-2.6.jar:/home/user/.m2/repository/org/apache/hadoop/hadoop-ozone-ozone-manager/0.5.0-SNAPSHOT/hadoop-ozone-ozone-manager-0.5.0-SNAPSHOT-tests.jar:/home/user/.m2/repository/junit/junit/4.11/junit-4.11.jar:/home/user/.m2/repository/org/hamcrest/hamcrest-core/1.3/hamcrest-core-1.3.jar:/home/user/.m2/repository/org/openjdk/jmh/jmh-core/1.19/jmh-core-1.19.jar:/home/user/.m2/repository/net/sf/jopt-simple/jopt-simple/4.6/jopt-simple-4.6.jar:/home/user/.m2/repository/org/apache/commons/commons-math3/3.1.1/commons-math3-3.1.1.jar:/home/user/.m2/repository/org/openjdk/jmh/jmh-generator-annprocess/1.19/jmh-generator-annprocess-1.19.jar:/home/user/.m2/repository/org/mockito/mockito-all/1.8.5/mockito-all-1.8.5.jar:/home/user/.m2/repository/org/apache/hadoop/hadoop-kms/3.2.0/hadoop-kms-3.2.0.jar:/home/user/.m2/repository/org/apache/hadoop/hadoop-auth/3.2.0/hadoop-auth-3.2.0.jar:/home/user/.m2/repository/com/nimbusds/nimbus-jose-jwt/4.41.1/nimbus-jose-jwt-4.41.1.jar:/home/user/.m2/repository/com/github/stephenc/jcip/jcip-annotations/1.0-1/jcip-annotations-1.0-1.jar:/home/user/.m2/repository/net/minidev/json-smart/2.3/json-smart-2.3.jar:/home/user/.m2/repository/net/minidev/accessors-smart/1.2/accessors-smart-1.2.jar:/home/user/.m2/repository/org/ow2/asm/asm/5.0.4/asm-5.0.4.jar:/home/user/.m2/repository/org/apache/curator/curator-framework/2.12.0/curator-framework-2.12.0.jar:/home/user/.m2/repository/com/sun/jersey/jersey-core/1.19/jersey-core-1.19.jar:/home/user/.m2/repository/javax/ws/rs/jsr311-api/1.1.1/jsr311-api-1.1.1.jar:/home/user/.m2/repository/com/sun/jersey/jersey-server/1.19/jersey-server-1.19.jar:/home/user/.m2/repository/javax/servlet/javax.servlet-api/3.1.0/javax.servlet-api-3.1.0.jar:/home/user/.m2/repository/org/eclipse/jetty/jetty-server/9.3.25.v20180904/jetty-server-9.3.25.v20180904.jar:/home/user/.m2/repository/org/eclipse/jetty/jetty-http/9.3.25.v20180904/jetty-http-9.3.25.v20180904.jar:/home/user/.m2/repository/org/eclipse/jetty/jetty-io/9.3.25.v20180904/jetty-io-9.3.25.v20180904.jar:/home/user/.m2/repository/org/eclipse/jetty/jetty-webapp/9.3.25.v20180904/jetty-webapp-9.3.25.v20180904.jar:/home/user/.m2/repository/org/eclipse/jetty/jetty-xml/9.3.25.v20180904/jetty-xml-9.3.25.v20180904.jar:/home/user/.m2/repository/log4j/log4j/1.2.17/log4j-1.2.17.jar:/home/user/.m2/repository/org/slf4j/slf4j-api/1.7.25/slf4j-api-1.7.25.jar:/home/user/.m2/repository/org/slf4j/jul-to-slf4j/1.7.25/jul-to-slf4j-1.7.25.jar:/home/user/.m2/repository/org/eclipse/jetty/jetty-util/9.3.25.v20180904/jetty-util-9.3.25.v20180904.jar:/home/user/.m2/repository/com/fasterxml/jackson/core/jackson-databind/2.9.9/jackson-databind-2.9.9.jar:/home/user/.m2/repository/org/apache/hadoop/hadoop-kms/3.2.0/hadoop-kms-3.2.0-tests.jar:/home/user/.m2/repository/org/apache/hadoop/hadoop-hdds-server-scm/0.5.0-SNAPSHOT/hadoop-hdds-server-scm-0.5.0-SNAPSHOT-tests.jar:/home/user/.m2/repository/org/apache/hadoop/hadoop-hdds-container-service/0.5.0-SNAPSHOT/hadoop-hdds-container-service-0.5.0-SNAPSHOT-tests.jar:/home/user/.m2/repository/org/yaml/snakeyaml/1.16/snakeyaml-1.16.jar:/home/user/.m2/repository/org/apache/hadoop/hadoop-common/3.2.0/hadoop-common-3.2.0-tests.jar:/home/user/.m2/repository/org/apache/hadoop/hadoop-annotations/3.2.0/hadoop-annotations-3.2.0.jar:/usr/lib/jvm/java-1.8.0-openjdk-1.8.0.222.b10-1.el7_7.x86_64/jre/../lib/tools.jar:/home/user/.m2/repository/commons-cli/commons-cli/1.2/commons-cli-1.2.jar:/home/user/.m2/repository/org/apache/httpcomponents/httpclient/4.5.2/httpclient-4.5.2.jar:/home/user/.m2/repository/org/apache/httpcomponents/httpcore/4.4.4/httpcore-4.4.4.jar:/home/user/.m2/repository/commons-codec/commons-codec/1.11/commons-codec-1.11.jar:/home/user/.m2/repository/commons-net/commons-net/3.6/commons-net-3.6.jar:/home/user/.m2/repository/commons-collections/commons-collections/3.2.2/commons-collections-3.2.2.jar:/home/user/.m2/repository/org/eclipse/jetty/jetty-servlet/9.3.25.v20180904/jetty-servlet-9.3.25.v20180904.jar:/home/user/.m2/repository/org/eclipse/jetty/jetty-security/9.3.25.v20180904/jetty-security-9.3.25.v20180904.jar:/home/user/.m2/repository/javax/servlet/jsp/jsp-api/2.1/jsp-api-2.1.jar:/home/user/.m2/repository/com/sun/jersey/jersey-servlet/1.19/jersey-servlet-1.19.jar:/home/user/.m2/repository/com/sun/jersey/jersey-json/1.19/jersey-json-1.19.jar:/home/user/.m2/repository/org/codehaus/jettison/jettison/1.1/jettison-1.1.jar:/home/user/.m2/repository/org/codehaus/jackson/jackson-core-asl/1.9.13/jackson-core-asl-1.9.13.jar:/home/user/.m2/repository/org/codehaus/jackson/jackson-mapper-asl/1.9.13/jackson-mapper-asl-1.9.13.jar:/home/user/.m2/repository/org/codehaus/jackson/jackson-jaxrs/1.9.13/jackson-jaxrs-1.9.13.jar:/home/user/.m2/repository/org/codehaus/jackson/jackson-xc/1.9.13/jackson-xc-1.9.13.jar:/home/user/.m2/repository/commons-logging/commons-logging/1.1.3/commons-logging-1.1.3.jar:/home/user/.m2/repository/commons-beanutils/commons-beanutils/1.9.4/commons-beanutils-1.9.4.jar:/home/user/.m2/repository/org/apache/commons/commons-configuration2/2.1.1/commons-configuration2-2.1.1.jar:/home/user/.m2/repository/org/apache/commons/commons-lang3/3.7/commons-lang3-3.7.jar:/home/user/.m2/repository/org/apache/commons/commons-text/1.4/commons-text-1.4.jar:/home/user/.m2/repository/org/apache/avro/avro/1.7.7/avro-1.7.7.jar:/home/user/.m2/repository/com/thoughtworks/paranamer/paranamer/2.3/paranamer-2.3.jar:/home/user/.m2/repository/org/xerial/snappy/snappy-java/1.0.5/snappy-java-1.0.5.jar:/home/user/.m2/repository/com/google/re2j/re2j/1.1/re2j-1.1.jar:/home/user/.m2/repository/com/google/code/gson/gson/2.2.4/gson-2.2.4.jar:/home/user/.m2/repository/com/jcraft/jsch/0.1.54/jsch-0.1.54.jar:/home/user/.m2/repository/org/apache/curator/curator-client/2.12.0/curator-client-2.12.0.jar:/home/user/.m2/repository/org/apache/curator/curator-recipes/2.12.0/curator-recipes-2.12.0.jar:/home/user/.m2/repository/com/google/code/findbugs/jsr305/3.0.0/jsr305-3.0.0.jar:/home/user/.m2/repository/org/apache/htrace/htrace-core4/4.1.0-incubating/htrace-core4-4.1.0-incubating.jar:/home/user/.m2/repository/org/apache/zookeeper/zookeeper/3.4.13/zookeeper-3.4.13.jar:/home/user/.m2/repository/jline/jline/0.9.94/jline-0.9.94.jar:/home/user/.m2/repository/org/apache/yetus/audience-annotations/0.5.0/audience-annotations-0.5.0.jar:/home/user/.m2/repository/org/codehaus/woodstox/stax2-api/3.1.4/stax2-api-3.1.4.jar:/home/user/.m2/repository/com/fasterxml/woodstox/woodstox-core/5.0.3/woodstox-core-5.0.3.jar:/home/user/.m2/repository/dnsjava/dnsjava/2.1.7/dnsjava-2.1.7.jar:/home/user/.m2/repository/org/apache/hadoop/hadoop-hdfs/3.2.0/hadoop-hdfs-3.2.0-tests.jar:/home/user/.m2/repository/org/eclipse/jetty/jetty-util-ajax/9.3.25.v20180904/jetty-util-ajax-9.3.25.v20180904.jar:/home/user/.m2/repository/commons-daemon/commons-daemon/1.0.13/commons-daemon-1.0.13.jar:/home/user/.m2/repository/io/netty/netty/3.10.5.Final/netty-3.10.5.Final.jar:/home/user/.m2/repository/io/netty/netty-all/4.0.52.Final/netty-all-4.0.52.Final.jar:/home/user/.m2/repository/org/fusesource/leveldbjni/leveldbjni-all/1.8/leveldbjni-all-1.8.jar:"/>
    <property name="java.vm.vendor" value="Oracle Corporation"/>
    <property name="sun.arch.data.model" value="64"/>
    <property name="test.build.dir" value="/workdir/hadoop-ozone/integration-test/target/test-dir"/>
    <property name="test.cache.data" value=""/>
    <property name="java.vendor.url" value="http://java.oracle.com/"/>
    <property name="user.timezone" value=""/>
    <property name="java.vm.specification.version" value="1.8"/>
    <property name="os.name" value="Linux"/>
    <property name="test.build.data" value="/workdir/hadoop-ozone/integration-test/target/test-dir"/>
    <property name="user.country" value="US"/>
    <property name="sun.java.launcher" value="SUN_STANDARD"/>
    <property name="sun.boot.library.path" value="/usr/lib/jvm/java-1.8.0-openjdk-1.8.0.222.b10-1.el7_7.x86_64/jre/lib/amd64"/>
    <property name="sun.java.command" value="/workdir/hadoop-ozone/integration-test/target/surefire/surefirebooter6792063907462859570.jar /workdir/hadoop-ozone/integration-test/target/surefire 2019-10-18T05-05-24_672-jvmRun1 surefire4632062655377703550tmp surefire_42514722445054568520tmp"/>
    <property name="surefire.test.class.path" value="/workdir/hadoop-ozone/integration-test/target/test-classes:/workdir/hadoop-ozone/integration-test/target/classes:/home/user/.m2/repository/org/apache/hadoop/hadoop-ozone-common/0.5.0-SNAPSHOT/hadoop-ozone-common-0.5.0-SNAPSHOT.jar:/home/user/.m2/repository/org/apache/commons/commons-compress/1.4.1/commons-compress-1.4.1.jar:/home/user/.m2/repository/org/tukaani/xz/1.0/xz-1.0.jar:/home/user/.m2/repository/org/apache/hadoop/hadoop-common/3.2.0/hadoop-common-3.2.0.jar:/home/user/.m2/repository/org/apache/hadoop/hadoop-hdfs/3.2.0/hadoop-hdfs-3.2.0.jar:/home/user/.m2/repository/org/apache/hadoop/hadoop-hdfs-client/3.2.0/hadoop-hdfs-client-3.2.0.jar:/home/user/.m2/repository/com/fasterxml/jackson/core/jackson-annotations/2.9.9/jackson-annotations-2.9.9.jar:/home/user/.m2/repository/org/apache/hadoop/hadoop-hdds-common/0.5.0-SNAPSHOT/hadoop-hdds-common-0.5.0-SNAPSHOT.jar:/home/user/.m2/repository/javax/annotation/javax.annotation-api/1.2/javax.annotation-api-1.2.jar:/home/user/.m2/repository/org/apache/ratis/ratis-server/0.5.0-3f446aa-SNAPSHOT/ratis-server-0.5.0-3f446aa-SNAPSHOT.jar:/home/user/.m2/repository/org/apache/ratis/ratis-thirdparty-misc/0.2.0/ratis-thirdparty-misc-0.2.0.jar:/home/user/.m2/repository/org/apache/ratis/ratis-proto/0.5.0-3f446aa-SNAPSHOT/ratis-proto-0.5.0-3f446aa-SNAPSHOT.jar:/home/user/.m2/repository/org/apache/ratis/ratis-common/0.5.0-3f446aa-SNAPSHOT/ratis-common-0.5.0-3f446aa-SNAPSHOT.jar:/home/user/.m2/repository/org/apache/ratis/ratis-client/0.5.0-3f446aa-SNAPSHOT/ratis-client-0.5.0-3f446aa-SNAPSHOT.jar:/home/user/.m2/repository/org/apache/ratis/ratis-metrics/0.5.0-3f446aa-SNAPSHOT/ratis-metrics-0.5.0-3f446aa-SNAPSHOT.jar:/home/user/.m2/repository/com/github/joshelser/dropwizard-metrics-hadoop-metrics2-reporter/0.1.2/dropwizard-metrics-hadoop-metrics2-reporter-0.1.2.jar:/home/user/.m2/repository/io/dropwizard/metrics/metrics-jvm/3.2.5/metrics-jvm-3.2.5.jar:/home/user/.m2/repository/io/dropwizard/metrics/metrics-ganglia/3.2.5/metrics-ganglia-3.2.5.jar:/home/user/.m2/repository/info/ganglia/gmetric4j/gmetric4j/1.0.7/gmetric4j-1.0.7.jar:/home/user/.m2/repository/org/apache/ratis/ratis-netty/0.5.0-3f446aa-SNAPSHOT/ratis-netty-0.5.0-3f446aa-SNAPSHOT.jar:/home/user/.m2/repository/org/apache/ratis/ratis-grpc/0.5.0-3f446aa-SNAPSHOT/ratis-grpc-0.5.0-3f446aa-SNAPSHOT.jar:/home/user/.m2/repository/org/rocksdb/rocksdbjni/6.0.1/rocksdbjni-6.0.1.jar:/home/user/.m2/repository/org/apache/logging/log4j/log4j-api/2.11.0/log4j-api-2.11.0.jar:/home/user/.m2/repository/org/apache/logging/log4j/log4j-core/2.11.0/log4j-core-2.11.0.jar:/home/user/.m2/repository/com/lmax/disruptor/3.4.2/disruptor-3.4.2.jar:/home/user/.m2/repository/org/apache/commons/commons-pool2/2.6.0/commons-pool2-2.6.0.jar:/home/user/.m2/repository/org/bouncycastle/bcpkix-jdk15on/1.60/bcpkix-jdk15on-1.60.jar:/home/user/.m2/repository/commons-validator/commons-validator/1.6/commons-validator-1.6.jar:/home/user/.m2/repository/commons-digester/commons-digester/1.8.1/commons-digester-1.8.1.jar:/home/user/.m2/repository/io/jaegertracing/jaeger-client/0.34.0/jaeger-client-0.34.0.jar:/home/user/.m2/repository/io/jaegertracing/jaeger-thrift/0.34.0/jaeger-thrift-0.34.0.jar:/home/user/.m2/repository/org/apache/thrift/libthrift/0.12.0/libthrift-0.12.0.jar:/home/user/.m2/repository/com/squareup/okhttp3/okhttp/3.9.0/okhttp-3.9.0.jar:/home/user/.m2/repository/com/squareup/okio/okio/1.13.0/okio-1.13.0.jar:/home/user/.m2/repository/io/jaegertracing/jaeger-core/0.34.0/jaeger-core-0.34.0.jar:/home/user/.m2/repository/io/jaegertracing/jaeger-tracerresolver/0.34.0/jaeger-tracerresolver-0.34.0.jar:/home/user/.m2/repository/io/opentracing/contrib/opentracing-tracerresolver/0.1.5/opentracing-tracerresolver-0.1.5.jar:/home/user/.m2/repository/io/opentracing/opentracing-util/0.31.0/opentracing-util-0.31.0.jar:/home/user/.m2/repository/io/opentracing/opentracing-api/0.31.0/opentracing-api-0.31.0.jar:/home/user/.m2/repository/io/opentracing/opentracing-noop/0.31.0/opentracing-noop-0.31.0.jar:/home/user/.m2/repository/org/apache/hadoop/hadoop-hdds-server-framework/0.5.0-SNAPSHOT/hadoop-hdds-server-framework-0.5.0-SNAPSHOT.jar:/home/user/.m2/repository/org/apache/hadoop/hadoop-hdds-container-service/0.5.0-SNAPSHOT/hadoop-hdds-container-service-0.5.0-SNAPSHOT.jar:/home/user/.m2/repository/org/apache/hadoop/hadoop-hdds-client/0.5.0-SNAPSHOT/hadoop-hdds-client-0.5.0-SNAPSHOT.jar:/home/user/.m2/repository/org/apache/hadoop/hadoop-hdds-tools/0.5.0-SNAPSHOT/hadoop-hdds-tools-0.5.0-SNAPSHOT.jar:/home/user/.m2/repository/org/apache/hadoop/hadoop-hdds-server-scm/0.5.0-SNAPSHOT/hadoop-hdds-server-scm-0.5.0-SNAPSHOT.jar:/home/user/.m2/repository/org/apache/hadoop/hadoop-hdds-docs/0.5.0-SNAPSHOT/hadoop-hdds-docs-0.5.0-SNAPSHOT.jar:/home/user/.m2/repository/io/dropwizard/metrics/metrics-core/3.2.4/metrics-core-3.2.4.jar:/home/user/.m2/repository/org/hamcrest/hamcrest-all/1.3/hamcrest-all-1.3.jar:/home/user/.m2/repository/org/bouncycastle/bcprov-jdk15on/1.60/bcprov-jdk15on-1.60.jar:/home/user/.m2/repository/info/picocli/picocli/3.9.6/picocli-3.9.6.jar:/home/user/.m2/repository/com/google/protobuf/protobuf-java/2.5.0/protobuf-java-2.5.0.jar:/home/user/.m2/repository/com/google/guava/guava/11.0.2/guava-11.0.2.jar:/home/user/.m2/repository/org/apache/hadoop/hadoop-ozone-ozone-manager/0.5.0-SNAPSHOT/hadoop-ozone-ozone-manager-0.5.0-SNAPSHOT.jar:/home/user/.m2/repository/org/apache/hadoop/hadoop-minikdc/3.2.0/hadoop-minikdc-3.2.0.jar:/home/user/.m2/repository/commons-io/commons-io/2.5/commons-io-2.5.jar:/home/user/.m2/repository/org/apache/kerby/kerb-simplekdc/1.0.1/kerb-simplekdc-1.0.1.jar:/home/user/.m2/repository/org/apache/kerby/kerb-client/1.0.1/kerb-client-1.0.1.jar:/home/user/.m2/repository/org/apache/kerby/kerby-config/1.0.1/kerby-config-1.0.1.jar:/home/user/.m2/repository/org/apache/kerby/kerb-core/1.0.1/kerb-core-1.0.1.jar:/home/user/.m2/repository/org/apache/kerby/kerby-pkix/1.0.1/kerby-pkix-1.0.1.jar:/home/user/.m2/repository/org/apache/kerby/kerby-asn1/1.0.1/kerby-asn1-1.0.1.jar:/home/user/.m2/repository/org/apache/kerby/kerby-util/1.0.1/kerby-util-1.0.1.jar:/home/user/.m2/repository/org/apache/kerby/kerb-common/1.0.1/kerb-common-1.0.1.jar:/home/user/.m2/repository/org/apache/kerby/kerb-crypto/1.0.1/kerb-crypto-1.0.1.jar:/home/user/.m2/repository/org/apache/kerby/kerb-util/1.0.1/kerb-util-1.0.1.jar:/home/user/.m2/repository/org/apache/kerby/token-provider/1.0.1/token-provider-1.0.1.jar:/home/user/.m2/repository/org/apache/kerby/kerb-admin/1.0.1/kerb-admin-1.0.1.jar:/home/user/.m2/repository/org/apache/kerby/kerb-server/1.0.1/kerb-server-1.0.1.jar:/home/user/.m2/repository/org/apache/kerby/kerb-identity/1.0.1/kerb-identity-1.0.1.jar:/home/user/.m2/repository/org/apache/kerby/kerby-xdr/1.0.1/kerby-xdr-1.0.1.jar:/home/user/.m2/repository/org/slf4j/slf4j-log4j12/1.7.25/slf4j-log4j12-1.7.25.jar:/home/user/.m2/repository/org/apache/hadoop/hadoop-ozone-s3gateway/0.5.0-SNAPSHOT/hadoop-ozone-s3gateway-0.5.0-SNAPSHOT.jar:/home/user/.m2/repository/org/jboss/weld/servlet/weld-servlet/2.4.7.Final/weld-servlet-2.4.7.Final.jar:/home/user/.m2/repository/org/glassfish/jersey/containers/jersey-container-servlet-core/2.27/jersey-container-servlet-core-2.27.jar:/home/user/.m2/repository/org/glassfish/hk2/external/javax.inject/2.5.0-b42/javax.inject-2.5.0-b42.jar:/home/user/.m2/repository/org/glassfish/jersey/core/jersey-common/2.27/jersey-common-2.27.jar:/home/user/.m2/repository/org/glassfish/hk2/osgi-resource-locator/1.0.1/osgi-resource-locator-1.0.1.jar:/home/user/.m2/repository/javax/ws/rs/javax.ws.rs-api/2.1/javax.ws.rs-api-2.1.jar:/home/user/.m2/repository/org/glassfish/jersey/ext/cdi/jersey-cdi1x/2.27/jersey-cdi1x-2.27.jar:/home/user/.m2/repository/org/glassfish/jersey/inject/jersey-hk2/2.27/jersey-hk2-2.27.jar:/home/user/.m2/repository/org/glassfish/hk2/hk2-locator/2.5.0-b42/hk2-locator-2.5.0-b42.jar:/home/user/.m2/repository/org/javassist/javassist/3.22.0-CR2/javassist-3.22.0-CR2.jar:/home/user/.m2/repository/org/glassfish/hk2/hk2-api/2.5.0/hk2-api-2.5.0.jar:/home/user/.m2/repository/org/glassfish/hk2/external/jakarta.inject/2.5.0/jakarta.inject-2.5.0.jar:/home/user/.m2/repository/org/glassfish/hk2/hk2-utils/2.5.0/hk2-utils-2.5.0.jar:/home/user/.m2/repository/jakarta/annotation/jakarta.annotation-api/1.3.4/jakarta.annotation-api-1.3.4.jar:/home/user/.m2/repository/org/glassfish/hk2/external/aopalliance-repackaged/2.5.0/aopalliance-repackaged-2.5.0.jar:/home/user/.m2/repository/com/fasterxml/jackson/dataformat/jackson-dataformat-xml/2.9.0/jackson-dataformat-xml-2.9.0.jar:/home/user/.m2/repository/com/fasterxml/jackson/core/jackson-core/2.9.9/jackson-core-2.9.9.jar:/home/user/.m2/repository/com/fasterxml/jackson/module/jackson-module-jaxb-annotations/2.9.9/jackson-module-jaxb-annotations-2.9.9.jar:/home/user/.m2/repository/javax/enterprise/cdi-api/1.2/cdi-api-1.2.jar:/home/user/.m2/repository/javax/el/javax.el-api/3.0.0/javax.el-api-3.0.0.jar:/home/user/.m2/repository/javax/interceptor/javax.interceptor-api/1.2/javax.interceptor-api-1.2.jar:/home/user/.m2/repository/javax/inject/javax.inject/1/javax.inject-1.jar:/home/user/.m2/repository/com/sun/xml/bind/jaxb-impl/2.3.0.1/jaxb-impl-2.3.0.1.jar:/home/user/.m2/repository/com/sun/xml/bind/jaxb-core/2.3.0.1/jaxb-core-2.3.0.1.jar:/home/user/.m2/repository/javax/xml/bind/jaxb-api/2.3.0/jaxb-api-2.3.0.jar:/home/user/.m2/repository/javax/activation/activation/1.1.1/activation-1.1.1.jar:/home/user/.m2/repository/org/apache/hadoop/hadoop-ozone-csi/0.5.0-SNAPSHOT/hadoop-ozone-csi-0.5.0-SNAPSHOT.jar:/home/user/.m2/repository/com/google/protobuf/protobuf-java-util/3.5.1/protobuf-java-util-3.5.1.jar:/home/user/.m2/repository/org/apache/hadoop/hadoop-hdds-config/0.5.0-SNAPSHOT/hadoop-hdds-config-0.5.0-SNAPSHOT.jar:/home/user/.m2/repository/io/grpc/grpc-netty/1.17.1/grpc-netty-1.17.1.jar:/home/user/.m2/repository/io/grpc/grpc-core/1.17.1/grpc-core-1.17.1.jar:/home/user/.m2/repository/io/grpc/grpc-context/1.17.1/grpc-context-1.17.1.jar:/home/user/.m2/repository/com/google/errorprone/error_prone_annotations/2.2.0/error_prone_annotations-2.2.0.jar:/home/user/.m2/repository/org/codehaus/mojo/animal-sniffer-annotations/1.17/animal-sniffer-annotations-1.17.jar:/home/user/.m2/repository/io/opencensus/opencensus-api/0.17.0/opencensus-api-0.17.0.jar:/home/user/.m2/repository/io/opencensus/opencensus-contrib-grpc-metrics/0.17.0/opencensus-contrib-grpc-metrics-0.17.0.jar:/home/user/.m2/repository/io/netty/netty-codec-http2/4.1.30.Final/netty-codec-http2-4.1.30.Final.jar:/home/user/.m2/repository/io/netty/netty-codec-http/4.1.30.Final/netty-codec-http-4.1.30.Final.jar:/home/user/.m2/repository/io/netty/netty-codec/4.1.30.Final/netty-codec-4.1.30.Final.jar:/home/user/.m2/repository/io/netty/netty-handler/4.1.30.Final/netty-handler-4.1.30.Final.jar:/home/user/.m2/repository/io/netty/netty-handler-proxy/4.1.30.Final/netty-handler-proxy-4.1.30.Final.jar:/home/user/.m2/repository/io/netty/netty-codec-socks/4.1.30.Final/netty-codec-socks-4.1.30.Final.jar:/home/user/.m2/repository/io/netty/netty-transport-native-epoll/4.1.30.Final/netty-transport-native-epoll-4.1.30.Final.jar:/home/user/.m2/repository/io/netty/netty-common/4.1.30.Final/netty-common-4.1.30.Final.jar:/home/user/.m2/repository/io/netty/netty-buffer/4.1.30.Final/netty-buffer-4.1.30.Final.jar:/home/user/.m2/repository/io/netty/netty-transport/4.1.30.Final/netty-transport-4.1.30.Final.jar:/home/user/.m2/repository/io/netty/netty-resolver/4.1.30.Final/netty-resolver-4.1.30.Final.jar:/home/user/.m2/repository/io/netty/netty-transport-native-unix-common/4.1.30.Final/netty-transport-native-unix-common-4.1.30.Final.jar:/home/user/.m2/repository/io/grpc/grpc-protobuf/1.17.1/grpc-protobuf-1.17.1.jar:/home/user/.m2/repository/com/google/api/grpc/proto-google-common-protos/1.0.0/proto-google-common-protos-1.0.0.jar:/home/user/.m2/repository/io/grpc/grpc-protobuf-lite/1.17.1/grpc-protobuf-lite-1.17.1.jar:/home/user/.m2/repository/io/grpc/grpc-stub/1.17.1/grpc-stub-1.17.1.jar:/home/user/.m2/repository/org/apache/hadoop/hadoop-ozone-recon/0.5.0-SNAPSHOT/hadoop-ozone-recon-0.5.0-SNAPSHOT.jar:/home/user/.m2/repository/org/apache/hadoop/hadoop-ozone-reconcodegen/0.5.0-SNAPSHOT/hadoop-ozone-reconcodegen-0.5.0-SNAPSHOT.jar:/home/user/.m2/repository/com/google/inject/extensions/guice-multibindings/4.0/guice-multibindings-4.0.jar:/home/user/.m2/repository/com/google/inject/guice/4.0/guice-4.0.jar:/home/user/.m2/repository/aopalliance/aopalliance/1.0/aopalliance-1.0.jar:/home/user/.m2/repository/com/google/inject/extensions/guice-servlet/4.0/guice-servlet-4.0.jar:/home/user/.m2/repository/org/glassfish/jersey/containers/jersey-container-servlet/2.27/jersey-container-servlet-2.27.jar:/home/user/.m2/repository/org/glassfish/hk2/guice-bridge/2.5.0/guice-bridge-2.5.0.jar:/home/user/.m2/repository/org/glassfish/jersey/core/jersey-server/2.27/jersey-server-2.27.jar:/home/user/.m2/repository/org/glassfish/jersey/core/jersey-client/2.27/jersey-client-2.27.jar:/home/user/.m2/repository/org/glassfish/jersey/media/jersey-media-jaxb/2.27/jersey-media-jaxb-2.27.jar:/home/user/.m2/repository/javax/validation/validation-api/1.1.0.Final/validation-api-1.1.0.Final.jar:/home/user/.m2/repository/org/glassfish/jersey/media/jersey-media-json-jackson/2.27/jersey-media-json-jackson-2.27.jar:/home/user/.m2/repository/org/glassfish/jersey/ext/jersey-entity-filtering/2.27/jersey-entity-filtering-2.27.jar:/home/user/.m2/repository/com/google/inject/extensions/guice-assistedinject/4.0/guice-assistedinject-4.0.jar:/home/user/.m2/repository/org/jooq/jooq/3.11.10/jooq-3.11.10.jar:/home/user/.m2/repository/org/jooq/jooq-meta/3.11.10/jooq-meta-3.11.10.jar:/home/user/.m2/repository/org/jooq/jooq-codegen/3.11.10/jooq-codegen-3.11.10.jar:/home/user/.m2/repository/com/jolbox/bonecp/0.8.0.RELEASE/bonecp-0.8.0.RELEASE.jar:/home/user/.m2/repository/org/xerial/sqlite-jdbc/3.25.2/sqlite-jdbc-3.25.2.jar:/home/user/.m2/repository/org/springframework/spring-jdbc/5.1.3.RELEASE/spring-jdbc-5.1.3.RELEASE.jar:/home/user/.m2/repository/org/springframework/spring-beans/5.1.3.RELEASE/spring-beans-5.1.3.RELEASE.jar:/home/user/.m2/repository/org/springframework/spring-core/5.1.3.RELEASE/spring-core-5.1.3.RELEASE.jar:/home/user/.m2/repository/org/springframework/spring-jcl/5.1.3.RELEASE/spring-jcl-5.1.3.RELEASE.jar:/home/user/.m2/repository/org/springframework/spring-tx/5.1.3.RELEASE/spring-tx-5.1.3.RELEASE.jar:/home/user/.m2/repository/org/apache/hadoop/hadoop-ozone-client/0.5.0-SNAPSHOT/hadoop-ozone-client-0.5.0-SNAPSHOT.jar:/home/user/.m2/repository/commons-lang/commons-lang/2.6/commons-lang-2.6.jar:/home/user/.m2/repository/org/apache/hadoop/hadoop-ozone-ozone-manager/0.5.0-SNAPSHOT/hadoop-ozone-ozone-manager-0.5.0-SNAPSHOT-tests.jar:/home/user/.m2/repository/junit/junit/4.11/junit-4.11.jar:/home/user/.m2/repository/org/hamcrest/hamcrest-core/1.3/hamcrest-core-1.3.jar:/home/user/.m2/repository/org/openjdk/jmh/jmh-core/1.19/jmh-core-1.19.jar:/home/user/.m2/repository/net/sf/jopt-simple/jopt-simple/4.6/jopt-simple-4.6.jar:/home/user/.m2/repository/org/apache/commons/commons-math3/3.1.1/commons-math3-3.1.1.jar:/home/user/.m2/repository/org/openjdk/jmh/jmh-generator-annprocess/1.19/jmh-generator-annprocess-1.19.jar:/home/user/.m2/repository/org/mockito/mockito-all/1.8.5/mockito-all-1.8.5.jar:/home/user/.m2/repository/org/apache/hadoop/hadoop-kms/3.2.0/hadoop-kms-3.2.0.jar:/home/user/.m2/repository/org/apache/hadoop/hadoop-auth/3.2.0/hadoop-auth-3.2.0.jar:/home/user/.m2/repository/com/nimbusds/nimbus-jose-jwt/4.41.1/nimbus-jose-jwt-4.41.1.jar:/home/user/.m2/repository/com/github/stephenc/jcip/jcip-annotations/1.0-1/jcip-annotations-1.0-1.jar:/home/user/.m2/repository/net/minidev/json-smart/2.3/json-smart-2.3.jar:/home/user/.m2/repository/net/minidev/accessors-smart/1.2/accessors-smart-1.2.jar:/home/user/.m2/repository/org/ow2/asm/asm/5.0.4/asm-5.0.4.jar:/home/user/.m2/repository/org/apache/curator/curator-framework/2.12.0/curator-framework-2.12.0.jar:/home/user/.m2/repository/com/sun/jersey/jersey-core/1.19/jersey-core-1.19.jar:/home/user/.m2/repository/javax/ws/rs/jsr311-api/1.1.1/jsr311-api-1.1.1.jar:/home/user/.m2/repository/com/sun/jersey/jersey-server/1.19/jersey-server-1.19.jar:/home/user/.m2/repository/javax/servlet/javax.servlet-api/3.1.0/javax.servlet-api-3.1.0.jar:/home/user/.m2/repository/org/eclipse/jetty/jetty-server/9.3.25.v20180904/jetty-server-9.3.25.v20180904.jar:/home/user/.m2/repository/org/eclipse/jetty/jetty-http/9.3.25.v20180904/jetty-http-9.3.25.v20180904.jar:/home/user/.m2/repository/org/eclipse/jetty/jetty-io/9.3.25.v20180904/jetty-io-9.3.25.v20180904.jar:/home/user/.m2/repository/org/eclipse/jetty/jetty-webapp/9.3.25.v20180904/jetty-webapp-9.3.25.v20180904.jar:/home/user/.m2/repository/org/eclipse/jetty/jetty-xml/9.3.25.v20180904/jetty-xml-9.3.25.v20180904.jar:/home/user/.m2/repository/log4j/log4j/1.2.17/log4j-1.2.17.jar:/home/user/.m2/repository/org/slf4j/slf4j-api/1.7.25/slf4j-api-1.7.25.jar:/home/user/.m2/repository/org/slf4j/jul-to-slf4j/1.7.25/jul-to-slf4j-1.7.25.jar:/home/user/.m2/repository/org/eclipse/jetty/jetty-util/9.3.25.v20180904/jetty-util-9.3.25.v20180904.jar:/home/user/.m2/repository/com/fasterxml/jackson/core/jackson-databind/2.9.9/jackson-databind-2.9.9.jar:/home/user/.m2/repository/org/apache/hadoop/hadoop-kms/3.2.0/hadoop-kms-3.2.0-tests.jar:/home/user/.m2/repository/org/apache/hadoop/hadoop-hdds-server-scm/0.5.0-SNAPSHOT/hadoop-hdds-server-scm-0.5.0-SNAPSHOT-tests.jar:/home/user/.m2/repository/org/apache/hadoop/hadoop-hdds-container-service/0.5.0-SNAPSHOT/hadoop-hdds-container-service-0.5.0-SNAPSHOT-tests.jar:/home/user/.m2/repository/org/yaml/snakeyaml/1.16/snakeyaml-1.16.jar:/home/user/.m2/repository/org/apache/hadoop/hadoop-common/3.2.0/hadoop-common-3.2.0-tests.jar:/home/user/.m2/repository/org/apache/hadoop/hadoop-annotations/3.2.0/hadoop-annotations-3.2.0.jar:/usr/lib/jvm/java-1.8.0-openjdk-1.8.0.222.b10-1.el7_7.x86_64/jre/../lib/tools.jar:/home/user/.m2/repository/commons-cli/commons-cli/1.2/commons-cli-1.2.jar:/home/user/.m2/repository/org/apache/httpcomponents/httpclient/4.5.2/httpclient-4.5.2.jar:/home/user/.m2/repository/org/apache/httpcomponents/httpcore/4.4.4/httpcore-4.4.4.jar:/home/user/.m2/repository/commons-codec/commons-codec/1.11/commons-codec-1.11.jar:/home/user/.m2/repository/commons-net/commons-net/3.6/commons-net-3.6.jar:/home/user/.m2/repository/commons-collections/commons-collections/3.2.2/commons-collections-3.2.2.jar:/home/user/.m2/repository/org/eclipse/jetty/jetty-servlet/9.3.25.v20180904/jetty-servlet-9.3.25.v20180904.jar:/home/user/.m2/repository/org/eclipse/jetty/jetty-security/9.3.25.v20180904/jetty-security-9.3.25.v20180904.jar:/home/user/.m2/repository/javax/servlet/jsp/jsp-api/2.1/jsp-api-2.1.jar:/home/user/.m2/repository/com/sun/jersey/jersey-servlet/1.19/jersey-servlet-1.19.jar:/home/user/.m2/repository/com/sun/jersey/jersey-json/1.19/jersey-json-1.19.jar:/home/user/.m2/repository/org/codehaus/jettison/jettison/1.1/jettison-1.1.jar:/home/user/.m2/repository/org/codehaus/jackson/jackson-core-asl/1.9.13/jackson-core-asl-1.9.13.jar:/home/user/.m2/repository/org/codehaus/jackson/jackson-mapper-asl/1.9.13/jackson-mapper-asl-1.9.13.jar:/home/user/.m2/repository/org/codehaus/jackson/jackson-jaxrs/1.9.13/jackson-jaxrs-1.9.13.jar:/home/user/.m2/repository/org/codehaus/jackson/jackson-xc/1.9.13/jackson-xc-1.9.13.jar:/home/user/.m2/repository/commons-logging/commons-logging/1.1.3/commons-logging-1.1.3.jar:/home/user/.m2/repository/commons-beanutils/commons-beanutils/1.9.4/commons-beanutils-1.9.4.jar:/home/user/.m2/repository/org/apache/commons/commons-configuration2/2.1.1/commons-configuration2-2.1.1.jar:/home/user/.m2/repository/org/apache/commons/commons-lang3/3.7/commons-lang3-3.7.jar:/home/user/.m2/repository/org/apache/commons/commons-text/1.4/commons-text-1.4.jar:/home/user/.m2/repository/org/apache/avro/avro/1.7.7/avro-1.7.7.jar:/home/user/.m2/repository/com/thoughtworks/paranamer/paranamer/2.3/paranamer-2.3.jar:/home/user/.m2/repository/org/xerial/snappy/snappy-java/1.0.5/snappy-java-1.0.5.jar:/home/user/.m2/repository/com/google/re2j/re2j/1.1/re2j-1.1.jar:/home/user/.m2/repository/com/google/code/gson/gson/2.2.4/gson-2.2.4.jar:/home/user/.m2/repository/com/jcraft/jsch/0.1.54/jsch-0.1.54.jar:/home/user/.m2/repository/org/apache/curator/curator-client/2.12.0/curator-client-2.12.0.jar:/home/user/.m2/repository/org/apache/curator/curator-recipes/2.12.0/curator-recipes-2.12.0.jar:/home/user/.m2/repository/com/google/code/findbugs/jsr305/3.0.0/jsr305-3.0.0.jar:/home/user/.m2/repository/org/apache/htrace/htrace-core4/4.1.0-incubating/htrace-core4-4.1.0-incubating.jar:/home/user/.m2/repository/org/apache/zookeeper/zookeeper/3.4.13/zookeeper-3.4.13.jar:/home/user/.m2/repository/jline/jline/0.9.94/jline-0.9.94.jar:/home/user/.m2/repository/org/apache/yetus/audience-annotations/0.5.0/audience-annotations-0.5.0.jar:/home/user/.m2/repository/org/codehaus/woodstox/stax2-api/3.1.4/stax2-api-3.1.4.jar:/home/user/.m2/repository/com/fasterxml/woodstox/woodstox-core/5.0.3/woodstox-core-5.0.3.jar:/home/user/.m2/repository/dnsjava/dnsjava/2.1.7/dnsjava-2.1.7.jar:/home/user/.m2/repository/org/apache/hadoop/hadoop-hdfs/3.2.0/hadoop-hdfs-3.2.0-tests.jar:/home/user/.m2/repository/org/eclipse/jetty/jetty-util-ajax/9.3.25.v20180904/jetty-util-ajax-9.3.25.v20180904.jar:/home/user/.m2/repository/commons-daemon/commons-daemon/1.0.13/commons-daemon-1.0.13.jar:/home/user/.m2/repository/io/netty/netty/3.10.5.Final/netty-3.10.5.Final.jar:/home/user/.m2/repository/io/netty/netty-all/4.0.52.Final/netty-all-4.0.52.Final.jar:/home/user/.m2/repository/org/fusesource/leveldbjni/leveldbjni-all/1.8/leveldbjni-all-1.8.jar:"/>
    <property name="sun.cpu.endian" value="little"/>
    <property name="user.home" value="/home/user"/>
    <property name="user.language" value="en"/>
    <property name="java.specification.vendor" value="Oracle Corporation"/>
    <property name="java.home" value="/usr/lib/jvm/java-1.8.0-openjdk-1.8.0.222.b10-1.el7_7.x86_64/jre"/>
    <property name="surefire.excludesFile" value="/tools/ozone-bad-unit-tests"/>
    <property name="java.security.krb5.conf" value="/workdir/hadoop-ozone/integration-test/target/test-classes/krb5.conf"/>
    <property name="basedir" value="/workdir/hadoop-ozone/integration-test"/>
    <property name="file.separator" value="/"/>
    <property name="line.separator" value="&#10;"/>
    <property name="java.vm.specification.vendor" value="Oracle Corporation"/>
    <property name="java.specification.name" value="Java Platform API Specification"/>
    <property name="java.awt.graphicsenv" value="sun.awt.X11GraphicsEnvironment"/>
    <property name="surefire.real.class.path" value="/workdir/hadoop-ozone/integration-test/target/surefire/surefirebooter6792063907462859570.jar"/>
    <property name="hadoop.log.dir" value="/workdir/hadoop-ozone/integration-test/target/log"/>
    <property name="sun.boot.class.path" value="/usr/lib/jvm/java-1.8.0-openjdk-1.8.0.222.b10-1.el7_7.x86_64/jre/lib/resources.jar:/usr/lib/jvm/java-1.8.0-openjdk-1.8.0.222.b10-1.el7_7.x86_64/jre/lib/rt.jar:/usr/lib/jvm/java-1.8.0-openjdk-1.8.0.222.b10-1.el7_7.x86_64/jre/lib/sunrsasign.jar:/usr/lib/jvm/java-1.8.0-openjdk-1.8.0.222.b10-1.el7_7.x86_64/jre/lib/jsse.jar:/usr/lib/jvm/java-1.8.0-openjdk-1.8.0.222.b10-1.el7_7.x86_64/jre/lib/jce.jar:/usr/lib/jvm/java-1.8.0-openjdk-1.8.0.222.b10-1.el7_7.x86_64/jre/lib/charsets.jar:/usr/lib/jvm/java-1.8.0-openjdk-1.8.0.222.b10-1.el7_7.x86_64/jre/lib/jfr.jar:/usr/lib/jvm/java-1.8.0-openjdk-1.8.0.222.b10-1.el7_7.x86_64/jre/classes"/>
    <property name="sun.management.compiler" value="HotSpot 64-Bit Tiered Compilers"/>
    <property name="java.runtime.version" value="1.8.0_222-b10"/>
    <property name="java.net.preferIPv4Stack" value="true"/>
    <property name="user.name" value="jenkins1000"/>
    <property name="path.separator" value=":"/>
    <property name="java.security.egd" value="file:///dev/urandom"/>
    <property name="os.version" value="3.10.0-957.12.2.el7.x86_64"/>
    <property name="java.endorsed.dirs" value="/usr/lib/jvm/java-1.8.0-openjdk-1.8.0.222.b10-1.el7_7.x86_64/jre/lib/endorsed"/>
    <property name="java.runtime.name" value="OpenJDK Runtime Environment"/>
    <property name="file.encoding" value="ANSI_X3.4-1968"/>
    <property name="java.vm.name" value="OpenJDK 64-Bit Server VM"/>
    <property name="test.build.webapps" value=""/>
    <property name="localRepository" value="/home/user/.m2/repository"/>
    <property name="java.vendor.url.bug" value="http://bugreport.sun.com/bugreport/"/>
    <property name="java.io.tmpdir" value="/tmp"/>
    <property name="require.test.libhadoop" value=""/>
    <property name="java.version" value="1.8.0_222"/>
    <property name="user.dir" value="/workdir/hadoop-ozone/integration-test"/>
    <property name="os.arch" value="amd64"/>
    <property name="java.vm.specification.name" value="Java Virtual Machine Specification"/>
    <property name="test.build.classes" value="/workdir/hadoop-ozone/integration-test/target/test-classes"/>
    <property name="java.awt.printerjob" value="sun.print.PSPrinterJob"/>
    <property name="sun.os.patch.level" value="unknown"/>
    <property name="hadoop.tmp.dir" value="/workdir/hadoop-ozone/integration-test/target/tmp"/>
    <property name="java.library.path" value="/usr/lib:/workdir/hadoop-ozone/integration-test/target/native/target/usr/local/lib:/workdir/hadoop-ozone/integration-test/../../hadoop-common-project/hadoop-common/target/native/target/usr/local/lib:/usr/java/packages/lib/amd64:/usr/lib64:/lib64:/lib:/usr/lib"/>
    <property name="java.vm.info" value="mixed mode"/>
    <property name="java.vendor" value="Oracle Corporation"/>
    <property name="java.vm.version" value="25.222-b10"/>
    <property name="java.ext.dirs" value="/usr/lib/jvm/java-1.8.0-openjdk-1.8.0.222.b10-1.el7_7.x86_64/jre/lib/ext:/usr/java/packages/lib/ext"/>
    <property name="sun.io.unicode.encoding" value="UnicodeLittle"/>
    <property name="java.class.version" value="52.0"/>
  </properties>
  <testcase name="testDeleteKeyWithSlowFollower" classname="org.apache.hadoop.ozone.client.rpc.TestDeleteWithSlowFollower" time="111.732">
    <failure type="java.lang.AssertionError">java.lang.AssertionError
	at org.junit.Assert.fail(Assert.java:86)
	at org.junit.Assert.assertTrue(Assert.java:41)
	at org.junit.Assert.assertTrue(Assert.java:52)
	at org.apache.hadoop.ozone.client.rpc.TestDeleteWithSlowFollower.testDeleteKeyWithSlowFollower(TestDeleteWithSlowFollower.java:265)
	at sun.reflect.NativeMethodAccessorImpl.invoke0(Native Method)
	at sun.reflect.NativeMethodAccessorImpl.invoke(NativeMethodAccessorImpl.java:62)
	at sun.reflect.DelegatingMethodAccessorImpl.invoke(DelegatingMethodAccessorImpl.java:43)
	at java.lang.reflect.Method.invoke(Method.java:498)
	at org.junit.runners.model.FrameworkMethod$1.runReflectiveCall(FrameworkMethod.java:47)
	at org.junit.internal.runners.model.ReflectiveCallable.run(ReflectiveCallable.java:12)
	at org.junit.runners.model.FrameworkMethod.invokeExplosively(FrameworkMethod.java:44)
	at org.junit.internal.runners.statements.InvokeMethod.evaluate(InvokeMethod.java:17)
	at org.junit.runners.ParentRunner.runLeaf(ParentRunner.java:271)
	at org.junit.runners.BlockJUnit4ClassRunner.runChild(BlockJUnit4ClassRunner.java:70)
	at org.junit.runners.BlockJUnit4ClassRunner.runChild(BlockJUnit4ClassRunner.java:50)
	at org.junit.runners.ParentRunner$3.run(ParentRunner.java:238)
	at org.junit.runners.ParentRunner$1.schedule(ParentRunner.java:63)
	at org.junit.runners.ParentRunner.runChildren(ParentRunner.java:236)
	at org.junit.runners.ParentRunner.access$000(ParentRunner.java:53)
	at org.junit.runners.ParentRunner$2.evaluate(ParentRunner.java:229)
	at org.junit.internal.runners.statements.RunBefores.evaluate(RunBefores.java:26)
	at org.junit.internal.runners.statements.RunAfters.evaluate(RunAfters.java:27)
	at org.junit.runners.ParentRunner.run(ParentRunner.java:309)
	at org.apache.maven.surefire.junit4.JUnit4Provider.execute(JUnit4Provider.java:365)
	at org.apache.maven.surefire.junit4.JUnit4Provider.executeWithRerun(JUnit4Provider.java:273)
	at org.apache.maven.surefire.junit4.JUnit4Provider.executeTestSet(JUnit4Provider.java:238)
	at org.apache.maven.surefire.junit4.JUnit4Provider.invoke(JUnit4Provider.java:159)
	at org.apache.maven.surefire.booter.ForkedBooter.invokeProviderInSameClassLoader(ForkedBooter.java:384)
	at org.apache.maven.surefire.booter.ForkedBooter.runSuitesInProcess(ForkedBooter.java:345)
	at org.apache.maven.surefire.booter.ForkedBooter.execute(ForkedBooter.java:126)
	at org.apache.maven.surefire.booter.ForkedBooter.main(ForkedBooter.java:418)
</failure>
    <system-out><![CDATA[2019-10-18 05:45:55,284 [main] WARN  server.ServerUtils (ServerUtils.java:getScmDbDir(145)) - ozone.scm.db.dirs is not configured. We recommend adding this setting. Falling back to ozone.metadata.dirs instead.
2019-10-18 05:45:55,401 [main] WARN  server.ServerUtils (ServerUtils.java:getScmDbDir(145)) - ozone.scm.db.dirs is not configured. We recommend adding this setting. Falling back to ozone.metadata.dirs instead.
2019-10-18 05:45:55,403 [main] WARN  server.ServerUtils (ServerUtils.java:getScmDbDir(145)) - ozone.scm.db.dirs is not configured. We recommend adding this setting. Falling back to ozone.metadata.dirs instead.
2019-10-18 05:45:55,428 [main] INFO  util.log (Log.java:initialized(192)) - Logging initialized @900ms
2019-10-18 05:45:55,524 [main] INFO  db.DBStoreBuilder (DBStoreBuilder.java:addTable(117)) - using custom profile for table: deletedBlocks
2019-10-18 05:45:55,525 [main] INFO  db.DBStoreBuilder (DBStoreBuilder.java:processTables(168)) - Using default column profile:DBProfile.DISK for Table:deletedBlocks
2019-10-18 05:45:55,525 [main] INFO  db.DBStoreBuilder (DBStoreBuilder.java:addTable(117)) - using custom profile for table: validCerts
2019-10-18 05:45:55,525 [main] INFO  db.DBStoreBuilder (DBStoreBuilder.java:processTables(168)) - Using default column profile:DBProfile.DISK for Table:validCerts
2019-10-18 05:45:55,525 [main] INFO  db.DBStoreBuilder (DBStoreBuilder.java:addTable(117)) - using custom profile for table: revokedCerts
2019-10-18 05:45:55,526 [main] INFO  db.DBStoreBuilder (DBStoreBuilder.java:processTables(168)) - Using default column profile:DBProfile.DISK for Table:revokedCerts
2019-10-18 05:45:55,537 [main] INFO  db.DBStoreBuilder (DBStoreBuilder.java:addTable(117)) - using custom profile for table: default
2019-10-18 05:45:55,537 [main] INFO  db.DBStoreBuilder (DBStoreBuilder.java:processTables(174)) - Using default column profile:DBProfile.DISK for Table:default
2019-10-18 05:45:55,539 [main] INFO  db.DBStoreBuilder (DBStoreBuilder.java:getDbProfile(205)) - Using default options. DBProfile.DISK
2019-10-18 05:45:55,878 [main] INFO  net.NodeSchemaLoader (NodeSchemaLoader.java:loadSchemaFromFile(125)) - Loading file from sun.misc.CompoundEnumeration@74235045
2019-10-18 05:45:55,880 [main] INFO  net.NodeSchemaLoader (NodeSchemaLoader.java:loadSchema(171)) - Loading network topology layer schema file
2019-10-18 05:45:55,938 [main] WARN  server.ServerUtils (ServerUtils.java:sanitizeUserArgs(70)) - ozone.scm.stale.node.interval value = 1000000 is larger than max = 100000 based on the key value of ozone.scm.heartbeat.thread.interval, reset to the max value 100000.
2019-10-18 05:45:55,939 [main] WARN  server.ServerUtils (ServerUtils.java:sanitizeUserArgs(70)) - ozone.scm.stale.node.interval value = 1000000 is larger than max = 100000 based on the key value of ozone.scm.heartbeat.thread.interval, reset to the max value 100000.
2019-10-18 05:45:55,942 [main] INFO  node.SCMNodeManager (SCMNodeManager.java:<init>(116)) - Entering startup safe mode.
2019-10-18 05:45:56,004 [main] INFO  algorithms.ContainerPlacementPolicyFactory (ContainerPlacementPolicyFactory.java:getPolicy(57)) - Create container placement policy of type org.apache.hadoop.hdds.scm.container.placement.algorithms.SCMContainerPlacementRandom
2019-10-18 05:45:56,018 [main] WARN  server.ServerUtils (ServerUtils.java:getScmDbDir(145)) - ozone.scm.db.dirs is not configured. We recommend adding this setting. Falling back to ozone.metadata.dirs instead.
2019-10-18 05:45:56,124 [main] INFO  pipeline.SCMPipelineManager (SCMPipelineManager.java:initializePipelineState(132)) - No pipeline exists in current db
2019-10-18 05:45:56,126 [main] WARN  server.ServerUtils (ServerUtils.java:getScmDbDir(145)) - ozone.scm.db.dirs is not configured. We recommend adding this setting. Falling back to ozone.metadata.dirs instead.
2019-10-18 05:45:56,285 [main] WARN  events.EventQueue (EventQueue.java:fireEvent(183)) - No event handler registered for event TypedEvent{payloadType=SafeModeStatus, name='SafeModeStatus'}
2019-10-18 05:45:56,627 [main] INFO  ipc.CallQueueManager (CallQueueManager.java:<init>(84)) - Using callQueue: class java.util.concurrent.LinkedBlockingQueue, queueCapacity: 2000, scheduler: class org.apache.hadoop.ipc.DefaultRpcScheduler, ipcBackoff: false.
2019-10-18 05:45:56,726 [Socket Reader #1 for port 38282] INFO  ipc.Server (Server.java:run(1074)) - Starting Socket Reader #1 for port 38282
2019-10-18 05:45:56,750 [main] INFO  ipc.CallQueueManager (CallQueueManager.java:<init>(84)) - Using callQueue: class java.util.concurrent.LinkedBlockingQueue, queueCapacity: 2000, scheduler: class org.apache.hadoop.ipc.DefaultRpcScheduler, ipcBackoff: false.
2019-10-18 05:45:56,750 [Socket Reader #1 for port 39042] INFO  ipc.Server (Server.java:run(1074)) - Starting Socket Reader #1 for port 39042
2019-10-18 05:45:56,757 [main] INFO  ipc.CallQueueManager (CallQueueManager.java:<init>(84)) - Using callQueue: class java.util.concurrent.LinkedBlockingQueue, queueCapacity: 2000, scheduler: class org.apache.hadoop.ipc.DefaultRpcScheduler, ipcBackoff: false.
2019-10-18 05:45:56,758 [Socket Reader #1 for port 37208] INFO  ipc.Server (Server.java:run(1074)) - Starting Socket Reader #1 for port 37208
2019-10-18 05:45:56,778 [main] INFO  hdfs.DFSUtil (DFSUtil.java:httpServerTemplateForNNAndJN(1641)) - Starting Web-server for scm at: http://0.0.0.0:0
2019-10-18 05:45:56,906 [main] INFO  server.AuthenticationFilter (AuthenticationFilter.java:constructSecretProvider(240)) - Unable to initialize FileSignerSecretProvider, falling back to use random secrets.
2019-10-18 05:45:56,914 [main] WARN  http.HttpRequestLog (HttpRequestLog.java:getRequestLog(97)) - Jetty request log can only be enabled using Log4j
2019-10-18 05:45:56,922 [main] INFO  http.HttpServer2 (HttpServer2.java:addGlobalFilter(975)) - Added global filter 'safety' (class=org.apache.hadoop.http.HttpServer2$QuotingInputFilter)
2019-10-18 05:45:56,924 [main] INFO  http.HttpServer2 (HttpServer2.java:addFilter(948)) - Added filter static_user_filter (class=org.apache.hadoop.http.lib.StaticUserWebFilter$StaticUserFilter) to context scm
2019-10-18 05:45:56,925 [main] INFO  http.HttpServer2 (HttpServer2.java:addFilter(958)) - Added filter static_user_filter (class=org.apache.hadoop.http.lib.StaticUserWebFilter$StaticUserFilter) to context logs
2019-10-18 05:45:56,925 [main] INFO  http.HttpServer2 (HttpServer2.java:addFilter(958)) - Added filter static_user_filter (class=org.apache.hadoop.http.lib.StaticUserWebFilter$StaticUserFilter) to context static
2019-10-18 05:45:56,968 [main] INFO  server.StorageContainerManager (StorageContainerManager.java:start(772)) - StorageContainerLocationProtocol RPC server is listening at /0.0.0.0:37208
2019-10-18 05:45:57,037 [main] WARN  impl.MetricsConfig (MetricsConfig.java:loadFirst(134)) - Cannot locate configuration: tried hadoop-metrics2-storagecontainermanager.properties,hadoop-metrics2.properties
2019-10-18 05:45:57,050 [main] INFO  impl.MetricsSystemImpl (MetricsSystemImpl.java:startTimer(374)) - Scheduled Metric snapshot period at 10 second(s).
2019-10-18 05:45:57,050 [main] INFO  impl.MetricsSystemImpl (MetricsSystemImpl.java:start(191)) - StorageContainerManager metrics system started
2019-10-18 05:45:57,270 [main] INFO  server.SCMClientProtocolServer (SCMClientProtocolServer.java:start(159)) - RPC server for Client  is listening at /0.0.0.0:37208
2019-10-18 05:45:57,271 [IPC Server Responder] INFO  ipc.Server (Server.java:run(1314)) - IPC Server Responder: starting
2019-10-18 05:45:57,271 [IPC Server listener on 37208] INFO  ipc.Server (Server.java:run(1153)) - IPC Server listener on 37208: starting
2019-10-18 05:45:57,274 [main] INFO  server.StorageContainerManager (StorageContainerManager.java:start(782)) - ScmBlockLocationProtocol RPC server is listening at /0.0.0.0:39042
2019-10-18 05:45:57,275 [main] INFO  server.SCMBlockProtocolServer (SCMBlockProtocolServer.java:start(146)) - RPC server for Block Protocol is listening at /0.0.0.0:39042
2019-10-18 05:45:57,276 [IPC Server Responder] INFO  ipc.Server (Server.java:run(1314)) - IPC Server Responder: starting
2019-10-18 05:45:57,276 [IPC Server listener on 39042] INFO  ipc.Server (Server.java:run(1153)) - IPC Server listener on 39042: starting
2019-10-18 05:45:57,277 [main] INFO  server.StorageContainerManager (StorageContainerManager.java:start(786)) - ScmDatanodeProtocl RPC server is listening at /0.0.0.0:38282
2019-10-18 05:45:57,277 [main] INFO  server.SCMDatanodeProtocolServer (SCMDatanodeProtocolServer.java:start(169)) - RPC server for DataNodes is listening at /0.0.0.0:38282
2019-10-18 05:45:57,278 [IPC Server Responder] INFO  ipc.Server (Server.java:run(1314)) - IPC Server Responder: starting
2019-10-18 05:45:57,278 [IPC Server listener on 38282] INFO  ipc.Server (Server.java:run(1153)) - IPC Server listener on 38282: starting
2019-10-18 05:45:57,281 [main] INFO  http.HttpServer2 (HttpServer2.java:bindListener(1191)) - Jetty bound to port 38201
2019-10-18 05:45:57,283 [main] INFO  server.Server (Server.java:doStart(351)) - jetty-9.3.25.v20180904, build timestamp: 2018-09-04T21:11:46Z, git hash: 3ce520221d0240229c862b122d2b06c12a625732
2019-10-18 05:45:57,324 [main] INFO  handler.ContextHandler (ContextHandler.java:doStart(781)) - Started o.e.j.s.ServletContextHandler@42f8285e{/logs,file:///workdir/hadoop-ozone/integration-test/target/log,AVAILABLE}
2019-10-18 05:45:57,325 [main] INFO  handler.ContextHandler (ContextHandler.java:doStart(781)) - Started o.e.j.s.ServletContextHandler@3724af13{/static,file:///workdir/hadoop-ozone/integration-test/target/test-classes/webapps/static,AVAILABLE}
2019-10-18 05:45:57,361 [main] INFO  handler.ContextHandler (ContextHandler.java:doStart(781)) - Started o.e.j.w.WebAppContext@24a1c17f{/,file:///workdir/hadoop-ozone/integration-test/target/test-classes/webapps/scm/,AVAILABLE}{/scm}
2019-10-18 05:45:57,367 [main] INFO  server.AbstractConnector (AbstractConnector.java:doStart(278)) - Started ServerConnector@4d63b624{HTTP/1.1,[http/1.1]}{0.0.0.0:38201}
2019-10-18 05:45:57,367 [main] INFO  server.Server (Server.java:doStart(419)) - Started @2840ms
2019-10-18 05:45:57,370 [main] INFO  impl.MetricsSinkAdapter (MetricsSinkAdapter.java:start(204)) - Sink prometheus started
2019-10-18 05:45:57,370 [main] INFO  impl.MetricsSystemImpl (MetricsSystemImpl.java:registerSink(301)) - Registered sink prometheus
2019-10-18 05:45:57,372 [main] INFO  server.BaseHttpServer (BaseHttpServer.java:updateConnectorAddress(215)) - HTTP server of SCM is listening at http://0.0.0.0:38201
2019-10-18 05:45:57,377 [org.apache.hadoop.util.JvmPauseMonitor$Monitor@4b629f13] INFO  util.JvmPauseMonitor (JvmPauseMonitor.java:run(188)) - Starting JVM pause monitor
2019-10-18 05:45:57,380 [main] WARN  server.ServerUtils (ServerUtils.java:getDBPath(222)) - ozone.om.db.dirs is not configured. We recommend adding this setting. Falling back to ozone.metadata.dirs instead.
2019-10-18 05:45:57,500 [main] INFO  ha.OMHANodeDetails (OMHANodeDetails.java:loadOMHAConfig(190)) - Configuration either no ozone.om.address set. Falling back to the default OM address /127.0.0.1:0
2019-10-18 05:45:57,500 [main] INFO  ha.OMHANodeDetails (OMHANodeDetails.java:getOMNodeDetails(220)) - OM Service ID is not set. Setting it to the default ID: omServiceIdDefault
2019-10-18 05:45:57,501 [main] WARN  server.ServerUtils (ServerUtils.java:getDBPath(222)) - ozone.om.db.dirs is not configured. We recommend adding this setting. Falling back to ozone.metadata.dirs instead.
2019-10-18 05:45:57,502 [main] WARN  server.ServerUtils (ServerUtils.java:getDBPath(222)) - ozone.om.db.dirs is not configured. We recommend adding this setting. Falling back to ozone.metadata.dirs instead.
2019-10-18 05:45:58,087 [main] WARN  server.ServerUtils (ServerUtils.java:getDBPath(222)) - ozone.om.db.dirs is not configured. We recommend adding this setting. Falling back to ozone.metadata.dirs instead.
2019-10-18 05:45:58,094 [main] INFO  db.DBStoreBuilder (DBStoreBuilder.java:addTable(117)) - using custom profile for table: userTable
2019-10-18 05:45:58,095 [main] INFO  db.DBStoreBuilder (DBStoreBuilder.java:processTables(168)) - Using default column profile:DBProfile.DISK for Table:userTable
2019-10-18 05:45:58,095 [main] INFO  db.DBStoreBuilder (DBStoreBuilder.java:addTable(117)) - using custom profile for table: volumeTable
2019-10-18 05:45:58,095 [main] INFO  db.DBStoreBuilder (DBStoreBuilder.java:processTables(168)) - Using default column profile:DBProfile.DISK for Table:volumeTable
2019-10-18 05:45:58,095 [main] INFO  db.DBStoreBuilder (DBStoreBuilder.java:addTable(117)) - using custom profile for table: bucketTable
2019-10-18 05:45:58,096 [main] INFO  db.DBStoreBuilder (DBStoreBuilder.java:processTables(168)) - Using default column profile:DBProfile.DISK for Table:bucketTable
2019-10-18 05:45:58,096 [main] INFO  db.DBStoreBuilder (DBStoreBuilder.java:addTable(117)) - using custom profile for table: keyTable
2019-10-18 05:45:58,096 [main] INFO  db.DBStoreBuilder (DBStoreBuilder.java:processTables(168)) - Using default column profile:DBProfile.DISK for Table:keyTable
2019-10-18 05:45:58,096 [main] INFO  db.DBStoreBuilder (DBStoreBuilder.java:addTable(117)) - using custom profile for table: deletedTable
2019-10-18 05:45:58,096 [main] INFO  db.DBStoreBuilder (DBStoreBuilder.java:processTables(168)) - Using default column profile:DBProfile.DISK for Table:deletedTable
2019-10-18 05:45:58,097 [main] INFO  db.DBStoreBuilder (DBStoreBuilder.java:addTable(117)) - using custom profile for table: openKeyTable
2019-10-18 05:45:58,097 [main] INFO  db.DBStoreBuilder (DBStoreBuilder.java:processTables(168)) - Using default column profile:DBProfile.DISK for Table:openKeyTable
2019-10-18 05:45:58,097 [main] INFO  db.DBStoreBuilder (DBStoreBuilder.java:addTable(117)) - using custom profile for table: s3Table
2019-10-18 05:45:58,097 [main] INFO  db.DBStoreBuilder (DBStoreBuilder.java:processTables(168)) - Using default column profile:DBProfile.DISK for Table:s3Table
2019-10-18 05:45:58,097 [main] INFO  db.DBStoreBuilder (DBStoreBuilder.java:addTable(117)) - using custom profile for table: multipartInfoTable
2019-10-18 05:45:58,098 [main] INFO  db.DBStoreBuilder (DBStoreBuilder.java:processTables(168)) - Using default column profile:DBProfile.DISK for Table:multipartInfoTable
2019-10-18 05:45:58,098 [main] INFO  db.DBStoreBuilder (DBStoreBuilder.java:addTable(117)) - using custom profile for table: dTokenTable
2019-10-18 05:45:58,098 [main] INFO  db.DBStoreBuilder (DBStoreBuilder.java:processTables(168)) - Using default column profile:DBProfile.DISK for Table:dTokenTable
2019-10-18 05:45:58,098 [main] INFO  db.DBStoreBuilder (DBStoreBuilder.java:addTable(117)) - using custom profile for table: s3SecretTable
2019-10-18 05:45:58,098 [main] INFO  db.DBStoreBuilder (DBStoreBuilder.java:processTables(168)) - Using default column profile:DBProfile.DISK for Table:s3SecretTable
2019-10-18 05:45:58,099 [main] INFO  db.DBStoreBuilder (DBStoreBuilder.java:addTable(117)) - using custom profile for table: prefixTable
2019-10-18 05:45:58,099 [main] INFO  db.DBStoreBuilder (DBStoreBuilder.java:processTables(168)) - Using default column profile:DBProfile.DISK for Table:prefixTable
2019-10-18 05:45:58,099 [main] INFO  db.DBStoreBuilder (DBStoreBuilder.java:addTable(117)) - using custom profile for table: default
2019-10-18 05:45:58,099 [main] INFO  db.DBStoreBuilder (DBStoreBuilder.java:processTables(174)) - Using default column profile:DBProfile.DISK for Table:default
2019-10-18 05:45:58,100 [main] INFO  db.DBStoreBuilder (DBStoreBuilder.java:getDbProfile(205)) - Using default options. DBProfile.DISK
2019-10-18 05:45:58,710 [main] INFO  ipc.CallQueueManager (CallQueueManager.java:<init>(84)) - Using callQueue: class java.util.concurrent.LinkedBlockingQueue, queueCapacity: 2000, scheduler: class org.apache.hadoop.ipc.DefaultRpcScheduler, ipcBackoff: false.
2019-10-18 05:45:58,711 [Socket Reader #1 for port 36281] INFO  ipc.Server (Server.java:run(1074)) - Starting Socket Reader #1 for port 36281
2019-10-18 05:45:58,730 [main] INFO  om.OzoneManager (OzoneManager.java:start(1071)) - OzoneManager RPC server is listening at localhost/127.0.0.1:36281
2019-10-18 05:45:58,730 [main] INFO  impl.MetricsSystemImpl (MetricsSystemImpl.java:init(158)) - OzoneManager metrics system started (again)
2019-10-18 05:45:58,738 [IPC Server Responder] INFO  ipc.Server (Server.java:run(1314)) - IPC Server Responder: starting
2019-10-18 05:45:58,738 [IPC Server listener on 36281] INFO  ipc.Server (Server.java:run(1153)) - IPC Server listener on 36281: starting
2019-10-18 05:45:58,743 [main] INFO  hdfs.DFSUtil (DFSUtil.java:httpServerTemplateForNNAndJN(1641)) - Starting Web-server for ozoneManager at: http://0.0.0.0:0
2019-10-18 05:45:58,745 [main] INFO  server.AuthenticationFilter (AuthenticationFilter.java:constructSecretProvider(240)) - Unable to initialize FileSignerSecretProvider, falling back to use random secrets.
2019-10-18 05:45:58,746 [main] WARN  http.HttpRequestLog (HttpRequestLog.java:getRequestLog(97)) - Jetty request log can only be enabled using Log4j
2019-10-18 05:45:58,748 [main] INFO  http.HttpServer2 (HttpServer2.java:addGlobalFilter(975)) - Added global filter 'safety' (class=org.apache.hadoop.http.HttpServer2$QuotingInputFilter)
2019-10-18 05:45:58,750 [main] INFO  http.HttpServer2 (HttpServer2.java:addFilter(948)) - Added filter static_user_filter (class=org.apache.hadoop.http.lib.StaticUserWebFilter$StaticUserFilter) to context ozoneManager
2019-10-18 05:45:58,750 [main] INFO  http.HttpServer2 (HttpServer2.java:addFilter(958)) - Added filter static_user_filter (class=org.apache.hadoop.http.lib.StaticUserWebFilter$StaticUserFilter) to context static
2019-10-18 05:45:58,750 [main] INFO  http.HttpServer2 (HttpServer2.java:addFilter(958)) - Added filter static_user_filter (class=org.apache.hadoop.http.lib.StaticUserWebFilter$StaticUserFilter) to context logs
2019-10-18 05:45:58,753 [main] INFO  http.HttpServer2 (HttpServer2.java:bindListener(1191)) - Jetty bound to port 42740
2019-10-18 05:45:58,753 [main] INFO  server.Server (Server.java:doStart(351)) - jetty-9.3.25.v20180904, build timestamp: 2018-09-04T21:11:46Z, git hash: 3ce520221d0240229c862b122d2b06c12a625732
2019-10-18 05:45:58,756 [main] INFO  handler.ContextHandler (ContextHandler.java:doStart(781)) - Started o.e.j.s.ServletContextHandler@aa10649{/logs,file:///workdir/hadoop-ozone/integration-test/target/log,AVAILABLE}
2019-10-18 05:45:58,757 [main] INFO  handler.ContextHandler (ContextHandler.java:doStart(781)) - Started o.e.j.s.ServletContextHandler@37095ded{/static,file:///workdir/hadoop-ozone/integration-test/target/test-classes/webapps/static,AVAILABLE}
2019-10-18 05:45:58,763 [main] INFO  handler.ContextHandler (ContextHandler.java:doStart(781)) - Started o.e.j.w.WebAppContext@75b3673{/,file:///workdir/hadoop-ozone/integration-test/target/test-classes/webapps/ozoneManager/,AVAILABLE}{/ozoneManager}
2019-10-18 05:45:58,764 [main] INFO  server.AbstractConnector (AbstractConnector.java:doStart(278)) - Started ServerConnector@1bcb79c2{HTTP/1.1,[http/1.1]}{0.0.0.0:42740}
2019-10-18 05:45:58,765 [main] INFO  server.Server (Server.java:doStart(419)) - Started @4237ms
2019-10-18 05:45:58,765 [main] WARN  impl.MetricsSystemImpl (MetricsSystemImpl.java:register(276)) - Sink prometheus already exists!
2019-10-18 05:45:58,767 [main] INFO  server.BaseHttpServer (BaseHttpServer.java:updateConnectorAddress(215)) - HTTP server of OZONEMANAGER is listening at http://0.0.0.0:42740
2019-10-18 05:45:59,017 [main] INFO  impl.MetricsSystemImpl (MetricsSystemImpl.java:init(158)) - HddsDatanode metrics system started (again)
2019-10-18 05:45:59,076 [main] INFO  ozone.HddsDatanodeService (HddsDatanodeService.java:start(184)) - HddsDatanodeService host:pr-hdds-2286-rggtd-639769477 ip:192.168.34.6
2019-10-18 05:45:59,112 [main] INFO  volume.HddsVolume (HddsVolume.java:<init>(176)) - Creating Volume: /workdir/hadoop-ozone/integration-test/target/test-dir/MiniOzoneClusterImpl-bdd1ebd8-a644-496b-9074-58a768d0a1bb/datanode-0/data/containers/hdds of  storage type : DISK and capacity : 1482555576320
2019-10-18 05:45:59,114 [main] INFO  volume.VolumeSet (VolumeSet.java:initializeVolumeSet(170)) - Added Volume : /workdir/hadoop-ozone/integration-test/target/test-dir/MiniOzoneClusterImpl-bdd1ebd8-a644-496b-9074-58a768d0a1bb/datanode-0/data/containers/hdds to VolumeSet
2019-10-18 05:45:59,117 [main] INFO  volume.ThrottledAsyncChecker (ThrottledAsyncChecker.java:schedule(141)) - Scheduling a check for /workdir/hadoop-ozone/integration-test/target/test-dir/MiniOzoneClusterImpl-bdd1ebd8-a644-496b-9074-58a768d0a1bb/datanode-0/data/containers/hdds
2019-10-18 05:45:59,133 [main] INFO  volume.HddsVolumeChecker (HddsVolumeChecker.java:checkAllVolumes(204)) - Scheduled health check for volume /workdir/hadoop-ozone/integration-test/target/test-dir/MiniOzoneClusterImpl-bdd1ebd8-a644-496b-9074-58a768d0a1bb/datanode-0/data/containers/hdds
2019-10-18 05:45:59,245 [main] INFO  impl.RaftServerProxy (ConfUtils.java:logGet(43)) - raft.rpc.type = GRPC (default)
2019-10-18 05:45:59,319 [main] INFO  grpc.GrpcFactory (GrpcFactory.java:checkPooledByteBufAllocatorUseCacheForAllThreads(45)) - PERFORMANCE WARNING: useCacheForAllThreads is true that may cause Netty to create a lot garbage objects and, as a result, trigger GC.
	It is recommended to disable useCacheForAllThreads by setting -Dorg.apache.ratis.thirdparty.io.netty.allocator.useCacheForAllThreads=false in command line.
2019-10-18 05:45:59,324 [main] INFO  grpc.GrpcConfigKeys$Server (ConfUtils.java:logGet(43)) - raft.grpc.server.port = 0 (default)
2019-10-18 05:45:59,325 [main] INFO  server.GrpcService (ConfUtils.java:logGet(43)) - raft.grpc.message.size.max = 33570816 (custom)
2019-10-18 05:45:59,326 [main] INFO  server.RaftServerConfigKeys (ConfUtils.java:logGet(43)) - raft.server.log.appender.buffer.byte-limit = 33554432 (custom)
2019-10-18 05:45:59,327 [main] INFO  server.GrpcService (ConfUtils.java:logGet(43)) - raft.grpc.flow.control.window = 1MB (=1048576) (default)
2019-10-18 05:45:59,327 [main] INFO  server.RaftServerConfigKeys (ConfUtils.java:logGet(43)) - raft.server.rpc.request.timeout = 3000ms (default)
2019-10-18 05:45:59,478 [main] INFO  server.RaftServerConfigKeys (ConfUtils.java:logGet(43)) - raft.server.storage.dir = [/workdir/hadoop-ozone/integration-test/target/test-dir/MiniOzoneClusterImpl-bdd1ebd8-a644-496b-9074-58a768d0a1bb/datanode-0/data/ratis] (custom)
2019-10-18 05:45:59,522 [main] INFO  hdfs.DFSUtil (DFSUtil.java:httpServerTemplateForNNAndJN(1641)) - Starting Web-server for hddsDatanode at: http://0.0.0.0:0
2019-10-18 05:45:59,524 [main] INFO  server.AuthenticationFilter (AuthenticationFilter.java:constructSecretProvider(240)) - Unable to initialize FileSignerSecretProvider, falling back to use random secrets.
2019-10-18 05:45:59,525 [main] WARN  http.HttpRequestLog (HttpRequestLog.java:getRequestLog(97)) - Jetty request log can only be enabled using Log4j
2019-10-18 05:45:59,527 [main] INFO  http.HttpServer2 (HttpServer2.java:addGlobalFilter(975)) - Added global filter 'safety' (class=org.apache.hadoop.http.HttpServer2$QuotingInputFilter)
2019-10-18 05:45:59,528 [main] INFO  http.HttpServer2 (HttpServer2.java:addFilter(948)) - Added filter static_user_filter (class=org.apache.hadoop.http.lib.StaticUserWebFilter$StaticUserFilter) to context hddsDatanode
2019-10-18 05:45:59,529 [main] INFO  http.HttpServer2 (HttpServer2.java:addFilter(958)) - Added filter static_user_filter (class=org.apache.hadoop.http.lib.StaticUserWebFilter$StaticUserFilter) to context logs
2019-10-18 05:45:59,529 [main] INFO  http.HttpServer2 (HttpServer2.java:addFilter(958)) - Added filter static_user_filter (class=org.apache.hadoop.http.lib.StaticUserWebFilter$StaticUserFilter) to context static
2019-10-18 05:45:59,530 [main] INFO  http.HttpServer2 (HttpServer2.java:bindListener(1191)) - Jetty bound to port 38151
2019-10-18 05:45:59,530 [main] INFO  server.Server (Server.java:doStart(351)) - jetty-9.3.25.v20180904, build timestamp: 2018-09-04T21:11:46Z, git hash: 3ce520221d0240229c862b122d2b06c12a625732
2019-10-18 05:45:59,533 [main] INFO  handler.ContextHandler (ContextHandler.java:doStart(781)) - Started o.e.j.s.ServletContextHandler@60cf62ad{/logs,file:///workdir/hadoop-ozone/integration-test/target/log,AVAILABLE}
2019-10-18 05:45:59,534 [main] INFO  handler.ContextHandler (ContextHandler.java:doStart(781)) - Started o.e.j.s.ServletContextHandler@1ac4ccad{/static,jar:file:/home/user/.m2/repository/org/apache/hadoop/hadoop-hdds-container-service/0.5.0-SNAPSHOT/hadoop-hdds-container-service-0.5.0-SNAPSHOT.jar!/webapps/static,AVAILABLE}
2019-10-18 05:45:59,570 [main] INFO  handler.ContextHandler (ContextHandler.java:doStart(781)) - Started o.e.j.w.WebAppContext@de8039f{/,file:///tmp/jetty-0.0.0.0-38151-hddsDatanode-_-any-823230077109154223.dir/webapp/,AVAILABLE}{/hddsDatanode}
2019-10-18 05:45:59,571 [main] INFO  server.AbstractConnector (AbstractConnector.java:doStart(278)) - Started ServerConnector@1deceb67{HTTP/1.1,[http/1.1]}{0.0.0.0:38151}
2019-10-18 05:45:59,572 [main] INFO  server.Server (Server.java:doStart(419)) - Started @5044ms
2019-10-18 05:45:59,572 [main] WARN  impl.MetricsSystemImpl (MetricsSystemImpl.java:register(276)) - Sink prometheus already exists!
2019-10-18 05:45:59,573 [main] INFO  server.BaseHttpServer (BaseHttpServer.java:updateConnectorAddress(215)) - HTTP server of HDDSDATANODE is listening at http://0.0.0.0:38151
2019-10-18 05:45:59,574 [main] INFO  impl.MetricsSystemImpl (MetricsSystemImpl.java:init(158)) - HddsDatanode metrics system started (again)
2019-10-18 05:45:59,576 [main] INFO  ozone.HddsDatanodeService (HddsDatanodeService.java:start(184)) - HddsDatanodeService host:pr-hdds-2286-rggtd-639769477 ip:192.168.34.6
2019-10-18 05:45:59,578 [org.apache.hadoop.util.JvmPauseMonitor$Monitor@1ab45c92] INFO  util.JvmPauseMonitor (JvmPauseMonitor.java:run(188)) - Starting JVM pause monitor
2019-10-18 05:45:59,584 [main] INFO  volume.HddsVolume (HddsVolume.java:<init>(176)) - Creating Volume: /workdir/hadoop-ozone/integration-test/target/test-dir/MiniOzoneClusterImpl-bdd1ebd8-a644-496b-9074-58a768d0a1bb/datanode-1/data/containers/hdds of  storage type : DISK and capacity : 1482555576320
2019-10-18 05:45:59,585 [main] INFO  volume.VolumeSet (VolumeSet.java:initializeVolumeSet(170)) - Added Volume : /workdir/hadoop-ozone/integration-test/target/test-dir/MiniOzoneClusterImpl-bdd1ebd8-a644-496b-9074-58a768d0a1bb/datanode-1/data/containers/hdds to VolumeSet
2019-10-18 05:45:59,585 [main] INFO  volume.ThrottledAsyncChecker (ThrottledAsyncChecker.java:schedule(141)) - Scheduling a check for /workdir/hadoop-ozone/integration-test/target/test-dir/MiniOzoneClusterImpl-bdd1ebd8-a644-496b-9074-58a768d0a1bb/datanode-1/data/containers/hdds
2019-10-18 05:45:59,585 [main] INFO  volume.HddsVolumeChecker (HddsVolumeChecker.java:checkAllVolumes(204)) - Scheduled health check for volume /workdir/hadoop-ozone/integration-test/target/test-dir/MiniOzoneClusterImpl-bdd1ebd8-a644-496b-9074-58a768d0a1bb/datanode-1/data/containers/hdds
2019-10-18 05:45:59,597 [main] INFO  impl.RaftServerProxy (ConfUtils.java:logGet(43)) - raft.rpc.type = GRPC (default)
2019-10-18 05:45:59,598 [main] INFO  grpc.GrpcFactory (GrpcFactory.java:checkPooledByteBufAllocatorUseCacheForAllThreads(45)) - PERFORMANCE WARNING: useCacheForAllThreads is true that may cause Netty to create a lot garbage objects and, as a result, trigger GC.
	It is recommended to disable useCacheForAllThreads by setting -Dorg.apache.ratis.thirdparty.io.netty.allocator.useCacheForAllThreads=false in command line.
2019-10-18 05:45:59,598 [main] INFO  grpc.GrpcConfigKeys$Server (ConfUtils.java:logGet(43)) - raft.grpc.server.port = 0 (default)
2019-10-18 05:45:59,598 [main] INFO  server.GrpcService (ConfUtils.java:logGet(43)) - raft.grpc.message.size.max = 33570816 (custom)
2019-10-18 05:45:59,598 [main] INFO  server.RaftServerConfigKeys (ConfUtils.java:logGet(43)) - raft.server.log.appender.buffer.byte-limit = 33554432 (custom)
2019-10-18 05:45:59,598 [main] INFO  server.GrpcService (ConfUtils.java:logGet(43)) - raft.grpc.flow.control.window = 1MB (=1048576) (default)
2019-10-18 05:45:59,599 [main] INFO  server.RaftServerConfigKeys (ConfUtils.java:logGet(43)) - raft.server.rpc.request.timeout = 3000ms (default)
2019-10-18 05:45:59,599 [main] INFO  server.RaftServerConfigKeys (ConfUtils.java:logGet(43)) - raft.server.storage.dir = [/workdir/hadoop-ozone/integration-test/target/test-dir/MiniOzoneClusterImpl-bdd1ebd8-a644-496b-9074-58a768d0a1bb/datanode-1/data/ratis] (custom)
2019-10-18 05:45:59,601 [main] INFO  hdfs.DFSUtil (DFSUtil.java:httpServerTemplateForNNAndJN(1641)) - Starting Web-server for hddsDatanode at: http://0.0.0.0:0
2019-10-18 05:45:59,602 [main] INFO  server.AuthenticationFilter (AuthenticationFilter.java:constructSecretProvider(240)) - Unable to initialize FileSignerSecretProvider, falling back to use random secrets.
2019-10-18 05:45:59,602 [main] WARN  http.HttpRequestLog (HttpRequestLog.java:getRequestLog(97)) - Jetty request log can only be enabled using Log4j
2019-10-18 05:45:59,604 [main] INFO  http.HttpServer2 (HttpServer2.java:addGlobalFilter(975)) - Added global filter 'safety' (class=org.apache.hadoop.http.HttpServer2$QuotingInputFilter)
2019-10-18 05:45:59,604 [main] INFO  http.HttpServer2 (HttpServer2.java:addFilter(948)) - Added filter static_user_filter (class=org.apache.hadoop.http.lib.StaticUserWebFilter$StaticUserFilter) to context hddsDatanode
2019-10-18 05:45:59,604 [main] INFO  http.HttpServer2 (HttpServer2.java:addFilter(958)) - Added filter static_user_filter (class=org.apache.hadoop.http.lib.StaticUserWebFilter$StaticUserFilter) to context logs
2019-10-18 05:45:59,604 [main] INFO  http.HttpServer2 (HttpServer2.java:addFilter(958)) - Added filter static_user_filter (class=org.apache.hadoop.http.lib.StaticUserWebFilter$StaticUserFilter) to context static
2019-10-18 05:45:59,605 [main] INFO  http.HttpServer2 (HttpServer2.java:bindListener(1191)) - Jetty bound to port 37362
2019-10-18 05:45:59,605 [main] INFO  server.Server (Server.java:doStart(351)) - jetty-9.3.25.v20180904, build timestamp: 2018-09-04T21:11:46Z, git hash: 3ce520221d0240229c862b122d2b06c12a625732
2019-10-18 05:45:59,608 [main] INFO  handler.ContextHandler (ContextHandler.java:doStart(781)) - Started o.e.j.s.ServletContextHandler@1907874b{/logs,file:///workdir/hadoop-ozone/integration-test/target/log,AVAILABLE}
2019-10-18 05:45:59,609 [main] INFO  handler.ContextHandler (ContextHandler.java:doStart(781)) - Started o.e.j.s.ServletContextHandler@5b3a7ef5{/static,jar:file:/home/user/.m2/repository/org/apache/hadoop/hadoop-hdds-container-service/0.5.0-SNAPSHOT/hadoop-hdds-container-service-0.5.0-SNAPSHOT.jar!/webapps/static,AVAILABLE}
2019-10-18 05:45:59,635 [main] INFO  handler.ContextHandler (ContextHandler.java:doStart(781)) - Started o.e.j.w.WebAppContext@660f0c{/,file:///tmp/jetty-0.0.0.0-37362-hddsDatanode-_-any-4182328098278297444.dir/webapp/,AVAILABLE}{/hddsDatanode}
2019-10-18 05:45:59,636 [main] INFO  server.AbstractConnector (AbstractConnector.java:doStart(278)) - Started ServerConnector@7a0ef219{HTTP/1.1,[http/1.1]}{0.0.0.0:37362}
2019-10-18 05:45:59,637 [main] INFO  server.Server (Server.java:doStart(419)) - Started @5109ms
2019-10-18 05:45:59,637 [main] WARN  impl.MetricsSystemImpl (MetricsSystemImpl.java:register(276)) - Sink prometheus already exists!
2019-10-18 05:45:59,638 [main] INFO  server.BaseHttpServer (BaseHttpServer.java:updateConnectorAddress(215)) - HTTP server of HDDSDATANODE is listening at http://0.0.0.0:37362
2019-10-18 05:45:59,638 [main] INFO  impl.MetricsSystemImpl (MetricsSystemImpl.java:init(158)) - HddsDatanode metrics system started (again)
2019-10-18 05:45:59,640 [org.apache.hadoop.util.JvmPauseMonitor$Monitor@3a07ab61] INFO  util.JvmPauseMonitor (JvmPauseMonitor.java:run(188)) - Starting JVM pause monitor
2019-10-18 05:45:59,641 [main] INFO  ozone.HddsDatanodeService (HddsDatanodeService.java:start(184)) - HddsDatanodeService host:pr-hdds-2286-rggtd-639769477 ip:192.168.34.6
2019-10-18 05:45:59,648 [main] INFO  volume.HddsVolume (HddsVolume.java:<init>(176)) - Creating Volume: /workdir/hadoop-ozone/integration-test/target/test-dir/MiniOzoneClusterImpl-bdd1ebd8-a644-496b-9074-58a768d0a1bb/datanode-2/data/containers/hdds of  storage type : DISK and capacity : 1482555576320
2019-10-18 05:45:59,649 [main] INFO  volume.VolumeSet (VolumeSet.java:initializeVolumeSet(170)) - Added Volume : /workdir/hadoop-ozone/integration-test/target/test-dir/MiniOzoneClusterImpl-bdd1ebd8-a644-496b-9074-58a768d0a1bb/datanode-2/data/containers/hdds to VolumeSet
2019-10-18 05:45:59,649 [main] INFO  volume.ThrottledAsyncChecker (ThrottledAsyncChecker.java:schedule(141)) - Scheduling a check for /workdir/hadoop-ozone/integration-test/target/test-dir/MiniOzoneClusterImpl-bdd1ebd8-a644-496b-9074-58a768d0a1bb/datanode-2/data/containers/hdds
2019-10-18 05:45:59,649 [main] INFO  volume.HddsVolumeChecker (HddsVolumeChecker.java:checkAllVolumes(204)) - Scheduled health check for volume /workdir/hadoop-ozone/integration-test/target/test-dir/MiniOzoneClusterImpl-bdd1ebd8-a644-496b-9074-58a768d0a1bb/datanode-2/data/containers/hdds
2019-10-18 05:45:59,661 [main] INFO  impl.RaftServerProxy (ConfUtils.java:logGet(43)) - raft.rpc.type = GRPC (default)
2019-10-18 05:45:59,662 [main] INFO  grpc.GrpcFactory (GrpcFactory.java:checkPooledByteBufAllocatorUseCacheForAllThreads(45)) - PERFORMANCE WARNING: useCacheForAllThreads is true that may cause Netty to create a lot garbage objects and, as a result, trigger GC.
	It is recommended to disable useCacheForAllThreads by setting -Dorg.apache.ratis.thirdparty.io.netty.allocator.useCacheForAllThreads=false in command line.
2019-10-18 05:45:59,662 [main] INFO  grpc.GrpcConfigKeys$Server (ConfUtils.java:logGet(43)) - raft.grpc.server.port = 0 (default)
2019-10-18 05:45:59,662 [main] INFO  server.GrpcService (ConfUtils.java:logGet(43)) - raft.grpc.message.size.max = 33570816 (custom)
2019-10-18 05:45:59,662 [main] INFO  server.RaftServerConfigKeys (ConfUtils.java:logGet(43)) - raft.server.log.appender.buffer.byte-limit = 33554432 (custom)
2019-10-18 05:45:59,663 [main] INFO  server.GrpcService (ConfUtils.java:logGet(43)) - raft.grpc.flow.control.window = 1MB (=1048576) (default)
2019-10-18 05:45:59,663 [main] INFO  server.RaftServerConfigKeys (ConfUtils.java:logGet(43)) - raft.server.rpc.request.timeout = 3000ms (default)
2019-10-18 05:45:59,663 [main] INFO  server.RaftServerConfigKeys (ConfUtils.java:logGet(43)) - raft.server.storage.dir = [/workdir/hadoop-ozone/integration-test/target/test-dir/MiniOzoneClusterImpl-bdd1ebd8-a644-496b-9074-58a768d0a1bb/datanode-2/data/ratis] (custom)
2019-10-18 05:45:59,665 [main] INFO  hdfs.DFSUtil (DFSUtil.java:httpServerTemplateForNNAndJN(1641)) - Starting Web-server for hddsDatanode at: http://0.0.0.0:0
2019-10-18 05:45:59,667 [main] INFO  server.AuthenticationFilter (AuthenticationFilter.java:constructSecretProvider(240)) - Unable to initialize FileSignerSecretProvider, falling back to use random secrets.
2019-10-18 05:45:59,667 [main] WARN  http.HttpRequestLog (HttpRequestLog.java:getRequestLog(97)) - Jetty request log can only be enabled using Log4j
2019-10-18 05:45:59,669 [main] INFO  http.HttpServer2 (HttpServer2.java:addGlobalFilter(975)) - Added global filter 'safety' (class=org.apache.hadoop.http.HttpServer2$QuotingInputFilter)
2019-10-18 05:45:59,670 [main] INFO  http.HttpServer2 (HttpServer2.java:addFilter(948)) - Added filter static_user_filter (class=org.apache.hadoop.http.lib.StaticUserWebFilter$StaticUserFilter) to context hddsDatanode
2019-10-18 05:45:59,670 [main] INFO  http.HttpServer2 (HttpServer2.java:addFilter(958)) - Added filter static_user_filter (class=org.apache.hadoop.http.lib.StaticUserWebFilter$StaticUserFilter) to context logs
2019-10-18 05:45:59,670 [main] INFO  http.HttpServer2 (HttpServer2.java:addFilter(958)) - Added filter static_user_filter (class=org.apache.hadoop.http.lib.StaticUserWebFilter$StaticUserFilter) to context static
2019-10-18 05:45:59,671 [main] INFO  http.HttpServer2 (HttpServer2.java:bindListener(1191)) - Jetty bound to port 46712
2019-10-18 05:45:59,671 [main] INFO  server.Server (Server.java:doStart(351)) - jetty-9.3.25.v20180904, build timestamp: 2018-09-04T21:11:46Z, git hash: 3ce520221d0240229c862b122d2b06c12a625732
2019-10-18 05:45:59,673 [main] INFO  handler.ContextHandler (ContextHandler.java:doStart(781)) - Started o.e.j.s.ServletContextHandler@5fa23c{/logs,file:///workdir/hadoop-ozone/integration-test/target/log,AVAILABLE}
2019-10-18 05:45:59,673 [main] INFO  handler.ContextHandler (ContextHandler.java:doStart(781)) - Started o.e.j.s.ServletContextHandler@433348bc{/static,jar:file:/home/user/.m2/repository/org/apache/hadoop/hadoop-hdds-container-service/0.5.0-SNAPSHOT/hadoop-hdds-container-service-0.5.0-SNAPSHOT.jar!/webapps/static,AVAILABLE}
2019-10-18 05:45:59,699 [Datanode State Machine Thread - 0] INFO  datanode.InitDatanodeState (InitDatanodeState.java:persistContainerDatanodeDetails(140)) - DatanodeDetails is persisted to /workdir/hadoop-ozone/integration-test/target/test-dir/MiniOzoneClusterImpl-bdd1ebd8-a644-496b-9074-58a768d0a1bb/datanode-0/meta/datanode.id
2019-10-18 05:45:59,702 [Datanode State Machine Thread - 0] INFO  datanode.InitDatanodeState (InitDatanodeState.java:persistContainerDatanodeDetails(140)) - DatanodeDetails is persisted to /workdir/hadoop-ozone/integration-test/target/test-dir/MiniOzoneClusterImpl-bdd1ebd8-a644-496b-9074-58a768d0a1bb/datanode-1/meta/datanode.id
2019-10-18 05:45:59,705 [main] INFO  handler.ContextHandler (ContextHandler.java:doStart(781)) - Started o.e.j.w.WebAppContext@43e9089{/,file:///tmp/jetty-0.0.0.0-46712-hddsDatanode-_-any-7933680475022021213.dir/webapp/,AVAILABLE}{/hddsDatanode}
2019-10-18 05:45:59,706 [main] INFO  server.AbstractConnector (AbstractConnector.java:doStart(278)) - Started ServerConnector@3c5dbdf8{HTTP/1.1,[http/1.1]}{0.0.0.0:46712}
2019-10-18 05:45:59,706 [main] INFO  server.Server (Server.java:doStart(419)) - Started @5178ms
2019-10-18 05:45:59,706 [main] WARN  impl.MetricsSystemImpl (MetricsSystemImpl.java:register(276)) - Sink prometheus already exists!
2019-10-18 05:45:59,708 [main] INFO  server.BaseHttpServer (BaseHttpServer.java:updateConnectorAddress(215)) - HTTP server of HDDSDATANODE is listening at http://0.0.0.0:46712
2019-10-18 05:45:59,709 [main] INFO  ozone.MiniOzoneClusterImpl (MiniOzoneClusterImpl.java:lambda$waitForClusterToBeReady$0(147)) - Waiting for cluster to be ready. Got 0 of 3 DN Heartbeats.
2019-10-18 05:45:59,710 [org.apache.hadoop.util.JvmPauseMonitor$Monitor@660384e9] INFO  util.JvmPauseMonitor (JvmPauseMonitor.java:run(188)) - Starting JVM pause monitor
2019-10-18 05:45:59,712 [Datanode State Machine Thread - 0] INFO  datanode.InitDatanodeState (InitDatanodeState.java:persistContainerDatanodeDetails(140)) - DatanodeDetails is persisted to /workdir/hadoop-ozone/integration-test/target/test-dir/MiniOzoneClusterImpl-bdd1ebd8-a644-496b-9074-58a768d0a1bb/datanode-2/meta/datanode.id
2019-10-18 05:46:00,710 [main] INFO  ozone.MiniOzoneClusterImpl (MiniOzoneClusterImpl.java:lambda$waitForClusterToBeReady$0(147)) - Waiting for cluster to be ready. Got 0 of 3 DN Heartbeats.
2019-10-18 05:46:01,660 [Datanode State Machine Thread - 0] INFO  ozoneimpl.OzoneContainer (OzoneContainer.java:start(213)) - Attempting to start container services.
2019-10-18 05:46:01,660 [Datanode State Machine Thread - 0] INFO  ozoneimpl.OzoneContainer (OzoneContainer.java:start(213)) - Attempting to start container services.
2019-10-18 05:46:01,663 [Datanode State Machine Thread - 0] INFO  ozoneimpl.OzoneContainer (OzoneContainer.java:startContainerScrub(177)) - Background container scanner has been disabled.
2019-10-18 05:46:01,663 [Datanode State Machine Thread - 0] INFO  ozoneimpl.OzoneContainer (OzoneContainer.java:startContainerScrub(177)) - Background container scanner has been disabled.
2019-10-18 05:46:01,663 [Datanode State Machine Thread - 0] INFO  ratis.XceiverServerRatis (XceiverServerRatis.java:start(418)) - Starting XceiverServerRatis e47f3d18-6550-4f27-a4cc-ce34c6c87b58 at port 0
2019-10-18 05:46:01,663 [Datanode State Machine Thread - 0] INFO  ratis.XceiverServerRatis (XceiverServerRatis.java:start(418)) - Starting XceiverServerRatis 58c4827f-663e-41e6-a95a-5c02fdca8528 at port 0
2019-10-18 05:46:01,693 [Datanode State Machine Thread - 0] INFO  impl.RaftServerProxy (RaftServerProxy.java:lambda$start$3(299)) - e47f3d18-6550-4f27-a4cc-ce34c6c87b58: start RPC server
2019-10-18 05:46:01,693 [Datanode State Machine Thread - 0] INFO  impl.RaftServerProxy (RaftServerProxy.java:lambda$start$3(299)) - 58c4827f-663e-41e6-a95a-5c02fdca8528: start RPC server
2019-10-18 05:46:01,712 [main] INFO  ozone.MiniOzoneClusterImpl (MiniOzoneClusterImpl.java:lambda$waitForClusterToBeReady$0(147)) - Waiting for cluster to be ready. Got 0 of 3 DN Heartbeats.
2019-10-18 05:46:01,735 [Datanode State Machine Thread - 0] INFO  ozoneimpl.OzoneContainer (OzoneContainer.java:start(213)) - Attempting to start container services.
2019-10-18 05:46:01,740 [Datanode State Machine Thread - 0] INFO  ozoneimpl.OzoneContainer (OzoneContainer.java:startContainerScrub(177)) - Background container scanner has been disabled.
2019-10-18 05:46:01,741 [Datanode State Machine Thread - 0] INFO  ratis.XceiverServerRatis (XceiverServerRatis.java:start(418)) - Starting XceiverServerRatis 291b4074-36ef-4604-afea-a446d5bcf194 at port 0
2019-10-18 05:46:01,750 [Datanode State Machine Thread - 0] INFO  impl.RaftServerProxy (RaftServerProxy.java:lambda$start$3(299)) - 291b4074-36ef-4604-afea-a446d5bcf194: start RPC server
2019-10-18 05:46:01,825 [Datanode State Machine Thread - 0] INFO  server.GrpcService (GrpcService.java:startImpl(158)) - 58c4827f-663e-41e6-a95a-5c02fdca8528: GrpcService started, listening on 0.0.0.0/0.0.0.0:39496
2019-10-18 05:46:01,825 [Datanode State Machine Thread - 0] INFO  server.GrpcService (GrpcService.java:startImpl(158)) - e47f3d18-6550-4f27-a4cc-ce34c6c87b58: GrpcService started, listening on 0.0.0.0/0.0.0.0:35257
2019-10-18 05:46:01,825 [Datanode State Machine Thread - 0] INFO  server.GrpcService (GrpcService.java:startImpl(158)) - 291b4074-36ef-4604-afea-a446d5bcf194: GrpcService started, listening on 0.0.0.0/0.0.0.0:34859
2019-10-18 05:46:01,826 [Datanode State Machine Thread - 0] INFO  ratis.XceiverServerRatis (XceiverServerRatis.java:start(428)) - XceiverServerRatis e47f3d18-6550-4f27-a4cc-ce34c6c87b58 is started using port 35257
2019-10-18 05:46:01,826 [Datanode State Machine Thread - 0] INFO  ratis.XceiverServerRatis (XceiverServerRatis.java:start(428)) - XceiverServerRatis 58c4827f-663e-41e6-a95a-5c02fdca8528 is started using port 39496
2019-10-18 05:46:01,826 [Datanode State Machine Thread - 0] INFO  ratis.XceiverServerRatis (XceiverServerRatis.java:start(428)) - XceiverServerRatis 291b4074-36ef-4604-afea-a446d5bcf194 is started using port 34859
2019-10-18 05:46:01,831 [Datanode State Machine Thread - 0] INFO  server.XceiverServerGrpc (XceiverServerGrpc.java:start(149)) - XceiverServerGrpc e47f3d18-6550-4f27-a4cc-ce34c6c87b58 is started using port 43223
2019-10-18 05:46:01,831 [Datanode State Machine Thread - 0] INFO  server.XceiverServerGrpc (XceiverServerGrpc.java:start(149)) - XceiverServerGrpc 291b4074-36ef-4604-afea-a446d5bcf194 is started using port 44922
2019-10-18 05:46:01,831 [Datanode State Machine Thread - 0] INFO  server.XceiverServerGrpc (XceiverServerGrpc.java:start(149)) - XceiverServerGrpc 58c4827f-663e-41e6-a95a-5c02fdca8528 is started using port 35882
2019-10-18 05:46:02,712 [main] INFO  ozone.MiniOzoneClusterImpl (MiniOzoneClusterImpl.java:lambda$waitForClusterToBeReady$0(147)) - Waiting for cluster to be ready. Got 0 of 3 DN Heartbeats.
2019-10-18 05:46:03,614 [IPC Server handler 0 on 38282] INFO  net.NetworkTopology (NetworkTopologyImpl.java:add(111)) - Added a new node: /default-rack/e47f3d18-6550-4f27-a4cc-ce34c6c87b58
2019-10-18 05:46:03,614 [IPC Server handler 0 on 38282] INFO  node.SCMNodeManager (SCMNodeManager.java:register(268)) - Registered Data node : e47f3d18-6550-4f27-a4cc-ce34c6c87b58{ip: 192.168.34.6, host: pr-hdds-2286-rggtd-639769477, networkLocation: /default-rack, certSerialId: null}
2019-10-18 05:46:03,617 [EventQueue-NodeRegistrationContainerReportForDataNodeSafeModeRule] INFO  safemode.SCMSafeModeManager (DataNodeSafeModeRule.java:process(71)) - SCM in safe mode. 1 DataNodes registered, 1 required.
2019-10-18 05:46:03,617 [EventQueue-NodeRegistrationContainerReportForDataNodeSafeModeRule] INFO  safemode.SCMSafeModeManager (SCMSafeModeManager.java:validateSafeModeExitRules(177)) - ScmSafeModeManager, all rules are successfully validated
2019-10-18 05:46:03,617 [EventQueue-NodeRegistrationContainerReportForDataNodeSafeModeRule] INFO  safemode.SCMSafeModeManager (SCMSafeModeManager.java:exitSafeMode(193)) - SCM exiting safe mode.
2019-10-18 05:46:03,643 [IPC Server handler 1 on 38282] INFO  net.NetworkTopology (NetworkTopologyImpl.java:add(111)) - Added a new node: /default-rack/58c4827f-663e-41e6-a95a-5c02fdca8528
2019-10-18 05:46:03,643 [IPC Server handler 1 on 38282] INFO  node.SCMNodeManager (SCMNodeManager.java:register(268)) - Registered Data node : 58c4827f-663e-41e6-a95a-5c02fdca8528{ip: 192.168.34.6, host: pr-hdds-2286-rggtd-639769477, networkLocation: /default-rack, certSerialId: null}
2019-10-18 05:46:03,713 [main] INFO  ozone.MiniOzoneClusterImpl (MiniOzoneClusterImpl.java:lambda$waitForClusterToBeReady$0(147)) - Waiting for cluster to be ready. Got 2 of 3 DN Heartbeats.
2019-10-18 05:46:03,714 [IPC Server handler 3 on 38282] INFO  net.NetworkTopology (NetworkTopologyImpl.java:add(111)) - Added a new node: /default-rack/291b4074-36ef-4604-afea-a446d5bcf194
2019-10-18 05:46:03,715 [IPC Server handler 3 on 38282] INFO  node.SCMNodeManager (SCMNodeManager.java:register(268)) - Registered Data node : 291b4074-36ef-4604-afea-a446d5bcf194{ip: 192.168.34.6, host: pr-hdds-2286-rggtd-639769477, networkLocation: /default-rack, certSerialId: null}
2019-10-18 05:46:04,053 [grpc-default-executor-0] INFO  impl.RaftServerProxy (RaftServerProxy.java:addNew(89)) - e47f3d18-6550-4f27-a4cc-ce34c6c87b58: addNew group-A2742B8C4B04:[e47f3d18-6550-4f27-a4cc-ce34c6c87b58:192.168.34.6:35257] returns group-A2742B8C4B04:java.util.concurrent.CompletableFuture@1dd25f39[Not completed]
2019-10-18 05:46:04,063 [pool-27-thread-1] INFO  impl.RaftServerImpl (RaftServerImpl.java:<init>(104)) - e47f3d18-6550-4f27-a4cc-ce34c6c87b58: new RaftServerImpl for group-A2742B8C4B04:[e47f3d18-6550-4f27-a4cc-ce34c6c87b58:192.168.34.6:35257] with ContainerStateMachine:uninitialized
2019-10-18 05:46:04,066 [pool-27-thread-1] INFO  server.RaftServerConfigKeys (ConfUtils.java:logGet(43)) - raft.server.rpc.timeout.min = 5s (custom)
2019-10-18 05:46:04,066 [pool-27-thread-1] INFO  server.RaftServerConfigKeys (ConfUtils.java:logGet(43)) - raft.server.rpc.timeout.max = 5200ms (custom)
2019-10-18 05:46:04,066 [pool-27-thread-1] INFO  server.RaftServerConfigKeys (ConfUtils.java:logGet(43)) - raft.server.rpcslowness.timeout = 1000s (custom)
2019-10-18 05:46:04,067 [pool-27-thread-1] INFO  server.RaftServerConfigKeys (ConfUtils.java:logGet(43)) - raft.server.sleep.deviation.threshold = 300 (default)
2019-10-18 05:46:04,068 [pool-27-thread-1] INFO  server.RaftServerConfigKeys (ConfUtils.java:logGet(43)) - raft.server.log.appender.install.snapshot.enabled = false (custom)
2019-10-18 05:46:04,074 [pool-27-thread-1] INFO  impl.RaftServerImpl (ServerState.java:<init>(103)) - e47f3d18-6550-4f27-a4cc-ce34c6c87b58@group-A2742B8C4B04: ConfigurationManager, init=-1: [e47f3d18-6550-4f27-a4cc-ce34c6c87b58:192.168.34.6:35257], old=null, confs=<EMPTY_MAP>
2019-10-18 05:46:04,074 [pool-27-thread-1] INFO  server.RaftServerConfigKeys (ConfUtils.java:logGet(43)) - raft.server.storage.dir = [/workdir/hadoop-ozone/integration-test/target/test-dir/MiniOzoneClusterImpl-bdd1ebd8-a644-496b-9074-58a768d0a1bb/datanode-0/data/ratis] (custom)
2019-10-18 05:46:04,080 [pool-27-thread-1] INFO  server.RaftServerConfigKeys (ConfUtils.java:logGet(43)) - raft.server.log.corruption.policy = EXCEPTION (default)
2019-10-18 05:46:04,081 [pool-27-thread-1] INFO  storage.RaftStorageDirectory (RaftStorageDirectory.java:analyzeStorage(246)) - The storage directory /workdir/hadoop-ozone/integration-test/target/test-dir/MiniOzoneClusterImpl-bdd1ebd8-a644-496b-9074-58a768d0a1bb/datanode-0/data/ratis/4947adff-0591-47d1-8b3c-a2742b8c4b04 does not exist. Creating ...
2019-10-18 05:46:04,109 [pool-27-thread-1] INFO  storage.RaftStorageDirectory (RaftStorageDirectory.java:tryLock(328)) - Lock on /workdir/hadoop-ozone/integration-test/target/test-dir/MiniOzoneClusterImpl-bdd1ebd8-a644-496b-9074-58a768d0a1bb/datanode-0/data/ratis/4947adff-0591-47d1-8b3c-a2742b8c4b04/in_use.lock acquired by nodename 27131@pr-hdds-2286-rggtd-639769477
2019-10-18 05:46:04,135 [pool-27-thread-1] INFO  storage.RaftStorage (RaftStorage.java:format(84)) - Storage directory /workdir/hadoop-ozone/integration-test/target/test-dir/MiniOzoneClusterImpl-bdd1ebd8-a644-496b-9074-58a768d0a1bb/datanode-0/data/ratis/4947adff-0591-47d1-8b3c-a2742b8c4b04 has been successfully formatted.
2019-10-18 05:46:04,138 [pool-27-thread-1] INFO  ratis.ContainerStateMachine (ContainerStateMachine.java:loadSnapshot(231)) - group-A2742B8C4B04: The snapshot info is null. Setting the last applied indexto:(t:0, i:~)
2019-10-18 05:46:04,138 [pool-27-thread-1] INFO  server.RaftServerConfigKeys (ConfUtils.java:logGet(43)) - raft.server.notification.no-leader.timeout = 1000s (custom)
2019-10-18 05:46:04,140 [pool-27-thread-1] INFO  server.RaftServerConfigKeys (ConfUtils.java:logGet(43)) - raft.server.log.use.memory = false (default)
2019-10-18 05:46:04,145 [pool-27-thread-1] INFO  server.RaftServerConfigKeys (ConfUtils.java:logGet(43)) - raft.server.log.purge.gap = 1000000 (custom)
2019-10-18 05:46:04,145 [pool-27-thread-1] INFO  server.RaftServerConfigKeys (ConfUtils.java:logGet(43)) - raft.server.log.appender.buffer.byte-limit = 33554432 (custom)
2019-10-18 05:46:04,147 [pool-27-thread-1] INFO  server.RaftServerConfigKeys (ConfUtils.java:logGet(43)) - raft.server.log.segment.size.max = 1048576 (custom)
2019-10-18 05:46:04,149 [pool-27-thread-1] INFO  impl.MetricsSystemImpl (MetricsSystemImpl.java:init(158)) - ratis metrics system started (again)
2019-10-18 05:46:04,153 [pool-27-thread-1] INFO  metrics.MetricRegistries (MetricRegistriesLoader.java:load(64)) - Loaded MetricRegistries class org.apache.ratis.metrics.impl.MetricRegistriesImpl
2019-10-18 05:46:04,187 [pool-27-thread-1] INFO  server.RaftServerConfigKeys (ConfUtils.java:logGet(43)) - raft.server.log.segment.cache.num.max = 2 (custom)
2019-10-18 05:46:04,192 [pool-27-thread-1] INFO  segmented.SegmentedRaftLogWorker (SegmentedRaftLogWorker.java:<init>(173)) - new e47f3d18-6550-4f27-a4cc-ce34c6c87b58@group-A2742B8C4B04-SegmentedRaftLogWorker for RaftStorage:Storage Directory /workdir/hadoop-ozone/integration-test/target/test-dir/MiniOzoneClusterImpl-bdd1ebd8-a644-496b-9074-58a768d0a1bb/datanode-0/data/ratis/4947adff-0591-47d1-8b3c-a2742b8c4b04
2019-10-18 05:46:04,193 [pool-27-thread-1] INFO  server.RaftServerConfigKeys (ConfUtils.java:logGet(43)) - raft.server.log.queue.byte-limit = 2147483647 (custom)
2019-10-18 05:46:04,193 [pool-27-thread-1] INFO  server.RaftServerConfigKeys (ConfUtils.java:logGet(43)) - raft.server.log.queue.element-limit = 1024 (custom)
2019-10-18 05:46:04,194 [pool-27-thread-1] INFO  server.RaftServerConfigKeys (ConfUtils.java:logGet(43)) - raft.server.log.segment.size.max = 1048576 (custom)
2019-10-18 05:46:04,195 [pool-27-thread-1] INFO  server.RaftServerConfigKeys (ConfUtils.java:logGet(43)) - raft.server.log.preallocated.size = 16384 (custom)
2019-10-18 05:46:04,195 [pool-27-thread-1] INFO  server.RaftServerConfigKeys (ConfUtils.java:logGet(43)) - raft.server.log.write.buffer.size = 33554432 (custom)
2019-10-18 05:46:04,196 [pool-27-thread-1] INFO  server.RaftServerConfigKeys (ConfUtils.java:logGet(43)) - raft.server.log.force.sync.num = 128 (default)
2019-10-18 05:46:04,196 [pool-27-thread-1] INFO  server.RaftServerConfigKeys (ConfUtils.java:logGet(43)) - raft.server.log.statemachine.data.sync = true (default)
2019-10-18 05:46:04,197 [pool-27-thread-1] INFO  server.RaftServerConfigKeys (ConfUtils.java:logGet(43)) - raft.server.log.statemachine.data.sync.timeout = 10s (default)
2019-10-18 05:46:04,197 [pool-27-thread-1] INFO  server.RaftServerConfigKeys (ConfUtils.java:logGet(43)) - raft.server.log.statemachine.data.sync.timeout.retry = -1 (default)
2019-10-18 05:46:04,208 [pool-27-thread-1] INFO  server.RaftServerConfigKeys (ConfUtils.java:logGet(43)) - raft.server.log.statemachine.data.caching.enabled = true (custom)
2019-10-18 05:46:04,212 [pool-27-thread-1] INFO  segmented.SegmentedRaftLogWorker (SegmentedRaftLogWorker.java:lambda$new$0(128)) - e47f3d18-6550-4f27-a4cc-ce34c6c87b58@group-A2742B8C4B04-SegmentedRaftLogWorker: flushIndex: setUnconditionally 0 -> -1
2019-10-18 05:46:04,216 [pool-27-thread-1] INFO  server.RaftServerConfigKeys (ConfUtils.java:logGet(43)) - raft.server.snapshot.auto.trigger.enabled = true (custom)
2019-10-18 05:46:04,216 [pool-27-thread-1] INFO  server.RaftServerConfigKeys (ConfUtils.java:logGet(43)) - raft.server.snapshot.auto.trigger.threshold = 10000 (custom)
2019-10-18 05:46:04,217 [pool-27-thread-1] INFO  server.RaftServerConfigKeys (ConfUtils.java:logGet(43)) - raft.server.snapshot.retention.file.num = 5 (custom)
2019-10-18 05:46:04,217 [pool-27-thread-1] INFO  server.RaftServerConfigKeys (ConfUtils.java:logGet(43)) - raft.server.retrycache.expirytime = 600000ms (custom)
2019-10-18 05:46:04,245 [pool-27-thread-1] INFO  impl.RaftServerImpl (RaftServerImpl.java:start(195)) - e47f3d18-6550-4f27-a4cc-ce34c6c87b58@group-A2742B8C4B04: start as a follower, conf=-1: [e47f3d18-6550-4f27-a4cc-ce34c6c87b58:192.168.34.6:35257], old=null
2019-10-18 05:46:04,246 [pool-27-thread-1] INFO  impl.RaftServerImpl (RaftServerImpl.java:setRole(184)) - e47f3d18-6550-4f27-a4cc-ce34c6c87b58@group-A2742B8C4B04: changes role from      null to FOLLOWER at term 0 for startAsFollower
2019-10-18 05:46:04,248 [pool-27-thread-1] INFO  impl.RoleInfo (RoleInfo.java:updateAndGet(143)) - e47f3d18-6550-4f27-a4cc-ce34c6c87b58: start FollowerState
2019-10-18 05:46:04,251 [pool-27-thread-1] INFO  util.JmxRegister (JmxRegister.java:tryRegister(44)) - Successfully registered JMX Bean with object name Ratis:service=RaftServer,group=group-A2742B8C4B04,id=e47f3d18-6550-4f27-a4cc-ce34c6c87b58
2019-10-18 05:46:04,255 [Thread-186] INFO  impl.FollowerState (FollowerState.java:run(108)) - e47f3d18-6550-4f27-a4cc-ce34c6c87b58@group-A2742B8C4B04-FollowerState: change to CANDIDATE, lastRpcTime:7ms, electionTimeout:6ms
2019-10-18 05:46:04,258 [Thread-186] INFO  impl.RoleInfo (RoleInfo.java:shutdownFollowerState(121)) - e47f3d18-6550-4f27-a4cc-ce34c6c87b58: shutdown FollowerState
2019-10-18 05:46:04,259 [Thread-186] INFO  impl.RaftServerImpl (RaftServerImpl.java:setRole(184)) - e47f3d18-6550-4f27-a4cc-ce34c6c87b58@group-A2742B8C4B04: changes role from  FOLLOWER to CANDIDATE at term 0 for changeToCandidate
2019-10-18 05:46:04,264 [Thread-186] INFO  impl.RoleInfo (RoleInfo.java:updateAndGet(143)) - e47f3d18-6550-4f27-a4cc-ce34c6c87b58: start LeaderElection
2019-10-18 05:46:04,289 [e47f3d18-6550-4f27-a4cc-ce34c6c87b58@group-A2742B8C4B04-LeaderElection1] INFO  impl.LeaderElection (LeaderElection.java:askForVotes(178)) - e47f3d18-6550-4f27-a4cc-ce34c6c87b58@group-A2742B8C4B04-LeaderElection1: begin an election at term 1 for -1: [e47f3d18-6550-4f27-a4cc-ce34c6c87b58:192.168.34.6:35257], old=null
2019-10-18 05:46:04,290 [e47f3d18-6550-4f27-a4cc-ce34c6c87b58@group-A2742B8C4B04-LeaderElection1] INFO  impl.RoleInfo (RoleInfo.java:shutdownLeaderElection(134)) - e47f3d18-6550-4f27-a4cc-ce34c6c87b58: shutdown LeaderElection
2019-10-18 05:46:04,291 [e47f3d18-6550-4f27-a4cc-ce34c6c87b58@group-A2742B8C4B04-LeaderElection1] INFO  impl.RaftServerImpl (RaftServerImpl.java:setRole(184)) - e47f3d18-6550-4f27-a4cc-ce34c6c87b58@group-A2742B8C4B04: changes role from CANDIDATE to LEADER at term 1 for changeToLeader
2019-10-18 05:46:04,291 [e47f3d18-6550-4f27-a4cc-ce34c6c87b58@group-A2742B8C4B04-LeaderElection1] INFO  impl.RaftServerImpl (ServerState.java:setLeader(256)) - e47f3d18-6550-4f27-a4cc-ce34c6c87b58@group-A2742B8C4B04: change Leader from null to e47f3d18-6550-4f27-a4cc-ce34c6c87b58 at term 1 for becomeLeader, leader elected after 153ms
2019-10-18 05:46:04,295 [e47f3d18-6550-4f27-a4cc-ce34c6c87b58@group-A2742B8C4B04-LeaderElection1] INFO  server.RaftServerConfigKeys (ConfUtils.java:logGet(43)) - raft.server.staging.catchup.gap = 1000 (default)
2019-10-18 05:46:04,295 [e47f3d18-6550-4f27-a4cc-ce34c6c87b58@group-A2742B8C4B04-LeaderElection1] INFO  server.RaftServerConfigKeys (ConfUtils.java:logGet(43)) - raft.server.rpc.sleep.time = 25ms (default)
2019-10-18 05:46:04,300 [e47f3d18-6550-4f27-a4cc-ce34c6c87b58@group-A2742B8C4B04-LeaderElection1] INFO  server.RaftServerConfigKeys (ConfUtils.java:logGet(43)) - raft.server.write.element-limit = 4096 (default)
2019-10-18 05:46:04,302 [e47f3d18-6550-4f27-a4cc-ce34c6c87b58@group-A2742B8C4B04-LeaderElection1] INFO  server.RaftServerConfigKeys (ConfUtils.java:logGet(43)) - raft.server.watch.timeout = 10s (default)
2019-10-18 05:46:04,302 [e47f3d18-6550-4f27-a4cc-ce34c6c87b58@group-A2742B8C4B04-LeaderElection1] INFO  server.RaftServerConfigKeys (ConfUtils.java:logGet(43)) - raft.server.watch.timeout.denomination = 1s (default)
2019-10-18 05:46:04,303 [e47f3d18-6550-4f27-a4cc-ce34c6c87b58@group-A2742B8C4B04-LeaderElection1] INFO  server.RaftServerConfigKeys (ConfUtils.java:logGet(43)) - raft.server.watch.element-limit = 65536 (default)
2019-10-18 05:46:04,334 [e47f3d18-6550-4f27-a4cc-ce34c6c87b58@group-A2742B8C4B04-LeaderElection1] INFO  impl.RoleInfo (RoleInfo.java:updateAndGet(143)) - e47f3d18-6550-4f27-a4cc-ce34c6c87b58: start LeaderState
2019-10-18 05:46:04,351 [e47f3d18-6550-4f27-a4cc-ce34c6c87b58@group-A2742B8C4B04-LeaderElection1] INFO  segmented.SegmentedRaftLogWorker (SegmentedRaftLogWorker.java:startLogSegment(385)) - e47f3d18-6550-4f27-a4cc-ce34c6c87b58@group-A2742B8C4B04-SegmentedRaftLogWorker: Starting segment from index:0
2019-10-18 05:46:04,361 [e47f3d18-6550-4f27-a4cc-ce34c6c87b58@group-A2742B8C4B04-LeaderElection1] INFO  impl.RaftServerImpl (ServerState.java:setRaftConf(357)) - e47f3d18-6550-4f27-a4cc-ce34c6c87b58@group-A2742B8C4B04: set configuration 0: [e47f3d18-6550-4f27-a4cc-ce34c6c87b58:192.168.34.6:35257], old=null at 0
2019-10-18 05:46:04,364 [RatisPipelineUtilsThread] INFO  pipeline.PipelineStateManager (PipelineStateManager.java:addPipeline(56)) - Created pipeline Pipeline[ Id: 4947adff-0591-47d1-8b3c-a2742b8c4b04, Nodes: e47f3d18-6550-4f27-a4cc-ce34c6c87b58{ip: 192.168.34.6, host: pr-hdds-2286-rggtd-639769477, networkLocation: /default-rack, certSerialId: null}, Type:RATIS, Factor:ONE, State:OPEN]
2019-10-18 05:46:04,382 [grpc-default-executor-0] INFO  impl.RaftServerProxy (RaftServerProxy.java:addNew(89)) - 291b4074-36ef-4604-afea-a446d5bcf194: addNew group-7AC4618047FC:[291b4074-36ef-4604-afea-a446d5bcf194:192.168.34.6:34859] returns group-7AC4618047FC:java.util.concurrent.CompletableFuture@4fdbafcd[Not completed]
2019-10-18 05:46:04,383 [pool-47-thread-1] INFO  impl.RaftServerImpl (RaftServerImpl.java:<init>(104)) - 291b4074-36ef-4604-afea-a446d5bcf194: new RaftServerImpl for group-7AC4618047FC:[291b4074-36ef-4604-afea-a446d5bcf194:192.168.34.6:34859] with ContainerStateMachine:uninitialized
2019-10-18 05:46:04,384 [pool-47-thread-1] INFO  server.RaftServerConfigKeys (ConfUtils.java:logGet(43)) - raft.server.rpc.timeout.min = 5s (custom)
2019-10-18 05:46:04,384 [pool-47-thread-1] INFO  server.RaftServerConfigKeys (ConfUtils.java:logGet(43)) - raft.server.rpc.timeout.max = 5200ms (custom)
2019-10-18 05:46:04,384 [pool-47-thread-1] INFO  server.RaftServerConfigKeys (ConfUtils.java:logGet(43)) - raft.server.rpcslowness.timeout = 1000s (custom)
2019-10-18 05:46:04,384 [pool-47-thread-1] INFO  server.RaftServerConfigKeys (ConfUtils.java:logGet(43)) - raft.server.sleep.deviation.threshold = 300 (default)
2019-10-18 05:46:04,385 [pool-47-thread-1] INFO  server.RaftServerConfigKeys (ConfUtils.java:logGet(43)) - raft.server.log.appender.install.snapshot.enabled = false (custom)
2019-10-18 05:46:04,385 [pool-47-thread-1] INFO  impl.RaftServerImpl (ServerState.java:<init>(103)) - 291b4074-36ef-4604-afea-a446d5bcf194@group-7AC4618047FC: ConfigurationManager, init=-1: [291b4074-36ef-4604-afea-a446d5bcf194:192.168.34.6:34859], old=null, confs=<EMPTY_MAP>
2019-10-18 05:46:04,385 [pool-47-thread-1] INFO  server.RaftServerConfigKeys (ConfUtils.java:logGet(43)) - raft.server.storage.dir = [/workdir/hadoop-ozone/integration-test/target/test-dir/MiniOzoneClusterImpl-bdd1ebd8-a644-496b-9074-58a768d0a1bb/datanode-2/data/ratis] (custom)
2019-10-18 05:46:04,385 [pool-47-thread-1] INFO  server.RaftServerConfigKeys (ConfUtils.java:logGet(43)) - raft.server.log.corruption.policy = EXCEPTION (default)
2019-10-18 05:46:04,385 [pool-47-thread-1] INFO  storage.RaftStorageDirectory (RaftStorageDirectory.java:analyzeStorage(246)) - The storage directory /workdir/hadoop-ozone/integration-test/target/test-dir/MiniOzoneClusterImpl-bdd1ebd8-a644-496b-9074-58a768d0a1bb/datanode-2/data/ratis/0802c47e-9a26-4bcf-91db-7ac4618047fc does not exist. Creating ...
2019-10-18 05:46:04,414 [pool-47-thread-1] INFO  storage.RaftStorageDirectory (RaftStorageDirectory.java:tryLock(328)) - Lock on /workdir/hadoop-ozone/integration-test/target/test-dir/MiniOzoneClusterImpl-bdd1ebd8-a644-496b-9074-58a768d0a1bb/datanode-2/data/ratis/0802c47e-9a26-4bcf-91db-7ac4618047fc/in_use.lock acquired by nodename 27131@pr-hdds-2286-rggtd-639769477
2019-10-18 05:46:04,435 [pool-47-thread-1] INFO  storage.RaftStorage (RaftStorage.java:format(84)) - Storage directory /workdir/hadoop-ozone/integration-test/target/test-dir/MiniOzoneClusterImpl-bdd1ebd8-a644-496b-9074-58a768d0a1bb/datanode-2/data/ratis/0802c47e-9a26-4bcf-91db-7ac4618047fc has been successfully formatted.
2019-10-18 05:46:04,436 [pool-47-thread-1] INFO  ratis.ContainerStateMachine (ContainerStateMachine.java:loadSnapshot(231)) - group-7AC4618047FC: The snapshot info is null. Setting the last applied indexto:(t:0, i:~)
2019-10-18 05:46:04,437 [pool-47-thread-1] INFO  server.RaftServerConfigKeys (ConfUtils.java:logGet(43)) - raft.server.notification.no-leader.timeout = 1000s (custom)
2019-10-18 05:46:04,437 [pool-47-thread-1] INFO  server.RaftServerConfigKeys (ConfUtils.java:logGet(43)) - raft.server.log.use.memory = false (default)
2019-10-18 05:46:04,437 [pool-47-thread-1] INFO  server.RaftServerConfigKeys (ConfUtils.java:logGet(43)) - raft.server.log.purge.gap = 1000000 (custom)
2019-10-18 05:46:04,437 [pool-47-thread-1] INFO  server.RaftServerConfigKeys (ConfUtils.java:logGet(43)) - raft.server.log.appender.buffer.byte-limit = 33554432 (custom)
2019-10-18 05:46:04,437 [pool-47-thread-1] INFO  server.RaftServerConfigKeys (ConfUtils.java:logGet(43)) - raft.server.log.segment.size.max = 1048576 (custom)
2019-10-18 05:46:04,456 [pool-47-thread-1] INFO  server.RaftServerConfigKeys (ConfUtils.java:logGet(43)) - raft.server.log.segment.cache.num.max = 2 (custom)
2019-10-18 05:46:04,456 [pool-47-thread-1] INFO  segmented.SegmentedRaftLogWorker (SegmentedRaftLogWorker.java:<init>(173)) - new 291b4074-36ef-4604-afea-a446d5bcf194@group-7AC4618047FC-SegmentedRaftLogWorker for RaftStorage:Storage Directory /workdir/hadoop-ozone/integration-test/target/test-dir/MiniOzoneClusterImpl-bdd1ebd8-a644-496b-9074-58a768d0a1bb/datanode-2/data/ratis/0802c47e-9a26-4bcf-91db-7ac4618047fc
2019-10-18 05:46:04,456 [pool-47-thread-1] INFO  server.RaftServerConfigKeys (ConfUtils.java:logGet(43)) - raft.server.log.queue.byte-limit = 2147483647 (custom)
2019-10-18 05:46:04,456 [pool-47-thread-1] INFO  server.RaftServerConfigKeys (ConfUtils.java:logGet(43)) - raft.server.log.queue.element-limit = 1024 (custom)
2019-10-18 05:46:04,456 [pool-47-thread-1] INFO  server.RaftServerConfigKeys (ConfUtils.java:logGet(43)) - raft.server.log.segment.size.max = 1048576 (custom)
2019-10-18 05:46:04,456 [pool-47-thread-1] INFO  server.RaftServerConfigKeys (ConfUtils.java:logGet(43)) - raft.server.log.preallocated.size = 16384 (custom)
2019-10-18 05:46:04,457 [pool-47-thread-1] INFO  server.RaftServerConfigKeys (ConfUtils.java:logGet(43)) - raft.server.log.write.buffer.size = 33554432 (custom)
2019-10-18 05:46:04,457 [pool-47-thread-1] INFO  server.RaftServerConfigKeys (ConfUtils.java:logGet(43)) - raft.server.log.force.sync.num = 128 (default)
2019-10-18 05:46:04,457 [pool-47-thread-1] INFO  server.RaftServerConfigKeys (ConfUtils.java:logGet(43)) - raft.server.log.statemachine.data.sync = true (default)
2019-10-18 05:46:04,457 [pool-47-thread-1] INFO  server.RaftServerConfigKeys (ConfUtils.java:logGet(43)) - raft.server.log.statemachine.data.sync.timeout = 10s (default)
2019-10-18 05:46:04,457 [pool-47-thread-1] INFO  server.RaftServerConfigKeys (ConfUtils.java:logGet(43)) - raft.server.log.statemachine.data.sync.timeout.retry = -1 (default)
2019-10-18 05:46:04,458 [pool-47-thread-1] INFO  server.RaftServerConfigKeys (ConfUtils.java:logGet(43)) - raft.server.log.statemachine.data.caching.enabled = true (custom)
2019-10-18 05:46:04,458 [pool-47-thread-1] INFO  segmented.SegmentedRaftLogWorker (SegmentedRaftLogWorker.java:lambda$new$0(128)) - 291b4074-36ef-4604-afea-a446d5bcf194@group-7AC4618047FC-SegmentedRaftLogWorker: flushIndex: setUnconditionally 0 -> -1
2019-10-18 05:46:04,458 [pool-47-thread-1] INFO  server.RaftServerConfigKeys (ConfUtils.java:logGet(43)) - raft.server.snapshot.auto.trigger.enabled = true (custom)
2019-10-18 05:46:04,458 [pool-47-thread-1] INFO  server.RaftServerConfigKeys (ConfUtils.java:logGet(43)) - raft.server.snapshot.auto.trigger.threshold = 10000 (custom)
2019-10-18 05:46:04,458 [pool-47-thread-1] INFO  server.RaftServerConfigKeys (ConfUtils.java:logGet(43)) - raft.server.snapshot.retention.file.num = 5 (custom)
2019-10-18 05:46:04,459 [pool-47-thread-1] INFO  server.RaftServerConfigKeys (ConfUtils.java:logGet(43)) - raft.server.retrycache.expirytime = 600000ms (custom)
2019-10-18 05:46:04,464 [pool-47-thread-1] INFO  impl.RaftServerImpl (RaftServerImpl.java:start(195)) - 291b4074-36ef-4604-afea-a446d5bcf194@group-7AC4618047FC: start as a follower, conf=-1: [291b4074-36ef-4604-afea-a446d5bcf194:192.168.34.6:34859], old=null
2019-10-18 05:46:04,464 [pool-47-thread-1] INFO  impl.RaftServerImpl (RaftServerImpl.java:setRole(184)) - 291b4074-36ef-4604-afea-a446d5bcf194@group-7AC4618047FC: changes role from      null to FOLLOWER at term 0 for startAsFollower
2019-10-18 05:46:04,465 [pool-47-thread-1] INFO  impl.RoleInfo (RoleInfo.java:updateAndGet(143)) - 291b4074-36ef-4604-afea-a446d5bcf194: start FollowerState
2019-10-18 05:46:04,465 [pool-47-thread-1] INFO  util.JmxRegister (JmxRegister.java:tryRegister(44)) - Successfully registered JMX Bean with object name Ratis:service=RaftServer,group=group-7AC4618047FC,id=291b4074-36ef-4604-afea-a446d5bcf194
2019-10-18 05:46:04,477 [RatisPipelineUtilsThread] INFO  pipeline.PipelineStateManager (PipelineStateManager.java:addPipeline(56)) - Created pipeline Pipeline[ Id: 0802c47e-9a26-4bcf-91db-7ac4618047fc, Nodes: 291b4074-36ef-4604-afea-a446d5bcf194{ip: 192.168.34.6, host: pr-hdds-2286-rggtd-639769477, networkLocation: /default-rack, certSerialId: null}, Type:RATIS, Factor:ONE, State:OPEN]
2019-10-18 05:46:04,492 [grpc-default-executor-0] INFO  impl.RaftServerProxy (RaftServerProxy.java:addNew(89)) - 58c4827f-663e-41e6-a95a-5c02fdca8528: addNew group-D948976147BF:[58c4827f-663e-41e6-a95a-5c02fdca8528:192.168.34.6:39496] returns group-D948976147BF:java.util.concurrent.CompletableFuture@31659ee3[Not completed]
2019-10-18 05:46:04,500 [pool-37-thread-1] INFO  impl.RaftServerImpl (RaftServerImpl.java:<init>(104)) - 58c4827f-663e-41e6-a95a-5c02fdca8528: new RaftServerImpl for group-D948976147BF:[58c4827f-663e-41e6-a95a-5c02fdca8528:192.168.34.6:39496] with ContainerStateMachine:uninitialized
2019-10-18 05:46:04,501 [pool-37-thread-1] INFO  server.RaftServerConfigKeys (ConfUtils.java:logGet(43)) - raft.server.rpc.timeout.min = 5s (custom)
2019-10-18 05:46:04,501 [Thread-191] INFO  impl.FollowerState (FollowerState.java:run(108)) - 291b4074-36ef-4604-afea-a446d5bcf194@group-7AC4618047FC-FollowerState: change to CANDIDATE, lastRpcTime:36ms, electionTimeout:36ms
2019-10-18 05:46:04,502 [pool-37-thread-1] INFO  server.RaftServerConfigKeys (ConfUtils.java:logGet(43)) - raft.server.rpc.timeout.max = 5200ms (custom)
2019-10-18 05:46:04,502 [pool-37-thread-1] INFO  server.RaftServerConfigKeys (ConfUtils.java:logGet(43)) - raft.server.rpcslowness.timeout = 1000s (custom)
2019-10-18 05:46:04,502 [Thread-191] INFO  impl.RoleInfo (RoleInfo.java:shutdownFollowerState(121)) - 291b4074-36ef-4604-afea-a446d5bcf194: shutdown FollowerState
2019-10-18 05:46:04,502 [pool-37-thread-1] INFO  server.RaftServerConfigKeys (ConfUtils.java:logGet(43)) - raft.server.sleep.deviation.threshold = 300 (default)
2019-10-18 05:46:04,502 [Thread-191] INFO  impl.RaftServerImpl (RaftServerImpl.java:setRole(184)) - 291b4074-36ef-4604-afea-a446d5bcf194@group-7AC4618047FC: changes role from  FOLLOWER to CANDIDATE at term 0 for changeToCandidate
2019-10-18 05:46:04,502 [pool-37-thread-1] INFO  server.RaftServerConfigKeys (ConfUtils.java:logGet(43)) - raft.server.log.appender.install.snapshot.enabled = false (custom)
2019-10-18 05:46:04,503 [Thread-191] INFO  impl.RoleInfo (RoleInfo.java:updateAndGet(143)) - 291b4074-36ef-4604-afea-a446d5bcf194: start LeaderElection
2019-10-18 05:46:04,503 [pool-37-thread-1] INFO  impl.RaftServerImpl (ServerState.java:<init>(103)) - 58c4827f-663e-41e6-a95a-5c02fdca8528@group-D948976147BF: ConfigurationManager, init=-1: [58c4827f-663e-41e6-a95a-5c02fdca8528:192.168.34.6:39496], old=null, confs=<EMPTY_MAP>
2019-10-18 05:46:04,503 [pool-37-thread-1] INFO  server.RaftServerConfigKeys (ConfUtils.java:logGet(43)) - raft.server.storage.dir = [/workdir/hadoop-ozone/integration-test/target/test-dir/MiniOzoneClusterImpl-bdd1ebd8-a644-496b-9074-58a768d0a1bb/datanode-1/data/ratis] (custom)
2019-10-18 05:46:04,504 [pool-37-thread-1] INFO  server.RaftServerConfigKeys (ConfUtils.java:logGet(43)) - raft.server.log.corruption.policy = EXCEPTION (default)
2019-10-18 05:46:04,505 [pool-37-thread-1] INFO  storage.RaftStorageDirectory (RaftStorageDirectory.java:analyzeStorage(246)) - The storage directory /workdir/hadoop-ozone/integration-test/target/test-dir/MiniOzoneClusterImpl-bdd1ebd8-a644-496b-9074-58a768d0a1bb/datanode-1/data/ratis/277831c6-9f89-46b5-a86c-d948976147bf does not exist. Creating ...
2019-10-18 05:46:04,528 [pool-37-thread-1] INFO  storage.RaftStorageDirectory (RaftStorageDirectory.java:tryLock(328)) - Lock on /workdir/hadoop-ozone/integration-test/target/test-dir/MiniOzoneClusterImpl-bdd1ebd8-a644-496b-9074-58a768d0a1bb/datanode-1/data/ratis/277831c6-9f89-46b5-a86c-d948976147bf/in_use.lock acquired by nodename 27131@pr-hdds-2286-rggtd-639769477
2019-10-18 05:46:04,528 [291b4074-36ef-4604-afea-a446d5bcf194@group-7AC4618047FC-LeaderElection2] INFO  impl.LeaderElection (LeaderElection.java:askForVotes(178)) - 291b4074-36ef-4604-afea-a446d5bcf194@group-7AC4618047FC-LeaderElection2: begin an election at term 1 for -1: [291b4074-36ef-4604-afea-a446d5bcf194:192.168.34.6:34859], old=null
2019-10-18 05:46:04,551 [291b4074-36ef-4604-afea-a446d5bcf194@group-7AC4618047FC-LeaderElection2] INFO  impl.RoleInfo (RoleInfo.java:shutdownLeaderElection(134)) - 291b4074-36ef-4604-afea-a446d5bcf194: shutdown LeaderElection
2019-10-18 05:46:04,551 [291b4074-36ef-4604-afea-a446d5bcf194@group-7AC4618047FC-LeaderElection2] INFO  impl.RaftServerImpl (RaftServerImpl.java:setRole(184)) - 291b4074-36ef-4604-afea-a446d5bcf194@group-7AC4618047FC: changes role from CANDIDATE to LEADER at term 1 for changeToLeader
2019-10-18 05:46:04,551 [291b4074-36ef-4604-afea-a446d5bcf194@group-7AC4618047FC-LeaderElection2] INFO  impl.RaftServerImpl (ServerState.java:setLeader(256)) - 291b4074-36ef-4604-afea-a446d5bcf194@group-7AC4618047FC: change Leader from null to 291b4074-36ef-4604-afea-a446d5bcf194 at term 1 for becomeLeader, leader elected after 114ms
2019-10-18 05:46:04,552 [291b4074-36ef-4604-afea-a446d5bcf194@group-7AC4618047FC-LeaderElection2] INFO  server.RaftServerConfigKeys (ConfUtils.java:logGet(43)) - raft.server.staging.catchup.gap = 1000 (default)
2019-10-18 05:46:04,552 [291b4074-36ef-4604-afea-a446d5bcf194@group-7AC4618047FC-LeaderElection2] INFO  server.RaftServerConfigKeys (ConfUtils.java:logGet(43)) - raft.server.rpc.sleep.time = 25ms (default)
2019-10-18 05:46:04,552 [291b4074-36ef-4604-afea-a446d5bcf194@group-7AC4618047FC-LeaderElection2] INFO  server.RaftServerConfigKeys (ConfUtils.java:logGet(43)) - raft.server.write.element-limit = 4096 (default)
2019-10-18 05:46:04,552 [291b4074-36ef-4604-afea-a446d5bcf194@group-7AC4618047FC-LeaderElection2] INFO  server.RaftServerConfigKeys (ConfUtils.java:logGet(43)) - raft.server.watch.timeout = 10s (default)
2019-10-18 05:46:04,552 [291b4074-36ef-4604-afea-a446d5bcf194@group-7AC4618047FC-LeaderElection2] INFO  server.RaftServerConfigKeys (ConfUtils.java:logGet(43)) - raft.server.watch.timeout.denomination = 1s (default)
2019-10-18 05:46:04,552 [291b4074-36ef-4604-afea-a446d5bcf194@group-7AC4618047FC-LeaderElection2] INFO  server.RaftServerConfigKeys (ConfUtils.java:logGet(43)) - raft.server.watch.element-limit = 65536 (default)
2019-10-18 05:46:04,555 [291b4074-36ef-4604-afea-a446d5bcf194@group-7AC4618047FC-LeaderElection2] INFO  impl.RoleInfo (RoleInfo.java:updateAndGet(143)) - 291b4074-36ef-4604-afea-a446d5bcf194: start LeaderState
2019-10-18 05:46:04,556 [291b4074-36ef-4604-afea-a446d5bcf194@group-7AC4618047FC-LeaderElection2] INFO  segmented.SegmentedRaftLogWorker (SegmentedRaftLogWorker.java:startLogSegment(385)) - 291b4074-36ef-4604-afea-a446d5bcf194@group-7AC4618047FC-SegmentedRaftLogWorker: Starting segment from index:0
2019-10-18 05:46:04,556 [291b4074-36ef-4604-afea-a446d5bcf194@group-7AC4618047FC-LeaderElection2] INFO  impl.RaftServerImpl (ServerState.java:setRaftConf(357)) - 291b4074-36ef-4604-afea-a446d5bcf194@group-7AC4618047FC: set configuration 0: [291b4074-36ef-4604-afea-a446d5bcf194:192.168.34.6:34859], old=null at 0
2019-10-18 05:46:04,581 [pool-37-thread-1] INFO  storage.RaftStorage (RaftStorage.java:format(84)) - Storage directory /workdir/hadoop-ozone/integration-test/target/test-dir/MiniOzoneClusterImpl-bdd1ebd8-a644-496b-9074-58a768d0a1bb/datanode-1/data/ratis/277831c6-9f89-46b5-a86c-d948976147bf has been successfully formatted.
2019-10-18 05:46:04,581 [e47f3d18-6550-4f27-a4cc-ce34c6c87b58@group-A2742B8C4B04-SegmentedRaftLogWorker] INFO  segmented.SegmentedRaftLogWorker (SegmentedRaftLogWorker.java:execute(576)) - e47f3d18-6550-4f27-a4cc-ce34c6c87b58@group-A2742B8C4B04-SegmentedRaftLogWorker: created new log segment /workdir/hadoop-ozone/integration-test/target/test-dir/MiniOzoneClusterImpl-bdd1ebd8-a644-496b-9074-58a768d0a1bb/datanode-0/data/ratis/4947adff-0591-47d1-8b3c-a2742b8c4b04/current/log_inprogress_0
2019-10-18 05:46:04,582 [pool-37-thread-1] INFO  ratis.ContainerStateMachine (ContainerStateMachine.java:loadSnapshot(231)) - group-D948976147BF: The snapshot info is null. Setting the last applied indexto:(t:0, i:~)
2019-10-18 05:46:04,582 [pool-37-thread-1] INFO  server.RaftServerConfigKeys (ConfUtils.java:logGet(43)) - raft.server.notification.no-leader.timeout = 1000s (custom)
2019-10-18 05:46:04,582 [pool-37-thread-1] INFO  server.RaftServerConfigKeys (ConfUtils.java:logGet(43)) - raft.server.log.use.memory = false (default)
2019-10-18 05:46:04,583 [pool-37-thread-1] INFO  server.RaftServerConfigKeys (ConfUtils.java:logGet(43)) - raft.server.log.purge.gap = 1000000 (custom)
2019-10-18 05:46:04,583 [pool-37-thread-1] INFO  server.RaftServerConfigKeys (ConfUtils.java:logGet(43)) - raft.server.log.appender.buffer.byte-limit = 33554432 (custom)
2019-10-18 05:46:04,583 [pool-37-thread-1] INFO  server.RaftServerConfigKeys (ConfUtils.java:logGet(43)) - raft.server.log.segment.size.max = 1048576 (custom)
2019-10-18 05:46:04,586 [pool-37-thread-1] INFO  server.RaftServerConfigKeys (ConfUtils.java:logGet(43)) - raft.server.log.segment.cache.num.max = 2 (custom)
2019-10-18 05:46:04,586 [pool-37-thread-1] INFO  segmented.SegmentedRaftLogWorker (SegmentedRaftLogWorker.java:<init>(173)) - new 58c4827f-663e-41e6-a95a-5c02fdca8528@group-D948976147BF-SegmentedRaftLogWorker for RaftStorage:Storage Directory /workdir/hadoop-ozone/integration-test/target/test-dir/MiniOzoneClusterImpl-bdd1ebd8-a644-496b-9074-58a768d0a1bb/datanode-1/data/ratis/277831c6-9f89-46b5-a86c-d948976147bf
2019-10-18 05:46:04,586 [pool-37-thread-1] INFO  server.RaftServerConfigKeys (ConfUtils.java:logGet(43)) - raft.server.log.queue.byte-limit = 2147483647 (custom)
2019-10-18 05:46:04,586 [pool-37-thread-1] INFO  server.RaftServerConfigKeys (ConfUtils.java:logGet(43)) - raft.server.log.queue.element-limit = 1024 (custom)
2019-10-18 05:46:04,587 [pool-37-thread-1] INFO  server.RaftServerConfigKeys (ConfUtils.java:logGet(43)) - raft.server.log.segment.size.max = 1048576 (custom)
2019-10-18 05:46:04,587 [pool-37-thread-1] INFO  server.RaftServerConfigKeys (ConfUtils.java:logGet(43)) - raft.server.log.preallocated.size = 16384 (custom)
2019-10-18 05:46:04,587 [pool-37-thread-1] INFO  server.RaftServerConfigKeys (ConfUtils.java:logGet(43)) - raft.server.log.write.buffer.size = 33554432 (custom)
2019-10-18 05:46:04,587 [pool-37-thread-1] INFO  server.RaftServerConfigKeys (ConfUtils.java:logGet(43)) - raft.server.log.force.sync.num = 128 (default)
2019-10-18 05:46:04,587 [pool-37-thread-1] INFO  server.RaftServerConfigKeys (ConfUtils.java:logGet(43)) - raft.server.log.statemachine.data.sync = true (default)
2019-10-18 05:46:04,587 [pool-37-thread-1] INFO  server.RaftServerConfigKeys (ConfUtils.java:logGet(43)) - raft.server.log.statemachine.data.sync.timeout = 10s (default)
2019-10-18 05:46:04,587 [pool-37-thread-1] INFO  server.RaftServerConfigKeys (ConfUtils.java:logGet(43)) - raft.server.log.statemachine.data.sync.timeout.retry = -1 (default)
2019-10-18 05:46:04,588 [pool-37-thread-1] INFO  server.RaftServerConfigKeys (ConfUtils.java:logGet(43)) - raft.server.log.statemachine.data.caching.enabled = true (custom)
2019-10-18 05:46:04,589 [pool-37-thread-1] INFO  segmented.SegmentedRaftLogWorker (SegmentedRaftLogWorker.java:lambda$new$0(128)) - 58c4827f-663e-41e6-a95a-5c02fdca8528@group-D948976147BF-SegmentedRaftLogWorker: flushIndex: setUnconditionally 0 -> -1
2019-10-18 05:46:04,589 [pool-37-thread-1] INFO  server.RaftServerConfigKeys (ConfUtils.java:logGet(43)) - raft.server.snapshot.auto.trigger.enabled = true (custom)
2019-10-18 05:46:04,589 [pool-37-thread-1] INFO  server.RaftServerConfigKeys (ConfUtils.java:logGet(43)) - raft.server.snapshot.auto.trigger.threshold = 10000 (custom)
2019-10-18 05:46:04,589 [pool-37-thread-1] INFO  server.RaftServerConfigKeys (ConfUtils.java:logGet(43)) - raft.server.snapshot.retention.file.num = 5 (custom)
2019-10-18 05:46:04,589 [pool-37-thread-1] INFO  server.RaftServerConfigKeys (ConfUtils.java:logGet(43)) - raft.server.retrycache.expirytime = 600000ms (custom)
2019-10-18 05:46:04,595 [pool-37-thread-1] INFO  impl.RaftServerImpl (RaftServerImpl.java:start(195)) - 58c4827f-663e-41e6-a95a-5c02fdca8528@group-D948976147BF: start as a follower, conf=-1: [58c4827f-663e-41e6-a95a-5c02fdca8528:192.168.34.6:39496], old=null
2019-10-18 05:46:04,596 [pool-37-thread-1] INFO  impl.RaftServerImpl (RaftServerImpl.java:setRole(184)) - 58c4827f-663e-41e6-a95a-5c02fdca8528@group-D948976147BF: changes role from      null to FOLLOWER at term 0 for startAsFollower
2019-10-18 05:46:04,596 [pool-37-thread-1] INFO  impl.RoleInfo (RoleInfo.java:updateAndGet(143)) - 58c4827f-663e-41e6-a95a-5c02fdca8528: start FollowerState
2019-10-18 05:46:04,596 [pool-37-thread-1] INFO  util.JmxRegister (JmxRegister.java:tryRegister(44)) - Successfully registered JMX Bean with object name Ratis:service=RaftServer,group=group-D948976147BF,id=58c4827f-663e-41e6-a95a-5c02fdca8528
2019-10-18 05:46:04,603 [291b4074-36ef-4604-afea-a446d5bcf194@group-7AC4618047FC-SegmentedRaftLogWorker] INFO  segmented.SegmentedRaftLogWorker (SegmentedRaftLogWorker.java:execute(576)) - 291b4074-36ef-4604-afea-a446d5bcf194@group-7AC4618047FC-SegmentedRaftLogWorker: created new log segment /workdir/hadoop-ozone/integration-test/target/test-dir/MiniOzoneClusterImpl-bdd1ebd8-a644-496b-9074-58a768d0a1bb/datanode-2/data/ratis/0802c47e-9a26-4bcf-91db-7ac4618047fc/current/log_inprogress_0
2019-10-18 05:46:04,607 [RatisPipelineUtilsThread] INFO  pipeline.PipelineStateManager (PipelineStateManager.java:addPipeline(56)) - Created pipeline Pipeline[ Id: 277831c6-9f89-46b5-a86c-d948976147bf, Nodes: 58c4827f-663e-41e6-a95a-5c02fdca8528{ip: 192.168.34.6, host: pr-hdds-2286-rggtd-639769477, networkLocation: /default-rack, certSerialId: null}, Type:RATIS, Factor:ONE, State:OPEN]
2019-10-18 05:46:04,633 [grpc-default-executor-1] INFO  impl.RaftServerProxy (RaftServerProxy.java:addNew(89)) - 291b4074-36ef-4604-afea-a446d5bcf194: addNew group-397DB682EABB:[291b4074-36ef-4604-afea-a446d5bcf194:192.168.34.6:34859, e47f3d18-6550-4f27-a4cc-ce34c6c87b58:192.168.34.6:35257, 58c4827f-663e-41e6-a95a-5c02fdca8528:192.168.34.6:39496] returns group-397DB682EABB:java.util.concurrent.CompletableFuture@4a05f1e9[Not completed]
2019-10-18 05:46:04,633 [grpc-default-executor-2] INFO  impl.RaftServerProxy (RaftServerProxy.java:addNew(89)) - 58c4827f-663e-41e6-a95a-5c02fdca8528: addNew group-397DB682EABB:[291b4074-36ef-4604-afea-a446d5bcf194:192.168.34.6:34859, e47f3d18-6550-4f27-a4cc-ce34c6c87b58:192.168.34.6:35257, 58c4827f-663e-41e6-a95a-5c02fdca8528:192.168.34.6:39496] returns group-397DB682EABB:java.util.concurrent.CompletableFuture@1e69ee0a[Not completed]
2019-10-18 05:46:04,635 [pool-47-thread-1] INFO  impl.RaftServerImpl (RaftServerImpl.java:<init>(104)) - 291b4074-36ef-4604-afea-a446d5bcf194: new RaftServerImpl for group-397DB682EABB:[291b4074-36ef-4604-afea-a446d5bcf194:192.168.34.6:34859, e47f3d18-6550-4f27-a4cc-ce34c6c87b58:192.168.34.6:35257, 58c4827f-663e-41e6-a95a-5c02fdca8528:192.168.34.6:39496] with ContainerStateMachine:uninitialized
2019-10-18 05:46:04,636 [pool-47-thread-1] INFO  server.RaftServerConfigKeys (ConfUtils.java:logGet(43)) - raft.server.rpc.timeout.min = 5s (custom)
2019-10-18 05:46:04,636 [pool-47-thread-1] INFO  server.RaftServerConfigKeys (ConfUtils.java:logGet(43)) - raft.server.rpc.timeout.max = 5200ms (custom)
2019-10-18 05:46:04,636 [pool-47-thread-1] INFO  server.RaftServerConfigKeys (ConfUtils.java:logGet(43)) - raft.server.rpcslowness.timeout = 1000s (custom)
2019-10-18 05:46:04,637 [pool-47-thread-1] INFO  server.RaftServerConfigKeys (ConfUtils.java:logGet(43)) - raft.server.sleep.deviation.threshold = 300 (default)
2019-10-18 05:46:04,637 [pool-47-thread-1] INFO  server.RaftServerConfigKeys (ConfUtils.java:logGet(43)) - raft.server.log.appender.install.snapshot.enabled = false (custom)
2019-10-18 05:46:04,637 [pool-47-thread-1] INFO  impl.RaftServerImpl (ServerState.java:<init>(103)) - 291b4074-36ef-4604-afea-a446d5bcf194@group-397DB682EABB: ConfigurationManager, init=-1: [291b4074-36ef-4604-afea-a446d5bcf194:192.168.34.6:34859, e47f3d18-6550-4f27-a4cc-ce34c6c87b58:192.168.34.6:35257, 58c4827f-663e-41e6-a95a-5c02fdca8528:192.168.34.6:39496], old=null, confs=<EMPTY_MAP>
2019-10-18 05:46:04,637 [grpc-default-executor-2] INFO  impl.RaftServerProxy (RaftServerProxy.java:addNew(89)) - e47f3d18-6550-4f27-a4cc-ce34c6c87b58: addNew group-397DB682EABB:[291b4074-36ef-4604-afea-a446d5bcf194:192.168.34.6:34859, e47f3d18-6550-4f27-a4cc-ce34c6c87b58:192.168.34.6:35257, 58c4827f-663e-41e6-a95a-5c02fdca8528:192.168.34.6:39496] returns group-397DB682EABB:java.util.concurrent.CompletableFuture@5b6b63a3[Not completed]
2019-10-18 05:46:04,637 [pool-37-thread-1] INFO  impl.RaftServerImpl (RaftServerImpl.java:<init>(104)) - 58c4827f-663e-41e6-a95a-5c02fdca8528: new RaftServerImpl for group-397DB682EABB:[291b4074-36ef-4604-afea-a446d5bcf194:192.168.34.6:34859, e47f3d18-6550-4f27-a4cc-ce34c6c87b58:192.168.34.6:35257, 58c4827f-663e-41e6-a95a-5c02fdca8528:192.168.34.6:39496] with ContainerStateMachine:uninitialized
2019-10-18 05:46:04,637 [pool-47-thread-1] INFO  server.RaftServerConfigKeys (ConfUtils.java:logGet(43)) - raft.server.storage.dir = [/workdir/hadoop-ozone/integration-test/target/test-dir/MiniOzoneClusterImpl-bdd1ebd8-a644-496b-9074-58a768d0a1bb/datanode-2/data/ratis] (custom)
2019-10-18 05:46:04,637 [pool-37-thread-1] INFO  server.RaftServerConfigKeys (ConfUtils.java:logGet(43)) - raft.server.rpc.timeout.min = 5s (custom)
2019-10-18 05:46:04,637 [pool-37-thread-1] INFO  server.RaftServerConfigKeys (ConfUtils.java:logGet(43)) - raft.server.rpc.timeout.max = 5200ms (custom)
2019-10-18 05:46:04,638 [pool-47-thread-1] INFO  server.RaftServerConfigKeys (ConfUtils.java:logGet(43)) - raft.server.log.corruption.policy = EXCEPTION (default)
2019-10-18 05:46:04,638 [pool-37-thread-1] INFO  server.RaftServerConfigKeys (ConfUtils.java:logGet(43)) - raft.server.rpcslowness.timeout = 1000s (custom)
2019-10-18 05:46:04,638 [pool-47-thread-1] INFO  storage.RaftStorageDirectory (RaftStorageDirectory.java:analyzeStorage(246)) - The storage directory /workdir/hadoop-ozone/integration-test/target/test-dir/MiniOzoneClusterImpl-bdd1ebd8-a644-496b-9074-58a768d0a1bb/datanode-2/data/ratis/e751b4d9-2be2-4ced-b2ee-397db682eabb does not exist. Creating ...
2019-10-18 05:46:04,638 [pool-37-thread-1] INFO  server.RaftServerConfigKeys (ConfUtils.java:logGet(43)) - raft.server.sleep.deviation.threshold = 300 (default)
2019-10-18 05:46:04,638 [pool-37-thread-1] INFO  server.RaftServerConfigKeys (ConfUtils.java:logGet(43)) - raft.server.log.appender.install.snapshot.enabled = false (custom)
2019-10-18 05:46:04,638 [pool-37-thread-1] INFO  impl.RaftServerImpl (ServerState.java:<init>(103)) - 58c4827f-663e-41e6-a95a-5c02fdca8528@group-397DB682EABB: ConfigurationManager, init=-1: [291b4074-36ef-4604-afea-a446d5bcf194:192.168.34.6:34859, e47f3d18-6550-4f27-a4cc-ce34c6c87b58:192.168.34.6:35257, 58c4827f-663e-41e6-a95a-5c02fdca8528:192.168.34.6:39496], old=null, confs=<EMPTY_MAP>
2019-10-18 05:46:04,638 [pool-27-thread-1] INFO  impl.RaftServerImpl (RaftServerImpl.java:<init>(104)) - e47f3d18-6550-4f27-a4cc-ce34c6c87b58: new RaftServerImpl for group-397DB682EABB:[291b4074-36ef-4604-afea-a446d5bcf194:192.168.34.6:34859, e47f3d18-6550-4f27-a4cc-ce34c6c87b58:192.168.34.6:35257, 58c4827f-663e-41e6-a95a-5c02fdca8528:192.168.34.6:39496] with ContainerStateMachine:uninitialized
2019-10-18 05:46:04,638 [pool-37-thread-1] INFO  server.RaftServerConfigKeys (ConfUtils.java:logGet(43)) - raft.server.storage.dir = [/workdir/hadoop-ozone/integration-test/target/test-dir/MiniOzoneClusterImpl-bdd1ebd8-a644-496b-9074-58a768d0a1bb/datanode-1/data/ratis] (custom)
2019-10-18 05:46:04,638 [pool-27-thread-1] INFO  server.RaftServerConfigKeys (ConfUtils.java:logGet(43)) - raft.server.rpc.timeout.min = 5s (custom)
2019-10-18 05:46:04,639 [pool-27-thread-1] INFO  server.RaftServerConfigKeys (ConfUtils.java:logGet(43)) - raft.server.rpc.timeout.max = 5200ms (custom)
2019-10-18 05:46:04,639 [pool-37-thread-1] INFO  server.RaftServerConfigKeys (ConfUtils.java:logGet(43)) - raft.server.log.corruption.policy = EXCEPTION (default)
2019-10-18 05:46:04,639 [pool-27-thread-1] INFO  server.RaftServerConfigKeys (ConfUtils.java:logGet(43)) - raft.server.rpcslowness.timeout = 1000s (custom)
2019-10-18 05:46:04,639 [pool-37-thread-1] INFO  storage.RaftStorageDirectory (RaftStorageDirectory.java:analyzeStorage(246)) - The storage directory /workdir/hadoop-ozone/integration-test/target/test-dir/MiniOzoneClusterImpl-bdd1ebd8-a644-496b-9074-58a768d0a1bb/datanode-1/data/ratis/e751b4d9-2be2-4ced-b2ee-397db682eabb does not exist. Creating ...
2019-10-18 05:46:04,639 [pool-27-thread-1] INFO  server.RaftServerConfigKeys (ConfUtils.java:logGet(43)) - raft.server.sleep.deviation.threshold = 300 (default)
2019-10-18 05:46:04,639 [pool-27-thread-1] INFO  server.RaftServerConfigKeys (ConfUtils.java:logGet(43)) - raft.server.log.appender.install.snapshot.enabled = false (custom)
2019-10-18 05:46:04,639 [pool-27-thread-1] INFO  impl.RaftServerImpl (ServerState.java:<init>(103)) - e47f3d18-6550-4f27-a4cc-ce34c6c87b58@group-397DB682EABB: ConfigurationManager, init=-1: [291b4074-36ef-4604-afea-a446d5bcf194:192.168.34.6:34859, e47f3d18-6550-4f27-a4cc-ce34c6c87b58:192.168.34.6:35257, 58c4827f-663e-41e6-a95a-5c02fdca8528:192.168.34.6:39496], old=null, confs=<EMPTY_MAP>
2019-10-18 05:46:04,640 [pool-27-thread-1] INFO  server.RaftServerConfigKeys (ConfUtils.java:logGet(43)) - raft.server.storage.dir = [/workdir/hadoop-ozone/integration-test/target/test-dir/MiniOzoneClusterImpl-bdd1ebd8-a644-496b-9074-58a768d0a1bb/datanode-0/data/ratis] (custom)
2019-10-18 05:46:04,640 [pool-27-thread-1] INFO  server.RaftServerConfigKeys (ConfUtils.java:logGet(43)) - raft.server.log.corruption.policy = EXCEPTION (default)
2019-10-18 05:46:04,640 [pool-27-thread-1] INFO  storage.RaftStorageDirectory (RaftStorageDirectory.java:analyzeStorage(246)) - The storage directory /workdir/hadoop-ozone/integration-test/target/test-dir/MiniOzoneClusterImpl-bdd1ebd8-a644-496b-9074-58a768d0a1bb/datanode-0/data/ratis/e751b4d9-2be2-4ced-b2ee-397db682eabb does not exist. Creating ...
2019-10-18 05:46:04,661 [pool-27-thread-1] INFO  storage.RaftStorageDirectory (RaftStorageDirectory.java:tryLock(328)) - Lock on /workdir/hadoop-ozone/integration-test/target/test-dir/MiniOzoneClusterImpl-bdd1ebd8-a644-496b-9074-58a768d0a1bb/datanode-0/data/ratis/e751b4d9-2be2-4ced-b2ee-397db682eabb/in_use.lock acquired by nodename 27131@pr-hdds-2286-rggtd-639769477
2019-10-18 05:46:04,661 [pool-47-thread-1] INFO  storage.RaftStorageDirectory (RaftStorageDirectory.java:tryLock(328)) - Lock on /workdir/hadoop-ozone/integration-test/target/test-dir/MiniOzoneClusterImpl-bdd1ebd8-a644-496b-9074-58a768d0a1bb/datanode-2/data/ratis/e751b4d9-2be2-4ced-b2ee-397db682eabb/in_use.lock acquired by nodename 27131@pr-hdds-2286-rggtd-639769477
2019-10-18 05:46:04,661 [pool-37-thread-1] INFO  storage.RaftStorageDirectory (RaftStorageDirectory.java:tryLock(328)) - Lock on /workdir/hadoop-ozone/integration-test/target/test-dir/MiniOzoneClusterImpl-bdd1ebd8-a644-496b-9074-58a768d0a1bb/datanode-1/data/ratis/e751b4d9-2be2-4ced-b2ee-397db682eabb/in_use.lock acquired by nodename 27131@pr-hdds-2286-rggtd-639769477
2019-10-18 05:46:04,680 [pool-27-thread-1] INFO  storage.RaftStorage (RaftStorage.java:format(84)) - Storage directory /workdir/hadoop-ozone/integration-test/target/test-dir/MiniOzoneClusterImpl-bdd1ebd8-a644-496b-9074-58a768d0a1bb/datanode-0/data/ratis/e751b4d9-2be2-4ced-b2ee-397db682eabb has been successfully formatted.
2019-10-18 05:46:04,680 [pool-37-thread-1] INFO  storage.RaftStorage (RaftStorage.java:format(84)) - Storage directory /workdir/hadoop-ozone/integration-test/target/test-dir/MiniOzoneClusterImpl-bdd1ebd8-a644-496b-9074-58a768d0a1bb/datanode-1/data/ratis/e751b4d9-2be2-4ced-b2ee-397db682eabb has been successfully formatted.
2019-10-18 05:46:04,680 [pool-47-thread-1] INFO  storage.RaftStorage (RaftStorage.java:format(84)) - Storage directory /workdir/hadoop-ozone/integration-test/target/test-dir/MiniOzoneClusterImpl-bdd1ebd8-a644-496b-9074-58a768d0a1bb/datanode-2/data/ratis/e751b4d9-2be2-4ced-b2ee-397db682eabb has been successfully formatted.
2019-10-18 05:46:04,680 [pool-27-thread-1] INFO  ratis.ContainerStateMachine (ContainerStateMachine.java:loadSnapshot(231)) - group-397DB682EABB: The snapshot info is null. Setting the last applied indexto:(t:0, i:~)
2019-10-18 05:46:04,680 [pool-37-thread-1] INFO  ratis.ContainerStateMachine (ContainerStateMachine.java:loadSnapshot(231)) - group-397DB682EABB: The snapshot info is null. Setting the last applied indexto:(t:0, i:~)
2019-10-18 05:46:04,680 [pool-27-thread-1] INFO  server.RaftServerConfigKeys (ConfUtils.java:logGet(43)) - raft.server.notification.no-leader.timeout = 1000s (custom)
2019-10-18 05:46:04,680 [pool-47-thread-1] INFO  ratis.ContainerStateMachine (ContainerStateMachine.java:loadSnapshot(231)) - group-397DB682EABB: The snapshot info is null. Setting the last applied indexto:(t:0, i:~)
2019-10-18 05:46:04,680 [pool-27-thread-1] INFO  server.RaftServerConfigKeys (ConfUtils.java:logGet(43)) - raft.server.log.use.memory = false (default)
2019-10-18 05:46:04,680 [pool-37-thread-1] INFO  server.RaftServerConfigKeys (ConfUtils.java:logGet(43)) - raft.server.notification.no-leader.timeout = 1000s (custom)
2019-10-18 05:46:04,681 [pool-27-thread-1] INFO  server.RaftServerConfigKeys (ConfUtils.java:logGet(43)) - raft.server.log.purge.gap = 1000000 (custom)
2019-10-18 05:46:04,680 [pool-47-thread-1] INFO  server.RaftServerConfigKeys (ConfUtils.java:logGet(43)) - raft.server.notification.no-leader.timeout = 1000s (custom)
2019-10-18 05:46:04,681 [pool-27-thread-1] INFO  server.RaftServerConfigKeys (ConfUtils.java:logGet(43)) - raft.server.log.appender.buffer.byte-limit = 33554432 (custom)
2019-10-18 05:46:04,681 [pool-37-thread-1] INFO  server.RaftServerConfigKeys (ConfUtils.java:logGet(43)) - raft.server.log.use.memory = false (default)
2019-10-18 05:46:04,681 [pool-27-thread-1] INFO  server.RaftServerConfigKeys (ConfUtils.java:logGet(43)) - raft.server.log.segment.size.max = 1048576 (custom)
2019-10-18 05:46:04,681 [pool-47-thread-1] INFO  server.RaftServerConfigKeys (ConfUtils.java:logGet(43)) - raft.server.log.use.memory = false (default)
2019-10-18 05:46:04,681 [pool-27-thread-1] INFO  server.RaftServerConfigKeys (ConfUtils.java:logGet(43)) - raft.server.log.segment.cache.num.max = 2 (custom)
2019-10-18 05:46:04,681 [pool-37-thread-1] INFO  server.RaftServerConfigKeys (ConfUtils.java:logGet(43)) - raft.server.log.purge.gap = 1000000 (custom)
2019-10-18 05:46:04,681 [pool-27-thread-1] INFO  segmented.SegmentedRaftLogWorker (SegmentedRaftLogWorker.java:<init>(173)) - new e47f3d18-6550-4f27-a4cc-ce34c6c87b58@group-397DB682EABB-SegmentedRaftLogWorker for RaftStorage:Storage Directory /workdir/hadoop-ozone/integration-test/target/test-dir/MiniOzoneClusterImpl-bdd1ebd8-a644-496b-9074-58a768d0a1bb/datanode-0/data/ratis/e751b4d9-2be2-4ced-b2ee-397db682eabb
2019-10-18 05:46:04,681 [pool-47-thread-1] INFO  server.RaftServerConfigKeys (ConfUtils.java:logGet(43)) - raft.server.log.purge.gap = 1000000 (custom)
2019-10-18 05:46:04,682 [pool-27-thread-1] INFO  server.RaftServerConfigKeys (ConfUtils.java:logGet(43)) - raft.server.log.queue.byte-limit = 2147483647 (custom)
2019-10-18 05:46:04,682 [pool-37-thread-1] INFO  server.RaftServerConfigKeys (ConfUtils.java:logGet(43)) - raft.server.log.appender.buffer.byte-limit = 33554432 (custom)
2019-10-18 05:46:04,682 [pool-27-thread-1] INFO  server.RaftServerConfigKeys (ConfUtils.java:logGet(43)) - raft.server.log.queue.element-limit = 1024 (custom)
2019-10-18 05:46:04,682 [pool-47-thread-1] INFO  server.RaftServerConfigKeys (ConfUtils.java:logGet(43)) - raft.server.log.appender.buffer.byte-limit = 33554432 (custom)
2019-10-18 05:46:04,682 [pool-27-thread-1] INFO  server.RaftServerConfigKeys (ConfUtils.java:logGet(43)) - raft.server.log.segment.size.max = 1048576 (custom)
2019-10-18 05:46:04,682 [pool-37-thread-1] INFO  server.RaftServerConfigKeys (ConfUtils.java:logGet(43)) - raft.server.log.segment.size.max = 1048576 (custom)
2019-10-18 05:46:04,682 [pool-27-thread-1] INFO  server.RaftServerConfigKeys (ConfUtils.java:logGet(43)) - raft.server.log.preallocated.size = 16384 (custom)
2019-10-18 05:46:04,682 [pool-47-thread-1] INFO  server.RaftServerConfigKeys (ConfUtils.java:logGet(43)) - raft.server.log.segment.size.max = 1048576 (custom)
2019-10-18 05:46:04,682 [pool-27-thread-1] INFO  server.RaftServerConfigKeys (ConfUtils.java:logGet(43)) - raft.server.log.write.buffer.size = 33554432 (custom)
2019-10-18 05:46:04,682 [pool-37-thread-1] INFO  server.RaftServerConfigKeys (ConfUtils.java:logGet(43)) - raft.server.log.segment.cache.num.max = 2 (custom)
2019-10-18 05:46:04,683 [pool-27-thread-1] INFO  server.RaftServerConfigKeys (ConfUtils.java:logGet(43)) - raft.server.log.force.sync.num = 128 (default)
2019-10-18 05:46:04,683 [pool-47-thread-1] INFO  server.RaftServerConfigKeys (ConfUtils.java:logGet(43)) - raft.server.log.segment.cache.num.max = 2 (custom)
2019-10-18 05:46:04,683 [pool-27-thread-1] INFO  server.RaftServerConfigKeys (ConfUtils.java:logGet(43)) - raft.server.log.statemachine.data.sync = true (default)
2019-10-18 05:46:04,683 [pool-37-thread-1] INFO  segmented.SegmentedRaftLogWorker (SegmentedRaftLogWorker.java:<init>(173)) - new 58c4827f-663e-41e6-a95a-5c02fdca8528@group-397DB682EABB-SegmentedRaftLogWorker for RaftStorage:Storage Directory /workdir/hadoop-ozone/integration-test/target/test-dir/MiniOzoneClusterImpl-bdd1ebd8-a644-496b-9074-58a768d0a1bb/datanode-1/data/ratis/e751b4d9-2be2-4ced-b2ee-397db682eabb
2019-10-18 05:46:04,683 [pool-27-thread-1] INFO  server.RaftServerConfigKeys (ConfUtils.java:logGet(43)) - raft.server.log.statemachine.data.sync.timeout = 10s (default)
2019-10-18 05:46:04,683 [pool-47-thread-1] INFO  segmented.SegmentedRaftLogWorker (SegmentedRaftLogWorker.java:<init>(173)) - new 291b4074-36ef-4604-afea-a446d5bcf194@group-397DB682EABB-SegmentedRaftLogWorker for RaftStorage:Storage Directory /workdir/hadoop-ozone/integration-test/target/test-dir/MiniOzoneClusterImpl-bdd1ebd8-a644-496b-9074-58a768d0a1bb/datanode-2/data/ratis/e751b4d9-2be2-4ced-b2ee-397db682eabb
2019-10-18 05:46:04,683 [pool-27-thread-1] INFO  server.RaftServerConfigKeys (ConfUtils.java:logGet(43)) - raft.server.log.statemachine.data.sync.timeout.retry = -1 (default)
2019-10-18 05:46:04,683 [pool-37-thread-1] INFO  server.RaftServerConfigKeys (ConfUtils.java:logGet(43)) - raft.server.log.queue.byte-limit = 2147483647 (custom)
2019-10-18 05:46:04,684 [pool-27-thread-1] INFO  server.RaftServerConfigKeys (ConfUtils.java:logGet(43)) - raft.server.log.statemachine.data.caching.enabled = true (custom)
2019-10-18 05:46:04,684 [pool-47-thread-1] INFO  server.RaftServerConfigKeys (ConfUtils.java:logGet(43)) - raft.server.log.queue.byte-limit = 2147483647 (custom)
2019-10-18 05:46:04,684 [pool-37-thread-1] INFO  server.RaftServerConfigKeys (ConfUtils.java:logGet(43)) - raft.server.log.queue.element-limit = 1024 (custom)
2019-10-18 05:46:04,684 [pool-27-thread-1] INFO  segmented.SegmentedRaftLogWorker (SegmentedRaftLogWorker.java:lambda$new$0(128)) - e47f3d18-6550-4f27-a4cc-ce34c6c87b58@group-397DB682EABB-SegmentedRaftLogWorker: flushIndex: setUnconditionally 0 -> -1
2019-10-18 05:46:04,684 [pool-47-thread-1] INFO  server.RaftServerConfigKeys (ConfUtils.java:logGet(43)) - raft.server.log.queue.element-limit = 1024 (custom)
2019-10-18 05:46:04,684 [pool-37-thread-1] INFO  server.RaftServerConfigKeys (ConfUtils.java:logGet(43)) - raft.server.log.segment.size.max = 1048576 (custom)
2019-10-18 05:46:04,685 [pool-27-thread-1] INFO  server.RaftServerConfigKeys (ConfUtils.java:logGet(43)) - raft.server.snapshot.auto.trigger.enabled = true (custom)
2019-10-18 05:46:04,684 [pool-47-thread-1] INFO  server.RaftServerConfigKeys (ConfUtils.java:logGet(43)) - raft.server.log.segment.size.max = 1048576 (custom)
2019-10-18 05:46:04,685 [pool-27-thread-1] INFO  server.RaftServerConfigKeys (ConfUtils.java:logGet(43)) - raft.server.snapshot.auto.trigger.threshold = 10000 (custom)
2019-10-18 05:46:04,685 [pool-37-thread-1] INFO  server.RaftServerConfigKeys (ConfUtils.java:logGet(43)) - raft.server.log.preallocated.size = 16384 (custom)
2019-10-18 05:46:04,685 [pool-27-thread-1] INFO  server.RaftServerConfigKeys (ConfUtils.java:logGet(43)) - raft.server.snapshot.retention.file.num = 5 (custom)
2019-10-18 05:46:04,685 [pool-47-thread-1] INFO  server.RaftServerConfigKeys (ConfUtils.java:logGet(43)) - raft.server.log.preallocated.size = 16384 (custom)
2019-10-18 05:46:04,685 [pool-37-thread-1] INFO  server.RaftServerConfigKeys (ConfUtils.java:logGet(43)) - raft.server.log.write.buffer.size = 33554432 (custom)
2019-10-18 05:46:04,685 [pool-47-thread-1] INFO  server.RaftServerConfigKeys (ConfUtils.java:logGet(43)) - raft.server.log.write.buffer.size = 33554432 (custom)
2019-10-18 05:46:04,685 [pool-27-thread-1] INFO  server.RaftServerConfigKeys (ConfUtils.java:logGet(43)) - raft.server.retrycache.expirytime = 600000ms (custom)
2019-10-18 05:46:04,685 [pool-47-thread-1] INFO  server.RaftServerConfigKeys (ConfUtils.java:logGet(43)) - raft.server.log.force.sync.num = 128 (default)
2019-10-18 05:46:04,685 [pool-37-thread-1] INFO  server.RaftServerConfigKeys (ConfUtils.java:logGet(43)) - raft.server.log.force.sync.num = 128 (default)
2019-10-18 05:46:04,686 [pool-47-thread-1] INFO  server.RaftServerConfigKeys (ConfUtils.java:logGet(43)) - raft.server.log.statemachine.data.sync = true (default)
2019-10-18 05:46:04,686 [pool-37-thread-1] INFO  server.RaftServerConfigKeys (ConfUtils.java:logGet(43)) - raft.server.log.statemachine.data.sync = true (default)
2019-10-18 05:46:04,686 [pool-47-thread-1] INFO  server.RaftServerConfigKeys (ConfUtils.java:logGet(43)) - raft.server.log.statemachine.data.sync.timeout = 10s (default)
2019-10-18 05:46:04,686 [pool-37-thread-1] INFO  server.RaftServerConfigKeys (ConfUtils.java:logGet(43)) - raft.server.log.statemachine.data.sync.timeout = 10s (default)
2019-10-18 05:46:04,686 [pool-47-thread-1] INFO  server.RaftServerConfigKeys (ConfUtils.java:logGet(43)) - raft.server.log.statemachine.data.sync.timeout.retry = -1 (default)
2019-10-18 05:46:04,686 [pool-37-thread-1] INFO  server.RaftServerConfigKeys (ConfUtils.java:logGet(43)) - raft.server.log.statemachine.data.sync.timeout.retry = -1 (default)
2019-10-18 05:46:04,686 [pool-47-thread-1] INFO  server.RaftServerConfigKeys (ConfUtils.java:logGet(43)) - raft.server.log.statemachine.data.caching.enabled = true (custom)
2019-10-18 05:46:04,687 [pool-37-thread-1] INFO  server.RaftServerConfigKeys (ConfUtils.java:logGet(43)) - raft.server.log.statemachine.data.caching.enabled = true (custom)
2019-10-18 05:46:04,687 [pool-47-thread-1] INFO  segmented.SegmentedRaftLogWorker (SegmentedRaftLogWorker.java:lambda$new$0(128)) - 291b4074-36ef-4604-afea-a446d5bcf194@group-397DB682EABB-SegmentedRaftLogWorker: flushIndex: setUnconditionally 0 -> -1
2019-10-18 05:46:04,687 [pool-37-thread-1] INFO  segmented.SegmentedRaftLogWorker (SegmentedRaftLogWorker.java:lambda$new$0(128)) - 58c4827f-663e-41e6-a95a-5c02fdca8528@group-397DB682EABB-SegmentedRaftLogWorker: flushIndex: setUnconditionally 0 -> -1
2019-10-18 05:46:04,687 [pool-47-thread-1] INFO  server.RaftServerConfigKeys (ConfUtils.java:logGet(43)) - raft.server.snapshot.auto.trigger.enabled = true (custom)
2019-10-18 05:46:04,687 [pool-37-thread-1] INFO  server.RaftServerConfigKeys (ConfUtils.java:logGet(43)) - raft.server.snapshot.auto.trigger.enabled = true (custom)
2019-10-18 05:46:04,687 [pool-47-thread-1] INFO  server.RaftServerConfigKeys (ConfUtils.java:logGet(43)) - raft.server.snapshot.auto.trigger.threshold = 10000 (custom)
2019-10-18 05:46:04,688 [pool-37-thread-1] INFO  server.RaftServerConfigKeys (ConfUtils.java:logGet(43)) - raft.server.snapshot.auto.trigger.threshold = 10000 (custom)
2019-10-18 05:46:04,688 [pool-47-thread-1] INFO  server.RaftServerConfigKeys (ConfUtils.java:logGet(43)) - raft.server.snapshot.retention.file.num = 5 (custom)
2019-10-18 05:46:04,688 [pool-37-thread-1] INFO  server.RaftServerConfigKeys (ConfUtils.java:logGet(43)) - raft.server.snapshot.retention.file.num = 5 (custom)
2019-10-18 05:46:04,688 [pool-47-thread-1] INFO  server.RaftServerConfigKeys (ConfUtils.java:logGet(43)) - raft.server.retrycache.expirytime = 600000ms (custom)
2019-10-18 05:46:04,688 [pool-27-thread-1] INFO  impl.RaftServerImpl (RaftServerImpl.java:start(195)) - e47f3d18-6550-4f27-a4cc-ce34c6c87b58@group-397DB682EABB: start as a follower, conf=-1: [291b4074-36ef-4604-afea-a446d5bcf194:192.168.34.6:34859, e47f3d18-6550-4f27-a4cc-ce34c6c87b58:192.168.34.6:35257, 58c4827f-663e-41e6-a95a-5c02fdca8528:192.168.34.6:39496], old=null
2019-10-18 05:46:04,688 [pool-37-thread-1] INFO  server.RaftServerConfigKeys (ConfUtils.java:logGet(43)) - raft.server.retrycache.expirytime = 600000ms (custom)
2019-10-18 05:46:04,688 [pool-27-thread-1] INFO  impl.RaftServerImpl (RaftServerImpl.java:setRole(184)) - e47f3d18-6550-4f27-a4cc-ce34c6c87b58@group-397DB682EABB: changes role from      null to FOLLOWER at term 0 for startAsFollower
2019-10-18 05:46:04,689 [pool-27-thread-1] INFO  impl.RoleInfo (RoleInfo.java:updateAndGet(143)) - e47f3d18-6550-4f27-a4cc-ce34c6c87b58: start FollowerState
2019-10-18 05:46:04,689 [pool-27-thread-1] INFO  util.JmxRegister (JmxRegister.java:tryRegister(44)) - Successfully registered JMX Bean with object name Ratis:service=RaftServer,group=group-397DB682EABB,id=e47f3d18-6550-4f27-a4cc-ce34c6c87b58
2019-10-18 05:46:04,692 [pool-47-thread-1] INFO  impl.RaftServerImpl (RaftServerImpl.java:start(195)) - 291b4074-36ef-4604-afea-a446d5bcf194@group-397DB682EABB: start as a follower, conf=-1: [291b4074-36ef-4604-afea-a446d5bcf194:192.168.34.6:34859, e47f3d18-6550-4f27-a4cc-ce34c6c87b58:192.168.34.6:35257, 58c4827f-663e-41e6-a95a-5c02fdca8528:192.168.34.6:39496], old=null
2019-10-18 05:46:04,692 [pool-47-thread-1] INFO  impl.RaftServerImpl (RaftServerImpl.java:setRole(184)) - 291b4074-36ef-4604-afea-a446d5bcf194@group-397DB682EABB: changes role from      null to FOLLOWER at term 0 for startAsFollower
2019-10-18 05:46:04,692 [pool-47-thread-1] INFO  impl.RoleInfo (RoleInfo.java:updateAndGet(143)) - 291b4074-36ef-4604-afea-a446d5bcf194: start FollowerState
2019-10-18 05:46:04,693 [pool-47-thread-1] INFO  util.JmxRegister (JmxRegister.java:tryRegister(44)) - Successfully registered JMX Bean with object name Ratis:service=RaftServer,group=group-397DB682EABB,id=291b4074-36ef-4604-afea-a446d5bcf194
2019-10-18 05:46:04,693 [pool-37-thread-1] INFO  impl.RaftServerImpl (RaftServerImpl.java:start(195)) - 58c4827f-663e-41e6-a95a-5c02fdca8528@group-397DB682EABB: start as a follower, conf=-1: [291b4074-36ef-4604-afea-a446d5bcf194:192.168.34.6:34859, e47f3d18-6550-4f27-a4cc-ce34c6c87b58:192.168.34.6:35257, 58c4827f-663e-41e6-a95a-5c02fdca8528:192.168.34.6:39496], old=null
2019-10-18 05:46:04,693 [pool-37-thread-1] INFO  impl.RaftServerImpl (RaftServerImpl.java:setRole(184)) - 58c4827f-663e-41e6-a95a-5c02fdca8528@group-397DB682EABB: changes role from      null to FOLLOWER at term 0 for startAsFollower
2019-10-18 05:46:04,693 [pool-37-thread-1] INFO  impl.RoleInfo (RoleInfo.java:updateAndGet(143)) - 58c4827f-663e-41e6-a95a-5c02fdca8528: start FollowerState
2019-10-18 05:46:04,694 [pool-37-thread-1] INFO  util.JmxRegister (JmxRegister.java:tryRegister(44)) - Successfully registered JMX Bean with object name Ratis:service=RaftServer,group=group-397DB682EABB,id=58c4827f-663e-41e6-a95a-5c02fdca8528
2019-10-18 05:46:04,712 [RatisPipelineUtilsThread] INFO  pipeline.PipelineStateManager (PipelineStateManager.java:addPipeline(56)) - Created pipeline Pipeline[ Id: e751b4d9-2be2-4ced-b2ee-397db682eabb, Nodes: 291b4074-36ef-4604-afea-a446d5bcf194{ip: 192.168.34.6, host: pr-hdds-2286-rggtd-639769477, networkLocation: /default-rack, certSerialId: null}e47f3d18-6550-4f27-a4cc-ce34c6c87b58{ip: 192.168.34.6, host: pr-hdds-2286-rggtd-639769477, networkLocation: /default-rack, certSerialId: null}58c4827f-663e-41e6-a95a-5c02fdca8528{ip: 192.168.34.6, host: pr-hdds-2286-rggtd-639769477, networkLocation: /default-rack, certSerialId: null}, Type:RATIS, Factor:THREE, State:OPEN]
2019-10-18 05:46:04,714 [main] INFO  ozone.MiniOzoneClusterImpl (MiniOzoneClusterImpl.java:lambda$waitForClusterToBeReady$0(147)) - Cluster is ready. Got 3 of 3 DN Heartbeats.
2019-10-18 05:46:04,728 [Thread-196] INFO  impl.FollowerState (FollowerState.java:run(108)) - 58c4827f-663e-41e6-a95a-5c02fdca8528@group-D948976147BF-FollowerState: change to CANDIDATE, lastRpcTime:132ms, electionTimeout:132ms
2019-10-18 05:46:04,729 [Thread-196] INFO  impl.RoleInfo (RoleInfo.java:shutdownFollowerState(121)) - 58c4827f-663e-41e6-a95a-5c02fdca8528: shutdown FollowerState
2019-10-18 05:46:04,729 [Thread-196] INFO  impl.RaftServerImpl (RaftServerImpl.java:setRole(184)) - 58c4827f-663e-41e6-a95a-5c02fdca8528@group-D948976147BF: changes role from  FOLLOWER to CANDIDATE at term 0 for changeToCandidate
2019-10-18 05:46:04,729 [Thread-196] INFO  impl.RoleInfo (RoleInfo.java:updateAndGet(143)) - 58c4827f-663e-41e6-a95a-5c02fdca8528: start LeaderElection
2019-10-18 05:46:04,740 [Thread-202] INFO  impl.FollowerState (FollowerState.java:run(108)) - 291b4074-36ef-4604-afea-a446d5bcf194@group-397DB682EABB-FollowerState: change to CANDIDATE, lastRpcTime:47ms, electionTimeout:47ms
2019-10-18 05:46:04,740 [Thread-202] INFO  impl.RoleInfo (RoleInfo.java:shutdownFollowerState(121)) - 291b4074-36ef-4604-afea-a446d5bcf194: shutdown FollowerState
2019-10-18 05:46:04,740 [Thread-202] INFO  impl.RaftServerImpl (RaftServerImpl.java:setRole(184)) - 291b4074-36ef-4604-afea-a446d5bcf194@group-397DB682EABB: changes role from  FOLLOWER to CANDIDATE at term 0 for changeToCandidate
2019-10-18 05:46:04,740 [Thread-202] INFO  impl.RoleInfo (RoleInfo.java:updateAndGet(143)) - 291b4074-36ef-4604-afea-a446d5bcf194: start LeaderElection
2019-10-18 05:46:04,756 [58c4827f-663e-41e6-a95a-5c02fdca8528@group-D948976147BF-LeaderElection3] INFO  impl.LeaderElection (LeaderElection.java:askForVotes(178)) - 58c4827f-663e-41e6-a95a-5c02fdca8528@group-D948976147BF-LeaderElection3: begin an election at term 1 for -1: [58c4827f-663e-41e6-a95a-5c02fdca8528:192.168.34.6:39496], old=null
2019-10-18 05:46:04,756 [58c4827f-663e-41e6-a95a-5c02fdca8528@group-D948976147BF-LeaderElection3] INFO  impl.RoleInfo (RoleInfo.java:shutdownLeaderElection(134)) - 58c4827f-663e-41e6-a95a-5c02fdca8528: shutdown LeaderElection
2019-10-18 05:46:04,756 [58c4827f-663e-41e6-a95a-5c02fdca8528@group-D948976147BF-LeaderElection3] INFO  impl.RaftServerImpl (RaftServerImpl.java:setRole(184)) - 58c4827f-663e-41e6-a95a-5c02fdca8528@group-D948976147BF: changes role from CANDIDATE to LEADER at term 1 for changeToLeader
2019-10-18 05:46:04,756 [58c4827f-663e-41e6-a95a-5c02fdca8528@group-D948976147BF-LeaderElection3] INFO  impl.RaftServerImpl (ServerState.java:setLeader(256)) - 58c4827f-663e-41e6-a95a-5c02fdca8528@group-D948976147BF: change Leader from null to 58c4827f-663e-41e6-a95a-5c02fdca8528 at term 1 for becomeLeader, leader elected after 173ms
2019-10-18 05:46:04,756 [58c4827f-663e-41e6-a95a-5c02fdca8528@group-D948976147BF-LeaderElection3] INFO  server.RaftServerConfigKeys (ConfUtils.java:logGet(43)) - raft.server.staging.catchup.gap = 1000 (default)
2019-10-18 05:46:04,756 [58c4827f-663e-41e6-a95a-5c02fdca8528@group-D948976147BF-LeaderElection3] INFO  server.RaftServerConfigKeys (ConfUtils.java:logGet(43)) - raft.server.rpc.sleep.time = 25ms (default)
2019-10-18 05:46:04,756 [58c4827f-663e-41e6-a95a-5c02fdca8528@group-D948976147BF-LeaderElection3] INFO  server.RaftServerConfigKeys (ConfUtils.java:logGet(43)) - raft.server.write.element-limit = 4096 (default)
2019-10-18 05:46:04,757 [58c4827f-663e-41e6-a95a-5c02fdca8528@group-D948976147BF-LeaderElection3] INFO  server.RaftServerConfigKeys (ConfUtils.java:logGet(43)) - raft.server.watch.timeout = 10s (default)
2019-10-18 05:46:04,757 [58c4827f-663e-41e6-a95a-5c02fdca8528@group-D948976147BF-LeaderElection3] INFO  server.RaftServerConfigKeys (ConfUtils.java:logGet(43)) - raft.server.watch.timeout.denomination = 1s (default)
2019-10-18 05:46:04,757 [58c4827f-663e-41e6-a95a-5c02fdca8528@group-D948976147BF-LeaderElection3] INFO  server.RaftServerConfigKeys (ConfUtils.java:logGet(43)) - raft.server.watch.element-limit = 65536 (default)
2019-10-18 05:46:04,759 [58c4827f-663e-41e6-a95a-5c02fdca8528@group-D948976147BF-LeaderElection3] INFO  impl.RoleInfo (RoleInfo.java:updateAndGet(143)) - 58c4827f-663e-41e6-a95a-5c02fdca8528: start LeaderState
2019-10-18 05:46:04,759 [58c4827f-663e-41e6-a95a-5c02fdca8528@group-D948976147BF-LeaderElection3] INFO  segmented.SegmentedRaftLogWorker (SegmentedRaftLogWorker.java:startLogSegment(385)) - 58c4827f-663e-41e6-a95a-5c02fdca8528@group-D948976147BF-SegmentedRaftLogWorker: Starting segment from index:0
2019-10-18 05:46:04,759 [58c4827f-663e-41e6-a95a-5c02fdca8528@group-D948976147BF-LeaderElection3] INFO  impl.RaftServerImpl (ServerState.java:setRaftConf(357)) - 58c4827f-663e-41e6-a95a-5c02fdca8528@group-D948976147BF: set configuration 0: [58c4827f-663e-41e6-a95a-5c02fdca8528:192.168.34.6:39496], old=null at 0
2019-10-18 05:46:04,780 [Thread-201] INFO  impl.FollowerState (FollowerState.java:run(108)) - e47f3d18-6550-4f27-a4cc-ce34c6c87b58@group-397DB682EABB-FollowerState: change to CANDIDATE, lastRpcTime:91ms, electionTimeout:86ms
2019-10-18 05:46:04,780 [291b4074-36ef-4604-afea-a446d5bcf194@group-397DB682EABB-LeaderElection4] INFO  impl.LeaderElection (LeaderElection.java:askForVotes(178)) - 291b4074-36ef-4604-afea-a446d5bcf194@group-397DB682EABB-LeaderElection4: begin an election at term 1 for -1: [291b4074-36ef-4604-afea-a446d5bcf194:192.168.34.6:34859, e47f3d18-6550-4f27-a4cc-ce34c6c87b58:192.168.34.6:35257, 58c4827f-663e-41e6-a95a-5c02fdca8528:192.168.34.6:39496], old=null
2019-10-18 05:46:04,780 [Thread-201] INFO  impl.RoleInfo (RoleInfo.java:shutdownFollowerState(121)) - e47f3d18-6550-4f27-a4cc-ce34c6c87b58: shutdown FollowerState
2019-10-18 05:46:04,780 [Thread-201] INFO  impl.RaftServerImpl (RaftServerImpl.java:setRole(184)) - e47f3d18-6550-4f27-a4cc-ce34c6c87b58@group-397DB682EABB: changes role from  FOLLOWER to CANDIDATE at term 0 for changeToCandidate
2019-10-18 05:46:04,781 [Thread-201] INFO  impl.RoleInfo (RoleInfo.java:updateAndGet(143)) - e47f3d18-6550-4f27-a4cc-ce34c6c87b58: start LeaderElection
2019-10-18 05:46:04,803 [58c4827f-663e-41e6-a95a-5c02fdca8528@group-D948976147BF-SegmentedRaftLogWorker] INFO  segmented.SegmentedRaftLogWorker (SegmentedRaftLogWorker.java:execute(576)) - 58c4827f-663e-41e6-a95a-5c02fdca8528@group-D948976147BF-SegmentedRaftLogWorker: created new log segment /workdir/hadoop-ozone/integration-test/target/test-dir/MiniOzoneClusterImpl-bdd1ebd8-a644-496b-9074-58a768d0a1bb/datanode-1/data/ratis/277831c6-9f89-46b5-a86c-d948976147bf/current/log_inprogress_0
2019-10-18 05:46:04,803 [e47f3d18-6550-4f27-a4cc-ce34c6c87b58@group-397DB682EABB-LeaderElection5] INFO  impl.LeaderElection (LeaderElection.java:askForVotes(178)) - e47f3d18-6550-4f27-a4cc-ce34c6c87b58@group-397DB682EABB-LeaderElection5: begin an election at term 1 for -1: [291b4074-36ef-4604-afea-a446d5bcf194:192.168.34.6:34859, e47f3d18-6550-4f27-a4cc-ce34c6c87b58:192.168.34.6:35257, 58c4827f-663e-41e6-a95a-5c02fdca8528:192.168.34.6:39496], old=null
2019-10-18 05:46:04,816 [grpc-default-executor-2] INFO  impl.RaftServerImpl (RaftServerImpl.java:setRole(184)) - 58c4827f-663e-41e6-a95a-5c02fdca8528@group-397DB682EABB: changes role from  FOLLOWER to FOLLOWER at term 1 for recognizeCandidate:291b4074-36ef-4604-afea-a446d5bcf194
2019-10-18 05:46:04,816 [grpc-default-executor-2] INFO  impl.RoleInfo (RoleInfo.java:shutdownFollowerState(121)) - 58c4827f-663e-41e6-a95a-5c02fdca8528: shutdown FollowerState
2019-10-18 05:46:04,816 [Thread-204] INFO  impl.FollowerState (FollowerState.java:run(117)) - 58c4827f-663e-41e6-a95a-5c02fdca8528@group-397DB682EABB-FollowerState was interrupted: java.lang.InterruptedException: sleep interrupted
2019-10-18 05:46:04,816 [grpc-default-executor-2] INFO  impl.RoleInfo (RoleInfo.java:updateAndGet(143)) - 58c4827f-663e-41e6-a95a-5c02fdca8528: start FollowerState
2019-10-18 05:46:04,846 [291b4074-36ef-4604-afea-a446d5bcf194@group-397DB682EABB-LeaderElection4] INFO  impl.LeaderElection (LeaderElection.java:logAndReturn(56)) - 291b4074-36ef-4604-afea-a446d5bcf194@group-397DB682EABB-LeaderElection4: Election TIMEOUT; received 1 response(s) [291b4074-36ef-4604-afea-a446d5bcf194<-e47f3d18-6550-4f27-a4cc-ce34c6c87b58#0:FAIL-t1] and 0 exception(s); 291b4074-36ef-4604-afea-a446d5bcf194@group-397DB682EABB:t1, leader=null, voted=291b4074-36ef-4604-afea-a446d5bcf194, raftlog=291b4074-36ef-4604-afea-a446d5bcf194@group-397DB682EABB-SegmentedRaftLog:OPENED:c-1,f-1,i0, conf=-1: [291b4074-36ef-4604-afea-a446d5bcf194:192.168.34.6:34859, e47f3d18-6550-4f27-a4cc-ce34c6c87b58:192.168.34.6:35257, 58c4827f-663e-41e6-a95a-5c02fdca8528:192.168.34.6:39496], old=null
2019-10-18 05:46:04,849 [e47f3d18-6550-4f27-a4cc-ce34c6c87b58@group-397DB682EABB-LeaderElection5] INFO  impl.LeaderElection (LeaderElection.java:logAndReturn(56)) - e47f3d18-6550-4f27-a4cc-ce34c6c87b58@group-397DB682EABB-LeaderElection5: Election REJECTED; received 2 response(s) [e47f3d18-6550-4f27-a4cc-ce34c6c87b58<-291b4074-36ef-4604-afea-a446d5bcf194#0:FAIL-t1, e47f3d18-6550-4f27-a4cc-ce34c6c87b58<-58c4827f-663e-41e6-a95a-5c02fdca8528#0:FAIL-t1] and 0 exception(s); e47f3d18-6550-4f27-a4cc-ce34c6c87b58@group-397DB682EABB:t1, leader=null, voted=e47f3d18-6550-4f27-a4cc-ce34c6c87b58, raftlog=e47f3d18-6550-4f27-a4cc-ce34c6c87b58@group-397DB682EABB-SegmentedRaftLog:OPENED:c-1,f-1,i0, conf=-1: [291b4074-36ef-4604-afea-a446d5bcf194:192.168.34.6:34859, e47f3d18-6550-4f27-a4cc-ce34c6c87b58:192.168.34.6:35257, 58c4827f-663e-41e6-a95a-5c02fdca8528:192.168.34.6:39496], old=null
2019-10-18 05:46:04,849 [e47f3d18-6550-4f27-a4cc-ce34c6c87b58@group-397DB682EABB-LeaderElection5] INFO  impl.RaftServerImpl (RaftServerImpl.java:setRole(184)) - e47f3d18-6550-4f27-a4cc-ce34c6c87b58@group-397DB682EABB: changes role from CANDIDATE to FOLLOWER at term 1 for DISCOVERED_A_NEW_TERM
2019-10-18 05:46:04,850 [e47f3d18-6550-4f27-a4cc-ce34c6c87b58@group-397DB682EABB-LeaderElection5] INFO  impl.RoleInfo (RoleInfo.java:shutdownLeaderElection(134)) - e47f3d18-6550-4f27-a4cc-ce34c6c87b58: shutdown LeaderElection
2019-10-18 05:46:04,850 [e47f3d18-6550-4f27-a4cc-ce34c6c87b58@group-397DB682EABB-LeaderElection5] INFO  impl.RoleInfo (RoleInfo.java:updateAndGet(143)) - e47f3d18-6550-4f27-a4cc-ce34c6c87b58: start FollowerState
2019-10-18 05:46:04,870 [291b4074-36ef-4604-afea-a446d5bcf194@group-397DB682EABB-LeaderElection4] INFO  impl.LeaderElection (LeaderElection.java:askForVotes(178)) - 291b4074-36ef-4604-afea-a446d5bcf194@group-397DB682EABB-LeaderElection4: begin an election at term 2 for -1: [291b4074-36ef-4604-afea-a446d5bcf194:192.168.34.6:34859, e47f3d18-6550-4f27-a4cc-ce34c6c87b58:192.168.34.6:35257, 58c4827f-663e-41e6-a95a-5c02fdca8528:192.168.34.6:39496], old=null
2019-10-18 05:46:04,876 [grpc-default-executor-2] INFO  impl.RaftServerImpl (RaftServerImpl.java:setRole(184)) - 58c4827f-663e-41e6-a95a-5c02fdca8528@group-397DB682EABB: changes role from  FOLLOWER to FOLLOWER at term 2 for recognizeCandidate:291b4074-36ef-4604-afea-a446d5bcf194
2019-10-18 05:46:04,876 [grpc-default-executor-1] INFO  impl.RaftServerImpl (RaftServerImpl.java:setRole(184)) - e47f3d18-6550-4f27-a4cc-ce34c6c87b58@group-397DB682EABB: changes role from  FOLLOWER to FOLLOWER at term 2 for recognizeCandidate:291b4074-36ef-4604-afea-a446d5bcf194
2019-10-18 05:46:04,876 [grpc-default-executor-2] INFO  impl.RoleInfo (RoleInfo.java:shutdownFollowerState(121)) - 58c4827f-663e-41e6-a95a-5c02fdca8528: shutdown FollowerState
2019-10-18 05:46:04,877 [grpc-default-executor-1] INFO  impl.RoleInfo (RoleInfo.java:shutdownFollowerState(121)) - e47f3d18-6550-4f27-a4cc-ce34c6c87b58: shutdown FollowerState
2019-10-18 05:46:04,877 [grpc-default-executor-2] INFO  impl.RoleInfo (RoleInfo.java:updateAndGet(143)) - 58c4827f-663e-41e6-a95a-5c02fdca8528: start FollowerState
2019-10-18 05:46:04,877 [Thread-215] INFO  impl.FollowerState (FollowerState.java:run(117)) - 58c4827f-663e-41e6-a95a-5c02fdca8528@group-397DB682EABB-FollowerState was interrupted: java.lang.InterruptedException: sleep interrupted
2019-10-18 05:46:04,877 [grpc-default-executor-1] INFO  impl.RoleInfo (RoleInfo.java:updateAndGet(143)) - e47f3d18-6550-4f27-a4cc-ce34c6c87b58: start FollowerState
2019-10-18 05:46:04,877 [Thread-219] INFO  impl.FollowerState (FollowerState.java:run(117)) - e47f3d18-6550-4f27-a4cc-ce34c6c87b58@group-397DB682EABB-FollowerState was interrupted: java.lang.InterruptedException: sleep interrupted
2019-10-18 05:46:04,907 [291b4074-36ef-4604-afea-a446d5bcf194@group-397DB682EABB-LeaderElection4] INFO  impl.LeaderElection (LeaderElection.java:logAndReturn(56)) - 291b4074-36ef-4604-afea-a446d5bcf194@group-397DB682EABB-LeaderElection4: Election PASSED; received 1 response(s) [291b4074-36ef-4604-afea-a446d5bcf194<-58c4827f-663e-41e6-a95a-5c02fdca8528#0:OK-t2] and 0 exception(s); 291b4074-36ef-4604-afea-a446d5bcf194@group-397DB682EABB:t2, leader=null, voted=291b4074-36ef-4604-afea-a446d5bcf194, raftlog=291b4074-36ef-4604-afea-a446d5bcf194@group-397DB682EABB-SegmentedRaftLog:OPENED:c-1,f-1,i0, conf=-1: [291b4074-36ef-4604-afea-a446d5bcf194:192.168.34.6:34859, e47f3d18-6550-4f27-a4cc-ce34c6c87b58:192.168.34.6:35257, 58c4827f-663e-41e6-a95a-5c02fdca8528:192.168.34.6:39496], old=null
2019-10-18 05:46:04,908 [291b4074-36ef-4604-afea-a446d5bcf194@group-397DB682EABB-LeaderElection4] INFO  impl.RoleInfo (RoleInfo.java:shutdownLeaderElection(134)) - 291b4074-36ef-4604-afea-a446d5bcf194: shutdown LeaderElection
2019-10-18 05:46:04,908 [291b4074-36ef-4604-afea-a446d5bcf194@group-397DB682EABB-LeaderElection4] INFO  impl.RaftServerImpl (RaftServerImpl.java:setRole(184)) - 291b4074-36ef-4604-afea-a446d5bcf194@group-397DB682EABB: changes role from CANDIDATE to LEADER at term 2 for changeToLeader
2019-10-18 05:46:04,908 [Thread-222] INFO  impl.FollowerState (FollowerState.java:run(108)) - 58c4827f-663e-41e6-a95a-5c02fdca8528@group-397DB682EABB-FollowerState: change to CANDIDATE, lastRpcTime:31ms, electionTimeout:31ms
2019-10-18 05:46:04,909 [291b4074-36ef-4604-afea-a446d5bcf194@group-397DB682EABB-LeaderElection4] INFO  impl.RaftServerImpl (ServerState.java:setLeader(256)) - 291b4074-36ef-4604-afea-a446d5bcf194@group-397DB682EABB: change Leader from null to 291b4074-36ef-4604-afea-a446d5bcf194 at term 2 for becomeLeader, leader elected after 227ms
2019-10-18 05:46:04,910 [Thread-222] INFO  impl.RoleInfo (RoleInfo.java:shutdownFollowerState(121)) - 58c4827f-663e-41e6-a95a-5c02fdca8528: shutdown FollowerState
2019-10-18 05:46:04,910 [291b4074-36ef-4604-afea-a446d5bcf194@group-397DB682EABB-LeaderElection4] INFO  server.RaftServerConfigKeys (ConfUtils.java:logGet(43)) - raft.server.staging.catchup.gap = 1000 (default)
2019-10-18 05:46:04,910 [Thread-222] INFO  impl.RaftServerImpl (RaftServerImpl.java:setRole(184)) - 58c4827f-663e-41e6-a95a-5c02fdca8528@group-397DB682EABB: changes role from  FOLLOWER to CANDIDATE at term 2 for changeToCandidate
2019-10-18 05:46:04,910 [291b4074-36ef-4604-afea-a446d5bcf194@group-397DB682EABB-LeaderElection4] INFO  server.RaftServerConfigKeys (ConfUtils.java:logGet(43)) - raft.server.rpc.sleep.time = 25ms (default)
2019-10-18 05:46:04,911 [Thread-222] INFO  impl.RoleInfo (RoleInfo.java:updateAndGet(143)) - 58c4827f-663e-41e6-a95a-5c02fdca8528: start LeaderElection
2019-10-18 05:46:04,911 [291b4074-36ef-4604-afea-a446d5bcf194@group-397DB682EABB-LeaderElection4] INFO  server.RaftServerConfigKeys (ConfUtils.java:logGet(43)) - raft.server.write.element-limit = 4096 (default)
2019-10-18 05:46:04,911 [291b4074-36ef-4604-afea-a446d5bcf194@group-397DB682EABB-LeaderElection4] INFO  server.RaftServerConfigKeys (ConfUtils.java:logGet(43)) - raft.server.watch.timeout = 10s (default)
2019-10-18 05:46:04,911 [291b4074-36ef-4604-afea-a446d5bcf194@group-397DB682EABB-LeaderElection4] INFO  server.RaftServerConfigKeys (ConfUtils.java:logGet(43)) - raft.server.watch.timeout.denomination = 1s (default)
2019-10-18 05:46:04,911 [291b4074-36ef-4604-afea-a446d5bcf194@group-397DB682EABB-LeaderElection4] INFO  server.RaftServerConfigKeys (ConfUtils.java:logGet(43)) - raft.server.watch.element-limit = 65536 (default)
2019-10-18 05:46:04,916 [291b4074-36ef-4604-afea-a446d5bcf194@group-397DB682EABB-LeaderElection4] INFO  server.RaftServerConfigKeys (ConfUtils.java:logGet(43)) - raft.server.log.appender.snapshot.chunk.size.max = 16MB (=16777216) (default)
2019-10-18 05:46:04,916 [291b4074-36ef-4604-afea-a446d5bcf194@group-397DB682EABB-LeaderElection4] INFO  server.RaftServerConfigKeys (ConfUtils.java:logGet(43)) - raft.server.log.appender.buffer.byte-limit = 33554432 (custom)
2019-10-18 05:46:04,916 [291b4074-36ef-4604-afea-a446d5bcf194@group-397DB682EABB-LeaderElection4] INFO  server.RaftServerConfigKeys (ConfUtils.java:logGet(43)) - raft.server.log.appender.buffer.element-limit = 1 (custom)
2019-10-18 05:46:04,919 [291b4074-36ef-4604-afea-a446d5bcf194@group-397DB682EABB-LeaderElection4] INFO  grpc.GrpcConfigKeys$Server (ConfUtils.java:logGet(43)) - raft.grpc.server.leader.outstanding.appends.max = 128 (default)
2019-10-18 05:46:04,921 [291b4074-36ef-4604-afea-a446d5bcf194@group-397DB682EABB-LeaderElection4] INFO  server.RaftServerConfigKeys (ConfUtils.java:logGet(43)) - raft.server.rpc.request.timeout = 3000ms (default)
2019-10-18 05:46:04,921 [291b4074-36ef-4604-afea-a446d5bcf194@group-397DB682EABB-LeaderElection4] INFO  server.RaftServerConfigKeys (ConfUtils.java:logGet(43)) - raft.server.log.appender.install.snapshot.enabled = false (custom)
2019-10-18 05:46:04,925 [291b4074-36ef-4604-afea-a446d5bcf194@group-397DB682EABB-LeaderElection4] INFO  server.RaftServerConfigKeys (ConfUtils.java:logGet(43)) - raft.server.log.appender.snapshot.chunk.size.max = 16MB (=16777216) (default)
2019-10-18 05:46:04,925 [291b4074-36ef-4604-afea-a446d5bcf194@group-397DB682EABB-LeaderElection4] INFO  server.RaftServerConfigKeys (ConfUtils.java:logGet(43)) - raft.server.log.appender.buffer.byte-limit = 33554432 (custom)
2019-10-18 05:46:04,925 [291b4074-36ef-4604-afea-a446d5bcf194@group-397DB682EABB-LeaderElection4] INFO  server.RaftServerConfigKeys (ConfUtils.java:logGet(43)) - raft.server.log.appender.buffer.element-limit = 1 (custom)
2019-10-18 05:46:04,925 [291b4074-36ef-4604-afea-a446d5bcf194@group-397DB682EABB-LeaderElection4] INFO  grpc.GrpcConfigKeys$Server (ConfUtils.java:logGet(43)) - raft.grpc.server.leader.outstanding.appends.max = 128 (default)
2019-10-18 05:46:04,925 [291b4074-36ef-4604-afea-a446d5bcf194@group-397DB682EABB-LeaderElection4] INFO  server.RaftServerConfigKeys (ConfUtils.java:logGet(43)) - raft.server.rpc.request.timeout = 3000ms (default)
2019-10-18 05:46:04,926 [291b4074-36ef-4604-afea-a446d5bcf194@group-397DB682EABB-LeaderElection4] INFO  server.RaftServerConfigKeys (ConfUtils.java:logGet(43)) - raft.server.log.appender.install.snapshot.enabled = false (custom)
2019-10-18 05:46:04,929 [291b4074-36ef-4604-afea-a446d5bcf194@group-397DB682EABB-LeaderElection4] INFO  impl.RoleInfo (RoleInfo.java:updateAndGet(143)) - 291b4074-36ef-4604-afea-a446d5bcf194: start LeaderState
2019-10-18 05:46:04,930 [291b4074-36ef-4604-afea-a446d5bcf194@group-397DB682EABB-LeaderElection4] INFO  segmented.SegmentedRaftLogWorker (SegmentedRaftLogWorker.java:startLogSegment(385)) - 291b4074-36ef-4604-afea-a446d5bcf194@group-397DB682EABB-SegmentedRaftLogWorker: Starting segment from index:0
2019-10-18 05:46:04,930 [291b4074-36ef-4604-afea-a446d5bcf194@group-397DB682EABB-LeaderElection4] INFO  impl.RaftServerImpl (ServerState.java:setRaftConf(357)) - 291b4074-36ef-4604-afea-a446d5bcf194@group-397DB682EABB: set configuration 0: [291b4074-36ef-4604-afea-a446d5bcf194:192.168.34.6:34859, e47f3d18-6550-4f27-a4cc-ce34c6c87b58:192.168.34.6:35257, 58c4827f-663e-41e6-a95a-5c02fdca8528:192.168.34.6:39496], old=null at 0
2019-10-18 05:46:04,936 [58c4827f-663e-41e6-a95a-5c02fdca8528@group-397DB682EABB-LeaderElection6] INFO  impl.LeaderElection (LeaderElection.java:askForVotes(178)) - 58c4827f-663e-41e6-a95a-5c02fdca8528@group-397DB682EABB-LeaderElection6: begin an election at term 3 for -1: [291b4074-36ef-4604-afea-a446d5bcf194:192.168.34.6:34859, e47f3d18-6550-4f27-a4cc-ce34c6c87b58:192.168.34.6:35257, 58c4827f-663e-41e6-a95a-5c02fdca8528:192.168.34.6:39496], old=null
2019-10-18 05:46:04,977 [grpc-default-executor-0] INFO  impl.RaftServerImpl (ServerState.java:setLeader(256)) - 291b4074-36ef-4604-afea-a446d5bcf194@group-397DB682EABB: change Leader from 291b4074-36ef-4604-afea-a446d5bcf194 to null at term 3 for updateCurrentTerm
2019-10-18 05:46:04,977 [grpc-default-executor-3] INFO  impl.RaftServerImpl (RaftServerImpl.java:setRole(184)) - e47f3d18-6550-4f27-a4cc-ce34c6c87b58@group-397DB682EABB: changes role from  FOLLOWER to FOLLOWER at term 3 for recognizeCandidate:58c4827f-663e-41e6-a95a-5c02fdca8528
2019-10-18 05:46:04,977 [grpc-default-executor-0] INFO  impl.RaftServerImpl (RaftServerImpl.java:setRole(184)) - 291b4074-36ef-4604-afea-a446d5bcf194@group-397DB682EABB: changes role from    LEADER to FOLLOWER at term 3 for recognizeCandidate:58c4827f-663e-41e6-a95a-5c02fdca8528
2019-10-18 05:46:04,977 [grpc-default-executor-3] INFO  impl.RoleInfo (RoleInfo.java:shutdownFollowerState(121)) - e47f3d18-6550-4f27-a4cc-ce34c6c87b58: shutdown FollowerState
2019-10-18 05:46:04,977 [grpc-default-executor-0] INFO  impl.RoleInfo (RoleInfo.java:shutdownLeaderState(104)) - 291b4074-36ef-4604-afea-a446d5bcf194: shutdown LeaderState
2019-10-18 05:46:04,977 [Thread-223] INFO  impl.FollowerState (FollowerState.java:run(117)) - e47f3d18-6550-4f27-a4cc-ce34c6c87b58@group-397DB682EABB-FollowerState was interrupted: java.lang.InterruptedException: sleep interrupted
2019-10-18 05:46:04,977 [grpc-default-executor-3] INFO  impl.RoleInfo (RoleInfo.java:updateAndGet(143)) - e47f3d18-6550-4f27-a4cc-ce34c6c87b58: start FollowerState
2019-10-18 05:46:04,982 [org.apache.ratis.server.impl.LogAppender$AppenderDaemon$$Lambda$397/1010774322@62450fb6] WARN  server.GrpcLogAppender (GrpcLogAppender.java:mayWait(149)) - 291b4074-36ef-4604-afea-a446d5bcf194@group-397DB682EABB->e47f3d18-6550-4f27-a4cc-ce34c6c87b58-GrpcLogAppender: Wait interrupted by java.lang.InterruptedException
2019-10-18 05:46:04,982 [org.apache.ratis.server.impl.LogAppender$AppenderDaemon$$Lambda$397/1010774322@17b32ac7] WARN  server.GrpcLogAppender (GrpcLogAppender.java:mayWait(149)) - 291b4074-36ef-4604-afea-a446d5bcf194@group-397DB682EABB->58c4827f-663e-41e6-a95a-5c02fdca8528-GrpcLogAppender: Wait interrupted by java.lang.InterruptedException
2019-10-18 05:46:04,984 [grpc-default-executor-0] INFO  impl.PendingRequests (PendingRequests.java:sendNotLeaderResponses(202)) - 291b4074-36ef-4604-afea-a446d5bcf194@group-397DB682EABB-PendingRequests: sendNotLeaderResponses
2019-10-18 05:46:04,986 [grpc-default-executor-0] INFO  impl.RoleInfo (RoleInfo.java:updateAndGet(143)) - 291b4074-36ef-4604-afea-a446d5bcf194: start FollowerState
2019-10-18 05:46:04,990 [291b4074-36ef-4604-afea-a446d5bcf194@group-397DB682EABB-SegmentedRaftLogWorker] INFO  segmented.SegmentedRaftLogWorker (SegmentedRaftLogWorker.java:execute(576)) - 291b4074-36ef-4604-afea-a446d5bcf194@group-397DB682EABB-SegmentedRaftLogWorker: created new log segment /workdir/hadoop-ozone/integration-test/target/test-dir/MiniOzoneClusterImpl-bdd1ebd8-a644-496b-9074-58a768d0a1bb/datanode-2/data/ratis/e751b4d9-2be2-4ced-b2ee-397db682eabb/current/log_inprogress_0
2019-10-18 05:46:04,992 [grpc-default-executor-2] INFO  server.GrpcServerProtocolService (GrpcServerProtocolService.java:onCompleted(113)) - 58c4827f-663e-41e6-a95a-5c02fdca8528: Completed APPEND_ENTRIES, lastRequest: 291b4074-36ef-4604-afea-a446d5bcf194->58c4827f-663e-41e6-a95a-5c02fdca8528#0-t2, previous=(t:0, i:0), leaderCommit=-1, initializing? false, entries: <empty>
2019-10-18 05:46:05,013 [grpc-default-executor-4] INFO  server.GrpcLogAppender (GrpcLogAppender.java:onCompleted(308)) - 291b4074-36ef-4604-afea-a446d5bcf194@group-397DB682EABB->58c4827f-663e-41e6-a95a-5c02fdca8528-AppendLogResponseHandler: follower responses appendEntries COMPLETED
2019-10-18 05:46:05,013 [grpc-default-executor-1] INFO  server.GrpcServerProtocolService (GrpcServerProtocolService.java:onCompleted(113)) - e47f3d18-6550-4f27-a4cc-ce34c6c87b58: Completed APPEND_ENTRIES, lastRequest: 291b4074-36ef-4604-afea-a446d5bcf194->e47f3d18-6550-4f27-a4cc-ce34c6c87b58#0-t2, previous=(t:0, i:0), leaderCommit=-1, initializing? false, entries: <empty>
2019-10-18 05:46:05,016 [58c4827f-663e-41e6-a95a-5c02fdca8528@group-397DB682EABB-LeaderElection6] INFO  impl.LeaderElection (LeaderElection.java:logAndReturn(56)) - 58c4827f-663e-41e6-a95a-5c02fdca8528@group-397DB682EABB-LeaderElection6: Election TIMEOUT; received 0 response(s) [] and 0 exception(s); 58c4827f-663e-41e6-a95a-5c02fdca8528@group-397DB682EABB:t3, leader=null, voted=58c4827f-663e-41e6-a95a-5c02fdca8528, raftlog=58c4827f-663e-41e6-a95a-5c02fdca8528@group-397DB682EABB-SegmentedRaftLog:OPENED:c-1,f-1,i0, conf=-1: [291b4074-36ef-4604-afea-a446d5bcf194:192.168.34.6:34859, e47f3d18-6550-4f27-a4cc-ce34c6c87b58:192.168.34.6:35257, 58c4827f-663e-41e6-a95a-5c02fdca8528:192.168.34.6:39496], old=null
2019-10-18 05:46:05,025 [grpc-default-executor-0] INFO  server.GrpcLogAppender (GrpcLogAppender.java:onCompleted(308)) - 291b4074-36ef-4604-afea-a446d5bcf194@group-397DB682EABB->e47f3d18-6550-4f27-a4cc-ce34c6c87b58-AppendLogResponseHandler: follower responses appendEntries COMPLETED
2019-10-18 05:46:05,026 [grpc-default-executor-4] INFO  impl.FollowerInfo (FollowerInfo.java:lambda$new$0(51)) - 291b4074-36ef-4604-afea-a446d5bcf194@group-397DB682EABB->58c4827f-663e-41e6-a95a-5c02fdca8528: nextIndex: updateUnconditionally 0 -> 0
2019-10-18 05:46:05,027 [grpc-default-executor-0] INFO  impl.FollowerInfo (FollowerInfo.java:lambda$new$0(51)) - 291b4074-36ef-4604-afea-a446d5bcf194@group-397DB682EABB->e47f3d18-6550-4f27-a4cc-ce34c6c87b58: nextIndex: updateUnconditionally 0 -> 0
2019-10-18 05:46:05,040 [58c4827f-663e-41e6-a95a-5c02fdca8528@group-397DB682EABB-LeaderElection6] INFO  impl.LeaderElection (LeaderElection.java:askForVotes(178)) - 58c4827f-663e-41e6-a95a-5c02fdca8528@group-397DB682EABB-LeaderElection6: begin an election at term 4 for -1: [291b4074-36ef-4604-afea-a446d5bcf194:192.168.34.6:34859, e47f3d18-6550-4f27-a4cc-ce34c6c87b58:192.168.34.6:35257, 58c4827f-663e-41e6-a95a-5c02fdca8528:192.168.34.6:39496], old=null
2019-10-18 05:46:05,045 [grpc-default-executor-0] INFO  impl.RaftServerImpl (RaftServerImpl.java:setRole(184)) - 291b4074-36ef-4604-afea-a446d5bcf194@group-397DB682EABB: changes role from  FOLLOWER to FOLLOWER at term 4 for recognizeCandidate:58c4827f-663e-41e6-a95a-5c02fdca8528
2019-10-18 05:46:05,045 [grpc-default-executor-0] INFO  impl.RoleInfo (RoleInfo.java:shutdownFollowerState(121)) - 291b4074-36ef-4604-afea-a446d5bcf194: shutdown FollowerState
2019-10-18 05:46:05,046 [grpc-default-executor-0] INFO  impl.RoleInfo (RoleInfo.java:updateAndGet(143)) - 291b4074-36ef-4604-afea-a446d5bcf194: start FollowerState
2019-10-18 05:46:05,046 [Thread-233] INFO  impl.FollowerState (FollowerState.java:run(117)) - 291b4074-36ef-4604-afea-a446d5bcf194@group-397DB682EABB-FollowerState was interrupted: java.lang.InterruptedException: sleep interrupted
2019-10-18 05:46:05,047 [grpc-default-executor-4] INFO  impl.RaftServerImpl (RaftServerImpl.java:setRole(184)) - e47f3d18-6550-4f27-a4cc-ce34c6c87b58@group-397DB682EABB: changes role from  FOLLOWER to FOLLOWER at term 4 for recognizeCandidate:58c4827f-663e-41e6-a95a-5c02fdca8528
2019-10-18 05:46:05,047 [grpc-default-executor-4] INFO  impl.RoleInfo (RoleInfo.java:shutdownFollowerState(121)) - e47f3d18-6550-4f27-a4cc-ce34c6c87b58: shutdown FollowerState
2019-10-18 05:46:05,047 [Thread-232] INFO  impl.FollowerState (FollowerState.java:run(117)) - e47f3d18-6550-4f27-a4cc-ce34c6c87b58@group-397DB682EABB-FollowerState was interrupted: java.lang.InterruptedException: sleep interrupted
2019-10-18 05:46:05,047 [grpc-default-executor-4] INFO  impl.RoleInfo (RoleInfo.java:updateAndGet(143)) - e47f3d18-6550-4f27-a4cc-ce34c6c87b58: start FollowerState
2019-10-18 05:46:05,073 [58c4827f-663e-41e6-a95a-5c02fdca8528@group-397DB682EABB-LeaderElection6] INFO  impl.LeaderElection (LeaderElection.java:logAndReturn(56)) - 58c4827f-663e-41e6-a95a-5c02fdca8528@group-397DB682EABB-LeaderElection6: Election PASSED; received 2 response(s) [58c4827f-663e-41e6-a95a-5c02fdca8528<-291b4074-36ef-4604-afea-a446d5bcf194#0:FAIL-t4, 58c4827f-663e-41e6-a95a-5c02fdca8528<-e47f3d18-6550-4f27-a4cc-ce34c6c87b58#0:OK-t4] and 0 exception(s); 58c4827f-663e-41e6-a95a-5c02fdca8528@group-397DB682EABB:t4, leader=null, voted=58c4827f-663e-41e6-a95a-5c02fdca8528, raftlog=58c4827f-663e-41e6-a95a-5c02fdca8528@group-397DB682EABB-SegmentedRaftLog:OPENED:c-1,f-1,i0, conf=-1: [291b4074-36ef-4604-afea-a446d5bcf194:192.168.34.6:34859, e47f3d18-6550-4f27-a4cc-ce34c6c87b58:192.168.34.6:35257, 58c4827f-663e-41e6-a95a-5c02fdca8528:192.168.34.6:39496], old=null
2019-10-18 05:46:05,073 [58c4827f-663e-41e6-a95a-5c02fdca8528@group-397DB682EABB-LeaderElection6] INFO  impl.RoleInfo (RoleInfo.java:shutdownLeaderElection(134)) - 58c4827f-663e-41e6-a95a-5c02fdca8528: shutdown LeaderElection
2019-10-18 05:46:05,074 [58c4827f-663e-41e6-a95a-5c02fdca8528@group-397DB682EABB-LeaderElection6] INFO  impl.RaftServerImpl (RaftServerImpl.java:setRole(184)) - 58c4827f-663e-41e6-a95a-5c02fdca8528@group-397DB682EABB: changes role from CANDIDATE to LEADER at term 4 for changeToLeader
2019-10-18 05:46:05,074 [58c4827f-663e-41e6-a95a-5c02fdca8528@group-397DB682EABB-LeaderElection6] INFO  impl.RaftServerImpl (ServerState.java:setLeader(256)) - 58c4827f-663e-41e6-a95a-5c02fdca8528@group-397DB682EABB: change Leader from null to 58c4827f-663e-41e6-a95a-5c02fdca8528 at term 4 for becomeLeader, leader elected after 393ms
2019-10-18 05:46:05,074 [58c4827f-663e-41e6-a95a-5c02fdca8528@group-397DB682EABB-LeaderElection6] INFO  server.RaftServerConfigKeys (ConfUtils.java:logGet(43)) - raft.server.staging.catchup.gap = 1000 (default)
2019-10-18 05:46:05,074 [58c4827f-663e-41e6-a95a-5c02fdca8528@group-397DB682EABB-LeaderElection6] INFO  server.RaftServerConfigKeys (ConfUtils.java:logGet(43)) - raft.server.rpc.sleep.time = 25ms (default)
2019-10-18 05:46:05,074 [58c4827f-663e-41e6-a95a-5c02fdca8528@group-397DB682EABB-LeaderElection6] INFO  server.RaftServerConfigKeys (ConfUtils.java:logGet(43)) - raft.server.write.element-limit = 4096 (default)
2019-10-18 05:46:05,074 [58c4827f-663e-41e6-a95a-5c02fdca8528@group-397DB682EABB-LeaderElection6] INFO  server.RaftServerConfigKeys (ConfUtils.java:logGet(43)) - raft.server.watch.timeout = 10s (default)
2019-10-18 05:46:05,074 [58c4827f-663e-41e6-a95a-5c02fdca8528@group-397DB682EABB-LeaderElection6] INFO  server.RaftServerConfigKeys (ConfUtils.java:logGet(43)) - raft.server.watch.timeout.denomination = 1s (default)
2019-10-18 05:46:05,074 [58c4827f-663e-41e6-a95a-5c02fdca8528@group-397DB682EABB-LeaderElection6] INFO  server.RaftServerConfigKeys (ConfUtils.java:logGet(43)) - raft.server.watch.element-limit = 65536 (default)
2019-10-18 05:46:05,076 [58c4827f-663e-41e6-a95a-5c02fdca8528@group-397DB682EABB-LeaderElection6] INFO  server.RaftServerConfigKeys (ConfUtils.java:logGet(43)) - raft.server.log.appender.snapshot.chunk.size.max = 16MB (=16777216) (default)
2019-10-18 05:46:05,077 [58c4827f-663e-41e6-a95a-5c02fdca8528@group-397DB682EABB-LeaderElection6] INFO  server.RaftServerConfigKeys (ConfUtils.java:logGet(43)) - raft.server.log.appender.buffer.byte-limit = 33554432 (custom)
2019-10-18 05:46:05,077 [58c4827f-663e-41e6-a95a-5c02fdca8528@group-397DB682EABB-LeaderElection6] INFO  server.RaftServerConfigKeys (ConfUtils.java:logGet(43)) - raft.server.log.appender.buffer.element-limit = 1 (custom)
2019-10-18 05:46:05,077 [58c4827f-663e-41e6-a95a-5c02fdca8528@group-397DB682EABB-LeaderElection6] INFO  grpc.GrpcConfigKeys$Server (ConfUtils.java:logGet(43)) - raft.grpc.server.leader.outstanding.appends.max = 128 (default)
2019-10-18 05:46:05,078 [58c4827f-663e-41e6-a95a-5c02fdca8528@group-397DB682EABB-LeaderElection6] INFO  server.RaftServerConfigKeys (ConfUtils.java:logGet(43)) - raft.server.rpc.request.timeout = 3000ms (default)
2019-10-18 05:46:05,078 [58c4827f-663e-41e6-a95a-5c02fdca8528@group-397DB682EABB-LeaderElection6] INFO  server.RaftServerConfigKeys (ConfUtils.java:logGet(43)) - raft.server.log.appender.install.snapshot.enabled = false (custom)
2019-10-18 05:46:05,079 [58c4827f-663e-41e6-a95a-5c02fdca8528@group-397DB682EABB-LeaderElection6] INFO  server.RaftServerConfigKeys (ConfUtils.java:logGet(43)) - raft.server.log.appender.snapshot.chunk.size.max = 16MB (=16777216) (default)
2019-10-18 05:46:05,079 [58c4827f-663e-41e6-a95a-5c02fdca8528@group-397DB682EABB-LeaderElection6] INFO  server.RaftServerConfigKeys (ConfUtils.java:logGet(43)) - raft.server.log.appender.buffer.byte-limit = 33554432 (custom)
2019-10-18 05:46:05,079 [58c4827f-663e-41e6-a95a-5c02fdca8528@group-397DB682EABB-LeaderElection6] INFO  server.RaftServerConfigKeys (ConfUtils.java:logGet(43)) - raft.server.log.appender.buffer.element-limit = 1 (custom)
2019-10-18 05:46:05,080 [58c4827f-663e-41e6-a95a-5c02fdca8528@group-397DB682EABB-LeaderElection6] INFO  grpc.GrpcConfigKeys$Server (ConfUtils.java:logGet(43)) - raft.grpc.server.leader.outstanding.appends.max = 128 (default)
2019-10-18 05:46:05,080 [58c4827f-663e-41e6-a95a-5c02fdca8528@group-397DB682EABB-LeaderElection6] INFO  server.RaftServerConfigKeys (ConfUtils.java:logGet(43)) - raft.server.rpc.request.timeout = 3000ms (default)
2019-10-18 05:46:05,080 [58c4827f-663e-41e6-a95a-5c02fdca8528@group-397DB682EABB-LeaderElection6] INFO  server.RaftServerConfigKeys (ConfUtils.java:logGet(43)) - raft.server.log.appender.install.snapshot.enabled = false (custom)
2019-10-18 05:46:05,081 [58c4827f-663e-41e6-a95a-5c02fdca8528@group-397DB682EABB-LeaderElection6] INFO  impl.RoleInfo (RoleInfo.java:updateAndGet(143)) - 58c4827f-663e-41e6-a95a-5c02fdca8528: start LeaderState
2019-10-18 05:46:05,082 [58c4827f-663e-41e6-a95a-5c02fdca8528@group-397DB682EABB-LeaderElection6] INFO  segmented.SegmentedRaftLogWorker (SegmentedRaftLogWorker.java:startLogSegment(385)) - 58c4827f-663e-41e6-a95a-5c02fdca8528@group-397DB682EABB-SegmentedRaftLogWorker: Starting segment from index:0
2019-10-18 05:46:05,082 [58c4827f-663e-41e6-a95a-5c02fdca8528@group-397DB682EABB-LeaderElection6] INFO  impl.RaftServerImpl (ServerState.java:setRaftConf(357)) - 58c4827f-663e-41e6-a95a-5c02fdca8528@group-397DB682EABB: set configuration 0: [291b4074-36ef-4604-afea-a446d5bcf194:192.168.34.6:34859, e47f3d18-6550-4f27-a4cc-ce34c6c87b58:192.168.34.6:35257, 58c4827f-663e-41e6-a95a-5c02fdca8528:192.168.34.6:39496], old=null at 0
2019-10-18 05:46:05,112 [grpc-default-executor-0] INFO  impl.RaftServerImpl (ServerState.java:setLeader(256)) - 291b4074-36ef-4604-afea-a446d5bcf194@group-397DB682EABB: change Leader from null to 58c4827f-663e-41e6-a95a-5c02fdca8528 at term 4 for appendEntries, leader elected after 134ms
2019-10-18 05:46:05,112 [grpc-default-executor-4] INFO  impl.RaftServerImpl (ServerState.java:setLeader(256)) - e47f3d18-6550-4f27-a4cc-ce34c6c87b58@group-397DB682EABB: change Leader from null to 58c4827f-663e-41e6-a95a-5c02fdca8528 at term 4 for appendEntries, leader elected after 431ms
2019-10-18 05:46:05,130 [grpc-default-executor-0] INFO  impl.RaftServerImpl (ServerState.java:setRaftConf(357)) - e47f3d18-6550-4f27-a4cc-ce34c6c87b58@group-397DB682EABB: set configuration 0: [291b4074-36ef-4604-afea-a446d5bcf194:192.168.34.6:34859, e47f3d18-6550-4f27-a4cc-ce34c6c87b58:192.168.34.6:35257, 58c4827f-663e-41e6-a95a-5c02fdca8528:192.168.34.6:39496], old=null at 0
2019-10-18 05:46:05,130 [grpc-default-executor-4] INFO  impl.RaftServerImpl (ServerState.java:setRaftConf(357)) - 291b4074-36ef-4604-afea-a446d5bcf194@group-397DB682EABB: set configuration 0: [291b4074-36ef-4604-afea-a446d5bcf194:192.168.34.6:34859, e47f3d18-6550-4f27-a4cc-ce34c6c87b58:192.168.34.6:35257, 58c4827f-663e-41e6-a95a-5c02fdca8528:192.168.34.6:39496], old=null at 0
2019-10-18 05:46:05,130 [grpc-default-executor-0] INFO  segmented.SegmentedRaftLogWorker (SegmentedRaftLogWorker.java:startLogSegment(385)) - e47f3d18-6550-4f27-a4cc-ce34c6c87b58@group-397DB682EABB-SegmentedRaftLogWorker: Starting segment from index:0
2019-10-18 05:46:05,130 [58c4827f-663e-41e6-a95a-5c02fdca8528@group-397DB682EABB-SegmentedRaftLogWorker] INFO  segmented.SegmentedRaftLogWorker (SegmentedRaftLogWorker.java:execute(576)) - 58c4827f-663e-41e6-a95a-5c02fdca8528@group-397DB682EABB-SegmentedRaftLogWorker: created new log segment /workdir/hadoop-ozone/integration-test/target/test-dir/MiniOzoneClusterImpl-bdd1ebd8-a644-496b-9074-58a768d0a1bb/datanode-1/data/ratis/e751b4d9-2be2-4ced-b2ee-397db682eabb/current/log_inprogress_0
2019-10-18 05:46:05,132 [grpc-default-executor-4] INFO  segmented.SegmentedRaftLogWorker (SegmentedRaftLogWorker.java:truncate(401)) - 291b4074-36ef-4604-afea-a446d5bcf194@group-397DB682EABB-SegmentedRaftLogWorker: Truncating segments toTruncate: null
  toDelete: [(0, 0) isOpen? true, length=0, newEndIndex=-1], start index 0
2019-10-18 05:46:05,133 [grpc-default-executor-4] INFO  segmented.SegmentedRaftLogWorker (SegmentedRaftLogWorker.java:startLogSegment(385)) - 291b4074-36ef-4604-afea-a446d5bcf194@group-397DB682EABB-SegmentedRaftLogWorker: Starting segment from index:0
2019-10-18 05:46:05,134 [291b4074-36ef-4604-afea-a446d5bcf194@group-397DB682EABB-SegmentedRaftLogWorker] INFO  segmented.SegmentedRaftLogWorker (SegmentedRaftLogWorker.java:execute(640)) - 291b4074-36ef-4604-afea-a446d5bcf194@group-397DB682EABB-SegmentedRaftLogWorker: Deleted log file /workdir/hadoop-ozone/integration-test/target/test-dir/MiniOzoneClusterImpl-bdd1ebd8-a644-496b-9074-58a768d0a1bb/datanode-2/data/ratis/e751b4d9-2be2-4ced-b2ee-397db682eabb/current/log_inprogress_0
2019-10-18 05:46:05,135 [291b4074-36ef-4604-afea-a446d5bcf194@group-397DB682EABB-SegmentedRaftLogWorker] INFO  segmented.SegmentedRaftLogWorker (SegmentedRaftLogWorker.java:lambda$new$0(128)) - 291b4074-36ef-4604-afea-a446d5bcf194@group-397DB682EABB-SegmentedRaftLogWorker: flushIndex: setUnconditionally 0 -> -1
2019-10-18 05:46:05,176 [291b4074-36ef-4604-afea-a446d5bcf194@group-397DB682EABB-SegmentedRaftLogWorker] INFO  segmented.SegmentedRaftLogWorker (SegmentedRaftLogWorker.java:execute(576)) - 291b4074-36ef-4604-afea-a446d5bcf194@group-397DB682EABB-SegmentedRaftLogWorker: created new log segment /workdir/hadoop-ozone/integration-test/target/test-dir/MiniOzoneClusterImpl-bdd1ebd8-a644-496b-9074-58a768d0a1bb/datanode-2/data/ratis/e751b4d9-2be2-4ced-b2ee-397db682eabb/current/log_inprogress_0
2019-10-18 05:46:05,176 [e47f3d18-6550-4f27-a4cc-ce34c6c87b58@group-397DB682EABB-SegmentedRaftLogWorker] INFO  segmented.SegmentedRaftLogWorker (SegmentedRaftLogWorker.java:execute(576)) - e47f3d18-6550-4f27-a4cc-ce34c6c87b58@group-397DB682EABB-SegmentedRaftLogWorker: created new log segment /workdir/hadoop-ozone/integration-test/target/test-dir/MiniOzoneClusterImpl-bdd1ebd8-a644-496b-9074-58a768d0a1bb/datanode-0/data/ratis/e751b4d9-2be2-4ced-b2ee-397db682eabb/current/log_inprogress_0
2019-10-18 05:46:05,526 [main] INFO  rpc.RpcClient (RpcClient.java:createVolume(272)) - Creating Volume: testcontainerstatemachinefailures, with jenkins1000 as owner.
2019-10-18 05:46:05,627 [IPC Server handler 0 on 36281] INFO  volume.OMVolumeCreateRequest (OMVolumeCreateRequest.java:validateAndUpdateCache(193)) - created volume:testcontainerstatemachinefailures for user:jenkins1000
2019-10-18 05:46:05,649 [main] INFO  rpc.RpcClient (RpcClient.java:createBucket(411)) - Creating Bucket: testcontainerstatemachinefailures/testcontainerstatemachinefailures, with Versioning false and Storage Type set to DISK and Encryption set to false 
2019-10-18 05:46:05,704 [IPC Server handler 0 on 39042] INFO  server.SCMBlockProtocolServer (SCMBlockProtocolServer.java:allocateBlock(179)) - Allocating 1 blocks of size 4194304, with ExcludeList {datanodes = [], containerIds = [], pipelineIds = []}
2019-10-18 05:46:05,774 [main] INFO  impl.MetricsSystemImpl (MetricsSystemImpl.java:init(158)) - XceiverClientMetrics metrics system started (again)
2019-10-18 05:46:06,277 [Datanode State Machine Thread - 0] INFO  statemachine.DatanodeStateMachine (DatanodeStateMachine.java:lambda$startDaemon$0(350)) - Ozone container server started.
2019-10-18 05:46:06,622 [Thread-181] INFO  container.ReplicationManager (ReplicationManager.java:start(162)) - Starting Replication Monitor Thread.
2019-10-18 05:46:06,624 [ReplicationMonitor] INFO  container.ReplicationManager (ReplicationManager.java:run(225)) - Replication Monitor Thread took 1 milliseconds for processing 1 containers.
2019-10-18 05:46:11,263 [main] INFO  ozoneimpl.OzoneContainer (OzoneContainer.java:stop(227)) - Attempting to stop container services.
2019-10-18 05:46:11,264 [main] INFO  impl.RaftServerProxy (RaftServerProxy.java:lambda$close$4(314)) - 291b4074-36ef-4604-afea-a446d5bcf194: close
2019-10-18 05:46:11,265 [main] INFO  impl.RaftServerImpl (RaftServerImpl.java:lambda$shutdown$3(261)) - 291b4074-36ef-4604-afea-a446d5bcf194@group-7AC4618047FC: shutdown
2019-10-18 05:46:11,266 [ForkJoinPool.commonPool-worker-0] INFO  impl.RaftServerImpl (RaftServerImpl.java:lambda$shutdown$3(261)) - 291b4074-36ef-4604-afea-a446d5bcf194@group-397DB682EABB: shutdown
2019-10-18 05:46:11,266 [main] INFO  util.JmxRegister (JmxRegister.java:unregister(73)) - Successfully un-registered JMX Bean with object name Ratis:service=RaftServer,group=group-7AC4618047FC,id=291b4074-36ef-4604-afea-a446d5bcf194
2019-10-18 05:46:11,266 [main] INFO  impl.RoleInfo (RoleInfo.java:shutdownLeaderState(104)) - 291b4074-36ef-4604-afea-a446d5bcf194: shutdown LeaderState
2019-10-18 05:46:11,266 [ForkJoinPool.commonPool-worker-0] INFO  util.JmxRegister (JmxRegister.java:unregister(73)) - Successfully un-registered JMX Bean with object name Ratis:service=RaftServer,group=group-397DB682EABB,id=291b4074-36ef-4604-afea-a446d5bcf194
2019-10-18 05:46:11,266 [main] INFO  impl.PendingRequests (PendingRequests.java:sendNotLeaderResponses(202)) - 291b4074-36ef-4604-afea-a446d5bcf194@group-7AC4618047FC-PendingRequests: sendNotLeaderResponses
2019-10-18 05:46:11,268 [ForkJoinPool.commonPool-worker-0] INFO  impl.RoleInfo (RoleInfo.java:shutdownFollowerState(121)) - 291b4074-36ef-4604-afea-a446d5bcf194: shutdown FollowerState
2019-10-18 05:46:11,268 [main] INFO  impl.StateMachineUpdater (StateMachineUpdater.java:stopAndJoin(136)) - 291b4074-36ef-4604-afea-a446d5bcf194@group-7AC4618047FC-StateMachineUpdater: set stopIndex = 0
2019-10-18 05:46:11,269 [Thread-237] INFO  impl.FollowerState (FollowerState.java:run(117)) - 291b4074-36ef-4604-afea-a446d5bcf194@group-397DB682EABB-FollowerState was interrupted: java.lang.InterruptedException: sleep interrupted
2019-10-18 05:46:11,268 [ForkJoinPool.commonPool-worker-0] INFO  impl.StateMachineUpdater (StateMachineUpdater.java:stopAndJoin(136)) - 291b4074-36ef-4604-afea-a446d5bcf194@group-397DB682EABB-StateMachineUpdater: set stopIndex = 4
2019-10-18 05:46:11,274 [291b4074-36ef-4604-afea-a446d5bcf194@group-397DB682EABB-StateMachineUpdater] INFO  ratis.ContainerStateMachine (ContainerStateMachine.java:takeSnapshot(294)) - group-397DB682EABB: Taking a snapshot at:(t:4, i:3) file /workdir/hadoop-ozone/integration-test/target/test-dir/MiniOzoneClusterImpl-bdd1ebd8-a644-496b-9074-58a768d0a1bb/datanode-2/data/ratis/e751b4d9-2be2-4ced-b2ee-397db682eabb/sm/snapshot.4_3
2019-10-18 05:46:11,276 [main] INFO  impl.RaftServerImpl (ServerState.java:close(388)) - 291b4074-36ef-4604-afea-a446d5bcf194@group-7AC4618047FC: closes. applyIndex: 0
2019-10-18 05:46:11,277 [291b4074-36ef-4604-afea-a446d5bcf194@group-7AC4618047FC-SegmentedRaftLogWorker] INFO  segmented.SegmentedRaftLogWorker (SegmentedRaftLogWorker.java:run(316)) - 291b4074-36ef-4604-afea-a446d5bcf194@group-7AC4618047FC-SegmentedRaftLogWorker was interrupted, exiting. There are 0 tasks remaining in the queue.
2019-10-18 05:46:11,278 [main] INFO  segmented.SegmentedRaftLogWorker (SegmentedRaftLogWorker.java:close(224)) - 291b4074-36ef-4604-afea-a446d5bcf194@group-7AC4618047FC-SegmentedRaftLogWorker close()
2019-10-18 05:46:11,391 [291b4074-36ef-4604-afea-a446d5bcf194@group-397DB682EABB-StateMachineUpdater] INFO  ratis.ContainerStateMachine (ContainerStateMachine.java:takeSnapshot(305)) - group-397DB682EABB: Finished taking a snapshot at:(t:4, i:3) file:/workdir/hadoop-ozone/integration-test/target/test-dir/MiniOzoneClusterImpl-bdd1ebd8-a644-496b-9074-58a768d0a1bb/datanode-2/data/ratis/e751b4d9-2be2-4ced-b2ee-397db682eabb/sm/snapshot.4_3 time:122
2019-10-18 05:46:11,393 [291b4074-36ef-4604-afea-a446d5bcf194@group-397DB682EABB-StateMachineUpdater] INFO  impl.StateMachineUpdater (StateMachineUpdater.java:takeSnapshot(269)) - 291b4074-36ef-4604-afea-a446d5bcf194@group-397DB682EABB-StateMachineUpdater: Took a snapshot at index 3
2019-10-18 05:46:11,393 [291b4074-36ef-4604-afea-a446d5bcf194@group-397DB682EABB-StateMachineUpdater] INFO  impl.StateMachineUpdater (StateMachineUpdater.java:lambda$new$0(84)) - 291b4074-36ef-4604-afea-a446d5bcf194@group-397DB682EABB-StateMachineUpdater: snapshotIndex: updateIncreasingly -1 -> 3
2019-10-18 05:46:11,399 [291b4074-36ef-4604-afea-a446d5bcf194@group-397DB682EABB-StateMachineUpdater] INFO  ratis.ContainerStateMachine (ContainerStateMachine.java:takeSnapshot(294)) - group-397DB682EABB: Taking a snapshot at:(t:4, i:3) file /workdir/hadoop-ozone/integration-test/target/test-dir/MiniOzoneClusterImpl-bdd1ebd8-a644-496b-9074-58a768d0a1bb/datanode-2/data/ratis/e751b4d9-2be2-4ced-b2ee-397db682eabb/sm/snapshot.4_3
2019-10-18 05:46:11,422 [291b4074-36ef-4604-afea-a446d5bcf194@group-397DB682EABB-StateMachineUpdater] INFO  ratis.ContainerStateMachine (ContainerStateMachine.java:takeSnapshot(305)) - group-397DB682EABB: Finished taking a snapshot at:(t:4, i:3) file:/workdir/hadoop-ozone/integration-test/target/test-dir/MiniOzoneClusterImpl-bdd1ebd8-a644-496b-9074-58a768d0a1bb/datanode-2/data/ratis/e751b4d9-2be2-4ced-b2ee-397db682eabb/sm/snapshot.4_3 time:22
2019-10-18 05:46:11,422 [291b4074-36ef-4604-afea-a446d5bcf194@group-397DB682EABB-StateMachineUpdater] INFO  impl.StateMachineUpdater (StateMachineUpdater.java:takeSnapshot(269)) - 291b4074-36ef-4604-afea-a446d5bcf194@group-397DB682EABB-StateMachineUpdater: Took a snapshot at index 3
2019-10-18 05:46:11,423 [291b4074-36ef-4604-afea-a446d5bcf194@group-397DB682EABB-StateMachineUpdater] INFO  impl.StateMachineUpdater (StateMachineUpdater.java:lambda$new$0(84)) - 291b4074-36ef-4604-afea-a446d5bcf194@group-397DB682EABB-StateMachineUpdater: snapshotIndex: updateIncreasingly 3 -> 3
2019-10-18 05:46:11,423 [ForkJoinPool.commonPool-worker-0] INFO  impl.RaftServerImpl (ServerState.java:close(388)) - 291b4074-36ef-4604-afea-a446d5bcf194@group-397DB682EABB: closes. applyIndex: 4
2019-10-18 05:46:11,424 [291b4074-36ef-4604-afea-a446d5bcf194@group-397DB682EABB-SegmentedRaftLogWorker] INFO  segmented.SegmentedRaftLogWorker (SegmentedRaftLogWorker.java:run(316)) - 291b4074-36ef-4604-afea-a446d5bcf194@group-397DB682EABB-SegmentedRaftLogWorker was interrupted, exiting. There are 0 tasks remaining in the queue.
2019-10-18 05:46:11,425 [ForkJoinPool.commonPool-worker-0] INFO  segmented.SegmentedRaftLogWorker (SegmentedRaftLogWorker.java:close(224)) - 291b4074-36ef-4604-afea-a446d5bcf194@group-397DB682EABB-SegmentedRaftLogWorker close()
2019-10-18 05:46:11,427 [main] INFO  server.GrpcService (GrpcService.java:closeImpl(164)) - 291b4074-36ef-4604-afea-a446d5bcf194: shutdown server with port 34859 now
2019-10-18 05:46:11,437 [grpc-default-executor-4] WARN  server.GrpcServerProtocolService (LogUtils.java:warn(134)) - 291b4074-36ef-4604-afea-a446d5bcf194: installSnapshot onError, lastRequest: 58c4827f-663e-41e6-a95a-5c02fdca8528->291b4074-36ef-4604-afea-a446d5bcf194#7-t4, previous=(t:4, i:4), leaderCommit=4, initializing? false, entries: <empty>: org.apache.ratis.thirdparty.io.grpc.StatusRuntimeException: CANCELLED: cancelled before receiving half close
2019-10-18 05:46:11,439 [main] INFO  server.GrpcService (GrpcService.java:closeImpl(172)) - 291b4074-36ef-4604-afea-a446d5bcf194: shutdown server with port 34859 successfully
2019-10-18 05:46:11,441 [grpc-default-executor-1] WARN  server.GrpcLogAppender (LogUtils.java:warn(134)) - 58c4827f-663e-41e6-a95a-5c02fdca8528@group-397DB682EABB->291b4074-36ef-4604-afea-a446d5bcf194-AppendLogResponseHandler: Failed appendEntries: org.apache.ratis.thirdparty.io.grpc.StatusRuntimeException: CANCELLED: HTTP/2 error code: CANCEL
Received Rst Stream
2019-10-18 05:46:11,442 [refreshUsed-/workdir/hadoop-ozone/integration-test/target/test-dir/MiniOzoneClusterImpl-bdd1ebd8-a644-496b-9074-58a768d0a1bb/datanode-2/data/containers] WARN  fs.CachingGetSpaceUsed (CachingGetSpaceUsed.java:run(183)) - Thread Interrupted waiting to refresh disk information: sleep interrupted
2019-10-18 05:46:11,462 [main] INFO  utils.BackgroundService (BackgroundService.java:shutdown(151)) - Shutting down service BlockDeletingService
2019-10-18 05:46:11,466 [main] INFO  statemachine.DatanodeStateMachine (DatanodeStateMachine.java:stopDaemon(395)) - Ozone container server stopped.
2019-10-18 05:46:11,470 [main] INFO  handler.ContextHandler (ContextHandler.java:doStop(910)) - Stopped o.e.j.w.WebAppContext@43e9089{/,null,UNAVAILABLE}{/hddsDatanode}
2019-10-18 05:46:11,476 [main] INFO  server.AbstractConnector (AbstractConnector.java:doStop(318)) - Stopped ServerConnector@3c5dbdf8{HTTP/1.1,[http/1.1]}{0.0.0.0:0}
2019-10-18 05:46:11,476 [main] INFO  handler.ContextHandler (ContextHandler.java:doStop(910)) - Stopped o.e.j.s.ServletContextHandler@433348bc{/static,jar:file:/home/user/.m2/repository/org/apache/hadoop/hadoop-hdds-container-service/0.5.0-SNAPSHOT/hadoop-hdds-container-service-0.5.0-SNAPSHOT.jar!/webapps/static,UNAVAILABLE}
2019-10-18 05:46:11,476 [main] INFO  handler.ContextHandler (ContextHandler.java:doStop(910)) - Stopped o.e.j.s.ServletContextHandler@5fa23c{/logs,file:///workdir/hadoop-ozone/integration-test/target/log,UNAVAILABLE}
2019-10-18 05:46:14,483 [java.util.concurrent.ThreadPoolExecutor$Worker@5716808[State = -1, empty queue]] WARN  server.GrpcLogAppender (GrpcLogAppender.java:timeoutAppendRequest(209)) - 58c4827f-663e-41e6-a95a-5c02fdca8528@group-397DB682EABB->291b4074-36ef-4604-afea-a446d5bcf194-GrpcLogAppender: appendEntries Timeout, request=58c4827f-663e-41e6-a95a-5c02fdca8528->291b4074-36ef-4604-afea-a446d5bcf194#8-t4, previous=(t:4, i:4), leaderCommit=4, initializing? false, entries: size=1, first=(t:4, i:5), STATEMACHINELOGENTRY, client-15CC5DA066CF, cid=8
2019-10-18 05:46:14,483 [java.util.concurrent.ThreadPoolExecutor$Worker@5716808[State = -1, empty queue]] WARN  server.GrpcLogAppender (GrpcLogAppender.java:timeoutAppendRequest(209)) - 58c4827f-663e-41e6-a95a-5c02fdca8528@group-397DB682EABB->291b4074-36ef-4604-afea-a446d5bcf194-GrpcLogAppender: appendEntries Timeout, request=58c4827f-663e-41e6-a95a-5c02fdca8528->291b4074-36ef-4604-afea-a446d5bcf194#9-t4, previous=(t:4, i:5), leaderCommit=4, initializing? false, entries: size=1, first=(t:4, i:6), STATEMACHINELOGENTRY, client-15CC5DA066CF, cid=9
2019-10-18 05:46:14,514 [java.util.concurrent.ThreadPoolExecutor$Worker@5716808[State = -1, empty queue]] WARN  server.GrpcLogAppender (GrpcLogAppender.java:timeoutAppendRequest(209)) - 58c4827f-663e-41e6-a95a-5c02fdca8528@group-397DB682EABB->291b4074-36ef-4604-afea-a446d5bcf194-GrpcLogAppender: appendEntries Timeout, request=58c4827f-663e-41e6-a95a-5c02fdca8528->291b4074-36ef-4604-afea-a446d5bcf194#10-t4, previous=(t:4, i:6), leaderCommit=5, initializing? false, entries: size=1, first=(t:4, i:7), METADATAENTRY(c5)
2019-10-18 05:46:14,516 [java.util.concurrent.ThreadPoolExecutor$Worker@5716808[State = -1, empty queue]] WARN  server.GrpcLogAppender (GrpcLogAppender.java:timeoutAppendRequest(209)) - 58c4827f-663e-41e6-a95a-5c02fdca8528@group-397DB682EABB->291b4074-36ef-4604-afea-a446d5bcf194-GrpcLogAppender: appendEntries Timeout, request=58c4827f-663e-41e6-a95a-5c02fdca8528->291b4074-36ef-4604-afea-a446d5bcf194#11-t4, previous=(t:4, i:7), leaderCommit=6, initializing? false, entries: size=1, first=(t:4, i:8), METADATAENTRY(c6)
2019-10-18 05:46:17,017 [java.util.concurrent.ThreadPoolExecutor$Worker@5716808[State = -1, empty queue]] WARN  server.GrpcLogAppender (GrpcLogAppender.java:timeoutAppendRequest(209)) - 58c4827f-663e-41e6-a95a-5c02fdca8528@group-397DB682EABB->291b4074-36ef-4604-afea-a446d5bcf194-GrpcLogAppender: appendEntries Timeout, request=58c4827f-663e-41e6-a95a-5c02fdca8528->291b4074-36ef-4604-afea-a446d5bcf194#12-t4, previous=(t:4, i:8), leaderCommit=8, initializing? false, entries: <empty>
2019-10-18 05:46:19,518 [java.util.concurrent.ThreadPoolExecutor$Worker@5716808[State = -1, empty queue]] WARN  server.GrpcLogAppender (GrpcLogAppender.java:timeoutAppendRequest(209)) - 58c4827f-663e-41e6-a95a-5c02fdca8528@group-397DB682EABB->291b4074-36ef-4604-afea-a446d5bcf194-GrpcLogAppender: appendEntries Timeout, request=58c4827f-663e-41e6-a95a-5c02fdca8528->291b4074-36ef-4604-afea-a446d5bcf194#13-t4, previous=(t:4, i:8), leaderCommit=8, initializing? false, entries: <empty>
2019-10-18 05:46:20,541 [Thread-300] INFO  client.GrpcClientProtocolService (GrpcClientProtocolService.java:lambda$processClientRequest$0(278)) - Failed RaftClientRequest:client-15CC5DA066CF->e47f3d18-6550-4f27-a4cc-ce34c6c87b58@group-397DB682EABB, cid=10, seq=0, Watch-ALL_COMMITTED(6), Message:<EMPTY>, reply=RaftClientReply:client-15CC5DA066CF->e47f3d18-6550-4f27-a4cc-ce34c6c87b58@group-397DB682EABB, cid=10, FAILED org.apache.ratis.protocol.NotLeaderException: Server e47f3d18-6550-4f27-a4cc-ce34c6c87b58@group-397DB682EABB is not the leader 58c4827f-663e-41e6-a95a-5c02fdca8528:192.168.34.6:39496, logIndex=0, commits[e47f3d18-6550-4f27-a4cc-ce34c6c87b58:c8, 291b4074-36ef-4604-afea-a446d5bcf194:c4, 58c4827f-663e-41e6-a95a-5c02fdca8528:c8]
2019-10-18 05:46:21,758 [Thread-304] INFO  client.GrpcClientProtocolService (GrpcClientProtocolService.java:lambda$processClientRequest$0(278)) - Failed RaftClientRequest:client-15CC5DA066CF->58c4827f-663e-41e6-a95a-5c02fdca8528@group-397DB682EABB, cid=10, seq=0, Watch-ALL_COMMITTED(6), Message:<EMPTY>, reply=RaftClientReply:client-15CC5DA066CF->58c4827f-663e-41e6-a95a-5c02fdca8528@group-397DB682EABB, cid=10, FAILED org.apache.ratis.protocol.NotReplicatedException: Request with call Id 10 and log index 6 is not yet replicated to ALL_COMMITTED, logIndex=6, commits[58c4827f-663e-41e6-a95a-5c02fdca8528:c8, 291b4074-36ef-4604-afea-a446d5bcf194:c4, e47f3d18-6550-4f27-a4cc-ce34c6c87b58:c8]
2019-10-18 05:46:22,019 [java.util.concurrent.ThreadPoolExecutor$Worker@5716808[State = -1, empty queue]] WARN  server.GrpcLogAppender (GrpcLogAppender.java:timeoutAppendRequest(209)) - 58c4827f-663e-41e6-a95a-5c02fdca8528@group-397DB682EABB->291b4074-36ef-4604-afea-a446d5bcf194-GrpcLogAppender: appendEntries Timeout, request=58c4827f-663e-41e6-a95a-5c02fdca8528->291b4074-36ef-4604-afea-a446d5bcf194#14-t4, previous=(t:4, i:8), leaderCommit=8, initializing? false, entries: <empty>
2019-10-18 05:46:24,520 [java.util.concurrent.ThreadPoolExecutor$Worker@5716808[State = -1, empty queue]] WARN  server.GrpcLogAppender (GrpcLogAppender.java:timeoutAppendRequest(209)) - 58c4827f-663e-41e6-a95a-5c02fdca8528@group-397DB682EABB->291b4074-36ef-4604-afea-a446d5bcf194-GrpcLogAppender: appendEntries Timeout, request=58c4827f-663e-41e6-a95a-5c02fdca8528->291b4074-36ef-4604-afea-a446d5bcf194#15-t4, previous=(t:4, i:8), leaderCommit=8, initializing? false, entries: <empty>
2019-10-18 05:46:27,021 [java.util.concurrent.ThreadPoolExecutor$Worker@5716808[State = -1, empty queue]] WARN  server.GrpcLogAppender (GrpcLogAppender.java:timeoutAppendRequest(209)) - 58c4827f-663e-41e6-a95a-5c02fdca8528@group-397DB682EABB->291b4074-36ef-4604-afea-a446d5bcf194-GrpcLogAppender: appendEntries Timeout, request=58c4827f-663e-41e6-a95a-5c02fdca8528->291b4074-36ef-4604-afea-a446d5bcf194#16-t4, previous=(t:4, i:8), leaderCommit=8, initializing? false, entries: <empty>
2019-10-18 05:46:29,523 [java.util.concurrent.ThreadPoolExecutor$Worker@5716808[State = -1, empty queue]] WARN  server.GrpcLogAppender (GrpcLogAppender.java:timeoutAppendRequest(209)) - 58c4827f-663e-41e6-a95a-5c02fdca8528@group-397DB682EABB->291b4074-36ef-4604-afea-a446d5bcf194-GrpcLogAppender: appendEntries Timeout, request=58c4827f-663e-41e6-a95a-5c02fdca8528->291b4074-36ef-4604-afea-a446d5bcf194#17-t4, previous=(t:4, i:8), leaderCommit=8, initializing? false, entries: <empty>
2019-10-18 05:46:30,592 [Thread-312] INFO  client.GrpcClientProtocolService (GrpcClientProtocolService.java:lambda$processClientRequest$0(278)) - Failed RaftClientRequest:client-15CC5DA066CF->e47f3d18-6550-4f27-a4cc-ce34c6c87b58@group-397DB682EABB, cid=10, seq=0, Watch-ALL_COMMITTED(6), Message:<EMPTY>, reply=RaftClientReply:client-15CC5DA066CF->e47f3d18-6550-4f27-a4cc-ce34c6c87b58@group-397DB682EABB, cid=10, FAILED org.apache.ratis.protocol.NotLeaderException: Server e47f3d18-6550-4f27-a4cc-ce34c6c87b58@group-397DB682EABB is not the leader 58c4827f-663e-41e6-a95a-5c02fdca8528:192.168.34.6:39496, logIndex=0, commits[e47f3d18-6550-4f27-a4cc-ce34c6c87b58:c8, 291b4074-36ef-4604-afea-a446d5bcf194:c4, 58c4827f-663e-41e6-a95a-5c02fdca8528:c8]
2019-10-18 05:46:30,756 [Thread-315] INFO  client.GrpcClientProtocolService (GrpcClientProtocolService.java:lambda$processClientRequest$0(278)) - Failed RaftClientRequest:client-15CC5DA066CF->58c4827f-663e-41e6-a95a-5c02fdca8528@group-397DB682EABB, cid=10, seq=0, Watch-ALL_COMMITTED(6), Message:<EMPTY>, reply=RaftClientReply:client-15CC5DA066CF->58c4827f-663e-41e6-a95a-5c02fdca8528@group-397DB682EABB, cid=10, FAILED org.apache.ratis.protocol.NotReplicatedException: Request with call Id 10 and log index 6 is not yet replicated to ALL_COMMITTED, logIndex=6, commits[58c4827f-663e-41e6-a95a-5c02fdca8528:c8, 291b4074-36ef-4604-afea-a446d5bcf194:c4, e47f3d18-6550-4f27-a4cc-ce34c6c87b58:c8]
2019-10-18 05:46:32,024 [java.util.concurrent.ThreadPoolExecutor$Worker@5716808[State = -1, empty queue]] WARN  server.GrpcLogAppender (GrpcLogAppender.java:timeoutAppendRequest(209)) - 58c4827f-663e-41e6-a95a-5c02fdca8528@group-397DB682EABB->291b4074-36ef-4604-afea-a446d5bcf194-GrpcLogAppender: appendEntries Timeout, request=58c4827f-663e-41e6-a95a-5c02fdca8528->291b4074-36ef-4604-afea-a446d5bcf194#18-t4, previous=(t:4, i:8), leaderCommit=8, initializing? false, entries: <empty>
2019-10-18 05:46:34,525 [java.util.concurrent.ThreadPoolExecutor$Worker@5716808[State = -1, empty queue]] WARN  server.GrpcLogAppender (GrpcLogAppender.java:timeoutAppendRequest(209)) - 58c4827f-663e-41e6-a95a-5c02fdca8528@group-397DB682EABB->291b4074-36ef-4604-afea-a446d5bcf194-GrpcLogAppender: appendEntries Timeout, request=58c4827f-663e-41e6-a95a-5c02fdca8528->291b4074-36ef-4604-afea-a446d5bcf194#19-t4, previous=(t:4, i:8), leaderCommit=8, initializing? false, entries: <empty>
2019-10-18 05:46:37,026 [java.util.concurrent.ThreadPoolExecutor$Worker@5716808[State = -1, empty queue]] WARN  server.GrpcLogAppender (GrpcLogAppender.java:timeoutAppendRequest(209)) - 58c4827f-663e-41e6-a95a-5c02fdca8528@group-397DB682EABB->291b4074-36ef-4604-afea-a446d5bcf194-GrpcLogAppender: appendEntries Timeout, request=58c4827f-663e-41e6-a95a-5c02fdca8528->291b4074-36ef-4604-afea-a446d5bcf194#20-t4, previous=(t:4, i:8), leaderCommit=8, initializing? false, entries: <empty>
2019-10-18 05:46:39,528 [java.util.concurrent.ThreadPoolExecutor$Worker@5716808[State = -1, empty queue]] WARN  server.GrpcLogAppender (GrpcLogAppender.java:timeoutAppendRequest(209)) - 58c4827f-663e-41e6-a95a-5c02fdca8528@group-397DB682EABB->291b4074-36ef-4604-afea-a446d5bcf194-GrpcLogAppender: appendEntries Timeout, request=58c4827f-663e-41e6-a95a-5c02fdca8528->291b4074-36ef-4604-afea-a446d5bcf194#21-t4, previous=(t:4, i:8), leaderCommit=8, initializing? false, entries: <empty>
2019-10-18 05:46:40,630 [Thread-324] INFO  client.GrpcClientProtocolService (GrpcClientProtocolService.java:lambda$processClientRequest$0(278)) - Failed RaftClientRequest:client-15CC5DA066CF->e47f3d18-6550-4f27-a4cc-ce34c6c87b58@group-397DB682EABB, cid=10, seq=0, Watch-ALL_COMMITTED(6), Message:<EMPTY>, reply=RaftClientReply:client-15CC5DA066CF->e47f3d18-6550-4f27-a4cc-ce34c6c87b58@group-397DB682EABB, cid=10, FAILED org.apache.ratis.protocol.NotLeaderException: Server e47f3d18-6550-4f27-a4cc-ce34c6c87b58@group-397DB682EABB is not the leader 58c4827f-663e-41e6-a95a-5c02fdca8528:192.168.34.6:39496, logIndex=0, commits[e47f3d18-6550-4f27-a4cc-ce34c6c87b58:c8, 291b4074-36ef-4604-afea-a446d5bcf194:c4, 58c4827f-663e-41e6-a95a-5c02fdca8528:c8]
2019-10-18 05:46:40,755 [Thread-327] INFO  client.GrpcClientProtocolService (GrpcClientProtocolService.java:lambda$processClientRequest$0(278)) - Failed RaftClientRequest:client-15CC5DA066CF->58c4827f-663e-41e6-a95a-5c02fdca8528@group-397DB682EABB, cid=10, seq=0, Watch-ALL_COMMITTED(6), Message:<EMPTY>, reply=RaftClientReply:client-15CC5DA066CF->58c4827f-663e-41e6-a95a-5c02fdca8528@group-397DB682EABB, cid=10, FAILED org.apache.ratis.protocol.NotReplicatedException: Request with call Id 10 and log index 6 is not yet replicated to ALL_COMMITTED, logIndex=6, commits[58c4827f-663e-41e6-a95a-5c02fdca8528:c8, 291b4074-36ef-4604-afea-a446d5bcf194:c4, e47f3d18-6550-4f27-a4cc-ce34c6c87b58:c8]
2019-10-18 05:46:41,528 [main] WARN  scm.XceiverClientRatis (XceiverClientRatis.java:watchForCommit(277)) - 3 way commit failed on pipeline Pipeline[ Id: e751b4d9-2be2-4ced-b2ee-397db682eabb, Nodes: 291b4074-36ef-4604-afea-a446d5bcf194{ip: 192.168.34.6, host: pr-hdds-2286-rggtd-639769477, networkLocation: /default-rack, certSerialId: null}e47f3d18-6550-4f27-a4cc-ce34c6c87b58{ip: 192.168.34.6, host: pr-hdds-2286-rggtd-639769477, networkLocation: /default-rack, certSerialId: null}58c4827f-663e-41e6-a95a-5c02fdca8528{ip: 192.168.34.6, host: pr-hdds-2286-rggtd-639769477, networkLocation: /default-rack, certSerialId: null}, Type:RATIS, Factor:THREE, State:OPEN]
java.util.concurrent.TimeoutException
	at java.util.concurrent.CompletableFuture.timedGet(CompletableFuture.java:1771)
	at java.util.concurrent.CompletableFuture.get(CompletableFuture.java:1915)
	at org.apache.hadoop.hdds.scm.XceiverClientRatis.watchForCommit(XceiverClientRatis.java:274)
	at org.apache.hadoop.hdds.scm.storage.CommitWatcher.watchForCommit(CommitWatcher.java:198)
	at org.apache.hadoop.hdds.scm.storage.CommitWatcher.watchOnLastIndex(CommitWatcher.java:161)
	at org.apache.hadoop.hdds.scm.storage.BlockOutputStream.watchForCommit(BlockOutputStream.java:346)
	at org.apache.hadoop.hdds.scm.storage.BlockOutputStream.handleFlush(BlockOutputStream.java:482)
	at org.apache.hadoop.hdds.scm.storage.BlockOutputStream.close(BlockOutputStream.java:496)
	at org.apache.hadoop.ozone.client.io.BlockOutputStreamEntry.close(BlockOutputStreamEntry.java:143)
	at org.apache.hadoop.ozone.client.io.KeyOutputStream.handleFlushOrClose(KeyOutputStream.java:435)
	at org.apache.hadoop.ozone.client.io.KeyOutputStream.close(KeyOutputStream.java:473)
	at org.apache.hadoop.ozone.client.io.OzoneOutputStream.close(OzoneOutputStream.java:60)
	at org.apache.hadoop.ozone.client.rpc.TestDeleteWithSlowFollower.testDeleteKeyWithSlowFollower(TestDeleteWithSlowFollower.java:193)
	at sun.reflect.NativeMethodAccessorImpl.invoke0(Native Method)
	at sun.reflect.NativeMethodAccessorImpl.invoke(NativeMethodAccessorImpl.java:62)
	at sun.reflect.DelegatingMethodAccessorImpl.invoke(DelegatingMethodAccessorImpl.java:43)
	at java.lang.reflect.Method.invoke(Method.java:498)
	at org.junit.runners.model.FrameworkMethod$1.runReflectiveCall(FrameworkMethod.java:47)
	at org.junit.internal.runners.model.ReflectiveCallable.run(ReflectiveCallable.java:12)
	at org.junit.runners.model.FrameworkMethod.invokeExplosively(FrameworkMethod.java:44)
	at org.junit.internal.runners.statements.InvokeMethod.evaluate(InvokeMethod.java:17)
	at org.junit.runners.ParentRunner.runLeaf(ParentRunner.java:271)
	at org.junit.runners.BlockJUnit4ClassRunner.runChild(BlockJUnit4ClassRunner.java:70)
	at org.junit.runners.BlockJUnit4ClassRunner.runChild(BlockJUnit4ClassRunner.java:50)
	at org.junit.runners.ParentRunner$3.run(ParentRunner.java:238)
	at org.junit.runners.ParentRunner$1.schedule(ParentRunner.java:63)
	at org.junit.runners.ParentRunner.runChildren(ParentRunner.java:236)
	at org.junit.runners.ParentRunner.access$000(ParentRunner.java:53)
	at org.junit.runners.ParentRunner$2.evaluate(ParentRunner.java:229)
	at org.junit.internal.runners.statements.RunBefores.evaluate(RunBefores.java:26)
	at org.junit.internal.runners.statements.RunAfters.evaluate(RunAfters.java:27)
	at org.junit.runners.ParentRunner.run(ParentRunner.java:309)
	at org.apache.maven.surefire.junit4.JUnit4Provider.execute(JUnit4Provider.java:365)
	at org.apache.maven.surefire.junit4.JUnit4Provider.executeWithRerun(JUnit4Provider.java:273)
	at org.apache.maven.surefire.junit4.JUnit4Provider.executeTestSet(JUnit4Provider.java:238)
	at org.apache.maven.surefire.junit4.JUnit4Provider.invoke(JUnit4Provider.java:159)
	at org.apache.maven.surefire.booter.ForkedBooter.invokeProviderInSameClassLoader(ForkedBooter.java:384)
	at org.apache.maven.surefire.booter.ForkedBooter.runSuitesInProcess(ForkedBooter.java:345)
	at org.apache.maven.surefire.booter.ForkedBooter.execute(ForkedBooter.java:126)
	at org.apache.maven.surefire.booter.ForkedBooter.main(ForkedBooter.java:418)
2019-10-18 05:46:41,543 [main] INFO  scm.XceiverClientRatis (XceiverClientRatis.java:lambda$watchForCommit$5(295)) - Could not commit index 6 on pipeline Pipeline[ Id: e751b4d9-2be2-4ced-b2ee-397db682eabb, Nodes: 291b4074-36ef-4604-afea-a446d5bcf194{ip: 192.168.34.6, host: pr-hdds-2286-rggtd-639769477, networkLocation: /default-rack, certSerialId: null}e47f3d18-6550-4f27-a4cc-ce34c6c87b58{ip: 192.168.34.6, host: pr-hdds-2286-rggtd-639769477, networkLocation: /default-rack, certSerialId: null}58c4827f-663e-41e6-a95a-5c02fdca8528{ip: 192.168.34.6, host: pr-hdds-2286-rggtd-639769477, networkLocation: /default-rack, certSerialId: null}, Type:RATIS, Factor:THREE, State:OPEN] to all the nodes. Server 291b4074-36ef-4604-afea-a446d5bcf194 has failed. Committed by majority.
2019-10-18 05:46:41,544 [main] WARN  storage.BlockOutputStream (BlockOutputStream.java:watchForCommit(352)) - Failed to commit BlockId conID: 1 locID: 102981800147025920 bcsId: 6 on Pipeline[ Id: e751b4d9-2be2-4ced-b2ee-397db682eabb, Nodes: 291b4074-36ef-4604-afea-a446d5bcf194{ip: 192.168.34.6, host: pr-hdds-2286-rggtd-639769477, networkLocation: /default-rack, certSerialId: null}e47f3d18-6550-4f27-a4cc-ce34c6c87b58{ip: 192.168.34.6, host: pr-hdds-2286-rggtd-639769477, networkLocation: /default-rack, certSerialId: null}58c4827f-663e-41e6-a95a-5c02fdca8528{ip: 192.168.34.6, host: pr-hdds-2286-rggtd-639769477, networkLocation: /default-rack, certSerialId: null}, Type:RATIS, Factor:THREE, State:OPEN]. Failed nodes: [291b4074-36ef-4604-afea-a446d5bcf194{ip: null, host: null, networkLocation: /default-rack, certSerialId: null}]
2019-10-18 05:46:42,029 [java.util.concurrent.ThreadPoolExecutor$Worker@5716808[State = -1, empty queue]] WARN  server.GrpcLogAppender (GrpcLogAppender.java:timeoutAppendRequest(209)) - 58c4827f-663e-41e6-a95a-5c02fdca8528@group-397DB682EABB->291b4074-36ef-4604-afea-a446d5bcf194-GrpcLogAppender: appendEntries Timeout, request=58c4827f-663e-41e6-a95a-5c02fdca8528->291b4074-36ef-4604-afea-a446d5bcf194#22-t4, previous=(t:4, i:8), leaderCommit=8, initializing? false, entries: <empty>
2019-10-18 05:46:42,641 [EventQueue-IncrementalContainerReportForIncrementalContainerReportHandler] WARN  container.IncrementalContainerReportHandler (AbstractContainerReportHandler.java:updateContainerState(145)) - Container #1 is in OPEN state, but the datanode 58c4827f-663e-41e6-a95a-5c02fdca8528{ip: 192.168.34.6, host: pr-hdds-2286-rggtd-639769477, networkLocation: /default-rack, certSerialId: null} reports an CLOSING replica.
2019-10-18 05:46:42,652 [RatisApplyTransactionExecutor 1] INFO  interfaces.Container (KeyValueContainer.java:flushAndSyncDB(386)) - Container 1 is synced with bcsId 6.
2019-10-18 05:46:42,652 [RatisApplyTransactionExecutor 1] INFO  interfaces.Container (KeyValueContainer.java:flushAndSyncDB(386)) - Container 1 is synced with bcsId 6.
2019-10-18 05:46:42,674 [RatisApplyTransactionExecutor 1] INFO  interfaces.Container (KeyValueContainer.java:close(335)) - Container 1 is closed with bcsId 6.
2019-10-18 05:46:42,677 [RatisApplyTransactionExecutor 1] INFO  interfaces.Container (KeyValueContainer.java:flushAndSyncDB(386)) - Container 1 is synced with bcsId 6.
2019-10-18 05:46:42,677 [RatisApplyTransactionExecutor 1] INFO  interfaces.Container (KeyValueContainer.java:flushAndSyncDB(386)) - Container 1 is synced with bcsId 6.
2019-10-18 05:46:42,678 [EventQueue-IncrementalContainerReportForIncrementalContainerReportHandler] WARN  container.IncrementalContainerReportHandler (AbstractContainerReportHandler.java:updateContainerState(145)) - Container #1 is in OPEN state, but the datanode 58c4827f-663e-41e6-a95a-5c02fdca8528{ip: 192.168.34.6, host: pr-hdds-2286-rggtd-639769477, networkLocation: /default-rack, certSerialId: null} reports an CLOSED replica.
2019-10-18 05:46:42,678 [EventQueue-ContainerReportForContainerReportHandler] WARN  container.ContainerReportHandler (AbstractContainerReportHandler.java:updateContainerState(145)) - Container #1 is in OPEN state, but the datanode 58c4827f-663e-41e6-a95a-5c02fdca8528{ip: 192.168.34.6, host: pr-hdds-2286-rggtd-639769477, networkLocation: /default-rack, certSerialId: null} reports an CLOSED replica.
2019-10-18 05:46:42,679 [EventQueue-IncrementalContainerReportForIncrementalContainerReportHandler] WARN  container.IncrementalContainerReportHandler (AbstractContainerReportHandler.java:updateContainerState(145)) - Container #1 is in OPEN state, but the datanode e47f3d18-6550-4f27-a4cc-ce34c6c87b58{ip: 192.168.34.6, host: pr-hdds-2286-rggtd-639769477, networkLocation: /default-rack, certSerialId: null} reports an CLOSING replica.
2019-10-18 05:46:42,679 [EventQueue-ContainerReportForContainerReportHandler] WARN  container.ContainerReportHandler (AbstractContainerReportHandler.java:updateContainerState(145)) - Container #1 is in OPEN state, but the datanode e47f3d18-6550-4f27-a4cc-ce34c6c87b58{ip: 192.168.34.6, host: pr-hdds-2286-rggtd-639769477, networkLocation: /default-rack, certSerialId: null} reports an CLOSING replica.
2019-10-18 05:46:42,704 [RatisApplyTransactionExecutor 1] INFO  interfaces.Container (KeyValueContainer.java:close(335)) - Container 1 is closed with bcsId 6.
2019-10-18 05:46:42,706 [EventQueue-IncrementalContainerReportForIncrementalContainerReportHandler] WARN  container.IncrementalContainerReportHandler (AbstractContainerReportHandler.java:updateContainerState(145)) - Container #1 is in OPEN state, but the datanode e47f3d18-6550-4f27-a4cc-ce34c6c87b58{ip: 192.168.34.6, host: pr-hdds-2286-rggtd-639769477, networkLocation: /default-rack, certSerialId: null} reports an CLOSED replica.
2019-10-18 05:46:42,769 [IPC Server handler 4 on 39042] INFO  server.SCMBlockProtocolServer (SCMBlockProtocolServer.java:deleteKeyBlocks(214)) - SCM is informed by OM to delete 1 blocks
2019-10-18 05:46:42,770 [IPC Server handler 4 on 39042] INFO  block.BlockManagerImpl (BlockManagerImpl.java:deleteBlocks(285)) - Deleting blocks conID: 1 locID: 102981800147025920 bcsId: 0
2019-10-18 05:46:42,862 [BlockDeletingService#2] WARN  background.BlockDeletingService (BlockDeletingService.java:isDeletionAllowed(187)) - Close Container log Index 6 is not replicated across allthe servers in the pipeline e751b4d9-2be2-4ced-b2ee-397db682eabb as the min replicated index is 4. Deletion is not allowed in this container yet.
2019-10-18 05:46:42,863 [BlockDeletingService#2] WARN  background.BlockDeletingService (BlockDeletingService.java:isDeletionAllowed(187)) - Close Container log Index 6 is not replicated across allthe servers in the pipeline e751b4d9-2be2-4ced-b2ee-397db682eabb as the min replicated index is 4. Deletion is not allowed in this container yet.
2019-10-18 05:46:43,006 [EventQueue-ContainerReportForContainerReportHandler] WARN  container.ContainerReportHandler (AbstractContainerReportHandler.java:updateContainerState(145)) - Container #1 is in OPEN state, but the datanode e47f3d18-6550-4f27-a4cc-ce34c6c87b58{ip: 192.168.34.6, host: pr-hdds-2286-rggtd-639769477, networkLocation: /default-rack, certSerialId: null} reports an CLOSED replica.
2019-10-18 05:46:43,077 [EventQueue-ContainerReportForContainerReportHandler] WARN  container.ContainerReportHandler (AbstractContainerReportHandler.java:updateContainerState(145)) - Container #1 is in OPEN state, but the datanode 58c4827f-663e-41e6-a95a-5c02fdca8528{ip: 192.168.34.6, host: pr-hdds-2286-rggtd-639769477, networkLocation: /default-rack, certSerialId: null} reports an CLOSED replica.
2019-10-18 05:46:43,306 [EventQueue-ContainerReportForContainerReportHandler] WARN  container.ContainerReportHandler (AbstractContainerReportHandler.java:updateContainerState(145)) - Container #1 is in OPEN state, but the datanode e47f3d18-6550-4f27-a4cc-ce34c6c87b58{ip: 192.168.34.6, host: pr-hdds-2286-rggtd-639769477, networkLocation: /default-rack, certSerialId: null} reports an CLOSED replica.
2019-10-18 05:46:43,377 [EventQueue-ContainerReportForContainerReportHandler] WARN  container.ContainerReportHandler (AbstractContainerReportHandler.java:updateContainerState(145)) - Container #1 is in OPEN state, but the datanode 58c4827f-663e-41e6-a95a-5c02fdca8528{ip: 192.168.34.6, host: pr-hdds-2286-rggtd-639769477, networkLocation: /default-rack, certSerialId: null} reports an CLOSED replica.
2019-10-18 05:46:43,506 [EventQueue-ContainerReportForContainerReportHandler] WARN  container.ContainerReportHandler (AbstractContainerReportHandler.java:updateContainerState(145)) - Container #1 is in OPEN state, but the datanode e47f3d18-6550-4f27-a4cc-ce34c6c87b58{ip: 192.168.34.6, host: pr-hdds-2286-rggtd-639769477, networkLocation: /default-rack, certSerialId: null} reports an CLOSED replica.
2019-10-18 05:46:43,677 [EventQueue-ContainerReportForContainerReportHandler] WARN  container.ContainerReportHandler (AbstractContainerReportHandler.java:updateContainerState(145)) - Container #1 is in OPEN state, but the datanode 58c4827f-663e-41e6-a95a-5c02fdca8528{ip: 192.168.34.6, host: pr-hdds-2286-rggtd-639769477, networkLocation: /default-rack, certSerialId: null} reports an CLOSED replica.
2019-10-18 05:46:43,806 [EventQueue-ContainerReportForContainerReportHandler] WARN  container.ContainerReportHandler (AbstractContainerReportHandler.java:updateContainerState(145)) - Container #1 is in OPEN state, but the datanode e47f3d18-6550-4f27-a4cc-ce34c6c87b58{ip: 192.168.34.6, host: pr-hdds-2286-rggtd-639769477, networkLocation: /default-rack, certSerialId: null} reports an CLOSED replica.
2019-10-18 05:46:43,863 [BlockDeletingService#2] WARN  background.BlockDeletingService (BlockDeletingService.java:isDeletionAllowed(187)) - Close Container log Index 6 is not replicated across allthe servers in the pipeline e751b4d9-2be2-4ced-b2ee-397db682eabb as the min replicated index is 4. Deletion is not allowed in this container yet.
2019-10-18 05:46:43,865 [BlockDeletingService#2] WARN  background.BlockDeletingService (BlockDeletingService.java:isDeletionAllowed(187)) - Close Container log Index 6 is not replicated across allthe servers in the pipeline e751b4d9-2be2-4ced-b2ee-397db682eabb as the min replicated index is 4. Deletion is not allowed in this container yet.
2019-10-18 05:46:43,877 [EventQueue-ContainerReportForContainerReportHandler] WARN  container.ContainerReportHandler (AbstractContainerReportHandler.java:updateContainerState(145)) - Container #1 is in OPEN state, but the datanode 58c4827f-663e-41e6-a95a-5c02fdca8528{ip: 192.168.34.6, host: pr-hdds-2286-rggtd-639769477, networkLocation: /default-rack, certSerialId: null} reports an CLOSED replica.
2019-10-18 05:46:44,106 [EventQueue-ContainerReportForContainerReportHandler] WARN  container.ContainerReportHandler (AbstractContainerReportHandler.java:updateContainerState(145)) - Container #1 is in OPEN state, but the datanode e47f3d18-6550-4f27-a4cc-ce34c6c87b58{ip: 192.168.34.6, host: pr-hdds-2286-rggtd-639769477, networkLocation: /default-rack, certSerialId: null} reports an CLOSED replica.
2019-10-18 05:46:44,176 [EventQueue-ContainerReportForContainerReportHandler] WARN  container.ContainerReportHandler (AbstractContainerReportHandler.java:updateContainerState(145)) - Container #1 is in OPEN state, but the datanode 58c4827f-663e-41e6-a95a-5c02fdca8528{ip: 192.168.34.6, host: pr-hdds-2286-rggtd-639769477, networkLocation: /default-rack, certSerialId: null} reports an CLOSED replica.
2019-10-18 05:46:44,406 [EventQueue-ContainerReportForContainerReportHandler] WARN  container.ContainerReportHandler (AbstractContainerReportHandler.java:updateContainerState(145)) - Container #1 is in OPEN state, but the datanode e47f3d18-6550-4f27-a4cc-ce34c6c87b58{ip: 192.168.34.6, host: pr-hdds-2286-rggtd-639769477, networkLocation: /default-rack, certSerialId: null} reports an CLOSED replica.
2019-10-18 05:46:44,477 [EventQueue-ContainerReportForContainerReportHandler] WARN  container.ContainerReportHandler (AbstractContainerReportHandler.java:updateContainerState(145)) - Container #1 is in OPEN state, but the datanode 58c4827f-663e-41e6-a95a-5c02fdca8528{ip: 192.168.34.6, host: pr-hdds-2286-rggtd-639769477, networkLocation: /default-rack, certSerialId: null} reports an CLOSED replica.
2019-10-18 05:46:44,530 [java.util.concurrent.ThreadPoolExecutor$Worker@5716808[State = -1, empty queue]] WARN  server.GrpcLogAppender (GrpcLogAppender.java:timeoutAppendRequest(209)) - 58c4827f-663e-41e6-a95a-5c02fdca8528@group-397DB682EABB->291b4074-36ef-4604-afea-a446d5bcf194-GrpcLogAppender: appendEntries Timeout, request=58c4827f-663e-41e6-a95a-5c02fdca8528->291b4074-36ef-4604-afea-a446d5bcf194#23-t4, previous=(t:4, i:8), leaderCommit=8, initializing? false, entries: <empty>
2019-10-18 05:46:44,678 [EventQueue-ContainerReportForContainerReportHandler] WARN  container.ContainerReportHandler (AbstractContainerReportHandler.java:updateContainerState(145)) - Container #1 is in OPEN state, but the datanode 58c4827f-663e-41e6-a95a-5c02fdca8528{ip: 192.168.34.6, host: pr-hdds-2286-rggtd-639769477, networkLocation: /default-rack, certSerialId: null} reports an CLOSED replica.
2019-10-18 05:46:44,809 [EventQueue-ContainerReportForContainerReportHandler] WARN  container.ContainerReportHandler (AbstractContainerReportHandler.java:updateContainerState(145)) - Container #1 is in OPEN state, but the datanode e47f3d18-6550-4f27-a4cc-ce34c6c87b58{ip: 192.168.34.6, host: pr-hdds-2286-rggtd-639769477, networkLocation: /default-rack, certSerialId: null} reports an CLOSED replica.
2019-10-18 05:46:44,865 [BlockDeletingService#2] WARN  background.BlockDeletingService (BlockDeletingService.java:isDeletionAllowed(187)) - Close Container log Index 6 is not replicated across allthe servers in the pipeline e751b4d9-2be2-4ced-b2ee-397db682eabb as the min replicated index is 4. Deletion is not allowed in this container yet.
2019-10-18 05:46:44,866 [BlockDeletingService#2] WARN  background.BlockDeletingService (BlockDeletingService.java:isDeletionAllowed(187)) - Close Container log Index 6 is not replicated across allthe servers in the pipeline e751b4d9-2be2-4ced-b2ee-397db682eabb as the min replicated index is 4. Deletion is not allowed in this container yet.
2019-10-18 05:46:45,010 [EventQueue-ContainerReportForContainerReportHandler] WARN  container.ContainerReportHandler (AbstractContainerReportHandler.java:updateContainerState(145)) - Container #1 is in OPEN state, but the datanode e47f3d18-6550-4f27-a4cc-ce34c6c87b58{ip: 192.168.34.6, host: pr-hdds-2286-rggtd-639769477, networkLocation: /default-rack, certSerialId: null} reports an CLOSED replica.
2019-10-18 05:46:45,078 [EventQueue-ContainerReportForContainerReportHandler] WARN  container.ContainerReportHandler (AbstractContainerReportHandler.java:updateContainerState(145)) - Container #1 is in OPEN state, but the datanode 58c4827f-663e-41e6-a95a-5c02fdca8528{ip: 192.168.34.6, host: pr-hdds-2286-rggtd-639769477, networkLocation: /default-rack, certSerialId: null} reports an CLOSED replica.
2019-10-18 05:46:45,379 [EventQueue-ContainerReportForContainerReportHandler] WARN  container.ContainerReportHandler (AbstractContainerReportHandler.java:updateContainerState(145)) - Container #1 is in OPEN state, but the datanode 58c4827f-663e-41e6-a95a-5c02fdca8528{ip: 192.168.34.6, host: pr-hdds-2286-rggtd-639769477, networkLocation: /default-rack, certSerialId: null} reports an CLOSED replica.
2019-10-18 05:46:45,410 [EventQueue-ContainerReportForContainerReportHandler] WARN  container.ContainerReportHandler (AbstractContainerReportHandler.java:updateContainerState(145)) - Container #1 is in OPEN state, but the datanode e47f3d18-6550-4f27-a4cc-ce34c6c87b58{ip: 192.168.34.6, host: pr-hdds-2286-rggtd-639769477, networkLocation: /default-rack, certSerialId: null} reports an CLOSED replica.
2019-10-18 05:46:45,604 [java.util.concurrent.ThreadPoolExecutor$Worker@5716808[State = -1, empty queue]] WARN  server.GrpcLogAppender (GrpcLogAppender.java:timeoutAppendRequest(209)) - 58c4827f-663e-41e6-a95a-5c02fdca8528@group-397DB682EABB->291b4074-36ef-4604-afea-a446d5bcf194-GrpcLogAppender: appendEntries Timeout, request=58c4827f-663e-41e6-a95a-5c02fdca8528->291b4074-36ef-4604-afea-a446d5bcf194#24-t4, previous=(t:4, i:8), leaderCommit=8, initializing? false, entries: size=1, first=(t:4, i:9), STATEMACHINELOGENTRY, client-33FFF6A44FEC, cid=12
2019-10-18 05:46:45,617 [java.util.concurrent.ThreadPoolExecutor$Worker@5716808[State = -1, empty queue]] WARN  server.GrpcLogAppender (GrpcLogAppender.java:timeoutAppendRequest(209)) - 58c4827f-663e-41e6-a95a-5c02fdca8528@group-397DB682EABB->291b4074-36ef-4604-afea-a446d5bcf194-GrpcLogAppender: appendEntries Timeout, request=58c4827f-663e-41e6-a95a-5c02fdca8528->291b4074-36ef-4604-afea-a446d5bcf194#25-t4, previous=(t:4, i:9), leaderCommit=9, initializing? false, entries: size=1, first=(t:4, i:10), METADATAENTRY(c9)
2019-10-18 05:46:45,679 [EventQueue-ContainerReportForContainerReportHandler] WARN  container.ContainerReportHandler (AbstractContainerReportHandler.java:updateContainerState(145)) - Container #1 is in OPEN state, but the datanode 58c4827f-663e-41e6-a95a-5c02fdca8528{ip: 192.168.34.6, host: pr-hdds-2286-rggtd-639769477, networkLocation: /default-rack, certSerialId: null} reports an CLOSED replica.
2019-10-18 05:46:45,810 [EventQueue-ContainerReportForContainerReportHandler] WARN  container.ContainerReportHandler (AbstractContainerReportHandler.java:updateContainerState(145)) - Container #1 is in OPEN state, but the datanode e47f3d18-6550-4f27-a4cc-ce34c6c87b58{ip: 192.168.34.6, host: pr-hdds-2286-rggtd-639769477, networkLocation: /default-rack, certSerialId: null} reports an CLOSED replica.
2019-10-18 05:46:45,866 [BlockDeletingService#2] WARN  background.BlockDeletingService (BlockDeletingService.java:isDeletionAllowed(187)) - Close Container log Index 6 is not replicated across allthe servers in the pipeline e751b4d9-2be2-4ced-b2ee-397db682eabb as the min replicated index is 4. Deletion is not allowed in this container yet.
2019-10-18 05:46:45,868 [BlockDeletingService#2] WARN  background.BlockDeletingService (BlockDeletingService.java:isDeletionAllowed(187)) - Close Container log Index 6 is not replicated across allthe servers in the pipeline e751b4d9-2be2-4ced-b2ee-397db682eabb as the min replicated index is 4. Deletion is not allowed in this container yet.
2019-10-18 05:46:45,980 [EventQueue-ContainerReportForContainerReportHandler] WARN  container.ContainerReportHandler (AbstractContainerReportHandler.java:updateContainerState(145)) - Container #1 is in OPEN state, but the datanode 58c4827f-663e-41e6-a95a-5c02fdca8528{ip: 192.168.34.6, host: pr-hdds-2286-rggtd-639769477, networkLocation: /default-rack, certSerialId: null} reports an CLOSED replica.
2019-10-18 05:46:46,209 [EventQueue-ContainerReportForContainerReportHandler] WARN  container.ContainerReportHandler (AbstractContainerReportHandler.java:updateContainerState(145)) - Container #1 is in OPEN state, but the datanode e47f3d18-6550-4f27-a4cc-ce34c6c87b58{ip: 192.168.34.6, host: pr-hdds-2286-rggtd-639769477, networkLocation: /default-rack, certSerialId: null} reports an CLOSED replica.
2019-10-18 05:46:46,281 [EventQueue-ContainerReportForContainerReportHandler] WARN  container.ContainerReportHandler (AbstractContainerReportHandler.java:updateContainerState(145)) - Container #1 is in OPEN state, but the datanode 58c4827f-663e-41e6-a95a-5c02fdca8528{ip: 192.168.34.6, host: pr-hdds-2286-rggtd-639769477, networkLocation: /default-rack, certSerialId: null} reports an CLOSED replica.
2019-10-18 05:46:46,510 [EventQueue-ContainerReportForContainerReportHandler] WARN  container.ContainerReportHandler (AbstractContainerReportHandler.java:updateContainerState(145)) - Container #1 is in OPEN state, but the datanode e47f3d18-6550-4f27-a4cc-ce34c6c87b58{ip: 192.168.34.6, host: pr-hdds-2286-rggtd-639769477, networkLocation: /default-rack, certSerialId: null} reports an CLOSED replica.
2019-10-18 05:46:46,585 [EventQueue-ContainerReportForContainerReportHandler] WARN  container.ContainerReportHandler (AbstractContainerReportHandler.java:updateContainerState(145)) - Container #1 is in OPEN state, but the datanode 58c4827f-663e-41e6-a95a-5c02fdca8528{ip: 192.168.34.6, host: pr-hdds-2286-rggtd-639769477, networkLocation: /default-rack, certSerialId: null} reports an CLOSED replica.
2019-10-18 05:46:46,810 [EventQueue-ContainerReportForContainerReportHandler] WARN  container.ContainerReportHandler (AbstractContainerReportHandler.java:updateContainerState(145)) - Container #1 is in OPEN state, but the datanode e47f3d18-6550-4f27-a4cc-ce34c6c87b58{ip: 192.168.34.6, host: pr-hdds-2286-rggtd-639769477, networkLocation: /default-rack, certSerialId: null} reports an CLOSED replica.
2019-10-18 05:46:46,871 [BlockDeletingService#2] WARN  background.BlockDeletingService (BlockDeletingService.java:isDeletionAllowed(187)) - Close Container log Index 6 is not replicated across allthe servers in the pipeline e751b4d9-2be2-4ced-b2ee-397db682eabb as the min replicated index is 4. Deletion is not allowed in this container yet.
2019-10-18 05:46:46,871 [BlockDeletingService#2] WARN  background.BlockDeletingService (BlockDeletingService.java:isDeletionAllowed(187)) - Close Container log Index 6 is not replicated across allthe servers in the pipeline e751b4d9-2be2-4ced-b2ee-397db682eabb as the min replicated index is 4. Deletion is not allowed in this container yet.
2019-10-18 05:46:46,886 [EventQueue-ContainerReportForContainerReportHandler] WARN  container.ContainerReportHandler (AbstractContainerReportHandler.java:updateContainerState(145)) - Container #1 is in OPEN state, but the datanode 58c4827f-663e-41e6-a95a-5c02fdca8528{ip: 192.168.34.6, host: pr-hdds-2286-rggtd-639769477, networkLocation: /default-rack, certSerialId: null} reports an CLOSED replica.
2019-10-18 05:46:47,010 [EventQueue-ContainerReportForContainerReportHandler] WARN  container.ContainerReportHandler (AbstractContainerReportHandler.java:updateContainerState(145)) - Container #1 is in OPEN state, but the datanode e47f3d18-6550-4f27-a4cc-ce34c6c87b58{ip: 192.168.34.6, host: pr-hdds-2286-rggtd-639769477, networkLocation: /default-rack, certSerialId: null} reports an CLOSED replica.
2019-10-18 05:46:47,187 [EventQueue-ContainerReportForContainerReportHandler] WARN  container.ContainerReportHandler (AbstractContainerReportHandler.java:updateContainerState(145)) - Container #1 is in OPEN state, but the datanode 58c4827f-663e-41e6-a95a-5c02fdca8528{ip: 192.168.34.6, host: pr-hdds-2286-rggtd-639769477, networkLocation: /default-rack, certSerialId: null} reports an CLOSED replica.
2019-10-18 05:46:47,310 [EventQueue-ContainerReportForContainerReportHandler] WARN  container.ContainerReportHandler (AbstractContainerReportHandler.java:updateContainerState(145)) - Container #1 is in OPEN state, but the datanode e47f3d18-6550-4f27-a4cc-ce34c6c87b58{ip: 192.168.34.6, host: pr-hdds-2286-rggtd-639769477, networkLocation: /default-rack, certSerialId: null} reports an CLOSED replica.
2019-10-18 05:46:47,588 [EventQueue-ContainerReportForContainerReportHandler] WARN  container.ContainerReportHandler (AbstractContainerReportHandler.java:updateContainerState(145)) - Container #1 is in OPEN state, but the datanode 58c4827f-663e-41e6-a95a-5c02fdca8528{ip: 192.168.34.6, host: pr-hdds-2286-rggtd-639769477, networkLocation: /default-rack, certSerialId: null} reports an CLOSED replica.
2019-10-18 05:46:47,710 [EventQueue-ContainerReportForContainerReportHandler] WARN  container.ContainerReportHandler (AbstractContainerReportHandler.java:updateContainerState(145)) - Container #1 is in OPEN state, but the datanode e47f3d18-6550-4f27-a4cc-ce34c6c87b58{ip: 192.168.34.6, host: pr-hdds-2286-rggtd-639769477, networkLocation: /default-rack, certSerialId: null} reports an CLOSED replica.
2019-10-18 05:46:47,874 [BlockDeletingService#2] WARN  background.BlockDeletingService (BlockDeletingService.java:isDeletionAllowed(187)) - Close Container log Index 6 is not replicated across allthe servers in the pipeline e751b4d9-2be2-4ced-b2ee-397db682eabb as the min replicated index is 4. Deletion is not allowed in this container yet.
2019-10-18 05:46:47,874 [BlockDeletingService#2] WARN  background.BlockDeletingService (BlockDeletingService.java:isDeletionAllowed(187)) - Close Container log Index 6 is not replicated across allthe servers in the pipeline e751b4d9-2be2-4ced-b2ee-397db682eabb as the min replicated index is 4. Deletion is not allowed in this container yet.
2019-10-18 05:46:47,889 [EventQueue-ContainerReportForContainerReportHandler] WARN  container.ContainerReportHandler (AbstractContainerReportHandler.java:updateContainerState(145)) - Container #1 is in OPEN state, but the datanode 58c4827f-663e-41e6-a95a-5c02fdca8528{ip: 192.168.34.6, host: pr-hdds-2286-rggtd-639769477, networkLocation: /default-rack, certSerialId: null} reports an CLOSED replica.
2019-10-18 05:46:47,909 [EventQueue-ContainerReportForContainerReportHandler] WARN  container.ContainerReportHandler (AbstractContainerReportHandler.java:updateContainerState(145)) - Container #1 is in OPEN state, but the datanode e47f3d18-6550-4f27-a4cc-ce34c6c87b58{ip: 192.168.34.6, host: pr-hdds-2286-rggtd-639769477, networkLocation: /default-rack, certSerialId: null} reports an CLOSED replica.
2019-10-18 05:46:48,088 [EventQueue-ContainerReportForContainerReportHandler] WARN  container.ContainerReportHandler (AbstractContainerReportHandler.java:updateContainerState(145)) - Container #1 is in OPEN state, but the datanode 58c4827f-663e-41e6-a95a-5c02fdca8528{ip: 192.168.34.6, host: pr-hdds-2286-rggtd-639769477, networkLocation: /default-rack, certSerialId: null} reports an CLOSED replica.
2019-10-18 05:46:48,121 [java.util.concurrent.ThreadPoolExecutor$Worker@5716808[State = -1, empty queue]] WARN  server.GrpcLogAppender (GrpcLogAppender.java:timeoutAppendRequest(209)) - 58c4827f-663e-41e6-a95a-5c02fdca8528@group-397DB682EABB->291b4074-36ef-4604-afea-a446d5bcf194-GrpcLogAppender: appendEntries Timeout, request=58c4827f-663e-41e6-a95a-5c02fdca8528->291b4074-36ef-4604-afea-a446d5bcf194#26-t4, previous=(t:4, i:10), leaderCommit=10, initializing? false, entries: <empty>
2019-10-18 05:46:48,209 [EventQueue-ContainerReportForContainerReportHandler] WARN  container.ContainerReportHandler (AbstractContainerReportHandler.java:updateContainerState(145)) - Container #1 is in OPEN state, but the datanode e47f3d18-6550-4f27-a4cc-ce34c6c87b58{ip: 192.168.34.6, host: pr-hdds-2286-rggtd-639769477, networkLocation: /default-rack, certSerialId: null} reports an CLOSED replica.
2019-10-18 05:46:48,389 [EventQueue-ContainerReportForContainerReportHandler] WARN  container.ContainerReportHandler (AbstractContainerReportHandler.java:updateContainerState(145)) - Container #1 is in OPEN state, but the datanode 58c4827f-663e-41e6-a95a-5c02fdca8528{ip: 192.168.34.6, host: pr-hdds-2286-rggtd-639769477, networkLocation: /default-rack, certSerialId: null} reports an CLOSED replica.
2019-10-18 05:46:48,409 [EventQueue-ContainerReportForContainerReportHandler] WARN  container.ContainerReportHandler (AbstractContainerReportHandler.java:updateContainerState(145)) - Container #1 is in OPEN state, but the datanode e47f3d18-6550-4f27-a4cc-ce34c6c87b58{ip: 192.168.34.6, host: pr-hdds-2286-rggtd-639769477, networkLocation: /default-rack, certSerialId: null} reports an CLOSED replica.
2019-10-18 05:46:48,690 [EventQueue-ContainerReportForContainerReportHandler] WARN  container.ContainerReportHandler (AbstractContainerReportHandler.java:updateContainerState(145)) - Container #1 is in OPEN state, but the datanode 58c4827f-663e-41e6-a95a-5c02fdca8528{ip: 192.168.34.6, host: pr-hdds-2286-rggtd-639769477, networkLocation: /default-rack, certSerialId: null} reports an CLOSED replica.
2019-10-18 05:46:48,710 [EventQueue-ContainerReportForContainerReportHandler] WARN  container.ContainerReportHandler (AbstractContainerReportHandler.java:updateContainerState(145)) - Container #1 is in OPEN state, but the datanode e47f3d18-6550-4f27-a4cc-ce34c6c87b58{ip: 192.168.34.6, host: pr-hdds-2286-rggtd-639769477, networkLocation: /default-rack, certSerialId: null} reports an CLOSED replica.
2019-10-18 05:46:48,876 [BlockDeletingService#2] WARN  background.BlockDeletingService (BlockDeletingService.java:isDeletionAllowed(187)) - Close Container log Index 6 is not replicated across allthe servers in the pipeline e751b4d9-2be2-4ced-b2ee-397db682eabb as the min replicated index is 4. Deletion is not allowed in this container yet.
2019-10-18 05:46:48,876 [BlockDeletingService#2] WARN  background.BlockDeletingService (BlockDeletingService.java:isDeletionAllowed(187)) - Close Container log Index 6 is not replicated across allthe servers in the pipeline e751b4d9-2be2-4ced-b2ee-397db682eabb as the min replicated index is 4. Deletion is not allowed in this container yet.
2019-10-18 05:46:48,990 [EventQueue-ContainerReportForContainerReportHandler] WARN  container.ContainerReportHandler (AbstractContainerReportHandler.java:updateContainerState(145)) - Container #1 is in OPEN state, but the datanode 58c4827f-663e-41e6-a95a-5c02fdca8528{ip: 192.168.34.6, host: pr-hdds-2286-rggtd-639769477, networkLocation: /default-rack, certSerialId: null} reports an CLOSED replica.
2019-10-18 05:46:49,112 [EventQueue-ContainerReportForContainerReportHandler] WARN  container.ContainerReportHandler (AbstractContainerReportHandler.java:updateContainerState(145)) - Container #1 is in OPEN state, but the datanode e47f3d18-6550-4f27-a4cc-ce34c6c87b58{ip: 192.168.34.6, host: pr-hdds-2286-rggtd-639769477, networkLocation: /default-rack, certSerialId: null} reports an CLOSED replica.
2019-10-18 05:46:49,290 [EventQueue-ContainerReportForContainerReportHandler] WARN  container.ContainerReportHandler (AbstractContainerReportHandler.java:updateContainerState(145)) - Container #1 is in OPEN state, but the datanode 58c4827f-663e-41e6-a95a-5c02fdca8528{ip: 192.168.34.6, host: pr-hdds-2286-rggtd-639769477, networkLocation: /default-rack, certSerialId: null} reports an CLOSED replica.
2019-10-18 05:46:49,412 [EventQueue-ContainerReportForContainerReportHandler] WARN  container.ContainerReportHandler (AbstractContainerReportHandler.java:updateContainerState(145)) - Container #1 is in OPEN state, but the datanode e47f3d18-6550-4f27-a4cc-ce34c6c87b58{ip: 192.168.34.6, host: pr-hdds-2286-rggtd-639769477, networkLocation: /default-rack, certSerialId: null} reports an CLOSED replica.
2019-10-18 05:46:49,590 [EventQueue-ContainerReportForContainerReportHandler] WARN  container.ContainerReportHandler (AbstractContainerReportHandler.java:updateContainerState(145)) - Container #1 is in OPEN state, but the datanode 58c4827f-663e-41e6-a95a-5c02fdca8528{ip: 192.168.34.6, host: pr-hdds-2286-rggtd-639769477, networkLocation: /default-rack, certSerialId: null} reports an CLOSED replica.
2019-10-18 05:46:49,712 [EventQueue-ContainerReportForContainerReportHandler] WARN  container.ContainerReportHandler (AbstractContainerReportHandler.java:updateContainerState(145)) - Container #1 is in OPEN state, but the datanode e47f3d18-6550-4f27-a4cc-ce34c6c87b58{ip: 192.168.34.6, host: pr-hdds-2286-rggtd-639769477, networkLocation: /default-rack, certSerialId: null} reports an CLOSED replica.
2019-10-18 05:46:49,878 [BlockDeletingService#2] WARN  background.BlockDeletingService (BlockDeletingService.java:isDeletionAllowed(187)) - Close Container log Index 6 is not replicated across allthe servers in the pipeline e751b4d9-2be2-4ced-b2ee-397db682eabb as the min replicated index is 4. Deletion is not allowed in this container yet.
2019-10-18 05:46:49,878 [BlockDeletingService#2] WARN  background.BlockDeletingService (BlockDeletingService.java:isDeletionAllowed(187)) - Close Container log Index 6 is not replicated across allthe servers in the pipeline e751b4d9-2be2-4ced-b2ee-397db682eabb as the min replicated index is 4. Deletion is not allowed in this container yet.
2019-10-18 05:46:49,890 [EventQueue-ContainerReportForContainerReportHandler] WARN  container.ContainerReportHandler (AbstractContainerReportHandler.java:updateContainerState(145)) - Container #1 is in OPEN state, but the datanode 58c4827f-663e-41e6-a95a-5c02fdca8528{ip: 192.168.34.6, host: pr-hdds-2286-rggtd-639769477, networkLocation: /default-rack, certSerialId: null} reports an CLOSED replica.
2019-10-18 05:46:49,912 [EventQueue-ContainerReportForContainerReportHandler] WARN  container.ContainerReportHandler (AbstractContainerReportHandler.java:updateContainerState(145)) - Container #1 is in OPEN state, but the datanode e47f3d18-6550-4f27-a4cc-ce34c6c87b58{ip: 192.168.34.6, host: pr-hdds-2286-rggtd-639769477, networkLocation: /default-rack, certSerialId: null} reports an CLOSED replica.
2019-10-18 05:46:50,189 [EventQueue-ContainerReportForContainerReportHandler] WARN  container.ContainerReportHandler (AbstractContainerReportHandler.java:updateContainerState(145)) - Container #1 is in OPEN state, but the datanode 58c4827f-663e-41e6-a95a-5c02fdca8528{ip: 192.168.34.6, host: pr-hdds-2286-rggtd-639769477, networkLocation: /default-rack, certSerialId: null} reports an CLOSED replica.
2019-10-18 05:46:50,213 [EventQueue-ContainerReportForContainerReportHandler] WARN  container.ContainerReportHandler (AbstractContainerReportHandler.java:updateContainerState(145)) - Container #1 is in OPEN state, but the datanode e47f3d18-6550-4f27-a4cc-ce34c6c87b58{ip: 192.168.34.6, host: pr-hdds-2286-rggtd-639769477, networkLocation: /default-rack, certSerialId: null} reports an CLOSED replica.
2019-10-18 05:46:50,591 [EventQueue-ContainerReportForContainerReportHandler] WARN  container.ContainerReportHandler (AbstractContainerReportHandler.java:updateContainerState(145)) - Container #1 is in OPEN state, but the datanode 58c4827f-663e-41e6-a95a-5c02fdca8528{ip: 192.168.34.6, host: pr-hdds-2286-rggtd-639769477, networkLocation: /default-rack, certSerialId: null} reports an CLOSED replica.
2019-10-18 05:46:50,613 [EventQueue-ContainerReportForContainerReportHandler] WARN  container.ContainerReportHandler (AbstractContainerReportHandler.java:updateContainerState(145)) - Container #1 is in OPEN state, but the datanode e47f3d18-6550-4f27-a4cc-ce34c6c87b58{ip: 192.168.34.6, host: pr-hdds-2286-rggtd-639769477, networkLocation: /default-rack, certSerialId: null} reports an CLOSED replica.
2019-10-18 05:46:50,624 [java.util.concurrent.ThreadPoolExecutor$Worker@5716808[State = -1, empty queue]] WARN  server.GrpcLogAppender (GrpcLogAppender.java:timeoutAppendRequest(209)) - 58c4827f-663e-41e6-a95a-5c02fdca8528@group-397DB682EABB->291b4074-36ef-4604-afea-a446d5bcf194-GrpcLogAppender: appendEntries Timeout, request=58c4827f-663e-41e6-a95a-5c02fdca8528->291b4074-36ef-4604-afea-a446d5bcf194#27-t4, previous=(t:4, i:10), leaderCommit=10, initializing? false, entries: <empty>
2019-10-18 05:46:50,682 [Thread-364] INFO  client.GrpcClientProtocolService (GrpcClientProtocolService.java:lambda$processClientRequest$0(278)) - Failed RaftClientRequest:client-15CC5DA066CF->e47f3d18-6550-4f27-a4cc-ce34c6c87b58@group-397DB682EABB, cid=10, seq=0, Watch-ALL_COMMITTED(6), Message:<EMPTY>, reply=RaftClientReply:client-15CC5DA066CF->e47f3d18-6550-4f27-a4cc-ce34c6c87b58@group-397DB682EABB, cid=10, FAILED org.apache.ratis.protocol.NotLeaderException: Server e47f3d18-6550-4f27-a4cc-ce34c6c87b58@group-397DB682EABB is not the leader 58c4827f-663e-41e6-a95a-5c02fdca8528:192.168.34.6:39496, logIndex=0, commits[e47f3d18-6550-4f27-a4cc-ce34c6c87b58:c10, 291b4074-36ef-4604-afea-a446d5bcf194:c4, 58c4827f-663e-41e6-a95a-5c02fdca8528:c10]
2019-10-18 05:46:50,755 [Thread-367] INFO  client.GrpcClientProtocolService (GrpcClientProtocolService.java:lambda$processClientRequest$0(278)) - Failed RaftClientRequest:client-15CC5DA066CF->58c4827f-663e-41e6-a95a-5c02fdca8528@group-397DB682EABB, cid=10, seq=0, Watch-ALL_COMMITTED(6), Message:<EMPTY>, reply=RaftClientReply:client-15CC5DA066CF->58c4827f-663e-41e6-a95a-5c02fdca8528@group-397DB682EABB, cid=10, FAILED org.apache.ratis.protocol.NotReplicatedException: Request with call Id 10 and log index 6 is not yet replicated to ALL_COMMITTED, logIndex=6, commits[58c4827f-663e-41e6-a95a-5c02fdca8528:c10, 291b4074-36ef-4604-afea-a446d5bcf194:c4, e47f3d18-6550-4f27-a4cc-ce34c6c87b58:c10]
2019-10-18 05:46:50,790 [EventQueue-ContainerReportForContainerReportHandler] WARN  container.ContainerReportHandler (AbstractContainerReportHandler.java:updateContainerState(145)) - Container #1 is in OPEN state, but the datanode 58c4827f-663e-41e6-a95a-5c02fdca8528{ip: 192.168.34.6, host: pr-hdds-2286-rggtd-639769477, networkLocation: /default-rack, certSerialId: null} reports an CLOSED replica.
2019-10-18 05:46:50,880 [BlockDeletingService#3] WARN  background.BlockDeletingService (BlockDeletingService.java:isDeletionAllowed(187)) - Close Container log Index 6 is not replicated across allthe servers in the pipeline e751b4d9-2be2-4ced-b2ee-397db682eabb as the min replicated index is 4. Deletion is not allowed in this container yet.
2019-10-18 05:46:50,880 [BlockDeletingService#2] WARN  background.BlockDeletingService (BlockDeletingService.java:isDeletionAllowed(187)) - Close Container log Index 6 is not replicated across allthe servers in the pipeline e751b4d9-2be2-4ced-b2ee-397db682eabb as the min replicated index is 4. Deletion is not allowed in this container yet.
2019-10-18 05:46:51,013 [EventQueue-ContainerReportForContainerReportHandler] WARN  container.ContainerReportHandler (AbstractContainerReportHandler.java:updateContainerState(145)) - Container #1 is in OPEN state, but the datanode e47f3d18-6550-4f27-a4cc-ce34c6c87b58{ip: 192.168.34.6, host: pr-hdds-2286-rggtd-639769477, networkLocation: /default-rack, certSerialId: null} reports an CLOSED replica.
2019-10-18 05:46:51,090 [EventQueue-ContainerReportForContainerReportHandler] WARN  container.ContainerReportHandler (AbstractContainerReportHandler.java:updateContainerState(145)) - Container #1 is in OPEN state, but the datanode 58c4827f-663e-41e6-a95a-5c02fdca8528{ip: 192.168.34.6, host: pr-hdds-2286-rggtd-639769477, networkLocation: /default-rack, certSerialId: null} reports an CLOSED replica.
2019-10-18 05:46:51,213 [EventQueue-ContainerReportForContainerReportHandler] WARN  container.ContainerReportHandler (AbstractContainerReportHandler.java:updateContainerState(145)) - Container #1 is in OPEN state, but the datanode e47f3d18-6550-4f27-a4cc-ce34c6c87b58{ip: 192.168.34.6, host: pr-hdds-2286-rggtd-639769477, networkLocation: /default-rack, certSerialId: null} reports an CLOSED replica.
2019-10-18 05:46:51,491 [EventQueue-ContainerReportForContainerReportHandler] WARN  container.ContainerReportHandler (AbstractContainerReportHandler.java:updateContainerState(145)) - Container #1 is in OPEN state, but the datanode 58c4827f-663e-41e6-a95a-5c02fdca8528{ip: 192.168.34.6, host: pr-hdds-2286-rggtd-639769477, networkLocation: /default-rack, certSerialId: null} reports an CLOSED replica.
2019-10-18 05:46:51,612 [EventQueue-ContainerReportForContainerReportHandler] WARN  container.ContainerReportHandler (AbstractContainerReportHandler.java:updateContainerState(145)) - Container #1 is in OPEN state, but the datanode e47f3d18-6550-4f27-a4cc-ce34c6c87b58{ip: 192.168.34.6, host: pr-hdds-2286-rggtd-639769477, networkLocation: /default-rack, certSerialId: null} reports an CLOSED replica.
2019-10-18 05:46:51,884 [BlockDeletingService#2] WARN  background.BlockDeletingService (BlockDeletingService.java:isDeletionAllowed(187)) - Close Container log Index 6 is not replicated across allthe servers in the pipeline e751b4d9-2be2-4ced-b2ee-397db682eabb as the min replicated index is 4. Deletion is not allowed in this container yet.
2019-10-18 05:46:51,884 [BlockDeletingService#3] WARN  background.BlockDeletingService (BlockDeletingService.java:isDeletionAllowed(187)) - Close Container log Index 6 is not replicated across allthe servers in the pipeline e751b4d9-2be2-4ced-b2ee-397db682eabb as the min replicated index is 4. Deletion is not allowed in this container yet.
2019-10-18 05:46:51,891 [EventQueue-ContainerReportForContainerReportHandler] WARN  container.ContainerReportHandler (AbstractContainerReportHandler.java:updateContainerState(145)) - Container #1 is in OPEN state, but the datanode 58c4827f-663e-41e6-a95a-5c02fdca8528{ip: 192.168.34.6, host: pr-hdds-2286-rggtd-639769477, networkLocation: /default-rack, certSerialId: null} reports an CLOSED replica.
2019-10-18 05:46:52,014 [EventQueue-ContainerReportForContainerReportHandler] WARN  container.ContainerReportHandler (AbstractContainerReportHandler.java:updateContainerState(145)) - Container #1 is in OPEN state, but the datanode e47f3d18-6550-4f27-a4cc-ce34c6c87b58{ip: 192.168.34.6, host: pr-hdds-2286-rggtd-639769477, networkLocation: /default-rack, certSerialId: null} reports an CLOSED replica.
2019-10-18 05:46:52,192 [EventQueue-ContainerReportForContainerReportHandler] WARN  container.ContainerReportHandler (AbstractContainerReportHandler.java:updateContainerState(145)) - Container #1 is in OPEN state, but the datanode 58c4827f-663e-41e6-a95a-5c02fdca8528{ip: 192.168.34.6, host: pr-hdds-2286-rggtd-639769477, networkLocation: /default-rack, certSerialId: null} reports an CLOSED replica.
2019-10-18 05:46:52,393 [EventQueue-ContainerReportForContainerReportHandler] WARN  container.ContainerReportHandler (AbstractContainerReportHandler.java:updateContainerState(145)) - Container #1 is in OPEN state, but the datanode 58c4827f-663e-41e6-a95a-5c02fdca8528{ip: 192.168.34.6, host: pr-hdds-2286-rggtd-639769477, networkLocation: /default-rack, certSerialId: null} reports an CLOSED replica.
2019-10-18 05:46:52,415 [EventQueue-ContainerReportForContainerReportHandler] WARN  container.ContainerReportHandler (AbstractContainerReportHandler.java:updateContainerState(145)) - Container #1 is in OPEN state, but the datanode e47f3d18-6550-4f27-a4cc-ce34c6c87b58{ip: 192.168.34.6, host: pr-hdds-2286-rggtd-639769477, networkLocation: /default-rack, certSerialId: null} reports an CLOSED replica.
2019-10-18 05:46:52,615 [EventQueue-ContainerReportForContainerReportHandler] WARN  container.ContainerReportHandler (AbstractContainerReportHandler.java:updateContainerState(145)) - Container #1 is in OPEN state, but the datanode e47f3d18-6550-4f27-a4cc-ce34c6c87b58{ip: 192.168.34.6, host: pr-hdds-2286-rggtd-639769477, networkLocation: /default-rack, certSerialId: null} reports an CLOSED replica.
2019-10-18 05:46:52,693 [EventQueue-ContainerReportForContainerReportHandler] WARN  container.ContainerReportHandler (AbstractContainerReportHandler.java:updateContainerState(145)) - Container #1 is in OPEN state, but the datanode 58c4827f-663e-41e6-a95a-5c02fdca8528{ip: 192.168.34.6, host: pr-hdds-2286-rggtd-639769477, networkLocation: /default-rack, certSerialId: null} reports an CLOSED replica.
2019-10-18 05:46:52,886 [BlockDeletingService#3] WARN  background.BlockDeletingService (BlockDeletingService.java:isDeletionAllowed(187)) - Close Container log Index 6 is not replicated across allthe servers in the pipeline e751b4d9-2be2-4ced-b2ee-397db682eabb as the min replicated index is 4. Deletion is not allowed in this container yet.
2019-10-18 05:46:52,886 [BlockDeletingService#2] WARN  background.BlockDeletingService (BlockDeletingService.java:isDeletionAllowed(187)) - Close Container log Index 6 is not replicated across allthe servers in the pipeline e751b4d9-2be2-4ced-b2ee-397db682eabb as the min replicated index is 4. Deletion is not allowed in this container yet.
2019-10-18 05:46:52,993 [EventQueue-ContainerReportForContainerReportHandler] WARN  container.ContainerReportHandler (AbstractContainerReportHandler.java:updateContainerState(145)) - Container #1 is in OPEN state, but the datanode 58c4827f-663e-41e6-a95a-5c02fdca8528{ip: 192.168.34.6, host: pr-hdds-2286-rggtd-639769477, networkLocation: /default-rack, certSerialId: null} reports an CLOSED replica.
2019-10-18 05:46:53,014 [EventQueue-ContainerReportForContainerReportHandler] WARN  container.ContainerReportHandler (AbstractContainerReportHandler.java:updateContainerState(145)) - Container #1 is in OPEN state, but the datanode e47f3d18-6550-4f27-a4cc-ce34c6c87b58{ip: 192.168.34.6, host: pr-hdds-2286-rggtd-639769477, networkLocation: /default-rack, certSerialId: null} reports an CLOSED replica.
2019-10-18 05:46:53,126 [java.util.concurrent.ThreadPoolExecutor$Worker@5716808[State = -1, empty queue]] WARN  server.GrpcLogAppender (GrpcLogAppender.java:timeoutAppendRequest(209)) - 58c4827f-663e-41e6-a95a-5c02fdca8528@group-397DB682EABB->291b4074-36ef-4604-afea-a446d5bcf194-GrpcLogAppender: appendEntries Timeout, request=58c4827f-663e-41e6-a95a-5c02fdca8528->291b4074-36ef-4604-afea-a446d5bcf194#28-t4, previous=(t:4, i:10), leaderCommit=10, initializing? false, entries: <empty>
2019-10-18 05:46:53,193 [EventQueue-ContainerReportForContainerReportHandler] WARN  container.ContainerReportHandler (AbstractContainerReportHandler.java:updateContainerState(145)) - Container #1 is in OPEN state, but the datanode 58c4827f-663e-41e6-a95a-5c02fdca8528{ip: 192.168.34.6, host: pr-hdds-2286-rggtd-639769477, networkLocation: /default-rack, certSerialId: null} reports an CLOSED replica.
2019-10-18 05:46:53,214 [EventQueue-ContainerReportForContainerReportHandler] WARN  container.ContainerReportHandler (AbstractContainerReportHandler.java:updateContainerState(145)) - Container #1 is in OPEN state, but the datanode e47f3d18-6550-4f27-a4cc-ce34c6c87b58{ip: 192.168.34.6, host: pr-hdds-2286-rggtd-639769477, networkLocation: /default-rack, certSerialId: null} reports an CLOSED replica.
2019-10-18 05:46:53,446 [EventQueue-ContainerReportForContainerReportHandler] WARN  container.ContainerReportHandler (AbstractContainerReportHandler.java:updateContainerState(145)) - Container #1 is in OPEN state, but the datanode 58c4827f-663e-41e6-a95a-5c02fdca8528{ip: 192.168.34.6, host: pr-hdds-2286-rggtd-639769477, networkLocation: /default-rack, certSerialId: null} reports an CLOSED replica.
2019-10-18 05:46:53,615 [EventQueue-ContainerReportForContainerReportHandler] WARN  container.ContainerReportHandler (AbstractContainerReportHandler.java:updateContainerState(145)) - Container #1 is in OPEN state, but the datanode e47f3d18-6550-4f27-a4cc-ce34c6c87b58{ip: 192.168.34.6, host: pr-hdds-2286-rggtd-639769477, networkLocation: /default-rack, certSerialId: null} reports an CLOSED replica.
2019-10-18 05:46:53,694 [EventQueue-ContainerReportForContainerReportHandler] WARN  container.ContainerReportHandler (AbstractContainerReportHandler.java:updateContainerState(145)) - Container #1 is in OPEN state, but the datanode 58c4827f-663e-41e6-a95a-5c02fdca8528{ip: 192.168.34.6, host: pr-hdds-2286-rggtd-639769477, networkLocation: /default-rack, certSerialId: null} reports an CLOSED replica.
2019-10-18 05:46:53,815 [EventQueue-ContainerReportForContainerReportHandler] WARN  container.ContainerReportHandler (AbstractContainerReportHandler.java:updateContainerState(145)) - Container #1 is in OPEN state, but the datanode e47f3d18-6550-4f27-a4cc-ce34c6c87b58{ip: 192.168.34.6, host: pr-hdds-2286-rggtd-639769477, networkLocation: /default-rack, certSerialId: null} reports an CLOSED replica.
2019-10-18 05:46:53,887 [BlockDeletingService#2] WARN  background.BlockDeletingService (BlockDeletingService.java:isDeletionAllowed(187)) - Close Container log Index 6 is not replicated across allthe servers in the pipeline e751b4d9-2be2-4ced-b2ee-397db682eabb as the min replicated index is 4. Deletion is not allowed in this container yet.
2019-10-18 05:46:53,887 [BlockDeletingService#3] WARN  background.BlockDeletingService (BlockDeletingService.java:isDeletionAllowed(187)) - Close Container log Index 6 is not replicated across allthe servers in the pipeline e751b4d9-2be2-4ced-b2ee-397db682eabb as the min replicated index is 4. Deletion is not allowed in this container yet.
2019-10-18 05:46:53,893 [EventQueue-ContainerReportForContainerReportHandler] WARN  container.ContainerReportHandler (AbstractContainerReportHandler.java:updateContainerState(145)) - Container #1 is in OPEN state, but the datanode 58c4827f-663e-41e6-a95a-5c02fdca8528{ip: 192.168.34.6, host: pr-hdds-2286-rggtd-639769477, networkLocation: /default-rack, certSerialId: null} reports an CLOSED replica.
2019-10-18 05:46:54,093 [EventQueue-ContainerReportForContainerReportHandler] WARN  container.ContainerReportHandler (AbstractContainerReportHandler.java:updateContainerState(145)) - Container #1 is in OPEN state, but the datanode 58c4827f-663e-41e6-a95a-5c02fdca8528{ip: 192.168.34.6, host: pr-hdds-2286-rggtd-639769477, networkLocation: /default-rack, certSerialId: null} reports an CLOSED replica.
2019-10-18 05:46:54,115 [EventQueue-ContainerReportForContainerReportHandler] WARN  container.ContainerReportHandler (AbstractContainerReportHandler.java:updateContainerState(145)) - Container #1 is in OPEN state, but the datanode e47f3d18-6550-4f27-a4cc-ce34c6c87b58{ip: 192.168.34.6, host: pr-hdds-2286-rggtd-639769477, networkLocation: /default-rack, certSerialId: null} reports an CLOSED replica.
2019-10-18 05:46:54,394 [EventQueue-ContainerReportForContainerReportHandler] WARN  container.ContainerReportHandler (AbstractContainerReportHandler.java:updateContainerState(145)) - Container #1 is in OPEN state, but the datanode 58c4827f-663e-41e6-a95a-5c02fdca8528{ip: 192.168.34.6, host: pr-hdds-2286-rggtd-639769477, networkLocation: /default-rack, certSerialId: null} reports an CLOSED replica.
2019-10-18 05:46:54,415 [EventQueue-ContainerReportForContainerReportHandler] WARN  container.ContainerReportHandler (AbstractContainerReportHandler.java:updateContainerState(145)) - Container #1 is in OPEN state, but the datanode e47f3d18-6550-4f27-a4cc-ce34c6c87b58{ip: 192.168.34.6, host: pr-hdds-2286-rggtd-639769477, networkLocation: /default-rack, certSerialId: null} reports an CLOSED replica.
2019-10-18 05:46:54,614 [EventQueue-ContainerReportForContainerReportHandler] WARN  container.ContainerReportHandler (AbstractContainerReportHandler.java:updateContainerState(145)) - Container #1 is in OPEN state, but the datanode e47f3d18-6550-4f27-a4cc-ce34c6c87b58{ip: 192.168.34.6, host: pr-hdds-2286-rggtd-639769477, networkLocation: /default-rack, certSerialId: null} reports an CLOSED replica.
2019-10-18 05:46:54,695 [EventQueue-ContainerReportForContainerReportHandler] WARN  container.ContainerReportHandler (AbstractContainerReportHandler.java:updateContainerState(145)) - Container #1 is in OPEN state, but the datanode 58c4827f-663e-41e6-a95a-5c02fdca8528{ip: 192.168.34.6, host: pr-hdds-2286-rggtd-639769477, networkLocation: /default-rack, certSerialId: null} reports an CLOSED replica.
2019-10-18 05:46:54,890 [BlockDeletingService#2] WARN  background.BlockDeletingService (BlockDeletingService.java:isDeletionAllowed(187)) - Close Container log Index 6 is not replicated across allthe servers in the pipeline e751b4d9-2be2-4ced-b2ee-397db682eabb as the min replicated index is 4. Deletion is not allowed in this container yet.
2019-10-18 05:46:54,890 [BlockDeletingService#3] WARN  background.BlockDeletingService (BlockDeletingService.java:isDeletionAllowed(187)) - Close Container log Index 6 is not replicated across allthe servers in the pipeline e751b4d9-2be2-4ced-b2ee-397db682eabb as the min replicated index is 4. Deletion is not allowed in this container yet.
2019-10-18 05:46:54,916 [EventQueue-ContainerReportForContainerReportHandler] WARN  container.ContainerReportHandler (AbstractContainerReportHandler.java:updateContainerState(145)) - Container #1 is in OPEN state, but the datanode e47f3d18-6550-4f27-a4cc-ce34c6c87b58{ip: 192.168.34.6, host: pr-hdds-2286-rggtd-639769477, networkLocation: /default-rack, certSerialId: null} reports an CLOSED replica.
2019-10-18 05:46:54,995 [EventQueue-ContainerReportForContainerReportHandler] WARN  container.ContainerReportHandler (AbstractContainerReportHandler.java:updateContainerState(145)) - Container #1 is in OPEN state, but the datanode 58c4827f-663e-41e6-a95a-5c02fdca8528{ip: 192.168.34.6, host: pr-hdds-2286-rggtd-639769477, networkLocation: /default-rack, certSerialId: null} reports an CLOSED replica.
2019-10-18 05:46:55,116 [EventQueue-ContainerReportForContainerReportHandler] WARN  container.ContainerReportHandler (AbstractContainerReportHandler.java:updateContainerState(145)) - Container #1 is in OPEN state, but the datanode e47f3d18-6550-4f27-a4cc-ce34c6c87b58{ip: 192.168.34.6, host: pr-hdds-2286-rggtd-639769477, networkLocation: /default-rack, certSerialId: null} reports an CLOSED replica.
2019-10-18 05:46:55,395 [EventQueue-ContainerReportForContainerReportHandler] WARN  container.ContainerReportHandler (AbstractContainerReportHandler.java:updateContainerState(145)) - Container #1 is in OPEN state, but the datanode 58c4827f-663e-41e6-a95a-5c02fdca8528{ip: 192.168.34.6, host: pr-hdds-2286-rggtd-639769477, networkLocation: /default-rack, certSerialId: null} reports an CLOSED replica.
2019-10-18 05:46:55,417 [EventQueue-ContainerReportForContainerReportHandler] WARN  container.ContainerReportHandler (AbstractContainerReportHandler.java:updateContainerState(145)) - Container #1 is in OPEN state, but the datanode e47f3d18-6550-4f27-a4cc-ce34c6c87b58{ip: 192.168.34.6, host: pr-hdds-2286-rggtd-639769477, networkLocation: /default-rack, certSerialId: null} reports an CLOSED replica.
2019-10-18 05:46:55,617 [EventQueue-ContainerReportForContainerReportHandler] WARN  container.ContainerReportHandler (AbstractContainerReportHandler.java:updateContainerState(145)) - Container #1 is in OPEN state, but the datanode e47f3d18-6550-4f27-a4cc-ce34c6c87b58{ip: 192.168.34.6, host: pr-hdds-2286-rggtd-639769477, networkLocation: /default-rack, certSerialId: null} reports an CLOSED replica.
2019-10-18 05:46:55,626 [java.util.concurrent.ThreadPoolExecutor$Worker@5716808[State = -1, empty queue]] WARN  server.GrpcLogAppender (GrpcLogAppender.java:timeoutAppendRequest(209)) - 58c4827f-663e-41e6-a95a-5c02fdca8528@group-397DB682EABB->291b4074-36ef-4604-afea-a446d5bcf194-GrpcLogAppender: appendEntries Timeout, request=58c4827f-663e-41e6-a95a-5c02fdca8528->291b4074-36ef-4604-afea-a446d5bcf194#29-t4, previous=(t:4, i:10), leaderCommit=10, initializing? false, entries: <empty>
2019-10-18 05:46:55,696 [EventQueue-ContainerReportForContainerReportHandler] WARN  container.ContainerReportHandler (AbstractContainerReportHandler.java:updateContainerState(145)) - Container #1 is in OPEN state, but the datanode 58c4827f-663e-41e6-a95a-5c02fdca8528{ip: 192.168.34.6, host: pr-hdds-2286-rggtd-639769477, networkLocation: /default-rack, certSerialId: null} reports an CLOSED replica.
2019-10-18 05:46:55,892 [BlockDeletingService#2] WARN  background.BlockDeletingService (BlockDeletingService.java:isDeletionAllowed(187)) - Close Container log Index 6 is not replicated across allthe servers in the pipeline e751b4d9-2be2-4ced-b2ee-397db682eabb as the min replicated index is 4. Deletion is not allowed in this container yet.
2019-10-18 05:46:55,892 [BlockDeletingService#3] WARN  background.BlockDeletingService (BlockDeletingService.java:isDeletionAllowed(187)) - Close Container log Index 6 is not replicated across allthe servers in the pipeline e751b4d9-2be2-4ced-b2ee-397db682eabb as the min replicated index is 4. Deletion is not allowed in this container yet.
2019-10-18 05:46:55,916 [EventQueue-ContainerReportForContainerReportHandler] WARN  container.ContainerReportHandler (AbstractContainerReportHandler.java:updateContainerState(145)) - Container #1 is in OPEN state, but the datanode e47f3d18-6550-4f27-a4cc-ce34c6c87b58{ip: 192.168.34.6, host: pr-hdds-2286-rggtd-639769477, networkLocation: /default-rack, certSerialId: null} reports an CLOSED replica.
2019-10-18 05:46:56,096 [EventQueue-ContainerReportForContainerReportHandler] WARN  container.ContainerReportHandler (AbstractContainerReportHandler.java:updateContainerState(145)) - Container #1 is in OPEN state, but the datanode 58c4827f-663e-41e6-a95a-5c02fdca8528{ip: 192.168.34.6, host: pr-hdds-2286-rggtd-639769477, networkLocation: /default-rack, certSerialId: null} reports an CLOSED replica.
2019-10-18 05:46:56,317 [EventQueue-ContainerReportForContainerReportHandler] WARN  container.ContainerReportHandler (AbstractContainerReportHandler.java:updateContainerState(145)) - Container #1 is in OPEN state, but the datanode e47f3d18-6550-4f27-a4cc-ce34c6c87b58{ip: 192.168.34.6, host: pr-hdds-2286-rggtd-639769477, networkLocation: /default-rack, certSerialId: null} reports an CLOSED replica.
2019-10-18 05:46:56,397 [EventQueue-ContainerReportForContainerReportHandler] WARN  container.ContainerReportHandler (AbstractContainerReportHandler.java:updateContainerState(145)) - Container #1 is in OPEN state, but the datanode 58c4827f-663e-41e6-a95a-5c02fdca8528{ip: 192.168.34.6, host: pr-hdds-2286-rggtd-639769477, networkLocation: /default-rack, certSerialId: null} reports an CLOSED replica.
2019-10-18 05:46:56,517 [EventQueue-ContainerReportForContainerReportHandler] WARN  container.ContainerReportHandler (AbstractContainerReportHandler.java:updateContainerState(145)) - Container #1 is in OPEN state, but the datanode e47f3d18-6550-4f27-a4cc-ce34c6c87b58{ip: 192.168.34.6, host: pr-hdds-2286-rggtd-639769477, networkLocation: /default-rack, certSerialId: null} reports an CLOSED replica.
2019-10-18 05:46:56,697 [EventQueue-ContainerReportForContainerReportHandler] WARN  container.ContainerReportHandler (AbstractContainerReportHandler.java:updateContainerState(145)) - Container #1 is in OPEN state, but the datanode 58c4827f-663e-41e6-a95a-5c02fdca8528{ip: 192.168.34.6, host: pr-hdds-2286-rggtd-639769477, networkLocation: /default-rack, certSerialId: null} reports an CLOSED replica.
2019-10-18 05:46:56,717 [EventQueue-ContainerReportForContainerReportHandler] WARN  container.ContainerReportHandler (AbstractContainerReportHandler.java:updateContainerState(145)) - Container #1 is in OPEN state, but the datanode e47f3d18-6550-4f27-a4cc-ce34c6c87b58{ip: 192.168.34.6, host: pr-hdds-2286-rggtd-639769477, networkLocation: /default-rack, certSerialId: null} reports an CLOSED replica.
2019-10-18 05:46:56,895 [BlockDeletingService#2] WARN  background.BlockDeletingService (BlockDeletingService.java:isDeletionAllowed(187)) - Close Container log Index 6 is not replicated across allthe servers in the pipeline e751b4d9-2be2-4ced-b2ee-397db682eabb as the min replicated index is 4. Deletion is not allowed in this container yet.
2019-10-18 05:46:56,895 [BlockDeletingService#3] WARN  background.BlockDeletingService (BlockDeletingService.java:isDeletionAllowed(187)) - Close Container log Index 6 is not replicated across allthe servers in the pipeline e751b4d9-2be2-4ced-b2ee-397db682eabb as the min replicated index is 4. Deletion is not allowed in this container yet.
2019-10-18 05:46:56,997 [EventQueue-ContainerReportForContainerReportHandler] WARN  container.ContainerReportHandler (AbstractContainerReportHandler.java:updateContainerState(145)) - Container #1 is in OPEN state, but the datanode 58c4827f-663e-41e6-a95a-5c02fdca8528{ip: 192.168.34.6, host: pr-hdds-2286-rggtd-639769477, networkLocation: /default-rack, certSerialId: null} reports an CLOSED replica.
2019-10-18 05:46:57,118 [EventQueue-ContainerReportForContainerReportHandler] WARN  container.ContainerReportHandler (AbstractContainerReportHandler.java:updateContainerState(145)) - Container #1 is in OPEN state, but the datanode e47f3d18-6550-4f27-a4cc-ce34c6c87b58{ip: 192.168.34.6, host: pr-hdds-2286-rggtd-639769477, networkLocation: /default-rack, certSerialId: null} reports an CLOSED replica.
2019-10-18 05:46:57,398 [EventQueue-ContainerReportForContainerReportHandler] WARN  container.ContainerReportHandler (AbstractContainerReportHandler.java:updateContainerState(145)) - Container #1 is in OPEN state, but the datanode 58c4827f-663e-41e6-a95a-5c02fdca8528{ip: 192.168.34.6, host: pr-hdds-2286-rggtd-639769477, networkLocation: /default-rack, certSerialId: null} reports an CLOSED replica.
2019-10-18 05:46:57,420 [EventQueue-ContainerReportForContainerReportHandler] WARN  container.ContainerReportHandler (AbstractContainerReportHandler.java:updateContainerState(145)) - Container #1 is in OPEN state, but the datanode e47f3d18-6550-4f27-a4cc-ce34c6c87b58{ip: 192.168.34.6, host: pr-hdds-2286-rggtd-639769477, networkLocation: /default-rack, certSerialId: null} reports an CLOSED replica.
2019-10-18 05:46:57,599 [EventQueue-ContainerReportForContainerReportHandler] WARN  container.ContainerReportHandler (AbstractContainerReportHandler.java:updateContainerState(145)) - Container #1 is in OPEN state, but the datanode 58c4827f-663e-41e6-a95a-5c02fdca8528{ip: 192.168.34.6, host: pr-hdds-2286-rggtd-639769477, networkLocation: /default-rack, certSerialId: null} reports an CLOSED replica.
2019-10-18 05:46:57,722 [EventQueue-ContainerReportForContainerReportHandler] WARN  container.ContainerReportHandler (AbstractContainerReportHandler.java:updateContainerState(145)) - Container #1 is in OPEN state, but the datanode e47f3d18-6550-4f27-a4cc-ce34c6c87b58{ip: 192.168.34.6, host: pr-hdds-2286-rggtd-639769477, networkLocation: /default-rack, certSerialId: null} reports an CLOSED replica.
2019-10-18 05:46:57,896 [BlockDeletingService#3] WARN  background.BlockDeletingService (BlockDeletingService.java:isDeletionAllowed(187)) - Close Container log Index 6 is not replicated across allthe servers in the pipeline e751b4d9-2be2-4ced-b2ee-397db682eabb as the min replicated index is 4. Deletion is not allowed in this container yet.
2019-10-18 05:46:57,896 [BlockDeletingService#2] WARN  background.BlockDeletingService (BlockDeletingService.java:isDeletionAllowed(187)) - Close Container log Index 6 is not replicated across allthe servers in the pipeline e751b4d9-2be2-4ced-b2ee-397db682eabb as the min replicated index is 4. Deletion is not allowed in this container yet.
2019-10-18 05:46:57,899 [EventQueue-ContainerReportForContainerReportHandler] WARN  container.ContainerReportHandler (AbstractContainerReportHandler.java:updateContainerState(145)) - Container #1 is in OPEN state, but the datanode 58c4827f-663e-41e6-a95a-5c02fdca8528{ip: 192.168.34.6, host: pr-hdds-2286-rggtd-639769477, networkLocation: /default-rack, certSerialId: null} reports an CLOSED replica.
2019-10-18 05:46:58,023 [EventQueue-ContainerReportForContainerReportHandler] WARN  container.ContainerReportHandler (AbstractContainerReportHandler.java:updateContainerState(145)) - Container #1 is in OPEN state, but the datanode e47f3d18-6550-4f27-a4cc-ce34c6c87b58{ip: 192.168.34.6, host: pr-hdds-2286-rggtd-639769477, networkLocation: /default-rack, certSerialId: null} reports an CLOSED replica.
2019-10-18 05:46:58,127 [java.util.concurrent.ThreadPoolExecutor$Worker@5716808[State = -1, empty queue]] WARN  server.GrpcLogAppender (GrpcLogAppender.java:timeoutAppendRequest(209)) - 58c4827f-663e-41e6-a95a-5c02fdca8528@group-397DB682EABB->291b4074-36ef-4604-afea-a446d5bcf194-GrpcLogAppender: appendEntries Timeout, request=58c4827f-663e-41e6-a95a-5c02fdca8528->291b4074-36ef-4604-afea-a446d5bcf194#30-t4, previous=(t:4, i:10), leaderCommit=10, initializing? false, entries: <empty>
2019-10-18 05:46:58,299 [EventQueue-ContainerReportForContainerReportHandler] WARN  container.ContainerReportHandler (AbstractContainerReportHandler.java:updateContainerState(145)) - Container #1 is in OPEN state, but the datanode 58c4827f-663e-41e6-a95a-5c02fdca8528{ip: 192.168.34.6, host: pr-hdds-2286-rggtd-639769477, networkLocation: /default-rack, certSerialId: null} reports an CLOSED replica.
2019-10-18 05:46:58,424 [EventQueue-ContainerReportForContainerReportHandler] WARN  container.ContainerReportHandler (AbstractContainerReportHandler.java:updateContainerState(145)) - Container #1 is in OPEN state, but the datanode e47f3d18-6550-4f27-a4cc-ce34c6c87b58{ip: 192.168.34.6, host: pr-hdds-2286-rggtd-639769477, networkLocation: /default-rack, certSerialId: null} reports an CLOSED replica.
2019-10-18 05:46:58,625 [EventQueue-ContainerReportForContainerReportHandler] WARN  container.ContainerReportHandler (AbstractContainerReportHandler.java:updateContainerState(145)) - Container #1 is in OPEN state, but the datanode e47f3d18-6550-4f27-a4cc-ce34c6c87b58{ip: 192.168.34.6, host: pr-hdds-2286-rggtd-639769477, networkLocation: /default-rack, certSerialId: null} reports an CLOSED replica.
2019-10-18 05:46:58,699 [EventQueue-ContainerReportForContainerReportHandler] WARN  container.ContainerReportHandler (AbstractContainerReportHandler.java:updateContainerState(145)) - Container #1 is in OPEN state, but the datanode 58c4827f-663e-41e6-a95a-5c02fdca8528{ip: 192.168.34.6, host: pr-hdds-2286-rggtd-639769477, networkLocation: /default-rack, certSerialId: null} reports an CLOSED replica.
2019-10-18 05:46:58,898 [BlockDeletingService#3] WARN  background.BlockDeletingService (BlockDeletingService.java:isDeletionAllowed(187)) - Close Container log Index 6 is not replicated across allthe servers in the pipeline e751b4d9-2be2-4ced-b2ee-397db682eabb as the min replicated index is 4. Deletion is not allowed in this container yet.
2019-10-18 05:46:58,898 [BlockDeletingService#2] WARN  background.BlockDeletingService (BlockDeletingService.java:isDeletionAllowed(187)) - Close Container log Index 6 is not replicated across allthe servers in the pipeline e751b4d9-2be2-4ced-b2ee-397db682eabb as the min replicated index is 4. Deletion is not allowed in this container yet.
2019-10-18 05:46:58,926 [EventQueue-ContainerReportForContainerReportHandler] WARN  container.ContainerReportHandler (AbstractContainerReportHandler.java:updateContainerState(145)) - Container #1 is in OPEN state, but the datanode e47f3d18-6550-4f27-a4cc-ce34c6c87b58{ip: 192.168.34.6, host: pr-hdds-2286-rggtd-639769477, networkLocation: /default-rack, certSerialId: null} reports an CLOSED replica.
2019-10-18 05:46:58,999 [EventQueue-ContainerReportForContainerReportHandler] WARN  container.ContainerReportHandler (AbstractContainerReportHandler.java:updateContainerState(145)) - Container #1 is in OPEN state, but the datanode 58c4827f-663e-41e6-a95a-5c02fdca8528{ip: 192.168.34.6, host: pr-hdds-2286-rggtd-639769477, networkLocation: /default-rack, certSerialId: null} reports an CLOSED replica.
2019-10-18 05:46:59,226 [EventQueue-ContainerReportForContainerReportHandler] WARN  container.ContainerReportHandler (AbstractContainerReportHandler.java:updateContainerState(145)) - Container #1 is in OPEN state, but the datanode e47f3d18-6550-4f27-a4cc-ce34c6c87b58{ip: 192.168.34.6, host: pr-hdds-2286-rggtd-639769477, networkLocation: /default-rack, certSerialId: null} reports an CLOSED replica.
2019-10-18 05:46:59,300 [EventQueue-ContainerReportForContainerReportHandler] WARN  container.ContainerReportHandler (AbstractContainerReportHandler.java:updateContainerState(145)) - Container #1 is in OPEN state, but the datanode 58c4827f-663e-41e6-a95a-5c02fdca8528{ip: 192.168.34.6, host: pr-hdds-2286-rggtd-639769477, networkLocation: /default-rack, certSerialId: null} reports an CLOSED replica.
2019-10-18 05:46:59,426 [EventQueue-ContainerReportForContainerReportHandler] WARN  container.ContainerReportHandler (AbstractContainerReportHandler.java:updateContainerState(145)) - Container #1 is in OPEN state, but the datanode e47f3d18-6550-4f27-a4cc-ce34c6c87b58{ip: 192.168.34.6, host: pr-hdds-2286-rggtd-639769477, networkLocation: /default-rack, certSerialId: null} reports an CLOSED replica.
2019-10-18 05:46:59,500 [EventQueue-ContainerReportForContainerReportHandler] WARN  container.ContainerReportHandler (AbstractContainerReportHandler.java:updateContainerState(145)) - Container #1 is in OPEN state, but the datanode 58c4827f-663e-41e6-a95a-5c02fdca8528{ip: 192.168.34.6, host: pr-hdds-2286-rggtd-639769477, networkLocation: /default-rack, certSerialId: null} reports an CLOSED replica.
2019-10-18 05:46:59,715 [Thread-392] INFO  client.GrpcClientProtocolService (GrpcClientProtocolService.java:lambda$processClientRequest$0(278)) - Failed RaftClientRequest:client-15CC5DA066CF->e47f3d18-6550-4f27-a4cc-ce34c6c87b58@group-397DB682EABB, cid=10, seq=0, Watch-ALL_COMMITTED(6), Message:<EMPTY>, reply=RaftClientReply:client-15CC5DA066CF->e47f3d18-6550-4f27-a4cc-ce34c6c87b58@group-397DB682EABB, cid=10, FAILED org.apache.ratis.protocol.NotLeaderException: Server e47f3d18-6550-4f27-a4cc-ce34c6c87b58@group-397DB682EABB is not the leader 58c4827f-663e-41e6-a95a-5c02fdca8528:192.168.34.6:39496, logIndex=0, commits[e47f3d18-6550-4f27-a4cc-ce34c6c87b58:c10, 291b4074-36ef-4604-afea-a446d5bcf194:c4, 58c4827f-663e-41e6-a95a-5c02fdca8528:c10]
2019-10-18 05:46:59,726 [EventQueue-ContainerReportForContainerReportHandler] WARN  container.ContainerReportHandler (AbstractContainerReportHandler.java:updateContainerState(145)) - Container #1 is in OPEN state, but the datanode e47f3d18-6550-4f27-a4cc-ce34c6c87b58{ip: 192.168.34.6, host: pr-hdds-2286-rggtd-639769477, networkLocation: /default-rack, certSerialId: null} reports an CLOSED replica.
2019-10-18 05:46:59,800 [EventQueue-ContainerReportForContainerReportHandler] WARN  container.ContainerReportHandler (AbstractContainerReportHandler.java:updateContainerState(145)) - Container #1 is in OPEN state, but the datanode 58c4827f-663e-41e6-a95a-5c02fdca8528{ip: 192.168.34.6, host: pr-hdds-2286-rggtd-639769477, networkLocation: /default-rack, certSerialId: null} reports an CLOSED replica.
2019-10-18 05:46:59,900 [BlockDeletingService#3] WARN  background.BlockDeletingService (BlockDeletingService.java:isDeletionAllowed(187)) - Close Container log Index 6 is not replicated across allthe servers in the pipeline e751b4d9-2be2-4ced-b2ee-397db682eabb as the min replicated index is 4. Deletion is not allowed in this container yet.
2019-10-18 05:46:59,901 [BlockDeletingService#2] WARN  background.BlockDeletingService (BlockDeletingService.java:isDeletionAllowed(187)) - Close Container log Index 6 is not replicated across allthe servers in the pipeline e751b4d9-2be2-4ced-b2ee-397db682eabb as the min replicated index is 4. Deletion is not allowed in this container yet.
2019-10-18 05:47:00,002 [EventQueue-ContainerReportForContainerReportHandler] WARN  container.ContainerReportHandler (AbstractContainerReportHandler.java:updateContainerState(145)) - Container #1 is in OPEN state, but the datanode 58c4827f-663e-41e6-a95a-5c02fdca8528{ip: 192.168.34.6, host: pr-hdds-2286-rggtd-639769477, networkLocation: /default-rack, certSerialId: null} reports an CLOSED replica.
2019-10-18 05:47:00,025 [EventQueue-ContainerReportForContainerReportHandler] WARN  container.ContainerReportHandler (AbstractContainerReportHandler.java:updateContainerState(145)) - Container #1 is in OPEN state, but the datanode e47f3d18-6550-4f27-a4cc-ce34c6c87b58{ip: 192.168.34.6, host: pr-hdds-2286-rggtd-639769477, networkLocation: /default-rack, certSerialId: null} reports an CLOSED replica.
2019-10-18 05:47:00,303 [EventQueue-ContainerReportForContainerReportHandler] WARN  container.ContainerReportHandler (AbstractContainerReportHandler.java:updateContainerState(145)) - Container #1 is in OPEN state, but the datanode 58c4827f-663e-41e6-a95a-5c02fdca8528{ip: 192.168.34.6, host: pr-hdds-2286-rggtd-639769477, networkLocation: /default-rack, certSerialId: null} reports an CLOSED replica.
2019-10-18 05:47:00,326 [EventQueue-ContainerReportForContainerReportHandler] WARN  container.ContainerReportHandler (AbstractContainerReportHandler.java:updateContainerState(145)) - Container #1 is in OPEN state, but the datanode e47f3d18-6550-4f27-a4cc-ce34c6c87b58{ip: 192.168.34.6, host: pr-hdds-2286-rggtd-639769477, networkLocation: /default-rack, certSerialId: null} reports an CLOSED replica.
2019-10-18 05:47:00,603 [EventQueue-ContainerReportForContainerReportHandler] WARN  container.ContainerReportHandler (AbstractContainerReportHandler.java:updateContainerState(145)) - Container #1 is in OPEN state, but the datanode 58c4827f-663e-41e6-a95a-5c02fdca8528{ip: 192.168.34.6, host: pr-hdds-2286-rggtd-639769477, networkLocation: /default-rack, certSerialId: null} reports an CLOSED replica.
2019-10-18 05:47:00,626 [EventQueue-ContainerReportForContainerReportHandler] WARN  container.ContainerReportHandler (AbstractContainerReportHandler.java:updateContainerState(145)) - Container #1 is in OPEN state, but the datanode e47f3d18-6550-4f27-a4cc-ce34c6c87b58{ip: 192.168.34.6, host: pr-hdds-2286-rggtd-639769477, networkLocation: /default-rack, certSerialId: null} reports an CLOSED replica.
2019-10-18 05:47:00,628 [java.util.concurrent.ThreadPoolExecutor$Worker@5716808[State = -1, empty queue]] WARN  server.GrpcLogAppender (GrpcLogAppender.java:timeoutAppendRequest(209)) - 58c4827f-663e-41e6-a95a-5c02fdca8528@group-397DB682EABB->291b4074-36ef-4604-afea-a446d5bcf194-GrpcLogAppender: appendEntries Timeout, request=58c4827f-663e-41e6-a95a-5c02fdca8528->291b4074-36ef-4604-afea-a446d5bcf194#31-t4, previous=(t:4, i:10), leaderCommit=10, initializing? false, entries: <empty>
2019-10-18 05:47:00,755 [Thread-398] INFO  client.GrpcClientProtocolService (GrpcClientProtocolService.java:lambda$processClientRequest$0(278)) - Failed RaftClientRequest:client-15CC5DA066CF->58c4827f-663e-41e6-a95a-5c02fdca8528@group-397DB682EABB, cid=10, seq=0, Watch-ALL_COMMITTED(6), Message:<EMPTY>, reply=RaftClientReply:client-15CC5DA066CF->58c4827f-663e-41e6-a95a-5c02fdca8528@group-397DB682EABB, cid=10, FAILED org.apache.ratis.protocol.NotReplicatedException: Request with call Id 10 and log index 6 is not yet replicated to ALL_COMMITTED, logIndex=6, commits[58c4827f-663e-41e6-a95a-5c02fdca8528:c10, 291b4074-36ef-4604-afea-a446d5bcf194:c4, e47f3d18-6550-4f27-a4cc-ce34c6c87b58:c10]
2019-10-18 05:47:00,902 [BlockDeletingService#2] WARN  background.BlockDeletingService (BlockDeletingService.java:isDeletionAllowed(187)) - Close Container log Index 6 is not replicated across allthe servers in the pipeline e751b4d9-2be2-4ced-b2ee-397db682eabb as the min replicated index is 4. Deletion is not allowed in this container yet.
2019-10-18 05:47:00,903 [BlockDeletingService#3] WARN  background.BlockDeletingService (BlockDeletingService.java:isDeletionAllowed(187)) - Close Container log Index 6 is not replicated across allthe servers in the pipeline e751b4d9-2be2-4ced-b2ee-397db682eabb as the min replicated index is 4. Deletion is not allowed in this container yet.
2019-10-18 05:47:00,905 [EventQueue-ContainerReportForContainerReportHandler] WARN  container.ContainerReportHandler (AbstractContainerReportHandler.java:updateContainerState(145)) - Container #1 is in OPEN state, but the datanode 58c4827f-663e-41e6-a95a-5c02fdca8528{ip: 192.168.34.6, host: pr-hdds-2286-rggtd-639769477, networkLocation: /default-rack, certSerialId: null} reports an CLOSED replica.
2019-10-18 05:47:00,925 [EventQueue-ContainerReportForContainerReportHandler] WARN  container.ContainerReportHandler (AbstractContainerReportHandler.java:updateContainerState(145)) - Container #1 is in OPEN state, but the datanode e47f3d18-6550-4f27-a4cc-ce34c6c87b58{ip: 192.168.34.6, host: pr-hdds-2286-rggtd-639769477, networkLocation: /default-rack, certSerialId: null} reports an CLOSED replica.
2019-10-18 05:47:01,225 [EventQueue-ContainerReportForContainerReportHandler] WARN  container.ContainerReportHandler (AbstractContainerReportHandler.java:updateContainerState(145)) - Container #1 is in OPEN state, but the datanode e47f3d18-6550-4f27-a4cc-ce34c6c87b58{ip: 192.168.34.6, host: pr-hdds-2286-rggtd-639769477, networkLocation: /default-rack, certSerialId: null} reports an CLOSED replica.
2019-10-18 05:47:01,305 [EventQueue-ContainerReportForContainerReportHandler] WARN  container.ContainerReportHandler (AbstractContainerReportHandler.java:updateContainerState(145)) - Container #1 is in OPEN state, but the datanode 58c4827f-663e-41e6-a95a-5c02fdca8528{ip: 192.168.34.6, host: pr-hdds-2286-rggtd-639769477, networkLocation: /default-rack, certSerialId: null} reports an CLOSED replica.
2019-10-18 05:47:01,427 [EventQueue-ContainerReportForContainerReportHandler] WARN  container.ContainerReportHandler (AbstractContainerReportHandler.java:updateContainerState(145)) - Container #1 is in OPEN state, but the datanode e47f3d18-6550-4f27-a4cc-ce34c6c87b58{ip: 192.168.34.6, host: pr-hdds-2286-rggtd-639769477, networkLocation: /default-rack, certSerialId: null} reports an CLOSED replica.
2019-10-18 05:47:01,627 [EventQueue-ContainerReportForContainerReportHandler] WARN  container.ContainerReportHandler (AbstractContainerReportHandler.java:updateContainerState(145)) - Container #1 is in OPEN state, but the datanode e47f3d18-6550-4f27-a4cc-ce34c6c87b58{ip: 192.168.34.6, host: pr-hdds-2286-rggtd-639769477, networkLocation: /default-rack, certSerialId: null} reports an CLOSED replica.
2019-10-18 05:47:01,705 [EventQueue-ContainerReportForContainerReportHandler] WARN  container.ContainerReportHandler (AbstractContainerReportHandler.java:updateContainerState(145)) - Container #1 is in OPEN state, but the datanode 58c4827f-663e-41e6-a95a-5c02fdca8528{ip: 192.168.34.6, host: pr-hdds-2286-rggtd-639769477, networkLocation: /default-rack, certSerialId: null} reports an CLOSED replica.
2019-10-18 05:47:01,904 [BlockDeletingService#2] WARN  background.BlockDeletingService (BlockDeletingService.java:isDeletionAllowed(187)) - Close Container log Index 6 is not replicated across allthe servers in the pipeline e751b4d9-2be2-4ced-b2ee-397db682eabb as the min replicated index is 4. Deletion is not allowed in this container yet.
2019-10-18 05:47:01,906 [EventQueue-ContainerReportForContainerReportHandler] WARN  container.ContainerReportHandler (AbstractContainerReportHandler.java:updateContainerState(145)) - Container #1 is in OPEN state, but the datanode 58c4827f-663e-41e6-a95a-5c02fdca8528{ip: 192.168.34.6, host: pr-hdds-2286-rggtd-639769477, networkLocation: /default-rack, certSerialId: null} reports an CLOSED replica.
2019-10-18 05:47:01,906 [BlockDeletingService#3] WARN  background.BlockDeletingService (BlockDeletingService.java:isDeletionAllowed(187)) - Close Container log Index 6 is not replicated across allthe servers in the pipeline e751b4d9-2be2-4ced-b2ee-397db682eabb as the min replicated index is 4. Deletion is not allowed in this container yet.
2019-10-18 05:47:01,927 [EventQueue-ContainerReportForContainerReportHandler] WARN  container.ContainerReportHandler (AbstractContainerReportHandler.java:updateContainerState(145)) - Container #1 is in OPEN state, but the datanode e47f3d18-6550-4f27-a4cc-ce34c6c87b58{ip: 192.168.34.6, host: pr-hdds-2286-rggtd-639769477, networkLocation: /default-rack, certSerialId: null} reports an CLOSED replica.
2019-10-18 05:47:02,127 [EventQueue-ContainerReportForContainerReportHandler] WARN  container.ContainerReportHandler (AbstractContainerReportHandler.java:updateContainerState(145)) - Container #1 is in OPEN state, but the datanode e47f3d18-6550-4f27-a4cc-ce34c6c87b58{ip: 192.168.34.6, host: pr-hdds-2286-rggtd-639769477, networkLocation: /default-rack, certSerialId: null} reports an CLOSED replica.
2019-10-18 05:47:02,205 [EventQueue-ContainerReportForContainerReportHandler] WARN  container.ContainerReportHandler (AbstractContainerReportHandler.java:updateContainerState(145)) - Container #1 is in OPEN state, but the datanode 58c4827f-663e-41e6-a95a-5c02fdca8528{ip: 192.168.34.6, host: pr-hdds-2286-rggtd-639769477, networkLocation: /default-rack, certSerialId: null} reports an CLOSED replica.
2019-10-18 05:47:02,505 [EventQueue-ContainerReportForContainerReportHandler] WARN  container.ContainerReportHandler (AbstractContainerReportHandler.java:updateContainerState(145)) - Container #1 is in OPEN state, but the datanode 58c4827f-663e-41e6-a95a-5c02fdca8528{ip: 192.168.34.6, host: pr-hdds-2286-rggtd-639769477, networkLocation: /default-rack, certSerialId: null} reports an CLOSED replica.
2019-10-18 05:47:02,526 [EventQueue-ContainerReportForContainerReportHandler] WARN  container.ContainerReportHandler (AbstractContainerReportHandler.java:updateContainerState(145)) - Container #1 is in OPEN state, but the datanode e47f3d18-6550-4f27-a4cc-ce34c6c87b58{ip: 192.168.34.6, host: pr-hdds-2286-rggtd-639769477, networkLocation: /default-rack, certSerialId: null} reports an CLOSED replica.
2019-10-18 05:47:02,729 [EventQueue-ContainerReportForContainerReportHandler] WARN  container.ContainerReportHandler (AbstractContainerReportHandler.java:updateContainerState(145)) - Container #1 is in OPEN state, but the datanode e47f3d18-6550-4f27-a4cc-ce34c6c87b58{ip: 192.168.34.6, host: pr-hdds-2286-rggtd-639769477, networkLocation: /default-rack, certSerialId: null} reports an CLOSED replica.
2019-10-18 05:47:02,804 [EventQueue-ContainerReportForContainerReportHandler] WARN  container.ContainerReportHandler (AbstractContainerReportHandler.java:updateContainerState(145)) - Container #1 is in OPEN state, but the datanode 58c4827f-663e-41e6-a95a-5c02fdca8528{ip: 192.168.34.6, host: pr-hdds-2286-rggtd-639769477, networkLocation: /default-rack, certSerialId: null} reports an CLOSED replica.
2019-10-18 05:47:02,906 [BlockDeletingService#2] WARN  background.BlockDeletingService (BlockDeletingService.java:isDeletionAllowed(187)) - Close Container log Index 6 is not replicated across allthe servers in the pipeline e751b4d9-2be2-4ced-b2ee-397db682eabb as the min replicated index is 4. Deletion is not allowed in this container yet.
2019-10-18 05:47:02,907 [BlockDeletingService#3] WARN  background.BlockDeletingService (BlockDeletingService.java:isDeletionAllowed(187)) - Close Container log Index 6 is not replicated across allthe servers in the pipeline e751b4d9-2be2-4ced-b2ee-397db682eabb as the min replicated index is 4. Deletion is not allowed in this container yet.
2019-10-18 05:47:03,005 [EventQueue-ContainerReportForContainerReportHandler] WARN  container.ContainerReportHandler (AbstractContainerReportHandler.java:updateContainerState(145)) - Container #1 is in OPEN state, but the datanode 58c4827f-663e-41e6-a95a-5c02fdca8528{ip: 192.168.34.6, host: pr-hdds-2286-rggtd-639769477, networkLocation: /default-rack, certSerialId: null} reports an CLOSED replica.
2019-10-18 05:47:03,027 [EventQueue-ContainerReportForContainerReportHandler] WARN  container.ContainerReportHandler (AbstractContainerReportHandler.java:updateContainerState(145)) - Container #1 is in OPEN state, but the datanode e47f3d18-6550-4f27-a4cc-ce34c6c87b58{ip: 192.168.34.6, host: pr-hdds-2286-rggtd-639769477, networkLocation: /default-rack, certSerialId: null} reports an CLOSED replica.
2019-10-18 05:47:03,129 [java.util.concurrent.ThreadPoolExecutor$Worker@5716808[State = -1, empty queue]] WARN  server.GrpcLogAppender (GrpcLogAppender.java:timeoutAppendRequest(209)) - 58c4827f-663e-41e6-a95a-5c02fdca8528@group-397DB682EABB->291b4074-36ef-4604-afea-a446d5bcf194-GrpcLogAppender: appendEntries Timeout, request=58c4827f-663e-41e6-a95a-5c02fdca8528->291b4074-36ef-4604-afea-a446d5bcf194#32-t4, previous=(t:4, i:10), leaderCommit=10, initializing? false, entries: <empty>
2019-10-18 05:47:03,205 [EventQueue-ContainerReportForContainerReportHandler] WARN  container.ContainerReportHandler (AbstractContainerReportHandler.java:updateContainerState(145)) - Container #1 is in OPEN state, but the datanode 58c4827f-663e-41e6-a95a-5c02fdca8528{ip: 192.168.34.6, host: pr-hdds-2286-rggtd-639769477, networkLocation: /default-rack, certSerialId: null} reports an CLOSED replica.
2019-10-18 05:47:03,327 [EventQueue-ContainerReportForContainerReportHandler] WARN  container.ContainerReportHandler (AbstractContainerReportHandler.java:updateContainerState(145)) - Container #1 is in OPEN state, but the datanode e47f3d18-6550-4f27-a4cc-ce34c6c87b58{ip: 192.168.34.6, host: pr-hdds-2286-rggtd-639769477, networkLocation: /default-rack, certSerialId: null} reports an CLOSED replica.
2019-10-18 05:47:03,505 [EventQueue-ContainerReportForContainerReportHandler] WARN  container.ContainerReportHandler (AbstractContainerReportHandler.java:updateContainerState(145)) - Container #1 is in OPEN state, but the datanode 58c4827f-663e-41e6-a95a-5c02fdca8528{ip: 192.168.34.6, host: pr-hdds-2286-rggtd-639769477, networkLocation: /default-rack, certSerialId: null} reports an CLOSED replica.
2019-10-18 05:47:03,529 [EventQueue-ContainerReportForContainerReportHandler] WARN  container.ContainerReportHandler (AbstractContainerReportHandler.java:updateContainerState(145)) - Container #1 is in OPEN state, but the datanode e47f3d18-6550-4f27-a4cc-ce34c6c87b58{ip: 192.168.34.6, host: pr-hdds-2286-rggtd-639769477, networkLocation: /default-rack, certSerialId: null} reports an CLOSED replica.
2019-10-18 05:47:03,705 [EventQueue-ContainerReportForContainerReportHandler] WARN  container.ContainerReportHandler (AbstractContainerReportHandler.java:updateContainerState(145)) - Container #1 is in OPEN state, but the datanode 58c4827f-663e-41e6-a95a-5c02fdca8528{ip: 192.168.34.6, host: pr-hdds-2286-rggtd-639769477, networkLocation: /default-rack, certSerialId: null} reports an CLOSED replica.
2019-10-18 05:47:03,908 [BlockDeletingService#3] WARN  background.BlockDeletingService (BlockDeletingService.java:isDeletionAllowed(187)) - Close Container log Index 6 is not replicated across allthe servers in the pipeline e751b4d9-2be2-4ced-b2ee-397db682eabb as the min replicated index is 4. Deletion is not allowed in this container yet.
2019-10-18 05:47:03,908 [BlockDeletingService#2] WARN  background.BlockDeletingService (BlockDeletingService.java:isDeletionAllowed(187)) - Close Container log Index 6 is not replicated across allthe servers in the pipeline e751b4d9-2be2-4ced-b2ee-397db682eabb as the min replicated index is 4. Deletion is not allowed in this container yet.
2019-10-18 05:47:03,929 [EventQueue-ContainerReportForContainerReportHandler] WARN  container.ContainerReportHandler (AbstractContainerReportHandler.java:updateContainerState(145)) - Container #1 is in OPEN state, but the datanode e47f3d18-6550-4f27-a4cc-ce34c6c87b58{ip: 192.168.34.6, host: pr-hdds-2286-rggtd-639769477, networkLocation: /default-rack, certSerialId: null} reports an CLOSED replica.
2019-10-18 05:47:04,105 [EventQueue-ContainerReportForContainerReportHandler] WARN  container.ContainerReportHandler (AbstractContainerReportHandler.java:updateContainerState(145)) - Container #1 is in OPEN state, but the datanode 58c4827f-663e-41e6-a95a-5c02fdca8528{ip: 192.168.34.6, host: pr-hdds-2286-rggtd-639769477, networkLocation: /default-rack, certSerialId: null} reports an CLOSED replica.
2019-10-18 05:47:04,328 [EventQueue-ContainerReportForContainerReportHandler] WARN  container.ContainerReportHandler (AbstractContainerReportHandler.java:updateContainerState(145)) - Container #1 is in OPEN state, but the datanode e47f3d18-6550-4f27-a4cc-ce34c6c87b58{ip: 192.168.34.6, host: pr-hdds-2286-rggtd-639769477, networkLocation: /default-rack, certSerialId: null} reports an CLOSED replica.
2019-10-18 05:47:04,406 [EventQueue-ContainerReportForContainerReportHandler] WARN  container.ContainerReportHandler (AbstractContainerReportHandler.java:updateContainerState(145)) - Container #1 is in OPEN state, but the datanode 58c4827f-663e-41e6-a95a-5c02fdca8528{ip: 192.168.34.6, host: pr-hdds-2286-rggtd-639769477, networkLocation: /default-rack, certSerialId: null} reports an CLOSED replica.
2019-10-18 05:47:04,629 [EventQueue-ContainerReportForContainerReportHandler] WARN  container.ContainerReportHandler (AbstractContainerReportHandler.java:updateContainerState(145)) - Container #1 is in OPEN state, but the datanode e47f3d18-6550-4f27-a4cc-ce34c6c87b58{ip: 192.168.34.6, host: pr-hdds-2286-rggtd-639769477, networkLocation: /default-rack, certSerialId: null} reports an CLOSED replica.
2019-10-18 05:47:04,806 [EventQueue-ContainerReportForContainerReportHandler] WARN  container.ContainerReportHandler (AbstractContainerReportHandler.java:updateContainerState(145)) - Container #1 is in OPEN state, but the datanode 58c4827f-663e-41e6-a95a-5c02fdca8528{ip: 192.168.34.6, host: pr-hdds-2286-rggtd-639769477, networkLocation: /default-rack, certSerialId: null} reports an CLOSED replica.
2019-10-18 05:47:04,909 [BlockDeletingService#3] WARN  background.BlockDeletingService (BlockDeletingService.java:isDeletionAllowed(187)) - Close Container log Index 6 is not replicated across allthe servers in the pipeline e751b4d9-2be2-4ced-b2ee-397db682eabb as the min replicated index is 4. Deletion is not allowed in this container yet.
2019-10-18 05:47:04,910 [BlockDeletingService#2] WARN  background.BlockDeletingService (BlockDeletingService.java:isDeletionAllowed(187)) - Close Container log Index 6 is not replicated across allthe servers in the pipeline e751b4d9-2be2-4ced-b2ee-397db682eabb as the min replicated index is 4. Deletion is not allowed in this container yet.
2019-10-18 05:47:04,928 [EventQueue-ContainerReportForContainerReportHandler] WARN  container.ContainerReportHandler (AbstractContainerReportHandler.java:updateContainerState(145)) - Container #1 is in OPEN state, but the datanode e47f3d18-6550-4f27-a4cc-ce34c6c87b58{ip: 192.168.34.6, host: pr-hdds-2286-rggtd-639769477, networkLocation: /default-rack, certSerialId: null} reports an CLOSED replica.
2019-10-18 05:47:05,006 [EventQueue-ContainerReportForContainerReportHandler] WARN  container.ContainerReportHandler (AbstractContainerReportHandler.java:updateContainerState(145)) - Container #1 is in OPEN state, but the datanode 58c4827f-663e-41e6-a95a-5c02fdca8528{ip: 192.168.34.6, host: pr-hdds-2286-rggtd-639769477, networkLocation: /default-rack, certSerialId: null} reports an CLOSED replica.
2019-10-18 05:47:05,329 [EventQueue-ContainerReportForContainerReportHandler] WARN  container.ContainerReportHandler (AbstractContainerReportHandler.java:updateContainerState(145)) - Container #1 is in OPEN state, but the datanode e47f3d18-6550-4f27-a4cc-ce34c6c87b58{ip: 192.168.34.6, host: pr-hdds-2286-rggtd-639769477, networkLocation: /default-rack, certSerialId: null} reports an CLOSED replica.
2019-10-18 05:47:05,407 [EventQueue-ContainerReportForContainerReportHandler] WARN  container.ContainerReportHandler (AbstractContainerReportHandler.java:updateContainerState(145)) - Container #1 is in OPEN state, but the datanode 58c4827f-663e-41e6-a95a-5c02fdca8528{ip: 192.168.34.6, host: pr-hdds-2286-rggtd-639769477, networkLocation: /default-rack, certSerialId: null} reports an CLOSED replica.
2019-10-18 05:47:05,608 [EventQueue-ContainerReportForContainerReportHandler] WARN  container.ContainerReportHandler (AbstractContainerReportHandler.java:updateContainerState(145)) - Container #1 is in OPEN state, but the datanode 58c4827f-663e-41e6-a95a-5c02fdca8528{ip: 192.168.34.6, host: pr-hdds-2286-rggtd-639769477, networkLocation: /default-rack, certSerialId: null} reports an CLOSED replica.
2019-10-18 05:47:05,630 [java.util.concurrent.ThreadPoolExecutor$Worker@5716808[State = -1, empty queue]] WARN  server.GrpcLogAppender (GrpcLogAppender.java:timeoutAppendRequest(209)) - 58c4827f-663e-41e6-a95a-5c02fdca8528@group-397DB682EABB->291b4074-36ef-4604-afea-a446d5bcf194-GrpcLogAppender: appendEntries Timeout, request=58c4827f-663e-41e6-a95a-5c02fdca8528->291b4074-36ef-4604-afea-a446d5bcf194#33-t4, previous=(t:4, i:10), leaderCommit=10, initializing? false, entries: <empty>
2019-10-18 05:47:05,732 [EventQueue-ContainerReportForContainerReportHandler] WARN  container.ContainerReportHandler (AbstractContainerReportHandler.java:updateContainerState(145)) - Container #1 is in OPEN state, but the datanode e47f3d18-6550-4f27-a4cc-ce34c6c87b58{ip: 192.168.34.6, host: pr-hdds-2286-rggtd-639769477, networkLocation: /default-rack, certSerialId: null} reports an CLOSED replica.
2019-10-18 05:47:05,910 [BlockDeletingService#3] WARN  background.BlockDeletingService (BlockDeletingService.java:isDeletionAllowed(187)) - Close Container log Index 6 is not replicated across allthe servers in the pipeline e751b4d9-2be2-4ced-b2ee-397db682eabb as the min replicated index is 4. Deletion is not allowed in this container yet.
2019-10-18 05:47:05,911 [BlockDeletingService#2] WARN  background.BlockDeletingService (BlockDeletingService.java:isDeletionAllowed(187)) - Close Container log Index 6 is not replicated across allthe servers in the pipeline e751b4d9-2be2-4ced-b2ee-397db682eabb as the min replicated index is 4. Deletion is not allowed in this container yet.
2019-10-18 05:47:05,934 [EventQueue-ContainerReportForContainerReportHandler] WARN  container.ContainerReportHandler (AbstractContainerReportHandler.java:updateContainerState(145)) - Container #1 is in OPEN state, but the datanode e47f3d18-6550-4f27-a4cc-ce34c6c87b58{ip: 192.168.34.6, host: pr-hdds-2286-rggtd-639769477, networkLocation: /default-rack, certSerialId: null} reports an CLOSED replica.
2019-10-18 05:47:06,008 [EventQueue-ContainerReportForContainerReportHandler] WARN  container.ContainerReportHandler (AbstractContainerReportHandler.java:updateContainerState(145)) - Container #1 is in OPEN state, but the datanode 58c4827f-663e-41e6-a95a-5c02fdca8528{ip: 192.168.34.6, host: pr-hdds-2286-rggtd-639769477, networkLocation: /default-rack, certSerialId: null} reports an CLOSED replica.
2019-10-18 05:47:06,233 [EventQueue-ContainerReportForContainerReportHandler] WARN  container.ContainerReportHandler (AbstractContainerReportHandler.java:updateContainerState(145)) - Container #1 is in OPEN state, but the datanode e47f3d18-6550-4f27-a4cc-ce34c6c87b58{ip: 192.168.34.6, host: pr-hdds-2286-rggtd-639769477, networkLocation: /default-rack, certSerialId: null} reports an CLOSED replica.
2019-10-18 05:47:06,309 [EventQueue-ContainerReportForContainerReportHandler] WARN  container.ContainerReportHandler (AbstractContainerReportHandler.java:updateContainerState(145)) - Container #1 is in OPEN state, but the datanode 58c4827f-663e-41e6-a95a-5c02fdca8528{ip: 192.168.34.6, host: pr-hdds-2286-rggtd-639769477, networkLocation: /default-rack, certSerialId: null} reports an CLOSED replica.
2019-10-18 05:47:06,508 [EventQueue-ContainerReportForContainerReportHandler] WARN  container.ContainerReportHandler (AbstractContainerReportHandler.java:updateContainerState(145)) - Container #1 is in OPEN state, but the datanode 58c4827f-663e-41e6-a95a-5c02fdca8528{ip: 192.168.34.6, host: pr-hdds-2286-rggtd-639769477, networkLocation: /default-rack, certSerialId: null} reports an CLOSED replica.
2019-10-18 05:47:06,633 [EventQueue-ContainerReportForContainerReportHandler] WARN  container.ContainerReportHandler (AbstractContainerReportHandler.java:updateContainerState(145)) - Container #1 is in OPEN state, but the datanode e47f3d18-6550-4f27-a4cc-ce34c6c87b58{ip: 192.168.34.6, host: pr-hdds-2286-rggtd-639769477, networkLocation: /default-rack, certSerialId: null} reports an CLOSED replica.
2019-10-18 05:47:06,809 [EventQueue-ContainerReportForContainerReportHandler] WARN  container.ContainerReportHandler (AbstractContainerReportHandler.java:updateContainerState(145)) - Container #1 is in OPEN state, but the datanode 58c4827f-663e-41e6-a95a-5c02fdca8528{ip: 192.168.34.6, host: pr-hdds-2286-rggtd-639769477, networkLocation: /default-rack, certSerialId: null} reports an CLOSED replica.
2019-10-18 05:47:06,912 [BlockDeletingService#2] WARN  background.BlockDeletingService (BlockDeletingService.java:isDeletionAllowed(187)) - Close Container log Index 6 is not replicated across allthe servers in the pipeline e751b4d9-2be2-4ced-b2ee-397db682eabb as the min replicated index is 4. Deletion is not allowed in this container yet.
2019-10-18 05:47:06,912 [BlockDeletingService#3] WARN  background.BlockDeletingService (BlockDeletingService.java:isDeletionAllowed(187)) - Close Container log Index 6 is not replicated across allthe servers in the pipeline e751b4d9-2be2-4ced-b2ee-397db682eabb as the min replicated index is 4. Deletion is not allowed in this container yet.
2019-10-18 05:47:06,933 [EventQueue-ContainerReportForContainerReportHandler] WARN  container.ContainerReportHandler (AbstractContainerReportHandler.java:updateContainerState(145)) - Container #1 is in OPEN state, but the datanode e47f3d18-6550-4f27-a4cc-ce34c6c87b58{ip: 192.168.34.6, host: pr-hdds-2286-rggtd-639769477, networkLocation: /default-rack, certSerialId: null} reports an CLOSED replica.
2019-10-18 05:47:07,108 [EventQueue-ContainerReportForContainerReportHandler] WARN  container.ContainerReportHandler (AbstractContainerReportHandler.java:updateContainerState(145)) - Container #1 is in OPEN state, but the datanode 58c4827f-663e-41e6-a95a-5c02fdca8528{ip: 192.168.34.6, host: pr-hdds-2286-rggtd-639769477, networkLocation: /default-rack, certSerialId: null} reports an CLOSED replica.
2019-10-18 05:47:07,234 [EventQueue-ContainerReportForContainerReportHandler] WARN  container.ContainerReportHandler (AbstractContainerReportHandler.java:updateContainerState(145)) - Container #1 is in OPEN state, but the datanode e47f3d18-6550-4f27-a4cc-ce34c6c87b58{ip: 192.168.34.6, host: pr-hdds-2286-rggtd-639769477, networkLocation: /default-rack, certSerialId: null} reports an CLOSED replica.
2019-10-18 05:47:07,409 [EventQueue-ContainerReportForContainerReportHandler] WARN  container.ContainerReportHandler (AbstractContainerReportHandler.java:updateContainerState(145)) - Container #1 is in OPEN state, but the datanode 58c4827f-663e-41e6-a95a-5c02fdca8528{ip: 192.168.34.6, host: pr-hdds-2286-rggtd-639769477, networkLocation: /default-rack, certSerialId: null} reports an CLOSED replica.
2019-10-18 05:47:07,536 [EventQueue-ContainerReportForContainerReportHandler] WARN  container.ContainerReportHandler (AbstractContainerReportHandler.java:updateContainerState(145)) - Container #1 is in OPEN state, but the datanode e47f3d18-6550-4f27-a4cc-ce34c6c87b58{ip: 192.168.34.6, host: pr-hdds-2286-rggtd-639769477, networkLocation: /default-rack, certSerialId: null} reports an CLOSED replica.
2019-10-18 05:47:07,608 [EventQueue-ContainerReportForContainerReportHandler] WARN  container.ContainerReportHandler (AbstractContainerReportHandler.java:updateContainerState(145)) - Container #1 is in OPEN state, but the datanode 58c4827f-663e-41e6-a95a-5c02fdca8528{ip: 192.168.34.6, host: pr-hdds-2286-rggtd-639769477, networkLocation: /default-rack, certSerialId: null} reports an CLOSED replica.
2019-10-18 05:47:07,736 [EventQueue-ContainerReportForContainerReportHandler] WARN  container.ContainerReportHandler (AbstractContainerReportHandler.java:updateContainerState(145)) - Container #1 is in OPEN state, but the datanode e47f3d18-6550-4f27-a4cc-ce34c6c87b58{ip: 192.168.34.6, host: pr-hdds-2286-rggtd-639769477, networkLocation: /default-rack, certSerialId: null} reports an CLOSED replica.
2019-10-18 05:47:07,908 [EventQueue-ContainerReportForContainerReportHandler] WARN  container.ContainerReportHandler (AbstractContainerReportHandler.java:updateContainerState(145)) - Container #1 is in OPEN state, but the datanode 58c4827f-663e-41e6-a95a-5c02fdca8528{ip: 192.168.34.6, host: pr-hdds-2286-rggtd-639769477, networkLocation: /default-rack, certSerialId: null} reports an CLOSED replica.
2019-10-18 05:47:07,913 [BlockDeletingService#2] WARN  background.BlockDeletingService (BlockDeletingService.java:isDeletionAllowed(187)) - Close Container log Index 6 is not replicated across allthe servers in the pipeline e751b4d9-2be2-4ced-b2ee-397db682eabb as the min replicated index is 4. Deletion is not allowed in this container yet.
2019-10-18 05:47:07,913 [BlockDeletingService#3] WARN  background.BlockDeletingService (BlockDeletingService.java:isDeletionAllowed(187)) - Close Container log Index 6 is not replicated across allthe servers in the pipeline e751b4d9-2be2-4ced-b2ee-397db682eabb as the min replicated index is 4. Deletion is not allowed in this container yet.
2019-10-18 05:47:08,036 [EventQueue-ContainerReportForContainerReportHandler] WARN  container.ContainerReportHandler (AbstractContainerReportHandler.java:updateContainerState(145)) - Container #1 is in OPEN state, but the datanode e47f3d18-6550-4f27-a4cc-ce34c6c87b58{ip: 192.168.34.6, host: pr-hdds-2286-rggtd-639769477, networkLocation: /default-rack, certSerialId: null} reports an CLOSED replica.
2019-10-18 05:47:08,131 [java.util.concurrent.ThreadPoolExecutor$Worker@5716808[State = -1, empty queue]] WARN  server.GrpcLogAppender (GrpcLogAppender.java:timeoutAppendRequest(209)) - 58c4827f-663e-41e6-a95a-5c02fdca8528@group-397DB682EABB->291b4074-36ef-4604-afea-a446d5bcf194-GrpcLogAppender: appendEntries Timeout, request=58c4827f-663e-41e6-a95a-5c02fdca8528->291b4074-36ef-4604-afea-a446d5bcf194#34-t4, previous=(t:4, i:10), leaderCommit=10, initializing? false, entries: <empty>
2019-10-18 05:47:08,209 [EventQueue-ContainerReportForContainerReportHandler] WARN  container.ContainerReportHandler (AbstractContainerReportHandler.java:updateContainerState(145)) - Container #1 is in OPEN state, but the datanode 58c4827f-663e-41e6-a95a-5c02fdca8528{ip: 192.168.34.6, host: pr-hdds-2286-rggtd-639769477, networkLocation: /default-rack, certSerialId: null} reports an CLOSED replica.
2019-10-18 05:47:08,436 [EventQueue-ContainerReportForContainerReportHandler] WARN  container.ContainerReportHandler (AbstractContainerReportHandler.java:updateContainerState(145)) - Container #1 is in OPEN state, but the datanode e47f3d18-6550-4f27-a4cc-ce34c6c87b58{ip: 192.168.34.6, host: pr-hdds-2286-rggtd-639769477, networkLocation: /default-rack, certSerialId: null} reports an CLOSED replica.
2019-10-18 05:47:08,509 [EventQueue-ContainerReportForContainerReportHandler] WARN  container.ContainerReportHandler (AbstractContainerReportHandler.java:updateContainerState(145)) - Container #1 is in OPEN state, but the datanode 58c4827f-663e-41e6-a95a-5c02fdca8528{ip: 192.168.34.6, host: pr-hdds-2286-rggtd-639769477, networkLocation: /default-rack, certSerialId: null} reports an CLOSED replica.
2019-10-18 05:47:08,708 [EventQueue-ContainerReportForContainerReportHandler] WARN  container.ContainerReportHandler (AbstractContainerReportHandler.java:updateContainerState(145)) - Container #1 is in OPEN state, but the datanode 58c4827f-663e-41e6-a95a-5c02fdca8528{ip: 192.168.34.6, host: pr-hdds-2286-rggtd-639769477, networkLocation: /default-rack, certSerialId: null} reports an CLOSED replica.
2019-10-18 05:47:08,837 [EventQueue-ContainerReportForContainerReportHandler] WARN  container.ContainerReportHandler (AbstractContainerReportHandler.java:updateContainerState(145)) - Container #1 is in OPEN state, but the datanode e47f3d18-6550-4f27-a4cc-ce34c6c87b58{ip: 192.168.34.6, host: pr-hdds-2286-rggtd-639769477, networkLocation: /default-rack, certSerialId: null} reports an CLOSED replica.
2019-10-18 05:47:08,914 [BlockDeletingService#2] WARN  background.BlockDeletingService (BlockDeletingService.java:isDeletionAllowed(187)) - Close Container log Index 6 is not replicated across allthe servers in the pipeline e751b4d9-2be2-4ced-b2ee-397db682eabb as the min replicated index is 4. Deletion is not allowed in this container yet.
2019-10-18 05:47:08,914 [BlockDeletingService#3] WARN  background.BlockDeletingService (BlockDeletingService.java:isDeletionAllowed(187)) - Close Container log Index 6 is not replicated across allthe servers in the pipeline e751b4d9-2be2-4ced-b2ee-397db682eabb as the min replicated index is 4. Deletion is not allowed in this container yet.
2019-10-18 05:47:09,108 [EventQueue-ContainerReportForContainerReportHandler] WARN  container.ContainerReportHandler (AbstractContainerReportHandler.java:updateContainerState(145)) - Container #1 is in OPEN state, but the datanode 58c4827f-663e-41e6-a95a-5c02fdca8528{ip: 192.168.34.6, host: pr-hdds-2286-rggtd-639769477, networkLocation: /default-rack, certSerialId: null} reports an CLOSED replica.
2019-10-18 05:47:09,137 [EventQueue-ContainerReportForContainerReportHandler] WARN  container.ContainerReportHandler (AbstractContainerReportHandler.java:updateContainerState(145)) - Container #1 is in OPEN state, but the datanode e47f3d18-6550-4f27-a4cc-ce34c6c87b58{ip: 192.168.34.6, host: pr-hdds-2286-rggtd-639769477, networkLocation: /default-rack, certSerialId: null} reports an CLOSED replica.
2019-10-18 05:47:09,409 [EventQueue-ContainerReportForContainerReportHandler] WARN  container.ContainerReportHandler (AbstractContainerReportHandler.java:updateContainerState(145)) - Container #1 is in OPEN state, but the datanode 58c4827f-663e-41e6-a95a-5c02fdca8528{ip: 192.168.34.6, host: pr-hdds-2286-rggtd-639769477, networkLocation: /default-rack, certSerialId: null} reports an CLOSED replica.
2019-10-18 05:47:09,536 [EventQueue-ContainerReportForContainerReportHandler] WARN  container.ContainerReportHandler (AbstractContainerReportHandler.java:updateContainerState(145)) - Container #1 is in OPEN state, but the datanode e47f3d18-6550-4f27-a4cc-ce34c6c87b58{ip: 192.168.34.6, host: pr-hdds-2286-rggtd-639769477, networkLocation: /default-rack, certSerialId: null} reports an CLOSED replica.
2019-10-18 05:47:09,708 [EventQueue-ContainerReportForContainerReportHandler] WARN  container.ContainerReportHandler (AbstractContainerReportHandler.java:updateContainerState(145)) - Container #1 is in OPEN state, but the datanode 58c4827f-663e-41e6-a95a-5c02fdca8528{ip: 192.168.34.6, host: pr-hdds-2286-rggtd-639769477, networkLocation: /default-rack, certSerialId: null} reports an CLOSED replica.
2019-10-18 05:47:09,736 [EventQueue-ContainerReportForContainerReportHandler] WARN  container.ContainerReportHandler (AbstractContainerReportHandler.java:updateContainerState(145)) - Container #1 is in OPEN state, but the datanode e47f3d18-6550-4f27-a4cc-ce34c6c87b58{ip: 192.168.34.6, host: pr-hdds-2286-rggtd-639769477, networkLocation: /default-rack, certSerialId: null} reports an CLOSED replica.
2019-10-18 05:47:09,755 [Thread-424] INFO  client.GrpcClientProtocolService (GrpcClientProtocolService.java:lambda$processClientRequest$0(278)) - Failed RaftClientRequest:client-15CC5DA066CF->58c4827f-663e-41e6-a95a-5c02fdca8528@group-397DB682EABB, cid=10, seq=0, Watch-ALL_COMMITTED(6), Message:<EMPTY>, reply=RaftClientReply:client-15CC5DA066CF->58c4827f-663e-41e6-a95a-5c02fdca8528@group-397DB682EABB, cid=10, FAILED org.apache.ratis.protocol.NotReplicatedException: Request with call Id 10 and log index 6 is not yet replicated to ALL_COMMITTED, logIndex=6, commits[58c4827f-663e-41e6-a95a-5c02fdca8528:c10, 291b4074-36ef-4604-afea-a446d5bcf194:c4, e47f3d18-6550-4f27-a4cc-ce34c6c87b58:c10]
2019-10-18 05:47:09,916 [BlockDeletingService#2] WARN  background.BlockDeletingService (BlockDeletingService.java:isDeletionAllowed(187)) - Close Container log Index 6 is not replicated across allthe servers in the pipeline e751b4d9-2be2-4ced-b2ee-397db682eabb as the min replicated index is 4. Deletion is not allowed in this container yet.
2019-10-18 05:47:09,916 [BlockDeletingService#3] WARN  background.BlockDeletingService (BlockDeletingService.java:isDeletionAllowed(187)) - Close Container log Index 6 is not replicated across allthe servers in the pipeline e751b4d9-2be2-4ced-b2ee-397db682eabb as the min replicated index is 4. Deletion is not allowed in this container yet.
2019-10-18 05:47:10,009 [EventQueue-ContainerReportForContainerReportHandler] WARN  container.ContainerReportHandler (AbstractContainerReportHandler.java:updateContainerState(145)) - Container #1 is in OPEN state, but the datanode 58c4827f-663e-41e6-a95a-5c02fdca8528{ip: 192.168.34.6, host: pr-hdds-2286-rggtd-639769477, networkLocation: /default-rack, certSerialId: null} reports an CLOSED replica.
2019-10-18 05:47:10,036 [EventQueue-ContainerReportForContainerReportHandler] WARN  container.ContainerReportHandler (AbstractContainerReportHandler.java:updateContainerState(145)) - Container #1 is in OPEN state, but the datanode e47f3d18-6550-4f27-a4cc-ce34c6c87b58{ip: 192.168.34.6, host: pr-hdds-2286-rggtd-639769477, networkLocation: /default-rack, certSerialId: null} reports an CLOSED replica.
2019-10-18 05:47:10,308 [EventQueue-ContainerReportForContainerReportHandler] WARN  container.ContainerReportHandler (AbstractContainerReportHandler.java:updateContainerState(145)) - Container #1 is in OPEN state, but the datanode 58c4827f-663e-41e6-a95a-5c02fdca8528{ip: 192.168.34.6, host: pr-hdds-2286-rggtd-639769477, networkLocation: /default-rack, certSerialId: null} reports an CLOSED replica.
2019-10-18 05:47:10,337 [EventQueue-ContainerReportForContainerReportHandler] WARN  container.ContainerReportHandler (AbstractContainerReportHandler.java:updateContainerState(145)) - Container #1 is in OPEN state, but the datanode e47f3d18-6550-4f27-a4cc-ce34c6c87b58{ip: 192.168.34.6, host: pr-hdds-2286-rggtd-639769477, networkLocation: /default-rack, certSerialId: null} reports an CLOSED replica.
2019-10-18 05:47:10,537 [EventQueue-ContainerReportForContainerReportHandler] WARN  container.ContainerReportHandler (AbstractContainerReportHandler.java:updateContainerState(145)) - Container #1 is in OPEN state, but the datanode e47f3d18-6550-4f27-a4cc-ce34c6c87b58{ip: 192.168.34.6, host: pr-hdds-2286-rggtd-639769477, networkLocation: /default-rack, certSerialId: null} reports an CLOSED replica.
2019-10-18 05:47:10,632 [java.util.concurrent.ThreadPoolExecutor$Worker@5716808[State = -1, empty queue]] WARN  server.GrpcLogAppender (GrpcLogAppender.java:timeoutAppendRequest(209)) - 58c4827f-663e-41e6-a95a-5c02fdca8528@group-397DB682EABB->291b4074-36ef-4604-afea-a446d5bcf194-GrpcLogAppender: appendEntries Timeout, request=58c4827f-663e-41e6-a95a-5c02fdca8528->291b4074-36ef-4604-afea-a446d5bcf194#35-t4, previous=(t:4, i:10), leaderCommit=10, initializing? false, entries: <empty>
2019-10-18 05:47:10,709 [EventQueue-ContainerReportForContainerReportHandler] WARN  container.ContainerReportHandler (AbstractContainerReportHandler.java:updateContainerState(145)) - Container #1 is in OPEN state, but the datanode 58c4827f-663e-41e6-a95a-5c02fdca8528{ip: 192.168.34.6, host: pr-hdds-2286-rggtd-639769477, networkLocation: /default-rack, certSerialId: null} reports an CLOSED replica.
2019-10-18 05:47:10,736 [EventQueue-ContainerReportForContainerReportHandler] WARN  container.ContainerReportHandler (AbstractContainerReportHandler.java:updateContainerState(145)) - Container #1 is in OPEN state, but the datanode e47f3d18-6550-4f27-a4cc-ce34c6c87b58{ip: 192.168.34.6, host: pr-hdds-2286-rggtd-639769477, networkLocation: /default-rack, certSerialId: null} reports an CLOSED replica.
2019-10-18 05:47:10,917 [BlockDeletingService#2] WARN  background.BlockDeletingService (BlockDeletingService.java:isDeletionAllowed(187)) - Close Container log Index 6 is not replicated across allthe servers in the pipeline e751b4d9-2be2-4ced-b2ee-397db682eabb as the min replicated index is 4. Deletion is not allowed in this container yet.
2019-10-18 05:47:10,926 [BlockDeletingService#3] WARN  background.BlockDeletingService (BlockDeletingService.java:isDeletionAllowed(187)) - Close Container log Index 6 is not replicated across allthe servers in the pipeline e751b4d9-2be2-4ced-b2ee-397db682eabb as the min replicated index is 4. Deletion is not allowed in this container yet.
2019-10-18 05:47:11,012 [EventQueue-ContainerReportForContainerReportHandler] WARN  container.ContainerReportHandler (AbstractContainerReportHandler.java:updateContainerState(145)) - Container #1 is in OPEN state, but the datanode 58c4827f-663e-41e6-a95a-5c02fdca8528{ip: 192.168.34.6, host: pr-hdds-2286-rggtd-639769477, networkLocation: /default-rack, certSerialId: null} reports an CLOSED replica.
2019-10-18 05:47:11,036 [EventQueue-ContainerReportForContainerReportHandler] WARN  container.ContainerReportHandler (AbstractContainerReportHandler.java:updateContainerState(145)) - Container #1 is in OPEN state, but the datanode e47f3d18-6550-4f27-a4cc-ce34c6c87b58{ip: 192.168.34.6, host: pr-hdds-2286-rggtd-639769477, networkLocation: /default-rack, certSerialId: null} reports an CLOSED replica.
2019-10-18 05:47:11,213 [EventQueue-ContainerReportForContainerReportHandler] WARN  container.ContainerReportHandler (AbstractContainerReportHandler.java:updateContainerState(145)) - Container #1 is in OPEN state, but the datanode 58c4827f-663e-41e6-a95a-5c02fdca8528{ip: 192.168.34.6, host: pr-hdds-2286-rggtd-639769477, networkLocation: /default-rack, certSerialId: null} reports an CLOSED replica.
2019-10-18 05:47:11,237 [EventQueue-ContainerReportForContainerReportHandler] WARN  container.ContainerReportHandler (AbstractContainerReportHandler.java:updateContainerState(145)) - Container #1 is in OPEN state, but the datanode e47f3d18-6550-4f27-a4cc-ce34c6c87b58{ip: 192.168.34.6, host: pr-hdds-2286-rggtd-639769477, networkLocation: /default-rack, certSerialId: null} reports an CLOSED replica.
2019-10-18 05:47:11,413 [EventQueue-ContainerReportForContainerReportHandler] WARN  container.ContainerReportHandler (AbstractContainerReportHandler.java:updateContainerState(145)) - Container #1 is in OPEN state, but the datanode 58c4827f-663e-41e6-a95a-5c02fdca8528{ip: 192.168.34.6, host: pr-hdds-2286-rggtd-639769477, networkLocation: /default-rack, certSerialId: null} reports an CLOSED replica.
2019-10-18 05:47:11,636 [EventQueue-ContainerReportForContainerReportHandler] WARN  container.ContainerReportHandler (AbstractContainerReportHandler.java:updateContainerState(145)) - Container #1 is in OPEN state, but the datanode e47f3d18-6550-4f27-a4cc-ce34c6c87b58{ip: 192.168.34.6, host: pr-hdds-2286-rggtd-639769477, networkLocation: /default-rack, certSerialId: null} reports an CLOSED replica.
2019-10-18 05:47:11,713 [EventQueue-ContainerReportForContainerReportHandler] WARN  container.ContainerReportHandler (AbstractContainerReportHandler.java:updateContainerState(145)) - Container #1 is in OPEN state, but the datanode 58c4827f-663e-41e6-a95a-5c02fdca8528{ip: 192.168.34.6, host: pr-hdds-2286-rggtd-639769477, networkLocation: /default-rack, certSerialId: null} reports an CLOSED replica.
2019-10-18 05:47:11,918 [BlockDeletingService#2] WARN  background.BlockDeletingService (BlockDeletingService.java:isDeletionAllowed(187)) - Close Container log Index 6 is not replicated across allthe servers in the pipeline e751b4d9-2be2-4ced-b2ee-397db682eabb as the min replicated index is 4. Deletion is not allowed in this container yet.
2019-10-18 05:47:11,927 [BlockDeletingService#3] WARN  background.BlockDeletingService (BlockDeletingService.java:isDeletionAllowed(187)) - Close Container log Index 6 is not replicated across allthe servers in the pipeline e751b4d9-2be2-4ced-b2ee-397db682eabb as the min replicated index is 4. Deletion is not allowed in this container yet.
2019-10-18 05:47:11,936 [EventQueue-ContainerReportForContainerReportHandler] WARN  container.ContainerReportHandler (AbstractContainerReportHandler.java:updateContainerState(145)) - Container #1 is in OPEN state, but the datanode e47f3d18-6550-4f27-a4cc-ce34c6c87b58{ip: 192.168.34.6, host: pr-hdds-2286-rggtd-639769477, networkLocation: /default-rack, certSerialId: null} reports an CLOSED replica.
2019-10-18 05:47:12,114 [EventQueue-ContainerReportForContainerReportHandler] WARN  container.ContainerReportHandler (AbstractContainerReportHandler.java:updateContainerState(145)) - Container #1 is in OPEN state, but the datanode 58c4827f-663e-41e6-a95a-5c02fdca8528{ip: 192.168.34.6, host: pr-hdds-2286-rggtd-639769477, networkLocation: /default-rack, certSerialId: null} reports an CLOSED replica.
2019-10-18 05:47:12,236 [EventQueue-ContainerReportForContainerReportHandler] WARN  container.ContainerReportHandler (AbstractContainerReportHandler.java:updateContainerState(145)) - Container #1 is in OPEN state, but the datanode e47f3d18-6550-4f27-a4cc-ce34c6c87b58{ip: 192.168.34.6, host: pr-hdds-2286-rggtd-639769477, networkLocation: /default-rack, certSerialId: null} reports an CLOSED replica.
2019-10-18 05:47:12,413 [EventQueue-ContainerReportForContainerReportHandler] WARN  container.ContainerReportHandler (AbstractContainerReportHandler.java:updateContainerState(145)) - Container #1 is in OPEN state, but the datanode 58c4827f-663e-41e6-a95a-5c02fdca8528{ip: 192.168.34.6, host: pr-hdds-2286-rggtd-639769477, networkLocation: /default-rack, certSerialId: null} reports an CLOSED replica.
2019-10-18 05:47:12,614 [EventQueue-ContainerReportForContainerReportHandler] WARN  container.ContainerReportHandler (AbstractContainerReportHandler.java:updateContainerState(145)) - Container #1 is in OPEN state, but the datanode 58c4827f-663e-41e6-a95a-5c02fdca8528{ip: 192.168.34.6, host: pr-hdds-2286-rggtd-639769477, networkLocation: /default-rack, certSerialId: null} reports an CLOSED replica.
2019-10-18 05:47:12,636 [EventQueue-ContainerReportForContainerReportHandler] WARN  container.ContainerReportHandler (AbstractContainerReportHandler.java:updateContainerState(145)) - Container #1 is in OPEN state, but the datanode e47f3d18-6550-4f27-a4cc-ce34c6c87b58{ip: 192.168.34.6, host: pr-hdds-2286-rggtd-639769477, networkLocation: /default-rack, certSerialId: null} reports an CLOSED replica.
2019-10-18 05:47:12,814 [EventQueue-ContainerReportForContainerReportHandler] WARN  container.ContainerReportHandler (AbstractContainerReportHandler.java:updateContainerState(145)) - Container #1 is in OPEN state, but the datanode 58c4827f-663e-41e6-a95a-5c02fdca8528{ip: 192.168.34.6, host: pr-hdds-2286-rggtd-639769477, networkLocation: /default-rack, certSerialId: null} reports an CLOSED replica.
2019-10-18 05:47:12,920 [BlockDeletingService#2] WARN  background.BlockDeletingService (BlockDeletingService.java:isDeletionAllowed(187)) - Close Container log Index 6 is not replicated across allthe servers in the pipeline e751b4d9-2be2-4ced-b2ee-397db682eabb as the min replicated index is 4. Deletion is not allowed in this container yet.
2019-10-18 05:47:12,928 [BlockDeletingService#3] WARN  background.BlockDeletingService (BlockDeletingService.java:isDeletionAllowed(187)) - Close Container log Index 6 is not replicated across allthe servers in the pipeline e751b4d9-2be2-4ced-b2ee-397db682eabb as the min replicated index is 4. Deletion is not allowed in this container yet.
2019-10-18 05:47:12,937 [EventQueue-ContainerReportForContainerReportHandler] WARN  container.ContainerReportHandler (AbstractContainerReportHandler.java:updateContainerState(145)) - Container #1 is in OPEN state, but the datanode e47f3d18-6550-4f27-a4cc-ce34c6c87b58{ip: 192.168.34.6, host: pr-hdds-2286-rggtd-639769477, networkLocation: /default-rack, certSerialId: null} reports an CLOSED replica.
2019-10-18 05:47:13,132 [java.util.concurrent.ThreadPoolExecutor$Worker@5716808[State = -1, empty queue]] WARN  server.GrpcLogAppender (GrpcLogAppender.java:timeoutAppendRequest(209)) - 58c4827f-663e-41e6-a95a-5c02fdca8528@group-397DB682EABB->291b4074-36ef-4604-afea-a446d5bcf194-GrpcLogAppender: appendEntries Timeout, request=58c4827f-663e-41e6-a95a-5c02fdca8528->291b4074-36ef-4604-afea-a446d5bcf194#36-t4, previous=(t:4, i:10), leaderCommit=10, initializing? false, entries: <empty>
2019-10-18 05:47:13,216 [EventQueue-ContainerReportForContainerReportHandler] WARN  container.ContainerReportHandler (AbstractContainerReportHandler.java:updateContainerState(145)) - Container #1 is in OPEN state, but the datanode 58c4827f-663e-41e6-a95a-5c02fdca8528{ip: 192.168.34.6, host: pr-hdds-2286-rggtd-639769477, networkLocation: /default-rack, certSerialId: null} reports an CLOSED replica.
2019-10-18 05:47:13,336 [EventQueue-ContainerReportForContainerReportHandler] WARN  container.ContainerReportHandler (AbstractContainerReportHandler.java:updateContainerState(145)) - Container #1 is in OPEN state, but the datanode e47f3d18-6550-4f27-a4cc-ce34c6c87b58{ip: 192.168.34.6, host: pr-hdds-2286-rggtd-639769477, networkLocation: /default-rack, certSerialId: null} reports an CLOSED replica.
2019-10-18 05:47:13,415 [EventQueue-ContainerReportForContainerReportHandler] WARN  container.ContainerReportHandler (AbstractContainerReportHandler.java:updateContainerState(145)) - Container #1 is in OPEN state, but the datanode 58c4827f-663e-41e6-a95a-5c02fdca8528{ip: 192.168.34.6, host: pr-hdds-2286-rggtd-639769477, networkLocation: /default-rack, certSerialId: null} reports an CLOSED replica.
2019-10-18 05:47:13,638 [EventQueue-ContainerReportForContainerReportHandler] WARN  container.ContainerReportHandler (AbstractContainerReportHandler.java:updateContainerState(145)) - Container #1 is in OPEN state, but the datanode e47f3d18-6550-4f27-a4cc-ce34c6c87b58{ip: 192.168.34.6, host: pr-hdds-2286-rggtd-639769477, networkLocation: /default-rack, certSerialId: null} reports an CLOSED replica.
2019-10-18 05:47:13,716 [EventQueue-ContainerReportForContainerReportHandler] WARN  container.ContainerReportHandler (AbstractContainerReportHandler.java:updateContainerState(145)) - Container #1 is in OPEN state, but the datanode 58c4827f-663e-41e6-a95a-5c02fdca8528{ip: 192.168.34.6, host: pr-hdds-2286-rggtd-639769477, networkLocation: /default-rack, certSerialId: null} reports an CLOSED replica.
2019-10-18 05:47:13,838 [EventQueue-ContainerReportForContainerReportHandler] WARN  container.ContainerReportHandler (AbstractContainerReportHandler.java:updateContainerState(145)) - Container #1 is in OPEN state, but the datanode e47f3d18-6550-4f27-a4cc-ce34c6c87b58{ip: 192.168.34.6, host: pr-hdds-2286-rggtd-639769477, networkLocation: /default-rack, certSerialId: null} reports an CLOSED replica.
2019-10-18 05:47:13,922 [BlockDeletingService#2] WARN  background.BlockDeletingService (BlockDeletingService.java:isDeletionAllowed(187)) - Close Container log Index 6 is not replicated across allthe servers in the pipeline e751b4d9-2be2-4ced-b2ee-397db682eabb as the min replicated index is 4. Deletion is not allowed in this container yet.
2019-10-18 05:47:13,929 [BlockDeletingService#3] WARN  background.BlockDeletingService (BlockDeletingService.java:isDeletionAllowed(187)) - Close Container log Index 6 is not replicated across allthe servers in the pipeline e751b4d9-2be2-4ced-b2ee-397db682eabb as the min replicated index is 4. Deletion is not allowed in this container yet.
2019-10-18 05:47:14,116 [EventQueue-ContainerReportForContainerReportHandler] WARN  container.ContainerReportHandler (AbstractContainerReportHandler.java:updateContainerState(145)) - Container #1 is in OPEN state, but the datanode 58c4827f-663e-41e6-a95a-5c02fdca8528{ip: 192.168.34.6, host: pr-hdds-2286-rggtd-639769477, networkLocation: /default-rack, certSerialId: null} reports an CLOSED replica.
2019-10-18 05:47:14,139 [EventQueue-ContainerReportForContainerReportHandler] WARN  container.ContainerReportHandler (AbstractContainerReportHandler.java:updateContainerState(145)) - Container #1 is in OPEN state, but the datanode e47f3d18-6550-4f27-a4cc-ce34c6c87b58{ip: 192.168.34.6, host: pr-hdds-2286-rggtd-639769477, networkLocation: /default-rack, certSerialId: null} reports an CLOSED replica.
2019-10-18 05:47:14,416 [EventQueue-ContainerReportForContainerReportHandler] WARN  container.ContainerReportHandler (AbstractContainerReportHandler.java:updateContainerState(145)) - Container #1 is in OPEN state, but the datanode 58c4827f-663e-41e6-a95a-5c02fdca8528{ip: 192.168.34.6, host: pr-hdds-2286-rggtd-639769477, networkLocation: /default-rack, certSerialId: null} reports an CLOSED replica.
2019-10-18 05:47:14,439 [EventQueue-ContainerReportForContainerReportHandler] WARN  container.ContainerReportHandler (AbstractContainerReportHandler.java:updateContainerState(145)) - Container #1 is in OPEN state, but the datanode e47f3d18-6550-4f27-a4cc-ce34c6c87b58{ip: 192.168.34.6, host: pr-hdds-2286-rggtd-639769477, networkLocation: /default-rack, certSerialId: null} reports an CLOSED replica.
2019-10-18 05:47:14,738 [EventQueue-ContainerReportForContainerReportHandler] WARN  container.ContainerReportHandler (AbstractContainerReportHandler.java:updateContainerState(145)) - Container #1 is in OPEN state, but the datanode e47f3d18-6550-4f27-a4cc-ce34c6c87b58{ip: 192.168.34.6, host: pr-hdds-2286-rggtd-639769477, networkLocation: /default-rack, certSerialId: null} reports an CLOSED replica.
2019-10-18 05:47:14,817 [EventQueue-ContainerReportForContainerReportHandler] WARN  container.ContainerReportHandler (AbstractContainerReportHandler.java:updateContainerState(145)) - Container #1 is in OPEN state, but the datanode 58c4827f-663e-41e6-a95a-5c02fdca8528{ip: 192.168.34.6, host: pr-hdds-2286-rggtd-639769477, networkLocation: /default-rack, certSerialId: null} reports an CLOSED replica.
2019-10-18 05:47:14,923 [BlockDeletingService#2] WARN  background.BlockDeletingService (BlockDeletingService.java:isDeletionAllowed(187)) - Close Container log Index 6 is not replicated across allthe servers in the pipeline e751b4d9-2be2-4ced-b2ee-397db682eabb as the min replicated index is 4. Deletion is not allowed in this container yet.
2019-10-18 05:47:14,930 [BlockDeletingService#3] WARN  background.BlockDeletingService (BlockDeletingService.java:isDeletionAllowed(187)) - Close Container log Index 6 is not replicated across allthe servers in the pipeline e751b4d9-2be2-4ced-b2ee-397db682eabb as the min replicated index is 4. Deletion is not allowed in this container yet.
2019-10-18 05:47:15,038 [EventQueue-ContainerReportForContainerReportHandler] WARN  container.ContainerReportHandler (AbstractContainerReportHandler.java:updateContainerState(145)) - Container #1 is in OPEN state, but the datanode e47f3d18-6550-4f27-a4cc-ce34c6c87b58{ip: 192.168.34.6, host: pr-hdds-2286-rggtd-639769477, networkLocation: /default-rack, certSerialId: null} reports an CLOSED replica.
2019-10-18 05:47:15,117 [EventQueue-ContainerReportForContainerReportHandler] WARN  container.ContainerReportHandler (AbstractContainerReportHandler.java:updateContainerState(145)) - Container #1 is in OPEN state, but the datanode 58c4827f-663e-41e6-a95a-5c02fdca8528{ip: 192.168.34.6, host: pr-hdds-2286-rggtd-639769477, networkLocation: /default-rack, certSerialId: null} reports an CLOSED replica.
2019-10-18 05:47:15,238 [EventQueue-ContainerReportForContainerReportHandler] WARN  container.ContainerReportHandler (AbstractContainerReportHandler.java:updateContainerState(145)) - Container #1 is in OPEN state, but the datanode e47f3d18-6550-4f27-a4cc-ce34c6c87b58{ip: 192.168.34.6, host: pr-hdds-2286-rggtd-639769477, networkLocation: /default-rack, certSerialId: null} reports an CLOSED replica.
2019-10-18 05:47:15,417 [EventQueue-ContainerReportForContainerReportHandler] WARN  container.ContainerReportHandler (AbstractContainerReportHandler.java:updateContainerState(145)) - Container #1 is in OPEN state, but the datanode 58c4827f-663e-41e6-a95a-5c02fdca8528{ip: 192.168.34.6, host: pr-hdds-2286-rggtd-639769477, networkLocation: /default-rack, certSerialId: null} reports an CLOSED replica.
2019-10-18 05:47:15,618 [EventQueue-ContainerReportForContainerReportHandler] WARN  container.ContainerReportHandler (AbstractContainerReportHandler.java:updateContainerState(145)) - Container #1 is in OPEN state, but the datanode 58c4827f-663e-41e6-a95a-5c02fdca8528{ip: 192.168.34.6, host: pr-hdds-2286-rggtd-639769477, networkLocation: /default-rack, certSerialId: null} reports an CLOSED replica.
2019-10-18 05:47:15,633 [java.util.concurrent.ThreadPoolExecutor$Worker@5716808[State = -1, empty queue]] WARN  server.GrpcLogAppender (GrpcLogAppender.java:timeoutAppendRequest(209)) - 58c4827f-663e-41e6-a95a-5c02fdca8528@group-397DB682EABB->291b4074-36ef-4604-afea-a446d5bcf194-GrpcLogAppender: appendEntries Timeout, request=58c4827f-663e-41e6-a95a-5c02fdca8528->291b4074-36ef-4604-afea-a446d5bcf194#37-t4, previous=(t:4, i:10), leaderCommit=10, initializing? false, entries: <empty>
2019-10-18 05:47:15,640 [EventQueue-ContainerReportForContainerReportHandler] WARN  container.ContainerReportHandler (AbstractContainerReportHandler.java:updateContainerState(145)) - Container #1 is in OPEN state, but the datanode e47f3d18-6550-4f27-a4cc-ce34c6c87b58{ip: 192.168.34.6, host: pr-hdds-2286-rggtd-639769477, networkLocation: /default-rack, certSerialId: null} reports an CLOSED replica.
2019-10-18 05:47:15,920 [EventQueue-ContainerReportForContainerReportHandler] WARN  container.ContainerReportHandler (AbstractContainerReportHandler.java:updateContainerState(145)) - Container #1 is in OPEN state, but the datanode 58c4827f-663e-41e6-a95a-5c02fdca8528{ip: 192.168.34.6, host: pr-hdds-2286-rggtd-639769477, networkLocation: /default-rack, certSerialId: null} reports an CLOSED replica.
2019-10-18 05:47:15,924 [BlockDeletingService#2] WARN  background.BlockDeletingService (BlockDeletingService.java:isDeletionAllowed(187)) - Close Container log Index 6 is not replicated across allthe servers in the pipeline e751b4d9-2be2-4ced-b2ee-397db682eabb as the min replicated index is 4. Deletion is not allowed in this container yet.
2019-10-18 05:47:15,931 [BlockDeletingService#3] WARN  background.BlockDeletingService (BlockDeletingService.java:isDeletionAllowed(187)) - Close Container log Index 6 is not replicated across allthe servers in the pipeline e751b4d9-2be2-4ced-b2ee-397db682eabb as the min replicated index is 4. Deletion is not allowed in this container yet.
2019-10-18 05:47:15,941 [EventQueue-ContainerReportForContainerReportHandler] WARN  container.ContainerReportHandler (AbstractContainerReportHandler.java:updateContainerState(145)) - Container #1 is in OPEN state, but the datanode e47f3d18-6550-4f27-a4cc-ce34c6c87b58{ip: 192.168.34.6, host: pr-hdds-2286-rggtd-639769477, networkLocation: /default-rack, certSerialId: null} reports an CLOSED replica.
2019-10-18 05:47:16,220 [EventQueue-ContainerReportForContainerReportHandler] WARN  container.ContainerReportHandler (AbstractContainerReportHandler.java:updateContainerState(145)) - Container #1 is in OPEN state, but the datanode 58c4827f-663e-41e6-a95a-5c02fdca8528{ip: 192.168.34.6, host: pr-hdds-2286-rggtd-639769477, networkLocation: /default-rack, certSerialId: null} reports an CLOSED replica.
2019-10-18 05:47:16,241 [EventQueue-ContainerReportForContainerReportHandler] WARN  container.ContainerReportHandler (AbstractContainerReportHandler.java:updateContainerState(145)) - Container #1 is in OPEN state, but the datanode e47f3d18-6550-4f27-a4cc-ce34c6c87b58{ip: 192.168.34.6, host: pr-hdds-2286-rggtd-639769477, networkLocation: /default-rack, certSerialId: null} reports an CLOSED replica.
2019-10-18 05:47:16,420 [EventQueue-ContainerReportForContainerReportHandler] WARN  container.ContainerReportHandler (AbstractContainerReportHandler.java:updateContainerState(145)) - Container #1 is in OPEN state, but the datanode 58c4827f-663e-41e6-a95a-5c02fdca8528{ip: 192.168.34.6, host: pr-hdds-2286-rggtd-639769477, networkLocation: /default-rack, certSerialId: null} reports an CLOSED replica.
2019-10-18 05:47:16,440 [EventQueue-ContainerReportForContainerReportHandler] WARN  container.ContainerReportHandler (AbstractContainerReportHandler.java:updateContainerState(145)) - Container #1 is in OPEN state, but the datanode e47f3d18-6550-4f27-a4cc-ce34c6c87b58{ip: 192.168.34.6, host: pr-hdds-2286-rggtd-639769477, networkLocation: /default-rack, certSerialId: null} reports an CLOSED replica.
2019-10-18 05:47:16,620 [EventQueue-ContainerReportForContainerReportHandler] WARN  container.ContainerReportHandler (AbstractContainerReportHandler.java:updateContainerState(145)) - Container #1 is in OPEN state, but the datanode 58c4827f-663e-41e6-a95a-5c02fdca8528{ip: 192.168.34.6, host: pr-hdds-2286-rggtd-639769477, networkLocation: /default-rack, certSerialId: null} reports an CLOSED replica.
2019-10-18 05:47:16,741 [EventQueue-ContainerReportForContainerReportHandler] WARN  container.ContainerReportHandler (AbstractContainerReportHandler.java:updateContainerState(145)) - Container #1 is in OPEN state, but the datanode e47f3d18-6550-4f27-a4cc-ce34c6c87b58{ip: 192.168.34.6, host: pr-hdds-2286-rggtd-639769477, networkLocation: /default-rack, certSerialId: null} reports an CLOSED replica.
2019-10-18 05:47:16,920 [EventQueue-ContainerReportForContainerReportHandler] WARN  container.ContainerReportHandler (AbstractContainerReportHandler.java:updateContainerState(145)) - Container #1 is in OPEN state, but the datanode 58c4827f-663e-41e6-a95a-5c02fdca8528{ip: 192.168.34.6, host: pr-hdds-2286-rggtd-639769477, networkLocation: /default-rack, certSerialId: null} reports an CLOSED replica.
2019-10-18 05:47:16,926 [BlockDeletingService#2] WARN  background.BlockDeletingService (BlockDeletingService.java:isDeletionAllowed(187)) - Close Container log Index 6 is not replicated across allthe servers in the pipeline e751b4d9-2be2-4ced-b2ee-397db682eabb as the min replicated index is 4. Deletion is not allowed in this container yet.
2019-10-18 05:47:16,932 [BlockDeletingService#3] WARN  background.BlockDeletingService (BlockDeletingService.java:isDeletionAllowed(187)) - Close Container log Index 6 is not replicated across allthe servers in the pipeline e751b4d9-2be2-4ced-b2ee-397db682eabb as the min replicated index is 4. Deletion is not allowed in this container yet.
2019-10-18 05:47:17,043 [EventQueue-ContainerReportForContainerReportHandler] WARN  container.ContainerReportHandler (AbstractContainerReportHandler.java:updateContainerState(145)) - Container #1 is in OPEN state, but the datanode e47f3d18-6550-4f27-a4cc-ce34c6c87b58{ip: 192.168.34.6, host: pr-hdds-2286-rggtd-639769477, networkLocation: /default-rack, certSerialId: null} reports an CLOSED replica.
2019-10-18 05:47:17,320 [EventQueue-ContainerReportForContainerReportHandler] WARN  container.ContainerReportHandler (AbstractContainerReportHandler.java:updateContainerState(145)) - Container #1 is in OPEN state, but the datanode 58c4827f-663e-41e6-a95a-5c02fdca8528{ip: 192.168.34.6, host: pr-hdds-2286-rggtd-639769477, networkLocation: /default-rack, certSerialId: null} reports an CLOSED replica.
2019-10-18 05:47:17,345 [EventQueue-ContainerReportForContainerReportHandler] WARN  container.ContainerReportHandler (AbstractContainerReportHandler.java:updateContainerState(145)) - Container #1 is in OPEN state, but the datanode e47f3d18-6550-4f27-a4cc-ce34c6c87b58{ip: 192.168.34.6, host: pr-hdds-2286-rggtd-639769477, networkLocation: /default-rack, certSerialId: null} reports an CLOSED replica.
2019-10-18 05:47:17,545 [EventQueue-ContainerReportForContainerReportHandler] WARN  container.ContainerReportHandler (AbstractContainerReportHandler.java:updateContainerState(145)) - Container #1 is in OPEN state, but the datanode e47f3d18-6550-4f27-a4cc-ce34c6c87b58{ip: 192.168.34.6, host: pr-hdds-2286-rggtd-639769477, networkLocation: /default-rack, certSerialId: null} reports an CLOSED replica.
2019-10-18 05:47:17,621 [EventQueue-ContainerReportForContainerReportHandler] WARN  container.ContainerReportHandler (AbstractContainerReportHandler.java:updateContainerState(145)) - Container #1 is in OPEN state, but the datanode 58c4827f-663e-41e6-a95a-5c02fdca8528{ip: 192.168.34.6, host: pr-hdds-2286-rggtd-639769477, networkLocation: /default-rack, certSerialId: null} reports an CLOSED replica.
2019-10-18 05:47:17,821 [EventQueue-ContainerReportForContainerReportHandler] WARN  container.ContainerReportHandler (AbstractContainerReportHandler.java:updateContainerState(145)) - Container #1 is in OPEN state, but the datanode 58c4827f-663e-41e6-a95a-5c02fdca8528{ip: 192.168.34.6, host: pr-hdds-2286-rggtd-639769477, networkLocation: /default-rack, certSerialId: null} reports an CLOSED replica.
2019-10-18 05:47:17,845 [EventQueue-ContainerReportForContainerReportHandler] WARN  container.ContainerReportHandler (AbstractContainerReportHandler.java:updateContainerState(145)) - Container #1 is in OPEN state, but the datanode e47f3d18-6550-4f27-a4cc-ce34c6c87b58{ip: 192.168.34.6, host: pr-hdds-2286-rggtd-639769477, networkLocation: /default-rack, certSerialId: null} reports an CLOSED replica.
2019-10-18 05:47:17,927 [BlockDeletingService#2] WARN  background.BlockDeletingService (BlockDeletingService.java:isDeletionAllowed(187)) - Close Container log Index 6 is not replicated across allthe servers in the pipeline e751b4d9-2be2-4ced-b2ee-397db682eabb as the min replicated index is 4. Deletion is not allowed in this container yet.
2019-10-18 05:47:17,933 [BlockDeletingService#3] WARN  background.BlockDeletingService (BlockDeletingService.java:isDeletionAllowed(187)) - Close Container log Index 6 is not replicated across allthe servers in the pipeline e751b4d9-2be2-4ced-b2ee-397db682eabb as the min replicated index is 4. Deletion is not allowed in this container yet.
2019-10-18 05:47:18,047 [EventQueue-ContainerReportForContainerReportHandler] WARN  container.ContainerReportHandler (AbstractContainerReportHandler.java:updateContainerState(145)) - Container #1 is in OPEN state, but the datanode e47f3d18-6550-4f27-a4cc-ce34c6c87b58{ip: 192.168.34.6, host: pr-hdds-2286-rggtd-639769477, networkLocation: /default-rack, certSerialId: null} reports an CLOSED replica.
2019-10-18 05:47:18,136 [java.util.concurrent.ThreadPoolExecutor$Worker@5716808[State = -1, empty queue]] WARN  server.GrpcLogAppender (GrpcLogAppender.java:timeoutAppendRequest(209)) - 58c4827f-663e-41e6-a95a-5c02fdca8528@group-397DB682EABB->291b4074-36ef-4604-afea-a446d5bcf194-GrpcLogAppender: appendEntries Timeout, request=58c4827f-663e-41e6-a95a-5c02fdca8528->291b4074-36ef-4604-afea-a446d5bcf194#38-t4, previous=(t:4, i:10), leaderCommit=10, initializing? false, entries: <empty>
2019-10-18 05:47:18,222 [EventQueue-ContainerReportForContainerReportHandler] WARN  container.ContainerReportHandler (AbstractContainerReportHandler.java:updateContainerState(145)) - Container #1 is in OPEN state, but the datanode 58c4827f-663e-41e6-a95a-5c02fdca8528{ip: 192.168.34.6, host: pr-hdds-2286-rggtd-639769477, networkLocation: /default-rack, certSerialId: null} reports an CLOSED replica.
2019-10-18 05:47:18,446 [EventQueue-ContainerReportForContainerReportHandler] WARN  container.ContainerReportHandler (AbstractContainerReportHandler.java:updateContainerState(145)) - Container #1 is in OPEN state, but the datanode e47f3d18-6550-4f27-a4cc-ce34c6c87b58{ip: 192.168.34.6, host: pr-hdds-2286-rggtd-639769477, networkLocation: /default-rack, certSerialId: null} reports an CLOSED replica.
2019-10-18 05:47:18,523 [EventQueue-ContainerReportForContainerReportHandler] WARN  container.ContainerReportHandler (AbstractContainerReportHandler.java:updateContainerState(145)) - Container #1 is in OPEN state, but the datanode 58c4827f-663e-41e6-a95a-5c02fdca8528{ip: 192.168.34.6, host: pr-hdds-2286-rggtd-639769477, networkLocation: /default-rack, certSerialId: null} reports an CLOSED replica.
2019-10-18 05:47:18,847 [EventQueue-ContainerReportForContainerReportHandler] WARN  container.ContainerReportHandler (AbstractContainerReportHandler.java:updateContainerState(145)) - Container #1 is in OPEN state, but the datanode e47f3d18-6550-4f27-a4cc-ce34c6c87b58{ip: 192.168.34.6, host: pr-hdds-2286-rggtd-639769477, networkLocation: /default-rack, certSerialId: null} reports an CLOSED replica.
2019-10-18 05:47:18,922 [EventQueue-ContainerReportForContainerReportHandler] WARN  container.ContainerReportHandler (AbstractContainerReportHandler.java:updateContainerState(145)) - Container #1 is in OPEN state, but the datanode 58c4827f-663e-41e6-a95a-5c02fdca8528{ip: 192.168.34.6, host: pr-hdds-2286-rggtd-639769477, networkLocation: /default-rack, certSerialId: null} reports an CLOSED replica.
2019-10-18 05:47:18,928 [BlockDeletingService#2] WARN  background.BlockDeletingService (BlockDeletingService.java:isDeletionAllowed(187)) - Close Container log Index 6 is not replicated across allthe servers in the pipeline e751b4d9-2be2-4ced-b2ee-397db682eabb as the min replicated index is 4. Deletion is not allowed in this container yet.
2019-10-18 05:47:18,934 [BlockDeletingService#3] WARN  background.BlockDeletingService (BlockDeletingService.java:isDeletionAllowed(187)) - Close Container log Index 6 is not replicated across allthe servers in the pipeline e751b4d9-2be2-4ced-b2ee-397db682eabb as the min replicated index is 4. Deletion is not allowed in this container yet.
2019-10-18 05:47:19,122 [EventQueue-ContainerReportForContainerReportHandler] WARN  container.ContainerReportHandler (AbstractContainerReportHandler.java:updateContainerState(145)) - Container #1 is in OPEN state, but the datanode 58c4827f-663e-41e6-a95a-5c02fdca8528{ip: 192.168.34.6, host: pr-hdds-2286-rggtd-639769477, networkLocation: /default-rack, certSerialId: null} reports an CLOSED replica.
2019-10-18 05:47:19,248 [EventQueue-ContainerReportForContainerReportHandler] WARN  container.ContainerReportHandler (AbstractContainerReportHandler.java:updateContainerState(145)) - Container #1 is in OPEN state, but the datanode e47f3d18-6550-4f27-a4cc-ce34c6c87b58{ip: 192.168.34.6, host: pr-hdds-2286-rggtd-639769477, networkLocation: /default-rack, certSerialId: null} reports an CLOSED replica.
2019-10-18 05:47:19,523 [EventQueue-ContainerReportForContainerReportHandler] WARN  container.ContainerReportHandler (AbstractContainerReportHandler.java:updateContainerState(145)) - Container #1 is in OPEN state, but the datanode 58c4827f-663e-41e6-a95a-5c02fdca8528{ip: 192.168.34.6, host: pr-hdds-2286-rggtd-639769477, networkLocation: /default-rack, certSerialId: null} reports an CLOSED replica.
2019-10-18 05:47:19,548 [EventQueue-ContainerReportForContainerReportHandler] WARN  container.ContainerReportHandler (AbstractContainerReportHandler.java:updateContainerState(145)) - Container #1 is in OPEN state, but the datanode e47f3d18-6550-4f27-a4cc-ce34c6c87b58{ip: 192.168.34.6, host: pr-hdds-2286-rggtd-639769477, networkLocation: /default-rack, certSerialId: null} reports an CLOSED replica.
2019-10-18 05:47:19,748 [EventQueue-ContainerReportForContainerReportHandler] WARN  container.ContainerReportHandler (AbstractContainerReportHandler.java:updateContainerState(145)) - Container #1 is in OPEN state, but the datanode e47f3d18-6550-4f27-a4cc-ce34c6c87b58{ip: 192.168.34.6, host: pr-hdds-2286-rggtd-639769477, networkLocation: /default-rack, certSerialId: null} reports an CLOSED replica.
2019-10-18 05:47:19,757 [Thread-452] INFO  client.GrpcClientProtocolService (GrpcClientProtocolService.java:lambda$processClientRequest$0(278)) - Failed RaftClientRequest:client-15CC5DA066CF->58c4827f-663e-41e6-a95a-5c02fdca8528@group-397DB682EABB, cid=10, seq=0, Watch-ALL_COMMITTED(6), Message:<EMPTY>, reply=RaftClientReply:client-15CC5DA066CF->58c4827f-663e-41e6-a95a-5c02fdca8528@group-397DB682EABB, cid=10, FAILED org.apache.ratis.protocol.NotReplicatedException: Request with call Id 10 and log index 6 is not yet replicated to ALL_COMMITTED, logIndex=6, commits[58c4827f-663e-41e6-a95a-5c02fdca8528:c10, 291b4074-36ef-4604-afea-a446d5bcf194:c4, e47f3d18-6550-4f27-a4cc-ce34c6c87b58:c10]
2019-10-18 05:47:19,774 [Thread-454] INFO  client.GrpcClientProtocolService (GrpcClientProtocolService.java:lambda$processClientRequest$0(278)) - Failed RaftClientRequest:client-15CC5DA066CF->e47f3d18-6550-4f27-a4cc-ce34c6c87b58@group-397DB682EABB, cid=10, seq=0, Watch-ALL_COMMITTED(6), Message:<EMPTY>, reply=RaftClientReply:client-15CC5DA066CF->e47f3d18-6550-4f27-a4cc-ce34c6c87b58@group-397DB682EABB, cid=10, FAILED org.apache.ratis.protocol.NotLeaderException: Server e47f3d18-6550-4f27-a4cc-ce34c6c87b58@group-397DB682EABB is not the leader 58c4827f-663e-41e6-a95a-5c02fdca8528:192.168.34.6:39496, logIndex=0, commits[e47f3d18-6550-4f27-a4cc-ce34c6c87b58:c10, 291b4074-36ef-4604-afea-a446d5bcf194:c4, 58c4827f-663e-41e6-a95a-5c02fdca8528:c10]
2019-10-18 05:47:19,923 [EventQueue-ContainerReportForContainerReportHandler] WARN  container.ContainerReportHandler (AbstractContainerReportHandler.java:updateContainerState(145)) - Container #1 is in OPEN state, but the datanode 58c4827f-663e-41e6-a95a-5c02fdca8528{ip: 192.168.34.6, host: pr-hdds-2286-rggtd-639769477, networkLocation: /default-rack, certSerialId: null} reports an CLOSED replica.
2019-10-18 05:47:19,929 [BlockDeletingService#2] WARN  background.BlockDeletingService (BlockDeletingService.java:isDeletionAllowed(187)) - Close Container log Index 6 is not replicated across allthe servers in the pipeline e751b4d9-2be2-4ced-b2ee-397db682eabb as the min replicated index is 4. Deletion is not allowed in this container yet.
2019-10-18 05:47:19,936 [BlockDeletingService#3] WARN  background.BlockDeletingService (BlockDeletingService.java:isDeletionAllowed(187)) - Close Container log Index 6 is not replicated across allthe servers in the pipeline e751b4d9-2be2-4ced-b2ee-397db682eabb as the min replicated index is 4. Deletion is not allowed in this container yet.
2019-10-18 05:47:20,049 [EventQueue-ContainerReportForContainerReportHandler] WARN  container.ContainerReportHandler (AbstractContainerReportHandler.java:updateContainerState(145)) - Container #1 is in OPEN state, but the datanode e47f3d18-6550-4f27-a4cc-ce34c6c87b58{ip: 192.168.34.6, host: pr-hdds-2286-rggtd-639769477, networkLocation: /default-rack, certSerialId: null} reports an CLOSED replica.
2019-10-18 05:47:20,224 [EventQueue-ContainerReportForContainerReportHandler] WARN  container.ContainerReportHandler (AbstractContainerReportHandler.java:updateContainerState(145)) - Container #1 is in OPEN state, but the datanode 58c4827f-663e-41e6-a95a-5c02fdca8528{ip: 192.168.34.6, host: pr-hdds-2286-rggtd-639769477, networkLocation: /default-rack, certSerialId: null} reports an CLOSED replica.
2019-10-18 05:47:20,349 [EventQueue-ContainerReportForContainerReportHandler] WARN  container.ContainerReportHandler (AbstractContainerReportHandler.java:updateContainerState(145)) - Container #1 is in OPEN state, but the datanode e47f3d18-6550-4f27-a4cc-ce34c6c87b58{ip: 192.168.34.6, host: pr-hdds-2286-rggtd-639769477, networkLocation: /default-rack, certSerialId: null} reports an CLOSED replica.
2019-10-18 05:47:20,525 [EventQueue-ContainerReportForContainerReportHandler] WARN  container.ContainerReportHandler (AbstractContainerReportHandler.java:updateContainerState(145)) - Container #1 is in OPEN state, but the datanode 58c4827f-663e-41e6-a95a-5c02fdca8528{ip: 192.168.34.6, host: pr-hdds-2286-rggtd-639769477, networkLocation: /default-rack, certSerialId: null} reports an CLOSED replica.
2019-10-18 05:47:20,636 [java.util.concurrent.ThreadPoolExecutor$Worker@5716808[State = -1, empty queue]] WARN  server.GrpcLogAppender (GrpcLogAppender.java:timeoutAppendRequest(209)) - 58c4827f-663e-41e6-a95a-5c02fdca8528@group-397DB682EABB->291b4074-36ef-4604-afea-a446d5bcf194-GrpcLogAppender: appendEntries Timeout, request=58c4827f-663e-41e6-a95a-5c02fdca8528->291b4074-36ef-4604-afea-a446d5bcf194#39-t4, previous=(t:4, i:10), leaderCommit=10, initializing? false, entries: <empty>
2019-10-18 05:47:20,750 [EventQueue-ContainerReportForContainerReportHandler] WARN  container.ContainerReportHandler (AbstractContainerReportHandler.java:updateContainerState(145)) - Container #1 is in OPEN state, but the datanode e47f3d18-6550-4f27-a4cc-ce34c6c87b58{ip: 192.168.34.6, host: pr-hdds-2286-rggtd-639769477, networkLocation: /default-rack, certSerialId: null} reports an CLOSED replica.
2019-10-18 05:47:20,826 [EventQueue-ContainerReportForContainerReportHandler] WARN  container.ContainerReportHandler (AbstractContainerReportHandler.java:updateContainerState(145)) - Container #1 is in OPEN state, but the datanode 58c4827f-663e-41e6-a95a-5c02fdca8528{ip: 192.168.34.6, host: pr-hdds-2286-rggtd-639769477, networkLocation: /default-rack, certSerialId: null} reports an CLOSED replica.
2019-10-18 05:47:20,933 [BlockDeletingService#2] WARN  background.BlockDeletingService (BlockDeletingService.java:isDeletionAllowed(187)) - Close Container log Index 6 is not replicated across allthe servers in the pipeline e751b4d9-2be2-4ced-b2ee-397db682eabb as the min replicated index is 4. Deletion is not allowed in this container yet.
2019-10-18 05:47:20,937 [BlockDeletingService#3] WARN  background.BlockDeletingService (BlockDeletingService.java:isDeletionAllowed(187)) - Close Container log Index 6 is not replicated across allthe servers in the pipeline e751b4d9-2be2-4ced-b2ee-397db682eabb as the min replicated index is 4. Deletion is not allowed in this container yet.
2019-10-18 05:47:20,953 [EventQueue-ContainerReportForContainerReportHandler] WARN  container.ContainerReportHandler (AbstractContainerReportHandler.java:updateContainerState(145)) - Container #1 is in OPEN state, but the datanode e47f3d18-6550-4f27-a4cc-ce34c6c87b58{ip: 192.168.34.6, host: pr-hdds-2286-rggtd-639769477, networkLocation: /default-rack, certSerialId: null} reports an CLOSED replica.
2019-10-18 05:47:21,027 [EventQueue-ContainerReportForContainerReportHandler] WARN  container.ContainerReportHandler (AbstractContainerReportHandler.java:updateContainerState(145)) - Container #1 is in OPEN state, but the datanode 58c4827f-663e-41e6-a95a-5c02fdca8528{ip: 192.168.34.6, host: pr-hdds-2286-rggtd-639769477, networkLocation: /default-rack, certSerialId: null} reports an CLOSED replica.
2019-10-18 05:47:21,249 [EventQueue-ContainerReportForContainerReportHandler] WARN  container.ContainerReportHandler (AbstractContainerReportHandler.java:updateContainerState(145)) - Container #1 is in OPEN state, but the datanode e47f3d18-6550-4f27-a4cc-ce34c6c87b58{ip: 192.168.34.6, host: pr-hdds-2286-rggtd-639769477, networkLocation: /default-rack, certSerialId: null} reports an CLOSED replica.
2019-10-18 05:47:21,327 [EventQueue-ContainerReportForContainerReportHandler] WARN  container.ContainerReportHandler (AbstractContainerReportHandler.java:updateContainerState(145)) - Container #1 is in OPEN state, but the datanode 58c4827f-663e-41e6-a95a-5c02fdca8528{ip: 192.168.34.6, host: pr-hdds-2286-rggtd-639769477, networkLocation: /default-rack, certSerialId: null} reports an CLOSED replica.
2019-10-18 05:47:21,549 [EventQueue-ContainerReportForContainerReportHandler] WARN  container.ContainerReportHandler (AbstractContainerReportHandler.java:updateContainerState(145)) - Container #1 is in OPEN state, but the datanode e47f3d18-6550-4f27-a4cc-ce34c6c87b58{ip: 192.168.34.6, host: pr-hdds-2286-rggtd-639769477, networkLocation: /default-rack, certSerialId: null} reports an CLOSED replica.
2019-10-18 05:47:21,628 [EventQueue-ContainerReportForContainerReportHandler] WARN  container.ContainerReportHandler (AbstractContainerReportHandler.java:updateContainerState(145)) - Container #1 is in OPEN state, but the datanode 58c4827f-663e-41e6-a95a-5c02fdca8528{ip: 192.168.34.6, host: pr-hdds-2286-rggtd-639769477, networkLocation: /default-rack, certSerialId: null} reports an CLOSED replica.
2019-10-18 05:47:21,749 [EventQueue-ContainerReportForContainerReportHandler] WARN  container.ContainerReportHandler (AbstractContainerReportHandler.java:updateContainerState(145)) - Container #1 is in OPEN state, but the datanode e47f3d18-6550-4f27-a4cc-ce34c6c87b58{ip: 192.168.34.6, host: pr-hdds-2286-rggtd-639769477, networkLocation: /default-rack, certSerialId: null} reports an CLOSED replica.
2019-10-18 05:47:21,928 [EventQueue-ContainerReportForContainerReportHandler] WARN  container.ContainerReportHandler (AbstractContainerReportHandler.java:updateContainerState(145)) - Container #1 is in OPEN state, but the datanode 58c4827f-663e-41e6-a95a-5c02fdca8528{ip: 192.168.34.6, host: pr-hdds-2286-rggtd-639769477, networkLocation: /default-rack, certSerialId: null} reports an CLOSED replica.
2019-10-18 05:47:21,935 [BlockDeletingService#2] WARN  background.BlockDeletingService (BlockDeletingService.java:isDeletionAllowed(187)) - Close Container log Index 6 is not replicated across allthe servers in the pipeline e751b4d9-2be2-4ced-b2ee-397db682eabb as the min replicated index is 4. Deletion is not allowed in this container yet.
2019-10-18 05:47:21,938 [BlockDeletingService#3] WARN  background.BlockDeletingService (BlockDeletingService.java:isDeletionAllowed(187)) - Close Container log Index 6 is not replicated across allthe servers in the pipeline e751b4d9-2be2-4ced-b2ee-397db682eabb as the min replicated index is 4. Deletion is not allowed in this container yet.
2019-10-18 05:47:22,051 [EventQueue-ContainerReportForContainerReportHandler] WARN  container.ContainerReportHandler (AbstractContainerReportHandler.java:updateContainerState(145)) - Container #1 is in OPEN state, but the datanode e47f3d18-6550-4f27-a4cc-ce34c6c87b58{ip: 192.168.34.6, host: pr-hdds-2286-rggtd-639769477, networkLocation: /default-rack, certSerialId: null} reports an CLOSED replica.
2019-10-18 05:47:22,328 [EventQueue-ContainerReportForContainerReportHandler] WARN  container.ContainerReportHandler (AbstractContainerReportHandler.java:updateContainerState(145)) - Container #1 is in OPEN state, but the datanode 58c4827f-663e-41e6-a95a-5c02fdca8528{ip: 192.168.34.6, host: pr-hdds-2286-rggtd-639769477, networkLocation: /default-rack, certSerialId: null} reports an CLOSED replica.
2019-10-18 05:47:22,451 [EventQueue-ContainerReportForContainerReportHandler] WARN  container.ContainerReportHandler (AbstractContainerReportHandler.java:updateContainerState(145)) - Container #1 is in OPEN state, but the datanode e47f3d18-6550-4f27-a4cc-ce34c6c87b58{ip: 192.168.34.6, host: pr-hdds-2286-rggtd-639769477, networkLocation: /default-rack, certSerialId: null} reports an CLOSED replica.
2019-10-18 05:47:22,528 [EventQueue-ContainerReportForContainerReportHandler] WARN  container.ContainerReportHandler (AbstractContainerReportHandler.java:updateContainerState(145)) - Container #1 is in OPEN state, but the datanode 58c4827f-663e-41e6-a95a-5c02fdca8528{ip: 192.168.34.6, host: pr-hdds-2286-rggtd-639769477, networkLocation: /default-rack, certSerialId: null} reports an CLOSED replica.
2019-10-18 05:47:22,728 [EventQueue-ContainerReportForContainerReportHandler] WARN  container.ContainerReportHandler (AbstractContainerReportHandler.java:updateContainerState(145)) - Container #1 is in OPEN state, but the datanode 58c4827f-663e-41e6-a95a-5c02fdca8528{ip: 192.168.34.6, host: pr-hdds-2286-rggtd-639769477, networkLocation: /default-rack, certSerialId: null} reports an CLOSED replica.
2019-10-18 05:47:22,751 [EventQueue-ContainerReportForContainerReportHandler] WARN  container.ContainerReportHandler (AbstractContainerReportHandler.java:updateContainerState(145)) - Container #1 is in OPEN state, but the datanode e47f3d18-6550-4f27-a4cc-ce34c6c87b58{ip: 192.168.34.6, host: pr-hdds-2286-rggtd-639769477, networkLocation: /default-rack, certSerialId: null} reports an CLOSED replica.
2019-10-18 05:47:22,936 [BlockDeletingService#2] WARN  background.BlockDeletingService (BlockDeletingService.java:isDeletionAllowed(187)) - Close Container log Index 6 is not replicated across allthe servers in the pipeline e751b4d9-2be2-4ced-b2ee-397db682eabb as the min replicated index is 4. Deletion is not allowed in this container yet.
2019-10-18 05:47:22,939 [BlockDeletingService#3] WARN  background.BlockDeletingService (BlockDeletingService.java:isDeletionAllowed(187)) - Close Container log Index 6 is not replicated across allthe servers in the pipeline e751b4d9-2be2-4ced-b2ee-397db682eabb as the min replicated index is 4. Deletion is not allowed in this container yet.
2019-10-18 05:47:23,129 [EventQueue-ContainerReportForContainerReportHandler] WARN  container.ContainerReportHandler (AbstractContainerReportHandler.java:updateContainerState(145)) - Container #1 is in OPEN state, but the datanode 58c4827f-663e-41e6-a95a-5c02fdca8528{ip: 192.168.34.6, host: pr-hdds-2286-rggtd-639769477, networkLocation: /default-rack, certSerialId: null} reports an CLOSED replica.
2019-10-18 05:47:23,138 [java.util.concurrent.ThreadPoolExecutor$Worker@5716808[State = -1, empty queue]] WARN  server.GrpcLogAppender (GrpcLogAppender.java:timeoutAppendRequest(209)) - 58c4827f-663e-41e6-a95a-5c02fdca8528@group-397DB682EABB->291b4074-36ef-4604-afea-a446d5bcf194-GrpcLogAppender: appendEntries Timeout, request=58c4827f-663e-41e6-a95a-5c02fdca8528->291b4074-36ef-4604-afea-a446d5bcf194#40-t4, previous=(t:4, i:10), leaderCommit=10, initializing? false, entries: <empty>
2019-10-18 05:47:23,154 [EventQueue-ContainerReportForContainerReportHandler] WARN  container.ContainerReportHandler (AbstractContainerReportHandler.java:updateContainerState(145)) - Container #1 is in OPEN state, but the datanode e47f3d18-6550-4f27-a4cc-ce34c6c87b58{ip: 192.168.34.6, host: pr-hdds-2286-rggtd-639769477, networkLocation: /default-rack, certSerialId: null} reports an CLOSED replica.
2019-10-18 05:47:23,454 [EventQueue-ContainerReportForContainerReportHandler] WARN  container.ContainerReportHandler (AbstractContainerReportHandler.java:updateContainerState(145)) - Container #1 is in OPEN state, but the datanode e47f3d18-6550-4f27-a4cc-ce34c6c87b58{ip: 192.168.34.6, host: pr-hdds-2286-rggtd-639769477, networkLocation: /default-rack, certSerialId: null} reports an CLOSED replica.
2019-10-18 05:47:23,529 [EventQueue-ContainerReportForContainerReportHandler] WARN  container.ContainerReportHandler (AbstractContainerReportHandler.java:updateContainerState(145)) - Container #1 is in OPEN state, but the datanode 58c4827f-663e-41e6-a95a-5c02fdca8528{ip: 192.168.34.6, host: pr-hdds-2286-rggtd-639769477, networkLocation: /default-rack, certSerialId: null} reports an CLOSED replica.
2019-10-18 05:47:23,754 [EventQueue-ContainerReportForContainerReportHandler] WARN  container.ContainerReportHandler (AbstractContainerReportHandler.java:updateContainerState(145)) - Container #1 is in OPEN state, but the datanode e47f3d18-6550-4f27-a4cc-ce34c6c87b58{ip: 192.168.34.6, host: pr-hdds-2286-rggtd-639769477, networkLocation: /default-rack, certSerialId: null} reports an CLOSED replica.
2019-10-18 05:47:23,829 [EventQueue-ContainerReportForContainerReportHandler] WARN  container.ContainerReportHandler (AbstractContainerReportHandler.java:updateContainerState(145)) - Container #1 is in OPEN state, but the datanode 58c4827f-663e-41e6-a95a-5c02fdca8528{ip: 192.168.34.6, host: pr-hdds-2286-rggtd-639769477, networkLocation: /default-rack, certSerialId: null} reports an CLOSED replica.
2019-10-18 05:47:23,937 [BlockDeletingService#2] WARN  background.BlockDeletingService (BlockDeletingService.java:isDeletionAllowed(187)) - Close Container log Index 6 is not replicated across allthe servers in the pipeline e751b4d9-2be2-4ced-b2ee-397db682eabb as the min replicated index is 4. Deletion is not allowed in this container yet.
2019-10-18 05:47:23,940 [BlockDeletingService#3] WARN  background.BlockDeletingService (BlockDeletingService.java:isDeletionAllowed(187)) - Close Container log Index 6 is not replicated across allthe servers in the pipeline e751b4d9-2be2-4ced-b2ee-397db682eabb as the min replicated index is 4. Deletion is not allowed in this container yet.
2019-10-18 05:47:24,129 [EventQueue-ContainerReportForContainerReportHandler] WARN  container.ContainerReportHandler (AbstractContainerReportHandler.java:updateContainerState(145)) - Container #1 is in OPEN state, but the datanode 58c4827f-663e-41e6-a95a-5c02fdca8528{ip: 192.168.34.6, host: pr-hdds-2286-rggtd-639769477, networkLocation: /default-rack, certSerialId: null} reports an CLOSED replica.
2019-10-18 05:47:24,155 [EventQueue-ContainerReportForContainerReportHandler] WARN  container.ContainerReportHandler (AbstractContainerReportHandler.java:updateContainerState(145)) - Container #1 is in OPEN state, but the datanode e47f3d18-6550-4f27-a4cc-ce34c6c87b58{ip: 192.168.34.6, host: pr-hdds-2286-rggtd-639769477, networkLocation: /default-rack, certSerialId: null} reports an CLOSED replica.
2019-10-18 05:47:24,455 [EventQueue-ContainerReportForContainerReportHandler] WARN  container.ContainerReportHandler (AbstractContainerReportHandler.java:updateContainerState(145)) - Container #1 is in OPEN state, but the datanode e47f3d18-6550-4f27-a4cc-ce34c6c87b58{ip: 192.168.34.6, host: pr-hdds-2286-rggtd-639769477, networkLocation: /default-rack, certSerialId: null} reports an CLOSED replica.
2019-10-18 05:47:24,528 [EventQueue-ContainerReportForContainerReportHandler] WARN  container.ContainerReportHandler (AbstractContainerReportHandler.java:updateContainerState(145)) - Container #1 is in OPEN state, but the datanode 58c4827f-663e-41e6-a95a-5c02fdca8528{ip: 192.168.34.6, host: pr-hdds-2286-rggtd-639769477, networkLocation: /default-rack, certSerialId: null} reports an CLOSED replica.
2019-10-18 05:47:24,655 [EventQueue-ContainerReportForContainerReportHandler] WARN  container.ContainerReportHandler (AbstractContainerReportHandler.java:updateContainerState(145)) - Container #1 is in OPEN state, but the datanode e47f3d18-6550-4f27-a4cc-ce34c6c87b58{ip: 192.168.34.6, host: pr-hdds-2286-rggtd-639769477, networkLocation: /default-rack, certSerialId: null} reports an CLOSED replica.
2019-10-18 05:47:24,829 [EventQueue-ContainerReportForContainerReportHandler] WARN  container.ContainerReportHandler (AbstractContainerReportHandler.java:updateContainerState(145)) - Container #1 is in OPEN state, but the datanode 58c4827f-663e-41e6-a95a-5c02fdca8528{ip: 192.168.34.6, host: pr-hdds-2286-rggtd-639769477, networkLocation: /default-rack, certSerialId: null} reports an CLOSED replica.
2019-10-18 05:47:24,939 [BlockDeletingService#2] WARN  background.BlockDeletingService (BlockDeletingService.java:isDeletionAllowed(187)) - Close Container log Index 6 is not replicated across allthe servers in the pipeline e751b4d9-2be2-4ced-b2ee-397db682eabb as the min replicated index is 4. Deletion is not allowed in this container yet.
2019-10-18 05:47:24,940 [BlockDeletingService#3] WARN  background.BlockDeletingService (BlockDeletingService.java:isDeletionAllowed(187)) - Close Container log Index 6 is not replicated across allthe servers in the pipeline e751b4d9-2be2-4ced-b2ee-397db682eabb as the min replicated index is 4. Deletion is not allowed in this container yet.
2019-10-18 05:47:25,029 [EventQueue-ContainerReportForContainerReportHandler] WARN  container.ContainerReportHandler (AbstractContainerReportHandler.java:updateContainerState(145)) - Container #1 is in OPEN state, but the datanode 58c4827f-663e-41e6-a95a-5c02fdca8528{ip: 192.168.34.6, host: pr-hdds-2286-rggtd-639769477, networkLocation: /default-rack, certSerialId: null} reports an CLOSED replica.
2019-10-18 05:47:25,055 [EventQueue-ContainerReportForContainerReportHandler] WARN  container.ContainerReportHandler (AbstractContainerReportHandler.java:updateContainerState(145)) - Container #1 is in OPEN state, but the datanode e47f3d18-6550-4f27-a4cc-ce34c6c87b58{ip: 192.168.34.6, host: pr-hdds-2286-rggtd-639769477, networkLocation: /default-rack, certSerialId: null} reports an CLOSED replica.
2019-10-18 05:47:25,328 [EventQueue-ContainerReportForContainerReportHandler] WARN  container.ContainerReportHandler (AbstractContainerReportHandler.java:updateContainerState(145)) - Container #1 is in OPEN state, but the datanode 58c4827f-663e-41e6-a95a-5c02fdca8528{ip: 192.168.34.6, host: pr-hdds-2286-rggtd-639769477, networkLocation: /default-rack, certSerialId: null} reports an CLOSED replica.
2019-10-18 05:47:25,355 [EventQueue-ContainerReportForContainerReportHandler] WARN  container.ContainerReportHandler (AbstractContainerReportHandler.java:updateContainerState(145)) - Container #1 is in OPEN state, but the datanode e47f3d18-6550-4f27-a4cc-ce34c6c87b58{ip: 192.168.34.6, host: pr-hdds-2286-rggtd-639769477, networkLocation: /default-rack, certSerialId: null} reports an CLOSED replica.
2019-10-18 05:47:25,629 [EventQueue-ContainerReportForContainerReportHandler] WARN  container.ContainerReportHandler (AbstractContainerReportHandler.java:updateContainerState(145)) - Container #1 is in OPEN state, but the datanode 58c4827f-663e-41e6-a95a-5c02fdca8528{ip: 192.168.34.6, host: pr-hdds-2286-rggtd-639769477, networkLocation: /default-rack, certSerialId: null} reports an CLOSED replica.
2019-10-18 05:47:25,640 [java.util.concurrent.ThreadPoolExecutor$Worker@5716808[State = -1, empty queue]] WARN  server.GrpcLogAppender (GrpcLogAppender.java:timeoutAppendRequest(209)) - 58c4827f-663e-41e6-a95a-5c02fdca8528@group-397DB682EABB->291b4074-36ef-4604-afea-a446d5bcf194-GrpcLogAppender: appendEntries Timeout, request=58c4827f-663e-41e6-a95a-5c02fdca8528->291b4074-36ef-4604-afea-a446d5bcf194#41-t4, previous=(t:4, i:10), leaderCommit=10, initializing? false, entries: <empty>
2019-10-18 05:47:25,756 [EventQueue-ContainerReportForContainerReportHandler] WARN  container.ContainerReportHandler (AbstractContainerReportHandler.java:updateContainerState(145)) - Container #1 is in OPEN state, but the datanode e47f3d18-6550-4f27-a4cc-ce34c6c87b58{ip: 192.168.34.6, host: pr-hdds-2286-rggtd-639769477, networkLocation: /default-rack, certSerialId: null} reports an CLOSED replica.
2019-10-18 05:47:25,829 [EventQueue-ContainerReportForContainerReportHandler] WARN  container.ContainerReportHandler (AbstractContainerReportHandler.java:updateContainerState(145)) - Container #1 is in OPEN state, but the datanode 58c4827f-663e-41e6-a95a-5c02fdca8528{ip: 192.168.34.6, host: pr-hdds-2286-rggtd-639769477, networkLocation: /default-rack, certSerialId: null} reports an CLOSED replica.
2019-10-18 05:47:25,940 [BlockDeletingService#2] WARN  background.BlockDeletingService (BlockDeletingService.java:isDeletionAllowed(187)) - Close Container log Index 6 is not replicated across allthe servers in the pipeline e751b4d9-2be2-4ced-b2ee-397db682eabb as the min replicated index is 4. Deletion is not allowed in this container yet.
2019-10-18 05:47:25,941 [BlockDeletingService#3] WARN  background.BlockDeletingService (BlockDeletingService.java:isDeletionAllowed(187)) - Close Container log Index 6 is not replicated across allthe servers in the pipeline e751b4d9-2be2-4ced-b2ee-397db682eabb as the min replicated index is 4. Deletion is not allowed in this container yet.
2019-10-18 05:47:25,957 [EventQueue-ContainerReportForContainerReportHandler] WARN  container.ContainerReportHandler (AbstractContainerReportHandler.java:updateContainerState(145)) - Container #1 is in OPEN state, but the datanode e47f3d18-6550-4f27-a4cc-ce34c6c87b58{ip: 192.168.34.6, host: pr-hdds-2286-rggtd-639769477, networkLocation: /default-rack, certSerialId: null} reports an CLOSED replica.
2019-10-18 05:47:26,129 [EventQueue-ContainerReportForContainerReportHandler] WARN  container.ContainerReportHandler (AbstractContainerReportHandler.java:updateContainerState(145)) - Container #1 is in OPEN state, but the datanode 58c4827f-663e-41e6-a95a-5c02fdca8528{ip: 192.168.34.6, host: pr-hdds-2286-rggtd-639769477, networkLocation: /default-rack, certSerialId: null} reports an CLOSED replica.
2019-10-18 05:47:26,156 [EventQueue-ContainerReportForContainerReportHandler] WARN  container.ContainerReportHandler (AbstractContainerReportHandler.java:updateContainerState(145)) - Container #1 is in OPEN state, but the datanode e47f3d18-6550-4f27-a4cc-ce34c6c87b58{ip: 192.168.34.6, host: pr-hdds-2286-rggtd-639769477, networkLocation: /default-rack, certSerialId: null} reports an CLOSED replica.
2019-10-18 05:47:26,329 [EventQueue-ContainerReportForContainerReportHandler] WARN  container.ContainerReportHandler (AbstractContainerReportHandler.java:updateContainerState(145)) - Container #1 is in OPEN state, but the datanode 58c4827f-663e-41e6-a95a-5c02fdca8528{ip: 192.168.34.6, host: pr-hdds-2286-rggtd-639769477, networkLocation: /default-rack, certSerialId: null} reports an CLOSED replica.
2019-10-18 05:47:26,556 [EventQueue-ContainerReportForContainerReportHandler] WARN  container.ContainerReportHandler (AbstractContainerReportHandler.java:updateContainerState(145)) - Container #1 is in OPEN state, but the datanode e47f3d18-6550-4f27-a4cc-ce34c6c87b58{ip: 192.168.34.6, host: pr-hdds-2286-rggtd-639769477, networkLocation: /default-rack, certSerialId: null} reports an CLOSED replica.
2019-10-18 05:47:26,731 [EventQueue-ContainerReportForContainerReportHandler] WARN  container.ContainerReportHandler (AbstractContainerReportHandler.java:updateContainerState(145)) - Container #1 is in OPEN state, but the datanode 58c4827f-663e-41e6-a95a-5c02fdca8528{ip: 192.168.34.6, host: pr-hdds-2286-rggtd-639769477, networkLocation: /default-rack, certSerialId: null} reports an CLOSED replica.
2019-10-18 05:47:26,756 [EventQueue-ContainerReportForContainerReportHandler] WARN  container.ContainerReportHandler (AbstractContainerReportHandler.java:updateContainerState(145)) - Container #1 is in OPEN state, but the datanode e47f3d18-6550-4f27-a4cc-ce34c6c87b58{ip: 192.168.34.6, host: pr-hdds-2286-rggtd-639769477, networkLocation: /default-rack, certSerialId: null} reports an CLOSED replica.
2019-10-18 05:47:26,941 [BlockDeletingService#2] WARN  background.BlockDeletingService (BlockDeletingService.java:isDeletionAllowed(187)) - Close Container log Index 6 is not replicated across allthe servers in the pipeline e751b4d9-2be2-4ced-b2ee-397db682eabb as the min replicated index is 4. Deletion is not allowed in this container yet.
2019-10-18 05:47:26,942 [BlockDeletingService#3] WARN  background.BlockDeletingService (BlockDeletingService.java:isDeletionAllowed(187)) - Close Container log Index 6 is not replicated across allthe servers in the pipeline e751b4d9-2be2-4ced-b2ee-397db682eabb as the min replicated index is 4. Deletion is not allowed in this container yet.
2019-10-18 05:47:26,956 [EventQueue-ContainerReportForContainerReportHandler] WARN  container.ContainerReportHandler (AbstractContainerReportHandler.java:updateContainerState(145)) - Container #1 is in OPEN state, but the datanode e47f3d18-6550-4f27-a4cc-ce34c6c87b58{ip: 192.168.34.6, host: pr-hdds-2286-rggtd-639769477, networkLocation: /default-rack, certSerialId: null} reports an CLOSED replica.
2019-10-18 05:47:27,031 [EventQueue-ContainerReportForContainerReportHandler] WARN  container.ContainerReportHandler (AbstractContainerReportHandler.java:updateContainerState(145)) - Container #1 is in OPEN state, but the datanode 58c4827f-663e-41e6-a95a-5c02fdca8528{ip: 192.168.34.6, host: pr-hdds-2286-rggtd-639769477, networkLocation: /default-rack, certSerialId: null} reports an CLOSED replica.
2019-10-18 05:47:27,156 [EventQueue-ContainerReportForContainerReportHandler] WARN  container.ContainerReportHandler (AbstractContainerReportHandler.java:updateContainerState(145)) - Container #1 is in OPEN state, but the datanode e47f3d18-6550-4f27-a4cc-ce34c6c87b58{ip: 192.168.34.6, host: pr-hdds-2286-rggtd-639769477, networkLocation: /default-rack, certSerialId: null} reports an CLOSED replica.
2019-10-18 05:47:27,330 [EventQueue-ContainerReportForContainerReportHandler] WARN  container.ContainerReportHandler (AbstractContainerReportHandler.java:updateContainerState(145)) - Container #1 is in OPEN state, but the datanode 58c4827f-663e-41e6-a95a-5c02fdca8528{ip: 192.168.34.6, host: pr-hdds-2286-rggtd-639769477, networkLocation: /default-rack, certSerialId: null} reports an CLOSED replica.
2019-10-18 05:47:27,557 [EventQueue-ContainerReportForContainerReportHandler] WARN  container.ContainerReportHandler (AbstractContainerReportHandler.java:updateContainerState(145)) - Container #1 is in OPEN state, but the datanode e47f3d18-6550-4f27-a4cc-ce34c6c87b58{ip: 192.168.34.6, host: pr-hdds-2286-rggtd-639769477, networkLocation: /default-rack, certSerialId: null} reports an CLOSED replica.
2019-10-18 05:47:27,630 [EventQueue-ContainerReportForContainerReportHandler] WARN  container.ContainerReportHandler (AbstractContainerReportHandler.java:updateContainerState(145)) - Container #1 is in OPEN state, but the datanode 58c4827f-663e-41e6-a95a-5c02fdca8528{ip: 192.168.34.6, host: pr-hdds-2286-rggtd-639769477, networkLocation: /default-rack, certSerialId: null} reports an CLOSED replica.
2019-10-18 05:47:27,759 [EventQueue-ContainerReportForContainerReportHandler] WARN  container.ContainerReportHandler (AbstractContainerReportHandler.java:updateContainerState(145)) - Container #1 is in OPEN state, but the datanode e47f3d18-6550-4f27-a4cc-ce34c6c87b58{ip: 192.168.34.6, host: pr-hdds-2286-rggtd-639769477, networkLocation: /default-rack, certSerialId: null} reports an CLOSED replica.
2019-10-18 05:47:27,831 [EventQueue-ContainerReportForContainerReportHandler] WARN  container.ContainerReportHandler (AbstractContainerReportHandler.java:updateContainerState(145)) - Container #1 is in OPEN state, but the datanode 58c4827f-663e-41e6-a95a-5c02fdca8528{ip: 192.168.34.6, host: pr-hdds-2286-rggtd-639769477, networkLocation: /default-rack, certSerialId: null} reports an CLOSED replica.
2019-10-18 05:47:27,943 [BlockDeletingService#2] WARN  background.BlockDeletingService (BlockDeletingService.java:isDeletionAllowed(187)) - Close Container log Index 6 is not replicated across allthe servers in the pipeline e751b4d9-2be2-4ced-b2ee-397db682eabb as the min replicated index is 4. Deletion is not allowed in this container yet.
2019-10-18 05:47:27,943 [BlockDeletingService#3] WARN  background.BlockDeletingService (BlockDeletingService.java:isDeletionAllowed(187)) - Close Container log Index 6 is not replicated across allthe servers in the pipeline e751b4d9-2be2-4ced-b2ee-397db682eabb as the min replicated index is 4. Deletion is not allowed in this container yet.
2019-10-18 05:47:28,060 [EventQueue-ContainerReportForContainerReportHandler] WARN  container.ContainerReportHandler (AbstractContainerReportHandler.java:updateContainerState(145)) - Container #1 is in OPEN state, but the datanode e47f3d18-6550-4f27-a4cc-ce34c6c87b58{ip: 192.168.34.6, host: pr-hdds-2286-rggtd-639769477, networkLocation: /default-rack, certSerialId: null} reports an CLOSED replica.
2019-10-18 05:47:28,142 [java.util.concurrent.ThreadPoolExecutor$Worker@5716808[State = -1, empty queue]] WARN  server.GrpcLogAppender (GrpcLogAppender.java:timeoutAppendRequest(209)) - 58c4827f-663e-41e6-a95a-5c02fdca8528@group-397DB682EABB->291b4074-36ef-4604-afea-a446d5bcf194-GrpcLogAppender: appendEntries Timeout, request=58c4827f-663e-41e6-a95a-5c02fdca8528->291b4074-36ef-4604-afea-a446d5bcf194#42-t4, previous=(t:4, i:10), leaderCommit=10, initializing? false, entries: <empty>
2019-10-18 05:47:28,231 [EventQueue-ContainerReportForContainerReportHandler] WARN  container.ContainerReportHandler (AbstractContainerReportHandler.java:updateContainerState(145)) - Container #1 is in OPEN state, but the datanode 58c4827f-663e-41e6-a95a-5c02fdca8528{ip: 192.168.34.6, host: pr-hdds-2286-rggtd-639769477, networkLocation: /default-rack, certSerialId: null} reports an CLOSED replica.
2019-10-18 05:47:28,359 [EventQueue-ContainerReportForContainerReportHandler] WARN  container.ContainerReportHandler (AbstractContainerReportHandler.java:updateContainerState(145)) - Container #1 is in OPEN state, but the datanode e47f3d18-6550-4f27-a4cc-ce34c6c87b58{ip: 192.168.34.6, host: pr-hdds-2286-rggtd-639769477, networkLocation: /default-rack, certSerialId: null} reports an CLOSED replica.
2019-10-18 05:47:28,631 [EventQueue-ContainerReportForContainerReportHandler] WARN  container.ContainerReportHandler (AbstractContainerReportHandler.java:updateContainerState(145)) - Container #1 is in OPEN state, but the datanode 58c4827f-663e-41e6-a95a-5c02fdca8528{ip: 192.168.34.6, host: pr-hdds-2286-rggtd-639769477, networkLocation: /default-rack, certSerialId: null} reports an CLOSED replica.
2019-10-18 05:47:28,659 [EventQueue-ContainerReportForContainerReportHandler] WARN  container.ContainerReportHandler (AbstractContainerReportHandler.java:updateContainerState(145)) - Container #1 is in OPEN state, but the datanode e47f3d18-6550-4f27-a4cc-ce34c6c87b58{ip: 192.168.34.6, host: pr-hdds-2286-rggtd-639769477, networkLocation: /default-rack, certSerialId: null} reports an CLOSED replica.
2019-10-18 05:47:28,831 [EventQueue-ContainerReportForContainerReportHandler] WARN  container.ContainerReportHandler (AbstractContainerReportHandler.java:updateContainerState(145)) - Container #1 is in OPEN state, but the datanode 58c4827f-663e-41e6-a95a-5c02fdca8528{ip: 192.168.34.6, host: pr-hdds-2286-rggtd-639769477, networkLocation: /default-rack, certSerialId: null} reports an CLOSED replica.
2019-10-18 05:47:28,859 [EventQueue-ContainerReportForContainerReportHandler] WARN  container.ContainerReportHandler (AbstractContainerReportHandler.java:updateContainerState(145)) - Container #1 is in OPEN state, but the datanode e47f3d18-6550-4f27-a4cc-ce34c6c87b58{ip: 192.168.34.6, host: pr-hdds-2286-rggtd-639769477, networkLocation: /default-rack, certSerialId: null} reports an CLOSED replica.
2019-10-18 05:47:28,944 [BlockDeletingService#3] WARN  background.BlockDeletingService (BlockDeletingService.java:isDeletionAllowed(187)) - Close Container log Index 6 is not replicated across allthe servers in the pipeline e751b4d9-2be2-4ced-b2ee-397db682eabb as the min replicated index is 4. Deletion is not allowed in this container yet.
2019-10-18 05:47:28,944 [BlockDeletingService#2] WARN  background.BlockDeletingService (BlockDeletingService.java:isDeletionAllowed(187)) - Close Container log Index 6 is not replicated across allthe servers in the pipeline e751b4d9-2be2-4ced-b2ee-397db682eabb as the min replicated index is 4. Deletion is not allowed in this container yet.
2019-10-18 05:47:29,060 [EventQueue-ContainerReportForContainerReportHandler] WARN  container.ContainerReportHandler (AbstractContainerReportHandler.java:updateContainerState(145)) - Container #1 is in OPEN state, but the datanode e47f3d18-6550-4f27-a4cc-ce34c6c87b58{ip: 192.168.34.6, host: pr-hdds-2286-rggtd-639769477, networkLocation: /default-rack, certSerialId: null} reports an CLOSED replica.
2019-10-18 05:47:29,232 [EventQueue-ContainerReportForContainerReportHandler] WARN  container.ContainerReportHandler (AbstractContainerReportHandler.java:updateContainerState(145)) - Container #1 is in OPEN state, but the datanode 58c4827f-663e-41e6-a95a-5c02fdca8528{ip: 192.168.34.6, host: pr-hdds-2286-rggtd-639769477, networkLocation: /default-rack, certSerialId: null} reports an CLOSED replica.
2019-10-18 05:47:29,461 [EventQueue-ContainerReportForContainerReportHandler] WARN  container.ContainerReportHandler (AbstractContainerReportHandler.java:updateContainerState(145)) - Container #1 is in OPEN state, but the datanode e47f3d18-6550-4f27-a4cc-ce34c6c87b58{ip: 192.168.34.6, host: pr-hdds-2286-rggtd-639769477, networkLocation: /default-rack, certSerialId: null} reports an CLOSED replica.
2019-10-18 05:47:29,533 [EventQueue-ContainerReportForContainerReportHandler] WARN  container.ContainerReportHandler (AbstractContainerReportHandler.java:updateContainerState(145)) - Container #1 is in OPEN state, but the datanode 58c4827f-663e-41e6-a95a-5c02fdca8528{ip: 192.168.34.6, host: pr-hdds-2286-rggtd-639769477, networkLocation: /default-rack, certSerialId: null} reports an CLOSED replica.
2019-10-18 05:47:29,833 [EventQueue-ContainerReportForContainerReportHandler] WARN  container.ContainerReportHandler (AbstractContainerReportHandler.java:updateContainerState(145)) - Container #1 is in OPEN state, but the datanode 58c4827f-663e-41e6-a95a-5c02fdca8528{ip: 192.168.34.6, host: pr-hdds-2286-rggtd-639769477, networkLocation: /default-rack, certSerialId: null} reports an CLOSED replica.
2019-10-18 05:47:29,864 [EventQueue-ContainerReportForContainerReportHandler] WARN  container.ContainerReportHandler (AbstractContainerReportHandler.java:updateContainerState(145)) - Container #1 is in OPEN state, but the datanode e47f3d18-6550-4f27-a4cc-ce34c6c87b58{ip: 192.168.34.6, host: pr-hdds-2286-rggtd-639769477, networkLocation: /default-rack, certSerialId: null} reports an CLOSED replica.
2019-10-18 05:47:29,945 [BlockDeletingService#3] WARN  background.BlockDeletingService (BlockDeletingService.java:isDeletionAllowed(187)) - Close Container log Index 6 is not replicated across allthe servers in the pipeline e751b4d9-2be2-4ced-b2ee-397db682eabb as the min replicated index is 4. Deletion is not allowed in this container yet.
2019-10-18 05:47:29,945 [BlockDeletingService#2] WARN  background.BlockDeletingService (BlockDeletingService.java:isDeletionAllowed(187)) - Close Container log Index 6 is not replicated across allthe servers in the pipeline e751b4d9-2be2-4ced-b2ee-397db682eabb as the min replicated index is 4. Deletion is not allowed in this container yet.
2019-10-18 05:47:30,064 [EventQueue-ContainerReportForContainerReportHandler] WARN  container.ContainerReportHandler (AbstractContainerReportHandler.java:updateContainerState(145)) - Container #1 is in OPEN state, but the datanode e47f3d18-6550-4f27-a4cc-ce34c6c87b58{ip: 192.168.34.6, host: pr-hdds-2286-rggtd-639769477, networkLocation: /default-rack, certSerialId: null} reports an CLOSED replica.
2019-10-18 05:47:30,233 [EventQueue-ContainerReportForContainerReportHandler] WARN  container.ContainerReportHandler (AbstractContainerReportHandler.java:updateContainerState(145)) - Container #1 is in OPEN state, but the datanode 58c4827f-663e-41e6-a95a-5c02fdca8528{ip: 192.168.34.6, host: pr-hdds-2286-rggtd-639769477, networkLocation: /default-rack, certSerialId: null} reports an CLOSED replica.
2019-10-18 05:47:30,463 [EventQueue-ContainerReportForContainerReportHandler] WARN  container.ContainerReportHandler (AbstractContainerReportHandler.java:updateContainerState(145)) - Container #1 is in OPEN state, but the datanode e47f3d18-6550-4f27-a4cc-ce34c6c87b58{ip: 192.168.34.6, host: pr-hdds-2286-rggtd-639769477, networkLocation: /default-rack, certSerialId: null} reports an CLOSED replica.
2019-10-18 05:47:30,533 [EventQueue-ContainerReportForContainerReportHandler] WARN  container.ContainerReportHandler (AbstractContainerReportHandler.java:updateContainerState(145)) - Container #1 is in OPEN state, but the datanode 58c4827f-663e-41e6-a95a-5c02fdca8528{ip: 192.168.34.6, host: pr-hdds-2286-rggtd-639769477, networkLocation: /default-rack, certSerialId: null} reports an CLOSED replica.
2019-10-18 05:47:30,644 [java.util.concurrent.ThreadPoolExecutor$Worker@5716808[State = -1, empty queue]] WARN  server.GrpcLogAppender (GrpcLogAppender.java:timeoutAppendRequest(209)) - 58c4827f-663e-41e6-a95a-5c02fdca8528@group-397DB682EABB->291b4074-36ef-4604-afea-a446d5bcf194-GrpcLogAppender: appendEntries Timeout, request=58c4827f-663e-41e6-a95a-5c02fdca8528->291b4074-36ef-4604-afea-a446d5bcf194#43-t4, previous=(t:4, i:10), leaderCommit=10, initializing? false, entries: <empty>
2019-10-18 05:47:30,663 [EventQueue-ContainerReportForContainerReportHandler] WARN  container.ContainerReportHandler (AbstractContainerReportHandler.java:updateContainerState(145)) - Container #1 is in OPEN state, but the datanode e47f3d18-6550-4f27-a4cc-ce34c6c87b58{ip: 192.168.34.6, host: pr-hdds-2286-rggtd-639769477, networkLocation: /default-rack, certSerialId: null} reports an CLOSED replica.
2019-10-18 05:47:30,733 [EventQueue-ContainerReportForContainerReportHandler] WARN  container.ContainerReportHandler (AbstractContainerReportHandler.java:updateContainerState(145)) - Container #1 is in OPEN state, but the datanode 58c4827f-663e-41e6-a95a-5c02fdca8528{ip: 192.168.34.6, host: pr-hdds-2286-rggtd-639769477, networkLocation: /default-rack, certSerialId: null} reports an CLOSED replica.
2019-10-18 05:47:30,756 [Thread-488] INFO  client.GrpcClientProtocolService (GrpcClientProtocolService.java:lambda$processClientRequest$0(278)) - Failed RaftClientRequest:client-15CC5DA066CF->58c4827f-663e-41e6-a95a-5c02fdca8528@group-397DB682EABB, cid=10, seq=0, Watch-ALL_COMMITTED(6), Message:<EMPTY>, reply=RaftClientReply:client-15CC5DA066CF->58c4827f-663e-41e6-a95a-5c02fdca8528@group-397DB682EABB, cid=10, FAILED org.apache.ratis.protocol.NotReplicatedException: Request with call Id 10 and log index 6 is not yet replicated to ALL_COMMITTED, logIndex=6, commits[58c4827f-663e-41e6-a95a-5c02fdca8528:c10, 291b4074-36ef-4604-afea-a446d5bcf194:c4, e47f3d18-6550-4f27-a4cc-ce34c6c87b58:c10]
2019-10-18 05:47:30,864 [EventQueue-ContainerReportForContainerReportHandler] WARN  container.ContainerReportHandler (AbstractContainerReportHandler.java:updateContainerState(145)) - Container #1 is in OPEN state, but the datanode e47f3d18-6550-4f27-a4cc-ce34c6c87b58{ip: 192.168.34.6, host: pr-hdds-2286-rggtd-639769477, networkLocation: /default-rack, certSerialId: null} reports an CLOSED replica.
2019-10-18 05:47:30,948 [BlockDeletingService#3] WARN  background.BlockDeletingService (BlockDeletingService.java:isDeletionAllowed(187)) - Close Container log Index 6 is not replicated across allthe servers in the pipeline e751b4d9-2be2-4ced-b2ee-397db682eabb as the min replicated index is 4. Deletion is not allowed in this container yet.
2019-10-18 05:47:30,948 [BlockDeletingService#2] WARN  background.BlockDeletingService (BlockDeletingService.java:isDeletionAllowed(187)) - Close Container log Index 6 is not replicated across allthe servers in the pipeline e751b4d9-2be2-4ced-b2ee-397db682eabb as the min replicated index is 4. Deletion is not allowed in this container yet.
2019-10-18 05:47:31,134 [EventQueue-ContainerReportForContainerReportHandler] WARN  container.ContainerReportHandler (AbstractContainerReportHandler.java:updateContainerState(145)) - Container #1 is in OPEN state, but the datanode 58c4827f-663e-41e6-a95a-5c02fdca8528{ip: 192.168.34.6, host: pr-hdds-2286-rggtd-639769477, networkLocation: /default-rack, certSerialId: null} reports an CLOSED replica.
2019-10-18 05:47:31,163 [EventQueue-ContainerReportForContainerReportHandler] WARN  container.ContainerReportHandler (AbstractContainerReportHandler.java:updateContainerState(145)) - Container #1 is in OPEN state, but the datanode e47f3d18-6550-4f27-a4cc-ce34c6c87b58{ip: 192.168.34.6, host: pr-hdds-2286-rggtd-639769477, networkLocation: /default-rack, certSerialId: null} reports an CLOSED replica.
2019-10-18 05:47:31,434 [EventQueue-ContainerReportForContainerReportHandler] WARN  container.ContainerReportHandler (AbstractContainerReportHandler.java:updateContainerState(145)) - Container #1 is in OPEN state, but the datanode 58c4827f-663e-41e6-a95a-5c02fdca8528{ip: 192.168.34.6, host: pr-hdds-2286-rggtd-639769477, networkLocation: /default-rack, certSerialId: null} reports an CLOSED replica.
2019-10-18 05:47:31,463 [EventQueue-ContainerReportForContainerReportHandler] WARN  container.ContainerReportHandler (AbstractContainerReportHandler.java:updateContainerState(145)) - Container #1 is in OPEN state, but the datanode e47f3d18-6550-4f27-a4cc-ce34c6c87b58{ip: 192.168.34.6, host: pr-hdds-2286-rggtd-639769477, networkLocation: /default-rack, certSerialId: null} reports an CLOSED replica.
2019-10-18 05:47:31,764 [EventQueue-ContainerReportForContainerReportHandler] WARN  container.ContainerReportHandler (AbstractContainerReportHandler.java:updateContainerState(145)) - Container #1 is in OPEN state, but the datanode e47f3d18-6550-4f27-a4cc-ce34c6c87b58{ip: 192.168.34.6, host: pr-hdds-2286-rggtd-639769477, networkLocation: /default-rack, certSerialId: null} reports an CLOSED replica.
2019-10-18 05:47:31,836 [EventQueue-ContainerReportForContainerReportHandler] WARN  container.ContainerReportHandler (AbstractContainerReportHandler.java:updateContainerState(145)) - Container #1 is in OPEN state, but the datanode 58c4827f-663e-41e6-a95a-5c02fdca8528{ip: 192.168.34.6, host: pr-hdds-2286-rggtd-639769477, networkLocation: /default-rack, certSerialId: null} reports an CLOSED replica.
2019-10-18 05:47:31,951 [BlockDeletingService#3] WARN  background.BlockDeletingService (BlockDeletingService.java:isDeletionAllowed(187)) - Close Container log Index 6 is not replicated across allthe servers in the pipeline e751b4d9-2be2-4ced-b2ee-397db682eabb as the min replicated index is 4. Deletion is not allowed in this container yet.
2019-10-18 05:47:31,951 [BlockDeletingService#2] WARN  background.BlockDeletingService (BlockDeletingService.java:isDeletionAllowed(187)) - Close Container log Index 6 is not replicated across allthe servers in the pipeline e751b4d9-2be2-4ced-b2ee-397db682eabb as the min replicated index is 4. Deletion is not allowed in this container yet.
2019-10-18 05:47:32,064 [EventQueue-ContainerReportForContainerReportHandler] WARN  container.ContainerReportHandler (AbstractContainerReportHandler.java:updateContainerState(145)) - Container #1 is in OPEN state, but the datanode e47f3d18-6550-4f27-a4cc-ce34c6c87b58{ip: 192.168.34.6, host: pr-hdds-2286-rggtd-639769477, networkLocation: /default-rack, certSerialId: null} reports an CLOSED replica.
2019-10-18 05:47:32,135 [EventQueue-ContainerReportForContainerReportHandler] WARN  container.ContainerReportHandler (AbstractContainerReportHandler.java:updateContainerState(145)) - Container #1 is in OPEN state, but the datanode 58c4827f-663e-41e6-a95a-5c02fdca8528{ip: 192.168.34.6, host: pr-hdds-2286-rggtd-639769477, networkLocation: /default-rack, certSerialId: null} reports an CLOSED replica.
2019-10-18 05:47:32,265 [EventQueue-ContainerReportForContainerReportHandler] WARN  container.ContainerReportHandler (AbstractContainerReportHandler.java:updateContainerState(145)) - Container #1 is in OPEN state, but the datanode e47f3d18-6550-4f27-a4cc-ce34c6c87b58{ip: 192.168.34.6, host: pr-hdds-2286-rggtd-639769477, networkLocation: /default-rack, certSerialId: null} reports an CLOSED replica.
2019-10-18 05:47:32,436 [EventQueue-ContainerReportForContainerReportHandler] WARN  container.ContainerReportHandler (AbstractContainerReportHandler.java:updateContainerState(145)) - Container #1 is in OPEN state, but the datanode 58c4827f-663e-41e6-a95a-5c02fdca8528{ip: 192.168.34.6, host: pr-hdds-2286-rggtd-639769477, networkLocation: /default-rack, certSerialId: null} reports an CLOSED replica.
2019-10-18 05:47:32,564 [EventQueue-ContainerReportForContainerReportHandler] WARN  container.ContainerReportHandler (AbstractContainerReportHandler.java:updateContainerState(145)) - Container #1 is in OPEN state, but the datanode e47f3d18-6550-4f27-a4cc-ce34c6c87b58{ip: 192.168.34.6, host: pr-hdds-2286-rggtd-639769477, networkLocation: /default-rack, certSerialId: null} reports an CLOSED replica.
2019-10-18 05:47:32,736 [EventQueue-ContainerReportForContainerReportHandler] WARN  container.ContainerReportHandler (AbstractContainerReportHandler.java:updateContainerState(145)) - Container #1 is in OPEN state, but the datanode 58c4827f-663e-41e6-a95a-5c02fdca8528{ip: 192.168.34.6, host: pr-hdds-2286-rggtd-639769477, networkLocation: /default-rack, certSerialId: null} reports an CLOSED replica.
2019-10-18 05:47:32,764 [EventQueue-ContainerReportForContainerReportHandler] WARN  container.ContainerReportHandler (AbstractContainerReportHandler.java:updateContainerState(145)) - Container #1 is in OPEN state, but the datanode e47f3d18-6550-4f27-a4cc-ce34c6c87b58{ip: 192.168.34.6, host: pr-hdds-2286-rggtd-639769477, networkLocation: /default-rack, certSerialId: null} reports an CLOSED replica.
2019-10-18 05:47:32,952 [BlockDeletingService#3] WARN  background.BlockDeletingService (BlockDeletingService.java:isDeletionAllowed(187)) - Close Container log Index 6 is not replicated across allthe servers in the pipeline e751b4d9-2be2-4ced-b2ee-397db682eabb as the min replicated index is 4. Deletion is not allowed in this container yet.
2019-10-18 05:47:32,952 [BlockDeletingService#2] WARN  background.BlockDeletingService (BlockDeletingService.java:isDeletionAllowed(187)) - Close Container log Index 6 is not replicated across allthe servers in the pipeline e751b4d9-2be2-4ced-b2ee-397db682eabb as the min replicated index is 4. Deletion is not allowed in this container yet.
2019-10-18 05:47:33,038 [EventQueue-ContainerReportForContainerReportHandler] WARN  container.ContainerReportHandler (AbstractContainerReportHandler.java:updateContainerState(145)) - Container #1 is in OPEN state, but the datanode 58c4827f-663e-41e6-a95a-5c02fdca8528{ip: 192.168.34.6, host: pr-hdds-2286-rggtd-639769477, networkLocation: /default-rack, certSerialId: null} reports an CLOSED replica.
2019-10-18 05:47:33,144 [java.util.concurrent.ThreadPoolExecutor$Worker@5716808[State = -1, empty queue]] WARN  server.GrpcLogAppender (GrpcLogAppender.java:timeoutAppendRequest(209)) - 58c4827f-663e-41e6-a95a-5c02fdca8528@group-397DB682EABB->291b4074-36ef-4604-afea-a446d5bcf194-GrpcLogAppender: appendEntries Timeout, request=58c4827f-663e-41e6-a95a-5c02fdca8528->291b4074-36ef-4604-afea-a446d5bcf194#44-t4, previous=(t:4, i:10), leaderCommit=10, initializing? false, entries: <empty>
2019-10-18 05:47:33,165 [EventQueue-ContainerReportForContainerReportHandler] WARN  container.ContainerReportHandler (AbstractContainerReportHandler.java:updateContainerState(145)) - Container #1 is in OPEN state, but the datanode e47f3d18-6550-4f27-a4cc-ce34c6c87b58{ip: 192.168.34.6, host: pr-hdds-2286-rggtd-639769477, networkLocation: /default-rack, certSerialId: null} reports an CLOSED replica.
2019-10-18 05:47:33,338 [EventQueue-ContainerReportForContainerReportHandler] WARN  container.ContainerReportHandler (AbstractContainerReportHandler.java:updateContainerState(145)) - Container #1 is in OPEN state, but the datanode 58c4827f-663e-41e6-a95a-5c02fdca8528{ip: 192.168.34.6, host: pr-hdds-2286-rggtd-639769477, networkLocation: /default-rack, certSerialId: null} reports an CLOSED replica.
2019-10-18 05:47:33,469 [EventQueue-ContainerReportForContainerReportHandler] WARN  container.ContainerReportHandler (AbstractContainerReportHandler.java:updateContainerState(145)) - Container #1 is in OPEN state, but the datanode e47f3d18-6550-4f27-a4cc-ce34c6c87b58{ip: 192.168.34.6, host: pr-hdds-2286-rggtd-639769477, networkLocation: /default-rack, certSerialId: null} reports an CLOSED replica.
2019-10-18 05:47:33,538 [EventQueue-ContainerReportForContainerReportHandler] WARN  container.ContainerReportHandler (AbstractContainerReportHandler.java:updateContainerState(145)) - Container #1 is in OPEN state, but the datanode 58c4827f-663e-41e6-a95a-5c02fdca8528{ip: 192.168.34.6, host: pr-hdds-2286-rggtd-639769477, networkLocation: /default-rack, certSerialId: null} reports an CLOSED replica.
2019-10-18 05:47:33,840 [EventQueue-ContainerReportForContainerReportHandler] WARN  container.ContainerReportHandler (AbstractContainerReportHandler.java:updateContainerState(145)) - Container #1 is in OPEN state, but the datanode 58c4827f-663e-41e6-a95a-5c02fdca8528{ip: 192.168.34.6, host: pr-hdds-2286-rggtd-639769477, networkLocation: /default-rack, certSerialId: null} reports an CLOSED replica.
2019-10-18 05:47:33,867 [EventQueue-ContainerReportForContainerReportHandler] WARN  container.ContainerReportHandler (AbstractContainerReportHandler.java:updateContainerState(145)) - Container #1 is in OPEN state, but the datanode e47f3d18-6550-4f27-a4cc-ce34c6c87b58{ip: 192.168.34.6, host: pr-hdds-2286-rggtd-639769477, networkLocation: /default-rack, certSerialId: null} reports an CLOSED replica.
2019-10-18 05:47:33,954 [BlockDeletingService#2] WARN  background.BlockDeletingService (BlockDeletingService.java:isDeletionAllowed(187)) - Close Container log Index 6 is not replicated across allthe servers in the pipeline e751b4d9-2be2-4ced-b2ee-397db682eabb as the min replicated index is 4. Deletion is not allowed in this container yet.
2019-10-18 05:47:33,954 [BlockDeletingService#3] WARN  background.BlockDeletingService (BlockDeletingService.java:isDeletionAllowed(187)) - Close Container log Index 6 is not replicated across allthe servers in the pipeline e751b4d9-2be2-4ced-b2ee-397db682eabb as the min replicated index is 4. Deletion is not allowed in this container yet.
2019-10-18 05:47:34,139 [EventQueue-ContainerReportForContainerReportHandler] WARN  container.ContainerReportHandler (AbstractContainerReportHandler.java:updateContainerState(145)) - Container #1 is in OPEN state, but the datanode 58c4827f-663e-41e6-a95a-5c02fdca8528{ip: 192.168.34.6, host: pr-hdds-2286-rggtd-639769477, networkLocation: /default-rack, certSerialId: null} reports an CLOSED replica.
2019-10-18 05:47:34,166 [EventQueue-ContainerReportForContainerReportHandler] WARN  container.ContainerReportHandler (AbstractContainerReportHandler.java:updateContainerState(145)) - Container #1 is in OPEN state, but the datanode e47f3d18-6550-4f27-a4cc-ce34c6c87b58{ip: 192.168.34.6, host: pr-hdds-2286-rggtd-639769477, networkLocation: /default-rack, certSerialId: null} reports an CLOSED replica.
2019-10-18 05:47:34,440 [EventQueue-ContainerReportForContainerReportHandler] WARN  container.ContainerReportHandler (AbstractContainerReportHandler.java:updateContainerState(145)) - Container #1 is in OPEN state, but the datanode 58c4827f-663e-41e6-a95a-5c02fdca8528{ip: 192.168.34.6, host: pr-hdds-2286-rggtd-639769477, networkLocation: /default-rack, certSerialId: null} reports an CLOSED replica.
2019-10-18 05:47:34,467 [EventQueue-ContainerReportForContainerReportHandler] WARN  container.ContainerReportHandler (AbstractContainerReportHandler.java:updateContainerState(145)) - Container #1 is in OPEN state, but the datanode e47f3d18-6550-4f27-a4cc-ce34c6c87b58{ip: 192.168.34.6, host: pr-hdds-2286-rggtd-639769477, networkLocation: /default-rack, certSerialId: null} reports an CLOSED replica.
2019-10-18 05:47:34,666 [EventQueue-ContainerReportForContainerReportHandler] WARN  container.ContainerReportHandler (AbstractContainerReportHandler.java:updateContainerState(145)) - Container #1 is in OPEN state, but the datanode e47f3d18-6550-4f27-a4cc-ce34c6c87b58{ip: 192.168.34.6, host: pr-hdds-2286-rggtd-639769477, networkLocation: /default-rack, certSerialId: null} reports an CLOSED replica.
2019-10-18 05:47:34,741 [EventQueue-ContainerReportForContainerReportHandler] WARN  container.ContainerReportHandler (AbstractContainerReportHandler.java:updateContainerState(145)) - Container #1 is in OPEN state, but the datanode 58c4827f-663e-41e6-a95a-5c02fdca8528{ip: 192.168.34.6, host: pr-hdds-2286-rggtd-639769477, networkLocation: /default-rack, certSerialId: null} reports an CLOSED replica.
2019-10-18 05:47:34,956 [BlockDeletingService#2] WARN  background.BlockDeletingService (BlockDeletingService.java:isDeletionAllowed(187)) - Close Container log Index 6 is not replicated across allthe servers in the pipeline e751b4d9-2be2-4ced-b2ee-397db682eabb as the min replicated index is 4. Deletion is not allowed in this container yet.
2019-10-18 05:47:34,957 [BlockDeletingService#3] WARN  background.BlockDeletingService (BlockDeletingService.java:isDeletionAllowed(187)) - Close Container log Index 6 is not replicated across allthe servers in the pipeline e751b4d9-2be2-4ced-b2ee-397db682eabb as the min replicated index is 4. Deletion is not allowed in this container yet.
2019-10-18 05:47:34,967 [EventQueue-ContainerReportForContainerReportHandler] WARN  container.ContainerReportHandler (AbstractContainerReportHandler.java:updateContainerState(145)) - Container #1 is in OPEN state, but the datanode e47f3d18-6550-4f27-a4cc-ce34c6c87b58{ip: 192.168.34.6, host: pr-hdds-2286-rggtd-639769477, networkLocation: /default-rack, certSerialId: null} reports an CLOSED replica.
2019-10-18 05:47:35,041 [EventQueue-ContainerReportForContainerReportHandler] WARN  container.ContainerReportHandler (AbstractContainerReportHandler.java:updateContainerState(145)) - Container #1 is in OPEN state, but the datanode 58c4827f-663e-41e6-a95a-5c02fdca8528{ip: 192.168.34.6, host: pr-hdds-2286-rggtd-639769477, networkLocation: /default-rack, certSerialId: null} reports an CLOSED replica.
2019-10-18 05:47:35,241 [EventQueue-ContainerReportForContainerReportHandler] WARN  container.ContainerReportHandler (AbstractContainerReportHandler.java:updateContainerState(145)) - Container #1 is in OPEN state, but the datanode 58c4827f-663e-41e6-a95a-5c02fdca8528{ip: 192.168.34.6, host: pr-hdds-2286-rggtd-639769477, networkLocation: /default-rack, certSerialId: null} reports an CLOSED replica.
2019-10-18 05:47:35,268 [EventQueue-ContainerReportForContainerReportHandler] WARN  container.ContainerReportHandler (AbstractContainerReportHandler.java:updateContainerState(145)) - Container #1 is in OPEN state, but the datanode e47f3d18-6550-4f27-a4cc-ce34c6c87b58{ip: 192.168.34.6, host: pr-hdds-2286-rggtd-639769477, networkLocation: /default-rack, certSerialId: null} reports an CLOSED replica.
2019-10-18 05:47:35,642 [EventQueue-ContainerReportForContainerReportHandler] WARN  container.ContainerReportHandler (AbstractContainerReportHandler.java:updateContainerState(145)) - Container #1 is in OPEN state, but the datanode 58c4827f-663e-41e6-a95a-5c02fdca8528{ip: 192.168.34.6, host: pr-hdds-2286-rggtd-639769477, networkLocation: /default-rack, certSerialId: null} reports an CLOSED replica.
2019-10-18 05:47:35,647 [java.util.concurrent.ThreadPoolExecutor$Worker@5716808[State = -1, empty queue]] WARN  server.GrpcLogAppender (GrpcLogAppender.java:timeoutAppendRequest(209)) - 58c4827f-663e-41e6-a95a-5c02fdca8528@group-397DB682EABB->291b4074-36ef-4604-afea-a446d5bcf194-GrpcLogAppender: appendEntries Timeout, request=58c4827f-663e-41e6-a95a-5c02fdca8528->291b4074-36ef-4604-afea-a446d5bcf194#45-t4, previous=(t:4, i:10), leaderCommit=10, initializing? false, entries: <empty>
2019-10-18 05:47:35,667 [EventQueue-ContainerReportForContainerReportHandler] WARN  container.ContainerReportHandler (AbstractContainerReportHandler.java:updateContainerState(145)) - Container #1 is in OPEN state, but the datanode e47f3d18-6550-4f27-a4cc-ce34c6c87b58{ip: 192.168.34.6, host: pr-hdds-2286-rggtd-639769477, networkLocation: /default-rack, certSerialId: null} reports an CLOSED replica.
2019-10-18 05:47:35,841 [EventQueue-ContainerReportForContainerReportHandler] WARN  container.ContainerReportHandler (AbstractContainerReportHandler.java:updateContainerState(145)) - Container #1 is in OPEN state, but the datanode 58c4827f-663e-41e6-a95a-5c02fdca8528{ip: 192.168.34.6, host: pr-hdds-2286-rggtd-639769477, networkLocation: /default-rack, certSerialId: null} reports an CLOSED replica.
2019-10-18 05:47:35,867 [EventQueue-ContainerReportForContainerReportHandler] WARN  container.ContainerReportHandler (AbstractContainerReportHandler.java:updateContainerState(145)) - Container #1 is in OPEN state, but the datanode e47f3d18-6550-4f27-a4cc-ce34c6c87b58{ip: 192.168.34.6, host: pr-hdds-2286-rggtd-639769477, networkLocation: /default-rack, certSerialId: null} reports an CLOSED replica.
2019-10-18 05:47:35,957 [BlockDeletingService#2] WARN  background.BlockDeletingService (BlockDeletingService.java:isDeletionAllowed(187)) - Close Container log Index 6 is not replicated across allthe servers in the pipeline e751b4d9-2be2-4ced-b2ee-397db682eabb as the min replicated index is 4. Deletion is not allowed in this container yet.
2019-10-18 05:47:35,958 [BlockDeletingService#3] WARN  background.BlockDeletingService (BlockDeletingService.java:isDeletionAllowed(187)) - Close Container log Index 6 is not replicated across allthe servers in the pipeline e751b4d9-2be2-4ced-b2ee-397db682eabb as the min replicated index is 4. Deletion is not allowed in this container yet.
2019-10-18 05:47:36,167 [EventQueue-ContainerReportForContainerReportHandler] WARN  container.ContainerReportHandler (AbstractContainerReportHandler.java:updateContainerState(145)) - Container #1 is in OPEN state, but the datanode e47f3d18-6550-4f27-a4cc-ce34c6c87b58{ip: 192.168.34.6, host: pr-hdds-2286-rggtd-639769477, networkLocation: /default-rack, certSerialId: null} reports an CLOSED replica.
2019-10-18 05:47:36,241 [EventQueue-ContainerReportForContainerReportHandler] WARN  container.ContainerReportHandler (AbstractContainerReportHandler.java:updateContainerState(145)) - Container #1 is in OPEN state, but the datanode 58c4827f-663e-41e6-a95a-5c02fdca8528{ip: 192.168.34.6, host: pr-hdds-2286-rggtd-639769477, networkLocation: /default-rack, certSerialId: null} reports an CLOSED replica.
2019-10-18 05:47:36,441 [EventQueue-ContainerReportForContainerReportHandler] WARN  container.ContainerReportHandler (AbstractContainerReportHandler.java:updateContainerState(145)) - Container #1 is in OPEN state, but the datanode 58c4827f-663e-41e6-a95a-5c02fdca8528{ip: 192.168.34.6, host: pr-hdds-2286-rggtd-639769477, networkLocation: /default-rack, certSerialId: null} reports an CLOSED replica.
2019-10-18 05:47:36,468 [EventQueue-ContainerReportForContainerReportHandler] WARN  container.ContainerReportHandler (AbstractContainerReportHandler.java:updateContainerState(145)) - Container #1 is in OPEN state, but the datanode e47f3d18-6550-4f27-a4cc-ce34c6c87b58{ip: 192.168.34.6, host: pr-hdds-2286-rggtd-639769477, networkLocation: /default-rack, certSerialId: null} reports an CLOSED replica.
2019-10-18 05:47:36,741 [EventQueue-ContainerReportForContainerReportHandler] WARN  container.ContainerReportHandler (AbstractContainerReportHandler.java:updateContainerState(145)) - Container #1 is in OPEN state, but the datanode 58c4827f-663e-41e6-a95a-5c02fdca8528{ip: 192.168.34.6, host: pr-hdds-2286-rggtd-639769477, networkLocation: /default-rack, certSerialId: null} reports an CLOSED replica.
2019-10-18 05:47:36,767 [EventQueue-ContainerReportForContainerReportHandler] WARN  container.ContainerReportHandler (AbstractContainerReportHandler.java:updateContainerState(145)) - Container #1 is in OPEN state, but the datanode e47f3d18-6550-4f27-a4cc-ce34c6c87b58{ip: 192.168.34.6, host: pr-hdds-2286-rggtd-639769477, networkLocation: /default-rack, certSerialId: null} reports an CLOSED replica.
2019-10-18 05:47:36,958 [BlockDeletingService#2] WARN  background.BlockDeletingService (BlockDeletingService.java:isDeletionAllowed(187)) - Close Container log Index 6 is not replicated across allthe servers in the pipeline e751b4d9-2be2-4ced-b2ee-397db682eabb as the min replicated index is 4. Deletion is not allowed in this container yet.
2019-10-18 05:47:36,959 [BlockDeletingService#3] WARN  background.BlockDeletingService (BlockDeletingService.java:isDeletionAllowed(187)) - Close Container log Index 6 is not replicated across allthe servers in the pipeline e751b4d9-2be2-4ced-b2ee-397db682eabb as the min replicated index is 4. Deletion is not allowed in this container yet.
2019-10-18 05:47:37,069 [EventQueue-ContainerReportForContainerReportHandler] WARN  container.ContainerReportHandler (AbstractContainerReportHandler.java:updateContainerState(145)) - Container #1 is in OPEN state, but the datanode e47f3d18-6550-4f27-a4cc-ce34c6c87b58{ip: 192.168.34.6, host: pr-hdds-2286-rggtd-639769477, networkLocation: /default-rack, certSerialId: null} reports an CLOSED replica.
2019-10-18 05:47:37,142 [EventQueue-ContainerReportForContainerReportHandler] WARN  container.ContainerReportHandler (AbstractContainerReportHandler.java:updateContainerState(145)) - Container #1 is in OPEN state, but the datanode 58c4827f-663e-41e6-a95a-5c02fdca8528{ip: 192.168.34.6, host: pr-hdds-2286-rggtd-639769477, networkLocation: /default-rack, certSerialId: null} reports an CLOSED replica.
2019-10-18 05:47:37,368 [EventQueue-ContainerReportForContainerReportHandler] WARN  container.ContainerReportHandler (AbstractContainerReportHandler.java:updateContainerState(145)) - Container #1 is in OPEN state, but the datanode e47f3d18-6550-4f27-a4cc-ce34c6c87b58{ip: 192.168.34.6, host: pr-hdds-2286-rggtd-639769477, networkLocation: /default-rack, certSerialId: null} reports an CLOSED replica.
2019-10-18 05:47:37,445 [EventQueue-ContainerReportForContainerReportHandler] WARN  container.ContainerReportHandler (AbstractContainerReportHandler.java:updateContainerState(145)) - Container #1 is in OPEN state, but the datanode 58c4827f-663e-41e6-a95a-5c02fdca8528{ip: 192.168.34.6, host: pr-hdds-2286-rggtd-639769477, networkLocation: /default-rack, certSerialId: null} reports an CLOSED replica.
2019-10-18 05:47:37,568 [EventQueue-ContainerReportForContainerReportHandler] WARN  container.ContainerReportHandler (AbstractContainerReportHandler.java:updateContainerState(145)) - Container #1 is in OPEN state, but the datanode e47f3d18-6550-4f27-a4cc-ce34c6c87b58{ip: 192.168.34.6, host: pr-hdds-2286-rggtd-639769477, networkLocation: /default-rack, certSerialId: null} reports an CLOSED replica.
2019-10-18 05:47:37,744 [EventQueue-ContainerReportForContainerReportHandler] WARN  container.ContainerReportHandler (AbstractContainerReportHandler.java:updateContainerState(145)) - Container #1 is in OPEN state, but the datanode 58c4827f-663e-41e6-a95a-5c02fdca8528{ip: 192.168.34.6, host: pr-hdds-2286-rggtd-639769477, networkLocation: /default-rack, certSerialId: null} reports an CLOSED replica.
2019-10-18 05:47:37,868 [EventQueue-ContainerReportForContainerReportHandler] WARN  container.ContainerReportHandler (AbstractContainerReportHandler.java:updateContainerState(145)) - Container #1 is in OPEN state, but the datanode e47f3d18-6550-4f27-a4cc-ce34c6c87b58{ip: 192.168.34.6, host: pr-hdds-2286-rggtd-639769477, networkLocation: /default-rack, certSerialId: null} reports an CLOSED replica.
2019-10-18 05:47:37,960 [BlockDeletingService#2] WARN  background.BlockDeletingService (BlockDeletingService.java:isDeletionAllowed(187)) - Close Container log Index 6 is not replicated across allthe servers in the pipeline e751b4d9-2be2-4ced-b2ee-397db682eabb as the min replicated index is 4. Deletion is not allowed in this container yet.
2019-10-18 05:47:37,960 [BlockDeletingService#3] WARN  background.BlockDeletingService (BlockDeletingService.java:isDeletionAllowed(187)) - Close Container log Index 6 is not replicated across allthe servers in the pipeline e751b4d9-2be2-4ced-b2ee-397db682eabb as the min replicated index is 4. Deletion is not allowed in this container yet.
2019-10-18 05:47:38,044 [EventQueue-ContainerReportForContainerReportHandler] WARN  container.ContainerReportHandler (AbstractContainerReportHandler.java:updateContainerState(145)) - Container #1 is in OPEN state, but the datanode 58c4827f-663e-41e6-a95a-5c02fdca8528{ip: 192.168.34.6, host: pr-hdds-2286-rggtd-639769477, networkLocation: /default-rack, certSerialId: null} reports an CLOSED replica.
2019-10-18 05:47:38,068 [EventQueue-ContainerReportForContainerReportHandler] WARN  container.ContainerReportHandler (AbstractContainerReportHandler.java:updateContainerState(145)) - Container #1 is in OPEN state, but the datanode e47f3d18-6550-4f27-a4cc-ce34c6c87b58{ip: 192.168.34.6, host: pr-hdds-2286-rggtd-639769477, networkLocation: /default-rack, certSerialId: null} reports an CLOSED replica.
2019-10-18 05:47:38,148 [java.util.concurrent.ThreadPoolExecutor$Worker@5716808[State = -1, empty queue]] WARN  server.GrpcLogAppender (GrpcLogAppender.java:timeoutAppendRequest(209)) - 58c4827f-663e-41e6-a95a-5c02fdca8528@group-397DB682EABB->291b4074-36ef-4604-afea-a446d5bcf194-GrpcLogAppender: appendEntries Timeout, request=58c4827f-663e-41e6-a95a-5c02fdca8528->291b4074-36ef-4604-afea-a446d5bcf194#46-t4, previous=(t:4, i:10), leaderCommit=10, initializing? false, entries: <empty>
2019-10-18 05:47:38,344 [EventQueue-ContainerReportForContainerReportHandler] WARN  container.ContainerReportHandler (AbstractContainerReportHandler.java:updateContainerState(145)) - Container #1 is in OPEN state, but the datanode 58c4827f-663e-41e6-a95a-5c02fdca8528{ip: 192.168.34.6, host: pr-hdds-2286-rggtd-639769477, networkLocation: /default-rack, certSerialId: null} reports an CLOSED replica.
2019-10-18 05:47:38,468 [EventQueue-ContainerReportForContainerReportHandler] WARN  container.ContainerReportHandler (AbstractContainerReportHandler.java:updateContainerState(145)) - Container #1 is in OPEN state, but the datanode e47f3d18-6550-4f27-a4cc-ce34c6c87b58{ip: 192.168.34.6, host: pr-hdds-2286-rggtd-639769477, networkLocation: /default-rack, certSerialId: null} reports an CLOSED replica.
2019-10-18 05:47:38,544 [EventQueue-ContainerReportForContainerReportHandler] WARN  container.ContainerReportHandler (AbstractContainerReportHandler.java:updateContainerState(145)) - Container #1 is in OPEN state, but the datanode 58c4827f-663e-41e6-a95a-5c02fdca8528{ip: 192.168.34.6, host: pr-hdds-2286-rggtd-639769477, networkLocation: /default-rack, certSerialId: null} reports an CLOSED replica.
2019-10-18 05:47:38,669 [EventQueue-ContainerReportForContainerReportHandler] WARN  container.ContainerReportHandler (AbstractContainerReportHandler.java:updateContainerState(145)) - Container #1 is in OPEN state, but the datanode e47f3d18-6550-4f27-a4cc-ce34c6c87b58{ip: 192.168.34.6, host: pr-hdds-2286-rggtd-639769477, networkLocation: /default-rack, certSerialId: null} reports an CLOSED replica.
2019-10-18 05:47:38,835 [Thread-510] INFO  client.GrpcClientProtocolService (GrpcClientProtocolService.java:lambda$processClientRequest$0(278)) - Failed RaftClientRequest:client-15CC5DA066CF->e47f3d18-6550-4f27-a4cc-ce34c6c87b58@group-397DB682EABB, cid=10, seq=0, Watch-ALL_COMMITTED(6), Message:<EMPTY>, reply=RaftClientReply:client-15CC5DA066CF->e47f3d18-6550-4f27-a4cc-ce34c6c87b58@group-397DB682EABB, cid=10, FAILED org.apache.ratis.protocol.NotLeaderException: Server e47f3d18-6550-4f27-a4cc-ce34c6c87b58@group-397DB682EABB is not the leader 58c4827f-663e-41e6-a95a-5c02fdca8528:192.168.34.6:39496, logIndex=0, commits[e47f3d18-6550-4f27-a4cc-ce34c6c87b58:c10, 291b4074-36ef-4604-afea-a446d5bcf194:c4, 58c4827f-663e-41e6-a95a-5c02fdca8528:c10]
2019-10-18 05:47:38,847 [EventQueue-ContainerReportForContainerReportHandler] WARN  container.ContainerReportHandler (AbstractContainerReportHandler.java:updateContainerState(145)) - Container #1 is in OPEN state, but the datanode 58c4827f-663e-41e6-a95a-5c02fdca8528{ip: 192.168.34.6, host: pr-hdds-2286-rggtd-639769477, networkLocation: /default-rack, certSerialId: null} reports an CLOSED replica.
2019-10-18 05:47:38,961 [BlockDeletingService#2] WARN  background.BlockDeletingService (BlockDeletingService.java:isDeletionAllowed(187)) - Close Container log Index 6 is not replicated across allthe servers in the pipeline e751b4d9-2be2-4ced-b2ee-397db682eabb as the min replicated index is 4. Deletion is not allowed in this container yet.
2019-10-18 05:47:38,962 [BlockDeletingService#3] WARN  background.BlockDeletingService (BlockDeletingService.java:isDeletionAllowed(187)) - Close Container log Index 6 is not replicated across allthe servers in the pipeline e751b4d9-2be2-4ced-b2ee-397db682eabb as the min replicated index is 4. Deletion is not allowed in this container yet.
2019-10-18 05:47:39,044 [EventQueue-ContainerReportForContainerReportHandler] WARN  container.ContainerReportHandler (AbstractContainerReportHandler.java:updateContainerState(145)) - Container #1 is in OPEN state, but the datanode 58c4827f-663e-41e6-a95a-5c02fdca8528{ip: 192.168.34.6, host: pr-hdds-2286-rggtd-639769477, networkLocation: /default-rack, certSerialId: null} reports an CLOSED replica.
2019-10-18 05:47:39,069 [EventQueue-ContainerReportForContainerReportHandler] WARN  container.ContainerReportHandler (AbstractContainerReportHandler.java:updateContainerState(145)) - Container #1 is in OPEN state, but the datanode e47f3d18-6550-4f27-a4cc-ce34c6c87b58{ip: 192.168.34.6, host: pr-hdds-2286-rggtd-639769477, networkLocation: /default-rack, certSerialId: null} reports an CLOSED replica.
2019-10-18 05:47:39,270 [EventQueue-ContainerReportForContainerReportHandler] WARN  container.ContainerReportHandler (AbstractContainerReportHandler.java:updateContainerState(145)) - Container #1 is in OPEN state, but the datanode e47f3d18-6550-4f27-a4cc-ce34c6c87b58{ip: 192.168.34.6, host: pr-hdds-2286-rggtd-639769477, networkLocation: /default-rack, certSerialId: null} reports an CLOSED replica.
2019-10-18 05:47:39,444 [EventQueue-ContainerReportForContainerReportHandler] WARN  container.ContainerReportHandler (AbstractContainerReportHandler.java:updateContainerState(145)) - Container #1 is in OPEN state, but the datanode 58c4827f-663e-41e6-a95a-5c02fdca8528{ip: 192.168.34.6, host: pr-hdds-2286-rggtd-639769477, networkLocation: /default-rack, certSerialId: null} reports an CLOSED replica.
2019-10-18 05:47:39,469 [EventQueue-ContainerReportForContainerReportHandler] WARN  container.ContainerReportHandler (AbstractContainerReportHandler.java:updateContainerState(145)) - Container #1 is in OPEN state, but the datanode e47f3d18-6550-4f27-a4cc-ce34c6c87b58{ip: 192.168.34.6, host: pr-hdds-2286-rggtd-639769477, networkLocation: /default-rack, certSerialId: null} reports an CLOSED replica.
2019-10-18 05:47:39,745 [EventQueue-ContainerReportForContainerReportHandler] WARN  container.ContainerReportHandler (AbstractContainerReportHandler.java:updateContainerState(145)) - Container #1 is in OPEN state, but the datanode 58c4827f-663e-41e6-a95a-5c02fdca8528{ip: 192.168.34.6, host: pr-hdds-2286-rggtd-639769477, networkLocation: /default-rack, certSerialId: null} reports an CLOSED replica.
2019-10-18 05:47:39,869 [EventQueue-ContainerReportForContainerReportHandler] WARN  container.ContainerReportHandler (AbstractContainerReportHandler.java:updateContainerState(145)) - Container #1 is in OPEN state, but the datanode e47f3d18-6550-4f27-a4cc-ce34c6c87b58{ip: 192.168.34.6, host: pr-hdds-2286-rggtd-639769477, networkLocation: /default-rack, certSerialId: null} reports an CLOSED replica.
2019-10-18 05:47:39,946 [EventQueue-ContainerReportForContainerReportHandler] WARN  container.ContainerReportHandler (AbstractContainerReportHandler.java:updateContainerState(145)) - Container #1 is in OPEN state, but the datanode 58c4827f-663e-41e6-a95a-5c02fdca8528{ip: 192.168.34.6, host: pr-hdds-2286-rggtd-639769477, networkLocation: /default-rack, certSerialId: null} reports an CLOSED replica.
2019-10-18 05:47:39,963 [BlockDeletingService#2] WARN  background.BlockDeletingService (BlockDeletingService.java:isDeletionAllowed(187)) - Close Container log Index 6 is not replicated across allthe servers in the pipeline e751b4d9-2be2-4ced-b2ee-397db682eabb as the min replicated index is 4. Deletion is not allowed in this container yet.
2019-10-18 05:47:39,964 [BlockDeletingService#3] WARN  background.BlockDeletingService (BlockDeletingService.java:isDeletionAllowed(187)) - Close Container log Index 6 is not replicated across allthe servers in the pipeline e751b4d9-2be2-4ced-b2ee-397db682eabb as the min replicated index is 4. Deletion is not allowed in this container yet.
2019-10-18 05:47:40,070 [EventQueue-ContainerReportForContainerReportHandler] WARN  container.ContainerReportHandler (AbstractContainerReportHandler.java:updateContainerState(145)) - Container #1 is in OPEN state, but the datanode e47f3d18-6550-4f27-a4cc-ce34c6c87b58{ip: 192.168.34.6, host: pr-hdds-2286-rggtd-639769477, networkLocation: /default-rack, certSerialId: null} reports an CLOSED replica.
2019-10-18 05:47:40,146 [EventQueue-ContainerReportForContainerReportHandler] WARN  container.ContainerReportHandler (AbstractContainerReportHandler.java:updateContainerState(145)) - Container #1 is in OPEN state, but the datanode 58c4827f-663e-41e6-a95a-5c02fdca8528{ip: 192.168.34.6, host: pr-hdds-2286-rggtd-639769477, networkLocation: /default-rack, certSerialId: null} reports an CLOSED replica.
2019-10-18 05:47:40,272 [EventQueue-ContainerReportForContainerReportHandler] WARN  container.ContainerReportHandler (AbstractContainerReportHandler.java:updateContainerState(145)) - Container #1 is in OPEN state, but the datanode e47f3d18-6550-4f27-a4cc-ce34c6c87b58{ip: 192.168.34.6, host: pr-hdds-2286-rggtd-639769477, networkLocation: /default-rack, certSerialId: null} reports an CLOSED replica.
2019-10-18 05:47:40,445 [EventQueue-ContainerReportForContainerReportHandler] WARN  container.ContainerReportHandler (AbstractContainerReportHandler.java:updateContainerState(145)) - Container #1 is in OPEN state, but the datanode 58c4827f-663e-41e6-a95a-5c02fdca8528{ip: 192.168.34.6, host: pr-hdds-2286-rggtd-639769477, networkLocation: /default-rack, certSerialId: null} reports an CLOSED replica.
2019-10-18 05:47:40,649 [java.util.concurrent.ThreadPoolExecutor$Worker@5716808[State = -1, empty queue]] WARN  server.GrpcLogAppender (GrpcLogAppender.java:timeoutAppendRequest(209)) - 58c4827f-663e-41e6-a95a-5c02fdca8528@group-397DB682EABB->291b4074-36ef-4604-afea-a446d5bcf194-GrpcLogAppender: appendEntries Timeout, request=58c4827f-663e-41e6-a95a-5c02fdca8528->291b4074-36ef-4604-afea-a446d5bcf194#47-t4, previous=(t:4, i:10), leaderCommit=10, initializing? false, entries: <empty>
2019-10-18 05:47:40,671 [EventQueue-ContainerReportForContainerReportHandler] WARN  container.ContainerReportHandler (AbstractContainerReportHandler.java:updateContainerState(145)) - Container #1 is in OPEN state, but the datanode e47f3d18-6550-4f27-a4cc-ce34c6c87b58{ip: 192.168.34.6, host: pr-hdds-2286-rggtd-639769477, networkLocation: /default-rack, certSerialId: null} reports an CLOSED replica.
2019-10-18 05:47:40,745 [EventQueue-ContainerReportForContainerReportHandler] WARN  container.ContainerReportHandler (AbstractContainerReportHandler.java:updateContainerState(145)) - Container #1 is in OPEN state, but the datanode 58c4827f-663e-41e6-a95a-5c02fdca8528{ip: 192.168.34.6, host: pr-hdds-2286-rggtd-639769477, networkLocation: /default-rack, certSerialId: null} reports an CLOSED replica.
2019-10-18 05:47:40,755 [Thread-518] INFO  client.GrpcClientProtocolService (GrpcClientProtocolService.java:lambda$processClientRequest$0(278)) - Failed RaftClientRequest:client-15CC5DA066CF->58c4827f-663e-41e6-a95a-5c02fdca8528@group-397DB682EABB, cid=10, seq=0, Watch-ALL_COMMITTED(6), Message:<EMPTY>, reply=RaftClientReply:client-15CC5DA066CF->58c4827f-663e-41e6-a95a-5c02fdca8528@group-397DB682EABB, cid=10, FAILED org.apache.ratis.protocol.NotReplicatedException: Request with call Id 10 and log index 6 is not yet replicated to ALL_COMMITTED, logIndex=6, commits[58c4827f-663e-41e6-a95a-5c02fdca8528:c10, 291b4074-36ef-4604-afea-a446d5bcf194:c4, e47f3d18-6550-4f27-a4cc-ce34c6c87b58:c10]
2019-10-18 05:47:40,945 [EventQueue-ContainerReportForContainerReportHandler] WARN  container.ContainerReportHandler (AbstractContainerReportHandler.java:updateContainerState(145)) - Container #1 is in OPEN state, but the datanode 58c4827f-663e-41e6-a95a-5c02fdca8528{ip: 192.168.34.6, host: pr-hdds-2286-rggtd-639769477, networkLocation: /default-rack, certSerialId: null} reports an CLOSED replica.
2019-10-18 05:47:40,965 [BlockDeletingService#3] WARN  background.BlockDeletingService (BlockDeletingService.java:isDeletionAllowed(187)) - Close Container log Index 6 is not replicated across allthe servers in the pipeline e751b4d9-2be2-4ced-b2ee-397db682eabb as the min replicated index is 4. Deletion is not allowed in this container yet.
2019-10-18 05:47:40,965 [BlockDeletingService#2] WARN  background.BlockDeletingService (BlockDeletingService.java:isDeletionAllowed(187)) - Close Container log Index 6 is not replicated across allthe servers in the pipeline e751b4d9-2be2-4ced-b2ee-397db682eabb as the min replicated index is 4. Deletion is not allowed in this container yet.
2019-10-18 05:47:40,971 [EventQueue-ContainerReportForContainerReportHandler] WARN  container.ContainerReportHandler (AbstractContainerReportHandler.java:updateContainerState(145)) - Container #1 is in OPEN state, but the datanode e47f3d18-6550-4f27-a4cc-ce34c6c87b58{ip: 192.168.34.6, host: pr-hdds-2286-rggtd-639769477, networkLocation: /default-rack, certSerialId: null} reports an CLOSED replica.
2019-10-18 05:47:41,245 [EventQueue-ContainerReportForContainerReportHandler] WARN  container.ContainerReportHandler (AbstractContainerReportHandler.java:updateContainerState(145)) - Container #1 is in OPEN state, but the datanode 58c4827f-663e-41e6-a95a-5c02fdca8528{ip: 192.168.34.6, host: pr-hdds-2286-rggtd-639769477, networkLocation: /default-rack, certSerialId: null} reports an CLOSED replica.
2019-10-18 05:47:41,271 [EventQueue-ContainerReportForContainerReportHandler] WARN  container.ContainerReportHandler (AbstractContainerReportHandler.java:updateContainerState(145)) - Container #1 is in OPEN state, but the datanode e47f3d18-6550-4f27-a4cc-ce34c6c87b58{ip: 192.168.34.6, host: pr-hdds-2286-rggtd-639769477, networkLocation: /default-rack, certSerialId: null} reports an CLOSED replica.
2019-10-18 05:47:41,445 [EventQueue-ContainerReportForContainerReportHandler] WARN  container.ContainerReportHandler (AbstractContainerReportHandler.java:updateContainerState(145)) - Container #1 is in OPEN state, but the datanode 58c4827f-663e-41e6-a95a-5c02fdca8528{ip: 192.168.34.6, host: pr-hdds-2286-rggtd-639769477, networkLocation: /default-rack, certSerialId: null} reports an CLOSED replica.
2019-10-18 05:47:41,572 [EventQueue-ContainerReportForContainerReportHandler] WARN  container.ContainerReportHandler (AbstractContainerReportHandler.java:updateContainerState(145)) - Container #1 is in OPEN state, but the datanode e47f3d18-6550-4f27-a4cc-ce34c6c87b58{ip: 192.168.34.6, host: pr-hdds-2286-rggtd-639769477, networkLocation: /default-rack, certSerialId: null} reports an CLOSED replica.
2019-10-18 05:47:41,745 [EventQueue-ContainerReportForContainerReportHandler] WARN  container.ContainerReportHandler (AbstractContainerReportHandler.java:updateContainerState(145)) - Container #1 is in OPEN state, but the datanode 58c4827f-663e-41e6-a95a-5c02fdca8528{ip: 192.168.34.6, host: pr-hdds-2286-rggtd-639769477, networkLocation: /default-rack, certSerialId: null} reports an CLOSED replica.
2019-10-18 05:47:41,871 [EventQueue-ContainerReportForContainerReportHandler] WARN  container.ContainerReportHandler (AbstractContainerReportHandler.java:updateContainerState(145)) - Container #1 is in OPEN state, but the datanode e47f3d18-6550-4f27-a4cc-ce34c6c87b58{ip: 192.168.34.6, host: pr-hdds-2286-rggtd-639769477, networkLocation: /default-rack, certSerialId: null} reports an CLOSED replica.
2019-10-18 05:47:41,970 [BlockDeletingService#3] WARN  background.BlockDeletingService (BlockDeletingService.java:isDeletionAllowed(187)) - Close Container log Index 6 is not replicated across allthe servers in the pipeline e751b4d9-2be2-4ced-b2ee-397db682eabb as the min replicated index is 4. Deletion is not allowed in this container yet.
2019-10-18 05:47:41,970 [BlockDeletingService#2] WARN  background.BlockDeletingService (BlockDeletingService.java:isDeletionAllowed(187)) - Close Container log Index 6 is not replicated across allthe servers in the pipeline e751b4d9-2be2-4ced-b2ee-397db682eabb as the min replicated index is 4. Deletion is not allowed in this container yet.
2019-10-18 05:47:42,045 [EventQueue-ContainerReportForContainerReportHandler] WARN  container.ContainerReportHandler (AbstractContainerReportHandler.java:updateContainerState(145)) - Container #1 is in OPEN state, but the datanode 58c4827f-663e-41e6-a95a-5c02fdca8528{ip: 192.168.34.6, host: pr-hdds-2286-rggtd-639769477, networkLocation: /default-rack, certSerialId: null} reports an CLOSED replica.
2019-10-18 05:47:42,171 [EventQueue-ContainerReportForContainerReportHandler] WARN  container.ContainerReportHandler (AbstractContainerReportHandler.java:updateContainerState(145)) - Container #1 is in OPEN state, but the datanode e47f3d18-6550-4f27-a4cc-ce34c6c87b58{ip: 192.168.34.6, host: pr-hdds-2286-rggtd-639769477, networkLocation: /default-rack, certSerialId: null} reports an CLOSED replica.
2019-10-18 05:47:42,346 [EventQueue-ContainerReportForContainerReportHandler] WARN  container.ContainerReportHandler (AbstractContainerReportHandler.java:updateContainerState(145)) - Container #1 is in OPEN state, but the datanode 58c4827f-663e-41e6-a95a-5c02fdca8528{ip: 192.168.34.6, host: pr-hdds-2286-rggtd-639769477, networkLocation: /default-rack, certSerialId: null} reports an CLOSED replica.
2019-10-18 05:47:42,471 [EventQueue-ContainerReportForContainerReportHandler] WARN  container.ContainerReportHandler (AbstractContainerReportHandler.java:updateContainerState(145)) - Container #1 is in OPEN state, but the datanode e47f3d18-6550-4f27-a4cc-ce34c6c87b58{ip: 192.168.34.6, host: pr-hdds-2286-rggtd-639769477, networkLocation: /default-rack, certSerialId: null} reports an CLOSED replica.
2019-10-18 05:47:42,671 [EventQueue-ContainerReportForContainerReportHandler] WARN  container.ContainerReportHandler (AbstractContainerReportHandler.java:updateContainerState(145)) - Container #1 is in OPEN state, but the datanode e47f3d18-6550-4f27-a4cc-ce34c6c87b58{ip: 192.168.34.6, host: pr-hdds-2286-rggtd-639769477, networkLocation: /default-rack, certSerialId: null} reports an CLOSED replica.
2019-10-18 05:47:42,745 [EventQueue-ContainerReportForContainerReportHandler] WARN  container.ContainerReportHandler (AbstractContainerReportHandler.java:updateContainerState(145)) - Container #1 is in OPEN state, but the datanode 58c4827f-663e-41e6-a95a-5c02fdca8528{ip: 192.168.34.6, host: pr-hdds-2286-rggtd-639769477, networkLocation: /default-rack, certSerialId: null} reports an CLOSED replica.
2019-10-18 05:47:42,971 [BlockDeletingService#2] WARN  background.BlockDeletingService (BlockDeletingService.java:isDeletionAllowed(187)) - Close Container log Index 6 is not replicated across allthe servers in the pipeline e751b4d9-2be2-4ced-b2ee-397db682eabb as the min replicated index is 4. Deletion is not allowed in this container yet.
2019-10-18 05:47:42,971 [BlockDeletingService#3] WARN  background.BlockDeletingService (BlockDeletingService.java:isDeletionAllowed(187)) - Close Container log Index 6 is not replicated across allthe servers in the pipeline e751b4d9-2be2-4ced-b2ee-397db682eabb as the min replicated index is 4. Deletion is not allowed in this container yet.
2019-10-18 05:47:42,972 [EventQueue-ContainerReportForContainerReportHandler] WARN  container.ContainerReportHandler (AbstractContainerReportHandler.java:updateContainerState(145)) - Container #1 is in OPEN state, but the datanode e47f3d18-6550-4f27-a4cc-ce34c6c87b58{ip: 192.168.34.6, host: pr-hdds-2286-rggtd-639769477, networkLocation: /default-rack, certSerialId: null} reports an CLOSED replica.
2019-10-18 05:47:43,045 [EventQueue-ContainerReportForContainerReportHandler] WARN  container.ContainerReportHandler (AbstractContainerReportHandler.java:updateContainerState(145)) - Container #1 is in OPEN state, but the datanode 58c4827f-663e-41e6-a95a-5c02fdca8528{ip: 192.168.34.6, host: pr-hdds-2286-rggtd-639769477, networkLocation: /default-rack, certSerialId: null} reports an CLOSED replica.
2019-10-18 05:47:43,149 [java.util.concurrent.ThreadPoolExecutor$Worker@5716808[State = -1, empty queue]] WARN  server.GrpcLogAppender (GrpcLogAppender.java:timeoutAppendRequest(209)) - 58c4827f-663e-41e6-a95a-5c02fdca8528@group-397DB682EABB->291b4074-36ef-4604-afea-a446d5bcf194-GrpcLogAppender: appendEntries Timeout, request=58c4827f-663e-41e6-a95a-5c02fdca8528->291b4074-36ef-4604-afea-a446d5bcf194#48-t4, previous=(t:4, i:10), leaderCommit=10, initializing? false, entries: <empty>
2019-10-18 05:47:43,345 [EventQueue-ContainerReportForContainerReportHandler] WARN  container.ContainerReportHandler (AbstractContainerReportHandler.java:updateContainerState(145)) - Container #1 is in OPEN state, but the datanode 58c4827f-663e-41e6-a95a-5c02fdca8528{ip: 192.168.34.6, host: pr-hdds-2286-rggtd-639769477, networkLocation: /default-rack, certSerialId: null} reports an CLOSED replica.
2019-10-18 05:47:43,373 [EventQueue-ContainerReportForContainerReportHandler] WARN  container.ContainerReportHandler (AbstractContainerReportHandler.java:updateContainerState(145)) - Container #1 is in OPEN state, but the datanode e47f3d18-6550-4f27-a4cc-ce34c6c87b58{ip: 192.168.34.6, host: pr-hdds-2286-rggtd-639769477, networkLocation: /default-rack, certSerialId: null} reports an CLOSED replica.
2019-10-18 05:47:43,646 [EventQueue-ContainerReportForContainerReportHandler] WARN  container.ContainerReportHandler (AbstractContainerReportHandler.java:updateContainerState(145)) - Container #1 is in OPEN state, but the datanode 58c4827f-663e-41e6-a95a-5c02fdca8528{ip: 192.168.34.6, host: pr-hdds-2286-rggtd-639769477, networkLocation: /default-rack, certSerialId: null} reports an CLOSED replica.
2019-10-18 05:47:43,672 [EventQueue-ContainerReportForContainerReportHandler] WARN  container.ContainerReportHandler (AbstractContainerReportHandler.java:updateContainerState(145)) - Container #1 is in OPEN state, but the datanode e47f3d18-6550-4f27-a4cc-ce34c6c87b58{ip: 192.168.34.6, host: pr-hdds-2286-rggtd-639769477, networkLocation: /default-rack, certSerialId: null} reports an CLOSED replica.
2019-10-18 05:47:43,872 [EventQueue-ContainerReportForContainerReportHandler] WARN  container.ContainerReportHandler (AbstractContainerReportHandler.java:updateContainerState(145)) - Container #1 is in OPEN state, but the datanode e47f3d18-6550-4f27-a4cc-ce34c6c87b58{ip: 192.168.34.6, host: pr-hdds-2286-rggtd-639769477, networkLocation: /default-rack, certSerialId: null} reports an CLOSED replica.
2019-10-18 05:47:43,973 [BlockDeletingService#3] WARN  background.BlockDeletingService (BlockDeletingService.java:isDeletionAllowed(187)) - Close Container log Index 6 is not replicated across allthe servers in the pipeline e751b4d9-2be2-4ced-b2ee-397db682eabb as the min replicated index is 4. Deletion is not allowed in this container yet.
2019-10-18 05:47:43,973 [BlockDeletingService#2] WARN  background.BlockDeletingService (BlockDeletingService.java:isDeletionAllowed(187)) - Close Container log Index 6 is not replicated across allthe servers in the pipeline e751b4d9-2be2-4ced-b2ee-397db682eabb as the min replicated index is 4. Deletion is not allowed in this container yet.
2019-10-18 05:47:44,047 [EventQueue-ContainerReportForContainerReportHandler] WARN  container.ContainerReportHandler (AbstractContainerReportHandler.java:updateContainerState(145)) - Container #1 is in OPEN state, but the datanode 58c4827f-663e-41e6-a95a-5c02fdca8528{ip: 192.168.34.6, host: pr-hdds-2286-rggtd-639769477, networkLocation: /default-rack, certSerialId: null} reports an CLOSED replica.
2019-10-18 05:47:44,073 [EventQueue-ContainerReportForContainerReportHandler] WARN  container.ContainerReportHandler (AbstractContainerReportHandler.java:updateContainerState(145)) - Container #1 is in OPEN state, but the datanode e47f3d18-6550-4f27-a4cc-ce34c6c87b58{ip: 192.168.34.6, host: pr-hdds-2286-rggtd-639769477, networkLocation: /default-rack, certSerialId: null} reports an CLOSED replica.
2019-10-18 05:47:44,347 [EventQueue-ContainerReportForContainerReportHandler] WARN  container.ContainerReportHandler (AbstractContainerReportHandler.java:updateContainerState(145)) - Container #1 is in OPEN state, but the datanode 58c4827f-663e-41e6-a95a-5c02fdca8528{ip: 192.168.34.6, host: pr-hdds-2286-rggtd-639769477, networkLocation: /default-rack, certSerialId: null} reports an CLOSED replica.
2019-10-18 05:47:44,373 [EventQueue-ContainerReportForContainerReportHandler] WARN  container.ContainerReportHandler (AbstractContainerReportHandler.java:updateContainerState(145)) - Container #1 is in OPEN state, but the datanode e47f3d18-6550-4f27-a4cc-ce34c6c87b58{ip: 192.168.34.6, host: pr-hdds-2286-rggtd-639769477, networkLocation: /default-rack, certSerialId: null} reports an CLOSED replica.
2019-10-18 05:47:44,648 [EventQueue-ContainerReportForContainerReportHandler] WARN  container.ContainerReportHandler (AbstractContainerReportHandler.java:updateContainerState(145)) - Container #1 is in OPEN state, but the datanode 58c4827f-663e-41e6-a95a-5c02fdca8528{ip: 192.168.34.6, host: pr-hdds-2286-rggtd-639769477, networkLocation: /default-rack, certSerialId: null} reports an CLOSED replica.
2019-10-18 05:47:44,773 [EventQueue-ContainerReportForContainerReportHandler] WARN  container.ContainerReportHandler (AbstractContainerReportHandler.java:updateContainerState(145)) - Container #1 is in OPEN state, but the datanode e47f3d18-6550-4f27-a4cc-ce34c6c87b58{ip: 192.168.34.6, host: pr-hdds-2286-rggtd-639769477, networkLocation: /default-rack, certSerialId: null} reports an CLOSED replica.
2019-10-18 05:47:44,975 [BlockDeletingService#2] WARN  background.BlockDeletingService (BlockDeletingService.java:isDeletionAllowed(187)) - Close Container log Index 6 is not replicated across allthe servers in the pipeline e751b4d9-2be2-4ced-b2ee-397db682eabb as the min replicated index is 4. Deletion is not allowed in this container yet.
2019-10-18 05:47:44,975 [BlockDeletingService#3] WARN  background.BlockDeletingService (BlockDeletingService.java:isDeletionAllowed(187)) - Close Container log Index 6 is not replicated across allthe servers in the pipeline e751b4d9-2be2-4ced-b2ee-397db682eabb as the min replicated index is 4. Deletion is not allowed in this container yet.
2019-10-18 05:47:45,049 [EventQueue-ContainerReportForContainerReportHandler] WARN  container.ContainerReportHandler (AbstractContainerReportHandler.java:updateContainerState(145)) - Container #1 is in OPEN state, but the datanode 58c4827f-663e-41e6-a95a-5c02fdca8528{ip: 192.168.34.6, host: pr-hdds-2286-rggtd-639769477, networkLocation: /default-rack, certSerialId: null} reports an CLOSED replica.
2019-10-18 05:47:45,074 [EventQueue-ContainerReportForContainerReportHandler] WARN  container.ContainerReportHandler (AbstractContainerReportHandler.java:updateContainerState(145)) - Container #1 is in OPEN state, but the datanode e47f3d18-6550-4f27-a4cc-ce34c6c87b58{ip: 192.168.34.6, host: pr-hdds-2286-rggtd-639769477, networkLocation: /default-rack, certSerialId: null} reports an CLOSED replica.
2019-10-18 05:47:45,349 [EventQueue-ContainerReportForContainerReportHandler] WARN  container.ContainerReportHandler (AbstractContainerReportHandler.java:updateContainerState(145)) - Container #1 is in OPEN state, but the datanode 58c4827f-663e-41e6-a95a-5c02fdca8528{ip: 192.168.34.6, host: pr-hdds-2286-rggtd-639769477, networkLocation: /default-rack, certSerialId: null} reports an CLOSED replica.
2019-10-18 05:47:45,473 [EventQueue-ContainerReportForContainerReportHandler] WARN  container.ContainerReportHandler (AbstractContainerReportHandler.java:updateContainerState(145)) - Container #1 is in OPEN state, but the datanode e47f3d18-6550-4f27-a4cc-ce34c6c87b58{ip: 192.168.34.6, host: pr-hdds-2286-rggtd-639769477, networkLocation: /default-rack, certSerialId: null} reports an CLOSED replica.
2019-10-18 05:47:45,648 [EventQueue-ContainerReportForContainerReportHandler] WARN  container.ContainerReportHandler (AbstractContainerReportHandler.java:updateContainerState(145)) - Container #1 is in OPEN state, but the datanode 58c4827f-663e-41e6-a95a-5c02fdca8528{ip: 192.168.34.6, host: pr-hdds-2286-rggtd-639769477, networkLocation: /default-rack, certSerialId: null} reports an CLOSED replica.
2019-10-18 05:47:45,651 [java.util.concurrent.ThreadPoolExecutor$Worker@5716808[State = -1, empty queue]] WARN  server.GrpcLogAppender (GrpcLogAppender.java:timeoutAppendRequest(209)) - 58c4827f-663e-41e6-a95a-5c02fdca8528@group-397DB682EABB->291b4074-36ef-4604-afea-a446d5bcf194-GrpcLogAppender: appendEntries Timeout, request=58c4827f-663e-41e6-a95a-5c02fdca8528->291b4074-36ef-4604-afea-a446d5bcf194#49-t4, previous=(t:4, i:10), leaderCommit=10, initializing? false, entries: <empty>
2019-10-18 05:47:45,674 [EventQueue-ContainerReportForContainerReportHandler] WARN  container.ContainerReportHandler (AbstractContainerReportHandler.java:updateContainerState(145)) - Container #1 is in OPEN state, but the datanode e47f3d18-6550-4f27-a4cc-ce34c6c87b58{ip: 192.168.34.6, host: pr-hdds-2286-rggtd-639769477, networkLocation: /default-rack, certSerialId: null} reports an CLOSED replica.
2019-10-18 05:47:45,848 [EventQueue-ContainerReportForContainerReportHandler] WARN  container.ContainerReportHandler (AbstractContainerReportHandler.java:updateContainerState(145)) - Container #1 is in OPEN state, but the datanode 58c4827f-663e-41e6-a95a-5c02fdca8528{ip: 192.168.34.6, host: pr-hdds-2286-rggtd-639769477, networkLocation: /default-rack, certSerialId: null} reports an CLOSED replica.
2019-10-18 05:47:45,873 [EventQueue-ContainerReportForContainerReportHandler] WARN  container.ContainerReportHandler (AbstractContainerReportHandler.java:updateContainerState(145)) - Container #1 is in OPEN state, but the datanode e47f3d18-6550-4f27-a4cc-ce34c6c87b58{ip: 192.168.34.6, host: pr-hdds-2286-rggtd-639769477, networkLocation: /default-rack, certSerialId: null} reports an CLOSED replica.
2019-10-18 05:47:45,977 [BlockDeletingService#2] WARN  background.BlockDeletingService (BlockDeletingService.java:isDeletionAllowed(187)) - Close Container log Index 6 is not replicated across allthe servers in the pipeline e751b4d9-2be2-4ced-b2ee-397db682eabb as the min replicated index is 4. Deletion is not allowed in this container yet.
2019-10-18 05:47:45,977 [BlockDeletingService#3] WARN  background.BlockDeletingService (BlockDeletingService.java:isDeletionAllowed(187)) - Close Container log Index 6 is not replicated across allthe servers in the pipeline e751b4d9-2be2-4ced-b2ee-397db682eabb as the min replicated index is 4. Deletion is not allowed in this container yet.
2019-10-18 05:47:46,049 [EventQueue-ContainerReportForContainerReportHandler] WARN  container.ContainerReportHandler (AbstractContainerReportHandler.java:updateContainerState(145)) - Container #1 is in OPEN state, but the datanode 58c4827f-663e-41e6-a95a-5c02fdca8528{ip: 192.168.34.6, host: pr-hdds-2286-rggtd-639769477, networkLocation: /default-rack, certSerialId: null} reports an CLOSED replica.
2019-10-18 05:47:46,174 [EventQueue-ContainerReportForContainerReportHandler] WARN  container.ContainerReportHandler (AbstractContainerReportHandler.java:updateContainerState(145)) - Container #1 is in OPEN state, but the datanode e47f3d18-6550-4f27-a4cc-ce34c6c87b58{ip: 192.168.34.6, host: pr-hdds-2286-rggtd-639769477, networkLocation: /default-rack, certSerialId: null} reports an CLOSED replica.
2019-10-18 05:47:46,278 [EventQueue-StaleNodeForStaleNodeHandler] INFO  node.StaleNodeHandler (StaleNodeHandler.java:onMessage(58)) - Datanode 291b4074-36ef-4604-afea-a446d5bcf194{ip: 192.168.34.6, host: pr-hdds-2286-rggtd-639769477, networkLocation: /default-rack, certSerialId: null} moved to stale state. Finalizing its pipelines [PipelineID=0802c47e-9a26-4bcf-91db-7ac4618047fc, PipelineID=e751b4d9-2be2-4ced-b2ee-397db682eabb]
2019-10-18 05:47:46,279 [EventQueue-StaleNodeForStaleNodeHandler] INFO  pipeline.SCMPipelineManager (SCMPipelineManager.java:finalizeAndDestroyPipeline(315)) - destroying pipeline:Pipeline[ Id: 0802c47e-9a26-4bcf-91db-7ac4618047fc, Nodes: 291b4074-36ef-4604-afea-a446d5bcf194{ip: 192.168.34.6, host: pr-hdds-2286-rggtd-639769477, networkLocation: /default-rack, certSerialId: null}, Type:RATIS, Factor:ONE, State:OPEN]
2019-10-18 05:47:46,283 [EventQueue-StaleNodeForStaleNodeHandler] INFO  pipeline.PipelineStateManager (PipelineStateManager.java:finalizePipeline(123)) - Pipeline Pipeline[ Id: 0802c47e-9a26-4bcf-91db-7ac4618047fc, Nodes: 291b4074-36ef-4604-afea-a446d5bcf194{ip: 192.168.34.6, host: pr-hdds-2286-rggtd-639769477, networkLocation: /default-rack, certSerialId: null}, Type:RATIS, Factor:ONE, State:CLOSED] moved to CLOSED state
2019-10-18 05:47:46,286 [EventQueue-StaleNodeForStaleNodeHandler] INFO  pipeline.SCMPipelineManager (SCMPipelineManager.java:finalizeAndDestroyPipeline(315)) - destroying pipeline:Pipeline[ Id: e751b4d9-2be2-4ced-b2ee-397db682eabb, Nodes: 291b4074-36ef-4604-afea-a446d5bcf194{ip: 192.168.34.6, host: pr-hdds-2286-rggtd-639769477, networkLocation: /default-rack, certSerialId: null}e47f3d18-6550-4f27-a4cc-ce34c6c87b58{ip: 192.168.34.6, host: pr-hdds-2286-rggtd-639769477, networkLocation: /default-rack, certSerialId: null}58c4827f-663e-41e6-a95a-5c02fdca8528{ip: 192.168.34.6, host: pr-hdds-2286-rggtd-639769477, networkLocation: /default-rack, certSerialId: null}, Type:RATIS, Factor:THREE, State:OPEN]
2019-10-18 05:47:46,286 [EventQueue-StaleNodeForStaleNodeHandler] INFO  pipeline.PipelineStateManager (PipelineStateManager.java:finalizePipeline(123)) - Pipeline Pipeline[ Id: e751b4d9-2be2-4ced-b2ee-397db682eabb, Nodes: 291b4074-36ef-4604-afea-a446d5bcf194{ip: 192.168.34.6, host: pr-hdds-2286-rggtd-639769477, networkLocation: /default-rack, certSerialId: null}e47f3d18-6550-4f27-a4cc-ce34c6c87b58{ip: 192.168.34.6, host: pr-hdds-2286-rggtd-639769477, networkLocation: /default-rack, certSerialId: null}58c4827f-663e-41e6-a95a-5c02fdca8528{ip: 192.168.34.6, host: pr-hdds-2286-rggtd-639769477, networkLocation: /default-rack, certSerialId: null}, Type:RATIS, Factor:THREE, State:CLOSED] moved to CLOSED state
2019-10-18 05:47:46,287 [EventQueue-CloseContainerForCloseContainerEventHandler] INFO  container.CloseContainerEventHandler (CloseContainerEventHandler.java:onMessage(61)) - Close container Event triggered for container : #1
2019-10-18 05:47:46,449 [EventQueue-ContainerReportForContainerReportHandler] INFO  container.ContainerReportHandler (AbstractContainerReportHandler.java:updateContainerState(178)) - Moving container #1 to CLOSED state, datanode 58c4827f-663e-41e6-a95a-5c02fdca8528{ip: 192.168.34.6, host: pr-hdds-2286-rggtd-639769477, networkLocation: /default-rack, certSerialId: null} reported CLOSED replica.
2019-10-18 05:47:46,563 [SCMBlockDeletingService#0] INFO  block.SCMBlockDeletingService (SCMBlockDeletingService.java:call(184)) - Totally added 3 delete blocks command for 3 datanodes, task elapsed time: 5ms
2019-10-18 05:47:46,777 [EventQueue-PendingDeleteStatusForPendingDeleteHandler] INFO  block.SCMBlockDeletingService (SCMBlockDeletingService.java:handlePendingDeletes(115)) - Block deletion txnID mismatch in datanode e47f3d18-6550-4f27-a4cc-ce34c6c87b58 for containerID 1. Datanode delete txnID: 0, SCM txnID: 1
2019-10-18 05:47:46,849 [EventQueue-PendingDeleteStatusForPendingDeleteHandler] INFO  block.SCMBlockDeletingService (SCMBlockDeletingService.java:handlePendingDeletes(115)) - Block deletion txnID mismatch in datanode 58c4827f-663e-41e6-a95a-5c02fdca8528 for containerID 1. Datanode delete txnID: 0, SCM txnID: 1
2019-10-18 05:47:46,979 [BlockDeletingService#2] WARN  background.BlockDeletingService (BlockDeletingService.java:isDeletionAllowed(187)) - Close Container log Index 6 is not replicated across allthe servers in the pipeline e751b4d9-2be2-4ced-b2ee-397db682eabb as the min replicated index is 4. Deletion is not allowed in this container yet.
2019-10-18 05:47:46,979 [BlockDeletingService#3] WARN  background.BlockDeletingService (BlockDeletingService.java:isDeletionAllowed(187)) - Close Container log Index 6 is not replicated across allthe servers in the pipeline e751b4d9-2be2-4ced-b2ee-397db682eabb as the min replicated index is 4. Deletion is not allowed in this container yet.
2019-10-18 05:47:47,075 [EventQueue-PendingDeleteStatusForPendingDeleteHandler] INFO  block.SCMBlockDeletingService (SCMBlockDeletingService.java:handlePendingDeletes(115)) - Block deletion txnID mismatch in datanode e47f3d18-6550-4f27-a4cc-ce34c6c87b58 for containerID 1. Datanode delete txnID: 0, SCM txnID: 1
2019-10-18 05:47:47,149 [EventQueue-PendingDeleteStatusForPendingDeleteHandler] INFO  block.SCMBlockDeletingService (SCMBlockDeletingService.java:handlePendingDeletes(115)) - Block deletion txnID mismatch in datanode 58c4827f-663e-41e6-a95a-5c02fdca8528 for containerID 1. Datanode delete txnID: 0, SCM txnID: 1
2019-10-18 05:47:47,153 [Command processor thread] INFO  commandhandler.DeleteBlocksCommandHandler (DeleteBlocksCommandHandler.java:handle(106)) - Start to delete container blocks, TXIDs=[1(0)], numOfContainers=1, numOfBlocks=1
2019-10-18 05:47:47,212 [main] INFO  impl.MetricsSystemImpl (MetricsSystemImpl.java:init(158)) - HddsDatanode metrics system started (again)
2019-10-18 05:47:47,251 [main] INFO  ozone.HddsDatanodeService (HddsDatanodeService.java:start(184)) - HddsDatanodeService host:pr-hdds-2286-rggtd-639769477 ip:192.168.34.6
2019-10-18 05:47:47,256 [main] INFO  volume.VolumeUsage (VolumeUsage.java:loadScmUsed(144)) - Cached ScmUsed found for /workdir/hadoop-ozone/integration-test/target/test-dir/MiniOzoneClusterImpl-bdd1ebd8-a644-496b-9074-58a768d0a1bb/datanode-2/data/containers : 4096 
2019-10-18 05:47:47,257 [main] INFO  volume.HddsVolume (HddsVolume.java:<init>(176)) - Creating Volume: /workdir/hadoop-ozone/integration-test/target/test-dir/MiniOzoneClusterImpl-bdd1ebd8-a644-496b-9074-58a768d0a1bb/datanode-2/data/containers/hdds of  storage type : DISK and capacity : 1482555576320
2019-10-18 05:47:47,258 [main] INFO  volume.VolumeSet (VolumeSet.java:initializeVolumeSet(170)) - Added Volume : /workdir/hadoop-ozone/integration-test/target/test-dir/MiniOzoneClusterImpl-bdd1ebd8-a644-496b-9074-58a768d0a1bb/datanode-2/data/containers/hdds to VolumeSet
2019-10-18 05:47:47,258 [main] INFO  volume.ThrottledAsyncChecker (ThrottledAsyncChecker.java:schedule(141)) - Scheduling a check for /workdir/hadoop-ozone/integration-test/target/test-dir/MiniOzoneClusterImpl-bdd1ebd8-a644-496b-9074-58a768d0a1bb/datanode-2/data/containers/hdds
2019-10-18 05:47:47,259 [main] INFO  volume.HddsVolumeChecker (HddsVolumeChecker.java:checkAllVolumes(204)) - Scheduled health check for volume /workdir/hadoop-ozone/integration-test/target/test-dir/MiniOzoneClusterImpl-bdd1ebd8-a644-496b-9074-58a768d0a1bb/datanode-2/data/containers/hdds
2019-10-18 05:47:47,275 [EventQueue-PendingDeleteStatusForPendingDeleteHandler] INFO  block.SCMBlockDeletingService (SCMBlockDeletingService.java:handlePendingDeletes(115)) - Block deletion txnID mismatch in datanode e47f3d18-6550-4f27-a4cc-ce34c6c87b58 for containerID 1. Datanode delete txnID: 0, SCM txnID: 1
2019-10-18 05:47:47,310 [main] INFO  impl.RaftServerProxy (ConfUtils.java:logGet(43)) - raft.rpc.type = GRPC (default)
2019-10-18 05:47:47,310 [main] INFO  grpc.GrpcFactory (GrpcFactory.java:checkPooledByteBufAllocatorUseCacheForAllThreads(45)) - PERFORMANCE WARNING: useCacheForAllThreads is true that may cause Netty to create a lot garbage objects and, as a result, trigger GC.
	It is recommended to disable useCacheForAllThreads by setting -Dorg.apache.ratis.thirdparty.io.netty.allocator.useCacheForAllThreads=false in command line.
2019-10-18 05:47:47,310 [main] INFO  grpc.GrpcConfigKeys$Server (ConfUtils.java:logGet(43)) - raft.grpc.server.port = 34859 (custom)
2019-10-18 05:47:47,311 [main] INFO  server.GrpcService (ConfUtils.java:logGet(43)) - raft.grpc.message.size.max = 33570816 (custom)
2019-10-18 05:47:47,311 [main] INFO  server.RaftServerConfigKeys (ConfUtils.java:logGet(43)) - raft.server.log.appender.buffer.byte-limit = 33554432 (custom)
2019-10-18 05:47:47,311 [main] INFO  server.GrpcService (ConfUtils.java:logGet(43)) - raft.grpc.flow.control.window = 1MB (=1048576) (default)
2019-10-18 05:47:47,311 [main] INFO  server.RaftServerConfigKeys (ConfUtils.java:logGet(43)) - raft.server.rpc.request.timeout = 3000ms (default)
2019-10-18 05:47:47,312 [main] INFO  server.RaftServerConfigKeys (ConfUtils.java:logGet(43)) - raft.server.storage.dir = [/workdir/hadoop-ozone/integration-test/target/test-dir/MiniOzoneClusterImpl-bdd1ebd8-a644-496b-9074-58a768d0a1bb/datanode-2/data/ratis] (custom)
2019-10-18 05:47:47,313 [main] INFO  impl.RaftServerProxy (RaftServerProxy.java:lambda$null$0(191)) - 291b4074-36ef-4604-afea-a446d5bcf194: found a subdirectory /workdir/hadoop-ozone/integration-test/target/test-dir/MiniOzoneClusterImpl-bdd1ebd8-a644-496b-9074-58a768d0a1bb/datanode-2/data/ratis/e751b4d9-2be2-4ced-b2ee-397db682eabb
2019-10-18 05:47:47,314 [main] INFO  impl.RaftServerProxy (RaftServerProxy.java:addNew(89)) - 291b4074-36ef-4604-afea-a446d5bcf194: addNew group-397DB682EABB:[] returns group-397DB682EABB:java.util.concurrent.CompletableFuture@7dffda8b[Not completed]
2019-10-18 05:47:47,314 [main] INFO  impl.RaftServerProxy (RaftServerProxy.java:lambda$null$0(191)) - 291b4074-36ef-4604-afea-a446d5bcf194: found a subdirectory /workdir/hadoop-ozone/integration-test/target/test-dir/MiniOzoneClusterImpl-bdd1ebd8-a644-496b-9074-58a768d0a1bb/datanode-2/data/ratis/0802c47e-9a26-4bcf-91db-7ac4618047fc
2019-10-18 05:47:47,314 [main] INFO  impl.RaftServerProxy (RaftServerProxy.java:addNew(89)) - 291b4074-36ef-4604-afea-a446d5bcf194: addNew group-7AC4618047FC:[] returns group-7AC4618047FC:java.util.concurrent.CompletableFuture@3d1f558a[Not completed]
2019-10-18 05:47:47,319 [pool-59-thread-1] INFO  impl.RaftServerImpl (RaftServerImpl.java:<init>(104)) - 291b4074-36ef-4604-afea-a446d5bcf194: new RaftServerImpl for group-397DB682EABB:[] with ContainerStateMachine:uninitialized
2019-10-18 05:47:47,319 [pool-59-thread-1] INFO  server.RaftServerConfigKeys (ConfUtils.java:logGet(43)) - raft.server.rpc.timeout.min = 5s (custom)
2019-10-18 05:47:47,319 [pool-59-thread-1] INFO  server.RaftServerConfigKeys (ConfUtils.java:logGet(43)) - raft.server.rpc.timeout.max = 5200ms (custom)
2019-10-18 05:47:47,319 [pool-59-thread-1] INFO  server.RaftServerConfigKeys (ConfUtils.java:logGet(43)) - raft.server.rpcslowness.timeout = 1000s (custom)
2019-10-18 05:47:47,320 [pool-59-thread-1] INFO  server.RaftServerConfigKeys (ConfUtils.java:logGet(43)) - raft.server.sleep.deviation.threshold = 300 (default)
2019-10-18 05:47:47,320 [pool-59-thread-1] INFO  server.RaftServerConfigKeys (ConfUtils.java:logGet(43)) - raft.server.log.appender.install.snapshot.enabled = false (custom)
2019-10-18 05:47:47,320 [pool-59-thread-1] INFO  impl.RaftServerImpl (ServerState.java:<init>(103)) - 291b4074-36ef-4604-afea-a446d5bcf194@group-397DB682EABB: ConfigurationManager, init=-1: [], old=null, confs=<EMPTY_MAP>
2019-10-18 05:47:47,320 [pool-59-thread-1] INFO  server.RaftServerConfigKeys (ConfUtils.java:logGet(43)) - raft.server.storage.dir = [/workdir/hadoop-ozone/integration-test/target/test-dir/MiniOzoneClusterImpl-bdd1ebd8-a644-496b-9074-58a768d0a1bb/datanode-2/data/ratis] (custom)
2019-10-18 05:47:47,320 [main] INFO  hdfs.DFSUtil (DFSUtil.java:httpServerTemplateForNNAndJN(1641)) - Starting Web-server for hddsDatanode at: http://0.0.0.0:46712
2019-10-18 05:47:47,320 [pool-59-thread-1] INFO  server.RaftServerConfigKeys (ConfUtils.java:logGet(43)) - raft.server.log.corruption.policy = EXCEPTION (default)
2019-10-18 05:47:47,323 [main] INFO  server.AuthenticationFilter (AuthenticationFilter.java:constructSecretProvider(240)) - Unable to initialize FileSignerSecretProvider, falling back to use random secrets.
2019-10-18 05:47:47,323 [main] WARN  http.HttpRequestLog (HttpRequestLog.java:getRequestLog(97)) - Jetty request log can only be enabled using Log4j
2019-10-18 05:47:47,326 [main] INFO  http.HttpServer2 (HttpServer2.java:addGlobalFilter(975)) - Added global filter 'safety' (class=org.apache.hadoop.http.HttpServer2$QuotingInputFilter)
2019-10-18 05:47:47,326 [main] INFO  http.HttpServer2 (HttpServer2.java:addFilter(948)) - Added filter static_user_filter (class=org.apache.hadoop.http.lib.StaticUserWebFilter$StaticUserFilter) to context hddsDatanode
2019-10-18 05:47:47,326 [main] INFO  http.HttpServer2 (HttpServer2.java:addFilter(958)) - Added filter static_user_filter (class=org.apache.hadoop.http.lib.StaticUserWebFilter$StaticUserFilter) to context static
2019-10-18 05:47:47,327 [main] INFO  http.HttpServer2 (HttpServer2.java:addFilter(958)) - Added filter static_user_filter (class=org.apache.hadoop.http.lib.StaticUserWebFilter$StaticUserFilter) to context logs
2019-10-18 05:47:47,327 [main] INFO  http.HttpServer2 (HttpServer2.java:bindListener(1191)) - Jetty bound to port 46712
2019-10-18 05:47:47,328 [main] INFO  server.Server (Server.java:doStart(351)) - jetty-9.3.25.v20180904, build timestamp: 2018-09-04T21:11:46Z, git hash: 3ce520221d0240229c862b122d2b06c12a625732
2019-10-18 05:47:47,330 [main] INFO  handler.ContextHandler (ContextHandler.java:doStart(781)) - Started o.e.j.s.ServletContextHandler@66933239{/logs,file:///workdir/hadoop-ozone/integration-test/target/log,AVAILABLE}
2019-10-18 05:47:47,331 [main] INFO  handler.ContextHandler (ContextHandler.java:doStart(781)) - Started o.e.j.s.ServletContextHandler@41ad373{/static,jar:file:/home/user/.m2/repository/org/apache/hadoop/hadoop-hdds-container-service/0.5.0-SNAPSHOT/hadoop-hdds-container-service-0.5.0-SNAPSHOT.jar!/webapps/static,AVAILABLE}
2019-10-18 05:47:47,344 [pool-59-thread-1] INFO  storage.RaftStorageDirectory (RaftStorageDirectory.java:tryLock(328)) - Lock on /workdir/hadoop-ozone/integration-test/target/test-dir/MiniOzoneClusterImpl-bdd1ebd8-a644-496b-9074-58a768d0a1bb/datanode-2/data/ratis/e751b4d9-2be2-4ced-b2ee-397db682eabb/in_use.lock acquired by nodename 27131@pr-hdds-2286-rggtd-639769477
2019-10-18 05:47:47,346 [pool-59-thread-1] INFO  ratis.ContainerStateMachine (ContainerStateMachine.java:loadSnapshot(240)) - group-397DB682EABB: Setting the last applied index to (t:4, i:3)
2019-10-18 05:47:47,352 [pool-59-thread-1] INFO  impl.RaftServerImpl (ServerState.java:setRaftConf(357)) - 291b4074-36ef-4604-afea-a446d5bcf194@group-397DB682EABB: set configuration 0: [291b4074-36ef-4604-afea-a446d5bcf194:192.168.34.6:34859, e47f3d18-6550-4f27-a4cc-ce34c6c87b58:192.168.34.6:35257, 58c4827f-663e-41e6-a95a-5c02fdca8528:192.168.34.6:39496], old=null at 0
2019-10-18 05:47:47,352 [pool-59-thread-1] INFO  server.RaftServerConfigKeys (ConfUtils.java:logGet(43)) - raft.server.notification.no-leader.timeout = 1000s (custom)
2019-10-18 05:47:47,352 [pool-59-thread-1] INFO  server.RaftServerConfigKeys (ConfUtils.java:logGet(43)) - raft.server.log.use.memory = false (default)
2019-10-18 05:47:47,352 [pool-59-thread-1] INFO  server.RaftServerConfigKeys (ConfUtils.java:logGet(43)) - raft.server.log.purge.gap = 1000000 (custom)
2019-10-18 05:47:47,352 [pool-59-thread-1] INFO  server.RaftServerConfigKeys (ConfUtils.java:logGet(43)) - raft.server.log.appender.buffer.byte-limit = 33554432 (custom)
2019-10-18 05:47:47,352 [pool-59-thread-1] INFO  server.RaftServerConfigKeys (ConfUtils.java:logGet(43)) - raft.server.log.segment.size.max = 1048576 (custom)
2019-10-18 05:47:47,353 [pool-59-thread-1] INFO  server.RaftServerConfigKeys (ConfUtils.java:logGet(43)) - raft.server.log.segment.cache.num.max = 2 (custom)
2019-10-18 05:47:47,353 [pool-59-thread-1] INFO  segmented.SegmentedRaftLogWorker (SegmentedRaftLogWorker.java:<init>(173)) - new 291b4074-36ef-4604-afea-a446d5bcf194@group-397DB682EABB-SegmentedRaftLogWorker for RaftStorage:Storage Directory /workdir/hadoop-ozone/integration-test/target/test-dir/MiniOzoneClusterImpl-bdd1ebd8-a644-496b-9074-58a768d0a1bb/datanode-2/data/ratis/e751b4d9-2be2-4ced-b2ee-397db682eabb
2019-10-18 05:47:47,353 [pool-59-thread-1] INFO  server.RaftServerConfigKeys (ConfUtils.java:logGet(43)) - raft.server.log.queue.byte-limit = 2147483647 (custom)
2019-10-18 05:47:47,353 [pool-59-thread-1] INFO  server.RaftServerConfigKeys (ConfUtils.java:logGet(43)) - raft.server.log.queue.element-limit = 1024 (custom)
2019-10-18 05:47:47,353 [pool-59-thread-1] INFO  server.RaftServerConfigKeys (ConfUtils.java:logGet(43)) - raft.server.log.segment.size.max = 1048576 (custom)
2019-10-18 05:47:47,353 [pool-59-thread-1] INFO  server.RaftServerConfigKeys (ConfUtils.java:logGet(43)) - raft.server.log.preallocated.size = 16384 (custom)
2019-10-18 05:47:47,353 [pool-59-thread-1] INFO  server.RaftServerConfigKeys (ConfUtils.java:logGet(43)) - raft.server.log.write.buffer.size = 33554432 (custom)
2019-10-18 05:47:47,353 [pool-59-thread-1] INFO  server.RaftServerConfigKeys (ConfUtils.java:logGet(43)) - raft.server.log.force.sync.num = 128 (default)
2019-10-18 05:47:47,353 [pool-59-thread-1] INFO  server.RaftServerConfigKeys (ConfUtils.java:logGet(43)) - raft.server.log.statemachine.data.sync = true (default)
2019-10-18 05:47:47,353 [pool-59-thread-1] INFO  server.RaftServerConfigKeys (ConfUtils.java:logGet(43)) - raft.server.log.statemachine.data.sync.timeout = 10s (default)
2019-10-18 05:47:47,354 [pool-59-thread-1] INFO  server.RaftServerConfigKeys (ConfUtils.java:logGet(43)) - raft.server.log.statemachine.data.sync.timeout.retry = -1 (default)
2019-10-18 05:47:47,354 [pool-59-thread-1] INFO  server.RaftServerConfigKeys (ConfUtils.java:logGet(43)) - raft.server.log.statemachine.data.caching.enabled = true (custom)
2019-10-18 05:47:47,360 [pool-59-thread-1] INFO  impl.RaftServerImpl (ServerState.java:setRaftConf(357)) - 291b4074-36ef-4604-afea-a446d5bcf194@group-397DB682EABB: set configuration 0: [291b4074-36ef-4604-afea-a446d5bcf194:192.168.34.6:34859, e47f3d18-6550-4f27-a4cc-ce34c6c87b58:192.168.34.6:35257, 58c4827f-663e-41e6-a95a-5c02fdca8528:192.168.34.6:39496], old=null at 0
2019-10-18 05:47:47,361 [pool-59-thread-1] INFO  segmented.LogSegment (LogSegment.java:loadSegment(140)) - Successfully read 5 entries from segment file /workdir/hadoop-ozone/integration-test/target/test-dir/MiniOzoneClusterImpl-bdd1ebd8-a644-496b-9074-58a768d0a1bb/datanode-2/data/ratis/e751b4d9-2be2-4ced-b2ee-397db682eabb/current/log_inprogress_0
2019-10-18 05:47:47,361 [pool-59-thread-1] INFO  segmented.SegmentedRaftLogWorker (SegmentedRaftLogWorker.java:lambda$new$0(128)) - 291b4074-36ef-4604-afea-a446d5bcf194@group-397DB682EABB-SegmentedRaftLogWorker: flushIndex: setUnconditionally 0 -> 4
2019-10-18 05:47:47,374 [main] INFO  handler.ContextHandler (ContextHandler.java:doStart(781)) - Started o.e.j.w.WebAppContext@68a78f3c{/,file:///tmp/jetty-0.0.0.0-46712-hddsDatanode-_-any-8050617245184950194.dir/webapp/,AVAILABLE}{/hddsDatanode}
2019-10-18 05:47:47,374 [main] INFO  server.AbstractConnector (AbstractConnector.java:doStart(278)) - Started ServerConnector@17ba57f0{HTTP/1.1,[http/1.1]}{0.0.0.0:46712}
2019-10-18 05:47:47,386 [pool-59-thread-1] INFO  raftlog.RaftLog (RaftLog.java:lambda$new$0(61)) - 291b4074-36ef-4604-afea-a446d5bcf194@group-397DB682EABB-SegmentedRaftLog: commitIndex: updateToMax old=3, new=3, updated? false
2019-10-18 05:47:47,386 [main] INFO  server.Server (Server.java:doStart(419)) - Started @112858ms
2019-10-18 05:47:47,386 [main] WARN  impl.MetricsSystemImpl (MetricsSystemImpl.java:register(276)) - Sink prometheus already exists!
2019-10-18 05:47:47,386 [pool-59-thread-1] INFO  server.RaftServerConfigKeys (ConfUtils.java:logGet(43)) - raft.server.snapshot.auto.trigger.enabled = true (custom)
2019-10-18 05:47:47,386 [pool-59-thread-1] INFO  server.RaftServerConfigKeys (ConfUtils.java:logGet(43)) - raft.server.snapshot.auto.trigger.threshold = 10000 (custom)
2019-10-18 05:47:47,386 [pool-59-thread-1] INFO  server.RaftServerConfigKeys (ConfUtils.java:logGet(43)) - raft.server.snapshot.retention.file.num = 5 (custom)
2019-10-18 05:47:47,387 [pool-59-thread-1] INFO  server.RaftServerConfigKeys (ConfUtils.java:logGet(43)) - raft.server.retrycache.expirytime = 600000ms (custom)
2019-10-18 05:47:47,387 [main] INFO  server.BaseHttpServer (BaseHttpServer.java:updateConnectorAddress(215)) - HTTP server of HDDSDATANODE is listening at http://0.0.0.0:46712
2019-10-18 05:47:47,388 [pool-59-thread-1] INFO  impl.RaftServerImpl (RaftServerImpl.java:<init>(104)) - 291b4074-36ef-4604-afea-a446d5bcf194: new RaftServerImpl for group-7AC4618047FC:[] with ContainerStateMachine:uninitialized
2019-10-18 05:47:47,388 [pool-59-thread-1] INFO  server.RaftServerConfigKeys (ConfUtils.java:logGet(43)) - raft.server.rpc.timeout.min = 5s (custom)
2019-10-18 05:47:47,388 [pool-59-thread-1] INFO  server.RaftServerConfigKeys (ConfUtils.java:logGet(43)) - raft.server.rpc.timeout.max = 5200ms (custom)
2019-10-18 05:47:47,389 [pool-59-thread-1] INFO  server.RaftServerConfigKeys (ConfUtils.java:logGet(43)) - raft.server.rpcslowness.timeout = 1000s (custom)
2019-10-18 05:47:47,389 [pool-59-thread-1] INFO  server.RaftServerConfigKeys (ConfUtils.java:logGet(43)) - raft.server.sleep.deviation.threshold = 300 (default)
2019-10-18 05:47:47,389 [pool-59-thread-1] INFO  server.RaftServerConfigKeys (ConfUtils.java:logGet(43)) - raft.server.log.appender.install.snapshot.enabled = false (custom)
2019-10-18 05:47:47,389 [pool-59-thread-1] INFO  impl.RaftServerImpl (ServerState.java:<init>(103)) - 291b4074-36ef-4604-afea-a446d5bcf194@group-7AC4618047FC: ConfigurationManager, init=-1: [], old=null, confs=<EMPTY_MAP>
2019-10-18 05:47:47,389 [pool-59-thread-1] INFO  server.RaftServerConfigKeys (ConfUtils.java:logGet(43)) - raft.server.storage.dir = [/workdir/hadoop-ozone/integration-test/target/test-dir/MiniOzoneClusterImpl-bdd1ebd8-a644-496b-9074-58a768d0a1bb/datanode-2/data/ratis] (custom)
2019-10-18 05:47:47,389 [pool-59-thread-1] INFO  server.RaftServerConfigKeys (ConfUtils.java:logGet(43)) - raft.server.log.corruption.policy = EXCEPTION (default)
2019-10-18 05:47:47,390 [org.apache.hadoop.util.JvmPauseMonitor$Monitor@19faf813] INFO  util.JvmPauseMonitor (JvmPauseMonitor.java:run(188)) - Starting JVM pause monitor
2019-10-18 05:47:47,412 [pool-59-thread-1] INFO  storage.RaftStorageDirectory (RaftStorageDirectory.java:tryLock(328)) - Lock on /workdir/hadoop-ozone/integration-test/target/test-dir/MiniOzoneClusterImpl-bdd1ebd8-a644-496b-9074-58a768d0a1bb/datanode-2/data/ratis/0802c47e-9a26-4bcf-91db-7ac4618047fc/in_use.lock acquired by nodename 27131@pr-hdds-2286-rggtd-639769477
2019-10-18 05:47:47,413 [pool-59-thread-1] INFO  ratis.ContainerStateMachine (ContainerStateMachine.java:loadSnapshot(231)) - group-7AC4618047FC: The snapshot info is null. Setting the last applied indexto:(t:0, i:~)
2019-10-18 05:47:47,413 [pool-59-thread-1] INFO  server.RaftServerConfigKeys (ConfUtils.java:logGet(43)) - raft.server.notification.no-leader.timeout = 1000s (custom)
2019-10-18 05:47:47,413 [pool-59-thread-1] INFO  server.RaftServerConfigKeys (ConfUtils.java:logGet(43)) - raft.server.log.use.memory = false (default)
2019-10-18 05:47:47,413 [pool-59-thread-1] INFO  server.RaftServerConfigKeys (ConfUtils.java:logGet(43)) - raft.server.log.purge.gap = 1000000 (custom)
2019-10-18 05:47:47,413 [pool-59-thread-1] INFO  server.RaftServerConfigKeys (ConfUtils.java:logGet(43)) - raft.server.log.appender.buffer.byte-limit = 33554432 (custom)
2019-10-18 05:47:47,413 [pool-59-thread-1] INFO  server.RaftServerConfigKeys (ConfUtils.java:logGet(43)) - raft.server.log.segment.size.max = 1048576 (custom)
2019-10-18 05:47:47,413 [pool-59-thread-1] INFO  server.RaftServerConfigKeys (ConfUtils.java:logGet(43)) - raft.server.log.segment.cache.num.max = 2 (custom)
2019-10-18 05:47:47,413 [pool-59-thread-1] INFO  segmented.SegmentedRaftLogWorker (SegmentedRaftLogWorker.java:<init>(173)) - new 291b4074-36ef-4604-afea-a446d5bcf194@group-7AC4618047FC-SegmentedRaftLogWorker for RaftStorage:Storage Directory /workdir/hadoop-ozone/integration-test/target/test-dir/MiniOzoneClusterImpl-bdd1ebd8-a644-496b-9074-58a768d0a1bb/datanode-2/data/ratis/0802c47e-9a26-4bcf-91db-7ac4618047fc
2019-10-18 05:47:47,414 [pool-59-thread-1] INFO  server.RaftServerConfigKeys (ConfUtils.java:logGet(43)) - raft.server.log.queue.byte-limit = 2147483647 (custom)
2019-10-18 05:47:47,414 [pool-59-thread-1] INFO  server.RaftServerConfigKeys (ConfUtils.java:logGet(43)) - raft.server.log.queue.element-limit = 1024 (custom)
2019-10-18 05:47:47,414 [pool-59-thread-1] INFO  server.RaftServerConfigKeys (ConfUtils.java:logGet(43)) - raft.server.log.segment.size.max = 1048576 (custom)
2019-10-18 05:47:47,414 [pool-59-thread-1] INFO  server.RaftServerConfigKeys (ConfUtils.java:logGet(43)) - raft.server.log.preallocated.size = 16384 (custom)
2019-10-18 05:47:47,414 [pool-59-thread-1] INFO  server.RaftServerConfigKeys (ConfUtils.java:logGet(43)) - raft.server.log.write.buffer.size = 33554432 (custom)
2019-10-18 05:47:47,414 [pool-59-thread-1] INFO  server.RaftServerConfigKeys (ConfUtils.java:logGet(43)) - raft.server.log.force.sync.num = 128 (default)
2019-10-18 05:47:47,414 [pool-59-thread-1] INFO  server.RaftServerConfigKeys (ConfUtils.java:logGet(43)) - raft.server.log.statemachine.data.sync = true (default)
2019-10-18 05:47:47,414 [pool-59-thread-1] INFO  server.RaftServerConfigKeys (ConfUtils.java:logGet(43)) - raft.server.log.statemachine.data.sync.timeout = 10s (default)
2019-10-18 05:47:47,414 [pool-59-thread-1] INFO  server.RaftServerConfigKeys (ConfUtils.java:logGet(43)) - raft.server.log.statemachine.data.sync.timeout.retry = -1 (default)
2019-10-18 05:47:47,415 [pool-59-thread-1] INFO  server.RaftServerConfigKeys (ConfUtils.java:logGet(43)) - raft.server.log.statemachine.data.caching.enabled = true (custom)
2019-10-18 05:47:47,415 [pool-59-thread-1] INFO  impl.RaftServerImpl (ServerState.java:setRaftConf(357)) - 291b4074-36ef-4604-afea-a446d5bcf194@group-7AC4618047FC: set configuration 0: [291b4074-36ef-4604-afea-a446d5bcf194:192.168.34.6:34859], old=null at 0
2019-10-18 05:47:47,415 [pool-59-thread-1] INFO  segmented.LogSegment (LogSegment.java:loadSegment(140)) - Successfully read 1 entries from segment file /workdir/hadoop-ozone/integration-test/target/test-dir/MiniOzoneClusterImpl-bdd1ebd8-a644-496b-9074-58a768d0a1bb/datanode-2/data/ratis/0802c47e-9a26-4bcf-91db-7ac4618047fc/current/log_inprogress_0
2019-10-18 05:47:47,415 [pool-59-thread-1] INFO  segmented.SegmentedRaftLogWorker (SegmentedRaftLogWorker.java:lambda$new$0(128)) - 291b4074-36ef-4604-afea-a446d5bcf194@group-7AC4618047FC-SegmentedRaftLogWorker: flushIndex: setUnconditionally 0 -> 0
2019-10-18 05:47:47,444 [pool-59-thread-1] INFO  server.RaftServerConfigKeys (ConfUtils.java:logGet(43)) - raft.server.snapshot.auto.trigger.enabled = true (custom)
2019-10-18 05:47:47,444 [pool-59-thread-1] INFO  server.RaftServerConfigKeys (ConfUtils.java:logGet(43)) - raft.server.snapshot.auto.trigger.threshold = 10000 (custom)
2019-10-18 05:47:47,444 [pool-59-thread-1] INFO  server.RaftServerConfigKeys (ConfUtils.java:logGet(43)) - raft.server.snapshot.retention.file.num = 5 (custom)
2019-10-18 05:47:47,444 [pool-59-thread-1] INFO  server.RaftServerConfigKeys (ConfUtils.java:logGet(43)) - raft.server.retrycache.expirytime = 600000ms (custom)
2019-10-18 05:47:47,472 [Command processor thread] INFO  commandhandler.DeleteBlocksCommandHandler (DeleteBlocksCommandHandler.java:handle(106)) - Start to delete container blocks, TXIDs=[1(0)], numOfContainers=1, numOfBlocks=1
2019-10-18 05:47:47,565 [SCMBlockDeletingService#0] INFO  block.SCMBlockDeletingService (SCMBlockDeletingService.java:call(184)) - Totally added 2 delete blocks command for 2 datanodes, task elapsed time: 1ms
2019-10-18 05:47:47,565 [pool-7-thread-1] INFO  commands.RetriableDatanodeEventWatcher (RetriableDatanodeEventWatcher.java:onTimeout(47)) - RetriableDatanodeCommand type=deleteBlocksCommand with id=1571377666564 timed out. Retrying.
2019-10-18 05:47:47,565 [pool-7-thread-2] INFO  commands.RetriableDatanodeEventWatcher (RetriableDatanodeEventWatcher.java:onTimeout(47)) - RetriableDatanodeCommand type=deleteBlocksCommand with id=1571377666563 timed out. Retrying.
2019-10-18 05:47:47,981 [BlockDeletingService#2] WARN  background.BlockDeletingService (BlockDeletingService.java:isDeletionAllowed(187)) - Close Container log Index 6 is not replicated across allthe servers in the pipeline e751b4d9-2be2-4ced-b2ee-397db682eabb as the min replicated index is 4. Deletion is not allowed in this container yet.
2019-10-18 05:47:47,981 [BlockDeletingService#3] WARN  background.BlockDeletingService (BlockDeletingService.java:isDeletionAllowed(187)) - Close Container log Index 6 is not replicated across allthe servers in the pipeline e751b4d9-2be2-4ced-b2ee-397db682eabb as the min replicated index is 4. Deletion is not allowed in this container yet.
2019-10-18 05:47:48,152 [java.util.concurrent.ThreadPoolExecutor$Worker@5716808[State = -1, empty queue]] WARN  server.GrpcLogAppender (GrpcLogAppender.java:timeoutAppendRequest(209)) - 58c4827f-663e-41e6-a95a-5c02fdca8528@group-397DB682EABB->291b4074-36ef-4604-afea-a446d5bcf194-GrpcLogAppender: appendEntries Timeout, request=58c4827f-663e-41e6-a95a-5c02fdca8528->291b4074-36ef-4604-afea-a446d5bcf194#50-t4, previous=(t:4, i:10), leaderCommit=10, initializing? false, entries: <empty>
2019-10-18 05:47:48,486 [Command processor thread] INFO  commandhandler.DeleteBlocksCommandHandler (DeleteBlocksCommandHandler.java:handle(106)) - Start to delete container blocks, TXIDs=[1(2)], numOfContainers=1, numOfBlocks=1
2019-10-18 05:47:48,487 [Command processor thread] INFO  commandhandler.DeleteBlocksCommandHandler (DeleteBlocksCommandHandler.java:handle(106)) - Start to delete container blocks, TXIDs=[1(0)], numOfContainers=1, numOfBlocks=1
2019-10-18 05:47:48,565 [pool-7-thread-1] INFO  commands.RetriableDatanodeEventWatcher (RetriableDatanodeEventWatcher.java:onTimeout(47)) - RetriableDatanodeCommand type=deleteBlocksCommand with id=1571377666566 timed out. Retrying.
2019-10-18 05:47:48,565 [pool-7-thread-2] INFO  commands.RetriableDatanodeEventWatcher (RetriableDatanodeEventWatcher.java:onTimeout(47)) - RetriableDatanodeCommand type=deleteBlocksCommand with id=1571377666567 timed out. Retrying.
2019-10-18 05:47:48,565 [pool-7-thread-2] INFO  commands.RetriableDatanodeEventWatcher (RetriableDatanodeEventWatcher.java:onTimeout(47)) - RetriableDatanodeCommand type=deleteBlocksCommand with id=1571377666564 timed out. Retrying.
2019-10-18 05:47:48,565 [pool-7-thread-1] INFO  commands.RetriableDatanodeEventWatcher (RetriableDatanodeEventWatcher.java:onTimeout(47)) - RetriableDatanodeCommand type=deleteBlocksCommand with id=1571377666563 timed out. Retrying.
2019-10-18 05:47:48,565 [SCMBlockDeletingService#0] INFO  block.SCMBlockDeletingService (SCMBlockDeletingService.java:call(184)) - Totally added 2 delete blocks command for 2 datanodes, task elapsed time: 1ms
2019-10-18 05:47:48,878 [Thread-565] INFO  client.GrpcClientProtocolService (GrpcClientProtocolService.java:lambda$processClientRequest$0(278)) - Failed RaftClientRequest:client-15CC5DA066CF->e47f3d18-6550-4f27-a4cc-ce34c6c87b58@group-397DB682EABB, cid=10, seq=0, Watch-ALL_COMMITTED(6), Message:<EMPTY>, reply=RaftClientReply:client-15CC5DA066CF->e47f3d18-6550-4f27-a4cc-ce34c6c87b58@group-397DB682EABB, cid=10, FAILED org.apache.ratis.protocol.NotLeaderException: Server e47f3d18-6550-4f27-a4cc-ce34c6c87b58@group-397DB682EABB is not the leader 58c4827f-663e-41e6-a95a-5c02fdca8528:192.168.34.6:39496, logIndex=0, commits[e47f3d18-6550-4f27-a4cc-ce34c6c87b58:c10, 291b4074-36ef-4604-afea-a446d5bcf194:c4, 58c4827f-663e-41e6-a95a-5c02fdca8528:c10]
2019-10-18 05:47:48,982 [BlockDeletingService#3] WARN  background.BlockDeletingService (BlockDeletingService.java:isDeletionAllowed(187)) - Close Container log Index 6 is not replicated across allthe servers in the pipeline e751b4d9-2be2-4ced-b2ee-397db682eabb as the min replicated index is 4. Deletion is not allowed in this container yet.
2019-10-18 05:47:48,982 [BlockDeletingService#2] WARN  background.BlockDeletingService (BlockDeletingService.java:isDeletionAllowed(187)) - Close Container log Index 6 is not replicated across allthe servers in the pipeline e751b4d9-2be2-4ced-b2ee-397db682eabb as the min replicated index is 4. Deletion is not allowed in this container yet.
2019-10-18 05:47:49,391 [Datanode State Machine Thread - 0] INFO  ozoneimpl.OzoneContainer (OzoneContainer.java:start(213)) - Attempting to start container services.
2019-10-18 05:47:49,392 [Datanode State Machine Thread - 0] INFO  ozoneimpl.OzoneContainer (OzoneContainer.java:startContainerScrub(177)) - Background container scanner has been disabled.
2019-10-18 05:47:49,479 [Datanode State Machine Thread - 0] INFO  ratis.XceiverServerRatis (XceiverServerRatis.java:start(418)) - Starting XceiverServerRatis 291b4074-36ef-4604-afea-a446d5bcf194 at port 34859
2019-10-18 05:47:49,489 [Command processor thread] INFO  commandhandler.DeleteBlocksCommandHandler (DeleteBlocksCommandHandler.java:handle(106)) - Start to delete container blocks, TXIDs=[1(2)], numOfContainers=1, numOfBlocks=1
2019-10-18 05:47:49,490 [Command processor thread] INFO  commandhandler.DeleteBlocksCommandHandler (DeleteBlocksCommandHandler.java:handle(106)) - Start to delete container blocks, TXIDs=[1(4)], numOfContainers=1, numOfBlocks=1
2019-10-18 05:47:49,490 [Command processor thread] INFO  commandhandler.DeleteBlocksCommandHandler (DeleteBlocksCommandHandler.java:handle(106)) - Start to delete container blocks, TXIDs=[1(0)], numOfContainers=1, numOfBlocks=1
2019-10-18 05:47:49,497 [Datanode State Machine Thread - 0] INFO  impl.RaftServerImpl (RaftServerImpl.java:start(195)) - 291b4074-36ef-4604-afea-a446d5bcf194@group-397DB682EABB: start as a follower, conf=0: [291b4074-36ef-4604-afea-a446d5bcf194:192.168.34.6:34859, e47f3d18-6550-4f27-a4cc-ce34c6c87b58:192.168.34.6:35257, 58c4827f-663e-41e6-a95a-5c02fdca8528:192.168.34.6:39496], old=null
2019-10-18 05:47:49,498 [Datanode State Machine Thread - 0] INFO  impl.RaftServerImpl (RaftServerImpl.java:setRole(184)) - 291b4074-36ef-4604-afea-a446d5bcf194@group-397DB682EABB: changes role from      null to FOLLOWER at term 4 for startAsFollower
2019-10-18 05:47:49,498 [Datanode State Machine Thread - 0] INFO  impl.RoleInfo (RoleInfo.java:updateAndGet(143)) - 291b4074-36ef-4604-afea-a446d5bcf194: start FollowerState
2019-10-18 05:47:49,497 [ForkJoinPool.commonPool-worker-0] INFO  impl.RaftServerImpl (RaftServerImpl.java:start(195)) - 291b4074-36ef-4604-afea-a446d5bcf194@group-7AC4618047FC: start as a follower, conf=0: [291b4074-36ef-4604-afea-a446d5bcf194:192.168.34.6:34859], old=null
2019-10-18 05:47:49,499 [ForkJoinPool.commonPool-worker-0] INFO  impl.RaftServerImpl (RaftServerImpl.java:setRole(184)) - 291b4074-36ef-4604-afea-a446d5bcf194@group-7AC4618047FC: changes role from      null to FOLLOWER at term 1 for startAsFollower
2019-10-18 05:47:49,499 [ForkJoinPool.commonPool-worker-0] INFO  impl.RoleInfo (RoleInfo.java:updateAndGet(143)) - 291b4074-36ef-4604-afea-a446d5bcf194: start FollowerState
2019-10-18 05:47:49,499 [Datanode State Machine Thread - 0] INFO  util.JmxRegister (JmxRegister.java:tryRegister(44)) - Successfully registered JMX Bean with object name Ratis:service=RaftServer,group=group-397DB682EABB,id=291b4074-36ef-4604-afea-a446d5bcf194
2019-10-18 05:47:49,500 [ForkJoinPool.commonPool-worker-0] INFO  util.JmxRegister (JmxRegister.java:tryRegister(44)) - Successfully registered JMX Bean with object name Ratis:service=RaftServer,group=group-7AC4618047FC,id=291b4074-36ef-4604-afea-a446d5bcf194
2019-10-18 05:47:49,501 [Datanode State Machine Thread - 0] INFO  impl.RaftServerProxy (RaftServerProxy.java:lambda$start$3(299)) - 291b4074-36ef-4604-afea-a446d5bcf194: start RPC server
2019-10-18 05:47:49,503 [Datanode State Machine Thread - 0] INFO  server.GrpcService (GrpcService.java:startImpl(158)) - 291b4074-36ef-4604-afea-a446d5bcf194: GrpcService started, listening on 0.0.0.0/0.0.0.0:34859
2019-10-18 05:47:49,565 [pool-7-thread-2] INFO  commands.RetriableDatanodeEventWatcher (RetriableDatanodeEventWatcher.java:onTimeout(47)) - RetriableDatanodeCommand type=deleteBlocksCommand with id=1571377666566 timed out. Retrying.
2019-10-18 05:47:49,565 [pool-7-thread-1] INFO  commands.RetriableDatanodeEventWatcher (RetriableDatanodeEventWatcher.java:onTimeout(47)) - RetriableDatanodeCommand type=deleteBlocksCommand with id=1571377666567 timed out. Retrying.
2019-10-18 05:47:49,566 [pool-7-thread-3] INFO  commands.RetriableDatanodeEventWatcher (RetriableDatanodeEventWatcher.java:onTimeout(47)) - RetriableDatanodeCommand type=deleteBlocksCommand with id=1571377666563 timed out. Retrying.
2019-10-18 05:47:49,566 [pool-7-thread-2] INFO  commands.RetriableDatanodeEventWatcher (RetriableDatanodeEventWatcher.java:onTimeout(47)) - RetriableDatanodeCommand type=deleteBlocksCommand with id=1571377666564 timed out. Retrying.
2019-10-18 05:47:49,567 [pool-7-thread-1] INFO  commands.RetriableDatanodeEventWatcher (RetriableDatanodeEventWatcher.java:onTimeout(47)) - RetriableDatanodeCommand type=deleteBlocksCommand with id=1571377666569 timed out. Retrying.
2019-10-18 05:47:49,567 [pool-7-thread-4] INFO  commands.RetriableDatanodeEventWatcher (RetriableDatanodeEventWatcher.java:onTimeout(47)) - RetriableDatanodeCommand type=deleteBlocksCommand with id=1571377666568 timed out. Retrying.
2019-10-18 05:47:49,569 [SCMBlockDeletingService#0] INFO  block.SCMBlockDeletingService (SCMBlockDeletingService.java:call(184)) - Totally added 2 delete blocks command for 2 datanodes, task elapsed time: 0ms
2019-10-18 05:47:49,650 [Thread-571] INFO  impl.FollowerState (FollowerState.java:run(108)) - 291b4074-36ef-4604-afea-a446d5bcf194@group-7AC4618047FC-FollowerState: change to CANDIDATE, lastRpcTime:151ms, electionTimeout:150ms
2019-10-18 05:47:49,650 [Thread-571] INFO  impl.RoleInfo (RoleInfo.java:shutdownFollowerState(121)) - 291b4074-36ef-4604-afea-a446d5bcf194: shutdown FollowerState
2019-10-18 05:47:49,651 [Thread-571] INFO  impl.RaftServerImpl (RaftServerImpl.java:setRole(184)) - 291b4074-36ef-4604-afea-a446d5bcf194@group-7AC4618047FC: changes role from  FOLLOWER to CANDIDATE at term 1 for changeToCandidate
2019-10-18 05:47:49,651 [Thread-571] INFO  impl.RoleInfo (RoleInfo.java:updateAndGet(143)) - 291b4074-36ef-4604-afea-a446d5bcf194: start LeaderElection
2019-10-18 05:47:49,677 [291b4074-36ef-4604-afea-a446d5bcf194@group-7AC4618047FC-LeaderElection7] INFO  impl.LeaderElection (LeaderElection.java:askForVotes(178)) - 291b4074-36ef-4604-afea-a446d5bcf194@group-7AC4618047FC-LeaderElection7: begin an election at term 2 for 0: [291b4074-36ef-4604-afea-a446d5bcf194:192.168.34.6:34859], old=null
2019-10-18 05:47:49,677 [291b4074-36ef-4604-afea-a446d5bcf194@group-7AC4618047FC-LeaderElection7] INFO  impl.RoleInfo (RoleInfo.java:shutdownLeaderElection(134)) - 291b4074-36ef-4604-afea-a446d5bcf194: shutdown LeaderElection
2019-10-18 05:47:49,678 [291b4074-36ef-4604-afea-a446d5bcf194@group-7AC4618047FC-LeaderElection7] INFO  impl.RaftServerImpl (RaftServerImpl.java:setRole(184)) - 291b4074-36ef-4604-afea-a446d5bcf194@group-7AC4618047FC: changes role from CANDIDATE to LEADER at term 2 for changeToLeader
2019-10-18 05:47:49,678 [291b4074-36ef-4604-afea-a446d5bcf194@group-7AC4618047FC-LeaderElection7] INFO  impl.RaftServerImpl (ServerState.java:setLeader(256)) - 291b4074-36ef-4604-afea-a446d5bcf194@group-7AC4618047FC: change Leader from null to 291b4074-36ef-4604-afea-a446d5bcf194 at term 2 for becomeLeader, leader elected after 2264ms
2019-10-18 05:47:49,679 [291b4074-36ef-4604-afea-a446d5bcf194@group-7AC4618047FC-LeaderElection7] INFO  server.RaftServerConfigKeys (ConfUtils.java:logGet(43)) - raft.server.staging.catchup.gap = 1000 (default)
2019-10-18 05:47:49,679 [291b4074-36ef-4604-afea-a446d5bcf194@group-7AC4618047FC-LeaderElection7] INFO  server.RaftServerConfigKeys (ConfUtils.java:logGet(43)) - raft.server.rpc.sleep.time = 25ms (default)
2019-10-18 05:47:49,679 [291b4074-36ef-4604-afea-a446d5bcf194@group-7AC4618047FC-LeaderElection7] INFO  server.RaftServerConfigKeys (ConfUtils.java:logGet(43)) - raft.server.write.element-limit = 4096 (default)
2019-10-18 05:47:49,679 [291b4074-36ef-4604-afea-a446d5bcf194@group-7AC4618047FC-LeaderElection7] INFO  server.RaftServerConfigKeys (ConfUtils.java:logGet(43)) - raft.server.watch.timeout = 10s (default)
2019-10-18 05:47:49,679 [291b4074-36ef-4604-afea-a446d5bcf194@group-7AC4618047FC-LeaderElection7] INFO  server.RaftServerConfigKeys (ConfUtils.java:logGet(43)) - raft.server.watch.timeout.denomination = 1s (default)
2019-10-18 05:47:49,680 [291b4074-36ef-4604-afea-a446d5bcf194@group-7AC4618047FC-LeaderElection7] INFO  server.RaftServerConfigKeys (ConfUtils.java:logGet(43)) - raft.server.watch.element-limit = 65536 (default)
2019-10-18 05:47:49,680 [291b4074-36ef-4604-afea-a446d5bcf194@group-7AC4618047FC-LeaderElection7] INFO  impl.RoleInfo (RoleInfo.java:updateAndGet(143)) - 291b4074-36ef-4604-afea-a446d5bcf194: start LeaderState
2019-10-18 05:47:49,681 [291b4074-36ef-4604-afea-a446d5bcf194@group-7AC4618047FC-LeaderElection7] INFO  segmented.SegmentedRaftLogWorker (SegmentedRaftLogWorker.java:rollLogSegment(390)) - 291b4074-36ef-4604-afea-a446d5bcf194@group-7AC4618047FC-SegmentedRaftLogWorker: Rolling segment log-0_0 to index:0
2019-10-18 05:47:49,683 [Thread-570] INFO  impl.FollowerState (FollowerState.java:run(108)) - 291b4074-36ef-4604-afea-a446d5bcf194@group-397DB682EABB-FollowerState: change to CANDIDATE, lastRpcTime:184ms, electionTimeout:184ms
2019-10-18 05:47:49,683 [Thread-570] INFO  impl.RoleInfo (RoleInfo.java:shutdownFollowerState(121)) - 291b4074-36ef-4604-afea-a446d5bcf194: shutdown FollowerState
2019-10-18 05:47:49,683 [Thread-570] INFO  impl.RaftServerImpl (RaftServerImpl.java:setRole(184)) - 291b4074-36ef-4604-afea-a446d5bcf194@group-397DB682EABB: changes role from  FOLLOWER to CANDIDATE at term 4 for changeToCandidate
2019-10-18 05:47:49,683 [291b4074-36ef-4604-afea-a446d5bcf194@group-7AC4618047FC-LeaderElection7] INFO  impl.RaftServerImpl (ServerState.java:setRaftConf(357)) - 291b4074-36ef-4604-afea-a446d5bcf194@group-7AC4618047FC: set configuration 1: [291b4074-36ef-4604-afea-a446d5bcf194:192.168.34.6:34859], old=null at 1
2019-10-18 05:47:49,683 [Thread-570] INFO  impl.RoleInfo (RoleInfo.java:updateAndGet(143)) - 291b4074-36ef-4604-afea-a446d5bcf194: start LeaderElection
2019-10-18 05:47:49,685 [291b4074-36ef-4604-afea-a446d5bcf194@group-7AC4618047FC-SegmentedRaftLogWorker] INFO  segmented.SegmentedRaftLogWorker (SegmentedRaftLogWorker.java:execute(533)) - 291b4074-36ef-4604-afea-a446d5bcf194@group-7AC4618047FC-SegmentedRaftLogWorker: Rolled log segment from /workdir/hadoop-ozone/integration-test/target/test-dir/MiniOzoneClusterImpl-bdd1ebd8-a644-496b-9074-58a768d0a1bb/datanode-2/data/ratis/0802c47e-9a26-4bcf-91db-7ac4618047fc/current/log_inprogress_0 to /workdir/hadoop-ozone/integration-test/target/test-dir/MiniOzoneClusterImpl-bdd1ebd8-a644-496b-9074-58a768d0a1bb/datanode-2/data/ratis/0802c47e-9a26-4bcf-91db-7ac4618047fc/current/log_0-0
2019-10-18 05:47:49,709 [291b4074-36ef-4604-afea-a446d5bcf194@group-397DB682EABB-LeaderElection8] INFO  impl.LeaderElection (LeaderElection.java:askForVotes(178)) - 291b4074-36ef-4604-afea-a446d5bcf194@group-397DB682EABB-LeaderElection8: begin an election at term 5 for 0: [291b4074-36ef-4604-afea-a446d5bcf194:192.168.34.6:34859, e47f3d18-6550-4f27-a4cc-ce34c6c87b58:192.168.34.6:35257, 58c4827f-663e-41e6-a95a-5c02fdca8528:192.168.34.6:39496], old=null
2019-10-18 05:47:49,715 [291b4074-36ef-4604-afea-a446d5bcf194@group-397DB682EABB-LeaderElection8] INFO  impl.LeaderElection (LeaderElection.java:logAndReturn(56)) - 291b4074-36ef-4604-afea-a446d5bcf194@group-397DB682EABB-LeaderElection8: Election TIMEOUT; received 0 response(s) [] and 0 exception(s); 291b4074-36ef-4604-afea-a446d5bcf194@group-397DB682EABB:t5, leader=null, voted=291b4074-36ef-4604-afea-a446d5bcf194, raftlog=291b4074-36ef-4604-afea-a446d5bcf194@group-397DB682EABB-SegmentedRaftLog:OPENED:c3,f4,i4, conf=0: [291b4074-36ef-4604-afea-a446d5bcf194:192.168.34.6:34859, e47f3d18-6550-4f27-a4cc-ce34c6c87b58:192.168.34.6:35257, 58c4827f-663e-41e6-a95a-5c02fdca8528:192.168.34.6:39496], old=null
2019-10-18 05:47:49,719 [grpc-default-executor-1] INFO  impl.RaftServerImpl (ServerState.java:setLeader(256)) - e47f3d18-6550-4f27-a4cc-ce34c6c87b58@group-397DB682EABB: change Leader from 58c4827f-663e-41e6-a95a-5c02fdca8528 to null at term 5 for updateCurrentTerm
2019-10-18 05:47:49,719 [grpc-default-executor-0] INFO  impl.RaftServerImpl (ServerState.java:setLeader(256)) - 58c4827f-663e-41e6-a95a-5c02fdca8528@group-397DB682EABB: change Leader from 58c4827f-663e-41e6-a95a-5c02fdca8528 to null at term 5 for updateCurrentTerm
2019-10-18 05:47:49,721 [grpc-default-executor-1] INFO  impl.RaftServerImpl (RaftServerImpl.java:setRole(184)) - e47f3d18-6550-4f27-a4cc-ce34c6c87b58@group-397DB682EABB: changes role from  FOLLOWER to FOLLOWER at term 5 for recognizeCandidate:291b4074-36ef-4604-afea-a446d5bcf194
2019-10-18 05:47:49,721 [grpc-default-executor-0] INFO  impl.RaftServerImpl (RaftServerImpl.java:setRole(184)) - 58c4827f-663e-41e6-a95a-5c02fdca8528@group-397DB682EABB: changes role from    LEADER to FOLLOWER at term 5 for recognizeCandidate:291b4074-36ef-4604-afea-a446d5bcf194
2019-10-18 05:47:49,721 [grpc-default-executor-1] INFO  impl.RoleInfo (RoleInfo.java:shutdownFollowerState(121)) - e47f3d18-6550-4f27-a4cc-ce34c6c87b58: shutdown FollowerState
2019-10-18 05:47:49,721 [grpc-default-executor-0] INFO  impl.RoleInfo (RoleInfo.java:shutdownLeaderState(104)) - 58c4827f-663e-41e6-a95a-5c02fdca8528: shutdown LeaderState
2019-10-18 05:47:49,721 [grpc-default-executor-1] INFO  impl.RoleInfo (RoleInfo.java:updateAndGet(143)) - e47f3d18-6550-4f27-a4cc-ce34c6c87b58: start FollowerState
2019-10-18 05:47:49,721 [Thread-238] INFO  impl.FollowerState (FollowerState.java:run(117)) - e47f3d18-6550-4f27-a4cc-ce34c6c87b58@group-397DB682EABB-FollowerState was interrupted: java.lang.InterruptedException: sleep interrupted
2019-10-18 05:47:49,722 [org.apache.ratis.server.impl.LogAppender$AppenderDaemon$$Lambda$397/1010774322@4efd3462] WARN  server.GrpcLogAppender (GrpcLogAppender.java:mayWait(149)) - 58c4827f-663e-41e6-a95a-5c02fdca8528@group-397DB682EABB->291b4074-36ef-4604-afea-a446d5bcf194-GrpcLogAppender: Wait interrupted by java.lang.InterruptedException
2019-10-18 05:47:49,722 [org.apache.ratis.server.impl.LogAppender$AppenderDaemon$$Lambda$397/1010774322@1fe7130f] WARN  server.GrpcLogAppender (GrpcLogAppender.java:mayWait(149)) - 58c4827f-663e-41e6-a95a-5c02fdca8528@group-397DB682EABB->e47f3d18-6550-4f27-a4cc-ce34c6c87b58-GrpcLogAppender: Wait interrupted by java.lang.InterruptedException
2019-10-18 05:47:49,722 [grpc-default-executor-0] INFO  impl.PendingRequests (PendingRequests.java:sendNotLeaderResponses(202)) - 58c4827f-663e-41e6-a95a-5c02fdca8528@group-397DB682EABB-PendingRequests: sendNotLeaderResponses
2019-10-18 05:47:49,725 [grpc-default-executor-4] INFO  server.GrpcServerProtocolService (GrpcServerProtocolService.java:onCompleted(113)) - e47f3d18-6550-4f27-a4cc-ce34c6c87b58: Completed APPEND_ENTRIES, lastRequest: 58c4827f-663e-41e6-a95a-5c02fdca8528->e47f3d18-6550-4f27-a4cc-ce34c6c87b58#51-t4, previous=(t:4, i:10), leaderCommit=10, initializing? false, entries: <empty>
2019-10-18 05:47:49,726 [Thread-580] INFO  client.GrpcClientProtocolService (GrpcClientProtocolService.java:lambda$processClientRequest$0(278)) - Failed RaftClientRequest:client-15CC5DA066CF->58c4827f-663e-41e6-a95a-5c02fdca8528@group-397DB682EABB, cid=10, seq=0, Watch-ALL_COMMITTED(6), Message:<EMPTY>, reply=RaftClientReply:client-15CC5DA066CF->58c4827f-663e-41e6-a95a-5c02fdca8528@group-397DB682EABB, cid=10, FAILED org.apache.ratis.protocol.NotLeaderException: Server 58c4827f-663e-41e6-a95a-5c02fdca8528@group-397DB682EABB is not the leader, logIndex=0, commits[58c4827f-663e-41e6-a95a-5c02fdca8528:c10, 291b4074-36ef-4604-afea-a446d5bcf194:c4, e47f3d18-6550-4f27-a4cc-ce34c6c87b58:c10]
2019-10-18 05:47:49,726 [grpc-default-executor-0] INFO  impl.RoleInfo (RoleInfo.java:updateAndGet(143)) - 58c4827f-663e-41e6-a95a-5c02fdca8528: start FollowerState
2019-10-18 05:47:49,736 [Thread-581] INFO  client.GrpcClientProtocolService (GrpcClientProtocolService.java:lambda$processClientRequest$0(278)) - Failed RaftClientRequest:client-15CC5DA066CF->58c4827f-663e-41e6-a95a-5c02fdca8528@group-397DB682EABB, cid=10, seq=0, Watch-ALL_COMMITTED(6), Message:<EMPTY>, reply=RaftClientReply:client-15CC5DA066CF->58c4827f-663e-41e6-a95a-5c02fdca8528@group-397DB682EABB, cid=10, FAILED org.apache.ratis.protocol.NotLeaderException: Server 58c4827f-663e-41e6-a95a-5c02fdca8528@group-397DB682EABB is not the leader, logIndex=0, commits[58c4827f-663e-41e6-a95a-5c02fdca8528:c10, 291b4074-36ef-4604-afea-a446d5bcf194:c4, e47f3d18-6550-4f27-a4cc-ce34c6c87b58:c10]
2019-10-18 05:47:49,737 [291b4074-36ef-4604-afea-a446d5bcf194@group-397DB682EABB-LeaderElection8] INFO  impl.LeaderElection (LeaderElection.java:askForVotes(178)) - 291b4074-36ef-4604-afea-a446d5bcf194@group-397DB682EABB-LeaderElection8: begin an election at term 6 for 0: [291b4074-36ef-4604-afea-a446d5bcf194:192.168.34.6:34859, e47f3d18-6550-4f27-a4cc-ce34c6c87b58:192.168.34.6:35257, 58c4827f-663e-41e6-a95a-5c02fdca8528:192.168.34.6:39496], old=null
2019-10-18 05:47:49,736 [291b4074-36ef-4604-afea-a446d5bcf194@group-7AC4618047FC-SegmentedRaftLogWorker] INFO  segmented.SegmentedRaftLogWorker (SegmentedRaftLogWorker.java:execute(576)) - 291b4074-36ef-4604-afea-a446d5bcf194@group-7AC4618047FC-SegmentedRaftLogWorker: created new log segment /workdir/hadoop-ozone/integration-test/target/test-dir/MiniOzoneClusterImpl-bdd1ebd8-a644-496b-9074-58a768d0a1bb/datanode-2/data/ratis/0802c47e-9a26-4bcf-91db-7ac4618047fc/current/log_inprogress_1
2019-10-18 05:47:49,742 [grpc-default-executor-5] INFO  server.GrpcLogAppender (GrpcLogAppender.java:onCompleted(308)) - 58c4827f-663e-41e6-a95a-5c02fdca8528@group-397DB682EABB->e47f3d18-6550-4f27-a4cc-ce34c6c87b58-AppendLogResponseHandler: follower responses appendEntries COMPLETED
2019-10-18 05:47:49,752 [grpc-default-executor-5] INFO  impl.FollowerInfo (FollowerInfo.java:lambda$new$0(51)) - 58c4827f-663e-41e6-a95a-5c02fdca8528@group-397DB682EABB->e47f3d18-6550-4f27-a4cc-ce34c6c87b58: nextIndex: updateUnconditionally 11 -> 10
2019-10-18 05:47:49,753 [grpc-default-executor-6] INFO  impl.RaftServerImpl (RaftServerImpl.java:setRole(184)) - e47f3d18-6550-4f27-a4cc-ce34c6c87b58@group-397DB682EABB: changes role from  FOLLOWER to FOLLOWER at term 6 for recognizeCandidate:291b4074-36ef-4604-afea-a446d5bcf194
2019-10-18 05:47:49,753 [grpc-default-executor-6] INFO  impl.RoleInfo (RoleInfo.java:shutdownFollowerState(121)) - e47f3d18-6550-4f27-a4cc-ce34c6c87b58: shutdown FollowerState
2019-10-18 05:47:49,753 [grpc-default-executor-1] INFO  impl.RaftServerImpl (RaftServerImpl.java:setRole(184)) - 58c4827f-663e-41e6-a95a-5c02fdca8528@group-397DB682EABB: changes role from  FOLLOWER to FOLLOWER at term 6 for recognizeCandidate:291b4074-36ef-4604-afea-a446d5bcf194
2019-10-18 05:47:49,753 [Thread-579] INFO  impl.FollowerState (FollowerState.java:run(117)) - e47f3d18-6550-4f27-a4cc-ce34c6c87b58@group-397DB682EABB-FollowerState was interrupted: java.lang.InterruptedException: sleep interrupted
2019-10-18 05:47:49,753 [grpc-default-executor-1] INFO  impl.RoleInfo (RoleInfo.java:shutdownFollowerState(121)) - 58c4827f-663e-41e6-a95a-5c02fdca8528: shutdown FollowerState
2019-10-18 05:47:49,753 [grpc-default-executor-6] INFO  impl.RoleInfo (RoleInfo.java:updateAndGet(143)) - e47f3d18-6550-4f27-a4cc-ce34c6c87b58: start FollowerState
2019-10-18 05:47:49,755 [grpc-default-executor-1] INFO  impl.RoleInfo (RoleInfo.java:updateAndGet(143)) - 58c4827f-663e-41e6-a95a-5c02fdca8528: start FollowerState
2019-10-18 05:47:49,755 [Thread-582] INFO  impl.FollowerState (FollowerState.java:run(117)) - 58c4827f-663e-41e6-a95a-5c02fdca8528@group-397DB682EABB-FollowerState was interrupted: java.lang.InterruptedException: sleep interrupted
2019-10-18 05:47:49,777 [291b4074-36ef-4604-afea-a446d5bcf194@group-397DB682EABB-LeaderElection8] INFO  impl.LeaderElection (LeaderElection.java:logAndReturn(56)) - 291b4074-36ef-4604-afea-a446d5bcf194@group-397DB682EABB-LeaderElection8: Election REJECTED; received 2 response(s) [291b4074-36ef-4604-afea-a446d5bcf194<-e47f3d18-6550-4f27-a4cc-ce34c6c87b58#0:FAIL-t6, 291b4074-36ef-4604-afea-a446d5bcf194<-58c4827f-663e-41e6-a95a-5c02fdca8528#0:FAIL-t6] and 0 exception(s); 291b4074-36ef-4604-afea-a446d5bcf194@group-397DB682EABB:t6, leader=null, voted=291b4074-36ef-4604-afea-a446d5bcf194, raftlog=291b4074-36ef-4604-afea-a446d5bcf194@group-397DB682EABB-SegmentedRaftLog:OPENED:c3,f4,i4, conf=0: [291b4074-36ef-4604-afea-a446d5bcf194:192.168.34.6:34859, e47f3d18-6550-4f27-a4cc-ce34c6c87b58:192.168.34.6:35257, 58c4827f-663e-41e6-a95a-5c02fdca8528:192.168.34.6:39496], old=null
2019-10-18 05:47:49,777 [291b4074-36ef-4604-afea-a446d5bcf194@group-397DB682EABB-LeaderElection8] INFO  impl.RaftServerImpl (RaftServerImpl.java:setRole(184)) - 291b4074-36ef-4604-afea-a446d5bcf194@group-397DB682EABB: changes role from CANDIDATE to FOLLOWER at term 6 for DISCOVERED_A_NEW_TERM
2019-10-18 05:47:49,778 [291b4074-36ef-4604-afea-a446d5bcf194@group-397DB682EABB-LeaderElection8] INFO  impl.RoleInfo (RoleInfo.java:shutdownLeaderElection(134)) - 291b4074-36ef-4604-afea-a446d5bcf194: shutdown LeaderElection
2019-10-18 05:47:49,778 [291b4074-36ef-4604-afea-a446d5bcf194@group-397DB682EABB-LeaderElection8] INFO  impl.RoleInfo (RoleInfo.java:updateAndGet(143)) - 291b4074-36ef-4604-afea-a446d5bcf194: start FollowerState
2019-10-18 05:47:49,968 [Thread-588] INFO  impl.FollowerState (FollowerState.java:run(108)) - 291b4074-36ef-4604-afea-a446d5bcf194@group-397DB682EABB-FollowerState: change to CANDIDATE, lastRpcTime:190ms, electionTimeout:189ms
2019-10-18 05:47:49,970 [Thread-588] INFO  impl.RoleInfo (RoleInfo.java:shutdownFollowerState(121)) - 291b4074-36ef-4604-afea-a446d5bcf194: shutdown FollowerState
2019-10-18 05:47:49,970 [Thread-588] INFO  impl.RaftServerImpl (RaftServerImpl.java:setRole(184)) - 291b4074-36ef-4604-afea-a446d5bcf194@group-397DB682EABB: changes role from  FOLLOWER to CANDIDATE at term 6 for changeToCandidate
2019-10-18 05:47:49,970 [Thread-588] INFO  impl.RoleInfo (RoleInfo.java:updateAndGet(143)) - 291b4074-36ef-4604-afea-a446d5bcf194: start LeaderElection
2019-10-18 05:47:49,983 [BlockDeletingService#3] WARN  background.BlockDeletingService (BlockDeletingService.java:isDeletionAllowed(187)) - Close Container log Index 6 is not replicated across allthe servers in the pipeline e751b4d9-2be2-4ced-b2ee-397db682eabb as the min replicated index is 4. Deletion is not allowed in this container yet.
2019-10-18 05:47:49,984 [BlockDeletingService#2] WARN  background.BlockDeletingService (BlockDeletingService.java:isDeletionAllowed(187)) - Close Container log Index 6 is not replicated across allthe servers in the pipeline e751b4d9-2be2-4ced-b2ee-397db682eabb as the min replicated index is 4. Deletion is not allowed in this container yet.
2019-10-18 05:47:50,002 [291b4074-36ef-4604-afea-a446d5bcf194@group-397DB682EABB-LeaderElection9] INFO  impl.LeaderElection (LeaderElection.java:askForVotes(178)) - 291b4074-36ef-4604-afea-a446d5bcf194@group-397DB682EABB-LeaderElection9: begin an election at term 7 for 0: [291b4074-36ef-4604-afea-a446d5bcf194:192.168.34.6:34859, e47f3d18-6550-4f27-a4cc-ce34c6c87b58:192.168.34.6:35257, 58c4827f-663e-41e6-a95a-5c02fdca8528:192.168.34.6:39496], old=null
2019-10-18 05:47:50,014 [grpc-default-executor-6] INFO  impl.RaftServerImpl (RaftServerImpl.java:setRole(184)) - 58c4827f-663e-41e6-a95a-5c02fdca8528@group-397DB682EABB: changes role from  FOLLOWER to FOLLOWER at term 7 for recognizeCandidate:291b4074-36ef-4604-afea-a446d5bcf194
2019-10-18 05:47:50,015 [grpc-default-executor-6] INFO  impl.RoleInfo (RoleInfo.java:shutdownFollowerState(121)) - 58c4827f-663e-41e6-a95a-5c02fdca8528: shutdown FollowerState
2019-10-18 05:47:50,015 [grpc-default-executor-6] INFO  impl.RoleInfo (RoleInfo.java:updateAndGet(143)) - 58c4827f-663e-41e6-a95a-5c02fdca8528: start FollowerState
2019-10-18 05:47:50,015 [Thread-587] INFO  impl.FollowerState (FollowerState.java:run(117)) - 58c4827f-663e-41e6-a95a-5c02fdca8528@group-397DB682EABB-FollowerState was interrupted: java.lang.InterruptedException: sleep interrupted
2019-10-18 05:47:50,025 [grpc-default-executor-1] INFO  impl.RaftServerImpl (RaftServerImpl.java:setRole(184)) - e47f3d18-6550-4f27-a4cc-ce34c6c87b58@group-397DB682EABB: changes role from  FOLLOWER to FOLLOWER at term 7 for recognizeCandidate:291b4074-36ef-4604-afea-a446d5bcf194
2019-10-18 05:47:50,025 [grpc-default-executor-1] INFO  impl.RoleInfo (RoleInfo.java:shutdownFollowerState(121)) - e47f3d18-6550-4f27-a4cc-ce34c6c87b58: shutdown FollowerState
2019-10-18 05:47:50,026 [grpc-default-executor-1] INFO  impl.RoleInfo (RoleInfo.java:updateAndGet(143)) - e47f3d18-6550-4f27-a4cc-ce34c6c87b58: start FollowerState
2019-10-18 05:47:50,026 [Thread-586] INFO  impl.FollowerState (FollowerState.java:run(117)) - e47f3d18-6550-4f27-a4cc-ce34c6c87b58@group-397DB682EABB-FollowerState was interrupted: java.lang.InterruptedException: sleep interrupted
2019-10-18 05:47:50,066 [291b4074-36ef-4604-afea-a446d5bcf194@group-397DB682EABB-LeaderElection9] INFO  impl.LeaderElection (LeaderElection.java:logAndReturn(56)) - 291b4074-36ef-4604-afea-a446d5bcf194@group-397DB682EABB-LeaderElection9: Election REJECTED; received 2 response(s) [291b4074-36ef-4604-afea-a446d5bcf194<-e47f3d18-6550-4f27-a4cc-ce34c6c87b58#0:FAIL-t7, 291b4074-36ef-4604-afea-a446d5bcf194<-58c4827f-663e-41e6-a95a-5c02fdca8528#0:FAIL-t7] and 0 exception(s); 291b4074-36ef-4604-afea-a446d5bcf194@group-397DB682EABB:t7, leader=null, voted=291b4074-36ef-4604-afea-a446d5bcf194, raftlog=291b4074-36ef-4604-afea-a446d5bcf194@group-397DB682EABB-SegmentedRaftLog:OPENED:c3,f4,i4, conf=0: [291b4074-36ef-4604-afea-a446d5bcf194:192.168.34.6:34859, e47f3d18-6550-4f27-a4cc-ce34c6c87b58:192.168.34.6:35257, 58c4827f-663e-41e6-a95a-5c02fdca8528:192.168.34.6:39496], old=null
2019-10-18 05:47:50,066 [291b4074-36ef-4604-afea-a446d5bcf194@group-397DB682EABB-LeaderElection9] INFO  impl.RaftServerImpl (RaftServerImpl.java:setRole(184)) - 291b4074-36ef-4604-afea-a446d5bcf194@group-397DB682EABB: changes role from CANDIDATE to FOLLOWER at term 7 for DISCOVERED_A_NEW_TERM
2019-10-18 05:47:50,067 [291b4074-36ef-4604-afea-a446d5bcf194@group-397DB682EABB-LeaderElection9] INFO  impl.RoleInfo (RoleInfo.java:shutdownLeaderElection(134)) - 291b4074-36ef-4604-afea-a446d5bcf194: shutdown LeaderElection
2019-10-18 05:47:50,067 [291b4074-36ef-4604-afea-a446d5bcf194@group-397DB682EABB-LeaderElection9] INFO  impl.RoleInfo (RoleInfo.java:updateAndGet(143)) - 291b4074-36ef-4604-afea-a446d5bcf194: start FollowerState
2019-10-18 05:47:50,102 [Thread-596] INFO  impl.FollowerState (FollowerState.java:run(108)) - 291b4074-36ef-4604-afea-a446d5bcf194@group-397DB682EABB-FollowerState: change to CANDIDATE, lastRpcTime:35ms, electionTimeout:34ms
2019-10-18 05:47:50,104 [Thread-596] INFO  impl.RoleInfo (RoleInfo.java:shutdownFollowerState(121)) - 291b4074-36ef-4604-afea-a446d5bcf194: shutdown FollowerState
2019-10-18 05:47:50,104 [Thread-596] INFO  impl.RaftServerImpl (RaftServerImpl.java:setRole(184)) - 291b4074-36ef-4604-afea-a446d5bcf194@group-397DB682EABB: changes role from  FOLLOWER to CANDIDATE at term 7 for changeToCandidate
2019-10-18 05:47:50,104 [Thread-596] INFO  impl.RoleInfo (RoleInfo.java:updateAndGet(143)) - 291b4074-36ef-4604-afea-a446d5bcf194: start LeaderElection
2019-10-18 05:47:50,128 [291b4074-36ef-4604-afea-a446d5bcf194@group-397DB682EABB-LeaderElection10] INFO  impl.LeaderElection (LeaderElection.java:askForVotes(178)) - 291b4074-36ef-4604-afea-a446d5bcf194@group-397DB682EABB-LeaderElection10: begin an election at term 8 for 0: [291b4074-36ef-4604-afea-a446d5bcf194:192.168.34.6:34859, e47f3d18-6550-4f27-a4cc-ce34c6c87b58:192.168.34.6:35257, 58c4827f-663e-41e6-a95a-5c02fdca8528:192.168.34.6:39496], old=null
2019-10-18 05:47:50,132 [grpc-default-executor-1] INFO  impl.RaftServerImpl (RaftServerImpl.java:setRole(184)) - 58c4827f-663e-41e6-a95a-5c02fdca8528@group-397DB682EABB: changes role from  FOLLOWER to FOLLOWER at term 8 for recognizeCandidate:291b4074-36ef-4604-afea-a446d5bcf194
2019-10-18 05:47:50,132 [grpc-default-executor-6] INFO  impl.RaftServerImpl (RaftServerImpl.java:setRole(184)) - e47f3d18-6550-4f27-a4cc-ce34c6c87b58@group-397DB682EABB: changes role from  FOLLOWER to FOLLOWER at term 8 for recognizeCandidate:291b4074-36ef-4604-afea-a446d5bcf194
2019-10-18 05:47:50,132 [grpc-default-executor-1] INFO  impl.RoleInfo (RoleInfo.java:shutdownFollowerState(121)) - 58c4827f-663e-41e6-a95a-5c02fdca8528: shutdown FollowerState
2019-10-18 05:47:50,132 [grpc-default-executor-6] INFO  impl.RoleInfo (RoleInfo.java:shutdownFollowerState(121)) - e47f3d18-6550-4f27-a4cc-ce34c6c87b58: shutdown FollowerState
2019-10-18 05:47:50,132 [Thread-594] INFO  impl.FollowerState (FollowerState.java:run(117)) - 58c4827f-663e-41e6-a95a-5c02fdca8528@group-397DB682EABB-FollowerState was interrupted: java.lang.InterruptedException: sleep interrupted
2019-10-18 05:47:50,132 [grpc-default-executor-1] INFO  impl.RoleInfo (RoleInfo.java:updateAndGet(143)) - 58c4827f-663e-41e6-a95a-5c02fdca8528: start FollowerState
2019-10-18 05:47:50,132 [Thread-595] INFO  impl.FollowerState (FollowerState.java:run(117)) - e47f3d18-6550-4f27-a4cc-ce34c6c87b58@group-397DB682EABB-FollowerState was interrupted: java.lang.InterruptedException: sleep interrupted
2019-10-18 05:47:50,132 [grpc-default-executor-6] INFO  impl.RoleInfo (RoleInfo.java:updateAndGet(143)) - e47f3d18-6550-4f27-a4cc-ce34c6c87b58: start FollowerState
2019-10-18 05:47:50,149 [291b4074-36ef-4604-afea-a446d5bcf194@group-397DB682EABB-LeaderElection10] INFO  impl.LeaderElection (LeaderElection.java:logAndReturn(56)) - 291b4074-36ef-4604-afea-a446d5bcf194@group-397DB682EABB-LeaderElection10: Election REJECTED; received 2 response(s) [291b4074-36ef-4604-afea-a446d5bcf194<-e47f3d18-6550-4f27-a4cc-ce34c6c87b58#0:FAIL-t8, 291b4074-36ef-4604-afea-a446d5bcf194<-58c4827f-663e-41e6-a95a-5c02fdca8528#0:FAIL-t8] and 0 exception(s); 291b4074-36ef-4604-afea-a446d5bcf194@group-397DB682EABB:t8, leader=null, voted=291b4074-36ef-4604-afea-a446d5bcf194, raftlog=291b4074-36ef-4604-afea-a446d5bcf194@group-397DB682EABB-SegmentedRaftLog:OPENED:c3,f4,i4, conf=0: [291b4074-36ef-4604-afea-a446d5bcf194:192.168.34.6:34859, e47f3d18-6550-4f27-a4cc-ce34c6c87b58:192.168.34.6:35257, 58c4827f-663e-41e6-a95a-5c02fdca8528:192.168.34.6:39496], old=null
2019-10-18 05:47:50,149 [291b4074-36ef-4604-afea-a446d5bcf194@group-397DB682EABB-LeaderElection10] INFO  impl.RaftServerImpl (RaftServerImpl.java:setRole(184)) - 291b4074-36ef-4604-afea-a446d5bcf194@group-397DB682EABB: changes role from CANDIDATE to FOLLOWER at term 8 for DISCOVERED_A_NEW_TERM
2019-10-18 05:47:50,150 [291b4074-36ef-4604-afea-a446d5bcf194@group-397DB682EABB-LeaderElection10] INFO  impl.RoleInfo (RoleInfo.java:shutdownLeaderElection(134)) - 291b4074-36ef-4604-afea-a446d5bcf194: shutdown LeaderElection
2019-10-18 05:47:50,150 [291b4074-36ef-4604-afea-a446d5bcf194@group-397DB682EABB-LeaderElection10] INFO  impl.RoleInfo (RoleInfo.java:updateAndGet(143)) - 291b4074-36ef-4604-afea-a446d5bcf194: start FollowerState
2019-10-18 05:47:50,328 [Thread-602] INFO  impl.FollowerState (FollowerState.java:run(108)) - 291b4074-36ef-4604-afea-a446d5bcf194@group-397DB682EABB-FollowerState: change to CANDIDATE, lastRpcTime:177ms, electionTimeout:177ms
2019-10-18 05:47:50,330 [Thread-602] INFO  impl.RoleInfo (RoleInfo.java:shutdownFollowerState(121)) - 291b4074-36ef-4604-afea-a446d5bcf194: shutdown FollowerState
2019-10-18 05:47:50,330 [Thread-602] INFO  impl.RaftServerImpl (RaftServerImpl.java:setRole(184)) - 291b4074-36ef-4604-afea-a446d5bcf194@group-397DB682EABB: changes role from  FOLLOWER to CANDIDATE at term 8 for changeToCandidate
2019-10-18 05:47:50,330 [Thread-602] INFO  impl.RoleInfo (RoleInfo.java:updateAndGet(143)) - 291b4074-36ef-4604-afea-a446d5bcf194: start LeaderElection
2019-10-18 05:47:50,355 [291b4074-36ef-4604-afea-a446d5bcf194@group-397DB682EABB-LeaderElection11] INFO  impl.LeaderElection (LeaderElection.java:askForVotes(178)) - 291b4074-36ef-4604-afea-a446d5bcf194@group-397DB682EABB-LeaderElection11: begin an election at term 9 for 0: [291b4074-36ef-4604-afea-a446d5bcf194:192.168.34.6:34859, e47f3d18-6550-4f27-a4cc-ce34c6c87b58:192.168.34.6:35257, 58c4827f-663e-41e6-a95a-5c02fdca8528:192.168.34.6:39496], old=null
2019-10-18 05:47:50,359 [grpc-default-executor-1] INFO  impl.RaftServerImpl (RaftServerImpl.java:setRole(184)) - e47f3d18-6550-4f27-a4cc-ce34c6c87b58@group-397DB682EABB: changes role from  FOLLOWER to FOLLOWER at term 9 for recognizeCandidate:291b4074-36ef-4604-afea-a446d5bcf194
2019-10-18 05:47:50,359 [grpc-default-executor-6] INFO  impl.RaftServerImpl (RaftServerImpl.java:setRole(184)) - 58c4827f-663e-41e6-a95a-5c02fdca8528@group-397DB682EABB: changes role from  FOLLOWER to FOLLOWER at term 9 for recognizeCandidate:291b4074-36ef-4604-afea-a446d5bcf194
2019-10-18 05:47:50,360 [grpc-default-executor-1] INFO  impl.RoleInfo (RoleInfo.java:shutdownFollowerState(121)) - e47f3d18-6550-4f27-a4cc-ce34c6c87b58: shutdown FollowerState
2019-10-18 05:47:50,360 [grpc-default-executor-6] INFO  impl.RoleInfo (RoleInfo.java:shutdownFollowerState(121)) - 58c4827f-663e-41e6-a95a-5c02fdca8528: shutdown FollowerState
2019-10-18 05:47:50,360 [Thread-601] INFO  impl.FollowerState (FollowerState.java:run(117)) - e47f3d18-6550-4f27-a4cc-ce34c6c87b58@group-397DB682EABB-FollowerState was interrupted: java.lang.InterruptedException: sleep interrupted
2019-10-18 05:47:50,360 [Thread-600] INFO  impl.FollowerState (FollowerState.java:run(117)) - 58c4827f-663e-41e6-a95a-5c02fdca8528@group-397DB682EABB-FollowerState was interrupted: java.lang.InterruptedException: sleep interrupted
2019-10-18 05:47:50,360 [grpc-default-executor-1] INFO  impl.RoleInfo (RoleInfo.java:updateAndGet(143)) - e47f3d18-6550-4f27-a4cc-ce34c6c87b58: start FollowerState
2019-10-18 05:47:50,360 [grpc-default-executor-6] INFO  impl.RoleInfo (RoleInfo.java:updateAndGet(143)) - 58c4827f-663e-41e6-a95a-5c02fdca8528: start FollowerState
2019-10-18 05:47:50,386 [291b4074-36ef-4604-afea-a446d5bcf194@group-397DB682EABB-LeaderElection11] INFO  impl.LeaderElection (LeaderElection.java:logAndReturn(56)) - 291b4074-36ef-4604-afea-a446d5bcf194@group-397DB682EABB-LeaderElection11: Election REJECTED; received 2 response(s) [291b4074-36ef-4604-afea-a446d5bcf194<-e47f3d18-6550-4f27-a4cc-ce34c6c87b58#0:FAIL-t9, 291b4074-36ef-4604-afea-a446d5bcf194<-58c4827f-663e-41e6-a95a-5c02fdca8528#0:FAIL-t9] and 0 exception(s); 291b4074-36ef-4604-afea-a446d5bcf194@group-397DB682EABB:t9, leader=null, voted=291b4074-36ef-4604-afea-a446d5bcf194, raftlog=291b4074-36ef-4604-afea-a446d5bcf194@group-397DB682EABB-SegmentedRaftLog:OPENED:c3,f4,i4, conf=0: [291b4074-36ef-4604-afea-a446d5bcf194:192.168.34.6:34859, e47f3d18-6550-4f27-a4cc-ce34c6c87b58:192.168.34.6:35257, 58c4827f-663e-41e6-a95a-5c02fdca8528:192.168.34.6:39496], old=null
2019-10-18 05:47:50,386 [291b4074-36ef-4604-afea-a446d5bcf194@group-397DB682EABB-LeaderElection11] INFO  impl.RaftServerImpl (RaftServerImpl.java:setRole(184)) - 291b4074-36ef-4604-afea-a446d5bcf194@group-397DB682EABB: changes role from CANDIDATE to FOLLOWER at term 9 for DISCOVERED_A_NEW_TERM
2019-10-18 05:47:50,388 [291b4074-36ef-4604-afea-a446d5bcf194@group-397DB682EABB-LeaderElection11] INFO  impl.RoleInfo (RoleInfo.java:shutdownLeaderElection(134)) - 291b4074-36ef-4604-afea-a446d5bcf194: shutdown LeaderElection
2019-10-18 05:47:50,388 [291b4074-36ef-4604-afea-a446d5bcf194@group-397DB682EABB-LeaderElection11] INFO  impl.RoleInfo (RoleInfo.java:updateAndGet(143)) - 291b4074-36ef-4604-afea-a446d5bcf194: start FollowerState
2019-10-18 05:47:50,464 [Thread-608] INFO  impl.FollowerState (FollowerState.java:run(108)) - 291b4074-36ef-4604-afea-a446d5bcf194@group-397DB682EABB-FollowerState: change to CANDIDATE, lastRpcTime:75ms, electionTimeout:72ms
2019-10-18 05:47:50,465 [Thread-608] INFO  impl.RoleInfo (RoleInfo.java:shutdownFollowerState(121)) - 291b4074-36ef-4604-afea-a446d5bcf194: shutdown FollowerState
2019-10-18 05:47:50,465 [Thread-608] INFO  impl.RaftServerImpl (RaftServerImpl.java:setRole(184)) - 291b4074-36ef-4604-afea-a446d5bcf194@group-397DB682EABB: changes role from  FOLLOWER to CANDIDATE at term 9 for changeToCandidate
2019-10-18 05:47:50,466 [Thread-608] INFO  impl.RoleInfo (RoleInfo.java:updateAndGet(143)) - 291b4074-36ef-4604-afea-a446d5bcf194: start LeaderElection
2019-10-18 05:47:50,490 [291b4074-36ef-4604-afea-a446d5bcf194@group-397DB682EABB-LeaderElection12] INFO  impl.LeaderElection (LeaderElection.java:askForVotes(178)) - 291b4074-36ef-4604-afea-a446d5bcf194@group-397DB682EABB-LeaderElection12: begin an election at term 10 for 0: [291b4074-36ef-4604-afea-a446d5bcf194:192.168.34.6:34859, e47f3d18-6550-4f27-a4cc-ce34c6c87b58:192.168.34.6:35257, 58c4827f-663e-41e6-a95a-5c02fdca8528:192.168.34.6:39496], old=null
2019-10-18 05:47:50,497 [Command processor thread] INFO  commandhandler.DeleteBlocksCommandHandler (DeleteBlocksCommandHandler.java:handle(106)) - Start to delete container blocks, TXIDs=[1(2)], numOfContainers=1, numOfBlocks=1
2019-10-18 05:47:50,497 [grpc-default-executor-1] INFO  impl.RaftServerImpl (RaftServerImpl.java:setRole(184)) - e47f3d18-6550-4f27-a4cc-ce34c6c87b58@group-397DB682EABB: changes role from  FOLLOWER to FOLLOWER at term 10 for recognizeCandidate:291b4074-36ef-4604-afea-a446d5bcf194
2019-10-18 05:47:50,497 [grpc-default-executor-6] INFO  impl.RaftServerImpl (RaftServerImpl.java:setRole(184)) - 58c4827f-663e-41e6-a95a-5c02fdca8528@group-397DB682EABB: changes role from  FOLLOWER to FOLLOWER at term 10 for recognizeCandidate:291b4074-36ef-4604-afea-a446d5bcf194
2019-10-18 05:47:50,498 [Command processor thread] INFO  commandhandler.DeleteBlocksCommandHandler (DeleteBlocksCommandHandler.java:handle(106)) - Start to delete container blocks, TXIDs=[1(0)], numOfContainers=1, numOfBlocks=1
2019-10-18 05:47:50,498 [grpc-default-executor-1] INFO  impl.RoleInfo (RoleInfo.java:shutdownFollowerState(121)) - e47f3d18-6550-4f27-a4cc-ce34c6c87b58: shutdown FollowerState
2019-10-18 05:47:50,498 [Command processor thread] INFO  commandhandler.DeleteBlocksCommandHandler (DeleteBlocksCommandHandler.java:handle(106)) - Start to delete container blocks, TXIDs=[1(4)], numOfContainers=1, numOfBlocks=1
2019-10-18 05:47:50,498 [grpc-default-executor-1] INFO  impl.RoleInfo (RoleInfo.java:updateAndGet(143)) - e47f3d18-6550-4f27-a4cc-ce34c6c87b58: start FollowerState
2019-10-18 05:47:50,498 [grpc-default-executor-6] INFO  impl.RoleInfo (RoleInfo.java:shutdownFollowerState(121)) - 58c4827f-663e-41e6-a95a-5c02fdca8528: shutdown FollowerState
2019-10-18 05:47:50,498 [Thread-606] INFO  impl.FollowerState (FollowerState.java:run(117)) - e47f3d18-6550-4f27-a4cc-ce34c6c87b58@group-397DB682EABB-FollowerState was interrupted: java.lang.InterruptedException: sleep interrupted
2019-10-18 05:47:50,498 [Command processor thread] INFO  commandhandler.DeleteBlocksCommandHandler (DeleteBlocksCommandHandler.java:handle(106)) - Start to delete container blocks, TXIDs=[1(7)], numOfContainers=1, numOfBlocks=1
2019-10-18 05:47:50,499 [Thread-607] INFO  impl.FollowerState (FollowerState.java:run(117)) - 58c4827f-663e-41e6-a95a-5c02fdca8528@group-397DB682EABB-FollowerState was interrupted: java.lang.InterruptedException: sleep interrupted
2019-10-18 05:47:50,498 [grpc-default-executor-6] INFO  impl.RoleInfo (RoleInfo.java:updateAndGet(143)) - 58c4827f-663e-41e6-a95a-5c02fdca8528: start FollowerState
2019-10-18 05:47:50,527 [291b4074-36ef-4604-afea-a446d5bcf194@group-397DB682EABB-LeaderElection12] INFO  impl.LeaderElection (LeaderElection.java:logAndReturn(56)) - 291b4074-36ef-4604-afea-a446d5bcf194@group-397DB682EABB-LeaderElection12: Election REJECTED; received 2 response(s) [291b4074-36ef-4604-afea-a446d5bcf194<-e47f3d18-6550-4f27-a4cc-ce34c6c87b58#0:FAIL-t10, 291b4074-36ef-4604-afea-a446d5bcf194<-58c4827f-663e-41e6-a95a-5c02fdca8528#0:FAIL-t10] and 0 exception(s); 291b4074-36ef-4604-afea-a446d5bcf194@group-397DB682EABB:t10, leader=null, voted=291b4074-36ef-4604-afea-a446d5bcf194, raftlog=291b4074-36ef-4604-afea-a446d5bcf194@group-397DB682EABB-SegmentedRaftLog:OPENED:c3,f4,i4, conf=0: [291b4074-36ef-4604-afea-a446d5bcf194:192.168.34.6:34859, e47f3d18-6550-4f27-a4cc-ce34c6c87b58:192.168.34.6:35257, 58c4827f-663e-41e6-a95a-5c02fdca8528:192.168.34.6:39496], old=null
2019-10-18 05:47:50,527 [291b4074-36ef-4604-afea-a446d5bcf194@group-397DB682EABB-LeaderElection12] INFO  impl.RaftServerImpl (RaftServerImpl.java:setRole(184)) - 291b4074-36ef-4604-afea-a446d5bcf194@group-397DB682EABB: changes role from CANDIDATE to FOLLOWER at term 10 for DISCOVERED_A_NEW_TERM
2019-10-18 05:47:50,527 [291b4074-36ef-4604-afea-a446d5bcf194@group-397DB682EABB-LeaderElection12] INFO  impl.RoleInfo (RoleInfo.java:shutdownLeaderElection(134)) - 291b4074-36ef-4604-afea-a446d5bcf194: shutdown LeaderElection
2019-10-18 05:47:50,527 [291b4074-36ef-4604-afea-a446d5bcf194@group-397DB682EABB-LeaderElection12] INFO  impl.RoleInfo (RoleInfo.java:updateAndGet(143)) - 291b4074-36ef-4604-afea-a446d5bcf194: start FollowerState
2019-10-18 05:47:50,566 [pool-7-thread-4] INFO  commands.RetriableDatanodeEventWatcher (RetriableDatanodeEventWatcher.java:onTimeout(47)) - RetriableDatanodeCommand type=deleteBlocksCommand with id=1571377666567 timed out. Retrying.
2019-10-18 05:47:50,567 [pool-7-thread-2] INFO  commands.RetriableDatanodeEventWatcher (RetriableDatanodeEventWatcher.java:onTimeout(47)) - RetriableDatanodeCommand type=deleteBlocksCommand with id=1571377666564 timed out. Retrying.
2019-10-18 05:47:50,567 [pool-7-thread-3] INFO  commands.RetriableDatanodeEventWatcher (RetriableDatanodeEventWatcher.java:onTimeout(47)) - RetriableDatanodeCommand type=deleteBlocksCommand with id=1571377666563 timed out. Retrying.
2019-10-18 05:47:50,567 [pool-7-thread-1] INFO  commands.RetriableDatanodeEventWatcher (RetriableDatanodeEventWatcher.java:onTimeout(47)) - RetriableDatanodeCommand type=deleteBlocksCommand with id=1571377666566 timed out. Retrying.
2019-10-18 05:47:50,567 [pool-7-thread-5] INFO  commands.RetriableDatanodeEventWatcher (RetriableDatanodeEventWatcher.java:onTimeout(47)) - RetriableDatanodeCommand type=deleteBlocksCommand with id=1571377666569 timed out. Retrying.
2019-10-18 05:47:50,569 [pool-7-thread-5] INFO  commands.RetriableDatanodeEventWatcher (RetriableDatanodeEventWatcher.java:onTimeout(47)) - RetriableDatanodeCommand type=deleteBlocksCommand with id=1571377666568 timed out. Retrying.
2019-10-18 05:47:50,570 [pool-7-thread-1] INFO  commands.RetriableDatanodeEventWatcher (RetriableDatanodeEventWatcher.java:onTimeout(47)) - RetriableDatanodeCommand type=deleteBlocksCommand with id=1571377666570 timed out. Retrying.
2019-10-18 05:47:50,570 [SCMBlockDeletingService#0] INFO  block.SCMBlockDeletingService (SCMBlockDeletingService.java:call(184)) - Totally added 2 delete blocks command for 2 datanodes, task elapsed time: 0ms
2019-10-18 05:47:50,570 [pool-7-thread-5] INFO  commands.RetriableDatanodeEventWatcher (RetriableDatanodeEventWatcher.java:onTimeout(47)) - RetriableDatanodeCommand type=deleteBlocksCommand with id=1571377666571 timed out. Retrying.
2019-10-18 05:47:50,593 [Thread-615] INFO  impl.FollowerState (FollowerState.java:run(108)) - 291b4074-36ef-4604-afea-a446d5bcf194@group-397DB682EABB-FollowerState: change to CANDIDATE, lastRpcTime:65ms, electionTimeout:65ms
2019-10-18 05:47:50,593 [Thread-615] INFO  impl.RoleInfo (RoleInfo.java:shutdownFollowerState(121)) - 291b4074-36ef-4604-afea-a446d5bcf194: shutdown FollowerState
2019-10-18 05:47:50,593 [Thread-615] INFO  impl.RaftServerImpl (RaftServerImpl.java:setRole(184)) - 291b4074-36ef-4604-afea-a446d5bcf194@group-397DB682EABB: changes role from  FOLLOWER to CANDIDATE at term 10 for changeToCandidate
2019-10-18 05:47:50,593 [Thread-615] INFO  impl.RoleInfo (RoleInfo.java:updateAndGet(143)) - 291b4074-36ef-4604-afea-a446d5bcf194: start LeaderElection
2019-10-18 05:47:50,619 [291b4074-36ef-4604-afea-a446d5bcf194@group-397DB682EABB-LeaderElection13] INFO  impl.LeaderElection (LeaderElection.java:askForVotes(178)) - 291b4074-36ef-4604-afea-a446d5bcf194@group-397DB682EABB-LeaderElection13: begin an election at term 11 for 0: [291b4074-36ef-4604-afea-a446d5bcf194:192.168.34.6:34859, e47f3d18-6550-4f27-a4cc-ce34c6c87b58:192.168.34.6:35257, 58c4827f-663e-41e6-a95a-5c02fdca8528:192.168.34.6:39496], old=null
2019-10-18 05:47:50,623 [grpc-default-executor-6] INFO  impl.RaftServerImpl (RaftServerImpl.java:setRole(184)) - e47f3d18-6550-4f27-a4cc-ce34c6c87b58@group-397DB682EABB: changes role from  FOLLOWER to FOLLOWER at term 11 for recognizeCandidate:291b4074-36ef-4604-afea-a446d5bcf194
2019-10-18 05:47:50,624 [grpc-default-executor-1] INFO  impl.RaftServerImpl (RaftServerImpl.java:setRole(184)) - 58c4827f-663e-41e6-a95a-5c02fdca8528@group-397DB682EABB: changes role from  FOLLOWER to FOLLOWER at term 11 for recognizeCandidate:291b4074-36ef-4604-afea-a446d5bcf194
2019-10-18 05:47:50,624 [grpc-default-executor-6] INFO  impl.RoleInfo (RoleInfo.java:shutdownFollowerState(121)) - e47f3d18-6550-4f27-a4cc-ce34c6c87b58: shutdown FollowerState
2019-10-18 05:47:50,624 [grpc-default-executor-1] INFO  impl.RoleInfo (RoleInfo.java:shutdownFollowerState(121)) - 58c4827f-663e-41e6-a95a-5c02fdca8528: shutdown FollowerState
2019-10-18 05:47:50,624 [grpc-default-executor-6] INFO  impl.RoleInfo (RoleInfo.java:updateAndGet(143)) - e47f3d18-6550-4f27-a4cc-ce34c6c87b58: start FollowerState
2019-10-18 05:47:50,624 [Thread-612] INFO  impl.FollowerState (FollowerState.java:run(117)) - e47f3d18-6550-4f27-a4cc-ce34c6c87b58@group-397DB682EABB-FollowerState was interrupted: java.lang.InterruptedException: sleep interrupted
2019-10-18 05:47:50,624 [Thread-613] INFO  impl.FollowerState (FollowerState.java:run(117)) - 58c4827f-663e-41e6-a95a-5c02fdca8528@group-397DB682EABB-FollowerState was interrupted: java.lang.InterruptedException: sleep interrupted
2019-10-18 05:47:50,624 [grpc-default-executor-1] INFO  impl.RoleInfo (RoleInfo.java:updateAndGet(143)) - 58c4827f-663e-41e6-a95a-5c02fdca8528: start FollowerState
2019-10-18 05:47:50,631 [291b4074-36ef-4604-afea-a446d5bcf194@group-397DB682EABB-LeaderElection13] INFO  impl.LeaderElection (LeaderElection.java:logAndReturn(56)) - 291b4074-36ef-4604-afea-a446d5bcf194@group-397DB682EABB-LeaderElection13: Election TIMEOUT; received 0 response(s) [] and 0 exception(s); 291b4074-36ef-4604-afea-a446d5bcf194@group-397DB682EABB:t11, leader=null, voted=291b4074-36ef-4604-afea-a446d5bcf194, raftlog=291b4074-36ef-4604-afea-a446d5bcf194@group-397DB682EABB-SegmentedRaftLog:OPENED:c3,f4,i4, conf=0: [291b4074-36ef-4604-afea-a446d5bcf194:192.168.34.6:34859, e47f3d18-6550-4f27-a4cc-ce34c6c87b58:192.168.34.6:35257, 58c4827f-663e-41e6-a95a-5c02fdca8528:192.168.34.6:39496], old=null
2019-10-18 05:47:50,649 [291b4074-36ef-4604-afea-a446d5bcf194@group-397DB682EABB-LeaderElection13] INFO  impl.LeaderElection (LeaderElection.java:askForVotes(178)) - 291b4074-36ef-4604-afea-a446d5bcf194@group-397DB682EABB-LeaderElection13: begin an election at term 12 for 0: [291b4074-36ef-4604-afea-a446d5bcf194:192.168.34.6:34859, e47f3d18-6550-4f27-a4cc-ce34c6c87b58:192.168.34.6:35257, 58c4827f-663e-41e6-a95a-5c02fdca8528:192.168.34.6:39496], old=null
2019-10-18 05:47:50,654 [java.util.concurrent.ThreadPoolExecutor$Worker@5716808[State = -1, empty queue]] WARN  server.GrpcLogAppender (GrpcLogAppender.java:timeoutAppendRequest(209)) - 58c4827f-663e-41e6-a95a-5c02fdca8528@group-397DB682EABB->291b4074-36ef-4604-afea-a446d5bcf194-GrpcLogAppender: appendEntries Timeout, request=58c4827f-663e-41e6-a95a-5c02fdca8528->291b4074-36ef-4604-afea-a446d5bcf194#51-t4, previous=(t:4, i:10), leaderCommit=10, initializing? false, entries: <empty>
2019-10-18 05:47:50,654 [grpc-default-executor-1] INFO  impl.RaftServerImpl (RaftServerImpl.java:setRole(184)) - 58c4827f-663e-41e6-a95a-5c02fdca8528@group-397DB682EABB: changes role from  FOLLOWER to FOLLOWER at term 12 for recognizeCandidate:291b4074-36ef-4604-afea-a446d5bcf194
2019-10-18 05:47:50,655 [grpc-default-executor-6] INFO  impl.RaftServerImpl (RaftServerImpl.java:setRole(184)) - e47f3d18-6550-4f27-a4cc-ce34c6c87b58@group-397DB682EABB: changes role from  FOLLOWER to FOLLOWER at term 12 for recognizeCandidate:291b4074-36ef-4604-afea-a446d5bcf194
2019-10-18 05:47:50,655 [grpc-default-executor-1] INFO  impl.RoleInfo (RoleInfo.java:shutdownFollowerState(121)) - 58c4827f-663e-41e6-a95a-5c02fdca8528: shutdown FollowerState
2019-10-18 05:47:50,655 [grpc-default-executor-6] INFO  impl.RoleInfo (RoleInfo.java:shutdownFollowerState(121)) - e47f3d18-6550-4f27-a4cc-ce34c6c87b58: shutdown FollowerState
2019-10-18 05:47:50,655 [Thread-620] INFO  impl.FollowerState (FollowerState.java:run(117)) - 58c4827f-663e-41e6-a95a-5c02fdca8528@group-397DB682EABB-FollowerState was interrupted: java.lang.InterruptedException: sleep interrupted
2019-10-18 05:47:50,655 [grpc-default-executor-1] INFO  impl.RoleInfo (RoleInfo.java:updateAndGet(143)) - 58c4827f-663e-41e6-a95a-5c02fdca8528: start FollowerState
2019-10-18 05:47:50,655 [Thread-619] INFO  impl.FollowerState (FollowerState.java:run(117)) - e47f3d18-6550-4f27-a4cc-ce34c6c87b58@group-397DB682EABB-FollowerState was interrupted: java.lang.InterruptedException: sleep interrupted
2019-10-18 05:47:50,655 [grpc-default-executor-6] INFO  impl.RoleInfo (RoleInfo.java:updateAndGet(143)) - e47f3d18-6550-4f27-a4cc-ce34c6c87b58: start FollowerState
2019-10-18 05:47:50,682 [291b4074-36ef-4604-afea-a446d5bcf194@group-397DB682EABB-LeaderElection13] INFO  impl.LeaderElection (LeaderElection.java:logAndReturn(56)) - 291b4074-36ef-4604-afea-a446d5bcf194@group-397DB682EABB-LeaderElection13: Election REJECTED; received 2 response(s) [291b4074-36ef-4604-afea-a446d5bcf194<-e47f3d18-6550-4f27-a4cc-ce34c6c87b58#0:FAIL-t12, 291b4074-36ef-4604-afea-a446d5bcf194<-58c4827f-663e-41e6-a95a-5c02fdca8528#0:FAIL-t12] and 0 exception(s); 291b4074-36ef-4604-afea-a446d5bcf194@group-397DB682EABB:t12, leader=null, voted=291b4074-36ef-4604-afea-a446d5bcf194, raftlog=291b4074-36ef-4604-afea-a446d5bcf194@group-397DB682EABB-SegmentedRaftLog:OPENED:c3,f4,i4, conf=0: [291b4074-36ef-4604-afea-a446d5bcf194:192.168.34.6:34859, e47f3d18-6550-4f27-a4cc-ce34c6c87b58:192.168.34.6:35257, 58c4827f-663e-41e6-a95a-5c02fdca8528:192.168.34.6:39496], old=null
2019-10-18 05:47:50,682 [291b4074-36ef-4604-afea-a446d5bcf194@group-397DB682EABB-LeaderElection13] INFO  impl.RaftServerImpl (RaftServerImpl.java:setRole(184)) - 291b4074-36ef-4604-afea-a446d5bcf194@group-397DB682EABB: changes role from CANDIDATE to FOLLOWER at term 12 for DISCOVERED_A_NEW_TERM
2019-10-18 05:47:50,682 [291b4074-36ef-4604-afea-a446d5bcf194@group-397DB682EABB-LeaderElection13] INFO  impl.RoleInfo (RoleInfo.java:shutdownLeaderElection(134)) - 291b4074-36ef-4604-afea-a446d5bcf194: shutdown LeaderElection
2019-10-18 05:47:50,682 [291b4074-36ef-4604-afea-a446d5bcf194@group-397DB682EABB-LeaderElection13] INFO  impl.RoleInfo (RoleInfo.java:updateAndGet(143)) - 291b4074-36ef-4604-afea-a446d5bcf194: start FollowerState
2019-10-18 05:47:50,767 [Thread-627] INFO  client.GrpcClientProtocolService (GrpcClientProtocolService.java:lambda$processClientRequest$0(278)) - Failed RaftClientRequest:client-15CC5DA066CF->291b4074-36ef-4604-afea-a446d5bcf194@group-397DB682EABB, cid=10, seq=0, Watch-ALL_COMMITTED(6), Message:<EMPTY>, reply=RaftClientReply:client-15CC5DA066CF->291b4074-36ef-4604-afea-a446d5bcf194@group-397DB682EABB, cid=10, FAILED org.apache.ratis.protocol.NotLeaderException: Server 291b4074-36ef-4604-afea-a446d5bcf194@group-397DB682EABB is not the leader, logIndex=0, commits[291b4074-36ef-4604-afea-a446d5bcf194:c3]
2019-10-18 05:47:50,825 [Thread-625] INFO  impl.FollowerState (FollowerState.java:run(108)) - 291b4074-36ef-4604-afea-a446d5bcf194@group-397DB682EABB-FollowerState: change to CANDIDATE, lastRpcTime:143ms, electionTimeout:143ms
2019-10-18 05:47:50,826 [Thread-625] INFO  impl.RoleInfo (RoleInfo.java:shutdownFollowerState(121)) - 291b4074-36ef-4604-afea-a446d5bcf194: shutdown FollowerState
2019-10-18 05:47:50,826 [Thread-625] INFO  impl.RaftServerImpl (RaftServerImpl.java:setRole(184)) - 291b4074-36ef-4604-afea-a446d5bcf194@group-397DB682EABB: changes role from  FOLLOWER to CANDIDATE at term 12 for changeToCandidate
2019-10-18 05:47:50,826 [Thread-625] INFO  impl.RoleInfo (RoleInfo.java:updateAndGet(143)) - 291b4074-36ef-4604-afea-a446d5bcf194: start LeaderElection
2019-10-18 05:47:50,863 [291b4074-36ef-4604-afea-a446d5bcf194@group-397DB682EABB-LeaderElection14] INFO  impl.LeaderElection (LeaderElection.java:askForVotes(178)) - 291b4074-36ef-4604-afea-a446d5bcf194@group-397DB682EABB-LeaderElection14: begin an election at term 13 for 0: [291b4074-36ef-4604-afea-a446d5bcf194:192.168.34.6:34859, e47f3d18-6550-4f27-a4cc-ce34c6c87b58:192.168.34.6:35257, 58c4827f-663e-41e6-a95a-5c02fdca8528:192.168.34.6:39496], old=null
2019-10-18 05:47:50,869 [grpc-default-executor-1] INFO  impl.RaftServerImpl (RaftServerImpl.java:setRole(184)) - e47f3d18-6550-4f27-a4cc-ce34c6c87b58@group-397DB682EABB: changes role from  FOLLOWER to FOLLOWER at term 13 for recognizeCandidate:291b4074-36ef-4604-afea-a446d5bcf194
2019-10-18 05:47:50,869 [grpc-default-executor-6] INFO  impl.RaftServerImpl (RaftServerImpl.java:setRole(184)) - 58c4827f-663e-41e6-a95a-5c02fdca8528@group-397DB682EABB: changes role from  FOLLOWER to FOLLOWER at term 13 for recognizeCandidate:291b4074-36ef-4604-afea-a446d5bcf194
2019-10-18 05:47:50,869 [grpc-default-executor-1] INFO  impl.RoleInfo (RoleInfo.java:shutdownFollowerState(121)) - e47f3d18-6550-4f27-a4cc-ce34c6c87b58: shutdown FollowerState
2019-10-18 05:47:50,869 [grpc-default-executor-6] INFO  impl.RoleInfo (RoleInfo.java:shutdownFollowerState(121)) - 58c4827f-663e-41e6-a95a-5c02fdca8528: shutdown FollowerState
2019-10-18 05:47:50,870 [Thread-624] INFO  impl.FollowerState (FollowerState.java:run(117)) - e47f3d18-6550-4f27-a4cc-ce34c6c87b58@group-397DB682EABB-FollowerState was interrupted: java.lang.InterruptedException: sleep interrupted
2019-10-18 05:47:50,870 [grpc-default-executor-1] INFO  impl.RoleInfo (RoleInfo.java:updateAndGet(143)) - e47f3d18-6550-4f27-a4cc-ce34c6c87b58: start FollowerState
2019-10-18 05:47:50,870 [grpc-default-executor-6] INFO  impl.RoleInfo (RoleInfo.java:updateAndGet(143)) - 58c4827f-663e-41e6-a95a-5c02fdca8528: start FollowerState
2019-10-18 05:47:50,870 [Thread-623] INFO  impl.FollowerState (FollowerState.java:run(117)) - 58c4827f-663e-41e6-a95a-5c02fdca8528@group-397DB682EABB-FollowerState was interrupted: java.lang.InterruptedException: sleep interrupted
2019-10-18 05:47:50,898 [291b4074-36ef-4604-afea-a446d5bcf194@group-397DB682EABB-LeaderElection14] INFO  impl.LeaderElection (LeaderElection.java:logAndReturn(56)) - 291b4074-36ef-4604-afea-a446d5bcf194@group-397DB682EABB-LeaderElection14: Election REJECTED; received 2 response(s) [291b4074-36ef-4604-afea-a446d5bcf194<-e47f3d18-6550-4f27-a4cc-ce34c6c87b58#0:FAIL-t13, 291b4074-36ef-4604-afea-a446d5bcf194<-58c4827f-663e-41e6-a95a-5c02fdca8528#0:FAIL-t13] and 0 exception(s); 291b4074-36ef-4604-afea-a446d5bcf194@group-397DB682EABB:t13, leader=null, voted=291b4074-36ef-4604-afea-a446d5bcf194, raftlog=291b4074-36ef-4604-afea-a446d5bcf194@group-397DB682EABB-SegmentedRaftLog:OPENED:c3,f4,i4, conf=0: [291b4074-36ef-4604-afea-a446d5bcf194:192.168.34.6:34859, e47f3d18-6550-4f27-a4cc-ce34c6c87b58:192.168.34.6:35257, 58c4827f-663e-41e6-a95a-5c02fdca8528:192.168.34.6:39496], old=null
2019-10-18 05:47:50,898 [291b4074-36ef-4604-afea-a446d5bcf194@group-397DB682EABB-LeaderElection14] INFO  impl.RaftServerImpl (RaftServerImpl.java:setRole(184)) - 291b4074-36ef-4604-afea-a446d5bcf194@group-397DB682EABB: changes role from CANDIDATE to FOLLOWER at term 13 for DISCOVERED_A_NEW_TERM
2019-10-18 05:47:50,898 [291b4074-36ef-4604-afea-a446d5bcf194@group-397DB682EABB-LeaderElection14] INFO  impl.RoleInfo (RoleInfo.java:shutdownLeaderElection(134)) - 291b4074-36ef-4604-afea-a446d5bcf194: shutdown LeaderElection
2019-10-18 05:47:50,899 [291b4074-36ef-4604-afea-a446d5bcf194@group-397DB682EABB-LeaderElection14] INFO  impl.RoleInfo (RoleInfo.java:updateAndGet(143)) - 291b4074-36ef-4604-afea-a446d5bcf194: start FollowerState
2019-10-18 05:47:50,963 [Thread-634] INFO  impl.FollowerState (FollowerState.java:run(108)) - 291b4074-36ef-4604-afea-a446d5bcf194@group-397DB682EABB-FollowerState: change to CANDIDATE, lastRpcTime:64ms, electionTimeout:64ms
2019-10-18 05:47:50,964 [Thread-634] INFO  impl.RoleInfo (RoleInfo.java:shutdownFollowerState(121)) - 291b4074-36ef-4604-afea-a446d5bcf194: shutdown FollowerState
2019-10-18 05:47:50,965 [Thread-634] INFO  impl.RaftServerImpl (RaftServerImpl.java:setRole(184)) - 291b4074-36ef-4604-afea-a446d5bcf194@group-397DB682EABB: changes role from  FOLLOWER to CANDIDATE at term 13 for changeToCandidate
2019-10-18 05:47:50,965 [Thread-634] INFO  impl.RoleInfo (RoleInfo.java:updateAndGet(143)) - 291b4074-36ef-4604-afea-a446d5bcf194: start LeaderElection
2019-10-18 05:47:50,984 [BlockDeletingService#3] WARN  background.BlockDeletingService (BlockDeletingService.java:isDeletionAllowed(187)) - Close Container log Index 6 is not replicated across allthe servers in the pipeline e751b4d9-2be2-4ced-b2ee-397db682eabb as the min replicated index is 4. Deletion is not allowed in this container yet.
2019-10-18 05:47:50,985 [BlockDeletingService#2] WARN  background.BlockDeletingService (BlockDeletingService.java:isDeletionAllowed(187)) - Close Container log Index 6 is not replicated across allthe servers in the pipeline e751b4d9-2be2-4ced-b2ee-397db682eabb as the min replicated index is 4. Deletion is not allowed in this container yet.
2019-10-18 05:47:50,989 [291b4074-36ef-4604-afea-a446d5bcf194@group-397DB682EABB-LeaderElection15] INFO  impl.LeaderElection (LeaderElection.java:askForVotes(178)) - 291b4074-36ef-4604-afea-a446d5bcf194@group-397DB682EABB-LeaderElection15: begin an election at term 14 for 0: [291b4074-36ef-4604-afea-a446d5bcf194:192.168.34.6:34859, e47f3d18-6550-4f27-a4cc-ce34c6c87b58:192.168.34.6:35257, 58c4827f-663e-41e6-a95a-5c02fdca8528:192.168.34.6:39496], old=null
2019-10-18 05:47:50,992 [grpc-default-executor-1] INFO  impl.RaftServerImpl (RaftServerImpl.java:setRole(184)) - e47f3d18-6550-4f27-a4cc-ce34c6c87b58@group-397DB682EABB: changes role from  FOLLOWER to FOLLOWER at term 14 for recognizeCandidate:291b4074-36ef-4604-afea-a446d5bcf194
2019-10-18 05:47:50,993 [grpc-default-executor-6] INFO  impl.RaftServerImpl (RaftServerImpl.java:setRole(184)) - 58c4827f-663e-41e6-a95a-5c02fdca8528@group-397DB682EABB: changes role from  FOLLOWER to FOLLOWER at term 14 for recognizeCandidate:291b4074-36ef-4604-afea-a446d5bcf194
2019-10-18 05:47:50,993 [grpc-default-executor-1] INFO  impl.RoleInfo (RoleInfo.java:shutdownFollowerState(121)) - e47f3d18-6550-4f27-a4cc-ce34c6c87b58: shutdown FollowerState
2019-10-18 05:47:50,993 [grpc-default-executor-6] INFO  impl.RoleInfo (RoleInfo.java:shutdownFollowerState(121)) - 58c4827f-663e-41e6-a95a-5c02fdca8528: shutdown FollowerState
2019-10-18 05:47:50,993 [Thread-632] INFO  impl.FollowerState (FollowerState.java:run(117)) - e47f3d18-6550-4f27-a4cc-ce34c6c87b58@group-397DB682EABB-FollowerState was interrupted: java.lang.InterruptedException: sleep interrupted
2019-10-18 05:47:50,993 [grpc-default-executor-1] INFO  impl.RoleInfo (RoleInfo.java:updateAndGet(143)) - e47f3d18-6550-4f27-a4cc-ce34c6c87b58: start FollowerState
2019-10-18 05:47:50,993 [Thread-633] INFO  impl.FollowerState (FollowerState.java:run(117)) - 58c4827f-663e-41e6-a95a-5c02fdca8528@group-397DB682EABB-FollowerState was interrupted: java.lang.InterruptedException: sleep interrupted
2019-10-18 05:47:50,993 [grpc-default-executor-6] INFO  impl.RoleInfo (RoleInfo.java:updateAndGet(143)) - 58c4827f-663e-41e6-a95a-5c02fdca8528: start FollowerState
2019-10-18 05:47:51,024 [291b4074-36ef-4604-afea-a446d5bcf194@group-397DB682EABB-LeaderElection15] INFO  impl.LeaderElection (LeaderElection.java:logAndReturn(56)) - 291b4074-36ef-4604-afea-a446d5bcf194@group-397DB682EABB-LeaderElection15: Election REJECTED; received 2 response(s) [291b4074-36ef-4604-afea-a446d5bcf194<-e47f3d18-6550-4f27-a4cc-ce34c6c87b58#0:FAIL-t14, 291b4074-36ef-4604-afea-a446d5bcf194<-58c4827f-663e-41e6-a95a-5c02fdca8528#0:FAIL-t14] and 0 exception(s); 291b4074-36ef-4604-afea-a446d5bcf194@group-397DB682EABB:t14, leader=null, voted=291b4074-36ef-4604-afea-a446d5bcf194, raftlog=291b4074-36ef-4604-afea-a446d5bcf194@group-397DB682EABB-SegmentedRaftLog:OPENED:c3,f4,i4, conf=0: [291b4074-36ef-4604-afea-a446d5bcf194:192.168.34.6:34859, e47f3d18-6550-4f27-a4cc-ce34c6c87b58:192.168.34.6:35257, 58c4827f-663e-41e6-a95a-5c02fdca8528:192.168.34.6:39496], old=null
2019-10-18 05:47:51,024 [291b4074-36ef-4604-afea-a446d5bcf194@group-397DB682EABB-LeaderElection15] INFO  impl.RaftServerImpl (RaftServerImpl.java:setRole(184)) - 291b4074-36ef-4604-afea-a446d5bcf194@group-397DB682EABB: changes role from CANDIDATE to FOLLOWER at term 14 for DISCOVERED_A_NEW_TERM
2019-10-18 05:47:51,024 [291b4074-36ef-4604-afea-a446d5bcf194@group-397DB682EABB-LeaderElection15] INFO  impl.RoleInfo (RoleInfo.java:shutdownLeaderElection(134)) - 291b4074-36ef-4604-afea-a446d5bcf194: shutdown LeaderElection
2019-10-18 05:47:51,024 [291b4074-36ef-4604-afea-a446d5bcf194@group-397DB682EABB-LeaderElection15] INFO  impl.RoleInfo (RoleInfo.java:updateAndGet(143)) - 291b4074-36ef-4604-afea-a446d5bcf194: start FollowerState
2019-10-18 05:47:51,188 [Thread-642] INFO  impl.FollowerState (FollowerState.java:run(108)) - 291b4074-36ef-4604-afea-a446d5bcf194@group-397DB682EABB-FollowerState: change to CANDIDATE, lastRpcTime:164ms, electionTimeout:164ms
2019-10-18 05:47:51,190 [Thread-642] INFO  impl.RoleInfo (RoleInfo.java:shutdownFollowerState(121)) - 291b4074-36ef-4604-afea-a446d5bcf194: shutdown FollowerState
2019-10-18 05:47:51,190 [Thread-642] INFO  impl.RaftServerImpl (RaftServerImpl.java:setRole(184)) - 291b4074-36ef-4604-afea-a446d5bcf194@group-397DB682EABB: changes role from  FOLLOWER to CANDIDATE at term 14 for changeToCandidate
2019-10-18 05:47:51,191 [Thread-642] INFO  impl.RoleInfo (RoleInfo.java:updateAndGet(143)) - 291b4074-36ef-4604-afea-a446d5bcf194: start LeaderElection
2019-10-18 05:47:51,223 [291b4074-36ef-4604-afea-a446d5bcf194@group-397DB682EABB-LeaderElection16] INFO  impl.LeaderElection (LeaderElection.java:askForVotes(178)) - 291b4074-36ef-4604-afea-a446d5bcf194@group-397DB682EABB-LeaderElection16: begin an election at term 15 for 0: [291b4074-36ef-4604-afea-a446d5bcf194:192.168.34.6:34859, e47f3d18-6550-4f27-a4cc-ce34c6c87b58:192.168.34.6:35257, 58c4827f-663e-41e6-a95a-5c02fdca8528:192.168.34.6:39496], old=null
2019-10-18 05:47:51,227 [grpc-default-executor-1] INFO  impl.RaftServerImpl (RaftServerImpl.java:setRole(184)) - e47f3d18-6550-4f27-a4cc-ce34c6c87b58@group-397DB682EABB: changes role from  FOLLOWER to FOLLOWER at term 15 for recognizeCandidate:291b4074-36ef-4604-afea-a446d5bcf194
2019-10-18 05:47:51,227 [grpc-default-executor-6] INFO  impl.RaftServerImpl (RaftServerImpl.java:setRole(184)) - 58c4827f-663e-41e6-a95a-5c02fdca8528@group-397DB682EABB: changes role from  FOLLOWER to FOLLOWER at term 15 for recognizeCandidate:291b4074-36ef-4604-afea-a446d5bcf194
2019-10-18 05:47:51,227 [grpc-default-executor-1] INFO  impl.RoleInfo (RoleInfo.java:shutdownFollowerState(121)) - e47f3d18-6550-4f27-a4cc-ce34c6c87b58: shutdown FollowerState
2019-10-18 05:47:51,227 [grpc-default-executor-6] INFO  impl.RoleInfo (RoleInfo.java:shutdownFollowerState(121)) - 58c4827f-663e-41e6-a95a-5c02fdca8528: shutdown FollowerState
2019-10-18 05:47:51,227 [Thread-640] INFO  impl.FollowerState (FollowerState.java:run(117)) - e47f3d18-6550-4f27-a4cc-ce34c6c87b58@group-397DB682EABB-FollowerState was interrupted: java.lang.InterruptedException: sleep interrupted
2019-10-18 05:47:51,227 [Thread-641] INFO  impl.FollowerState (FollowerState.java:run(117)) - 58c4827f-663e-41e6-a95a-5c02fdca8528@group-397DB682EABB-FollowerState was interrupted: java.lang.InterruptedException: sleep interrupted
2019-10-18 05:47:51,227 [grpc-default-executor-1] INFO  impl.RoleInfo (RoleInfo.java:updateAndGet(143)) - e47f3d18-6550-4f27-a4cc-ce34c6c87b58: start FollowerState
2019-10-18 05:47:51,227 [grpc-default-executor-6] INFO  impl.RoleInfo (RoleInfo.java:updateAndGet(143)) - 58c4827f-663e-41e6-a95a-5c02fdca8528: start FollowerState
2019-10-18 05:47:51,251 [291b4074-36ef-4604-afea-a446d5bcf194@group-397DB682EABB-LeaderElection16] INFO  impl.LeaderElection (LeaderElection.java:logAndReturn(56)) - 291b4074-36ef-4604-afea-a446d5bcf194@group-397DB682EABB-LeaderElection16: Election REJECTED; received 2 response(s) [291b4074-36ef-4604-afea-a446d5bcf194<-e47f3d18-6550-4f27-a4cc-ce34c6c87b58#0:FAIL-t15, 291b4074-36ef-4604-afea-a446d5bcf194<-58c4827f-663e-41e6-a95a-5c02fdca8528#0:FAIL-t15] and 0 exception(s); 291b4074-36ef-4604-afea-a446d5bcf194@group-397DB682EABB:t15, leader=null, voted=291b4074-36ef-4604-afea-a446d5bcf194, raftlog=291b4074-36ef-4604-afea-a446d5bcf194@group-397DB682EABB-SegmentedRaftLog:OPENED:c3,f4,i4, conf=0: [291b4074-36ef-4604-afea-a446d5bcf194:192.168.34.6:34859, e47f3d18-6550-4f27-a4cc-ce34c6c87b58:192.168.34.6:35257, 58c4827f-663e-41e6-a95a-5c02fdca8528:192.168.34.6:39496], old=null
2019-10-18 05:47:51,251 [291b4074-36ef-4604-afea-a446d5bcf194@group-397DB682EABB-LeaderElection16] INFO  impl.RaftServerImpl (RaftServerImpl.java:setRole(184)) - 291b4074-36ef-4604-afea-a446d5bcf194@group-397DB682EABB: changes role from CANDIDATE to FOLLOWER at term 15 for DISCOVERED_A_NEW_TERM
2019-10-18 05:47:51,251 [291b4074-36ef-4604-afea-a446d5bcf194@group-397DB682EABB-LeaderElection16] INFO  impl.RoleInfo (RoleInfo.java:shutdownLeaderElection(134)) - 291b4074-36ef-4604-afea-a446d5bcf194: shutdown LeaderElection
2019-10-18 05:47:51,251 [291b4074-36ef-4604-afea-a446d5bcf194@group-397DB682EABB-LeaderElection16] INFO  impl.RoleInfo (RoleInfo.java:updateAndGet(143)) - 291b4074-36ef-4604-afea-a446d5bcf194: start FollowerState
2019-10-18 05:47:51,262 [Thread-648] INFO  impl.FollowerState (FollowerState.java:run(108)) - 291b4074-36ef-4604-afea-a446d5bcf194@group-397DB682EABB-FollowerState: change to CANDIDATE, lastRpcTime:10ms, electionTimeout:10ms
2019-10-18 05:47:51,266 [Thread-648] INFO  impl.RoleInfo (RoleInfo.java:shutdownFollowerState(121)) - 291b4074-36ef-4604-afea-a446d5bcf194: shutdown FollowerState
2019-10-18 05:47:51,267 [Thread-648] INFO  impl.RaftServerImpl (RaftServerImpl.java:setRole(184)) - 291b4074-36ef-4604-afea-a446d5bcf194@group-397DB682EABB: changes role from  FOLLOWER to CANDIDATE at term 15 for changeToCandidate
2019-10-18 05:47:51,267 [Thread-648] INFO  impl.RoleInfo (RoleInfo.java:updateAndGet(143)) - 291b4074-36ef-4604-afea-a446d5bcf194: start LeaderElection
2019-10-18 05:47:51,292 [291b4074-36ef-4604-afea-a446d5bcf194@group-397DB682EABB-LeaderElection17] INFO  impl.LeaderElection (LeaderElection.java:askForVotes(178)) - 291b4074-36ef-4604-afea-a446d5bcf194@group-397DB682EABB-LeaderElection17: begin an election at term 16 for 0: [291b4074-36ef-4604-afea-a446d5bcf194:192.168.34.6:34859, e47f3d18-6550-4f27-a4cc-ce34c6c87b58:192.168.34.6:35257, 58c4827f-663e-41e6-a95a-5c02fdca8528:192.168.34.6:39496], old=null
2019-10-18 05:47:51,297 [grpc-default-executor-1] INFO  impl.RaftServerImpl (RaftServerImpl.java:setRole(184)) - 58c4827f-663e-41e6-a95a-5c02fdca8528@group-397DB682EABB: changes role from  FOLLOWER to FOLLOWER at term 16 for recognizeCandidate:291b4074-36ef-4604-afea-a446d5bcf194
2019-10-18 05:47:51,297 [grpc-default-executor-6] INFO  impl.RaftServerImpl (RaftServerImpl.java:setRole(184)) - e47f3d18-6550-4f27-a4cc-ce34c6c87b58@group-397DB682EABB: changes role from  FOLLOWER to FOLLOWER at term 16 for recognizeCandidate:291b4074-36ef-4604-afea-a446d5bcf194
2019-10-18 05:47:51,297 [grpc-default-executor-1] INFO  impl.RoleInfo (RoleInfo.java:shutdownFollowerState(121)) - 58c4827f-663e-41e6-a95a-5c02fdca8528: shutdown FollowerState
2019-10-18 05:47:51,297 [grpc-default-executor-6] INFO  impl.RoleInfo (RoleInfo.java:shutdownFollowerState(121)) - e47f3d18-6550-4f27-a4cc-ce34c6c87b58: shutdown FollowerState
2019-10-18 05:47:51,297 [Thread-647] INFO  impl.FollowerState (FollowerState.java:run(117)) - 58c4827f-663e-41e6-a95a-5c02fdca8528@group-397DB682EABB-FollowerState was interrupted: java.lang.InterruptedException: sleep interrupted
2019-10-18 05:47:51,297 [grpc-default-executor-1] INFO  impl.RoleInfo (RoleInfo.java:updateAndGet(143)) - 58c4827f-663e-41e6-a95a-5c02fdca8528: start FollowerState
2019-10-18 05:47:51,297 [Thread-646] INFO  impl.FollowerState (FollowerState.java:run(117)) - e47f3d18-6550-4f27-a4cc-ce34c6c87b58@group-397DB682EABB-FollowerState was interrupted: java.lang.InterruptedException: sleep interrupted
2019-10-18 05:47:51,297 [grpc-default-executor-6] INFO  impl.RoleInfo (RoleInfo.java:updateAndGet(143)) - e47f3d18-6550-4f27-a4cc-ce34c6c87b58: start FollowerState
2019-10-18 05:47:51,318 [291b4074-36ef-4604-afea-a446d5bcf194@group-397DB682EABB-LeaderElection17] INFO  impl.LeaderElection (LeaderElection.java:logAndReturn(56)) - 291b4074-36ef-4604-afea-a446d5bcf194@group-397DB682EABB-LeaderElection17: Election REJECTED; received 2 response(s) [291b4074-36ef-4604-afea-a446d5bcf194<-e47f3d18-6550-4f27-a4cc-ce34c6c87b58#0:FAIL-t16, 291b4074-36ef-4604-afea-a446d5bcf194<-58c4827f-663e-41e6-a95a-5c02fdca8528#0:FAIL-t16] and 0 exception(s); 291b4074-36ef-4604-afea-a446d5bcf194@group-397DB682EABB:t16, leader=null, voted=291b4074-36ef-4604-afea-a446d5bcf194, raftlog=291b4074-36ef-4604-afea-a446d5bcf194@group-397DB682EABB-SegmentedRaftLog:OPENED:c3,f4,i4, conf=0: [291b4074-36ef-4604-afea-a446d5bcf194:192.168.34.6:34859, e47f3d18-6550-4f27-a4cc-ce34c6c87b58:192.168.34.6:35257, 58c4827f-663e-41e6-a95a-5c02fdca8528:192.168.34.6:39496], old=null
2019-10-18 05:47:51,319 [291b4074-36ef-4604-afea-a446d5bcf194@group-397DB682EABB-LeaderElection17] INFO  impl.RaftServerImpl (RaftServerImpl.java:setRole(184)) - 291b4074-36ef-4604-afea-a446d5bcf194@group-397DB682EABB: changes role from CANDIDATE to FOLLOWER at term 16 for DISCOVERED_A_NEW_TERM
2019-10-18 05:47:51,319 [291b4074-36ef-4604-afea-a446d5bcf194@group-397DB682EABB-LeaderElection17] INFO  impl.RoleInfo (RoleInfo.java:shutdownLeaderElection(134)) - 291b4074-36ef-4604-afea-a446d5bcf194: shutdown LeaderElection
2019-10-18 05:47:51,319 [291b4074-36ef-4604-afea-a446d5bcf194@group-397DB682EABB-LeaderElection17] INFO  impl.RoleInfo (RoleInfo.java:updateAndGet(143)) - 291b4074-36ef-4604-afea-a446d5bcf194: start FollowerState
2019-10-18 05:47:51,392 [EventQueue-PendingDeleteStatusForPendingDeleteHandler] INFO  block.SCMBlockDeletingService (SCMBlockDeletingService.java:handlePendingDeletes(115)) - Block deletion txnID mismatch in datanode 291b4074-36ef-4604-afea-a446d5bcf194 for containerID 1. Datanode delete txnID: 0, SCM txnID: 1
2019-10-18 05:47:51,481 [Thread-654] INFO  impl.FollowerState (FollowerState.java:run(108)) - 291b4074-36ef-4604-afea-a446d5bcf194@group-397DB682EABB-FollowerState: change to CANDIDATE, lastRpcTime:162ms, electionTimeout:162ms
2019-10-18 05:47:51,481 [Thread-654] INFO  impl.RoleInfo (RoleInfo.java:shutdownFollowerState(121)) - 291b4074-36ef-4604-afea-a446d5bcf194: shutdown FollowerState
2019-10-18 05:47:51,481 [Thread-654] INFO  impl.RaftServerImpl (RaftServerImpl.java:setRole(184)) - 291b4074-36ef-4604-afea-a446d5bcf194@group-397DB682EABB: changes role from  FOLLOWER to CANDIDATE at term 16 for changeToCandidate
2019-10-18 05:47:51,482 [Thread-654] INFO  impl.RoleInfo (RoleInfo.java:updateAndGet(143)) - 291b4074-36ef-4604-afea-a446d5bcf194: start LeaderElection
2019-10-18 05:47:51,509 [291b4074-36ef-4604-afea-a446d5bcf194@group-397DB682EABB-LeaderElection18] INFO  impl.LeaderElection (LeaderElection.java:askForVotes(178)) - 291b4074-36ef-4604-afea-a446d5bcf194@group-397DB682EABB-LeaderElection18: begin an election at term 17 for 0: [291b4074-36ef-4604-afea-a446d5bcf194:192.168.34.6:34859, e47f3d18-6550-4f27-a4cc-ce34c6c87b58:192.168.34.6:35257, 58c4827f-663e-41e6-a95a-5c02fdca8528:192.168.34.6:39496], old=null
2019-10-18 05:47:51,513 [grpc-default-executor-6] INFO  impl.RaftServerImpl (RaftServerImpl.java:setRole(184)) - e47f3d18-6550-4f27-a4cc-ce34c6c87b58@group-397DB682EABB: changes role from  FOLLOWER to FOLLOWER at term 17 for recognizeCandidate:291b4074-36ef-4604-afea-a446d5bcf194
2019-10-18 05:47:51,513 [grpc-default-executor-1] INFO  impl.RaftServerImpl (RaftServerImpl.java:setRole(184)) - 58c4827f-663e-41e6-a95a-5c02fdca8528@group-397DB682EABB: changes role from  FOLLOWER to FOLLOWER at term 17 for recognizeCandidate:291b4074-36ef-4604-afea-a446d5bcf194
2019-10-18 05:47:51,513 [grpc-default-executor-6] INFO  impl.RoleInfo (RoleInfo.java:shutdownFollowerState(121)) - e47f3d18-6550-4f27-a4cc-ce34c6c87b58: shutdown FollowerState
2019-10-18 05:47:51,513 [grpc-default-executor-1] INFO  impl.RoleInfo (RoleInfo.java:shutdownFollowerState(121)) - 58c4827f-663e-41e6-a95a-5c02fdca8528: shutdown FollowerState
2019-10-18 05:47:51,513 [grpc-default-executor-6] INFO  impl.RoleInfo (RoleInfo.java:updateAndGet(143)) - e47f3d18-6550-4f27-a4cc-ce34c6c87b58: start FollowerState
2019-10-18 05:47:51,513 [Thread-652] INFO  impl.FollowerState (FollowerState.java:run(117)) - 58c4827f-663e-41e6-a95a-5c02fdca8528@group-397DB682EABB-FollowerState was interrupted: java.lang.InterruptedException: sleep interrupted
2019-10-18 05:47:51,513 [Thread-653] INFO  impl.FollowerState (FollowerState.java:run(117)) - e47f3d18-6550-4f27-a4cc-ce34c6c87b58@group-397DB682EABB-FollowerState was interrupted: java.lang.InterruptedException: sleep interrupted
2019-10-18 05:47:51,513 [grpc-default-executor-1] INFO  impl.RoleInfo (RoleInfo.java:updateAndGet(143)) - 58c4827f-663e-41e6-a95a-5c02fdca8528: start FollowerState
2019-10-18 05:47:51,536 [291b4074-36ef-4604-afea-a446d5bcf194@group-397DB682EABB-LeaderElection18] INFO  impl.LeaderElection (LeaderElection.java:logAndReturn(56)) - 291b4074-36ef-4604-afea-a446d5bcf194@group-397DB682EABB-LeaderElection18: Election REJECTED; received 2 response(s) [291b4074-36ef-4604-afea-a446d5bcf194<-e47f3d18-6550-4f27-a4cc-ce34c6c87b58#0:FAIL-t17, 291b4074-36ef-4604-afea-a446d5bcf194<-58c4827f-663e-41e6-a95a-5c02fdca8528#0:FAIL-t17] and 0 exception(s); 291b4074-36ef-4604-afea-a446d5bcf194@group-397DB682EABB:t17, leader=null, voted=291b4074-36ef-4604-afea-a446d5bcf194, raftlog=291b4074-36ef-4604-afea-a446d5bcf194@group-397DB682EABB-SegmentedRaftLog:OPENED:c3,f4,i4, conf=0: [291b4074-36ef-4604-afea-a446d5bcf194:192.168.34.6:34859, e47f3d18-6550-4f27-a4cc-ce34c6c87b58:192.168.34.6:35257, 58c4827f-663e-41e6-a95a-5c02fdca8528:192.168.34.6:39496], old=null
2019-10-18 05:47:51,536 [291b4074-36ef-4604-afea-a446d5bcf194@group-397DB682EABB-LeaderElection18] INFO  impl.RaftServerImpl (RaftServerImpl.java:setRole(184)) - 291b4074-36ef-4604-afea-a446d5bcf194@group-397DB682EABB: changes role from CANDIDATE to FOLLOWER at term 17 for DISCOVERED_A_NEW_TERM
2019-10-18 05:47:51,536 [291b4074-36ef-4604-afea-a446d5bcf194@group-397DB682EABB-LeaderElection18] INFO  impl.RoleInfo (RoleInfo.java:shutdownLeaderElection(134)) - 291b4074-36ef-4604-afea-a446d5bcf194: shutdown LeaderElection
2019-10-18 05:47:51,536 [291b4074-36ef-4604-afea-a446d5bcf194@group-397DB682EABB-LeaderElection18] INFO  impl.RoleInfo (RoleInfo.java:updateAndGet(143)) - 291b4074-36ef-4604-afea-a446d5bcf194: start FollowerState
2019-10-18 05:47:51,566 [pool-7-thread-1] INFO  commands.RetriableDatanodeEventWatcher (RetriableDatanodeEventWatcher.java:onTimeout(47)) - RetriableDatanodeCommand type=deleteBlocksCommand with id=1571377666567 timed out. Retrying.
2019-10-18 05:47:51,568 [pool-7-thread-4] INFO  commands.RetriableDatanodeEventWatcher (RetriableDatanodeEventWatcher.java:onTimeout(47)) - RetriableDatanodeCommand type=deleteBlocksCommand with id=1571377666569 timed out. Retrying.
2019-10-18 05:47:51,568 [pool-7-thread-2] INFO  commands.RetriableDatanodeEventWatcher (RetriableDatanodeEventWatcher.java:onTimeout(47)) - RetriableDatanodeCommand type=deleteBlocksCommand with id=1571377666566 timed out. Retrying.
2019-10-18 05:47:51,568 [pool-7-thread-3] INFO  commands.RetriableDatanodeEventWatcher (RetriableDatanodeEventWatcher.java:onTimeout(47)) - RetriableDatanodeCommand type=deleteBlocksCommand with id=1571377666563 timed out. Retrying.
2019-10-18 05:47:51,569 [pool-7-thread-5] INFO  commands.RetriableDatanodeEventWatcher (RetriableDatanodeEventWatcher.java:onTimeout(47)) - RetriableDatanodeCommand type=deleteBlocksCommand with id=1571377666564 timed out. Retrying.
2019-10-18 05:47:51,569 [pool-7-thread-5] INFO  commands.RetriableDatanodeEventWatcher (RetriableDatanodeEventWatcher.java:onTimeout(47)) - RetriableDatanodeCommand type=deleteBlocksCommand with id=1571377666568 timed out. Retrying.
2019-10-18 05:47:51,570 [pool-7-thread-5] INFO  commands.RetriableDatanodeEventWatcher (RetriableDatanodeEventWatcher.java:onTimeout(47)) - RetriableDatanodeCommand type=deleteBlocksCommand with id=1571377666573 timed out. Retrying.
2019-10-18 05:47:51,570 [pool-7-thread-4] INFO  commands.RetriableDatanodeEventWatcher (RetriableDatanodeEventWatcher.java:onTimeout(47)) - RetriableDatanodeCommand type=deleteBlocksCommand with id=1571377666570 timed out. Retrying.
2019-10-18 05:47:51,570 [pool-7-thread-2] INFO  commands.RetriableDatanodeEventWatcher (RetriableDatanodeEventWatcher.java:onTimeout(47)) - RetriableDatanodeCommand type=deleteBlocksCommand with id=1571377666571 timed out. Retrying.
2019-10-18 05:47:51,571 [pool-7-thread-3] INFO  commands.RetriableDatanodeEventWatcher (RetriableDatanodeEventWatcher.java:onTimeout(47)) - RetriableDatanodeCommand type=deleteBlocksCommand with id=1571377666572 timed out. Retrying.
2019-10-18 05:47:51,571 [SCMBlockDeletingService#0] INFO  block.SCMBlockDeletingService (SCMBlockDeletingService.java:call(184)) - Totally added 2 delete blocks command for 2 datanodes, task elapsed time: 0ms
2019-10-18 05:47:51,593 [Command processor thread] INFO  commandhandler.DeleteBlocksCommandHandler (DeleteBlocksCommandHandler.java:handle(106)) - Start to delete container blocks, TXIDs=[1(2)], numOfContainers=1, numOfBlocks=1
2019-10-18 05:47:51,593 [Command processor thread] INFO  commandhandler.DeleteBlocksCommandHandler (DeleteBlocksCommandHandler.java:handle(106)) - Start to delete container blocks, TXIDs=[1(0)], numOfContainers=1, numOfBlocks=1
2019-10-18 05:47:51,593 [Command processor thread] INFO  commandhandler.DeleteBlocksCommandHandler (DeleteBlocksCommandHandler.java:handle(106)) - Start to delete container blocks, TXIDs=[1(4)], numOfContainers=1, numOfBlocks=1
2019-10-18 05:47:51,594 [Command processor thread] INFO  commandhandler.DeleteBlocksCommandHandler (DeleteBlocksCommandHandler.java:handle(106)) - Start to delete container blocks, TXIDs=[1(11)], numOfContainers=1, numOfBlocks=1
2019-10-18 05:47:51,594 [Command processor thread] INFO  commandhandler.DeleteBlocksCommandHandler (DeleteBlocksCommandHandler.java:handle(106)) - Start to delete container blocks, TXIDs=[1(7)], numOfContainers=1, numOfBlocks=1
2019-10-18 05:47:51,610 [Thread-661] INFO  impl.FollowerState (FollowerState.java:run(108)) - 291b4074-36ef-4604-afea-a446d5bcf194@group-397DB682EABB-FollowerState: change to CANDIDATE, lastRpcTime:74ms, electionTimeout:74ms
2019-10-18 05:47:51,611 [Thread-661] INFO  impl.RoleInfo (RoleInfo.java:shutdownFollowerState(121)) - 291b4074-36ef-4604-afea-a446d5bcf194: shutdown FollowerState
2019-10-18 05:47:51,611 [Thread-661] INFO  impl.RaftServerImpl (RaftServerImpl.java:setRole(184)) - 291b4074-36ef-4604-afea-a446d5bcf194@group-397DB682EABB: changes role from  FOLLOWER to CANDIDATE at term 17 for changeToCandidate
2019-10-18 05:47:51,611 [Thread-661] INFO  impl.RoleInfo (RoleInfo.java:updateAndGet(143)) - 291b4074-36ef-4604-afea-a446d5bcf194: start LeaderElection
2019-10-18 05:47:51,635 [291b4074-36ef-4604-afea-a446d5bcf194@group-397DB682EABB-LeaderElection19] INFO  impl.LeaderElection (LeaderElection.java:askForVotes(178)) - 291b4074-36ef-4604-afea-a446d5bcf194@group-397DB682EABB-LeaderElection19: begin an election at term 18 for 0: [291b4074-36ef-4604-afea-a446d5bcf194:192.168.34.6:34859, e47f3d18-6550-4f27-a4cc-ce34c6c87b58:192.168.34.6:35257, 58c4827f-663e-41e6-a95a-5c02fdca8528:192.168.34.6:39496], old=null
2019-10-18 05:47:51,641 [grpc-default-executor-6] INFO  impl.RaftServerImpl (RaftServerImpl.java:setRole(184)) - 58c4827f-663e-41e6-a95a-5c02fdca8528@group-397DB682EABB: changes role from  FOLLOWER to FOLLOWER at term 18 for recognizeCandidate:291b4074-36ef-4604-afea-a446d5bcf194
2019-10-18 05:47:51,641 [grpc-default-executor-1] INFO  impl.RaftServerImpl (RaftServerImpl.java:setRole(184)) - e47f3d18-6550-4f27-a4cc-ce34c6c87b58@group-397DB682EABB: changes role from  FOLLOWER to FOLLOWER at term 18 for recognizeCandidate:291b4074-36ef-4604-afea-a446d5bcf194
2019-10-18 05:47:51,641 [grpc-default-executor-6] INFO  impl.RoleInfo (RoleInfo.java:shutdownFollowerState(121)) - 58c4827f-663e-41e6-a95a-5c02fdca8528: shutdown FollowerState
2019-10-18 05:47:51,641 [grpc-default-executor-1] INFO  impl.RoleInfo (RoleInfo.java:shutdownFollowerState(121)) - e47f3d18-6550-4f27-a4cc-ce34c6c87b58: shutdown FollowerState
2019-10-18 05:47:51,641 [Thread-660] INFO  impl.FollowerState (FollowerState.java:run(117)) - 58c4827f-663e-41e6-a95a-5c02fdca8528@group-397DB682EABB-FollowerState was interrupted: java.lang.InterruptedException: sleep interrupted
2019-10-18 05:47:51,641 [grpc-default-executor-6] INFO  impl.RoleInfo (RoleInfo.java:updateAndGet(143)) - 58c4827f-663e-41e6-a95a-5c02fdca8528: start FollowerState
2019-10-18 05:47:51,641 [grpc-default-executor-1] INFO  impl.RoleInfo (RoleInfo.java:updateAndGet(143)) - e47f3d18-6550-4f27-a4cc-ce34c6c87b58: start FollowerState
2019-10-18 05:47:51,641 [Thread-659] INFO  impl.FollowerState (FollowerState.java:run(117)) - e47f3d18-6550-4f27-a4cc-ce34c6c87b58@group-397DB682EABB-FollowerState was interrupted: java.lang.InterruptedException: sleep interrupted
2019-10-18 05:47:51,670 [291b4074-36ef-4604-afea-a446d5bcf194@group-397DB682EABB-LeaderElection19] INFO  impl.LeaderElection (LeaderElection.java:logAndReturn(56)) - 291b4074-36ef-4604-afea-a446d5bcf194@group-397DB682EABB-LeaderElection19: Election TIMEOUT; received 0 response(s) [] and 0 exception(s); 291b4074-36ef-4604-afea-a446d5bcf194@group-397DB682EABB:t18, leader=null, voted=291b4074-36ef-4604-afea-a446d5bcf194, raftlog=291b4074-36ef-4604-afea-a446d5bcf194@group-397DB682EABB-SegmentedRaftLog:OPENED:c3,f4,i4, conf=0: [291b4074-36ef-4604-afea-a446d5bcf194:192.168.34.6:34859, e47f3d18-6550-4f27-a4cc-ce34c6c87b58:192.168.34.6:35257, 58c4827f-663e-41e6-a95a-5c02fdca8528:192.168.34.6:39496], old=null
2019-10-18 05:47:51,695 [291b4074-36ef-4604-afea-a446d5bcf194@group-397DB682EABB-LeaderElection19] INFO  impl.LeaderElection (LeaderElection.java:askForVotes(178)) - 291b4074-36ef-4604-afea-a446d5bcf194@group-397DB682EABB-LeaderElection19: begin an election at term 19 for 0: [291b4074-36ef-4604-afea-a446d5bcf194:192.168.34.6:34859, e47f3d18-6550-4f27-a4cc-ce34c6c87b58:192.168.34.6:35257, 58c4827f-663e-41e6-a95a-5c02fdca8528:192.168.34.6:39496], old=null
2019-10-18 05:47:51,699 [grpc-default-executor-1] INFO  impl.RaftServerImpl (RaftServerImpl.java:setRole(184)) - e47f3d18-6550-4f27-a4cc-ce34c6c87b58@group-397DB682EABB: changes role from  FOLLOWER to FOLLOWER at term 19 for recognizeCandidate:291b4074-36ef-4604-afea-a446d5bcf194
2019-10-18 05:47:51,700 [grpc-default-executor-6] INFO  impl.RaftServerImpl (RaftServerImpl.java:setRole(184)) - 58c4827f-663e-41e6-a95a-5c02fdca8528@group-397DB682EABB: changes role from  FOLLOWER to FOLLOWER at term 19 for recognizeCandidate:291b4074-36ef-4604-afea-a446d5bcf194
2019-10-18 05:47:51,700 [grpc-default-executor-1] INFO  impl.RoleInfo (RoleInfo.java:shutdownFollowerState(121)) - e47f3d18-6550-4f27-a4cc-ce34c6c87b58: shutdown FollowerState
2019-10-18 05:47:51,701 [grpc-default-executor-6] INFO  impl.RoleInfo (RoleInfo.java:shutdownFollowerState(121)) - 58c4827f-663e-41e6-a95a-5c02fdca8528: shutdown FollowerState
2019-10-18 05:47:51,701 [Thread-666] INFO  impl.FollowerState (FollowerState.java:run(117)) - e47f3d18-6550-4f27-a4cc-ce34c6c87b58@group-397DB682EABB-FollowerState was interrupted: java.lang.InterruptedException: sleep interrupted
2019-10-18 05:47:51,701 [grpc-default-executor-1] INFO  impl.RoleInfo (RoleInfo.java:updateAndGet(143)) - e47f3d18-6550-4f27-a4cc-ce34c6c87b58: start FollowerState
2019-10-18 05:47:51,701 [Thread-665] INFO  impl.FollowerState (FollowerState.java:run(117)) - 58c4827f-663e-41e6-a95a-5c02fdca8528@group-397DB682EABB-FollowerState was interrupted: java.lang.InterruptedException: sleep interrupted
2019-10-18 05:47:51,701 [grpc-default-executor-6] INFO  impl.RoleInfo (RoleInfo.java:updateAndGet(143)) - 58c4827f-663e-41e6-a95a-5c02fdca8528: start FollowerState
2019-10-18 05:47:51,730 [291b4074-36ef-4604-afea-a446d5bcf194@group-397DB682EABB-LeaderElection19] INFO  impl.LeaderElection (LeaderElection.java:logAndReturn(56)) - 291b4074-36ef-4604-afea-a446d5bcf194@group-397DB682EABB-LeaderElection19: Election REJECTED; received 2 response(s) [291b4074-36ef-4604-afea-a446d5bcf194<-e47f3d18-6550-4f27-a4cc-ce34c6c87b58#0:FAIL-t19, 291b4074-36ef-4604-afea-a446d5bcf194<-58c4827f-663e-41e6-a95a-5c02fdca8528#0:FAIL-t19] and 0 exception(s); 291b4074-36ef-4604-afea-a446d5bcf194@group-397DB682EABB:t19, leader=null, voted=291b4074-36ef-4604-afea-a446d5bcf194, raftlog=291b4074-36ef-4604-afea-a446d5bcf194@group-397DB682EABB-SegmentedRaftLog:OPENED:c3,f4,i4, conf=0: [291b4074-36ef-4604-afea-a446d5bcf194:192.168.34.6:34859, e47f3d18-6550-4f27-a4cc-ce34c6c87b58:192.168.34.6:35257, 58c4827f-663e-41e6-a95a-5c02fdca8528:192.168.34.6:39496], old=null
2019-10-18 05:47:51,730 [291b4074-36ef-4604-afea-a446d5bcf194@group-397DB682EABB-LeaderElection19] INFO  impl.RaftServerImpl (RaftServerImpl.java:setRole(184)) - 291b4074-36ef-4604-afea-a446d5bcf194@group-397DB682EABB: changes role from CANDIDATE to FOLLOWER at term 19 for DISCOVERED_A_NEW_TERM
2019-10-18 05:47:51,730 [291b4074-36ef-4604-afea-a446d5bcf194@group-397DB682EABB-LeaderElection19] INFO  impl.RoleInfo (RoleInfo.java:shutdownLeaderElection(134)) - 291b4074-36ef-4604-afea-a446d5bcf194: shutdown LeaderElection
2019-10-18 05:47:51,730 [291b4074-36ef-4604-afea-a446d5bcf194@group-397DB682EABB-LeaderElection19] INFO  impl.RoleInfo (RoleInfo.java:updateAndGet(143)) - 291b4074-36ef-4604-afea-a446d5bcf194: start FollowerState
2019-10-18 05:47:51,738 [Thread-671] INFO  impl.FollowerState (FollowerState.java:run(108)) - 291b4074-36ef-4604-afea-a446d5bcf194@group-397DB682EABB-FollowerState: change to CANDIDATE, lastRpcTime:8ms, electionTimeout:8ms
2019-10-18 05:47:51,740 [Thread-671] INFO  impl.RoleInfo (RoleInfo.java:shutdownFollowerState(121)) - 291b4074-36ef-4604-afea-a446d5bcf194: shutdown FollowerState
2019-10-18 05:47:51,740 [Thread-671] INFO  impl.RaftServerImpl (RaftServerImpl.java:setRole(184)) - 291b4074-36ef-4604-afea-a446d5bcf194@group-397DB682EABB: changes role from  FOLLOWER to CANDIDATE at term 19 for changeToCandidate
2019-10-18 05:47:51,740 [Thread-671] INFO  impl.RoleInfo (RoleInfo.java:updateAndGet(143)) - 291b4074-36ef-4604-afea-a446d5bcf194: start LeaderElection
2019-10-18 05:47:51,762 [291b4074-36ef-4604-afea-a446d5bcf194@group-397DB682EABB-LeaderElection20] INFO  impl.LeaderElection (LeaderElection.java:askForVotes(178)) - 291b4074-36ef-4604-afea-a446d5bcf194@group-397DB682EABB-LeaderElection20: begin an election at term 20 for 0: [291b4074-36ef-4604-afea-a446d5bcf194:192.168.34.6:34859, e47f3d18-6550-4f27-a4cc-ce34c6c87b58:192.168.34.6:35257, 58c4827f-663e-41e6-a95a-5c02fdca8528:192.168.34.6:39496], old=null
2019-10-18 05:47:51,767 [grpc-default-executor-1] INFO  impl.RaftServerImpl (RaftServerImpl.java:setRole(184)) - e47f3d18-6550-4f27-a4cc-ce34c6c87b58@group-397DB682EABB: changes role from  FOLLOWER to FOLLOWER at term 20 for recognizeCandidate:291b4074-36ef-4604-afea-a446d5bcf194
2019-10-18 05:47:51,768 [grpc-default-executor-6] INFO  impl.RaftServerImpl (RaftServerImpl.java:setRole(184)) - 58c4827f-663e-41e6-a95a-5c02fdca8528@group-397DB682EABB: changes role from  FOLLOWER to FOLLOWER at term 20 for recognizeCandidate:291b4074-36ef-4604-afea-a446d5bcf194
2019-10-18 05:47:51,768 [grpc-default-executor-1] INFO  impl.RoleInfo (RoleInfo.java:shutdownFollowerState(121)) - e47f3d18-6550-4f27-a4cc-ce34c6c87b58: shutdown FollowerState
2019-10-18 05:47:51,768 [grpc-default-executor-6] INFO  impl.RoleInfo (RoleInfo.java:shutdownFollowerState(121)) - 58c4827f-663e-41e6-a95a-5c02fdca8528: shutdown FollowerState
2019-10-18 05:47:51,768 [grpc-default-executor-1] INFO  impl.RoleInfo (RoleInfo.java:updateAndGet(143)) - e47f3d18-6550-4f27-a4cc-ce34c6c87b58: start FollowerState
2019-10-18 05:47:51,768 [Thread-669] INFO  impl.FollowerState (FollowerState.java:run(117)) - e47f3d18-6550-4f27-a4cc-ce34c6c87b58@group-397DB682EABB-FollowerState was interrupted: java.lang.InterruptedException: sleep interrupted
2019-10-18 05:47:51,768 [grpc-default-executor-6] INFO  impl.RoleInfo (RoleInfo.java:updateAndGet(143)) - 58c4827f-663e-41e6-a95a-5c02fdca8528: start FollowerState
2019-10-18 05:47:51,768 [Thread-670] INFO  impl.FollowerState (FollowerState.java:run(117)) - 58c4827f-663e-41e6-a95a-5c02fdca8528@group-397DB682EABB-FollowerState was interrupted: java.lang.InterruptedException: sleep interrupted
2019-10-18 05:47:51,790 [Thread-678] INFO  client.GrpcClientProtocolService (GrpcClientProtocolService.java:lambda$processClientRequest$0(278)) - Failed RaftClientRequest:client-15CC5DA066CF->e47f3d18-6550-4f27-a4cc-ce34c6c87b58@group-397DB682EABB, cid=10, seq=0, Watch-ALL_COMMITTED(6), Message:<EMPTY>, reply=RaftClientReply:client-15CC5DA066CF->e47f3d18-6550-4f27-a4cc-ce34c6c87b58@group-397DB682EABB, cid=10, FAILED org.apache.ratis.protocol.NotLeaderException: Server e47f3d18-6550-4f27-a4cc-ce34c6c87b58@group-397DB682EABB is not the leader, logIndex=0, commits[e47f3d18-6550-4f27-a4cc-ce34c6c87b58:c10, 291b4074-36ef-4604-afea-a446d5bcf194:c4, 58c4827f-663e-41e6-a95a-5c02fdca8528:c10]
2019-10-18 05:47:51,798 [291b4074-36ef-4604-afea-a446d5bcf194@group-397DB682EABB-LeaderElection20] INFO  impl.LeaderElection (LeaderElection.java:logAndReturn(56)) - 291b4074-36ef-4604-afea-a446d5bcf194@group-397DB682EABB-LeaderElection20: Election REJECTED; received 2 response(s) [291b4074-36ef-4604-afea-a446d5bcf194<-e47f3d18-6550-4f27-a4cc-ce34c6c87b58#0:FAIL-t20, 291b4074-36ef-4604-afea-a446d5bcf194<-58c4827f-663e-41e6-a95a-5c02fdca8528#0:FAIL-t20] and 0 exception(s); 291b4074-36ef-4604-afea-a446d5bcf194@group-397DB682EABB:t20, leader=null, voted=291b4074-36ef-4604-afea-a446d5bcf194, raftlog=291b4074-36ef-4604-afea-a446d5bcf194@group-397DB682EABB-SegmentedRaftLog:OPENED:c3,f4,i4, conf=0: [291b4074-36ef-4604-afea-a446d5bcf194:192.168.34.6:34859, e47f3d18-6550-4f27-a4cc-ce34c6c87b58:192.168.34.6:35257, 58c4827f-663e-41e6-a95a-5c02fdca8528:192.168.34.6:39496], old=null
2019-10-18 05:47:51,798 [291b4074-36ef-4604-afea-a446d5bcf194@group-397DB682EABB-LeaderElection20] INFO  impl.RaftServerImpl (RaftServerImpl.java:setRole(184)) - 291b4074-36ef-4604-afea-a446d5bcf194@group-397DB682EABB: changes role from CANDIDATE to FOLLOWER at term 20 for DISCOVERED_A_NEW_TERM
2019-10-18 05:47:51,798 [291b4074-36ef-4604-afea-a446d5bcf194@group-397DB682EABB-LeaderElection20] INFO  impl.RoleInfo (RoleInfo.java:shutdownLeaderElection(134)) - 291b4074-36ef-4604-afea-a446d5bcf194: shutdown LeaderElection
2019-10-18 05:47:51,798 [291b4074-36ef-4604-afea-a446d5bcf194@group-397DB682EABB-LeaderElection20] INFO  impl.RoleInfo (RoleInfo.java:updateAndGet(143)) - 291b4074-36ef-4604-afea-a446d5bcf194: start FollowerState
2019-10-18 05:47:51,865 [Thread-680] INFO  impl.FollowerState (FollowerState.java:run(108)) - 291b4074-36ef-4604-afea-a446d5bcf194@group-397DB682EABB-FollowerState: change to CANDIDATE, lastRpcTime:67ms, electionTimeout:67ms
2019-10-18 05:47:51,867 [Thread-680] INFO  impl.RoleInfo (RoleInfo.java:shutdownFollowerState(121)) - 291b4074-36ef-4604-afea-a446d5bcf194: shutdown FollowerState
2019-10-18 05:47:51,867 [Thread-680] INFO  impl.RaftServerImpl (RaftServerImpl.java:setRole(184)) - 291b4074-36ef-4604-afea-a446d5bcf194@group-397DB682EABB: changes role from  FOLLOWER to CANDIDATE at term 20 for changeToCandidate
2019-10-18 05:47:51,867 [Thread-680] INFO  impl.RoleInfo (RoleInfo.java:updateAndGet(143)) - 291b4074-36ef-4604-afea-a446d5bcf194: start LeaderElection
2019-10-18 05:47:51,896 [291b4074-36ef-4604-afea-a446d5bcf194@group-397DB682EABB-LeaderElection21] INFO  impl.LeaderElection (LeaderElection.java:askForVotes(178)) - 291b4074-36ef-4604-afea-a446d5bcf194@group-397DB682EABB-LeaderElection21: begin an election at term 21 for 0: [291b4074-36ef-4604-afea-a446d5bcf194:192.168.34.6:34859, e47f3d18-6550-4f27-a4cc-ce34c6c87b58:192.168.34.6:35257, 58c4827f-663e-41e6-a95a-5c02fdca8528:192.168.34.6:39496], old=null
2019-10-18 05:47:51,899 [grpc-default-executor-1] INFO  impl.RaftServerImpl (RaftServerImpl.java:setRole(184)) - 58c4827f-663e-41e6-a95a-5c02fdca8528@group-397DB682EABB: changes role from  FOLLOWER to FOLLOWER at term 21 for recognizeCandidate:291b4074-36ef-4604-afea-a446d5bcf194
2019-10-18 05:47:51,899 [grpc-default-executor-1] INFO  impl.RoleInfo (RoleInfo.java:shutdownFollowerState(121)) - 58c4827f-663e-41e6-a95a-5c02fdca8528: shutdown FollowerState
2019-10-18 05:47:51,899 [grpc-default-executor-6] INFO  impl.RaftServerImpl (RaftServerImpl.java:setRole(184)) - e47f3d18-6550-4f27-a4cc-ce34c6c87b58@group-397DB682EABB: changes role from  FOLLOWER to FOLLOWER at term 21 for recognizeCandidate:291b4074-36ef-4604-afea-a446d5bcf194
2019-10-18 05:47:51,900 [grpc-default-executor-6] INFO  impl.RoleInfo (RoleInfo.java:shutdownFollowerState(121)) - e47f3d18-6550-4f27-a4cc-ce34c6c87b58: shutdown FollowerState
2019-10-18 05:47:51,900 [grpc-default-executor-1] INFO  impl.RoleInfo (RoleInfo.java:updateAndGet(143)) - 58c4827f-663e-41e6-a95a-5c02fdca8528: start FollowerState
2019-10-18 05:47:51,900 [Thread-676] INFO  impl.FollowerState (FollowerState.java:run(117)) - 58c4827f-663e-41e6-a95a-5c02fdca8528@group-397DB682EABB-FollowerState was interrupted: java.lang.InterruptedException: sleep interrupted
2019-10-18 05:47:51,900 [Thread-675] INFO  impl.FollowerState (FollowerState.java:run(117)) - e47f3d18-6550-4f27-a4cc-ce34c6c87b58@group-397DB682EABB-FollowerState was interrupted: java.lang.InterruptedException: sleep interrupted
2019-10-18 05:47:51,900 [grpc-default-executor-6] INFO  impl.RoleInfo (RoleInfo.java:updateAndGet(143)) - e47f3d18-6550-4f27-a4cc-ce34c6c87b58: start FollowerState
2019-10-18 05:47:51,923 [291b4074-36ef-4604-afea-a446d5bcf194@group-397DB682EABB-LeaderElection21] INFO  impl.LeaderElection (LeaderElection.java:logAndReturn(56)) - 291b4074-36ef-4604-afea-a446d5bcf194@group-397DB682EABB-LeaderElection21: Election REJECTED; received 2 response(s) [291b4074-36ef-4604-afea-a446d5bcf194<-e47f3d18-6550-4f27-a4cc-ce34c6c87b58#0:FAIL-t21, 291b4074-36ef-4604-afea-a446d5bcf194<-58c4827f-663e-41e6-a95a-5c02fdca8528#0:FAIL-t21] and 0 exception(s); 291b4074-36ef-4604-afea-a446d5bcf194@group-397DB682EABB:t21, leader=null, voted=291b4074-36ef-4604-afea-a446d5bcf194, raftlog=291b4074-36ef-4604-afea-a446d5bcf194@group-397DB682EABB-SegmentedRaftLog:OPENED:c3,f4,i4, conf=0: [291b4074-36ef-4604-afea-a446d5bcf194:192.168.34.6:34859, e47f3d18-6550-4f27-a4cc-ce34c6c87b58:192.168.34.6:35257, 58c4827f-663e-41e6-a95a-5c02fdca8528:192.168.34.6:39496], old=null
2019-10-18 05:47:51,923 [291b4074-36ef-4604-afea-a446d5bcf194@group-397DB682EABB-LeaderElection21] INFO  impl.RaftServerImpl (RaftServerImpl.java:setRole(184)) - 291b4074-36ef-4604-afea-a446d5bcf194@group-397DB682EABB: changes role from CANDIDATE to FOLLOWER at term 21 for DISCOVERED_A_NEW_TERM
2019-10-18 05:47:51,923 [291b4074-36ef-4604-afea-a446d5bcf194@group-397DB682EABB-LeaderElection21] INFO  impl.RoleInfo (RoleInfo.java:shutdownLeaderElection(134)) - 291b4074-36ef-4604-afea-a446d5bcf194: shutdown LeaderElection
2019-10-18 05:47:51,924 [291b4074-36ef-4604-afea-a446d5bcf194@group-397DB682EABB-LeaderElection21] INFO  impl.RoleInfo (RoleInfo.java:updateAndGet(143)) - 291b4074-36ef-4604-afea-a446d5bcf194: start FollowerState
2019-10-18 05:47:51,986 [BlockDeletingService#3] WARN  background.BlockDeletingService (BlockDeletingService.java:isDeletionAllowed(187)) - Close Container log Index 6 is not replicated across allthe servers in the pipeline e751b4d9-2be2-4ced-b2ee-397db682eabb as the min replicated index is 4. Deletion is not allowed in this container yet.
2019-10-18 05:47:51,987 [BlockDeletingService#2] WARN  background.BlockDeletingService (BlockDeletingService.java:isDeletionAllowed(187)) - Close Container log Index 6 is not replicated across allthe servers in the pipeline e751b4d9-2be2-4ced-b2ee-397db682eabb as the min replicated index is 4. Deletion is not allowed in this container yet.
2019-10-18 05:47:52,000 [Thread-686] INFO  impl.FollowerState (FollowerState.java:run(108)) - 291b4074-36ef-4604-afea-a446d5bcf194@group-397DB682EABB-FollowerState: change to CANDIDATE, lastRpcTime:76ms, electionTimeout:76ms
2019-10-18 05:47:52,000 [Thread-686] INFO  impl.RoleInfo (RoleInfo.java:shutdownFollowerState(121)) - 291b4074-36ef-4604-afea-a446d5bcf194: shutdown FollowerState
2019-10-18 05:47:52,000 [Thread-686] INFO  impl.RaftServerImpl (RaftServerImpl.java:setRole(184)) - 291b4074-36ef-4604-afea-a446d5bcf194@group-397DB682EABB: changes role from  FOLLOWER to CANDIDATE at term 21 for changeToCandidate
2019-10-18 05:47:52,000 [Thread-686] INFO  impl.RoleInfo (RoleInfo.java:updateAndGet(143)) - 291b4074-36ef-4604-afea-a446d5bcf194: start LeaderElection
2019-10-18 05:47:52,031 [291b4074-36ef-4604-afea-a446d5bcf194@group-397DB682EABB-LeaderElection22] INFO  impl.LeaderElection (LeaderElection.java:askForVotes(178)) - 291b4074-36ef-4604-afea-a446d5bcf194@group-397DB682EABB-LeaderElection22: begin an election at term 22 for 0: [291b4074-36ef-4604-afea-a446d5bcf194:192.168.34.6:34859, e47f3d18-6550-4f27-a4cc-ce34c6c87b58:192.168.34.6:35257, 58c4827f-663e-41e6-a95a-5c02fdca8528:192.168.34.6:39496], old=null
2019-10-18 05:47:52,033 [grpc-default-executor-6] INFO  impl.RaftServerImpl (RaftServerImpl.java:setRole(184)) - e47f3d18-6550-4f27-a4cc-ce34c6c87b58@group-397DB682EABB: changes role from  FOLLOWER to FOLLOWER at term 22 for recognizeCandidate:291b4074-36ef-4604-afea-a446d5bcf194
2019-10-18 05:47:52,033 [grpc-default-executor-1] INFO  impl.RaftServerImpl (RaftServerImpl.java:setRole(184)) - 58c4827f-663e-41e6-a95a-5c02fdca8528@group-397DB682EABB: changes role from  FOLLOWER to FOLLOWER at term 22 for recognizeCandidate:291b4074-36ef-4604-afea-a446d5bcf194
2019-10-18 05:47:52,034 [grpc-default-executor-6] INFO  impl.RoleInfo (RoleInfo.java:shutdownFollowerState(121)) - e47f3d18-6550-4f27-a4cc-ce34c6c87b58: shutdown FollowerState
2019-10-18 05:47:52,034 [grpc-default-executor-1] INFO  impl.RoleInfo (RoleInfo.java:shutdownFollowerState(121)) - 58c4827f-663e-41e6-a95a-5c02fdca8528: shutdown FollowerState
2019-10-18 05:47:52,034 [Thread-685] INFO  impl.FollowerState (FollowerState.java:run(117)) - e47f3d18-6550-4f27-a4cc-ce34c6c87b58@group-397DB682EABB-FollowerState was interrupted: java.lang.InterruptedException: sleep interrupted
2019-10-18 05:47:52,034 [Thread-684] INFO  impl.FollowerState (FollowerState.java:run(117)) - 58c4827f-663e-41e6-a95a-5c02fdca8528@group-397DB682EABB-FollowerState was interrupted: java.lang.InterruptedException: sleep interrupted
2019-10-18 05:47:52,034 [grpc-default-executor-6] INFO  impl.RoleInfo (RoleInfo.java:updateAndGet(143)) - e47f3d18-6550-4f27-a4cc-ce34c6c87b58: start FollowerState
2019-10-18 05:47:52,034 [grpc-default-executor-1] INFO  impl.RoleInfo (RoleInfo.java:updateAndGet(143)) - 58c4827f-663e-41e6-a95a-5c02fdca8528: start FollowerState
2019-10-18 05:47:52,074 [291b4074-36ef-4604-afea-a446d5bcf194@group-397DB682EABB-LeaderElection22] INFO  impl.LeaderElection (LeaderElection.java:logAndReturn(56)) - 291b4074-36ef-4604-afea-a446d5bcf194@group-397DB682EABB-LeaderElection22: Election REJECTED; received 2 response(s) [291b4074-36ef-4604-afea-a446d5bcf194<-e47f3d18-6550-4f27-a4cc-ce34c6c87b58#0:FAIL-t22, 291b4074-36ef-4604-afea-a446d5bcf194<-58c4827f-663e-41e6-a95a-5c02fdca8528#0:FAIL-t22] and 0 exception(s); 291b4074-36ef-4604-afea-a446d5bcf194@group-397DB682EABB:t22, leader=null, voted=291b4074-36ef-4604-afea-a446d5bcf194, raftlog=291b4074-36ef-4604-afea-a446d5bcf194@group-397DB682EABB-SegmentedRaftLog:OPENED:c3,f4,i4, conf=0: [291b4074-36ef-4604-afea-a446d5bcf194:192.168.34.6:34859, e47f3d18-6550-4f27-a4cc-ce34c6c87b58:192.168.34.6:35257, 58c4827f-663e-41e6-a95a-5c02fdca8528:192.168.34.6:39496], old=null
2019-10-18 05:47:52,074 [291b4074-36ef-4604-afea-a446d5bcf194@group-397DB682EABB-LeaderElection22] INFO  impl.RaftServerImpl (RaftServerImpl.java:setRole(184)) - 291b4074-36ef-4604-afea-a446d5bcf194@group-397DB682EABB: changes role from CANDIDATE to FOLLOWER at term 22 for DISCOVERED_A_NEW_TERM
2019-10-18 05:47:52,074 [291b4074-36ef-4604-afea-a446d5bcf194@group-397DB682EABB-LeaderElection22] INFO  impl.RoleInfo (RoleInfo.java:shutdownLeaderElection(134)) - 291b4074-36ef-4604-afea-a446d5bcf194: shutdown LeaderElection
2019-10-18 05:47:52,075 [291b4074-36ef-4604-afea-a446d5bcf194@group-397DB682EABB-LeaderElection22] INFO  impl.RoleInfo (RoleInfo.java:updateAndGet(143)) - 291b4074-36ef-4604-afea-a446d5bcf194: start FollowerState
2019-10-18 05:47:52,194 [Thread-694] INFO  impl.FollowerState (FollowerState.java:run(108)) - 291b4074-36ef-4604-afea-a446d5bcf194@group-397DB682EABB-FollowerState: change to CANDIDATE, lastRpcTime:119ms, electionTimeout:119ms
2019-10-18 05:47:52,196 [Thread-694] INFO  impl.RoleInfo (RoleInfo.java:shutdownFollowerState(121)) - 291b4074-36ef-4604-afea-a446d5bcf194: shutdown FollowerState
2019-10-18 05:47:52,196 [Thread-694] INFO  impl.RaftServerImpl (RaftServerImpl.java:setRole(184)) - 291b4074-36ef-4604-afea-a446d5bcf194@group-397DB682EABB: changes role from  FOLLOWER to CANDIDATE at term 22 for changeToCandidate
2019-10-18 05:47:52,196 [Thread-694] INFO  impl.RoleInfo (RoleInfo.java:updateAndGet(143)) - 291b4074-36ef-4604-afea-a446d5bcf194: start LeaderElection
2019-10-18 05:47:52,223 [291b4074-36ef-4604-afea-a446d5bcf194@group-397DB682EABB-LeaderElection23] INFO  impl.LeaderElection (LeaderElection.java:askForVotes(178)) - 291b4074-36ef-4604-afea-a446d5bcf194@group-397DB682EABB-LeaderElection23: begin an election at term 23 for 0: [291b4074-36ef-4604-afea-a446d5bcf194:192.168.34.6:34859, e47f3d18-6550-4f27-a4cc-ce34c6c87b58:192.168.34.6:35257, 58c4827f-663e-41e6-a95a-5c02fdca8528:192.168.34.6:39496], old=null
2019-10-18 05:47:52,226 [grpc-default-executor-1] INFO  impl.RaftServerImpl (RaftServerImpl.java:setRole(184)) - e47f3d18-6550-4f27-a4cc-ce34c6c87b58@group-397DB682EABB: changes role from  FOLLOWER to FOLLOWER at term 23 for recognizeCandidate:291b4074-36ef-4604-afea-a446d5bcf194
2019-10-18 05:47:52,227 [grpc-default-executor-1] INFO  impl.RoleInfo (RoleInfo.java:shutdownFollowerState(121)) - e47f3d18-6550-4f27-a4cc-ce34c6c87b58: shutdown FollowerState
2019-10-18 05:47:52,227 [grpc-default-executor-6] INFO  impl.RaftServerImpl (RaftServerImpl.java:setRole(184)) - 58c4827f-663e-41e6-a95a-5c02fdca8528@group-397DB682EABB: changes role from  FOLLOWER to FOLLOWER at term 23 for recognizeCandidate:291b4074-36ef-4604-afea-a446d5bcf194
2019-10-18 05:47:52,227 [Thread-692] INFO  impl.FollowerState (FollowerState.java:run(117)) - e47f3d18-6550-4f27-a4cc-ce34c6c87b58@group-397DB682EABB-FollowerState was interrupted: java.lang.InterruptedException: sleep interrupted
2019-10-18 05:47:52,227 [grpc-default-executor-1] INFO  impl.RoleInfo (RoleInfo.java:updateAndGet(143)) - e47f3d18-6550-4f27-a4cc-ce34c6c87b58: start FollowerState
2019-10-18 05:47:52,227 [grpc-default-executor-6] INFO  impl.RoleInfo (RoleInfo.java:shutdownFollowerState(121)) - 58c4827f-663e-41e6-a95a-5c02fdca8528: shutdown FollowerState
2019-10-18 05:47:52,227 [grpc-default-executor-6] INFO  impl.RoleInfo (RoleInfo.java:updateAndGet(143)) - 58c4827f-663e-41e6-a95a-5c02fdca8528: start FollowerState
2019-10-18 05:47:52,227 [Thread-693] INFO  impl.FollowerState (FollowerState.java:run(117)) - 58c4827f-663e-41e6-a95a-5c02fdca8528@group-397DB682EABB-FollowerState was interrupted: java.lang.InterruptedException: sleep interrupted
2019-10-18 05:47:52,250 [291b4074-36ef-4604-afea-a446d5bcf194@group-397DB682EABB-LeaderElection23] INFO  impl.LeaderElection (LeaderElection.java:logAndReturn(56)) - 291b4074-36ef-4604-afea-a446d5bcf194@group-397DB682EABB-LeaderElection23: Election REJECTED; received 2 response(s) [291b4074-36ef-4604-afea-a446d5bcf194<-e47f3d18-6550-4f27-a4cc-ce34c6c87b58#0:FAIL-t23, 291b4074-36ef-4604-afea-a446d5bcf194<-58c4827f-663e-41e6-a95a-5c02fdca8528#0:FAIL-t23] and 0 exception(s); 291b4074-36ef-4604-afea-a446d5bcf194@group-397DB682EABB:t23, leader=null, voted=291b4074-36ef-4604-afea-a446d5bcf194, raftlog=291b4074-36ef-4604-afea-a446d5bcf194@group-397DB682EABB-SegmentedRaftLog:OPENED:c3,f4,i4, conf=0: [291b4074-36ef-4604-afea-a446d5bcf194:192.168.34.6:34859, e47f3d18-6550-4f27-a4cc-ce34c6c87b58:192.168.34.6:35257, 58c4827f-663e-41e6-a95a-5c02fdca8528:192.168.34.6:39496], old=null
2019-10-18 05:47:52,250 [291b4074-36ef-4604-afea-a446d5bcf194@group-397DB682EABB-LeaderElection23] INFO  impl.RaftServerImpl (RaftServerImpl.java:setRole(184)) - 291b4074-36ef-4604-afea-a446d5bcf194@group-397DB682EABB: changes role from CANDIDATE to FOLLOWER at term 23 for DISCOVERED_A_NEW_TERM
2019-10-18 05:47:52,251 [291b4074-36ef-4604-afea-a446d5bcf194@group-397DB682EABB-LeaderElection23] INFO  impl.RoleInfo (RoleInfo.java:shutdownLeaderElection(134)) - 291b4074-36ef-4604-afea-a446d5bcf194: shutdown LeaderElection
2019-10-18 05:47:52,251 [291b4074-36ef-4604-afea-a446d5bcf194@group-397DB682EABB-LeaderElection23] INFO  impl.RoleInfo (RoleInfo.java:updateAndGet(143)) - 291b4074-36ef-4604-afea-a446d5bcf194: start FollowerState
2019-10-18 05:47:52,434 [Thread-700] INFO  impl.FollowerState (FollowerState.java:run(108)) - 291b4074-36ef-4604-afea-a446d5bcf194@group-397DB682EABB-FollowerState: change to CANDIDATE, lastRpcTime:183ms, electionTimeout:183ms
2019-10-18 05:47:52,436 [Thread-700] INFO  impl.RoleInfo (RoleInfo.java:shutdownFollowerState(121)) - 291b4074-36ef-4604-afea-a446d5bcf194: shutdown FollowerState
2019-10-18 05:47:52,436 [Thread-700] INFO  impl.RaftServerImpl (RaftServerImpl.java:setRole(184)) - 291b4074-36ef-4604-afea-a446d5bcf194@group-397DB682EABB: changes role from  FOLLOWER to CANDIDATE at term 23 for changeToCandidate
2019-10-18 05:47:52,436 [Thread-700] INFO  impl.RoleInfo (RoleInfo.java:updateAndGet(143)) - 291b4074-36ef-4604-afea-a446d5bcf194: start LeaderElection
2019-10-18 05:47:52,466 [291b4074-36ef-4604-afea-a446d5bcf194@group-397DB682EABB-LeaderElection24] INFO  impl.LeaderElection (LeaderElection.java:askForVotes(178)) - 291b4074-36ef-4604-afea-a446d5bcf194@group-397DB682EABB-LeaderElection24: begin an election at term 24 for 0: [291b4074-36ef-4604-afea-a446d5bcf194:192.168.34.6:34859, e47f3d18-6550-4f27-a4cc-ce34c6c87b58:192.168.34.6:35257, 58c4827f-663e-41e6-a95a-5c02fdca8528:192.168.34.6:39496], old=null
2019-10-18 05:47:52,469 [grpc-default-executor-6] INFO  impl.RaftServerImpl (RaftServerImpl.java:setRole(184)) - e47f3d18-6550-4f27-a4cc-ce34c6c87b58@group-397DB682EABB: changes role from  FOLLOWER to FOLLOWER at term 24 for recognizeCandidate:291b4074-36ef-4604-afea-a446d5bcf194
2019-10-18 05:47:52,469 [grpc-default-executor-1] INFO  impl.RaftServerImpl (RaftServerImpl.java:setRole(184)) - 58c4827f-663e-41e6-a95a-5c02fdca8528@group-397DB682EABB: changes role from  FOLLOWER to FOLLOWER at term 24 for recognizeCandidate:291b4074-36ef-4604-afea-a446d5bcf194
2019-10-18 05:47:52,469 [grpc-default-executor-6] INFO  impl.RoleInfo (RoleInfo.java:shutdownFollowerState(121)) - e47f3d18-6550-4f27-a4cc-ce34c6c87b58: shutdown FollowerState
2019-10-18 05:47:52,469 [grpc-default-executor-1] INFO  impl.RoleInfo (RoleInfo.java:shutdownFollowerState(121)) - 58c4827f-663e-41e6-a95a-5c02fdca8528: shutdown FollowerState
2019-10-18 05:47:52,470 [Thread-698] INFO  impl.FollowerState (FollowerState.java:run(117)) - e47f3d18-6550-4f27-a4cc-ce34c6c87b58@group-397DB682EABB-FollowerState was interrupted: java.lang.InterruptedException: sleep interrupted
2019-10-18 05:47:52,470 [grpc-default-executor-6] INFO  impl.RoleInfo (RoleInfo.java:updateAndGet(143)) - e47f3d18-6550-4f27-a4cc-ce34c6c87b58: start FollowerState
2019-10-18 05:47:52,470 [Thread-699] INFO  impl.FollowerState (FollowerState.java:run(117)) - 58c4827f-663e-41e6-a95a-5c02fdca8528@group-397DB682EABB-FollowerState was interrupted: java.lang.InterruptedException: sleep interrupted
2019-10-18 05:47:52,470 [grpc-default-executor-1] INFO  impl.RoleInfo (RoleInfo.java:updateAndGet(143)) - 58c4827f-663e-41e6-a95a-5c02fdca8528: start FollowerState
2019-10-18 05:47:52,502 [291b4074-36ef-4604-afea-a446d5bcf194@group-397DB682EABB-LeaderElection24] INFO  impl.LeaderElection (LeaderElection.java:logAndReturn(56)) - 291b4074-36ef-4604-afea-a446d5bcf194@group-397DB682EABB-LeaderElection24: Election REJECTED; received 2 response(s) [291b4074-36ef-4604-afea-a446d5bcf194<-e47f3d18-6550-4f27-a4cc-ce34c6c87b58#0:FAIL-t24, 291b4074-36ef-4604-afea-a446d5bcf194<-58c4827f-663e-41e6-a95a-5c02fdca8528#0:FAIL-t24] and 0 exception(s); 291b4074-36ef-4604-afea-a446d5bcf194@group-397DB682EABB:t24, leader=null, voted=291b4074-36ef-4604-afea-a446d5bcf194, raftlog=291b4074-36ef-4604-afea-a446d5bcf194@group-397DB682EABB-SegmentedRaftLog:OPENED:c3,f4,i4, conf=0: [291b4074-36ef-4604-afea-a446d5bcf194:192.168.34.6:34859, e47f3d18-6550-4f27-a4cc-ce34c6c87b58:192.168.34.6:35257, 58c4827f-663e-41e6-a95a-5c02fdca8528:192.168.34.6:39496], old=null
2019-10-18 05:47:52,502 [291b4074-36ef-4604-afea-a446d5bcf194@group-397DB682EABB-LeaderElection24] INFO  impl.RaftServerImpl (RaftServerImpl.java:setRole(184)) - 291b4074-36ef-4604-afea-a446d5bcf194@group-397DB682EABB: changes role from CANDIDATE to FOLLOWER at term 24 for DISCOVERED_A_NEW_TERM
2019-10-18 05:47:52,502 [291b4074-36ef-4604-afea-a446d5bcf194@group-397DB682EABB-LeaderElection24] INFO  impl.RoleInfo (RoleInfo.java:shutdownLeaderElection(134)) - 291b4074-36ef-4604-afea-a446d5bcf194: shutdown LeaderElection
2019-10-18 05:47:52,502 [291b4074-36ef-4604-afea-a446d5bcf194@group-397DB682EABB-LeaderElection24] INFO  impl.RoleInfo (RoleInfo.java:updateAndGet(143)) - 291b4074-36ef-4604-afea-a446d5bcf194: start FollowerState
2019-10-18 05:47:52,569 [pool-7-thread-3] INFO  commands.RetriableDatanodeEventWatcher (RetriableDatanodeEventWatcher.java:onTimeout(47)) - RetriableDatanodeCommand type=deleteBlocksCommand with id=1571377666564 timed out. Retrying.
2019-10-18 05:47:52,571 [pool-7-thread-6] INFO  commands.RetriableDatanodeEventWatcher (RetriableDatanodeEventWatcher.java:onTimeout(47)) - RetriableDatanodeCommand type=deleteBlocksCommand with id=1571377666568 timed out. Retrying.
2019-10-18 05:47:52,571 [pool-7-thread-1] INFO  commands.RetriableDatanodeEventWatcher (RetriableDatanodeEventWatcher.java:onTimeout(47)) - RetriableDatanodeCommand type=deleteBlocksCommand with id=1571377666569 timed out. Retrying.
2019-10-18 05:47:52,571 [pool-7-thread-4] INFO  commands.RetriableDatanodeEventWatcher (RetriableDatanodeEventWatcher.java:onTimeout(47)) - RetriableDatanodeCommand type=deleteBlocksCommand with id=1571377666566 timed out. Retrying.
2019-10-18 05:47:52,572 [SCMBlockDeletingService#0] INFO  block.SCMBlockDeletingService (SCMBlockDeletingService.java:call(184)) - Totally added 2 delete blocks command for 2 datanodes, task elapsed time: 1ms
2019-10-18 05:47:52,572 [pool-7-thread-2] INFO  commands.RetriableDatanodeEventWatcher (RetriableDatanodeEventWatcher.java:onTimeout(47)) - RetriableDatanodeCommand type=deleteBlocksCommand with id=1571377666567 timed out. Retrying.
2019-10-18 05:47:52,572 [pool-7-thread-1] INFO  commands.RetriableDatanodeEventWatcher (RetriableDatanodeEventWatcher.java:onTimeout(47)) - RetriableDatanodeCommand type=deleteBlocksCommand with id=1571377666572 timed out. Retrying.
2019-10-18 05:47:52,572 [pool-7-thread-5] INFO  commands.RetriableDatanodeEventWatcher (RetriableDatanodeEventWatcher.java:onTimeout(47)) - RetriableDatanodeCommand type=deleteBlocksCommand with id=1571377666563 timed out. Retrying.
2019-10-18 05:47:52,572 [pool-7-thread-7] INFO  commands.RetriableDatanodeEventWatcher (RetriableDatanodeEventWatcher.java:onTimeout(47)) - RetriableDatanodeCommand type=deleteBlocksCommand with id=1571377666571 timed out. Retrying.
2019-10-18 05:47:52,573 [pool-7-thread-2] INFO  commands.RetriableDatanodeEventWatcher (RetriableDatanodeEventWatcher.java:onTimeout(47)) - RetriableDatanodeCommand type=deleteBlocksCommand with id=1571377666570 timed out. Retrying.
2019-10-18 05:47:52,573 [pool-7-thread-6] INFO  commands.RetriableDatanodeEventWatcher (RetriableDatanodeEventWatcher.java:onTimeout(47)) - RetriableDatanodeCommand type=deleteBlocksCommand with id=1571377666575 timed out. Retrying.
2019-10-18 05:47:52,573 [pool-7-thread-3] INFO  commands.RetriableDatanodeEventWatcher (RetriableDatanodeEventWatcher.java:onTimeout(47)) - RetriableDatanodeCommand type=deleteBlocksCommand with id=1571377666574 timed out. Retrying.
2019-10-18 05:47:52,573 [pool-7-thread-4] INFO  commands.RetriableDatanodeEventWatcher (RetriableDatanodeEventWatcher.java:onTimeout(47)) - RetriableDatanodeCommand type=deleteBlocksCommand with id=1571377666573 timed out. Retrying.
2019-10-18 05:47:52,596 [Command processor thread] INFO  commandhandler.DeleteBlocksCommandHandler (DeleteBlocksCommandHandler.java:handle(106)) - Start to delete container blocks, TXIDs=[1(2)], numOfContainers=1, numOfBlocks=1
2019-10-18 05:47:52,597 [Command processor thread] INFO  commandhandler.DeleteBlocksCommandHandler (DeleteBlocksCommandHandler.java:handle(106)) - Start to delete container blocks, TXIDs=[1(4)], numOfContainers=1, numOfBlocks=1
2019-10-18 05:47:52,597 [Command processor thread] INFO  commandhandler.DeleteBlocksCommandHandler (DeleteBlocksCommandHandler.java:handle(106)) - Start to delete container blocks, TXIDs=[1(0)], numOfContainers=1, numOfBlocks=1
2019-10-18 05:47:52,597 [Command processor thread] INFO  commandhandler.DeleteBlocksCommandHandler (DeleteBlocksCommandHandler.java:handle(106)) - Start to delete container blocks, TXIDs=[1(11)], numOfContainers=1, numOfBlocks=1
2019-10-18 05:47:52,597 [Command processor thread] INFO  commandhandler.DeleteBlocksCommandHandler (DeleteBlocksCommandHandler.java:handle(106)) - Start to delete container blocks, TXIDs=[1(16)], numOfContainers=1, numOfBlocks=1
2019-10-18 05:47:52,597 [Command processor thread] INFO  commandhandler.DeleteBlocksCommandHandler (DeleteBlocksCommandHandler.java:handle(106)) - Start to delete container blocks, TXIDs=[1(7)], numOfContainers=1, numOfBlocks=1
2019-10-18 05:47:52,625 [Thread-706] INFO  impl.FollowerState (FollowerState.java:run(108)) - 291b4074-36ef-4604-afea-a446d5bcf194@group-397DB682EABB-FollowerState: change to CANDIDATE, lastRpcTime:122ms, electionTimeout:122ms
2019-10-18 05:47:52,625 [Thread-706] INFO  impl.RoleInfo (RoleInfo.java:shutdownFollowerState(121)) - 291b4074-36ef-4604-afea-a446d5bcf194: shutdown FollowerState
2019-10-18 05:47:52,625 [Thread-706] INFO  impl.RaftServerImpl (RaftServerImpl.java:setRole(184)) - 291b4074-36ef-4604-afea-a446d5bcf194@group-397DB682EABB: changes role from  FOLLOWER to CANDIDATE at term 24 for changeToCandidate
2019-10-18 05:47:52,625 [Thread-706] INFO  impl.RoleInfo (RoleInfo.java:updateAndGet(143)) - 291b4074-36ef-4604-afea-a446d5bcf194: start LeaderElection
2019-10-18 05:47:52,651 [291b4074-36ef-4604-afea-a446d5bcf194@group-397DB682EABB-LeaderElection25] INFO  impl.LeaderElection (LeaderElection.java:askForVotes(178)) - 291b4074-36ef-4604-afea-a446d5bcf194@group-397DB682EABB-LeaderElection25: begin an election at term 25 for 0: [291b4074-36ef-4604-afea-a446d5bcf194:192.168.34.6:34859, e47f3d18-6550-4f27-a4cc-ce34c6c87b58:192.168.34.6:35257, 58c4827f-663e-41e6-a95a-5c02fdca8528:192.168.34.6:39496], old=null
2019-10-18 05:47:52,654 [grpc-default-executor-6] INFO  impl.RaftServerImpl (RaftServerImpl.java:setRole(184)) - e47f3d18-6550-4f27-a4cc-ce34c6c87b58@group-397DB682EABB: changes role from  FOLLOWER to FOLLOWER at term 25 for recognizeCandidate:291b4074-36ef-4604-afea-a446d5bcf194
2019-10-18 05:47:52,654 [grpc-default-executor-6] INFO  impl.RoleInfo (RoleInfo.java:shutdownFollowerState(121)) - e47f3d18-6550-4f27-a4cc-ce34c6c87b58: shutdown FollowerState
2019-10-18 05:47:52,654 [grpc-default-executor-1] INFO  impl.RaftServerImpl (RaftServerImpl.java:setRole(184)) - 58c4827f-663e-41e6-a95a-5c02fdca8528@group-397DB682EABB: changes role from  FOLLOWER to FOLLOWER at term 25 for recognizeCandidate:291b4074-36ef-4604-afea-a446d5bcf194
2019-10-18 05:47:52,654 [Thread-704] INFO  impl.FollowerState (FollowerState.java:run(117)) - e47f3d18-6550-4f27-a4cc-ce34c6c87b58@group-397DB682EABB-FollowerState was interrupted: java.lang.InterruptedException: sleep interrupted
2019-10-18 05:47:52,654 [grpc-default-executor-6] INFO  impl.RoleInfo (RoleInfo.java:updateAndGet(143)) - e47f3d18-6550-4f27-a4cc-ce34c6c87b58: start FollowerState
2019-10-18 05:47:52,655 [grpc-default-executor-1] INFO  impl.RoleInfo (RoleInfo.java:shutdownFollowerState(121)) - 58c4827f-663e-41e6-a95a-5c02fdca8528: shutdown FollowerState
2019-10-18 05:47:52,655 [Thread-705] INFO  impl.FollowerState (FollowerState.java:run(117)) - 58c4827f-663e-41e6-a95a-5c02fdca8528@group-397DB682EABB-FollowerState was interrupted: java.lang.InterruptedException: sleep interrupted
2019-10-18 05:47:52,655 [grpc-default-executor-1] INFO  impl.RoleInfo (RoleInfo.java:updateAndGet(143)) - 58c4827f-663e-41e6-a95a-5c02fdca8528: start FollowerState
2019-10-18 05:47:52,678 [291b4074-36ef-4604-afea-a446d5bcf194@group-397DB682EABB-LeaderElection25] INFO  impl.LeaderElection (LeaderElection.java:logAndReturn(56)) - 291b4074-36ef-4604-afea-a446d5bcf194@group-397DB682EABB-LeaderElection25: Election REJECTED; received 2 response(s) [291b4074-36ef-4604-afea-a446d5bcf194<-e47f3d18-6550-4f27-a4cc-ce34c6c87b58#0:FAIL-t25, 291b4074-36ef-4604-afea-a446d5bcf194<-58c4827f-663e-41e6-a95a-5c02fdca8528#0:FAIL-t25] and 0 exception(s); 291b4074-36ef-4604-afea-a446d5bcf194@group-397DB682EABB:t25, leader=null, voted=291b4074-36ef-4604-afea-a446d5bcf194, raftlog=291b4074-36ef-4604-afea-a446d5bcf194@group-397DB682EABB-SegmentedRaftLog:OPENED:c3,f4,i4, conf=0: [291b4074-36ef-4604-afea-a446d5bcf194:192.168.34.6:34859, e47f3d18-6550-4f27-a4cc-ce34c6c87b58:192.168.34.6:35257, 58c4827f-663e-41e6-a95a-5c02fdca8528:192.168.34.6:39496], old=null
2019-10-18 05:47:52,678 [291b4074-36ef-4604-afea-a446d5bcf194@group-397DB682EABB-LeaderElection25] INFO  impl.RaftServerImpl (RaftServerImpl.java:setRole(184)) - 291b4074-36ef-4604-afea-a446d5bcf194@group-397DB682EABB: changes role from CANDIDATE to FOLLOWER at term 25 for DISCOVERED_A_NEW_TERM
2019-10-18 05:47:52,678 [291b4074-36ef-4604-afea-a446d5bcf194@group-397DB682EABB-LeaderElection25] INFO  impl.RoleInfo (RoleInfo.java:shutdownLeaderElection(134)) - 291b4074-36ef-4604-afea-a446d5bcf194: shutdown LeaderElection
2019-10-18 05:47:52,678 [291b4074-36ef-4604-afea-a446d5bcf194@group-397DB682EABB-LeaderElection25] INFO  impl.RoleInfo (RoleInfo.java:updateAndGet(143)) - 291b4074-36ef-4604-afea-a446d5bcf194: start FollowerState
2019-10-18 05:47:52,779 [Thread-713] INFO  impl.FollowerState (FollowerState.java:run(108)) - 291b4074-36ef-4604-afea-a446d5bcf194@group-397DB682EABB-FollowerState: change to CANDIDATE, lastRpcTime:100ms, electionTimeout:100ms
2019-10-18 05:47:52,781 [Thread-713] INFO  impl.RoleInfo (RoleInfo.java:shutdownFollowerState(121)) - 291b4074-36ef-4604-afea-a446d5bcf194: shutdown FollowerState
2019-10-18 05:47:52,781 [Thread-713] INFO  impl.RaftServerImpl (RaftServerImpl.java:setRole(184)) - 291b4074-36ef-4604-afea-a446d5bcf194@group-397DB682EABB: changes role from  FOLLOWER to CANDIDATE at term 25 for changeToCandidate
2019-10-18 05:47:52,781 [Thread-713] INFO  impl.RoleInfo (RoleInfo.java:updateAndGet(143)) - 291b4074-36ef-4604-afea-a446d5bcf194: start LeaderElection
2019-10-18 05:47:52,804 [Thread-716] INFO  client.GrpcClientProtocolService (GrpcClientProtocolService.java:lambda$processClientRequest$0(278)) - Failed RaftClientRequest:client-15CC5DA066CF->58c4827f-663e-41e6-a95a-5c02fdca8528@group-397DB682EABB, cid=10, seq=0, Watch-ALL_COMMITTED(6), Message:<EMPTY>, reply=RaftClientReply:client-15CC5DA066CF->58c4827f-663e-41e6-a95a-5c02fdca8528@group-397DB682EABB, cid=10, FAILED org.apache.ratis.protocol.NotLeaderException: Server 58c4827f-663e-41e6-a95a-5c02fdca8528@group-397DB682EABB is not the leader, logIndex=0, commits[58c4827f-663e-41e6-a95a-5c02fdca8528:c10, 291b4074-36ef-4604-afea-a446d5bcf194:c4, e47f3d18-6550-4f27-a4cc-ce34c6c87b58:c10]
2019-10-18 05:47:52,806 [291b4074-36ef-4604-afea-a446d5bcf194@group-397DB682EABB-LeaderElection26] INFO  impl.LeaderElection (LeaderElection.java:askForVotes(178)) - 291b4074-36ef-4604-afea-a446d5bcf194@group-397DB682EABB-LeaderElection26: begin an election at term 26 for 0: [291b4074-36ef-4604-afea-a446d5bcf194:192.168.34.6:34859, e47f3d18-6550-4f27-a4cc-ce34c6c87b58:192.168.34.6:35257, 58c4827f-663e-41e6-a95a-5c02fdca8528:192.168.34.6:39496], old=null
2019-10-18 05:47:52,812 [grpc-default-executor-6] INFO  impl.RaftServerImpl (RaftServerImpl.java:setRole(184)) - 58c4827f-663e-41e6-a95a-5c02fdca8528@group-397DB682EABB: changes role from  FOLLOWER to FOLLOWER at term 26 for recognizeCandidate:291b4074-36ef-4604-afea-a446d5bcf194
2019-10-18 05:47:52,813 [grpc-default-executor-1] INFO  impl.RaftServerImpl (RaftServerImpl.java:setRole(184)) - e47f3d18-6550-4f27-a4cc-ce34c6c87b58@group-397DB682EABB: changes role from  FOLLOWER to FOLLOWER at term 26 for recognizeCandidate:291b4074-36ef-4604-afea-a446d5bcf194
2019-10-18 05:47:52,813 [grpc-default-executor-1] INFO  impl.RoleInfo (RoleInfo.java:shutdownFollowerState(121)) - e47f3d18-6550-4f27-a4cc-ce34c6c87b58: shutdown FollowerState
2019-10-18 05:47:52,813 [grpc-default-executor-6] INFO  impl.RoleInfo (RoleInfo.java:shutdownFollowerState(121)) - 58c4827f-663e-41e6-a95a-5c02fdca8528: shutdown FollowerState
2019-10-18 05:47:52,813 [Thread-711] INFO  impl.FollowerState (FollowerState.java:run(117)) - e47f3d18-6550-4f27-a4cc-ce34c6c87b58@group-397DB682EABB-FollowerState was interrupted: java.lang.InterruptedException: sleep interrupted
2019-10-18 05:47:52,814 [grpc-default-executor-6] INFO  impl.RoleInfo (RoleInfo.java:updateAndGet(143)) - 58c4827f-663e-41e6-a95a-5c02fdca8528: start FollowerState
2019-10-18 05:47:52,813 [grpc-default-executor-1] INFO  impl.RoleInfo (RoleInfo.java:updateAndGet(143)) - e47f3d18-6550-4f27-a4cc-ce34c6c87b58: start FollowerState
2019-10-18 05:47:52,814 [Thread-712] INFO  impl.FollowerState (FollowerState.java:run(117)) - 58c4827f-663e-41e6-a95a-5c02fdca8528@group-397DB682EABB-FollowerState was interrupted: java.lang.InterruptedException: sleep interrupted
2019-10-18 05:47:52,839 [291b4074-36ef-4604-afea-a446d5bcf194@group-397DB682EABB-LeaderElection26] INFO  impl.LeaderElection (LeaderElection.java:logAndReturn(56)) - 291b4074-36ef-4604-afea-a446d5bcf194@group-397DB682EABB-LeaderElection26: Election REJECTED; received 2 response(s) [291b4074-36ef-4604-afea-a446d5bcf194<-e47f3d18-6550-4f27-a4cc-ce34c6c87b58#0:FAIL-t26, 291b4074-36ef-4604-afea-a446d5bcf194<-58c4827f-663e-41e6-a95a-5c02fdca8528#0:FAIL-t26] and 0 exception(s); 291b4074-36ef-4604-afea-a446d5bcf194@group-397DB682EABB:t26, leader=null, voted=291b4074-36ef-4604-afea-a446d5bcf194, raftlog=291b4074-36ef-4604-afea-a446d5bcf194@group-397DB682EABB-SegmentedRaftLog:OPENED:c3,f4,i4, conf=0: [291b4074-36ef-4604-afea-a446d5bcf194:192.168.34.6:34859, e47f3d18-6550-4f27-a4cc-ce34c6c87b58:192.168.34.6:35257, 58c4827f-663e-41e6-a95a-5c02fdca8528:192.168.34.6:39496], old=null
2019-10-18 05:47:52,839 [291b4074-36ef-4604-afea-a446d5bcf194@group-397DB682EABB-LeaderElection26] INFO  impl.RaftServerImpl (RaftServerImpl.java:setRole(184)) - 291b4074-36ef-4604-afea-a446d5bcf194@group-397DB682EABB: changes role from CANDIDATE to FOLLOWER at term 26 for DISCOVERED_A_NEW_TERM
2019-10-18 05:47:52,839 [291b4074-36ef-4604-afea-a446d5bcf194@group-397DB682EABB-LeaderElection26] INFO  impl.RoleInfo (RoleInfo.java:shutdownLeaderElection(134)) - 291b4074-36ef-4604-afea-a446d5bcf194: shutdown LeaderElection
2019-10-18 05:47:52,839 [291b4074-36ef-4604-afea-a446d5bcf194@group-397DB682EABB-LeaderElection26] INFO  impl.RoleInfo (RoleInfo.java:updateAndGet(143)) - 291b4074-36ef-4604-afea-a446d5bcf194: start FollowerState
2019-10-18 05:47:52,973 [Thread-722] INFO  impl.FollowerState (FollowerState.java:run(108)) - 291b4074-36ef-4604-afea-a446d5bcf194@group-397DB682EABB-FollowerState: change to CANDIDATE, lastRpcTime:134ms, electionTimeout:134ms
2019-10-18 05:47:52,975 [Thread-722] INFO  impl.RoleInfo (RoleInfo.java:shutdownFollowerState(121)) - 291b4074-36ef-4604-afea-a446d5bcf194: shutdown FollowerState
2019-10-18 05:47:52,975 [Thread-722] INFO  impl.RaftServerImpl (RaftServerImpl.java:setRole(184)) - 291b4074-36ef-4604-afea-a446d5bcf194@group-397DB682EABB: changes role from  FOLLOWER to CANDIDATE at term 26 for changeToCandidate
2019-10-18 05:47:52,975 [Thread-722] INFO  impl.RoleInfo (RoleInfo.java:updateAndGet(143)) - 291b4074-36ef-4604-afea-a446d5bcf194: start LeaderElection
2019-10-18 05:47:52,988 [BlockDeletingService#3] WARN  background.BlockDeletingService (BlockDeletingService.java:isDeletionAllowed(187)) - Close Container log Index 6 is not replicated across allthe servers in the pipeline e751b4d9-2be2-4ced-b2ee-397db682eabb as the min replicated index is 4. Deletion is not allowed in this container yet.
2019-10-18 05:47:52,988 [BlockDeletingService#2] WARN  background.BlockDeletingService (BlockDeletingService.java:isDeletionAllowed(187)) - Close Container log Index 6 is not replicated across allthe servers in the pipeline e751b4d9-2be2-4ced-b2ee-397db682eabb as the min replicated index is 4. Deletion is not allowed in this container yet.
2019-10-18 05:47:52,997 [291b4074-36ef-4604-afea-a446d5bcf194@group-397DB682EABB-LeaderElection27] INFO  impl.LeaderElection (LeaderElection.java:askForVotes(178)) - 291b4074-36ef-4604-afea-a446d5bcf194@group-397DB682EABB-LeaderElection27: begin an election at term 27 for 0: [291b4074-36ef-4604-afea-a446d5bcf194:192.168.34.6:34859, e47f3d18-6550-4f27-a4cc-ce34c6c87b58:192.168.34.6:35257, 58c4827f-663e-41e6-a95a-5c02fdca8528:192.168.34.6:39496], old=null
2019-10-18 05:47:53,000 [grpc-default-executor-1] INFO  impl.RaftServerImpl (RaftServerImpl.java:setRole(184)) - 58c4827f-663e-41e6-a95a-5c02fdca8528@group-397DB682EABB: changes role from  FOLLOWER to FOLLOWER at term 27 for recognizeCandidate:291b4074-36ef-4604-afea-a446d5bcf194
2019-10-18 05:47:53,000 [grpc-default-executor-6] INFO  impl.RaftServerImpl (RaftServerImpl.java:setRole(184)) - e47f3d18-6550-4f27-a4cc-ce34c6c87b58@group-397DB682EABB: changes role from  FOLLOWER to FOLLOWER at term 27 for recognizeCandidate:291b4074-36ef-4604-afea-a446d5bcf194
2019-10-18 05:47:53,000 [grpc-default-executor-1] INFO  impl.RoleInfo (RoleInfo.java:shutdownFollowerState(121)) - 58c4827f-663e-41e6-a95a-5c02fdca8528: shutdown FollowerState
2019-10-18 05:47:53,000 [grpc-default-executor-6] INFO  impl.RoleInfo (RoleInfo.java:shutdownFollowerState(121)) - e47f3d18-6550-4f27-a4cc-ce34c6c87b58: shutdown FollowerState
2019-10-18 05:47:53,001 [Thread-721] INFO  impl.FollowerState (FollowerState.java:run(117)) - 58c4827f-663e-41e6-a95a-5c02fdca8528@group-397DB682EABB-FollowerState was interrupted: java.lang.InterruptedException: sleep interrupted
2019-10-18 05:47:53,001 [Thread-720] INFO  impl.FollowerState (FollowerState.java:run(117)) - e47f3d18-6550-4f27-a4cc-ce34c6c87b58@group-397DB682EABB-FollowerState was interrupted: java.lang.InterruptedException: sleep interrupted
2019-10-18 05:47:53,001 [grpc-default-executor-1] INFO  impl.RoleInfo (RoleInfo.java:updateAndGet(143)) - 58c4827f-663e-41e6-a95a-5c02fdca8528: start FollowerState
2019-10-18 05:47:53,001 [grpc-default-executor-6] INFO  impl.RoleInfo (RoleInfo.java:updateAndGet(143)) - e47f3d18-6550-4f27-a4cc-ce34c6c87b58: start FollowerState
2019-10-18 05:47:53,026 [291b4074-36ef-4604-afea-a446d5bcf194@group-397DB682EABB-LeaderElection27] INFO  impl.LeaderElection (LeaderElection.java:logAndReturn(56)) - 291b4074-36ef-4604-afea-a446d5bcf194@group-397DB682EABB-LeaderElection27: Election REJECTED; received 2 response(s) [291b4074-36ef-4604-afea-a446d5bcf194<-e47f3d18-6550-4f27-a4cc-ce34c6c87b58#0:FAIL-t27, 291b4074-36ef-4604-afea-a446d5bcf194<-58c4827f-663e-41e6-a95a-5c02fdca8528#0:FAIL-t27] and 0 exception(s); 291b4074-36ef-4604-afea-a446d5bcf194@group-397DB682EABB:t27, leader=null, voted=291b4074-36ef-4604-afea-a446d5bcf194, raftlog=291b4074-36ef-4604-afea-a446d5bcf194@group-397DB682EABB-SegmentedRaftLog:OPENED:c3,f4,i4, conf=0: [291b4074-36ef-4604-afea-a446d5bcf194:192.168.34.6:34859, e47f3d18-6550-4f27-a4cc-ce34c6c87b58:192.168.34.6:35257, 58c4827f-663e-41e6-a95a-5c02fdca8528:192.168.34.6:39496], old=null
2019-10-18 05:47:53,026 [291b4074-36ef-4604-afea-a446d5bcf194@group-397DB682EABB-LeaderElection27] INFO  impl.RaftServerImpl (RaftServerImpl.java:setRole(184)) - 291b4074-36ef-4604-afea-a446d5bcf194@group-397DB682EABB: changes role from CANDIDATE to FOLLOWER at term 27 for DISCOVERED_A_NEW_TERM
2019-10-18 05:47:53,026 [291b4074-36ef-4604-afea-a446d5bcf194@group-397DB682EABB-LeaderElection27] INFO  impl.RoleInfo (RoleInfo.java:shutdownLeaderElection(134)) - 291b4074-36ef-4604-afea-a446d5bcf194: shutdown LeaderElection
2019-10-18 05:47:53,026 [291b4074-36ef-4604-afea-a446d5bcf194@group-397DB682EABB-LeaderElection27] INFO  impl.RoleInfo (RoleInfo.java:updateAndGet(143)) - 291b4074-36ef-4604-afea-a446d5bcf194: start FollowerState
2019-10-18 05:47:53,029 [Thread-730] INFO  impl.FollowerState (FollowerState.java:run(108)) - 291b4074-36ef-4604-afea-a446d5bcf194@group-397DB682EABB-FollowerState: change to CANDIDATE, lastRpcTime:3ms, electionTimeout:3ms
2019-10-18 05:47:53,031 [Thread-730] INFO  impl.RoleInfo (RoleInfo.java:shutdownFollowerState(121)) - 291b4074-36ef-4604-afea-a446d5bcf194: shutdown FollowerState
2019-10-18 05:47:53,031 [Thread-730] INFO  impl.RaftServerImpl (RaftServerImpl.java:setRole(184)) - 291b4074-36ef-4604-afea-a446d5bcf194@group-397DB682EABB: changes role from  FOLLOWER to CANDIDATE at term 27 for changeToCandidate
2019-10-18 05:47:53,031 [Thread-730] INFO  impl.RoleInfo (RoleInfo.java:updateAndGet(143)) - 291b4074-36ef-4604-afea-a446d5bcf194: start LeaderElection
2019-10-18 05:47:53,054 [291b4074-36ef-4604-afea-a446d5bcf194@group-397DB682EABB-LeaderElection28] INFO  impl.LeaderElection (LeaderElection.java:askForVotes(178)) - 291b4074-36ef-4604-afea-a446d5bcf194@group-397DB682EABB-LeaderElection28: begin an election at term 28 for 0: [291b4074-36ef-4604-afea-a446d5bcf194:192.168.34.6:34859, e47f3d18-6550-4f27-a4cc-ce34c6c87b58:192.168.34.6:35257, 58c4827f-663e-41e6-a95a-5c02fdca8528:192.168.34.6:39496], old=null
2019-10-18 05:47:53,057 [grpc-default-executor-1] INFO  impl.RaftServerImpl (RaftServerImpl.java:setRole(184)) - e47f3d18-6550-4f27-a4cc-ce34c6c87b58@group-397DB682EABB: changes role from  FOLLOWER to FOLLOWER at term 28 for recognizeCandidate:291b4074-36ef-4604-afea-a446d5bcf194
2019-10-18 05:47:53,057 [grpc-default-executor-1] INFO  impl.RoleInfo (RoleInfo.java:shutdownFollowerState(121)) - e47f3d18-6550-4f27-a4cc-ce34c6c87b58: shutdown FollowerState
2019-10-18 05:47:53,057 [grpc-default-executor-6] INFO  impl.RaftServerImpl (RaftServerImpl.java:setRole(184)) - 58c4827f-663e-41e6-a95a-5c02fdca8528@group-397DB682EABB: changes role from  FOLLOWER to FOLLOWER at term 28 for recognizeCandidate:291b4074-36ef-4604-afea-a446d5bcf194
2019-10-18 05:47:53,057 [Thread-729] INFO  impl.FollowerState (FollowerState.java:run(117)) - e47f3d18-6550-4f27-a4cc-ce34c6c87b58@group-397DB682EABB-FollowerState was interrupted: java.lang.InterruptedException: sleep interrupted
2019-10-18 05:47:53,057 [grpc-default-executor-1] INFO  impl.RoleInfo (RoleInfo.java:updateAndGet(143)) - e47f3d18-6550-4f27-a4cc-ce34c6c87b58: start FollowerState
2019-10-18 05:47:53,057 [grpc-default-executor-6] INFO  impl.RoleInfo (RoleInfo.java:shutdownFollowerState(121)) - 58c4827f-663e-41e6-a95a-5c02fdca8528: shutdown FollowerState
2019-10-18 05:47:53,058 [Thread-728] INFO  impl.FollowerState (FollowerState.java:run(117)) - 58c4827f-663e-41e6-a95a-5c02fdca8528@group-397DB682EABB-FollowerState was interrupted: java.lang.InterruptedException: sleep interrupted
2019-10-18 05:47:53,058 [grpc-default-executor-6] INFO  impl.RoleInfo (RoleInfo.java:updateAndGet(143)) - 58c4827f-663e-41e6-a95a-5c02fdca8528: start FollowerState
2019-10-18 05:47:53,083 [291b4074-36ef-4604-afea-a446d5bcf194@group-397DB682EABB-LeaderElection28] INFO  impl.LeaderElection (LeaderElection.java:logAndReturn(56)) - 291b4074-36ef-4604-afea-a446d5bcf194@group-397DB682EABB-LeaderElection28: Election REJECTED; received 2 response(s) [291b4074-36ef-4604-afea-a446d5bcf194<-e47f3d18-6550-4f27-a4cc-ce34c6c87b58#0:FAIL-t28, 291b4074-36ef-4604-afea-a446d5bcf194<-58c4827f-663e-41e6-a95a-5c02fdca8528#0:FAIL-t28] and 0 exception(s); 291b4074-36ef-4604-afea-a446d5bcf194@group-397DB682EABB:t28, leader=null, voted=291b4074-36ef-4604-afea-a446d5bcf194, raftlog=291b4074-36ef-4604-afea-a446d5bcf194@group-397DB682EABB-SegmentedRaftLog:OPENED:c3,f4,i4, conf=0: [291b4074-36ef-4604-afea-a446d5bcf194:192.168.34.6:34859, e47f3d18-6550-4f27-a4cc-ce34c6c87b58:192.168.34.6:35257, 58c4827f-663e-41e6-a95a-5c02fdca8528:192.168.34.6:39496], old=null
2019-10-18 05:47:53,083 [291b4074-36ef-4604-afea-a446d5bcf194@group-397DB682EABB-LeaderElection28] INFO  impl.RaftServerImpl (RaftServerImpl.java:setRole(184)) - 291b4074-36ef-4604-afea-a446d5bcf194@group-397DB682EABB: changes role from CANDIDATE to FOLLOWER at term 28 for DISCOVERED_A_NEW_TERM
2019-10-18 05:47:53,083 [291b4074-36ef-4604-afea-a446d5bcf194@group-397DB682EABB-LeaderElection28] INFO  impl.RoleInfo (RoleInfo.java:shutdownLeaderElection(134)) - 291b4074-36ef-4604-afea-a446d5bcf194: shutdown LeaderElection
2019-10-18 05:47:53,083 [291b4074-36ef-4604-afea-a446d5bcf194@group-397DB682EABB-LeaderElection28] INFO  impl.RoleInfo (RoleInfo.java:updateAndGet(143)) - 291b4074-36ef-4604-afea-a446d5bcf194: start FollowerState
2019-10-18 05:47:53,129 [Thread-736] INFO  impl.FollowerState (FollowerState.java:run(108)) - 291b4074-36ef-4604-afea-a446d5bcf194@group-397DB682EABB-FollowerState: change to CANDIDATE, lastRpcTime:45ms, electionTimeout:45ms
2019-10-18 05:47:53,130 [Thread-736] INFO  impl.RoleInfo (RoleInfo.java:shutdownFollowerState(121)) - 291b4074-36ef-4604-afea-a446d5bcf194: shutdown FollowerState
2019-10-18 05:47:53,130 [Thread-736] INFO  impl.RaftServerImpl (RaftServerImpl.java:setRole(184)) - 291b4074-36ef-4604-afea-a446d5bcf194@group-397DB682EABB: changes role from  FOLLOWER to CANDIDATE at term 28 for changeToCandidate
2019-10-18 05:47:53,131 [Thread-736] INFO  impl.RoleInfo (RoleInfo.java:updateAndGet(143)) - 291b4074-36ef-4604-afea-a446d5bcf194: start LeaderElection
2019-10-18 05:47:53,155 [291b4074-36ef-4604-afea-a446d5bcf194@group-397DB682EABB-LeaderElection29] INFO  impl.LeaderElection (LeaderElection.java:askForVotes(178)) - 291b4074-36ef-4604-afea-a446d5bcf194@group-397DB682EABB-LeaderElection29: begin an election at term 29 for 0: [291b4074-36ef-4604-afea-a446d5bcf194:192.168.34.6:34859, e47f3d18-6550-4f27-a4cc-ce34c6c87b58:192.168.34.6:35257, 58c4827f-663e-41e6-a95a-5c02fdca8528:192.168.34.6:39496], old=null
2019-10-18 05:47:53,158 [grpc-default-executor-1] INFO  impl.RaftServerImpl (RaftServerImpl.java:setRole(184)) - 58c4827f-663e-41e6-a95a-5c02fdca8528@group-397DB682EABB: changes role from  FOLLOWER to FOLLOWER at term 29 for recognizeCandidate:291b4074-36ef-4604-afea-a446d5bcf194
2019-10-18 05:47:53,158 [grpc-default-executor-6] INFO  impl.RaftServerImpl (RaftServerImpl.java:setRole(184)) - e47f3d18-6550-4f27-a4cc-ce34c6c87b58@group-397DB682EABB: changes role from  FOLLOWER to FOLLOWER at term 29 for recognizeCandidate:291b4074-36ef-4604-afea-a446d5bcf194
2019-10-18 05:47:53,158 [grpc-default-executor-1] INFO  impl.RoleInfo (RoleInfo.java:shutdownFollowerState(121)) - 58c4827f-663e-41e6-a95a-5c02fdca8528: shutdown FollowerState
2019-10-18 05:47:53,158 [grpc-default-executor-6] INFO  impl.RoleInfo (RoleInfo.java:shutdownFollowerState(121)) - e47f3d18-6550-4f27-a4cc-ce34c6c87b58: shutdown FollowerState
2019-10-18 05:47:53,158 [Thread-735] INFO  impl.FollowerState (FollowerState.java:run(117)) - 58c4827f-663e-41e6-a95a-5c02fdca8528@group-397DB682EABB-FollowerState was interrupted: java.lang.InterruptedException: sleep interrupted
2019-10-18 05:47:53,158 [grpc-default-executor-1] INFO  impl.RoleInfo (RoleInfo.java:updateAndGet(143)) - 58c4827f-663e-41e6-a95a-5c02fdca8528: start FollowerState
2019-10-18 05:47:53,158 [Thread-734] INFO  impl.FollowerState (FollowerState.java:run(117)) - e47f3d18-6550-4f27-a4cc-ce34c6c87b58@group-397DB682EABB-FollowerState was interrupted: java.lang.InterruptedException: sleep interrupted
2019-10-18 05:47:53,158 [grpc-default-executor-6] INFO  impl.RoleInfo (RoleInfo.java:updateAndGet(143)) - e47f3d18-6550-4f27-a4cc-ce34c6c87b58: start FollowerState
2019-10-18 05:47:53,198 [291b4074-36ef-4604-afea-a446d5bcf194@group-397DB682EABB-LeaderElection29] INFO  impl.LeaderElection (LeaderElection.java:logAndReturn(56)) - 291b4074-36ef-4604-afea-a446d5bcf194@group-397DB682EABB-LeaderElection29: Election REJECTED; received 2 response(s) [291b4074-36ef-4604-afea-a446d5bcf194<-e47f3d18-6550-4f27-a4cc-ce34c6c87b58#0:FAIL-t29, 291b4074-36ef-4604-afea-a446d5bcf194<-58c4827f-663e-41e6-a95a-5c02fdca8528#0:FAIL-t29] and 0 exception(s); 291b4074-36ef-4604-afea-a446d5bcf194@group-397DB682EABB:t29, leader=null, voted=291b4074-36ef-4604-afea-a446d5bcf194, raftlog=291b4074-36ef-4604-afea-a446d5bcf194@group-397DB682EABB-SegmentedRaftLog:OPENED:c3,f4,i4, conf=0: [291b4074-36ef-4604-afea-a446d5bcf194:192.168.34.6:34859, e47f3d18-6550-4f27-a4cc-ce34c6c87b58:192.168.34.6:35257, 58c4827f-663e-41e6-a95a-5c02fdca8528:192.168.34.6:39496], old=null
2019-10-18 05:47:53,198 [291b4074-36ef-4604-afea-a446d5bcf194@group-397DB682EABB-LeaderElection29] INFO  impl.RaftServerImpl (RaftServerImpl.java:setRole(184)) - 291b4074-36ef-4604-afea-a446d5bcf194@group-397DB682EABB: changes role from CANDIDATE to FOLLOWER at term 29 for DISCOVERED_A_NEW_TERM
2019-10-18 05:47:53,199 [291b4074-36ef-4604-afea-a446d5bcf194@group-397DB682EABB-LeaderElection29] INFO  impl.RoleInfo (RoleInfo.java:shutdownLeaderElection(134)) - 291b4074-36ef-4604-afea-a446d5bcf194: shutdown LeaderElection
2019-10-18 05:47:53,199 [291b4074-36ef-4604-afea-a446d5bcf194@group-397DB682EABB-LeaderElection29] INFO  impl.RoleInfo (RoleInfo.java:updateAndGet(143)) - 291b4074-36ef-4604-afea-a446d5bcf194: start FollowerState
2019-10-18 05:47:53,294 [Thread-742] INFO  impl.FollowerState (FollowerState.java:run(108)) - 291b4074-36ef-4604-afea-a446d5bcf194@group-397DB682EABB-FollowerState: change to CANDIDATE, lastRpcTime:95ms, electionTimeout:95ms
2019-10-18 05:47:53,296 [Thread-742] INFO  impl.RoleInfo (RoleInfo.java:shutdownFollowerState(121)) - 291b4074-36ef-4604-afea-a446d5bcf194: shutdown FollowerState
2019-10-18 05:47:53,296 [Thread-742] INFO  impl.RaftServerImpl (RaftServerImpl.java:setRole(184)) - 291b4074-36ef-4604-afea-a446d5bcf194@group-397DB682EABB: changes role from  FOLLOWER to CANDIDATE at term 29 for changeToCandidate
2019-10-18 05:47:53,296 [Thread-742] INFO  impl.RoleInfo (RoleInfo.java:updateAndGet(143)) - 291b4074-36ef-4604-afea-a446d5bcf194: start LeaderElection
2019-10-18 05:47:53,322 [291b4074-36ef-4604-afea-a446d5bcf194@group-397DB682EABB-LeaderElection30] INFO  impl.LeaderElection (LeaderElection.java:askForVotes(178)) - 291b4074-36ef-4604-afea-a446d5bcf194@group-397DB682EABB-LeaderElection30: begin an election at term 30 for 0: [291b4074-36ef-4604-afea-a446d5bcf194:192.168.34.6:34859, e47f3d18-6550-4f27-a4cc-ce34c6c87b58:192.168.34.6:35257, 58c4827f-663e-41e6-a95a-5c02fdca8528:192.168.34.6:39496], old=null
2019-10-18 05:47:53,325 [grpc-default-executor-1] INFO  impl.RaftServerImpl (RaftServerImpl.java:setRole(184)) - e47f3d18-6550-4f27-a4cc-ce34c6c87b58@group-397DB682EABB: changes role from  FOLLOWER to FOLLOWER at term 30 for recognizeCandidate:291b4074-36ef-4604-afea-a446d5bcf194
2019-10-18 05:47:53,325 [grpc-default-executor-6] INFO  impl.RaftServerImpl (RaftServerImpl.java:setRole(184)) - 58c4827f-663e-41e6-a95a-5c02fdca8528@group-397DB682EABB: changes role from  FOLLOWER to FOLLOWER at term 30 for recognizeCandidate:291b4074-36ef-4604-afea-a446d5bcf194
2019-10-18 05:47:53,325 [grpc-default-executor-1] INFO  impl.RoleInfo (RoleInfo.java:shutdownFollowerState(121)) - e47f3d18-6550-4f27-a4cc-ce34c6c87b58: shutdown FollowerState
2019-10-18 05:47:53,326 [grpc-default-executor-6] INFO  impl.RoleInfo (RoleInfo.java:shutdownFollowerState(121)) - 58c4827f-663e-41e6-a95a-5c02fdca8528: shutdown FollowerState
2019-10-18 05:47:53,326 [Thread-741] INFO  impl.FollowerState (FollowerState.java:run(117)) - e47f3d18-6550-4f27-a4cc-ce34c6c87b58@group-397DB682EABB-FollowerState was interrupted: java.lang.InterruptedException: sleep interrupted
2019-10-18 05:47:53,326 [Thread-740] INFO  impl.FollowerState (FollowerState.java:run(117)) - 58c4827f-663e-41e6-a95a-5c02fdca8528@group-397DB682EABB-FollowerState was interrupted: java.lang.InterruptedException: sleep interrupted
2019-10-18 05:47:53,326 [grpc-default-executor-1] INFO  impl.RoleInfo (RoleInfo.java:updateAndGet(143)) - e47f3d18-6550-4f27-a4cc-ce34c6c87b58: start FollowerState
2019-10-18 05:47:53,326 [grpc-default-executor-6] INFO  impl.RoleInfo (RoleInfo.java:updateAndGet(143)) - 58c4827f-663e-41e6-a95a-5c02fdca8528: start FollowerState
2019-10-18 05:47:53,349 [291b4074-36ef-4604-afea-a446d5bcf194@group-397DB682EABB-LeaderElection30] INFO  impl.LeaderElection (LeaderElection.java:logAndReturn(56)) - 291b4074-36ef-4604-afea-a446d5bcf194@group-397DB682EABB-LeaderElection30: Election REJECTED; received 2 response(s) [291b4074-36ef-4604-afea-a446d5bcf194<-e47f3d18-6550-4f27-a4cc-ce34c6c87b58#0:FAIL-t30, 291b4074-36ef-4604-afea-a446d5bcf194<-58c4827f-663e-41e6-a95a-5c02fdca8528#0:FAIL-t30] and 0 exception(s); 291b4074-36ef-4604-afea-a446d5bcf194@group-397DB682EABB:t30, leader=null, voted=291b4074-36ef-4604-afea-a446d5bcf194, raftlog=291b4074-36ef-4604-afea-a446d5bcf194@group-397DB682EABB-SegmentedRaftLog:OPENED:c3,f4,i4, conf=0: [291b4074-36ef-4604-afea-a446d5bcf194:192.168.34.6:34859, e47f3d18-6550-4f27-a4cc-ce34c6c87b58:192.168.34.6:35257, 58c4827f-663e-41e6-a95a-5c02fdca8528:192.168.34.6:39496], old=null
2019-10-18 05:47:53,349 [291b4074-36ef-4604-afea-a446d5bcf194@group-397DB682EABB-LeaderElection30] INFO  impl.RaftServerImpl (RaftServerImpl.java:setRole(184)) - 291b4074-36ef-4604-afea-a446d5bcf194@group-397DB682EABB: changes role from CANDIDATE to FOLLOWER at term 30 for DISCOVERED_A_NEW_TERM
2019-10-18 05:47:53,350 [291b4074-36ef-4604-afea-a446d5bcf194@group-397DB682EABB-LeaderElection30] INFO  impl.RoleInfo (RoleInfo.java:shutdownLeaderElection(134)) - 291b4074-36ef-4604-afea-a446d5bcf194: shutdown LeaderElection
2019-10-18 05:47:53,350 [291b4074-36ef-4604-afea-a446d5bcf194@group-397DB682EABB-LeaderElection30] INFO  impl.RoleInfo (RoleInfo.java:updateAndGet(143)) - 291b4074-36ef-4604-afea-a446d5bcf194: start FollowerState
2019-10-18 05:47:53,356 [Thread-748] INFO  impl.FollowerState (FollowerState.java:run(108)) - 291b4074-36ef-4604-afea-a446d5bcf194@group-397DB682EABB-FollowerState: change to CANDIDATE, lastRpcTime:6ms, electionTimeout:6ms
2019-10-18 05:47:53,358 [Thread-748] INFO  impl.RoleInfo (RoleInfo.java:shutdownFollowerState(121)) - 291b4074-36ef-4604-afea-a446d5bcf194: shutdown FollowerState
2019-10-18 05:47:53,358 [Thread-748] INFO  impl.RaftServerImpl (RaftServerImpl.java:setRole(184)) - 291b4074-36ef-4604-afea-a446d5bcf194@group-397DB682EABB: changes role from  FOLLOWER to CANDIDATE at term 30 for changeToCandidate
2019-10-18 05:47:53,358 [Thread-748] INFO  impl.RoleInfo (RoleInfo.java:updateAndGet(143)) - 291b4074-36ef-4604-afea-a446d5bcf194: start LeaderElection
2019-10-18 05:47:53,381 [291b4074-36ef-4604-afea-a446d5bcf194@group-397DB682EABB-LeaderElection31] INFO  impl.LeaderElection (LeaderElection.java:askForVotes(178)) - 291b4074-36ef-4604-afea-a446d5bcf194@group-397DB682EABB-LeaderElection31: begin an election at term 31 for 0: [291b4074-36ef-4604-afea-a446d5bcf194:192.168.34.6:34859, e47f3d18-6550-4f27-a4cc-ce34c6c87b58:192.168.34.6:35257, 58c4827f-663e-41e6-a95a-5c02fdca8528:192.168.34.6:39496], old=null
2019-10-18 05:47:53,384 [grpc-default-executor-1] INFO  impl.RaftServerImpl (RaftServerImpl.java:setRole(184)) - e47f3d18-6550-4f27-a4cc-ce34c6c87b58@group-397DB682EABB: changes role from  FOLLOWER to FOLLOWER at term 31 for recognizeCandidate:291b4074-36ef-4604-afea-a446d5bcf194
2019-10-18 05:47:53,384 [grpc-default-executor-6] INFO  impl.RaftServerImpl (RaftServerImpl.java:setRole(184)) - 58c4827f-663e-41e6-a95a-5c02fdca8528@group-397DB682EABB: changes role from  FOLLOWER to FOLLOWER at term 31 for recognizeCandidate:291b4074-36ef-4604-afea-a446d5bcf194
2019-10-18 05:47:53,384 [grpc-default-executor-1] INFO  impl.RoleInfo (RoleInfo.java:shutdownFollowerState(121)) - e47f3d18-6550-4f27-a4cc-ce34c6c87b58: shutdown FollowerState
2019-10-18 05:47:53,384 [grpc-default-executor-6] INFO  impl.RoleInfo (RoleInfo.java:shutdownFollowerState(121)) - 58c4827f-663e-41e6-a95a-5c02fdca8528: shutdown FollowerState
2019-10-18 05:47:53,385 [Thread-746] INFO  impl.FollowerState (FollowerState.java:run(117)) - e47f3d18-6550-4f27-a4cc-ce34c6c87b58@group-397DB682EABB-FollowerState was interrupted: java.lang.InterruptedException: sleep interrupted
2019-10-18 05:47:53,385 [grpc-default-executor-1] INFO  impl.RoleInfo (RoleInfo.java:updateAndGet(143)) - e47f3d18-6550-4f27-a4cc-ce34c6c87b58: start FollowerState
2019-10-18 05:47:53,385 [Thread-747] INFO  impl.FollowerState (FollowerState.java:run(117)) - 58c4827f-663e-41e6-a95a-5c02fdca8528@group-397DB682EABB-FollowerState was interrupted: java.lang.InterruptedException: sleep interrupted
2019-10-18 05:47:53,385 [grpc-default-executor-6] INFO  impl.RoleInfo (RoleInfo.java:updateAndGet(143)) - 58c4827f-663e-41e6-a95a-5c02fdca8528: start FollowerState
2019-10-18 05:47:53,392 [EventQueue-PendingDeleteStatusForPendingDeleteHandler] INFO  block.SCMBlockDeletingService (SCMBlockDeletingService.java:handlePendingDeletes(115)) - Block deletion txnID mismatch in datanode 291b4074-36ef-4604-afea-a446d5bcf194 for containerID 1. Datanode delete txnID: 0, SCM txnID: 1
2019-10-18 05:47:53,409 [291b4074-36ef-4604-afea-a446d5bcf194@group-397DB682EABB-LeaderElection31] INFO  impl.LeaderElection (LeaderElection.java:logAndReturn(56)) - 291b4074-36ef-4604-afea-a446d5bcf194@group-397DB682EABB-LeaderElection31: Election REJECTED; received 2 response(s) [291b4074-36ef-4604-afea-a446d5bcf194<-e47f3d18-6550-4f27-a4cc-ce34c6c87b58#0:FAIL-t31, 291b4074-36ef-4604-afea-a446d5bcf194<-58c4827f-663e-41e6-a95a-5c02fdca8528#0:FAIL-t31] and 0 exception(s); 291b4074-36ef-4604-afea-a446d5bcf194@group-397DB682EABB:t31, leader=null, voted=291b4074-36ef-4604-afea-a446d5bcf194, raftlog=291b4074-36ef-4604-afea-a446d5bcf194@group-397DB682EABB-SegmentedRaftLog:OPENED:c3,f4,i4, conf=0: [291b4074-36ef-4604-afea-a446d5bcf194:192.168.34.6:34859, e47f3d18-6550-4f27-a4cc-ce34c6c87b58:192.168.34.6:35257, 58c4827f-663e-41e6-a95a-5c02fdca8528:192.168.34.6:39496], old=null
2019-10-18 05:47:53,410 [291b4074-36ef-4604-afea-a446d5bcf194@group-397DB682EABB-LeaderElection31] INFO  impl.RaftServerImpl (RaftServerImpl.java:setRole(184)) - 291b4074-36ef-4604-afea-a446d5bcf194@group-397DB682EABB: changes role from CANDIDATE to FOLLOWER at term 31 for DISCOVERED_A_NEW_TERM
2019-10-18 05:47:53,410 [291b4074-36ef-4604-afea-a446d5bcf194@group-397DB682EABB-LeaderElection31] INFO  impl.RoleInfo (RoleInfo.java:shutdownLeaderElection(134)) - 291b4074-36ef-4604-afea-a446d5bcf194: shutdown LeaderElection
2019-10-18 05:47:53,410 [291b4074-36ef-4604-afea-a446d5bcf194@group-397DB682EABB-LeaderElection31] INFO  impl.RoleInfo (RoleInfo.java:updateAndGet(143)) - 291b4074-36ef-4604-afea-a446d5bcf194: start FollowerState
2019-10-18 05:47:53,412 [grpc-default-executor-6] INFO  impl.RaftServerProxy (RaftServerProxy.java:addNew(89)) - 291b4074-36ef-4604-afea-a446d5bcf194: addNew group-B12EF85E58E2:[291b4074-36ef-4604-afea-a446d5bcf194:192.168.34.6:34859] returns group-B12EF85E58E2:java.util.concurrent.CompletableFuture@ac612af[Not completed]
2019-10-18 05:47:53,415 [pool-59-thread-1] INFO  impl.RaftServerImpl (RaftServerImpl.java:<init>(104)) - 291b4074-36ef-4604-afea-a446d5bcf194: new RaftServerImpl for group-B12EF85E58E2:[291b4074-36ef-4604-afea-a446d5bcf194:192.168.34.6:34859] with ContainerStateMachine:uninitialized
2019-10-18 05:47:53,415 [pool-59-thread-1] INFO  server.RaftServerConfigKeys (ConfUtils.java:logGet(43)) - raft.server.rpc.timeout.min = 5s (custom)
2019-10-18 05:47:53,415 [pool-59-thread-1] INFO  server.RaftServerConfigKeys (ConfUtils.java:logGet(43)) - raft.server.rpc.timeout.max = 5200ms (custom)
2019-10-18 05:47:53,415 [pool-59-thread-1] INFO  server.RaftServerConfigKeys (ConfUtils.java:logGet(43)) - raft.server.rpcslowness.timeout = 1000s (custom)
2019-10-18 05:47:53,415 [pool-59-thread-1] INFO  server.RaftServerConfigKeys (ConfUtils.java:logGet(43)) - raft.server.sleep.deviation.threshold = 300 (default)
2019-10-18 05:47:53,415 [pool-59-thread-1] INFO  server.RaftServerConfigKeys (ConfUtils.java:logGet(43)) - raft.server.log.appender.install.snapshot.enabled = false (custom)
2019-10-18 05:47:53,415 [pool-59-thread-1] INFO  impl.RaftServerImpl (ServerState.java:<init>(103)) - 291b4074-36ef-4604-afea-a446d5bcf194@group-B12EF85E58E2: ConfigurationManager, init=-1: [291b4074-36ef-4604-afea-a446d5bcf194:192.168.34.6:34859], old=null, confs=<EMPTY_MAP>
2019-10-18 05:47:53,415 [pool-59-thread-1] INFO  server.RaftServerConfigKeys (ConfUtils.java:logGet(43)) - raft.server.storage.dir = [/workdir/hadoop-ozone/integration-test/target/test-dir/MiniOzoneClusterImpl-bdd1ebd8-a644-496b-9074-58a768d0a1bb/datanode-2/data/ratis] (custom)
2019-10-18 05:47:53,416 [pool-59-thread-1] INFO  server.RaftServerConfigKeys (ConfUtils.java:logGet(43)) - raft.server.log.corruption.policy = EXCEPTION (default)
2019-10-18 05:47:53,416 [pool-59-thread-1] INFO  storage.RaftStorageDirectory (RaftStorageDirectory.java:analyzeStorage(246)) - The storage directory /workdir/hadoop-ozone/integration-test/target/test-dir/MiniOzoneClusterImpl-bdd1ebd8-a644-496b-9074-58a768d0a1bb/datanode-2/data/ratis/7794b10c-ea36-444e-8b9b-b12ef85e58e2 does not exist. Creating ...
2019-10-18 05:47:53,425 [Thread-755] INFO  impl.FollowerState (FollowerState.java:run(108)) - 291b4074-36ef-4604-afea-a446d5bcf194@group-397DB682EABB-FollowerState: change to CANDIDATE, lastRpcTime:15ms, electionTimeout:15ms
2019-10-18 05:47:53,425 [Thread-755] INFO  impl.RoleInfo (RoleInfo.java:shutdownFollowerState(121)) - 291b4074-36ef-4604-afea-a446d5bcf194: shutdown FollowerState
2019-10-18 05:47:53,426 [Thread-755] INFO  impl.RaftServerImpl (RaftServerImpl.java:setRole(184)) - 291b4074-36ef-4604-afea-a446d5bcf194@group-397DB682EABB: changes role from  FOLLOWER to CANDIDATE at term 31 for changeToCandidate
2019-10-18 05:47:53,426 [Thread-755] INFO  impl.RoleInfo (RoleInfo.java:updateAndGet(143)) - 291b4074-36ef-4604-afea-a446d5bcf194: start LeaderElection
2019-10-18 05:47:53,432 [pool-59-thread-1] INFO  storage.RaftStorageDirectory (RaftStorageDirectory.java:tryLock(328)) - Lock on /workdir/hadoop-ozone/integration-test/target/test-dir/MiniOzoneClusterImpl-bdd1ebd8-a644-496b-9074-58a768d0a1bb/datanode-2/data/ratis/7794b10c-ea36-444e-8b9b-b12ef85e58e2/in_use.lock acquired by nodename 27131@pr-hdds-2286-rggtd-639769477
2019-10-18 05:47:53,450 [pool-59-thread-1] INFO  storage.RaftStorage (RaftStorage.java:format(84)) - Storage directory /workdir/hadoop-ozone/integration-test/target/test-dir/MiniOzoneClusterImpl-bdd1ebd8-a644-496b-9074-58a768d0a1bb/datanode-2/data/ratis/7794b10c-ea36-444e-8b9b-b12ef85e58e2 has been successfully formatted.
2019-10-18 05:47:53,450 [291b4074-36ef-4604-afea-a446d5bcf194@group-397DB682EABB-LeaderElection32] INFO  impl.LeaderElection (LeaderElection.java:askForVotes(178)) - 291b4074-36ef-4604-afea-a446d5bcf194@group-397DB682EABB-LeaderElection32: begin an election at term 32 for 0: [291b4074-36ef-4604-afea-a446d5bcf194:192.168.34.6:34859, e47f3d18-6550-4f27-a4cc-ce34c6c87b58:192.168.34.6:35257, 58c4827f-663e-41e6-a95a-5c02fdca8528:192.168.34.6:39496], old=null
2019-10-18 05:47:53,450 [pool-59-thread-1] INFO  ratis.ContainerStateMachine (ContainerStateMachine.java:loadSnapshot(231)) - group-B12EF85E58E2: The snapshot info is null. Setting the last applied indexto:(t:0, i:~)
2019-10-18 05:47:53,450 [pool-59-thread-1] INFO  server.RaftServerConfigKeys (ConfUtils.java:logGet(43)) - raft.server.notification.no-leader.timeout = 1000s (custom)
2019-10-18 05:47:53,450 [pool-59-thread-1] INFO  server.RaftServerConfigKeys (ConfUtils.java:logGet(43)) - raft.server.log.use.memory = false (default)
2019-10-18 05:47:53,450 [pool-59-thread-1] INFO  server.RaftServerConfigKeys (ConfUtils.java:logGet(43)) - raft.server.log.purge.gap = 1000000 (custom)
2019-10-18 05:47:53,451 [pool-59-thread-1] INFO  server.RaftServerConfigKeys (ConfUtils.java:logGet(43)) - raft.server.log.appender.buffer.byte-limit = 33554432 (custom)
2019-10-18 05:47:53,451 [pool-59-thread-1] INFO  server.RaftServerConfigKeys (ConfUtils.java:logGet(43)) - raft.server.log.segment.size.max = 1048576 (custom)
2019-10-18 05:47:53,451 [pool-59-thread-1] INFO  server.RaftServerConfigKeys (ConfUtils.java:logGet(43)) - raft.server.log.segment.cache.num.max = 2 (custom)
2019-10-18 05:47:53,451 [pool-59-thread-1] INFO  segmented.SegmentedRaftLogWorker (SegmentedRaftLogWorker.java:<init>(173)) - new 291b4074-36ef-4604-afea-a446d5bcf194@group-B12EF85E58E2-SegmentedRaftLogWorker for RaftStorage:Storage Directory /workdir/hadoop-ozone/integration-test/target/test-dir/MiniOzoneClusterImpl-bdd1ebd8-a644-496b-9074-58a768d0a1bb/datanode-2/data/ratis/7794b10c-ea36-444e-8b9b-b12ef85e58e2
2019-10-18 05:47:53,451 [pool-59-thread-1] INFO  server.RaftServerConfigKeys (ConfUtils.java:logGet(43)) - raft.server.log.queue.byte-limit = 2147483647 (custom)
2019-10-18 05:47:53,451 [pool-59-thread-1] INFO  server.RaftServerConfigKeys (ConfUtils.java:logGet(43)) - raft.server.log.queue.element-limit = 1024 (custom)
2019-10-18 05:47:53,451 [pool-59-thread-1] INFO  server.RaftServerConfigKeys (ConfUtils.java:logGet(43)) - raft.server.log.segment.size.max = 1048576 (custom)
2019-10-18 05:47:53,452 [pool-59-thread-1] INFO  server.RaftServerConfigKeys (ConfUtils.java:logGet(43)) - raft.server.log.preallocated.size = 16384 (custom)
2019-10-18 05:47:53,452 [pool-59-thread-1] INFO  server.RaftServerConfigKeys (ConfUtils.java:logGet(43)) - raft.server.log.write.buffer.size = 33554432 (custom)
2019-10-18 05:47:53,452 [pool-59-thread-1] INFO  server.RaftServerConfigKeys (ConfUtils.java:logGet(43)) - raft.server.log.force.sync.num = 128 (default)
2019-10-18 05:47:53,452 [grpc-default-executor-6] INFO  impl.RaftServerImpl (RaftServerImpl.java:setRole(184)) - 58c4827f-663e-41e6-a95a-5c02fdca8528@group-397DB682EABB: changes role from  FOLLOWER to FOLLOWER at term 32 for recognizeCandidate:291b4074-36ef-4604-afea-a446d5bcf194
2019-10-18 05:47:53,452 [grpc-default-executor-6] INFO  impl.RoleInfo (RoleInfo.java:shutdownFollowerState(121)) - 58c4827f-663e-41e6-a95a-5c02fdca8528: shutdown FollowerState
2019-10-18 05:47:53,452 [grpc-default-executor-0] INFO  impl.RaftServerImpl (RaftServerImpl.java:setRole(184)) - e47f3d18-6550-4f27-a4cc-ce34c6c87b58@group-397DB682EABB: changes role from  FOLLOWER to FOLLOWER at term 32 for recognizeCandidate:291b4074-36ef-4604-afea-a446d5bcf194
2019-10-18 05:47:53,453 [grpc-default-executor-0] INFO  impl.RoleInfo (RoleInfo.java:shutdownFollowerState(121)) - e47f3d18-6550-4f27-a4cc-ce34c6c87b58: shutdown FollowerState
2019-10-18 05:47:53,452 [pool-59-thread-1] INFO  server.RaftServerConfigKeys (ConfUtils.java:logGet(43)) - raft.server.log.statemachine.data.sync = true (default)
2019-10-18 05:47:53,453 [grpc-default-executor-0] INFO  impl.RoleInfo (RoleInfo.java:updateAndGet(143)) - e47f3d18-6550-4f27-a4cc-ce34c6c87b58: start FollowerState
2019-10-18 05:47:53,453 [Thread-752] INFO  impl.FollowerState (FollowerState.java:run(117)) - e47f3d18-6550-4f27-a4cc-ce34c6c87b58@group-397DB682EABB-FollowerState was interrupted: java.lang.InterruptedException: sleep interrupted
2019-10-18 05:47:53,452 [grpc-default-executor-6] INFO  impl.RoleInfo (RoleInfo.java:updateAndGet(143)) - 58c4827f-663e-41e6-a95a-5c02fdca8528: start FollowerState
2019-10-18 05:47:53,452 [Thread-753] INFO  impl.FollowerState (FollowerState.java:run(117)) - 58c4827f-663e-41e6-a95a-5c02fdca8528@group-397DB682EABB-FollowerState was interrupted: java.lang.InterruptedException: sleep interrupted
2019-10-18 05:47:53,453 [pool-59-thread-1] INFO  server.RaftServerConfigKeys (ConfUtils.java:logGet(43)) - raft.server.log.statemachine.data.sync.timeout = 10s (default)
2019-10-18 05:47:53,454 [pool-59-thread-1] INFO  server.RaftServerConfigKeys (ConfUtils.java:logGet(43)) - raft.server.log.statemachine.data.sync.timeout.retry = -1 (default)
2019-10-18 05:47:53,454 [pool-59-thread-1] INFO  server.RaftServerConfigKeys (ConfUtils.java:logGet(43)) - raft.server.log.statemachine.data.caching.enabled = true (custom)
2019-10-18 05:47:53,454 [pool-59-thread-1] INFO  segmented.SegmentedRaftLogWorker (SegmentedRaftLogWorker.java:lambda$new$0(128)) - 291b4074-36ef-4604-afea-a446d5bcf194@group-B12EF85E58E2-SegmentedRaftLogWorker: flushIndex: setUnconditionally 0 -> -1
2019-10-18 05:47:53,454 [pool-59-thread-1] INFO  server.RaftServerConfigKeys (ConfUtils.java:logGet(43)) - raft.server.snapshot.auto.trigger.enabled = true (custom)
2019-10-18 05:47:53,455 [pool-59-thread-1] INFO  server.RaftServerConfigKeys (ConfUtils.java:logGet(43)) - raft.server.snapshot.auto.trigger.threshold = 10000 (custom)
2019-10-18 05:47:53,455 [pool-59-thread-1] INFO  server.RaftServerConfigKeys (ConfUtils.java:logGet(43)) - raft.server.snapshot.retention.file.num = 5 (custom)
2019-10-18 05:47:53,455 [pool-59-thread-1] INFO  server.RaftServerConfigKeys (ConfUtils.java:logGet(43)) - raft.server.retrycache.expirytime = 600000ms (custom)
2019-10-18 05:47:53,458 [pool-59-thread-1] INFO  impl.RaftServerImpl (RaftServerImpl.java:start(195)) - 291b4074-36ef-4604-afea-a446d5bcf194@group-B12EF85E58E2: start as a follower, conf=-1: [291b4074-36ef-4604-afea-a446d5bcf194:192.168.34.6:34859], old=null
2019-10-18 05:47:53,458 [pool-59-thread-1] INFO  impl.RaftServerImpl (RaftServerImpl.java:setRole(184)) - 291b4074-36ef-4604-afea-a446d5bcf194@group-B12EF85E58E2: changes role from      null to FOLLOWER at term 0 for startAsFollower
2019-10-18 05:47:53,458 [pool-59-thread-1] INFO  impl.RoleInfo (RoleInfo.java:updateAndGet(143)) - 291b4074-36ef-4604-afea-a446d5bcf194: start FollowerState
2019-10-18 05:47:53,459 [pool-59-thread-1] INFO  util.JmxRegister (JmxRegister.java:tryRegister(44)) - Successfully registered JMX Bean with object name Ratis:service=RaftServer,group=group-B12EF85E58E2,id=291b4074-36ef-4604-afea-a446d5bcf194
2019-10-18 05:47:53,466 [RatisPipelineUtilsThread] INFO  pipeline.PipelineStateManager (PipelineStateManager.java:addPipeline(56)) - Created pipeline Pipeline[ Id: 7794b10c-ea36-444e-8b9b-b12ef85e58e2, Nodes: 291b4074-36ef-4604-afea-a446d5bcf194{ip: 192.168.34.6, host: pr-hdds-2286-rggtd-639769477, networkLocation: /default-rack, certSerialId: null}, Type:RATIS, Factor:ONE, State:OPEN]
2019-10-18 05:47:53,479 [291b4074-36ef-4604-afea-a446d5bcf194@group-397DB682EABB-LeaderElection32] INFO  impl.LeaderElection (LeaderElection.java:logAndReturn(56)) - 291b4074-36ef-4604-afea-a446d5bcf194@group-397DB682EABB-LeaderElection32: Election REJECTED; received 2 response(s) [291b4074-36ef-4604-afea-a446d5bcf194<-e47f3d18-6550-4f27-a4cc-ce34c6c87b58#0:FAIL-t32, 291b4074-36ef-4604-afea-a446d5bcf194<-58c4827f-663e-41e6-a95a-5c02fdca8528#0:FAIL-t32] and 0 exception(s); 291b4074-36ef-4604-afea-a446d5bcf194@group-397DB682EABB:t32, leader=null, voted=291b4074-36ef-4604-afea-a446d5bcf194, raftlog=291b4074-36ef-4604-afea-a446d5bcf194@group-397DB682EABB-SegmentedRaftLog:OPENED:c3,f4,i4, conf=0: [291b4074-36ef-4604-afea-a446d5bcf194:192.168.34.6:34859, e47f3d18-6550-4f27-a4cc-ce34c6c87b58:192.168.34.6:35257, 58c4827f-663e-41e6-a95a-5c02fdca8528:192.168.34.6:39496], old=null
2019-10-18 05:47:53,479 [291b4074-36ef-4604-afea-a446d5bcf194@group-397DB682EABB-LeaderElection32] INFO  impl.RaftServerImpl (RaftServerImpl.java:setRole(184)) - 291b4074-36ef-4604-afea-a446d5bcf194@group-397DB682EABB: changes role from CANDIDATE to FOLLOWER at term 32 for DISCOVERED_A_NEW_TERM
2019-10-18 05:47:53,480 [291b4074-36ef-4604-afea-a446d5bcf194@group-397DB682EABB-LeaderElection32] INFO  impl.RoleInfo (RoleInfo.java:shutdownLeaderElection(134)) - 291b4074-36ef-4604-afea-a446d5bcf194: shutdown LeaderElection
2019-10-18 05:47:53,480 [291b4074-36ef-4604-afea-a446d5bcf194@group-397DB682EABB-LeaderElection32] INFO  impl.RoleInfo (RoleInfo.java:updateAndGet(143)) - 291b4074-36ef-4604-afea-a446d5bcf194: start FollowerState
2019-10-18 05:47:53,481 [grpc-default-executor-0] INFO  impl.RaftServerProxy (RaftServerProxy.java:addNew(89)) - 291b4074-36ef-4604-afea-a446d5bcf194: addNew group-CDCBC4BDFD69:[291b4074-36ef-4604-afea-a446d5bcf194:192.168.34.6:34859, e47f3d18-6550-4f27-a4cc-ce34c6c87b58:192.168.34.6:35257, 58c4827f-663e-41e6-a95a-5c02fdca8528:192.168.34.6:39496] returns group-CDCBC4BDFD69:java.util.concurrent.CompletableFuture@64d56c56[Not completed]
2019-10-18 05:47:53,481 [grpc-default-executor-6] INFO  impl.RaftServerProxy (RaftServerProxy.java:addNew(89)) - e47f3d18-6550-4f27-a4cc-ce34c6c87b58: addNew group-CDCBC4BDFD69:[291b4074-36ef-4604-afea-a446d5bcf194:192.168.34.6:34859, e47f3d18-6550-4f27-a4cc-ce34c6c87b58:192.168.34.6:35257, 58c4827f-663e-41e6-a95a-5c02fdca8528:192.168.34.6:39496] returns group-CDCBC4BDFD69:java.util.concurrent.CompletableFuture@401ed87[Not completed]
2019-10-18 05:47:53,485 [grpc-default-executor-4] INFO  impl.RaftServerProxy (RaftServerProxy.java:addNew(89)) - 58c4827f-663e-41e6-a95a-5c02fdca8528: addNew group-CDCBC4BDFD69:[291b4074-36ef-4604-afea-a446d5bcf194:192.168.34.6:34859, e47f3d18-6550-4f27-a4cc-ce34c6c87b58:192.168.34.6:35257, 58c4827f-663e-41e6-a95a-5c02fdca8528:192.168.34.6:39496] returns group-CDCBC4BDFD69:java.util.concurrent.CompletableFuture@4451a75[Not completed]
2019-10-18 05:47:53,486 [pool-59-thread-1] INFO  impl.RaftServerImpl (RaftServerImpl.java:<init>(104)) - 291b4074-36ef-4604-afea-a446d5bcf194: new RaftServerImpl for group-CDCBC4BDFD69:[291b4074-36ef-4604-afea-a446d5bcf194:192.168.34.6:34859, e47f3d18-6550-4f27-a4cc-ce34c6c87b58:192.168.34.6:35257, 58c4827f-663e-41e6-a95a-5c02fdca8528:192.168.34.6:39496] with ContainerStateMachine:uninitialized
2019-10-18 05:47:53,487 [pool-59-thread-1] INFO  server.RaftServerConfigKeys (ConfUtils.java:logGet(43)) - raft.server.rpc.timeout.min = 5s (custom)
2019-10-18 05:47:53,487 [pool-59-thread-1] INFO  server.RaftServerConfigKeys (ConfUtils.java:logGet(43)) - raft.server.rpc.timeout.max = 5200ms (custom)
2019-10-18 05:47:53,487 [pool-59-thread-1] INFO  server.RaftServerConfigKeys (ConfUtils.java:logGet(43)) - raft.server.rpcslowness.timeout = 1000s (custom)
2019-10-18 05:47:53,487 [pool-59-thread-1] INFO  server.RaftServerConfigKeys (ConfUtils.java:logGet(43)) - raft.server.sleep.deviation.threshold = 300 (default)
2019-10-18 05:47:53,487 [pool-59-thread-1] INFO  server.RaftServerConfigKeys (ConfUtils.java:logGet(43)) - raft.server.log.appender.install.snapshot.enabled = false (custom)
2019-10-18 05:47:53,487 [pool-59-thread-1] INFO  impl.RaftServerImpl (ServerState.java:<init>(103)) - 291b4074-36ef-4604-afea-a446d5bcf194@group-CDCBC4BDFD69: ConfigurationManager, init=-1: [291b4074-36ef-4604-afea-a446d5bcf194:192.168.34.6:34859, e47f3d18-6550-4f27-a4cc-ce34c6c87b58:192.168.34.6:35257, 58c4827f-663e-41e6-a95a-5c02fdca8528:192.168.34.6:39496], old=null, confs=<EMPTY_MAP>
2019-10-18 05:47:53,487 [pool-37-thread-1] INFO  impl.RaftServerImpl (RaftServerImpl.java:<init>(104)) - 58c4827f-663e-41e6-a95a-5c02fdca8528: new RaftServerImpl for group-CDCBC4BDFD69:[291b4074-36ef-4604-afea-a446d5bcf194:192.168.34.6:34859, e47f3d18-6550-4f27-a4cc-ce34c6c87b58:192.168.34.6:35257, 58c4827f-663e-41e6-a95a-5c02fdca8528:192.168.34.6:39496] with ContainerStateMachine:uninitialized
2019-10-18 05:47:53,487 [pool-59-thread-1] INFO  server.RaftServerConfigKeys (ConfUtils.java:logGet(43)) - raft.server.storage.dir = [/workdir/hadoop-ozone/integration-test/target/test-dir/MiniOzoneClusterImpl-bdd1ebd8-a644-496b-9074-58a768d0a1bb/datanode-2/data/ratis] (custom)
2019-10-18 05:47:53,487 [pool-37-thread-1] INFO  server.RaftServerConfigKeys (ConfUtils.java:logGet(43)) - raft.server.rpc.timeout.min = 5s (custom)
2019-10-18 05:47:53,487 [pool-37-thread-1] INFO  server.RaftServerConfigKeys (ConfUtils.java:logGet(43)) - raft.server.rpc.timeout.max = 5200ms (custom)
2019-10-18 05:47:53,487 [pool-59-thread-1] INFO  server.RaftServerConfigKeys (ConfUtils.java:logGet(43)) - raft.server.log.corruption.policy = EXCEPTION (default)
2019-10-18 05:47:53,487 [pool-37-thread-1] INFO  server.RaftServerConfigKeys (ConfUtils.java:logGet(43)) - raft.server.rpcslowness.timeout = 1000s (custom)
2019-10-18 05:47:53,488 [pool-37-thread-1] INFO  server.RaftServerConfigKeys (ConfUtils.java:logGet(43)) - raft.server.sleep.deviation.threshold = 300 (default)
2019-10-18 05:47:53,488 [pool-27-thread-1] INFO  impl.RaftServerImpl (RaftServerImpl.java:<init>(104)) - e47f3d18-6550-4f27-a4cc-ce34c6c87b58: new RaftServerImpl for group-CDCBC4BDFD69:[291b4074-36ef-4604-afea-a446d5bcf194:192.168.34.6:34859, e47f3d18-6550-4f27-a4cc-ce34c6c87b58:192.168.34.6:35257, 58c4827f-663e-41e6-a95a-5c02fdca8528:192.168.34.6:39496] with ContainerStateMachine:uninitialized
2019-10-18 05:47:53,488 [pool-59-thread-1] INFO  storage.RaftStorageDirectory (RaftStorageDirectory.java:analyzeStorage(246)) - The storage directory /workdir/hadoop-ozone/integration-test/target/test-dir/MiniOzoneClusterImpl-bdd1ebd8-a644-496b-9074-58a768d0a1bb/datanode-2/data/ratis/13934ab1-6fcc-426e-aa14-cdcbc4bdfd69 does not exist. Creating ...
2019-10-18 05:47:53,488 [pool-27-thread-1] INFO  server.RaftServerConfigKeys (ConfUtils.java:logGet(43)) - raft.server.rpc.timeout.min = 5s (custom)
2019-10-18 05:47:53,488 [pool-37-thread-1] INFO  server.RaftServerConfigKeys (ConfUtils.java:logGet(43)) - raft.server.log.appender.install.snapshot.enabled = false (custom)
2019-10-18 05:47:53,488 [pool-27-thread-1] INFO  server.RaftServerConfigKeys (ConfUtils.java:logGet(43)) - raft.server.rpc.timeout.max = 5200ms (custom)
2019-10-18 05:47:53,488 [pool-37-thread-1] INFO  impl.RaftServerImpl (ServerState.java:<init>(103)) - 58c4827f-663e-41e6-a95a-5c02fdca8528@group-CDCBC4BDFD69: ConfigurationManager, init=-1: [291b4074-36ef-4604-afea-a446d5bcf194:192.168.34.6:34859, e47f3d18-6550-4f27-a4cc-ce34c6c87b58:192.168.34.6:35257, 58c4827f-663e-41e6-a95a-5c02fdca8528:192.168.34.6:39496], old=null, confs=<EMPTY_MAP>
2019-10-18 05:47:53,488 [pool-27-thread-1] INFO  server.RaftServerConfigKeys (ConfUtils.java:logGet(43)) - raft.server.rpcslowness.timeout = 1000s (custom)
2019-10-18 05:47:53,488 [pool-37-thread-1] INFO  server.RaftServerConfigKeys (ConfUtils.java:logGet(43)) - raft.server.storage.dir = [/workdir/hadoop-ozone/integration-test/target/test-dir/MiniOzoneClusterImpl-bdd1ebd8-a644-496b-9074-58a768d0a1bb/datanode-1/data/ratis] (custom)
2019-10-18 05:47:53,488 [pool-27-thread-1] INFO  server.RaftServerConfigKeys (ConfUtils.java:logGet(43)) - raft.server.sleep.deviation.threshold = 300 (default)
2019-10-18 05:47:53,488 [pool-27-thread-1] INFO  server.RaftServerConfigKeys (ConfUtils.java:logGet(43)) - raft.server.log.appender.install.snapshot.enabled = false (custom)
2019-10-18 05:47:53,488 [pool-37-thread-1] INFO  server.RaftServerConfigKeys (ConfUtils.java:logGet(43)) - raft.server.log.corruption.policy = EXCEPTION (default)
2019-10-18 05:47:53,488 [pool-27-thread-1] INFO  impl.RaftServerImpl (ServerState.java:<init>(103)) - e47f3d18-6550-4f27-a4cc-ce34c6c87b58@group-CDCBC4BDFD69: ConfigurationManager, init=-1: [291b4074-36ef-4604-afea-a446d5bcf194:192.168.34.6:34859, e47f3d18-6550-4f27-a4cc-ce34c6c87b58:192.168.34.6:35257, 58c4827f-663e-41e6-a95a-5c02fdca8528:192.168.34.6:39496], old=null, confs=<EMPTY_MAP>
2019-10-18 05:47:53,489 [pool-37-thread-1] INFO  storage.RaftStorageDirectory (RaftStorageDirectory.java:analyzeStorage(246)) - The storage directory /workdir/hadoop-ozone/integration-test/target/test-dir/MiniOzoneClusterImpl-bdd1ebd8-a644-496b-9074-58a768d0a1bb/datanode-1/data/ratis/13934ab1-6fcc-426e-aa14-cdcbc4bdfd69 does not exist. Creating ...
2019-10-18 05:47:53,489 [pool-27-thread-1] INFO  server.RaftServerConfigKeys (ConfUtils.java:logGet(43)) - raft.server.storage.dir = [/workdir/hadoop-ozone/integration-test/target/test-dir/MiniOzoneClusterImpl-bdd1ebd8-a644-496b-9074-58a768d0a1bb/datanode-0/data/ratis] (custom)
2019-10-18 05:47:53,489 [pool-27-thread-1] INFO  server.RaftServerConfigKeys (ConfUtils.java:logGet(43)) - raft.server.log.corruption.policy = EXCEPTION (default)
2019-10-18 05:47:53,489 [pool-27-thread-1] INFO  storage.RaftStorageDirectory (RaftStorageDirectory.java:analyzeStorage(246)) - The storage directory /workdir/hadoop-ozone/integration-test/target/test-dir/MiniOzoneClusterImpl-bdd1ebd8-a644-496b-9074-58a768d0a1bb/datanode-0/data/ratis/13934ab1-6fcc-426e-aa14-cdcbc4bdfd69 does not exist. Creating ...
2019-10-18 05:47:53,518 [pool-59-thread-1] INFO  storage.RaftStorageDirectory (RaftStorageDirectory.java:tryLock(328)) - Lock on /workdir/hadoop-ozone/integration-test/target/test-dir/MiniOzoneClusterImpl-bdd1ebd8-a644-496b-9074-58a768d0a1bb/datanode-2/data/ratis/13934ab1-6fcc-426e-aa14-cdcbc4bdfd69/in_use.lock acquired by nodename 27131@pr-hdds-2286-rggtd-639769477
2019-10-18 05:47:53,518 [pool-37-thread-1] INFO  storage.RaftStorageDirectory (RaftStorageDirectory.java:tryLock(328)) - Lock on /workdir/hadoop-ozone/integration-test/target/test-dir/MiniOzoneClusterImpl-bdd1ebd8-a644-496b-9074-58a768d0a1bb/datanode-1/data/ratis/13934ab1-6fcc-426e-aa14-cdcbc4bdfd69/in_use.lock acquired by nodename 27131@pr-hdds-2286-rggtd-639769477
2019-10-18 05:47:53,518 [pool-27-thread-1] INFO  storage.RaftStorageDirectory (RaftStorageDirectory.java:tryLock(328)) - Lock on /workdir/hadoop-ozone/integration-test/target/test-dir/MiniOzoneClusterImpl-bdd1ebd8-a644-496b-9074-58a768d0a1bb/datanode-0/data/ratis/13934ab1-6fcc-426e-aa14-cdcbc4bdfd69/in_use.lock acquired by nodename 27131@pr-hdds-2286-rggtd-639769477
2019-10-18 05:47:53,544 [pool-59-thread-1] INFO  storage.RaftStorage (RaftStorage.java:format(84)) - Storage directory /workdir/hadoop-ozone/integration-test/target/test-dir/MiniOzoneClusterImpl-bdd1ebd8-a644-496b-9074-58a768d0a1bb/datanode-2/data/ratis/13934ab1-6fcc-426e-aa14-cdcbc4bdfd69 has been successfully formatted.
2019-10-18 05:47:53,544 [pool-27-thread-1] INFO  storage.RaftStorage (RaftStorage.java:format(84)) - Storage directory /workdir/hadoop-ozone/integration-test/target/test-dir/MiniOzoneClusterImpl-bdd1ebd8-a644-496b-9074-58a768d0a1bb/datanode-0/data/ratis/13934ab1-6fcc-426e-aa14-cdcbc4bdfd69 has been successfully formatted.
2019-10-18 05:47:53,544 [pool-37-thread-1] INFO  storage.RaftStorage (RaftStorage.java:format(84)) - Storage directory /workdir/hadoop-ozone/integration-test/target/test-dir/MiniOzoneClusterImpl-bdd1ebd8-a644-496b-9074-58a768d0a1bb/datanode-1/data/ratis/13934ab1-6fcc-426e-aa14-cdcbc4bdfd69 has been successfully formatted.
2019-10-18 05:47:53,545 [pool-27-thread-1] INFO  ratis.ContainerStateMachine (ContainerStateMachine.java:loadSnapshot(231)) - group-CDCBC4BDFD69: The snapshot info is null. Setting the last applied indexto:(t:0, i:~)
2019-10-18 05:47:53,544 [pool-59-thread-1] INFO  ratis.ContainerStateMachine (ContainerStateMachine.java:loadSnapshot(231)) - group-CDCBC4BDFD69: The snapshot info is null. Setting the last applied indexto:(t:0, i:~)
2019-10-18 05:47:53,545 [pool-27-thread-1] INFO  server.RaftServerConfigKeys (ConfUtils.java:logGet(43)) - raft.server.notification.no-leader.timeout = 1000s (custom)
2019-10-18 05:47:53,545 [pool-37-thread-1] INFO  ratis.ContainerStateMachine (ContainerStateMachine.java:loadSnapshot(231)) - group-CDCBC4BDFD69: The snapshot info is null. Setting the last applied indexto:(t:0, i:~)
2019-10-18 05:47:53,545 [pool-27-thread-1] INFO  server.RaftServerConfigKeys (ConfUtils.java:logGet(43)) - raft.server.log.use.memory = false (default)
2019-10-18 05:47:53,545 [pool-59-thread-1] INFO  server.RaftServerConfigKeys (ConfUtils.java:logGet(43)) - raft.server.notification.no-leader.timeout = 1000s (custom)
2019-10-18 05:47:53,545 [pool-27-thread-1] INFO  server.RaftServerConfigKeys (ConfUtils.java:logGet(43)) - raft.server.log.purge.gap = 1000000 (custom)
2019-10-18 05:47:53,545 [pool-37-thread-1] INFO  server.RaftServerConfigKeys (ConfUtils.java:logGet(43)) - raft.server.notification.no-leader.timeout = 1000s (custom)
2019-10-18 05:47:53,546 [pool-27-thread-1] INFO  server.RaftServerConfigKeys (ConfUtils.java:logGet(43)) - raft.server.log.appender.buffer.byte-limit = 33554432 (custom)
2019-10-18 05:47:53,545 [pool-59-thread-1] INFO  server.RaftServerConfigKeys (ConfUtils.java:logGet(43)) - raft.server.log.use.memory = false (default)
2019-10-18 05:47:53,546 [pool-27-thread-1] INFO  server.RaftServerConfigKeys (ConfUtils.java:logGet(43)) - raft.server.log.segment.size.max = 1048576 (custom)
2019-10-18 05:47:53,546 [pool-37-thread-1] INFO  server.RaftServerConfigKeys (ConfUtils.java:logGet(43)) - raft.server.log.use.memory = false (default)
2019-10-18 05:47:53,546 [pool-27-thread-1] INFO  server.RaftServerConfigKeys (ConfUtils.java:logGet(43)) - raft.server.log.segment.cache.num.max = 2 (custom)
2019-10-18 05:47:53,546 [pool-59-thread-1] INFO  server.RaftServerConfigKeys (ConfUtils.java:logGet(43)) - raft.server.log.purge.gap = 1000000 (custom)
2019-10-18 05:47:53,546 [pool-27-thread-1] INFO  segmented.SegmentedRaftLogWorker (SegmentedRaftLogWorker.java:<init>(173)) - new e47f3d18-6550-4f27-a4cc-ce34c6c87b58@group-CDCBC4BDFD69-SegmentedRaftLogWorker for RaftStorage:Storage Directory /workdir/hadoop-ozone/integration-test/target/test-dir/MiniOzoneClusterImpl-bdd1ebd8-a644-496b-9074-58a768d0a1bb/datanode-0/data/ratis/13934ab1-6fcc-426e-aa14-cdcbc4bdfd69
2019-10-18 05:47:53,546 [pool-37-thread-1] INFO  server.RaftServerConfigKeys (ConfUtils.java:logGet(43)) - raft.server.log.purge.gap = 1000000 (custom)
2019-10-18 05:47:53,547 [pool-27-thread-1] INFO  server.RaftServerConfigKeys (ConfUtils.java:logGet(43)) - raft.server.log.queue.byte-limit = 2147483647 (custom)
2019-10-18 05:47:53,546 [pool-59-thread-1] INFO  server.RaftServerConfigKeys (ConfUtils.java:logGet(43)) - raft.server.log.appender.buffer.byte-limit = 33554432 (custom)
2019-10-18 05:47:53,547 [pool-27-thread-1] INFO  server.RaftServerConfigKeys (ConfUtils.java:logGet(43)) - raft.server.log.queue.element-limit = 1024 (custom)
2019-10-18 05:47:53,547 [pool-37-thread-1] INFO  server.RaftServerConfigKeys (ConfUtils.java:logGet(43)) - raft.server.log.appender.buffer.byte-limit = 33554432 (custom)
2019-10-18 05:47:53,547 [pool-27-thread-1] INFO  server.RaftServerConfigKeys (ConfUtils.java:logGet(43)) - raft.server.log.segment.size.max = 1048576 (custom)
2019-10-18 05:47:53,547 [pool-59-thread-1] INFO  server.RaftServerConfigKeys (ConfUtils.java:logGet(43)) - raft.server.log.segment.size.max = 1048576 (custom)
2019-10-18 05:47:53,547 [pool-27-thread-1] INFO  server.RaftServerConfigKeys (ConfUtils.java:logGet(43)) - raft.server.log.preallocated.size = 16384 (custom)
2019-10-18 05:47:53,547 [pool-37-thread-1] INFO  server.RaftServerConfigKeys (ConfUtils.java:logGet(43)) - raft.server.log.segment.size.max = 1048576 (custom)
2019-10-18 05:47:53,548 [pool-27-thread-1] INFO  server.RaftServerConfigKeys (ConfUtils.java:logGet(43)) - raft.server.log.write.buffer.size = 33554432 (custom)
2019-10-18 05:47:53,548 [pool-59-thread-1] INFO  server.RaftServerConfigKeys (ConfUtils.java:logGet(43)) - raft.server.log.segment.cache.num.max = 2 (custom)
2019-10-18 05:47:53,548 [pool-27-thread-1] INFO  server.RaftServerConfigKeys (ConfUtils.java:logGet(43)) - raft.server.log.force.sync.num = 128 (default)
2019-10-18 05:47:53,548 [pool-37-thread-1] INFO  server.RaftServerConfigKeys (ConfUtils.java:logGet(43)) - raft.server.log.segment.cache.num.max = 2 (custom)
2019-10-18 05:47:53,548 [pool-27-thread-1] INFO  server.RaftServerConfigKeys (ConfUtils.java:logGet(43)) - raft.server.log.statemachine.data.sync = true (default)
2019-10-18 05:47:53,548 [pool-59-thread-1] INFO  segmented.SegmentedRaftLogWorker (SegmentedRaftLogWorker.java:<init>(173)) - new 291b4074-36ef-4604-afea-a446d5bcf194@group-CDCBC4BDFD69-SegmentedRaftLogWorker for RaftStorage:Storage Directory /workdir/hadoop-ozone/integration-test/target/test-dir/MiniOzoneClusterImpl-bdd1ebd8-a644-496b-9074-58a768d0a1bb/datanode-2/data/ratis/13934ab1-6fcc-426e-aa14-cdcbc4bdfd69
2019-10-18 05:47:53,548 [pool-27-thread-1] INFO  server.RaftServerConfigKeys (ConfUtils.java:logGet(43)) - raft.server.log.statemachine.data.sync.timeout = 10s (default)
2019-10-18 05:47:53,548 [pool-37-thread-1] INFO  segmented.SegmentedRaftLogWorker (SegmentedRaftLogWorker.java:<init>(173)) - new 58c4827f-663e-41e6-a95a-5c02fdca8528@group-CDCBC4BDFD69-SegmentedRaftLogWorker for RaftStorage:Storage Directory /workdir/hadoop-ozone/integration-test/target/test-dir/MiniOzoneClusterImpl-bdd1ebd8-a644-496b-9074-58a768d0a1bb/datanode-1/data/ratis/13934ab1-6fcc-426e-aa14-cdcbc4bdfd69
2019-10-18 05:47:53,549 [pool-27-thread-1] INFO  server.RaftServerConfigKeys (ConfUtils.java:logGet(43)) - raft.server.log.statemachine.data.sync.timeout.retry = -1 (default)
2019-10-18 05:47:53,549 [pool-59-thread-1] INFO  server.RaftServerConfigKeys (ConfUtils.java:logGet(43)) - raft.server.log.queue.byte-limit = 2147483647 (custom)
2019-10-18 05:47:53,549 [pool-27-thread-1] INFO  server.RaftServerConfigKeys (ConfUtils.java:logGet(43)) - raft.server.log.statemachine.data.caching.enabled = true (custom)
2019-10-18 05:47:53,549 [pool-37-thread-1] INFO  server.RaftServerConfigKeys (ConfUtils.java:logGet(43)) - raft.server.log.queue.byte-limit = 2147483647 (custom)
2019-10-18 05:47:53,549 [pool-37-thread-1] INFO  server.RaftServerConfigKeys (ConfUtils.java:logGet(43)) - raft.server.log.queue.element-limit = 1024 (custom)
2019-10-18 05:47:53,549 [pool-59-thread-1] INFO  server.RaftServerConfigKeys (ConfUtils.java:logGet(43)) - raft.server.log.queue.element-limit = 1024 (custom)
2019-10-18 05:47:53,550 [pool-27-thread-1] INFO  segmented.SegmentedRaftLogWorker (SegmentedRaftLogWorker.java:lambda$new$0(128)) - e47f3d18-6550-4f27-a4cc-ce34c6c87b58@group-CDCBC4BDFD69-SegmentedRaftLogWorker: flushIndex: setUnconditionally 0 -> -1
2019-10-18 05:47:53,549 [pool-37-thread-1] INFO  server.RaftServerConfigKeys (ConfUtils.java:logGet(43)) - raft.server.log.segment.size.max = 1048576 (custom)
2019-10-18 05:47:53,550 [pool-59-thread-1] INFO  server.RaftServerConfigKeys (ConfUtils.java:logGet(43)) - raft.server.log.segment.size.max = 1048576 (custom)
2019-10-18 05:47:53,550 [pool-27-thread-1] INFO  server.RaftServerConfigKeys (ConfUtils.java:logGet(43)) - raft.server.snapshot.auto.trigger.enabled = true (custom)
2019-10-18 05:47:53,550 [pool-37-thread-1] INFO  server.RaftServerConfigKeys (ConfUtils.java:logGet(43)) - raft.server.log.preallocated.size = 16384 (custom)
2019-10-18 05:47:53,550 [pool-27-thread-1] INFO  server.RaftServerConfigKeys (ConfUtils.java:logGet(43)) - raft.server.snapshot.auto.trigger.threshold = 10000 (custom)
2019-10-18 05:47:53,550 [pool-27-thread-1] INFO  server.RaftServerConfigKeys (ConfUtils.java:logGet(43)) - raft.server.snapshot.retention.file.num = 5 (custom)
2019-10-18 05:47:53,550 [pool-59-thread-1] INFO  server.RaftServerConfigKeys (ConfUtils.java:logGet(43)) - raft.server.log.preallocated.size = 16384 (custom)
2019-10-18 05:47:53,551 [pool-27-thread-1] INFO  server.RaftServerConfigKeys (ConfUtils.java:logGet(43)) - raft.server.retrycache.expirytime = 600000ms (custom)
2019-10-18 05:47:53,550 [pool-37-thread-1] INFO  server.RaftServerConfigKeys (ConfUtils.java:logGet(43)) - raft.server.log.write.buffer.size = 33554432 (custom)
2019-10-18 05:47:53,551 [pool-59-thread-1] INFO  server.RaftServerConfigKeys (ConfUtils.java:logGet(43)) - raft.server.log.write.buffer.size = 33554432 (custom)
2019-10-18 05:47:53,551 [pool-37-thread-1] INFO  server.RaftServerConfigKeys (ConfUtils.java:logGet(43)) - raft.server.log.force.sync.num = 128 (default)
2019-10-18 05:47:53,551 [pool-59-thread-1] INFO  server.RaftServerConfigKeys (ConfUtils.java:logGet(43)) - raft.server.log.force.sync.num = 128 (default)
2019-10-18 05:47:53,551 [pool-37-thread-1] INFO  server.RaftServerConfigKeys (ConfUtils.java:logGet(43)) - raft.server.log.statemachine.data.sync = true (default)
2019-10-18 05:47:53,551 [pool-59-thread-1] INFO  server.RaftServerConfigKeys (ConfUtils.java:logGet(43)) - raft.server.log.statemachine.data.sync = true (default)
2019-10-18 05:47:53,551 [pool-37-thread-1] INFO  server.RaftServerConfigKeys (ConfUtils.java:logGet(43)) - raft.server.log.statemachine.data.sync.timeout = 10s (default)
2019-10-18 05:47:53,552 [pool-59-thread-1] INFO  server.RaftServerConfigKeys (ConfUtils.java:logGet(43)) - raft.server.log.statemachine.data.sync.timeout = 10s (default)
2019-10-18 05:47:53,552 [pool-37-thread-1] INFO  server.RaftServerConfigKeys (ConfUtils.java:logGet(43)) - raft.server.log.statemachine.data.sync.timeout.retry = -1 (default)
2019-10-18 05:47:53,552 [pool-59-thread-1] INFO  server.RaftServerConfigKeys (ConfUtils.java:logGet(43)) - raft.server.log.statemachine.data.sync.timeout.retry = -1 (default)
2019-10-18 05:47:53,552 [pool-37-thread-1] INFO  server.RaftServerConfigKeys (ConfUtils.java:logGet(43)) - raft.server.log.statemachine.data.caching.enabled = true (custom)
2019-10-18 05:47:53,552 [pool-59-thread-1] INFO  server.RaftServerConfigKeys (ConfUtils.java:logGet(43)) - raft.server.log.statemachine.data.caching.enabled = true (custom)
2019-10-18 05:47:53,552 [pool-37-thread-1] INFO  segmented.SegmentedRaftLogWorker (SegmentedRaftLogWorker.java:lambda$new$0(128)) - 58c4827f-663e-41e6-a95a-5c02fdca8528@group-CDCBC4BDFD69-SegmentedRaftLogWorker: flushIndex: setUnconditionally 0 -> -1
2019-10-18 05:47:53,553 [pool-59-thread-1] INFO  segmented.SegmentedRaftLogWorker (SegmentedRaftLogWorker.java:lambda$new$0(128)) - 291b4074-36ef-4604-afea-a446d5bcf194@group-CDCBC4BDFD69-SegmentedRaftLogWorker: flushIndex: setUnconditionally 0 -> -1
2019-10-18 05:47:53,553 [pool-37-thread-1] INFO  server.RaftServerConfigKeys (ConfUtils.java:logGet(43)) - raft.server.snapshot.auto.trigger.enabled = true (custom)
2019-10-18 05:47:53,553 [pool-37-thread-1] INFO  server.RaftServerConfigKeys (ConfUtils.java:logGet(43)) - raft.server.snapshot.auto.trigger.threshold = 10000 (custom)
2019-10-18 05:47:53,553 [pool-37-thread-1] INFO  server.RaftServerConfigKeys (ConfUtils.java:logGet(43)) - raft.server.snapshot.retention.file.num = 5 (custom)
2019-10-18 05:47:53,553 [pool-59-thread-1] INFO  server.RaftServerConfigKeys (ConfUtils.java:logGet(43)) - raft.server.snapshot.auto.trigger.enabled = true (custom)
2019-10-18 05:47:53,553 [pool-37-thread-1] INFO  server.RaftServerConfigKeys (ConfUtils.java:logGet(43)) - raft.server.retrycache.expirytime = 600000ms (custom)
2019-10-18 05:47:53,553 [pool-59-thread-1] INFO  server.RaftServerConfigKeys (ConfUtils.java:logGet(43)) - raft.server.snapshot.auto.trigger.threshold = 10000 (custom)
2019-10-18 05:47:53,553 [pool-59-thread-1] INFO  server.RaftServerConfigKeys (ConfUtils.java:logGet(43)) - raft.server.snapshot.retention.file.num = 5 (custom)
2019-10-18 05:47:53,553 [pool-59-thread-1] INFO  server.RaftServerConfigKeys (ConfUtils.java:logGet(43)) - raft.server.retrycache.expirytime = 600000ms (custom)
2019-10-18 05:47:53,554 [pool-27-thread-1] INFO  impl.RaftServerImpl (RaftServerImpl.java:start(195)) - e47f3d18-6550-4f27-a4cc-ce34c6c87b58@group-CDCBC4BDFD69: start as a follower, conf=-1: [291b4074-36ef-4604-afea-a446d5bcf194:192.168.34.6:34859, e47f3d18-6550-4f27-a4cc-ce34c6c87b58:192.168.34.6:35257, 58c4827f-663e-41e6-a95a-5c02fdca8528:192.168.34.6:39496], old=null
2019-10-18 05:47:53,554 [pool-27-thread-1] INFO  impl.RaftServerImpl (RaftServerImpl.java:setRole(184)) - e47f3d18-6550-4f27-a4cc-ce34c6c87b58@group-CDCBC4BDFD69: changes role from      null to FOLLOWER at term 0 for startAsFollower
2019-10-18 05:47:53,555 [pool-27-thread-1] INFO  impl.RoleInfo (RoleInfo.java:updateAndGet(143)) - e47f3d18-6550-4f27-a4cc-ce34c6c87b58: start FollowerState
2019-10-18 05:47:53,555 [pool-27-thread-1] INFO  util.JmxRegister (JmxRegister.java:tryRegister(44)) - Successfully registered JMX Bean with object name Ratis:service=RaftServer,group=group-CDCBC4BDFD69,id=e47f3d18-6550-4f27-a4cc-ce34c6c87b58
2019-10-18 05:47:53,556 [pool-37-thread-1] INFO  impl.RaftServerImpl (RaftServerImpl.java:start(195)) - 58c4827f-663e-41e6-a95a-5c02fdca8528@group-CDCBC4BDFD69: start as a follower, conf=-1: [291b4074-36ef-4604-afea-a446d5bcf194:192.168.34.6:34859, e47f3d18-6550-4f27-a4cc-ce34c6c87b58:192.168.34.6:35257, 58c4827f-663e-41e6-a95a-5c02fdca8528:192.168.34.6:39496], old=null
2019-10-18 05:47:53,556 [pool-37-thread-1] INFO  impl.RaftServerImpl (RaftServerImpl.java:setRole(184)) - 58c4827f-663e-41e6-a95a-5c02fdca8528@group-CDCBC4BDFD69: changes role from      null to FOLLOWER at term 0 for startAsFollower
2019-10-18 05:47:53,556 [pool-37-thread-1] INFO  impl.RoleInfo (RoleInfo.java:updateAndGet(143)) - 58c4827f-663e-41e6-a95a-5c02fdca8528: start FollowerState
2019-10-18 05:47:53,556 [pool-37-thread-1] INFO  util.JmxRegister (JmxRegister.java:tryRegister(44)) - Successfully registered JMX Bean with object name Ratis:service=RaftServer,group=group-CDCBC4BDFD69,id=58c4827f-663e-41e6-a95a-5c02fdca8528
2019-10-18 05:47:53,557 [pool-59-thread-1] INFO  impl.RaftServerImpl (RaftServerImpl.java:start(195)) - 291b4074-36ef-4604-afea-a446d5bcf194@group-CDCBC4BDFD69: start as a follower, conf=-1: [291b4074-36ef-4604-afea-a446d5bcf194:192.168.34.6:34859, e47f3d18-6550-4f27-a4cc-ce34c6c87b58:192.168.34.6:35257, 58c4827f-663e-41e6-a95a-5c02fdca8528:192.168.34.6:39496], old=null
2019-10-18 05:47:53,557 [pool-59-thread-1] INFO  impl.RaftServerImpl (RaftServerImpl.java:setRole(184)) - 291b4074-36ef-4604-afea-a446d5bcf194@group-CDCBC4BDFD69: changes role from      null to FOLLOWER at term 0 for startAsFollower
2019-10-18 05:47:53,558 [pool-59-thread-1] INFO  impl.RoleInfo (RoleInfo.java:updateAndGet(143)) - 291b4074-36ef-4604-afea-a446d5bcf194: start FollowerState
2019-10-18 05:47:53,558 [pool-59-thread-1] INFO  util.JmxRegister (JmxRegister.java:tryRegister(44)) - Successfully registered JMX Bean with object name Ratis:service=RaftServer,group=group-CDCBC4BDFD69,id=291b4074-36ef-4604-afea-a446d5bcf194
2019-10-18 05:47:53,567 [RatisPipelineUtilsThread] INFO  pipeline.PipelineStateManager (PipelineStateManager.java:addPipeline(56)) - Created pipeline Pipeline[ Id: 13934ab1-6fcc-426e-aa14-cdcbc4bdfd69, Nodes: 291b4074-36ef-4604-afea-a446d5bcf194{ip: 192.168.34.6, host: pr-hdds-2286-rggtd-639769477, networkLocation: /default-rack, certSerialId: null}e47f3d18-6550-4f27-a4cc-ce34c6c87b58{ip: 192.168.34.6, host: pr-hdds-2286-rggtd-639769477, networkLocation: /default-rack, certSerialId: null}58c4827f-663e-41e6-a95a-5c02fdca8528{ip: 192.168.34.6, host: pr-hdds-2286-rggtd-639769477, networkLocation: /default-rack, certSerialId: null}, Type:RATIS, Factor:THREE, State:OPEN]
2019-10-18 05:47:53,573 [SCMBlockDeletingService#0] INFO  block.SCMBlockDeletingService (SCMBlockDeletingService.java:call(184)) - Totally added 2 delete blocks command for 2 datanodes, task elapsed time: 1ms
2019-10-18 05:47:53,574 [pool-7-thread-2] INFO  commands.RetriableDatanodeEventWatcher (RetriableDatanodeEventWatcher.java:onTimeout(47)) - RetriableDatanodeCommand type=deleteBlocksCommand with id=1571377666563 timed out. Retrying.
2019-10-18 05:47:53,579 [pool-7-thread-2] INFO  commands.RetriableDatanodeEventWatcher (RetriableDatanodeEventWatcher.java:onTimeout(47)) - RetriableDatanodeCommand type=deleteBlocksCommand with id=1571377666571 timed out. Retrying.
2019-10-18 05:47:53,579 [pool-7-thread-10] INFO  commands.RetriableDatanodeEventWatcher (RetriableDatanodeEventWatcher.java:onTimeout(47)) - RetriableDatanodeCommand type=deleteBlocksCommand with id=1571377666568 timed out. Retrying.
2019-10-18 05:47:53,579 [pool-7-thread-8] INFO  commands.RetriableDatanodeEventWatcher (RetriableDatanodeEventWatcher.java:onTimeout(47)) - RetriableDatanodeCommand type=deleteBlocksCommand with id=1571377666574 timed out. Retrying.
2019-10-18 05:47:53,579 [pool-7-thread-5] INFO  commands.RetriableDatanodeEventWatcher (RetriableDatanodeEventWatcher.java:onTimeout(47)) - RetriableDatanodeCommand type=deleteBlocksCommand with id=1571377666572 timed out. Retrying.
2019-10-18 05:47:53,579 [pool-7-thread-3] INFO  commands.RetriableDatanodeEventWatcher (RetriableDatanodeEventWatcher.java:onTimeout(47)) - RetriableDatanodeCommand type=deleteBlocksCommand with id=1571377666567 timed out. Retrying.
2019-10-18 05:47:53,579 [pool-7-thread-6] INFO  commands.RetriableDatanodeEventWatcher (RetriableDatanodeEventWatcher.java:onTimeout(47)) - RetriableDatanodeCommand type=deleteBlocksCommand with id=1571377666566 timed out. Retrying.
2019-10-18 05:47:53,580 [pool-7-thread-1] INFO  commands.RetriableDatanodeEventWatcher (RetriableDatanodeEventWatcher.java:onTimeout(47)) - RetriableDatanodeCommand type=deleteBlocksCommand with id=1571377666575 timed out. Retrying.
2019-10-18 05:47:53,580 [pool-7-thread-4] INFO  commands.RetriableDatanodeEventWatcher (RetriableDatanodeEventWatcher.java:onTimeout(47)) - RetriableDatanodeCommand type=deleteBlocksCommand with id=1571377666564 timed out. Retrying.
2019-10-18 05:47:53,580 [pool-7-thread-7] INFO  commands.RetriableDatanodeEventWatcher (RetriableDatanodeEventWatcher.java:onTimeout(47)) - RetriableDatanodeCommand type=deleteBlocksCommand with id=1571377666573 timed out. Retrying.
2019-10-18 05:47:53,580 [pool-7-thread-12] INFO  commands.RetriableDatanodeEventWatcher (RetriableDatanodeEventWatcher.java:onTimeout(47)) - RetriableDatanodeCommand type=deleteBlocksCommand with id=1571377666577 timed out. Retrying.
2019-10-18 05:47:53,580 [pool-7-thread-2] INFO  commands.RetriableDatanodeEventWatcher (RetriableDatanodeEventWatcher.java:onTimeout(47)) - RetriableDatanodeCommand type=deleteBlocksCommand with id=1571377666576 timed out. Retrying.
2019-10-18 05:47:53,580 [pool-7-thread-11] INFO  commands.RetriableDatanodeEventWatcher (RetriableDatanodeEventWatcher.java:onTimeout(47)) - RetriableDatanodeCommand type=deleteBlocksCommand with id=1571377666570 timed out. Retrying.
2019-10-18 05:47:53,581 [pool-7-thread-9] INFO  commands.RetriableDatanodeEventWatcher (RetriableDatanodeEventWatcher.java:onTimeout(47)) - RetriableDatanodeCommand type=deleteBlocksCommand with id=1571377666569 timed out. Retrying.
2019-10-18 05:47:53,584 [Thread-770] INFO  impl.FollowerState (FollowerState.java:run(108)) - 58c4827f-663e-41e6-a95a-5c02fdca8528@group-CDCBC4BDFD69-FollowerState: change to CANDIDATE, lastRpcTime:28ms, electionTimeout:28ms
2019-10-18 05:47:53,585 [Thread-770] INFO  impl.RoleInfo (RoleInfo.java:shutdownFollowerState(121)) - 58c4827f-663e-41e6-a95a-5c02fdca8528: shutdown FollowerState
2019-10-18 05:47:53,585 [Thread-770] INFO  impl.RaftServerImpl (RaftServerImpl.java:setRole(184)) - 58c4827f-663e-41e6-a95a-5c02fdca8528@group-CDCBC4BDFD69: changes role from  FOLLOWER to CANDIDATE at term 0 for changeToCandidate
2019-10-18 05:47:53,585 [Thread-770] INFO  impl.RoleInfo (RoleInfo.java:updateAndGet(143)) - 58c4827f-663e-41e6-a95a-5c02fdca8528: start LeaderElection
2019-10-18 05:47:53,611 [58c4827f-663e-41e6-a95a-5c02fdca8528@group-CDCBC4BDFD69-LeaderElection33] INFO  impl.LeaderElection (LeaderElection.java:askForVotes(178)) - 58c4827f-663e-41e6-a95a-5c02fdca8528@group-CDCBC4BDFD69-LeaderElection33: begin an election at term 1 for -1: [291b4074-36ef-4604-afea-a446d5bcf194:192.168.34.6:34859, e47f3d18-6550-4f27-a4cc-ce34c6c87b58:192.168.34.6:35257, 58c4827f-663e-41e6-a95a-5c02fdca8528:192.168.34.6:39496], old=null
2019-10-18 05:47:53,616 [Thread-762] INFO  impl.FollowerState (FollowerState.java:run(108)) - 291b4074-36ef-4604-afea-a446d5bcf194@group-B12EF85E58E2-FollowerState: change to CANDIDATE, lastRpcTime:157ms, electionTimeout:157ms
2019-10-18 05:47:53,617 [Thread-762] INFO  impl.RoleInfo (RoleInfo.java:shutdownFollowerState(121)) - 291b4074-36ef-4604-afea-a446d5bcf194: shutdown FollowerState
2019-10-18 05:47:53,618 [Thread-762] INFO  impl.RaftServerImpl (RaftServerImpl.java:setRole(184)) - 291b4074-36ef-4604-afea-a446d5bcf194@group-B12EF85E58E2: changes role from  FOLLOWER to CANDIDATE at term 0 for changeToCandidate
2019-10-18 05:47:53,618 [Thread-762] INFO  impl.RoleInfo (RoleInfo.java:updateAndGet(143)) - 291b4074-36ef-4604-afea-a446d5bcf194: start LeaderElection
2019-10-18 05:47:53,622 [grpc-default-executor-4] INFO  impl.RaftServerImpl (RaftServerImpl.java:setRole(184)) - 291b4074-36ef-4604-afea-a446d5bcf194@group-CDCBC4BDFD69: changes role from  FOLLOWER to FOLLOWER at term 1 for recognizeCandidate:58c4827f-663e-41e6-a95a-5c02fdca8528
2019-10-18 05:47:53,623 [grpc-default-executor-6] INFO  impl.RaftServerImpl (RaftServerImpl.java:setRole(184)) - e47f3d18-6550-4f27-a4cc-ce34c6c87b58@group-CDCBC4BDFD69: changes role from  FOLLOWER to FOLLOWER at term 1 for recognizeCandidate:58c4827f-663e-41e6-a95a-5c02fdca8528
2019-10-18 05:47:53,623 [grpc-default-executor-4] INFO  impl.RoleInfo (RoleInfo.java:shutdownFollowerState(121)) - 291b4074-36ef-4604-afea-a446d5bcf194: shutdown FollowerState
2019-10-18 05:47:53,623 [grpc-default-executor-6] INFO  impl.RoleInfo (RoleInfo.java:shutdownFollowerState(121)) - e47f3d18-6550-4f27-a4cc-ce34c6c87b58: shutdown FollowerState
2019-10-18 05:47:53,623 [Thread-771] INFO  impl.FollowerState (FollowerState.java:run(117)) - 291b4074-36ef-4604-afea-a446d5bcf194@group-CDCBC4BDFD69-FollowerState was interrupted: java.lang.InterruptedException: sleep interrupted
2019-10-18 05:47:53,623 [grpc-default-executor-4] INFO  impl.RoleInfo (RoleInfo.java:updateAndGet(143)) - 291b4074-36ef-4604-afea-a446d5bcf194: start FollowerState
2019-10-18 05:47:53,623 [grpc-default-executor-6] INFO  impl.RoleInfo (RoleInfo.java:updateAndGet(143)) - e47f3d18-6550-4f27-a4cc-ce34c6c87b58: start FollowerState
2019-10-18 05:47:53,623 [Thread-769] INFO  impl.FollowerState (FollowerState.java:run(117)) - e47f3d18-6550-4f27-a4cc-ce34c6c87b58@group-CDCBC4BDFD69-FollowerState was interrupted: java.lang.InterruptedException: sleep interrupted
2019-10-18 05:47:53,641 [Thread-764] INFO  impl.FollowerState (FollowerState.java:run(108)) - 291b4074-36ef-4604-afea-a446d5bcf194@group-397DB682EABB-FollowerState: change to CANDIDATE, lastRpcTime:161ms, electionTimeout:161ms
2019-10-18 05:47:53,641 [Thread-764] INFO  impl.RoleInfo (RoleInfo.java:shutdownFollowerState(121)) - 291b4074-36ef-4604-afea-a446d5bcf194: shutdown FollowerState
2019-10-18 05:47:53,641 [Thread-764] INFO  impl.RaftServerImpl (RaftServerImpl.java:setRole(184)) - 291b4074-36ef-4604-afea-a446d5bcf194@group-397DB682EABB: changes role from  FOLLOWER to CANDIDATE at term 32 for changeToCandidate
2019-10-18 05:47:53,642 [Thread-764] INFO  impl.RoleInfo (RoleInfo.java:updateAndGet(143)) - 291b4074-36ef-4604-afea-a446d5bcf194: start LeaderElection
2019-10-18 05:47:53,645 [291b4074-36ef-4604-afea-a446d5bcf194@group-B12EF85E58E2-LeaderElection34] INFO  impl.LeaderElection (LeaderElection.java:askForVotes(178)) - 291b4074-36ef-4604-afea-a446d5bcf194@group-B12EF85E58E2-LeaderElection34: begin an election at term 1 for -1: [291b4074-36ef-4604-afea-a446d5bcf194:192.168.34.6:34859], old=null
2019-10-18 05:47:53,645 [291b4074-36ef-4604-afea-a446d5bcf194@group-B12EF85E58E2-LeaderElection34] INFO  impl.RoleInfo (RoleInfo.java:shutdownLeaderElection(134)) - 291b4074-36ef-4604-afea-a446d5bcf194: shutdown LeaderElection
2019-10-18 05:47:53,647 [291b4074-36ef-4604-afea-a446d5bcf194@group-B12EF85E58E2-LeaderElection34] INFO  impl.RaftServerImpl (RaftServerImpl.java:setRole(184)) - 291b4074-36ef-4604-afea-a446d5bcf194@group-B12EF85E58E2: changes role from CANDIDATE to LEADER at term 1 for changeToLeader
2019-10-18 05:47:53,647 [291b4074-36ef-4604-afea-a446d5bcf194@group-B12EF85E58E2-LeaderElection34] INFO  impl.RaftServerImpl (ServerState.java:setLeader(256)) - 291b4074-36ef-4604-afea-a446d5bcf194@group-B12EF85E58E2: change Leader from null to 291b4074-36ef-4604-afea-a446d5bcf194 at term 1 for becomeLeader, leader elected after 196ms
2019-10-18 05:47:53,650 [291b4074-36ef-4604-afea-a446d5bcf194@group-B12EF85E58E2-LeaderElection34] INFO  server.RaftServerConfigKeys (ConfUtils.java:logGet(43)) - raft.server.staging.catchup.gap = 1000 (default)
2019-10-18 05:47:53,651 [58c4827f-663e-41e6-a95a-5c02fdca8528@group-CDCBC4BDFD69-LeaderElection33] INFO  impl.LeaderElection (LeaderElection.java:logAndReturn(56)) - 58c4827f-663e-41e6-a95a-5c02fdca8528@group-CDCBC4BDFD69-LeaderElection33: Election PASSED; received 1 response(s) [58c4827f-663e-41e6-a95a-5c02fdca8528<-e47f3d18-6550-4f27-a4cc-ce34c6c87b58#0:OK-t1] and 0 exception(s); 58c4827f-663e-41e6-a95a-5c02fdca8528@group-CDCBC4BDFD69:t1, leader=null, voted=58c4827f-663e-41e6-a95a-5c02fdca8528, raftlog=58c4827f-663e-41e6-a95a-5c02fdca8528@group-CDCBC4BDFD69-SegmentedRaftLog:OPENED:c-1,f-1,i0, conf=-1: [291b4074-36ef-4604-afea-a446d5bcf194:192.168.34.6:34859, e47f3d18-6550-4f27-a4cc-ce34c6c87b58:192.168.34.6:35257, 58c4827f-663e-41e6-a95a-5c02fdca8528:192.168.34.6:39496], old=null
2019-10-18 05:47:53,651 [291b4074-36ef-4604-afea-a446d5bcf194@group-B12EF85E58E2-LeaderElection34] INFO  server.RaftServerConfigKeys (ConfUtils.java:logGet(43)) - raft.server.rpc.sleep.time = 25ms (default)
2019-10-18 05:47:53,651 [58c4827f-663e-41e6-a95a-5c02fdca8528@group-CDCBC4BDFD69-LeaderElection33] INFO  impl.RoleInfo (RoleInfo.java:shutdownLeaderElection(134)) - 58c4827f-663e-41e6-a95a-5c02fdca8528: shutdown LeaderElection
2019-10-18 05:47:53,651 [58c4827f-663e-41e6-a95a-5c02fdca8528@group-CDCBC4BDFD69-LeaderElection33] INFO  impl.RaftServerImpl (RaftServerImpl.java:setRole(184)) - 58c4827f-663e-41e6-a95a-5c02fdca8528@group-CDCBC4BDFD69: changes role from CANDIDATE to LEADER at term 1 for changeToLeader
2019-10-18 05:47:53,651 [291b4074-36ef-4604-afea-a446d5bcf194@group-B12EF85E58E2-LeaderElection34] INFO  server.RaftServerConfigKeys (ConfUtils.java:logGet(43)) - raft.server.write.element-limit = 4096 (default)
2019-10-18 05:47:53,651 [58c4827f-663e-41e6-a95a-5c02fdca8528@group-CDCBC4BDFD69-LeaderElection33] INFO  impl.RaftServerImpl (ServerState.java:setLeader(256)) - 58c4827f-663e-41e6-a95a-5c02fdca8528@group-CDCBC4BDFD69: change Leader from null to 58c4827f-663e-41e6-a95a-5c02fdca8528 at term 1 for becomeLeader, leader elected after 105ms
2019-10-18 05:47:53,651 [291b4074-36ef-4604-afea-a446d5bcf194@group-B12EF85E58E2-LeaderElection34] INFO  server.RaftServerConfigKeys (ConfUtils.java:logGet(43)) - raft.server.watch.timeout = 10s (default)
2019-10-18 05:47:53,651 [58c4827f-663e-41e6-a95a-5c02fdca8528@group-CDCBC4BDFD69-LeaderElection33] INFO  server.RaftServerConfigKeys (ConfUtils.java:logGet(43)) - raft.server.staging.catchup.gap = 1000 (default)
2019-10-18 05:47:53,651 [291b4074-36ef-4604-afea-a446d5bcf194@group-B12EF85E58E2-LeaderElection34] INFO  server.RaftServerConfigKeys (ConfUtils.java:logGet(43)) - raft.server.watch.timeout.denomination = 1s (default)
2019-10-18 05:47:53,651 [58c4827f-663e-41e6-a95a-5c02fdca8528@group-CDCBC4BDFD69-LeaderElection33] INFO  server.RaftServerConfigKeys (ConfUtils.java:logGet(43)) - raft.server.rpc.sleep.time = 25ms (default)
2019-10-18 05:47:53,652 [291b4074-36ef-4604-afea-a446d5bcf194@group-B12EF85E58E2-LeaderElection34] INFO  server.RaftServerConfigKeys (ConfUtils.java:logGet(43)) - raft.server.watch.element-limit = 65536 (default)
2019-10-18 05:47:53,652 [58c4827f-663e-41e6-a95a-5c02fdca8528@group-CDCBC4BDFD69-LeaderElection33] INFO  server.RaftServerConfigKeys (ConfUtils.java:logGet(43)) - raft.server.write.element-limit = 4096 (default)
2019-10-18 05:47:53,652 [58c4827f-663e-41e6-a95a-5c02fdca8528@group-CDCBC4BDFD69-LeaderElection33] INFO  server.RaftServerConfigKeys (ConfUtils.java:logGet(43)) - raft.server.watch.timeout = 10s (default)
2019-10-18 05:47:53,652 [58c4827f-663e-41e6-a95a-5c02fdca8528@group-CDCBC4BDFD69-LeaderElection33] INFO  server.RaftServerConfigKeys (ConfUtils.java:logGet(43)) - raft.server.watch.timeout.denomination = 1s (default)
2019-10-18 05:47:53,652 [58c4827f-663e-41e6-a95a-5c02fdca8528@group-CDCBC4BDFD69-LeaderElection33] INFO  server.RaftServerConfigKeys (ConfUtils.java:logGet(43)) - raft.server.watch.element-limit = 65536 (default)
2019-10-18 05:47:53,656 [291b4074-36ef-4604-afea-a446d5bcf194@group-B12EF85E58E2-LeaderElection34] INFO  impl.RoleInfo (RoleInfo.java:updateAndGet(143)) - 291b4074-36ef-4604-afea-a446d5bcf194: start LeaderState
2019-10-18 05:47:53,656 [58c4827f-663e-41e6-a95a-5c02fdca8528@group-CDCBC4BDFD69-LeaderElection33] INFO  server.RaftServerConfigKeys (ConfUtils.java:logGet(43)) - raft.server.log.appender.snapshot.chunk.size.max = 16MB (=16777216) (default)
2019-10-18 05:47:53,656 [291b4074-36ef-4604-afea-a446d5bcf194@group-B12EF85E58E2-LeaderElection34] INFO  segmented.SegmentedRaftLogWorker (SegmentedRaftLogWorker.java:startLogSegment(385)) - 291b4074-36ef-4604-afea-a446d5bcf194@group-B12EF85E58E2-SegmentedRaftLogWorker: Starting segment from index:0
2019-10-18 05:47:53,656 [58c4827f-663e-41e6-a95a-5c02fdca8528@group-CDCBC4BDFD69-LeaderElection33] INFO  server.RaftServerConfigKeys (ConfUtils.java:logGet(43)) - raft.server.log.appender.buffer.byte-limit = 33554432 (custom)
2019-10-18 05:47:53,656 [58c4827f-663e-41e6-a95a-5c02fdca8528@group-CDCBC4BDFD69-LeaderElection33] INFO  server.RaftServerConfigKeys (ConfUtils.java:logGet(43)) - raft.server.log.appender.buffer.element-limit = 1 (custom)
2019-10-18 05:47:53,656 [58c4827f-663e-41e6-a95a-5c02fdca8528@group-CDCBC4BDFD69-LeaderElection33] INFO  grpc.GrpcConfigKeys$Server (ConfUtils.java:logGet(43)) - raft.grpc.server.leader.outstanding.appends.max = 128 (default)
2019-10-18 05:47:53,656 [58c4827f-663e-41e6-a95a-5c02fdca8528@group-CDCBC4BDFD69-LeaderElection33] INFO  server.RaftServerConfigKeys (ConfUtils.java:logGet(43)) - raft.server.rpc.request.timeout = 3000ms (default)
2019-10-18 05:47:53,657 [291b4074-36ef-4604-afea-a446d5bcf194@group-B12EF85E58E2-LeaderElection34] INFO  impl.RaftServerImpl (ServerState.java:setRaftConf(357)) - 291b4074-36ef-4604-afea-a446d5bcf194@group-B12EF85E58E2: set configuration 0: [291b4074-36ef-4604-afea-a446d5bcf194:192.168.34.6:34859], old=null at 0
2019-10-18 05:47:53,657 [58c4827f-663e-41e6-a95a-5c02fdca8528@group-CDCBC4BDFD69-LeaderElection33] INFO  server.RaftServerConfigKeys (ConfUtils.java:logGet(43)) - raft.server.log.appender.install.snapshot.enabled = false (custom)
2019-10-18 05:47:53,659 [58c4827f-663e-41e6-a95a-5c02fdca8528@group-CDCBC4BDFD69-LeaderElection33] INFO  server.RaftServerConfigKeys (ConfUtils.java:logGet(43)) - raft.server.log.appender.snapshot.chunk.size.max = 16MB (=16777216) (default)
2019-10-18 05:47:53,659 [58c4827f-663e-41e6-a95a-5c02fdca8528@group-CDCBC4BDFD69-LeaderElection33] INFO  server.RaftServerConfigKeys (ConfUtils.java:logGet(43)) - raft.server.log.appender.buffer.byte-limit = 33554432 (custom)
2019-10-18 05:47:53,660 [58c4827f-663e-41e6-a95a-5c02fdca8528@group-CDCBC4BDFD69-LeaderElection33] INFO  server.RaftServerConfigKeys (ConfUtils.java:logGet(43)) - raft.server.log.appender.buffer.element-limit = 1 (custom)
2019-10-18 05:47:53,660 [58c4827f-663e-41e6-a95a-5c02fdca8528@group-CDCBC4BDFD69-LeaderElection33] INFO  grpc.GrpcConfigKeys$Server (ConfUtils.java:logGet(43)) - raft.grpc.server.leader.outstanding.appends.max = 128 (default)
2019-10-18 05:47:53,660 [58c4827f-663e-41e6-a95a-5c02fdca8528@group-CDCBC4BDFD69-LeaderElection33] INFO  server.RaftServerConfigKeys (ConfUtils.java:logGet(43)) - raft.server.rpc.request.timeout = 3000ms (default)
2019-10-18 05:47:53,660 [58c4827f-663e-41e6-a95a-5c02fdca8528@group-CDCBC4BDFD69-LeaderElection33] INFO  server.RaftServerConfigKeys (ConfUtils.java:logGet(43)) - raft.server.log.appender.install.snapshot.enabled = false (custom)
2019-10-18 05:47:53,663 [58c4827f-663e-41e6-a95a-5c02fdca8528@group-CDCBC4BDFD69-LeaderElection33] INFO  impl.RoleInfo (RoleInfo.java:updateAndGet(143)) - 58c4827f-663e-41e6-a95a-5c02fdca8528: start LeaderState
2019-10-18 05:47:53,663 [58c4827f-663e-41e6-a95a-5c02fdca8528@group-CDCBC4BDFD69-LeaderElection33] INFO  segmented.SegmentedRaftLogWorker (SegmentedRaftLogWorker.java:startLogSegment(385)) - 58c4827f-663e-41e6-a95a-5c02fdca8528@group-CDCBC4BDFD69-SegmentedRaftLogWorker: Starting segment from index:0
2019-10-18 05:47:53,664 [58c4827f-663e-41e6-a95a-5c02fdca8528@group-CDCBC4BDFD69-LeaderElection33] INFO  impl.RaftServerImpl (ServerState.java:setRaftConf(357)) - 58c4827f-663e-41e6-a95a-5c02fdca8528@group-CDCBC4BDFD69: set configuration 0: [291b4074-36ef-4604-afea-a446d5bcf194:192.168.34.6:34859, e47f3d18-6550-4f27-a4cc-ce34c6c87b58:192.168.34.6:35257, 58c4827f-663e-41e6-a95a-5c02fdca8528:192.168.34.6:39496], old=null at 0
2019-10-18 05:47:53,692 [291b4074-36ef-4604-afea-a446d5bcf194@group-397DB682EABB-LeaderElection35] INFO  impl.LeaderElection (LeaderElection.java:askForVotes(178)) - 291b4074-36ef-4604-afea-a446d5bcf194@group-397DB682EABB-LeaderElection35: begin an election at term 33 for 0: [291b4074-36ef-4604-afea-a446d5bcf194:192.168.34.6:34859, e47f3d18-6550-4f27-a4cc-ce34c6c87b58:192.168.34.6:35257, 58c4827f-663e-41e6-a95a-5c02fdca8528:192.168.34.6:39496], old=null
2019-10-18 05:47:53,692 [Thread-780] INFO  impl.FollowerState (FollowerState.java:run(108)) - e47f3d18-6550-4f27-a4cc-ce34c6c87b58@group-CDCBC4BDFD69-FollowerState: change to CANDIDATE, lastRpcTime:69ms, electionTimeout:42ms
2019-10-18 05:47:53,693 [EventQueue-PendingDeleteStatusForPendingDeleteHandler] INFO  block.SCMBlockDeletingService (SCMBlockDeletingService.java:handlePendingDeletes(115)) - Block deletion txnID mismatch in datanode 291b4074-36ef-4604-afea-a446d5bcf194 for containerID 1. Datanode delete txnID: 0, SCM txnID: 1
2019-10-18 05:47:53,693 [Thread-780] INFO  impl.RoleInfo (RoleInfo.java:shutdownFollowerState(121)) - e47f3d18-6550-4f27-a4cc-ce34c6c87b58: shutdown FollowerState
2019-10-18 05:47:53,693 [Thread-780] INFO  impl.RaftServerImpl (RaftServerImpl.java:setRole(184)) - e47f3d18-6550-4f27-a4cc-ce34c6c87b58@group-CDCBC4BDFD69: changes role from  FOLLOWER to CANDIDATE at term 1 for changeToCandidate
2019-10-18 05:47:53,694 [Thread-780] INFO  impl.RoleInfo (RoleInfo.java:updateAndGet(143)) - e47f3d18-6550-4f27-a4cc-ce34c6c87b58: start LeaderElection
2019-10-18 05:47:53,696 [grpc-default-executor-6] INFO  impl.RaftServerImpl (ServerState.java:setLeader(256)) - 291b4074-36ef-4604-afea-a446d5bcf194@group-CDCBC4BDFD69: change Leader from null to 58c4827f-663e-41e6-a95a-5c02fdca8528 at term 1 for appendEntries, leader elected after 151ms
2019-10-18 05:47:53,696 [grpc-default-executor-5] INFO  impl.RaftServerImpl (RaftServerImpl.java:setRole(184)) - e47f3d18-6550-4f27-a4cc-ce34c6c87b58@group-397DB682EABB: changes role from  FOLLOWER to FOLLOWER at term 33 for recognizeCandidate:291b4074-36ef-4604-afea-a446d5bcf194
2019-10-18 05:47:53,696 [grpc-default-executor-4] INFO  impl.RaftServerImpl (RaftServerImpl.java:setRole(184)) - 58c4827f-663e-41e6-a95a-5c02fdca8528@group-397DB682EABB: changes role from  FOLLOWER to FOLLOWER at term 33 for recognizeCandidate:291b4074-36ef-4604-afea-a446d5bcf194
2019-10-18 05:47:53,696 [grpc-default-executor-5] INFO  impl.RoleInfo (RoleInfo.java:shutdownFollowerState(121)) - e47f3d18-6550-4f27-a4cc-ce34c6c87b58: shutdown FollowerState
2019-10-18 05:47:53,696 [grpc-default-executor-4] INFO  impl.RoleInfo (RoleInfo.java:shutdownFollowerState(121)) - 58c4827f-663e-41e6-a95a-5c02fdca8528: shutdown FollowerState
2019-10-18 05:47:53,697 [Command processor thread] INFO  commandhandler.DeleteBlocksCommandHandler (DeleteBlocksCommandHandler.java:handle(106)) - Start to delete container blocks, TXIDs=[1(0)], numOfContainers=1, numOfBlocks=1
2019-10-18 05:47:53,697 [Thread-760] INFO  impl.FollowerState (FollowerState.java:run(117)) - e47f3d18-6550-4f27-a4cc-ce34c6c87b58@group-397DB682EABB-FollowerState was interrupted: java.lang.InterruptedException: sleep interrupted
2019-10-18 05:47:53,696 [grpc-default-executor-5] INFO  impl.RoleInfo (RoleInfo.java:updateAndGet(143)) - e47f3d18-6550-4f27-a4cc-ce34c6c87b58: start FollowerState
2019-10-18 05:47:53,697 [Thread-759] INFO  impl.FollowerState (FollowerState.java:run(117)) - 58c4827f-663e-41e6-a95a-5c02fdca8528@group-397DB682EABB-FollowerState was interrupted: java.lang.InterruptedException: sleep interrupted
2019-10-18 05:47:53,697 [grpc-default-executor-4] INFO  impl.RoleInfo (RoleInfo.java:updateAndGet(143)) - 58c4827f-663e-41e6-a95a-5c02fdca8528: start FollowerState
2019-10-18 05:47:53,697 [Command processor thread] INFO  commandhandler.DeleteBlocksCommandHandler (DeleteBlocksCommandHandler.java:handle(106)) - Start to delete container blocks, TXIDs=[1(22)], numOfContainers=1, numOfBlocks=1
2019-10-18 05:47:53,697 [Command processor thread] INFO  commandhandler.DeleteBlocksCommandHandler (DeleteBlocksCommandHandler.java:handle(106)) - Start to delete container blocks, TXIDs=[1(4)], numOfContainers=1, numOfBlocks=1
2019-10-18 05:47:53,698 [Command processor thread] INFO  commandhandler.DeleteBlocksCommandHandler (DeleteBlocksCommandHandler.java:handle(106)) - Start to delete container blocks, TXIDs=[1(2)], numOfContainers=1, numOfBlocks=1
2019-10-18 05:47:53,698 [Command processor thread] INFO  commandhandler.DeleteBlocksCommandHandler (DeleteBlocksCommandHandler.java:handle(106)) - Start to delete container blocks, TXIDs=[1(7)], numOfContainers=1, numOfBlocks=1
2019-10-18 05:47:53,698 [Command processor thread] INFO  commandhandler.DeleteBlocksCommandHandler (DeleteBlocksCommandHandler.java:handle(106)) - Start to delete container blocks, TXIDs=[1(16)], numOfContainers=1, numOfBlocks=1
2019-10-18 05:47:53,698 [Command processor thread] INFO  commandhandler.DeleteBlocksCommandHandler (DeleteBlocksCommandHandler.java:handle(106)) - Start to delete container blocks, TXIDs=[1(11)], numOfContainers=1, numOfBlocks=1
2019-10-18 05:47:53,698 [Command processor thread] INFO  commandhandler.DeleteBlocksCommandHandler (DeleteBlocksCommandHandler.java:handle(106)) - Start to delete container blocks, TXIDs=[1(57)], numOfContainers=1, numOfBlocks=1
2019-10-18 05:47:53,698 [Command processor thread] INFO  commandhandler.DeleteBlocksCommandHandler (DeleteBlocksCommandHandler.java:handle(106)) - Start to delete container blocks, TXIDs=[1(7)], numOfContainers=1, numOfBlocks=1
2019-10-18 05:47:53,699 [Command processor thread] INFO  commandhandler.DeleteBlocksCommandHandler (DeleteBlocksCommandHandler.java:handle(106)) - Start to delete container blocks, TXIDs=[1(2)], numOfContainers=1, numOfBlocks=1
2019-10-18 05:47:53,699 [grpc-default-executor-6] INFO  impl.RaftServerImpl (ServerState.java:setRaftConf(357)) - 291b4074-36ef-4604-afea-a446d5bcf194@group-CDCBC4BDFD69: set configuration 0: [291b4074-36ef-4604-afea-a446d5bcf194:192.168.34.6:34859, e47f3d18-6550-4f27-a4cc-ce34c6c87b58:192.168.34.6:35257, 58c4827f-663e-41e6-a95a-5c02fdca8528:192.168.34.6:39496], old=null at 0
2019-10-18 05:47:53,699 [Command processor thread] INFO  commandhandler.DeleteBlocksCommandHandler (DeleteBlocksCommandHandler.java:handle(106)) - Start to delete container blocks, TXIDs=[1(16)], numOfContainers=1, numOfBlocks=1
2019-10-18 05:47:53,699 [grpc-default-executor-6] INFO  segmented.SegmentedRaftLogWorker (SegmentedRaftLogWorker.java:startLogSegment(385)) - 291b4074-36ef-4604-afea-a446d5bcf194@group-CDCBC4BDFD69-SegmentedRaftLogWorker: Starting segment from index:0
2019-10-18 05:47:53,699 [Command processor thread] INFO  commandhandler.DeleteBlocksCommandHandler (DeleteBlocksCommandHandler.java:handle(106)) - Start to delete container blocks, TXIDs=[1(0)], numOfContainers=1, numOfBlocks=1
2019-10-18 05:47:53,699 [Command processor thread] INFO  commandhandler.DeleteBlocksCommandHandler (DeleteBlocksCommandHandler.java:handle(106)) - Start to delete container blocks, TXIDs=[1(11)], numOfContainers=1, numOfBlocks=1
2019-10-18 05:47:53,699 [Command processor thread] INFO  commandhandler.DeleteBlocksCommandHandler (DeleteBlocksCommandHandler.java:handle(106)) - Start to delete container blocks, TXIDs=[1(22)], numOfContainers=1, numOfBlocks=1
2019-10-18 05:47:53,699 [Command processor thread] INFO  commandhandler.DeleteBlocksCommandHandler (DeleteBlocksCommandHandler.java:handle(106)) - Start to delete container blocks, TXIDs=[1(4)], numOfContainers=1, numOfBlocks=1
2019-10-18 05:47:53,721 [58c4827f-663e-41e6-a95a-5c02fdca8528@group-CDCBC4BDFD69-SegmentedRaftLogWorker] INFO  segmented.SegmentedRaftLogWorker (SegmentedRaftLogWorker.java:execute(576)) - 58c4827f-663e-41e6-a95a-5c02fdca8528@group-CDCBC4BDFD69-SegmentedRaftLogWorker: created new log segment /workdir/hadoop-ozone/integration-test/target/test-dir/MiniOzoneClusterImpl-bdd1ebd8-a644-496b-9074-58a768d0a1bb/datanode-1/data/ratis/13934ab1-6fcc-426e-aa14-cdcbc4bdfd69/current/log_inprogress_0
2019-10-18 05:47:53,721 [e47f3d18-6550-4f27-a4cc-ce34c6c87b58@group-CDCBC4BDFD69-LeaderElection36] INFO  impl.LeaderElection (LeaderElection.java:askForVotes(178)) - e47f3d18-6550-4f27-a4cc-ce34c6c87b58@group-CDCBC4BDFD69-LeaderElection36: begin an election at term 2 for -1: [291b4074-36ef-4604-afea-a446d5bcf194:192.168.34.6:34859, e47f3d18-6550-4f27-a4cc-ce34c6c87b58:192.168.34.6:35257, 58c4827f-663e-41e6-a95a-5c02fdca8528:192.168.34.6:39496], old=null
2019-10-18 05:47:53,721 [291b4074-36ef-4604-afea-a446d5bcf194@group-B12EF85E58E2-SegmentedRaftLogWorker] INFO  segmented.SegmentedRaftLogWorker (SegmentedRaftLogWorker.java:execute(576)) - 291b4074-36ef-4604-afea-a446d5bcf194@group-B12EF85E58E2-SegmentedRaftLogWorker: created new log segment /workdir/hadoop-ozone/integration-test/target/test-dir/MiniOzoneClusterImpl-bdd1ebd8-a644-496b-9074-58a768d0a1bb/datanode-2/data/ratis/7794b10c-ea36-444e-8b9b-b12ef85e58e2/current/log_inprogress_0
2019-10-18 05:47:53,723 [291b4074-36ef-4604-afea-a446d5bcf194@group-397DB682EABB-LeaderElection35] INFO  impl.LeaderElection (LeaderElection.java:logAndReturn(56)) - 291b4074-36ef-4604-afea-a446d5bcf194@group-397DB682EABB-LeaderElection35: Election REJECTED; received 2 response(s) [291b4074-36ef-4604-afea-a446d5bcf194<-e47f3d18-6550-4f27-a4cc-ce34c6c87b58#0:FAIL-t33, 291b4074-36ef-4604-afea-a446d5bcf194<-58c4827f-663e-41e6-a95a-5c02fdca8528#0:FAIL-t33] and 0 exception(s); 291b4074-36ef-4604-afea-a446d5bcf194@group-397DB682EABB:t33, leader=null, voted=291b4074-36ef-4604-afea-a446d5bcf194, raftlog=291b4074-36ef-4604-afea-a446d5bcf194@group-397DB682EABB-SegmentedRaftLog:OPENED:c3,f4,i4, conf=0: [291b4074-36ef-4604-afea-a446d5bcf194:192.168.34.6:34859, e47f3d18-6550-4f27-a4cc-ce34c6c87b58:192.168.34.6:35257, 58c4827f-663e-41e6-a95a-5c02fdca8528:192.168.34.6:39496], old=null
2019-10-18 05:47:53,723 [291b4074-36ef-4604-afea-a446d5bcf194@group-397DB682EABB-LeaderElection35] INFO  impl.RaftServerImpl (RaftServerImpl.java:setRole(184)) - 291b4074-36ef-4604-afea-a446d5bcf194@group-397DB682EABB: changes role from CANDIDATE to FOLLOWER at term 33 for DISCOVERED_A_NEW_TERM
2019-10-18 05:47:53,723 [291b4074-36ef-4604-afea-a446d5bcf194@group-397DB682EABB-LeaderElection35] INFO  impl.RoleInfo (RoleInfo.java:shutdownLeaderElection(134)) - 291b4074-36ef-4604-afea-a446d5bcf194: shutdown LeaderElection
2019-10-18 05:47:53,723 [291b4074-36ef-4604-afea-a446d5bcf194@group-397DB682EABB-LeaderElection35] INFO  impl.RoleInfo (RoleInfo.java:updateAndGet(143)) - 291b4074-36ef-4604-afea-a446d5bcf194: start FollowerState
2019-10-18 05:47:53,723 [Thread-783] INFO  impl.RaftServerImpl (ServerState.java:setLeader(256)) - 58c4827f-663e-41e6-a95a-5c02fdca8528@group-CDCBC4BDFD69: change Leader from 58c4827f-663e-41e6-a95a-5c02fdca8528 to null at term 2 for updateCurrentTerm
2019-10-18 05:47:53,723 [Thread-783] INFO  impl.RaftServerImpl (RaftServerImpl.java:setRole(184)) - 58c4827f-663e-41e6-a95a-5c02fdca8528@group-CDCBC4BDFD69: changes role from    LEADER to FOLLOWER at term 2 for stepDown
2019-10-18 05:47:53,723 [Thread-783] INFO  impl.RoleInfo (RoleInfo.java:shutdownLeaderState(104)) - 58c4827f-663e-41e6-a95a-5c02fdca8528: shutdown LeaderState
2019-10-18 05:47:53,727 [org.apache.ratis.server.impl.LogAppender$AppenderDaemon$$Lambda$397/1010774322@16b5f2b7] WARN  server.GrpcLogAppender (GrpcLogAppender.java:mayWait(149)) - 58c4827f-663e-41e6-a95a-5c02fdca8528@group-CDCBC4BDFD69->291b4074-36ef-4604-afea-a446d5bcf194-GrpcLogAppender: Wait interrupted by java.lang.InterruptedException
2019-10-18 05:47:53,727 [org.apache.ratis.server.impl.LogAppender$AppenderDaemon$$Lambda$397/1010774322@27e926e3] WARN  server.GrpcLogAppender (GrpcLogAppender.java:mayWait(149)) - 58c4827f-663e-41e6-a95a-5c02fdca8528@group-CDCBC4BDFD69->e47f3d18-6550-4f27-a4cc-ce34c6c87b58-GrpcLogAppender: Wait interrupted by java.lang.InterruptedException
2019-10-18 05:47:53,727 [Thread-783] INFO  impl.PendingRequests (PendingRequests.java:sendNotLeaderResponses(202)) - 58c4827f-663e-41e6-a95a-5c02fdca8528@group-CDCBC4BDFD69-PendingRequests: sendNotLeaderResponses
2019-10-18 05:47:53,728 [Thread-783] INFO  impl.RoleInfo (RoleInfo.java:updateAndGet(143)) - 58c4827f-663e-41e6-a95a-5c02fdca8528: start FollowerState
2019-10-18 05:47:53,729 [grpc-default-executor-4] INFO  server.GrpcServerProtocolService (GrpcServerProtocolService.java:onCompleted(113)) - 291b4074-36ef-4604-afea-a446d5bcf194: Completed APPEND_ENTRIES, lastRequest: 58c4827f-663e-41e6-a95a-5c02fdca8528->291b4074-36ef-4604-afea-a446d5bcf194#1-t1, previous=(t:0, i:0), leaderCommit=-1, initializing? false, entries: size=1, first=(t:1, i:0), CONFIGURATIONENTRY
2019-10-18 05:47:53,729 [grpc-default-executor-0] INFO  server.GrpcServerProtocolService (GrpcServerProtocolService.java:onCompleted(113)) - e47f3d18-6550-4f27-a4cc-ce34c6c87b58: Completed APPEND_ENTRIES, lastRequest: 58c4827f-663e-41e6-a95a-5c02fdca8528->e47f3d18-6550-4f27-a4cc-ce34c6c87b58#0-t1, previous=(t:0, i:0), leaderCommit=-1, initializing? false, entries: <empty>
2019-10-18 05:47:53,730 [grpc-default-executor-0] INFO  server.GrpcLogAppender (GrpcLogAppender.java:onCompleted(308)) - 58c4827f-663e-41e6-a95a-5c02fdca8528@group-CDCBC4BDFD69->291b4074-36ef-4604-afea-a446d5bcf194-AppendLogResponseHandler: follower responses appendEntries COMPLETED
2019-10-18 05:47:53,730 [grpc-default-executor-4] INFO  server.GrpcLogAppender (GrpcLogAppender.java:onCompleted(308)) - 58c4827f-663e-41e6-a95a-5c02fdca8528@group-CDCBC4BDFD69->e47f3d18-6550-4f27-a4cc-ce34c6c87b58-AppendLogResponseHandler: follower responses appendEntries COMPLETED
2019-10-18 05:47:53,731 [grpc-default-executor-0] INFO  impl.FollowerInfo (FollowerInfo.java:lambda$new$0(51)) - 58c4827f-663e-41e6-a95a-5c02fdca8528@group-CDCBC4BDFD69->291b4074-36ef-4604-afea-a446d5bcf194: nextIndex: updateUnconditionally 1 -> 0
2019-10-18 05:47:53,732 [grpc-default-executor-4] INFO  impl.FollowerInfo (FollowerInfo.java:lambda$new$0(51)) - 58c4827f-663e-41e6-a95a-5c02fdca8528@group-CDCBC4BDFD69->e47f3d18-6550-4f27-a4cc-ce34c6c87b58: nextIndex: updateUnconditionally 0 -> 0
2019-10-18 05:47:53,732 [grpc-default-executor-4] INFO  impl.RaftServerImpl (ServerState.java:setLeader(256)) - 291b4074-36ef-4604-afea-a446d5bcf194@group-CDCBC4BDFD69: change Leader from 58c4827f-663e-41e6-a95a-5c02fdca8528 to null at term 2 for updateCurrentTerm
2019-10-18 05:47:53,733 [grpc-default-executor-4] INFO  impl.RaftServerImpl (RaftServerImpl.java:setRole(184)) - 291b4074-36ef-4604-afea-a446d5bcf194@group-CDCBC4BDFD69: changes role from  FOLLOWER to FOLLOWER at term 2 for recognizeCandidate:e47f3d18-6550-4f27-a4cc-ce34c6c87b58
2019-10-18 05:47:53,733 [grpc-default-executor-4] INFO  impl.RoleInfo (RoleInfo.java:shutdownFollowerState(121)) - 291b4074-36ef-4604-afea-a446d5bcf194: shutdown FollowerState
2019-10-18 05:47:53,733 [grpc-default-executor-4] INFO  impl.RoleInfo (RoleInfo.java:updateAndGet(143)) - 291b4074-36ef-4604-afea-a446d5bcf194: start FollowerState
2019-10-18 05:47:53,733 [Thread-779] INFO  impl.FollowerState (FollowerState.java:run(117)) - 291b4074-36ef-4604-afea-a446d5bcf194@group-CDCBC4BDFD69-FollowerState was interrupted: java.lang.InterruptedException: sleep interrupted
2019-10-18 05:47:53,740 [Thread-796] INFO  impl.FollowerState (FollowerState.java:run(108)) - 291b4074-36ef-4604-afea-a446d5bcf194@group-397DB682EABB-FollowerState: change to CANDIDATE, lastRpcTime:17ms, electionTimeout:17ms
2019-10-18 05:47:53,740 [Thread-796] INFO  impl.RoleInfo (RoleInfo.java:shutdownFollowerState(121)) - 291b4074-36ef-4604-afea-a446d5bcf194: shutdown FollowerState
2019-10-18 05:47:53,741 [Thread-796] INFO  impl.RaftServerImpl (RaftServerImpl.java:setRole(184)) - 291b4074-36ef-4604-afea-a446d5bcf194@group-397DB682EABB: changes role from  FOLLOWER to CANDIDATE at term 33 for changeToCandidate
2019-10-18 05:47:53,741 [Thread-796] INFO  impl.RoleInfo (RoleInfo.java:updateAndGet(143)) - 291b4074-36ef-4604-afea-a446d5bcf194: start LeaderElection
2019-10-18 05:47:53,792 [e47f3d18-6550-4f27-a4cc-ce34c6c87b58@group-CDCBC4BDFD69-LeaderElection36] INFO  impl.LeaderElection (LeaderElection.java:logAndReturn(56)) - e47f3d18-6550-4f27-a4cc-ce34c6c87b58@group-CDCBC4BDFD69-LeaderElection36: Election TIMEOUT; received 0 response(s) [] and 0 exception(s); e47f3d18-6550-4f27-a4cc-ce34c6c87b58@group-CDCBC4BDFD69:t2, leader=null, voted=e47f3d18-6550-4f27-a4cc-ce34c6c87b58, raftlog=e47f3d18-6550-4f27-a4cc-ce34c6c87b58@group-CDCBC4BDFD69-SegmentedRaftLog:OPENED:c-1,f-1,i0, conf=-1: [291b4074-36ef-4604-afea-a446d5bcf194:192.168.34.6:34859, e47f3d18-6550-4f27-a4cc-ce34c6c87b58:192.168.34.6:35257, 58c4827f-663e-41e6-a95a-5c02fdca8528:192.168.34.6:39496], old=null
2019-10-18 05:47:53,826 [Thread-801] INFO  client.GrpcClientProtocolService (GrpcClientProtocolService.java:lambda$processClientRequest$0(278)) - Failed RaftClientRequest:client-15CC5DA066CF->291b4074-36ef-4604-afea-a446d5bcf194@group-397DB682EABB, cid=10, seq=0, Watch-ALL_COMMITTED(6), Message:<EMPTY>, reply=RaftClientReply:client-15CC5DA066CF->291b4074-36ef-4604-afea-a446d5bcf194@group-397DB682EABB, cid=10, FAILED org.apache.ratis.protocol.NotLeaderException: Server 291b4074-36ef-4604-afea-a446d5bcf194@group-397DB682EABB is not the leader, logIndex=0, commits[291b4074-36ef-4604-afea-a446d5bcf194:c3]
2019-10-18 05:47:53,829 [291b4074-36ef-4604-afea-a446d5bcf194@group-CDCBC4BDFD69-SegmentedRaftLogWorker] INFO  segmented.SegmentedRaftLogWorker (SegmentedRaftLogWorker.java:execute(576)) - 291b4074-36ef-4604-afea-a446d5bcf194@group-CDCBC4BDFD69-SegmentedRaftLogWorker: created new log segment /workdir/hadoop-ozone/integration-test/target/test-dir/MiniOzoneClusterImpl-bdd1ebd8-a644-496b-9074-58a768d0a1bb/datanode-2/data/ratis/13934ab1-6fcc-426e-aa14-cdcbc4bdfd69/current/log_inprogress_0
2019-10-18 05:47:53,840 [grpc-default-executor-5] INFO  impl.RaftServerImpl (RaftServerImpl.java:setRole(184)) - 58c4827f-663e-41e6-a95a-5c02fdca8528@group-CDCBC4BDFD69: changes role from  FOLLOWER to FOLLOWER at term 2 for recognizeCandidate:e47f3d18-6550-4f27-a4cc-ce34c6c87b58
2019-10-18 05:47:53,840 [grpc-default-executor-5] INFO  impl.RoleInfo (RoleInfo.java:shutdownFollowerState(121)) - 58c4827f-663e-41e6-a95a-5c02fdca8528: shutdown FollowerState
2019-10-18 05:47:53,840 [grpc-default-executor-5] INFO  impl.RoleInfo (RoleInfo.java:updateAndGet(143)) - 58c4827f-663e-41e6-a95a-5c02fdca8528: start FollowerState
2019-10-18 05:47:53,840 [Thread-797] INFO  impl.FollowerState (FollowerState.java:run(117)) - 58c4827f-663e-41e6-a95a-5c02fdca8528@group-CDCBC4BDFD69-FollowerState was interrupted: java.lang.InterruptedException: sleep interrupted
2019-10-18 05:47:53,867 [291b4074-36ef-4604-afea-a446d5bcf194@group-397DB682EABB-LeaderElection37] INFO  impl.LeaderElection (LeaderElection.java:askForVotes(178)) - 291b4074-36ef-4604-afea-a446d5bcf194@group-397DB682EABB-LeaderElection37: begin an election at term 34 for 0: [291b4074-36ef-4604-afea-a446d5bcf194:192.168.34.6:34859, e47f3d18-6550-4f27-a4cc-ce34c6c87b58:192.168.34.6:35257, 58c4827f-663e-41e6-a95a-5c02fdca8528:192.168.34.6:39496], old=null
2019-10-18 05:47:53,867 [e47f3d18-6550-4f27-a4cc-ce34c6c87b58@group-CDCBC4BDFD69-LeaderElection36] INFO  impl.LeaderElection (LeaderElection.java:askForVotes(178)) - e47f3d18-6550-4f27-a4cc-ce34c6c87b58@group-CDCBC4BDFD69-LeaderElection36: begin an election at term 3 for -1: [291b4074-36ef-4604-afea-a446d5bcf194:192.168.34.6:34859, e47f3d18-6550-4f27-a4cc-ce34c6c87b58:192.168.34.6:35257, 58c4827f-663e-41e6-a95a-5c02fdca8528:192.168.34.6:39496], old=null
2019-10-18 05:47:53,871 [grpc-default-executor-4] INFO  impl.RaftServerImpl (RaftServerImpl.java:setRole(184)) - 291b4074-36ef-4604-afea-a446d5bcf194@group-CDCBC4BDFD69: changes role from  FOLLOWER to FOLLOWER at term 3 for recognizeCandidate:e47f3d18-6550-4f27-a4cc-ce34c6c87b58
2019-10-18 05:47:53,871 [grpc-default-executor-4] INFO  impl.RoleInfo (RoleInfo.java:shutdownFollowerState(121)) - 291b4074-36ef-4604-afea-a446d5bcf194: shutdown FollowerState
2019-10-18 05:47:53,871 [grpc-default-executor-5] INFO  impl.RaftServerImpl (RaftServerImpl.java:setRole(184)) - e47f3d18-6550-4f27-a4cc-ce34c6c87b58@group-397DB682EABB: changes role from  FOLLOWER to FOLLOWER at term 34 for recognizeCandidate:291b4074-36ef-4604-afea-a446d5bcf194
2019-10-18 05:47:53,872 [Thread-798] INFO  impl.FollowerState (FollowerState.java:run(117)) - 291b4074-36ef-4604-afea-a446d5bcf194@group-CDCBC4BDFD69-FollowerState was interrupted: java.lang.InterruptedException: sleep interrupted
2019-10-18 05:47:53,872 [grpc-default-executor-4] INFO  impl.RoleInfo (RoleInfo.java:updateAndGet(143)) - 291b4074-36ef-4604-afea-a446d5bcf194: start FollowerState
2019-10-18 05:47:53,872 [grpc-default-executor-5] INFO  impl.RoleInfo (RoleInfo.java:shutdownFollowerState(121)) - e47f3d18-6550-4f27-a4cc-ce34c6c87b58: shutdown FollowerState
2019-10-18 05:47:53,872 [grpc-default-executor-6] INFO  impl.RaftServerImpl (RaftServerImpl.java:setRole(184)) - 58c4827f-663e-41e6-a95a-5c02fdca8528@group-397DB682EABB: changes role from  FOLLOWER to FOLLOWER at term 34 for recognizeCandidate:291b4074-36ef-4604-afea-a446d5bcf194
2019-10-18 05:47:53,872 [grpc-default-executor-5] INFO  impl.RoleInfo (RoleInfo.java:updateAndGet(143)) - e47f3d18-6550-4f27-a4cc-ce34c6c87b58: start FollowerState
2019-10-18 05:47:53,872 [grpc-default-executor-0] INFO  impl.RaftServerImpl (RaftServerImpl.java:setRole(184)) - 58c4827f-663e-41e6-a95a-5c02fdca8528@group-CDCBC4BDFD69: changes role from  FOLLOWER to FOLLOWER at term 3 for recognizeCandidate:e47f3d18-6550-4f27-a4cc-ce34c6c87b58
2019-10-18 05:47:53,872 [Thread-792] INFO  impl.FollowerState (FollowerState.java:run(117)) - e47f3d18-6550-4f27-a4cc-ce34c6c87b58@group-397DB682EABB-FollowerState was interrupted: java.lang.InterruptedException: sleep interrupted
2019-10-18 05:47:53,872 [grpc-default-executor-0] INFO  impl.RoleInfo (RoleInfo.java:shutdownFollowerState(121)) - 58c4827f-663e-41e6-a95a-5c02fdca8528: shutdown FollowerState
2019-10-18 05:47:53,872 [grpc-default-executor-6] INFO  impl.RoleInfo (RoleInfo.java:shutdownFollowerState(121)) - 58c4827f-663e-41e6-a95a-5c02fdca8528: shutdown FollowerState
2019-10-18 05:47:53,873 [Thread-803] INFO  impl.FollowerState (FollowerState.java:run(117)) - 58c4827f-663e-41e6-a95a-5c02fdca8528@group-CDCBC4BDFD69-FollowerState was interrupted: java.lang.InterruptedException: sleep interrupted
2019-10-18 05:47:53,873 [grpc-default-executor-0] INFO  impl.RoleInfo (RoleInfo.java:updateAndGet(143)) - 58c4827f-663e-41e6-a95a-5c02fdca8528: start FollowerState
2019-10-18 05:47:53,873 [grpc-default-executor-6] INFO  impl.RoleInfo (RoleInfo.java:updateAndGet(143)) - 58c4827f-663e-41e6-a95a-5c02fdca8528: start FollowerState
2019-10-18 05:47:53,873 [Thread-793] INFO  impl.FollowerState (FollowerState.java:run(117)) - 58c4827f-663e-41e6-a95a-5c02fdca8528@group-397DB682EABB-FollowerState was interrupted: java.lang.InterruptedException: sleep interrupted
2019-10-18 05:47:53,891 [e47f3d18-6550-4f27-a4cc-ce34c6c87b58@group-CDCBC4BDFD69-LeaderElection36] INFO  impl.LeaderElection (LeaderElection.java:logAndReturn(56)) - e47f3d18-6550-4f27-a4cc-ce34c6c87b58@group-CDCBC4BDFD69-LeaderElection36: Election REJECTED; received 2 response(s) [e47f3d18-6550-4f27-a4cc-ce34c6c87b58<-291b4074-36ef-4604-afea-a446d5bcf194#0:FAIL-t3, e47f3d18-6550-4f27-a4cc-ce34c6c87b58<-58c4827f-663e-41e6-a95a-5c02fdca8528#0:FAIL-t3] and 0 exception(s); e47f3d18-6550-4f27-a4cc-ce34c6c87b58@group-CDCBC4BDFD69:t3, leader=null, voted=e47f3d18-6550-4f27-a4cc-ce34c6c87b58, raftlog=e47f3d18-6550-4f27-a4cc-ce34c6c87b58@group-CDCBC4BDFD69-SegmentedRaftLog:OPENED:c-1,f-1,i0, conf=-1: [291b4074-36ef-4604-afea-a446d5bcf194:192.168.34.6:34859, e47f3d18-6550-4f27-a4cc-ce34c6c87b58:192.168.34.6:35257, 58c4827f-663e-41e6-a95a-5c02fdca8528:192.168.34.6:39496], old=null
2019-10-18 05:47:53,891 [e47f3d18-6550-4f27-a4cc-ce34c6c87b58@group-CDCBC4BDFD69-LeaderElection36] INFO  impl.RaftServerImpl (RaftServerImpl.java:setRole(184)) - e47f3d18-6550-4f27-a4cc-ce34c6c87b58@group-CDCBC4BDFD69: changes role from CANDIDATE to FOLLOWER at term 3 for DISCOVERED_A_NEW_TERM
2019-10-18 05:47:53,891 [e47f3d18-6550-4f27-a4cc-ce34c6c87b58@group-CDCBC4BDFD69-LeaderElection36] INFO  impl.RoleInfo (RoleInfo.java:shutdownLeaderElection(134)) - e47f3d18-6550-4f27-a4cc-ce34c6c87b58: shutdown LeaderElection
2019-10-18 05:47:53,891 [e47f3d18-6550-4f27-a4cc-ce34c6c87b58@group-CDCBC4BDFD69-LeaderElection36] INFO  impl.RoleInfo (RoleInfo.java:updateAndGet(143)) - e47f3d18-6550-4f27-a4cc-ce34c6c87b58: start FollowerState
2019-10-18 05:47:53,892 [291b4074-36ef-4604-afea-a446d5bcf194@group-397DB682EABB-LeaderElection37] INFO  impl.LeaderElection (LeaderElection.java:logAndReturn(56)) - 291b4074-36ef-4604-afea-a446d5bcf194@group-397DB682EABB-LeaderElection37: Election REJECTED; received 2 response(s) [291b4074-36ef-4604-afea-a446d5bcf194<-e47f3d18-6550-4f27-a4cc-ce34c6c87b58#0:FAIL-t34, 291b4074-36ef-4604-afea-a446d5bcf194<-58c4827f-663e-41e6-a95a-5c02fdca8528#0:FAIL-t34] and 0 exception(s); 291b4074-36ef-4604-afea-a446d5bcf194@group-397DB682EABB:t34, leader=null, voted=291b4074-36ef-4604-afea-a446d5bcf194, raftlog=291b4074-36ef-4604-afea-a446d5bcf194@group-397DB682EABB-SegmentedRaftLog:OPENED:c3,f4,i4, conf=0: [291b4074-36ef-4604-afea-a446d5bcf194:192.168.34.6:34859, e47f3d18-6550-4f27-a4cc-ce34c6c87b58:192.168.34.6:35257, 58c4827f-663e-41e6-a95a-5c02fdca8528:192.168.34.6:39496], old=null
2019-10-18 05:47:53,892 [291b4074-36ef-4604-afea-a446d5bcf194@group-397DB682EABB-LeaderElection37] INFO  impl.RaftServerImpl (RaftServerImpl.java:setRole(184)) - 291b4074-36ef-4604-afea-a446d5bcf194@group-397DB682EABB: changes role from CANDIDATE to FOLLOWER at term 34 for DISCOVERED_A_NEW_TERM
2019-10-18 05:47:53,892 [291b4074-36ef-4604-afea-a446d5bcf194@group-397DB682EABB-LeaderElection37] INFO  impl.RoleInfo (RoleInfo.java:shutdownLeaderElection(134)) - 291b4074-36ef-4604-afea-a446d5bcf194: shutdown LeaderElection
2019-10-18 05:47:53,893 [291b4074-36ef-4604-afea-a446d5bcf194@group-397DB682EABB-LeaderElection37] INFO  impl.RoleInfo (RoleInfo.java:updateAndGet(143)) - 291b4074-36ef-4604-afea-a446d5bcf194: start FollowerState
2019-10-18 05:47:53,903 [Thread-814] INFO  impl.FollowerState (FollowerState.java:run(108)) - 291b4074-36ef-4604-afea-a446d5bcf194@group-397DB682EABB-FollowerState: change to CANDIDATE, lastRpcTime:10ms, electionTimeout:10ms
2019-10-18 05:47:53,903 [Thread-814] INFO  impl.RoleInfo (RoleInfo.java:shutdownFollowerState(121)) - 291b4074-36ef-4604-afea-a446d5bcf194: shutdown FollowerState
2019-10-18 05:47:53,903 [Thread-814] INFO  impl.RaftServerImpl (RaftServerImpl.java:setRole(184)) - 291b4074-36ef-4604-afea-a446d5bcf194@group-397DB682EABB: changes role from  FOLLOWER to CANDIDATE at term 34 for changeToCandidate
2019-10-18 05:47:53,903 [Thread-814] INFO  impl.RoleInfo (RoleInfo.java:updateAndGet(143)) - 291b4074-36ef-4604-afea-a446d5bcf194: start LeaderElection
2019-10-18 05:47:53,940 [291b4074-36ef-4604-afea-a446d5bcf194@group-397DB682EABB-LeaderElection38] INFO  impl.LeaderElection (LeaderElection.java:askForVotes(178)) - 291b4074-36ef-4604-afea-a446d5bcf194@group-397DB682EABB-LeaderElection38: begin an election at term 35 for 0: [291b4074-36ef-4604-afea-a446d5bcf194:192.168.34.6:34859, e47f3d18-6550-4f27-a4cc-ce34c6c87b58:192.168.34.6:35257, 58c4827f-663e-41e6-a95a-5c02fdca8528:192.168.34.6:39496], old=null
2019-10-18 05:47:53,942 [grpc-default-executor-6] INFO  impl.RaftServerImpl (RaftServerImpl.java:setRole(184)) - e47f3d18-6550-4f27-a4cc-ce34c6c87b58@group-397DB682EABB: changes role from  FOLLOWER to FOLLOWER at term 35 for recognizeCandidate:291b4074-36ef-4604-afea-a446d5bcf194
2019-10-18 05:47:53,942 [grpc-default-executor-4] INFO  impl.RaftServerImpl (RaftServerImpl.java:setRole(184)) - 58c4827f-663e-41e6-a95a-5c02fdca8528@group-397DB682EABB: changes role from  FOLLOWER to FOLLOWER at term 35 for recognizeCandidate:291b4074-36ef-4604-afea-a446d5bcf194
2019-10-18 05:47:53,942 [grpc-default-executor-6] INFO  impl.RoleInfo (RoleInfo.java:shutdownFollowerState(121)) - e47f3d18-6550-4f27-a4cc-ce34c6c87b58: shutdown FollowerState
2019-10-18 05:47:53,943 [grpc-default-executor-4] INFO  impl.RoleInfo (RoleInfo.java:shutdownFollowerState(121)) - 58c4827f-663e-41e6-a95a-5c02fdca8528: shutdown FollowerState
2019-10-18 05:47:53,943 [Thread-810] INFO  impl.FollowerState (FollowerState.java:run(117)) - e47f3d18-6550-4f27-a4cc-ce34c6c87b58@group-397DB682EABB-FollowerState was interrupted: java.lang.InterruptedException: sleep interrupted
2019-10-18 05:47:53,943 [Thread-812] INFO  impl.FollowerState (FollowerState.java:run(117)) - 58c4827f-663e-41e6-a95a-5c02fdca8528@group-397DB682EABB-FollowerState was interrupted: java.lang.InterruptedException: sleep interrupted
2019-10-18 05:47:53,943 [grpc-default-executor-6] INFO  impl.RoleInfo (RoleInfo.java:updateAndGet(143)) - e47f3d18-6550-4f27-a4cc-ce34c6c87b58: start FollowerState
2019-10-18 05:47:53,943 [grpc-default-executor-4] INFO  impl.RoleInfo (RoleInfo.java:updateAndGet(143)) - 58c4827f-663e-41e6-a95a-5c02fdca8528: start FollowerState
2019-10-18 05:47:53,961 [291b4074-36ef-4604-afea-a446d5bcf194@group-397DB682EABB-LeaderElection38] INFO  impl.LeaderElection (LeaderElection.java:logAndReturn(56)) - 291b4074-36ef-4604-afea-a446d5bcf194@group-397DB682EABB-LeaderElection38: Election REJECTED; received 2 response(s) [291b4074-36ef-4604-afea-a446d5bcf194<-e47f3d18-6550-4f27-a4cc-ce34c6c87b58#0:FAIL-t35, 291b4074-36ef-4604-afea-a446d5bcf194<-58c4827f-663e-41e6-a95a-5c02fdca8528#0:FAIL-t35] and 0 exception(s); 291b4074-36ef-4604-afea-a446d5bcf194@group-397DB682EABB:t35, leader=null, voted=291b4074-36ef-4604-afea-a446d5bcf194, raftlog=291b4074-36ef-4604-afea-a446d5bcf194@group-397DB682EABB-SegmentedRaftLog:OPENED:c3,f4,i4, conf=0: [291b4074-36ef-4604-afea-a446d5bcf194:192.168.34.6:34859, e47f3d18-6550-4f27-a4cc-ce34c6c87b58:192.168.34.6:35257, 58c4827f-663e-41e6-a95a-5c02fdca8528:192.168.34.6:39496], old=null
2019-10-18 05:47:53,962 [291b4074-36ef-4604-afea-a446d5bcf194@group-397DB682EABB-LeaderElection38] INFO  impl.RaftServerImpl (RaftServerImpl.java:setRole(184)) - 291b4074-36ef-4604-afea-a446d5bcf194@group-397DB682EABB: changes role from CANDIDATE to FOLLOWER at term 35 for DISCOVERED_A_NEW_TERM
2019-10-18 05:47:53,962 [291b4074-36ef-4604-afea-a446d5bcf194@group-397DB682EABB-LeaderElection38] INFO  impl.RoleInfo (RoleInfo.java:shutdownLeaderElection(134)) - 291b4074-36ef-4604-afea-a446d5bcf194: shutdown LeaderElection
2019-10-18 05:47:53,962 [291b4074-36ef-4604-afea-a446d5bcf194@group-397DB682EABB-LeaderElection38] INFO  impl.RoleInfo (RoleInfo.java:updateAndGet(143)) - 291b4074-36ef-4604-afea-a446d5bcf194: start FollowerState
2019-10-18 05:47:53,989 [BlockDeletingService#3] WARN  background.BlockDeletingService (BlockDeletingService.java:isDeletionAllowed(187)) - Close Container log Index 6 is not replicated across allthe servers in the pipeline e751b4d9-2be2-4ced-b2ee-397db682eabb as the min replicated index is 4. Deletion is not allowed in this container yet.
2019-10-18 05:47:53,989 [BlockDeletingService#2] WARN  background.BlockDeletingService (BlockDeletingService.java:isDeletionAllowed(187)) - Close Container log Index 6 is not replicated across allthe servers in the pipeline e751b4d9-2be2-4ced-b2ee-397db682eabb as the min replicated index is 4. Deletion is not allowed in this container yet.
2019-10-18 05:47:54,050 [Thread-813] INFO  impl.FollowerState (FollowerState.java:run(108)) - e47f3d18-6550-4f27-a4cc-ce34c6c87b58@group-CDCBC4BDFD69-FollowerState: change to CANDIDATE, lastRpcTime:158ms, electionTimeout:158ms
2019-10-18 05:47:54,050 [Thread-813] INFO  impl.RoleInfo (RoleInfo.java:shutdownFollowerState(121)) - e47f3d18-6550-4f27-a4cc-ce34c6c87b58: shutdown FollowerState
2019-10-18 05:47:54,050 [Thread-813] INFO  impl.RaftServerImpl (RaftServerImpl.java:setRole(184)) - e47f3d18-6550-4f27-a4cc-ce34c6c87b58@group-CDCBC4BDFD69: changes role from  FOLLOWER to CANDIDATE at term 3 for changeToCandidate
2019-10-18 05:47:54,051 [Thread-813] INFO  impl.RoleInfo (RoleInfo.java:updateAndGet(143)) - e47f3d18-6550-4f27-a4cc-ce34c6c87b58: start LeaderElection
2019-10-18 05:47:54,069 [e47f3d18-6550-4f27-a4cc-ce34c6c87b58@group-CDCBC4BDFD69-LeaderElection39] INFO  impl.LeaderElection (LeaderElection.java:askForVotes(178)) - e47f3d18-6550-4f27-a4cc-ce34c6c87b58@group-CDCBC4BDFD69-LeaderElection39: begin an election at term 4 for -1: [291b4074-36ef-4604-afea-a446d5bcf194:192.168.34.6:34859, e47f3d18-6550-4f27-a4cc-ce34c6c87b58:192.168.34.6:35257, 58c4827f-663e-41e6-a95a-5c02fdca8528:192.168.34.6:39496], old=null
2019-10-18 05:47:54,071 [grpc-default-executor-4] INFO  impl.RaftServerImpl (RaftServerImpl.java:setRole(184)) - 291b4074-36ef-4604-afea-a446d5bcf194@group-CDCBC4BDFD69: changes role from  FOLLOWER to FOLLOWER at term 4 for recognizeCandidate:e47f3d18-6550-4f27-a4cc-ce34c6c87b58
2019-10-18 05:47:54,071 [grpc-default-executor-6] INFO  impl.RaftServerImpl (RaftServerImpl.java:setRole(184)) - 58c4827f-663e-41e6-a95a-5c02fdca8528@group-CDCBC4BDFD69: changes role from  FOLLOWER to FOLLOWER at term 4 for recognizeCandidate:e47f3d18-6550-4f27-a4cc-ce34c6c87b58
2019-10-18 05:47:54,071 [grpc-default-executor-4] INFO  impl.RoleInfo (RoleInfo.java:shutdownFollowerState(121)) - 291b4074-36ef-4604-afea-a446d5bcf194: shutdown FollowerState
2019-10-18 05:47:54,072 [grpc-default-executor-6] INFO  impl.RoleInfo (RoleInfo.java:shutdownFollowerState(121)) - 58c4827f-663e-41e6-a95a-5c02fdca8528: shutdown FollowerState
2019-10-18 05:47:54,072 [Thread-809] INFO  impl.FollowerState (FollowerState.java:run(117)) - 291b4074-36ef-4604-afea-a446d5bcf194@group-CDCBC4BDFD69-FollowerState was interrupted: java.lang.InterruptedException: sleep interrupted
2019-10-18 05:47:54,072 [grpc-default-executor-4] INFO  impl.RoleInfo (RoleInfo.java:updateAndGet(143)) - 291b4074-36ef-4604-afea-a446d5bcf194: start FollowerState
2019-10-18 05:47:54,072 [Thread-811] INFO  impl.FollowerState (FollowerState.java:run(117)) - 58c4827f-663e-41e6-a95a-5c02fdca8528@group-CDCBC4BDFD69-FollowerState was interrupted: java.lang.InterruptedException: sleep interrupted
2019-10-18 05:47:54,072 [grpc-default-executor-6] INFO  impl.RoleInfo (RoleInfo.java:updateAndGet(143)) - 58c4827f-663e-41e6-a95a-5c02fdca8528: start FollowerState
2019-10-18 05:47:54,072 [Thread-820] INFO  impl.FollowerState (FollowerState.java:run(108)) - 291b4074-36ef-4604-afea-a446d5bcf194@group-397DB682EABB-FollowerState: change to CANDIDATE, lastRpcTime:110ms, electionTimeout:110ms
2019-10-18 05:47:54,072 [Thread-820] INFO  impl.RoleInfo (RoleInfo.java:shutdownFollowerState(121)) - 291b4074-36ef-4604-afea-a446d5bcf194: shutdown FollowerState
2019-10-18 05:47:54,072 [Thread-820] INFO  impl.RaftServerImpl (RaftServerImpl.java:setRole(184)) - 291b4074-36ef-4604-afea-a446d5bcf194@group-397DB682EABB: changes role from  FOLLOWER to CANDIDATE at term 35 for changeToCandidate
2019-10-18 05:47:54,072 [Thread-820] INFO  impl.RoleInfo (RoleInfo.java:updateAndGet(143)) - 291b4074-36ef-4604-afea-a446d5bcf194: start LeaderElection
2019-10-18 05:47:54,087 [291b4074-36ef-4604-afea-a446d5bcf194@group-397DB682EABB-LeaderElection40] INFO  impl.LeaderElection (LeaderElection.java:askForVotes(178)) - 291b4074-36ef-4604-afea-a446d5bcf194@group-397DB682EABB-LeaderElection40: begin an election at term 36 for 0: [291b4074-36ef-4604-afea-a446d5bcf194:192.168.34.6:34859, e47f3d18-6550-4f27-a4cc-ce34c6c87b58:192.168.34.6:35257, 58c4827f-663e-41e6-a95a-5c02fdca8528:192.168.34.6:39496], old=null
2019-10-18 05:47:54,089 [e47f3d18-6550-4f27-a4cc-ce34c6c87b58@group-CDCBC4BDFD69-LeaderElection39] INFO  impl.LeaderElection (LeaderElection.java:logAndReturn(56)) - e47f3d18-6550-4f27-a4cc-ce34c6c87b58@group-CDCBC4BDFD69-LeaderElection39: Election REJECTED; received 2 response(s) [e47f3d18-6550-4f27-a4cc-ce34c6c87b58<-291b4074-36ef-4604-afea-a446d5bcf194#0:FAIL-t4, e47f3d18-6550-4f27-a4cc-ce34c6c87b58<-58c4827f-663e-41e6-a95a-5c02fdca8528#0:FAIL-t4] and 0 exception(s); e47f3d18-6550-4f27-a4cc-ce34c6c87b58@group-CDCBC4BDFD69:t4, leader=null, voted=e47f3d18-6550-4f27-a4cc-ce34c6c87b58, raftlog=e47f3d18-6550-4f27-a4cc-ce34c6c87b58@group-CDCBC4BDFD69-SegmentedRaftLog:OPENED:c-1,f-1,i0, conf=-1: [291b4074-36ef-4604-afea-a446d5bcf194:192.168.34.6:34859, e47f3d18-6550-4f27-a4cc-ce34c6c87b58:192.168.34.6:35257, 58c4827f-663e-41e6-a95a-5c02fdca8528:192.168.34.6:39496], old=null
2019-10-18 05:47:54,089 [e47f3d18-6550-4f27-a4cc-ce34c6c87b58@group-CDCBC4BDFD69-LeaderElection39] INFO  impl.RaftServerImpl (RaftServerImpl.java:setRole(184)) - e47f3d18-6550-4f27-a4cc-ce34c6c87b58@group-CDCBC4BDFD69: changes role from CANDIDATE to FOLLOWER at term 4 for DISCOVERED_A_NEW_TERM
2019-10-18 05:47:54,089 [e47f3d18-6550-4f27-a4cc-ce34c6c87b58@group-CDCBC4BDFD69-LeaderElection39] INFO  impl.RoleInfo (RoleInfo.java:shutdownLeaderElection(134)) - e47f3d18-6550-4f27-a4cc-ce34c6c87b58: shutdown LeaderElection
2019-10-18 05:47:54,089 [e47f3d18-6550-4f27-a4cc-ce34c6c87b58@group-CDCBC4BDFD69-LeaderElection39] INFO  impl.RoleInfo (RoleInfo.java:updateAndGet(143)) - e47f3d18-6550-4f27-a4cc-ce34c6c87b58: start FollowerState
2019-10-18 05:47:54,089 [grpc-default-executor-4] INFO  impl.RaftServerImpl (RaftServerImpl.java:setRole(184)) - e47f3d18-6550-4f27-a4cc-ce34c6c87b58@group-397DB682EABB: changes role from  FOLLOWER to FOLLOWER at term 36 for recognizeCandidate:291b4074-36ef-4604-afea-a446d5bcf194
2019-10-18 05:47:54,089 [grpc-default-executor-4] INFO  impl.RoleInfo (RoleInfo.java:shutdownFollowerState(121)) - e47f3d18-6550-4f27-a4cc-ce34c6c87b58: shutdown FollowerState
2019-10-18 05:47:54,089 [grpc-default-executor-6] INFO  impl.RaftServerImpl (RaftServerImpl.java:setRole(184)) - 58c4827f-663e-41e6-a95a-5c02fdca8528@group-397DB682EABB: changes role from  FOLLOWER to FOLLOWER at term 36 for recognizeCandidate:291b4074-36ef-4604-afea-a446d5bcf194
2019-10-18 05:47:54,089 [grpc-default-executor-6] INFO  impl.RoleInfo (RoleInfo.java:shutdownFollowerState(121)) - 58c4827f-663e-41e6-a95a-5c02fdca8528: shutdown FollowerState
2019-10-18 05:47:54,089 [Thread-818] INFO  impl.FollowerState (FollowerState.java:run(117)) - e47f3d18-6550-4f27-a4cc-ce34c6c87b58@group-397DB682EABB-FollowerState was interrupted: java.lang.InterruptedException: sleep interrupted
2019-10-18 05:47:54,089 [grpc-default-executor-4] INFO  impl.RoleInfo (RoleInfo.java:updateAndGet(143)) - e47f3d18-6550-4f27-a4cc-ce34c6c87b58: start FollowerState
2019-10-18 05:47:54,090 [Thread-819] INFO  impl.FollowerState (FollowerState.java:run(117)) - 58c4827f-663e-41e6-a95a-5c02fdca8528@group-397DB682EABB-FollowerState was interrupted: java.lang.InterruptedException: sleep interrupted
2019-10-18 05:47:54,090 [grpc-default-executor-6] INFO  impl.RoleInfo (RoleInfo.java:updateAndGet(143)) - 58c4827f-663e-41e6-a95a-5c02fdca8528: start FollowerState
2019-10-18 05:47:54,093 [EventQueue-PendingDeleteStatusForPendingDeleteHandler] INFO  block.SCMBlockDeletingService (SCMBlockDeletingService.java:handlePendingDeletes(115)) - Block deletion txnID mismatch in datanode 291b4074-36ef-4604-afea-a446d5bcf194 for containerID 1. Datanode delete txnID: 0, SCM txnID: 1
2019-10-18 05:47:54,106 [291b4074-36ef-4604-afea-a446d5bcf194@group-397DB682EABB-LeaderElection40] INFO  impl.LeaderElection (LeaderElection.java:logAndReturn(56)) - 291b4074-36ef-4604-afea-a446d5bcf194@group-397DB682EABB-LeaderElection40: Election REJECTED; received 2 response(s) [291b4074-36ef-4604-afea-a446d5bcf194<-e47f3d18-6550-4f27-a4cc-ce34c6c87b58#0:FAIL-t36, 291b4074-36ef-4604-afea-a446d5bcf194<-58c4827f-663e-41e6-a95a-5c02fdca8528#0:FAIL-t36] and 0 exception(s); 291b4074-36ef-4604-afea-a446d5bcf194@group-397DB682EABB:t36, leader=null, voted=291b4074-36ef-4604-afea-a446d5bcf194, raftlog=291b4074-36ef-4604-afea-a446d5bcf194@group-397DB682EABB-SegmentedRaftLog:OPENED:c3,f4,i4, conf=0: [291b4074-36ef-4604-afea-a446d5bcf194:192.168.34.6:34859, e47f3d18-6550-4f27-a4cc-ce34c6c87b58:192.168.34.6:35257, 58c4827f-663e-41e6-a95a-5c02fdca8528:192.168.34.6:39496], old=null
2019-10-18 05:47:54,107 [291b4074-36ef-4604-afea-a446d5bcf194@group-397DB682EABB-LeaderElection40] INFO  impl.RaftServerImpl (RaftServerImpl.java:setRole(184)) - 291b4074-36ef-4604-afea-a446d5bcf194@group-397DB682EABB: changes role from CANDIDATE to FOLLOWER at term 36 for DISCOVERED_A_NEW_TERM
2019-10-18 05:47:54,107 [291b4074-36ef-4604-afea-a446d5bcf194@group-397DB682EABB-LeaderElection40] INFO  impl.RoleInfo (RoleInfo.java:shutdownLeaderElection(134)) - 291b4074-36ef-4604-afea-a446d5bcf194: shutdown LeaderElection
2019-10-18 05:47:54,107 [291b4074-36ef-4604-afea-a446d5bcf194@group-397DB682EABB-LeaderElection40] INFO  impl.RoleInfo (RoleInfo.java:updateAndGet(143)) - 291b4074-36ef-4604-afea-a446d5bcf194: start FollowerState
2019-10-18 05:47:54,155 [Thread-831] INFO  impl.FollowerState (FollowerState.java:run(108)) - e47f3d18-6550-4f27-a4cc-ce34c6c87b58@group-CDCBC4BDFD69-FollowerState: change to CANDIDATE, lastRpcTime:65ms, electionTimeout:65ms
2019-10-18 05:47:54,155 [Thread-831] INFO  impl.RoleInfo (RoleInfo.java:shutdownFollowerState(121)) - e47f3d18-6550-4f27-a4cc-ce34c6c87b58: shutdown FollowerState
2019-10-18 05:47:54,155 [Thread-831] INFO  impl.RaftServerImpl (RaftServerImpl.java:setRole(184)) - e47f3d18-6550-4f27-a4cc-ce34c6c87b58@group-CDCBC4BDFD69: changes role from  FOLLOWER to CANDIDATE at term 4 for changeToCandidate
2019-10-18 05:47:54,156 [Thread-831] INFO  impl.RoleInfo (RoleInfo.java:updateAndGet(143)) - e47f3d18-6550-4f27-a4cc-ce34c6c87b58: start LeaderElection
2019-10-18 05:47:54,192 [e47f3d18-6550-4f27-a4cc-ce34c6c87b58@group-CDCBC4BDFD69-LeaderElection41] INFO  impl.LeaderElection (LeaderElection.java:askForVotes(178)) - e47f3d18-6550-4f27-a4cc-ce34c6c87b58@group-CDCBC4BDFD69-LeaderElection41: begin an election at term 5 for -1: [291b4074-36ef-4604-afea-a446d5bcf194:192.168.34.6:34859, e47f3d18-6550-4f27-a4cc-ce34c6c87b58:192.168.34.6:35257, 58c4827f-663e-41e6-a95a-5c02fdca8528:192.168.34.6:39496], old=null
2019-10-18 05:47:54,195 [grpc-default-executor-4] INFO  impl.RaftServerImpl (RaftServerImpl.java:setRole(184)) - 291b4074-36ef-4604-afea-a446d5bcf194@group-CDCBC4BDFD69: changes role from  FOLLOWER to FOLLOWER at term 5 for recognizeCandidate:e47f3d18-6550-4f27-a4cc-ce34c6c87b58
2019-10-18 05:47:54,195 [grpc-default-executor-6] INFO  impl.RaftServerImpl (RaftServerImpl.java:setRole(184)) - 58c4827f-663e-41e6-a95a-5c02fdca8528@group-CDCBC4BDFD69: changes role from  FOLLOWER to FOLLOWER at term 5 for recognizeCandidate:e47f3d18-6550-4f27-a4cc-ce34c6c87b58
2019-10-18 05:47:54,195 [grpc-default-executor-4] INFO  impl.RoleInfo (RoleInfo.java:shutdownFollowerState(121)) - 291b4074-36ef-4604-afea-a446d5bcf194: shutdown FollowerState
2019-10-18 05:47:54,195 [grpc-default-executor-6] INFO  impl.RoleInfo (RoleInfo.java:shutdownFollowerState(121)) - 58c4827f-663e-41e6-a95a-5c02fdca8528: shutdown FollowerState
2019-10-18 05:47:54,195 [Thread-826] INFO  impl.FollowerState (FollowerState.java:run(117)) - 291b4074-36ef-4604-afea-a446d5bcf194@group-CDCBC4BDFD69-FollowerState was interrupted: java.lang.InterruptedException: sleep interrupted
2019-10-18 05:47:54,195 [grpc-default-executor-6] INFO  impl.RoleInfo (RoleInfo.java:updateAndGet(143)) - 58c4827f-663e-41e6-a95a-5c02fdca8528: start FollowerState
2019-10-18 05:47:54,195 [grpc-default-executor-4] INFO  impl.RoleInfo (RoleInfo.java:updateAndGet(143)) - 291b4074-36ef-4604-afea-a446d5bcf194: start FollowerState
2019-10-18 05:47:54,195 [Thread-827] INFO  impl.FollowerState (FollowerState.java:run(117)) - 58c4827f-663e-41e6-a95a-5c02fdca8528@group-CDCBC4BDFD69-FollowerState was interrupted: java.lang.InterruptedException: sleep interrupted
2019-10-18 05:47:54,236 [e47f3d18-6550-4f27-a4cc-ce34c6c87b58@group-CDCBC4BDFD69-LeaderElection41] INFO  impl.LeaderElection (LeaderElection.java:logAndReturn(56)) - e47f3d18-6550-4f27-a4cc-ce34c6c87b58@group-CDCBC4BDFD69-LeaderElection41: Election REJECTED; received 2 response(s) [e47f3d18-6550-4f27-a4cc-ce34c6c87b58<-291b4074-36ef-4604-afea-a446d5bcf194#0:FAIL-t5, e47f3d18-6550-4f27-a4cc-ce34c6c87b58<-58c4827f-663e-41e6-a95a-5c02fdca8528#0:FAIL-t5] and 0 exception(s); e47f3d18-6550-4f27-a4cc-ce34c6c87b58@group-CDCBC4BDFD69:t5, leader=null, voted=e47f3d18-6550-4f27-a4cc-ce34c6c87b58, raftlog=e47f3d18-6550-4f27-a4cc-ce34c6c87b58@group-CDCBC4BDFD69-SegmentedRaftLog:OPENED:c-1,f-1,i0, conf=-1: [291b4074-36ef-4604-afea-a446d5bcf194:192.168.34.6:34859, e47f3d18-6550-4f27-a4cc-ce34c6c87b58:192.168.34.6:35257, 58c4827f-663e-41e6-a95a-5c02fdca8528:192.168.34.6:39496], old=null
2019-10-18 05:47:54,236 [e47f3d18-6550-4f27-a4cc-ce34c6c87b58@group-CDCBC4BDFD69-LeaderElection41] INFO  impl.RaftServerImpl (RaftServerImpl.java:setRole(184)) - e47f3d18-6550-4f27-a4cc-ce34c6c87b58@group-CDCBC4BDFD69: changes role from CANDIDATE to FOLLOWER at term 5 for DISCOVERED_A_NEW_TERM
2019-10-18 05:47:54,236 [e47f3d18-6550-4f27-a4cc-ce34c6c87b58@group-CDCBC4BDFD69-LeaderElection41] INFO  impl.RoleInfo (RoleInfo.java:shutdownLeaderElection(134)) - e47f3d18-6550-4f27-a4cc-ce34c6c87b58: shutdown LeaderElection
2019-10-18 05:47:54,236 [e47f3d18-6550-4f27-a4cc-ce34c6c87b58@group-CDCBC4BDFD69-LeaderElection41] INFO  impl.RoleInfo (RoleInfo.java:updateAndGet(143)) - e47f3d18-6550-4f27-a4cc-ce34c6c87b58: start FollowerState
2019-10-18 05:47:54,307 [Thread-834] INFO  impl.FollowerState (FollowerState.java:run(108)) - 291b4074-36ef-4604-afea-a446d5bcf194@group-397DB682EABB-FollowerState: change to CANDIDATE, lastRpcTime:200ms, electionTimeout:200ms
2019-10-18 05:47:54,307 [Thread-834] INFO  impl.RoleInfo (RoleInfo.java:shutdownFollowerState(121)) - 291b4074-36ef-4604-afea-a446d5bcf194: shutdown FollowerState
2019-10-18 05:47:54,307 [Thread-834] INFO  impl.RaftServerImpl (RaftServerImpl.java:setRole(184)) - 291b4074-36ef-4604-afea-a446d5bcf194@group-397DB682EABB: changes role from  FOLLOWER to CANDIDATE at term 36 for changeToCandidate
2019-10-18 05:47:54,308 [Thread-834] INFO  impl.RoleInfo (RoleInfo.java:updateAndGet(143)) - 291b4074-36ef-4604-afea-a446d5bcf194: start LeaderElection
2019-10-18 05:47:54,316 [Thread-840] INFO  impl.FollowerState (FollowerState.java:run(108)) - e47f3d18-6550-4f27-a4cc-ce34c6c87b58@group-CDCBC4BDFD69-FollowerState: change to CANDIDATE, lastRpcTime:80ms, electionTimeout:80ms
2019-10-18 05:47:54,316 [Thread-840] INFO  impl.RoleInfo (RoleInfo.java:shutdownFollowerState(121)) - e47f3d18-6550-4f27-a4cc-ce34c6c87b58: shutdown FollowerState
2019-10-18 05:47:54,316 [Thread-840] INFO  impl.RaftServerImpl (RaftServerImpl.java:setRole(184)) - e47f3d18-6550-4f27-a4cc-ce34c6c87b58@group-CDCBC4BDFD69: changes role from  FOLLOWER to CANDIDATE at term 5 for changeToCandidate
2019-10-18 05:47:54,317 [Thread-840] INFO  impl.RoleInfo (RoleInfo.java:updateAndGet(143)) - e47f3d18-6550-4f27-a4cc-ce34c6c87b58: start LeaderElection
2019-10-18 05:47:54,335 [291b4074-36ef-4604-afea-a446d5bcf194@group-397DB682EABB-LeaderElection42] INFO  impl.LeaderElection (LeaderElection.java:askForVotes(178)) - 291b4074-36ef-4604-afea-a446d5bcf194@group-397DB682EABB-LeaderElection42: begin an election at term 37 for 0: [291b4074-36ef-4604-afea-a446d5bcf194:192.168.34.6:34859, e47f3d18-6550-4f27-a4cc-ce34c6c87b58:192.168.34.6:35257, 58c4827f-663e-41e6-a95a-5c02fdca8528:192.168.34.6:39496], old=null
2019-10-18 05:47:54,336 [e47f3d18-6550-4f27-a4cc-ce34c6c87b58@group-CDCBC4BDFD69-LeaderElection43] INFO  impl.LeaderElection (LeaderElection.java:askForVotes(178)) - e47f3d18-6550-4f27-a4cc-ce34c6c87b58@group-CDCBC4BDFD69-LeaderElection43: begin an election at term 6 for -1: [291b4074-36ef-4604-afea-a446d5bcf194:192.168.34.6:34859, e47f3d18-6550-4f27-a4cc-ce34c6c87b58:192.168.34.6:35257, 58c4827f-663e-41e6-a95a-5c02fdca8528:192.168.34.6:39496], old=null
2019-10-18 05:47:54,340 [grpc-default-executor-4] INFO  impl.RaftServerImpl (RaftServerImpl.java:setRole(184)) - 58c4827f-663e-41e6-a95a-5c02fdca8528@group-397DB682EABB: changes role from  FOLLOWER to FOLLOWER at term 37 for recognizeCandidate:291b4074-36ef-4604-afea-a446d5bcf194
2019-10-18 05:47:54,340 [grpc-default-executor-4] INFO  impl.RoleInfo (RoleInfo.java:shutdownFollowerState(121)) - 58c4827f-663e-41e6-a95a-5c02fdca8528: shutdown FollowerState
2019-10-18 05:47:54,340 [grpc-default-executor-5] INFO  impl.RaftServerImpl (RaftServerImpl.java:setRole(184)) - 58c4827f-663e-41e6-a95a-5c02fdca8528@group-CDCBC4BDFD69: changes role from  FOLLOWER to FOLLOWER at term 6 for recognizeCandidate:e47f3d18-6550-4f27-a4cc-ce34c6c87b58
2019-10-18 05:47:54,340 [Thread-833] INFO  impl.FollowerState (FollowerState.java:run(117)) - 58c4827f-663e-41e6-a95a-5c02fdca8528@group-397DB682EABB-FollowerState was interrupted: java.lang.InterruptedException: sleep interrupted
2019-10-18 05:47:54,340 [grpc-default-executor-4] INFO  impl.RoleInfo (RoleInfo.java:updateAndGet(143)) - 58c4827f-663e-41e6-a95a-5c02fdca8528: start FollowerState
2019-10-18 05:47:54,340 [grpc-default-executor-5] INFO  impl.RoleInfo (RoleInfo.java:shutdownFollowerState(121)) - 58c4827f-663e-41e6-a95a-5c02fdca8528: shutdown FollowerState
2019-10-18 05:47:54,341 [grpc-default-executor-6] INFO  impl.RaftServerImpl (RaftServerImpl.java:setRole(184)) - e47f3d18-6550-4f27-a4cc-ce34c6c87b58@group-397DB682EABB: changes role from  FOLLOWER to FOLLOWER at term 37 for recognizeCandidate:291b4074-36ef-4604-afea-a446d5bcf194
2019-10-18 05:47:54,341 [grpc-default-executor-0] INFO  impl.RaftServerImpl (RaftServerImpl.java:setRole(184)) - 291b4074-36ef-4604-afea-a446d5bcf194@group-CDCBC4BDFD69: changes role from  FOLLOWER to FOLLOWER at term 6 for recognizeCandidate:e47f3d18-6550-4f27-a4cc-ce34c6c87b58
2019-10-18 05:47:54,341 [grpc-default-executor-5] INFO  impl.RoleInfo (RoleInfo.java:updateAndGet(143)) - 58c4827f-663e-41e6-a95a-5c02fdca8528: start FollowerState
2019-10-18 05:47:54,341 [Thread-839] INFO  impl.FollowerState (FollowerState.java:run(117)) - 58c4827f-663e-41e6-a95a-5c02fdca8528@group-CDCBC4BDFD69-FollowerState was interrupted: java.lang.InterruptedException: sleep interrupted
2019-10-18 05:47:54,341 [grpc-default-executor-0] INFO  impl.RoleInfo (RoleInfo.java:shutdownFollowerState(121)) - 291b4074-36ef-4604-afea-a446d5bcf194: shutdown FollowerState
2019-10-18 05:47:54,341 [grpc-default-executor-6] INFO  impl.RoleInfo (RoleInfo.java:shutdownFollowerState(121)) - e47f3d18-6550-4f27-a4cc-ce34c6c87b58: shutdown FollowerState
2019-10-18 05:47:54,341 [Thread-838] INFO  impl.FollowerState (FollowerState.java:run(117)) - 291b4074-36ef-4604-afea-a446d5bcf194@group-CDCBC4BDFD69-FollowerState was interrupted: java.lang.InterruptedException: sleep interrupted
2019-10-18 05:47:54,341 [grpc-default-executor-0] INFO  impl.RoleInfo (RoleInfo.java:updateAndGet(143)) - 291b4074-36ef-4604-afea-a446d5bcf194: start FollowerState
2019-10-18 05:47:54,341 [grpc-default-executor-6] INFO  impl.RoleInfo (RoleInfo.java:updateAndGet(143)) - e47f3d18-6550-4f27-a4cc-ce34c6c87b58: start FollowerState
2019-10-18 05:47:54,341 [Thread-832] INFO  impl.FollowerState (FollowerState.java:run(117)) - e47f3d18-6550-4f27-a4cc-ce34c6c87b58@group-397DB682EABB-FollowerState was interrupted: java.lang.InterruptedException: sleep interrupted
2019-10-18 05:47:54,354 [291b4074-36ef-4604-afea-a446d5bcf194@group-397DB682EABB-LeaderElection42] INFO  impl.LeaderElection (LeaderElection.java:logAndReturn(56)) - 291b4074-36ef-4604-afea-a446d5bcf194@group-397DB682EABB-LeaderElection42: Election TIMEOUT; received 0 response(s) [] and 0 exception(s); 291b4074-36ef-4604-afea-a446d5bcf194@group-397DB682EABB:t37, leader=null, voted=291b4074-36ef-4604-afea-a446d5bcf194, raftlog=291b4074-36ef-4604-afea-a446d5bcf194@group-397DB682EABB-SegmentedRaftLog:OPENED:c3,f4,i4, conf=0: [291b4074-36ef-4604-afea-a446d5bcf194:192.168.34.6:34859, e47f3d18-6550-4f27-a4cc-ce34c6c87b58:192.168.34.6:35257, 58c4827f-663e-41e6-a95a-5c02fdca8528:192.168.34.6:39496], old=null
2019-10-18 05:47:54,371 [e47f3d18-6550-4f27-a4cc-ce34c6c87b58@group-CDCBC4BDFD69-LeaderElection43] INFO  impl.LeaderElection (LeaderElection.java:logAndReturn(56)) - e47f3d18-6550-4f27-a4cc-ce34c6c87b58@group-CDCBC4BDFD69-LeaderElection43: Election REJECTED; received 2 response(s) [e47f3d18-6550-4f27-a4cc-ce34c6c87b58<-291b4074-36ef-4604-afea-a446d5bcf194#0:FAIL-t6, e47f3d18-6550-4f27-a4cc-ce34c6c87b58<-58c4827f-663e-41e6-a95a-5c02fdca8528#0:FAIL-t6] and 0 exception(s); e47f3d18-6550-4f27-a4cc-ce34c6c87b58@group-CDCBC4BDFD69:t6, leader=null, voted=e47f3d18-6550-4f27-a4cc-ce34c6c87b58, raftlog=e47f3d18-6550-4f27-a4cc-ce34c6c87b58@group-CDCBC4BDFD69-SegmentedRaftLog:OPENED:c-1,f-1,i0, conf=-1: [291b4074-36ef-4604-afea-a446d5bcf194:192.168.34.6:34859, e47f3d18-6550-4f27-a4cc-ce34c6c87b58:192.168.34.6:35257, 58c4827f-663e-41e6-a95a-5c02fdca8528:192.168.34.6:39496], old=null
2019-10-18 05:47:54,372 [e47f3d18-6550-4f27-a4cc-ce34c6c87b58@group-CDCBC4BDFD69-LeaderElection43] INFO  impl.RaftServerImpl (RaftServerImpl.java:setRole(184)) - e47f3d18-6550-4f27-a4cc-ce34c6c87b58@group-CDCBC4BDFD69: changes role from CANDIDATE to FOLLOWER at term 6 for DISCOVERED_A_NEW_TERM
2019-10-18 05:47:54,372 [e47f3d18-6550-4f27-a4cc-ce34c6c87b58@group-CDCBC4BDFD69-LeaderElection43] INFO  impl.RoleInfo (RoleInfo.java:shutdownLeaderElection(134)) - e47f3d18-6550-4f27-a4cc-ce34c6c87b58: shutdown LeaderElection
2019-10-18 05:47:54,372 [e47f3d18-6550-4f27-a4cc-ce34c6c87b58@group-CDCBC4BDFD69-LeaderElection43] INFO  impl.RoleInfo (RoleInfo.java:updateAndGet(143)) - e47f3d18-6550-4f27-a4cc-ce34c6c87b58: start FollowerState
2019-10-18 05:47:54,393 [EventQueue-PendingDeleteStatusForPendingDeleteHandler] INFO  block.SCMBlockDeletingService (SCMBlockDeletingService.java:handlePendingDeletes(115)) - Block deletion txnID mismatch in datanode 291b4074-36ef-4604-afea-a446d5bcf194 for containerID 1. Datanode delete txnID: 0, SCM txnID: 1
2019-10-18 05:47:54,403 [291b4074-36ef-4604-afea-a446d5bcf194@group-397DB682EABB-LeaderElection42] INFO  impl.LeaderElection (LeaderElection.java:askForVotes(178)) - 291b4074-36ef-4604-afea-a446d5bcf194@group-397DB682EABB-LeaderElection42: begin an election at term 38 for 0: [291b4074-36ef-4604-afea-a446d5bcf194:192.168.34.6:34859, e47f3d18-6550-4f27-a4cc-ce34c6c87b58:192.168.34.6:35257, 58c4827f-663e-41e6-a95a-5c02fdca8528:192.168.34.6:39496], old=null
2019-10-18 05:47:54,406 [grpc-default-executor-0] INFO  impl.RaftServerImpl (RaftServerImpl.java:setRole(184)) - e47f3d18-6550-4f27-a4cc-ce34c6c87b58@group-397DB682EABB: changes role from  FOLLOWER to FOLLOWER at term 38 for recognizeCandidate:291b4074-36ef-4604-afea-a446d5bcf194
2019-10-18 05:47:54,406 [grpc-default-executor-5] INFO  impl.RaftServerImpl (RaftServerImpl.java:setRole(184)) - 58c4827f-663e-41e6-a95a-5c02fdca8528@group-397DB682EABB: changes role from  FOLLOWER to FOLLOWER at term 38 for recognizeCandidate:291b4074-36ef-4604-afea-a446d5bcf194
2019-10-18 05:47:54,406 [grpc-default-executor-0] INFO  impl.RoleInfo (RoleInfo.java:shutdownFollowerState(121)) - e47f3d18-6550-4f27-a4cc-ce34c6c87b58: shutdown FollowerState
2019-10-18 05:47:54,406 [grpc-default-executor-5] INFO  impl.RoleInfo (RoleInfo.java:shutdownFollowerState(121)) - 58c4827f-663e-41e6-a95a-5c02fdca8528: shutdown FollowerState
2019-10-18 05:47:54,406 [Thread-850] INFO  impl.FollowerState (FollowerState.java:run(117)) - e47f3d18-6550-4f27-a4cc-ce34c6c87b58@group-397DB682EABB-FollowerState was interrupted: java.lang.InterruptedException: sleep interrupted
2019-10-18 05:47:54,406 [grpc-default-executor-0] INFO  impl.RoleInfo (RoleInfo.java:updateAndGet(143)) - e47f3d18-6550-4f27-a4cc-ce34c6c87b58: start FollowerState
2019-10-18 05:47:54,406 [Thread-847] INFO  impl.FollowerState (FollowerState.java:run(117)) - 58c4827f-663e-41e6-a95a-5c02fdca8528@group-397DB682EABB-FollowerState was interrupted: java.lang.InterruptedException: sleep interrupted
2019-10-18 05:47:54,406 [grpc-default-executor-5] INFO  impl.RoleInfo (RoleInfo.java:updateAndGet(143)) - 58c4827f-663e-41e6-a95a-5c02fdca8528: start FollowerState
2019-10-18 05:47:54,438 [291b4074-36ef-4604-afea-a446d5bcf194@group-397DB682EABB-LeaderElection42] INFO  impl.LeaderElection (LeaderElection.java:logAndReturn(56)) - 291b4074-36ef-4604-afea-a446d5bcf194@group-397DB682EABB-LeaderElection42: Election REJECTED; received 2 response(s) [291b4074-36ef-4604-afea-a446d5bcf194<-e47f3d18-6550-4f27-a4cc-ce34c6c87b58#0:FAIL-t38, 291b4074-36ef-4604-afea-a446d5bcf194<-58c4827f-663e-41e6-a95a-5c02fdca8528#0:FAIL-t38] and 0 exception(s); 291b4074-36ef-4604-afea-a446d5bcf194@group-397DB682EABB:t38, leader=null, voted=291b4074-36ef-4604-afea-a446d5bcf194, raftlog=291b4074-36ef-4604-afea-a446d5bcf194@group-397DB682EABB-SegmentedRaftLog:OPENED:c3,f4,i4, conf=0: [291b4074-36ef-4604-afea-a446d5bcf194:192.168.34.6:34859, e47f3d18-6550-4f27-a4cc-ce34c6c87b58:192.168.34.6:35257, 58c4827f-663e-41e6-a95a-5c02fdca8528:192.168.34.6:39496], old=null
2019-10-18 05:47:54,439 [Command processor thread] INFO  commandhandler.DeleteBlocksCommandHandler (DeleteBlocksCommandHandler.java:handle(106)) - Start to delete container blocks, TXIDs=[1(0)], numOfContainers=1, numOfBlocks=1
2019-10-18 05:47:54,439 [291b4074-36ef-4604-afea-a446d5bcf194@group-397DB682EABB-LeaderElection42] INFO  impl.RaftServerImpl (RaftServerImpl.java:setRole(184)) - 291b4074-36ef-4604-afea-a446d5bcf194@group-397DB682EABB: changes role from CANDIDATE to FOLLOWER at term 38 for DISCOVERED_A_NEW_TERM
2019-10-18 05:47:54,439 [291b4074-36ef-4604-afea-a446d5bcf194@group-397DB682EABB-LeaderElection42] INFO  impl.RoleInfo (RoleInfo.java:shutdownLeaderElection(134)) - 291b4074-36ef-4604-afea-a446d5bcf194: shutdown LeaderElection
2019-10-18 05:47:54,439 [291b4074-36ef-4604-afea-a446d5bcf194@group-397DB682EABB-LeaderElection42] INFO  impl.RoleInfo (RoleInfo.java:updateAndGet(143)) - 291b4074-36ef-4604-afea-a446d5bcf194: start FollowerState
2019-10-18 05:47:54,439 [Command processor thread] INFO  commandhandler.DeleteBlocksCommandHandler (DeleteBlocksCommandHandler.java:handle(106)) - Start to delete container blocks, TXIDs=[1(2)], numOfContainers=1, numOfBlocks=1
2019-10-18 05:47:54,439 [Command processor thread] INFO  commandhandler.DeleteBlocksCommandHandler (DeleteBlocksCommandHandler.java:handle(106)) - Start to delete container blocks, TXIDs=[1(0)], numOfContainers=1, numOfBlocks=1
2019-10-18 05:47:54,440 [Command processor thread] INFO  commandhandler.DeleteBlocksCommandHandler (DeleteBlocksCommandHandler.java:handle(106)) - Start to delete container blocks, TXIDs=[1(2)], numOfContainers=1, numOfBlocks=1
2019-10-18 05:47:54,440 [Command processor thread] INFO  commandhandler.DeleteBlocksCommandHandler (DeleteBlocksCommandHandler.java:handle(106)) - Start to delete container blocks, TXIDs=[1(4)], numOfContainers=1, numOfBlocks=1
2019-10-18 05:47:54,440 [Command processor thread] INFO  commandhandler.DeleteBlocksCommandHandler (DeleteBlocksCommandHandler.java:handle(106)) - Start to delete container blocks, TXIDs=[1(0)], numOfContainers=1, numOfBlocks=1
2019-10-18 05:47:54,440 [Command processor thread] INFO  commandhandler.DeleteBlocksCommandHandler (DeleteBlocksCommandHandler.java:handle(106)) - Start to delete container blocks, TXIDs=[1(2)], numOfContainers=1, numOfBlocks=1
2019-10-18 05:47:54,441 [Command processor thread] INFO  commandhandler.DeleteBlocksCommandHandler (DeleteBlocksCommandHandler.java:handle(106)) - Start to delete container blocks, TXIDs=[1(0)], numOfContainers=1, numOfBlocks=1
2019-10-18 05:47:54,441 [Command processor thread] INFO  commandhandler.DeleteBlocksCommandHandler (DeleteBlocksCommandHandler.java:handle(106)) - Start to delete container blocks, TXIDs=[1(4)], numOfContainers=1, numOfBlocks=1
2019-10-18 05:47:54,441 [Command processor thread] INFO  commandhandler.DeleteBlocksCommandHandler (DeleteBlocksCommandHandler.java:handle(106)) - Start to delete container blocks, TXIDs=[1(7)], numOfContainers=1, numOfBlocks=1
2019-10-18 05:47:54,441 [Command processor thread] INFO  commandhandler.DeleteBlocksCommandHandler (DeleteBlocksCommandHandler.java:handle(106)) - Start to delete container blocks, TXIDs=[1(0)], numOfContainers=1, numOfBlocks=1
2019-10-18 05:47:54,441 [Command processor thread] INFO  commandhandler.DeleteBlocksCommandHandler (DeleteBlocksCommandHandler.java:handle(106)) - Start to delete container blocks, TXIDs=[1(2)], numOfContainers=1, numOfBlocks=1
2019-10-18 05:47:54,442 [Command processor thread] INFO  commandhandler.DeleteBlocksCommandHandler (DeleteBlocksCommandHandler.java:handle(106)) - Start to delete container blocks, TXIDs=[1(4)], numOfContainers=1, numOfBlocks=1
2019-10-18 05:47:54,442 [Command processor thread] INFO  commandhandler.DeleteBlocksCommandHandler (DeleteBlocksCommandHandler.java:handle(106)) - Start to delete container blocks, TXIDs=[1(11)], numOfContainers=1, numOfBlocks=1
2019-10-18 05:47:54,442 [Command processor thread] INFO  commandhandler.DeleteBlocksCommandHandler (DeleteBlocksCommandHandler.java:handle(106)) - Start to delete container blocks, TXIDs=[1(7)], numOfContainers=1, numOfBlocks=1
2019-10-18 05:47:54,442 [Command processor thread] INFO  commandhandler.DeleteBlocksCommandHandler (DeleteBlocksCommandHandler.java:handle(106)) - Start to delete container blocks, TXIDs=[1(2)], numOfContainers=1, numOfBlocks=1
2019-10-18 05:47:54,443 [Command processor thread] INFO  commandhandler.DeleteBlocksCommandHandler (DeleteBlocksCommandHandler.java:handle(106)) - Start to delete container blocks, TXIDs=[1(0)], numOfContainers=1, numOfBlocks=1
2019-10-18 05:47:54,443 [Command processor thread] INFO  commandhandler.DeleteBlocksCommandHandler (DeleteBlocksCommandHandler.java:handle(106)) - Start to delete container blocks, TXIDs=[1(4)], numOfContainers=1, numOfBlocks=1
2019-10-18 05:47:54,443 [Command processor thread] INFO  commandhandler.DeleteBlocksCommandHandler (DeleteBlocksCommandHandler.java:handle(106)) - Start to delete container blocks, TXIDs=[1(7)], numOfContainers=1, numOfBlocks=1
2019-10-18 05:47:54,444 [Command processor thread] INFO  commandhandler.DeleteBlocksCommandHandler (DeleteBlocksCommandHandler.java:handle(106)) - Start to delete container blocks, TXIDs=[1(16)], numOfContainers=1, numOfBlocks=1
2019-10-18 05:47:54,444 [Command processor thread] INFO  commandhandler.DeleteBlocksCommandHandler (DeleteBlocksCommandHandler.java:handle(106)) - Start to delete container blocks, TXIDs=[1(11)], numOfContainers=1, numOfBlocks=1
2019-10-18 05:47:54,444 [Command processor thread] INFO  commandhandler.DeleteBlocksCommandHandler (DeleteBlocksCommandHandler.java:handle(106)) - Start to delete container blocks, TXIDs=[1(4)], numOfContainers=1, numOfBlocks=1
2019-10-18 05:47:54,444 [Command processor thread] INFO  commandhandler.DeleteBlocksCommandHandler (DeleteBlocksCommandHandler.java:handle(106)) - Start to delete container blocks, TXIDs=[1(22)], numOfContainers=1, numOfBlocks=1
2019-10-18 05:47:54,445 [Command processor thread] INFO  commandhandler.DeleteBlocksCommandHandler (DeleteBlocksCommandHandler.java:handle(106)) - Start to delete container blocks, TXIDs=[1(2)], numOfContainers=1, numOfBlocks=1
2019-10-18 05:47:54,445 [Command processor thread] INFO  commandhandler.DeleteBlocksCommandHandler (DeleteBlocksCommandHandler.java:handle(106)) - Start to delete container blocks, TXIDs=[1(11)], numOfContainers=1, numOfBlocks=1
2019-10-18 05:47:54,445 [Command processor thread] INFO  commandhandler.DeleteBlocksCommandHandler (DeleteBlocksCommandHandler.java:handle(106)) - Start to delete container blocks, TXIDs=[1(0)], numOfContainers=1, numOfBlocks=1
2019-10-18 05:47:54,445 [Command processor thread] INFO  commandhandler.DeleteBlocksCommandHandler (DeleteBlocksCommandHandler.java:handle(106)) - Start to delete container blocks, TXIDs=[1(7)], numOfContainers=1, numOfBlocks=1
2019-10-18 05:47:54,445 [Command processor thread] INFO  commandhandler.DeleteBlocksCommandHandler (DeleteBlocksCommandHandler.java:handle(106)) - Start to delete container blocks, TXIDs=[1(16)], numOfContainers=1, numOfBlocks=1
2019-10-18 05:47:54,446 [Command processor thread] INFO  commandhandler.DeleteBlocksCommandHandler (DeleteBlocksCommandHandler.java:handle(106)) - Start to delete container blocks, TXIDs=[1(57)], numOfContainers=1, numOfBlocks=1
2019-10-18 05:47:54,446 [Command processor thread] INFO  commandhandler.DeleteBlocksCommandHandler (DeleteBlocksCommandHandler.java:handle(106)) - Start to delete container blocks, TXIDs=[1(0)], numOfContainers=1, numOfBlocks=1
2019-10-18 05:47:54,446 [Command processor thread] INFO  commandhandler.DeleteBlocksCommandHandler (DeleteBlocksCommandHandler.java:handle(106)) - Start to delete container blocks, TXIDs=[1(4)], numOfContainers=1, numOfBlocks=1
2019-10-18 05:47:54,446 [Command processor thread] INFO  commandhandler.DeleteBlocksCommandHandler (DeleteBlocksCommandHandler.java:handle(106)) - Start to delete container blocks, TXIDs=[1(16)], numOfContainers=1, numOfBlocks=1
2019-10-18 05:47:54,446 [Command processor thread] INFO  commandhandler.DeleteBlocksCommandHandler (DeleteBlocksCommandHandler.java:handle(106)) - Start to delete container blocks, TXIDs=[1(11)], numOfContainers=1, numOfBlocks=1
2019-10-18 05:47:54,447 [Command processor thread] INFO  commandhandler.DeleteBlocksCommandHandler (DeleteBlocksCommandHandler.java:handle(106)) - Start to delete container blocks, TXIDs=[1(2)], numOfContainers=1, numOfBlocks=1
2019-10-18 05:47:54,447 [Command processor thread] INFO  commandhandler.DeleteBlocksCommandHandler (DeleteBlocksCommandHandler.java:handle(106)) - Start to delete container blocks, TXIDs=[1(22)], numOfContainers=1, numOfBlocks=1
2019-10-18 05:47:54,447 [Command processor thread] INFO  commandhandler.DeleteBlocksCommandHandler (DeleteBlocksCommandHandler.java:handle(106)) - Start to delete container blocks, TXIDs=[1(7)], numOfContainers=1, numOfBlocks=1
2019-10-18 05:47:54,508 [Thread-851] INFO  impl.FollowerState (FollowerState.java:run(108)) - e47f3d18-6550-4f27-a4cc-ce34c6c87b58@group-CDCBC4BDFD69-FollowerState: change to CANDIDATE, lastRpcTime:136ms, electionTimeout:136ms
2019-10-18 05:47:54,508 [Thread-851] INFO  impl.RoleInfo (RoleInfo.java:shutdownFollowerState(121)) - e47f3d18-6550-4f27-a4cc-ce34c6c87b58: shutdown FollowerState
2019-10-18 05:47:54,509 [Thread-851] INFO  impl.RaftServerImpl (RaftServerImpl.java:setRole(184)) - e47f3d18-6550-4f27-a4cc-ce34c6c87b58@group-CDCBC4BDFD69: changes role from  FOLLOWER to CANDIDATE at term 6 for changeToCandidate
2019-10-18 05:47:54,509 [Thread-851] INFO  impl.RoleInfo (RoleInfo.java:updateAndGet(143)) - e47f3d18-6550-4f27-a4cc-ce34c6c87b58: start LeaderElection
2019-10-18 05:47:54,525 [Thread-856] INFO  impl.FollowerState (FollowerState.java:run(108)) - 291b4074-36ef-4604-afea-a446d5bcf194@group-397DB682EABB-FollowerState: change to CANDIDATE, lastRpcTime:85ms, electionTimeout:85ms
2019-10-18 05:47:54,525 [Thread-856] INFO  impl.RoleInfo (RoleInfo.java:shutdownFollowerState(121)) - 291b4074-36ef-4604-afea-a446d5bcf194: shutdown FollowerState
2019-10-18 05:47:54,525 [Thread-856] INFO  impl.RaftServerImpl (RaftServerImpl.java:setRole(184)) - 291b4074-36ef-4604-afea-a446d5bcf194@group-397DB682EABB: changes role from  FOLLOWER to CANDIDATE at term 38 for changeToCandidate
2019-10-18 05:47:54,525 [Thread-856] INFO  impl.RoleInfo (RoleInfo.java:updateAndGet(143)) - 291b4074-36ef-4604-afea-a446d5bcf194: start LeaderElection
2019-10-18 05:47:54,538 [e47f3d18-6550-4f27-a4cc-ce34c6c87b58@group-CDCBC4BDFD69-LeaderElection44] INFO  impl.LeaderElection (LeaderElection.java:askForVotes(178)) - e47f3d18-6550-4f27-a4cc-ce34c6c87b58@group-CDCBC4BDFD69-LeaderElection44: begin an election at term 7 for -1: [291b4074-36ef-4604-afea-a446d5bcf194:192.168.34.6:34859, e47f3d18-6550-4f27-a4cc-ce34c6c87b58:192.168.34.6:35257, 58c4827f-663e-41e6-a95a-5c02fdca8528:192.168.34.6:39496], old=null
2019-10-18 05:47:54,540 [grpc-default-executor-0] INFO  impl.RaftServerImpl (RaftServerImpl.java:setRole(184)) - 58c4827f-663e-41e6-a95a-5c02fdca8528@group-CDCBC4BDFD69: changes role from  FOLLOWER to FOLLOWER at term 7 for recognizeCandidate:e47f3d18-6550-4f27-a4cc-ce34c6c87b58
2019-10-18 05:47:54,540 [grpc-default-executor-5] INFO  impl.RaftServerImpl (RaftServerImpl.java:setRole(184)) - 291b4074-36ef-4604-afea-a446d5bcf194@group-CDCBC4BDFD69: changes role from  FOLLOWER to FOLLOWER at term 7 for recognizeCandidate:e47f3d18-6550-4f27-a4cc-ce34c6c87b58
2019-10-18 05:47:54,540 [grpc-default-executor-0] INFO  impl.RoleInfo (RoleInfo.java:shutdownFollowerState(121)) - 58c4827f-663e-41e6-a95a-5c02fdca8528: shutdown FollowerState
2019-10-18 05:47:54,541 [grpc-default-executor-5] INFO  impl.RoleInfo (RoleInfo.java:shutdownFollowerState(121)) - 291b4074-36ef-4604-afea-a446d5bcf194: shutdown FollowerState
2019-10-18 05:47:54,541 [Thread-848] INFO  impl.FollowerState (FollowerState.java:run(117)) - 58c4827f-663e-41e6-a95a-5c02fdca8528@group-CDCBC4BDFD69-FollowerState was interrupted: java.lang.InterruptedException: sleep interrupted
2019-10-18 05:47:54,541 [Thread-849] INFO  impl.FollowerState (FollowerState.java:run(117)) - 291b4074-36ef-4604-afea-a446d5bcf194@group-CDCBC4BDFD69-FollowerState was interrupted: java.lang.InterruptedException: sleep interrupted
2019-10-18 05:47:54,541 [grpc-default-executor-0] INFO  impl.RoleInfo (RoleInfo.java:updateAndGet(143)) - 58c4827f-663e-41e6-a95a-5c02fdca8528: start FollowerState
2019-10-18 05:47:54,541 [grpc-default-executor-5] INFO  impl.RoleInfo (RoleInfo.java:updateAndGet(143)) - 291b4074-36ef-4604-afea-a446d5bcf194: start FollowerState
2019-10-18 05:47:54,555 [291b4074-36ef-4604-afea-a446d5bcf194@group-397DB682EABB-LeaderElection45] INFO  impl.LeaderElection (LeaderElection.java:askForVotes(178)) - 291b4074-36ef-4604-afea-a446d5bcf194@group-397DB682EABB-LeaderElection45: begin an election at term 39 for 0: [291b4074-36ef-4604-afea-a446d5bcf194:192.168.34.6:34859, e47f3d18-6550-4f27-a4cc-ce34c6c87b58:192.168.34.6:35257, 58c4827f-663e-41e6-a95a-5c02fdca8528:192.168.34.6:39496], old=null
2019-10-18 05:47:54,557 [grpc-default-executor-4] INFO  impl.RaftServerImpl (RaftServerImpl.java:setRole(184)) - e47f3d18-6550-4f27-a4cc-ce34c6c87b58@group-397DB682EABB: changes role from  FOLLOWER to FOLLOWER at term 39 for recognizeCandidate:291b4074-36ef-4604-afea-a446d5bcf194
2019-10-18 05:47:54,557 [grpc-default-executor-4] INFO  impl.RoleInfo (RoleInfo.java:shutdownFollowerState(121)) - e47f3d18-6550-4f27-a4cc-ce34c6c87b58: shutdown FollowerState
2019-10-18 05:47:54,557 [grpc-default-executor-6] INFO  impl.RaftServerImpl (RaftServerImpl.java:setRole(184)) - 58c4827f-663e-41e6-a95a-5c02fdca8528@group-397DB682EABB: changes role from  FOLLOWER to FOLLOWER at term 39 for recognizeCandidate:291b4074-36ef-4604-afea-a446d5bcf194
2019-10-18 05:47:54,557 [grpc-default-executor-4] INFO  impl.RoleInfo (RoleInfo.java:updateAndGet(143)) - e47f3d18-6550-4f27-a4cc-ce34c6c87b58: start FollowerState
2019-10-18 05:47:54,557 [Thread-854] INFO  impl.FollowerState (FollowerState.java:run(117)) - e47f3d18-6550-4f27-a4cc-ce34c6c87b58@group-397DB682EABB-FollowerState was interrupted: java.lang.InterruptedException: sleep interrupted
2019-10-18 05:47:54,557 [grpc-default-executor-6] INFO  impl.RoleInfo (RoleInfo.java:shutdownFollowerState(121)) - 58c4827f-663e-41e6-a95a-5c02fdca8528: shutdown FollowerState
2019-10-18 05:47:54,558 [Thread-855] INFO  impl.FollowerState (FollowerState.java:run(117)) - 58c4827f-663e-41e6-a95a-5c02fdca8528@group-397DB682EABB-FollowerState was interrupted: java.lang.InterruptedException: sleep interrupted
2019-10-18 05:47:54,558 [grpc-default-executor-6] INFO  impl.RoleInfo (RoleInfo.java:updateAndGet(143)) - 58c4827f-663e-41e6-a95a-5c02fdca8528: start FollowerState
2019-10-18 05:47:54,573 [e47f3d18-6550-4f27-a4cc-ce34c6c87b58@group-CDCBC4BDFD69-LeaderElection44] INFO  impl.LeaderElection (LeaderElection.java:logAndReturn(56)) - e47f3d18-6550-4f27-a4cc-ce34c6c87b58@group-CDCBC4BDFD69-LeaderElection44: Election REJECTED; received 2 response(s) [e47f3d18-6550-4f27-a4cc-ce34c6c87b58<-291b4074-36ef-4604-afea-a446d5bcf194#0:FAIL-t7, e47f3d18-6550-4f27-a4cc-ce34c6c87b58<-58c4827f-663e-41e6-a95a-5c02fdca8528#0:FAIL-t7] and 0 exception(s); e47f3d18-6550-4f27-a4cc-ce34c6c87b58@group-CDCBC4BDFD69:t7, leader=null, voted=e47f3d18-6550-4f27-a4cc-ce34c6c87b58, raftlog=e47f3d18-6550-4f27-a4cc-ce34c6c87b58@group-CDCBC4BDFD69-SegmentedRaftLog:OPENED:c-1,f-1,i0, conf=-1: [291b4074-36ef-4604-afea-a446d5bcf194:192.168.34.6:34859, e47f3d18-6550-4f27-a4cc-ce34c6c87b58:192.168.34.6:35257, 58c4827f-663e-41e6-a95a-5c02fdca8528:192.168.34.6:39496], old=null
2019-10-18 05:47:54,573 [pool-7-thread-9] INFO  commands.RetriableDatanodeEventWatcher (RetriableDatanodeEventWatcher.java:onTimeout(47)) - RetriableDatanodeCommand type=deleteBlocksCommand with id=1571377666578 timed out. Retrying.
2019-10-18 05:47:54,573 [e47f3d18-6550-4f27-a4cc-ce34c6c87b58@group-CDCBC4BDFD69-LeaderElection44] INFO  impl.RaftServerImpl (RaftServerImpl.java:setRole(184)) - e47f3d18-6550-4f27-a4cc-ce34c6c87b58@group-CDCBC4BDFD69: changes role from CANDIDATE to FOLLOWER at term 7 for DISCOVERED_A_NEW_TERM
2019-10-18 05:47:54,574 [e47f3d18-6550-4f27-a4cc-ce34c6c87b58@group-CDCBC4BDFD69-LeaderElection44] INFO  impl.RoleInfo (RoleInfo.java:shutdownLeaderElection(134)) - e47f3d18-6550-4f27-a4cc-ce34c6c87b58: shutdown LeaderElection
2019-10-18 05:47:54,574 [SCMBlockDeletingService#0] INFO  block.SCMBlockDeletingService (SCMBlockDeletingService.java:call(184)) - Totally added 1 delete blocks command for 1 datanodes, task elapsed time: 1ms
2019-10-18 05:47:54,574 [e47f3d18-6550-4f27-a4cc-ce34c6c87b58@group-CDCBC4BDFD69-LeaderElection44] INFO  impl.RoleInfo (RoleInfo.java:updateAndGet(143)) - e47f3d18-6550-4f27-a4cc-ce34c6c87b58: start FollowerState
2019-10-18 05:47:54,579 [pool-7-thread-9] INFO  commands.RetriableDatanodeEventWatcher (RetriableDatanodeEventWatcher.java:onTimeout(47)) - RetriableDatanodeCommand type=deleteBlocksCommand with id=1571377666563 timed out. Retrying.
2019-10-18 05:47:54,580 [Thread-868] INFO  impl.FollowerState (FollowerState.java:run(108)) - e47f3d18-6550-4f27-a4cc-ce34c6c87b58@group-CDCBC4BDFD69-FollowerState: change to CANDIDATE, lastRpcTime:6ms, electionTimeout:6ms
2019-10-18 05:47:54,580 [Thread-868] INFO  impl.RoleInfo (RoleInfo.java:shutdownFollowerState(121)) - e47f3d18-6550-4f27-a4cc-ce34c6c87b58: shutdown FollowerState
2019-10-18 05:47:54,580 [Thread-868] INFO  impl.RaftServerImpl (RaftServerImpl.java:setRole(184)) - e47f3d18-6550-4f27-a4cc-ce34c6c87b58@group-CDCBC4BDFD69: changes role from  FOLLOWER to CANDIDATE at term 7 for changeToCandidate
2019-10-18 05:47:54,580 [Thread-868] INFO  impl.RoleInfo (RoleInfo.java:updateAndGet(143)) - e47f3d18-6550-4f27-a4cc-ce34c6c87b58: start LeaderElection
2019-10-18 05:47:54,581 [pool-7-thread-9] INFO  commands.RetriableDatanodeEventWatcher (RetriableDatanodeEventWatcher.java:onTimeout(47)) - RetriableDatanodeCommand type=deleteBlocksCommand with id=1571377666566 timed out. Retrying.
2019-10-18 05:47:54,581 [pool-7-thread-7] INFO  commands.RetriableDatanodeEventWatcher (RetriableDatanodeEventWatcher.java:onTimeout(47)) - RetriableDatanodeCommand type=deleteBlocksCommand with id=1571377666570 timed out. Retrying.
2019-10-18 05:47:54,581 [pool-7-thread-12] INFO  commands.RetriableDatanodeEventWatcher (RetriableDatanodeEventWatcher.java:onTimeout(47)) - RetriableDatanodeCommand type=deleteBlocksCommand with id=1571377666568 timed out. Retrying.
2019-10-18 05:47:54,581 [pool-7-thread-2] INFO  commands.RetriableDatanodeEventWatcher (RetriableDatanodeEventWatcher.java:onTimeout(47)) - RetriableDatanodeCommand type=deleteBlocksCommand with id=1571377666574 timed out. Retrying.
2019-10-18 05:47:54,582 [pool-7-thread-4] INFO  commands.RetriableDatanodeEventWatcher (RetriableDatanodeEventWatcher.java:onTimeout(47)) - RetriableDatanodeCommand type=deleteBlocksCommand with id=1571377666576 timed out. Retrying.
2019-10-18 05:47:54,582 [pool-7-thread-11] INFO  commands.RetriableDatanodeEventWatcher (RetriableDatanodeEventWatcher.java:onTimeout(47)) - RetriableDatanodeCommand type=deleteBlocksCommand with id=1571377666572 timed out. Retrying.
2019-10-18 05:47:54,590 [291b4074-36ef-4604-afea-a446d5bcf194@group-397DB682EABB-LeaderElection45] INFO  impl.LeaderElection (LeaderElection.java:logAndReturn(56)) - 291b4074-36ef-4604-afea-a446d5bcf194@group-397DB682EABB-LeaderElection45: Election REJECTED; received 2 response(s) [291b4074-36ef-4604-afea-a446d5bcf194<-e47f3d18-6550-4f27-a4cc-ce34c6c87b58#0:FAIL-t39, 291b4074-36ef-4604-afea-a446d5bcf194<-58c4827f-663e-41e6-a95a-5c02fdca8528#0:FAIL-t39] and 0 exception(s); 291b4074-36ef-4604-afea-a446d5bcf194@group-397DB682EABB:t39, leader=null, voted=291b4074-36ef-4604-afea-a446d5bcf194, raftlog=291b4074-36ef-4604-afea-a446d5bcf194@group-397DB682EABB-SegmentedRaftLog:OPENED:c3,f4,i4, conf=0: [291b4074-36ef-4604-afea-a446d5bcf194:192.168.34.6:34859, e47f3d18-6550-4f27-a4cc-ce34c6c87b58:192.168.34.6:35257, 58c4827f-663e-41e6-a95a-5c02fdca8528:192.168.34.6:39496], old=null
2019-10-18 05:47:54,590 [291b4074-36ef-4604-afea-a446d5bcf194@group-397DB682EABB-LeaderElection45] INFO  impl.RaftServerImpl (RaftServerImpl.java:setRole(184)) - 291b4074-36ef-4604-afea-a446d5bcf194@group-397DB682EABB: changes role from CANDIDATE to FOLLOWER at term 39 for DISCOVERED_A_NEW_TERM
2019-10-18 05:47:54,590 [291b4074-36ef-4604-afea-a446d5bcf194@group-397DB682EABB-LeaderElection45] INFO  impl.RoleInfo (RoleInfo.java:shutdownLeaderElection(134)) - 291b4074-36ef-4604-afea-a446d5bcf194: shutdown LeaderElection
2019-10-18 05:47:54,591 [291b4074-36ef-4604-afea-a446d5bcf194@group-397DB682EABB-LeaderElection45] INFO  impl.RoleInfo (RoleInfo.java:updateAndGet(143)) - 291b4074-36ef-4604-afea-a446d5bcf194: start FollowerState
2019-10-18 05:47:54,606 [e47f3d18-6550-4f27-a4cc-ce34c6c87b58@group-CDCBC4BDFD69-LeaderElection46] INFO  impl.LeaderElection (LeaderElection.java:askForVotes(178)) - e47f3d18-6550-4f27-a4cc-ce34c6c87b58@group-CDCBC4BDFD69-LeaderElection46: begin an election at term 8 for -1: [291b4074-36ef-4604-afea-a446d5bcf194:192.168.34.6:34859, e47f3d18-6550-4f27-a4cc-ce34c6c87b58:192.168.34.6:35257, 58c4827f-663e-41e6-a95a-5c02fdca8528:192.168.34.6:39496], old=null
2019-10-18 05:47:54,609 [grpc-default-executor-6] INFO  impl.RaftServerImpl (RaftServerImpl.java:setRole(184)) - 58c4827f-663e-41e6-a95a-5c02fdca8528@group-CDCBC4BDFD69: changes role from  FOLLOWER to FOLLOWER at term 8 for recognizeCandidate:e47f3d18-6550-4f27-a4cc-ce34c6c87b58
2019-10-18 05:47:54,609 [grpc-default-executor-4] INFO  impl.RaftServerImpl (RaftServerImpl.java:setRole(184)) - 291b4074-36ef-4604-afea-a446d5bcf194@group-CDCBC4BDFD69: changes role from  FOLLOWER to FOLLOWER at term 8 for recognizeCandidate:e47f3d18-6550-4f27-a4cc-ce34c6c87b58
2019-10-18 05:47:54,609 [grpc-default-executor-6] INFO  impl.RoleInfo (RoleInfo.java:shutdownFollowerState(121)) - 58c4827f-663e-41e6-a95a-5c02fdca8528: shutdown FollowerState
2019-10-18 05:47:54,609 [grpc-default-executor-4] INFO  impl.RoleInfo (RoleInfo.java:shutdownFollowerState(121)) - 291b4074-36ef-4604-afea-a446d5bcf194: shutdown FollowerState
2019-10-18 05:47:54,609 [Thread-862] INFO  impl.FollowerState (FollowerState.java:run(117)) - 58c4827f-663e-41e6-a95a-5c02fdca8528@group-CDCBC4BDFD69-FollowerState was interrupted: java.lang.InterruptedException: sleep interrupted
2019-10-18 05:47:54,609 [Thread-863] INFO  impl.FollowerState (FollowerState.java:run(117)) - 291b4074-36ef-4604-afea-a446d5bcf194@group-CDCBC4BDFD69-FollowerState was interrupted: java.lang.InterruptedException: sleep interrupted
2019-10-18 05:47:54,609 [grpc-default-executor-4] INFO  impl.RoleInfo (RoleInfo.java:updateAndGet(143)) - 291b4074-36ef-4604-afea-a446d5bcf194: start FollowerState
2019-10-18 05:47:54,609 [grpc-default-executor-6] INFO  impl.RoleInfo (RoleInfo.java:updateAndGet(143)) - 58c4827f-663e-41e6-a95a-5c02fdca8528: start FollowerState
2019-10-18 05:47:54,636 [e47f3d18-6550-4f27-a4cc-ce34c6c87b58@group-CDCBC4BDFD69-LeaderElection46] INFO  impl.LeaderElection (LeaderElection.java:logAndReturn(56)) - e47f3d18-6550-4f27-a4cc-ce34c6c87b58@group-CDCBC4BDFD69-LeaderElection46: Election REJECTED; received 2 response(s) [e47f3d18-6550-4f27-a4cc-ce34c6c87b58<-291b4074-36ef-4604-afea-a446d5bcf194#0:FAIL-t8, e47f3d18-6550-4f27-a4cc-ce34c6c87b58<-58c4827f-663e-41e6-a95a-5c02fdca8528#0:FAIL-t8] and 0 exception(s); e47f3d18-6550-4f27-a4cc-ce34c6c87b58@group-CDCBC4BDFD69:t8, leader=null, voted=e47f3d18-6550-4f27-a4cc-ce34c6c87b58, raftlog=e47f3d18-6550-4f27-a4cc-ce34c6c87b58@group-CDCBC4BDFD69-SegmentedRaftLog:OPENED:c-1,f-1,i0, conf=-1: [291b4074-36ef-4604-afea-a446d5bcf194:192.168.34.6:34859, e47f3d18-6550-4f27-a4cc-ce34c6c87b58:192.168.34.6:35257, 58c4827f-663e-41e6-a95a-5c02fdca8528:192.168.34.6:39496], old=null
2019-10-18 05:47:54,636 [e47f3d18-6550-4f27-a4cc-ce34c6c87b58@group-CDCBC4BDFD69-LeaderElection46] INFO  impl.RaftServerImpl (RaftServerImpl.java:setRole(184)) - e47f3d18-6550-4f27-a4cc-ce34c6c87b58@group-CDCBC4BDFD69: changes role from CANDIDATE to FOLLOWER at term 8 for DISCOVERED_A_NEW_TERM
2019-10-18 05:47:54,636 [e47f3d18-6550-4f27-a4cc-ce34c6c87b58@group-CDCBC4BDFD69-LeaderElection46] INFO  impl.RoleInfo (RoleInfo.java:shutdownLeaderElection(134)) - e47f3d18-6550-4f27-a4cc-ce34c6c87b58: shutdown LeaderElection
2019-10-18 05:47:54,637 [e47f3d18-6550-4f27-a4cc-ce34c6c87b58@group-CDCBC4BDFD69-LeaderElection46] INFO  impl.RoleInfo (RoleInfo.java:updateAndGet(143)) - e47f3d18-6550-4f27-a4cc-ce34c6c87b58: start FollowerState
2019-10-18 05:47:54,641 [EventQueue-DeleteBlockStatusForDeletedBlockLogImpl] WARN  block.DeletedBlockLogImpl (DeletedBlockLogImpl.java:commitTransactions(205)) - Transaction txId=1 commit by dnId=291b4074-36ef-4604-afea-a446d5bcf194 for containerID=#1 failed. Corresponding entry not found.
2019-10-18 05:47:54,641 [EventQueue-DeleteBlockStatusForDeletedBlockLogImpl] WARN  block.DeletedBlockLogImpl (DeletedBlockLogImpl.java:commitTransactions(205)) - Transaction txId=1 commit by dnId=291b4074-36ef-4604-afea-a446d5bcf194 for containerID=#1 failed. Corresponding entry not found.
2019-10-18 05:47:54,642 [EventQueue-DeleteBlockStatusForDeletedBlockLogImpl] WARN  block.DeletedBlockLogImpl (DeletedBlockLogImpl.java:commitTransactions(205)) - Transaction txId=1 commit by dnId=291b4074-36ef-4604-afea-a446d5bcf194 for containerID=#1 failed. Corresponding entry not found.
2019-10-18 05:47:54,642 [EventQueue-DeleteBlockStatusForDeletedBlockLogImpl] WARN  block.DeletedBlockLogImpl (DeletedBlockLogImpl.java:commitTransactions(205)) - Transaction txId=1 commit by dnId=291b4074-36ef-4604-afea-a446d5bcf194 for containerID=#1 failed. Corresponding entry not found.
2019-10-18 05:47:54,642 [EventQueue-DeleteBlockStatusForDeletedBlockLogImpl] WARN  block.DeletedBlockLogImpl (DeletedBlockLogImpl.java:commitTransactions(205)) - Transaction txId=1 commit by dnId=291b4074-36ef-4604-afea-a446d5bcf194 for containerID=#1 failed. Corresponding entry not found.
2019-10-18 05:47:54,642 [EventQueue-DeleteBlockStatusForDeletedBlockLogImpl] WARN  block.DeletedBlockLogImpl (DeletedBlockLogImpl.java:commitTransactions(205)) - Transaction txId=1 commit by dnId=291b4074-36ef-4604-afea-a446d5bcf194 for containerID=#1 failed. Corresponding entry not found.
2019-10-18 05:47:54,642 [IPC Server handler 2 on 38282] WARN  block.DeletedBlockLogImpl (DeletedBlockLogImpl.java:incrementCount(141)) - Deleted TXID not found.
2019-10-18 05:47:54,642 [EventQueue-DeleteBlockStatusForDeletedBlockLogImpl] WARN  block.DeletedBlockLogImpl (DeletedBlockLogImpl.java:commitTransactions(205)) - Transaction txId=1 commit by dnId=291b4074-36ef-4604-afea-a446d5bcf194 for containerID=#1 failed. Corresponding entry not found.
2019-10-18 05:47:54,642 [IPC Server handler 2 on 38282] WARN  block.DeletedBlockLogImpl (DeletedBlockLogImpl.java:incrementCount(141)) - Deleted TXID not found.
2019-10-18 05:47:54,642 [IPC Server handler 2 on 38282] WARN  block.DeletedBlockLogImpl (DeletedBlockLogImpl.java:incrementCount(141)) - Deleted TXID not found.
2019-10-18 05:47:54,643 [IPC Server handler 2 on 38282] WARN  block.DeletedBlockLogImpl (DeletedBlockLogImpl.java:incrementCount(141)) - Deleted TXID not found.
2019-10-18 05:47:54,643 [IPC Server handler 2 on 38282] WARN  block.DeletedBlockLogImpl (DeletedBlockLogImpl.java:incrementCount(141)) - Deleted TXID not found.
2019-10-18 05:47:54,643 [IPC Server handler 2 on 38282] WARN  block.DeletedBlockLogImpl (DeletedBlockLogImpl.java:incrementCount(141)) - Deleted TXID not found.
2019-10-18 05:47:54,643 [IPC Server handler 2 on 38282] WARN  block.DeletedBlockLogImpl (DeletedBlockLogImpl.java:incrementCount(141)) - Deleted TXID not found.
2019-10-18 05:47:54,643 [IPC Server handler 2 on 38282] WARN  block.DeletedBlockLogImpl (DeletedBlockLogImpl.java:incrementCount(141)) - Deleted TXID not found.
2019-10-18 05:47:54,769 [Thread-870] INFO  impl.FollowerState (FollowerState.java:run(108)) - 291b4074-36ef-4604-afea-a446d5bcf194@group-397DB682EABB-FollowerState: change to CANDIDATE, lastRpcTime:178ms, electionTimeout:178ms
2019-10-18 05:47:54,769 [Thread-870] INFO  impl.RoleInfo (RoleInfo.java:shutdownFollowerState(121)) - 291b4074-36ef-4604-afea-a446d5bcf194: shutdown FollowerState
2019-10-18 05:47:54,770 [Thread-870] INFO  impl.RaftServerImpl (RaftServerImpl.java:setRole(184)) - 291b4074-36ef-4604-afea-a446d5bcf194@group-397DB682EABB: changes role from  FOLLOWER to CANDIDATE at term 39 for changeToCandidate
2019-10-18 05:47:54,770 [Thread-870] INFO  impl.RoleInfo (RoleInfo.java:updateAndGet(143)) - 291b4074-36ef-4604-afea-a446d5bcf194: start LeaderElection
2019-10-18 05:47:54,796 [291b4074-36ef-4604-afea-a446d5bcf194@group-397DB682EABB-LeaderElection47] INFO  impl.LeaderElection (LeaderElection.java:askForVotes(178)) - 291b4074-36ef-4604-afea-a446d5bcf194@group-397DB682EABB-LeaderElection47: begin an election at term 40 for 0: [291b4074-36ef-4604-afea-a446d5bcf194:192.168.34.6:34859, e47f3d18-6550-4f27-a4cc-ce34c6c87b58:192.168.34.6:35257, 58c4827f-663e-41e6-a95a-5c02fdca8528:192.168.34.6:39496], old=null
2019-10-18 05:47:54,801 [grpc-default-executor-4] INFO  impl.RaftServerImpl (RaftServerImpl.java:setRole(184)) - e47f3d18-6550-4f27-a4cc-ce34c6c87b58@group-397DB682EABB: changes role from  FOLLOWER to FOLLOWER at term 40 for recognizeCandidate:291b4074-36ef-4604-afea-a446d5bcf194
2019-10-18 05:47:54,801 [grpc-default-executor-6] INFO  impl.RaftServerImpl (RaftServerImpl.java:setRole(184)) - 58c4827f-663e-41e6-a95a-5c02fdca8528@group-397DB682EABB: changes role from  FOLLOWER to FOLLOWER at term 40 for recognizeCandidate:291b4074-36ef-4604-afea-a446d5bcf194
2019-10-18 05:47:54,801 [grpc-default-executor-4] INFO  impl.RoleInfo (RoleInfo.java:shutdownFollowerState(121)) - e47f3d18-6550-4f27-a4cc-ce34c6c87b58: shutdown FollowerState
2019-10-18 05:47:54,801 [grpc-default-executor-6] INFO  impl.RoleInfo (RoleInfo.java:shutdownFollowerState(121)) - 58c4827f-663e-41e6-a95a-5c02fdca8528: shutdown FollowerState
2019-10-18 05:47:54,802 [grpc-default-executor-4] INFO  impl.RoleInfo (RoleInfo.java:updateAndGet(143)) - e47f3d18-6550-4f27-a4cc-ce34c6c87b58: start FollowerState
2019-10-18 05:47:54,802 [Thread-867] INFO  impl.FollowerState (FollowerState.java:run(117)) - 58c4827f-663e-41e6-a95a-5c02fdca8528@group-397DB682EABB-FollowerState was interrupted: java.lang.InterruptedException: sleep interrupted
2019-10-18 05:47:54,802 [Thread-866] INFO  impl.FollowerState (FollowerState.java:run(117)) - e47f3d18-6550-4f27-a4cc-ce34c6c87b58@group-397DB682EABB-FollowerState was interrupted: java.lang.InterruptedException: sleep interrupted
2019-10-18 05:47:54,802 [grpc-default-executor-6] INFO  impl.RoleInfo (RoleInfo.java:updateAndGet(143)) - 58c4827f-663e-41e6-a95a-5c02fdca8528: start FollowerState
2019-10-18 05:47:54,824 [Thread-875] INFO  impl.FollowerState (FollowerState.java:run(108)) - e47f3d18-6550-4f27-a4cc-ce34c6c87b58@group-CDCBC4BDFD69-FollowerState: change to CANDIDATE, lastRpcTime:187ms, electionTimeout:187ms
2019-10-18 05:47:54,824 [Thread-875] INFO  impl.RoleInfo (RoleInfo.java:shutdownFollowerState(121)) - e47f3d18-6550-4f27-a4cc-ce34c6c87b58: shutdown FollowerState
2019-10-18 05:47:54,824 [Thread-875] INFO  impl.RaftServerImpl (RaftServerImpl.java:setRole(184)) - e47f3d18-6550-4f27-a4cc-ce34c6c87b58@group-CDCBC4BDFD69: changes role from  FOLLOWER to CANDIDATE at term 8 for changeToCandidate
2019-10-18 05:47:54,824 [Thread-875] INFO  impl.RoleInfo (RoleInfo.java:updateAndGet(143)) - e47f3d18-6550-4f27-a4cc-ce34c6c87b58: start LeaderElection
2019-10-18 05:47:54,826 [291b4074-36ef-4604-afea-a446d5bcf194@group-397DB682EABB-LeaderElection47] INFO  impl.LeaderElection (LeaderElection.java:logAndReturn(56)) - 291b4074-36ef-4604-afea-a446d5bcf194@group-397DB682EABB-LeaderElection47: Election REJECTED; received 2 response(s) [291b4074-36ef-4604-afea-a446d5bcf194<-e47f3d18-6550-4f27-a4cc-ce34c6c87b58#0:FAIL-t40, 291b4074-36ef-4604-afea-a446d5bcf194<-58c4827f-663e-41e6-a95a-5c02fdca8528#0:FAIL-t40] and 0 exception(s); 291b4074-36ef-4604-afea-a446d5bcf194@group-397DB682EABB:t40, leader=null, voted=291b4074-36ef-4604-afea-a446d5bcf194, raftlog=291b4074-36ef-4604-afea-a446d5bcf194@group-397DB682EABB-SegmentedRaftLog:OPENED:c3,f4,i4, conf=0: [291b4074-36ef-4604-afea-a446d5bcf194:192.168.34.6:34859, e47f3d18-6550-4f27-a4cc-ce34c6c87b58:192.168.34.6:35257, 58c4827f-663e-41e6-a95a-5c02fdca8528:192.168.34.6:39496], old=null
2019-10-18 05:47:54,826 [291b4074-36ef-4604-afea-a446d5bcf194@group-397DB682EABB-LeaderElection47] INFO  impl.RaftServerImpl (RaftServerImpl.java:setRole(184)) - 291b4074-36ef-4604-afea-a446d5bcf194@group-397DB682EABB: changes role from CANDIDATE to FOLLOWER at term 40 for DISCOVERED_A_NEW_TERM
2019-10-18 05:47:54,826 [291b4074-36ef-4604-afea-a446d5bcf194@group-397DB682EABB-LeaderElection47] INFO  impl.RoleInfo (RoleInfo.java:shutdownLeaderElection(134)) - 291b4074-36ef-4604-afea-a446d5bcf194: shutdown LeaderElection
2019-10-18 05:47:54,826 [291b4074-36ef-4604-afea-a446d5bcf194@group-397DB682EABB-LeaderElection47] INFO  impl.RoleInfo (RoleInfo.java:updateAndGet(143)) - 291b4074-36ef-4604-afea-a446d5bcf194: start FollowerState
2019-10-18 05:47:54,841 [Thread-884] INFO  client.GrpcClientProtocolService (GrpcClientProtocolService.java:lambda$processClientRequest$0(278)) - Failed RaftClientRequest:client-15CC5DA066CF->e47f3d18-6550-4f27-a4cc-ce34c6c87b58@group-397DB682EABB, cid=10, seq=0, Watch-ALL_COMMITTED(6), Message:<EMPTY>, reply=RaftClientReply:client-15CC5DA066CF->e47f3d18-6550-4f27-a4cc-ce34c6c87b58@group-397DB682EABB, cid=10, FAILED org.apache.ratis.protocol.NotLeaderException: Server e47f3d18-6550-4f27-a4cc-ce34c6c87b58@group-397DB682EABB is not the leader, logIndex=0, commits[e47f3d18-6550-4f27-a4cc-ce34c6c87b58:c10, 291b4074-36ef-4604-afea-a446d5bcf194:c4, 58c4827f-663e-41e6-a95a-5c02fdca8528:c10]
2019-10-18 05:47:54,848 [e47f3d18-6550-4f27-a4cc-ce34c6c87b58@group-CDCBC4BDFD69-LeaderElection48] INFO  impl.LeaderElection (LeaderElection.java:askForVotes(178)) - e47f3d18-6550-4f27-a4cc-ce34c6c87b58@group-CDCBC4BDFD69-LeaderElection48: begin an election at term 9 for -1: [291b4074-36ef-4604-afea-a446d5bcf194:192.168.34.6:34859, e47f3d18-6550-4f27-a4cc-ce34c6c87b58:192.168.34.6:35257, 58c4827f-663e-41e6-a95a-5c02fdca8528:192.168.34.6:39496], old=null
2019-10-18 05:47:54,855 [grpc-default-executor-4] INFO  impl.RaftServerImpl (RaftServerImpl.java:setRole(184)) - 291b4074-36ef-4604-afea-a446d5bcf194@group-CDCBC4BDFD69: changes role from  FOLLOWER to FOLLOWER at term 9 for recognizeCandidate:e47f3d18-6550-4f27-a4cc-ce34c6c87b58
2019-10-18 05:47:54,855 [grpc-default-executor-4] INFO  impl.RoleInfo (RoleInfo.java:shutdownFollowerState(121)) - 291b4074-36ef-4604-afea-a446d5bcf194: shutdown FollowerState
2019-10-18 05:47:54,855 [grpc-default-executor-4] INFO  impl.RoleInfo (RoleInfo.java:updateAndGet(143)) - 291b4074-36ef-4604-afea-a446d5bcf194: start FollowerState
2019-10-18 05:47:54,855 [Thread-874] INFO  impl.FollowerState (FollowerState.java:run(117)) - 291b4074-36ef-4604-afea-a446d5bcf194@group-CDCBC4BDFD69-FollowerState was interrupted: java.lang.InterruptedException: sleep interrupted
2019-10-18 05:47:54,855 [grpc-default-executor-6] INFO  impl.RaftServerImpl (RaftServerImpl.java:setRole(184)) - 58c4827f-663e-41e6-a95a-5c02fdca8528@group-CDCBC4BDFD69: changes role from  FOLLOWER to FOLLOWER at term 9 for recognizeCandidate:e47f3d18-6550-4f27-a4cc-ce34c6c87b58
2019-10-18 05:47:54,855 [grpc-default-executor-6] INFO  impl.RoleInfo (RoleInfo.java:shutdownFollowerState(121)) - 58c4827f-663e-41e6-a95a-5c02fdca8528: shutdown FollowerState
2019-10-18 05:47:54,856 [grpc-default-executor-6] INFO  impl.RoleInfo (RoleInfo.java:updateAndGet(143)) - 58c4827f-663e-41e6-a95a-5c02fdca8528: start FollowerState
2019-10-18 05:47:54,856 [Thread-873] INFO  impl.FollowerState (FollowerState.java:run(117)) - 58c4827f-663e-41e6-a95a-5c02fdca8528@group-CDCBC4BDFD69-FollowerState was interrupted: java.lang.InterruptedException: sleep interrupted
2019-10-18 05:47:54,879 [e47f3d18-6550-4f27-a4cc-ce34c6c87b58@group-CDCBC4BDFD69-LeaderElection48] INFO  impl.LeaderElection (LeaderElection.java:logAndReturn(56)) - e47f3d18-6550-4f27-a4cc-ce34c6c87b58@group-CDCBC4BDFD69-LeaderElection48: Election REJECTED; received 2 response(s) [e47f3d18-6550-4f27-a4cc-ce34c6c87b58<-291b4074-36ef-4604-afea-a446d5bcf194#0:FAIL-t9, e47f3d18-6550-4f27-a4cc-ce34c6c87b58<-58c4827f-663e-41e6-a95a-5c02fdca8528#0:FAIL-t9] and 0 exception(s); e47f3d18-6550-4f27-a4cc-ce34c6c87b58@group-CDCBC4BDFD69:t9, leader=null, voted=e47f3d18-6550-4f27-a4cc-ce34c6c87b58, raftlog=e47f3d18-6550-4f27-a4cc-ce34c6c87b58@group-CDCBC4BDFD69-SegmentedRaftLog:OPENED:c-1,f-1,i0, conf=-1: [291b4074-36ef-4604-afea-a446d5bcf194:192.168.34.6:34859, e47f3d18-6550-4f27-a4cc-ce34c6c87b58:192.168.34.6:35257, 58c4827f-663e-41e6-a95a-5c02fdca8528:192.168.34.6:39496], old=null
2019-10-18 05:47:54,880 [e47f3d18-6550-4f27-a4cc-ce34c6c87b58@group-CDCBC4BDFD69-LeaderElection48] INFO  impl.RaftServerImpl (RaftServerImpl.java:setRole(184)) - e47f3d18-6550-4f27-a4cc-ce34c6c87b58@group-CDCBC4BDFD69: changes role from CANDIDATE to FOLLOWER at term 9 for DISCOVERED_A_NEW_TERM
2019-10-18 05:47:54,880 [e47f3d18-6550-4f27-a4cc-ce34c6c87b58@group-CDCBC4BDFD69-LeaderElection48] INFO  impl.RoleInfo (RoleInfo.java:shutdownLeaderElection(134)) - e47f3d18-6550-4f27-a4cc-ce34c6c87b58: shutdown LeaderElection
2019-10-18 05:47:54,880 [e47f3d18-6550-4f27-a4cc-ce34c6c87b58@group-CDCBC4BDFD69-LeaderElection48] INFO  impl.RoleInfo (RoleInfo.java:updateAndGet(143)) - e47f3d18-6550-4f27-a4cc-ce34c6c87b58: start FollowerState
2019-10-18 05:47:54,926 [Thread-890] INFO  impl.FollowerState (FollowerState.java:run(108)) - e47f3d18-6550-4f27-a4cc-ce34c6c87b58@group-CDCBC4BDFD69-FollowerState: change to CANDIDATE, lastRpcTime:46ms, electionTimeout:46ms
2019-10-18 05:47:54,926 [Thread-890] INFO  impl.RoleInfo (RoleInfo.java:shutdownFollowerState(121)) - e47f3d18-6550-4f27-a4cc-ce34c6c87b58: shutdown FollowerState
2019-10-18 05:47:54,926 [Thread-890] INFO  impl.RaftServerImpl (RaftServerImpl.java:setRole(184)) - e47f3d18-6550-4f27-a4cc-ce34c6c87b58@group-CDCBC4BDFD69: changes role from  FOLLOWER to CANDIDATE at term 9 for changeToCandidate
2019-10-18 05:47:54,927 [Thread-890] INFO  impl.RoleInfo (RoleInfo.java:updateAndGet(143)) - e47f3d18-6550-4f27-a4cc-ce34c6c87b58: start LeaderElection
2019-10-18 05:47:54,950 [e47f3d18-6550-4f27-a4cc-ce34c6c87b58@group-CDCBC4BDFD69-LeaderElection49] INFO  impl.LeaderElection (LeaderElection.java:askForVotes(178)) - e47f3d18-6550-4f27-a4cc-ce34c6c87b58@group-CDCBC4BDFD69-LeaderElection49: begin an election at term 10 for -1: [291b4074-36ef-4604-afea-a446d5bcf194:192.168.34.6:34859, e47f3d18-6550-4f27-a4cc-ce34c6c87b58:192.168.34.6:35257, 58c4827f-663e-41e6-a95a-5c02fdca8528:192.168.34.6:39496], old=null
2019-10-18 05:47:54,953 [grpc-default-executor-4] INFO  impl.RaftServerImpl (RaftServerImpl.java:setRole(184)) - 58c4827f-663e-41e6-a95a-5c02fdca8528@group-CDCBC4BDFD69: changes role from  FOLLOWER to FOLLOWER at term 10 for recognizeCandidate:e47f3d18-6550-4f27-a4cc-ce34c6c87b58
2019-10-18 05:47:54,953 [grpc-default-executor-6] INFO  impl.RaftServerImpl (RaftServerImpl.java:setRole(184)) - 291b4074-36ef-4604-afea-a446d5bcf194@group-CDCBC4BDFD69: changes role from  FOLLOWER to FOLLOWER at term 10 for recognizeCandidate:e47f3d18-6550-4f27-a4cc-ce34c6c87b58
2019-10-18 05:47:54,953 [grpc-default-executor-4] INFO  impl.RoleInfo (RoleInfo.java:shutdownFollowerState(121)) - 58c4827f-663e-41e6-a95a-5c02fdca8528: shutdown FollowerState
2019-10-18 05:47:54,954 [grpc-default-executor-6] INFO  impl.RoleInfo (RoleInfo.java:shutdownFollowerState(121)) - 291b4074-36ef-4604-afea-a446d5bcf194: shutdown FollowerState
2019-10-18 05:47:54,954 [grpc-default-executor-4] INFO  impl.RoleInfo (RoleInfo.java:updateAndGet(143)) - 58c4827f-663e-41e6-a95a-5c02fdca8528: start FollowerState
2019-10-18 05:47:54,954 [Thread-889] INFO  impl.FollowerState (FollowerState.java:run(117)) - 58c4827f-663e-41e6-a95a-5c02fdca8528@group-CDCBC4BDFD69-FollowerState was interrupted: java.lang.InterruptedException: sleep interrupted
2019-10-18 05:47:54,954 [Thread-888] INFO  impl.FollowerState (FollowerState.java:run(117)) - 291b4074-36ef-4604-afea-a446d5bcf194@group-CDCBC4BDFD69-FollowerState was interrupted: java.lang.InterruptedException: sleep interrupted
2019-10-18 05:47:54,954 [grpc-default-executor-6] INFO  impl.RoleInfo (RoleInfo.java:updateAndGet(143)) - 291b4074-36ef-4604-afea-a446d5bcf194: start FollowerState
2019-10-18 05:47:54,957 [e47f3d18-6550-4f27-a4cc-ce34c6c87b58@group-CDCBC4BDFD69-LeaderElection49] INFO  impl.LeaderElection (LeaderElection.java:logAndReturn(56)) - e47f3d18-6550-4f27-a4cc-ce34c6c87b58@group-CDCBC4BDFD69-LeaderElection49: Election TIMEOUT; received 0 response(s) [] and 0 exception(s); e47f3d18-6550-4f27-a4cc-ce34c6c87b58@group-CDCBC4BDFD69:t10, leader=null, voted=e47f3d18-6550-4f27-a4cc-ce34c6c87b58, raftlog=e47f3d18-6550-4f27-a4cc-ce34c6c87b58@group-CDCBC4BDFD69-SegmentedRaftLog:OPENED:c-1,f-1,i0, conf=-1: [291b4074-36ef-4604-afea-a446d5bcf194:192.168.34.6:34859, e47f3d18-6550-4f27-a4cc-ce34c6c87b58:192.168.34.6:35257, 58c4827f-663e-41e6-a95a-5c02fdca8528:192.168.34.6:39496], old=null
2019-10-18 05:47:54,982 [e47f3d18-6550-4f27-a4cc-ce34c6c87b58@group-CDCBC4BDFD69-LeaderElection49] INFO  impl.LeaderElection (LeaderElection.java:askForVotes(178)) - e47f3d18-6550-4f27-a4cc-ce34c6c87b58@group-CDCBC4BDFD69-LeaderElection49: begin an election at term 11 for -1: [291b4074-36ef-4604-afea-a446d5bcf194:192.168.34.6:34859, e47f3d18-6550-4f27-a4cc-ce34c6c87b58:192.168.34.6:35257, 58c4827f-663e-41e6-a95a-5c02fdca8528:192.168.34.6:39496], old=null
2019-10-18 05:47:54,983 [grpc-default-executor-6] INFO  impl.RaftServerImpl (RaftServerImpl.java:setRole(184)) - 58c4827f-663e-41e6-a95a-5c02fdca8528@group-CDCBC4BDFD69: changes role from  FOLLOWER to FOLLOWER at term 11 for recognizeCandidate:e47f3d18-6550-4f27-a4cc-ce34c6c87b58
2019-10-18 05:47:54,983 [grpc-default-executor-4] INFO  impl.RaftServerImpl (RaftServerImpl.java:setRole(184)) - 291b4074-36ef-4604-afea-a446d5bcf194@group-CDCBC4BDFD69: changes role from  FOLLOWER to FOLLOWER at term 11 for recognizeCandidate:e47f3d18-6550-4f27-a4cc-ce34c6c87b58
2019-10-18 05:47:54,984 [grpc-default-executor-6] INFO  impl.RoleInfo (RoleInfo.java:shutdownFollowerState(121)) - 58c4827f-663e-41e6-a95a-5c02fdca8528: shutdown FollowerState
2019-10-18 05:47:54,984 [grpc-default-executor-4] INFO  impl.RoleInfo (RoleInfo.java:shutdownFollowerState(121)) - 291b4074-36ef-4604-afea-a446d5bcf194: shutdown FollowerState
2019-10-18 05:47:54,984 [Thread-894] INFO  impl.FollowerState (FollowerState.java:run(117)) - 58c4827f-663e-41e6-a95a-5c02fdca8528@group-CDCBC4BDFD69-FollowerState was interrupted: java.lang.InterruptedException: sleep interrupted
2019-10-18 05:47:54,984 [grpc-default-executor-6] INFO  impl.RoleInfo (RoleInfo.java:updateAndGet(143)) - 58c4827f-663e-41e6-a95a-5c02fdca8528: start FollowerState
2019-10-18 05:47:54,984 [Thread-895] INFO  impl.FollowerState (FollowerState.java:run(117)) - 291b4074-36ef-4604-afea-a446d5bcf194@group-CDCBC4BDFD69-FollowerState was interrupted: java.lang.InterruptedException: sleep interrupted
2019-10-18 05:47:54,984 [grpc-default-executor-4] INFO  impl.RoleInfo (RoleInfo.java:updateAndGet(143)) - 291b4074-36ef-4604-afea-a446d5bcf194: start FollowerState
2019-10-18 05:47:54,990 [BlockDeletingService#3] WARN  background.BlockDeletingService (BlockDeletingService.java:isDeletionAllowed(187)) - Close Container log Index 6 is not replicated across allthe servers in the pipeline e751b4d9-2be2-4ced-b2ee-397db682eabb as the min replicated index is 4. Deletion is not allowed in this container yet.
2019-10-18 05:47:54,990 [BlockDeletingService#2] WARN  background.BlockDeletingService (BlockDeletingService.java:isDeletionAllowed(187)) - Close Container log Index 6 is not replicated across allthe servers in the pipeline e751b4d9-2be2-4ced-b2ee-397db682eabb as the min replicated index is 4. Deletion is not allowed in this container yet.
2019-10-18 05:47:55,001 [Thread-882] INFO  impl.FollowerState (FollowerState.java:run(108)) - 291b4074-36ef-4604-afea-a446d5bcf194@group-397DB682EABB-FollowerState: change to CANDIDATE, lastRpcTime:175ms, electionTimeout:175ms
2019-10-18 05:47:55,002 [Thread-882] INFO  impl.RoleInfo (RoleInfo.java:shutdownFollowerState(121)) - 291b4074-36ef-4604-afea-a446d5bcf194: shutdown FollowerState
2019-10-18 05:47:55,002 [Thread-882] INFO  impl.RaftServerImpl (RaftServerImpl.java:setRole(184)) - 291b4074-36ef-4604-afea-a446d5bcf194@group-397DB682EABB: changes role from  FOLLOWER to CANDIDATE at term 40 for changeToCandidate
2019-10-18 05:47:55,002 [Thread-882] INFO  impl.RoleInfo (RoleInfo.java:updateAndGet(143)) - 291b4074-36ef-4604-afea-a446d5bcf194: start LeaderElection
2019-10-18 05:47:55,036 [e47f3d18-6550-4f27-a4cc-ce34c6c87b58@group-CDCBC4BDFD69-LeaderElection49] INFO  impl.LeaderElection (LeaderElection.java:logAndReturn(56)) - e47f3d18-6550-4f27-a4cc-ce34c6c87b58@group-CDCBC4BDFD69-LeaderElection49: Election REJECTED; received 2 response(s) [e47f3d18-6550-4f27-a4cc-ce34c6c87b58<-291b4074-36ef-4604-afea-a446d5bcf194#0:FAIL-t11, e47f3d18-6550-4f27-a4cc-ce34c6c87b58<-58c4827f-663e-41e6-a95a-5c02fdca8528#0:FAIL-t11] and 0 exception(s); e47f3d18-6550-4f27-a4cc-ce34c6c87b58@group-CDCBC4BDFD69:t11, leader=null, voted=e47f3d18-6550-4f27-a4cc-ce34c6c87b58, raftlog=e47f3d18-6550-4f27-a4cc-ce34c6c87b58@group-CDCBC4BDFD69-SegmentedRaftLog:OPENED:c-1,f-1,i0, conf=-1: [291b4074-36ef-4604-afea-a446d5bcf194:192.168.34.6:34859, e47f3d18-6550-4f27-a4cc-ce34c6c87b58:192.168.34.6:35257, 58c4827f-663e-41e6-a95a-5c02fdca8528:192.168.34.6:39496], old=null
2019-10-18 05:47:55,036 [e47f3d18-6550-4f27-a4cc-ce34c6c87b58@group-CDCBC4BDFD69-LeaderElection49] INFO  impl.RaftServerImpl (RaftServerImpl.java:setRole(184)) - e47f3d18-6550-4f27-a4cc-ce34c6c87b58@group-CDCBC4BDFD69: changes role from CANDIDATE to FOLLOWER at term 11 for DISCOVERED_A_NEW_TERM
2019-10-18 05:47:55,037 [e47f3d18-6550-4f27-a4cc-ce34c6c87b58@group-CDCBC4BDFD69-LeaderElection49] INFO  impl.RoleInfo (RoleInfo.java:shutdownLeaderElection(134)) - e47f3d18-6550-4f27-a4cc-ce34c6c87b58: shutdown LeaderElection
2019-10-18 05:47:55,037 [e47f3d18-6550-4f27-a4cc-ce34c6c87b58@group-CDCBC4BDFD69-LeaderElection49] INFO  impl.RoleInfo (RoleInfo.java:updateAndGet(143)) - e47f3d18-6550-4f27-a4cc-ce34c6c87b58: start FollowerState
2019-10-18 05:47:55,044 [291b4074-36ef-4604-afea-a446d5bcf194@group-397DB682EABB-LeaderElection50] INFO  impl.LeaderElection (LeaderElection.java:askForVotes(178)) - 291b4074-36ef-4604-afea-a446d5bcf194@group-397DB682EABB-LeaderElection50: begin an election at term 41 for 0: [291b4074-36ef-4604-afea-a446d5bcf194:192.168.34.6:34859, e47f3d18-6550-4f27-a4cc-ce34c6c87b58:192.168.34.6:35257, 58c4827f-663e-41e6-a95a-5c02fdca8528:192.168.34.6:39496], old=null
2019-10-18 05:47:55,047 [grpc-default-executor-4] INFO  impl.RaftServerImpl (RaftServerImpl.java:setRole(184)) - 58c4827f-663e-41e6-a95a-5c02fdca8528@group-397DB682EABB: changes role from  FOLLOWER to FOLLOWER at term 41 for recognizeCandidate:291b4074-36ef-4604-afea-a446d5bcf194
2019-10-18 05:47:55,047 [grpc-default-executor-4] INFO  impl.RoleInfo (RoleInfo.java:shutdownFollowerState(121)) - 58c4827f-663e-41e6-a95a-5c02fdca8528: shutdown FollowerState
2019-10-18 05:47:55,047 [grpc-default-executor-4] INFO  impl.RoleInfo (RoleInfo.java:updateAndGet(143)) - 58c4827f-663e-41e6-a95a-5c02fdca8528: start FollowerState
2019-10-18 05:47:55,047 [Thread-880] INFO  impl.FollowerState (FollowerState.java:run(117)) - 58c4827f-663e-41e6-a95a-5c02fdca8528@group-397DB682EABB-FollowerState was interrupted: java.lang.InterruptedException: sleep interrupted
2019-10-18 05:47:55,047 [grpc-default-executor-6] INFO  impl.RaftServerImpl (RaftServerImpl.java:setRole(184)) - e47f3d18-6550-4f27-a4cc-ce34c6c87b58@group-397DB682EABB: changes role from  FOLLOWER to FOLLOWER at term 41 for recognizeCandidate:291b4074-36ef-4604-afea-a446d5bcf194
2019-10-18 05:47:55,048 [grpc-default-executor-6] INFO  impl.RoleInfo (RoleInfo.java:shutdownFollowerState(121)) - e47f3d18-6550-4f27-a4cc-ce34c6c87b58: shutdown FollowerState
2019-10-18 05:47:55,048 [grpc-default-executor-6] INFO  impl.RoleInfo (RoleInfo.java:updateAndGet(143)) - e47f3d18-6550-4f27-a4cc-ce34c6c87b58: start FollowerState
2019-10-18 05:47:55,048 [Thread-879] INFO  impl.FollowerState (FollowerState.java:run(117)) - e47f3d18-6550-4f27-a4cc-ce34c6c87b58@group-397DB682EABB-FollowerState was interrupted: java.lang.InterruptedException: sleep interrupted
2019-10-18 05:47:55,072 [291b4074-36ef-4604-afea-a446d5bcf194@group-397DB682EABB-LeaderElection50] INFO  impl.LeaderElection (LeaderElection.java:logAndReturn(56)) - 291b4074-36ef-4604-afea-a446d5bcf194@group-397DB682EABB-LeaderElection50: Election REJECTED; received 2 response(s) [291b4074-36ef-4604-afea-a446d5bcf194<-e47f3d18-6550-4f27-a4cc-ce34c6c87b58#0:FAIL-t41, 291b4074-36ef-4604-afea-a446d5bcf194<-58c4827f-663e-41e6-a95a-5c02fdca8528#0:FAIL-t41] and 0 exception(s); 291b4074-36ef-4604-afea-a446d5bcf194@group-397DB682EABB:t41, leader=null, voted=291b4074-36ef-4604-afea-a446d5bcf194, raftlog=291b4074-36ef-4604-afea-a446d5bcf194@group-397DB682EABB-SegmentedRaftLog:OPENED:c3,f4,i4, conf=0: [291b4074-36ef-4604-afea-a446d5bcf194:192.168.34.6:34859, e47f3d18-6550-4f27-a4cc-ce34c6c87b58:192.168.34.6:35257, 58c4827f-663e-41e6-a95a-5c02fdca8528:192.168.34.6:39496], old=null
2019-10-18 05:47:55,072 [Thread-903] INFO  impl.FollowerState (FollowerState.java:run(108)) - e47f3d18-6550-4f27-a4cc-ce34c6c87b58@group-CDCBC4BDFD69-FollowerState: change to CANDIDATE, lastRpcTime:35ms, electionTimeout:35ms
2019-10-18 05:47:55,072 [291b4074-36ef-4604-afea-a446d5bcf194@group-397DB682EABB-LeaderElection50] INFO  impl.RaftServerImpl (RaftServerImpl.java:setRole(184)) - 291b4074-36ef-4604-afea-a446d5bcf194@group-397DB682EABB: changes role from CANDIDATE to FOLLOWER at term 41 for DISCOVERED_A_NEW_TERM
2019-10-18 05:47:55,072 [Thread-903] INFO  impl.RoleInfo (RoleInfo.java:shutdownFollowerState(121)) - e47f3d18-6550-4f27-a4cc-ce34c6c87b58: shutdown FollowerState
2019-10-18 05:47:55,072 [291b4074-36ef-4604-afea-a446d5bcf194@group-397DB682EABB-LeaderElection50] INFO  impl.RoleInfo (RoleInfo.java:shutdownLeaderElection(134)) - 291b4074-36ef-4604-afea-a446d5bcf194: shutdown LeaderElection
2019-10-18 05:47:55,073 [Thread-903] INFO  impl.RaftServerImpl (RaftServerImpl.java:setRole(184)) - e47f3d18-6550-4f27-a4cc-ce34c6c87b58@group-CDCBC4BDFD69: changes role from  FOLLOWER to CANDIDATE at term 11 for changeToCandidate
2019-10-18 05:47:55,073 [291b4074-36ef-4604-afea-a446d5bcf194@group-397DB682EABB-LeaderElection50] INFO  impl.RoleInfo (RoleInfo.java:updateAndGet(143)) - 291b4074-36ef-4604-afea-a446d5bcf194: start FollowerState
2019-10-18 05:47:55,073 [Thread-903] INFO  impl.RoleInfo (RoleInfo.java:updateAndGet(143)) - e47f3d18-6550-4f27-a4cc-ce34c6c87b58: start LeaderElection
2019-10-18 05:47:55,089 [Thread-908] INFO  impl.FollowerState (FollowerState.java:run(108)) - 291b4074-36ef-4604-afea-a446d5bcf194@group-397DB682EABB-FollowerState: change to CANDIDATE, lastRpcTime:16ms, electionTimeout:16ms
2019-10-18 05:47:55,089 [Thread-908] INFO  impl.RoleInfo (RoleInfo.java:shutdownFollowerState(121)) - 291b4074-36ef-4604-afea-a446d5bcf194: shutdown FollowerState
2019-10-18 05:47:55,089 [Thread-908] INFO  impl.RaftServerImpl (RaftServerImpl.java:setRole(184)) - 291b4074-36ef-4604-afea-a446d5bcf194@group-397DB682EABB: changes role from  FOLLOWER to CANDIDATE at term 41 for changeToCandidate
2019-10-18 05:47:55,089 [Thread-908] INFO  impl.RoleInfo (RoleInfo.java:updateAndGet(143)) - 291b4074-36ef-4604-afea-a446d5bcf194: start LeaderElection
2019-10-18 05:47:55,096 [e47f3d18-6550-4f27-a4cc-ce34c6c87b58@group-CDCBC4BDFD69-LeaderElection51] INFO  impl.LeaderElection (LeaderElection.java:askForVotes(178)) - e47f3d18-6550-4f27-a4cc-ce34c6c87b58@group-CDCBC4BDFD69-LeaderElection51: begin an election at term 12 for -1: [291b4074-36ef-4604-afea-a446d5bcf194:192.168.34.6:34859, e47f3d18-6550-4f27-a4cc-ce34c6c87b58:192.168.34.6:35257, 58c4827f-663e-41e6-a95a-5c02fdca8528:192.168.34.6:39496], old=null
2019-10-18 05:47:55,098 [grpc-default-executor-6] INFO  impl.RaftServerImpl (RaftServerImpl.java:setRole(184)) - 291b4074-36ef-4604-afea-a446d5bcf194@group-CDCBC4BDFD69: changes role from  FOLLOWER to FOLLOWER at term 12 for recognizeCandidate:e47f3d18-6550-4f27-a4cc-ce34c6c87b58
2019-10-18 05:47:55,098 [grpc-default-executor-4] INFO  impl.RaftServerImpl (RaftServerImpl.java:setRole(184)) - 58c4827f-663e-41e6-a95a-5c02fdca8528@group-CDCBC4BDFD69: changes role from  FOLLOWER to FOLLOWER at term 12 for recognizeCandidate:e47f3d18-6550-4f27-a4cc-ce34c6c87b58
2019-10-18 05:47:55,098 [grpc-default-executor-6] INFO  impl.RoleInfo (RoleInfo.java:shutdownFollowerState(121)) - 291b4074-36ef-4604-afea-a446d5bcf194: shutdown FollowerState
2019-10-18 05:47:55,099 [grpc-default-executor-4] INFO  impl.RoleInfo (RoleInfo.java:shutdownFollowerState(121)) - 58c4827f-663e-41e6-a95a-5c02fdca8528: shutdown FollowerState
2019-10-18 05:47:55,099 [grpc-default-executor-6] INFO  impl.RoleInfo (RoleInfo.java:updateAndGet(143)) - 291b4074-36ef-4604-afea-a446d5bcf194: start FollowerState
2019-10-18 05:47:55,099 [Thread-899] INFO  impl.FollowerState (FollowerState.java:run(117)) - 291b4074-36ef-4604-afea-a446d5bcf194@group-CDCBC4BDFD69-FollowerState was interrupted: java.lang.InterruptedException: sleep interrupted
2019-10-18 05:47:55,099 [Thread-898] INFO  impl.FollowerState (FollowerState.java:run(117)) - 58c4827f-663e-41e6-a95a-5c02fdca8528@group-CDCBC4BDFD69-FollowerState was interrupted: java.lang.InterruptedException: sleep interrupted
2019-10-18 05:47:55,099 [grpc-default-executor-4] INFO  impl.RoleInfo (RoleInfo.java:updateAndGet(143)) - 58c4827f-663e-41e6-a95a-5c02fdca8528: start FollowerState
2019-10-18 05:47:55,113 [291b4074-36ef-4604-afea-a446d5bcf194@group-397DB682EABB-LeaderElection52] INFO  impl.LeaderElection (LeaderElection.java:askForVotes(178)) - 291b4074-36ef-4604-afea-a446d5bcf194@group-397DB682EABB-LeaderElection52: begin an election at term 42 for 0: [291b4074-36ef-4604-afea-a446d5bcf194:192.168.34.6:34859, e47f3d18-6550-4f27-a4cc-ce34c6c87b58:192.168.34.6:35257, 58c4827f-663e-41e6-a95a-5c02fdca8528:192.168.34.6:39496], old=null
2019-10-18 05:47:55,114 [e47f3d18-6550-4f27-a4cc-ce34c6c87b58@group-CDCBC4BDFD69-LeaderElection51] INFO  impl.LeaderElection (LeaderElection.java:logAndReturn(56)) - e47f3d18-6550-4f27-a4cc-ce34c6c87b58@group-CDCBC4BDFD69-LeaderElection51: Election REJECTED; received 2 response(s) [e47f3d18-6550-4f27-a4cc-ce34c6c87b58<-291b4074-36ef-4604-afea-a446d5bcf194#0:FAIL-t12, e47f3d18-6550-4f27-a4cc-ce34c6c87b58<-58c4827f-663e-41e6-a95a-5c02fdca8528#0:FAIL-t12] and 0 exception(s); e47f3d18-6550-4f27-a4cc-ce34c6c87b58@group-CDCBC4BDFD69:t12, leader=null, voted=e47f3d18-6550-4f27-a4cc-ce34c6c87b58, raftlog=e47f3d18-6550-4f27-a4cc-ce34c6c87b58@group-CDCBC4BDFD69-SegmentedRaftLog:OPENED:c-1,f-1,i0, conf=-1: [291b4074-36ef-4604-afea-a446d5bcf194:192.168.34.6:34859, e47f3d18-6550-4f27-a4cc-ce34c6c87b58:192.168.34.6:35257, 58c4827f-663e-41e6-a95a-5c02fdca8528:192.168.34.6:39496], old=null
2019-10-18 05:47:55,115 [e47f3d18-6550-4f27-a4cc-ce34c6c87b58@group-CDCBC4BDFD69-LeaderElection51] INFO  impl.RaftServerImpl (RaftServerImpl.java:setRole(184)) - e47f3d18-6550-4f27-a4cc-ce34c6c87b58@group-CDCBC4BDFD69: changes role from CANDIDATE to FOLLOWER at term 12 for DISCOVERED_A_NEW_TERM
2019-10-18 05:47:55,115 [e47f3d18-6550-4f27-a4cc-ce34c6c87b58@group-CDCBC4BDFD69-LeaderElection51] INFO  impl.RoleInfo (RoleInfo.java:shutdownLeaderElection(134)) - e47f3d18-6550-4f27-a4cc-ce34c6c87b58: shutdown LeaderElection
2019-10-18 05:47:55,115 [e47f3d18-6550-4f27-a4cc-ce34c6c87b58@group-CDCBC4BDFD69-LeaderElection51] INFO  impl.RoleInfo (RoleInfo.java:updateAndGet(143)) - e47f3d18-6550-4f27-a4cc-ce34c6c87b58: start FollowerState
2019-10-18 05:47:55,115 [grpc-default-executor-6] INFO  impl.RaftServerImpl (RaftServerImpl.java:setRole(184)) - e47f3d18-6550-4f27-a4cc-ce34c6c87b58@group-397DB682EABB: changes role from  FOLLOWER to FOLLOWER at term 42 for recognizeCandidate:291b4074-36ef-4604-afea-a446d5bcf194
2019-10-18 05:47:55,115 [grpc-default-executor-6] INFO  impl.RoleInfo (RoleInfo.java:shutdownFollowerState(121)) - e47f3d18-6550-4f27-a4cc-ce34c6c87b58: shutdown FollowerState
2019-10-18 05:47:55,115 [grpc-default-executor-4] INFO  impl.RaftServerImpl (RaftServerImpl.java:setRole(184)) - 58c4827f-663e-41e6-a95a-5c02fdca8528@group-397DB682EABB: changes role from  FOLLOWER to FOLLOWER at term 42 for recognizeCandidate:291b4074-36ef-4604-afea-a446d5bcf194
2019-10-18 05:47:55,115 [Thread-907] INFO  impl.FollowerState (FollowerState.java:run(117)) - e47f3d18-6550-4f27-a4cc-ce34c6c87b58@group-397DB682EABB-FollowerState was interrupted: java.lang.InterruptedException: sleep interrupted
2019-10-18 05:47:55,115 [grpc-default-executor-6] INFO  impl.RoleInfo (RoleInfo.java:updateAndGet(143)) - e47f3d18-6550-4f27-a4cc-ce34c6c87b58: start FollowerState
2019-10-18 05:47:55,115 [grpc-default-executor-4] INFO  impl.RoleInfo (RoleInfo.java:shutdownFollowerState(121)) - 58c4827f-663e-41e6-a95a-5c02fdca8528: shutdown FollowerState
2019-10-18 05:47:55,116 [grpc-default-executor-4] INFO  impl.RoleInfo (RoleInfo.java:updateAndGet(143)) - 58c4827f-663e-41e6-a95a-5c02fdca8528: start FollowerState
2019-10-18 05:47:55,116 [Thread-906] INFO  impl.FollowerState (FollowerState.java:run(117)) - 58c4827f-663e-41e6-a95a-5c02fdca8528@group-397DB682EABB-FollowerState was interrupted: java.lang.InterruptedException: sleep interrupted
2019-10-18 05:47:55,140 [291b4074-36ef-4604-afea-a446d5bcf194@group-397DB682EABB-LeaderElection52] INFO  impl.LeaderElection (LeaderElection.java:logAndReturn(56)) - 291b4074-36ef-4604-afea-a446d5bcf194@group-397DB682EABB-LeaderElection52: Election REJECTED; received 2 response(s) [291b4074-36ef-4604-afea-a446d5bcf194<-e47f3d18-6550-4f27-a4cc-ce34c6c87b58#0:FAIL-t42, 291b4074-36ef-4604-afea-a446d5bcf194<-58c4827f-663e-41e6-a95a-5c02fdca8528#0:FAIL-t42] and 0 exception(s); 291b4074-36ef-4604-afea-a446d5bcf194@group-397DB682EABB:t42, leader=null, voted=291b4074-36ef-4604-afea-a446d5bcf194, raftlog=291b4074-36ef-4604-afea-a446d5bcf194@group-397DB682EABB-SegmentedRaftLog:OPENED:c3,f4,i4, conf=0: [291b4074-36ef-4604-afea-a446d5bcf194:192.168.34.6:34859, e47f3d18-6550-4f27-a4cc-ce34c6c87b58:192.168.34.6:35257, 58c4827f-663e-41e6-a95a-5c02fdca8528:192.168.34.6:39496], old=null
2019-10-18 05:47:55,140 [291b4074-36ef-4604-afea-a446d5bcf194@group-397DB682EABB-LeaderElection52] INFO  impl.RaftServerImpl (RaftServerImpl.java:setRole(184)) - 291b4074-36ef-4604-afea-a446d5bcf194@group-397DB682EABB: changes role from CANDIDATE to FOLLOWER at term 42 for DISCOVERED_A_NEW_TERM
2019-10-18 05:47:55,140 [291b4074-36ef-4604-afea-a446d5bcf194@group-397DB682EABB-LeaderElection52] INFO  impl.RoleInfo (RoleInfo.java:shutdownLeaderElection(134)) - 291b4074-36ef-4604-afea-a446d5bcf194: shutdown LeaderElection
2019-10-18 05:47:55,141 [291b4074-36ef-4604-afea-a446d5bcf194@group-397DB682EABB-LeaderElection52] INFO  impl.RoleInfo (RoleInfo.java:updateAndGet(143)) - 291b4074-36ef-4604-afea-a446d5bcf194: start FollowerState
2019-10-18 05:47:55,241 [Thread-920] INFO  impl.FollowerState (FollowerState.java:run(108)) - 291b4074-36ef-4604-afea-a446d5bcf194@group-397DB682EABB-FollowerState: change to CANDIDATE, lastRpcTime:100ms, electionTimeout:100ms
2019-10-18 05:47:55,241 [Thread-920] INFO  impl.RoleInfo (RoleInfo.java:shutdownFollowerState(121)) - 291b4074-36ef-4604-afea-a446d5bcf194: shutdown FollowerState
2019-10-18 05:47:55,241 [Thread-920] INFO  impl.RaftServerImpl (RaftServerImpl.java:setRole(184)) - 291b4074-36ef-4604-afea-a446d5bcf194@group-397DB682EABB: changes role from  FOLLOWER to CANDIDATE at term 42 for changeToCandidate
2019-10-18 05:47:55,242 [Thread-920] INFO  impl.RoleInfo (RoleInfo.java:updateAndGet(143)) - 291b4074-36ef-4604-afea-a446d5bcf194: start LeaderElection
2019-10-18 05:47:55,280 [Thread-917] INFO  impl.FollowerState (FollowerState.java:run(108)) - e47f3d18-6550-4f27-a4cc-ce34c6c87b58@group-CDCBC4BDFD69-FollowerState: change to CANDIDATE, lastRpcTime:165ms, electionTimeout:165ms
2019-10-18 05:47:55,280 [Thread-917] INFO  impl.RoleInfo (RoleInfo.java:shutdownFollowerState(121)) - e47f3d18-6550-4f27-a4cc-ce34c6c87b58: shutdown FollowerState
2019-10-18 05:47:55,281 [Thread-917] INFO  impl.RaftServerImpl (RaftServerImpl.java:setRole(184)) - e47f3d18-6550-4f27-a4cc-ce34c6c87b58@group-CDCBC4BDFD69: changes role from  FOLLOWER to CANDIDATE at term 12 for changeToCandidate
2019-10-18 05:47:55,281 [Thread-917] INFO  impl.RoleInfo (RoleInfo.java:updateAndGet(143)) - e47f3d18-6550-4f27-a4cc-ce34c6c87b58: start LeaderElection
2019-10-18 05:47:55,289 [291b4074-36ef-4604-afea-a446d5bcf194@group-397DB682EABB-LeaderElection53] INFO  impl.LeaderElection (LeaderElection.java:askForVotes(178)) - 291b4074-36ef-4604-afea-a446d5bcf194@group-397DB682EABB-LeaderElection53: begin an election at term 43 for 0: [291b4074-36ef-4604-afea-a446d5bcf194:192.168.34.6:34859, e47f3d18-6550-4f27-a4cc-ce34c6c87b58:192.168.34.6:35257, 58c4827f-663e-41e6-a95a-5c02fdca8528:192.168.34.6:39496], old=null
2019-10-18 05:47:55,291 [grpc-default-executor-6] INFO  impl.RaftServerImpl (RaftServerImpl.java:setRole(184)) - e47f3d18-6550-4f27-a4cc-ce34c6c87b58@group-397DB682EABB: changes role from  FOLLOWER to FOLLOWER at term 43 for recognizeCandidate:291b4074-36ef-4604-afea-a446d5bcf194
2019-10-18 05:47:55,291 [grpc-default-executor-4] INFO  impl.RaftServerImpl (RaftServerImpl.java:setRole(184)) - 58c4827f-663e-41e6-a95a-5c02fdca8528@group-397DB682EABB: changes role from  FOLLOWER to FOLLOWER at term 43 for recognizeCandidate:291b4074-36ef-4604-afea-a446d5bcf194
2019-10-18 05:47:55,292 [grpc-default-executor-6] INFO  impl.RoleInfo (RoleInfo.java:shutdownFollowerState(121)) - e47f3d18-6550-4f27-a4cc-ce34c6c87b58: shutdown FollowerState
2019-10-18 05:47:55,292 [grpc-default-executor-4] INFO  impl.RoleInfo (RoleInfo.java:shutdownFollowerState(121)) - 58c4827f-663e-41e6-a95a-5c02fdca8528: shutdown FollowerState
2019-10-18 05:47:55,292 [Thread-918] INFO  impl.FollowerState (FollowerState.java:run(117)) - e47f3d18-6550-4f27-a4cc-ce34c6c87b58@group-397DB682EABB-FollowerState was interrupted: java.lang.InterruptedException: sleep interrupted
2019-10-18 05:47:55,292 [grpc-default-executor-6] INFO  impl.RoleInfo (RoleInfo.java:updateAndGet(143)) - e47f3d18-6550-4f27-a4cc-ce34c6c87b58: start FollowerState
2019-10-18 05:47:55,292 [Thread-919] INFO  impl.FollowerState (FollowerState.java:run(117)) - 58c4827f-663e-41e6-a95a-5c02fdca8528@group-397DB682EABB-FollowerState was interrupted: java.lang.InterruptedException: sleep interrupted
2019-10-18 05:47:55,292 [grpc-default-executor-4] INFO  impl.RoleInfo (RoleInfo.java:updateAndGet(143)) - 58c4827f-663e-41e6-a95a-5c02fdca8528: start FollowerState
2019-10-18 05:47:55,315 [e47f3d18-6550-4f27-a4cc-ce34c6c87b58@group-CDCBC4BDFD69-LeaderElection54] INFO  impl.LeaderElection (LeaderElection.java:askForVotes(178)) - e47f3d18-6550-4f27-a4cc-ce34c6c87b58@group-CDCBC4BDFD69-LeaderElection54: begin an election at term 13 for -1: [291b4074-36ef-4604-afea-a446d5bcf194:192.168.34.6:34859, e47f3d18-6550-4f27-a4cc-ce34c6c87b58:192.168.34.6:35257, 58c4827f-663e-41e6-a95a-5c02fdca8528:192.168.34.6:39496], old=null
2019-10-18 05:47:55,317 [grpc-default-executor-5] INFO  impl.RaftServerImpl (RaftServerImpl.java:setRole(184)) - 58c4827f-663e-41e6-a95a-5c02fdca8528@group-CDCBC4BDFD69: changes role from  FOLLOWER to FOLLOWER at term 13 for recognizeCandidate:e47f3d18-6550-4f27-a4cc-ce34c6c87b58
2019-10-18 05:47:55,317 [grpc-default-executor-0] INFO  impl.RaftServerImpl (RaftServerImpl.java:setRole(184)) - 291b4074-36ef-4604-afea-a446d5bcf194@group-CDCBC4BDFD69: changes role from  FOLLOWER to FOLLOWER at term 13 for recognizeCandidate:e47f3d18-6550-4f27-a4cc-ce34c6c87b58
2019-10-18 05:47:55,317 [grpc-default-executor-5] INFO  impl.RoleInfo (RoleInfo.java:shutdownFollowerState(121)) - 58c4827f-663e-41e6-a95a-5c02fdca8528: shutdown FollowerState
2019-10-18 05:47:55,317 [grpc-default-executor-0] INFO  impl.RoleInfo (RoleInfo.java:shutdownFollowerState(121)) - 291b4074-36ef-4604-afea-a446d5bcf194: shutdown FollowerState
2019-10-18 05:47:55,317 [Thread-914] INFO  impl.FollowerState (FollowerState.java:run(117)) - 58c4827f-663e-41e6-a95a-5c02fdca8528@group-CDCBC4BDFD69-FollowerState was interrupted: java.lang.InterruptedException: sleep interrupted
2019-10-18 05:47:55,317 [grpc-default-executor-5] INFO  impl.RoleInfo (RoleInfo.java:updateAndGet(143)) - 58c4827f-663e-41e6-a95a-5c02fdca8528: start FollowerState
2019-10-18 05:47:55,317 [Thread-913] INFO  impl.FollowerState (FollowerState.java:run(117)) - 291b4074-36ef-4604-afea-a446d5bcf194@group-CDCBC4BDFD69-FollowerState was interrupted: java.lang.InterruptedException: sleep interrupted
2019-10-18 05:47:55,317 [grpc-default-executor-0] INFO  impl.RoleInfo (RoleInfo.java:updateAndGet(143)) - 291b4074-36ef-4604-afea-a446d5bcf194: start FollowerState
2019-10-18 05:47:55,324 [291b4074-36ef-4604-afea-a446d5bcf194@group-397DB682EABB-LeaderElection53] INFO  impl.LeaderElection (LeaderElection.java:logAndReturn(56)) - 291b4074-36ef-4604-afea-a446d5bcf194@group-397DB682EABB-LeaderElection53: Election REJECTED; received 2 response(s) [291b4074-36ef-4604-afea-a446d5bcf194<-e47f3d18-6550-4f27-a4cc-ce34c6c87b58#0:FAIL-t43, 291b4074-36ef-4604-afea-a446d5bcf194<-58c4827f-663e-41e6-a95a-5c02fdca8528#0:FAIL-t43] and 0 exception(s); 291b4074-36ef-4604-afea-a446d5bcf194@group-397DB682EABB:t43, leader=null, voted=291b4074-36ef-4604-afea-a446d5bcf194, raftlog=291b4074-36ef-4604-afea-a446d5bcf194@group-397DB682EABB-SegmentedRaftLog:OPENED:c3,f4,i4, conf=0: [291b4074-36ef-4604-afea-a446d5bcf194:192.168.34.6:34859, e47f3d18-6550-4f27-a4cc-ce34c6c87b58:192.168.34.6:35257, 58c4827f-663e-41e6-a95a-5c02fdca8528:192.168.34.6:39496], old=null
2019-10-18 05:47:55,324 [291b4074-36ef-4604-afea-a446d5bcf194@group-397DB682EABB-LeaderElection53] INFO  impl.RaftServerImpl (RaftServerImpl.java:setRole(184)) - 291b4074-36ef-4604-afea-a446d5bcf194@group-397DB682EABB: changes role from CANDIDATE to FOLLOWER at term 43 for DISCOVERED_A_NEW_TERM
2019-10-18 05:47:55,324 [291b4074-36ef-4604-afea-a446d5bcf194@group-397DB682EABB-LeaderElection53] INFO  impl.RoleInfo (RoleInfo.java:shutdownLeaderElection(134)) - 291b4074-36ef-4604-afea-a446d5bcf194: shutdown LeaderElection
2019-10-18 05:47:55,324 [291b4074-36ef-4604-afea-a446d5bcf194@group-397DB682EABB-LeaderElection53] INFO  impl.RoleInfo (RoleInfo.java:updateAndGet(143)) - 291b4074-36ef-4604-afea-a446d5bcf194: start FollowerState
2019-10-18 05:47:55,341 [e47f3d18-6550-4f27-a4cc-ce34c6c87b58@group-CDCBC4BDFD69-LeaderElection54] INFO  impl.LeaderElection (LeaderElection.java:logAndReturn(56)) - e47f3d18-6550-4f27-a4cc-ce34c6c87b58@group-CDCBC4BDFD69-LeaderElection54: Election REJECTED; received 2 response(s) [e47f3d18-6550-4f27-a4cc-ce34c6c87b58<-291b4074-36ef-4604-afea-a446d5bcf194#0:FAIL-t13, e47f3d18-6550-4f27-a4cc-ce34c6c87b58<-58c4827f-663e-41e6-a95a-5c02fdca8528#0:FAIL-t13] and 0 exception(s); e47f3d18-6550-4f27-a4cc-ce34c6c87b58@group-CDCBC4BDFD69:t13, leader=null, voted=e47f3d18-6550-4f27-a4cc-ce34c6c87b58, raftlog=e47f3d18-6550-4f27-a4cc-ce34c6c87b58@group-CDCBC4BDFD69-SegmentedRaftLog:OPENED:c-1,f-1,i0, conf=-1: [291b4074-36ef-4604-afea-a446d5bcf194:192.168.34.6:34859, e47f3d18-6550-4f27-a4cc-ce34c6c87b58:192.168.34.6:35257, 58c4827f-663e-41e6-a95a-5c02fdca8528:192.168.34.6:39496], old=null
2019-10-18 05:47:55,341 [e47f3d18-6550-4f27-a4cc-ce34c6c87b58@group-CDCBC4BDFD69-LeaderElection54] INFO  impl.RaftServerImpl (RaftServerImpl.java:setRole(184)) - e47f3d18-6550-4f27-a4cc-ce34c6c87b58@group-CDCBC4BDFD69: changes role from CANDIDATE to FOLLOWER at term 13 for DISCOVERED_A_NEW_TERM
2019-10-18 05:47:55,341 [e47f3d18-6550-4f27-a4cc-ce34c6c87b58@group-CDCBC4BDFD69-LeaderElection54] INFO  impl.RoleInfo (RoleInfo.java:shutdownLeaderElection(134)) - e47f3d18-6550-4f27-a4cc-ce34c6c87b58: shutdown LeaderElection
2019-10-18 05:47:55,342 [e47f3d18-6550-4f27-a4cc-ce34c6c87b58@group-CDCBC4BDFD69-LeaderElection54] INFO  impl.RoleInfo (RoleInfo.java:updateAndGet(143)) - e47f3d18-6550-4f27-a4cc-ce34c6c87b58: start FollowerState
2019-10-18 05:47:55,410 [Thread-931] INFO  impl.FollowerState (FollowerState.java:run(108)) - 291b4074-36ef-4604-afea-a446d5bcf194@group-397DB682EABB-FollowerState: change to CANDIDATE, lastRpcTime:85ms, electionTimeout:85ms
2019-10-18 05:47:55,410 [Thread-931] INFO  impl.RoleInfo (RoleInfo.java:shutdownFollowerState(121)) - 291b4074-36ef-4604-afea-a446d5bcf194: shutdown FollowerState
2019-10-18 05:47:55,410 [Thread-931] INFO  impl.RaftServerImpl (RaftServerImpl.java:setRole(184)) - 291b4074-36ef-4604-afea-a446d5bcf194@group-397DB682EABB: changes role from  FOLLOWER to CANDIDATE at term 43 for changeToCandidate
2019-10-18 05:47:55,410 [Thread-931] INFO  impl.RoleInfo (RoleInfo.java:updateAndGet(143)) - 291b4074-36ef-4604-afea-a446d5bcf194: start LeaderElection
2019-10-18 05:47:55,441 [291b4074-36ef-4604-afea-a446d5bcf194@group-397DB682EABB-LeaderElection55] INFO  impl.LeaderElection (LeaderElection.java:askForVotes(178)) - 291b4074-36ef-4604-afea-a446d5bcf194@group-397DB682EABB-LeaderElection55: begin an election at term 44 for 0: [291b4074-36ef-4604-afea-a446d5bcf194:192.168.34.6:34859, e47f3d18-6550-4f27-a4cc-ce34c6c87b58:192.168.34.6:35257, 58c4827f-663e-41e6-a95a-5c02fdca8528:192.168.34.6:39496], old=null
2019-10-18 05:47:55,443 [grpc-default-executor-5] INFO  impl.RaftServerImpl (RaftServerImpl.java:setRole(184)) - e47f3d18-6550-4f27-a4cc-ce34c6c87b58@group-397DB682EABB: changes role from  FOLLOWER to FOLLOWER at term 44 for recognizeCandidate:291b4074-36ef-4604-afea-a446d5bcf194
2019-10-18 05:47:55,443 [grpc-default-executor-0] INFO  impl.RaftServerImpl (RaftServerImpl.java:setRole(184)) - 58c4827f-663e-41e6-a95a-5c02fdca8528@group-397DB682EABB: changes role from  FOLLOWER to FOLLOWER at term 44 for recognizeCandidate:291b4074-36ef-4604-afea-a446d5bcf194
2019-10-18 05:47:55,443 [grpc-default-executor-5] INFO  impl.RoleInfo (RoleInfo.java:shutdownFollowerState(121)) - e47f3d18-6550-4f27-a4cc-ce34c6c87b58: shutdown FollowerState
2019-10-18 05:47:55,443 [grpc-default-executor-0] INFO  impl.RoleInfo (RoleInfo.java:shutdownFollowerState(121)) - 58c4827f-663e-41e6-a95a-5c02fdca8528: shutdown FollowerState
2019-10-18 05:47:55,443 [Thread-925] INFO  impl.FollowerState (FollowerState.java:run(117)) - e47f3d18-6550-4f27-a4cc-ce34c6c87b58@group-397DB682EABB-FollowerState was interrupted: java.lang.InterruptedException: sleep interrupted
2019-10-18 05:47:55,443 [grpc-default-executor-5] INFO  impl.RoleInfo (RoleInfo.java:updateAndGet(143)) - e47f3d18-6550-4f27-a4cc-ce34c6c87b58: start FollowerState
2019-10-18 05:47:55,444 [Thread-926] INFO  impl.FollowerState (FollowerState.java:run(117)) - 58c4827f-663e-41e6-a95a-5c02fdca8528@group-397DB682EABB-FollowerState was interrupted: java.lang.InterruptedException: sleep interrupted
2019-10-18 05:47:55,444 [grpc-default-executor-0] INFO  impl.RoleInfo (RoleInfo.java:updateAndGet(143)) - 58c4827f-663e-41e6-a95a-5c02fdca8528: start FollowerState
2019-10-18 05:47:55,457 [Thread-932] INFO  impl.FollowerState (FollowerState.java:run(108)) - e47f3d18-6550-4f27-a4cc-ce34c6c87b58@group-CDCBC4BDFD69-FollowerState: change to CANDIDATE, lastRpcTime:115ms, electionTimeout:115ms
2019-10-18 05:47:55,457 [Thread-932] INFO  impl.RoleInfo (RoleInfo.java:shutdownFollowerState(121)) - e47f3d18-6550-4f27-a4cc-ce34c6c87b58: shutdown FollowerState
2019-10-18 05:47:55,457 [Thread-932] INFO  impl.RaftServerImpl (RaftServerImpl.java:setRole(184)) - e47f3d18-6550-4f27-a4cc-ce34c6c87b58@group-CDCBC4BDFD69: changes role from  FOLLOWER to CANDIDATE at term 13 for changeToCandidate
2019-10-18 05:47:55,457 [Thread-932] INFO  impl.RoleInfo (RoleInfo.java:updateAndGet(143)) - e47f3d18-6550-4f27-a4cc-ce34c6c87b58: start LeaderElection
2019-10-18 05:47:55,484 [291b4074-36ef-4604-afea-a446d5bcf194@group-397DB682EABB-LeaderElection55] INFO  impl.LeaderElection (LeaderElection.java:logAndReturn(56)) - 291b4074-36ef-4604-afea-a446d5bcf194@group-397DB682EABB-LeaderElection55: Election REJECTED; received 2 response(s) [291b4074-36ef-4604-afea-a446d5bcf194<-e47f3d18-6550-4f27-a4cc-ce34c6c87b58#0:FAIL-t44, 291b4074-36ef-4604-afea-a446d5bcf194<-58c4827f-663e-41e6-a95a-5c02fdca8528#0:FAIL-t44] and 0 exception(s); 291b4074-36ef-4604-afea-a446d5bcf194@group-397DB682EABB:t44, leader=null, voted=291b4074-36ef-4604-afea-a446d5bcf194, raftlog=291b4074-36ef-4604-afea-a446d5bcf194@group-397DB682EABB-SegmentedRaftLog:OPENED:c3,f4,i4, conf=0: [291b4074-36ef-4604-afea-a446d5bcf194:192.168.34.6:34859, e47f3d18-6550-4f27-a4cc-ce34c6c87b58:192.168.34.6:35257, 58c4827f-663e-41e6-a95a-5c02fdca8528:192.168.34.6:39496], old=null
2019-10-18 05:47:55,484 [291b4074-36ef-4604-afea-a446d5bcf194@group-397DB682EABB-LeaderElection55] INFO  impl.RaftServerImpl (RaftServerImpl.java:setRole(184)) - 291b4074-36ef-4604-afea-a446d5bcf194@group-397DB682EABB: changes role from CANDIDATE to FOLLOWER at term 44 for DISCOVERED_A_NEW_TERM
2019-10-18 05:47:55,484 [291b4074-36ef-4604-afea-a446d5bcf194@group-397DB682EABB-LeaderElection55] INFO  impl.RoleInfo (RoleInfo.java:shutdownLeaderElection(134)) - 291b4074-36ef-4604-afea-a446d5bcf194: shutdown LeaderElection
2019-10-18 05:47:55,485 [291b4074-36ef-4604-afea-a446d5bcf194@group-397DB682EABB-LeaderElection55] INFO  impl.RoleInfo (RoleInfo.java:updateAndGet(143)) - 291b4074-36ef-4604-afea-a446d5bcf194: start FollowerState
2019-10-18 05:47:55,500 [e47f3d18-6550-4f27-a4cc-ce34c6c87b58@group-CDCBC4BDFD69-LeaderElection56] INFO  impl.LeaderElection (LeaderElection.java:askForVotes(178)) - e47f3d18-6550-4f27-a4cc-ce34c6c87b58@group-CDCBC4BDFD69-LeaderElection56: begin an election at term 14 for -1: [291b4074-36ef-4604-afea-a446d5bcf194:192.168.34.6:34859, e47f3d18-6550-4f27-a4cc-ce34c6c87b58:192.168.34.6:35257, 58c4827f-663e-41e6-a95a-5c02fdca8528:192.168.34.6:39496], old=null
2019-10-18 05:47:55,502 [grpc-default-executor-0] INFO  impl.RaftServerImpl (RaftServerImpl.java:setRole(184)) - 291b4074-36ef-4604-afea-a446d5bcf194@group-CDCBC4BDFD69: changes role from  FOLLOWER to FOLLOWER at term 14 for recognizeCandidate:e47f3d18-6550-4f27-a4cc-ce34c6c87b58
2019-10-18 05:47:55,503 [grpc-default-executor-0] INFO  impl.RoleInfo (RoleInfo.java:shutdownFollowerState(121)) - 291b4074-36ef-4604-afea-a446d5bcf194: shutdown FollowerState
2019-10-18 05:47:55,503 [grpc-default-executor-5] INFO  impl.RaftServerImpl (RaftServerImpl.java:setRole(184)) - 58c4827f-663e-41e6-a95a-5c02fdca8528@group-CDCBC4BDFD69: changes role from  FOLLOWER to FOLLOWER at term 14 for recognizeCandidate:e47f3d18-6550-4f27-a4cc-ce34c6c87b58
2019-10-18 05:47:55,503 [Thread-930] INFO  impl.FollowerState (FollowerState.java:run(117)) - 291b4074-36ef-4604-afea-a446d5bcf194@group-CDCBC4BDFD69-FollowerState was interrupted: java.lang.InterruptedException: sleep interrupted
2019-10-18 05:47:55,503 [grpc-default-executor-0] INFO  impl.RoleInfo (RoleInfo.java:updateAndGet(143)) - 291b4074-36ef-4604-afea-a446d5bcf194: start FollowerState
2019-10-18 05:47:55,503 [grpc-default-executor-5] INFO  impl.RoleInfo (RoleInfo.java:shutdownFollowerState(121)) - 58c4827f-663e-41e6-a95a-5c02fdca8528: shutdown FollowerState
2019-10-18 05:47:55,503 [Thread-929] INFO  impl.FollowerState (FollowerState.java:run(117)) - 58c4827f-663e-41e6-a95a-5c02fdca8528@group-CDCBC4BDFD69-FollowerState was interrupted: java.lang.InterruptedException: sleep interrupted
2019-10-18 05:47:55,503 [grpc-default-executor-5] INFO  impl.RoleInfo (RoleInfo.java:updateAndGet(143)) - 58c4827f-663e-41e6-a95a-5c02fdca8528: start FollowerState
2019-10-18 05:47:55,518 [e47f3d18-6550-4f27-a4cc-ce34c6c87b58@group-CDCBC4BDFD69-LeaderElection56] INFO  impl.LeaderElection (LeaderElection.java:logAndReturn(56)) - e47f3d18-6550-4f27-a4cc-ce34c6c87b58@group-CDCBC4BDFD69-LeaderElection56: Election REJECTED; received 2 response(s) [e47f3d18-6550-4f27-a4cc-ce34c6c87b58<-291b4074-36ef-4604-afea-a446d5bcf194#0:FAIL-t14, e47f3d18-6550-4f27-a4cc-ce34c6c87b58<-58c4827f-663e-41e6-a95a-5c02fdca8528#0:FAIL-t14] and 0 exception(s); e47f3d18-6550-4f27-a4cc-ce34c6c87b58@group-CDCBC4BDFD69:t14, leader=null, voted=e47f3d18-6550-4f27-a4cc-ce34c6c87b58, raftlog=e47f3d18-6550-4f27-a4cc-ce34c6c87b58@group-CDCBC4BDFD69-SegmentedRaftLog:OPENED:c-1,f-1,i0, conf=-1: [291b4074-36ef-4604-afea-a446d5bcf194:192.168.34.6:34859, e47f3d18-6550-4f27-a4cc-ce34c6c87b58:192.168.34.6:35257, 58c4827f-663e-41e6-a95a-5c02fdca8528:192.168.34.6:39496], old=null
2019-10-18 05:47:55,518 [e47f3d18-6550-4f27-a4cc-ce34c6c87b58@group-CDCBC4BDFD69-LeaderElection56] INFO  impl.RaftServerImpl (RaftServerImpl.java:setRole(184)) - e47f3d18-6550-4f27-a4cc-ce34c6c87b58@group-CDCBC4BDFD69: changes role from CANDIDATE to FOLLOWER at term 14 for DISCOVERED_A_NEW_TERM
2019-10-18 05:47:55,518 [e47f3d18-6550-4f27-a4cc-ce34c6c87b58@group-CDCBC4BDFD69-LeaderElection56] INFO  impl.RoleInfo (RoleInfo.java:shutdownLeaderElection(134)) - e47f3d18-6550-4f27-a4cc-ce34c6c87b58: shutdown LeaderElection
2019-10-18 05:47:55,519 [e47f3d18-6550-4f27-a4cc-ce34c6c87b58@group-CDCBC4BDFD69-LeaderElection56] INFO  impl.RoleInfo (RoleInfo.java:updateAndGet(143)) - e47f3d18-6550-4f27-a4cc-ce34c6c87b58: start FollowerState
2019-10-18 05:47:55,538 [Command processor thread] INFO  commandhandler.DeleteBlocksCommandHandler (DeleteBlocksCommandHandler.java:handle(106)) - Start to delete container blocks, TXIDs=[1(73)], numOfContainers=1, numOfBlocks=1
2019-10-18 05:47:55,538 [Command processor thread] INFO  commandhandler.DeleteBlocksCommandHandler (DeleteBlocksCommandHandler.java:handle(106)) - Start to delete container blocks, TXIDs=[1(57)], numOfContainers=1, numOfBlocks=1
2019-10-18 05:47:55,538 [Command processor thread] INFO  commandhandler.DeleteBlocksCommandHandler (DeleteBlocksCommandHandler.java:handle(106)) - Start to delete container blocks, TXIDs=[1(0)], numOfContainers=1, numOfBlocks=1
2019-10-18 05:47:55,539 [Command processor thread] INFO  commandhandler.DeleteBlocksCommandHandler (DeleteBlocksCommandHandler.java:handle(106)) - Start to delete container blocks, TXIDs=[1(2)], numOfContainers=1, numOfBlocks=1
2019-10-18 05:47:55,539 [Command processor thread] INFO  commandhandler.DeleteBlocksCommandHandler (DeleteBlocksCommandHandler.java:handle(106)) - Start to delete container blocks, TXIDs=[1(7)], numOfContainers=1, numOfBlocks=1
2019-10-18 05:47:55,539 [Command processor thread] INFO  commandhandler.DeleteBlocksCommandHandler (DeleteBlocksCommandHandler.java:handle(106)) - Start to delete container blocks, TXIDs=[1(4)], numOfContainers=1, numOfBlocks=1
2019-10-18 05:47:55,539 [Command processor thread] INFO  commandhandler.DeleteBlocksCommandHandler (DeleteBlocksCommandHandler.java:handle(106)) - Start to delete container blocks, TXIDs=[1(16)], numOfContainers=1, numOfBlocks=1
2019-10-18 05:47:55,539 [Command processor thread] INFO  commandhandler.DeleteBlocksCommandHandler (DeleteBlocksCommandHandler.java:handle(106)) - Start to delete container blocks, TXIDs=[1(22)], numOfContainers=1, numOfBlocks=1
2019-10-18 05:47:55,540 [Command processor thread] INFO  commandhandler.DeleteBlocksCommandHandler (DeleteBlocksCommandHandler.java:handle(106)) - Start to delete container blocks, TXIDs=[1(11)], numOfContainers=1, numOfBlocks=1
2019-10-18 05:47:55,564 [Thread-939] INFO  impl.FollowerState (FollowerState.java:run(108)) - 291b4074-36ef-4604-afea-a446d5bcf194@group-397DB682EABB-FollowerState: change to CANDIDATE, lastRpcTime:79ms, electionTimeout:79ms
2019-10-18 05:47:55,564 [Thread-939] INFO  impl.RoleInfo (RoleInfo.java:shutdownFollowerState(121)) - 291b4074-36ef-4604-afea-a446d5bcf194: shutdown FollowerState
2019-10-18 05:47:55,564 [Thread-939] INFO  impl.RaftServerImpl (RaftServerImpl.java:setRole(184)) - 291b4074-36ef-4604-afea-a446d5bcf194@group-397DB682EABB: changes role from  FOLLOWER to CANDIDATE at term 44 for changeToCandidate
2019-10-18 05:47:55,564 [Thread-939] INFO  impl.RoleInfo (RoleInfo.java:updateAndGet(143)) - 291b4074-36ef-4604-afea-a446d5bcf194: start LeaderElection
2019-10-18 05:47:55,574 [pool-7-thread-11] INFO  commands.RetriableDatanodeEventWatcher (RetriableDatanodeEventWatcher.java:onTimeout(47)) - RetriableDatanodeCommand type=deleteBlocksCommand with id=1571377666580 timed out. Retrying.
2019-10-18 05:47:55,593 [291b4074-36ef-4604-afea-a446d5bcf194@group-397DB682EABB-LeaderElection57] INFO  impl.LeaderElection (LeaderElection.java:askForVotes(178)) - 291b4074-36ef-4604-afea-a446d5bcf194@group-397DB682EABB-LeaderElection57: begin an election at term 45 for 0: [291b4074-36ef-4604-afea-a446d5bcf194:192.168.34.6:34859, e47f3d18-6550-4f27-a4cc-ce34c6c87b58:192.168.34.6:35257, 58c4827f-663e-41e6-a95a-5c02fdca8528:192.168.34.6:39496], old=null
2019-10-18 05:47:55,596 [grpc-default-executor-0] INFO  impl.RaftServerImpl (RaftServerImpl.java:setRole(184)) - 58c4827f-663e-41e6-a95a-5c02fdca8528@group-397DB682EABB: changes role from  FOLLOWER to FOLLOWER at term 45 for recognizeCandidate:291b4074-36ef-4604-afea-a446d5bcf194
2019-10-18 05:47:55,596 [grpc-default-executor-5] INFO  impl.RaftServerImpl (RaftServerImpl.java:setRole(184)) - e47f3d18-6550-4f27-a4cc-ce34c6c87b58@group-397DB682EABB: changes role from  FOLLOWER to FOLLOWER at term 45 for recognizeCandidate:291b4074-36ef-4604-afea-a446d5bcf194
2019-10-18 05:47:55,596 [grpc-default-executor-0] INFO  impl.RoleInfo (RoleInfo.java:shutdownFollowerState(121)) - 58c4827f-663e-41e6-a95a-5c02fdca8528: shutdown FollowerState
2019-10-18 05:47:55,596 [grpc-default-executor-5] INFO  impl.RoleInfo (RoleInfo.java:shutdownFollowerState(121)) - e47f3d18-6550-4f27-a4cc-ce34c6c87b58: shutdown FollowerState
2019-10-18 05:47:55,596 [Thread-937] INFO  impl.FollowerState (FollowerState.java:run(117)) - 58c4827f-663e-41e6-a95a-5c02fdca8528@group-397DB682EABB-FollowerState was interrupted: java.lang.InterruptedException: sleep interrupted
2019-10-18 05:47:55,596 [grpc-default-executor-0] INFO  impl.RoleInfo (RoleInfo.java:updateAndGet(143)) - 58c4827f-663e-41e6-a95a-5c02fdca8528: start FollowerState
2019-10-18 05:47:55,596 [Thread-936] INFO  impl.FollowerState (FollowerState.java:run(117)) - e47f3d18-6550-4f27-a4cc-ce34c6c87b58@group-397DB682EABB-FollowerState was interrupted: java.lang.InterruptedException: sleep interrupted
2019-10-18 05:47:55,596 [grpc-default-executor-5] INFO  impl.RoleInfo (RoleInfo.java:updateAndGet(143)) - e47f3d18-6550-4f27-a4cc-ce34c6c87b58: start FollowerState
2019-10-18 05:47:55,601 [Thread-945] INFO  impl.FollowerState (FollowerState.java:run(108)) - e47f3d18-6550-4f27-a4cc-ce34c6c87b58@group-CDCBC4BDFD69-FollowerState: change to CANDIDATE, lastRpcTime:82ms, electionTimeout:82ms
2019-10-18 05:47:55,601 [Thread-945] INFO  impl.RoleInfo (RoleInfo.java:shutdownFollowerState(121)) - e47f3d18-6550-4f27-a4cc-ce34c6c87b58: shutdown FollowerState
2019-10-18 05:47:55,601 [Thread-945] INFO  impl.RaftServerImpl (RaftServerImpl.java:setRole(184)) - e47f3d18-6550-4f27-a4cc-ce34c6c87b58@group-CDCBC4BDFD69: changes role from  FOLLOWER to CANDIDATE at term 14 for changeToCandidate
2019-10-18 05:47:55,601 [Thread-945] INFO  impl.RoleInfo (RoleInfo.java:updateAndGet(143)) - e47f3d18-6550-4f27-a4cc-ce34c6c87b58: start LeaderElection
2019-10-18 05:47:55,618 [e47f3d18-6550-4f27-a4cc-ce34c6c87b58@group-CDCBC4BDFD69-LeaderElection58] INFO  impl.LeaderElection (LeaderElection.java:askForVotes(178)) - e47f3d18-6550-4f27-a4cc-ce34c6c87b58@group-CDCBC4BDFD69-LeaderElection58: begin an election at term 15 for -1: [291b4074-36ef-4604-afea-a446d5bcf194:192.168.34.6:34859, e47f3d18-6550-4f27-a4cc-ce34c6c87b58:192.168.34.6:35257, 58c4827f-663e-41e6-a95a-5c02fdca8528:192.168.34.6:39496], old=null
2019-10-18 05:47:55,619 [291b4074-36ef-4604-afea-a446d5bcf194@group-397DB682EABB-LeaderElection57] INFO  impl.LeaderElection (LeaderElection.java:logAndReturn(56)) - 291b4074-36ef-4604-afea-a446d5bcf194@group-397DB682EABB-LeaderElection57: Election REJECTED; received 2 response(s) [291b4074-36ef-4604-afea-a446d5bcf194<-e47f3d18-6550-4f27-a4cc-ce34c6c87b58#0:FAIL-t45, 291b4074-36ef-4604-afea-a446d5bcf194<-58c4827f-663e-41e6-a95a-5c02fdca8528#0:FAIL-t45] and 0 exception(s); 291b4074-36ef-4604-afea-a446d5bcf194@group-397DB682EABB:t45, leader=null, voted=291b4074-36ef-4604-afea-a446d5bcf194, raftlog=291b4074-36ef-4604-afea-a446d5bcf194@group-397DB682EABB-SegmentedRaftLog:OPENED:c3,f4,i4, conf=0: [291b4074-36ef-4604-afea-a446d5bcf194:192.168.34.6:34859, e47f3d18-6550-4f27-a4cc-ce34c6c87b58:192.168.34.6:35257, 58c4827f-663e-41e6-a95a-5c02fdca8528:192.168.34.6:39496], old=null
2019-10-18 05:47:55,620 [291b4074-36ef-4604-afea-a446d5bcf194@group-397DB682EABB-LeaderElection57] INFO  impl.RaftServerImpl (RaftServerImpl.java:setRole(184)) - 291b4074-36ef-4604-afea-a446d5bcf194@group-397DB682EABB: changes role from CANDIDATE to FOLLOWER at term 45 for DISCOVERED_A_NEW_TERM
2019-10-18 05:47:55,620 [291b4074-36ef-4604-afea-a446d5bcf194@group-397DB682EABB-LeaderElection57] INFO  impl.RoleInfo (RoleInfo.java:shutdownLeaderElection(134)) - 291b4074-36ef-4604-afea-a446d5bcf194: shutdown LeaderElection
2019-10-18 05:47:55,620 [grpc-default-executor-0] INFO  impl.RaftServerImpl (RaftServerImpl.java:setRole(184)) - 58c4827f-663e-41e6-a95a-5c02fdca8528@group-CDCBC4BDFD69: changes role from  FOLLOWER to FOLLOWER at term 15 for recognizeCandidate:e47f3d18-6550-4f27-a4cc-ce34c6c87b58
2019-10-18 05:47:55,620 [grpc-default-executor-5] INFO  impl.RaftServerImpl (RaftServerImpl.java:setRole(184)) - 291b4074-36ef-4604-afea-a446d5bcf194@group-CDCBC4BDFD69: changes role from  FOLLOWER to FOLLOWER at term 15 for recognizeCandidate:e47f3d18-6550-4f27-a4cc-ce34c6c87b58
2019-10-18 05:47:55,620 [grpc-default-executor-0] INFO  impl.RoleInfo (RoleInfo.java:shutdownFollowerState(121)) - 58c4827f-663e-41e6-a95a-5c02fdca8528: shutdown FollowerState
2019-10-18 05:47:55,620 [291b4074-36ef-4604-afea-a446d5bcf194@group-397DB682EABB-LeaderElection57] INFO  impl.RoleInfo (RoleInfo.java:updateAndGet(143)) - 291b4074-36ef-4604-afea-a446d5bcf194: start FollowerState
2019-10-18 05:47:55,621 [Thread-943] INFO  impl.FollowerState (FollowerState.java:run(117)) - 58c4827f-663e-41e6-a95a-5c02fdca8528@group-CDCBC4BDFD69-FollowerState was interrupted: java.lang.InterruptedException: sleep interrupted
2019-10-18 05:47:55,621 [grpc-default-executor-0] INFO  impl.RoleInfo (RoleInfo.java:updateAndGet(143)) - 58c4827f-663e-41e6-a95a-5c02fdca8528: start FollowerState
2019-10-18 05:47:55,620 [grpc-default-executor-5] INFO  impl.RoleInfo (RoleInfo.java:shutdownFollowerState(121)) - 291b4074-36ef-4604-afea-a446d5bcf194: shutdown FollowerState
2019-10-18 05:47:55,621 [Thread-942] INFO  impl.FollowerState (FollowerState.java:run(117)) - 291b4074-36ef-4604-afea-a446d5bcf194@group-CDCBC4BDFD69-FollowerState was interrupted: java.lang.InterruptedException: sleep interrupted
2019-10-18 05:47:55,621 [grpc-default-executor-5] INFO  impl.RoleInfo (RoleInfo.java:updateAndGet(143)) - 291b4074-36ef-4604-afea-a446d5bcf194: start FollowerState
2019-10-18 05:47:55,640 [IPC Server handler 5 on 38282] WARN  block.DeletedBlockLogImpl (DeletedBlockLogImpl.java:incrementCount(141)) - Deleted TXID not found.
2019-10-18 05:47:55,640 [EventQueue-DeleteBlockStatusForEventWatcher$$Lambda$30/637241618] WARN  events.EventWatcher (EventWatcher.java:lambda$start$0(110)) - Completion event without active lease. Id=1571377666566
2019-10-18 05:47:55,641 [EventQueue-DeleteBlockStatusForDeletedBlockLogImpl] WARN  block.DeletedBlockLogImpl (DeletedBlockLogImpl.java:commitTransactions(205)) - Transaction txId=1 commit by dnId=291b4074-36ef-4604-afea-a446d5bcf194 for containerID=#1 failed. Corresponding entry not found.
2019-10-18 05:47:55,641 [EventQueue-DeleteBlockStatusForEventWatcher$$Lambda$30/637241618] WARN  events.EventWatcher (EventWatcher.java:lambda$start$0(110)) - Completion event without active lease. Id=1571377666576
2019-10-18 05:47:55,641 [EventQueue-DeleteBlockStatusForDeletedBlockLogImpl] WARN  block.DeletedBlockLogImpl (DeletedBlockLogImpl.java:commitTransactions(205)) - Transaction txId=1 commit by dnId=291b4074-36ef-4604-afea-a446d5bcf194 for containerID=#1 failed. Corresponding entry not found.
2019-10-18 05:47:55,641 [EventQueue-DeleteBlockStatusForEventWatcher$$Lambda$30/637241618] WARN  events.EventWatcher (EventWatcher.java:lambda$start$0(110)) - Completion event without active lease. Id=1571377666563
2019-10-18 05:47:55,641 [EventQueue-DeleteBlockStatusForDeletedBlockLogImpl] WARN  block.DeletedBlockLogImpl (DeletedBlockLogImpl.java:commitTransactions(205)) - Transaction txId=1 commit by dnId=291b4074-36ef-4604-afea-a446d5bcf194 for containerID=#1 failed. Corresponding entry not found.
2019-10-18 05:47:55,641 [EventQueue-DeleteBlockStatusForEventWatcher$$Lambda$30/637241618] WARN  events.EventWatcher (EventWatcher.java:lambda$start$0(110)) - Completion event without active lease. Id=1571377666578
2019-10-18 05:47:55,641 [EventQueue-DeleteBlockStatusForDeletedBlockLogImpl] WARN  block.DeletedBlockLogImpl (DeletedBlockLogImpl.java:commitTransactions(205)) - Transaction txId=1 commit by dnId=291b4074-36ef-4604-afea-a446d5bcf194 for containerID=#1 failed. Corresponding entry not found.
2019-10-18 05:47:55,641 [EventQueue-DeleteBlockStatusForEventWatcher$$Lambda$30/637241618] WARN  events.EventWatcher (EventWatcher.java:lambda$start$0(110)) - Completion event without active lease. Id=1571377666572
2019-10-18 05:47:55,641 [EventQueue-DeleteBlockStatusForDeletedBlockLogImpl] WARN  block.DeletedBlockLogImpl (DeletedBlockLogImpl.java:commitTransactions(205)) - Transaction txId=1 commit by dnId=291b4074-36ef-4604-afea-a446d5bcf194 for containerID=#1 failed. Corresponding entry not found.
2019-10-18 05:47:55,641 [EventQueue-DeleteBlockStatusForEventWatcher$$Lambda$30/637241618] WARN  events.EventWatcher (EventWatcher.java:lambda$start$0(110)) - Completion event without active lease. Id=1571377666574
2019-10-18 05:47:55,641 [EventQueue-DeleteBlockStatusForDeletedBlockLogImpl] WARN  block.DeletedBlockLogImpl (DeletedBlockLogImpl.java:commitTransactions(205)) - Transaction txId=1 commit by dnId=291b4074-36ef-4604-afea-a446d5bcf194 for containerID=#1 failed. Corresponding entry not found.
2019-10-18 05:47:55,642 [EventQueue-DeleteBlockStatusForEventWatcher$$Lambda$30/637241618] WARN  events.EventWatcher (EventWatcher.java:lambda$start$0(110)) - Completion event without active lease. Id=1571377666568
2019-10-18 05:47:55,642 [EventQueue-DeleteBlockStatusForDeletedBlockLogImpl] WARN  block.DeletedBlockLogImpl (DeletedBlockLogImpl.java:commitTransactions(205)) - Transaction txId=1 commit by dnId=291b4074-36ef-4604-afea-a446d5bcf194 for containerID=#1 failed. Corresponding entry not found.
2019-10-18 05:47:55,642 [EventQueue-DeleteBlockStatusForEventWatcher$$Lambda$30/637241618] WARN  events.EventWatcher (EventWatcher.java:lambda$start$0(110)) - Completion event without active lease. Id=1571377666570
2019-10-18 05:47:55,642 [EventQueue-DeleteBlockStatusForDeletedBlockLogImpl] WARN  block.DeletedBlockLogImpl (DeletedBlockLogImpl.java:commitTransactions(205)) - Transaction txId=1 commit by dnId=291b4074-36ef-4604-afea-a446d5bcf194 for containerID=#1 failed. Corresponding entry not found.
2019-10-18 05:47:55,642 [EventQueue-DeleteBlockStatusForDeletedBlockLogImpl] WARN  block.DeletedBlockLogImpl (DeletedBlockLogImpl.java:commitTransactions(205)) - Transaction txId=1 commit by dnId=291b4074-36ef-4604-afea-a446d5bcf194 for containerID=#1 failed. Corresponding entry not found.
2019-10-18 05:47:55,644 [e47f3d18-6550-4f27-a4cc-ce34c6c87b58@group-CDCBC4BDFD69-LeaderElection58] INFO  impl.LeaderElection (LeaderElection.java:logAndReturn(56)) - e47f3d18-6550-4f27-a4cc-ce34c6c87b58@group-CDCBC4BDFD69-LeaderElection58: Election REJECTED; received 2 response(s) [e47f3d18-6550-4f27-a4cc-ce34c6c87b58<-291b4074-36ef-4604-afea-a446d5bcf194#0:FAIL-t15, e47f3d18-6550-4f27-a4cc-ce34c6c87b58<-58c4827f-663e-41e6-a95a-5c02fdca8528#0:FAIL-t15] and 0 exception(s); e47f3d18-6550-4f27-a4cc-ce34c6c87b58@group-CDCBC4BDFD69:t15, leader=null, voted=e47f3d18-6550-4f27-a4cc-ce34c6c87b58, raftlog=e47f3d18-6550-4f27-a4cc-ce34c6c87b58@group-CDCBC4BDFD69-SegmentedRaftLog:OPENED:c-1,f-1,i0, conf=-1: [291b4074-36ef-4604-afea-a446d5bcf194:192.168.34.6:34859, e47f3d18-6550-4f27-a4cc-ce34c6c87b58:192.168.34.6:35257, 58c4827f-663e-41e6-a95a-5c02fdca8528:192.168.34.6:39496], old=null
2019-10-18 05:47:55,645 [e47f3d18-6550-4f27-a4cc-ce34c6c87b58@group-CDCBC4BDFD69-LeaderElection58] INFO  impl.RaftServerImpl (RaftServerImpl.java:setRole(184)) - e47f3d18-6550-4f27-a4cc-ce34c6c87b58@group-CDCBC4BDFD69: changes role from CANDIDATE to FOLLOWER at term 15 for DISCOVERED_A_NEW_TERM
2019-10-18 05:47:55,645 [e47f3d18-6550-4f27-a4cc-ce34c6c87b58@group-CDCBC4BDFD69-LeaderElection58] INFO  impl.RoleInfo (RoleInfo.java:shutdownLeaderElection(134)) - e47f3d18-6550-4f27-a4cc-ce34c6c87b58: shutdown LeaderElection
2019-10-18 05:47:55,645 [e47f3d18-6550-4f27-a4cc-ce34c6c87b58@group-CDCBC4BDFD69-LeaderElection58] INFO  impl.RoleInfo (RoleInfo.java:updateAndGet(143)) - e47f3d18-6550-4f27-a4cc-ce34c6c87b58: start FollowerState
2019-10-18 05:47:55,722 [Thread-954] INFO  impl.FollowerState (FollowerState.java:run(108)) - 291b4074-36ef-4604-afea-a446d5bcf194@group-397DB682EABB-FollowerState: change to CANDIDATE, lastRpcTime:101ms, electionTimeout:101ms
2019-10-18 05:47:55,722 [Thread-954] INFO  impl.RoleInfo (RoleInfo.java:shutdownFollowerState(121)) - 291b4074-36ef-4604-afea-a446d5bcf194: shutdown FollowerState
2019-10-18 05:47:55,722 [Thread-954] INFO  impl.RaftServerImpl (RaftServerImpl.java:setRole(184)) - 291b4074-36ef-4604-afea-a446d5bcf194@group-397DB682EABB: changes role from  FOLLOWER to CANDIDATE at term 45 for changeToCandidate
2019-10-18 05:47:55,722 [Thread-954] INFO  impl.RoleInfo (RoleInfo.java:updateAndGet(143)) - 291b4074-36ef-4604-afea-a446d5bcf194: start LeaderElection
2019-10-18 05:47:55,733 [Thread-957] INFO  impl.FollowerState (FollowerState.java:run(108)) - e47f3d18-6550-4f27-a4cc-ce34c6c87b58@group-CDCBC4BDFD69-FollowerState: change to CANDIDATE, lastRpcTime:88ms, electionTimeout:88ms
2019-10-18 05:47:55,733 [Thread-957] INFO  impl.RoleInfo (RoleInfo.java:shutdownFollowerState(121)) - e47f3d18-6550-4f27-a4cc-ce34c6c87b58: shutdown FollowerState
2019-10-18 05:47:55,733 [Thread-957] INFO  impl.RaftServerImpl (RaftServerImpl.java:setRole(184)) - e47f3d18-6550-4f27-a4cc-ce34c6c87b58@group-CDCBC4BDFD69: changes role from  FOLLOWER to CANDIDATE at term 15 for changeToCandidate
2019-10-18 05:47:55,733 [Thread-957] INFO  impl.RoleInfo (RoleInfo.java:updateAndGet(143)) - e47f3d18-6550-4f27-a4cc-ce34c6c87b58: start LeaderElection
2019-10-18 05:47:55,769 [e47f3d18-6550-4f27-a4cc-ce34c6c87b58@group-CDCBC4BDFD69-LeaderElection60] INFO  impl.LeaderElection (LeaderElection.java:askForVotes(178)) - e47f3d18-6550-4f27-a4cc-ce34c6c87b58@group-CDCBC4BDFD69-LeaderElection60: begin an election at term 16 for -1: [291b4074-36ef-4604-afea-a446d5bcf194:192.168.34.6:34859, e47f3d18-6550-4f27-a4cc-ce34c6c87b58:192.168.34.6:35257, 58c4827f-663e-41e6-a95a-5c02fdca8528:192.168.34.6:39496], old=null
2019-10-18 05:47:55,769 [291b4074-36ef-4604-afea-a446d5bcf194@group-397DB682EABB-LeaderElection59] INFO  impl.LeaderElection (LeaderElection.java:askForVotes(178)) - 291b4074-36ef-4604-afea-a446d5bcf194@group-397DB682EABB-LeaderElection59: begin an election at term 46 for 0: [291b4074-36ef-4604-afea-a446d5bcf194:192.168.34.6:34859, e47f3d18-6550-4f27-a4cc-ce34c6c87b58:192.168.34.6:35257, 58c4827f-663e-41e6-a95a-5c02fdca8528:192.168.34.6:39496], old=null
2019-10-18 05:47:55,772 [grpc-default-executor-0] INFO  impl.RaftServerImpl (RaftServerImpl.java:setRole(184)) - 291b4074-36ef-4604-afea-a446d5bcf194@group-CDCBC4BDFD69: changes role from  FOLLOWER to FOLLOWER at term 16 for recognizeCandidate:e47f3d18-6550-4f27-a4cc-ce34c6c87b58
2019-10-18 05:47:55,772 [grpc-default-executor-0] INFO  impl.RoleInfo (RoleInfo.java:shutdownFollowerState(121)) - 291b4074-36ef-4604-afea-a446d5bcf194: shutdown FollowerState
2019-10-18 05:47:55,772 [grpc-default-executor-5] INFO  impl.RaftServerImpl (RaftServerImpl.java:setRole(184)) - 58c4827f-663e-41e6-a95a-5c02fdca8528@group-397DB682EABB: changes role from  FOLLOWER to FOLLOWER at term 46 for recognizeCandidate:291b4074-36ef-4604-afea-a446d5bcf194
2019-10-18 05:47:55,772 [grpc-default-executor-6] INFO  impl.RaftServerImpl (RaftServerImpl.java:setRole(184)) - e47f3d18-6550-4f27-a4cc-ce34c6c87b58@group-397DB682EABB: changes role from  FOLLOWER to FOLLOWER at term 46 for recognizeCandidate:291b4074-36ef-4604-afea-a446d5bcf194
2019-10-18 05:47:55,773 [grpc-default-executor-5] INFO  impl.RoleInfo (RoleInfo.java:shutdownFollowerState(121)) - 58c4827f-663e-41e6-a95a-5c02fdca8528: shutdown FollowerState
2019-10-18 05:47:55,772 [grpc-default-executor-0] INFO  impl.RoleInfo (RoleInfo.java:updateAndGet(143)) - 291b4074-36ef-4604-afea-a446d5bcf194: start FollowerState
2019-10-18 05:47:55,772 [Thread-956] INFO  impl.FollowerState (FollowerState.java:run(117)) - 291b4074-36ef-4604-afea-a446d5bcf194@group-CDCBC4BDFD69-FollowerState was interrupted: java.lang.InterruptedException: sleep interrupted
2019-10-18 05:47:55,772 [grpc-default-executor-4] INFO  impl.RaftServerImpl (RaftServerImpl.java:setRole(184)) - 58c4827f-663e-41e6-a95a-5c02fdca8528@group-CDCBC4BDFD69: changes role from  FOLLOWER to FOLLOWER at term 16 for recognizeCandidate:e47f3d18-6550-4f27-a4cc-ce34c6c87b58
2019-10-18 05:47:55,773 [grpc-default-executor-4] INFO  impl.RoleInfo (RoleInfo.java:shutdownFollowerState(121)) - 58c4827f-663e-41e6-a95a-5c02fdca8528: shutdown FollowerState
2019-10-18 05:47:55,773 [Thread-949] INFO  impl.FollowerState (FollowerState.java:run(117)) - 58c4827f-663e-41e6-a95a-5c02fdca8528@group-397DB682EABB-FollowerState was interrupted: java.lang.InterruptedException: sleep interrupted
2019-10-18 05:47:55,774 [grpc-default-executor-4] INFO  impl.RoleInfo (RoleInfo.java:updateAndGet(143)) - 58c4827f-663e-41e6-a95a-5c02fdca8528: start FollowerState
2019-10-18 05:47:55,773 [grpc-default-executor-5] INFO  impl.RoleInfo (RoleInfo.java:updateAndGet(143)) - 58c4827f-663e-41e6-a95a-5c02fdca8528: start FollowerState
2019-10-18 05:47:55,773 [grpc-default-executor-6] INFO  impl.RoleInfo (RoleInfo.java:shutdownFollowerState(121)) - e47f3d18-6550-4f27-a4cc-ce34c6c87b58: shutdown FollowerState
2019-10-18 05:47:55,774 [Thread-955] INFO  impl.FollowerState (FollowerState.java:run(117)) - 58c4827f-663e-41e6-a95a-5c02fdca8528@group-CDCBC4BDFD69-FollowerState was interrupted: java.lang.InterruptedException: sleep interrupted
2019-10-18 05:47:55,774 [Thread-950] INFO  impl.FollowerState (FollowerState.java:run(117)) - e47f3d18-6550-4f27-a4cc-ce34c6c87b58@group-397DB682EABB-FollowerState was interrupted: java.lang.InterruptedException: sleep interrupted
2019-10-18 05:47:55,774 [grpc-default-executor-6] INFO  impl.RoleInfo (RoleInfo.java:updateAndGet(143)) - e47f3d18-6550-4f27-a4cc-ce34c6c87b58: start FollowerState
2019-10-18 05:47:55,804 [e47f3d18-6550-4f27-a4cc-ce34c6c87b58@group-CDCBC4BDFD69-LeaderElection60] INFO  impl.LeaderElection (LeaderElection.java:logAndReturn(56)) - e47f3d18-6550-4f27-a4cc-ce34c6c87b58@group-CDCBC4BDFD69-LeaderElection60: Election REJECTED; received 2 response(s) [e47f3d18-6550-4f27-a4cc-ce34c6c87b58<-291b4074-36ef-4604-afea-a446d5bcf194#0:FAIL-t16, e47f3d18-6550-4f27-a4cc-ce34c6c87b58<-58c4827f-663e-41e6-a95a-5c02fdca8528#0:FAIL-t16] and 0 exception(s); e47f3d18-6550-4f27-a4cc-ce34c6c87b58@group-CDCBC4BDFD69:t16, leader=null, voted=e47f3d18-6550-4f27-a4cc-ce34c6c87b58, raftlog=e47f3d18-6550-4f27-a4cc-ce34c6c87b58@group-CDCBC4BDFD69-SegmentedRaftLog:OPENED:c-1,f-1,i0, conf=-1: [291b4074-36ef-4604-afea-a446d5bcf194:192.168.34.6:34859, e47f3d18-6550-4f27-a4cc-ce34c6c87b58:192.168.34.6:35257, 58c4827f-663e-41e6-a95a-5c02fdca8528:192.168.34.6:39496], old=null
2019-10-18 05:47:55,804 [e47f3d18-6550-4f27-a4cc-ce34c6c87b58@group-CDCBC4BDFD69-LeaderElection60] INFO  impl.RaftServerImpl (RaftServerImpl.java:setRole(184)) - e47f3d18-6550-4f27-a4cc-ce34c6c87b58@group-CDCBC4BDFD69: changes role from CANDIDATE to FOLLOWER at term 16 for DISCOVERED_A_NEW_TERM
2019-10-18 05:47:55,805 [e47f3d18-6550-4f27-a4cc-ce34c6c87b58@group-CDCBC4BDFD69-LeaderElection60] INFO  impl.RoleInfo (RoleInfo.java:shutdownLeaderElection(134)) - e47f3d18-6550-4f27-a4cc-ce34c6c87b58: shutdown LeaderElection
2019-10-18 05:47:55,805 [e47f3d18-6550-4f27-a4cc-ce34c6c87b58@group-CDCBC4BDFD69-LeaderElection60] INFO  impl.RoleInfo (RoleInfo.java:updateAndGet(143)) - e47f3d18-6550-4f27-a4cc-ce34c6c87b58: start FollowerState
2019-10-18 05:47:55,805 [291b4074-36ef-4604-afea-a446d5bcf194@group-397DB682EABB-LeaderElection59] INFO  impl.LeaderElection (LeaderElection.java:logAndReturn(56)) - 291b4074-36ef-4604-afea-a446d5bcf194@group-397DB682EABB-LeaderElection59: Election REJECTED; received 2 response(s) [291b4074-36ef-4604-afea-a446d5bcf194<-e47f3d18-6550-4f27-a4cc-ce34c6c87b58#0:FAIL-t46, 291b4074-36ef-4604-afea-a446d5bcf194<-58c4827f-663e-41e6-a95a-5c02fdca8528#0:FAIL-t46] and 0 exception(s); 291b4074-36ef-4604-afea-a446d5bcf194@group-397DB682EABB:t46, leader=null, voted=291b4074-36ef-4604-afea-a446d5bcf194, raftlog=291b4074-36ef-4604-afea-a446d5bcf194@group-397DB682EABB-SegmentedRaftLog:OPENED:c3,f4,i4, conf=0: [291b4074-36ef-4604-afea-a446d5bcf194:192.168.34.6:34859, e47f3d18-6550-4f27-a4cc-ce34c6c87b58:192.168.34.6:35257, 58c4827f-663e-41e6-a95a-5c02fdca8528:192.168.34.6:39496], old=null
2019-10-18 05:47:55,805 [291b4074-36ef-4604-afea-a446d5bcf194@group-397DB682EABB-LeaderElection59] INFO  impl.RaftServerImpl (RaftServerImpl.java:setRole(184)) - 291b4074-36ef-4604-afea-a446d5bcf194@group-397DB682EABB: changes role from CANDIDATE to FOLLOWER at term 46 for DISCOVERED_A_NEW_TERM
2019-10-18 05:47:55,805 [291b4074-36ef-4604-afea-a446d5bcf194@group-397DB682EABB-LeaderElection59] INFO  impl.RoleInfo (RoleInfo.java:shutdownLeaderElection(134)) - 291b4074-36ef-4604-afea-a446d5bcf194: shutdown LeaderElection
2019-10-18 05:47:55,805 [291b4074-36ef-4604-afea-a446d5bcf194@group-397DB682EABB-LeaderElection59] INFO  impl.RoleInfo (RoleInfo.java:updateAndGet(143)) - 291b4074-36ef-4604-afea-a446d5bcf194: start FollowerState
2019-10-18 05:47:55,853 [Thread-968] INFO  impl.FollowerState (FollowerState.java:run(108)) - e47f3d18-6550-4f27-a4cc-ce34c6c87b58@group-CDCBC4BDFD69-FollowerState: change to CANDIDATE, lastRpcTime:48ms, electionTimeout:48ms
2019-10-18 05:47:55,853 [Thread-968] INFO  impl.RoleInfo (RoleInfo.java:shutdownFollowerState(121)) - e47f3d18-6550-4f27-a4cc-ce34c6c87b58: shutdown FollowerState
2019-10-18 05:47:55,853 [Thread-968] INFO  impl.RaftServerImpl (RaftServerImpl.java:setRole(184)) - e47f3d18-6550-4f27-a4cc-ce34c6c87b58@group-CDCBC4BDFD69: changes role from  FOLLOWER to CANDIDATE at term 16 for changeToCandidate
2019-10-18 05:47:55,853 [Thread-968] INFO  impl.RoleInfo (RoleInfo.java:updateAndGet(143)) - e47f3d18-6550-4f27-a4cc-ce34c6c87b58: start LeaderElection
2019-10-18 05:47:55,859 [Thread-972] INFO  client.GrpcClientProtocolService (GrpcClientProtocolService.java:lambda$processClientRequest$0(278)) - Failed RaftClientRequest:client-15CC5DA066CF->58c4827f-663e-41e6-a95a-5c02fdca8528@group-397DB682EABB, cid=10, seq=0, Watch-ALL_COMMITTED(6), Message:<EMPTY>, reply=RaftClientReply:client-15CC5DA066CF->58c4827f-663e-41e6-a95a-5c02fdca8528@group-397DB682EABB, cid=10, FAILED org.apache.ratis.protocol.NotLeaderException: Server 58c4827f-663e-41e6-a95a-5c02fdca8528@group-397DB682EABB is not the leader, logIndex=0, commits[58c4827f-663e-41e6-a95a-5c02fdca8528:c10, 291b4074-36ef-4604-afea-a446d5bcf194:c4, e47f3d18-6550-4f27-a4cc-ce34c6c87b58:c10]
2019-10-18 05:47:55,879 [e47f3d18-6550-4f27-a4cc-ce34c6c87b58@group-CDCBC4BDFD69-LeaderElection61] INFO  impl.LeaderElection (LeaderElection.java:askForVotes(178)) - e47f3d18-6550-4f27-a4cc-ce34c6c87b58@group-CDCBC4BDFD69-LeaderElection61: begin an election at term 17 for -1: [291b4074-36ef-4604-afea-a446d5bcf194:192.168.34.6:34859, e47f3d18-6550-4f27-a4cc-ce34c6c87b58:192.168.34.6:35257, 58c4827f-663e-41e6-a95a-5c02fdca8528:192.168.34.6:39496], old=null
2019-10-18 05:47:55,881 [grpc-default-executor-6] INFO  impl.RaftServerImpl (RaftServerImpl.java:setRole(184)) - 291b4074-36ef-4604-afea-a446d5bcf194@group-CDCBC4BDFD69: changes role from  FOLLOWER to FOLLOWER at term 17 for recognizeCandidate:e47f3d18-6550-4f27-a4cc-ce34c6c87b58
2019-10-18 05:47:55,881 [grpc-default-executor-6] INFO  impl.RoleInfo (RoleInfo.java:shutdownFollowerState(121)) - 291b4074-36ef-4604-afea-a446d5bcf194: shutdown FollowerState
2019-10-18 05:47:55,881 [grpc-default-executor-4] INFO  impl.RaftServerImpl (RaftServerImpl.java:setRole(184)) - 58c4827f-663e-41e6-a95a-5c02fdca8528@group-CDCBC4BDFD69: changes role from  FOLLOWER to FOLLOWER at term 17 for recognizeCandidate:e47f3d18-6550-4f27-a4cc-ce34c6c87b58
2019-10-18 05:47:55,882 [Thread-964] INFO  impl.FollowerState (FollowerState.java:run(117)) - 291b4074-36ef-4604-afea-a446d5bcf194@group-CDCBC4BDFD69-FollowerState was interrupted: java.lang.InterruptedException: sleep interrupted
2019-10-18 05:47:55,881 [grpc-default-executor-6] INFO  impl.RoleInfo (RoleInfo.java:updateAndGet(143)) - 291b4074-36ef-4604-afea-a446d5bcf194: start FollowerState
2019-10-18 05:47:55,882 [grpc-default-executor-4] INFO  impl.RoleInfo (RoleInfo.java:shutdownFollowerState(121)) - 58c4827f-663e-41e6-a95a-5c02fdca8528: shutdown FollowerState
2019-10-18 05:47:55,882 [grpc-default-executor-4] INFO  impl.RoleInfo (RoleInfo.java:updateAndGet(143)) - 58c4827f-663e-41e6-a95a-5c02fdca8528: start FollowerState
2019-10-18 05:47:55,882 [Thread-966] INFO  impl.FollowerState (FollowerState.java:run(117)) - 58c4827f-663e-41e6-a95a-5c02fdca8528@group-CDCBC4BDFD69-FollowerState was interrupted: java.lang.InterruptedException: sleep interrupted
2019-10-18 05:47:55,906 [e47f3d18-6550-4f27-a4cc-ce34c6c87b58@group-CDCBC4BDFD69-LeaderElection61] INFO  impl.LeaderElection (LeaderElection.java:logAndReturn(56)) - e47f3d18-6550-4f27-a4cc-ce34c6c87b58@group-CDCBC4BDFD69-LeaderElection61: Election REJECTED; received 2 response(s) [e47f3d18-6550-4f27-a4cc-ce34c6c87b58<-291b4074-36ef-4604-afea-a446d5bcf194#0:FAIL-t17, e47f3d18-6550-4f27-a4cc-ce34c6c87b58<-58c4827f-663e-41e6-a95a-5c02fdca8528#0:FAIL-t17] and 0 exception(s); e47f3d18-6550-4f27-a4cc-ce34c6c87b58@group-CDCBC4BDFD69:t17, leader=null, voted=e47f3d18-6550-4f27-a4cc-ce34c6c87b58, raftlog=e47f3d18-6550-4f27-a4cc-ce34c6c87b58@group-CDCBC4BDFD69-SegmentedRaftLog:OPENED:c-1,f-1,i0, conf=-1: [291b4074-36ef-4604-afea-a446d5bcf194:192.168.34.6:34859, e47f3d18-6550-4f27-a4cc-ce34c6c87b58:192.168.34.6:35257, 58c4827f-663e-41e6-a95a-5c02fdca8528:192.168.34.6:39496], old=null
2019-10-18 05:47:55,906 [e47f3d18-6550-4f27-a4cc-ce34c6c87b58@group-CDCBC4BDFD69-LeaderElection61] INFO  impl.RaftServerImpl (RaftServerImpl.java:setRole(184)) - e47f3d18-6550-4f27-a4cc-ce34c6c87b58@group-CDCBC4BDFD69: changes role from CANDIDATE to FOLLOWER at term 17 for DISCOVERED_A_NEW_TERM
2019-10-18 05:47:55,906 [e47f3d18-6550-4f27-a4cc-ce34c6c87b58@group-CDCBC4BDFD69-LeaderElection61] INFO  impl.RoleInfo (RoleInfo.java:shutdownLeaderElection(134)) - e47f3d18-6550-4f27-a4cc-ce34c6c87b58: shutdown LeaderElection
2019-10-18 05:47:55,906 [e47f3d18-6550-4f27-a4cc-ce34c6c87b58@group-CDCBC4BDFD69-LeaderElection61] INFO  impl.RoleInfo (RoleInfo.java:updateAndGet(143)) - e47f3d18-6550-4f27-a4cc-ce34c6c87b58: start FollowerState
2019-10-18 05:47:55,967 [Thread-978] INFO  impl.FollowerState (FollowerState.java:run(108)) - e47f3d18-6550-4f27-a4cc-ce34c6c87b58@group-CDCBC4BDFD69-FollowerState: change to CANDIDATE, lastRpcTime:60ms, electionTimeout:60ms
2019-10-18 05:47:55,967 [Thread-978] INFO  impl.RoleInfo (RoleInfo.java:shutdownFollowerState(121)) - e47f3d18-6550-4f27-a4cc-ce34c6c87b58: shutdown FollowerState
2019-10-18 05:47:55,967 [Thread-978] INFO  impl.RaftServerImpl (RaftServerImpl.java:setRole(184)) - e47f3d18-6550-4f27-a4cc-ce34c6c87b58@group-CDCBC4BDFD69: changes role from  FOLLOWER to CANDIDATE at term 17 for changeToCandidate
2019-10-18 05:47:55,967 [Thread-978] INFO  impl.RoleInfo (RoleInfo.java:updateAndGet(143)) - e47f3d18-6550-4f27-a4cc-ce34c6c87b58: start LeaderElection
2019-10-18 05:47:55,968 [Thread-969] INFO  impl.FollowerState (FollowerState.java:run(108)) - 291b4074-36ef-4604-afea-a446d5bcf194@group-397DB682EABB-FollowerState: change to CANDIDATE, lastRpcTime:162ms, electionTimeout:162ms
2019-10-18 05:47:55,968 [Thread-969] INFO  impl.RoleInfo (RoleInfo.java:shutdownFollowerState(121)) - 291b4074-36ef-4604-afea-a446d5bcf194: shutdown FollowerState
2019-10-18 05:47:55,968 [Thread-969] INFO  impl.RaftServerImpl (RaftServerImpl.java:setRole(184)) - 291b4074-36ef-4604-afea-a446d5bcf194@group-397DB682EABB: changes role from  FOLLOWER to CANDIDATE at term 46 for changeToCandidate
2019-10-18 05:47:55,968 [Thread-969] INFO  impl.RoleInfo (RoleInfo.java:updateAndGet(143)) - 291b4074-36ef-4604-afea-a446d5bcf194: start LeaderElection
2019-10-18 05:47:55,992 [BlockDeletingService#3] WARN  background.BlockDeletingService (BlockDeletingService.java:isDeletionAllowed(187)) - Close Container log Index 6 is not replicated across allthe servers in the pipeline e751b4d9-2be2-4ced-b2ee-397db682eabb as the min replicated index is 4. Deletion is not allowed in this container yet.
2019-10-18 05:47:55,992 [BlockDeletingService#2] WARN  background.BlockDeletingService (BlockDeletingService.java:isDeletionAllowed(187)) - Close Container log Index 6 is not replicated across allthe servers in the pipeline e751b4d9-2be2-4ced-b2ee-397db682eabb as the min replicated index is 4. Deletion is not allowed in this container yet.
2019-10-18 05:47:55,997 [e47f3d18-6550-4f27-a4cc-ce34c6c87b58@group-CDCBC4BDFD69-LeaderElection62] INFO  impl.LeaderElection (LeaderElection.java:askForVotes(178)) - e47f3d18-6550-4f27-a4cc-ce34c6c87b58@group-CDCBC4BDFD69-LeaderElection62: begin an election at term 18 for -1: [291b4074-36ef-4604-afea-a446d5bcf194:192.168.34.6:34859, e47f3d18-6550-4f27-a4cc-ce34c6c87b58:192.168.34.6:35257, 58c4827f-663e-41e6-a95a-5c02fdca8528:192.168.34.6:39496], old=null
2019-10-18 05:47:55,997 [291b4074-36ef-4604-afea-a446d5bcf194@group-397DB682EABB-LeaderElection63] INFO  impl.LeaderElection (LeaderElection.java:askForVotes(178)) - 291b4074-36ef-4604-afea-a446d5bcf194@group-397DB682EABB-LeaderElection63: begin an election at term 47 for 0: [291b4074-36ef-4604-afea-a446d5bcf194:192.168.34.6:34859, e47f3d18-6550-4f27-a4cc-ce34c6c87b58:192.168.34.6:35257, 58c4827f-663e-41e6-a95a-5c02fdca8528:192.168.34.6:39496], old=null
2019-10-18 05:47:55,999 [grpc-default-executor-4] INFO  impl.RaftServerImpl (RaftServerImpl.java:setRole(184)) - e47f3d18-6550-4f27-a4cc-ce34c6c87b58@group-397DB682EABB: changes role from  FOLLOWER to FOLLOWER at term 47 for recognizeCandidate:291b4074-36ef-4604-afea-a446d5bcf194
2019-10-18 05:47:55,999 [grpc-default-executor-0] INFO  impl.RaftServerImpl (RaftServerImpl.java:setRole(184)) - 58c4827f-663e-41e6-a95a-5c02fdca8528@group-CDCBC4BDFD69: changes role from  FOLLOWER to FOLLOWER at term 18 for recognizeCandidate:e47f3d18-6550-4f27-a4cc-ce34c6c87b58
2019-10-18 05:47:55,999 [grpc-default-executor-6] INFO  impl.RaftServerImpl (RaftServerImpl.java:setRole(184)) - 58c4827f-663e-41e6-a95a-5c02fdca8528@group-397DB682EABB: changes role from  FOLLOWER to FOLLOWER at term 47 for recognizeCandidate:291b4074-36ef-4604-afea-a446d5bcf194
2019-10-18 05:47:56,000 [grpc-default-executor-5] INFO  impl.RaftServerImpl (RaftServerImpl.java:setRole(184)) - 291b4074-36ef-4604-afea-a446d5bcf194@group-CDCBC4BDFD69: changes role from  FOLLOWER to FOLLOWER at term 18 for recognizeCandidate:e47f3d18-6550-4f27-a4cc-ce34c6c87b58
2019-10-18 05:47:56,000 [grpc-default-executor-5] INFO  impl.RoleInfo (RoleInfo.java:shutdownFollowerState(121)) - 291b4074-36ef-4604-afea-a446d5bcf194: shutdown FollowerState
2019-10-18 05:47:56,000 [grpc-default-executor-0] INFO  impl.RoleInfo (RoleInfo.java:shutdownFollowerState(121)) - 58c4827f-663e-41e6-a95a-5c02fdca8528: shutdown FollowerState
2019-10-18 05:47:56,000 [grpc-default-executor-4] INFO  impl.RoleInfo (RoleInfo.java:shutdownFollowerState(121)) - e47f3d18-6550-4f27-a4cc-ce34c6c87b58: shutdown FollowerState
2019-10-18 05:47:56,000 [Thread-977] INFO  impl.FollowerState (FollowerState.java:run(117)) - 58c4827f-663e-41e6-a95a-5c02fdca8528@group-CDCBC4BDFD69-FollowerState was interrupted: java.lang.InterruptedException: sleep interrupted
2019-10-18 05:47:56,000 [grpc-default-executor-0] INFO  impl.RoleInfo (RoleInfo.java:updateAndGet(143)) - 58c4827f-663e-41e6-a95a-5c02fdca8528: start FollowerState
2019-10-18 05:47:56,000 [Thread-976] INFO  impl.FollowerState (FollowerState.java:run(117)) - 291b4074-36ef-4604-afea-a446d5bcf194@group-CDCBC4BDFD69-FollowerState was interrupted: java.lang.InterruptedException: sleep interrupted
2019-10-18 05:47:56,000 [grpc-default-executor-5] INFO  impl.RoleInfo (RoleInfo.java:updateAndGet(143)) - 291b4074-36ef-4604-afea-a446d5bcf194: start FollowerState
2019-10-18 05:47:56,000 [grpc-default-executor-6] INFO  impl.RoleInfo (RoleInfo.java:shutdownFollowerState(121)) - 58c4827f-663e-41e6-a95a-5c02fdca8528: shutdown FollowerState
2019-10-18 05:47:56,001 [Thread-967] INFO  impl.FollowerState (FollowerState.java:run(117)) - e47f3d18-6550-4f27-a4cc-ce34c6c87b58@group-397DB682EABB-FollowerState was interrupted: java.lang.InterruptedException: sleep interrupted
2019-10-18 05:47:56,001 [grpc-default-executor-4] INFO  impl.RoleInfo (RoleInfo.java:updateAndGet(143)) - e47f3d18-6550-4f27-a4cc-ce34c6c87b58: start FollowerState
2019-10-18 05:47:56,001 [Thread-965] INFO  impl.FollowerState (FollowerState.java:run(117)) - 58c4827f-663e-41e6-a95a-5c02fdca8528@group-397DB682EABB-FollowerState was interrupted: java.lang.InterruptedException: sleep interrupted
2019-10-18 05:47:56,001 [grpc-default-executor-6] INFO  impl.RoleInfo (RoleInfo.java:updateAndGet(143)) - 58c4827f-663e-41e6-a95a-5c02fdca8528: start FollowerState
2019-10-18 05:47:56,013 [291b4074-36ef-4604-afea-a446d5bcf194@group-397DB682EABB-LeaderElection63] INFO  impl.LeaderElection (LeaderElection.java:logAndReturn(56)) - 291b4074-36ef-4604-afea-a446d5bcf194@group-397DB682EABB-LeaderElection63: Election TIMEOUT; received 0 response(s) [] and 0 exception(s); 291b4074-36ef-4604-afea-a446d5bcf194@group-397DB682EABB:t47, leader=null, voted=291b4074-36ef-4604-afea-a446d5bcf194, raftlog=291b4074-36ef-4604-afea-a446d5bcf194@group-397DB682EABB-SegmentedRaftLog:OPENED:c3,f4,i4, conf=0: [291b4074-36ef-4604-afea-a446d5bcf194:192.168.34.6:34859, e47f3d18-6550-4f27-a4cc-ce34c6c87b58:192.168.34.6:35257, 58c4827f-663e-41e6-a95a-5c02fdca8528:192.168.34.6:39496], old=null
2019-10-18 05:47:56,041 [e47f3d18-6550-4f27-a4cc-ce34c6c87b58@group-CDCBC4BDFD69-LeaderElection62] INFO  impl.LeaderElection (LeaderElection.java:logAndReturn(56)) - e47f3d18-6550-4f27-a4cc-ce34c6c87b58@group-CDCBC4BDFD69-LeaderElection62: Election REJECTED; received 2 response(s) [e47f3d18-6550-4f27-a4cc-ce34c6c87b58<-291b4074-36ef-4604-afea-a446d5bcf194#0:FAIL-t18, e47f3d18-6550-4f27-a4cc-ce34c6c87b58<-58c4827f-663e-41e6-a95a-5c02fdca8528#0:FAIL-t18] and 0 exception(s); e47f3d18-6550-4f27-a4cc-ce34c6c87b58@group-CDCBC4BDFD69:t18, leader=null, voted=e47f3d18-6550-4f27-a4cc-ce34c6c87b58, raftlog=e47f3d18-6550-4f27-a4cc-ce34c6c87b58@group-CDCBC4BDFD69-SegmentedRaftLog:OPENED:c-1,f-1,i0, conf=-1: [291b4074-36ef-4604-afea-a446d5bcf194:192.168.34.6:34859, e47f3d18-6550-4f27-a4cc-ce34c6c87b58:192.168.34.6:35257, 58c4827f-663e-41e6-a95a-5c02fdca8528:192.168.34.6:39496], old=null
2019-10-18 05:47:56,041 [e47f3d18-6550-4f27-a4cc-ce34c6c87b58@group-CDCBC4BDFD69-LeaderElection62] INFO  impl.RaftServerImpl (RaftServerImpl.java:setRole(184)) - e47f3d18-6550-4f27-a4cc-ce34c6c87b58@group-CDCBC4BDFD69: changes role from CANDIDATE to FOLLOWER at term 18 for DISCOVERED_A_NEW_TERM
2019-10-18 05:47:56,041 [e47f3d18-6550-4f27-a4cc-ce34c6c87b58@group-CDCBC4BDFD69-LeaderElection62] INFO  impl.RoleInfo (RoleInfo.java:shutdownLeaderElection(134)) - e47f3d18-6550-4f27-a4cc-ce34c6c87b58: shutdown LeaderElection
2019-10-18 05:47:56,041 [e47f3d18-6550-4f27-a4cc-ce34c6c87b58@group-CDCBC4BDFD69-LeaderElection62] INFO  impl.RoleInfo (RoleInfo.java:updateAndGet(143)) - e47f3d18-6550-4f27-a4cc-ce34c6c87b58: start FollowerState
2019-10-18 05:47:56,056 [291b4074-36ef-4604-afea-a446d5bcf194@group-397DB682EABB-LeaderElection63] INFO  impl.LeaderElection (LeaderElection.java:askForVotes(178)) - 291b4074-36ef-4604-afea-a446d5bcf194@group-397DB682EABB-LeaderElection63: begin an election at term 48 for 0: [291b4074-36ef-4604-afea-a446d5bcf194:192.168.34.6:34859, e47f3d18-6550-4f27-a4cc-ce34c6c87b58:192.168.34.6:35257, 58c4827f-663e-41e6-a95a-5c02fdca8528:192.168.34.6:39496], old=null
2019-10-18 05:47:56,058 [grpc-default-executor-4] INFO  impl.RaftServerImpl (RaftServerImpl.java:setRole(184)) - e47f3d18-6550-4f27-a4cc-ce34c6c87b58@group-397DB682EABB: changes role from  FOLLOWER to FOLLOWER at term 48 for recognizeCandidate:291b4074-36ef-4604-afea-a446d5bcf194
2019-10-18 05:47:56,059 [grpc-default-executor-4] INFO  impl.RoleInfo (RoleInfo.java:shutdownFollowerState(121)) - e47f3d18-6550-4f27-a4cc-ce34c6c87b58: shutdown FollowerState
2019-10-18 05:47:56,059 [grpc-default-executor-6] INFO  impl.RaftServerImpl (RaftServerImpl.java:setRole(184)) - 58c4827f-663e-41e6-a95a-5c02fdca8528@group-397DB682EABB: changes role from  FOLLOWER to FOLLOWER at term 48 for recognizeCandidate:291b4074-36ef-4604-afea-a446d5bcf194
2019-10-18 05:47:56,059 [Thread-989] INFO  impl.FollowerState (FollowerState.java:run(117)) - e47f3d18-6550-4f27-a4cc-ce34c6c87b58@group-397DB682EABB-FollowerState was interrupted: java.lang.InterruptedException: sleep interrupted
2019-10-18 05:47:56,059 [grpc-default-executor-4] INFO  impl.RoleInfo (RoleInfo.java:updateAndGet(143)) - e47f3d18-6550-4f27-a4cc-ce34c6c87b58: start FollowerState
2019-10-18 05:47:56,059 [grpc-default-executor-6] INFO  impl.RoleInfo (RoleInfo.java:shutdownFollowerState(121)) - 58c4827f-663e-41e6-a95a-5c02fdca8528: shutdown FollowerState
2019-10-18 05:47:56,059 [grpc-default-executor-6] INFO  impl.RoleInfo (RoleInfo.java:updateAndGet(143)) - 58c4827f-663e-41e6-a95a-5c02fdca8528: start FollowerState
2019-10-18 05:47:56,059 [Thread-990] INFO  impl.FollowerState (FollowerState.java:run(117)) - 58c4827f-663e-41e6-a95a-5c02fdca8528@group-397DB682EABB-FollowerState was interrupted: java.lang.InterruptedException: sleep interrupted
2019-10-18 05:47:56,074 [291b4074-36ef-4604-afea-a446d5bcf194@group-397DB682EABB-LeaderElection63] INFO  impl.LeaderElection (LeaderElection.java:logAndReturn(56)) - 291b4074-36ef-4604-afea-a446d5bcf194@group-397DB682EABB-LeaderElection63: Election REJECTED; received 2 response(s) [291b4074-36ef-4604-afea-a446d5bcf194<-e47f3d18-6550-4f27-a4cc-ce34c6c87b58#0:FAIL-t48, 291b4074-36ef-4604-afea-a446d5bcf194<-58c4827f-663e-41e6-a95a-5c02fdca8528#0:FAIL-t48] and 0 exception(s); 291b4074-36ef-4604-afea-a446d5bcf194@group-397DB682EABB:t48, leader=null, voted=291b4074-36ef-4604-afea-a446d5bcf194, raftlog=291b4074-36ef-4604-afea-a446d5bcf194@group-397DB682EABB-SegmentedRaftLog:OPENED:c3,f4,i4, conf=0: [291b4074-36ef-4604-afea-a446d5bcf194:192.168.34.6:34859, e47f3d18-6550-4f27-a4cc-ce34c6c87b58:192.168.34.6:35257, 58c4827f-663e-41e6-a95a-5c02fdca8528:192.168.34.6:39496], old=null
2019-10-18 05:47:56,075 [291b4074-36ef-4604-afea-a446d5bcf194@group-397DB682EABB-LeaderElection63] INFO  impl.RaftServerImpl (RaftServerImpl.java:setRole(184)) - 291b4074-36ef-4604-afea-a446d5bcf194@group-397DB682EABB: changes role from CANDIDATE to FOLLOWER at term 48 for DISCOVERED_A_NEW_TERM
2019-10-18 05:47:56,075 [291b4074-36ef-4604-afea-a446d5bcf194@group-397DB682EABB-LeaderElection63] INFO  impl.RoleInfo (RoleInfo.java:shutdownLeaderElection(134)) - 291b4074-36ef-4604-afea-a446d5bcf194: shutdown LeaderElection
2019-10-18 05:47:56,075 [291b4074-36ef-4604-afea-a446d5bcf194@group-397DB682EABB-LeaderElection63] INFO  impl.RoleInfo (RoleInfo.java:updateAndGet(143)) - 291b4074-36ef-4604-afea-a446d5bcf194: start FollowerState
2019-10-18 05:47:56,160 [Thread-991] INFO  impl.FollowerState (FollowerState.java:run(108)) - e47f3d18-6550-4f27-a4cc-ce34c6c87b58@group-CDCBC4BDFD69-FollowerState: change to CANDIDATE, lastRpcTime:119ms, electionTimeout:119ms
2019-10-18 05:47:56,160 [Thread-991] INFO  impl.RoleInfo (RoleInfo.java:shutdownFollowerState(121)) - e47f3d18-6550-4f27-a4cc-ce34c6c87b58: shutdown FollowerState
2019-10-18 05:47:56,160 [Thread-991] INFO  impl.RaftServerImpl (RaftServerImpl.java:setRole(184)) - e47f3d18-6550-4f27-a4cc-ce34c6c87b58@group-CDCBC4BDFD69: changes role from  FOLLOWER to CANDIDATE at term 18 for changeToCandidate
2019-10-18 05:47:56,161 [Thread-991] INFO  impl.RoleInfo (RoleInfo.java:updateAndGet(143)) - e47f3d18-6550-4f27-a4cc-ce34c6c87b58: start LeaderElection
2019-10-18 05:47:56,188 [Thread-996] INFO  impl.FollowerState (FollowerState.java:run(108)) - 291b4074-36ef-4604-afea-a446d5bcf194@group-397DB682EABB-FollowerState: change to CANDIDATE, lastRpcTime:113ms, electionTimeout:113ms
2019-10-18 05:47:56,188 [Thread-996] INFO  impl.RoleInfo (RoleInfo.java:shutdownFollowerState(121)) - 291b4074-36ef-4604-afea-a446d5bcf194: shutdown FollowerState
2019-10-18 05:47:56,189 [Thread-996] INFO  impl.RaftServerImpl (RaftServerImpl.java:setRole(184)) - 291b4074-36ef-4604-afea-a446d5bcf194@group-397DB682EABB: changes role from  FOLLOWER to CANDIDATE at term 48 for changeToCandidate
2019-10-18 05:47:56,189 [Thread-996] INFO  impl.RoleInfo (RoleInfo.java:updateAndGet(143)) - 291b4074-36ef-4604-afea-a446d5bcf194: start LeaderElection
2019-10-18 05:47:56,191 [e47f3d18-6550-4f27-a4cc-ce34c6c87b58@group-CDCBC4BDFD69-LeaderElection64] INFO  impl.LeaderElection (LeaderElection.java:askForVotes(178)) - e47f3d18-6550-4f27-a4cc-ce34c6c87b58@group-CDCBC4BDFD69-LeaderElection64: begin an election at term 19 for -1: [291b4074-36ef-4604-afea-a446d5bcf194:192.168.34.6:34859, e47f3d18-6550-4f27-a4cc-ce34c6c87b58:192.168.34.6:35257, 58c4827f-663e-41e6-a95a-5c02fdca8528:192.168.34.6:39496], old=null
2019-10-18 05:47:56,193 [grpc-default-executor-6] INFO  impl.RaftServerImpl (RaftServerImpl.java:setRole(184)) - 291b4074-36ef-4604-afea-a446d5bcf194@group-CDCBC4BDFD69: changes role from  FOLLOWER to FOLLOWER at term 19 for recognizeCandidate:e47f3d18-6550-4f27-a4cc-ce34c6c87b58
2019-10-18 05:47:56,193 [grpc-default-executor-4] INFO  impl.RaftServerImpl (RaftServerImpl.java:setRole(184)) - 58c4827f-663e-41e6-a95a-5c02fdca8528@group-CDCBC4BDFD69: changes role from  FOLLOWER to FOLLOWER at term 19 for recognizeCandidate:e47f3d18-6550-4f27-a4cc-ce34c6c87b58
2019-10-18 05:47:56,193 [grpc-default-executor-6] INFO  impl.RoleInfo (RoleInfo.java:shutdownFollowerState(121)) - 291b4074-36ef-4604-afea-a446d5bcf194: shutdown FollowerState
2019-10-18 05:47:56,193 [grpc-default-executor-4] INFO  impl.RoleInfo (RoleInfo.java:shutdownFollowerState(121)) - 58c4827f-663e-41e6-a95a-5c02fdca8528: shutdown FollowerState
2019-10-18 05:47:56,193 [Thread-987] INFO  impl.FollowerState (FollowerState.java:run(117)) - 291b4074-36ef-4604-afea-a446d5bcf194@group-CDCBC4BDFD69-FollowerState was interrupted: java.lang.InterruptedException: sleep interrupted
2019-10-18 05:47:56,193 [grpc-default-executor-6] INFO  impl.RoleInfo (RoleInfo.java:updateAndGet(143)) - 291b4074-36ef-4604-afea-a446d5bcf194: start FollowerState
2019-10-18 05:47:56,193 [grpc-default-executor-4] INFO  impl.RoleInfo (RoleInfo.java:updateAndGet(143)) - 58c4827f-663e-41e6-a95a-5c02fdca8528: start FollowerState
2019-10-18 05:47:56,193 [Thread-988] INFO  impl.FollowerState (FollowerState.java:run(117)) - 58c4827f-663e-41e6-a95a-5c02fdca8528@group-CDCBC4BDFD69-FollowerState was interrupted: java.lang.InterruptedException: sleep interrupted
2019-10-18 05:47:56,216 [291b4074-36ef-4604-afea-a446d5bcf194@group-397DB682EABB-LeaderElection65] INFO  impl.LeaderElection (LeaderElection.java:askForVotes(178)) - 291b4074-36ef-4604-afea-a446d5bcf194@group-397DB682EABB-LeaderElection65: begin an election at term 49 for 0: [291b4074-36ef-4604-afea-a446d5bcf194:192.168.34.6:34859, e47f3d18-6550-4f27-a4cc-ce34c6c87b58:192.168.34.6:35257, 58c4827f-663e-41e6-a95a-5c02fdca8528:192.168.34.6:39496], old=null
2019-10-18 05:47:56,216 [e47f3d18-6550-4f27-a4cc-ce34c6c87b58@group-CDCBC4BDFD69-LeaderElection64] INFO  impl.LeaderElection (LeaderElection.java:logAndReturn(56)) - e47f3d18-6550-4f27-a4cc-ce34c6c87b58@group-CDCBC4BDFD69-LeaderElection64: Election TIMEOUT; received 0 response(s) [] and 0 exception(s); e47f3d18-6550-4f27-a4cc-ce34c6c87b58@group-CDCBC4BDFD69:t19, leader=null, voted=e47f3d18-6550-4f27-a4cc-ce34c6c87b58, raftlog=e47f3d18-6550-4f27-a4cc-ce34c6c87b58@group-CDCBC4BDFD69-SegmentedRaftLog:OPENED:c-1,f-1,i0, conf=-1: [291b4074-36ef-4604-afea-a446d5bcf194:192.168.34.6:34859, e47f3d18-6550-4f27-a4cc-ce34c6c87b58:192.168.34.6:35257, 58c4827f-663e-41e6-a95a-5c02fdca8528:192.168.34.6:39496], old=null
2019-10-18 05:47:56,217 [291b4074-36ef-4604-afea-a446d5bcf194@group-397DB682EABB-LeaderElection65] INFO  impl.LeaderElection (LeaderElection.java:logAndReturn(56)) - 291b4074-36ef-4604-afea-a446d5bcf194@group-397DB682EABB-LeaderElection65: Election TIMEOUT; received 0 response(s) [] and 0 exception(s); 291b4074-36ef-4604-afea-a446d5bcf194@group-397DB682EABB:t49, leader=null, voted=291b4074-36ef-4604-afea-a446d5bcf194, raftlog=291b4074-36ef-4604-afea-a446d5bcf194@group-397DB682EABB-SegmentedRaftLog:OPENED:c3,f4,i4, conf=0: [291b4074-36ef-4604-afea-a446d5bcf194:192.168.34.6:34859, e47f3d18-6550-4f27-a4cc-ce34c6c87b58:192.168.34.6:35257, 58c4827f-663e-41e6-a95a-5c02fdca8528:192.168.34.6:39496], old=null
2019-10-18 05:47:56,218 [grpc-default-executor-4] INFO  impl.RaftServerImpl (RaftServerImpl.java:setRole(184)) - 58c4827f-663e-41e6-a95a-5c02fdca8528@group-397DB682EABB: changes role from  FOLLOWER to FOLLOWER at term 49 for recognizeCandidate:291b4074-36ef-4604-afea-a446d5bcf194
2019-10-18 05:47:56,218 [grpc-default-executor-6] INFO  impl.RaftServerImpl (RaftServerImpl.java:setRole(184)) - e47f3d18-6550-4f27-a4cc-ce34c6c87b58@group-397DB682EABB: changes role from  FOLLOWER to FOLLOWER at term 49 for recognizeCandidate:291b4074-36ef-4604-afea-a446d5bcf194
2019-10-18 05:47:56,218 [grpc-default-executor-4] INFO  impl.RoleInfo (RoleInfo.java:shutdownFollowerState(121)) - 58c4827f-663e-41e6-a95a-5c02fdca8528: shutdown FollowerState
2019-10-18 05:47:56,218 [grpc-default-executor-6] INFO  impl.RoleInfo (RoleInfo.java:shutdownFollowerState(121)) - e47f3d18-6550-4f27-a4cc-ce34c6c87b58: shutdown FollowerState
2019-10-18 05:47:56,219 [grpc-default-executor-4] INFO  impl.RoleInfo (RoleInfo.java:updateAndGet(143)) - 58c4827f-663e-41e6-a95a-5c02fdca8528: start FollowerState
2019-10-18 05:47:56,219 [Thread-995] INFO  impl.FollowerState (FollowerState.java:run(117)) - 58c4827f-663e-41e6-a95a-5c02fdca8528@group-397DB682EABB-FollowerState was interrupted: java.lang.InterruptedException: sleep interrupted
2019-10-18 05:47:56,219 [Thread-994] INFO  impl.FollowerState (FollowerState.java:run(117)) - e47f3d18-6550-4f27-a4cc-ce34c6c87b58@group-397DB682EABB-FollowerState was interrupted: java.lang.InterruptedException: sleep interrupted
2019-10-18 05:47:56,219 [grpc-default-executor-6] INFO  impl.RoleInfo (RoleInfo.java:updateAndGet(143)) - e47f3d18-6550-4f27-a4cc-ce34c6c87b58: start FollowerState
2019-10-18 05:47:56,242 [e47f3d18-6550-4f27-a4cc-ce34c6c87b58@group-CDCBC4BDFD69-LeaderElection64] INFO  impl.LeaderElection (LeaderElection.java:askForVotes(178)) - e47f3d18-6550-4f27-a4cc-ce34c6c87b58@group-CDCBC4BDFD69-LeaderElection64: begin an election at term 20 for -1: [291b4074-36ef-4604-afea-a446d5bcf194:192.168.34.6:34859, e47f3d18-6550-4f27-a4cc-ce34c6c87b58:192.168.34.6:35257, 58c4827f-663e-41e6-a95a-5c02fdca8528:192.168.34.6:39496], old=null
2019-10-18 05:47:56,242 [291b4074-36ef-4604-afea-a446d5bcf194@group-397DB682EABB-LeaderElection65] INFO  impl.LeaderElection (LeaderElection.java:askForVotes(178)) - 291b4074-36ef-4604-afea-a446d5bcf194@group-397DB682EABB-LeaderElection65: begin an election at term 50 for 0: [291b4074-36ef-4604-afea-a446d5bcf194:192.168.34.6:34859, e47f3d18-6550-4f27-a4cc-ce34c6c87b58:192.168.34.6:35257, 58c4827f-663e-41e6-a95a-5c02fdca8528:192.168.34.6:39496], old=null
2019-10-18 05:47:56,244 [grpc-default-executor-4] INFO  impl.RaftServerImpl (RaftServerImpl.java:setRole(184)) - 291b4074-36ef-4604-afea-a446d5bcf194@group-CDCBC4BDFD69: changes role from  FOLLOWER to FOLLOWER at term 20 for recognizeCandidate:e47f3d18-6550-4f27-a4cc-ce34c6c87b58
2019-10-18 05:47:56,244 [grpc-default-executor-6] INFO  impl.RaftServerImpl (RaftServerImpl.java:setRole(184)) - e47f3d18-6550-4f27-a4cc-ce34c6c87b58@group-397DB682EABB: changes role from  FOLLOWER to FOLLOWER at term 50 for recognizeCandidate:291b4074-36ef-4604-afea-a446d5bcf194
2019-10-18 05:47:56,244 [grpc-default-executor-4] INFO  impl.RoleInfo (RoleInfo.java:shutdownFollowerState(121)) - 291b4074-36ef-4604-afea-a446d5bcf194: shutdown FollowerState
2019-10-18 05:47:56,244 [grpc-default-executor-6] INFO  impl.RoleInfo (RoleInfo.java:shutdownFollowerState(121)) - e47f3d18-6550-4f27-a4cc-ce34c6c87b58: shutdown FollowerState
2019-10-18 05:47:56,245 [Thread-1001] INFO  impl.FollowerState (FollowerState.java:run(117)) - 291b4074-36ef-4604-afea-a446d5bcf194@group-CDCBC4BDFD69-FollowerState was interrupted: java.lang.InterruptedException: sleep interrupted
2019-10-18 05:47:56,245 [Thread-1006] INFO  impl.FollowerState (FollowerState.java:run(117)) - e47f3d18-6550-4f27-a4cc-ce34c6c87b58@group-397DB682EABB-FollowerState was interrupted: java.lang.InterruptedException: sleep interrupted
2019-10-18 05:47:56,245 [grpc-default-executor-4] INFO  impl.RoleInfo (RoleInfo.java:updateAndGet(143)) - 291b4074-36ef-4604-afea-a446d5bcf194: start FollowerState
2019-10-18 05:47:56,245 [grpc-default-executor-5] INFO  impl.RaftServerImpl (RaftServerImpl.java:setRole(184)) - 58c4827f-663e-41e6-a95a-5c02fdca8528@group-CDCBC4BDFD69: changes role from  FOLLOWER to FOLLOWER at term 20 for recognizeCandidate:e47f3d18-6550-4f27-a4cc-ce34c6c87b58
2019-10-18 05:47:56,245 [grpc-default-executor-6] INFO  impl.RoleInfo (RoleInfo.java:updateAndGet(143)) - e47f3d18-6550-4f27-a4cc-ce34c6c87b58: start FollowerState
2019-10-18 05:47:56,245 [grpc-default-executor-5] INFO  impl.RoleInfo (RoleInfo.java:shutdownFollowerState(121)) - 58c4827f-663e-41e6-a95a-5c02fdca8528: shutdown FollowerState
2019-10-18 05:47:56,245 [grpc-default-executor-0] INFO  impl.RaftServerImpl (RaftServerImpl.java:setRole(184)) - 58c4827f-663e-41e6-a95a-5c02fdca8528@group-397DB682EABB: changes role from  FOLLOWER to FOLLOWER at term 50 for recognizeCandidate:291b4074-36ef-4604-afea-a446d5bcf194
2019-10-18 05:47:56,245 [Thread-1002] INFO  impl.FollowerState (FollowerState.java:run(117)) - 58c4827f-663e-41e6-a95a-5c02fdca8528@group-CDCBC4BDFD69-FollowerState was interrupted: java.lang.InterruptedException: sleep interrupted
2019-10-18 05:47:56,245 [grpc-default-executor-5] INFO  impl.RoleInfo (RoleInfo.java:updateAndGet(143)) - 58c4827f-663e-41e6-a95a-5c02fdca8528: start FollowerState
2019-10-18 05:47:56,245 [grpc-default-executor-0] INFO  impl.RoleInfo (RoleInfo.java:shutdownFollowerState(121)) - 58c4827f-663e-41e6-a95a-5c02fdca8528: shutdown FollowerState
2019-10-18 05:47:56,246 [grpc-default-executor-0] INFO  impl.RoleInfo (RoleInfo.java:updateAndGet(143)) - 58c4827f-663e-41e6-a95a-5c02fdca8528: start FollowerState
2019-10-18 05:47:56,246 [Thread-1005] INFO  impl.FollowerState (FollowerState.java:run(117)) - 58c4827f-663e-41e6-a95a-5c02fdca8528@group-397DB682EABB-FollowerState was interrupted: java.lang.InterruptedException: sleep interrupted
2019-10-18 05:47:56,285 [e47f3d18-6550-4f27-a4cc-ce34c6c87b58@group-CDCBC4BDFD69-LeaderElection64] INFO  impl.LeaderElection (LeaderElection.java:logAndReturn(56)) - e47f3d18-6550-4f27-a4cc-ce34c6c87b58@group-CDCBC4BDFD69-LeaderElection64: Election REJECTED; received 2 response(s) [e47f3d18-6550-4f27-a4cc-ce34c6c87b58<-291b4074-36ef-4604-afea-a446d5bcf194#0:FAIL-t20, e47f3d18-6550-4f27-a4cc-ce34c6c87b58<-58c4827f-663e-41e6-a95a-5c02fdca8528#0:FAIL-t20] and 0 exception(s); e47f3d18-6550-4f27-a4cc-ce34c6c87b58@group-CDCBC4BDFD69:t20, leader=null, voted=e47f3d18-6550-4f27-a4cc-ce34c6c87b58, raftlog=e47f3d18-6550-4f27-a4cc-ce34c6c87b58@group-CDCBC4BDFD69-SegmentedRaftLog:OPENED:c-1,f-1,i0, conf=-1: [291b4074-36ef-4604-afea-a446d5bcf194:192.168.34.6:34859, e47f3d18-6550-4f27-a4cc-ce34c6c87b58:192.168.34.6:35257, 58c4827f-663e-41e6-a95a-5c02fdca8528:192.168.34.6:39496], old=null
2019-10-18 05:47:56,286 [e47f3d18-6550-4f27-a4cc-ce34c6c87b58@group-CDCBC4BDFD69-LeaderElection64] INFO  impl.RaftServerImpl (RaftServerImpl.java:setRole(184)) - e47f3d18-6550-4f27-a4cc-ce34c6c87b58@group-CDCBC4BDFD69: changes role from CANDIDATE to FOLLOWER at term 20 for DISCOVERED_A_NEW_TERM
2019-10-18 05:47:56,286 [291b4074-36ef-4604-afea-a446d5bcf194@group-397DB682EABB-LeaderElection65] INFO  impl.LeaderElection (LeaderElection.java:logAndReturn(56)) - 291b4074-36ef-4604-afea-a446d5bcf194@group-397DB682EABB-LeaderElection65: Election REJECTED; received 2 response(s) [291b4074-36ef-4604-afea-a446d5bcf194<-e47f3d18-6550-4f27-a4cc-ce34c6c87b58#0:FAIL-t50, 291b4074-36ef-4604-afea-a446d5bcf194<-58c4827f-663e-41e6-a95a-5c02fdca8528#0:FAIL-t50] and 0 exception(s); 291b4074-36ef-4604-afea-a446d5bcf194@group-397DB682EABB:t50, leader=null, voted=291b4074-36ef-4604-afea-a446d5bcf194, raftlog=291b4074-36ef-4604-afea-a446d5bcf194@group-397DB682EABB-SegmentedRaftLog:OPENED:c3,f4,i4, conf=0: [291b4074-36ef-4604-afea-a446d5bcf194:192.168.34.6:34859, e47f3d18-6550-4f27-a4cc-ce34c6c87b58:192.168.34.6:35257, 58c4827f-663e-41e6-a95a-5c02fdca8528:192.168.34.6:39496], old=null
2019-10-18 05:47:56,286 [e47f3d18-6550-4f27-a4cc-ce34c6c87b58@group-CDCBC4BDFD69-LeaderElection64] INFO  impl.RoleInfo (RoleInfo.java:shutdownLeaderElection(134)) - e47f3d18-6550-4f27-a4cc-ce34c6c87b58: shutdown LeaderElection
2019-10-18 05:47:56,286 [291b4074-36ef-4604-afea-a446d5bcf194@group-397DB682EABB-LeaderElection65] INFO  impl.RaftServerImpl (RaftServerImpl.java:setRole(184)) - 291b4074-36ef-4604-afea-a446d5bcf194@group-397DB682EABB: changes role from CANDIDATE to FOLLOWER at term 50 for DISCOVERED_A_NEW_TERM
2019-10-18 05:47:56,286 [291b4074-36ef-4604-afea-a446d5bcf194@group-397DB682EABB-LeaderElection65] INFO  impl.RoleInfo (RoleInfo.java:shutdownLeaderElection(134)) - 291b4074-36ef-4604-afea-a446d5bcf194: shutdown LeaderElection
2019-10-18 05:47:56,286 [e47f3d18-6550-4f27-a4cc-ce34c6c87b58@group-CDCBC4BDFD69-LeaderElection64] INFO  impl.RoleInfo (RoleInfo.java:updateAndGet(143)) - e47f3d18-6550-4f27-a4cc-ce34c6c87b58: start FollowerState
2019-10-18 05:47:56,286 [291b4074-36ef-4604-afea-a446d5bcf194@group-397DB682EABB-LeaderElection65] INFO  impl.RoleInfo (RoleInfo.java:updateAndGet(143)) - 291b4074-36ef-4604-afea-a446d5bcf194: start FollowerState
2019-10-18 05:47:56,391 [Thread-1016] INFO  impl.FollowerState (FollowerState.java:run(108)) - 291b4074-36ef-4604-afea-a446d5bcf194@group-397DB682EABB-FollowerState: change to CANDIDATE, lastRpcTime:104ms, electionTimeout:104ms
2019-10-18 05:47:56,391 [Thread-1016] INFO  impl.RoleInfo (RoleInfo.java:shutdownFollowerState(121)) - 291b4074-36ef-4604-afea-a446d5bcf194: shutdown FollowerState
2019-10-18 05:47:56,391 [Thread-1016] INFO  impl.RaftServerImpl (RaftServerImpl.java:setRole(184)) - 291b4074-36ef-4604-afea-a446d5bcf194@group-397DB682EABB: changes role from  FOLLOWER to CANDIDATE at term 50 for changeToCandidate
2019-10-18 05:47:56,391 [Thread-1016] INFO  impl.RoleInfo (RoleInfo.java:updateAndGet(143)) - 291b4074-36ef-4604-afea-a446d5bcf194: start LeaderElection
2019-10-18 05:47:56,403 [Thread-1015] INFO  impl.FollowerState (FollowerState.java:run(108)) - e47f3d18-6550-4f27-a4cc-ce34c6c87b58@group-CDCBC4BDFD69-FollowerState: change to CANDIDATE, lastRpcTime:117ms, electionTimeout:117ms
2019-10-18 05:47:56,404 [Thread-1015] INFO  impl.RoleInfo (RoleInfo.java:shutdownFollowerState(121)) - e47f3d18-6550-4f27-a4cc-ce34c6c87b58: shutdown FollowerState
2019-10-18 05:47:56,404 [Thread-1015] INFO  impl.RaftServerImpl (RaftServerImpl.java:setRole(184)) - e47f3d18-6550-4f27-a4cc-ce34c6c87b58@group-CDCBC4BDFD69: changes role from  FOLLOWER to CANDIDATE at term 20 for changeToCandidate
2019-10-18 05:47:56,404 [Thread-1015] INFO  impl.RoleInfo (RoleInfo.java:updateAndGet(143)) - e47f3d18-6550-4f27-a4cc-ce34c6c87b58: start LeaderElection
2019-10-18 05:47:56,418 [291b4074-36ef-4604-afea-a446d5bcf194@group-397DB682EABB-LeaderElection66] INFO  impl.LeaderElection (LeaderElection.java:askForVotes(178)) - 291b4074-36ef-4604-afea-a446d5bcf194@group-397DB682EABB-LeaderElection66: begin an election at term 51 for 0: [291b4074-36ef-4604-afea-a446d5bcf194:192.168.34.6:34859, e47f3d18-6550-4f27-a4cc-ce34c6c87b58:192.168.34.6:35257, 58c4827f-663e-41e6-a95a-5c02fdca8528:192.168.34.6:39496], old=null
2019-10-18 05:47:56,420 [grpc-default-executor-5] INFO  impl.RaftServerImpl (RaftServerImpl.java:setRole(184)) - 58c4827f-663e-41e6-a95a-5c02fdca8528@group-397DB682EABB: changes role from  FOLLOWER to FOLLOWER at term 51 for recognizeCandidate:291b4074-36ef-4604-afea-a446d5bcf194
2019-10-18 05:47:56,420 [grpc-default-executor-4] INFO  impl.RaftServerImpl (RaftServerImpl.java:setRole(184)) - e47f3d18-6550-4f27-a4cc-ce34c6c87b58@group-397DB682EABB: changes role from  FOLLOWER to FOLLOWER at term 51 for recognizeCandidate:291b4074-36ef-4604-afea-a446d5bcf194
2019-10-18 05:47:56,421 [grpc-default-executor-5] INFO  impl.RoleInfo (RoleInfo.java:shutdownFollowerState(121)) - 58c4827f-663e-41e6-a95a-5c02fdca8528: shutdown FollowerState
2019-10-18 05:47:56,421 [grpc-default-executor-4] INFO  impl.RoleInfo (RoleInfo.java:shutdownFollowerState(121)) - e47f3d18-6550-4f27-a4cc-ce34c6c87b58: shutdown FollowerState
2019-10-18 05:47:56,421 [Thread-1014] INFO  impl.FollowerState (FollowerState.java:run(117)) - 58c4827f-663e-41e6-a95a-5c02fdca8528@group-397DB682EABB-FollowerState was interrupted: java.lang.InterruptedException: sleep interrupted
2019-10-18 05:47:56,421 [grpc-default-executor-5] INFO  impl.RoleInfo (RoleInfo.java:updateAndGet(143)) - 58c4827f-663e-41e6-a95a-5c02fdca8528: start FollowerState
2019-10-18 05:47:56,421 [grpc-default-executor-4] INFO  impl.RoleInfo (RoleInfo.java:updateAndGet(143)) - e47f3d18-6550-4f27-a4cc-ce34c6c87b58: start FollowerState
2019-10-18 05:47:56,421 [Thread-1012] INFO  impl.FollowerState (FollowerState.java:run(117)) - e47f3d18-6550-4f27-a4cc-ce34c6c87b58@group-397DB682EABB-FollowerState was interrupted: java.lang.InterruptedException: sleep interrupted
2019-10-18 05:47:56,435 [e47f3d18-6550-4f27-a4cc-ce34c6c87b58@group-CDCBC4BDFD69-LeaderElection67] INFO  impl.LeaderElection (LeaderElection.java:askForVotes(178)) - e47f3d18-6550-4f27-a4cc-ce34c6c87b58@group-CDCBC4BDFD69-LeaderElection67: begin an election at term 21 for -1: [291b4074-36ef-4604-afea-a446d5bcf194:192.168.34.6:34859, e47f3d18-6550-4f27-a4cc-ce34c6c87b58:192.168.34.6:35257, 58c4827f-663e-41e6-a95a-5c02fdca8528:192.168.34.6:39496], old=null
2019-10-18 05:47:56,437 [grpc-default-executor-0] INFO  impl.RaftServerImpl (RaftServerImpl.java:setRole(184)) - 58c4827f-663e-41e6-a95a-5c02fdca8528@group-CDCBC4BDFD69: changes role from  FOLLOWER to FOLLOWER at term 21 for recognizeCandidate:e47f3d18-6550-4f27-a4cc-ce34c6c87b58
2019-10-18 05:47:56,437 [grpc-default-executor-6] INFO  impl.RaftServerImpl (RaftServerImpl.java:setRole(184)) - 291b4074-36ef-4604-afea-a446d5bcf194@group-CDCBC4BDFD69: changes role from  FOLLOWER to FOLLOWER at term 21 for recognizeCandidate:e47f3d18-6550-4f27-a4cc-ce34c6c87b58
2019-10-18 05:47:56,437 [grpc-default-executor-0] INFO  impl.RoleInfo (RoleInfo.java:shutdownFollowerState(121)) - 58c4827f-663e-41e6-a95a-5c02fdca8528: shutdown FollowerState
2019-10-18 05:47:56,437 [grpc-default-executor-6] INFO  impl.RoleInfo (RoleInfo.java:shutdownFollowerState(121)) - 291b4074-36ef-4604-afea-a446d5bcf194: shutdown FollowerState
2019-10-18 05:47:56,438 [grpc-default-executor-0] INFO  impl.RoleInfo (RoleInfo.java:updateAndGet(143)) - 58c4827f-663e-41e6-a95a-5c02fdca8528: start FollowerState
2019-10-18 05:47:56,438 [Thread-1011] INFO  impl.FollowerState (FollowerState.java:run(117)) - 291b4074-36ef-4604-afea-a446d5bcf194@group-CDCBC4BDFD69-FollowerState was interrupted: java.lang.InterruptedException: sleep interrupted
2019-10-18 05:47:56,438 [grpc-default-executor-6] INFO  impl.RoleInfo (RoleInfo.java:updateAndGet(143)) - 291b4074-36ef-4604-afea-a446d5bcf194: start FollowerState
2019-10-18 05:47:56,438 [Thread-1013] INFO  impl.FollowerState (FollowerState.java:run(117)) - 58c4827f-663e-41e6-a95a-5c02fdca8528@group-CDCBC4BDFD69-FollowerState was interrupted: java.lang.InterruptedException: sleep interrupted
2019-10-18 05:47:56,453 [291b4074-36ef-4604-afea-a446d5bcf194@group-397DB682EABB-LeaderElection66] INFO  impl.LeaderElection (LeaderElection.java:logAndReturn(56)) - 291b4074-36ef-4604-afea-a446d5bcf194@group-397DB682EABB-LeaderElection66: Election REJECTED; received 2 response(s) [291b4074-36ef-4604-afea-a446d5bcf194<-e47f3d18-6550-4f27-a4cc-ce34c6c87b58#0:FAIL-t51, 291b4074-36ef-4604-afea-a446d5bcf194<-58c4827f-663e-41e6-a95a-5c02fdca8528#0:FAIL-t51] and 0 exception(s); 291b4074-36ef-4604-afea-a446d5bcf194@group-397DB682EABB:t51, leader=null, voted=291b4074-36ef-4604-afea-a446d5bcf194, raftlog=291b4074-36ef-4604-afea-a446d5bcf194@group-397DB682EABB-SegmentedRaftLog:OPENED:c3,f4,i4, conf=0: [291b4074-36ef-4604-afea-a446d5bcf194:192.168.34.6:34859, e47f3d18-6550-4f27-a4cc-ce34c6c87b58:192.168.34.6:35257, 58c4827f-663e-41e6-a95a-5c02fdca8528:192.168.34.6:39496], old=null
2019-10-18 05:47:56,454 [291b4074-36ef-4604-afea-a446d5bcf194@group-397DB682EABB-LeaderElection66] INFO  impl.RaftServerImpl (RaftServerImpl.java:setRole(184)) - 291b4074-36ef-4604-afea-a446d5bcf194@group-397DB682EABB: changes role from CANDIDATE to FOLLOWER at term 51 for DISCOVERED_A_NEW_TERM
2019-10-18 05:47:56,454 [291b4074-36ef-4604-afea-a446d5bcf194@group-397DB682EABB-LeaderElection66] INFO  impl.RoleInfo (RoleInfo.java:shutdownLeaderElection(134)) - 291b4074-36ef-4604-afea-a446d5bcf194: shutdown LeaderElection
2019-10-18 05:47:56,454 [291b4074-36ef-4604-afea-a446d5bcf194@group-397DB682EABB-LeaderElection66] INFO  impl.RoleInfo (RoleInfo.java:updateAndGet(143)) - 291b4074-36ef-4604-afea-a446d5bcf194: start FollowerState
2019-10-18 05:47:56,471 [e47f3d18-6550-4f27-a4cc-ce34c6c87b58@group-CDCBC4BDFD69-LeaderElection67] INFO  impl.LeaderElection (LeaderElection.java:logAndReturn(56)) - e47f3d18-6550-4f27-a4cc-ce34c6c87b58@group-CDCBC4BDFD69-LeaderElection67: Election REJECTED; received 2 response(s) [e47f3d18-6550-4f27-a4cc-ce34c6c87b58<-291b4074-36ef-4604-afea-a446d5bcf194#0:FAIL-t21, e47f3d18-6550-4f27-a4cc-ce34c6c87b58<-58c4827f-663e-41e6-a95a-5c02fdca8528#0:FAIL-t21] and 0 exception(s); e47f3d18-6550-4f27-a4cc-ce34c6c87b58@group-CDCBC4BDFD69:t21, leader=null, voted=e47f3d18-6550-4f27-a4cc-ce34c6c87b58, raftlog=e47f3d18-6550-4f27-a4cc-ce34c6c87b58@group-CDCBC4BDFD69-SegmentedRaftLog:OPENED:c-1,f-1,i0, conf=-1: [291b4074-36ef-4604-afea-a446d5bcf194:192.168.34.6:34859, e47f3d18-6550-4f27-a4cc-ce34c6c87b58:192.168.34.6:35257, 58c4827f-663e-41e6-a95a-5c02fdca8528:192.168.34.6:39496], old=null
2019-10-18 05:47:56,471 [e47f3d18-6550-4f27-a4cc-ce34c6c87b58@group-CDCBC4BDFD69-LeaderElection67] INFO  impl.RaftServerImpl (RaftServerImpl.java:setRole(184)) - e47f3d18-6550-4f27-a4cc-ce34c6c87b58@group-CDCBC4BDFD69: changes role from CANDIDATE to FOLLOWER at term 21 for DISCOVERED_A_NEW_TERM
2019-10-18 05:47:56,472 [e47f3d18-6550-4f27-a4cc-ce34c6c87b58@group-CDCBC4BDFD69-LeaderElection67] INFO  impl.RoleInfo (RoleInfo.java:shutdownLeaderElection(134)) - e47f3d18-6550-4f27-a4cc-ce34c6c87b58: shutdown LeaderElection
2019-10-18 05:47:56,472 [e47f3d18-6550-4f27-a4cc-ce34c6c87b58@group-CDCBC4BDFD69-LeaderElection67] INFO  impl.RoleInfo (RoleInfo.java:updateAndGet(143)) - e47f3d18-6550-4f27-a4cc-ce34c6c87b58: start FollowerState
2019-10-18 05:47:56,496 [Thread-1028] INFO  impl.FollowerState (FollowerState.java:run(108)) - e47f3d18-6550-4f27-a4cc-ce34c6c87b58@group-CDCBC4BDFD69-FollowerState: change to CANDIDATE, lastRpcTime:24ms, electionTimeout:24ms
2019-10-18 05:47:56,497 [Thread-1028] INFO  impl.RoleInfo (RoleInfo.java:shutdownFollowerState(121)) - e47f3d18-6550-4f27-a4cc-ce34c6c87b58: shutdown FollowerState
2019-10-18 05:47:56,497 [Thread-1028] INFO  impl.RaftServerImpl (RaftServerImpl.java:setRole(184)) - e47f3d18-6550-4f27-a4cc-ce34c6c87b58@group-CDCBC4BDFD69: changes role from  FOLLOWER to CANDIDATE at term 21 for changeToCandidate
2019-10-18 05:47:56,497 [Thread-1028] INFO  impl.RoleInfo (RoleInfo.java:updateAndGet(143)) - e47f3d18-6550-4f27-a4cc-ce34c6c87b58: start LeaderElection
2019-10-18 05:47:56,520 [e47f3d18-6550-4f27-a4cc-ce34c6c87b58@group-CDCBC4BDFD69-LeaderElection68] INFO  impl.LeaderElection (LeaderElection.java:askForVotes(178)) - e47f3d18-6550-4f27-a4cc-ce34c6c87b58@group-CDCBC4BDFD69-LeaderElection68: begin an election at term 22 for -1: [291b4074-36ef-4604-afea-a446d5bcf194:192.168.34.6:34859, e47f3d18-6550-4f27-a4cc-ce34c6c87b58:192.168.34.6:35257, 58c4827f-663e-41e6-a95a-5c02fdca8528:192.168.34.6:39496], old=null
2019-10-18 05:47:56,522 [grpc-default-executor-6] INFO  impl.RaftServerImpl (RaftServerImpl.java:setRole(184)) - 291b4074-36ef-4604-afea-a446d5bcf194@group-CDCBC4BDFD69: changes role from  FOLLOWER to FOLLOWER at term 22 for recognizeCandidate:e47f3d18-6550-4f27-a4cc-ce34c6c87b58
2019-10-18 05:47:56,522 [grpc-default-executor-0] INFO  impl.RaftServerImpl (RaftServerImpl.java:setRole(184)) - 58c4827f-663e-41e6-a95a-5c02fdca8528@group-CDCBC4BDFD69: changes role from  FOLLOWER to FOLLOWER at term 22 for recognizeCandidate:e47f3d18-6550-4f27-a4cc-ce34c6c87b58
2019-10-18 05:47:56,523 [grpc-default-executor-6] INFO  impl.RoleInfo (RoleInfo.java:shutdownFollowerState(121)) - 291b4074-36ef-4604-afea-a446d5bcf194: shutdown FollowerState
2019-10-18 05:47:56,523 [grpc-default-executor-0] INFO  impl.RoleInfo (RoleInfo.java:shutdownFollowerState(121)) - 58c4827f-663e-41e6-a95a-5c02fdca8528: shutdown FollowerState
2019-10-18 05:47:56,523 [Thread-1026] INFO  impl.FollowerState (FollowerState.java:run(117)) - 291b4074-36ef-4604-afea-a446d5bcf194@group-CDCBC4BDFD69-FollowerState was interrupted: java.lang.InterruptedException: sleep interrupted
2019-10-18 05:47:56,523 [grpc-default-executor-6] INFO  impl.RoleInfo (RoleInfo.java:updateAndGet(143)) - 291b4074-36ef-4604-afea-a446d5bcf194: start FollowerState
2019-10-18 05:47:56,524 [Thread-1025] INFO  impl.FollowerState (FollowerState.java:run(117)) - 58c4827f-663e-41e6-a95a-5c02fdca8528@group-CDCBC4BDFD69-FollowerState was interrupted: java.lang.InterruptedException: sleep interrupted
2019-10-18 05:47:56,523 [grpc-default-executor-0] INFO  impl.RoleInfo (RoleInfo.java:updateAndGet(143)) - 58c4827f-663e-41e6-a95a-5c02fdca8528: start FollowerState
2019-10-18 05:47:56,555 [e47f3d18-6550-4f27-a4cc-ce34c6c87b58@group-CDCBC4BDFD69-LeaderElection68] INFO  impl.LeaderElection (LeaderElection.java:logAndReturn(56)) - e47f3d18-6550-4f27-a4cc-ce34c6c87b58@group-CDCBC4BDFD69-LeaderElection68: Election REJECTED; received 2 response(s) [e47f3d18-6550-4f27-a4cc-ce34c6c87b58<-291b4074-36ef-4604-afea-a446d5bcf194#0:FAIL-t22, e47f3d18-6550-4f27-a4cc-ce34c6c87b58<-58c4827f-663e-41e6-a95a-5c02fdca8528#0:FAIL-t22] and 0 exception(s); e47f3d18-6550-4f27-a4cc-ce34c6c87b58@group-CDCBC4BDFD69:t22, leader=null, voted=e47f3d18-6550-4f27-a4cc-ce34c6c87b58, raftlog=e47f3d18-6550-4f27-a4cc-ce34c6c87b58@group-CDCBC4BDFD69-SegmentedRaftLog:OPENED:c-1,f-1,i0, conf=-1: [291b4074-36ef-4604-afea-a446d5bcf194:192.168.34.6:34859, e47f3d18-6550-4f27-a4cc-ce34c6c87b58:192.168.34.6:35257, 58c4827f-663e-41e6-a95a-5c02fdca8528:192.168.34.6:39496], old=null
2019-10-18 05:47:56,555 [e47f3d18-6550-4f27-a4cc-ce34c6c87b58@group-CDCBC4BDFD69-LeaderElection68] INFO  impl.RaftServerImpl (RaftServerImpl.java:setRole(184)) - e47f3d18-6550-4f27-a4cc-ce34c6c87b58@group-CDCBC4BDFD69: changes role from CANDIDATE to FOLLOWER at term 22 for DISCOVERED_A_NEW_TERM
2019-10-18 05:47:56,555 [e47f3d18-6550-4f27-a4cc-ce34c6c87b58@group-CDCBC4BDFD69-LeaderElection68] INFO  impl.RoleInfo (RoleInfo.java:shutdownLeaderElection(134)) - e47f3d18-6550-4f27-a4cc-ce34c6c87b58: shutdown LeaderElection
2019-10-18 05:47:56,555 [e47f3d18-6550-4f27-a4cc-ce34c6c87b58@group-CDCBC4BDFD69-LeaderElection68] INFO  impl.RoleInfo (RoleInfo.java:updateAndGet(143)) - e47f3d18-6550-4f27-a4cc-ce34c6c87b58: start FollowerState
2019-10-18 05:47:56,633 [Thread-1027] INFO  impl.FollowerState (FollowerState.java:run(108)) - 291b4074-36ef-4604-afea-a446d5bcf194@group-397DB682EABB-FollowerState: change to CANDIDATE, lastRpcTime:179ms, electionTimeout:179ms
2019-10-18 05:47:56,633 [Thread-1027] INFO  impl.RoleInfo (RoleInfo.java:shutdownFollowerState(121)) - 291b4074-36ef-4604-afea-a446d5bcf194: shutdown FollowerState
2019-10-18 05:47:56,633 [Thread-1027] INFO  impl.RaftServerImpl (RaftServerImpl.java:setRole(184)) - 291b4074-36ef-4604-afea-a446d5bcf194@group-397DB682EABB: changes role from  FOLLOWER to CANDIDATE at term 51 for changeToCandidate
2019-10-18 05:47:56,634 [Thread-1027] INFO  impl.RoleInfo (RoleInfo.java:updateAndGet(143)) - 291b4074-36ef-4604-afea-a446d5bcf194: start LeaderElection
2019-10-18 05:47:56,639 [Command processor thread] INFO  commandhandler.DeleteBlocksCommandHandler (DeleteBlocksCommandHandler.java:handle(106)) - Start to delete container blocks, TXIDs=[1(73)], numOfContainers=1, numOfBlocks=1
2019-10-18 05:47:56,643 [Thread-1035] INFO  impl.FollowerState (FollowerState.java:run(108)) - e47f3d18-6550-4f27-a4cc-ce34c6c87b58@group-CDCBC4BDFD69-FollowerState: change to CANDIDATE, lastRpcTime:87ms, electionTimeout:87ms
2019-10-18 05:47:56,643 [Thread-1035] INFO  impl.RoleInfo (RoleInfo.java:shutdownFollowerState(121)) - e47f3d18-6550-4f27-a4cc-ce34c6c87b58: shutdown FollowerState
2019-10-18 05:47:56,643 [Thread-1035] INFO  impl.RaftServerImpl (RaftServerImpl.java:setRole(184)) - e47f3d18-6550-4f27-a4cc-ce34c6c87b58@group-CDCBC4BDFD69: changes role from  FOLLOWER to CANDIDATE at term 22 for changeToCandidate
2019-10-18 05:47:56,643 [Thread-1035] INFO  impl.RoleInfo (RoleInfo.java:updateAndGet(143)) - e47f3d18-6550-4f27-a4cc-ce34c6c87b58: start LeaderElection
2019-10-18 05:47:56,662 [e47f3d18-6550-4f27-a4cc-ce34c6c87b58@group-CDCBC4BDFD69-LeaderElection70] INFO  impl.LeaderElection (LeaderElection.java:askForVotes(178)) - e47f3d18-6550-4f27-a4cc-ce34c6c87b58@group-CDCBC4BDFD69-LeaderElection70: begin an election at term 23 for -1: [291b4074-36ef-4604-afea-a446d5bcf194:192.168.34.6:34859, e47f3d18-6550-4f27-a4cc-ce34c6c87b58:192.168.34.6:35257, 58c4827f-663e-41e6-a95a-5c02fdca8528:192.168.34.6:39496], old=null
2019-10-18 05:47:56,662 [291b4074-36ef-4604-afea-a446d5bcf194@group-397DB682EABB-LeaderElection69] INFO  impl.LeaderElection (LeaderElection.java:askForVotes(178)) - 291b4074-36ef-4604-afea-a446d5bcf194@group-397DB682EABB-LeaderElection69: begin an election at term 52 for 0: [291b4074-36ef-4604-afea-a446d5bcf194:192.168.34.6:34859, e47f3d18-6550-4f27-a4cc-ce34c6c87b58:192.168.34.6:35257, 58c4827f-663e-41e6-a95a-5c02fdca8528:192.168.34.6:39496], old=null
2019-10-18 05:47:56,665 [grpc-default-executor-6] INFO  impl.RaftServerImpl (RaftServerImpl.java:setRole(184)) - 58c4827f-663e-41e6-a95a-5c02fdca8528@group-397DB682EABB: changes role from  FOLLOWER to FOLLOWER at term 52 for recognizeCandidate:291b4074-36ef-4604-afea-a446d5bcf194
2019-10-18 05:47:56,665 [grpc-default-executor-6] INFO  impl.RoleInfo (RoleInfo.java:shutdownFollowerState(121)) - 58c4827f-663e-41e6-a95a-5c02fdca8528: shutdown FollowerState
2019-10-18 05:47:56,665 [grpc-default-executor-0] INFO  impl.RaftServerImpl (RaftServerImpl.java:setRole(184)) - e47f3d18-6550-4f27-a4cc-ce34c6c87b58@group-397DB682EABB: changes role from  FOLLOWER to FOLLOWER at term 52 for recognizeCandidate:291b4074-36ef-4604-afea-a446d5bcf194
2019-10-18 05:47:56,665 [grpc-default-executor-5] INFO  impl.RaftServerImpl (RaftServerImpl.java:setRole(184)) - 291b4074-36ef-4604-afea-a446d5bcf194@group-CDCBC4BDFD69: changes role from  FOLLOWER to FOLLOWER at term 23 for recognizeCandidate:e47f3d18-6550-4f27-a4cc-ce34c6c87b58
2019-10-18 05:47:56,665 [grpc-default-executor-4] INFO  impl.RaftServerImpl (RaftServerImpl.java:setRole(184)) - 58c4827f-663e-41e6-a95a-5c02fdca8528@group-CDCBC4BDFD69: changes role from  FOLLOWER to FOLLOWER at term 23 for recognizeCandidate:e47f3d18-6550-4f27-a4cc-ce34c6c87b58
2019-10-18 05:47:56,665 [grpc-default-executor-5] INFO  impl.RoleInfo (RoleInfo.java:shutdownFollowerState(121)) - 291b4074-36ef-4604-afea-a446d5bcf194: shutdown FollowerState
2019-10-18 05:47:56,665 [grpc-default-executor-0] INFO  impl.RoleInfo (RoleInfo.java:shutdownFollowerState(121)) - e47f3d18-6550-4f27-a4cc-ce34c6c87b58: shutdown FollowerState
2019-10-18 05:47:56,665 [Thread-1021] INFO  impl.FollowerState (FollowerState.java:run(117)) - 58c4827f-663e-41e6-a95a-5c02fdca8528@group-397DB682EABB-FollowerState was interrupted: java.lang.InterruptedException: sleep interrupted
2019-10-18 05:47:56,665 [grpc-default-executor-6] INFO  impl.RoleInfo (RoleInfo.java:updateAndGet(143)) - 58c4827f-663e-41e6-a95a-5c02fdca8528: start FollowerState
2019-10-18 05:47:56,666 [grpc-default-executor-0] INFO  impl.RoleInfo (RoleInfo.java:updateAndGet(143)) - e47f3d18-6550-4f27-a4cc-ce34c6c87b58: start FollowerState
2019-10-18 05:47:56,666 [Thread-1022] INFO  impl.FollowerState (FollowerState.java:run(117)) - e47f3d18-6550-4f27-a4cc-ce34c6c87b58@group-397DB682EABB-FollowerState was interrupted: java.lang.InterruptedException: sleep interrupted
2019-10-18 05:47:56,666 [Thread-1033] INFO  impl.FollowerState (FollowerState.java:run(117)) - 291b4074-36ef-4604-afea-a446d5bcf194@group-CDCBC4BDFD69-FollowerState was interrupted: java.lang.InterruptedException: sleep interrupted
2019-10-18 05:47:56,666 [grpc-default-executor-5] INFO  impl.RoleInfo (RoleInfo.java:updateAndGet(143)) - 291b4074-36ef-4604-afea-a446d5bcf194: start FollowerState
2019-10-18 05:47:56,665 [grpc-default-executor-4] INFO  impl.RoleInfo (RoleInfo.java:shutdownFollowerState(121)) - 58c4827f-663e-41e6-a95a-5c02fdca8528: shutdown FollowerState
2019-10-18 05:47:56,666 [grpc-default-executor-4] INFO  impl.RoleInfo (RoleInfo.java:updateAndGet(143)) - 58c4827f-663e-41e6-a95a-5c02fdca8528: start FollowerState
2019-10-18 05:47:56,666 [Thread-1034] INFO  impl.FollowerState (FollowerState.java:run(117)) - 58c4827f-663e-41e6-a95a-5c02fdca8528@group-CDCBC4BDFD69-FollowerState was interrupted: java.lang.InterruptedException: sleep interrupted
2019-10-18 05:47:56,690 [291b4074-36ef-4604-afea-a446d5bcf194@group-397DB682EABB-LeaderElection69] INFO  impl.LeaderElection (LeaderElection.java:logAndReturn(56)) - 291b4074-36ef-4604-afea-a446d5bcf194@group-397DB682EABB-LeaderElection69: Election REJECTED; received 2 response(s) [291b4074-36ef-4604-afea-a446d5bcf194<-e47f3d18-6550-4f27-a4cc-ce34c6c87b58#0:FAIL-t52, 291b4074-36ef-4604-afea-a446d5bcf194<-58c4827f-663e-41e6-a95a-5c02fdca8528#0:FAIL-t52] and 0 exception(s); 291b4074-36ef-4604-afea-a446d5bcf194@group-397DB682EABB:t52, leader=null, voted=291b4074-36ef-4604-afea-a446d5bcf194, raftlog=291b4074-36ef-4604-afea-a446d5bcf194@group-397DB682EABB-SegmentedRaftLog:OPENED:c3,f4,i4, conf=0: [291b4074-36ef-4604-afea-a446d5bcf194:192.168.34.6:34859, e47f3d18-6550-4f27-a4cc-ce34c6c87b58:192.168.34.6:35257, 58c4827f-663e-41e6-a95a-5c02fdca8528:192.168.34.6:39496], old=null
2019-10-18 05:47:56,691 [291b4074-36ef-4604-afea-a446d5bcf194@group-397DB682EABB-LeaderElection69] INFO  impl.RaftServerImpl (RaftServerImpl.java:setRole(184)) - 291b4074-36ef-4604-afea-a446d5bcf194@group-397DB682EABB: changes role from CANDIDATE to FOLLOWER at term 52 for DISCOVERED_A_NEW_TERM
2019-10-18 05:47:56,691 [291b4074-36ef-4604-afea-a446d5bcf194@group-397DB682EABB-LeaderElection69] INFO  impl.RoleInfo (RoleInfo.java:shutdownLeaderElection(134)) - 291b4074-36ef-4604-afea-a446d5bcf194: shutdown LeaderElection
2019-10-18 05:47:56,691 [291b4074-36ef-4604-afea-a446d5bcf194@group-397DB682EABB-LeaderElection69] INFO  impl.RoleInfo (RoleInfo.java:updateAndGet(143)) - 291b4074-36ef-4604-afea-a446d5bcf194: start FollowerState
2019-10-18 05:47:56,691 [e47f3d18-6550-4f27-a4cc-ce34c6c87b58@group-CDCBC4BDFD69-LeaderElection70] INFO  impl.LeaderElection (LeaderElection.java:logAndReturn(56)) - e47f3d18-6550-4f27-a4cc-ce34c6c87b58@group-CDCBC4BDFD69-LeaderElection70: Election REJECTED; received 2 response(s) [e47f3d18-6550-4f27-a4cc-ce34c6c87b58<-291b4074-36ef-4604-afea-a446d5bcf194#0:FAIL-t23, e47f3d18-6550-4f27-a4cc-ce34c6c87b58<-58c4827f-663e-41e6-a95a-5c02fdca8528#0:FAIL-t23] and 0 exception(s); e47f3d18-6550-4f27-a4cc-ce34c6c87b58@group-CDCBC4BDFD69:t23, leader=null, voted=e47f3d18-6550-4f27-a4cc-ce34c6c87b58, raftlog=e47f3d18-6550-4f27-a4cc-ce34c6c87b58@group-CDCBC4BDFD69-SegmentedRaftLog:OPENED:c-1,f-1,i0, conf=-1: [291b4074-36ef-4604-afea-a446d5bcf194:192.168.34.6:34859, e47f3d18-6550-4f27-a4cc-ce34c6c87b58:192.168.34.6:35257, 58c4827f-663e-41e6-a95a-5c02fdca8528:192.168.34.6:39496], old=null
2019-10-18 05:47:56,691 [e47f3d18-6550-4f27-a4cc-ce34c6c87b58@group-CDCBC4BDFD69-LeaderElection70] INFO  impl.RaftServerImpl (RaftServerImpl.java:setRole(184)) - e47f3d18-6550-4f27-a4cc-ce34c6c87b58@group-CDCBC4BDFD69: changes role from CANDIDATE to FOLLOWER at term 23 for DISCOVERED_A_NEW_TERM
2019-10-18 05:47:56,691 [e47f3d18-6550-4f27-a4cc-ce34c6c87b58@group-CDCBC4BDFD69-LeaderElection70] INFO  impl.RoleInfo (RoleInfo.java:shutdownLeaderElection(134)) - e47f3d18-6550-4f27-a4cc-ce34c6c87b58: shutdown LeaderElection
2019-10-18 05:47:56,691 [e47f3d18-6550-4f27-a4cc-ce34c6c87b58@group-CDCBC4BDFD69-LeaderElection70] INFO  impl.RoleInfo (RoleInfo.java:updateAndGet(143)) - e47f3d18-6550-4f27-a4cc-ce34c6c87b58: start FollowerState
2019-10-18 05:47:56,787 [Thread-1046] INFO  impl.FollowerState (FollowerState.java:run(108)) - 291b4074-36ef-4604-afea-a446d5bcf194@group-397DB682EABB-FollowerState: change to CANDIDATE, lastRpcTime:95ms, electionTimeout:95ms
2019-10-18 05:47:56,787 [Thread-1046] INFO  impl.RoleInfo (RoleInfo.java:shutdownFollowerState(121)) - 291b4074-36ef-4604-afea-a446d5bcf194: shutdown FollowerState
2019-10-18 05:47:56,787 [Thread-1046] INFO  impl.RaftServerImpl (RaftServerImpl.java:setRole(184)) - 291b4074-36ef-4604-afea-a446d5bcf194@group-397DB682EABB: changes role from  FOLLOWER to CANDIDATE at term 52 for changeToCandidate
2019-10-18 05:47:56,787 [Thread-1046] INFO  impl.RoleInfo (RoleInfo.java:updateAndGet(143)) - 291b4074-36ef-4604-afea-a446d5bcf194: start LeaderElection
2019-10-18 05:47:56,823 [291b4074-36ef-4604-afea-a446d5bcf194@group-397DB682EABB-LeaderElection71] INFO  impl.LeaderElection (LeaderElection.java:askForVotes(178)) - 291b4074-36ef-4604-afea-a446d5bcf194@group-397DB682EABB-LeaderElection71: begin an election at term 53 for 0: [291b4074-36ef-4604-afea-a446d5bcf194:192.168.34.6:34859, e47f3d18-6550-4f27-a4cc-ce34c6c87b58:192.168.34.6:35257, 58c4827f-663e-41e6-a95a-5c02fdca8528:192.168.34.6:39496], old=null
2019-10-18 05:47:56,825 [grpc-default-executor-5] INFO  impl.RaftServerImpl (RaftServerImpl.java:setRole(184)) - e47f3d18-6550-4f27-a4cc-ce34c6c87b58@group-397DB682EABB: changes role from  FOLLOWER to FOLLOWER at term 53 for recognizeCandidate:291b4074-36ef-4604-afea-a446d5bcf194
2019-10-18 05:47:56,825 [grpc-default-executor-4] INFO  impl.RaftServerImpl (RaftServerImpl.java:setRole(184)) - 58c4827f-663e-41e6-a95a-5c02fdca8528@group-397DB682EABB: changes role from  FOLLOWER to FOLLOWER at term 53 for recognizeCandidate:291b4074-36ef-4604-afea-a446d5bcf194
2019-10-18 05:47:56,825 [grpc-default-executor-5] INFO  impl.RoleInfo (RoleInfo.java:shutdownFollowerState(121)) - e47f3d18-6550-4f27-a4cc-ce34c6c87b58: shutdown FollowerState
2019-10-18 05:47:56,826 [grpc-default-executor-4] INFO  impl.RoleInfo (RoleInfo.java:shutdownFollowerState(121)) - 58c4827f-663e-41e6-a95a-5c02fdca8528: shutdown FollowerState
2019-10-18 05:47:56,826 [grpc-default-executor-5] INFO  impl.RoleInfo (RoleInfo.java:updateAndGet(143)) - e47f3d18-6550-4f27-a4cc-ce34c6c87b58: start FollowerState
2019-10-18 05:47:56,826 [Thread-1044] INFO  impl.FollowerState (FollowerState.java:run(117)) - e47f3d18-6550-4f27-a4cc-ce34c6c87b58@group-397DB682EABB-FollowerState was interrupted: java.lang.InterruptedException: sleep interrupted
2019-10-18 05:47:56,826 [grpc-default-executor-4] INFO  impl.RoleInfo (RoleInfo.java:updateAndGet(143)) - 58c4827f-663e-41e6-a95a-5c02fdca8528: start FollowerState
2019-10-18 05:47:56,826 [Thread-1042] INFO  impl.FollowerState (FollowerState.java:run(117)) - 58c4827f-663e-41e6-a95a-5c02fdca8528@group-397DB682EABB-FollowerState was interrupted: java.lang.InterruptedException: sleep interrupted
2019-10-18 05:47:56,841 [EventQueue-DeleteBlockStatusForDeletedBlockLogImpl] WARN  block.DeletedBlockLogImpl (DeletedBlockLogImpl.java:commitTransactions(205)) - Transaction txId=1 commit by dnId=291b4074-36ef-4604-afea-a446d5bcf194 for containerID=#1 failed. Corresponding entry not found.
2019-10-18 05:47:56,841 [EventQueue-DeleteBlockStatusForEventWatcher$$Lambda$30/637241618] WARN  events.EventWatcher (EventWatcher.java:lambda$start$0(110)) - Completion event without active lease. Id=1571377666580
2019-10-18 05:47:56,846 [Thread-1047] INFO  impl.FollowerState (FollowerState.java:run(108)) - e47f3d18-6550-4f27-a4cc-ce34c6c87b58@group-CDCBC4BDFD69-FollowerState: change to CANDIDATE, lastRpcTime:154ms, electionTimeout:154ms
2019-10-18 05:47:56,846 [Thread-1047] INFO  impl.RoleInfo (RoleInfo.java:shutdownFollowerState(121)) - e47f3d18-6550-4f27-a4cc-ce34c6c87b58: shutdown FollowerState
2019-10-18 05:47:56,846 [Thread-1047] INFO  impl.RaftServerImpl (RaftServerImpl.java:setRole(184)) - e47f3d18-6550-4f27-a4cc-ce34c6c87b58@group-CDCBC4BDFD69: changes role from  FOLLOWER to CANDIDATE at term 23 for changeToCandidate
2019-10-18 05:47:56,846 [Thread-1047] INFO  impl.RoleInfo (RoleInfo.java:updateAndGet(143)) - e47f3d18-6550-4f27-a4cc-ce34c6c87b58: start LeaderElection
2019-10-18 05:47:56,849 [291b4074-36ef-4604-afea-a446d5bcf194@group-397DB682EABB-LeaderElection71] INFO  impl.LeaderElection (LeaderElection.java:logAndReturn(56)) - 291b4074-36ef-4604-afea-a446d5bcf194@group-397DB682EABB-LeaderElection71: Election REJECTED; received 2 response(s) [291b4074-36ef-4604-afea-a446d5bcf194<-e47f3d18-6550-4f27-a4cc-ce34c6c87b58#0:FAIL-t53, 291b4074-36ef-4604-afea-a446d5bcf194<-58c4827f-663e-41e6-a95a-5c02fdca8528#0:FAIL-t53] and 0 exception(s); 291b4074-36ef-4604-afea-a446d5bcf194@group-397DB682EABB:t53, leader=null, voted=291b4074-36ef-4604-afea-a446d5bcf194, raftlog=291b4074-36ef-4604-afea-a446d5bcf194@group-397DB682EABB-SegmentedRaftLog:OPENED:c3,f4,i4, conf=0: [291b4074-36ef-4604-afea-a446d5bcf194:192.168.34.6:34859, e47f3d18-6550-4f27-a4cc-ce34c6c87b58:192.168.34.6:35257, 58c4827f-663e-41e6-a95a-5c02fdca8528:192.168.34.6:39496], old=null
2019-10-18 05:47:56,850 [291b4074-36ef-4604-afea-a446d5bcf194@group-397DB682EABB-LeaderElection71] INFO  impl.RaftServerImpl (RaftServerImpl.java:setRole(184)) - 291b4074-36ef-4604-afea-a446d5bcf194@group-397DB682EABB: changes role from CANDIDATE to FOLLOWER at term 53 for DISCOVERED_A_NEW_TERM
2019-10-18 05:47:56,850 [291b4074-36ef-4604-afea-a446d5bcf194@group-397DB682EABB-LeaderElection71] INFO  impl.RoleInfo (RoleInfo.java:shutdownLeaderElection(134)) - 291b4074-36ef-4604-afea-a446d5bcf194: shutdown LeaderElection
2019-10-18 05:47:56,850 [291b4074-36ef-4604-afea-a446d5bcf194@group-397DB682EABB-LeaderElection71] INFO  impl.RoleInfo (RoleInfo.java:updateAndGet(143)) - 291b4074-36ef-4604-afea-a446d5bcf194: start FollowerState
2019-10-18 05:47:56,864 [Thread-1054] INFO  impl.FollowerState (FollowerState.java:run(108)) - 291b4074-36ef-4604-afea-a446d5bcf194@group-397DB682EABB-FollowerState: change to CANDIDATE, lastRpcTime:14ms, electionTimeout:14ms
2019-10-18 05:47:56,864 [Thread-1054] INFO  impl.RoleInfo (RoleInfo.java:shutdownFollowerState(121)) - 291b4074-36ef-4604-afea-a446d5bcf194: shutdown FollowerState
2019-10-18 05:47:56,864 [Thread-1054] INFO  impl.RaftServerImpl (RaftServerImpl.java:setRole(184)) - 291b4074-36ef-4604-afea-a446d5bcf194@group-397DB682EABB: changes role from  FOLLOWER to CANDIDATE at term 53 for changeToCandidate
2019-10-18 05:47:56,864 [Thread-1054] INFO  impl.RoleInfo (RoleInfo.java:updateAndGet(143)) - 291b4074-36ef-4604-afea-a446d5bcf194: start LeaderElection
2019-10-18 05:47:56,872 [Thread-1057] INFO  client.GrpcClientProtocolService (GrpcClientProtocolService.java:lambda$processClientRequest$0(278)) - Failed RaftClientRequest:client-15CC5DA066CF->291b4074-36ef-4604-afea-a446d5bcf194@group-397DB682EABB, cid=10, seq=0, Watch-ALL_COMMITTED(6), Message:<EMPTY>, reply=RaftClientReply:client-15CC5DA066CF->291b4074-36ef-4604-afea-a446d5bcf194@group-397DB682EABB, cid=10, FAILED org.apache.ratis.protocol.NotLeaderException: Server 291b4074-36ef-4604-afea-a446d5bcf194@group-397DB682EABB is not the leader, logIndex=0, commits[291b4074-36ef-4604-afea-a446d5bcf194:c3]
2019-10-18 05:47:56,874 [e47f3d18-6550-4f27-a4cc-ce34c6c87b58@group-CDCBC4BDFD69-LeaderElection72] INFO  impl.LeaderElection (LeaderElection.java:askForVotes(178)) - e47f3d18-6550-4f27-a4cc-ce34c6c87b58@group-CDCBC4BDFD69-LeaderElection72: begin an election at term 24 for -1: [291b4074-36ef-4604-afea-a446d5bcf194:192.168.34.6:34859, e47f3d18-6550-4f27-a4cc-ce34c6c87b58:192.168.34.6:35257, 58c4827f-663e-41e6-a95a-5c02fdca8528:192.168.34.6:39496], old=null
2019-10-18 05:47:56,878 [grpc-default-executor-5] INFO  impl.RaftServerImpl (RaftServerImpl.java:setRole(184)) - 291b4074-36ef-4604-afea-a446d5bcf194@group-CDCBC4BDFD69: changes role from  FOLLOWER to FOLLOWER at term 24 for recognizeCandidate:e47f3d18-6550-4f27-a4cc-ce34c6c87b58
2019-10-18 05:47:56,878 [grpc-default-executor-5] INFO  impl.RoleInfo (RoleInfo.java:shutdownFollowerState(121)) - 291b4074-36ef-4604-afea-a446d5bcf194: shutdown FollowerState
2019-10-18 05:47:56,878 [grpc-default-executor-5] INFO  impl.RoleInfo (RoleInfo.java:updateAndGet(143)) - 291b4074-36ef-4604-afea-a446d5bcf194: start FollowerState
2019-10-18 05:47:56,878 [Thread-1043] INFO  impl.FollowerState (FollowerState.java:run(117)) - 291b4074-36ef-4604-afea-a446d5bcf194@group-CDCBC4BDFD69-FollowerState was interrupted: java.lang.InterruptedException: sleep interrupted
2019-10-18 05:47:56,878 [grpc-default-executor-4] INFO  impl.RaftServerImpl (RaftServerImpl.java:setRole(184)) - 58c4827f-663e-41e6-a95a-5c02fdca8528@group-CDCBC4BDFD69: changes role from  FOLLOWER to FOLLOWER at term 24 for recognizeCandidate:e47f3d18-6550-4f27-a4cc-ce34c6c87b58
2019-10-18 05:47:56,879 [grpc-default-executor-4] INFO  impl.RoleInfo (RoleInfo.java:shutdownFollowerState(121)) - 58c4827f-663e-41e6-a95a-5c02fdca8528: shutdown FollowerState
2019-10-18 05:47:56,879 [Thread-1045] INFO  impl.FollowerState (FollowerState.java:run(117)) - 58c4827f-663e-41e6-a95a-5c02fdca8528@group-CDCBC4BDFD69-FollowerState was interrupted: java.lang.InterruptedException: sleep interrupted
2019-10-18 05:47:56,879 [grpc-default-executor-4] INFO  impl.RoleInfo (RoleInfo.java:updateAndGet(143)) - 58c4827f-663e-41e6-a95a-5c02fdca8528: start FollowerState
2019-10-18 05:47:56,891 [291b4074-36ef-4604-afea-a446d5bcf194@group-397DB682EABB-LeaderElection73] INFO  impl.LeaderElection (LeaderElection.java:askForVotes(178)) - 291b4074-36ef-4604-afea-a446d5bcf194@group-397DB682EABB-LeaderElection73: begin an election at term 54 for 0: [291b4074-36ef-4604-afea-a446d5bcf194:192.168.34.6:34859, e47f3d18-6550-4f27-a4cc-ce34c6c87b58:192.168.34.6:35257, 58c4827f-663e-41e6-a95a-5c02fdca8528:192.168.34.6:39496], old=null
2019-10-18 05:47:56,893 [grpc-default-executor-6] INFO  impl.RaftServerImpl (RaftServerImpl.java:setRole(184)) - e47f3d18-6550-4f27-a4cc-ce34c6c87b58@group-397DB682EABB: changes role from  FOLLOWER to FOLLOWER at term 54 for recognizeCandidate:291b4074-36ef-4604-afea-a446d5bcf194
2019-10-18 05:47:56,893 [grpc-default-executor-0] INFO  impl.RaftServerImpl (RaftServerImpl.java:setRole(184)) - 58c4827f-663e-41e6-a95a-5c02fdca8528@group-397DB682EABB: changes role from  FOLLOWER to FOLLOWER at term 54 for recognizeCandidate:291b4074-36ef-4604-afea-a446d5bcf194
2019-10-18 05:47:56,893 [grpc-default-executor-6] INFO  impl.RoleInfo (RoleInfo.java:shutdownFollowerState(121)) - e47f3d18-6550-4f27-a4cc-ce34c6c87b58: shutdown FollowerState
2019-10-18 05:47:56,893 [grpc-default-executor-0] INFO  impl.RoleInfo (RoleInfo.java:shutdownFollowerState(121)) - 58c4827f-663e-41e6-a95a-5c02fdca8528: shutdown FollowerState
2019-10-18 05:47:56,893 [Thread-1051] INFO  impl.FollowerState (FollowerState.java:run(117)) - e47f3d18-6550-4f27-a4cc-ce34c6c87b58@group-397DB682EABB-FollowerState was interrupted: java.lang.InterruptedException: sleep interrupted
2019-10-18 05:47:56,893 [grpc-default-executor-0] INFO  impl.RoleInfo (RoleInfo.java:updateAndGet(143)) - 58c4827f-663e-41e6-a95a-5c02fdca8528: start FollowerState
2019-10-18 05:47:56,893 [grpc-default-executor-6] INFO  impl.RoleInfo (RoleInfo.java:updateAndGet(143)) - e47f3d18-6550-4f27-a4cc-ce34c6c87b58: start FollowerState
2019-10-18 05:47:56,893 [Thread-1052] INFO  impl.FollowerState (FollowerState.java:run(117)) - 58c4827f-663e-41e6-a95a-5c02fdca8528@group-397DB682EABB-FollowerState was interrupted: java.lang.InterruptedException: sleep interrupted
2019-10-18 05:47:56,911 [e47f3d18-6550-4f27-a4cc-ce34c6c87b58@group-CDCBC4BDFD69-LeaderElection72] INFO  impl.LeaderElection (LeaderElection.java:logAndReturn(56)) - e47f3d18-6550-4f27-a4cc-ce34c6c87b58@group-CDCBC4BDFD69-LeaderElection72: Election REJECTED; received 2 response(s) [e47f3d18-6550-4f27-a4cc-ce34c6c87b58<-291b4074-36ef-4604-afea-a446d5bcf194#0:FAIL-t24, e47f3d18-6550-4f27-a4cc-ce34c6c87b58<-58c4827f-663e-41e6-a95a-5c02fdca8528#0:FAIL-t24] and 0 exception(s); e47f3d18-6550-4f27-a4cc-ce34c6c87b58@group-CDCBC4BDFD69:t24, leader=null, voted=e47f3d18-6550-4f27-a4cc-ce34c6c87b58, raftlog=e47f3d18-6550-4f27-a4cc-ce34c6c87b58@group-CDCBC4BDFD69-SegmentedRaftLog:OPENED:c-1,f-1,i0, conf=-1: [291b4074-36ef-4604-afea-a446d5bcf194:192.168.34.6:34859, e47f3d18-6550-4f27-a4cc-ce34c6c87b58:192.168.34.6:35257, 58c4827f-663e-41e6-a95a-5c02fdca8528:192.168.34.6:39496], old=null
2019-10-18 05:47:56,911 [e47f3d18-6550-4f27-a4cc-ce34c6c87b58@group-CDCBC4BDFD69-LeaderElection72] INFO  impl.RaftServerImpl (RaftServerImpl.java:setRole(184)) - e47f3d18-6550-4f27-a4cc-ce34c6c87b58@group-CDCBC4BDFD69: changes role from CANDIDATE to FOLLOWER at term 24 for DISCOVERED_A_NEW_TERM
2019-10-18 05:47:56,911 [e47f3d18-6550-4f27-a4cc-ce34c6c87b58@group-CDCBC4BDFD69-LeaderElection72] INFO  impl.RoleInfo (RoleInfo.java:shutdownLeaderElection(134)) - e47f3d18-6550-4f27-a4cc-ce34c6c87b58: shutdown LeaderElection
2019-10-18 05:47:56,911 [e47f3d18-6550-4f27-a4cc-ce34c6c87b58@group-CDCBC4BDFD69-LeaderElection72] INFO  impl.RoleInfo (RoleInfo.java:updateAndGet(143)) - e47f3d18-6550-4f27-a4cc-ce34c6c87b58: start FollowerState
2019-10-18 05:47:56,914 [Thread-1067] INFO  impl.FollowerState (FollowerState.java:run(108)) - e47f3d18-6550-4f27-a4cc-ce34c6c87b58@group-CDCBC4BDFD69-FollowerState: change to CANDIDATE, lastRpcTime:2ms, electionTimeout:2ms
2019-10-18 05:47:56,914 [Thread-1067] INFO  impl.RoleInfo (RoleInfo.java:shutdownFollowerState(121)) - e47f3d18-6550-4f27-a4cc-ce34c6c87b58: shutdown FollowerState
2019-10-18 05:47:56,914 [Thread-1067] INFO  impl.RaftServerImpl (RaftServerImpl.java:setRole(184)) - e47f3d18-6550-4f27-a4cc-ce34c6c87b58@group-CDCBC4BDFD69: changes role from  FOLLOWER to CANDIDATE at term 24 for changeToCandidate
2019-10-18 05:47:56,914 [Thread-1067] INFO  impl.RoleInfo (RoleInfo.java:updateAndGet(143)) - e47f3d18-6550-4f27-a4cc-ce34c6c87b58: start LeaderElection
2019-10-18 05:47:56,923 [291b4074-36ef-4604-afea-a446d5bcf194@group-397DB682EABB-LeaderElection73] INFO  impl.LeaderElection (LeaderElection.java:logAndReturn(56)) - 291b4074-36ef-4604-afea-a446d5bcf194@group-397DB682EABB-LeaderElection73: Election REJECTED; received 2 response(s) [291b4074-36ef-4604-afea-a446d5bcf194<-e47f3d18-6550-4f27-a4cc-ce34c6c87b58#0:FAIL-t54, 291b4074-36ef-4604-afea-a446d5bcf194<-58c4827f-663e-41e6-a95a-5c02fdca8528#0:FAIL-t54] and 0 exception(s); 291b4074-36ef-4604-afea-a446d5bcf194@group-397DB682EABB:t54, leader=null, voted=291b4074-36ef-4604-afea-a446d5bcf194, raftlog=291b4074-36ef-4604-afea-a446d5bcf194@group-397DB682EABB-SegmentedRaftLog:OPENED:c3,f4,i4, conf=0: [291b4074-36ef-4604-afea-a446d5bcf194:192.168.34.6:34859, e47f3d18-6550-4f27-a4cc-ce34c6c87b58:192.168.34.6:35257, 58c4827f-663e-41e6-a95a-5c02fdca8528:192.168.34.6:39496], old=null
2019-10-18 05:47:56,924 [291b4074-36ef-4604-afea-a446d5bcf194@group-397DB682EABB-LeaderElection73] INFO  impl.RaftServerImpl (RaftServerImpl.java:setRole(184)) - 291b4074-36ef-4604-afea-a446d5bcf194@group-397DB682EABB: changes role from CANDIDATE to FOLLOWER at term 54 for DISCOVERED_A_NEW_TERM
2019-10-18 05:47:56,924 [291b4074-36ef-4604-afea-a446d5bcf194@group-397DB682EABB-LeaderElection73] INFO  impl.RoleInfo (RoleInfo.java:shutdownLeaderElection(134)) - 291b4074-36ef-4604-afea-a446d5bcf194: shutdown LeaderElection
2019-10-18 05:47:56,924 [291b4074-36ef-4604-afea-a446d5bcf194@group-397DB682EABB-LeaderElection73] INFO  impl.RoleInfo (RoleInfo.java:updateAndGet(143)) - 291b4074-36ef-4604-afea-a446d5bcf194: start FollowerState
2019-10-18 05:47:56,945 [e47f3d18-6550-4f27-a4cc-ce34c6c87b58@group-CDCBC4BDFD69-LeaderElection74] INFO  impl.LeaderElection (LeaderElection.java:askForVotes(178)) - e47f3d18-6550-4f27-a4cc-ce34c6c87b58@group-CDCBC4BDFD69-LeaderElection74: begin an election at term 25 for -1: [291b4074-36ef-4604-afea-a446d5bcf194:192.168.34.6:34859, e47f3d18-6550-4f27-a4cc-ce34c6c87b58:192.168.34.6:35257, 58c4827f-663e-41e6-a95a-5c02fdca8528:192.168.34.6:39496], old=null
2019-10-18 05:47:56,947 [grpc-default-executor-0] INFO  impl.RaftServerImpl (RaftServerImpl.java:setRole(184)) - 58c4827f-663e-41e6-a95a-5c02fdca8528@group-CDCBC4BDFD69: changes role from  FOLLOWER to FOLLOWER at term 25 for recognizeCandidate:e47f3d18-6550-4f27-a4cc-ce34c6c87b58
2019-10-18 05:47:56,947 [grpc-default-executor-6] INFO  impl.RaftServerImpl (RaftServerImpl.java:setRole(184)) - 291b4074-36ef-4604-afea-a446d5bcf194@group-CDCBC4BDFD69: changes role from  FOLLOWER to FOLLOWER at term 25 for recognizeCandidate:e47f3d18-6550-4f27-a4cc-ce34c6c87b58
2019-10-18 05:47:56,947 [grpc-default-executor-0] INFO  impl.RoleInfo (RoleInfo.java:shutdownFollowerState(121)) - 58c4827f-663e-41e6-a95a-5c02fdca8528: shutdown FollowerState
2019-10-18 05:47:56,947 [grpc-default-executor-6] INFO  impl.RoleInfo (RoleInfo.java:shutdownFollowerState(121)) - 291b4074-36ef-4604-afea-a446d5bcf194: shutdown FollowerState
2019-10-18 05:47:56,947 [grpc-default-executor-0] INFO  impl.RoleInfo (RoleInfo.java:updateAndGet(143)) - 58c4827f-663e-41e6-a95a-5c02fdca8528: start FollowerState
2019-10-18 05:47:56,947 [Thread-1061] INFO  impl.FollowerState (FollowerState.java:run(117)) - 291b4074-36ef-4604-afea-a446d5bcf194@group-CDCBC4BDFD69-FollowerState was interrupted: java.lang.InterruptedException: sleep interrupted
2019-10-18 05:47:56,947 [grpc-default-executor-6] INFO  impl.RoleInfo (RoleInfo.java:updateAndGet(143)) - 291b4074-36ef-4604-afea-a446d5bcf194: start FollowerState
2019-10-18 05:47:56,947 [Thread-1062] INFO  impl.FollowerState (FollowerState.java:run(117)) - 58c4827f-663e-41e6-a95a-5c02fdca8528@group-CDCBC4BDFD69-FollowerState was interrupted: java.lang.InterruptedException: sleep interrupted
2019-10-18 05:47:56,971 [e47f3d18-6550-4f27-a4cc-ce34c6c87b58@group-CDCBC4BDFD69-LeaderElection74] INFO  impl.LeaderElection (LeaderElection.java:logAndReturn(56)) - e47f3d18-6550-4f27-a4cc-ce34c6c87b58@group-CDCBC4BDFD69-LeaderElection74: Election REJECTED; received 2 response(s) [e47f3d18-6550-4f27-a4cc-ce34c6c87b58<-291b4074-36ef-4604-afea-a446d5bcf194#0:FAIL-t25, e47f3d18-6550-4f27-a4cc-ce34c6c87b58<-58c4827f-663e-41e6-a95a-5c02fdca8528#0:FAIL-t25] and 0 exception(s); e47f3d18-6550-4f27-a4cc-ce34c6c87b58@group-CDCBC4BDFD69:t25, leader=null, voted=e47f3d18-6550-4f27-a4cc-ce34c6c87b58, raftlog=e47f3d18-6550-4f27-a4cc-ce34c6c87b58@group-CDCBC4BDFD69-SegmentedRaftLog:OPENED:c-1,f-1,i0, conf=-1: [291b4074-36ef-4604-afea-a446d5bcf194:192.168.34.6:34859, e47f3d18-6550-4f27-a4cc-ce34c6c87b58:192.168.34.6:35257, 58c4827f-663e-41e6-a95a-5c02fdca8528:192.168.34.6:39496], old=null
2019-10-18 05:47:56,971 [e47f3d18-6550-4f27-a4cc-ce34c6c87b58@group-CDCBC4BDFD69-LeaderElection74] INFO  impl.RaftServerImpl (RaftServerImpl.java:setRole(184)) - e47f3d18-6550-4f27-a4cc-ce34c6c87b58@group-CDCBC4BDFD69: changes role from CANDIDATE to FOLLOWER at term 25 for DISCOVERED_A_NEW_TERM
2019-10-18 05:47:56,971 [e47f3d18-6550-4f27-a4cc-ce34c6c87b58@group-CDCBC4BDFD69-LeaderElection74] INFO  impl.RoleInfo (RoleInfo.java:shutdownLeaderElection(134)) - e47f3d18-6550-4f27-a4cc-ce34c6c87b58: shutdown LeaderElection
2019-10-18 05:47:56,972 [e47f3d18-6550-4f27-a4cc-ce34c6c87b58@group-CDCBC4BDFD69-LeaderElection74] INFO  impl.RoleInfo (RoleInfo.java:updateAndGet(143)) - e47f3d18-6550-4f27-a4cc-ce34c6c87b58: start FollowerState
2019-10-18 05:47:56,986 [Thread-1069] INFO  impl.FollowerState (FollowerState.java:run(108)) - 291b4074-36ef-4604-afea-a446d5bcf194@group-397DB682EABB-FollowerState: change to CANDIDATE, lastRpcTime:62ms, electionTimeout:62ms
2019-10-18 05:47:56,986 [Thread-1069] INFO  impl.RoleInfo (RoleInfo.java:shutdownFollowerState(121)) - 291b4074-36ef-4604-afea-a446d5bcf194: shutdown FollowerState
2019-10-18 05:47:56,986 [Thread-1069] INFO  impl.RaftServerImpl (RaftServerImpl.java:setRole(184)) - 291b4074-36ef-4604-afea-a446d5bcf194@group-397DB682EABB: changes role from  FOLLOWER to CANDIDATE at term 54 for changeToCandidate
2019-10-18 05:47:56,986 [Thread-1069] INFO  impl.RoleInfo (RoleInfo.java:updateAndGet(143)) - 291b4074-36ef-4604-afea-a446d5bcf194: start LeaderElection
2019-10-18 05:47:56,993 [BlockDeletingService#3] WARN  background.BlockDeletingService (BlockDeletingService.java:isDeletionAllowed(187)) - Close Container log Index 6 is not replicated across allthe servers in the pipeline e751b4d9-2be2-4ced-b2ee-397db682eabb as the min replicated index is 4. Deletion is not allowed in this container yet.
2019-10-18 05:47:56,993 [BlockDeletingService#2] WARN  background.BlockDeletingService (BlockDeletingService.java:isDeletionAllowed(187)) - Close Container log Index 6 is not replicated across allthe servers in the pipeline e751b4d9-2be2-4ced-b2ee-397db682eabb as the min replicated index is 4. Deletion is not allowed in this container yet.
2019-10-18 05:47:57,010 [291b4074-36ef-4604-afea-a446d5bcf194@group-397DB682EABB-LeaderElection75] INFO  impl.LeaderElection (LeaderElection.java:askForVotes(178)) - 291b4074-36ef-4604-afea-a446d5bcf194@group-397DB682EABB-LeaderElection75: begin an election at term 55 for 0: [291b4074-36ef-4604-afea-a446d5bcf194:192.168.34.6:34859, e47f3d18-6550-4f27-a4cc-ce34c6c87b58:192.168.34.6:35257, 58c4827f-663e-41e6-a95a-5c02fdca8528:192.168.34.6:39496], old=null
2019-10-18 05:47:57,012 [grpc-default-executor-6] INFO  impl.RaftServerImpl (RaftServerImpl.java:setRole(184)) - 58c4827f-663e-41e6-a95a-5c02fdca8528@group-397DB682EABB: changes role from  FOLLOWER to FOLLOWER at term 55 for recognizeCandidate:291b4074-36ef-4604-afea-a446d5bcf194
2019-10-18 05:47:57,012 [grpc-default-executor-0] INFO  impl.RaftServerImpl (RaftServerImpl.java:setRole(184)) - e47f3d18-6550-4f27-a4cc-ce34c6c87b58@group-397DB682EABB: changes role from  FOLLOWER to FOLLOWER at term 55 for recognizeCandidate:291b4074-36ef-4604-afea-a446d5bcf194
2019-10-18 05:47:57,012 [grpc-default-executor-6] INFO  impl.RoleInfo (RoleInfo.java:shutdownFollowerState(121)) - 58c4827f-663e-41e6-a95a-5c02fdca8528: shutdown FollowerState
2019-10-18 05:47:57,013 [grpc-default-executor-0] INFO  impl.RoleInfo (RoleInfo.java:shutdownFollowerState(121)) - e47f3d18-6550-4f27-a4cc-ce34c6c87b58: shutdown FollowerState
2019-10-18 05:47:57,013 [grpc-default-executor-6] INFO  impl.RoleInfo (RoleInfo.java:updateAndGet(143)) - 58c4827f-663e-41e6-a95a-5c02fdca8528: start FollowerState
2019-10-18 05:47:57,013 [Thread-1065] INFO  impl.FollowerState (FollowerState.java:run(117)) - e47f3d18-6550-4f27-a4cc-ce34c6c87b58@group-397DB682EABB-FollowerState was interrupted: java.lang.InterruptedException: sleep interrupted
2019-10-18 05:47:57,013 [grpc-default-executor-0] INFO  impl.RoleInfo (RoleInfo.java:updateAndGet(143)) - e47f3d18-6550-4f27-a4cc-ce34c6c87b58: start FollowerState
2019-10-18 05:47:57,013 [Thread-1066] INFO  impl.FollowerState (FollowerState.java:run(117)) - 58c4827f-663e-41e6-a95a-5c02fdca8528@group-397DB682EABB-FollowerState was interrupted: java.lang.InterruptedException: sleep interrupted
2019-10-18 05:47:57,036 [291b4074-36ef-4604-afea-a446d5bcf194@group-397DB682EABB-LeaderElection75] INFO  impl.LeaderElection (LeaderElection.java:logAndReturn(56)) - 291b4074-36ef-4604-afea-a446d5bcf194@group-397DB682EABB-LeaderElection75: Election REJECTED; received 2 response(s) [291b4074-36ef-4604-afea-a446d5bcf194<-e47f3d18-6550-4f27-a4cc-ce34c6c87b58#0:FAIL-t55, 291b4074-36ef-4604-afea-a446d5bcf194<-58c4827f-663e-41e6-a95a-5c02fdca8528#0:FAIL-t55] and 0 exception(s); 291b4074-36ef-4604-afea-a446d5bcf194@group-397DB682EABB:t55, leader=null, voted=291b4074-36ef-4604-afea-a446d5bcf194, raftlog=291b4074-36ef-4604-afea-a446d5bcf194@group-397DB682EABB-SegmentedRaftLog:OPENED:c3,f4,i4, conf=0: [291b4074-36ef-4604-afea-a446d5bcf194:192.168.34.6:34859, e47f3d18-6550-4f27-a4cc-ce34c6c87b58:192.168.34.6:35257, 58c4827f-663e-41e6-a95a-5c02fdca8528:192.168.34.6:39496], old=null
2019-10-18 05:47:57,037 [291b4074-36ef-4604-afea-a446d5bcf194@group-397DB682EABB-LeaderElection75] INFO  impl.RaftServerImpl (RaftServerImpl.java:setRole(184)) - 291b4074-36ef-4604-afea-a446d5bcf194@group-397DB682EABB: changes role from CANDIDATE to FOLLOWER at term 55 for DISCOVERED_A_NEW_TERM
2019-10-18 05:47:57,037 [291b4074-36ef-4604-afea-a446d5bcf194@group-397DB682EABB-LeaderElection75] INFO  impl.RoleInfo (RoleInfo.java:shutdownLeaderElection(134)) - 291b4074-36ef-4604-afea-a446d5bcf194: shutdown LeaderElection
2019-10-18 05:47:57,037 [291b4074-36ef-4604-afea-a446d5bcf194@group-397DB682EABB-LeaderElection75] INFO  impl.RoleInfo (RoleInfo.java:updateAndGet(143)) - 291b4074-36ef-4604-afea-a446d5bcf194: start FollowerState
2019-10-18 05:47:57,078 [Thread-1074] INFO  impl.FollowerState (FollowerState.java:run(108)) - e47f3d18-6550-4f27-a4cc-ce34c6c87b58@group-CDCBC4BDFD69-FollowerState: change to CANDIDATE, lastRpcTime:106ms, electionTimeout:106ms
2019-10-18 05:47:57,085 [Thread-1074] INFO  impl.RoleInfo (RoleInfo.java:shutdownFollowerState(121)) - e47f3d18-6550-4f27-a4cc-ce34c6c87b58: shutdown FollowerState
2019-10-18 05:47:57,091 [Thread-1074] INFO  impl.RaftServerImpl (RaftServerImpl.java:setRole(184)) - e47f3d18-6550-4f27-a4cc-ce34c6c87b58@group-CDCBC4BDFD69: changes role from  FOLLOWER to CANDIDATE at term 25 for changeToCandidate
2019-10-18 05:47:57,092 [Thread-1074] INFO  impl.RoleInfo (RoleInfo.java:updateAndGet(143)) - e47f3d18-6550-4f27-a4cc-ce34c6c87b58: start LeaderElection
2019-10-18 05:47:57,101 [Thread-1082] INFO  impl.FollowerState (FollowerState.java:run(108)) - 291b4074-36ef-4604-afea-a446d5bcf194@group-397DB682EABB-FollowerState: change to CANDIDATE, lastRpcTime:64ms, electionTimeout:64ms
2019-10-18 05:47:57,101 [Thread-1082] INFO  impl.RoleInfo (RoleInfo.java:shutdownFollowerState(121)) - 291b4074-36ef-4604-afea-a446d5bcf194: shutdown FollowerState
2019-10-18 05:47:57,101 [Thread-1082] INFO  impl.RaftServerImpl (RaftServerImpl.java:setRole(184)) - 291b4074-36ef-4604-afea-a446d5bcf194@group-397DB682EABB: changes role from  FOLLOWER to CANDIDATE at term 55 for changeToCandidate
2019-10-18 05:47:57,102 [Thread-1082] INFO  impl.RoleInfo (RoleInfo.java:updateAndGet(143)) - 291b4074-36ef-4604-afea-a446d5bcf194: start LeaderElection
2019-10-18 05:47:57,119 [e47f3d18-6550-4f27-a4cc-ce34c6c87b58@group-CDCBC4BDFD69-LeaderElection76] INFO  impl.LeaderElection (LeaderElection.java:askForVotes(178)) - e47f3d18-6550-4f27-a4cc-ce34c6c87b58@group-CDCBC4BDFD69-LeaderElection76: begin an election at term 26 for -1: [291b4074-36ef-4604-afea-a446d5bcf194:192.168.34.6:34859, e47f3d18-6550-4f27-a4cc-ce34c6c87b58:192.168.34.6:35257, 58c4827f-663e-41e6-a95a-5c02fdca8528:192.168.34.6:39496], old=null
2019-10-18 05:47:57,119 [291b4074-36ef-4604-afea-a446d5bcf194@group-397DB682EABB-LeaderElection77] INFO  impl.LeaderElection (LeaderElection.java:askForVotes(178)) - 291b4074-36ef-4604-afea-a446d5bcf194@group-397DB682EABB-LeaderElection77: begin an election at term 56 for 0: [291b4074-36ef-4604-afea-a446d5bcf194:192.168.34.6:34859, e47f3d18-6550-4f27-a4cc-ce34c6c87b58:192.168.34.6:35257, 58c4827f-663e-41e6-a95a-5c02fdca8528:192.168.34.6:39496], old=null
2019-10-18 05:47:57,122 [grpc-default-executor-6] INFO  impl.RaftServerImpl (RaftServerImpl.java:setRole(184)) - 58c4827f-663e-41e6-a95a-5c02fdca8528@group-397DB682EABB: changes role from  FOLLOWER to FOLLOWER at term 56 for recognizeCandidate:291b4074-36ef-4604-afea-a446d5bcf194
2019-10-18 05:47:57,122 [grpc-default-executor-0] INFO  impl.RaftServerImpl (RaftServerImpl.java:setRole(184)) - 58c4827f-663e-41e6-a95a-5c02fdca8528@group-CDCBC4BDFD69: changes role from  FOLLOWER to FOLLOWER at term 26 for recognizeCandidate:e47f3d18-6550-4f27-a4cc-ce34c6c87b58
2019-10-18 05:47:57,122 [grpc-default-executor-6] INFO  impl.RoleInfo (RoleInfo.java:shutdownFollowerState(121)) - 58c4827f-663e-41e6-a95a-5c02fdca8528: shutdown FollowerState
2019-10-18 05:47:57,122 [grpc-default-executor-5] INFO  impl.RaftServerImpl (RaftServerImpl.java:setRole(184)) - e47f3d18-6550-4f27-a4cc-ce34c6c87b58@group-397DB682EABB: changes role from  FOLLOWER to FOLLOWER at term 56 for recognizeCandidate:291b4074-36ef-4604-afea-a446d5bcf194
2019-10-18 05:47:57,122 [grpc-default-executor-4] INFO  impl.RaftServerImpl (RaftServerImpl.java:setRole(184)) - 291b4074-36ef-4604-afea-a446d5bcf194@group-CDCBC4BDFD69: changes role from  FOLLOWER to FOLLOWER at term 26 for recognizeCandidate:e47f3d18-6550-4f27-a4cc-ce34c6c87b58
2019-10-18 05:47:57,122 [grpc-default-executor-5] INFO  impl.RoleInfo (RoleInfo.java:shutdownFollowerState(121)) - e47f3d18-6550-4f27-a4cc-ce34c6c87b58: shutdown FollowerState
2019-10-18 05:47:57,122 [grpc-default-executor-6] INFO  impl.RoleInfo (RoleInfo.java:updateAndGet(143)) - 58c4827f-663e-41e6-a95a-5c02fdca8528: start FollowerState
2019-10-18 05:47:57,122 [Thread-1080] INFO  impl.FollowerState (FollowerState.java:run(117)) - 58c4827f-663e-41e6-a95a-5c02fdca8528@group-397DB682EABB-FollowerState was interrupted: java.lang.InterruptedException: sleep interrupted
2019-10-18 05:47:57,122 [grpc-default-executor-0] INFO  impl.RoleInfo (RoleInfo.java:shutdownFollowerState(121)) - 58c4827f-663e-41e6-a95a-5c02fdca8528: shutdown FollowerState
2019-10-18 05:47:57,123 [Thread-1081] INFO  impl.FollowerState (FollowerState.java:run(117)) - e47f3d18-6550-4f27-a4cc-ce34c6c87b58@group-397DB682EABB-FollowerState was interrupted: java.lang.InterruptedException: sleep interrupted
2019-10-18 05:47:57,123 [grpc-default-executor-5] INFO  impl.RoleInfo (RoleInfo.java:updateAndGet(143)) - e47f3d18-6550-4f27-a4cc-ce34c6c87b58: start FollowerState
2019-10-18 05:47:57,123 [grpc-default-executor-4] INFO  impl.RoleInfo (RoleInfo.java:shutdownFollowerState(121)) - 291b4074-36ef-4604-afea-a446d5bcf194: shutdown FollowerState
2019-10-18 05:47:57,123 [grpc-default-executor-4] INFO  impl.RoleInfo (RoleInfo.java:updateAndGet(143)) - 291b4074-36ef-4604-afea-a446d5bcf194: start FollowerState
2019-10-18 05:47:57,123 [Thread-1072] INFO  impl.FollowerState (FollowerState.java:run(117)) - 58c4827f-663e-41e6-a95a-5c02fdca8528@group-CDCBC4BDFD69-FollowerState was interrupted: java.lang.InterruptedException: sleep interrupted
2019-10-18 05:47:57,123 [grpc-default-executor-0] INFO  impl.RoleInfo (RoleInfo.java:updateAndGet(143)) - 58c4827f-663e-41e6-a95a-5c02fdca8528: start FollowerState
2019-10-18 05:47:57,123 [Thread-1073] INFO  impl.FollowerState (FollowerState.java:run(117)) - 291b4074-36ef-4604-afea-a446d5bcf194@group-CDCBC4BDFD69-FollowerState was interrupted: java.lang.InterruptedException: sleep interrupted
2019-10-18 05:47:57,163 [e47f3d18-6550-4f27-a4cc-ce34c6c87b58@group-CDCBC4BDFD69-LeaderElection76] INFO  impl.LeaderElection (LeaderElection.java:logAndReturn(56)) - e47f3d18-6550-4f27-a4cc-ce34c6c87b58@group-CDCBC4BDFD69-LeaderElection76: Election REJECTED; received 2 response(s) [e47f3d18-6550-4f27-a4cc-ce34c6c87b58<-291b4074-36ef-4604-afea-a446d5bcf194#0:FAIL-t26, e47f3d18-6550-4f27-a4cc-ce34c6c87b58<-58c4827f-663e-41e6-a95a-5c02fdca8528#0:FAIL-t26] and 0 exception(s); e47f3d18-6550-4f27-a4cc-ce34c6c87b58@group-CDCBC4BDFD69:t26, leader=null, voted=e47f3d18-6550-4f27-a4cc-ce34c6c87b58, raftlog=e47f3d18-6550-4f27-a4cc-ce34c6c87b58@group-CDCBC4BDFD69-SegmentedRaftLog:OPENED:c-1,f-1,i0, conf=-1: [291b4074-36ef-4604-afea-a446d5bcf194:192.168.34.6:34859, e47f3d18-6550-4f27-a4cc-ce34c6c87b58:192.168.34.6:35257, 58c4827f-663e-41e6-a95a-5c02fdca8528:192.168.34.6:39496], old=null
2019-10-18 05:47:57,163 [e47f3d18-6550-4f27-a4cc-ce34c6c87b58@group-CDCBC4BDFD69-LeaderElection76] INFO  impl.RaftServerImpl (RaftServerImpl.java:setRole(184)) - e47f3d18-6550-4f27-a4cc-ce34c6c87b58@group-CDCBC4BDFD69: changes role from CANDIDATE to FOLLOWER at term 26 for DISCOVERED_A_NEW_TERM
2019-10-18 05:47:57,163 [291b4074-36ef-4604-afea-a446d5bcf194@group-397DB682EABB-LeaderElection77] INFO  impl.LeaderElection (LeaderElection.java:logAndReturn(56)) - 291b4074-36ef-4604-afea-a446d5bcf194@group-397DB682EABB-LeaderElection77: Election REJECTED; received 2 response(s) [291b4074-36ef-4604-afea-a446d5bcf194<-e47f3d18-6550-4f27-a4cc-ce34c6c87b58#0:FAIL-t56, 291b4074-36ef-4604-afea-a446d5bcf194<-58c4827f-663e-41e6-a95a-5c02fdca8528#0:FAIL-t56] and 0 exception(s); 291b4074-36ef-4604-afea-a446d5bcf194@group-397DB682EABB:t56, leader=null, voted=291b4074-36ef-4604-afea-a446d5bcf194, raftlog=291b4074-36ef-4604-afea-a446d5bcf194@group-397DB682EABB-SegmentedRaftLog:OPENED:c3,f4,i4, conf=0: [291b4074-36ef-4604-afea-a446d5bcf194:192.168.34.6:34859, e47f3d18-6550-4f27-a4cc-ce34c6c87b58:192.168.34.6:35257, 58c4827f-663e-41e6-a95a-5c02fdca8528:192.168.34.6:39496], old=null
2019-10-18 05:47:57,163 [e47f3d18-6550-4f27-a4cc-ce34c6c87b58@group-CDCBC4BDFD69-LeaderElection76] INFO  impl.RoleInfo (RoleInfo.java:shutdownLeaderElection(134)) - e47f3d18-6550-4f27-a4cc-ce34c6c87b58: shutdown LeaderElection
2019-10-18 05:47:57,163 [291b4074-36ef-4604-afea-a446d5bcf194@group-397DB682EABB-LeaderElection77] INFO  impl.RaftServerImpl (RaftServerImpl.java:setRole(184)) - 291b4074-36ef-4604-afea-a446d5bcf194@group-397DB682EABB: changes role from CANDIDATE to FOLLOWER at term 56 for DISCOVERED_A_NEW_TERM
2019-10-18 05:47:57,163 [e47f3d18-6550-4f27-a4cc-ce34c6c87b58@group-CDCBC4BDFD69-LeaderElection76] INFO  impl.RoleInfo (RoleInfo.java:updateAndGet(143)) - e47f3d18-6550-4f27-a4cc-ce34c6c87b58: start FollowerState
2019-10-18 05:47:57,163 [291b4074-36ef-4604-afea-a446d5bcf194@group-397DB682EABB-LeaderElection77] INFO  impl.RoleInfo (RoleInfo.java:shutdownLeaderElection(134)) - 291b4074-36ef-4604-afea-a446d5bcf194: shutdown LeaderElection
2019-10-18 05:47:57,164 [291b4074-36ef-4604-afea-a446d5bcf194@group-397DB682EABB-LeaderElection77] INFO  impl.RoleInfo (RoleInfo.java:updateAndGet(143)) - 291b4074-36ef-4604-afea-a446d5bcf194: start FollowerState
2019-10-18 05:47:57,182 [Thread-1093] INFO  impl.FollowerState (FollowerState.java:run(108)) - e47f3d18-6550-4f27-a4cc-ce34c6c87b58@group-CDCBC4BDFD69-FollowerState: change to CANDIDATE, lastRpcTime:18ms, electionTimeout:18ms
2019-10-18 05:47:57,182 [Thread-1093] INFO  impl.RoleInfo (RoleInfo.java:shutdownFollowerState(121)) - e47f3d18-6550-4f27-a4cc-ce34c6c87b58: shutdown FollowerState
2019-10-18 05:47:57,182 [Thread-1093] INFO  impl.RaftServerImpl (RaftServerImpl.java:setRole(184)) - e47f3d18-6550-4f27-a4cc-ce34c6c87b58@group-CDCBC4BDFD69: changes role from  FOLLOWER to CANDIDATE at term 26 for changeToCandidate
2019-10-18 05:47:57,182 [Thread-1093] INFO  impl.RoleInfo (RoleInfo.java:updateAndGet(143)) - e47f3d18-6550-4f27-a4cc-ce34c6c87b58: start LeaderElection
2019-10-18 05:47:57,212 [e47f3d18-6550-4f27-a4cc-ce34c6c87b58@group-CDCBC4BDFD69-LeaderElection78] INFO  impl.LeaderElection (LeaderElection.java:askForVotes(178)) - e47f3d18-6550-4f27-a4cc-ce34c6c87b58@group-CDCBC4BDFD69-LeaderElection78: begin an election at term 27 for -1: [291b4074-36ef-4604-afea-a446d5bcf194:192.168.34.6:34859, e47f3d18-6550-4f27-a4cc-ce34c6c87b58:192.168.34.6:35257, 58c4827f-663e-41e6-a95a-5c02fdca8528:192.168.34.6:39496], old=null
2019-10-18 05:47:57,214 [grpc-default-executor-5] INFO  impl.RaftServerImpl (RaftServerImpl.java:setRole(184)) - 291b4074-36ef-4604-afea-a446d5bcf194@group-CDCBC4BDFD69: changes role from  FOLLOWER to FOLLOWER at term 27 for recognizeCandidate:e47f3d18-6550-4f27-a4cc-ce34c6c87b58
2019-10-18 05:47:57,214 [grpc-default-executor-4] INFO  impl.RaftServerImpl (RaftServerImpl.java:setRole(184)) - 58c4827f-663e-41e6-a95a-5c02fdca8528@group-CDCBC4BDFD69: changes role from  FOLLOWER to FOLLOWER at term 27 for recognizeCandidate:e47f3d18-6550-4f27-a4cc-ce34c6c87b58
2019-10-18 05:47:57,215 [grpc-default-executor-5] INFO  impl.RoleInfo (RoleInfo.java:shutdownFollowerState(121)) - 291b4074-36ef-4604-afea-a446d5bcf194: shutdown FollowerState
2019-10-18 05:47:57,215 [grpc-default-executor-4] INFO  impl.RoleInfo (RoleInfo.java:shutdownFollowerState(121)) - 58c4827f-663e-41e6-a95a-5c02fdca8528: shutdown FollowerState
2019-10-18 05:47:57,215 [Thread-1092] INFO  impl.FollowerState (FollowerState.java:run(117)) - 291b4074-36ef-4604-afea-a446d5bcf194@group-CDCBC4BDFD69-FollowerState was interrupted: java.lang.InterruptedException: sleep interrupted
2019-10-18 05:47:57,215 [grpc-default-executor-5] INFO  impl.RoleInfo (RoleInfo.java:updateAndGet(143)) - 291b4074-36ef-4604-afea-a446d5bcf194: start FollowerState
2019-10-18 05:47:57,215 [Thread-1091] INFO  impl.FollowerState (FollowerState.java:run(117)) - 58c4827f-663e-41e6-a95a-5c02fdca8528@group-CDCBC4BDFD69-FollowerState was interrupted: java.lang.InterruptedException: sleep interrupted
2019-10-18 05:47:57,215 [grpc-default-executor-4] INFO  impl.RoleInfo (RoleInfo.java:updateAndGet(143)) - 58c4827f-663e-41e6-a95a-5c02fdca8528: start FollowerState
2019-10-18 05:47:57,238 [e47f3d18-6550-4f27-a4cc-ce34c6c87b58@group-CDCBC4BDFD69-LeaderElection78] INFO  impl.LeaderElection (LeaderElection.java:logAndReturn(56)) - e47f3d18-6550-4f27-a4cc-ce34c6c87b58@group-CDCBC4BDFD69-LeaderElection78: Election REJECTED; received 2 response(s) [e47f3d18-6550-4f27-a4cc-ce34c6c87b58<-291b4074-36ef-4604-afea-a446d5bcf194#0:FAIL-t27, e47f3d18-6550-4f27-a4cc-ce34c6c87b58<-58c4827f-663e-41e6-a95a-5c02fdca8528#0:FAIL-t27] and 0 exception(s); e47f3d18-6550-4f27-a4cc-ce34c6c87b58@group-CDCBC4BDFD69:t27, leader=null, voted=e47f3d18-6550-4f27-a4cc-ce34c6c87b58, raftlog=e47f3d18-6550-4f27-a4cc-ce34c6c87b58@group-CDCBC4BDFD69-SegmentedRaftLog:OPENED:c-1,f-1,i0, conf=-1: [291b4074-36ef-4604-afea-a446d5bcf194:192.168.34.6:34859, e47f3d18-6550-4f27-a4cc-ce34c6c87b58:192.168.34.6:35257, 58c4827f-663e-41e6-a95a-5c02fdca8528:192.168.34.6:39496], old=null
2019-10-18 05:47:57,239 [e47f3d18-6550-4f27-a4cc-ce34c6c87b58@group-CDCBC4BDFD69-LeaderElection78] INFO  impl.RaftServerImpl (RaftServerImpl.java:setRole(184)) - e47f3d18-6550-4f27-a4cc-ce34c6c87b58@group-CDCBC4BDFD69: changes role from CANDIDATE to FOLLOWER at term 27 for DISCOVERED_A_NEW_TERM
2019-10-18 05:47:57,239 [e47f3d18-6550-4f27-a4cc-ce34c6c87b58@group-CDCBC4BDFD69-LeaderElection78] INFO  impl.RoleInfo (RoleInfo.java:shutdownLeaderElection(134)) - e47f3d18-6550-4f27-a4cc-ce34c6c87b58: shutdown LeaderElection
2019-10-18 05:47:57,239 [e47f3d18-6550-4f27-a4cc-ce34c6c87b58@group-CDCBC4BDFD69-LeaderElection78] INFO  impl.RoleInfo (RoleInfo.java:updateAndGet(143)) - e47f3d18-6550-4f27-a4cc-ce34c6c87b58: start FollowerState
2019-10-18 05:47:57,281 [Thread-1094] INFO  impl.FollowerState (FollowerState.java:run(108)) - 291b4074-36ef-4604-afea-a446d5bcf194@group-397DB682EABB-FollowerState: change to CANDIDATE, lastRpcTime:117ms, electionTimeout:117ms
2019-10-18 05:47:57,281 [Thread-1094] INFO  impl.RoleInfo (RoleInfo.java:shutdownFollowerState(121)) - 291b4074-36ef-4604-afea-a446d5bcf194: shutdown FollowerState
2019-10-18 05:47:57,281 [Thread-1094] INFO  impl.RaftServerImpl (RaftServerImpl.java:setRole(184)) - 291b4074-36ef-4604-afea-a446d5bcf194@group-397DB682EABB: changes role from  FOLLOWER to CANDIDATE at term 56 for changeToCandidate
2019-10-18 05:47:57,282 [Thread-1094] INFO  impl.RoleInfo (RoleInfo.java:updateAndGet(143)) - 291b4074-36ef-4604-afea-a446d5bcf194: start LeaderElection
2019-10-18 05:47:57,299 [Thread-1100] INFO  impl.FollowerState (FollowerState.java:run(108)) - e47f3d18-6550-4f27-a4cc-ce34c6c87b58@group-CDCBC4BDFD69-FollowerState: change to CANDIDATE, lastRpcTime:60ms, electionTimeout:60ms
2019-10-18 05:47:57,299 [Thread-1100] INFO  impl.RoleInfo (RoleInfo.java:shutdownFollowerState(121)) - e47f3d18-6550-4f27-a4cc-ce34c6c87b58: shutdown FollowerState
2019-10-18 05:47:57,300 [Thread-1100] INFO  impl.RaftServerImpl (RaftServerImpl.java:setRole(184)) - e47f3d18-6550-4f27-a4cc-ce34c6c87b58@group-CDCBC4BDFD69: changes role from  FOLLOWER to CANDIDATE at term 27 for changeToCandidate
2019-10-18 05:47:57,300 [Thread-1100] INFO  impl.RoleInfo (RoleInfo.java:updateAndGet(143)) - e47f3d18-6550-4f27-a4cc-ce34c6c87b58: start LeaderElection
2019-10-18 05:47:57,305 [291b4074-36ef-4604-afea-a446d5bcf194@group-397DB682EABB-LeaderElection79] INFO  impl.LeaderElection (LeaderElection.java:askForVotes(178)) - 291b4074-36ef-4604-afea-a446d5bcf194@group-397DB682EABB-LeaderElection79: begin an election at term 57 for 0: [291b4074-36ef-4604-afea-a446d5bcf194:192.168.34.6:34859, e47f3d18-6550-4f27-a4cc-ce34c6c87b58:192.168.34.6:35257, 58c4827f-663e-41e6-a95a-5c02fdca8528:192.168.34.6:39496], old=null
2019-10-18 05:47:57,307 [grpc-default-executor-4] INFO  impl.RaftServerImpl (RaftServerImpl.java:setRole(184)) - e47f3d18-6550-4f27-a4cc-ce34c6c87b58@group-397DB682EABB: changes role from  FOLLOWER to FOLLOWER at term 57 for recognizeCandidate:291b4074-36ef-4604-afea-a446d5bcf194
2019-10-18 05:47:57,307 [grpc-default-executor-5] INFO  impl.RaftServerImpl (RaftServerImpl.java:setRole(184)) - 58c4827f-663e-41e6-a95a-5c02fdca8528@group-397DB682EABB: changes role from  FOLLOWER to FOLLOWER at term 57 for recognizeCandidate:291b4074-36ef-4604-afea-a446d5bcf194
2019-10-18 05:47:57,307 [grpc-default-executor-4] INFO  impl.RoleInfo (RoleInfo.java:shutdownFollowerState(121)) - e47f3d18-6550-4f27-a4cc-ce34c6c87b58: shutdown FollowerState
2019-10-18 05:47:57,307 [grpc-default-executor-5] INFO  impl.RoleInfo (RoleInfo.java:shutdownFollowerState(121)) - 58c4827f-663e-41e6-a95a-5c02fdca8528: shutdown FollowerState
2019-10-18 05:47:57,307 [Thread-1090] INFO  impl.FollowerState (FollowerState.java:run(117)) - e47f3d18-6550-4f27-a4cc-ce34c6c87b58@group-397DB682EABB-FollowerState was interrupted: java.lang.InterruptedException: sleep interrupted
2019-10-18 05:47:57,307 [grpc-default-executor-4] INFO  impl.RoleInfo (RoleInfo.java:updateAndGet(143)) - e47f3d18-6550-4f27-a4cc-ce34c6c87b58: start FollowerState
2019-10-18 05:47:57,307 [grpc-default-executor-5] INFO  impl.RoleInfo (RoleInfo.java:updateAndGet(143)) - 58c4827f-663e-41e6-a95a-5c02fdca8528: start FollowerState
2019-10-18 05:47:57,307 [Thread-1089] INFO  impl.FollowerState (FollowerState.java:run(117)) - 58c4827f-663e-41e6-a95a-5c02fdca8528@group-397DB682EABB-FollowerState was interrupted: java.lang.InterruptedException: sleep interrupted
2019-10-18 05:47:57,338 [e47f3d18-6550-4f27-a4cc-ce34c6c87b58@group-CDCBC4BDFD69-LeaderElection80] INFO  impl.LeaderElection (LeaderElection.java:askForVotes(178)) - e47f3d18-6550-4f27-a4cc-ce34c6c87b58@group-CDCBC4BDFD69-LeaderElection80: begin an election at term 28 for -1: [291b4074-36ef-4604-afea-a446d5bcf194:192.168.34.6:34859, e47f3d18-6550-4f27-a4cc-ce34c6c87b58:192.168.34.6:35257, 58c4827f-663e-41e6-a95a-5c02fdca8528:192.168.34.6:39496], old=null
2019-10-18 05:47:57,341 [grpc-default-executor-5] INFO  impl.RaftServerImpl (RaftServerImpl.java:setRole(184)) - 291b4074-36ef-4604-afea-a446d5bcf194@group-CDCBC4BDFD69: changes role from  FOLLOWER to FOLLOWER at term 28 for recognizeCandidate:e47f3d18-6550-4f27-a4cc-ce34c6c87b58
2019-10-18 05:47:57,341 [grpc-default-executor-5] INFO  impl.RoleInfo (RoleInfo.java:shutdownFollowerState(121)) - 291b4074-36ef-4604-afea-a446d5bcf194: shutdown FollowerState
2019-10-18 05:47:57,341 [grpc-default-executor-5] INFO  impl.RoleInfo (RoleInfo.java:updateAndGet(143)) - 291b4074-36ef-4604-afea-a446d5bcf194: start FollowerState
2019-10-18 05:47:57,342 [Thread-1098] INFO  impl.FollowerState (FollowerState.java:run(117)) - 291b4074-36ef-4604-afea-a446d5bcf194@group-CDCBC4BDFD69-FollowerState was interrupted: java.lang.InterruptedException: sleep interrupted
2019-10-18 05:47:57,342 [291b4074-36ef-4604-afea-a446d5bcf194@group-397DB682EABB-LeaderElection79] INFO  impl.LeaderElection (LeaderElection.java:logAndReturn(56)) - 291b4074-36ef-4604-afea-a446d5bcf194@group-397DB682EABB-LeaderElection79: Election REJECTED; received 2 response(s) [291b4074-36ef-4604-afea-a446d5bcf194<-e47f3d18-6550-4f27-a4cc-ce34c6c87b58#0:FAIL-t57, 291b4074-36ef-4604-afea-a446d5bcf194<-58c4827f-663e-41e6-a95a-5c02fdca8528#0:FAIL-t57] and 0 exception(s); 291b4074-36ef-4604-afea-a446d5bcf194@group-397DB682EABB:t57, leader=null, voted=291b4074-36ef-4604-afea-a446d5bcf194, raftlog=291b4074-36ef-4604-afea-a446d5bcf194@group-397DB682EABB-SegmentedRaftLog:OPENED:c3,f4,i4, conf=0: [291b4074-36ef-4604-afea-a446d5bcf194:192.168.34.6:34859, e47f3d18-6550-4f27-a4cc-ce34c6c87b58:192.168.34.6:35257, 58c4827f-663e-41e6-a95a-5c02fdca8528:192.168.34.6:39496], old=null
2019-10-18 05:47:57,342 [291b4074-36ef-4604-afea-a446d5bcf194@group-397DB682EABB-LeaderElection79] INFO  impl.RaftServerImpl (RaftServerImpl.java:setRole(184)) - 291b4074-36ef-4604-afea-a446d5bcf194@group-397DB682EABB: changes role from CANDIDATE to FOLLOWER at term 57 for DISCOVERED_A_NEW_TERM
2019-10-18 05:47:57,342 [291b4074-36ef-4604-afea-a446d5bcf194@group-397DB682EABB-LeaderElection79] INFO  impl.RoleInfo (RoleInfo.java:shutdownLeaderElection(134)) - 291b4074-36ef-4604-afea-a446d5bcf194: shutdown LeaderElection
2019-10-18 05:47:57,342 [291b4074-36ef-4604-afea-a446d5bcf194@group-397DB682EABB-LeaderElection79] INFO  impl.RoleInfo (RoleInfo.java:updateAndGet(143)) - 291b4074-36ef-4604-afea-a446d5bcf194: start FollowerState
2019-10-18 05:47:57,345 [grpc-default-executor-4] INFO  impl.RaftServerImpl (RaftServerImpl.java:setRole(184)) - 58c4827f-663e-41e6-a95a-5c02fdca8528@group-CDCBC4BDFD69: changes role from  FOLLOWER to FOLLOWER at term 28 for recognizeCandidate:e47f3d18-6550-4f27-a4cc-ce34c6c87b58
2019-10-18 05:47:57,345 [grpc-default-executor-4] INFO  impl.RoleInfo (RoleInfo.java:shutdownFollowerState(121)) - 58c4827f-663e-41e6-a95a-5c02fdca8528: shutdown FollowerState
2019-10-18 05:47:57,345 [grpc-default-executor-4] INFO  impl.RoleInfo (RoleInfo.java:updateAndGet(143)) - 58c4827f-663e-41e6-a95a-5c02fdca8528: start FollowerState
2019-10-18 05:47:57,345 [Thread-1099] INFO  impl.FollowerState (FollowerState.java:run(117)) - 58c4827f-663e-41e6-a95a-5c02fdca8528@group-CDCBC4BDFD69-FollowerState was interrupted: java.lang.InterruptedException: sleep interrupted
2019-10-18 05:47:57,383 [e47f3d18-6550-4f27-a4cc-ce34c6c87b58@group-CDCBC4BDFD69-LeaderElection80] INFO  impl.LeaderElection (LeaderElection.java:logAndReturn(56)) - e47f3d18-6550-4f27-a4cc-ce34c6c87b58@group-CDCBC4BDFD69-LeaderElection80: Election REJECTED; received 2 response(s) [e47f3d18-6550-4f27-a4cc-ce34c6c87b58<-291b4074-36ef-4604-afea-a446d5bcf194#0:FAIL-t28, e47f3d18-6550-4f27-a4cc-ce34c6c87b58<-58c4827f-663e-41e6-a95a-5c02fdca8528#0:FAIL-t28] and 0 exception(s); e47f3d18-6550-4f27-a4cc-ce34c6c87b58@group-CDCBC4BDFD69:t28, leader=null, voted=e47f3d18-6550-4f27-a4cc-ce34c6c87b58, raftlog=e47f3d18-6550-4f27-a4cc-ce34c6c87b58@group-CDCBC4BDFD69-SegmentedRaftLog:OPENED:c-1,f-1,i0, conf=-1: [291b4074-36ef-4604-afea-a446d5bcf194:192.168.34.6:34859, e47f3d18-6550-4f27-a4cc-ce34c6c87b58:192.168.34.6:35257, 58c4827f-663e-41e6-a95a-5c02fdca8528:192.168.34.6:39496], old=null
2019-10-18 05:47:57,383 [e47f3d18-6550-4f27-a4cc-ce34c6c87b58@group-CDCBC4BDFD69-LeaderElection80] INFO  impl.RaftServerImpl (RaftServerImpl.java:setRole(184)) - e47f3d18-6550-4f27-a4cc-ce34c6c87b58@group-CDCBC4BDFD69: changes role from CANDIDATE to FOLLOWER at term 28 for DISCOVERED_A_NEW_TERM
2019-10-18 05:47:57,383 [e47f3d18-6550-4f27-a4cc-ce34c6c87b58@group-CDCBC4BDFD69-LeaderElection80] INFO  impl.RoleInfo (RoleInfo.java:shutdownLeaderElection(134)) - e47f3d18-6550-4f27-a4cc-ce34c6c87b58: shutdown LeaderElection
2019-10-18 05:47:57,384 [e47f3d18-6550-4f27-a4cc-ce34c6c87b58@group-CDCBC4BDFD69-LeaderElection80] INFO  impl.RoleInfo (RoleInfo.java:updateAndGet(143)) - e47f3d18-6550-4f27-a4cc-ce34c6c87b58: start FollowerState
]]></system-out>
    <system-err><![CDATA[ERROR StatusLogger No Log4j 2 configuration file found. Using default configuration (logging only errors to the console), or user programmatically provided configurations. Set system property 'log4j2.debug' to show Log4j 2 internal initialization logging. See https://logging.apache.org/log4j/2.x/manual/configuration.html for instructions on how to configure Log4j 2
Oct 18, 2019 5:46:11 AM org.apache.ratis.thirdparty.io.grpc.internal.SerializingExecutor run
SEVERE: Exception while executing runnable org.apache.ratis.thirdparty.io.grpc.internal.ServerImpl$JumpToApplicationThreadServerStreamListener$1Closed@3c654155
org.apache.ratis.thirdparty.io.grpc.StatusRuntimeException: CANCELLED: call already cancelled
	at org.apache.ratis.thirdparty.io.grpc.Status.asRuntimeException(Status.java:517)
	at org.apache.ratis.thirdparty.io.grpc.stub.ServerCalls$ServerCallStreamObserverImpl.onCompleted(ServerCalls.java:356)
	at org.apache.ratis.grpc.server.GrpcServerProtocolService$ServerRequestStreamObserver.onError(GrpcServerProtocolService.java:121)
	at org.apache.ratis.thirdparty.io.grpc.stub.ServerCalls$StreamingServerCallHandler$StreamingServerCallListener.onCancel(ServerCalls.java:269)
	at org.apache.ratis.thirdparty.io.grpc.internal.ServerCallImpl$ServerStreamListenerImpl.closed(ServerCallImpl.java:293)
	at org.apache.ratis.thirdparty.io.grpc.internal.ServerImpl$JumpToApplicationThreadServerStreamListener$1Closed.runInContext(ServerImpl.java:741)
	at org.apache.ratis.thirdparty.io.grpc.internal.ContextRunnable.run(ContextRunnable.java:37)
	at org.apache.ratis.thirdparty.io.grpc.internal.SerializingExecutor.run(SerializingExecutor.java:123)
	at java.util.concurrent.ThreadPoolExecutor.runWorker(ThreadPoolExecutor.java:1149)
	at java.util.concurrent.ThreadPoolExecutor$Worker.run(ThreadPoolExecutor.java:624)
	at java.lang.Thread.run(Thread.java:748)

Oct 18, 2019 5:46:11 AM org.apache.ratis.thirdparty.io.grpc.internal.SerializingExecutor run
SEVERE: Exception while executing runnable org.apache.ratis.thirdparty.io.grpc.internal.ClientCallImpl$ClientStreamListenerImpl$1StreamClosed@150ba799
java.lang.NullPointerException
	at org.apache.ratis.grpc.server.GrpcLogAppender$AppendLogResponseHandler.onError(GrpcLogAppender.java:303)
	at org.apache.ratis.thirdparty.io.grpc.stub.ClientCalls$StreamObserverToCallListenerAdapter.onClose(ClientCalls.java:434)
	at org.apache.ratis.thirdparty.io.grpc.PartialForwardingClientCallListener.onClose(PartialForwardingClientCallListener.java:39)
	at org.apache.ratis.thirdparty.io.grpc.ForwardingClientCallListener.onClose(ForwardingClientCallListener.java:23)
	at org.apache.ratis.thirdparty.io.grpc.ForwardingClientCallListener$SimpleForwardingClientCallListener.onClose(ForwardingClientCallListener.java:40)
	at org.apache.ratis.thirdparty.io.grpc.internal.CensusStatsModule$StatsClientInterceptor$1$1.onClose(CensusStatsModule.java:678)
	at org.apache.ratis.thirdparty.io.grpc.PartialForwardingClientCallListener.onClose(PartialForwardingClientCallListener.java:39)
	at org.apache.ratis.thirdparty.io.grpc.ForwardingClientCallListener.onClose(ForwardingClientCallListener.java:23)
	at org.apache.ratis.thirdparty.io.grpc.ForwardingClientCallListener$SimpleForwardingClientCallListener.onClose(ForwardingClientCallListener.java:40)
	at org.apache.ratis.thirdparty.io.grpc.internal.CensusTracingModule$TracingClientInterceptor$1$1.onClose(CensusTracingModule.java:397)
	at org.apache.ratis.thirdparty.io.grpc.internal.ClientCallImpl.closeObserver(ClientCallImpl.java:459)
	at org.apache.ratis.thirdparty.io.grpc.internal.ClientCallImpl.access$300(ClientCallImpl.java:63)
	at org.apache.ratis.thirdparty.io.grpc.internal.ClientCallImpl$ClientStreamListenerImpl.close(ClientCallImpl.java:546)
	at org.apache.ratis.thirdparty.io.grpc.internal.ClientCallImpl$ClientStreamListenerImpl.access$600(ClientCallImpl.java:467)
	at org.apache.ratis.thirdparty.io.grpc.internal.ClientCallImpl$ClientStreamListenerImpl$1StreamClosed.runInContext(ClientCallImpl.java:584)
	at org.apache.ratis.thirdparty.io.grpc.internal.ContextRunnable.run(ContextRunnable.java:37)
	at org.apache.ratis.thirdparty.io.grpc.internal.SerializingExecutor.run(SerializingExecutor.java:123)
	at java.util.concurrent.ThreadPoolExecutor.runWorker(ThreadPoolExecutor.java:1149)
	at java.util.concurrent.ThreadPoolExecutor$Worker.run(ThreadPoolExecutor.java:624)
	at java.lang.Thread.run(Thread.java:748)

]]></system-err>
  </testcase>
</testsuite>