<?xml version="1.0" encoding="UTF-8"?>
<testsuite xmlns:xsi="http://www.w3.org/2001/XMLSchema-instance" xsi:noNamespaceSchemaLocation="https://maven.apache.org/surefire/maven-surefire-plugin/xsd/surefire-test-report.xsd" name="org.apache.hadoop.fs.ozone.TestOzoneFileSystem" time="147.669" tests="8" errors="4" skipped="0" failures="0">
  <properties>
    <property name="awt.toolkit" value="sun.awt.X11.XToolkit"/>
    <property name="file.encoding.pkg" value="sun.io"/>
    <property name="java.specification.version" value="1.8"/>
    <property name="sun.cpu.isalist" value=""/>
    <property name="sun.jnu.encoding" value="ANSI_X3.4-1968"/>
    <property name="java.class.path" value="/workdir/hadoop-ozone/ozonefs/target/test-classes:/workdir/hadoop-ozone/ozonefs/target/classes:/home/user/.m2/repository/org/apache/hadoop/hadoop-common/3.2.0/hadoop-common-3.2.0.jar:/home/user/.m2/repository/org/apache/hadoop/hadoop-annotations/3.2.0/hadoop-annotations-3.2.0.jar:/usr/lib/jvm/java-1.8.0-openjdk-1.8.0.222.b10-1.el7_7.x86_64/jre/../lib/tools.jar:/home/user/.m2/repository/com/google/guava/guava/11.0.2/guava-11.0.2.jar:/home/user/.m2/repository/commons-cli/commons-cli/1.2/commons-cli-1.2.jar:/home/user/.m2/repository/org/apache/commons/commons-math3/3.1.1/commons-math3-3.1.1.jar:/home/user/.m2/repository/commons-codec/commons-codec/1.11/commons-codec-1.11.jar:/home/user/.m2/repository/commons-io/commons-io/2.5/commons-io-2.5.jar:/home/user/.m2/repository/commons-net/commons-net/3.6/commons-net-3.6.jar:/home/user/.m2/repository/commons-collections/commons-collections/3.2.2/commons-collections-3.2.2.jar:/home/user/.m2/repository/javax/servlet/javax.servlet-api/3.1.0/javax.servlet-api-3.1.0.jar:/home/user/.m2/repository/org/eclipse/jetty/jetty-server/9.3.25.v20180904/jetty-server-9.3.25.v20180904.jar:/home/user/.m2/repository/org/eclipse/jetty/jetty-http/9.3.25.v20180904/jetty-http-9.3.25.v20180904.jar:/home/user/.m2/repository/org/eclipse/jetty/jetty-io/9.3.25.v20180904/jetty-io-9.3.25.v20180904.jar:/home/user/.m2/repository/org/eclipse/jetty/jetty-util/9.3.25.v20180904/jetty-util-9.3.25.v20180904.jar:/home/user/.m2/repository/org/eclipse/jetty/jetty-servlet/9.3.25.v20180904/jetty-servlet-9.3.25.v20180904.jar:/home/user/.m2/repository/org/eclipse/jetty/jetty-security/9.3.25.v20180904/jetty-security-9.3.25.v20180904.jar:/home/user/.m2/repository/org/eclipse/jetty/jetty-webapp/9.3.25.v20180904/jetty-webapp-9.3.25.v20180904.jar:/home/user/.m2/repository/org/eclipse/jetty/jetty-xml/9.3.25.v20180904/jetty-xml-9.3.25.v20180904.jar:/home/user/.m2/repository/javax/servlet/jsp/jsp-api/2.1/jsp-api-2.1.jar:/home/user/.m2/repository/com/sun/jersey/jersey-core/1.19/jersey-core-1.19.jar:/home/user/.m2/repository/javax/ws/rs/jsr311-api/1.1.1/jsr311-api-1.1.1.jar:/home/user/.m2/repository/com/sun/jersey/jersey-servlet/1.19/jersey-servlet-1.19.jar:/home/user/.m2/repository/com/sun/jersey/jersey-json/1.19/jersey-json-1.19.jar:/home/user/.m2/repository/org/codehaus/jettison/jettison/1.1/jettison-1.1.jar:/home/user/.m2/repository/com/sun/xml/bind/jaxb-impl/2.3.0.1/jaxb-impl-2.3.0.1.jar:/home/user/.m2/repository/org/codehaus/jackson/jackson-core-asl/1.9.13/jackson-core-asl-1.9.13.jar:/home/user/.m2/repository/org/codehaus/jackson/jackson-mapper-asl/1.9.13/jackson-mapper-asl-1.9.13.jar:/home/user/.m2/repository/org/codehaus/jackson/jackson-jaxrs/1.9.13/jackson-jaxrs-1.9.13.jar:/home/user/.m2/repository/org/codehaus/jackson/jackson-xc/1.9.13/jackson-xc-1.9.13.jar:/home/user/.m2/repository/com/sun/jersey/jersey-server/1.19/jersey-server-1.19.jar:/home/user/.m2/repository/commons-logging/commons-logging/1.1.3/commons-logging-1.1.3.jar:/home/user/.m2/repository/log4j/log4j/1.2.17/log4j-1.2.17.jar:/home/user/.m2/repository/commons-beanutils/commons-beanutils/1.9.4/commons-beanutils-1.9.4.jar:/home/user/.m2/repository/org/apache/commons/commons-configuration2/2.1.1/commons-configuration2-2.1.1.jar:/home/user/.m2/repository/org/apache/commons/commons-lang3/3.7/commons-lang3-3.7.jar:/home/user/.m2/repository/org/apache/commons/commons-text/1.4/commons-text-1.4.jar:/home/user/.m2/repository/org/slf4j/slf4j-api/1.7.25/slf4j-api-1.7.25.jar:/home/user/.m2/repository/org/slf4j/slf4j-log4j12/1.7.25/slf4j-log4j12-1.7.25.jar:/home/user/.m2/repository/org/apache/avro/avro/1.7.7/avro-1.7.7.jar:/home/user/.m2/repository/com/thoughtworks/paranamer/paranamer/2.3/paranamer-2.3.jar:/home/user/.m2/repository/org/xerial/snappy/snappy-java/1.0.5/snappy-java-1.0.5.jar:/home/user/.m2/repository/com/google/re2j/re2j/1.1/re2j-1.1.jar:/home/user/.m2/repository/com/google/protobuf/protobuf-java/2.5.0/protobuf-java-2.5.0.jar:/home/user/.m2/repository/com/google/code/gson/gson/2.2.4/gson-2.2.4.jar:/home/user/.m2/repository/org/apache/hadoop/hadoop-auth/3.2.0/hadoop-auth-3.2.0.jar:/home/user/.m2/repository/com/nimbusds/nimbus-jose-jwt/4.41.1/nimbus-jose-jwt-4.41.1.jar:/home/user/.m2/repository/com/github/stephenc/jcip/jcip-annotations/1.0-1/jcip-annotations-1.0-1.jar:/home/user/.m2/repository/net/minidev/json-smart/2.3/json-smart-2.3.jar:/home/user/.m2/repository/net/minidev/accessors-smart/1.2/accessors-smart-1.2.jar:/home/user/.m2/repository/org/apache/curator/curator-framework/2.12.0/curator-framework-2.12.0.jar:/home/user/.m2/repository/com/jcraft/jsch/0.1.54/jsch-0.1.54.jar:/home/user/.m2/repository/org/apache/curator/curator-client/2.12.0/curator-client-2.12.0.jar:/home/user/.m2/repository/org/apache/curator/curator-recipes/2.12.0/curator-recipes-2.12.0.jar:/home/user/.m2/repository/com/google/code/findbugs/jsr305/3.0.0/jsr305-3.0.0.jar:/home/user/.m2/repository/org/apache/htrace/htrace-core4/4.1.0-incubating/htrace-core4-4.1.0-incubating.jar:/home/user/.m2/repository/org/apache/zookeeper/zookeeper/3.4.13/zookeeper-3.4.13.jar:/home/user/.m2/repository/jline/jline/0.9.94/jline-0.9.94.jar:/home/user/.m2/repository/org/apache/yetus/audience-annotations/0.5.0/audience-annotations-0.5.0.jar:/home/user/.m2/repository/org/apache/commons/commons-compress/1.4.1/commons-compress-1.4.1.jar:/home/user/.m2/repository/org/tukaani/xz/1.0/xz-1.0.jar:/home/user/.m2/repository/org/apache/kerby/kerb-simplekdc/1.0.1/kerb-simplekdc-1.0.1.jar:/home/user/.m2/repository/org/apache/kerby/kerb-client/1.0.1/kerb-client-1.0.1.jar:/home/user/.m2/repository/org/apache/kerby/kerby-config/1.0.1/kerby-config-1.0.1.jar:/home/user/.m2/repository/org/apache/kerby/kerb-core/1.0.1/kerb-core-1.0.1.jar:/home/user/.m2/repository/org/apache/kerby/kerby-pkix/1.0.1/kerby-pkix-1.0.1.jar:/home/user/.m2/repository/org/apache/kerby/kerby-asn1/1.0.1/kerby-asn1-1.0.1.jar:/home/user/.m2/repository/org/apache/kerby/kerby-util/1.0.1/kerby-util-1.0.1.jar:/home/user/.m2/repository/org/apache/kerby/kerb-common/1.0.1/kerb-common-1.0.1.jar:/home/user/.m2/repository/org/apache/kerby/kerb-crypto/1.0.1/kerb-crypto-1.0.1.jar:/home/user/.m2/repository/org/apache/kerby/kerb-util/1.0.1/kerb-util-1.0.1.jar:/home/user/.m2/repository/org/apache/kerby/token-provider/1.0.1/token-provider-1.0.1.jar:/home/user/.m2/repository/org/apache/kerby/kerb-admin/1.0.1/kerb-admin-1.0.1.jar:/home/user/.m2/repository/org/apache/kerby/kerb-server/1.0.1/kerb-server-1.0.1.jar:/home/user/.m2/repository/org/apache/kerby/kerb-identity/1.0.1/kerb-identity-1.0.1.jar:/home/user/.m2/repository/org/apache/kerby/kerby-xdr/1.0.1/kerby-xdr-1.0.1.jar:/home/user/.m2/repository/com/fasterxml/jackson/core/jackson-databind/2.9.9/jackson-databind-2.9.9.jar:/home/user/.m2/repository/com/fasterxml/jackson/core/jackson-annotations/2.9.9/jackson-annotations-2.9.9.jar:/home/user/.m2/repository/com/fasterxml/jackson/core/jackson-core/2.9.9/jackson-core-2.9.9.jar:/home/user/.m2/repository/org/codehaus/woodstox/stax2-api/3.1.4/stax2-api-3.1.4.jar:/home/user/.m2/repository/com/fasterxml/woodstox/woodstox-core/5.0.3/woodstox-core-5.0.3.jar:/home/user/.m2/repository/dnsjava/dnsjava/2.1.7/dnsjava-2.1.7.jar:/home/user/.m2/repository/org/apache/hadoop/hadoop-hdfs/3.2.0/hadoop-hdfs-3.2.0.jar:/home/user/.m2/repository/org/eclipse/jetty/jetty-util-ajax/9.3.25.v20180904/jetty-util-ajax-9.3.25.v20180904.jar:/home/user/.m2/repository/commons-daemon/commons-daemon/1.0.13/commons-daemon-1.0.13.jar:/home/user/.m2/repository/io/netty/netty/3.10.5.Final/netty-3.10.5.Final.jar:/home/user/.m2/repository/io/netty/netty-all/4.0.52.Final/netty-all-4.0.52.Final.jar:/home/user/.m2/repository/org/fusesource/leveldbjni/leveldbjni-all/1.8/leveldbjni-all-1.8.jar:/home/user/.m2/repository/org/apache/hadoop/hadoop-hdds-common/0.5.0-SNAPSHOT/hadoop-hdds-common-0.5.0-SNAPSHOT.jar:/home/user/.m2/repository/org/apache/hadoop/hadoop-hdds-config/0.5.0-SNAPSHOT/hadoop-hdds-config-0.5.0-SNAPSHOT.jar:/home/user/.m2/repository/javax/annotation/javax.annotation-api/1.2/javax.annotation-api-1.2.jar:/home/user/.m2/repository/org/apache/ratis/ratis-server/0.5.0-3f446aa-SNAPSHOT/ratis-server-0.5.0-3f446aa-SNAPSHOT.jar:/home/user/.m2/repository/org/apache/ratis/ratis-thirdparty-misc/0.2.0/ratis-thirdparty-misc-0.2.0.jar:/home/user/.m2/repository/org/apache/ratis/ratis-proto/0.5.0-3f446aa-SNAPSHOT/ratis-proto-0.5.0-3f446aa-SNAPSHOT.jar:/home/user/.m2/repository/org/apache/ratis/ratis-common/0.5.0-3f446aa-SNAPSHOT/ratis-common-0.5.0-3f446aa-SNAPSHOT.jar:/home/user/.m2/repository/org/apache/ratis/ratis-client/0.5.0-3f446aa-SNAPSHOT/ratis-client-0.5.0-3f446aa-SNAPSHOT.jar:/home/user/.m2/repository/org/apache/ratis/ratis-metrics/0.5.0-3f446aa-SNAPSHOT/ratis-metrics-0.5.0-3f446aa-SNAPSHOT.jar:/home/user/.m2/repository/com/github/joshelser/dropwizard-metrics-hadoop-metrics2-reporter/0.1.2/dropwizard-metrics-hadoop-metrics2-reporter-0.1.2.jar:/home/user/.m2/repository/io/dropwizard/metrics/metrics-jvm/3.2.5/metrics-jvm-3.2.5.jar:/home/user/.m2/repository/io/dropwizard/metrics/metrics-ganglia/3.2.5/metrics-ganglia-3.2.5.jar:/home/user/.m2/repository/info/ganglia/gmetric4j/gmetric4j/1.0.7/gmetric4j-1.0.7.jar:/home/user/.m2/repository/org/apache/ratis/ratis-netty/0.5.0-3f446aa-SNAPSHOT/ratis-netty-0.5.0-3f446aa-SNAPSHOT.jar:/home/user/.m2/repository/org/apache/ratis/ratis-grpc/0.5.0-3f446aa-SNAPSHOT/ratis-grpc-0.5.0-3f446aa-SNAPSHOT.jar:/home/user/.m2/repository/org/rocksdb/rocksdbjni/6.0.1/rocksdbjni-6.0.1.jar:/home/user/.m2/repository/org/apache/logging/log4j/log4j-api/2.11.0/log4j-api-2.11.0.jar:/home/user/.m2/repository/org/apache/logging/log4j/log4j-core/2.11.0/log4j-core-2.11.0.jar:/home/user/.m2/repository/com/lmax/disruptor/3.4.2/disruptor-3.4.2.jar:/home/user/.m2/repository/org/apache/commons/commons-pool2/2.6.0/commons-pool2-2.6.0.jar:/home/user/.m2/repository/org/bouncycastle/bcpkix-jdk15on/1.60/bcpkix-jdk15on-1.60.jar:/home/user/.m2/repository/commons-validator/commons-validator/1.6/commons-validator-1.6.jar:/home/user/.m2/repository/commons-digester/commons-digester/1.8.1/commons-digester-1.8.1.jar:/home/user/.m2/repository/io/jaegertracing/jaeger-client/0.34.0/jaeger-client-0.34.0.jar:/home/user/.m2/repository/io/jaegertracing/jaeger-thrift/0.34.0/jaeger-thrift-0.34.0.jar:/home/user/.m2/repository/org/apache/thrift/libthrift/0.12.0/libthrift-0.12.0.jar:/home/user/.m2/repository/com/squareup/okhttp3/okhttp/3.9.0/okhttp-3.9.0.jar:/home/user/.m2/repository/com/squareup/okio/okio/1.13.0/okio-1.13.0.jar:/home/user/.m2/repository/io/jaegertracing/jaeger-core/0.34.0/jaeger-core-0.34.0.jar:/home/user/.m2/repository/io/jaegertracing/jaeger-tracerresolver/0.34.0/jaeger-tracerresolver-0.34.0.jar:/home/user/.m2/repository/io/opentracing/contrib/opentracing-tracerresolver/0.1.5/opentracing-tracerresolver-0.1.5.jar:/home/user/.m2/repository/io/opentracing/opentracing-util/0.31.0/opentracing-util-0.31.0.jar:/home/user/.m2/repository/io/opentracing/opentracing-api/0.31.0/opentracing-api-0.31.0.jar:/home/user/.m2/repository/io/opentracing/opentracing-noop/0.31.0/opentracing-noop-0.31.0.jar:/home/user/.m2/repository/org/yaml/snakeyaml/1.16/snakeyaml-1.16.jar:/home/user/.m2/repository/org/apache/hadoop/hadoop-hdfs-client/3.2.0/hadoop-hdfs-client-3.2.0.jar:/home/user/.m2/repository/info/picocli/picocli/3.9.6/picocli-3.9.6.jar:/home/user/.m2/repository/org/apache/hadoop/hadoop-hdds-server-scm/0.5.0-SNAPSHOT/hadoop-hdds-server-scm-0.5.0-SNAPSHOT.jar:/home/user/.m2/repository/org/apache/hadoop/hadoop-hdds-docs/0.5.0-SNAPSHOT/hadoop-hdds-docs-0.5.0-SNAPSHOT.jar:/home/user/.m2/repository/io/dropwizard/metrics/metrics-core/3.2.4/metrics-core-3.2.4.jar:/home/user/.m2/repository/org/hamcrest/hamcrest-all/1.3/hamcrest-all-1.3.jar:/home/user/.m2/repository/org/bouncycastle/bcprov-jdk15on/1.60/bcprov-jdk15on-1.60.jar:/home/user/.m2/repository/org/apache/hadoop/hadoop-hdds-server-framework/0.5.0-SNAPSHOT/hadoop-hdds-server-framework-0.5.0-SNAPSHOT.jar:/home/user/.m2/repository/org/apache/hadoop/hadoop-ozone-ozone-manager/0.5.0-SNAPSHOT/hadoop-ozone-ozone-manager-0.5.0-SNAPSHOT.jar:/home/user/.m2/repository/org/apache/hadoop/hadoop-hdds-container-service/0.5.0-SNAPSHOT/hadoop-hdds-container-service-0.5.0-SNAPSHOT.jar:/home/user/.m2/repository/org/apache/hadoop/hadoop-hdds-client/0.5.0-SNAPSHOT/hadoop-hdds-client-0.5.0-SNAPSHOT.jar:/home/user/.m2/repository/org/apache/hadoop/hadoop-ozone-common/0.5.0-SNAPSHOT/hadoop-ozone-common-0.5.0-SNAPSHOT.jar:/home/user/.m2/repository/org/apache/hadoop/hadoop-hdds-tools/0.5.0-SNAPSHOT/hadoop-hdds-tools-0.5.0-SNAPSHOT.jar:/home/user/.m2/repository/org/xerial/sqlite-jdbc/3.25.2/sqlite-jdbc-3.25.2.jar:/home/user/.m2/repository/org/apache/httpcomponents/httpclient/4.5.2/httpclient-4.5.2.jar:/home/user/.m2/repository/org/apache/httpcomponents/httpcore/4.4.4/httpcore-4.4.4.jar:/home/user/.m2/repository/com/github/spotbugs/spotbugs/3.1.12/spotbugs-3.1.12.jar:/home/user/.m2/repository/org/ow2/asm/asm/5.0.4/asm-5.0.4.jar:/home/user/.m2/repository/org/ow2/asm/asm-analysis/7.0/asm-analysis-7.0.jar:/home/user/.m2/repository/org/ow2/asm/asm-commons/7.0/asm-commons-7.0.jar:/home/user/.m2/repository/org/ow2/asm/asm-tree/7.0/asm-tree-7.0.jar:/home/user/.m2/repository/org/ow2/asm/asm-util/7.0/asm-util-7.0.jar:/home/user/.m2/repository/org/apache/bcel/bcel/6.3/bcel-6.3.jar:/home/user/.m2/repository/net/jcip/jcip-annotations/1.0/jcip-annotations-1.0.jar:/home/user/.m2/repository/org/dom4j/dom4j/2.1.1/dom4j-2.1.1.jar:/home/user/.m2/repository/jaxen/jaxen/1.1.6/jaxen-1.1.6.jar:/home/user/.m2/repository/commons-lang/commons-lang/2.6/commons-lang-2.6.jar:/home/user/.m2/repository/com/github/spotbugs/spotbugs-annotations/3.1.12/spotbugs-annotations-3.1.12.jar:/home/user/.m2/repository/org/apache/hadoop/hadoop-common/3.2.0/hadoop-common-3.2.0-tests.jar:/home/user/.m2/repository/org/apache/hadoop/hadoop-ozone-client/0.5.0-SNAPSHOT/hadoop-ozone-client-0.5.0-SNAPSHOT.jar:/home/user/.m2/repository/org/apache/hadoop/hadoop-hdfs/3.2.0/hadoop-hdfs-3.2.0-tests.jar:/workdir/hadoop-ozone/integration-test/target/test-classes:/home/user/.m2/repository/org/apache/hadoop/hadoop-ozone-s3gateway/0.5.0-SNAPSHOT/hadoop-ozone-s3gateway-0.5.0-SNAPSHOT.jar:/home/user/.m2/repository/org/jboss/weld/servlet/weld-servlet/2.4.7.Final/weld-servlet-2.4.7.Final.jar:/home/user/.m2/repository/org/glassfish/jersey/containers/jersey-container-servlet-core/2.27/jersey-container-servlet-core-2.27.jar:/home/user/.m2/repository/org/glassfish/hk2/external/javax.inject/2.5.0-b42/javax.inject-2.5.0-b42.jar:/home/user/.m2/repository/org/glassfish/jersey/core/jersey-common/2.27/jersey-common-2.27.jar:/home/user/.m2/repository/org/glassfish/hk2/osgi-resource-locator/1.0.1/osgi-resource-locator-1.0.1.jar:/home/user/.m2/repository/javax/ws/rs/javax.ws.rs-api/2.1/javax.ws.rs-api-2.1.jar:/home/user/.m2/repository/org/glassfish/jersey/ext/cdi/jersey-cdi1x/2.27/jersey-cdi1x-2.27.jar:/home/user/.m2/repository/org/glassfish/jersey/inject/jersey-hk2/2.27/jersey-hk2-2.27.jar:/home/user/.m2/repository/org/glassfish/hk2/hk2-locator/2.5.0-b42/hk2-locator-2.5.0-b42.jar:/home/user/.m2/repository/org/javassist/javassist/3.22.0-CR2/javassist-3.22.0-CR2.jar:/home/user/.m2/repository/org/glassfish/hk2/hk2-api/2.5.0/hk2-api-2.5.0.jar:/home/user/.m2/repository/org/glassfish/hk2/external/jakarta.inject/2.5.0/jakarta.inject-2.5.0.jar:/home/user/.m2/repository/org/glassfish/hk2/hk2-utils/2.5.0/hk2-utils-2.5.0.jar:/home/user/.m2/repository/jakarta/annotation/jakarta.annotation-api/1.3.4/jakarta.annotation-api-1.3.4.jar:/home/user/.m2/repository/org/glassfish/hk2/external/aopalliance-repackaged/2.5.0/aopalliance-repackaged-2.5.0.jar:/home/user/.m2/repository/com/fasterxml/jackson/dataformat/jackson-dataformat-xml/2.9.0/jackson-dataformat-xml-2.9.0.jar:/home/user/.m2/repository/com/fasterxml/jackson/module/jackson-module-jaxb-annotations/2.9.9/jackson-module-jaxb-annotations-2.9.9.jar:/home/user/.m2/repository/javax/enterprise/cdi-api/1.2/cdi-api-1.2.jar:/home/user/.m2/repository/javax/el/javax.el-api/3.0.0/javax.el-api-3.0.0.jar:/home/user/.m2/repository/javax/interceptor/javax.interceptor-api/1.2/javax.interceptor-api-1.2.jar:/home/user/.m2/repository/javax/inject/javax.inject/1/javax.inject-1.jar:/home/user/.m2/repository/com/sun/xml/bind/jaxb-core/2.3.0.1/jaxb-core-2.3.0.1.jar:/home/user/.m2/repository/javax/xml/bind/jaxb-api/2.3.0/jaxb-api-2.3.0.jar:/home/user/.m2/repository/javax/activation/activation/1.1.1/activation-1.1.1.jar:/home/user/.m2/repository/org/apache/hadoop/hadoop-ozone-csi/0.5.0-SNAPSHOT/hadoop-ozone-csi-0.5.0-SNAPSHOT.jar:/home/user/.m2/repository/com/google/protobuf/protobuf-java-util/3.5.1/protobuf-java-util-3.5.1.jar:/home/user/.m2/repository/io/grpc/grpc-netty/1.17.1/grpc-netty-1.17.1.jar:/home/user/.m2/repository/io/grpc/grpc-core/1.17.1/grpc-core-1.17.1.jar:/home/user/.m2/repository/io/grpc/grpc-context/1.17.1/grpc-context-1.17.1.jar:/home/user/.m2/repository/com/google/errorprone/error_prone_annotations/2.2.0/error_prone_annotations-2.2.0.jar:/home/user/.m2/repository/org/codehaus/mojo/animal-sniffer-annotations/1.17/animal-sniffer-annotations-1.17.jar:/home/user/.m2/repository/io/opencensus/opencensus-api/0.17.0/opencensus-api-0.17.0.jar:/home/user/.m2/repository/io/opencensus/opencensus-contrib-grpc-metrics/0.17.0/opencensus-contrib-grpc-metrics-0.17.0.jar:/home/user/.m2/repository/io/netty/netty-codec-http2/4.1.30.Final/netty-codec-http2-4.1.30.Final.jar:/home/user/.m2/repository/io/netty/netty-codec-http/4.1.30.Final/netty-codec-http-4.1.30.Final.jar:/home/user/.m2/repository/io/netty/netty-codec/4.1.30.Final/netty-codec-4.1.30.Final.jar:/home/user/.m2/repository/io/netty/netty-handler/4.1.30.Final/netty-handler-4.1.30.Final.jar:/home/user/.m2/repository/io/netty/netty-handler-proxy/4.1.30.Final/netty-handler-proxy-4.1.30.Final.jar:/home/user/.m2/repository/io/netty/netty-codec-socks/4.1.30.Final/netty-codec-socks-4.1.30.Final.jar:/home/user/.m2/repository/io/netty/netty-transport-native-epoll/4.1.30.Final/netty-transport-native-epoll-4.1.30.Final.jar:/home/user/.m2/repository/io/netty/netty-common/4.1.30.Final/netty-common-4.1.30.Final.jar:/home/user/.m2/repository/io/netty/netty-buffer/4.1.30.Final/netty-buffer-4.1.30.Final.jar:/home/user/.m2/repository/io/netty/netty-transport/4.1.30.Final/netty-transport-4.1.30.Final.jar:/home/user/.m2/repository/io/netty/netty-resolver/4.1.30.Final/netty-resolver-4.1.30.Final.jar:/home/user/.m2/repository/io/netty/netty-transport-native-unix-common/4.1.30.Final/netty-transport-native-unix-common-4.1.30.Final.jar:/home/user/.m2/repository/io/grpc/grpc-protobuf/1.17.1/grpc-protobuf-1.17.1.jar:/home/user/.m2/repository/com/google/api/grpc/proto-google-common-protos/1.0.0/proto-google-common-protos-1.0.0.jar:/home/user/.m2/repository/io/grpc/grpc-protobuf-lite/1.17.1/grpc-protobuf-lite-1.17.1.jar:/home/user/.m2/repository/io/grpc/grpc-stub/1.17.1/grpc-stub-1.17.1.jar:/home/user/.m2/repository/org/apache/hadoop/hadoop-ozone-recon/0.5.0-SNAPSHOT/hadoop-ozone-recon-0.5.0-SNAPSHOT.jar:/home/user/.m2/repository/org/apache/hadoop/hadoop-ozone-reconcodegen/0.5.0-SNAPSHOT/hadoop-ozone-reconcodegen-0.5.0-SNAPSHOT.jar:/home/user/.m2/repository/com/google/inject/extensions/guice-multibindings/4.0/guice-multibindings-4.0.jar:/home/user/.m2/repository/com/google/inject/guice/4.0/guice-4.0.jar:/home/user/.m2/repository/aopalliance/aopalliance/1.0/aopalliance-1.0.jar:/home/user/.m2/repository/org/glassfish/jersey/containers/jersey-container-servlet/2.27/jersey-container-servlet-2.27.jar:/home/user/.m2/repository/org/glassfish/hk2/guice-bridge/2.5.0/guice-bridge-2.5.0.jar:/home/user/.m2/repository/org/glassfish/jersey/core/jersey-server/2.27/jersey-server-2.27.jar:/home/user/.m2/repository/org/glassfish/jersey/core/jersey-client/2.27/jersey-client-2.27.jar:/home/user/.m2/repository/org/glassfish/jersey/media/jersey-media-jaxb/2.27/jersey-media-jaxb-2.27.jar:/home/user/.m2/repository/javax/validation/validation-api/1.1.0.Final/validation-api-1.1.0.Final.jar:/home/user/.m2/repository/org/glassfish/jersey/media/jersey-media-json-jackson/2.27/jersey-media-json-jackson-2.27.jar:/home/user/.m2/repository/org/glassfish/jersey/ext/jersey-entity-filtering/2.27/jersey-entity-filtering-2.27.jar:/home/user/.m2/repository/com/google/inject/extensions/guice-assistedinject/4.0/guice-assistedinject-4.0.jar:/home/user/.m2/repository/org/jooq/jooq/3.11.10/jooq-3.11.10.jar:/home/user/.m2/repository/org/jooq/jooq-meta/3.11.10/jooq-meta-3.11.10.jar:/home/user/.m2/repository/org/jooq/jooq-codegen/3.11.10/jooq-codegen-3.11.10.jar:/home/user/.m2/repository/com/jolbox/bonecp/0.8.0.RELEASE/bonecp-0.8.0.RELEASE.jar:/home/user/.m2/repository/org/springframework/spring-jdbc/5.1.3.RELEASE/spring-jdbc-5.1.3.RELEASE.jar:/home/user/.m2/repository/org/springframework/spring-beans/5.1.3.RELEASE/spring-beans-5.1.3.RELEASE.jar:/home/user/.m2/repository/org/springframework/spring-core/5.1.3.RELEASE/spring-core-5.1.3.RELEASE.jar:/home/user/.m2/repository/org/springframework/spring-jcl/5.1.3.RELEASE/spring-jcl-5.1.3.RELEASE.jar:/home/user/.m2/repository/org/springframework/spring-tx/5.1.3.RELEASE/spring-tx-5.1.3.RELEASE.jar:/home/user/.m2/repository/org/mockito/mockito-all/1.10.19/mockito-all-1.10.19.jar:/home/user/.m2/repository/junit/junit/4.11/junit-4.11.jar:/home/user/.m2/repository/org/hamcrest/hamcrest-core/1.3/hamcrest-core-1.3.jar:/home/user/.m2/repository/org/apache/hadoop/hadoop-distcp/3.2.0/hadoop-distcp-3.2.0.jar:/home/user/.m2/repository/org/apache/hadoop/hadoop-distcp/3.2.0/hadoop-distcp-3.2.0-tests.jar:/home/user/.m2/repository/org/apache/hadoop/hadoop-mapreduce-client-jobclient/3.2.0/hadoop-mapreduce-client-jobclient-3.2.0.jar:/home/user/.m2/repository/org/apache/hadoop/hadoop-mapreduce-client-common/3.2.0/hadoop-mapreduce-client-common-3.2.0.jar:/home/user/.m2/repository/org/apache/hadoop/hadoop-yarn-common/3.2.0/hadoop-yarn-common-3.2.0.jar:/home/user/.m2/repository/org/apache/hadoop/hadoop-yarn-api/3.2.0/hadoop-yarn-api-3.2.0.jar:/home/user/.m2/repository/com/sun/jersey/jersey-client/1.19/jersey-client-1.19.jar:/home/user/.m2/repository/com/sun/jersey/contribs/jersey-guice/1.19/jersey-guice-1.19.jar:/home/user/.m2/repository/com/fasterxml/jackson/jaxrs/jackson-jaxrs-json-provider/2.9.9/jackson-jaxrs-json-provider-2.9.9.jar:/home/user/.m2/repository/com/fasterxml/jackson/jaxrs/jackson-jaxrs-base/2.9.9/jackson-jaxrs-base-2.9.9.jar:/home/user/.m2/repository/org/apache/hadoop/hadoop-yarn-client/3.2.0/hadoop-yarn-client-3.2.0.jar:/home/user/.m2/repository/org/apache/hadoop/hadoop-mapreduce-client-core/3.2.0/hadoop-mapreduce-client-core-3.2.0.jar:/home/user/.m2/repository/com/google/inject/extensions/guice-servlet/4.0/guice-servlet-4.0.jar:/home/user/.m2/repository/org/powermock/powermock-module-junit4/1.6.5/powermock-module-junit4-1.6.5.jar:/home/user/.m2/repository/org/powermock/powermock-module-junit4-common/1.6.5/powermock-module-junit4-common-1.6.5.jar:/home/user/.m2/repository/org/powermock/powermock-core/1.6.5/powermock-core-1.6.5.jar:/home/user/.m2/repository/org/powermock/powermock-reflect/1.6.5/powermock-reflect-1.6.5.jar:/home/user/.m2/repository/org/powermock/powermock-api-mockito/1.6.5/powermock-api-mockito-1.6.5.jar:/home/user/.m2/repository/org/mockito/mockito-core/1.10.19/mockito-core-1.10.19.jar:/home/user/.m2/repository/org/objenesis/objenesis/1.0/objenesis-1.0.jar:/home/user/.m2/repository/org/powermock/powermock-api-mockito-common/1.6.5/powermock-api-mockito-common-1.6.5.jar:/home/user/.m2/repository/org/powermock/powermock-api-support/1.6.5/powermock-api-support-1.6.5.jar:"/>
    <property name="java.vm.vendor" value="Oracle Corporation"/>
    <property name="sun.arch.data.model" value="64"/>
    <property name="test.build.dir" value="/workdir/hadoop-ozone/ozonefs/target/test-dir"/>
    <property name="test.cache.data" value=""/>
    <property name="java.vendor.url" value="http://java.oracle.com/"/>
    <property name="user.timezone" value=""/>
    <property name="java.vm.specification.version" value="1.8"/>
    <property name="os.name" value="Linux"/>
    <property name="test.build.data" value="/workdir/hadoop-ozone/ozonefs/target/test-dir"/>
    <property name="user.country" value="US"/>
    <property name="sun.java.launcher" value="SUN_STANDARD"/>
    <property name="sun.boot.library.path" value="/usr/lib/jvm/java-1.8.0-openjdk-1.8.0.222.b10-1.el7_7.x86_64/jre/lib/amd64"/>
    <property name="sun.java.command" value="/workdir/hadoop-ozone/ozonefs/target/surefire/surefirebooter5834581518263363666.jar /workdir/hadoop-ozone/ozonefs/target/surefire 2019-10-16T06-58-22_039-jvmRun1 surefire2507366657690158297tmp surefire_98144069924252928286tmp"/>
    <property name="surefire.test.class.path" value="/workdir/hadoop-ozone/ozonefs/target/test-classes:/workdir/hadoop-ozone/ozonefs/target/classes:/home/user/.m2/repository/org/apache/hadoop/hadoop-common/3.2.0/hadoop-common-3.2.0.jar:/home/user/.m2/repository/org/apache/hadoop/hadoop-annotations/3.2.0/hadoop-annotations-3.2.0.jar:/usr/lib/jvm/java-1.8.0-openjdk-1.8.0.222.b10-1.el7_7.x86_64/jre/../lib/tools.jar:/home/user/.m2/repository/com/google/guava/guava/11.0.2/guava-11.0.2.jar:/home/user/.m2/repository/commons-cli/commons-cli/1.2/commons-cli-1.2.jar:/home/user/.m2/repository/org/apache/commons/commons-math3/3.1.1/commons-math3-3.1.1.jar:/home/user/.m2/repository/commons-codec/commons-codec/1.11/commons-codec-1.11.jar:/home/user/.m2/repository/commons-io/commons-io/2.5/commons-io-2.5.jar:/home/user/.m2/repository/commons-net/commons-net/3.6/commons-net-3.6.jar:/home/user/.m2/repository/commons-collections/commons-collections/3.2.2/commons-collections-3.2.2.jar:/home/user/.m2/repository/javax/servlet/javax.servlet-api/3.1.0/javax.servlet-api-3.1.0.jar:/home/user/.m2/repository/org/eclipse/jetty/jetty-server/9.3.25.v20180904/jetty-server-9.3.25.v20180904.jar:/home/user/.m2/repository/org/eclipse/jetty/jetty-http/9.3.25.v20180904/jetty-http-9.3.25.v20180904.jar:/home/user/.m2/repository/org/eclipse/jetty/jetty-io/9.3.25.v20180904/jetty-io-9.3.25.v20180904.jar:/home/user/.m2/repository/org/eclipse/jetty/jetty-util/9.3.25.v20180904/jetty-util-9.3.25.v20180904.jar:/home/user/.m2/repository/org/eclipse/jetty/jetty-servlet/9.3.25.v20180904/jetty-servlet-9.3.25.v20180904.jar:/home/user/.m2/repository/org/eclipse/jetty/jetty-security/9.3.25.v20180904/jetty-security-9.3.25.v20180904.jar:/home/user/.m2/repository/org/eclipse/jetty/jetty-webapp/9.3.25.v20180904/jetty-webapp-9.3.25.v20180904.jar:/home/user/.m2/repository/org/eclipse/jetty/jetty-xml/9.3.25.v20180904/jetty-xml-9.3.25.v20180904.jar:/home/user/.m2/repository/javax/servlet/jsp/jsp-api/2.1/jsp-api-2.1.jar:/home/user/.m2/repository/com/sun/jersey/jersey-core/1.19/jersey-core-1.19.jar:/home/user/.m2/repository/javax/ws/rs/jsr311-api/1.1.1/jsr311-api-1.1.1.jar:/home/user/.m2/repository/com/sun/jersey/jersey-servlet/1.19/jersey-servlet-1.19.jar:/home/user/.m2/repository/com/sun/jersey/jersey-json/1.19/jersey-json-1.19.jar:/home/user/.m2/repository/org/codehaus/jettison/jettison/1.1/jettison-1.1.jar:/home/user/.m2/repository/com/sun/xml/bind/jaxb-impl/2.3.0.1/jaxb-impl-2.3.0.1.jar:/home/user/.m2/repository/org/codehaus/jackson/jackson-core-asl/1.9.13/jackson-core-asl-1.9.13.jar:/home/user/.m2/repository/org/codehaus/jackson/jackson-mapper-asl/1.9.13/jackson-mapper-asl-1.9.13.jar:/home/user/.m2/repository/org/codehaus/jackson/jackson-jaxrs/1.9.13/jackson-jaxrs-1.9.13.jar:/home/user/.m2/repository/org/codehaus/jackson/jackson-xc/1.9.13/jackson-xc-1.9.13.jar:/home/user/.m2/repository/com/sun/jersey/jersey-server/1.19/jersey-server-1.19.jar:/home/user/.m2/repository/commons-logging/commons-logging/1.1.3/commons-logging-1.1.3.jar:/home/user/.m2/repository/log4j/log4j/1.2.17/log4j-1.2.17.jar:/home/user/.m2/repository/commons-beanutils/commons-beanutils/1.9.4/commons-beanutils-1.9.4.jar:/home/user/.m2/repository/org/apache/commons/commons-configuration2/2.1.1/commons-configuration2-2.1.1.jar:/home/user/.m2/repository/org/apache/commons/commons-lang3/3.7/commons-lang3-3.7.jar:/home/user/.m2/repository/org/apache/commons/commons-text/1.4/commons-text-1.4.jar:/home/user/.m2/repository/org/slf4j/slf4j-api/1.7.25/slf4j-api-1.7.25.jar:/home/user/.m2/repository/org/slf4j/slf4j-log4j12/1.7.25/slf4j-log4j12-1.7.25.jar:/home/user/.m2/repository/org/apache/avro/avro/1.7.7/avro-1.7.7.jar:/home/user/.m2/repository/com/thoughtworks/paranamer/paranamer/2.3/paranamer-2.3.jar:/home/user/.m2/repository/org/xerial/snappy/snappy-java/1.0.5/snappy-java-1.0.5.jar:/home/user/.m2/repository/com/google/re2j/re2j/1.1/re2j-1.1.jar:/home/user/.m2/repository/com/google/protobuf/protobuf-java/2.5.0/protobuf-java-2.5.0.jar:/home/user/.m2/repository/com/google/code/gson/gson/2.2.4/gson-2.2.4.jar:/home/user/.m2/repository/org/apache/hadoop/hadoop-auth/3.2.0/hadoop-auth-3.2.0.jar:/home/user/.m2/repository/com/nimbusds/nimbus-jose-jwt/4.41.1/nimbus-jose-jwt-4.41.1.jar:/home/user/.m2/repository/com/github/stephenc/jcip/jcip-annotations/1.0-1/jcip-annotations-1.0-1.jar:/home/user/.m2/repository/net/minidev/json-smart/2.3/json-smart-2.3.jar:/home/user/.m2/repository/net/minidev/accessors-smart/1.2/accessors-smart-1.2.jar:/home/user/.m2/repository/org/apache/curator/curator-framework/2.12.0/curator-framework-2.12.0.jar:/home/user/.m2/repository/com/jcraft/jsch/0.1.54/jsch-0.1.54.jar:/home/user/.m2/repository/org/apache/curator/curator-client/2.12.0/curator-client-2.12.0.jar:/home/user/.m2/repository/org/apache/curator/curator-recipes/2.12.0/curator-recipes-2.12.0.jar:/home/user/.m2/repository/com/google/code/findbugs/jsr305/3.0.0/jsr305-3.0.0.jar:/home/user/.m2/repository/org/apache/htrace/htrace-core4/4.1.0-incubating/htrace-core4-4.1.0-incubating.jar:/home/user/.m2/repository/org/apache/zookeeper/zookeeper/3.4.13/zookeeper-3.4.13.jar:/home/user/.m2/repository/jline/jline/0.9.94/jline-0.9.94.jar:/home/user/.m2/repository/org/apache/yetus/audience-annotations/0.5.0/audience-annotations-0.5.0.jar:/home/user/.m2/repository/org/apache/commons/commons-compress/1.4.1/commons-compress-1.4.1.jar:/home/user/.m2/repository/org/tukaani/xz/1.0/xz-1.0.jar:/home/user/.m2/repository/org/apache/kerby/kerb-simplekdc/1.0.1/kerb-simplekdc-1.0.1.jar:/home/user/.m2/repository/org/apache/kerby/kerb-client/1.0.1/kerb-client-1.0.1.jar:/home/user/.m2/repository/org/apache/kerby/kerby-config/1.0.1/kerby-config-1.0.1.jar:/home/user/.m2/repository/org/apache/kerby/kerb-core/1.0.1/kerb-core-1.0.1.jar:/home/user/.m2/repository/org/apache/kerby/kerby-pkix/1.0.1/kerby-pkix-1.0.1.jar:/home/user/.m2/repository/org/apache/kerby/kerby-asn1/1.0.1/kerby-asn1-1.0.1.jar:/home/user/.m2/repository/org/apache/kerby/kerby-util/1.0.1/kerby-util-1.0.1.jar:/home/user/.m2/repository/org/apache/kerby/kerb-common/1.0.1/kerb-common-1.0.1.jar:/home/user/.m2/repository/org/apache/kerby/kerb-crypto/1.0.1/kerb-crypto-1.0.1.jar:/home/user/.m2/repository/org/apache/kerby/kerb-util/1.0.1/kerb-util-1.0.1.jar:/home/user/.m2/repository/org/apache/kerby/token-provider/1.0.1/token-provider-1.0.1.jar:/home/user/.m2/repository/org/apache/kerby/kerb-admin/1.0.1/kerb-admin-1.0.1.jar:/home/user/.m2/repository/org/apache/kerby/kerb-server/1.0.1/kerb-server-1.0.1.jar:/home/user/.m2/repository/org/apache/kerby/kerb-identity/1.0.1/kerb-identity-1.0.1.jar:/home/user/.m2/repository/org/apache/kerby/kerby-xdr/1.0.1/kerby-xdr-1.0.1.jar:/home/user/.m2/repository/com/fasterxml/jackson/core/jackson-databind/2.9.9/jackson-databind-2.9.9.jar:/home/user/.m2/repository/com/fasterxml/jackson/core/jackson-annotations/2.9.9/jackson-annotations-2.9.9.jar:/home/user/.m2/repository/com/fasterxml/jackson/core/jackson-core/2.9.9/jackson-core-2.9.9.jar:/home/user/.m2/repository/org/codehaus/woodstox/stax2-api/3.1.4/stax2-api-3.1.4.jar:/home/user/.m2/repository/com/fasterxml/woodstox/woodstox-core/5.0.3/woodstox-core-5.0.3.jar:/home/user/.m2/repository/dnsjava/dnsjava/2.1.7/dnsjava-2.1.7.jar:/home/user/.m2/repository/org/apache/hadoop/hadoop-hdfs/3.2.0/hadoop-hdfs-3.2.0.jar:/home/user/.m2/repository/org/eclipse/jetty/jetty-util-ajax/9.3.25.v20180904/jetty-util-ajax-9.3.25.v20180904.jar:/home/user/.m2/repository/commons-daemon/commons-daemon/1.0.13/commons-daemon-1.0.13.jar:/home/user/.m2/repository/io/netty/netty/3.10.5.Final/netty-3.10.5.Final.jar:/home/user/.m2/repository/io/netty/netty-all/4.0.52.Final/netty-all-4.0.52.Final.jar:/home/user/.m2/repository/org/fusesource/leveldbjni/leveldbjni-all/1.8/leveldbjni-all-1.8.jar:/home/user/.m2/repository/org/apache/hadoop/hadoop-hdds-common/0.5.0-SNAPSHOT/hadoop-hdds-common-0.5.0-SNAPSHOT.jar:/home/user/.m2/repository/org/apache/hadoop/hadoop-hdds-config/0.5.0-SNAPSHOT/hadoop-hdds-config-0.5.0-SNAPSHOT.jar:/home/user/.m2/repository/javax/annotation/javax.annotation-api/1.2/javax.annotation-api-1.2.jar:/home/user/.m2/repository/org/apache/ratis/ratis-server/0.5.0-3f446aa-SNAPSHOT/ratis-server-0.5.0-3f446aa-SNAPSHOT.jar:/home/user/.m2/repository/org/apache/ratis/ratis-thirdparty-misc/0.2.0/ratis-thirdparty-misc-0.2.0.jar:/home/user/.m2/repository/org/apache/ratis/ratis-proto/0.5.0-3f446aa-SNAPSHOT/ratis-proto-0.5.0-3f446aa-SNAPSHOT.jar:/home/user/.m2/repository/org/apache/ratis/ratis-common/0.5.0-3f446aa-SNAPSHOT/ratis-common-0.5.0-3f446aa-SNAPSHOT.jar:/home/user/.m2/repository/org/apache/ratis/ratis-client/0.5.0-3f446aa-SNAPSHOT/ratis-client-0.5.0-3f446aa-SNAPSHOT.jar:/home/user/.m2/repository/org/apache/ratis/ratis-metrics/0.5.0-3f446aa-SNAPSHOT/ratis-metrics-0.5.0-3f446aa-SNAPSHOT.jar:/home/user/.m2/repository/com/github/joshelser/dropwizard-metrics-hadoop-metrics2-reporter/0.1.2/dropwizard-metrics-hadoop-metrics2-reporter-0.1.2.jar:/home/user/.m2/repository/io/dropwizard/metrics/metrics-jvm/3.2.5/metrics-jvm-3.2.5.jar:/home/user/.m2/repository/io/dropwizard/metrics/metrics-ganglia/3.2.5/metrics-ganglia-3.2.5.jar:/home/user/.m2/repository/info/ganglia/gmetric4j/gmetric4j/1.0.7/gmetric4j-1.0.7.jar:/home/user/.m2/repository/org/apache/ratis/ratis-netty/0.5.0-3f446aa-SNAPSHOT/ratis-netty-0.5.0-3f446aa-SNAPSHOT.jar:/home/user/.m2/repository/org/apache/ratis/ratis-grpc/0.5.0-3f446aa-SNAPSHOT/ratis-grpc-0.5.0-3f446aa-SNAPSHOT.jar:/home/user/.m2/repository/org/rocksdb/rocksdbjni/6.0.1/rocksdbjni-6.0.1.jar:/home/user/.m2/repository/org/apache/logging/log4j/log4j-api/2.11.0/log4j-api-2.11.0.jar:/home/user/.m2/repository/org/apache/logging/log4j/log4j-core/2.11.0/log4j-core-2.11.0.jar:/home/user/.m2/repository/com/lmax/disruptor/3.4.2/disruptor-3.4.2.jar:/home/user/.m2/repository/org/apache/commons/commons-pool2/2.6.0/commons-pool2-2.6.0.jar:/home/user/.m2/repository/org/bouncycastle/bcpkix-jdk15on/1.60/bcpkix-jdk15on-1.60.jar:/home/user/.m2/repository/commons-validator/commons-validator/1.6/commons-validator-1.6.jar:/home/user/.m2/repository/commons-digester/commons-digester/1.8.1/commons-digester-1.8.1.jar:/home/user/.m2/repository/io/jaegertracing/jaeger-client/0.34.0/jaeger-client-0.34.0.jar:/home/user/.m2/repository/io/jaegertracing/jaeger-thrift/0.34.0/jaeger-thrift-0.34.0.jar:/home/user/.m2/repository/org/apache/thrift/libthrift/0.12.0/libthrift-0.12.0.jar:/home/user/.m2/repository/com/squareup/okhttp3/okhttp/3.9.0/okhttp-3.9.0.jar:/home/user/.m2/repository/com/squareup/okio/okio/1.13.0/okio-1.13.0.jar:/home/user/.m2/repository/io/jaegertracing/jaeger-core/0.34.0/jaeger-core-0.34.0.jar:/home/user/.m2/repository/io/jaegertracing/jaeger-tracerresolver/0.34.0/jaeger-tracerresolver-0.34.0.jar:/home/user/.m2/repository/io/opentracing/contrib/opentracing-tracerresolver/0.1.5/opentracing-tracerresolver-0.1.5.jar:/home/user/.m2/repository/io/opentracing/opentracing-util/0.31.0/opentracing-util-0.31.0.jar:/home/user/.m2/repository/io/opentracing/opentracing-api/0.31.0/opentracing-api-0.31.0.jar:/home/user/.m2/repository/io/opentracing/opentracing-noop/0.31.0/opentracing-noop-0.31.0.jar:/home/user/.m2/repository/org/yaml/snakeyaml/1.16/snakeyaml-1.16.jar:/home/user/.m2/repository/org/apache/hadoop/hadoop-hdfs-client/3.2.0/hadoop-hdfs-client-3.2.0.jar:/home/user/.m2/repository/info/picocli/picocli/3.9.6/picocli-3.9.6.jar:/home/user/.m2/repository/org/apache/hadoop/hadoop-hdds-server-scm/0.5.0-SNAPSHOT/hadoop-hdds-server-scm-0.5.0-SNAPSHOT.jar:/home/user/.m2/repository/org/apache/hadoop/hadoop-hdds-docs/0.5.0-SNAPSHOT/hadoop-hdds-docs-0.5.0-SNAPSHOT.jar:/home/user/.m2/repository/io/dropwizard/metrics/metrics-core/3.2.4/metrics-core-3.2.4.jar:/home/user/.m2/repository/org/hamcrest/hamcrest-all/1.3/hamcrest-all-1.3.jar:/home/user/.m2/repository/org/bouncycastle/bcprov-jdk15on/1.60/bcprov-jdk15on-1.60.jar:/home/user/.m2/repository/org/apache/hadoop/hadoop-hdds-server-framework/0.5.0-SNAPSHOT/hadoop-hdds-server-framework-0.5.0-SNAPSHOT.jar:/home/user/.m2/repository/org/apache/hadoop/hadoop-ozone-ozone-manager/0.5.0-SNAPSHOT/hadoop-ozone-ozone-manager-0.5.0-SNAPSHOT.jar:/home/user/.m2/repository/org/apache/hadoop/hadoop-hdds-container-service/0.5.0-SNAPSHOT/hadoop-hdds-container-service-0.5.0-SNAPSHOT.jar:/home/user/.m2/repository/org/apache/hadoop/hadoop-hdds-client/0.5.0-SNAPSHOT/hadoop-hdds-client-0.5.0-SNAPSHOT.jar:/home/user/.m2/repository/org/apache/hadoop/hadoop-ozone-common/0.5.0-SNAPSHOT/hadoop-ozone-common-0.5.0-SNAPSHOT.jar:/home/user/.m2/repository/org/apache/hadoop/hadoop-hdds-tools/0.5.0-SNAPSHOT/hadoop-hdds-tools-0.5.0-SNAPSHOT.jar:/home/user/.m2/repository/org/xerial/sqlite-jdbc/3.25.2/sqlite-jdbc-3.25.2.jar:/home/user/.m2/repository/org/apache/httpcomponents/httpclient/4.5.2/httpclient-4.5.2.jar:/home/user/.m2/repository/org/apache/httpcomponents/httpcore/4.4.4/httpcore-4.4.4.jar:/home/user/.m2/repository/com/github/spotbugs/spotbugs/3.1.12/spotbugs-3.1.12.jar:/home/user/.m2/repository/org/ow2/asm/asm/5.0.4/asm-5.0.4.jar:/home/user/.m2/repository/org/ow2/asm/asm-analysis/7.0/asm-analysis-7.0.jar:/home/user/.m2/repository/org/ow2/asm/asm-commons/7.0/asm-commons-7.0.jar:/home/user/.m2/repository/org/ow2/asm/asm-tree/7.0/asm-tree-7.0.jar:/home/user/.m2/repository/org/ow2/asm/asm-util/7.0/asm-util-7.0.jar:/home/user/.m2/repository/org/apache/bcel/bcel/6.3/bcel-6.3.jar:/home/user/.m2/repository/net/jcip/jcip-annotations/1.0/jcip-annotations-1.0.jar:/home/user/.m2/repository/org/dom4j/dom4j/2.1.1/dom4j-2.1.1.jar:/home/user/.m2/repository/jaxen/jaxen/1.1.6/jaxen-1.1.6.jar:/home/user/.m2/repository/commons-lang/commons-lang/2.6/commons-lang-2.6.jar:/home/user/.m2/repository/com/github/spotbugs/spotbugs-annotations/3.1.12/spotbugs-annotations-3.1.12.jar:/home/user/.m2/repository/org/apache/hadoop/hadoop-common/3.2.0/hadoop-common-3.2.0-tests.jar:/home/user/.m2/repository/org/apache/hadoop/hadoop-ozone-client/0.5.0-SNAPSHOT/hadoop-ozone-client-0.5.0-SNAPSHOT.jar:/home/user/.m2/repository/org/apache/hadoop/hadoop-hdfs/3.2.0/hadoop-hdfs-3.2.0-tests.jar:/workdir/hadoop-ozone/integration-test/target/test-classes:/home/user/.m2/repository/org/apache/hadoop/hadoop-ozone-s3gateway/0.5.0-SNAPSHOT/hadoop-ozone-s3gateway-0.5.0-SNAPSHOT.jar:/home/user/.m2/repository/org/jboss/weld/servlet/weld-servlet/2.4.7.Final/weld-servlet-2.4.7.Final.jar:/home/user/.m2/repository/org/glassfish/jersey/containers/jersey-container-servlet-core/2.27/jersey-container-servlet-core-2.27.jar:/home/user/.m2/repository/org/glassfish/hk2/external/javax.inject/2.5.0-b42/javax.inject-2.5.0-b42.jar:/home/user/.m2/repository/org/glassfish/jersey/core/jersey-common/2.27/jersey-common-2.27.jar:/home/user/.m2/repository/org/glassfish/hk2/osgi-resource-locator/1.0.1/osgi-resource-locator-1.0.1.jar:/home/user/.m2/repository/javax/ws/rs/javax.ws.rs-api/2.1/javax.ws.rs-api-2.1.jar:/home/user/.m2/repository/org/glassfish/jersey/ext/cdi/jersey-cdi1x/2.27/jersey-cdi1x-2.27.jar:/home/user/.m2/repository/org/glassfish/jersey/inject/jersey-hk2/2.27/jersey-hk2-2.27.jar:/home/user/.m2/repository/org/glassfish/hk2/hk2-locator/2.5.0-b42/hk2-locator-2.5.0-b42.jar:/home/user/.m2/repository/org/javassist/javassist/3.22.0-CR2/javassist-3.22.0-CR2.jar:/home/user/.m2/repository/org/glassfish/hk2/hk2-api/2.5.0/hk2-api-2.5.0.jar:/home/user/.m2/repository/org/glassfish/hk2/external/jakarta.inject/2.5.0/jakarta.inject-2.5.0.jar:/home/user/.m2/repository/org/glassfish/hk2/hk2-utils/2.5.0/hk2-utils-2.5.0.jar:/home/user/.m2/repository/jakarta/annotation/jakarta.annotation-api/1.3.4/jakarta.annotation-api-1.3.4.jar:/home/user/.m2/repository/org/glassfish/hk2/external/aopalliance-repackaged/2.5.0/aopalliance-repackaged-2.5.0.jar:/home/user/.m2/repository/com/fasterxml/jackson/dataformat/jackson-dataformat-xml/2.9.0/jackson-dataformat-xml-2.9.0.jar:/home/user/.m2/repository/com/fasterxml/jackson/module/jackson-module-jaxb-annotations/2.9.9/jackson-module-jaxb-annotations-2.9.9.jar:/home/user/.m2/repository/javax/enterprise/cdi-api/1.2/cdi-api-1.2.jar:/home/user/.m2/repository/javax/el/javax.el-api/3.0.0/javax.el-api-3.0.0.jar:/home/user/.m2/repository/javax/interceptor/javax.interceptor-api/1.2/javax.interceptor-api-1.2.jar:/home/user/.m2/repository/javax/inject/javax.inject/1/javax.inject-1.jar:/home/user/.m2/repository/com/sun/xml/bind/jaxb-core/2.3.0.1/jaxb-core-2.3.0.1.jar:/home/user/.m2/repository/javax/xml/bind/jaxb-api/2.3.0/jaxb-api-2.3.0.jar:/home/user/.m2/repository/javax/activation/activation/1.1.1/activation-1.1.1.jar:/home/user/.m2/repository/org/apache/hadoop/hadoop-ozone-csi/0.5.0-SNAPSHOT/hadoop-ozone-csi-0.5.0-SNAPSHOT.jar:/home/user/.m2/repository/com/google/protobuf/protobuf-java-util/3.5.1/protobuf-java-util-3.5.1.jar:/home/user/.m2/repository/io/grpc/grpc-netty/1.17.1/grpc-netty-1.17.1.jar:/home/user/.m2/repository/io/grpc/grpc-core/1.17.1/grpc-core-1.17.1.jar:/home/user/.m2/repository/io/grpc/grpc-context/1.17.1/grpc-context-1.17.1.jar:/home/user/.m2/repository/com/google/errorprone/error_prone_annotations/2.2.0/error_prone_annotations-2.2.0.jar:/home/user/.m2/repository/org/codehaus/mojo/animal-sniffer-annotations/1.17/animal-sniffer-annotations-1.17.jar:/home/user/.m2/repository/io/opencensus/opencensus-api/0.17.0/opencensus-api-0.17.0.jar:/home/user/.m2/repository/io/opencensus/opencensus-contrib-grpc-metrics/0.17.0/opencensus-contrib-grpc-metrics-0.17.0.jar:/home/user/.m2/repository/io/netty/netty-codec-http2/4.1.30.Final/netty-codec-http2-4.1.30.Final.jar:/home/user/.m2/repository/io/netty/netty-codec-http/4.1.30.Final/netty-codec-http-4.1.30.Final.jar:/home/user/.m2/repository/io/netty/netty-codec/4.1.30.Final/netty-codec-4.1.30.Final.jar:/home/user/.m2/repository/io/netty/netty-handler/4.1.30.Final/netty-handler-4.1.30.Final.jar:/home/user/.m2/repository/io/netty/netty-handler-proxy/4.1.30.Final/netty-handler-proxy-4.1.30.Final.jar:/home/user/.m2/repository/io/netty/netty-codec-socks/4.1.30.Final/netty-codec-socks-4.1.30.Final.jar:/home/user/.m2/repository/io/netty/netty-transport-native-epoll/4.1.30.Final/netty-transport-native-epoll-4.1.30.Final.jar:/home/user/.m2/repository/io/netty/netty-common/4.1.30.Final/netty-common-4.1.30.Final.jar:/home/user/.m2/repository/io/netty/netty-buffer/4.1.30.Final/netty-buffer-4.1.30.Final.jar:/home/user/.m2/repository/io/netty/netty-transport/4.1.30.Final/netty-transport-4.1.30.Final.jar:/home/user/.m2/repository/io/netty/netty-resolver/4.1.30.Final/netty-resolver-4.1.30.Final.jar:/home/user/.m2/repository/io/netty/netty-transport-native-unix-common/4.1.30.Final/netty-transport-native-unix-common-4.1.30.Final.jar:/home/user/.m2/repository/io/grpc/grpc-protobuf/1.17.1/grpc-protobuf-1.17.1.jar:/home/user/.m2/repository/com/google/api/grpc/proto-google-common-protos/1.0.0/proto-google-common-protos-1.0.0.jar:/home/user/.m2/repository/io/grpc/grpc-protobuf-lite/1.17.1/grpc-protobuf-lite-1.17.1.jar:/home/user/.m2/repository/io/grpc/grpc-stub/1.17.1/grpc-stub-1.17.1.jar:/home/user/.m2/repository/org/apache/hadoop/hadoop-ozone-recon/0.5.0-SNAPSHOT/hadoop-ozone-recon-0.5.0-SNAPSHOT.jar:/home/user/.m2/repository/org/apache/hadoop/hadoop-ozone-reconcodegen/0.5.0-SNAPSHOT/hadoop-ozone-reconcodegen-0.5.0-SNAPSHOT.jar:/home/user/.m2/repository/com/google/inject/extensions/guice-multibindings/4.0/guice-multibindings-4.0.jar:/home/user/.m2/repository/com/google/inject/guice/4.0/guice-4.0.jar:/home/user/.m2/repository/aopalliance/aopalliance/1.0/aopalliance-1.0.jar:/home/user/.m2/repository/org/glassfish/jersey/containers/jersey-container-servlet/2.27/jersey-container-servlet-2.27.jar:/home/user/.m2/repository/org/glassfish/hk2/guice-bridge/2.5.0/guice-bridge-2.5.0.jar:/home/user/.m2/repository/org/glassfish/jersey/core/jersey-server/2.27/jersey-server-2.27.jar:/home/user/.m2/repository/org/glassfish/jersey/core/jersey-client/2.27/jersey-client-2.27.jar:/home/user/.m2/repository/org/glassfish/jersey/media/jersey-media-jaxb/2.27/jersey-media-jaxb-2.27.jar:/home/user/.m2/repository/javax/validation/validation-api/1.1.0.Final/validation-api-1.1.0.Final.jar:/home/user/.m2/repository/org/glassfish/jersey/media/jersey-media-json-jackson/2.27/jersey-media-json-jackson-2.27.jar:/home/user/.m2/repository/org/glassfish/jersey/ext/jersey-entity-filtering/2.27/jersey-entity-filtering-2.27.jar:/home/user/.m2/repository/com/google/inject/extensions/guice-assistedinject/4.0/guice-assistedinject-4.0.jar:/home/user/.m2/repository/org/jooq/jooq/3.11.10/jooq-3.11.10.jar:/home/user/.m2/repository/org/jooq/jooq-meta/3.11.10/jooq-meta-3.11.10.jar:/home/user/.m2/repository/org/jooq/jooq-codegen/3.11.10/jooq-codegen-3.11.10.jar:/home/user/.m2/repository/com/jolbox/bonecp/0.8.0.RELEASE/bonecp-0.8.0.RELEASE.jar:/home/user/.m2/repository/org/springframework/spring-jdbc/5.1.3.RELEASE/spring-jdbc-5.1.3.RELEASE.jar:/home/user/.m2/repository/org/springframework/spring-beans/5.1.3.RELEASE/spring-beans-5.1.3.RELEASE.jar:/home/user/.m2/repository/org/springframework/spring-core/5.1.3.RELEASE/spring-core-5.1.3.RELEASE.jar:/home/user/.m2/repository/org/springframework/spring-jcl/5.1.3.RELEASE/spring-jcl-5.1.3.RELEASE.jar:/home/user/.m2/repository/org/springframework/spring-tx/5.1.3.RELEASE/spring-tx-5.1.3.RELEASE.jar:/home/user/.m2/repository/org/mockito/mockito-all/1.10.19/mockito-all-1.10.19.jar:/home/user/.m2/repository/junit/junit/4.11/junit-4.11.jar:/home/user/.m2/repository/org/hamcrest/hamcrest-core/1.3/hamcrest-core-1.3.jar:/home/user/.m2/repository/org/apache/hadoop/hadoop-distcp/3.2.0/hadoop-distcp-3.2.0.jar:/home/user/.m2/repository/org/apache/hadoop/hadoop-distcp/3.2.0/hadoop-distcp-3.2.0-tests.jar:/home/user/.m2/repository/org/apache/hadoop/hadoop-mapreduce-client-jobclient/3.2.0/hadoop-mapreduce-client-jobclient-3.2.0.jar:/home/user/.m2/repository/org/apache/hadoop/hadoop-mapreduce-client-common/3.2.0/hadoop-mapreduce-client-common-3.2.0.jar:/home/user/.m2/repository/org/apache/hadoop/hadoop-yarn-common/3.2.0/hadoop-yarn-common-3.2.0.jar:/home/user/.m2/repository/org/apache/hadoop/hadoop-yarn-api/3.2.0/hadoop-yarn-api-3.2.0.jar:/home/user/.m2/repository/com/sun/jersey/jersey-client/1.19/jersey-client-1.19.jar:/home/user/.m2/repository/com/sun/jersey/contribs/jersey-guice/1.19/jersey-guice-1.19.jar:/home/user/.m2/repository/com/fasterxml/jackson/jaxrs/jackson-jaxrs-json-provider/2.9.9/jackson-jaxrs-json-provider-2.9.9.jar:/home/user/.m2/repository/com/fasterxml/jackson/jaxrs/jackson-jaxrs-base/2.9.9/jackson-jaxrs-base-2.9.9.jar:/home/user/.m2/repository/org/apache/hadoop/hadoop-yarn-client/3.2.0/hadoop-yarn-client-3.2.0.jar:/home/user/.m2/repository/org/apache/hadoop/hadoop-mapreduce-client-core/3.2.0/hadoop-mapreduce-client-core-3.2.0.jar:/home/user/.m2/repository/com/google/inject/extensions/guice-servlet/4.0/guice-servlet-4.0.jar:/home/user/.m2/repository/org/powermock/powermock-module-junit4/1.6.5/powermock-module-junit4-1.6.5.jar:/home/user/.m2/repository/org/powermock/powermock-module-junit4-common/1.6.5/powermock-module-junit4-common-1.6.5.jar:/home/user/.m2/repository/org/powermock/powermock-core/1.6.5/powermock-core-1.6.5.jar:/home/user/.m2/repository/org/powermock/powermock-reflect/1.6.5/powermock-reflect-1.6.5.jar:/home/user/.m2/repository/org/powermock/powermock-api-mockito/1.6.5/powermock-api-mockito-1.6.5.jar:/home/user/.m2/repository/org/mockito/mockito-core/1.10.19/mockito-core-1.10.19.jar:/home/user/.m2/repository/org/objenesis/objenesis/1.0/objenesis-1.0.jar:/home/user/.m2/repository/org/powermock/powermock-api-mockito-common/1.6.5/powermock-api-mockito-common-1.6.5.jar:/home/user/.m2/repository/org/powermock/powermock-api-support/1.6.5/powermock-api-support-1.6.5.jar:"/>
    <property name="sun.cpu.endian" value="little"/>
    <property name="user.home" value="/home/user"/>
    <property name="user.language" value="en"/>
    <property name="java.specification.vendor" value="Oracle Corporation"/>
    <property name="java.home" value="/usr/lib/jvm/java-1.8.0-openjdk-1.8.0.222.b10-1.el7_7.x86_64/jre"/>
    <property name="surefire.excludesFile" value="/tools/ozone-bad-unit-tests"/>
    <property name="java.security.krb5.conf" value="/workdir/hadoop-ozone/ozonefs/target/test-classes/krb5.conf"/>
    <property name="basedir" value="/workdir/hadoop-ozone/ozonefs"/>
    <property name="file.separator" value="/"/>
    <property name="line.separator" value="&#10;"/>
    <property name="java.vm.specification.vendor" value="Oracle Corporation"/>
    <property name="java.specification.name" value="Java Platform API Specification"/>
    <property name="java.awt.graphicsenv" value="sun.awt.X11GraphicsEnvironment"/>
    <property name="surefire.real.class.path" value="/workdir/hadoop-ozone/ozonefs/target/surefire/surefirebooter5834581518263363666.jar"/>
    <property name="hadoop.log.dir" value="/workdir/hadoop-ozone/ozonefs/target/log"/>
    <property name="sun.boot.class.path" value="/usr/lib/jvm/java-1.8.0-openjdk-1.8.0.222.b10-1.el7_7.x86_64/jre/lib/resources.jar:/usr/lib/jvm/java-1.8.0-openjdk-1.8.0.222.b10-1.el7_7.x86_64/jre/lib/rt.jar:/usr/lib/jvm/java-1.8.0-openjdk-1.8.0.222.b10-1.el7_7.x86_64/jre/lib/sunrsasign.jar:/usr/lib/jvm/java-1.8.0-openjdk-1.8.0.222.b10-1.el7_7.x86_64/jre/lib/jsse.jar:/usr/lib/jvm/java-1.8.0-openjdk-1.8.0.222.b10-1.el7_7.x86_64/jre/lib/jce.jar:/usr/lib/jvm/java-1.8.0-openjdk-1.8.0.222.b10-1.el7_7.x86_64/jre/lib/charsets.jar:/usr/lib/jvm/java-1.8.0-openjdk-1.8.0.222.b10-1.el7_7.x86_64/jre/lib/jfr.jar:/usr/lib/jvm/java-1.8.0-openjdk-1.8.0.222.b10-1.el7_7.x86_64/jre/classes"/>
    <property name="sun.management.compiler" value="HotSpot 64-Bit Tiered Compilers"/>
    <property name="java.runtime.version" value="1.8.0_222-b10"/>
    <property name="java.net.preferIPv4Stack" value="true"/>
    <property name="user.name" value="jenkins1000"/>
    <property name="path.separator" value=":"/>
    <property name="java.security.egd" value="file:///dev/urandom"/>
    <property name="os.version" value="3.10.0-957.12.2.el7.x86_64"/>
    <property name="java.endorsed.dirs" value="/usr/lib/jvm/java-1.8.0-openjdk-1.8.0.222.b10-1.el7_7.x86_64/jre/lib/endorsed"/>
    <property name="java.runtime.name" value="OpenJDK Runtime Environment"/>
    <property name="file.encoding" value="ANSI_X3.4-1968"/>
    <property name="java.vm.name" value="OpenJDK 64-Bit Server VM"/>
    <property name="test.build.webapps" value=""/>
    <property name="localRepository" value="/home/user/.m2/repository"/>
    <property name="java.vendor.url.bug" value="http://bugreport.sun.com/bugreport/"/>
    <property name="java.io.tmpdir" value="/tmp"/>
    <property name="require.test.libhadoop" value=""/>
    <property name="java.version" value="1.8.0_222"/>
    <property name="user.dir" value="/workdir/hadoop-ozone/ozonefs"/>
    <property name="os.arch" value="amd64"/>
    <property name="java.vm.specification.name" value="Java Virtual Machine Specification"/>
    <property name="test.build.classes" value="/workdir/hadoop-ozone/ozonefs/target/test-classes"/>
    <property name="java.awt.printerjob" value="sun.print.PSPrinterJob"/>
    <property name="sun.os.patch.level" value="unknown"/>
    <property name="hadoop.tmp.dir" value="/workdir/hadoop-ozone/ozonefs/target/tmp"/>
    <property name="java.library.path" value="/usr/lib:/workdir/hadoop-ozone/ozonefs/target/native/target/usr/local/lib:/workdir/hadoop-ozone/ozonefs/../../hadoop-common-project/hadoop-common/target/native/target/usr/local/lib:/usr/java/packages/lib/amd64:/usr/lib64:/lib64:/lib:/usr/lib"/>
    <property name="java.vm.info" value="mixed mode"/>
    <property name="java.vendor" value="Oracle Corporation"/>
    <property name="java.vm.version" value="25.222-b10"/>
    <property name="java.ext.dirs" value="/usr/lib/jvm/java-1.8.0-openjdk-1.8.0.222.b10-1.el7_7.x86_64/jre/lib/ext:/usr/java/packages/lib/ext"/>
    <property name="sun.io.unicode.encoding" value="UnicodeLittle"/>
    <property name="java.class.version" value="52.0"/>
  </properties>
  <testcase name="testOzoneFsServiceLoader" classname="org.apache.hadoop.fs.ozone.TestOzoneFileSystem" time="22.066"/>
  <testcase name="testListStatusOnRoot" classname="org.apache.hadoop.fs.ozone.TestOzoneFileSystem" time="16.922"/>
  <testcase name="testListStatusOnSubDirs" classname="org.apache.hadoop.fs.ozone.TestOzoneFileSystem" time="17.352">
    <error message="Releasing lock on resource /volume31077/bucket69903 without acquiring lock&#10;	at org.apache.hadoop.ozone.lock.LockManager.getLockForReleasing(LockManager.java:220)&#10;	at org.apache.hadoop.ozone.lock.LockManager.release(LockManager.java:168)&#10;	at org.apache.hadoop.ozone.lock.LockManager.writeUnlock(LockManager.java:148)&#10;	at org.apache.hadoop.ozone.om.lock.OzoneManagerLock.unlock(OzoneManagerLock.java:364)&#10;	at org.apache.hadoop.ozone.om.lock.OzoneManagerLock.releaseWriteLock(OzoneManagerLock.java:329)&#10;	at org.apache.hadoop.ozone.om.request.key.OMKeyCommitRequest.validateAndUpdateCache(OMKeyCommitRequest.java:177)&#10;	at org.apache.hadoop.ozone.protocolPB.OzoneManagerProtocolServerSideTranslatorPB.submitRequestDirectlyToOM(OzoneManagerProtocolServerSideTranslatorPB.java:219)&#10;	at org.apache.hadoop.ozone.protocolPB.OzoneManagerProtocolServerSideTranslatorPB.processRequest(OzoneManagerProtocolServerSideTranslatorPB.java:134)&#10;	at org.apache.hadoop.hdds.server.OzoneProtocolMessageDispatcher.processRequest(OzoneProtocolMessageDispatcher.java:72)&#10;	at org.apache.hadoop.ozone.protocolPB.OzoneManagerProtocolServerSideTranslatorPB.submitRequest(OzoneManagerProtocolServerSideTranslatorPB.java:100)&#10;	at org.apache.hadoop.ozone.protocol.proto.OzoneManagerProtocolProtos$OzoneManagerService$2.callBlockingMethod(OzoneManagerProtocolProtos.java)&#10;	at org.apache.hadoop.ipc.ProtobufRpcEngine$Server$ProtoBufRpcInvoker.call(ProtobufRpcEngine.java:524)&#10;	at org.apache.hadoop.ipc.RPC$Server.call(RPC.java:1025)&#10;	at org.apache.hadoop.ipc.Server$RpcCall.run(Server.java:876)&#10;	at org.apache.hadoop.ipc.Server$RpcCall.run(Server.java:822)&#10;	at java.security.AccessController.doPrivileged(Native Method)&#10;	at javax.security.auth.Subject.doAs(Subject.java:422)&#10;	at org.apache.hadoop.security.UserGroupInformation.doAs(UserGroupInformation.java:1730)&#10;	at org.apache.hadoop.ipc.Server$Handler.run(Server.java:2682)&#10;" type="org.apache.hadoop.ipc.RemoteException(java.lang.IllegalMonitorStateException)">org.apache.hadoop.ipc.RemoteException(java.lang.IllegalMonitorStateException): Releasing lock on resource /volume31077/bucket69903 without acquiring lock
	at org.apache.hadoop.ozone.lock.LockManager.getLockForReleasing(LockManager.java:220)
	at org.apache.hadoop.ozone.lock.LockManager.release(LockManager.java:168)
	at org.apache.hadoop.ozone.lock.LockManager.writeUnlock(LockManager.java:148)
	at org.apache.hadoop.ozone.om.lock.OzoneManagerLock.unlock(OzoneManagerLock.java:364)
	at org.apache.hadoop.ozone.om.lock.OzoneManagerLock.releaseWriteLock(OzoneManagerLock.java:329)
	at org.apache.hadoop.ozone.om.request.key.OMKeyCommitRequest.validateAndUpdateCache(OMKeyCommitRequest.java:177)
	at org.apache.hadoop.ozone.protocolPB.OzoneManagerProtocolServerSideTranslatorPB.submitRequestDirectlyToOM(OzoneManagerProtocolServerSideTranslatorPB.java:219)
	at org.apache.hadoop.ozone.protocolPB.OzoneManagerProtocolServerSideTranslatorPB.processRequest(OzoneManagerProtocolServerSideTranslatorPB.java:134)
	at org.apache.hadoop.hdds.server.OzoneProtocolMessageDispatcher.processRequest(OzoneProtocolMessageDispatcher.java:72)
	at org.apache.hadoop.ozone.protocolPB.OzoneManagerProtocolServerSideTranslatorPB.submitRequest(OzoneManagerProtocolServerSideTranslatorPB.java:100)
	at org.apache.hadoop.ozone.protocol.proto.OzoneManagerProtocolProtos$OzoneManagerService$2.callBlockingMethod(OzoneManagerProtocolProtos.java)
	at org.apache.hadoop.ipc.ProtobufRpcEngine$Server$ProtoBufRpcInvoker.call(ProtobufRpcEngine.java:524)
	at org.apache.hadoop.ipc.RPC$Server.call(RPC.java:1025)
	at org.apache.hadoop.ipc.Server$RpcCall.run(Server.java:876)
	at org.apache.hadoop.ipc.Server$RpcCall.run(Server.java:822)
	at java.security.AccessController.doPrivileged(Native Method)
	at javax.security.auth.Subject.doAs(Subject.java:422)
	at org.apache.hadoop.security.UserGroupInformation.doAs(UserGroupInformation.java:1730)
	at org.apache.hadoop.ipc.Server$Handler.run(Server.java:2682)

	at org.apache.hadoop.ipc.Client.getRpcResponse(Client.java:1511)
	at org.apache.hadoop.ipc.Client.call(Client.java:1457)
	at org.apache.hadoop.ipc.Client.call(Client.java:1367)
	at org.apache.hadoop.ipc.ProtobufRpcEngine$Invoker.invoke(ProtobufRpcEngine.java:228)
	at org.apache.hadoop.ipc.ProtobufRpcEngine$Invoker.invoke(ProtobufRpcEngine.java:116)
	at com.sun.proxy.$Proxy37.submitRequest(Unknown Source)
	at sun.reflect.GeneratedMethodAccessor20.invoke(Unknown Source)
	at sun.reflect.DelegatingMethodAccessorImpl.invoke(DelegatingMethodAccessorImpl.java:43)
	at java.lang.reflect.Method.invoke(Method.java:498)
	at org.apache.hadoop.io.retry.RetryInvocationHandler.invokeMethod(RetryInvocationHandler.java:422)
	at org.apache.hadoop.io.retry.RetryInvocationHandler$Call.invokeMethod(RetryInvocationHandler.java:165)
	at org.apache.hadoop.io.retry.RetryInvocationHandler$Call.invoke(RetryInvocationHandler.java:157)
	at org.apache.hadoop.io.retry.RetryInvocationHandler$Call.invokeOnce(RetryInvocationHandler.java:95)
	at org.apache.hadoop.io.retry.RetryInvocationHandler.invoke(RetryInvocationHandler.java:359)
	at com.sun.proxy.$Proxy37.submitRequest(Unknown Source)
	at org.apache.hadoop.ozone.om.protocolPB.OzoneManagerProtocolClientSideTranslatorPB.submitRequest(OzoneManagerProtocolClientSideTranslatorPB.java:338)
	at org.apache.hadoop.ozone.om.protocolPB.OzoneManagerProtocolClientSideTranslatorPB.commitKey(OzoneManagerProtocolClientSideTranslatorPB.java:789)
	at sun.reflect.NativeMethodAccessorImpl.invoke0(Native Method)
	at sun.reflect.NativeMethodAccessorImpl.invoke(NativeMethodAccessorImpl.java:62)
	at sun.reflect.DelegatingMethodAccessorImpl.invoke(DelegatingMethodAccessorImpl.java:43)
	at java.lang.reflect.Method.invoke(Method.java:498)
	at org.apache.hadoop.hdds.tracing.TraceAllMethod.invoke(TraceAllMethod.java:66)
	at com.sun.proxy.$Proxy38.commitKey(Unknown Source)
	at org.apache.hadoop.ozone.client.io.BlockOutputStreamEntryPool.commitKey(BlockOutputStreamEntryPool.java:277)
	at org.apache.hadoop.ozone.client.io.KeyOutputStream.close(KeyOutputStream.java:474)
	at org.apache.hadoop.fs.ozone.OzoneFSOutputStream.close(OzoneFSOutputStream.java:56)
	at org.apache.hadoop.fs.FSDataOutputStream$PositionCache.close(FSDataOutputStream.java:72)
	at org.apache.hadoop.fs.FSDataOutputStream.close(FSDataOutputStream.java:101)
	at org.apache.hadoop.fs.contract.ContractTestUtils.createFile(ContractTestUtils.java:638)
	at org.apache.hadoop.fs.contract.ContractTestUtils.touch(ContractTestUtils.java:669)
	at org.apache.hadoop.fs.ozone.TestOzoneFileSystem.testListStatusOnSubDirs(TestOzoneFileSystem.java:251)
	at sun.reflect.NativeMethodAccessorImpl.invoke0(Native Method)
	at sun.reflect.NativeMethodAccessorImpl.invoke(NativeMethodAccessorImpl.java:62)
	at sun.reflect.DelegatingMethodAccessorImpl.invoke(DelegatingMethodAccessorImpl.java:43)
	at java.lang.reflect.Method.invoke(Method.java:498)
	at org.junit.runners.model.FrameworkMethod$1.runReflectiveCall(FrameworkMethod.java:47)
	at org.junit.internal.runners.model.ReflectiveCallable.run(ReflectiveCallable.java:12)
	at org.junit.runners.model.FrameworkMethod.invokeExplosively(FrameworkMethod.java:44)
	at org.junit.internal.runners.statements.InvokeMethod.evaluate(InvokeMethod.java:17)
	at org.junit.internal.runners.statements.RunBefores.evaluate(RunBefores.java:26)
	at org.junit.internal.runners.statements.RunAfters.evaluate(RunAfters.java:27)
	at org.junit.internal.runners.statements.FailOnTimeout$StatementThread.run(FailOnTimeout.java:74)
</error>
    <system-out><![CDATA[2019-10-16 08:35:10,698 [Thread-732] WARN  server.ServerUtils (ServerUtils.java:getScmDbDir(145)) - ozone.scm.db.dirs is not configured. We recommend adding this setting. Falling back to ozone.metadata.dirs instead.
2019-10-16 08:35:10,712 [Thread-732] WARN  server.ServerUtils (ServerUtils.java:getScmDbDir(145)) - ozone.scm.db.dirs is not configured. We recommend adding this setting. Falling back to ozone.metadata.dirs instead.
2019-10-16 08:35:10,713 [Thread-732] WARN  server.ServerUtils (ServerUtils.java:getScmDbDir(145)) - ozone.scm.db.dirs is not configured. We recommend adding this setting. Falling back to ozone.metadata.dirs instead.
2019-10-16 08:35:10,713 [Thread-732] INFO  db.DBStoreBuilder (DBStoreBuilder.java:addTable(117)) - using custom profile for table: deletedBlocks
2019-10-16 08:35:10,713 [Thread-732] INFO  db.DBStoreBuilder (DBStoreBuilder.java:processTables(168)) - Using default column profile:DBProfile.DISK for Table:deletedBlocks
2019-10-16 08:35:10,714 [Thread-732] INFO  db.DBStoreBuilder (DBStoreBuilder.java:addTable(117)) - using custom profile for table: validCerts
2019-10-16 08:35:10,714 [Thread-732] INFO  db.DBStoreBuilder (DBStoreBuilder.java:processTables(168)) - Using default column profile:DBProfile.DISK for Table:validCerts
2019-10-16 08:35:10,714 [Thread-732] INFO  db.DBStoreBuilder (DBStoreBuilder.java:addTable(117)) - using custom profile for table: revokedCerts
2019-10-16 08:35:10,714 [Thread-732] INFO  db.DBStoreBuilder (DBStoreBuilder.java:processTables(168)) - Using default column profile:DBProfile.DISK for Table:revokedCerts
2019-10-16 08:35:10,715 [Thread-732] INFO  db.DBStoreBuilder (DBStoreBuilder.java:addTable(117)) - using custom profile for table: default
2019-10-16 08:35:10,715 [Thread-732] INFO  db.DBStoreBuilder (DBStoreBuilder.java:processTables(174)) - Using default column profile:DBProfile.DISK for Table:default
2019-10-16 08:35:10,715 [Thread-732] INFO  db.DBStoreBuilder (DBStoreBuilder.java:getDbProfile(205)) - Using default options. DBProfile.DISK
2019-10-16 08:35:10,932 [Thread-732] INFO  net.NodeSchemaLoader (NodeSchemaLoader.java:loadSchemaFromFile(125)) - Loading file from sun.misc.CompoundEnumeration@6262a17
2019-10-16 08:35:10,933 [Thread-732] INFO  net.NodeSchemaLoader (NodeSchemaLoader.java:loadSchema(171)) - Loading network topology layer schema file
2019-10-16 08:35:10,939 [Thread-732] WARN  server.ServerUtils (ServerUtils.java:sanitizeUserArgs(70)) - ozone.scm.stale.node.interval value = 300000 is larger than max = 100000 based on the key value of ozone.scm.heartbeat.thread.interval, reset to the max value 100000.
2019-10-16 08:35:10,939 [Thread-732] WARN  server.ServerUtils (ServerUtils.java:sanitizeUserArgs(70)) - ozone.scm.stale.node.interval value = 300000 is larger than max = 100000 based on the key value of ozone.scm.heartbeat.thread.interval, reset to the max value 100000.
2019-10-16 08:35:10,939 [Thread-732] INFO  node.SCMNodeManager (SCMNodeManager.java:<init>(116)) - Entering startup safe mode.
2019-10-16 08:35:10,940 [Thread-732] INFO  algorithms.ContainerPlacementPolicyFactory (ContainerPlacementPolicyFactory.java:getPolicy(57)) - Create container placement policy of type org.apache.hadoop.hdds.scm.container.placement.algorithms.SCMContainerPlacementRandom
2019-10-16 08:35:10,940 [Thread-732] WARN  server.ServerUtils (ServerUtils.java:getScmDbDir(145)) - ozone.scm.db.dirs is not configured. We recommend adding this setting. Falling back to ozone.metadata.dirs instead.
2019-10-16 08:35:11,031 [Thread-732] INFO  pipeline.SCMPipelineManager (SCMPipelineManager.java:initializePipelineState(132)) - No pipeline exists in current db
2019-10-16 08:35:11,032 [Thread-732] WARN  server.ServerUtils (ServerUtils.java:getScmDbDir(145)) - ozone.scm.db.dirs is not configured. We recommend adding this setting. Falling back to ozone.metadata.dirs instead.
2019-10-16 08:35:11,116 [Thread-732] WARN  events.EventQueue (EventQueue.java:fireEvent(183)) - No event handler registered for event TypedEvent{payloadType=SafeModeStatus, name='SafeModeStatus'}
2019-10-16 08:35:11,117 [Thread-732] INFO  ipc.CallQueueManager (CallQueueManager.java:<init>(84)) - Using callQueue: class java.util.concurrent.LinkedBlockingQueue, queueCapacity: 2000, scheduler: class org.apache.hadoop.ipc.DefaultRpcScheduler, ipcBackoff: false.
2019-10-16 08:35:11,118 [Socket Reader #1 for port 34029] INFO  ipc.Server (Server.java:run(1074)) - Starting Socket Reader #1 for port 34029
2019-10-16 08:35:11,120 [Thread-732] INFO  ipc.CallQueueManager (CallQueueManager.java:<init>(84)) - Using callQueue: class java.util.concurrent.LinkedBlockingQueue, queueCapacity: 2000, scheduler: class org.apache.hadoop.ipc.DefaultRpcScheduler, ipcBackoff: false.
2019-10-16 08:35:11,120 [Socket Reader #1 for port 45586] INFO  ipc.Server (Server.java:run(1074)) - Starting Socket Reader #1 for port 45586
2019-10-16 08:35:11,121 [Thread-732] INFO  ipc.CallQueueManager (CallQueueManager.java:<init>(84)) - Using callQueue: class java.util.concurrent.LinkedBlockingQueue, queueCapacity: 2000, scheduler: class org.apache.hadoop.ipc.DefaultRpcScheduler, ipcBackoff: false.
2019-10-16 08:35:11,122 [Socket Reader #1 for port 37748] INFO  ipc.Server (Server.java:run(1074)) - Starting Socket Reader #1 for port 37748
2019-10-16 08:35:11,124 [Thread-732] INFO  hdfs.DFSUtil (DFSUtil.java:httpServerTemplateForNNAndJN(1641)) - Starting Web-server for scm at: http://0.0.0.0:0
2019-10-16 08:35:11,127 [Thread-732] INFO  server.AuthenticationFilter (AuthenticationFilter.java:constructSecretProvider(240)) - Unable to initialize FileSignerSecretProvider, falling back to use random secrets.
2019-10-16 08:35:11,128 [Thread-732] WARN  http.HttpRequestLog (HttpRequestLog.java:getRequestLog(97)) - Jetty request log can only be enabled using Log4j
2019-10-16 08:35:11,130 [Thread-732] INFO  http.HttpServer2 (HttpServer2.java:addGlobalFilter(975)) - Added global filter 'safety' (class=org.apache.hadoop.http.HttpServer2$QuotingInputFilter)
2019-10-16 08:35:11,131 [Thread-732] INFO  http.HttpServer2 (HttpServer2.java:addFilter(948)) - Added filter static_user_filter (class=org.apache.hadoop.http.lib.StaticUserWebFilter$StaticUserFilter) to context scm
2019-10-16 08:35:11,131 [Thread-732] INFO  http.HttpServer2 (HttpServer2.java:addFilter(958)) - Added filter static_user_filter (class=org.apache.hadoop.http.lib.StaticUserWebFilter$StaticUserFilter) to context logs
2019-10-16 08:35:11,131 [Thread-732] INFO  http.HttpServer2 (HttpServer2.java:addFilter(958)) - Added filter static_user_filter (class=org.apache.hadoop.http.lib.StaticUserWebFilter$StaticUserFilter) to context static
2019-10-16 08:35:11,134 [Thread-732] INFO  server.StorageContainerManager (StorageContainerManager.java:start(772)) - StorageContainerLocationProtocol RPC server is listening at /0.0.0.0:37748
2019-10-16 08:35:11,136 [Thread-732] WARN  impl.MetricsConfig (MetricsConfig.java:loadFirst(134)) - Cannot locate configuration: tried hadoop-metrics2-storagecontainermanager.properties,hadoop-metrics2.properties
2019-10-16 08:35:11,137 [Thread-732] INFO  impl.MetricsSystemImpl (MetricsSystemImpl.java:startTimer(374)) - Scheduled Metric snapshot period at 10 second(s).
2019-10-16 08:35:11,137 [Thread-732] INFO  impl.MetricsSystemImpl (MetricsSystemImpl.java:start(191)) - StorageContainerManager metrics system started
2019-10-16 08:35:11,181 [Thread-732] WARN  impl.MetricsSystemImpl (MetricsSystemImpl.java:register(276)) - Sink prometheus already exists!
2019-10-16 08:35:11,185 [Thread-732] INFO  server.SCMClientProtocolServer (SCMClientProtocolServer.java:start(159)) - RPC server for Client  is listening at /0.0.0.0:37748
2019-10-16 08:35:11,186 [IPC Server Responder] INFO  ipc.Server (Server.java:run(1314)) - IPC Server Responder: starting
2019-10-16 08:35:11,186 [IPC Server listener on 37748] INFO  ipc.Server (Server.java:run(1153)) - IPC Server listener on 37748: starting
2019-10-16 08:35:11,190 [Thread-732] INFO  server.StorageContainerManager (StorageContainerManager.java:start(782)) - ScmBlockLocationProtocol RPC server is listening at /0.0.0.0:45586
2019-10-16 08:35:11,190 [Thread-732] INFO  server.SCMBlockProtocolServer (SCMBlockProtocolServer.java:start(146)) - RPC server for Block Protocol is listening at /0.0.0.0:45586
2019-10-16 08:35:11,190 [IPC Server Responder] INFO  ipc.Server (Server.java:run(1314)) - IPC Server Responder: starting
2019-10-16 08:35:11,190 [IPC Server listener on 45586] INFO  ipc.Server (Server.java:run(1153)) - IPC Server listener on 45586: starting
2019-10-16 08:35:11,194 [Thread-732] INFO  server.StorageContainerManager (StorageContainerManager.java:start(786)) - ScmDatanodeProtocl RPC server is listening at /0.0.0.0:34029
2019-10-16 08:35:11,194 [Thread-732] INFO  server.SCMDatanodeProtocolServer (SCMDatanodeProtocolServer.java:start(169)) - RPC server for DataNodes is listening at /0.0.0.0:34029
2019-10-16 08:35:11,195 [IPC Server Responder] INFO  ipc.Server (Server.java:run(1314)) - IPC Server Responder: starting
2019-10-16 08:35:11,195 [IPC Server listener on 34029] INFO  ipc.Server (Server.java:run(1153)) - IPC Server listener on 34029: starting
2019-10-16 08:35:11,198 [Thread-732] INFO  http.HttpServer2 (HttpServer2.java:bindListener(1191)) - Jetty bound to port 33861
2019-10-16 08:35:11,198 [Thread-732] INFO  server.Server (Server.java:doStart(351)) - jetty-9.3.25.v20180904, build timestamp: 2018-09-04T21:11:46Z, git hash: 3ce520221d0240229c862b122d2b06c12a625732
2019-10-16 08:35:11,200 [Thread-732] INFO  handler.ContextHandler (ContextHandler.java:doStart(781)) - Started o.e.j.s.ServletContextHandler@67bf4558{/logs,file:///workdir/hadoop-ozone/ozonefs/target/log,AVAILABLE}
2019-10-16 08:35:11,201 [Thread-732] INFO  handler.ContextHandler (ContextHandler.java:doStart(781)) - Started o.e.j.s.ServletContextHandler@367ffa08{/static,jar:file:/home/user/.m2/repository/org/apache/hadoop/hadoop-hdds-server-scm/0.5.0-SNAPSHOT/hadoop-hdds-server-scm-0.5.0-SNAPSHOT.jar!/webapps/static,AVAILABLE}
2019-10-16 08:35:11,241 [Thread-732] INFO  handler.ContextHandler (ContextHandler.java:doStart(781)) - Started o.e.j.w.WebAppContext@1845df19{/,file:///tmp/jetty-0.0.0.0-33861-scm-_-any-5333272693298963867.dir/webapp/,AVAILABLE}{/scm}
2019-10-16 08:35:11,241 [Thread-732] INFO  server.AbstractConnector (AbstractConnector.java:doStart(278)) - Started ServerConnector@1fa7e4c5{HTTP/1.1,[http/1.1]}{0.0.0.0:33861}
2019-10-16 08:35:11,242 [Thread-732] INFO  server.Server (Server.java:doStart(419)) - Started @39983ms
2019-10-16 08:35:11,242 [Thread-732] WARN  impl.MetricsSystemImpl (MetricsSystemImpl.java:register(276)) - Sink prometheus already exists!
2019-10-16 08:35:11,243 [Thread-732] INFO  server.BaseHttpServer (BaseHttpServer.java:updateConnectorAddress(215)) - HTTP server of SCM is listening at http://0.0.0.0:33861
2019-10-16 08:35:11,244 [Thread-732] WARN  server.ServerUtils (ServerUtils.java:getDBPath(222)) - ozone.om.db.dirs is not configured. We recommend adding this setting. Falling back to ozone.metadata.dirs instead.
2019-10-16 08:35:11,244 [org.apache.hadoop.util.JvmPauseMonitor$Monitor@65f4b025] INFO  util.JvmPauseMonitor (JvmPauseMonitor.java:run(188)) - Starting JVM pause monitor
2019-10-16 08:35:11,258 [Thread-732] INFO  ha.OMHANodeDetails (OMHANodeDetails.java:loadOMHAConfig(190)) - Configuration either no ozone.om.address set. Falling back to the default OM address /127.0.0.1:0
2019-10-16 08:35:11,258 [Thread-732] INFO  ha.OMHANodeDetails (OMHANodeDetails.java:getOMNodeDetails(220)) - OM Service ID is not set. Setting it to the default ID: omServiceIdDefault
2019-10-16 08:35:11,258 [Thread-732] WARN  server.ServerUtils (ServerUtils.java:getDBPath(222)) - ozone.om.db.dirs is not configured. We recommend adding this setting. Falling back to ozone.metadata.dirs instead.
2019-10-16 08:35:11,259 [Thread-732] WARN  server.ServerUtils (ServerUtils.java:getDBPath(222)) - ozone.om.db.dirs is not configured. We recommend adding this setting. Falling back to ozone.metadata.dirs instead.
2019-10-16 08:35:11,266 [Thread-732] WARN  server.ServerUtils (ServerUtils.java:getDBPath(222)) - ozone.om.db.dirs is not configured. We recommend adding this setting. Falling back to ozone.metadata.dirs instead.
2019-10-16 08:35:11,266 [Thread-732] INFO  db.DBStoreBuilder (DBStoreBuilder.java:addTable(117)) - using custom profile for table: userTable
2019-10-16 08:35:11,266 [Thread-732] INFO  db.DBStoreBuilder (DBStoreBuilder.java:processTables(168)) - Using default column profile:DBProfile.DISK for Table:userTable
2019-10-16 08:35:11,267 [Thread-732] INFO  db.DBStoreBuilder (DBStoreBuilder.java:addTable(117)) - using custom profile for table: volumeTable
2019-10-16 08:35:11,267 [Thread-732] INFO  db.DBStoreBuilder (DBStoreBuilder.java:processTables(168)) - Using default column profile:DBProfile.DISK for Table:volumeTable
2019-10-16 08:35:11,267 [Thread-732] INFO  db.DBStoreBuilder (DBStoreBuilder.java:addTable(117)) - using custom profile for table: bucketTable
2019-10-16 08:35:11,267 [Thread-732] INFO  db.DBStoreBuilder (DBStoreBuilder.java:processTables(168)) - Using default column profile:DBProfile.DISK for Table:bucketTable
2019-10-16 08:35:11,268 [Thread-732] INFO  db.DBStoreBuilder (DBStoreBuilder.java:addTable(117)) - using custom profile for table: keyTable
2019-10-16 08:35:11,268 [Thread-732] INFO  db.DBStoreBuilder (DBStoreBuilder.java:processTables(168)) - Using default column profile:DBProfile.DISK for Table:keyTable
2019-10-16 08:35:11,268 [Thread-732] INFO  db.DBStoreBuilder (DBStoreBuilder.java:addTable(117)) - using custom profile for table: deletedTable
2019-10-16 08:35:11,268 [Thread-732] INFO  db.DBStoreBuilder (DBStoreBuilder.java:processTables(168)) - Using default column profile:DBProfile.DISK for Table:deletedTable
2019-10-16 08:35:11,268 [Thread-732] INFO  db.DBStoreBuilder (DBStoreBuilder.java:addTable(117)) - using custom profile for table: openKeyTable
2019-10-16 08:35:11,269 [Thread-732] INFO  db.DBStoreBuilder (DBStoreBuilder.java:processTables(168)) - Using default column profile:DBProfile.DISK for Table:openKeyTable
2019-10-16 08:35:11,269 [Thread-732] INFO  db.DBStoreBuilder (DBStoreBuilder.java:addTable(117)) - using custom profile for table: s3Table
2019-10-16 08:35:11,269 [Thread-732] INFO  db.DBStoreBuilder (DBStoreBuilder.java:processTables(168)) - Using default column profile:DBProfile.DISK for Table:s3Table
2019-10-16 08:35:11,269 [Thread-732] INFO  db.DBStoreBuilder (DBStoreBuilder.java:addTable(117)) - using custom profile for table: multipartInfoTable
2019-10-16 08:35:11,270 [Thread-732] INFO  db.DBStoreBuilder (DBStoreBuilder.java:processTables(168)) - Using default column profile:DBProfile.DISK for Table:multipartInfoTable
2019-10-16 08:35:11,270 [Thread-732] INFO  db.DBStoreBuilder (DBStoreBuilder.java:addTable(117)) - using custom profile for table: dTokenTable
2019-10-16 08:35:11,270 [Thread-732] INFO  db.DBStoreBuilder (DBStoreBuilder.java:processTables(168)) - Using default column profile:DBProfile.DISK for Table:dTokenTable
2019-10-16 08:35:11,270 [Thread-732] INFO  db.DBStoreBuilder (DBStoreBuilder.java:addTable(117)) - using custom profile for table: s3SecretTable
2019-10-16 08:35:11,270 [Thread-732] INFO  db.DBStoreBuilder (DBStoreBuilder.java:processTables(168)) - Using default column profile:DBProfile.DISK for Table:s3SecretTable
2019-10-16 08:35:11,271 [Thread-732] INFO  db.DBStoreBuilder (DBStoreBuilder.java:addTable(117)) - using custom profile for table: prefixTable
2019-10-16 08:35:11,271 [Thread-732] INFO  db.DBStoreBuilder (DBStoreBuilder.java:processTables(168)) - Using default column profile:DBProfile.DISK for Table:prefixTable
2019-10-16 08:35:11,271 [Thread-732] INFO  db.DBStoreBuilder (DBStoreBuilder.java:addTable(117)) - using custom profile for table: default
2019-10-16 08:35:11,271 [Thread-732] INFO  db.DBStoreBuilder (DBStoreBuilder.java:processTables(174)) - Using default column profile:DBProfile.DISK for Table:default
2019-10-16 08:35:11,272 [Thread-732] INFO  db.DBStoreBuilder (DBStoreBuilder.java:getDbProfile(205)) - Using default options. DBProfile.DISK
2019-10-16 08:35:11,935 [Thread-732] INFO  ipc.CallQueueManager (CallQueueManager.java:<init>(84)) - Using callQueue: class java.util.concurrent.LinkedBlockingQueue, queueCapacity: 2000, scheduler: class org.apache.hadoop.ipc.DefaultRpcScheduler, ipcBackoff: false.
2019-10-16 08:35:11,936 [Socket Reader #1 for port 44987] INFO  ipc.Server (Server.java:run(1074)) - Starting Socket Reader #1 for port 44987
2019-10-16 08:35:11,962 [Thread-732] INFO  om.OzoneManager (OzoneManager.java:start(1074)) - OzoneManager RPC server is listening at localhost/127.0.0.1:44987
2019-10-16 08:35:11,962 [Thread-732] INFO  impl.MetricsSystemImpl (MetricsSystemImpl.java:init(158)) - OzoneManager metrics system started (again)
2019-10-16 08:35:11,963 [IPC Server Responder] INFO  ipc.Server (Server.java:run(1314)) - IPC Server Responder: starting
2019-10-16 08:35:11,964 [IPC Server listener on 44987] INFO  ipc.Server (Server.java:run(1153)) - IPC Server listener on 44987: starting
2019-10-16 08:35:11,970 [Thread-732] INFO  hdfs.DFSUtil (DFSUtil.java:httpServerTemplateForNNAndJN(1641)) - Starting Web-server for ozoneManager at: http://0.0.0.0:0
2019-10-16 08:35:11,972 [Thread-732] INFO  server.AuthenticationFilter (AuthenticationFilter.java:constructSecretProvider(240)) - Unable to initialize FileSignerSecretProvider, falling back to use random secrets.
2019-10-16 08:35:11,973 [Thread-732] WARN  http.HttpRequestLog (HttpRequestLog.java:getRequestLog(97)) - Jetty request log can only be enabled using Log4j
2019-10-16 08:35:11,975 [Thread-732] INFO  http.HttpServer2 (HttpServer2.java:addGlobalFilter(975)) - Added global filter 'safety' (class=org.apache.hadoop.http.HttpServer2$QuotingInputFilter)
2019-10-16 08:35:11,976 [Thread-732] INFO  http.HttpServer2 (HttpServer2.java:addFilter(948)) - Added filter static_user_filter (class=org.apache.hadoop.http.lib.StaticUserWebFilter$StaticUserFilter) to context ozoneManager
2019-10-16 08:35:11,976 [Thread-732] INFO  http.HttpServer2 (HttpServer2.java:addFilter(958)) - Added filter static_user_filter (class=org.apache.hadoop.http.lib.StaticUserWebFilter$StaticUserFilter) to context static
2019-10-16 08:35:11,976 [Thread-732] INFO  http.HttpServer2 (HttpServer2.java:addFilter(958)) - Added filter static_user_filter (class=org.apache.hadoop.http.lib.StaticUserWebFilter$StaticUserFilter) to context logs
2019-10-16 08:35:11,977 [Thread-732] INFO  http.HttpServer2 (HttpServer2.java:bindListener(1191)) - Jetty bound to port 38005
2019-10-16 08:35:11,977 [Thread-732] INFO  server.Server (Server.java:doStart(351)) - jetty-9.3.25.v20180904, build timestamp: 2018-09-04T21:11:46Z, git hash: 3ce520221d0240229c862b122d2b06c12a625732
2019-10-16 08:35:11,979 [Thread-732] INFO  handler.ContextHandler (ContextHandler.java:doStart(781)) - Started o.e.j.s.ServletContextHandler@19ab71ff{/logs,file:///workdir/hadoop-ozone/ozonefs/target/log,AVAILABLE}
2019-10-16 08:35:11,980 [Thread-732] INFO  handler.ContextHandler (ContextHandler.java:doStart(781)) - Started o.e.j.s.ServletContextHandler@69b41005{/static,jar:file:/home/user/.m2/repository/org/apache/hadoop/hadoop-ozone-ozone-manager/0.5.0-SNAPSHOT/hadoop-ozone-ozone-manager-0.5.0-SNAPSHOT.jar!/webapps/static,AVAILABLE}
2019-10-16 08:35:12,031 [Thread-732] INFO  handler.ContextHandler (ContextHandler.java:doStart(781)) - Started o.e.j.w.WebAppContext@2873cef0{/,file:///tmp/jetty-0.0.0.0-38005-ozoneManager-_-any-1113037290619598334.dir/webapp/,AVAILABLE}{/ozoneManager}
2019-10-16 08:35:12,032 [Thread-732] INFO  server.AbstractConnector (AbstractConnector.java:doStart(278)) - Started ServerConnector@2c7c328c{HTTP/1.1,[http/1.1]}{0.0.0.0:38005}
2019-10-16 08:35:12,032 [Thread-732] INFO  server.Server (Server.java:doStart(419)) - Started @40773ms
2019-10-16 08:35:12,033 [Thread-732] WARN  impl.MetricsSystemImpl (MetricsSystemImpl.java:register(276)) - Sink prometheus already exists!
2019-10-16 08:35:12,033 [Thread-732] INFO  server.BaseHttpServer (BaseHttpServer.java:updateConnectorAddress(215)) - HTTP server of OZONEMANAGER is listening at http://0.0.0.0:38005
2019-10-16 08:35:12,040 [Thread-732] INFO  impl.MetricsSystemImpl (MetricsSystemImpl.java:init(158)) - HddsDatanode metrics system started (again)
2019-10-16 08:35:12,042 [Thread-732] INFO  ozone.HddsDatanodeService (HddsDatanodeService.java:start(184)) - HddsDatanodeService host:pr-hdds-1737-dstl4-2900247166 ip:192.168.34.43
2019-10-16 08:35:12,050 [Thread-732] INFO  volume.HddsVolume (HddsVolume.java:<init>(176)) - Creating Volume: /workdir/hadoop-ozone/ozonefs/target/test-dir/MiniOzoneClusterImpl-86521f5e-7039-45fe-813d-bcbfddd09546/datanode-0/data/containers/hdds of  storage type : DISK and capacity : 1482555576320
2019-10-16 08:35:12,050 [Thread-732] INFO  volume.VolumeSet (VolumeSet.java:initializeVolumeSet(170)) - Added Volume : /workdir/hadoop-ozone/ozonefs/target/test-dir/MiniOzoneClusterImpl-86521f5e-7039-45fe-813d-bcbfddd09546/datanode-0/data/containers/hdds to VolumeSet
2019-10-16 08:35:12,050 [Thread-732] INFO  volume.ThrottledAsyncChecker (ThrottledAsyncChecker.java:schedule(141)) - Scheduling a check for /workdir/hadoop-ozone/ozonefs/target/test-dir/MiniOzoneClusterImpl-86521f5e-7039-45fe-813d-bcbfddd09546/datanode-0/data/containers/hdds
2019-10-16 08:35:12,051 [Thread-732] INFO  volume.HddsVolumeChecker (HddsVolumeChecker.java:checkAllVolumes(204)) - Scheduled health check for volume /workdir/hadoop-ozone/ozonefs/target/test-dir/MiniOzoneClusterImpl-86521f5e-7039-45fe-813d-bcbfddd09546/datanode-0/data/containers/hdds
2019-10-16 08:35:12,069 [Thread-732] INFO  impl.RaftServerProxy (ConfUtils.java:logGet(43)) - raft.rpc.type = GRPC (default)
2019-10-16 08:35:12,069 [Thread-732] INFO  grpc.GrpcFactory (GrpcFactory.java:checkPooledByteBufAllocatorUseCacheForAllThreads(45)) - PERFORMANCE WARNING: useCacheForAllThreads is true that may cause Netty to create a lot garbage objects and, as a result, trigger GC.
	It is recommended to disable useCacheForAllThreads by setting -Dorg.apache.ratis.thirdparty.io.netty.allocator.useCacheForAllThreads=false in command line.
2019-10-16 08:35:12,069 [Thread-732] INFO  grpc.GrpcConfigKeys$Server (ConfUtils.java:logGet(43)) - raft.grpc.server.port = 0 (default)
2019-10-16 08:35:12,070 [Thread-732] INFO  server.GrpcService (ConfUtils.java:logGet(43)) - raft.grpc.message.size.max = 33570816 (custom)
2019-10-16 08:35:12,070 [Thread-732] INFO  server.RaftServerConfigKeys (ConfUtils.java:logGet(43)) - raft.server.log.appender.buffer.byte-limit = 33554432 (custom)
2019-10-16 08:35:12,070 [Thread-732] INFO  server.GrpcService (ConfUtils.java:logGet(43)) - raft.grpc.flow.control.window = 1MB (=1048576) (default)
2019-10-16 08:35:12,070 [Thread-732] INFO  server.RaftServerConfigKeys (ConfUtils.java:logGet(43)) - raft.server.rpc.request.timeout = 3000ms (default)
2019-10-16 08:35:12,070 [Thread-732] INFO  server.RaftServerConfigKeys (ConfUtils.java:logGet(43)) - raft.server.storage.dir = [/workdir/hadoop-ozone/ozonefs/target/test-dir/MiniOzoneClusterImpl-86521f5e-7039-45fe-813d-bcbfddd09546/datanode-0/data/ratis] (custom)
2019-10-16 08:35:12,072 [Thread-732] INFO  hdfs.DFSUtil (DFSUtil.java:httpServerTemplateForNNAndJN(1641)) - Starting Web-server for hddsDatanode at: http://0.0.0.0:0
2019-10-16 08:35:12,075 [Thread-732] INFO  server.AuthenticationFilter (AuthenticationFilter.java:constructSecretProvider(240)) - Unable to initialize FileSignerSecretProvider, falling back to use random secrets.
2019-10-16 08:35:12,075 [Thread-732] WARN  http.HttpRequestLog (HttpRequestLog.java:getRequestLog(97)) - Jetty request log can only be enabled using Log4j
2019-10-16 08:35:12,078 [Thread-732] INFO  http.HttpServer2 (HttpServer2.java:addGlobalFilter(975)) - Added global filter 'safety' (class=org.apache.hadoop.http.HttpServer2$QuotingInputFilter)
2019-10-16 08:35:12,079 [Thread-732] INFO  http.HttpServer2 (HttpServer2.java:addFilter(948)) - Added filter static_user_filter (class=org.apache.hadoop.http.lib.StaticUserWebFilter$StaticUserFilter) to context hddsDatanode
2019-10-16 08:35:12,080 [Thread-732] INFO  http.HttpServer2 (HttpServer2.java:addFilter(958)) - Added filter static_user_filter (class=org.apache.hadoop.http.lib.StaticUserWebFilter$StaticUserFilter) to context static
2019-10-16 08:35:12,080 [Thread-732] INFO  http.HttpServer2 (HttpServer2.java:addFilter(958)) - Added filter static_user_filter (class=org.apache.hadoop.http.lib.StaticUserWebFilter$StaticUserFilter) to context logs
2019-10-16 08:35:12,081 [Thread-732] INFO  http.HttpServer2 (HttpServer2.java:bindListener(1191)) - Jetty bound to port 36236
2019-10-16 08:35:12,081 [Thread-732] INFO  server.Server (Server.java:doStart(351)) - jetty-9.3.25.v20180904, build timestamp: 2018-09-04T21:11:46Z, git hash: 3ce520221d0240229c862b122d2b06c12a625732
2019-10-16 08:35:12,083 [Thread-732] INFO  handler.ContextHandler (ContextHandler.java:doStart(781)) - Started o.e.j.s.ServletContextHandler@73e41be9{/logs,file:///workdir/hadoop-ozone/ozonefs/target/log,AVAILABLE}
2019-10-16 08:35:12,084 [Thread-732] INFO  handler.ContextHandler (ContextHandler.java:doStart(781)) - Started o.e.j.s.ServletContextHandler@53940b0c{/static,jar:file:/home/user/.m2/repository/org/apache/hadoop/hadoop-hdds-container-service/0.5.0-SNAPSHOT/hadoop-hdds-container-service-0.5.0-SNAPSHOT.jar!/webapps/static,AVAILABLE}
2019-10-16 08:35:12,129 [Thread-732] INFO  handler.ContextHandler (ContextHandler.java:doStart(781)) - Started o.e.j.w.WebAppContext@731f4374{/,file:///tmp/jetty-0.0.0.0-36236-hddsDatanode-_-any-6123211629066157350.dir/webapp/,AVAILABLE}{/hddsDatanode}
2019-10-16 08:35:12,129 [Thread-732] INFO  server.AbstractConnector (AbstractConnector.java:doStart(278)) - Started ServerConnector@64b540cc{HTTP/1.1,[http/1.1]}{0.0.0.0:36236}
2019-10-16 08:35:12,130 [Thread-732] INFO  server.Server (Server.java:doStart(419)) - Started @40872ms
2019-10-16 08:35:12,130 [Thread-732] WARN  impl.MetricsSystemImpl (MetricsSystemImpl.java:register(276)) - Sink prometheus already exists!
2019-10-16 08:35:12,131 [Thread-732] INFO  server.BaseHttpServer (BaseHttpServer.java:updateConnectorAddress(215)) - HTTP server of HDDSDATANODE is listening at http://0.0.0.0:36236
2019-10-16 08:35:12,132 [Thread-732] INFO  impl.MetricsSystemImpl (MetricsSystemImpl.java:init(158)) - HddsDatanode metrics system started (again)
2019-10-16 08:35:12,136 [Thread-732] INFO  ozone.HddsDatanodeService (HddsDatanodeService.java:start(184)) - HddsDatanodeService host:pr-hdds-1737-dstl4-2900247166 ip:192.168.34.43
2019-10-16 08:35:12,137 [org.apache.hadoop.util.JvmPauseMonitor$Monitor@45a8f366] INFO  util.JvmPauseMonitor (JvmPauseMonitor.java:run(188)) - Starting JVM pause monitor
2019-10-16 08:35:12,139 [Datanode State Machine Thread - 0] INFO  datanode.InitDatanodeState (InitDatanodeState.java:persistContainerDatanodeDetails(140)) - DatanodeDetails is persisted to /workdir/hadoop-ozone/ozonefs/target/test-dir/MiniOzoneClusterImpl-86521f5e-7039-45fe-813d-bcbfddd09546/datanode-0/meta/datanode.id
2019-10-16 08:35:12,145 [Thread-732] INFO  volume.HddsVolume (HddsVolume.java:<init>(176)) - Creating Volume: /workdir/hadoop-ozone/ozonefs/target/test-dir/MiniOzoneClusterImpl-86521f5e-7039-45fe-813d-bcbfddd09546/datanode-1/data/containers/hdds of  storage type : DISK and capacity : 1482555576320
2019-10-16 08:35:12,145 [Thread-732] INFO  volume.VolumeSet (VolumeSet.java:initializeVolumeSet(170)) - Added Volume : /workdir/hadoop-ozone/ozonefs/target/test-dir/MiniOzoneClusterImpl-86521f5e-7039-45fe-813d-bcbfddd09546/datanode-1/data/containers/hdds to VolumeSet
2019-10-16 08:35:12,145 [Thread-732] INFO  volume.ThrottledAsyncChecker (ThrottledAsyncChecker.java:schedule(141)) - Scheduling a check for /workdir/hadoop-ozone/ozonefs/target/test-dir/MiniOzoneClusterImpl-86521f5e-7039-45fe-813d-bcbfddd09546/datanode-1/data/containers/hdds
2019-10-16 08:35:12,146 [Thread-732] INFO  volume.HddsVolumeChecker (HddsVolumeChecker.java:checkAllVolumes(204)) - Scheduled health check for volume /workdir/hadoop-ozone/ozonefs/target/test-dir/MiniOzoneClusterImpl-86521f5e-7039-45fe-813d-bcbfddd09546/datanode-1/data/containers/hdds
2019-10-16 08:35:12,169 [Thread-732] INFO  impl.RaftServerProxy (ConfUtils.java:logGet(43)) - raft.rpc.type = GRPC (default)
2019-10-16 08:35:12,169 [Thread-732] INFO  grpc.GrpcFactory (GrpcFactory.java:checkPooledByteBufAllocatorUseCacheForAllThreads(45)) - PERFORMANCE WARNING: useCacheForAllThreads is true that may cause Netty to create a lot garbage objects and, as a result, trigger GC.
	It is recommended to disable useCacheForAllThreads by setting -Dorg.apache.ratis.thirdparty.io.netty.allocator.useCacheForAllThreads=false in command line.
2019-10-16 08:35:12,169 [Thread-732] INFO  grpc.GrpcConfigKeys$Server (ConfUtils.java:logGet(43)) - raft.grpc.server.port = 0 (default)
2019-10-16 08:35:12,170 [Thread-732] INFO  server.GrpcService (ConfUtils.java:logGet(43)) - raft.grpc.message.size.max = 33570816 (custom)
2019-10-16 08:35:12,170 [Thread-732] INFO  server.RaftServerConfigKeys (ConfUtils.java:logGet(43)) - raft.server.log.appender.buffer.byte-limit = 33554432 (custom)
2019-10-16 08:35:12,170 [Thread-732] INFO  server.GrpcService (ConfUtils.java:logGet(43)) - raft.grpc.flow.control.window = 1MB (=1048576) (default)
2019-10-16 08:35:12,170 [Thread-732] INFO  server.RaftServerConfigKeys (ConfUtils.java:logGet(43)) - raft.server.rpc.request.timeout = 3000ms (default)
2019-10-16 08:35:12,171 [Thread-732] INFO  server.RaftServerConfigKeys (ConfUtils.java:logGet(43)) - raft.server.storage.dir = [/workdir/hadoop-ozone/ozonefs/target/test-dir/MiniOzoneClusterImpl-86521f5e-7039-45fe-813d-bcbfddd09546/datanode-1/data/ratis] (custom)
2019-10-16 08:35:12,172 [Thread-732] INFO  hdfs.DFSUtil (DFSUtil.java:httpServerTemplateForNNAndJN(1641)) - Starting Web-server for hddsDatanode at: http://0.0.0.0:0
2019-10-16 08:35:12,174 [Thread-732] INFO  server.AuthenticationFilter (AuthenticationFilter.java:constructSecretProvider(240)) - Unable to initialize FileSignerSecretProvider, falling back to use random secrets.
2019-10-16 08:35:12,175 [Thread-732] WARN  http.HttpRequestLog (HttpRequestLog.java:getRequestLog(97)) - Jetty request log can only be enabled using Log4j
2019-10-16 08:35:12,177 [Thread-732] INFO  http.HttpServer2 (HttpServer2.java:addGlobalFilter(975)) - Added global filter 'safety' (class=org.apache.hadoop.http.HttpServer2$QuotingInputFilter)
2019-10-16 08:35:12,177 [Thread-732] INFO  http.HttpServer2 (HttpServer2.java:addFilter(948)) - Added filter static_user_filter (class=org.apache.hadoop.http.lib.StaticUserWebFilter$StaticUserFilter) to context hddsDatanode
2019-10-16 08:35:12,178 [Thread-732] INFO  http.HttpServer2 (HttpServer2.java:addFilter(958)) - Added filter static_user_filter (class=org.apache.hadoop.http.lib.StaticUserWebFilter$StaticUserFilter) to context logs
2019-10-16 08:35:12,178 [Thread-732] INFO  http.HttpServer2 (HttpServer2.java:addFilter(958)) - Added filter static_user_filter (class=org.apache.hadoop.http.lib.StaticUserWebFilter$StaticUserFilter) to context static
2019-10-16 08:35:12,178 [Thread-732] INFO  http.HttpServer2 (HttpServer2.java:bindListener(1191)) - Jetty bound to port 35562
2019-10-16 08:35:12,179 [Thread-732] INFO  server.Server (Server.java:doStart(351)) - jetty-9.3.25.v20180904, build timestamp: 2018-09-04T21:11:46Z, git hash: 3ce520221d0240229c862b122d2b06c12a625732
2019-10-16 08:35:12,181 [Thread-732] INFO  handler.ContextHandler (ContextHandler.java:doStart(781)) - Started o.e.j.s.ServletContextHandler@1f124f41{/logs,file:///workdir/hadoop-ozone/ozonefs/target/log,AVAILABLE}
2019-10-16 08:35:12,181 [Thread-732] INFO  handler.ContextHandler (ContextHandler.java:doStart(781)) - Started o.e.j.s.ServletContextHandler@25025494{/static,jar:file:/home/user/.m2/repository/org/apache/hadoop/hadoop-hdds-container-service/0.5.0-SNAPSHOT/hadoop-hdds-container-service-0.5.0-SNAPSHOT.jar!/webapps/static,AVAILABLE}
2019-10-16 08:35:12,213 [Thread-732] INFO  handler.ContextHandler (ContextHandler.java:doStart(781)) - Started o.e.j.w.WebAppContext@3b3d9055{/,file:///tmp/jetty-0.0.0.0-35562-hddsDatanode-_-any-3182893778663397530.dir/webapp/,AVAILABLE}{/hddsDatanode}
2019-10-16 08:35:12,214 [Thread-732] INFO  server.AbstractConnector (AbstractConnector.java:doStart(278)) - Started ServerConnector@4fff021d{HTTP/1.1,[http/1.1]}{0.0.0.0:35562}
2019-10-16 08:35:12,214 [Thread-732] INFO  server.Server (Server.java:doStart(419)) - Started @40956ms
2019-10-16 08:35:12,214 [Thread-732] WARN  impl.MetricsSystemImpl (MetricsSystemImpl.java:register(276)) - Sink prometheus already exists!
2019-10-16 08:35:12,215 [Thread-732] INFO  server.BaseHttpServer (BaseHttpServer.java:updateConnectorAddress(215)) - HTTP server of HDDSDATANODE is listening at http://0.0.0.0:35562
2019-10-16 08:35:12,216 [Thread-732] INFO  impl.MetricsSystemImpl (MetricsSystemImpl.java:init(158)) - HddsDatanode metrics system started (again)
2019-10-16 08:35:12,220 [Thread-732] INFO  ozone.HddsDatanodeService (HddsDatanodeService.java:start(184)) - HddsDatanodeService host:pr-hdds-1737-dstl4-2900247166 ip:192.168.34.43
2019-10-16 08:35:12,220 [org.apache.hadoop.util.JvmPauseMonitor$Monitor@302bcbbd] INFO  util.JvmPauseMonitor (JvmPauseMonitor.java:run(188)) - Starting JVM pause monitor
2019-10-16 08:35:12,225 [Datanode State Machine Thread - 0] INFO  datanode.InitDatanodeState (InitDatanodeState.java:persistContainerDatanodeDetails(140)) - DatanodeDetails is persisted to /workdir/hadoop-ozone/ozonefs/target/test-dir/MiniOzoneClusterImpl-86521f5e-7039-45fe-813d-bcbfddd09546/datanode-1/meta/datanode.id
2019-10-16 08:35:12,230 [Thread-732] INFO  volume.HddsVolume (HddsVolume.java:<init>(176)) - Creating Volume: /workdir/hadoop-ozone/ozonefs/target/test-dir/MiniOzoneClusterImpl-86521f5e-7039-45fe-813d-bcbfddd09546/datanode-2/data/containers/hdds of  storage type : DISK and capacity : 1482555576320
2019-10-16 08:35:12,230 [Thread-732] INFO  volume.VolumeSet (VolumeSet.java:initializeVolumeSet(170)) - Added Volume : /workdir/hadoop-ozone/ozonefs/target/test-dir/MiniOzoneClusterImpl-86521f5e-7039-45fe-813d-bcbfddd09546/datanode-2/data/containers/hdds to VolumeSet
2019-10-16 08:35:12,231 [Thread-732] INFO  volume.ThrottledAsyncChecker (ThrottledAsyncChecker.java:schedule(141)) - Scheduling a check for /workdir/hadoop-ozone/ozonefs/target/test-dir/MiniOzoneClusterImpl-86521f5e-7039-45fe-813d-bcbfddd09546/datanode-2/data/containers/hdds
2019-10-16 08:35:12,231 [Thread-732] INFO  volume.HddsVolumeChecker (HddsVolumeChecker.java:checkAllVolumes(204)) - Scheduled health check for volume /workdir/hadoop-ozone/ozonefs/target/test-dir/MiniOzoneClusterImpl-86521f5e-7039-45fe-813d-bcbfddd09546/datanode-2/data/containers/hdds
2019-10-16 08:35:12,256 [Thread-732] INFO  impl.RaftServerProxy (ConfUtils.java:logGet(43)) - raft.rpc.type = GRPC (default)
2019-10-16 08:35:12,256 [Thread-732] INFO  grpc.GrpcFactory (GrpcFactory.java:checkPooledByteBufAllocatorUseCacheForAllThreads(45)) - PERFORMANCE WARNING: useCacheForAllThreads is true that may cause Netty to create a lot garbage objects and, as a result, trigger GC.
	It is recommended to disable useCacheForAllThreads by setting -Dorg.apache.ratis.thirdparty.io.netty.allocator.useCacheForAllThreads=false in command line.
2019-10-16 08:35:12,257 [Thread-732] INFO  grpc.GrpcConfigKeys$Server (ConfUtils.java:logGet(43)) - raft.grpc.server.port = 0 (default)
2019-10-16 08:35:12,257 [Thread-732] INFO  server.GrpcService (ConfUtils.java:logGet(43)) - raft.grpc.message.size.max = 33570816 (custom)
2019-10-16 08:35:12,257 [Thread-732] INFO  server.RaftServerConfigKeys (ConfUtils.java:logGet(43)) - raft.server.log.appender.buffer.byte-limit = 33554432 (custom)
2019-10-16 08:35:12,257 [Thread-732] INFO  server.GrpcService (ConfUtils.java:logGet(43)) - raft.grpc.flow.control.window = 1MB (=1048576) (default)
2019-10-16 08:35:12,257 [Thread-732] INFO  server.RaftServerConfigKeys (ConfUtils.java:logGet(43)) - raft.server.rpc.request.timeout = 3000ms (default)
2019-10-16 08:35:12,258 [Thread-732] INFO  server.RaftServerConfigKeys (ConfUtils.java:logGet(43)) - raft.server.storage.dir = [/workdir/hadoop-ozone/ozonefs/target/test-dir/MiniOzoneClusterImpl-86521f5e-7039-45fe-813d-bcbfddd09546/datanode-2/data/ratis] (custom)
2019-10-16 08:35:12,260 [Thread-732] INFO  hdfs.DFSUtil (DFSUtil.java:httpServerTemplateForNNAndJN(1641)) - Starting Web-server for hddsDatanode at: http://0.0.0.0:0
2019-10-16 08:35:12,263 [Thread-732] INFO  server.AuthenticationFilter (AuthenticationFilter.java:constructSecretProvider(240)) - Unable to initialize FileSignerSecretProvider, falling back to use random secrets.
2019-10-16 08:35:12,263 [Thread-732] WARN  http.HttpRequestLog (HttpRequestLog.java:getRequestLog(97)) - Jetty request log can only be enabled using Log4j
2019-10-16 08:35:12,265 [Thread-732] INFO  http.HttpServer2 (HttpServer2.java:addGlobalFilter(975)) - Added global filter 'safety' (class=org.apache.hadoop.http.HttpServer2$QuotingInputFilter)
2019-10-16 08:35:12,266 [Thread-732] INFO  http.HttpServer2 (HttpServer2.java:addFilter(948)) - Added filter static_user_filter (class=org.apache.hadoop.http.lib.StaticUserWebFilter$StaticUserFilter) to context hddsDatanode
2019-10-16 08:35:12,266 [Thread-732] INFO  http.HttpServer2 (HttpServer2.java:addFilter(958)) - Added filter static_user_filter (class=org.apache.hadoop.http.lib.StaticUserWebFilter$StaticUserFilter) to context logs
2019-10-16 08:35:12,266 [Thread-732] INFO  http.HttpServer2 (HttpServer2.java:addFilter(958)) - Added filter static_user_filter (class=org.apache.hadoop.http.lib.StaticUserWebFilter$StaticUserFilter) to context static
2019-10-16 08:35:12,267 [Thread-732] INFO  http.HttpServer2 (HttpServer2.java:bindListener(1191)) - Jetty bound to port 44930
2019-10-16 08:35:12,267 [Thread-732] INFO  server.Server (Server.java:doStart(351)) - jetty-9.3.25.v20180904, build timestamp: 2018-09-04T21:11:46Z, git hash: 3ce520221d0240229c862b122d2b06c12a625732
2019-10-16 08:35:12,268 [Thread-732] INFO  handler.ContextHandler (ContextHandler.java:doStart(781)) - Started o.e.j.s.ServletContextHandler@3f3d902d{/logs,file:///workdir/hadoop-ozone/ozonefs/target/log,AVAILABLE}
2019-10-16 08:35:12,269 [Thread-732] INFO  handler.ContextHandler (ContextHandler.java:doStart(781)) - Started o.e.j.s.ServletContextHandler@3f7fbfc4{/static,jar:file:/home/user/.m2/repository/org/apache/hadoop/hadoop-hdds-container-service/0.5.0-SNAPSHOT/hadoop-hdds-container-service-0.5.0-SNAPSHOT.jar!/webapps/static,AVAILABLE}
2019-10-16 08:35:12,298 [Thread-732] INFO  handler.ContextHandler (ContextHandler.java:doStart(781)) - Started o.e.j.w.WebAppContext@583148ac{/,file:///tmp/jetty-0.0.0.0-44930-hddsDatanode-_-any-2912445379787825647.dir/webapp/,AVAILABLE}{/hddsDatanode}
2019-10-16 08:35:12,298 [Thread-732] INFO  server.AbstractConnector (AbstractConnector.java:doStart(278)) - Started ServerConnector@346c6056{HTTP/1.1,[http/1.1]}{0.0.0.0:44930}
2019-10-16 08:35:12,299 [Thread-732] INFO  server.Server (Server.java:doStart(419)) - Started @41041ms
2019-10-16 08:35:12,299 [Thread-732] WARN  impl.MetricsSystemImpl (MetricsSystemImpl.java:register(276)) - Sink prometheus already exists!
2019-10-16 08:35:12,301 [Thread-732] INFO  server.BaseHttpServer (BaseHttpServer.java:updateConnectorAddress(215)) - HTTP server of HDDSDATANODE is listening at http://0.0.0.0:44930
2019-10-16 08:35:12,301 [Thread-732] INFO  ozone.MiniOzoneClusterImpl (MiniOzoneClusterImpl.java:lambda$waitForClusterToBeReady$0(147)) - Waiting for cluster to be ready. Got 0 of 3 DN Heartbeats.
2019-10-16 08:35:12,303 [org.apache.hadoop.util.JvmPauseMonitor$Monitor@6f2e3205] INFO  util.JvmPauseMonitor (JvmPauseMonitor.java:run(188)) - Starting JVM pause monitor
2019-10-16 08:35:12,304 [Datanode State Machine Thread - 0] INFO  datanode.InitDatanodeState (InitDatanodeState.java:persistContainerDatanodeDetails(140)) - DatanodeDetails is persisted to /workdir/hadoop-ozone/ozonefs/target/test-dir/MiniOzoneClusterImpl-86521f5e-7039-45fe-813d-bcbfddd09546/datanode-2/meta/datanode.id
2019-10-16 08:35:13,301 [Thread-732] INFO  ozone.MiniOzoneClusterImpl (MiniOzoneClusterImpl.java:lambda$waitForClusterToBeReady$0(147)) - Waiting for cluster to be ready. Got 0 of 3 DN Heartbeats.
2019-10-16 08:35:14,157 [Datanode State Machine Thread - 0] INFO  ozoneimpl.OzoneContainer (OzoneContainer.java:start(213)) - Attempting to start container services.
2019-10-16 08:35:14,158 [Datanode State Machine Thread - 0] INFO  ozoneimpl.OzoneContainer (OzoneContainer.java:startContainerScrub(177)) - Background container scanner has been disabled.
2019-10-16 08:35:14,158 [Datanode State Machine Thread - 0] INFO  ratis.XceiverServerRatis (XceiverServerRatis.java:start(418)) - Starting XceiverServerRatis bcd3650e-e4cc-4fe9-bbdd-09c259372f4e at port 0
2019-10-16 08:35:14,166 [Datanode State Machine Thread - 0] INFO  impl.RaftServerProxy (RaftServerProxy.java:lambda$start$3(299)) - bcd3650e-e4cc-4fe9-bbdd-09c259372f4e: start RPC server
2019-10-16 08:35:14,169 [Datanode State Machine Thread - 0] INFO  server.GrpcService (GrpcService.java:startImpl(158)) - bcd3650e-e4cc-4fe9-bbdd-09c259372f4e: GrpcService started, listening on 0.0.0.0/0.0.0.0:45228
2019-10-16 08:35:14,169 [Datanode State Machine Thread - 0] INFO  ratis.XceiverServerRatis (XceiverServerRatis.java:start(428)) - XceiverServerRatis bcd3650e-e4cc-4fe9-bbdd-09c259372f4e is started using port 45228
2019-10-16 08:35:14,170 [Datanode State Machine Thread - 0] INFO  server.XceiverServerGrpc (XceiverServerGrpc.java:start(149)) - XceiverServerGrpc bcd3650e-e4cc-4fe9-bbdd-09c259372f4e is started using port 42847
2019-10-16 08:35:14,236 [Datanode State Machine Thread - 0] INFO  ozoneimpl.OzoneContainer (OzoneContainer.java:start(213)) - Attempting to start container services.
2019-10-16 08:35:14,237 [Datanode State Machine Thread - 0] INFO  ozoneimpl.OzoneContainer (OzoneContainer.java:startContainerScrub(177)) - Background container scanner has been disabled.
2019-10-16 08:35:14,237 [Datanode State Machine Thread - 0] INFO  ratis.XceiverServerRatis (XceiverServerRatis.java:start(418)) - Starting XceiverServerRatis bee0b7e1-adad-4029-b421-8a044761b662 at port 0
2019-10-16 08:35:14,246 [Datanode State Machine Thread - 0] INFO  impl.RaftServerProxy (RaftServerProxy.java:lambda$start$3(299)) - bee0b7e1-adad-4029-b421-8a044761b662: start RPC server
2019-10-16 08:35:14,247 [Datanode State Machine Thread - 0] INFO  server.GrpcService (GrpcService.java:startImpl(158)) - bee0b7e1-adad-4029-b421-8a044761b662: GrpcService started, listening on 0.0.0.0/0.0.0.0:36157
2019-10-16 08:35:14,247 [Datanode State Machine Thread - 0] INFO  ratis.XceiverServerRatis (XceiverServerRatis.java:start(428)) - XceiverServerRatis bee0b7e1-adad-4029-b421-8a044761b662 is started using port 36157
2019-10-16 08:35:14,248 [Datanode State Machine Thread - 0] INFO  server.XceiverServerGrpc (XceiverServerGrpc.java:start(149)) - XceiverServerGrpc bee0b7e1-adad-4029-b421-8a044761b662 is started using port 34655
2019-10-16 08:35:14,302 [Thread-732] INFO  ozone.MiniOzoneClusterImpl (MiniOzoneClusterImpl.java:lambda$waitForClusterToBeReady$0(147)) - Waiting for cluster to be ready. Got 0 of 3 DN Heartbeats.
2019-10-16 08:35:14,318 [Datanode State Machine Thread - 0] INFO  ozoneimpl.OzoneContainer (OzoneContainer.java:start(213)) - Attempting to start container services.
2019-10-16 08:35:14,318 [Datanode State Machine Thread - 0] INFO  ozoneimpl.OzoneContainer (OzoneContainer.java:startContainerScrub(177)) - Background container scanner has been disabled.
2019-10-16 08:35:14,319 [Datanode State Machine Thread - 0] INFO  ratis.XceiverServerRatis (XceiverServerRatis.java:start(418)) - Starting XceiverServerRatis 0b067187-b7e7-488d-a1a7-3c5cddaad0e9 at port 0
2019-10-16 08:35:14,327 [Datanode State Machine Thread - 0] INFO  impl.RaftServerProxy (RaftServerProxy.java:lambda$start$3(299)) - 0b067187-b7e7-488d-a1a7-3c5cddaad0e9: start RPC server
2019-10-16 08:35:14,329 [Datanode State Machine Thread - 0] INFO  server.GrpcService (GrpcService.java:startImpl(158)) - 0b067187-b7e7-488d-a1a7-3c5cddaad0e9: GrpcService started, listening on 0.0.0.0/0.0.0.0:35056
2019-10-16 08:35:14,329 [Datanode State Machine Thread - 0] INFO  ratis.XceiverServerRatis (XceiverServerRatis.java:start(428)) - XceiverServerRatis 0b067187-b7e7-488d-a1a7-3c5cddaad0e9 is started using port 35056
2019-10-16 08:35:14,330 [Datanode State Machine Thread - 0] INFO  server.XceiverServerGrpc (XceiverServerGrpc.java:start(149)) - XceiverServerGrpc 0b067187-b7e7-488d-a1a7-3c5cddaad0e9 is started using port 35121
2019-10-16 08:35:15,302 [Thread-732] INFO  ozone.MiniOzoneClusterImpl (MiniOzoneClusterImpl.java:lambda$waitForClusterToBeReady$0(147)) - Waiting for cluster to be ready. Got 0 of 3 DN Heartbeats.
2019-10-16 08:35:16,141 [IPC Server handler 3 on 34029] INFO  net.NetworkTopology (NetworkTopologyImpl.java:add(111)) - Added a new node: /default-rack/bcd3650e-e4cc-4fe9-bbdd-09c259372f4e
2019-10-16 08:35:16,143 [IPC Server handler 3 on 34029] INFO  node.SCMNodeManager (SCMNodeManager.java:register(268)) - Registered Data node : bcd3650e-e4cc-4fe9-bbdd-09c259372f4e{ip: 192.168.34.43, host: pr-hdds-1737-dstl4-2900247166, networkLocation: /default-rack, certSerialId: null}
2019-10-16 08:35:16,144 [EventQueue-NodeRegistrationContainerReportForDataNodeSafeModeRule] INFO  safemode.SCMSafeModeManager (DataNodeSafeModeRule.java:process(71)) - SCM in safe mode. 1 DataNodes registered, 1 required.
2019-10-16 08:35:16,145 [EventQueue-NodeRegistrationContainerReportForDataNodeSafeModeRule] INFO  safemode.SCMSafeModeManager (SCMSafeModeManager.java:validateSafeModeExitRules(177)) - ScmSafeModeManager, all rules are successfully validated
2019-10-16 08:35:16,145 [EventQueue-NodeRegistrationContainerReportForDataNodeSafeModeRule] INFO  safemode.SCMSafeModeManager (SCMSafeModeManager.java:exitSafeMode(193)) - SCM exiting safe mode.
2019-10-16 08:35:16,159 [grpc-default-executor-0] INFO  impl.RaftServerProxy (RaftServerProxy.java:addNew(89)) - bcd3650e-e4cc-4fe9-bbdd-09c259372f4e: addNew group-1D43B11E37AD:[bcd3650e-e4cc-4fe9-bbdd-09c259372f4e:192.168.34.43:45228] returns group-1D43B11E37AD:java.util.concurrent.CompletableFuture@56b59c5e[Not completed]
2019-10-16 08:35:16,161 [pool-127-thread-1] INFO  impl.RaftServerImpl (RaftServerImpl.java:<init>(104)) - bcd3650e-e4cc-4fe9-bbdd-09c259372f4e: new RaftServerImpl for group-1D43B11E37AD:[bcd3650e-e4cc-4fe9-bbdd-09c259372f4e:192.168.34.43:45228] with ContainerStateMachine:uninitialized
2019-10-16 08:35:16,161 [pool-127-thread-1] INFO  server.RaftServerConfigKeys (ConfUtils.java:logGet(43)) - raft.server.rpc.timeout.min = 5s (custom)
2019-10-16 08:35:16,161 [pool-127-thread-1] INFO  server.RaftServerConfigKeys (ConfUtils.java:logGet(43)) - raft.server.rpc.timeout.max = 5200ms (custom)
2019-10-16 08:35:16,162 [pool-127-thread-1] INFO  server.RaftServerConfigKeys (ConfUtils.java:logGet(43)) - raft.server.rpcslowness.timeout = 120s (custom)
2019-10-16 08:35:16,162 [pool-127-thread-1] INFO  server.RaftServerConfigKeys (ConfUtils.java:logGet(43)) - raft.server.sleep.deviation.threshold = 300 (default)
2019-10-16 08:35:16,162 [pool-127-thread-1] INFO  server.RaftServerConfigKeys (ConfUtils.java:logGet(43)) - raft.server.log.appender.install.snapshot.enabled = false (custom)
2019-10-16 08:35:16,162 [pool-127-thread-1] INFO  impl.RaftServerImpl (ServerState.java:<init>(103)) - bcd3650e-e4cc-4fe9-bbdd-09c259372f4e@group-1D43B11E37AD: ConfigurationManager, init=-1: [bcd3650e-e4cc-4fe9-bbdd-09c259372f4e:192.168.34.43:45228], old=null, confs=<EMPTY_MAP>
2019-10-16 08:35:16,162 [pool-127-thread-1] INFO  server.RaftServerConfigKeys (ConfUtils.java:logGet(43)) - raft.server.storage.dir = [/workdir/hadoop-ozone/ozonefs/target/test-dir/MiniOzoneClusterImpl-86521f5e-7039-45fe-813d-bcbfddd09546/datanode-0/data/ratis] (custom)
2019-10-16 08:35:16,163 [pool-127-thread-1] INFO  server.RaftServerConfigKeys (ConfUtils.java:logGet(43)) - raft.server.log.corruption.policy = EXCEPTION (default)
2019-10-16 08:35:16,163 [pool-127-thread-1] INFO  storage.RaftStorageDirectory (RaftStorageDirectory.java:analyzeStorage(246)) - The storage directory /workdir/hadoop-ozone/ozonefs/target/test-dir/MiniOzoneClusterImpl-86521f5e-7039-45fe-813d-bcbfddd09546/datanode-0/data/ratis/17c89bd4-4fbe-4f9a-a648-1d43b11e37ad does not exist. Creating ...
2019-10-16 08:35:16,178 [pool-127-thread-1] INFO  storage.RaftStorageDirectory (RaftStorageDirectory.java:tryLock(328)) - Lock on /workdir/hadoop-ozone/ozonefs/target/test-dir/MiniOzoneClusterImpl-86521f5e-7039-45fe-813d-bcbfddd09546/datanode-0/data/ratis/17c89bd4-4fbe-4f9a-a648-1d43b11e37ad/in_use.lock acquired by nodename 18686@pr-hdds-1737-dstl4-2900247166
2019-10-16 08:35:16,191 [pool-127-thread-1] INFO  storage.RaftStorage (RaftStorage.java:format(84)) - Storage directory /workdir/hadoop-ozone/ozonefs/target/test-dir/MiniOzoneClusterImpl-86521f5e-7039-45fe-813d-bcbfddd09546/datanode-0/data/ratis/17c89bd4-4fbe-4f9a-a648-1d43b11e37ad has been successfully formatted.
2019-10-16 08:35:16,192 [pool-127-thread-1] INFO  ratis.ContainerStateMachine (ContainerStateMachine.java:loadSnapshot(231)) - group-1D43B11E37AD: The snapshot info is null. Setting the last applied indexto:(t:0, i:~)
2019-10-16 08:35:16,192 [pool-127-thread-1] INFO  server.RaftServerConfigKeys (ConfUtils.java:logGet(43)) - raft.server.notification.no-leader.timeout = 120s (custom)
2019-10-16 08:35:16,192 [pool-127-thread-1] INFO  server.RaftServerConfigKeys (ConfUtils.java:logGet(43)) - raft.server.log.use.memory = false (default)
2019-10-16 08:35:16,192 [pool-127-thread-1] INFO  server.RaftServerConfigKeys (ConfUtils.java:logGet(43)) - raft.server.log.purge.gap = 1000000 (custom)
2019-10-16 08:35:16,192 [pool-127-thread-1] INFO  server.RaftServerConfigKeys (ConfUtils.java:logGet(43)) - raft.server.log.appender.buffer.byte-limit = 33554432 (custom)
2019-10-16 08:35:16,193 [pool-127-thread-1] INFO  server.RaftServerConfigKeys (ConfUtils.java:logGet(43)) - raft.server.log.segment.size.max = 1048576 (custom)
2019-10-16 08:35:16,195 [pool-127-thread-1] INFO  server.RaftServerConfigKeys (ConfUtils.java:logGet(43)) - raft.server.log.segment.cache.num.max = 2 (custom)
2019-10-16 08:35:16,196 [pool-127-thread-1] INFO  segmented.SegmentedRaftLogWorker (SegmentedRaftLogWorker.java:<init>(173)) - new bcd3650e-e4cc-4fe9-bbdd-09c259372f4e@group-1D43B11E37AD-SegmentedRaftLogWorker for RaftStorage:Storage Directory /workdir/hadoop-ozone/ozonefs/target/test-dir/MiniOzoneClusterImpl-86521f5e-7039-45fe-813d-bcbfddd09546/datanode-0/data/ratis/17c89bd4-4fbe-4f9a-a648-1d43b11e37ad
2019-10-16 08:35:16,196 [pool-127-thread-1] INFO  server.RaftServerConfigKeys (ConfUtils.java:logGet(43)) - raft.server.log.queue.byte-limit = 2147483647 (custom)
2019-10-16 08:35:16,196 [pool-127-thread-1] INFO  server.RaftServerConfigKeys (ConfUtils.java:logGet(43)) - raft.server.log.queue.element-limit = 1024 (custom)
2019-10-16 08:35:16,196 [pool-127-thread-1] INFO  server.RaftServerConfigKeys (ConfUtils.java:logGet(43)) - raft.server.log.segment.size.max = 1048576 (custom)
2019-10-16 08:35:16,196 [pool-127-thread-1] INFO  server.RaftServerConfigKeys (ConfUtils.java:logGet(43)) - raft.server.log.preallocated.size = 16384 (custom)
2019-10-16 08:35:16,196 [pool-127-thread-1] INFO  server.RaftServerConfigKeys (ConfUtils.java:logGet(43)) - raft.server.log.write.buffer.size = 33554432 (custom)
2019-10-16 08:35:16,197 [pool-127-thread-1] INFO  server.RaftServerConfigKeys (ConfUtils.java:logGet(43)) - raft.server.log.force.sync.num = 128 (default)
2019-10-16 08:35:16,197 [pool-127-thread-1] INFO  server.RaftServerConfigKeys (ConfUtils.java:logGet(43)) - raft.server.log.statemachine.data.sync = true (default)
2019-10-16 08:35:16,197 [pool-127-thread-1] INFO  server.RaftServerConfigKeys (ConfUtils.java:logGet(43)) - raft.server.log.statemachine.data.sync.timeout = 10s (default)
2019-10-16 08:35:16,197 [pool-127-thread-1] INFO  server.RaftServerConfigKeys (ConfUtils.java:logGet(43)) - raft.server.log.statemachine.data.sync.timeout.retry = -1 (default)
2019-10-16 08:35:16,198 [pool-127-thread-1] INFO  server.RaftServerConfigKeys (ConfUtils.java:logGet(43)) - raft.server.log.statemachine.data.caching.enabled = true (custom)
2019-10-16 08:35:16,198 [pool-127-thread-1] INFO  segmented.SegmentedRaftLogWorker (SegmentedRaftLogWorker.java:lambda$new$0(128)) - bcd3650e-e4cc-4fe9-bbdd-09c259372f4e@group-1D43B11E37AD-SegmentedRaftLogWorker: flushIndex: setUnconditionally 0 -> -1
2019-10-16 08:35:16,199 [pool-127-thread-1] INFO  server.RaftServerConfigKeys (ConfUtils.java:logGet(43)) - raft.server.snapshot.auto.trigger.enabled = true (custom)
2019-10-16 08:35:16,199 [pool-127-thread-1] INFO  server.RaftServerConfigKeys (ConfUtils.java:logGet(43)) - raft.server.snapshot.auto.trigger.threshold = 10000 (custom)
2019-10-16 08:35:16,199 [pool-127-thread-1] INFO  server.RaftServerConfigKeys (ConfUtils.java:logGet(43)) - raft.server.snapshot.retention.file.num = 5 (custom)
2019-10-16 08:35:16,199 [pool-127-thread-1] INFO  server.RaftServerConfigKeys (ConfUtils.java:logGet(43)) - raft.server.retrycache.expirytime = 600000ms (custom)
2019-10-16 08:35:16,204 [pool-127-thread-1] INFO  impl.RaftServerImpl (RaftServerImpl.java:start(195)) - bcd3650e-e4cc-4fe9-bbdd-09c259372f4e@group-1D43B11E37AD: start as a follower, conf=-1: [bcd3650e-e4cc-4fe9-bbdd-09c259372f4e:192.168.34.43:45228], old=null
2019-10-16 08:35:16,204 [pool-127-thread-1] INFO  impl.RaftServerImpl (RaftServerImpl.java:setRole(184)) - bcd3650e-e4cc-4fe9-bbdd-09c259372f4e@group-1D43B11E37AD: changes role from      null to FOLLOWER at term 0 for startAsFollower
2019-10-16 08:35:16,205 [pool-127-thread-1] INFO  impl.RoleInfo (RoleInfo.java:updateAndGet(143)) - bcd3650e-e4cc-4fe9-bbdd-09c259372f4e: start FollowerState
2019-10-16 08:35:16,205 [pool-127-thread-1] INFO  util.JmxRegister (JmxRegister.java:tryRegister(44)) - Successfully registered JMX Bean with object name Ratis:service=RaftServer,group=group-1D43B11E37AD,id=bcd3650e-e4cc-4fe9-bbdd-09c259372f4e
2019-10-16 08:35:16,213 [RatisPipelineUtilsThread] INFO  pipeline.PipelineStateManager (PipelineStateManager.java:addPipeline(56)) - Created pipeline Pipeline[ Id: 17c89bd4-4fbe-4f9a-a648-1d43b11e37ad, Nodes: bcd3650e-e4cc-4fe9-bbdd-09c259372f4e{ip: 192.168.34.43, host: pr-hdds-1737-dstl4-2900247166, networkLocation: /default-rack, certSerialId: null}, Type:RATIS, Factor:ONE, State:OPEN]
2019-10-16 08:35:16,222 [IPC Server handler 1 on 34029] INFO  net.NetworkTopology (NetworkTopologyImpl.java:add(111)) - Added a new node: /default-rack/bee0b7e1-adad-4029-b421-8a044761b662
2019-10-16 08:35:16,222 [IPC Server handler 1 on 34029] INFO  node.SCMNodeManager (SCMNodeManager.java:register(268)) - Registered Data node : bee0b7e1-adad-4029-b421-8a044761b662{ip: 192.168.34.43, host: pr-hdds-1737-dstl4-2900247166, networkLocation: /default-rack, certSerialId: null}
2019-10-16 08:35:16,231 [grpc-default-executor-0] INFO  impl.RaftServerProxy (RaftServerProxy.java:addNew(89)) - bee0b7e1-adad-4029-b421-8a044761b662: addNew group-E9A8AB209E09:[bee0b7e1-adad-4029-b421-8a044761b662:192.168.34.43:36157] returns group-E9A8AB209E09:java.util.concurrent.CompletableFuture@4cb751b5[Not completed]
2019-10-16 08:35:16,233 [pool-137-thread-1] INFO  impl.RaftServerImpl (RaftServerImpl.java:<init>(104)) - bee0b7e1-adad-4029-b421-8a044761b662: new RaftServerImpl for group-E9A8AB209E09:[bee0b7e1-adad-4029-b421-8a044761b662:192.168.34.43:36157] with ContainerStateMachine:uninitialized
2019-10-16 08:35:16,233 [pool-137-thread-1] INFO  server.RaftServerConfigKeys (ConfUtils.java:logGet(43)) - raft.server.rpc.timeout.min = 5s (custom)
2019-10-16 08:35:16,233 [pool-137-thread-1] INFO  server.RaftServerConfigKeys (ConfUtils.java:logGet(43)) - raft.server.rpc.timeout.max = 5200ms (custom)
2019-10-16 08:35:16,233 [pool-137-thread-1] INFO  server.RaftServerConfigKeys (ConfUtils.java:logGet(43)) - raft.server.rpcslowness.timeout = 120s (custom)
2019-10-16 08:35:16,233 [pool-137-thread-1] INFO  server.RaftServerConfigKeys (ConfUtils.java:logGet(43)) - raft.server.sleep.deviation.threshold = 300 (default)
2019-10-16 08:35:16,234 [pool-137-thread-1] INFO  server.RaftServerConfigKeys (ConfUtils.java:logGet(43)) - raft.server.log.appender.install.snapshot.enabled = false (custom)
2019-10-16 08:35:16,234 [pool-137-thread-1] INFO  impl.RaftServerImpl (ServerState.java:<init>(103)) - bee0b7e1-adad-4029-b421-8a044761b662@group-E9A8AB209E09: ConfigurationManager, init=-1: [bee0b7e1-adad-4029-b421-8a044761b662:192.168.34.43:36157], old=null, confs=<EMPTY_MAP>
2019-10-16 08:35:16,234 [pool-137-thread-1] INFO  server.RaftServerConfigKeys (ConfUtils.java:logGet(43)) - raft.server.storage.dir = [/workdir/hadoop-ozone/ozonefs/target/test-dir/MiniOzoneClusterImpl-86521f5e-7039-45fe-813d-bcbfddd09546/datanode-1/data/ratis] (custom)
2019-10-16 08:35:16,234 [pool-137-thread-1] INFO  server.RaftServerConfigKeys (ConfUtils.java:logGet(43)) - raft.server.log.corruption.policy = EXCEPTION (default)
2019-10-16 08:35:16,235 [pool-137-thread-1] INFO  storage.RaftStorageDirectory (RaftStorageDirectory.java:analyzeStorage(246)) - The storage directory /workdir/hadoop-ozone/ozonefs/target/test-dir/MiniOzoneClusterImpl-86521f5e-7039-45fe-813d-bcbfddd09546/datanode-1/data/ratis/bad70e2d-5b6d-48ec-90b7-e9a8ab209e09 does not exist. Creating ...
2019-10-16 08:35:16,238 [Thread-906] INFO  impl.FollowerState (FollowerState.java:run(108)) - bcd3650e-e4cc-4fe9-bbdd-09c259372f4e@group-1D43B11E37AD-FollowerState: change to CANDIDATE, lastRpcTime:33ms, electionTimeout:33ms
2019-10-16 08:35:16,238 [Thread-906] INFO  impl.RoleInfo (RoleInfo.java:shutdownFollowerState(121)) - bcd3650e-e4cc-4fe9-bbdd-09c259372f4e: shutdown FollowerState
2019-10-16 08:35:16,239 [Thread-906] INFO  impl.RaftServerImpl (RaftServerImpl.java:setRole(184)) - bcd3650e-e4cc-4fe9-bbdd-09c259372f4e@group-1D43B11E37AD: changes role from  FOLLOWER to CANDIDATE at term 0 for changeToCandidate
2019-10-16 08:35:16,239 [Thread-906] INFO  impl.RoleInfo (RoleInfo.java:updateAndGet(143)) - bcd3650e-e4cc-4fe9-bbdd-09c259372f4e: start LeaderElection
2019-10-16 08:35:16,248 [pool-137-thread-1] INFO  storage.RaftStorageDirectory (RaftStorageDirectory.java:tryLock(328)) - Lock on /workdir/hadoop-ozone/ozonefs/target/test-dir/MiniOzoneClusterImpl-86521f5e-7039-45fe-813d-bcbfddd09546/datanode-1/data/ratis/bad70e2d-5b6d-48ec-90b7-e9a8ab209e09/in_use.lock acquired by nodename 18686@pr-hdds-1737-dstl4-2900247166
2019-10-16 08:35:16,248 [bcd3650e-e4cc-4fe9-bbdd-09c259372f4e@group-1D43B11E37AD-LeaderElection56] INFO  impl.LeaderElection (LeaderElection.java:askForVotes(178)) - bcd3650e-e4cc-4fe9-bbdd-09c259372f4e@group-1D43B11E37AD-LeaderElection56: begin an election at term 1 for -1: [bcd3650e-e4cc-4fe9-bbdd-09c259372f4e:192.168.34.43:45228], old=null
2019-10-16 08:35:16,249 [bcd3650e-e4cc-4fe9-bbdd-09c259372f4e@group-1D43B11E37AD-LeaderElection56] INFO  impl.RoleInfo (RoleInfo.java:shutdownLeaderElection(134)) - bcd3650e-e4cc-4fe9-bbdd-09c259372f4e: shutdown LeaderElection
2019-10-16 08:35:16,249 [bcd3650e-e4cc-4fe9-bbdd-09c259372f4e@group-1D43B11E37AD-LeaderElection56] INFO  impl.RaftServerImpl (RaftServerImpl.java:setRole(184)) - bcd3650e-e4cc-4fe9-bbdd-09c259372f4e@group-1D43B11E37AD: changes role from CANDIDATE to LEADER at term 1 for changeToLeader
2019-10-16 08:35:16,249 [bcd3650e-e4cc-4fe9-bbdd-09c259372f4e@group-1D43B11E37AD-LeaderElection56] INFO  impl.RaftServerImpl (ServerState.java:setLeader(256)) - bcd3650e-e4cc-4fe9-bbdd-09c259372f4e@group-1D43B11E37AD: change Leader from null to bcd3650e-e4cc-4fe9-bbdd-09c259372f4e at term 1 for becomeLeader, leader elected after 57ms
2019-10-16 08:35:16,249 [bcd3650e-e4cc-4fe9-bbdd-09c259372f4e@group-1D43B11E37AD-LeaderElection56] INFO  server.RaftServerConfigKeys (ConfUtils.java:logGet(43)) - raft.server.staging.catchup.gap = 1000 (default)
2019-10-16 08:35:16,249 [bcd3650e-e4cc-4fe9-bbdd-09c259372f4e@group-1D43B11E37AD-LeaderElection56] INFO  server.RaftServerConfigKeys (ConfUtils.java:logGet(43)) - raft.server.rpc.sleep.time = 25ms (default)
2019-10-16 08:35:16,249 [bcd3650e-e4cc-4fe9-bbdd-09c259372f4e@group-1D43B11E37AD-LeaderElection56] INFO  server.RaftServerConfigKeys (ConfUtils.java:logGet(43)) - raft.server.write.element-limit = 4096 (default)
2019-10-16 08:35:16,250 [bcd3650e-e4cc-4fe9-bbdd-09c259372f4e@group-1D43B11E37AD-LeaderElection56] INFO  server.RaftServerConfigKeys (ConfUtils.java:logGet(43)) - raft.server.watch.timeout = 10s (default)
2019-10-16 08:35:16,250 [bcd3650e-e4cc-4fe9-bbdd-09c259372f4e@group-1D43B11E37AD-LeaderElection56] INFO  server.RaftServerConfigKeys (ConfUtils.java:logGet(43)) - raft.server.watch.timeout.denomination = 1s (default)
2019-10-16 08:35:16,250 [bcd3650e-e4cc-4fe9-bbdd-09c259372f4e@group-1D43B11E37AD-LeaderElection56] INFO  server.RaftServerConfigKeys (ConfUtils.java:logGet(43)) - raft.server.watch.element-limit = 65536 (default)
2019-10-16 08:35:16,253 [bcd3650e-e4cc-4fe9-bbdd-09c259372f4e@group-1D43B11E37AD-LeaderElection56] INFO  impl.RoleInfo (RoleInfo.java:updateAndGet(143)) - bcd3650e-e4cc-4fe9-bbdd-09c259372f4e: start LeaderState
2019-10-16 08:35:16,253 [bcd3650e-e4cc-4fe9-bbdd-09c259372f4e@group-1D43B11E37AD-LeaderElection56] INFO  segmented.SegmentedRaftLogWorker (SegmentedRaftLogWorker.java:startLogSegment(385)) - bcd3650e-e4cc-4fe9-bbdd-09c259372f4e@group-1D43B11E37AD-SegmentedRaftLogWorker: Starting segment from index:0
2019-10-16 08:35:16,254 [bcd3650e-e4cc-4fe9-bbdd-09c259372f4e@group-1D43B11E37AD-LeaderElection56] INFO  impl.RaftServerImpl (ServerState.java:setRaftConf(357)) - bcd3650e-e4cc-4fe9-bbdd-09c259372f4e@group-1D43B11E37AD: set configuration 0: [bcd3650e-e4cc-4fe9-bbdd-09c259372f4e:192.168.34.43:45228], old=null at 0
2019-10-16 08:35:16,261 [pool-137-thread-1] INFO  storage.RaftStorage (RaftStorage.java:format(84)) - Storage directory /workdir/hadoop-ozone/ozonefs/target/test-dir/MiniOzoneClusterImpl-86521f5e-7039-45fe-813d-bcbfddd09546/datanode-1/data/ratis/bad70e2d-5b6d-48ec-90b7-e9a8ab209e09 has been successfully formatted.
2019-10-16 08:35:16,261 [pool-137-thread-1] INFO  ratis.ContainerStateMachine (ContainerStateMachine.java:loadSnapshot(231)) - group-E9A8AB209E09: The snapshot info is null. Setting the last applied indexto:(t:0, i:~)
2019-10-16 08:35:16,262 [pool-137-thread-1] INFO  server.RaftServerConfigKeys (ConfUtils.java:logGet(43)) - raft.server.notification.no-leader.timeout = 120s (custom)
2019-10-16 08:35:16,262 [pool-137-thread-1] INFO  server.RaftServerConfigKeys (ConfUtils.java:logGet(43)) - raft.server.log.use.memory = false (default)
2019-10-16 08:35:16,262 [pool-137-thread-1] INFO  server.RaftServerConfigKeys (ConfUtils.java:logGet(43)) - raft.server.log.purge.gap = 1000000 (custom)
2019-10-16 08:35:16,262 [pool-137-thread-1] INFO  server.RaftServerConfigKeys (ConfUtils.java:logGet(43)) - raft.server.log.appender.buffer.byte-limit = 33554432 (custom)
2019-10-16 08:35:16,262 [pool-137-thread-1] INFO  server.RaftServerConfigKeys (ConfUtils.java:logGet(43)) - raft.server.log.segment.size.max = 1048576 (custom)
2019-10-16 08:35:16,265 [pool-137-thread-1] INFO  server.RaftServerConfigKeys (ConfUtils.java:logGet(43)) - raft.server.log.segment.cache.num.max = 2 (custom)
2019-10-16 08:35:16,265 [pool-137-thread-1] INFO  segmented.SegmentedRaftLogWorker (SegmentedRaftLogWorker.java:<init>(173)) - new bee0b7e1-adad-4029-b421-8a044761b662@group-E9A8AB209E09-SegmentedRaftLogWorker for RaftStorage:Storage Directory /workdir/hadoop-ozone/ozonefs/target/test-dir/MiniOzoneClusterImpl-86521f5e-7039-45fe-813d-bcbfddd09546/datanode-1/data/ratis/bad70e2d-5b6d-48ec-90b7-e9a8ab209e09
2019-10-16 08:35:16,265 [pool-137-thread-1] INFO  server.RaftServerConfigKeys (ConfUtils.java:logGet(43)) - raft.server.log.queue.byte-limit = 2147483647 (custom)
2019-10-16 08:35:16,265 [pool-137-thread-1] INFO  server.RaftServerConfigKeys (ConfUtils.java:logGet(43)) - raft.server.log.queue.element-limit = 1024 (custom)
2019-10-16 08:35:16,265 [pool-137-thread-1] INFO  server.RaftServerConfigKeys (ConfUtils.java:logGet(43)) - raft.server.log.segment.size.max = 1048576 (custom)
2019-10-16 08:35:16,265 [pool-137-thread-1] INFO  server.RaftServerConfigKeys (ConfUtils.java:logGet(43)) - raft.server.log.preallocated.size = 16384 (custom)
2019-10-16 08:35:16,265 [pool-137-thread-1] INFO  server.RaftServerConfigKeys (ConfUtils.java:logGet(43)) - raft.server.log.write.buffer.size = 33554432 (custom)
2019-10-16 08:35:16,266 [pool-137-thread-1] INFO  server.RaftServerConfigKeys (ConfUtils.java:logGet(43)) - raft.server.log.force.sync.num = 128 (default)
2019-10-16 08:35:16,266 [pool-137-thread-1] INFO  server.RaftServerConfigKeys (ConfUtils.java:logGet(43)) - raft.server.log.statemachine.data.sync = true (default)
2019-10-16 08:35:16,266 [pool-137-thread-1] INFO  server.RaftServerConfigKeys (ConfUtils.java:logGet(43)) - raft.server.log.statemachine.data.sync.timeout = 10s (default)
2019-10-16 08:35:16,266 [pool-137-thread-1] INFO  server.RaftServerConfigKeys (ConfUtils.java:logGet(43)) - raft.server.log.statemachine.data.sync.timeout.retry = -1 (default)
2019-10-16 08:35:16,266 [pool-137-thread-1] INFO  server.RaftServerConfigKeys (ConfUtils.java:logGet(43)) - raft.server.log.statemachine.data.caching.enabled = true (custom)
2019-10-16 08:35:16,267 [pool-137-thread-1] INFO  segmented.SegmentedRaftLogWorker (SegmentedRaftLogWorker.java:lambda$new$0(128)) - bee0b7e1-adad-4029-b421-8a044761b662@group-E9A8AB209E09-SegmentedRaftLogWorker: flushIndex: setUnconditionally 0 -> -1
2019-10-16 08:35:16,267 [pool-137-thread-1] INFO  server.RaftServerConfigKeys (ConfUtils.java:logGet(43)) - raft.server.snapshot.auto.trigger.enabled = true (custom)
2019-10-16 08:35:16,267 [pool-137-thread-1] INFO  server.RaftServerConfigKeys (ConfUtils.java:logGet(43)) - raft.server.snapshot.auto.trigger.threshold = 10000 (custom)
2019-10-16 08:35:16,268 [pool-137-thread-1] INFO  server.RaftServerConfigKeys (ConfUtils.java:logGet(43)) - raft.server.snapshot.retention.file.num = 5 (custom)
2019-10-16 08:35:16,268 [pool-137-thread-1] INFO  server.RaftServerConfigKeys (ConfUtils.java:logGet(43)) - raft.server.retrycache.expirytime = 600000ms (custom)
2019-10-16 08:35:16,272 [pool-137-thread-1] INFO  impl.RaftServerImpl (RaftServerImpl.java:start(195)) - bee0b7e1-adad-4029-b421-8a044761b662@group-E9A8AB209E09: start as a follower, conf=-1: [bee0b7e1-adad-4029-b421-8a044761b662:192.168.34.43:36157], old=null
2019-10-16 08:35:16,272 [pool-137-thread-1] INFO  impl.RaftServerImpl (RaftServerImpl.java:setRole(184)) - bee0b7e1-adad-4029-b421-8a044761b662@group-E9A8AB209E09: changes role from      null to FOLLOWER at term 0 for startAsFollower
2019-10-16 08:35:16,272 [pool-137-thread-1] INFO  impl.RoleInfo (RoleInfo.java:updateAndGet(143)) - bee0b7e1-adad-4029-b421-8a044761b662: start FollowerState
2019-10-16 08:35:16,273 [pool-137-thread-1] INFO  util.JmxRegister (JmxRegister.java:tryRegister(44)) - Successfully registered JMX Bean with object name Ratis:service=RaftServer,group=group-E9A8AB209E09,id=bee0b7e1-adad-4029-b421-8a044761b662
2019-10-16 08:35:16,294 [Thread-911] INFO  impl.FollowerState (FollowerState.java:run(108)) - bee0b7e1-adad-4029-b421-8a044761b662@group-E9A8AB209E09-FollowerState: change to CANDIDATE, lastRpcTime:21ms, electionTimeout:4ms
2019-10-16 08:35:16,294 [Thread-911] INFO  impl.RoleInfo (RoleInfo.java:shutdownFollowerState(121)) - bee0b7e1-adad-4029-b421-8a044761b662: shutdown FollowerState
2019-10-16 08:35:16,294 [Thread-911] INFO  impl.RaftServerImpl (RaftServerImpl.java:setRole(184)) - bee0b7e1-adad-4029-b421-8a044761b662@group-E9A8AB209E09: changes role from  FOLLOWER to CANDIDATE at term 0 for changeToCandidate
2019-10-16 08:35:16,295 [Thread-911] INFO  impl.RoleInfo (RoleInfo.java:updateAndGet(143)) - bee0b7e1-adad-4029-b421-8a044761b662: start LeaderElection
2019-10-16 08:35:16,298 [RatisPipelineUtilsThread] INFO  pipeline.PipelineStateManager (PipelineStateManager.java:addPipeline(56)) - Created pipeline Pipeline[ Id: bad70e2d-5b6d-48ec-90b7-e9a8ab209e09, Nodes: bee0b7e1-adad-4029-b421-8a044761b662{ip: 192.168.34.43, host: pr-hdds-1737-dstl4-2900247166, networkLocation: /default-rack, certSerialId: null}, Type:RATIS, Factor:ONE, State:OPEN]
2019-10-16 08:35:16,303 [Thread-732] INFO  ozone.MiniOzoneClusterImpl (MiniOzoneClusterImpl.java:lambda$waitForClusterToBeReady$0(147)) - Waiting for cluster to be ready. Got 2 of 3 DN Heartbeats.
2019-10-16 08:35:16,304 [IPC Server handler 3 on 34029] INFO  net.NetworkTopology (NetworkTopologyImpl.java:add(111)) - Added a new node: /default-rack/0b067187-b7e7-488d-a1a7-3c5cddaad0e9
2019-10-16 08:35:16,305 [IPC Server handler 3 on 34029] INFO  node.SCMNodeManager (SCMNodeManager.java:register(268)) - Registered Data node : 0b067187-b7e7-488d-a1a7-3c5cddaad0e9{ip: 192.168.34.43, host: pr-hdds-1737-dstl4-2900247166, networkLocation: /default-rack, certSerialId: null}
2019-10-16 08:35:16,307 [bcd3650e-e4cc-4fe9-bbdd-09c259372f4e@group-1D43B11E37AD-SegmentedRaftLogWorker] INFO  segmented.SegmentedRaftLogWorker (SegmentedRaftLogWorker.java:execute(576)) - bcd3650e-e4cc-4fe9-bbdd-09c259372f4e@group-1D43B11E37AD-SegmentedRaftLogWorker: created new log segment /workdir/hadoop-ozone/ozonefs/target/test-dir/MiniOzoneClusterImpl-86521f5e-7039-45fe-813d-bcbfddd09546/datanode-0/data/ratis/17c89bd4-4fbe-4f9a-a648-1d43b11e37ad/current/log_inprogress_0
2019-10-16 08:35:16,307 [bee0b7e1-adad-4029-b421-8a044761b662@group-E9A8AB209E09-LeaderElection57] INFO  impl.LeaderElection (LeaderElection.java:askForVotes(178)) - bee0b7e1-adad-4029-b421-8a044761b662@group-E9A8AB209E09-LeaderElection57: begin an election at term 1 for -1: [bee0b7e1-adad-4029-b421-8a044761b662:192.168.34.43:36157], old=null
2019-10-16 08:35:16,307 [bee0b7e1-adad-4029-b421-8a044761b662@group-E9A8AB209E09-LeaderElection57] INFO  impl.RoleInfo (RoleInfo.java:shutdownLeaderElection(134)) - bee0b7e1-adad-4029-b421-8a044761b662: shutdown LeaderElection
2019-10-16 08:35:16,307 [bee0b7e1-adad-4029-b421-8a044761b662@group-E9A8AB209E09-LeaderElection57] INFO  impl.RaftServerImpl (RaftServerImpl.java:setRole(184)) - bee0b7e1-adad-4029-b421-8a044761b662@group-E9A8AB209E09: changes role from CANDIDATE to LEADER at term 1 for changeToLeader
2019-10-16 08:35:16,308 [bee0b7e1-adad-4029-b421-8a044761b662@group-E9A8AB209E09-LeaderElection57] INFO  impl.RaftServerImpl (ServerState.java:setLeader(256)) - bee0b7e1-adad-4029-b421-8a044761b662@group-E9A8AB209E09: change Leader from null to bee0b7e1-adad-4029-b421-8a044761b662 at term 1 for becomeLeader, leader elected after 45ms
2019-10-16 08:35:16,308 [bee0b7e1-adad-4029-b421-8a044761b662@group-E9A8AB209E09-LeaderElection57] INFO  server.RaftServerConfigKeys (ConfUtils.java:logGet(43)) - raft.server.staging.catchup.gap = 1000 (default)
2019-10-16 08:35:16,308 [bee0b7e1-adad-4029-b421-8a044761b662@group-E9A8AB209E09-LeaderElection57] INFO  server.RaftServerConfigKeys (ConfUtils.java:logGet(43)) - raft.server.rpc.sleep.time = 25ms (default)
2019-10-16 08:35:16,308 [bee0b7e1-adad-4029-b421-8a044761b662@group-E9A8AB209E09-LeaderElection57] INFO  server.RaftServerConfigKeys (ConfUtils.java:logGet(43)) - raft.server.write.element-limit = 4096 (default)
2019-10-16 08:35:16,309 [bee0b7e1-adad-4029-b421-8a044761b662@group-E9A8AB209E09-LeaderElection57] INFO  server.RaftServerConfigKeys (ConfUtils.java:logGet(43)) - raft.server.watch.timeout = 10s (default)
2019-10-16 08:35:16,309 [bee0b7e1-adad-4029-b421-8a044761b662@group-E9A8AB209E09-LeaderElection57] INFO  server.RaftServerConfigKeys (ConfUtils.java:logGet(43)) - raft.server.watch.timeout.denomination = 1s (default)
2019-10-16 08:35:16,309 [bee0b7e1-adad-4029-b421-8a044761b662@group-E9A8AB209E09-LeaderElection57] INFO  server.RaftServerConfigKeys (ConfUtils.java:logGet(43)) - raft.server.watch.element-limit = 65536 (default)
2019-10-16 08:35:16,311 [bee0b7e1-adad-4029-b421-8a044761b662@group-E9A8AB209E09-LeaderElection57] INFO  impl.RoleInfo (RoleInfo.java:updateAndGet(143)) - bee0b7e1-adad-4029-b421-8a044761b662: start LeaderState
2019-10-16 08:35:16,311 [bee0b7e1-adad-4029-b421-8a044761b662@group-E9A8AB209E09-LeaderElection57] INFO  segmented.SegmentedRaftLogWorker (SegmentedRaftLogWorker.java:startLogSegment(385)) - bee0b7e1-adad-4029-b421-8a044761b662@group-E9A8AB209E09-SegmentedRaftLogWorker: Starting segment from index:0
2019-10-16 08:35:16,312 [bee0b7e1-adad-4029-b421-8a044761b662@group-E9A8AB209E09-LeaderElection57] INFO  impl.RaftServerImpl (ServerState.java:setRaftConf(357)) - bee0b7e1-adad-4029-b421-8a044761b662@group-E9A8AB209E09: set configuration 0: [bee0b7e1-adad-4029-b421-8a044761b662:192.168.34.43:36157], old=null at 0
2019-10-16 08:35:16,345 [grpc-default-executor-0] INFO  impl.RaftServerProxy (RaftServerProxy.java:addNew(89)) - 0b067187-b7e7-488d-a1a7-3c5cddaad0e9: addNew group-625BA8CB5534:[0b067187-b7e7-488d-a1a7-3c5cddaad0e9:192.168.34.43:35056] returns group-625BA8CB5534:java.util.concurrent.CompletableFuture@217f8d4d[Not completed]
2019-10-16 08:35:16,347 [pool-147-thread-1] INFO  impl.RaftServerImpl (RaftServerImpl.java:<init>(104)) - 0b067187-b7e7-488d-a1a7-3c5cddaad0e9: new RaftServerImpl for group-625BA8CB5534:[0b067187-b7e7-488d-a1a7-3c5cddaad0e9:192.168.34.43:35056] with ContainerStateMachine:uninitialized
2019-10-16 08:35:16,347 [pool-147-thread-1] INFO  server.RaftServerConfigKeys (ConfUtils.java:logGet(43)) - raft.server.rpc.timeout.min = 5s (custom)
2019-10-16 08:35:16,348 [pool-147-thread-1] INFO  server.RaftServerConfigKeys (ConfUtils.java:logGet(43)) - raft.server.rpc.timeout.max = 5200ms (custom)
2019-10-16 08:35:16,348 [pool-147-thread-1] INFO  server.RaftServerConfigKeys (ConfUtils.java:logGet(43)) - raft.server.rpcslowness.timeout = 120s (custom)
2019-10-16 08:35:16,348 [pool-147-thread-1] INFO  server.RaftServerConfigKeys (ConfUtils.java:logGet(43)) - raft.server.sleep.deviation.threshold = 300 (default)
2019-10-16 08:35:16,348 [pool-147-thread-1] INFO  server.RaftServerConfigKeys (ConfUtils.java:logGet(43)) - raft.server.log.appender.install.snapshot.enabled = false (custom)
2019-10-16 08:35:16,348 [pool-147-thread-1] INFO  impl.RaftServerImpl (ServerState.java:<init>(103)) - 0b067187-b7e7-488d-a1a7-3c5cddaad0e9@group-625BA8CB5534: ConfigurationManager, init=-1: [0b067187-b7e7-488d-a1a7-3c5cddaad0e9:192.168.34.43:35056], old=null, confs=<EMPTY_MAP>
2019-10-16 08:35:16,348 [pool-147-thread-1] INFO  server.RaftServerConfigKeys (ConfUtils.java:logGet(43)) - raft.server.storage.dir = [/workdir/hadoop-ozone/ozonefs/target/test-dir/MiniOzoneClusterImpl-86521f5e-7039-45fe-813d-bcbfddd09546/datanode-2/data/ratis] (custom)
2019-10-16 08:35:16,349 [pool-147-thread-1] INFO  server.RaftServerConfigKeys (ConfUtils.java:logGet(43)) - raft.server.log.corruption.policy = EXCEPTION (default)
2019-10-16 08:35:16,349 [pool-147-thread-1] INFO  storage.RaftStorageDirectory (RaftStorageDirectory.java:analyzeStorage(246)) - The storage directory /workdir/hadoop-ozone/ozonefs/target/test-dir/MiniOzoneClusterImpl-86521f5e-7039-45fe-813d-bcbfddd09546/datanode-2/data/ratis/bf28f5de-ea42-4a93-bdb2-625ba8cb5534 does not exist. Creating ...
2019-10-16 08:35:16,357 [pool-147-thread-1] INFO  storage.RaftStorageDirectory (RaftStorageDirectory.java:tryLock(328)) - Lock on /workdir/hadoop-ozone/ozonefs/target/test-dir/MiniOzoneClusterImpl-86521f5e-7039-45fe-813d-bcbfddd09546/datanode-2/data/ratis/bf28f5de-ea42-4a93-bdb2-625ba8cb5534/in_use.lock acquired by nodename 18686@pr-hdds-1737-dstl4-2900247166
2019-10-16 08:35:16,357 [bee0b7e1-adad-4029-b421-8a044761b662@group-E9A8AB209E09-SegmentedRaftLogWorker] INFO  segmented.SegmentedRaftLogWorker (SegmentedRaftLogWorker.java:execute(576)) - bee0b7e1-adad-4029-b421-8a044761b662@group-E9A8AB209E09-SegmentedRaftLogWorker: created new log segment /workdir/hadoop-ozone/ozonefs/target/test-dir/MiniOzoneClusterImpl-86521f5e-7039-45fe-813d-bcbfddd09546/datanode-1/data/ratis/bad70e2d-5b6d-48ec-90b7-e9a8ab209e09/current/log_inprogress_0
2019-10-16 08:35:16,371 [pool-147-thread-1] INFO  storage.RaftStorage (RaftStorage.java:format(84)) - Storage directory /workdir/hadoop-ozone/ozonefs/target/test-dir/MiniOzoneClusterImpl-86521f5e-7039-45fe-813d-bcbfddd09546/datanode-2/data/ratis/bf28f5de-ea42-4a93-bdb2-625ba8cb5534 has been successfully formatted.
2019-10-16 08:35:16,372 [pool-147-thread-1] INFO  ratis.ContainerStateMachine (ContainerStateMachine.java:loadSnapshot(231)) - group-625BA8CB5534: The snapshot info is null. Setting the last applied indexto:(t:0, i:~)
2019-10-16 08:35:16,372 [pool-147-thread-1] INFO  server.RaftServerConfigKeys (ConfUtils.java:logGet(43)) - raft.server.notification.no-leader.timeout = 120s (custom)
2019-10-16 08:35:16,372 [pool-147-thread-1] INFO  server.RaftServerConfigKeys (ConfUtils.java:logGet(43)) - raft.server.log.use.memory = false (default)
2019-10-16 08:35:16,372 [pool-147-thread-1] INFO  server.RaftServerConfigKeys (ConfUtils.java:logGet(43)) - raft.server.log.purge.gap = 1000000 (custom)
2019-10-16 08:35:16,373 [pool-147-thread-1] INFO  server.RaftServerConfigKeys (ConfUtils.java:logGet(43)) - raft.server.log.appender.buffer.byte-limit = 33554432 (custom)
2019-10-16 08:35:16,373 [pool-147-thread-1] INFO  server.RaftServerConfigKeys (ConfUtils.java:logGet(43)) - raft.server.log.segment.size.max = 1048576 (custom)
2019-10-16 08:35:16,376 [pool-147-thread-1] INFO  server.RaftServerConfigKeys (ConfUtils.java:logGet(43)) - raft.server.log.segment.cache.num.max = 2 (custom)
2019-10-16 08:35:16,376 [pool-147-thread-1] INFO  segmented.SegmentedRaftLogWorker (SegmentedRaftLogWorker.java:<init>(173)) - new 0b067187-b7e7-488d-a1a7-3c5cddaad0e9@group-625BA8CB5534-SegmentedRaftLogWorker for RaftStorage:Storage Directory /workdir/hadoop-ozone/ozonefs/target/test-dir/MiniOzoneClusterImpl-86521f5e-7039-45fe-813d-bcbfddd09546/datanode-2/data/ratis/bf28f5de-ea42-4a93-bdb2-625ba8cb5534
2019-10-16 08:35:16,376 [pool-147-thread-1] INFO  server.RaftServerConfigKeys (ConfUtils.java:logGet(43)) - raft.server.log.queue.byte-limit = 2147483647 (custom)
2019-10-16 08:35:16,376 [pool-147-thread-1] INFO  server.RaftServerConfigKeys (ConfUtils.java:logGet(43)) - raft.server.log.queue.element-limit = 1024 (custom)
2019-10-16 08:35:16,376 [pool-147-thread-1] INFO  server.RaftServerConfigKeys (ConfUtils.java:logGet(43)) - raft.server.log.segment.size.max = 1048576 (custom)
2019-10-16 08:35:16,377 [pool-147-thread-1] INFO  server.RaftServerConfigKeys (ConfUtils.java:logGet(43)) - raft.server.log.preallocated.size = 16384 (custom)
2019-10-16 08:35:16,377 [pool-147-thread-1] INFO  server.RaftServerConfigKeys (ConfUtils.java:logGet(43)) - raft.server.log.write.buffer.size = 33554432 (custom)
2019-10-16 08:35:16,377 [pool-147-thread-1] INFO  server.RaftServerConfigKeys (ConfUtils.java:logGet(43)) - raft.server.log.force.sync.num = 128 (default)
2019-10-16 08:35:16,377 [pool-147-thread-1] INFO  server.RaftServerConfigKeys (ConfUtils.java:logGet(43)) - raft.server.log.statemachine.data.sync = true (default)
2019-10-16 08:35:16,377 [pool-147-thread-1] INFO  server.RaftServerConfigKeys (ConfUtils.java:logGet(43)) - raft.server.log.statemachine.data.sync.timeout = 10s (default)
2019-10-16 08:35:16,378 [pool-147-thread-1] INFO  server.RaftServerConfigKeys (ConfUtils.java:logGet(43)) - raft.server.log.statemachine.data.sync.timeout.retry = -1 (default)
2019-10-16 08:35:16,378 [pool-147-thread-1] INFO  server.RaftServerConfigKeys (ConfUtils.java:logGet(43)) - raft.server.log.statemachine.data.caching.enabled = true (custom)
2019-10-16 08:35:16,379 [pool-147-thread-1] INFO  segmented.SegmentedRaftLogWorker (SegmentedRaftLogWorker.java:lambda$new$0(128)) - 0b067187-b7e7-488d-a1a7-3c5cddaad0e9@group-625BA8CB5534-SegmentedRaftLogWorker: flushIndex: setUnconditionally 0 -> -1
2019-10-16 08:35:16,379 [pool-147-thread-1] INFO  server.RaftServerConfigKeys (ConfUtils.java:logGet(43)) - raft.server.snapshot.auto.trigger.enabled = true (custom)
2019-10-16 08:35:16,379 [pool-147-thread-1] INFO  server.RaftServerConfigKeys (ConfUtils.java:logGet(43)) - raft.server.snapshot.auto.trigger.threshold = 10000 (custom)
2019-10-16 08:35:16,379 [pool-147-thread-1] INFO  server.RaftServerConfigKeys (ConfUtils.java:logGet(43)) - raft.server.snapshot.retention.file.num = 5 (custom)
2019-10-16 08:35:16,380 [pool-147-thread-1] INFO  server.RaftServerConfigKeys (ConfUtils.java:logGet(43)) - raft.server.retrycache.expirytime = 600000ms (custom)
2019-10-16 08:35:16,385 [pool-147-thread-1] INFO  impl.RaftServerImpl (RaftServerImpl.java:start(195)) - 0b067187-b7e7-488d-a1a7-3c5cddaad0e9@group-625BA8CB5534: start as a follower, conf=-1: [0b067187-b7e7-488d-a1a7-3c5cddaad0e9:192.168.34.43:35056], old=null
2019-10-16 08:35:16,385 [pool-147-thread-1] INFO  impl.RaftServerImpl (RaftServerImpl.java:setRole(184)) - 0b067187-b7e7-488d-a1a7-3c5cddaad0e9@group-625BA8CB5534: changes role from      null to FOLLOWER at term 0 for startAsFollower
2019-10-16 08:35:16,385 [pool-147-thread-1] INFO  impl.RoleInfo (RoleInfo.java:updateAndGet(143)) - 0b067187-b7e7-488d-a1a7-3c5cddaad0e9: start FollowerState
2019-10-16 08:35:16,386 [pool-147-thread-1] INFO  util.JmxRegister (JmxRegister.java:tryRegister(44)) - Successfully registered JMX Bean with object name Ratis:service=RaftServer,group=group-625BA8CB5534,id=0b067187-b7e7-488d-a1a7-3c5cddaad0e9
2019-10-16 08:35:16,394 [RatisPipelineUtilsThread] INFO  pipeline.PipelineStateManager (PipelineStateManager.java:addPipeline(56)) - Created pipeline Pipeline[ Id: bf28f5de-ea42-4a93-bdb2-625ba8cb5534, Nodes: 0b067187-b7e7-488d-a1a7-3c5cddaad0e9{ip: 192.168.34.43, host: pr-hdds-1737-dstl4-2900247166, networkLocation: /default-rack, certSerialId: null}, Type:RATIS, Factor:ONE, State:OPEN]
2019-10-16 08:35:16,425 [grpc-default-executor-2] INFO  impl.RaftServerProxy (RaftServerProxy.java:addNew(89)) - bee0b7e1-adad-4029-b421-8a044761b662: addNew group-6A2888521C7C:[bee0b7e1-adad-4029-b421-8a044761b662:192.168.34.43:36157, bcd3650e-e4cc-4fe9-bbdd-09c259372f4e:192.168.34.43:45228, 0b067187-b7e7-488d-a1a7-3c5cddaad0e9:192.168.34.43:35056] returns group-6A2888521C7C:java.util.concurrent.CompletableFuture@5a1b82ea[Not completed]
2019-10-16 08:35:16,425 [grpc-default-executor-0] INFO  impl.RaftServerProxy (RaftServerProxy.java:addNew(89)) - 0b067187-b7e7-488d-a1a7-3c5cddaad0e9: addNew group-6A2888521C7C:[bee0b7e1-adad-4029-b421-8a044761b662:192.168.34.43:36157, bcd3650e-e4cc-4fe9-bbdd-09c259372f4e:192.168.34.43:45228, 0b067187-b7e7-488d-a1a7-3c5cddaad0e9:192.168.34.43:35056] returns group-6A2888521C7C:java.util.concurrent.CompletableFuture@32d43922[Not completed]
2019-10-16 08:35:16,425 [grpc-default-executor-1] INFO  impl.RaftServerProxy (RaftServerProxy.java:addNew(89)) - bcd3650e-e4cc-4fe9-bbdd-09c259372f4e: addNew group-6A2888521C7C:[bee0b7e1-adad-4029-b421-8a044761b662:192.168.34.43:36157, bcd3650e-e4cc-4fe9-bbdd-09c259372f4e:192.168.34.43:45228, 0b067187-b7e7-488d-a1a7-3c5cddaad0e9:192.168.34.43:35056] returns group-6A2888521C7C:java.util.concurrent.CompletableFuture@4dc3dbe7[Not completed]
2019-10-16 08:35:16,427 [pool-137-thread-1] INFO  impl.RaftServerImpl (RaftServerImpl.java:<init>(104)) - bee0b7e1-adad-4029-b421-8a044761b662: new RaftServerImpl for group-6A2888521C7C:[bee0b7e1-adad-4029-b421-8a044761b662:192.168.34.43:36157, bcd3650e-e4cc-4fe9-bbdd-09c259372f4e:192.168.34.43:45228, 0b067187-b7e7-488d-a1a7-3c5cddaad0e9:192.168.34.43:35056] with ContainerStateMachine:uninitialized
2019-10-16 08:35:16,427 [pool-137-thread-1] INFO  server.RaftServerConfigKeys (ConfUtils.java:logGet(43)) - raft.server.rpc.timeout.min = 5s (custom)
2019-10-16 08:35:16,427 [pool-137-thread-1] INFO  server.RaftServerConfigKeys (ConfUtils.java:logGet(43)) - raft.server.rpc.timeout.max = 5200ms (custom)
2019-10-16 08:35:16,427 [pool-137-thread-1] INFO  server.RaftServerConfigKeys (ConfUtils.java:logGet(43)) - raft.server.rpcslowness.timeout = 120s (custom)
2019-10-16 08:35:16,428 [pool-137-thread-1] INFO  server.RaftServerConfigKeys (ConfUtils.java:logGet(43)) - raft.server.sleep.deviation.threshold = 300 (default)
2019-10-16 08:35:16,428 [pool-137-thread-1] INFO  server.RaftServerConfigKeys (ConfUtils.java:logGet(43)) - raft.server.log.appender.install.snapshot.enabled = false (custom)
2019-10-16 08:35:16,428 [pool-137-thread-1] INFO  impl.RaftServerImpl (ServerState.java:<init>(103)) - bee0b7e1-adad-4029-b421-8a044761b662@group-6A2888521C7C: ConfigurationManager, init=-1: [bee0b7e1-adad-4029-b421-8a044761b662:192.168.34.43:36157, bcd3650e-e4cc-4fe9-bbdd-09c259372f4e:192.168.34.43:45228, 0b067187-b7e7-488d-a1a7-3c5cddaad0e9:192.168.34.43:35056], old=null, confs=<EMPTY_MAP>
2019-10-16 08:35:16,428 [pool-127-thread-1] INFO  impl.RaftServerImpl (RaftServerImpl.java:<init>(104)) - bcd3650e-e4cc-4fe9-bbdd-09c259372f4e: new RaftServerImpl for group-6A2888521C7C:[bee0b7e1-adad-4029-b421-8a044761b662:192.168.34.43:36157, bcd3650e-e4cc-4fe9-bbdd-09c259372f4e:192.168.34.43:45228, 0b067187-b7e7-488d-a1a7-3c5cddaad0e9:192.168.34.43:35056] with ContainerStateMachine:uninitialized
2019-10-16 08:35:16,428 [pool-137-thread-1] INFO  server.RaftServerConfigKeys (ConfUtils.java:logGet(43)) - raft.server.storage.dir = [/workdir/hadoop-ozone/ozonefs/target/test-dir/MiniOzoneClusterImpl-86521f5e-7039-45fe-813d-bcbfddd09546/datanode-1/data/ratis] (custom)
2019-10-16 08:35:16,428 [pool-127-thread-1] INFO  server.RaftServerConfigKeys (ConfUtils.java:logGet(43)) - raft.server.rpc.timeout.min = 5s (custom)
2019-10-16 08:35:16,428 [pool-127-thread-1] INFO  server.RaftServerConfigKeys (ConfUtils.java:logGet(43)) - raft.server.rpc.timeout.max = 5200ms (custom)
2019-10-16 08:35:16,428 [pool-137-thread-1] INFO  server.RaftServerConfigKeys (ConfUtils.java:logGet(43)) - raft.server.log.corruption.policy = EXCEPTION (default)
2019-10-16 08:35:16,429 [pool-127-thread-1] INFO  server.RaftServerConfigKeys (ConfUtils.java:logGet(43)) - raft.server.rpcslowness.timeout = 120s (custom)
2019-10-16 08:35:16,429 [pool-137-thread-1] INFO  storage.RaftStorageDirectory (RaftStorageDirectory.java:analyzeStorage(246)) - The storage directory /workdir/hadoop-ozone/ozonefs/target/test-dir/MiniOzoneClusterImpl-86521f5e-7039-45fe-813d-bcbfddd09546/datanode-1/data/ratis/50dfd9b4-eaea-46eb-8f80-6a2888521c7c does not exist. Creating ...
2019-10-16 08:35:16,429 [pool-147-thread-1] INFO  impl.RaftServerImpl (RaftServerImpl.java:<init>(104)) - 0b067187-b7e7-488d-a1a7-3c5cddaad0e9: new RaftServerImpl for group-6A2888521C7C:[bee0b7e1-adad-4029-b421-8a044761b662:192.168.34.43:36157, bcd3650e-e4cc-4fe9-bbdd-09c259372f4e:192.168.34.43:45228, 0b067187-b7e7-488d-a1a7-3c5cddaad0e9:192.168.34.43:35056] with ContainerStateMachine:uninitialized
2019-10-16 08:35:16,429 [pool-127-thread-1] INFO  server.RaftServerConfigKeys (ConfUtils.java:logGet(43)) - raft.server.sleep.deviation.threshold = 300 (default)
2019-10-16 08:35:16,429 [pool-147-thread-1] INFO  server.RaftServerConfigKeys (ConfUtils.java:logGet(43)) - raft.server.rpc.timeout.min = 5s (custom)
2019-10-16 08:35:16,429 [pool-127-thread-1] INFO  server.RaftServerConfigKeys (ConfUtils.java:logGet(43)) - raft.server.log.appender.install.snapshot.enabled = false (custom)
2019-10-16 08:35:16,429 [pool-147-thread-1] INFO  server.RaftServerConfigKeys (ConfUtils.java:logGet(43)) - raft.server.rpc.timeout.max = 5200ms (custom)
2019-10-16 08:35:16,430 [pool-127-thread-1] INFO  impl.RaftServerImpl (ServerState.java:<init>(103)) - bcd3650e-e4cc-4fe9-bbdd-09c259372f4e@group-6A2888521C7C: ConfigurationManager, init=-1: [bee0b7e1-adad-4029-b421-8a044761b662:192.168.34.43:36157, bcd3650e-e4cc-4fe9-bbdd-09c259372f4e:192.168.34.43:45228, 0b067187-b7e7-488d-a1a7-3c5cddaad0e9:192.168.34.43:35056], old=null, confs=<EMPTY_MAP>
2019-10-16 08:35:16,430 [pool-147-thread-1] INFO  server.RaftServerConfigKeys (ConfUtils.java:logGet(43)) - raft.server.rpcslowness.timeout = 120s (custom)
2019-10-16 08:35:16,430 [pool-127-thread-1] INFO  server.RaftServerConfigKeys (ConfUtils.java:logGet(43)) - raft.server.storage.dir = [/workdir/hadoop-ozone/ozonefs/target/test-dir/MiniOzoneClusterImpl-86521f5e-7039-45fe-813d-bcbfddd09546/datanode-0/data/ratis] (custom)
2019-10-16 08:35:16,430 [pool-147-thread-1] INFO  server.RaftServerConfigKeys (ConfUtils.java:logGet(43)) - raft.server.sleep.deviation.threshold = 300 (default)
2019-10-16 08:35:16,430 [pool-147-thread-1] INFO  server.RaftServerConfigKeys (ConfUtils.java:logGet(43)) - raft.server.log.appender.install.snapshot.enabled = false (custom)
2019-10-16 08:35:16,430 [pool-127-thread-1] INFO  server.RaftServerConfigKeys (ConfUtils.java:logGet(43)) - raft.server.log.corruption.policy = EXCEPTION (default)
2019-10-16 08:35:16,430 [pool-147-thread-1] INFO  impl.RaftServerImpl (ServerState.java:<init>(103)) - 0b067187-b7e7-488d-a1a7-3c5cddaad0e9@group-6A2888521C7C: ConfigurationManager, init=-1: [bee0b7e1-adad-4029-b421-8a044761b662:192.168.34.43:36157, bcd3650e-e4cc-4fe9-bbdd-09c259372f4e:192.168.34.43:45228, 0b067187-b7e7-488d-a1a7-3c5cddaad0e9:192.168.34.43:35056], old=null, confs=<EMPTY_MAP>
2019-10-16 08:35:16,431 [pool-127-thread-1] INFO  storage.RaftStorageDirectory (RaftStorageDirectory.java:analyzeStorage(246)) - The storage directory /workdir/hadoop-ozone/ozonefs/target/test-dir/MiniOzoneClusterImpl-86521f5e-7039-45fe-813d-bcbfddd09546/datanode-0/data/ratis/50dfd9b4-eaea-46eb-8f80-6a2888521c7c does not exist. Creating ...
2019-10-16 08:35:16,431 [pool-147-thread-1] INFO  server.RaftServerConfigKeys (ConfUtils.java:logGet(43)) - raft.server.storage.dir = [/workdir/hadoop-ozone/ozonefs/target/test-dir/MiniOzoneClusterImpl-86521f5e-7039-45fe-813d-bcbfddd09546/datanode-2/data/ratis] (custom)
2019-10-16 08:35:16,431 [pool-147-thread-1] INFO  server.RaftServerConfigKeys (ConfUtils.java:logGet(43)) - raft.server.log.corruption.policy = EXCEPTION (default)
2019-10-16 08:35:16,431 [pool-147-thread-1] INFO  storage.RaftStorageDirectory (RaftStorageDirectory.java:analyzeStorage(246)) - The storage directory /workdir/hadoop-ozone/ozonefs/target/test-dir/MiniOzoneClusterImpl-86521f5e-7039-45fe-813d-bcbfddd09546/datanode-2/data/ratis/50dfd9b4-eaea-46eb-8f80-6a2888521c7c does not exist. Creating ...
2019-10-16 08:35:16,440 [Thread-916] INFO  impl.FollowerState (FollowerState.java:run(108)) - 0b067187-b7e7-488d-a1a7-3c5cddaad0e9@group-625BA8CB5534-FollowerState: change to CANDIDATE, lastRpcTime:54ms, electionTimeout:54ms
2019-10-16 08:35:16,440 [Thread-916] INFO  impl.RoleInfo (RoleInfo.java:shutdownFollowerState(121)) - 0b067187-b7e7-488d-a1a7-3c5cddaad0e9: shutdown FollowerState
2019-10-16 08:35:16,440 [Thread-916] INFO  impl.RaftServerImpl (RaftServerImpl.java:setRole(184)) - 0b067187-b7e7-488d-a1a7-3c5cddaad0e9@group-625BA8CB5534: changes role from  FOLLOWER to CANDIDATE at term 0 for changeToCandidate
2019-10-16 08:35:16,440 [Thread-916] INFO  impl.RoleInfo (RoleInfo.java:updateAndGet(143)) - 0b067187-b7e7-488d-a1a7-3c5cddaad0e9: start LeaderElection
2019-10-16 08:35:16,443 [pool-137-thread-1] INFO  storage.RaftStorageDirectory (RaftStorageDirectory.java:tryLock(328)) - Lock on /workdir/hadoop-ozone/ozonefs/target/test-dir/MiniOzoneClusterImpl-86521f5e-7039-45fe-813d-bcbfddd09546/datanode-1/data/ratis/50dfd9b4-eaea-46eb-8f80-6a2888521c7c/in_use.lock acquired by nodename 18686@pr-hdds-1737-dstl4-2900247166
2019-10-16 08:35:16,443 [pool-127-thread-1] INFO  storage.RaftStorageDirectory (RaftStorageDirectory.java:tryLock(328)) - Lock on /workdir/hadoop-ozone/ozonefs/target/test-dir/MiniOzoneClusterImpl-86521f5e-7039-45fe-813d-bcbfddd09546/datanode-0/data/ratis/50dfd9b4-eaea-46eb-8f80-6a2888521c7c/in_use.lock acquired by nodename 18686@pr-hdds-1737-dstl4-2900247166
2019-10-16 08:35:16,443 [pool-147-thread-1] INFO  storage.RaftStorageDirectory (RaftStorageDirectory.java:tryLock(328)) - Lock on /workdir/hadoop-ozone/ozonefs/target/test-dir/MiniOzoneClusterImpl-86521f5e-7039-45fe-813d-bcbfddd09546/datanode-2/data/ratis/50dfd9b4-eaea-46eb-8f80-6a2888521c7c/in_use.lock acquired by nodename 18686@pr-hdds-1737-dstl4-2900247166
2019-10-16 08:35:16,471 [pool-137-thread-1] INFO  storage.RaftStorage (RaftStorage.java:format(84)) - Storage directory /workdir/hadoop-ozone/ozonefs/target/test-dir/MiniOzoneClusterImpl-86521f5e-7039-45fe-813d-bcbfddd09546/datanode-1/data/ratis/50dfd9b4-eaea-46eb-8f80-6a2888521c7c has been successfully formatted.
2019-10-16 08:35:16,471 [0b067187-b7e7-488d-a1a7-3c5cddaad0e9@group-625BA8CB5534-LeaderElection58] INFO  impl.LeaderElection (LeaderElection.java:askForVotes(178)) - 0b067187-b7e7-488d-a1a7-3c5cddaad0e9@group-625BA8CB5534-LeaderElection58: begin an election at term 1 for -1: [0b067187-b7e7-488d-a1a7-3c5cddaad0e9:192.168.34.43:35056], old=null
2019-10-16 08:35:16,471 [pool-147-thread-1] INFO  storage.RaftStorage (RaftStorage.java:format(84)) - Storage directory /workdir/hadoop-ozone/ozonefs/target/test-dir/MiniOzoneClusterImpl-86521f5e-7039-45fe-813d-bcbfddd09546/datanode-2/data/ratis/50dfd9b4-eaea-46eb-8f80-6a2888521c7c has been successfully formatted.
2019-10-16 08:35:16,471 [pool-127-thread-1] INFO  storage.RaftStorage (RaftStorage.java:format(84)) - Storage directory /workdir/hadoop-ozone/ozonefs/target/test-dir/MiniOzoneClusterImpl-86521f5e-7039-45fe-813d-bcbfddd09546/datanode-0/data/ratis/50dfd9b4-eaea-46eb-8f80-6a2888521c7c has been successfully formatted.
2019-10-16 08:35:16,472 [0b067187-b7e7-488d-a1a7-3c5cddaad0e9@group-625BA8CB5534-LeaderElection58] INFO  impl.RoleInfo (RoleInfo.java:shutdownLeaderElection(134)) - 0b067187-b7e7-488d-a1a7-3c5cddaad0e9: shutdown LeaderElection
2019-10-16 08:35:16,472 [pool-137-thread-1] INFO  ratis.ContainerStateMachine (ContainerStateMachine.java:loadSnapshot(231)) - group-6A2888521C7C: The snapshot info is null. Setting the last applied indexto:(t:0, i:~)
2019-10-16 08:35:16,472 [pool-127-thread-1] INFO  ratis.ContainerStateMachine (ContainerStateMachine.java:loadSnapshot(231)) - group-6A2888521C7C: The snapshot info is null. Setting the last applied indexto:(t:0, i:~)
2019-10-16 08:35:16,472 [0b067187-b7e7-488d-a1a7-3c5cddaad0e9@group-625BA8CB5534-LeaderElection58] INFO  impl.RaftServerImpl (RaftServerImpl.java:setRole(184)) - 0b067187-b7e7-488d-a1a7-3c5cddaad0e9@group-625BA8CB5534: changes role from CANDIDATE to LEADER at term 1 for changeToLeader
2019-10-16 08:35:16,473 [0b067187-b7e7-488d-a1a7-3c5cddaad0e9@group-625BA8CB5534-LeaderElection58] INFO  impl.RaftServerImpl (ServerState.java:setLeader(256)) - 0b067187-b7e7-488d-a1a7-3c5cddaad0e9@group-625BA8CB5534: change Leader from null to 0b067187-b7e7-488d-a1a7-3c5cddaad0e9 at term 1 for becomeLeader, leader elected after 100ms
2019-10-16 08:35:16,472 [pool-147-thread-1] INFO  ratis.ContainerStateMachine (ContainerStateMachine.java:loadSnapshot(231)) - group-6A2888521C7C: The snapshot info is null. Setting the last applied indexto:(t:0, i:~)
2019-10-16 08:35:16,473 [0b067187-b7e7-488d-a1a7-3c5cddaad0e9@group-625BA8CB5534-LeaderElection58] INFO  server.RaftServerConfigKeys (ConfUtils.java:logGet(43)) - raft.server.staging.catchup.gap = 1000 (default)
2019-10-16 08:35:16,473 [pool-127-thread-1] INFO  server.RaftServerConfigKeys (ConfUtils.java:logGet(43)) - raft.server.notification.no-leader.timeout = 120s (custom)
2019-10-16 08:35:16,472 [pool-137-thread-1] INFO  server.RaftServerConfigKeys (ConfUtils.java:logGet(43)) - raft.server.notification.no-leader.timeout = 120s (custom)
2019-10-16 08:35:16,473 [pool-127-thread-1] INFO  server.RaftServerConfigKeys (ConfUtils.java:logGet(43)) - raft.server.log.use.memory = false (default)
2019-10-16 08:35:16,473 [0b067187-b7e7-488d-a1a7-3c5cddaad0e9@group-625BA8CB5534-LeaderElection58] INFO  server.RaftServerConfigKeys (ConfUtils.java:logGet(43)) - raft.server.rpc.sleep.time = 25ms (default)
2019-10-16 08:35:16,473 [pool-147-thread-1] INFO  server.RaftServerConfigKeys (ConfUtils.java:logGet(43)) - raft.server.notification.no-leader.timeout = 120s (custom)
2019-10-16 08:35:16,474 [0b067187-b7e7-488d-a1a7-3c5cddaad0e9@group-625BA8CB5534-LeaderElection58] INFO  server.RaftServerConfigKeys (ConfUtils.java:logGet(43)) - raft.server.write.element-limit = 4096 (default)
2019-10-16 08:35:16,474 [pool-127-thread-1] INFO  server.RaftServerConfigKeys (ConfUtils.java:logGet(43)) - raft.server.log.purge.gap = 1000000 (custom)
2019-10-16 08:35:16,473 [pool-137-thread-1] INFO  server.RaftServerConfigKeys (ConfUtils.java:logGet(43)) - raft.server.log.use.memory = false (default)
2019-10-16 08:35:16,474 [pool-127-thread-1] INFO  server.RaftServerConfigKeys (ConfUtils.java:logGet(43)) - raft.server.log.appender.buffer.byte-limit = 33554432 (custom)
2019-10-16 08:35:16,474 [0b067187-b7e7-488d-a1a7-3c5cddaad0e9@group-625BA8CB5534-LeaderElection58] INFO  server.RaftServerConfigKeys (ConfUtils.java:logGet(43)) - raft.server.watch.timeout = 10s (default)
2019-10-16 08:35:16,474 [pool-147-thread-1] INFO  server.RaftServerConfigKeys (ConfUtils.java:logGet(43)) - raft.server.log.use.memory = false (default)
2019-10-16 08:35:16,475 [0b067187-b7e7-488d-a1a7-3c5cddaad0e9@group-625BA8CB5534-LeaderElection58] INFO  server.RaftServerConfigKeys (ConfUtils.java:logGet(43)) - raft.server.watch.timeout.denomination = 1s (default)
2019-10-16 08:35:16,475 [pool-127-thread-1] INFO  server.RaftServerConfigKeys (ConfUtils.java:logGet(43)) - raft.server.log.segment.size.max = 1048576 (custom)
2019-10-16 08:35:16,474 [pool-137-thread-1] INFO  server.RaftServerConfigKeys (ConfUtils.java:logGet(43)) - raft.server.log.purge.gap = 1000000 (custom)
2019-10-16 08:35:16,475 [pool-127-thread-1] INFO  server.RaftServerConfigKeys (ConfUtils.java:logGet(43)) - raft.server.log.segment.cache.num.max = 2 (custom)
2019-10-16 08:35:16,475 [0b067187-b7e7-488d-a1a7-3c5cddaad0e9@group-625BA8CB5534-LeaderElection58] INFO  server.RaftServerConfigKeys (ConfUtils.java:logGet(43)) - raft.server.watch.element-limit = 65536 (default)
2019-10-16 08:35:16,475 [pool-147-thread-1] INFO  server.RaftServerConfigKeys (ConfUtils.java:logGet(43)) - raft.server.log.purge.gap = 1000000 (custom)
2019-10-16 08:35:16,476 [pool-127-thread-1] INFO  segmented.SegmentedRaftLogWorker (SegmentedRaftLogWorker.java:<init>(173)) - new bcd3650e-e4cc-4fe9-bbdd-09c259372f4e@group-6A2888521C7C-SegmentedRaftLogWorker for RaftStorage:Storage Directory /workdir/hadoop-ozone/ozonefs/target/test-dir/MiniOzoneClusterImpl-86521f5e-7039-45fe-813d-bcbfddd09546/datanode-0/data/ratis/50dfd9b4-eaea-46eb-8f80-6a2888521c7c
2019-10-16 08:35:16,475 [pool-137-thread-1] INFO  server.RaftServerConfigKeys (ConfUtils.java:logGet(43)) - raft.server.log.appender.buffer.byte-limit = 33554432 (custom)
2019-10-16 08:35:16,476 [pool-127-thread-1] INFO  server.RaftServerConfigKeys (ConfUtils.java:logGet(43)) - raft.server.log.queue.byte-limit = 2147483647 (custom)
2019-10-16 08:35:16,476 [pool-147-thread-1] INFO  server.RaftServerConfigKeys (ConfUtils.java:logGet(43)) - raft.server.log.appender.buffer.byte-limit = 33554432 (custom)
2019-10-16 08:35:16,477 [pool-127-thread-1] INFO  server.RaftServerConfigKeys (ConfUtils.java:logGet(43)) - raft.server.log.queue.element-limit = 1024 (custom)
2019-10-16 08:35:16,476 [pool-137-thread-1] INFO  server.RaftServerConfigKeys (ConfUtils.java:logGet(43)) - raft.server.log.segment.size.max = 1048576 (custom)
2019-10-16 08:35:16,477 [pool-127-thread-1] INFO  server.RaftServerConfigKeys (ConfUtils.java:logGet(43)) - raft.server.log.segment.size.max = 1048576 (custom)
2019-10-16 08:35:16,477 [pool-147-thread-1] INFO  server.RaftServerConfigKeys (ConfUtils.java:logGet(43)) - raft.server.log.segment.size.max = 1048576 (custom)
2019-10-16 08:35:16,477 [pool-127-thread-1] INFO  server.RaftServerConfigKeys (ConfUtils.java:logGet(43)) - raft.server.log.preallocated.size = 16384 (custom)
2019-10-16 08:35:16,477 [pool-137-thread-1] INFO  server.RaftServerConfigKeys (ConfUtils.java:logGet(43)) - raft.server.log.segment.cache.num.max = 2 (custom)
2019-10-16 08:35:16,478 [pool-127-thread-1] INFO  server.RaftServerConfigKeys (ConfUtils.java:logGet(43)) - raft.server.log.write.buffer.size = 33554432 (custom)
2019-10-16 08:35:16,477 [pool-147-thread-1] INFO  server.RaftServerConfigKeys (ConfUtils.java:logGet(43)) - raft.server.log.segment.cache.num.max = 2 (custom)
2019-10-16 08:35:16,478 [pool-127-thread-1] INFO  server.RaftServerConfigKeys (ConfUtils.java:logGet(43)) - raft.server.log.force.sync.num = 128 (default)
2019-10-16 08:35:16,478 [pool-137-thread-1] INFO  segmented.SegmentedRaftLogWorker (SegmentedRaftLogWorker.java:<init>(173)) - new bee0b7e1-adad-4029-b421-8a044761b662@group-6A2888521C7C-SegmentedRaftLogWorker for RaftStorage:Storage Directory /workdir/hadoop-ozone/ozonefs/target/test-dir/MiniOzoneClusterImpl-86521f5e-7039-45fe-813d-bcbfddd09546/datanode-1/data/ratis/50dfd9b4-eaea-46eb-8f80-6a2888521c7c
2019-10-16 08:35:16,478 [pool-127-thread-1] INFO  server.RaftServerConfigKeys (ConfUtils.java:logGet(43)) - raft.server.log.statemachine.data.sync = true (default)
2019-10-16 08:35:16,478 [pool-147-thread-1] INFO  segmented.SegmentedRaftLogWorker (SegmentedRaftLogWorker.java:<init>(173)) - new 0b067187-b7e7-488d-a1a7-3c5cddaad0e9@group-6A2888521C7C-SegmentedRaftLogWorker for RaftStorage:Storage Directory /workdir/hadoop-ozone/ozonefs/target/test-dir/MiniOzoneClusterImpl-86521f5e-7039-45fe-813d-bcbfddd09546/datanode-2/data/ratis/50dfd9b4-eaea-46eb-8f80-6a2888521c7c
2019-10-16 08:35:16,479 [pool-127-thread-1] INFO  server.RaftServerConfigKeys (ConfUtils.java:logGet(43)) - raft.server.log.statemachine.data.sync.timeout = 10s (default)
2019-10-16 08:35:16,478 [pool-137-thread-1] INFO  server.RaftServerConfigKeys (ConfUtils.java:logGet(43)) - raft.server.log.queue.byte-limit = 2147483647 (custom)
2019-10-16 08:35:16,479 [pool-127-thread-1] INFO  server.RaftServerConfigKeys (ConfUtils.java:logGet(43)) - raft.server.log.statemachine.data.sync.timeout.retry = -1 (default)
2019-10-16 08:35:16,479 [0b067187-b7e7-488d-a1a7-3c5cddaad0e9@group-625BA8CB5534-LeaderElection58] INFO  impl.RoleInfo (RoleInfo.java:updateAndGet(143)) - 0b067187-b7e7-488d-a1a7-3c5cddaad0e9: start LeaderState
2019-10-16 08:35:16,479 [pool-147-thread-1] INFO  server.RaftServerConfigKeys (ConfUtils.java:logGet(43)) - raft.server.log.queue.byte-limit = 2147483647 (custom)
2019-10-16 08:35:16,479 [pool-127-thread-1] INFO  server.RaftServerConfigKeys (ConfUtils.java:logGet(43)) - raft.server.log.statemachine.data.caching.enabled = true (custom)
2019-10-16 08:35:16,479 [pool-137-thread-1] INFO  server.RaftServerConfigKeys (ConfUtils.java:logGet(43)) - raft.server.log.queue.element-limit = 1024 (custom)
2019-10-16 08:35:16,480 [0b067187-b7e7-488d-a1a7-3c5cddaad0e9@group-625BA8CB5534-LeaderElection58] INFO  segmented.SegmentedRaftLogWorker (SegmentedRaftLogWorker.java:startLogSegment(385)) - 0b067187-b7e7-488d-a1a7-3c5cddaad0e9@group-625BA8CB5534-SegmentedRaftLogWorker: Starting segment from index:0
2019-10-16 08:35:16,480 [pool-147-thread-1] INFO  server.RaftServerConfigKeys (ConfUtils.java:logGet(43)) - raft.server.log.queue.element-limit = 1024 (custom)
2019-10-16 08:35:16,480 [pool-127-thread-1] INFO  segmented.SegmentedRaftLogWorker (SegmentedRaftLogWorker.java:lambda$new$0(128)) - bcd3650e-e4cc-4fe9-bbdd-09c259372f4e@group-6A2888521C7C-SegmentedRaftLogWorker: flushIndex: setUnconditionally 0 -> -1
2019-10-16 08:35:16,480 [pool-137-thread-1] INFO  server.RaftServerConfigKeys (ConfUtils.java:logGet(43)) - raft.server.log.segment.size.max = 1048576 (custom)
2019-10-16 08:35:16,481 [0b067187-b7e7-488d-a1a7-3c5cddaad0e9@group-625BA8CB5534-LeaderElection58] INFO  impl.RaftServerImpl (ServerState.java:setRaftConf(357)) - 0b067187-b7e7-488d-a1a7-3c5cddaad0e9@group-625BA8CB5534: set configuration 0: [0b067187-b7e7-488d-a1a7-3c5cddaad0e9:192.168.34.43:35056], old=null at 0
2019-10-16 08:35:16,481 [pool-137-thread-1] INFO  server.RaftServerConfigKeys (ConfUtils.java:logGet(43)) - raft.server.log.preallocated.size = 16384 (custom)
2019-10-16 08:35:16,481 [pool-137-thread-1] INFO  server.RaftServerConfigKeys (ConfUtils.java:logGet(43)) - raft.server.log.write.buffer.size = 33554432 (custom)
2019-10-16 08:35:16,480 [pool-147-thread-1] INFO  server.RaftServerConfigKeys (ConfUtils.java:logGet(43)) - raft.server.log.segment.size.max = 1048576 (custom)
2019-10-16 08:35:16,481 [pool-137-thread-1] INFO  server.RaftServerConfigKeys (ConfUtils.java:logGet(43)) - raft.server.log.force.sync.num = 128 (default)
2019-10-16 08:35:16,481 [pool-127-thread-1] INFO  server.RaftServerConfigKeys (ConfUtils.java:logGet(43)) - raft.server.snapshot.auto.trigger.enabled = true (custom)
2019-10-16 08:35:16,482 [pool-137-thread-1] INFO  server.RaftServerConfigKeys (ConfUtils.java:logGet(43)) - raft.server.log.statemachine.data.sync = true (default)
2019-10-16 08:35:16,481 [pool-147-thread-1] INFO  server.RaftServerConfigKeys (ConfUtils.java:logGet(43)) - raft.server.log.preallocated.size = 16384 (custom)
2019-10-16 08:35:16,482 [pool-137-thread-1] INFO  server.RaftServerConfigKeys (ConfUtils.java:logGet(43)) - raft.server.log.statemachine.data.sync.timeout = 10s (default)
2019-10-16 08:35:16,482 [pool-127-thread-1] INFO  server.RaftServerConfigKeys (ConfUtils.java:logGet(43)) - raft.server.snapshot.auto.trigger.threshold = 10000 (custom)
2019-10-16 08:35:16,482 [pool-137-thread-1] INFO  server.RaftServerConfigKeys (ConfUtils.java:logGet(43)) - raft.server.log.statemachine.data.sync.timeout.retry = -1 (default)
2019-10-16 08:35:16,482 [pool-147-thread-1] INFO  server.RaftServerConfigKeys (ConfUtils.java:logGet(43)) - raft.server.log.write.buffer.size = 33554432 (custom)
2019-10-16 08:35:16,483 [pool-137-thread-1] INFO  server.RaftServerConfigKeys (ConfUtils.java:logGet(43)) - raft.server.log.statemachine.data.caching.enabled = true (custom)
2019-10-16 08:35:16,483 [pool-127-thread-1] INFO  server.RaftServerConfigKeys (ConfUtils.java:logGet(43)) - raft.server.snapshot.retention.file.num = 5 (custom)
2019-10-16 08:35:16,483 [pool-137-thread-1] INFO  segmented.SegmentedRaftLogWorker (SegmentedRaftLogWorker.java:lambda$new$0(128)) - bee0b7e1-adad-4029-b421-8a044761b662@group-6A2888521C7C-SegmentedRaftLogWorker: flushIndex: setUnconditionally 0 -> -1
2019-10-16 08:35:16,483 [pool-147-thread-1] INFO  server.RaftServerConfigKeys (ConfUtils.java:logGet(43)) - raft.server.log.force.sync.num = 128 (default)
2019-10-16 08:35:16,484 [pool-137-thread-1] INFO  server.RaftServerConfigKeys (ConfUtils.java:logGet(43)) - raft.server.snapshot.auto.trigger.enabled = true (custom)
2019-10-16 08:35:16,484 [pool-127-thread-1] INFO  server.RaftServerConfigKeys (ConfUtils.java:logGet(43)) - raft.server.retrycache.expirytime = 600000ms (custom)
2019-10-16 08:35:16,484 [pool-137-thread-1] INFO  server.RaftServerConfigKeys (ConfUtils.java:logGet(43)) - raft.server.snapshot.auto.trigger.threshold = 10000 (custom)
2019-10-16 08:35:16,484 [pool-137-thread-1] INFO  server.RaftServerConfigKeys (ConfUtils.java:logGet(43)) - raft.server.snapshot.retention.file.num = 5 (custom)
2019-10-16 08:35:16,484 [pool-147-thread-1] INFO  server.RaftServerConfigKeys (ConfUtils.java:logGet(43)) - raft.server.log.statemachine.data.sync = true (default)
2019-10-16 08:35:16,484 [pool-137-thread-1] INFO  server.RaftServerConfigKeys (ConfUtils.java:logGet(43)) - raft.server.retrycache.expirytime = 600000ms (custom)
2019-10-16 08:35:16,485 [pool-147-thread-1] INFO  server.RaftServerConfigKeys (ConfUtils.java:logGet(43)) - raft.server.log.statemachine.data.sync.timeout = 10s (default)
2019-10-16 08:35:16,485 [pool-147-thread-1] INFO  server.RaftServerConfigKeys (ConfUtils.java:logGet(43)) - raft.server.log.statemachine.data.sync.timeout.retry = -1 (default)
2019-10-16 08:35:16,485 [pool-147-thread-1] INFO  server.RaftServerConfigKeys (ConfUtils.java:logGet(43)) - raft.server.log.statemachine.data.caching.enabled = true (custom)
2019-10-16 08:35:16,486 [pool-147-thread-1] INFO  segmented.SegmentedRaftLogWorker (SegmentedRaftLogWorker.java:lambda$new$0(128)) - 0b067187-b7e7-488d-a1a7-3c5cddaad0e9@group-6A2888521C7C-SegmentedRaftLogWorker: flushIndex: setUnconditionally 0 -> -1
2019-10-16 08:35:16,486 [pool-147-thread-1] INFO  server.RaftServerConfigKeys (ConfUtils.java:logGet(43)) - raft.server.snapshot.auto.trigger.enabled = true (custom)
2019-10-16 08:35:16,486 [pool-147-thread-1] INFO  server.RaftServerConfigKeys (ConfUtils.java:logGet(43)) - raft.server.snapshot.auto.trigger.threshold = 10000 (custom)
2019-10-16 08:35:16,487 [pool-147-thread-1] INFO  server.RaftServerConfigKeys (ConfUtils.java:logGet(43)) - raft.server.snapshot.retention.file.num = 5 (custom)
2019-10-16 08:35:16,487 [pool-147-thread-1] INFO  server.RaftServerConfigKeys (ConfUtils.java:logGet(43)) - raft.server.retrycache.expirytime = 600000ms (custom)
2019-10-16 08:35:16,491 [pool-137-thread-1] INFO  impl.RaftServerImpl (RaftServerImpl.java:start(195)) - bee0b7e1-adad-4029-b421-8a044761b662@group-6A2888521C7C: start as a follower, conf=-1: [bee0b7e1-adad-4029-b421-8a044761b662:192.168.34.43:36157, bcd3650e-e4cc-4fe9-bbdd-09c259372f4e:192.168.34.43:45228, 0b067187-b7e7-488d-a1a7-3c5cddaad0e9:192.168.34.43:35056], old=null
2019-10-16 08:35:16,491 [pool-137-thread-1] INFO  impl.RaftServerImpl (RaftServerImpl.java:setRole(184)) - bee0b7e1-adad-4029-b421-8a044761b662@group-6A2888521C7C: changes role from      null to FOLLOWER at term 0 for startAsFollower
2019-10-16 08:35:16,491 [pool-127-thread-1] INFO  impl.RaftServerImpl (RaftServerImpl.java:start(195)) - bcd3650e-e4cc-4fe9-bbdd-09c259372f4e@group-6A2888521C7C: start as a follower, conf=-1: [bee0b7e1-adad-4029-b421-8a044761b662:192.168.34.43:36157, bcd3650e-e4cc-4fe9-bbdd-09c259372f4e:192.168.34.43:45228, 0b067187-b7e7-488d-a1a7-3c5cddaad0e9:192.168.34.43:35056], old=null
2019-10-16 08:35:16,491 [pool-137-thread-1] INFO  impl.RoleInfo (RoleInfo.java:updateAndGet(143)) - bee0b7e1-adad-4029-b421-8a044761b662: start FollowerState
2019-10-16 08:35:16,492 [pool-127-thread-1] INFO  impl.RaftServerImpl (RaftServerImpl.java:setRole(184)) - bcd3650e-e4cc-4fe9-bbdd-09c259372f4e@group-6A2888521C7C: changes role from      null to FOLLOWER at term 0 for startAsFollower
2019-10-16 08:35:16,492 [pool-127-thread-1] INFO  impl.RoleInfo (RoleInfo.java:updateAndGet(143)) - bcd3650e-e4cc-4fe9-bbdd-09c259372f4e: start FollowerState
2019-10-16 08:35:16,492 [pool-137-thread-1] INFO  util.JmxRegister (JmxRegister.java:tryRegister(44)) - Successfully registered JMX Bean with object name Ratis:service=RaftServer,group=group-6A2888521C7C,id=bee0b7e1-adad-4029-b421-8a044761b662
2019-10-16 08:35:16,492 [pool-147-thread-1] INFO  impl.RaftServerImpl (RaftServerImpl.java:start(195)) - 0b067187-b7e7-488d-a1a7-3c5cddaad0e9@group-6A2888521C7C: start as a follower, conf=-1: [bee0b7e1-adad-4029-b421-8a044761b662:192.168.34.43:36157, bcd3650e-e4cc-4fe9-bbdd-09c259372f4e:192.168.34.43:45228, 0b067187-b7e7-488d-a1a7-3c5cddaad0e9:192.168.34.43:35056], old=null
2019-10-16 08:35:16,492 [pool-147-thread-1] INFO  impl.RaftServerImpl (RaftServerImpl.java:setRole(184)) - 0b067187-b7e7-488d-a1a7-3c5cddaad0e9@group-6A2888521C7C: changes role from      null to FOLLOWER at term 0 for startAsFollower
2019-10-16 08:35:16,493 [pool-127-thread-1] INFO  util.JmxRegister (JmxRegister.java:tryRegister(44)) - Successfully registered JMX Bean with object name Ratis:service=RaftServer,group=group-6A2888521C7C,id=bcd3650e-e4cc-4fe9-bbdd-09c259372f4e
2019-10-16 08:35:16,493 [pool-147-thread-1] INFO  impl.RoleInfo (RoleInfo.java:updateAndGet(143)) - 0b067187-b7e7-488d-a1a7-3c5cddaad0e9: start FollowerState
2019-10-16 08:35:16,493 [pool-147-thread-1] INFO  util.JmxRegister (JmxRegister.java:tryRegister(44)) - Successfully registered JMX Bean with object name Ratis:service=RaftServer,group=group-6A2888521C7C,id=0b067187-b7e7-488d-a1a7-3c5cddaad0e9
2019-10-16 08:35:16,535 [0b067187-b7e7-488d-a1a7-3c5cddaad0e9@group-625BA8CB5534-SegmentedRaftLogWorker] INFO  segmented.SegmentedRaftLogWorker (SegmentedRaftLogWorker.java:execute(576)) - 0b067187-b7e7-488d-a1a7-3c5cddaad0e9@group-625BA8CB5534-SegmentedRaftLogWorker: created new log segment /workdir/hadoop-ozone/ozonefs/target/test-dir/MiniOzoneClusterImpl-86521f5e-7039-45fe-813d-bcbfddd09546/datanode-2/data/ratis/bf28f5de-ea42-4a93-bdb2-625ba8cb5534/current/log_inprogress_0
2019-10-16 08:35:16,536 [RatisPipelineUtilsThread] INFO  pipeline.PipelineStateManager (PipelineStateManager.java:addPipeline(56)) - Created pipeline Pipeline[ Id: 50dfd9b4-eaea-46eb-8f80-6a2888521c7c, Nodes: bee0b7e1-adad-4029-b421-8a044761b662{ip: 192.168.34.43, host: pr-hdds-1737-dstl4-2900247166, networkLocation: /default-rack, certSerialId: null}0b067187-b7e7-488d-a1a7-3c5cddaad0e9{ip: 192.168.34.43, host: pr-hdds-1737-dstl4-2900247166, networkLocation: /default-rack, certSerialId: null}bcd3650e-e4cc-4fe9-bbdd-09c259372f4e{ip: 192.168.34.43, host: pr-hdds-1737-dstl4-2900247166, networkLocation: /default-rack, certSerialId: null}, Type:RATIS, Factor:THREE, State:OPEN]
2019-10-16 08:35:16,560 [Thread-925] INFO  impl.FollowerState (FollowerState.java:run(108)) - 0b067187-b7e7-488d-a1a7-3c5cddaad0e9@group-6A2888521C7C-FollowerState: change to CANDIDATE, lastRpcTime:67ms, electionTimeout:67ms
2019-10-16 08:35:16,561 [Thread-925] INFO  impl.RoleInfo (RoleInfo.java:shutdownFollowerState(121)) - 0b067187-b7e7-488d-a1a7-3c5cddaad0e9: shutdown FollowerState
2019-10-16 08:35:16,561 [Thread-925] INFO  impl.RaftServerImpl (RaftServerImpl.java:setRole(184)) - 0b067187-b7e7-488d-a1a7-3c5cddaad0e9@group-6A2888521C7C: changes role from  FOLLOWER to CANDIDATE at term 0 for changeToCandidate
2019-10-16 08:35:16,561 [Thread-925] INFO  impl.RoleInfo (RoleInfo.java:updateAndGet(143)) - 0b067187-b7e7-488d-a1a7-3c5cddaad0e9: start LeaderElection
2019-10-16 08:35:16,575 [0b067187-b7e7-488d-a1a7-3c5cddaad0e9@group-6A2888521C7C-LeaderElection59] INFO  impl.LeaderElection (LeaderElection.java:askForVotes(178)) - 0b067187-b7e7-488d-a1a7-3c5cddaad0e9@group-6A2888521C7C-LeaderElection59: begin an election at term 1 for -1: [bee0b7e1-adad-4029-b421-8a044761b662:192.168.34.43:36157, bcd3650e-e4cc-4fe9-bbdd-09c259372f4e:192.168.34.43:45228, 0b067187-b7e7-488d-a1a7-3c5cddaad0e9:192.168.34.43:35056], old=null
2019-10-16 08:35:16,585 [grpc-default-executor-0] INFO  impl.RaftServerImpl (RaftServerImpl.java:setRole(184)) - bee0b7e1-adad-4029-b421-8a044761b662@group-6A2888521C7C: changes role from  FOLLOWER to FOLLOWER at term 1 for recognizeCandidate:0b067187-b7e7-488d-a1a7-3c5cddaad0e9
2019-10-16 08:35:16,585 [grpc-default-executor-1] INFO  impl.RaftServerImpl (RaftServerImpl.java:setRole(184)) - bcd3650e-e4cc-4fe9-bbdd-09c259372f4e@group-6A2888521C7C: changes role from  FOLLOWER to FOLLOWER at term 1 for recognizeCandidate:0b067187-b7e7-488d-a1a7-3c5cddaad0e9
2019-10-16 08:35:16,585 [grpc-default-executor-0] INFO  impl.RoleInfo (RoleInfo.java:shutdownFollowerState(121)) - bee0b7e1-adad-4029-b421-8a044761b662: shutdown FollowerState
2019-10-16 08:35:16,586 [grpc-default-executor-1] INFO  impl.RoleInfo (RoleInfo.java:shutdownFollowerState(121)) - bcd3650e-e4cc-4fe9-bbdd-09c259372f4e: shutdown FollowerState
2019-10-16 08:35:16,586 [Thread-923] INFO  impl.FollowerState (FollowerState.java:run(117)) - bee0b7e1-adad-4029-b421-8a044761b662@group-6A2888521C7C-FollowerState was interrupted: java.lang.InterruptedException: sleep interrupted
2019-10-16 08:35:16,586 [grpc-default-executor-0] INFO  impl.RoleInfo (RoleInfo.java:updateAndGet(143)) - bee0b7e1-adad-4029-b421-8a044761b662: start FollowerState
2019-10-16 08:35:16,586 [grpc-default-executor-1] INFO  impl.RoleInfo (RoleInfo.java:updateAndGet(143)) - bcd3650e-e4cc-4fe9-bbdd-09c259372f4e: start FollowerState
2019-10-16 08:35:16,586 [Thread-924] INFO  impl.FollowerState (FollowerState.java:run(117)) - bcd3650e-e4cc-4fe9-bbdd-09c259372f4e@group-6A2888521C7C-FollowerState was interrupted: java.lang.InterruptedException: sleep interrupted
2019-10-16 08:35:16,595 [0b067187-b7e7-488d-a1a7-3c5cddaad0e9@group-6A2888521C7C-LeaderElection59] INFO  impl.LeaderElection (LeaderElection.java:logAndReturn(56)) - 0b067187-b7e7-488d-a1a7-3c5cddaad0e9@group-6A2888521C7C-LeaderElection59: Election PASSED; received 1 response(s) [0b067187-b7e7-488d-a1a7-3c5cddaad0e9<-bee0b7e1-adad-4029-b421-8a044761b662#0:OK-t1] and 0 exception(s); 0b067187-b7e7-488d-a1a7-3c5cddaad0e9@group-6A2888521C7C:t1, leader=null, voted=0b067187-b7e7-488d-a1a7-3c5cddaad0e9, raftlog=0b067187-b7e7-488d-a1a7-3c5cddaad0e9@group-6A2888521C7C-SegmentedRaftLog:OPENED:c-1,f-1,i0, conf=-1: [bee0b7e1-adad-4029-b421-8a044761b662:192.168.34.43:36157, bcd3650e-e4cc-4fe9-bbdd-09c259372f4e:192.168.34.43:45228, 0b067187-b7e7-488d-a1a7-3c5cddaad0e9:192.168.34.43:35056], old=null
2019-10-16 08:35:16,595 [0b067187-b7e7-488d-a1a7-3c5cddaad0e9@group-6A2888521C7C-LeaderElection59] INFO  impl.RoleInfo (RoleInfo.java:shutdownLeaderElection(134)) - 0b067187-b7e7-488d-a1a7-3c5cddaad0e9: shutdown LeaderElection
2019-10-16 08:35:16,595 [0b067187-b7e7-488d-a1a7-3c5cddaad0e9@group-6A2888521C7C-LeaderElection59] INFO  impl.RaftServerImpl (RaftServerImpl.java:setRole(184)) - 0b067187-b7e7-488d-a1a7-3c5cddaad0e9@group-6A2888521C7C: changes role from CANDIDATE to LEADER at term 1 for changeToLeader
2019-10-16 08:35:16,595 [0b067187-b7e7-488d-a1a7-3c5cddaad0e9@group-6A2888521C7C-LeaderElection59] INFO  impl.RaftServerImpl (ServerState.java:setLeader(256)) - 0b067187-b7e7-488d-a1a7-3c5cddaad0e9@group-6A2888521C7C: change Leader from null to 0b067187-b7e7-488d-a1a7-3c5cddaad0e9 at term 1 for becomeLeader, leader elected after 122ms
2019-10-16 08:35:16,595 [0b067187-b7e7-488d-a1a7-3c5cddaad0e9@group-6A2888521C7C-LeaderElection59] INFO  server.RaftServerConfigKeys (ConfUtils.java:logGet(43)) - raft.server.staging.catchup.gap = 1000 (default)
2019-10-16 08:35:16,596 [0b067187-b7e7-488d-a1a7-3c5cddaad0e9@group-6A2888521C7C-LeaderElection59] INFO  server.RaftServerConfigKeys (ConfUtils.java:logGet(43)) - raft.server.rpc.sleep.time = 25ms (default)
2019-10-16 08:35:16,596 [0b067187-b7e7-488d-a1a7-3c5cddaad0e9@group-6A2888521C7C-LeaderElection59] INFO  server.RaftServerConfigKeys (ConfUtils.java:logGet(43)) - raft.server.write.element-limit = 4096 (default)
2019-10-16 08:35:16,596 [0b067187-b7e7-488d-a1a7-3c5cddaad0e9@group-6A2888521C7C-LeaderElection59] INFO  server.RaftServerConfigKeys (ConfUtils.java:logGet(43)) - raft.server.watch.timeout = 10s (default)
2019-10-16 08:35:16,596 [0b067187-b7e7-488d-a1a7-3c5cddaad0e9@group-6A2888521C7C-LeaderElection59] INFO  server.RaftServerConfigKeys (ConfUtils.java:logGet(43)) - raft.server.watch.timeout.denomination = 1s (default)
2019-10-16 08:35:16,596 [0b067187-b7e7-488d-a1a7-3c5cddaad0e9@group-6A2888521C7C-LeaderElection59] INFO  server.RaftServerConfigKeys (ConfUtils.java:logGet(43)) - raft.server.watch.element-limit = 65536 (default)
2019-10-16 08:35:16,599 [0b067187-b7e7-488d-a1a7-3c5cddaad0e9@group-6A2888521C7C-LeaderElection59] INFO  server.RaftServerConfigKeys (ConfUtils.java:logGet(43)) - raft.server.log.appender.snapshot.chunk.size.max = 16MB (=16777216) (default)
2019-10-16 08:35:16,600 [0b067187-b7e7-488d-a1a7-3c5cddaad0e9@group-6A2888521C7C-LeaderElection59] INFO  server.RaftServerConfigKeys (ConfUtils.java:logGet(43)) - raft.server.log.appender.buffer.byte-limit = 33554432 (custom)
2019-10-16 08:35:16,600 [0b067187-b7e7-488d-a1a7-3c5cddaad0e9@group-6A2888521C7C-LeaderElection59] INFO  server.RaftServerConfigKeys (ConfUtils.java:logGet(43)) - raft.server.log.appender.buffer.element-limit = 1 (custom)
2019-10-16 08:35:16,600 [0b067187-b7e7-488d-a1a7-3c5cddaad0e9@group-6A2888521C7C-LeaderElection59] INFO  grpc.GrpcConfigKeys$Server (ConfUtils.java:logGet(43)) - raft.grpc.server.leader.outstanding.appends.max = 128 (default)
2019-10-16 08:35:16,600 [0b067187-b7e7-488d-a1a7-3c5cddaad0e9@group-6A2888521C7C-LeaderElection59] INFO  server.RaftServerConfigKeys (ConfUtils.java:logGet(43)) - raft.server.rpc.request.timeout = 3000ms (default)
2019-10-16 08:35:16,600 [0b067187-b7e7-488d-a1a7-3c5cddaad0e9@group-6A2888521C7C-LeaderElection59] INFO  server.RaftServerConfigKeys (ConfUtils.java:logGet(43)) - raft.server.log.appender.install.snapshot.enabled = false (custom)
2019-10-16 08:35:16,603 [0b067187-b7e7-488d-a1a7-3c5cddaad0e9@group-6A2888521C7C-LeaderElection59] INFO  server.RaftServerConfigKeys (ConfUtils.java:logGet(43)) - raft.server.log.appender.snapshot.chunk.size.max = 16MB (=16777216) (default)
2019-10-16 08:35:16,604 [0b067187-b7e7-488d-a1a7-3c5cddaad0e9@group-6A2888521C7C-LeaderElection59] INFO  server.RaftServerConfigKeys (ConfUtils.java:logGet(43)) - raft.server.log.appender.buffer.byte-limit = 33554432 (custom)
2019-10-16 08:35:16,604 [0b067187-b7e7-488d-a1a7-3c5cddaad0e9@group-6A2888521C7C-LeaderElection59] INFO  server.RaftServerConfigKeys (ConfUtils.java:logGet(43)) - raft.server.log.appender.buffer.element-limit = 1 (custom)
2019-10-16 08:35:16,604 [0b067187-b7e7-488d-a1a7-3c5cddaad0e9@group-6A2888521C7C-LeaderElection59] INFO  grpc.GrpcConfigKeys$Server (ConfUtils.java:logGet(43)) - raft.grpc.server.leader.outstanding.appends.max = 128 (default)
2019-10-16 08:35:16,604 [0b067187-b7e7-488d-a1a7-3c5cddaad0e9@group-6A2888521C7C-LeaderElection59] INFO  server.RaftServerConfigKeys (ConfUtils.java:logGet(43)) - raft.server.rpc.request.timeout = 3000ms (default)
2019-10-16 08:35:16,604 [0b067187-b7e7-488d-a1a7-3c5cddaad0e9@group-6A2888521C7C-LeaderElection59] INFO  server.RaftServerConfigKeys (ConfUtils.java:logGet(43)) - raft.server.log.appender.install.snapshot.enabled = false (custom)
2019-10-16 08:35:16,607 [0b067187-b7e7-488d-a1a7-3c5cddaad0e9@group-6A2888521C7C-LeaderElection59] INFO  impl.RoleInfo (RoleInfo.java:updateAndGet(143)) - 0b067187-b7e7-488d-a1a7-3c5cddaad0e9: start LeaderState
2019-10-16 08:35:16,607 [0b067187-b7e7-488d-a1a7-3c5cddaad0e9@group-6A2888521C7C-LeaderElection59] INFO  segmented.SegmentedRaftLogWorker (SegmentedRaftLogWorker.java:startLogSegment(385)) - 0b067187-b7e7-488d-a1a7-3c5cddaad0e9@group-6A2888521C7C-SegmentedRaftLogWorker: Starting segment from index:0
2019-10-16 08:35:16,608 [0b067187-b7e7-488d-a1a7-3c5cddaad0e9@group-6A2888521C7C-LeaderElection59] INFO  impl.RaftServerImpl (ServerState.java:setRaftConf(357)) - 0b067187-b7e7-488d-a1a7-3c5cddaad0e9@group-6A2888521C7C: set configuration 0: [bee0b7e1-adad-4029-b421-8a044761b662:192.168.34.43:36157, bcd3650e-e4cc-4fe9-bbdd-09c259372f4e:192.168.34.43:45228, 0b067187-b7e7-488d-a1a7-3c5cddaad0e9:192.168.34.43:35056], old=null at 0
2019-10-16 08:35:16,611 [grpc-default-executor-0] INFO  impl.RaftServerImpl (ServerState.java:setLeader(256)) - bee0b7e1-adad-4029-b421-8a044761b662@group-6A2888521C7C: change Leader from null to 0b067187-b7e7-488d-a1a7-3c5cddaad0e9 at term 1 for appendEntries, leader elected after 138ms
2019-10-16 08:35:16,611 [grpc-default-executor-1] INFO  impl.RaftServerImpl (ServerState.java:setLeader(256)) - bcd3650e-e4cc-4fe9-bbdd-09c259372f4e@group-6A2888521C7C: change Leader from null to 0b067187-b7e7-488d-a1a7-3c5cddaad0e9 at term 1 for appendEntries, leader elected after 138ms
2019-10-16 08:35:16,654 [grpc-default-executor-0] INFO  impl.RaftServerImpl (ServerState.java:setRaftConf(357)) - bee0b7e1-adad-4029-b421-8a044761b662@group-6A2888521C7C: set configuration 0: [bee0b7e1-adad-4029-b421-8a044761b662:192.168.34.43:36157, bcd3650e-e4cc-4fe9-bbdd-09c259372f4e:192.168.34.43:45228, 0b067187-b7e7-488d-a1a7-3c5cddaad0e9:192.168.34.43:35056], old=null at 0
2019-10-16 08:35:16,654 [grpc-default-executor-1] INFO  impl.RaftServerImpl (ServerState.java:setRaftConf(357)) - bcd3650e-e4cc-4fe9-bbdd-09c259372f4e@group-6A2888521C7C: set configuration 0: [bee0b7e1-adad-4029-b421-8a044761b662:192.168.34.43:36157, bcd3650e-e4cc-4fe9-bbdd-09c259372f4e:192.168.34.43:45228, 0b067187-b7e7-488d-a1a7-3c5cddaad0e9:192.168.34.43:35056], old=null at 0
2019-10-16 08:35:16,654 [grpc-default-executor-0] INFO  segmented.SegmentedRaftLogWorker (SegmentedRaftLogWorker.java:startLogSegment(385)) - bee0b7e1-adad-4029-b421-8a044761b662@group-6A2888521C7C-SegmentedRaftLogWorker: Starting segment from index:0
2019-10-16 08:35:16,654 [grpc-default-executor-1] INFO  segmented.SegmentedRaftLogWorker (SegmentedRaftLogWorker.java:startLogSegment(385)) - bcd3650e-e4cc-4fe9-bbdd-09c259372f4e@group-6A2888521C7C-SegmentedRaftLogWorker: Starting segment from index:0
2019-10-16 08:35:16,662 [0b067187-b7e7-488d-a1a7-3c5cddaad0e9@group-6A2888521C7C-SegmentedRaftLogWorker] INFO  segmented.SegmentedRaftLogWorker (SegmentedRaftLogWorker.java:execute(576)) - 0b067187-b7e7-488d-a1a7-3c5cddaad0e9@group-6A2888521C7C-SegmentedRaftLogWorker: created new log segment /workdir/hadoop-ozone/ozonefs/target/test-dir/MiniOzoneClusterImpl-86521f5e-7039-45fe-813d-bcbfddd09546/datanode-2/data/ratis/50dfd9b4-eaea-46eb-8f80-6a2888521c7c/current/log_inprogress_0
2019-10-16 08:35:16,695 [bee0b7e1-adad-4029-b421-8a044761b662@group-6A2888521C7C-SegmentedRaftLogWorker] INFO  segmented.SegmentedRaftLogWorker (SegmentedRaftLogWorker.java:execute(576)) - bee0b7e1-adad-4029-b421-8a044761b662@group-6A2888521C7C-SegmentedRaftLogWorker: created new log segment /workdir/hadoop-ozone/ozonefs/target/test-dir/MiniOzoneClusterImpl-86521f5e-7039-45fe-813d-bcbfddd09546/datanode-1/data/ratis/50dfd9b4-eaea-46eb-8f80-6a2888521c7c/current/log_inprogress_0
2019-10-16 08:35:16,697 [bcd3650e-e4cc-4fe9-bbdd-09c259372f4e@group-6A2888521C7C-SegmentedRaftLogWorker] INFO  segmented.SegmentedRaftLogWorker (SegmentedRaftLogWorker.java:execute(576)) - bcd3650e-e4cc-4fe9-bbdd-09c259372f4e@group-6A2888521C7C-SegmentedRaftLogWorker: created new log segment /workdir/hadoop-ozone/ozonefs/target/test-dir/MiniOzoneClusterImpl-86521f5e-7039-45fe-813d-bcbfddd09546/datanode-0/data/ratis/50dfd9b4-eaea-46eb-8f80-6a2888521c7c/current/log_inprogress_0
2019-10-16 08:35:17,303 [Thread-732] INFO  ozone.MiniOzoneClusterImpl (MiniOzoneClusterImpl.java:lambda$waitForClusterToBeReady$0(147)) - Cluster is ready. Got 3 of 3 DN Heartbeats.
2019-10-16 08:35:17,356 [Thread-732] INFO  rpc.RpcClient (RpcClient.java:createVolume(272)) - Creating Volume: volume31077, with user05843 as owner.
2019-10-16 08:35:17,360 [IPC Server handler 1 on 44987] INFO  volume.OMVolumeCreateRequest (OMVolumeCreateRequest.java:validateAndUpdateCache(193)) - created volume:volume31077 for user:user05843
2019-10-16 08:35:17,370 [Thread-732] INFO  rpc.RpcClient (RpcClient.java:createBucket(411)) - Creating Bucket: volume31077/bucket69903, with Versioning false and Storage Type set to DISK and Encryption set to false 
2019-10-16 08:35:17,694 [IPC Server handler 13 on 44987] ERROR lock.LockManager (LockManager.java:getLockForReleasing(218)) - Trying to release the lock on /volume31077/bucket69903, which was never acquired.
2019-10-16 08:35:17,696 [IPC Server handler 13 on 44987] WARN  ipc.Server (Server.java:logException(2724)) - IPC Server handler 13 on 44987, call Call#77 Retry#0 org.apache.hadoop.ozone.om.protocol.OzoneManagerProtocol.submitRequest from 127.0.0.1:42316
java.lang.IllegalMonitorStateException: Releasing lock on resource /volume31077/bucket69903 without acquiring lock
	at org.apache.hadoop.ozone.lock.LockManager.getLockForReleasing(LockManager.java:220)
	at org.apache.hadoop.ozone.lock.LockManager.release(LockManager.java:168)
	at org.apache.hadoop.ozone.lock.LockManager.writeUnlock(LockManager.java:148)
	at org.apache.hadoop.ozone.om.lock.OzoneManagerLock.unlock(OzoneManagerLock.java:364)
	at org.apache.hadoop.ozone.om.lock.OzoneManagerLock.releaseWriteLock(OzoneManagerLock.java:329)
	at org.apache.hadoop.ozone.om.request.key.OMKeyCommitRequest.validateAndUpdateCache(OMKeyCommitRequest.java:177)
	at org.apache.hadoop.ozone.protocolPB.OzoneManagerProtocolServerSideTranslatorPB.submitRequestDirectlyToOM(OzoneManagerProtocolServerSideTranslatorPB.java:219)
	at org.apache.hadoop.ozone.protocolPB.OzoneManagerProtocolServerSideTranslatorPB.processRequest(OzoneManagerProtocolServerSideTranslatorPB.java:134)
	at org.apache.hadoop.hdds.server.OzoneProtocolMessageDispatcher.processRequest(OzoneProtocolMessageDispatcher.java:72)
	at org.apache.hadoop.ozone.protocolPB.OzoneManagerProtocolServerSideTranslatorPB.submitRequest(OzoneManagerProtocolServerSideTranslatorPB.java:100)
	at org.apache.hadoop.ozone.protocol.proto.OzoneManagerProtocolProtos$OzoneManagerService$2.callBlockingMethod(OzoneManagerProtocolProtos.java)
	at org.apache.hadoop.ipc.ProtobufRpcEngine$Server$ProtoBufRpcInvoker.call(ProtobufRpcEngine.java:524)
	at org.apache.hadoop.ipc.RPC$Server.call(RPC.java:1025)
	at org.apache.hadoop.ipc.Server$RpcCall.run(Server.java:876)
	at org.apache.hadoop.ipc.Server$RpcCall.run(Server.java:822)
	at java.security.AccessController.doPrivileged(Native Method)
	at javax.security.auth.Subject.doAs(Subject.java:422)
	at org.apache.hadoop.security.UserGroupInformation.doAs(UserGroupInformation.java:1730)
	at org.apache.hadoop.ipc.Server$Handler.run(Server.java:2682)
2019-10-16 08:35:17,703 [Thread-732] INFO  retry.RetryInvocationHandler (RetryInvocationHandler.java:log(411)) - com.google.protobuf.ServiceException: org.apache.hadoop.ipc.RemoteException(java.lang.IllegalMonitorStateException): Releasing lock on resource /volume31077/bucket69903 without acquiring lock
	at org.apache.hadoop.ozone.lock.LockManager.getLockForReleasing(LockManager.java:220)
	at org.apache.hadoop.ozone.lock.LockManager.release(LockManager.java:168)
	at org.apache.hadoop.ozone.lock.LockManager.writeUnlock(LockManager.java:148)
	at org.apache.hadoop.ozone.om.lock.OzoneManagerLock.unlock(OzoneManagerLock.java:364)
	at org.apache.hadoop.ozone.om.lock.OzoneManagerLock.releaseWriteLock(OzoneManagerLock.java:329)
	at org.apache.hadoop.ozone.om.request.key.OMKeyCommitRequest.validateAndUpdateCache(OMKeyCommitRequest.java:177)
	at org.apache.hadoop.ozone.protocolPB.OzoneManagerProtocolServerSideTranslatorPB.submitRequestDirectlyToOM(OzoneManagerProtocolServerSideTranslatorPB.java:219)
	at org.apache.hadoop.ozone.protocolPB.OzoneManagerProtocolServerSideTranslatorPB.processRequest(OzoneManagerProtocolServerSideTranslatorPB.java:134)
	at org.apache.hadoop.hdds.server.OzoneProtocolMessageDispatcher.processRequest(OzoneProtocolMessageDispatcher.java:72)
	at org.apache.hadoop.ozone.protocolPB.OzoneManagerProtocolServerSideTranslatorPB.submitRequest(OzoneManagerProtocolServerSideTranslatorPB.java:100)
	at org.apache.hadoop.ozone.protocol.proto.OzoneManagerProtocolProtos$OzoneManagerService$2.callBlockingMethod(OzoneManagerProtocolProtos.java)
	at org.apache.hadoop.ipc.ProtobufRpcEngine$Server$ProtoBufRpcInvoker.call(ProtobufRpcEngine.java:524)
	at org.apache.hadoop.ipc.RPC$Server.call(RPC.java:1025)
	at org.apache.hadoop.ipc.Server$RpcCall.run(Server.java:876)
	at org.apache.hadoop.ipc.Server$RpcCall.run(Server.java:822)
	at java.security.AccessController.doPrivileged(Native Method)
	at javax.security.auth.Subject.doAs(Subject.java:422)
	at org.apache.hadoop.security.UserGroupInformation.doAs(UserGroupInformation.java:1730)
	at org.apache.hadoop.ipc.Server$Handler.run(Server.java:2682)
, while invoking $Proxy37.submitRequest over nodeId=null,nodeAddress=localhost:44987. Trying to failover immediately.
2019-10-16 08:35:17,706 [IPC Server handler 12 on 44987] ERROR lock.LockManager (LockManager.java:getLockForReleasing(218)) - Trying to release the lock on /volume31077/bucket69903, which was never acquired.
2019-10-16 08:35:17,707 [IPC Server handler 12 on 44987] WARN  ipc.Server (Server.java:logException(2724)) - IPC Server handler 12 on 44987, call Call#77 Retry#1 org.apache.hadoop.ozone.om.protocol.OzoneManagerProtocol.submitRequest from 127.0.0.1:42316
java.lang.IllegalMonitorStateException: Releasing lock on resource /volume31077/bucket69903 without acquiring lock
	at org.apache.hadoop.ozone.lock.LockManager.getLockForReleasing(LockManager.java:220)
	at org.apache.hadoop.ozone.lock.LockManager.release(LockManager.java:168)
	at org.apache.hadoop.ozone.lock.LockManager.writeUnlock(LockManager.java:148)
	at org.apache.hadoop.ozone.om.lock.OzoneManagerLock.unlock(OzoneManagerLock.java:364)
	at org.apache.hadoop.ozone.om.lock.OzoneManagerLock.releaseWriteLock(OzoneManagerLock.java:329)
	at org.apache.hadoop.ozone.om.request.key.OMKeyCommitRequest.validateAndUpdateCache(OMKeyCommitRequest.java:177)
	at org.apache.hadoop.ozone.protocolPB.OzoneManagerProtocolServerSideTranslatorPB.submitRequestDirectlyToOM(OzoneManagerProtocolServerSideTranslatorPB.java:219)
	at org.apache.hadoop.ozone.protocolPB.OzoneManagerProtocolServerSideTranslatorPB.processRequest(OzoneManagerProtocolServerSideTranslatorPB.java:134)
	at org.apache.hadoop.hdds.server.OzoneProtocolMessageDispatcher.processRequest(OzoneProtocolMessageDispatcher.java:72)
	at org.apache.hadoop.ozone.protocolPB.OzoneManagerProtocolServerSideTranslatorPB.submitRequest(OzoneManagerProtocolServerSideTranslatorPB.java:100)
	at org.apache.hadoop.ozone.protocol.proto.OzoneManagerProtocolProtos$OzoneManagerService$2.callBlockingMethod(OzoneManagerProtocolProtos.java)
	at org.apache.hadoop.ipc.ProtobufRpcEngine$Server$ProtoBufRpcInvoker.call(ProtobufRpcEngine.java:524)
	at org.apache.hadoop.ipc.RPC$Server.call(RPC.java:1025)
	at org.apache.hadoop.ipc.Server$RpcCall.run(Server.java:876)
	at org.apache.hadoop.ipc.Server$RpcCall.run(Server.java:822)
	at java.security.AccessController.doPrivileged(Native Method)
	at javax.security.auth.Subject.doAs(Subject.java:422)
	at org.apache.hadoop.security.UserGroupInformation.doAs(UserGroupInformation.java:1730)
	at org.apache.hadoop.ipc.Server$Handler.run(Server.java:2682)
2019-10-16 08:35:17,709 [Thread-732] INFO  retry.RetryInvocationHandler (RetryInvocationHandler.java:log(411)) - com.google.protobuf.ServiceException: org.apache.hadoop.ipc.RemoteException(java.lang.IllegalMonitorStateException): Releasing lock on resource /volume31077/bucket69903 without acquiring lock
	at org.apache.hadoop.ozone.lock.LockManager.getLockForReleasing(LockManager.java:220)
	at org.apache.hadoop.ozone.lock.LockManager.release(LockManager.java:168)
	at org.apache.hadoop.ozone.lock.LockManager.writeUnlock(LockManager.java:148)
	at org.apache.hadoop.ozone.om.lock.OzoneManagerLock.unlock(OzoneManagerLock.java:364)
	at org.apache.hadoop.ozone.om.lock.OzoneManagerLock.releaseWriteLock(OzoneManagerLock.java:329)
	at org.apache.hadoop.ozone.om.request.key.OMKeyCommitRequest.validateAndUpdateCache(OMKeyCommitRequest.java:177)
	at org.apache.hadoop.ozone.protocolPB.OzoneManagerProtocolServerSideTranslatorPB.submitRequestDirectlyToOM(OzoneManagerProtocolServerSideTranslatorPB.java:219)
	at org.apache.hadoop.ozone.protocolPB.OzoneManagerProtocolServerSideTranslatorPB.processRequest(OzoneManagerProtocolServerSideTranslatorPB.java:134)
	at org.apache.hadoop.hdds.server.OzoneProtocolMessageDispatcher.processRequest(OzoneProtocolMessageDispatcher.java:72)
	at org.apache.hadoop.ozone.protocolPB.OzoneManagerProtocolServerSideTranslatorPB.submitRequest(OzoneManagerProtocolServerSideTranslatorPB.java:100)
	at org.apache.hadoop.ozone.protocol.proto.OzoneManagerProtocolProtos$OzoneManagerService$2.callBlockingMethod(OzoneManagerProtocolProtos.java)
	at org.apache.hadoop.ipc.ProtobufRpcEngine$Server$ProtoBufRpcInvoker.call(ProtobufRpcEngine.java:524)
	at org.apache.hadoop.ipc.RPC$Server.call(RPC.java:1025)
	at org.apache.hadoop.ipc.Server$RpcCall.run(Server.java:876)
	at org.apache.hadoop.ipc.Server$RpcCall.run(Server.java:822)
	at java.security.AccessController.doPrivileged(Native Method)
	at javax.security.auth.Subject.doAs(Subject.java:422)
	at org.apache.hadoop.security.UserGroupInformation.doAs(UserGroupInformation.java:1730)
	at org.apache.hadoop.ipc.Server$Handler.run(Server.java:2682)
, while invoking $Proxy37.submitRequest over nodeId=null,nodeAddress=localhost:44987 after 1 failover attempts. Trying to failover immediately.
2019-10-16 08:35:17,711 [IPC Server handler 10 on 44987] ERROR lock.LockManager (LockManager.java:getLockForReleasing(218)) - Trying to release the lock on /volume31077/bucket69903, which was never acquired.
2019-10-16 08:35:17,711 [IPC Server handler 10 on 44987] WARN  ipc.Server (Server.java:logException(2724)) - IPC Server handler 10 on 44987, call Call#77 Retry#2 org.apache.hadoop.ozone.om.protocol.OzoneManagerProtocol.submitRequest from 127.0.0.1:42316
java.lang.IllegalMonitorStateException: Releasing lock on resource /volume31077/bucket69903 without acquiring lock
	at org.apache.hadoop.ozone.lock.LockManager.getLockForReleasing(LockManager.java:220)
	at org.apache.hadoop.ozone.lock.LockManager.release(LockManager.java:168)
	at org.apache.hadoop.ozone.lock.LockManager.writeUnlock(LockManager.java:148)
	at org.apache.hadoop.ozone.om.lock.OzoneManagerLock.unlock(OzoneManagerLock.java:364)
	at org.apache.hadoop.ozone.om.lock.OzoneManagerLock.releaseWriteLock(OzoneManagerLock.java:329)
	at org.apache.hadoop.ozone.om.request.key.OMKeyCommitRequest.validateAndUpdateCache(OMKeyCommitRequest.java:177)
	at org.apache.hadoop.ozone.protocolPB.OzoneManagerProtocolServerSideTranslatorPB.submitRequestDirectlyToOM(OzoneManagerProtocolServerSideTranslatorPB.java:219)
	at org.apache.hadoop.ozone.protocolPB.OzoneManagerProtocolServerSideTranslatorPB.processRequest(OzoneManagerProtocolServerSideTranslatorPB.java:134)
	at org.apache.hadoop.hdds.server.OzoneProtocolMessageDispatcher.processRequest(OzoneProtocolMessageDispatcher.java:72)
	at org.apache.hadoop.ozone.protocolPB.OzoneManagerProtocolServerSideTranslatorPB.submitRequest(OzoneManagerProtocolServerSideTranslatorPB.java:100)
	at org.apache.hadoop.ozone.protocol.proto.OzoneManagerProtocolProtos$OzoneManagerService$2.callBlockingMethod(OzoneManagerProtocolProtos.java)
	at org.apache.hadoop.ipc.ProtobufRpcEngine$Server$ProtoBufRpcInvoker.call(ProtobufRpcEngine.java:524)
	at org.apache.hadoop.ipc.RPC$Server.call(RPC.java:1025)
	at org.apache.hadoop.ipc.Server$RpcCall.run(Server.java:876)
	at org.apache.hadoop.ipc.Server$RpcCall.run(Server.java:822)
	at java.security.AccessController.doPrivileged(Native Method)
	at javax.security.auth.Subject.doAs(Subject.java:422)
	at org.apache.hadoop.security.UserGroupInformation.doAs(UserGroupInformation.java:1730)
	at org.apache.hadoop.ipc.Server$Handler.run(Server.java:2682)
2019-10-16 08:35:17,713 [Thread-732] INFO  retry.RetryInvocationHandler (RetryInvocationHandler.java:log(411)) - com.google.protobuf.ServiceException: org.apache.hadoop.ipc.RemoteException(java.lang.IllegalMonitorStateException): Releasing lock on resource /volume31077/bucket69903 without acquiring lock
	at org.apache.hadoop.ozone.lock.LockManager.getLockForReleasing(LockManager.java:220)
	at org.apache.hadoop.ozone.lock.LockManager.release(LockManager.java:168)
	at org.apache.hadoop.ozone.lock.LockManager.writeUnlock(LockManager.java:148)
	at org.apache.hadoop.ozone.om.lock.OzoneManagerLock.unlock(OzoneManagerLock.java:364)
	at org.apache.hadoop.ozone.om.lock.OzoneManagerLock.releaseWriteLock(OzoneManagerLock.java:329)
	at org.apache.hadoop.ozone.om.request.key.OMKeyCommitRequest.validateAndUpdateCache(OMKeyCommitRequest.java:177)
	at org.apache.hadoop.ozone.protocolPB.OzoneManagerProtocolServerSideTranslatorPB.submitRequestDirectlyToOM(OzoneManagerProtocolServerSideTranslatorPB.java:219)
	at org.apache.hadoop.ozone.protocolPB.OzoneManagerProtocolServerSideTranslatorPB.processRequest(OzoneManagerProtocolServerSideTranslatorPB.java:134)
	at org.apache.hadoop.hdds.server.OzoneProtocolMessageDispatcher.processRequest(OzoneProtocolMessageDispatcher.java:72)
	at org.apache.hadoop.ozone.protocolPB.OzoneManagerProtocolServerSideTranslatorPB.submitRequest(OzoneManagerProtocolServerSideTranslatorPB.java:100)
	at org.apache.hadoop.ozone.protocol.proto.OzoneManagerProtocolProtos$OzoneManagerService$2.callBlockingMethod(OzoneManagerProtocolProtos.java)
	at org.apache.hadoop.ipc.ProtobufRpcEngine$Server$ProtoBufRpcInvoker.call(ProtobufRpcEngine.java:524)
	at org.apache.hadoop.ipc.RPC$Server.call(RPC.java:1025)
	at org.apache.hadoop.ipc.Server$RpcCall.run(Server.java:876)
	at org.apache.hadoop.ipc.Server$RpcCall.run(Server.java:822)
	at java.security.AccessController.doPrivileged(Native Method)
	at javax.security.auth.Subject.doAs(Subject.java:422)
	at org.apache.hadoop.security.UserGroupInformation.doAs(UserGroupInformation.java:1730)
	at org.apache.hadoop.ipc.Server$Handler.run(Server.java:2682)
, while invoking $Proxy37.submitRequest over nodeId=null,nodeAddress=localhost:44987 after 2 failover attempts. Trying to failover immediately.
2019-10-16 08:35:17,715 [IPC Server handler 14 on 44987] ERROR lock.LockManager (LockManager.java:getLockForReleasing(218)) - Trying to release the lock on /volume31077/bucket69903, which was never acquired.
2019-10-16 08:35:17,715 [IPC Server handler 14 on 44987] WARN  ipc.Server (Server.java:logException(2724)) - IPC Server handler 14 on 44987, call Call#77 Retry#3 org.apache.hadoop.ozone.om.protocol.OzoneManagerProtocol.submitRequest from 127.0.0.1:42316
java.lang.IllegalMonitorStateException: Releasing lock on resource /volume31077/bucket69903 without acquiring lock
	at org.apache.hadoop.ozone.lock.LockManager.getLockForReleasing(LockManager.java:220)
	at org.apache.hadoop.ozone.lock.LockManager.release(LockManager.java:168)
	at org.apache.hadoop.ozone.lock.LockManager.writeUnlock(LockManager.java:148)
	at org.apache.hadoop.ozone.om.lock.OzoneManagerLock.unlock(OzoneManagerLock.java:364)
	at org.apache.hadoop.ozone.om.lock.OzoneManagerLock.releaseWriteLock(OzoneManagerLock.java:329)
	at org.apache.hadoop.ozone.om.request.key.OMKeyCommitRequest.validateAndUpdateCache(OMKeyCommitRequest.java:177)
	at org.apache.hadoop.ozone.protocolPB.OzoneManagerProtocolServerSideTranslatorPB.submitRequestDirectlyToOM(OzoneManagerProtocolServerSideTranslatorPB.java:219)
	at org.apache.hadoop.ozone.protocolPB.OzoneManagerProtocolServerSideTranslatorPB.processRequest(OzoneManagerProtocolServerSideTranslatorPB.java:134)
	at org.apache.hadoop.hdds.server.OzoneProtocolMessageDispatcher.processRequest(OzoneProtocolMessageDispatcher.java:72)
	at org.apache.hadoop.ozone.protocolPB.OzoneManagerProtocolServerSideTranslatorPB.submitRequest(OzoneManagerProtocolServerSideTranslatorPB.java:100)
	at org.apache.hadoop.ozone.protocol.proto.OzoneManagerProtocolProtos$OzoneManagerService$2.callBlockingMethod(OzoneManagerProtocolProtos.java)
	at org.apache.hadoop.ipc.ProtobufRpcEngine$Server$ProtoBufRpcInvoker.call(ProtobufRpcEngine.java:524)
	at org.apache.hadoop.ipc.RPC$Server.call(RPC.java:1025)
	at org.apache.hadoop.ipc.Server$RpcCall.run(Server.java:876)
	at org.apache.hadoop.ipc.Server$RpcCall.run(Server.java:822)
	at java.security.AccessController.doPrivileged(Native Method)
	at javax.security.auth.Subject.doAs(Subject.java:422)
	at org.apache.hadoop.security.UserGroupInformation.doAs(UserGroupInformation.java:1730)
	at org.apache.hadoop.ipc.Server$Handler.run(Server.java:2682)
2019-10-16 08:35:17,717 [Thread-732] INFO  retry.RetryInvocationHandler (RetryInvocationHandler.java:log(411)) - com.google.protobuf.ServiceException: org.apache.hadoop.ipc.RemoteException(java.lang.IllegalMonitorStateException): Releasing lock on resource /volume31077/bucket69903 without acquiring lock
	at org.apache.hadoop.ozone.lock.LockManager.getLockForReleasing(LockManager.java:220)
	at org.apache.hadoop.ozone.lock.LockManager.release(LockManager.java:168)
	at org.apache.hadoop.ozone.lock.LockManager.writeUnlock(LockManager.java:148)
	at org.apache.hadoop.ozone.om.lock.OzoneManagerLock.unlock(OzoneManagerLock.java:364)
	at org.apache.hadoop.ozone.om.lock.OzoneManagerLock.releaseWriteLock(OzoneManagerLock.java:329)
	at org.apache.hadoop.ozone.om.request.key.OMKeyCommitRequest.validateAndUpdateCache(OMKeyCommitRequest.java:177)
	at org.apache.hadoop.ozone.protocolPB.OzoneManagerProtocolServerSideTranslatorPB.submitRequestDirectlyToOM(OzoneManagerProtocolServerSideTranslatorPB.java:219)
	at org.apache.hadoop.ozone.protocolPB.OzoneManagerProtocolServerSideTranslatorPB.processRequest(OzoneManagerProtocolServerSideTranslatorPB.java:134)
	at org.apache.hadoop.hdds.server.OzoneProtocolMessageDispatcher.processRequest(OzoneProtocolMessageDispatcher.java:72)
	at org.apache.hadoop.ozone.protocolPB.OzoneManagerProtocolServerSideTranslatorPB.submitRequest(OzoneManagerProtocolServerSideTranslatorPB.java:100)
	at org.apache.hadoop.ozone.protocol.proto.OzoneManagerProtocolProtos$OzoneManagerService$2.callBlockingMethod(OzoneManagerProtocolProtos.java)
	at org.apache.hadoop.ipc.ProtobufRpcEngine$Server$ProtoBufRpcInvoker.call(ProtobufRpcEngine.java:524)
	at org.apache.hadoop.ipc.RPC$Server.call(RPC.java:1025)
	at org.apache.hadoop.ipc.Server$RpcCall.run(Server.java:876)
	at org.apache.hadoop.ipc.Server$RpcCall.run(Server.java:822)
	at java.security.AccessController.doPrivileged(Native Method)
	at javax.security.auth.Subject.doAs(Subject.java:422)
	at org.apache.hadoop.security.UserGroupInformation.doAs(UserGroupInformation.java:1730)
	at org.apache.hadoop.ipc.Server$Handler.run(Server.java:2682)
, while invoking $Proxy37.submitRequest over nodeId=null,nodeAddress=localhost:44987 after 3 failover attempts. Trying to failover immediately.
2019-10-16 08:35:17,737 [IPC Server handler 15 on 44987] ERROR lock.LockManager (LockManager.java:getLockForReleasing(218)) - Trying to release the lock on /volume31077/bucket69903, which was never acquired.
2019-10-16 08:35:17,737 [IPC Server handler 15 on 44987] WARN  ipc.Server (Server.java:logException(2724)) - IPC Server handler 15 on 44987, call Call#77 Retry#4 org.apache.hadoop.ozone.om.protocol.OzoneManagerProtocol.submitRequest from 127.0.0.1:42316
java.lang.IllegalMonitorStateException: Releasing lock on resource /volume31077/bucket69903 without acquiring lock
	at org.apache.hadoop.ozone.lock.LockManager.getLockForReleasing(LockManager.java:220)
	at org.apache.hadoop.ozone.lock.LockManager.release(LockManager.java:168)
	at org.apache.hadoop.ozone.lock.LockManager.writeUnlock(LockManager.java:148)
	at org.apache.hadoop.ozone.om.lock.OzoneManagerLock.unlock(OzoneManagerLock.java:364)
	at org.apache.hadoop.ozone.om.lock.OzoneManagerLock.releaseWriteLock(OzoneManagerLock.java:329)
	at org.apache.hadoop.ozone.om.request.key.OMKeyCommitRequest.validateAndUpdateCache(OMKeyCommitRequest.java:177)
	at org.apache.hadoop.ozone.protocolPB.OzoneManagerProtocolServerSideTranslatorPB.submitRequestDirectlyToOM(OzoneManagerProtocolServerSideTranslatorPB.java:219)
	at org.apache.hadoop.ozone.protocolPB.OzoneManagerProtocolServerSideTranslatorPB.processRequest(OzoneManagerProtocolServerSideTranslatorPB.java:134)
	at org.apache.hadoop.hdds.server.OzoneProtocolMessageDispatcher.processRequest(OzoneProtocolMessageDispatcher.java:72)
	at org.apache.hadoop.ozone.protocolPB.OzoneManagerProtocolServerSideTranslatorPB.submitRequest(OzoneManagerProtocolServerSideTranslatorPB.java:100)
	at org.apache.hadoop.ozone.protocol.proto.OzoneManagerProtocolProtos$OzoneManagerService$2.callBlockingMethod(OzoneManagerProtocolProtos.java)
	at org.apache.hadoop.ipc.ProtobufRpcEngine$Server$ProtoBufRpcInvoker.call(ProtobufRpcEngine.java:524)
	at org.apache.hadoop.ipc.RPC$Server.call(RPC.java:1025)
	at org.apache.hadoop.ipc.Server$RpcCall.run(Server.java:876)
	at org.apache.hadoop.ipc.Server$RpcCall.run(Server.java:822)
	at java.security.AccessController.doPrivileged(Native Method)
	at javax.security.auth.Subject.doAs(Subject.java:422)
	at org.apache.hadoop.security.UserGroupInformation.doAs(UserGroupInformation.java:1730)
	at org.apache.hadoop.ipc.Server$Handler.run(Server.java:2682)
2019-10-16 08:35:17,739 [Thread-732] INFO  retry.RetryInvocationHandler (RetryInvocationHandler.java:log(411)) - com.google.protobuf.ServiceException: org.apache.hadoop.ipc.RemoteException(java.lang.IllegalMonitorStateException): Releasing lock on resource /volume31077/bucket69903 without acquiring lock
	at org.apache.hadoop.ozone.lock.LockManager.getLockForReleasing(LockManager.java:220)
	at org.apache.hadoop.ozone.lock.LockManager.release(LockManager.java:168)
	at org.apache.hadoop.ozone.lock.LockManager.writeUnlock(LockManager.java:148)
	at org.apache.hadoop.ozone.om.lock.OzoneManagerLock.unlock(OzoneManagerLock.java:364)
	at org.apache.hadoop.ozone.om.lock.OzoneManagerLock.releaseWriteLock(OzoneManagerLock.java:329)
	at org.apache.hadoop.ozone.om.request.key.OMKeyCommitRequest.validateAndUpdateCache(OMKeyCommitRequest.java:177)
	at org.apache.hadoop.ozone.protocolPB.OzoneManagerProtocolServerSideTranslatorPB.submitRequestDirectlyToOM(OzoneManagerProtocolServerSideTranslatorPB.java:219)
	at org.apache.hadoop.ozone.protocolPB.OzoneManagerProtocolServerSideTranslatorPB.processRequest(OzoneManagerProtocolServerSideTranslatorPB.java:134)
	at org.apache.hadoop.hdds.server.OzoneProtocolMessageDispatcher.processRequest(OzoneProtocolMessageDispatcher.java:72)
	at org.apache.hadoop.ozone.protocolPB.OzoneManagerProtocolServerSideTranslatorPB.submitRequest(OzoneManagerProtocolServerSideTranslatorPB.java:100)
	at org.apache.hadoop.ozone.protocol.proto.OzoneManagerProtocolProtos$OzoneManagerService$2.callBlockingMethod(OzoneManagerProtocolProtos.java)
	at org.apache.hadoop.ipc.ProtobufRpcEngine$Server$ProtoBufRpcInvoker.call(ProtobufRpcEngine.java:524)
	at org.apache.hadoop.ipc.RPC$Server.call(RPC.java:1025)
	at org.apache.hadoop.ipc.Server$RpcCall.run(Server.java:876)
	at org.apache.hadoop.ipc.Server$RpcCall.run(Server.java:822)
	at java.security.AccessController.doPrivileged(Native Method)
	at javax.security.auth.Subject.doAs(Subject.java:422)
	at org.apache.hadoop.security.UserGroupInformation.doAs(UserGroupInformation.java:1730)
	at org.apache.hadoop.ipc.Server$Handler.run(Server.java:2682)
, while invoking $Proxy37.submitRequest over nodeId=null,nodeAddress=localhost:44987 after 4 failover attempts. Trying to failover immediately.
2019-10-16 08:35:17,742 [IPC Server handler 16 on 44987] ERROR lock.LockManager (LockManager.java:getLockForReleasing(218)) - Trying to release the lock on /volume31077/bucket69903, which was never acquired.
2019-10-16 08:35:17,742 [IPC Server handler 16 on 44987] WARN  ipc.Server (Server.java:logException(2724)) - IPC Server handler 16 on 44987, call Call#77 Retry#5 org.apache.hadoop.ozone.om.protocol.OzoneManagerProtocol.submitRequest from 127.0.0.1:42316
java.lang.IllegalMonitorStateException: Releasing lock on resource /volume31077/bucket69903 without acquiring lock
	at org.apache.hadoop.ozone.lock.LockManager.getLockForReleasing(LockManager.java:220)
	at org.apache.hadoop.ozone.lock.LockManager.release(LockManager.java:168)
	at org.apache.hadoop.ozone.lock.LockManager.writeUnlock(LockManager.java:148)
	at org.apache.hadoop.ozone.om.lock.OzoneManagerLock.unlock(OzoneManagerLock.java:364)
	at org.apache.hadoop.ozone.om.lock.OzoneManagerLock.releaseWriteLock(OzoneManagerLock.java:329)
	at org.apache.hadoop.ozone.om.request.key.OMKeyCommitRequest.validateAndUpdateCache(OMKeyCommitRequest.java:177)
	at org.apache.hadoop.ozone.protocolPB.OzoneManagerProtocolServerSideTranslatorPB.submitRequestDirectlyToOM(OzoneManagerProtocolServerSideTranslatorPB.java:219)
	at org.apache.hadoop.ozone.protocolPB.OzoneManagerProtocolServerSideTranslatorPB.processRequest(OzoneManagerProtocolServerSideTranslatorPB.java:134)
	at org.apache.hadoop.hdds.server.OzoneProtocolMessageDispatcher.processRequest(OzoneProtocolMessageDispatcher.java:72)
	at org.apache.hadoop.ozone.protocolPB.OzoneManagerProtocolServerSideTranslatorPB.submitRequest(OzoneManagerProtocolServerSideTranslatorPB.java:100)
	at org.apache.hadoop.ozone.protocol.proto.OzoneManagerProtocolProtos$OzoneManagerService$2.callBlockingMethod(OzoneManagerProtocolProtos.java)
	at org.apache.hadoop.ipc.ProtobufRpcEngine$Server$ProtoBufRpcInvoker.call(ProtobufRpcEngine.java:524)
	at org.apache.hadoop.ipc.RPC$Server.call(RPC.java:1025)
	at org.apache.hadoop.ipc.Server$RpcCall.run(Server.java:876)
	at org.apache.hadoop.ipc.Server$RpcCall.run(Server.java:822)
	at java.security.AccessController.doPrivileged(Native Method)
	at javax.security.auth.Subject.doAs(Subject.java:422)
	at org.apache.hadoop.security.UserGroupInformation.doAs(UserGroupInformation.java:1730)
	at org.apache.hadoop.ipc.Server$Handler.run(Server.java:2682)
2019-10-16 08:35:17,744 [Thread-732] INFO  retry.RetryInvocationHandler (RetryInvocationHandler.java:log(411)) - com.google.protobuf.ServiceException: org.apache.hadoop.ipc.RemoteException(java.lang.IllegalMonitorStateException): Releasing lock on resource /volume31077/bucket69903 without acquiring lock
	at org.apache.hadoop.ozone.lock.LockManager.getLockForReleasing(LockManager.java:220)
	at org.apache.hadoop.ozone.lock.LockManager.release(LockManager.java:168)
	at org.apache.hadoop.ozone.lock.LockManager.writeUnlock(LockManager.java:148)
	at org.apache.hadoop.ozone.om.lock.OzoneManagerLock.unlock(OzoneManagerLock.java:364)
	at org.apache.hadoop.ozone.om.lock.OzoneManagerLock.releaseWriteLock(OzoneManagerLock.java:329)
	at org.apache.hadoop.ozone.om.request.key.OMKeyCommitRequest.validateAndUpdateCache(OMKeyCommitRequest.java:177)
	at org.apache.hadoop.ozone.protocolPB.OzoneManagerProtocolServerSideTranslatorPB.submitRequestDirectlyToOM(OzoneManagerProtocolServerSideTranslatorPB.java:219)
	at org.apache.hadoop.ozone.protocolPB.OzoneManagerProtocolServerSideTranslatorPB.processRequest(OzoneManagerProtocolServerSideTranslatorPB.java:134)
	at org.apache.hadoop.hdds.server.OzoneProtocolMessageDispatcher.processRequest(OzoneProtocolMessageDispatcher.java:72)
	at org.apache.hadoop.ozone.protocolPB.OzoneManagerProtocolServerSideTranslatorPB.submitRequest(OzoneManagerProtocolServerSideTranslatorPB.java:100)
	at org.apache.hadoop.ozone.protocol.proto.OzoneManagerProtocolProtos$OzoneManagerService$2.callBlockingMethod(OzoneManagerProtocolProtos.java)
	at org.apache.hadoop.ipc.ProtobufRpcEngine$Server$ProtoBufRpcInvoker.call(ProtobufRpcEngine.java:524)
	at org.apache.hadoop.ipc.RPC$Server.call(RPC.java:1025)
	at org.apache.hadoop.ipc.Server$RpcCall.run(Server.java:876)
	at org.apache.hadoop.ipc.Server$RpcCall.run(Server.java:822)
	at java.security.AccessController.doPrivileged(Native Method)
	at javax.security.auth.Subject.doAs(Subject.java:422)
	at org.apache.hadoop.security.UserGroupInformation.doAs(UserGroupInformation.java:1730)
	at org.apache.hadoop.ipc.Server$Handler.run(Server.java:2682)
, while invoking $Proxy37.submitRequest over nodeId=null,nodeAddress=localhost:44987 after 5 failover attempts. Trying to failover immediately.
2019-10-16 08:35:17,746 [IPC Server handler 17 on 44987] ERROR lock.LockManager (LockManager.java:getLockForReleasing(218)) - Trying to release the lock on /volume31077/bucket69903, which was never acquired.
2019-10-16 08:35:17,747 [IPC Server handler 17 on 44987] WARN  ipc.Server (Server.java:logException(2724)) - IPC Server handler 17 on 44987, call Call#77 Retry#6 org.apache.hadoop.ozone.om.protocol.OzoneManagerProtocol.submitRequest from 127.0.0.1:42316
java.lang.IllegalMonitorStateException: Releasing lock on resource /volume31077/bucket69903 without acquiring lock
	at org.apache.hadoop.ozone.lock.LockManager.getLockForReleasing(LockManager.java:220)
	at org.apache.hadoop.ozone.lock.LockManager.release(LockManager.java:168)
	at org.apache.hadoop.ozone.lock.LockManager.writeUnlock(LockManager.java:148)
	at org.apache.hadoop.ozone.om.lock.OzoneManagerLock.unlock(OzoneManagerLock.java:364)
	at org.apache.hadoop.ozone.om.lock.OzoneManagerLock.releaseWriteLock(OzoneManagerLock.java:329)
	at org.apache.hadoop.ozone.om.request.key.OMKeyCommitRequest.validateAndUpdateCache(OMKeyCommitRequest.java:177)
	at org.apache.hadoop.ozone.protocolPB.OzoneManagerProtocolServerSideTranslatorPB.submitRequestDirectlyToOM(OzoneManagerProtocolServerSideTranslatorPB.java:219)
	at org.apache.hadoop.ozone.protocolPB.OzoneManagerProtocolServerSideTranslatorPB.processRequest(OzoneManagerProtocolServerSideTranslatorPB.java:134)
	at org.apache.hadoop.hdds.server.OzoneProtocolMessageDispatcher.processRequest(OzoneProtocolMessageDispatcher.java:72)
	at org.apache.hadoop.ozone.protocolPB.OzoneManagerProtocolServerSideTranslatorPB.submitRequest(OzoneManagerProtocolServerSideTranslatorPB.java:100)
	at org.apache.hadoop.ozone.protocol.proto.OzoneManagerProtocolProtos$OzoneManagerService$2.callBlockingMethod(OzoneManagerProtocolProtos.java)
	at org.apache.hadoop.ipc.ProtobufRpcEngine$Server$ProtoBufRpcInvoker.call(ProtobufRpcEngine.java:524)
	at org.apache.hadoop.ipc.RPC$Server.call(RPC.java:1025)
	at org.apache.hadoop.ipc.Server$RpcCall.run(Server.java:876)
	at org.apache.hadoop.ipc.Server$RpcCall.run(Server.java:822)
	at java.security.AccessController.doPrivileged(Native Method)
	at javax.security.auth.Subject.doAs(Subject.java:422)
	at org.apache.hadoop.security.UserGroupInformation.doAs(UserGroupInformation.java:1730)
	at org.apache.hadoop.ipc.Server$Handler.run(Server.java:2682)
2019-10-16 08:35:17,749 [Thread-732] INFO  retry.RetryInvocationHandler (RetryInvocationHandler.java:log(411)) - com.google.protobuf.ServiceException: org.apache.hadoop.ipc.RemoteException(java.lang.IllegalMonitorStateException): Releasing lock on resource /volume31077/bucket69903 without acquiring lock
	at org.apache.hadoop.ozone.lock.LockManager.getLockForReleasing(LockManager.java:220)
	at org.apache.hadoop.ozone.lock.LockManager.release(LockManager.java:168)
	at org.apache.hadoop.ozone.lock.LockManager.writeUnlock(LockManager.java:148)
	at org.apache.hadoop.ozone.om.lock.OzoneManagerLock.unlock(OzoneManagerLock.java:364)
	at org.apache.hadoop.ozone.om.lock.OzoneManagerLock.releaseWriteLock(OzoneManagerLock.java:329)
	at org.apache.hadoop.ozone.om.request.key.OMKeyCommitRequest.validateAndUpdateCache(OMKeyCommitRequest.java:177)
	at org.apache.hadoop.ozone.protocolPB.OzoneManagerProtocolServerSideTranslatorPB.submitRequestDirectlyToOM(OzoneManagerProtocolServerSideTranslatorPB.java:219)
	at org.apache.hadoop.ozone.protocolPB.OzoneManagerProtocolServerSideTranslatorPB.processRequest(OzoneManagerProtocolServerSideTranslatorPB.java:134)
	at org.apache.hadoop.hdds.server.OzoneProtocolMessageDispatcher.processRequest(OzoneProtocolMessageDispatcher.java:72)
	at org.apache.hadoop.ozone.protocolPB.OzoneManagerProtocolServerSideTranslatorPB.submitRequest(OzoneManagerProtocolServerSideTranslatorPB.java:100)
	at org.apache.hadoop.ozone.protocol.proto.OzoneManagerProtocolProtos$OzoneManagerService$2.callBlockingMethod(OzoneManagerProtocolProtos.java)
	at org.apache.hadoop.ipc.ProtobufRpcEngine$Server$ProtoBufRpcInvoker.call(ProtobufRpcEngine.java:524)
	at org.apache.hadoop.ipc.RPC$Server.call(RPC.java:1025)
	at org.apache.hadoop.ipc.Server$RpcCall.run(Server.java:876)
	at org.apache.hadoop.ipc.Server$RpcCall.run(Server.java:822)
	at java.security.AccessController.doPrivileged(Native Method)
	at javax.security.auth.Subject.doAs(Subject.java:422)
	at org.apache.hadoop.security.UserGroupInformation.doAs(UserGroupInformation.java:1730)
	at org.apache.hadoop.ipc.Server$Handler.run(Server.java:2682)
, while invoking $Proxy37.submitRequest over nodeId=null,nodeAddress=localhost:44987 after 6 failover attempts. Trying to failover immediately.
2019-10-16 08:35:17,751 [IPC Server handler 19 on 44987] ERROR lock.LockManager (LockManager.java:getLockForReleasing(218)) - Trying to release the lock on /volume31077/bucket69903, which was never acquired.
2019-10-16 08:35:17,751 [IPC Server handler 19 on 44987] WARN  ipc.Server (Server.java:logException(2724)) - IPC Server handler 19 on 44987, call Call#77 Retry#7 org.apache.hadoop.ozone.om.protocol.OzoneManagerProtocol.submitRequest from 127.0.0.1:42316
java.lang.IllegalMonitorStateException: Releasing lock on resource /volume31077/bucket69903 without acquiring lock
	at org.apache.hadoop.ozone.lock.LockManager.getLockForReleasing(LockManager.java:220)
	at org.apache.hadoop.ozone.lock.LockManager.release(LockManager.java:168)
	at org.apache.hadoop.ozone.lock.LockManager.writeUnlock(LockManager.java:148)
	at org.apache.hadoop.ozone.om.lock.OzoneManagerLock.unlock(OzoneManagerLock.java:364)
	at org.apache.hadoop.ozone.om.lock.OzoneManagerLock.releaseWriteLock(OzoneManagerLock.java:329)
	at org.apache.hadoop.ozone.om.request.key.OMKeyCommitRequest.validateAndUpdateCache(OMKeyCommitRequest.java:177)
	at org.apache.hadoop.ozone.protocolPB.OzoneManagerProtocolServerSideTranslatorPB.submitRequestDirectlyToOM(OzoneManagerProtocolServerSideTranslatorPB.java:219)
	at org.apache.hadoop.ozone.protocolPB.OzoneManagerProtocolServerSideTranslatorPB.processRequest(OzoneManagerProtocolServerSideTranslatorPB.java:134)
	at org.apache.hadoop.hdds.server.OzoneProtocolMessageDispatcher.processRequest(OzoneProtocolMessageDispatcher.java:72)
	at org.apache.hadoop.ozone.protocolPB.OzoneManagerProtocolServerSideTranslatorPB.submitRequest(OzoneManagerProtocolServerSideTranslatorPB.java:100)
	at org.apache.hadoop.ozone.protocol.proto.OzoneManagerProtocolProtos$OzoneManagerService$2.callBlockingMethod(OzoneManagerProtocolProtos.java)
	at org.apache.hadoop.ipc.ProtobufRpcEngine$Server$ProtoBufRpcInvoker.call(ProtobufRpcEngine.java:524)
	at org.apache.hadoop.ipc.RPC$Server.call(RPC.java:1025)
	at org.apache.hadoop.ipc.Server$RpcCall.run(Server.java:876)
	at org.apache.hadoop.ipc.Server$RpcCall.run(Server.java:822)
	at java.security.AccessController.doPrivileged(Native Method)
	at javax.security.auth.Subject.doAs(Subject.java:422)
	at org.apache.hadoop.security.UserGroupInformation.doAs(UserGroupInformation.java:1730)
	at org.apache.hadoop.ipc.Server$Handler.run(Server.java:2682)
2019-10-16 08:35:17,753 [Thread-732] INFO  retry.RetryInvocationHandler (RetryInvocationHandler.java:log(411)) - com.google.protobuf.ServiceException: org.apache.hadoop.ipc.RemoteException(java.lang.IllegalMonitorStateException): Releasing lock on resource /volume31077/bucket69903 without acquiring lock
	at org.apache.hadoop.ozone.lock.LockManager.getLockForReleasing(LockManager.java:220)
	at org.apache.hadoop.ozone.lock.LockManager.release(LockManager.java:168)
	at org.apache.hadoop.ozone.lock.LockManager.writeUnlock(LockManager.java:148)
	at org.apache.hadoop.ozone.om.lock.OzoneManagerLock.unlock(OzoneManagerLock.java:364)
	at org.apache.hadoop.ozone.om.lock.OzoneManagerLock.releaseWriteLock(OzoneManagerLock.java:329)
	at org.apache.hadoop.ozone.om.request.key.OMKeyCommitRequest.validateAndUpdateCache(OMKeyCommitRequest.java:177)
	at org.apache.hadoop.ozone.protocolPB.OzoneManagerProtocolServerSideTranslatorPB.submitRequestDirectlyToOM(OzoneManagerProtocolServerSideTranslatorPB.java:219)
	at org.apache.hadoop.ozone.protocolPB.OzoneManagerProtocolServerSideTranslatorPB.processRequest(OzoneManagerProtocolServerSideTranslatorPB.java:134)
	at org.apache.hadoop.hdds.server.OzoneProtocolMessageDispatcher.processRequest(OzoneProtocolMessageDispatcher.java:72)
	at org.apache.hadoop.ozone.protocolPB.OzoneManagerProtocolServerSideTranslatorPB.submitRequest(OzoneManagerProtocolServerSideTranslatorPB.java:100)
	at org.apache.hadoop.ozone.protocol.proto.OzoneManagerProtocolProtos$OzoneManagerService$2.callBlockingMethod(OzoneManagerProtocolProtos.java)
	at org.apache.hadoop.ipc.ProtobufRpcEngine$Server$ProtoBufRpcInvoker.call(ProtobufRpcEngine.java:524)
	at org.apache.hadoop.ipc.RPC$Server.call(RPC.java:1025)
	at org.apache.hadoop.ipc.Server$RpcCall.run(Server.java:876)
	at org.apache.hadoop.ipc.Server$RpcCall.run(Server.java:822)
	at java.security.AccessController.doPrivileged(Native Method)
	at javax.security.auth.Subject.doAs(Subject.java:422)
	at org.apache.hadoop.security.UserGroupInformation.doAs(UserGroupInformation.java:1730)
	at org.apache.hadoop.ipc.Server$Handler.run(Server.java:2682)
, while invoking $Proxy37.submitRequest over nodeId=null,nodeAddress=localhost:44987 after 7 failover attempts. Trying to failover immediately.
2019-10-16 08:35:17,755 [IPC Server handler 18 on 44987] ERROR lock.LockManager (LockManager.java:getLockForReleasing(218)) - Trying to release the lock on /volume31077/bucket69903, which was never acquired.
2019-10-16 08:35:17,755 [IPC Server handler 18 on 44987] WARN  ipc.Server (Server.java:logException(2724)) - IPC Server handler 18 on 44987, call Call#77 Retry#8 org.apache.hadoop.ozone.om.protocol.OzoneManagerProtocol.submitRequest from 127.0.0.1:42316
java.lang.IllegalMonitorStateException: Releasing lock on resource /volume31077/bucket69903 without acquiring lock
	at org.apache.hadoop.ozone.lock.LockManager.getLockForReleasing(LockManager.java:220)
	at org.apache.hadoop.ozone.lock.LockManager.release(LockManager.java:168)
	at org.apache.hadoop.ozone.lock.LockManager.writeUnlock(LockManager.java:148)
	at org.apache.hadoop.ozone.om.lock.OzoneManagerLock.unlock(OzoneManagerLock.java:364)
	at org.apache.hadoop.ozone.om.lock.OzoneManagerLock.releaseWriteLock(OzoneManagerLock.java:329)
	at org.apache.hadoop.ozone.om.request.key.OMKeyCommitRequest.validateAndUpdateCache(OMKeyCommitRequest.java:177)
	at org.apache.hadoop.ozone.protocolPB.OzoneManagerProtocolServerSideTranslatorPB.submitRequestDirectlyToOM(OzoneManagerProtocolServerSideTranslatorPB.java:219)
	at org.apache.hadoop.ozone.protocolPB.OzoneManagerProtocolServerSideTranslatorPB.processRequest(OzoneManagerProtocolServerSideTranslatorPB.java:134)
	at org.apache.hadoop.hdds.server.OzoneProtocolMessageDispatcher.processRequest(OzoneProtocolMessageDispatcher.java:72)
	at org.apache.hadoop.ozone.protocolPB.OzoneManagerProtocolServerSideTranslatorPB.submitRequest(OzoneManagerProtocolServerSideTranslatorPB.java:100)
	at org.apache.hadoop.ozone.protocol.proto.OzoneManagerProtocolProtos$OzoneManagerService$2.callBlockingMethod(OzoneManagerProtocolProtos.java)
	at org.apache.hadoop.ipc.ProtobufRpcEngine$Server$ProtoBufRpcInvoker.call(ProtobufRpcEngine.java:524)
	at org.apache.hadoop.ipc.RPC$Server.call(RPC.java:1025)
	at org.apache.hadoop.ipc.Server$RpcCall.run(Server.java:876)
	at org.apache.hadoop.ipc.Server$RpcCall.run(Server.java:822)
	at java.security.AccessController.doPrivileged(Native Method)
	at javax.security.auth.Subject.doAs(Subject.java:422)
	at org.apache.hadoop.security.UserGroupInformation.doAs(UserGroupInformation.java:1730)
	at org.apache.hadoop.ipc.Server$Handler.run(Server.java:2682)
2019-10-16 08:35:17,758 [Thread-732] INFO  retry.RetryInvocationHandler (RetryInvocationHandler.java:log(411)) - com.google.protobuf.ServiceException: org.apache.hadoop.ipc.RemoteException(java.lang.IllegalMonitorStateException): Releasing lock on resource /volume31077/bucket69903 without acquiring lock
	at org.apache.hadoop.ozone.lock.LockManager.getLockForReleasing(LockManager.java:220)
	at org.apache.hadoop.ozone.lock.LockManager.release(LockManager.java:168)
	at org.apache.hadoop.ozone.lock.LockManager.writeUnlock(LockManager.java:148)
	at org.apache.hadoop.ozone.om.lock.OzoneManagerLock.unlock(OzoneManagerLock.java:364)
	at org.apache.hadoop.ozone.om.lock.OzoneManagerLock.releaseWriteLock(OzoneManagerLock.java:329)
	at org.apache.hadoop.ozone.om.request.key.OMKeyCommitRequest.validateAndUpdateCache(OMKeyCommitRequest.java:177)
	at org.apache.hadoop.ozone.protocolPB.OzoneManagerProtocolServerSideTranslatorPB.submitRequestDirectlyToOM(OzoneManagerProtocolServerSideTranslatorPB.java:219)
	at org.apache.hadoop.ozone.protocolPB.OzoneManagerProtocolServerSideTranslatorPB.processRequest(OzoneManagerProtocolServerSideTranslatorPB.java:134)
	at org.apache.hadoop.hdds.server.OzoneProtocolMessageDispatcher.processRequest(OzoneProtocolMessageDispatcher.java:72)
	at org.apache.hadoop.ozone.protocolPB.OzoneManagerProtocolServerSideTranslatorPB.submitRequest(OzoneManagerProtocolServerSideTranslatorPB.java:100)
	at org.apache.hadoop.ozone.protocol.proto.OzoneManagerProtocolProtos$OzoneManagerService$2.callBlockingMethod(OzoneManagerProtocolProtos.java)
	at org.apache.hadoop.ipc.ProtobufRpcEngine$Server$ProtoBufRpcInvoker.call(ProtobufRpcEngine.java:524)
	at org.apache.hadoop.ipc.RPC$Server.call(RPC.java:1025)
	at org.apache.hadoop.ipc.Server$RpcCall.run(Server.java:876)
	at org.apache.hadoop.ipc.Server$RpcCall.run(Server.java:822)
	at java.security.AccessController.doPrivileged(Native Method)
	at javax.security.auth.Subject.doAs(Subject.java:422)
	at org.apache.hadoop.security.UserGroupInformation.doAs(UserGroupInformation.java:1730)
	at org.apache.hadoop.ipc.Server$Handler.run(Server.java:2682)
, while invoking $Proxy37.submitRequest over nodeId=null,nodeAddress=localhost:44987 after 8 failover attempts. Trying to failover immediately.
2019-10-16 08:35:17,759 [IPC Server handler 0 on 44987] ERROR lock.LockManager (LockManager.java:getLockForReleasing(218)) - Trying to release the lock on /volume31077/bucket69903, which was never acquired.
2019-10-16 08:35:17,760 [IPC Server handler 0 on 44987] WARN  ipc.Server (Server.java:logException(2724)) - IPC Server handler 0 on 44987, call Call#77 Retry#9 org.apache.hadoop.ozone.om.protocol.OzoneManagerProtocol.submitRequest from 127.0.0.1:42316
java.lang.IllegalMonitorStateException: Releasing lock on resource /volume31077/bucket69903 without acquiring lock
	at org.apache.hadoop.ozone.lock.LockManager.getLockForReleasing(LockManager.java:220)
	at org.apache.hadoop.ozone.lock.LockManager.release(LockManager.java:168)
	at org.apache.hadoop.ozone.lock.LockManager.writeUnlock(LockManager.java:148)
	at org.apache.hadoop.ozone.om.lock.OzoneManagerLock.unlock(OzoneManagerLock.java:364)
	at org.apache.hadoop.ozone.om.lock.OzoneManagerLock.releaseWriteLock(OzoneManagerLock.java:329)
	at org.apache.hadoop.ozone.om.request.key.OMKeyCommitRequest.validateAndUpdateCache(OMKeyCommitRequest.java:177)
	at org.apache.hadoop.ozone.protocolPB.OzoneManagerProtocolServerSideTranslatorPB.submitRequestDirectlyToOM(OzoneManagerProtocolServerSideTranslatorPB.java:219)
	at org.apache.hadoop.ozone.protocolPB.OzoneManagerProtocolServerSideTranslatorPB.processRequest(OzoneManagerProtocolServerSideTranslatorPB.java:134)
	at org.apache.hadoop.hdds.server.OzoneProtocolMessageDispatcher.processRequest(OzoneProtocolMessageDispatcher.java:72)
	at org.apache.hadoop.ozone.protocolPB.OzoneManagerProtocolServerSideTranslatorPB.submitRequest(OzoneManagerProtocolServerSideTranslatorPB.java:100)
	at org.apache.hadoop.ozone.protocol.proto.OzoneManagerProtocolProtos$OzoneManagerService$2.callBlockingMethod(OzoneManagerProtocolProtos.java)
	at org.apache.hadoop.ipc.ProtobufRpcEngine$Server$ProtoBufRpcInvoker.call(ProtobufRpcEngine.java:524)
	at org.apache.hadoop.ipc.RPC$Server.call(RPC.java:1025)
	at org.apache.hadoop.ipc.Server$RpcCall.run(Server.java:876)
	at org.apache.hadoop.ipc.Server$RpcCall.run(Server.java:822)
	at java.security.AccessController.doPrivileged(Native Method)
	at javax.security.auth.Subject.doAs(Subject.java:422)
	at org.apache.hadoop.security.UserGroupInformation.doAs(UserGroupInformation.java:1730)
	at org.apache.hadoop.ipc.Server$Handler.run(Server.java:2682)
2019-10-16 08:35:17,762 [Thread-732] INFO  retry.RetryInvocationHandler (RetryInvocationHandler.java:log(411)) - com.google.protobuf.ServiceException: org.apache.hadoop.ipc.RemoteException(java.lang.IllegalMonitorStateException): Releasing lock on resource /volume31077/bucket69903 without acquiring lock
	at org.apache.hadoop.ozone.lock.LockManager.getLockForReleasing(LockManager.java:220)
	at org.apache.hadoop.ozone.lock.LockManager.release(LockManager.java:168)
	at org.apache.hadoop.ozone.lock.LockManager.writeUnlock(LockManager.java:148)
	at org.apache.hadoop.ozone.om.lock.OzoneManagerLock.unlock(OzoneManagerLock.java:364)
	at org.apache.hadoop.ozone.om.lock.OzoneManagerLock.releaseWriteLock(OzoneManagerLock.java:329)
	at org.apache.hadoop.ozone.om.request.key.OMKeyCommitRequest.validateAndUpdateCache(OMKeyCommitRequest.java:177)
	at org.apache.hadoop.ozone.protocolPB.OzoneManagerProtocolServerSideTranslatorPB.submitRequestDirectlyToOM(OzoneManagerProtocolServerSideTranslatorPB.java:219)
	at org.apache.hadoop.ozone.protocolPB.OzoneManagerProtocolServerSideTranslatorPB.processRequest(OzoneManagerProtocolServerSideTranslatorPB.java:134)
	at org.apache.hadoop.hdds.server.OzoneProtocolMessageDispatcher.processRequest(OzoneProtocolMessageDispatcher.java:72)
	at org.apache.hadoop.ozone.protocolPB.OzoneManagerProtocolServerSideTranslatorPB.submitRequest(OzoneManagerProtocolServerSideTranslatorPB.java:100)
	at org.apache.hadoop.ozone.protocol.proto.OzoneManagerProtocolProtos$OzoneManagerService$2.callBlockingMethod(OzoneManagerProtocolProtos.java)
	at org.apache.hadoop.ipc.ProtobufRpcEngine$Server$ProtoBufRpcInvoker.call(ProtobufRpcEngine.java:524)
	at org.apache.hadoop.ipc.RPC$Server.call(RPC.java:1025)
	at org.apache.hadoop.ipc.Server$RpcCall.run(Server.java:876)
	at org.apache.hadoop.ipc.Server$RpcCall.run(Server.java:822)
	at java.security.AccessController.doPrivileged(Native Method)
	at javax.security.auth.Subject.doAs(Subject.java:422)
	at org.apache.hadoop.security.UserGroupInformation.doAs(UserGroupInformation.java:1730)
	at org.apache.hadoop.ipc.Server$Handler.run(Server.java:2682)
, while invoking $Proxy37.submitRequest over nodeId=null,nodeAddress=localhost:44987 after 9 failover attempts. Trying to failover immediately.
2019-10-16 08:35:17,769 [IPC Server handler 1 on 44987] ERROR lock.LockManager (LockManager.java:getLockForReleasing(218)) - Trying to release the lock on /volume31077/bucket69903, which was never acquired.
2019-10-16 08:35:17,769 [IPC Server handler 1 on 44987] WARN  ipc.Server (Server.java:logException(2724)) - IPC Server handler 1 on 44987, call Call#77 Retry#10 org.apache.hadoop.ozone.om.protocol.OzoneManagerProtocol.submitRequest from 127.0.0.1:42316
java.lang.IllegalMonitorStateException: Releasing lock on resource /volume31077/bucket69903 without acquiring lock
	at org.apache.hadoop.ozone.lock.LockManager.getLockForReleasing(LockManager.java:220)
	at org.apache.hadoop.ozone.lock.LockManager.release(LockManager.java:168)
	at org.apache.hadoop.ozone.lock.LockManager.writeUnlock(LockManager.java:148)
	at org.apache.hadoop.ozone.om.lock.OzoneManagerLock.unlock(OzoneManagerLock.java:364)
	at org.apache.hadoop.ozone.om.lock.OzoneManagerLock.releaseWriteLock(OzoneManagerLock.java:329)
	at org.apache.hadoop.ozone.om.request.key.OMKeyCommitRequest.validateAndUpdateCache(OMKeyCommitRequest.java:177)
	at org.apache.hadoop.ozone.protocolPB.OzoneManagerProtocolServerSideTranslatorPB.submitRequestDirectlyToOM(OzoneManagerProtocolServerSideTranslatorPB.java:219)
	at org.apache.hadoop.ozone.protocolPB.OzoneManagerProtocolServerSideTranslatorPB.processRequest(OzoneManagerProtocolServerSideTranslatorPB.java:134)
	at org.apache.hadoop.hdds.server.OzoneProtocolMessageDispatcher.processRequest(OzoneProtocolMessageDispatcher.java:72)
	at org.apache.hadoop.ozone.protocolPB.OzoneManagerProtocolServerSideTranslatorPB.submitRequest(OzoneManagerProtocolServerSideTranslatorPB.java:100)
	at org.apache.hadoop.ozone.protocol.proto.OzoneManagerProtocolProtos$OzoneManagerService$2.callBlockingMethod(OzoneManagerProtocolProtos.java)
	at org.apache.hadoop.ipc.ProtobufRpcEngine$Server$ProtoBufRpcInvoker.call(ProtobufRpcEngine.java:524)
	at org.apache.hadoop.ipc.RPC$Server.call(RPC.java:1025)
	at org.apache.hadoop.ipc.Server$RpcCall.run(Server.java:876)
	at org.apache.hadoop.ipc.Server$RpcCall.run(Server.java:822)
	at java.security.AccessController.doPrivileged(Native Method)
	at javax.security.auth.Subject.doAs(Subject.java:422)
	at org.apache.hadoop.security.UserGroupInformation.doAs(UserGroupInformation.java:1730)
	at org.apache.hadoop.ipc.Server$Handler.run(Server.java:2682)
2019-10-16 08:35:17,772 [Thread-732] ERROR ha.OMFailoverProxyProvider (OzoneManagerProtocolClientSideTranslatorPB.java:getRetryAction(268)) - Failed to connect to OM. Attempted 10 retries and 10 failovers
2019-10-16 08:35:17,773 [Thread-732] INFO  ozone.MiniOzoneClusterImpl (MiniOzoneClusterImpl.java:shutdown(314)) - Shutting down the Mini Ozone Cluster
2019-10-16 08:35:17,773 [Thread-732] INFO  ozone.MiniOzoneClusterImpl (MiniOzoneClusterImpl.java:stop(330)) - Stopping the Mini Ozone Cluster
2019-10-16 08:35:17,773 [Thread-732] INFO  ozone.MiniOzoneClusterImpl (MiniOzoneClusterImpl.java:stopOM(400)) - Stopping the OzoneManager
2019-10-16 08:35:17,773 [Thread-732] INFO  ipc.Server (Server.java:stop(3082)) - Stopping server on 44987
2019-10-16 08:35:17,776 [Thread-732] INFO  ratis.OzoneManagerDoubleBuffer (OzoneManagerDoubleBuffer.java:stop(250)) - Stopping OMDoubleBuffer flush thread
2019-10-16 08:35:17,776 [IPC Server Responder] INFO  ipc.Server (Server.java:run(1319)) - Stopping IPC Server Responder
2019-10-16 08:35:17,777 [OMDoubleBufferFlushThread] INFO  ratis.OzoneManagerDoubleBuffer (OzoneManagerDoubleBuffer.java:flushTransactions(193)) - OMDoubleBuffer flush thread OMDoubleBufferFlushThread is interrupted and will exit. OMDoubleBufferFlushThread
2019-10-16 08:35:17,776 [IPC Server listener on 44987] INFO  ipc.Server (Server.java:run(1185)) - Stopping IPC Server listener on 44987
2019-10-16 08:35:17,779 [Thread-732] INFO  utils.BackgroundService (BackgroundService.java:shutdown(151)) - Shutting down service KeyDeletingService
2019-10-16 08:35:17,781 [Thread-732] INFO  handler.ContextHandler (ContextHandler.java:doStop(910)) - Stopped o.e.j.w.WebAppContext@2873cef0{/,null,UNAVAILABLE}{/ozoneManager}
2019-10-16 08:35:17,782 [Thread-732] INFO  server.AbstractConnector (AbstractConnector.java:doStop(318)) - Stopped ServerConnector@2c7c328c{HTTP/1.1,[http/1.1]}{0.0.0.0:0}
2019-10-16 08:35:17,782 [Thread-732] INFO  handler.ContextHandler (ContextHandler.java:doStop(910)) - Stopped o.e.j.s.ServletContextHandler@69b41005{/static,jar:file:/home/user/.m2/repository/org/apache/hadoop/hadoop-ozone-ozone-manager/0.5.0-SNAPSHOT/hadoop-ozone-ozone-manager-0.5.0-SNAPSHOT.jar!/webapps/static,UNAVAILABLE}
2019-10-16 08:35:17,782 [Thread-732] INFO  handler.ContextHandler (ContextHandler.java:doStop(910)) - Stopped o.e.j.s.ServletContextHandler@19ab71ff{/logs,file:///workdir/hadoop-ozone/ozonefs/target/log,UNAVAILABLE}
2019-10-16 08:35:17,785 [Thread-732] INFO  ozone.MiniOzoneClusterImpl (MiniOzoneClusterImpl.java:stopDatanodes(377)) - Stopping the HddsDatanodes
2019-10-16 08:35:18,136 [Datanode State Machine Thread - 0] INFO  statemachine.DatanodeStateMachine (DatanodeStateMachine.java:lambda$startDaemon$0(350)) - Ozone container server started.
2019-10-16 08:35:18,221 [Datanode State Machine Thread - 0] INFO  statemachine.DatanodeStateMachine (DatanodeStateMachine.java:lambda$startDaemon$0(350)) - Ozone container server started.
2019-10-16 08:35:19,147 [Thread-904] INFO  container.ReplicationManager (ReplicationManager.java:start(162)) - Starting Replication Monitor Thread.
2019-10-16 08:35:19,153 [ReplicationMonitor] INFO  container.ReplicationManager (ReplicationManager.java:run(225)) - Replication Monitor Thread took 3 milliseconds for processing 1 containers.
2019-10-16 08:35:22,786 [Thread-732] INFO  ozoneimpl.OzoneContainer (OzoneContainer.java:stop(227)) - Attempting to stop container services.
2019-10-16 08:35:22,786 [ForkJoinPool.commonPool-worker-0] INFO  ozoneimpl.OzoneContainer (OzoneContainer.java:stop(227)) - Attempting to stop container services.
2019-10-16 08:35:22,787 [Thread-732] INFO  impl.RaftServerProxy (RaftServerProxy.java:lambda$close$4(314)) - bee0b7e1-adad-4029-b421-8a044761b662: close
2019-10-16 08:35:22,787 [ForkJoinPool.commonPool-worker-0] INFO  impl.RaftServerProxy (RaftServerProxy.java:lambda$close$4(314)) - bcd3650e-e4cc-4fe9-bbdd-09c259372f4e: close
2019-10-16 08:35:22,787 [Thread-732] INFO  impl.RaftServerImpl (RaftServerImpl.java:lambda$shutdown$3(261)) - bee0b7e1-adad-4029-b421-8a044761b662@group-6A2888521C7C: shutdown
2019-10-16 08:35:22,788 [ForkJoinPool.commonPool-worker-0] INFO  impl.RaftServerImpl (RaftServerImpl.java:lambda$shutdown$3(261)) - bcd3650e-e4cc-4fe9-bbdd-09c259372f4e@group-1D43B11E37AD: shutdown
2019-10-16 08:35:22,788 [Thread-732] INFO  util.JmxRegister (JmxRegister.java:unregister(73)) - Successfully un-registered JMX Bean with object name Ratis:service=RaftServer,group=group-6A2888521C7C,id=bee0b7e1-adad-4029-b421-8a044761b662
2019-10-16 08:35:22,788 [ForkJoinPool.commonPool-worker-0] INFO  util.JmxRegister (JmxRegister.java:unregister(73)) - Successfully un-registered JMX Bean with object name Ratis:service=RaftServer,group=group-1D43B11E37AD,id=bcd3650e-e4cc-4fe9-bbdd-09c259372f4e
2019-10-16 08:35:22,788 [Thread-732] INFO  impl.RoleInfo (RoleInfo.java:shutdownFollowerState(121)) - bee0b7e1-adad-4029-b421-8a044761b662: shutdown FollowerState
2019-10-16 08:35:22,789 [ForkJoinPool.commonPool-worker-0] INFO  impl.RoleInfo (RoleInfo.java:shutdownLeaderState(104)) - bcd3650e-e4cc-4fe9-bbdd-09c259372f4e: shutdown LeaderState
2019-10-16 08:35:22,789 [Thread-932] INFO  impl.FollowerState (FollowerState.java:run(117)) - bee0b7e1-adad-4029-b421-8a044761b662@group-6A2888521C7C-FollowerState was interrupted: java.lang.InterruptedException: sleep interrupted
2019-10-16 08:35:22,789 [Thread-732] INFO  impl.StateMachineUpdater (StateMachineUpdater.java:stopAndJoin(136)) - bee0b7e1-adad-4029-b421-8a044761b662@group-6A2888521C7C-StateMachineUpdater: set stopIndex = 0
2019-10-16 08:35:22,790 [Thread-732] INFO  impl.RaftServerImpl (ServerState.java:close(388)) - bee0b7e1-adad-4029-b421-8a044761b662@group-6A2888521C7C: closes. applyIndex: 0
2019-10-16 08:35:22,789 [ForkJoinPool.commonPool-worker-0] INFO  impl.PendingRequests (PendingRequests.java:sendNotLeaderResponses(202)) - bcd3650e-e4cc-4fe9-bbdd-09c259372f4e@group-1D43B11E37AD-PendingRequests: sendNotLeaderResponses
2019-10-16 08:35:22,790 [bee0b7e1-adad-4029-b421-8a044761b662@group-6A2888521C7C-SegmentedRaftLogWorker] INFO  segmented.SegmentedRaftLogWorker (SegmentedRaftLogWorker.java:run(316)) - bee0b7e1-adad-4029-b421-8a044761b662@group-6A2888521C7C-SegmentedRaftLogWorker was interrupted, exiting. There are 0 tasks remaining in the queue.
2019-10-16 08:35:22,790 [ForkJoinPool.commonPool-worker-0] INFO  impl.StateMachineUpdater (StateMachineUpdater.java:stopAndJoin(136)) - bcd3650e-e4cc-4fe9-bbdd-09c259372f4e@group-1D43B11E37AD-StateMachineUpdater: set stopIndex = 0
2019-10-16 08:35:22,792 [Thread-732] INFO  segmented.SegmentedRaftLogWorker (SegmentedRaftLogWorker.java:close(224)) - bee0b7e1-adad-4029-b421-8a044761b662@group-6A2888521C7C-SegmentedRaftLogWorker close()
2019-10-16 08:35:22,793 [ForkJoinPool.commonPool-worker-0] INFO  impl.RaftServerImpl (ServerState.java:close(388)) - bcd3650e-e4cc-4fe9-bbdd-09c259372f4e@group-1D43B11E37AD: closes. applyIndex: 0
2019-10-16 08:35:22,795 [Thread-732] INFO  impl.RaftServerImpl (RaftServerImpl.java:lambda$shutdown$3(261)) - bee0b7e1-adad-4029-b421-8a044761b662@group-E9A8AB209E09: shutdown
2019-10-16 08:35:22,796 [bcd3650e-e4cc-4fe9-bbdd-09c259372f4e@group-1D43B11E37AD-SegmentedRaftLogWorker] INFO  segmented.SegmentedRaftLogWorker (SegmentedRaftLogWorker.java:run(316)) - bcd3650e-e4cc-4fe9-bbdd-09c259372f4e@group-1D43B11E37AD-SegmentedRaftLogWorker was interrupted, exiting. There are 0 tasks remaining in the queue.
2019-10-16 08:35:22,796 [Thread-732] INFO  util.JmxRegister (JmxRegister.java:unregister(73)) - Successfully un-registered JMX Bean with object name Ratis:service=RaftServer,group=group-E9A8AB209E09,id=bee0b7e1-adad-4029-b421-8a044761b662
2019-10-16 08:35:22,797 [ForkJoinPool.commonPool-worker-0] INFO  segmented.SegmentedRaftLogWorker (SegmentedRaftLogWorker.java:close(224)) - bcd3650e-e4cc-4fe9-bbdd-09c259372f4e@group-1D43B11E37AD-SegmentedRaftLogWorker close()
2019-10-16 08:35:22,797 [Thread-732] INFO  impl.RoleInfo (RoleInfo.java:shutdownLeaderState(104)) - bee0b7e1-adad-4029-b421-8a044761b662: shutdown LeaderState
2019-10-16 08:35:22,800 [ForkJoinPool.commonPool-worker-0] INFO  impl.RaftServerImpl (RaftServerImpl.java:lambda$shutdown$3(261)) - bcd3650e-e4cc-4fe9-bbdd-09c259372f4e@group-6A2888521C7C: shutdown
2019-10-16 08:35:22,800 [Thread-732] INFO  impl.PendingRequests (PendingRequests.java:sendNotLeaderResponses(202)) - bee0b7e1-adad-4029-b421-8a044761b662@group-E9A8AB209E09-PendingRequests: sendNotLeaderResponses
2019-10-16 08:35:22,800 [ForkJoinPool.commonPool-worker-0] INFO  util.JmxRegister (JmxRegister.java:unregister(73)) - Successfully un-registered JMX Bean with object name Ratis:service=RaftServer,group=group-6A2888521C7C,id=bcd3650e-e4cc-4fe9-bbdd-09c259372f4e
2019-10-16 08:35:22,801 [Thread-732] INFO  impl.StateMachineUpdater (StateMachineUpdater.java:stopAndJoin(136)) - bee0b7e1-adad-4029-b421-8a044761b662@group-E9A8AB209E09-StateMachineUpdater: set stopIndex = 0
2019-10-16 08:35:22,801 [ForkJoinPool.commonPool-worker-0] INFO  impl.RoleInfo (RoleInfo.java:shutdownFollowerState(121)) - bcd3650e-e4cc-4fe9-bbdd-09c259372f4e: shutdown FollowerState
2019-10-16 08:35:22,801 [Thread-732] INFO  impl.RaftServerImpl (ServerState.java:close(388)) - bee0b7e1-adad-4029-b421-8a044761b662@group-E9A8AB209E09: closes. applyIndex: 0
2019-10-16 08:35:22,802 [Thread-933] INFO  impl.FollowerState (FollowerState.java:run(117)) - bcd3650e-e4cc-4fe9-bbdd-09c259372f4e@group-6A2888521C7C-FollowerState was interrupted: java.lang.InterruptedException: sleep interrupted
2019-10-16 08:35:22,802 [bee0b7e1-adad-4029-b421-8a044761b662@group-E9A8AB209E09-SegmentedRaftLogWorker] INFO  segmented.SegmentedRaftLogWorker (SegmentedRaftLogWorker.java:run(316)) - bee0b7e1-adad-4029-b421-8a044761b662@group-E9A8AB209E09-SegmentedRaftLogWorker was interrupted, exiting. There are 0 tasks remaining in the queue.
2019-10-16 08:35:22,801 [ForkJoinPool.commonPool-worker-0] INFO  impl.StateMachineUpdater (StateMachineUpdater.java:stopAndJoin(136)) - bcd3650e-e4cc-4fe9-bbdd-09c259372f4e@group-6A2888521C7C-StateMachineUpdater: set stopIndex = 0
2019-10-16 08:35:22,803 [ForkJoinPool.commonPool-worker-0] INFO  impl.RaftServerImpl (ServerState.java:close(388)) - bcd3650e-e4cc-4fe9-bbdd-09c259372f4e@group-6A2888521C7C: closes. applyIndex: 0
2019-10-16 08:35:22,803 [Thread-732] INFO  segmented.SegmentedRaftLogWorker (SegmentedRaftLogWorker.java:close(224)) - bee0b7e1-adad-4029-b421-8a044761b662@group-E9A8AB209E09-SegmentedRaftLogWorker close()
2019-10-16 08:35:22,804 [bcd3650e-e4cc-4fe9-bbdd-09c259372f4e@group-6A2888521C7C-SegmentedRaftLogWorker] INFO  segmented.SegmentedRaftLogWorker (SegmentedRaftLogWorker.java:run(316)) - bcd3650e-e4cc-4fe9-bbdd-09c259372f4e@group-6A2888521C7C-SegmentedRaftLogWorker was interrupted, exiting. There are 0 tasks remaining in the queue.
2019-10-16 08:35:22,806 [Thread-732] INFO  server.GrpcService (GrpcService.java:closeImpl(164)) - bee0b7e1-adad-4029-b421-8a044761b662: shutdown server with port 36157 now
2019-10-16 08:35:22,807 [ForkJoinPool.commonPool-worker-0] INFO  segmented.SegmentedRaftLogWorker (SegmentedRaftLogWorker.java:close(224)) - bcd3650e-e4cc-4fe9-bbdd-09c259372f4e@group-6A2888521C7C-SegmentedRaftLogWorker close()
2019-10-16 08:35:22,810 [ForkJoinPool.commonPool-worker-0] INFO  server.GrpcService (GrpcService.java:closeImpl(164)) - bcd3650e-e4cc-4fe9-bbdd-09c259372f4e: shutdown server with port 45228 now
2019-10-16 08:35:22,811 [grpc-default-executor-0] WARN  server.GrpcServerProtocolService (LogUtils.java:warn(134)) - bee0b7e1-adad-4029-b421-8a044761b662: installSnapshot onError, lastRequest: 0b067187-b7e7-488d-a1a7-3c5cddaad0e9->bee0b7e1-adad-4029-b421-8a044761b662#3-t1, previous=(t:1, i:0), leaderCommit=0, initializing? false, entries: <empty>: org.apache.ratis.thirdparty.io.grpc.StatusRuntimeException: CANCELLED: cancelled before receiving half close
2019-10-16 08:35:22,812 [Thread-732] INFO  server.GrpcService (GrpcService.java:closeImpl(172)) - bee0b7e1-adad-4029-b421-8a044761b662: shutdown server with port 36157 successfully
2019-10-16 08:35:22,813 [grpc-default-executor-2] WARN  server.GrpcLogAppender (LogUtils.java:warn(134)) - 0b067187-b7e7-488d-a1a7-3c5cddaad0e9@group-6A2888521C7C->bee0b7e1-adad-4029-b421-8a044761b662-AppendLogResponseHandler: Failed appendEntries: org.apache.ratis.thirdparty.io.grpc.StatusRuntimeException: CANCELLED: HTTP/2 error code: CANCEL
Received Rst Stream
2019-10-16 08:35:22,815 [grpc-default-executor-4] WARN  server.GrpcLogAppender (LogUtils.java:warn(134)) - 0b067187-b7e7-488d-a1a7-3c5cddaad0e9@group-6A2888521C7C->bcd3650e-e4cc-4fe9-bbdd-09c259372f4e-AppendLogResponseHandler: Failed appendEntries: org.apache.ratis.thirdparty.io.grpc.StatusRuntimeException: CANCELLED: HTTP/2 error code: CANCEL
Received Rst Stream
2019-10-16 08:35:22,815 [ForkJoinPool.commonPool-worker-0] INFO  server.GrpcService (GrpcService.java:closeImpl(172)) - bcd3650e-e4cc-4fe9-bbdd-09c259372f4e: shutdown server with port 45228 successfully
2019-10-16 08:35:22,815 [grpc-default-executor-3] WARN  server.GrpcServerProtocolService (LogUtils.java:warn(134)) - bcd3650e-e4cc-4fe9-bbdd-09c259372f4e: installSnapshot onError, lastRequest: 0b067187-b7e7-488d-a1a7-3c5cddaad0e9->bcd3650e-e4cc-4fe9-bbdd-09c259372f4e#3-t1, previous=(t:1, i:0), leaderCommit=0, initializing? false, entries: <empty>: org.apache.ratis.thirdparty.io.grpc.StatusRuntimeException: CANCELLED: cancelled before receiving half close
2019-10-16 08:35:22,816 [refreshUsed-/workdir/hadoop-ozone/ozonefs/target/test-dir/MiniOzoneClusterImpl-86521f5e-7039-45fe-813d-bcbfddd09546/datanode-1/data/containers] WARN  fs.CachingGetSpaceUsed (CachingGetSpaceUsed.java:run(183)) - Thread Interrupted waiting to refresh disk information: sleep interrupted
2019-10-16 08:35:22,818 [refreshUsed-/workdir/hadoop-ozone/ozonefs/target/test-dir/MiniOzoneClusterImpl-86521f5e-7039-45fe-813d-bcbfddd09546/datanode-0/data/containers] WARN  fs.CachingGetSpaceUsed (CachingGetSpaceUsed.java:run(183)) - Thread Interrupted waiting to refresh disk information: sleep interrupted
2019-10-16 08:35:22,853 [ForkJoinPool.commonPool-worker-0] INFO  utils.BackgroundService (BackgroundService.java:shutdown(151)) - Shutting down service BlockDeletingService
2019-10-16 08:35:22,853 [Thread-732] INFO  utils.BackgroundService (BackgroundService.java:shutdown(151)) - Shutting down service BlockDeletingService
2019-10-16 08:35:22,856 [ForkJoinPool.commonPool-worker-0] INFO  statemachine.DatanodeStateMachine (DatanodeStateMachine.java:stopDaemon(395)) - Ozone container server stopped.
2019-10-16 08:35:22,856 [Thread-732] INFO  statemachine.DatanodeStateMachine (DatanodeStateMachine.java:stopDaemon(395)) - Ozone container server stopped.
2019-10-16 08:35:22,860 [Thread-732] INFO  handler.ContextHandler (ContextHandler.java:doStop(910)) - Stopped o.e.j.w.WebAppContext@3b3d9055{/,null,UNAVAILABLE}{/hddsDatanode}
2019-10-16 08:35:22,861 [ForkJoinPool.commonPool-worker-0] INFO  handler.ContextHandler (ContextHandler.java:doStop(910)) - Stopped o.e.j.w.WebAppContext@731f4374{/,null,UNAVAILABLE}{/hddsDatanode}
2019-10-16 08:35:22,861 [Thread-732] INFO  server.AbstractConnector (AbstractConnector.java:doStop(318)) - Stopped ServerConnector@4fff021d{HTTP/1.1,[http/1.1]}{0.0.0.0:0}
2019-10-16 08:35:22,861 [ForkJoinPool.commonPool-worker-0] INFO  server.AbstractConnector (AbstractConnector.java:doStop(318)) - Stopped ServerConnector@64b540cc{HTTP/1.1,[http/1.1]}{0.0.0.0:0}
2019-10-16 08:35:22,862 [Thread-732] INFO  handler.ContextHandler (ContextHandler.java:doStop(910)) - Stopped o.e.j.s.ServletContextHandler@25025494{/static,jar:file:/home/user/.m2/repository/org/apache/hadoop/hadoop-hdds-container-service/0.5.0-SNAPSHOT/hadoop-hdds-container-service-0.5.0-SNAPSHOT.jar!/webapps/static,UNAVAILABLE}
2019-10-16 08:35:22,863 [ForkJoinPool.commonPool-worker-0] INFO  handler.ContextHandler (ContextHandler.java:doStop(910)) - Stopped o.e.j.s.ServletContextHandler@53940b0c{/static,jar:file:/home/user/.m2/repository/org/apache/hadoop/hadoop-hdds-container-service/0.5.0-SNAPSHOT/hadoop-hdds-container-service-0.5.0-SNAPSHOT.jar!/webapps/static,UNAVAILABLE}
2019-10-16 08:35:22,863 [Thread-732] INFO  handler.ContextHandler (ContextHandler.java:doStop(910)) - Stopped o.e.j.s.ServletContextHandler@1f124f41{/logs,file:///workdir/hadoop-ozone/ozonefs/target/log,UNAVAILABLE}
2019-10-16 08:35:22,864 [ForkJoinPool.commonPool-worker-0] INFO  handler.ContextHandler (ContextHandler.java:doStop(910)) - Stopped o.e.j.s.ServletContextHandler@73e41be9{/logs,file:///workdir/hadoop-ozone/ozonefs/target/log,UNAVAILABLE}
2019-10-16 08:35:23,302 [Datanode State Machine Thread - 0] INFO  statemachine.DatanodeStateMachine (DatanodeStateMachine.java:lambda$startDaemon$0(350)) - Ozone container server started.
2019-10-16 08:35:27,212 [java.util.concurrent.ThreadPoolExecutor$Worker@31e32d55[State = -1, empty queue]] WARN  server.GrpcLogAppender (GrpcLogAppender.java:timeoutAppendRequest(209)) - 0b067187-b7e7-488d-a1a7-3c5cddaad0e9@group-6A2888521C7C->bee0b7e1-adad-4029-b421-8a044761b662-GrpcLogAppender: appendEntries Timeout, request=0b067187-b7e7-488d-a1a7-3c5cddaad0e9->bee0b7e1-adad-4029-b421-8a044761b662#4-t1, previous=(t:1, i:0), leaderCommit=0, initializing? false, entries: <empty>
2019-10-16 08:35:27,219 [java.util.concurrent.ThreadPoolExecutor$Worker@370a804e[State = -1, empty queue]] WARN  server.GrpcLogAppender (GrpcLogAppender.java:timeoutAppendRequest(209)) - 0b067187-b7e7-488d-a1a7-3c5cddaad0e9@group-6A2888521C7C->bcd3650e-e4cc-4fe9-bbdd-09c259372f4e-GrpcLogAppender: appendEntries Timeout, request=0b067187-b7e7-488d-a1a7-3c5cddaad0e9->bcd3650e-e4cc-4fe9-bbdd-09c259372f4e#4-t1, previous=(t:1, i:0), leaderCommit=0, initializing? false, entries: <empty>
2019-10-16 08:35:27,866 [Thread-732] INFO  ozoneimpl.OzoneContainer (OzoneContainer.java:stop(227)) - Attempting to stop container services.
2019-10-16 08:35:27,866 [Thread-732] INFO  impl.RaftServerProxy (RaftServerProxy.java:lambda$close$4(314)) - 0b067187-b7e7-488d-a1a7-3c5cddaad0e9: close
2019-10-16 08:35:27,867 [Thread-732] INFO  impl.RaftServerImpl (RaftServerImpl.java:lambda$shutdown$3(261)) - 0b067187-b7e7-488d-a1a7-3c5cddaad0e9@group-625BA8CB5534: shutdown
2019-10-16 08:35:27,867 [ForkJoinPool.commonPool-worker-1] INFO  impl.RaftServerImpl (RaftServerImpl.java:lambda$shutdown$3(261)) - 0b067187-b7e7-488d-a1a7-3c5cddaad0e9@group-6A2888521C7C: shutdown
2019-10-16 08:35:27,867 [Thread-732] INFO  util.JmxRegister (JmxRegister.java:unregister(73)) - Successfully un-registered JMX Bean with object name Ratis:service=RaftServer,group=group-625BA8CB5534,id=0b067187-b7e7-488d-a1a7-3c5cddaad0e9
2019-10-16 08:35:27,868 [ForkJoinPool.commonPool-worker-1] INFO  util.JmxRegister (JmxRegister.java:unregister(73)) - Successfully un-registered JMX Bean with object name Ratis:service=RaftServer,group=group-6A2888521C7C,id=0b067187-b7e7-488d-a1a7-3c5cddaad0e9
2019-10-16 08:35:27,868 [Thread-732] INFO  impl.RoleInfo (RoleInfo.java:shutdownLeaderState(104)) - 0b067187-b7e7-488d-a1a7-3c5cddaad0e9: shutdown LeaderState
2019-10-16 08:35:27,868 [ForkJoinPool.commonPool-worker-1] INFO  impl.RoleInfo (RoleInfo.java:shutdownLeaderState(104)) - 0b067187-b7e7-488d-a1a7-3c5cddaad0e9: shutdown LeaderState
2019-10-16 08:35:27,869 [Thread-732] INFO  impl.PendingRequests (PendingRequests.java:sendNotLeaderResponses(202)) - 0b067187-b7e7-488d-a1a7-3c5cddaad0e9@group-625BA8CB5534-PendingRequests: sendNotLeaderResponses
2019-10-16 08:35:27,871 [org.apache.ratis.server.impl.LogAppender$AppenderDaemon$$Lambda$430/1408672603@6872764e] WARN  server.GrpcLogAppender (GrpcLogAppender.java:mayWait(149)) - 0b067187-b7e7-488d-a1a7-3c5cddaad0e9@group-6A2888521C7C->bee0b7e1-adad-4029-b421-8a044761b662-GrpcLogAppender: Wait interrupted by java.lang.InterruptedException
2019-10-16 08:35:27,871 [org.apache.ratis.server.impl.LogAppender$AppenderDaemon$$Lambda$430/1408672603@59501b56] WARN  server.GrpcLogAppender (GrpcLogAppender.java:mayWait(149)) - 0b067187-b7e7-488d-a1a7-3c5cddaad0e9@group-6A2888521C7C->bcd3650e-e4cc-4fe9-bbdd-09c259372f4e-GrpcLogAppender: Wait interrupted by java.lang.InterruptedException
2019-10-16 08:35:27,871 [ForkJoinPool.commonPool-worker-1] INFO  impl.PendingRequests (PendingRequests.java:sendNotLeaderResponses(202)) - 0b067187-b7e7-488d-a1a7-3c5cddaad0e9@group-6A2888521C7C-PendingRequests: sendNotLeaderResponses
2019-10-16 08:35:27,871 [Thread-732] INFO  impl.StateMachineUpdater (StateMachineUpdater.java:stopAndJoin(136)) - 0b067187-b7e7-488d-a1a7-3c5cddaad0e9@group-625BA8CB5534-StateMachineUpdater: set stopIndex = 0
2019-10-16 08:35:27,872 [ForkJoinPool.commonPool-worker-1] INFO  impl.StateMachineUpdater (StateMachineUpdater.java:stopAndJoin(136)) - 0b067187-b7e7-488d-a1a7-3c5cddaad0e9@group-6A2888521C7C-StateMachineUpdater: set stopIndex = 0
2019-10-16 08:35:27,872 [Thread-732] INFO  impl.RaftServerImpl (ServerState.java:close(388)) - 0b067187-b7e7-488d-a1a7-3c5cddaad0e9@group-625BA8CB5534: closes. applyIndex: 0
2019-10-16 08:35:27,872 [ForkJoinPool.commonPool-worker-1] INFO  impl.RaftServerImpl (ServerState.java:close(388)) - 0b067187-b7e7-488d-a1a7-3c5cddaad0e9@group-6A2888521C7C: closes. applyIndex: 0
2019-10-16 08:35:27,873 [0b067187-b7e7-488d-a1a7-3c5cddaad0e9@group-625BA8CB5534-SegmentedRaftLogWorker] INFO  segmented.SegmentedRaftLogWorker (SegmentedRaftLogWorker.java:run(316)) - 0b067187-b7e7-488d-a1a7-3c5cddaad0e9@group-625BA8CB5534-SegmentedRaftLogWorker was interrupted, exiting. There are 0 tasks remaining in the queue.
2019-10-16 08:35:27,873 [0b067187-b7e7-488d-a1a7-3c5cddaad0e9@group-6A2888521C7C-SegmentedRaftLogWorker] INFO  segmented.SegmentedRaftLogWorker (SegmentedRaftLogWorker.java:run(316)) - 0b067187-b7e7-488d-a1a7-3c5cddaad0e9@group-6A2888521C7C-SegmentedRaftLogWorker was interrupted, exiting. There are 0 tasks remaining in the queue.
2019-10-16 08:35:27,874 [Thread-732] INFO  segmented.SegmentedRaftLogWorker (SegmentedRaftLogWorker.java:close(224)) - 0b067187-b7e7-488d-a1a7-3c5cddaad0e9@group-625BA8CB5534-SegmentedRaftLogWorker close()
2019-10-16 08:35:27,886 [ForkJoinPool.commonPool-worker-1] INFO  segmented.SegmentedRaftLogWorker (SegmentedRaftLogWorker.java:close(224)) - 0b067187-b7e7-488d-a1a7-3c5cddaad0e9@group-6A2888521C7C-SegmentedRaftLogWorker close()
2019-10-16 08:35:27,888 [Thread-732] INFO  server.GrpcService (GrpcService.java:closeImpl(164)) - 0b067187-b7e7-488d-a1a7-3c5cddaad0e9: shutdown server with port 35056 now
2019-10-16 08:35:27,891 [Thread-732] INFO  server.GrpcService (GrpcService.java:closeImpl(172)) - 0b067187-b7e7-488d-a1a7-3c5cddaad0e9: shutdown server with port 35056 successfully
2019-10-16 08:35:27,900 [refreshUsed-/workdir/hadoop-ozone/ozonefs/target/test-dir/MiniOzoneClusterImpl-86521f5e-7039-45fe-813d-bcbfddd09546/datanode-2/data/containers] WARN  fs.CachingGetSpaceUsed (CachingGetSpaceUsed.java:run(183)) - Thread Interrupted waiting to refresh disk information: sleep interrupted
2019-10-16 08:35:27,931 [Thread-732] INFO  utils.BackgroundService (BackgroundService.java:shutdown(151)) - Shutting down service BlockDeletingService
2019-10-16 08:35:27,934 [Thread-732] INFO  statemachine.DatanodeStateMachine (DatanodeStateMachine.java:stopDaemon(395)) - Ozone container server stopped.
2019-10-16 08:35:27,935 [Thread-732] INFO  handler.ContextHandler (ContextHandler.java:doStop(910)) - Stopped o.e.j.w.WebAppContext@583148ac{/,null,UNAVAILABLE}{/hddsDatanode}
2019-10-16 08:35:27,936 [Thread-732] INFO  server.AbstractConnector (AbstractConnector.java:doStop(318)) - Stopped ServerConnector@346c6056{HTTP/1.1,[http/1.1]}{0.0.0.0:0}
2019-10-16 08:35:27,936 [Thread-732] INFO  handler.ContextHandler (ContextHandler.java:doStop(910)) - Stopped o.e.j.s.ServletContextHandler@3f7fbfc4{/static,jar:file:/home/user/.m2/repository/org/apache/hadoop/hadoop-hdds-container-service/0.5.0-SNAPSHOT/hadoop-hdds-container-service-0.5.0-SNAPSHOT.jar!/webapps/static,UNAVAILABLE}
2019-10-16 08:35:27,937 [Thread-732] INFO  handler.ContextHandler (ContextHandler.java:doStop(910)) - Stopped o.e.j.s.ServletContextHandler@3f3d902d{/logs,file:///workdir/hadoop-ozone/ozonefs/target/log,UNAVAILABLE}
2019-10-16 08:35:27,937 [Thread-732] INFO  ozone.MiniOzoneClusterImpl (MiniOzoneClusterImpl.java:stopSCM(392)) - Stopping the StorageContainerManager
2019-10-16 08:35:27,937 [Thread-732] INFO  server.StorageContainerManager (StorageContainerManager.java:stop(810)) - Stopping Replication Manager Service.
2019-10-16 08:35:27,938 [Thread-732] INFO  container.ReplicationManager (ReplicationManager.java:stop(203)) - Stopping Replication Monitor Thread.
2019-10-16 08:35:27,938 [Thread-732] INFO  server.StorageContainerManager (StorageContainerManager.java:stop(817)) - Stopping Lease Manager of the command watchers
2019-10-16 08:35:27,938 [Thread-732] INFO  server.StorageContainerManager (StorageContainerManager.java:stop(824)) - Stopping datanode service RPC server
2019-10-16 08:35:27,938 [Thread-732] INFO  server.SCMDatanodeProtocolServer (SCMDatanodeProtocolServer.java:stop(346)) - Stopping the RPC server for DataNodes
2019-10-16 08:35:27,938 [Thread-732] INFO  ipc.Server (Server.java:stop(3082)) - Stopping server on 34029
2019-10-16 08:35:27,940 [IPC Server listener on 34029] INFO  ipc.Server (Server.java:run(1185)) - Stopping IPC Server listener on 34029
2019-10-16 08:35:27,940 [IPC Server Responder] INFO  ipc.Server (Server.java:run(1319)) - Stopping IPC Server Responder
2019-10-16 08:35:27,973 [SCM Heartbeat Processing Thread - 0] WARN  node.NodeStateManager (NodeStateManager.java:scheduleNextHealthCheck(646)) - Current Thread is interrupted, shutting down HB processing thread for Node Manager.
2019-10-16 08:35:27,973 [Thread-732] INFO  server.StorageContainerManager (StorageContainerManager.java:stop(832)) - Stopping block service RPC server
2019-10-16 08:35:27,973 [Thread-732] INFO  server.SCMBlockProtocolServer (SCMBlockProtocolServer.java:stop(155)) - Stopping the RPC server for Block Protocol
2019-10-16 08:35:27,973 [Thread-732] INFO  ipc.Server (Server.java:stop(3082)) - Stopping server on 45586
2019-10-16 08:35:27,975 [IPC Server listener on 45586] INFO  ipc.Server (Server.java:run(1185)) - Stopping IPC Server listener on 45586
2019-10-16 08:35:27,975 [IPC Server Responder] INFO  ipc.Server (Server.java:run(1319)) - Stopping IPC Server Responder
2019-10-16 08:35:27,975 [Thread-732] INFO  server.StorageContainerManager (StorageContainerManager.java:stop(839)) - Stopping the StorageContainerLocationProtocol RPC server
2019-10-16 08:35:27,977 [Thread-732] INFO  server.SCMClientProtocolServer (SCMClientProtocolServer.java:stop(168)) - Stopping the RPC server for Client Protocol
2019-10-16 08:35:27,977 [Thread-732] INFO  ipc.Server (Server.java:stop(3082)) - Stopping server on 37748
2019-10-16 08:35:27,979 [IPC Server listener on 37748] INFO  ipc.Server (Server.java:run(1185)) - Stopping IPC Server listener on 37748
2019-10-16 08:35:27,979 [IPC Server Responder] INFO  ipc.Server (Server.java:run(1319)) - Stopping IPC Server Responder
2019-10-16 08:35:27,979 [Thread-732] INFO  server.StorageContainerManager (StorageContainerManager.java:stop(846)) - Stopping Storage Container Manager HTTP server.
2019-10-16 08:35:27,982 [Thread-732] INFO  handler.ContextHandler (ContextHandler.java:doStop(910)) - Stopped o.e.j.w.WebAppContext@1845df19{/,null,UNAVAILABLE}{/scm}
2019-10-16 08:35:27,982 [Thread-732] INFO  server.AbstractConnector (AbstractConnector.java:doStop(318)) - Stopped ServerConnector@1fa7e4c5{HTTP/1.1,[http/1.1]}{0.0.0.0:0}
2019-10-16 08:35:27,983 [Thread-732] INFO  handler.ContextHandler (ContextHandler.java:doStop(910)) - Stopped o.e.j.s.ServletContextHandler@367ffa08{/static,jar:file:/home/user/.m2/repository/org/apache/hadoop/hadoop-hdds-server-scm/0.5.0-SNAPSHOT/hadoop-hdds-server-scm-0.5.0-SNAPSHOT.jar!/webapps/static,UNAVAILABLE}
2019-10-16 08:35:27,983 [Thread-732] INFO  handler.ContextHandler (ContextHandler.java:doStop(910)) - Stopped o.e.j.s.ServletContextHandler@67bf4558{/logs,file:///workdir/hadoop-ozone/ozonefs/target/log,UNAVAILABLE}
2019-10-16 08:35:27,984 [Thread-732] INFO  server.StorageContainerManager (StorageContainerManager.java:stop(857)) - Stopping Block Manager Service.
2019-10-16 08:35:27,984 [Thread-732] INFO  utils.BackgroundService (BackgroundService.java:shutdown(151)) - Shutting down service SCMBlockDeletingService
2019-10-16 08:35:27,985 [Thread-732] INFO  utils.BackgroundService (BackgroundService.java:shutdown(151)) - Shutting down service SCMBlockDeletingService
2019-10-16 08:35:27,985 [Thread-732] INFO  server.StorageContainerManager (StorageContainerManager.java:stop(879)) - Stopping SCM Event Queue.
2019-10-16 08:35:27,991 [Thread-732] INFO  impl.MetricsSystemImpl (MetricsSystemImpl.java:stop(210)) - Stopping HddsDatanode metrics system...
2019-10-16 08:35:27,997 [Thread-732] INFO  impl.MetricsSystemImpl (MetricsSystemImpl.java:stop(216)) - HddsDatanode metrics system stopped.
]]></system-out>
    <system-err><![CDATA[Oct 16, 2019 8:35:22 AM org.apache.ratis.thirdparty.io.grpc.internal.SerializingExecutor run
SEVERE: Exception while executing runnable org.apache.ratis.thirdparty.io.grpc.internal.ServerImpl$JumpToApplicationThreadServerStreamListener$1Closed@112c662c
org.apache.ratis.thirdparty.io.grpc.StatusRuntimeException: CANCELLED: call already cancelled
	at org.apache.ratis.thirdparty.io.grpc.Status.asRuntimeException(Status.java:517)
	at org.apache.ratis.thirdparty.io.grpc.stub.ServerCalls$ServerCallStreamObserverImpl.onCompleted(ServerCalls.java:356)
	at org.apache.ratis.grpc.server.GrpcServerProtocolService$ServerRequestStreamObserver.onError(GrpcServerProtocolService.java:121)
	at org.apache.ratis.thirdparty.io.grpc.stub.ServerCalls$StreamingServerCallHandler$StreamingServerCallListener.onCancel(ServerCalls.java:269)
	at org.apache.ratis.thirdparty.io.grpc.internal.ServerCallImpl$ServerStreamListenerImpl.closed(ServerCallImpl.java:293)
	at org.apache.ratis.thirdparty.io.grpc.internal.ServerImpl$JumpToApplicationThreadServerStreamListener$1Closed.runInContext(ServerImpl.java:741)
	at org.apache.ratis.thirdparty.io.grpc.internal.ContextRunnable.run(ContextRunnable.java:37)
	at org.apache.ratis.thirdparty.io.grpc.internal.SerializingExecutor.run(SerializingExecutor.java:123)
	at java.util.concurrent.ThreadPoolExecutor.runWorker(ThreadPoolExecutor.java:1149)
	at java.util.concurrent.ThreadPoolExecutor$Worker.run(ThreadPoolExecutor.java:624)
	at java.lang.Thread.run(Thread.java:748)

Oct 16, 2019 8:35:22 AM org.apache.ratis.thirdparty.io.grpc.internal.SerializingExecutor run
SEVERE: Exception while executing runnable org.apache.ratis.thirdparty.io.grpc.internal.ServerImpl$JumpToApplicationThreadServerStreamListener$1Closed@48c2c950
org.apache.ratis.thirdparty.io.grpc.StatusRuntimeException: CANCELLED: call already cancelled
	at org.apache.ratis.thirdparty.io.grpc.Status.asRuntimeException(Status.java:517)
	at org.apache.ratis.thirdparty.io.grpc.stub.ServerCalls$ServerCallStreamObserverImpl.onCompleted(ServerCalls.java:356)
	at org.apache.ratis.grpc.server.GrpcServerProtocolService$ServerRequestStreamObserver.onError(GrpcServerProtocolService.java:121)
	at org.apache.ratis.thirdparty.io.grpc.stub.ServerCalls$StreamingServerCallHandler$StreamingServerCallListener.onCancel(ServerCalls.java:269)
	at org.apache.ratis.thirdparty.io.grpc.internal.ServerCallImpl$ServerStreamListenerImpl.closed(ServerCallImpl.java:293)
	at org.apache.ratis.thirdparty.io.grpc.internal.ServerImpl$JumpToApplicationThreadServerStreamListener$1Closed.runInContext(ServerImpl.java:741)
	at org.apache.ratis.thirdparty.io.grpc.internal.ContextRunnable.run(ContextRunnable.java:37)
	at org.apache.ratis.thirdparty.io.grpc.internal.SerializingExecutor.run(SerializingExecutor.java:123)
	at java.util.concurrent.ThreadPoolExecutor.runWorker(ThreadPoolExecutor.java:1149)
	at java.util.concurrent.ThreadPoolExecutor$Worker.run(ThreadPoolExecutor.java:624)
	at java.lang.Thread.run(Thread.java:748)

Oct 16, 2019 8:35:22 AM org.apache.ratis.thirdparty.io.grpc.internal.SerializingExecutor run
SEVERE: Exception while executing runnable org.apache.ratis.thirdparty.io.grpc.internal.ClientCallImpl$ClientStreamListenerImpl$1StreamClosed@1f1907cd
java.lang.NullPointerException
	at org.apache.ratis.grpc.server.GrpcLogAppender$AppendLogResponseHandler.onError(GrpcLogAppender.java:303)
	at org.apache.ratis.thirdparty.io.grpc.stub.ClientCalls$StreamObserverToCallListenerAdapter.onClose(ClientCalls.java:434)
	at org.apache.ratis.thirdparty.io.grpc.PartialForwardingClientCallListener.onClose(PartialForwardingClientCallListener.java:39)
	at org.apache.ratis.thirdparty.io.grpc.ForwardingClientCallListener.onClose(ForwardingClientCallListener.java:23)
	at org.apache.ratis.thirdparty.io.grpc.ForwardingClientCallListener$SimpleForwardingClientCallListener.onClose(ForwardingClientCallListener.java:40)
	at org.apache.ratis.thirdparty.io.grpc.internal.CensusStatsModule$StatsClientInterceptor$1$1.onClose(CensusStatsModule.java:678)
	at org.apache.ratis.thirdparty.io.grpc.PartialForwardingClientCallListener.onClose(PartialForwardingClientCallListener.java:39)
	at org.apache.ratis.thirdparty.io.grpc.ForwardingClientCallListener.onClose(ForwardingClientCallListener.java:23)
	at org.apache.ratis.thirdparty.io.grpc.ForwardingClientCallListener$SimpleForwardingClientCallListener.onClose(ForwardingClientCallListener.java:40)
	at org.apache.ratis.thirdparty.io.grpc.internal.CensusTracingModule$TracingClientInterceptor$1$1.onClose(CensusTracingModule.java:397)
	at org.apache.ratis.thirdparty.io.grpc.internal.ClientCallImpl.closeObserver(ClientCallImpl.java:459)
	at org.apache.ratis.thirdparty.io.grpc.internal.ClientCallImpl.access$300(ClientCallImpl.java:63)
	at org.apache.ratis.thirdparty.io.grpc.internal.ClientCallImpl$ClientStreamListenerImpl.close(ClientCallImpl.java:546)
	at org.apache.ratis.thirdparty.io.grpc.internal.ClientCallImpl$ClientStreamListenerImpl.access$600(ClientCallImpl.java:467)
	at org.apache.ratis.thirdparty.io.grpc.internal.ClientCallImpl$ClientStreamListenerImpl$1StreamClosed.runInContext(ClientCallImpl.java:584)
	at org.apache.ratis.thirdparty.io.grpc.internal.ContextRunnable.run(ContextRunnable.java:37)
	at org.apache.ratis.thirdparty.io.grpc.internal.SerializingExecutor.run(SerializingExecutor.java:123)
	at java.util.concurrent.ThreadPoolExecutor.runWorker(ThreadPoolExecutor.java:1149)
	at java.util.concurrent.ThreadPoolExecutor$Worker.run(ThreadPoolExecutor.java:624)
	at java.lang.Thread.run(Thread.java:748)

Oct 16, 2019 8:35:22 AM org.apache.ratis.thirdparty.io.grpc.internal.SerializingExecutor run
SEVERE: Exception while executing runnable org.apache.ratis.thirdparty.io.grpc.internal.ClientCallImpl$ClientStreamListenerImpl$1StreamClosed@38faa5d
java.lang.NullPointerException
	at org.apache.ratis.grpc.server.GrpcLogAppender$AppendLogResponseHandler.onError(GrpcLogAppender.java:303)
	at org.apache.ratis.thirdparty.io.grpc.stub.ClientCalls$StreamObserverToCallListenerAdapter.onClose(ClientCalls.java:434)
	at org.apache.ratis.thirdparty.io.grpc.PartialForwardingClientCallListener.onClose(PartialForwardingClientCallListener.java:39)
	at org.apache.ratis.thirdparty.io.grpc.ForwardingClientCallListener.onClose(ForwardingClientCallListener.java:23)
	at org.apache.ratis.thirdparty.io.grpc.ForwardingClientCallListener$SimpleForwardingClientCallListener.onClose(ForwardingClientCallListener.java:40)
	at org.apache.ratis.thirdparty.io.grpc.internal.CensusStatsModule$StatsClientInterceptor$1$1.onClose(CensusStatsModule.java:678)
	at org.apache.ratis.thirdparty.io.grpc.PartialForwardingClientCallListener.onClose(PartialForwardingClientCallListener.java:39)
	at org.apache.ratis.thirdparty.io.grpc.ForwardingClientCallListener.onClose(ForwardingClientCallListener.java:23)
	at org.apache.ratis.thirdparty.io.grpc.ForwardingClientCallListener$SimpleForwardingClientCallListener.onClose(ForwardingClientCallListener.java:40)
	at org.apache.ratis.thirdparty.io.grpc.internal.CensusTracingModule$TracingClientInterceptor$1$1.onClose(CensusTracingModule.java:397)
	at org.apache.ratis.thirdparty.io.grpc.internal.ClientCallImpl.closeObserver(ClientCallImpl.java:459)
	at org.apache.ratis.thirdparty.io.grpc.internal.ClientCallImpl.access$300(ClientCallImpl.java:63)
	at org.apache.ratis.thirdparty.io.grpc.internal.ClientCallImpl$ClientStreamListenerImpl.close(ClientCallImpl.java:546)
	at org.apache.ratis.thirdparty.io.grpc.internal.ClientCallImpl$ClientStreamListenerImpl.access$600(ClientCallImpl.java:467)
	at org.apache.ratis.thirdparty.io.grpc.internal.ClientCallImpl$ClientStreamListenerImpl$1StreamClosed.runInContext(ClientCallImpl.java:584)
	at org.apache.ratis.thirdparty.io.grpc.internal.ContextRunnable.run(ContextRunnable.java:37)
	at org.apache.ratis.thirdparty.io.grpc.internal.SerializingExecutor.run(SerializingExecutor.java:123)
	at java.util.concurrent.ThreadPoolExecutor.runWorker(ThreadPoolExecutor.java:1149)
	at java.util.concurrent.ThreadPoolExecutor$Worker.run(ThreadPoolExecutor.java:624)
	at java.lang.Thread.run(Thread.java:748)

]]></system-err>
  </testcase>
  <testcase name="testListStatus" classname="org.apache.hadoop.fs.ozone.TestOzoneFileSystem" time="17.069">
    <error message="Releasing lock on resource /volume95038/bucket62580 without acquiring lock&#10;	at org.apache.hadoop.ozone.lock.LockManager.getLockForReleasing(LockManager.java:220)&#10;	at org.apache.hadoop.ozone.lock.LockManager.release(LockManager.java:168)&#10;	at org.apache.hadoop.ozone.lock.LockManager.writeUnlock(LockManager.java:148)&#10;	at org.apache.hadoop.ozone.om.lock.OzoneManagerLock.unlock(OzoneManagerLock.java:364)&#10;	at org.apache.hadoop.ozone.om.lock.OzoneManagerLock.releaseWriteLock(OzoneManagerLock.java:329)&#10;	at org.apache.hadoop.ozone.om.request.key.OMKeyCommitRequest.validateAndUpdateCache(OMKeyCommitRequest.java:177)&#10;	at org.apache.hadoop.ozone.protocolPB.OzoneManagerProtocolServerSideTranslatorPB.submitRequestDirectlyToOM(OzoneManagerProtocolServerSideTranslatorPB.java:219)&#10;	at org.apache.hadoop.ozone.protocolPB.OzoneManagerProtocolServerSideTranslatorPB.processRequest(OzoneManagerProtocolServerSideTranslatorPB.java:134)&#10;	at org.apache.hadoop.hdds.server.OzoneProtocolMessageDispatcher.processRequest(OzoneProtocolMessageDispatcher.java:72)&#10;	at org.apache.hadoop.ozone.protocolPB.OzoneManagerProtocolServerSideTranslatorPB.submitRequest(OzoneManagerProtocolServerSideTranslatorPB.java:100)&#10;	at org.apache.hadoop.ozone.protocol.proto.OzoneManagerProtocolProtos$OzoneManagerService$2.callBlockingMethod(OzoneManagerProtocolProtos.java)&#10;	at org.apache.hadoop.ipc.ProtobufRpcEngine$Server$ProtoBufRpcInvoker.call(ProtobufRpcEngine.java:524)&#10;	at org.apache.hadoop.ipc.RPC$Server.call(RPC.java:1025)&#10;	at org.apache.hadoop.ipc.Server$RpcCall.run(Server.java:876)&#10;	at org.apache.hadoop.ipc.Server$RpcCall.run(Server.java:822)&#10;	at java.security.AccessController.doPrivileged(Native Method)&#10;	at javax.security.auth.Subject.doAs(Subject.java:422)&#10;	at org.apache.hadoop.security.UserGroupInformation.doAs(UserGroupInformation.java:1730)&#10;	at org.apache.hadoop.ipc.Server$Handler.run(Server.java:2682)&#10;" type="org.apache.hadoop.ipc.RemoteException(java.lang.IllegalMonitorStateException)">org.apache.hadoop.ipc.RemoteException(java.lang.IllegalMonitorStateException): Releasing lock on resource /volume95038/bucket62580 without acquiring lock
	at org.apache.hadoop.ozone.lock.LockManager.getLockForReleasing(LockManager.java:220)
	at org.apache.hadoop.ozone.lock.LockManager.release(LockManager.java:168)
	at org.apache.hadoop.ozone.lock.LockManager.writeUnlock(LockManager.java:148)
	at org.apache.hadoop.ozone.om.lock.OzoneManagerLock.unlock(OzoneManagerLock.java:364)
	at org.apache.hadoop.ozone.om.lock.OzoneManagerLock.releaseWriteLock(OzoneManagerLock.java:329)
	at org.apache.hadoop.ozone.om.request.key.OMKeyCommitRequest.validateAndUpdateCache(OMKeyCommitRequest.java:177)
	at org.apache.hadoop.ozone.protocolPB.OzoneManagerProtocolServerSideTranslatorPB.submitRequestDirectlyToOM(OzoneManagerProtocolServerSideTranslatorPB.java:219)
	at org.apache.hadoop.ozone.protocolPB.OzoneManagerProtocolServerSideTranslatorPB.processRequest(OzoneManagerProtocolServerSideTranslatorPB.java:134)
	at org.apache.hadoop.hdds.server.OzoneProtocolMessageDispatcher.processRequest(OzoneProtocolMessageDispatcher.java:72)
	at org.apache.hadoop.ozone.protocolPB.OzoneManagerProtocolServerSideTranslatorPB.submitRequest(OzoneManagerProtocolServerSideTranslatorPB.java:100)
	at org.apache.hadoop.ozone.protocol.proto.OzoneManagerProtocolProtos$OzoneManagerService$2.callBlockingMethod(OzoneManagerProtocolProtos.java)
	at org.apache.hadoop.ipc.ProtobufRpcEngine$Server$ProtoBufRpcInvoker.call(ProtobufRpcEngine.java:524)
	at org.apache.hadoop.ipc.RPC$Server.call(RPC.java:1025)
	at org.apache.hadoop.ipc.Server$RpcCall.run(Server.java:876)
	at org.apache.hadoop.ipc.Server$RpcCall.run(Server.java:822)
	at java.security.AccessController.doPrivileged(Native Method)
	at javax.security.auth.Subject.doAs(Subject.java:422)
	at org.apache.hadoop.security.UserGroupInformation.doAs(UserGroupInformation.java:1730)
	at org.apache.hadoop.ipc.Server$Handler.run(Server.java:2682)

	at org.apache.hadoop.ipc.Client.getRpcResponse(Client.java:1511)
	at org.apache.hadoop.ipc.Client.call(Client.java:1457)
	at org.apache.hadoop.ipc.Client.call(Client.java:1367)
	at org.apache.hadoop.ipc.ProtobufRpcEngine$Invoker.invoke(ProtobufRpcEngine.java:228)
	at org.apache.hadoop.ipc.ProtobufRpcEngine$Invoker.invoke(ProtobufRpcEngine.java:116)
	at com.sun.proxy.$Proxy37.submitRequest(Unknown Source)
	at sun.reflect.GeneratedMethodAccessor20.invoke(Unknown Source)
	at sun.reflect.DelegatingMethodAccessorImpl.invoke(DelegatingMethodAccessorImpl.java:43)
	at java.lang.reflect.Method.invoke(Method.java:498)
	at org.apache.hadoop.io.retry.RetryInvocationHandler.invokeMethod(RetryInvocationHandler.java:422)
	at org.apache.hadoop.io.retry.RetryInvocationHandler$Call.invokeMethod(RetryInvocationHandler.java:165)
	at org.apache.hadoop.io.retry.RetryInvocationHandler$Call.invoke(RetryInvocationHandler.java:157)
	at org.apache.hadoop.io.retry.RetryInvocationHandler$Call.invokeOnce(RetryInvocationHandler.java:95)
	at org.apache.hadoop.io.retry.RetryInvocationHandler.invoke(RetryInvocationHandler.java:359)
	at com.sun.proxy.$Proxy37.submitRequest(Unknown Source)
	at org.apache.hadoop.ozone.om.protocolPB.OzoneManagerProtocolClientSideTranslatorPB.submitRequest(OzoneManagerProtocolClientSideTranslatorPB.java:338)
	at org.apache.hadoop.ozone.om.protocolPB.OzoneManagerProtocolClientSideTranslatorPB.commitKey(OzoneManagerProtocolClientSideTranslatorPB.java:789)
	at sun.reflect.NativeMethodAccessorImpl.invoke0(Native Method)
	at sun.reflect.NativeMethodAccessorImpl.invoke(NativeMethodAccessorImpl.java:62)
	at sun.reflect.DelegatingMethodAccessorImpl.invoke(DelegatingMethodAccessorImpl.java:43)
	at java.lang.reflect.Method.invoke(Method.java:498)
	at org.apache.hadoop.hdds.tracing.TraceAllMethod.invoke(TraceAllMethod.java:66)
	at com.sun.proxy.$Proxy38.commitKey(Unknown Source)
	at org.apache.hadoop.ozone.client.io.BlockOutputStreamEntryPool.commitKey(BlockOutputStreamEntryPool.java:277)
	at org.apache.hadoop.ozone.client.io.KeyOutputStream.close(KeyOutputStream.java:474)
	at org.apache.hadoop.fs.ozone.OzoneFSOutputStream.close(OzoneFSOutputStream.java:56)
	at org.apache.hadoop.fs.FSDataOutputStream$PositionCache.close(FSDataOutputStream.java:72)
	at org.apache.hadoop.fs.FSDataOutputStream.close(FSDataOutputStream.java:101)
	at org.apache.hadoop.fs.contract.ContractTestUtils.createFile(ContractTestUtils.java:638)
	at org.apache.hadoop.fs.contract.ContractTestUtils.touch(ContractTestUtils.java:669)
	at org.apache.hadoop.fs.ozone.TestOzoneFileSystem.testListStatus(TestOzoneFileSystem.java:159)
	at sun.reflect.NativeMethodAccessorImpl.invoke0(Native Method)
	at sun.reflect.NativeMethodAccessorImpl.invoke(NativeMethodAccessorImpl.java:62)
	at sun.reflect.DelegatingMethodAccessorImpl.invoke(DelegatingMethodAccessorImpl.java:43)
	at java.lang.reflect.Method.invoke(Method.java:498)
	at org.junit.runners.model.FrameworkMethod$1.runReflectiveCall(FrameworkMethod.java:47)
	at org.junit.internal.runners.model.ReflectiveCallable.run(ReflectiveCallable.java:12)
	at org.junit.runners.model.FrameworkMethod.invokeExplosively(FrameworkMethod.java:44)
	at org.junit.internal.runners.statements.InvokeMethod.evaluate(InvokeMethod.java:17)
	at org.junit.internal.runners.statements.RunBefores.evaluate(RunBefores.java:26)
	at org.junit.internal.runners.statements.RunAfters.evaluate(RunAfters.java:27)
	at org.junit.internal.runners.statements.FailOnTimeout$StatementThread.run(FailOnTimeout.java:74)
</error>
    <system-out><![CDATA[2019-10-16 08:35:28,059 [Thread-951] WARN  server.ServerUtils (ServerUtils.java:getScmDbDir(145)) - ozone.scm.db.dirs is not configured. We recommend adding this setting. Falling back to ozone.metadata.dirs instead.
2019-10-16 08:35:28,074 [Thread-951] WARN  server.ServerUtils (ServerUtils.java:getScmDbDir(145)) - ozone.scm.db.dirs is not configured. We recommend adding this setting. Falling back to ozone.metadata.dirs instead.
2019-10-16 08:35:28,074 [Thread-951] WARN  server.ServerUtils (ServerUtils.java:getScmDbDir(145)) - ozone.scm.db.dirs is not configured. We recommend adding this setting. Falling back to ozone.metadata.dirs instead.
2019-10-16 08:35:28,075 [Thread-951] INFO  db.DBStoreBuilder (DBStoreBuilder.java:addTable(117)) - using custom profile for table: deletedBlocks
2019-10-16 08:35:28,075 [Thread-951] INFO  db.DBStoreBuilder (DBStoreBuilder.java:processTables(168)) - Using default column profile:DBProfile.DISK for Table:deletedBlocks
2019-10-16 08:35:28,075 [Thread-951] INFO  db.DBStoreBuilder (DBStoreBuilder.java:addTable(117)) - using custom profile for table: validCerts
2019-10-16 08:35:28,075 [Thread-951] INFO  db.DBStoreBuilder (DBStoreBuilder.java:processTables(168)) - Using default column profile:DBProfile.DISK for Table:validCerts
2019-10-16 08:35:28,076 [Thread-951] INFO  db.DBStoreBuilder (DBStoreBuilder.java:addTable(117)) - using custom profile for table: revokedCerts
2019-10-16 08:35:28,076 [Thread-951] INFO  db.DBStoreBuilder (DBStoreBuilder.java:processTables(168)) - Using default column profile:DBProfile.DISK for Table:revokedCerts
2019-10-16 08:35:28,076 [Thread-951] INFO  db.DBStoreBuilder (DBStoreBuilder.java:addTable(117)) - using custom profile for table: default
2019-10-16 08:35:28,076 [Thread-951] INFO  db.DBStoreBuilder (DBStoreBuilder.java:processTables(174)) - Using default column profile:DBProfile.DISK for Table:default
2019-10-16 08:35:28,076 [Thread-951] INFO  db.DBStoreBuilder (DBStoreBuilder.java:getDbProfile(205)) - Using default options. DBProfile.DISK
2019-10-16 08:35:28,285 [Thread-951] INFO  net.NodeSchemaLoader (NodeSchemaLoader.java:loadSchemaFromFile(125)) - Loading file from sun.misc.CompoundEnumeration@1c553ba4
2019-10-16 08:35:28,285 [Thread-951] INFO  net.NodeSchemaLoader (NodeSchemaLoader.java:loadSchema(171)) - Loading network topology layer schema file
2019-10-16 08:35:28,291 [Thread-951] WARN  server.ServerUtils (ServerUtils.java:sanitizeUserArgs(70)) - ozone.scm.stale.node.interval value = 300000 is larger than max = 100000 based on the key value of ozone.scm.heartbeat.thread.interval, reset to the max value 100000.
2019-10-16 08:35:28,291 [Thread-951] WARN  server.ServerUtils (ServerUtils.java:sanitizeUserArgs(70)) - ozone.scm.stale.node.interval value = 300000 is larger than max = 100000 based on the key value of ozone.scm.heartbeat.thread.interval, reset to the max value 100000.
2019-10-16 08:35:28,291 [Thread-951] INFO  node.SCMNodeManager (SCMNodeManager.java:<init>(116)) - Entering startup safe mode.
2019-10-16 08:35:28,292 [Thread-951] INFO  algorithms.ContainerPlacementPolicyFactory (ContainerPlacementPolicyFactory.java:getPolicy(57)) - Create container placement policy of type org.apache.hadoop.hdds.scm.container.placement.algorithms.SCMContainerPlacementRandom
2019-10-16 08:35:28,293 [Thread-951] WARN  server.ServerUtils (ServerUtils.java:getScmDbDir(145)) - ozone.scm.db.dirs is not configured. We recommend adding this setting. Falling back to ozone.metadata.dirs instead.
2019-10-16 08:35:28,379 [Thread-951] INFO  pipeline.SCMPipelineManager (SCMPipelineManager.java:initializePipelineState(132)) - No pipeline exists in current db
2019-10-16 08:35:28,379 [Thread-951] WARN  server.ServerUtils (ServerUtils.java:getScmDbDir(145)) - ozone.scm.db.dirs is not configured. We recommend adding this setting. Falling back to ozone.metadata.dirs instead.
2019-10-16 08:35:28,474 [Thread-951] WARN  events.EventQueue (EventQueue.java:fireEvent(183)) - No event handler registered for event TypedEvent{payloadType=SafeModeStatus, name='SafeModeStatus'}
2019-10-16 08:35:28,475 [Thread-951] INFO  ipc.CallQueueManager (CallQueueManager.java:<init>(84)) - Using callQueue: class java.util.concurrent.LinkedBlockingQueue, queueCapacity: 2000, scheduler: class org.apache.hadoop.ipc.DefaultRpcScheduler, ipcBackoff: false.
2019-10-16 08:35:28,477 [Socket Reader #1 for port 36795] INFO  ipc.Server (Server.java:run(1074)) - Starting Socket Reader #1 for port 36795
2019-10-16 08:35:28,480 [Thread-951] INFO  ipc.CallQueueManager (CallQueueManager.java:<init>(84)) - Using callQueue: class java.util.concurrent.LinkedBlockingQueue, queueCapacity: 2000, scheduler: class org.apache.hadoop.ipc.DefaultRpcScheduler, ipcBackoff: false.
2019-10-16 08:35:28,481 [Socket Reader #1 for port 34459] INFO  ipc.Server (Server.java:run(1074)) - Starting Socket Reader #1 for port 34459
2019-10-16 08:35:28,483 [Thread-951] INFO  ipc.CallQueueManager (CallQueueManager.java:<init>(84)) - Using callQueue: class java.util.concurrent.LinkedBlockingQueue, queueCapacity: 2000, scheduler: class org.apache.hadoop.ipc.DefaultRpcScheduler, ipcBackoff: false.
2019-10-16 08:35:28,484 [Socket Reader #1 for port 34958] INFO  ipc.Server (Server.java:run(1074)) - Starting Socket Reader #1 for port 34958
2019-10-16 08:35:28,488 [Thread-951] INFO  hdfs.DFSUtil (DFSUtil.java:httpServerTemplateForNNAndJN(1641)) - Starting Web-server for scm at: http://0.0.0.0:0
2019-10-16 08:35:28,492 [Thread-951] INFO  server.AuthenticationFilter (AuthenticationFilter.java:constructSecretProvider(240)) - Unable to initialize FileSignerSecretProvider, falling back to use random secrets.
2019-10-16 08:35:28,493 [Thread-951] WARN  http.HttpRequestLog (HttpRequestLog.java:getRequestLog(97)) - Jetty request log can only be enabled using Log4j
2019-10-16 08:35:28,496 [Thread-951] INFO  http.HttpServer2 (HttpServer2.java:addGlobalFilter(975)) - Added global filter 'safety' (class=org.apache.hadoop.http.HttpServer2$QuotingInputFilter)
2019-10-16 08:35:28,497 [Thread-951] INFO  http.HttpServer2 (HttpServer2.java:addFilter(948)) - Added filter static_user_filter (class=org.apache.hadoop.http.lib.StaticUserWebFilter$StaticUserFilter) to context scm
2019-10-16 08:35:28,497 [Thread-951] INFO  http.HttpServer2 (HttpServer2.java:addFilter(958)) - Added filter static_user_filter (class=org.apache.hadoop.http.lib.StaticUserWebFilter$StaticUserFilter) to context logs
2019-10-16 08:35:28,498 [Thread-951] INFO  http.HttpServer2 (HttpServer2.java:addFilter(958)) - Added filter static_user_filter (class=org.apache.hadoop.http.lib.StaticUserWebFilter$StaticUserFilter) to context static
2019-10-16 08:35:28,501 [Thread-951] INFO  server.StorageContainerManager (StorageContainerManager.java:start(772)) - StorageContainerLocationProtocol RPC server is listening at /0.0.0.0:34958
2019-10-16 08:35:28,504 [Thread-951] WARN  impl.MetricsConfig (MetricsConfig.java:loadFirst(134)) - Cannot locate configuration: tried hadoop-metrics2-storagecontainermanager.properties,hadoop-metrics2.properties
2019-10-16 08:35:28,507 [Thread-951] INFO  impl.MetricsSystemImpl (MetricsSystemImpl.java:startTimer(374)) - Scheduled Metric snapshot period at 10 second(s).
2019-10-16 08:35:28,508 [Thread-951] INFO  impl.MetricsSystemImpl (MetricsSystemImpl.java:start(191)) - StorageContainerManager metrics system started
2019-10-16 08:35:28,548 [Thread-951] INFO  lib.Interns (Interns.java:removeEldestEntry(50)) - Metrics intern cache overflow at 2011 for MetricsSystem={MetricsSystem=MetricsInfoImpl{name=MetricsSystem, description=MetricsSystem}, MetricsSystem record=MetricsInfoImpl{name=MetricsSystem, description=MetricsSystem record}}
2019-10-16 08:35:28,603 [Thread-951] WARN  impl.MetricsSystemImpl (MetricsSystemImpl.java:register(276)) - Sink prometheus already exists!
2019-10-16 08:35:28,609 [Thread-951] INFO  server.SCMClientProtocolServer (SCMClientProtocolServer.java:start(159)) - RPC server for Client  is listening at /0.0.0.0:34958
2019-10-16 08:35:28,610 [IPC Server Responder] INFO  ipc.Server (Server.java:run(1314)) - IPC Server Responder: starting
2019-10-16 08:35:28,610 [IPC Server listener on 34958] INFO  ipc.Server (Server.java:run(1153)) - IPC Server listener on 34958: starting
2019-10-16 08:35:28,614 [Thread-951] INFO  server.StorageContainerManager (StorageContainerManager.java:start(782)) - ScmBlockLocationProtocol RPC server is listening at /0.0.0.0:34459
2019-10-16 08:35:28,615 [Thread-951] INFO  server.SCMBlockProtocolServer (SCMBlockProtocolServer.java:start(146)) - RPC server for Block Protocol is listening at /0.0.0.0:34459
2019-10-16 08:35:28,615 [IPC Server Responder] INFO  ipc.Server (Server.java:run(1314)) - IPC Server Responder: starting
2019-10-16 08:35:28,615 [IPC Server listener on 34459] INFO  ipc.Server (Server.java:run(1153)) - IPC Server listener on 34459: starting
2019-10-16 08:35:28,619 [Thread-951] INFO  server.StorageContainerManager (StorageContainerManager.java:start(786)) - ScmDatanodeProtocl RPC server is listening at /0.0.0.0:36795
2019-10-16 08:35:28,619 [Thread-951] INFO  server.SCMDatanodeProtocolServer (SCMDatanodeProtocolServer.java:start(169)) - RPC server for DataNodes is listening at /0.0.0.0:36795
2019-10-16 08:35:28,620 [IPC Server Responder] INFO  ipc.Server (Server.java:run(1314)) - IPC Server Responder: starting
2019-10-16 08:35:28,620 [IPC Server listener on 36795] INFO  ipc.Server (Server.java:run(1153)) - IPC Server listener on 36795: starting
2019-10-16 08:35:28,624 [Thread-951] INFO  http.HttpServer2 (HttpServer2.java:bindListener(1191)) - Jetty bound to port 37829
2019-10-16 08:35:28,624 [Thread-951] INFO  server.Server (Server.java:doStart(351)) - jetty-9.3.25.v20180904, build timestamp: 2018-09-04T21:11:46Z, git hash: 3ce520221d0240229c862b122d2b06c12a625732
2019-10-16 08:35:28,627 [Thread-951] INFO  handler.ContextHandler (ContextHandler.java:doStart(781)) - Started o.e.j.s.ServletContextHandler@3686b925{/logs,file:///workdir/hadoop-ozone/ozonefs/target/log,AVAILABLE}
2019-10-16 08:35:28,628 [Thread-951] INFO  handler.ContextHandler (ContextHandler.java:doStart(781)) - Started o.e.j.s.ServletContextHandler@360baa9c{/static,jar:file:/home/user/.m2/repository/org/apache/hadoop/hadoop-hdds-server-scm/0.5.0-SNAPSHOT/hadoop-hdds-server-scm-0.5.0-SNAPSHOT.jar!/webapps/static,AVAILABLE}
2019-10-16 08:35:28,675 [Thread-951] INFO  handler.ContextHandler (ContextHandler.java:doStart(781)) - Started o.e.j.w.WebAppContext@32efc601{/,file:///tmp/jetty-0.0.0.0-37829-scm-_-any-2773361576953330279.dir/webapp/,AVAILABLE}{/scm}
2019-10-16 08:35:28,675 [Thread-951] INFO  server.AbstractConnector (AbstractConnector.java:doStart(278)) - Started ServerConnector@504c2d1e{HTTP/1.1,[http/1.1]}{0.0.0.0:37829}
2019-10-16 08:35:28,676 [Thread-951] INFO  server.Server (Server.java:doStart(419)) - Started @57418ms
2019-10-16 08:35:28,676 [Thread-951] WARN  impl.MetricsSystemImpl (MetricsSystemImpl.java:register(276)) - Sink prometheus already exists!
2019-10-16 08:35:28,677 [Thread-951] INFO  server.BaseHttpServer (BaseHttpServer.java:updateConnectorAddress(215)) - HTTP server of SCM is listening at http://0.0.0.0:37829
2019-10-16 08:35:28,678 [Thread-951] WARN  server.ServerUtils (ServerUtils.java:getDBPath(222)) - ozone.om.db.dirs is not configured. We recommend adding this setting. Falling back to ozone.metadata.dirs instead.
2019-10-16 08:35:28,679 [org.apache.hadoop.util.JvmPauseMonitor$Monitor@272b81c9] INFO  util.JvmPauseMonitor (JvmPauseMonitor.java:run(188)) - Starting JVM pause monitor
2019-10-16 08:35:28,697 [Thread-951] INFO  ha.OMHANodeDetails (OMHANodeDetails.java:loadOMHAConfig(190)) - Configuration either no ozone.om.address set. Falling back to the default OM address /127.0.0.1:0
2019-10-16 08:35:28,697 [Thread-951] INFO  ha.OMHANodeDetails (OMHANodeDetails.java:getOMNodeDetails(220)) - OM Service ID is not set. Setting it to the default ID: omServiceIdDefault
2019-10-16 08:35:28,697 [Thread-951] WARN  server.ServerUtils (ServerUtils.java:getDBPath(222)) - ozone.om.db.dirs is not configured. We recommend adding this setting. Falling back to ozone.metadata.dirs instead.
2019-10-16 08:35:28,698 [Thread-951] WARN  server.ServerUtils (ServerUtils.java:getDBPath(222)) - ozone.om.db.dirs is not configured. We recommend adding this setting. Falling back to ozone.metadata.dirs instead.
2019-10-16 08:35:28,705 [Thread-951] WARN  server.ServerUtils (ServerUtils.java:getDBPath(222)) - ozone.om.db.dirs is not configured. We recommend adding this setting. Falling back to ozone.metadata.dirs instead.
2019-10-16 08:35:28,705 [Thread-951] INFO  db.DBStoreBuilder (DBStoreBuilder.java:addTable(117)) - using custom profile for table: userTable
2019-10-16 08:35:28,706 [Thread-951] INFO  db.DBStoreBuilder (DBStoreBuilder.java:processTables(168)) - Using default column profile:DBProfile.DISK for Table:userTable
2019-10-16 08:35:28,706 [Thread-951] INFO  db.DBStoreBuilder (DBStoreBuilder.java:addTable(117)) - using custom profile for table: volumeTable
2019-10-16 08:35:28,706 [Thread-951] INFO  db.DBStoreBuilder (DBStoreBuilder.java:processTables(168)) - Using default column profile:DBProfile.DISK for Table:volumeTable
2019-10-16 08:35:28,706 [Thread-951] INFO  db.DBStoreBuilder (DBStoreBuilder.java:addTable(117)) - using custom profile for table: bucketTable
2019-10-16 08:35:28,706 [Thread-951] INFO  db.DBStoreBuilder (DBStoreBuilder.java:processTables(168)) - Using default column profile:DBProfile.DISK for Table:bucketTable
2019-10-16 08:35:28,707 [Thread-951] INFO  db.DBStoreBuilder (DBStoreBuilder.java:addTable(117)) - using custom profile for table: keyTable
2019-10-16 08:35:28,707 [Thread-951] INFO  db.DBStoreBuilder (DBStoreBuilder.java:processTables(168)) - Using default column profile:DBProfile.DISK for Table:keyTable
2019-10-16 08:35:28,707 [Thread-951] INFO  db.DBStoreBuilder (DBStoreBuilder.java:addTable(117)) - using custom profile for table: deletedTable
2019-10-16 08:35:28,707 [Thread-951] INFO  db.DBStoreBuilder (DBStoreBuilder.java:processTables(168)) - Using default column profile:DBProfile.DISK for Table:deletedTable
2019-10-16 08:35:28,707 [Thread-951] INFO  db.DBStoreBuilder (DBStoreBuilder.java:addTable(117)) - using custom profile for table: openKeyTable
2019-10-16 08:35:28,707 [Thread-951] INFO  db.DBStoreBuilder (DBStoreBuilder.java:processTables(168)) - Using default column profile:DBProfile.DISK for Table:openKeyTable
2019-10-16 08:35:28,708 [Thread-951] INFO  db.DBStoreBuilder (DBStoreBuilder.java:addTable(117)) - using custom profile for table: s3Table
2019-10-16 08:35:28,708 [Thread-951] INFO  db.DBStoreBuilder (DBStoreBuilder.java:processTables(168)) - Using default column profile:DBProfile.DISK for Table:s3Table
2019-10-16 08:35:28,708 [Thread-951] INFO  db.DBStoreBuilder (DBStoreBuilder.java:addTable(117)) - using custom profile for table: multipartInfoTable
2019-10-16 08:35:28,708 [Thread-951] INFO  db.DBStoreBuilder (DBStoreBuilder.java:processTables(168)) - Using default column profile:DBProfile.DISK for Table:multipartInfoTable
2019-10-16 08:35:28,708 [Thread-951] INFO  db.DBStoreBuilder (DBStoreBuilder.java:addTable(117)) - using custom profile for table: dTokenTable
2019-10-16 08:35:28,709 [Thread-951] INFO  db.DBStoreBuilder (DBStoreBuilder.java:processTables(168)) - Using default column profile:DBProfile.DISK for Table:dTokenTable
2019-10-16 08:35:28,709 [Thread-951] INFO  db.DBStoreBuilder (DBStoreBuilder.java:addTable(117)) - using custom profile for table: s3SecretTable
2019-10-16 08:35:28,709 [Thread-951] INFO  db.DBStoreBuilder (DBStoreBuilder.java:processTables(168)) - Using default column profile:DBProfile.DISK for Table:s3SecretTable
2019-10-16 08:35:28,709 [Thread-951] INFO  db.DBStoreBuilder (DBStoreBuilder.java:addTable(117)) - using custom profile for table: prefixTable
2019-10-16 08:35:28,709 [Thread-951] INFO  db.DBStoreBuilder (DBStoreBuilder.java:processTables(168)) - Using default column profile:DBProfile.DISK for Table:prefixTable
2019-10-16 08:35:28,709 [Thread-951] INFO  db.DBStoreBuilder (DBStoreBuilder.java:addTable(117)) - using custom profile for table: default
2019-10-16 08:35:28,710 [Thread-951] INFO  db.DBStoreBuilder (DBStoreBuilder.java:processTables(174)) - Using default column profile:DBProfile.DISK for Table:default
2019-10-16 08:35:28,710 [Thread-951] INFO  db.DBStoreBuilder (DBStoreBuilder.java:getDbProfile(205)) - Using default options. DBProfile.DISK
2019-10-16 08:35:29,284 [Thread-951] INFO  ipc.CallQueueManager (CallQueueManager.java:<init>(84)) - Using callQueue: class java.util.concurrent.LinkedBlockingQueue, queueCapacity: 2000, scheduler: class org.apache.hadoop.ipc.DefaultRpcScheduler, ipcBackoff: false.
2019-10-16 08:35:29,286 [Socket Reader #1 for port 40438] INFO  ipc.Server (Server.java:run(1074)) - Starting Socket Reader #1 for port 40438
2019-10-16 08:35:29,316 [Thread-951] INFO  om.OzoneManager (OzoneManager.java:start(1074)) - OzoneManager RPC server is listening at localhost/127.0.0.1:40438
2019-10-16 08:35:29,316 [Thread-951] INFO  impl.MetricsSystemImpl (MetricsSystemImpl.java:init(158)) - OzoneManager metrics system started (again)
2019-10-16 08:35:29,317 [IPC Server Responder] INFO  ipc.Server (Server.java:run(1314)) - IPC Server Responder: starting
2019-10-16 08:35:29,317 [IPC Server listener on 40438] INFO  ipc.Server (Server.java:run(1153)) - IPC Server listener on 40438: starting
2019-10-16 08:35:29,324 [Thread-951] INFO  hdfs.DFSUtil (DFSUtil.java:httpServerTemplateForNNAndJN(1641)) - Starting Web-server for ozoneManager at: http://0.0.0.0:0
2019-10-16 08:35:29,327 [Thread-951] INFO  server.AuthenticationFilter (AuthenticationFilter.java:constructSecretProvider(240)) - Unable to initialize FileSignerSecretProvider, falling back to use random secrets.
2019-10-16 08:35:29,328 [Thread-951] WARN  http.HttpRequestLog (HttpRequestLog.java:getRequestLog(97)) - Jetty request log can only be enabled using Log4j
2019-10-16 08:35:29,331 [Thread-951] INFO  http.HttpServer2 (HttpServer2.java:addGlobalFilter(975)) - Added global filter 'safety' (class=org.apache.hadoop.http.HttpServer2$QuotingInputFilter)
2019-10-16 08:35:29,332 [Thread-951] INFO  http.HttpServer2 (HttpServer2.java:addFilter(948)) - Added filter static_user_filter (class=org.apache.hadoop.http.lib.StaticUserWebFilter$StaticUserFilter) to context ozoneManager
2019-10-16 08:35:29,332 [Thread-951] INFO  http.HttpServer2 (HttpServer2.java:addFilter(958)) - Added filter static_user_filter (class=org.apache.hadoop.http.lib.StaticUserWebFilter$StaticUserFilter) to context logs
2019-10-16 08:35:29,332 [Thread-951] INFO  http.HttpServer2 (HttpServer2.java:addFilter(958)) - Added filter static_user_filter (class=org.apache.hadoop.http.lib.StaticUserWebFilter$StaticUserFilter) to context static
2019-10-16 08:35:29,334 [Thread-951] INFO  http.HttpServer2 (HttpServer2.java:bindListener(1191)) - Jetty bound to port 39148
2019-10-16 08:35:29,334 [Thread-951] INFO  server.Server (Server.java:doStart(351)) - jetty-9.3.25.v20180904, build timestamp: 2018-09-04T21:11:46Z, git hash: 3ce520221d0240229c862b122d2b06c12a625732
2019-10-16 08:35:29,336 [Thread-951] INFO  handler.ContextHandler (ContextHandler.java:doStart(781)) - Started o.e.j.s.ServletContextHandler@3a8c0559{/logs,file:///workdir/hadoop-ozone/ozonefs/target/log,AVAILABLE}
2019-10-16 08:35:29,337 [Thread-951] INFO  handler.ContextHandler (ContextHandler.java:doStart(781)) - Started o.e.j.s.ServletContextHandler@4c583092{/static,jar:file:/home/user/.m2/repository/org/apache/hadoop/hadoop-ozone-ozone-manager/0.5.0-SNAPSHOT/hadoop-ozone-ozone-manager-0.5.0-SNAPSHOT.jar!/webapps/static,AVAILABLE}
2019-10-16 08:35:29,403 [Thread-951] INFO  handler.ContextHandler (ContextHandler.java:doStart(781)) - Started o.e.j.w.WebAppContext@20b5619e{/,file:///tmp/jetty-0.0.0.0-39148-ozoneManager-_-any-6997462245013806803.dir/webapp/,AVAILABLE}{/ozoneManager}
2019-10-16 08:35:29,403 [Thread-951] INFO  server.AbstractConnector (AbstractConnector.java:doStart(278)) - Started ServerConnector@73988bd1{HTTP/1.1,[http/1.1]}{0.0.0.0:39148}
2019-10-16 08:35:29,404 [Thread-951] INFO  server.Server (Server.java:doStart(419)) - Started @58146ms
2019-10-16 08:35:29,404 [Thread-951] WARN  impl.MetricsSystemImpl (MetricsSystemImpl.java:register(276)) - Sink prometheus already exists!
2019-10-16 08:35:29,405 [Thread-951] INFO  server.BaseHttpServer (BaseHttpServer.java:updateConnectorAddress(215)) - HTTP server of OZONEMANAGER is listening at http://0.0.0.0:39148
2019-10-16 08:35:29,414 [Thread-951] INFO  impl.MetricsSystemImpl (MetricsSystemImpl.java:init(158)) - HddsDatanode metrics system started (again)
2019-10-16 08:35:29,416 [Thread-951] INFO  ozone.HddsDatanodeService (HddsDatanodeService.java:start(184)) - HddsDatanodeService host:pr-hdds-1737-dstl4-2900247166 ip:192.168.34.43
2019-10-16 08:35:29,426 [Thread-951] INFO  volume.HddsVolume (HddsVolume.java:<init>(176)) - Creating Volume: /workdir/hadoop-ozone/ozonefs/target/test-dir/MiniOzoneClusterImpl-c50f55bb-b538-4ff9-83fb-c1aaa774e5e8/datanode-0/data/containers/hdds of  storage type : DISK and capacity : 1482555576320
2019-10-16 08:35:29,426 [Thread-951] INFO  volume.VolumeSet (VolumeSet.java:initializeVolumeSet(170)) - Added Volume : /workdir/hadoop-ozone/ozonefs/target/test-dir/MiniOzoneClusterImpl-c50f55bb-b538-4ff9-83fb-c1aaa774e5e8/datanode-0/data/containers/hdds to VolumeSet
2019-10-16 08:35:29,426 [Thread-951] INFO  volume.ThrottledAsyncChecker (ThrottledAsyncChecker.java:schedule(141)) - Scheduling a check for /workdir/hadoop-ozone/ozonefs/target/test-dir/MiniOzoneClusterImpl-c50f55bb-b538-4ff9-83fb-c1aaa774e5e8/datanode-0/data/containers/hdds
2019-10-16 08:35:29,427 [Thread-951] INFO  volume.HddsVolumeChecker (HddsVolumeChecker.java:checkAllVolumes(204)) - Scheduled health check for volume /workdir/hadoop-ozone/ozonefs/target/test-dir/MiniOzoneClusterImpl-c50f55bb-b538-4ff9-83fb-c1aaa774e5e8/datanode-0/data/containers/hdds
2019-10-16 08:35:29,457 [Thread-951] INFO  impl.RaftServerProxy (ConfUtils.java:logGet(43)) - raft.rpc.type = GRPC (default)
2019-10-16 08:35:29,458 [Thread-951] INFO  grpc.GrpcFactory (GrpcFactory.java:checkPooledByteBufAllocatorUseCacheForAllThreads(45)) - PERFORMANCE WARNING: useCacheForAllThreads is true that may cause Netty to create a lot garbage objects and, as a result, trigger GC.
	It is recommended to disable useCacheForAllThreads by setting -Dorg.apache.ratis.thirdparty.io.netty.allocator.useCacheForAllThreads=false in command line.
2019-10-16 08:35:29,458 [Thread-951] INFO  grpc.GrpcConfigKeys$Server (ConfUtils.java:logGet(43)) - raft.grpc.server.port = 0 (default)
2019-10-16 08:35:29,458 [Thread-951] INFO  server.GrpcService (ConfUtils.java:logGet(43)) - raft.grpc.message.size.max = 33570816 (custom)
2019-10-16 08:35:29,458 [Thread-951] INFO  server.RaftServerConfigKeys (ConfUtils.java:logGet(43)) - raft.server.log.appender.buffer.byte-limit = 33554432 (custom)
2019-10-16 08:35:29,459 [Thread-951] INFO  server.GrpcService (ConfUtils.java:logGet(43)) - raft.grpc.flow.control.window = 1MB (=1048576) (default)
2019-10-16 08:35:29,459 [Thread-951] INFO  server.RaftServerConfigKeys (ConfUtils.java:logGet(43)) - raft.server.rpc.request.timeout = 3000ms (default)
2019-10-16 08:35:29,460 [Thread-951] INFO  server.RaftServerConfigKeys (ConfUtils.java:logGet(43)) - raft.server.storage.dir = [/workdir/hadoop-ozone/ozonefs/target/test-dir/MiniOzoneClusterImpl-c50f55bb-b538-4ff9-83fb-c1aaa774e5e8/datanode-0/data/ratis] (custom)
2019-10-16 08:35:29,462 [Thread-951] INFO  hdfs.DFSUtil (DFSUtil.java:httpServerTemplateForNNAndJN(1641)) - Starting Web-server for hddsDatanode at: http://0.0.0.0:0
2019-10-16 08:35:29,465 [Thread-951] INFO  server.AuthenticationFilter (AuthenticationFilter.java:constructSecretProvider(240)) - Unable to initialize FileSignerSecretProvider, falling back to use random secrets.
2019-10-16 08:35:29,465 [Thread-951] WARN  http.HttpRequestLog (HttpRequestLog.java:getRequestLog(97)) - Jetty request log can only be enabled using Log4j
2019-10-16 08:35:29,467 [Thread-951] INFO  http.HttpServer2 (HttpServer2.java:addGlobalFilter(975)) - Added global filter 'safety' (class=org.apache.hadoop.http.HttpServer2$QuotingInputFilter)
2019-10-16 08:35:29,468 [Thread-951] INFO  http.HttpServer2 (HttpServer2.java:addFilter(948)) - Added filter static_user_filter (class=org.apache.hadoop.http.lib.StaticUserWebFilter$StaticUserFilter) to context hddsDatanode
2019-10-16 08:35:29,468 [Thread-951] INFO  http.HttpServer2 (HttpServer2.java:addFilter(958)) - Added filter static_user_filter (class=org.apache.hadoop.http.lib.StaticUserWebFilter$StaticUserFilter) to context logs
2019-10-16 08:35:29,468 [Thread-951] INFO  http.HttpServer2 (HttpServer2.java:addFilter(958)) - Added filter static_user_filter (class=org.apache.hadoop.http.lib.StaticUserWebFilter$StaticUserFilter) to context static
2019-10-16 08:35:29,469 [Thread-951] INFO  http.HttpServer2 (HttpServer2.java:bindListener(1191)) - Jetty bound to port 35634
2019-10-16 08:35:29,469 [Thread-951] INFO  server.Server (Server.java:doStart(351)) - jetty-9.3.25.v20180904, build timestamp: 2018-09-04T21:11:46Z, git hash: 3ce520221d0240229c862b122d2b06c12a625732
2019-10-16 08:35:29,471 [Thread-951] INFO  handler.ContextHandler (ContextHandler.java:doStart(781)) - Started o.e.j.s.ServletContextHandler@281ee537{/logs,file:///workdir/hadoop-ozone/ozonefs/target/log,AVAILABLE}
2019-10-16 08:35:29,471 [Thread-951] INFO  handler.ContextHandler (ContextHandler.java:doStart(781)) - Started o.e.j.s.ServletContextHandler@1123763c{/static,jar:file:/home/user/.m2/repository/org/apache/hadoop/hadoop-hdds-container-service/0.5.0-SNAPSHOT/hadoop-hdds-container-service-0.5.0-SNAPSHOT.jar!/webapps/static,AVAILABLE}
2019-10-16 08:35:29,501 [Thread-951] INFO  handler.ContextHandler (ContextHandler.java:doStart(781)) - Started o.e.j.w.WebAppContext@b4ea196{/,file:///tmp/jetty-0.0.0.0-35634-hddsDatanode-_-any-3555637288994200636.dir/webapp/,AVAILABLE}{/hddsDatanode}
2019-10-16 08:35:29,501 [Thread-951] INFO  server.AbstractConnector (AbstractConnector.java:doStart(278)) - Started ServerConnector@29ef8441{HTTP/1.1,[http/1.1]}{0.0.0.0:35634}
2019-10-16 08:35:29,502 [Thread-951] INFO  server.Server (Server.java:doStart(419)) - Started @58244ms
2019-10-16 08:35:29,502 [Thread-951] WARN  impl.MetricsSystemImpl (MetricsSystemImpl.java:register(276)) - Sink prometheus already exists!
2019-10-16 08:35:29,503 [Thread-951] INFO  server.BaseHttpServer (BaseHttpServer.java:updateConnectorAddress(215)) - HTTP server of HDDSDATANODE is listening at http://0.0.0.0:35634
2019-10-16 08:35:29,504 [Thread-951] INFO  impl.MetricsSystemImpl (MetricsSystemImpl.java:init(158)) - HddsDatanode metrics system started (again)
2019-10-16 08:35:29,507 [org.apache.hadoop.util.JvmPauseMonitor$Monitor@16838786] INFO  util.JvmPauseMonitor (JvmPauseMonitor.java:run(188)) - Starting JVM pause monitor
2019-10-16 08:35:29,508 [Thread-951] INFO  ozone.HddsDatanodeService (HddsDatanodeService.java:start(184)) - HddsDatanodeService host:pr-hdds-1737-dstl4-2900247166 ip:192.168.34.43
2019-10-16 08:35:29,510 [Datanode State Machine Thread - 0] INFO  datanode.InitDatanodeState (InitDatanodeState.java:persistContainerDatanodeDetails(140)) - DatanodeDetails is persisted to /workdir/hadoop-ozone/ozonefs/target/test-dir/MiniOzoneClusterImpl-c50f55bb-b538-4ff9-83fb-c1aaa774e5e8/datanode-0/meta/datanode.id
2019-10-16 08:35:29,515 [Thread-951] INFO  volume.HddsVolume (HddsVolume.java:<init>(176)) - Creating Volume: /workdir/hadoop-ozone/ozonefs/target/test-dir/MiniOzoneClusterImpl-c50f55bb-b538-4ff9-83fb-c1aaa774e5e8/datanode-1/data/containers/hdds of  storage type : DISK and capacity : 1482555576320
2019-10-16 08:35:29,516 [Thread-951] INFO  volume.VolumeSet (VolumeSet.java:initializeVolumeSet(170)) - Added Volume : /workdir/hadoop-ozone/ozonefs/target/test-dir/MiniOzoneClusterImpl-c50f55bb-b538-4ff9-83fb-c1aaa774e5e8/datanode-1/data/containers/hdds to VolumeSet
2019-10-16 08:35:29,516 [Thread-951] INFO  volume.ThrottledAsyncChecker (ThrottledAsyncChecker.java:schedule(141)) - Scheduling a check for /workdir/hadoop-ozone/ozonefs/target/test-dir/MiniOzoneClusterImpl-c50f55bb-b538-4ff9-83fb-c1aaa774e5e8/datanode-1/data/containers/hdds
2019-10-16 08:35:29,516 [Thread-951] INFO  volume.HddsVolumeChecker (HddsVolumeChecker.java:checkAllVolumes(204)) - Scheduled health check for volume /workdir/hadoop-ozone/ozonefs/target/test-dir/MiniOzoneClusterImpl-c50f55bb-b538-4ff9-83fb-c1aaa774e5e8/datanode-1/data/containers/hdds
2019-10-16 08:35:29,542 [Thread-951] INFO  impl.RaftServerProxy (ConfUtils.java:logGet(43)) - raft.rpc.type = GRPC (default)
2019-10-16 08:35:29,543 [Thread-951] INFO  grpc.GrpcFactory (GrpcFactory.java:checkPooledByteBufAllocatorUseCacheForAllThreads(45)) - PERFORMANCE WARNING: useCacheForAllThreads is true that may cause Netty to create a lot garbage objects and, as a result, trigger GC.
	It is recommended to disable useCacheForAllThreads by setting -Dorg.apache.ratis.thirdparty.io.netty.allocator.useCacheForAllThreads=false in command line.
2019-10-16 08:35:29,543 [Thread-951] INFO  grpc.GrpcConfigKeys$Server (ConfUtils.java:logGet(43)) - raft.grpc.server.port = 0 (default)
2019-10-16 08:35:29,543 [Thread-951] INFO  server.GrpcService (ConfUtils.java:logGet(43)) - raft.grpc.message.size.max = 33570816 (custom)
2019-10-16 08:35:29,543 [Thread-951] INFO  server.RaftServerConfigKeys (ConfUtils.java:logGet(43)) - raft.server.log.appender.buffer.byte-limit = 33554432 (custom)
2019-10-16 08:35:29,544 [Thread-951] INFO  server.GrpcService (ConfUtils.java:logGet(43)) - raft.grpc.flow.control.window = 1MB (=1048576) (default)
2019-10-16 08:35:29,544 [Thread-951] INFO  server.RaftServerConfigKeys (ConfUtils.java:logGet(43)) - raft.server.rpc.request.timeout = 3000ms (default)
2019-10-16 08:35:29,544 [Thread-951] INFO  server.RaftServerConfigKeys (ConfUtils.java:logGet(43)) - raft.server.storage.dir = [/workdir/hadoop-ozone/ozonefs/target/test-dir/MiniOzoneClusterImpl-c50f55bb-b538-4ff9-83fb-c1aaa774e5e8/datanode-1/data/ratis] (custom)
2019-10-16 08:35:29,546 [Thread-951] INFO  hdfs.DFSUtil (DFSUtil.java:httpServerTemplateForNNAndJN(1641)) - Starting Web-server for hddsDatanode at: http://0.0.0.0:0
2019-10-16 08:35:29,548 [Thread-951] INFO  server.AuthenticationFilter (AuthenticationFilter.java:constructSecretProvider(240)) - Unable to initialize FileSignerSecretProvider, falling back to use random secrets.
2019-10-16 08:35:29,549 [Thread-951] WARN  http.HttpRequestLog (HttpRequestLog.java:getRequestLog(97)) - Jetty request log can only be enabled using Log4j
2019-10-16 08:35:29,551 [Thread-951] INFO  http.HttpServer2 (HttpServer2.java:addGlobalFilter(975)) - Added global filter 'safety' (class=org.apache.hadoop.http.HttpServer2$QuotingInputFilter)
2019-10-16 08:35:29,552 [Thread-951] INFO  http.HttpServer2 (HttpServer2.java:addFilter(948)) - Added filter static_user_filter (class=org.apache.hadoop.http.lib.StaticUserWebFilter$StaticUserFilter) to context hddsDatanode
2019-10-16 08:35:29,552 [Thread-951] INFO  http.HttpServer2 (HttpServer2.java:addFilter(958)) - Added filter static_user_filter (class=org.apache.hadoop.http.lib.StaticUserWebFilter$StaticUserFilter) to context logs
2019-10-16 08:35:29,552 [Thread-951] INFO  http.HttpServer2 (HttpServer2.java:addFilter(958)) - Added filter static_user_filter (class=org.apache.hadoop.http.lib.StaticUserWebFilter$StaticUserFilter) to context static
2019-10-16 08:35:29,553 [Thread-951] INFO  http.HttpServer2 (HttpServer2.java:bindListener(1191)) - Jetty bound to port 35547
2019-10-16 08:35:29,553 [Thread-951] INFO  server.Server (Server.java:doStart(351)) - jetty-9.3.25.v20180904, build timestamp: 2018-09-04T21:11:46Z, git hash: 3ce520221d0240229c862b122d2b06c12a625732
2019-10-16 08:35:29,555 [Thread-951] INFO  handler.ContextHandler (ContextHandler.java:doStart(781)) - Started o.e.j.s.ServletContextHandler@28880efa{/logs,file:///workdir/hadoop-ozone/ozonefs/target/log,AVAILABLE}
2019-10-16 08:35:29,555 [Thread-951] INFO  handler.ContextHandler (ContextHandler.java:doStart(781)) - Started o.e.j.s.ServletContextHandler@3e7a98df{/static,jar:file:/home/user/.m2/repository/org/apache/hadoop/hadoop-hdds-container-service/0.5.0-SNAPSHOT/hadoop-hdds-container-service-0.5.0-SNAPSHOT.jar!/webapps/static,AVAILABLE}
2019-10-16 08:35:29,591 [Thread-951] INFO  handler.ContextHandler (ContextHandler.java:doStart(781)) - Started o.e.j.w.WebAppContext@154d69d0{/,file:///tmp/jetty-0.0.0.0-35547-hddsDatanode-_-any-4190136647148417423.dir/webapp/,AVAILABLE}{/hddsDatanode}
2019-10-16 08:35:29,591 [Thread-951] INFO  server.AbstractConnector (AbstractConnector.java:doStart(278)) - Started ServerConnector@5bb9be03{HTTP/1.1,[http/1.1]}{0.0.0.0:35547}
2019-10-16 08:35:29,592 [Thread-951] INFO  server.Server (Server.java:doStart(419)) - Started @58333ms
2019-10-16 08:35:29,592 [Thread-951] WARN  impl.MetricsSystemImpl (MetricsSystemImpl.java:register(276)) - Sink prometheus already exists!
2019-10-16 08:35:29,593 [Thread-951] INFO  server.BaseHttpServer (BaseHttpServer.java:updateConnectorAddress(215)) - HTTP server of HDDSDATANODE is listening at http://0.0.0.0:35547
2019-10-16 08:35:29,594 [Thread-951] INFO  impl.MetricsSystemImpl (MetricsSystemImpl.java:init(158)) - HddsDatanode metrics system started (again)
2019-10-16 08:35:29,598 [org.apache.hadoop.util.JvmPauseMonitor$Monitor@39ecda01] INFO  util.JvmPauseMonitor (JvmPauseMonitor.java:run(188)) - Starting JVM pause monitor
2019-10-16 08:35:29,598 [Thread-951] INFO  ozone.HddsDatanodeService (HddsDatanodeService.java:start(184)) - HddsDatanodeService host:pr-hdds-1737-dstl4-2900247166 ip:192.168.34.43
2019-10-16 08:35:29,600 [Datanode State Machine Thread - 0] INFO  datanode.InitDatanodeState (InitDatanodeState.java:persistContainerDatanodeDetails(140)) - DatanodeDetails is persisted to /workdir/hadoop-ozone/ozonefs/target/test-dir/MiniOzoneClusterImpl-c50f55bb-b538-4ff9-83fb-c1aaa774e5e8/datanode-1/meta/datanode.id
2019-10-16 08:35:29,607 [Thread-951] INFO  volume.HddsVolume (HddsVolume.java:<init>(176)) - Creating Volume: /workdir/hadoop-ozone/ozonefs/target/test-dir/MiniOzoneClusterImpl-c50f55bb-b538-4ff9-83fb-c1aaa774e5e8/datanode-2/data/containers/hdds of  storage type : DISK and capacity : 1482555576320
2019-10-16 08:35:29,607 [Thread-951] INFO  volume.VolumeSet (VolumeSet.java:initializeVolumeSet(170)) - Added Volume : /workdir/hadoop-ozone/ozonefs/target/test-dir/MiniOzoneClusterImpl-c50f55bb-b538-4ff9-83fb-c1aaa774e5e8/datanode-2/data/containers/hdds to VolumeSet
2019-10-16 08:35:29,607 [Thread-951] INFO  volume.ThrottledAsyncChecker (ThrottledAsyncChecker.java:schedule(141)) - Scheduling a check for /workdir/hadoop-ozone/ozonefs/target/test-dir/MiniOzoneClusterImpl-c50f55bb-b538-4ff9-83fb-c1aaa774e5e8/datanode-2/data/containers/hdds
2019-10-16 08:35:29,608 [Thread-951] INFO  volume.HddsVolumeChecker (HddsVolumeChecker.java:checkAllVolumes(204)) - Scheduled health check for volume /workdir/hadoop-ozone/ozonefs/target/test-dir/MiniOzoneClusterImpl-c50f55bb-b538-4ff9-83fb-c1aaa774e5e8/datanode-2/data/containers/hdds
2019-10-16 08:35:29,635 [Thread-951] INFO  impl.RaftServerProxy (ConfUtils.java:logGet(43)) - raft.rpc.type = GRPC (default)
2019-10-16 08:35:29,635 [Thread-951] INFO  grpc.GrpcFactory (GrpcFactory.java:checkPooledByteBufAllocatorUseCacheForAllThreads(45)) - PERFORMANCE WARNING: useCacheForAllThreads is true that may cause Netty to create a lot garbage objects and, as a result, trigger GC.
	It is recommended to disable useCacheForAllThreads by setting -Dorg.apache.ratis.thirdparty.io.netty.allocator.useCacheForAllThreads=false in command line.
2019-10-16 08:35:29,635 [Thread-951] INFO  grpc.GrpcConfigKeys$Server (ConfUtils.java:logGet(43)) - raft.grpc.server.port = 0 (default)
2019-10-16 08:35:29,636 [Thread-951] INFO  server.GrpcService (ConfUtils.java:logGet(43)) - raft.grpc.message.size.max = 33570816 (custom)
2019-10-16 08:35:29,636 [Thread-951] INFO  server.RaftServerConfigKeys (ConfUtils.java:logGet(43)) - raft.server.log.appender.buffer.byte-limit = 33554432 (custom)
2019-10-16 08:35:29,636 [Thread-951] INFO  server.GrpcService (ConfUtils.java:logGet(43)) - raft.grpc.flow.control.window = 1MB (=1048576) (default)
2019-10-16 08:35:29,636 [Thread-951] INFO  server.RaftServerConfigKeys (ConfUtils.java:logGet(43)) - raft.server.rpc.request.timeout = 3000ms (default)
2019-10-16 08:35:29,637 [Thread-951] INFO  server.RaftServerConfigKeys (ConfUtils.java:logGet(43)) - raft.server.storage.dir = [/workdir/hadoop-ozone/ozonefs/target/test-dir/MiniOzoneClusterImpl-c50f55bb-b538-4ff9-83fb-c1aaa774e5e8/datanode-2/data/ratis] (custom)
2019-10-16 08:35:29,639 [Thread-951] INFO  hdfs.DFSUtil (DFSUtil.java:httpServerTemplateForNNAndJN(1641)) - Starting Web-server for hddsDatanode at: http://0.0.0.0:0
2019-10-16 08:35:29,641 [Thread-951] INFO  server.AuthenticationFilter (AuthenticationFilter.java:constructSecretProvider(240)) - Unable to initialize FileSignerSecretProvider, falling back to use random secrets.
2019-10-16 08:35:29,641 [Thread-951] WARN  http.HttpRequestLog (HttpRequestLog.java:getRequestLog(97)) - Jetty request log can only be enabled using Log4j
2019-10-16 08:35:29,643 [Thread-951] INFO  http.HttpServer2 (HttpServer2.java:addGlobalFilter(975)) - Added global filter 'safety' (class=org.apache.hadoop.http.HttpServer2$QuotingInputFilter)
2019-10-16 08:35:29,644 [Thread-951] INFO  http.HttpServer2 (HttpServer2.java:addFilter(948)) - Added filter static_user_filter (class=org.apache.hadoop.http.lib.StaticUserWebFilter$StaticUserFilter) to context hddsDatanode
2019-10-16 08:35:29,644 [Thread-951] INFO  http.HttpServer2 (HttpServer2.java:addFilter(958)) - Added filter static_user_filter (class=org.apache.hadoop.http.lib.StaticUserWebFilter$StaticUserFilter) to context static
2019-10-16 08:35:29,644 [Thread-951] INFO  http.HttpServer2 (HttpServer2.java:addFilter(958)) - Added filter static_user_filter (class=org.apache.hadoop.http.lib.StaticUserWebFilter$StaticUserFilter) to context logs
2019-10-16 08:35:29,645 [Thread-951] INFO  http.HttpServer2 (HttpServer2.java:bindListener(1191)) - Jetty bound to port 38405
2019-10-16 08:35:29,645 [Thread-951] INFO  server.Server (Server.java:doStart(351)) - jetty-9.3.25.v20180904, build timestamp: 2018-09-04T21:11:46Z, git hash: 3ce520221d0240229c862b122d2b06c12a625732
2019-10-16 08:35:29,648 [Thread-951] INFO  handler.ContextHandler (ContextHandler.java:doStart(781)) - Started o.e.j.s.ServletContextHandler@6ecb137e{/logs,file:///workdir/hadoop-ozone/ozonefs/target/log,AVAILABLE}
2019-10-16 08:35:29,648 [Thread-951] INFO  handler.ContextHandler (ContextHandler.java:doStart(781)) - Started o.e.j.s.ServletContextHandler@70c428b5{/static,jar:file:/home/user/.m2/repository/org/apache/hadoop/hadoop-hdds-container-service/0.5.0-SNAPSHOT/hadoop-hdds-container-service-0.5.0-SNAPSHOT.jar!/webapps/static,AVAILABLE}
2019-10-16 08:35:29,686 [Thread-951] INFO  handler.ContextHandler (ContextHandler.java:doStart(781)) - Started o.e.j.w.WebAppContext@5f1d2172{/,file:///tmp/jetty-0.0.0.0-38405-hddsDatanode-_-any-3299654194864072355.dir/webapp/,AVAILABLE}{/hddsDatanode}
2019-10-16 08:35:29,686 [Thread-951] INFO  server.AbstractConnector (AbstractConnector.java:doStart(278)) - Started ServerConnector@5f6a9ced{HTTP/1.1,[http/1.1]}{0.0.0.0:38405}
2019-10-16 08:35:29,688 [Thread-951] INFO  server.Server (Server.java:doStart(419)) - Started @58429ms
2019-10-16 08:35:29,688 [Thread-951] WARN  impl.MetricsSystemImpl (MetricsSystemImpl.java:register(276)) - Sink prometheus already exists!
2019-10-16 08:35:29,689 [Thread-951] INFO  server.BaseHttpServer (BaseHttpServer.java:updateConnectorAddress(215)) - HTTP server of HDDSDATANODE is listening at http://0.0.0.0:38405
2019-10-16 08:35:29,689 [Thread-951] INFO  ozone.MiniOzoneClusterImpl (MiniOzoneClusterImpl.java:lambda$waitForClusterToBeReady$0(147)) - Waiting for cluster to be ready. Got 0 of 3 DN Heartbeats.
2019-10-16 08:35:29,690 [org.apache.hadoop.util.JvmPauseMonitor$Monitor@527c8ece] INFO  util.JvmPauseMonitor (JvmPauseMonitor.java:run(188)) - Starting JVM pause monitor
2019-10-16 08:35:29,693 [Datanode State Machine Thread - 0] INFO  datanode.InitDatanodeState (InitDatanodeState.java:persistContainerDatanodeDetails(140)) - DatanodeDetails is persisted to /workdir/hadoop-ozone/ozonefs/target/test-dir/MiniOzoneClusterImpl-c50f55bb-b538-4ff9-83fb-c1aaa774e5e8/datanode-2/meta/datanode.id
2019-10-16 08:35:29,713 [java.util.concurrent.ThreadPoolExecutor$Worker@31e32d55[State = -1, empty queue]] WARN  server.GrpcLogAppender (GrpcLogAppender.java:timeoutAppendRequest(209)) - 0b067187-b7e7-488d-a1a7-3c5cddaad0e9@group-6A2888521C7C->bee0b7e1-adad-4029-b421-8a044761b662-GrpcLogAppender: appendEntries Timeout, request=0b067187-b7e7-488d-a1a7-3c5cddaad0e9->bee0b7e1-adad-4029-b421-8a044761b662#5-t1, previous=(t:1, i:0), leaderCommit=0, initializing? false, entries: <empty>
2019-10-16 08:35:29,720 [java.util.concurrent.ThreadPoolExecutor$Worker@370a804e[State = -1, empty queue]] WARN  server.GrpcLogAppender (GrpcLogAppender.java:timeoutAppendRequest(209)) - 0b067187-b7e7-488d-a1a7-3c5cddaad0e9@group-6A2888521C7C->bcd3650e-e4cc-4fe9-bbdd-09c259372f4e-GrpcLogAppender: appendEntries Timeout, request=0b067187-b7e7-488d-a1a7-3c5cddaad0e9->bcd3650e-e4cc-4fe9-bbdd-09c259372f4e#5-t1, previous=(t:1, i:0), leaderCommit=0, initializing? false, entries: <empty>
2019-10-16 08:35:30,689 [Thread-951] INFO  ozone.MiniOzoneClusterImpl (MiniOzoneClusterImpl.java:lambda$waitForClusterToBeReady$0(147)) - Waiting for cluster to be ready. Got 0 of 3 DN Heartbeats.
2019-10-16 08:35:31,527 [Datanode State Machine Thread - 0] INFO  ozoneimpl.OzoneContainer (OzoneContainer.java:start(213)) - Attempting to start container services.
2019-10-16 08:35:31,528 [Datanode State Machine Thread - 0] INFO  ozoneimpl.OzoneContainer (OzoneContainer.java:startContainerScrub(177)) - Background container scanner has been disabled.
2019-10-16 08:35:31,528 [Datanode State Machine Thread - 0] INFO  ratis.XceiverServerRatis (XceiverServerRatis.java:start(418)) - Starting XceiverServerRatis 0c0f4d1b-976a-4e9f-8604-d039d444aaac at port 0
2019-10-16 08:35:31,537 [Datanode State Machine Thread - 0] INFO  impl.RaftServerProxy (RaftServerProxy.java:lambda$start$3(299)) - 0c0f4d1b-976a-4e9f-8604-d039d444aaac: start RPC server
2019-10-16 08:35:31,541 [Datanode State Machine Thread - 0] INFO  server.GrpcService (GrpcService.java:startImpl(158)) - 0c0f4d1b-976a-4e9f-8604-d039d444aaac: GrpcService started, listening on 0.0.0.0/0.0.0.0:39365
2019-10-16 08:35:31,541 [Datanode State Machine Thread - 0] INFO  ratis.XceiverServerRatis (XceiverServerRatis.java:start(428)) - XceiverServerRatis 0c0f4d1b-976a-4e9f-8604-d039d444aaac is started using port 39365
2019-10-16 08:35:31,549 [Datanode State Machine Thread - 0] INFO  server.XceiverServerGrpc (XceiverServerGrpc.java:start(149)) - XceiverServerGrpc 0c0f4d1b-976a-4e9f-8604-d039d444aaac is started using port 45594
2019-10-16 08:35:31,614 [Datanode State Machine Thread - 0] INFO  ozoneimpl.OzoneContainer (OzoneContainer.java:start(213)) - Attempting to start container services.
2019-10-16 08:35:31,614 [Datanode State Machine Thread - 0] INFO  ozoneimpl.OzoneContainer (OzoneContainer.java:startContainerScrub(177)) - Background container scanner has been disabled.
2019-10-16 08:35:31,615 [Datanode State Machine Thread - 0] INFO  ratis.XceiverServerRatis (XceiverServerRatis.java:start(418)) - Starting XceiverServerRatis 7c13de15-ca41-4d07-b5b4-a8e582a829b4 at port 0
2019-10-16 08:35:31,624 [Datanode State Machine Thread - 0] INFO  impl.RaftServerProxy (RaftServerProxy.java:lambda$start$3(299)) - 7c13de15-ca41-4d07-b5b4-a8e582a829b4: start RPC server
2019-10-16 08:35:31,625 [Datanode State Machine Thread - 0] INFO  server.GrpcService (GrpcService.java:startImpl(158)) - 7c13de15-ca41-4d07-b5b4-a8e582a829b4: GrpcService started, listening on 0.0.0.0/0.0.0.0:42055
2019-10-16 08:35:31,625 [Datanode State Machine Thread - 0] INFO  ratis.XceiverServerRatis (XceiverServerRatis.java:start(428)) - XceiverServerRatis 7c13de15-ca41-4d07-b5b4-a8e582a829b4 is started using port 42055
2019-10-16 08:35:31,626 [Datanode State Machine Thread - 0] INFO  server.XceiverServerGrpc (XceiverServerGrpc.java:start(149)) - XceiverServerGrpc 7c13de15-ca41-4d07-b5b4-a8e582a829b4 is started using port 44939
2019-10-16 08:35:31,690 [Thread-951] INFO  ozone.MiniOzoneClusterImpl (MiniOzoneClusterImpl.java:lambda$waitForClusterToBeReady$0(147)) - Waiting for cluster to be ready. Got 0 of 3 DN Heartbeats.
2019-10-16 08:35:31,705 [Datanode State Machine Thread - 0] INFO  ozoneimpl.OzoneContainer (OzoneContainer.java:start(213)) - Attempting to start container services.
2019-10-16 08:35:31,706 [Datanode State Machine Thread - 0] INFO  ozoneimpl.OzoneContainer (OzoneContainer.java:startContainerScrub(177)) - Background container scanner has been disabled.
2019-10-16 08:35:31,706 [Datanode State Machine Thread - 0] INFO  ratis.XceiverServerRatis (XceiverServerRatis.java:start(418)) - Starting XceiverServerRatis 2a428d49-ceb9-4d76-8d46-b118942c371a at port 0
2019-10-16 08:35:31,715 [Datanode State Machine Thread - 0] INFO  impl.RaftServerProxy (RaftServerProxy.java:lambda$start$3(299)) - 2a428d49-ceb9-4d76-8d46-b118942c371a: start RPC server
2019-10-16 08:35:31,717 [Datanode State Machine Thread - 0] INFO  server.GrpcService (GrpcService.java:startImpl(158)) - 2a428d49-ceb9-4d76-8d46-b118942c371a: GrpcService started, listening on 0.0.0.0/0.0.0.0:46585
2019-10-16 08:35:31,717 [Datanode State Machine Thread - 0] INFO  ratis.XceiverServerRatis (XceiverServerRatis.java:start(428)) - XceiverServerRatis 2a428d49-ceb9-4d76-8d46-b118942c371a is started using port 46585
2019-10-16 08:35:31,717 [Datanode State Machine Thread - 0] INFO  server.XceiverServerGrpc (XceiverServerGrpc.java:start(149)) - XceiverServerGrpc 2a428d49-ceb9-4d76-8d46-b118942c371a is started using port 33048
2019-10-16 08:35:32,690 [Thread-951] INFO  ozone.MiniOzoneClusterImpl (MiniOzoneClusterImpl.java:lambda$waitForClusterToBeReady$0(147)) - Waiting for cluster to be ready. Got 0 of 3 DN Heartbeats.
2019-10-16 08:35:33,512 [IPC Server handler 2 on 36795] INFO  net.NetworkTopology (NetworkTopologyImpl.java:add(111)) - Added a new node: /default-rack/0c0f4d1b-976a-4e9f-8604-d039d444aaac
2019-10-16 08:35:33,513 [IPC Server handler 2 on 36795] INFO  node.SCMNodeManager (SCMNodeManager.java:register(268)) - Registered Data node : 0c0f4d1b-976a-4e9f-8604-d039d444aaac{ip: 192.168.34.43, host: pr-hdds-1737-dstl4-2900247166, networkLocation: /default-rack, certSerialId: null}
2019-10-16 08:35:33,514 [EventQueue-NodeRegistrationContainerReportForDataNodeSafeModeRule] INFO  safemode.SCMSafeModeManager (DataNodeSafeModeRule.java:process(71)) - SCM in safe mode. 1 DataNodes registered, 1 required.
2019-10-16 08:35:33,516 [EventQueue-NodeRegistrationContainerReportForDataNodeSafeModeRule] INFO  safemode.SCMSafeModeManager (SCMSafeModeManager.java:validateSafeModeExitRules(177)) - ScmSafeModeManager, all rules are successfully validated
2019-10-16 08:35:33,516 [EventQueue-NodeRegistrationContainerReportForDataNodeSafeModeRule] INFO  safemode.SCMSafeModeManager (SCMSafeModeManager.java:exitSafeMode(193)) - SCM exiting safe mode.
2019-10-16 08:35:33,531 [grpc-default-executor-0] INFO  impl.RaftServerProxy (RaftServerProxy.java:addNew(89)) - 0c0f4d1b-976a-4e9f-8604-d039d444aaac: addNew group-3324C265B413:[0c0f4d1b-976a-4e9f-8604-d039d444aaac:192.168.34.43:39365] returns group-3324C265B413:java.util.concurrent.CompletableFuture@33a5aa59[Not completed]
2019-10-16 08:35:33,533 [pool-177-thread-1] INFO  impl.RaftServerImpl (RaftServerImpl.java:<init>(104)) - 0c0f4d1b-976a-4e9f-8604-d039d444aaac: new RaftServerImpl for group-3324C265B413:[0c0f4d1b-976a-4e9f-8604-d039d444aaac:192.168.34.43:39365] with ContainerStateMachine:uninitialized
2019-10-16 08:35:33,533 [pool-177-thread-1] INFO  server.RaftServerConfigKeys (ConfUtils.java:logGet(43)) - raft.server.rpc.timeout.min = 5s (custom)
2019-10-16 08:35:33,533 [pool-177-thread-1] INFO  server.RaftServerConfigKeys (ConfUtils.java:logGet(43)) - raft.server.rpc.timeout.max = 5200ms (custom)
2019-10-16 08:35:33,533 [pool-177-thread-1] INFO  server.RaftServerConfigKeys (ConfUtils.java:logGet(43)) - raft.server.rpcslowness.timeout = 120s (custom)
2019-10-16 08:35:33,533 [pool-177-thread-1] INFO  server.RaftServerConfigKeys (ConfUtils.java:logGet(43)) - raft.server.sleep.deviation.threshold = 300 (default)
2019-10-16 08:35:33,533 [pool-177-thread-1] INFO  server.RaftServerConfigKeys (ConfUtils.java:logGet(43)) - raft.server.log.appender.install.snapshot.enabled = false (custom)
2019-10-16 08:35:33,534 [pool-177-thread-1] INFO  impl.RaftServerImpl (ServerState.java:<init>(103)) - 0c0f4d1b-976a-4e9f-8604-d039d444aaac@group-3324C265B413: ConfigurationManager, init=-1: [0c0f4d1b-976a-4e9f-8604-d039d444aaac:192.168.34.43:39365], old=null, confs=<EMPTY_MAP>
2019-10-16 08:35:33,534 [pool-177-thread-1] INFO  server.RaftServerConfigKeys (ConfUtils.java:logGet(43)) - raft.server.storage.dir = [/workdir/hadoop-ozone/ozonefs/target/test-dir/MiniOzoneClusterImpl-c50f55bb-b538-4ff9-83fb-c1aaa774e5e8/datanode-0/data/ratis] (custom)
2019-10-16 08:35:33,534 [pool-177-thread-1] INFO  server.RaftServerConfigKeys (ConfUtils.java:logGet(43)) - raft.server.log.corruption.policy = EXCEPTION (default)
2019-10-16 08:35:33,534 [pool-177-thread-1] INFO  storage.RaftStorageDirectory (RaftStorageDirectory.java:analyzeStorage(246)) - The storage directory /workdir/hadoop-ozone/ozonefs/target/test-dir/MiniOzoneClusterImpl-c50f55bb-b538-4ff9-83fb-c1aaa774e5e8/datanode-0/data/ratis/af5c9144-d175-4c16-a085-3324c265b413 does not exist. Creating ...
2019-10-16 08:35:33,547 [pool-177-thread-1] INFO  storage.RaftStorageDirectory (RaftStorageDirectory.java:tryLock(328)) - Lock on /workdir/hadoop-ozone/ozonefs/target/test-dir/MiniOzoneClusterImpl-c50f55bb-b538-4ff9-83fb-c1aaa774e5e8/datanode-0/data/ratis/af5c9144-d175-4c16-a085-3324c265b413/in_use.lock acquired by nodename 18686@pr-hdds-1737-dstl4-2900247166
2019-10-16 08:35:33,556 [pool-177-thread-1] INFO  storage.RaftStorage (RaftStorage.java:format(84)) - Storage directory /workdir/hadoop-ozone/ozonefs/target/test-dir/MiniOzoneClusterImpl-c50f55bb-b538-4ff9-83fb-c1aaa774e5e8/datanode-0/data/ratis/af5c9144-d175-4c16-a085-3324c265b413 has been successfully formatted.
2019-10-16 08:35:33,557 [pool-177-thread-1] INFO  ratis.ContainerStateMachine (ContainerStateMachine.java:loadSnapshot(231)) - group-3324C265B413: The snapshot info is null. Setting the last applied indexto:(t:0, i:~)
2019-10-16 08:35:33,557 [pool-177-thread-1] INFO  server.RaftServerConfigKeys (ConfUtils.java:logGet(43)) - raft.server.notification.no-leader.timeout = 120s (custom)
2019-10-16 08:35:33,557 [pool-177-thread-1] INFO  server.RaftServerConfigKeys (ConfUtils.java:logGet(43)) - raft.server.log.use.memory = false (default)
2019-10-16 08:35:33,557 [pool-177-thread-1] INFO  server.RaftServerConfigKeys (ConfUtils.java:logGet(43)) - raft.server.log.purge.gap = 1000000 (custom)
2019-10-16 08:35:33,558 [pool-177-thread-1] INFO  server.RaftServerConfigKeys (ConfUtils.java:logGet(43)) - raft.server.log.appender.buffer.byte-limit = 33554432 (custom)
2019-10-16 08:35:33,558 [pool-177-thread-1] INFO  server.RaftServerConfigKeys (ConfUtils.java:logGet(43)) - raft.server.log.segment.size.max = 1048576 (custom)
2019-10-16 08:35:33,560 [pool-177-thread-1] INFO  server.RaftServerConfigKeys (ConfUtils.java:logGet(43)) - raft.server.log.segment.cache.num.max = 2 (custom)
2019-10-16 08:35:33,561 [pool-177-thread-1] INFO  segmented.SegmentedRaftLogWorker (SegmentedRaftLogWorker.java:<init>(173)) - new 0c0f4d1b-976a-4e9f-8604-d039d444aaac@group-3324C265B413-SegmentedRaftLogWorker for RaftStorage:Storage Directory /workdir/hadoop-ozone/ozonefs/target/test-dir/MiniOzoneClusterImpl-c50f55bb-b538-4ff9-83fb-c1aaa774e5e8/datanode-0/data/ratis/af5c9144-d175-4c16-a085-3324c265b413
2019-10-16 08:35:33,561 [pool-177-thread-1] INFO  server.RaftServerConfigKeys (ConfUtils.java:logGet(43)) - raft.server.log.queue.byte-limit = 2147483647 (custom)
2019-10-16 08:35:33,561 [pool-177-thread-1] INFO  server.RaftServerConfigKeys (ConfUtils.java:logGet(43)) - raft.server.log.queue.element-limit = 1024 (custom)
2019-10-16 08:35:33,561 [pool-177-thread-1] INFO  server.RaftServerConfigKeys (ConfUtils.java:logGet(43)) - raft.server.log.segment.size.max = 1048576 (custom)
2019-10-16 08:35:33,561 [pool-177-thread-1] INFO  server.RaftServerConfigKeys (ConfUtils.java:logGet(43)) - raft.server.log.preallocated.size = 16384 (custom)
2019-10-16 08:35:33,561 [pool-177-thread-1] INFO  server.RaftServerConfigKeys (ConfUtils.java:logGet(43)) - raft.server.log.write.buffer.size = 33554432 (custom)
2019-10-16 08:35:33,561 [pool-177-thread-1] INFO  server.RaftServerConfigKeys (ConfUtils.java:logGet(43)) - raft.server.log.force.sync.num = 128 (default)
2019-10-16 08:35:33,562 [pool-177-thread-1] INFO  server.RaftServerConfigKeys (ConfUtils.java:logGet(43)) - raft.server.log.statemachine.data.sync = true (default)
2019-10-16 08:35:33,562 [pool-177-thread-1] INFO  server.RaftServerConfigKeys (ConfUtils.java:logGet(43)) - raft.server.log.statemachine.data.sync.timeout = 10s (default)
2019-10-16 08:35:33,562 [pool-177-thread-1] INFO  server.RaftServerConfigKeys (ConfUtils.java:logGet(43)) - raft.server.log.statemachine.data.sync.timeout.retry = -1 (default)
2019-10-16 08:35:33,563 [pool-177-thread-1] INFO  server.RaftServerConfigKeys (ConfUtils.java:logGet(43)) - raft.server.log.statemachine.data.caching.enabled = true (custom)
2019-10-16 08:35:33,563 [pool-177-thread-1] INFO  segmented.SegmentedRaftLogWorker (SegmentedRaftLogWorker.java:lambda$new$0(128)) - 0c0f4d1b-976a-4e9f-8604-d039d444aaac@group-3324C265B413-SegmentedRaftLogWorker: flushIndex: setUnconditionally 0 -> -1
2019-10-16 08:35:33,564 [pool-177-thread-1] INFO  server.RaftServerConfigKeys (ConfUtils.java:logGet(43)) - raft.server.snapshot.auto.trigger.enabled = true (custom)
2019-10-16 08:35:33,564 [pool-177-thread-1] INFO  server.RaftServerConfigKeys (ConfUtils.java:logGet(43)) - raft.server.snapshot.auto.trigger.threshold = 10000 (custom)
2019-10-16 08:35:33,564 [pool-177-thread-1] INFO  server.RaftServerConfigKeys (ConfUtils.java:logGet(43)) - raft.server.snapshot.retention.file.num = 5 (custom)
2019-10-16 08:35:33,564 [pool-177-thread-1] INFO  server.RaftServerConfigKeys (ConfUtils.java:logGet(43)) - raft.server.retrycache.expirytime = 600000ms (custom)
2019-10-16 08:35:33,569 [pool-177-thread-1] INFO  impl.RaftServerImpl (RaftServerImpl.java:start(195)) - 0c0f4d1b-976a-4e9f-8604-d039d444aaac@group-3324C265B413: start as a follower, conf=-1: [0c0f4d1b-976a-4e9f-8604-d039d444aaac:192.168.34.43:39365], old=null
2019-10-16 08:35:33,569 [pool-177-thread-1] INFO  impl.RaftServerImpl (RaftServerImpl.java:setRole(184)) - 0c0f4d1b-976a-4e9f-8604-d039d444aaac@group-3324C265B413: changes role from      null to FOLLOWER at term 0 for startAsFollower
2019-10-16 08:35:33,569 [pool-177-thread-1] INFO  impl.RoleInfo (RoleInfo.java:updateAndGet(143)) - 0c0f4d1b-976a-4e9f-8604-d039d444aaac: start FollowerState
2019-10-16 08:35:33,570 [pool-177-thread-1] INFO  util.JmxRegister (JmxRegister.java:tryRegister(44)) - Successfully registered JMX Bean with object name Ratis:service=RaftServer,group=group-3324C265B413,id=0c0f4d1b-976a-4e9f-8604-d039d444aaac
2019-10-16 08:35:33,578 [RatisPipelineUtilsThread] INFO  pipeline.PipelineStateManager (PipelineStateManager.java:addPipeline(56)) - Created pipeline Pipeline[ Id: af5c9144-d175-4c16-a085-3324c265b413, Nodes: 0c0f4d1b-976a-4e9f-8604-d039d444aaac{ip: 192.168.34.43, host: pr-hdds-1737-dstl4-2900247166, networkLocation: /default-rack, certSerialId: null}, Type:RATIS, Factor:ONE, State:OPEN]
2019-10-16 08:35:33,600 [IPC Server handler 1 on 36795] INFO  net.NetworkTopology (NetworkTopologyImpl.java:add(111)) - Added a new node: /default-rack/7c13de15-ca41-4d07-b5b4-a8e582a829b4
2019-10-16 08:35:33,600 [IPC Server handler 1 on 36795] INFO  node.SCMNodeManager (SCMNodeManager.java:register(268)) - Registered Data node : 7c13de15-ca41-4d07-b5b4-a8e582a829b4{ip: 192.168.34.43, host: pr-hdds-1737-dstl4-2900247166, networkLocation: /default-rack, certSerialId: null}
2019-10-16 08:35:33,609 [grpc-default-executor-0] INFO  impl.RaftServerProxy (RaftServerProxy.java:addNew(89)) - 7c13de15-ca41-4d07-b5b4-a8e582a829b4: addNew group-D43896475DF0:[7c13de15-ca41-4d07-b5b4-a8e582a829b4:192.168.34.43:42055] returns group-D43896475DF0:java.util.concurrent.CompletableFuture@4de3d991[Not completed]
2019-10-16 08:35:33,611 [pool-187-thread-1] INFO  impl.RaftServerImpl (RaftServerImpl.java:<init>(104)) - 7c13de15-ca41-4d07-b5b4-a8e582a829b4: new RaftServerImpl for group-D43896475DF0:[7c13de15-ca41-4d07-b5b4-a8e582a829b4:192.168.34.43:42055] with ContainerStateMachine:uninitialized
2019-10-16 08:35:33,611 [pool-187-thread-1] INFO  server.RaftServerConfigKeys (ConfUtils.java:logGet(43)) - raft.server.rpc.timeout.min = 5s (custom)
2019-10-16 08:35:33,611 [pool-187-thread-1] INFO  server.RaftServerConfigKeys (ConfUtils.java:logGet(43)) - raft.server.rpc.timeout.max = 5200ms (custom)
2019-10-16 08:35:33,611 [pool-187-thread-1] INFO  server.RaftServerConfigKeys (ConfUtils.java:logGet(43)) - raft.server.rpcslowness.timeout = 120s (custom)
2019-10-16 08:35:33,612 [pool-187-thread-1] INFO  server.RaftServerConfigKeys (ConfUtils.java:logGet(43)) - raft.server.sleep.deviation.threshold = 300 (default)
2019-10-16 08:35:33,612 [pool-187-thread-1] INFO  server.RaftServerConfigKeys (ConfUtils.java:logGet(43)) - raft.server.log.appender.install.snapshot.enabled = false (custom)
2019-10-16 08:35:33,612 [pool-187-thread-1] INFO  impl.RaftServerImpl (ServerState.java:<init>(103)) - 7c13de15-ca41-4d07-b5b4-a8e582a829b4@group-D43896475DF0: ConfigurationManager, init=-1: [7c13de15-ca41-4d07-b5b4-a8e582a829b4:192.168.34.43:42055], old=null, confs=<EMPTY_MAP>
2019-10-16 08:35:33,612 [pool-187-thread-1] INFO  server.RaftServerConfigKeys (ConfUtils.java:logGet(43)) - raft.server.storage.dir = [/workdir/hadoop-ozone/ozonefs/target/test-dir/MiniOzoneClusterImpl-c50f55bb-b538-4ff9-83fb-c1aaa774e5e8/datanode-1/data/ratis] (custom)
2019-10-16 08:35:33,612 [pool-187-thread-1] INFO  server.RaftServerConfigKeys (ConfUtils.java:logGet(43)) - raft.server.log.corruption.policy = EXCEPTION (default)
2019-10-16 08:35:33,613 [pool-187-thread-1] INFO  storage.RaftStorageDirectory (RaftStorageDirectory.java:analyzeStorage(246)) - The storage directory /workdir/hadoop-ozone/ozonefs/target/test-dir/MiniOzoneClusterImpl-c50f55bb-b538-4ff9-83fb-c1aaa774e5e8/datanode-1/data/ratis/8a685bf4-237a-4fa5-863c-d43896475df0 does not exist. Creating ...
2019-10-16 08:35:33,626 [pool-187-thread-1] INFO  storage.RaftStorageDirectory (RaftStorageDirectory.java:tryLock(328)) - Lock on /workdir/hadoop-ozone/ozonefs/target/test-dir/MiniOzoneClusterImpl-c50f55bb-b538-4ff9-83fb-c1aaa774e5e8/datanode-1/data/ratis/8a685bf4-237a-4fa5-863c-d43896475df0/in_use.lock acquired by nodename 18686@pr-hdds-1737-dstl4-2900247166
2019-10-16 08:35:33,639 [pool-187-thread-1] INFO  storage.RaftStorage (RaftStorage.java:format(84)) - Storage directory /workdir/hadoop-ozone/ozonefs/target/test-dir/MiniOzoneClusterImpl-c50f55bb-b538-4ff9-83fb-c1aaa774e5e8/datanode-1/data/ratis/8a685bf4-237a-4fa5-863c-d43896475df0 has been successfully formatted.
2019-10-16 08:35:33,639 [pool-187-thread-1] INFO  ratis.ContainerStateMachine (ContainerStateMachine.java:loadSnapshot(231)) - group-D43896475DF0: The snapshot info is null. Setting the last applied indexto:(t:0, i:~)
2019-10-16 08:35:33,639 [pool-187-thread-1] INFO  server.RaftServerConfigKeys (ConfUtils.java:logGet(43)) - raft.server.notification.no-leader.timeout = 120s (custom)
2019-10-16 08:35:33,639 [pool-187-thread-1] INFO  server.RaftServerConfigKeys (ConfUtils.java:logGet(43)) - raft.server.log.use.memory = false (default)
2019-10-16 08:35:33,640 [pool-187-thread-1] INFO  server.RaftServerConfigKeys (ConfUtils.java:logGet(43)) - raft.server.log.purge.gap = 1000000 (custom)
2019-10-16 08:35:33,640 [pool-187-thread-1] INFO  server.RaftServerConfigKeys (ConfUtils.java:logGet(43)) - raft.server.log.appender.buffer.byte-limit = 33554432 (custom)
2019-10-16 08:35:33,640 [pool-187-thread-1] INFO  server.RaftServerConfigKeys (ConfUtils.java:logGet(43)) - raft.server.log.segment.size.max = 1048576 (custom)
2019-10-16 08:35:33,643 [pool-187-thread-1] INFO  server.RaftServerConfigKeys (ConfUtils.java:logGet(43)) - raft.server.log.segment.cache.num.max = 2 (custom)
2019-10-16 08:35:33,643 [pool-187-thread-1] INFO  segmented.SegmentedRaftLogWorker (SegmentedRaftLogWorker.java:<init>(173)) - new 7c13de15-ca41-4d07-b5b4-a8e582a829b4@group-D43896475DF0-SegmentedRaftLogWorker for RaftStorage:Storage Directory /workdir/hadoop-ozone/ozonefs/target/test-dir/MiniOzoneClusterImpl-c50f55bb-b538-4ff9-83fb-c1aaa774e5e8/datanode-1/data/ratis/8a685bf4-237a-4fa5-863c-d43896475df0
2019-10-16 08:35:33,643 [pool-187-thread-1] INFO  server.RaftServerConfigKeys (ConfUtils.java:logGet(43)) - raft.server.log.queue.byte-limit = 2147483647 (custom)
2019-10-16 08:35:33,643 [pool-187-thread-1] INFO  server.RaftServerConfigKeys (ConfUtils.java:logGet(43)) - raft.server.log.queue.element-limit = 1024 (custom)
2019-10-16 08:35:33,643 [pool-187-thread-1] INFO  server.RaftServerConfigKeys (ConfUtils.java:logGet(43)) - raft.server.log.segment.size.max = 1048576 (custom)
2019-10-16 08:35:33,643 [pool-187-thread-1] INFO  server.RaftServerConfigKeys (ConfUtils.java:logGet(43)) - raft.server.log.preallocated.size = 16384 (custom)
2019-10-16 08:35:33,643 [pool-187-thread-1] INFO  server.RaftServerConfigKeys (ConfUtils.java:logGet(43)) - raft.server.log.write.buffer.size = 33554432 (custom)
2019-10-16 08:35:33,644 [pool-187-thread-1] INFO  server.RaftServerConfigKeys (ConfUtils.java:logGet(43)) - raft.server.log.force.sync.num = 128 (default)
2019-10-16 08:35:33,644 [pool-187-thread-1] INFO  server.RaftServerConfigKeys (ConfUtils.java:logGet(43)) - raft.server.log.statemachine.data.sync = true (default)
2019-10-16 08:35:33,644 [pool-187-thread-1] INFO  server.RaftServerConfigKeys (ConfUtils.java:logGet(43)) - raft.server.log.statemachine.data.sync.timeout = 10s (default)
2019-10-16 08:35:33,644 [pool-187-thread-1] INFO  server.RaftServerConfigKeys (ConfUtils.java:logGet(43)) - raft.server.log.statemachine.data.sync.timeout.retry = -1 (default)
2019-10-16 08:35:33,645 [pool-187-thread-1] INFO  server.RaftServerConfigKeys (ConfUtils.java:logGet(43)) - raft.server.log.statemachine.data.caching.enabled = true (custom)
2019-10-16 08:35:33,645 [pool-187-thread-1] INFO  segmented.SegmentedRaftLogWorker (SegmentedRaftLogWorker.java:lambda$new$0(128)) - 7c13de15-ca41-4d07-b5b4-a8e582a829b4@group-D43896475DF0-SegmentedRaftLogWorker: flushIndex: setUnconditionally 0 -> -1
2019-10-16 08:35:33,645 [pool-187-thread-1] INFO  server.RaftServerConfigKeys (ConfUtils.java:logGet(43)) - raft.server.snapshot.auto.trigger.enabled = true (custom)
2019-10-16 08:35:33,646 [pool-187-thread-1] INFO  server.RaftServerConfigKeys (ConfUtils.java:logGet(43)) - raft.server.snapshot.auto.trigger.threshold = 10000 (custom)
2019-10-16 08:35:33,646 [pool-187-thread-1] INFO  server.RaftServerConfigKeys (ConfUtils.java:logGet(43)) - raft.server.snapshot.retention.file.num = 5 (custom)
2019-10-16 08:35:33,646 [pool-187-thread-1] INFO  server.RaftServerConfigKeys (ConfUtils.java:logGet(43)) - raft.server.retrycache.expirytime = 600000ms (custom)
2019-10-16 08:35:33,650 [pool-187-thread-1] INFO  impl.RaftServerImpl (RaftServerImpl.java:start(195)) - 7c13de15-ca41-4d07-b5b4-a8e582a829b4@group-D43896475DF0: start as a follower, conf=-1: [7c13de15-ca41-4d07-b5b4-a8e582a829b4:192.168.34.43:42055], old=null
2019-10-16 08:35:33,650 [pool-187-thread-1] INFO  impl.RaftServerImpl (RaftServerImpl.java:setRole(184)) - 7c13de15-ca41-4d07-b5b4-a8e582a829b4@group-D43896475DF0: changes role from      null to FOLLOWER at term 0 for startAsFollower
2019-10-16 08:35:33,650 [pool-187-thread-1] INFO  impl.RoleInfo (RoleInfo.java:updateAndGet(143)) - 7c13de15-ca41-4d07-b5b4-a8e582a829b4: start FollowerState
2019-10-16 08:35:33,657 [pool-187-thread-1] INFO  util.JmxRegister (JmxRegister.java:tryRegister(44)) - Successfully registered JMX Bean with object name Ratis:service=RaftServer,group=group-D43896475DF0,id=7c13de15-ca41-4d07-b5b4-a8e582a829b4
2019-10-16 08:35:33,668 [RatisPipelineUtilsThread] INFO  pipeline.PipelineStateManager (PipelineStateManager.java:addPipeline(56)) - Created pipeline Pipeline[ Id: 8a685bf4-237a-4fa5-863c-d43896475df0, Nodes: 7c13de15-ca41-4d07-b5b4-a8e582a829b4{ip: 192.168.34.43, host: pr-hdds-1737-dstl4-2900247166, networkLocation: /default-rack, certSerialId: null}, Type:RATIS, Factor:ONE, State:OPEN]
2019-10-16 08:35:33,691 [Thread-951] INFO  ozone.MiniOzoneClusterImpl (MiniOzoneClusterImpl.java:lambda$waitForClusterToBeReady$0(147)) - Waiting for cluster to be ready. Got 2 of 3 DN Heartbeats.
2019-10-16 08:35:33,693 [IPC Server handler 2 on 36795] INFO  net.NetworkTopology (NetworkTopologyImpl.java:add(111)) - Added a new node: /default-rack/2a428d49-ceb9-4d76-8d46-b118942c371a
2019-10-16 08:35:33,693 [IPC Server handler 2 on 36795] INFO  node.SCMNodeManager (SCMNodeManager.java:register(268)) - Registered Data node : 2a428d49-ceb9-4d76-8d46-b118942c371a{ip: 192.168.34.43, host: pr-hdds-1737-dstl4-2900247166, networkLocation: /default-rack, certSerialId: null}
2019-10-16 08:35:33,703 [grpc-default-executor-0] INFO  impl.RaftServerProxy (RaftServerProxy.java:addNew(89)) - 2a428d49-ceb9-4d76-8d46-b118942c371a: addNew group-8AA23ABD2E8D:[2a428d49-ceb9-4d76-8d46-b118942c371a:192.168.34.43:46585] returns group-8AA23ABD2E8D:java.util.concurrent.CompletableFuture@51bc969[Not completed]
2019-10-16 08:35:33,705 [pool-197-thread-1] INFO  impl.RaftServerImpl (RaftServerImpl.java:<init>(104)) - 2a428d49-ceb9-4d76-8d46-b118942c371a: new RaftServerImpl for group-8AA23ABD2E8D:[2a428d49-ceb9-4d76-8d46-b118942c371a:192.168.34.43:46585] with ContainerStateMachine:uninitialized
2019-10-16 08:35:33,705 [pool-197-thread-1] INFO  server.RaftServerConfigKeys (ConfUtils.java:logGet(43)) - raft.server.rpc.timeout.min = 5s (custom)
2019-10-16 08:35:33,705 [pool-197-thread-1] INFO  server.RaftServerConfigKeys (ConfUtils.java:logGet(43)) - raft.server.rpc.timeout.max = 5200ms (custom)
2019-10-16 08:35:33,705 [pool-197-thread-1] INFO  server.RaftServerConfigKeys (ConfUtils.java:logGet(43)) - raft.server.rpcslowness.timeout = 120s (custom)
2019-10-16 08:35:33,705 [pool-197-thread-1] INFO  server.RaftServerConfigKeys (ConfUtils.java:logGet(43)) - raft.server.sleep.deviation.threshold = 300 (default)
2019-10-16 08:35:33,705 [pool-197-thread-1] INFO  server.RaftServerConfigKeys (ConfUtils.java:logGet(43)) - raft.server.log.appender.install.snapshot.enabled = false (custom)
2019-10-16 08:35:33,706 [pool-197-thread-1] INFO  impl.RaftServerImpl (ServerState.java:<init>(103)) - 2a428d49-ceb9-4d76-8d46-b118942c371a@group-8AA23ABD2E8D: ConfigurationManager, init=-1: [2a428d49-ceb9-4d76-8d46-b118942c371a:192.168.34.43:46585], old=null, confs=<EMPTY_MAP>
2019-10-16 08:35:33,706 [pool-197-thread-1] INFO  server.RaftServerConfigKeys (ConfUtils.java:logGet(43)) - raft.server.storage.dir = [/workdir/hadoop-ozone/ozonefs/target/test-dir/MiniOzoneClusterImpl-c50f55bb-b538-4ff9-83fb-c1aaa774e5e8/datanode-2/data/ratis] (custom)
2019-10-16 08:35:33,706 [pool-197-thread-1] INFO  server.RaftServerConfigKeys (ConfUtils.java:logGet(43)) - raft.server.log.corruption.policy = EXCEPTION (default)
2019-10-16 08:35:33,706 [pool-197-thread-1] INFO  storage.RaftStorageDirectory (RaftStorageDirectory.java:analyzeStorage(246)) - The storage directory /workdir/hadoop-ozone/ozonefs/target/test-dir/MiniOzoneClusterImpl-c50f55bb-b538-4ff9-83fb-c1aaa774e5e8/datanode-2/data/ratis/45f88643-1a48-4032-be8c-8aa23abd2e8d does not exist. Creating ...
2019-10-16 08:35:33,718 [pool-197-thread-1] INFO  storage.RaftStorageDirectory (RaftStorageDirectory.java:tryLock(328)) - Lock on /workdir/hadoop-ozone/ozonefs/target/test-dir/MiniOzoneClusterImpl-c50f55bb-b538-4ff9-83fb-c1aaa774e5e8/datanode-2/data/ratis/45f88643-1a48-4032-be8c-8aa23abd2e8d/in_use.lock acquired by nodename 18686@pr-hdds-1737-dstl4-2900247166
2019-10-16 08:35:33,721 [pool-197-thread-1] INFO  storage.RaftStorage (RaftStorage.java:format(84)) - Storage directory /workdir/hadoop-ozone/ozonefs/target/test-dir/MiniOzoneClusterImpl-c50f55bb-b538-4ff9-83fb-c1aaa774e5e8/datanode-2/data/ratis/45f88643-1a48-4032-be8c-8aa23abd2e8d has been successfully formatted.
2019-10-16 08:35:33,721 [pool-197-thread-1] INFO  ratis.ContainerStateMachine (ContainerStateMachine.java:loadSnapshot(231)) - group-8AA23ABD2E8D: The snapshot info is null. Setting the last applied indexto:(t:0, i:~)
2019-10-16 08:35:33,722 [pool-197-thread-1] INFO  server.RaftServerConfigKeys (ConfUtils.java:logGet(43)) - raft.server.notification.no-leader.timeout = 120s (custom)
2019-10-16 08:35:33,722 [pool-197-thread-1] INFO  server.RaftServerConfigKeys (ConfUtils.java:logGet(43)) - raft.server.log.use.memory = false (default)
2019-10-16 08:35:33,722 [pool-197-thread-1] INFO  server.RaftServerConfigKeys (ConfUtils.java:logGet(43)) - raft.server.log.purge.gap = 1000000 (custom)
2019-10-16 08:35:33,722 [pool-197-thread-1] INFO  server.RaftServerConfigKeys (ConfUtils.java:logGet(43)) - raft.server.log.appender.buffer.byte-limit = 33554432 (custom)
2019-10-16 08:35:33,722 [pool-197-thread-1] INFO  server.RaftServerConfigKeys (ConfUtils.java:logGet(43)) - raft.server.log.segment.size.max = 1048576 (custom)
2019-10-16 08:35:33,724 [pool-197-thread-1] INFO  server.RaftServerConfigKeys (ConfUtils.java:logGet(43)) - raft.server.log.segment.cache.num.max = 2 (custom)
2019-10-16 08:35:33,725 [pool-197-thread-1] INFO  segmented.SegmentedRaftLogWorker (SegmentedRaftLogWorker.java:<init>(173)) - new 2a428d49-ceb9-4d76-8d46-b118942c371a@group-8AA23ABD2E8D-SegmentedRaftLogWorker for RaftStorage:Storage Directory /workdir/hadoop-ozone/ozonefs/target/test-dir/MiniOzoneClusterImpl-c50f55bb-b538-4ff9-83fb-c1aaa774e5e8/datanode-2/data/ratis/45f88643-1a48-4032-be8c-8aa23abd2e8d
2019-10-16 08:35:33,725 [pool-197-thread-1] INFO  server.RaftServerConfigKeys (ConfUtils.java:logGet(43)) - raft.server.log.queue.byte-limit = 2147483647 (custom)
2019-10-16 08:35:33,725 [pool-197-thread-1] INFO  server.RaftServerConfigKeys (ConfUtils.java:logGet(43)) - raft.server.log.queue.element-limit = 1024 (custom)
2019-10-16 08:35:33,725 [pool-197-thread-1] INFO  server.RaftServerConfigKeys (ConfUtils.java:logGet(43)) - raft.server.log.segment.size.max = 1048576 (custom)
2019-10-16 08:35:33,725 [pool-197-thread-1] INFO  server.RaftServerConfigKeys (ConfUtils.java:logGet(43)) - raft.server.log.preallocated.size = 16384 (custom)
2019-10-16 08:35:33,725 [pool-197-thread-1] INFO  server.RaftServerConfigKeys (ConfUtils.java:logGet(43)) - raft.server.log.write.buffer.size = 33554432 (custom)
2019-10-16 08:35:33,725 [pool-197-thread-1] INFO  server.RaftServerConfigKeys (ConfUtils.java:logGet(43)) - raft.server.log.force.sync.num = 128 (default)
2019-10-16 08:35:33,726 [pool-197-thread-1] INFO  server.RaftServerConfigKeys (ConfUtils.java:logGet(43)) - raft.server.log.statemachine.data.sync = true (default)
2019-10-16 08:35:33,726 [pool-197-thread-1] INFO  server.RaftServerConfigKeys (ConfUtils.java:logGet(43)) - raft.server.log.statemachine.data.sync.timeout = 10s (default)
2019-10-16 08:35:33,726 [pool-197-thread-1] INFO  server.RaftServerConfigKeys (ConfUtils.java:logGet(43)) - raft.server.log.statemachine.data.sync.timeout.retry = -1 (default)
2019-10-16 08:35:33,726 [pool-197-thread-1] INFO  server.RaftServerConfigKeys (ConfUtils.java:logGet(43)) - raft.server.log.statemachine.data.caching.enabled = true (custom)
2019-10-16 08:35:33,727 [pool-197-thread-1] INFO  segmented.SegmentedRaftLogWorker (SegmentedRaftLogWorker.java:lambda$new$0(128)) - 2a428d49-ceb9-4d76-8d46-b118942c371a@group-8AA23ABD2E8D-SegmentedRaftLogWorker: flushIndex: setUnconditionally 0 -> -1
2019-10-16 08:35:33,727 [pool-197-thread-1] INFO  server.RaftServerConfigKeys (ConfUtils.java:logGet(43)) - raft.server.snapshot.auto.trigger.enabled = true (custom)
2019-10-16 08:35:33,727 [pool-197-thread-1] INFO  server.RaftServerConfigKeys (ConfUtils.java:logGet(43)) - raft.server.snapshot.auto.trigger.threshold = 10000 (custom)
2019-10-16 08:35:33,727 [pool-197-thread-1] INFO  server.RaftServerConfigKeys (ConfUtils.java:logGet(43)) - raft.server.snapshot.retention.file.num = 5 (custom)
2019-10-16 08:35:33,728 [pool-197-thread-1] INFO  server.RaftServerConfigKeys (ConfUtils.java:logGet(43)) - raft.server.retrycache.expirytime = 600000ms (custom)
2019-10-16 08:35:33,732 [pool-197-thread-1] INFO  impl.RaftServerImpl (RaftServerImpl.java:start(195)) - 2a428d49-ceb9-4d76-8d46-b118942c371a@group-8AA23ABD2E8D: start as a follower, conf=-1: [2a428d49-ceb9-4d76-8d46-b118942c371a:192.168.34.43:46585], old=null
2019-10-16 08:35:33,732 [pool-197-thread-1] INFO  impl.RaftServerImpl (RaftServerImpl.java:setRole(184)) - 2a428d49-ceb9-4d76-8d46-b118942c371a@group-8AA23ABD2E8D: changes role from      null to FOLLOWER at term 0 for startAsFollower
2019-10-16 08:35:33,732 [pool-197-thread-1] INFO  impl.RoleInfo (RoleInfo.java:updateAndGet(143)) - 2a428d49-ceb9-4d76-8d46-b118942c371a: start FollowerState
2019-10-16 08:35:33,732 [pool-197-thread-1] INFO  util.JmxRegister (JmxRegister.java:tryRegister(44)) - Successfully registered JMX Bean with object name Ratis:service=RaftServer,group=group-8AA23ABD2E8D,id=2a428d49-ceb9-4d76-8d46-b118942c371a
2019-10-16 08:35:33,740 [RatisPipelineUtilsThread] INFO  pipeline.PipelineStateManager (PipelineStateManager.java:addPipeline(56)) - Created pipeline Pipeline[ Id: 45f88643-1a48-4032-be8c-8aa23abd2e8d, Nodes: 2a428d49-ceb9-4d76-8d46-b118942c371a{ip: 192.168.34.43, host: pr-hdds-1737-dstl4-2900247166, networkLocation: /default-rack, certSerialId: null}, Type:RATIS, Factor:ONE, State:OPEN]
2019-10-16 08:35:33,754 [grpc-default-executor-1] INFO  impl.RaftServerProxy (RaftServerProxy.java:addNew(89)) - 2a428d49-ceb9-4d76-8d46-b118942c371a: addNew group-09AFB21A047F:[7c13de15-ca41-4d07-b5b4-a8e582a829b4:192.168.34.43:42055, 2a428d49-ceb9-4d76-8d46-b118942c371a:192.168.34.43:46585, 0c0f4d1b-976a-4e9f-8604-d039d444aaac:192.168.34.43:39365] returns group-09AFB21A047F:java.util.concurrent.CompletableFuture@761e52ff[Not completed]
2019-10-16 08:35:33,754 [grpc-default-executor-0] INFO  impl.RaftServerProxy (RaftServerProxy.java:addNew(89)) - 0c0f4d1b-976a-4e9f-8604-d039d444aaac: addNew group-09AFB21A047F:[7c13de15-ca41-4d07-b5b4-a8e582a829b4:192.168.34.43:42055, 2a428d49-ceb9-4d76-8d46-b118942c371a:192.168.34.43:46585, 0c0f4d1b-976a-4e9f-8604-d039d444aaac:192.168.34.43:39365] returns group-09AFB21A047F:java.util.concurrent.CompletableFuture@57c46a25[Not completed]
2019-10-16 08:35:33,754 [grpc-default-executor-2] INFO  impl.RaftServerProxy (RaftServerProxy.java:addNew(89)) - 7c13de15-ca41-4d07-b5b4-a8e582a829b4: addNew group-09AFB21A047F:[7c13de15-ca41-4d07-b5b4-a8e582a829b4:192.168.34.43:42055, 2a428d49-ceb9-4d76-8d46-b118942c371a:192.168.34.43:46585, 0c0f4d1b-976a-4e9f-8604-d039d444aaac:192.168.34.43:39365] returns group-09AFB21A047F:java.util.concurrent.CompletableFuture@a1db4a6[Not completed]
2019-10-16 08:35:33,756 [pool-197-thread-1] INFO  impl.RaftServerImpl (RaftServerImpl.java:<init>(104)) - 2a428d49-ceb9-4d76-8d46-b118942c371a: new RaftServerImpl for group-09AFB21A047F:[7c13de15-ca41-4d07-b5b4-a8e582a829b4:192.168.34.43:42055, 2a428d49-ceb9-4d76-8d46-b118942c371a:192.168.34.43:46585, 0c0f4d1b-976a-4e9f-8604-d039d444aaac:192.168.34.43:39365] with ContainerStateMachine:uninitialized
2019-10-16 08:35:33,757 [pool-197-thread-1] INFO  server.RaftServerConfigKeys (ConfUtils.java:logGet(43)) - raft.server.rpc.timeout.min = 5s (custom)
2019-10-16 08:35:33,757 [pool-197-thread-1] INFO  server.RaftServerConfigKeys (ConfUtils.java:logGet(43)) - raft.server.rpc.timeout.max = 5200ms (custom)
2019-10-16 08:35:33,757 [pool-197-thread-1] INFO  server.RaftServerConfigKeys (ConfUtils.java:logGet(43)) - raft.server.rpcslowness.timeout = 120s (custom)
2019-10-16 08:35:33,757 [pool-197-thread-1] INFO  server.RaftServerConfigKeys (ConfUtils.java:logGet(43)) - raft.server.sleep.deviation.threshold = 300 (default)
2019-10-16 08:35:33,757 [pool-197-thread-1] INFO  server.RaftServerConfigKeys (ConfUtils.java:logGet(43)) - raft.server.log.appender.install.snapshot.enabled = false (custom)
2019-10-16 08:35:33,757 [pool-187-thread-1] INFO  impl.RaftServerImpl (RaftServerImpl.java:<init>(104)) - 7c13de15-ca41-4d07-b5b4-a8e582a829b4: new RaftServerImpl for group-09AFB21A047F:[7c13de15-ca41-4d07-b5b4-a8e582a829b4:192.168.34.43:42055, 2a428d49-ceb9-4d76-8d46-b118942c371a:192.168.34.43:46585, 0c0f4d1b-976a-4e9f-8604-d039d444aaac:192.168.34.43:39365] with ContainerStateMachine:uninitialized
2019-10-16 08:35:33,757 [pool-197-thread-1] INFO  impl.RaftServerImpl (ServerState.java:<init>(103)) - 2a428d49-ceb9-4d76-8d46-b118942c371a@group-09AFB21A047F: ConfigurationManager, init=-1: [7c13de15-ca41-4d07-b5b4-a8e582a829b4:192.168.34.43:42055, 2a428d49-ceb9-4d76-8d46-b118942c371a:192.168.34.43:46585, 0c0f4d1b-976a-4e9f-8604-d039d444aaac:192.168.34.43:39365], old=null, confs=<EMPTY_MAP>
2019-10-16 08:35:33,757 [pool-187-thread-1] INFO  server.RaftServerConfigKeys (ConfUtils.java:logGet(43)) - raft.server.rpc.timeout.min = 5s (custom)
2019-10-16 08:35:33,758 [pool-197-thread-1] INFO  server.RaftServerConfigKeys (ConfUtils.java:logGet(43)) - raft.server.storage.dir = [/workdir/hadoop-ozone/ozonefs/target/test-dir/MiniOzoneClusterImpl-c50f55bb-b538-4ff9-83fb-c1aaa774e5e8/datanode-2/data/ratis] (custom)
2019-10-16 08:35:33,758 [pool-187-thread-1] INFO  server.RaftServerConfigKeys (ConfUtils.java:logGet(43)) - raft.server.rpc.timeout.max = 5200ms (custom)
2019-10-16 08:35:33,758 [pool-187-thread-1] INFO  server.RaftServerConfigKeys (ConfUtils.java:logGet(43)) - raft.server.rpcslowness.timeout = 120s (custom)
2019-10-16 08:35:33,758 [pool-197-thread-1] INFO  server.RaftServerConfigKeys (ConfUtils.java:logGet(43)) - raft.server.log.corruption.policy = EXCEPTION (default)
2019-10-16 08:35:33,758 [pool-187-thread-1] INFO  server.RaftServerConfigKeys (ConfUtils.java:logGet(43)) - raft.server.sleep.deviation.threshold = 300 (default)
2019-10-16 08:35:33,758 [pool-177-thread-1] INFO  impl.RaftServerImpl (RaftServerImpl.java:<init>(104)) - 0c0f4d1b-976a-4e9f-8604-d039d444aaac: new RaftServerImpl for group-09AFB21A047F:[7c13de15-ca41-4d07-b5b4-a8e582a829b4:192.168.34.43:42055, 2a428d49-ceb9-4d76-8d46-b118942c371a:192.168.34.43:46585, 0c0f4d1b-976a-4e9f-8604-d039d444aaac:192.168.34.43:39365] with ContainerStateMachine:uninitialized
2019-10-16 08:35:33,758 [pool-197-thread-1] INFO  storage.RaftStorageDirectory (RaftStorageDirectory.java:analyzeStorage(246)) - The storage directory /workdir/hadoop-ozone/ozonefs/target/test-dir/MiniOzoneClusterImpl-c50f55bb-b538-4ff9-83fb-c1aaa774e5e8/datanode-2/data/ratis/c6ea927b-c9e6-478f-88b6-09afb21a047f does not exist. Creating ...
2019-10-16 08:35:33,758 [pool-187-thread-1] INFO  server.RaftServerConfigKeys (ConfUtils.java:logGet(43)) - raft.server.log.appender.install.snapshot.enabled = false (custom)
2019-10-16 08:35:33,759 [pool-177-thread-1] INFO  server.RaftServerConfigKeys (ConfUtils.java:logGet(43)) - raft.server.rpc.timeout.min = 5s (custom)
2019-10-16 08:35:33,759 [pool-187-thread-1] INFO  impl.RaftServerImpl (ServerState.java:<init>(103)) - 7c13de15-ca41-4d07-b5b4-a8e582a829b4@group-09AFB21A047F: ConfigurationManager, init=-1: [7c13de15-ca41-4d07-b5b4-a8e582a829b4:192.168.34.43:42055, 2a428d49-ceb9-4d76-8d46-b118942c371a:192.168.34.43:46585, 0c0f4d1b-976a-4e9f-8604-d039d444aaac:192.168.34.43:39365], old=null, confs=<EMPTY_MAP>
2019-10-16 08:35:33,759 [pool-177-thread-1] INFO  server.RaftServerConfigKeys (ConfUtils.java:logGet(43)) - raft.server.rpc.timeout.max = 5200ms (custom)
2019-10-16 08:35:33,759 [pool-187-thread-1] INFO  server.RaftServerConfigKeys (ConfUtils.java:logGet(43)) - raft.server.storage.dir = [/workdir/hadoop-ozone/ozonefs/target/test-dir/MiniOzoneClusterImpl-c50f55bb-b538-4ff9-83fb-c1aaa774e5e8/datanode-1/data/ratis] (custom)
2019-10-16 08:35:33,759 [pool-177-thread-1] INFO  server.RaftServerConfigKeys (ConfUtils.java:logGet(43)) - raft.server.rpcslowness.timeout = 120s (custom)
2019-10-16 08:35:33,759 [pool-177-thread-1] INFO  server.RaftServerConfigKeys (ConfUtils.java:logGet(43)) - raft.server.sleep.deviation.threshold = 300 (default)
2019-10-16 08:35:33,759 [pool-187-thread-1] INFO  server.RaftServerConfigKeys (ConfUtils.java:logGet(43)) - raft.server.log.corruption.policy = EXCEPTION (default)
2019-10-16 08:35:33,760 [pool-177-thread-1] INFO  server.RaftServerConfigKeys (ConfUtils.java:logGet(43)) - raft.server.log.appender.install.snapshot.enabled = false (custom)
2019-10-16 08:35:33,760 [pool-187-thread-1] INFO  storage.RaftStorageDirectory (RaftStorageDirectory.java:analyzeStorage(246)) - The storage directory /workdir/hadoop-ozone/ozonefs/target/test-dir/MiniOzoneClusterImpl-c50f55bb-b538-4ff9-83fb-c1aaa774e5e8/datanode-1/data/ratis/c6ea927b-c9e6-478f-88b6-09afb21a047f does not exist. Creating ...
2019-10-16 08:35:33,760 [pool-177-thread-1] INFO  impl.RaftServerImpl (ServerState.java:<init>(103)) - 0c0f4d1b-976a-4e9f-8604-d039d444aaac@group-09AFB21A047F: ConfigurationManager, init=-1: [7c13de15-ca41-4d07-b5b4-a8e582a829b4:192.168.34.43:42055, 2a428d49-ceb9-4d76-8d46-b118942c371a:192.168.34.43:46585, 0c0f4d1b-976a-4e9f-8604-d039d444aaac:192.168.34.43:39365], old=null, confs=<EMPTY_MAP>
2019-10-16 08:35:33,760 [pool-177-thread-1] INFO  server.RaftServerConfigKeys (ConfUtils.java:logGet(43)) - raft.server.storage.dir = [/workdir/hadoop-ozone/ozonefs/target/test-dir/MiniOzoneClusterImpl-c50f55bb-b538-4ff9-83fb-c1aaa774e5e8/datanode-0/data/ratis] (custom)
2019-10-16 08:35:33,761 [pool-177-thread-1] INFO  server.RaftServerConfigKeys (ConfUtils.java:logGet(43)) - raft.server.log.corruption.policy = EXCEPTION (default)
2019-10-16 08:35:33,761 [pool-177-thread-1] INFO  storage.RaftStorageDirectory (RaftStorageDirectory.java:analyzeStorage(246)) - The storage directory /workdir/hadoop-ozone/ozonefs/target/test-dir/MiniOzoneClusterImpl-c50f55bb-b538-4ff9-83fb-c1aaa774e5e8/datanode-0/data/ratis/c6ea927b-c9e6-478f-88b6-09afb21a047f does not exist. Creating ...
2019-10-16 08:35:33,763 [Thread-1125] INFO  impl.FollowerState (FollowerState.java:run(108)) - 0c0f4d1b-976a-4e9f-8604-d039d444aaac@group-3324C265B413-FollowerState: change to CANDIDATE, lastRpcTime:193ms, electionTimeout:193ms
2019-10-16 08:35:33,763 [Thread-1125] INFO  impl.RoleInfo (RoleInfo.java:shutdownFollowerState(121)) - 0c0f4d1b-976a-4e9f-8604-d039d444aaac: shutdown FollowerState
2019-10-16 08:35:33,763 [Thread-1125] INFO  impl.RaftServerImpl (RaftServerImpl.java:setRole(184)) - 0c0f4d1b-976a-4e9f-8604-d039d444aaac@group-3324C265B413: changes role from  FOLLOWER to CANDIDATE at term 0 for changeToCandidate
2019-10-16 08:35:33,763 [Thread-1125] INFO  impl.RoleInfo (RoleInfo.java:updateAndGet(143)) - 0c0f4d1b-976a-4e9f-8604-d039d444aaac: start LeaderElection
2019-10-16 08:35:33,772 [pool-177-thread-1] INFO  storage.RaftStorageDirectory (RaftStorageDirectory.java:tryLock(328)) - Lock on /workdir/hadoop-ozone/ozonefs/target/test-dir/MiniOzoneClusterImpl-c50f55bb-b538-4ff9-83fb-c1aaa774e5e8/datanode-0/data/ratis/c6ea927b-c9e6-478f-88b6-09afb21a047f/in_use.lock acquired by nodename 18686@pr-hdds-1737-dstl4-2900247166
2019-10-16 08:35:33,772 [0c0f4d1b-976a-4e9f-8604-d039d444aaac@group-3324C265B413-LeaderElection60] INFO  impl.LeaderElection (LeaderElection.java:askForVotes(178)) - 0c0f4d1b-976a-4e9f-8604-d039d444aaac@group-3324C265B413-LeaderElection60: begin an election at term 1 for -1: [0c0f4d1b-976a-4e9f-8604-d039d444aaac:192.168.34.43:39365], old=null
2019-10-16 08:35:33,772 [pool-187-thread-1] INFO  storage.RaftStorageDirectory (RaftStorageDirectory.java:tryLock(328)) - Lock on /workdir/hadoop-ozone/ozonefs/target/test-dir/MiniOzoneClusterImpl-c50f55bb-b538-4ff9-83fb-c1aaa774e5e8/datanode-1/data/ratis/c6ea927b-c9e6-478f-88b6-09afb21a047f/in_use.lock acquired by nodename 18686@pr-hdds-1737-dstl4-2900247166
2019-10-16 08:35:33,772 [pool-197-thread-1] INFO  storage.RaftStorageDirectory (RaftStorageDirectory.java:tryLock(328)) - Lock on /workdir/hadoop-ozone/ozonefs/target/test-dir/MiniOzoneClusterImpl-c50f55bb-b538-4ff9-83fb-c1aaa774e5e8/datanode-2/data/ratis/c6ea927b-c9e6-478f-88b6-09afb21a047f/in_use.lock acquired by nodename 18686@pr-hdds-1737-dstl4-2900247166
2019-10-16 08:35:33,773 [0c0f4d1b-976a-4e9f-8604-d039d444aaac@group-3324C265B413-LeaderElection60] INFO  impl.RoleInfo (RoleInfo.java:shutdownLeaderElection(134)) - 0c0f4d1b-976a-4e9f-8604-d039d444aaac: shutdown LeaderElection
2019-10-16 08:35:33,773 [0c0f4d1b-976a-4e9f-8604-d039d444aaac@group-3324C265B413-LeaderElection60] INFO  impl.RaftServerImpl (RaftServerImpl.java:setRole(184)) - 0c0f4d1b-976a-4e9f-8604-d039d444aaac@group-3324C265B413: changes role from CANDIDATE to LEADER at term 1 for changeToLeader
2019-10-16 08:35:33,773 [0c0f4d1b-976a-4e9f-8604-d039d444aaac@group-3324C265B413-LeaderElection60] INFO  impl.RaftServerImpl (ServerState.java:setLeader(256)) - 0c0f4d1b-976a-4e9f-8604-d039d444aaac@group-3324C265B413: change Leader from null to 0c0f4d1b-976a-4e9f-8604-d039d444aaac at term 1 for becomeLeader, leader elected after 216ms
2019-10-16 08:35:33,773 [0c0f4d1b-976a-4e9f-8604-d039d444aaac@group-3324C265B413-LeaderElection60] INFO  server.RaftServerConfigKeys (ConfUtils.java:logGet(43)) - raft.server.staging.catchup.gap = 1000 (default)
2019-10-16 08:35:33,773 [0c0f4d1b-976a-4e9f-8604-d039d444aaac@group-3324C265B413-LeaderElection60] INFO  server.RaftServerConfigKeys (ConfUtils.java:logGet(43)) - raft.server.rpc.sleep.time = 25ms (default)
2019-10-16 08:35:33,773 [0c0f4d1b-976a-4e9f-8604-d039d444aaac@group-3324C265B413-LeaderElection60] INFO  server.RaftServerConfigKeys (ConfUtils.java:logGet(43)) - raft.server.write.element-limit = 4096 (default)
2019-10-16 08:35:33,774 [0c0f4d1b-976a-4e9f-8604-d039d444aaac@group-3324C265B413-LeaderElection60] INFO  server.RaftServerConfigKeys (ConfUtils.java:logGet(43)) - raft.server.watch.timeout = 10s (default)
2019-10-16 08:35:33,774 [0c0f4d1b-976a-4e9f-8604-d039d444aaac@group-3324C265B413-LeaderElection60] INFO  server.RaftServerConfigKeys (ConfUtils.java:logGet(43)) - raft.server.watch.timeout.denomination = 1s (default)
2019-10-16 08:35:33,774 [0c0f4d1b-976a-4e9f-8604-d039d444aaac@group-3324C265B413-LeaderElection60] INFO  server.RaftServerConfigKeys (ConfUtils.java:logGet(43)) - raft.server.watch.element-limit = 65536 (default)
2019-10-16 08:35:33,776 [0c0f4d1b-976a-4e9f-8604-d039d444aaac@group-3324C265B413-LeaderElection60] INFO  impl.RoleInfo (RoleInfo.java:updateAndGet(143)) - 0c0f4d1b-976a-4e9f-8604-d039d444aaac: start LeaderState
2019-10-16 08:35:33,776 [0c0f4d1b-976a-4e9f-8604-d039d444aaac@group-3324C265B413-LeaderElection60] INFO  segmented.SegmentedRaftLogWorker (SegmentedRaftLogWorker.java:startLogSegment(385)) - 0c0f4d1b-976a-4e9f-8604-d039d444aaac@group-3324C265B413-SegmentedRaftLogWorker: Starting segment from index:0
2019-10-16 08:35:33,776 [pool-187-thread-1] INFO  storage.RaftStorage (RaftStorage.java:format(84)) - Storage directory /workdir/hadoop-ozone/ozonefs/target/test-dir/MiniOzoneClusterImpl-c50f55bb-b538-4ff9-83fb-c1aaa774e5e8/datanode-1/data/ratis/c6ea927b-c9e6-478f-88b6-09afb21a047f has been successfully formatted.
2019-10-16 08:35:33,776 [0c0f4d1b-976a-4e9f-8604-d039d444aaac@group-3324C265B413-LeaderElection60] INFO  impl.RaftServerImpl (ServerState.java:setRaftConf(357)) - 0c0f4d1b-976a-4e9f-8604-d039d444aaac@group-3324C265B413: set configuration 0: [0c0f4d1b-976a-4e9f-8604-d039d444aaac:192.168.34.43:39365], old=null at 0
2019-10-16 08:35:33,776 [pool-177-thread-1] INFO  storage.RaftStorage (RaftStorage.java:format(84)) - Storage directory /workdir/hadoop-ozone/ozonefs/target/test-dir/MiniOzoneClusterImpl-c50f55bb-b538-4ff9-83fb-c1aaa774e5e8/datanode-0/data/ratis/c6ea927b-c9e6-478f-88b6-09afb21a047f has been successfully formatted.
2019-10-16 08:35:33,776 [pool-197-thread-1] INFO  storage.RaftStorage (RaftStorage.java:format(84)) - Storage directory /workdir/hadoop-ozone/ozonefs/target/test-dir/MiniOzoneClusterImpl-c50f55bb-b538-4ff9-83fb-c1aaa774e5e8/datanode-2/data/ratis/c6ea927b-c9e6-478f-88b6-09afb21a047f has been successfully formatted.
2019-10-16 08:35:33,777 [pool-177-thread-1] INFO  ratis.ContainerStateMachine (ContainerStateMachine.java:loadSnapshot(231)) - group-09AFB21A047F: The snapshot info is null. Setting the last applied indexto:(t:0, i:~)
2019-10-16 08:35:33,777 [pool-187-thread-1] INFO  ratis.ContainerStateMachine (ContainerStateMachine.java:loadSnapshot(231)) - group-09AFB21A047F: The snapshot info is null. Setting the last applied indexto:(t:0, i:~)
2019-10-16 08:35:33,777 [pool-177-thread-1] INFO  server.RaftServerConfigKeys (ConfUtils.java:logGet(43)) - raft.server.notification.no-leader.timeout = 120s (custom)
2019-10-16 08:35:33,777 [pool-197-thread-1] INFO  ratis.ContainerStateMachine (ContainerStateMachine.java:loadSnapshot(231)) - group-09AFB21A047F: The snapshot info is null. Setting the last applied indexto:(t:0, i:~)
2019-10-16 08:35:33,777 [pool-177-thread-1] INFO  server.RaftServerConfigKeys (ConfUtils.java:logGet(43)) - raft.server.log.use.memory = false (default)
2019-10-16 08:35:33,777 [pool-187-thread-1] INFO  server.RaftServerConfigKeys (ConfUtils.java:logGet(43)) - raft.server.notification.no-leader.timeout = 120s (custom)
2019-10-16 08:35:33,778 [pool-177-thread-1] INFO  server.RaftServerConfigKeys (ConfUtils.java:logGet(43)) - raft.server.log.purge.gap = 1000000 (custom)
2019-10-16 08:35:33,778 [pool-197-thread-1] INFO  server.RaftServerConfigKeys (ConfUtils.java:logGet(43)) - raft.server.notification.no-leader.timeout = 120s (custom)
2019-10-16 08:35:33,778 [pool-177-thread-1] INFO  server.RaftServerConfigKeys (ConfUtils.java:logGet(43)) - raft.server.log.appender.buffer.byte-limit = 33554432 (custom)
2019-10-16 08:35:33,778 [pool-187-thread-1] INFO  server.RaftServerConfigKeys (ConfUtils.java:logGet(43)) - raft.server.log.use.memory = false (default)
2019-10-16 08:35:33,778 [pool-177-thread-1] INFO  server.RaftServerConfigKeys (ConfUtils.java:logGet(43)) - raft.server.log.segment.size.max = 1048576 (custom)
2019-10-16 08:35:33,778 [pool-197-thread-1] INFO  server.RaftServerConfigKeys (ConfUtils.java:logGet(43)) - raft.server.log.use.memory = false (default)
2019-10-16 08:35:33,779 [pool-177-thread-1] INFO  server.RaftServerConfigKeys (ConfUtils.java:logGet(43)) - raft.server.log.segment.cache.num.max = 2 (custom)
2019-10-16 08:35:33,779 [pool-197-thread-1] INFO  server.RaftServerConfigKeys (ConfUtils.java:logGet(43)) - raft.server.log.purge.gap = 1000000 (custom)
2019-10-16 08:35:33,779 [pool-187-thread-1] INFO  server.RaftServerConfigKeys (ConfUtils.java:logGet(43)) - raft.server.log.purge.gap = 1000000 (custom)
2019-10-16 08:35:33,779 [pool-197-thread-1] INFO  server.RaftServerConfigKeys (ConfUtils.java:logGet(43)) - raft.server.log.appender.buffer.byte-limit = 33554432 (custom)
2019-10-16 08:35:33,779 [pool-177-thread-1] INFO  segmented.SegmentedRaftLogWorker (SegmentedRaftLogWorker.java:<init>(173)) - new 0c0f4d1b-976a-4e9f-8604-d039d444aaac@group-09AFB21A047F-SegmentedRaftLogWorker for RaftStorage:Storage Directory /workdir/hadoop-ozone/ozonefs/target/test-dir/MiniOzoneClusterImpl-c50f55bb-b538-4ff9-83fb-c1aaa774e5e8/datanode-0/data/ratis/c6ea927b-c9e6-478f-88b6-09afb21a047f
2019-10-16 08:35:33,779 [pool-197-thread-1] INFO  server.RaftServerConfigKeys (ConfUtils.java:logGet(43)) - raft.server.log.segment.size.max = 1048576 (custom)
2019-10-16 08:35:33,779 [pool-187-thread-1] INFO  server.RaftServerConfigKeys (ConfUtils.java:logGet(43)) - raft.server.log.appender.buffer.byte-limit = 33554432 (custom)
2019-10-16 08:35:33,780 [pool-197-thread-1] INFO  server.RaftServerConfigKeys (ConfUtils.java:logGet(43)) - raft.server.log.segment.cache.num.max = 2 (custom)
2019-10-16 08:35:33,780 [pool-177-thread-1] INFO  server.RaftServerConfigKeys (ConfUtils.java:logGet(43)) - raft.server.log.queue.byte-limit = 2147483647 (custom)
2019-10-16 08:35:33,780 [pool-197-thread-1] INFO  segmented.SegmentedRaftLogWorker (SegmentedRaftLogWorker.java:<init>(173)) - new 2a428d49-ceb9-4d76-8d46-b118942c371a@group-09AFB21A047F-SegmentedRaftLogWorker for RaftStorage:Storage Directory /workdir/hadoop-ozone/ozonefs/target/test-dir/MiniOzoneClusterImpl-c50f55bb-b538-4ff9-83fb-c1aaa774e5e8/datanode-2/data/ratis/c6ea927b-c9e6-478f-88b6-09afb21a047f
2019-10-16 08:35:33,780 [pool-187-thread-1] INFO  server.RaftServerConfigKeys (ConfUtils.java:logGet(43)) - raft.server.log.segment.size.max = 1048576 (custom)
2019-10-16 08:35:33,780 [pool-177-thread-1] INFO  server.RaftServerConfigKeys (ConfUtils.java:logGet(43)) - raft.server.log.queue.element-limit = 1024 (custom)
2019-10-16 08:35:33,780 [pool-187-thread-1] INFO  server.RaftServerConfigKeys (ConfUtils.java:logGet(43)) - raft.server.log.segment.cache.num.max = 2 (custom)
2019-10-16 08:35:33,780 [pool-197-thread-1] INFO  server.RaftServerConfigKeys (ConfUtils.java:logGet(43)) - raft.server.log.queue.byte-limit = 2147483647 (custom)
2019-10-16 08:35:33,781 [pool-187-thread-1] INFO  segmented.SegmentedRaftLogWorker (SegmentedRaftLogWorker.java:<init>(173)) - new 7c13de15-ca41-4d07-b5b4-a8e582a829b4@group-09AFB21A047F-SegmentedRaftLogWorker for RaftStorage:Storage Directory /workdir/hadoop-ozone/ozonefs/target/test-dir/MiniOzoneClusterImpl-c50f55bb-b538-4ff9-83fb-c1aaa774e5e8/datanode-1/data/ratis/c6ea927b-c9e6-478f-88b6-09afb21a047f
2019-10-16 08:35:33,780 [pool-177-thread-1] INFO  server.RaftServerConfigKeys (ConfUtils.java:logGet(43)) - raft.server.log.segment.size.max = 1048576 (custom)
2019-10-16 08:35:33,781 [pool-187-thread-1] INFO  server.RaftServerConfigKeys (ConfUtils.java:logGet(43)) - raft.server.log.queue.byte-limit = 2147483647 (custom)
2019-10-16 08:35:33,781 [pool-197-thread-1] INFO  server.RaftServerConfigKeys (ConfUtils.java:logGet(43)) - raft.server.log.queue.element-limit = 1024 (custom)
2019-10-16 08:35:33,781 [pool-187-thread-1] INFO  server.RaftServerConfigKeys (ConfUtils.java:logGet(43)) - raft.server.log.queue.element-limit = 1024 (custom)
2019-10-16 08:35:33,781 [pool-177-thread-1] INFO  server.RaftServerConfigKeys (ConfUtils.java:logGet(43)) - raft.server.log.preallocated.size = 16384 (custom)
2019-10-16 08:35:33,781 [pool-187-thread-1] INFO  server.RaftServerConfigKeys (ConfUtils.java:logGet(43)) - raft.server.log.segment.size.max = 1048576 (custom)
2019-10-16 08:35:33,781 [pool-197-thread-1] INFO  server.RaftServerConfigKeys (ConfUtils.java:logGet(43)) - raft.server.log.segment.size.max = 1048576 (custom)
2019-10-16 08:35:33,782 [pool-187-thread-1] INFO  server.RaftServerConfigKeys (ConfUtils.java:logGet(43)) - raft.server.log.preallocated.size = 16384 (custom)
2019-10-16 08:35:33,781 [pool-177-thread-1] INFO  server.RaftServerConfigKeys (ConfUtils.java:logGet(43)) - raft.server.log.write.buffer.size = 33554432 (custom)
2019-10-16 08:35:33,782 [pool-187-thread-1] INFO  server.RaftServerConfigKeys (ConfUtils.java:logGet(43)) - raft.server.log.write.buffer.size = 33554432 (custom)
2019-10-16 08:35:33,782 [pool-197-thread-1] INFO  server.RaftServerConfigKeys (ConfUtils.java:logGet(43)) - raft.server.log.preallocated.size = 16384 (custom)
2019-10-16 08:35:33,782 [pool-187-thread-1] INFO  server.RaftServerConfigKeys (ConfUtils.java:logGet(43)) - raft.server.log.force.sync.num = 128 (default)
2019-10-16 08:35:33,782 [pool-177-thread-1] INFO  server.RaftServerConfigKeys (ConfUtils.java:logGet(43)) - raft.server.log.force.sync.num = 128 (default)
2019-10-16 08:35:33,782 [pool-187-thread-1] INFO  server.RaftServerConfigKeys (ConfUtils.java:logGet(43)) - raft.server.log.statemachine.data.sync = true (default)
2019-10-16 08:35:33,782 [pool-197-thread-1] INFO  server.RaftServerConfigKeys (ConfUtils.java:logGet(43)) - raft.server.log.write.buffer.size = 33554432 (custom)
2019-10-16 08:35:33,783 [pool-187-thread-1] INFO  server.RaftServerConfigKeys (ConfUtils.java:logGet(43)) - raft.server.log.statemachine.data.sync.timeout = 10s (default)
2019-10-16 08:35:33,783 [pool-177-thread-1] INFO  server.RaftServerConfigKeys (ConfUtils.java:logGet(43)) - raft.server.log.statemachine.data.sync = true (default)
2019-10-16 08:35:33,783 [pool-187-thread-1] INFO  server.RaftServerConfigKeys (ConfUtils.java:logGet(43)) - raft.server.log.statemachine.data.sync.timeout.retry = -1 (default)
2019-10-16 08:35:33,783 [pool-197-thread-1] INFO  server.RaftServerConfigKeys (ConfUtils.java:logGet(43)) - raft.server.log.force.sync.num = 128 (default)
2019-10-16 08:35:33,783 [pool-187-thread-1] INFO  server.RaftServerConfigKeys (ConfUtils.java:logGet(43)) - raft.server.log.statemachine.data.caching.enabled = true (custom)
2019-10-16 08:35:33,783 [pool-177-thread-1] INFO  server.RaftServerConfigKeys (ConfUtils.java:logGet(43)) - raft.server.log.statemachine.data.sync.timeout = 10s (default)
2019-10-16 08:35:33,783 [pool-197-thread-1] INFO  server.RaftServerConfigKeys (ConfUtils.java:logGet(43)) - raft.server.log.statemachine.data.sync = true (default)
2019-10-16 08:35:33,784 [pool-177-thread-1] INFO  server.RaftServerConfigKeys (ConfUtils.java:logGet(43)) - raft.server.log.statemachine.data.sync.timeout.retry = -1 (default)
2019-10-16 08:35:33,783 [pool-187-thread-1] INFO  segmented.SegmentedRaftLogWorker (SegmentedRaftLogWorker.java:lambda$new$0(128)) - 7c13de15-ca41-4d07-b5b4-a8e582a829b4@group-09AFB21A047F-SegmentedRaftLogWorker: flushIndex: setUnconditionally 0 -> -1
2019-10-16 08:35:33,784 [pool-197-thread-1] INFO  server.RaftServerConfigKeys (ConfUtils.java:logGet(43)) - raft.server.log.statemachine.data.sync.timeout = 10s (default)
2019-10-16 08:35:33,784 [pool-177-thread-1] INFO  server.RaftServerConfigKeys (ConfUtils.java:logGet(43)) - raft.server.log.statemachine.data.caching.enabled = true (custom)
2019-10-16 08:35:33,784 [pool-197-thread-1] INFO  server.RaftServerConfigKeys (ConfUtils.java:logGet(43)) - raft.server.log.statemachine.data.sync.timeout.retry = -1 (default)
2019-10-16 08:35:33,784 [pool-187-thread-1] INFO  server.RaftServerConfigKeys (ConfUtils.java:logGet(43)) - raft.server.snapshot.auto.trigger.enabled = true (custom)
2019-10-16 08:35:33,784 [pool-177-thread-1] INFO  segmented.SegmentedRaftLogWorker (SegmentedRaftLogWorker.java:lambda$new$0(128)) - 0c0f4d1b-976a-4e9f-8604-d039d444aaac@group-09AFB21A047F-SegmentedRaftLogWorker: flushIndex: setUnconditionally 0 -> -1
2019-10-16 08:35:33,784 [pool-197-thread-1] INFO  server.RaftServerConfigKeys (ConfUtils.java:logGet(43)) - raft.server.log.statemachine.data.caching.enabled = true (custom)
2019-10-16 08:35:33,784 [pool-187-thread-1] INFO  server.RaftServerConfigKeys (ConfUtils.java:logGet(43)) - raft.server.snapshot.auto.trigger.threshold = 10000 (custom)
2019-10-16 08:35:33,785 [pool-177-thread-1] INFO  server.RaftServerConfigKeys (ConfUtils.java:logGet(43)) - raft.server.snapshot.auto.trigger.enabled = true (custom)
2019-10-16 08:35:33,785 [pool-187-thread-1] INFO  server.RaftServerConfigKeys (ConfUtils.java:logGet(43)) - raft.server.snapshot.retention.file.num = 5 (custom)
2019-10-16 08:35:33,785 [pool-197-thread-1] INFO  segmented.SegmentedRaftLogWorker (SegmentedRaftLogWorker.java:lambda$new$0(128)) - 2a428d49-ceb9-4d76-8d46-b118942c371a@group-09AFB21A047F-SegmentedRaftLogWorker: flushIndex: setUnconditionally 0 -> -1
2019-10-16 08:35:33,785 [pool-187-thread-1] INFO  server.RaftServerConfigKeys (ConfUtils.java:logGet(43)) - raft.server.retrycache.expirytime = 600000ms (custom)
2019-10-16 08:35:33,785 [pool-177-thread-1] INFO  server.RaftServerConfigKeys (ConfUtils.java:logGet(43)) - raft.server.snapshot.auto.trigger.threshold = 10000 (custom)
2019-10-16 08:35:33,785 [pool-197-thread-1] INFO  server.RaftServerConfigKeys (ConfUtils.java:logGet(43)) - raft.server.snapshot.auto.trigger.enabled = true (custom)
2019-10-16 08:35:33,786 [pool-197-thread-1] INFO  server.RaftServerConfigKeys (ConfUtils.java:logGet(43)) - raft.server.snapshot.auto.trigger.threshold = 10000 (custom)
2019-10-16 08:35:33,785 [pool-177-thread-1] INFO  server.RaftServerConfigKeys (ConfUtils.java:logGet(43)) - raft.server.snapshot.retention.file.num = 5 (custom)
2019-10-16 08:35:33,786 [pool-197-thread-1] INFO  server.RaftServerConfigKeys (ConfUtils.java:logGet(43)) - raft.server.snapshot.retention.file.num = 5 (custom)
2019-10-16 08:35:33,786 [pool-177-thread-1] INFO  server.RaftServerConfigKeys (ConfUtils.java:logGet(43)) - raft.server.retrycache.expirytime = 600000ms (custom)
2019-10-16 08:35:33,786 [pool-197-thread-1] INFO  server.RaftServerConfigKeys (ConfUtils.java:logGet(43)) - raft.server.retrycache.expirytime = 600000ms (custom)
2019-10-16 08:35:33,787 [pool-187-thread-1] INFO  impl.RaftServerImpl (RaftServerImpl.java:start(195)) - 7c13de15-ca41-4d07-b5b4-a8e582a829b4@group-09AFB21A047F: start as a follower, conf=-1: [7c13de15-ca41-4d07-b5b4-a8e582a829b4:192.168.34.43:42055, 2a428d49-ceb9-4d76-8d46-b118942c371a:192.168.34.43:46585, 0c0f4d1b-976a-4e9f-8604-d039d444aaac:192.168.34.43:39365], old=null
2019-10-16 08:35:33,787 [pool-187-thread-1] INFO  impl.RaftServerImpl (RaftServerImpl.java:setRole(184)) - 7c13de15-ca41-4d07-b5b4-a8e582a829b4@group-09AFB21A047F: changes role from      null to FOLLOWER at term 0 for startAsFollower
2019-10-16 08:35:33,787 [pool-187-thread-1] INFO  impl.RoleInfo (RoleInfo.java:updateAndGet(143)) - 7c13de15-ca41-4d07-b5b4-a8e582a829b4: start FollowerState
2019-10-16 08:35:33,788 [pool-187-thread-1] INFO  util.JmxRegister (JmxRegister.java:tryRegister(44)) - Successfully registered JMX Bean with object name Ratis:service=RaftServer,group=group-09AFB21A047F,id=7c13de15-ca41-4d07-b5b4-a8e582a829b4
2019-10-16 08:35:33,790 [pool-177-thread-1] INFO  impl.RaftServerImpl (RaftServerImpl.java:start(195)) - 0c0f4d1b-976a-4e9f-8604-d039d444aaac@group-09AFB21A047F: start as a follower, conf=-1: [7c13de15-ca41-4d07-b5b4-a8e582a829b4:192.168.34.43:42055, 2a428d49-ceb9-4d76-8d46-b118942c371a:192.168.34.43:46585, 0c0f4d1b-976a-4e9f-8604-d039d444aaac:192.168.34.43:39365], old=null
2019-10-16 08:35:33,791 [pool-177-thread-1] INFO  impl.RaftServerImpl (RaftServerImpl.java:setRole(184)) - 0c0f4d1b-976a-4e9f-8604-d039d444aaac@group-09AFB21A047F: changes role from      null to FOLLOWER at term 0 for startAsFollower
2019-10-16 08:35:33,791 [pool-197-thread-1] INFO  impl.RaftServerImpl (RaftServerImpl.java:start(195)) - 2a428d49-ceb9-4d76-8d46-b118942c371a@group-09AFB21A047F: start as a follower, conf=-1: [7c13de15-ca41-4d07-b5b4-a8e582a829b4:192.168.34.43:42055, 2a428d49-ceb9-4d76-8d46-b118942c371a:192.168.34.43:46585, 0c0f4d1b-976a-4e9f-8604-d039d444aaac:192.168.34.43:39365], old=null
2019-10-16 08:35:33,791 [pool-177-thread-1] INFO  impl.RoleInfo (RoleInfo.java:updateAndGet(143)) - 0c0f4d1b-976a-4e9f-8604-d039d444aaac: start FollowerState
2019-10-16 08:35:33,791 [pool-197-thread-1] INFO  impl.RaftServerImpl (RaftServerImpl.java:setRole(184)) - 2a428d49-ceb9-4d76-8d46-b118942c371a@group-09AFB21A047F: changes role from      null to FOLLOWER at term 0 for startAsFollower
2019-10-16 08:35:33,791 [pool-197-thread-1] INFO  impl.RoleInfo (RoleInfo.java:updateAndGet(143)) - 2a428d49-ceb9-4d76-8d46-b118942c371a: start FollowerState
2019-10-16 08:35:33,791 [pool-177-thread-1] INFO  util.JmxRegister (JmxRegister.java:tryRegister(44)) - Successfully registered JMX Bean with object name Ratis:service=RaftServer,group=group-09AFB21A047F,id=0c0f4d1b-976a-4e9f-8604-d039d444aaac
2019-10-16 08:35:33,792 [pool-197-thread-1] INFO  util.JmxRegister (JmxRegister.java:tryRegister(44)) - Successfully registered JMX Bean with object name Ratis:service=RaftServer,group=group-09AFB21A047F,id=2a428d49-ceb9-4d76-8d46-b118942c371a
2019-10-16 08:35:33,815 [Thread-1138] INFO  impl.FollowerState (FollowerState.java:run(108)) - 7c13de15-ca41-4d07-b5b4-a8e582a829b4@group-09AFB21A047F-FollowerState: change to CANDIDATE, lastRpcTime:27ms, electionTimeout:26ms
2019-10-16 08:35:33,815 [Thread-1138] INFO  impl.RoleInfo (RoleInfo.java:shutdownFollowerState(121)) - 7c13de15-ca41-4d07-b5b4-a8e582a829b4: shutdown FollowerState
2019-10-16 08:35:33,816 [Thread-1138] INFO  impl.RaftServerImpl (RaftServerImpl.java:setRole(184)) - 7c13de15-ca41-4d07-b5b4-a8e582a829b4@group-09AFB21A047F: changes role from  FOLLOWER to CANDIDATE at term 0 for changeToCandidate
2019-10-16 08:35:33,816 [Thread-1138] INFO  impl.RoleInfo (RoleInfo.java:updateAndGet(143)) - 7c13de15-ca41-4d07-b5b4-a8e582a829b4: start LeaderElection
2019-10-16 08:35:33,822 [Thread-1131] INFO  impl.FollowerState (FollowerState.java:run(108)) - 2a428d49-ceb9-4d76-8d46-b118942c371a@group-8AA23ABD2E8D-FollowerState: change to CANDIDATE, lastRpcTime:90ms, electionTimeout:89ms
2019-10-16 08:35:33,827 [Thread-1131] INFO  impl.RoleInfo (RoleInfo.java:shutdownFollowerState(121)) - 2a428d49-ceb9-4d76-8d46-b118942c371a: shutdown FollowerState
2019-10-16 08:35:33,827 [Thread-1131] INFO  impl.RaftServerImpl (RaftServerImpl.java:setRole(184)) - 2a428d49-ceb9-4d76-8d46-b118942c371a@group-8AA23ABD2E8D: changes role from  FOLLOWER to CANDIDATE at term 0 for changeToCandidate
2019-10-16 08:35:33,827 [Thread-1131] INFO  impl.RoleInfo (RoleInfo.java:updateAndGet(143)) - 2a428d49-ceb9-4d76-8d46-b118942c371a: start LeaderElection
2019-10-16 08:35:33,829 [0c0f4d1b-976a-4e9f-8604-d039d444aaac@group-3324C265B413-SegmentedRaftLogWorker] INFO  segmented.SegmentedRaftLogWorker (SegmentedRaftLogWorker.java:execute(576)) - 0c0f4d1b-976a-4e9f-8604-d039d444aaac@group-3324C265B413-SegmentedRaftLogWorker: created new log segment /workdir/hadoop-ozone/ozonefs/target/test-dir/MiniOzoneClusterImpl-c50f55bb-b538-4ff9-83fb-c1aaa774e5e8/datanode-0/data/ratis/af5c9144-d175-4c16-a085-3324c265b413/current/log_inprogress_0
2019-10-16 08:35:33,835 [RatisPipelineUtilsThread] INFO  pipeline.PipelineStateManager (PipelineStateManager.java:addPipeline(56)) - Created pipeline Pipeline[ Id: c6ea927b-c9e6-478f-88b6-09afb21a047f, Nodes: 0c0f4d1b-976a-4e9f-8604-d039d444aaac{ip: 192.168.34.43, host: pr-hdds-1737-dstl4-2900247166, networkLocation: /default-rack, certSerialId: null}2a428d49-ceb9-4d76-8d46-b118942c371a{ip: 192.168.34.43, host: pr-hdds-1737-dstl4-2900247166, networkLocation: /default-rack, certSerialId: null}7c13de15-ca41-4d07-b5b4-a8e582a829b4{ip: 192.168.34.43, host: pr-hdds-1737-dstl4-2900247166, networkLocation: /default-rack, certSerialId: null}, Type:RATIS, Factor:THREE, State:OPEN]
2019-10-16 08:35:33,842 [2a428d49-ceb9-4d76-8d46-b118942c371a@group-8AA23ABD2E8D-LeaderElection62] INFO  impl.LeaderElection (LeaderElection.java:askForVotes(178)) - 2a428d49-ceb9-4d76-8d46-b118942c371a@group-8AA23ABD2E8D-LeaderElection62: begin an election at term 1 for -1: [2a428d49-ceb9-4d76-8d46-b118942c371a:192.168.34.43:46585], old=null
2019-10-16 08:35:33,842 [7c13de15-ca41-4d07-b5b4-a8e582a829b4@group-09AFB21A047F-LeaderElection61] INFO  impl.LeaderElection (LeaderElection.java:askForVotes(178)) - 7c13de15-ca41-4d07-b5b4-a8e582a829b4@group-09AFB21A047F-LeaderElection61: begin an election at term 1 for -1: [7c13de15-ca41-4d07-b5b4-a8e582a829b4:192.168.34.43:42055, 2a428d49-ceb9-4d76-8d46-b118942c371a:192.168.34.43:46585, 0c0f4d1b-976a-4e9f-8604-d039d444aaac:192.168.34.43:39365], old=null
2019-10-16 08:35:33,842 [2a428d49-ceb9-4d76-8d46-b118942c371a@group-8AA23ABD2E8D-LeaderElection62] INFO  impl.RoleInfo (RoleInfo.java:shutdownLeaderElection(134)) - 2a428d49-ceb9-4d76-8d46-b118942c371a: shutdown LeaderElection
2019-10-16 08:35:33,842 [2a428d49-ceb9-4d76-8d46-b118942c371a@group-8AA23ABD2E8D-LeaderElection62] INFO  impl.RaftServerImpl (RaftServerImpl.java:setRole(184)) - 2a428d49-ceb9-4d76-8d46-b118942c371a@group-8AA23ABD2E8D: changes role from CANDIDATE to LEADER at term 1 for changeToLeader
2019-10-16 08:35:33,843 [2a428d49-ceb9-4d76-8d46-b118942c371a@group-8AA23ABD2E8D-LeaderElection62] INFO  impl.RaftServerImpl (ServerState.java:setLeader(256)) - 2a428d49-ceb9-4d76-8d46-b118942c371a@group-8AA23ABD2E8D: change Leader from null to 2a428d49-ceb9-4d76-8d46-b118942c371a at term 1 for becomeLeader, leader elected after 120ms
2019-10-16 08:35:33,843 [2a428d49-ceb9-4d76-8d46-b118942c371a@group-8AA23ABD2E8D-LeaderElection62] INFO  server.RaftServerConfigKeys (ConfUtils.java:logGet(43)) - raft.server.staging.catchup.gap = 1000 (default)
2019-10-16 08:35:33,843 [2a428d49-ceb9-4d76-8d46-b118942c371a@group-8AA23ABD2E8D-LeaderElection62] INFO  server.RaftServerConfigKeys (ConfUtils.java:logGet(43)) - raft.server.rpc.sleep.time = 25ms (default)
2019-10-16 08:35:33,843 [2a428d49-ceb9-4d76-8d46-b118942c371a@group-8AA23ABD2E8D-LeaderElection62] INFO  server.RaftServerConfigKeys (ConfUtils.java:logGet(43)) - raft.server.write.element-limit = 4096 (default)
2019-10-16 08:35:33,843 [2a428d49-ceb9-4d76-8d46-b118942c371a@group-8AA23ABD2E8D-LeaderElection62] INFO  server.RaftServerConfigKeys (ConfUtils.java:logGet(43)) - raft.server.watch.timeout = 10s (default)
2019-10-16 08:35:33,843 [2a428d49-ceb9-4d76-8d46-b118942c371a@group-8AA23ABD2E8D-LeaderElection62] INFO  server.RaftServerConfigKeys (ConfUtils.java:logGet(43)) - raft.server.watch.timeout.denomination = 1s (default)
2019-10-16 08:35:33,844 [2a428d49-ceb9-4d76-8d46-b118942c371a@group-8AA23ABD2E8D-LeaderElection62] INFO  server.RaftServerConfigKeys (ConfUtils.java:logGet(43)) - raft.server.watch.element-limit = 65536 (default)
2019-10-16 08:35:33,848 [2a428d49-ceb9-4d76-8d46-b118942c371a@group-8AA23ABD2E8D-LeaderElection62] INFO  impl.RoleInfo (RoleInfo.java:updateAndGet(143)) - 2a428d49-ceb9-4d76-8d46-b118942c371a: start LeaderState
2019-10-16 08:35:33,849 [2a428d49-ceb9-4d76-8d46-b118942c371a@group-8AA23ABD2E8D-LeaderElection62] INFO  segmented.SegmentedRaftLogWorker (SegmentedRaftLogWorker.java:startLogSegment(385)) - 2a428d49-ceb9-4d76-8d46-b118942c371a@group-8AA23ABD2E8D-SegmentedRaftLogWorker: Starting segment from index:0
2019-10-16 08:35:33,849 [2a428d49-ceb9-4d76-8d46-b118942c371a@group-8AA23ABD2E8D-LeaderElection62] INFO  impl.RaftServerImpl (ServerState.java:setRaftConf(357)) - 2a428d49-ceb9-4d76-8d46-b118942c371a@group-8AA23ABD2E8D: set configuration 0: [2a428d49-ceb9-4d76-8d46-b118942c371a:192.168.34.43:46585], old=null at 0
2019-10-16 08:35:33,886 [Thread-1140] INFO  impl.FollowerState (FollowerState.java:run(108)) - 2a428d49-ceb9-4d76-8d46-b118942c371a@group-09AFB21A047F-FollowerState: change to CANDIDATE, lastRpcTime:94ms, electionTimeout:79ms
2019-10-16 08:35:33,886 [Thread-1128] INFO  impl.FollowerState (FollowerState.java:run(108)) - 7c13de15-ca41-4d07-b5b4-a8e582a829b4@group-D43896475DF0-FollowerState: change to CANDIDATE, lastRpcTime:236ms, electionTimeout:199ms
2019-10-16 08:35:33,886 [Thread-1140] INFO  impl.RoleInfo (RoleInfo.java:shutdownFollowerState(121)) - 2a428d49-ceb9-4d76-8d46-b118942c371a: shutdown FollowerState
2019-10-16 08:35:33,886 [Thread-1128] INFO  impl.RoleInfo (RoleInfo.java:shutdownFollowerState(121)) - 7c13de15-ca41-4d07-b5b4-a8e582a829b4: shutdown FollowerState
2019-10-16 08:35:33,887 [Thread-1140] INFO  impl.RaftServerImpl (RaftServerImpl.java:setRole(184)) - 2a428d49-ceb9-4d76-8d46-b118942c371a@group-09AFB21A047F: changes role from  FOLLOWER to CANDIDATE at term 0 for changeToCandidate
2019-10-16 08:35:33,887 [Thread-1128] INFO  impl.RaftServerImpl (RaftServerImpl.java:setRole(184)) - 7c13de15-ca41-4d07-b5b4-a8e582a829b4@group-D43896475DF0: changes role from  FOLLOWER to CANDIDATE at term 0 for changeToCandidate
2019-10-16 08:35:33,887 [Thread-1140] INFO  impl.RoleInfo (RoleInfo.java:updateAndGet(143)) - 2a428d49-ceb9-4d76-8d46-b118942c371a: start LeaderElection
2019-10-16 08:35:33,887 [Thread-1128] INFO  impl.RoleInfo (RoleInfo.java:updateAndGet(143)) - 7c13de15-ca41-4d07-b5b4-a8e582a829b4: start LeaderElection
2019-10-16 08:35:33,891 [grpc-default-executor-2] INFO  impl.RaftServerImpl (RaftServerImpl.java:setRole(184)) - 0c0f4d1b-976a-4e9f-8604-d039d444aaac@group-09AFB21A047F: changes role from  FOLLOWER to FOLLOWER at term 1 for recognizeCandidate:7c13de15-ca41-4d07-b5b4-a8e582a829b4
2019-10-16 08:35:33,892 [grpc-default-executor-2] INFO  impl.RoleInfo (RoleInfo.java:shutdownFollowerState(121)) - 0c0f4d1b-976a-4e9f-8604-d039d444aaac: shutdown FollowerState
2019-10-16 08:35:33,892 [grpc-default-executor-2] INFO  impl.RoleInfo (RoleInfo.java:updateAndGet(143)) - 0c0f4d1b-976a-4e9f-8604-d039d444aaac: start FollowerState
2019-10-16 08:35:33,892 [Thread-1139] INFO  impl.FollowerState (FollowerState.java:run(117)) - 0c0f4d1b-976a-4e9f-8604-d039d444aaac@group-09AFB21A047F-FollowerState was interrupted: java.lang.InterruptedException: sleep interrupted
2019-10-16 08:35:33,899 [2a428d49-ceb9-4d76-8d46-b118942c371a@group-8AA23ABD2E8D-SegmentedRaftLogWorker] INFO  segmented.SegmentedRaftLogWorker (SegmentedRaftLogWorker.java:execute(576)) - 2a428d49-ceb9-4d76-8d46-b118942c371a@group-8AA23ABD2E8D-SegmentedRaftLogWorker: created new log segment /workdir/hadoop-ozone/ozonefs/target/test-dir/MiniOzoneClusterImpl-c50f55bb-b538-4ff9-83fb-c1aaa774e5e8/datanode-2/data/ratis/45f88643-1a48-4032-be8c-8aa23abd2e8d/current/log_inprogress_0
2019-10-16 08:35:33,899 [7c13de15-ca41-4d07-b5b4-a8e582a829b4@group-D43896475DF0-LeaderElection64] INFO  impl.LeaderElection (LeaderElection.java:askForVotes(178)) - 7c13de15-ca41-4d07-b5b4-a8e582a829b4@group-D43896475DF0-LeaderElection64: begin an election at term 1 for -1: [7c13de15-ca41-4d07-b5b4-a8e582a829b4:192.168.34.43:42055], old=null
2019-10-16 08:35:33,899 [2a428d49-ceb9-4d76-8d46-b118942c371a@group-09AFB21A047F-LeaderElection63] INFO  impl.LeaderElection (LeaderElection.java:askForVotes(178)) - 2a428d49-ceb9-4d76-8d46-b118942c371a@group-09AFB21A047F-LeaderElection63: begin an election at term 1 for -1: [7c13de15-ca41-4d07-b5b4-a8e582a829b4:192.168.34.43:42055, 2a428d49-ceb9-4d76-8d46-b118942c371a:192.168.34.43:46585, 0c0f4d1b-976a-4e9f-8604-d039d444aaac:192.168.34.43:39365], old=null
2019-10-16 08:35:33,899 [7c13de15-ca41-4d07-b5b4-a8e582a829b4@group-D43896475DF0-LeaderElection64] INFO  impl.RoleInfo (RoleInfo.java:shutdownLeaderElection(134)) - 7c13de15-ca41-4d07-b5b4-a8e582a829b4: shutdown LeaderElection
2019-10-16 08:35:33,899 [7c13de15-ca41-4d07-b5b4-a8e582a829b4@group-D43896475DF0-LeaderElection64] INFO  impl.RaftServerImpl (RaftServerImpl.java:setRole(184)) - 7c13de15-ca41-4d07-b5b4-a8e582a829b4@group-D43896475DF0: changes role from CANDIDATE to LEADER at term 1 for changeToLeader
2019-10-16 08:35:33,899 [7c13de15-ca41-4d07-b5b4-a8e582a829b4@group-D43896475DF0-LeaderElection64] INFO  impl.RaftServerImpl (ServerState.java:setLeader(256)) - 7c13de15-ca41-4d07-b5b4-a8e582a829b4@group-D43896475DF0: change Leader from null to 7c13de15-ca41-4d07-b5b4-a8e582a829b4 at term 1 for becomeLeader, leader elected after 259ms
2019-10-16 08:35:33,899 [7c13de15-ca41-4d07-b5b4-a8e582a829b4@group-D43896475DF0-LeaderElection64] INFO  server.RaftServerConfigKeys (ConfUtils.java:logGet(43)) - raft.server.staging.catchup.gap = 1000 (default)
2019-10-16 08:35:33,900 [7c13de15-ca41-4d07-b5b4-a8e582a829b4@group-D43896475DF0-LeaderElection64] INFO  server.RaftServerConfigKeys (ConfUtils.java:logGet(43)) - raft.server.rpc.sleep.time = 25ms (default)
2019-10-16 08:35:33,901 [7c13de15-ca41-4d07-b5b4-a8e582a829b4@group-D43896475DF0-LeaderElection64] INFO  server.RaftServerConfigKeys (ConfUtils.java:logGet(43)) - raft.server.write.element-limit = 4096 (default)
2019-10-16 08:35:33,901 [7c13de15-ca41-4d07-b5b4-a8e582a829b4@group-D43896475DF0-LeaderElection64] INFO  server.RaftServerConfigKeys (ConfUtils.java:logGet(43)) - raft.server.watch.timeout = 10s (default)
2019-10-16 08:35:33,901 [7c13de15-ca41-4d07-b5b4-a8e582a829b4@group-D43896475DF0-LeaderElection64] INFO  server.RaftServerConfigKeys (ConfUtils.java:logGet(43)) - raft.server.watch.timeout.denomination = 1s (default)
2019-10-16 08:35:33,904 [7c13de15-ca41-4d07-b5b4-a8e582a829b4@group-D43896475DF0-LeaderElection64] INFO  server.RaftServerConfigKeys (ConfUtils.java:logGet(43)) - raft.server.watch.element-limit = 65536 (default)
2019-10-16 08:35:33,904 [7c13de15-ca41-4d07-b5b4-a8e582a829b4@group-09AFB21A047F-LeaderElection61] INFO  impl.LeaderElection (LeaderElection.java:logAndReturn(56)) - 7c13de15-ca41-4d07-b5b4-a8e582a829b4@group-09AFB21A047F-LeaderElection61: Election PASSED; received 1 response(s) [7c13de15-ca41-4d07-b5b4-a8e582a829b4<-0c0f4d1b-976a-4e9f-8604-d039d444aaac#0:OK-t1] and 0 exception(s); 7c13de15-ca41-4d07-b5b4-a8e582a829b4@group-09AFB21A047F:t1, leader=null, voted=7c13de15-ca41-4d07-b5b4-a8e582a829b4, raftlog=7c13de15-ca41-4d07-b5b4-a8e582a829b4@group-09AFB21A047F-SegmentedRaftLog:OPENED:c-1,f-1,i0, conf=-1: [7c13de15-ca41-4d07-b5b4-a8e582a829b4:192.168.34.43:42055, 2a428d49-ceb9-4d76-8d46-b118942c371a:192.168.34.43:46585, 0c0f4d1b-976a-4e9f-8604-d039d444aaac:192.168.34.43:39365], old=null
2019-10-16 08:35:33,905 [7c13de15-ca41-4d07-b5b4-a8e582a829b4@group-09AFB21A047F-LeaderElection61] INFO  impl.RoleInfo (RoleInfo.java:shutdownLeaderElection(134)) - 7c13de15-ca41-4d07-b5b4-a8e582a829b4: shutdown LeaderElection
2019-10-16 08:35:33,905 [7c13de15-ca41-4d07-b5b4-a8e582a829b4@group-09AFB21A047F-LeaderElection61] INFO  impl.RaftServerImpl (RaftServerImpl.java:setRole(184)) - 7c13de15-ca41-4d07-b5b4-a8e582a829b4@group-09AFB21A047F: changes role from CANDIDATE to LEADER at term 1 for changeToLeader
2019-10-16 08:35:33,905 [7c13de15-ca41-4d07-b5b4-a8e582a829b4@group-09AFB21A047F-LeaderElection61] INFO  impl.RaftServerImpl (ServerState.java:setLeader(256)) - 7c13de15-ca41-4d07-b5b4-a8e582a829b4@group-09AFB21A047F: change Leader from null to 7c13de15-ca41-4d07-b5b4-a8e582a829b4 at term 1 for becomeLeader, leader elected after 127ms
2019-10-16 08:35:33,905 [7c13de15-ca41-4d07-b5b4-a8e582a829b4@group-09AFB21A047F-LeaderElection61] INFO  server.RaftServerConfigKeys (ConfUtils.java:logGet(43)) - raft.server.staging.catchup.gap = 1000 (default)
2019-10-16 08:35:33,905 [7c13de15-ca41-4d07-b5b4-a8e582a829b4@group-09AFB21A047F-LeaderElection61] INFO  server.RaftServerConfigKeys (ConfUtils.java:logGet(43)) - raft.server.rpc.sleep.time = 25ms (default)
2019-10-16 08:35:33,906 [7c13de15-ca41-4d07-b5b4-a8e582a829b4@group-09AFB21A047F-LeaderElection61] INFO  server.RaftServerConfigKeys (ConfUtils.java:logGet(43)) - raft.server.write.element-limit = 4096 (default)
2019-10-16 08:35:33,906 [7c13de15-ca41-4d07-b5b4-a8e582a829b4@group-09AFB21A047F-LeaderElection61] INFO  server.RaftServerConfigKeys (ConfUtils.java:logGet(43)) - raft.server.watch.timeout = 10s (default)
2019-10-16 08:35:33,906 [7c13de15-ca41-4d07-b5b4-a8e582a829b4@group-09AFB21A047F-LeaderElection61] INFO  server.RaftServerConfigKeys (ConfUtils.java:logGet(43)) - raft.server.watch.timeout.denomination = 1s (default)
2019-10-16 08:35:33,906 [7c13de15-ca41-4d07-b5b4-a8e582a829b4@group-09AFB21A047F-LeaderElection61] INFO  server.RaftServerConfigKeys (ConfUtils.java:logGet(43)) - raft.server.watch.element-limit = 65536 (default)
2019-10-16 08:35:33,909 [7c13de15-ca41-4d07-b5b4-a8e582a829b4@group-D43896475DF0-LeaderElection64] INFO  impl.RoleInfo (RoleInfo.java:updateAndGet(143)) - 7c13de15-ca41-4d07-b5b4-a8e582a829b4: start LeaderState
2019-10-16 08:35:33,910 [7c13de15-ca41-4d07-b5b4-a8e582a829b4@group-D43896475DF0-LeaderElection64] INFO  segmented.SegmentedRaftLogWorker (SegmentedRaftLogWorker.java:startLogSegment(385)) - 7c13de15-ca41-4d07-b5b4-a8e582a829b4@group-D43896475DF0-SegmentedRaftLogWorker: Starting segment from index:0
2019-10-16 08:35:33,911 [7c13de15-ca41-4d07-b5b4-a8e582a829b4@group-09AFB21A047F-LeaderElection61] INFO  server.RaftServerConfigKeys (ConfUtils.java:logGet(43)) - raft.server.log.appender.snapshot.chunk.size.max = 16MB (=16777216) (default)
2019-10-16 08:35:33,911 [7c13de15-ca41-4d07-b5b4-a8e582a829b4@group-09AFB21A047F-LeaderElection61] INFO  server.RaftServerConfigKeys (ConfUtils.java:logGet(43)) - raft.server.log.appender.buffer.byte-limit = 33554432 (custom)
2019-10-16 08:35:33,911 [7c13de15-ca41-4d07-b5b4-a8e582a829b4@group-D43896475DF0-LeaderElection64] INFO  impl.RaftServerImpl (ServerState.java:setRaftConf(357)) - 7c13de15-ca41-4d07-b5b4-a8e582a829b4@group-D43896475DF0: set configuration 0: [7c13de15-ca41-4d07-b5b4-a8e582a829b4:192.168.34.43:42055], old=null at 0
2019-10-16 08:35:33,911 [7c13de15-ca41-4d07-b5b4-a8e582a829b4@group-09AFB21A047F-LeaderElection61] INFO  server.RaftServerConfigKeys (ConfUtils.java:logGet(43)) - raft.server.log.appender.buffer.element-limit = 1 (custom)
2019-10-16 08:35:33,940 [7c13de15-ca41-4d07-b5b4-a8e582a829b4@group-09AFB21A047F-LeaderElection61] INFO  grpc.GrpcConfigKeys$Server (ConfUtils.java:logGet(43)) - raft.grpc.server.leader.outstanding.appends.max = 128 (default)
2019-10-16 08:35:33,940 [7c13de15-ca41-4d07-b5b4-a8e582a829b4@group-09AFB21A047F-LeaderElection61] INFO  server.RaftServerConfigKeys (ConfUtils.java:logGet(43)) - raft.server.rpc.request.timeout = 3000ms (default)
2019-10-16 08:35:33,940 [7c13de15-ca41-4d07-b5b4-a8e582a829b4@group-09AFB21A047F-LeaderElection61] INFO  server.RaftServerConfigKeys (ConfUtils.java:logGet(43)) - raft.server.log.appender.install.snapshot.enabled = false (custom)
2019-10-16 08:35:33,942 [7c13de15-ca41-4d07-b5b4-a8e582a829b4@group-09AFB21A047F-LeaderElection61] INFO  server.RaftServerConfigKeys (ConfUtils.java:logGet(43)) - raft.server.log.appender.snapshot.chunk.size.max = 16MB (=16777216) (default)
2019-10-16 08:35:33,943 [7c13de15-ca41-4d07-b5b4-a8e582a829b4@group-09AFB21A047F-LeaderElection61] INFO  server.RaftServerConfigKeys (ConfUtils.java:logGet(43)) - raft.server.log.appender.buffer.byte-limit = 33554432 (custom)
2019-10-16 08:35:33,943 [7c13de15-ca41-4d07-b5b4-a8e582a829b4@group-09AFB21A047F-LeaderElection61] INFO  server.RaftServerConfigKeys (ConfUtils.java:logGet(43)) - raft.server.log.appender.buffer.element-limit = 1 (custom)
2019-10-16 08:35:33,943 [7c13de15-ca41-4d07-b5b4-a8e582a829b4@group-09AFB21A047F-LeaderElection61] INFO  grpc.GrpcConfigKeys$Server (ConfUtils.java:logGet(43)) - raft.grpc.server.leader.outstanding.appends.max = 128 (default)
2019-10-16 08:35:33,943 [7c13de15-ca41-4d07-b5b4-a8e582a829b4@group-09AFB21A047F-LeaderElection61] INFO  server.RaftServerConfigKeys (ConfUtils.java:logGet(43)) - raft.server.rpc.request.timeout = 3000ms (default)
2019-10-16 08:35:33,943 [7c13de15-ca41-4d07-b5b4-a8e582a829b4@group-09AFB21A047F-LeaderElection61] INFO  server.RaftServerConfigKeys (ConfUtils.java:logGet(43)) - raft.server.log.appender.install.snapshot.enabled = false (custom)
2019-10-16 08:35:33,945 [7c13de15-ca41-4d07-b5b4-a8e582a829b4@group-09AFB21A047F-LeaderElection61] INFO  impl.RoleInfo (RoleInfo.java:updateAndGet(143)) - 7c13de15-ca41-4d07-b5b4-a8e582a829b4: start LeaderState
2019-10-16 08:35:33,945 [7c13de15-ca41-4d07-b5b4-a8e582a829b4@group-09AFB21A047F-LeaderElection61] INFO  segmented.SegmentedRaftLogWorker (SegmentedRaftLogWorker.java:startLogSegment(385)) - 7c13de15-ca41-4d07-b5b4-a8e582a829b4@group-09AFB21A047F-SegmentedRaftLogWorker: Starting segment from index:0
2019-10-16 08:35:33,946 [7c13de15-ca41-4d07-b5b4-a8e582a829b4@group-09AFB21A047F-LeaderElection61] INFO  impl.RaftServerImpl (ServerState.java:setRaftConf(357)) - 7c13de15-ca41-4d07-b5b4-a8e582a829b4@group-09AFB21A047F: set configuration 0: [7c13de15-ca41-4d07-b5b4-a8e582a829b4:192.168.34.43:42055, 2a428d49-ceb9-4d76-8d46-b118942c371a:192.168.34.43:46585, 0c0f4d1b-976a-4e9f-8604-d039d444aaac:192.168.34.43:39365], old=null at 0
2019-10-16 08:35:33,974 [grpc-default-executor-0] INFO  impl.RaftServerImpl (RaftServerImpl.java:requestVote(776)) - 7c13de15-ca41-4d07-b5b4-a8e582a829b4@group-09AFB21A047F-   LEADER: Withhold vote from candidate 2a428d49-ceb9-4d76-8d46-b118942c371a with term 1. State: leader=7c13de15-ca41-4d07-b5b4-a8e582a829b4, term=1, lastRpcElapsed=null
2019-10-16 08:35:33,974 [7c13de15-ca41-4d07-b5b4-a8e582a829b4@group-D43896475DF0-SegmentedRaftLogWorker] INFO  segmented.SegmentedRaftLogWorker (SegmentedRaftLogWorker.java:execute(576)) - 7c13de15-ca41-4d07-b5b4-a8e582a829b4@group-D43896475DF0-SegmentedRaftLogWorker: created new log segment /workdir/hadoop-ozone/ozonefs/target/test-dir/MiniOzoneClusterImpl-c50f55bb-b538-4ff9-83fb-c1aaa774e5e8/datanode-1/data/ratis/8a685bf4-237a-4fa5-863c-d43896475df0/current/log_inprogress_0
2019-10-16 08:35:33,977 [2a428d49-ceb9-4d76-8d46-b118942c371a@group-09AFB21A047F-LeaderElection63] INFO  impl.LeaderElection (LeaderElection.java:logAndReturn(56)) - 2a428d49-ceb9-4d76-8d46-b118942c371a@group-09AFB21A047F-LeaderElection63: Election REJECTED; received 2 response(s) [2a428d49-ceb9-4d76-8d46-b118942c371a<-7c13de15-ca41-4d07-b5b4-a8e582a829b4#0:FAIL-t1, 2a428d49-ceb9-4d76-8d46-b118942c371a<-0c0f4d1b-976a-4e9f-8604-d039d444aaac#0:FAIL-t1] and 0 exception(s); 2a428d49-ceb9-4d76-8d46-b118942c371a@group-09AFB21A047F:t1, leader=null, voted=2a428d49-ceb9-4d76-8d46-b118942c371a, raftlog=2a428d49-ceb9-4d76-8d46-b118942c371a@group-09AFB21A047F-SegmentedRaftLog:OPENED:c-1,f-1,i0, conf=-1: [7c13de15-ca41-4d07-b5b4-a8e582a829b4:192.168.34.43:42055, 2a428d49-ceb9-4d76-8d46-b118942c371a:192.168.34.43:46585, 0c0f4d1b-976a-4e9f-8604-d039d444aaac:192.168.34.43:39365], old=null
2019-10-16 08:35:33,977 [7c13de15-ca41-4d07-b5b4-a8e582a829b4@group-09AFB21A047F-SegmentedRaftLogWorker] INFO  segmented.SegmentedRaftLogWorker (SegmentedRaftLogWorker.java:execute(576)) - 7c13de15-ca41-4d07-b5b4-a8e582a829b4@group-09AFB21A047F-SegmentedRaftLogWorker: created new log segment /workdir/hadoop-ozone/ozonefs/target/test-dir/MiniOzoneClusterImpl-c50f55bb-b538-4ff9-83fb-c1aaa774e5e8/datanode-1/data/ratis/c6ea927b-c9e6-478f-88b6-09afb21a047f/current/log_inprogress_0
2019-10-16 08:35:33,977 [2a428d49-ceb9-4d76-8d46-b118942c371a@group-09AFB21A047F-LeaderElection63] INFO  impl.RaftServerImpl (RaftServerImpl.java:setRole(184)) - 2a428d49-ceb9-4d76-8d46-b118942c371a@group-09AFB21A047F: changes role from CANDIDATE to FOLLOWER at term 1 for DISCOVERED_A_NEW_TERM
2019-10-16 08:35:33,977 [2a428d49-ceb9-4d76-8d46-b118942c371a@group-09AFB21A047F-LeaderElection63] INFO  impl.RoleInfo (RoleInfo.java:shutdownLeaderElection(134)) - 2a428d49-ceb9-4d76-8d46-b118942c371a: shutdown LeaderElection
2019-10-16 08:35:33,978 [2a428d49-ceb9-4d76-8d46-b118942c371a@group-09AFB21A047F-LeaderElection63] INFO  impl.RoleInfo (RoleInfo.java:updateAndGet(143)) - 2a428d49-ceb9-4d76-8d46-b118942c371a: start FollowerState
2019-10-16 08:35:33,978 [grpc-default-executor-0] INFO  impl.RaftServerImpl (ServerState.java:setLeader(256)) - 0c0f4d1b-976a-4e9f-8604-d039d444aaac@group-09AFB21A047F: change Leader from null to 7c13de15-ca41-4d07-b5b4-a8e582a829b4 at term 1 for appendEntries, leader elected after 201ms
2019-10-16 08:35:33,979 [grpc-default-executor-2] INFO  impl.RaftServerImpl (ServerState.java:setLeader(256)) - 2a428d49-ceb9-4d76-8d46-b118942c371a@group-09AFB21A047F: change Leader from null to 7c13de15-ca41-4d07-b5b4-a8e582a829b4 at term 1 for appendEntries, leader elected after 201ms
2019-10-16 08:35:33,983 [grpc-default-executor-2] INFO  impl.RaftServerImpl (ServerState.java:setRaftConf(357)) - 2a428d49-ceb9-4d76-8d46-b118942c371a@group-09AFB21A047F: set configuration 0: [7c13de15-ca41-4d07-b5b4-a8e582a829b4:192.168.34.43:42055, 2a428d49-ceb9-4d76-8d46-b118942c371a:192.168.34.43:46585, 0c0f4d1b-976a-4e9f-8604-d039d444aaac:192.168.34.43:39365], old=null at 0
2019-10-16 08:35:33,983 [grpc-default-executor-0] INFO  impl.RaftServerImpl (ServerState.java:setRaftConf(357)) - 0c0f4d1b-976a-4e9f-8604-d039d444aaac@group-09AFB21A047F: set configuration 0: [7c13de15-ca41-4d07-b5b4-a8e582a829b4:192.168.34.43:42055, 2a428d49-ceb9-4d76-8d46-b118942c371a:192.168.34.43:46585, 0c0f4d1b-976a-4e9f-8604-d039d444aaac:192.168.34.43:39365], old=null at 0
2019-10-16 08:35:33,983 [grpc-default-executor-2] INFO  segmented.SegmentedRaftLogWorker (SegmentedRaftLogWorker.java:startLogSegment(385)) - 2a428d49-ceb9-4d76-8d46-b118942c371a@group-09AFB21A047F-SegmentedRaftLogWorker: Starting segment from index:0
2019-10-16 08:35:33,983 [grpc-default-executor-0] INFO  segmented.SegmentedRaftLogWorker (SegmentedRaftLogWorker.java:startLogSegment(385)) - 0c0f4d1b-976a-4e9f-8604-d039d444aaac@group-09AFB21A047F-SegmentedRaftLogWorker: Starting segment from index:0
2019-10-16 08:35:34,013 [2a428d49-ceb9-4d76-8d46-b118942c371a@group-09AFB21A047F-SegmentedRaftLogWorker] INFO  segmented.SegmentedRaftLogWorker (SegmentedRaftLogWorker.java:execute(576)) - 2a428d49-ceb9-4d76-8d46-b118942c371a@group-09AFB21A047F-SegmentedRaftLogWorker: created new log segment /workdir/hadoop-ozone/ozonefs/target/test-dir/MiniOzoneClusterImpl-c50f55bb-b538-4ff9-83fb-c1aaa774e5e8/datanode-2/data/ratis/c6ea927b-c9e6-478f-88b6-09afb21a047f/current/log_inprogress_0
2019-10-16 08:35:34,027 [0c0f4d1b-976a-4e9f-8604-d039d444aaac@group-09AFB21A047F-SegmentedRaftLogWorker] INFO  segmented.SegmentedRaftLogWorker (SegmentedRaftLogWorker.java:execute(576)) - 0c0f4d1b-976a-4e9f-8604-d039d444aaac@group-09AFB21A047F-SegmentedRaftLogWorker: created new log segment /workdir/hadoop-ozone/ozonefs/target/test-dir/MiniOzoneClusterImpl-c50f55bb-b538-4ff9-83fb-c1aaa774e5e8/datanode-0/data/ratis/c6ea927b-c9e6-478f-88b6-09afb21a047f/current/log_inprogress_0
2019-10-16 08:35:34,691 [Thread-951] INFO  ozone.MiniOzoneClusterImpl (MiniOzoneClusterImpl.java:lambda$waitForClusterToBeReady$0(147)) - Cluster is ready. Got 3 of 3 DN Heartbeats.
2019-10-16 08:35:34,746 [Thread-951] INFO  rpc.RpcClient (RpcClient.java:createVolume(272)) - Creating Volume: volume95038, with user79563 as owner.
2019-10-16 08:35:34,752 [IPC Server handler 2 on 40438] INFO  volume.OMVolumeCreateRequest (OMVolumeCreateRequest.java:validateAndUpdateCache(193)) - created volume:volume95038 for user:user79563
2019-10-16 08:35:34,764 [Thread-951] INFO  rpc.RpcClient (RpcClient.java:createBucket(411)) - Creating Bucket: volume95038/bucket62580, with Versioning false and Storage Type set to DISK and Encryption set to false 
2019-10-16 08:35:34,831 [IPC Server handler 9 on 40438] ERROR lock.LockManager (LockManager.java:getLockForReleasing(218)) - Trying to release the lock on /volume95038/bucket62580, which was never acquired.
2019-10-16 08:35:34,831 [IPC Server handler 9 on 40438] WARN  ipc.Server (Server.java:logException(2724)) - IPC Server handler 9 on 40438, call Call#104 Retry#0 org.apache.hadoop.ozone.om.protocol.OzoneManagerProtocol.submitRequest from 127.0.0.1:40140
java.lang.IllegalMonitorStateException: Releasing lock on resource /volume95038/bucket62580 without acquiring lock
	at org.apache.hadoop.ozone.lock.LockManager.getLockForReleasing(LockManager.java:220)
	at org.apache.hadoop.ozone.lock.LockManager.release(LockManager.java:168)
	at org.apache.hadoop.ozone.lock.LockManager.writeUnlock(LockManager.java:148)
	at org.apache.hadoop.ozone.om.lock.OzoneManagerLock.unlock(OzoneManagerLock.java:364)
	at org.apache.hadoop.ozone.om.lock.OzoneManagerLock.releaseWriteLock(OzoneManagerLock.java:329)
	at org.apache.hadoop.ozone.om.request.key.OMKeyCommitRequest.validateAndUpdateCache(OMKeyCommitRequest.java:177)
	at org.apache.hadoop.ozone.protocolPB.OzoneManagerProtocolServerSideTranslatorPB.submitRequestDirectlyToOM(OzoneManagerProtocolServerSideTranslatorPB.java:219)
	at org.apache.hadoop.ozone.protocolPB.OzoneManagerProtocolServerSideTranslatorPB.processRequest(OzoneManagerProtocolServerSideTranslatorPB.java:134)
	at org.apache.hadoop.hdds.server.OzoneProtocolMessageDispatcher.processRequest(OzoneProtocolMessageDispatcher.java:72)
	at org.apache.hadoop.ozone.protocolPB.OzoneManagerProtocolServerSideTranslatorPB.submitRequest(OzoneManagerProtocolServerSideTranslatorPB.java:100)
	at org.apache.hadoop.ozone.protocol.proto.OzoneManagerProtocolProtos$OzoneManagerService$2.callBlockingMethod(OzoneManagerProtocolProtos.java)
	at org.apache.hadoop.ipc.ProtobufRpcEngine$Server$ProtoBufRpcInvoker.call(ProtobufRpcEngine.java:524)
	at org.apache.hadoop.ipc.RPC$Server.call(RPC.java:1025)
	at org.apache.hadoop.ipc.Server$RpcCall.run(Server.java:876)
	at org.apache.hadoop.ipc.Server$RpcCall.run(Server.java:822)
	at java.security.AccessController.doPrivileged(Native Method)
	at javax.security.auth.Subject.doAs(Subject.java:422)
	at org.apache.hadoop.security.UserGroupInformation.doAs(UserGroupInformation.java:1730)
	at org.apache.hadoop.ipc.Server$Handler.run(Server.java:2682)
2019-10-16 08:35:34,836 [Thread-951] INFO  retry.RetryInvocationHandler (RetryInvocationHandler.java:log(411)) - com.google.protobuf.ServiceException: org.apache.hadoop.ipc.RemoteException(java.lang.IllegalMonitorStateException): Releasing lock on resource /volume95038/bucket62580 without acquiring lock
	at org.apache.hadoop.ozone.lock.LockManager.getLockForReleasing(LockManager.java:220)
	at org.apache.hadoop.ozone.lock.LockManager.release(LockManager.java:168)
	at org.apache.hadoop.ozone.lock.LockManager.writeUnlock(LockManager.java:148)
	at org.apache.hadoop.ozone.om.lock.OzoneManagerLock.unlock(OzoneManagerLock.java:364)
	at org.apache.hadoop.ozone.om.lock.OzoneManagerLock.releaseWriteLock(OzoneManagerLock.java:329)
	at org.apache.hadoop.ozone.om.request.key.OMKeyCommitRequest.validateAndUpdateCache(OMKeyCommitRequest.java:177)
	at org.apache.hadoop.ozone.protocolPB.OzoneManagerProtocolServerSideTranslatorPB.submitRequestDirectlyToOM(OzoneManagerProtocolServerSideTranslatorPB.java:219)
	at org.apache.hadoop.ozone.protocolPB.OzoneManagerProtocolServerSideTranslatorPB.processRequest(OzoneManagerProtocolServerSideTranslatorPB.java:134)
	at org.apache.hadoop.hdds.server.OzoneProtocolMessageDispatcher.processRequest(OzoneProtocolMessageDispatcher.java:72)
	at org.apache.hadoop.ozone.protocolPB.OzoneManagerProtocolServerSideTranslatorPB.submitRequest(OzoneManagerProtocolServerSideTranslatorPB.java:100)
	at org.apache.hadoop.ozone.protocol.proto.OzoneManagerProtocolProtos$OzoneManagerService$2.callBlockingMethod(OzoneManagerProtocolProtos.java)
	at org.apache.hadoop.ipc.ProtobufRpcEngine$Server$ProtoBufRpcInvoker.call(ProtobufRpcEngine.java:524)
	at org.apache.hadoop.ipc.RPC$Server.call(RPC.java:1025)
	at org.apache.hadoop.ipc.Server$RpcCall.run(Server.java:876)
	at org.apache.hadoop.ipc.Server$RpcCall.run(Server.java:822)
	at java.security.AccessController.doPrivileged(Native Method)
	at javax.security.auth.Subject.doAs(Subject.java:422)
	at org.apache.hadoop.security.UserGroupInformation.doAs(UserGroupInformation.java:1730)
	at org.apache.hadoop.ipc.Server$Handler.run(Server.java:2682)
, while invoking $Proxy37.submitRequest over nodeId=null,nodeAddress=localhost:40438. Trying to failover immediately.
2019-10-16 08:35:34,838 [IPC Server handler 10 on 40438] ERROR lock.LockManager (LockManager.java:getLockForReleasing(218)) - Trying to release the lock on /volume95038/bucket62580, which was never acquired.
2019-10-16 08:35:34,838 [IPC Server handler 10 on 40438] WARN  ipc.Server (Server.java:logException(2724)) - IPC Server handler 10 on 40438, call Call#104 Retry#1 org.apache.hadoop.ozone.om.protocol.OzoneManagerProtocol.submitRequest from 127.0.0.1:40140
java.lang.IllegalMonitorStateException: Releasing lock on resource /volume95038/bucket62580 without acquiring lock
	at org.apache.hadoop.ozone.lock.LockManager.getLockForReleasing(LockManager.java:220)
	at org.apache.hadoop.ozone.lock.LockManager.release(LockManager.java:168)
	at org.apache.hadoop.ozone.lock.LockManager.writeUnlock(LockManager.java:148)
	at org.apache.hadoop.ozone.om.lock.OzoneManagerLock.unlock(OzoneManagerLock.java:364)
	at org.apache.hadoop.ozone.om.lock.OzoneManagerLock.releaseWriteLock(OzoneManagerLock.java:329)
	at org.apache.hadoop.ozone.om.request.key.OMKeyCommitRequest.validateAndUpdateCache(OMKeyCommitRequest.java:177)
	at org.apache.hadoop.ozone.protocolPB.OzoneManagerProtocolServerSideTranslatorPB.submitRequestDirectlyToOM(OzoneManagerProtocolServerSideTranslatorPB.java:219)
	at org.apache.hadoop.ozone.protocolPB.OzoneManagerProtocolServerSideTranslatorPB.processRequest(OzoneManagerProtocolServerSideTranslatorPB.java:134)
	at org.apache.hadoop.hdds.server.OzoneProtocolMessageDispatcher.processRequest(OzoneProtocolMessageDispatcher.java:72)
	at org.apache.hadoop.ozone.protocolPB.OzoneManagerProtocolServerSideTranslatorPB.submitRequest(OzoneManagerProtocolServerSideTranslatorPB.java:100)
	at org.apache.hadoop.ozone.protocol.proto.OzoneManagerProtocolProtos$OzoneManagerService$2.callBlockingMethod(OzoneManagerProtocolProtos.java)
	at org.apache.hadoop.ipc.ProtobufRpcEngine$Server$ProtoBufRpcInvoker.call(ProtobufRpcEngine.java:524)
	at org.apache.hadoop.ipc.RPC$Server.call(RPC.java:1025)
	at org.apache.hadoop.ipc.Server$RpcCall.run(Server.java:876)
	at org.apache.hadoop.ipc.Server$RpcCall.run(Server.java:822)
	at java.security.AccessController.doPrivileged(Native Method)
	at javax.security.auth.Subject.doAs(Subject.java:422)
	at org.apache.hadoop.security.UserGroupInformation.doAs(UserGroupInformation.java:1730)
	at org.apache.hadoop.ipc.Server$Handler.run(Server.java:2682)
2019-10-16 08:35:34,840 [Thread-951] INFO  retry.RetryInvocationHandler (RetryInvocationHandler.java:log(411)) - com.google.protobuf.ServiceException: org.apache.hadoop.ipc.RemoteException(java.lang.IllegalMonitorStateException): Releasing lock on resource /volume95038/bucket62580 without acquiring lock
	at org.apache.hadoop.ozone.lock.LockManager.getLockForReleasing(LockManager.java:220)
	at org.apache.hadoop.ozone.lock.LockManager.release(LockManager.java:168)
	at org.apache.hadoop.ozone.lock.LockManager.writeUnlock(LockManager.java:148)
	at org.apache.hadoop.ozone.om.lock.OzoneManagerLock.unlock(OzoneManagerLock.java:364)
	at org.apache.hadoop.ozone.om.lock.OzoneManagerLock.releaseWriteLock(OzoneManagerLock.java:329)
	at org.apache.hadoop.ozone.om.request.key.OMKeyCommitRequest.validateAndUpdateCache(OMKeyCommitRequest.java:177)
	at org.apache.hadoop.ozone.protocolPB.OzoneManagerProtocolServerSideTranslatorPB.submitRequestDirectlyToOM(OzoneManagerProtocolServerSideTranslatorPB.java:219)
	at org.apache.hadoop.ozone.protocolPB.OzoneManagerProtocolServerSideTranslatorPB.processRequest(OzoneManagerProtocolServerSideTranslatorPB.java:134)
	at org.apache.hadoop.hdds.server.OzoneProtocolMessageDispatcher.processRequest(OzoneProtocolMessageDispatcher.java:72)
	at org.apache.hadoop.ozone.protocolPB.OzoneManagerProtocolServerSideTranslatorPB.submitRequest(OzoneManagerProtocolServerSideTranslatorPB.java:100)
	at org.apache.hadoop.ozone.protocol.proto.OzoneManagerProtocolProtos$OzoneManagerService$2.callBlockingMethod(OzoneManagerProtocolProtos.java)
	at org.apache.hadoop.ipc.ProtobufRpcEngine$Server$ProtoBufRpcInvoker.call(ProtobufRpcEngine.java:524)
	at org.apache.hadoop.ipc.RPC$Server.call(RPC.java:1025)
	at org.apache.hadoop.ipc.Server$RpcCall.run(Server.java:876)
	at org.apache.hadoop.ipc.Server$RpcCall.run(Server.java:822)
	at java.security.AccessController.doPrivileged(Native Method)
	at javax.security.auth.Subject.doAs(Subject.java:422)
	at org.apache.hadoop.security.UserGroupInformation.doAs(UserGroupInformation.java:1730)
	at org.apache.hadoop.ipc.Server$Handler.run(Server.java:2682)
, while invoking $Proxy37.submitRequest over nodeId=null,nodeAddress=localhost:40438 after 1 failover attempts. Trying to failover immediately.
2019-10-16 08:35:34,843 [IPC Server handler 11 on 40438] ERROR lock.LockManager (LockManager.java:getLockForReleasing(218)) - Trying to release the lock on /volume95038/bucket62580, which was never acquired.
2019-10-16 08:35:34,843 [IPC Server handler 11 on 40438] WARN  ipc.Server (Server.java:logException(2724)) - IPC Server handler 11 on 40438, call Call#104 Retry#2 org.apache.hadoop.ozone.om.protocol.OzoneManagerProtocol.submitRequest from 127.0.0.1:40140
java.lang.IllegalMonitorStateException: Releasing lock on resource /volume95038/bucket62580 without acquiring lock
	at org.apache.hadoop.ozone.lock.LockManager.getLockForReleasing(LockManager.java:220)
	at org.apache.hadoop.ozone.lock.LockManager.release(LockManager.java:168)
	at org.apache.hadoop.ozone.lock.LockManager.writeUnlock(LockManager.java:148)
	at org.apache.hadoop.ozone.om.lock.OzoneManagerLock.unlock(OzoneManagerLock.java:364)
	at org.apache.hadoop.ozone.om.lock.OzoneManagerLock.releaseWriteLock(OzoneManagerLock.java:329)
	at org.apache.hadoop.ozone.om.request.key.OMKeyCommitRequest.validateAndUpdateCache(OMKeyCommitRequest.java:177)
	at org.apache.hadoop.ozone.protocolPB.OzoneManagerProtocolServerSideTranslatorPB.submitRequestDirectlyToOM(OzoneManagerProtocolServerSideTranslatorPB.java:219)
	at org.apache.hadoop.ozone.protocolPB.OzoneManagerProtocolServerSideTranslatorPB.processRequest(OzoneManagerProtocolServerSideTranslatorPB.java:134)
	at org.apache.hadoop.hdds.server.OzoneProtocolMessageDispatcher.processRequest(OzoneProtocolMessageDispatcher.java:72)
	at org.apache.hadoop.ozone.protocolPB.OzoneManagerProtocolServerSideTranslatorPB.submitRequest(OzoneManagerProtocolServerSideTranslatorPB.java:100)
	at org.apache.hadoop.ozone.protocol.proto.OzoneManagerProtocolProtos$OzoneManagerService$2.callBlockingMethod(OzoneManagerProtocolProtos.java)
	at org.apache.hadoop.ipc.ProtobufRpcEngine$Server$ProtoBufRpcInvoker.call(ProtobufRpcEngine.java:524)
	at org.apache.hadoop.ipc.RPC$Server.call(RPC.java:1025)
	at org.apache.hadoop.ipc.Server$RpcCall.run(Server.java:876)
	at org.apache.hadoop.ipc.Server$RpcCall.run(Server.java:822)
	at java.security.AccessController.doPrivileged(Native Method)
	at javax.security.auth.Subject.doAs(Subject.java:422)
	at org.apache.hadoop.security.UserGroupInformation.doAs(UserGroupInformation.java:1730)
	at org.apache.hadoop.ipc.Server$Handler.run(Server.java:2682)
2019-10-16 08:35:34,845 [Thread-951] INFO  retry.RetryInvocationHandler (RetryInvocationHandler.java:log(411)) - com.google.protobuf.ServiceException: org.apache.hadoop.ipc.RemoteException(java.lang.IllegalMonitorStateException): Releasing lock on resource /volume95038/bucket62580 without acquiring lock
	at org.apache.hadoop.ozone.lock.LockManager.getLockForReleasing(LockManager.java:220)
	at org.apache.hadoop.ozone.lock.LockManager.release(LockManager.java:168)
	at org.apache.hadoop.ozone.lock.LockManager.writeUnlock(LockManager.java:148)
	at org.apache.hadoop.ozone.om.lock.OzoneManagerLock.unlock(OzoneManagerLock.java:364)
	at org.apache.hadoop.ozone.om.lock.OzoneManagerLock.releaseWriteLock(OzoneManagerLock.java:329)
	at org.apache.hadoop.ozone.om.request.key.OMKeyCommitRequest.validateAndUpdateCache(OMKeyCommitRequest.java:177)
	at org.apache.hadoop.ozone.protocolPB.OzoneManagerProtocolServerSideTranslatorPB.submitRequestDirectlyToOM(OzoneManagerProtocolServerSideTranslatorPB.java:219)
	at org.apache.hadoop.ozone.protocolPB.OzoneManagerProtocolServerSideTranslatorPB.processRequest(OzoneManagerProtocolServerSideTranslatorPB.java:134)
	at org.apache.hadoop.hdds.server.OzoneProtocolMessageDispatcher.processRequest(OzoneProtocolMessageDispatcher.java:72)
	at org.apache.hadoop.ozone.protocolPB.OzoneManagerProtocolServerSideTranslatorPB.submitRequest(OzoneManagerProtocolServerSideTranslatorPB.java:100)
	at org.apache.hadoop.ozone.protocol.proto.OzoneManagerProtocolProtos$OzoneManagerService$2.callBlockingMethod(OzoneManagerProtocolProtos.java)
	at org.apache.hadoop.ipc.ProtobufRpcEngine$Server$ProtoBufRpcInvoker.call(ProtobufRpcEngine.java:524)
	at org.apache.hadoop.ipc.RPC$Server.call(RPC.java:1025)
	at org.apache.hadoop.ipc.Server$RpcCall.run(Server.java:876)
	at org.apache.hadoop.ipc.Server$RpcCall.run(Server.java:822)
	at java.security.AccessController.doPrivileged(Native Method)
	at javax.security.auth.Subject.doAs(Subject.java:422)
	at org.apache.hadoop.security.UserGroupInformation.doAs(UserGroupInformation.java:1730)
	at org.apache.hadoop.ipc.Server$Handler.run(Server.java:2682)
, while invoking $Proxy37.submitRequest over nodeId=null,nodeAddress=localhost:40438 after 2 failover attempts. Trying to failover immediately.
2019-10-16 08:35:34,847 [IPC Server handler 12 on 40438] ERROR lock.LockManager (LockManager.java:getLockForReleasing(218)) - Trying to release the lock on /volume95038/bucket62580, which was never acquired.
2019-10-16 08:35:34,847 [IPC Server handler 12 on 40438] WARN  ipc.Server (Server.java:logException(2724)) - IPC Server handler 12 on 40438, call Call#104 Retry#3 org.apache.hadoop.ozone.om.protocol.OzoneManagerProtocol.submitRequest from 127.0.0.1:40140
java.lang.IllegalMonitorStateException: Releasing lock on resource /volume95038/bucket62580 without acquiring lock
	at org.apache.hadoop.ozone.lock.LockManager.getLockForReleasing(LockManager.java:220)
	at org.apache.hadoop.ozone.lock.LockManager.release(LockManager.java:168)
	at org.apache.hadoop.ozone.lock.LockManager.writeUnlock(LockManager.java:148)
	at org.apache.hadoop.ozone.om.lock.OzoneManagerLock.unlock(OzoneManagerLock.java:364)
	at org.apache.hadoop.ozone.om.lock.OzoneManagerLock.releaseWriteLock(OzoneManagerLock.java:329)
	at org.apache.hadoop.ozone.om.request.key.OMKeyCommitRequest.validateAndUpdateCache(OMKeyCommitRequest.java:177)
	at org.apache.hadoop.ozone.protocolPB.OzoneManagerProtocolServerSideTranslatorPB.submitRequestDirectlyToOM(OzoneManagerProtocolServerSideTranslatorPB.java:219)
	at org.apache.hadoop.ozone.protocolPB.OzoneManagerProtocolServerSideTranslatorPB.processRequest(OzoneManagerProtocolServerSideTranslatorPB.java:134)
	at org.apache.hadoop.hdds.server.OzoneProtocolMessageDispatcher.processRequest(OzoneProtocolMessageDispatcher.java:72)
	at org.apache.hadoop.ozone.protocolPB.OzoneManagerProtocolServerSideTranslatorPB.submitRequest(OzoneManagerProtocolServerSideTranslatorPB.java:100)
	at org.apache.hadoop.ozone.protocol.proto.OzoneManagerProtocolProtos$OzoneManagerService$2.callBlockingMethod(OzoneManagerProtocolProtos.java)
	at org.apache.hadoop.ipc.ProtobufRpcEngine$Server$ProtoBufRpcInvoker.call(ProtobufRpcEngine.java:524)
	at org.apache.hadoop.ipc.RPC$Server.call(RPC.java:1025)
	at org.apache.hadoop.ipc.Server$RpcCall.run(Server.java:876)
	at org.apache.hadoop.ipc.Server$RpcCall.run(Server.java:822)
	at java.security.AccessController.doPrivileged(Native Method)
	at javax.security.auth.Subject.doAs(Subject.java:422)
	at org.apache.hadoop.security.UserGroupInformation.doAs(UserGroupInformation.java:1730)
	at org.apache.hadoop.ipc.Server$Handler.run(Server.java:2682)
2019-10-16 08:35:34,850 [Thread-951] INFO  retry.RetryInvocationHandler (RetryInvocationHandler.java:log(411)) - com.google.protobuf.ServiceException: org.apache.hadoop.ipc.RemoteException(java.lang.IllegalMonitorStateException): Releasing lock on resource /volume95038/bucket62580 without acquiring lock
	at org.apache.hadoop.ozone.lock.LockManager.getLockForReleasing(LockManager.java:220)
	at org.apache.hadoop.ozone.lock.LockManager.release(LockManager.java:168)
	at org.apache.hadoop.ozone.lock.LockManager.writeUnlock(LockManager.java:148)
	at org.apache.hadoop.ozone.om.lock.OzoneManagerLock.unlock(OzoneManagerLock.java:364)
	at org.apache.hadoop.ozone.om.lock.OzoneManagerLock.releaseWriteLock(OzoneManagerLock.java:329)
	at org.apache.hadoop.ozone.om.request.key.OMKeyCommitRequest.validateAndUpdateCache(OMKeyCommitRequest.java:177)
	at org.apache.hadoop.ozone.protocolPB.OzoneManagerProtocolServerSideTranslatorPB.submitRequestDirectlyToOM(OzoneManagerProtocolServerSideTranslatorPB.java:219)
	at org.apache.hadoop.ozone.protocolPB.OzoneManagerProtocolServerSideTranslatorPB.processRequest(OzoneManagerProtocolServerSideTranslatorPB.java:134)
	at org.apache.hadoop.hdds.server.OzoneProtocolMessageDispatcher.processRequest(OzoneProtocolMessageDispatcher.java:72)
	at org.apache.hadoop.ozone.protocolPB.OzoneManagerProtocolServerSideTranslatorPB.submitRequest(OzoneManagerProtocolServerSideTranslatorPB.java:100)
	at org.apache.hadoop.ozone.protocol.proto.OzoneManagerProtocolProtos$OzoneManagerService$2.callBlockingMethod(OzoneManagerProtocolProtos.java)
	at org.apache.hadoop.ipc.ProtobufRpcEngine$Server$ProtoBufRpcInvoker.call(ProtobufRpcEngine.java:524)
	at org.apache.hadoop.ipc.RPC$Server.call(RPC.java:1025)
	at org.apache.hadoop.ipc.Server$RpcCall.run(Server.java:876)
	at org.apache.hadoop.ipc.Server$RpcCall.run(Server.java:822)
	at java.security.AccessController.doPrivileged(Native Method)
	at javax.security.auth.Subject.doAs(Subject.java:422)
	at org.apache.hadoop.security.UserGroupInformation.doAs(UserGroupInformation.java:1730)
	at org.apache.hadoop.ipc.Server$Handler.run(Server.java:2682)
, while invoking $Proxy37.submitRequest over nodeId=null,nodeAddress=localhost:40438 after 3 failover attempts. Trying to failover immediately.
2019-10-16 08:35:34,853 [IPC Server handler 13 on 40438] ERROR lock.LockManager (LockManager.java:getLockForReleasing(218)) - Trying to release the lock on /volume95038/bucket62580, which was never acquired.
2019-10-16 08:35:34,854 [IPC Server handler 13 on 40438] WARN  ipc.Server (Server.java:logException(2724)) - IPC Server handler 13 on 40438, call Call#104 Retry#4 org.apache.hadoop.ozone.om.protocol.OzoneManagerProtocol.submitRequest from 127.0.0.1:40140
java.lang.IllegalMonitorStateException: Releasing lock on resource /volume95038/bucket62580 without acquiring lock
	at org.apache.hadoop.ozone.lock.LockManager.getLockForReleasing(LockManager.java:220)
	at org.apache.hadoop.ozone.lock.LockManager.release(LockManager.java:168)
	at org.apache.hadoop.ozone.lock.LockManager.writeUnlock(LockManager.java:148)
	at org.apache.hadoop.ozone.om.lock.OzoneManagerLock.unlock(OzoneManagerLock.java:364)
	at org.apache.hadoop.ozone.om.lock.OzoneManagerLock.releaseWriteLock(OzoneManagerLock.java:329)
	at org.apache.hadoop.ozone.om.request.key.OMKeyCommitRequest.validateAndUpdateCache(OMKeyCommitRequest.java:177)
	at org.apache.hadoop.ozone.protocolPB.OzoneManagerProtocolServerSideTranslatorPB.submitRequestDirectlyToOM(OzoneManagerProtocolServerSideTranslatorPB.java:219)
	at org.apache.hadoop.ozone.protocolPB.OzoneManagerProtocolServerSideTranslatorPB.processRequest(OzoneManagerProtocolServerSideTranslatorPB.java:134)
	at org.apache.hadoop.hdds.server.OzoneProtocolMessageDispatcher.processRequest(OzoneProtocolMessageDispatcher.java:72)
	at org.apache.hadoop.ozone.protocolPB.OzoneManagerProtocolServerSideTranslatorPB.submitRequest(OzoneManagerProtocolServerSideTranslatorPB.java:100)
	at org.apache.hadoop.ozone.protocol.proto.OzoneManagerProtocolProtos$OzoneManagerService$2.callBlockingMethod(OzoneManagerProtocolProtos.java)
	at org.apache.hadoop.ipc.ProtobufRpcEngine$Server$ProtoBufRpcInvoker.call(ProtobufRpcEngine.java:524)
	at org.apache.hadoop.ipc.RPC$Server.call(RPC.java:1025)
	at org.apache.hadoop.ipc.Server$RpcCall.run(Server.java:876)
	at org.apache.hadoop.ipc.Server$RpcCall.run(Server.java:822)
	at java.security.AccessController.doPrivileged(Native Method)
	at javax.security.auth.Subject.doAs(Subject.java:422)
	at org.apache.hadoop.security.UserGroupInformation.doAs(UserGroupInformation.java:1730)
	at org.apache.hadoop.ipc.Server$Handler.run(Server.java:2682)
2019-10-16 08:35:34,856 [Thread-951] INFO  retry.RetryInvocationHandler (RetryInvocationHandler.java:log(411)) - com.google.protobuf.ServiceException: org.apache.hadoop.ipc.RemoteException(java.lang.IllegalMonitorStateException): Releasing lock on resource /volume95038/bucket62580 without acquiring lock
	at org.apache.hadoop.ozone.lock.LockManager.getLockForReleasing(LockManager.java:220)
	at org.apache.hadoop.ozone.lock.LockManager.release(LockManager.java:168)
	at org.apache.hadoop.ozone.lock.LockManager.writeUnlock(LockManager.java:148)
	at org.apache.hadoop.ozone.om.lock.OzoneManagerLock.unlock(OzoneManagerLock.java:364)
	at org.apache.hadoop.ozone.om.lock.OzoneManagerLock.releaseWriteLock(OzoneManagerLock.java:329)
	at org.apache.hadoop.ozone.om.request.key.OMKeyCommitRequest.validateAndUpdateCache(OMKeyCommitRequest.java:177)
	at org.apache.hadoop.ozone.protocolPB.OzoneManagerProtocolServerSideTranslatorPB.submitRequestDirectlyToOM(OzoneManagerProtocolServerSideTranslatorPB.java:219)
	at org.apache.hadoop.ozone.protocolPB.OzoneManagerProtocolServerSideTranslatorPB.processRequest(OzoneManagerProtocolServerSideTranslatorPB.java:134)
	at org.apache.hadoop.hdds.server.OzoneProtocolMessageDispatcher.processRequest(OzoneProtocolMessageDispatcher.java:72)
	at org.apache.hadoop.ozone.protocolPB.OzoneManagerProtocolServerSideTranslatorPB.submitRequest(OzoneManagerProtocolServerSideTranslatorPB.java:100)
	at org.apache.hadoop.ozone.protocol.proto.OzoneManagerProtocolProtos$OzoneManagerService$2.callBlockingMethod(OzoneManagerProtocolProtos.java)
	at org.apache.hadoop.ipc.ProtobufRpcEngine$Server$ProtoBufRpcInvoker.call(ProtobufRpcEngine.java:524)
	at org.apache.hadoop.ipc.RPC$Server.call(RPC.java:1025)
	at org.apache.hadoop.ipc.Server$RpcCall.run(Server.java:876)
	at org.apache.hadoop.ipc.Server$RpcCall.run(Server.java:822)
	at java.security.AccessController.doPrivileged(Native Method)
	at javax.security.auth.Subject.doAs(Subject.java:422)
	at org.apache.hadoop.security.UserGroupInformation.doAs(UserGroupInformation.java:1730)
	at org.apache.hadoop.ipc.Server$Handler.run(Server.java:2682)
, while invoking $Proxy37.submitRequest over nodeId=null,nodeAddress=localhost:40438 after 4 failover attempts. Trying to failover immediately.
2019-10-16 08:35:34,858 [IPC Server handler 14 on 40438] ERROR lock.LockManager (LockManager.java:getLockForReleasing(218)) - Trying to release the lock on /volume95038/bucket62580, which was never acquired.
2019-10-16 08:35:34,858 [IPC Server handler 14 on 40438] WARN  ipc.Server (Server.java:logException(2724)) - IPC Server handler 14 on 40438, call Call#104 Retry#5 org.apache.hadoop.ozone.om.protocol.OzoneManagerProtocol.submitRequest from 127.0.0.1:40140
java.lang.IllegalMonitorStateException: Releasing lock on resource /volume95038/bucket62580 without acquiring lock
	at org.apache.hadoop.ozone.lock.LockManager.getLockForReleasing(LockManager.java:220)
	at org.apache.hadoop.ozone.lock.LockManager.release(LockManager.java:168)
	at org.apache.hadoop.ozone.lock.LockManager.writeUnlock(LockManager.java:148)
	at org.apache.hadoop.ozone.om.lock.OzoneManagerLock.unlock(OzoneManagerLock.java:364)
	at org.apache.hadoop.ozone.om.lock.OzoneManagerLock.releaseWriteLock(OzoneManagerLock.java:329)
	at org.apache.hadoop.ozone.om.request.key.OMKeyCommitRequest.validateAndUpdateCache(OMKeyCommitRequest.java:177)
	at org.apache.hadoop.ozone.protocolPB.OzoneManagerProtocolServerSideTranslatorPB.submitRequestDirectlyToOM(OzoneManagerProtocolServerSideTranslatorPB.java:219)
	at org.apache.hadoop.ozone.protocolPB.OzoneManagerProtocolServerSideTranslatorPB.processRequest(OzoneManagerProtocolServerSideTranslatorPB.java:134)
	at org.apache.hadoop.hdds.server.OzoneProtocolMessageDispatcher.processRequest(OzoneProtocolMessageDispatcher.java:72)
	at org.apache.hadoop.ozone.protocolPB.OzoneManagerProtocolServerSideTranslatorPB.submitRequest(OzoneManagerProtocolServerSideTranslatorPB.java:100)
	at org.apache.hadoop.ozone.protocol.proto.OzoneManagerProtocolProtos$OzoneManagerService$2.callBlockingMethod(OzoneManagerProtocolProtos.java)
	at org.apache.hadoop.ipc.ProtobufRpcEngine$Server$ProtoBufRpcInvoker.call(ProtobufRpcEngine.java:524)
	at org.apache.hadoop.ipc.RPC$Server.call(RPC.java:1025)
	at org.apache.hadoop.ipc.Server$RpcCall.run(Server.java:876)
	at org.apache.hadoop.ipc.Server$RpcCall.run(Server.java:822)
	at java.security.AccessController.doPrivileged(Native Method)
	at javax.security.auth.Subject.doAs(Subject.java:422)
	at org.apache.hadoop.security.UserGroupInformation.doAs(UserGroupInformation.java:1730)
	at org.apache.hadoop.ipc.Server$Handler.run(Server.java:2682)
2019-10-16 08:35:34,861 [Thread-951] INFO  retry.RetryInvocationHandler (RetryInvocationHandler.java:log(411)) - com.google.protobuf.ServiceException: org.apache.hadoop.ipc.RemoteException(java.lang.IllegalMonitorStateException): Releasing lock on resource /volume95038/bucket62580 without acquiring lock
	at org.apache.hadoop.ozone.lock.LockManager.getLockForReleasing(LockManager.java:220)
	at org.apache.hadoop.ozone.lock.LockManager.release(LockManager.java:168)
	at org.apache.hadoop.ozone.lock.LockManager.writeUnlock(LockManager.java:148)
	at org.apache.hadoop.ozone.om.lock.OzoneManagerLock.unlock(OzoneManagerLock.java:364)
	at org.apache.hadoop.ozone.om.lock.OzoneManagerLock.releaseWriteLock(OzoneManagerLock.java:329)
	at org.apache.hadoop.ozone.om.request.key.OMKeyCommitRequest.validateAndUpdateCache(OMKeyCommitRequest.java:177)
	at org.apache.hadoop.ozone.protocolPB.OzoneManagerProtocolServerSideTranslatorPB.submitRequestDirectlyToOM(OzoneManagerProtocolServerSideTranslatorPB.java:219)
	at org.apache.hadoop.ozone.protocolPB.OzoneManagerProtocolServerSideTranslatorPB.processRequest(OzoneManagerProtocolServerSideTranslatorPB.java:134)
	at org.apache.hadoop.hdds.server.OzoneProtocolMessageDispatcher.processRequest(OzoneProtocolMessageDispatcher.java:72)
	at org.apache.hadoop.ozone.protocolPB.OzoneManagerProtocolServerSideTranslatorPB.submitRequest(OzoneManagerProtocolServerSideTranslatorPB.java:100)
	at org.apache.hadoop.ozone.protocol.proto.OzoneManagerProtocolProtos$OzoneManagerService$2.callBlockingMethod(OzoneManagerProtocolProtos.java)
	at org.apache.hadoop.ipc.ProtobufRpcEngine$Server$ProtoBufRpcInvoker.call(ProtobufRpcEngine.java:524)
	at org.apache.hadoop.ipc.RPC$Server.call(RPC.java:1025)
	at org.apache.hadoop.ipc.Server$RpcCall.run(Server.java:876)
	at org.apache.hadoop.ipc.Server$RpcCall.run(Server.java:822)
	at java.security.AccessController.doPrivileged(Native Method)
	at javax.security.auth.Subject.doAs(Subject.java:422)
	at org.apache.hadoop.security.UserGroupInformation.doAs(UserGroupInformation.java:1730)
	at org.apache.hadoop.ipc.Server$Handler.run(Server.java:2682)
, while invoking $Proxy37.submitRequest over nodeId=null,nodeAddress=localhost:40438 after 5 failover attempts. Trying to failover immediately.
2019-10-16 08:35:34,863 [IPC Server handler 15 on 40438] ERROR lock.LockManager (LockManager.java:getLockForReleasing(218)) - Trying to release the lock on /volume95038/bucket62580, which was never acquired.
2019-10-16 08:35:34,863 [IPC Server handler 15 on 40438] WARN  ipc.Server (Server.java:logException(2724)) - IPC Server handler 15 on 40438, call Call#104 Retry#6 org.apache.hadoop.ozone.om.protocol.OzoneManagerProtocol.submitRequest from 127.0.0.1:40140
java.lang.IllegalMonitorStateException: Releasing lock on resource /volume95038/bucket62580 without acquiring lock
	at org.apache.hadoop.ozone.lock.LockManager.getLockForReleasing(LockManager.java:220)
	at org.apache.hadoop.ozone.lock.LockManager.release(LockManager.java:168)
	at org.apache.hadoop.ozone.lock.LockManager.writeUnlock(LockManager.java:148)
	at org.apache.hadoop.ozone.om.lock.OzoneManagerLock.unlock(OzoneManagerLock.java:364)
	at org.apache.hadoop.ozone.om.lock.OzoneManagerLock.releaseWriteLock(OzoneManagerLock.java:329)
	at org.apache.hadoop.ozone.om.request.key.OMKeyCommitRequest.validateAndUpdateCache(OMKeyCommitRequest.java:177)
	at org.apache.hadoop.ozone.protocolPB.OzoneManagerProtocolServerSideTranslatorPB.submitRequestDirectlyToOM(OzoneManagerProtocolServerSideTranslatorPB.java:219)
	at org.apache.hadoop.ozone.protocolPB.OzoneManagerProtocolServerSideTranslatorPB.processRequest(OzoneManagerProtocolServerSideTranslatorPB.java:134)
	at org.apache.hadoop.hdds.server.OzoneProtocolMessageDispatcher.processRequest(OzoneProtocolMessageDispatcher.java:72)
	at org.apache.hadoop.ozone.protocolPB.OzoneManagerProtocolServerSideTranslatorPB.submitRequest(OzoneManagerProtocolServerSideTranslatorPB.java:100)
	at org.apache.hadoop.ozone.protocol.proto.OzoneManagerProtocolProtos$OzoneManagerService$2.callBlockingMethod(OzoneManagerProtocolProtos.java)
	at org.apache.hadoop.ipc.ProtobufRpcEngine$Server$ProtoBufRpcInvoker.call(ProtobufRpcEngine.java:524)
	at org.apache.hadoop.ipc.RPC$Server.call(RPC.java:1025)
	at org.apache.hadoop.ipc.Server$RpcCall.run(Server.java:876)
	at org.apache.hadoop.ipc.Server$RpcCall.run(Server.java:822)
	at java.security.AccessController.doPrivileged(Native Method)
	at javax.security.auth.Subject.doAs(Subject.java:422)
	at org.apache.hadoop.security.UserGroupInformation.doAs(UserGroupInformation.java:1730)
	at org.apache.hadoop.ipc.Server$Handler.run(Server.java:2682)
2019-10-16 08:35:34,866 [Thread-951] INFO  retry.RetryInvocationHandler (RetryInvocationHandler.java:log(411)) - com.google.protobuf.ServiceException: org.apache.hadoop.ipc.RemoteException(java.lang.IllegalMonitorStateException): Releasing lock on resource /volume95038/bucket62580 without acquiring lock
	at org.apache.hadoop.ozone.lock.LockManager.getLockForReleasing(LockManager.java:220)
	at org.apache.hadoop.ozone.lock.LockManager.release(LockManager.java:168)
	at org.apache.hadoop.ozone.lock.LockManager.writeUnlock(LockManager.java:148)
	at org.apache.hadoop.ozone.om.lock.OzoneManagerLock.unlock(OzoneManagerLock.java:364)
	at org.apache.hadoop.ozone.om.lock.OzoneManagerLock.releaseWriteLock(OzoneManagerLock.java:329)
	at org.apache.hadoop.ozone.om.request.key.OMKeyCommitRequest.validateAndUpdateCache(OMKeyCommitRequest.java:177)
	at org.apache.hadoop.ozone.protocolPB.OzoneManagerProtocolServerSideTranslatorPB.submitRequestDirectlyToOM(OzoneManagerProtocolServerSideTranslatorPB.java:219)
	at org.apache.hadoop.ozone.protocolPB.OzoneManagerProtocolServerSideTranslatorPB.processRequest(OzoneManagerProtocolServerSideTranslatorPB.java:134)
	at org.apache.hadoop.hdds.server.OzoneProtocolMessageDispatcher.processRequest(OzoneProtocolMessageDispatcher.java:72)
	at org.apache.hadoop.ozone.protocolPB.OzoneManagerProtocolServerSideTranslatorPB.submitRequest(OzoneManagerProtocolServerSideTranslatorPB.java:100)
	at org.apache.hadoop.ozone.protocol.proto.OzoneManagerProtocolProtos$OzoneManagerService$2.callBlockingMethod(OzoneManagerProtocolProtos.java)
	at org.apache.hadoop.ipc.ProtobufRpcEngine$Server$ProtoBufRpcInvoker.call(ProtobufRpcEngine.java:524)
	at org.apache.hadoop.ipc.RPC$Server.call(RPC.java:1025)
	at org.apache.hadoop.ipc.Server$RpcCall.run(Server.java:876)
	at org.apache.hadoop.ipc.Server$RpcCall.run(Server.java:822)
	at java.security.AccessController.doPrivileged(Native Method)
	at javax.security.auth.Subject.doAs(Subject.java:422)
	at org.apache.hadoop.security.UserGroupInformation.doAs(UserGroupInformation.java:1730)
	at org.apache.hadoop.ipc.Server$Handler.run(Server.java:2682)
, while invoking $Proxy37.submitRequest over nodeId=null,nodeAddress=localhost:40438 after 6 failover attempts. Trying to failover immediately.
2019-10-16 08:35:34,867 [IPC Server handler 16 on 40438] ERROR lock.LockManager (LockManager.java:getLockForReleasing(218)) - Trying to release the lock on /volume95038/bucket62580, which was never acquired.
2019-10-16 08:35:34,867 [IPC Server handler 16 on 40438] WARN  ipc.Server (Server.java:logException(2724)) - IPC Server handler 16 on 40438, call Call#104 Retry#7 org.apache.hadoop.ozone.om.protocol.OzoneManagerProtocol.submitRequest from 127.0.0.1:40140
java.lang.IllegalMonitorStateException: Releasing lock on resource /volume95038/bucket62580 without acquiring lock
	at org.apache.hadoop.ozone.lock.LockManager.getLockForReleasing(LockManager.java:220)
	at org.apache.hadoop.ozone.lock.LockManager.release(LockManager.java:168)
	at org.apache.hadoop.ozone.lock.LockManager.writeUnlock(LockManager.java:148)
	at org.apache.hadoop.ozone.om.lock.OzoneManagerLock.unlock(OzoneManagerLock.java:364)
	at org.apache.hadoop.ozone.om.lock.OzoneManagerLock.releaseWriteLock(OzoneManagerLock.java:329)
	at org.apache.hadoop.ozone.om.request.key.OMKeyCommitRequest.validateAndUpdateCache(OMKeyCommitRequest.java:177)
	at org.apache.hadoop.ozone.protocolPB.OzoneManagerProtocolServerSideTranslatorPB.submitRequestDirectlyToOM(OzoneManagerProtocolServerSideTranslatorPB.java:219)
	at org.apache.hadoop.ozone.protocolPB.OzoneManagerProtocolServerSideTranslatorPB.processRequest(OzoneManagerProtocolServerSideTranslatorPB.java:134)
	at org.apache.hadoop.hdds.server.OzoneProtocolMessageDispatcher.processRequest(OzoneProtocolMessageDispatcher.java:72)
	at org.apache.hadoop.ozone.protocolPB.OzoneManagerProtocolServerSideTranslatorPB.submitRequest(OzoneManagerProtocolServerSideTranslatorPB.java:100)
	at org.apache.hadoop.ozone.protocol.proto.OzoneManagerProtocolProtos$OzoneManagerService$2.callBlockingMethod(OzoneManagerProtocolProtos.java)
	at org.apache.hadoop.ipc.ProtobufRpcEngine$Server$ProtoBufRpcInvoker.call(ProtobufRpcEngine.java:524)
	at org.apache.hadoop.ipc.RPC$Server.call(RPC.java:1025)
	at org.apache.hadoop.ipc.Server$RpcCall.run(Server.java:876)
	at org.apache.hadoop.ipc.Server$RpcCall.run(Server.java:822)
	at java.security.AccessController.doPrivileged(Native Method)
	at javax.security.auth.Subject.doAs(Subject.java:422)
	at org.apache.hadoop.security.UserGroupInformation.doAs(UserGroupInformation.java:1730)
	at org.apache.hadoop.ipc.Server$Handler.run(Server.java:2682)
2019-10-16 08:35:34,870 [Thread-951] INFO  retry.RetryInvocationHandler (RetryInvocationHandler.java:log(411)) - com.google.protobuf.ServiceException: org.apache.hadoop.ipc.RemoteException(java.lang.IllegalMonitorStateException): Releasing lock on resource /volume95038/bucket62580 without acquiring lock
	at org.apache.hadoop.ozone.lock.LockManager.getLockForReleasing(LockManager.java:220)
	at org.apache.hadoop.ozone.lock.LockManager.release(LockManager.java:168)
	at org.apache.hadoop.ozone.lock.LockManager.writeUnlock(LockManager.java:148)
	at org.apache.hadoop.ozone.om.lock.OzoneManagerLock.unlock(OzoneManagerLock.java:364)
	at org.apache.hadoop.ozone.om.lock.OzoneManagerLock.releaseWriteLock(OzoneManagerLock.java:329)
	at org.apache.hadoop.ozone.om.request.key.OMKeyCommitRequest.validateAndUpdateCache(OMKeyCommitRequest.java:177)
	at org.apache.hadoop.ozone.protocolPB.OzoneManagerProtocolServerSideTranslatorPB.submitRequestDirectlyToOM(OzoneManagerProtocolServerSideTranslatorPB.java:219)
	at org.apache.hadoop.ozone.protocolPB.OzoneManagerProtocolServerSideTranslatorPB.processRequest(OzoneManagerProtocolServerSideTranslatorPB.java:134)
	at org.apache.hadoop.hdds.server.OzoneProtocolMessageDispatcher.processRequest(OzoneProtocolMessageDispatcher.java:72)
	at org.apache.hadoop.ozone.protocolPB.OzoneManagerProtocolServerSideTranslatorPB.submitRequest(OzoneManagerProtocolServerSideTranslatorPB.java:100)
	at org.apache.hadoop.ozone.protocol.proto.OzoneManagerProtocolProtos$OzoneManagerService$2.callBlockingMethod(OzoneManagerProtocolProtos.java)
	at org.apache.hadoop.ipc.ProtobufRpcEngine$Server$ProtoBufRpcInvoker.call(ProtobufRpcEngine.java:524)
	at org.apache.hadoop.ipc.RPC$Server.call(RPC.java:1025)
	at org.apache.hadoop.ipc.Server$RpcCall.run(Server.java:876)
	at org.apache.hadoop.ipc.Server$RpcCall.run(Server.java:822)
	at java.security.AccessController.doPrivileged(Native Method)
	at javax.security.auth.Subject.doAs(Subject.java:422)
	at org.apache.hadoop.security.UserGroupInformation.doAs(UserGroupInformation.java:1730)
	at org.apache.hadoop.ipc.Server$Handler.run(Server.java:2682)
, while invoking $Proxy37.submitRequest over nodeId=null,nodeAddress=localhost:40438 after 7 failover attempts. Trying to failover immediately.
2019-10-16 08:35:34,871 [IPC Server handler 17 on 40438] ERROR lock.LockManager (LockManager.java:getLockForReleasing(218)) - Trying to release the lock on /volume95038/bucket62580, which was never acquired.
2019-10-16 08:35:34,872 [IPC Server handler 17 on 40438] WARN  ipc.Server (Server.java:logException(2724)) - IPC Server handler 17 on 40438, call Call#104 Retry#8 org.apache.hadoop.ozone.om.protocol.OzoneManagerProtocol.submitRequest from 127.0.0.1:40140
java.lang.IllegalMonitorStateException: Releasing lock on resource /volume95038/bucket62580 without acquiring lock
	at org.apache.hadoop.ozone.lock.LockManager.getLockForReleasing(LockManager.java:220)
	at org.apache.hadoop.ozone.lock.LockManager.release(LockManager.java:168)
	at org.apache.hadoop.ozone.lock.LockManager.writeUnlock(LockManager.java:148)
	at org.apache.hadoop.ozone.om.lock.OzoneManagerLock.unlock(OzoneManagerLock.java:364)
	at org.apache.hadoop.ozone.om.lock.OzoneManagerLock.releaseWriteLock(OzoneManagerLock.java:329)
	at org.apache.hadoop.ozone.om.request.key.OMKeyCommitRequest.validateAndUpdateCache(OMKeyCommitRequest.java:177)
	at org.apache.hadoop.ozone.protocolPB.OzoneManagerProtocolServerSideTranslatorPB.submitRequestDirectlyToOM(OzoneManagerProtocolServerSideTranslatorPB.java:219)
	at org.apache.hadoop.ozone.protocolPB.OzoneManagerProtocolServerSideTranslatorPB.processRequest(OzoneManagerProtocolServerSideTranslatorPB.java:134)
	at org.apache.hadoop.hdds.server.OzoneProtocolMessageDispatcher.processRequest(OzoneProtocolMessageDispatcher.java:72)
	at org.apache.hadoop.ozone.protocolPB.OzoneManagerProtocolServerSideTranslatorPB.submitRequest(OzoneManagerProtocolServerSideTranslatorPB.java:100)
	at org.apache.hadoop.ozone.protocol.proto.OzoneManagerProtocolProtos$OzoneManagerService$2.callBlockingMethod(OzoneManagerProtocolProtos.java)
	at org.apache.hadoop.ipc.ProtobufRpcEngine$Server$ProtoBufRpcInvoker.call(ProtobufRpcEngine.java:524)
	at org.apache.hadoop.ipc.RPC$Server.call(RPC.java:1025)
	at org.apache.hadoop.ipc.Server$RpcCall.run(Server.java:876)
	at org.apache.hadoop.ipc.Server$RpcCall.run(Server.java:822)
	at java.security.AccessController.doPrivileged(Native Method)
	at javax.security.auth.Subject.doAs(Subject.java:422)
	at org.apache.hadoop.security.UserGroupInformation.doAs(UserGroupInformation.java:1730)
	at org.apache.hadoop.ipc.Server$Handler.run(Server.java:2682)
2019-10-16 08:35:34,883 [Thread-951] INFO  retry.RetryInvocationHandler (RetryInvocationHandler.java:log(411)) - com.google.protobuf.ServiceException: org.apache.hadoop.ipc.RemoteException(java.lang.IllegalMonitorStateException): Releasing lock on resource /volume95038/bucket62580 without acquiring lock
	at org.apache.hadoop.ozone.lock.LockManager.getLockForReleasing(LockManager.java:220)
	at org.apache.hadoop.ozone.lock.LockManager.release(LockManager.java:168)
	at org.apache.hadoop.ozone.lock.LockManager.writeUnlock(LockManager.java:148)
	at org.apache.hadoop.ozone.om.lock.OzoneManagerLock.unlock(OzoneManagerLock.java:364)
	at org.apache.hadoop.ozone.om.lock.OzoneManagerLock.releaseWriteLock(OzoneManagerLock.java:329)
	at org.apache.hadoop.ozone.om.request.key.OMKeyCommitRequest.validateAndUpdateCache(OMKeyCommitRequest.java:177)
	at org.apache.hadoop.ozone.protocolPB.OzoneManagerProtocolServerSideTranslatorPB.submitRequestDirectlyToOM(OzoneManagerProtocolServerSideTranslatorPB.java:219)
	at org.apache.hadoop.ozone.protocolPB.OzoneManagerProtocolServerSideTranslatorPB.processRequest(OzoneManagerProtocolServerSideTranslatorPB.java:134)
	at org.apache.hadoop.hdds.server.OzoneProtocolMessageDispatcher.processRequest(OzoneProtocolMessageDispatcher.java:72)
	at org.apache.hadoop.ozone.protocolPB.OzoneManagerProtocolServerSideTranslatorPB.submitRequest(OzoneManagerProtocolServerSideTranslatorPB.java:100)
	at org.apache.hadoop.ozone.protocol.proto.OzoneManagerProtocolProtos$OzoneManagerService$2.callBlockingMethod(OzoneManagerProtocolProtos.java)
	at org.apache.hadoop.ipc.ProtobufRpcEngine$Server$ProtoBufRpcInvoker.call(ProtobufRpcEngine.java:524)
	at org.apache.hadoop.ipc.RPC$Server.call(RPC.java:1025)
	at org.apache.hadoop.ipc.Server$RpcCall.run(Server.java:876)
	at org.apache.hadoop.ipc.Server$RpcCall.run(Server.java:822)
	at java.security.AccessController.doPrivileged(Native Method)
	at javax.security.auth.Subject.doAs(Subject.java:422)
	at org.apache.hadoop.security.UserGroupInformation.doAs(UserGroupInformation.java:1730)
	at org.apache.hadoop.ipc.Server$Handler.run(Server.java:2682)
, while invoking $Proxy37.submitRequest over nodeId=null,nodeAddress=localhost:40438 after 8 failover attempts. Trying to failover immediately.
2019-10-16 08:35:34,885 [IPC Server handler 18 on 40438] ERROR lock.LockManager (LockManager.java:getLockForReleasing(218)) - Trying to release the lock on /volume95038/bucket62580, which was never acquired.
2019-10-16 08:35:34,885 [IPC Server handler 18 on 40438] WARN  ipc.Server (Server.java:logException(2724)) - IPC Server handler 18 on 40438, call Call#104 Retry#9 org.apache.hadoop.ozone.om.protocol.OzoneManagerProtocol.submitRequest from 127.0.0.1:40140
java.lang.IllegalMonitorStateException: Releasing lock on resource /volume95038/bucket62580 without acquiring lock
	at org.apache.hadoop.ozone.lock.LockManager.getLockForReleasing(LockManager.java:220)
	at org.apache.hadoop.ozone.lock.LockManager.release(LockManager.java:168)
	at org.apache.hadoop.ozone.lock.LockManager.writeUnlock(LockManager.java:148)
	at org.apache.hadoop.ozone.om.lock.OzoneManagerLock.unlock(OzoneManagerLock.java:364)
	at org.apache.hadoop.ozone.om.lock.OzoneManagerLock.releaseWriteLock(OzoneManagerLock.java:329)
	at org.apache.hadoop.ozone.om.request.key.OMKeyCommitRequest.validateAndUpdateCache(OMKeyCommitRequest.java:177)
	at org.apache.hadoop.ozone.protocolPB.OzoneManagerProtocolServerSideTranslatorPB.submitRequestDirectlyToOM(OzoneManagerProtocolServerSideTranslatorPB.java:219)
	at org.apache.hadoop.ozone.protocolPB.OzoneManagerProtocolServerSideTranslatorPB.processRequest(OzoneManagerProtocolServerSideTranslatorPB.java:134)
	at org.apache.hadoop.hdds.server.OzoneProtocolMessageDispatcher.processRequest(OzoneProtocolMessageDispatcher.java:72)
	at org.apache.hadoop.ozone.protocolPB.OzoneManagerProtocolServerSideTranslatorPB.submitRequest(OzoneManagerProtocolServerSideTranslatorPB.java:100)
	at org.apache.hadoop.ozone.protocol.proto.OzoneManagerProtocolProtos$OzoneManagerService$2.callBlockingMethod(OzoneManagerProtocolProtos.java)
	at org.apache.hadoop.ipc.ProtobufRpcEngine$Server$ProtoBufRpcInvoker.call(ProtobufRpcEngine.java:524)
	at org.apache.hadoop.ipc.RPC$Server.call(RPC.java:1025)
	at org.apache.hadoop.ipc.Server$RpcCall.run(Server.java:876)
	at org.apache.hadoop.ipc.Server$RpcCall.run(Server.java:822)
	at java.security.AccessController.doPrivileged(Native Method)
	at javax.security.auth.Subject.doAs(Subject.java:422)
	at org.apache.hadoop.security.UserGroupInformation.doAs(UserGroupInformation.java:1730)
	at org.apache.hadoop.ipc.Server$Handler.run(Server.java:2682)
2019-10-16 08:35:34,888 [Thread-951] INFO  retry.RetryInvocationHandler (RetryInvocationHandler.java:log(411)) - com.google.protobuf.ServiceException: org.apache.hadoop.ipc.RemoteException(java.lang.IllegalMonitorStateException): Releasing lock on resource /volume95038/bucket62580 without acquiring lock
	at org.apache.hadoop.ozone.lock.LockManager.getLockForReleasing(LockManager.java:220)
	at org.apache.hadoop.ozone.lock.LockManager.release(LockManager.java:168)
	at org.apache.hadoop.ozone.lock.LockManager.writeUnlock(LockManager.java:148)
	at org.apache.hadoop.ozone.om.lock.OzoneManagerLock.unlock(OzoneManagerLock.java:364)
	at org.apache.hadoop.ozone.om.lock.OzoneManagerLock.releaseWriteLock(OzoneManagerLock.java:329)
	at org.apache.hadoop.ozone.om.request.key.OMKeyCommitRequest.validateAndUpdateCache(OMKeyCommitRequest.java:177)
	at org.apache.hadoop.ozone.protocolPB.OzoneManagerProtocolServerSideTranslatorPB.submitRequestDirectlyToOM(OzoneManagerProtocolServerSideTranslatorPB.java:219)
	at org.apache.hadoop.ozone.protocolPB.OzoneManagerProtocolServerSideTranslatorPB.processRequest(OzoneManagerProtocolServerSideTranslatorPB.java:134)
	at org.apache.hadoop.hdds.server.OzoneProtocolMessageDispatcher.processRequest(OzoneProtocolMessageDispatcher.java:72)
	at org.apache.hadoop.ozone.protocolPB.OzoneManagerProtocolServerSideTranslatorPB.submitRequest(OzoneManagerProtocolServerSideTranslatorPB.java:100)
	at org.apache.hadoop.ozone.protocol.proto.OzoneManagerProtocolProtos$OzoneManagerService$2.callBlockingMethod(OzoneManagerProtocolProtos.java)
	at org.apache.hadoop.ipc.ProtobufRpcEngine$Server$ProtoBufRpcInvoker.call(ProtobufRpcEngine.java:524)
	at org.apache.hadoop.ipc.RPC$Server.call(RPC.java:1025)
	at org.apache.hadoop.ipc.Server$RpcCall.run(Server.java:876)
	at org.apache.hadoop.ipc.Server$RpcCall.run(Server.java:822)
	at java.security.AccessController.doPrivileged(Native Method)
	at javax.security.auth.Subject.doAs(Subject.java:422)
	at org.apache.hadoop.security.UserGroupInformation.doAs(UserGroupInformation.java:1730)
	at org.apache.hadoop.ipc.Server$Handler.run(Server.java:2682)
, while invoking $Proxy37.submitRequest over nodeId=null,nodeAddress=localhost:40438 after 9 failover attempts. Trying to failover immediately.
2019-10-16 08:35:34,889 [IPC Server handler 19 on 40438] ERROR lock.LockManager (LockManager.java:getLockForReleasing(218)) - Trying to release the lock on /volume95038/bucket62580, which was never acquired.
2019-10-16 08:35:34,890 [IPC Server handler 19 on 40438] WARN  ipc.Server (Server.java:logException(2724)) - IPC Server handler 19 on 40438, call Call#104 Retry#10 org.apache.hadoop.ozone.om.protocol.OzoneManagerProtocol.submitRequest from 127.0.0.1:40140
java.lang.IllegalMonitorStateException: Releasing lock on resource /volume95038/bucket62580 without acquiring lock
	at org.apache.hadoop.ozone.lock.LockManager.getLockForReleasing(LockManager.java:220)
	at org.apache.hadoop.ozone.lock.LockManager.release(LockManager.java:168)
	at org.apache.hadoop.ozone.lock.LockManager.writeUnlock(LockManager.java:148)
	at org.apache.hadoop.ozone.om.lock.OzoneManagerLock.unlock(OzoneManagerLock.java:364)
	at org.apache.hadoop.ozone.om.lock.OzoneManagerLock.releaseWriteLock(OzoneManagerLock.java:329)
	at org.apache.hadoop.ozone.om.request.key.OMKeyCommitRequest.validateAndUpdateCache(OMKeyCommitRequest.java:177)
	at org.apache.hadoop.ozone.protocolPB.OzoneManagerProtocolServerSideTranslatorPB.submitRequestDirectlyToOM(OzoneManagerProtocolServerSideTranslatorPB.java:219)
	at org.apache.hadoop.ozone.protocolPB.OzoneManagerProtocolServerSideTranslatorPB.processRequest(OzoneManagerProtocolServerSideTranslatorPB.java:134)
	at org.apache.hadoop.hdds.server.OzoneProtocolMessageDispatcher.processRequest(OzoneProtocolMessageDispatcher.java:72)
	at org.apache.hadoop.ozone.protocolPB.OzoneManagerProtocolServerSideTranslatorPB.submitRequest(OzoneManagerProtocolServerSideTranslatorPB.java:100)
	at org.apache.hadoop.ozone.protocol.proto.OzoneManagerProtocolProtos$OzoneManagerService$2.callBlockingMethod(OzoneManagerProtocolProtos.java)
	at org.apache.hadoop.ipc.ProtobufRpcEngine$Server$ProtoBufRpcInvoker.call(ProtobufRpcEngine.java:524)
	at org.apache.hadoop.ipc.RPC$Server.call(RPC.java:1025)
	at org.apache.hadoop.ipc.Server$RpcCall.run(Server.java:876)
	at org.apache.hadoop.ipc.Server$RpcCall.run(Server.java:822)
	at java.security.AccessController.doPrivileged(Native Method)
	at javax.security.auth.Subject.doAs(Subject.java:422)
	at org.apache.hadoop.security.UserGroupInformation.doAs(UserGroupInformation.java:1730)
	at org.apache.hadoop.ipc.Server$Handler.run(Server.java:2682)
2019-10-16 08:35:34,892 [Thread-951] ERROR ha.OMFailoverProxyProvider (OzoneManagerProtocolClientSideTranslatorPB.java:getRetryAction(268)) - Failed to connect to OM. Attempted 10 retries and 10 failovers
2019-10-16 08:35:34,893 [Thread-951] INFO  ozone.MiniOzoneClusterImpl (MiniOzoneClusterImpl.java:shutdown(314)) - Shutting down the Mini Ozone Cluster
2019-10-16 08:35:34,893 [Thread-951] INFO  ozone.MiniOzoneClusterImpl (MiniOzoneClusterImpl.java:stop(330)) - Stopping the Mini Ozone Cluster
2019-10-16 08:35:34,893 [Thread-951] INFO  ozone.MiniOzoneClusterImpl (MiniOzoneClusterImpl.java:stopOM(400)) - Stopping the OzoneManager
2019-10-16 08:35:34,893 [Thread-951] INFO  ipc.Server (Server.java:stop(3082)) - Stopping server on 40438
2019-10-16 08:35:34,896 [IPC Server listener on 40438] INFO  ipc.Server (Server.java:run(1185)) - Stopping IPC Server listener on 40438
2019-10-16 08:35:34,896 [Thread-951] INFO  ratis.OzoneManagerDoubleBuffer (OzoneManagerDoubleBuffer.java:stop(250)) - Stopping OMDoubleBuffer flush thread
2019-10-16 08:35:34,897 [OMDoubleBufferFlushThread] INFO  ratis.OzoneManagerDoubleBuffer (OzoneManagerDoubleBuffer.java:flushTransactions(193)) - OMDoubleBuffer flush thread OMDoubleBufferFlushThread is interrupted and will exit. OMDoubleBufferFlushThread
2019-10-16 08:35:34,897 [IPC Server Responder] INFO  ipc.Server (Server.java:run(1319)) - Stopping IPC Server Responder
2019-10-16 08:35:34,899 [Thread-951] INFO  utils.BackgroundService (BackgroundService.java:shutdown(151)) - Shutting down service KeyDeletingService
2019-10-16 08:35:34,901 [Thread-951] INFO  handler.ContextHandler (ContextHandler.java:doStop(910)) - Stopped o.e.j.w.WebAppContext@20b5619e{/,null,UNAVAILABLE}{/ozoneManager}
2019-10-16 08:35:34,901 [Thread-951] INFO  server.AbstractConnector (AbstractConnector.java:doStop(318)) - Stopped ServerConnector@73988bd1{HTTP/1.1,[http/1.1]}{0.0.0.0:0}
2019-10-16 08:35:34,902 [Thread-951] INFO  handler.ContextHandler (ContextHandler.java:doStop(910)) - Stopped o.e.j.s.ServletContextHandler@4c583092{/static,jar:file:/home/user/.m2/repository/org/apache/hadoop/hadoop-ozone-ozone-manager/0.5.0-SNAPSHOT/hadoop-ozone-ozone-manager-0.5.0-SNAPSHOT.jar!/webapps/static,UNAVAILABLE}
2019-10-16 08:35:34,902 [Thread-951] INFO  handler.ContextHandler (ContextHandler.java:doStop(910)) - Stopped o.e.j.s.ServletContextHandler@3a8c0559{/logs,file:///workdir/hadoop-ozone/ozonefs/target/log,UNAVAILABLE}
2019-10-16 08:35:34,905 [Thread-951] INFO  ozone.MiniOzoneClusterImpl (MiniOzoneClusterImpl.java:stopDatanodes(377)) - Stopping the HddsDatanodes
2019-10-16 08:35:35,507 [Datanode State Machine Thread - 0] INFO  statemachine.DatanodeStateMachine (DatanodeStateMachine.java:lambda$startDaemon$0(350)) - Ozone container server started.
2019-10-16 08:35:35,598 [Datanode State Machine Thread - 0] INFO  statemachine.DatanodeStateMachine (DatanodeStateMachine.java:lambda$startDaemon$0(350)) - Ozone container server started.
2019-10-16 08:35:36,518 [Thread-1123] INFO  container.ReplicationManager (ReplicationManager.java:start(162)) - Starting Replication Monitor Thread.
2019-10-16 08:35:36,521 [ReplicationMonitor] INFO  container.ReplicationManager (ReplicationManager.java:run(225)) - Replication Monitor Thread took 1 milliseconds for processing 1 containers.
2019-10-16 08:35:39,907 [Thread-951] INFO  ozoneimpl.OzoneContainer (OzoneContainer.java:stop(227)) - Attempting to stop container services.
2019-10-16 08:35:39,907 [ForkJoinPool.commonPool-worker-0] INFO  ozoneimpl.OzoneContainer (OzoneContainer.java:stop(227)) - Attempting to stop container services.
2019-10-16 08:35:39,908 [ForkJoinPool.commonPool-worker-0] INFO  impl.RaftServerProxy (RaftServerProxy.java:lambda$close$4(314)) - 0c0f4d1b-976a-4e9f-8604-d039d444aaac: close
2019-10-16 08:35:39,908 [Thread-951] INFO  impl.RaftServerProxy (RaftServerProxy.java:lambda$close$4(314)) - 7c13de15-ca41-4d07-b5b4-a8e582a829b4: close
2019-10-16 08:35:39,908 [ForkJoinPool.commonPool-worker-0] INFO  impl.RaftServerImpl (RaftServerImpl.java:lambda$shutdown$3(261)) - 0c0f4d1b-976a-4e9f-8604-d039d444aaac@group-09AFB21A047F: shutdown
2019-10-16 08:35:39,909 [Thread-951] INFO  impl.RaftServerImpl (RaftServerImpl.java:lambda$shutdown$3(261)) - 7c13de15-ca41-4d07-b5b4-a8e582a829b4@group-D43896475DF0: shutdown
2019-10-16 08:35:39,909 [ForkJoinPool.commonPool-worker-0] INFO  util.JmxRegister (JmxRegister.java:unregister(73)) - Successfully un-registered JMX Bean with object name Ratis:service=RaftServer,group=group-09AFB21A047F,id=0c0f4d1b-976a-4e9f-8604-d039d444aaac
2019-10-16 08:35:39,909 [Thread-951] INFO  util.JmxRegister (JmxRegister.java:unregister(73)) - Successfully un-registered JMX Bean with object name Ratis:service=RaftServer,group=group-D43896475DF0,id=7c13de15-ca41-4d07-b5b4-a8e582a829b4
2019-10-16 08:35:39,909 [ForkJoinPool.commonPool-worker-0] INFO  impl.RoleInfo (RoleInfo.java:shutdownFollowerState(121)) - 0c0f4d1b-976a-4e9f-8604-d039d444aaac: shutdown FollowerState
2019-10-16 08:35:39,909 [Thread-951] INFO  impl.RoleInfo (RoleInfo.java:shutdownLeaderState(104)) - 7c13de15-ca41-4d07-b5b4-a8e582a829b4: shutdown LeaderState
2019-10-16 08:35:39,910 [Thread-1151] INFO  impl.FollowerState (FollowerState.java:run(117)) - 0c0f4d1b-976a-4e9f-8604-d039d444aaac@group-09AFB21A047F-FollowerState was interrupted: java.lang.InterruptedException: sleep interrupted
2019-10-16 08:35:39,910 [ForkJoinPool.commonPool-worker-0] INFO  impl.StateMachineUpdater (StateMachineUpdater.java:stopAndJoin(136)) - 0c0f4d1b-976a-4e9f-8604-d039d444aaac@group-09AFB21A047F-StateMachineUpdater: set stopIndex = 0
2019-10-16 08:35:39,910 [Thread-951] INFO  impl.PendingRequests (PendingRequests.java:sendNotLeaderResponses(202)) - 7c13de15-ca41-4d07-b5b4-a8e582a829b4@group-D43896475DF0-PendingRequests: sendNotLeaderResponses
2019-10-16 08:35:39,911 [ForkJoinPool.commonPool-worker-0] INFO  impl.RaftServerImpl (ServerState.java:close(388)) - 0c0f4d1b-976a-4e9f-8604-d039d444aaac@group-09AFB21A047F: closes. applyIndex: 0
2019-10-16 08:35:39,911 [Thread-951] INFO  impl.StateMachineUpdater (StateMachineUpdater.java:stopAndJoin(136)) - 7c13de15-ca41-4d07-b5b4-a8e582a829b4@group-D43896475DF0-StateMachineUpdater: set stopIndex = 0
2019-10-16 08:35:39,911 [0c0f4d1b-976a-4e9f-8604-d039d444aaac@group-09AFB21A047F-SegmentedRaftLogWorker] INFO  segmented.SegmentedRaftLogWorker (SegmentedRaftLogWorker.java:run(316)) - 0c0f4d1b-976a-4e9f-8604-d039d444aaac@group-09AFB21A047F-SegmentedRaftLogWorker was interrupted, exiting. There are 0 tasks remaining in the queue.
2019-10-16 08:35:39,911 [Thread-951] INFO  impl.RaftServerImpl (ServerState.java:close(388)) - 7c13de15-ca41-4d07-b5b4-a8e582a829b4@group-D43896475DF0: closes. applyIndex: 0
2019-10-16 08:35:39,914 [ForkJoinPool.commonPool-worker-0] INFO  segmented.SegmentedRaftLogWorker (SegmentedRaftLogWorker.java:close(224)) - 0c0f4d1b-976a-4e9f-8604-d039d444aaac@group-09AFB21A047F-SegmentedRaftLogWorker close()
2019-10-16 08:35:39,917 [7c13de15-ca41-4d07-b5b4-a8e582a829b4@group-D43896475DF0-SegmentedRaftLogWorker] INFO  segmented.SegmentedRaftLogWorker (SegmentedRaftLogWorker.java:run(316)) - 7c13de15-ca41-4d07-b5b4-a8e582a829b4@group-D43896475DF0-SegmentedRaftLogWorker was interrupted, exiting. There are 0 tasks remaining in the queue.
2019-10-16 08:35:39,917 [ForkJoinPool.commonPool-worker-0] INFO  impl.RaftServerImpl (RaftServerImpl.java:lambda$shutdown$3(261)) - 0c0f4d1b-976a-4e9f-8604-d039d444aaac@group-3324C265B413: shutdown
2019-10-16 08:35:39,919 [Thread-951] INFO  segmented.SegmentedRaftLogWorker (SegmentedRaftLogWorker.java:close(224)) - 7c13de15-ca41-4d07-b5b4-a8e582a829b4@group-D43896475DF0-SegmentedRaftLogWorker close()
2019-10-16 08:35:39,919 [ForkJoinPool.commonPool-worker-0] INFO  util.JmxRegister (JmxRegister.java:unregister(73)) - Successfully un-registered JMX Bean with object name Ratis:service=RaftServer,group=group-3324C265B413,id=0c0f4d1b-976a-4e9f-8604-d039d444aaac
2019-10-16 08:35:39,925 [Thread-951] INFO  impl.RaftServerImpl (RaftServerImpl.java:lambda$shutdown$3(261)) - 7c13de15-ca41-4d07-b5b4-a8e582a829b4@group-09AFB21A047F: shutdown
2019-10-16 08:35:39,926 [ForkJoinPool.commonPool-worker-0] INFO  impl.RoleInfo (RoleInfo.java:shutdownLeaderState(104)) - 0c0f4d1b-976a-4e9f-8604-d039d444aaac: shutdown LeaderState
2019-10-16 08:35:39,926 [Thread-951] INFO  util.JmxRegister (JmxRegister.java:unregister(73)) - Successfully un-registered JMX Bean with object name Ratis:service=RaftServer,group=group-09AFB21A047F,id=7c13de15-ca41-4d07-b5b4-a8e582a829b4
2019-10-16 08:35:39,926 [ForkJoinPool.commonPool-worker-0] INFO  impl.PendingRequests (PendingRequests.java:sendNotLeaderResponses(202)) - 0c0f4d1b-976a-4e9f-8604-d039d444aaac@group-3324C265B413-PendingRequests: sendNotLeaderResponses
2019-10-16 08:35:39,927 [Thread-951] INFO  impl.RoleInfo (RoleInfo.java:shutdownLeaderState(104)) - 7c13de15-ca41-4d07-b5b4-a8e582a829b4: shutdown LeaderState
2019-10-16 08:35:39,927 [ForkJoinPool.commonPool-worker-0] INFO  impl.StateMachineUpdater (StateMachineUpdater.java:stopAndJoin(136)) - 0c0f4d1b-976a-4e9f-8604-d039d444aaac@group-3324C265B413-StateMachineUpdater: set stopIndex = 0
2019-10-16 08:35:39,930 [org.apache.ratis.server.impl.LogAppender$AppenderDaemon$$Lambda$430/1408672603@8f706e7] WARN  server.GrpcLogAppender (GrpcLogAppender.java:mayWait(149)) - 7c13de15-ca41-4d07-b5b4-a8e582a829b4@group-09AFB21A047F->2a428d49-ceb9-4d76-8d46-b118942c371a-GrpcLogAppender: Wait interrupted by java.lang.InterruptedException
2019-10-16 08:35:39,930 [org.apache.ratis.server.impl.LogAppender$AppenderDaemon$$Lambda$430/1408672603@39b58e06] WARN  server.GrpcLogAppender (GrpcLogAppender.java:mayWait(149)) - 7c13de15-ca41-4d07-b5b4-a8e582a829b4@group-09AFB21A047F->0c0f4d1b-976a-4e9f-8604-d039d444aaac-GrpcLogAppender: Wait interrupted by java.lang.InterruptedException
2019-10-16 08:35:39,930 [Thread-951] INFO  impl.PendingRequests (PendingRequests.java:sendNotLeaderResponses(202)) - 7c13de15-ca41-4d07-b5b4-a8e582a829b4@group-09AFB21A047F-PendingRequests: sendNotLeaderResponses
2019-10-16 08:35:39,930 [ForkJoinPool.commonPool-worker-0] INFO  impl.RaftServerImpl (ServerState.java:close(388)) - 0c0f4d1b-976a-4e9f-8604-d039d444aaac@group-3324C265B413: closes. applyIndex: 0
2019-10-16 08:35:39,930 [Thread-951] INFO  impl.StateMachineUpdater (StateMachineUpdater.java:stopAndJoin(136)) - 7c13de15-ca41-4d07-b5b4-a8e582a829b4@group-09AFB21A047F-StateMachineUpdater: set stopIndex = 0
2019-10-16 08:35:39,931 [0c0f4d1b-976a-4e9f-8604-d039d444aaac@group-3324C265B413-SegmentedRaftLogWorker] INFO  segmented.SegmentedRaftLogWorker (SegmentedRaftLogWorker.java:run(316)) - 0c0f4d1b-976a-4e9f-8604-d039d444aaac@group-3324C265B413-SegmentedRaftLogWorker was interrupted, exiting. There are 0 tasks remaining in the queue.
2019-10-16 08:35:39,931 [Thread-951] INFO  impl.RaftServerImpl (ServerState.java:close(388)) - 7c13de15-ca41-4d07-b5b4-a8e582a829b4@group-09AFB21A047F: closes. applyIndex: 0
2019-10-16 08:35:39,932 [grpc-default-executor-0] INFO  server.GrpcServerProtocolService (GrpcServerProtocolService.java:onCompleted(113)) - 2a428d49-ceb9-4d76-8d46-b118942c371a: Completed APPEND_ENTRIES, lastRequest: 7c13de15-ca41-4d07-b5b4-a8e582a829b4->2a428d49-ceb9-4d76-8d46-b118942c371a#3-t1, previous=(t:1, i:0), leaderCommit=0, initializing? false, entries: <empty>
2019-10-16 08:35:39,932 [ForkJoinPool.commonPool-worker-0] INFO  segmented.SegmentedRaftLogWorker (SegmentedRaftLogWorker.java:close(224)) - 0c0f4d1b-976a-4e9f-8604-d039d444aaac@group-3324C265B413-SegmentedRaftLogWorker close()
2019-10-16 08:35:39,932 [7c13de15-ca41-4d07-b5b4-a8e582a829b4@group-09AFB21A047F-SegmentedRaftLogWorker] INFO  segmented.SegmentedRaftLogWorker (SegmentedRaftLogWorker.java:run(316)) - 7c13de15-ca41-4d07-b5b4-a8e582a829b4@group-09AFB21A047F-SegmentedRaftLogWorker was interrupted, exiting. There are 0 tasks remaining in the queue.
2019-10-16 08:35:39,932 [grpc-default-executor-2] INFO  server.GrpcServerProtocolService (GrpcServerProtocolService.java:onCompleted(113)) - 0c0f4d1b-976a-4e9f-8604-d039d444aaac: Completed APPEND_ENTRIES, lastRequest: 7c13de15-ca41-4d07-b5b4-a8e582a829b4->0c0f4d1b-976a-4e9f-8604-d039d444aaac#3-t1, previous=(t:1, i:0), leaderCommit=0, initializing? false, entries: <empty>
2019-10-16 08:35:39,935 [ForkJoinPool.commonPool-worker-0] INFO  server.GrpcService (GrpcService.java:closeImpl(164)) - 0c0f4d1b-976a-4e9f-8604-d039d444aaac: shutdown server with port 39365 now
2019-10-16 08:35:39,935 [Thread-951] INFO  segmented.SegmentedRaftLogWorker (SegmentedRaftLogWorker.java:close(224)) - 7c13de15-ca41-4d07-b5b4-a8e582a829b4@group-09AFB21A047F-SegmentedRaftLogWorker close()
2019-10-16 08:35:39,937 [Thread-951] INFO  server.GrpcService (GrpcService.java:closeImpl(164)) - 7c13de15-ca41-4d07-b5b4-a8e582a829b4: shutdown server with port 42055 now
2019-10-16 08:35:39,937 [grpc-default-executor-0] INFO  server.GrpcLogAppender (GrpcLogAppender.java:onCompleted(308)) - 7c13de15-ca41-4d07-b5b4-a8e582a829b4@group-09AFB21A047F->2a428d49-ceb9-4d76-8d46-b118942c371a-AppendLogResponseHandler: follower responses appendEntries COMPLETED
2019-10-16 08:35:39,937 [grpc-default-executor-2] INFO  server.GrpcLogAppender (GrpcLogAppender.java:onCompleted(308)) - 7c13de15-ca41-4d07-b5b4-a8e582a829b4@group-09AFB21A047F->0c0f4d1b-976a-4e9f-8604-d039d444aaac-AppendLogResponseHandler: follower responses appendEntries COMPLETED
2019-10-16 08:35:39,939 [ForkJoinPool.commonPool-worker-0] INFO  server.GrpcService (GrpcService.java:closeImpl(172)) - 0c0f4d1b-976a-4e9f-8604-d039d444aaac: shutdown server with port 39365 successfully
2019-10-16 08:35:39,941 [grpc-default-executor-0] INFO  impl.FollowerInfo (FollowerInfo.java:lambda$new$0(51)) - 7c13de15-ca41-4d07-b5b4-a8e582a829b4@group-09AFB21A047F->2a428d49-ceb9-4d76-8d46-b118942c371a: nextIndex: updateUnconditionally 1 -> 0
2019-10-16 08:35:39,941 [grpc-default-executor-2] INFO  impl.FollowerInfo (FollowerInfo.java:lambda$new$0(51)) - 7c13de15-ca41-4d07-b5b4-a8e582a829b4@group-09AFB21A047F->0c0f4d1b-976a-4e9f-8604-d039d444aaac: nextIndex: updateUnconditionally 1 -> 0
2019-10-16 08:35:39,941 [Thread-951] INFO  server.GrpcService (GrpcService.java:closeImpl(172)) - 7c13de15-ca41-4d07-b5b4-a8e582a829b4: shutdown server with port 42055 successfully
2019-10-16 08:35:39,942 [refreshUsed-/workdir/hadoop-ozone/ozonefs/target/test-dir/MiniOzoneClusterImpl-c50f55bb-b538-4ff9-83fb-c1aaa774e5e8/datanode-0/data/containers] WARN  fs.CachingGetSpaceUsed (CachingGetSpaceUsed.java:run(183)) - Thread Interrupted waiting to refresh disk information: sleep interrupted
2019-10-16 08:35:39,945 [refreshUsed-/workdir/hadoop-ozone/ozonefs/target/test-dir/MiniOzoneClusterImpl-c50f55bb-b538-4ff9-83fb-c1aaa774e5e8/datanode-1/data/containers] WARN  fs.CachingGetSpaceUsed (CachingGetSpaceUsed.java:run(183)) - Thread Interrupted waiting to refresh disk information: sleep interrupted
2019-10-16 08:35:39,972 [Thread-951] INFO  utils.BackgroundService (BackgroundService.java:shutdown(151)) - Shutting down service BlockDeletingService
2019-10-16 08:35:39,975 [Thread-951] INFO  statemachine.DatanodeStateMachine (DatanodeStateMachine.java:stopDaemon(395)) - Ozone container server stopped.
2019-10-16 08:35:39,975 [ForkJoinPool.commonPool-worker-0] INFO  utils.BackgroundService (BackgroundService.java:shutdown(151)) - Shutting down service BlockDeletingService
2019-10-16 08:35:39,977 [ForkJoinPool.commonPool-worker-0] INFO  statemachine.DatanodeStateMachine (DatanodeStateMachine.java:stopDaemon(395)) - Ozone container server stopped.
2019-10-16 08:35:39,979 [Thread-951] INFO  handler.ContextHandler (ContextHandler.java:doStop(910)) - Stopped o.e.j.w.WebAppContext@154d69d0{/,null,UNAVAILABLE}{/hddsDatanode}
2019-10-16 08:35:39,980 [ForkJoinPool.commonPool-worker-0] INFO  handler.ContextHandler (ContextHandler.java:doStop(910)) - Stopped o.e.j.w.WebAppContext@b4ea196{/,null,UNAVAILABLE}{/hddsDatanode}
2019-10-16 08:35:39,981 [Thread-951] INFO  server.AbstractConnector (AbstractConnector.java:doStop(318)) - Stopped ServerConnector@5bb9be03{HTTP/1.1,[http/1.1]}{0.0.0.0:0}
2019-10-16 08:35:39,981 [ForkJoinPool.commonPool-worker-0] INFO  server.AbstractConnector (AbstractConnector.java:doStop(318)) - Stopped ServerConnector@29ef8441{HTTP/1.1,[http/1.1]}{0.0.0.0:0}
2019-10-16 08:35:39,981 [Thread-951] INFO  handler.ContextHandler (ContextHandler.java:doStop(910)) - Stopped o.e.j.s.ServletContextHandler@3e7a98df{/static,jar:file:/home/user/.m2/repository/org/apache/hadoop/hadoop-hdds-container-service/0.5.0-SNAPSHOT/hadoop-hdds-container-service-0.5.0-SNAPSHOT.jar!/webapps/static,UNAVAILABLE}
2019-10-16 08:35:39,982 [ForkJoinPool.commonPool-worker-0] INFO  handler.ContextHandler (ContextHandler.java:doStop(910)) - Stopped o.e.j.s.ServletContextHandler@1123763c{/static,jar:file:/home/user/.m2/repository/org/apache/hadoop/hadoop-hdds-container-service/0.5.0-SNAPSHOT/hadoop-hdds-container-service-0.5.0-SNAPSHOT.jar!/webapps/static,UNAVAILABLE}
2019-10-16 08:35:39,982 [Thread-951] INFO  handler.ContextHandler (ContextHandler.java:doStop(910)) - Stopped o.e.j.s.ServletContextHandler@28880efa{/logs,file:///workdir/hadoop-ozone/ozonefs/target/log,UNAVAILABLE}
2019-10-16 08:35:39,983 [ForkJoinPool.commonPool-worker-0] INFO  handler.ContextHandler (ContextHandler.java:doStop(910)) - Stopped o.e.j.s.ServletContextHandler@281ee537{/logs,file:///workdir/hadoop-ozone/ozonefs/target/log,UNAVAILABLE}
2019-10-16 08:35:40,691 [Datanode State Machine Thread - 0] INFO  statemachine.DatanodeStateMachine (DatanodeStateMachine.java:lambda$startDaemon$0(350)) - Ozone container server started.
2019-10-16 08:35:44,328 [Thread-1160] INFO  impl.FollowerState (FollowerState.java:run(108)) - 2a428d49-ceb9-4d76-8d46-b118942c371a@group-09AFB21A047F-FollowerState: change to CANDIDATE, lastRpcTime:5289ms, electionTimeout:5174ms
2019-10-16 08:35:44,328 [Thread-1160] INFO  impl.RoleInfo (RoleInfo.java:shutdownFollowerState(121)) - 2a428d49-ceb9-4d76-8d46-b118942c371a: shutdown FollowerState
2019-10-16 08:35:44,329 [Thread-1160] INFO  impl.RaftServerImpl (RaftServerImpl.java:setRole(184)) - 2a428d49-ceb9-4d76-8d46-b118942c371a@group-09AFB21A047F: changes role from  FOLLOWER to CANDIDATE at term 1 for changeToCandidate
2019-10-16 08:35:44,329 [Thread-1160] INFO  impl.RoleInfo (RoleInfo.java:updateAndGet(143)) - 2a428d49-ceb9-4d76-8d46-b118942c371a: start LeaderElection
2019-10-16 08:35:44,329 [2a428d49-ceb9-4d76-8d46-b118942c371a@group-09AFB21A047F-LeaderElection65] INFO  impl.RaftServerImpl (ServerState.java:setLeader(256)) - 2a428d49-ceb9-4d76-8d46-b118942c371a@group-09AFB21A047F: change Leader from 7c13de15-ca41-4d07-b5b4-a8e582a829b4 to null at term 1 for initElection
2019-10-16 08:35:44,344 [2a428d49-ceb9-4d76-8d46-b118942c371a@group-09AFB21A047F-LeaderElection65] INFO  impl.LeaderElection (LeaderElection.java:askForVotes(178)) - 2a428d49-ceb9-4d76-8d46-b118942c371a@group-09AFB21A047F-LeaderElection65: begin an election at term 2 for 0: [7c13de15-ca41-4d07-b5b4-a8e582a829b4:192.168.34.43:42055, 2a428d49-ceb9-4d76-8d46-b118942c371a:192.168.34.43:46585, 0c0f4d1b-976a-4e9f-8604-d039d444aaac:192.168.34.43:39365], old=null
2019-10-16 08:35:44,365 [2a428d49-ceb9-4d76-8d46-b118942c371a@group-09AFB21A047F-LeaderElection65] INFO  impl.LeaderElection (LogUtils.java:infoOrTrace(149)) - 2a428d49-ceb9-4d76-8d46-b118942c371a@group-09AFB21A047F-LeaderElection65 got exception when requesting votes: {}
java.util.concurrent.ExecutionException: org.apache.ratis.thirdparty.io.grpc.StatusRuntimeException: UNAVAILABLE: io exception
	at java.util.concurrent.FutureTask.report(FutureTask.java:122)
	at java.util.concurrent.FutureTask.get(FutureTask.java:192)
	at org.apache.ratis.server.impl.LeaderElection.waitForResults(LeaderElection.java:259)
	at org.apache.ratis.server.impl.LeaderElection.askForVotes(LeaderElection.java:197)
	at org.apache.ratis.server.impl.LeaderElection.run(LeaderElection.java:133)
	at java.lang.Thread.run(Thread.java:748)
Caused by: org.apache.ratis.thirdparty.io.grpc.StatusRuntimeException: UNAVAILABLE: io exception
	at org.apache.ratis.thirdparty.io.grpc.stub.ClientCalls.toStatusRuntimeException(ClientCalls.java:233)
	at org.apache.ratis.thirdparty.io.grpc.stub.ClientCalls.getUnchecked(ClientCalls.java:214)
	at org.apache.ratis.thirdparty.io.grpc.stub.ClientCalls.blockingUnaryCall(ClientCalls.java:139)
	at org.apache.ratis.proto.grpc.RaftServerProtocolServiceGrpc$RaftServerProtocolServiceBlockingStub.requestVote(RaftServerProtocolServiceGrpc.java:265)
	at org.apache.ratis.grpc.server.GrpcServerProtocolClient.requestVote(GrpcServerProtocolClient.java:99)
	at org.apache.ratis.grpc.server.GrpcService.requestVote(GrpcService.java:204)
	at org.apache.ratis.server.impl.LeaderElection.lambda$submitRequests$1(LeaderElection.java:234)
	at java.util.concurrent.FutureTask.run(FutureTask.java:266)
	at java.util.concurrent.Executors$RunnableAdapter.call(Executors.java:511)
	at java.util.concurrent.FutureTask.run(FutureTask.java:266)
	at java.util.concurrent.ThreadPoolExecutor.runWorker(ThreadPoolExecutor.java:1149)
	at java.util.concurrent.ThreadPoolExecutor$Worker.run(ThreadPoolExecutor.java:624)
	... 1 more
Caused by: org.apache.ratis.thirdparty.io.netty.channel.AbstractChannel$AnnotatedConnectException: Connection refused: /192.168.34.43:39365
	at sun.nio.ch.SocketChannelImpl.checkConnect(Native Method)
	at sun.nio.ch.SocketChannelImpl.finishConnect(SocketChannelImpl.java:717)
	at org.apache.ratis.thirdparty.io.netty.channel.socket.nio.NioSocketChannel.doFinishConnect(NioSocketChannel.java:327)
	at org.apache.ratis.thirdparty.io.netty.channel.nio.AbstractNioChannel$AbstractNioUnsafe.finishConnect(AbstractNioChannel.java:340)
	at org.apache.ratis.thirdparty.io.netty.channel.nio.NioEventLoop.processSelectedKey(NioEventLoop.java:632)
	at org.apache.ratis.thirdparty.io.netty.channel.nio.NioEventLoop.processSelectedKeysOptimized(NioEventLoop.java:579)
	at org.apache.ratis.thirdparty.io.netty.channel.nio.NioEventLoop.processSelectedKeys(NioEventLoop.java:496)
	at org.apache.ratis.thirdparty.io.netty.channel.nio.NioEventLoop.run(NioEventLoop.java:458)
	at org.apache.ratis.thirdparty.io.netty.util.concurrent.SingleThreadEventExecutor$5.run(SingleThreadEventExecutor.java:897)
	at org.apache.ratis.thirdparty.io.netty.util.concurrent.FastThreadLocalRunnable.run(FastThreadLocalRunnable.java:30)
	... 1 more
Caused by: java.net.ConnectException: Connection refused
	... 11 more
2019-10-16 08:35:44,367 [2a428d49-ceb9-4d76-8d46-b118942c371a@group-09AFB21A047F-LeaderElection65] INFO  impl.LeaderElection (LogUtils.java:infoOrTrace(149)) - 2a428d49-ceb9-4d76-8d46-b118942c371a@group-09AFB21A047F-LeaderElection65 got exception when requesting votes: {}
java.util.concurrent.ExecutionException: org.apache.ratis.thirdparty.io.grpc.StatusRuntimeException: UNAVAILABLE: io exception
	at java.util.concurrent.FutureTask.report(FutureTask.java:122)
	at java.util.concurrent.FutureTask.get(FutureTask.java:192)
	at org.apache.ratis.server.impl.LeaderElection.waitForResults(LeaderElection.java:259)
	at org.apache.ratis.server.impl.LeaderElection.askForVotes(LeaderElection.java:197)
	at org.apache.ratis.server.impl.LeaderElection.run(LeaderElection.java:133)
	at java.lang.Thread.run(Thread.java:748)
Caused by: org.apache.ratis.thirdparty.io.grpc.StatusRuntimeException: UNAVAILABLE: io exception
	at org.apache.ratis.thirdparty.io.grpc.stub.ClientCalls.toStatusRuntimeException(ClientCalls.java:233)
	at org.apache.ratis.thirdparty.io.grpc.stub.ClientCalls.getUnchecked(ClientCalls.java:214)
	at org.apache.ratis.thirdparty.io.grpc.stub.ClientCalls.blockingUnaryCall(ClientCalls.java:139)
	at org.apache.ratis.proto.grpc.RaftServerProtocolServiceGrpc$RaftServerProtocolServiceBlockingStub.requestVote(RaftServerProtocolServiceGrpc.java:265)
	at org.apache.ratis.grpc.server.GrpcServerProtocolClient.requestVote(GrpcServerProtocolClient.java:99)
	at org.apache.ratis.grpc.server.GrpcService.requestVote(GrpcService.java:204)
	at org.apache.ratis.server.impl.LeaderElection.lambda$submitRequests$1(LeaderElection.java:234)
	at java.util.concurrent.FutureTask.run(FutureTask.java:266)
	at java.util.concurrent.Executors$RunnableAdapter.call(Executors.java:511)
	at java.util.concurrent.FutureTask.run(FutureTask.java:266)
	at java.util.concurrent.ThreadPoolExecutor.runWorker(ThreadPoolExecutor.java:1149)
	at java.util.concurrent.ThreadPoolExecutor$Worker.run(ThreadPoolExecutor.java:624)
	... 1 more
Caused by: org.apache.ratis.thirdparty.io.netty.channel.AbstractChannel$AnnotatedConnectException: Connection refused: /192.168.34.43:42055
	at sun.nio.ch.SocketChannelImpl.checkConnect(Native Method)
	at sun.nio.ch.SocketChannelImpl.finishConnect(SocketChannelImpl.java:717)
	at org.apache.ratis.thirdparty.io.netty.channel.socket.nio.NioSocketChannel.doFinishConnect(NioSocketChannel.java:327)
	at org.apache.ratis.thirdparty.io.netty.channel.nio.AbstractNioChannel$AbstractNioUnsafe.finishConnect(AbstractNioChannel.java:340)
	at org.apache.ratis.thirdparty.io.netty.channel.nio.NioEventLoop.processSelectedKey(NioEventLoop.java:632)
	at org.apache.ratis.thirdparty.io.netty.channel.nio.NioEventLoop.processSelectedKeysOptimized(NioEventLoop.java:579)
	at org.apache.ratis.thirdparty.io.netty.channel.nio.NioEventLoop.processSelectedKeys(NioEventLoop.java:496)
	at org.apache.ratis.thirdparty.io.netty.channel.nio.NioEventLoop.run(NioEventLoop.java:458)
	at org.apache.ratis.thirdparty.io.netty.util.concurrent.SingleThreadEventExecutor$5.run(SingleThreadEventExecutor.java:897)
	at org.apache.ratis.thirdparty.io.netty.util.concurrent.FastThreadLocalRunnable.run(FastThreadLocalRunnable.java:30)
	... 1 more
Caused by: java.net.ConnectException: Connection refused
	... 11 more
2019-10-16 08:35:44,368 [2a428d49-ceb9-4d76-8d46-b118942c371a@group-09AFB21A047F-LeaderElection65] INFO  impl.LeaderElection (LeaderElection.java:logAndReturn(56)) - 2a428d49-ceb9-4d76-8d46-b118942c371a@group-09AFB21A047F-LeaderElection65: Election REJECTED; received 0 response(s) [] and 2 exception(s); 2a428d49-ceb9-4d76-8d46-b118942c371a@group-09AFB21A047F:t2, leader=null, voted=2a428d49-ceb9-4d76-8d46-b118942c371a, raftlog=2a428d49-ceb9-4d76-8d46-b118942c371a@group-09AFB21A047F-SegmentedRaftLog:OPENED:c0,f0,i0, conf=0: [7c13de15-ca41-4d07-b5b4-a8e582a829b4:192.168.34.43:42055, 2a428d49-ceb9-4d76-8d46-b118942c371a:192.168.34.43:46585, 0c0f4d1b-976a-4e9f-8604-d039d444aaac:192.168.34.43:39365], old=null
2019-10-16 08:35:44,369 [2a428d49-ceb9-4d76-8d46-b118942c371a@group-09AFB21A047F-LeaderElection65] INFO  impl.LeaderElection (LogUtils.java:infoOrTrace(149)) -   Exception 0: {}
java.util.concurrent.ExecutionException: org.apache.ratis.thirdparty.io.grpc.StatusRuntimeException: UNAVAILABLE: io exception
	at java.util.concurrent.FutureTask.report(FutureTask.java:122)
	at java.util.concurrent.FutureTask.get(FutureTask.java:192)
	at org.apache.ratis.server.impl.LeaderElection.waitForResults(LeaderElection.java:259)
	at org.apache.ratis.server.impl.LeaderElection.askForVotes(LeaderElection.java:197)
	at org.apache.ratis.server.impl.LeaderElection.run(LeaderElection.java:133)
	at java.lang.Thread.run(Thread.java:748)
Caused by: org.apache.ratis.thirdparty.io.grpc.StatusRuntimeException: UNAVAILABLE: io exception
	at org.apache.ratis.thirdparty.io.grpc.stub.ClientCalls.toStatusRuntimeException(ClientCalls.java:233)
	at org.apache.ratis.thirdparty.io.grpc.stub.ClientCalls.getUnchecked(ClientCalls.java:214)
	at org.apache.ratis.thirdparty.io.grpc.stub.ClientCalls.blockingUnaryCall(ClientCalls.java:139)
	at org.apache.ratis.proto.grpc.RaftServerProtocolServiceGrpc$RaftServerProtocolServiceBlockingStub.requestVote(RaftServerProtocolServiceGrpc.java:265)
	at org.apache.ratis.grpc.server.GrpcServerProtocolClient.requestVote(GrpcServerProtocolClient.java:99)
	at org.apache.ratis.grpc.server.GrpcService.requestVote(GrpcService.java:204)
	at org.apache.ratis.server.impl.LeaderElection.lambda$submitRequests$1(LeaderElection.java:234)
	at java.util.concurrent.FutureTask.run(FutureTask.java:266)
	at java.util.concurrent.Executors$RunnableAdapter.call(Executors.java:511)
	at java.util.concurrent.FutureTask.run(FutureTask.java:266)
	at java.util.concurrent.ThreadPoolExecutor.runWorker(ThreadPoolExecutor.java:1149)
	at java.util.concurrent.ThreadPoolExecutor$Worker.run(ThreadPoolExecutor.java:624)
	... 1 more
Caused by: org.apache.ratis.thirdparty.io.netty.channel.AbstractChannel$AnnotatedConnectException: Connection refused: /192.168.34.43:39365
	at sun.nio.ch.SocketChannelImpl.checkConnect(Native Method)
	at sun.nio.ch.SocketChannelImpl.finishConnect(SocketChannelImpl.java:717)
	at org.apache.ratis.thirdparty.io.netty.channel.socket.nio.NioSocketChannel.doFinishConnect(NioSocketChannel.java:327)
	at org.apache.ratis.thirdparty.io.netty.channel.nio.AbstractNioChannel$AbstractNioUnsafe.finishConnect(AbstractNioChannel.java:340)
	at org.apache.ratis.thirdparty.io.netty.channel.nio.NioEventLoop.processSelectedKey(NioEventLoop.java:632)
	at org.apache.ratis.thirdparty.io.netty.channel.nio.NioEventLoop.processSelectedKeysOptimized(NioEventLoop.java:579)
	at org.apache.ratis.thirdparty.io.netty.channel.nio.NioEventLoop.processSelectedKeys(NioEventLoop.java:496)
	at org.apache.ratis.thirdparty.io.netty.channel.nio.NioEventLoop.run(NioEventLoop.java:458)
	at org.apache.ratis.thirdparty.io.netty.util.concurrent.SingleThreadEventExecutor$5.run(SingleThreadEventExecutor.java:897)
	at org.apache.ratis.thirdparty.io.netty.util.concurrent.FastThreadLocalRunnable.run(FastThreadLocalRunnable.java:30)
	... 1 more
Caused by: java.net.ConnectException: Connection refused
	... 11 more
2019-10-16 08:35:44,369 [2a428d49-ceb9-4d76-8d46-b118942c371a@group-09AFB21A047F-LeaderElection65] INFO  impl.LeaderElection (LogUtils.java:infoOrTrace(149)) -   Exception 1: {}
java.util.concurrent.ExecutionException: org.apache.ratis.thirdparty.io.grpc.StatusRuntimeException: UNAVAILABLE: io exception
	at java.util.concurrent.FutureTask.report(FutureTask.java:122)
	at java.util.concurrent.FutureTask.get(FutureTask.java:192)
	at org.apache.ratis.server.impl.LeaderElection.waitForResults(LeaderElection.java:259)
	at org.apache.ratis.server.impl.LeaderElection.askForVotes(LeaderElection.java:197)
	at org.apache.ratis.server.impl.LeaderElection.run(LeaderElection.java:133)
	at java.lang.Thread.run(Thread.java:748)
Caused by: org.apache.ratis.thirdparty.io.grpc.StatusRuntimeException: UNAVAILABLE: io exception
	at org.apache.ratis.thirdparty.io.grpc.stub.ClientCalls.toStatusRuntimeException(ClientCalls.java:233)
	at org.apache.ratis.thirdparty.io.grpc.stub.ClientCalls.getUnchecked(ClientCalls.java:214)
	at org.apache.ratis.thirdparty.io.grpc.stub.ClientCalls.blockingUnaryCall(ClientCalls.java:139)
	at org.apache.ratis.proto.grpc.RaftServerProtocolServiceGrpc$RaftServerProtocolServiceBlockingStub.requestVote(RaftServerProtocolServiceGrpc.java:265)
	at org.apache.ratis.grpc.server.GrpcServerProtocolClient.requestVote(GrpcServerProtocolClient.java:99)
	at org.apache.ratis.grpc.server.GrpcService.requestVote(GrpcService.java:204)
	at org.apache.ratis.server.impl.LeaderElection.lambda$submitRequests$1(LeaderElection.java:234)
	at java.util.concurrent.FutureTask.run(FutureTask.java:266)
	at java.util.concurrent.Executors$RunnableAdapter.call(Executors.java:511)
	at java.util.concurrent.FutureTask.run(FutureTask.java:266)
	at java.util.concurrent.ThreadPoolExecutor.runWorker(ThreadPoolExecutor.java:1149)
	at java.util.concurrent.ThreadPoolExecutor$Worker.run(ThreadPoolExecutor.java:624)
	... 1 more
Caused by: org.apache.ratis.thirdparty.io.netty.channel.AbstractChannel$AnnotatedConnectException: Connection refused: /192.168.34.43:42055
	at sun.nio.ch.SocketChannelImpl.checkConnect(Native Method)
	at sun.nio.ch.SocketChannelImpl.finishConnect(SocketChannelImpl.java:717)
	at org.apache.ratis.thirdparty.io.netty.channel.socket.nio.NioSocketChannel.doFinishConnect(NioSocketChannel.java:327)
	at org.apache.ratis.thirdparty.io.netty.channel.nio.AbstractNioChannel$AbstractNioUnsafe.finishConnect(AbstractNioChannel.java:340)
	at org.apache.ratis.thirdparty.io.netty.channel.nio.NioEventLoop.processSelectedKey(NioEventLoop.java:632)
	at org.apache.ratis.thirdparty.io.netty.channel.nio.NioEventLoop.processSelectedKeysOptimized(NioEventLoop.java:579)
	at org.apache.ratis.thirdparty.io.netty.channel.nio.NioEventLoop.processSelectedKeys(NioEventLoop.java:496)
	at org.apache.ratis.thirdparty.io.netty.channel.nio.NioEventLoop.run(NioEventLoop.java:458)
	at org.apache.ratis.thirdparty.io.netty.util.concurrent.SingleThreadEventExecutor$5.run(SingleThreadEventExecutor.java:897)
	at org.apache.ratis.thirdparty.io.netty.util.concurrent.FastThreadLocalRunnable.run(FastThreadLocalRunnable.java:30)
	... 1 more
Caused by: java.net.ConnectException: Connection refused
	... 11 more
2019-10-16 08:35:44,370 [2a428d49-ceb9-4d76-8d46-b118942c371a@group-09AFB21A047F-LeaderElection65] INFO  impl.RaftServerImpl (RaftServerImpl.java:setRole(184)) - 2a428d49-ceb9-4d76-8d46-b118942c371a@group-09AFB21A047F: changes role from CANDIDATE to FOLLOWER at term 2 for DISCOVERED_A_NEW_TERM
2019-10-16 08:35:44,370 [2a428d49-ceb9-4d76-8d46-b118942c371a@group-09AFB21A047F-LeaderElection65] INFO  impl.RoleInfo (RoleInfo.java:shutdownLeaderElection(134)) - 2a428d49-ceb9-4d76-8d46-b118942c371a: shutdown LeaderElection
2019-10-16 08:35:44,370 [2a428d49-ceb9-4d76-8d46-b118942c371a@group-09AFB21A047F-LeaderElection65] INFO  impl.RoleInfo (RoleInfo.java:updateAndGet(143)) - 2a428d49-ceb9-4d76-8d46-b118942c371a: start FollowerState
2019-10-16 08:35:44,985 [Thread-951] INFO  ozoneimpl.OzoneContainer (OzoneContainer.java:stop(227)) - Attempting to stop container services.
2019-10-16 08:35:44,985 [Thread-951] INFO  impl.RaftServerProxy (RaftServerProxy.java:lambda$close$4(314)) - 2a428d49-ceb9-4d76-8d46-b118942c371a: close
2019-10-16 08:35:44,986 [Thread-951] INFO  impl.RaftServerImpl (RaftServerImpl.java:lambda$shutdown$3(261)) - 2a428d49-ceb9-4d76-8d46-b118942c371a@group-09AFB21A047F: shutdown
2019-10-16 08:35:44,986 [Thread-951] INFO  util.JmxRegister (JmxRegister.java:unregister(73)) - Successfully un-registered JMX Bean with object name Ratis:service=RaftServer,group=group-09AFB21A047F,id=2a428d49-ceb9-4d76-8d46-b118942c371a
2019-10-16 08:35:44,986 [ForkJoinPool.commonPool-worker-1] INFO  impl.RaftServerImpl (RaftServerImpl.java:lambda$shutdown$3(261)) - 2a428d49-ceb9-4d76-8d46-b118942c371a@group-8AA23ABD2E8D: shutdown
2019-10-16 08:35:44,986 [Thread-951] INFO  impl.RoleInfo (RoleInfo.java:shutdownFollowerState(121)) - 2a428d49-ceb9-4d76-8d46-b118942c371a: shutdown FollowerState
2019-10-16 08:35:44,987 [ForkJoinPool.commonPool-worker-1] INFO  util.JmxRegister (JmxRegister.java:unregister(73)) - Successfully un-registered JMX Bean with object name Ratis:service=RaftServer,group=group-8AA23ABD2E8D,id=2a428d49-ceb9-4d76-8d46-b118942c371a
2019-10-16 08:35:44,987 [Thread-1176] INFO  impl.FollowerState (FollowerState.java:run(117)) - 2a428d49-ceb9-4d76-8d46-b118942c371a@group-09AFB21A047F-FollowerState was interrupted: java.lang.InterruptedException: sleep interrupted
2019-10-16 08:35:44,987 [Thread-951] INFO  impl.StateMachineUpdater (StateMachineUpdater.java:stopAndJoin(136)) - 2a428d49-ceb9-4d76-8d46-b118942c371a@group-09AFB21A047F-StateMachineUpdater: set stopIndex = 0
2019-10-16 08:35:44,987 [ForkJoinPool.commonPool-worker-1] INFO  impl.RoleInfo (RoleInfo.java:shutdownLeaderState(104)) - 2a428d49-ceb9-4d76-8d46-b118942c371a: shutdown LeaderState
2019-10-16 08:35:44,988 [Thread-951] INFO  impl.RaftServerImpl (ServerState.java:close(388)) - 2a428d49-ceb9-4d76-8d46-b118942c371a@group-09AFB21A047F: closes. applyIndex: 0
2019-10-16 08:35:44,988 [ForkJoinPool.commonPool-worker-1] INFO  impl.PendingRequests (PendingRequests.java:sendNotLeaderResponses(202)) - 2a428d49-ceb9-4d76-8d46-b118942c371a@group-8AA23ABD2E8D-PendingRequests: sendNotLeaderResponses
2019-10-16 08:35:44,988 [2a428d49-ceb9-4d76-8d46-b118942c371a@group-09AFB21A047F-SegmentedRaftLogWorker] INFO  segmented.SegmentedRaftLogWorker (SegmentedRaftLogWorker.java:run(316)) - 2a428d49-ceb9-4d76-8d46-b118942c371a@group-09AFB21A047F-SegmentedRaftLogWorker was interrupted, exiting. There are 0 tasks remaining in the queue.
2019-10-16 08:35:44,988 [ForkJoinPool.commonPool-worker-1] INFO  impl.StateMachineUpdater (StateMachineUpdater.java:stopAndJoin(136)) - 2a428d49-ceb9-4d76-8d46-b118942c371a@group-8AA23ABD2E8D-StateMachineUpdater: set stopIndex = 0
2019-10-16 08:35:44,990 [Thread-951] INFO  segmented.SegmentedRaftLogWorker (SegmentedRaftLogWorker.java:close(224)) - 2a428d49-ceb9-4d76-8d46-b118942c371a@group-09AFB21A047F-SegmentedRaftLogWorker close()
2019-10-16 08:35:44,990 [ForkJoinPool.commonPool-worker-1] INFO  impl.RaftServerImpl (ServerState.java:close(388)) - 2a428d49-ceb9-4d76-8d46-b118942c371a@group-8AA23ABD2E8D: closes. applyIndex: 0
2019-10-16 08:35:44,992 [2a428d49-ceb9-4d76-8d46-b118942c371a@group-8AA23ABD2E8D-SegmentedRaftLogWorker] INFO  segmented.SegmentedRaftLogWorker (SegmentedRaftLogWorker.java:run(316)) - 2a428d49-ceb9-4d76-8d46-b118942c371a@group-8AA23ABD2E8D-SegmentedRaftLogWorker was interrupted, exiting. There are 0 tasks remaining in the queue.
2019-10-16 08:35:44,993 [ForkJoinPool.commonPool-worker-1] INFO  segmented.SegmentedRaftLogWorker (SegmentedRaftLogWorker.java:close(224)) - 2a428d49-ceb9-4d76-8d46-b118942c371a@group-8AA23ABD2E8D-SegmentedRaftLogWorker close()
2019-10-16 08:35:44,994 [Thread-951] INFO  server.GrpcService (GrpcService.java:closeImpl(164)) - 2a428d49-ceb9-4d76-8d46-b118942c371a: shutdown server with port 46585 now
2019-10-16 08:35:44,996 [Thread-951] INFO  server.GrpcService (GrpcService.java:closeImpl(172)) - 2a428d49-ceb9-4d76-8d46-b118942c371a: shutdown server with port 46585 successfully
2019-10-16 08:35:44,999 [refreshUsed-/workdir/hadoop-ozone/ozonefs/target/test-dir/MiniOzoneClusterImpl-c50f55bb-b538-4ff9-83fb-c1aaa774e5e8/datanode-2/data/containers] WARN  fs.CachingGetSpaceUsed (CachingGetSpaceUsed.java:run(183)) - Thread Interrupted waiting to refresh disk information: sleep interrupted
2019-10-16 08:35:45,022 [Thread-951] INFO  utils.BackgroundService (BackgroundService.java:shutdown(151)) - Shutting down service BlockDeletingService
2019-10-16 08:35:45,028 [Thread-951] INFO  statemachine.DatanodeStateMachine (DatanodeStateMachine.java:stopDaemon(395)) - Ozone container server stopped.
2019-10-16 08:35:45,029 [Thread-951] INFO  handler.ContextHandler (ContextHandler.java:doStop(910)) - Stopped o.e.j.w.WebAppContext@5f1d2172{/,null,UNAVAILABLE}{/hddsDatanode}
2019-10-16 08:35:45,030 [Thread-951] INFO  server.AbstractConnector (AbstractConnector.java:doStop(318)) - Stopped ServerConnector@5f6a9ced{HTTP/1.1,[http/1.1]}{0.0.0.0:0}
2019-10-16 08:35:45,030 [Thread-951] INFO  handler.ContextHandler (ContextHandler.java:doStop(910)) - Stopped o.e.j.s.ServletContextHandler@70c428b5{/static,jar:file:/home/user/.m2/repository/org/apache/hadoop/hadoop-hdds-container-service/0.5.0-SNAPSHOT/hadoop-hdds-container-service-0.5.0-SNAPSHOT.jar!/webapps/static,UNAVAILABLE}
2019-10-16 08:35:45,030 [Thread-951] INFO  handler.ContextHandler (ContextHandler.java:doStop(910)) - Stopped o.e.j.s.ServletContextHandler@6ecb137e{/logs,file:///workdir/hadoop-ozone/ozonefs/target/log,UNAVAILABLE}
2019-10-16 08:35:45,032 [Thread-951] INFO  ozone.MiniOzoneClusterImpl (MiniOzoneClusterImpl.java:stopSCM(392)) - Stopping the StorageContainerManager
2019-10-16 08:35:45,032 [Thread-951] INFO  server.StorageContainerManager (StorageContainerManager.java:stop(810)) - Stopping Replication Manager Service.
2019-10-16 08:35:45,032 [Thread-951] INFO  container.ReplicationManager (ReplicationManager.java:stop(203)) - Stopping Replication Monitor Thread.
2019-10-16 08:35:45,032 [Thread-951] INFO  server.StorageContainerManager (StorageContainerManager.java:stop(817)) - Stopping Lease Manager of the command watchers
2019-10-16 08:35:45,032 [Thread-951] INFO  server.StorageContainerManager (StorageContainerManager.java:stop(824)) - Stopping datanode service RPC server
2019-10-16 08:35:45,032 [Thread-951] INFO  server.SCMDatanodeProtocolServer (SCMDatanodeProtocolServer.java:stop(346)) - Stopping the RPC server for DataNodes
2019-10-16 08:35:45,032 [Thread-951] INFO  ipc.Server (Server.java:stop(3082)) - Stopping server on 36795
2019-10-16 08:35:45,034 [IPC Server listener on 36795] INFO  ipc.Server (Server.java:run(1185)) - Stopping IPC Server listener on 36795
2019-10-16 08:35:45,034 [IPC Server Responder] INFO  ipc.Server (Server.java:run(1319)) - Stopping IPC Server Responder
2019-10-16 08:35:45,056 [SCM Heartbeat Processing Thread - 0] WARN  node.NodeStateManager (NodeStateManager.java:scheduleNextHealthCheck(646)) - Current Thread is interrupted, shutting down HB processing thread for Node Manager.
2019-10-16 08:35:45,056 [Thread-951] INFO  server.StorageContainerManager (StorageContainerManager.java:stop(832)) - Stopping block service RPC server
2019-10-16 08:35:45,056 [Thread-951] INFO  server.SCMBlockProtocolServer (SCMBlockProtocolServer.java:stop(155)) - Stopping the RPC server for Block Protocol
2019-10-16 08:35:45,056 [Thread-951] INFO  ipc.Server (Server.java:stop(3082)) - Stopping server on 34459
2019-10-16 08:35:45,058 [IPC Server listener on 34459] INFO  ipc.Server (Server.java:run(1185)) - Stopping IPC Server listener on 34459
2019-10-16 08:35:45,058 [IPC Server Responder] INFO  ipc.Server (Server.java:run(1319)) - Stopping IPC Server Responder
2019-10-16 08:35:45,058 [Thread-951] INFO  server.StorageContainerManager (StorageContainerManager.java:stop(839)) - Stopping the StorageContainerLocationProtocol RPC server
2019-10-16 08:35:45,059 [Thread-951] INFO  server.SCMClientProtocolServer (SCMClientProtocolServer.java:stop(168)) - Stopping the RPC server for Client Protocol
2019-10-16 08:35:45,060 [Thread-951] INFO  ipc.Server (Server.java:stop(3082)) - Stopping server on 34958
2019-10-16 08:35:45,062 [IPC Server listener on 34958] INFO  ipc.Server (Server.java:run(1185)) - Stopping IPC Server listener on 34958
2019-10-16 08:35:45,062 [Thread-951] INFO  server.StorageContainerManager (StorageContainerManager.java:stop(846)) - Stopping Storage Container Manager HTTP server.
2019-10-16 08:35:45,063 [IPC Server Responder] INFO  ipc.Server (Server.java:run(1319)) - Stopping IPC Server Responder
2019-10-16 08:35:45,064 [Thread-951] INFO  handler.ContextHandler (ContextHandler.java:doStop(910)) - Stopped o.e.j.w.WebAppContext@32efc601{/,null,UNAVAILABLE}{/scm}
2019-10-16 08:35:45,066 [Thread-951] INFO  server.AbstractConnector (AbstractConnector.java:doStop(318)) - Stopped ServerConnector@504c2d1e{HTTP/1.1,[http/1.1]}{0.0.0.0:0}
2019-10-16 08:35:45,066 [Thread-951] INFO  handler.ContextHandler (ContextHandler.java:doStop(910)) - Stopped o.e.j.s.ServletContextHandler@360baa9c{/static,jar:file:/home/user/.m2/repository/org/apache/hadoop/hadoop-hdds-server-scm/0.5.0-SNAPSHOT/hadoop-hdds-server-scm-0.5.0-SNAPSHOT.jar!/webapps/static,UNAVAILABLE}
2019-10-16 08:35:45,067 [Thread-951] INFO  handler.ContextHandler (ContextHandler.java:doStop(910)) - Stopped o.e.j.s.ServletContextHandler@3686b925{/logs,file:///workdir/hadoop-ozone/ozonefs/target/log,UNAVAILABLE}
2019-10-16 08:35:45,068 [Thread-951] INFO  server.StorageContainerManager (StorageContainerManager.java:stop(857)) - Stopping Block Manager Service.
2019-10-16 08:35:45,068 [Thread-951] INFO  utils.BackgroundService (BackgroundService.java:shutdown(151)) - Shutting down service SCMBlockDeletingService
2019-10-16 08:35:45,068 [Thread-951] INFO  utils.BackgroundService (BackgroundService.java:shutdown(151)) - Shutting down service SCMBlockDeletingService
2019-10-16 08:35:45,068 [Thread-951] INFO  server.StorageContainerManager (StorageContainerManager.java:stop(879)) - Stopping SCM Event Queue.
2019-10-16 08:35:45,074 [Thread-951] INFO  impl.MetricsSystemImpl (MetricsSystemImpl.java:stop(210)) - Stopping HddsDatanode metrics system...
2019-10-16 08:35:45,079 [Thread-951] INFO  impl.MetricsSystemImpl (MetricsSystemImpl.java:stop(216)) - HddsDatanode metrics system stopped.
]]></system-out>
  </testcase>
  <testcase name="testCreateDoesNotAddParentDirKeys" classname="org.apache.hadoop.fs.ozone.TestOzoneFileSystem" time="17.362">
    <error message="Releasing lock on resource /volume11181/bucket95458 without acquiring lock&#10;	at org.apache.hadoop.ozone.lock.LockManager.getLockForReleasing(LockManager.java:220)&#10;	at org.apache.hadoop.ozone.lock.LockManager.release(LockManager.java:168)&#10;	at org.apache.hadoop.ozone.lock.LockManager.writeUnlock(LockManager.java:148)&#10;	at org.apache.hadoop.ozone.om.lock.OzoneManagerLock.unlock(OzoneManagerLock.java:364)&#10;	at org.apache.hadoop.ozone.om.lock.OzoneManagerLock.releaseWriteLock(OzoneManagerLock.java:329)&#10;	at org.apache.hadoop.ozone.om.request.key.OMKeyCommitRequest.validateAndUpdateCache(OMKeyCommitRequest.java:177)&#10;	at org.apache.hadoop.ozone.protocolPB.OzoneManagerProtocolServerSideTranslatorPB.submitRequestDirectlyToOM(OzoneManagerProtocolServerSideTranslatorPB.java:219)&#10;	at org.apache.hadoop.ozone.protocolPB.OzoneManagerProtocolServerSideTranslatorPB.processRequest(OzoneManagerProtocolServerSideTranslatorPB.java:134)&#10;	at org.apache.hadoop.hdds.server.OzoneProtocolMessageDispatcher.processRequest(OzoneProtocolMessageDispatcher.java:72)&#10;	at org.apache.hadoop.ozone.protocolPB.OzoneManagerProtocolServerSideTranslatorPB.submitRequest(OzoneManagerProtocolServerSideTranslatorPB.java:100)&#10;	at org.apache.hadoop.ozone.protocol.proto.OzoneManagerProtocolProtos$OzoneManagerService$2.callBlockingMethod(OzoneManagerProtocolProtos.java)&#10;	at org.apache.hadoop.ipc.ProtobufRpcEngine$Server$ProtoBufRpcInvoker.call(ProtobufRpcEngine.java:524)&#10;	at org.apache.hadoop.ipc.RPC$Server.call(RPC.java:1025)&#10;	at org.apache.hadoop.ipc.Server$RpcCall.run(Server.java:876)&#10;	at org.apache.hadoop.ipc.Server$RpcCall.run(Server.java:822)&#10;	at java.security.AccessController.doPrivileged(Native Method)&#10;	at javax.security.auth.Subject.doAs(Subject.java:422)&#10;	at org.apache.hadoop.security.UserGroupInformation.doAs(UserGroupInformation.java:1730)&#10;	at org.apache.hadoop.ipc.Server$Handler.run(Server.java:2682)&#10;" type="org.apache.hadoop.ipc.RemoteException(java.lang.IllegalMonitorStateException)">org.apache.hadoop.ipc.RemoteException(java.lang.IllegalMonitorStateException): Releasing lock on resource /volume11181/bucket95458 without acquiring lock
	at org.apache.hadoop.ozone.lock.LockManager.getLockForReleasing(LockManager.java:220)
	at org.apache.hadoop.ozone.lock.LockManager.release(LockManager.java:168)
	at org.apache.hadoop.ozone.lock.LockManager.writeUnlock(LockManager.java:148)
	at org.apache.hadoop.ozone.om.lock.OzoneManagerLock.unlock(OzoneManagerLock.java:364)
	at org.apache.hadoop.ozone.om.lock.OzoneManagerLock.releaseWriteLock(OzoneManagerLock.java:329)
	at org.apache.hadoop.ozone.om.request.key.OMKeyCommitRequest.validateAndUpdateCache(OMKeyCommitRequest.java:177)
	at org.apache.hadoop.ozone.protocolPB.OzoneManagerProtocolServerSideTranslatorPB.submitRequestDirectlyToOM(OzoneManagerProtocolServerSideTranslatorPB.java:219)
	at org.apache.hadoop.ozone.protocolPB.OzoneManagerProtocolServerSideTranslatorPB.processRequest(OzoneManagerProtocolServerSideTranslatorPB.java:134)
	at org.apache.hadoop.hdds.server.OzoneProtocolMessageDispatcher.processRequest(OzoneProtocolMessageDispatcher.java:72)
	at org.apache.hadoop.ozone.protocolPB.OzoneManagerProtocolServerSideTranslatorPB.submitRequest(OzoneManagerProtocolServerSideTranslatorPB.java:100)
	at org.apache.hadoop.ozone.protocol.proto.OzoneManagerProtocolProtos$OzoneManagerService$2.callBlockingMethod(OzoneManagerProtocolProtos.java)
	at org.apache.hadoop.ipc.ProtobufRpcEngine$Server$ProtoBufRpcInvoker.call(ProtobufRpcEngine.java:524)
	at org.apache.hadoop.ipc.RPC$Server.call(RPC.java:1025)
	at org.apache.hadoop.ipc.Server$RpcCall.run(Server.java:876)
	at org.apache.hadoop.ipc.Server$RpcCall.run(Server.java:822)
	at java.security.AccessController.doPrivileged(Native Method)
	at javax.security.auth.Subject.doAs(Subject.java:422)
	at org.apache.hadoop.security.UserGroupInformation.doAs(UserGroupInformation.java:1730)
	at org.apache.hadoop.ipc.Server$Handler.run(Server.java:2682)

	at org.apache.hadoop.ipc.Client.getRpcResponse(Client.java:1511)
	at org.apache.hadoop.ipc.Client.call(Client.java:1457)
	at org.apache.hadoop.ipc.Client.call(Client.java:1367)
	at org.apache.hadoop.ipc.ProtobufRpcEngine$Invoker.invoke(ProtobufRpcEngine.java:228)
	at org.apache.hadoop.ipc.ProtobufRpcEngine$Invoker.invoke(ProtobufRpcEngine.java:116)
	at com.sun.proxy.$Proxy37.submitRequest(Unknown Source)
	at sun.reflect.GeneratedMethodAccessor20.invoke(Unknown Source)
	at sun.reflect.DelegatingMethodAccessorImpl.invoke(DelegatingMethodAccessorImpl.java:43)
	at java.lang.reflect.Method.invoke(Method.java:498)
	at org.apache.hadoop.io.retry.RetryInvocationHandler.invokeMethod(RetryInvocationHandler.java:422)
	at org.apache.hadoop.io.retry.RetryInvocationHandler$Call.invokeMethod(RetryInvocationHandler.java:165)
	at org.apache.hadoop.io.retry.RetryInvocationHandler$Call.invoke(RetryInvocationHandler.java:157)
	at org.apache.hadoop.io.retry.RetryInvocationHandler$Call.invokeOnce(RetryInvocationHandler.java:95)
	at org.apache.hadoop.io.retry.RetryInvocationHandler.invoke(RetryInvocationHandler.java:359)
	at com.sun.proxy.$Proxy37.submitRequest(Unknown Source)
	at org.apache.hadoop.ozone.om.protocolPB.OzoneManagerProtocolClientSideTranslatorPB.submitRequest(OzoneManagerProtocolClientSideTranslatorPB.java:338)
	at org.apache.hadoop.ozone.om.protocolPB.OzoneManagerProtocolClientSideTranslatorPB.commitKey(OzoneManagerProtocolClientSideTranslatorPB.java:789)
	at sun.reflect.NativeMethodAccessorImpl.invoke0(Native Method)
	at sun.reflect.NativeMethodAccessorImpl.invoke(NativeMethodAccessorImpl.java:62)
	at sun.reflect.DelegatingMethodAccessorImpl.invoke(DelegatingMethodAccessorImpl.java:43)
	at java.lang.reflect.Method.invoke(Method.java:498)
	at org.apache.hadoop.hdds.tracing.TraceAllMethod.invoke(TraceAllMethod.java:66)
	at com.sun.proxy.$Proxy38.commitKey(Unknown Source)
	at org.apache.hadoop.ozone.client.io.BlockOutputStreamEntryPool.commitKey(BlockOutputStreamEntryPool.java:277)
	at org.apache.hadoop.ozone.client.io.KeyOutputStream.close(KeyOutputStream.java:474)
	at org.apache.hadoop.fs.ozone.OzoneFSOutputStream.close(OzoneFSOutputStream.java:56)
	at org.apache.hadoop.fs.FSDataOutputStream$PositionCache.close(FSDataOutputStream.java:72)
	at org.apache.hadoop.fs.FSDataOutputStream.close(FSDataOutputStream.java:101)
	at org.apache.hadoop.fs.contract.ContractTestUtils.createFile(ContractTestUtils.java:638)
	at org.apache.hadoop.fs.contract.ContractTestUtils.touch(ContractTestUtils.java:669)
	at org.apache.hadoop.fs.ozone.TestOzoneFileSystem.testCreateDoesNotAddParentDirKeys(TestOzoneFileSystem.java:110)
	at sun.reflect.NativeMethodAccessorImpl.invoke0(Native Method)
	at sun.reflect.NativeMethodAccessorImpl.invoke(NativeMethodAccessorImpl.java:62)
	at sun.reflect.DelegatingMethodAccessorImpl.invoke(DelegatingMethodAccessorImpl.java:43)
	at java.lang.reflect.Method.invoke(Method.java:498)
	at org.junit.runners.model.FrameworkMethod$1.runReflectiveCall(FrameworkMethod.java:47)
	at org.junit.internal.runners.model.ReflectiveCallable.run(ReflectiveCallable.java:12)
	at org.junit.runners.model.FrameworkMethod.invokeExplosively(FrameworkMethod.java:44)
	at org.junit.internal.runners.statements.InvokeMethod.evaluate(InvokeMethod.java:17)
	at org.junit.internal.runners.statements.RunBefores.evaluate(RunBefores.java:26)
	at org.junit.internal.runners.statements.RunAfters.evaluate(RunAfters.java:27)
	at org.junit.internal.runners.statements.FailOnTimeout$StatementThread.run(FailOnTimeout.java:74)
</error>
    <system-out><![CDATA[2019-10-16 08:35:45,122 [Thread-1177] WARN  server.ServerUtils (ServerUtils.java:getScmDbDir(145)) - ozone.scm.db.dirs is not configured. We recommend adding this setting. Falling back to ozone.metadata.dirs instead.
2019-10-16 08:35:45,138 [Thread-1177] WARN  server.ServerUtils (ServerUtils.java:getScmDbDir(145)) - ozone.scm.db.dirs is not configured. We recommend adding this setting. Falling back to ozone.metadata.dirs instead.
2019-10-16 08:35:45,138 [Thread-1177] WARN  server.ServerUtils (ServerUtils.java:getScmDbDir(145)) - ozone.scm.db.dirs is not configured. We recommend adding this setting. Falling back to ozone.metadata.dirs instead.
2019-10-16 08:35:45,139 [Thread-1177] INFO  db.DBStoreBuilder (DBStoreBuilder.java:addTable(117)) - using custom profile for table: deletedBlocks
2019-10-16 08:35:45,139 [Thread-1177] INFO  db.DBStoreBuilder (DBStoreBuilder.java:processTables(168)) - Using default column profile:DBProfile.DISK for Table:deletedBlocks
2019-10-16 08:35:45,140 [Thread-1177] INFO  db.DBStoreBuilder (DBStoreBuilder.java:addTable(117)) - using custom profile for table: validCerts
2019-10-16 08:35:45,140 [Thread-1177] INFO  db.DBStoreBuilder (DBStoreBuilder.java:processTables(168)) - Using default column profile:DBProfile.DISK for Table:validCerts
2019-10-16 08:35:45,140 [Thread-1177] INFO  db.DBStoreBuilder (DBStoreBuilder.java:addTable(117)) - using custom profile for table: revokedCerts
2019-10-16 08:35:45,140 [Thread-1177] INFO  db.DBStoreBuilder (DBStoreBuilder.java:processTables(168)) - Using default column profile:DBProfile.DISK for Table:revokedCerts
2019-10-16 08:35:45,141 [Thread-1177] INFO  db.DBStoreBuilder (DBStoreBuilder.java:addTable(117)) - using custom profile for table: default
2019-10-16 08:35:45,141 [Thread-1177] INFO  db.DBStoreBuilder (DBStoreBuilder.java:processTables(174)) - Using default column profile:DBProfile.DISK for Table:default
2019-10-16 08:35:45,141 [Thread-1177] INFO  db.DBStoreBuilder (DBStoreBuilder.java:getDbProfile(205)) - Using default options. DBProfile.DISK
2019-10-16 08:35:45,379 [Thread-1177] INFO  net.NodeSchemaLoader (NodeSchemaLoader.java:loadSchemaFromFile(125)) - Loading file from sun.misc.CompoundEnumeration@3507a6cc
2019-10-16 08:35:45,380 [Thread-1177] INFO  net.NodeSchemaLoader (NodeSchemaLoader.java:loadSchema(171)) - Loading network topology layer schema file
2019-10-16 08:35:45,386 [Thread-1177] WARN  server.ServerUtils (ServerUtils.java:sanitizeUserArgs(70)) - ozone.scm.stale.node.interval value = 300000 is larger than max = 100000 based on the key value of ozone.scm.heartbeat.thread.interval, reset to the max value 100000.
2019-10-16 08:35:45,386 [Thread-1177] WARN  server.ServerUtils (ServerUtils.java:sanitizeUserArgs(70)) - ozone.scm.stale.node.interval value = 300000 is larger than max = 100000 based on the key value of ozone.scm.heartbeat.thread.interval, reset to the max value 100000.
2019-10-16 08:35:45,386 [Thread-1177] INFO  node.SCMNodeManager (SCMNodeManager.java:<init>(116)) - Entering startup safe mode.
2019-10-16 08:35:45,387 [Thread-1177] INFO  algorithms.ContainerPlacementPolicyFactory (ContainerPlacementPolicyFactory.java:getPolicy(57)) - Create container placement policy of type org.apache.hadoop.hdds.scm.container.placement.algorithms.SCMContainerPlacementRandom
2019-10-16 08:35:45,388 [Thread-1177] WARN  server.ServerUtils (ServerUtils.java:getScmDbDir(145)) - ozone.scm.db.dirs is not configured. We recommend adding this setting. Falling back to ozone.metadata.dirs instead.
2019-10-16 08:35:45,528 [Thread-1177] INFO  pipeline.SCMPipelineManager (SCMPipelineManager.java:initializePipelineState(132)) - No pipeline exists in current db
2019-10-16 08:35:45,529 [Thread-1177] WARN  server.ServerUtils (ServerUtils.java:getScmDbDir(145)) - ozone.scm.db.dirs is not configured. We recommend adding this setting. Falling back to ozone.metadata.dirs instead.
2019-10-16 08:35:45,643 [Thread-1177] WARN  events.EventQueue (EventQueue.java:fireEvent(183)) - No event handler registered for event TypedEvent{payloadType=SafeModeStatus, name='SafeModeStatus'}
2019-10-16 08:35:45,644 [Thread-1177] INFO  ipc.CallQueueManager (CallQueueManager.java:<init>(84)) - Using callQueue: class java.util.concurrent.LinkedBlockingQueue, queueCapacity: 2000, scheduler: class org.apache.hadoop.ipc.DefaultRpcScheduler, ipcBackoff: false.
2019-10-16 08:35:45,646 [Socket Reader #1 for port 38025] INFO  ipc.Server (Server.java:run(1074)) - Starting Socket Reader #1 for port 38025
2019-10-16 08:35:45,649 [Thread-1177] INFO  ipc.CallQueueManager (CallQueueManager.java:<init>(84)) - Using callQueue: class java.util.concurrent.LinkedBlockingQueue, queueCapacity: 2000, scheduler: class org.apache.hadoop.ipc.DefaultRpcScheduler, ipcBackoff: false.
2019-10-16 08:35:45,650 [Socket Reader #1 for port 37444] INFO  ipc.Server (Server.java:run(1074)) - Starting Socket Reader #1 for port 37444
2019-10-16 08:35:45,652 [Thread-1177] INFO  ipc.CallQueueManager (CallQueueManager.java:<init>(84)) - Using callQueue: class java.util.concurrent.LinkedBlockingQueue, queueCapacity: 2000, scheduler: class org.apache.hadoop.ipc.DefaultRpcScheduler, ipcBackoff: false.
2019-10-16 08:35:45,654 [Socket Reader #1 for port 45716] INFO  ipc.Server (Server.java:run(1074)) - Starting Socket Reader #1 for port 45716
2019-10-16 08:35:45,657 [Thread-1177] INFO  hdfs.DFSUtil (DFSUtil.java:httpServerTemplateForNNAndJN(1641)) - Starting Web-server for scm at: http://0.0.0.0:0
2019-10-16 08:35:45,663 [Thread-1177] INFO  server.AuthenticationFilter (AuthenticationFilter.java:constructSecretProvider(240)) - Unable to initialize FileSignerSecretProvider, falling back to use random secrets.
2019-10-16 08:35:45,664 [Thread-1177] WARN  http.HttpRequestLog (HttpRequestLog.java:getRequestLog(97)) - Jetty request log can only be enabled using Log4j
2019-10-16 08:35:45,668 [Thread-1177] INFO  http.HttpServer2 (HttpServer2.java:addGlobalFilter(975)) - Added global filter 'safety' (class=org.apache.hadoop.http.HttpServer2$QuotingInputFilter)
2019-10-16 08:35:45,669 [Thread-1177] INFO  http.HttpServer2 (HttpServer2.java:addFilter(948)) - Added filter static_user_filter (class=org.apache.hadoop.http.lib.StaticUserWebFilter$StaticUserFilter) to context scm
2019-10-16 08:35:45,669 [Thread-1177] INFO  http.HttpServer2 (HttpServer2.java:addFilter(958)) - Added filter static_user_filter (class=org.apache.hadoop.http.lib.StaticUserWebFilter$StaticUserFilter) to context logs
2019-10-16 08:35:45,670 [Thread-1177] INFO  http.HttpServer2 (HttpServer2.java:addFilter(958)) - Added filter static_user_filter (class=org.apache.hadoop.http.lib.StaticUserWebFilter$StaticUserFilter) to context static
2019-10-16 08:35:45,673 [Thread-1177] INFO  server.StorageContainerManager (StorageContainerManager.java:start(772)) - StorageContainerLocationProtocol RPC server is listening at /0.0.0.0:45716
2019-10-16 08:35:45,676 [Thread-1177] WARN  impl.MetricsConfig (MetricsConfig.java:loadFirst(134)) - Cannot locate configuration: tried hadoop-metrics2-storagecontainermanager.properties,hadoop-metrics2.properties
2019-10-16 08:35:45,678 [Thread-1177] INFO  impl.MetricsSystemImpl (MetricsSystemImpl.java:startTimer(374)) - Scheduled Metric snapshot period at 10 second(s).
2019-10-16 08:35:45,678 [Thread-1177] INFO  impl.MetricsSystemImpl (MetricsSystemImpl.java:start(191)) - StorageContainerManager metrics system started
2019-10-16 08:35:45,721 [Thread-1177] WARN  impl.MetricsSystemImpl (MetricsSystemImpl.java:register(276)) - Sink prometheus already exists!
2019-10-16 08:35:45,794 [Thread-1177] INFO  server.SCMClientProtocolServer (SCMClientProtocolServer.java:start(159)) - RPC server for Client  is listening at /0.0.0.0:45716
2019-10-16 08:35:45,794 [IPC Server Responder] INFO  ipc.Server (Server.java:run(1314)) - IPC Server Responder: starting
2019-10-16 08:35:45,795 [IPC Server listener on 45716] INFO  ipc.Server (Server.java:run(1153)) - IPC Server listener on 45716: starting
2019-10-16 08:35:45,798 [Thread-1177] INFO  server.StorageContainerManager (StorageContainerManager.java:start(782)) - ScmBlockLocationProtocol RPC server is listening at /0.0.0.0:37444
2019-10-16 08:35:45,798 [Thread-1177] INFO  server.SCMBlockProtocolServer (SCMBlockProtocolServer.java:start(146)) - RPC server for Block Protocol is listening at /0.0.0.0:37444
2019-10-16 08:35:45,799 [IPC Server Responder] INFO  ipc.Server (Server.java:run(1314)) - IPC Server Responder: starting
2019-10-16 08:35:45,799 [IPC Server listener on 37444] INFO  ipc.Server (Server.java:run(1153)) - IPC Server listener on 37444: starting
2019-10-16 08:35:45,804 [Thread-1177] INFO  server.StorageContainerManager (StorageContainerManager.java:start(786)) - ScmDatanodeProtocl RPC server is listening at /0.0.0.0:38025
2019-10-16 08:35:45,805 [Thread-1177] INFO  server.SCMDatanodeProtocolServer (SCMDatanodeProtocolServer.java:start(169)) - RPC server for DataNodes is listening at /0.0.0.0:38025
2019-10-16 08:35:45,805 [IPC Server Responder] INFO  ipc.Server (Server.java:run(1314)) - IPC Server Responder: starting
2019-10-16 08:35:45,805 [IPC Server listener on 38025] INFO  ipc.Server (Server.java:run(1153)) - IPC Server listener on 38025: starting
2019-10-16 08:35:45,808 [Thread-1177] INFO  http.HttpServer2 (HttpServer2.java:bindListener(1191)) - Jetty bound to port 44074
2019-10-16 08:35:45,808 [Thread-1177] INFO  server.Server (Server.java:doStart(351)) - jetty-9.3.25.v20180904, build timestamp: 2018-09-04T21:11:46Z, git hash: 3ce520221d0240229c862b122d2b06c12a625732
2019-10-16 08:35:45,810 [Thread-1177] INFO  handler.ContextHandler (ContextHandler.java:doStart(781)) - Started o.e.j.s.ServletContextHandler@47802443{/logs,file:///workdir/hadoop-ozone/ozonefs/target/log,AVAILABLE}
2019-10-16 08:35:45,811 [Thread-1177] INFO  handler.ContextHandler (ContextHandler.java:doStart(781)) - Started o.e.j.s.ServletContextHandler@74ff8b70{/static,jar:file:/home/user/.m2/repository/org/apache/hadoop/hadoop-hdds-server-scm/0.5.0-SNAPSHOT/hadoop-hdds-server-scm-0.5.0-SNAPSHOT.jar!/webapps/static,AVAILABLE}
2019-10-16 08:35:45,853 [Thread-1177] INFO  handler.ContextHandler (ContextHandler.java:doStart(781)) - Started o.e.j.w.WebAppContext@b28a153{/,file:///tmp/jetty-0.0.0.0-44074-scm-_-any-8017272479379697608.dir/webapp/,AVAILABLE}{/scm}
2019-10-16 08:35:45,853 [Thread-1177] INFO  server.AbstractConnector (AbstractConnector.java:doStart(278)) - Started ServerConnector@7131b140{HTTP/1.1,[http/1.1]}{0.0.0.0:44074}
2019-10-16 08:35:45,855 [Thread-1177] INFO  server.Server (Server.java:doStart(419)) - Started @74597ms
2019-10-16 08:35:45,855 [Thread-1177] WARN  impl.MetricsSystemImpl (MetricsSystemImpl.java:register(276)) - Sink prometheus already exists!
2019-10-16 08:35:45,857 [Thread-1177] INFO  server.BaseHttpServer (BaseHttpServer.java:updateConnectorAddress(215)) - HTTP server of SCM is listening at http://0.0.0.0:44074
2019-10-16 08:35:45,857 [Thread-1177] WARN  server.ServerUtils (ServerUtils.java:getDBPath(222)) - ozone.om.db.dirs is not configured. We recommend adding this setting. Falling back to ozone.metadata.dirs instead.
2019-10-16 08:35:45,859 [org.apache.hadoop.util.JvmPauseMonitor$Monitor@bcd7d9e] INFO  util.JvmPauseMonitor (JvmPauseMonitor.java:run(188)) - Starting JVM pause monitor
2019-10-16 08:35:45,873 [Thread-1177] INFO  ha.OMHANodeDetails (OMHANodeDetails.java:loadOMHAConfig(190)) - Configuration either no ozone.om.address set. Falling back to the default OM address /127.0.0.1:0
2019-10-16 08:35:45,873 [Thread-1177] INFO  ha.OMHANodeDetails (OMHANodeDetails.java:getOMNodeDetails(220)) - OM Service ID is not set. Setting it to the default ID: omServiceIdDefault
2019-10-16 08:35:45,873 [Thread-1177] WARN  server.ServerUtils (ServerUtils.java:getDBPath(222)) - ozone.om.db.dirs is not configured. We recommend adding this setting. Falling back to ozone.metadata.dirs instead.
2019-10-16 08:35:45,873 [Thread-1177] WARN  server.ServerUtils (ServerUtils.java:getDBPath(222)) - ozone.om.db.dirs is not configured. We recommend adding this setting. Falling back to ozone.metadata.dirs instead.
2019-10-16 08:35:45,880 [Thread-1177] WARN  server.ServerUtils (ServerUtils.java:getDBPath(222)) - ozone.om.db.dirs is not configured. We recommend adding this setting. Falling back to ozone.metadata.dirs instead.
2019-10-16 08:35:45,880 [Thread-1177] INFO  db.DBStoreBuilder (DBStoreBuilder.java:addTable(117)) - using custom profile for table: userTable
2019-10-16 08:35:45,880 [Thread-1177] INFO  db.DBStoreBuilder (DBStoreBuilder.java:processTables(168)) - Using default column profile:DBProfile.DISK for Table:userTable
2019-10-16 08:35:45,881 [Thread-1177] INFO  db.DBStoreBuilder (DBStoreBuilder.java:addTable(117)) - using custom profile for table: volumeTable
2019-10-16 08:35:45,881 [Thread-1177] INFO  db.DBStoreBuilder (DBStoreBuilder.java:processTables(168)) - Using default column profile:DBProfile.DISK for Table:volumeTable
2019-10-16 08:35:45,881 [Thread-1177] INFO  db.DBStoreBuilder (DBStoreBuilder.java:addTable(117)) - using custom profile for table: bucketTable
2019-10-16 08:35:45,881 [Thread-1177] INFO  db.DBStoreBuilder (DBStoreBuilder.java:processTables(168)) - Using default column profile:DBProfile.DISK for Table:bucketTable
2019-10-16 08:35:45,881 [Thread-1177] INFO  db.DBStoreBuilder (DBStoreBuilder.java:addTable(117)) - using custom profile for table: keyTable
2019-10-16 08:35:45,881 [Thread-1177] INFO  db.DBStoreBuilder (DBStoreBuilder.java:processTables(168)) - Using default column profile:DBProfile.DISK for Table:keyTable
2019-10-16 08:35:45,882 [Thread-1177] INFO  db.DBStoreBuilder (DBStoreBuilder.java:addTable(117)) - using custom profile for table: deletedTable
2019-10-16 08:35:45,882 [Thread-1177] INFO  db.DBStoreBuilder (DBStoreBuilder.java:processTables(168)) - Using default column profile:DBProfile.DISK for Table:deletedTable
2019-10-16 08:35:45,882 [Thread-1177] INFO  db.DBStoreBuilder (DBStoreBuilder.java:addTable(117)) - using custom profile for table: openKeyTable
2019-10-16 08:35:45,882 [Thread-1177] INFO  db.DBStoreBuilder (DBStoreBuilder.java:processTables(168)) - Using default column profile:DBProfile.DISK for Table:openKeyTable
2019-10-16 08:35:45,882 [Thread-1177] INFO  db.DBStoreBuilder (DBStoreBuilder.java:addTable(117)) - using custom profile for table: s3Table
2019-10-16 08:35:45,882 [Thread-1177] INFO  db.DBStoreBuilder (DBStoreBuilder.java:processTables(168)) - Using default column profile:DBProfile.DISK for Table:s3Table
2019-10-16 08:35:45,882 [Thread-1177] INFO  db.DBStoreBuilder (DBStoreBuilder.java:addTable(117)) - using custom profile for table: multipartInfoTable
2019-10-16 08:35:45,883 [Thread-1177] INFO  db.DBStoreBuilder (DBStoreBuilder.java:processTables(168)) - Using default column profile:DBProfile.DISK for Table:multipartInfoTable
2019-10-16 08:35:45,883 [Thread-1177] INFO  db.DBStoreBuilder (DBStoreBuilder.java:addTable(117)) - using custom profile for table: dTokenTable
2019-10-16 08:35:45,883 [Thread-1177] INFO  db.DBStoreBuilder (DBStoreBuilder.java:processTables(168)) - Using default column profile:DBProfile.DISK for Table:dTokenTable
2019-10-16 08:35:45,883 [Thread-1177] INFO  db.DBStoreBuilder (DBStoreBuilder.java:addTable(117)) - using custom profile for table: s3SecretTable
2019-10-16 08:35:45,883 [Thread-1177] INFO  db.DBStoreBuilder (DBStoreBuilder.java:processTables(168)) - Using default column profile:DBProfile.DISK for Table:s3SecretTable
2019-10-16 08:35:45,883 [Thread-1177] INFO  db.DBStoreBuilder (DBStoreBuilder.java:addTable(117)) - using custom profile for table: prefixTable
2019-10-16 08:35:45,883 [Thread-1177] INFO  db.DBStoreBuilder (DBStoreBuilder.java:processTables(168)) - Using default column profile:DBProfile.DISK for Table:prefixTable
2019-10-16 08:35:45,884 [Thread-1177] INFO  db.DBStoreBuilder (DBStoreBuilder.java:addTable(117)) - using custom profile for table: default
2019-10-16 08:35:45,884 [Thread-1177] INFO  db.DBStoreBuilder (DBStoreBuilder.java:processTables(174)) - Using default column profile:DBProfile.DISK for Table:default
2019-10-16 08:35:45,884 [Thread-1177] INFO  db.DBStoreBuilder (DBStoreBuilder.java:getDbProfile(205)) - Using default options. DBProfile.DISK
2019-10-16 08:35:46,523 [Thread-1177] INFO  ipc.CallQueueManager (CallQueueManager.java:<init>(84)) - Using callQueue: class java.util.concurrent.LinkedBlockingQueue, queueCapacity: 2000, scheduler: class org.apache.hadoop.ipc.DefaultRpcScheduler, ipcBackoff: false.
2019-10-16 08:35:46,525 [Socket Reader #1 for port 40090] INFO  ipc.Server (Server.java:run(1074)) - Starting Socket Reader #1 for port 40090
2019-10-16 08:35:46,551 [Thread-1177] INFO  om.OzoneManager (OzoneManager.java:start(1074)) - OzoneManager RPC server is listening at localhost/127.0.0.1:40090
2019-10-16 08:35:46,551 [Thread-1177] INFO  impl.MetricsSystemImpl (MetricsSystemImpl.java:init(158)) - OzoneManager metrics system started (again)
2019-10-16 08:35:46,553 [IPC Server Responder] INFO  ipc.Server (Server.java:run(1314)) - IPC Server Responder: starting
2019-10-16 08:35:46,554 [IPC Server listener on 40090] INFO  ipc.Server (Server.java:run(1153)) - IPC Server listener on 40090: starting
2019-10-16 08:35:46,560 [Thread-1177] INFO  hdfs.DFSUtil (DFSUtil.java:httpServerTemplateForNNAndJN(1641)) - Starting Web-server for ozoneManager at: http://0.0.0.0:0
2019-10-16 08:35:46,562 [Thread-1177] INFO  server.AuthenticationFilter (AuthenticationFilter.java:constructSecretProvider(240)) - Unable to initialize FileSignerSecretProvider, falling back to use random secrets.
2019-10-16 08:35:46,563 [Thread-1177] WARN  http.HttpRequestLog (HttpRequestLog.java:getRequestLog(97)) - Jetty request log can only be enabled using Log4j
2019-10-16 08:35:46,566 [Thread-1177] INFO  http.HttpServer2 (HttpServer2.java:addGlobalFilter(975)) - Added global filter 'safety' (class=org.apache.hadoop.http.HttpServer2$QuotingInputFilter)
2019-10-16 08:35:46,567 [Thread-1177] INFO  http.HttpServer2 (HttpServer2.java:addFilter(948)) - Added filter static_user_filter (class=org.apache.hadoop.http.lib.StaticUserWebFilter$StaticUserFilter) to context ozoneManager
2019-10-16 08:35:46,567 [Thread-1177] INFO  http.HttpServer2 (HttpServer2.java:addFilter(958)) - Added filter static_user_filter (class=org.apache.hadoop.http.lib.StaticUserWebFilter$StaticUserFilter) to context logs
2019-10-16 08:35:46,567 [Thread-1177] INFO  http.HttpServer2 (HttpServer2.java:addFilter(958)) - Added filter static_user_filter (class=org.apache.hadoop.http.lib.StaticUserWebFilter$StaticUserFilter) to context static
2019-10-16 08:35:46,568 [Thread-1177] INFO  http.HttpServer2 (HttpServer2.java:bindListener(1191)) - Jetty bound to port 45986
2019-10-16 08:35:46,569 [Thread-1177] INFO  server.Server (Server.java:doStart(351)) - jetty-9.3.25.v20180904, build timestamp: 2018-09-04T21:11:46Z, git hash: 3ce520221d0240229c862b122d2b06c12a625732
2019-10-16 08:35:46,571 [Thread-1177] INFO  handler.ContextHandler (ContextHandler.java:doStart(781)) - Started o.e.j.s.ServletContextHandler@a9c6b1d{/logs,file:///workdir/hadoop-ozone/ozonefs/target/log,AVAILABLE}
2019-10-16 08:35:46,572 [Thread-1177] INFO  handler.ContextHandler (ContextHandler.java:doStart(781)) - Started o.e.j.s.ServletContextHandler@7c4bb014{/static,jar:file:/home/user/.m2/repository/org/apache/hadoop/hadoop-ozone-ozone-manager/0.5.0-SNAPSHOT/hadoop-ozone-ozone-manager-0.5.0-SNAPSHOT.jar!/webapps/static,AVAILABLE}
2019-10-16 08:35:46,633 [Thread-1177] INFO  handler.ContextHandler (ContextHandler.java:doStart(781)) - Started o.e.j.w.WebAppContext@5cd51cb5{/,file:///tmp/jetty-0.0.0.0-45986-ozoneManager-_-any-1175461818024512964.dir/webapp/,AVAILABLE}{/ozoneManager}
2019-10-16 08:35:46,634 [Thread-1177] INFO  server.AbstractConnector (AbstractConnector.java:doStart(278)) - Started ServerConnector@3e35fed9{HTTP/1.1,[http/1.1]}{0.0.0.0:45986}
2019-10-16 08:35:46,635 [Thread-1177] INFO  server.Server (Server.java:doStart(419)) - Started @75376ms
2019-10-16 08:35:46,635 [Thread-1177] WARN  impl.MetricsSystemImpl (MetricsSystemImpl.java:register(276)) - Sink prometheus already exists!
2019-10-16 08:35:46,636 [Thread-1177] INFO  server.BaseHttpServer (BaseHttpServer.java:updateConnectorAddress(215)) - HTTP server of OZONEMANAGER is listening at http://0.0.0.0:45986
2019-10-16 08:35:46,648 [Thread-1177] INFO  impl.MetricsSystemImpl (MetricsSystemImpl.java:init(158)) - HddsDatanode metrics system started (again)
2019-10-16 08:35:46,653 [Thread-1177] INFO  ozone.HddsDatanodeService (HddsDatanodeService.java:start(184)) - HddsDatanodeService host:pr-hdds-1737-dstl4-2900247166 ip:192.168.34.43
2019-10-16 08:35:46,662 [Thread-1177] INFO  volume.HddsVolume (HddsVolume.java:<init>(176)) - Creating Volume: /workdir/hadoop-ozone/ozonefs/target/test-dir/MiniOzoneClusterImpl-706c1c6e-22ff-4e96-be26-7b4a759bc895/datanode-0/data/containers/hdds of  storage type : DISK and capacity : 1482555576320
2019-10-16 08:35:46,663 [Thread-1177] INFO  volume.VolumeSet (VolumeSet.java:initializeVolumeSet(170)) - Added Volume : /workdir/hadoop-ozone/ozonefs/target/test-dir/MiniOzoneClusterImpl-706c1c6e-22ff-4e96-be26-7b4a759bc895/datanode-0/data/containers/hdds to VolumeSet
2019-10-16 08:35:46,663 [Thread-1177] INFO  volume.ThrottledAsyncChecker (ThrottledAsyncChecker.java:schedule(141)) - Scheduling a check for /workdir/hadoop-ozone/ozonefs/target/test-dir/MiniOzoneClusterImpl-706c1c6e-22ff-4e96-be26-7b4a759bc895/datanode-0/data/containers/hdds
2019-10-16 08:35:46,664 [Thread-1177] INFO  volume.HddsVolumeChecker (HddsVolumeChecker.java:checkAllVolumes(204)) - Scheduled health check for volume /workdir/hadoop-ozone/ozonefs/target/test-dir/MiniOzoneClusterImpl-706c1c6e-22ff-4e96-be26-7b4a759bc895/datanode-0/data/containers/hdds
2019-10-16 08:35:46,691 [Thread-1177] INFO  impl.RaftServerProxy (ConfUtils.java:logGet(43)) - raft.rpc.type = GRPC (default)
2019-10-16 08:35:46,691 [Thread-1177] INFO  grpc.GrpcFactory (GrpcFactory.java:checkPooledByteBufAllocatorUseCacheForAllThreads(45)) - PERFORMANCE WARNING: useCacheForAllThreads is true that may cause Netty to create a lot garbage objects and, as a result, trigger GC.
	It is recommended to disable useCacheForAllThreads by setting -Dorg.apache.ratis.thirdparty.io.netty.allocator.useCacheForAllThreads=false in command line.
2019-10-16 08:35:46,691 [Thread-1177] INFO  grpc.GrpcConfigKeys$Server (ConfUtils.java:logGet(43)) - raft.grpc.server.port = 0 (default)
2019-10-16 08:35:46,691 [Thread-1177] INFO  server.GrpcService (ConfUtils.java:logGet(43)) - raft.grpc.message.size.max = 33570816 (custom)
2019-10-16 08:35:46,692 [Thread-1177] INFO  server.RaftServerConfigKeys (ConfUtils.java:logGet(43)) - raft.server.log.appender.buffer.byte-limit = 33554432 (custom)
2019-10-16 08:35:46,692 [Thread-1177] INFO  server.GrpcService (ConfUtils.java:logGet(43)) - raft.grpc.flow.control.window = 1MB (=1048576) (default)
2019-10-16 08:35:46,692 [Thread-1177] INFO  server.RaftServerConfigKeys (ConfUtils.java:logGet(43)) - raft.server.rpc.request.timeout = 3000ms (default)
2019-10-16 08:35:46,693 [Thread-1177] INFO  server.RaftServerConfigKeys (ConfUtils.java:logGet(43)) - raft.server.storage.dir = [/workdir/hadoop-ozone/ozonefs/target/test-dir/MiniOzoneClusterImpl-706c1c6e-22ff-4e96-be26-7b4a759bc895/datanode-0/data/ratis] (custom)
2019-10-16 08:35:46,695 [Thread-1177] INFO  hdfs.DFSUtil (DFSUtil.java:httpServerTemplateForNNAndJN(1641)) - Starting Web-server for hddsDatanode at: http://0.0.0.0:0
2019-10-16 08:35:46,697 [Thread-1177] INFO  server.AuthenticationFilter (AuthenticationFilter.java:constructSecretProvider(240)) - Unable to initialize FileSignerSecretProvider, falling back to use random secrets.
2019-10-16 08:35:46,697 [Thread-1177] WARN  http.HttpRequestLog (HttpRequestLog.java:getRequestLog(97)) - Jetty request log can only be enabled using Log4j
2019-10-16 08:35:46,699 [Thread-1177] INFO  http.HttpServer2 (HttpServer2.java:addGlobalFilter(975)) - Added global filter 'safety' (class=org.apache.hadoop.http.HttpServer2$QuotingInputFilter)
2019-10-16 08:35:46,700 [Thread-1177] INFO  http.HttpServer2 (HttpServer2.java:addFilter(948)) - Added filter static_user_filter (class=org.apache.hadoop.http.lib.StaticUserWebFilter$StaticUserFilter) to context hddsDatanode
2019-10-16 08:35:46,700 [Thread-1177] INFO  http.HttpServer2 (HttpServer2.java:addFilter(958)) - Added filter static_user_filter (class=org.apache.hadoop.http.lib.StaticUserWebFilter$StaticUserFilter) to context static
2019-10-16 08:35:46,701 [Thread-1177] INFO  http.HttpServer2 (HttpServer2.java:addFilter(958)) - Added filter static_user_filter (class=org.apache.hadoop.http.lib.StaticUserWebFilter$StaticUserFilter) to context logs
2019-10-16 08:35:46,702 [Thread-1177] INFO  http.HttpServer2 (HttpServer2.java:bindListener(1191)) - Jetty bound to port 38181
2019-10-16 08:35:46,702 [Thread-1177] INFO  server.Server (Server.java:doStart(351)) - jetty-9.3.25.v20180904, build timestamp: 2018-09-04T21:11:46Z, git hash: 3ce520221d0240229c862b122d2b06c12a625732
2019-10-16 08:35:46,704 [Thread-1177] INFO  handler.ContextHandler (ContextHandler.java:doStart(781)) - Started o.e.j.s.ServletContextHandler@4eae9c90{/logs,file:///workdir/hadoop-ozone/ozonefs/target/log,AVAILABLE}
2019-10-16 08:35:46,705 [Thread-1177] INFO  handler.ContextHandler (ContextHandler.java:doStart(781)) - Started o.e.j.s.ServletContextHandler@7971a5cc{/static,jar:file:/home/user/.m2/repository/org/apache/hadoop/hadoop-hdds-container-service/0.5.0-SNAPSHOT/hadoop-hdds-container-service-0.5.0-SNAPSHOT.jar!/webapps/static,AVAILABLE}
2019-10-16 08:35:46,740 [Thread-1177] INFO  handler.ContextHandler (ContextHandler.java:doStart(781)) - Started o.e.j.w.WebAppContext@7160291d{/,file:///tmp/jetty-0.0.0.0-38181-hddsDatanode-_-any-2665231005431153322.dir/webapp/,AVAILABLE}{/hddsDatanode}
2019-10-16 08:35:46,740 [Thread-1177] INFO  server.AbstractConnector (AbstractConnector.java:doStart(278)) - Started ServerConnector@19df427a{HTTP/1.1,[http/1.1]}{0.0.0.0:38181}
2019-10-16 08:35:46,741 [Thread-1177] INFO  server.Server (Server.java:doStart(419)) - Started @75483ms
2019-10-16 08:35:46,741 [Thread-1177] WARN  impl.MetricsSystemImpl (MetricsSystemImpl.java:register(276)) - Sink prometheus already exists!
2019-10-16 08:35:46,742 [Thread-1177] INFO  server.BaseHttpServer (BaseHttpServer.java:updateConnectorAddress(215)) - HTTP server of HDDSDATANODE is listening at http://0.0.0.0:38181
2019-10-16 08:35:46,743 [Thread-1177] INFO  impl.MetricsSystemImpl (MetricsSystemImpl.java:init(158)) - HddsDatanode metrics system started (again)
2019-10-16 08:35:46,747 [org.apache.hadoop.util.JvmPauseMonitor$Monitor@37acdf28] INFO  util.JvmPauseMonitor (JvmPauseMonitor.java:run(188)) - Starting JVM pause monitor
2019-10-16 08:35:46,749 [Thread-1177] INFO  ozone.HddsDatanodeService (HddsDatanodeService.java:start(184)) - HddsDatanodeService host:pr-hdds-1737-dstl4-2900247166 ip:192.168.34.43
2019-10-16 08:35:46,750 [Datanode State Machine Thread - 0] INFO  datanode.InitDatanodeState (InitDatanodeState.java:persistContainerDatanodeDetails(140)) - DatanodeDetails is persisted to /workdir/hadoop-ozone/ozonefs/target/test-dir/MiniOzoneClusterImpl-706c1c6e-22ff-4e96-be26-7b4a759bc895/datanode-0/meta/datanode.id
2019-10-16 08:35:46,757 [Thread-1177] INFO  volume.HddsVolume (HddsVolume.java:<init>(176)) - Creating Volume: /workdir/hadoop-ozone/ozonefs/target/test-dir/MiniOzoneClusterImpl-706c1c6e-22ff-4e96-be26-7b4a759bc895/datanode-1/data/containers/hdds of  storage type : DISK and capacity : 1482555576320
2019-10-16 08:35:46,757 [Thread-1177] INFO  volume.VolumeSet (VolumeSet.java:initializeVolumeSet(170)) - Added Volume : /workdir/hadoop-ozone/ozonefs/target/test-dir/MiniOzoneClusterImpl-706c1c6e-22ff-4e96-be26-7b4a759bc895/datanode-1/data/containers/hdds to VolumeSet
2019-10-16 08:35:46,757 [Thread-1177] INFO  volume.ThrottledAsyncChecker (ThrottledAsyncChecker.java:schedule(141)) - Scheduling a check for /workdir/hadoop-ozone/ozonefs/target/test-dir/MiniOzoneClusterImpl-706c1c6e-22ff-4e96-be26-7b4a759bc895/datanode-1/data/containers/hdds
2019-10-16 08:35:46,758 [Thread-1177] INFO  volume.HddsVolumeChecker (HddsVolumeChecker.java:checkAllVolumes(204)) - Scheduled health check for volume /workdir/hadoop-ozone/ozonefs/target/test-dir/MiniOzoneClusterImpl-706c1c6e-22ff-4e96-be26-7b4a759bc895/datanode-1/data/containers/hdds
2019-10-16 08:35:46,787 [Thread-1177] INFO  impl.RaftServerProxy (ConfUtils.java:logGet(43)) - raft.rpc.type = GRPC (default)
2019-10-16 08:35:46,787 [Thread-1177] INFO  grpc.GrpcFactory (GrpcFactory.java:checkPooledByteBufAllocatorUseCacheForAllThreads(45)) - PERFORMANCE WARNING: useCacheForAllThreads is true that may cause Netty to create a lot garbage objects and, as a result, trigger GC.
	It is recommended to disable useCacheForAllThreads by setting -Dorg.apache.ratis.thirdparty.io.netty.allocator.useCacheForAllThreads=false in command line.
2019-10-16 08:35:46,788 [Thread-1177] INFO  grpc.GrpcConfigKeys$Server (ConfUtils.java:logGet(43)) - raft.grpc.server.port = 0 (default)
2019-10-16 08:35:46,788 [Thread-1177] INFO  server.GrpcService (ConfUtils.java:logGet(43)) - raft.grpc.message.size.max = 33570816 (custom)
2019-10-16 08:35:46,788 [Thread-1177] INFO  server.RaftServerConfigKeys (ConfUtils.java:logGet(43)) - raft.server.log.appender.buffer.byte-limit = 33554432 (custom)
2019-10-16 08:35:46,788 [Thread-1177] INFO  server.GrpcService (ConfUtils.java:logGet(43)) - raft.grpc.flow.control.window = 1MB (=1048576) (default)
2019-10-16 08:35:46,789 [Thread-1177] INFO  server.RaftServerConfigKeys (ConfUtils.java:logGet(43)) - raft.server.rpc.request.timeout = 3000ms (default)
2019-10-16 08:35:46,789 [Thread-1177] INFO  server.RaftServerConfigKeys (ConfUtils.java:logGet(43)) - raft.server.storage.dir = [/workdir/hadoop-ozone/ozonefs/target/test-dir/MiniOzoneClusterImpl-706c1c6e-22ff-4e96-be26-7b4a759bc895/datanode-1/data/ratis] (custom)
2019-10-16 08:35:46,791 [Thread-1177] INFO  hdfs.DFSUtil (DFSUtil.java:httpServerTemplateForNNAndJN(1641)) - Starting Web-server for hddsDatanode at: http://0.0.0.0:0
2019-10-16 08:35:46,794 [Thread-1177] INFO  server.AuthenticationFilter (AuthenticationFilter.java:constructSecretProvider(240)) - Unable to initialize FileSignerSecretProvider, falling back to use random secrets.
2019-10-16 08:35:46,794 [Thread-1177] WARN  http.HttpRequestLog (HttpRequestLog.java:getRequestLog(97)) - Jetty request log can only be enabled using Log4j
2019-10-16 08:35:46,797 [Thread-1177] INFO  http.HttpServer2 (HttpServer2.java:addGlobalFilter(975)) - Added global filter 'safety' (class=org.apache.hadoop.http.HttpServer2$QuotingInputFilter)
2019-10-16 08:35:46,798 [Thread-1177] INFO  http.HttpServer2 (HttpServer2.java:addFilter(948)) - Added filter static_user_filter (class=org.apache.hadoop.http.lib.StaticUserWebFilter$StaticUserFilter) to context hddsDatanode
2019-10-16 08:35:46,799 [Thread-1177] INFO  http.HttpServer2 (HttpServer2.java:addFilter(958)) - Added filter static_user_filter (class=org.apache.hadoop.http.lib.StaticUserWebFilter$StaticUserFilter) to context logs
2019-10-16 08:35:46,799 [Thread-1177] INFO  http.HttpServer2 (HttpServer2.java:addFilter(958)) - Added filter static_user_filter (class=org.apache.hadoop.http.lib.StaticUserWebFilter$StaticUserFilter) to context static
2019-10-16 08:35:46,800 [Thread-1177] INFO  http.HttpServer2 (HttpServer2.java:bindListener(1191)) - Jetty bound to port 45392
2019-10-16 08:35:46,800 [Thread-1177] INFO  server.Server (Server.java:doStart(351)) - jetty-9.3.25.v20180904, build timestamp: 2018-09-04T21:11:46Z, git hash: 3ce520221d0240229c862b122d2b06c12a625732
2019-10-16 08:35:46,803 [Thread-1177] INFO  handler.ContextHandler (ContextHandler.java:doStart(781)) - Started o.e.j.s.ServletContextHandler@5a9b0b9{/logs,file:///workdir/hadoop-ozone/ozonefs/target/log,AVAILABLE}
2019-10-16 08:35:46,803 [Thread-1177] INFO  handler.ContextHandler (ContextHandler.java:doStart(781)) - Started o.e.j.s.ServletContextHandler@49913f02{/static,jar:file:/home/user/.m2/repository/org/apache/hadoop/hadoop-hdds-container-service/0.5.0-SNAPSHOT/hadoop-hdds-container-service-0.5.0-SNAPSHOT.jar!/webapps/static,AVAILABLE}
2019-10-16 08:35:46,837 [Thread-1177] INFO  handler.ContextHandler (ContextHandler.java:doStart(781)) - Started o.e.j.w.WebAppContext@1a57c6be{/,file:///tmp/jetty-0.0.0.0-45392-hddsDatanode-_-any-7557257401568420736.dir/webapp/,AVAILABLE}{/hddsDatanode}
2019-10-16 08:35:46,837 [Thread-1177] INFO  server.AbstractConnector (AbstractConnector.java:doStart(278)) - Started ServerConnector@4ef1b913{HTTP/1.1,[http/1.1]}{0.0.0.0:45392}
2019-10-16 08:35:46,838 [Thread-1177] INFO  server.Server (Server.java:doStart(419)) - Started @75579ms
2019-10-16 08:35:46,838 [Thread-1177] WARN  impl.MetricsSystemImpl (MetricsSystemImpl.java:register(276)) - Sink prometheus already exists!
2019-10-16 08:35:46,839 [Thread-1177] INFO  server.BaseHttpServer (BaseHttpServer.java:updateConnectorAddress(215)) - HTTP server of HDDSDATANODE is listening at http://0.0.0.0:45392
2019-10-16 08:35:46,839 [Thread-1177] INFO  impl.MetricsSystemImpl (MetricsSystemImpl.java:init(158)) - HddsDatanode metrics system started (again)
2019-10-16 08:35:46,843 [Thread-1177] INFO  ozone.HddsDatanodeService (HddsDatanodeService.java:start(184)) - HddsDatanodeService host:pr-hdds-1737-dstl4-2900247166 ip:192.168.34.43
2019-10-16 08:35:46,843 [org.apache.hadoop.util.JvmPauseMonitor$Monitor@3b9ee286] INFO  util.JvmPauseMonitor (JvmPauseMonitor.java:run(188)) - Starting JVM pause monitor
2019-10-16 08:35:46,845 [Datanode State Machine Thread - 0] INFO  datanode.InitDatanodeState (InitDatanodeState.java:persistContainerDatanodeDetails(140)) - DatanodeDetails is persisted to /workdir/hadoop-ozone/ozonefs/target/test-dir/MiniOzoneClusterImpl-706c1c6e-22ff-4e96-be26-7b4a759bc895/datanode-1/meta/datanode.id
2019-10-16 08:35:46,855 [Thread-1177] INFO  volume.HddsVolume (HddsVolume.java:<init>(176)) - Creating Volume: /workdir/hadoop-ozone/ozonefs/target/test-dir/MiniOzoneClusterImpl-706c1c6e-22ff-4e96-be26-7b4a759bc895/datanode-2/data/containers/hdds of  storage type : DISK and capacity : 1482555576320
2019-10-16 08:35:46,855 [Thread-1177] INFO  volume.VolumeSet (VolumeSet.java:initializeVolumeSet(170)) - Added Volume : /workdir/hadoop-ozone/ozonefs/target/test-dir/MiniOzoneClusterImpl-706c1c6e-22ff-4e96-be26-7b4a759bc895/datanode-2/data/containers/hdds to VolumeSet
2019-10-16 08:35:46,855 [Thread-1177] INFO  volume.ThrottledAsyncChecker (ThrottledAsyncChecker.java:schedule(141)) - Scheduling a check for /workdir/hadoop-ozone/ozonefs/target/test-dir/MiniOzoneClusterImpl-706c1c6e-22ff-4e96-be26-7b4a759bc895/datanode-2/data/containers/hdds
2019-10-16 08:35:46,856 [Thread-1177] INFO  volume.HddsVolumeChecker (HddsVolumeChecker.java:checkAllVolumes(204)) - Scheduled health check for volume /workdir/hadoop-ozone/ozonefs/target/test-dir/MiniOzoneClusterImpl-706c1c6e-22ff-4e96-be26-7b4a759bc895/datanode-2/data/containers/hdds
2019-10-16 08:35:46,875 [Thread-1177] INFO  impl.RaftServerProxy (ConfUtils.java:logGet(43)) - raft.rpc.type = GRPC (default)
2019-10-16 08:35:46,875 [Thread-1177] INFO  grpc.GrpcFactory (GrpcFactory.java:checkPooledByteBufAllocatorUseCacheForAllThreads(45)) - PERFORMANCE WARNING: useCacheForAllThreads is true that may cause Netty to create a lot garbage objects and, as a result, trigger GC.
	It is recommended to disable useCacheForAllThreads by setting -Dorg.apache.ratis.thirdparty.io.netty.allocator.useCacheForAllThreads=false in command line.
2019-10-16 08:35:46,875 [Thread-1177] INFO  grpc.GrpcConfigKeys$Server (ConfUtils.java:logGet(43)) - raft.grpc.server.port = 0 (default)
2019-10-16 08:35:46,875 [Thread-1177] INFO  server.GrpcService (ConfUtils.java:logGet(43)) - raft.grpc.message.size.max = 33570816 (custom)
2019-10-16 08:35:46,875 [Thread-1177] INFO  server.RaftServerConfigKeys (ConfUtils.java:logGet(43)) - raft.server.log.appender.buffer.byte-limit = 33554432 (custom)
2019-10-16 08:35:46,875 [Thread-1177] INFO  server.GrpcService (ConfUtils.java:logGet(43)) - raft.grpc.flow.control.window = 1MB (=1048576) (default)
2019-10-16 08:35:46,876 [Thread-1177] INFO  server.RaftServerConfigKeys (ConfUtils.java:logGet(43)) - raft.server.rpc.request.timeout = 3000ms (default)
2019-10-16 08:35:46,876 [Thread-1177] INFO  server.RaftServerConfigKeys (ConfUtils.java:logGet(43)) - raft.server.storage.dir = [/workdir/hadoop-ozone/ozonefs/target/test-dir/MiniOzoneClusterImpl-706c1c6e-22ff-4e96-be26-7b4a759bc895/datanode-2/data/ratis] (custom)
2019-10-16 08:35:46,878 [Thread-1177] INFO  hdfs.DFSUtil (DFSUtil.java:httpServerTemplateForNNAndJN(1641)) - Starting Web-server for hddsDatanode at: http://0.0.0.0:0
2019-10-16 08:35:46,880 [Thread-1177] INFO  server.AuthenticationFilter (AuthenticationFilter.java:constructSecretProvider(240)) - Unable to initialize FileSignerSecretProvider, falling back to use random secrets.
2019-10-16 08:35:46,881 [Thread-1177] WARN  http.HttpRequestLog (HttpRequestLog.java:getRequestLog(97)) - Jetty request log can only be enabled using Log4j
2019-10-16 08:35:46,883 [Thread-1177] INFO  http.HttpServer2 (HttpServer2.java:addGlobalFilter(975)) - Added global filter 'safety' (class=org.apache.hadoop.http.HttpServer2$QuotingInputFilter)
2019-10-16 08:35:46,884 [Thread-1177] INFO  http.HttpServer2 (HttpServer2.java:addFilter(948)) - Added filter static_user_filter (class=org.apache.hadoop.http.lib.StaticUserWebFilter$StaticUserFilter) to context hddsDatanode
2019-10-16 08:35:46,885 [Thread-1177] INFO  http.HttpServer2 (HttpServer2.java:addFilter(958)) - Added filter static_user_filter (class=org.apache.hadoop.http.lib.StaticUserWebFilter$StaticUserFilter) to context static
2019-10-16 08:35:46,885 [Thread-1177] INFO  http.HttpServer2 (HttpServer2.java:addFilter(958)) - Added filter static_user_filter (class=org.apache.hadoop.http.lib.StaticUserWebFilter$StaticUserFilter) to context logs
2019-10-16 08:35:46,886 [Thread-1177] INFO  http.HttpServer2 (HttpServer2.java:bindListener(1191)) - Jetty bound to port 40943
2019-10-16 08:35:46,886 [Thread-1177] INFO  server.Server (Server.java:doStart(351)) - jetty-9.3.25.v20180904, build timestamp: 2018-09-04T21:11:46Z, git hash: 3ce520221d0240229c862b122d2b06c12a625732
2019-10-16 08:35:46,888 [Thread-1177] INFO  handler.ContextHandler (ContextHandler.java:doStart(781)) - Started o.e.j.s.ServletContextHandler@42c61b7d{/logs,file:///workdir/hadoop-ozone/ozonefs/target/log,AVAILABLE}
2019-10-16 08:35:46,889 [Thread-1177] INFO  handler.ContextHandler (ContextHandler.java:doStart(781)) - Started o.e.j.s.ServletContextHandler@27685610{/static,jar:file:/home/user/.m2/repository/org/apache/hadoop/hadoop-hdds-container-service/0.5.0-SNAPSHOT/hadoop-hdds-container-service-0.5.0-SNAPSHOT.jar!/webapps/static,AVAILABLE}
2019-10-16 08:35:46,935 [Thread-1177] INFO  handler.ContextHandler (ContextHandler.java:doStart(781)) - Started o.e.j.w.WebAppContext@573f564a{/,file:///tmp/jetty-0.0.0.0-40943-hddsDatanode-_-any-295178387292720797.dir/webapp/,AVAILABLE}{/hddsDatanode}
2019-10-16 08:35:46,935 [Thread-1177] INFO  server.AbstractConnector (AbstractConnector.java:doStart(278)) - Started ServerConnector@57b900d7{HTTP/1.1,[http/1.1]}{0.0.0.0:40943}
2019-10-16 08:35:46,936 [Thread-1177] INFO  server.Server (Server.java:doStart(419)) - Started @75678ms
2019-10-16 08:35:46,936 [Thread-1177] WARN  impl.MetricsSystemImpl (MetricsSystemImpl.java:register(276)) - Sink prometheus already exists!
2019-10-16 08:35:46,938 [Thread-1177] INFO  server.BaseHttpServer (BaseHttpServer.java:updateConnectorAddress(215)) - HTTP server of HDDSDATANODE is listening at http://0.0.0.0:40943
2019-10-16 08:35:46,938 [Thread-1177] INFO  ozone.MiniOzoneClusterImpl (MiniOzoneClusterImpl.java:lambda$waitForClusterToBeReady$0(147)) - Waiting for cluster to be ready. Got 0 of 3 DN Heartbeats.
2019-10-16 08:35:46,940 [org.apache.hadoop.util.JvmPauseMonitor$Monitor@666363e8] INFO  util.JvmPauseMonitor (JvmPauseMonitor.java:run(188)) - Starting JVM pause monitor
2019-10-16 08:35:46,942 [Datanode State Machine Thread - 0] INFO  datanode.InitDatanodeState (InitDatanodeState.java:persistContainerDatanodeDetails(140)) - DatanodeDetails is persisted to /workdir/hadoop-ozone/ozonefs/target/test-dir/MiniOzoneClusterImpl-706c1c6e-22ff-4e96-be26-7b4a759bc895/datanode-2/meta/datanode.id
2019-10-16 08:35:47,938 [Thread-1177] INFO  ozone.MiniOzoneClusterImpl (MiniOzoneClusterImpl.java:lambda$waitForClusterToBeReady$0(147)) - Waiting for cluster to be ready. Got 0 of 3 DN Heartbeats.
2019-10-16 08:35:48,769 [Datanode State Machine Thread - 0] INFO  ozoneimpl.OzoneContainer (OzoneContainer.java:start(213)) - Attempting to start container services.
2019-10-16 08:35:48,769 [Datanode State Machine Thread - 0] INFO  ozoneimpl.OzoneContainer (OzoneContainer.java:startContainerScrub(177)) - Background container scanner has been disabled.
2019-10-16 08:35:48,769 [Datanode State Machine Thread - 0] INFO  ratis.XceiverServerRatis (XceiverServerRatis.java:start(418)) - Starting XceiverServerRatis c7711d2d-f5e1-49d5-80ef-e12254347f85 at port 0
2019-10-16 08:35:48,779 [Datanode State Machine Thread - 0] INFO  impl.RaftServerProxy (RaftServerProxy.java:lambda$start$3(299)) - c7711d2d-f5e1-49d5-80ef-e12254347f85: start RPC server
2019-10-16 08:35:48,782 [Datanode State Machine Thread - 0] INFO  server.GrpcService (GrpcService.java:startImpl(158)) - c7711d2d-f5e1-49d5-80ef-e12254347f85: GrpcService started, listening on 0.0.0.0/0.0.0.0:41461
2019-10-16 08:35:48,783 [Datanode State Machine Thread - 0] INFO  ratis.XceiverServerRatis (XceiverServerRatis.java:start(428)) - XceiverServerRatis c7711d2d-f5e1-49d5-80ef-e12254347f85 is started using port 41461
2019-10-16 08:35:48,784 [Datanode State Machine Thread - 0] INFO  server.XceiverServerGrpc (XceiverServerGrpc.java:start(149)) - XceiverServerGrpc c7711d2d-f5e1-49d5-80ef-e12254347f85 is started using port 40728
2019-10-16 08:35:48,860 [Datanode State Machine Thread - 0] INFO  ozoneimpl.OzoneContainer (OzoneContainer.java:start(213)) - Attempting to start container services.
2019-10-16 08:35:48,860 [Datanode State Machine Thread - 0] INFO  ozoneimpl.OzoneContainer (OzoneContainer.java:startContainerScrub(177)) - Background container scanner has been disabled.
2019-10-16 08:35:48,860 [Datanode State Machine Thread - 0] INFO  ratis.XceiverServerRatis (XceiverServerRatis.java:start(418)) - Starting XceiverServerRatis 4f4a8cb7-afd3-4b40-bfaf-deb7169fcab3 at port 0
2019-10-16 08:35:48,869 [Datanode State Machine Thread - 0] INFO  impl.RaftServerProxy (RaftServerProxy.java:lambda$start$3(299)) - 4f4a8cb7-afd3-4b40-bfaf-deb7169fcab3: start RPC server
2019-10-16 08:35:48,871 [Datanode State Machine Thread - 0] INFO  server.GrpcService (GrpcService.java:startImpl(158)) - 4f4a8cb7-afd3-4b40-bfaf-deb7169fcab3: GrpcService started, listening on 0.0.0.0/0.0.0.0:43692
2019-10-16 08:35:48,871 [Datanode State Machine Thread - 0] INFO  ratis.XceiverServerRatis (XceiverServerRatis.java:start(428)) - XceiverServerRatis 4f4a8cb7-afd3-4b40-bfaf-deb7169fcab3 is started using port 43692
2019-10-16 08:35:48,872 [Datanode State Machine Thread - 0] INFO  server.XceiverServerGrpc (XceiverServerGrpc.java:start(149)) - XceiverServerGrpc 4f4a8cb7-afd3-4b40-bfaf-deb7169fcab3 is started using port 40305
2019-10-16 08:35:48,939 [Thread-1177] INFO  ozone.MiniOzoneClusterImpl (MiniOzoneClusterImpl.java:lambda$waitForClusterToBeReady$0(147)) - Waiting for cluster to be ready. Got 0 of 3 DN Heartbeats.
2019-10-16 08:35:48,969 [Datanode State Machine Thread - 0] INFO  ozoneimpl.OzoneContainer (OzoneContainer.java:start(213)) - Attempting to start container services.
2019-10-16 08:35:48,969 [Datanode State Machine Thread - 0] INFO  ozoneimpl.OzoneContainer (OzoneContainer.java:startContainerScrub(177)) - Background container scanner has been disabled.
2019-10-16 08:35:48,969 [Datanode State Machine Thread - 0] INFO  ratis.XceiverServerRatis (XceiverServerRatis.java:start(418)) - Starting XceiverServerRatis b8f86d4f-ce81-4c2a-b333-645152dec0b7 at port 0
2019-10-16 08:35:48,983 [Datanode State Machine Thread - 0] INFO  impl.RaftServerProxy (RaftServerProxy.java:lambda$start$3(299)) - b8f86d4f-ce81-4c2a-b333-645152dec0b7: start RPC server
2019-10-16 08:35:48,985 [Datanode State Machine Thread - 0] INFO  server.GrpcService (GrpcService.java:startImpl(158)) - b8f86d4f-ce81-4c2a-b333-645152dec0b7: GrpcService started, listening on 0.0.0.0/0.0.0.0:42179
2019-10-16 08:35:48,985 [Datanode State Machine Thread - 0] INFO  ratis.XceiverServerRatis (XceiverServerRatis.java:start(428)) - XceiverServerRatis b8f86d4f-ce81-4c2a-b333-645152dec0b7 is started using port 42179
2019-10-16 08:35:48,986 [Datanode State Machine Thread - 0] INFO  server.XceiverServerGrpc (XceiverServerGrpc.java:start(149)) - XceiverServerGrpc b8f86d4f-ce81-4c2a-b333-645152dec0b7 is started using port 34503
2019-10-16 08:35:49,939 [Thread-1177] INFO  ozone.MiniOzoneClusterImpl (MiniOzoneClusterImpl.java:lambda$waitForClusterToBeReady$0(147)) - Waiting for cluster to be ready. Got 0 of 3 DN Heartbeats.
2019-10-16 08:35:50,753 [IPC Server handler 3 on 38025] INFO  net.NetworkTopology (NetworkTopologyImpl.java:add(111)) - Added a new node: /default-rack/c7711d2d-f5e1-49d5-80ef-e12254347f85
2019-10-16 08:35:50,755 [IPC Server handler 3 on 38025] INFO  node.SCMNodeManager (SCMNodeManager.java:register(268)) - Registered Data node : c7711d2d-f5e1-49d5-80ef-e12254347f85{ip: 192.168.34.43, host: pr-hdds-1737-dstl4-2900247166, networkLocation: /default-rack, certSerialId: null}
2019-10-16 08:35:50,756 [EventQueue-NodeRegistrationContainerReportForDataNodeSafeModeRule] INFO  safemode.SCMSafeModeManager (DataNodeSafeModeRule.java:process(71)) - SCM in safe mode. 1 DataNodes registered, 1 required.
2019-10-16 08:35:50,757 [EventQueue-NodeRegistrationContainerReportForDataNodeSafeModeRule] INFO  safemode.SCMSafeModeManager (SCMSafeModeManager.java:validateSafeModeExitRules(177)) - ScmSafeModeManager, all rules are successfully validated
2019-10-16 08:35:50,757 [EventQueue-NodeRegistrationContainerReportForDataNodeSafeModeRule] INFO  safemode.SCMSafeModeManager (SCMSafeModeManager.java:exitSafeMode(193)) - SCM exiting safe mode.
2019-10-16 08:35:50,772 [grpc-default-executor-0] INFO  impl.RaftServerProxy (RaftServerProxy.java:addNew(89)) - c7711d2d-f5e1-49d5-80ef-e12254347f85: addNew group-40605C01D271:[c7711d2d-f5e1-49d5-80ef-e12254347f85:192.168.34.43:41461] returns group-40605C01D271:java.util.concurrent.CompletableFuture@7abd3180[Not completed]
2019-10-16 08:35:50,774 [pool-227-thread-1] INFO  impl.RaftServerImpl (RaftServerImpl.java:<init>(104)) - c7711d2d-f5e1-49d5-80ef-e12254347f85: new RaftServerImpl for group-40605C01D271:[c7711d2d-f5e1-49d5-80ef-e12254347f85:192.168.34.43:41461] with ContainerStateMachine:uninitialized
2019-10-16 08:35:50,774 [pool-227-thread-1] INFO  server.RaftServerConfigKeys (ConfUtils.java:logGet(43)) - raft.server.rpc.timeout.min = 5s (custom)
2019-10-16 08:35:50,774 [pool-227-thread-1] INFO  server.RaftServerConfigKeys (ConfUtils.java:logGet(43)) - raft.server.rpc.timeout.max = 5200ms (custom)
2019-10-16 08:35:50,774 [pool-227-thread-1] INFO  server.RaftServerConfigKeys (ConfUtils.java:logGet(43)) - raft.server.rpcslowness.timeout = 120s (custom)
2019-10-16 08:35:50,775 [pool-227-thread-1] INFO  server.RaftServerConfigKeys (ConfUtils.java:logGet(43)) - raft.server.sleep.deviation.threshold = 300 (default)
2019-10-16 08:35:50,775 [pool-227-thread-1] INFO  server.RaftServerConfigKeys (ConfUtils.java:logGet(43)) - raft.server.log.appender.install.snapshot.enabled = false (custom)
2019-10-16 08:35:50,775 [pool-227-thread-1] INFO  impl.RaftServerImpl (ServerState.java:<init>(103)) - c7711d2d-f5e1-49d5-80ef-e12254347f85@group-40605C01D271: ConfigurationManager, init=-1: [c7711d2d-f5e1-49d5-80ef-e12254347f85:192.168.34.43:41461], old=null, confs=<EMPTY_MAP>
2019-10-16 08:35:50,775 [pool-227-thread-1] INFO  server.RaftServerConfigKeys (ConfUtils.java:logGet(43)) - raft.server.storage.dir = [/workdir/hadoop-ozone/ozonefs/target/test-dir/MiniOzoneClusterImpl-706c1c6e-22ff-4e96-be26-7b4a759bc895/datanode-0/data/ratis] (custom)
2019-10-16 08:35:50,775 [pool-227-thread-1] INFO  server.RaftServerConfigKeys (ConfUtils.java:logGet(43)) - raft.server.log.corruption.policy = EXCEPTION (default)
2019-10-16 08:35:50,776 [pool-227-thread-1] INFO  storage.RaftStorageDirectory (RaftStorageDirectory.java:analyzeStorage(246)) - The storage directory /workdir/hadoop-ozone/ozonefs/target/test-dir/MiniOzoneClusterImpl-706c1c6e-22ff-4e96-be26-7b4a759bc895/datanode-0/data/ratis/4c12db54-44e0-4a34-8b6f-40605c01d271 does not exist. Creating ...
2019-10-16 08:35:50,789 [pool-227-thread-1] INFO  storage.RaftStorageDirectory (RaftStorageDirectory.java:tryLock(328)) - Lock on /workdir/hadoop-ozone/ozonefs/target/test-dir/MiniOzoneClusterImpl-706c1c6e-22ff-4e96-be26-7b4a759bc895/datanode-0/data/ratis/4c12db54-44e0-4a34-8b6f-40605c01d271/in_use.lock acquired by nodename 18686@pr-hdds-1737-dstl4-2900247166
2019-10-16 08:35:50,801 [pool-227-thread-1] INFO  storage.RaftStorage (RaftStorage.java:format(84)) - Storage directory /workdir/hadoop-ozone/ozonefs/target/test-dir/MiniOzoneClusterImpl-706c1c6e-22ff-4e96-be26-7b4a759bc895/datanode-0/data/ratis/4c12db54-44e0-4a34-8b6f-40605c01d271 has been successfully formatted.
2019-10-16 08:35:50,802 [pool-227-thread-1] INFO  ratis.ContainerStateMachine (ContainerStateMachine.java:loadSnapshot(231)) - group-40605C01D271: The snapshot info is null. Setting the last applied indexto:(t:0, i:~)
2019-10-16 08:35:50,802 [pool-227-thread-1] INFO  server.RaftServerConfigKeys (ConfUtils.java:logGet(43)) - raft.server.notification.no-leader.timeout = 120s (custom)
2019-10-16 08:35:50,802 [pool-227-thread-1] INFO  server.RaftServerConfigKeys (ConfUtils.java:logGet(43)) - raft.server.log.use.memory = false (default)
2019-10-16 08:35:50,802 [pool-227-thread-1] INFO  server.RaftServerConfigKeys (ConfUtils.java:logGet(43)) - raft.server.log.purge.gap = 1000000 (custom)
2019-10-16 08:35:50,802 [pool-227-thread-1] INFO  server.RaftServerConfigKeys (ConfUtils.java:logGet(43)) - raft.server.log.appender.buffer.byte-limit = 33554432 (custom)
2019-10-16 08:35:50,803 [pool-227-thread-1] INFO  server.RaftServerConfigKeys (ConfUtils.java:logGet(43)) - raft.server.log.segment.size.max = 1048576 (custom)
2019-10-16 08:35:50,805 [pool-227-thread-1] INFO  server.RaftServerConfigKeys (ConfUtils.java:logGet(43)) - raft.server.log.segment.cache.num.max = 2 (custom)
2019-10-16 08:35:50,805 [pool-227-thread-1] INFO  segmented.SegmentedRaftLogWorker (SegmentedRaftLogWorker.java:<init>(173)) - new c7711d2d-f5e1-49d5-80ef-e12254347f85@group-40605C01D271-SegmentedRaftLogWorker for RaftStorage:Storage Directory /workdir/hadoop-ozone/ozonefs/target/test-dir/MiniOzoneClusterImpl-706c1c6e-22ff-4e96-be26-7b4a759bc895/datanode-0/data/ratis/4c12db54-44e0-4a34-8b6f-40605c01d271
2019-10-16 08:35:50,805 [pool-227-thread-1] INFO  server.RaftServerConfigKeys (ConfUtils.java:logGet(43)) - raft.server.log.queue.byte-limit = 2147483647 (custom)
2019-10-16 08:35:50,805 [pool-227-thread-1] INFO  server.RaftServerConfigKeys (ConfUtils.java:logGet(43)) - raft.server.log.queue.element-limit = 1024 (custom)
2019-10-16 08:35:50,806 [pool-227-thread-1] INFO  server.RaftServerConfigKeys (ConfUtils.java:logGet(43)) - raft.server.log.segment.size.max = 1048576 (custom)
2019-10-16 08:35:50,806 [pool-227-thread-1] INFO  server.RaftServerConfigKeys (ConfUtils.java:logGet(43)) - raft.server.log.preallocated.size = 16384 (custom)
2019-10-16 08:35:50,806 [pool-227-thread-1] INFO  server.RaftServerConfigKeys (ConfUtils.java:logGet(43)) - raft.server.log.write.buffer.size = 33554432 (custom)
2019-10-16 08:35:50,806 [pool-227-thread-1] INFO  server.RaftServerConfigKeys (ConfUtils.java:logGet(43)) - raft.server.log.force.sync.num = 128 (default)
2019-10-16 08:35:50,806 [pool-227-thread-1] INFO  server.RaftServerConfigKeys (ConfUtils.java:logGet(43)) - raft.server.log.statemachine.data.sync = true (default)
2019-10-16 08:35:50,806 [pool-227-thread-1] INFO  server.RaftServerConfigKeys (ConfUtils.java:logGet(43)) - raft.server.log.statemachine.data.sync.timeout = 10s (default)
2019-10-16 08:35:50,807 [pool-227-thread-1] INFO  server.RaftServerConfigKeys (ConfUtils.java:logGet(43)) - raft.server.log.statemachine.data.sync.timeout.retry = -1 (default)
2019-10-16 08:35:50,807 [pool-227-thread-1] INFO  server.RaftServerConfigKeys (ConfUtils.java:logGet(43)) - raft.server.log.statemachine.data.caching.enabled = true (custom)
2019-10-16 08:35:50,807 [pool-227-thread-1] INFO  segmented.SegmentedRaftLogWorker (SegmentedRaftLogWorker.java:lambda$new$0(128)) - c7711d2d-f5e1-49d5-80ef-e12254347f85@group-40605C01D271-SegmentedRaftLogWorker: flushIndex: setUnconditionally 0 -> -1
2019-10-16 08:35:50,808 [pool-227-thread-1] INFO  server.RaftServerConfigKeys (ConfUtils.java:logGet(43)) - raft.server.snapshot.auto.trigger.enabled = true (custom)
2019-10-16 08:35:50,808 [pool-227-thread-1] INFO  server.RaftServerConfigKeys (ConfUtils.java:logGet(43)) - raft.server.snapshot.auto.trigger.threshold = 10000 (custom)
2019-10-16 08:35:50,808 [pool-227-thread-1] INFO  server.RaftServerConfigKeys (ConfUtils.java:logGet(43)) - raft.server.snapshot.retention.file.num = 5 (custom)
2019-10-16 08:35:50,808 [pool-227-thread-1] INFO  server.RaftServerConfigKeys (ConfUtils.java:logGet(43)) - raft.server.retrycache.expirytime = 600000ms (custom)
2019-10-16 08:35:50,814 [pool-227-thread-1] INFO  impl.RaftServerImpl (RaftServerImpl.java:start(195)) - c7711d2d-f5e1-49d5-80ef-e12254347f85@group-40605C01D271: start as a follower, conf=-1: [c7711d2d-f5e1-49d5-80ef-e12254347f85:192.168.34.43:41461], old=null
2019-10-16 08:35:50,814 [pool-227-thread-1] INFO  impl.RaftServerImpl (RaftServerImpl.java:setRole(184)) - c7711d2d-f5e1-49d5-80ef-e12254347f85@group-40605C01D271: changes role from      null to FOLLOWER at term 0 for startAsFollower
2019-10-16 08:35:50,814 [pool-227-thread-1] INFO  impl.RoleInfo (RoleInfo.java:updateAndGet(143)) - c7711d2d-f5e1-49d5-80ef-e12254347f85: start FollowerState
2019-10-16 08:35:50,814 [pool-227-thread-1] INFO  util.JmxRegister (JmxRegister.java:tryRegister(44)) - Successfully registered JMX Bean with object name Ratis:service=RaftServer,group=group-40605C01D271,id=c7711d2d-f5e1-49d5-80ef-e12254347f85
2019-10-16 08:35:50,822 [RatisPipelineUtilsThread] INFO  pipeline.PipelineStateManager (PipelineStateManager.java:addPipeline(56)) - Created pipeline Pipeline[ Id: 4c12db54-44e0-4a34-8b6f-40605c01d271, Nodes: c7711d2d-f5e1-49d5-80ef-e12254347f85{ip: 192.168.34.43, host: pr-hdds-1737-dstl4-2900247166, networkLocation: /default-rack, certSerialId: null}, Type:RATIS, Factor:ONE, State:OPEN]
2019-10-16 08:35:50,844 [IPC Server handler 0 on 38025] INFO  net.NetworkTopology (NetworkTopologyImpl.java:add(111)) - Added a new node: /default-rack/4f4a8cb7-afd3-4b40-bfaf-deb7169fcab3
2019-10-16 08:35:50,844 [IPC Server handler 0 on 38025] INFO  node.SCMNodeManager (SCMNodeManager.java:register(268)) - Registered Data node : 4f4a8cb7-afd3-4b40-bfaf-deb7169fcab3{ip: 192.168.34.43, host: pr-hdds-1737-dstl4-2900247166, networkLocation: /default-rack, certSerialId: null}
2019-10-16 08:35:50,853 [grpc-default-executor-0] INFO  impl.RaftServerProxy (RaftServerProxy.java:addNew(89)) - 4f4a8cb7-afd3-4b40-bfaf-deb7169fcab3: addNew group-AB1234E41038:[4f4a8cb7-afd3-4b40-bfaf-deb7169fcab3:192.168.34.43:43692] returns group-AB1234E41038:java.util.concurrent.CompletableFuture@9b0cf48[Not completed]
2019-10-16 08:35:50,855 [pool-237-thread-1] INFO  impl.RaftServerImpl (RaftServerImpl.java:<init>(104)) - 4f4a8cb7-afd3-4b40-bfaf-deb7169fcab3: new RaftServerImpl for group-AB1234E41038:[4f4a8cb7-afd3-4b40-bfaf-deb7169fcab3:192.168.34.43:43692] with ContainerStateMachine:uninitialized
2019-10-16 08:35:50,856 [pool-237-thread-1] INFO  server.RaftServerConfigKeys (ConfUtils.java:logGet(43)) - raft.server.rpc.timeout.min = 5s (custom)
2019-10-16 08:35:50,856 [pool-237-thread-1] INFO  server.RaftServerConfigKeys (ConfUtils.java:logGet(43)) - raft.server.rpc.timeout.max = 5200ms (custom)
2019-10-16 08:35:50,856 [pool-237-thread-1] INFO  server.RaftServerConfigKeys (ConfUtils.java:logGet(43)) - raft.server.rpcslowness.timeout = 120s (custom)
2019-10-16 08:35:50,856 [pool-237-thread-1] INFO  server.RaftServerConfigKeys (ConfUtils.java:logGet(43)) - raft.server.sleep.deviation.threshold = 300 (default)
2019-10-16 08:35:50,856 [pool-237-thread-1] INFO  server.RaftServerConfigKeys (ConfUtils.java:logGet(43)) - raft.server.log.appender.install.snapshot.enabled = false (custom)
2019-10-16 08:35:50,857 [pool-237-thread-1] INFO  impl.RaftServerImpl (ServerState.java:<init>(103)) - 4f4a8cb7-afd3-4b40-bfaf-deb7169fcab3@group-AB1234E41038: ConfigurationManager, init=-1: [4f4a8cb7-afd3-4b40-bfaf-deb7169fcab3:192.168.34.43:43692], old=null, confs=<EMPTY_MAP>
2019-10-16 08:35:50,857 [pool-237-thread-1] INFO  server.RaftServerConfigKeys (ConfUtils.java:logGet(43)) - raft.server.storage.dir = [/workdir/hadoop-ozone/ozonefs/target/test-dir/MiniOzoneClusterImpl-706c1c6e-22ff-4e96-be26-7b4a759bc895/datanode-1/data/ratis] (custom)
2019-10-16 08:35:50,857 [pool-237-thread-1] INFO  server.RaftServerConfigKeys (ConfUtils.java:logGet(43)) - raft.server.log.corruption.policy = EXCEPTION (default)
2019-10-16 08:35:50,858 [pool-237-thread-1] INFO  storage.RaftStorageDirectory (RaftStorageDirectory.java:analyzeStorage(246)) - The storage directory /workdir/hadoop-ozone/ozonefs/target/test-dir/MiniOzoneClusterImpl-706c1c6e-22ff-4e96-be26-7b4a759bc895/datanode-1/data/ratis/e5683ee4-6ce7-4d5f-90ea-ab1234e41038 does not exist. Creating ...
2019-10-16 08:35:50,871 [pool-237-thread-1] INFO  storage.RaftStorageDirectory (RaftStorageDirectory.java:tryLock(328)) - Lock on /workdir/hadoop-ozone/ozonefs/target/test-dir/MiniOzoneClusterImpl-706c1c6e-22ff-4e96-be26-7b4a759bc895/datanode-1/data/ratis/e5683ee4-6ce7-4d5f-90ea-ab1234e41038/in_use.lock acquired by nodename 18686@pr-hdds-1737-dstl4-2900247166
2019-10-16 08:35:50,883 [pool-237-thread-1] INFO  storage.RaftStorage (RaftStorage.java:format(84)) - Storage directory /workdir/hadoop-ozone/ozonefs/target/test-dir/MiniOzoneClusterImpl-706c1c6e-22ff-4e96-be26-7b4a759bc895/datanode-1/data/ratis/e5683ee4-6ce7-4d5f-90ea-ab1234e41038 has been successfully formatted.
2019-10-16 08:35:50,884 [pool-237-thread-1] INFO  ratis.ContainerStateMachine (ContainerStateMachine.java:loadSnapshot(231)) - group-AB1234E41038: The snapshot info is null. Setting the last applied indexto:(t:0, i:~)
2019-10-16 08:35:50,884 [pool-237-thread-1] INFO  server.RaftServerConfigKeys (ConfUtils.java:logGet(43)) - raft.server.notification.no-leader.timeout = 120s (custom)
2019-10-16 08:35:50,884 [pool-237-thread-1] INFO  server.RaftServerConfigKeys (ConfUtils.java:logGet(43)) - raft.server.log.use.memory = false (default)
2019-10-16 08:35:50,885 [pool-237-thread-1] INFO  server.RaftServerConfigKeys (ConfUtils.java:logGet(43)) - raft.server.log.purge.gap = 1000000 (custom)
2019-10-16 08:35:50,885 [pool-237-thread-1] INFO  server.RaftServerConfigKeys (ConfUtils.java:logGet(43)) - raft.server.log.appender.buffer.byte-limit = 33554432 (custom)
2019-10-16 08:35:50,885 [pool-237-thread-1] INFO  server.RaftServerConfigKeys (ConfUtils.java:logGet(43)) - raft.server.log.segment.size.max = 1048576 (custom)
2019-10-16 08:35:50,888 [pool-237-thread-1] INFO  server.RaftServerConfigKeys (ConfUtils.java:logGet(43)) - raft.server.log.segment.cache.num.max = 2 (custom)
2019-10-16 08:35:50,888 [pool-237-thread-1] INFO  segmented.SegmentedRaftLogWorker (SegmentedRaftLogWorker.java:<init>(173)) - new 4f4a8cb7-afd3-4b40-bfaf-deb7169fcab3@group-AB1234E41038-SegmentedRaftLogWorker for RaftStorage:Storage Directory /workdir/hadoop-ozone/ozonefs/target/test-dir/MiniOzoneClusterImpl-706c1c6e-22ff-4e96-be26-7b4a759bc895/datanode-1/data/ratis/e5683ee4-6ce7-4d5f-90ea-ab1234e41038
2019-10-16 08:35:50,888 [pool-237-thread-1] INFO  server.RaftServerConfigKeys (ConfUtils.java:logGet(43)) - raft.server.log.queue.byte-limit = 2147483647 (custom)
2019-10-16 08:35:50,889 [pool-237-thread-1] INFO  server.RaftServerConfigKeys (ConfUtils.java:logGet(43)) - raft.server.log.queue.element-limit = 1024 (custom)
2019-10-16 08:35:50,889 [pool-237-thread-1] INFO  server.RaftServerConfigKeys (ConfUtils.java:logGet(43)) - raft.server.log.segment.size.max = 1048576 (custom)
2019-10-16 08:35:50,889 [pool-237-thread-1] INFO  server.RaftServerConfigKeys (ConfUtils.java:logGet(43)) - raft.server.log.preallocated.size = 16384 (custom)
2019-10-16 08:35:50,889 [pool-237-thread-1] INFO  server.RaftServerConfigKeys (ConfUtils.java:logGet(43)) - raft.server.log.write.buffer.size = 33554432 (custom)
2019-10-16 08:35:50,889 [pool-237-thread-1] INFO  server.RaftServerConfigKeys (ConfUtils.java:logGet(43)) - raft.server.log.force.sync.num = 128 (default)
2019-10-16 08:35:50,889 [pool-237-thread-1] INFO  server.RaftServerConfigKeys (ConfUtils.java:logGet(43)) - raft.server.log.statemachine.data.sync = true (default)
2019-10-16 08:35:50,889 [pool-237-thread-1] INFO  server.RaftServerConfigKeys (ConfUtils.java:logGet(43)) - raft.server.log.statemachine.data.sync.timeout = 10s (default)
2019-10-16 08:35:50,890 [pool-237-thread-1] INFO  server.RaftServerConfigKeys (ConfUtils.java:logGet(43)) - raft.server.log.statemachine.data.sync.timeout.retry = -1 (default)
2019-10-16 08:35:50,890 [pool-237-thread-1] INFO  server.RaftServerConfigKeys (ConfUtils.java:logGet(43)) - raft.server.log.statemachine.data.caching.enabled = true (custom)
2019-10-16 08:35:50,891 [pool-237-thread-1] INFO  segmented.SegmentedRaftLogWorker (SegmentedRaftLogWorker.java:lambda$new$0(128)) - 4f4a8cb7-afd3-4b40-bfaf-deb7169fcab3@group-AB1234E41038-SegmentedRaftLogWorker: flushIndex: setUnconditionally 0 -> -1
2019-10-16 08:35:50,891 [pool-237-thread-1] INFO  server.RaftServerConfigKeys (ConfUtils.java:logGet(43)) - raft.server.snapshot.auto.trigger.enabled = true (custom)
2019-10-16 08:35:50,891 [pool-237-thread-1] INFO  server.RaftServerConfigKeys (ConfUtils.java:logGet(43)) - raft.server.snapshot.auto.trigger.threshold = 10000 (custom)
2019-10-16 08:35:50,891 [pool-237-thread-1] INFO  server.RaftServerConfigKeys (ConfUtils.java:logGet(43)) - raft.server.snapshot.retention.file.num = 5 (custom)
2019-10-16 08:35:50,892 [pool-237-thread-1] INFO  server.RaftServerConfigKeys (ConfUtils.java:logGet(43)) - raft.server.retrycache.expirytime = 600000ms (custom)
2019-10-16 08:35:50,896 [pool-237-thread-1] INFO  impl.RaftServerImpl (RaftServerImpl.java:start(195)) - 4f4a8cb7-afd3-4b40-bfaf-deb7169fcab3@group-AB1234E41038: start as a follower, conf=-1: [4f4a8cb7-afd3-4b40-bfaf-deb7169fcab3:192.168.34.43:43692], old=null
2019-10-16 08:35:50,896 [pool-237-thread-1] INFO  impl.RaftServerImpl (RaftServerImpl.java:setRole(184)) - 4f4a8cb7-afd3-4b40-bfaf-deb7169fcab3@group-AB1234E41038: changes role from      null to FOLLOWER at term 0 for startAsFollower
2019-10-16 08:35:50,896 [pool-237-thread-1] INFO  impl.RoleInfo (RoleInfo.java:updateAndGet(143)) - 4f4a8cb7-afd3-4b40-bfaf-deb7169fcab3: start FollowerState
2019-10-16 08:35:50,897 [pool-237-thread-1] INFO  util.JmxRegister (JmxRegister.java:tryRegister(44)) - Successfully registered JMX Bean with object name Ratis:service=RaftServer,group=group-AB1234E41038,id=4f4a8cb7-afd3-4b40-bfaf-deb7169fcab3
2019-10-16 08:35:50,905 [RatisPipelineUtilsThread] INFO  pipeline.PipelineStateManager (PipelineStateManager.java:addPipeline(56)) - Created pipeline Pipeline[ Id: e5683ee4-6ce7-4d5f-90ea-ab1234e41038, Nodes: 4f4a8cb7-afd3-4b40-bfaf-deb7169fcab3{ip: 192.168.34.43, host: pr-hdds-1737-dstl4-2900247166, networkLocation: /default-rack, certSerialId: null}, Type:RATIS, Factor:ONE, State:OPEN]
2019-10-16 08:35:50,916 [Thread-1351] INFO  impl.FollowerState (FollowerState.java:run(108)) - c7711d2d-f5e1-49d5-80ef-e12254347f85@group-40605C01D271-FollowerState: change to CANDIDATE, lastRpcTime:101ms, electionTimeout:101ms
2019-10-16 08:35:50,916 [Thread-1351] INFO  impl.RoleInfo (RoleInfo.java:shutdownFollowerState(121)) - c7711d2d-f5e1-49d5-80ef-e12254347f85: shutdown FollowerState
2019-10-16 08:35:50,916 [Thread-1351] INFO  impl.RaftServerImpl (RaftServerImpl.java:setRole(184)) - c7711d2d-f5e1-49d5-80ef-e12254347f85@group-40605C01D271: changes role from  FOLLOWER to CANDIDATE at term 0 for changeToCandidate
2019-10-16 08:35:50,916 [Thread-1351] INFO  impl.RoleInfo (RoleInfo.java:updateAndGet(143)) - c7711d2d-f5e1-49d5-80ef-e12254347f85: start LeaderElection
2019-10-16 08:35:50,932 [c7711d2d-f5e1-49d5-80ef-e12254347f85@group-40605C01D271-LeaderElection66] INFO  impl.LeaderElection (LeaderElection.java:askForVotes(178)) - c7711d2d-f5e1-49d5-80ef-e12254347f85@group-40605C01D271-LeaderElection66: begin an election at term 1 for -1: [c7711d2d-f5e1-49d5-80ef-e12254347f85:192.168.34.43:41461], old=null
2019-10-16 08:35:50,932 [c7711d2d-f5e1-49d5-80ef-e12254347f85@group-40605C01D271-LeaderElection66] INFO  impl.RoleInfo (RoleInfo.java:shutdownLeaderElection(134)) - c7711d2d-f5e1-49d5-80ef-e12254347f85: shutdown LeaderElection
2019-10-16 08:35:50,932 [c7711d2d-f5e1-49d5-80ef-e12254347f85@group-40605C01D271-LeaderElection66] INFO  impl.RaftServerImpl (RaftServerImpl.java:setRole(184)) - c7711d2d-f5e1-49d5-80ef-e12254347f85@group-40605C01D271: changes role from CANDIDATE to LEADER at term 1 for changeToLeader
2019-10-16 08:35:50,932 [c7711d2d-f5e1-49d5-80ef-e12254347f85@group-40605C01D271-LeaderElection66] INFO  impl.RaftServerImpl (ServerState.java:setLeader(256)) - c7711d2d-f5e1-49d5-80ef-e12254347f85@group-40605C01D271: change Leader from null to c7711d2d-f5e1-49d5-80ef-e12254347f85 at term 1 for becomeLeader, leader elected after 130ms
2019-10-16 08:35:50,932 [c7711d2d-f5e1-49d5-80ef-e12254347f85@group-40605C01D271-LeaderElection66] INFO  server.RaftServerConfigKeys (ConfUtils.java:logGet(43)) - raft.server.staging.catchup.gap = 1000 (default)
2019-10-16 08:35:50,932 [c7711d2d-f5e1-49d5-80ef-e12254347f85@group-40605C01D271-LeaderElection66] INFO  server.RaftServerConfigKeys (ConfUtils.java:logGet(43)) - raft.server.rpc.sleep.time = 25ms (default)
2019-10-16 08:35:50,933 [c7711d2d-f5e1-49d5-80ef-e12254347f85@group-40605C01D271-LeaderElection66] INFO  server.RaftServerConfigKeys (ConfUtils.java:logGet(43)) - raft.server.write.element-limit = 4096 (default)
2019-10-16 08:35:50,933 [c7711d2d-f5e1-49d5-80ef-e12254347f85@group-40605C01D271-LeaderElection66] INFO  server.RaftServerConfigKeys (ConfUtils.java:logGet(43)) - raft.server.watch.timeout = 10s (default)
2019-10-16 08:35:50,933 [c7711d2d-f5e1-49d5-80ef-e12254347f85@group-40605C01D271-LeaderElection66] INFO  server.RaftServerConfigKeys (ConfUtils.java:logGet(43)) - raft.server.watch.timeout.denomination = 1s (default)
2019-10-16 08:35:50,933 [c7711d2d-f5e1-49d5-80ef-e12254347f85@group-40605C01D271-LeaderElection66] INFO  server.RaftServerConfigKeys (ConfUtils.java:logGet(43)) - raft.server.watch.element-limit = 65536 (default)
2019-10-16 08:35:50,935 [c7711d2d-f5e1-49d5-80ef-e12254347f85@group-40605C01D271-LeaderElection66] INFO  impl.RoleInfo (RoleInfo.java:updateAndGet(143)) - c7711d2d-f5e1-49d5-80ef-e12254347f85: start LeaderState
2019-10-16 08:35:50,936 [c7711d2d-f5e1-49d5-80ef-e12254347f85@group-40605C01D271-LeaderElection66] INFO  segmented.SegmentedRaftLogWorker (SegmentedRaftLogWorker.java:startLogSegment(385)) - c7711d2d-f5e1-49d5-80ef-e12254347f85@group-40605C01D271-SegmentedRaftLogWorker: Starting segment from index:0
2019-10-16 08:35:50,936 [c7711d2d-f5e1-49d5-80ef-e12254347f85@group-40605C01D271-LeaderElection66] INFO  impl.RaftServerImpl (ServerState.java:setRaftConf(357)) - c7711d2d-f5e1-49d5-80ef-e12254347f85@group-40605C01D271: set configuration 0: [c7711d2d-f5e1-49d5-80ef-e12254347f85:192.168.34.43:41461], old=null at 0
2019-10-16 08:35:50,940 [Thread-1177] INFO  ozone.MiniOzoneClusterImpl (MiniOzoneClusterImpl.java:lambda$waitForClusterToBeReady$0(147)) - Waiting for cluster to be ready. Got 2 of 3 DN Heartbeats.
2019-10-16 08:35:50,942 [IPC Server handler 1 on 38025] INFO  net.NetworkTopology (NetworkTopologyImpl.java:add(111)) - Added a new node: /default-rack/b8f86d4f-ce81-4c2a-b333-645152dec0b7
2019-10-16 08:35:50,943 [IPC Server handler 1 on 38025] INFO  node.SCMNodeManager (SCMNodeManager.java:register(268)) - Registered Data node : b8f86d4f-ce81-4c2a-b333-645152dec0b7{ip: 192.168.34.43, host: pr-hdds-1737-dstl4-2900247166, networkLocation: /default-rack, certSerialId: null}
2019-10-16 08:35:50,970 [Thread-1354] INFO  impl.FollowerState (FollowerState.java:run(108)) - 4f4a8cb7-afd3-4b40-bfaf-deb7169fcab3@group-AB1234E41038-FollowerState: change to CANDIDATE, lastRpcTime:73ms, electionTimeout:63ms
2019-10-16 08:35:50,970 [Thread-1354] INFO  impl.RoleInfo (RoleInfo.java:shutdownFollowerState(121)) - 4f4a8cb7-afd3-4b40-bfaf-deb7169fcab3: shutdown FollowerState
2019-10-16 08:35:50,971 [Thread-1354] INFO  impl.RaftServerImpl (RaftServerImpl.java:setRole(184)) - 4f4a8cb7-afd3-4b40-bfaf-deb7169fcab3@group-AB1234E41038: changes role from  FOLLOWER to CANDIDATE at term 0 for changeToCandidate
2019-10-16 08:35:50,971 [Thread-1354] INFO  impl.RoleInfo (RoleInfo.java:updateAndGet(143)) - 4f4a8cb7-afd3-4b40-bfaf-deb7169fcab3: start LeaderElection
2019-10-16 08:35:50,980 [grpc-default-executor-0] INFO  impl.RaftServerProxy (RaftServerProxy.java:addNew(89)) - b8f86d4f-ce81-4c2a-b333-645152dec0b7: addNew group-62305DF272D1:[b8f86d4f-ce81-4c2a-b333-645152dec0b7:192.168.34.43:42179] returns group-62305DF272D1:java.util.concurrent.CompletableFuture@1df1b6a2[Not completed]
2019-10-16 08:35:50,982 [c7711d2d-f5e1-49d5-80ef-e12254347f85@group-40605C01D271-SegmentedRaftLogWorker] INFO  segmented.SegmentedRaftLogWorker (SegmentedRaftLogWorker.java:execute(576)) - c7711d2d-f5e1-49d5-80ef-e12254347f85@group-40605C01D271-SegmentedRaftLogWorker: created new log segment /workdir/hadoop-ozone/ozonefs/target/test-dir/MiniOzoneClusterImpl-706c1c6e-22ff-4e96-be26-7b4a759bc895/datanode-0/data/ratis/4c12db54-44e0-4a34-8b6f-40605c01d271/current/log_inprogress_0
2019-10-16 08:35:50,982 [4f4a8cb7-afd3-4b40-bfaf-deb7169fcab3@group-AB1234E41038-LeaderElection67] INFO  impl.LeaderElection (LeaderElection.java:askForVotes(178)) - 4f4a8cb7-afd3-4b40-bfaf-deb7169fcab3@group-AB1234E41038-LeaderElection67: begin an election at term 1 for -1: [4f4a8cb7-afd3-4b40-bfaf-deb7169fcab3:192.168.34.43:43692], old=null
2019-10-16 08:35:50,982 [pool-247-thread-1] INFO  impl.RaftServerImpl (RaftServerImpl.java:<init>(104)) - b8f86d4f-ce81-4c2a-b333-645152dec0b7: new RaftServerImpl for group-62305DF272D1:[b8f86d4f-ce81-4c2a-b333-645152dec0b7:192.168.34.43:42179] with ContainerStateMachine:uninitialized
2019-10-16 08:35:50,982 [4f4a8cb7-afd3-4b40-bfaf-deb7169fcab3@group-AB1234E41038-LeaderElection67] INFO  impl.RoleInfo (RoleInfo.java:shutdownLeaderElection(134)) - 4f4a8cb7-afd3-4b40-bfaf-deb7169fcab3: shutdown LeaderElection
2019-10-16 08:35:50,983 [pool-247-thread-1] INFO  server.RaftServerConfigKeys (ConfUtils.java:logGet(43)) - raft.server.rpc.timeout.min = 5s (custom)
2019-10-16 08:35:50,983 [4f4a8cb7-afd3-4b40-bfaf-deb7169fcab3@group-AB1234E41038-LeaderElection67] INFO  impl.RaftServerImpl (RaftServerImpl.java:setRole(184)) - 4f4a8cb7-afd3-4b40-bfaf-deb7169fcab3@group-AB1234E41038: changes role from CANDIDATE to LEADER at term 1 for changeToLeader
2019-10-16 08:35:50,983 [pool-247-thread-1] INFO  server.RaftServerConfigKeys (ConfUtils.java:logGet(43)) - raft.server.rpc.timeout.max = 5200ms (custom)
2019-10-16 08:35:50,983 [4f4a8cb7-afd3-4b40-bfaf-deb7169fcab3@group-AB1234E41038-LeaderElection67] INFO  impl.RaftServerImpl (ServerState.java:setLeader(256)) - 4f4a8cb7-afd3-4b40-bfaf-deb7169fcab3@group-AB1234E41038: change Leader from null to 4f4a8cb7-afd3-4b40-bfaf-deb7169fcab3 at term 1 for becomeLeader, leader elected after 98ms
2019-10-16 08:35:50,983 [pool-247-thread-1] INFO  server.RaftServerConfigKeys (ConfUtils.java:logGet(43)) - raft.server.rpcslowness.timeout = 120s (custom)
2019-10-16 08:35:50,983 [4f4a8cb7-afd3-4b40-bfaf-deb7169fcab3@group-AB1234E41038-LeaderElection67] INFO  server.RaftServerConfigKeys (ConfUtils.java:logGet(43)) - raft.server.staging.catchup.gap = 1000 (default)
2019-10-16 08:35:50,983 [pool-247-thread-1] INFO  server.RaftServerConfigKeys (ConfUtils.java:logGet(43)) - raft.server.sleep.deviation.threshold = 300 (default)
2019-10-16 08:35:50,983 [4f4a8cb7-afd3-4b40-bfaf-deb7169fcab3@group-AB1234E41038-LeaderElection67] INFO  server.RaftServerConfigKeys (ConfUtils.java:logGet(43)) - raft.server.rpc.sleep.time = 25ms (default)
2019-10-16 08:35:50,983 [pool-247-thread-1] INFO  server.RaftServerConfigKeys (ConfUtils.java:logGet(43)) - raft.server.log.appender.install.snapshot.enabled = false (custom)
2019-10-16 08:35:50,984 [4f4a8cb7-afd3-4b40-bfaf-deb7169fcab3@group-AB1234E41038-LeaderElection67] INFO  server.RaftServerConfigKeys (ConfUtils.java:logGet(43)) - raft.server.write.element-limit = 4096 (default)
2019-10-16 08:35:50,984 [pool-247-thread-1] INFO  impl.RaftServerImpl (ServerState.java:<init>(103)) - b8f86d4f-ce81-4c2a-b333-645152dec0b7@group-62305DF272D1: ConfigurationManager, init=-1: [b8f86d4f-ce81-4c2a-b333-645152dec0b7:192.168.34.43:42179], old=null, confs=<EMPTY_MAP>
2019-10-16 08:35:50,984 [4f4a8cb7-afd3-4b40-bfaf-deb7169fcab3@group-AB1234E41038-LeaderElection67] INFO  server.RaftServerConfigKeys (ConfUtils.java:logGet(43)) - raft.server.watch.timeout = 10s (default)
2019-10-16 08:35:50,984 [pool-247-thread-1] INFO  server.RaftServerConfigKeys (ConfUtils.java:logGet(43)) - raft.server.storage.dir = [/workdir/hadoop-ozone/ozonefs/target/test-dir/MiniOzoneClusterImpl-706c1c6e-22ff-4e96-be26-7b4a759bc895/datanode-2/data/ratis] (custom)
2019-10-16 08:35:50,984 [4f4a8cb7-afd3-4b40-bfaf-deb7169fcab3@group-AB1234E41038-LeaderElection67] INFO  server.RaftServerConfigKeys (ConfUtils.java:logGet(43)) - raft.server.watch.timeout.denomination = 1s (default)
2019-10-16 08:35:50,984 [4f4a8cb7-afd3-4b40-bfaf-deb7169fcab3@group-AB1234E41038-LeaderElection67] INFO  server.RaftServerConfigKeys (ConfUtils.java:logGet(43)) - raft.server.watch.element-limit = 65536 (default)
2019-10-16 08:35:50,984 [pool-247-thread-1] INFO  server.RaftServerConfigKeys (ConfUtils.java:logGet(43)) - raft.server.log.corruption.policy = EXCEPTION (default)
2019-10-16 08:35:50,985 [pool-247-thread-1] INFO  storage.RaftStorageDirectory (RaftStorageDirectory.java:analyzeStorage(246)) - The storage directory /workdir/hadoop-ozone/ozonefs/target/test-dir/MiniOzoneClusterImpl-706c1c6e-22ff-4e96-be26-7b4a759bc895/datanode-2/data/ratis/380d3cd4-2976-405f-ac24-62305df272d1 does not exist. Creating ...
2019-10-16 08:35:50,987 [4f4a8cb7-afd3-4b40-bfaf-deb7169fcab3@group-AB1234E41038-LeaderElection67] INFO  impl.RoleInfo (RoleInfo.java:updateAndGet(143)) - 4f4a8cb7-afd3-4b40-bfaf-deb7169fcab3: start LeaderState
2019-10-16 08:35:50,987 [4f4a8cb7-afd3-4b40-bfaf-deb7169fcab3@group-AB1234E41038-LeaderElection67] INFO  segmented.SegmentedRaftLogWorker (SegmentedRaftLogWorker.java:startLogSegment(385)) - 4f4a8cb7-afd3-4b40-bfaf-deb7169fcab3@group-AB1234E41038-SegmentedRaftLogWorker: Starting segment from index:0
2019-10-16 08:35:50,987 [4f4a8cb7-afd3-4b40-bfaf-deb7169fcab3@group-AB1234E41038-LeaderElection67] INFO  impl.RaftServerImpl (ServerState.java:setRaftConf(357)) - 4f4a8cb7-afd3-4b40-bfaf-deb7169fcab3@group-AB1234E41038: set configuration 0: [4f4a8cb7-afd3-4b40-bfaf-deb7169fcab3:192.168.34.43:43692], old=null at 0
2019-10-16 08:35:50,996 [pool-247-thread-1] INFO  storage.RaftStorageDirectory (RaftStorageDirectory.java:tryLock(328)) - Lock on /workdir/hadoop-ozone/ozonefs/target/test-dir/MiniOzoneClusterImpl-706c1c6e-22ff-4e96-be26-7b4a759bc895/datanode-2/data/ratis/380d3cd4-2976-405f-ac24-62305df272d1/in_use.lock acquired by nodename 18686@pr-hdds-1737-dstl4-2900247166
2019-10-16 08:35:51,008 [pool-247-thread-1] INFO  storage.RaftStorage (RaftStorage.java:format(84)) - Storage directory /workdir/hadoop-ozone/ozonefs/target/test-dir/MiniOzoneClusterImpl-706c1c6e-22ff-4e96-be26-7b4a759bc895/datanode-2/data/ratis/380d3cd4-2976-405f-ac24-62305df272d1 has been successfully formatted.
2019-10-16 08:35:51,009 [pool-247-thread-1] INFO  ratis.ContainerStateMachine (ContainerStateMachine.java:loadSnapshot(231)) - group-62305DF272D1: The snapshot info is null. Setting the last applied indexto:(t:0, i:~)
2019-10-16 08:35:51,009 [pool-247-thread-1] INFO  server.RaftServerConfigKeys (ConfUtils.java:logGet(43)) - raft.server.notification.no-leader.timeout = 120s (custom)
2019-10-16 08:35:51,009 [pool-247-thread-1] INFO  server.RaftServerConfigKeys (ConfUtils.java:logGet(43)) - raft.server.log.use.memory = false (default)
2019-10-16 08:35:51,009 [pool-247-thread-1] INFO  server.RaftServerConfigKeys (ConfUtils.java:logGet(43)) - raft.server.log.purge.gap = 1000000 (custom)
2019-10-16 08:35:51,009 [pool-247-thread-1] INFO  server.RaftServerConfigKeys (ConfUtils.java:logGet(43)) - raft.server.log.appender.buffer.byte-limit = 33554432 (custom)
2019-10-16 08:35:51,009 [pool-247-thread-1] INFO  server.RaftServerConfigKeys (ConfUtils.java:logGet(43)) - raft.server.log.segment.size.max = 1048576 (custom)
2019-10-16 08:35:51,011 [pool-247-thread-1] INFO  server.RaftServerConfigKeys (ConfUtils.java:logGet(43)) - raft.server.log.segment.cache.num.max = 2 (custom)
2019-10-16 08:35:51,011 [pool-247-thread-1] INFO  segmented.SegmentedRaftLogWorker (SegmentedRaftLogWorker.java:<init>(173)) - new b8f86d4f-ce81-4c2a-b333-645152dec0b7@group-62305DF272D1-SegmentedRaftLogWorker for RaftStorage:Storage Directory /workdir/hadoop-ozone/ozonefs/target/test-dir/MiniOzoneClusterImpl-706c1c6e-22ff-4e96-be26-7b4a759bc895/datanode-2/data/ratis/380d3cd4-2976-405f-ac24-62305df272d1
2019-10-16 08:35:51,012 [pool-247-thread-1] INFO  server.RaftServerConfigKeys (ConfUtils.java:logGet(43)) - raft.server.log.queue.byte-limit = 2147483647 (custom)
2019-10-16 08:35:51,012 [pool-247-thread-1] INFO  server.RaftServerConfigKeys (ConfUtils.java:logGet(43)) - raft.server.log.queue.element-limit = 1024 (custom)
2019-10-16 08:35:51,012 [pool-247-thread-1] INFO  server.RaftServerConfigKeys (ConfUtils.java:logGet(43)) - raft.server.log.segment.size.max = 1048576 (custom)
2019-10-16 08:35:51,012 [pool-247-thread-1] INFO  server.RaftServerConfigKeys (ConfUtils.java:logGet(43)) - raft.server.log.preallocated.size = 16384 (custom)
2019-10-16 08:35:51,012 [pool-247-thread-1] INFO  server.RaftServerConfigKeys (ConfUtils.java:logGet(43)) - raft.server.log.write.buffer.size = 33554432 (custom)
2019-10-16 08:35:51,012 [pool-247-thread-1] INFO  server.RaftServerConfigKeys (ConfUtils.java:logGet(43)) - raft.server.log.force.sync.num = 128 (default)
2019-10-16 08:35:51,012 [pool-247-thread-1] INFO  server.RaftServerConfigKeys (ConfUtils.java:logGet(43)) - raft.server.log.statemachine.data.sync = true (default)
2019-10-16 08:35:51,012 [pool-247-thread-1] INFO  server.RaftServerConfigKeys (ConfUtils.java:logGet(43)) - raft.server.log.statemachine.data.sync.timeout = 10s (default)
2019-10-16 08:35:51,013 [pool-247-thread-1] INFO  server.RaftServerConfigKeys (ConfUtils.java:logGet(43)) - raft.server.log.statemachine.data.sync.timeout.retry = -1 (default)
2019-10-16 08:35:51,013 [pool-247-thread-1] INFO  server.RaftServerConfigKeys (ConfUtils.java:logGet(43)) - raft.server.log.statemachine.data.caching.enabled = true (custom)
2019-10-16 08:35:51,013 [pool-247-thread-1] INFO  segmented.SegmentedRaftLogWorker (SegmentedRaftLogWorker.java:lambda$new$0(128)) - b8f86d4f-ce81-4c2a-b333-645152dec0b7@group-62305DF272D1-SegmentedRaftLogWorker: flushIndex: setUnconditionally 0 -> -1
2019-10-16 08:35:51,014 [pool-247-thread-1] INFO  server.RaftServerConfigKeys (ConfUtils.java:logGet(43)) - raft.server.snapshot.auto.trigger.enabled = true (custom)
2019-10-16 08:35:51,014 [pool-247-thread-1] INFO  server.RaftServerConfigKeys (ConfUtils.java:logGet(43)) - raft.server.snapshot.auto.trigger.threshold = 10000 (custom)
2019-10-16 08:35:51,014 [pool-247-thread-1] INFO  server.RaftServerConfigKeys (ConfUtils.java:logGet(43)) - raft.server.snapshot.retention.file.num = 5 (custom)
2019-10-16 08:35:51,014 [pool-247-thread-1] INFO  server.RaftServerConfigKeys (ConfUtils.java:logGet(43)) - raft.server.retrycache.expirytime = 600000ms (custom)
2019-10-16 08:35:51,017 [pool-247-thread-1] INFO  impl.RaftServerImpl (RaftServerImpl.java:start(195)) - b8f86d4f-ce81-4c2a-b333-645152dec0b7@group-62305DF272D1: start as a follower, conf=-1: [b8f86d4f-ce81-4c2a-b333-645152dec0b7:192.168.34.43:42179], old=null
2019-10-16 08:35:51,018 [pool-247-thread-1] INFO  impl.RaftServerImpl (RaftServerImpl.java:setRole(184)) - b8f86d4f-ce81-4c2a-b333-645152dec0b7@group-62305DF272D1: changes role from      null to FOLLOWER at term 0 for startAsFollower
2019-10-16 08:35:51,018 [pool-247-thread-1] INFO  impl.RoleInfo (RoleInfo.java:updateAndGet(143)) - b8f86d4f-ce81-4c2a-b333-645152dec0b7: start FollowerState
2019-10-16 08:35:51,018 [pool-247-thread-1] INFO  util.JmxRegister (JmxRegister.java:tryRegister(44)) - Successfully registered JMX Bean with object name Ratis:service=RaftServer,group=group-62305DF272D1,id=b8f86d4f-ce81-4c2a-b333-645152dec0b7
2019-10-16 08:35:51,025 [RatisPipelineUtilsThread] INFO  pipeline.PipelineStateManager (PipelineStateManager.java:addPipeline(56)) - Created pipeline Pipeline[ Id: 380d3cd4-2976-405f-ac24-62305df272d1, Nodes: b8f86d4f-ce81-4c2a-b333-645152dec0b7{ip: 192.168.34.43, host: pr-hdds-1737-dstl4-2900247166, networkLocation: /default-rack, certSerialId: null}, Type:RATIS, Factor:ONE, State:OPEN]
2019-10-16 08:35:51,040 [4f4a8cb7-afd3-4b40-bfaf-deb7169fcab3@group-AB1234E41038-SegmentedRaftLogWorker] INFO  segmented.SegmentedRaftLogWorker (SegmentedRaftLogWorker.java:execute(576)) - 4f4a8cb7-afd3-4b40-bfaf-deb7169fcab3@group-AB1234E41038-SegmentedRaftLogWorker: created new log segment /workdir/hadoop-ozone/ozonefs/target/test-dir/MiniOzoneClusterImpl-706c1c6e-22ff-4e96-be26-7b4a759bc895/datanode-1/data/ratis/e5683ee4-6ce7-4d5f-90ea-ab1234e41038/current/log_inprogress_0
2019-10-16 08:35:51,054 [grpc-default-executor-1] INFO  impl.RaftServerProxy (RaftServerProxy.java:addNew(89)) - b8f86d4f-ce81-4c2a-b333-645152dec0b7: addNew group-AEFBE84D5B7C:[c7711d2d-f5e1-49d5-80ef-e12254347f85:192.168.34.43:41461, 4f4a8cb7-afd3-4b40-bfaf-deb7169fcab3:192.168.34.43:43692, b8f86d4f-ce81-4c2a-b333-645152dec0b7:192.168.34.43:42179] returns group-AEFBE84D5B7C:java.util.concurrent.CompletableFuture@3f0ad9d4[Not completed]
2019-10-16 08:35:51,054 [grpc-default-executor-2] INFO  impl.RaftServerProxy (RaftServerProxy.java:addNew(89)) - c7711d2d-f5e1-49d5-80ef-e12254347f85: addNew group-AEFBE84D5B7C:[c7711d2d-f5e1-49d5-80ef-e12254347f85:192.168.34.43:41461, 4f4a8cb7-afd3-4b40-bfaf-deb7169fcab3:192.168.34.43:43692, b8f86d4f-ce81-4c2a-b333-645152dec0b7:192.168.34.43:42179] returns group-AEFBE84D5B7C:java.util.concurrent.CompletableFuture@72d8bab8[Not completed]
2019-10-16 08:35:51,054 [grpc-default-executor-0] INFO  impl.RaftServerProxy (RaftServerProxy.java:addNew(89)) - 4f4a8cb7-afd3-4b40-bfaf-deb7169fcab3: addNew group-AEFBE84D5B7C:[c7711d2d-f5e1-49d5-80ef-e12254347f85:192.168.34.43:41461, 4f4a8cb7-afd3-4b40-bfaf-deb7169fcab3:192.168.34.43:43692, b8f86d4f-ce81-4c2a-b333-645152dec0b7:192.168.34.43:42179] returns group-AEFBE84D5B7C:java.util.concurrent.CompletableFuture@1da178a9[Not completed]
2019-10-16 08:35:51,055 [pool-247-thread-1] INFO  impl.RaftServerImpl (RaftServerImpl.java:<init>(104)) - b8f86d4f-ce81-4c2a-b333-645152dec0b7: new RaftServerImpl for group-AEFBE84D5B7C:[c7711d2d-f5e1-49d5-80ef-e12254347f85:192.168.34.43:41461, 4f4a8cb7-afd3-4b40-bfaf-deb7169fcab3:192.168.34.43:43692, b8f86d4f-ce81-4c2a-b333-645152dec0b7:192.168.34.43:42179] with ContainerStateMachine:uninitialized
2019-10-16 08:35:51,056 [pool-247-thread-1] INFO  server.RaftServerConfigKeys (ConfUtils.java:logGet(43)) - raft.server.rpc.timeout.min = 5s (custom)
2019-10-16 08:35:51,056 [pool-247-thread-1] INFO  server.RaftServerConfigKeys (ConfUtils.java:logGet(43)) - raft.server.rpc.timeout.max = 5200ms (custom)
2019-10-16 08:35:51,056 [pool-247-thread-1] INFO  server.RaftServerConfigKeys (ConfUtils.java:logGet(43)) - raft.server.rpcslowness.timeout = 120s (custom)
2019-10-16 08:35:51,056 [pool-247-thread-1] INFO  server.RaftServerConfigKeys (ConfUtils.java:logGet(43)) - raft.server.sleep.deviation.threshold = 300 (default)
2019-10-16 08:35:51,056 [pool-247-thread-1] INFO  server.RaftServerConfigKeys (ConfUtils.java:logGet(43)) - raft.server.log.appender.install.snapshot.enabled = false (custom)
2019-10-16 08:35:51,056 [pool-247-thread-1] INFO  impl.RaftServerImpl (ServerState.java:<init>(103)) - b8f86d4f-ce81-4c2a-b333-645152dec0b7@group-AEFBE84D5B7C: ConfigurationManager, init=-1: [c7711d2d-f5e1-49d5-80ef-e12254347f85:192.168.34.43:41461, 4f4a8cb7-afd3-4b40-bfaf-deb7169fcab3:192.168.34.43:43692, b8f86d4f-ce81-4c2a-b333-645152dec0b7:192.168.34.43:42179], old=null, confs=<EMPTY_MAP>
2019-10-16 08:35:51,056 [pool-237-thread-1] INFO  impl.RaftServerImpl (RaftServerImpl.java:<init>(104)) - 4f4a8cb7-afd3-4b40-bfaf-deb7169fcab3: new RaftServerImpl for group-AEFBE84D5B7C:[c7711d2d-f5e1-49d5-80ef-e12254347f85:192.168.34.43:41461, 4f4a8cb7-afd3-4b40-bfaf-deb7169fcab3:192.168.34.43:43692, b8f86d4f-ce81-4c2a-b333-645152dec0b7:192.168.34.43:42179] with ContainerStateMachine:uninitialized
2019-10-16 08:35:51,056 [pool-247-thread-1] INFO  server.RaftServerConfigKeys (ConfUtils.java:logGet(43)) - raft.server.storage.dir = [/workdir/hadoop-ozone/ozonefs/target/test-dir/MiniOzoneClusterImpl-706c1c6e-22ff-4e96-be26-7b4a759bc895/datanode-2/data/ratis] (custom)
2019-10-16 08:35:51,057 [pool-237-thread-1] INFO  server.RaftServerConfigKeys (ConfUtils.java:logGet(43)) - raft.server.rpc.timeout.min = 5s (custom)
2019-10-16 08:35:51,057 [pool-237-thread-1] INFO  server.RaftServerConfigKeys (ConfUtils.java:logGet(43)) - raft.server.rpc.timeout.max = 5200ms (custom)
2019-10-16 08:35:51,057 [pool-247-thread-1] INFO  server.RaftServerConfigKeys (ConfUtils.java:logGet(43)) - raft.server.log.corruption.policy = EXCEPTION (default)
2019-10-16 08:35:51,057 [pool-237-thread-1] INFO  server.RaftServerConfigKeys (ConfUtils.java:logGet(43)) - raft.server.rpcslowness.timeout = 120s (custom)
2019-10-16 08:35:51,057 [pool-247-thread-1] INFO  storage.RaftStorageDirectory (RaftStorageDirectory.java:analyzeStorage(246)) - The storage directory /workdir/hadoop-ozone/ozonefs/target/test-dir/MiniOzoneClusterImpl-706c1c6e-22ff-4e96-be26-7b4a759bc895/datanode-2/data/ratis/2041ab4b-74fe-46c2-bcc9-aefbe84d5b7c does not exist. Creating ...
2019-10-16 08:35:51,057 [pool-237-thread-1] INFO  server.RaftServerConfigKeys (ConfUtils.java:logGet(43)) - raft.server.sleep.deviation.threshold = 300 (default)
2019-10-16 08:35:51,058 [pool-227-thread-1] INFO  impl.RaftServerImpl (RaftServerImpl.java:<init>(104)) - c7711d2d-f5e1-49d5-80ef-e12254347f85: new RaftServerImpl for group-AEFBE84D5B7C:[c7711d2d-f5e1-49d5-80ef-e12254347f85:192.168.34.43:41461, 4f4a8cb7-afd3-4b40-bfaf-deb7169fcab3:192.168.34.43:43692, b8f86d4f-ce81-4c2a-b333-645152dec0b7:192.168.34.43:42179] with ContainerStateMachine:uninitialized
2019-10-16 08:35:51,058 [pool-237-thread-1] INFO  server.RaftServerConfigKeys (ConfUtils.java:logGet(43)) - raft.server.log.appender.install.snapshot.enabled = false (custom)
2019-10-16 08:35:51,058 [pool-227-thread-1] INFO  server.RaftServerConfigKeys (ConfUtils.java:logGet(43)) - raft.server.rpc.timeout.min = 5s (custom)
2019-10-16 08:35:51,058 [pool-237-thread-1] INFO  impl.RaftServerImpl (ServerState.java:<init>(103)) - 4f4a8cb7-afd3-4b40-bfaf-deb7169fcab3@group-AEFBE84D5B7C: ConfigurationManager, init=-1: [c7711d2d-f5e1-49d5-80ef-e12254347f85:192.168.34.43:41461, 4f4a8cb7-afd3-4b40-bfaf-deb7169fcab3:192.168.34.43:43692, b8f86d4f-ce81-4c2a-b333-645152dec0b7:192.168.34.43:42179], old=null, confs=<EMPTY_MAP>
2019-10-16 08:35:51,058 [pool-227-thread-1] INFO  server.RaftServerConfigKeys (ConfUtils.java:logGet(43)) - raft.server.rpc.timeout.max = 5200ms (custom)
2019-10-16 08:35:51,058 [pool-237-thread-1] INFO  server.RaftServerConfigKeys (ConfUtils.java:logGet(43)) - raft.server.storage.dir = [/workdir/hadoop-ozone/ozonefs/target/test-dir/MiniOzoneClusterImpl-706c1c6e-22ff-4e96-be26-7b4a759bc895/datanode-1/data/ratis] (custom)
2019-10-16 08:35:51,058 [pool-227-thread-1] INFO  server.RaftServerConfigKeys (ConfUtils.java:logGet(43)) - raft.server.rpcslowness.timeout = 120s (custom)
2019-10-16 08:35:51,059 [pool-227-thread-1] INFO  server.RaftServerConfigKeys (ConfUtils.java:logGet(43)) - raft.server.sleep.deviation.threshold = 300 (default)
2019-10-16 08:35:51,059 [pool-237-thread-1] INFO  server.RaftServerConfigKeys (ConfUtils.java:logGet(43)) - raft.server.log.corruption.policy = EXCEPTION (default)
2019-10-16 08:35:51,059 [pool-227-thread-1] INFO  server.RaftServerConfigKeys (ConfUtils.java:logGet(43)) - raft.server.log.appender.install.snapshot.enabled = false (custom)
2019-10-16 08:35:51,059 [pool-237-thread-1] INFO  storage.RaftStorageDirectory (RaftStorageDirectory.java:analyzeStorage(246)) - The storage directory /workdir/hadoop-ozone/ozonefs/target/test-dir/MiniOzoneClusterImpl-706c1c6e-22ff-4e96-be26-7b4a759bc895/datanode-1/data/ratis/2041ab4b-74fe-46c2-bcc9-aefbe84d5b7c does not exist. Creating ...
2019-10-16 08:35:51,059 [pool-227-thread-1] INFO  impl.RaftServerImpl (ServerState.java:<init>(103)) - c7711d2d-f5e1-49d5-80ef-e12254347f85@group-AEFBE84D5B7C: ConfigurationManager, init=-1: [c7711d2d-f5e1-49d5-80ef-e12254347f85:192.168.34.43:41461, 4f4a8cb7-afd3-4b40-bfaf-deb7169fcab3:192.168.34.43:43692, b8f86d4f-ce81-4c2a-b333-645152dec0b7:192.168.34.43:42179], old=null, confs=<EMPTY_MAP>
2019-10-16 08:35:51,059 [pool-227-thread-1] INFO  server.RaftServerConfigKeys (ConfUtils.java:logGet(43)) - raft.server.storage.dir = [/workdir/hadoop-ozone/ozonefs/target/test-dir/MiniOzoneClusterImpl-706c1c6e-22ff-4e96-be26-7b4a759bc895/datanode-0/data/ratis] (custom)
2019-10-16 08:35:51,060 [pool-227-thread-1] INFO  server.RaftServerConfigKeys (ConfUtils.java:logGet(43)) - raft.server.log.corruption.policy = EXCEPTION (default)
2019-10-16 08:35:51,060 [pool-227-thread-1] INFO  storage.RaftStorageDirectory (RaftStorageDirectory.java:analyzeStorage(246)) - The storage directory /workdir/hadoop-ozone/ozonefs/target/test-dir/MiniOzoneClusterImpl-706c1c6e-22ff-4e96-be26-7b4a759bc895/datanode-0/data/ratis/2041ab4b-74fe-46c2-bcc9-aefbe84d5b7c does not exist. Creating ...
2019-10-16 08:35:51,072 [pool-227-thread-1] INFO  storage.RaftStorageDirectory (RaftStorageDirectory.java:tryLock(328)) - Lock on /workdir/hadoop-ozone/ozonefs/target/test-dir/MiniOzoneClusterImpl-706c1c6e-22ff-4e96-be26-7b4a759bc895/datanode-0/data/ratis/2041ab4b-74fe-46c2-bcc9-aefbe84d5b7c/in_use.lock acquired by nodename 18686@pr-hdds-1737-dstl4-2900247166
2019-10-16 08:35:51,072 [pool-247-thread-1] INFO  storage.RaftStorageDirectory (RaftStorageDirectory.java:tryLock(328)) - Lock on /workdir/hadoop-ozone/ozonefs/target/test-dir/MiniOzoneClusterImpl-706c1c6e-22ff-4e96-be26-7b4a759bc895/datanode-2/data/ratis/2041ab4b-74fe-46c2-bcc9-aefbe84d5b7c/in_use.lock acquired by nodename 18686@pr-hdds-1737-dstl4-2900247166
2019-10-16 08:35:51,072 [pool-237-thread-1] INFO  storage.RaftStorageDirectory (RaftStorageDirectory.java:tryLock(328)) - Lock on /workdir/hadoop-ozone/ozonefs/target/test-dir/MiniOzoneClusterImpl-706c1c6e-22ff-4e96-be26-7b4a759bc895/datanode-1/data/ratis/2041ab4b-74fe-46c2-bcc9-aefbe84d5b7c/in_use.lock acquired by nodename 18686@pr-hdds-1737-dstl4-2900247166
2019-10-16 08:35:51,084 [pool-227-thread-1] INFO  storage.RaftStorage (RaftStorage.java:format(84)) - Storage directory /workdir/hadoop-ozone/ozonefs/target/test-dir/MiniOzoneClusterImpl-706c1c6e-22ff-4e96-be26-7b4a759bc895/datanode-0/data/ratis/2041ab4b-74fe-46c2-bcc9-aefbe84d5b7c has been successfully formatted.
2019-10-16 08:35:51,084 [pool-237-thread-1] INFO  storage.RaftStorage (RaftStorage.java:format(84)) - Storage directory /workdir/hadoop-ozone/ozonefs/target/test-dir/MiniOzoneClusterImpl-706c1c6e-22ff-4e96-be26-7b4a759bc895/datanode-1/data/ratis/2041ab4b-74fe-46c2-bcc9-aefbe84d5b7c has been successfully formatted.
2019-10-16 08:35:51,084 [pool-227-thread-1] INFO  ratis.ContainerStateMachine (ContainerStateMachine.java:loadSnapshot(231)) - group-AEFBE84D5B7C: The snapshot info is null. Setting the last applied indexto:(t:0, i:~)
2019-10-16 08:35:51,084 [pool-247-thread-1] INFO  storage.RaftStorage (RaftStorage.java:format(84)) - Storage directory /workdir/hadoop-ozone/ozonefs/target/test-dir/MiniOzoneClusterImpl-706c1c6e-22ff-4e96-be26-7b4a759bc895/datanode-2/data/ratis/2041ab4b-74fe-46c2-bcc9-aefbe84d5b7c has been successfully formatted.
2019-10-16 08:35:51,084 [pool-237-thread-1] INFO  ratis.ContainerStateMachine (ContainerStateMachine.java:loadSnapshot(231)) - group-AEFBE84D5B7C: The snapshot info is null. Setting the last applied indexto:(t:0, i:~)
2019-10-16 08:35:51,084 [pool-247-thread-1] INFO  ratis.ContainerStateMachine (ContainerStateMachine.java:loadSnapshot(231)) - group-AEFBE84D5B7C: The snapshot info is null. Setting the last applied indexto:(t:0, i:~)
2019-10-16 08:35:51,084 [pool-227-thread-1] INFO  server.RaftServerConfigKeys (ConfUtils.java:logGet(43)) - raft.server.notification.no-leader.timeout = 120s (custom)
2019-10-16 08:35:51,085 [pool-247-thread-1] INFO  server.RaftServerConfigKeys (ConfUtils.java:logGet(43)) - raft.server.notification.no-leader.timeout = 120s (custom)
2019-10-16 08:35:51,085 [pool-237-thread-1] INFO  server.RaftServerConfigKeys (ConfUtils.java:logGet(43)) - raft.server.notification.no-leader.timeout = 120s (custom)
2019-10-16 08:35:51,085 [pool-247-thread-1] INFO  server.RaftServerConfigKeys (ConfUtils.java:logGet(43)) - raft.server.log.use.memory = false (default)
2019-10-16 08:35:51,085 [pool-227-thread-1] INFO  server.RaftServerConfigKeys (ConfUtils.java:logGet(43)) - raft.server.log.use.memory = false (default)
2019-10-16 08:35:51,085 [pool-247-thread-1] INFO  server.RaftServerConfigKeys (ConfUtils.java:logGet(43)) - raft.server.log.purge.gap = 1000000 (custom)
2019-10-16 08:35:51,085 [pool-237-thread-1] INFO  server.RaftServerConfigKeys (ConfUtils.java:logGet(43)) - raft.server.log.use.memory = false (default)
2019-10-16 08:35:51,085 [pool-247-thread-1] INFO  server.RaftServerConfigKeys (ConfUtils.java:logGet(43)) - raft.server.log.appender.buffer.byte-limit = 33554432 (custom)
2019-10-16 08:35:51,085 [pool-227-thread-1] INFO  server.RaftServerConfigKeys (ConfUtils.java:logGet(43)) - raft.server.log.purge.gap = 1000000 (custom)
2019-10-16 08:35:51,086 [pool-247-thread-1] INFO  server.RaftServerConfigKeys (ConfUtils.java:logGet(43)) - raft.server.log.segment.size.max = 1048576 (custom)
2019-10-16 08:35:51,086 [pool-237-thread-1] INFO  server.RaftServerConfigKeys (ConfUtils.java:logGet(43)) - raft.server.log.purge.gap = 1000000 (custom)
2019-10-16 08:35:51,086 [pool-247-thread-1] INFO  server.RaftServerConfigKeys (ConfUtils.java:logGet(43)) - raft.server.log.segment.cache.num.max = 2 (custom)
2019-10-16 08:35:51,086 [pool-227-thread-1] INFO  server.RaftServerConfigKeys (ConfUtils.java:logGet(43)) - raft.server.log.appender.buffer.byte-limit = 33554432 (custom)
2019-10-16 08:35:51,086 [pool-247-thread-1] INFO  segmented.SegmentedRaftLogWorker (SegmentedRaftLogWorker.java:<init>(173)) - new b8f86d4f-ce81-4c2a-b333-645152dec0b7@group-AEFBE84D5B7C-SegmentedRaftLogWorker for RaftStorage:Storage Directory /workdir/hadoop-ozone/ozonefs/target/test-dir/MiniOzoneClusterImpl-706c1c6e-22ff-4e96-be26-7b4a759bc895/datanode-2/data/ratis/2041ab4b-74fe-46c2-bcc9-aefbe84d5b7c
2019-10-16 08:35:51,086 [pool-237-thread-1] INFO  server.RaftServerConfigKeys (ConfUtils.java:logGet(43)) - raft.server.log.appender.buffer.byte-limit = 33554432 (custom)
2019-10-16 08:35:51,087 [pool-247-thread-1] INFO  server.RaftServerConfigKeys (ConfUtils.java:logGet(43)) - raft.server.log.queue.byte-limit = 2147483647 (custom)
2019-10-16 08:35:51,087 [pool-227-thread-1] INFO  server.RaftServerConfigKeys (ConfUtils.java:logGet(43)) - raft.server.log.segment.size.max = 1048576 (custom)
2019-10-16 08:35:51,087 [pool-247-thread-1] INFO  server.RaftServerConfigKeys (ConfUtils.java:logGet(43)) - raft.server.log.queue.element-limit = 1024 (custom)
2019-10-16 08:35:51,087 [pool-237-thread-1] INFO  server.RaftServerConfigKeys (ConfUtils.java:logGet(43)) - raft.server.log.segment.size.max = 1048576 (custom)
2019-10-16 08:35:51,087 [pool-247-thread-1] INFO  server.RaftServerConfigKeys (ConfUtils.java:logGet(43)) - raft.server.log.segment.size.max = 1048576 (custom)
2019-10-16 08:35:51,087 [pool-227-thread-1] INFO  server.RaftServerConfigKeys (ConfUtils.java:logGet(43)) - raft.server.log.segment.cache.num.max = 2 (custom)
2019-10-16 08:35:51,088 [pool-247-thread-1] INFO  server.RaftServerConfigKeys (ConfUtils.java:logGet(43)) - raft.server.log.preallocated.size = 16384 (custom)
2019-10-16 08:35:51,087 [pool-237-thread-1] INFO  server.RaftServerConfigKeys (ConfUtils.java:logGet(43)) - raft.server.log.segment.cache.num.max = 2 (custom)
2019-10-16 08:35:51,088 [pool-247-thread-1] INFO  server.RaftServerConfigKeys (ConfUtils.java:logGet(43)) - raft.server.log.write.buffer.size = 33554432 (custom)
2019-10-16 08:35:51,088 [pool-227-thread-1] INFO  segmented.SegmentedRaftLogWorker (SegmentedRaftLogWorker.java:<init>(173)) - new c7711d2d-f5e1-49d5-80ef-e12254347f85@group-AEFBE84D5B7C-SegmentedRaftLogWorker for RaftStorage:Storage Directory /workdir/hadoop-ozone/ozonefs/target/test-dir/MiniOzoneClusterImpl-706c1c6e-22ff-4e96-be26-7b4a759bc895/datanode-0/data/ratis/2041ab4b-74fe-46c2-bcc9-aefbe84d5b7c
2019-10-16 08:35:51,088 [pool-247-thread-1] INFO  server.RaftServerConfigKeys (ConfUtils.java:logGet(43)) - raft.server.log.force.sync.num = 128 (default)
2019-10-16 08:35:51,088 [pool-237-thread-1] INFO  segmented.SegmentedRaftLogWorker (SegmentedRaftLogWorker.java:<init>(173)) - new 4f4a8cb7-afd3-4b40-bfaf-deb7169fcab3@group-AEFBE84D5B7C-SegmentedRaftLogWorker for RaftStorage:Storage Directory /workdir/hadoop-ozone/ozonefs/target/test-dir/MiniOzoneClusterImpl-706c1c6e-22ff-4e96-be26-7b4a759bc895/datanode-1/data/ratis/2041ab4b-74fe-46c2-bcc9-aefbe84d5b7c
2019-10-16 08:35:51,088 [pool-247-thread-1] INFO  server.RaftServerConfigKeys (ConfUtils.java:logGet(43)) - raft.server.log.statemachine.data.sync = true (default)
2019-10-16 08:35:51,088 [pool-227-thread-1] INFO  server.RaftServerConfigKeys (ConfUtils.java:logGet(43)) - raft.server.log.queue.byte-limit = 2147483647 (custom)
2019-10-16 08:35:51,089 [pool-247-thread-1] INFO  server.RaftServerConfigKeys (ConfUtils.java:logGet(43)) - raft.server.log.statemachine.data.sync.timeout = 10s (default)
2019-10-16 08:35:51,089 [pool-237-thread-1] INFO  server.RaftServerConfigKeys (ConfUtils.java:logGet(43)) - raft.server.log.queue.byte-limit = 2147483647 (custom)
2019-10-16 08:35:51,089 [pool-247-thread-1] INFO  server.RaftServerConfigKeys (ConfUtils.java:logGet(43)) - raft.server.log.statemachine.data.sync.timeout.retry = -1 (default)
2019-10-16 08:35:51,089 [pool-227-thread-1] INFO  server.RaftServerConfigKeys (ConfUtils.java:logGet(43)) - raft.server.log.queue.element-limit = 1024 (custom)
2019-10-16 08:35:51,089 [pool-237-thread-1] INFO  server.RaftServerConfigKeys (ConfUtils.java:logGet(43)) - raft.server.log.queue.element-limit = 1024 (custom)
2019-10-16 08:35:51,090 [pool-227-thread-1] INFO  server.RaftServerConfigKeys (ConfUtils.java:logGet(43)) - raft.server.log.segment.size.max = 1048576 (custom)
2019-10-16 08:35:51,089 [pool-247-thread-1] INFO  server.RaftServerConfigKeys (ConfUtils.java:logGet(43)) - raft.server.log.statemachine.data.caching.enabled = true (custom)
2019-10-16 08:35:51,090 [pool-227-thread-1] INFO  server.RaftServerConfigKeys (ConfUtils.java:logGet(43)) - raft.server.log.preallocated.size = 16384 (custom)
2019-10-16 08:35:51,090 [pool-237-thread-1] INFO  server.RaftServerConfigKeys (ConfUtils.java:logGet(43)) - raft.server.log.segment.size.max = 1048576 (custom)
2019-10-16 08:35:51,090 [pool-247-thread-1] INFO  segmented.SegmentedRaftLogWorker (SegmentedRaftLogWorker.java:lambda$new$0(128)) - b8f86d4f-ce81-4c2a-b333-645152dec0b7@group-AEFBE84D5B7C-SegmentedRaftLogWorker: flushIndex: setUnconditionally 0 -> -1
2019-10-16 08:35:51,090 [pool-227-thread-1] INFO  server.RaftServerConfigKeys (ConfUtils.java:logGet(43)) - raft.server.log.write.buffer.size = 33554432 (custom)
2019-10-16 08:35:51,090 [pool-237-thread-1] INFO  server.RaftServerConfigKeys (ConfUtils.java:logGet(43)) - raft.server.log.preallocated.size = 16384 (custom)
2019-10-16 08:35:51,091 [pool-247-thread-1] INFO  server.RaftServerConfigKeys (ConfUtils.java:logGet(43)) - raft.server.snapshot.auto.trigger.enabled = true (custom)
2019-10-16 08:35:51,091 [pool-227-thread-1] INFO  server.RaftServerConfigKeys (ConfUtils.java:logGet(43)) - raft.server.log.force.sync.num = 128 (default)
2019-10-16 08:35:51,091 [pool-247-thread-1] INFO  server.RaftServerConfigKeys (ConfUtils.java:logGet(43)) - raft.server.snapshot.auto.trigger.threshold = 10000 (custom)
2019-10-16 08:35:51,091 [pool-237-thread-1] INFO  server.RaftServerConfigKeys (ConfUtils.java:logGet(43)) - raft.server.log.write.buffer.size = 33554432 (custom)
2019-10-16 08:35:51,091 [pool-247-thread-1] INFO  server.RaftServerConfigKeys (ConfUtils.java:logGet(43)) - raft.server.snapshot.retention.file.num = 5 (custom)
2019-10-16 08:35:51,091 [pool-227-thread-1] INFO  server.RaftServerConfigKeys (ConfUtils.java:logGet(43)) - raft.server.log.statemachine.data.sync = true (default)
2019-10-16 08:35:51,091 [pool-247-thread-1] INFO  server.RaftServerConfigKeys (ConfUtils.java:logGet(43)) - raft.server.retrycache.expirytime = 600000ms (custom)
2019-10-16 08:35:51,091 [pool-237-thread-1] INFO  server.RaftServerConfigKeys (ConfUtils.java:logGet(43)) - raft.server.log.force.sync.num = 128 (default)
2019-10-16 08:35:51,092 [pool-227-thread-1] INFO  server.RaftServerConfigKeys (ConfUtils.java:logGet(43)) - raft.server.log.statemachine.data.sync.timeout = 10s (default)
2019-10-16 08:35:51,092 [pool-237-thread-1] INFO  server.RaftServerConfigKeys (ConfUtils.java:logGet(43)) - raft.server.log.statemachine.data.sync = true (default)
2019-10-16 08:35:51,092 [pool-227-thread-1] INFO  server.RaftServerConfigKeys (ConfUtils.java:logGet(43)) - raft.server.log.statemachine.data.sync.timeout.retry = -1 (default)
2019-10-16 08:35:51,092 [pool-237-thread-1] INFO  server.RaftServerConfigKeys (ConfUtils.java:logGet(43)) - raft.server.log.statemachine.data.sync.timeout = 10s (default)
2019-10-16 08:35:51,093 [pool-237-thread-1] INFO  server.RaftServerConfigKeys (ConfUtils.java:logGet(43)) - raft.server.log.statemachine.data.sync.timeout.retry = -1 (default)
2019-10-16 08:35:51,093 [pool-227-thread-1] INFO  server.RaftServerConfigKeys (ConfUtils.java:logGet(43)) - raft.server.log.statemachine.data.caching.enabled = true (custom)
2019-10-16 08:35:51,093 [pool-237-thread-1] INFO  server.RaftServerConfigKeys (ConfUtils.java:logGet(43)) - raft.server.log.statemachine.data.caching.enabled = true (custom)
2019-10-16 08:35:51,093 [pool-227-thread-1] INFO  segmented.SegmentedRaftLogWorker (SegmentedRaftLogWorker.java:lambda$new$0(128)) - c7711d2d-f5e1-49d5-80ef-e12254347f85@group-AEFBE84D5B7C-SegmentedRaftLogWorker: flushIndex: setUnconditionally 0 -> -1
2019-10-16 08:35:51,093 [pool-237-thread-1] INFO  segmented.SegmentedRaftLogWorker (SegmentedRaftLogWorker.java:lambda$new$0(128)) - 4f4a8cb7-afd3-4b40-bfaf-deb7169fcab3@group-AEFBE84D5B7C-SegmentedRaftLogWorker: flushIndex: setUnconditionally 0 -> -1
2019-10-16 08:35:51,093 [pool-227-thread-1] INFO  server.RaftServerConfigKeys (ConfUtils.java:logGet(43)) - raft.server.snapshot.auto.trigger.enabled = true (custom)
2019-10-16 08:35:51,094 [pool-227-thread-1] INFO  server.RaftServerConfigKeys (ConfUtils.java:logGet(43)) - raft.server.snapshot.auto.trigger.threshold = 10000 (custom)
2019-10-16 08:35:51,094 [pool-237-thread-1] INFO  server.RaftServerConfigKeys (ConfUtils.java:logGet(43)) - raft.server.snapshot.auto.trigger.enabled = true (custom)
2019-10-16 08:35:51,094 [pool-227-thread-1] INFO  server.RaftServerConfigKeys (ConfUtils.java:logGet(43)) - raft.server.snapshot.retention.file.num = 5 (custom)
2019-10-16 08:35:51,094 [pool-237-thread-1] INFO  server.RaftServerConfigKeys (ConfUtils.java:logGet(43)) - raft.server.snapshot.auto.trigger.threshold = 10000 (custom)
2019-10-16 08:35:51,094 [pool-227-thread-1] INFO  server.RaftServerConfigKeys (ConfUtils.java:logGet(43)) - raft.server.retrycache.expirytime = 600000ms (custom)
2019-10-16 08:35:51,094 [pool-237-thread-1] INFO  server.RaftServerConfigKeys (ConfUtils.java:logGet(43)) - raft.server.snapshot.retention.file.num = 5 (custom)
2019-10-16 08:35:51,095 [pool-237-thread-1] INFO  server.RaftServerConfigKeys (ConfUtils.java:logGet(43)) - raft.server.retrycache.expirytime = 600000ms (custom)
2019-10-16 08:35:51,095 [pool-247-thread-1] INFO  impl.RaftServerImpl (RaftServerImpl.java:start(195)) - b8f86d4f-ce81-4c2a-b333-645152dec0b7@group-AEFBE84D5B7C: start as a follower, conf=-1: [c7711d2d-f5e1-49d5-80ef-e12254347f85:192.168.34.43:41461, 4f4a8cb7-afd3-4b40-bfaf-deb7169fcab3:192.168.34.43:43692, b8f86d4f-ce81-4c2a-b333-645152dec0b7:192.168.34.43:42179], old=null
2019-10-16 08:35:51,095 [pool-247-thread-1] INFO  impl.RaftServerImpl (RaftServerImpl.java:setRole(184)) - b8f86d4f-ce81-4c2a-b333-645152dec0b7@group-AEFBE84D5B7C: changes role from      null to FOLLOWER at term 0 for startAsFollower
2019-10-16 08:35:51,095 [pool-247-thread-1] INFO  impl.RoleInfo (RoleInfo.java:updateAndGet(143)) - b8f86d4f-ce81-4c2a-b333-645152dec0b7: start FollowerState
2019-10-16 08:35:51,096 [pool-247-thread-1] INFO  util.JmxRegister (JmxRegister.java:tryRegister(44)) - Successfully registered JMX Bean with object name Ratis:service=RaftServer,group=group-AEFBE84D5B7C,id=b8f86d4f-ce81-4c2a-b333-645152dec0b7
2019-10-16 08:35:51,099 [pool-227-thread-1] INFO  impl.RaftServerImpl (RaftServerImpl.java:start(195)) - c7711d2d-f5e1-49d5-80ef-e12254347f85@group-AEFBE84D5B7C: start as a follower, conf=-1: [c7711d2d-f5e1-49d5-80ef-e12254347f85:192.168.34.43:41461, 4f4a8cb7-afd3-4b40-bfaf-deb7169fcab3:192.168.34.43:43692, b8f86d4f-ce81-4c2a-b333-645152dec0b7:192.168.34.43:42179], old=null
2019-10-16 08:35:51,099 [pool-227-thread-1] INFO  impl.RaftServerImpl (RaftServerImpl.java:setRole(184)) - c7711d2d-f5e1-49d5-80ef-e12254347f85@group-AEFBE84D5B7C: changes role from      null to FOLLOWER at term 0 for startAsFollower
2019-10-16 08:35:51,099 [pool-227-thread-1] INFO  impl.RoleInfo (RoleInfo.java:updateAndGet(143)) - c7711d2d-f5e1-49d5-80ef-e12254347f85: start FollowerState
2019-10-16 08:35:51,100 [pool-227-thread-1] INFO  util.JmxRegister (JmxRegister.java:tryRegister(44)) - Successfully registered JMX Bean with object name Ratis:service=RaftServer,group=group-AEFBE84D5B7C,id=c7711d2d-f5e1-49d5-80ef-e12254347f85
2019-10-16 08:35:51,100 [pool-237-thread-1] INFO  impl.RaftServerImpl (RaftServerImpl.java:start(195)) - 4f4a8cb7-afd3-4b40-bfaf-deb7169fcab3@group-AEFBE84D5B7C: start as a follower, conf=-1: [c7711d2d-f5e1-49d5-80ef-e12254347f85:192.168.34.43:41461, 4f4a8cb7-afd3-4b40-bfaf-deb7169fcab3:192.168.34.43:43692, b8f86d4f-ce81-4c2a-b333-645152dec0b7:192.168.34.43:42179], old=null
2019-10-16 08:35:51,100 [pool-237-thread-1] INFO  impl.RaftServerImpl (RaftServerImpl.java:setRole(184)) - 4f4a8cb7-afd3-4b40-bfaf-deb7169fcab3@group-AEFBE84D5B7C: changes role from      null to FOLLOWER at term 0 for startAsFollower
2019-10-16 08:35:51,101 [pool-237-thread-1] INFO  impl.RoleInfo (RoleInfo.java:updateAndGet(143)) - 4f4a8cb7-afd3-4b40-bfaf-deb7169fcab3: start FollowerState
2019-10-16 08:35:51,101 [pool-237-thread-1] INFO  util.JmxRegister (JmxRegister.java:tryRegister(44)) - Successfully registered JMX Bean with object name Ratis:service=RaftServer,group=group-AEFBE84D5B7C,id=4f4a8cb7-afd3-4b40-bfaf-deb7169fcab3
2019-10-16 08:35:51,108 [Thread-1366] INFO  impl.FollowerState (FollowerState.java:run(108)) - b8f86d4f-ce81-4c2a-b333-645152dec0b7@group-AEFBE84D5B7C-FollowerState: change to CANDIDATE, lastRpcTime:12ms, electionTimeout:12ms
2019-10-16 08:35:51,108 [Thread-1366] INFO  impl.RoleInfo (RoleInfo.java:shutdownFollowerState(121)) - b8f86d4f-ce81-4c2a-b333-645152dec0b7: shutdown FollowerState
2019-10-16 08:35:51,108 [Thread-1366] INFO  impl.RaftServerImpl (RaftServerImpl.java:setRole(184)) - b8f86d4f-ce81-4c2a-b333-645152dec0b7@group-AEFBE84D5B7C: changes role from  FOLLOWER to CANDIDATE at term 0 for changeToCandidate
2019-10-16 08:35:51,108 [Thread-1366] INFO  impl.RoleInfo (RoleInfo.java:updateAndGet(143)) - b8f86d4f-ce81-4c2a-b333-645152dec0b7: start LeaderElection
2019-10-16 08:35:51,115 [RatisPipelineUtilsThread] INFO  pipeline.PipelineStateManager (PipelineStateManager.java:addPipeline(56)) - Created pipeline Pipeline[ Id: 2041ab4b-74fe-46c2-bcc9-aefbe84d5b7c, Nodes: c7711d2d-f5e1-49d5-80ef-e12254347f85{ip: 192.168.34.43, host: pr-hdds-1737-dstl4-2900247166, networkLocation: /default-rack, certSerialId: null}b8f86d4f-ce81-4c2a-b333-645152dec0b7{ip: 192.168.34.43, host: pr-hdds-1737-dstl4-2900247166, networkLocation: /default-rack, certSerialId: null}4f4a8cb7-afd3-4b40-bfaf-deb7169fcab3{ip: 192.168.34.43, host: pr-hdds-1737-dstl4-2900247166, networkLocation: /default-rack, certSerialId: null}, Type:RATIS, Factor:THREE, State:OPEN]
2019-10-16 08:35:51,130 [Thread-1361] INFO  impl.FollowerState (FollowerState.java:run(108)) - b8f86d4f-ce81-4c2a-b333-645152dec0b7@group-62305DF272D1-FollowerState: change to CANDIDATE, lastRpcTime:112ms, electionTimeout:112ms
2019-10-16 08:35:51,130 [Thread-1361] INFO  impl.RoleInfo (RoleInfo.java:shutdownFollowerState(121)) - b8f86d4f-ce81-4c2a-b333-645152dec0b7: shutdown FollowerState
2019-10-16 08:35:51,130 [Thread-1361] INFO  impl.RaftServerImpl (RaftServerImpl.java:setRole(184)) - b8f86d4f-ce81-4c2a-b333-645152dec0b7@group-62305DF272D1: changes role from  FOLLOWER to CANDIDATE at term 0 for changeToCandidate
2019-10-16 08:35:51,130 [Thread-1361] INFO  impl.RoleInfo (RoleInfo.java:updateAndGet(143)) - b8f86d4f-ce81-4c2a-b333-645152dec0b7: start LeaderElection
2019-10-16 08:35:51,134 [b8f86d4f-ce81-4c2a-b333-645152dec0b7@group-AEFBE84D5B7C-LeaderElection68] INFO  impl.LeaderElection (LeaderElection.java:askForVotes(178)) - b8f86d4f-ce81-4c2a-b333-645152dec0b7@group-AEFBE84D5B7C-LeaderElection68: begin an election at term 1 for -1: [c7711d2d-f5e1-49d5-80ef-e12254347f85:192.168.34.43:41461, 4f4a8cb7-afd3-4b40-bfaf-deb7169fcab3:192.168.34.43:43692, b8f86d4f-ce81-4c2a-b333-645152dec0b7:192.168.34.43:42179], old=null
2019-10-16 08:35:51,139 [Thread-1367] INFO  impl.FollowerState (FollowerState.java:run(108)) - c7711d2d-f5e1-49d5-80ef-e12254347f85@group-AEFBE84D5B7C-FollowerState: change to CANDIDATE, lastRpcTime:39ms, electionTimeout:39ms
2019-10-16 08:35:51,139 [Thread-1367] INFO  impl.RoleInfo (RoleInfo.java:shutdownFollowerState(121)) - c7711d2d-f5e1-49d5-80ef-e12254347f85: shutdown FollowerState
2019-10-16 08:35:51,139 [Thread-1367] INFO  impl.RaftServerImpl (RaftServerImpl.java:setRole(184)) - c7711d2d-f5e1-49d5-80ef-e12254347f85@group-AEFBE84D5B7C: changes role from  FOLLOWER to CANDIDATE at term 0 for changeToCandidate
2019-10-16 08:35:51,139 [Thread-1367] INFO  impl.RoleInfo (RoleInfo.java:updateAndGet(143)) - c7711d2d-f5e1-49d5-80ef-e12254347f85: start LeaderElection
2019-10-16 08:35:51,145 [grpc-default-executor-2] INFO  impl.RaftServerImpl (RaftServerImpl.java:setRole(184)) - 4f4a8cb7-afd3-4b40-bfaf-deb7169fcab3@group-AEFBE84D5B7C: changes role from  FOLLOWER to FOLLOWER at term 1 for recognizeCandidate:b8f86d4f-ce81-4c2a-b333-645152dec0b7
2019-10-16 08:35:51,145 [grpc-default-executor-2] INFO  impl.RoleInfo (RoleInfo.java:shutdownFollowerState(121)) - 4f4a8cb7-afd3-4b40-bfaf-deb7169fcab3: shutdown FollowerState
2019-10-16 08:35:51,146 [grpc-default-executor-2] INFO  impl.RoleInfo (RoleInfo.java:updateAndGet(143)) - 4f4a8cb7-afd3-4b40-bfaf-deb7169fcab3: start FollowerState
2019-10-16 08:35:51,146 [Thread-1368] INFO  impl.FollowerState (FollowerState.java:run(117)) - 4f4a8cb7-afd3-4b40-bfaf-deb7169fcab3@group-AEFBE84D5B7C-FollowerState was interrupted: java.lang.InterruptedException: sleep interrupted
2019-10-16 08:35:51,148 [b8f86d4f-ce81-4c2a-b333-645152dec0b7@group-62305DF272D1-LeaderElection69] INFO  impl.LeaderElection (LeaderElection.java:askForVotes(178)) - b8f86d4f-ce81-4c2a-b333-645152dec0b7@group-62305DF272D1-LeaderElection69: begin an election at term 1 for -1: [b8f86d4f-ce81-4c2a-b333-645152dec0b7:192.168.34.43:42179], old=null
2019-10-16 08:35:51,148 [b8f86d4f-ce81-4c2a-b333-645152dec0b7@group-62305DF272D1-LeaderElection69] INFO  impl.RoleInfo (RoleInfo.java:shutdownLeaderElection(134)) - b8f86d4f-ce81-4c2a-b333-645152dec0b7: shutdown LeaderElection
2019-10-16 08:35:51,149 [b8f86d4f-ce81-4c2a-b333-645152dec0b7@group-62305DF272D1-LeaderElection69] INFO  impl.RaftServerImpl (RaftServerImpl.java:setRole(184)) - b8f86d4f-ce81-4c2a-b333-645152dec0b7@group-62305DF272D1: changes role from CANDIDATE to LEADER at term 1 for changeToLeader
2019-10-16 08:35:51,149 [b8f86d4f-ce81-4c2a-b333-645152dec0b7@group-62305DF272D1-LeaderElection69] INFO  impl.RaftServerImpl (ServerState.java:setLeader(256)) - b8f86d4f-ce81-4c2a-b333-645152dec0b7@group-62305DF272D1: change Leader from null to b8f86d4f-ce81-4c2a-b333-645152dec0b7 at term 1 for becomeLeader, leader elected after 139ms
2019-10-16 08:35:51,149 [b8f86d4f-ce81-4c2a-b333-645152dec0b7@group-62305DF272D1-LeaderElection69] INFO  server.RaftServerConfigKeys (ConfUtils.java:logGet(43)) - raft.server.staging.catchup.gap = 1000 (default)
2019-10-16 08:35:51,149 [b8f86d4f-ce81-4c2a-b333-645152dec0b7@group-62305DF272D1-LeaderElection69] INFO  server.RaftServerConfigKeys (ConfUtils.java:logGet(43)) - raft.server.rpc.sleep.time = 25ms (default)
2019-10-16 08:35:51,149 [b8f86d4f-ce81-4c2a-b333-645152dec0b7@group-62305DF272D1-LeaderElection69] INFO  server.RaftServerConfigKeys (ConfUtils.java:logGet(43)) - raft.server.write.element-limit = 4096 (default)
2019-10-16 08:35:51,149 [b8f86d4f-ce81-4c2a-b333-645152dec0b7@group-62305DF272D1-LeaderElection69] INFO  server.RaftServerConfigKeys (ConfUtils.java:logGet(43)) - raft.server.watch.timeout = 10s (default)
2019-10-16 08:35:51,149 [b8f86d4f-ce81-4c2a-b333-645152dec0b7@group-62305DF272D1-LeaderElection69] INFO  server.RaftServerConfigKeys (ConfUtils.java:logGet(43)) - raft.server.watch.timeout.denomination = 1s (default)
2019-10-16 08:35:51,149 [b8f86d4f-ce81-4c2a-b333-645152dec0b7@group-62305DF272D1-LeaderElection69] INFO  server.RaftServerConfigKeys (ConfUtils.java:logGet(43)) - raft.server.watch.element-limit = 65536 (default)
2019-10-16 08:35:51,151 [b8f86d4f-ce81-4c2a-b333-645152dec0b7@group-62305DF272D1-LeaderElection69] INFO  impl.RoleInfo (RoleInfo.java:updateAndGet(143)) - b8f86d4f-ce81-4c2a-b333-645152dec0b7: start LeaderState
2019-10-16 08:35:51,151 [b8f86d4f-ce81-4c2a-b333-645152dec0b7@group-62305DF272D1-LeaderElection69] INFO  segmented.SegmentedRaftLogWorker (SegmentedRaftLogWorker.java:startLogSegment(385)) - b8f86d4f-ce81-4c2a-b333-645152dec0b7@group-62305DF272D1-SegmentedRaftLogWorker: Starting segment from index:0
2019-10-16 08:35:51,152 [b8f86d4f-ce81-4c2a-b333-645152dec0b7@group-62305DF272D1-LeaderElection69] INFO  impl.RaftServerImpl (ServerState.java:setRaftConf(357)) - b8f86d4f-ce81-4c2a-b333-645152dec0b7@group-62305DF272D1: set configuration 0: [b8f86d4f-ce81-4c2a-b333-645152dec0b7:192.168.34.43:42179], old=null at 0
2019-10-16 08:35:51,159 [c7711d2d-f5e1-49d5-80ef-e12254347f85@group-AEFBE84D5B7C-LeaderElection70] INFO  impl.LeaderElection (LeaderElection.java:askForVotes(178)) - c7711d2d-f5e1-49d5-80ef-e12254347f85@group-AEFBE84D5B7C-LeaderElection70: begin an election at term 1 for -1: [c7711d2d-f5e1-49d5-80ef-e12254347f85:192.168.34.43:41461, 4f4a8cb7-afd3-4b40-bfaf-deb7169fcab3:192.168.34.43:43692, b8f86d4f-ce81-4c2a-b333-645152dec0b7:192.168.34.43:42179], old=null
2019-10-16 08:35:51,189 [b8f86d4f-ce81-4c2a-b333-645152dec0b7@group-AEFBE84D5B7C-LeaderElection68] INFO  impl.LeaderElection (LeaderElection.java:logAndReturn(56)) - b8f86d4f-ce81-4c2a-b333-645152dec0b7@group-AEFBE84D5B7C-LeaderElection68: Election PASSED; received 1 response(s) [b8f86d4f-ce81-4c2a-b333-645152dec0b7<-4f4a8cb7-afd3-4b40-bfaf-deb7169fcab3#0:OK-t1] and 0 exception(s); b8f86d4f-ce81-4c2a-b333-645152dec0b7@group-AEFBE84D5B7C:t1, leader=null, voted=b8f86d4f-ce81-4c2a-b333-645152dec0b7, raftlog=b8f86d4f-ce81-4c2a-b333-645152dec0b7@group-AEFBE84D5B7C-SegmentedRaftLog:OPENED:c-1,f-1,i0, conf=-1: [c7711d2d-f5e1-49d5-80ef-e12254347f85:192.168.34.43:41461, 4f4a8cb7-afd3-4b40-bfaf-deb7169fcab3:192.168.34.43:43692, b8f86d4f-ce81-4c2a-b333-645152dec0b7:192.168.34.43:42179], old=null
2019-10-16 08:35:51,189 [b8f86d4f-ce81-4c2a-b333-645152dec0b7@group-AEFBE84D5B7C-LeaderElection68] INFO  impl.RoleInfo (RoleInfo.java:shutdownLeaderElection(134)) - b8f86d4f-ce81-4c2a-b333-645152dec0b7: shutdown LeaderElection
2019-10-16 08:35:51,189 [b8f86d4f-ce81-4c2a-b333-645152dec0b7@group-AEFBE84D5B7C-LeaderElection68] INFO  impl.RaftServerImpl (RaftServerImpl.java:setRole(184)) - b8f86d4f-ce81-4c2a-b333-645152dec0b7@group-AEFBE84D5B7C: changes role from CANDIDATE to LEADER at term 1 for changeToLeader
2019-10-16 08:35:51,189 [b8f86d4f-ce81-4c2a-b333-645152dec0b7@group-AEFBE84D5B7C-LeaderElection68] INFO  impl.RaftServerImpl (ServerState.java:setLeader(256)) - b8f86d4f-ce81-4c2a-b333-645152dec0b7@group-AEFBE84D5B7C: change Leader from null to b8f86d4f-ce81-4c2a-b333-645152dec0b7 at term 1 for becomeLeader, leader elected after 104ms
2019-10-16 08:35:51,189 [b8f86d4f-ce81-4c2a-b333-645152dec0b7@group-AEFBE84D5B7C-LeaderElection68] INFO  server.RaftServerConfigKeys (ConfUtils.java:logGet(43)) - raft.server.staging.catchup.gap = 1000 (default)
2019-10-16 08:35:51,189 [b8f86d4f-ce81-4c2a-b333-645152dec0b7@group-AEFBE84D5B7C-LeaderElection68] INFO  server.RaftServerConfigKeys (ConfUtils.java:logGet(43)) - raft.server.rpc.sleep.time = 25ms (default)
2019-10-16 08:35:51,189 [b8f86d4f-ce81-4c2a-b333-645152dec0b7@group-AEFBE84D5B7C-LeaderElection68] INFO  server.RaftServerConfigKeys (ConfUtils.java:logGet(43)) - raft.server.write.element-limit = 4096 (default)
2019-10-16 08:35:51,190 [b8f86d4f-ce81-4c2a-b333-645152dec0b7@group-AEFBE84D5B7C-LeaderElection68] INFO  server.RaftServerConfigKeys (ConfUtils.java:logGet(43)) - raft.server.watch.timeout = 10s (default)
2019-10-16 08:35:51,190 [b8f86d4f-ce81-4c2a-b333-645152dec0b7@group-AEFBE84D5B7C-LeaderElection68] INFO  server.RaftServerConfigKeys (ConfUtils.java:logGet(43)) - raft.server.watch.timeout.denomination = 1s (default)
2019-10-16 08:35:51,190 [b8f86d4f-ce81-4c2a-b333-645152dec0b7@group-AEFBE84D5B7C-LeaderElection68] INFO  server.RaftServerConfigKeys (ConfUtils.java:logGet(43)) - raft.server.watch.element-limit = 65536 (default)
2019-10-16 08:35:51,194 [b8f86d4f-ce81-4c2a-b333-645152dec0b7@group-AEFBE84D5B7C-LeaderElection68] INFO  server.RaftServerConfigKeys (ConfUtils.java:logGet(43)) - raft.server.log.appender.snapshot.chunk.size.max = 16MB (=16777216) (default)
2019-10-16 08:35:51,195 [b8f86d4f-ce81-4c2a-b333-645152dec0b7@group-AEFBE84D5B7C-LeaderElection68] INFO  server.RaftServerConfigKeys (ConfUtils.java:logGet(43)) - raft.server.log.appender.buffer.byte-limit = 33554432 (custom)
2019-10-16 08:35:51,195 [b8f86d4f-ce81-4c2a-b333-645152dec0b7@group-AEFBE84D5B7C-LeaderElection68] INFO  server.RaftServerConfigKeys (ConfUtils.java:logGet(43)) - raft.server.log.appender.buffer.element-limit = 1 (custom)
2019-10-16 08:35:51,195 [b8f86d4f-ce81-4c2a-b333-645152dec0b7@group-AEFBE84D5B7C-LeaderElection68] INFO  grpc.GrpcConfigKeys$Server (ConfUtils.java:logGet(43)) - raft.grpc.server.leader.outstanding.appends.max = 128 (default)
2019-10-16 08:35:51,195 [b8f86d4f-ce81-4c2a-b333-645152dec0b7@group-AEFBE84D5B7C-LeaderElection68] INFO  server.RaftServerConfigKeys (ConfUtils.java:logGet(43)) - raft.server.rpc.request.timeout = 3000ms (default)
2019-10-16 08:35:51,195 [b8f86d4f-ce81-4c2a-b333-645152dec0b7@group-AEFBE84D5B7C-LeaderElection68] INFO  server.RaftServerConfigKeys (ConfUtils.java:logGet(43)) - raft.server.log.appender.install.snapshot.enabled = false (custom)
2019-10-16 08:35:51,197 [b8f86d4f-ce81-4c2a-b333-645152dec0b7@group-AEFBE84D5B7C-LeaderElection68] INFO  server.RaftServerConfigKeys (ConfUtils.java:logGet(43)) - raft.server.log.appender.snapshot.chunk.size.max = 16MB (=16777216) (default)
2019-10-16 08:35:51,197 [b8f86d4f-ce81-4c2a-b333-645152dec0b7@group-AEFBE84D5B7C-LeaderElection68] INFO  server.RaftServerConfigKeys (ConfUtils.java:logGet(43)) - raft.server.log.appender.buffer.byte-limit = 33554432 (custom)
2019-10-16 08:35:51,198 [b8f86d4f-ce81-4c2a-b333-645152dec0b7@group-AEFBE84D5B7C-LeaderElection68] INFO  server.RaftServerConfigKeys (ConfUtils.java:logGet(43)) - raft.server.log.appender.buffer.element-limit = 1 (custom)
2019-10-16 08:35:51,198 [b8f86d4f-ce81-4c2a-b333-645152dec0b7@group-AEFBE84D5B7C-LeaderElection68] INFO  grpc.GrpcConfigKeys$Server (ConfUtils.java:logGet(43)) - raft.grpc.server.leader.outstanding.appends.max = 128 (default)
2019-10-16 08:35:51,198 [b8f86d4f-ce81-4c2a-b333-645152dec0b7@group-AEFBE84D5B7C-LeaderElection68] INFO  server.RaftServerConfigKeys (ConfUtils.java:logGet(43)) - raft.server.rpc.request.timeout = 3000ms (default)
2019-10-16 08:35:51,198 [b8f86d4f-ce81-4c2a-b333-645152dec0b7@group-AEFBE84D5B7C-LeaderElection68] INFO  server.RaftServerConfigKeys (ConfUtils.java:logGet(43)) - raft.server.log.appender.install.snapshot.enabled = false (custom)
2019-10-16 08:35:51,200 [b8f86d4f-ce81-4c2a-b333-645152dec0b7@group-AEFBE84D5B7C-LeaderElection68] INFO  impl.RoleInfo (RoleInfo.java:updateAndGet(143)) - b8f86d4f-ce81-4c2a-b333-645152dec0b7: start LeaderState
2019-10-16 08:35:51,200 [b8f86d4f-ce81-4c2a-b333-645152dec0b7@group-AEFBE84D5B7C-LeaderElection68] INFO  segmented.SegmentedRaftLogWorker (SegmentedRaftLogWorker.java:startLogSegment(385)) - b8f86d4f-ce81-4c2a-b333-645152dec0b7@group-AEFBE84D5B7C-SegmentedRaftLogWorker: Starting segment from index:0
2019-10-16 08:35:51,201 [b8f86d4f-ce81-4c2a-b333-645152dec0b7@group-AEFBE84D5B7C-LeaderElection68] INFO  impl.RaftServerImpl (ServerState.java:setRaftConf(357)) - b8f86d4f-ce81-4c2a-b333-645152dec0b7@group-AEFBE84D5B7C: set configuration 0: [c7711d2d-f5e1-49d5-80ef-e12254347f85:192.168.34.43:41461, 4f4a8cb7-afd3-4b40-bfaf-deb7169fcab3:192.168.34.43:43692, b8f86d4f-ce81-4c2a-b333-645152dec0b7:192.168.34.43:42179], old=null at 0
2019-10-16 08:35:51,201 [grpc-default-executor-1] INFO  impl.RaftServerImpl (RaftServerImpl.java:requestVote(776)) - b8f86d4f-ce81-4c2a-b333-645152dec0b7@group-AEFBE84D5B7C-   LEADER: Withhold vote from candidate c7711d2d-f5e1-49d5-80ef-e12254347f85 with term 1. State: leader=b8f86d4f-ce81-4c2a-b333-645152dec0b7, term=1, lastRpcElapsed=null
2019-10-16 08:35:51,233 [b8f86d4f-ce81-4c2a-b333-645152dec0b7@group-62305DF272D1-SegmentedRaftLogWorker] INFO  segmented.SegmentedRaftLogWorker (SegmentedRaftLogWorker.java:execute(576)) - b8f86d4f-ce81-4c2a-b333-645152dec0b7@group-62305DF272D1-SegmentedRaftLogWorker: created new log segment /workdir/hadoop-ozone/ozonefs/target/test-dir/MiniOzoneClusterImpl-706c1c6e-22ff-4e96-be26-7b4a759bc895/datanode-2/data/ratis/380d3cd4-2976-405f-ac24-62305df272d1/current/log_inprogress_0
2019-10-16 08:35:51,233 [c7711d2d-f5e1-49d5-80ef-e12254347f85@group-AEFBE84D5B7C-LeaderElection70] INFO  impl.LeaderElection (LeaderElection.java:logAndReturn(56)) - c7711d2d-f5e1-49d5-80ef-e12254347f85@group-AEFBE84D5B7C-LeaderElection70: Election REJECTED; received 2 response(s) [c7711d2d-f5e1-49d5-80ef-e12254347f85<-4f4a8cb7-afd3-4b40-bfaf-deb7169fcab3#0:FAIL-t1, c7711d2d-f5e1-49d5-80ef-e12254347f85<-b8f86d4f-ce81-4c2a-b333-645152dec0b7#0:FAIL-t1] and 0 exception(s); c7711d2d-f5e1-49d5-80ef-e12254347f85@group-AEFBE84D5B7C:t1, leader=null, voted=c7711d2d-f5e1-49d5-80ef-e12254347f85, raftlog=c7711d2d-f5e1-49d5-80ef-e12254347f85@group-AEFBE84D5B7C-SegmentedRaftLog:OPENED:c-1,f-1,i0, conf=-1: [c7711d2d-f5e1-49d5-80ef-e12254347f85:192.168.34.43:41461, 4f4a8cb7-afd3-4b40-bfaf-deb7169fcab3:192.168.34.43:43692, b8f86d4f-ce81-4c2a-b333-645152dec0b7:192.168.34.43:42179], old=null
2019-10-16 08:35:51,233 [c7711d2d-f5e1-49d5-80ef-e12254347f85@group-AEFBE84D5B7C-LeaderElection70] INFO  impl.RaftServerImpl (RaftServerImpl.java:setRole(184)) - c7711d2d-f5e1-49d5-80ef-e12254347f85@group-AEFBE84D5B7C: changes role from CANDIDATE to FOLLOWER at term 1 for DISCOVERED_A_NEW_TERM
2019-10-16 08:35:51,234 [c7711d2d-f5e1-49d5-80ef-e12254347f85@group-AEFBE84D5B7C-LeaderElection70] INFO  impl.RoleInfo (RoleInfo.java:shutdownLeaderElection(134)) - c7711d2d-f5e1-49d5-80ef-e12254347f85: shutdown LeaderElection
2019-10-16 08:35:51,234 [c7711d2d-f5e1-49d5-80ef-e12254347f85@group-AEFBE84D5B7C-LeaderElection70] INFO  impl.RoleInfo (RoleInfo.java:updateAndGet(143)) - c7711d2d-f5e1-49d5-80ef-e12254347f85: start FollowerState
2019-10-16 08:35:51,234 [grpc-default-executor-1] INFO  impl.RaftServerImpl (ServerState.java:setLeader(256)) - 4f4a8cb7-afd3-4b40-bfaf-deb7169fcab3@group-AEFBE84D5B7C: change Leader from null to b8f86d4f-ce81-4c2a-b333-645152dec0b7 at term 1 for appendEntries, leader elected after 149ms
2019-10-16 08:35:51,234 [grpc-default-executor-2] INFO  impl.RaftServerImpl (ServerState.java:setLeader(256)) - c7711d2d-f5e1-49d5-80ef-e12254347f85@group-AEFBE84D5B7C: change Leader from null to b8f86d4f-ce81-4c2a-b333-645152dec0b7 at term 1 for appendEntries, leader elected after 150ms
2019-10-16 08:35:51,238 [grpc-default-executor-2] INFO  impl.RaftServerImpl (ServerState.java:setRaftConf(357)) - 4f4a8cb7-afd3-4b40-bfaf-deb7169fcab3@group-AEFBE84D5B7C: set configuration 0: [c7711d2d-f5e1-49d5-80ef-e12254347f85:192.168.34.43:41461, 4f4a8cb7-afd3-4b40-bfaf-deb7169fcab3:192.168.34.43:43692, b8f86d4f-ce81-4c2a-b333-645152dec0b7:192.168.34.43:42179], old=null at 0
2019-10-16 08:35:51,239 [grpc-default-executor-1] INFO  impl.RaftServerImpl (ServerState.java:setRaftConf(357)) - c7711d2d-f5e1-49d5-80ef-e12254347f85@group-AEFBE84D5B7C: set configuration 0: [c7711d2d-f5e1-49d5-80ef-e12254347f85:192.168.34.43:41461, 4f4a8cb7-afd3-4b40-bfaf-deb7169fcab3:192.168.34.43:43692, b8f86d4f-ce81-4c2a-b333-645152dec0b7:192.168.34.43:42179], old=null at 0
2019-10-16 08:35:51,239 [grpc-default-executor-2] INFO  segmented.SegmentedRaftLogWorker (SegmentedRaftLogWorker.java:startLogSegment(385)) - 4f4a8cb7-afd3-4b40-bfaf-deb7169fcab3@group-AEFBE84D5B7C-SegmentedRaftLogWorker: Starting segment from index:0
2019-10-16 08:35:51,239 [grpc-default-executor-1] INFO  segmented.SegmentedRaftLogWorker (SegmentedRaftLogWorker.java:startLogSegment(385)) - c7711d2d-f5e1-49d5-80ef-e12254347f85@group-AEFBE84D5B7C-SegmentedRaftLogWorker: Starting segment from index:0
2019-10-16 08:35:51,245 [b8f86d4f-ce81-4c2a-b333-645152dec0b7@group-AEFBE84D5B7C-SegmentedRaftLogWorker] INFO  segmented.SegmentedRaftLogWorker (SegmentedRaftLogWorker.java:execute(576)) - b8f86d4f-ce81-4c2a-b333-645152dec0b7@group-AEFBE84D5B7C-SegmentedRaftLogWorker: created new log segment /workdir/hadoop-ozone/ozonefs/target/test-dir/MiniOzoneClusterImpl-706c1c6e-22ff-4e96-be26-7b4a759bc895/datanode-2/data/ratis/2041ab4b-74fe-46c2-bcc9-aefbe84d5b7c/current/log_inprogress_0
2019-10-16 08:35:51,278 [4f4a8cb7-afd3-4b40-bfaf-deb7169fcab3@group-AEFBE84D5B7C-SegmentedRaftLogWorker] INFO  segmented.SegmentedRaftLogWorker (SegmentedRaftLogWorker.java:execute(576)) - 4f4a8cb7-afd3-4b40-bfaf-deb7169fcab3@group-AEFBE84D5B7C-SegmentedRaftLogWorker: created new log segment /workdir/hadoop-ozone/ozonefs/target/test-dir/MiniOzoneClusterImpl-706c1c6e-22ff-4e96-be26-7b4a759bc895/datanode-1/data/ratis/2041ab4b-74fe-46c2-bcc9-aefbe84d5b7c/current/log_inprogress_0
2019-10-16 08:35:51,278 [c7711d2d-f5e1-49d5-80ef-e12254347f85@group-AEFBE84D5B7C-SegmentedRaftLogWorker] INFO  segmented.SegmentedRaftLogWorker (SegmentedRaftLogWorker.java:execute(576)) - c7711d2d-f5e1-49d5-80ef-e12254347f85@group-AEFBE84D5B7C-SegmentedRaftLogWorker: created new log segment /workdir/hadoop-ozone/ozonefs/target/test-dir/MiniOzoneClusterImpl-706c1c6e-22ff-4e96-be26-7b4a759bc895/datanode-0/data/ratis/2041ab4b-74fe-46c2-bcc9-aefbe84d5b7c/current/log_inprogress_0
2019-10-16 08:35:51,940 [Thread-1177] INFO  ozone.MiniOzoneClusterImpl (MiniOzoneClusterImpl.java:lambda$waitForClusterToBeReady$0(147)) - Cluster is ready. Got 3 of 3 DN Heartbeats.
2019-10-16 08:35:52,001 [Thread-1177] INFO  rpc.RpcClient (RpcClient.java:createVolume(272)) - Creating Volume: volume11181, with user70758 as owner.
2019-10-16 08:35:52,005 [IPC Server handler 1 on 40090] INFO  volume.OMVolumeCreateRequest (OMVolumeCreateRequest.java:validateAndUpdateCache(193)) - created volume:volume11181 for user:user70758
2019-10-16 08:35:52,028 [Thread-1177] INFO  rpc.RpcClient (RpcClient.java:createBucket(411)) - Creating Bucket: volume11181/bucket95458, with Versioning false and Storage Type set to DISK and Encryption set to false 
2019-10-16 08:35:52,092 [IPC Server handler 9 on 40090] ERROR lock.LockManager (LockManager.java:getLockForReleasing(218)) - Trying to release the lock on /volume11181/bucket95458, which was never acquired.
2019-10-16 08:35:52,092 [IPC Server handler 9 on 40090] WARN  ipc.Server (Server.java:logException(2724)) - IPC Server handler 9 on 40090, call Call#131 Retry#0 org.apache.hadoop.ozone.om.protocol.OzoneManagerProtocol.submitRequest from 127.0.0.1:41740
java.lang.IllegalMonitorStateException: Releasing lock on resource /volume11181/bucket95458 without acquiring lock
	at org.apache.hadoop.ozone.lock.LockManager.getLockForReleasing(LockManager.java:220)
	at org.apache.hadoop.ozone.lock.LockManager.release(LockManager.java:168)
	at org.apache.hadoop.ozone.lock.LockManager.writeUnlock(LockManager.java:148)
	at org.apache.hadoop.ozone.om.lock.OzoneManagerLock.unlock(OzoneManagerLock.java:364)
	at org.apache.hadoop.ozone.om.lock.OzoneManagerLock.releaseWriteLock(OzoneManagerLock.java:329)
	at org.apache.hadoop.ozone.om.request.key.OMKeyCommitRequest.validateAndUpdateCache(OMKeyCommitRequest.java:177)
	at org.apache.hadoop.ozone.protocolPB.OzoneManagerProtocolServerSideTranslatorPB.submitRequestDirectlyToOM(OzoneManagerProtocolServerSideTranslatorPB.java:219)
	at org.apache.hadoop.ozone.protocolPB.OzoneManagerProtocolServerSideTranslatorPB.processRequest(OzoneManagerProtocolServerSideTranslatorPB.java:134)
	at org.apache.hadoop.hdds.server.OzoneProtocolMessageDispatcher.processRequest(OzoneProtocolMessageDispatcher.java:72)
	at org.apache.hadoop.ozone.protocolPB.OzoneManagerProtocolServerSideTranslatorPB.submitRequest(OzoneManagerProtocolServerSideTranslatorPB.java:100)
	at org.apache.hadoop.ozone.protocol.proto.OzoneManagerProtocolProtos$OzoneManagerService$2.callBlockingMethod(OzoneManagerProtocolProtos.java)
	at org.apache.hadoop.ipc.ProtobufRpcEngine$Server$ProtoBufRpcInvoker.call(ProtobufRpcEngine.java:524)
	at org.apache.hadoop.ipc.RPC$Server.call(RPC.java:1025)
	at org.apache.hadoop.ipc.Server$RpcCall.run(Server.java:876)
	at org.apache.hadoop.ipc.Server$RpcCall.run(Server.java:822)
	at java.security.AccessController.doPrivileged(Native Method)
	at javax.security.auth.Subject.doAs(Subject.java:422)
	at org.apache.hadoop.security.UserGroupInformation.doAs(UserGroupInformation.java:1730)
	at org.apache.hadoop.ipc.Server$Handler.run(Server.java:2682)
2019-10-16 08:35:52,095 [Thread-1177] INFO  retry.RetryInvocationHandler (RetryInvocationHandler.java:log(411)) - com.google.protobuf.ServiceException: org.apache.hadoop.ipc.RemoteException(java.lang.IllegalMonitorStateException): Releasing lock on resource /volume11181/bucket95458 without acquiring lock
	at org.apache.hadoop.ozone.lock.LockManager.getLockForReleasing(LockManager.java:220)
	at org.apache.hadoop.ozone.lock.LockManager.release(LockManager.java:168)
	at org.apache.hadoop.ozone.lock.LockManager.writeUnlock(LockManager.java:148)
	at org.apache.hadoop.ozone.om.lock.OzoneManagerLock.unlock(OzoneManagerLock.java:364)
	at org.apache.hadoop.ozone.om.lock.OzoneManagerLock.releaseWriteLock(OzoneManagerLock.java:329)
	at org.apache.hadoop.ozone.om.request.key.OMKeyCommitRequest.validateAndUpdateCache(OMKeyCommitRequest.java:177)
	at org.apache.hadoop.ozone.protocolPB.OzoneManagerProtocolServerSideTranslatorPB.submitRequestDirectlyToOM(OzoneManagerProtocolServerSideTranslatorPB.java:219)
	at org.apache.hadoop.ozone.protocolPB.OzoneManagerProtocolServerSideTranslatorPB.processRequest(OzoneManagerProtocolServerSideTranslatorPB.java:134)
	at org.apache.hadoop.hdds.server.OzoneProtocolMessageDispatcher.processRequest(OzoneProtocolMessageDispatcher.java:72)
	at org.apache.hadoop.ozone.protocolPB.OzoneManagerProtocolServerSideTranslatorPB.submitRequest(OzoneManagerProtocolServerSideTranslatorPB.java:100)
	at org.apache.hadoop.ozone.protocol.proto.OzoneManagerProtocolProtos$OzoneManagerService$2.callBlockingMethod(OzoneManagerProtocolProtos.java)
	at org.apache.hadoop.ipc.ProtobufRpcEngine$Server$ProtoBufRpcInvoker.call(ProtobufRpcEngine.java:524)
	at org.apache.hadoop.ipc.RPC$Server.call(RPC.java:1025)
	at org.apache.hadoop.ipc.Server$RpcCall.run(Server.java:876)
	at org.apache.hadoop.ipc.Server$RpcCall.run(Server.java:822)
	at java.security.AccessController.doPrivileged(Native Method)
	at javax.security.auth.Subject.doAs(Subject.java:422)
	at org.apache.hadoop.security.UserGroupInformation.doAs(UserGroupInformation.java:1730)
	at org.apache.hadoop.ipc.Server$Handler.run(Server.java:2682)
, while invoking $Proxy37.submitRequest over nodeId=null,nodeAddress=localhost:40090. Trying to failover immediately.
2019-10-16 08:35:52,097 [IPC Server handler 10 on 40090] ERROR lock.LockManager (LockManager.java:getLockForReleasing(218)) - Trying to release the lock on /volume11181/bucket95458, which was never acquired.
2019-10-16 08:35:52,097 [IPC Server handler 10 on 40090] WARN  ipc.Server (Server.java:logException(2724)) - IPC Server handler 10 on 40090, call Call#131 Retry#1 org.apache.hadoop.ozone.om.protocol.OzoneManagerProtocol.submitRequest from 127.0.0.1:41740
java.lang.IllegalMonitorStateException: Releasing lock on resource /volume11181/bucket95458 without acquiring lock
	at org.apache.hadoop.ozone.lock.LockManager.getLockForReleasing(LockManager.java:220)
	at org.apache.hadoop.ozone.lock.LockManager.release(LockManager.java:168)
	at org.apache.hadoop.ozone.lock.LockManager.writeUnlock(LockManager.java:148)
	at org.apache.hadoop.ozone.om.lock.OzoneManagerLock.unlock(OzoneManagerLock.java:364)
	at org.apache.hadoop.ozone.om.lock.OzoneManagerLock.releaseWriteLock(OzoneManagerLock.java:329)
	at org.apache.hadoop.ozone.om.request.key.OMKeyCommitRequest.validateAndUpdateCache(OMKeyCommitRequest.java:177)
	at org.apache.hadoop.ozone.protocolPB.OzoneManagerProtocolServerSideTranslatorPB.submitRequestDirectlyToOM(OzoneManagerProtocolServerSideTranslatorPB.java:219)
	at org.apache.hadoop.ozone.protocolPB.OzoneManagerProtocolServerSideTranslatorPB.processRequest(OzoneManagerProtocolServerSideTranslatorPB.java:134)
	at org.apache.hadoop.hdds.server.OzoneProtocolMessageDispatcher.processRequest(OzoneProtocolMessageDispatcher.java:72)
	at org.apache.hadoop.ozone.protocolPB.OzoneManagerProtocolServerSideTranslatorPB.submitRequest(OzoneManagerProtocolServerSideTranslatorPB.java:100)
	at org.apache.hadoop.ozone.protocol.proto.OzoneManagerProtocolProtos$OzoneManagerService$2.callBlockingMethod(OzoneManagerProtocolProtos.java)
	at org.apache.hadoop.ipc.ProtobufRpcEngine$Server$ProtoBufRpcInvoker.call(ProtobufRpcEngine.java:524)
	at org.apache.hadoop.ipc.RPC$Server.call(RPC.java:1025)
	at org.apache.hadoop.ipc.Server$RpcCall.run(Server.java:876)
	at org.apache.hadoop.ipc.Server$RpcCall.run(Server.java:822)
	at java.security.AccessController.doPrivileged(Native Method)
	at javax.security.auth.Subject.doAs(Subject.java:422)
	at org.apache.hadoop.security.UserGroupInformation.doAs(UserGroupInformation.java:1730)
	at org.apache.hadoop.ipc.Server$Handler.run(Server.java:2682)
2019-10-16 08:35:52,099 [Thread-1177] INFO  retry.RetryInvocationHandler (RetryInvocationHandler.java:log(411)) - com.google.protobuf.ServiceException: org.apache.hadoop.ipc.RemoteException(java.lang.IllegalMonitorStateException): Releasing lock on resource /volume11181/bucket95458 without acquiring lock
	at org.apache.hadoop.ozone.lock.LockManager.getLockForReleasing(LockManager.java:220)
	at org.apache.hadoop.ozone.lock.LockManager.release(LockManager.java:168)
	at org.apache.hadoop.ozone.lock.LockManager.writeUnlock(LockManager.java:148)
	at org.apache.hadoop.ozone.om.lock.OzoneManagerLock.unlock(OzoneManagerLock.java:364)
	at org.apache.hadoop.ozone.om.lock.OzoneManagerLock.releaseWriteLock(OzoneManagerLock.java:329)
	at org.apache.hadoop.ozone.om.request.key.OMKeyCommitRequest.validateAndUpdateCache(OMKeyCommitRequest.java:177)
	at org.apache.hadoop.ozone.protocolPB.OzoneManagerProtocolServerSideTranslatorPB.submitRequestDirectlyToOM(OzoneManagerProtocolServerSideTranslatorPB.java:219)
	at org.apache.hadoop.ozone.protocolPB.OzoneManagerProtocolServerSideTranslatorPB.processRequest(OzoneManagerProtocolServerSideTranslatorPB.java:134)
	at org.apache.hadoop.hdds.server.OzoneProtocolMessageDispatcher.processRequest(OzoneProtocolMessageDispatcher.java:72)
	at org.apache.hadoop.ozone.protocolPB.OzoneManagerProtocolServerSideTranslatorPB.submitRequest(OzoneManagerProtocolServerSideTranslatorPB.java:100)
	at org.apache.hadoop.ozone.protocol.proto.OzoneManagerProtocolProtos$OzoneManagerService$2.callBlockingMethod(OzoneManagerProtocolProtos.java)
	at org.apache.hadoop.ipc.ProtobufRpcEngine$Server$ProtoBufRpcInvoker.call(ProtobufRpcEngine.java:524)
	at org.apache.hadoop.ipc.RPC$Server.call(RPC.java:1025)
	at org.apache.hadoop.ipc.Server$RpcCall.run(Server.java:876)
	at org.apache.hadoop.ipc.Server$RpcCall.run(Server.java:822)
	at java.security.AccessController.doPrivileged(Native Method)
	at javax.security.auth.Subject.doAs(Subject.java:422)
	at org.apache.hadoop.security.UserGroupInformation.doAs(UserGroupInformation.java:1730)
	at org.apache.hadoop.ipc.Server$Handler.run(Server.java:2682)
, while invoking $Proxy37.submitRequest over nodeId=null,nodeAddress=localhost:40090 after 1 failover attempts. Trying to failover immediately.
2019-10-16 08:35:52,101 [IPC Server handler 11 on 40090] ERROR lock.LockManager (LockManager.java:getLockForReleasing(218)) - Trying to release the lock on /volume11181/bucket95458, which was never acquired.
2019-10-16 08:35:52,102 [IPC Server handler 11 on 40090] WARN  ipc.Server (Server.java:logException(2724)) - IPC Server handler 11 on 40090, call Call#131 Retry#2 org.apache.hadoop.ozone.om.protocol.OzoneManagerProtocol.submitRequest from 127.0.0.1:41740
java.lang.IllegalMonitorStateException: Releasing lock on resource /volume11181/bucket95458 without acquiring lock
	at org.apache.hadoop.ozone.lock.LockManager.getLockForReleasing(LockManager.java:220)
	at org.apache.hadoop.ozone.lock.LockManager.release(LockManager.java:168)
	at org.apache.hadoop.ozone.lock.LockManager.writeUnlock(LockManager.java:148)
	at org.apache.hadoop.ozone.om.lock.OzoneManagerLock.unlock(OzoneManagerLock.java:364)
	at org.apache.hadoop.ozone.om.lock.OzoneManagerLock.releaseWriteLock(OzoneManagerLock.java:329)
	at org.apache.hadoop.ozone.om.request.key.OMKeyCommitRequest.validateAndUpdateCache(OMKeyCommitRequest.java:177)
	at org.apache.hadoop.ozone.protocolPB.OzoneManagerProtocolServerSideTranslatorPB.submitRequestDirectlyToOM(OzoneManagerProtocolServerSideTranslatorPB.java:219)
	at org.apache.hadoop.ozone.protocolPB.OzoneManagerProtocolServerSideTranslatorPB.processRequest(OzoneManagerProtocolServerSideTranslatorPB.java:134)
	at org.apache.hadoop.hdds.server.OzoneProtocolMessageDispatcher.processRequest(OzoneProtocolMessageDispatcher.java:72)
	at org.apache.hadoop.ozone.protocolPB.OzoneManagerProtocolServerSideTranslatorPB.submitRequest(OzoneManagerProtocolServerSideTranslatorPB.java:100)
	at org.apache.hadoop.ozone.protocol.proto.OzoneManagerProtocolProtos$OzoneManagerService$2.callBlockingMethod(OzoneManagerProtocolProtos.java)
	at org.apache.hadoop.ipc.ProtobufRpcEngine$Server$ProtoBufRpcInvoker.call(ProtobufRpcEngine.java:524)
	at org.apache.hadoop.ipc.RPC$Server.call(RPC.java:1025)
	at org.apache.hadoop.ipc.Server$RpcCall.run(Server.java:876)
	at org.apache.hadoop.ipc.Server$RpcCall.run(Server.java:822)
	at java.security.AccessController.doPrivileged(Native Method)
	at javax.security.auth.Subject.doAs(Subject.java:422)
	at org.apache.hadoop.security.UserGroupInformation.doAs(UserGroupInformation.java:1730)
	at org.apache.hadoop.ipc.Server$Handler.run(Server.java:2682)
2019-10-16 08:35:52,105 [Thread-1177] INFO  retry.RetryInvocationHandler (RetryInvocationHandler.java:log(411)) - com.google.protobuf.ServiceException: org.apache.hadoop.ipc.RemoteException(java.lang.IllegalMonitorStateException): Releasing lock on resource /volume11181/bucket95458 without acquiring lock
	at org.apache.hadoop.ozone.lock.LockManager.getLockForReleasing(LockManager.java:220)
	at org.apache.hadoop.ozone.lock.LockManager.release(LockManager.java:168)
	at org.apache.hadoop.ozone.lock.LockManager.writeUnlock(LockManager.java:148)
	at org.apache.hadoop.ozone.om.lock.OzoneManagerLock.unlock(OzoneManagerLock.java:364)
	at org.apache.hadoop.ozone.om.lock.OzoneManagerLock.releaseWriteLock(OzoneManagerLock.java:329)
	at org.apache.hadoop.ozone.om.request.key.OMKeyCommitRequest.validateAndUpdateCache(OMKeyCommitRequest.java:177)
	at org.apache.hadoop.ozone.protocolPB.OzoneManagerProtocolServerSideTranslatorPB.submitRequestDirectlyToOM(OzoneManagerProtocolServerSideTranslatorPB.java:219)
	at org.apache.hadoop.ozone.protocolPB.OzoneManagerProtocolServerSideTranslatorPB.processRequest(OzoneManagerProtocolServerSideTranslatorPB.java:134)
	at org.apache.hadoop.hdds.server.OzoneProtocolMessageDispatcher.processRequest(OzoneProtocolMessageDispatcher.java:72)
	at org.apache.hadoop.ozone.protocolPB.OzoneManagerProtocolServerSideTranslatorPB.submitRequest(OzoneManagerProtocolServerSideTranslatorPB.java:100)
	at org.apache.hadoop.ozone.protocol.proto.OzoneManagerProtocolProtos$OzoneManagerService$2.callBlockingMethod(OzoneManagerProtocolProtos.java)
	at org.apache.hadoop.ipc.ProtobufRpcEngine$Server$ProtoBufRpcInvoker.call(ProtobufRpcEngine.java:524)
	at org.apache.hadoop.ipc.RPC$Server.call(RPC.java:1025)
	at org.apache.hadoop.ipc.Server$RpcCall.run(Server.java:876)
	at org.apache.hadoop.ipc.Server$RpcCall.run(Server.java:822)
	at java.security.AccessController.doPrivileged(Native Method)
	at javax.security.auth.Subject.doAs(Subject.java:422)
	at org.apache.hadoop.security.UserGroupInformation.doAs(UserGroupInformation.java:1730)
	at org.apache.hadoop.ipc.Server$Handler.run(Server.java:2682)
, while invoking $Proxy37.submitRequest over nodeId=null,nodeAddress=localhost:40090 after 2 failover attempts. Trying to failover immediately.
2019-10-16 08:35:52,106 [IPC Server handler 13 on 40090] ERROR lock.LockManager (LockManager.java:getLockForReleasing(218)) - Trying to release the lock on /volume11181/bucket95458, which was never acquired.
2019-10-16 08:35:52,107 [IPC Server handler 13 on 40090] WARN  ipc.Server (Server.java:logException(2724)) - IPC Server handler 13 on 40090, call Call#131 Retry#3 org.apache.hadoop.ozone.om.protocol.OzoneManagerProtocol.submitRequest from 127.0.0.1:41740
java.lang.IllegalMonitorStateException: Releasing lock on resource /volume11181/bucket95458 without acquiring lock
	at org.apache.hadoop.ozone.lock.LockManager.getLockForReleasing(LockManager.java:220)
	at org.apache.hadoop.ozone.lock.LockManager.release(LockManager.java:168)
	at org.apache.hadoop.ozone.lock.LockManager.writeUnlock(LockManager.java:148)
	at org.apache.hadoop.ozone.om.lock.OzoneManagerLock.unlock(OzoneManagerLock.java:364)
	at org.apache.hadoop.ozone.om.lock.OzoneManagerLock.releaseWriteLock(OzoneManagerLock.java:329)
	at org.apache.hadoop.ozone.om.request.key.OMKeyCommitRequest.validateAndUpdateCache(OMKeyCommitRequest.java:177)
	at org.apache.hadoop.ozone.protocolPB.OzoneManagerProtocolServerSideTranslatorPB.submitRequestDirectlyToOM(OzoneManagerProtocolServerSideTranslatorPB.java:219)
	at org.apache.hadoop.ozone.protocolPB.OzoneManagerProtocolServerSideTranslatorPB.processRequest(OzoneManagerProtocolServerSideTranslatorPB.java:134)
	at org.apache.hadoop.hdds.server.OzoneProtocolMessageDispatcher.processRequest(OzoneProtocolMessageDispatcher.java:72)
	at org.apache.hadoop.ozone.protocolPB.OzoneManagerProtocolServerSideTranslatorPB.submitRequest(OzoneManagerProtocolServerSideTranslatorPB.java:100)
	at org.apache.hadoop.ozone.protocol.proto.OzoneManagerProtocolProtos$OzoneManagerService$2.callBlockingMethod(OzoneManagerProtocolProtos.java)
	at org.apache.hadoop.ipc.ProtobufRpcEngine$Server$ProtoBufRpcInvoker.call(ProtobufRpcEngine.java:524)
	at org.apache.hadoop.ipc.RPC$Server.call(RPC.java:1025)
	at org.apache.hadoop.ipc.Server$RpcCall.run(Server.java:876)
	at org.apache.hadoop.ipc.Server$RpcCall.run(Server.java:822)
	at java.security.AccessController.doPrivileged(Native Method)
	at javax.security.auth.Subject.doAs(Subject.java:422)
	at org.apache.hadoop.security.UserGroupInformation.doAs(UserGroupInformation.java:1730)
	at org.apache.hadoop.ipc.Server$Handler.run(Server.java:2682)
2019-10-16 08:35:52,109 [Thread-1177] INFO  retry.RetryInvocationHandler (RetryInvocationHandler.java:log(411)) - com.google.protobuf.ServiceException: org.apache.hadoop.ipc.RemoteException(java.lang.IllegalMonitorStateException): Releasing lock on resource /volume11181/bucket95458 without acquiring lock
	at org.apache.hadoop.ozone.lock.LockManager.getLockForReleasing(LockManager.java:220)
	at org.apache.hadoop.ozone.lock.LockManager.release(LockManager.java:168)
	at org.apache.hadoop.ozone.lock.LockManager.writeUnlock(LockManager.java:148)
	at org.apache.hadoop.ozone.om.lock.OzoneManagerLock.unlock(OzoneManagerLock.java:364)
	at org.apache.hadoop.ozone.om.lock.OzoneManagerLock.releaseWriteLock(OzoneManagerLock.java:329)
	at org.apache.hadoop.ozone.om.request.key.OMKeyCommitRequest.validateAndUpdateCache(OMKeyCommitRequest.java:177)
	at org.apache.hadoop.ozone.protocolPB.OzoneManagerProtocolServerSideTranslatorPB.submitRequestDirectlyToOM(OzoneManagerProtocolServerSideTranslatorPB.java:219)
	at org.apache.hadoop.ozone.protocolPB.OzoneManagerProtocolServerSideTranslatorPB.processRequest(OzoneManagerProtocolServerSideTranslatorPB.java:134)
	at org.apache.hadoop.hdds.server.OzoneProtocolMessageDispatcher.processRequest(OzoneProtocolMessageDispatcher.java:72)
	at org.apache.hadoop.ozone.protocolPB.OzoneManagerProtocolServerSideTranslatorPB.submitRequest(OzoneManagerProtocolServerSideTranslatorPB.java:100)
	at org.apache.hadoop.ozone.protocol.proto.OzoneManagerProtocolProtos$OzoneManagerService$2.callBlockingMethod(OzoneManagerProtocolProtos.java)
	at org.apache.hadoop.ipc.ProtobufRpcEngine$Server$ProtoBufRpcInvoker.call(ProtobufRpcEngine.java:524)
	at org.apache.hadoop.ipc.RPC$Server.call(RPC.java:1025)
	at org.apache.hadoop.ipc.Server$RpcCall.run(Server.java:876)
	at org.apache.hadoop.ipc.Server$RpcCall.run(Server.java:822)
	at java.security.AccessController.doPrivileged(Native Method)
	at javax.security.auth.Subject.doAs(Subject.java:422)
	at org.apache.hadoop.security.UserGroupInformation.doAs(UserGroupInformation.java:1730)
	at org.apache.hadoop.ipc.Server$Handler.run(Server.java:2682)
, while invoking $Proxy37.submitRequest over nodeId=null,nodeAddress=localhost:40090 after 3 failover attempts. Trying to failover immediately.
2019-10-16 08:35:52,111 [IPC Server handler 12 on 40090] ERROR lock.LockManager (LockManager.java:getLockForReleasing(218)) - Trying to release the lock on /volume11181/bucket95458, which was never acquired.
2019-10-16 08:35:52,111 [IPC Server handler 12 on 40090] WARN  ipc.Server (Server.java:logException(2724)) - IPC Server handler 12 on 40090, call Call#131 Retry#4 org.apache.hadoop.ozone.om.protocol.OzoneManagerProtocol.submitRequest from 127.0.0.1:41740
java.lang.IllegalMonitorStateException: Releasing lock on resource /volume11181/bucket95458 without acquiring lock
	at org.apache.hadoop.ozone.lock.LockManager.getLockForReleasing(LockManager.java:220)
	at org.apache.hadoop.ozone.lock.LockManager.release(LockManager.java:168)
	at org.apache.hadoop.ozone.lock.LockManager.writeUnlock(LockManager.java:148)
	at org.apache.hadoop.ozone.om.lock.OzoneManagerLock.unlock(OzoneManagerLock.java:364)
	at org.apache.hadoop.ozone.om.lock.OzoneManagerLock.releaseWriteLock(OzoneManagerLock.java:329)
	at org.apache.hadoop.ozone.om.request.key.OMKeyCommitRequest.validateAndUpdateCache(OMKeyCommitRequest.java:177)
	at org.apache.hadoop.ozone.protocolPB.OzoneManagerProtocolServerSideTranslatorPB.submitRequestDirectlyToOM(OzoneManagerProtocolServerSideTranslatorPB.java:219)
	at org.apache.hadoop.ozone.protocolPB.OzoneManagerProtocolServerSideTranslatorPB.processRequest(OzoneManagerProtocolServerSideTranslatorPB.java:134)
	at org.apache.hadoop.hdds.server.OzoneProtocolMessageDispatcher.processRequest(OzoneProtocolMessageDispatcher.java:72)
	at org.apache.hadoop.ozone.protocolPB.OzoneManagerProtocolServerSideTranslatorPB.submitRequest(OzoneManagerProtocolServerSideTranslatorPB.java:100)
	at org.apache.hadoop.ozone.protocol.proto.OzoneManagerProtocolProtos$OzoneManagerService$2.callBlockingMethod(OzoneManagerProtocolProtos.java)
	at org.apache.hadoop.ipc.ProtobufRpcEngine$Server$ProtoBufRpcInvoker.call(ProtobufRpcEngine.java:524)
	at org.apache.hadoop.ipc.RPC$Server.call(RPC.java:1025)
	at org.apache.hadoop.ipc.Server$RpcCall.run(Server.java:876)
	at org.apache.hadoop.ipc.Server$RpcCall.run(Server.java:822)
	at java.security.AccessController.doPrivileged(Native Method)
	at javax.security.auth.Subject.doAs(Subject.java:422)
	at org.apache.hadoop.security.UserGroupInformation.doAs(UserGroupInformation.java:1730)
	at org.apache.hadoop.ipc.Server$Handler.run(Server.java:2682)
2019-10-16 08:35:52,113 [Thread-1177] INFO  retry.RetryInvocationHandler (RetryInvocationHandler.java:log(411)) - com.google.protobuf.ServiceException: org.apache.hadoop.ipc.RemoteException(java.lang.IllegalMonitorStateException): Releasing lock on resource /volume11181/bucket95458 without acquiring lock
	at org.apache.hadoop.ozone.lock.LockManager.getLockForReleasing(LockManager.java:220)
	at org.apache.hadoop.ozone.lock.LockManager.release(LockManager.java:168)
	at org.apache.hadoop.ozone.lock.LockManager.writeUnlock(LockManager.java:148)
	at org.apache.hadoop.ozone.om.lock.OzoneManagerLock.unlock(OzoneManagerLock.java:364)
	at org.apache.hadoop.ozone.om.lock.OzoneManagerLock.releaseWriteLock(OzoneManagerLock.java:329)
	at org.apache.hadoop.ozone.om.request.key.OMKeyCommitRequest.validateAndUpdateCache(OMKeyCommitRequest.java:177)
	at org.apache.hadoop.ozone.protocolPB.OzoneManagerProtocolServerSideTranslatorPB.submitRequestDirectlyToOM(OzoneManagerProtocolServerSideTranslatorPB.java:219)
	at org.apache.hadoop.ozone.protocolPB.OzoneManagerProtocolServerSideTranslatorPB.processRequest(OzoneManagerProtocolServerSideTranslatorPB.java:134)
	at org.apache.hadoop.hdds.server.OzoneProtocolMessageDispatcher.processRequest(OzoneProtocolMessageDispatcher.java:72)
	at org.apache.hadoop.ozone.protocolPB.OzoneManagerProtocolServerSideTranslatorPB.submitRequest(OzoneManagerProtocolServerSideTranslatorPB.java:100)
	at org.apache.hadoop.ozone.protocol.proto.OzoneManagerProtocolProtos$OzoneManagerService$2.callBlockingMethod(OzoneManagerProtocolProtos.java)
	at org.apache.hadoop.ipc.ProtobufRpcEngine$Server$ProtoBufRpcInvoker.call(ProtobufRpcEngine.java:524)
	at org.apache.hadoop.ipc.RPC$Server.call(RPC.java:1025)
	at org.apache.hadoop.ipc.Server$RpcCall.run(Server.java:876)
	at org.apache.hadoop.ipc.Server$RpcCall.run(Server.java:822)
	at java.security.AccessController.doPrivileged(Native Method)
	at javax.security.auth.Subject.doAs(Subject.java:422)
	at org.apache.hadoop.security.UserGroupInformation.doAs(UserGroupInformation.java:1730)
	at org.apache.hadoop.ipc.Server$Handler.run(Server.java:2682)
, while invoking $Proxy37.submitRequest over nodeId=null,nodeAddress=localhost:40090 after 4 failover attempts. Trying to failover immediately.
2019-10-16 08:35:52,115 [IPC Server handler 14 on 40090] ERROR lock.LockManager (LockManager.java:getLockForReleasing(218)) - Trying to release the lock on /volume11181/bucket95458, which was never acquired.
2019-10-16 08:35:52,115 [IPC Server handler 14 on 40090] WARN  ipc.Server (Server.java:logException(2724)) - IPC Server handler 14 on 40090, call Call#131 Retry#5 org.apache.hadoop.ozone.om.protocol.OzoneManagerProtocol.submitRequest from 127.0.0.1:41740
java.lang.IllegalMonitorStateException: Releasing lock on resource /volume11181/bucket95458 without acquiring lock
	at org.apache.hadoop.ozone.lock.LockManager.getLockForReleasing(LockManager.java:220)
	at org.apache.hadoop.ozone.lock.LockManager.release(LockManager.java:168)
	at org.apache.hadoop.ozone.lock.LockManager.writeUnlock(LockManager.java:148)
	at org.apache.hadoop.ozone.om.lock.OzoneManagerLock.unlock(OzoneManagerLock.java:364)
	at org.apache.hadoop.ozone.om.lock.OzoneManagerLock.releaseWriteLock(OzoneManagerLock.java:329)
	at org.apache.hadoop.ozone.om.request.key.OMKeyCommitRequest.validateAndUpdateCache(OMKeyCommitRequest.java:177)
	at org.apache.hadoop.ozone.protocolPB.OzoneManagerProtocolServerSideTranslatorPB.submitRequestDirectlyToOM(OzoneManagerProtocolServerSideTranslatorPB.java:219)
	at org.apache.hadoop.ozone.protocolPB.OzoneManagerProtocolServerSideTranslatorPB.processRequest(OzoneManagerProtocolServerSideTranslatorPB.java:134)
	at org.apache.hadoop.hdds.server.OzoneProtocolMessageDispatcher.processRequest(OzoneProtocolMessageDispatcher.java:72)
	at org.apache.hadoop.ozone.protocolPB.OzoneManagerProtocolServerSideTranslatorPB.submitRequest(OzoneManagerProtocolServerSideTranslatorPB.java:100)
	at org.apache.hadoop.ozone.protocol.proto.OzoneManagerProtocolProtos$OzoneManagerService$2.callBlockingMethod(OzoneManagerProtocolProtos.java)
	at org.apache.hadoop.ipc.ProtobufRpcEngine$Server$ProtoBufRpcInvoker.call(ProtobufRpcEngine.java:524)
	at org.apache.hadoop.ipc.RPC$Server.call(RPC.java:1025)
	at org.apache.hadoop.ipc.Server$RpcCall.run(Server.java:876)
	at org.apache.hadoop.ipc.Server$RpcCall.run(Server.java:822)
	at java.security.AccessController.doPrivileged(Native Method)
	at javax.security.auth.Subject.doAs(Subject.java:422)
	at org.apache.hadoop.security.UserGroupInformation.doAs(UserGroupInformation.java:1730)
	at org.apache.hadoop.ipc.Server$Handler.run(Server.java:2682)
2019-10-16 08:35:52,117 [Thread-1177] INFO  retry.RetryInvocationHandler (RetryInvocationHandler.java:log(411)) - com.google.protobuf.ServiceException: org.apache.hadoop.ipc.RemoteException(java.lang.IllegalMonitorStateException): Releasing lock on resource /volume11181/bucket95458 without acquiring lock
	at org.apache.hadoop.ozone.lock.LockManager.getLockForReleasing(LockManager.java:220)
	at org.apache.hadoop.ozone.lock.LockManager.release(LockManager.java:168)
	at org.apache.hadoop.ozone.lock.LockManager.writeUnlock(LockManager.java:148)
	at org.apache.hadoop.ozone.om.lock.OzoneManagerLock.unlock(OzoneManagerLock.java:364)
	at org.apache.hadoop.ozone.om.lock.OzoneManagerLock.releaseWriteLock(OzoneManagerLock.java:329)
	at org.apache.hadoop.ozone.om.request.key.OMKeyCommitRequest.validateAndUpdateCache(OMKeyCommitRequest.java:177)
	at org.apache.hadoop.ozone.protocolPB.OzoneManagerProtocolServerSideTranslatorPB.submitRequestDirectlyToOM(OzoneManagerProtocolServerSideTranslatorPB.java:219)
	at org.apache.hadoop.ozone.protocolPB.OzoneManagerProtocolServerSideTranslatorPB.processRequest(OzoneManagerProtocolServerSideTranslatorPB.java:134)
	at org.apache.hadoop.hdds.server.OzoneProtocolMessageDispatcher.processRequest(OzoneProtocolMessageDispatcher.java:72)
	at org.apache.hadoop.ozone.protocolPB.OzoneManagerProtocolServerSideTranslatorPB.submitRequest(OzoneManagerProtocolServerSideTranslatorPB.java:100)
	at org.apache.hadoop.ozone.protocol.proto.OzoneManagerProtocolProtos$OzoneManagerService$2.callBlockingMethod(OzoneManagerProtocolProtos.java)
	at org.apache.hadoop.ipc.ProtobufRpcEngine$Server$ProtoBufRpcInvoker.call(ProtobufRpcEngine.java:524)
	at org.apache.hadoop.ipc.RPC$Server.call(RPC.java:1025)
	at org.apache.hadoop.ipc.Server$RpcCall.run(Server.java:876)
	at org.apache.hadoop.ipc.Server$RpcCall.run(Server.java:822)
	at java.security.AccessController.doPrivileged(Native Method)
	at javax.security.auth.Subject.doAs(Subject.java:422)
	at org.apache.hadoop.security.UserGroupInformation.doAs(UserGroupInformation.java:1730)
	at org.apache.hadoop.ipc.Server$Handler.run(Server.java:2682)
, while invoking $Proxy37.submitRequest over nodeId=null,nodeAddress=localhost:40090 after 5 failover attempts. Trying to failover immediately.
2019-10-16 08:35:52,119 [IPC Server handler 15 on 40090] ERROR lock.LockManager (LockManager.java:getLockForReleasing(218)) - Trying to release the lock on /volume11181/bucket95458, which was never acquired.
2019-10-16 08:35:52,119 [IPC Server handler 15 on 40090] WARN  ipc.Server (Server.java:logException(2724)) - IPC Server handler 15 on 40090, call Call#131 Retry#6 org.apache.hadoop.ozone.om.protocol.OzoneManagerProtocol.submitRequest from 127.0.0.1:41740
java.lang.IllegalMonitorStateException: Releasing lock on resource /volume11181/bucket95458 without acquiring lock
	at org.apache.hadoop.ozone.lock.LockManager.getLockForReleasing(LockManager.java:220)
	at org.apache.hadoop.ozone.lock.LockManager.release(LockManager.java:168)
	at org.apache.hadoop.ozone.lock.LockManager.writeUnlock(LockManager.java:148)
	at org.apache.hadoop.ozone.om.lock.OzoneManagerLock.unlock(OzoneManagerLock.java:364)
	at org.apache.hadoop.ozone.om.lock.OzoneManagerLock.releaseWriteLock(OzoneManagerLock.java:329)
	at org.apache.hadoop.ozone.om.request.key.OMKeyCommitRequest.validateAndUpdateCache(OMKeyCommitRequest.java:177)
	at org.apache.hadoop.ozone.protocolPB.OzoneManagerProtocolServerSideTranslatorPB.submitRequestDirectlyToOM(OzoneManagerProtocolServerSideTranslatorPB.java:219)
	at org.apache.hadoop.ozone.protocolPB.OzoneManagerProtocolServerSideTranslatorPB.processRequest(OzoneManagerProtocolServerSideTranslatorPB.java:134)
	at org.apache.hadoop.hdds.server.OzoneProtocolMessageDispatcher.processRequest(OzoneProtocolMessageDispatcher.java:72)
	at org.apache.hadoop.ozone.protocolPB.OzoneManagerProtocolServerSideTranslatorPB.submitRequest(OzoneManagerProtocolServerSideTranslatorPB.java:100)
	at org.apache.hadoop.ozone.protocol.proto.OzoneManagerProtocolProtos$OzoneManagerService$2.callBlockingMethod(OzoneManagerProtocolProtos.java)
	at org.apache.hadoop.ipc.ProtobufRpcEngine$Server$ProtoBufRpcInvoker.call(ProtobufRpcEngine.java:524)
	at org.apache.hadoop.ipc.RPC$Server.call(RPC.java:1025)
	at org.apache.hadoop.ipc.Server$RpcCall.run(Server.java:876)
	at org.apache.hadoop.ipc.Server$RpcCall.run(Server.java:822)
	at java.security.AccessController.doPrivileged(Native Method)
	at javax.security.auth.Subject.doAs(Subject.java:422)
	at org.apache.hadoop.security.UserGroupInformation.doAs(UserGroupInformation.java:1730)
	at org.apache.hadoop.ipc.Server$Handler.run(Server.java:2682)
2019-10-16 08:35:52,121 [Thread-1177] INFO  retry.RetryInvocationHandler (RetryInvocationHandler.java:log(411)) - com.google.protobuf.ServiceException: org.apache.hadoop.ipc.RemoteException(java.lang.IllegalMonitorStateException): Releasing lock on resource /volume11181/bucket95458 without acquiring lock
	at org.apache.hadoop.ozone.lock.LockManager.getLockForReleasing(LockManager.java:220)
	at org.apache.hadoop.ozone.lock.LockManager.release(LockManager.java:168)
	at org.apache.hadoop.ozone.lock.LockManager.writeUnlock(LockManager.java:148)
	at org.apache.hadoop.ozone.om.lock.OzoneManagerLock.unlock(OzoneManagerLock.java:364)
	at org.apache.hadoop.ozone.om.lock.OzoneManagerLock.releaseWriteLock(OzoneManagerLock.java:329)
	at org.apache.hadoop.ozone.om.request.key.OMKeyCommitRequest.validateAndUpdateCache(OMKeyCommitRequest.java:177)
	at org.apache.hadoop.ozone.protocolPB.OzoneManagerProtocolServerSideTranslatorPB.submitRequestDirectlyToOM(OzoneManagerProtocolServerSideTranslatorPB.java:219)
	at org.apache.hadoop.ozone.protocolPB.OzoneManagerProtocolServerSideTranslatorPB.processRequest(OzoneManagerProtocolServerSideTranslatorPB.java:134)
	at org.apache.hadoop.hdds.server.OzoneProtocolMessageDispatcher.processRequest(OzoneProtocolMessageDispatcher.java:72)
	at org.apache.hadoop.ozone.protocolPB.OzoneManagerProtocolServerSideTranslatorPB.submitRequest(OzoneManagerProtocolServerSideTranslatorPB.java:100)
	at org.apache.hadoop.ozone.protocol.proto.OzoneManagerProtocolProtos$OzoneManagerService$2.callBlockingMethod(OzoneManagerProtocolProtos.java)
	at org.apache.hadoop.ipc.ProtobufRpcEngine$Server$ProtoBufRpcInvoker.call(ProtobufRpcEngine.java:524)
	at org.apache.hadoop.ipc.RPC$Server.call(RPC.java:1025)
	at org.apache.hadoop.ipc.Server$RpcCall.run(Server.java:876)
	at org.apache.hadoop.ipc.Server$RpcCall.run(Server.java:822)
	at java.security.AccessController.doPrivileged(Native Method)
	at javax.security.auth.Subject.doAs(Subject.java:422)
	at org.apache.hadoop.security.UserGroupInformation.doAs(UserGroupInformation.java:1730)
	at org.apache.hadoop.ipc.Server$Handler.run(Server.java:2682)
, while invoking $Proxy37.submitRequest over nodeId=null,nodeAddress=localhost:40090 after 6 failover attempts. Trying to failover immediately.
2019-10-16 08:35:52,123 [IPC Server handler 16 on 40090] ERROR lock.LockManager (LockManager.java:getLockForReleasing(218)) - Trying to release the lock on /volume11181/bucket95458, which was never acquired.
2019-10-16 08:35:52,123 [IPC Server handler 16 on 40090] WARN  ipc.Server (Server.java:logException(2724)) - IPC Server handler 16 on 40090, call Call#131 Retry#7 org.apache.hadoop.ozone.om.protocol.OzoneManagerProtocol.submitRequest from 127.0.0.1:41740
java.lang.IllegalMonitorStateException: Releasing lock on resource /volume11181/bucket95458 without acquiring lock
	at org.apache.hadoop.ozone.lock.LockManager.getLockForReleasing(LockManager.java:220)
	at org.apache.hadoop.ozone.lock.LockManager.release(LockManager.java:168)
	at org.apache.hadoop.ozone.lock.LockManager.writeUnlock(LockManager.java:148)
	at org.apache.hadoop.ozone.om.lock.OzoneManagerLock.unlock(OzoneManagerLock.java:364)
	at org.apache.hadoop.ozone.om.lock.OzoneManagerLock.releaseWriteLock(OzoneManagerLock.java:329)
	at org.apache.hadoop.ozone.om.request.key.OMKeyCommitRequest.validateAndUpdateCache(OMKeyCommitRequest.java:177)
	at org.apache.hadoop.ozone.protocolPB.OzoneManagerProtocolServerSideTranslatorPB.submitRequestDirectlyToOM(OzoneManagerProtocolServerSideTranslatorPB.java:219)
	at org.apache.hadoop.ozone.protocolPB.OzoneManagerProtocolServerSideTranslatorPB.processRequest(OzoneManagerProtocolServerSideTranslatorPB.java:134)
	at org.apache.hadoop.hdds.server.OzoneProtocolMessageDispatcher.processRequest(OzoneProtocolMessageDispatcher.java:72)
	at org.apache.hadoop.ozone.protocolPB.OzoneManagerProtocolServerSideTranslatorPB.submitRequest(OzoneManagerProtocolServerSideTranslatorPB.java:100)
	at org.apache.hadoop.ozone.protocol.proto.OzoneManagerProtocolProtos$OzoneManagerService$2.callBlockingMethod(OzoneManagerProtocolProtos.java)
	at org.apache.hadoop.ipc.ProtobufRpcEngine$Server$ProtoBufRpcInvoker.call(ProtobufRpcEngine.java:524)
	at org.apache.hadoop.ipc.RPC$Server.call(RPC.java:1025)
	at org.apache.hadoop.ipc.Server$RpcCall.run(Server.java:876)
	at org.apache.hadoop.ipc.Server$RpcCall.run(Server.java:822)
	at java.security.AccessController.doPrivileged(Native Method)
	at javax.security.auth.Subject.doAs(Subject.java:422)
	at org.apache.hadoop.security.UserGroupInformation.doAs(UserGroupInformation.java:1730)
	at org.apache.hadoop.ipc.Server$Handler.run(Server.java:2682)
2019-10-16 08:35:52,125 [Thread-1177] INFO  retry.RetryInvocationHandler (RetryInvocationHandler.java:log(411)) - com.google.protobuf.ServiceException: org.apache.hadoop.ipc.RemoteException(java.lang.IllegalMonitorStateException): Releasing lock on resource /volume11181/bucket95458 without acquiring lock
	at org.apache.hadoop.ozone.lock.LockManager.getLockForReleasing(LockManager.java:220)
	at org.apache.hadoop.ozone.lock.LockManager.release(LockManager.java:168)
	at org.apache.hadoop.ozone.lock.LockManager.writeUnlock(LockManager.java:148)
	at org.apache.hadoop.ozone.om.lock.OzoneManagerLock.unlock(OzoneManagerLock.java:364)
	at org.apache.hadoop.ozone.om.lock.OzoneManagerLock.releaseWriteLock(OzoneManagerLock.java:329)
	at org.apache.hadoop.ozone.om.request.key.OMKeyCommitRequest.validateAndUpdateCache(OMKeyCommitRequest.java:177)
	at org.apache.hadoop.ozone.protocolPB.OzoneManagerProtocolServerSideTranslatorPB.submitRequestDirectlyToOM(OzoneManagerProtocolServerSideTranslatorPB.java:219)
	at org.apache.hadoop.ozone.protocolPB.OzoneManagerProtocolServerSideTranslatorPB.processRequest(OzoneManagerProtocolServerSideTranslatorPB.java:134)
	at org.apache.hadoop.hdds.server.OzoneProtocolMessageDispatcher.processRequest(OzoneProtocolMessageDispatcher.java:72)
	at org.apache.hadoop.ozone.protocolPB.OzoneManagerProtocolServerSideTranslatorPB.submitRequest(OzoneManagerProtocolServerSideTranslatorPB.java:100)
	at org.apache.hadoop.ozone.protocol.proto.OzoneManagerProtocolProtos$OzoneManagerService$2.callBlockingMethod(OzoneManagerProtocolProtos.java)
	at org.apache.hadoop.ipc.ProtobufRpcEngine$Server$ProtoBufRpcInvoker.call(ProtobufRpcEngine.java:524)
	at org.apache.hadoop.ipc.RPC$Server.call(RPC.java:1025)
	at org.apache.hadoop.ipc.Server$RpcCall.run(Server.java:876)
	at org.apache.hadoop.ipc.Server$RpcCall.run(Server.java:822)
	at java.security.AccessController.doPrivileged(Native Method)
	at javax.security.auth.Subject.doAs(Subject.java:422)
	at org.apache.hadoop.security.UserGroupInformation.doAs(UserGroupInformation.java:1730)
	at org.apache.hadoop.ipc.Server$Handler.run(Server.java:2682)
, while invoking $Proxy37.submitRequest over nodeId=null,nodeAddress=localhost:40090 after 7 failover attempts. Trying to failover immediately.
2019-10-16 08:35:52,127 [IPC Server handler 17 on 40090] ERROR lock.LockManager (LockManager.java:getLockForReleasing(218)) - Trying to release the lock on /volume11181/bucket95458, which was never acquired.
2019-10-16 08:35:52,127 [IPC Server handler 17 on 40090] WARN  ipc.Server (Server.java:logException(2724)) - IPC Server handler 17 on 40090, call Call#131 Retry#8 org.apache.hadoop.ozone.om.protocol.OzoneManagerProtocol.submitRequest from 127.0.0.1:41740
java.lang.IllegalMonitorStateException: Releasing lock on resource /volume11181/bucket95458 without acquiring lock
	at org.apache.hadoop.ozone.lock.LockManager.getLockForReleasing(LockManager.java:220)
	at org.apache.hadoop.ozone.lock.LockManager.release(LockManager.java:168)
	at org.apache.hadoop.ozone.lock.LockManager.writeUnlock(LockManager.java:148)
	at org.apache.hadoop.ozone.om.lock.OzoneManagerLock.unlock(OzoneManagerLock.java:364)
	at org.apache.hadoop.ozone.om.lock.OzoneManagerLock.releaseWriteLock(OzoneManagerLock.java:329)
	at org.apache.hadoop.ozone.om.request.key.OMKeyCommitRequest.validateAndUpdateCache(OMKeyCommitRequest.java:177)
	at org.apache.hadoop.ozone.protocolPB.OzoneManagerProtocolServerSideTranslatorPB.submitRequestDirectlyToOM(OzoneManagerProtocolServerSideTranslatorPB.java:219)
	at org.apache.hadoop.ozone.protocolPB.OzoneManagerProtocolServerSideTranslatorPB.processRequest(OzoneManagerProtocolServerSideTranslatorPB.java:134)
	at org.apache.hadoop.hdds.server.OzoneProtocolMessageDispatcher.processRequest(OzoneProtocolMessageDispatcher.java:72)
	at org.apache.hadoop.ozone.protocolPB.OzoneManagerProtocolServerSideTranslatorPB.submitRequest(OzoneManagerProtocolServerSideTranslatorPB.java:100)
	at org.apache.hadoop.ozone.protocol.proto.OzoneManagerProtocolProtos$OzoneManagerService$2.callBlockingMethod(OzoneManagerProtocolProtos.java)
	at org.apache.hadoop.ipc.ProtobufRpcEngine$Server$ProtoBufRpcInvoker.call(ProtobufRpcEngine.java:524)
	at org.apache.hadoop.ipc.RPC$Server.call(RPC.java:1025)
	at org.apache.hadoop.ipc.Server$RpcCall.run(Server.java:876)
	at org.apache.hadoop.ipc.Server$RpcCall.run(Server.java:822)
	at java.security.AccessController.doPrivileged(Native Method)
	at javax.security.auth.Subject.doAs(Subject.java:422)
	at org.apache.hadoop.security.UserGroupInformation.doAs(UserGroupInformation.java:1730)
	at org.apache.hadoop.ipc.Server$Handler.run(Server.java:2682)
2019-10-16 08:35:52,129 [Thread-1177] INFO  retry.RetryInvocationHandler (RetryInvocationHandler.java:log(411)) - com.google.protobuf.ServiceException: org.apache.hadoop.ipc.RemoteException(java.lang.IllegalMonitorStateException): Releasing lock on resource /volume11181/bucket95458 without acquiring lock
	at org.apache.hadoop.ozone.lock.LockManager.getLockForReleasing(LockManager.java:220)
	at org.apache.hadoop.ozone.lock.LockManager.release(LockManager.java:168)
	at org.apache.hadoop.ozone.lock.LockManager.writeUnlock(LockManager.java:148)
	at org.apache.hadoop.ozone.om.lock.OzoneManagerLock.unlock(OzoneManagerLock.java:364)
	at org.apache.hadoop.ozone.om.lock.OzoneManagerLock.releaseWriteLock(OzoneManagerLock.java:329)
	at org.apache.hadoop.ozone.om.request.key.OMKeyCommitRequest.validateAndUpdateCache(OMKeyCommitRequest.java:177)
	at org.apache.hadoop.ozone.protocolPB.OzoneManagerProtocolServerSideTranslatorPB.submitRequestDirectlyToOM(OzoneManagerProtocolServerSideTranslatorPB.java:219)
	at org.apache.hadoop.ozone.protocolPB.OzoneManagerProtocolServerSideTranslatorPB.processRequest(OzoneManagerProtocolServerSideTranslatorPB.java:134)
	at org.apache.hadoop.hdds.server.OzoneProtocolMessageDispatcher.processRequest(OzoneProtocolMessageDispatcher.java:72)
	at org.apache.hadoop.ozone.protocolPB.OzoneManagerProtocolServerSideTranslatorPB.submitRequest(OzoneManagerProtocolServerSideTranslatorPB.java:100)
	at org.apache.hadoop.ozone.protocol.proto.OzoneManagerProtocolProtos$OzoneManagerService$2.callBlockingMethod(OzoneManagerProtocolProtos.java)
	at org.apache.hadoop.ipc.ProtobufRpcEngine$Server$ProtoBufRpcInvoker.call(ProtobufRpcEngine.java:524)
	at org.apache.hadoop.ipc.RPC$Server.call(RPC.java:1025)
	at org.apache.hadoop.ipc.Server$RpcCall.run(Server.java:876)
	at org.apache.hadoop.ipc.Server$RpcCall.run(Server.java:822)
	at java.security.AccessController.doPrivileged(Native Method)
	at javax.security.auth.Subject.doAs(Subject.java:422)
	at org.apache.hadoop.security.UserGroupInformation.doAs(UserGroupInformation.java:1730)
	at org.apache.hadoop.ipc.Server$Handler.run(Server.java:2682)
, while invoking $Proxy37.submitRequest over nodeId=null,nodeAddress=localhost:40090 after 8 failover attempts. Trying to failover immediately.
2019-10-16 08:35:52,131 [IPC Server handler 18 on 40090] ERROR lock.LockManager (LockManager.java:getLockForReleasing(218)) - Trying to release the lock on /volume11181/bucket95458, which was never acquired.
2019-10-16 08:35:52,131 [IPC Server handler 18 on 40090] WARN  ipc.Server (Server.java:logException(2724)) - IPC Server handler 18 on 40090, call Call#131 Retry#9 org.apache.hadoop.ozone.om.protocol.OzoneManagerProtocol.submitRequest from 127.0.0.1:41740
java.lang.IllegalMonitorStateException: Releasing lock on resource /volume11181/bucket95458 without acquiring lock
	at org.apache.hadoop.ozone.lock.LockManager.getLockForReleasing(LockManager.java:220)
	at org.apache.hadoop.ozone.lock.LockManager.release(LockManager.java:168)
	at org.apache.hadoop.ozone.lock.LockManager.writeUnlock(LockManager.java:148)
	at org.apache.hadoop.ozone.om.lock.OzoneManagerLock.unlock(OzoneManagerLock.java:364)
	at org.apache.hadoop.ozone.om.lock.OzoneManagerLock.releaseWriteLock(OzoneManagerLock.java:329)
	at org.apache.hadoop.ozone.om.request.key.OMKeyCommitRequest.validateAndUpdateCache(OMKeyCommitRequest.java:177)
	at org.apache.hadoop.ozone.protocolPB.OzoneManagerProtocolServerSideTranslatorPB.submitRequestDirectlyToOM(OzoneManagerProtocolServerSideTranslatorPB.java:219)
	at org.apache.hadoop.ozone.protocolPB.OzoneManagerProtocolServerSideTranslatorPB.processRequest(OzoneManagerProtocolServerSideTranslatorPB.java:134)
	at org.apache.hadoop.hdds.server.OzoneProtocolMessageDispatcher.processRequest(OzoneProtocolMessageDispatcher.java:72)
	at org.apache.hadoop.ozone.protocolPB.OzoneManagerProtocolServerSideTranslatorPB.submitRequest(OzoneManagerProtocolServerSideTranslatorPB.java:100)
	at org.apache.hadoop.ozone.protocol.proto.OzoneManagerProtocolProtos$OzoneManagerService$2.callBlockingMethod(OzoneManagerProtocolProtos.java)
	at org.apache.hadoop.ipc.ProtobufRpcEngine$Server$ProtoBufRpcInvoker.call(ProtobufRpcEngine.java:524)
	at org.apache.hadoop.ipc.RPC$Server.call(RPC.java:1025)
	at org.apache.hadoop.ipc.Server$RpcCall.run(Server.java:876)
	at org.apache.hadoop.ipc.Server$RpcCall.run(Server.java:822)
	at java.security.AccessController.doPrivileged(Native Method)
	at javax.security.auth.Subject.doAs(Subject.java:422)
	at org.apache.hadoop.security.UserGroupInformation.doAs(UserGroupInformation.java:1730)
	at org.apache.hadoop.ipc.Server$Handler.run(Server.java:2682)
2019-10-16 08:35:52,133 [Thread-1177] INFO  retry.RetryInvocationHandler (RetryInvocationHandler.java:log(411)) - com.google.protobuf.ServiceException: org.apache.hadoop.ipc.RemoteException(java.lang.IllegalMonitorStateException): Releasing lock on resource /volume11181/bucket95458 without acquiring lock
	at org.apache.hadoop.ozone.lock.LockManager.getLockForReleasing(LockManager.java:220)
	at org.apache.hadoop.ozone.lock.LockManager.release(LockManager.java:168)
	at org.apache.hadoop.ozone.lock.LockManager.writeUnlock(LockManager.java:148)
	at org.apache.hadoop.ozone.om.lock.OzoneManagerLock.unlock(OzoneManagerLock.java:364)
	at org.apache.hadoop.ozone.om.lock.OzoneManagerLock.releaseWriteLock(OzoneManagerLock.java:329)
	at org.apache.hadoop.ozone.om.request.key.OMKeyCommitRequest.validateAndUpdateCache(OMKeyCommitRequest.java:177)
	at org.apache.hadoop.ozone.protocolPB.OzoneManagerProtocolServerSideTranslatorPB.submitRequestDirectlyToOM(OzoneManagerProtocolServerSideTranslatorPB.java:219)
	at org.apache.hadoop.ozone.protocolPB.OzoneManagerProtocolServerSideTranslatorPB.processRequest(OzoneManagerProtocolServerSideTranslatorPB.java:134)
	at org.apache.hadoop.hdds.server.OzoneProtocolMessageDispatcher.processRequest(OzoneProtocolMessageDispatcher.java:72)
	at org.apache.hadoop.ozone.protocolPB.OzoneManagerProtocolServerSideTranslatorPB.submitRequest(OzoneManagerProtocolServerSideTranslatorPB.java:100)
	at org.apache.hadoop.ozone.protocol.proto.OzoneManagerProtocolProtos$OzoneManagerService$2.callBlockingMethod(OzoneManagerProtocolProtos.java)
	at org.apache.hadoop.ipc.ProtobufRpcEngine$Server$ProtoBufRpcInvoker.call(ProtobufRpcEngine.java:524)
	at org.apache.hadoop.ipc.RPC$Server.call(RPC.java:1025)
	at org.apache.hadoop.ipc.Server$RpcCall.run(Server.java:876)
	at org.apache.hadoop.ipc.Server$RpcCall.run(Server.java:822)
	at java.security.AccessController.doPrivileged(Native Method)
	at javax.security.auth.Subject.doAs(Subject.java:422)
	at org.apache.hadoop.security.UserGroupInformation.doAs(UserGroupInformation.java:1730)
	at org.apache.hadoop.ipc.Server$Handler.run(Server.java:2682)
, while invoking $Proxy37.submitRequest over nodeId=null,nodeAddress=localhost:40090 after 9 failover attempts. Trying to failover immediately.
2019-10-16 08:35:52,135 [IPC Server handler 19 on 40090] ERROR lock.LockManager (LockManager.java:getLockForReleasing(218)) - Trying to release the lock on /volume11181/bucket95458, which was never acquired.
2019-10-16 08:35:52,135 [IPC Server handler 19 on 40090] WARN  ipc.Server (Server.java:logException(2724)) - IPC Server handler 19 on 40090, call Call#131 Retry#10 org.apache.hadoop.ozone.om.protocol.OzoneManagerProtocol.submitRequest from 127.0.0.1:41740
java.lang.IllegalMonitorStateException: Releasing lock on resource /volume11181/bucket95458 without acquiring lock
	at org.apache.hadoop.ozone.lock.LockManager.getLockForReleasing(LockManager.java:220)
	at org.apache.hadoop.ozone.lock.LockManager.release(LockManager.java:168)
	at org.apache.hadoop.ozone.lock.LockManager.writeUnlock(LockManager.java:148)
	at org.apache.hadoop.ozone.om.lock.OzoneManagerLock.unlock(OzoneManagerLock.java:364)
	at org.apache.hadoop.ozone.om.lock.OzoneManagerLock.releaseWriteLock(OzoneManagerLock.java:329)
	at org.apache.hadoop.ozone.om.request.key.OMKeyCommitRequest.validateAndUpdateCache(OMKeyCommitRequest.java:177)
	at org.apache.hadoop.ozone.protocolPB.OzoneManagerProtocolServerSideTranslatorPB.submitRequestDirectlyToOM(OzoneManagerProtocolServerSideTranslatorPB.java:219)
	at org.apache.hadoop.ozone.protocolPB.OzoneManagerProtocolServerSideTranslatorPB.processRequest(OzoneManagerProtocolServerSideTranslatorPB.java:134)
	at org.apache.hadoop.hdds.server.OzoneProtocolMessageDispatcher.processRequest(OzoneProtocolMessageDispatcher.java:72)
	at org.apache.hadoop.ozone.protocolPB.OzoneManagerProtocolServerSideTranslatorPB.submitRequest(OzoneManagerProtocolServerSideTranslatorPB.java:100)
	at org.apache.hadoop.ozone.protocol.proto.OzoneManagerProtocolProtos$OzoneManagerService$2.callBlockingMethod(OzoneManagerProtocolProtos.java)
	at org.apache.hadoop.ipc.ProtobufRpcEngine$Server$ProtoBufRpcInvoker.call(ProtobufRpcEngine.java:524)
	at org.apache.hadoop.ipc.RPC$Server.call(RPC.java:1025)
	at org.apache.hadoop.ipc.Server$RpcCall.run(Server.java:876)
	at org.apache.hadoop.ipc.Server$RpcCall.run(Server.java:822)
	at java.security.AccessController.doPrivileged(Native Method)
	at javax.security.auth.Subject.doAs(Subject.java:422)
	at org.apache.hadoop.security.UserGroupInformation.doAs(UserGroupInformation.java:1730)
	at org.apache.hadoop.ipc.Server$Handler.run(Server.java:2682)
2019-10-16 08:35:52,138 [Thread-1177] ERROR ha.OMFailoverProxyProvider (OzoneManagerProtocolClientSideTranslatorPB.java:getRetryAction(268)) - Failed to connect to OM. Attempted 10 retries and 10 failovers
2019-10-16 08:35:52,138 [Thread-1177] INFO  ozone.MiniOzoneClusterImpl (MiniOzoneClusterImpl.java:shutdown(314)) - Shutting down the Mini Ozone Cluster
2019-10-16 08:35:52,138 [Thread-1177] INFO  ozone.MiniOzoneClusterImpl (MiniOzoneClusterImpl.java:stop(330)) - Stopping the Mini Ozone Cluster
2019-10-16 08:35:52,139 [Thread-1177] INFO  ozone.MiniOzoneClusterImpl (MiniOzoneClusterImpl.java:stopOM(400)) - Stopping the OzoneManager
2019-10-16 08:35:52,139 [Thread-1177] INFO  ipc.Server (Server.java:stop(3082)) - Stopping server on 40090
2019-10-16 08:35:52,142 [IPC Server listener on 40090] INFO  ipc.Server (Server.java:run(1185)) - Stopping IPC Server listener on 40090
2019-10-16 08:35:52,142 [IPC Server Responder] INFO  ipc.Server (Server.java:run(1319)) - Stopping IPC Server Responder
2019-10-16 08:35:52,142 [Thread-1177] INFO  ratis.OzoneManagerDoubleBuffer (OzoneManagerDoubleBuffer.java:stop(250)) - Stopping OMDoubleBuffer flush thread
2019-10-16 08:35:52,144 [OMDoubleBufferFlushThread] INFO  ratis.OzoneManagerDoubleBuffer (OzoneManagerDoubleBuffer.java:flushTransactions(193)) - OMDoubleBuffer flush thread OMDoubleBufferFlushThread is interrupted and will exit. OMDoubleBufferFlushThread
2019-10-16 08:35:52,144 [Thread-1177] INFO  utils.BackgroundService (BackgroundService.java:shutdown(151)) - Shutting down service KeyDeletingService
2019-10-16 08:35:52,146 [Thread-1177] INFO  handler.ContextHandler (ContextHandler.java:doStop(910)) - Stopped o.e.j.w.WebAppContext@5cd51cb5{/,null,UNAVAILABLE}{/ozoneManager}
2019-10-16 08:35:52,147 [Thread-1177] INFO  server.AbstractConnector (AbstractConnector.java:doStop(318)) - Stopped ServerConnector@3e35fed9{HTTP/1.1,[http/1.1]}{0.0.0.0:0}
2019-10-16 08:35:52,147 [Thread-1177] INFO  handler.ContextHandler (ContextHandler.java:doStop(910)) - Stopped o.e.j.s.ServletContextHandler@7c4bb014{/static,jar:file:/home/user/.m2/repository/org/apache/hadoop/hadoop-ozone-ozone-manager/0.5.0-SNAPSHOT/hadoop-ozone-ozone-manager-0.5.0-SNAPSHOT.jar!/webapps/static,UNAVAILABLE}
2019-10-16 08:35:52,147 [Thread-1177] INFO  handler.ContextHandler (ContextHandler.java:doStop(910)) - Stopped o.e.j.s.ServletContextHandler@a9c6b1d{/logs,file:///workdir/hadoop-ozone/ozonefs/target/log,UNAVAILABLE}
2019-10-16 08:35:52,149 [Thread-1177] INFO  ozone.MiniOzoneClusterImpl (MiniOzoneClusterImpl.java:stopDatanodes(377)) - Stopping the HddsDatanodes
2019-10-16 08:35:52,748 [Datanode State Machine Thread - 0] INFO  statemachine.DatanodeStateMachine (DatanodeStateMachine.java:lambda$startDaemon$0(350)) - Ozone container server started.
2019-10-16 08:35:52,843 [Datanode State Machine Thread - 0] INFO  statemachine.DatanodeStateMachine (DatanodeStateMachine.java:lambda$startDaemon$0(350)) - Ozone container server started.
2019-10-16 08:35:53,759 [Thread-1349] INFO  container.ReplicationManager (ReplicationManager.java:start(162)) - Starting Replication Monitor Thread.
2019-10-16 08:35:53,762 [ReplicationMonitor] INFO  container.ReplicationManager (ReplicationManager.java:run(225)) - Replication Monitor Thread took 1 milliseconds for processing 1 containers.
2019-10-16 08:35:57,150 [Thread-1177] INFO  ozoneimpl.OzoneContainer (OzoneContainer.java:stop(227)) - Attempting to stop container services.
2019-10-16 08:35:57,150 [ForkJoinPool.commonPool-worker-0] INFO  ozoneimpl.OzoneContainer (OzoneContainer.java:stop(227)) - Attempting to stop container services.
2019-10-16 08:35:57,151 [Thread-1177] INFO  impl.RaftServerProxy (RaftServerProxy.java:lambda$close$4(314)) - 4f4a8cb7-afd3-4b40-bfaf-deb7169fcab3: close
2019-10-16 08:35:57,151 [ForkJoinPool.commonPool-worker-0] INFO  impl.RaftServerProxy (RaftServerProxy.java:lambda$close$4(314)) - c7711d2d-f5e1-49d5-80ef-e12254347f85: close
2019-10-16 08:35:57,151 [Thread-1177] INFO  impl.RaftServerImpl (RaftServerImpl.java:lambda$shutdown$3(261)) - 4f4a8cb7-afd3-4b40-bfaf-deb7169fcab3@group-AB1234E41038: shutdown
2019-10-16 08:35:57,152 [ForkJoinPool.commonPool-worker-0] INFO  impl.RaftServerImpl (RaftServerImpl.java:lambda$shutdown$3(261)) - c7711d2d-f5e1-49d5-80ef-e12254347f85@group-AEFBE84D5B7C: shutdown
2019-10-16 08:35:57,152 [Thread-1177] INFO  util.JmxRegister (JmxRegister.java:unregister(73)) - Successfully un-registered JMX Bean with object name Ratis:service=RaftServer,group=group-AB1234E41038,id=4f4a8cb7-afd3-4b40-bfaf-deb7169fcab3
2019-10-16 08:35:57,152 [ForkJoinPool.commonPool-worker-0] INFO  util.JmxRegister (JmxRegister.java:unregister(73)) - Successfully un-registered JMX Bean with object name Ratis:service=RaftServer,group=group-AEFBE84D5B7C,id=c7711d2d-f5e1-49d5-80ef-e12254347f85
2019-10-16 08:35:57,152 [Thread-1177] INFO  impl.RoleInfo (RoleInfo.java:shutdownLeaderState(104)) - 4f4a8cb7-afd3-4b40-bfaf-deb7169fcab3: shutdown LeaderState
2019-10-16 08:35:57,153 [ForkJoinPool.commonPool-worker-0] INFO  impl.RoleInfo (RoleInfo.java:shutdownFollowerState(121)) - c7711d2d-f5e1-49d5-80ef-e12254347f85: shutdown FollowerState
2019-10-16 08:35:57,153 [Thread-1177] INFO  impl.PendingRequests (PendingRequests.java:sendNotLeaderResponses(202)) - 4f4a8cb7-afd3-4b40-bfaf-deb7169fcab3@group-AB1234E41038-PendingRequests: sendNotLeaderResponses
2019-10-16 08:35:57,153 [Thread-1386] INFO  impl.FollowerState (FollowerState.java:run(117)) - c7711d2d-f5e1-49d5-80ef-e12254347f85@group-AEFBE84D5B7C-FollowerState was interrupted: java.lang.InterruptedException: sleep interrupted
2019-10-16 08:35:57,153 [ForkJoinPool.commonPool-worker-0] INFO  impl.StateMachineUpdater (StateMachineUpdater.java:stopAndJoin(136)) - c7711d2d-f5e1-49d5-80ef-e12254347f85@group-AEFBE84D5B7C-StateMachineUpdater: set stopIndex = 0
2019-10-16 08:35:57,154 [ForkJoinPool.commonPool-worker-0] INFO  impl.RaftServerImpl (ServerState.java:close(388)) - c7711d2d-f5e1-49d5-80ef-e12254347f85@group-AEFBE84D5B7C: closes. applyIndex: 0
2019-10-16 08:35:57,154 [Thread-1177] INFO  impl.StateMachineUpdater (StateMachineUpdater.java:stopAndJoin(136)) - 4f4a8cb7-afd3-4b40-bfaf-deb7169fcab3@group-AB1234E41038-StateMachineUpdater: set stopIndex = 0
2019-10-16 08:35:57,155 [c7711d2d-f5e1-49d5-80ef-e12254347f85@group-AEFBE84D5B7C-SegmentedRaftLogWorker] INFO  segmented.SegmentedRaftLogWorker (SegmentedRaftLogWorker.java:run(316)) - c7711d2d-f5e1-49d5-80ef-e12254347f85@group-AEFBE84D5B7C-SegmentedRaftLogWorker was interrupted, exiting. There are 0 tasks remaining in the queue.
2019-10-16 08:35:57,155 [Thread-1177] INFO  impl.RaftServerImpl (ServerState.java:close(388)) - 4f4a8cb7-afd3-4b40-bfaf-deb7169fcab3@group-AB1234E41038: closes. applyIndex: 0
2019-10-16 08:35:57,158 [ForkJoinPool.commonPool-worker-0] INFO  segmented.SegmentedRaftLogWorker (SegmentedRaftLogWorker.java:close(224)) - c7711d2d-f5e1-49d5-80ef-e12254347f85@group-AEFBE84D5B7C-SegmentedRaftLogWorker close()
2019-10-16 08:35:57,158 [4f4a8cb7-afd3-4b40-bfaf-deb7169fcab3@group-AB1234E41038-SegmentedRaftLogWorker] INFO  segmented.SegmentedRaftLogWorker (SegmentedRaftLogWorker.java:run(316)) - 4f4a8cb7-afd3-4b40-bfaf-deb7169fcab3@group-AB1234E41038-SegmentedRaftLogWorker was interrupted, exiting. There are 0 tasks remaining in the queue.
2019-10-16 08:35:57,161 [ForkJoinPool.commonPool-worker-0] INFO  impl.RaftServerImpl (RaftServerImpl.java:lambda$shutdown$3(261)) - c7711d2d-f5e1-49d5-80ef-e12254347f85@group-40605C01D271: shutdown
2019-10-16 08:35:57,162 [Thread-1177] INFO  segmented.SegmentedRaftLogWorker (SegmentedRaftLogWorker.java:close(224)) - 4f4a8cb7-afd3-4b40-bfaf-deb7169fcab3@group-AB1234E41038-SegmentedRaftLogWorker close()
2019-10-16 08:35:57,162 [ForkJoinPool.commonPool-worker-0] INFO  util.JmxRegister (JmxRegister.java:unregister(73)) - Successfully un-registered JMX Bean with object name Ratis:service=RaftServer,group=group-40605C01D271,id=c7711d2d-f5e1-49d5-80ef-e12254347f85
2019-10-16 08:35:57,165 [Thread-1177] INFO  impl.RaftServerImpl (RaftServerImpl.java:lambda$shutdown$3(261)) - 4f4a8cb7-afd3-4b40-bfaf-deb7169fcab3@group-AEFBE84D5B7C: shutdown
2019-10-16 08:35:57,166 [Thread-1177] INFO  util.JmxRegister (JmxRegister.java:unregister(73)) - Successfully un-registered JMX Bean with object name Ratis:service=RaftServer,group=group-AEFBE84D5B7C,id=4f4a8cb7-afd3-4b40-bfaf-deb7169fcab3
2019-10-16 08:35:57,166 [Thread-1177] INFO  impl.RoleInfo (RoleInfo.java:shutdownFollowerState(121)) - 4f4a8cb7-afd3-4b40-bfaf-deb7169fcab3: shutdown FollowerState
2019-10-16 08:35:57,165 [ForkJoinPool.commonPool-worker-0] INFO  impl.RoleInfo (RoleInfo.java:shutdownLeaderState(104)) - c7711d2d-f5e1-49d5-80ef-e12254347f85: shutdown LeaderState
2019-10-16 08:35:57,166 [Thread-1377] INFO  impl.FollowerState (FollowerState.java:run(117)) - 4f4a8cb7-afd3-4b40-bfaf-deb7169fcab3@group-AEFBE84D5B7C-FollowerState was interrupted: java.lang.InterruptedException: sleep interrupted
2019-10-16 08:35:57,166 [Thread-1177] INFO  impl.StateMachineUpdater (StateMachineUpdater.java:stopAndJoin(136)) - 4f4a8cb7-afd3-4b40-bfaf-deb7169fcab3@group-AEFBE84D5B7C-StateMachineUpdater: set stopIndex = 0
2019-10-16 08:35:57,167 [Thread-1177] INFO  impl.RaftServerImpl (ServerState.java:close(388)) - 4f4a8cb7-afd3-4b40-bfaf-deb7169fcab3@group-AEFBE84D5B7C: closes. applyIndex: 0
2019-10-16 08:35:57,167 [ForkJoinPool.commonPool-worker-0] INFO  impl.PendingRequests (PendingRequests.java:sendNotLeaderResponses(202)) - c7711d2d-f5e1-49d5-80ef-e12254347f85@group-40605C01D271-PendingRequests: sendNotLeaderResponses
2019-10-16 08:35:57,168 [4f4a8cb7-afd3-4b40-bfaf-deb7169fcab3@group-AEFBE84D5B7C-SegmentedRaftLogWorker] INFO  segmented.SegmentedRaftLogWorker (SegmentedRaftLogWorker.java:run(316)) - 4f4a8cb7-afd3-4b40-bfaf-deb7169fcab3@group-AEFBE84D5B7C-SegmentedRaftLogWorker was interrupted, exiting. There are 0 tasks remaining in the queue.
2019-10-16 08:35:57,168 [ForkJoinPool.commonPool-worker-0] INFO  impl.StateMachineUpdater (StateMachineUpdater.java:stopAndJoin(136)) - c7711d2d-f5e1-49d5-80ef-e12254347f85@group-40605C01D271-StateMachineUpdater: set stopIndex = 0
2019-10-16 08:35:57,169 [Thread-1177] INFO  segmented.SegmentedRaftLogWorker (SegmentedRaftLogWorker.java:close(224)) - 4f4a8cb7-afd3-4b40-bfaf-deb7169fcab3@group-AEFBE84D5B7C-SegmentedRaftLogWorker close()
2019-10-16 08:35:57,170 [ForkJoinPool.commonPool-worker-0] INFO  impl.RaftServerImpl (ServerState.java:close(388)) - c7711d2d-f5e1-49d5-80ef-e12254347f85@group-40605C01D271: closes. applyIndex: 0
2019-10-16 08:35:57,172 [Thread-1177] INFO  server.GrpcService (GrpcService.java:closeImpl(164)) - 4f4a8cb7-afd3-4b40-bfaf-deb7169fcab3: shutdown server with port 43692 now
2019-10-16 08:35:57,173 [c7711d2d-f5e1-49d5-80ef-e12254347f85@group-40605C01D271-SegmentedRaftLogWorker] INFO  segmented.SegmentedRaftLogWorker (SegmentedRaftLogWorker.java:run(316)) - c7711d2d-f5e1-49d5-80ef-e12254347f85@group-40605C01D271-SegmentedRaftLogWorker was interrupted, exiting. There are 0 tasks remaining in the queue.
2019-10-16 08:35:57,174 [ForkJoinPool.commonPool-worker-0] INFO  segmented.SegmentedRaftLogWorker (SegmentedRaftLogWorker.java:close(224)) - c7711d2d-f5e1-49d5-80ef-e12254347f85@group-40605C01D271-SegmentedRaftLogWorker close()
2019-10-16 08:35:57,182 [ForkJoinPool.commonPool-worker-0] INFO  server.GrpcService (GrpcService.java:closeImpl(164)) - c7711d2d-f5e1-49d5-80ef-e12254347f85: shutdown server with port 41461 now
2019-10-16 08:35:57,187 [grpc-default-executor-2] WARN  server.GrpcServerProtocolService (LogUtils.java:warn(134)) - 4f4a8cb7-afd3-4b40-bfaf-deb7169fcab3: installSnapshot onError, lastRequest: b8f86d4f-ce81-4c2a-b333-645152dec0b7->4f4a8cb7-afd3-4b40-bfaf-deb7169fcab3#3-t1, previous=(t:1, i:0), leaderCommit=0, initializing? false, entries: <empty>: org.apache.ratis.thirdparty.io.grpc.StatusRuntimeException: CANCELLED: cancelled before receiving half close
2019-10-16 08:35:57,190 [grpc-default-executor-0] WARN  server.GrpcServerProtocolService (LogUtils.java:warn(134)) - c7711d2d-f5e1-49d5-80ef-e12254347f85: installSnapshot onError, lastRequest: b8f86d4f-ce81-4c2a-b333-645152dec0b7->c7711d2d-f5e1-49d5-80ef-e12254347f85#3-t1, previous=(t:1, i:0), leaderCommit=0, initializing? false, entries: <empty>: org.apache.ratis.thirdparty.io.grpc.StatusRuntimeException: CANCELLED: cancelled before receiving half close
2019-10-16 08:35:57,191 [Thread-1177] INFO  server.GrpcService (GrpcService.java:closeImpl(172)) - 4f4a8cb7-afd3-4b40-bfaf-deb7169fcab3: shutdown server with port 43692 successfully
2019-10-16 08:35:57,192 [grpc-default-executor-1] WARN  server.GrpcLogAppender (LogUtils.java:warn(134)) - b8f86d4f-ce81-4c2a-b333-645152dec0b7@group-AEFBE84D5B7C->4f4a8cb7-afd3-4b40-bfaf-deb7169fcab3-AppendLogResponseHandler: Failed appendEntries: org.apache.ratis.thirdparty.io.grpc.StatusRuntimeException: CANCELLED: HTTP/2 error code: CANCEL
Received Rst Stream
2019-10-16 08:35:57,193 [grpc-default-executor-4] WARN  server.GrpcLogAppender (LogUtils.java:warn(134)) - b8f86d4f-ce81-4c2a-b333-645152dec0b7@group-AEFBE84D5B7C->c7711d2d-f5e1-49d5-80ef-e12254347f85-AppendLogResponseHandler: Failed appendEntries: org.apache.ratis.thirdparty.io.grpc.StatusRuntimeException: CANCELLED: HTTP/2 error code: CANCEL
Received Rst Stream
2019-10-16 08:35:57,193 [ForkJoinPool.commonPool-worker-0] INFO  server.GrpcService (GrpcService.java:closeImpl(172)) - c7711d2d-f5e1-49d5-80ef-e12254347f85: shutdown server with port 41461 successfully
2019-10-16 08:35:57,194 [refreshUsed-/workdir/hadoop-ozone/ozonefs/target/test-dir/MiniOzoneClusterImpl-706c1c6e-22ff-4e96-be26-7b4a759bc895/datanode-1/data/containers] WARN  fs.CachingGetSpaceUsed (CachingGetSpaceUsed.java:run(183)) - Thread Interrupted waiting to refresh disk information: sleep interrupted
2019-10-16 08:35:57,202 [refreshUsed-/workdir/hadoop-ozone/ozonefs/target/test-dir/MiniOzoneClusterImpl-706c1c6e-22ff-4e96-be26-7b4a759bc895/datanode-0/data/containers] WARN  fs.CachingGetSpaceUsed (CachingGetSpaceUsed.java:run(183)) - Thread Interrupted waiting to refresh disk information: sleep interrupted
2019-10-16 08:35:57,224 [ForkJoinPool.commonPool-worker-0] INFO  utils.BackgroundService (BackgroundService.java:shutdown(151)) - Shutting down service BlockDeletingService
2019-10-16 08:35:57,229 [ForkJoinPool.commonPool-worker-0] INFO  statemachine.DatanodeStateMachine (DatanodeStateMachine.java:stopDaemon(395)) - Ozone container server stopped.
2019-10-16 08:35:57,233 [ForkJoinPool.commonPool-worker-0] INFO  handler.ContextHandler (ContextHandler.java:doStop(910)) - Stopped o.e.j.w.WebAppContext@7160291d{/,null,UNAVAILABLE}{/hddsDatanode}
2019-10-16 08:35:57,233 [Thread-1177] INFO  utils.BackgroundService (BackgroundService.java:shutdown(151)) - Shutting down service BlockDeletingService
2019-10-16 08:35:57,233 [ForkJoinPool.commonPool-worker-0] INFO  server.AbstractConnector (AbstractConnector.java:doStop(318)) - Stopped ServerConnector@19df427a{HTTP/1.1,[http/1.1]}{0.0.0.0:0}
2019-10-16 08:35:57,236 [ForkJoinPool.commonPool-worker-0] INFO  handler.ContextHandler (ContextHandler.java:doStop(910)) - Stopped o.e.j.s.ServletContextHandler@7971a5cc{/static,jar:file:/home/user/.m2/repository/org/apache/hadoop/hadoop-hdds-container-service/0.5.0-SNAPSHOT/hadoop-hdds-container-service-0.5.0-SNAPSHOT.jar!/webapps/static,UNAVAILABLE}
2019-10-16 08:35:57,237 [Thread-1177] INFO  statemachine.DatanodeStateMachine (DatanodeStateMachine.java:stopDaemon(395)) - Ozone container server stopped.
2019-10-16 08:35:57,238 [ForkJoinPool.commonPool-worker-0] INFO  handler.ContextHandler (ContextHandler.java:doStop(910)) - Stopped o.e.j.s.ServletContextHandler@4eae9c90{/logs,file:///workdir/hadoop-ozone/ozonefs/target/log,UNAVAILABLE}
2019-10-16 08:35:57,240 [Thread-1177] INFO  handler.ContextHandler (ContextHandler.java:doStop(910)) - Stopped o.e.j.w.WebAppContext@1a57c6be{/,null,UNAVAILABLE}{/hddsDatanode}
2019-10-16 08:35:57,241 [Thread-1177] INFO  server.AbstractConnector (AbstractConnector.java:doStop(318)) - Stopped ServerConnector@4ef1b913{HTTP/1.1,[http/1.1]}{0.0.0.0:0}
2019-10-16 08:35:57,241 [Thread-1177] INFO  handler.ContextHandler (ContextHandler.java:doStop(910)) - Stopped o.e.j.s.ServletContextHandler@49913f02{/static,jar:file:/home/user/.m2/repository/org/apache/hadoop/hadoop-hdds-container-service/0.5.0-SNAPSHOT/hadoop-hdds-container-service-0.5.0-SNAPSHOT.jar!/webapps/static,UNAVAILABLE}
2019-10-16 08:35:57,242 [Thread-1177] INFO  handler.ContextHandler (ContextHandler.java:doStop(910)) - Stopped o.e.j.s.ServletContextHandler@5a9b0b9{/logs,file:///workdir/hadoop-ozone/ozonefs/target/log,UNAVAILABLE}
2019-10-16 08:35:57,943 [Datanode State Machine Thread - 0] INFO  statemachine.DatanodeStateMachine (DatanodeStateMachine.java:lambda$startDaemon$0(350)) - Ozone container server started.
2019-10-16 08:36:01,804 [java.util.concurrent.ThreadPoolExecutor$Worker@7010d4da[State = -1, empty queue]] WARN  server.GrpcLogAppender (GrpcLogAppender.java:timeoutAppendRequest(209)) - b8f86d4f-ce81-4c2a-b333-645152dec0b7@group-AEFBE84D5B7C->c7711d2d-f5e1-49d5-80ef-e12254347f85-GrpcLogAppender: appendEntries Timeout, request=b8f86d4f-ce81-4c2a-b333-645152dec0b7->c7711d2d-f5e1-49d5-80ef-e12254347f85#4-t1, previous=(t:1, i:0), leaderCommit=0, initializing? false, entries: <empty>
2019-10-16 08:36:01,806 [java.util.concurrent.ThreadPoolExecutor$Worker@7d1b4706[State = -1, empty queue]] WARN  server.GrpcLogAppender (GrpcLogAppender.java:timeoutAppendRequest(209)) - b8f86d4f-ce81-4c2a-b333-645152dec0b7@group-AEFBE84D5B7C->4f4a8cb7-afd3-4b40-bfaf-deb7169fcab3-GrpcLogAppender: appendEntries Timeout, request=b8f86d4f-ce81-4c2a-b333-645152dec0b7->4f4a8cb7-afd3-4b40-bfaf-deb7169fcab3#4-t1, previous=(t:1, i:0), leaderCommit=0, initializing? false, entries: <empty>
2019-10-16 08:36:02,240 [ForkJoinPool.commonPool-worker-0] INFO  ozoneimpl.OzoneContainer (OzoneContainer.java:stop(227)) - Attempting to stop container services.
2019-10-16 08:36:02,241 [ForkJoinPool.commonPool-worker-0] INFO  impl.RaftServerProxy (RaftServerProxy.java:lambda$close$4(314)) - b8f86d4f-ce81-4c2a-b333-645152dec0b7: close
2019-10-16 08:36:02,241 [ForkJoinPool.commonPool-worker-0] INFO  impl.RaftServerImpl (RaftServerImpl.java:lambda$shutdown$3(261)) - b8f86d4f-ce81-4c2a-b333-645152dec0b7@group-AEFBE84D5B7C: shutdown
2019-10-16 08:36:02,242 [ForkJoinPool.commonPool-worker-0] INFO  util.JmxRegister (JmxRegister.java:unregister(73)) - Successfully un-registered JMX Bean with object name Ratis:service=RaftServer,group=group-AEFBE84D5B7C,id=b8f86d4f-ce81-4c2a-b333-645152dec0b7
2019-10-16 08:36:02,242 [ForkJoinPool.commonPool-worker-0] INFO  impl.RoleInfo (RoleInfo.java:shutdownLeaderState(104)) - b8f86d4f-ce81-4c2a-b333-645152dec0b7: shutdown LeaderState
2019-10-16 08:36:02,245 [org.apache.ratis.server.impl.LogAppender$AppenderDaemon$$Lambda$430/1408672603@115ee0e2] WARN  server.GrpcLogAppender (GrpcLogAppender.java:mayWait(149)) - b8f86d4f-ce81-4c2a-b333-645152dec0b7@group-AEFBE84D5B7C->c7711d2d-f5e1-49d5-80ef-e12254347f85-GrpcLogAppender: Wait interrupted by java.lang.InterruptedException
2019-10-16 08:36:02,245 [ForkJoinPool.commonPool-worker-0] INFO  impl.PendingRequests (PendingRequests.java:sendNotLeaderResponses(202)) - b8f86d4f-ce81-4c2a-b333-645152dec0b7@group-AEFBE84D5B7C-PendingRequests: sendNotLeaderResponses
2019-10-16 08:36:02,245 [org.apache.ratis.server.impl.LogAppender$AppenderDaemon$$Lambda$430/1408672603@20855057] WARN  server.GrpcLogAppender (GrpcLogAppender.java:mayWait(149)) - b8f86d4f-ce81-4c2a-b333-645152dec0b7@group-AEFBE84D5B7C->4f4a8cb7-afd3-4b40-bfaf-deb7169fcab3-GrpcLogAppender: Wait interrupted by java.lang.InterruptedException
2019-10-16 08:36:02,245 [ForkJoinPool.commonPool-worker-0] INFO  impl.StateMachineUpdater (StateMachineUpdater.java:stopAndJoin(136)) - b8f86d4f-ce81-4c2a-b333-645152dec0b7@group-AEFBE84D5B7C-StateMachineUpdater: set stopIndex = 0
2019-10-16 08:36:02,246 [ForkJoinPool.commonPool-worker-0] INFO  impl.RaftServerImpl (ServerState.java:close(388)) - b8f86d4f-ce81-4c2a-b333-645152dec0b7@group-AEFBE84D5B7C: closes. applyIndex: 0
2019-10-16 08:36:02,246 [b8f86d4f-ce81-4c2a-b333-645152dec0b7@group-AEFBE84D5B7C-SegmentedRaftLogWorker] INFO  segmented.SegmentedRaftLogWorker (SegmentedRaftLogWorker.java:run(316)) - b8f86d4f-ce81-4c2a-b333-645152dec0b7@group-AEFBE84D5B7C-SegmentedRaftLogWorker was interrupted, exiting. There are 0 tasks remaining in the queue.
2019-10-16 08:36:02,247 [ForkJoinPool.commonPool-worker-0] INFO  segmented.SegmentedRaftLogWorker (SegmentedRaftLogWorker.java:close(224)) - b8f86d4f-ce81-4c2a-b333-645152dec0b7@group-AEFBE84D5B7C-SegmentedRaftLogWorker close()
2019-10-16 08:36:02,248 [ForkJoinPool.commonPool-worker-0] INFO  impl.RaftServerImpl (RaftServerImpl.java:lambda$shutdown$3(261)) - b8f86d4f-ce81-4c2a-b333-645152dec0b7@group-62305DF272D1: shutdown
2019-10-16 08:36:02,248 [ForkJoinPool.commonPool-worker-0] INFO  util.JmxRegister (JmxRegister.java:unregister(73)) - Successfully un-registered JMX Bean with object name Ratis:service=RaftServer,group=group-62305DF272D1,id=b8f86d4f-ce81-4c2a-b333-645152dec0b7
2019-10-16 08:36:02,249 [ForkJoinPool.commonPool-worker-0] INFO  impl.RoleInfo (RoleInfo.java:shutdownLeaderState(104)) - b8f86d4f-ce81-4c2a-b333-645152dec0b7: shutdown LeaderState
2019-10-16 08:36:02,249 [ForkJoinPool.commonPool-worker-0] INFO  impl.PendingRequests (PendingRequests.java:sendNotLeaderResponses(202)) - b8f86d4f-ce81-4c2a-b333-645152dec0b7@group-62305DF272D1-PendingRequests: sendNotLeaderResponses
2019-10-16 08:36:02,249 [ForkJoinPool.commonPool-worker-0] INFO  impl.StateMachineUpdater (StateMachineUpdater.java:stopAndJoin(136)) - b8f86d4f-ce81-4c2a-b333-645152dec0b7@group-62305DF272D1-StateMachineUpdater: set stopIndex = 0
2019-10-16 08:36:02,250 [ForkJoinPool.commonPool-worker-0] INFO  impl.RaftServerImpl (ServerState.java:close(388)) - b8f86d4f-ce81-4c2a-b333-645152dec0b7@group-62305DF272D1: closes. applyIndex: 0
2019-10-16 08:36:02,250 [b8f86d4f-ce81-4c2a-b333-645152dec0b7@group-62305DF272D1-SegmentedRaftLogWorker] INFO  segmented.SegmentedRaftLogWorker (SegmentedRaftLogWorker.java:run(316)) - b8f86d4f-ce81-4c2a-b333-645152dec0b7@group-62305DF272D1-SegmentedRaftLogWorker was interrupted, exiting. There are 0 tasks remaining in the queue.
2019-10-16 08:36:02,258 [ForkJoinPool.commonPool-worker-0] INFO  segmented.SegmentedRaftLogWorker (SegmentedRaftLogWorker.java:close(224)) - b8f86d4f-ce81-4c2a-b333-645152dec0b7@group-62305DF272D1-SegmentedRaftLogWorker close()
2019-10-16 08:36:02,259 [ForkJoinPool.commonPool-worker-0] INFO  server.GrpcService (GrpcService.java:closeImpl(164)) - b8f86d4f-ce81-4c2a-b333-645152dec0b7: shutdown server with port 42179 now
2019-10-16 08:36:02,261 [ForkJoinPool.commonPool-worker-0] INFO  server.GrpcService (GrpcService.java:closeImpl(172)) - b8f86d4f-ce81-4c2a-b333-645152dec0b7: shutdown server with port 42179 successfully
2019-10-16 08:36:02,268 [refreshUsed-/workdir/hadoop-ozone/ozonefs/target/test-dir/MiniOzoneClusterImpl-706c1c6e-22ff-4e96-be26-7b4a759bc895/datanode-2/data/containers] WARN  fs.CachingGetSpaceUsed (CachingGetSpaceUsed.java:run(183)) - Thread Interrupted waiting to refresh disk information: sleep interrupted
2019-10-16 08:36:02,294 [ForkJoinPool.commonPool-worker-0] INFO  utils.BackgroundService (BackgroundService.java:shutdown(151)) - Shutting down service BlockDeletingService
2019-10-16 08:36:02,297 [ForkJoinPool.commonPool-worker-0] INFO  statemachine.DatanodeStateMachine (DatanodeStateMachine.java:stopDaemon(395)) - Ozone container server stopped.
2019-10-16 08:36:02,301 [ForkJoinPool.commonPool-worker-0] INFO  handler.ContextHandler (ContextHandler.java:doStop(910)) - Stopped o.e.j.w.WebAppContext@573f564a{/,null,UNAVAILABLE}{/hddsDatanode}
2019-10-16 08:36:02,301 [ForkJoinPool.commonPool-worker-0] INFO  server.AbstractConnector (AbstractConnector.java:doStop(318)) - Stopped ServerConnector@57b900d7{HTTP/1.1,[http/1.1]}{0.0.0.0:0}
2019-10-16 08:36:02,306 [ForkJoinPool.commonPool-worker-0] INFO  handler.ContextHandler (ContextHandler.java:doStop(910)) - Stopped o.e.j.s.ServletContextHandler@27685610{/static,jar:file:/home/user/.m2/repository/org/apache/hadoop/hadoop-hdds-container-service/0.5.0-SNAPSHOT/hadoop-hdds-container-service-0.5.0-SNAPSHOT.jar!/webapps/static,UNAVAILABLE}
2019-10-16 08:36:02,306 [ForkJoinPool.commonPool-worker-0] INFO  handler.ContextHandler (ContextHandler.java:doStop(910)) - Stopped o.e.j.s.ServletContextHandler@42c61b7d{/logs,file:///workdir/hadoop-ozone/ozonefs/target/log,UNAVAILABLE}
2019-10-16 08:36:02,307 [Thread-1177] INFO  ozone.MiniOzoneClusterImpl (MiniOzoneClusterImpl.java:stopSCM(392)) - Stopping the StorageContainerManager
2019-10-16 08:36:02,307 [Thread-1177] INFO  server.StorageContainerManager (StorageContainerManager.java:stop(810)) - Stopping Replication Manager Service.
2019-10-16 08:36:02,307 [Thread-1177] INFO  container.ReplicationManager (ReplicationManager.java:stop(203)) - Stopping Replication Monitor Thread.
2019-10-16 08:36:02,307 [Thread-1177] INFO  server.StorageContainerManager (StorageContainerManager.java:stop(817)) - Stopping Lease Manager of the command watchers
2019-10-16 08:36:02,308 [Thread-1177] INFO  server.StorageContainerManager (StorageContainerManager.java:stop(824)) - Stopping datanode service RPC server
2019-10-16 08:36:02,308 [Thread-1177] INFO  server.SCMDatanodeProtocolServer (SCMDatanodeProtocolServer.java:stop(346)) - Stopping the RPC server for DataNodes
2019-10-16 08:36:02,308 [Thread-1177] INFO  ipc.Server (Server.java:stop(3082)) - Stopping server on 38025
2019-10-16 08:36:02,311 [IPC Server listener on 38025] INFO  ipc.Server (Server.java:run(1185)) - Stopping IPC Server listener on 38025
2019-10-16 08:36:02,312 [IPC Server Responder] INFO  ipc.Server (Server.java:run(1319)) - Stopping IPC Server Responder
2019-10-16 08:36:02,413 [SCM Heartbeat Processing Thread - 0] WARN  node.NodeStateManager (NodeStateManager.java:scheduleNextHealthCheck(646)) - Current Thread is interrupted, shutting down HB processing thread for Node Manager.
2019-10-16 08:36:02,413 [Thread-1177] INFO  server.StorageContainerManager (StorageContainerManager.java:stop(832)) - Stopping block service RPC server
2019-10-16 08:36:02,414 [Thread-1177] INFO  server.SCMBlockProtocolServer (SCMBlockProtocolServer.java:stop(155)) - Stopping the RPC server for Block Protocol
2019-10-16 08:36:02,414 [Thread-1177] INFO  ipc.Server (Server.java:stop(3082)) - Stopping server on 37444
2019-10-16 08:36:02,415 [IPC Server listener on 37444] INFO  ipc.Server (Server.java:run(1185)) - Stopping IPC Server listener on 37444
2019-10-16 08:36:02,416 [IPC Server Responder] INFO  ipc.Server (Server.java:run(1319)) - Stopping IPC Server Responder
2019-10-16 08:36:02,416 [Thread-1177] INFO  server.StorageContainerManager (StorageContainerManager.java:stop(839)) - Stopping the StorageContainerLocationProtocol RPC server
2019-10-16 08:36:02,417 [Thread-1177] INFO  server.SCMClientProtocolServer (SCMClientProtocolServer.java:stop(168)) - Stopping the RPC server for Client Protocol
2019-10-16 08:36:02,418 [Thread-1177] INFO  ipc.Server (Server.java:stop(3082)) - Stopping server on 45716
2019-10-16 08:36:02,419 [IPC Server listener on 45716] INFO  ipc.Server (Server.java:run(1185)) - Stopping IPC Server listener on 45716
2019-10-16 08:36:02,420 [Thread-1177] INFO  server.StorageContainerManager (StorageContainerManager.java:stop(846)) - Stopping Storage Container Manager HTTP server.
2019-10-16 08:36:02,420 [IPC Server Responder] INFO  ipc.Server (Server.java:run(1319)) - Stopping IPC Server Responder
2019-10-16 08:36:02,423 [Thread-1177] INFO  handler.ContextHandler (ContextHandler.java:doStop(910)) - Stopped o.e.j.w.WebAppContext@b28a153{/,null,UNAVAILABLE}{/scm}
2019-10-16 08:36:02,425 [Thread-1177] INFO  server.AbstractConnector (AbstractConnector.java:doStop(318)) - Stopped ServerConnector@7131b140{HTTP/1.1,[http/1.1]}{0.0.0.0:0}
2019-10-16 08:36:02,425 [Thread-1177] INFO  handler.ContextHandler (ContextHandler.java:doStop(910)) - Stopped o.e.j.s.ServletContextHandler@74ff8b70{/static,jar:file:/home/user/.m2/repository/org/apache/hadoop/hadoop-hdds-server-scm/0.5.0-SNAPSHOT/hadoop-hdds-server-scm-0.5.0-SNAPSHOT.jar!/webapps/static,UNAVAILABLE}
2019-10-16 08:36:02,426 [Thread-1177] INFO  handler.ContextHandler (ContextHandler.java:doStop(910)) - Stopped o.e.j.s.ServletContextHandler@47802443{/logs,file:///workdir/hadoop-ozone/ozonefs/target/log,UNAVAILABLE}
2019-10-16 08:36:02,426 [Thread-1177] INFO  server.StorageContainerManager (StorageContainerManager.java:stop(857)) - Stopping Block Manager Service.
2019-10-16 08:36:02,427 [Thread-1177] INFO  utils.BackgroundService (BackgroundService.java:shutdown(151)) - Shutting down service SCMBlockDeletingService
2019-10-16 08:36:02,428 [Thread-1177] INFO  utils.BackgroundService (BackgroundService.java:shutdown(151)) - Shutting down service SCMBlockDeletingService
2019-10-16 08:36:02,428 [Thread-1177] INFO  server.StorageContainerManager (StorageContainerManager.java:stop(879)) - Stopping SCM Event Queue.
2019-10-16 08:36:02,433 [Thread-1177] INFO  impl.MetricsSystemImpl (MetricsSystemImpl.java:stop(210)) - Stopping HddsDatanode metrics system...
2019-10-16 08:36:02,440 [Thread-1177] INFO  impl.MetricsSystemImpl (MetricsSystemImpl.java:stop(216)) - HddsDatanode metrics system stopped.
]]></system-out>
    <system-err><![CDATA[Oct 16, 2019 8:35:57 AM org.apache.ratis.thirdparty.io.grpc.internal.SerializingExecutor run
SEVERE: Exception while executing runnable org.apache.ratis.thirdparty.io.grpc.internal.ServerImpl$JumpToApplicationThreadServerStreamListener$1Closed@311d4f7e
org.apache.ratis.thirdparty.io.grpc.StatusRuntimeException: CANCELLED: call already cancelled
	at org.apache.ratis.thirdparty.io.grpc.Status.asRuntimeException(Status.java:517)
	at org.apache.ratis.thirdparty.io.grpc.stub.ServerCalls$ServerCallStreamObserverImpl.onCompleted(ServerCalls.java:356)
	at org.apache.ratis.grpc.server.GrpcServerProtocolService$ServerRequestStreamObserver.onError(GrpcServerProtocolService.java:121)
	at org.apache.ratis.thirdparty.io.grpc.stub.ServerCalls$StreamingServerCallHandler$StreamingServerCallListener.onCancel(ServerCalls.java:269)
	at org.apache.ratis.thirdparty.io.grpc.internal.ServerCallImpl$ServerStreamListenerImpl.closed(ServerCallImpl.java:293)
	at org.apache.ratis.thirdparty.io.grpc.internal.ServerImpl$JumpToApplicationThreadServerStreamListener$1Closed.runInContext(ServerImpl.java:741)
	at org.apache.ratis.thirdparty.io.grpc.internal.ContextRunnable.run(ContextRunnable.java:37)
	at org.apache.ratis.thirdparty.io.grpc.internal.SerializingExecutor.run(SerializingExecutor.java:123)
	at java.util.concurrent.ThreadPoolExecutor.runWorker(ThreadPoolExecutor.java:1149)
	at java.util.concurrent.ThreadPoolExecutor$Worker.run(ThreadPoolExecutor.java:624)
	at java.lang.Thread.run(Thread.java:748)

Oct 16, 2019 8:35:57 AM org.apache.ratis.thirdparty.io.grpc.internal.SerializingExecutor run
SEVERE: Exception while executing runnable org.apache.ratis.thirdparty.io.grpc.internal.ServerImpl$JumpToApplicationThreadServerStreamListener$1Closed@38f21244
org.apache.ratis.thirdparty.io.grpc.StatusRuntimeException: CANCELLED: call already cancelled
	at org.apache.ratis.thirdparty.io.grpc.Status.asRuntimeException(Status.java:517)
	at org.apache.ratis.thirdparty.io.grpc.stub.ServerCalls$ServerCallStreamObserverImpl.onCompleted(ServerCalls.java:356)
	at org.apache.ratis.grpc.server.GrpcServerProtocolService$ServerRequestStreamObserver.onError(GrpcServerProtocolService.java:121)
	at org.apache.ratis.thirdparty.io.grpc.stub.ServerCalls$StreamingServerCallHandler$StreamingServerCallListener.onCancel(ServerCalls.java:269)
	at org.apache.ratis.thirdparty.io.grpc.internal.ServerCallImpl$ServerStreamListenerImpl.closed(ServerCallImpl.java:293)
	at org.apache.ratis.thirdparty.io.grpc.internal.ServerImpl$JumpToApplicationThreadServerStreamListener$1Closed.runInContext(ServerImpl.java:741)
	at org.apache.ratis.thirdparty.io.grpc.internal.ContextRunnable.run(ContextRunnable.java:37)
	at org.apache.ratis.thirdparty.io.grpc.internal.SerializingExecutor.run(SerializingExecutor.java:123)
	at java.util.concurrent.ThreadPoolExecutor.runWorker(ThreadPoolExecutor.java:1149)
	at java.util.concurrent.ThreadPoolExecutor$Worker.run(ThreadPoolExecutor.java:624)
	at java.lang.Thread.run(Thread.java:748)

Oct 16, 2019 8:35:57 AM org.apache.ratis.thirdparty.io.grpc.internal.SerializingExecutor run
SEVERE: Exception while executing runnable org.apache.ratis.thirdparty.io.grpc.internal.ClientCallImpl$ClientStreamListenerImpl$1StreamClosed@68709ccc
java.lang.NullPointerException
	at org.apache.ratis.grpc.server.GrpcLogAppender$AppendLogResponseHandler.onError(GrpcLogAppender.java:303)
	at org.apache.ratis.thirdparty.io.grpc.stub.ClientCalls$StreamObserverToCallListenerAdapter.onClose(ClientCalls.java:434)
	at org.apache.ratis.thirdparty.io.grpc.PartialForwardingClientCallListener.onClose(PartialForwardingClientCallListener.java:39)
	at org.apache.ratis.thirdparty.io.grpc.ForwardingClientCallListener.onClose(ForwardingClientCallListener.java:23)
	at org.apache.ratis.thirdparty.io.grpc.ForwardingClientCallListener$SimpleForwardingClientCallListener.onClose(ForwardingClientCallListener.java:40)
	at org.apache.ratis.thirdparty.io.grpc.internal.CensusStatsModule$StatsClientInterceptor$1$1.onClose(CensusStatsModule.java:678)
	at org.apache.ratis.thirdparty.io.grpc.PartialForwardingClientCallListener.onClose(PartialForwardingClientCallListener.java:39)
	at org.apache.ratis.thirdparty.io.grpc.ForwardingClientCallListener.onClose(ForwardingClientCallListener.java:23)
	at org.apache.ratis.thirdparty.io.grpc.ForwardingClientCallListener$SimpleForwardingClientCallListener.onClose(ForwardingClientCallListener.java:40)
	at org.apache.ratis.thirdparty.io.grpc.internal.CensusTracingModule$TracingClientInterceptor$1$1.onClose(CensusTracingModule.java:397)
	at org.apache.ratis.thirdparty.io.grpc.internal.ClientCallImpl.closeObserver(ClientCallImpl.java:459)
	at org.apache.ratis.thirdparty.io.grpc.internal.ClientCallImpl.access$300(ClientCallImpl.java:63)
	at org.apache.ratis.thirdparty.io.grpc.internal.ClientCallImpl$ClientStreamListenerImpl.close(ClientCallImpl.java:546)
	at org.apache.ratis.thirdparty.io.grpc.internal.ClientCallImpl$ClientStreamListenerImpl.access$600(ClientCallImpl.java:467)
	at org.apache.ratis.thirdparty.io.grpc.internal.ClientCallImpl$ClientStreamListenerImpl$1StreamClosed.runInContext(ClientCallImpl.java:584)
	at org.apache.ratis.thirdparty.io.grpc.internal.ContextRunnable.run(ContextRunnable.java:37)
	at org.apache.ratis.thirdparty.io.grpc.internal.SerializingExecutor.run(SerializingExecutor.java:123)
	at java.util.concurrent.ThreadPoolExecutor.runWorker(ThreadPoolExecutor.java:1149)
	at java.util.concurrent.ThreadPoolExecutor$Worker.run(ThreadPoolExecutor.java:624)
	at java.lang.Thread.run(Thread.java:748)

Oct 16, 2019 8:35:57 AM org.apache.ratis.thirdparty.io.grpc.internal.SerializingExecutor run
SEVERE: Exception while executing runnable org.apache.ratis.thirdparty.io.grpc.internal.ClientCallImpl$ClientStreamListenerImpl$1StreamClosed@7e37d3ef
java.lang.NullPointerException
	at org.apache.ratis.grpc.server.GrpcLogAppender$AppendLogResponseHandler.onError(GrpcLogAppender.java:303)
	at org.apache.ratis.thirdparty.io.grpc.stub.ClientCalls$StreamObserverToCallListenerAdapter.onClose(ClientCalls.java:434)
	at org.apache.ratis.thirdparty.io.grpc.PartialForwardingClientCallListener.onClose(PartialForwardingClientCallListener.java:39)
	at org.apache.ratis.thirdparty.io.grpc.ForwardingClientCallListener.onClose(ForwardingClientCallListener.java:23)
	at org.apache.ratis.thirdparty.io.grpc.ForwardingClientCallListener$SimpleForwardingClientCallListener.onClose(ForwardingClientCallListener.java:40)
	at org.apache.ratis.thirdparty.io.grpc.internal.CensusStatsModule$StatsClientInterceptor$1$1.onClose(CensusStatsModule.java:678)
	at org.apache.ratis.thirdparty.io.grpc.PartialForwardingClientCallListener.onClose(PartialForwardingClientCallListener.java:39)
	at org.apache.ratis.thirdparty.io.grpc.ForwardingClientCallListener.onClose(ForwardingClientCallListener.java:23)
	at org.apache.ratis.thirdparty.io.grpc.ForwardingClientCallListener$SimpleForwardingClientCallListener.onClose(ForwardingClientCallListener.java:40)
	at org.apache.ratis.thirdparty.io.grpc.internal.CensusTracingModule$TracingClientInterceptor$1$1.onClose(CensusTracingModule.java:397)
	at org.apache.ratis.thirdparty.io.grpc.internal.ClientCallImpl.closeObserver(ClientCallImpl.java:459)
	at org.apache.ratis.thirdparty.io.grpc.internal.ClientCallImpl.access$300(ClientCallImpl.java:63)
	at org.apache.ratis.thirdparty.io.grpc.internal.ClientCallImpl$ClientStreamListenerImpl.close(ClientCallImpl.java:546)
	at org.apache.ratis.thirdparty.io.grpc.internal.ClientCallImpl$ClientStreamListenerImpl.access$600(ClientCallImpl.java:467)
	at org.apache.ratis.thirdparty.io.grpc.internal.ClientCallImpl$ClientStreamListenerImpl$1StreamClosed.runInContext(ClientCallImpl.java:584)
	at org.apache.ratis.thirdparty.io.grpc.internal.ContextRunnable.run(ContextRunnable.java:37)
	at org.apache.ratis.thirdparty.io.grpc.internal.SerializingExecutor.run(SerializingExecutor.java:123)
	at java.util.concurrent.ThreadPoolExecutor.runWorker(ThreadPoolExecutor.java:1149)
	at java.util.concurrent.ThreadPoolExecutor$Worker.run(ThreadPoolExecutor.java:624)
	at java.lang.Thread.run(Thread.java:748)

]]></system-err>
  </testcase>
  <testcase name="testDeleteCreatesFakeParentDir" classname="org.apache.hadoop.fs.ozone.TestOzoneFileSystem" time="17.184">
    <error message="Releasing lock on resource /volume32649/bucket75050 without acquiring lock&#10;	at org.apache.hadoop.ozone.lock.LockManager.getLockForReleasing(LockManager.java:220)&#10;	at org.apache.hadoop.ozone.lock.LockManager.release(LockManager.java:168)&#10;	at org.apache.hadoop.ozone.lock.LockManager.writeUnlock(LockManager.java:148)&#10;	at org.apache.hadoop.ozone.om.lock.OzoneManagerLock.unlock(OzoneManagerLock.java:364)&#10;	at org.apache.hadoop.ozone.om.lock.OzoneManagerLock.releaseWriteLock(OzoneManagerLock.java:329)&#10;	at org.apache.hadoop.ozone.om.request.key.OMKeyCommitRequest.validateAndUpdateCache(OMKeyCommitRequest.java:177)&#10;	at org.apache.hadoop.ozone.protocolPB.OzoneManagerProtocolServerSideTranslatorPB.submitRequestDirectlyToOM(OzoneManagerProtocolServerSideTranslatorPB.java:219)&#10;	at org.apache.hadoop.ozone.protocolPB.OzoneManagerProtocolServerSideTranslatorPB.processRequest(OzoneManagerProtocolServerSideTranslatorPB.java:134)&#10;	at org.apache.hadoop.hdds.server.OzoneProtocolMessageDispatcher.processRequest(OzoneProtocolMessageDispatcher.java:72)&#10;	at org.apache.hadoop.ozone.protocolPB.OzoneManagerProtocolServerSideTranslatorPB.submitRequest(OzoneManagerProtocolServerSideTranslatorPB.java:100)&#10;	at org.apache.hadoop.ozone.protocol.proto.OzoneManagerProtocolProtos$OzoneManagerService$2.callBlockingMethod(OzoneManagerProtocolProtos.java)&#10;	at org.apache.hadoop.ipc.ProtobufRpcEngine$Server$ProtoBufRpcInvoker.call(ProtobufRpcEngine.java:524)&#10;	at org.apache.hadoop.ipc.RPC$Server.call(RPC.java:1025)&#10;	at org.apache.hadoop.ipc.Server$RpcCall.run(Server.java:876)&#10;	at org.apache.hadoop.ipc.Server$RpcCall.run(Server.java:822)&#10;	at java.security.AccessController.doPrivileged(Native Method)&#10;	at javax.security.auth.Subject.doAs(Subject.java:422)&#10;	at org.apache.hadoop.security.UserGroupInformation.doAs(UserGroupInformation.java:1730)&#10;	at org.apache.hadoop.ipc.Server$Handler.run(Server.java:2682)&#10;" type="org.apache.hadoop.ipc.RemoteException(java.lang.IllegalMonitorStateException)">org.apache.hadoop.ipc.RemoteException(java.lang.IllegalMonitorStateException): Releasing lock on resource /volume32649/bucket75050 without acquiring lock
	at org.apache.hadoop.ozone.lock.LockManager.getLockForReleasing(LockManager.java:220)
	at org.apache.hadoop.ozone.lock.LockManager.release(LockManager.java:168)
	at org.apache.hadoop.ozone.lock.LockManager.writeUnlock(LockManager.java:148)
	at org.apache.hadoop.ozone.om.lock.OzoneManagerLock.unlock(OzoneManagerLock.java:364)
	at org.apache.hadoop.ozone.om.lock.OzoneManagerLock.releaseWriteLock(OzoneManagerLock.java:329)
	at org.apache.hadoop.ozone.om.request.key.OMKeyCommitRequest.validateAndUpdateCache(OMKeyCommitRequest.java:177)
	at org.apache.hadoop.ozone.protocolPB.OzoneManagerProtocolServerSideTranslatorPB.submitRequestDirectlyToOM(OzoneManagerProtocolServerSideTranslatorPB.java:219)
	at org.apache.hadoop.ozone.protocolPB.OzoneManagerProtocolServerSideTranslatorPB.processRequest(OzoneManagerProtocolServerSideTranslatorPB.java:134)
	at org.apache.hadoop.hdds.server.OzoneProtocolMessageDispatcher.processRequest(OzoneProtocolMessageDispatcher.java:72)
	at org.apache.hadoop.ozone.protocolPB.OzoneManagerProtocolServerSideTranslatorPB.submitRequest(OzoneManagerProtocolServerSideTranslatorPB.java:100)
	at org.apache.hadoop.ozone.protocol.proto.OzoneManagerProtocolProtos$OzoneManagerService$2.callBlockingMethod(OzoneManagerProtocolProtos.java)
	at org.apache.hadoop.ipc.ProtobufRpcEngine$Server$ProtoBufRpcInvoker.call(ProtobufRpcEngine.java:524)
	at org.apache.hadoop.ipc.RPC$Server.call(RPC.java:1025)
	at org.apache.hadoop.ipc.Server$RpcCall.run(Server.java:876)
	at org.apache.hadoop.ipc.Server$RpcCall.run(Server.java:822)
	at java.security.AccessController.doPrivileged(Native Method)
	at javax.security.auth.Subject.doAs(Subject.java:422)
	at org.apache.hadoop.security.UserGroupInformation.doAs(UserGroupInformation.java:1730)
	at org.apache.hadoop.ipc.Server$Handler.run(Server.java:2682)

	at org.apache.hadoop.ipc.Client.getRpcResponse(Client.java:1511)
	at org.apache.hadoop.ipc.Client.call(Client.java:1457)
	at org.apache.hadoop.ipc.Client.call(Client.java:1367)
	at org.apache.hadoop.ipc.ProtobufRpcEngine$Invoker.invoke(ProtobufRpcEngine.java:228)
	at org.apache.hadoop.ipc.ProtobufRpcEngine$Invoker.invoke(ProtobufRpcEngine.java:116)
	at com.sun.proxy.$Proxy37.submitRequest(Unknown Source)
	at sun.reflect.GeneratedMethodAccessor20.invoke(Unknown Source)
	at sun.reflect.DelegatingMethodAccessorImpl.invoke(DelegatingMethodAccessorImpl.java:43)
	at java.lang.reflect.Method.invoke(Method.java:498)
	at org.apache.hadoop.io.retry.RetryInvocationHandler.invokeMethod(RetryInvocationHandler.java:422)
	at org.apache.hadoop.io.retry.RetryInvocationHandler$Call.invokeMethod(RetryInvocationHandler.java:165)
	at org.apache.hadoop.io.retry.RetryInvocationHandler$Call.invoke(RetryInvocationHandler.java:157)
	at org.apache.hadoop.io.retry.RetryInvocationHandler$Call.invokeOnce(RetryInvocationHandler.java:95)
	at org.apache.hadoop.io.retry.RetryInvocationHandler.invoke(RetryInvocationHandler.java:359)
	at com.sun.proxy.$Proxy37.submitRequest(Unknown Source)
	at org.apache.hadoop.ozone.om.protocolPB.OzoneManagerProtocolClientSideTranslatorPB.submitRequest(OzoneManagerProtocolClientSideTranslatorPB.java:338)
	at org.apache.hadoop.ozone.om.protocolPB.OzoneManagerProtocolClientSideTranslatorPB.commitKey(OzoneManagerProtocolClientSideTranslatorPB.java:789)
	at sun.reflect.NativeMethodAccessorImpl.invoke0(Native Method)
	at sun.reflect.NativeMethodAccessorImpl.invoke(NativeMethodAccessorImpl.java:62)
	at sun.reflect.DelegatingMethodAccessorImpl.invoke(DelegatingMethodAccessorImpl.java:43)
	at java.lang.reflect.Method.invoke(Method.java:498)
	at org.apache.hadoop.hdds.tracing.TraceAllMethod.invoke(TraceAllMethod.java:66)
	at com.sun.proxy.$Proxy38.commitKey(Unknown Source)
	at org.apache.hadoop.ozone.client.io.BlockOutputStreamEntryPool.commitKey(BlockOutputStreamEntryPool.java:277)
	at org.apache.hadoop.ozone.client.io.KeyOutputStream.close(KeyOutputStream.java:474)
	at org.apache.hadoop.fs.ozone.OzoneFSOutputStream.close(OzoneFSOutputStream.java:56)
	at org.apache.hadoop.fs.FSDataOutputStream$PositionCache.close(FSDataOutputStream.java:72)
	at org.apache.hadoop.fs.FSDataOutputStream.close(FSDataOutputStream.java:101)
	at org.apache.hadoop.fs.contract.ContractTestUtils.createFile(ContractTestUtils.java:638)
	at org.apache.hadoop.fs.contract.ContractTestUtils.touch(ContractTestUtils.java:669)
	at org.apache.hadoop.fs.ozone.TestOzoneFileSystem.testDeleteCreatesFakeParentDir(TestOzoneFileSystem.java:134)
	at sun.reflect.NativeMethodAccessorImpl.invoke0(Native Method)
	at sun.reflect.NativeMethodAccessorImpl.invoke(NativeMethodAccessorImpl.java:62)
	at sun.reflect.DelegatingMethodAccessorImpl.invoke(DelegatingMethodAccessorImpl.java:43)
	at java.lang.reflect.Method.invoke(Method.java:498)
	at org.junit.runners.model.FrameworkMethod$1.runReflectiveCall(FrameworkMethod.java:47)
	at org.junit.internal.runners.model.ReflectiveCallable.run(ReflectiveCallable.java:12)
	at org.junit.runners.model.FrameworkMethod.invokeExplosively(FrameworkMethod.java:44)
	at org.junit.internal.runners.statements.InvokeMethod.evaluate(InvokeMethod.java:17)
	at org.junit.internal.runners.statements.RunBefores.evaluate(RunBefores.java:26)
	at org.junit.internal.runners.statements.RunAfters.evaluate(RunAfters.java:27)
	at org.junit.internal.runners.statements.FailOnTimeout$StatementThread.run(FailOnTimeout.java:74)
</error>
    <system-out><![CDATA[2019-10-16 08:36:02,489 [Thread-1399] WARN  server.ServerUtils (ServerUtils.java:getScmDbDir(145)) - ozone.scm.db.dirs is not configured. We recommend adding this setting. Falling back to ozone.metadata.dirs instead.
2019-10-16 08:36:02,503 [Thread-1399] WARN  server.ServerUtils (ServerUtils.java:getScmDbDir(145)) - ozone.scm.db.dirs is not configured. We recommend adding this setting. Falling back to ozone.metadata.dirs instead.
2019-10-16 08:36:02,504 [Thread-1399] WARN  server.ServerUtils (ServerUtils.java:getScmDbDir(145)) - ozone.scm.db.dirs is not configured. We recommend adding this setting. Falling back to ozone.metadata.dirs instead.
2019-10-16 08:36:02,504 [Thread-1399] INFO  db.DBStoreBuilder (DBStoreBuilder.java:addTable(117)) - using custom profile for table: deletedBlocks
2019-10-16 08:36:02,505 [Thread-1399] INFO  db.DBStoreBuilder (DBStoreBuilder.java:processTables(168)) - Using default column profile:DBProfile.DISK for Table:deletedBlocks
2019-10-16 08:36:02,505 [Thread-1399] INFO  db.DBStoreBuilder (DBStoreBuilder.java:addTable(117)) - using custom profile for table: validCerts
2019-10-16 08:36:02,505 [Thread-1399] INFO  db.DBStoreBuilder (DBStoreBuilder.java:processTables(168)) - Using default column profile:DBProfile.DISK for Table:validCerts
2019-10-16 08:36:02,505 [Thread-1399] INFO  db.DBStoreBuilder (DBStoreBuilder.java:addTable(117)) - using custom profile for table: revokedCerts
2019-10-16 08:36:02,505 [Thread-1399] INFO  db.DBStoreBuilder (DBStoreBuilder.java:processTables(168)) - Using default column profile:DBProfile.DISK for Table:revokedCerts
2019-10-16 08:36:02,506 [Thread-1399] INFO  db.DBStoreBuilder (DBStoreBuilder.java:addTable(117)) - using custom profile for table: default
2019-10-16 08:36:02,506 [Thread-1399] INFO  db.DBStoreBuilder (DBStoreBuilder.java:processTables(174)) - Using default column profile:DBProfile.DISK for Table:default
2019-10-16 08:36:02,506 [Thread-1399] INFO  db.DBStoreBuilder (DBStoreBuilder.java:getDbProfile(205)) - Using default options. DBProfile.DISK
2019-10-16 08:36:02,755 [Thread-1399] INFO  net.NodeSchemaLoader (NodeSchemaLoader.java:loadSchemaFromFile(125)) - Loading file from sun.misc.CompoundEnumeration@7f47eb40
2019-10-16 08:36:02,755 [Thread-1399] INFO  net.NodeSchemaLoader (NodeSchemaLoader.java:loadSchema(171)) - Loading network topology layer schema file
2019-10-16 08:36:02,760 [Thread-1399] WARN  server.ServerUtils (ServerUtils.java:sanitizeUserArgs(70)) - ozone.scm.stale.node.interval value = 300000 is larger than max = 100000 based on the key value of ozone.scm.heartbeat.thread.interval, reset to the max value 100000.
2019-10-16 08:36:02,760 [Thread-1399] WARN  server.ServerUtils (ServerUtils.java:sanitizeUserArgs(70)) - ozone.scm.stale.node.interval value = 300000 is larger than max = 100000 based on the key value of ozone.scm.heartbeat.thread.interval, reset to the max value 100000.
2019-10-16 08:36:02,761 [Thread-1399] INFO  node.SCMNodeManager (SCMNodeManager.java:<init>(116)) - Entering startup safe mode.
2019-10-16 08:36:02,761 [Thread-1399] INFO  algorithms.ContainerPlacementPolicyFactory (ContainerPlacementPolicyFactory.java:getPolicy(57)) - Create container placement policy of type org.apache.hadoop.hdds.scm.container.placement.algorithms.SCMContainerPlacementRandom
2019-10-16 08:36:02,762 [Thread-1399] WARN  server.ServerUtils (ServerUtils.java:getScmDbDir(145)) - ozone.scm.db.dirs is not configured. We recommend adding this setting. Falling back to ozone.metadata.dirs instead.
2019-10-16 08:36:02,832 [Thread-1399] INFO  pipeline.SCMPipelineManager (SCMPipelineManager.java:initializePipelineState(132)) - No pipeline exists in current db
2019-10-16 08:36:02,832 [Thread-1399] WARN  server.ServerUtils (ServerUtils.java:getScmDbDir(145)) - ozone.scm.db.dirs is not configured. We recommend adding this setting. Falling back to ozone.metadata.dirs instead.
2019-10-16 08:36:02,897 [Thread-1399] WARN  events.EventQueue (EventQueue.java:fireEvent(183)) - No event handler registered for event TypedEvent{payloadType=SafeModeStatus, name='SafeModeStatus'}
2019-10-16 08:36:02,898 [Thread-1399] INFO  ipc.CallQueueManager (CallQueueManager.java:<init>(84)) - Using callQueue: class java.util.concurrent.LinkedBlockingQueue, queueCapacity: 2000, scheduler: class org.apache.hadoop.ipc.DefaultRpcScheduler, ipcBackoff: false.
2019-10-16 08:36:02,899 [Socket Reader #1 for port 42775] INFO  ipc.Server (Server.java:run(1074)) - Starting Socket Reader #1 for port 42775
2019-10-16 08:36:02,901 [Thread-1399] INFO  ipc.CallQueueManager (CallQueueManager.java:<init>(84)) - Using callQueue: class java.util.concurrent.LinkedBlockingQueue, queueCapacity: 2000, scheduler: class org.apache.hadoop.ipc.DefaultRpcScheduler, ipcBackoff: false.
2019-10-16 08:36:02,902 [Socket Reader #1 for port 40122] INFO  ipc.Server (Server.java:run(1074)) - Starting Socket Reader #1 for port 40122
2019-10-16 08:36:02,904 [Thread-1399] INFO  ipc.CallQueueManager (CallQueueManager.java:<init>(84)) - Using callQueue: class java.util.concurrent.LinkedBlockingQueue, queueCapacity: 2000, scheduler: class org.apache.hadoop.ipc.DefaultRpcScheduler, ipcBackoff: false.
2019-10-16 08:36:02,905 [Socket Reader #1 for port 40387] INFO  ipc.Server (Server.java:run(1074)) - Starting Socket Reader #1 for port 40387
2019-10-16 08:36:02,910 [Thread-1399] INFO  hdfs.DFSUtil (DFSUtil.java:httpServerTemplateForNNAndJN(1641)) - Starting Web-server for scm at: http://0.0.0.0:0
2019-10-16 08:36:02,913 [Thread-1399] INFO  server.AuthenticationFilter (AuthenticationFilter.java:constructSecretProvider(240)) - Unable to initialize FileSignerSecretProvider, falling back to use random secrets.
2019-10-16 08:36:02,913 [Thread-1399] WARN  http.HttpRequestLog (HttpRequestLog.java:getRequestLog(97)) - Jetty request log can only be enabled using Log4j
2019-10-16 08:36:02,916 [Thread-1399] INFO  http.HttpServer2 (HttpServer2.java:addGlobalFilter(975)) - Added global filter 'safety' (class=org.apache.hadoop.http.HttpServer2$QuotingInputFilter)
2019-10-16 08:36:02,917 [Thread-1399] INFO  http.HttpServer2 (HttpServer2.java:addFilter(948)) - Added filter static_user_filter (class=org.apache.hadoop.http.lib.StaticUserWebFilter$StaticUserFilter) to context scm
2019-10-16 08:36:02,917 [Thread-1399] INFO  http.HttpServer2 (HttpServer2.java:addFilter(958)) - Added filter static_user_filter (class=org.apache.hadoop.http.lib.StaticUserWebFilter$StaticUserFilter) to context static
2019-10-16 08:36:02,917 [Thread-1399] INFO  http.HttpServer2 (HttpServer2.java:addFilter(958)) - Added filter static_user_filter (class=org.apache.hadoop.http.lib.StaticUserWebFilter$StaticUserFilter) to context logs
2019-10-16 08:36:02,919 [Thread-1399] INFO  server.StorageContainerManager (StorageContainerManager.java:start(772)) - StorageContainerLocationProtocol RPC server is listening at /0.0.0.0:40387
2019-10-16 08:36:02,922 [Thread-1399] WARN  impl.MetricsConfig (MetricsConfig.java:loadFirst(134)) - Cannot locate configuration: tried hadoop-metrics2-storagecontainermanager.properties,hadoop-metrics2.properties
2019-10-16 08:36:02,923 [Thread-1399] INFO  impl.MetricsSystemImpl (MetricsSystemImpl.java:startTimer(374)) - Scheduled Metric snapshot period at 10 second(s).
2019-10-16 08:36:02,923 [Thread-1399] INFO  impl.MetricsSystemImpl (MetricsSystemImpl.java:start(191)) - StorageContainerManager metrics system started
2019-10-16 08:36:02,953 [Thread-1399] WARN  impl.MetricsSystemImpl (MetricsSystemImpl.java:register(276)) - Sink prometheus already exists!
2019-10-16 08:36:03,015 [Thread-1399] INFO  server.SCMClientProtocolServer (SCMClientProtocolServer.java:start(159)) - RPC server for Client  is listening at /0.0.0.0:40387
2019-10-16 08:36:03,016 [IPC Server Responder] INFO  ipc.Server (Server.java:run(1314)) - IPC Server Responder: starting
2019-10-16 08:36:03,016 [IPC Server listener on 40387] INFO  ipc.Server (Server.java:run(1153)) - IPC Server listener on 40387: starting
2019-10-16 08:36:03,020 [Thread-1399] INFO  server.StorageContainerManager (StorageContainerManager.java:start(782)) - ScmBlockLocationProtocol RPC server is listening at /0.0.0.0:40122
2019-10-16 08:36:03,021 [Thread-1399] INFO  server.SCMBlockProtocolServer (SCMBlockProtocolServer.java:start(146)) - RPC server for Block Protocol is listening at /0.0.0.0:40122
2019-10-16 08:36:03,021 [IPC Server Responder] INFO  ipc.Server (Server.java:run(1314)) - IPC Server Responder: starting
2019-10-16 08:36:03,021 [IPC Server listener on 40122] INFO  ipc.Server (Server.java:run(1153)) - IPC Server listener on 40122: starting
2019-10-16 08:36:03,025 [Thread-1399] INFO  server.StorageContainerManager (StorageContainerManager.java:start(786)) - ScmDatanodeProtocl RPC server is listening at /0.0.0.0:42775
2019-10-16 08:36:03,025 [Thread-1399] INFO  server.SCMDatanodeProtocolServer (SCMDatanodeProtocolServer.java:start(169)) - RPC server for DataNodes is listening at /0.0.0.0:42775
2019-10-16 08:36:03,026 [IPC Server Responder] INFO  ipc.Server (Server.java:run(1314)) - IPC Server Responder: starting
2019-10-16 08:36:03,029 [IPC Server listener on 42775] INFO  ipc.Server (Server.java:run(1153)) - IPC Server listener on 42775: starting
2019-10-16 08:36:03,034 [Thread-1399] INFO  http.HttpServer2 (HttpServer2.java:bindListener(1191)) - Jetty bound to port 46692
2019-10-16 08:36:03,034 [Thread-1399] INFO  server.Server (Server.java:doStart(351)) - jetty-9.3.25.v20180904, build timestamp: 2018-09-04T21:11:46Z, git hash: 3ce520221d0240229c862b122d2b06c12a625732
2019-10-16 08:36:03,036 [Thread-1399] INFO  handler.ContextHandler (ContextHandler.java:doStart(781)) - Started o.e.j.s.ServletContextHandler@775de150{/logs,file:///workdir/hadoop-ozone/ozonefs/target/log,AVAILABLE}
2019-10-16 08:36:03,037 [Thread-1399] INFO  handler.ContextHandler (ContextHandler.java:doStart(781)) - Started o.e.j.s.ServletContextHandler@7b53c699{/static,jar:file:/home/user/.m2/repository/org/apache/hadoop/hadoop-hdds-server-scm/0.5.0-SNAPSHOT/hadoop-hdds-server-scm-0.5.0-SNAPSHOT.jar!/webapps/static,AVAILABLE}
2019-10-16 08:36:03,094 [Thread-1399] INFO  handler.ContextHandler (ContextHandler.java:doStart(781)) - Started o.e.j.w.WebAppContext@4898b167{/,file:///tmp/jetty-0.0.0.0-46692-scm-_-any-3867816645753608985.dir/webapp/,AVAILABLE}{/scm}
2019-10-16 08:36:03,095 [Thread-1399] INFO  server.AbstractConnector (AbstractConnector.java:doStart(278)) - Started ServerConnector@24a1d0b5{HTTP/1.1,[http/1.1]}{0.0.0.0:46692}
2019-10-16 08:36:03,096 [Thread-1399] INFO  server.Server (Server.java:doStart(419)) - Started @91837ms
2019-10-16 08:36:03,096 [Thread-1399] WARN  impl.MetricsSystemImpl (MetricsSystemImpl.java:register(276)) - Sink prometheus already exists!
2019-10-16 08:36:03,097 [Thread-1399] INFO  server.BaseHttpServer (BaseHttpServer.java:updateConnectorAddress(215)) - HTTP server of SCM is listening at http://0.0.0.0:46692
2019-10-16 08:36:03,098 [Thread-1399] WARN  server.ServerUtils (ServerUtils.java:getDBPath(222)) - ozone.om.db.dirs is not configured. We recommend adding this setting. Falling back to ozone.metadata.dirs instead.
2019-10-16 08:36:03,099 [org.apache.hadoop.util.JvmPauseMonitor$Monitor@39526fae] INFO  util.JvmPauseMonitor (JvmPauseMonitor.java:run(188)) - Starting JVM pause monitor
2019-10-16 08:36:03,111 [Thread-1399] INFO  ha.OMHANodeDetails (OMHANodeDetails.java:loadOMHAConfig(190)) - Configuration either no ozone.om.address set. Falling back to the default OM address /127.0.0.1:0
2019-10-16 08:36:03,111 [Thread-1399] INFO  ha.OMHANodeDetails (OMHANodeDetails.java:getOMNodeDetails(220)) - OM Service ID is not set. Setting it to the default ID: omServiceIdDefault
2019-10-16 08:36:03,112 [Thread-1399] WARN  server.ServerUtils (ServerUtils.java:getDBPath(222)) - ozone.om.db.dirs is not configured. We recommend adding this setting. Falling back to ozone.metadata.dirs instead.
2019-10-16 08:36:03,112 [Thread-1399] WARN  server.ServerUtils (ServerUtils.java:getDBPath(222)) - ozone.om.db.dirs is not configured. We recommend adding this setting. Falling back to ozone.metadata.dirs instead.
2019-10-16 08:36:03,124 [Thread-1399] WARN  server.ServerUtils (ServerUtils.java:getDBPath(222)) - ozone.om.db.dirs is not configured. We recommend adding this setting. Falling back to ozone.metadata.dirs instead.
2019-10-16 08:36:03,124 [Thread-1399] INFO  db.DBStoreBuilder (DBStoreBuilder.java:addTable(117)) - using custom profile for table: userTable
2019-10-16 08:36:03,124 [Thread-1399] INFO  db.DBStoreBuilder (DBStoreBuilder.java:processTables(168)) - Using default column profile:DBProfile.DISK for Table:userTable
2019-10-16 08:36:03,124 [Thread-1399] INFO  db.DBStoreBuilder (DBStoreBuilder.java:addTable(117)) - using custom profile for table: volumeTable
2019-10-16 08:36:03,124 [Thread-1399] INFO  db.DBStoreBuilder (DBStoreBuilder.java:processTables(168)) - Using default column profile:DBProfile.DISK for Table:volumeTable
2019-10-16 08:36:03,125 [Thread-1399] INFO  db.DBStoreBuilder (DBStoreBuilder.java:addTable(117)) - using custom profile for table: bucketTable
2019-10-16 08:36:03,125 [Thread-1399] INFO  db.DBStoreBuilder (DBStoreBuilder.java:processTables(168)) - Using default column profile:DBProfile.DISK for Table:bucketTable
2019-10-16 08:36:03,125 [Thread-1399] INFO  db.DBStoreBuilder (DBStoreBuilder.java:addTable(117)) - using custom profile for table: keyTable
2019-10-16 08:36:03,125 [Thread-1399] INFO  db.DBStoreBuilder (DBStoreBuilder.java:processTables(168)) - Using default column profile:DBProfile.DISK for Table:keyTable
2019-10-16 08:36:03,125 [Thread-1399] INFO  db.DBStoreBuilder (DBStoreBuilder.java:addTable(117)) - using custom profile for table: deletedTable
2019-10-16 08:36:03,125 [Thread-1399] INFO  db.DBStoreBuilder (DBStoreBuilder.java:processTables(168)) - Using default column profile:DBProfile.DISK for Table:deletedTable
2019-10-16 08:36:03,125 [Thread-1399] INFO  db.DBStoreBuilder (DBStoreBuilder.java:addTable(117)) - using custom profile for table: openKeyTable
2019-10-16 08:36:03,125 [Thread-1399] INFO  db.DBStoreBuilder (DBStoreBuilder.java:processTables(168)) - Using default column profile:DBProfile.DISK for Table:openKeyTable
2019-10-16 08:36:03,126 [Thread-1399] INFO  db.DBStoreBuilder (DBStoreBuilder.java:addTable(117)) - using custom profile for table: s3Table
2019-10-16 08:36:03,126 [Thread-1399] INFO  db.DBStoreBuilder (DBStoreBuilder.java:processTables(168)) - Using default column profile:DBProfile.DISK for Table:s3Table
2019-10-16 08:36:03,126 [Thread-1399] INFO  db.DBStoreBuilder (DBStoreBuilder.java:addTable(117)) - using custom profile for table: multipartInfoTable
2019-10-16 08:36:03,126 [Thread-1399] INFO  db.DBStoreBuilder (DBStoreBuilder.java:processTables(168)) - Using default column profile:DBProfile.DISK for Table:multipartInfoTable
2019-10-16 08:36:03,126 [Thread-1399] INFO  db.DBStoreBuilder (DBStoreBuilder.java:addTable(117)) - using custom profile for table: dTokenTable
2019-10-16 08:36:03,126 [Thread-1399] INFO  db.DBStoreBuilder (DBStoreBuilder.java:processTables(168)) - Using default column profile:DBProfile.DISK for Table:dTokenTable
2019-10-16 08:36:03,126 [Thread-1399] INFO  db.DBStoreBuilder (DBStoreBuilder.java:addTable(117)) - using custom profile for table: s3SecretTable
2019-10-16 08:36:03,126 [Thread-1399] INFO  db.DBStoreBuilder (DBStoreBuilder.java:processTables(168)) - Using default column profile:DBProfile.DISK for Table:s3SecretTable
2019-10-16 08:36:03,126 [Thread-1399] INFO  db.DBStoreBuilder (DBStoreBuilder.java:addTable(117)) - using custom profile for table: prefixTable
2019-10-16 08:36:03,127 [Thread-1399] INFO  db.DBStoreBuilder (DBStoreBuilder.java:processTables(168)) - Using default column profile:DBProfile.DISK for Table:prefixTable
2019-10-16 08:36:03,127 [Thread-1399] INFO  db.DBStoreBuilder (DBStoreBuilder.java:addTable(117)) - using custom profile for table: default
2019-10-16 08:36:03,127 [Thread-1399] INFO  db.DBStoreBuilder (DBStoreBuilder.java:processTables(174)) - Using default column profile:DBProfile.DISK for Table:default
2019-10-16 08:36:03,127 [Thread-1399] INFO  db.DBStoreBuilder (DBStoreBuilder.java:getDbProfile(205)) - Using default options. DBProfile.DISK
2019-10-16 08:36:03,701 [Thread-1399] INFO  ipc.CallQueueManager (CallQueueManager.java:<init>(84)) - Using callQueue: class java.util.concurrent.LinkedBlockingQueue, queueCapacity: 2000, scheduler: class org.apache.hadoop.ipc.DefaultRpcScheduler, ipcBackoff: false.
2019-10-16 08:36:03,702 [Socket Reader #1 for port 41800] INFO  ipc.Server (Server.java:run(1074)) - Starting Socket Reader #1 for port 41800
2019-10-16 08:36:03,726 [Thread-1399] INFO  om.OzoneManager (OzoneManager.java:start(1074)) - OzoneManager RPC server is listening at localhost/127.0.0.1:41800
2019-10-16 08:36:03,727 [Thread-1399] INFO  impl.MetricsSystemImpl (MetricsSystemImpl.java:init(158)) - OzoneManager metrics system started (again)
2019-10-16 08:36:03,728 [IPC Server Responder] INFO  ipc.Server (Server.java:run(1314)) - IPC Server Responder: starting
2019-10-16 08:36:03,729 [IPC Server listener on 41800] INFO  ipc.Server (Server.java:run(1153)) - IPC Server listener on 41800: starting
2019-10-16 08:36:03,735 [Thread-1399] INFO  hdfs.DFSUtil (DFSUtil.java:httpServerTemplateForNNAndJN(1641)) - Starting Web-server for ozoneManager at: http://0.0.0.0:0
2019-10-16 08:36:03,738 [Thread-1399] INFO  server.AuthenticationFilter (AuthenticationFilter.java:constructSecretProvider(240)) - Unable to initialize FileSignerSecretProvider, falling back to use random secrets.
2019-10-16 08:36:03,738 [Thread-1399] WARN  http.HttpRequestLog (HttpRequestLog.java:getRequestLog(97)) - Jetty request log can only be enabled using Log4j
2019-10-16 08:36:03,741 [Thread-1399] INFO  http.HttpServer2 (HttpServer2.java:addGlobalFilter(975)) - Added global filter 'safety' (class=org.apache.hadoop.http.HttpServer2$QuotingInputFilter)
2019-10-16 08:36:03,742 [Thread-1399] INFO  http.HttpServer2 (HttpServer2.java:addFilter(948)) - Added filter static_user_filter (class=org.apache.hadoop.http.lib.StaticUserWebFilter$StaticUserFilter) to context ozoneManager
2019-10-16 08:36:03,742 [Thread-1399] INFO  http.HttpServer2 (HttpServer2.java:addFilter(958)) - Added filter static_user_filter (class=org.apache.hadoop.http.lib.StaticUserWebFilter$StaticUserFilter) to context logs
2019-10-16 08:36:03,742 [Thread-1399] INFO  http.HttpServer2 (HttpServer2.java:addFilter(958)) - Added filter static_user_filter (class=org.apache.hadoop.http.lib.StaticUserWebFilter$StaticUserFilter) to context static
2019-10-16 08:36:03,743 [Thread-1399] INFO  http.HttpServer2 (HttpServer2.java:bindListener(1191)) - Jetty bound to port 35289
2019-10-16 08:36:03,743 [Thread-1399] INFO  server.Server (Server.java:doStart(351)) - jetty-9.3.25.v20180904, build timestamp: 2018-09-04T21:11:46Z, git hash: 3ce520221d0240229c862b122d2b06c12a625732
2019-10-16 08:36:03,745 [Thread-1399] INFO  handler.ContextHandler (ContextHandler.java:doStart(781)) - Started o.e.j.s.ServletContextHandler@34fe84b2{/logs,file:///workdir/hadoop-ozone/ozonefs/target/log,AVAILABLE}
2019-10-16 08:36:03,746 [Thread-1399] INFO  handler.ContextHandler (ContextHandler.java:doStart(781)) - Started o.e.j.s.ServletContextHandler@7b769da8{/static,jar:file:/home/user/.m2/repository/org/apache/hadoop/hadoop-ozone-ozone-manager/0.5.0-SNAPSHOT/hadoop-ozone-ozone-manager-0.5.0-SNAPSHOT.jar!/webapps/static,AVAILABLE}
2019-10-16 08:36:03,801 [Thread-1399] INFO  handler.ContextHandler (ContextHandler.java:doStart(781)) - Started o.e.j.w.WebAppContext@298f73cb{/,file:///tmp/jetty-0.0.0.0-35289-ozoneManager-_-any-2003384212196085358.dir/webapp/,AVAILABLE}{/ozoneManager}
2019-10-16 08:36:03,801 [Thread-1399] INFO  server.AbstractConnector (AbstractConnector.java:doStart(278)) - Started ServerConnector@2d1f9847{HTTP/1.1,[http/1.1]}{0.0.0.0:35289}
2019-10-16 08:36:03,801 [Thread-1399] INFO  server.Server (Server.java:doStart(419)) - Started @92543ms
2019-10-16 08:36:03,802 [Thread-1399] WARN  impl.MetricsSystemImpl (MetricsSystemImpl.java:register(276)) - Sink prometheus already exists!
2019-10-16 08:36:03,803 [Thread-1399] INFO  server.BaseHttpServer (BaseHttpServer.java:updateConnectorAddress(215)) - HTTP server of OZONEMANAGER is listening at http://0.0.0.0:35289
2019-10-16 08:36:03,814 [Thread-1399] INFO  impl.MetricsSystemImpl (MetricsSystemImpl.java:init(158)) - HddsDatanode metrics system started (again)
2019-10-16 08:36:03,818 [Thread-1399] INFO  ozone.HddsDatanodeService (HddsDatanodeService.java:start(184)) - HddsDatanodeService host:pr-hdds-1737-dstl4-2900247166 ip:192.168.34.43
2019-10-16 08:36:03,826 [Thread-1399] INFO  volume.HddsVolume (HddsVolume.java:<init>(176)) - Creating Volume: /workdir/hadoop-ozone/ozonefs/target/test-dir/MiniOzoneClusterImpl-a4f49011-21f0-48c2-b9b9-375256d173f4/datanode-0/data/containers/hdds of  storage type : DISK and capacity : 1482555576320
2019-10-16 08:36:03,826 [Thread-1399] INFO  volume.VolumeSet (VolumeSet.java:initializeVolumeSet(170)) - Added Volume : /workdir/hadoop-ozone/ozonefs/target/test-dir/MiniOzoneClusterImpl-a4f49011-21f0-48c2-b9b9-375256d173f4/datanode-0/data/containers/hdds to VolumeSet
2019-10-16 08:36:03,826 [Thread-1399] INFO  volume.ThrottledAsyncChecker (ThrottledAsyncChecker.java:schedule(141)) - Scheduling a check for /workdir/hadoop-ozone/ozonefs/target/test-dir/MiniOzoneClusterImpl-a4f49011-21f0-48c2-b9b9-375256d173f4/datanode-0/data/containers/hdds
2019-10-16 08:36:03,827 [Thread-1399] INFO  volume.HddsVolumeChecker (HddsVolumeChecker.java:checkAllVolumes(204)) - Scheduled health check for volume /workdir/hadoop-ozone/ozonefs/target/test-dir/MiniOzoneClusterImpl-a4f49011-21f0-48c2-b9b9-375256d173f4/datanode-0/data/containers/hdds
2019-10-16 08:36:03,855 [Thread-1399] INFO  impl.RaftServerProxy (ConfUtils.java:logGet(43)) - raft.rpc.type = GRPC (default)
2019-10-16 08:36:03,856 [Thread-1399] INFO  grpc.GrpcFactory (GrpcFactory.java:checkPooledByteBufAllocatorUseCacheForAllThreads(45)) - PERFORMANCE WARNING: useCacheForAllThreads is true that may cause Netty to create a lot garbage objects and, as a result, trigger GC.
	It is recommended to disable useCacheForAllThreads by setting -Dorg.apache.ratis.thirdparty.io.netty.allocator.useCacheForAllThreads=false in command line.
2019-10-16 08:36:03,856 [Thread-1399] INFO  grpc.GrpcConfigKeys$Server (ConfUtils.java:logGet(43)) - raft.grpc.server.port = 0 (default)
2019-10-16 08:36:03,856 [Thread-1399] INFO  server.GrpcService (ConfUtils.java:logGet(43)) - raft.grpc.message.size.max = 33570816 (custom)
2019-10-16 08:36:03,856 [Thread-1399] INFO  server.RaftServerConfigKeys (ConfUtils.java:logGet(43)) - raft.server.log.appender.buffer.byte-limit = 33554432 (custom)
2019-10-16 08:36:03,856 [Thread-1399] INFO  server.GrpcService (ConfUtils.java:logGet(43)) - raft.grpc.flow.control.window = 1MB (=1048576) (default)
2019-10-16 08:36:03,857 [Thread-1399] INFO  server.RaftServerConfigKeys (ConfUtils.java:logGet(43)) - raft.server.rpc.request.timeout = 3000ms (default)
2019-10-16 08:36:03,857 [Thread-1399] INFO  server.RaftServerConfigKeys (ConfUtils.java:logGet(43)) - raft.server.storage.dir = [/workdir/hadoop-ozone/ozonefs/target/test-dir/MiniOzoneClusterImpl-a4f49011-21f0-48c2-b9b9-375256d173f4/datanode-0/data/ratis] (custom)
2019-10-16 08:36:03,861 [Thread-1399] INFO  hdfs.DFSUtil (DFSUtil.java:httpServerTemplateForNNAndJN(1641)) - Starting Web-server for hddsDatanode at: http://0.0.0.0:0
2019-10-16 08:36:03,862 [Thread-1399] INFO  server.AuthenticationFilter (AuthenticationFilter.java:constructSecretProvider(240)) - Unable to initialize FileSignerSecretProvider, falling back to use random secrets.
2019-10-16 08:36:03,863 [Thread-1399] WARN  http.HttpRequestLog (HttpRequestLog.java:getRequestLog(97)) - Jetty request log can only be enabled using Log4j
2019-10-16 08:36:03,865 [Thread-1399] INFO  http.HttpServer2 (HttpServer2.java:addGlobalFilter(975)) - Added global filter 'safety' (class=org.apache.hadoop.http.HttpServer2$QuotingInputFilter)
2019-10-16 08:36:03,866 [Thread-1399] INFO  http.HttpServer2 (HttpServer2.java:addFilter(948)) - Added filter static_user_filter (class=org.apache.hadoop.http.lib.StaticUserWebFilter$StaticUserFilter) to context hddsDatanode
2019-10-16 08:36:03,866 [Thread-1399] INFO  http.HttpServer2 (HttpServer2.java:addFilter(958)) - Added filter static_user_filter (class=org.apache.hadoop.http.lib.StaticUserWebFilter$StaticUserFilter) to context static
2019-10-16 08:36:03,866 [Thread-1399] INFO  http.HttpServer2 (HttpServer2.java:addFilter(958)) - Added filter static_user_filter (class=org.apache.hadoop.http.lib.StaticUserWebFilter$StaticUserFilter) to context logs
2019-10-16 08:36:03,867 [Thread-1399] INFO  http.HttpServer2 (HttpServer2.java:bindListener(1191)) - Jetty bound to port 37601
2019-10-16 08:36:03,867 [Thread-1399] INFO  server.Server (Server.java:doStart(351)) - jetty-9.3.25.v20180904, build timestamp: 2018-09-04T21:11:46Z, git hash: 3ce520221d0240229c862b122d2b06c12a625732
2019-10-16 08:36:03,870 [Thread-1399] INFO  handler.ContextHandler (ContextHandler.java:doStart(781)) - Started o.e.j.s.ServletContextHandler@75446408{/logs,file:///workdir/hadoop-ozone/ozonefs/target/log,AVAILABLE}
2019-10-16 08:36:03,870 [Thread-1399] INFO  handler.ContextHandler (ContextHandler.java:doStart(781)) - Started o.e.j.s.ServletContextHandler@8720a29{/static,jar:file:/home/user/.m2/repository/org/apache/hadoop/hadoop-hdds-container-service/0.5.0-SNAPSHOT/hadoop-hdds-container-service-0.5.0-SNAPSHOT.jar!/webapps/static,AVAILABLE}
2019-10-16 08:36:03,913 [Thread-1399] INFO  handler.ContextHandler (ContextHandler.java:doStart(781)) - Started o.e.j.w.WebAppContext@57531eb2{/,file:///tmp/jetty-0.0.0.0-37601-hddsDatanode-_-any-9177471859111302319.dir/webapp/,AVAILABLE}{/hddsDatanode}
2019-10-16 08:36:03,914 [Thread-1399] INFO  server.AbstractConnector (AbstractConnector.java:doStart(278)) - Started ServerConnector@65de02e1{HTTP/1.1,[http/1.1]}{0.0.0.0:37601}
2019-10-16 08:36:03,915 [Thread-1399] INFO  server.Server (Server.java:doStart(419)) - Started @92657ms
2019-10-16 08:36:03,915 [Thread-1399] WARN  impl.MetricsSystemImpl (MetricsSystemImpl.java:register(276)) - Sink prometheus already exists!
2019-10-16 08:36:03,916 [Thread-1399] INFO  server.BaseHttpServer (BaseHttpServer.java:updateConnectorAddress(215)) - HTTP server of HDDSDATANODE is listening at http://0.0.0.0:37601
2019-10-16 08:36:03,917 [Thread-1399] INFO  impl.MetricsSystemImpl (MetricsSystemImpl.java:init(158)) - HddsDatanode metrics system started (again)
2019-10-16 08:36:03,922 [org.apache.hadoop.util.JvmPauseMonitor$Monitor@51dc39f1] INFO  util.JvmPauseMonitor (JvmPauseMonitor.java:run(188)) - Starting JVM pause monitor
2019-10-16 08:36:03,922 [Thread-1399] INFO  ozone.HddsDatanodeService (HddsDatanodeService.java:start(184)) - HddsDatanodeService host:pr-hdds-1737-dstl4-2900247166 ip:192.168.34.43
2019-10-16 08:36:03,926 [Datanode State Machine Thread - 0] INFO  datanode.InitDatanodeState (InitDatanodeState.java:persistContainerDatanodeDetails(140)) - DatanodeDetails is persisted to /workdir/hadoop-ozone/ozonefs/target/test-dir/MiniOzoneClusterImpl-a4f49011-21f0-48c2-b9b9-375256d173f4/datanode-0/meta/datanode.id
2019-10-16 08:36:03,930 [Thread-1399] INFO  volume.HddsVolume (HddsVolume.java:<init>(176)) - Creating Volume: /workdir/hadoop-ozone/ozonefs/target/test-dir/MiniOzoneClusterImpl-a4f49011-21f0-48c2-b9b9-375256d173f4/datanode-1/data/containers/hdds of  storage type : DISK and capacity : 1482555576320
2019-10-16 08:36:03,930 [Thread-1399] INFO  volume.VolumeSet (VolumeSet.java:initializeVolumeSet(170)) - Added Volume : /workdir/hadoop-ozone/ozonefs/target/test-dir/MiniOzoneClusterImpl-a4f49011-21f0-48c2-b9b9-375256d173f4/datanode-1/data/containers/hdds to VolumeSet
2019-10-16 08:36:03,931 [Thread-1399] INFO  volume.ThrottledAsyncChecker (ThrottledAsyncChecker.java:schedule(141)) - Scheduling a check for /workdir/hadoop-ozone/ozonefs/target/test-dir/MiniOzoneClusterImpl-a4f49011-21f0-48c2-b9b9-375256d173f4/datanode-1/data/containers/hdds
2019-10-16 08:36:03,931 [Thread-1399] INFO  volume.HddsVolumeChecker (HddsVolumeChecker.java:checkAllVolumes(204)) - Scheduled health check for volume /workdir/hadoop-ozone/ozonefs/target/test-dir/MiniOzoneClusterImpl-a4f49011-21f0-48c2-b9b9-375256d173f4/datanode-1/data/containers/hdds
2019-10-16 08:36:03,955 [Thread-1399] INFO  impl.RaftServerProxy (ConfUtils.java:logGet(43)) - raft.rpc.type = GRPC (default)
2019-10-16 08:36:03,955 [Thread-1399] INFO  grpc.GrpcFactory (GrpcFactory.java:checkPooledByteBufAllocatorUseCacheForAllThreads(45)) - PERFORMANCE WARNING: useCacheForAllThreads is true that may cause Netty to create a lot garbage objects and, as a result, trigger GC.
	It is recommended to disable useCacheForAllThreads by setting -Dorg.apache.ratis.thirdparty.io.netty.allocator.useCacheForAllThreads=false in command line.
2019-10-16 08:36:03,956 [Thread-1399] INFO  grpc.GrpcConfigKeys$Server (ConfUtils.java:logGet(43)) - raft.grpc.server.port = 0 (default)
2019-10-16 08:36:03,956 [Thread-1399] INFO  server.GrpcService (ConfUtils.java:logGet(43)) - raft.grpc.message.size.max = 33570816 (custom)
2019-10-16 08:36:03,956 [Thread-1399] INFO  server.RaftServerConfigKeys (ConfUtils.java:logGet(43)) - raft.server.log.appender.buffer.byte-limit = 33554432 (custom)
2019-10-16 08:36:03,956 [Thread-1399] INFO  server.GrpcService (ConfUtils.java:logGet(43)) - raft.grpc.flow.control.window = 1MB (=1048576) (default)
2019-10-16 08:36:03,956 [Thread-1399] INFO  server.RaftServerConfigKeys (ConfUtils.java:logGet(43)) - raft.server.rpc.request.timeout = 3000ms (default)
2019-10-16 08:36:03,957 [Thread-1399] INFO  server.RaftServerConfigKeys (ConfUtils.java:logGet(43)) - raft.server.storage.dir = [/workdir/hadoop-ozone/ozonefs/target/test-dir/MiniOzoneClusterImpl-a4f49011-21f0-48c2-b9b9-375256d173f4/datanode-1/data/ratis] (custom)
2019-10-16 08:36:03,959 [Thread-1399] INFO  hdfs.DFSUtil (DFSUtil.java:httpServerTemplateForNNAndJN(1641)) - Starting Web-server for hddsDatanode at: http://0.0.0.0:0
2019-10-16 08:36:03,961 [Thread-1399] INFO  server.AuthenticationFilter (AuthenticationFilter.java:constructSecretProvider(240)) - Unable to initialize FileSignerSecretProvider, falling back to use random secrets.
2019-10-16 08:36:03,961 [Thread-1399] WARN  http.HttpRequestLog (HttpRequestLog.java:getRequestLog(97)) - Jetty request log can only be enabled using Log4j
2019-10-16 08:36:03,963 [Thread-1399] INFO  http.HttpServer2 (HttpServer2.java:addGlobalFilter(975)) - Added global filter 'safety' (class=org.apache.hadoop.http.HttpServer2$QuotingInputFilter)
2019-10-16 08:36:03,964 [Thread-1399] INFO  http.HttpServer2 (HttpServer2.java:addFilter(948)) - Added filter static_user_filter (class=org.apache.hadoop.http.lib.StaticUserWebFilter$StaticUserFilter) to context hddsDatanode
2019-10-16 08:36:03,964 [Thread-1399] INFO  http.HttpServer2 (HttpServer2.java:addFilter(958)) - Added filter static_user_filter (class=org.apache.hadoop.http.lib.StaticUserWebFilter$StaticUserFilter) to context logs
2019-10-16 08:36:03,964 [Thread-1399] INFO  http.HttpServer2 (HttpServer2.java:addFilter(958)) - Added filter static_user_filter (class=org.apache.hadoop.http.lib.StaticUserWebFilter$StaticUserFilter) to context static
2019-10-16 08:36:03,965 [Thread-1399] INFO  http.HttpServer2 (HttpServer2.java:bindListener(1191)) - Jetty bound to port 42762
2019-10-16 08:36:03,965 [Thread-1399] INFO  server.Server (Server.java:doStart(351)) - jetty-9.3.25.v20180904, build timestamp: 2018-09-04T21:11:46Z, git hash: 3ce520221d0240229c862b122d2b06c12a625732
2019-10-16 08:36:03,967 [Thread-1399] INFO  handler.ContextHandler (ContextHandler.java:doStart(781)) - Started o.e.j.s.ServletContextHandler@76da2902{/logs,file:///workdir/hadoop-ozone/ozonefs/target/log,AVAILABLE}
2019-10-16 08:36:03,967 [Thread-1399] INFO  handler.ContextHandler (ContextHandler.java:doStart(781)) - Started o.e.j.s.ServletContextHandler@416f28b2{/static,jar:file:/home/user/.m2/repository/org/apache/hadoop/hadoop-hdds-container-service/0.5.0-SNAPSHOT/hadoop-hdds-container-service-0.5.0-SNAPSHOT.jar!/webapps/static,AVAILABLE}
2019-10-16 08:36:04,003 [Thread-1399] INFO  handler.ContextHandler (ContextHandler.java:doStart(781)) - Started o.e.j.w.WebAppContext@4be89488{/,file:///tmp/jetty-0.0.0.0-42762-hddsDatanode-_-any-333699765336456496.dir/webapp/,AVAILABLE}{/hddsDatanode}
2019-10-16 08:36:04,003 [Thread-1399] INFO  server.AbstractConnector (AbstractConnector.java:doStart(278)) - Started ServerConnector@49ff102f{HTTP/1.1,[http/1.1]}{0.0.0.0:42762}
2019-10-16 08:36:04,004 [Thread-1399] INFO  server.Server (Server.java:doStart(419)) - Started @92746ms
2019-10-16 08:36:04,004 [Thread-1399] WARN  impl.MetricsSystemImpl (MetricsSystemImpl.java:register(276)) - Sink prometheus already exists!
2019-10-16 08:36:04,005 [Thread-1399] INFO  server.BaseHttpServer (BaseHttpServer.java:updateConnectorAddress(215)) - HTTP server of HDDSDATANODE is listening at http://0.0.0.0:42762
2019-10-16 08:36:04,006 [Thread-1399] INFO  impl.MetricsSystemImpl (MetricsSystemImpl.java:init(158)) - HddsDatanode metrics system started (again)
2019-10-16 08:36:04,010 [org.apache.hadoop.util.JvmPauseMonitor$Monitor@6b2c3265] INFO  util.JvmPauseMonitor (JvmPauseMonitor.java:run(188)) - Starting JVM pause monitor
2019-10-16 08:36:04,010 [Thread-1399] INFO  ozone.HddsDatanodeService (HddsDatanodeService.java:start(184)) - HddsDatanodeService host:pr-hdds-1737-dstl4-2900247166 ip:192.168.34.43
2019-10-16 08:36:04,011 [Datanode State Machine Thread - 0] INFO  datanode.InitDatanodeState (InitDatanodeState.java:persistContainerDatanodeDetails(140)) - DatanodeDetails is persisted to /workdir/hadoop-ozone/ozonefs/target/test-dir/MiniOzoneClusterImpl-a4f49011-21f0-48c2-b9b9-375256d173f4/datanode-1/meta/datanode.id
2019-10-16 08:36:04,016 [Thread-1399] INFO  volume.HddsVolume (HddsVolume.java:<init>(176)) - Creating Volume: /workdir/hadoop-ozone/ozonefs/target/test-dir/MiniOzoneClusterImpl-a4f49011-21f0-48c2-b9b9-375256d173f4/datanode-2/data/containers/hdds of  storage type : DISK and capacity : 1482555576320
2019-10-16 08:36:04,016 [Thread-1399] INFO  volume.VolumeSet (VolumeSet.java:initializeVolumeSet(170)) - Added Volume : /workdir/hadoop-ozone/ozonefs/target/test-dir/MiniOzoneClusterImpl-a4f49011-21f0-48c2-b9b9-375256d173f4/datanode-2/data/containers/hdds to VolumeSet
2019-10-16 08:36:04,017 [Thread-1399] INFO  volume.ThrottledAsyncChecker (ThrottledAsyncChecker.java:schedule(141)) - Scheduling a check for /workdir/hadoop-ozone/ozonefs/target/test-dir/MiniOzoneClusterImpl-a4f49011-21f0-48c2-b9b9-375256d173f4/datanode-2/data/containers/hdds
2019-10-16 08:36:04,017 [Thread-1399] INFO  volume.HddsVolumeChecker (HddsVolumeChecker.java:checkAllVolumes(204)) - Scheduled health check for volume /workdir/hadoop-ozone/ozonefs/target/test-dir/MiniOzoneClusterImpl-a4f49011-21f0-48c2-b9b9-375256d173f4/datanode-2/data/containers/hdds
2019-10-16 08:36:04,037 [Thread-1399] INFO  impl.RaftServerProxy (ConfUtils.java:logGet(43)) - raft.rpc.type = GRPC (default)
2019-10-16 08:36:04,038 [Thread-1399] INFO  grpc.GrpcFactory (GrpcFactory.java:checkPooledByteBufAllocatorUseCacheForAllThreads(45)) - PERFORMANCE WARNING: useCacheForAllThreads is true that may cause Netty to create a lot garbage objects and, as a result, trigger GC.
	It is recommended to disable useCacheForAllThreads by setting -Dorg.apache.ratis.thirdparty.io.netty.allocator.useCacheForAllThreads=false in command line.
2019-10-16 08:36:04,038 [Thread-1399] INFO  grpc.GrpcConfigKeys$Server (ConfUtils.java:logGet(43)) - raft.grpc.server.port = 0 (default)
2019-10-16 08:36:04,038 [Thread-1399] INFO  server.GrpcService (ConfUtils.java:logGet(43)) - raft.grpc.message.size.max = 33570816 (custom)
2019-10-16 08:36:04,038 [Thread-1399] INFO  server.RaftServerConfigKeys (ConfUtils.java:logGet(43)) - raft.server.log.appender.buffer.byte-limit = 33554432 (custom)
2019-10-16 08:36:04,038 [Thread-1399] INFO  server.GrpcService (ConfUtils.java:logGet(43)) - raft.grpc.flow.control.window = 1MB (=1048576) (default)
2019-10-16 08:36:04,038 [Thread-1399] INFO  server.RaftServerConfigKeys (ConfUtils.java:logGet(43)) - raft.server.rpc.request.timeout = 3000ms (default)
2019-10-16 08:36:04,039 [Thread-1399] INFO  server.RaftServerConfigKeys (ConfUtils.java:logGet(43)) - raft.server.storage.dir = [/workdir/hadoop-ozone/ozonefs/target/test-dir/MiniOzoneClusterImpl-a4f49011-21f0-48c2-b9b9-375256d173f4/datanode-2/data/ratis] (custom)
2019-10-16 08:36:04,041 [Thread-1399] INFO  hdfs.DFSUtil (DFSUtil.java:httpServerTemplateForNNAndJN(1641)) - Starting Web-server for hddsDatanode at: http://0.0.0.0:0
2019-10-16 08:36:04,042 [Thread-1399] INFO  server.AuthenticationFilter (AuthenticationFilter.java:constructSecretProvider(240)) - Unable to initialize FileSignerSecretProvider, falling back to use random secrets.
2019-10-16 08:36:04,043 [Thread-1399] WARN  http.HttpRequestLog (HttpRequestLog.java:getRequestLog(97)) - Jetty request log can only be enabled using Log4j
2019-10-16 08:36:04,045 [Thread-1399] INFO  http.HttpServer2 (HttpServer2.java:addGlobalFilter(975)) - Added global filter 'safety' (class=org.apache.hadoop.http.HttpServer2$QuotingInputFilter)
2019-10-16 08:36:04,045 [Thread-1399] INFO  http.HttpServer2 (HttpServer2.java:addFilter(948)) - Added filter static_user_filter (class=org.apache.hadoop.http.lib.StaticUserWebFilter$StaticUserFilter) to context hddsDatanode
2019-10-16 08:36:04,046 [Thread-1399] INFO  http.HttpServer2 (HttpServer2.java:addFilter(958)) - Added filter static_user_filter (class=org.apache.hadoop.http.lib.StaticUserWebFilter$StaticUserFilter) to context static
2019-10-16 08:36:04,046 [Thread-1399] INFO  http.HttpServer2 (HttpServer2.java:addFilter(958)) - Added filter static_user_filter (class=org.apache.hadoop.http.lib.StaticUserWebFilter$StaticUserFilter) to context logs
2019-10-16 08:36:04,046 [Thread-1399] INFO  http.HttpServer2 (HttpServer2.java:bindListener(1191)) - Jetty bound to port 46148
2019-10-16 08:36:04,046 [Thread-1399] INFO  server.Server (Server.java:doStart(351)) - jetty-9.3.25.v20180904, build timestamp: 2018-09-04T21:11:46Z, git hash: 3ce520221d0240229c862b122d2b06c12a625732
2019-10-16 08:36:04,048 [Thread-1399] INFO  handler.ContextHandler (ContextHandler.java:doStart(781)) - Started o.e.j.s.ServletContextHandler@bdd8871{/logs,file:///workdir/hadoop-ozone/ozonefs/target/log,AVAILABLE}
2019-10-16 08:36:04,048 [Thread-1399] INFO  handler.ContextHandler (ContextHandler.java:doStart(781)) - Started o.e.j.s.ServletContextHandler@d95f4{/static,jar:file:/home/user/.m2/repository/org/apache/hadoop/hadoop-hdds-container-service/0.5.0-SNAPSHOT/hadoop-hdds-container-service-0.5.0-SNAPSHOT.jar!/webapps/static,AVAILABLE}
2019-10-16 08:36:04,077 [Thread-1399] INFO  handler.ContextHandler (ContextHandler.java:doStart(781)) - Started o.e.j.w.WebAppContext@62f43a15{/,file:///tmp/jetty-0.0.0.0-46148-hddsDatanode-_-any-3894862044372616339.dir/webapp/,AVAILABLE}{/hddsDatanode}
2019-10-16 08:36:04,077 [Thread-1399] INFO  server.AbstractConnector (AbstractConnector.java:doStart(278)) - Started ServerConnector@349b26c2{HTTP/1.1,[http/1.1]}{0.0.0.0:46148}
2019-10-16 08:36:04,078 [Thread-1399] INFO  server.Server (Server.java:doStart(419)) - Started @92819ms
2019-10-16 08:36:04,079 [Thread-1399] WARN  impl.MetricsSystemImpl (MetricsSystemImpl.java:register(276)) - Sink prometheus already exists!
2019-10-16 08:36:04,080 [Thread-1399] INFO  server.BaseHttpServer (BaseHttpServer.java:updateConnectorAddress(215)) - HTTP server of HDDSDATANODE is listening at http://0.0.0.0:46148
2019-10-16 08:36:04,080 [Thread-1399] INFO  ozone.MiniOzoneClusterImpl (MiniOzoneClusterImpl.java:lambda$waitForClusterToBeReady$0(147)) - Waiting for cluster to be ready. Got 0 of 3 DN Heartbeats.
2019-10-16 08:36:04,081 [org.apache.hadoop.util.JvmPauseMonitor$Monitor@3513e039] INFO  util.JvmPauseMonitor (JvmPauseMonitor.java:run(188)) - Starting JVM pause monitor
2019-10-16 08:36:04,082 [Datanode State Machine Thread - 0] INFO  datanode.InitDatanodeState (InitDatanodeState.java:persistContainerDatanodeDetails(140)) - DatanodeDetails is persisted to /workdir/hadoop-ozone/ozonefs/target/test-dir/MiniOzoneClusterImpl-a4f49011-21f0-48c2-b9b9-375256d173f4/datanode-2/meta/datanode.id
2019-10-16 08:36:04,305 [java.util.concurrent.ThreadPoolExecutor$Worker@7010d4da[State = -1, empty queue]] WARN  server.GrpcLogAppender (GrpcLogAppender.java:timeoutAppendRequest(209)) - b8f86d4f-ce81-4c2a-b333-645152dec0b7@group-AEFBE84D5B7C->c7711d2d-f5e1-49d5-80ef-e12254347f85-GrpcLogAppender: appendEntries Timeout, request=b8f86d4f-ce81-4c2a-b333-645152dec0b7->c7711d2d-f5e1-49d5-80ef-e12254347f85#5-t1, previous=(t:1, i:0), leaderCommit=0, initializing? false, entries: <empty>
2019-10-16 08:36:04,306 [java.util.concurrent.ThreadPoolExecutor$Worker@7d1b4706[State = -1, empty queue]] WARN  server.GrpcLogAppender (GrpcLogAppender.java:timeoutAppendRequest(209)) - b8f86d4f-ce81-4c2a-b333-645152dec0b7@group-AEFBE84D5B7C->4f4a8cb7-afd3-4b40-bfaf-deb7169fcab3-GrpcLogAppender: appendEntries Timeout, request=b8f86d4f-ce81-4c2a-b333-645152dec0b7->4f4a8cb7-afd3-4b40-bfaf-deb7169fcab3#5-t1, previous=(t:1, i:0), leaderCommit=0, initializing? false, entries: <empty>
2019-10-16 08:36:05,080 [Thread-1399] INFO  ozone.MiniOzoneClusterImpl (MiniOzoneClusterImpl.java:lambda$waitForClusterToBeReady$0(147)) - Waiting for cluster to be ready. Got 0 of 3 DN Heartbeats.
2019-10-16 08:36:05,944 [Datanode State Machine Thread - 0] INFO  ozoneimpl.OzoneContainer (OzoneContainer.java:start(213)) - Attempting to start container services.
2019-10-16 08:36:05,946 [Datanode State Machine Thread - 0] INFO  ozoneimpl.OzoneContainer (OzoneContainer.java:startContainerScrub(177)) - Background container scanner has been disabled.
2019-10-16 08:36:05,946 [Datanode State Machine Thread - 0] INFO  ratis.XceiverServerRatis (XceiverServerRatis.java:start(418)) - Starting XceiverServerRatis 0ef9c181-c357-4b80-9f89-54102192c238 at port 0
2019-10-16 08:36:05,956 [Datanode State Machine Thread - 0] INFO  impl.RaftServerProxy (RaftServerProxy.java:lambda$start$3(299)) - 0ef9c181-c357-4b80-9f89-54102192c238: start RPC server
2019-10-16 08:36:05,959 [Datanode State Machine Thread - 0] INFO  server.GrpcService (GrpcService.java:startImpl(158)) - 0ef9c181-c357-4b80-9f89-54102192c238: GrpcService started, listening on 0.0.0.0/0.0.0.0:36765
2019-10-16 08:36:05,959 [Datanode State Machine Thread - 0] INFO  ratis.XceiverServerRatis (XceiverServerRatis.java:start(428)) - XceiverServerRatis 0ef9c181-c357-4b80-9f89-54102192c238 is started using port 36765
2019-10-16 08:36:05,959 [Datanode State Machine Thread - 0] INFO  server.XceiverServerGrpc (XceiverServerGrpc.java:start(149)) - XceiverServerGrpc 0ef9c181-c357-4b80-9f89-54102192c238 is started using port 35570
2019-10-16 08:36:06,025 [Datanode State Machine Thread - 0] INFO  ozoneimpl.OzoneContainer (OzoneContainer.java:start(213)) - Attempting to start container services.
2019-10-16 08:36:06,026 [Datanode State Machine Thread - 0] INFO  ozoneimpl.OzoneContainer (OzoneContainer.java:startContainerScrub(177)) - Background container scanner has been disabled.
2019-10-16 08:36:06,026 [Datanode State Machine Thread - 0] INFO  ratis.XceiverServerRatis (XceiverServerRatis.java:start(418)) - Starting XceiverServerRatis cf7616c0-b7a9-46d3-a120-555ec0bb4231 at port 0
2019-10-16 08:36:06,034 [Datanode State Machine Thread - 0] INFO  impl.RaftServerProxy (RaftServerProxy.java:lambda$start$3(299)) - cf7616c0-b7a9-46d3-a120-555ec0bb4231: start RPC server
2019-10-16 08:36:06,036 [Datanode State Machine Thread - 0] INFO  server.GrpcService (GrpcService.java:startImpl(158)) - cf7616c0-b7a9-46d3-a120-555ec0bb4231: GrpcService started, listening on 0.0.0.0/0.0.0.0:39054
2019-10-16 08:36:06,036 [Datanode State Machine Thread - 0] INFO  ratis.XceiverServerRatis (XceiverServerRatis.java:start(428)) - XceiverServerRatis cf7616c0-b7a9-46d3-a120-555ec0bb4231 is started using port 39054
2019-10-16 08:36:06,037 [Datanode State Machine Thread - 0] INFO  server.XceiverServerGrpc (XceiverServerGrpc.java:start(149)) - XceiverServerGrpc cf7616c0-b7a9-46d3-a120-555ec0bb4231 is started using port 39749
2019-10-16 08:36:06,081 [Thread-1399] INFO  ozone.MiniOzoneClusterImpl (MiniOzoneClusterImpl.java:lambda$waitForClusterToBeReady$0(147)) - Waiting for cluster to be ready. Got 0 of 3 DN Heartbeats.
2019-10-16 08:36:06,095 [Datanode State Machine Thread - 0] INFO  ozoneimpl.OzoneContainer (OzoneContainer.java:start(213)) - Attempting to start container services.
2019-10-16 08:36:06,095 [Datanode State Machine Thread - 0] INFO  ozoneimpl.OzoneContainer (OzoneContainer.java:startContainerScrub(177)) - Background container scanner has been disabled.
2019-10-16 08:36:06,095 [Datanode State Machine Thread - 0] INFO  ratis.XceiverServerRatis (XceiverServerRatis.java:start(418)) - Starting XceiverServerRatis b6a38e6f-30d2-489f-b507-9253c85dd42d at port 0
2019-10-16 08:36:06,105 [Datanode State Machine Thread - 0] INFO  impl.RaftServerProxy (RaftServerProxy.java:lambda$start$3(299)) - b6a38e6f-30d2-489f-b507-9253c85dd42d: start RPC server
2019-10-16 08:36:06,106 [Datanode State Machine Thread - 0] INFO  server.GrpcService (GrpcService.java:startImpl(158)) - b6a38e6f-30d2-489f-b507-9253c85dd42d: GrpcService started, listening on 0.0.0.0/0.0.0.0:37329
2019-10-16 08:36:06,106 [Datanode State Machine Thread - 0] INFO  ratis.XceiverServerRatis (XceiverServerRatis.java:start(428)) - XceiverServerRatis b6a38e6f-30d2-489f-b507-9253c85dd42d is started using port 37329
2019-10-16 08:36:06,107 [Datanode State Machine Thread - 0] INFO  server.XceiverServerGrpc (XceiverServerGrpc.java:start(149)) - XceiverServerGrpc b6a38e6f-30d2-489f-b507-9253c85dd42d is started using port 35398
2019-10-16 08:36:07,081 [Thread-1399] INFO  ozone.MiniOzoneClusterImpl (MiniOzoneClusterImpl.java:lambda$waitForClusterToBeReady$0(147)) - Waiting for cluster to be ready. Got 0 of 3 DN Heartbeats.
2019-10-16 08:36:07,927 [IPC Server handler 0 on 42775] INFO  net.NetworkTopology (NetworkTopologyImpl.java:add(111)) - Added a new node: /default-rack/0ef9c181-c357-4b80-9f89-54102192c238
2019-10-16 08:36:07,929 [IPC Server handler 0 on 42775] INFO  node.SCMNodeManager (SCMNodeManager.java:register(268)) - Registered Data node : 0ef9c181-c357-4b80-9f89-54102192c238{ip: 192.168.34.43, host: pr-hdds-1737-dstl4-2900247166, networkLocation: /default-rack, certSerialId: null}
2019-10-16 08:36:07,929 [EventQueue-NodeRegistrationContainerReportForDataNodeSafeModeRule] INFO  safemode.SCMSafeModeManager (DataNodeSafeModeRule.java:process(71)) - SCM in safe mode. 1 DataNodes registered, 1 required.
2019-10-16 08:36:07,931 [EventQueue-NodeRegistrationContainerReportForDataNodeSafeModeRule] INFO  safemode.SCMSafeModeManager (SCMSafeModeManager.java:validateSafeModeExitRules(177)) - ScmSafeModeManager, all rules are successfully validated
2019-10-16 08:36:07,931 [EventQueue-NodeRegistrationContainerReportForDataNodeSafeModeRule] INFO  safemode.SCMSafeModeManager (SCMSafeModeManager.java:exitSafeMode(193)) - SCM exiting safe mode.
2019-10-16 08:36:07,944 [grpc-default-executor-0] INFO  impl.RaftServerProxy (RaftServerProxy.java:addNew(89)) - 0ef9c181-c357-4b80-9f89-54102192c238: addNew group-86259E07FB5A:[0ef9c181-c357-4b80-9f89-54102192c238:192.168.34.43:36765] returns group-86259E07FB5A:java.util.concurrent.CompletableFuture@76e91dd[Not completed]
2019-10-16 08:36:07,946 [pool-277-thread-1] INFO  impl.RaftServerImpl (RaftServerImpl.java:<init>(104)) - 0ef9c181-c357-4b80-9f89-54102192c238: new RaftServerImpl for group-86259E07FB5A:[0ef9c181-c357-4b80-9f89-54102192c238:192.168.34.43:36765] with ContainerStateMachine:uninitialized
2019-10-16 08:36:07,946 [pool-277-thread-1] INFO  server.RaftServerConfigKeys (ConfUtils.java:logGet(43)) - raft.server.rpc.timeout.min = 5s (custom)
2019-10-16 08:36:07,946 [pool-277-thread-1] INFO  server.RaftServerConfigKeys (ConfUtils.java:logGet(43)) - raft.server.rpc.timeout.max = 5200ms (custom)
2019-10-16 08:36:07,946 [pool-277-thread-1] INFO  server.RaftServerConfigKeys (ConfUtils.java:logGet(43)) - raft.server.rpcslowness.timeout = 120s (custom)
2019-10-16 08:36:07,947 [pool-277-thread-1] INFO  server.RaftServerConfigKeys (ConfUtils.java:logGet(43)) - raft.server.sleep.deviation.threshold = 300 (default)
2019-10-16 08:36:07,947 [pool-277-thread-1] INFO  server.RaftServerConfigKeys (ConfUtils.java:logGet(43)) - raft.server.log.appender.install.snapshot.enabled = false (custom)
2019-10-16 08:36:07,947 [pool-277-thread-1] INFO  impl.RaftServerImpl (ServerState.java:<init>(103)) - 0ef9c181-c357-4b80-9f89-54102192c238@group-86259E07FB5A: ConfigurationManager, init=-1: [0ef9c181-c357-4b80-9f89-54102192c238:192.168.34.43:36765], old=null, confs=<EMPTY_MAP>
2019-10-16 08:36:07,947 [pool-277-thread-1] INFO  server.RaftServerConfigKeys (ConfUtils.java:logGet(43)) - raft.server.storage.dir = [/workdir/hadoop-ozone/ozonefs/target/test-dir/MiniOzoneClusterImpl-a4f49011-21f0-48c2-b9b9-375256d173f4/datanode-0/data/ratis] (custom)
2019-10-16 08:36:07,947 [pool-277-thread-1] INFO  server.RaftServerConfigKeys (ConfUtils.java:logGet(43)) - raft.server.log.corruption.policy = EXCEPTION (default)
2019-10-16 08:36:07,948 [pool-277-thread-1] INFO  storage.RaftStorageDirectory (RaftStorageDirectory.java:analyzeStorage(246)) - The storage directory /workdir/hadoop-ozone/ozonefs/target/test-dir/MiniOzoneClusterImpl-a4f49011-21f0-48c2-b9b9-375256d173f4/datanode-0/data/ratis/23311964-057c-4051-8591-86259e07fb5a does not exist. Creating ...
2019-10-16 08:36:07,961 [pool-277-thread-1] INFO  storage.RaftStorageDirectory (RaftStorageDirectory.java:tryLock(328)) - Lock on /workdir/hadoop-ozone/ozonefs/target/test-dir/MiniOzoneClusterImpl-a4f49011-21f0-48c2-b9b9-375256d173f4/datanode-0/data/ratis/23311964-057c-4051-8591-86259e07fb5a/in_use.lock acquired by nodename 18686@pr-hdds-1737-dstl4-2900247166
2019-10-16 08:36:07,974 [pool-277-thread-1] INFO  storage.RaftStorage (RaftStorage.java:format(84)) - Storage directory /workdir/hadoop-ozone/ozonefs/target/test-dir/MiniOzoneClusterImpl-a4f49011-21f0-48c2-b9b9-375256d173f4/datanode-0/data/ratis/23311964-057c-4051-8591-86259e07fb5a has been successfully formatted.
2019-10-16 08:36:07,975 [pool-277-thread-1] INFO  ratis.ContainerStateMachine (ContainerStateMachine.java:loadSnapshot(231)) - group-86259E07FB5A: The snapshot info is null. Setting the last applied indexto:(t:0, i:~)
2019-10-16 08:36:07,975 [pool-277-thread-1] INFO  server.RaftServerConfigKeys (ConfUtils.java:logGet(43)) - raft.server.notification.no-leader.timeout = 120s (custom)
2019-10-16 08:36:07,975 [pool-277-thread-1] INFO  server.RaftServerConfigKeys (ConfUtils.java:logGet(43)) - raft.server.log.use.memory = false (default)
2019-10-16 08:36:07,975 [pool-277-thread-1] INFO  server.RaftServerConfigKeys (ConfUtils.java:logGet(43)) - raft.server.log.purge.gap = 1000000 (custom)
2019-10-16 08:36:07,975 [pool-277-thread-1] INFO  server.RaftServerConfigKeys (ConfUtils.java:logGet(43)) - raft.server.log.appender.buffer.byte-limit = 33554432 (custom)
2019-10-16 08:36:07,975 [pool-277-thread-1] INFO  server.RaftServerConfigKeys (ConfUtils.java:logGet(43)) - raft.server.log.segment.size.max = 1048576 (custom)
2019-10-16 08:36:07,978 [pool-277-thread-1] INFO  server.RaftServerConfigKeys (ConfUtils.java:logGet(43)) - raft.server.log.segment.cache.num.max = 2 (custom)
2019-10-16 08:36:07,978 [pool-277-thread-1] INFO  segmented.SegmentedRaftLogWorker (SegmentedRaftLogWorker.java:<init>(173)) - new 0ef9c181-c357-4b80-9f89-54102192c238@group-86259E07FB5A-SegmentedRaftLogWorker for RaftStorage:Storage Directory /workdir/hadoop-ozone/ozonefs/target/test-dir/MiniOzoneClusterImpl-a4f49011-21f0-48c2-b9b9-375256d173f4/datanode-0/data/ratis/23311964-057c-4051-8591-86259e07fb5a
2019-10-16 08:36:07,978 [pool-277-thread-1] INFO  server.RaftServerConfigKeys (ConfUtils.java:logGet(43)) - raft.server.log.queue.byte-limit = 2147483647 (custom)
2019-10-16 08:36:07,978 [pool-277-thread-1] INFO  server.RaftServerConfigKeys (ConfUtils.java:logGet(43)) - raft.server.log.queue.element-limit = 1024 (custom)
2019-10-16 08:36:07,978 [pool-277-thread-1] INFO  server.RaftServerConfigKeys (ConfUtils.java:logGet(43)) - raft.server.log.segment.size.max = 1048576 (custom)
2019-10-16 08:36:07,978 [pool-277-thread-1] INFO  server.RaftServerConfigKeys (ConfUtils.java:logGet(43)) - raft.server.log.preallocated.size = 16384 (custom)
2019-10-16 08:36:07,978 [pool-277-thread-1] INFO  server.RaftServerConfigKeys (ConfUtils.java:logGet(43)) - raft.server.log.write.buffer.size = 33554432 (custom)
2019-10-16 08:36:07,979 [pool-277-thread-1] INFO  server.RaftServerConfigKeys (ConfUtils.java:logGet(43)) - raft.server.log.force.sync.num = 128 (default)
2019-10-16 08:36:07,979 [pool-277-thread-1] INFO  server.RaftServerConfigKeys (ConfUtils.java:logGet(43)) - raft.server.log.statemachine.data.sync = true (default)
2019-10-16 08:36:07,979 [pool-277-thread-1] INFO  server.RaftServerConfigKeys (ConfUtils.java:logGet(43)) - raft.server.log.statemachine.data.sync.timeout = 10s (default)
2019-10-16 08:36:07,979 [pool-277-thread-1] INFO  server.RaftServerConfigKeys (ConfUtils.java:logGet(43)) - raft.server.log.statemachine.data.sync.timeout.retry = -1 (default)
2019-10-16 08:36:07,979 [pool-277-thread-1] INFO  server.RaftServerConfigKeys (ConfUtils.java:logGet(43)) - raft.server.log.statemachine.data.caching.enabled = true (custom)
2019-10-16 08:36:07,980 [pool-277-thread-1] INFO  segmented.SegmentedRaftLogWorker (SegmentedRaftLogWorker.java:lambda$new$0(128)) - 0ef9c181-c357-4b80-9f89-54102192c238@group-86259E07FB5A-SegmentedRaftLogWorker: flushIndex: setUnconditionally 0 -> -1
2019-10-16 08:36:07,980 [pool-277-thread-1] INFO  server.RaftServerConfigKeys (ConfUtils.java:logGet(43)) - raft.server.snapshot.auto.trigger.enabled = true (custom)
2019-10-16 08:36:07,980 [pool-277-thread-1] INFO  server.RaftServerConfigKeys (ConfUtils.java:logGet(43)) - raft.server.snapshot.auto.trigger.threshold = 10000 (custom)
2019-10-16 08:36:07,980 [pool-277-thread-1] INFO  server.RaftServerConfigKeys (ConfUtils.java:logGet(43)) - raft.server.snapshot.retention.file.num = 5 (custom)
2019-10-16 08:36:07,981 [pool-277-thread-1] INFO  server.RaftServerConfigKeys (ConfUtils.java:logGet(43)) - raft.server.retrycache.expirytime = 600000ms (custom)
2019-10-16 08:36:07,984 [pool-277-thread-1] INFO  impl.RaftServerImpl (RaftServerImpl.java:start(195)) - 0ef9c181-c357-4b80-9f89-54102192c238@group-86259E07FB5A: start as a follower, conf=-1: [0ef9c181-c357-4b80-9f89-54102192c238:192.168.34.43:36765], old=null
2019-10-16 08:36:07,984 [pool-277-thread-1] INFO  impl.RaftServerImpl (RaftServerImpl.java:setRole(184)) - 0ef9c181-c357-4b80-9f89-54102192c238@group-86259E07FB5A: changes role from      null to FOLLOWER at term 0 for startAsFollower
2019-10-16 08:36:07,984 [pool-277-thread-1] INFO  impl.RoleInfo (RoleInfo.java:updateAndGet(143)) - 0ef9c181-c357-4b80-9f89-54102192c238: start FollowerState
2019-10-16 08:36:07,985 [pool-277-thread-1] INFO  util.JmxRegister (JmxRegister.java:tryRegister(44)) - Successfully registered JMX Bean with object name Ratis:service=RaftServer,group=group-86259E07FB5A,id=0ef9c181-c357-4b80-9f89-54102192c238
2019-10-16 08:36:07,993 [RatisPipelineUtilsThread] INFO  pipeline.PipelineStateManager (PipelineStateManager.java:addPipeline(56)) - Created pipeline Pipeline[ Id: 23311964-057c-4051-8591-86259e07fb5a, Nodes: 0ef9c181-c357-4b80-9f89-54102192c238{ip: 192.168.34.43, host: pr-hdds-1737-dstl4-2900247166, networkLocation: /default-rack, certSerialId: null}, Type:RATIS, Factor:ONE, State:OPEN]
2019-10-16 08:36:08,012 [IPC Server handler 3 on 42775] INFO  net.NetworkTopology (NetworkTopologyImpl.java:add(111)) - Added a new node: /default-rack/cf7616c0-b7a9-46d3-a120-555ec0bb4231
2019-10-16 08:36:08,012 [IPC Server handler 3 on 42775] INFO  node.SCMNodeManager (SCMNodeManager.java:register(268)) - Registered Data node : cf7616c0-b7a9-46d3-a120-555ec0bb4231{ip: 192.168.34.43, host: pr-hdds-1737-dstl4-2900247166, networkLocation: /default-rack, certSerialId: null}
2019-10-16 08:36:08,021 [grpc-default-executor-0] INFO  impl.RaftServerProxy (RaftServerProxy.java:addNew(89)) - cf7616c0-b7a9-46d3-a120-555ec0bb4231: addNew group-57800EF4BE29:[cf7616c0-b7a9-46d3-a120-555ec0bb4231:192.168.34.43:39054] returns group-57800EF4BE29:java.util.concurrent.CompletableFuture@1452e5bc[Not completed]
2019-10-16 08:36:08,024 [pool-287-thread-1] INFO  impl.RaftServerImpl (RaftServerImpl.java:<init>(104)) - cf7616c0-b7a9-46d3-a120-555ec0bb4231: new RaftServerImpl for group-57800EF4BE29:[cf7616c0-b7a9-46d3-a120-555ec0bb4231:192.168.34.43:39054] with ContainerStateMachine:uninitialized
2019-10-16 08:36:08,024 [pool-287-thread-1] INFO  server.RaftServerConfigKeys (ConfUtils.java:logGet(43)) - raft.server.rpc.timeout.min = 5s (custom)
2019-10-16 08:36:08,024 [pool-287-thread-1] INFO  server.RaftServerConfigKeys (ConfUtils.java:logGet(43)) - raft.server.rpc.timeout.max = 5200ms (custom)
2019-10-16 08:36:08,025 [pool-287-thread-1] INFO  server.RaftServerConfigKeys (ConfUtils.java:logGet(43)) - raft.server.rpcslowness.timeout = 120s (custom)
2019-10-16 08:36:08,025 [pool-287-thread-1] INFO  server.RaftServerConfigKeys (ConfUtils.java:logGet(43)) - raft.server.sleep.deviation.threshold = 300 (default)
2019-10-16 08:36:08,025 [pool-287-thread-1] INFO  server.RaftServerConfigKeys (ConfUtils.java:logGet(43)) - raft.server.log.appender.install.snapshot.enabled = false (custom)
2019-10-16 08:36:08,025 [pool-287-thread-1] INFO  impl.RaftServerImpl (ServerState.java:<init>(103)) - cf7616c0-b7a9-46d3-a120-555ec0bb4231@group-57800EF4BE29: ConfigurationManager, init=-1: [cf7616c0-b7a9-46d3-a120-555ec0bb4231:192.168.34.43:39054], old=null, confs=<EMPTY_MAP>
2019-10-16 08:36:08,025 [pool-287-thread-1] INFO  server.RaftServerConfigKeys (ConfUtils.java:logGet(43)) - raft.server.storage.dir = [/workdir/hadoop-ozone/ozonefs/target/test-dir/MiniOzoneClusterImpl-a4f49011-21f0-48c2-b9b9-375256d173f4/datanode-1/data/ratis] (custom)
2019-10-16 08:36:08,026 [pool-287-thread-1] INFO  server.RaftServerConfigKeys (ConfUtils.java:logGet(43)) - raft.server.log.corruption.policy = EXCEPTION (default)
2019-10-16 08:36:08,026 [pool-287-thread-1] INFO  storage.RaftStorageDirectory (RaftStorageDirectory.java:analyzeStorage(246)) - The storage directory /workdir/hadoop-ozone/ozonefs/target/test-dir/MiniOzoneClusterImpl-a4f49011-21f0-48c2-b9b9-375256d173f4/datanode-1/data/ratis/4d46fe1b-5859-436b-8911-57800ef4be29 does not exist. Creating ...
2019-10-16 08:36:08,040 [pool-287-thread-1] INFO  storage.RaftStorageDirectory (RaftStorageDirectory.java:tryLock(328)) - Lock on /workdir/hadoop-ozone/ozonefs/target/test-dir/MiniOzoneClusterImpl-a4f49011-21f0-48c2-b9b9-375256d173f4/datanode-1/data/ratis/4d46fe1b-5859-436b-8911-57800ef4be29/in_use.lock acquired by nodename 18686@pr-hdds-1737-dstl4-2900247166
2019-10-16 08:36:08,061 [pool-287-thread-1] INFO  storage.RaftStorage (RaftStorage.java:format(84)) - Storage directory /workdir/hadoop-ozone/ozonefs/target/test-dir/MiniOzoneClusterImpl-a4f49011-21f0-48c2-b9b9-375256d173f4/datanode-1/data/ratis/4d46fe1b-5859-436b-8911-57800ef4be29 has been successfully formatted.
2019-10-16 08:36:08,061 [pool-287-thread-1] INFO  ratis.ContainerStateMachine (ContainerStateMachine.java:loadSnapshot(231)) - group-57800EF4BE29: The snapshot info is null. Setting the last applied indexto:(t:0, i:~)
2019-10-16 08:36:08,062 [pool-287-thread-1] INFO  server.RaftServerConfigKeys (ConfUtils.java:logGet(43)) - raft.server.notification.no-leader.timeout = 120s (custom)
2019-10-16 08:36:08,062 [pool-287-thread-1] INFO  server.RaftServerConfigKeys (ConfUtils.java:logGet(43)) - raft.server.log.use.memory = false (default)
2019-10-16 08:36:08,062 [pool-287-thread-1] INFO  server.RaftServerConfigKeys (ConfUtils.java:logGet(43)) - raft.server.log.purge.gap = 1000000 (custom)
2019-10-16 08:36:08,062 [pool-287-thread-1] INFO  server.RaftServerConfigKeys (ConfUtils.java:logGet(43)) - raft.server.log.appender.buffer.byte-limit = 33554432 (custom)
2019-10-16 08:36:08,062 [pool-287-thread-1] INFO  server.RaftServerConfigKeys (ConfUtils.java:logGet(43)) - raft.server.log.segment.size.max = 1048576 (custom)
2019-10-16 08:36:08,066 [pool-287-thread-1] INFO  server.RaftServerConfigKeys (ConfUtils.java:logGet(43)) - raft.server.log.segment.cache.num.max = 2 (custom)
2019-10-16 08:36:08,066 [pool-287-thread-1] INFO  segmented.SegmentedRaftLogWorker (SegmentedRaftLogWorker.java:<init>(173)) - new cf7616c0-b7a9-46d3-a120-555ec0bb4231@group-57800EF4BE29-SegmentedRaftLogWorker for RaftStorage:Storage Directory /workdir/hadoop-ozone/ozonefs/target/test-dir/MiniOzoneClusterImpl-a4f49011-21f0-48c2-b9b9-375256d173f4/datanode-1/data/ratis/4d46fe1b-5859-436b-8911-57800ef4be29
2019-10-16 08:36:08,066 [pool-287-thread-1] INFO  server.RaftServerConfigKeys (ConfUtils.java:logGet(43)) - raft.server.log.queue.byte-limit = 2147483647 (custom)
2019-10-16 08:36:08,066 [pool-287-thread-1] INFO  server.RaftServerConfigKeys (ConfUtils.java:logGet(43)) - raft.server.log.queue.element-limit = 1024 (custom)
2019-10-16 08:36:08,066 [pool-287-thread-1] INFO  server.RaftServerConfigKeys (ConfUtils.java:logGet(43)) - raft.server.log.segment.size.max = 1048576 (custom)
2019-10-16 08:36:08,067 [pool-287-thread-1] INFO  server.RaftServerConfigKeys (ConfUtils.java:logGet(43)) - raft.server.log.preallocated.size = 16384 (custom)
2019-10-16 08:36:08,067 [pool-287-thread-1] INFO  server.RaftServerConfigKeys (ConfUtils.java:logGet(43)) - raft.server.log.write.buffer.size = 33554432 (custom)
2019-10-16 08:36:08,067 [pool-287-thread-1] INFO  server.RaftServerConfigKeys (ConfUtils.java:logGet(43)) - raft.server.log.force.sync.num = 128 (default)
2019-10-16 08:36:08,067 [pool-287-thread-1] INFO  server.RaftServerConfigKeys (ConfUtils.java:logGet(43)) - raft.server.log.statemachine.data.sync = true (default)
2019-10-16 08:36:08,067 [pool-287-thread-1] INFO  server.RaftServerConfigKeys (ConfUtils.java:logGet(43)) - raft.server.log.statemachine.data.sync.timeout = 10s (default)
2019-10-16 08:36:08,067 [pool-287-thread-1] INFO  server.RaftServerConfigKeys (ConfUtils.java:logGet(43)) - raft.server.log.statemachine.data.sync.timeout.retry = -1 (default)
2019-10-16 08:36:08,068 [pool-287-thread-1] INFO  server.RaftServerConfigKeys (ConfUtils.java:logGet(43)) - raft.server.log.statemachine.data.caching.enabled = true (custom)
2019-10-16 08:36:08,068 [pool-287-thread-1] INFO  segmented.SegmentedRaftLogWorker (SegmentedRaftLogWorker.java:lambda$new$0(128)) - cf7616c0-b7a9-46d3-a120-555ec0bb4231@group-57800EF4BE29-SegmentedRaftLogWorker: flushIndex: setUnconditionally 0 -> -1
2019-10-16 08:36:08,069 [pool-287-thread-1] INFO  server.RaftServerConfigKeys (ConfUtils.java:logGet(43)) - raft.server.snapshot.auto.trigger.enabled = true (custom)
2019-10-16 08:36:08,069 [pool-287-thread-1] INFO  server.RaftServerConfigKeys (ConfUtils.java:logGet(43)) - raft.server.snapshot.auto.trigger.threshold = 10000 (custom)
2019-10-16 08:36:08,069 [pool-287-thread-1] INFO  server.RaftServerConfigKeys (ConfUtils.java:logGet(43)) - raft.server.snapshot.retention.file.num = 5 (custom)
2019-10-16 08:36:08,069 [pool-287-thread-1] INFO  server.RaftServerConfigKeys (ConfUtils.java:logGet(43)) - raft.server.retrycache.expirytime = 600000ms (custom)
2019-10-16 08:36:08,073 [pool-287-thread-1] INFO  impl.RaftServerImpl (RaftServerImpl.java:start(195)) - cf7616c0-b7a9-46d3-a120-555ec0bb4231@group-57800EF4BE29: start as a follower, conf=-1: [cf7616c0-b7a9-46d3-a120-555ec0bb4231:192.168.34.43:39054], old=null
2019-10-16 08:36:08,074 [pool-287-thread-1] INFO  impl.RaftServerImpl (RaftServerImpl.java:setRole(184)) - cf7616c0-b7a9-46d3-a120-555ec0bb4231@group-57800EF4BE29: changes role from      null to FOLLOWER at term 0 for startAsFollower
2019-10-16 08:36:08,074 [pool-287-thread-1] INFO  impl.RoleInfo (RoleInfo.java:updateAndGet(143)) - cf7616c0-b7a9-46d3-a120-555ec0bb4231: start FollowerState
2019-10-16 08:36:08,074 [pool-287-thread-1] INFO  util.JmxRegister (JmxRegister.java:tryRegister(44)) - Successfully registered JMX Bean with object name Ratis:service=RaftServer,group=group-57800EF4BE29,id=cf7616c0-b7a9-46d3-a120-555ec0bb4231
2019-10-16 08:36:08,081 [RatisPipelineUtilsThread] INFO  pipeline.PipelineStateManager (PipelineStateManager.java:addPipeline(56)) - Created pipeline Pipeline[ Id: 4d46fe1b-5859-436b-8911-57800ef4be29, Nodes: cf7616c0-b7a9-46d3-a120-555ec0bb4231{ip: 192.168.34.43, host: pr-hdds-1737-dstl4-2900247166, networkLocation: /default-rack, certSerialId: null}, Type:RATIS, Factor:ONE, State:OPEN]
2019-10-16 08:36:08,083 [Thread-1399] INFO  ozone.MiniOzoneClusterImpl (MiniOzoneClusterImpl.java:lambda$waitForClusterToBeReady$0(147)) - Waiting for cluster to be ready. Got 2 of 3 DN Heartbeats.
2019-10-16 08:36:08,084 [IPC Server handler 1 on 42775] INFO  net.NetworkTopology (NetworkTopologyImpl.java:add(111)) - Added a new node: /default-rack/b6a38e6f-30d2-489f-b507-9253c85dd42d
2019-10-16 08:36:08,085 [IPC Server handler 1 on 42775] INFO  node.SCMNodeManager (SCMNodeManager.java:register(268)) - Registered Data node : b6a38e6f-30d2-489f-b507-9253c85dd42d{ip: 192.168.34.43, host: pr-hdds-1737-dstl4-2900247166, networkLocation: /default-rack, certSerialId: null}
2019-10-16 08:36:08,171 [Thread-1573] INFO  impl.FollowerState (FollowerState.java:run(108)) - 0ef9c181-c357-4b80-9f89-54102192c238@group-86259E07FB5A-FollowerState: change to CANDIDATE, lastRpcTime:186ms, electionTimeout:186ms
2019-10-16 08:36:08,171 [Thread-1573] INFO  impl.RoleInfo (RoleInfo.java:shutdownFollowerState(121)) - 0ef9c181-c357-4b80-9f89-54102192c238: shutdown FollowerState
2019-10-16 08:36:08,171 [Thread-1573] INFO  impl.RaftServerImpl (RaftServerImpl.java:setRole(184)) - 0ef9c181-c357-4b80-9f89-54102192c238@group-86259E07FB5A: changes role from  FOLLOWER to CANDIDATE at term 0 for changeToCandidate
2019-10-16 08:36:08,172 [Thread-1573] INFO  impl.RoleInfo (RoleInfo.java:updateAndGet(143)) - 0ef9c181-c357-4b80-9f89-54102192c238: start LeaderElection
2019-10-16 08:36:08,188 [0ef9c181-c357-4b80-9f89-54102192c238@group-86259E07FB5A-LeaderElection71] INFO  impl.LeaderElection (LeaderElection.java:askForVotes(178)) - 0ef9c181-c357-4b80-9f89-54102192c238@group-86259E07FB5A-LeaderElection71: begin an election at term 1 for -1: [0ef9c181-c357-4b80-9f89-54102192c238:192.168.34.43:36765], old=null
2019-10-16 08:36:08,188 [0ef9c181-c357-4b80-9f89-54102192c238@group-86259E07FB5A-LeaderElection71] INFO  impl.RoleInfo (RoleInfo.java:shutdownLeaderElection(134)) - 0ef9c181-c357-4b80-9f89-54102192c238: shutdown LeaderElection
2019-10-16 08:36:08,188 [0ef9c181-c357-4b80-9f89-54102192c238@group-86259E07FB5A-LeaderElection71] INFO  impl.RaftServerImpl (RaftServerImpl.java:setRole(184)) - 0ef9c181-c357-4b80-9f89-54102192c238@group-86259E07FB5A: changes role from CANDIDATE to LEADER at term 1 for changeToLeader
2019-10-16 08:36:08,188 [0ef9c181-c357-4b80-9f89-54102192c238@group-86259E07FB5A-LeaderElection71] INFO  impl.RaftServerImpl (ServerState.java:setLeader(256)) - 0ef9c181-c357-4b80-9f89-54102192c238@group-86259E07FB5A: change Leader from null to 0ef9c181-c357-4b80-9f89-54102192c238 at term 1 for becomeLeader, leader elected after 213ms
2019-10-16 08:36:08,188 [0ef9c181-c357-4b80-9f89-54102192c238@group-86259E07FB5A-LeaderElection71] INFO  server.RaftServerConfigKeys (ConfUtils.java:logGet(43)) - raft.server.staging.catchup.gap = 1000 (default)
2019-10-16 08:36:08,188 [0ef9c181-c357-4b80-9f89-54102192c238@group-86259E07FB5A-LeaderElection71] INFO  server.RaftServerConfigKeys (ConfUtils.java:logGet(43)) - raft.server.rpc.sleep.time = 25ms (default)
2019-10-16 08:36:08,189 [0ef9c181-c357-4b80-9f89-54102192c238@group-86259E07FB5A-LeaderElection71] INFO  server.RaftServerConfigKeys (ConfUtils.java:logGet(43)) - raft.server.write.element-limit = 4096 (default)
2019-10-16 08:36:08,189 [0ef9c181-c357-4b80-9f89-54102192c238@group-86259E07FB5A-LeaderElection71] INFO  server.RaftServerConfigKeys (ConfUtils.java:logGet(43)) - raft.server.watch.timeout = 10s (default)
2019-10-16 08:36:08,189 [0ef9c181-c357-4b80-9f89-54102192c238@group-86259E07FB5A-LeaderElection71] INFO  server.RaftServerConfigKeys (ConfUtils.java:logGet(43)) - raft.server.watch.timeout.denomination = 1s (default)
2019-10-16 08:36:08,189 [0ef9c181-c357-4b80-9f89-54102192c238@group-86259E07FB5A-LeaderElection71] INFO  server.RaftServerConfigKeys (ConfUtils.java:logGet(43)) - raft.server.watch.element-limit = 65536 (default)
2019-10-16 08:36:08,191 [0ef9c181-c357-4b80-9f89-54102192c238@group-86259E07FB5A-LeaderElection71] INFO  impl.RoleInfo (RoleInfo.java:updateAndGet(143)) - 0ef9c181-c357-4b80-9f89-54102192c238: start LeaderState
2019-10-16 08:36:08,192 [0ef9c181-c357-4b80-9f89-54102192c238@group-86259E07FB5A-LeaderElection71] INFO  segmented.SegmentedRaftLogWorker (SegmentedRaftLogWorker.java:startLogSegment(385)) - 0ef9c181-c357-4b80-9f89-54102192c238@group-86259E07FB5A-SegmentedRaftLogWorker: Starting segment from index:0
2019-10-16 08:36:08,192 [0ef9c181-c357-4b80-9f89-54102192c238@group-86259E07FB5A-LeaderElection71] INFO  impl.RaftServerImpl (ServerState.java:setRaftConf(357)) - 0ef9c181-c357-4b80-9f89-54102192c238@group-86259E07FB5A: set configuration 0: [0ef9c181-c357-4b80-9f89-54102192c238:192.168.34.43:36765], old=null at 0
2019-10-16 08:36:08,242 [0ef9c181-c357-4b80-9f89-54102192c238@group-86259E07FB5A-SegmentedRaftLogWorker] INFO  segmented.SegmentedRaftLogWorker (SegmentedRaftLogWorker.java:execute(576)) - 0ef9c181-c357-4b80-9f89-54102192c238@group-86259E07FB5A-SegmentedRaftLogWorker: created new log segment /workdir/hadoop-ozone/ozonefs/target/test-dir/MiniOzoneClusterImpl-a4f49011-21f0-48c2-b9b9-375256d173f4/datanode-0/data/ratis/23311964-057c-4051-8591-86259e07fb5a/current/log_inprogress_0
2019-10-16 08:36:08,249 [Thread-1576] INFO  impl.FollowerState (FollowerState.java:run(108)) - cf7616c0-b7a9-46d3-a120-555ec0bb4231@group-57800EF4BE29-FollowerState: change to CANDIDATE, lastRpcTime:175ms, electionTimeout:175ms
2019-10-16 08:36:08,249 [Thread-1576] INFO  impl.RoleInfo (RoleInfo.java:shutdownFollowerState(121)) - cf7616c0-b7a9-46d3-a120-555ec0bb4231: shutdown FollowerState
2019-10-16 08:36:08,250 [Thread-1576] INFO  impl.RaftServerImpl (RaftServerImpl.java:setRole(184)) - cf7616c0-b7a9-46d3-a120-555ec0bb4231@group-57800EF4BE29: changes role from  FOLLOWER to CANDIDATE at term 0 for changeToCandidate
2019-10-16 08:36:08,250 [Thread-1576] INFO  impl.RoleInfo (RoleInfo.java:updateAndGet(143)) - cf7616c0-b7a9-46d3-a120-555ec0bb4231: start LeaderElection
2019-10-16 08:36:08,262 [cf7616c0-b7a9-46d3-a120-555ec0bb4231@group-57800EF4BE29-LeaderElection72] INFO  impl.LeaderElection (LeaderElection.java:askForVotes(178)) - cf7616c0-b7a9-46d3-a120-555ec0bb4231@group-57800EF4BE29-LeaderElection72: begin an election at term 1 for -1: [cf7616c0-b7a9-46d3-a120-555ec0bb4231:192.168.34.43:39054], old=null
2019-10-16 08:36:08,262 [cf7616c0-b7a9-46d3-a120-555ec0bb4231@group-57800EF4BE29-LeaderElection72] INFO  impl.RoleInfo (RoleInfo.java:shutdownLeaderElection(134)) - cf7616c0-b7a9-46d3-a120-555ec0bb4231: shutdown LeaderElection
2019-10-16 08:36:08,262 [cf7616c0-b7a9-46d3-a120-555ec0bb4231@group-57800EF4BE29-LeaderElection72] INFO  impl.RaftServerImpl (RaftServerImpl.java:setRole(184)) - cf7616c0-b7a9-46d3-a120-555ec0bb4231@group-57800EF4BE29: changes role from CANDIDATE to LEADER at term 1 for changeToLeader
2019-10-16 08:36:08,262 [cf7616c0-b7a9-46d3-a120-555ec0bb4231@group-57800EF4BE29-LeaderElection72] INFO  impl.RaftServerImpl (ServerState.java:setLeader(256)) - cf7616c0-b7a9-46d3-a120-555ec0bb4231@group-57800EF4BE29: change Leader from null to cf7616c0-b7a9-46d3-a120-555ec0bb4231 at term 1 for becomeLeader, leader elected after 200ms
2019-10-16 08:36:08,262 [cf7616c0-b7a9-46d3-a120-555ec0bb4231@group-57800EF4BE29-LeaderElection72] INFO  server.RaftServerConfigKeys (ConfUtils.java:logGet(43)) - raft.server.staging.catchup.gap = 1000 (default)
2019-10-16 08:36:08,263 [cf7616c0-b7a9-46d3-a120-555ec0bb4231@group-57800EF4BE29-LeaderElection72] INFO  server.RaftServerConfigKeys (ConfUtils.java:logGet(43)) - raft.server.rpc.sleep.time = 25ms (default)
2019-10-16 08:36:08,263 [cf7616c0-b7a9-46d3-a120-555ec0bb4231@group-57800EF4BE29-LeaderElection72] INFO  server.RaftServerConfigKeys (ConfUtils.java:logGet(43)) - raft.server.write.element-limit = 4096 (default)
2019-10-16 08:36:08,263 [cf7616c0-b7a9-46d3-a120-555ec0bb4231@group-57800EF4BE29-LeaderElection72] INFO  server.RaftServerConfigKeys (ConfUtils.java:logGet(43)) - raft.server.watch.timeout = 10s (default)
2019-10-16 08:36:08,263 [cf7616c0-b7a9-46d3-a120-555ec0bb4231@group-57800EF4BE29-LeaderElection72] INFO  server.RaftServerConfigKeys (ConfUtils.java:logGet(43)) - raft.server.watch.timeout.denomination = 1s (default)
2019-10-16 08:36:08,263 [cf7616c0-b7a9-46d3-a120-555ec0bb4231@group-57800EF4BE29-LeaderElection72] INFO  server.RaftServerConfigKeys (ConfUtils.java:logGet(43)) - raft.server.watch.element-limit = 65536 (default)
2019-10-16 08:36:08,265 [cf7616c0-b7a9-46d3-a120-555ec0bb4231@group-57800EF4BE29-LeaderElection72] INFO  impl.RoleInfo (RoleInfo.java:updateAndGet(143)) - cf7616c0-b7a9-46d3-a120-555ec0bb4231: start LeaderState
2019-10-16 08:36:08,265 [cf7616c0-b7a9-46d3-a120-555ec0bb4231@group-57800EF4BE29-LeaderElection72] INFO  segmented.SegmentedRaftLogWorker (SegmentedRaftLogWorker.java:startLogSegment(385)) - cf7616c0-b7a9-46d3-a120-555ec0bb4231@group-57800EF4BE29-SegmentedRaftLogWorker: Starting segment from index:0
2019-10-16 08:36:08,266 [cf7616c0-b7a9-46d3-a120-555ec0bb4231@group-57800EF4BE29-LeaderElection72] INFO  impl.RaftServerImpl (ServerState.java:setRaftConf(357)) - cf7616c0-b7a9-46d3-a120-555ec0bb4231@group-57800EF4BE29: set configuration 0: [cf7616c0-b7a9-46d3-a120-555ec0bb4231:192.168.34.43:39054], old=null at 0
2019-10-16 08:36:08,318 [cf7616c0-b7a9-46d3-a120-555ec0bb4231@group-57800EF4BE29-SegmentedRaftLogWorker] INFO  segmented.SegmentedRaftLogWorker (SegmentedRaftLogWorker.java:execute(576)) - cf7616c0-b7a9-46d3-a120-555ec0bb4231@group-57800EF4BE29-SegmentedRaftLogWorker: created new log segment /workdir/hadoop-ozone/ozonefs/target/test-dir/MiniOzoneClusterImpl-a4f49011-21f0-48c2-b9b9-375256d173f4/datanode-1/data/ratis/4d46fe1b-5859-436b-8911-57800ef4be29/current/log_inprogress_0
2019-10-16 08:36:09,083 [Thread-1399] INFO  ozone.MiniOzoneClusterImpl (MiniOzoneClusterImpl.java:lambda$waitForClusterToBeReady$0(147)) - Cluster is ready. Got 3 of 3 DN Heartbeats.
2019-10-16 08:36:09,134 [Thread-1399] INFO  rpc.RpcClient (RpcClient.java:createVolume(272)) - Creating Volume: volume32649, with user03579 as owner.
2019-10-16 08:36:09,137 [IPC Server handler 1 on 41800] INFO  volume.OMVolumeCreateRequest (OMVolumeCreateRequest.java:validateAndUpdateCache(193)) - created volume:volume32649 for user:user03579
2019-10-16 08:36:09,149 [Thread-1399] INFO  rpc.RpcClient (RpcClient.java:createBucket(411)) - Creating Bucket: volume32649/bucket75050, with Versioning false and Storage Type set to DISK and Encryption set to false 
2019-10-16 08:36:09,220 [grpc-default-executor-2] INFO  impl.RaftServerProxy (RaftServerProxy.java:addNew(89)) - cf7616c0-b7a9-46d3-a120-555ec0bb4231: addNew group-8B113797598C:[b6a38e6f-30d2-489f-b507-9253c85dd42d:192.168.34.43:37329, cf7616c0-b7a9-46d3-a120-555ec0bb4231:192.168.34.43:39054, 0ef9c181-c357-4b80-9f89-54102192c238:192.168.34.43:36765] returns group-8B113797598C:java.util.concurrent.CompletableFuture@556de5ed[Not completed]
2019-10-16 08:36:09,220 [grpc-default-executor-1] INFO  impl.RaftServerProxy (RaftServerProxy.java:addNew(89)) - 0ef9c181-c357-4b80-9f89-54102192c238: addNew group-8B113797598C:[b6a38e6f-30d2-489f-b507-9253c85dd42d:192.168.34.43:37329, cf7616c0-b7a9-46d3-a120-555ec0bb4231:192.168.34.43:39054, 0ef9c181-c357-4b80-9f89-54102192c238:192.168.34.43:36765] returns group-8B113797598C:java.util.concurrent.CompletableFuture@5fb0d8a2[Not completed]
2019-10-16 08:36:09,222 [grpc-default-executor-2] INFO  impl.RaftServerProxy (RaftServerProxy.java:addNew(89)) - b6a38e6f-30d2-489f-b507-9253c85dd42d: addNew group-8B113797598C:[b6a38e6f-30d2-489f-b507-9253c85dd42d:192.168.34.43:37329, cf7616c0-b7a9-46d3-a120-555ec0bb4231:192.168.34.43:39054, 0ef9c181-c357-4b80-9f89-54102192c238:192.168.34.43:36765] returns group-8B113797598C:java.util.concurrent.CompletableFuture@1f7680e4[Not completed]
2019-10-16 08:36:09,223 [pool-287-thread-1] INFO  impl.RaftServerImpl (RaftServerImpl.java:<init>(104)) - cf7616c0-b7a9-46d3-a120-555ec0bb4231: new RaftServerImpl for group-8B113797598C:[b6a38e6f-30d2-489f-b507-9253c85dd42d:192.168.34.43:37329, cf7616c0-b7a9-46d3-a120-555ec0bb4231:192.168.34.43:39054, 0ef9c181-c357-4b80-9f89-54102192c238:192.168.34.43:36765] with ContainerStateMachine:uninitialized
2019-10-16 08:36:09,223 [pool-287-thread-1] INFO  server.RaftServerConfigKeys (ConfUtils.java:logGet(43)) - raft.server.rpc.timeout.min = 5s (custom)
2019-10-16 08:36:09,223 [pool-287-thread-1] INFO  server.RaftServerConfigKeys (ConfUtils.java:logGet(43)) - raft.server.rpc.timeout.max = 5200ms (custom)
2019-10-16 08:36:09,223 [pool-287-thread-1] INFO  server.RaftServerConfigKeys (ConfUtils.java:logGet(43)) - raft.server.rpcslowness.timeout = 120s (custom)
2019-10-16 08:36:09,224 [pool-287-thread-1] INFO  server.RaftServerConfigKeys (ConfUtils.java:logGet(43)) - raft.server.sleep.deviation.threshold = 300 (default)
2019-10-16 08:36:09,224 [pool-287-thread-1] INFO  server.RaftServerConfigKeys (ConfUtils.java:logGet(43)) - raft.server.log.appender.install.snapshot.enabled = false (custom)
2019-10-16 08:36:09,224 [pool-287-thread-1] INFO  impl.RaftServerImpl (ServerState.java:<init>(103)) - cf7616c0-b7a9-46d3-a120-555ec0bb4231@group-8B113797598C: ConfigurationManager, init=-1: [b6a38e6f-30d2-489f-b507-9253c85dd42d:192.168.34.43:37329, cf7616c0-b7a9-46d3-a120-555ec0bb4231:192.168.34.43:39054, 0ef9c181-c357-4b80-9f89-54102192c238:192.168.34.43:36765], old=null, confs=<EMPTY_MAP>
2019-10-16 08:36:09,224 [pool-287-thread-1] INFO  server.RaftServerConfigKeys (ConfUtils.java:logGet(43)) - raft.server.storage.dir = [/workdir/hadoop-ozone/ozonefs/target/test-dir/MiniOzoneClusterImpl-a4f49011-21f0-48c2-b9b9-375256d173f4/datanode-1/data/ratis] (custom)
2019-10-16 08:36:09,224 [pool-287-thread-1] INFO  server.RaftServerConfigKeys (ConfUtils.java:logGet(43)) - raft.server.log.corruption.policy = EXCEPTION (default)
2019-10-16 08:36:09,225 [pool-277-thread-1] INFO  impl.RaftServerImpl (RaftServerImpl.java:<init>(104)) - 0ef9c181-c357-4b80-9f89-54102192c238: new RaftServerImpl for group-8B113797598C:[b6a38e6f-30d2-489f-b507-9253c85dd42d:192.168.34.43:37329, cf7616c0-b7a9-46d3-a120-555ec0bb4231:192.168.34.43:39054, 0ef9c181-c357-4b80-9f89-54102192c238:192.168.34.43:36765] with ContainerStateMachine:uninitialized
2019-10-16 08:36:09,225 [pool-287-thread-1] INFO  storage.RaftStorageDirectory (RaftStorageDirectory.java:analyzeStorage(246)) - The storage directory /workdir/hadoop-ozone/ozonefs/target/test-dir/MiniOzoneClusterImpl-a4f49011-21f0-48c2-b9b9-375256d173f4/datanode-1/data/ratis/2ac21983-d214-49b1-addb-8b113797598c does not exist. Creating ...
2019-10-16 08:36:09,225 [pool-277-thread-1] INFO  server.RaftServerConfigKeys (ConfUtils.java:logGet(43)) - raft.server.rpc.timeout.min = 5s (custom)
2019-10-16 08:36:09,225 [pool-277-thread-1] INFO  server.RaftServerConfigKeys (ConfUtils.java:logGet(43)) - raft.server.rpc.timeout.max = 5200ms (custom)
2019-10-16 08:36:09,225 [pool-297-thread-1] INFO  impl.RaftServerImpl (RaftServerImpl.java:<init>(104)) - b6a38e6f-30d2-489f-b507-9253c85dd42d: new RaftServerImpl for group-8B113797598C:[b6a38e6f-30d2-489f-b507-9253c85dd42d:192.168.34.43:37329, cf7616c0-b7a9-46d3-a120-555ec0bb4231:192.168.34.43:39054, 0ef9c181-c357-4b80-9f89-54102192c238:192.168.34.43:36765] with ContainerStateMachine:uninitialized
2019-10-16 08:36:09,225 [pool-277-thread-1] INFO  server.RaftServerConfigKeys (ConfUtils.java:logGet(43)) - raft.server.rpcslowness.timeout = 120s (custom)
2019-10-16 08:36:09,226 [pool-297-thread-1] INFO  server.RaftServerConfigKeys (ConfUtils.java:logGet(43)) - raft.server.rpc.timeout.min = 5s (custom)
2019-10-16 08:36:09,226 [pool-277-thread-1] INFO  server.RaftServerConfigKeys (ConfUtils.java:logGet(43)) - raft.server.sleep.deviation.threshold = 300 (default)
2019-10-16 08:36:09,226 [pool-297-thread-1] INFO  server.RaftServerConfigKeys (ConfUtils.java:logGet(43)) - raft.server.rpc.timeout.max = 5200ms (custom)
2019-10-16 08:36:09,226 [pool-277-thread-1] INFO  server.RaftServerConfigKeys (ConfUtils.java:logGet(43)) - raft.server.log.appender.install.snapshot.enabled = false (custom)
2019-10-16 08:36:09,226 [pool-297-thread-1] INFO  server.RaftServerConfigKeys (ConfUtils.java:logGet(43)) - raft.server.rpcslowness.timeout = 120s (custom)
2019-10-16 08:36:09,226 [pool-277-thread-1] INFO  impl.RaftServerImpl (ServerState.java:<init>(103)) - 0ef9c181-c357-4b80-9f89-54102192c238@group-8B113797598C: ConfigurationManager, init=-1: [b6a38e6f-30d2-489f-b507-9253c85dd42d:192.168.34.43:37329, cf7616c0-b7a9-46d3-a120-555ec0bb4231:192.168.34.43:39054, 0ef9c181-c357-4b80-9f89-54102192c238:192.168.34.43:36765], old=null, confs=<EMPTY_MAP>
2019-10-16 08:36:09,226 [pool-297-thread-1] INFO  server.RaftServerConfigKeys (ConfUtils.java:logGet(43)) - raft.server.sleep.deviation.threshold = 300 (default)
2019-10-16 08:36:09,226 [pool-277-thread-1] INFO  server.RaftServerConfigKeys (ConfUtils.java:logGet(43)) - raft.server.storage.dir = [/workdir/hadoop-ozone/ozonefs/target/test-dir/MiniOzoneClusterImpl-a4f49011-21f0-48c2-b9b9-375256d173f4/datanode-0/data/ratis] (custom)
2019-10-16 08:36:09,227 [pool-297-thread-1] INFO  server.RaftServerConfigKeys (ConfUtils.java:logGet(43)) - raft.server.log.appender.install.snapshot.enabled = false (custom)
2019-10-16 08:36:09,227 [pool-297-thread-1] INFO  impl.RaftServerImpl (ServerState.java:<init>(103)) - b6a38e6f-30d2-489f-b507-9253c85dd42d@group-8B113797598C: ConfigurationManager, init=-1: [b6a38e6f-30d2-489f-b507-9253c85dd42d:192.168.34.43:37329, cf7616c0-b7a9-46d3-a120-555ec0bb4231:192.168.34.43:39054, 0ef9c181-c357-4b80-9f89-54102192c238:192.168.34.43:36765], old=null, confs=<EMPTY_MAP>
2019-10-16 08:36:09,227 [pool-277-thread-1] INFO  server.RaftServerConfigKeys (ConfUtils.java:logGet(43)) - raft.server.log.corruption.policy = EXCEPTION (default)
2019-10-16 08:36:09,227 [pool-297-thread-1] INFO  server.RaftServerConfigKeys (ConfUtils.java:logGet(43)) - raft.server.storage.dir = [/workdir/hadoop-ozone/ozonefs/target/test-dir/MiniOzoneClusterImpl-a4f49011-21f0-48c2-b9b9-375256d173f4/datanode-2/data/ratis] (custom)
2019-10-16 08:36:09,227 [pool-277-thread-1] INFO  storage.RaftStorageDirectory (RaftStorageDirectory.java:analyzeStorage(246)) - The storage directory /workdir/hadoop-ozone/ozonefs/target/test-dir/MiniOzoneClusterImpl-a4f49011-21f0-48c2-b9b9-375256d173f4/datanode-0/data/ratis/2ac21983-d214-49b1-addb-8b113797598c does not exist. Creating ...
2019-10-16 08:36:09,227 [pool-297-thread-1] INFO  server.RaftServerConfigKeys (ConfUtils.java:logGet(43)) - raft.server.log.corruption.policy = EXCEPTION (default)
2019-10-16 08:36:09,228 [pool-297-thread-1] INFO  storage.RaftStorageDirectory (RaftStorageDirectory.java:analyzeStorage(246)) - The storage directory /workdir/hadoop-ozone/ozonefs/target/test-dir/MiniOzoneClusterImpl-a4f49011-21f0-48c2-b9b9-375256d173f4/datanode-2/data/ratis/2ac21983-d214-49b1-addb-8b113797598c does not exist. Creating ...
2019-10-16 08:36:09,239 [pool-277-thread-1] INFO  storage.RaftStorageDirectory (RaftStorageDirectory.java:tryLock(328)) - Lock on /workdir/hadoop-ozone/ozonefs/target/test-dir/MiniOzoneClusterImpl-a4f49011-21f0-48c2-b9b9-375256d173f4/datanode-0/data/ratis/2ac21983-d214-49b1-addb-8b113797598c/in_use.lock acquired by nodename 18686@pr-hdds-1737-dstl4-2900247166
2019-10-16 08:36:09,239 [pool-297-thread-1] INFO  storage.RaftStorageDirectory (RaftStorageDirectory.java:tryLock(328)) - Lock on /workdir/hadoop-ozone/ozonefs/target/test-dir/MiniOzoneClusterImpl-a4f49011-21f0-48c2-b9b9-375256d173f4/datanode-2/data/ratis/2ac21983-d214-49b1-addb-8b113797598c/in_use.lock acquired by nodename 18686@pr-hdds-1737-dstl4-2900247166
2019-10-16 08:36:09,239 [pool-287-thread-1] INFO  storage.RaftStorageDirectory (RaftStorageDirectory.java:tryLock(328)) - Lock on /workdir/hadoop-ozone/ozonefs/target/test-dir/MiniOzoneClusterImpl-a4f49011-21f0-48c2-b9b9-375256d173f4/datanode-1/data/ratis/2ac21983-d214-49b1-addb-8b113797598c/in_use.lock acquired by nodename 18686@pr-hdds-1737-dstl4-2900247166
2019-10-16 08:36:09,253 [pool-297-thread-1] INFO  storage.RaftStorage (RaftStorage.java:format(84)) - Storage directory /workdir/hadoop-ozone/ozonefs/target/test-dir/MiniOzoneClusterImpl-a4f49011-21f0-48c2-b9b9-375256d173f4/datanode-2/data/ratis/2ac21983-d214-49b1-addb-8b113797598c has been successfully formatted.
2019-10-16 08:36:09,253 [pool-287-thread-1] INFO  storage.RaftStorage (RaftStorage.java:format(84)) - Storage directory /workdir/hadoop-ozone/ozonefs/target/test-dir/MiniOzoneClusterImpl-a4f49011-21f0-48c2-b9b9-375256d173f4/datanode-1/data/ratis/2ac21983-d214-49b1-addb-8b113797598c has been successfully formatted.
2019-10-16 08:36:09,253 [pool-277-thread-1] INFO  storage.RaftStorage (RaftStorage.java:format(84)) - Storage directory /workdir/hadoop-ozone/ozonefs/target/test-dir/MiniOzoneClusterImpl-a4f49011-21f0-48c2-b9b9-375256d173f4/datanode-0/data/ratis/2ac21983-d214-49b1-addb-8b113797598c has been successfully formatted.
2019-10-16 08:36:09,254 [pool-297-thread-1] INFO  ratis.ContainerStateMachine (ContainerStateMachine.java:loadSnapshot(231)) - group-8B113797598C: The snapshot info is null. Setting the last applied indexto:(t:0, i:~)
2019-10-16 08:36:09,254 [pool-287-thread-1] INFO  ratis.ContainerStateMachine (ContainerStateMachine.java:loadSnapshot(231)) - group-8B113797598C: The snapshot info is null. Setting the last applied indexto:(t:0, i:~)
2019-10-16 08:36:09,254 [pool-297-thread-1] INFO  server.RaftServerConfigKeys (ConfUtils.java:logGet(43)) - raft.server.notification.no-leader.timeout = 120s (custom)
2019-10-16 08:36:09,254 [pool-277-thread-1] INFO  ratis.ContainerStateMachine (ContainerStateMachine.java:loadSnapshot(231)) - group-8B113797598C: The snapshot info is null. Setting the last applied indexto:(t:0, i:~)
2019-10-16 08:36:09,254 [pool-297-thread-1] INFO  server.RaftServerConfigKeys (ConfUtils.java:logGet(43)) - raft.server.log.use.memory = false (default)
2019-10-16 08:36:09,254 [pool-287-thread-1] INFO  server.RaftServerConfigKeys (ConfUtils.java:logGet(43)) - raft.server.notification.no-leader.timeout = 120s (custom)
2019-10-16 08:36:09,255 [pool-297-thread-1] INFO  server.RaftServerConfigKeys (ConfUtils.java:logGet(43)) - raft.server.log.purge.gap = 1000000 (custom)
2019-10-16 08:36:09,255 [pool-297-thread-1] INFO  server.RaftServerConfigKeys (ConfUtils.java:logGet(43)) - raft.server.log.appender.buffer.byte-limit = 33554432 (custom)
2019-10-16 08:36:09,254 [pool-277-thread-1] INFO  server.RaftServerConfigKeys (ConfUtils.java:logGet(43)) - raft.server.notification.no-leader.timeout = 120s (custom)
2019-10-16 08:36:09,255 [pool-297-thread-1] INFO  server.RaftServerConfigKeys (ConfUtils.java:logGet(43)) - raft.server.log.segment.size.max = 1048576 (custom)
2019-10-16 08:36:09,255 [pool-287-thread-1] INFO  server.RaftServerConfigKeys (ConfUtils.java:logGet(43)) - raft.server.log.use.memory = false (default)
2019-10-16 08:36:09,255 [pool-277-thread-1] INFO  server.RaftServerConfigKeys (ConfUtils.java:logGet(43)) - raft.server.log.use.memory = false (default)
2019-10-16 08:36:09,255 [pool-287-thread-1] INFO  server.RaftServerConfigKeys (ConfUtils.java:logGet(43)) - raft.server.log.purge.gap = 1000000 (custom)
2019-10-16 08:36:09,256 [pool-277-thread-1] INFO  server.RaftServerConfigKeys (ConfUtils.java:logGet(43)) - raft.server.log.purge.gap = 1000000 (custom)
2019-10-16 08:36:09,256 [pool-287-thread-1] INFO  server.RaftServerConfigKeys (ConfUtils.java:logGet(43)) - raft.server.log.appender.buffer.byte-limit = 33554432 (custom)
2019-10-16 08:36:09,256 [pool-277-thread-1] INFO  server.RaftServerConfigKeys (ConfUtils.java:logGet(43)) - raft.server.log.appender.buffer.byte-limit = 33554432 (custom)
2019-10-16 08:36:09,256 [pool-287-thread-1] INFO  server.RaftServerConfigKeys (ConfUtils.java:logGet(43)) - raft.server.log.segment.size.max = 1048576 (custom)
2019-10-16 08:36:09,256 [pool-277-thread-1] INFO  server.RaftServerConfigKeys (ConfUtils.java:logGet(43)) - raft.server.log.segment.size.max = 1048576 (custom)
2019-10-16 08:36:09,257 [pool-287-thread-1] INFO  server.RaftServerConfigKeys (ConfUtils.java:logGet(43)) - raft.server.log.segment.cache.num.max = 2 (custom)
2019-10-16 08:36:09,257 [pool-277-thread-1] INFO  server.RaftServerConfigKeys (ConfUtils.java:logGet(43)) - raft.server.log.segment.cache.num.max = 2 (custom)
2019-10-16 08:36:09,257 [pool-287-thread-1] INFO  segmented.SegmentedRaftLogWorker (SegmentedRaftLogWorker.java:<init>(173)) - new cf7616c0-b7a9-46d3-a120-555ec0bb4231@group-8B113797598C-SegmentedRaftLogWorker for RaftStorage:Storage Directory /workdir/hadoop-ozone/ozonefs/target/test-dir/MiniOzoneClusterImpl-a4f49011-21f0-48c2-b9b9-375256d173f4/datanode-1/data/ratis/2ac21983-d214-49b1-addb-8b113797598c
2019-10-16 08:36:09,257 [pool-277-thread-1] INFO  segmented.SegmentedRaftLogWorker (SegmentedRaftLogWorker.java:<init>(173)) - new 0ef9c181-c357-4b80-9f89-54102192c238@group-8B113797598C-SegmentedRaftLogWorker for RaftStorage:Storage Directory /workdir/hadoop-ozone/ozonefs/target/test-dir/MiniOzoneClusterImpl-a4f49011-21f0-48c2-b9b9-375256d173f4/datanode-0/data/ratis/2ac21983-d214-49b1-addb-8b113797598c
2019-10-16 08:36:09,257 [pool-287-thread-1] INFO  server.RaftServerConfigKeys (ConfUtils.java:logGet(43)) - raft.server.log.queue.byte-limit = 2147483647 (custom)
2019-10-16 08:36:09,257 [pool-297-thread-1] INFO  server.RaftServerConfigKeys (ConfUtils.java:logGet(43)) - raft.server.log.segment.cache.num.max = 2 (custom)
2019-10-16 08:36:09,257 [pool-277-thread-1] INFO  server.RaftServerConfigKeys (ConfUtils.java:logGet(43)) - raft.server.log.queue.byte-limit = 2147483647 (custom)
2019-10-16 08:36:09,258 [pool-297-thread-1] INFO  segmented.SegmentedRaftLogWorker (SegmentedRaftLogWorker.java:<init>(173)) - new b6a38e6f-30d2-489f-b507-9253c85dd42d@group-8B113797598C-SegmentedRaftLogWorker for RaftStorage:Storage Directory /workdir/hadoop-ozone/ozonefs/target/test-dir/MiniOzoneClusterImpl-a4f49011-21f0-48c2-b9b9-375256d173f4/datanode-2/data/ratis/2ac21983-d214-49b1-addb-8b113797598c
2019-10-16 08:36:09,257 [pool-287-thread-1] INFO  server.RaftServerConfigKeys (ConfUtils.java:logGet(43)) - raft.server.log.queue.element-limit = 1024 (custom)
2019-10-16 08:36:09,258 [pool-297-thread-1] INFO  server.RaftServerConfigKeys (ConfUtils.java:logGet(43)) - raft.server.log.queue.byte-limit = 2147483647 (custom)
2019-10-16 08:36:09,258 [pool-277-thread-1] INFO  server.RaftServerConfigKeys (ConfUtils.java:logGet(43)) - raft.server.log.queue.element-limit = 1024 (custom)
2019-10-16 08:36:09,258 [pool-297-thread-1] INFO  server.RaftServerConfigKeys (ConfUtils.java:logGet(43)) - raft.server.log.queue.element-limit = 1024 (custom)
2019-10-16 08:36:09,258 [pool-287-thread-1] INFO  server.RaftServerConfigKeys (ConfUtils.java:logGet(43)) - raft.server.log.segment.size.max = 1048576 (custom)
2019-10-16 08:36:09,258 [pool-297-thread-1] INFO  server.RaftServerConfigKeys (ConfUtils.java:logGet(43)) - raft.server.log.segment.size.max = 1048576 (custom)
2019-10-16 08:36:09,258 [pool-277-thread-1] INFO  server.RaftServerConfigKeys (ConfUtils.java:logGet(43)) - raft.server.log.segment.size.max = 1048576 (custom)
2019-10-16 08:36:09,259 [pool-297-thread-1] INFO  server.RaftServerConfigKeys (ConfUtils.java:logGet(43)) - raft.server.log.preallocated.size = 16384 (custom)
2019-10-16 08:36:09,259 [pool-287-thread-1] INFO  server.RaftServerConfigKeys (ConfUtils.java:logGet(43)) - raft.server.log.preallocated.size = 16384 (custom)
2019-10-16 08:36:09,259 [pool-297-thread-1] INFO  server.RaftServerConfigKeys (ConfUtils.java:logGet(43)) - raft.server.log.write.buffer.size = 33554432 (custom)
2019-10-16 08:36:09,259 [pool-277-thread-1] INFO  server.RaftServerConfigKeys (ConfUtils.java:logGet(43)) - raft.server.log.preallocated.size = 16384 (custom)
2019-10-16 08:36:09,259 [pool-297-thread-1] INFO  server.RaftServerConfigKeys (ConfUtils.java:logGet(43)) - raft.server.log.force.sync.num = 128 (default)
2019-10-16 08:36:09,259 [pool-287-thread-1] INFO  server.RaftServerConfigKeys (ConfUtils.java:logGet(43)) - raft.server.log.write.buffer.size = 33554432 (custom)
2019-10-16 08:36:09,260 [pool-297-thread-1] INFO  server.RaftServerConfigKeys (ConfUtils.java:logGet(43)) - raft.server.log.statemachine.data.sync = true (default)
2019-10-16 08:36:09,260 [pool-297-thread-1] INFO  server.RaftServerConfigKeys (ConfUtils.java:logGet(43)) - raft.server.log.statemachine.data.sync.timeout = 10s (default)
2019-10-16 08:36:09,260 [pool-277-thread-1] INFO  server.RaftServerConfigKeys (ConfUtils.java:logGet(43)) - raft.server.log.write.buffer.size = 33554432 (custom)
2019-10-16 08:36:09,260 [pool-297-thread-1] INFO  server.RaftServerConfigKeys (ConfUtils.java:logGet(43)) - raft.server.log.statemachine.data.sync.timeout.retry = -1 (default)
2019-10-16 08:36:09,260 [pool-287-thread-1] INFO  server.RaftServerConfigKeys (ConfUtils.java:logGet(43)) - raft.server.log.force.sync.num = 128 (default)
2019-10-16 08:36:09,260 [pool-277-thread-1] INFO  server.RaftServerConfigKeys (ConfUtils.java:logGet(43)) - raft.server.log.force.sync.num = 128 (default)
2019-10-16 08:36:09,261 [pool-297-thread-1] INFO  server.RaftServerConfigKeys (ConfUtils.java:logGet(43)) - raft.server.log.statemachine.data.caching.enabled = true (custom)
2019-10-16 08:36:09,261 [pool-287-thread-1] INFO  server.RaftServerConfigKeys (ConfUtils.java:logGet(43)) - raft.server.log.statemachine.data.sync = true (default)
2019-10-16 08:36:09,261 [pool-277-thread-1] INFO  server.RaftServerConfigKeys (ConfUtils.java:logGet(43)) - raft.server.log.statemachine.data.sync = true (default)
2019-10-16 08:36:09,261 [pool-297-thread-1] INFO  segmented.SegmentedRaftLogWorker (SegmentedRaftLogWorker.java:lambda$new$0(128)) - b6a38e6f-30d2-489f-b507-9253c85dd42d@group-8B113797598C-SegmentedRaftLogWorker: flushIndex: setUnconditionally 0 -> -1
2019-10-16 08:36:09,261 [pool-287-thread-1] INFO  server.RaftServerConfigKeys (ConfUtils.java:logGet(43)) - raft.server.log.statemachine.data.sync.timeout = 10s (default)
2019-10-16 08:36:09,261 [pool-277-thread-1] INFO  server.RaftServerConfigKeys (ConfUtils.java:logGet(43)) - raft.server.log.statemachine.data.sync.timeout = 10s (default)
2019-10-16 08:36:09,262 [pool-287-thread-1] INFO  server.RaftServerConfigKeys (ConfUtils.java:logGet(43)) - raft.server.log.statemachine.data.sync.timeout.retry = -1 (default)
2019-10-16 08:36:09,262 [pool-297-thread-1] INFO  server.RaftServerConfigKeys (ConfUtils.java:logGet(43)) - raft.server.snapshot.auto.trigger.enabled = true (custom)
2019-10-16 08:36:09,262 [pool-277-thread-1] INFO  server.RaftServerConfigKeys (ConfUtils.java:logGet(43)) - raft.server.log.statemachine.data.sync.timeout.retry = -1 (default)
2019-10-16 08:36:09,262 [pool-297-thread-1] INFO  server.RaftServerConfigKeys (ConfUtils.java:logGet(43)) - raft.server.snapshot.auto.trigger.threshold = 10000 (custom)
2019-10-16 08:36:09,262 [pool-277-thread-1] INFO  server.RaftServerConfigKeys (ConfUtils.java:logGet(43)) - raft.server.log.statemachine.data.caching.enabled = true (custom)
2019-10-16 08:36:09,262 [pool-287-thread-1] INFO  server.RaftServerConfigKeys (ConfUtils.java:logGet(43)) - raft.server.log.statemachine.data.caching.enabled = true (custom)
2019-10-16 08:36:09,262 [pool-297-thread-1] INFO  server.RaftServerConfigKeys (ConfUtils.java:logGet(43)) - raft.server.snapshot.retention.file.num = 5 (custom)
2019-10-16 08:36:09,263 [pool-277-thread-1] INFO  segmented.SegmentedRaftLogWorker (SegmentedRaftLogWorker.java:lambda$new$0(128)) - 0ef9c181-c357-4b80-9f89-54102192c238@group-8B113797598C-SegmentedRaftLogWorker: flushIndex: setUnconditionally 0 -> -1
2019-10-16 08:36:09,263 [pool-287-thread-1] INFO  segmented.SegmentedRaftLogWorker (SegmentedRaftLogWorker.java:lambda$new$0(128)) - cf7616c0-b7a9-46d3-a120-555ec0bb4231@group-8B113797598C-SegmentedRaftLogWorker: flushIndex: setUnconditionally 0 -> -1
2019-10-16 08:36:09,263 [pool-297-thread-1] INFO  server.RaftServerConfigKeys (ConfUtils.java:logGet(43)) - raft.server.retrycache.expirytime = 600000ms (custom)
2019-10-16 08:36:09,263 [pool-277-thread-1] INFO  server.RaftServerConfigKeys (ConfUtils.java:logGet(43)) - raft.server.snapshot.auto.trigger.enabled = true (custom)
2019-10-16 08:36:09,263 [pool-287-thread-1] INFO  server.RaftServerConfigKeys (ConfUtils.java:logGet(43)) - raft.server.snapshot.auto.trigger.enabled = true (custom)
2019-10-16 08:36:09,263 [pool-277-thread-1] INFO  server.RaftServerConfigKeys (ConfUtils.java:logGet(43)) - raft.server.snapshot.auto.trigger.threshold = 10000 (custom)
2019-10-16 08:36:09,264 [pool-287-thread-1] INFO  server.RaftServerConfigKeys (ConfUtils.java:logGet(43)) - raft.server.snapshot.auto.trigger.threshold = 10000 (custom)
2019-10-16 08:36:09,264 [pool-277-thread-1] INFO  server.RaftServerConfigKeys (ConfUtils.java:logGet(43)) - raft.server.snapshot.retention.file.num = 5 (custom)
2019-10-16 08:36:09,264 [pool-287-thread-1] INFO  server.RaftServerConfigKeys (ConfUtils.java:logGet(43)) - raft.server.snapshot.retention.file.num = 5 (custom)
2019-10-16 08:36:09,264 [pool-277-thread-1] INFO  server.RaftServerConfigKeys (ConfUtils.java:logGet(43)) - raft.server.retrycache.expirytime = 600000ms (custom)
2019-10-16 08:36:09,264 [pool-287-thread-1] INFO  server.RaftServerConfigKeys (ConfUtils.java:logGet(43)) - raft.server.retrycache.expirytime = 600000ms (custom)
2019-10-16 08:36:09,271 [pool-277-thread-1] INFO  impl.RaftServerImpl (RaftServerImpl.java:start(195)) - 0ef9c181-c357-4b80-9f89-54102192c238@group-8B113797598C: start as a follower, conf=-1: [b6a38e6f-30d2-489f-b507-9253c85dd42d:192.168.34.43:37329, cf7616c0-b7a9-46d3-a120-555ec0bb4231:192.168.34.43:39054, 0ef9c181-c357-4b80-9f89-54102192c238:192.168.34.43:36765], old=null
2019-10-16 08:36:09,272 [pool-277-thread-1] INFO  impl.RaftServerImpl (RaftServerImpl.java:setRole(184)) - 0ef9c181-c357-4b80-9f89-54102192c238@group-8B113797598C: changes role from      null to FOLLOWER at term 0 for startAsFollower
2019-10-16 08:36:09,272 [pool-277-thread-1] INFO  impl.RoleInfo (RoleInfo.java:updateAndGet(143)) - 0ef9c181-c357-4b80-9f89-54102192c238: start FollowerState
2019-10-16 08:36:09,272 [pool-287-thread-1] INFO  impl.RaftServerImpl (RaftServerImpl.java:start(195)) - cf7616c0-b7a9-46d3-a120-555ec0bb4231@group-8B113797598C: start as a follower, conf=-1: [b6a38e6f-30d2-489f-b507-9253c85dd42d:192.168.34.43:37329, cf7616c0-b7a9-46d3-a120-555ec0bb4231:192.168.34.43:39054, 0ef9c181-c357-4b80-9f89-54102192c238:192.168.34.43:36765], old=null
2019-10-16 08:36:09,272 [pool-287-thread-1] INFO  impl.RaftServerImpl (RaftServerImpl.java:setRole(184)) - cf7616c0-b7a9-46d3-a120-555ec0bb4231@group-8B113797598C: changes role from      null to FOLLOWER at term 0 for startAsFollower
2019-10-16 08:36:09,272 [pool-297-thread-1] INFO  impl.RaftServerImpl (RaftServerImpl.java:start(195)) - b6a38e6f-30d2-489f-b507-9253c85dd42d@group-8B113797598C: start as a follower, conf=-1: [b6a38e6f-30d2-489f-b507-9253c85dd42d:192.168.34.43:37329, cf7616c0-b7a9-46d3-a120-555ec0bb4231:192.168.34.43:39054, 0ef9c181-c357-4b80-9f89-54102192c238:192.168.34.43:36765], old=null
2019-10-16 08:36:09,272 [pool-287-thread-1] INFO  impl.RoleInfo (RoleInfo.java:updateAndGet(143)) - cf7616c0-b7a9-46d3-a120-555ec0bb4231: start FollowerState
2019-10-16 08:36:09,272 [pool-277-thread-1] INFO  util.JmxRegister (JmxRegister.java:tryRegister(44)) - Successfully registered JMX Bean with object name Ratis:service=RaftServer,group=group-8B113797598C,id=0ef9c181-c357-4b80-9f89-54102192c238
2019-10-16 08:36:09,272 [pool-297-thread-1] INFO  impl.RaftServerImpl (RaftServerImpl.java:setRole(184)) - b6a38e6f-30d2-489f-b507-9253c85dd42d@group-8B113797598C: changes role from      null to FOLLOWER at term 0 for startAsFollower
2019-10-16 08:36:09,273 [pool-297-thread-1] INFO  impl.RoleInfo (RoleInfo.java:updateAndGet(143)) - b6a38e6f-30d2-489f-b507-9253c85dd42d: start FollowerState
2019-10-16 08:36:09,273 [pool-287-thread-1] INFO  util.JmxRegister (JmxRegister.java:tryRegister(44)) - Successfully registered JMX Bean with object name Ratis:service=RaftServer,group=group-8B113797598C,id=cf7616c0-b7a9-46d3-a120-555ec0bb4231
2019-10-16 08:36:09,273 [pool-297-thread-1] INFO  util.JmxRegister (JmxRegister.java:tryRegister(44)) - Successfully registered JMX Bean with object name Ratis:service=RaftServer,group=group-8B113797598C,id=b6a38e6f-30d2-489f-b507-9253c85dd42d
2019-10-16 08:36:09,288 [IPC Server handler 3 on 40122] INFO  pipeline.PipelineStateManager (PipelineStateManager.java:addPipeline(56)) - Created pipeline Pipeline[ Id: 2ac21983-d214-49b1-addb-8b113797598c, Nodes: b6a38e6f-30d2-489f-b507-9253c85dd42d{ip: 192.168.34.43, host: pr-hdds-1737-dstl4-2900247166, networkLocation: /default-rack, certSerialId: null}cf7616c0-b7a9-46d3-a120-555ec0bb4231{ip: 192.168.34.43, host: pr-hdds-1737-dstl4-2900247166, networkLocation: /default-rack, certSerialId: null}0ef9c181-c357-4b80-9f89-54102192c238{ip: 192.168.34.43, host: pr-hdds-1737-dstl4-2900247166, networkLocation: /default-rack, certSerialId: null}, Type:RATIS, Factor:THREE, State:OPEN]
2019-10-16 08:36:09,300 [Thread-1590] INFO  impl.FollowerState (FollowerState.java:run(108)) - b6a38e6f-30d2-489f-b507-9253c85dd42d@group-8B113797598C-FollowerState: change to CANDIDATE, lastRpcTime:27ms, electionTimeout:27ms
2019-10-16 08:36:09,300 [Thread-1590] INFO  impl.RoleInfo (RoleInfo.java:shutdownFollowerState(121)) - b6a38e6f-30d2-489f-b507-9253c85dd42d: shutdown FollowerState
2019-10-16 08:36:09,301 [Thread-1590] INFO  impl.RaftServerImpl (RaftServerImpl.java:setRole(184)) - b6a38e6f-30d2-489f-b507-9253c85dd42d@group-8B113797598C: changes role from  FOLLOWER to CANDIDATE at term 0 for changeToCandidate
2019-10-16 08:36:09,301 [Thread-1590] INFO  impl.RoleInfo (RoleInfo.java:updateAndGet(143)) - b6a38e6f-30d2-489f-b507-9253c85dd42d: start LeaderElection
2019-10-16 08:36:09,304 [Thread-1588] INFO  impl.FollowerState (FollowerState.java:run(108)) - 0ef9c181-c357-4b80-9f89-54102192c238@group-8B113797598C-FollowerState: change to CANDIDATE, lastRpcTime:32ms, electionTimeout:31ms
2019-10-16 08:36:09,304 [Thread-1588] INFO  impl.RoleInfo (RoleInfo.java:shutdownFollowerState(121)) - 0ef9c181-c357-4b80-9f89-54102192c238: shutdown FollowerState
2019-10-16 08:36:09,304 [Thread-1588] INFO  impl.RaftServerImpl (RaftServerImpl.java:setRole(184)) - 0ef9c181-c357-4b80-9f89-54102192c238@group-8B113797598C: changes role from  FOLLOWER to CANDIDATE at term 0 for changeToCandidate
2019-10-16 08:36:09,304 [Thread-1588] INFO  impl.RoleInfo (RoleInfo.java:updateAndGet(143)) - 0ef9c181-c357-4b80-9f89-54102192c238: start LeaderElection
2019-10-16 08:36:09,307 [IPC Server handler 11 on 41800] ERROR lock.LockManager (LockManager.java:getLockForReleasing(218)) - Trying to release the lock on /volume32649/bucket75050, which was never acquired.
2019-10-16 08:36:09,308 [IPC Server handler 11 on 41800] WARN  ipc.Server (Server.java:logException(2724)) - IPC Server handler 11 on 41800, call Call#158 Retry#0 org.apache.hadoop.ozone.om.protocol.OzoneManagerProtocol.submitRequest from 127.0.0.1:58682
java.lang.IllegalMonitorStateException: Releasing lock on resource /volume32649/bucket75050 without acquiring lock
	at org.apache.hadoop.ozone.lock.LockManager.getLockForReleasing(LockManager.java:220)
	at org.apache.hadoop.ozone.lock.LockManager.release(LockManager.java:168)
	at org.apache.hadoop.ozone.lock.LockManager.writeUnlock(LockManager.java:148)
	at org.apache.hadoop.ozone.om.lock.OzoneManagerLock.unlock(OzoneManagerLock.java:364)
	at org.apache.hadoop.ozone.om.lock.OzoneManagerLock.releaseWriteLock(OzoneManagerLock.java:329)
	at org.apache.hadoop.ozone.om.request.key.OMKeyCommitRequest.validateAndUpdateCache(OMKeyCommitRequest.java:177)
	at org.apache.hadoop.ozone.protocolPB.OzoneManagerProtocolServerSideTranslatorPB.submitRequestDirectlyToOM(OzoneManagerProtocolServerSideTranslatorPB.java:219)
	at org.apache.hadoop.ozone.protocolPB.OzoneManagerProtocolServerSideTranslatorPB.processRequest(OzoneManagerProtocolServerSideTranslatorPB.java:134)
	at org.apache.hadoop.hdds.server.OzoneProtocolMessageDispatcher.processRequest(OzoneProtocolMessageDispatcher.java:72)
	at org.apache.hadoop.ozone.protocolPB.OzoneManagerProtocolServerSideTranslatorPB.submitRequest(OzoneManagerProtocolServerSideTranslatorPB.java:100)
	at org.apache.hadoop.ozone.protocol.proto.OzoneManagerProtocolProtos$OzoneManagerService$2.callBlockingMethod(OzoneManagerProtocolProtos.java)
	at org.apache.hadoop.ipc.ProtobufRpcEngine$Server$ProtoBufRpcInvoker.call(ProtobufRpcEngine.java:524)
	at org.apache.hadoop.ipc.RPC$Server.call(RPC.java:1025)
	at org.apache.hadoop.ipc.Server$RpcCall.run(Server.java:876)
	at org.apache.hadoop.ipc.Server$RpcCall.run(Server.java:822)
	at java.security.AccessController.doPrivileged(Native Method)
	at javax.security.auth.Subject.doAs(Subject.java:422)
	at org.apache.hadoop.security.UserGroupInformation.doAs(UserGroupInformation.java:1730)
	at org.apache.hadoop.ipc.Server$Handler.run(Server.java:2682)
2019-10-16 08:36:09,310 [Thread-1399] INFO  retry.RetryInvocationHandler (RetryInvocationHandler.java:log(411)) - com.google.protobuf.ServiceException: org.apache.hadoop.ipc.RemoteException(java.lang.IllegalMonitorStateException): Releasing lock on resource /volume32649/bucket75050 without acquiring lock
	at org.apache.hadoop.ozone.lock.LockManager.getLockForReleasing(LockManager.java:220)
	at org.apache.hadoop.ozone.lock.LockManager.release(LockManager.java:168)
	at org.apache.hadoop.ozone.lock.LockManager.writeUnlock(LockManager.java:148)
	at org.apache.hadoop.ozone.om.lock.OzoneManagerLock.unlock(OzoneManagerLock.java:364)
	at org.apache.hadoop.ozone.om.lock.OzoneManagerLock.releaseWriteLock(OzoneManagerLock.java:329)
	at org.apache.hadoop.ozone.om.request.key.OMKeyCommitRequest.validateAndUpdateCache(OMKeyCommitRequest.java:177)
	at org.apache.hadoop.ozone.protocolPB.OzoneManagerProtocolServerSideTranslatorPB.submitRequestDirectlyToOM(OzoneManagerProtocolServerSideTranslatorPB.java:219)
	at org.apache.hadoop.ozone.protocolPB.OzoneManagerProtocolServerSideTranslatorPB.processRequest(OzoneManagerProtocolServerSideTranslatorPB.java:134)
	at org.apache.hadoop.hdds.server.OzoneProtocolMessageDispatcher.processRequest(OzoneProtocolMessageDispatcher.java:72)
	at org.apache.hadoop.ozone.protocolPB.OzoneManagerProtocolServerSideTranslatorPB.submitRequest(OzoneManagerProtocolServerSideTranslatorPB.java:100)
	at org.apache.hadoop.ozone.protocol.proto.OzoneManagerProtocolProtos$OzoneManagerService$2.callBlockingMethod(OzoneManagerProtocolProtos.java)
	at org.apache.hadoop.ipc.ProtobufRpcEngine$Server$ProtoBufRpcInvoker.call(ProtobufRpcEngine.java:524)
	at org.apache.hadoop.ipc.RPC$Server.call(RPC.java:1025)
	at org.apache.hadoop.ipc.Server$RpcCall.run(Server.java:876)
	at org.apache.hadoop.ipc.Server$RpcCall.run(Server.java:822)
	at java.security.AccessController.doPrivileged(Native Method)
	at javax.security.auth.Subject.doAs(Subject.java:422)
	at org.apache.hadoop.security.UserGroupInformation.doAs(UserGroupInformation.java:1730)
	at org.apache.hadoop.ipc.Server$Handler.run(Server.java:2682)
, while invoking $Proxy37.submitRequest over nodeId=null,nodeAddress=localhost:41800. Trying to failover immediately.
2019-10-16 08:36:09,312 [IPC Server handler 10 on 41800] ERROR lock.LockManager (LockManager.java:getLockForReleasing(218)) - Trying to release the lock on /volume32649/bucket75050, which was never acquired.
2019-10-16 08:36:09,312 [IPC Server handler 10 on 41800] WARN  ipc.Server (Server.java:logException(2724)) - IPC Server handler 10 on 41800, call Call#158 Retry#1 org.apache.hadoop.ozone.om.protocol.OzoneManagerProtocol.submitRequest from 127.0.0.1:58682
java.lang.IllegalMonitorStateException: Releasing lock on resource /volume32649/bucket75050 without acquiring lock
	at org.apache.hadoop.ozone.lock.LockManager.getLockForReleasing(LockManager.java:220)
	at org.apache.hadoop.ozone.lock.LockManager.release(LockManager.java:168)
	at org.apache.hadoop.ozone.lock.LockManager.writeUnlock(LockManager.java:148)
	at org.apache.hadoop.ozone.om.lock.OzoneManagerLock.unlock(OzoneManagerLock.java:364)
	at org.apache.hadoop.ozone.om.lock.OzoneManagerLock.releaseWriteLock(OzoneManagerLock.java:329)
	at org.apache.hadoop.ozone.om.request.key.OMKeyCommitRequest.validateAndUpdateCache(OMKeyCommitRequest.java:177)
	at org.apache.hadoop.ozone.protocolPB.OzoneManagerProtocolServerSideTranslatorPB.submitRequestDirectlyToOM(OzoneManagerProtocolServerSideTranslatorPB.java:219)
	at org.apache.hadoop.ozone.protocolPB.OzoneManagerProtocolServerSideTranslatorPB.processRequest(OzoneManagerProtocolServerSideTranslatorPB.java:134)
	at org.apache.hadoop.hdds.server.OzoneProtocolMessageDispatcher.processRequest(OzoneProtocolMessageDispatcher.java:72)
	at org.apache.hadoop.ozone.protocolPB.OzoneManagerProtocolServerSideTranslatorPB.submitRequest(OzoneManagerProtocolServerSideTranslatorPB.java:100)
	at org.apache.hadoop.ozone.protocol.proto.OzoneManagerProtocolProtos$OzoneManagerService$2.callBlockingMethod(OzoneManagerProtocolProtos.java)
	at org.apache.hadoop.ipc.ProtobufRpcEngine$Server$ProtoBufRpcInvoker.call(ProtobufRpcEngine.java:524)
	at org.apache.hadoop.ipc.RPC$Server.call(RPC.java:1025)
	at org.apache.hadoop.ipc.Server$RpcCall.run(Server.java:876)
	at org.apache.hadoop.ipc.Server$RpcCall.run(Server.java:822)
	at java.security.AccessController.doPrivileged(Native Method)
	at javax.security.auth.Subject.doAs(Subject.java:422)
	at org.apache.hadoop.security.UserGroupInformation.doAs(UserGroupInformation.java:1730)
	at org.apache.hadoop.ipc.Server$Handler.run(Server.java:2682)
2019-10-16 08:36:09,315 [Thread-1399] INFO  retry.RetryInvocationHandler (RetryInvocationHandler.java:log(411)) - com.google.protobuf.ServiceException: org.apache.hadoop.ipc.RemoteException(java.lang.IllegalMonitorStateException): Releasing lock on resource /volume32649/bucket75050 without acquiring lock
	at org.apache.hadoop.ozone.lock.LockManager.getLockForReleasing(LockManager.java:220)
	at org.apache.hadoop.ozone.lock.LockManager.release(LockManager.java:168)
	at org.apache.hadoop.ozone.lock.LockManager.writeUnlock(LockManager.java:148)
	at org.apache.hadoop.ozone.om.lock.OzoneManagerLock.unlock(OzoneManagerLock.java:364)
	at org.apache.hadoop.ozone.om.lock.OzoneManagerLock.releaseWriteLock(OzoneManagerLock.java:329)
	at org.apache.hadoop.ozone.om.request.key.OMKeyCommitRequest.validateAndUpdateCache(OMKeyCommitRequest.java:177)
	at org.apache.hadoop.ozone.protocolPB.OzoneManagerProtocolServerSideTranslatorPB.submitRequestDirectlyToOM(OzoneManagerProtocolServerSideTranslatorPB.java:219)
	at org.apache.hadoop.ozone.protocolPB.OzoneManagerProtocolServerSideTranslatorPB.processRequest(OzoneManagerProtocolServerSideTranslatorPB.java:134)
	at org.apache.hadoop.hdds.server.OzoneProtocolMessageDispatcher.processRequest(OzoneProtocolMessageDispatcher.java:72)
	at org.apache.hadoop.ozone.protocolPB.OzoneManagerProtocolServerSideTranslatorPB.submitRequest(OzoneManagerProtocolServerSideTranslatorPB.java:100)
	at org.apache.hadoop.ozone.protocol.proto.OzoneManagerProtocolProtos$OzoneManagerService$2.callBlockingMethod(OzoneManagerProtocolProtos.java)
	at org.apache.hadoop.ipc.ProtobufRpcEngine$Server$ProtoBufRpcInvoker.call(ProtobufRpcEngine.java:524)
	at org.apache.hadoop.ipc.RPC$Server.call(RPC.java:1025)
	at org.apache.hadoop.ipc.Server$RpcCall.run(Server.java:876)
	at org.apache.hadoop.ipc.Server$RpcCall.run(Server.java:822)
	at java.security.AccessController.doPrivileged(Native Method)
	at javax.security.auth.Subject.doAs(Subject.java:422)
	at org.apache.hadoop.security.UserGroupInformation.doAs(UserGroupInformation.java:1730)
	at org.apache.hadoop.ipc.Server$Handler.run(Server.java:2682)
, while invoking $Proxy37.submitRequest over nodeId=null,nodeAddress=localhost:41800 after 1 failover attempts. Trying to failover immediately.
2019-10-16 08:36:09,317 [IPC Server handler 12 on 41800] ERROR lock.LockManager (LockManager.java:getLockForReleasing(218)) - Trying to release the lock on /volume32649/bucket75050, which was never acquired.
2019-10-16 08:36:09,317 [IPC Server handler 12 on 41800] WARN  ipc.Server (Server.java:logException(2724)) - IPC Server handler 12 on 41800, call Call#158 Retry#2 org.apache.hadoop.ozone.om.protocol.OzoneManagerProtocol.submitRequest from 127.0.0.1:58682
java.lang.IllegalMonitorStateException: Releasing lock on resource /volume32649/bucket75050 without acquiring lock
	at org.apache.hadoop.ozone.lock.LockManager.getLockForReleasing(LockManager.java:220)
	at org.apache.hadoop.ozone.lock.LockManager.release(LockManager.java:168)
	at org.apache.hadoop.ozone.lock.LockManager.writeUnlock(LockManager.java:148)
	at org.apache.hadoop.ozone.om.lock.OzoneManagerLock.unlock(OzoneManagerLock.java:364)
	at org.apache.hadoop.ozone.om.lock.OzoneManagerLock.releaseWriteLock(OzoneManagerLock.java:329)
	at org.apache.hadoop.ozone.om.request.key.OMKeyCommitRequest.validateAndUpdateCache(OMKeyCommitRequest.java:177)
	at org.apache.hadoop.ozone.protocolPB.OzoneManagerProtocolServerSideTranslatorPB.submitRequestDirectlyToOM(OzoneManagerProtocolServerSideTranslatorPB.java:219)
	at org.apache.hadoop.ozone.protocolPB.OzoneManagerProtocolServerSideTranslatorPB.processRequest(OzoneManagerProtocolServerSideTranslatorPB.java:134)
	at org.apache.hadoop.hdds.server.OzoneProtocolMessageDispatcher.processRequest(OzoneProtocolMessageDispatcher.java:72)
	at org.apache.hadoop.ozone.protocolPB.OzoneManagerProtocolServerSideTranslatorPB.submitRequest(OzoneManagerProtocolServerSideTranslatorPB.java:100)
	at org.apache.hadoop.ozone.protocol.proto.OzoneManagerProtocolProtos$OzoneManagerService$2.callBlockingMethod(OzoneManagerProtocolProtos.java)
	at org.apache.hadoop.ipc.ProtobufRpcEngine$Server$ProtoBufRpcInvoker.call(ProtobufRpcEngine.java:524)
	at org.apache.hadoop.ipc.RPC$Server.call(RPC.java:1025)
	at org.apache.hadoop.ipc.Server$RpcCall.run(Server.java:876)
	at org.apache.hadoop.ipc.Server$RpcCall.run(Server.java:822)
	at java.security.AccessController.doPrivileged(Native Method)
	at javax.security.auth.Subject.doAs(Subject.java:422)
	at org.apache.hadoop.security.UserGroupInformation.doAs(UserGroupInformation.java:1730)
	at org.apache.hadoop.ipc.Server$Handler.run(Server.java:2682)
2019-10-16 08:36:09,317 [0ef9c181-c357-4b80-9f89-54102192c238@group-8B113797598C-LeaderElection74] INFO  impl.LeaderElection (LeaderElection.java:askForVotes(178)) - 0ef9c181-c357-4b80-9f89-54102192c238@group-8B113797598C-LeaderElection74: begin an election at term 1 for -1: [b6a38e6f-30d2-489f-b507-9253c85dd42d:192.168.34.43:37329, cf7616c0-b7a9-46d3-a120-555ec0bb4231:192.168.34.43:39054, 0ef9c181-c357-4b80-9f89-54102192c238:192.168.34.43:36765], old=null
2019-10-16 08:36:09,317 [b6a38e6f-30d2-489f-b507-9253c85dd42d@group-8B113797598C-LeaderElection73] INFO  impl.LeaderElection (LeaderElection.java:askForVotes(178)) - b6a38e6f-30d2-489f-b507-9253c85dd42d@group-8B113797598C-LeaderElection73: begin an election at term 1 for -1: [b6a38e6f-30d2-489f-b507-9253c85dd42d:192.168.34.43:37329, cf7616c0-b7a9-46d3-a120-555ec0bb4231:192.168.34.43:39054, 0ef9c181-c357-4b80-9f89-54102192c238:192.168.34.43:36765], old=null
2019-10-16 08:36:09,320 [Thread-1399] INFO  retry.RetryInvocationHandler (RetryInvocationHandler.java:log(411)) - com.google.protobuf.ServiceException: org.apache.hadoop.ipc.RemoteException(java.lang.IllegalMonitorStateException): Releasing lock on resource /volume32649/bucket75050 without acquiring lock
	at org.apache.hadoop.ozone.lock.LockManager.getLockForReleasing(LockManager.java:220)
	at org.apache.hadoop.ozone.lock.LockManager.release(LockManager.java:168)
	at org.apache.hadoop.ozone.lock.LockManager.writeUnlock(LockManager.java:148)
	at org.apache.hadoop.ozone.om.lock.OzoneManagerLock.unlock(OzoneManagerLock.java:364)
	at org.apache.hadoop.ozone.om.lock.OzoneManagerLock.releaseWriteLock(OzoneManagerLock.java:329)
	at org.apache.hadoop.ozone.om.request.key.OMKeyCommitRequest.validateAndUpdateCache(OMKeyCommitRequest.java:177)
	at org.apache.hadoop.ozone.protocolPB.OzoneManagerProtocolServerSideTranslatorPB.submitRequestDirectlyToOM(OzoneManagerProtocolServerSideTranslatorPB.java:219)
	at org.apache.hadoop.ozone.protocolPB.OzoneManagerProtocolServerSideTranslatorPB.processRequest(OzoneManagerProtocolServerSideTranslatorPB.java:134)
	at org.apache.hadoop.hdds.server.OzoneProtocolMessageDispatcher.processRequest(OzoneProtocolMessageDispatcher.java:72)
	at org.apache.hadoop.ozone.protocolPB.OzoneManagerProtocolServerSideTranslatorPB.submitRequest(OzoneManagerProtocolServerSideTranslatorPB.java:100)
	at org.apache.hadoop.ozone.protocol.proto.OzoneManagerProtocolProtos$OzoneManagerService$2.callBlockingMethod(OzoneManagerProtocolProtos.java)
	at org.apache.hadoop.ipc.ProtobufRpcEngine$Server$ProtoBufRpcInvoker.call(ProtobufRpcEngine.java:524)
	at org.apache.hadoop.ipc.RPC$Server.call(RPC.java:1025)
	at org.apache.hadoop.ipc.Server$RpcCall.run(Server.java:876)
	at org.apache.hadoop.ipc.Server$RpcCall.run(Server.java:822)
	at java.security.AccessController.doPrivileged(Native Method)
	at javax.security.auth.Subject.doAs(Subject.java:422)
	at org.apache.hadoop.security.UserGroupInformation.doAs(UserGroupInformation.java:1730)
	at org.apache.hadoop.ipc.Server$Handler.run(Server.java:2682)
, while invoking $Proxy37.submitRequest over nodeId=null,nodeAddress=localhost:41800 after 2 failover attempts. Trying to failover immediately.
2019-10-16 08:36:09,325 [0ef9c181-c357-4b80-9f89-54102192c238@group-8B113797598C-LeaderElection74] INFO  impl.LeaderElection (LeaderElection.java:logAndReturn(56)) - 0ef9c181-c357-4b80-9f89-54102192c238@group-8B113797598C-LeaderElection74: Election TIMEOUT; received 0 response(s) [] and 0 exception(s); 0ef9c181-c357-4b80-9f89-54102192c238@group-8B113797598C:t1, leader=null, voted=0ef9c181-c357-4b80-9f89-54102192c238, raftlog=0ef9c181-c357-4b80-9f89-54102192c238@group-8B113797598C-SegmentedRaftLog:OPENED:c-1,f-1,i0, conf=-1: [b6a38e6f-30d2-489f-b507-9253c85dd42d:192.168.34.43:37329, cf7616c0-b7a9-46d3-a120-555ec0bb4231:192.168.34.43:39054, 0ef9c181-c357-4b80-9f89-54102192c238:192.168.34.43:36765], old=null
2019-10-16 08:36:09,327 [IPC Server handler 8 on 41800] ERROR lock.LockManager (LockManager.java:getLockForReleasing(218)) - Trying to release the lock on /volume32649/bucket75050, which was never acquired.
2019-10-16 08:36:09,329 [IPC Server handler 8 on 41800] WARN  ipc.Server (Server.java:logException(2724)) - IPC Server handler 8 on 41800, call Call#158 Retry#3 org.apache.hadoop.ozone.om.protocol.OzoneManagerProtocol.submitRequest from 127.0.0.1:58682
java.lang.IllegalMonitorStateException: Releasing lock on resource /volume32649/bucket75050 without acquiring lock
	at org.apache.hadoop.ozone.lock.LockManager.getLockForReleasing(LockManager.java:220)
	at org.apache.hadoop.ozone.lock.LockManager.release(LockManager.java:168)
	at org.apache.hadoop.ozone.lock.LockManager.writeUnlock(LockManager.java:148)
	at org.apache.hadoop.ozone.om.lock.OzoneManagerLock.unlock(OzoneManagerLock.java:364)
	at org.apache.hadoop.ozone.om.lock.OzoneManagerLock.releaseWriteLock(OzoneManagerLock.java:329)
	at org.apache.hadoop.ozone.om.request.key.OMKeyCommitRequest.validateAndUpdateCache(OMKeyCommitRequest.java:177)
	at org.apache.hadoop.ozone.protocolPB.OzoneManagerProtocolServerSideTranslatorPB.submitRequestDirectlyToOM(OzoneManagerProtocolServerSideTranslatorPB.java:219)
	at org.apache.hadoop.ozone.protocolPB.OzoneManagerProtocolServerSideTranslatorPB.processRequest(OzoneManagerProtocolServerSideTranslatorPB.java:134)
	at org.apache.hadoop.hdds.server.OzoneProtocolMessageDispatcher.processRequest(OzoneProtocolMessageDispatcher.java:72)
	at org.apache.hadoop.ozone.protocolPB.OzoneManagerProtocolServerSideTranslatorPB.submitRequest(OzoneManagerProtocolServerSideTranslatorPB.java:100)
	at org.apache.hadoop.ozone.protocol.proto.OzoneManagerProtocolProtos$OzoneManagerService$2.callBlockingMethod(OzoneManagerProtocolProtos.java)
	at org.apache.hadoop.ipc.ProtobufRpcEngine$Server$ProtoBufRpcInvoker.call(ProtobufRpcEngine.java:524)
	at org.apache.hadoop.ipc.RPC$Server.call(RPC.java:1025)
	at org.apache.hadoop.ipc.Server$RpcCall.run(Server.java:876)
	at org.apache.hadoop.ipc.Server$RpcCall.run(Server.java:822)
	at java.security.AccessController.doPrivileged(Native Method)
	at javax.security.auth.Subject.doAs(Subject.java:422)
	at org.apache.hadoop.security.UserGroupInformation.doAs(UserGroupInformation.java:1730)
	at org.apache.hadoop.ipc.Server$Handler.run(Server.java:2682)
2019-10-16 08:36:09,334 [Thread-1399] INFO  retry.RetryInvocationHandler (RetryInvocationHandler.java:log(411)) - com.google.protobuf.ServiceException: org.apache.hadoop.ipc.RemoteException(java.lang.IllegalMonitorStateException): Releasing lock on resource /volume32649/bucket75050 without acquiring lock
	at org.apache.hadoop.ozone.lock.LockManager.getLockForReleasing(LockManager.java:220)
	at org.apache.hadoop.ozone.lock.LockManager.release(LockManager.java:168)
	at org.apache.hadoop.ozone.lock.LockManager.writeUnlock(LockManager.java:148)
	at org.apache.hadoop.ozone.om.lock.OzoneManagerLock.unlock(OzoneManagerLock.java:364)
	at org.apache.hadoop.ozone.om.lock.OzoneManagerLock.releaseWriteLock(OzoneManagerLock.java:329)
	at org.apache.hadoop.ozone.om.request.key.OMKeyCommitRequest.validateAndUpdateCache(OMKeyCommitRequest.java:177)
	at org.apache.hadoop.ozone.protocolPB.OzoneManagerProtocolServerSideTranslatorPB.submitRequestDirectlyToOM(OzoneManagerProtocolServerSideTranslatorPB.java:219)
	at org.apache.hadoop.ozone.protocolPB.OzoneManagerProtocolServerSideTranslatorPB.processRequest(OzoneManagerProtocolServerSideTranslatorPB.java:134)
	at org.apache.hadoop.hdds.server.OzoneProtocolMessageDispatcher.processRequest(OzoneProtocolMessageDispatcher.java:72)
	at org.apache.hadoop.ozone.protocolPB.OzoneManagerProtocolServerSideTranslatorPB.submitRequest(OzoneManagerProtocolServerSideTranslatorPB.java:100)
	at org.apache.hadoop.ozone.protocol.proto.OzoneManagerProtocolProtos$OzoneManagerService$2.callBlockingMethod(OzoneManagerProtocolProtos.java)
	at org.apache.hadoop.ipc.ProtobufRpcEngine$Server$ProtoBufRpcInvoker.call(ProtobufRpcEngine.java:524)
	at org.apache.hadoop.ipc.RPC$Server.call(RPC.java:1025)
	at org.apache.hadoop.ipc.Server$RpcCall.run(Server.java:876)
	at org.apache.hadoop.ipc.Server$RpcCall.run(Server.java:822)
	at java.security.AccessController.doPrivileged(Native Method)
	at javax.security.auth.Subject.doAs(Subject.java:422)
	at org.apache.hadoop.security.UserGroupInformation.doAs(UserGroupInformation.java:1730)
	at org.apache.hadoop.ipc.Server$Handler.run(Server.java:2682)
, while invoking $Proxy37.submitRequest over nodeId=null,nodeAddress=localhost:41800 after 3 failover attempts. Trying to failover immediately.
2019-10-16 08:36:09,336 [IPC Server handler 13 on 41800] ERROR lock.LockManager (LockManager.java:getLockForReleasing(218)) - Trying to release the lock on /volume32649/bucket75050, which was never acquired.
2019-10-16 08:36:09,338 [IPC Server handler 13 on 41800] WARN  ipc.Server (Server.java:logException(2724)) - IPC Server handler 13 on 41800, call Call#158 Retry#4 org.apache.hadoop.ozone.om.protocol.OzoneManagerProtocol.submitRequest from 127.0.0.1:58682
java.lang.IllegalMonitorStateException: Releasing lock on resource /volume32649/bucket75050 without acquiring lock
	at org.apache.hadoop.ozone.lock.LockManager.getLockForReleasing(LockManager.java:220)
	at org.apache.hadoop.ozone.lock.LockManager.release(LockManager.java:168)
	at org.apache.hadoop.ozone.lock.LockManager.writeUnlock(LockManager.java:148)
	at org.apache.hadoop.ozone.om.lock.OzoneManagerLock.unlock(OzoneManagerLock.java:364)
	at org.apache.hadoop.ozone.om.lock.OzoneManagerLock.releaseWriteLock(OzoneManagerLock.java:329)
	at org.apache.hadoop.ozone.om.request.key.OMKeyCommitRequest.validateAndUpdateCache(OMKeyCommitRequest.java:177)
	at org.apache.hadoop.ozone.protocolPB.OzoneManagerProtocolServerSideTranslatorPB.submitRequestDirectlyToOM(OzoneManagerProtocolServerSideTranslatorPB.java:219)
	at org.apache.hadoop.ozone.protocolPB.OzoneManagerProtocolServerSideTranslatorPB.processRequest(OzoneManagerProtocolServerSideTranslatorPB.java:134)
	at org.apache.hadoop.hdds.server.OzoneProtocolMessageDispatcher.processRequest(OzoneProtocolMessageDispatcher.java:72)
	at org.apache.hadoop.ozone.protocolPB.OzoneManagerProtocolServerSideTranslatorPB.submitRequest(OzoneManagerProtocolServerSideTranslatorPB.java:100)
	at org.apache.hadoop.ozone.protocol.proto.OzoneManagerProtocolProtos$OzoneManagerService$2.callBlockingMethod(OzoneManagerProtocolProtos.java)
	at org.apache.hadoop.ipc.ProtobufRpcEngine$Server$ProtoBufRpcInvoker.call(ProtobufRpcEngine.java:524)
	at org.apache.hadoop.ipc.RPC$Server.call(RPC.java:1025)
	at org.apache.hadoop.ipc.Server$RpcCall.run(Server.java:876)
	at org.apache.hadoop.ipc.Server$RpcCall.run(Server.java:822)
	at java.security.AccessController.doPrivileged(Native Method)
	at javax.security.auth.Subject.doAs(Subject.java:422)
	at org.apache.hadoop.security.UserGroupInformation.doAs(UserGroupInformation.java:1730)
	at org.apache.hadoop.ipc.Server$Handler.run(Server.java:2682)
2019-10-16 08:36:09,340 [grpc-default-executor-3] INFO  impl.RaftServerImpl (RaftServerImpl.java:setRole(184)) - cf7616c0-b7a9-46d3-a120-555ec0bb4231@group-8B113797598C: changes role from  FOLLOWER to FOLLOWER at term 1 for recognizeCandidate:0ef9c181-c357-4b80-9f89-54102192c238
2019-10-16 08:36:09,340 [grpc-default-executor-3] INFO  impl.RoleInfo (RoleInfo.java:shutdownFollowerState(121)) - cf7616c0-b7a9-46d3-a120-555ec0bb4231: shutdown FollowerState
2019-10-16 08:36:09,340 [b6a38e6f-30d2-489f-b507-9253c85dd42d@group-8B113797598C-LeaderElection73] INFO  impl.LeaderElection (LeaderElection.java:logAndReturn(56)) - b6a38e6f-30d2-489f-b507-9253c85dd42d@group-8B113797598C-LeaderElection73: Election TIMEOUT; received 0 response(s) [] and 0 exception(s); b6a38e6f-30d2-489f-b507-9253c85dd42d@group-8B113797598C:t1, leader=null, voted=b6a38e6f-30d2-489f-b507-9253c85dd42d, raftlog=b6a38e6f-30d2-489f-b507-9253c85dd42d@group-8B113797598C-SegmentedRaftLog:OPENED:c-1,f-1,i0, conf=-1: [b6a38e6f-30d2-489f-b507-9253c85dd42d:192.168.34.43:37329, cf7616c0-b7a9-46d3-a120-555ec0bb4231:192.168.34.43:39054, 0ef9c181-c357-4b80-9f89-54102192c238:192.168.34.43:36765], old=null
2019-10-16 08:36:09,342 [Thread-1589] INFO  impl.FollowerState (FollowerState.java:run(117)) - cf7616c0-b7a9-46d3-a120-555ec0bb4231@group-8B113797598C-FollowerState was interrupted: java.lang.InterruptedException: sleep interrupted
2019-10-16 08:36:09,342 [grpc-default-executor-3] INFO  impl.RoleInfo (RoleInfo.java:updateAndGet(143)) - cf7616c0-b7a9-46d3-a120-555ec0bb4231: start FollowerState
2019-10-16 08:36:09,341 [0ef9c181-c357-4b80-9f89-54102192c238@group-8B113797598C-LeaderElection74] INFO  impl.LeaderElection (LeaderElection.java:askForVotes(178)) - 0ef9c181-c357-4b80-9f89-54102192c238@group-8B113797598C-LeaderElection74: begin an election at term 2 for -1: [b6a38e6f-30d2-489f-b507-9253c85dd42d:192.168.34.43:37329, cf7616c0-b7a9-46d3-a120-555ec0bb4231:192.168.34.43:39054, 0ef9c181-c357-4b80-9f89-54102192c238:192.168.34.43:36765], old=null
2019-10-16 08:36:09,342 [Thread-1399] INFO  retry.RetryInvocationHandler (RetryInvocationHandler.java:log(411)) - com.google.protobuf.ServiceException: org.apache.hadoop.ipc.RemoteException(java.lang.IllegalMonitorStateException): Releasing lock on resource /volume32649/bucket75050 without acquiring lock
	at org.apache.hadoop.ozone.lock.LockManager.getLockForReleasing(LockManager.java:220)
	at org.apache.hadoop.ozone.lock.LockManager.release(LockManager.java:168)
	at org.apache.hadoop.ozone.lock.LockManager.writeUnlock(LockManager.java:148)
	at org.apache.hadoop.ozone.om.lock.OzoneManagerLock.unlock(OzoneManagerLock.java:364)
	at org.apache.hadoop.ozone.om.lock.OzoneManagerLock.releaseWriteLock(OzoneManagerLock.java:329)
	at org.apache.hadoop.ozone.om.request.key.OMKeyCommitRequest.validateAndUpdateCache(OMKeyCommitRequest.java:177)
	at org.apache.hadoop.ozone.protocolPB.OzoneManagerProtocolServerSideTranslatorPB.submitRequestDirectlyToOM(OzoneManagerProtocolServerSideTranslatorPB.java:219)
	at org.apache.hadoop.ozone.protocolPB.OzoneManagerProtocolServerSideTranslatorPB.processRequest(OzoneManagerProtocolServerSideTranslatorPB.java:134)
	at org.apache.hadoop.hdds.server.OzoneProtocolMessageDispatcher.processRequest(OzoneProtocolMessageDispatcher.java:72)
	at org.apache.hadoop.ozone.protocolPB.OzoneManagerProtocolServerSideTranslatorPB.submitRequest(OzoneManagerProtocolServerSideTranslatorPB.java:100)
	at org.apache.hadoop.ozone.protocol.proto.OzoneManagerProtocolProtos$OzoneManagerService$2.callBlockingMethod(OzoneManagerProtocolProtos.java)
	at org.apache.hadoop.ipc.ProtobufRpcEngine$Server$ProtoBufRpcInvoker.call(ProtobufRpcEngine.java:524)
	at org.apache.hadoop.ipc.RPC$Server.call(RPC.java:1025)
	at org.apache.hadoop.ipc.Server$RpcCall.run(Server.java:876)
	at org.apache.hadoop.ipc.Server$RpcCall.run(Server.java:822)
	at java.security.AccessController.doPrivileged(Native Method)
	at javax.security.auth.Subject.doAs(Subject.java:422)
	at org.apache.hadoop.security.UserGroupInformation.doAs(UserGroupInformation.java:1730)
	at org.apache.hadoop.ipc.Server$Handler.run(Server.java:2682)
, while invoking $Proxy37.submitRequest over nodeId=null,nodeAddress=localhost:41800 after 4 failover attempts. Trying to failover immediately.
2019-10-16 08:36:09,347 [IPC Server handler 14 on 41800] ERROR lock.LockManager (LockManager.java:getLockForReleasing(218)) - Trying to release the lock on /volume32649/bucket75050, which was never acquired.
2019-10-16 08:36:09,347 [IPC Server handler 14 on 41800] WARN  ipc.Server (Server.java:logException(2724)) - IPC Server handler 14 on 41800, call Call#158 Retry#5 org.apache.hadoop.ozone.om.protocol.OzoneManagerProtocol.submitRequest from 127.0.0.1:58682
java.lang.IllegalMonitorStateException: Releasing lock on resource /volume32649/bucket75050 without acquiring lock
	at org.apache.hadoop.ozone.lock.LockManager.getLockForReleasing(LockManager.java:220)
	at org.apache.hadoop.ozone.lock.LockManager.release(LockManager.java:168)
	at org.apache.hadoop.ozone.lock.LockManager.writeUnlock(LockManager.java:148)
	at org.apache.hadoop.ozone.om.lock.OzoneManagerLock.unlock(OzoneManagerLock.java:364)
	at org.apache.hadoop.ozone.om.lock.OzoneManagerLock.releaseWriteLock(OzoneManagerLock.java:329)
	at org.apache.hadoop.ozone.om.request.key.OMKeyCommitRequest.validateAndUpdateCache(OMKeyCommitRequest.java:177)
	at org.apache.hadoop.ozone.protocolPB.OzoneManagerProtocolServerSideTranslatorPB.submitRequestDirectlyToOM(OzoneManagerProtocolServerSideTranslatorPB.java:219)
	at org.apache.hadoop.ozone.protocolPB.OzoneManagerProtocolServerSideTranslatorPB.processRequest(OzoneManagerProtocolServerSideTranslatorPB.java:134)
	at org.apache.hadoop.hdds.server.OzoneProtocolMessageDispatcher.processRequest(OzoneProtocolMessageDispatcher.java:72)
	at org.apache.hadoop.ozone.protocolPB.OzoneManagerProtocolServerSideTranslatorPB.submitRequest(OzoneManagerProtocolServerSideTranslatorPB.java:100)
	at org.apache.hadoop.ozone.protocol.proto.OzoneManagerProtocolProtos$OzoneManagerService$2.callBlockingMethod(OzoneManagerProtocolProtos.java)
	at org.apache.hadoop.ipc.ProtobufRpcEngine$Server$ProtoBufRpcInvoker.call(ProtobufRpcEngine.java:524)
	at org.apache.hadoop.ipc.RPC$Server.call(RPC.java:1025)
	at org.apache.hadoop.ipc.Server$RpcCall.run(Server.java:876)
	at org.apache.hadoop.ipc.Server$RpcCall.run(Server.java:822)
	at java.security.AccessController.doPrivileged(Native Method)
	at javax.security.auth.Subject.doAs(Subject.java:422)
	at org.apache.hadoop.security.UserGroupInformation.doAs(UserGroupInformation.java:1730)
	at org.apache.hadoop.ipc.Server$Handler.run(Server.java:2682)
2019-10-16 08:36:09,350 [Thread-1399] INFO  retry.RetryInvocationHandler (RetryInvocationHandler.java:log(411)) - com.google.protobuf.ServiceException: org.apache.hadoop.ipc.RemoteException(java.lang.IllegalMonitorStateException): Releasing lock on resource /volume32649/bucket75050 without acquiring lock
	at org.apache.hadoop.ozone.lock.LockManager.getLockForReleasing(LockManager.java:220)
	at org.apache.hadoop.ozone.lock.LockManager.release(LockManager.java:168)
	at org.apache.hadoop.ozone.lock.LockManager.writeUnlock(LockManager.java:148)
	at org.apache.hadoop.ozone.om.lock.OzoneManagerLock.unlock(OzoneManagerLock.java:364)
	at org.apache.hadoop.ozone.om.lock.OzoneManagerLock.releaseWriteLock(OzoneManagerLock.java:329)
	at org.apache.hadoop.ozone.om.request.key.OMKeyCommitRequest.validateAndUpdateCache(OMKeyCommitRequest.java:177)
	at org.apache.hadoop.ozone.protocolPB.OzoneManagerProtocolServerSideTranslatorPB.submitRequestDirectlyToOM(OzoneManagerProtocolServerSideTranslatorPB.java:219)
	at org.apache.hadoop.ozone.protocolPB.OzoneManagerProtocolServerSideTranslatorPB.processRequest(OzoneManagerProtocolServerSideTranslatorPB.java:134)
	at org.apache.hadoop.hdds.server.OzoneProtocolMessageDispatcher.processRequest(OzoneProtocolMessageDispatcher.java:72)
	at org.apache.hadoop.ozone.protocolPB.OzoneManagerProtocolServerSideTranslatorPB.submitRequest(OzoneManagerProtocolServerSideTranslatorPB.java:100)
	at org.apache.hadoop.ozone.protocol.proto.OzoneManagerProtocolProtos$OzoneManagerService$2.callBlockingMethod(OzoneManagerProtocolProtos.java)
	at org.apache.hadoop.ipc.ProtobufRpcEngine$Server$ProtoBufRpcInvoker.call(ProtobufRpcEngine.java:524)
	at org.apache.hadoop.ipc.RPC$Server.call(RPC.java:1025)
	at org.apache.hadoop.ipc.Server$RpcCall.run(Server.java:876)
	at org.apache.hadoop.ipc.Server$RpcCall.run(Server.java:822)
	at java.security.AccessController.doPrivileged(Native Method)
	at javax.security.auth.Subject.doAs(Subject.java:422)
	at org.apache.hadoop.security.UserGroupInformation.doAs(UserGroupInformation.java:1730)
	at org.apache.hadoop.ipc.Server$Handler.run(Server.java:2682)
, while invoking $Proxy37.submitRequest over nodeId=null,nodeAddress=localhost:41800 after 5 failover attempts. Trying to failover immediately.
2019-10-16 08:36:09,351 [IPC Server handler 15 on 41800] ERROR lock.LockManager (LockManager.java:getLockForReleasing(218)) - Trying to release the lock on /volume32649/bucket75050, which was never acquired.
2019-10-16 08:36:09,351 [IPC Server handler 15 on 41800] WARN  ipc.Server (Server.java:logException(2724)) - IPC Server handler 15 on 41800, call Call#158 Retry#6 org.apache.hadoop.ozone.om.protocol.OzoneManagerProtocol.submitRequest from 127.0.0.1:58682
java.lang.IllegalMonitorStateException: Releasing lock on resource /volume32649/bucket75050 without acquiring lock
	at org.apache.hadoop.ozone.lock.LockManager.getLockForReleasing(LockManager.java:220)
	at org.apache.hadoop.ozone.lock.LockManager.release(LockManager.java:168)
	at org.apache.hadoop.ozone.lock.LockManager.writeUnlock(LockManager.java:148)
	at org.apache.hadoop.ozone.om.lock.OzoneManagerLock.unlock(OzoneManagerLock.java:364)
	at org.apache.hadoop.ozone.om.lock.OzoneManagerLock.releaseWriteLock(OzoneManagerLock.java:329)
	at org.apache.hadoop.ozone.om.request.key.OMKeyCommitRequest.validateAndUpdateCache(OMKeyCommitRequest.java:177)
	at org.apache.hadoop.ozone.protocolPB.OzoneManagerProtocolServerSideTranslatorPB.submitRequestDirectlyToOM(OzoneManagerProtocolServerSideTranslatorPB.java:219)
	at org.apache.hadoop.ozone.protocolPB.OzoneManagerProtocolServerSideTranslatorPB.processRequest(OzoneManagerProtocolServerSideTranslatorPB.java:134)
	at org.apache.hadoop.hdds.server.OzoneProtocolMessageDispatcher.processRequest(OzoneProtocolMessageDispatcher.java:72)
	at org.apache.hadoop.ozone.protocolPB.OzoneManagerProtocolServerSideTranslatorPB.submitRequest(OzoneManagerProtocolServerSideTranslatorPB.java:100)
	at org.apache.hadoop.ozone.protocol.proto.OzoneManagerProtocolProtos$OzoneManagerService$2.callBlockingMethod(OzoneManagerProtocolProtos.java)
	at org.apache.hadoop.ipc.ProtobufRpcEngine$Server$ProtoBufRpcInvoker.call(ProtobufRpcEngine.java:524)
	at org.apache.hadoop.ipc.RPC$Server.call(RPC.java:1025)
	at org.apache.hadoop.ipc.Server$RpcCall.run(Server.java:876)
	at org.apache.hadoop.ipc.Server$RpcCall.run(Server.java:822)
	at java.security.AccessController.doPrivileged(Native Method)
	at javax.security.auth.Subject.doAs(Subject.java:422)
	at org.apache.hadoop.security.UserGroupInformation.doAs(UserGroupInformation.java:1730)
	at org.apache.hadoop.ipc.Server$Handler.run(Server.java:2682)
2019-10-16 08:36:09,353 [Thread-1399] INFO  retry.RetryInvocationHandler (RetryInvocationHandler.java:log(411)) - com.google.protobuf.ServiceException: org.apache.hadoop.ipc.RemoteException(java.lang.IllegalMonitorStateException): Releasing lock on resource /volume32649/bucket75050 without acquiring lock
	at org.apache.hadoop.ozone.lock.LockManager.getLockForReleasing(LockManager.java:220)
	at org.apache.hadoop.ozone.lock.LockManager.release(LockManager.java:168)
	at org.apache.hadoop.ozone.lock.LockManager.writeUnlock(LockManager.java:148)
	at org.apache.hadoop.ozone.om.lock.OzoneManagerLock.unlock(OzoneManagerLock.java:364)
	at org.apache.hadoop.ozone.om.lock.OzoneManagerLock.releaseWriteLock(OzoneManagerLock.java:329)
	at org.apache.hadoop.ozone.om.request.key.OMKeyCommitRequest.validateAndUpdateCache(OMKeyCommitRequest.java:177)
	at org.apache.hadoop.ozone.protocolPB.OzoneManagerProtocolServerSideTranslatorPB.submitRequestDirectlyToOM(OzoneManagerProtocolServerSideTranslatorPB.java:219)
	at org.apache.hadoop.ozone.protocolPB.OzoneManagerProtocolServerSideTranslatorPB.processRequest(OzoneManagerProtocolServerSideTranslatorPB.java:134)
	at org.apache.hadoop.hdds.server.OzoneProtocolMessageDispatcher.processRequest(OzoneProtocolMessageDispatcher.java:72)
	at org.apache.hadoop.ozone.protocolPB.OzoneManagerProtocolServerSideTranslatorPB.submitRequest(OzoneManagerProtocolServerSideTranslatorPB.java:100)
	at org.apache.hadoop.ozone.protocol.proto.OzoneManagerProtocolProtos$OzoneManagerService$2.callBlockingMethod(OzoneManagerProtocolProtos.java)
	at org.apache.hadoop.ipc.ProtobufRpcEngine$Server$ProtoBufRpcInvoker.call(ProtobufRpcEngine.java:524)
	at org.apache.hadoop.ipc.RPC$Server.call(RPC.java:1025)
	at org.apache.hadoop.ipc.Server$RpcCall.run(Server.java:876)
	at org.apache.hadoop.ipc.Server$RpcCall.run(Server.java:822)
	at java.security.AccessController.doPrivileged(Native Method)
	at javax.security.auth.Subject.doAs(Subject.java:422)
	at org.apache.hadoop.security.UserGroupInformation.doAs(UserGroupInformation.java:1730)
	at org.apache.hadoop.ipc.Server$Handler.run(Server.java:2682)
, while invoking $Proxy37.submitRequest over nodeId=null,nodeAddress=localhost:41800 after 6 failover attempts. Trying to failover immediately.
2019-10-16 08:36:09,355 [IPC Server handler 16 on 41800] ERROR lock.LockManager (LockManager.java:getLockForReleasing(218)) - Trying to release the lock on /volume32649/bucket75050, which was never acquired.
2019-10-16 08:36:09,355 [IPC Server handler 16 on 41800] WARN  ipc.Server (Server.java:logException(2724)) - IPC Server handler 16 on 41800, call Call#158 Retry#7 org.apache.hadoop.ozone.om.protocol.OzoneManagerProtocol.submitRequest from 127.0.0.1:58682
java.lang.IllegalMonitorStateException: Releasing lock on resource /volume32649/bucket75050 without acquiring lock
	at org.apache.hadoop.ozone.lock.LockManager.getLockForReleasing(LockManager.java:220)
	at org.apache.hadoop.ozone.lock.LockManager.release(LockManager.java:168)
	at org.apache.hadoop.ozone.lock.LockManager.writeUnlock(LockManager.java:148)
	at org.apache.hadoop.ozone.om.lock.OzoneManagerLock.unlock(OzoneManagerLock.java:364)
	at org.apache.hadoop.ozone.om.lock.OzoneManagerLock.releaseWriteLock(OzoneManagerLock.java:329)
	at org.apache.hadoop.ozone.om.request.key.OMKeyCommitRequest.validateAndUpdateCache(OMKeyCommitRequest.java:177)
	at org.apache.hadoop.ozone.protocolPB.OzoneManagerProtocolServerSideTranslatorPB.submitRequestDirectlyToOM(OzoneManagerProtocolServerSideTranslatorPB.java:219)
	at org.apache.hadoop.ozone.protocolPB.OzoneManagerProtocolServerSideTranslatorPB.processRequest(OzoneManagerProtocolServerSideTranslatorPB.java:134)
	at org.apache.hadoop.hdds.server.OzoneProtocolMessageDispatcher.processRequest(OzoneProtocolMessageDispatcher.java:72)
	at org.apache.hadoop.ozone.protocolPB.OzoneManagerProtocolServerSideTranslatorPB.submitRequest(OzoneManagerProtocolServerSideTranslatorPB.java:100)
	at org.apache.hadoop.ozone.protocol.proto.OzoneManagerProtocolProtos$OzoneManagerService$2.callBlockingMethod(OzoneManagerProtocolProtos.java)
	at org.apache.hadoop.ipc.ProtobufRpcEngine$Server$ProtoBufRpcInvoker.call(ProtobufRpcEngine.java:524)
	at org.apache.hadoop.ipc.RPC$Server.call(RPC.java:1025)
	at org.apache.hadoop.ipc.Server$RpcCall.run(Server.java:876)
	at org.apache.hadoop.ipc.Server$RpcCall.run(Server.java:822)
	at java.security.AccessController.doPrivileged(Native Method)
	at javax.security.auth.Subject.doAs(Subject.java:422)
	at org.apache.hadoop.security.UserGroupInformation.doAs(UserGroupInformation.java:1730)
	at org.apache.hadoop.ipc.Server$Handler.run(Server.java:2682)
2019-10-16 08:36:09,357 [b6a38e6f-30d2-489f-b507-9253c85dd42d@group-8B113797598C-LeaderElection73] INFO  impl.LeaderElection (LeaderElection.java:askForVotes(178)) - b6a38e6f-30d2-489f-b507-9253c85dd42d@group-8B113797598C-LeaderElection73: begin an election at term 2 for -1: [b6a38e6f-30d2-489f-b507-9253c85dd42d:192.168.34.43:37329, cf7616c0-b7a9-46d3-a120-555ec0bb4231:192.168.34.43:39054, 0ef9c181-c357-4b80-9f89-54102192c238:192.168.34.43:36765], old=null
2019-10-16 08:36:09,357 [grpc-default-executor-0] INFO  impl.RaftServerImpl (RaftServerImpl.java:setRole(184)) - cf7616c0-b7a9-46d3-a120-555ec0bb4231@group-8B113797598C: changes role from  FOLLOWER to FOLLOWER at term 2 for recognizeCandidate:0ef9c181-c357-4b80-9f89-54102192c238
2019-10-16 08:36:09,357 [grpc-default-executor-0] INFO  impl.RoleInfo (RoleInfo.java:shutdownFollowerState(121)) - cf7616c0-b7a9-46d3-a120-555ec0bb4231: shutdown FollowerState
2019-10-16 08:36:09,357 [Thread-1600] INFO  impl.FollowerState (FollowerState.java:run(117)) - cf7616c0-b7a9-46d3-a120-555ec0bb4231@group-8B113797598C-FollowerState was interrupted: java.lang.InterruptedException: sleep interrupted
2019-10-16 08:36:09,357 [grpc-default-executor-0] INFO  impl.RoleInfo (RoleInfo.java:updateAndGet(143)) - cf7616c0-b7a9-46d3-a120-555ec0bb4231: start FollowerState
2019-10-16 08:36:09,360 [Thread-1399] INFO  retry.RetryInvocationHandler (RetryInvocationHandler.java:log(411)) - com.google.protobuf.ServiceException: org.apache.hadoop.ipc.RemoteException(java.lang.IllegalMonitorStateException): Releasing lock on resource /volume32649/bucket75050 without acquiring lock
	at org.apache.hadoop.ozone.lock.LockManager.getLockForReleasing(LockManager.java:220)
	at org.apache.hadoop.ozone.lock.LockManager.release(LockManager.java:168)
	at org.apache.hadoop.ozone.lock.LockManager.writeUnlock(LockManager.java:148)
	at org.apache.hadoop.ozone.om.lock.OzoneManagerLock.unlock(OzoneManagerLock.java:364)
	at org.apache.hadoop.ozone.om.lock.OzoneManagerLock.releaseWriteLock(OzoneManagerLock.java:329)
	at org.apache.hadoop.ozone.om.request.key.OMKeyCommitRequest.validateAndUpdateCache(OMKeyCommitRequest.java:177)
	at org.apache.hadoop.ozone.protocolPB.OzoneManagerProtocolServerSideTranslatorPB.submitRequestDirectlyToOM(OzoneManagerProtocolServerSideTranslatorPB.java:219)
	at org.apache.hadoop.ozone.protocolPB.OzoneManagerProtocolServerSideTranslatorPB.processRequest(OzoneManagerProtocolServerSideTranslatorPB.java:134)
	at org.apache.hadoop.hdds.server.OzoneProtocolMessageDispatcher.processRequest(OzoneProtocolMessageDispatcher.java:72)
	at org.apache.hadoop.ozone.protocolPB.OzoneManagerProtocolServerSideTranslatorPB.submitRequest(OzoneManagerProtocolServerSideTranslatorPB.java:100)
	at org.apache.hadoop.ozone.protocol.proto.OzoneManagerProtocolProtos$OzoneManagerService$2.callBlockingMethod(OzoneManagerProtocolProtos.java)
	at org.apache.hadoop.ipc.ProtobufRpcEngine$Server$ProtoBufRpcInvoker.call(ProtobufRpcEngine.java:524)
	at org.apache.hadoop.ipc.RPC$Server.call(RPC.java:1025)
	at org.apache.hadoop.ipc.Server$RpcCall.run(Server.java:876)
	at org.apache.hadoop.ipc.Server$RpcCall.run(Server.java:822)
	at java.security.AccessController.doPrivileged(Native Method)
	at javax.security.auth.Subject.doAs(Subject.java:422)
	at org.apache.hadoop.security.UserGroupInformation.doAs(UserGroupInformation.java:1730)
	at org.apache.hadoop.ipc.Server$Handler.run(Server.java:2682)
, while invoking $Proxy37.submitRequest over nodeId=null,nodeAddress=localhost:41800 after 7 failover attempts. Trying to failover immediately.
2019-10-16 08:36:09,361 [b6a38e6f-30d2-489f-b507-9253c85dd42d@group-8B113797598C-LeaderElection73] INFO  impl.LeaderElection (LeaderElection.java:logAndReturn(56)) - b6a38e6f-30d2-489f-b507-9253c85dd42d@group-8B113797598C-LeaderElection73: Election TIMEOUT; received 0 response(s) [] and 0 exception(s); b6a38e6f-30d2-489f-b507-9253c85dd42d@group-8B113797598C:t2, leader=null, voted=b6a38e6f-30d2-489f-b507-9253c85dd42d, raftlog=b6a38e6f-30d2-489f-b507-9253c85dd42d@group-8B113797598C-SegmentedRaftLog:OPENED:c-1,f-1,i0, conf=-1: [b6a38e6f-30d2-489f-b507-9253c85dd42d:192.168.34.43:37329, cf7616c0-b7a9-46d3-a120-555ec0bb4231:192.168.34.43:39054, 0ef9c181-c357-4b80-9f89-54102192c238:192.168.34.43:36765], old=null
2019-10-16 08:36:09,362 [IPC Server handler 17 on 41800] ERROR lock.LockManager (LockManager.java:getLockForReleasing(218)) - Trying to release the lock on /volume32649/bucket75050, which was never acquired.
2019-10-16 08:36:09,362 [IPC Server handler 17 on 41800] WARN  ipc.Server (Server.java:logException(2724)) - IPC Server handler 17 on 41800, call Call#158 Retry#8 org.apache.hadoop.ozone.om.protocol.OzoneManagerProtocol.submitRequest from 127.0.0.1:58682
java.lang.IllegalMonitorStateException: Releasing lock on resource /volume32649/bucket75050 without acquiring lock
	at org.apache.hadoop.ozone.lock.LockManager.getLockForReleasing(LockManager.java:220)
	at org.apache.hadoop.ozone.lock.LockManager.release(LockManager.java:168)
	at org.apache.hadoop.ozone.lock.LockManager.writeUnlock(LockManager.java:148)
	at org.apache.hadoop.ozone.om.lock.OzoneManagerLock.unlock(OzoneManagerLock.java:364)
	at org.apache.hadoop.ozone.om.lock.OzoneManagerLock.releaseWriteLock(OzoneManagerLock.java:329)
	at org.apache.hadoop.ozone.om.request.key.OMKeyCommitRequest.validateAndUpdateCache(OMKeyCommitRequest.java:177)
	at org.apache.hadoop.ozone.protocolPB.OzoneManagerProtocolServerSideTranslatorPB.submitRequestDirectlyToOM(OzoneManagerProtocolServerSideTranslatorPB.java:219)
	at org.apache.hadoop.ozone.protocolPB.OzoneManagerProtocolServerSideTranslatorPB.processRequest(OzoneManagerProtocolServerSideTranslatorPB.java:134)
	at org.apache.hadoop.hdds.server.OzoneProtocolMessageDispatcher.processRequest(OzoneProtocolMessageDispatcher.java:72)
	at org.apache.hadoop.ozone.protocolPB.OzoneManagerProtocolServerSideTranslatorPB.submitRequest(OzoneManagerProtocolServerSideTranslatorPB.java:100)
	at org.apache.hadoop.ozone.protocol.proto.OzoneManagerProtocolProtos$OzoneManagerService$2.callBlockingMethod(OzoneManagerProtocolProtos.java)
	at org.apache.hadoop.ipc.ProtobufRpcEngine$Server$ProtoBufRpcInvoker.call(ProtobufRpcEngine.java:524)
	at org.apache.hadoop.ipc.RPC$Server.call(RPC.java:1025)
	at org.apache.hadoop.ipc.Server$RpcCall.run(Server.java:876)
	at org.apache.hadoop.ipc.Server$RpcCall.run(Server.java:822)
	at java.security.AccessController.doPrivileged(Native Method)
	at javax.security.auth.Subject.doAs(Subject.java:422)
	at org.apache.hadoop.security.UserGroupInformation.doAs(UserGroupInformation.java:1730)
	at org.apache.hadoop.ipc.Server$Handler.run(Server.java:2682)
2019-10-16 08:36:09,365 [Thread-1399] INFO  retry.RetryInvocationHandler (RetryInvocationHandler.java:log(411)) - com.google.protobuf.ServiceException: org.apache.hadoop.ipc.RemoteException(java.lang.IllegalMonitorStateException): Releasing lock on resource /volume32649/bucket75050 without acquiring lock
	at org.apache.hadoop.ozone.lock.LockManager.getLockForReleasing(LockManager.java:220)
	at org.apache.hadoop.ozone.lock.LockManager.release(LockManager.java:168)
	at org.apache.hadoop.ozone.lock.LockManager.writeUnlock(LockManager.java:148)
	at org.apache.hadoop.ozone.om.lock.OzoneManagerLock.unlock(OzoneManagerLock.java:364)
	at org.apache.hadoop.ozone.om.lock.OzoneManagerLock.releaseWriteLock(OzoneManagerLock.java:329)
	at org.apache.hadoop.ozone.om.request.key.OMKeyCommitRequest.validateAndUpdateCache(OMKeyCommitRequest.java:177)
	at org.apache.hadoop.ozone.protocolPB.OzoneManagerProtocolServerSideTranslatorPB.submitRequestDirectlyToOM(OzoneManagerProtocolServerSideTranslatorPB.java:219)
	at org.apache.hadoop.ozone.protocolPB.OzoneManagerProtocolServerSideTranslatorPB.processRequest(OzoneManagerProtocolServerSideTranslatorPB.java:134)
	at org.apache.hadoop.hdds.server.OzoneProtocolMessageDispatcher.processRequest(OzoneProtocolMessageDispatcher.java:72)
	at org.apache.hadoop.ozone.protocolPB.OzoneManagerProtocolServerSideTranslatorPB.submitRequest(OzoneManagerProtocolServerSideTranslatorPB.java:100)
	at org.apache.hadoop.ozone.protocol.proto.OzoneManagerProtocolProtos$OzoneManagerService$2.callBlockingMethod(OzoneManagerProtocolProtos.java)
	at org.apache.hadoop.ipc.ProtobufRpcEngine$Server$ProtoBufRpcInvoker.call(ProtobufRpcEngine.java:524)
	at org.apache.hadoop.ipc.RPC$Server.call(RPC.java:1025)
	at org.apache.hadoop.ipc.Server$RpcCall.run(Server.java:876)
	at org.apache.hadoop.ipc.Server$RpcCall.run(Server.java:822)
	at java.security.AccessController.doPrivileged(Native Method)
	at javax.security.auth.Subject.doAs(Subject.java:422)
	at org.apache.hadoop.security.UserGroupInformation.doAs(UserGroupInformation.java:1730)
	at org.apache.hadoop.ipc.Server$Handler.run(Server.java:2682)
, while invoking $Proxy37.submitRequest over nodeId=null,nodeAddress=localhost:41800 after 8 failover attempts. Trying to failover immediately.
2019-10-16 08:36:09,366 [IPC Server handler 18 on 41800] ERROR lock.LockManager (LockManager.java:getLockForReleasing(218)) - Trying to release the lock on /volume32649/bucket75050, which was never acquired.
2019-10-16 08:36:09,366 [IPC Server handler 18 on 41800] WARN  ipc.Server (Server.java:logException(2724)) - IPC Server handler 18 on 41800, call Call#158 Retry#9 org.apache.hadoop.ozone.om.protocol.OzoneManagerProtocol.submitRequest from 127.0.0.1:58682
java.lang.IllegalMonitorStateException: Releasing lock on resource /volume32649/bucket75050 without acquiring lock
	at org.apache.hadoop.ozone.lock.LockManager.getLockForReleasing(LockManager.java:220)
	at org.apache.hadoop.ozone.lock.LockManager.release(LockManager.java:168)
	at org.apache.hadoop.ozone.lock.LockManager.writeUnlock(LockManager.java:148)
	at org.apache.hadoop.ozone.om.lock.OzoneManagerLock.unlock(OzoneManagerLock.java:364)
	at org.apache.hadoop.ozone.om.lock.OzoneManagerLock.releaseWriteLock(OzoneManagerLock.java:329)
	at org.apache.hadoop.ozone.om.request.key.OMKeyCommitRequest.validateAndUpdateCache(OMKeyCommitRequest.java:177)
	at org.apache.hadoop.ozone.protocolPB.OzoneManagerProtocolServerSideTranslatorPB.submitRequestDirectlyToOM(OzoneManagerProtocolServerSideTranslatorPB.java:219)
	at org.apache.hadoop.ozone.protocolPB.OzoneManagerProtocolServerSideTranslatorPB.processRequest(OzoneManagerProtocolServerSideTranslatorPB.java:134)
	at org.apache.hadoop.hdds.server.OzoneProtocolMessageDispatcher.processRequest(OzoneProtocolMessageDispatcher.java:72)
	at org.apache.hadoop.ozone.protocolPB.OzoneManagerProtocolServerSideTranslatorPB.submitRequest(OzoneManagerProtocolServerSideTranslatorPB.java:100)
	at org.apache.hadoop.ozone.protocol.proto.OzoneManagerProtocolProtos$OzoneManagerService$2.callBlockingMethod(OzoneManagerProtocolProtos.java)
	at org.apache.hadoop.ipc.ProtobufRpcEngine$Server$ProtoBufRpcInvoker.call(ProtobufRpcEngine.java:524)
	at org.apache.hadoop.ipc.RPC$Server.call(RPC.java:1025)
	at org.apache.hadoop.ipc.Server$RpcCall.run(Server.java:876)
	at org.apache.hadoop.ipc.Server$RpcCall.run(Server.java:822)
	at java.security.AccessController.doPrivileged(Native Method)
	at javax.security.auth.Subject.doAs(Subject.java:422)
	at org.apache.hadoop.security.UserGroupInformation.doAs(UserGroupInformation.java:1730)
	at org.apache.hadoop.ipc.Server$Handler.run(Server.java:2682)
2019-10-16 08:36:09,368 [Thread-1399] INFO  retry.RetryInvocationHandler (RetryInvocationHandler.java:log(411)) - com.google.protobuf.ServiceException: org.apache.hadoop.ipc.RemoteException(java.lang.IllegalMonitorStateException): Releasing lock on resource /volume32649/bucket75050 without acquiring lock
	at org.apache.hadoop.ozone.lock.LockManager.getLockForReleasing(LockManager.java:220)
	at org.apache.hadoop.ozone.lock.LockManager.release(LockManager.java:168)
	at org.apache.hadoop.ozone.lock.LockManager.writeUnlock(LockManager.java:148)
	at org.apache.hadoop.ozone.om.lock.OzoneManagerLock.unlock(OzoneManagerLock.java:364)
	at org.apache.hadoop.ozone.om.lock.OzoneManagerLock.releaseWriteLock(OzoneManagerLock.java:329)
	at org.apache.hadoop.ozone.om.request.key.OMKeyCommitRequest.validateAndUpdateCache(OMKeyCommitRequest.java:177)
	at org.apache.hadoop.ozone.protocolPB.OzoneManagerProtocolServerSideTranslatorPB.submitRequestDirectlyToOM(OzoneManagerProtocolServerSideTranslatorPB.java:219)
	at org.apache.hadoop.ozone.protocolPB.OzoneManagerProtocolServerSideTranslatorPB.processRequest(OzoneManagerProtocolServerSideTranslatorPB.java:134)
	at org.apache.hadoop.hdds.server.OzoneProtocolMessageDispatcher.processRequest(OzoneProtocolMessageDispatcher.java:72)
	at org.apache.hadoop.ozone.protocolPB.OzoneManagerProtocolServerSideTranslatorPB.submitRequest(OzoneManagerProtocolServerSideTranslatorPB.java:100)
	at org.apache.hadoop.ozone.protocol.proto.OzoneManagerProtocolProtos$OzoneManagerService$2.callBlockingMethod(OzoneManagerProtocolProtos.java)
	at org.apache.hadoop.ipc.ProtobufRpcEngine$Server$ProtoBufRpcInvoker.call(ProtobufRpcEngine.java:524)
	at org.apache.hadoop.ipc.RPC$Server.call(RPC.java:1025)
	at org.apache.hadoop.ipc.Server$RpcCall.run(Server.java:876)
	at org.apache.hadoop.ipc.Server$RpcCall.run(Server.java:822)
	at java.security.AccessController.doPrivileged(Native Method)
	at javax.security.auth.Subject.doAs(Subject.java:422)
	at org.apache.hadoop.security.UserGroupInformation.doAs(UserGroupInformation.java:1730)
	at org.apache.hadoop.ipc.Server$Handler.run(Server.java:2682)
, while invoking $Proxy37.submitRequest over nodeId=null,nodeAddress=localhost:41800 after 9 failover attempts. Trying to failover immediately.
2019-10-16 08:36:09,370 [IPC Server handler 19 on 41800] ERROR lock.LockManager (LockManager.java:getLockForReleasing(218)) - Trying to release the lock on /volume32649/bucket75050, which was never acquired.
2019-10-16 08:36:09,370 [IPC Server handler 19 on 41800] WARN  ipc.Server (Server.java:logException(2724)) - IPC Server handler 19 on 41800, call Call#158 Retry#10 org.apache.hadoop.ozone.om.protocol.OzoneManagerProtocol.submitRequest from 127.0.0.1:58682
java.lang.IllegalMonitorStateException: Releasing lock on resource /volume32649/bucket75050 without acquiring lock
	at org.apache.hadoop.ozone.lock.LockManager.getLockForReleasing(LockManager.java:220)
	at org.apache.hadoop.ozone.lock.LockManager.release(LockManager.java:168)
	at org.apache.hadoop.ozone.lock.LockManager.writeUnlock(LockManager.java:148)
	at org.apache.hadoop.ozone.om.lock.OzoneManagerLock.unlock(OzoneManagerLock.java:364)
	at org.apache.hadoop.ozone.om.lock.OzoneManagerLock.releaseWriteLock(OzoneManagerLock.java:329)
	at org.apache.hadoop.ozone.om.request.key.OMKeyCommitRequest.validateAndUpdateCache(OMKeyCommitRequest.java:177)
	at org.apache.hadoop.ozone.protocolPB.OzoneManagerProtocolServerSideTranslatorPB.submitRequestDirectlyToOM(OzoneManagerProtocolServerSideTranslatorPB.java:219)
	at org.apache.hadoop.ozone.protocolPB.OzoneManagerProtocolServerSideTranslatorPB.processRequest(OzoneManagerProtocolServerSideTranslatorPB.java:134)
	at org.apache.hadoop.hdds.server.OzoneProtocolMessageDispatcher.processRequest(OzoneProtocolMessageDispatcher.java:72)
	at org.apache.hadoop.ozone.protocolPB.OzoneManagerProtocolServerSideTranslatorPB.submitRequest(OzoneManagerProtocolServerSideTranslatorPB.java:100)
	at org.apache.hadoop.ozone.protocol.proto.OzoneManagerProtocolProtos$OzoneManagerService$2.callBlockingMethod(OzoneManagerProtocolProtos.java)
	at org.apache.hadoop.ipc.ProtobufRpcEngine$Server$ProtoBufRpcInvoker.call(ProtobufRpcEngine.java:524)
	at org.apache.hadoop.ipc.RPC$Server.call(RPC.java:1025)
	at org.apache.hadoop.ipc.Server$RpcCall.run(Server.java:876)
	at org.apache.hadoop.ipc.Server$RpcCall.run(Server.java:822)
	at java.security.AccessController.doPrivileged(Native Method)
	at javax.security.auth.Subject.doAs(Subject.java:422)
	at org.apache.hadoop.security.UserGroupInformation.doAs(UserGroupInformation.java:1730)
	at org.apache.hadoop.ipc.Server$Handler.run(Server.java:2682)
2019-10-16 08:36:09,372 [Thread-1399] ERROR ha.OMFailoverProxyProvider (OzoneManagerProtocolClientSideTranslatorPB.java:getRetryAction(268)) - Failed to connect to OM. Attempted 10 retries and 10 failovers
2019-10-16 08:36:09,372 [Thread-1399] INFO  ozone.MiniOzoneClusterImpl (MiniOzoneClusterImpl.java:shutdown(314)) - Shutting down the Mini Ozone Cluster
2019-10-16 08:36:09,372 [Thread-1399] INFO  ozone.MiniOzoneClusterImpl (MiniOzoneClusterImpl.java:stop(330)) - Stopping the Mini Ozone Cluster
2019-10-16 08:36:09,372 [Thread-1399] INFO  ozone.MiniOzoneClusterImpl (MiniOzoneClusterImpl.java:stopOM(400)) - Stopping the OzoneManager
2019-10-16 08:36:09,373 [Thread-1399] INFO  ipc.Server (Server.java:stop(3082)) - Stopping server on 41800
2019-10-16 08:36:09,374 [b6a38e6f-30d2-489f-b507-9253c85dd42d@group-8B113797598C-LeaderElection73] INFO  impl.LeaderElection (LeaderElection.java:askForVotes(178)) - b6a38e6f-30d2-489f-b507-9253c85dd42d@group-8B113797598C-LeaderElection73: begin an election at term 3 for -1: [b6a38e6f-30d2-489f-b507-9253c85dd42d:192.168.34.43:37329, cf7616c0-b7a9-46d3-a120-555ec0bb4231:192.168.34.43:39054, 0ef9c181-c357-4b80-9f89-54102192c238:192.168.34.43:36765], old=null
2019-10-16 08:36:09,375 [IPC Server listener on 41800] INFO  ipc.Server (Server.java:run(1185)) - Stopping IPC Server listener on 41800
2019-10-16 08:36:09,375 [IPC Server Responder] INFO  ipc.Server (Server.java:run(1319)) - Stopping IPC Server Responder
2019-10-16 08:36:09,375 [Thread-1399] INFO  ratis.OzoneManagerDoubleBuffer (OzoneManagerDoubleBuffer.java:stop(250)) - Stopping OMDoubleBuffer flush thread
2019-10-16 08:36:09,378 [OMDoubleBufferFlushThread] INFO  ratis.OzoneManagerDoubleBuffer (OzoneManagerDoubleBuffer.java:flushTransactions(193)) - OMDoubleBuffer flush thread OMDoubleBufferFlushThread is interrupted and will exit. OMDoubleBufferFlushThread
2019-10-16 08:36:09,379 [Thread-1399] INFO  utils.BackgroundService (BackgroundService.java:shutdown(151)) - Shutting down service KeyDeletingService
2019-10-16 08:36:09,380 [0ef9c181-c357-4b80-9f89-54102192c238@group-8B113797598C-LeaderElection74] INFO  impl.LeaderElection (LeaderElection.java:logAndReturn(56)) - 0ef9c181-c357-4b80-9f89-54102192c238@group-8B113797598C-LeaderElection74: Election PASSED; received 2 response(s) [0ef9c181-c357-4b80-9f89-54102192c238<-b6a38e6f-30d2-489f-b507-9253c85dd42d#0:FAIL-t2, 0ef9c181-c357-4b80-9f89-54102192c238<-cf7616c0-b7a9-46d3-a120-555ec0bb4231#0:OK-t2] and 0 exception(s); 0ef9c181-c357-4b80-9f89-54102192c238@group-8B113797598C:t2, leader=null, voted=0ef9c181-c357-4b80-9f89-54102192c238, raftlog=0ef9c181-c357-4b80-9f89-54102192c238@group-8B113797598C-SegmentedRaftLog:OPENED:c-1,f-1,i0, conf=-1: [b6a38e6f-30d2-489f-b507-9253c85dd42d:192.168.34.43:37329, cf7616c0-b7a9-46d3-a120-555ec0bb4231:192.168.34.43:39054, 0ef9c181-c357-4b80-9f89-54102192c238:192.168.34.43:36765], old=null
2019-10-16 08:36:09,381 [0ef9c181-c357-4b80-9f89-54102192c238@group-8B113797598C-LeaderElection74] INFO  impl.RoleInfo (RoleInfo.java:shutdownLeaderElection(134)) - 0ef9c181-c357-4b80-9f89-54102192c238: shutdown LeaderElection
2019-10-16 08:36:09,381 [0ef9c181-c357-4b80-9f89-54102192c238@group-8B113797598C-LeaderElection74] INFO  impl.RaftServerImpl (RaftServerImpl.java:setRole(184)) - 0ef9c181-c357-4b80-9f89-54102192c238@group-8B113797598C: changes role from CANDIDATE to LEADER at term 2 for changeToLeader
2019-10-16 08:36:09,381 [0ef9c181-c357-4b80-9f89-54102192c238@group-8B113797598C-LeaderElection74] INFO  impl.RaftServerImpl (ServerState.java:setLeader(256)) - 0ef9c181-c357-4b80-9f89-54102192c238@group-8B113797598C: change Leader from null to 0ef9c181-c357-4b80-9f89-54102192c238 at term 2 for becomeLeader, leader elected after 126ms
2019-10-16 08:36:09,381 [0ef9c181-c357-4b80-9f89-54102192c238@group-8B113797598C-LeaderElection74] INFO  server.RaftServerConfigKeys (ConfUtils.java:logGet(43)) - raft.server.staging.catchup.gap = 1000 (default)
2019-10-16 08:36:09,381 [0ef9c181-c357-4b80-9f89-54102192c238@group-8B113797598C-LeaderElection74] INFO  server.RaftServerConfigKeys (ConfUtils.java:logGet(43)) - raft.server.rpc.sleep.time = 25ms (default)
2019-10-16 08:36:09,381 [grpc-default-executor-0] INFO  impl.RaftServerImpl (RaftServerImpl.java:setRole(184)) - cf7616c0-b7a9-46d3-a120-555ec0bb4231@group-8B113797598C: changes role from  FOLLOWER to FOLLOWER at term 3 for recognizeCandidate:b6a38e6f-30d2-489f-b507-9253c85dd42d
2019-10-16 08:36:09,381 [0ef9c181-c357-4b80-9f89-54102192c238@group-8B113797598C-LeaderElection74] INFO  server.RaftServerConfigKeys (ConfUtils.java:logGet(43)) - raft.server.write.element-limit = 4096 (default)
2019-10-16 08:36:09,381 [grpc-default-executor-0] INFO  impl.RoleInfo (RoleInfo.java:shutdownFollowerState(121)) - cf7616c0-b7a9-46d3-a120-555ec0bb4231: shutdown FollowerState
2019-10-16 08:36:09,382 [0ef9c181-c357-4b80-9f89-54102192c238@group-8B113797598C-LeaderElection74] INFO  server.RaftServerConfigKeys (ConfUtils.java:logGet(43)) - raft.server.watch.timeout = 10s (default)
2019-10-16 08:36:09,382 [Thread-1605] INFO  impl.FollowerState (FollowerState.java:run(117)) - cf7616c0-b7a9-46d3-a120-555ec0bb4231@group-8B113797598C-FollowerState was interrupted: java.lang.InterruptedException: sleep interrupted
2019-10-16 08:36:09,382 [grpc-default-executor-0] INFO  impl.RoleInfo (RoleInfo.java:updateAndGet(143)) - cf7616c0-b7a9-46d3-a120-555ec0bb4231: start FollowerState
2019-10-16 08:36:09,382 [0ef9c181-c357-4b80-9f89-54102192c238@group-8B113797598C-LeaderElection74] INFO  server.RaftServerConfigKeys (ConfUtils.java:logGet(43)) - raft.server.watch.timeout.denomination = 1s (default)
2019-10-16 08:36:09,382 [0ef9c181-c357-4b80-9f89-54102192c238@group-8B113797598C-LeaderElection74] INFO  server.RaftServerConfigKeys (ConfUtils.java:logGet(43)) - raft.server.watch.element-limit = 65536 (default)
2019-10-16 08:36:09,384 [0ef9c181-c357-4b80-9f89-54102192c238@group-8B113797598C-LeaderElection74] INFO  server.RaftServerConfigKeys (ConfUtils.java:logGet(43)) - raft.server.log.appender.snapshot.chunk.size.max = 16MB (=16777216) (default)
2019-10-16 08:36:09,384 [0ef9c181-c357-4b80-9f89-54102192c238@group-8B113797598C-LeaderElection74] INFO  server.RaftServerConfigKeys (ConfUtils.java:logGet(43)) - raft.server.log.appender.buffer.byte-limit = 33554432 (custom)
2019-10-16 08:36:09,385 [0ef9c181-c357-4b80-9f89-54102192c238@group-8B113797598C-LeaderElection74] INFO  server.RaftServerConfigKeys (ConfUtils.java:logGet(43)) - raft.server.log.appender.buffer.element-limit = 1 (custom)
2019-10-16 08:36:09,385 [0ef9c181-c357-4b80-9f89-54102192c238@group-8B113797598C-LeaderElection74] INFO  grpc.GrpcConfigKeys$Server (ConfUtils.java:logGet(43)) - raft.grpc.server.leader.outstanding.appends.max = 128 (default)
2019-10-16 08:36:09,385 [0ef9c181-c357-4b80-9f89-54102192c238@group-8B113797598C-LeaderElection74] INFO  server.RaftServerConfigKeys (ConfUtils.java:logGet(43)) - raft.server.rpc.request.timeout = 3000ms (default)
2019-10-16 08:36:09,385 [0ef9c181-c357-4b80-9f89-54102192c238@group-8B113797598C-LeaderElection74] INFO  server.RaftServerConfigKeys (ConfUtils.java:logGet(43)) - raft.server.log.appender.install.snapshot.enabled = false (custom)
2019-10-16 08:36:09,387 [0ef9c181-c357-4b80-9f89-54102192c238@group-8B113797598C-LeaderElection74] INFO  server.RaftServerConfigKeys (ConfUtils.java:logGet(43)) - raft.server.log.appender.snapshot.chunk.size.max = 16MB (=16777216) (default)
2019-10-16 08:36:09,387 [0ef9c181-c357-4b80-9f89-54102192c238@group-8B113797598C-LeaderElection74] INFO  server.RaftServerConfigKeys (ConfUtils.java:logGet(43)) - raft.server.log.appender.buffer.byte-limit = 33554432 (custom)
2019-10-16 08:36:09,387 [0ef9c181-c357-4b80-9f89-54102192c238@group-8B113797598C-LeaderElection74] INFO  server.RaftServerConfigKeys (ConfUtils.java:logGet(43)) - raft.server.log.appender.buffer.element-limit = 1 (custom)
2019-10-16 08:36:09,387 [0ef9c181-c357-4b80-9f89-54102192c238@group-8B113797598C-LeaderElection74] INFO  grpc.GrpcConfigKeys$Server (ConfUtils.java:logGet(43)) - raft.grpc.server.leader.outstanding.appends.max = 128 (default)
2019-10-16 08:36:09,387 [0ef9c181-c357-4b80-9f89-54102192c238@group-8B113797598C-LeaderElection74] INFO  server.RaftServerConfigKeys (ConfUtils.java:logGet(43)) - raft.server.rpc.request.timeout = 3000ms (default)
2019-10-16 08:36:09,388 [0ef9c181-c357-4b80-9f89-54102192c238@group-8B113797598C-LeaderElection74] INFO  server.RaftServerConfigKeys (ConfUtils.java:logGet(43)) - raft.server.log.appender.install.snapshot.enabled = false (custom)
2019-10-16 08:36:09,389 [0ef9c181-c357-4b80-9f89-54102192c238@group-8B113797598C-LeaderElection74] INFO  impl.RoleInfo (RoleInfo.java:updateAndGet(143)) - 0ef9c181-c357-4b80-9f89-54102192c238: start LeaderState
2019-10-16 08:36:09,390 [0ef9c181-c357-4b80-9f89-54102192c238@group-8B113797598C-LeaderElection74] INFO  segmented.SegmentedRaftLogWorker (SegmentedRaftLogWorker.java:startLogSegment(385)) - 0ef9c181-c357-4b80-9f89-54102192c238@group-8B113797598C-SegmentedRaftLogWorker: Starting segment from index:0
2019-10-16 08:36:09,390 [0ef9c181-c357-4b80-9f89-54102192c238@group-8B113797598C-LeaderElection74] INFO  impl.RaftServerImpl (ServerState.java:setRaftConf(357)) - 0ef9c181-c357-4b80-9f89-54102192c238@group-8B113797598C: set configuration 0: [b6a38e6f-30d2-489f-b507-9253c85dd42d:192.168.34.43:37329, cf7616c0-b7a9-46d3-a120-555ec0bb4231:192.168.34.43:39054, 0ef9c181-c357-4b80-9f89-54102192c238:192.168.34.43:36765], old=null at 0
2019-10-16 08:36:09,390 [grpc-default-executor-1] INFO  impl.RaftServerImpl (ServerState.java:setLeader(256)) - 0ef9c181-c357-4b80-9f89-54102192c238@group-8B113797598C: change Leader from 0ef9c181-c357-4b80-9f89-54102192c238 to null at term 3 for updateCurrentTerm
2019-10-16 08:36:09,428 [grpc-default-executor-1] INFO  impl.RaftServerImpl (RaftServerImpl.java:setRole(184)) - 0ef9c181-c357-4b80-9f89-54102192c238@group-8B113797598C: changes role from    LEADER to FOLLOWER at term 3 for recognizeCandidate:b6a38e6f-30d2-489f-b507-9253c85dd42d
2019-10-16 08:36:09,429 [grpc-default-executor-1] INFO  impl.RoleInfo (RoleInfo.java:shutdownLeaderState(104)) - 0ef9c181-c357-4b80-9f89-54102192c238: shutdown LeaderState
2019-10-16 08:36:09,431 [Thread-1399] INFO  handler.ContextHandler (ContextHandler.java:doStop(910)) - Stopped o.e.j.w.WebAppContext@298f73cb{/,null,UNAVAILABLE}{/ozoneManager}
2019-10-16 08:36:09,431 [grpc-default-executor-1] INFO  impl.PendingRequests (PendingRequests.java:sendNotLeaderResponses(202)) - 0ef9c181-c357-4b80-9f89-54102192c238@group-8B113797598C-PendingRequests: sendNotLeaderResponses
2019-10-16 08:36:09,432 [grpc-default-executor-1] INFO  impl.RoleInfo (RoleInfo.java:updateAndGet(143)) - 0ef9c181-c357-4b80-9f89-54102192c238: start FollowerState
2019-10-16 08:36:09,432 [Thread-1399] INFO  server.AbstractConnector (AbstractConnector.java:doStop(318)) - Stopped ServerConnector@2d1f9847{HTTP/1.1,[http/1.1]}{0.0.0.0:0}
2019-10-16 08:36:09,432 [org.apache.ratis.server.impl.LogAppender$AppenderDaemon$$Lambda$430/1408672603@4c98d6fb] WARN  server.GrpcLogAppender (GrpcLogAppender.java:mayWait(149)) - 0ef9c181-c357-4b80-9f89-54102192c238@group-8B113797598C->cf7616c0-b7a9-46d3-a120-555ec0bb4231-GrpcLogAppender: Wait interrupted by java.lang.InterruptedException
2019-10-16 08:36:09,433 [org.apache.ratis.server.impl.LogAppender$AppenderDaemon$$Lambda$430/1408672603@1d51452e] WARN  server.GrpcLogAppender (GrpcLogAppender.java:mayWait(149)) - 0ef9c181-c357-4b80-9f89-54102192c238@group-8B113797598C->b6a38e6f-30d2-489f-b507-9253c85dd42d-GrpcLogAppender: Wait interrupted by java.lang.InterruptedException
2019-10-16 08:36:09,433 [Thread-1399] INFO  handler.ContextHandler (ContextHandler.java:doStop(910)) - Stopped o.e.j.s.ServletContextHandler@7b769da8{/static,jar:file:/home/user/.m2/repository/org/apache/hadoop/hadoop-ozone-ozone-manager/0.5.0-SNAPSHOT/hadoop-ozone-ozone-manager-0.5.0-SNAPSHOT.jar!/webapps/static,UNAVAILABLE}
2019-10-16 08:36:09,433 [Thread-1399] INFO  handler.ContextHandler (ContextHandler.java:doStop(910)) - Stopped o.e.j.s.ServletContextHandler@34fe84b2{/logs,file:///workdir/hadoop-ozone/ozonefs/target/log,UNAVAILABLE}
2019-10-16 08:36:09,434 [grpc-default-executor-3] INFO  server.GrpcServerProtocolService (GrpcServerProtocolService.java:onCompleted(113)) - b6a38e6f-30d2-489f-b507-9253c85dd42d: Completed APPEND_ENTRIES, lastRequest: 0ef9c181-c357-4b80-9f89-54102192c238->b6a38e6f-30d2-489f-b507-9253c85dd42d#0-t2, previous=(t:0, i:0), leaderCommit=-1, initializing? false, entries: <empty>
2019-10-16 08:36:09,434 [b6a38e6f-30d2-489f-b507-9253c85dd42d@group-8B113797598C-LeaderElection73] INFO  impl.LeaderElection (LeaderElection.java:logAndReturn(56)) - b6a38e6f-30d2-489f-b507-9253c85dd42d@group-8B113797598C-LeaderElection73: Election PASSED; received 1 response(s) [b6a38e6f-30d2-489f-b507-9253c85dd42d<-cf7616c0-b7a9-46d3-a120-555ec0bb4231#0:OK-t3] and 0 exception(s); b6a38e6f-30d2-489f-b507-9253c85dd42d@group-8B113797598C:t3, leader=null, voted=b6a38e6f-30d2-489f-b507-9253c85dd42d, raftlog=b6a38e6f-30d2-489f-b507-9253c85dd42d@group-8B113797598C-SegmentedRaftLog:OPENED:c-1,f-1,i0, conf=-1: [b6a38e6f-30d2-489f-b507-9253c85dd42d:192.168.34.43:37329, cf7616c0-b7a9-46d3-a120-555ec0bb4231:192.168.34.43:39054, 0ef9c181-c357-4b80-9f89-54102192c238:192.168.34.43:36765], old=null
2019-10-16 08:36:09,434 [grpc-default-executor-0] INFO  server.GrpcServerProtocolService (GrpcServerProtocolService.java:onCompleted(113)) - cf7616c0-b7a9-46d3-a120-555ec0bb4231: Completed APPEND_ENTRIES, lastRequest: 0ef9c181-c357-4b80-9f89-54102192c238->cf7616c0-b7a9-46d3-a120-555ec0bb4231#0-t2, previous=(t:0, i:0), leaderCommit=-1, initializing? false, entries: <empty>
2019-10-16 08:36:09,434 [b6a38e6f-30d2-489f-b507-9253c85dd42d@group-8B113797598C-LeaderElection73] INFO  impl.RoleInfo (RoleInfo.java:shutdownLeaderElection(134)) - b6a38e6f-30d2-489f-b507-9253c85dd42d: shutdown LeaderElection
2019-10-16 08:36:09,435 [b6a38e6f-30d2-489f-b507-9253c85dd42d@group-8B113797598C-LeaderElection73] INFO  impl.RaftServerImpl (RaftServerImpl.java:setRole(184)) - b6a38e6f-30d2-489f-b507-9253c85dd42d@group-8B113797598C: changes role from CANDIDATE to LEADER at term 3 for changeToLeader
2019-10-16 08:36:09,435 [b6a38e6f-30d2-489f-b507-9253c85dd42d@group-8B113797598C-LeaderElection73] INFO  impl.RaftServerImpl (ServerState.java:setLeader(256)) - b6a38e6f-30d2-489f-b507-9253c85dd42d@group-8B113797598C: change Leader from null to b6a38e6f-30d2-489f-b507-9253c85dd42d at term 3 for becomeLeader, leader elected after 181ms
2019-10-16 08:36:09,435 [b6a38e6f-30d2-489f-b507-9253c85dd42d@group-8B113797598C-LeaderElection73] INFO  server.RaftServerConfigKeys (ConfUtils.java:logGet(43)) - raft.server.staging.catchup.gap = 1000 (default)
2019-10-16 08:36:09,435 [b6a38e6f-30d2-489f-b507-9253c85dd42d@group-8B113797598C-LeaderElection73] INFO  server.RaftServerConfigKeys (ConfUtils.java:logGet(43)) - raft.server.rpc.sleep.time = 25ms (default)
2019-10-16 08:36:09,436 [b6a38e6f-30d2-489f-b507-9253c85dd42d@group-8B113797598C-LeaderElection73] INFO  server.RaftServerConfigKeys (ConfUtils.java:logGet(43)) - raft.server.write.element-limit = 4096 (default)
2019-10-16 08:36:09,436 [Thread-1399] INFO  ozone.MiniOzoneClusterImpl (MiniOzoneClusterImpl.java:stopDatanodes(377)) - Stopping the HddsDatanodes
2019-10-16 08:36:09,436 [b6a38e6f-30d2-489f-b507-9253c85dd42d@group-8B113797598C-LeaderElection73] INFO  server.RaftServerConfigKeys (ConfUtils.java:logGet(43)) - raft.server.watch.timeout = 10s (default)
2019-10-16 08:36:09,436 [b6a38e6f-30d2-489f-b507-9253c85dd42d@group-8B113797598C-LeaderElection73] INFO  server.RaftServerConfigKeys (ConfUtils.java:logGet(43)) - raft.server.watch.timeout.denomination = 1s (default)
2019-10-16 08:36:09,436 [b6a38e6f-30d2-489f-b507-9253c85dd42d@group-8B113797598C-LeaderElection73] INFO  server.RaftServerConfigKeys (ConfUtils.java:logGet(43)) - raft.server.watch.element-limit = 65536 (default)
2019-10-16 08:36:09,438 [b6a38e6f-30d2-489f-b507-9253c85dd42d@group-8B113797598C-LeaderElection73] INFO  server.RaftServerConfigKeys (ConfUtils.java:logGet(43)) - raft.server.log.appender.snapshot.chunk.size.max = 16MB (=16777216) (default)
2019-10-16 08:36:09,438 [b6a38e6f-30d2-489f-b507-9253c85dd42d@group-8B113797598C-LeaderElection73] INFO  server.RaftServerConfigKeys (ConfUtils.java:logGet(43)) - raft.server.log.appender.buffer.byte-limit = 33554432 (custom)
2019-10-16 08:36:09,439 [b6a38e6f-30d2-489f-b507-9253c85dd42d@group-8B113797598C-LeaderElection73] INFO  server.RaftServerConfigKeys (ConfUtils.java:logGet(43)) - raft.server.log.appender.buffer.element-limit = 1 (custom)
2019-10-16 08:36:09,439 [b6a38e6f-30d2-489f-b507-9253c85dd42d@group-8B113797598C-LeaderElection73] INFO  grpc.GrpcConfigKeys$Server (ConfUtils.java:logGet(43)) - raft.grpc.server.leader.outstanding.appends.max = 128 (default)
2019-10-16 08:36:09,439 [b6a38e6f-30d2-489f-b507-9253c85dd42d@group-8B113797598C-LeaderElection73] INFO  server.RaftServerConfigKeys (ConfUtils.java:logGet(43)) - raft.server.rpc.request.timeout = 3000ms (default)
2019-10-16 08:36:09,439 [b6a38e6f-30d2-489f-b507-9253c85dd42d@group-8B113797598C-LeaderElection73] INFO  server.RaftServerConfigKeys (ConfUtils.java:logGet(43)) - raft.server.log.appender.install.snapshot.enabled = false (custom)
2019-10-16 08:36:09,441 [b6a38e6f-30d2-489f-b507-9253c85dd42d@group-8B113797598C-LeaderElection73] INFO  server.RaftServerConfigKeys (ConfUtils.java:logGet(43)) - raft.server.log.appender.snapshot.chunk.size.max = 16MB (=16777216) (default)
2019-10-16 08:36:09,442 [b6a38e6f-30d2-489f-b507-9253c85dd42d@group-8B113797598C-LeaderElection73] INFO  server.RaftServerConfigKeys (ConfUtils.java:logGet(43)) - raft.server.log.appender.buffer.byte-limit = 33554432 (custom)
2019-10-16 08:36:09,442 [b6a38e6f-30d2-489f-b507-9253c85dd42d@group-8B113797598C-LeaderElection73] INFO  server.RaftServerConfigKeys (ConfUtils.java:logGet(43)) - raft.server.log.appender.buffer.element-limit = 1 (custom)
2019-10-16 08:36:09,442 [b6a38e6f-30d2-489f-b507-9253c85dd42d@group-8B113797598C-LeaderElection73] INFO  grpc.GrpcConfigKeys$Server (ConfUtils.java:logGet(43)) - raft.grpc.server.leader.outstanding.appends.max = 128 (default)
2019-10-16 08:36:09,442 [b6a38e6f-30d2-489f-b507-9253c85dd42d@group-8B113797598C-LeaderElection73] INFO  server.RaftServerConfigKeys (ConfUtils.java:logGet(43)) - raft.server.rpc.request.timeout = 3000ms (default)
2019-10-16 08:36:09,442 [b6a38e6f-30d2-489f-b507-9253c85dd42d@group-8B113797598C-LeaderElection73] INFO  server.RaftServerConfigKeys (ConfUtils.java:logGet(43)) - raft.server.log.appender.install.snapshot.enabled = false (custom)
2019-10-16 08:36:09,444 [b6a38e6f-30d2-489f-b507-9253c85dd42d@group-8B113797598C-LeaderElection73] INFO  impl.RoleInfo (RoleInfo.java:updateAndGet(143)) - b6a38e6f-30d2-489f-b507-9253c85dd42d: start LeaderState
2019-10-16 08:36:09,445 [b6a38e6f-30d2-489f-b507-9253c85dd42d@group-8B113797598C-LeaderElection73] INFO  segmented.SegmentedRaftLogWorker (SegmentedRaftLogWorker.java:startLogSegment(385)) - b6a38e6f-30d2-489f-b507-9253c85dd42d@group-8B113797598C-SegmentedRaftLogWorker: Starting segment from index:0
2019-10-16 08:36:09,446 [b6a38e6f-30d2-489f-b507-9253c85dd42d@group-8B113797598C-LeaderElection73] INFO  impl.RaftServerImpl (ServerState.java:setRaftConf(357)) - b6a38e6f-30d2-489f-b507-9253c85dd42d@group-8B113797598C: set configuration 0: [b6a38e6f-30d2-489f-b507-9253c85dd42d:192.168.34.43:37329, cf7616c0-b7a9-46d3-a120-555ec0bb4231:192.168.34.43:39054, 0ef9c181-c357-4b80-9f89-54102192c238:192.168.34.43:36765], old=null at 0
2019-10-16 08:36:09,449 [grpc-default-executor-4] INFO  impl.RaftServerImpl (ServerState.java:setLeader(256)) - cf7616c0-b7a9-46d3-a120-555ec0bb4231@group-8B113797598C: change Leader from null to b6a38e6f-30d2-489f-b507-9253c85dd42d at term 3 for appendEntries, leader elected after 194ms
2019-10-16 08:36:09,452 [grpc-default-executor-4] INFO  impl.RaftServerImpl (ServerState.java:setRaftConf(357)) - cf7616c0-b7a9-46d3-a120-555ec0bb4231@group-8B113797598C: set configuration 0: [b6a38e6f-30d2-489f-b507-9253c85dd42d:192.168.34.43:37329, cf7616c0-b7a9-46d3-a120-555ec0bb4231:192.168.34.43:39054, 0ef9c181-c357-4b80-9f89-54102192c238:192.168.34.43:36765], old=null at 0
2019-10-16 08:36:09,452 [grpc-default-executor-4] INFO  segmented.SegmentedRaftLogWorker (SegmentedRaftLogWorker.java:startLogSegment(385)) - cf7616c0-b7a9-46d3-a120-555ec0bb4231@group-8B113797598C-SegmentedRaftLogWorker: Starting segment from index:0
2019-10-16 08:36:09,461 [0ef9c181-c357-4b80-9f89-54102192c238@group-8B113797598C-SegmentedRaftLogWorker] INFO  segmented.SegmentedRaftLogWorker (SegmentedRaftLogWorker.java:execute(576)) - 0ef9c181-c357-4b80-9f89-54102192c238@group-8B113797598C-SegmentedRaftLogWorker: created new log segment /workdir/hadoop-ozone/ozonefs/target/test-dir/MiniOzoneClusterImpl-a4f49011-21f0-48c2-b9b9-375256d173f4/datanode-0/data/ratis/2ac21983-d214-49b1-addb-8b113797598c/current/log_inprogress_0
2019-10-16 08:36:09,461 [grpc-default-executor-0] INFO  impl.RaftServerImpl (ServerState.java:setLeader(256)) - 0ef9c181-c357-4b80-9f89-54102192c238@group-8B113797598C: change Leader from null to b6a38e6f-30d2-489f-b507-9253c85dd42d at term 3 for appendEntries, leader elected after 70ms
2019-10-16 08:36:09,461 [grpc-default-executor-2] INFO  server.GrpcLogAppender (GrpcLogAppender.java:onCompleted(308)) - 0ef9c181-c357-4b80-9f89-54102192c238@group-8B113797598C->b6a38e6f-30d2-489f-b507-9253c85dd42d-AppendLogResponseHandler: follower responses appendEntries COMPLETED
2019-10-16 08:36:09,461 [grpc-default-executor-3] INFO  server.GrpcLogAppender (GrpcLogAppender.java:onCompleted(308)) - 0ef9c181-c357-4b80-9f89-54102192c238@group-8B113797598C->cf7616c0-b7a9-46d3-a120-555ec0bb4231-AppendLogResponseHandler: follower responses appendEntries COMPLETED
2019-10-16 08:36:09,493 [grpc-default-executor-2] INFO  impl.FollowerInfo (FollowerInfo.java:lambda$new$0(51)) - 0ef9c181-c357-4b80-9f89-54102192c238@group-8B113797598C->b6a38e6f-30d2-489f-b507-9253c85dd42d: nextIndex: updateUnconditionally 0 -> 0
2019-10-16 08:36:09,495 [grpc-default-executor-3] INFO  impl.FollowerInfo (FollowerInfo.java:lambda$new$0(51)) - 0ef9c181-c357-4b80-9f89-54102192c238@group-8B113797598C->cf7616c0-b7a9-46d3-a120-555ec0bb4231: nextIndex: updateUnconditionally 0 -> 0
2019-10-16 08:36:09,497 [grpc-default-executor-3] INFO  impl.RaftServerImpl (ServerState.java:setRaftConf(357)) - 0ef9c181-c357-4b80-9f89-54102192c238@group-8B113797598C: set configuration 0: [b6a38e6f-30d2-489f-b507-9253c85dd42d:192.168.34.43:37329, cf7616c0-b7a9-46d3-a120-555ec0bb4231:192.168.34.43:39054, 0ef9c181-c357-4b80-9f89-54102192c238:192.168.34.43:36765], old=null at 0
2019-10-16 08:36:09,497 [grpc-default-executor-3] INFO  segmented.SegmentedRaftLogWorker (SegmentedRaftLogWorker.java:truncate(401)) - 0ef9c181-c357-4b80-9f89-54102192c238@group-8B113797598C-SegmentedRaftLogWorker: Truncating segments toTruncate: null
  toDelete: [(0, 0) isOpen? true, length=0, newEndIndex=-1], start index 0
2019-10-16 08:36:09,497 [grpc-default-executor-3] INFO  segmented.SegmentedRaftLogWorker (SegmentedRaftLogWorker.java:startLogSegment(385)) - 0ef9c181-c357-4b80-9f89-54102192c238@group-8B113797598C-SegmentedRaftLogWorker: Starting segment from index:0
2019-10-16 08:36:09,498 [0ef9c181-c357-4b80-9f89-54102192c238@group-8B113797598C-SegmentedRaftLogWorker] INFO  segmented.SegmentedRaftLogWorker (SegmentedRaftLogWorker.java:execute(640)) - 0ef9c181-c357-4b80-9f89-54102192c238@group-8B113797598C-SegmentedRaftLogWorker: Deleted log file /workdir/hadoop-ozone/ozonefs/target/test-dir/MiniOzoneClusterImpl-a4f49011-21f0-48c2-b9b9-375256d173f4/datanode-0/data/ratis/2ac21983-d214-49b1-addb-8b113797598c/current/log_inprogress_0
2019-10-16 08:36:09,498 [0ef9c181-c357-4b80-9f89-54102192c238@group-8B113797598C-SegmentedRaftLogWorker] INFO  segmented.SegmentedRaftLogWorker (SegmentedRaftLogWorker.java:lambda$new$0(128)) - 0ef9c181-c357-4b80-9f89-54102192c238@group-8B113797598C-SegmentedRaftLogWorker: flushIndex: setUnconditionally 0 -> -1
2019-10-16 08:36:09,502 [b6a38e6f-30d2-489f-b507-9253c85dd42d@group-8B113797598C-SegmentedRaftLogWorker] INFO  segmented.SegmentedRaftLogWorker (SegmentedRaftLogWorker.java:execute(576)) - b6a38e6f-30d2-489f-b507-9253c85dd42d@group-8B113797598C-SegmentedRaftLogWorker: created new log segment /workdir/hadoop-ozone/ozonefs/target/test-dir/MiniOzoneClusterImpl-a4f49011-21f0-48c2-b9b9-375256d173f4/datanode-2/data/ratis/2ac21983-d214-49b1-addb-8b113797598c/current/log_inprogress_0
2019-10-16 08:36:09,502 [cf7616c0-b7a9-46d3-a120-555ec0bb4231@group-8B113797598C-SegmentedRaftLogWorker] INFO  segmented.SegmentedRaftLogWorker (SegmentedRaftLogWorker.java:execute(576)) - cf7616c0-b7a9-46d3-a120-555ec0bb4231@group-8B113797598C-SegmentedRaftLogWorker: created new log segment /workdir/hadoop-ozone/ozonefs/target/test-dir/MiniOzoneClusterImpl-a4f49011-21f0-48c2-b9b9-375256d173f4/datanode-1/data/ratis/2ac21983-d214-49b1-addb-8b113797598c/current/log_inprogress_0
2019-10-16 08:36:09,540 [0ef9c181-c357-4b80-9f89-54102192c238@group-8B113797598C-SegmentedRaftLogWorker] INFO  segmented.SegmentedRaftLogWorker (SegmentedRaftLogWorker.java:execute(576)) - 0ef9c181-c357-4b80-9f89-54102192c238@group-8B113797598C-SegmentedRaftLogWorker: created new log segment /workdir/hadoop-ozone/ozonefs/target/test-dir/MiniOzoneClusterImpl-a4f49011-21f0-48c2-b9b9-375256d173f4/datanode-0/data/ratis/2ac21983-d214-49b1-addb-8b113797598c/current/log_inprogress_0
2019-10-16 08:36:09,922 [Datanode State Machine Thread - 0] INFO  statemachine.DatanodeStateMachine (DatanodeStateMachine.java:lambda$startDaemon$0(350)) - Ozone container server started.
2019-10-16 08:36:10,009 [Datanode State Machine Thread - 0] INFO  statemachine.DatanodeStateMachine (DatanodeStateMachine.java:lambda$startDaemon$0(350)) - Ozone container server started.
2019-10-16 08:36:10,933 [Thread-1571] INFO  container.ReplicationManager (ReplicationManager.java:start(162)) - Starting Replication Monitor Thread.
2019-10-16 08:36:10,936 [ReplicationMonitor] INFO  container.ReplicationManager (ReplicationManager.java:run(225)) - Replication Monitor Thread took 0 milliseconds for processing 1 containers.
2019-10-16 08:36:14,437 [Thread-1399] INFO  ozoneimpl.OzoneContainer (OzoneContainer.java:stop(227)) - Attempting to stop container services.
2019-10-16 08:36:14,437 [ForkJoinPool.commonPool-worker-1] INFO  ozoneimpl.OzoneContainer (OzoneContainer.java:stop(227)) - Attempting to stop container services.
2019-10-16 08:36:14,437 [Thread-1399] INFO  impl.RaftServerProxy (RaftServerProxy.java:lambda$close$4(314)) - cf7616c0-b7a9-46d3-a120-555ec0bb4231: close
2019-10-16 08:36:14,438 [ForkJoinPool.commonPool-worker-1] INFO  impl.RaftServerProxy (RaftServerProxy.java:lambda$close$4(314)) - 0ef9c181-c357-4b80-9f89-54102192c238: close
2019-10-16 08:36:14,438 [Thread-1399] INFO  impl.RaftServerImpl (RaftServerImpl.java:lambda$shutdown$3(261)) - cf7616c0-b7a9-46d3-a120-555ec0bb4231@group-57800EF4BE29: shutdown
2019-10-16 08:36:14,438 [ForkJoinPool.commonPool-worker-1] INFO  impl.RaftServerImpl (RaftServerImpl.java:lambda$shutdown$3(261)) - 0ef9c181-c357-4b80-9f89-54102192c238@group-86259E07FB5A: shutdown
2019-10-16 08:36:14,438 [Thread-1399] INFO  util.JmxRegister (JmxRegister.java:unregister(73)) - Successfully un-registered JMX Bean with object name Ratis:service=RaftServer,group=group-57800EF4BE29,id=cf7616c0-b7a9-46d3-a120-555ec0bb4231
2019-10-16 08:36:14,439 [ForkJoinPool.commonPool-worker-1] INFO  util.JmxRegister (JmxRegister.java:unregister(73)) - Successfully un-registered JMX Bean with object name Ratis:service=RaftServer,group=group-86259E07FB5A,id=0ef9c181-c357-4b80-9f89-54102192c238
2019-10-16 08:36:14,439 [Thread-1399] INFO  impl.RoleInfo (RoleInfo.java:shutdownLeaderState(104)) - cf7616c0-b7a9-46d3-a120-555ec0bb4231: shutdown LeaderState
2019-10-16 08:36:14,439 [ForkJoinPool.commonPool-worker-1] INFO  impl.RoleInfo (RoleInfo.java:shutdownLeaderState(104)) - 0ef9c181-c357-4b80-9f89-54102192c238: shutdown LeaderState
2019-10-16 08:36:14,439 [Thread-1399] INFO  impl.PendingRequests (PendingRequests.java:sendNotLeaderResponses(202)) - cf7616c0-b7a9-46d3-a120-555ec0bb4231@group-57800EF4BE29-PendingRequests: sendNotLeaderResponses
2019-10-16 08:36:14,440 [ForkJoinPool.commonPool-worker-1] INFO  impl.PendingRequests (PendingRequests.java:sendNotLeaderResponses(202)) - 0ef9c181-c357-4b80-9f89-54102192c238@group-86259E07FB5A-PendingRequests: sendNotLeaderResponses
2019-10-16 08:36:14,440 [Thread-1399] INFO  impl.StateMachineUpdater (StateMachineUpdater.java:stopAndJoin(136)) - cf7616c0-b7a9-46d3-a120-555ec0bb4231@group-57800EF4BE29-StateMachineUpdater: set stopIndex = 0
2019-10-16 08:36:14,440 [ForkJoinPool.commonPool-worker-1] INFO  impl.StateMachineUpdater (StateMachineUpdater.java:stopAndJoin(136)) - 0ef9c181-c357-4b80-9f89-54102192c238@group-86259E07FB5A-StateMachineUpdater: set stopIndex = 0
2019-10-16 08:36:14,441 [Thread-1399] INFO  impl.RaftServerImpl (ServerState.java:close(388)) - cf7616c0-b7a9-46d3-a120-555ec0bb4231@group-57800EF4BE29: closes. applyIndex: 0
2019-10-16 08:36:14,441 [ForkJoinPool.commonPool-worker-1] INFO  impl.RaftServerImpl (ServerState.java:close(388)) - 0ef9c181-c357-4b80-9f89-54102192c238@group-86259E07FB5A: closes. applyIndex: 0
2019-10-16 08:36:14,441 [cf7616c0-b7a9-46d3-a120-555ec0bb4231@group-57800EF4BE29-SegmentedRaftLogWorker] INFO  segmented.SegmentedRaftLogWorker (SegmentedRaftLogWorker.java:run(316)) - cf7616c0-b7a9-46d3-a120-555ec0bb4231@group-57800EF4BE29-SegmentedRaftLogWorker was interrupted, exiting. There are 0 tasks remaining in the queue.
2019-10-16 08:36:14,442 [0ef9c181-c357-4b80-9f89-54102192c238@group-86259E07FB5A-SegmentedRaftLogWorker] INFO  segmented.SegmentedRaftLogWorker (SegmentedRaftLogWorker.java:run(316)) - 0ef9c181-c357-4b80-9f89-54102192c238@group-86259E07FB5A-SegmentedRaftLogWorker was interrupted, exiting. There are 0 tasks remaining in the queue.
2019-10-16 08:36:14,446 [Thread-1399] INFO  segmented.SegmentedRaftLogWorker (SegmentedRaftLogWorker.java:close(224)) - cf7616c0-b7a9-46d3-a120-555ec0bb4231@group-57800EF4BE29-SegmentedRaftLogWorker close()
2019-10-16 08:36:14,446 [ForkJoinPool.commonPool-worker-1] INFO  segmented.SegmentedRaftLogWorker (SegmentedRaftLogWorker.java:close(224)) - 0ef9c181-c357-4b80-9f89-54102192c238@group-86259E07FB5A-SegmentedRaftLogWorker close()
2019-10-16 08:36:14,449 [Thread-1399] INFO  impl.RaftServerImpl (RaftServerImpl.java:lambda$shutdown$3(261)) - cf7616c0-b7a9-46d3-a120-555ec0bb4231@group-8B113797598C: shutdown
2019-10-16 08:36:14,452 [ForkJoinPool.commonPool-worker-1] INFO  impl.RaftServerImpl (RaftServerImpl.java:lambda$shutdown$3(261)) - 0ef9c181-c357-4b80-9f89-54102192c238@group-8B113797598C: shutdown
2019-10-16 08:36:14,452 [Thread-1399] INFO  util.JmxRegister (JmxRegister.java:unregister(73)) - Successfully un-registered JMX Bean with object name Ratis:service=RaftServer,group=group-8B113797598C,id=cf7616c0-b7a9-46d3-a120-555ec0bb4231
2019-10-16 08:36:14,452 [ForkJoinPool.commonPool-worker-1] INFO  util.JmxRegister (JmxRegister.java:unregister(73)) - Successfully un-registered JMX Bean with object name Ratis:service=RaftServer,group=group-8B113797598C,id=0ef9c181-c357-4b80-9f89-54102192c238
2019-10-16 08:36:14,453 [Thread-1399] INFO  impl.RoleInfo (RoleInfo.java:shutdownFollowerState(121)) - cf7616c0-b7a9-46d3-a120-555ec0bb4231: shutdown FollowerState
2019-10-16 08:36:14,453 [ForkJoinPool.commonPool-worker-1] INFO  impl.RoleInfo (RoleInfo.java:shutdownFollowerState(121)) - 0ef9c181-c357-4b80-9f89-54102192c238: shutdown FollowerState
2019-10-16 08:36:14,453 [Thread-1609] INFO  impl.FollowerState (FollowerState.java:run(117)) - cf7616c0-b7a9-46d3-a120-555ec0bb4231@group-8B113797598C-FollowerState was interrupted: java.lang.InterruptedException: sleep interrupted
2019-10-16 08:36:14,453 [Thread-1399] INFO  impl.StateMachineUpdater (StateMachineUpdater.java:stopAndJoin(136)) - cf7616c0-b7a9-46d3-a120-555ec0bb4231@group-8B113797598C-StateMachineUpdater: set stopIndex = 0
2019-10-16 08:36:14,454 [Thread-1399] INFO  impl.RaftServerImpl (ServerState.java:close(388)) - cf7616c0-b7a9-46d3-a120-555ec0bb4231@group-8B113797598C: closes. applyIndex: 0
2019-10-16 08:36:14,454 [Thread-1613] INFO  impl.FollowerState (FollowerState.java:run(117)) - 0ef9c181-c357-4b80-9f89-54102192c238@group-8B113797598C-FollowerState was interrupted: java.lang.InterruptedException: sleep interrupted
2019-10-16 08:36:14,454 [ForkJoinPool.commonPool-worker-1] INFO  impl.StateMachineUpdater (StateMachineUpdater.java:stopAndJoin(136)) - 0ef9c181-c357-4b80-9f89-54102192c238@group-8B113797598C-StateMachineUpdater: set stopIndex = 0
2019-10-16 08:36:14,455 [ForkJoinPool.commonPool-worker-1] INFO  impl.RaftServerImpl (ServerState.java:close(388)) - 0ef9c181-c357-4b80-9f89-54102192c238@group-8B113797598C: closes. applyIndex: 0
2019-10-16 08:36:14,454 [cf7616c0-b7a9-46d3-a120-555ec0bb4231@group-8B113797598C-SegmentedRaftLogWorker] INFO  segmented.SegmentedRaftLogWorker (SegmentedRaftLogWorker.java:run(316)) - cf7616c0-b7a9-46d3-a120-555ec0bb4231@group-8B113797598C-SegmentedRaftLogWorker was interrupted, exiting. There are 0 tasks remaining in the queue.
2019-10-16 08:36:14,455 [0ef9c181-c357-4b80-9f89-54102192c238@group-8B113797598C-SegmentedRaftLogWorker] INFO  segmented.SegmentedRaftLogWorker (SegmentedRaftLogWorker.java:run(316)) - 0ef9c181-c357-4b80-9f89-54102192c238@group-8B113797598C-SegmentedRaftLogWorker was interrupted, exiting. There are 0 tasks remaining in the queue.
2019-10-16 08:36:14,457 [Thread-1399] INFO  segmented.SegmentedRaftLogWorker (SegmentedRaftLogWorker.java:close(224)) - cf7616c0-b7a9-46d3-a120-555ec0bb4231@group-8B113797598C-SegmentedRaftLogWorker close()
2019-10-16 08:36:14,458 [ForkJoinPool.commonPool-worker-1] INFO  segmented.SegmentedRaftLogWorker (SegmentedRaftLogWorker.java:close(224)) - 0ef9c181-c357-4b80-9f89-54102192c238@group-8B113797598C-SegmentedRaftLogWorker close()
2019-10-16 08:36:14,461 [Thread-1399] INFO  server.GrpcService (GrpcService.java:closeImpl(164)) - cf7616c0-b7a9-46d3-a120-555ec0bb4231: shutdown server with port 39054 now
2019-10-16 08:36:14,464 [ForkJoinPool.commonPool-worker-1] INFO  server.GrpcService (GrpcService.java:closeImpl(164)) - 0ef9c181-c357-4b80-9f89-54102192c238: shutdown server with port 36765 now
2019-10-16 08:36:14,465 [grpc-default-executor-0] WARN  server.GrpcServerProtocolService (LogUtils.java:warn(134)) - cf7616c0-b7a9-46d3-a120-555ec0bb4231: installSnapshot onError, lastRequest: b6a38e6f-30d2-489f-b507-9253c85dd42d->cf7616c0-b7a9-46d3-a120-555ec0bb4231#2-t3, previous=(t:3, i:0), leaderCommit=0, initializing? false, entries: <empty>: org.apache.ratis.thirdparty.io.grpc.StatusRuntimeException: CANCELLED: cancelled before receiving half close
2019-10-16 08:36:14,465 [Thread-1399] INFO  server.GrpcService (GrpcService.java:closeImpl(172)) - cf7616c0-b7a9-46d3-a120-555ec0bb4231: shutdown server with port 39054 successfully
2019-10-16 08:36:14,465 [grpc-default-executor-1] WARN  server.GrpcLogAppender (LogUtils.java:warn(134)) - b6a38e6f-30d2-489f-b507-9253c85dd42d@group-8B113797598C->cf7616c0-b7a9-46d3-a120-555ec0bb4231-AppendLogResponseHandler: Failed appendEntries: org.apache.ratis.thirdparty.io.grpc.StatusRuntimeException: CANCELLED: HTTP/2 error code: CANCEL
Received Rst Stream
2019-10-16 08:36:14,465 [grpc-default-executor-3] WARN  server.GrpcServerProtocolService (LogUtils.java:warn(134)) - 0ef9c181-c357-4b80-9f89-54102192c238: installSnapshot onError, lastRequest: b6a38e6f-30d2-489f-b507-9253c85dd42d->0ef9c181-c357-4b80-9f89-54102192c238#2-t3, previous=(t:3, i:0), leaderCommit=0, initializing? false, entries: <empty>: org.apache.ratis.thirdparty.io.grpc.StatusRuntimeException: CANCELLED: cancelled before receiving half close
2019-10-16 08:36:14,465 [ForkJoinPool.commonPool-worker-1] INFO  server.GrpcService (GrpcService.java:closeImpl(172)) - 0ef9c181-c357-4b80-9f89-54102192c238: shutdown server with port 36765 successfully
2019-10-16 08:36:14,466 [grpc-default-executor-4] WARN  server.GrpcLogAppender (LogUtils.java:warn(134)) - b6a38e6f-30d2-489f-b507-9253c85dd42d@group-8B113797598C->0ef9c181-c357-4b80-9f89-54102192c238-AppendLogResponseHandler: Failed appendEntries: org.apache.ratis.thirdparty.io.grpc.StatusRuntimeException: CANCELLED: HTTP/2 error code: CANCEL
Received Rst Stream
2019-10-16 08:36:14,467 [refreshUsed-/workdir/hadoop-ozone/ozonefs/target/test-dir/MiniOzoneClusterImpl-a4f49011-21f0-48c2-b9b9-375256d173f4/datanode-1/data/containers] WARN  fs.CachingGetSpaceUsed (CachingGetSpaceUsed.java:run(183)) - Thread Interrupted waiting to refresh disk information: sleep interrupted
2019-10-16 08:36:14,469 [refreshUsed-/workdir/hadoop-ozone/ozonefs/target/test-dir/MiniOzoneClusterImpl-a4f49011-21f0-48c2-b9b9-375256d173f4/datanode-0/data/containers] WARN  fs.CachingGetSpaceUsed (CachingGetSpaceUsed.java:run(183)) - Thread Interrupted waiting to refresh disk information: sleep interrupted
2019-10-16 08:36:14,504 [Thread-1399] INFO  utils.BackgroundService (BackgroundService.java:shutdown(151)) - Shutting down service BlockDeletingService
2019-10-16 08:36:14,514 [Thread-1399] INFO  statemachine.DatanodeStateMachine (DatanodeStateMachine.java:stopDaemon(395)) - Ozone container server stopped.
2019-10-16 08:36:14,515 [Thread-1399] INFO  handler.ContextHandler (ContextHandler.java:doStop(910)) - Stopped o.e.j.w.WebAppContext@4be89488{/,null,UNAVAILABLE}{/hddsDatanode}
2019-10-16 08:36:14,516 [Thread-1399] INFO  server.AbstractConnector (AbstractConnector.java:doStop(318)) - Stopped ServerConnector@49ff102f{HTTP/1.1,[http/1.1]}{0.0.0.0:0}
2019-10-16 08:36:14,516 [Thread-1399] INFO  handler.ContextHandler (ContextHandler.java:doStop(910)) - Stopped o.e.j.s.ServletContextHandler@416f28b2{/static,jar:file:/home/user/.m2/repository/org/apache/hadoop/hadoop-hdds-container-service/0.5.0-SNAPSHOT/hadoop-hdds-container-service-0.5.0-SNAPSHOT.jar!/webapps/static,UNAVAILABLE}
2019-10-16 08:36:14,517 [Thread-1399] INFO  handler.ContextHandler (ContextHandler.java:doStop(910)) - Stopped o.e.j.s.ServletContextHandler@76da2902{/logs,file:///workdir/hadoop-ozone/ozonefs/target/log,UNAVAILABLE}
2019-10-16 08:36:14,517 [ForkJoinPool.commonPool-worker-1] INFO  utils.BackgroundService (BackgroundService.java:shutdown(151)) - Shutting down service BlockDeletingService
2019-10-16 08:36:14,521 [ForkJoinPool.commonPool-worker-1] INFO  statemachine.DatanodeStateMachine (DatanodeStateMachine.java:stopDaemon(395)) - Ozone container server stopped.
2019-10-16 08:36:14,524 [ForkJoinPool.commonPool-worker-1] INFO  handler.ContextHandler (ContextHandler.java:doStop(910)) - Stopped o.e.j.w.WebAppContext@57531eb2{/,null,UNAVAILABLE}{/hddsDatanode}
2019-10-16 08:36:14,525 [ForkJoinPool.commonPool-worker-1] INFO  server.AbstractConnector (AbstractConnector.java:doStop(318)) - Stopped ServerConnector@65de02e1{HTTP/1.1,[http/1.1]}{0.0.0.0:0}
2019-10-16 08:36:14,526 [ForkJoinPool.commonPool-worker-1] INFO  handler.ContextHandler (ContextHandler.java:doStop(910)) - Stopped o.e.j.s.ServletContextHandler@8720a29{/static,jar:file:/home/user/.m2/repository/org/apache/hadoop/hadoop-hdds-container-service/0.5.0-SNAPSHOT/hadoop-hdds-container-service-0.5.0-SNAPSHOT.jar!/webapps/static,UNAVAILABLE}
2019-10-16 08:36:14,527 [ForkJoinPool.commonPool-worker-1] INFO  handler.ContextHandler (ContextHandler.java:doStop(910)) - Stopped o.e.j.s.ServletContextHandler@75446408{/logs,file:///workdir/hadoop-ozone/ozonefs/target/log,UNAVAILABLE}
2019-10-16 08:36:15,081 [Datanode State Machine Thread - 0] INFO  statemachine.DatanodeStateMachine (DatanodeStateMachine.java:lambda$startDaemon$0(350)) - Ozone container server started.
2019-10-16 08:36:17,515 [java.util.concurrent.ThreadPoolExecutor$Worker@2d22dcc8[State = -1, empty queue]] WARN  server.GrpcLogAppender (GrpcLogAppender.java:timeoutAppendRequest(209)) - b6a38e6f-30d2-489f-b507-9253c85dd42d@group-8B113797598C->cf7616c0-b7a9-46d3-a120-555ec0bb4231-GrpcLogAppender: appendEntries Timeout, request=b6a38e6f-30d2-489f-b507-9253c85dd42d->cf7616c0-b7a9-46d3-a120-555ec0bb4231#3-t3, previous=(t:3, i:0), leaderCommit=0, initializing? false, entries: <empty>
2019-10-16 08:36:17,558 [java.util.concurrent.ThreadPoolExecutor$Worker@17e319cf[State = -1, empty queue]] WARN  server.GrpcLogAppender (GrpcLogAppender.java:timeoutAppendRequest(209)) - b6a38e6f-30d2-489f-b507-9253c85dd42d@group-8B113797598C->0ef9c181-c357-4b80-9f89-54102192c238-GrpcLogAppender: appendEntries Timeout, request=b6a38e6f-30d2-489f-b507-9253c85dd42d->0ef9c181-c357-4b80-9f89-54102192c238#3-t3, previous=(t:3, i:0), leaderCommit=0, initializing? false, entries: <empty>
2019-10-16 08:36:19,518 [Thread-1399] INFO  ozoneimpl.OzoneContainer (OzoneContainer.java:stop(227)) - Attempting to stop container services.
2019-10-16 08:36:19,519 [Thread-1399] INFO  impl.RaftServerProxy (RaftServerProxy.java:lambda$close$4(314)) - b6a38e6f-30d2-489f-b507-9253c85dd42d: close
2019-10-16 08:36:19,519 [Thread-1399] INFO  impl.RaftServerImpl (RaftServerImpl.java:lambda$shutdown$3(261)) - b6a38e6f-30d2-489f-b507-9253c85dd42d@group-8B113797598C: shutdown
2019-10-16 08:36:19,519 [Thread-1399] INFO  util.JmxRegister (JmxRegister.java:unregister(73)) - Successfully un-registered JMX Bean with object name Ratis:service=RaftServer,group=group-8B113797598C,id=b6a38e6f-30d2-489f-b507-9253c85dd42d
2019-10-16 08:36:19,520 [Thread-1399] INFO  impl.RoleInfo (RoleInfo.java:shutdownLeaderState(104)) - b6a38e6f-30d2-489f-b507-9253c85dd42d: shutdown LeaderState
2019-10-16 08:36:19,523 [org.apache.ratis.server.impl.LogAppender$AppenderDaemon$$Lambda$430/1408672603@79ff07ba] WARN  server.GrpcLogAppender (GrpcLogAppender.java:mayWait(149)) - b6a38e6f-30d2-489f-b507-9253c85dd42d@group-8B113797598C->cf7616c0-b7a9-46d3-a120-555ec0bb4231-GrpcLogAppender: Wait interrupted by java.lang.InterruptedException
2019-10-16 08:36:19,523 [Thread-1399] INFO  impl.PendingRequests (PendingRequests.java:sendNotLeaderResponses(202)) - b6a38e6f-30d2-489f-b507-9253c85dd42d@group-8B113797598C-PendingRequests: sendNotLeaderResponses
2019-10-16 08:36:19,523 [org.apache.ratis.server.impl.LogAppender$AppenderDaemon$$Lambda$430/1408672603@29b64004] WARN  server.GrpcLogAppender (GrpcLogAppender.java:mayWait(149)) - b6a38e6f-30d2-489f-b507-9253c85dd42d@group-8B113797598C->0ef9c181-c357-4b80-9f89-54102192c238-GrpcLogAppender: Wait interrupted by java.lang.InterruptedException
2019-10-16 08:36:19,523 [Thread-1399] INFO  impl.StateMachineUpdater (StateMachineUpdater.java:stopAndJoin(136)) - b6a38e6f-30d2-489f-b507-9253c85dd42d@group-8B113797598C-StateMachineUpdater: set stopIndex = 0
2019-10-16 08:36:19,524 [Thread-1399] INFO  impl.RaftServerImpl (ServerState.java:close(388)) - b6a38e6f-30d2-489f-b507-9253c85dd42d@group-8B113797598C: closes. applyIndex: 0
2019-10-16 08:36:19,524 [b6a38e6f-30d2-489f-b507-9253c85dd42d@group-8B113797598C-SegmentedRaftLogWorker] INFO  segmented.SegmentedRaftLogWorker (SegmentedRaftLogWorker.java:run(316)) - b6a38e6f-30d2-489f-b507-9253c85dd42d@group-8B113797598C-SegmentedRaftLogWorker was interrupted, exiting. There are 0 tasks remaining in the queue.
2019-10-16 08:36:19,526 [Thread-1399] INFO  segmented.SegmentedRaftLogWorker (SegmentedRaftLogWorker.java:close(224)) - b6a38e6f-30d2-489f-b507-9253c85dd42d@group-8B113797598C-SegmentedRaftLogWorker close()
2019-10-16 08:36:19,528 [Thread-1399] INFO  server.GrpcService (GrpcService.java:closeImpl(164)) - b6a38e6f-30d2-489f-b507-9253c85dd42d: shutdown server with port 37329 now
2019-10-16 08:36:19,531 [Thread-1399] INFO  server.GrpcService (GrpcService.java:closeImpl(172)) - b6a38e6f-30d2-489f-b507-9253c85dd42d: shutdown server with port 37329 successfully
2019-10-16 08:36:19,538 [refreshUsed-/workdir/hadoop-ozone/ozonefs/target/test-dir/MiniOzoneClusterImpl-a4f49011-21f0-48c2-b9b9-375256d173f4/datanode-2/data/containers] WARN  fs.CachingGetSpaceUsed (CachingGetSpaceUsed.java:run(183)) - Thread Interrupted waiting to refresh disk information: sleep interrupted
2019-10-16 08:36:19,563 [Thread-1399] INFO  utils.BackgroundService (BackgroundService.java:shutdown(151)) - Shutting down service BlockDeletingService
2019-10-16 08:36:19,566 [Thread-1399] INFO  statemachine.DatanodeStateMachine (DatanodeStateMachine.java:stopDaemon(395)) - Ozone container server stopped.
2019-10-16 08:36:19,579 [Thread-1399] INFO  handler.ContextHandler (ContextHandler.java:doStop(910)) - Stopped o.e.j.w.WebAppContext@62f43a15{/,null,UNAVAILABLE}{/hddsDatanode}
2019-10-16 08:36:19,580 [Thread-1399] INFO  server.AbstractConnector (AbstractConnector.java:doStop(318)) - Stopped ServerConnector@349b26c2{HTTP/1.1,[http/1.1]}{0.0.0.0:0}
2019-10-16 08:36:19,580 [Thread-1399] INFO  handler.ContextHandler (ContextHandler.java:doStop(910)) - Stopped o.e.j.s.ServletContextHandler@d95f4{/static,jar:file:/home/user/.m2/repository/org/apache/hadoop/hadoop-hdds-container-service/0.5.0-SNAPSHOT/hadoop-hdds-container-service-0.5.0-SNAPSHOT.jar!/webapps/static,UNAVAILABLE}
2019-10-16 08:36:19,581 [Thread-1399] INFO  handler.ContextHandler (ContextHandler.java:doStop(910)) - Stopped o.e.j.s.ServletContextHandler@bdd8871{/logs,file:///workdir/hadoop-ozone/ozonefs/target/log,UNAVAILABLE}
2019-10-16 08:36:19,582 [Thread-1399] INFO  ozone.MiniOzoneClusterImpl (MiniOzoneClusterImpl.java:stopSCM(392)) - Stopping the StorageContainerManager
2019-10-16 08:36:19,582 [Thread-1399] INFO  server.StorageContainerManager (StorageContainerManager.java:stop(810)) - Stopping Replication Manager Service.
2019-10-16 08:36:19,582 [Thread-1399] INFO  container.ReplicationManager (ReplicationManager.java:stop(203)) - Stopping Replication Monitor Thread.
2019-10-16 08:36:19,582 [Thread-1399] INFO  server.StorageContainerManager (StorageContainerManager.java:stop(817)) - Stopping Lease Manager of the command watchers
2019-10-16 08:36:19,582 [Thread-1399] INFO  server.StorageContainerManager (StorageContainerManager.java:stop(824)) - Stopping datanode service RPC server
2019-10-16 08:36:19,582 [Thread-1399] INFO  server.SCMDatanodeProtocolServer (SCMDatanodeProtocolServer.java:stop(346)) - Stopping the RPC server for DataNodes
2019-10-16 08:36:19,583 [Thread-1399] INFO  ipc.Server (Server.java:stop(3082)) - Stopping server on 42775
2019-10-16 08:36:19,583 [IPC Server listener on 42775] INFO  ipc.Server (Server.java:run(1185)) - Stopping IPC Server listener on 42775
2019-10-16 08:36:19,585 [IPC Server Responder] INFO  ipc.Server (Server.java:run(1319)) - Stopping IPC Server Responder
2019-10-16 08:36:19,604 [SCM Heartbeat Processing Thread - 0] WARN  node.NodeStateManager (NodeStateManager.java:scheduleNextHealthCheck(646)) - Current Thread is interrupted, shutting down HB processing thread for Node Manager.
2019-10-16 08:36:19,605 [Thread-1399] INFO  server.StorageContainerManager (StorageContainerManager.java:stop(832)) - Stopping block service RPC server
2019-10-16 08:36:19,605 [Thread-1399] INFO  server.SCMBlockProtocolServer (SCMBlockProtocolServer.java:stop(155)) - Stopping the RPC server for Block Protocol
2019-10-16 08:36:19,605 [Thread-1399] INFO  ipc.Server (Server.java:stop(3082)) - Stopping server on 40122
2019-10-16 08:36:19,610 [Thread-1399] INFO  server.StorageContainerManager (StorageContainerManager.java:stop(839)) - Stopping the StorageContainerLocationProtocol RPC server
2019-10-16 08:36:19,610 [IPC Server Responder] INFO  ipc.Server (Server.java:run(1319)) - Stopping IPC Server Responder
2019-10-16 08:36:19,610 [Thread-1399] INFO  server.SCMClientProtocolServer (SCMClientProtocolServer.java:stop(168)) - Stopping the RPC server for Client Protocol
2019-10-16 08:36:19,611 [Thread-1399] INFO  ipc.Server (Server.java:stop(3082)) - Stopping server on 40387
2019-10-16 08:36:19,610 [IPC Server listener on 40122] INFO  ipc.Server (Server.java:run(1185)) - Stopping IPC Server listener on 40122
2019-10-16 08:36:19,613 [IPC Server listener on 40387] INFO  ipc.Server (Server.java:run(1185)) - Stopping IPC Server listener on 40387
2019-10-16 08:36:19,614 [IPC Server Responder] INFO  ipc.Server (Server.java:run(1319)) - Stopping IPC Server Responder
2019-10-16 08:36:19,613 [Thread-1399] INFO  server.StorageContainerManager (StorageContainerManager.java:stop(846)) - Stopping Storage Container Manager HTTP server.
2019-10-16 08:36:19,616 [Thread-1399] INFO  handler.ContextHandler (ContextHandler.java:doStop(910)) - Stopped o.e.j.w.WebAppContext@4898b167{/,null,UNAVAILABLE}{/scm}
2019-10-16 08:36:19,617 [Thread-1399] INFO  server.AbstractConnector (AbstractConnector.java:doStop(318)) - Stopped ServerConnector@24a1d0b5{HTTP/1.1,[http/1.1]}{0.0.0.0:0}
2019-10-16 08:36:19,617 [Thread-1399] INFO  handler.ContextHandler (ContextHandler.java:doStop(910)) - Stopped o.e.j.s.ServletContextHandler@7b53c699{/static,jar:file:/home/user/.m2/repository/org/apache/hadoop/hadoop-hdds-server-scm/0.5.0-SNAPSHOT/hadoop-hdds-server-scm-0.5.0-SNAPSHOT.jar!/webapps/static,UNAVAILABLE}
2019-10-16 08:36:19,617 [Thread-1399] INFO  handler.ContextHandler (ContextHandler.java:doStop(910)) - Stopped o.e.j.s.ServletContextHandler@775de150{/logs,file:///workdir/hadoop-ozone/ozonefs/target/log,UNAVAILABLE}
2019-10-16 08:36:19,618 [Thread-1399] INFO  server.StorageContainerManager (StorageContainerManager.java:stop(857)) - Stopping Block Manager Service.
2019-10-16 08:36:19,618 [Thread-1399] INFO  utils.BackgroundService (BackgroundService.java:shutdown(151)) - Shutting down service SCMBlockDeletingService
2019-10-16 08:36:19,618 [Thread-1399] INFO  utils.BackgroundService (BackgroundService.java:shutdown(151)) - Shutting down service SCMBlockDeletingService
2019-10-16 08:36:19,618 [Thread-1399] INFO  server.StorageContainerManager (StorageContainerManager.java:stop(879)) - Stopping SCM Event Queue.
2019-10-16 08:36:19,623 [Thread-1399] INFO  impl.MetricsSystemImpl (MetricsSystemImpl.java:stop(210)) - Stopping HddsDatanode metrics system...
2019-10-16 08:36:19,628 [Thread-1399] INFO  impl.MetricsSystemImpl (MetricsSystemImpl.java:stop(216)) - HddsDatanode metrics system stopped.
]]></system-out>
    <system-err><![CDATA[Oct 16, 2019 8:36:14 AM org.apache.ratis.thirdparty.io.grpc.internal.SerializingExecutor run
SEVERE: Exception while executing runnable org.apache.ratis.thirdparty.io.grpc.internal.ServerImpl$JumpToApplicationThreadServerStreamListener$1Closed@f56aff4
org.apache.ratis.thirdparty.io.grpc.StatusRuntimeException: CANCELLED: call already cancelled
	at org.apache.ratis.thirdparty.io.grpc.Status.asRuntimeException(Status.java:517)
	at org.apache.ratis.thirdparty.io.grpc.stub.ServerCalls$ServerCallStreamObserverImpl.onCompleted(ServerCalls.java:356)
	at org.apache.ratis.grpc.server.GrpcServerProtocolService$ServerRequestStreamObserver.onError(GrpcServerProtocolService.java:121)
	at org.apache.ratis.thirdparty.io.grpc.stub.ServerCalls$StreamingServerCallHandler$StreamingServerCallListener.onCancel(ServerCalls.java:269)
	at org.apache.ratis.thirdparty.io.grpc.internal.ServerCallImpl$ServerStreamListenerImpl.closed(ServerCallImpl.java:293)
	at org.apache.ratis.thirdparty.io.grpc.internal.ServerImpl$JumpToApplicationThreadServerStreamListener$1Closed.runInContext(ServerImpl.java:741)
	at org.apache.ratis.thirdparty.io.grpc.internal.ContextRunnable.run(ContextRunnable.java:37)
	at org.apache.ratis.thirdparty.io.grpc.internal.SerializingExecutor.run(SerializingExecutor.java:123)
	at java.util.concurrent.ThreadPoolExecutor.runWorker(ThreadPoolExecutor.java:1149)
	at java.util.concurrent.ThreadPoolExecutor$Worker.run(ThreadPoolExecutor.java:624)
	at java.lang.Thread.run(Thread.java:748)

Oct 16, 2019 8:36:14 AM org.apache.ratis.thirdparty.io.grpc.internal.SerializingExecutor run
SEVERE: Exception while executing runnable org.apache.ratis.thirdparty.io.grpc.internal.ServerImpl$JumpToApplicationThreadServerStreamListener$1Closed@23c2aa94
org.apache.ratis.thirdparty.io.grpc.StatusRuntimeException: CANCELLED: call already cancelled
	at org.apache.ratis.thirdparty.io.grpc.Status.asRuntimeException(Status.java:517)
	at org.apache.ratis.thirdparty.io.grpc.stub.ServerCalls$ServerCallStreamObserverImpl.onCompleted(ServerCalls.java:356)
	at org.apache.ratis.grpc.server.GrpcServerProtocolService$ServerRequestStreamObserver.onError(GrpcServerProtocolService.java:121)
	at org.apache.ratis.thirdparty.io.grpc.stub.ServerCalls$StreamingServerCallHandler$StreamingServerCallListener.onCancel(ServerCalls.java:269)
	at org.apache.ratis.thirdparty.io.grpc.internal.ServerCallImpl$ServerStreamListenerImpl.closed(ServerCallImpl.java:293)
	at org.apache.ratis.thirdparty.io.grpc.internal.ServerImpl$JumpToApplicationThreadServerStreamListener$1Closed.runInContext(ServerImpl.java:741)
	at org.apache.ratis.thirdparty.io.grpc.internal.ContextRunnable.run(ContextRunnable.java:37)
	at org.apache.ratis.thirdparty.io.grpc.internal.SerializingExecutor.run(SerializingExecutor.java:123)
	at java.util.concurrent.ThreadPoolExecutor.runWorker(ThreadPoolExecutor.java:1149)
	at java.util.concurrent.ThreadPoolExecutor$Worker.run(ThreadPoolExecutor.java:624)
	at java.lang.Thread.run(Thread.java:748)

Oct 16, 2019 8:36:14 AM org.apache.ratis.thirdparty.io.grpc.internal.SerializingExecutor run
SEVERE: Exception while executing runnable org.apache.ratis.thirdparty.io.grpc.internal.ClientCallImpl$ClientStreamListenerImpl$1StreamClosed@75a5838f
java.lang.NullPointerException
	at org.apache.ratis.grpc.server.GrpcLogAppender$AppendLogResponseHandler.onError(GrpcLogAppender.java:303)
	at org.apache.ratis.thirdparty.io.grpc.stub.ClientCalls$StreamObserverToCallListenerAdapter.onClose(ClientCalls.java:434)
	at org.apache.ratis.thirdparty.io.grpc.PartialForwardingClientCallListener.onClose(PartialForwardingClientCallListener.java:39)
	at org.apache.ratis.thirdparty.io.grpc.ForwardingClientCallListener.onClose(ForwardingClientCallListener.java:23)
	at org.apache.ratis.thirdparty.io.grpc.ForwardingClientCallListener$SimpleForwardingClientCallListener.onClose(ForwardingClientCallListener.java:40)
	at org.apache.ratis.thirdparty.io.grpc.internal.CensusStatsModule$StatsClientInterceptor$1$1.onClose(CensusStatsModule.java:678)
	at org.apache.ratis.thirdparty.io.grpc.PartialForwardingClientCallListener.onClose(PartialForwardingClientCallListener.java:39)
	at org.apache.ratis.thirdparty.io.grpc.ForwardingClientCallListener.onClose(ForwardingClientCallListener.java:23)
	at org.apache.ratis.thirdparty.io.grpc.ForwardingClientCallListener$SimpleForwardingClientCallListener.onClose(ForwardingClientCallListener.java:40)
	at org.apache.ratis.thirdparty.io.grpc.internal.CensusTracingModule$TracingClientInterceptor$1$1.onClose(CensusTracingModule.java:397)
	at org.apache.ratis.thirdparty.io.grpc.internal.ClientCallImpl.closeObserver(ClientCallImpl.java:459)
	at org.apache.ratis.thirdparty.io.grpc.internal.ClientCallImpl.access$300(ClientCallImpl.java:63)
	at org.apache.ratis.thirdparty.io.grpc.internal.ClientCallImpl$ClientStreamListenerImpl.close(ClientCallImpl.java:546)
	at org.apache.ratis.thirdparty.io.grpc.internal.ClientCallImpl$ClientStreamListenerImpl.access$600(ClientCallImpl.java:467)
	at org.apache.ratis.thirdparty.io.grpc.internal.ClientCallImpl$ClientStreamListenerImpl$1StreamClosed.runInContext(ClientCallImpl.java:584)
	at org.apache.ratis.thirdparty.io.grpc.internal.ContextRunnable.run(ContextRunnable.java:37)
	at org.apache.ratis.thirdparty.io.grpc.internal.SerializingExecutor.run(SerializingExecutor.java:123)
	at java.util.concurrent.ThreadPoolExecutor.runWorker(ThreadPoolExecutor.java:1149)
	at java.util.concurrent.ThreadPoolExecutor$Worker.run(ThreadPoolExecutor.java:624)
	at java.lang.Thread.run(Thread.java:748)

Oct 16, 2019 8:36:14 AM org.apache.ratis.thirdparty.io.grpc.internal.SerializingExecutor run
SEVERE: Exception while executing runnable org.apache.ratis.thirdparty.io.grpc.internal.ClientCallImpl$ClientStreamListenerImpl$1StreamClosed@af4ab97
java.lang.NullPointerException
	at org.apache.ratis.grpc.server.GrpcLogAppender$AppendLogResponseHandler.onError(GrpcLogAppender.java:303)
	at org.apache.ratis.thirdparty.io.grpc.stub.ClientCalls$StreamObserverToCallListenerAdapter.onClose(ClientCalls.java:434)
	at org.apache.ratis.thirdparty.io.grpc.PartialForwardingClientCallListener.onClose(PartialForwardingClientCallListener.java:39)
	at org.apache.ratis.thirdparty.io.grpc.ForwardingClientCallListener.onClose(ForwardingClientCallListener.java:23)
	at org.apache.ratis.thirdparty.io.grpc.ForwardingClientCallListener$SimpleForwardingClientCallListener.onClose(ForwardingClientCallListener.java:40)
	at org.apache.ratis.thirdparty.io.grpc.internal.CensusStatsModule$StatsClientInterceptor$1$1.onClose(CensusStatsModule.java:678)
	at org.apache.ratis.thirdparty.io.grpc.PartialForwardingClientCallListener.onClose(PartialForwardingClientCallListener.java:39)
	at org.apache.ratis.thirdparty.io.grpc.ForwardingClientCallListener.onClose(ForwardingClientCallListener.java:23)
	at org.apache.ratis.thirdparty.io.grpc.ForwardingClientCallListener$SimpleForwardingClientCallListener.onClose(ForwardingClientCallListener.java:40)
	at org.apache.ratis.thirdparty.io.grpc.internal.CensusTracingModule$TracingClientInterceptor$1$1.onClose(CensusTracingModule.java:397)
	at org.apache.ratis.thirdparty.io.grpc.internal.ClientCallImpl.closeObserver(ClientCallImpl.java:459)
	at org.apache.ratis.thirdparty.io.grpc.internal.ClientCallImpl.access$300(ClientCallImpl.java:63)
	at org.apache.ratis.thirdparty.io.grpc.internal.ClientCallImpl$ClientStreamListenerImpl.close(ClientCallImpl.java:546)
	at org.apache.ratis.thirdparty.io.grpc.internal.ClientCallImpl$ClientStreamListenerImpl.access$600(ClientCallImpl.java:467)
	at org.apache.ratis.thirdparty.io.grpc.internal.ClientCallImpl$ClientStreamListenerImpl$1StreamClosed.runInContext(ClientCallImpl.java:584)
	at org.apache.ratis.thirdparty.io.grpc.internal.ContextRunnable.run(ContextRunnable.java:37)
	at org.apache.ratis.thirdparty.io.grpc.internal.SerializingExecutor.run(SerializingExecutor.java:123)
	at java.util.concurrent.ThreadPoolExecutor.runWorker(ThreadPoolExecutor.java:1149)
	at java.util.concurrent.ThreadPoolExecutor$Worker.run(ThreadPoolExecutor.java:624)
	at java.lang.Thread.run(Thread.java:748)

]]></system-err>
  </testcase>
  <testcase name="testNonExplicitlyCreatedPathExistsAfterItsLeafsWereRemoved" classname="org.apache.hadoop.fs.ozone.TestOzoneFileSystem" time="17.681"/>
  <testcase name="testListStatusOnLargeDirectory" classname="org.apache.hadoop.fs.ozone.TestOzoneFileSystem" time="21.959"/>
</testsuite>